<?xml version="1.0" encoding="UTF-8"?>
<testsuite name="io.atomix.protocols.raft.RaftTest" time="340.499" tests="65" errors="1" skipped="1" failures="0">
  <properties>
    <property name="java.runtime.name" value="OpenJDK Runtime Environment"/>
    <property name="sun.boot.library.path" value="/usr/lib/jvm/java-8-openjdk-amd64/jre/lib/amd64"/>
    <property name="java.vm.version" value="25.121-b13"/>
    <property name="java.vm.vendor" value="Oracle Corporation"/>
    <property name="maven.multiModuleProjectDirectory" value="/root/workspace/atomix/atomix/390271144"/>
    <property name="java.vendor.url" value="http://java.oracle.com/"/>
    <property name="path.separator" value=":"/>
    <property name="guice.disable.misplaced.annotation.check" value="true"/>
    <property name="skip.gulp" value="true"/>
    <property name="java.vm.name" value="OpenJDK 64-Bit Server VM"/>
    <property name="file.encoding.pkg" value="sun.io"/>
    <property name="sun.java.launcher" value="SUN_STANDARD"/>
    <property name="sun.os.patch.level" value="unknown"/>
    <property name="findbugs.skip" value="true"/>
    <property name="java.vm.specification.name" value="Java Virtual Machine Specification"/>
    <property name="user.dir" value="/root/workspace/atomix/atomix/390271144"/>
    <property name="checkstyle.skip" value="true"/>
    <property name="java.runtime.version" value="1.8.0_121-8u121-b13-1~bpo8+1-b13"/>
    <property name="java.awt.graphicsenv" value="sun.awt.X11GraphicsEnvironment"/>
    <property name="skip.npm" value="true"/>
    <property name="java.endorsed.dirs" value="/usr/lib/jvm/java-8-openjdk-amd64/jre/lib/endorsed"/>
    <property name="os.arch" value="amd64"/>
    <property name="java.io.tmpdir" value="/tmp"/>
    <property name="gpg.skip" value="true"/>
    <property name="line.separator" value="&#10;"/>
    <property name="java.vm.specification.vendor" value="Oracle Corporation"/>
    <property name="cobertura.skip" value="true"/>
    <property name="os.name" value="Linux"/>
    <property name="classworlds.conf" value="/usr/share/maven/bin/m2.conf"/>
    <property name="sun.jnu.encoding" value="UTF-8"/>
    <property name="java.library.path" value="/usr/java/packages/lib/amd64:/usr/lib/x86_64-linux-gnu/jni:/lib/x86_64-linux-gnu:/usr/lib/x86_64-linux-gnu:/usr/lib/jni:/lib:/usr/lib"/>
    <property name="license.skip" value="true"/>
    <property name="java.specification.name" value="Java Platform API Specification"/>
    <property name="java.class.version" value="52.0"/>
    <property name="sun.management.compiler" value="HotSpot 64-Bit Tiered Compilers"/>
    <property name="skip.bower" value="true"/>
    <property name="maven.repo.local" value="/root/./workspace/atomix/atomix/390271144/.m2"/>
    <property name="os.version" value="3.10.0-862.3.2.el7.x86_64"/>
    <property name="user.home" value="/root"/>
    <property name="user.timezone" value="Europe/Paris"/>
    <property name="java.awt.printerjob" value="sun.print.PSPrinterJob"/>
    <property name="java.specification.version" value="1.8"/>
    <property name="file.encoding" value="UTF-8"/>
    <property name="user.name" value="root"/>
    <property name="java.class.path" value="/usr/share/maven/boot/plexus-classworlds-2.5.2.jar"/>
    <property name="skipITs" value="true"/>
    <property name="java.vm.specification.version" value="1.8"/>
    <property name="sun.arch.data.model" value="64"/>
    <property name="java.home" value="/usr/lib/jvm/java-8-openjdk-amd64/jre"/>
    <property name="sun.java.command" value="org.codehaus.plexus.classworlds.launcher.Launcher -B -D enforcer.skip=true -D dependency-check.skip=true -D skipITs=true -D cobertura.skip=true -D maven.repo.local=/root/./workspace/atomix/atomix/390271144/.m2 -D rat.skip=true -D findbugs.skip=true -D skip.bower=true -D gpg.skip=true -D checkstyle.skip=true -D skip.gulp=true -D license.skip=true -D skip.npm=true test"/>
    <property name="java.specification.vendor" value="Oracle Corporation"/>
    <property name="user.language" value="en"/>
    <property name="awt.toolkit" value="sun.awt.X11.XToolkit"/>
    <property name="dependency-check.skip" value="true"/>
    <property name="java.vm.info" value="mixed mode"/>
    <property name="java.version" value="1.8.0_121"/>
    <property name="java.ext.dirs" value="/usr/lib/jvm/java-8-openjdk-amd64/jre/lib/ext:/usr/java/packages/lib/ext"/>
    <property name="securerandom.source" value="file:/dev/./urandom"/>
    <property name="sun.boot.class.path" value="/usr/lib/jvm/java-8-openjdk-amd64/jre/lib/resources.jar:/usr/lib/jvm/java-8-openjdk-amd64/jre/lib/rt.jar:/usr/lib/jvm/java-8-openjdk-amd64/jre/lib/sunrsasign.jar:/usr/lib/jvm/java-8-openjdk-amd64/jre/lib/jsse.jar:/usr/lib/jvm/java-8-openjdk-amd64/jre/lib/jce.jar:/usr/lib/jvm/java-8-openjdk-amd64/jre/lib/charsets.jar:/usr/lib/jvm/java-8-openjdk-amd64/jre/lib/jfr.jar:/usr/lib/jvm/java-8-openjdk-amd64/jre/classes"/>
    <property name="java.vendor" value="Oracle Corporation"/>
    <property name="enforcer.skip" value="true"/>
    <property name="rat.skip" value="true"/>
    <property name="maven.home" value="/usr/share/maven"/>
    <property name="file.separator" value="/"/>
    <property name="java.vendor.url.bug" value="http://bugreport.sun.com/bugreport/"/>
    <property name="sun.cpu.endian" value="little"/>
    <property name="sun.io.unicode.encoding" value="UnicodeLittle"/>
    <property name="sun.cpu.isalist" value=""/>
  </properties>
  <testcase name="testFourNodeSequentialEvent" classname="io.atomix.protocols.raft.RaftTest" time="4.514"/>
  <testcase name="testCrashRecover" classname="io.atomix.protocols.raft.RaftTest" time="45.087"/>
  <testcase name="testSequenceBoundedLinearizableOperations" classname="io.atomix.protocols.raft.RaftTest" time="3.783"/>
  <testcase name="testThreeOfFourNodeSubmitCommand" classname="io.atomix.protocols.raft.RaftTest" time="2.812"/>
  <testcase name="testFourNodeSubmitQueryWithLinearizableConsistency" classname="io.atomix.protocols.raft.RaftTest" time="3.725"/>
  <testcase name="testOneNodeEvents" classname="io.atomix.protocols.raft.RaftTest" time="2.064"/>
  <testcase name="testThreeNodesManyEventsAfterLeaderShutdown" classname="io.atomix.protocols.raft.RaftTest" time="8.316"/>
  <testcase name="testClientKeepAlive" classname="io.atomix.protocols.raft.RaftTest" time="13.507"/>
  <testcase name="testFiveNodeManySessionsManyEvents" classname="io.atomix.protocols.raft.RaftTest" time="5.52"/>
  <testcase name="testFourNodeEvents" classname="io.atomix.protocols.raft.RaftTest" time="3.915"/>
  <testcase name="testPassiveJoinEvent" classname="io.atomix.protocols.raft.RaftTest" time="4.655"/>
  <testcase name="testSessionMetadata" classname="io.atomix.protocols.raft.RaftTest" time="2.725"/>
  <testcase name="testFiveNodeSequentialEvent" classname="io.atomix.protocols.raft.RaftTest" time="3.618"/>
  <testcase name="testServerLeave" classname="io.atomix.protocols.raft.RaftTest" time="2.53"/>
  <testcase name="testOneNodeSubmitQueryWithSequentialConsistency" classname="io.atomix.protocols.raft.RaftTest" time="1.914"/>
  <testcase name="testFourNodeSubmitQueryWithSequentialConsistency" classname="io.atomix.protocols.raft.RaftTest" time="3.618"/>
  <testcase name="testBlockOnEvent" classname="io.atomix.protocols.raft.RaftTest" time="2.949"/>
  <testcase name="testDemoteLeader" classname="io.atomix.protocols.raft.RaftTest" time="4.24"/>
  <testcase name="testTwoOfThreeNodeSubmitCommand" classname="io.atomix.protocols.raft.RaftTest" time="3.642"/>
  <testcase name="testOneNodeCloseEvent" classname="io.atomix.protocols.raft.RaftTest" time="1.483"/>
  <testcase name="testOneNodeSequentialEvent" classname="io.atomix.protocols.raft.RaftTest" time="1.715"/>
  <testcase name="testThreeNodeSubmitCommand" classname="io.atomix.protocols.raft.RaftTest" time="2.894"/>
  <testcase name="testActiveJoinLate" classname="io.atomix.protocols.raft.RaftTest" time="17.587">
    <error message="Test timed out while waiting for an expected result" type="java.util.concurrent.TimeoutException">java.util.concurrent.TimeoutException: Test timed out while waiting for an expected result
	at net.jodah.concurrentunit.Waiter.await(Waiter.java:168)
	at net.jodah.concurrentunit.Waiter.await(Waiter.java:115)
	at net.jodah.concurrentunit.ConcurrentTestCase.await(ConcurrentTestCase.java:98)
	at io.atomix.protocols.raft.RaftTest.testServerJoinLate(RaftTest.java:204)
	at io.atomix.protocols.raft.RaftTest.testActiveJoinLate(RaftTest.java:185)
</error>
    <system-out><![CDATA[03:56:07.153 [main] DEBUG i.a.storage.journal.SegmentedJournal - Created disk segment: JournalSegment{id=1, version=1, index=1, size=64}
03:56:07.154 [main] TRACE i.a.p.raft.storage.system.MetaStore - Store configuration Configuration{index=0, time=2018-06-10 03:56:07,153, members=[DefaultRaftMember{id=3, type=ACTIVE, updated=2018-06-10T01:56:07.153Z}, DefaultRaftMember{id=2, type=ACTIVE, updated=2018-06-10T01:56:07.153Z}, DefaultRaftMember{id=1, type=ACTIVE, updated=2018-06-10T01:56:07.153Z}]}
03:56:07.178 [raft-server-1] INFO  i.a.protocols.raft.impl.RaftContext - RaftServer{1} - Transitioning to FOLLOWER
03:56:07.179 [raft-server-1] DEBUG i.a.p.r.c.impl.RaftClusterContext - RaftServer{1} - Attempting to join via 3
03:56:07.179 [raft-server-1] TRACE i.a.p.r.c.impl.RaftClusterContext - RaftServer{1} - Cancelling join timeout
03:56:07.179 [raft-server-1] DEBUG i.a.p.r.c.impl.RaftClusterContext - RaftServer{1} - Failed to join 3
03:56:07.179 [raft-server-1] DEBUG i.a.p.r.c.impl.RaftClusterContext - RaftServer{1} - Attempting to join via 2
03:56:07.179 [raft-server-1] TRACE i.a.p.r.c.impl.RaftClusterContext - RaftServer{1} - Cancelling join timeout
03:56:07.179 [raft-server-1] DEBUG i.a.p.r.c.impl.RaftClusterContext - RaftServer{1} - Failed to join 2
03:56:07.179 [raft-server-1] DEBUG i.a.p.r.c.impl.RaftClusterContext - RaftServer{1} - Failed to join cluster, retrying...
03:56:07.393 [main] DEBUG i.a.storage.journal.SegmentedJournal - Created disk segment: JournalSegment{id=1, version=1, index=1, size=64}
03:56:07.394 [main] TRACE i.a.p.raft.storage.system.MetaStore - Store configuration Configuration{index=0, time=2018-06-10 03:56:07,393, members=[DefaultRaftMember{id=3, type=ACTIVE, updated=2018-06-10T01:56:07.393Z}, DefaultRaftMember{id=2, type=ACTIVE, updated=2018-06-10T01:56:07.393Z}, DefaultRaftMember{id=1, type=ACTIVE, updated=2018-06-10T01:56:07.393Z}]}
03:56:07.420 [raft-server-2] INFO  i.a.protocols.raft.impl.RaftContext - RaftServer{2} - Transitioning to FOLLOWER
03:56:07.420 [raft-server-2] DEBUG i.a.p.r.c.impl.RaftClusterContext - RaftServer{2} - Attempting to join via 3
03:56:07.420 [raft-server-2] TRACE i.a.p.r.c.impl.RaftClusterContext - RaftServer{2} - Cancelling join timeout
03:56:07.420 [raft-server-2] DEBUG i.a.p.r.c.impl.RaftClusterContext - RaftServer{2} - Failed to join 3
03:56:07.420 [raft-server-2] DEBUG i.a.p.r.c.impl.RaftClusterContext - RaftServer{2} - Attempting to join via 1
03:56:07.420 [raft-server-1] TRACE i.a.p.raft.roles.FollowerRole - RaftServer{1}{role=FOLLOWER} - Received JoinRequest{member=DefaultRaftMember{id=2, type=ACTIVE, updated=2018-06-10T01:56:07.393Z}}
03:56:07.420 [raft-server-1] TRACE i.a.p.raft.roles.FollowerRole - RaftServer{1}{role=FOLLOWER} - Sending JoinResponse{status=ERROR, error=RaftError{type=NO_LEADER, message=null}}
03:56:07.421 [raft-server-2] TRACE i.a.p.r.c.impl.RaftClusterContext - RaftServer{2} - Cancelling join timeout
03:56:07.421 [raft-server-2] DEBUG i.a.p.r.c.impl.RaftClusterContext - RaftServer{2} - Failed to join 1
03:56:07.421 [raft-server-2] DEBUG i.a.p.r.c.impl.RaftClusterContext - RaftServer{2} - Failed to join cluster, retrying...
03:56:07.601 [main] DEBUG i.a.storage.journal.SegmentedJournal - Created disk segment: JournalSegment{id=1, version=1, index=1, size=64}
03:56:07.602 [main] TRACE i.a.p.raft.storage.system.MetaStore - Store configuration Configuration{index=0, time=2018-06-10 03:56:07,602, members=[DefaultRaftMember{id=3, type=ACTIVE, updated=2018-06-10T01:56:07.602Z}, DefaultRaftMember{id=2, type=ACTIVE, updated=2018-06-10T01:56:07.602Z}, DefaultRaftMember{id=1, type=ACTIVE, updated=2018-06-10T01:56:07.602Z}]}
03:56:07.630 [raft-server-3] INFO  i.a.protocols.raft.impl.RaftContext - RaftServer{3} - Transitioning to FOLLOWER
03:56:07.631 [raft-server-3] DEBUG i.a.p.r.c.impl.RaftClusterContext - RaftServer{3} - Attempting to join via 2
03:56:07.631 [raft-server-2] TRACE i.a.p.raft.roles.FollowerRole - RaftServer{2}{role=FOLLOWER} - Received JoinRequest{member=DefaultRaftMember{id=3, type=ACTIVE, updated=2018-06-10T01:56:07.602Z}}
03:56:07.631 [raft-server-2] TRACE i.a.p.raft.roles.FollowerRole - RaftServer{2}{role=FOLLOWER} - Sending JoinResponse{status=ERROR, error=RaftError{type=NO_LEADER, message=null}}
03:56:07.631 [raft-server-3] TRACE i.a.p.r.c.impl.RaftClusterContext - RaftServer{3} - Cancelling join timeout
03:56:07.631 [raft-server-3] DEBUG i.a.p.r.c.impl.RaftClusterContext - RaftServer{3} - Failed to join 2
03:56:07.631 [raft-server-3] DEBUG i.a.p.r.c.impl.RaftClusterContext - RaftServer{3} - Attempting to join via 1
03:56:07.631 [raft-server-1] TRACE i.a.p.raft.roles.FollowerRole - RaftServer{1}{role=FOLLOWER} - Received JoinRequest{member=DefaultRaftMember{id=3, type=ACTIVE, updated=2018-06-10T01:56:07.602Z}}
03:56:07.631 [raft-server-1] TRACE i.a.p.raft.roles.FollowerRole - RaftServer{1}{role=FOLLOWER} - Sending JoinResponse{status=ERROR, error=RaftError{type=NO_LEADER, message=null}}
03:56:07.631 [raft-server-3] TRACE i.a.p.r.c.impl.RaftClusterContext - RaftServer{3} - Cancelling join timeout
03:56:07.631 [raft-server-3] DEBUG i.a.p.r.c.impl.RaftClusterContext - RaftServer{3} - Failed to join 1
03:56:07.631 [raft-server-3] DEBUG i.a.p.r.c.impl.RaftClusterContext - RaftServer{3} - Failed to join cluster, retrying...
03:56:08.017 [raft-server-1] DEBUG i.a.p.raft.roles.FollowerRole - RaftServer{1}{role=FOLLOWER} - Heartbeat timed out in PT0.838S
03:56:08.017 [raft-server-1] DEBUG i.a.p.raft.roles.FollowerRole - RaftServer{1}{role=FOLLOWER} - Polling members [DefaultRaftMember{id=3, type=ACTIVE, updated=2018-06-10T01:56:07.153Z}, DefaultRaftMember{id=2, type=ACTIVE, updated=2018-06-10T01:56:07.153Z}]
03:56:08.017 [raft-server-1] DEBUG i.a.p.raft.roles.FollowerRole - RaftServer{1}{role=FOLLOWER} - Polling DefaultRaftMember{id=3, type=ACTIVE, updated=2018-06-10T01:56:07.153Z} for next term 1
03:56:08.017 [raft-server-1] DEBUG i.a.p.raft.roles.FollowerRole - RaftServer{1}{role=FOLLOWER} - Polling DefaultRaftMember{id=2, type=ACTIVE, updated=2018-06-10T01:56:07.153Z} for next term 1
03:56:08.017 [raft-server-3] TRACE i.a.p.raft.roles.FollowerRole - RaftServer{3}{role=FOLLOWER} - Received PollRequest{term=0, candidate=1, lastLogIndex=0, lastLogTerm=0}
03:56:08.017 [raft-server-3] DEBUG i.a.p.raft.roles.FollowerRole - RaftServer{3}{role=FOLLOWER} - Accepted PollRequest{term=0, candidate=1, lastLogIndex=0, lastLogTerm=0}: candidate's log is up-to-date
03:56:08.017 [raft-server-2] TRACE i.a.p.raft.roles.FollowerRole - RaftServer{2}{role=FOLLOWER} - Received PollRequest{term=0, candidate=1, lastLogIndex=0, lastLogTerm=0}
03:56:08.017 [raft-server-3] TRACE i.a.p.raft.roles.FollowerRole - RaftServer{3}{role=FOLLOWER} - Sending PollResponse{status=OK, term=0, accepted=true}
03:56:08.017 [raft-server-2] DEBUG i.a.p.raft.roles.FollowerRole - RaftServer{2}{role=FOLLOWER} - Accepted PollRequest{term=0, candidate=1, lastLogIndex=0, lastLogTerm=0}: candidate's log is up-to-date
03:56:08.017 [raft-server-1] DEBUG i.a.p.raft.roles.FollowerRole - RaftServer{1}{role=FOLLOWER} - Received accepted poll from DefaultRaftMember{id=3, type=ACTIVE, updated=2018-06-10T01:56:07.153Z}
03:56:08.018 [raft-server-2] TRACE i.a.p.raft.roles.FollowerRole - RaftServer{2}{role=FOLLOWER} - Sending PollResponse{status=OK, term=0, accepted=true}
03:56:08.018 [raft-server-1] INFO  i.a.protocols.raft.impl.RaftContext - RaftServer{1} - Transitioning to CANDIDATE
03:56:08.018 [raft-server-1] TRACE i.a.p.raft.roles.FollowerRole - RaftServer{1}{role=FOLLOWER} - Cancelling heartbeat timer
03:56:08.018 [raft-server-1] INFO  i.a.p.raft.roles.CandidateRole - RaftServer{1}{role=CANDIDATE} - Starting election
03:56:08.018 [raft-server-1] TRACE i.a.p.raft.storage.system.MetaStore - Store term 1
03:56:08.043 [raft-server-1] TRACE i.a.p.raft.storage.system.MetaStore - Store vote null
03:56:08.068 [raft-server-1] DEBUG i.a.protocols.raft.impl.RaftContext - RaftServer{1} - Set term 1
03:56:08.068 [raft-server-1] TRACE i.a.p.raft.storage.system.MetaStore - Store vote 1
03:56:08.093 [raft-server-1] DEBUG i.a.protocols.raft.impl.RaftContext - RaftServer{1} - Voted for 1
03:56:08.093 [raft-server-1] DEBUG i.a.p.raft.roles.CandidateRole - RaftServer{1}{role=CANDIDATE} - Requesting votes for term 1
03:56:08.093 [raft-server-1] DEBUG i.a.p.raft.roles.CandidateRole - RaftServer{1}{role=CANDIDATE} - Requesting vote from DefaultRaftMember{id=3, type=ACTIVE, updated=2018-06-10T01:56:07.153Z} for term 1
03:56:08.093 [raft-server-1] DEBUG i.a.p.raft.roles.CandidateRole - RaftServer{1}{role=CANDIDATE} - Requesting vote from DefaultRaftMember{id=2, type=ACTIVE, updated=2018-06-10T01:56:07.153Z} for term 1
03:56:08.093 [raft-server-3] TRACE i.a.p.raft.roles.FollowerRole - RaftServer{3}{role=FOLLOWER} - Received VoteRequest{term=1, candidate=1, lastLogIndex=0, lastLogTerm=0}
03:56:08.093 [raft-server-3] TRACE i.a.p.raft.storage.system.MetaStore - Store term 1
03:56:08.093 [raft-server-2] TRACE i.a.p.raft.roles.FollowerRole - RaftServer{2}{role=FOLLOWER} - Received VoteRequest{term=1, candidate=1, lastLogIndex=0, lastLogTerm=0}
03:56:08.093 [raft-server-2] TRACE i.a.p.raft.storage.system.MetaStore - Store term 1
03:56:08.118 [raft-server-2] TRACE i.a.p.raft.storage.system.MetaStore - Store vote null
03:56:08.118 [raft-server-3] TRACE i.a.p.raft.storage.system.MetaStore - Store vote null
03:56:08.145 [raft-server-3] DEBUG i.a.protocols.raft.impl.RaftContext - RaftServer{3} - Set term 1
03:56:08.145 [raft-server-2] DEBUG i.a.protocols.raft.impl.RaftContext - RaftServer{2} - Set term 1
03:56:08.145 [raft-server-3] DEBUG i.a.p.raft.roles.FollowerRole - RaftServer{3}{role=FOLLOWER} - Accepted VoteRequest{term=1, candidate=1, lastLogIndex=0, lastLogTerm=0}: candidate's log is up-to-date
03:56:08.145 [raft-server-2] DEBUG i.a.p.raft.roles.FollowerRole - RaftServer{2}{role=FOLLOWER} - Accepted VoteRequest{term=1, candidate=1, lastLogIndex=0, lastLogTerm=0}: candidate's log is up-to-date
03:56:08.145 [raft-server-3] TRACE i.a.p.raft.storage.system.MetaStore - Store vote 1
03:56:08.145 [raft-server-2] TRACE i.a.p.raft.storage.system.MetaStore - Store vote 1
03:56:08.170 [raft-server-2] DEBUG i.a.protocols.raft.impl.RaftContext - RaftServer{2} - Voted for 1
03:56:08.170 [raft-server-3] DEBUG i.a.protocols.raft.impl.RaftContext - RaftServer{3} - Voted for 1
03:56:08.170 [raft-server-2] TRACE i.a.p.raft.roles.FollowerRole - RaftServer{2}{role=FOLLOWER} - Sending VoteResponse{status=OK, term=1, voted=true}
03:56:08.170 [raft-server-3] TRACE i.a.p.raft.roles.FollowerRole - RaftServer{3}{role=FOLLOWER} - Sending VoteResponse{status=OK, term=1, voted=true}
03:56:08.170 [raft-server-1] DEBUG i.a.p.raft.roles.CandidateRole - RaftServer{1}{role=CANDIDATE} - Received successful vote from DefaultRaftMember{id=2, type=ACTIVE, updated=2018-06-10T01:56:07.153Z}
03:56:08.170 [raft-server-1] INFO  i.a.protocols.raft.impl.RaftContext - RaftServer{1} - Transitioning to LEADER
03:56:08.170 [raft-server-1] DEBUG i.a.p.raft.roles.CandidateRole - RaftServer{1}{role=CANDIDATE} - Cancelling election
03:56:08.170 [raft-server-1] INFO  i.a.protocols.raft.impl.RaftContext - RaftServer{1} - Found leader 1
03:56:08.170 [raft-server-1] TRACE i.a.p.raft.storage.system.MetaStore - Store vote null
03:56:08.196 [raft-server-1] TRACE i.a.protocols.raft.roles.LeaderRole - RaftServer{1}{role=LEADER} - Appended Indexed{index=1, entry=InitializeEntry{term=1, timestamp=2018-06-10 03:56:08,170}}
03:56:08.196 [raft-server-1] DEBUG i.a.p.raft.roles.LeaderAppender - RaftServer{1} - Configuring 3
03:56:08.196 [raft-server-1] TRACE i.a.p.raft.roles.LeaderAppender - RaftServer{1} - Sending ConfigureRequest{term=1, leader=1, index=0, timestamp=1528595767153, members=[DefaultRaftMember{id=3, type=ACTIVE, updated=2018-06-10T01:56:07.153Z}, DefaultRaftMember{id=2, type=ACTIVE, updated=2018-06-10T01:56:07.153Z}, DefaultRaftMember{id=1, type=ACTIVE, updated=2018-06-10T01:56:07.153Z}]} to 3
03:56:08.196 [raft-server-1] DEBUG i.a.p.raft.roles.LeaderAppender - RaftServer{1} - Configuring 2
03:56:08.196 [raft-server-3] TRACE i.a.p.raft.roles.FollowerRole - RaftServer{3}{role=FOLLOWER} - Received ConfigureRequest{term=1, leader=1, index=0, timestamp=1528595767153, members=[DefaultRaftMember{id=3, type=ACTIVE, updated=2018-06-10T01:56:07.153Z}, DefaultRaftMember{id=2, type=ACTIVE, updated=2018-06-10T01:56:07.153Z}, DefaultRaftMember{id=1, type=ACTIVE, updated=2018-06-10T01:56:07.153Z}]}
03:56:08.196 [raft-server-1] TRACE i.a.p.raft.roles.LeaderAppender - RaftServer{1} - Sending ConfigureRequest{term=1, leader=1, index=0, timestamp=1528595767153, members=[DefaultRaftMember{id=3, type=ACTIVE, updated=2018-06-10T01:56:07.153Z}, DefaultRaftMember{id=2, type=ACTIVE, updated=2018-06-10T01:56:07.153Z}, DefaultRaftMember{id=1, type=ACTIVE, updated=2018-06-10T01:56:07.153Z}]} to 2
03:56:08.196 [raft-server-3] INFO  i.a.protocols.raft.impl.RaftContext - RaftServer{3} - Found leader 1
03:56:08.196 [raft-server-3] TRACE i.a.p.raft.storage.system.MetaStore - Store vote null
03:56:08.196 [raft-server-2] TRACE i.a.p.raft.roles.FollowerRole - RaftServer{2}{role=FOLLOWER} - Received ConfigureRequest{term=1, leader=1, index=0, timestamp=1528595767153, members=[DefaultRaftMember{id=3, type=ACTIVE, updated=2018-06-10T01:56:07.153Z}, DefaultRaftMember{id=2, type=ACTIVE, updated=2018-06-10T01:56:07.153Z}, DefaultRaftMember{id=1, type=ACTIVE, updated=2018-06-10T01:56:07.153Z}]}
03:56:08.196 [raft-server-2] INFO  i.a.protocols.raft.impl.RaftContext - RaftServer{2} - Found leader 1
03:56:08.196 [raft-server-2] TRACE i.a.p.raft.storage.system.MetaStore - Store vote null
03:56:08.196 [raft-server-1] TRACE i.a.protocols.raft.roles.LeaderRole - RaftServer{1}{role=LEADER} - Starting append timer
03:56:08.196 [raft-server-1] TRACE i.a.p.raft.roles.LeaderAppender - RaftServer{1} - Sending AppendRequest{term=1, leader=1, prevLogIndex=0, prevLogTerm=0, entries=0, commitIndex=0} to 3
03:56:08.197 [raft-server-1] TRACE i.a.p.raft.roles.LeaderAppender - RaftServer{1} - Sending AppendRequest{term=1, leader=1, prevLogIndex=0, prevLogTerm=0, entries=0, commitIndex=0} to 2
03:56:08.220 [raft-server-2] TRACE i.a.p.raft.roles.FollowerRole - RaftServer{2}{role=FOLLOWER} - Sending ConfigureResponse{status=OK}
03:56:08.220 [raft-server-3] TRACE i.a.p.raft.roles.FollowerRole - RaftServer{3}{role=FOLLOWER} - Sending ConfigureResponse{status=OK}
03:56:08.220 [raft-server-2] TRACE i.a.p.raft.roles.FollowerRole - RaftServer{2}{role=FOLLOWER} - Received AppendRequest{term=1, leader=1, prevLogIndex=0, prevLogTerm=0, entries=0, commitIndex=0}
03:56:08.220 [raft-server-3] TRACE i.a.p.raft.roles.FollowerRole - RaftServer{3}{role=FOLLOWER} - Received AppendRequest{term=1, leader=1, prevLogIndex=0, prevLogTerm=0, entries=0, commitIndex=0}
03:56:08.220 [raft-server-1] TRACE i.a.p.raft.roles.LeaderAppender - RaftServer{1} - Received ConfigureResponse{status=OK} from 2
03:56:08.220 [raft-server-2] TRACE i.a.p.raft.roles.FollowerRole - RaftServer{2}{role=FOLLOWER} - Sending AppendResponse{status=OK, term=1, succeeded=true, lastLogIndex=0}
03:56:08.220 [raft-server-3] TRACE i.a.p.raft.roles.FollowerRole - RaftServer{3}{role=FOLLOWER} - Sending AppendResponse{status=OK, term=1, succeeded=true, lastLogIndex=0}
03:56:08.220 [raft-server-1] TRACE i.a.p.raft.roles.LeaderAppender - RaftServer{1} - Received ConfigureResponse{status=OK} from 3
03:56:08.220 [raft-server-1] TRACE i.a.p.raft.roles.LeaderAppender - RaftServer{1} - Received AppendResponse{status=OK, term=1, succeeded=true, lastLogIndex=0} from 2
03:56:08.220 [raft-server-1] TRACE i.a.p.raft.roles.LeaderAppender - RaftServer{1} - Sending AppendRequest{term=1, leader=1, prevLogIndex=0, prevLogTerm=0, entries=1, commitIndex=0} to 2
03:56:08.221 [raft-server-1] TRACE i.a.p.raft.roles.LeaderAppender - RaftServer{1} - Received AppendResponse{status=OK, term=1, succeeded=true, lastLogIndex=0} from 3
03:56:08.221 [raft-server-2] TRACE i.a.p.raft.roles.FollowerRole - RaftServer{2}{role=FOLLOWER} - Received AppendRequest{term=1, leader=1, prevLogIndex=0, prevLogTerm=0, entries=1, commitIndex=0}
03:56:08.221 [raft-server-1] TRACE i.a.p.raft.roles.LeaderAppender - RaftServer{1} - Sending AppendRequest{term=1, leader=1, prevLogIndex=0, prevLogTerm=0, entries=1, commitIndex=0} to 3
03:56:08.221 [raft-server-2] DEBUG i.a.p.raft.roles.FollowerRole - RaftServer{2}{role=FOLLOWER} - Reset first index to 1
03:56:08.221 [raft-server-3] TRACE i.a.p.raft.roles.FollowerRole - RaftServer{3}{role=FOLLOWER} - Received AppendRequest{term=1, leader=1, prevLogIndex=0, prevLogTerm=0, entries=1, commitIndex=0}
03:56:08.221 [raft-server-3] DEBUG i.a.p.raft.roles.FollowerRole - RaftServer{3}{role=FOLLOWER} - Reset first index to 1
03:56:08.221 [raft-server-3] TRACE i.a.p.raft.roles.FollowerRole - RaftServer{3}{role=FOLLOWER} - Appended Indexed{index=1, entry=InitializeEntry{term=1, timestamp=2018-06-10 03:56:08,170}}
03:56:08.221 [raft-server-2] TRACE i.a.p.raft.roles.FollowerRole - RaftServer{2}{role=FOLLOWER} - Appended Indexed{index=1, entry=InitializeEntry{term=1, timestamp=2018-06-10 03:56:08,170}}
03:56:08.221 [raft-server-3] TRACE i.a.p.raft.roles.FollowerRole - RaftServer{3}{role=FOLLOWER} - Sending AppendResponse{status=OK, term=1, succeeded=true, lastLogIndex=1}
03:56:08.221 [raft-server-2] TRACE i.a.p.raft.roles.FollowerRole - RaftServer{2}{role=FOLLOWER} - Sending AppendResponse{status=OK, term=1, succeeded=true, lastLogIndex=1}
03:56:08.221 [raft-server-1] TRACE i.a.p.raft.roles.LeaderAppender - RaftServer{1} - Received AppendResponse{status=OK, term=1, succeeded=true, lastLogIndex=1} from 3
03:56:08.221 [raft-server-1] TRACE i.a.p.raft.roles.LeaderAppender - RaftServer{1} - Committed entries up to 1
03:56:08.253 [raft-server-1] TRACE i.a.p.raft.roles.LeaderAppender - RaftServer{1} - Received AppendResponse{status=OK, term=1, succeeded=true, lastLogIndex=1} from 2
03:56:08.253 [raft-server-1-state] TRACE i.a.p.raft.impl.RaftServiceManager - RaftServer{1} - Applying Indexed{index=1, entry=InitializeEntry{term=1, timestamp=2018-06-10 03:56:08,170}}
03:56:08.447 [raft-server-1] TRACE i.a.p.raft.roles.LeaderAppender - RaftServer{1} - Sending AppendRequest{term=1, leader=1, prevLogIndex=1, prevLogTerm=1, entries=0, commitIndex=1} to 3
03:56:08.447 [raft-server-1] TRACE i.a.p.raft.roles.LeaderAppender - RaftServer{1} - Sending AppendRequest{term=1, leader=1, prevLogIndex=1, prevLogTerm=1, entries=0, commitIndex=1} to 2
03:56:08.447 [raft-server-2] TRACE i.a.p.raft.roles.FollowerRole - RaftServer{2}{role=FOLLOWER} - Received AppendRequest{term=1, leader=1, prevLogIndex=1, prevLogTerm=1, entries=0, commitIndex=1}
03:56:08.447 [raft-server-3] TRACE i.a.p.raft.roles.FollowerRole - RaftServer{3}{role=FOLLOWER} - Received AppendRequest{term=1, leader=1, prevLogIndex=1, prevLogTerm=1, entries=0, commitIndex=1}
03:56:08.478 [raft-server-2] TRACE i.a.p.raft.roles.FollowerRole - RaftServer{2}{role=FOLLOWER} - Committed entries up to index 1
03:56:08.478 [raft-server-2] TRACE i.a.p.raft.roles.FollowerRole - RaftServer{2}{role=FOLLOWER} - Sending AppendResponse{status=OK, term=1, succeeded=true, lastLogIndex=1}
03:56:08.478 [raft-server-3] TRACE i.a.p.raft.roles.FollowerRole - RaftServer{3}{role=FOLLOWER} - Committed entries up to index 1
03:56:08.478 [raft-server-3] TRACE i.a.p.raft.roles.FollowerRole - RaftServer{3}{role=FOLLOWER} - Sending AppendResponse{status=OK, term=1, succeeded=true, lastLogIndex=1}
03:56:08.478 [raft-server-1] TRACE i.a.p.raft.roles.LeaderAppender - RaftServer{1} - Received AppendResponse{status=OK, term=1, succeeded=true, lastLogIndex=1} from 2
03:56:08.478 [raft-server-1] TRACE i.a.p.raft.roles.LeaderAppender - RaftServer{1} - Sending AppendRequest{term=1, leader=1, prevLogIndex=1, prevLogTerm=1, entries=0, commitIndex=1} to 2
03:56:08.478 [raft-server-2-state] TRACE i.a.p.raft.impl.RaftServiceManager - RaftServer{2} - Applying Indexed{index=1, entry=InitializeEntry{term=1, timestamp=2018-06-10 03:56:08,170}}
03:56:08.478 [raft-server-3-state] TRACE i.a.p.raft.impl.RaftServiceManager - RaftServer{3} - Applying Indexed{index=1, entry=InitializeEntry{term=1, timestamp=2018-06-10 03:56:08,170}}
03:56:08.478 [raft-server-1] TRACE i.a.p.raft.roles.LeaderAppender - RaftServer{1} - Received AppendResponse{status=OK, term=1, succeeded=true, lastLogIndex=1} from 3
03:56:08.478 [raft-server-2] TRACE i.a.p.raft.roles.FollowerRole - RaftServer{2}{role=FOLLOWER} - Received AppendRequest{term=1, leader=1, prevLogIndex=1, prevLogTerm=1, entries=0, commitIndex=1}
03:56:08.479 [raft-server-1] TRACE i.a.p.raft.roles.LeaderAppender - RaftServer{1} - Sending AppendRequest{term=1, leader=1, prevLogIndex=1, prevLogTerm=1, entries=0, commitIndex=1} to 3
03:56:08.479 [raft-server-2] TRACE i.a.p.raft.roles.FollowerRole - RaftServer{2}{role=FOLLOWER} - Sending AppendResponse{status=OK, term=1, succeeded=true, lastLogIndex=1}
03:56:08.479 [raft-server-3] TRACE i.a.p.raft.roles.FollowerRole - RaftServer{3}{role=FOLLOWER} - Received AppendRequest{term=1, leader=1, prevLogIndex=1, prevLogTerm=1, entries=0, commitIndex=1}
03:56:08.479 [raft-server-1] TRACE i.a.p.raft.roles.LeaderAppender - RaftServer{1} - Received AppendResponse{status=OK, term=1, succeeded=true, lastLogIndex=1} from 2
03:56:08.479 [raft-server-3] TRACE i.a.p.raft.roles.FollowerRole - RaftServer{3}{role=FOLLOWER} - Sending AppendResponse{status=OK, term=1, succeeded=true, lastLogIndex=1}
03:56:08.479 [raft-server-1] TRACE i.a.p.raft.roles.LeaderAppender - RaftServer{1} - Received AppendResponse{status=OK, term=1, succeeded=true, lastLogIndex=1} from 3
03:56:08.679 [raft-server-1] TRACE i.a.p.r.c.impl.RaftClusterContext - RaftServer{1} - Cancelling join timeout
03:56:08.679 [raft-server-1] DEBUG i.a.p.r.c.impl.RaftClusterContext - RaftServer{1} - Attempting to join via 3
03:56:08.679 [raft-server-3] TRACE i.a.p.raft.roles.FollowerRole - RaftServer{3}{role=FOLLOWER} - Received JoinRequest{member=DefaultRaftMember{id=1, type=ACTIVE, updated=2018-06-10T01:56:07.153Z}}
03:56:08.680 [raft-server-1] TRACE i.a.protocols.raft.roles.LeaderRole - RaftServer{1}{role=LEADER} - Received JoinRequest{member=DefaultRaftMember{id=1, type=ACTIVE, updated=2018-06-10T01:56:07.153Z}}
03:56:08.680 [raft-server-1] TRACE i.a.protocols.raft.roles.LeaderRole - RaftServer{1}{role=LEADER} - Sending JoinResponse{status=OK, index=0, term=0, timestamp=1528595767153, members=[DefaultRaftMember{id=3, type=ACTIVE, updated=2018-06-10T01:56:07.153Z}, DefaultRaftMember{id=2, type=ACTIVE, updated=2018-06-10T01:56:07.153Z}, DefaultRaftMember{id=1, type=ACTIVE, updated=2018-06-10T01:56:07.153Z}]}
03:56:08.680 [raft-server-3] TRACE i.a.p.raft.roles.FollowerRole - RaftServer{3}{role=FOLLOWER} - Sending JoinResponse{status=OK, index=0, term=0, timestamp=1528595767153, members=[DefaultRaftMember{id=3, type=ACTIVE, updated=2018-06-10T01:56:07.153Z}, DefaultRaftMember{id=2, type=ACTIVE, updated=2018-06-10T01:56:07.153Z}, DefaultRaftMember{id=1, type=ACTIVE, updated=2018-06-10T01:56:07.153Z}]}
03:56:08.680 [raft-server-1] TRACE i.a.p.r.c.impl.RaftClusterContext - RaftServer{1} - Cancelling join timeout
03:56:08.680 [raft-server-1] INFO  i.a.p.r.c.impl.RaftClusterContext - RaftServer{1} - Successfully joined via 3
03:56:08.680 [raft-server-1] INFO  i.a.p.raft.impl.DefaultRaftServer - RaftServer{1} - Server started successfully!
03:56:08.697 [raft-server-1] TRACE i.a.p.raft.roles.LeaderAppender - RaftServer{1} - Sending AppendRequest{term=1, leader=1, prevLogIndex=1, prevLogTerm=1, entries=0, commitIndex=1} to 3
03:56:08.697 [raft-server-1] TRACE i.a.p.raft.roles.LeaderAppender - RaftServer{1} - Sending AppendRequest{term=1, leader=1, prevLogIndex=1, prevLogTerm=1, entries=0, commitIndex=1} to 2
03:56:08.697 [raft-server-3] TRACE i.a.p.raft.roles.FollowerRole - RaftServer{3}{role=FOLLOWER} - Received AppendRequest{term=1, leader=1, prevLogIndex=1, prevLogTerm=1, entries=0, commitIndex=1}
03:56:08.697 [raft-server-3] TRACE i.a.p.raft.roles.FollowerRole - RaftServer{3}{role=FOLLOWER} - Sending AppendResponse{status=OK, term=1, succeeded=true, lastLogIndex=1}
03:56:08.697 [raft-server-2] TRACE i.a.p.raft.roles.FollowerRole - RaftServer{2}{role=FOLLOWER} - Received AppendRequest{term=1, leader=1, prevLogIndex=1, prevLogTerm=1, entries=0, commitIndex=1}
03:56:08.697 [raft-server-1] TRACE i.a.p.raft.roles.LeaderAppender - RaftServer{1} - Received AppendResponse{status=OK, term=1, succeeded=true, lastLogIndex=1} from 3
03:56:08.697 [raft-server-2] TRACE i.a.p.raft.roles.FollowerRole - RaftServer{2}{role=FOLLOWER} - Sending AppendResponse{status=OK, term=1, succeeded=true, lastLogIndex=1}
03:56:08.697 [raft-server-1] TRACE i.a.p.raft.roles.LeaderAppender - RaftServer{1} - Sending AppendRequest{term=1, leader=1, prevLogIndex=1, prevLogTerm=1, entries=0, commitIndex=1} to 3
03:56:08.697 [raft-server-1] TRACE i.a.p.raft.roles.LeaderAppender - RaftServer{1} - Received AppendResponse{status=OK, term=1, succeeded=true, lastLogIndex=1} from 2
03:56:08.697 [raft-server-3] TRACE i.a.p.raft.roles.FollowerRole - RaftServer{3}{role=FOLLOWER} - Received AppendRequest{term=1, leader=1, prevLogIndex=1, prevLogTerm=1, entries=0, commitIndex=1}
03:56:08.697 [raft-server-1] TRACE i.a.p.raft.roles.LeaderAppender - RaftServer{1} - Sending AppendRequest{term=1, leader=1, prevLogIndex=1, prevLogTerm=1, entries=0, commitIndex=1} to 2
03:56:08.697 [raft-server-3] TRACE i.a.p.raft.roles.FollowerRole - RaftServer{3}{role=FOLLOWER} - Sending AppendResponse{status=OK, term=1, succeeded=true, lastLogIndex=1}
03:56:08.697 [raft-server-2] TRACE i.a.p.raft.roles.FollowerRole - RaftServer{2}{role=FOLLOWER} - Received AppendRequest{term=1, leader=1, prevLogIndex=1, prevLogTerm=1, entries=0, commitIndex=1}
03:56:08.697 [raft-server-1] TRACE i.a.p.raft.roles.LeaderAppender - RaftServer{1} - Received AppendResponse{status=OK, term=1, succeeded=true, lastLogIndex=1} from 3
03:56:08.697 [raft-server-2] TRACE i.a.p.raft.roles.FollowerRole - RaftServer{2}{role=FOLLOWER} - Sending AppendResponse{status=OK, term=1, succeeded=true, lastLogIndex=1}
03:56:08.698 [raft-server-1] TRACE i.a.p.raft.roles.LeaderAppender - RaftServer{1} - Sending AppendRequest{term=1, leader=1, prevLogIndex=1, prevLogTerm=1, entries=0, commitIndex=1} to 3
03:56:08.698 [raft-server-1] TRACE i.a.p.raft.roles.LeaderAppender - RaftServer{1} - Received AppendResponse{status=OK, term=1, succeeded=true, lastLogIndex=1} from 2
03:56:08.698 [raft-server-3] TRACE i.a.p.raft.roles.FollowerRole - RaftServer{3}{role=FOLLOWER} - Received AppendRequest{term=1, leader=1, prevLogIndex=1, prevLogTerm=1, entries=0, commitIndex=1}
03:56:08.698 [raft-server-3] TRACE i.a.p.raft.roles.FollowerRole - RaftServer{3}{role=FOLLOWER} - Sending AppendResponse{status=OK, term=1, succeeded=true, lastLogIndex=1}
03:56:08.698 [raft-server-1] TRACE i.a.p.raft.roles.LeaderAppender - RaftServer{1} - Sending AppendRequest{term=1, leader=1, prevLogIndex=1, prevLogTerm=1, entries=0, commitIndex=1} to 2
03:56:08.698 [raft-server-1] TRACE i.a.p.raft.roles.LeaderAppender - RaftServer{1} - Received AppendResponse{status=OK, term=1, succeeded=true, lastLogIndex=1} from 3
03:56:08.698 [raft-server-2] TRACE i.a.p.raft.roles.FollowerRole - RaftServer{2}{role=FOLLOWER} - Received AppendRequest{term=1, leader=1, prevLogIndex=1, prevLogTerm=1, entries=0, commitIndex=1}
03:56:08.698 [raft-server-2] TRACE i.a.p.raft.roles.FollowerRole - RaftServer{2}{role=FOLLOWER} - Sending AppendResponse{status=OK, term=1, succeeded=true, lastLogIndex=1}
03:56:08.698 [raft-server-1] TRACE i.a.p.raft.roles.LeaderAppender - RaftServer{1} - Received AppendResponse{status=OK, term=1, succeeded=true, lastLogIndex=1} from 2
03:56:08.921 [raft-server-2] TRACE i.a.p.r.c.impl.RaftClusterContext - RaftServer{2} - Cancelling join timeout
03:56:08.921 [raft-server-2] DEBUG i.a.p.r.c.impl.RaftClusterContext - RaftServer{2} - Attempting to join via 3
03:56:08.921 [raft-server-3] TRACE i.a.p.raft.roles.FollowerRole - RaftServer{3}{role=FOLLOWER} - Received JoinRequest{member=DefaultRaftMember{id=2, type=ACTIVE, updated=2018-06-10T01:56:07.393Z}}
03:56:08.921 [raft-server-1] TRACE i.a.protocols.raft.roles.LeaderRole - RaftServer{1}{role=LEADER} - Received JoinRequest{member=DefaultRaftMember{id=2, type=ACTIVE, updated=2018-06-10T01:56:07.393Z}}
03:56:08.921 [raft-server-1] TRACE i.a.protocols.raft.roles.LeaderRole - RaftServer{1}{role=LEADER} - Sending JoinResponse{status=OK, index=0, term=0, timestamp=1528595767153, members=[DefaultRaftMember{id=3, type=ACTIVE, updated=2018-06-10T01:56:07.153Z}, DefaultRaftMember{id=2, type=ACTIVE, updated=2018-06-10T01:56:07.153Z}, DefaultRaftMember{id=1, type=ACTIVE, updated=2018-06-10T01:56:07.153Z}]}
03:56:08.922 [raft-server-3] TRACE i.a.p.raft.roles.FollowerRole - RaftServer{3}{role=FOLLOWER} - Sending JoinResponse{status=OK, index=0, term=0, timestamp=1528595767153, members=[DefaultRaftMember{id=3, type=ACTIVE, updated=2018-06-10T01:56:07.153Z}, DefaultRaftMember{id=2, type=ACTIVE, updated=2018-06-10T01:56:07.153Z}, DefaultRaftMember{id=1, type=ACTIVE, updated=2018-06-10T01:56:07.153Z}]}
03:56:08.922 [raft-server-2] TRACE i.a.p.r.c.impl.RaftClusterContext - RaftServer{2} - Cancelling join timeout
03:56:08.922 [raft-server-2] INFO  i.a.p.r.c.impl.RaftClusterContext - RaftServer{2} - Successfully joined via 3
03:56:08.922 [raft-server-2] INFO  i.a.p.raft.impl.DefaultRaftServer - RaftServer{2} - Server started successfully!
03:56:08.947 [raft-server-1] TRACE i.a.p.raft.roles.LeaderAppender - RaftServer{1} - Sending AppendRequest{term=1, leader=1, prevLogIndex=1, prevLogTerm=1, entries=0, commitIndex=1} to 3
03:56:08.947 [raft-server-1] TRACE i.a.p.raft.roles.LeaderAppender - RaftServer{1} - Sending AppendRequest{term=1, leader=1, prevLogIndex=1, prevLogTerm=1, entries=0, commitIndex=1} to 2
03:56:08.947 [raft-server-3] TRACE i.a.p.raft.roles.FollowerRole - RaftServer{3}{role=FOLLOWER} - Received AppendRequest{term=1, leader=1, prevLogIndex=1, prevLogTerm=1, entries=0, commitIndex=1}
03:56:08.947 [raft-server-3] TRACE i.a.p.raft.roles.FollowerRole - RaftServer{3}{role=FOLLOWER} - Sending AppendResponse{status=OK, term=1, succeeded=true, lastLogIndex=1}
03:56:08.947 [raft-server-2] TRACE i.a.p.raft.roles.FollowerRole - RaftServer{2}{role=FOLLOWER} - Received AppendRequest{term=1, leader=1, prevLogIndex=1, prevLogTerm=1, entries=0, commitIndex=1}
03:56:08.947 [raft-server-1] TRACE i.a.p.raft.roles.LeaderAppender - RaftServer{1} - Received AppendResponse{status=OK, term=1, succeeded=true, lastLogIndex=1} from 3
03:56:08.947 [raft-server-2] TRACE i.a.p.raft.roles.FollowerRole - RaftServer{2}{role=FOLLOWER} - Sending AppendResponse{status=OK, term=1, succeeded=true, lastLogIndex=1}
03:56:08.947 [raft-server-1] TRACE i.a.p.raft.roles.LeaderAppender - RaftServer{1} - Sending AppendRequest{term=1, leader=1, prevLogIndex=1, prevLogTerm=1, entries=0, commitIndex=1} to 3
03:56:08.947 [raft-server-1] TRACE i.a.p.raft.roles.LeaderAppender - RaftServer{1} - Received AppendResponse{status=OK, term=1, succeeded=true, lastLogIndex=1} from 2
03:56:08.947 [raft-server-3] TRACE i.a.p.raft.roles.FollowerRole - RaftServer{3}{role=FOLLOWER} - Received AppendRequest{term=1, leader=1, prevLogIndex=1, prevLogTerm=1, entries=0, commitIndex=1}
03:56:08.947 [raft-server-3] TRACE i.a.p.raft.roles.FollowerRole - RaftServer{3}{role=FOLLOWER} - Sending AppendResponse{status=OK, term=1, succeeded=true, lastLogIndex=1}
03:56:08.947 [raft-server-1] TRACE i.a.p.raft.roles.LeaderAppender - RaftServer{1} - Sending AppendRequest{term=1, leader=1, prevLogIndex=1, prevLogTerm=1, entries=0, commitIndex=1} to 2
03:56:08.947 [raft-server-1] TRACE i.a.p.raft.roles.LeaderAppender - RaftServer{1} - Received AppendResponse{status=OK, term=1, succeeded=true, lastLogIndex=1} from 3
03:56:08.947 [raft-server-2] TRACE i.a.p.raft.roles.FollowerRole - RaftServer{2}{role=FOLLOWER} - Received AppendRequest{term=1, leader=1, prevLogIndex=1, prevLogTerm=1, entries=0, commitIndex=1}
03:56:08.947 [raft-server-1] TRACE i.a.p.raft.roles.LeaderAppender - RaftServer{1} - Sending AppendRequest{term=1, leader=1, prevLogIndex=1, prevLogTerm=1, entries=0, commitIndex=1} to 3
03:56:08.947 [raft-server-2] TRACE i.a.p.raft.roles.FollowerRole - RaftServer{2}{role=FOLLOWER} - Sending AppendResponse{status=OK, term=1, succeeded=true, lastLogIndex=1}
03:56:08.948 [raft-server-1] TRACE i.a.p.raft.roles.LeaderAppender - RaftServer{1} - Received AppendResponse{status=OK, term=1, succeeded=true, lastLogIndex=1} from 2
03:56:08.948 [raft-server-3] TRACE i.a.p.raft.roles.FollowerRole - RaftServer{3}{role=FOLLOWER} - Received AppendRequest{term=1, leader=1, prevLogIndex=1, prevLogTerm=1, entries=0, commitIndex=1}
03:56:08.948 [raft-server-3] TRACE i.a.p.raft.roles.FollowerRole - RaftServer{3}{role=FOLLOWER} - Sending AppendResponse{status=OK, term=1, succeeded=true, lastLogIndex=1}
03:56:08.948 [raft-server-1] TRACE i.a.p.raft.roles.LeaderAppender - RaftServer{1} - Sending AppendRequest{term=1, leader=1, prevLogIndex=1, prevLogTerm=1, entries=0, commitIndex=1} to 2
03:56:08.948 [raft-server-1] TRACE i.a.p.raft.roles.LeaderAppender - RaftServer{1} - Received AppendResponse{status=OK, term=1, succeeded=true, lastLogIndex=1} from 3
03:56:08.948 [raft-server-2] TRACE i.a.p.raft.roles.FollowerRole - RaftServer{2}{role=FOLLOWER} - Received AppendRequest{term=1, leader=1, prevLogIndex=1, prevLogTerm=1, entries=0, commitIndex=1}
03:56:08.948 [raft-server-1] TRACE i.a.p.raft.roles.LeaderAppender - RaftServer{1} - Sending AppendRequest{term=1, leader=1, prevLogIndex=1, prevLogTerm=1, entries=0, commitIndex=1} to 3
03:56:08.948 [raft-server-2] TRACE i.a.p.raft.roles.FollowerRole - RaftServer{2}{role=FOLLOWER} - Sending AppendResponse{status=OK, term=1, succeeded=true, lastLogIndex=1}
03:56:08.948 [raft-server-3] TRACE i.a.p.raft.roles.FollowerRole - RaftServer{3}{role=FOLLOWER} - Received AppendRequest{term=1, leader=1, prevLogIndex=1, prevLogTerm=1, entries=0, commitIndex=1}
03:56:08.948 [raft-server-3] TRACE i.a.p.raft.roles.FollowerRole - RaftServer{3}{role=FOLLOWER} - Sending AppendResponse{status=OK, term=1, succeeded=true, lastLogIndex=1}
03:56:08.948 [raft-server-1] TRACE i.a.p.raft.roles.LeaderAppender - RaftServer{1} - Received AppendResponse{status=OK, term=1, succeeded=true, lastLogIndex=1} from 2
03:56:08.948 [raft-server-1] TRACE i.a.p.raft.roles.LeaderAppender - RaftServer{1} - Received AppendResponse{status=OK, term=1, succeeded=true, lastLogIndex=1} from 3
03:56:09.132 [raft-server-3] TRACE i.a.p.r.c.impl.RaftClusterContext - RaftServer{3} - Cancelling join timeout
03:56:09.132 [raft-server-3] DEBUG i.a.p.r.c.impl.RaftClusterContext - RaftServer{3} - Attempting to join via 2
03:56:09.132 [raft-server-2] TRACE i.a.p.raft.roles.FollowerRole - RaftServer{2}{role=FOLLOWER} - Received JoinRequest{member=DefaultRaftMember{id=3, type=ACTIVE, updated=2018-06-10T01:56:07.602Z}}
03:56:09.132 [raft-server-1] TRACE i.a.protocols.raft.roles.LeaderRole - RaftServer{1}{role=LEADER} - Received JoinRequest{member=DefaultRaftMember{id=3, type=ACTIVE, updated=2018-06-10T01:56:07.602Z}}
03:56:09.133 [raft-server-1] TRACE i.a.protocols.raft.roles.LeaderRole - RaftServer{1}{role=LEADER} - Sending JoinResponse{status=OK, index=0, term=0, timestamp=1528595767153, members=[DefaultRaftMember{id=3, type=ACTIVE, updated=2018-06-10T01:56:07.153Z}, DefaultRaftMember{id=2, type=ACTIVE, updated=2018-06-10T01:56:07.153Z}, DefaultRaftMember{id=1, type=ACTIVE, updated=2018-06-10T01:56:07.153Z}]}
03:56:09.133 [raft-server-2] TRACE i.a.p.raft.roles.FollowerRole - RaftServer{2}{role=FOLLOWER} - Sending JoinResponse{status=OK, index=0, term=0, timestamp=1528595767153, members=[DefaultRaftMember{id=3, type=ACTIVE, updated=2018-06-10T01:56:07.153Z}, DefaultRaftMember{id=2, type=ACTIVE, updated=2018-06-10T01:56:07.153Z}, DefaultRaftMember{id=1, type=ACTIVE, updated=2018-06-10T01:56:07.153Z}]}
03:56:09.133 [raft-server-3] TRACE i.a.p.r.c.impl.RaftClusterContext - RaftServer{3} - Cancelling join timeout
03:56:09.133 [raft-server-3] INFO  i.a.p.r.c.impl.RaftClusterContext - RaftServer{3} - Successfully joined via 2
03:56:09.133 [raft-server-3] INFO  i.a.p.raft.impl.DefaultRaftServer - RaftServer{3} - Server started successfully!
03:56:09.135 [main] DEBUG i.a.p.s.impl.RecoveringSessionClient - SessionClient{fc80a008-639d-42fe-bb37-24bc71d605c3} - Opening proxy session
03:56:09.135 [main] DEBUG i.a.p.r.s.impl.RaftSessionManager - RaftClient{fc80a008-639d-42fe-bb37-24bc71d605c3} - Opening session; name: raft-test, type: io.atomix.protocols.raft.RaftTest$TestPrimitiveType@68b11545
03:56:09.135 [main] TRACE io.atomix.utils.serializer.Namespace - Creating Kryo instance for Namespace{registeredBlocks=[RegistrationBlock{begin=16, types=[([Ljava.lang.Class;@7d0100ea,null), ([Ljava.lang.Class;@357bc488,null), ([Ljava.lang.Class;@4ea17147,null), ([Ljava.lang.Class;@2eda4eeb,null), ([Ljava.lang.Class;@5ba90d8a,io.atomix.utils.serializer.serializers.ImmutableListSerializer@309dcdf3), ([Ljava.lang.Class;@7573b9ee,io.atomix.utils.serializer.serializers.ImmutableSetSerializer@9a20cbd), ([Ljava.lang.Class;@1af4955e,io.atomix.utils.serializer.serializers.ImmutableMapSerializer@445821a6), ([Ljava.lang.Class;@2c0c4c0a,null), ([Ljava.lang.Class;@35d26ad2,null), ([Ljava.lang.Class;@bb25753,null), ([Ljava.lang.Class;@ee21292,null), ([Ljava.lang.Class;@40c06358,null), ([Ljava.lang.Class;@66e21568,null), ([Ljava.lang.Class;@7f73ce28,null), ([Ljava.lang.Class;@611b35d6,null), ([Ljava.lang.Class;@2282400e,null), ([Ljava.lang.Class;@543d5863,null), ([Ljava.lang.Class;@35dece42,null), ([Ljava.lang.Class;@dd3f8aa,null), ([Ljava.lang.Class;@3d615b2e,null), ([Ljava.lang.Class;@3a1f2a1,io.atomix.utils.serializer.serializers.ArraysAsListSerializer@40ce9049), ([Ljava.lang.Class;@52ca2652,null), ([Ljava.lang.Class;@65c5bf0e,null), ([Ljava.lang.Class;@697d6ded,null), ([Ljava.lang.Class;@5d05f453,null), ([Ljava.lang.Class;@5efeb117,null), ([Ljava.lang.Class;@160b4809,null), ([Ljava.lang.Class;@149b4d20,null), ([Ljava.lang.Class;@664e848c,null), ([Ljava.lang.Class;@4d93f75b,null), ([Ljava.lang.Class;@114a5e0,null), ([Ljava.lang.Class;@4f281aaf,null), ([Ljava.lang.Class;@5d508d22,null), ([Ljava.lang.Class;@f2b90fc,null), ([Ljava.lang.Class;@2bb41f5c,null), ([Ljava.lang.Class;@24c685e7,null)]}, RegistrationBlock{begin=52, types=[([Ljava.lang.Class;@1ee40b5c,null)]}]}
03:56:09.136 [main] TRACE io.atomix.utils.serializer.Namespace - class [B registered as 16
03:56:09.136 [main] TRACE io.atomix.utils.serializer.Namespace - class java.util.concurrent.atomic.AtomicBoolean registered as 17
03:56:09.137 [main] TRACE io.atomix.utils.serializer.Namespace - class java.util.concurrent.atomic.AtomicInteger registered as 18
03:56:09.137 [main] TRACE io.atomix.utils.serializer.Namespace - class java.util.concurrent.atomic.AtomicLong registered as 19
03:56:09.137 [main] TRACE io.atomix.utils.serializer.Namespace - class com.google.common.collect.ImmutableList registered as 20
03:56:09.137 [main] TRACE io.atomix.utils.serializer.Namespace - class com.google.common.collect.RegularImmutableList registered as 20
03:56:09.137 [main] TRACE io.atomix.utils.serializer.Namespace - class com.google.common.collect.RegularImmutableList registered as 20
03:56:09.137 [main] TRACE io.atomix.utils.serializer.Namespace - class com.google.common.collect.ImmutableList$SubList registered as 20
03:56:09.137 [main] TRACE io.atomix.utils.serializer.Namespace - class com.google.common.collect.ImmutableSet registered as 21
03:56:09.137 [main] TRACE io.atomix.utils.serializer.Namespace - class com.google.common.collect.RegularImmutableSet registered as 21
03:56:09.137 [main] TRACE io.atomix.utils.serializer.Namespace - class com.google.common.collect.SingletonImmutableSet registered as 21
03:56:09.137 [main] TRACE io.atomix.utils.serializer.Namespace - class com.google.common.collect.RegularImmutableSet registered as 21
03:56:09.137 [main] TRACE io.atomix.utils.serializer.Namespace - class com.google.common.collect.ImmutableMap registered as 22
03:56:09.137 [main] TRACE io.atomix.utils.serializer.Namespace - class com.google.common.collect.RegularImmutableMap registered as 22
03:56:09.137 [main] TRACE io.atomix.utils.serializer.Namespace - class com.google.common.collect.RegularImmutableMap registered as 22
03:56:09.137 [main] TRACE io.atomix.utils.serializer.Namespace - class com.google.common.collect.RegularImmutableMap registered as 22
03:56:09.137 [main] TRACE io.atomix.utils.serializer.Namespace - class java.util.Collections$UnmodifiableSet registered as 23
03:56:09.138 [main] TRACE io.atomix.utils.serializer.Namespace - class java.util.HashMap registered as 24
03:56:09.138 [main] TRACE io.atomix.utils.serializer.Namespace - class java.util.concurrent.ConcurrentHashMap registered as 25
03:56:09.138 [main] TRACE io.atomix.utils.serializer.Namespace - class java.util.concurrent.CopyOnWriteArraySet registered as 26
03:56:09.138 [main] TRACE io.atomix.utils.serializer.Namespace - class java.util.ArrayList registered as 27
03:56:09.138 [main] TRACE io.atomix.utils.serializer.Namespace - class java.util.LinkedList registered as 28
03:56:09.138 [main] TRACE io.atomix.utils.serializer.Namespace - class java.util.HashSet registered as 29
03:56:09.138 [main] TRACE io.atomix.utils.serializer.Namespace - class java.util.LinkedHashSet registered as 30
03:56:09.138 [main] TRACE io.atomix.utils.serializer.Namespace - class com.sun.jmx.remote.internal.ArrayQueue registered as 31
03:56:09.138 [main] TRACE io.atomix.utils.serializer.Namespace - class java.util.ArrayDeque registered as 32
03:56:09.138 [main] TRACE io.atomix.utils.serializer.Namespace - class com.google.common.collect.HashMultiset registered as 33
03:56:09.138 [main] TRACE io.atomix.utils.serializer.Namespace - class com.google.common.collect.Sets registered as 34
03:56:09.138 [main] TRACE io.atomix.utils.serializer.Namespace - class com.google.common.collect.ImmutableEntry registered as 35
03:56:09.138 [main] TRACE io.atomix.utils.serializer.Namespace - class java.util.Arrays$ArrayList registered as 36
03:56:09.139 [main] TRACE io.atomix.utils.serializer.Namespace - class java.util.Collections$SingletonList registered as 37
03:56:09.139 [main] TRACE io.atomix.utils.serializer.Namespace - class java.time.Duration registered as 38
03:56:09.139 [main] TRACE io.atomix.utils.serializer.Namespace - class java.util.Collections$EmptySet registered as 39
03:56:09.139 [main] TRACE io.atomix.utils.serializer.Namespace - class java.util.Optional registered as 40
03:56:09.139 [main] TRACE io.atomix.utils.serializer.Namespace - class java.util.Collections$EmptyList registered as 41
03:56:09.139 [main] TRACE io.atomix.utils.serializer.Namespace - class java.util.Collections$SingletonSet registered as 42
03:56:09.139 [main] TRACE io.atomix.utils.serializer.Namespace - class [I registered as 43
03:56:09.139 [main] TRACE io.atomix.utils.serializer.Namespace - class [J registered as 44
03:56:09.139 [main] TRACE io.atomix.utils.serializer.Namespace - class [S registered as 45
03:56:09.139 [main] TRACE io.atomix.utils.serializer.Namespace - class [D registered as 46
03:56:09.139 [main] TRACE io.atomix.utils.serializer.Namespace - class [F registered as 47
03:56:09.139 [main] TRACE io.atomix.utils.serializer.Namespace - class [C registered as 48
03:56:09.140 [main] TRACE io.atomix.utils.serializer.Namespace - class [Ljava.lang.String; registered as 49
03:56:09.140 [main] TRACE io.atomix.utils.serializer.Namespace - class [Z registered as 50
03:56:09.140 [main] TRACE io.atomix.utils.serializer.Namespace - class [Ljava.lang.Object; registered as 51
03:56:09.140 [main] TRACE io.atomix.utils.serializer.Namespace - class io.atomix.primitive.service.ServiceConfig registered as 52
03:56:09.146 [raft-client-fc80a008-639d-42fe-bb37-24bc71d605c3-0] TRACE i.a.p.r.s.impl.RaftSessionConnection - RaftClient{fc80a008-639d-42fe-bb37-24bc71d605c3} - Sending OpenSessionRequest{node=4, serviceName=raft-test, serviceType=raft-test, readConsistency=LINEARIZABLE, minTimeout=250, maxTimeout=5000} to 1
03:56:09.147 [raft-server-1] TRACE i.a.protocols.raft.roles.LeaderRole - RaftServer{1}{role=LEADER} - Received OpenSessionRequest{node=4, serviceName=raft-test, serviceType=raft-test, readConsistency=LINEARIZABLE, minTimeout=250, maxTimeout=5000}
03:56:09.147 [raft-server-1] TRACE i.a.protocols.raft.roles.LeaderRole - RaftServer{1}{role=LEADER} - Appended Indexed{index=2, entry=OpenSessionEntry{term=1, timestamp=2018-06-10 03:56:09,147, node=4, serviceName=raft-test, serviceType=raft-test, serviceConfig=byte[]{length=2, hash=2636}, readConsistency=LINEARIZABLE, minTimeout=250, maxTimeout=5000}}
03:56:09.147 [raft-server-1] TRACE i.a.p.raft.roles.LeaderAppender - RaftServer{1} - Sending AppendRequest{term=1, leader=1, prevLogIndex=1, prevLogTerm=1, entries=1, commitIndex=1} to 3
03:56:09.147 [raft-server-1] TRACE i.a.p.raft.roles.LeaderAppender - RaftServer{1} - Sending AppendRequest{term=1, leader=1, prevLogIndex=1, prevLogTerm=1, entries=1, commitIndex=1} to 2
03:56:09.147 [raft-server-2] TRACE i.a.p.raft.roles.FollowerRole - RaftServer{2}{role=FOLLOWER} - Received AppendRequest{term=1, leader=1, prevLogIndex=1, prevLogTerm=1, entries=1, commitIndex=1}
03:56:09.147 [raft-server-3] TRACE i.a.p.raft.roles.FollowerRole - RaftServer{3}{role=FOLLOWER} - Received AppendRequest{term=1, leader=1, prevLogIndex=1, prevLogTerm=1, entries=1, commitIndex=1}
03:56:09.147 [raft-server-2] TRACE i.a.p.raft.roles.FollowerRole - RaftServer{2}{role=FOLLOWER} - Appended Indexed{index=2, entry=OpenSessionEntry{term=1, timestamp=2018-06-10 03:56:09,147, node=4, serviceName=raft-test, serviceType=raft-test, serviceConfig=byte[]{length=2, hash=2636}, readConsistency=LINEARIZABLE, minTimeout=250, maxTimeout=5000}}
03:56:09.147 [raft-server-3] TRACE i.a.p.raft.roles.FollowerRole - RaftServer{3}{role=FOLLOWER} - Appended Indexed{index=2, entry=OpenSessionEntry{term=1, timestamp=2018-06-10 03:56:09,147, node=4, serviceName=raft-test, serviceType=raft-test, serviceConfig=byte[]{length=2, hash=2636}, readConsistency=LINEARIZABLE, minTimeout=250, maxTimeout=5000}}
03:56:09.148 [raft-server-2] TRACE i.a.p.raft.roles.FollowerRole - RaftServer{2}{role=FOLLOWER} - Sending AppendResponse{status=OK, term=1, succeeded=true, lastLogIndex=2}
03:56:09.148 [raft-server-3] TRACE i.a.p.raft.roles.FollowerRole - RaftServer{3}{role=FOLLOWER} - Sending AppendResponse{status=OK, term=1, succeeded=true, lastLogIndex=2}
03:56:09.148 [raft-server-1] TRACE i.a.p.raft.roles.LeaderAppender - RaftServer{1} - Received AppendResponse{status=OK, term=1, succeeded=true, lastLogIndex=2} from 2
03:56:09.148 [raft-server-1] TRACE i.a.p.raft.roles.LeaderAppender - RaftServer{1} - Committed entries up to 2
03:56:09.218 [raft-server-1] TRACE i.a.p.raft.roles.LeaderAppender - RaftServer{1} - Received AppendResponse{status=OK, term=1, succeeded=true, lastLogIndex=2} from 3
03:56:09.218 [raft-server-1] TRACE i.a.p.raft.roles.LeaderAppender - RaftServer{1} - Sending AppendRequest{term=1, leader=1, prevLogIndex=2, prevLogTerm=1, entries=0, commitIndex=2} to 3
03:56:09.218 [raft-server-1] TRACE i.a.p.raft.roles.LeaderAppender - RaftServer{1} - Sending AppendRequest{term=1, leader=1, prevLogIndex=2, prevLogTerm=1, entries=0, commitIndex=2} to 2
03:56:09.218 [raft-server-3] TRACE i.a.p.raft.roles.FollowerRole - RaftServer{3}{role=FOLLOWER} - Received AppendRequest{term=1, leader=1, prevLogIndex=2, prevLogTerm=1, entries=0, commitIndex=2}
03:56:09.218 [raft-server-2] TRACE i.a.p.raft.roles.FollowerRole - RaftServer{2}{role=FOLLOWER} - Received AppendRequest{term=1, leader=1, prevLogIndex=2, prevLogTerm=1, entries=0, commitIndex=2}
03:56:09.218 [raft-server-1-state] TRACE i.a.p.raft.impl.RaftServiceManager - RaftServer{1} - Applying Indexed{index=2, entry=OpenSessionEntry{term=1, timestamp=2018-06-10 03:56:09,147, node=4, serviceName=raft-test, serviceType=raft-test, serviceConfig=byte[]{length=2, hash=2636}, readConsistency=LINEARIZABLE, minTimeout=250, maxTimeout=5000}}
03:56:09.219 [raft-server-1-state] TRACE io.atomix.utils.serializer.Namespace - Creating Kryo instance for Namespace{registeredBlocks=[RegistrationBlock{begin=16, types=[([Ljava.lang.Class;@7d0100ea,null), ([Ljava.lang.Class;@357bc488,null), ([Ljava.lang.Class;@4ea17147,null), ([Ljava.lang.Class;@2eda4eeb,null), ([Ljava.lang.Class;@5ba90d8a,io.atomix.utils.serializer.serializers.ImmutableListSerializer@309dcdf3), ([Ljava.lang.Class;@7573b9ee,io.atomix.utils.serializer.serializers.ImmutableSetSerializer@9a20cbd), ([Ljava.lang.Class;@1af4955e,io.atomix.utils.serializer.serializers.ImmutableMapSerializer@445821a6), ([Ljava.lang.Class;@2c0c4c0a,null), ([Ljava.lang.Class;@35d26ad2,null), ([Ljava.lang.Class;@bb25753,null), ([Ljava.lang.Class;@ee21292,null), ([Ljava.lang.Class;@40c06358,null), ([Ljava.lang.Class;@66e21568,null), ([Ljava.lang.Class;@7f73ce28,null), ([Ljava.lang.Class;@611b35d6,null), ([Ljava.lang.Class;@2282400e,null), ([Ljava.lang.Class;@543d5863,null), ([Ljava.lang.Class;@35dece42,null), ([Ljava.lang.Class;@dd3f8aa,null), ([Ljava.lang.Class;@3d615b2e,null), ([Ljava.lang.Class;@3a1f2a1,io.atomix.utils.serializer.serializers.ArraysAsListSerializer@40ce9049), ([Ljava.lang.Class;@52ca2652,null), ([Ljava.lang.Class;@65c5bf0e,null), ([Ljava.lang.Class;@697d6ded,null), ([Ljava.lang.Class;@5d05f453,null), ([Ljava.lang.Class;@5efeb117,null), ([Ljava.lang.Class;@160b4809,null), ([Ljava.lang.Class;@149b4d20,null), ([Ljava.lang.Class;@664e848c,null), ([Ljava.lang.Class;@4d93f75b,null), ([Ljava.lang.Class;@114a5e0,null), ([Ljava.lang.Class;@4f281aaf,null), ([Ljava.lang.Class;@5d508d22,null), ([Ljava.lang.Class;@f2b90fc,null), ([Ljava.lang.Class;@2bb41f5c,null), ([Ljava.lang.Class;@24c685e7,null)]}, RegistrationBlock{begin=52, types=[([Ljava.lang.Class;@4fd37a40,null)]}]}
03:56:09.219 [raft-server-1-state] TRACE io.atomix.utils.serializer.Namespace - class [B registered as 16
03:56:09.219 [raft-server-1-state] TRACE io.atomix.utils.serializer.Namespace - class java.util.concurrent.atomic.AtomicBoolean registered as 17
03:56:09.219 [raft-server-1-state] TRACE io.atomix.utils.serializer.Namespace - class java.util.concurrent.atomic.AtomicInteger registered as 18
03:56:09.219 [raft-server-1-state] TRACE io.atomix.utils.serializer.Namespace - class java.util.concurrent.atomic.AtomicLong registered as 19
03:56:09.219 [raft-server-1-state] TRACE io.atomix.utils.serializer.Namespace - class com.google.common.collect.ImmutableList registered as 20
03:56:09.219 [raft-server-1-state] TRACE io.atomix.utils.serializer.Namespace - class com.google.common.collect.RegularImmutableList registered as 20
03:56:09.219 [raft-server-1-state] TRACE io.atomix.utils.serializer.Namespace - class com.google.common.collect.RegularImmutableList registered as 20
03:56:09.219 [raft-server-1-state] TRACE io.atomix.utils.serializer.Namespace - class com.google.common.collect.ImmutableList$SubList registered as 20
03:56:09.219 [raft-server-1-state] TRACE io.atomix.utils.serializer.Namespace - class com.google.common.collect.ImmutableSet registered as 21
03:56:09.219 [raft-server-1-state] TRACE io.atomix.utils.serializer.Namespace - class com.google.common.collect.RegularImmutableSet registered as 21
03:56:09.219 [raft-server-1-state] TRACE io.atomix.utils.serializer.Namespace - class com.google.common.collect.SingletonImmutableSet registered as 21
03:56:09.219 [raft-server-1-state] TRACE io.atomix.utils.serializer.Namespace - class com.google.common.collect.RegularImmutableSet registered as 21
03:56:09.219 [raft-server-1-state] TRACE io.atomix.utils.serializer.Namespace - class com.google.common.collect.ImmutableMap registered as 22
03:56:09.219 [raft-server-1-state] TRACE io.atomix.utils.serializer.Namespace - class com.google.common.collect.RegularImmutableMap registered as 22
03:56:09.219 [raft-server-1-state] TRACE io.atomix.utils.serializer.Namespace - class com.google.common.collect.RegularImmutableMap registered as 22
03:56:09.219 [raft-server-1-state] TRACE io.atomix.utils.serializer.Namespace - class com.google.common.collect.RegularImmutableMap registered as 22
03:56:09.219 [raft-server-1-state] TRACE io.atomix.utils.serializer.Namespace - class java.util.Collections$UnmodifiableSet registered as 23
03:56:09.219 [raft-server-1-state] TRACE io.atomix.utils.serializer.Namespace - class java.util.HashMap registered as 24
03:56:09.219 [raft-server-1-state] TRACE io.atomix.utils.serializer.Namespace - class java.util.concurrent.ConcurrentHashMap registered as 25
03:56:09.219 [raft-server-1-state] TRACE io.atomix.utils.serializer.Namespace - class java.util.concurrent.CopyOnWriteArraySet registered as 26
03:56:09.220 [raft-server-1-state] TRACE io.atomix.utils.serializer.Namespace - class java.util.ArrayList registered as 27
03:56:09.220 [raft-server-1-state] TRACE io.atomix.utils.serializer.Namespace - class java.util.LinkedList registered as 28
03:56:09.220 [raft-server-1-state] TRACE io.atomix.utils.serializer.Namespace - class java.util.HashSet registered as 29
03:56:09.220 [raft-server-1-state] TRACE io.atomix.utils.serializer.Namespace - class java.util.LinkedHashSet registered as 30
03:56:09.220 [raft-server-1-state] TRACE io.atomix.utils.serializer.Namespace - class com.sun.jmx.remote.internal.ArrayQueue registered as 31
03:56:09.220 [raft-server-1-state] TRACE io.atomix.utils.serializer.Namespace - class java.util.ArrayDeque registered as 32
03:56:09.220 [raft-server-1-state] TRACE io.atomix.utils.serializer.Namespace - class com.google.common.collect.HashMultiset registered as 33
03:56:09.220 [raft-server-1-state] TRACE io.atomix.utils.serializer.Namespace - class com.google.common.collect.Sets registered as 34
03:56:09.220 [raft-server-1-state] TRACE io.atomix.utils.serializer.Namespace - class com.google.common.collect.ImmutableEntry registered as 35
03:56:09.220 [raft-server-1-state] TRACE io.atomix.utils.serializer.Namespace - class java.util.Arrays$ArrayList registered as 36
03:56:09.220 [raft-server-1-state] TRACE io.atomix.utils.serializer.Namespace - class java.util.Collections$SingletonList registered as 37
03:56:09.220 [raft-server-1-state] TRACE io.atomix.utils.serializer.Namespace - class java.time.Duration registered as 38
03:56:09.220 [raft-server-1-state] TRACE io.atomix.utils.serializer.Namespace - class java.util.Collections$EmptySet registered as 39
03:56:09.220 [raft-server-1-state] TRACE io.atomix.utils.serializer.Namespace - class java.util.Optional registered as 40
03:56:09.220 [raft-server-1-state] TRACE io.atomix.utils.serializer.Namespace - class java.util.Collections$EmptyList registered as 41
03:56:09.220 [raft-server-1-state] TRACE io.atomix.utils.serializer.Namespace - class java.util.Collections$SingletonSet registered as 42
03:56:09.220 [raft-server-1-state] TRACE io.atomix.utils.serializer.Namespace - class [I registered as 43
03:56:09.220 [raft-server-1-state] TRACE io.atomix.utils.serializer.Namespace - class [J registered as 44
03:56:09.220 [raft-server-1-state] TRACE io.atomix.utils.serializer.Namespace - class [S registered as 45
03:56:09.220 [raft-server-1-state] TRACE io.atomix.utils.serializer.Namespace - class [D registered as 46
03:56:09.220 [raft-server-1-state] TRACE io.atomix.utils.serializer.Namespace - class [F registered as 47
03:56:09.220 [raft-server-1-state] TRACE io.atomix.utils.serializer.Namespace - class [C registered as 48
03:56:09.220 [raft-server-1-state] TRACE io.atomix.utils.serializer.Namespace - class [Ljava.lang.String; registered as 49
03:56:09.221 [raft-server-1-state] TRACE io.atomix.utils.serializer.Namespace - class [Z registered as 50
03:56:09.221 [raft-server-1-state] TRACE io.atomix.utils.serializer.Namespace - class [Ljava.lang.Object; registered as 51
03:56:09.221 [raft-server-1-state] TRACE io.atomix.utils.serializer.Namespace - class io.atomix.primitive.service.ServiceConfig registered as 52
03:56:09.221 [raft-server-1-state] TRACE io.atomix.utils.serializer.Namespace - Creating Kryo instance for Namespace{registeredBlocks=[RegistrationBlock{begin=16, types=[([Ljava.lang.Class;@7d0100ea,null), ([Ljava.lang.Class;@357bc488,null), ([Ljava.lang.Class;@4ea17147,null), ([Ljava.lang.Class;@2eda4eeb,null), ([Ljava.lang.Class;@5ba90d8a,io.atomix.utils.serializer.serializers.ImmutableListSerializer@309dcdf3), ([Ljava.lang.Class;@7573b9ee,io.atomix.utils.serializer.serializers.ImmutableSetSerializer@9a20cbd), ([Ljava.lang.Class;@1af4955e,io.atomix.utils.serializer.serializers.ImmutableMapSerializer@445821a6), ([Ljava.lang.Class;@2c0c4c0a,null), ([Ljava.lang.Class;@35d26ad2,null), ([Ljava.lang.Class;@bb25753,null), ([Ljava.lang.Class;@ee21292,null), ([Ljava.lang.Class;@40c06358,null), ([Ljava.lang.Class;@66e21568,null), ([Ljava.lang.Class;@7f73ce28,null), ([Ljava.lang.Class;@611b35d6,null), ([Ljava.lang.Class;@2282400e,null), ([Ljava.lang.Class;@543d5863,null), ([Ljava.lang.Class;@35dece42,null), ([Ljava.lang.Class;@dd3f8aa,null), ([Ljava.lang.Class;@3d615b2e,null), ([Ljava.lang.Class;@3a1f2a1,io.atomix.utils.serializer.serializers.ArraysAsListSerializer@40ce9049), ([Ljava.lang.Class;@52ca2652,null), ([Ljava.lang.Class;@65c5bf0e,null), ([Ljava.lang.Class;@697d6ded,null), ([Ljava.lang.Class;@5d05f453,null), ([Ljava.lang.Class;@5efeb117,null), ([Ljava.lang.Class;@160b4809,null), ([Ljava.lang.Class;@149b4d20,null), ([Ljava.lang.Class;@664e848c,null), ([Ljava.lang.Class;@4d93f75b,null), ([Ljava.lang.Class;@114a5e0,null), ([Ljava.lang.Class;@4f281aaf,null), ([Ljava.lang.Class;@5d508d22,null), ([Ljava.lang.Class;@f2b90fc,null), ([Ljava.lang.Class;@2bb41f5c,null), ([Ljava.lang.Class;@24c685e7,null)]}, RegistrationBlock{begin=52, types=[([Ljava.lang.Class;@41149dca,null)]}]}
03:56:09.221 [raft-server-1-state] TRACE io.atomix.utils.serializer.Namespace - class [B registered as 16
03:56:09.221 [raft-server-1-state] TRACE io.atomix.utils.serializer.Namespace - class java.util.concurrent.atomic.AtomicBoolean registered as 17
03:56:09.221 [raft-server-1-state] TRACE io.atomix.utils.serializer.Namespace - class java.util.concurrent.atomic.AtomicInteger registered as 18
03:56:09.221 [raft-server-1-state] TRACE io.atomix.utils.serializer.Namespace - class java.util.concurrent.atomic.AtomicLong registered as 19
03:56:09.221 [raft-server-1-state] TRACE io.atomix.utils.serializer.Namespace - class com.google.common.collect.ImmutableList registered as 20
03:56:09.221 [raft-server-1-state] TRACE io.atomix.utils.serializer.Namespace - class com.google.common.collect.RegularImmutableList registered as 20
03:56:09.221 [raft-server-1-state] TRACE io.atomix.utils.serializer.Namespace - class com.google.common.collect.RegularImmutableList registered as 20
03:56:09.221 [raft-server-1-state] TRACE io.atomix.utils.serializer.Namespace - class com.google.common.collect.ImmutableList$SubList registered as 20
03:56:09.221 [raft-server-1-state] TRACE io.atomix.utils.serializer.Namespace - class com.google.common.collect.ImmutableSet registered as 21
03:56:09.221 [raft-server-1-state] TRACE io.atomix.utils.serializer.Namespace - class com.google.common.collect.RegularImmutableSet registered as 21
03:56:09.221 [raft-server-1-state] TRACE io.atomix.utils.serializer.Namespace - class com.google.common.collect.SingletonImmutableSet registered as 21
03:56:09.221 [raft-server-1-state] TRACE io.atomix.utils.serializer.Namespace - class com.google.common.collect.RegularImmutableSet registered as 21
03:56:09.221 [raft-server-1-state] TRACE io.atomix.utils.serializer.Namespace - class com.google.common.collect.ImmutableMap registered as 22
03:56:09.221 [raft-server-1-state] TRACE io.atomix.utils.serializer.Namespace - class com.google.common.collect.RegularImmutableMap registered as 22
03:56:09.221 [raft-server-1-state] TRACE io.atomix.utils.serializer.Namespace - class com.google.common.collect.RegularImmutableMap registered as 22
03:56:09.221 [raft-server-1-state] TRACE io.atomix.utils.serializer.Namespace - class com.google.common.collect.RegularImmutableMap registered as 22
03:56:09.221 [raft-server-1-state] TRACE io.atomix.utils.serializer.Namespace - class java.util.Collections$UnmodifiableSet registered as 23
03:56:09.221 [raft-server-1-state] TRACE io.atomix.utils.serializer.Namespace - class java.util.HashMap registered as 24
03:56:09.222 [raft-server-1-state] TRACE io.atomix.utils.serializer.Namespace - class java.util.concurrent.ConcurrentHashMap registered as 25
03:56:09.222 [raft-server-1-state] TRACE io.atomix.utils.serializer.Namespace - class java.util.concurrent.CopyOnWriteArraySet registered as 26
03:56:09.222 [raft-server-1-state] TRACE io.atomix.utils.serializer.Namespace - class java.util.ArrayList registered as 27
03:56:09.222 [raft-server-1-state] TRACE io.atomix.utils.serializer.Namespace - class java.util.LinkedList registered as 28
03:56:09.222 [raft-server-1-state] TRACE io.atomix.utils.serializer.Namespace - class java.util.HashSet registered as 29
03:56:09.222 [raft-server-1-state] TRACE io.atomix.utils.serializer.Namespace - class java.util.LinkedHashSet registered as 30
03:56:09.222 [raft-server-1-state] TRACE io.atomix.utils.serializer.Namespace - class com.sun.jmx.remote.internal.ArrayQueue registered as 31
03:56:09.222 [raft-server-1-state] TRACE io.atomix.utils.serializer.Namespace - class java.util.ArrayDeque registered as 32
03:56:09.222 [raft-server-1-state] TRACE io.atomix.utils.serializer.Namespace - class com.google.common.collect.HashMultiset registered as 33
03:56:09.222 [raft-server-1-state] TRACE io.atomix.utils.serializer.Namespace - class com.google.common.collect.Sets registered as 34
03:56:09.222 [raft-server-1-state] TRACE io.atomix.utils.serializer.Namespace - class com.google.common.collect.ImmutableEntry registered as 35
03:56:09.222 [raft-server-1-state] TRACE io.atomix.utils.serializer.Namespace - class java.util.Arrays$ArrayList registered as 36
03:56:09.222 [raft-server-1-state] TRACE io.atomix.utils.serializer.Namespace - class java.util.Collections$SingletonList registered as 37
03:56:09.222 [raft-server-1-state] TRACE io.atomix.utils.serializer.Namespace - class java.time.Duration registered as 38
03:56:09.222 [raft-server-1-state] TRACE io.atomix.utils.serializer.Namespace - class java.util.Collections$EmptySet registered as 39
03:56:09.222 [raft-server-1-state] TRACE io.atomix.utils.serializer.Namespace - class java.util.Optional registered as 40
03:56:09.222 [raft-server-1-state] TRACE io.atomix.utils.serializer.Namespace - class java.util.Collections$EmptyList registered as 41
03:56:09.222 [raft-server-1-state] TRACE io.atomix.utils.serializer.Namespace - class java.util.Collections$SingletonSet registered as 42
03:56:09.222 [raft-server-1-state] TRACE io.atomix.utils.serializer.Namespace - class [I registered as 43
03:56:09.222 [raft-server-1-state] TRACE io.atomix.utils.serializer.Namespace - class [J registered as 44
03:56:09.222 [raft-server-1-state] TRACE io.atomix.utils.serializer.Namespace - class [S registered as 45
03:56:09.222 [raft-server-1-state] TRACE io.atomix.utils.serializer.Namespace - class [D registered as 46
03:56:09.223 [raft-server-1-state] TRACE io.atomix.utils.serializer.Namespace - class [F registered as 47
03:56:09.223 [raft-server-1-state] TRACE io.atomix.utils.serializer.Namespace - class [C registered as 48
03:56:09.223 [raft-server-1-state] TRACE io.atomix.utils.serializer.Namespace - class [Ljava.lang.String; registered as 49
03:56:09.223 [raft-server-1-state] TRACE io.atomix.utils.serializer.Namespace - class [Z registered as 50
03:56:09.223 [raft-server-1-state] TRACE io.atomix.utils.serializer.Namespace - class [Ljava.lang.Object; registered as 51
03:56:09.223 [raft-server-1-state] TRACE io.atomix.utils.serializer.Namespace - class io.atomix.primitive.service.ServiceConfig registered as 52
03:56:09.223 [raft-server-1-state] TRACE io.atomix.utils.serializer.Namespace - Creating Kryo instance for Namespace{registeredBlocks=[RegistrationBlock{begin=16, types=[([Ljava.lang.Class;@7d0100ea,null), ([Ljava.lang.Class;@357bc488,null), ([Ljava.lang.Class;@4ea17147,null), ([Ljava.lang.Class;@2eda4eeb,null), ([Ljava.lang.Class;@5ba90d8a,io.atomix.utils.serializer.serializers.ImmutableListSerializer@309dcdf3), ([Ljava.lang.Class;@7573b9ee,io.atomix.utils.serializer.serializers.ImmutableSetSerializer@9a20cbd), ([Ljava.lang.Class;@1af4955e,io.atomix.utils.serializer.serializers.ImmutableMapSerializer@445821a6), ([Ljava.lang.Class;@2c0c4c0a,null), ([Ljava.lang.Class;@35d26ad2,null), ([Ljava.lang.Class;@bb25753,null), ([Ljava.lang.Class;@ee21292,null), ([Ljava.lang.Class;@40c06358,null), ([Ljava.lang.Class;@66e21568,null), ([Ljava.lang.Class;@7f73ce28,null), ([Ljava.lang.Class;@611b35d6,null), ([Ljava.lang.Class;@2282400e,null), ([Ljava.lang.Class;@543d5863,null), ([Ljava.lang.Class;@35dece42,null), ([Ljava.lang.Class;@dd3f8aa,null), ([Ljava.lang.Class;@3d615b2e,null), ([Ljava.lang.Class;@3a1f2a1,io.atomix.utils.serializer.serializers.ArraysAsListSerializer@40ce9049), ([Ljava.lang.Class;@52ca2652,null), ([Ljava.lang.Class;@65c5bf0e,null), ([Ljava.lang.Class;@697d6ded,null), ([Ljava.lang.Class;@5d05f453,null), ([Ljava.lang.Class;@5efeb117,null), ([Ljava.lang.Class;@160b4809,null), ([Ljava.lang.Class;@149b4d20,null), ([Ljava.lang.Class;@664e848c,null), ([Ljava.lang.Class;@4d93f75b,null), ([Ljava.lang.Class;@114a5e0,null), ([Ljava.lang.Class;@4f281aaf,null), ([Ljava.lang.Class;@5d508d22,null), ([Ljava.lang.Class;@f2b90fc,null), ([Ljava.lang.Class;@2bb41f5c,null), ([Ljava.lang.Class;@24c685e7,null)]}, RegistrationBlock{begin=52, types=[([Ljava.lang.Class;@452b1130,null)]}]}
03:56:09.223 [raft-server-1-state] TRACE io.atomix.utils.serializer.Namespace - class [B registered as 16
03:56:09.223 [raft-server-1-state] TRACE io.atomix.utils.serializer.Namespace - class java.util.concurrent.atomic.AtomicBoolean registered as 17
03:56:09.223 [raft-server-1-state] TRACE io.atomix.utils.serializer.Namespace - class java.util.concurrent.atomic.AtomicInteger registered as 18
03:56:09.223 [raft-server-1-state] TRACE io.atomix.utils.serializer.Namespace - class java.util.concurrent.atomic.AtomicLong registered as 19
03:56:09.223 [raft-server-1-state] TRACE io.atomix.utils.serializer.Namespace - class com.google.common.collect.ImmutableList registered as 20
03:56:09.223 [raft-server-1-state] TRACE io.atomix.utils.serializer.Namespace - class com.google.common.collect.RegularImmutableList registered as 20
03:56:09.223 [raft-server-1-state] TRACE io.atomix.utils.serializer.Namespace - class com.google.common.collect.RegularImmutableList registered as 20
03:56:09.223 [raft-server-1-state] TRACE io.atomix.utils.serializer.Namespace - class com.google.common.collect.ImmutableList$SubList registered as 20
03:56:09.223 [raft-server-1-state] TRACE io.atomix.utils.serializer.Namespace - class com.google.common.collect.ImmutableSet registered as 21
03:56:09.223 [raft-server-1-state] TRACE io.atomix.utils.serializer.Namespace - class com.google.common.collect.RegularImmutableSet registered as 21
03:56:09.223 [raft-server-1-state] TRACE io.atomix.utils.serializer.Namespace - class com.google.common.collect.SingletonImmutableSet registered as 21
03:56:09.223 [raft-server-1-state] TRACE io.atomix.utils.serializer.Namespace - class com.google.common.collect.RegularImmutableSet registered as 21
03:56:09.223 [raft-server-1-state] TRACE io.atomix.utils.serializer.Namespace - class com.google.common.collect.ImmutableMap registered as 22
03:56:09.223 [raft-server-1-state] TRACE io.atomix.utils.serializer.Namespace - class com.google.common.collect.RegularImmutableMap registered as 22
03:56:09.223 [raft-server-1-state] TRACE io.atomix.utils.serializer.Namespace - class com.google.common.collect.RegularImmutableMap registered as 22
03:56:09.223 [raft-server-1-state] TRACE io.atomix.utils.serializer.Namespace - class com.google.common.collect.RegularImmutableMap registered as 22
03:56:09.223 [raft-server-1-state] TRACE io.atomix.utils.serializer.Namespace - class java.util.Collections$UnmodifiableSet registered as 23
03:56:09.224 [raft-server-1-state] TRACE io.atomix.utils.serializer.Namespace - class java.util.HashMap registered as 24
03:56:09.224 [raft-server-1-state] TRACE io.atomix.utils.serializer.Namespace - class java.util.concurrent.ConcurrentHashMap registered as 25
03:56:09.224 [raft-server-1-state] TRACE io.atomix.utils.serializer.Namespace - class java.util.concurrent.CopyOnWriteArraySet registered as 26
03:56:09.224 [raft-server-1-state] TRACE io.atomix.utils.serializer.Namespace - class java.util.ArrayList registered as 27
03:56:09.224 [raft-server-1-state] TRACE io.atomix.utils.serializer.Namespace - class java.util.LinkedList registered as 28
03:56:09.224 [raft-server-1-state] TRACE io.atomix.utils.serializer.Namespace - class java.util.HashSet registered as 29
03:56:09.224 [raft-server-1-state] TRACE io.atomix.utils.serializer.Namespace - class java.util.LinkedHashSet registered as 30
03:56:09.224 [raft-server-1-state] TRACE io.atomix.utils.serializer.Namespace - class com.sun.jmx.remote.internal.ArrayQueue registered as 31
03:56:09.224 [raft-server-1-state] TRACE io.atomix.utils.serializer.Namespace - class java.util.ArrayDeque registered as 32
03:56:09.224 [raft-server-1-state] TRACE io.atomix.utils.serializer.Namespace - class com.google.common.collect.HashMultiset registered as 33
03:56:09.224 [raft-server-1-state] TRACE io.atomix.utils.serializer.Namespace - class com.google.common.collect.Sets registered as 34
03:56:09.224 [raft-server-1-state] TRACE io.atomix.utils.serializer.Namespace - class com.google.common.collect.ImmutableEntry registered as 35
03:56:09.224 [raft-server-1-state] TRACE io.atomix.utils.serializer.Namespace - class java.util.Arrays$ArrayList registered as 36
03:56:09.224 [raft-server-1-state] TRACE io.atomix.utils.serializer.Namespace - class java.util.Collections$SingletonList registered as 37
03:56:09.224 [raft-server-1-state] TRACE io.atomix.utils.serializer.Namespace - class java.time.Duration registered as 38
03:56:09.224 [raft-server-1-state] TRACE io.atomix.utils.serializer.Namespace - class java.util.Collections$EmptySet registered as 39
03:56:09.224 [raft-server-1-state] TRACE io.atomix.utils.serializer.Namespace - class java.util.Optional registered as 40
03:56:09.224 [raft-server-1-state] TRACE io.atomix.utils.serializer.Namespace - class java.util.Collections$EmptyList registered as 41
03:56:09.224 [raft-server-1-state] TRACE io.atomix.utils.serializer.Namespace - class java.util.Collections$SingletonSet registered as 42
03:56:09.224 [raft-server-1-state] TRACE io.atomix.utils.serializer.Namespace - class [I registered as 43
03:56:09.224 [raft-server-1-state] TRACE io.atomix.utils.serializer.Namespace - class [J registered as 44
03:56:09.224 [raft-server-1-state] TRACE io.atomix.utils.serializer.Namespace - class [S registered as 45
03:56:09.224 [raft-server-1-state] TRACE io.atomix.utils.serializer.Namespace - class [D registered as 46
03:56:09.225 [raft-server-1-state] TRACE io.atomix.utils.serializer.Namespace - class [F registered as 47
03:56:09.225 [raft-server-1-state] TRACE io.atomix.utils.serializer.Namespace - class [C registered as 48
03:56:09.225 [raft-server-1-state] TRACE io.atomix.utils.serializer.Namespace - class [Ljava.lang.String; registered as 49
03:56:09.225 [raft-server-1-state] TRACE io.atomix.utils.serializer.Namespace - class [Z registered as 50
03:56:09.225 [raft-server-1-state] TRACE io.atomix.utils.serializer.Namespace - class [Ljava.lang.Object; registered as 51
03:56:09.225 [raft-server-1-state] TRACE io.atomix.utils.serializer.Namespace - class io.atomix.primitive.service.ServiceConfig registered as 52
03:56:09.225 [raft-server-1-state] DEBUG i.a.p.s.impl.DefaultServiceExecutor - PrimitiveService{2}{type=io.atomix.protocols.raft.RaftTest$TestPrimitiveType@2997f1, name=raft-test} - Registered operation callback DefaultOperationId{id=sendEvent, type=COMMAND}
03:56:09.225 [raft-server-1-state] DEBUG i.a.p.s.impl.DefaultServiceExecutor - PrimitiveService{2}{type=io.atomix.protocols.raft.RaftTest$TestPrimitiveType@2997f1, name=raft-test} - Registered operation callback DefaultOperationId{id=onClose, type=COMMAND}
03:56:09.225 [raft-server-1-state] DEBUG i.a.p.s.impl.DefaultServiceExecutor - PrimitiveService{2}{type=io.atomix.protocols.raft.RaftTest$TestPrimitiveType@2997f1, name=raft-test} - Registered operation callback DefaultOperationId{id=read, type=QUERY}
03:56:09.225 [raft-server-1-state] DEBUG i.a.p.s.impl.DefaultServiceExecutor - PrimitiveService{2}{type=io.atomix.protocols.raft.RaftTest$TestPrimitiveType@2997f1, name=raft-test} - Registered operation callback DefaultOperationId{id=onExpire, type=COMMAND}
03:56:09.225 [raft-server-1-state] DEBUG i.a.p.s.impl.DefaultServiceExecutor - PrimitiveService{2}{type=io.atomix.protocols.raft.RaftTest$TestPrimitiveType@2997f1, name=raft-test} - Registered operation callback DefaultOperationId{id=write, type=COMMAND}
03:56:09.225 [raft-server-1-state] TRACE io.atomix.utils.serializer.Namespace - Creating Kryo instance for Namespace{registeredBlocks=[RegistrationBlock{begin=16, types=[([Ljava.lang.Class;@7d0100ea,null), ([Ljava.lang.Class;@357bc488,null), ([Ljava.lang.Class;@4ea17147,null), ([Ljava.lang.Class;@2eda4eeb,null), ([Ljava.lang.Class;@5ba90d8a,io.atomix.utils.serializer.serializers.ImmutableListSerializer@309dcdf3), ([Ljava.lang.Class;@7573b9ee,io.atomix.utils.serializer.serializers.ImmutableSetSerializer@9a20cbd), ([Ljava.lang.Class;@1af4955e,io.atomix.utils.serializer.serializers.ImmutableMapSerializer@445821a6), ([Ljava.lang.Class;@2c0c4c0a,null), ([Ljava.lang.Class;@35d26ad2,null), ([Ljava.lang.Class;@bb25753,null), ([Ljava.lang.Class;@ee21292,null), ([Ljava.lang.Class;@40c06358,null), ([Ljava.lang.Class;@66e21568,null), ([Ljava.lang.Class;@7f73ce28,null), ([Ljava.lang.Class;@611b35d6,null), ([Ljava.lang.Class;@2282400e,null), ([Ljava.lang.Class;@543d5863,null), ([Ljava.lang.Class;@35dece42,null), ([Ljava.lang.Class;@dd3f8aa,null), ([Ljava.lang.Class;@3d615b2e,null), ([Ljava.lang.Class;@3a1f2a1,io.atomix.utils.serializer.serializers.ArraysAsListSerializer@40ce9049), ([Ljava.lang.Class;@52ca2652,null), ([Ljava.lang.Class;@65c5bf0e,null), ([Ljava.lang.Class;@697d6ded,null), ([Ljava.lang.Class;@5d05f453,null), ([Ljava.lang.Class;@5efeb117,null), ([Ljava.lang.Class;@160b4809,null), ([Ljava.lang.Class;@149b4d20,null), ([Ljava.lang.Class;@664e848c,null), ([Ljava.lang.Class;@4d93f75b,null), ([Ljava.lang.Class;@114a5e0,null), ([Ljava.lang.Class;@4f281aaf,null), ([Ljava.lang.Class;@5d508d22,null), ([Ljava.lang.Class;@f2b90fc,null), ([Ljava.lang.Class;@2bb41f5c,null), ([Ljava.lang.Class;@24c685e7,null)]}, RegistrationBlock{begin=52, types=[([Ljava.lang.Class;@547cecce,null)]}]}
03:56:09.225 [raft-server-1-state] TRACE io.atomix.utils.serializer.Namespace - class [B registered as 16
03:56:09.225 [raft-server-1-state] TRACE io.atomix.utils.serializer.Namespace - class java.util.concurrent.atomic.AtomicBoolean registered as 17
03:56:09.225 [raft-server-1-state] TRACE io.atomix.utils.serializer.Namespace - class java.util.concurrent.atomic.AtomicInteger registered as 18
03:56:09.225 [raft-server-1-state] TRACE io.atomix.utils.serializer.Namespace - class java.util.concurrent.atomic.AtomicLong registered as 19
03:56:09.225 [raft-server-1-state] TRACE io.atomix.utils.serializer.Namespace - class com.google.common.collect.ImmutableList registered as 20
03:56:09.225 [raft-server-1-state] TRACE io.atomix.utils.serializer.Namespace - class com.google.common.collect.RegularImmutableList registered as 20
03:56:09.225 [raft-server-1-state] TRACE io.atomix.utils.serializer.Namespace - class com.google.common.collect.RegularImmutableList registered as 20
03:56:09.225 [raft-server-1-state] TRACE io.atomix.utils.serializer.Namespace - class com.google.common.collect.ImmutableList$SubList registered as 20
03:56:09.226 [raft-server-1-state] TRACE io.atomix.utils.serializer.Namespace - class com.google.common.collect.ImmutableSet registered as 21
03:56:09.226 [raft-server-1-state] TRACE io.atomix.utils.serializer.Namespace - class com.google.common.collect.RegularImmutableSet registered as 21
03:56:09.226 [raft-server-1-state] TRACE io.atomix.utils.serializer.Namespace - class com.google.common.collect.SingletonImmutableSet registered as 21
03:56:09.226 [raft-server-1-state] TRACE io.atomix.utils.serializer.Namespace - class com.google.common.collect.RegularImmutableSet registered as 21
03:56:09.226 [raft-server-1-state] TRACE io.atomix.utils.serializer.Namespace - class com.google.common.collect.ImmutableMap registered as 22
03:56:09.226 [raft-server-1-state] TRACE io.atomix.utils.serializer.Namespace - class com.google.common.collect.RegularImmutableMap registered as 22
03:56:09.226 [raft-server-1-state] TRACE io.atomix.utils.serializer.Namespace - class com.google.common.collect.RegularImmutableMap registered as 22
03:56:09.226 [raft-server-1-state] TRACE io.atomix.utils.serializer.Namespace - class com.google.common.collect.RegularImmutableMap registered as 22
03:56:09.226 [raft-server-1-state] TRACE io.atomix.utils.serializer.Namespace - class java.util.Collections$UnmodifiableSet registered as 23
03:56:09.226 [raft-server-1-state] TRACE io.atomix.utils.serializer.Namespace - class java.util.HashMap registered as 24
03:56:09.226 [raft-server-1-state] TRACE io.atomix.utils.serializer.Namespace - class java.util.concurrent.ConcurrentHashMap registered as 25
03:56:09.226 [raft-server-1-state] TRACE io.atomix.utils.serializer.Namespace - class java.util.concurrent.CopyOnWriteArraySet registered as 26
03:56:09.226 [raft-server-1-state] TRACE io.atomix.utils.serializer.Namespace - class java.util.ArrayList registered as 27
03:56:09.226 [raft-server-1-state] TRACE io.atomix.utils.serializer.Namespace - class java.util.LinkedList registered as 28
03:56:09.226 [raft-server-1-state] TRACE io.atomix.utils.serializer.Namespace - class java.util.HashSet registered as 29
03:56:09.226 [raft-server-1-state] TRACE io.atomix.utils.serializer.Namespace - class java.util.LinkedHashSet registered as 30
03:56:09.226 [raft-server-1-state] TRACE io.atomix.utils.serializer.Namespace - class com.sun.jmx.remote.internal.ArrayQueue registered as 31
03:56:09.226 [raft-server-1-state] TRACE io.atomix.utils.serializer.Namespace - class java.util.ArrayDeque registered as 32
03:56:09.226 [raft-server-1-state] TRACE io.atomix.utils.serializer.Namespace - class com.google.common.collect.HashMultiset registered as 33
03:56:09.226 [raft-server-1-state] TRACE io.atomix.utils.serializer.Namespace - class com.google.common.collect.Sets registered as 34
03:56:09.226 [raft-server-1-state] TRACE io.atomix.utils.serializer.Namespace - class com.google.common.collect.ImmutableEntry registered as 35
03:56:09.226 [raft-server-1-state] TRACE io.atomix.utils.serializer.Namespace - class java.util.Arrays$ArrayList registered as 36
03:56:09.226 [raft-server-1-state] TRACE io.atomix.utils.serializer.Namespace - class java.util.Collections$SingletonList registered as 37
03:56:09.226 [raft-server-1-state] TRACE io.atomix.utils.serializer.Namespace - class java.time.Duration registered as 38
03:56:09.226 [raft-server-1-state] TRACE io.atomix.utils.serializer.Namespace - class java.util.Collections$EmptySet registered as 39
03:56:09.226 [raft-server-1-state] TRACE io.atomix.utils.serializer.Namespace - class java.util.Optional registered as 40
03:56:09.226 [raft-server-1-state] TRACE io.atomix.utils.serializer.Namespace - class java.util.Collections$EmptyList registered as 41
03:56:09.226 [raft-server-1-state] TRACE io.atomix.utils.serializer.Namespace - class java.util.Collections$SingletonSet registered as 42
03:56:09.226 [raft-server-1-state] TRACE io.atomix.utils.serializer.Namespace - class [I registered as 43
03:56:09.226 [raft-server-1-state] TRACE io.atomix.utils.serializer.Namespace - class [J registered as 44
03:56:09.226 [raft-server-1-state] TRACE io.atomix.utils.serializer.Namespace - class [S registered as 45
03:56:09.227 [raft-server-1-state] TRACE io.atomix.utils.serializer.Namespace - class [D registered as 46
03:56:09.227 [raft-server-1-state] TRACE io.atomix.utils.serializer.Namespace - class [F registered as 47
03:56:09.227 [raft-server-1-state] TRACE io.atomix.utils.serializer.Namespace - class [C registered as 48
03:56:09.227 [raft-server-1-state] TRACE io.atomix.utils.serializer.Namespace - class [Ljava.lang.String; registered as 49
03:56:09.227 [raft-server-1-state] TRACE io.atomix.utils.serializer.Namespace - class [Z registered as 50
03:56:09.227 [raft-server-1-state] TRACE io.atomix.utils.serializer.Namespace - class [Ljava.lang.Object; registered as 51
03:56:09.227 [raft-server-1-state] TRACE io.atomix.utils.serializer.Namespace - class io.atomix.primitive.service.ServiceConfig registered as 52
03:56:09.227 [raft-server-1-state] DEBUG i.a.p.r.service.RaftServiceContext - PrimitiveService{2}{type=io.atomix.protocols.raft.RaftTest$TestPrimitiveType@2997f1, name=raft-test} - Opening session 2
03:56:09.227 [raft-server-1-state] DEBUG i.a.p.raft.session.RaftSession - Session{2}{type=io.atomix.protocols.raft.RaftTest$TestPrimitiveType@2997f1, name=raft-test} - State changed: OPEN
03:56:09.227 [raft-server-1-state] TRACE i.a.protocols.raft.roles.LeaderRole - RaftServer{1}{role=LEADER} - Sending OpenSessionResponse{status=OK, session=2, timeout=5000}
03:56:09.227 [raft-client-fc80a008-639d-42fe-bb37-24bc71d605c3-1] TRACE i.a.p.r.s.impl.RaftSessionConnection - RaftClient{fc80a008-639d-42fe-bb37-24bc71d605c3} - Received OpenSessionResponse{status=OK, session=2, timeout=5000} from 1
03:56:09.228 [raft-client-fc80a008-639d-42fe-bb37-24bc71d605c3-0] TRACE i.a.p.r.s.impl.RaftSessionManager - RaftClient{fc80a008-639d-42fe-bb37-24bc71d605c3} - Keeping 1 sessions alive
03:56:09.229 [raft-client-fc80a008-639d-42fe-bb37-24bc71d605c3-2] TRACE i.a.p.r.s.impl.RaftSessionConnection - RaftClient{fc80a008-639d-42fe-bb37-24bc71d605c3} - Sending KeepAliveRequest{sessionIds=long[]{length=1, hash=33}, commandSequences=long[]{length=1, hash=31}, eventIndexes=long[]{length=1, hash=33}} to 1
03:56:09.229 [raft-client-fc80a008-639d-42fe-bb37-24bc71d605c3-0] DEBUG i.a.p.s.impl.RecoveringSessionClient - SessionClient{2}{type=io.atomix.protocols.raft.RaftTest$TestPrimitiveType@68b11545, name=raft-test} - State changed: CONNECTED
03:56:09.229 [raft-server-1] TRACE i.a.protocols.raft.roles.LeaderRole - RaftServer{1}{role=LEADER} - Received KeepAliveRequest{sessionIds=long[]{length=1, hash=33}, commandSequences=long[]{length=1, hash=31}, eventIndexes=long[]{length=1, hash=33}}
03:56:09.229 [raft-server-1] TRACE i.a.protocols.raft.roles.LeaderRole - RaftServer{1}{role=LEADER} - Appended Indexed{index=3, entry=KeepAliveEntry{term=1, timestamp=2018-06-10 03:56:09,229, sessionIds=long[]{length=1, hash=33}, commandSequences=long[]{length=1, hash=31}, eventIndexes=long[]{length=1, hash=33}}}
03:56:09.229 [main] TRACE io.atomix.utils.serializer.Namespace - Creating Kryo instance for Namespace{registeredBlocks=[RegistrationBlock{begin=16, types=[([Ljava.lang.Class;@7d0100ea,null), ([Ljava.lang.Class;@357bc488,null), ([Ljava.lang.Class;@4ea17147,null), ([Ljava.lang.Class;@2eda4eeb,null), ([Ljava.lang.Class;@5ba90d8a,io.atomix.utils.serializer.serializers.ImmutableListSerializer@309dcdf3), ([Ljava.lang.Class;@7573b9ee,io.atomix.utils.serializer.serializers.ImmutableSetSerializer@9a20cbd), ([Ljava.lang.Class;@1af4955e,io.atomix.utils.serializer.serializers.ImmutableMapSerializer@445821a6), ([Ljava.lang.Class;@2c0c4c0a,null), ([Ljava.lang.Class;@35d26ad2,null), ([Ljava.lang.Class;@bb25753,null), ([Ljava.lang.Class;@ee21292,null), ([Ljava.lang.Class;@40c06358,null), ([Ljava.lang.Class;@66e21568,null), ([Ljava.lang.Class;@7f73ce28,null), ([Ljava.lang.Class;@611b35d6,null), ([Ljava.lang.Class;@2282400e,null), ([Ljava.lang.Class;@543d5863,null), ([Ljava.lang.Class;@35dece42,null), ([Ljava.lang.Class;@dd3f8aa,null), ([Ljava.lang.Class;@3d615b2e,null), ([Ljava.lang.Class;@3a1f2a1,io.atomix.utils.serializer.serializers.ArraysAsListSerializer@40ce9049), ([Ljava.lang.Class;@52ca2652,null), ([Ljava.lang.Class;@65c5bf0e,null), ([Ljava.lang.Class;@697d6ded,null), ([Ljava.lang.Class;@5d05f453,null), ([Ljava.lang.Class;@5efeb117,null), ([Ljava.lang.Class;@160b4809,null), ([Ljava.lang.Class;@149b4d20,null), ([Ljava.lang.Class;@664e848c,null), ([Ljava.lang.Class;@4d93f75b,null), ([Ljava.lang.Class;@114a5e0,null), ([Ljava.lang.Class;@4f281aaf,null), ([Ljava.lang.Class;@5d508d22,null), ([Ljava.lang.Class;@f2b90fc,null), ([Ljava.lang.Class;@2bb41f5c,null), ([Ljava.lang.Class;@24c685e7,null)]}, RegistrationBlock{begin=52, types=[([Ljava.lang.Class;@49c1e294,null)]}]}
03:56:09.229 [raft-server-1] TRACE i.a.p.raft.roles.LeaderAppender - RaftServer{1} - Sending AppendRequest{term=1, leader=1, prevLogIndex=2, prevLogTerm=1, entries=1, commitIndex=2} to 2
03:56:09.229 [main] TRACE io.atomix.utils.serializer.Namespace - class [B registered as 16
03:56:09.229 [main] TRACE io.atomix.utils.serializer.Namespace - class java.util.concurrent.atomic.AtomicBoolean registered as 17
03:56:09.229 [main] TRACE io.atomix.utils.serializer.Namespace - class java.util.concurrent.atomic.AtomicInteger registered as 18
03:56:09.230 [main] TRACE io.atomix.utils.serializer.Namespace - class java.util.concurrent.atomic.AtomicLong registered as 19
03:56:09.230 [main] TRACE io.atomix.utils.serializer.Namespace - class com.google.common.collect.ImmutableList registered as 20
03:56:09.230 [main] TRACE io.atomix.utils.serializer.Namespace - class com.google.common.collect.RegularImmutableList registered as 20
03:56:09.230 [main] TRACE io.atomix.utils.serializer.Namespace - class com.google.common.collect.RegularImmutableList registered as 20
03:56:09.230 [main] TRACE io.atomix.utils.serializer.Namespace - class com.google.common.collect.ImmutableList$SubList registered as 20
03:56:09.230 [main] TRACE io.atomix.utils.serializer.Namespace - class com.google.common.collect.ImmutableSet registered as 21
03:56:09.230 [main] TRACE io.atomix.utils.serializer.Namespace - class com.google.common.collect.RegularImmutableSet registered as 21
03:56:09.230 [main] TRACE io.atomix.utils.serializer.Namespace - class com.google.common.collect.SingletonImmutableSet registered as 21
03:56:09.230 [main] TRACE io.atomix.utils.serializer.Namespace - class com.google.common.collect.RegularImmutableSet registered as 21
03:56:09.230 [main] TRACE io.atomix.utils.serializer.Namespace - class com.google.common.collect.ImmutableMap registered as 22
03:56:09.230 [main] TRACE io.atomix.utils.serializer.Namespace - class com.google.common.collect.RegularImmutableMap registered as 22
03:56:09.230 [main] TRACE io.atomix.utils.serializer.Namespace - class com.google.common.collect.RegularImmutableMap registered as 22
03:56:09.230 [main] TRACE io.atomix.utils.serializer.Namespace - class com.google.common.collect.RegularImmutableMap registered as 22
03:56:09.230 [main] TRACE io.atomix.utils.serializer.Namespace - class java.util.Collections$UnmodifiableSet registered as 23
03:56:09.230 [main] TRACE io.atomix.utils.serializer.Namespace - class java.util.HashMap registered as 24
03:56:09.230 [main] TRACE io.atomix.utils.serializer.Namespace - class java.util.concurrent.ConcurrentHashMap registered as 25
03:56:09.230 [main] TRACE io.atomix.utils.serializer.Namespace - class java.util.concurrent.CopyOnWriteArraySet registered as 26
03:56:09.230 [main] TRACE io.atomix.utils.serializer.Namespace - class java.util.ArrayList registered as 27
03:56:09.230 [main] TRACE io.atomix.utils.serializer.Namespace - class java.util.LinkedList registered as 28
03:56:09.230 [main] TRACE io.atomix.utils.serializer.Namespace - class java.util.HashSet registered as 29
03:56:09.230 [main] TRACE io.atomix.utils.serializer.Namespace - class java.util.LinkedHashSet registered as 30
03:56:09.231 [main] TRACE io.atomix.utils.serializer.Namespace - class com.sun.jmx.remote.internal.ArrayQueue registered as 31
03:56:09.231 [main] TRACE io.atomix.utils.serializer.Namespace - class java.util.ArrayDeque registered as 32
03:56:09.231 [main] TRACE io.atomix.utils.serializer.Namespace - class com.google.common.collect.HashMultiset registered as 33
03:56:09.231 [main] TRACE io.atomix.utils.serializer.Namespace - class com.google.common.collect.Sets registered as 34
03:56:09.231 [main] TRACE io.atomix.utils.serializer.Namespace - class com.google.common.collect.ImmutableEntry registered as 35
03:56:09.231 [main] TRACE io.atomix.utils.serializer.Namespace - class java.util.Arrays$ArrayList registered as 36
03:56:09.231 [main] TRACE io.atomix.utils.serializer.Namespace - class java.util.Collections$SingletonList registered as 37
03:56:09.231 [main] TRACE io.atomix.utils.serializer.Namespace - class java.time.Duration registered as 38
03:56:09.231 [main] TRACE io.atomix.utils.serializer.Namespace - class java.util.Collections$EmptySet registered as 39
03:56:09.231 [main] TRACE io.atomix.utils.serializer.Namespace - class java.util.Optional registered as 40
03:56:09.231 [main] TRACE io.atomix.utils.serializer.Namespace - class java.util.Collections$EmptyList registered as 41
03:56:09.231 [main] TRACE io.atomix.utils.serializer.Namespace - class java.util.Collections$SingletonSet registered as 42
03:56:09.231 [main] TRACE io.atomix.utils.serializer.Namespace - class [I registered as 43
03:56:09.231 [main] TRACE io.atomix.utils.serializer.Namespace - class [J registered as 44
03:56:09.231 [main] TRACE io.atomix.utils.serializer.Namespace - class [S registered as 45
03:56:09.232 [main] TRACE io.atomix.utils.serializer.Namespace - class [D registered as 46
03:56:09.232 [main] TRACE io.atomix.utils.serializer.Namespace - class [F registered as 47
03:56:09.232 [main] TRACE io.atomix.utils.serializer.Namespace - class [C registered as 48
03:56:09.232 [main] TRACE io.atomix.utils.serializer.Namespace - class [Ljava.lang.String; registered as 49
03:56:09.232 [main] TRACE io.atomix.utils.serializer.Namespace - class [Z registered as 50
03:56:09.232 [main] TRACE io.atomix.utils.serializer.Namespace - class [Ljava.lang.Object; registered as 51
03:56:09.232 [main] TRACE io.atomix.utils.serializer.Namespace - class io.atomix.primitive.service.ServiceConfig registered as 52
03:56:09.233 [raft-client-fc80a008-639d-42fe-bb37-24bc71d605c3-3] TRACE i.a.p.r.s.impl.RaftSessionConnection - SessionClient{2}{type=io.atomix.protocols.raft.RaftTest$TestPrimitiveType@68b11545, name=raft-test} - Sending CommandRequest{session=2, sequence=1, operation=PrimitiveOperation{id=DefaultOperationId{id=write, type=COMMAND}, value=byte[]{length=17, hash=-1644578928}}} to 1
03:56:09.234 [raft-server-1] TRACE i.a.protocols.raft.roles.LeaderRole - RaftServer{1}{role=LEADER} - Received CommandRequest{session=2, sequence=1, operation=PrimitiveOperation{id=DefaultOperationId{id=write, type=COMMAND}, value=byte[]{length=17, hash=-1644578928}}}
03:56:09.234 [raft-server-1] TRACE i.a.protocols.raft.roles.LeaderRole - RaftServer{1}{role=LEADER} - Appended Indexed{index=4, entry=CommandEntry{term=1, timestamp=2018-06-10 03:56:09,234, session=2, sequence=1, operation=PrimitiveOperation{id=DefaultOperationId{id=write, type=COMMAND}, value=byte[]{length=17, hash=-1644578928}}}}
03:56:09.293 [raft-server-3] TRACE i.a.p.raft.roles.FollowerRole - RaftServer{3}{role=FOLLOWER} - Committed entries up to index 2
03:56:09.293 [raft-server-2] TRACE i.a.p.raft.roles.FollowerRole - RaftServer{2}{role=FOLLOWER} - Committed entries up to index 2
03:56:09.293 [raft-server-3] TRACE i.a.p.raft.roles.FollowerRole - RaftServer{3}{role=FOLLOWER} - Sending AppendResponse{status=OK, term=1, succeeded=true, lastLogIndex=2}
03:56:09.293 [raft-server-2] TRACE i.a.p.raft.roles.FollowerRole - RaftServer{2}{role=FOLLOWER} - Sending AppendResponse{status=OK, term=1, succeeded=true, lastLogIndex=2}
03:56:09.293 [raft-server-1] TRACE i.a.p.raft.roles.LeaderAppender - RaftServer{1} - Received AppendResponse{status=OK, term=1, succeeded=true, lastLogIndex=2} from 3
03:56:09.293 [raft-server-2] TRACE i.a.p.raft.roles.FollowerRole - RaftServer{2}{role=FOLLOWER} - Received AppendRequest{term=1, leader=1, prevLogIndex=2, prevLogTerm=1, entries=1, commitIndex=2}
03:56:09.293 [raft-server-1] TRACE i.a.p.raft.roles.LeaderAppender - RaftServer{1} - Sending AppendRequest{term=1, leader=1, prevLogIndex=2, prevLogTerm=1, entries=2, commitIndex=2} to 3
03:56:09.293 [raft-server-3-state] TRACE i.a.p.raft.impl.RaftServiceManager - RaftServer{3} - Applying Indexed{index=2, entry=OpenSessionEntry{term=1, timestamp=2018-06-10 03:56:09,147, node=4, serviceName=raft-test, serviceType=raft-test, serviceConfig=byte[]{length=2, hash=2636}, readConsistency=LINEARIZABLE, minTimeout=250, maxTimeout=5000}}
03:56:09.293 [raft-server-3] TRACE i.a.p.raft.roles.FollowerRole - RaftServer{3}{role=FOLLOWER} - Received AppendRequest{term=1, leader=1, prevLogIndex=2, prevLogTerm=1, entries=2, commitIndex=2}
03:56:09.293 [raft-server-1] TRACE i.a.p.raft.roles.LeaderAppender - RaftServer{1} - Received AppendResponse{status=OK, term=1, succeeded=true, lastLogIndex=2} from 2
03:56:09.293 [raft-server-2] TRACE i.a.p.raft.roles.FollowerRole - RaftServer{2}{role=FOLLOWER} - Appended Indexed{index=3, entry=KeepAliveEntry{term=1, timestamp=2018-06-10 03:56:09,229, sessionIds=long[]{length=1, hash=33}, commandSequences=long[]{length=1, hash=31}, eventIndexes=long[]{length=1, hash=33}}}
03:56:09.293 [raft-server-3-state] TRACE io.atomix.utils.serializer.Namespace - Creating Kryo instance for Namespace{registeredBlocks=[RegistrationBlock{begin=16, types=[([Ljava.lang.Class;@7d0100ea,null), ([Ljava.lang.Class;@357bc488,null), ([Ljava.lang.Class;@4ea17147,null), ([Ljava.lang.Class;@2eda4eeb,null), ([Ljava.lang.Class;@5ba90d8a,io.atomix.utils.serializer.serializers.ImmutableListSerializer@309dcdf3), ([Ljava.lang.Class;@7573b9ee,io.atomix.utils.serializer.serializers.ImmutableSetSerializer@9a20cbd), ([Ljava.lang.Class;@1af4955e,io.atomix.utils.serializer.serializers.ImmutableMapSerializer@445821a6), ([Ljava.lang.Class;@2c0c4c0a,null), ([Ljava.lang.Class;@35d26ad2,null), ([Ljava.lang.Class;@bb25753,null), ([Ljava.lang.Class;@ee21292,null), ([Ljava.lang.Class;@40c06358,null), ([Ljava.lang.Class;@66e21568,null), ([Ljava.lang.Class;@7f73ce28,null), ([Ljava.lang.Class;@611b35d6,null), ([Ljava.lang.Class;@2282400e,null), ([Ljava.lang.Class;@543d5863,null), ([Ljava.lang.Class;@35dece42,null), ([Ljava.lang.Class;@dd3f8aa,null), ([Ljava.lang.Class;@3d615b2e,null), ([Ljava.lang.Class;@3a1f2a1,io.atomix.utils.serializer.serializers.ArraysAsListSerializer@40ce9049), ([Ljava.lang.Class;@52ca2652,null), ([Ljava.lang.Class;@65c5bf0e,null), ([Ljava.lang.Class;@697d6ded,null), ([Ljava.lang.Class;@5d05f453,null), ([Ljava.lang.Class;@5efeb117,null), ([Ljava.lang.Class;@160b4809,null), ([Ljava.lang.Class;@149b4d20,null), ([Ljava.lang.Class;@664e848c,null), ([Ljava.lang.Class;@4d93f75b,null), ([Ljava.lang.Class;@114a5e0,null), ([Ljava.lang.Class;@4f281aaf,null), ([Ljava.lang.Class;@5d508d22,null), ([Ljava.lang.Class;@f2b90fc,null), ([Ljava.lang.Class;@2bb41f5c,null), ([Ljava.lang.Class;@24c685e7,null)]}, RegistrationBlock{begin=52, types=[([Ljava.lang.Class;@e952b9e,null)]}]}
03:56:09.293 [raft-server-1] TRACE i.a.p.raft.roles.LeaderAppender - RaftServer{1} - Sending AppendRequest{term=1, leader=1, prevLogIndex=3, prevLogTerm=1, entries=1, commitIndex=2} to 2
03:56:09.294 [raft-server-2] TRACE i.a.p.raft.roles.FollowerRole - RaftServer{2}{role=FOLLOWER} - Sending AppendResponse{status=OK, term=1, succeeded=true, lastLogIndex=3}
03:56:09.294 [raft-server-3] TRACE i.a.p.raft.roles.FollowerRole - RaftServer{3}{role=FOLLOWER} - Appended Indexed{index=3, entry=KeepAliveEntry{term=1, timestamp=2018-06-10 03:56:09,229, sessionIds=long[]{length=1, hash=33}, commandSequences=long[]{length=1, hash=31}, eventIndexes=long[]{length=1, hash=33}}}
03:56:09.294 [raft-server-3-state] TRACE io.atomix.utils.serializer.Namespace - class [B registered as 16
03:56:09.294 [raft-server-1] TRACE i.a.p.raft.roles.LeaderAppender - RaftServer{1} - Received AppendResponse{status=OK, term=1, succeeded=true, lastLogIndex=3} from 2
03:56:09.294 [raft-server-2] TRACE i.a.p.raft.roles.FollowerRole - RaftServer{2}{role=FOLLOWER} - Received AppendRequest{term=1, leader=1, prevLogIndex=3, prevLogTerm=1, entries=1, commitIndex=2}
03:56:09.294 [raft-server-2-state] TRACE i.a.p.raft.impl.RaftServiceManager - RaftServer{2} - Applying Indexed{index=2, entry=OpenSessionEntry{term=1, timestamp=2018-06-10 03:56:09,147, node=4, serviceName=raft-test, serviceType=raft-test, serviceConfig=byte[]{length=2, hash=2636}, readConsistency=LINEARIZABLE, minTimeout=250, maxTimeout=5000}}
03:56:09.294 [raft-server-3-state] TRACE io.atomix.utils.serializer.Namespace - class java.util.concurrent.atomic.AtomicBoolean registered as 17
03:56:09.294 [raft-server-1] TRACE i.a.p.raft.roles.LeaderAppender - RaftServer{1} - Committed entries up to 3
03:56:09.294 [raft-server-3] TRACE i.a.p.raft.roles.FollowerRole - RaftServer{3}{role=FOLLOWER} - Appended Indexed{index=4, entry=CommandEntry{term=1, timestamp=2018-06-10 03:56:09,234, session=2, sequence=1, operation=PrimitiveOperation{id=DefaultOperationId{id=write, type=COMMAND}, value=byte[]{length=17, hash=-1644578928}}}}
03:56:09.294 [raft-server-2] TRACE i.a.p.raft.roles.FollowerRole - RaftServer{2}{role=FOLLOWER} - Appended Indexed{index=4, entry=CommandEntry{term=1, timestamp=2018-06-10 03:56:09,234, session=2, sequence=1, operation=PrimitiveOperation{id=DefaultOperationId{id=write, type=COMMAND}, value=byte[]{length=17, hash=-1644578928}}}}
03:56:09.294 [raft-server-3-state] TRACE io.atomix.utils.serializer.Namespace - class java.util.concurrent.atomic.AtomicInteger registered as 18
03:56:09.294 [raft-server-2-state] TRACE io.atomix.utils.serializer.Namespace - Creating Kryo instance for Namespace{registeredBlocks=[RegistrationBlock{begin=16, types=[([Ljava.lang.Class;@7d0100ea,null), ([Ljava.lang.Class;@357bc488,null), ([Ljava.lang.Class;@4ea17147,null), ([Ljava.lang.Class;@2eda4eeb,null), ([Ljava.lang.Class;@5ba90d8a,io.atomix.utils.serializer.serializers.ImmutableListSerializer@309dcdf3), ([Ljava.lang.Class;@7573b9ee,io.atomix.utils.serializer.serializers.ImmutableSetSerializer@9a20cbd), ([Ljava.lang.Class;@1af4955e,io.atomix.utils.serializer.serializers.ImmutableMapSerializer@445821a6), ([Ljava.lang.Class;@2c0c4c0a,null), ([Ljava.lang.Class;@35d26ad2,null), ([Ljava.lang.Class;@bb25753,null), ([Ljava.lang.Class;@ee21292,null), ([Ljava.lang.Class;@40c06358,null), ([Ljava.lang.Class;@66e21568,null), ([Ljava.lang.Class;@7f73ce28,null), ([Ljava.lang.Class;@611b35d6,null), ([Ljava.lang.Class;@2282400e,null), ([Ljava.lang.Class;@543d5863,null), ([Ljava.lang.Class;@35dece42,null), ([Ljava.lang.Class;@dd3f8aa,null), ([Ljava.lang.Class;@3d615b2e,null), ([Ljava.lang.Class;@3a1f2a1,io.atomix.utils.serializer.serializers.ArraysAsListSerializer@40ce9049), ([Ljava.lang.Class;@52ca2652,null), ([Ljava.lang.Class;@65c5bf0e,null), ([Ljava.lang.Class;@697d6ded,null), ([Ljava.lang.Class;@5d05f453,null), ([Ljava.lang.Class;@5efeb117,null), ([Ljava.lang.Class;@160b4809,null), ([Ljava.lang.Class;@149b4d20,null), ([Ljava.lang.Class;@664e848c,null), ([Ljava.lang.Class;@4d93f75b,null), ([Ljava.lang.Class;@114a5e0,null), ([Ljava.lang.Class;@4f281aaf,null), ([Ljava.lang.Class;@5d508d22,null), ([Ljava.lang.Class;@f2b90fc,null), ([Ljava.lang.Class;@2bb41f5c,null), ([Ljava.lang.Class;@24c685e7,null)]}, RegistrationBlock{begin=52, types=[([Ljava.lang.Class;@1e253411,null)]}]}
03:56:09.294 [raft-server-3] TRACE i.a.p.raft.roles.FollowerRole - RaftServer{3}{role=FOLLOWER} - Sending AppendResponse{status=OK, term=1, succeeded=true, lastLogIndex=4}
03:56:09.295 [raft-server-2] TRACE i.a.p.raft.roles.FollowerRole - RaftServer{2}{role=FOLLOWER} - Sending AppendResponse{status=OK, term=1, succeeded=true, lastLogIndex=4}
03:56:09.295 [raft-server-3-state] TRACE io.atomix.utils.serializer.Namespace - class java.util.concurrent.atomic.AtomicLong registered as 19
03:56:09.295 [raft-server-2-state] TRACE io.atomix.utils.serializer.Namespace - class [B registered as 16
03:56:09.295 [raft-server-3-state] TRACE io.atomix.utils.serializer.Namespace - class com.google.common.collect.ImmutableList registered as 20
03:56:09.295 [raft-server-2-state] TRACE io.atomix.utils.serializer.Namespace - class java.util.concurrent.atomic.AtomicBoolean registered as 17
03:56:09.295 [raft-server-3-state] TRACE io.atomix.utils.serializer.Namespace - class com.google.common.collect.RegularImmutableList registered as 20
03:56:09.295 [raft-server-2-state] TRACE io.atomix.utils.serializer.Namespace - class java.util.concurrent.atomic.AtomicInteger registered as 18
03:56:09.295 [raft-server-3-state] TRACE io.atomix.utils.serializer.Namespace - class com.google.common.collect.RegularImmutableList registered as 20
03:56:09.295 [raft-server-2-state] TRACE io.atomix.utils.serializer.Namespace - class java.util.concurrent.atomic.AtomicLong registered as 19
03:56:09.295 [raft-server-3-state] TRACE io.atomix.utils.serializer.Namespace - class com.google.common.collect.ImmutableList$SubList registered as 20
03:56:09.295 [raft-server-2-state] TRACE io.atomix.utils.serializer.Namespace - class com.google.common.collect.ImmutableList registered as 20
03:56:09.295 [raft-server-3-state] TRACE io.atomix.utils.serializer.Namespace - class com.google.common.collect.ImmutableSet registered as 21
03:56:09.295 [raft-server-2-state] TRACE io.atomix.utils.serializer.Namespace - class com.google.common.collect.RegularImmutableList registered as 20
03:56:09.295 [raft-server-3-state] TRACE io.atomix.utils.serializer.Namespace - class com.google.common.collect.RegularImmutableSet registered as 21
03:56:09.295 [raft-server-2-state] TRACE io.atomix.utils.serializer.Namespace - class com.google.common.collect.RegularImmutableList registered as 20
03:56:09.295 [raft-server-3-state] TRACE io.atomix.utils.serializer.Namespace - class com.google.common.collect.SingletonImmutableSet registered as 21
03:56:09.295 [raft-server-2-state] TRACE io.atomix.utils.serializer.Namespace - class com.google.common.collect.ImmutableList$SubList registered as 20
03:56:09.296 [raft-server-3-state] TRACE io.atomix.utils.serializer.Namespace - class com.google.common.collect.RegularImmutableSet registered as 21
03:56:09.296 [raft-server-2-state] TRACE io.atomix.utils.serializer.Namespace - class com.google.common.collect.ImmutableSet registered as 21
03:56:09.296 [raft-server-3-state] TRACE io.atomix.utils.serializer.Namespace - class com.google.common.collect.ImmutableMap registered as 22
03:56:09.296 [raft-server-2-state] TRACE io.atomix.utils.serializer.Namespace - class com.google.common.collect.RegularImmutableSet registered as 21
03:56:09.296 [raft-server-3-state] TRACE io.atomix.utils.serializer.Namespace - class com.google.common.collect.RegularImmutableMap registered as 22
03:56:09.296 [raft-server-2-state] TRACE io.atomix.utils.serializer.Namespace - class com.google.common.collect.SingletonImmutableSet registered as 21
03:56:09.296 [raft-server-3-state] TRACE io.atomix.utils.serializer.Namespace - class com.google.common.collect.RegularImmutableMap registered as 22
03:56:09.296 [raft-server-2-state] TRACE io.atomix.utils.serializer.Namespace - class com.google.common.collect.RegularImmutableSet registered as 21
03:56:09.296 [raft-server-3-state] TRACE io.atomix.utils.serializer.Namespace - class com.google.common.collect.RegularImmutableMap registered as 22
03:56:09.296 [raft-server-2-state] TRACE io.atomix.utils.serializer.Namespace - class com.google.common.collect.ImmutableMap registered as 22
03:56:09.296 [raft-server-2-state] TRACE io.atomix.utils.serializer.Namespace - class com.google.common.collect.RegularImmutableMap registered as 22
03:56:09.296 [raft-server-3-state] TRACE io.atomix.utils.serializer.Namespace - class java.util.Collections$UnmodifiableSet registered as 23
03:56:09.296 [raft-server-2-state] TRACE io.atomix.utils.serializer.Namespace - class com.google.common.collect.RegularImmutableMap registered as 22
03:56:09.296 [raft-server-2-state] TRACE io.atomix.utils.serializer.Namespace - class com.google.common.collect.RegularImmutableMap registered as 22
03:56:09.296 [raft-server-3-state] TRACE io.atomix.utils.serializer.Namespace - class java.util.HashMap registered as 24
03:56:09.296 [raft-server-2-state] TRACE io.atomix.utils.serializer.Namespace - class java.util.Collections$UnmodifiableSet registered as 23
03:56:09.296 [raft-server-3-state] TRACE io.atomix.utils.serializer.Namespace - class java.util.concurrent.ConcurrentHashMap registered as 25
03:56:09.296 [raft-server-2-state] TRACE io.atomix.utils.serializer.Namespace - class java.util.HashMap registered as 24
03:56:09.296 [raft-server-3-state] TRACE io.atomix.utils.serializer.Namespace - class java.util.concurrent.CopyOnWriteArraySet registered as 26
03:56:09.296 [raft-server-2-state] TRACE io.atomix.utils.serializer.Namespace - class java.util.concurrent.ConcurrentHashMap registered as 25
03:56:09.296 [raft-server-3-state] TRACE io.atomix.utils.serializer.Namespace - class java.util.ArrayList registered as 27
03:56:09.296 [raft-server-2-state] TRACE io.atomix.utils.serializer.Namespace - class java.util.concurrent.CopyOnWriteArraySet registered as 26
03:56:09.296 [raft-server-3-state] TRACE io.atomix.utils.serializer.Namespace - class java.util.LinkedList registered as 28
03:56:09.297 [raft-server-2-state] TRACE io.atomix.utils.serializer.Namespace - class java.util.ArrayList registered as 27
03:56:09.297 [raft-server-3-state] TRACE io.atomix.utils.serializer.Namespace - class java.util.HashSet registered as 29
03:56:09.297 [raft-server-2-state] TRACE io.atomix.utils.serializer.Namespace - class java.util.LinkedList registered as 28
03:56:09.297 [raft-server-3-state] TRACE io.atomix.utils.serializer.Namespace - class java.util.LinkedHashSet registered as 30
03:56:09.297 [raft-server-2-state] TRACE io.atomix.utils.serializer.Namespace - class java.util.HashSet registered as 29
03:56:09.297 [raft-server-3-state] TRACE io.atomix.utils.serializer.Namespace - class com.sun.jmx.remote.internal.ArrayQueue registered as 31
03:56:09.297 [raft-server-2-state] TRACE io.atomix.utils.serializer.Namespace - class java.util.LinkedHashSet registered as 30
03:56:09.297 [raft-server-3-state] TRACE io.atomix.utils.serializer.Namespace - class java.util.ArrayDeque registered as 32
03:56:09.297 [raft-server-2-state] TRACE io.atomix.utils.serializer.Namespace - class com.sun.jmx.remote.internal.ArrayQueue registered as 31
03:56:09.297 [raft-server-3-state] TRACE io.atomix.utils.serializer.Namespace - class com.google.common.collect.HashMultiset registered as 33
03:56:09.297 [raft-server-2-state] TRACE io.atomix.utils.serializer.Namespace - class java.util.ArrayDeque registered as 32
03:56:09.297 [raft-server-3-state] TRACE io.atomix.utils.serializer.Namespace - class com.google.common.collect.Sets registered as 34
03:56:09.297 [raft-server-2-state] TRACE io.atomix.utils.serializer.Namespace - class com.google.common.collect.HashMultiset registered as 33
03:56:09.297 [raft-server-3-state] TRACE io.atomix.utils.serializer.Namespace - class com.google.common.collect.ImmutableEntry registered as 35
03:56:09.297 [raft-server-2-state] TRACE io.atomix.utils.serializer.Namespace - class com.google.common.collect.Sets registered as 34
03:56:09.297 [raft-server-3-state] TRACE io.atomix.utils.serializer.Namespace - class java.util.Arrays$ArrayList registered as 36
03:56:09.297 [raft-server-2-state] TRACE io.atomix.utils.serializer.Namespace - class com.google.common.collect.ImmutableEntry registered as 35
03:56:09.297 [raft-server-2-state] TRACE io.atomix.utils.serializer.Namespace - class java.util.Arrays$ArrayList registered as 36
03:56:09.297 [raft-server-3-state] TRACE io.atomix.utils.serializer.Namespace - class java.util.Collections$SingletonList registered as 37
03:56:09.297 [raft-server-3-state] TRACE io.atomix.utils.serializer.Namespace - class java.time.Duration registered as 38
03:56:09.297 [raft-server-2-state] TRACE io.atomix.utils.serializer.Namespace - class java.util.Collections$SingletonList registered as 37
03:56:09.297 [raft-server-3-state] TRACE io.atomix.utils.serializer.Namespace - class java.util.Collections$EmptySet registered as 39
03:56:09.297 [raft-server-2-state] TRACE io.atomix.utils.serializer.Namespace - class java.time.Duration registered as 38
03:56:09.297 [raft-server-3-state] TRACE io.atomix.utils.serializer.Namespace - class java.util.Optional registered as 40
03:56:09.297 [raft-server-2-state] TRACE io.atomix.utils.serializer.Namespace - class java.util.Collections$EmptySet registered as 39
03:56:09.298 [raft-server-2-state] TRACE io.atomix.utils.serializer.Namespace - class java.util.Optional registered as 40
03:56:09.298 [raft-server-3-state] TRACE io.atomix.utils.serializer.Namespace - class java.util.Collections$EmptyList registered as 41
03:56:09.298 [raft-server-2-state] TRACE io.atomix.utils.serializer.Namespace - class java.util.Collections$EmptyList registered as 41
03:56:09.298 [raft-server-3-state] TRACE io.atomix.utils.serializer.Namespace - class java.util.Collections$SingletonSet registered as 42
03:56:09.298 [raft-server-2-state] TRACE io.atomix.utils.serializer.Namespace - class java.util.Collections$SingletonSet registered as 42
03:56:09.298 [raft-server-3-state] TRACE io.atomix.utils.serializer.Namespace - class [I registered as 43
03:56:09.298 [raft-server-2-state] TRACE io.atomix.utils.serializer.Namespace - class [I registered as 43
03:56:09.298 [raft-server-3-state] TRACE io.atomix.utils.serializer.Namespace - class [J registered as 44
03:56:09.298 [raft-server-2-state] TRACE io.atomix.utils.serializer.Namespace - class [J registered as 44
03:56:09.298 [raft-server-3-state] TRACE io.atomix.utils.serializer.Namespace - class [S registered as 45
03:56:09.298 [raft-server-2-state] TRACE io.atomix.utils.serializer.Namespace - class [S registered as 45
03:56:09.298 [raft-server-3-state] TRACE io.atomix.utils.serializer.Namespace - class [D registered as 46
03:56:09.298 [raft-server-2-state] TRACE io.atomix.utils.serializer.Namespace - class [D registered as 46
03:56:09.298 [raft-server-3-state] TRACE io.atomix.utils.serializer.Namespace - class [F registered as 47
03:56:09.298 [raft-server-2-state] TRACE io.atomix.utils.serializer.Namespace - class [F registered as 47
03:56:09.298 [raft-server-3-state] TRACE io.atomix.utils.serializer.Namespace - class [C registered as 48
03:56:09.298 [raft-server-2-state] TRACE io.atomix.utils.serializer.Namespace - class [C registered as 48
03:56:09.298 [raft-server-3-state] TRACE io.atomix.utils.serializer.Namespace - class [Ljava.lang.String; registered as 49
03:56:09.298 [raft-server-2-state] TRACE io.atomix.utils.serializer.Namespace - class [Ljava.lang.String; registered as 49
03:56:09.298 [raft-server-3-state] TRACE io.atomix.utils.serializer.Namespace - class [Z registered as 50
03:56:09.298 [raft-server-2-state] TRACE io.atomix.utils.serializer.Namespace - class [Z registered as 50
03:56:09.298 [raft-server-3-state] TRACE io.atomix.utils.serializer.Namespace - class [Ljava.lang.Object; registered as 51
03:56:09.298 [raft-server-2-state] TRACE io.atomix.utils.serializer.Namespace - class [Ljava.lang.Object; registered as 51
03:56:09.298 [raft-server-3-state] TRACE io.atomix.utils.serializer.Namespace - class io.atomix.primitive.service.ServiceConfig registered as 52
03:56:09.298 [raft-server-2-state] TRACE io.atomix.utils.serializer.Namespace - class io.atomix.primitive.service.ServiceConfig registered as 52
03:56:09.299 [raft-server-3-state] TRACE io.atomix.utils.serializer.Namespace - Creating Kryo instance for Namespace{registeredBlocks=[RegistrationBlock{begin=16, types=[([Ljava.lang.Class;@7d0100ea,null), ([Ljava.lang.Class;@357bc488,null), ([Ljava.lang.Class;@4ea17147,null), ([Ljava.lang.Class;@2eda4eeb,null), ([Ljava.lang.Class;@5ba90d8a,io.atomix.utils.serializer.serializers.ImmutableListSerializer@309dcdf3), ([Ljava.lang.Class;@7573b9ee,io.atomix.utils.serializer.serializers.ImmutableSetSerializer@9a20cbd), ([Ljava.lang.Class;@1af4955e,io.atomix.utils.serializer.serializers.ImmutableMapSerializer@445821a6), ([Ljava.lang.Class;@2c0c4c0a,null), ([Ljava.lang.Class;@35d26ad2,null), ([Ljava.lang.Class;@bb25753,null), ([Ljava.lang.Class;@ee21292,null), ([Ljava.lang.Class;@40c06358,null), ([Ljava.lang.Class;@66e21568,null), ([Ljava.lang.Class;@7f73ce28,null), ([Ljava.lang.Class;@611b35d6,null), ([Ljava.lang.Class;@2282400e,null), ([Ljava.lang.Class;@543d5863,null), ([Ljava.lang.Class;@35dece42,null), ([Ljava.lang.Class;@dd3f8aa,null), ([Ljava.lang.Class;@3d615b2e,null), ([Ljava.lang.Class;@3a1f2a1,io.atomix.utils.serializer.serializers.ArraysAsListSerializer@40ce9049), ([Ljava.lang.Class;@52ca2652,null), ([Ljava.lang.Class;@65c5bf0e,null), ([Ljava.lang.Class;@697d6ded,null), ([Ljava.lang.Class;@5d05f453,null), ([Ljava.lang.Class;@5efeb117,null), ([Ljava.lang.Class;@160b4809,null), ([Ljava.lang.Class;@149b4d20,null), ([Ljava.lang.Class;@664e848c,null), ([Ljava.lang.Class;@4d93f75b,null), ([Ljava.lang.Class;@114a5e0,null), ([Ljava.lang.Class;@4f281aaf,null), ([Ljava.lang.Class;@5d508d22,null), ([Ljava.lang.Class;@f2b90fc,null), ([Ljava.lang.Class;@2bb41f5c,null), ([Ljava.lang.Class;@24c685e7,null)]}, RegistrationBlock{begin=52, types=[([Ljava.lang.Class;@52d43c,null)]}]}
03:56:09.299 [raft-server-2-state] TRACE io.atomix.utils.serializer.Namespace - Creating Kryo instance for Namespace{registeredBlocks=[RegistrationBlock{begin=16, types=[([Ljava.lang.Class;@7d0100ea,null), ([Ljava.lang.Class;@357bc488,null), ([Ljava.lang.Class;@4ea17147,null), ([Ljava.lang.Class;@2eda4eeb,null), ([Ljava.lang.Class;@5ba90d8a,io.atomix.utils.serializer.serializers.ImmutableListSerializer@309dcdf3), ([Ljava.lang.Class;@7573b9ee,io.atomix.utils.serializer.serializers.ImmutableSetSerializer@9a20cbd), ([Ljava.lang.Class;@1af4955e,io.atomix.utils.serializer.serializers.ImmutableMapSerializer@445821a6), ([Ljava.lang.Class;@2c0c4c0a,null), ([Ljava.lang.Class;@35d26ad2,null), ([Ljava.lang.Class;@bb25753,null), ([Ljava.lang.Class;@ee21292,null), ([Ljava.lang.Class;@40c06358,null), ([Ljava.lang.Class;@66e21568,null), ([Ljava.lang.Class;@7f73ce28,null), ([Ljava.lang.Class;@611b35d6,null), ([Ljava.lang.Class;@2282400e,null), ([Ljava.lang.Class;@543d5863,null), ([Ljava.lang.Class;@35dece42,null), ([Ljava.lang.Class;@dd3f8aa,null), ([Ljava.lang.Class;@3d615b2e,null), ([Ljava.lang.Class;@3a1f2a1,io.atomix.utils.serializer.serializers.ArraysAsListSerializer@40ce9049), ([Ljava.lang.Class;@52ca2652,null), ([Ljava.lang.Class;@65c5bf0e,null), ([Ljava.lang.Class;@697d6ded,null), ([Ljava.lang.Class;@5d05f453,null), ([Ljava.lang.Class;@5efeb117,null), ([Ljava.lang.Class;@160b4809,null), ([Ljava.lang.Class;@149b4d20,null), ([Ljava.lang.Class;@664e848c,null), ([Ljava.lang.Class;@4d93f75b,null), ([Ljava.lang.Class;@114a5e0,null), ([Ljava.lang.Class;@4f281aaf,null), ([Ljava.lang.Class;@5d508d22,null), ([Ljava.lang.Class;@f2b90fc,null), ([Ljava.lang.Class;@2bb41f5c,null), ([Ljava.lang.Class;@24c685e7,null)]}, RegistrationBlock{begin=52, types=[([Ljava.lang.Class;@10e2d9a5,null)]}]}
03:56:09.299 [raft-server-3-state] TRACE io.atomix.utils.serializer.Namespace - class [B registered as 16
03:56:09.299 [raft-server-3-state] TRACE io.atomix.utils.serializer.Namespace - class java.util.concurrent.atomic.AtomicBoolean registered as 17
03:56:09.299 [raft-server-2-state] TRACE io.atomix.utils.serializer.Namespace - class [B registered as 16
03:56:09.299 [raft-server-3-state] TRACE io.atomix.utils.serializer.Namespace - class java.util.concurrent.atomic.AtomicInteger registered as 18
03:56:09.299 [raft-server-2-state] TRACE io.atomix.utils.serializer.Namespace - class java.util.concurrent.atomic.AtomicBoolean registered as 17
03:56:09.299 [raft-server-3-state] TRACE io.atomix.utils.serializer.Namespace - class java.util.concurrent.atomic.AtomicLong registered as 19
03:56:09.299 [raft-server-3-state] TRACE io.atomix.utils.serializer.Namespace - class com.google.common.collect.ImmutableList registered as 20
03:56:09.299 [raft-server-2-state] TRACE io.atomix.utils.serializer.Namespace - class java.util.concurrent.atomic.AtomicInteger registered as 18
03:56:09.299 [raft-server-3-state] TRACE io.atomix.utils.serializer.Namespace - class com.google.common.collect.RegularImmutableList registered as 20
03:56:09.299 [raft-server-2-state] TRACE io.atomix.utils.serializer.Namespace - class java.util.concurrent.atomic.AtomicLong registered as 19
03:56:09.299 [raft-server-3-state] TRACE io.atomix.utils.serializer.Namespace - class com.google.common.collect.RegularImmutableList registered as 20
03:56:09.299 [raft-server-2-state] TRACE io.atomix.utils.serializer.Namespace - class com.google.common.collect.ImmutableList registered as 20
03:56:09.299 [raft-server-3-state] TRACE io.atomix.utils.serializer.Namespace - class com.google.common.collect.ImmutableList$SubList registered as 20
03:56:09.300 [raft-server-2-state] TRACE io.atomix.utils.serializer.Namespace - class com.google.common.collect.RegularImmutableList registered as 20
03:56:09.300 [raft-server-3-state] TRACE io.atomix.utils.serializer.Namespace - class com.google.common.collect.ImmutableSet registered as 21
03:56:09.300 [raft-server-2-state] TRACE io.atomix.utils.serializer.Namespace - class com.google.common.collect.RegularImmutableList registered as 20
03:56:09.300 [raft-server-3-state] TRACE io.atomix.utils.serializer.Namespace - class com.google.common.collect.RegularImmutableSet registered as 21
03:56:09.300 [raft-server-2-state] TRACE io.atomix.utils.serializer.Namespace - class com.google.common.collect.ImmutableList$SubList registered as 20
03:56:09.300 [raft-server-3-state] TRACE io.atomix.utils.serializer.Namespace - class com.google.common.collect.SingletonImmutableSet registered as 21
03:56:09.300 [raft-server-2-state] TRACE io.atomix.utils.serializer.Namespace - class com.google.common.collect.ImmutableSet registered as 21
03:56:09.300 [raft-server-3-state] TRACE io.atomix.utils.serializer.Namespace - class com.google.common.collect.RegularImmutableSet registered as 21
03:56:09.300 [raft-server-2-state] TRACE io.atomix.utils.serializer.Namespace - class com.google.common.collect.RegularImmutableSet registered as 21
03:56:09.300 [raft-server-3-state] TRACE io.atomix.utils.serializer.Namespace - class com.google.common.collect.ImmutableMap registered as 22
03:56:09.300 [raft-server-2-state] TRACE io.atomix.utils.serializer.Namespace - class com.google.common.collect.SingletonImmutableSet registered as 21
03:56:09.300 [raft-server-3-state] TRACE io.atomix.utils.serializer.Namespace - class com.google.common.collect.RegularImmutableMap registered as 22
03:56:09.300 [raft-server-2-state] TRACE io.atomix.utils.serializer.Namespace - class com.google.common.collect.RegularImmutableSet registered as 21
03:56:09.300 [raft-server-3-state] TRACE io.atomix.utils.serializer.Namespace - class com.google.common.collect.RegularImmutableMap registered as 22
03:56:09.300 [raft-server-2-state] TRACE io.atomix.utils.serializer.Namespace - class com.google.common.collect.ImmutableMap registered as 22
03:56:09.300 [raft-server-3-state] TRACE io.atomix.utils.serializer.Namespace - class com.google.common.collect.RegularImmutableMap registered as 22
03:56:09.300 [raft-server-2-state] TRACE io.atomix.utils.serializer.Namespace - class com.google.common.collect.RegularImmutableMap registered as 22
03:56:09.300 [raft-server-2-state] TRACE io.atomix.utils.serializer.Namespace - class com.google.common.collect.RegularImmutableMap registered as 22
03:56:09.300 [raft-server-3-state] TRACE io.atomix.utils.serializer.Namespace - class java.util.Collections$UnmodifiableSet registered as 23
03:56:09.300 [raft-server-2-state] TRACE io.atomix.utils.serializer.Namespace - class com.google.common.collect.RegularImmutableMap registered as 22
03:56:09.300 [raft-server-3-state] TRACE io.atomix.utils.serializer.Namespace - class java.util.HashMap registered as 24
03:56:09.300 [raft-server-2-state] TRACE io.atomix.utils.serializer.Namespace - class java.util.Collections$UnmodifiableSet registered as 23
03:56:09.300 [raft-server-3-state] TRACE io.atomix.utils.serializer.Namespace - class java.util.concurrent.ConcurrentHashMap registered as 25
03:56:09.301 [raft-server-2-state] TRACE io.atomix.utils.serializer.Namespace - class java.util.HashMap registered as 24
03:56:09.301 [raft-server-3-state] TRACE io.atomix.utils.serializer.Namespace - class java.util.concurrent.CopyOnWriteArraySet registered as 26
03:56:09.301 [raft-server-2-state] TRACE io.atomix.utils.serializer.Namespace - class java.util.concurrent.ConcurrentHashMap registered as 25
03:56:09.301 [raft-server-3-state] TRACE io.atomix.utils.serializer.Namespace - class java.util.ArrayList registered as 27
03:56:09.301 [raft-server-2-state] TRACE io.atomix.utils.serializer.Namespace - class java.util.concurrent.CopyOnWriteArraySet registered as 26
03:56:09.301 [raft-server-3-state] TRACE io.atomix.utils.serializer.Namespace - class java.util.LinkedList registered as 28
03:56:09.301 [raft-server-2-state] TRACE io.atomix.utils.serializer.Namespace - class java.util.ArrayList registered as 27
03:56:09.301 [raft-server-3-state] TRACE io.atomix.utils.serializer.Namespace - class java.util.HashSet registered as 29
03:56:09.301 [raft-server-2-state] TRACE io.atomix.utils.serializer.Namespace - class java.util.LinkedList registered as 28
03:56:09.301 [raft-server-3-state] TRACE io.atomix.utils.serializer.Namespace - class java.util.LinkedHashSet registered as 30
03:56:09.301 [raft-server-2-state] TRACE io.atomix.utils.serializer.Namespace - class java.util.HashSet registered as 29
03:56:09.301 [raft-server-3-state] TRACE io.atomix.utils.serializer.Namespace - class com.sun.jmx.remote.internal.ArrayQueue registered as 31
03:56:09.301 [raft-server-2-state] TRACE io.atomix.utils.serializer.Namespace - class java.util.LinkedHashSet registered as 30
03:56:09.301 [raft-server-3-state] TRACE io.atomix.utils.serializer.Namespace - class java.util.ArrayDeque registered as 32
03:56:09.301 [raft-server-2-state] TRACE io.atomix.utils.serializer.Namespace - class com.sun.jmx.remote.internal.ArrayQueue registered as 31
03:56:09.301 [raft-server-3-state] TRACE io.atomix.utils.serializer.Namespace - class com.google.common.collect.HashMultiset registered as 33
03:56:09.301 [raft-server-2-state] TRACE io.atomix.utils.serializer.Namespace - class java.util.ArrayDeque registered as 32
03:56:09.301 [raft-server-3-state] TRACE io.atomix.utils.serializer.Namespace - class com.google.common.collect.Sets registered as 34
03:56:09.301 [raft-server-2-state] TRACE io.atomix.utils.serializer.Namespace - class com.google.common.collect.HashMultiset registered as 33
03:56:09.301 [raft-server-3-state] TRACE io.atomix.utils.serializer.Namespace - class com.google.common.collect.ImmutableEntry registered as 35
03:56:09.301 [raft-server-2-state] TRACE io.atomix.utils.serializer.Namespace - class com.google.common.collect.Sets registered as 34
03:56:09.301 [raft-server-3-state] TRACE io.atomix.utils.serializer.Namespace - class java.util.Arrays$ArrayList registered as 36
03:56:09.301 [raft-server-2-state] TRACE io.atomix.utils.serializer.Namespace - class com.google.common.collect.ImmutableEntry registered as 35
03:56:09.301 [raft-server-2-state] TRACE io.atomix.utils.serializer.Namespace - class java.util.Arrays$ArrayList registered as 36
03:56:09.301 [raft-server-3-state] TRACE io.atomix.utils.serializer.Namespace - class java.util.Collections$SingletonList registered as 37
03:56:09.302 [raft-server-3-state] TRACE io.atomix.utils.serializer.Namespace - class java.time.Duration registered as 38
03:56:09.302 [raft-server-2-state] TRACE io.atomix.utils.serializer.Namespace - class java.util.Collections$SingletonList registered as 37
03:56:09.302 [raft-server-2-state] TRACE io.atomix.utils.serializer.Namespace - class java.time.Duration registered as 38
03:56:09.302 [raft-server-3-state] TRACE io.atomix.utils.serializer.Namespace - class java.util.Collections$EmptySet registered as 39
03:56:09.302 [raft-server-3-state] TRACE io.atomix.utils.serializer.Namespace - class java.util.Optional registered as 40
03:56:09.302 [raft-server-2-state] TRACE io.atomix.utils.serializer.Namespace - class java.util.Collections$EmptySet registered as 39
03:56:09.302 [raft-server-2-state] TRACE io.atomix.utils.serializer.Namespace - class java.util.Optional registered as 40
03:56:09.302 [raft-server-3-state] TRACE io.atomix.utils.serializer.Namespace - class java.util.Collections$EmptyList registered as 41
03:56:09.302 [raft-server-2-state] TRACE io.atomix.utils.serializer.Namespace - class java.util.Collections$EmptyList registered as 41
03:56:09.302 [raft-server-3-state] TRACE io.atomix.utils.serializer.Namespace - class java.util.Collections$SingletonSet registered as 42
03:56:09.302 [raft-server-2-state] TRACE io.atomix.utils.serializer.Namespace - class java.util.Collections$SingletonSet registered as 42
03:56:09.302 [raft-server-3-state] TRACE io.atomix.utils.serializer.Namespace - class [I registered as 43
03:56:09.302 [raft-server-2-state] TRACE io.atomix.utils.serializer.Namespace - class [I registered as 43
03:56:09.302 [raft-server-3-state] TRACE io.atomix.utils.serializer.Namespace - class [J registered as 44
03:56:09.302 [raft-server-2-state] TRACE io.atomix.utils.serializer.Namespace - class [J registered as 44
03:56:09.302 [raft-server-3-state] TRACE io.atomix.utils.serializer.Namespace - class [S registered as 45
03:56:09.302 [raft-server-2-state] TRACE io.atomix.utils.serializer.Namespace - class [S registered as 45
03:56:09.302 [raft-server-3-state] TRACE io.atomix.utils.serializer.Namespace - class [D registered as 46
03:56:09.302 [raft-server-2-state] TRACE io.atomix.utils.serializer.Namespace - class [D registered as 46
03:56:09.302 [raft-server-3-state] TRACE io.atomix.utils.serializer.Namespace - class [F registered as 47
03:56:09.302 [raft-server-2-state] TRACE io.atomix.utils.serializer.Namespace - class [F registered as 47
03:56:09.302 [raft-server-3-state] TRACE io.atomix.utils.serializer.Namespace - class [C registered as 48
03:56:09.302 [raft-server-2-state] TRACE io.atomix.utils.serializer.Namespace - class [C registered as 48
03:56:09.302 [raft-server-3-state] TRACE io.atomix.utils.serializer.Namespace - class [Ljava.lang.String; registered as 49
03:56:09.302 [raft-server-2-state] TRACE io.atomix.utils.serializer.Namespace - class [Ljava.lang.String; registered as 49
03:56:09.303 [raft-server-3-state] TRACE io.atomix.utils.serializer.Namespace - class [Z registered as 50
03:56:09.303 [raft-server-2-state] TRACE io.atomix.utils.serializer.Namespace - class [Z registered as 50
03:56:09.303 [raft-server-3-state] TRACE io.atomix.utils.serializer.Namespace - class [Ljava.lang.Object; registered as 51
03:56:09.303 [raft-server-2-state] TRACE io.atomix.utils.serializer.Namespace - class [Ljava.lang.Object; registered as 51
03:56:09.303 [raft-server-3-state] TRACE io.atomix.utils.serializer.Namespace - class io.atomix.primitive.service.ServiceConfig registered as 52
03:56:09.303 [raft-server-2-state] TRACE io.atomix.utils.serializer.Namespace - class io.atomix.primitive.service.ServiceConfig registered as 52
03:56:09.303 [raft-server-3-state] TRACE io.atomix.utils.serializer.Namespace - Creating Kryo instance for Namespace{registeredBlocks=[RegistrationBlock{begin=16, types=[([Ljava.lang.Class;@7d0100ea,null), ([Ljava.lang.Class;@357bc488,null), ([Ljava.lang.Class;@4ea17147,null), ([Ljava.lang.Class;@2eda4eeb,null), ([Ljava.lang.Class;@5ba90d8a,io.atomix.utils.serializer.serializers.ImmutableListSerializer@309dcdf3), ([Ljava.lang.Class;@7573b9ee,io.atomix.utils.serializer.serializers.ImmutableSetSerializer@9a20cbd), ([Ljava.lang.Class;@1af4955e,io.atomix.utils.serializer.serializers.ImmutableMapSerializer@445821a6), ([Ljava.lang.Class;@2c0c4c0a,null), ([Ljava.lang.Class;@35d26ad2,null), ([Ljava.lang.Class;@bb25753,null), ([Ljava.lang.Class;@ee21292,null), ([Ljava.lang.Class;@40c06358,null), ([Ljava.lang.Class;@66e21568,null), ([Ljava.lang.Class;@7f73ce28,null), ([Ljava.lang.Class;@611b35d6,null), ([Ljava.lang.Class;@2282400e,null), ([Ljava.lang.Class;@543d5863,null), ([Ljava.lang.Class;@35dece42,null), ([Ljava.lang.Class;@dd3f8aa,null), ([Ljava.lang.Class;@3d615b2e,null), ([Ljava.lang.Class;@3a1f2a1,io.atomix.utils.serializer.serializers.ArraysAsListSerializer@40ce9049), ([Ljava.lang.Class;@52ca2652,null), ([Ljava.lang.Class;@65c5bf0e,null), ([Ljava.lang.Class;@697d6ded,null), ([Ljava.lang.Class;@5d05f453,null), ([Ljava.lang.Class;@5efeb117,null), ([Ljava.lang.Class;@160b4809,null), ([Ljava.lang.Class;@149b4d20,null), ([Ljava.lang.Class;@664e848c,null), ([Ljava.lang.Class;@4d93f75b,null), ([Ljava.lang.Class;@114a5e0,null), ([Ljava.lang.Class;@4f281aaf,null), ([Ljava.lang.Class;@5d508d22,null), ([Ljava.lang.Class;@f2b90fc,null), ([Ljava.lang.Class;@2bb41f5c,null), ([Ljava.lang.Class;@24c685e7,null)]}, RegistrationBlock{begin=52, types=[([Ljava.lang.Class;@46d40ee,null)]}]}
03:56:09.303 [raft-server-2-state] TRACE io.atomix.utils.serializer.Namespace - Creating Kryo instance for Namespace{registeredBlocks=[RegistrationBlock{begin=16, types=[([Ljava.lang.Class;@7d0100ea,null), ([Ljava.lang.Class;@357bc488,null), ([Ljava.lang.Class;@4ea17147,null), ([Ljava.lang.Class;@2eda4eeb,null), ([Ljava.lang.Class;@5ba90d8a,io.atomix.utils.serializer.serializers.ImmutableListSerializer@309dcdf3), ([Ljava.lang.Class;@7573b9ee,io.atomix.utils.serializer.serializers.ImmutableSetSerializer@9a20cbd), ([Ljava.lang.Class;@1af4955e,io.atomix.utils.serializer.serializers.ImmutableMapSerializer@445821a6), ([Ljava.lang.Class;@2c0c4c0a,null), ([Ljava.lang.Class;@35d26ad2,null), ([Ljava.lang.Class;@bb25753,null), ([Ljava.lang.Class;@ee21292,null), ([Ljava.lang.Class;@40c06358,null), ([Ljava.lang.Class;@66e21568,null), ([Ljava.lang.Class;@7f73ce28,null), ([Ljava.lang.Class;@611b35d6,null), ([Ljava.lang.Class;@2282400e,null), ([Ljava.lang.Class;@543d5863,null), ([Ljava.lang.Class;@35dece42,null), ([Ljava.lang.Class;@dd3f8aa,null), ([Ljava.lang.Class;@3d615b2e,null), ([Ljava.lang.Class;@3a1f2a1,io.atomix.utils.serializer.serializers.ArraysAsListSerializer@40ce9049), ([Ljava.lang.Class;@52ca2652,null), ([Ljava.lang.Class;@65c5bf0e,null), ([Ljava.lang.Class;@697d6ded,null), ([Ljava.lang.Class;@5d05f453,null), ([Ljava.lang.Class;@5efeb117,null), ([Ljava.lang.Class;@160b4809,null), ([Ljava.lang.Class;@149b4d20,null), ([Ljava.lang.Class;@664e848c,null), ([Ljava.lang.Class;@4d93f75b,null), ([Ljava.lang.Class;@114a5e0,null), ([Ljava.lang.Class;@4f281aaf,null), ([Ljava.lang.Class;@5d508d22,null), ([Ljava.lang.Class;@f2b90fc,null), ([Ljava.lang.Class;@2bb41f5c,null), ([Ljava.lang.Class;@24c685e7,null)]}, RegistrationBlock{begin=52, types=[([Ljava.lang.Class;@14dd5f61,null)]}]}
03:56:09.303 [raft-server-3-state] TRACE io.atomix.utils.serializer.Namespace - class [B registered as 16
03:56:09.303 [raft-server-3-state] TRACE io.atomix.utils.serializer.Namespace - class java.util.concurrent.atomic.AtomicBoolean registered as 17
03:56:09.303 [raft-server-2-state] TRACE io.atomix.utils.serializer.Namespace - class [B registered as 16
03:56:09.303 [raft-server-3-state] TRACE io.atomix.utils.serializer.Namespace - class java.util.concurrent.atomic.AtomicInteger registered as 18
03:56:09.303 [raft-server-2-state] TRACE io.atomix.utils.serializer.Namespace - class java.util.concurrent.atomic.AtomicBoolean registered as 17
03:56:09.303 [raft-server-3-state] TRACE io.atomix.utils.serializer.Namespace - class java.util.concurrent.atomic.AtomicLong registered as 19
03:56:09.303 [raft-server-2-state] TRACE io.atomix.utils.serializer.Namespace - class java.util.concurrent.atomic.AtomicInteger registered as 18
03:56:09.303 [raft-server-3-state] TRACE io.atomix.utils.serializer.Namespace - class com.google.common.collect.ImmutableList registered as 20
03:56:09.304 [raft-server-2-state] TRACE io.atomix.utils.serializer.Namespace - class java.util.concurrent.atomic.AtomicLong registered as 19
03:56:09.304 [raft-server-3-state] TRACE io.atomix.utils.serializer.Namespace - class com.google.common.collect.RegularImmutableList registered as 20
03:56:09.304 [raft-server-2-state] TRACE io.atomix.utils.serializer.Namespace - class com.google.common.collect.ImmutableList registered as 20
03:56:09.304 [raft-server-3-state] TRACE io.atomix.utils.serializer.Namespace - class com.google.common.collect.RegularImmutableList registered as 20
03:56:09.304 [raft-server-2-state] TRACE io.atomix.utils.serializer.Namespace - class com.google.common.collect.RegularImmutableList registered as 20
03:56:09.304 [raft-server-3-state] TRACE io.atomix.utils.serializer.Namespace - class com.google.common.collect.ImmutableList$SubList registered as 20
03:56:09.304 [raft-server-2-state] TRACE io.atomix.utils.serializer.Namespace - class com.google.common.collect.RegularImmutableList registered as 20
03:56:09.304 [raft-server-3-state] TRACE io.atomix.utils.serializer.Namespace - class com.google.common.collect.ImmutableSet registered as 21
03:56:09.304 [raft-server-2-state] TRACE io.atomix.utils.serializer.Namespace - class com.google.common.collect.ImmutableList$SubList registered as 20
03:56:09.304 [raft-server-3-state] TRACE io.atomix.utils.serializer.Namespace - class com.google.common.collect.RegularImmutableSet registered as 21
03:56:09.304 [raft-server-2-state] TRACE io.atomix.utils.serializer.Namespace - class com.google.common.collect.ImmutableSet registered as 21
03:56:09.304 [raft-server-3-state] TRACE io.atomix.utils.serializer.Namespace - class com.google.common.collect.SingletonImmutableSet registered as 21
03:56:09.304 [raft-server-2-state] TRACE io.atomix.utils.serializer.Namespace - class com.google.common.collect.RegularImmutableSet registered as 21
03:56:09.304 [raft-server-3-state] TRACE io.atomix.utils.serializer.Namespace - class com.google.common.collect.RegularImmutableSet registered as 21
03:56:09.304 [raft-server-2-state] TRACE io.atomix.utils.serializer.Namespace - class com.google.common.collect.SingletonImmutableSet registered as 21
03:56:09.304 [raft-server-3-state] TRACE io.atomix.utils.serializer.Namespace - class com.google.common.collect.ImmutableMap registered as 22
03:56:09.304 [raft-server-2-state] TRACE io.atomix.utils.serializer.Namespace - class com.google.common.collect.RegularImmutableSet registered as 21
03:56:09.304 [raft-server-3-state] TRACE io.atomix.utils.serializer.Namespace - class com.google.common.collect.RegularImmutableMap registered as 22
03:56:09.304 [raft-server-2-state] TRACE io.atomix.utils.serializer.Namespace - class com.google.common.collect.ImmutableMap registered as 22
03:56:09.304 [raft-server-3-state] TRACE io.atomix.utils.serializer.Namespace - class com.google.common.collect.RegularImmutableMap registered as 22
03:56:09.304 [raft-server-2-state] TRACE io.atomix.utils.serializer.Namespace - class com.google.common.collect.RegularImmutableMap registered as 22
03:56:09.304 [raft-server-3-state] TRACE io.atomix.utils.serializer.Namespace - class com.google.common.collect.RegularImmutableMap registered as 22
03:56:09.305 [raft-server-2-state] TRACE io.atomix.utils.serializer.Namespace - class com.google.common.collect.RegularImmutableMap registered as 22
03:56:09.305 [raft-server-2-state] TRACE io.atomix.utils.serializer.Namespace - class com.google.common.collect.RegularImmutableMap registered as 22
03:56:09.305 [raft-server-3-state] TRACE io.atomix.utils.serializer.Namespace - class java.util.Collections$UnmodifiableSet registered as 23
03:56:09.305 [raft-server-2-state] TRACE io.atomix.utils.serializer.Namespace - class java.util.Collections$UnmodifiableSet registered as 23
03:56:09.305 [raft-server-2-state] TRACE io.atomix.utils.serializer.Namespace - class java.util.HashMap registered as 24
03:56:09.305 [raft-server-3-state] TRACE io.atomix.utils.serializer.Namespace - class java.util.HashMap registered as 24
03:56:09.305 [raft-server-2-state] TRACE io.atomix.utils.serializer.Namespace - class java.util.concurrent.ConcurrentHashMap registered as 25
03:56:09.305 [raft-server-3-state] TRACE io.atomix.utils.serializer.Namespace - class java.util.concurrent.ConcurrentHashMap registered as 25
03:56:09.305 [raft-server-2-state] TRACE io.atomix.utils.serializer.Namespace - class java.util.concurrent.CopyOnWriteArraySet registered as 26
03:56:09.305 [raft-server-3-state] TRACE io.atomix.utils.serializer.Namespace - class java.util.concurrent.CopyOnWriteArraySet registered as 26
03:56:09.305 [raft-server-2-state] TRACE io.atomix.utils.serializer.Namespace - class java.util.ArrayList registered as 27
03:56:09.305 [raft-server-3-state] TRACE io.atomix.utils.serializer.Namespace - class java.util.ArrayList registered as 27
03:56:09.305 [raft-server-2-state] TRACE io.atomix.utils.serializer.Namespace - class java.util.LinkedList registered as 28
03:56:09.305 [raft-server-3-state] TRACE io.atomix.utils.serializer.Namespace - class java.util.LinkedList registered as 28
03:56:09.305 [raft-server-2-state] TRACE io.atomix.utils.serializer.Namespace - class java.util.HashSet registered as 29
03:56:09.305 [raft-server-3-state] TRACE io.atomix.utils.serializer.Namespace - class java.util.HashSet registered as 29
03:56:09.305 [raft-server-2-state] TRACE io.atomix.utils.serializer.Namespace - class java.util.LinkedHashSet registered as 30
03:56:09.305 [raft-server-3-state] TRACE io.atomix.utils.serializer.Namespace - class java.util.LinkedHashSet registered as 30
03:56:09.305 [raft-server-2-state] TRACE io.atomix.utils.serializer.Namespace - class com.sun.jmx.remote.internal.ArrayQueue registered as 31
03:56:09.305 [raft-server-3-state] TRACE io.atomix.utils.serializer.Namespace - class com.sun.jmx.remote.internal.ArrayQueue registered as 31
03:56:09.305 [raft-server-2-state] TRACE io.atomix.utils.serializer.Namespace - class java.util.ArrayDeque registered as 32
03:56:09.305 [raft-server-3-state] TRACE io.atomix.utils.serializer.Namespace - class java.util.ArrayDeque registered as 32
03:56:09.305 [raft-server-2-state] TRACE io.atomix.utils.serializer.Namespace - class com.google.common.collect.HashMultiset registered as 33
03:56:09.305 [raft-server-3-state] TRACE io.atomix.utils.serializer.Namespace - class com.google.common.collect.HashMultiset registered as 33
03:56:09.305 [raft-server-2-state] TRACE io.atomix.utils.serializer.Namespace - class com.google.common.collect.Sets registered as 34
03:56:09.306 [raft-server-3-state] TRACE io.atomix.utils.serializer.Namespace - class com.google.common.collect.Sets registered as 34
03:56:09.306 [raft-server-2-state] TRACE io.atomix.utils.serializer.Namespace - class com.google.common.collect.ImmutableEntry registered as 35
03:56:09.306 [raft-server-2-state] TRACE io.atomix.utils.serializer.Namespace - class java.util.Arrays$ArrayList registered as 36
03:56:09.306 [raft-server-3-state] TRACE io.atomix.utils.serializer.Namespace - class com.google.common.collect.ImmutableEntry registered as 35
03:56:09.306 [raft-server-2-state] TRACE io.atomix.utils.serializer.Namespace - class java.util.Collections$SingletonList registered as 37
03:56:09.306 [raft-server-3-state] TRACE io.atomix.utils.serializer.Namespace - class java.util.Arrays$ArrayList registered as 36
03:56:09.306 [raft-server-2-state] TRACE io.atomix.utils.serializer.Namespace - class java.time.Duration registered as 38
03:56:09.306 [raft-server-2-state] TRACE io.atomix.utils.serializer.Namespace - class java.util.Collections$EmptySet registered as 39
03:56:09.306 [raft-server-3-state] TRACE io.atomix.utils.serializer.Namespace - class java.util.Collections$SingletonList registered as 37
03:56:09.306 [raft-server-2-state] TRACE io.atomix.utils.serializer.Namespace - class java.util.Optional registered as 40
03:56:09.306 [raft-server-3-state] TRACE io.atomix.utils.serializer.Namespace - class java.time.Duration registered as 38
03:56:09.306 [raft-server-2-state] TRACE io.atomix.utils.serializer.Namespace - class java.util.Collections$EmptyList registered as 41
03:56:09.306 [raft-server-2-state] TRACE io.atomix.utils.serializer.Namespace - class java.util.Collections$SingletonSet registered as 42
03:56:09.306 [raft-server-3-state] TRACE io.atomix.utils.serializer.Namespace - class java.util.Collections$EmptySet registered as 39
03:56:09.306 [raft-server-2-state] TRACE io.atomix.utils.serializer.Namespace - class [I registered as 43
03:56:09.306 [raft-server-3-state] TRACE io.atomix.utils.serializer.Namespace - class java.util.Optional registered as 40
03:56:09.306 [raft-server-2-state] TRACE io.atomix.utils.serializer.Namespace - class [J registered as 44
03:56:09.306 [raft-server-2-state] TRACE io.atomix.utils.serializer.Namespace - class [S registered as 45
03:56:09.306 [raft-server-3-state] TRACE io.atomix.utils.serializer.Namespace - class java.util.Collections$EmptyList registered as 41
03:56:09.306 [raft-server-2-state] TRACE io.atomix.utils.serializer.Namespace - class [D registered as 46
03:56:09.306 [raft-server-3-state] TRACE io.atomix.utils.serializer.Namespace - class java.util.Collections$SingletonSet registered as 42
03:56:09.306 [raft-server-2-state] TRACE io.atomix.utils.serializer.Namespace - class [F registered as 47
03:56:09.306 [raft-server-3-state] TRACE io.atomix.utils.serializer.Namespace - class [I registered as 43
03:56:09.306 [raft-server-2-state] TRACE io.atomix.utils.serializer.Namespace - class [C registered as 48
03:56:09.306 [raft-server-3-state] TRACE io.atomix.utils.serializer.Namespace - class [J registered as 44
03:56:09.306 [raft-server-2-state] TRACE io.atomix.utils.serializer.Namespace - class [Ljava.lang.String; registered as 49
03:56:09.306 [raft-server-3-state] TRACE io.atomix.utils.serializer.Namespace - class [S registered as 45
03:56:09.306 [raft-server-2-state] TRACE io.atomix.utils.serializer.Namespace - class [Z registered as 50
03:56:09.307 [raft-server-2-state] TRACE io.atomix.utils.serializer.Namespace - class [Ljava.lang.Object; registered as 51
03:56:09.307 [raft-server-3-state] TRACE io.atomix.utils.serializer.Namespace - class [D registered as 46
03:56:09.307 [raft-server-2-state] TRACE io.atomix.utils.serializer.Namespace - class io.atomix.primitive.service.ServiceConfig registered as 52
03:56:09.307 [raft-server-3-state] TRACE io.atomix.utils.serializer.Namespace - class [F registered as 47
03:56:09.307 [raft-server-3-state] TRACE io.atomix.utils.serializer.Namespace - class [C registered as 48
03:56:09.307 [raft-server-3-state] TRACE io.atomix.utils.serializer.Namespace - class [Ljava.lang.String; registered as 49
03:56:09.307 [raft-server-2-state] DEBUG i.a.p.s.impl.DefaultServiceExecutor - PrimitiveService{2}{type=io.atomix.protocols.raft.RaftTest$TestPrimitiveType@51dfd39e, name=raft-test} - Registered operation callback DefaultOperationId{id=sendEvent, type=COMMAND}
03:56:09.307 [raft-server-3-state] TRACE io.atomix.utils.serializer.Namespace - class [Z registered as 50
03:56:09.307 [raft-server-2-state] DEBUG i.a.p.s.impl.DefaultServiceExecutor - PrimitiveService{2}{type=io.atomix.protocols.raft.RaftTest$TestPrimitiveType@51dfd39e, name=raft-test} - Registered operation callback DefaultOperationId{id=onClose, type=COMMAND}
03:56:09.307 [raft-server-3-state] TRACE io.atomix.utils.serializer.Namespace - class [Ljava.lang.Object; registered as 51
03:56:09.307 [raft-server-2-state] DEBUG i.a.p.s.impl.DefaultServiceExecutor - PrimitiveService{2}{type=io.atomix.protocols.raft.RaftTest$TestPrimitiveType@51dfd39e, name=raft-test} - Registered operation callback DefaultOperationId{id=read, type=QUERY}
03:56:09.307 [raft-server-3-state] TRACE io.atomix.utils.serializer.Namespace - class io.atomix.primitive.service.ServiceConfig registered as 52
03:56:09.307 [raft-server-2-state] DEBUG i.a.p.s.impl.DefaultServiceExecutor - PrimitiveService{2}{type=io.atomix.protocols.raft.RaftTest$TestPrimitiveType@51dfd39e, name=raft-test} - Registered operation callback DefaultOperationId{id=onExpire, type=COMMAND}
03:56:09.307 [raft-server-2-state] DEBUG i.a.p.s.impl.DefaultServiceExecutor - PrimitiveService{2}{type=io.atomix.protocols.raft.RaftTest$TestPrimitiveType@51dfd39e, name=raft-test} - Registered operation callback DefaultOperationId{id=write, type=COMMAND}
03:56:09.307 [raft-server-3-state] DEBUG i.a.p.s.impl.DefaultServiceExecutor - PrimitiveService{2}{type=io.atomix.protocols.raft.RaftTest$TestPrimitiveType@416fde07, name=raft-test} - Registered operation callback DefaultOperationId{id=sendEvent, type=COMMAND}
03:56:09.307 [raft-server-2-state] TRACE io.atomix.utils.serializer.Namespace - Creating Kryo instance for Namespace{registeredBlocks=[RegistrationBlock{begin=16, types=[([Ljava.lang.Class;@7d0100ea,null), ([Ljava.lang.Class;@357bc488,null), ([Ljava.lang.Class;@4ea17147,null), ([Ljava.lang.Class;@2eda4eeb,null), ([Ljava.lang.Class;@5ba90d8a,io.atomix.utils.serializer.serializers.ImmutableListSerializer@309dcdf3), ([Ljava.lang.Class;@7573b9ee,io.atomix.utils.serializer.serializers.ImmutableSetSerializer@9a20cbd), ([Ljava.lang.Class;@1af4955e,io.atomix.utils.serializer.serializers.ImmutableMapSerializer@445821a6), ([Ljava.lang.Class;@2c0c4c0a,null), ([Ljava.lang.Class;@35d26ad2,null), ([Ljava.lang.Class;@bb25753,null), ([Ljava.lang.Class;@ee21292,null), ([Ljava.lang.Class;@40c06358,null), ([Ljava.lang.Class;@66e21568,null), ([Ljava.lang.Class;@7f73ce28,null), ([Ljava.lang.Class;@611b35d6,null), ([Ljava.lang.Class;@2282400e,null), ([Ljava.lang.Class;@543d5863,null), ([Ljava.lang.Class;@35dece42,null), ([Ljava.lang.Class;@dd3f8aa,null), ([Ljava.lang.Class;@3d615b2e,null), ([Ljava.lang.Class;@3a1f2a1,io.atomix.utils.serializer.serializers.ArraysAsListSerializer@40ce9049), ([Ljava.lang.Class;@52ca2652,null), ([Ljava.lang.Class;@65c5bf0e,null), ([Ljava.lang.Class;@697d6ded,null), ([Ljava.lang.Class;@5d05f453,null), ([Ljava.lang.Class;@5efeb117,null), ([Ljava.lang.Class;@160b4809,null), ([Ljava.lang.Class;@149b4d20,null), ([Ljava.lang.Class;@664e848c,null), ([Ljava.lang.Class;@4d93f75b,null), ([Ljava.lang.Class;@114a5e0,null), ([Ljava.lang.Class;@4f281aaf,null), ([Ljava.lang.Class;@5d508d22,null), ([Ljava.lang.Class;@f2b90fc,null), ([Ljava.lang.Class;@2bb41f5c,null), ([Ljava.lang.Class;@24c685e7,null)]}, RegistrationBlock{begin=52, types=[([Ljava.lang.Class;@66ede008,null)]}]}
03:56:09.307 [raft-server-3-state] DEBUG i.a.p.s.impl.DefaultServiceExecutor - PrimitiveService{2}{type=io.atomix.protocols.raft.RaftTest$TestPrimitiveType@416fde07, name=raft-test} - Registered operation callback DefaultOperationId{id=onClose, type=COMMAND}
03:56:09.307 [raft-server-3-state] DEBUG i.a.p.s.impl.DefaultServiceExecutor - PrimitiveService{2}{type=io.atomix.protocols.raft.RaftTest$TestPrimitiveType@416fde07, name=raft-test} - Registered operation callback DefaultOperationId{id=read, type=QUERY}
03:56:09.307 [raft-server-2-state] TRACE io.atomix.utils.serializer.Namespace - class [B registered as 16
03:56:09.307 [raft-server-3-state] DEBUG i.a.p.s.impl.DefaultServiceExecutor - PrimitiveService{2}{type=io.atomix.protocols.raft.RaftTest$TestPrimitiveType@416fde07, name=raft-test} - Registered operation callback DefaultOperationId{id=onExpire, type=COMMAND}
03:56:09.308 [raft-server-2-state] TRACE io.atomix.utils.serializer.Namespace - class java.util.concurrent.atomic.AtomicBoolean registered as 17
03:56:09.308 [raft-server-3-state] DEBUG i.a.p.s.impl.DefaultServiceExecutor - PrimitiveService{2}{type=io.atomix.protocols.raft.RaftTest$TestPrimitiveType@416fde07, name=raft-test} - Registered operation callback DefaultOperationId{id=write, type=COMMAND}
03:56:09.308 [raft-server-2-state] TRACE io.atomix.utils.serializer.Namespace - class java.util.concurrent.atomic.AtomicInteger registered as 18
03:56:09.308 [raft-server-2-state] TRACE io.atomix.utils.serializer.Namespace - class java.util.concurrent.atomic.AtomicLong registered as 19
03:56:09.308 [raft-server-2-state] TRACE io.atomix.utils.serializer.Namespace - class com.google.common.collect.ImmutableList registered as 20
03:56:09.308 [raft-server-2-state] TRACE io.atomix.utils.serializer.Namespace - class com.google.common.collect.RegularImmutableList registered as 20
03:56:09.308 [raft-server-2-state] TRACE io.atomix.utils.serializer.Namespace - class com.google.common.collect.RegularImmutableList registered as 20
03:56:09.308 [raft-server-3-state] TRACE io.atomix.utils.serializer.Namespace - Creating Kryo instance for Namespace{registeredBlocks=[RegistrationBlock{begin=16, types=[([Ljava.lang.Class;@7d0100ea,null), ([Ljava.lang.Class;@357bc488,null), ([Ljava.lang.Class;@4ea17147,null), ([Ljava.lang.Class;@2eda4eeb,null), ([Ljava.lang.Class;@5ba90d8a,io.atomix.utils.serializer.serializers.ImmutableListSerializer@309dcdf3), ([Ljava.lang.Class;@7573b9ee,io.atomix.utils.serializer.serializers.ImmutableSetSerializer@9a20cbd), ([Ljava.lang.Class;@1af4955e,io.atomix.utils.serializer.serializers.ImmutableMapSerializer@445821a6), ([Ljava.lang.Class;@2c0c4c0a,null), ([Ljava.lang.Class;@35d26ad2,null), ([Ljava.lang.Class;@bb25753,null), ([Ljava.lang.Class;@ee21292,null), ([Ljava.lang.Class;@40c06358,null), ([Ljava.lang.Class;@66e21568,null), ([Ljava.lang.Class;@7f73ce28,null), ([Ljava.lang.Class;@611b35d6,null), ([Ljava.lang.Class;@2282400e,null), ([Ljava.lang.Class;@543d5863,null), ([Ljava.lang.Class;@35dece42,null), ([Ljava.lang.Class;@dd3f8aa,null), ([Ljava.lang.Class;@3d615b2e,null), ([Ljava.lang.Class;@3a1f2a1,io.atomix.utils.serializer.serializers.ArraysAsListSerializer@40ce9049), ([Ljava.lang.Class;@52ca2652,null), ([Ljava.lang.Class;@65c5bf0e,null), ([Ljava.lang.Class;@697d6ded,null), ([Ljava.lang.Class;@5d05f453,null), ([Ljava.lang.Class;@5efeb117,null), ([Ljava.lang.Class;@160b4809,null), ([Ljava.lang.Class;@149b4d20,null), ([Ljava.lang.Class;@664e848c,null), ([Ljava.lang.Class;@4d93f75b,null), ([Ljava.lang.Class;@114a5e0,null), ([Ljava.lang.Class;@4f281aaf,null), ([Ljava.lang.Class;@5d508d22,null), ([Ljava.lang.Class;@f2b90fc,null), ([Ljava.lang.Class;@2bb41f5c,null), ([Ljava.lang.Class;@24c685e7,null)]}, RegistrationBlock{begin=52, types=[([Ljava.lang.Class;@6601d46f,null)]}]}
03:56:09.308 [raft-server-2-state] TRACE io.atomix.utils.serializer.Namespace - class com.google.common.collect.ImmutableList$SubList registered as 20
03:56:09.308 [raft-server-2-state] TRACE io.atomix.utils.serializer.Namespace - class com.google.common.collect.ImmutableSet registered as 21
03:56:09.308 [raft-server-2-state] TRACE io.atomix.utils.serializer.Namespace - class com.google.common.collect.RegularImmutableSet registered as 21
03:56:09.308 [raft-server-2-state] TRACE io.atomix.utils.serializer.Namespace - class com.google.common.collect.SingletonImmutableSet registered as 21
03:56:09.308 [raft-server-2-state] TRACE io.atomix.utils.serializer.Namespace - class com.google.common.collect.RegularImmutableSet registered as 21
03:56:09.308 [raft-server-2-state] TRACE io.atomix.utils.serializer.Namespace - class com.google.common.collect.ImmutableMap registered as 22
03:56:09.308 [raft-server-2-state] TRACE io.atomix.utils.serializer.Namespace - class com.google.common.collect.RegularImmutableMap registered as 22
03:56:09.308 [raft-server-2-state] TRACE io.atomix.utils.serializer.Namespace - class com.google.common.collect.RegularImmutableMap registered as 22
03:56:09.308 [raft-server-2-state] TRACE io.atomix.utils.serializer.Namespace - class com.google.common.collect.RegularImmutableMap registered as 22
03:56:09.308 [raft-server-2-state] TRACE io.atomix.utils.serializer.Namespace - class java.util.Collections$UnmodifiableSet registered as 23
03:56:09.308 [raft-server-3-state] TRACE io.atomix.utils.serializer.Namespace - class [B registered as 16
03:56:09.308 [raft-server-2-state] TRACE io.atomix.utils.serializer.Namespace - class java.util.HashMap registered as 24
03:56:09.308 [raft-server-3-state] TRACE io.atomix.utils.serializer.Namespace - class java.util.concurrent.atomic.AtomicBoolean registered as 17
03:56:09.308 [raft-server-2-state] TRACE io.atomix.utils.serializer.Namespace - class java.util.concurrent.ConcurrentHashMap registered as 25
03:56:09.308 [raft-server-3-state] TRACE io.atomix.utils.serializer.Namespace - class java.util.concurrent.atomic.AtomicInteger registered as 18
03:56:09.308 [raft-server-2-state] TRACE io.atomix.utils.serializer.Namespace - class java.util.concurrent.CopyOnWriteArraySet registered as 26
03:56:09.308 [raft-server-3-state] TRACE io.atomix.utils.serializer.Namespace - class java.util.concurrent.atomic.AtomicLong registered as 19
03:56:09.308 [raft-server-2-state] TRACE io.atomix.utils.serializer.Namespace - class java.util.ArrayList registered as 27
03:56:09.308 [raft-server-3-state] TRACE io.atomix.utils.serializer.Namespace - class com.google.common.collect.ImmutableList registered as 20
03:56:09.308 [raft-server-2-state] TRACE io.atomix.utils.serializer.Namespace - class java.util.LinkedList registered as 28
03:56:09.308 [raft-server-3-state] TRACE io.atomix.utils.serializer.Namespace - class com.google.common.collect.RegularImmutableList registered as 20
03:56:09.308 [raft-server-2-state] TRACE io.atomix.utils.serializer.Namespace - class java.util.HashSet registered as 29
03:56:09.308 [raft-server-3-state] TRACE io.atomix.utils.serializer.Namespace - class com.google.common.collect.RegularImmutableList registered as 20
03:56:09.309 [raft-server-2-state] TRACE io.atomix.utils.serializer.Namespace - class java.util.LinkedHashSet registered as 30
03:56:09.309 [raft-server-3-state] TRACE io.atomix.utils.serializer.Namespace - class com.google.common.collect.ImmutableList$SubList registered as 20
03:56:09.309 [raft-server-2-state] TRACE io.atomix.utils.serializer.Namespace - class com.sun.jmx.remote.internal.ArrayQueue registered as 31
03:56:09.309 [raft-server-3-state] TRACE io.atomix.utils.serializer.Namespace - class com.google.common.collect.ImmutableSet registered as 21
03:56:09.309 [raft-server-3-state] TRACE io.atomix.utils.serializer.Namespace - class com.google.common.collect.RegularImmutableSet registered as 21
03:56:09.309 [raft-server-2-state] TRACE io.atomix.utils.serializer.Namespace - class java.util.ArrayDeque registered as 32
03:56:09.309 [raft-server-3-state] TRACE io.atomix.utils.serializer.Namespace - class com.google.common.collect.SingletonImmutableSet registered as 21
03:56:09.309 [raft-server-3-state] TRACE io.atomix.utils.serializer.Namespace - class com.google.common.collect.RegularImmutableSet registered as 21
03:56:09.309 [raft-server-2-state] TRACE io.atomix.utils.serializer.Namespace - class com.google.common.collect.HashMultiset registered as 33
03:56:09.309 [raft-server-3-state] TRACE io.atomix.utils.serializer.Namespace - class com.google.common.collect.ImmutableMap registered as 22
03:56:09.309 [raft-server-2-state] TRACE io.atomix.utils.serializer.Namespace - class com.google.common.collect.Sets registered as 34
03:56:09.309 [raft-server-3-state] TRACE io.atomix.utils.serializer.Namespace - class com.google.common.collect.RegularImmutableMap registered as 22
03:56:09.309 [raft-server-2-state] TRACE io.atomix.utils.serializer.Namespace - class com.google.common.collect.ImmutableEntry registered as 35
03:56:09.309 [raft-server-3-state] TRACE io.atomix.utils.serializer.Namespace - class com.google.common.collect.RegularImmutableMap registered as 22
03:56:09.309 [raft-server-2-state] TRACE io.atomix.utils.serializer.Namespace - class java.util.Arrays$ArrayList registered as 36
03:56:09.309 [raft-server-3-state] TRACE io.atomix.utils.serializer.Namespace - class com.google.common.collect.RegularImmutableMap registered as 22
03:56:09.309 [raft-server-2-state] TRACE io.atomix.utils.serializer.Namespace - class java.util.Collections$SingletonList registered as 37
03:56:09.309 [raft-server-2-state] TRACE io.atomix.utils.serializer.Namespace - class java.time.Duration registered as 38
03:56:09.309 [raft-server-3-state] TRACE io.atomix.utils.serializer.Namespace - class java.util.Collections$UnmodifiableSet registered as 23
03:56:09.309 [raft-server-2-state] TRACE io.atomix.utils.serializer.Namespace - class java.util.Collections$EmptySet registered as 39
03:56:09.309 [raft-server-2-state] TRACE io.atomix.utils.serializer.Namespace - class java.util.Optional registered as 40
03:56:09.309 [raft-server-3-state] TRACE io.atomix.utils.serializer.Namespace - class java.util.HashMap registered as 24
03:56:09.309 [raft-server-2-state] TRACE io.atomix.utils.serializer.Namespace - class java.util.Collections$EmptyList registered as 41
03:56:09.309 [raft-server-3-state] TRACE io.atomix.utils.serializer.Namespace - class java.util.concurrent.ConcurrentHashMap registered as 25
03:56:09.309 [raft-server-2-state] TRACE io.atomix.utils.serializer.Namespace - class java.util.Collections$SingletonSet registered as 42
03:56:09.309 [raft-server-3-state] TRACE io.atomix.utils.serializer.Namespace - class java.util.concurrent.CopyOnWriteArraySet registered as 26
03:56:09.309 [raft-server-2-state] TRACE io.atomix.utils.serializer.Namespace - class [I registered as 43
03:56:09.310 [raft-server-3-state] TRACE io.atomix.utils.serializer.Namespace - class java.util.ArrayList registered as 27
03:56:09.310 [raft-server-2-state] TRACE io.atomix.utils.serializer.Namespace - class [J registered as 44
03:56:09.310 [raft-server-3-state] TRACE io.atomix.utils.serializer.Namespace - class java.util.LinkedList registered as 28
03:56:09.310 [raft-server-2-state] TRACE io.atomix.utils.serializer.Namespace - class [S registered as 45
03:56:09.310 [raft-server-3-state] TRACE io.atomix.utils.serializer.Namespace - class java.util.HashSet registered as 29
03:56:09.310 [raft-server-2-state] TRACE io.atomix.utils.serializer.Namespace - class [D registered as 46
03:56:09.310 [raft-server-3-state] TRACE io.atomix.utils.serializer.Namespace - class java.util.LinkedHashSet registered as 30
03:56:09.310 [raft-server-2-state] TRACE io.atomix.utils.serializer.Namespace - class [F registered as 47
03:56:09.310 [raft-server-3-state] TRACE io.atomix.utils.serializer.Namespace - class com.sun.jmx.remote.internal.ArrayQueue registered as 31
03:56:09.310 [raft-server-2-state] TRACE io.atomix.utils.serializer.Namespace - class [C registered as 48
03:56:09.310 [raft-server-3-state] TRACE io.atomix.utils.serializer.Namespace - class java.util.ArrayDeque registered as 32
03:56:09.310 [raft-server-2-state] TRACE io.atomix.utils.serializer.Namespace - class [Ljava.lang.String; registered as 49
03:56:09.310 [raft-server-3-state] TRACE io.atomix.utils.serializer.Namespace - class com.google.common.collect.HashMultiset registered as 33
03:56:09.310 [raft-server-2-state] TRACE io.atomix.utils.serializer.Namespace - class [Z registered as 50
03:56:09.310 [raft-server-3-state] TRACE io.atomix.utils.serializer.Namespace - class com.google.common.collect.Sets registered as 34
03:56:09.310 [raft-server-2-state] TRACE io.atomix.utils.serializer.Namespace - class [Ljava.lang.Object; registered as 51
03:56:09.310 [raft-server-3-state] TRACE io.atomix.utils.serializer.Namespace - class com.google.common.collect.ImmutableEntry registered as 35
03:56:09.310 [raft-server-2-state] TRACE io.atomix.utils.serializer.Namespace - class io.atomix.primitive.service.ServiceConfig registered as 52
03:56:09.310 [raft-server-3-state] TRACE io.atomix.utils.serializer.Namespace - class java.util.Arrays$ArrayList registered as 36
03:56:09.310 [raft-server-2-state] DEBUG i.a.p.r.service.RaftServiceContext - PrimitiveService{2}{type=io.atomix.protocols.raft.RaftTest$TestPrimitiveType@51dfd39e, name=raft-test} - Opening session 2
03:56:09.310 [raft-server-3-state] TRACE io.atomix.utils.serializer.Namespace - class java.util.Collections$SingletonList registered as 37
03:56:09.310 [raft-server-2-state] DEBUG i.a.p.raft.session.RaftSession - Session{2}{type=io.atomix.protocols.raft.RaftTest$TestPrimitiveType@51dfd39e, name=raft-test} - State changed: OPEN
03:56:09.310 [raft-server-3-state] TRACE io.atomix.utils.serializer.Namespace - class java.time.Duration registered as 38
03:56:09.310 [raft-server-3-state] TRACE io.atomix.utils.serializer.Namespace - class java.util.Collections$EmptySet registered as 39
03:56:09.311 [raft-server-3-state] TRACE io.atomix.utils.serializer.Namespace - class java.util.Optional registered as 40
03:56:09.311 [raft-server-3-state] TRACE io.atomix.utils.serializer.Namespace - class java.util.Collections$EmptyList registered as 41
03:56:09.311 [raft-server-3-state] TRACE io.atomix.utils.serializer.Namespace - class java.util.Collections$SingletonSet registered as 42
03:56:09.311 [raft-server-3-state] TRACE io.atomix.utils.serializer.Namespace - class [I registered as 43
03:56:09.311 [raft-server-3-state] TRACE io.atomix.utils.serializer.Namespace - class [J registered as 44
03:56:09.311 [raft-server-3-state] TRACE io.atomix.utils.serializer.Namespace - class [S registered as 45
03:56:09.311 [raft-server-3-state] TRACE io.atomix.utils.serializer.Namespace - class [D registered as 46
03:56:09.311 [raft-server-3-state] TRACE io.atomix.utils.serializer.Namespace - class [F registered as 47
03:56:09.311 [raft-server-3-state] TRACE io.atomix.utils.serializer.Namespace - class [C registered as 48
03:56:09.311 [raft-server-3-state] TRACE io.atomix.utils.serializer.Namespace - class [Ljava.lang.String; registered as 49
03:56:09.311 [raft-server-3-state] TRACE io.atomix.utils.serializer.Namespace - class [Z registered as 50
03:56:09.311 [raft-server-3-state] TRACE io.atomix.utils.serializer.Namespace - class [Ljava.lang.Object; registered as 51
03:56:09.311 [raft-server-3-state] TRACE io.atomix.utils.serializer.Namespace - class io.atomix.primitive.service.ServiceConfig registered as 52
03:56:09.311 [raft-server-3-state] DEBUG i.a.p.r.service.RaftServiceContext - PrimitiveService{2}{type=io.atomix.protocols.raft.RaftTest$TestPrimitiveType@416fde07, name=raft-test} - Opening session 2
03:56:09.311 [raft-server-3-state] DEBUG i.a.p.raft.session.RaftSession - Session{2}{type=io.atomix.protocols.raft.RaftTest$TestPrimitiveType@416fde07, name=raft-test} - State changed: OPEN
03:56:09.361 [raft-server-1] TRACE i.a.p.raft.roles.LeaderAppender - RaftServer{1} - Received AppendResponse{status=OK, term=1, succeeded=true, lastLogIndex=4} from 3
03:56:09.361 [raft-server-1] TRACE i.a.p.raft.roles.LeaderAppender - RaftServer{1} - Committed entries up to 4
03:56:09.420 [raft-server-1] TRACE i.a.p.raft.roles.LeaderAppender - RaftServer{1} - Received AppendResponse{status=OK, term=1, succeeded=true, lastLogIndex=4} from 2
03:56:09.420 [raft-server-1-state] TRACE i.a.p.raft.impl.RaftServiceManager - RaftServer{1} - Applying Indexed{index=3, entry=KeepAliveEntry{term=1, timestamp=2018-06-10 03:56:09,229, sessionIds=long[]{length=1, hash=33}, commandSequences=long[]{length=1, hash=31}, eventIndexes=long[]{length=1, hash=33}}}
03:56:09.420 [raft-server-1-state] TRACE i.a.p.raft.impl.RaftServiceManager - RaftServer{1} - Applying Indexed{index=4, entry=CommandEntry{term=1, timestamp=2018-06-10 03:56:09,234, session=2, sequence=1, operation=PrimitiveOperation{id=DefaultOperationId{id=write, type=COMMAND}, value=byte[]{length=17, hash=-1644578928}}}}
03:56:09.420 [raft-server-1] TRACE i.a.protocols.raft.roles.LeaderRole - RaftServer{1}{role=LEADER} - Sending KeepAliveResponse{status=OK, leader=1, members=[3, 2, 1], sessionIds=long[]{length=1, hash=33}}
03:56:09.420 [raft-server-1-state] TRACE i.a.p.s.impl.DefaultServiceExecutor - PrimitiveService{2}{type=io.atomix.protocols.raft.RaftTest$TestPrimitiveType@2997f1, name=raft-test} - Executing DefaultCommit{index=4, session=RaftSession{RaftServiceContext{server=1, type=io.atomix.protocols.raft.RaftTest$TestPrimitiveType@2997f1, name=raft-test, id=2}, session=2, timestamp=2018-06-10 03:56:09,234}, time=2018-06-10 03:56:09,234, operation=DefaultOperationId{id=write, type=COMMAND}, value=byte[]{length=17, hash=-1644578928}}
03:56:09.420 [raft-server-1-state] TRACE i.a.protocols.raft.roles.LeaderRole - RaftServer{1}{role=LEADER} - Sending CommandResponse{status=OK, index=4, eventIndex=2, result=byte[]{length=2, hash=1248}}
03:56:09.421 [raft-client-fc80a008-639d-42fe-bb37-24bc71d605c3-2] TRACE i.a.p.r.s.impl.RaftSessionConnection - SessionClient{2}{type=io.atomix.protocols.raft.RaftTest$TestPrimitiveType@68b11545, name=raft-test} - Received CommandResponse{status=OK, index=4, eventIndex=2, result=byte[]{length=2, hash=1248}} from 1
03:56:09.421 [raft-client-fc80a008-639d-42fe-bb37-24bc71d605c3-4] TRACE i.a.p.r.s.impl.RaftSessionConnection - RaftClient{fc80a008-639d-42fe-bb37-24bc71d605c3} - Received KeepAliveResponse{status=OK, leader=1, members=[3, 2, 1], sessionIds=long[]{length=1, hash=33}} from 1
03:56:09.421 [raft-client-fc80a008-639d-42fe-bb37-24bc71d605c3-2] TRACE i.a.p.r.s.impl.RaftSessionSequencer - SessionClient{2}{type=io.atomix.protocols.raft.RaftTest$TestPrimitiveType@68b11545, name=raft-test} - Completing response CommandResponse{status=OK, index=4, eventIndex=2, result=byte[]{length=2, hash=1248}}
03:56:09.422 [raft-client-fc80a008-639d-42fe-bb37-24bc71d605c3-6] TRACE i.a.p.r.s.impl.RaftSessionConnection - SessionClient{2}{type=io.atomix.protocols.raft.RaftTest$TestPrimitiveType@68b11545, name=raft-test} - Sending CommandRequest{session=2, sequence=2, operation=PrimitiveOperation{id=DefaultOperationId{id=write, type=COMMAND}, value=byte[]{length=17, hash=-1644578928}}} to 1
03:56:09.422 [raft-server-1] TRACE i.a.protocols.raft.roles.LeaderRole - RaftServer{1}{role=LEADER} - Received CommandRequest{session=2, sequence=2, operation=PrimitiveOperation{id=DefaultOperationId{id=write, type=COMMAND}, value=byte[]{length=17, hash=-1644578928}}}
03:56:09.422 [raft-server-1] TRACE i.a.protocols.raft.roles.LeaderRole - RaftServer{1}{role=LEADER} - Appended Indexed{index=5, entry=CommandEntry{term=1, timestamp=2018-06-10 03:56:09,422, session=2, sequence=2, operation=PrimitiveOperation{id=DefaultOperationId{id=write, type=COMMAND}, value=byte[]{length=17, hash=-1644578928}}}}
03:56:09.422 [raft-server-1] TRACE i.a.p.raft.roles.LeaderAppender - RaftServer{1} - Sending AppendRequest{term=1, leader=1, prevLogIndex=4, prevLogTerm=1, entries=1, commitIndex=4} to 3
03:56:09.422 [raft-server-1] TRACE i.a.p.raft.roles.LeaderAppender - RaftServer{1} - Sending AppendRequest{term=1, leader=1, prevLogIndex=4, prevLogTerm=1, entries=1, commitIndex=4} to 2
03:56:09.422 [raft-server-3] TRACE i.a.p.raft.roles.FollowerRole - RaftServer{3}{role=FOLLOWER} - Received AppendRequest{term=1, leader=1, prevLogIndex=4, prevLogTerm=1, entries=1, commitIndex=4}
03:56:09.423 [raft-server-2] TRACE i.a.p.raft.roles.FollowerRole - RaftServer{2}{role=FOLLOWER} - Received AppendRequest{term=1, leader=1, prevLogIndex=4, prevLogTerm=1, entries=1, commitIndex=4}
03:56:09.423 [raft-server-3] TRACE i.a.p.raft.roles.FollowerRole - RaftServer{3}{role=FOLLOWER} - Appended Indexed{index=5, entry=CommandEntry{term=1, timestamp=2018-06-10 03:56:09,422, session=2, sequence=2, operation=PrimitiveOperation{id=DefaultOperationId{id=write, type=COMMAND}, value=byte[]{length=17, hash=-1644578928}}}}
03:56:09.423 [raft-server-2] TRACE i.a.p.raft.roles.FollowerRole - RaftServer{2}{role=FOLLOWER} - Appended Indexed{index=5, entry=CommandEntry{term=1, timestamp=2018-06-10 03:56:09,422, session=2, sequence=2, operation=PrimitiveOperation{id=DefaultOperationId{id=write, type=COMMAND}, value=byte[]{length=17, hash=-1644578928}}}}
03:56:09.478 [raft-server-2] TRACE i.a.p.raft.roles.FollowerRole - RaftServer{2}{role=FOLLOWER} - Committed entries up to index 4
03:56:09.478 [raft-server-3] TRACE i.a.p.raft.roles.FollowerRole - RaftServer{3}{role=FOLLOWER} - Committed entries up to index 4
03:56:09.478 [raft-server-2] TRACE i.a.p.raft.roles.FollowerRole - RaftServer{2}{role=FOLLOWER} - Sending AppendResponse{status=OK, term=1, succeeded=true, lastLogIndex=5}
03:56:09.478 [raft-server-3] TRACE i.a.p.raft.roles.FollowerRole - RaftServer{3}{role=FOLLOWER} - Sending AppendResponse{status=OK, term=1, succeeded=true, lastLogIndex=5}
03:56:09.478 [raft-server-1] TRACE i.a.p.raft.roles.LeaderAppender - RaftServer{1} - Received AppendResponse{status=OK, term=1, succeeded=true, lastLogIndex=5} from 2
03:56:09.478 [raft-server-2-state] TRACE i.a.p.raft.impl.RaftServiceManager - RaftServer{2} - Applying Indexed{index=3, entry=KeepAliveEntry{term=1, timestamp=2018-06-10 03:56:09,229, sessionIds=long[]{length=1, hash=33}, commandSequences=long[]{length=1, hash=31}, eventIndexes=long[]{length=1, hash=33}}}
03:56:09.478 [raft-server-3-state] TRACE i.a.p.raft.impl.RaftServiceManager - RaftServer{3} - Applying Indexed{index=3, entry=KeepAliveEntry{term=1, timestamp=2018-06-10 03:56:09,229, sessionIds=long[]{length=1, hash=33}, commandSequences=long[]{length=1, hash=31}, eventIndexes=long[]{length=1, hash=33}}}
03:56:09.478 [raft-server-1] TRACE i.a.p.raft.roles.LeaderAppender - RaftServer{1} - Committed entries up to 5
03:56:09.478 [raft-server-2-state] TRACE i.a.p.raft.impl.RaftServiceManager - RaftServer{2} - Applying Indexed{index=4, entry=CommandEntry{term=1, timestamp=2018-06-10 03:56:09,234, session=2, sequence=1, operation=PrimitiveOperation{id=DefaultOperationId{id=write, type=COMMAND}, value=byte[]{length=17, hash=-1644578928}}}}
03:56:09.478 [raft-server-3-state] TRACE i.a.p.raft.impl.RaftServiceManager - RaftServer{3} - Applying Indexed{index=4, entry=CommandEntry{term=1, timestamp=2018-06-10 03:56:09,234, session=2, sequence=1, operation=PrimitiveOperation{id=DefaultOperationId{id=write, type=COMMAND}, value=byte[]{length=17, hash=-1644578928}}}}
03:56:09.478 [raft-server-2-state] TRACE i.a.p.s.impl.DefaultServiceExecutor - PrimitiveService{2}{type=io.atomix.protocols.raft.RaftTest$TestPrimitiveType@51dfd39e, name=raft-test} - Executing DefaultCommit{index=4, session=RaftSession{RaftServiceContext{server=2, type=io.atomix.protocols.raft.RaftTest$TestPrimitiveType@51dfd39e, name=raft-test, id=2}, session=2, timestamp=2018-06-10 03:56:09,234}, time=2018-06-10 03:56:09,234, operation=DefaultOperationId{id=write, type=COMMAND}, value=byte[]{length=17, hash=-1644578928}}
03:56:09.479 [raft-server-3-state] TRACE i.a.p.s.impl.DefaultServiceExecutor - PrimitiveService{2}{type=io.atomix.protocols.raft.RaftTest$TestPrimitiveType@416fde07, name=raft-test} - Executing DefaultCommit{index=4, session=RaftSession{RaftServiceContext{server=3, type=io.atomix.protocols.raft.RaftTest$TestPrimitiveType@416fde07, name=raft-test, id=2}, session=2, timestamp=2018-06-10 03:56:09,234}, time=2018-06-10 03:56:09,234, operation=DefaultOperationId{id=write, type=COMMAND}, value=byte[]{length=17, hash=-1644578928}}
03:56:09.545 [raft-server-1] TRACE i.a.p.raft.roles.LeaderAppender - RaftServer{1} - Sending AppendRequest{term=1, leader=1, prevLogIndex=5, prevLogTerm=1, entries=0, commitIndex=5} to 2
03:56:09.545 [raft-server-1] TRACE i.a.p.raft.roles.LeaderAppender - RaftServer{1} - Received AppendResponse{status=OK, term=1, succeeded=true, lastLogIndex=5} from 3
03:56:09.545 [raft-server-2] TRACE i.a.p.raft.roles.FollowerRole - RaftServer{2}{role=FOLLOWER} - Received AppendRequest{term=1, leader=1, prevLogIndex=5, prevLogTerm=1, entries=0, commitIndex=5}
03:56:09.545 [raft-server-1] TRACE i.a.p.raft.roles.LeaderAppender - RaftServer{1} - Sending AppendRequest{term=1, leader=1, prevLogIndex=5, prevLogTerm=1, entries=0, commitIndex=5} to 3
03:56:09.545 [raft-server-3] TRACE i.a.p.raft.roles.FollowerRole - RaftServer{3}{role=FOLLOWER} - Received AppendRequest{term=1, leader=1, prevLogIndex=5, prevLogTerm=1, entries=0, commitIndex=5}
03:56:09.545 [raft-server-1-state] TRACE i.a.p.raft.impl.RaftServiceManager - RaftServer{1} - Applying Indexed{index=5, entry=CommandEntry{term=1, timestamp=2018-06-10 03:56:09,422, session=2, sequence=2, operation=PrimitiveOperation{id=DefaultOperationId{id=write, type=COMMAND}, value=byte[]{length=17, hash=-1644578928}}}}
03:56:09.545 [raft-server-1-state] TRACE i.a.p.s.impl.DefaultServiceExecutor - PrimitiveService{2}{type=io.atomix.protocols.raft.RaftTest$TestPrimitiveType@2997f1, name=raft-test} - Executing DefaultCommit{index=5, session=RaftSession{RaftServiceContext{server=1, type=io.atomix.protocols.raft.RaftTest$TestPrimitiveType@2997f1, name=raft-test, id=2}, session=2, timestamp=2018-06-10 03:56:09,422}, time=2018-06-10 03:56:09,422, operation=DefaultOperationId{id=write, type=COMMAND}, value=byte[]{length=17, hash=-1644578928}}
03:56:09.545 [raft-server-1-state] TRACE i.a.protocols.raft.roles.LeaderRole - RaftServer{1}{role=LEADER} - Sending CommandResponse{status=OK, index=5, eventIndex=2, result=byte[]{length=2, hash=1250}}
03:56:09.546 [raft-client-fc80a008-639d-42fe-bb37-24bc71d605c3-7] TRACE i.a.p.r.s.impl.RaftSessionConnection - SessionClient{2}{type=io.atomix.protocols.raft.RaftTest$TestPrimitiveType@68b11545, name=raft-test} - Received CommandResponse{status=OK, index=5, eventIndex=2, result=byte[]{length=2, hash=1250}} from 1
03:56:09.546 [raft-client-fc80a008-639d-42fe-bb37-24bc71d605c3-7] TRACE i.a.p.r.s.impl.RaftSessionSequencer - SessionClient{2}{type=io.atomix.protocols.raft.RaftTest$TestPrimitiveType@68b11545, name=raft-test} - Completing response CommandResponse{status=OK, index=5, eventIndex=2, result=byte[]{length=2, hash=1250}}
03:56:09.546 [raft-client-fc80a008-639d-42fe-bb37-24bc71d605c3-5] TRACE i.a.p.r.s.impl.RaftSessionConnection - SessionClient{2}{type=io.atomix.protocols.raft.RaftTest$TestPrimitiveType@68b11545, name=raft-test} - Sending CommandRequest{session=2, sequence=3, operation=PrimitiveOperation{id=DefaultOperationId{id=write, type=COMMAND}, value=byte[]{length=17, hash=-1644578928}}} to 1
03:56:09.546 [raft-server-1] TRACE i.a.protocols.raft.roles.LeaderRole - RaftServer{1}{role=LEADER} - Received CommandRequest{session=2, sequence=3, operation=PrimitiveOperation{id=DefaultOperationId{id=write, type=COMMAND}, value=byte[]{length=17, hash=-1644578928}}}
03:56:09.546 [raft-server-1] TRACE i.a.protocols.raft.roles.LeaderRole - RaftServer{1}{role=LEADER} - Appended Indexed{index=6, entry=CommandEntry{term=1, timestamp=2018-06-10 03:56:09,546, session=2, sequence=3, operation=PrimitiveOperation{id=DefaultOperationId{id=write, type=COMMAND}, value=byte[]{length=17, hash=-1644578928}}}}
03:56:09.601 [raft-server-2] TRACE i.a.p.raft.roles.FollowerRole - RaftServer{2}{role=FOLLOWER} - Committed entries up to index 5
03:56:09.601 [raft-server-2] TRACE i.a.p.raft.roles.FollowerRole - RaftServer{2}{role=FOLLOWER} - Sending AppendResponse{status=OK, term=1, succeeded=true, lastLogIndex=5}
03:56:09.601 [raft-server-2-state] TRACE i.a.p.raft.impl.RaftServiceManager - RaftServer{2} - Applying Indexed{index=5, entry=CommandEntry{term=1, timestamp=2018-06-10 03:56:09,422, session=2, sequence=2, operation=PrimitiveOperation{id=DefaultOperationId{id=write, type=COMMAND}, value=byte[]{length=17, hash=-1644578928}}}}
03:56:09.601 [raft-server-1] TRACE i.a.p.raft.roles.LeaderAppender - RaftServer{1} - Received AppendResponse{status=OK, term=1, succeeded=true, lastLogIndex=5} from 2
03:56:09.602 [raft-server-2-state] TRACE i.a.p.s.impl.DefaultServiceExecutor - PrimitiveService{2}{type=io.atomix.protocols.raft.RaftTest$TestPrimitiveType@51dfd39e, name=raft-test} - Executing DefaultCommit{index=5, session=RaftSession{RaftServiceContext{server=2, type=io.atomix.protocols.raft.RaftTest$TestPrimitiveType@51dfd39e, name=raft-test, id=2}, session=2, timestamp=2018-06-10 03:56:09,422}, time=2018-06-10 03:56:09,422, operation=DefaultOperationId{id=write, type=COMMAND}, value=byte[]{length=17, hash=-1644578928}}
03:56:09.602 [raft-server-1] TRACE i.a.p.raft.roles.LeaderAppender - RaftServer{1} - Sending AppendRequest{term=1, leader=1, prevLogIndex=5, prevLogTerm=1, entries=1, commitIndex=5} to 2
03:56:09.602 [raft-server-2] TRACE i.a.p.raft.roles.FollowerRole - RaftServer{2}{role=FOLLOWER} - Received AppendRequest{term=1, leader=1, prevLogIndex=5, prevLogTerm=1, entries=1, commitIndex=5}
03:56:09.602 [raft-server-2] TRACE i.a.p.raft.roles.FollowerRole - RaftServer{2}{role=FOLLOWER} - Appended Indexed{index=6, entry=CommandEntry{term=1, timestamp=2018-06-10 03:56:09,546, session=2, sequence=3, operation=PrimitiveOperation{id=DefaultOperationId{id=write, type=COMMAND}, value=byte[]{length=17, hash=-1644578928}}}}
03:56:09.602 [raft-server-2] TRACE i.a.p.raft.roles.FollowerRole - RaftServer{2}{role=FOLLOWER} - Sending AppendResponse{status=OK, term=1, succeeded=true, lastLogIndex=6}
03:56:09.602 [raft-server-1] TRACE i.a.p.raft.roles.LeaderAppender - RaftServer{1} - Received AppendResponse{status=OK, term=1, succeeded=true, lastLogIndex=6} from 2
03:56:09.602 [raft-server-1] TRACE i.a.p.raft.roles.LeaderAppender - RaftServer{1} - Committed entries up to 6
03:56:09.660 [raft-server-3] TRACE i.a.p.raft.roles.FollowerRole - RaftServer{3}{role=FOLLOWER} - Committed entries up to index 5
03:56:09.660 [raft-server-3] TRACE i.a.p.raft.roles.FollowerRole - RaftServer{3}{role=FOLLOWER} - Sending AppendResponse{status=OK, term=1, succeeded=true, lastLogIndex=5}
03:56:09.660 [raft-server-3-state] TRACE i.a.p.raft.impl.RaftServiceManager - RaftServer{3} - Applying Indexed{index=5, entry=CommandEntry{term=1, timestamp=2018-06-10 03:56:09,422, session=2, sequence=2, operation=PrimitiveOperation{id=DefaultOperationId{id=write, type=COMMAND}, value=byte[]{length=17, hash=-1644578928}}}}
03:56:09.660 [raft-server-3-state] TRACE i.a.p.s.impl.DefaultServiceExecutor - PrimitiveService{2}{type=io.atomix.protocols.raft.RaftTest$TestPrimitiveType@416fde07, name=raft-test} - Executing DefaultCommit{index=5, session=RaftSession{RaftServiceContext{server=3, type=io.atomix.protocols.raft.RaftTest$TestPrimitiveType@416fde07, name=raft-test, id=2}, session=2, timestamp=2018-06-10 03:56:09,422}, time=2018-06-10 03:56:09,422, operation=DefaultOperationId{id=write, type=COMMAND}, value=byte[]{length=17, hash=-1644578928}}
03:56:09.710 [raft-server-1] TRACE i.a.p.raft.roles.LeaderAppender - RaftServer{1} - Received AppendResponse{status=OK, term=1, succeeded=true, lastLogIndex=5} from 3
03:56:09.710 [raft-server-1] TRACE i.a.p.raft.roles.LeaderAppender - RaftServer{1} - Sending AppendRequest{term=1, leader=1, prevLogIndex=5, prevLogTerm=1, entries=1, commitIndex=6} to 3
03:56:09.710 [raft-server-3] TRACE i.a.p.raft.roles.FollowerRole - RaftServer{3}{role=FOLLOWER} - Received AppendRequest{term=1, leader=1, prevLogIndex=5, prevLogTerm=1, entries=1, commitIndex=6}
03:56:09.710 [raft-server-1] TRACE i.a.p.raft.roles.LeaderAppender - RaftServer{1} - Sending AppendRequest{term=1, leader=1, prevLogIndex=6, prevLogTerm=1, entries=0, commitIndex=6} to 2
03:56:09.710 [raft-server-2] TRACE i.a.p.raft.roles.FollowerRole - RaftServer{2}{role=FOLLOWER} - Received AppendRequest{term=1, leader=1, prevLogIndex=6, prevLogTerm=1, entries=0, commitIndex=6}
03:56:09.710 [raft-server-3] TRACE i.a.p.raft.roles.FollowerRole - RaftServer{3}{role=FOLLOWER} - Appended Indexed{index=6, entry=CommandEntry{term=1, timestamp=2018-06-10 03:56:09,546, session=2, sequence=3, operation=PrimitiveOperation{id=DefaultOperationId{id=write, type=COMMAND}, value=byte[]{length=17, hash=-1644578928}}}}
03:56:09.710 [raft-server-1-state] TRACE i.a.p.raft.impl.RaftServiceManager - RaftServer{1} - Applying Indexed{index=6, entry=CommandEntry{term=1, timestamp=2018-06-10 03:56:09,546, session=2, sequence=3, operation=PrimitiveOperation{id=DefaultOperationId{id=write, type=COMMAND}, value=byte[]{length=17, hash=-1644578928}}}}
03:56:09.710 [raft-server-1-state] TRACE i.a.p.s.impl.DefaultServiceExecutor - PrimitiveService{2}{type=io.atomix.protocols.raft.RaftTest$TestPrimitiveType@2997f1, name=raft-test} - Executing DefaultCommit{index=6, session=RaftSession{RaftServiceContext{server=1, type=io.atomix.protocols.raft.RaftTest$TestPrimitiveType@2997f1, name=raft-test, id=2}, session=2, timestamp=2018-06-10 03:56:09,546}, time=2018-06-10 03:56:09,546, operation=DefaultOperationId{id=write, type=COMMAND}, value=byte[]{length=17, hash=-1644578928}}
03:56:09.710 [raft-server-1-state] TRACE i.a.protocols.raft.roles.LeaderRole - RaftServer{1}{role=LEADER} - Sending CommandResponse{status=OK, index=6, eventIndex=2, result=byte[]{length=2, hash=1252}}
03:56:09.711 [raft-client-fc80a008-639d-42fe-bb37-24bc71d605c3-3] TRACE i.a.p.r.s.impl.RaftSessionConnection - SessionClient{2}{type=io.atomix.protocols.raft.RaftTest$TestPrimitiveType@68b11545, name=raft-test} - Received CommandResponse{status=OK, index=6, eventIndex=2, result=byte[]{length=2, hash=1252}} from 1
03:56:09.711 [raft-client-fc80a008-639d-42fe-bb37-24bc71d605c3-3] TRACE i.a.p.r.s.impl.RaftSessionSequencer - SessionClient{2}{type=io.atomix.protocols.raft.RaftTest$TestPrimitiveType@68b11545, name=raft-test} - Completing response CommandResponse{status=OK, index=6, eventIndex=2, result=byte[]{length=2, hash=1252}}
03:56:09.711 [raft-client-fc80a008-639d-42fe-bb37-24bc71d605c3-4] TRACE i.a.p.r.s.impl.RaftSessionConnection - SessionClient{2}{type=io.atomix.protocols.raft.RaftTest$TestPrimitiveType@68b11545, name=raft-test} - Sending CommandRequest{session=2, sequence=4, operation=PrimitiveOperation{id=DefaultOperationId{id=write, type=COMMAND}, value=byte[]{length=17, hash=-1644578928}}} to 1
03:56:09.711 [raft-server-1] TRACE i.a.protocols.raft.roles.LeaderRole - RaftServer{1}{role=LEADER} - Received CommandRequest{session=2, sequence=4, operation=PrimitiveOperation{id=DefaultOperationId{id=write, type=COMMAND}, value=byte[]{length=17, hash=-1644578928}}}
03:56:09.711 [raft-server-1] TRACE i.a.protocols.raft.roles.LeaderRole - RaftServer{1}{role=LEADER} - Appended Indexed{index=7, entry=CommandEntry{term=1, timestamp=2018-06-10 03:56:09,711, session=2, sequence=4, operation=PrimitiveOperation{id=DefaultOperationId{id=write, type=COMMAND}, value=byte[]{length=17, hash=-1644578928}}}}
03:56:09.754 [raft-server-3] TRACE i.a.p.raft.roles.FollowerRole - RaftServer{3}{role=FOLLOWER} - Committed entries up to index 6
03:56:09.754 [raft-server-2] TRACE i.a.p.raft.roles.FollowerRole - RaftServer{2}{role=FOLLOWER} - Committed entries up to index 6
03:56:09.754 [raft-server-3] TRACE i.a.p.raft.roles.FollowerRole - RaftServer{3}{role=FOLLOWER} - Sending AppendResponse{status=OK, term=1, succeeded=true, lastLogIndex=6}
03:56:09.754 [raft-server-2] TRACE i.a.p.raft.roles.FollowerRole - RaftServer{2}{role=FOLLOWER} - Sending AppendResponse{status=OK, term=1, succeeded=true, lastLogIndex=6}
03:56:09.754 [raft-server-1] TRACE i.a.p.raft.roles.LeaderAppender - RaftServer{1} - Received AppendResponse{status=OK, term=1, succeeded=true, lastLogIndex=6} from 3
03:56:09.754 [raft-server-2-state] TRACE i.a.p.raft.impl.RaftServiceManager - RaftServer{2} - Applying Indexed{index=6, entry=CommandEntry{term=1, timestamp=2018-06-10 03:56:09,546, session=2, sequence=3, operation=PrimitiveOperation{id=DefaultOperationId{id=write, type=COMMAND}, value=byte[]{length=17, hash=-1644578928}}}}
03:56:09.754 [raft-server-3-state] TRACE i.a.p.raft.impl.RaftServiceManager - RaftServer{3} - Applying Indexed{index=6, entry=CommandEntry{term=1, timestamp=2018-06-10 03:56:09,546, session=2, sequence=3, operation=PrimitiveOperation{id=DefaultOperationId{id=write, type=COMMAND}, value=byte[]{length=17, hash=-1644578928}}}}
03:56:09.755 [raft-server-1] TRACE i.a.p.raft.roles.LeaderAppender - RaftServer{1} - Sending AppendRequest{term=1, leader=1, prevLogIndex=6, prevLogTerm=1, entries=1, commitIndex=6} to 3
03:56:09.755 [raft-server-2-state] TRACE i.a.p.s.impl.DefaultServiceExecutor - PrimitiveService{2}{type=io.atomix.protocols.raft.RaftTest$TestPrimitiveType@51dfd39e, name=raft-test} - Executing DefaultCommit{index=6, session=RaftSession{RaftServiceContext{server=2, type=io.atomix.protocols.raft.RaftTest$TestPrimitiveType@51dfd39e, name=raft-test, id=2}, session=2, timestamp=2018-06-10 03:56:09,546}, time=2018-06-10 03:56:09,546, operation=DefaultOperationId{id=write, type=COMMAND}, value=byte[]{length=17, hash=-1644578928}}
03:56:09.755 [raft-server-3-state] TRACE i.a.p.s.impl.DefaultServiceExecutor - PrimitiveService{2}{type=io.atomix.protocols.raft.RaftTest$TestPrimitiveType@416fde07, name=raft-test} - Executing DefaultCommit{index=6, session=RaftSession{RaftServiceContext{server=3, type=io.atomix.protocols.raft.RaftTest$TestPrimitiveType@416fde07, name=raft-test, id=2}, session=2, timestamp=2018-06-10 03:56:09,546}, time=2018-06-10 03:56:09,546, operation=DefaultOperationId{id=write, type=COMMAND}, value=byte[]{length=17, hash=-1644578928}}
03:56:09.755 [raft-server-3] TRACE i.a.p.raft.roles.FollowerRole - RaftServer{3}{role=FOLLOWER} - Received AppendRequest{term=1, leader=1, prevLogIndex=6, prevLogTerm=1, entries=1, commitIndex=6}
03:56:09.755 [raft-server-1] TRACE i.a.p.raft.roles.LeaderAppender - RaftServer{1} - Sending AppendRequest{term=1, leader=1, prevLogIndex=6, prevLogTerm=1, entries=1, commitIndex=6} to 2
03:56:09.755 [raft-server-2] TRACE i.a.p.raft.roles.FollowerRole - RaftServer{2}{role=FOLLOWER} - Received AppendRequest{term=1, leader=1, prevLogIndex=6, prevLogTerm=1, entries=1, commitIndex=6}
03:56:09.755 [raft-server-1] TRACE i.a.p.raft.roles.LeaderAppender - RaftServer{1} - Received AppendResponse{status=OK, term=1, succeeded=true, lastLogIndex=6} from 2
03:56:09.755 [raft-server-3] TRACE i.a.p.raft.roles.FollowerRole - RaftServer{3}{role=FOLLOWER} - Appended Indexed{index=7, entry=CommandEntry{term=1, timestamp=2018-06-10 03:56:09,711, session=2, sequence=4, operation=PrimitiveOperation{id=DefaultOperationId{id=write, type=COMMAND}, value=byte[]{length=17, hash=-1644578928}}}}
03:56:09.755 [raft-server-3] TRACE i.a.p.raft.roles.FollowerRole - RaftServer{3}{role=FOLLOWER} - Sending AppendResponse{status=OK, term=1, succeeded=true, lastLogIndex=7}
03:56:09.755 [raft-server-1] TRACE i.a.p.raft.roles.LeaderAppender - RaftServer{1} - Received AppendResponse{status=OK, term=1, succeeded=true, lastLogIndex=7} from 3
03:56:09.755 [raft-server-2] TRACE i.a.p.raft.roles.FollowerRole - RaftServer{2}{role=FOLLOWER} - Appended Indexed{index=7, entry=CommandEntry{term=1, timestamp=2018-06-10 03:56:09,711, session=2, sequence=4, operation=PrimitiveOperation{id=DefaultOperationId{id=write, type=COMMAND}, value=byte[]{length=17, hash=-1644578928}}}}
03:56:09.755 [raft-server-1] TRACE i.a.p.raft.roles.LeaderAppender - RaftServer{1} - Committed entries up to 7
03:56:09.755 [raft-server-2] TRACE i.a.p.raft.roles.FollowerRole - RaftServer{2}{role=FOLLOWER} - Sending AppendResponse{status=OK, term=1, succeeded=true, lastLogIndex=7}
03:56:09.823 [raft-server-1] TRACE i.a.p.raft.roles.LeaderAppender - RaftServer{1} - Received AppendResponse{status=OK, term=1, succeeded=true, lastLogIndex=7} from 2
03:56:09.824 [raft-server-1-state] TRACE i.a.p.raft.impl.RaftServiceManager - RaftServer{1} - Applying Indexed{index=7, entry=CommandEntry{term=1, timestamp=2018-06-10 03:56:09,711, session=2, sequence=4, operation=PrimitiveOperation{id=DefaultOperationId{id=write, type=COMMAND}, value=byte[]{length=17, hash=-1644578928}}}}
03:56:09.824 [raft-server-1-state] TRACE i.a.p.s.impl.DefaultServiceExecutor - PrimitiveService{2}{type=io.atomix.protocols.raft.RaftTest$TestPrimitiveType@2997f1, name=raft-test} - Executing DefaultCommit{index=7, session=RaftSession{RaftServiceContext{server=1, type=io.atomix.protocols.raft.RaftTest$TestPrimitiveType@2997f1, name=raft-test, id=2}, session=2, timestamp=2018-06-10 03:56:09,711}, time=2018-06-10 03:56:09,711, operation=DefaultOperationId{id=write, type=COMMAND}, value=byte[]{length=17, hash=-1644578928}}
03:56:09.824 [raft-server-1-state] TRACE i.a.protocols.raft.roles.LeaderRole - RaftServer{1}{role=LEADER} - Sending CommandResponse{status=OK, index=7, eventIndex=2, result=byte[]{length=2, hash=1254}}
03:56:09.824 [raft-client-fc80a008-639d-42fe-bb37-24bc71d605c3-2] TRACE i.a.p.r.s.impl.RaftSessionConnection - SessionClient{2}{type=io.atomix.protocols.raft.RaftTest$TestPrimitiveType@68b11545, name=raft-test} - Received CommandResponse{status=OK, index=7, eventIndex=2, result=byte[]{length=2, hash=1254}} from 1
03:56:09.824 [raft-client-fc80a008-639d-42fe-bb37-24bc71d605c3-2] TRACE i.a.p.r.s.impl.RaftSessionSequencer - SessionClient{2}{type=io.atomix.protocols.raft.RaftTest$TestPrimitiveType@68b11545, name=raft-test} - Completing response CommandResponse{status=OK, index=7, eventIndex=2, result=byte[]{length=2, hash=1254}}
03:56:09.825 [raft-client-fc80a008-639d-42fe-bb37-24bc71d605c3-1] TRACE i.a.p.r.s.impl.RaftSessionConnection - SessionClient{2}{type=io.atomix.protocols.raft.RaftTest$TestPrimitiveType@68b11545, name=raft-test} - Sending CommandRequest{session=2, sequence=5, operation=PrimitiveOperation{id=DefaultOperationId{id=write, type=COMMAND}, value=byte[]{length=17, hash=-1644578928}}} to 1
03:56:09.825 [raft-server-1] TRACE i.a.protocols.raft.roles.LeaderRole - RaftServer{1}{role=LEADER} - Received CommandRequest{session=2, sequence=5, operation=PrimitiveOperation{id=DefaultOperationId{id=write, type=COMMAND}, value=byte[]{length=17, hash=-1644578928}}}
03:56:09.825 [raft-server-1] TRACE i.a.protocols.raft.roles.LeaderRole - RaftServer{1}{role=LEADER} - Appended Indexed{index=8, entry=CommandEntry{term=1, timestamp=2018-06-10 03:56:09,825, session=2, sequence=5, operation=PrimitiveOperation{id=DefaultOperationId{id=write, type=COMMAND}, value=byte[]{length=17, hash=-1644578928}}}}
03:56:09.825 [raft-server-1] TRACE i.a.p.raft.roles.LeaderAppender - RaftServer{1} - Sending AppendRequest{term=1, leader=1, prevLogIndex=7, prevLogTerm=1, entries=1, commitIndex=7} to 3
03:56:09.825 [raft-server-3] TRACE i.a.p.raft.roles.FollowerRole - RaftServer{3}{role=FOLLOWER} - Received AppendRequest{term=1, leader=1, prevLogIndex=7, prevLogTerm=1, entries=1, commitIndex=7}
03:56:09.825 [raft-server-1] TRACE i.a.p.raft.roles.LeaderAppender - RaftServer{1} - Sending AppendRequest{term=1, leader=1, prevLogIndex=7, prevLogTerm=1, entries=1, commitIndex=7} to 2
03:56:09.825 [raft-server-2] TRACE i.a.p.raft.roles.FollowerRole - RaftServer{2}{role=FOLLOWER} - Received AppendRequest{term=1, leader=1, prevLogIndex=7, prevLogTerm=1, entries=1, commitIndex=7}
03:56:09.825 [raft-server-3] TRACE i.a.p.raft.roles.FollowerRole - RaftServer{3}{role=FOLLOWER} - Appended Indexed{index=8, entry=CommandEntry{term=1, timestamp=2018-06-10 03:56:09,825, session=2, sequence=5, operation=PrimitiveOperation{id=DefaultOperationId{id=write, type=COMMAND}, value=byte[]{length=17, hash=-1644578928}}}}
03:56:09.826 [raft-server-2] TRACE i.a.p.raft.roles.FollowerRole - RaftServer{2}{role=FOLLOWER} - Appended Indexed{index=8, entry=CommandEntry{term=1, timestamp=2018-06-10 03:56:09,825, session=2, sequence=5, operation=PrimitiveOperation{id=DefaultOperationId{id=write, type=COMMAND}, value=byte[]{length=17, hash=-1644578928}}}}
03:56:09.886 [raft-server-3] TRACE i.a.p.raft.roles.FollowerRole - RaftServer{3}{role=FOLLOWER} - Committed entries up to index 7
03:56:09.886 [raft-server-2] TRACE i.a.p.raft.roles.FollowerRole - RaftServer{2}{role=FOLLOWER} - Committed entries up to index 7
03:56:09.886 [raft-server-3] TRACE i.a.p.raft.roles.FollowerRole - RaftServer{3}{role=FOLLOWER} - Sending AppendResponse{status=OK, term=1, succeeded=true, lastLogIndex=8}
03:56:09.886 [raft-server-2] TRACE i.a.p.raft.roles.FollowerRole - RaftServer{2}{role=FOLLOWER} - Sending AppendResponse{status=OK, term=1, succeeded=true, lastLogIndex=8}
03:56:09.886 [raft-server-1] TRACE i.a.p.raft.roles.LeaderAppender - RaftServer{1} - Received AppendResponse{status=OK, term=1, succeeded=true, lastLogIndex=8} from 3
03:56:09.887 [raft-server-1] TRACE i.a.p.raft.roles.LeaderAppender - RaftServer{1} - Committed entries up to 8
03:56:09.887 [raft-server-3-state] TRACE i.a.p.raft.impl.RaftServiceManager - RaftServer{3} - Applying Indexed{index=7, entry=CommandEntry{term=1, timestamp=2018-06-10 03:56:09,711, session=2, sequence=4, operation=PrimitiveOperation{id=DefaultOperationId{id=write, type=COMMAND}, value=byte[]{length=17, hash=-1644578928}}}}
03:56:09.886 [raft-server-2-state] TRACE i.a.p.raft.impl.RaftServiceManager - RaftServer{2} - Applying Indexed{index=7, entry=CommandEntry{term=1, timestamp=2018-06-10 03:56:09,711, session=2, sequence=4, operation=PrimitiveOperation{id=DefaultOperationId{id=write, type=COMMAND}, value=byte[]{length=17, hash=-1644578928}}}}
03:56:09.887 [raft-server-3-state] TRACE i.a.p.s.impl.DefaultServiceExecutor - PrimitiveService{2}{type=io.atomix.protocols.raft.RaftTest$TestPrimitiveType@416fde07, name=raft-test} - Executing DefaultCommit{index=7, session=RaftSession{RaftServiceContext{server=3, type=io.atomix.protocols.raft.RaftTest$TestPrimitiveType@416fde07, name=raft-test, id=2}, session=2, timestamp=2018-06-10 03:56:09,711}, time=2018-06-10 03:56:09,711, operation=DefaultOperationId{id=write, type=COMMAND}, value=byte[]{length=17, hash=-1644578928}}
03:56:09.887 [raft-server-2-state] TRACE i.a.p.s.impl.DefaultServiceExecutor - PrimitiveService{2}{type=io.atomix.protocols.raft.RaftTest$TestPrimitiveType@51dfd39e, name=raft-test} - Executing DefaultCommit{index=7, session=RaftSession{RaftServiceContext{server=2, type=io.atomix.protocols.raft.RaftTest$TestPrimitiveType@51dfd39e, name=raft-test, id=2}, session=2, timestamp=2018-06-10 03:56:09,711}, time=2018-06-10 03:56:09,711, operation=DefaultOperationId{id=write, type=COMMAND}, value=byte[]{length=17, hash=-1644578928}}
03:56:09.960 [raft-server-1] TRACE i.a.p.raft.roles.LeaderAppender - RaftServer{1} - Received AppendResponse{status=OK, term=1, succeeded=true, lastLogIndex=8} from 2
03:56:09.960 [raft-server-1] TRACE i.a.p.raft.roles.LeaderAppender - RaftServer{1} - Sending AppendRequest{term=1, leader=1, prevLogIndex=8, prevLogTerm=1, entries=0, commitIndex=8} to 3
03:56:09.960 [raft-server-1] TRACE i.a.p.raft.roles.LeaderAppender - RaftServer{1} - Sending AppendRequest{term=1, leader=1, prevLogIndex=8, prevLogTerm=1, entries=0, commitIndex=8} to 2
03:56:09.960 [raft-server-3] TRACE i.a.p.raft.roles.FollowerRole - RaftServer{3}{role=FOLLOWER} - Received AppendRequest{term=1, leader=1, prevLogIndex=8, prevLogTerm=1, entries=0, commitIndex=8}
03:56:09.960 [raft-server-2] TRACE i.a.p.raft.roles.FollowerRole - RaftServer{2}{role=FOLLOWER} - Received AppendRequest{term=1, leader=1, prevLogIndex=8, prevLogTerm=1, entries=0, commitIndex=8}
03:56:09.960 [raft-server-1-state] TRACE i.a.p.raft.impl.RaftServiceManager - RaftServer{1} - Applying Indexed{index=8, entry=CommandEntry{term=1, timestamp=2018-06-10 03:56:09,825, session=2, sequence=5, operation=PrimitiveOperation{id=DefaultOperationId{id=write, type=COMMAND}, value=byte[]{length=17, hash=-1644578928}}}}
03:56:09.960 [raft-server-1-state] TRACE i.a.p.s.impl.DefaultServiceExecutor - PrimitiveService{2}{type=io.atomix.protocols.raft.RaftTest$TestPrimitiveType@2997f1, name=raft-test} - Executing DefaultCommit{index=8, session=RaftSession{RaftServiceContext{server=1, type=io.atomix.protocols.raft.RaftTest$TestPrimitiveType@2997f1, name=raft-test, id=2}, session=2, timestamp=2018-06-10 03:56:09,825}, time=2018-06-10 03:56:09,825, operation=DefaultOperationId{id=write, type=COMMAND}, value=byte[]{length=17, hash=-1644578928}}
03:56:09.960 [raft-server-1-state] TRACE i.a.protocols.raft.roles.LeaderRole - RaftServer{1}{role=LEADER} - Sending CommandResponse{status=OK, index=8, eventIndex=2, result=byte[]{length=2, hash=1256}}
03:56:09.961 [raft-client-fc80a008-639d-42fe-bb37-24bc71d605c3-7] TRACE i.a.p.r.s.impl.RaftSessionConnection - SessionClient{2}{type=io.atomix.protocols.raft.RaftTest$TestPrimitiveType@68b11545, name=raft-test} - Received CommandResponse{status=OK, index=8, eventIndex=2, result=byte[]{length=2, hash=1256}} from 1
03:56:09.961 [raft-client-fc80a008-639d-42fe-bb37-24bc71d605c3-7] TRACE i.a.p.r.s.impl.RaftSessionSequencer - SessionClient{2}{type=io.atomix.protocols.raft.RaftTest$TestPrimitiveType@68b11545, name=raft-test} - Completing response CommandResponse{status=OK, index=8, eventIndex=2, result=byte[]{length=2, hash=1256}}
03:56:09.961 [raft-client-fc80a008-639d-42fe-bb37-24bc71d605c3-0] TRACE i.a.p.r.s.impl.RaftSessionConnection - SessionClient{2}{type=io.atomix.protocols.raft.RaftTest$TestPrimitiveType@68b11545, name=raft-test} - Sending CommandRequest{session=2, sequence=6, operation=PrimitiveOperation{id=DefaultOperationId{id=write, type=COMMAND}, value=byte[]{length=17, hash=-1644578928}}} to 1
03:56:09.961 [raft-server-1] TRACE i.a.protocols.raft.roles.LeaderRole - RaftServer{1}{role=LEADER} - Received CommandRequest{session=2, sequence=6, operation=PrimitiveOperation{id=DefaultOperationId{id=write, type=COMMAND}, value=byte[]{length=17, hash=-1644578928}}}
03:56:09.961 [raft-server-1] TRACE i.a.protocols.raft.roles.LeaderRole - RaftServer{1}{role=LEADER} - Appended Indexed{index=9, entry=CommandEntry{term=1, timestamp=2018-06-10 03:56:09,961, session=2, sequence=6, operation=PrimitiveOperation{id=DefaultOperationId{id=write, type=COMMAND}, value=byte[]{length=17, hash=-1644578928}}}}
03:56:10.028 [raft-server-3] TRACE i.a.p.raft.roles.FollowerRole - RaftServer{3}{role=FOLLOWER} - Committed entries up to index 8
03:56:10.028 [raft-server-2] TRACE i.a.p.raft.roles.FollowerRole - RaftServer{2}{role=FOLLOWER} - Committed entries up to index 8
03:56:10.028 [raft-server-3] TRACE i.a.p.raft.roles.FollowerRole - RaftServer{3}{role=FOLLOWER} - Sending AppendResponse{status=OK, term=1, succeeded=true, lastLogIndex=8}
03:56:10.028 [raft-server-2] TRACE i.a.p.raft.roles.FollowerRole - RaftServer{2}{role=FOLLOWER} - Sending AppendResponse{status=OK, term=1, succeeded=true, lastLogIndex=8}
03:56:10.028 [raft-server-1] TRACE i.a.p.raft.roles.LeaderAppender - RaftServer{1} - Received AppendResponse{status=OK, term=1, succeeded=true, lastLogIndex=8} from 3
03:56:10.028 [raft-server-3-state] TRACE i.a.p.raft.impl.RaftServiceManager - RaftServer{3} - Applying Indexed{index=8, entry=CommandEntry{term=1, timestamp=2018-06-10 03:56:09,825, session=2, sequence=5, operation=PrimitiveOperation{id=DefaultOperationId{id=write, type=COMMAND}, value=byte[]{length=17, hash=-1644578928}}}}
03:56:10.028 [raft-server-1] TRACE i.a.p.raft.roles.LeaderAppender - RaftServer{1} - Sending AppendRequest{term=1, leader=1, prevLogIndex=8, prevLogTerm=1, entries=1, commitIndex=8} to 3
03:56:10.028 [raft-server-2-state] TRACE i.a.p.raft.impl.RaftServiceManager - RaftServer{2} - Applying Indexed{index=8, entry=CommandEntry{term=1, timestamp=2018-06-10 03:56:09,825, session=2, sequence=5, operation=PrimitiveOperation{id=DefaultOperationId{id=write, type=COMMAND}, value=byte[]{length=17, hash=-1644578928}}}}
03:56:10.028 [raft-server-3-state] TRACE i.a.p.s.impl.DefaultServiceExecutor - PrimitiveService{2}{type=io.atomix.protocols.raft.RaftTest$TestPrimitiveType@416fde07, name=raft-test} - Executing DefaultCommit{index=8, session=RaftSession{RaftServiceContext{server=3, type=io.atomix.protocols.raft.RaftTest$TestPrimitiveType@416fde07, name=raft-test, id=2}, session=2, timestamp=2018-06-10 03:56:09,825}, time=2018-06-10 03:56:09,825, operation=DefaultOperationId{id=write, type=COMMAND}, value=byte[]{length=17, hash=-1644578928}}
03:56:10.029 [raft-server-3] TRACE i.a.p.raft.roles.FollowerRole - RaftServer{3}{role=FOLLOWER} - Received AppendRequest{term=1, leader=1, prevLogIndex=8, prevLogTerm=1, entries=1, commitIndex=8}
03:56:10.029 [raft-server-1] TRACE i.a.p.raft.roles.LeaderAppender - RaftServer{1} - Sending AppendRequest{term=1, leader=1, prevLogIndex=8, prevLogTerm=1, entries=1, commitIndex=8} to 2
03:56:10.029 [raft-server-3] TRACE i.a.p.raft.roles.FollowerRole - RaftServer{3}{role=FOLLOWER} - Appended Indexed{index=9, entry=CommandEntry{term=1, timestamp=2018-06-10 03:56:09,961, session=2, sequence=6, operation=PrimitiveOperation{id=DefaultOperationId{id=write, type=COMMAND}, value=byte[]{length=17, hash=-1644578928}}}}
03:56:10.029 [raft-server-2-state] TRACE i.a.p.s.impl.DefaultServiceExecutor - PrimitiveService{2}{type=io.atomix.protocols.raft.RaftTest$TestPrimitiveType@51dfd39e, name=raft-test} - Executing DefaultCommit{index=8, session=RaftSession{RaftServiceContext{server=2, type=io.atomix.protocols.raft.RaftTest$TestPrimitiveType@51dfd39e, name=raft-test, id=2}, session=2, timestamp=2018-06-10 03:56:09,825}, time=2018-06-10 03:56:09,825, operation=DefaultOperationId{id=write, type=COMMAND}, value=byte[]{length=17, hash=-1644578928}}
03:56:10.029 [raft-server-3] TRACE i.a.p.raft.roles.FollowerRole - RaftServer{3}{role=FOLLOWER} - Sending AppendResponse{status=OK, term=1, succeeded=true, lastLogIndex=9}
03:56:10.030 [raft-server-2] TRACE i.a.p.raft.roles.FollowerRole - RaftServer{2}{role=FOLLOWER} - Received AppendRequest{term=1, leader=1, prevLogIndex=8, prevLogTerm=1, entries=1, commitIndex=8}
03:56:10.030 [raft-server-1] TRACE i.a.p.raft.roles.LeaderAppender - RaftServer{1} - Received AppendResponse{status=OK, term=1, succeeded=true, lastLogIndex=8} from 2
03:56:10.030 [raft-server-1] TRACE i.a.p.raft.roles.LeaderAppender - RaftServer{1} - Received AppendResponse{status=OK, term=1, succeeded=true, lastLogIndex=9} from 3
03:56:10.030 [raft-server-1] TRACE i.a.p.raft.roles.LeaderAppender - RaftServer{1} - Committed entries up to 9
03:56:10.030 [raft-server-2] TRACE i.a.p.raft.roles.FollowerRole - RaftServer{2}{role=FOLLOWER} - Appended Indexed{index=9, entry=CommandEntry{term=1, timestamp=2018-06-10 03:56:09,961, session=2, sequence=6, operation=PrimitiveOperation{id=DefaultOperationId{id=write, type=COMMAND}, value=byte[]{length=17, hash=-1644578928}}}}
03:56:10.030 [raft-server-2] TRACE i.a.p.raft.roles.FollowerRole - RaftServer{2}{role=FOLLOWER} - Sending AppendResponse{status=OK, term=1, succeeded=true, lastLogIndex=9}
03:56:10.095 [raft-server-1] TRACE i.a.p.raft.roles.LeaderAppender - RaftServer{1} - Received AppendResponse{status=OK, term=1, succeeded=true, lastLogIndex=9} from 2
03:56:10.095 [raft-server-1-state] TRACE i.a.p.raft.impl.RaftServiceManager - RaftServer{1} - Applying Indexed{index=9, entry=CommandEntry{term=1, timestamp=2018-06-10 03:56:09,961, session=2, sequence=6, operation=PrimitiveOperation{id=DefaultOperationId{id=write, type=COMMAND}, value=byte[]{length=17, hash=-1644578928}}}}
03:56:10.095 [raft-server-1-state] TRACE i.a.p.s.impl.DefaultServiceExecutor - PrimitiveService{2}{type=io.atomix.protocols.raft.RaftTest$TestPrimitiveType@2997f1, name=raft-test} - Executing DefaultCommit{index=9, session=RaftSession{RaftServiceContext{server=1, type=io.atomix.protocols.raft.RaftTest$TestPrimitiveType@2997f1, name=raft-test, id=2}, session=2, timestamp=2018-06-10 03:56:09,961}, time=2018-06-10 03:56:09,961, operation=DefaultOperationId{id=write, type=COMMAND}, value=byte[]{length=17, hash=-1644578928}}
03:56:10.095 [raft-server-1-state] TRACE i.a.protocols.raft.roles.LeaderRole - RaftServer{1}{role=LEADER} - Sending CommandResponse{status=OK, index=9, eventIndex=2, result=byte[]{length=2, hash=1258}}
03:56:10.095 [raft-client-fc80a008-639d-42fe-bb37-24bc71d605c3-3] TRACE i.a.p.r.s.impl.RaftSessionConnection - SessionClient{2}{type=io.atomix.protocols.raft.RaftTest$TestPrimitiveType@68b11545, name=raft-test} - Received CommandResponse{status=OK, index=9, eventIndex=2, result=byte[]{length=2, hash=1258}} from 1
03:56:10.095 [raft-client-fc80a008-639d-42fe-bb37-24bc71d605c3-3] TRACE i.a.p.r.s.impl.RaftSessionSequencer - SessionClient{2}{type=io.atomix.protocols.raft.RaftTest$TestPrimitiveType@68b11545, name=raft-test} - Completing response CommandResponse{status=OK, index=9, eventIndex=2, result=byte[]{length=2, hash=1258}}
03:56:10.096 [raft-client-fc80a008-639d-42fe-bb37-24bc71d605c3-6] TRACE i.a.p.r.s.impl.RaftSessionConnection - SessionClient{2}{type=io.atomix.protocols.raft.RaftTest$TestPrimitiveType@68b11545, name=raft-test} - Sending CommandRequest{session=2, sequence=7, operation=PrimitiveOperation{id=DefaultOperationId{id=write, type=COMMAND}, value=byte[]{length=17, hash=-1644578928}}} to 1
03:56:10.096 [raft-server-1] TRACE i.a.protocols.raft.roles.LeaderRole - RaftServer{1}{role=LEADER} - Received CommandRequest{session=2, sequence=7, operation=PrimitiveOperation{id=DefaultOperationId{id=write, type=COMMAND}, value=byte[]{length=17, hash=-1644578928}}}
03:56:10.096 [raft-server-1] TRACE i.a.protocols.raft.roles.LeaderRole - RaftServer{1}{role=LEADER} - Appended Indexed{index=10, entry=CommandEntry{term=1, timestamp=2018-06-10 03:56:10,096, session=2, sequence=7, operation=PrimitiveOperation{id=DefaultOperationId{id=write, type=COMMAND}, value=byte[]{length=17, hash=-1644578928}}}}
03:56:10.096 [raft-server-1] TRACE i.a.p.raft.roles.LeaderAppender - RaftServer{1} - Sending AppendRequest{term=1, leader=1, prevLogIndex=9, prevLogTerm=1, entries=1, commitIndex=9} to 3
03:56:10.096 [raft-server-3] TRACE i.a.p.raft.roles.FollowerRole - RaftServer{3}{role=FOLLOWER} - Received AppendRequest{term=1, leader=1, prevLogIndex=9, prevLogTerm=1, entries=1, commitIndex=9}
03:56:10.096 [raft-server-1] TRACE i.a.p.raft.roles.LeaderAppender - RaftServer{1} - Sending AppendRequest{term=1, leader=1, prevLogIndex=9, prevLogTerm=1, entries=1, commitIndex=9} to 2
03:56:10.097 [raft-server-2] TRACE i.a.p.raft.roles.FollowerRole - RaftServer{2}{role=FOLLOWER} - Received AppendRequest{term=1, leader=1, prevLogIndex=9, prevLogTerm=1, entries=1, commitIndex=9}
03:56:10.097 [raft-server-3] TRACE i.a.p.raft.roles.FollowerRole - RaftServer{3}{role=FOLLOWER} - Appended Indexed{index=10, entry=CommandEntry{term=1, timestamp=2018-06-10 03:56:10,096, session=2, sequence=7, operation=PrimitiveOperation{id=DefaultOperationId{id=write, type=COMMAND}, value=byte[]{length=17, hash=-1644578928}}}}
03:56:10.097 [raft-server-2] TRACE i.a.p.raft.roles.FollowerRole - RaftServer{2}{role=FOLLOWER} - Appended Indexed{index=10, entry=CommandEntry{term=1, timestamp=2018-06-10 03:56:10,096, session=2, sequence=7, operation=PrimitiveOperation{id=DefaultOperationId{id=write, type=COMMAND}, value=byte[]{length=17, hash=-1644578928}}}}
03:56:10.128 [raft-server-3] TRACE i.a.p.raft.roles.FollowerRole - RaftServer{3}{role=FOLLOWER} - Committed entries up to index 9
03:56:10.128 [raft-server-2] TRACE i.a.p.raft.roles.FollowerRole - RaftServer{2}{role=FOLLOWER} - Committed entries up to index 9
03:56:10.128 [raft-server-3] TRACE i.a.p.raft.roles.FollowerRole - RaftServer{3}{role=FOLLOWER} - Sending AppendResponse{status=OK, term=1, succeeded=true, lastLogIndex=10}
03:56:10.128 [raft-server-2] TRACE i.a.p.raft.roles.FollowerRole - RaftServer{2}{role=FOLLOWER} - Sending AppendResponse{status=OK, term=1, succeeded=true, lastLogIndex=10}
03:56:10.128 [raft-server-1] TRACE i.a.p.raft.roles.LeaderAppender - RaftServer{1} - Received AppendResponse{status=OK, term=1, succeeded=true, lastLogIndex=10} from 3
03:56:10.128 [raft-server-1] TRACE i.a.p.raft.roles.LeaderAppender - RaftServer{1} - Committed entries up to 10
03:56:10.128 [raft-server-3-state] TRACE i.a.p.raft.impl.RaftServiceManager - RaftServer{3} - Applying Indexed{index=9, entry=CommandEntry{term=1, timestamp=2018-06-10 03:56:09,961, session=2, sequence=6, operation=PrimitiveOperation{id=DefaultOperationId{id=write, type=COMMAND}, value=byte[]{length=17, hash=-1644578928}}}}
03:56:10.128 [raft-server-3-state] TRACE i.a.p.s.impl.DefaultServiceExecutor - PrimitiveService{2}{type=io.atomix.protocols.raft.RaftTest$TestPrimitiveType@416fde07, name=raft-test} - Executing DefaultCommit{index=9, session=RaftSession{RaftServiceContext{server=3, type=io.atomix.protocols.raft.RaftTest$TestPrimitiveType@416fde07, name=raft-test, id=2}, session=2, timestamp=2018-06-10 03:56:09,961}, time=2018-06-10 03:56:09,961, operation=DefaultOperationId{id=write, type=COMMAND}, value=byte[]{length=17, hash=-1644578928}}
03:56:10.129 [raft-server-2-state] TRACE i.a.p.raft.impl.RaftServiceManager - RaftServer{2} - Applying Indexed{index=9, entry=CommandEntry{term=1, timestamp=2018-06-10 03:56:09,961, session=2, sequence=6, operation=PrimitiveOperation{id=DefaultOperationId{id=write, type=COMMAND}, value=byte[]{length=17, hash=-1644578928}}}}
03:56:10.129 [raft-server-2-state] TRACE i.a.p.s.impl.DefaultServiceExecutor - PrimitiveService{2}{type=io.atomix.protocols.raft.RaftTest$TestPrimitiveType@51dfd39e, name=raft-test} - Executing DefaultCommit{index=9, session=RaftSession{RaftServiceContext{server=2, type=io.atomix.protocols.raft.RaftTest$TestPrimitiveType@51dfd39e, name=raft-test, id=2}, session=2, timestamp=2018-06-10 03:56:09,961}, time=2018-06-10 03:56:09,961, operation=DefaultOperationId{id=write, type=COMMAND}, value=byte[]{length=17, hash=-1644578928}}
03:56:10.161 [raft-server-1] TRACE i.a.p.raft.roles.LeaderAppender - RaftServer{1} - Received AppendResponse{status=OK, term=1, succeeded=true, lastLogIndex=10} from 2
03:56:10.161 [raft-server-1-state] TRACE i.a.p.raft.impl.RaftServiceManager - RaftServer{1} - Applying Indexed{index=10, entry=CommandEntry{term=1, timestamp=2018-06-10 03:56:10,096, session=2, sequence=7, operation=PrimitiveOperation{id=DefaultOperationId{id=write, type=COMMAND}, value=byte[]{length=17, hash=-1644578928}}}}
03:56:10.162 [raft-server-1-state] TRACE i.a.p.s.impl.DefaultServiceExecutor - PrimitiveService{2}{type=io.atomix.protocols.raft.RaftTest$TestPrimitiveType@2997f1, name=raft-test} - Executing DefaultCommit{index=10, session=RaftSession{RaftServiceContext{server=1, type=io.atomix.protocols.raft.RaftTest$TestPrimitiveType@2997f1, name=raft-test, id=2}, session=2, timestamp=2018-06-10 03:56:10,096}, time=2018-06-10 03:56:10,096, operation=DefaultOperationId{id=write, type=COMMAND}, value=byte[]{length=17, hash=-1644578928}}
03:56:10.162 [raft-server-1-state] TRACE i.a.protocols.raft.roles.LeaderRole - RaftServer{1}{role=LEADER} - Sending CommandResponse{status=OK, index=10, eventIndex=2, result=byte[]{length=2, hash=1260}}
03:56:10.162 [raft-client-fc80a008-639d-42fe-bb37-24bc71d605c3-2] TRACE i.a.p.r.s.impl.RaftSessionConnection - SessionClient{2}{type=io.atomix.protocols.raft.RaftTest$TestPrimitiveType@68b11545, name=raft-test} - Received CommandResponse{status=OK, index=10, eventIndex=2, result=byte[]{length=2, hash=1260}} from 1
03:56:10.162 [raft-client-fc80a008-639d-42fe-bb37-24bc71d605c3-2] TRACE i.a.p.r.s.impl.RaftSessionSequencer - SessionClient{2}{type=io.atomix.protocols.raft.RaftTest$TestPrimitiveType@68b11545, name=raft-test} - Completing response CommandResponse{status=OK, index=10, eventIndex=2, result=byte[]{length=2, hash=1260}}
03:56:10.163 [raft-client-fc80a008-639d-42fe-bb37-24bc71d605c3-5] TRACE i.a.p.r.s.impl.RaftSessionConnection - SessionClient{2}{type=io.atomix.protocols.raft.RaftTest$TestPrimitiveType@68b11545, name=raft-test} - Sending CommandRequest{session=2, sequence=8, operation=PrimitiveOperation{id=DefaultOperationId{id=write, type=COMMAND}, value=byte[]{length=17, hash=-1644578928}}} to 1
03:56:10.163 [raft-server-1] TRACE i.a.protocols.raft.roles.LeaderRole - RaftServer{1}{role=LEADER} - Received CommandRequest{session=2, sequence=8, operation=PrimitiveOperation{id=DefaultOperationId{id=write, type=COMMAND}, value=byte[]{length=17, hash=-1644578928}}}
03:56:10.219 [raft-server-1] DEBUG i.a.storage.journal.SegmentedJournal - Created disk segment: JournalSegment{id=2, version=1, index=11, size=64}
03:56:10.220 [raft-server-1] TRACE i.a.protocols.raft.roles.LeaderRole - RaftServer{1}{role=LEADER} - Appended Indexed{index=11, entry=CommandEntry{term=1, timestamp=2018-06-10 03:56:10,163, session=2, sequence=8, operation=PrimitiveOperation{id=DefaultOperationId{id=write, type=COMMAND}, value=byte[]{length=17, hash=-1644578928}}}}
03:56:10.220 [raft-server-1] TRACE i.a.p.raft.roles.LeaderAppender - RaftServer{1} - Sending AppendRequest{term=1, leader=1, prevLogIndex=10, prevLogTerm=1, entries=1, commitIndex=10} to 3
03:56:10.220 [raft-server-3] TRACE i.a.p.raft.roles.FollowerRole - RaftServer{3}{role=FOLLOWER} - Received AppendRequest{term=1, leader=1, prevLogIndex=10, prevLogTerm=1, entries=1, commitIndex=10}
03:56:10.220 [raft-server-1] TRACE i.a.p.raft.roles.LeaderAppender - RaftServer{1} - Sending AppendRequest{term=1, leader=1, prevLogIndex=10, prevLogTerm=1, entries=1, commitIndex=10} to 2
03:56:10.221 [raft-server-2] TRACE i.a.p.raft.roles.FollowerRole - RaftServer{2}{role=FOLLOWER} - Received AppendRequest{term=1, leader=1, prevLogIndex=10, prevLogTerm=1, entries=1, commitIndex=10}
03:56:10.285 [raft-server-2] DEBUG i.a.storage.journal.SegmentedJournal - Created disk segment: JournalSegment{id=2, version=1, index=11, size=64}
03:56:10.285 [raft-server-2] TRACE i.a.p.raft.roles.FollowerRole - RaftServer{2}{role=FOLLOWER} - Appended Indexed{index=11, entry=CommandEntry{term=1, timestamp=2018-06-10 03:56:10,163, session=2, sequence=8, operation=PrimitiveOperation{id=DefaultOperationId{id=write, type=COMMAND}, value=byte[]{length=17, hash=-1644578928}}}}
03:56:10.311 [raft-server-3] DEBUG i.a.storage.journal.SegmentedJournal - Created disk segment: JournalSegment{id=2, version=1, index=11, size=64}
03:56:10.311 [raft-server-3] TRACE i.a.p.raft.roles.FollowerRole - RaftServer{3}{role=FOLLOWER} - Appended Indexed{index=11, entry=CommandEntry{term=1, timestamp=2018-06-10 03:56:10,163, session=2, sequence=8, operation=PrimitiveOperation{id=DefaultOperationId{id=write, type=COMMAND}, value=byte[]{length=17, hash=-1644578928}}}}
03:56:10.370 [raft-server-2] TRACE i.a.p.raft.roles.FollowerRole - RaftServer{2}{role=FOLLOWER} - Committed entries up to index 10
03:56:10.370 [raft-server-2] TRACE i.a.p.raft.roles.FollowerRole - RaftServer{2}{role=FOLLOWER} - Sending AppendResponse{status=OK, term=1, succeeded=true, lastLogIndex=11}
03:56:10.370 [raft-server-1] TRACE i.a.p.raft.roles.LeaderAppender - RaftServer{1} - Received AppendResponse{status=OK, term=1, succeeded=true, lastLogIndex=11} from 2
03:56:10.370 [raft-server-1] TRACE i.a.p.raft.roles.LeaderAppender - RaftServer{1} - Committed entries up to 11
03:56:10.370 [raft-server-2-state] TRACE i.a.p.raft.impl.RaftServiceManager - RaftServer{2} - Applying Indexed{index=10, entry=CommandEntry{term=1, timestamp=2018-06-10 03:56:10,096, session=2, sequence=7, operation=PrimitiveOperation{id=DefaultOperationId{id=write, type=COMMAND}, value=byte[]{length=17, hash=-1644578928}}}}
03:56:10.370 [raft-server-2-state] TRACE i.a.p.s.impl.DefaultServiceExecutor - PrimitiveService{2}{type=io.atomix.protocols.raft.RaftTest$TestPrimitiveType@51dfd39e, name=raft-test} - Executing DefaultCommit{index=10, session=RaftSession{RaftServiceContext{server=2, type=io.atomix.protocols.raft.RaftTest$TestPrimitiveType@51dfd39e, name=raft-test, id=2}, session=2, timestamp=2018-06-10 03:56:10,096}, time=2018-06-10 03:56:10,096, operation=DefaultOperationId{id=write, type=COMMAND}, value=byte[]{length=17, hash=-1644578928}}
03:56:10.426 [raft-server-3] TRACE i.a.p.raft.roles.FollowerRole - RaftServer{3}{role=FOLLOWER} - Committed entries up to index 10
03:56:10.426 [raft-server-3] TRACE i.a.p.raft.roles.FollowerRole - RaftServer{3}{role=FOLLOWER} - Sending AppendResponse{status=OK, term=1, succeeded=true, lastLogIndex=11}
03:56:10.426 [raft-server-3-state] TRACE i.a.p.raft.impl.RaftServiceManager - RaftServer{3} - Applying Indexed{index=10, entry=CommandEntry{term=1, timestamp=2018-06-10 03:56:10,096, session=2, sequence=7, operation=PrimitiveOperation{id=DefaultOperationId{id=write, type=COMMAND}, value=byte[]{length=17, hash=-1644578928}}}}
03:56:10.427 [raft-server-3-state] TRACE i.a.p.s.impl.DefaultServiceExecutor - PrimitiveService{2}{type=io.atomix.protocols.raft.RaftTest$TestPrimitiveType@416fde07, name=raft-test} - Executing DefaultCommit{index=10, session=RaftSession{RaftServiceContext{server=3, type=io.atomix.protocols.raft.RaftTest$TestPrimitiveType@416fde07, name=raft-test, id=2}, session=2, timestamp=2018-06-10 03:56:10,096}, time=2018-06-10 03:56:10,096, operation=DefaultOperationId{id=write, type=COMMAND}, value=byte[]{length=17, hash=-1644578928}}
03:56:10.451 [raft-server-1] TRACE i.a.p.raft.roles.LeaderAppender - RaftServer{1} - Sending AppendRequest{term=1, leader=1, prevLogIndex=11, prevLogTerm=1, entries=0, commitIndex=11} to 2
03:56:10.451 [raft-server-1] TRACE i.a.p.raft.roles.LeaderAppender - RaftServer{1} - Received AppendResponse{status=OK, term=1, succeeded=true, lastLogIndex=11} from 3
03:56:10.451 [raft-server-1] TRACE i.a.p.raft.roles.LeaderAppender - RaftServer{1} - Sending AppendRequest{term=1, leader=1, prevLogIndex=11, prevLogTerm=1, entries=0, commitIndex=11} to 3
03:56:10.451 [raft-server-2] TRACE i.a.p.raft.roles.FollowerRole - RaftServer{2}{role=FOLLOWER} - Received AppendRequest{term=1, leader=1, prevLogIndex=11, prevLogTerm=1, entries=0, commitIndex=11}
03:56:10.451 [raft-server-3] TRACE i.a.p.raft.roles.FollowerRole - RaftServer{3}{role=FOLLOWER} - Received AppendRequest{term=1, leader=1, prevLogIndex=11, prevLogTerm=1, entries=0, commitIndex=11}
03:56:10.451 [raft-server-1-state] TRACE i.a.p.raft.impl.RaftServiceManager - RaftServer{1} - Applying Indexed{index=11, entry=CommandEntry{term=1, timestamp=2018-06-10 03:56:10,163, session=2, sequence=8, operation=PrimitiveOperation{id=DefaultOperationId{id=write, type=COMMAND}, value=byte[]{length=17, hash=-1644578928}}}}
03:56:10.452 [raft-server-1-state] TRACE i.a.p.s.impl.DefaultServiceExecutor - PrimitiveService{2}{type=io.atomix.protocols.raft.RaftTest$TestPrimitiveType@2997f1, name=raft-test} - Executing DefaultCommit{index=11, session=RaftSession{RaftServiceContext{server=1, type=io.atomix.protocols.raft.RaftTest$TestPrimitiveType@2997f1, name=raft-test, id=2}, session=2, timestamp=2018-06-10 03:56:10,163}, time=2018-06-10 03:56:10,163, operation=DefaultOperationId{id=write, type=COMMAND}, value=byte[]{length=17, hash=-1644578928}}
03:56:10.452 [raft-server-1-state] TRACE i.a.protocols.raft.roles.LeaderRole - RaftServer{1}{role=LEADER} - Sending CommandResponse{status=OK, index=11, eventIndex=2, result=byte[]{length=2, hash=1262}}
03:56:10.452 [raft-client-fc80a008-639d-42fe-bb37-24bc71d605c3-3] TRACE i.a.p.r.s.impl.RaftSessionConnection - SessionClient{2}{type=io.atomix.protocols.raft.RaftTest$TestPrimitiveType@68b11545, name=raft-test} - Received CommandResponse{status=OK, index=11, eventIndex=2, result=byte[]{length=2, hash=1262}} from 1
03:56:10.452 [raft-client-fc80a008-639d-42fe-bb37-24bc71d605c3-3] TRACE i.a.p.r.s.impl.RaftSessionSequencer - SessionClient{2}{type=io.atomix.protocols.raft.RaftTest$TestPrimitiveType@68b11545, name=raft-test} - Completing response CommandResponse{status=OK, index=11, eventIndex=2, result=byte[]{length=2, hash=1262}}
03:56:10.452 [raft-client-fc80a008-639d-42fe-bb37-24bc71d605c3-4] TRACE i.a.p.r.s.impl.RaftSessionConnection - SessionClient{2}{type=io.atomix.protocols.raft.RaftTest$TestPrimitiveType@68b11545, name=raft-test} - Sending CommandRequest{session=2, sequence=9, operation=PrimitiveOperation{id=DefaultOperationId{id=write, type=COMMAND}, value=byte[]{length=17, hash=-1644578928}}} to 1
03:56:10.452 [raft-server-1] TRACE i.a.protocols.raft.roles.LeaderRole - RaftServer{1}{role=LEADER} - Received CommandRequest{session=2, sequence=9, operation=PrimitiveOperation{id=DefaultOperationId{id=write, type=COMMAND}, value=byte[]{length=17, hash=-1644578928}}}
03:56:10.453 [raft-server-1] TRACE i.a.protocols.raft.roles.LeaderRole - RaftServer{1}{role=LEADER} - Appended Indexed{index=12, entry=CommandEntry{term=1, timestamp=2018-06-10 03:56:10,453, session=2, sequence=9, operation=PrimitiveOperation{id=DefaultOperationId{id=write, type=COMMAND}, value=byte[]{length=17, hash=-1644578928}}}}
03:56:10.476 [raft-server-2] TRACE i.a.p.raft.roles.FollowerRole - RaftServer{2}{role=FOLLOWER} - Committed entries up to index 11
03:56:10.476 [raft-server-2] TRACE i.a.p.raft.roles.FollowerRole - RaftServer{2}{role=FOLLOWER} - Sending AppendResponse{status=OK, term=1, succeeded=true, lastLogIndex=11}
03:56:10.476 [raft-server-1] TRACE i.a.p.raft.roles.LeaderAppender - RaftServer{1} - Received AppendResponse{status=OK, term=1, succeeded=true, lastLogIndex=11} from 2
03:56:10.476 [raft-server-1] TRACE i.a.p.raft.roles.LeaderAppender - RaftServer{1} - Sending AppendRequest{term=1, leader=1, prevLogIndex=11, prevLogTerm=1, entries=1, commitIndex=11} to 2
03:56:10.477 [raft-server-2] TRACE i.a.p.raft.roles.FollowerRole - RaftServer{2}{role=FOLLOWER} - Received AppendRequest{term=1, leader=1, prevLogIndex=11, prevLogTerm=1, entries=1, commitIndex=11}
03:56:10.476 [raft-server-2-state] TRACE i.a.p.raft.impl.RaftServiceManager - RaftServer{2} - Applying Indexed{index=11, entry=CommandEntry{term=1, timestamp=2018-06-10 03:56:10,163, session=2, sequence=8, operation=PrimitiveOperation{id=DefaultOperationId{id=write, type=COMMAND}, value=byte[]{length=17, hash=-1644578928}}}}
03:56:10.477 [raft-server-2-state] TRACE i.a.p.s.impl.DefaultServiceExecutor - PrimitiveService{2}{type=io.atomix.protocols.raft.RaftTest$TestPrimitiveType@51dfd39e, name=raft-test} - Executing DefaultCommit{index=11, session=RaftSession{RaftServiceContext{server=2, type=io.atomix.protocols.raft.RaftTest$TestPrimitiveType@51dfd39e, name=raft-test, id=2}, session=2, timestamp=2018-06-10 03:56:10,163}, time=2018-06-10 03:56:10,163, operation=DefaultOperationId{id=write, type=COMMAND}, value=byte[]{length=17, hash=-1644578928}}
03:56:10.477 [raft-server-2] TRACE i.a.p.raft.roles.FollowerRole - RaftServer{2}{role=FOLLOWER} - Appended Indexed{index=12, entry=CommandEntry{term=1, timestamp=2018-06-10 03:56:10,453, session=2, sequence=9, operation=PrimitiveOperation{id=DefaultOperationId{id=write, type=COMMAND}, value=byte[]{length=17, hash=-1644578928}}}}
03:56:10.477 [raft-server-2] TRACE i.a.p.raft.roles.FollowerRole - RaftServer{2}{role=FOLLOWER} - Sending AppendResponse{status=OK, term=1, succeeded=true, lastLogIndex=12}
03:56:10.477 [raft-server-1] TRACE i.a.p.raft.roles.LeaderAppender - RaftServer{1} - Received AppendResponse{status=OK, term=1, succeeded=true, lastLogIndex=12} from 2
03:56:10.477 [raft-server-1] TRACE i.a.p.raft.roles.LeaderAppender - RaftServer{1} - Committed entries up to 12
03:56:10.511 [raft-server-3] TRACE i.a.p.raft.roles.FollowerRole - RaftServer{3}{role=FOLLOWER} - Committed entries up to index 11
03:56:10.511 [raft-server-3] TRACE i.a.p.raft.roles.FollowerRole - RaftServer{3}{role=FOLLOWER} - Sending AppendResponse{status=OK, term=1, succeeded=true, lastLogIndex=11}
03:56:10.511 [raft-server-3-state] TRACE i.a.p.raft.impl.RaftServiceManager - RaftServer{3} - Applying Indexed{index=11, entry=CommandEntry{term=1, timestamp=2018-06-10 03:56:10,163, session=2, sequence=8, operation=PrimitiveOperation{id=DefaultOperationId{id=write, type=COMMAND}, value=byte[]{length=17, hash=-1644578928}}}}
03:56:10.512 [raft-server-3-state] TRACE i.a.p.s.impl.DefaultServiceExecutor - PrimitiveService{2}{type=io.atomix.protocols.raft.RaftTest$TestPrimitiveType@416fde07, name=raft-test} - Executing DefaultCommit{index=11, session=RaftSession{RaftServiceContext{server=3, type=io.atomix.protocols.raft.RaftTest$TestPrimitiveType@416fde07, name=raft-test, id=2}, session=2, timestamp=2018-06-10 03:56:10,163}, time=2018-06-10 03:56:10,163, operation=DefaultOperationId{id=write, type=COMMAND}, value=byte[]{length=17, hash=-1644578928}}
03:56:10.536 [raft-server-1] TRACE i.a.p.raft.roles.LeaderAppender - RaftServer{1} - Received AppendResponse{status=OK, term=1, succeeded=true, lastLogIndex=11} from 3
03:56:10.536 [raft-server-1] TRACE i.a.p.raft.roles.LeaderAppender - RaftServer{1} - Sending AppendRequest{term=1, leader=1, prevLogIndex=11, prevLogTerm=1, entries=1, commitIndex=12} to 3
03:56:10.536 [raft-server-3] TRACE i.a.p.raft.roles.FollowerRole - RaftServer{3}{role=FOLLOWER} - Received AppendRequest{term=1, leader=1, prevLogIndex=11, prevLogTerm=1, entries=1, commitIndex=12}
03:56:10.537 [raft-server-1-state] TRACE i.a.p.raft.impl.RaftServiceManager - RaftServer{1} - Applying Indexed{index=12, entry=CommandEntry{term=1, timestamp=2018-06-10 03:56:10,453, session=2, sequence=9, operation=PrimitiveOperation{id=DefaultOperationId{id=write, type=COMMAND}, value=byte[]{length=17, hash=-1644578928}}}}
03:56:10.537 [raft-server-1-state] TRACE i.a.p.s.impl.DefaultServiceExecutor - PrimitiveService{2}{type=io.atomix.protocols.raft.RaftTest$TestPrimitiveType@2997f1, name=raft-test} - Executing DefaultCommit{index=12, session=RaftSession{RaftServiceContext{server=1, type=io.atomix.protocols.raft.RaftTest$TestPrimitiveType@2997f1, name=raft-test, id=2}, session=2, timestamp=2018-06-10 03:56:10,453}, time=2018-06-10 03:56:10,453, operation=DefaultOperationId{id=write, type=COMMAND}, value=byte[]{length=17, hash=-1644578928}}
03:56:10.537 [raft-server-3] TRACE i.a.p.raft.roles.FollowerRole - RaftServer{3}{role=FOLLOWER} - Appended Indexed{index=12, entry=CommandEntry{term=1, timestamp=2018-06-10 03:56:10,453, session=2, sequence=9, operation=PrimitiveOperation{id=DefaultOperationId{id=write, type=COMMAND}, value=byte[]{length=17, hash=-1644578928}}}}
03:56:10.537 [raft-server-1-state] TRACE i.a.protocols.raft.roles.LeaderRole - RaftServer{1}{role=LEADER} - Sending CommandResponse{status=OK, index=12, eventIndex=2, result=byte[]{length=2, hash=1264}}
03:56:10.537 [raft-client-fc80a008-639d-42fe-bb37-24bc71d605c3-2] TRACE i.a.p.r.s.impl.RaftSessionConnection - SessionClient{2}{type=io.atomix.protocols.raft.RaftTest$TestPrimitiveType@68b11545, name=raft-test} - Received CommandResponse{status=OK, index=12, eventIndex=2, result=byte[]{length=2, hash=1264}} from 1
03:56:10.537 [raft-client-fc80a008-639d-42fe-bb37-24bc71d605c3-2] TRACE i.a.p.r.s.impl.RaftSessionSequencer - SessionClient{2}{type=io.atomix.protocols.raft.RaftTest$TestPrimitiveType@68b11545, name=raft-test} - Completing response CommandResponse{status=OK, index=12, eventIndex=2, result=byte[]{length=2, hash=1264}}
03:56:10.537 [raft-client-fc80a008-639d-42fe-bb37-24bc71d605c3-1] TRACE i.a.p.r.s.impl.RaftSessionConnection - SessionClient{2}{type=io.atomix.protocols.raft.RaftTest$TestPrimitiveType@68b11545, name=raft-test} - Sending CommandRequest{session=2, sequence=10, operation=PrimitiveOperation{id=DefaultOperationId{id=write, type=COMMAND}, value=byte[]{length=17, hash=-1644578928}}} to 1
03:56:10.537 [raft-server-1] TRACE i.a.protocols.raft.roles.LeaderRole - RaftServer{1}{role=LEADER} - Received CommandRequest{session=2, sequence=10, operation=PrimitiveOperation{id=DefaultOperationId{id=write, type=COMMAND}, value=byte[]{length=17, hash=-1644578928}}}
03:56:10.538 [raft-server-1] TRACE i.a.protocols.raft.roles.LeaderRole - RaftServer{1}{role=LEADER} - Appended Indexed{index=13, entry=CommandEntry{term=1, timestamp=2018-06-10 03:56:10,537, session=2, sequence=10, operation=PrimitiveOperation{id=DefaultOperationId{id=write, type=COMMAND}, value=byte[]{length=17, hash=-1644578928}}}}
03:56:10.538 [raft-server-1] TRACE i.a.p.raft.roles.LeaderAppender - RaftServer{1} - Sending AppendRequest{term=1, leader=1, prevLogIndex=12, prevLogTerm=1, entries=1, commitIndex=12} to 2
03:56:10.538 [raft-server-2] TRACE i.a.p.raft.roles.FollowerRole - RaftServer{2}{role=FOLLOWER} - Received AppendRequest{term=1, leader=1, prevLogIndex=12, prevLogTerm=1, entries=1, commitIndex=12}
03:56:10.538 [raft-server-2] TRACE i.a.p.raft.roles.FollowerRole - RaftServer{2}{role=FOLLOWER} - Appended Indexed{index=13, entry=CommandEntry{term=1, timestamp=2018-06-10 03:56:10,537, session=2, sequence=10, operation=PrimitiveOperation{id=DefaultOperationId{id=write, type=COMMAND}, value=byte[]{length=17, hash=-1644578928}}}}
03:56:10.578 [raft-server-3] TRACE i.a.p.raft.roles.FollowerRole - RaftServer{3}{role=FOLLOWER} - Committed entries up to index 12
03:56:10.578 [raft-server-3] TRACE i.a.p.raft.roles.FollowerRole - RaftServer{3}{role=FOLLOWER} - Sending AppendResponse{status=OK, term=1, succeeded=true, lastLogIndex=12}
03:56:10.578 [raft-server-1] TRACE i.a.p.raft.roles.LeaderAppender - RaftServer{1} - Received AppendResponse{status=OK, term=1, succeeded=true, lastLogIndex=12} from 3
03:56:10.578 [raft-server-3-state] TRACE i.a.p.raft.impl.RaftServiceManager - RaftServer{3} - Applying Indexed{index=12, entry=CommandEntry{term=1, timestamp=2018-06-10 03:56:10,453, session=2, sequence=9, operation=PrimitiveOperation{id=DefaultOperationId{id=write, type=COMMAND}, value=byte[]{length=17, hash=-1644578928}}}}
03:56:10.578 [raft-server-1] TRACE i.a.p.raft.roles.LeaderAppender - RaftServer{1} - Sending AppendRequest{term=1, leader=1, prevLogIndex=12, prevLogTerm=1, entries=1, commitIndex=12} to 3
03:56:10.578 [raft-server-3-state] TRACE i.a.p.s.impl.DefaultServiceExecutor - PrimitiveService{2}{type=io.atomix.protocols.raft.RaftTest$TestPrimitiveType@416fde07, name=raft-test} - Executing DefaultCommit{index=12, session=RaftSession{RaftServiceContext{server=3, type=io.atomix.protocols.raft.RaftTest$TestPrimitiveType@416fde07, name=raft-test, id=2}, session=2, timestamp=2018-06-10 03:56:10,453}, time=2018-06-10 03:56:10,453, operation=DefaultOperationId{id=write, type=COMMAND}, value=byte[]{length=17, hash=-1644578928}}
03:56:10.578 [raft-server-3] TRACE i.a.p.raft.roles.FollowerRole - RaftServer{3}{role=FOLLOWER} - Received AppendRequest{term=1, leader=1, prevLogIndex=12, prevLogTerm=1, entries=1, commitIndex=12}
03:56:10.578 [raft-server-3] TRACE i.a.p.raft.roles.FollowerRole - RaftServer{3}{role=FOLLOWER} - Appended Indexed{index=13, entry=CommandEntry{term=1, timestamp=2018-06-10 03:56:10,537, session=2, sequence=10, operation=PrimitiveOperation{id=DefaultOperationId{id=write, type=COMMAND}, value=byte[]{length=17, hash=-1644578928}}}}
03:56:10.579 [raft-server-3] TRACE i.a.p.raft.roles.FollowerRole - RaftServer{3}{role=FOLLOWER} - Sending AppendResponse{status=OK, term=1, succeeded=true, lastLogIndex=13}
03:56:10.579 [raft-server-1] TRACE i.a.p.raft.roles.LeaderAppender - RaftServer{1} - Received AppendResponse{status=OK, term=1, succeeded=true, lastLogIndex=13} from 3
03:56:10.579 [raft-server-1] TRACE i.a.p.raft.roles.LeaderAppender - RaftServer{1} - Committed entries up to 13
03:56:10.611 [raft-server-2] TRACE i.a.p.raft.roles.FollowerRole - RaftServer{2}{role=FOLLOWER} - Committed entries up to index 12
03:56:10.611 [raft-server-2] TRACE i.a.p.raft.roles.FollowerRole - RaftServer{2}{role=FOLLOWER} - Sending AppendResponse{status=OK, term=1, succeeded=true, lastLogIndex=13}
03:56:10.611 [raft-server-2-state] TRACE i.a.p.raft.impl.RaftServiceManager - RaftServer{2} - Applying Indexed{index=12, entry=CommandEntry{term=1, timestamp=2018-06-10 03:56:10,453, session=2, sequence=9, operation=PrimitiveOperation{id=DefaultOperationId{id=write, type=COMMAND}, value=byte[]{length=17, hash=-1644578928}}}}
03:56:10.611 [raft-server-2-state] TRACE i.a.p.s.impl.DefaultServiceExecutor - PrimitiveService{2}{type=io.atomix.protocols.raft.RaftTest$TestPrimitiveType@51dfd39e, name=raft-test} - Executing DefaultCommit{index=12, session=RaftSession{RaftServiceContext{server=2, type=io.atomix.protocols.raft.RaftTest$TestPrimitiveType@51dfd39e, name=raft-test, id=2}, session=2, timestamp=2018-06-10 03:56:10,453}, time=2018-06-10 03:56:10,453, operation=DefaultOperationId{id=write, type=COMMAND}, value=byte[]{length=17, hash=-1644578928}}
03:56:10.636 [raft-server-1] TRACE i.a.p.raft.roles.LeaderAppender - RaftServer{1} - Received AppendResponse{status=OK, term=1, succeeded=true, lastLogIndex=13} from 2
03:56:10.636 [raft-server-1-state] TRACE i.a.p.raft.impl.RaftServiceManager - RaftServer{1} - Applying Indexed{index=13, entry=CommandEntry{term=1, timestamp=2018-06-10 03:56:10,537, session=2, sequence=10, operation=PrimitiveOperation{id=DefaultOperationId{id=write, type=COMMAND}, value=byte[]{length=17, hash=-1644578928}}}}
03:56:10.637 [raft-server-1-state] TRACE i.a.p.s.impl.DefaultServiceExecutor - PrimitiveService{2}{type=io.atomix.protocols.raft.RaftTest$TestPrimitiveType@2997f1, name=raft-test} - Executing DefaultCommit{index=13, session=RaftSession{RaftServiceContext{server=1, type=io.atomix.protocols.raft.RaftTest$TestPrimitiveType@2997f1, name=raft-test, id=2}, session=2, timestamp=2018-06-10 03:56:10,537}, time=2018-06-10 03:56:10,537, operation=DefaultOperationId{id=write, type=COMMAND}, value=byte[]{length=17, hash=-1644578928}}
03:56:10.637 [raft-server-1-state] TRACE i.a.protocols.raft.roles.LeaderRole - RaftServer{1}{role=LEADER} - Sending CommandResponse{status=OK, index=13, eventIndex=2, result=byte[]{length=2, hash=1266}}
03:56:10.637 [raft-client-fc80a008-639d-42fe-bb37-24bc71d605c3-7] TRACE i.a.p.r.s.impl.RaftSessionConnection - SessionClient{2}{type=io.atomix.protocols.raft.RaftTest$TestPrimitiveType@68b11545, name=raft-test} - Received CommandResponse{status=OK, index=13, eventIndex=2, result=byte[]{length=2, hash=1266}} from 1
03:56:10.637 [raft-client-fc80a008-639d-42fe-bb37-24bc71d605c3-7] TRACE i.a.p.r.s.impl.RaftSessionSequencer - SessionClient{2}{type=io.atomix.protocols.raft.RaftTest$TestPrimitiveType@68b11545, name=raft-test} - Completing response CommandResponse{status=OK, index=13, eventIndex=2, result=byte[]{length=2, hash=1266}}
03:56:10.637 [raft-client-fc80a008-639d-42fe-bb37-24bc71d605c3-7] TRACE i.a.p.r.s.impl.RaftSessionConnection - SessionClient{2}{type=io.atomix.protocols.raft.RaftTest$TestPrimitiveType@68b11545, name=raft-test} - Sending CommandRequest{session=2, sequence=11, operation=PrimitiveOperation{id=DefaultOperationId{id=write, type=COMMAND}, value=byte[]{length=17, hash=-1644578928}}} to 1
03:56:10.637 [raft-server-1] TRACE i.a.protocols.raft.roles.LeaderRole - RaftServer{1}{role=LEADER} - Received CommandRequest{session=2, sequence=11, operation=PrimitiveOperation{id=DefaultOperationId{id=write, type=COMMAND}, value=byte[]{length=17, hash=-1644578928}}}
03:56:10.638 [raft-server-1] TRACE i.a.protocols.raft.roles.LeaderRole - RaftServer{1}{role=LEADER} - Appended Indexed{index=14, entry=CommandEntry{term=1, timestamp=2018-06-10 03:56:10,638, session=2, sequence=11, operation=PrimitiveOperation{id=DefaultOperationId{id=write, type=COMMAND}, value=byte[]{length=17, hash=-1644578928}}}}
03:56:10.638 [raft-server-1] TRACE i.a.p.raft.roles.LeaderAppender - RaftServer{1} - Sending AppendRequest{term=1, leader=1, prevLogIndex=13, prevLogTerm=1, entries=1, commitIndex=13} to 3
03:56:10.638 [raft-server-1] TRACE i.a.p.raft.roles.LeaderAppender - RaftServer{1} - Sending AppendRequest{term=1, leader=1, prevLogIndex=13, prevLogTerm=1, entries=1, commitIndex=13} to 2
03:56:10.638 [raft-server-3] TRACE i.a.p.raft.roles.FollowerRole - RaftServer{3}{role=FOLLOWER} - Received AppendRequest{term=1, leader=1, prevLogIndex=13, prevLogTerm=1, entries=1, commitIndex=13}
03:56:10.638 [raft-server-2] TRACE i.a.p.raft.roles.FollowerRole - RaftServer{2}{role=FOLLOWER} - Received AppendRequest{term=1, leader=1, prevLogIndex=13, prevLogTerm=1, entries=1, commitIndex=13}
03:56:10.638 [raft-server-3] TRACE i.a.p.raft.roles.FollowerRole - RaftServer{3}{role=FOLLOWER} - Appended Indexed{index=14, entry=CommandEntry{term=1, timestamp=2018-06-10 03:56:10,638, session=2, sequence=11, operation=PrimitiveOperation{id=DefaultOperationId{id=write, type=COMMAND}, value=byte[]{length=17, hash=-1644578928}}}}
03:56:10.638 [raft-server-2] TRACE i.a.p.raft.roles.FollowerRole - RaftServer{2}{role=FOLLOWER} - Appended Indexed{index=14, entry=CommandEntry{term=1, timestamp=2018-06-10 03:56:10,638, session=2, sequence=11, operation=PrimitiveOperation{id=DefaultOperationId{id=write, type=COMMAND}, value=byte[]{length=17, hash=-1644578928}}}}
03:56:10.676 [raft-server-3] TRACE i.a.p.raft.roles.FollowerRole - RaftServer{3}{role=FOLLOWER} - Committed entries up to index 13
03:56:10.676 [raft-server-3] TRACE i.a.p.raft.roles.FollowerRole - RaftServer{3}{role=FOLLOWER} - Sending AppendResponse{status=OK, term=1, succeeded=true, lastLogIndex=14}
03:56:10.676 [raft-server-2] TRACE i.a.p.raft.roles.FollowerRole - RaftServer{2}{role=FOLLOWER} - Committed entries up to index 13
03:56:10.676 [raft-server-2] TRACE i.a.p.raft.roles.FollowerRole - RaftServer{2}{role=FOLLOWER} - Sending AppendResponse{status=OK, term=1, succeeded=true, lastLogIndex=14}
03:56:10.676 [raft-server-3-state] TRACE i.a.p.raft.impl.RaftServiceManager - RaftServer{3} - Applying Indexed{index=13, entry=CommandEntry{term=1, timestamp=2018-06-10 03:56:10,537, session=2, sequence=10, operation=PrimitiveOperation{id=DefaultOperationId{id=write, type=COMMAND}, value=byte[]{length=17, hash=-1644578928}}}}
03:56:10.676 [raft-server-1] TRACE i.a.p.raft.roles.LeaderAppender - RaftServer{1} - Received AppendResponse{status=OK, term=1, succeeded=true, lastLogIndex=14} from 3
03:56:10.676 [raft-server-2-state] TRACE i.a.p.raft.impl.RaftServiceManager - RaftServer{2} - Applying Indexed{index=13, entry=CommandEntry{term=1, timestamp=2018-06-10 03:56:10,537, session=2, sequence=10, operation=PrimitiveOperation{id=DefaultOperationId{id=write, type=COMMAND}, value=byte[]{length=17, hash=-1644578928}}}}
03:56:10.677 [raft-server-1] TRACE i.a.p.raft.roles.LeaderAppender - RaftServer{1} - Committed entries up to 14
03:56:10.676 [raft-server-3-state] TRACE i.a.p.s.impl.DefaultServiceExecutor - PrimitiveService{2}{type=io.atomix.protocols.raft.RaftTest$TestPrimitiveType@416fde07, name=raft-test} - Executing DefaultCommit{index=13, session=RaftSession{RaftServiceContext{server=3, type=io.atomix.protocols.raft.RaftTest$TestPrimitiveType@416fde07, name=raft-test, id=2}, session=2, timestamp=2018-06-10 03:56:10,537}, time=2018-06-10 03:56:10,537, operation=DefaultOperationId{id=write, type=COMMAND}, value=byte[]{length=17, hash=-1644578928}}
03:56:10.677 [raft-server-2-state] TRACE i.a.p.s.impl.DefaultServiceExecutor - PrimitiveService{2}{type=io.atomix.protocols.raft.RaftTest$TestPrimitiveType@51dfd39e, name=raft-test} - Executing DefaultCommit{index=13, session=RaftSession{RaftServiceContext{server=2, type=io.atomix.protocols.raft.RaftTest$TestPrimitiveType@51dfd39e, name=raft-test, id=2}, session=2, timestamp=2018-06-10 03:56:10,537}, time=2018-06-10 03:56:10,537, operation=DefaultOperationId{id=write, type=COMMAND}, value=byte[]{length=17, hash=-1644578928}}
03:56:10.711 [raft-server-1] TRACE i.a.p.raft.roles.LeaderAppender - RaftServer{1} - Received AppendResponse{status=OK, term=1, succeeded=true, lastLogIndex=14} from 2
03:56:10.711 [raft-server-1] TRACE i.a.p.raft.roles.LeaderAppender - RaftServer{1} - Sending AppendRequest{term=1, leader=1, prevLogIndex=14, prevLogTerm=1, entries=0, commitIndex=14} to 3
03:56:10.711 [raft-server-1] TRACE i.a.p.raft.roles.LeaderAppender - RaftServer{1} - Sending AppendRequest{term=1, leader=1, prevLogIndex=14, prevLogTerm=1, entries=0, commitIndex=14} to 2
03:56:10.711 [raft-server-3] TRACE i.a.p.raft.roles.FollowerRole - RaftServer{3}{role=FOLLOWER} - Received AppendRequest{term=1, leader=1, prevLogIndex=14, prevLogTerm=1, entries=0, commitIndex=14}
03:56:10.711 [raft-server-2] TRACE i.a.p.raft.roles.FollowerRole - RaftServer{2}{role=FOLLOWER} - Received AppendRequest{term=1, leader=1, prevLogIndex=14, prevLogTerm=1, entries=0, commitIndex=14}
03:56:10.711 [raft-server-1-state] TRACE i.a.p.raft.impl.RaftServiceManager - RaftServer{1} - Applying Indexed{index=14, entry=CommandEntry{term=1, timestamp=2018-06-10 03:56:10,638, session=2, sequence=11, operation=PrimitiveOperation{id=DefaultOperationId{id=write, type=COMMAND}, value=byte[]{length=17, hash=-1644578928}}}}
03:56:10.712 [raft-server-1-state] TRACE i.a.p.s.impl.DefaultServiceExecutor - PrimitiveService{2}{type=io.atomix.protocols.raft.RaftTest$TestPrimitiveType@2997f1, name=raft-test} - Executing DefaultCommit{index=14, session=RaftSession{RaftServiceContext{server=1, type=io.atomix.protocols.raft.RaftTest$TestPrimitiveType@2997f1, name=raft-test, id=2}, session=2, timestamp=2018-06-10 03:56:10,638}, time=2018-06-10 03:56:10,638, operation=DefaultOperationId{id=write, type=COMMAND}, value=byte[]{length=17, hash=-1644578928}}
03:56:10.712 [raft-server-1-state] TRACE i.a.protocols.raft.roles.LeaderRole - RaftServer{1}{role=LEADER} - Sending CommandResponse{status=OK, index=14, eventIndex=2, result=byte[]{length=2, hash=1268}}
03:56:10.712 [raft-server-2] TRACE i.a.p.raft.roles.FollowerRole - RaftServer{2}{role=FOLLOWER} - Committed entries up to index 14
03:56:10.712 [raft-server-2] TRACE i.a.p.raft.roles.FollowerRole - RaftServer{2}{role=FOLLOWER} - Sending AppendResponse{status=OK, term=1, succeeded=true, lastLogIndex=14}
03:56:10.712 [raft-client-fc80a008-639d-42fe-bb37-24bc71d605c3-3] TRACE i.a.p.r.s.impl.RaftSessionConnection - SessionClient{2}{type=io.atomix.protocols.raft.RaftTest$TestPrimitiveType@68b11545, name=raft-test} - Received CommandResponse{status=OK, index=14, eventIndex=2, result=byte[]{length=2, hash=1268}} from 1
03:56:10.712 [raft-client-fc80a008-639d-42fe-bb37-24bc71d605c3-3] TRACE i.a.p.r.s.impl.RaftSessionSequencer - SessionClient{2}{type=io.atomix.protocols.raft.RaftTest$TestPrimitiveType@68b11545, name=raft-test} - Completing response CommandResponse{status=OK, index=14, eventIndex=2, result=byte[]{length=2, hash=1268}}
03:56:10.712 [raft-server-1] TRACE i.a.p.raft.roles.LeaderAppender - RaftServer{1} - Received AppendResponse{status=OK, term=1, succeeded=true, lastLogIndex=14} from 2
03:56:10.712 [raft-server-2-state] TRACE i.a.p.raft.impl.RaftServiceManager - RaftServer{2} - Applying Indexed{index=14, entry=CommandEntry{term=1, timestamp=2018-06-10 03:56:10,638, session=2, sequence=11, operation=PrimitiveOperation{id=DefaultOperationId{id=write, type=COMMAND}, value=byte[]{length=17, hash=-1644578928}}}}
03:56:10.712 [raft-server-1] TRACE i.a.p.raft.roles.LeaderAppender - RaftServer{1} - Sending AppendRequest{term=1, leader=1, prevLogIndex=14, prevLogTerm=1, entries=0, commitIndex=14} to 2
03:56:10.712 [raft-server-2-state] TRACE i.a.p.s.impl.DefaultServiceExecutor - PrimitiveService{2}{type=io.atomix.protocols.raft.RaftTest$TestPrimitiveType@51dfd39e, name=raft-test} - Executing DefaultCommit{index=14, session=RaftSession{RaftServiceContext{server=2, type=io.atomix.protocols.raft.RaftTest$TestPrimitiveType@51dfd39e, name=raft-test, id=2}, session=2, timestamp=2018-06-10 03:56:10,638}, time=2018-06-10 03:56:10,638, operation=DefaultOperationId{id=write, type=COMMAND}, value=byte[]{length=17, hash=-1644578928}}
03:56:10.712 [raft-server-2] TRACE i.a.p.raft.roles.FollowerRole - RaftServer{2}{role=FOLLOWER} - Received AppendRequest{term=1, leader=1, prevLogIndex=14, prevLogTerm=1, entries=0, commitIndex=14}
03:56:10.712 [raft-client-fc80a008-639d-42fe-bb37-24bc71d605c3-6] TRACE i.a.p.r.s.impl.RaftSessionConnection - SessionClient{2}{type=io.atomix.protocols.raft.RaftTest$TestPrimitiveType@68b11545, name=raft-test} - Sending CommandRequest{session=2, sequence=12, operation=PrimitiveOperation{id=DefaultOperationId{id=write, type=COMMAND}, value=byte[]{length=17, hash=-1644578928}}} to 1
03:56:10.713 [raft-server-2] TRACE i.a.p.raft.roles.FollowerRole - RaftServer{2}{role=FOLLOWER} - Sending AppendResponse{status=OK, term=1, succeeded=true, lastLogIndex=14}
03:56:10.713 [raft-server-1] TRACE i.a.protocols.raft.roles.LeaderRole - RaftServer{1}{role=LEADER} - Received CommandRequest{session=2, sequence=12, operation=PrimitiveOperation{id=DefaultOperationId{id=write, type=COMMAND}, value=byte[]{length=17, hash=-1644578928}}}
03:56:10.713 [raft-server-1] TRACE i.a.protocols.raft.roles.LeaderRole - RaftServer{1}{role=LEADER} - Appended Indexed{index=15, entry=CommandEntry{term=1, timestamp=2018-06-10 03:56:10,713, session=2, sequence=12, operation=PrimitiveOperation{id=DefaultOperationId{id=write, type=COMMAND}, value=byte[]{length=17, hash=-1644578928}}}}
03:56:10.713 [raft-server-1] TRACE i.a.p.raft.roles.LeaderAppender - RaftServer{1} - Received AppendResponse{status=OK, term=1, succeeded=true, lastLogIndex=14} from 2
03:56:10.713 [raft-server-1] TRACE i.a.p.raft.roles.LeaderAppender - RaftServer{1} - Sending AppendRequest{term=1, leader=1, prevLogIndex=14, prevLogTerm=1, entries=1, commitIndex=14} to 2
03:56:10.713 [raft-server-2] TRACE i.a.p.raft.roles.FollowerRole - RaftServer{2}{role=FOLLOWER} - Received AppendRequest{term=1, leader=1, prevLogIndex=14, prevLogTerm=1, entries=1, commitIndex=14}
03:56:10.713 [raft-server-2] TRACE i.a.p.raft.roles.FollowerRole - RaftServer{2}{role=FOLLOWER} - Appended Indexed{index=15, entry=CommandEntry{term=1, timestamp=2018-06-10 03:56:10,713, session=2, sequence=12, operation=PrimitiveOperation{id=DefaultOperationId{id=write, type=COMMAND}, value=byte[]{length=17, hash=-1644578928}}}}
03:56:10.714 [raft-server-2] TRACE i.a.p.raft.roles.FollowerRole - RaftServer{2}{role=FOLLOWER} - Sending AppendResponse{status=OK, term=1, succeeded=true, lastLogIndex=15}
03:56:10.714 [raft-server-1] TRACE i.a.p.raft.roles.LeaderAppender - RaftServer{1} - Received AppendResponse{status=OK, term=1, succeeded=true, lastLogIndex=15} from 2
03:56:10.714 [raft-server-1] TRACE i.a.p.raft.roles.LeaderAppender - RaftServer{1} - Committed entries up to 15
03:56:10.753 [raft-server-3] TRACE i.a.p.raft.roles.FollowerRole - RaftServer{3}{role=FOLLOWER} - Committed entries up to index 14
03:56:10.753 [raft-server-3] TRACE i.a.p.raft.roles.FollowerRole - RaftServer{3}{role=FOLLOWER} - Sending AppendResponse{status=OK, term=1, succeeded=true, lastLogIndex=14}
03:56:10.753 [raft-server-3-state] TRACE i.a.p.raft.impl.RaftServiceManager - RaftServer{3} - Applying Indexed{index=14, entry=CommandEntry{term=1, timestamp=2018-06-10 03:56:10,638, session=2, sequence=11, operation=PrimitiveOperation{id=DefaultOperationId{id=write, type=COMMAND}, value=byte[]{length=17, hash=-1644578928}}}}
03:56:10.753 [raft-server-3-state] TRACE i.a.p.s.impl.DefaultServiceExecutor - PrimitiveService{2}{type=io.atomix.protocols.raft.RaftTest$TestPrimitiveType@416fde07, name=raft-test} - Executing DefaultCommit{index=14, session=RaftSession{RaftServiceContext{server=3, type=io.atomix.protocols.raft.RaftTest$TestPrimitiveType@416fde07, name=raft-test, id=2}, session=2, timestamp=2018-06-10 03:56:10,638}, time=2018-06-10 03:56:10,638, operation=DefaultOperationId{id=write, type=COMMAND}, value=byte[]{length=17, hash=-1644578928}}
03:56:10.778 [raft-server-1] TRACE i.a.p.raft.roles.LeaderAppender - RaftServer{1} - Received AppendResponse{status=OK, term=1, succeeded=true, lastLogIndex=14} from 3
03:56:10.778 [raft-server-1] TRACE i.a.p.raft.roles.LeaderAppender - RaftServer{1} - Sending AppendRequest{term=1, leader=1, prevLogIndex=14, prevLogTerm=1, entries=1, commitIndex=15} to 3
03:56:10.778 [raft-server-3] TRACE i.a.p.raft.roles.FollowerRole - RaftServer{3}{role=FOLLOWER} - Received AppendRequest{term=1, leader=1, prevLogIndex=14, prevLogTerm=1, entries=1, commitIndex=15}
03:56:10.778 [raft-server-1-state] TRACE i.a.p.raft.impl.RaftServiceManager - RaftServer{1} - Applying Indexed{index=15, entry=CommandEntry{term=1, timestamp=2018-06-10 03:56:10,713, session=2, sequence=12, operation=PrimitiveOperation{id=DefaultOperationId{id=write, type=COMMAND}, value=byte[]{length=17, hash=-1644578928}}}}
03:56:10.778 [raft-server-1-state] TRACE i.a.p.s.impl.DefaultServiceExecutor - PrimitiveService{2}{type=io.atomix.protocols.raft.RaftTest$TestPrimitiveType@2997f1, name=raft-test} - Executing DefaultCommit{index=15, session=RaftSession{RaftServiceContext{server=1, type=io.atomix.protocols.raft.RaftTest$TestPrimitiveType@2997f1, name=raft-test, id=2}, session=2, timestamp=2018-06-10 03:56:10,713}, time=2018-06-10 03:56:10,713, operation=DefaultOperationId{id=write, type=COMMAND}, value=byte[]{length=17, hash=-1644578928}}
03:56:10.778 [raft-server-3] TRACE i.a.p.raft.roles.FollowerRole - RaftServer{3}{role=FOLLOWER} - Appended Indexed{index=15, entry=CommandEntry{term=1, timestamp=2018-06-10 03:56:10,713, session=2, sequence=12, operation=PrimitiveOperation{id=DefaultOperationId{id=write, type=COMMAND}, value=byte[]{length=17, hash=-1644578928}}}}
03:56:10.778 [raft-server-1-state] TRACE i.a.protocols.raft.roles.LeaderRole - RaftServer{1}{role=LEADER} - Sending CommandResponse{status=OK, index=15, eventIndex=2, result=byte[]{length=2, hash=1270}}
03:56:10.779 [raft-client-fc80a008-639d-42fe-bb37-24bc71d605c3-7] TRACE i.a.p.r.s.impl.RaftSessionConnection - SessionClient{2}{type=io.atomix.protocols.raft.RaftTest$TestPrimitiveType@68b11545, name=raft-test} - Received CommandResponse{status=OK, index=15, eventIndex=2, result=byte[]{length=2, hash=1270}} from 1
03:56:10.779 [raft-client-fc80a008-639d-42fe-bb37-24bc71d605c3-7] TRACE i.a.p.r.s.impl.RaftSessionSequencer - SessionClient{2}{type=io.atomix.protocols.raft.RaftTest$TestPrimitiveType@68b11545, name=raft-test} - Completing response CommandResponse{status=OK, index=15, eventIndex=2, result=byte[]{length=2, hash=1270}}
03:56:10.779 [raft-client-fc80a008-639d-42fe-bb37-24bc71d605c3-5] TRACE i.a.p.r.s.impl.RaftSessionConnection - SessionClient{2}{type=io.atomix.protocols.raft.RaftTest$TestPrimitiveType@68b11545, name=raft-test} - Sending CommandRequest{session=2, sequence=13, operation=PrimitiveOperation{id=DefaultOperationId{id=write, type=COMMAND}, value=byte[]{length=17, hash=-1644578928}}} to 1
03:56:10.779 [raft-server-1] TRACE i.a.protocols.raft.roles.LeaderRole - RaftServer{1}{role=LEADER} - Received CommandRequest{session=2, sequence=13, operation=PrimitiveOperation{id=DefaultOperationId{id=write, type=COMMAND}, value=byte[]{length=17, hash=-1644578928}}}
03:56:10.779 [raft-server-1] TRACE i.a.protocols.raft.roles.LeaderRole - RaftServer{1}{role=LEADER} - Appended Indexed{index=16, entry=CommandEntry{term=1, timestamp=2018-06-10 03:56:10,779, session=2, sequence=13, operation=PrimitiveOperation{id=DefaultOperationId{id=write, type=COMMAND}, value=byte[]{length=17, hash=-1644578928}}}}
03:56:10.779 [raft-server-1] TRACE i.a.p.raft.roles.LeaderAppender - RaftServer{1} - Sending AppendRequest{term=1, leader=1, prevLogIndex=15, prevLogTerm=1, entries=1, commitIndex=15} to 2
03:56:10.779 [raft-server-2] TRACE i.a.p.raft.roles.FollowerRole - RaftServer{2}{role=FOLLOWER} - Received AppendRequest{term=1, leader=1, prevLogIndex=15, prevLogTerm=1, entries=1, commitIndex=15}
03:56:10.780 [raft-server-2] TRACE i.a.p.raft.roles.FollowerRole - RaftServer{2}{role=FOLLOWER} - Appended Indexed{index=16, entry=CommandEntry{term=1, timestamp=2018-06-10 03:56:10,779, session=2, sequence=13, operation=PrimitiveOperation{id=DefaultOperationId{id=write, type=COMMAND}, value=byte[]{length=17, hash=-1644578928}}}}
03:56:10.819 [raft-server-3] TRACE i.a.p.raft.roles.FollowerRole - RaftServer{3}{role=FOLLOWER} - Committed entries up to index 15
03:56:10.820 [raft-server-3] TRACE i.a.p.raft.roles.FollowerRole - RaftServer{3}{role=FOLLOWER} - Sending AppendResponse{status=OK, term=1, succeeded=true, lastLogIndex=15}
03:56:10.820 [raft-server-1] TRACE i.a.p.raft.roles.LeaderAppender - RaftServer{1} - Received AppendResponse{status=OK, term=1, succeeded=true, lastLogIndex=15} from 3
03:56:10.820 [raft-server-3-state] TRACE i.a.p.raft.impl.RaftServiceManager - RaftServer{3} - Applying Indexed{index=15, entry=CommandEntry{term=1, timestamp=2018-06-10 03:56:10,713, session=2, sequence=12, operation=PrimitiveOperation{id=DefaultOperationId{id=write, type=COMMAND}, value=byte[]{length=17, hash=-1644578928}}}}
03:56:10.820 [raft-server-1] TRACE i.a.p.raft.roles.LeaderAppender - RaftServer{1} - Sending AppendRequest{term=1, leader=1, prevLogIndex=15, prevLogTerm=1, entries=1, commitIndex=15} to 3
03:56:10.820 [raft-server-3-state] TRACE i.a.p.s.impl.DefaultServiceExecutor - PrimitiveService{2}{type=io.atomix.protocols.raft.RaftTest$TestPrimitiveType@416fde07, name=raft-test} - Executing DefaultCommit{index=15, session=RaftSession{RaftServiceContext{server=3, type=io.atomix.protocols.raft.RaftTest$TestPrimitiveType@416fde07, name=raft-test, id=2}, session=2, timestamp=2018-06-10 03:56:10,713}, time=2018-06-10 03:56:10,713, operation=DefaultOperationId{id=write, type=COMMAND}, value=byte[]{length=17, hash=-1644578928}}
03:56:10.820 [raft-server-3] TRACE i.a.p.raft.roles.FollowerRole - RaftServer{3}{role=FOLLOWER} - Received AppendRequest{term=1, leader=1, prevLogIndex=15, prevLogTerm=1, entries=1, commitIndex=15}
03:56:10.820 [raft-server-3] TRACE i.a.p.raft.roles.FollowerRole - RaftServer{3}{role=FOLLOWER} - Appended Indexed{index=16, entry=CommandEntry{term=1, timestamp=2018-06-10 03:56:10,779, session=2, sequence=13, operation=PrimitiveOperation{id=DefaultOperationId{id=write, type=COMMAND}, value=byte[]{length=17, hash=-1644578928}}}}
03:56:10.820 [raft-server-3] TRACE i.a.p.raft.roles.FollowerRole - RaftServer{3}{role=FOLLOWER} - Sending AppendResponse{status=OK, term=1, succeeded=true, lastLogIndex=16}
03:56:10.820 [raft-server-1] TRACE i.a.p.raft.roles.LeaderAppender - RaftServer{1} - Received AppendResponse{status=OK, term=1, succeeded=true, lastLogIndex=16} from 3
03:56:10.820 [raft-server-1] TRACE i.a.p.raft.roles.LeaderAppender - RaftServer{1} - Committed entries up to 16
03:56:10.853 [raft-server-2] TRACE i.a.p.raft.roles.FollowerRole - RaftServer{2}{role=FOLLOWER} - Committed entries up to index 15
03:56:10.853 [raft-server-2] TRACE i.a.p.raft.roles.FollowerRole - RaftServer{2}{role=FOLLOWER} - Sending AppendResponse{status=OK, term=1, succeeded=true, lastLogIndex=16}
03:56:10.853 [raft-server-2-state] TRACE i.a.p.raft.impl.RaftServiceManager - RaftServer{2} - Applying Indexed{index=15, entry=CommandEntry{term=1, timestamp=2018-06-10 03:56:10,713, session=2, sequence=12, operation=PrimitiveOperation{id=DefaultOperationId{id=write, type=COMMAND}, value=byte[]{length=17, hash=-1644578928}}}}
03:56:10.853 [raft-server-2-state] TRACE i.a.p.s.impl.DefaultServiceExecutor - PrimitiveService{2}{type=io.atomix.protocols.raft.RaftTest$TestPrimitiveType@51dfd39e, name=raft-test} - Executing DefaultCommit{index=15, session=RaftSession{RaftServiceContext{server=2, type=io.atomix.protocols.raft.RaftTest$TestPrimitiveType@51dfd39e, name=raft-test, id=2}, session=2, timestamp=2018-06-10 03:56:10,713}, time=2018-06-10 03:56:10,713, operation=DefaultOperationId{id=write, type=COMMAND}, value=byte[]{length=17, hash=-1644578928}}
03:56:10.878 [raft-server-1] TRACE i.a.p.raft.roles.LeaderAppender - RaftServer{1} - Received AppendResponse{status=OK, term=1, succeeded=true, lastLogIndex=16} from 2
03:56:10.878 [raft-server-1-state] TRACE i.a.p.raft.impl.RaftServiceManager - RaftServer{1} - Applying Indexed{index=16, entry=CommandEntry{term=1, timestamp=2018-06-10 03:56:10,779, session=2, sequence=13, operation=PrimitiveOperation{id=DefaultOperationId{id=write, type=COMMAND}, value=byte[]{length=17, hash=-1644578928}}}}
03:56:10.878 [raft-server-1-state] TRACE i.a.p.s.impl.DefaultServiceExecutor - PrimitiveService{2}{type=io.atomix.protocols.raft.RaftTest$TestPrimitiveType@2997f1, name=raft-test} - Executing DefaultCommit{index=16, session=RaftSession{RaftServiceContext{server=1, type=io.atomix.protocols.raft.RaftTest$TestPrimitiveType@2997f1, name=raft-test, id=2}, session=2, timestamp=2018-06-10 03:56:10,779}, time=2018-06-10 03:56:10,779, operation=DefaultOperationId{id=write, type=COMMAND}, value=byte[]{length=17, hash=-1644578928}}
03:56:10.878 [raft-server-1-state] TRACE i.a.protocols.raft.roles.LeaderRole - RaftServer{1}{role=LEADER} - Sending CommandResponse{status=OK, index=16, eventIndex=2, result=byte[]{length=2, hash=1272}}
03:56:10.879 [raft-client-fc80a008-639d-42fe-bb37-24bc71d605c3-0] TRACE i.a.p.r.s.impl.RaftSessionConnection - SessionClient{2}{type=io.atomix.protocols.raft.RaftTest$TestPrimitiveType@68b11545, name=raft-test} - Received CommandResponse{status=OK, index=16, eventIndex=2, result=byte[]{length=2, hash=1272}} from 1
03:56:10.879 [raft-client-fc80a008-639d-42fe-bb37-24bc71d605c3-0] TRACE i.a.p.r.s.impl.RaftSessionSequencer - SessionClient{2}{type=io.atomix.protocols.raft.RaftTest$TestPrimitiveType@68b11545, name=raft-test} - Completing response CommandResponse{status=OK, index=16, eventIndex=2, result=byte[]{length=2, hash=1272}}
03:56:10.879 [raft-client-fc80a008-639d-42fe-bb37-24bc71d605c3-4] TRACE i.a.p.r.s.impl.RaftSessionConnection - SessionClient{2}{type=io.atomix.protocols.raft.RaftTest$TestPrimitiveType@68b11545, name=raft-test} - Sending CommandRequest{session=2, sequence=14, operation=PrimitiveOperation{id=DefaultOperationId{id=write, type=COMMAND}, value=byte[]{length=17, hash=-1644578928}}} to 1
03:56:10.879 [raft-server-1] TRACE i.a.protocols.raft.roles.LeaderRole - RaftServer{1}{role=LEADER} - Received CommandRequest{session=2, sequence=14, operation=PrimitiveOperation{id=DefaultOperationId{id=write, type=COMMAND}, value=byte[]{length=17, hash=-1644578928}}}
03:56:10.879 [raft-server-1] TRACE i.a.protocols.raft.roles.LeaderRole - RaftServer{1}{role=LEADER} - Appended Indexed{index=17, entry=CommandEntry{term=1, timestamp=2018-06-10 03:56:10,879, session=2, sequence=14, operation=PrimitiveOperation{id=DefaultOperationId{id=write, type=COMMAND}, value=byte[]{length=17, hash=-1644578928}}}}
03:56:10.879 [raft-server-1] TRACE i.a.p.raft.roles.LeaderAppender - RaftServer{1} - Sending AppendRequest{term=1, leader=1, prevLogIndex=16, prevLogTerm=1, entries=1, commitIndex=16} to 3
03:56:10.879 [raft-server-3] TRACE i.a.p.raft.roles.FollowerRole - RaftServer{3}{role=FOLLOWER} - Received AppendRequest{term=1, leader=1, prevLogIndex=16, prevLogTerm=1, entries=1, commitIndex=16}
03:56:10.879 [raft-server-1] TRACE i.a.p.raft.roles.LeaderAppender - RaftServer{1} - Sending AppendRequest{term=1, leader=1, prevLogIndex=16, prevLogTerm=1, entries=1, commitIndex=16} to 2
03:56:10.880 [raft-server-2] TRACE i.a.p.raft.roles.FollowerRole - RaftServer{2}{role=FOLLOWER} - Received AppendRequest{term=1, leader=1, prevLogIndex=16, prevLogTerm=1, entries=1, commitIndex=16}
03:56:10.880 [raft-server-3] TRACE i.a.p.raft.roles.FollowerRole - RaftServer{3}{role=FOLLOWER} - Appended Indexed{index=17, entry=CommandEntry{term=1, timestamp=2018-06-10 03:56:10,879, session=2, sequence=14, operation=PrimitiveOperation{id=DefaultOperationId{id=write, type=COMMAND}, value=byte[]{length=17, hash=-1644578928}}}}
03:56:10.880 [raft-server-2] TRACE i.a.p.raft.roles.FollowerRole - RaftServer{2}{role=FOLLOWER} - Appended Indexed{index=17, entry=CommandEntry{term=1, timestamp=2018-06-10 03:56:10,879, session=2, sequence=14, operation=PrimitiveOperation{id=DefaultOperationId{id=write, type=COMMAND}, value=byte[]{length=17, hash=-1644578928}}}}
03:56:10.911 [raft-server-3] TRACE i.a.p.raft.roles.FollowerRole - RaftServer{3}{role=FOLLOWER} - Committed entries up to index 16
03:56:10.911 [raft-server-2] TRACE i.a.p.raft.roles.FollowerRole - RaftServer{2}{role=FOLLOWER} - Committed entries up to index 16
03:56:10.911 [raft-server-3] TRACE i.a.p.raft.roles.FollowerRole - RaftServer{3}{role=FOLLOWER} - Sending AppendResponse{status=OK, term=1, succeeded=true, lastLogIndex=17}
03:56:10.911 [raft-server-2] TRACE i.a.p.raft.roles.FollowerRole - RaftServer{2}{role=FOLLOWER} - Sending AppendResponse{status=OK, term=1, succeeded=true, lastLogIndex=17}
03:56:10.911 [raft-server-1] TRACE i.a.p.raft.roles.LeaderAppender - RaftServer{1} - Received AppendResponse{status=OK, term=1, succeeded=true, lastLogIndex=17} from 3
03:56:10.911 [raft-server-1] TRACE i.a.p.raft.roles.LeaderAppender - RaftServer{1} - Committed entries up to 17
03:56:10.911 [raft-server-3-state] TRACE i.a.p.raft.impl.RaftServiceManager - RaftServer{3} - Applying Indexed{index=16, entry=CommandEntry{term=1, timestamp=2018-06-10 03:56:10,779, session=2, sequence=13, operation=PrimitiveOperation{id=DefaultOperationId{id=write, type=COMMAND}, value=byte[]{length=17, hash=-1644578928}}}}
03:56:10.911 [raft-server-2-state] TRACE i.a.p.raft.impl.RaftServiceManager - RaftServer{2} - Applying Indexed{index=16, entry=CommandEntry{term=1, timestamp=2018-06-10 03:56:10,779, session=2, sequence=13, operation=PrimitiveOperation{id=DefaultOperationId{id=write, type=COMMAND}, value=byte[]{length=17, hash=-1644578928}}}}
03:56:10.912 [raft-server-3-state] TRACE i.a.p.s.impl.DefaultServiceExecutor - PrimitiveService{2}{type=io.atomix.protocols.raft.RaftTest$TestPrimitiveType@416fde07, name=raft-test} - Executing DefaultCommit{index=16, session=RaftSession{RaftServiceContext{server=3, type=io.atomix.protocols.raft.RaftTest$TestPrimitiveType@416fde07, name=raft-test, id=2}, session=2, timestamp=2018-06-10 03:56:10,779}, time=2018-06-10 03:56:10,779, operation=DefaultOperationId{id=write, type=COMMAND}, value=byte[]{length=17, hash=-1644578928}}
03:56:10.912 [raft-server-2-state] TRACE i.a.p.s.impl.DefaultServiceExecutor - PrimitiveService{2}{type=io.atomix.protocols.raft.RaftTest$TestPrimitiveType@51dfd39e, name=raft-test} - Executing DefaultCommit{index=16, session=RaftSession{RaftServiceContext{server=2, type=io.atomix.protocols.raft.RaftTest$TestPrimitiveType@51dfd39e, name=raft-test, id=2}, session=2, timestamp=2018-06-10 03:56:10,779}, time=2018-06-10 03:56:10,779, operation=DefaultOperationId{id=write, type=COMMAND}, value=byte[]{length=17, hash=-1644578928}}
03:56:10.945 [raft-server-1] TRACE i.a.p.raft.roles.LeaderAppender - RaftServer{1} - Received AppendResponse{status=OK, term=1, succeeded=true, lastLogIndex=17} from 2
03:56:10.945 [raft-server-1-state] TRACE i.a.p.raft.impl.RaftServiceManager - RaftServer{1} - Applying Indexed{index=17, entry=CommandEntry{term=1, timestamp=2018-06-10 03:56:10,879, session=2, sequence=14, operation=PrimitiveOperation{id=DefaultOperationId{id=write, type=COMMAND}, value=byte[]{length=17, hash=-1644578928}}}}
03:56:10.945 [raft-server-1-state] TRACE i.a.p.s.impl.DefaultServiceExecutor - PrimitiveService{2}{type=io.atomix.protocols.raft.RaftTest$TestPrimitiveType@2997f1, name=raft-test} - Executing DefaultCommit{index=17, session=RaftSession{RaftServiceContext{server=1, type=io.atomix.protocols.raft.RaftTest$TestPrimitiveType@2997f1, name=raft-test, id=2}, session=2, timestamp=2018-06-10 03:56:10,879}, time=2018-06-10 03:56:10,879, operation=DefaultOperationId{id=write, type=COMMAND}, value=byte[]{length=17, hash=-1644578928}}
03:56:10.945 [raft-server-1-state] TRACE i.a.protocols.raft.roles.LeaderRole - RaftServer{1}{role=LEADER} - Sending CommandResponse{status=OK, index=17, eventIndex=2, result=byte[]{length=2, hash=1274}}
03:56:10.945 [raft-client-fc80a008-639d-42fe-bb37-24bc71d605c3-3] TRACE i.a.p.r.s.impl.RaftSessionConnection - SessionClient{2}{type=io.atomix.protocols.raft.RaftTest$TestPrimitiveType@68b11545, name=raft-test} - Received CommandResponse{status=OK, index=17, eventIndex=2, result=byte[]{length=2, hash=1274}} from 1
03:56:10.945 [raft-client-fc80a008-639d-42fe-bb37-24bc71d605c3-3] TRACE i.a.p.r.s.impl.RaftSessionSequencer - SessionClient{2}{type=io.atomix.protocols.raft.RaftTest$TestPrimitiveType@68b11545, name=raft-test} - Completing response CommandResponse{status=OK, index=17, eventIndex=2, result=byte[]{length=2, hash=1274}}
03:56:10.946 [raft-client-fc80a008-639d-42fe-bb37-24bc71d605c3-7] TRACE i.a.p.r.s.impl.RaftSessionConnection - SessionClient{2}{type=io.atomix.protocols.raft.RaftTest$TestPrimitiveType@68b11545, name=raft-test} - Sending CommandRequest{session=2, sequence=15, operation=PrimitiveOperation{id=DefaultOperationId{id=write, type=COMMAND}, value=byte[]{length=17, hash=-1644578928}}} to 1
03:56:10.946 [raft-server-1] TRACE i.a.protocols.raft.roles.LeaderRole - RaftServer{1}{role=LEADER} - Received CommandRequest{session=2, sequence=15, operation=PrimitiveOperation{id=DefaultOperationId{id=write, type=COMMAND}, value=byte[]{length=17, hash=-1644578928}}}
03:56:10.946 [raft-server-1] TRACE i.a.protocols.raft.roles.LeaderRole - RaftServer{1}{role=LEADER} - Appended Indexed{index=18, entry=CommandEntry{term=1, timestamp=2018-06-10 03:56:10,946, session=2, sequence=15, operation=PrimitiveOperation{id=DefaultOperationId{id=write, type=COMMAND}, value=byte[]{length=17, hash=-1644578928}}}}
03:56:10.946 [raft-server-1] TRACE i.a.p.raft.roles.LeaderAppender - RaftServer{1} - Sending AppendRequest{term=1, leader=1, prevLogIndex=17, prevLogTerm=1, entries=1, commitIndex=17} to 3
03:56:10.946 [raft-server-1] TRACE i.a.p.raft.roles.LeaderAppender - RaftServer{1} - Sending AppendRequest{term=1, leader=1, prevLogIndex=17, prevLogTerm=1, entries=1, commitIndex=17} to 2
03:56:10.946 [raft-server-3] TRACE i.a.p.raft.roles.FollowerRole - RaftServer{3}{role=FOLLOWER} - Received AppendRequest{term=1, leader=1, prevLogIndex=17, prevLogTerm=1, entries=1, commitIndex=17}
03:56:10.946 [raft-server-2] TRACE i.a.p.raft.roles.FollowerRole - RaftServer{2}{role=FOLLOWER} - Received AppendRequest{term=1, leader=1, prevLogIndex=17, prevLogTerm=1, entries=1, commitIndex=17}
03:56:10.946 [raft-server-3] TRACE i.a.p.raft.roles.FollowerRole - RaftServer{3}{role=FOLLOWER} - Appended Indexed{index=18, entry=CommandEntry{term=1, timestamp=2018-06-10 03:56:10,946, session=2, sequence=15, operation=PrimitiveOperation{id=DefaultOperationId{id=write, type=COMMAND}, value=byte[]{length=17, hash=-1644578928}}}}
03:56:10.946 [raft-server-2] TRACE i.a.p.raft.roles.FollowerRole - RaftServer{2}{role=FOLLOWER} - Appended Indexed{index=18, entry=CommandEntry{term=1, timestamp=2018-06-10 03:56:10,946, session=2, sequence=15, operation=PrimitiveOperation{id=DefaultOperationId{id=write, type=COMMAND}, value=byte[]{length=17, hash=-1644578928}}}}
03:56:10.978 [raft-server-3] TRACE i.a.p.raft.roles.FollowerRole - RaftServer{3}{role=FOLLOWER} - Committed entries up to index 17
03:56:10.978 [raft-server-3] TRACE i.a.p.raft.roles.FollowerRole - RaftServer{3}{role=FOLLOWER} - Sending AppendResponse{status=OK, term=1, succeeded=true, lastLogIndex=18}
03:56:10.978 [raft-server-3-state] TRACE i.a.p.raft.impl.RaftServiceManager - RaftServer{3} - Applying Indexed{index=17, entry=CommandEntry{term=1, timestamp=2018-06-10 03:56:10,879, session=2, sequence=14, operation=PrimitiveOperation{id=DefaultOperationId{id=write, type=COMMAND}, value=byte[]{length=17, hash=-1644578928}}}}
03:56:10.978 [raft-server-1] TRACE i.a.p.raft.roles.LeaderAppender - RaftServer{1} - Received AppendResponse{status=OK, term=1, succeeded=true, lastLogIndex=18} from 3
03:56:10.978 [raft-server-3-state] TRACE i.a.p.s.impl.DefaultServiceExecutor - PrimitiveService{2}{type=io.atomix.protocols.raft.RaftTest$TestPrimitiveType@416fde07, name=raft-test} - Executing DefaultCommit{index=17, session=RaftSession{RaftServiceContext{server=3, type=io.atomix.protocols.raft.RaftTest$TestPrimitiveType@416fde07, name=raft-test, id=2}, session=2, timestamp=2018-06-10 03:56:10,879}, time=2018-06-10 03:56:10,879, operation=DefaultOperationId{id=write, type=COMMAND}, value=byte[]{length=17, hash=-1644578928}}
03:56:10.978 [raft-server-2] TRACE i.a.p.raft.roles.FollowerRole - RaftServer{2}{role=FOLLOWER} - Committed entries up to index 17
03:56:10.978 [raft-server-1] TRACE i.a.p.raft.roles.LeaderAppender - RaftServer{1} - Committed entries up to 18
03:56:10.979 [raft-server-2] TRACE i.a.p.raft.roles.FollowerRole - RaftServer{2}{role=FOLLOWER} - Sending AppendResponse{status=OK, term=1, succeeded=true, lastLogIndex=18}
03:56:10.979 [raft-server-2-state] TRACE i.a.p.raft.impl.RaftServiceManager - RaftServer{2} - Applying Indexed{index=17, entry=CommandEntry{term=1, timestamp=2018-06-10 03:56:10,879, session=2, sequence=14, operation=PrimitiveOperation{id=DefaultOperationId{id=write, type=COMMAND}, value=byte[]{length=17, hash=-1644578928}}}}
03:56:10.979 [raft-server-2-state] TRACE i.a.p.s.impl.DefaultServiceExecutor - PrimitiveService{2}{type=io.atomix.protocols.raft.RaftTest$TestPrimitiveType@51dfd39e, name=raft-test} - Executing DefaultCommit{index=17, session=RaftSession{RaftServiceContext{server=2, type=io.atomix.protocols.raft.RaftTest$TestPrimitiveType@51dfd39e, name=raft-test, id=2}, session=2, timestamp=2018-06-10 03:56:10,879}, time=2018-06-10 03:56:10,879, operation=DefaultOperationId{id=write, type=COMMAND}, value=byte[]{length=17, hash=-1644578928}}
03:56:11.011 [raft-server-1] TRACE i.a.p.raft.roles.LeaderAppender - RaftServer{1} - Sending AppendRequest{term=1, leader=1, prevLogIndex=18, prevLogTerm=1, entries=0, commitIndex=18} to 3
03:56:11.011 [raft-server-1] TRACE i.a.p.raft.roles.LeaderAppender - RaftServer{1} - Received AppendResponse{status=OK, term=1, succeeded=true, lastLogIndex=18} from 2
03:56:11.011 [raft-server-3] TRACE i.a.p.raft.roles.FollowerRole - RaftServer{3}{role=FOLLOWER} - Received AppendRequest{term=1, leader=1, prevLogIndex=18, prevLogTerm=1, entries=0, commitIndex=18}
03:56:11.011 [raft-server-1] TRACE i.a.p.raft.roles.LeaderAppender - RaftServer{1} - Sending AppendRequest{term=1, leader=1, prevLogIndex=18, prevLogTerm=1, entries=0, commitIndex=18} to 2
03:56:11.011 [raft-server-2] TRACE i.a.p.raft.roles.FollowerRole - RaftServer{2}{role=FOLLOWER} - Received AppendRequest{term=1, leader=1, prevLogIndex=18, prevLogTerm=1, entries=0, commitIndex=18}
03:56:11.012 [raft-server-2] TRACE i.a.p.raft.roles.FollowerRole - RaftServer{2}{role=FOLLOWER} - Committed entries up to index 18
03:56:11.012 [raft-server-2] TRACE i.a.p.raft.roles.FollowerRole - RaftServer{2}{role=FOLLOWER} - Sending AppendResponse{status=OK, term=1, succeeded=true, lastLogIndex=18}
03:56:11.012 [raft-server-1-state] TRACE i.a.p.raft.impl.RaftServiceManager - RaftServer{1} - Applying Indexed{index=18, entry=CommandEntry{term=1, timestamp=2018-06-10 03:56:10,946, session=2, sequence=15, operation=PrimitiveOperation{id=DefaultOperationId{id=write, type=COMMAND}, value=byte[]{length=17, hash=-1644578928}}}}
03:56:11.012 [raft-server-1] TRACE i.a.p.raft.roles.LeaderAppender - RaftServer{1} - Received AppendResponse{status=OK, term=1, succeeded=true, lastLogIndex=18} from 2
03:56:11.012 [raft-server-1-state] TRACE i.a.p.s.impl.DefaultServiceExecutor - PrimitiveService{2}{type=io.atomix.protocols.raft.RaftTest$TestPrimitiveType@2997f1, name=raft-test} - Executing DefaultCommit{index=18, session=RaftSession{RaftServiceContext{server=1, type=io.atomix.protocols.raft.RaftTest$TestPrimitiveType@2997f1, name=raft-test, id=2}, session=2, timestamp=2018-06-10 03:56:10,946}, time=2018-06-10 03:56:10,946, operation=DefaultOperationId{id=write, type=COMMAND}, value=byte[]{length=17, hash=-1644578928}}
03:56:11.012 [raft-server-2-state] TRACE i.a.p.raft.impl.RaftServiceManager - RaftServer{2} - Applying Indexed{index=18, entry=CommandEntry{term=1, timestamp=2018-06-10 03:56:10,946, session=2, sequence=15, operation=PrimitiveOperation{id=DefaultOperationId{id=write, type=COMMAND}, value=byte[]{length=17, hash=-1644578928}}}}
03:56:11.012 [raft-server-1-state] TRACE i.a.protocols.raft.roles.LeaderRole - RaftServer{1}{role=LEADER} - Sending CommandResponse{status=OK, index=18, eventIndex=2, result=byte[]{length=2, hash=1276}}
03:56:11.012 [raft-server-2-state] TRACE i.a.p.s.impl.DefaultServiceExecutor - PrimitiveService{2}{type=io.atomix.protocols.raft.RaftTest$TestPrimitiveType@51dfd39e, name=raft-test} - Executing DefaultCommit{index=18, session=RaftSession{RaftServiceContext{server=2, type=io.atomix.protocols.raft.RaftTest$TestPrimitiveType@51dfd39e, name=raft-test, id=2}, session=2, timestamp=2018-06-10 03:56:10,946}, time=2018-06-10 03:56:10,946, operation=DefaultOperationId{id=write, type=COMMAND}, value=byte[]{length=17, hash=-1644578928}}
03:56:11.012 [raft-client-fc80a008-639d-42fe-bb37-24bc71d605c3-1] TRACE i.a.p.r.s.impl.RaftSessionConnection - SessionClient{2}{type=io.atomix.protocols.raft.RaftTest$TestPrimitiveType@68b11545, name=raft-test} - Received CommandResponse{status=OK, index=18, eventIndex=2, result=byte[]{length=2, hash=1276}} from 1
03:56:11.012 [raft-client-fc80a008-639d-42fe-bb37-24bc71d605c3-1] TRACE i.a.p.r.s.impl.RaftSessionSequencer - SessionClient{2}{type=io.atomix.protocols.raft.RaftTest$TestPrimitiveType@68b11545, name=raft-test} - Completing response CommandResponse{status=OK, index=18, eventIndex=2, result=byte[]{length=2, hash=1276}}
03:56:11.012 [raft-client-fc80a008-639d-42fe-bb37-24bc71d605c3-2] TRACE i.a.p.r.s.impl.RaftSessionConnection - SessionClient{2}{type=io.atomix.protocols.raft.RaftTest$TestPrimitiveType@68b11545, name=raft-test} - Sending CommandRequest{session=2, sequence=16, operation=PrimitiveOperation{id=DefaultOperationId{id=write, type=COMMAND}, value=byte[]{length=17, hash=-1644578928}}} to 1
03:56:11.012 [raft-server-1] TRACE i.a.protocols.raft.roles.LeaderRole - RaftServer{1}{role=LEADER} - Received CommandRequest{session=2, sequence=16, operation=PrimitiveOperation{id=DefaultOperationId{id=write, type=COMMAND}, value=byte[]{length=17, hash=-1644578928}}}
03:56:11.013 [raft-server-1] TRACE i.a.protocols.raft.roles.LeaderRole - RaftServer{1}{role=LEADER} - Appended Indexed{index=19, entry=CommandEntry{term=1, timestamp=2018-06-10 03:56:11,013, session=2, sequence=16, operation=PrimitiveOperation{id=DefaultOperationId{id=write, type=COMMAND}, value=byte[]{length=17, hash=-1644578928}}}}
03:56:11.013 [raft-server-1] TRACE i.a.p.raft.roles.LeaderAppender - RaftServer{1} - Sending AppendRequest{term=1, leader=1, prevLogIndex=18, prevLogTerm=1, entries=1, commitIndex=18} to 2
03:56:11.013 [raft-server-2] TRACE i.a.p.raft.roles.FollowerRole - RaftServer{2}{role=FOLLOWER} - Received AppendRequest{term=1, leader=1, prevLogIndex=18, prevLogTerm=1, entries=1, commitIndex=18}
03:56:11.013 [raft-server-2] TRACE i.a.p.raft.roles.FollowerRole - RaftServer{2}{role=FOLLOWER} - Appended Indexed{index=19, entry=CommandEntry{term=1, timestamp=2018-06-10 03:56:11,013, session=2, sequence=16, operation=PrimitiveOperation{id=DefaultOperationId{id=write, type=COMMAND}, value=byte[]{length=17, hash=-1644578928}}}}
03:56:11.013 [raft-server-2] TRACE i.a.p.raft.roles.FollowerRole - RaftServer{2}{role=FOLLOWER} - Sending AppendResponse{status=OK, term=1, succeeded=true, lastLogIndex=19}
03:56:11.013 [raft-server-1] TRACE i.a.p.raft.roles.LeaderAppender - RaftServer{1} - Received AppendResponse{status=OK, term=1, succeeded=true, lastLogIndex=19} from 2
03:56:11.013 [raft-server-1] TRACE i.a.p.raft.roles.LeaderAppender - RaftServer{1} - Committed entries up to 19
03:56:11.043 [raft-server-3] TRACE i.a.p.raft.roles.FollowerRole - RaftServer{3}{role=FOLLOWER} - Committed entries up to index 18
03:56:11.043 [raft-server-3] TRACE i.a.p.raft.roles.FollowerRole - RaftServer{3}{role=FOLLOWER} - Sending AppendResponse{status=OK, term=1, succeeded=true, lastLogIndex=18}
03:56:11.043 [raft-server-3-state] TRACE i.a.p.raft.impl.RaftServiceManager - RaftServer{3} - Applying Indexed{index=18, entry=CommandEntry{term=1, timestamp=2018-06-10 03:56:10,946, session=2, sequence=15, operation=PrimitiveOperation{id=DefaultOperationId{id=write, type=COMMAND}, value=byte[]{length=17, hash=-1644578928}}}}
03:56:11.043 [raft-server-3-state] TRACE i.a.p.s.impl.DefaultServiceExecutor - PrimitiveService{2}{type=io.atomix.protocols.raft.RaftTest$TestPrimitiveType@416fde07, name=raft-test} - Executing DefaultCommit{index=18, session=RaftSession{RaftServiceContext{server=3, type=io.atomix.protocols.raft.RaftTest$TestPrimitiveType@416fde07, name=raft-test, id=2}, session=2, timestamp=2018-06-10 03:56:10,946}, time=2018-06-10 03:56:10,946, operation=DefaultOperationId{id=write, type=COMMAND}, value=byte[]{length=17, hash=-1644578928}}
03:56:11.068 [raft-server-1] TRACE i.a.p.raft.roles.LeaderAppender - RaftServer{1} - Received AppendResponse{status=OK, term=1, succeeded=true, lastLogIndex=18} from 3
03:56:11.068 [raft-server-1] TRACE i.a.p.raft.roles.LeaderAppender - RaftServer{1} - Sending AppendRequest{term=1, leader=1, prevLogIndex=18, prevLogTerm=1, entries=1, commitIndex=19} to 3
03:56:11.068 [raft-server-3] TRACE i.a.p.raft.roles.FollowerRole - RaftServer{3}{role=FOLLOWER} - Received AppendRequest{term=1, leader=1, prevLogIndex=18, prevLogTerm=1, entries=1, commitIndex=19}
03:56:11.068 [raft-server-1-state] TRACE i.a.p.raft.impl.RaftServiceManager - RaftServer{1} - Applying Indexed{index=19, entry=CommandEntry{term=1, timestamp=2018-06-10 03:56:11,013, session=2, sequence=16, operation=PrimitiveOperation{id=DefaultOperationId{id=write, type=COMMAND}, value=byte[]{length=17, hash=-1644578928}}}}
03:56:11.068 [raft-server-3] TRACE i.a.p.raft.roles.FollowerRole - RaftServer{3}{role=FOLLOWER} - Appended Indexed{index=19, entry=CommandEntry{term=1, timestamp=2018-06-10 03:56:11,013, session=2, sequence=16, operation=PrimitiveOperation{id=DefaultOperationId{id=write, type=COMMAND}, value=byte[]{length=17, hash=-1644578928}}}}
03:56:11.068 [raft-server-1-state] TRACE i.a.p.s.impl.DefaultServiceExecutor - PrimitiveService{2}{type=io.atomix.protocols.raft.RaftTest$TestPrimitiveType@2997f1, name=raft-test} - Executing DefaultCommit{index=19, session=RaftSession{RaftServiceContext{server=1, type=io.atomix.protocols.raft.RaftTest$TestPrimitiveType@2997f1, name=raft-test, id=2}, session=2, timestamp=2018-06-10 03:56:11,013}, time=2018-06-10 03:56:11,013, operation=DefaultOperationId{id=write, type=COMMAND}, value=byte[]{length=17, hash=-1644578928}}
03:56:11.069 [raft-server-1-state] TRACE i.a.protocols.raft.roles.LeaderRole - RaftServer{1}{role=LEADER} - Sending CommandResponse{status=OK, index=19, eventIndex=2, result=byte[]{length=2, hash=1278}}
03:56:11.069 [raft-client-fc80a008-639d-42fe-bb37-24bc71d605c3-0] TRACE i.a.p.r.s.impl.RaftSessionConnection - SessionClient{2}{type=io.atomix.protocols.raft.RaftTest$TestPrimitiveType@68b11545, name=raft-test} - Received CommandResponse{status=OK, index=19, eventIndex=2, result=byte[]{length=2, hash=1278}} from 1
03:56:11.069 [raft-client-fc80a008-639d-42fe-bb37-24bc71d605c3-0] TRACE i.a.p.r.s.impl.RaftSessionSequencer - SessionClient{2}{type=io.atomix.protocols.raft.RaftTest$TestPrimitiveType@68b11545, name=raft-test} - Completing response CommandResponse{status=OK, index=19, eventIndex=2, result=byte[]{length=2, hash=1278}}
03:56:11.069 [raft-client-fc80a008-639d-42fe-bb37-24bc71d605c3-6] TRACE i.a.p.r.s.impl.RaftSessionConnection - SessionClient{2}{type=io.atomix.protocols.raft.RaftTest$TestPrimitiveType@68b11545, name=raft-test} - Sending CommandRequest{session=2, sequence=17, operation=PrimitiveOperation{id=DefaultOperationId{id=write, type=COMMAND}, value=byte[]{length=17, hash=-1644578928}}} to 1
03:56:11.069 [raft-server-1] TRACE i.a.protocols.raft.roles.LeaderRole - RaftServer{1}{role=LEADER} - Received CommandRequest{session=2, sequence=17, operation=PrimitiveOperation{id=DefaultOperationId{id=write, type=COMMAND}, value=byte[]{length=17, hash=-1644578928}}}
03:56:11.069 [raft-server-1] TRACE i.a.protocols.raft.roles.LeaderRole - RaftServer{1}{role=LEADER} - Appended Indexed{index=20, entry=CommandEntry{term=1, timestamp=2018-06-10 03:56:11,069, session=2, sequence=17, operation=PrimitiveOperation{id=DefaultOperationId{id=write, type=COMMAND}, value=byte[]{length=17, hash=-1644578928}}}}
03:56:11.069 [raft-server-1] TRACE i.a.p.raft.roles.LeaderAppender - RaftServer{1} - Sending AppendRequest{term=1, leader=1, prevLogIndex=19, prevLogTerm=1, entries=1, commitIndex=19} to 2
03:56:11.070 [raft-server-2] TRACE i.a.p.raft.roles.FollowerRole - RaftServer{2}{role=FOLLOWER} - Received AppendRequest{term=1, leader=1, prevLogIndex=19, prevLogTerm=1, entries=1, commitIndex=19}
03:56:11.070 [raft-server-2] TRACE i.a.p.raft.roles.FollowerRole - RaftServer{2}{role=FOLLOWER} - Appended Indexed{index=20, entry=CommandEntry{term=1, timestamp=2018-06-10 03:56:11,069, session=2, sequence=17, operation=PrimitiveOperation{id=DefaultOperationId{id=write, type=COMMAND}, value=byte[]{length=17, hash=-1644578928}}}}
03:56:11.101 [raft-server-3] TRACE i.a.p.raft.roles.FollowerRole - RaftServer{3}{role=FOLLOWER} - Committed entries up to index 19
03:56:11.101 [raft-server-3] TRACE i.a.p.raft.roles.FollowerRole - RaftServer{3}{role=FOLLOWER} - Sending AppendResponse{status=OK, term=1, succeeded=true, lastLogIndex=19}
03:56:11.101 [raft-server-1] TRACE i.a.p.raft.roles.LeaderAppender - RaftServer{1} - Received AppendResponse{status=OK, term=1, succeeded=true, lastLogIndex=19} from 3
03:56:11.101 [raft-server-1] TRACE i.a.p.raft.roles.LeaderAppender - RaftServer{1} - Sending AppendRequest{term=1, leader=1, prevLogIndex=19, prevLogTerm=1, entries=1, commitIndex=19} to 3
03:56:11.101 [raft-server-3-state] TRACE i.a.p.raft.impl.RaftServiceManager - RaftServer{3} - Applying Indexed{index=19, entry=CommandEntry{term=1, timestamp=2018-06-10 03:56:11,013, session=2, sequence=16, operation=PrimitiveOperation{id=DefaultOperationId{id=write, type=COMMAND}, value=byte[]{length=17, hash=-1644578928}}}}
03:56:11.102 [raft-server-3] TRACE i.a.p.raft.roles.FollowerRole - RaftServer{3}{role=FOLLOWER} - Received AppendRequest{term=1, leader=1, prevLogIndex=19, prevLogTerm=1, entries=1, commitIndex=19}
03:56:11.102 [raft-server-3-state] TRACE i.a.p.s.impl.DefaultServiceExecutor - PrimitiveService{2}{type=io.atomix.protocols.raft.RaftTest$TestPrimitiveType@416fde07, name=raft-test} - Executing DefaultCommit{index=19, session=RaftSession{RaftServiceContext{server=3, type=io.atomix.protocols.raft.RaftTest$TestPrimitiveType@416fde07, name=raft-test, id=2}, session=2, timestamp=2018-06-10 03:56:11,013}, time=2018-06-10 03:56:11,013, operation=DefaultOperationId{id=write, type=COMMAND}, value=byte[]{length=17, hash=-1644578928}}
03:56:11.102 [raft-server-3] TRACE i.a.p.raft.roles.FollowerRole - RaftServer{3}{role=FOLLOWER} - Appended Indexed{index=20, entry=CommandEntry{term=1, timestamp=2018-06-10 03:56:11,069, session=2, sequence=17, operation=PrimitiveOperation{id=DefaultOperationId{id=write, type=COMMAND}, value=byte[]{length=17, hash=-1644578928}}}}
03:56:11.102 [raft-server-3] TRACE i.a.p.raft.roles.FollowerRole - RaftServer{3}{role=FOLLOWER} - Sending AppendResponse{status=OK, term=1, succeeded=true, lastLogIndex=20}
03:56:11.102 [raft-server-1] TRACE i.a.p.raft.roles.LeaderAppender - RaftServer{1} - Received AppendResponse{status=OK, term=1, succeeded=true, lastLogIndex=20} from 3
03:56:11.102 [raft-server-1] TRACE i.a.p.raft.roles.LeaderAppender - RaftServer{1} - Committed entries up to 20
03:56:11.134 [raft-server-2] TRACE i.a.p.raft.roles.FollowerRole - RaftServer{2}{role=FOLLOWER} - Committed entries up to index 19
03:56:11.135 [raft-server-2] TRACE i.a.p.raft.roles.FollowerRole - RaftServer{2}{role=FOLLOWER} - Sending AppendResponse{status=OK, term=1, succeeded=true, lastLogIndex=20}
03:56:11.135 [raft-server-2-state] TRACE i.a.p.raft.impl.RaftServiceManager - RaftServer{2} - Applying Indexed{index=19, entry=CommandEntry{term=1, timestamp=2018-06-10 03:56:11,013, session=2, sequence=16, operation=PrimitiveOperation{id=DefaultOperationId{id=write, type=COMMAND}, value=byte[]{length=17, hash=-1644578928}}}}
03:56:11.135 [raft-server-2-state] TRACE i.a.p.s.impl.DefaultServiceExecutor - PrimitiveService{2}{type=io.atomix.protocols.raft.RaftTest$TestPrimitiveType@51dfd39e, name=raft-test} - Executing DefaultCommit{index=19, session=RaftSession{RaftServiceContext{server=2, type=io.atomix.protocols.raft.RaftTest$TestPrimitiveType@51dfd39e, name=raft-test, id=2}, session=2, timestamp=2018-06-10 03:56:11,013}, time=2018-06-10 03:56:11,013, operation=DefaultOperationId{id=write, type=COMMAND}, value=byte[]{length=17, hash=-1644578928}}
03:56:11.160 [raft-server-1] TRACE i.a.p.raft.roles.LeaderAppender - RaftServer{1} - Received AppendResponse{status=OK, term=1, succeeded=true, lastLogIndex=20} from 2
03:56:11.160 [raft-server-1-state] TRACE i.a.p.raft.impl.RaftServiceManager - RaftServer{1} - Applying Indexed{index=20, entry=CommandEntry{term=1, timestamp=2018-06-10 03:56:11,069, session=2, sequence=17, operation=PrimitiveOperation{id=DefaultOperationId{id=write, type=COMMAND}, value=byte[]{length=17, hash=-1644578928}}}}
03:56:11.160 [raft-server-1-state] TRACE i.a.p.s.impl.DefaultServiceExecutor - PrimitiveService{2}{type=io.atomix.protocols.raft.RaftTest$TestPrimitiveType@2997f1, name=raft-test} - Executing DefaultCommit{index=20, session=RaftSession{RaftServiceContext{server=1, type=io.atomix.protocols.raft.RaftTest$TestPrimitiveType@2997f1, name=raft-test, id=2}, session=2, timestamp=2018-06-10 03:56:11,069}, time=2018-06-10 03:56:11,069, operation=DefaultOperationId{id=write, type=COMMAND}, value=byte[]{length=17, hash=-1644578928}}
03:56:11.160 [raft-server-1-state] TRACE i.a.protocols.raft.roles.LeaderRole - RaftServer{1}{role=LEADER} - Sending CommandResponse{status=OK, index=20, eventIndex=2, result=byte[]{length=2, hash=1280}}
03:56:11.160 [raft-client-fc80a008-639d-42fe-bb37-24bc71d605c3-3] TRACE i.a.p.r.s.impl.RaftSessionConnection - SessionClient{2}{type=io.atomix.protocols.raft.RaftTest$TestPrimitiveType@68b11545, name=raft-test} - Received CommandResponse{status=OK, index=20, eventIndex=2, result=byte[]{length=2, hash=1280}} from 1
03:56:11.161 [raft-client-fc80a008-639d-42fe-bb37-24bc71d605c3-3] TRACE i.a.p.r.s.impl.RaftSessionSequencer - SessionClient{2}{type=io.atomix.protocols.raft.RaftTest$TestPrimitiveType@68b11545, name=raft-test} - Completing response CommandResponse{status=OK, index=20, eventIndex=2, result=byte[]{length=2, hash=1280}}
03:56:11.161 [raft-client-fc80a008-639d-42fe-bb37-24bc71d605c3-5] TRACE i.a.p.r.s.impl.RaftSessionConnection - SessionClient{2}{type=io.atomix.protocols.raft.RaftTest$TestPrimitiveType@68b11545, name=raft-test} - Sending CommandRequest{session=2, sequence=18, operation=PrimitiveOperation{id=DefaultOperationId{id=write, type=COMMAND}, value=byte[]{length=17, hash=-1644578928}}} to 1
03:56:11.161 [raft-server-1] TRACE i.a.protocols.raft.roles.LeaderRole - RaftServer{1}{role=LEADER} - Received CommandRequest{session=2, sequence=18, operation=PrimitiveOperation{id=DefaultOperationId{id=write, type=COMMAND}, value=byte[]{length=17, hash=-1644578928}}}
03:56:11.310 [raft-server-1] DEBUG i.a.storage.journal.SegmentedJournal - Created disk segment: JournalSegment{id=3, version=1, index=21, size=64}
03:56:11.310 [raft-server-1] TRACE i.a.protocols.raft.roles.LeaderRole - RaftServer{1}{role=LEADER} - Appended Indexed{index=21, entry=CommandEntry{term=1, timestamp=2018-06-10 03:56:11,161, session=2, sequence=18, operation=PrimitiveOperation{id=DefaultOperationId{id=write, type=COMMAND}, value=byte[]{length=17, hash=-1644578928}}}}
03:56:11.310 [raft-server-1] TRACE i.a.p.raft.roles.LeaderAppender - RaftServer{1} - Sending AppendRequest{term=1, leader=1, prevLogIndex=20, prevLogTerm=1, entries=1, commitIndex=20} to 3
03:56:11.310 [raft-server-1] TRACE i.a.p.raft.roles.LeaderAppender - RaftServer{1} - Sending AppendRequest{term=1, leader=1, prevLogIndex=20, prevLogTerm=1, entries=1, commitIndex=20} to 2
03:56:11.310 [raft-server-3] TRACE i.a.p.raft.roles.FollowerRole - RaftServer{3}{role=FOLLOWER} - Received AppendRequest{term=1, leader=1, prevLogIndex=20, prevLogTerm=1, entries=1, commitIndex=20}
03:56:11.310 [raft-server-2] TRACE i.a.p.raft.roles.FollowerRole - RaftServer{2}{role=FOLLOWER} - Received AppendRequest{term=1, leader=1, prevLogIndex=20, prevLogTerm=1, entries=1, commitIndex=20}
03:56:11.459 [raft-server-2] DEBUG i.a.storage.journal.SegmentedJournal - Created disk segment: JournalSegment{id=3, version=1, index=21, size=64}
03:56:11.459 [raft-server-3] DEBUG i.a.storage.journal.SegmentedJournal - Created disk segment: JournalSegment{id=3, version=1, index=21, size=64}
03:56:11.460 [raft-server-3] TRACE i.a.p.raft.roles.FollowerRole - RaftServer{3}{role=FOLLOWER} - Appended Indexed{index=21, entry=CommandEntry{term=1, timestamp=2018-06-10 03:56:11,161, session=2, sequence=18, operation=PrimitiveOperation{id=DefaultOperationId{id=write, type=COMMAND}, value=byte[]{length=17, hash=-1644578928}}}}
03:56:11.460 [raft-server-2] TRACE i.a.p.raft.roles.FollowerRole - RaftServer{2}{role=FOLLOWER} - Appended Indexed{index=21, entry=CommandEntry{term=1, timestamp=2018-06-10 03:56:11,161, session=2, sequence=18, operation=PrimitiveOperation{id=DefaultOperationId{id=write, type=COMMAND}, value=byte[]{length=17, hash=-1644578928}}}}
03:56:11.576 [raft-server-2] TRACE i.a.p.raft.roles.FollowerRole - RaftServer{2}{role=FOLLOWER} - Committed entries up to index 20
03:56:11.576 [raft-server-3] TRACE i.a.p.raft.roles.FollowerRole - RaftServer{3}{role=FOLLOWER} - Committed entries up to index 20
03:56:11.576 [raft-server-2] TRACE i.a.p.raft.roles.FollowerRole - RaftServer{2}{role=FOLLOWER} - Sending AppendResponse{status=OK, term=1, succeeded=true, lastLogIndex=21}
03:56:11.576 [raft-server-3] TRACE i.a.p.raft.roles.FollowerRole - RaftServer{3}{role=FOLLOWER} - Sending AppendResponse{status=OK, term=1, succeeded=true, lastLogIndex=21}
03:56:11.576 [raft-server-1] TRACE i.a.p.raft.roles.LeaderAppender - RaftServer{1} - Received AppendResponse{status=OK, term=1, succeeded=true, lastLogIndex=21} from 2
03:56:11.576 [raft-server-1] TRACE i.a.p.raft.roles.LeaderAppender - RaftServer{1} - Committed entries up to 21
03:56:11.576 [raft-server-2-state] TRACE i.a.p.raft.impl.RaftServiceManager - RaftServer{2} - Applying Indexed{index=20, entry=CommandEntry{term=1, timestamp=2018-06-10 03:56:11,069, session=2, sequence=17, operation=PrimitiveOperation{id=DefaultOperationId{id=write, type=COMMAND}, value=byte[]{length=17, hash=-1644578928}}}}
03:56:11.576 [raft-server-2-state] TRACE i.a.p.s.impl.DefaultServiceExecutor - PrimitiveService{2}{type=io.atomix.protocols.raft.RaftTest$TestPrimitiveType@51dfd39e, name=raft-test} - Executing DefaultCommit{index=20, session=RaftSession{RaftServiceContext{server=2, type=io.atomix.protocols.raft.RaftTest$TestPrimitiveType@51dfd39e, name=raft-test, id=2}, session=2, timestamp=2018-06-10 03:56:11,069}, time=2018-06-10 03:56:11,069, operation=DefaultOperationId{id=write, type=COMMAND}, value=byte[]{length=17, hash=-1644578928}}
03:56:11.577 [raft-server-3-state] TRACE i.a.p.raft.impl.RaftServiceManager - RaftServer{3} - Applying Indexed{index=20, entry=CommandEntry{term=1, timestamp=2018-06-10 03:56:11,069, session=2, sequence=17, operation=PrimitiveOperation{id=DefaultOperationId{id=write, type=COMMAND}, value=byte[]{length=17, hash=-1644578928}}}}
03:56:11.577 [raft-server-3-state] TRACE i.a.p.s.impl.DefaultServiceExecutor - PrimitiveService{2}{type=io.atomix.protocols.raft.RaftTest$TestPrimitiveType@416fde07, name=raft-test} - Executing DefaultCommit{index=20, session=RaftSession{RaftServiceContext{server=3, type=io.atomix.protocols.raft.RaftTest$TestPrimitiveType@416fde07, name=raft-test, id=2}, session=2, timestamp=2018-06-10 03:56:11,069}, time=2018-06-10 03:56:11,069, operation=DefaultOperationId{id=write, type=COMMAND}, value=byte[]{length=17, hash=-1644578928}}
03:56:11.694 [raft-server-1] TRACE i.a.p.raft.roles.LeaderAppender - RaftServer{1} - Sending AppendRequest{term=1, leader=1, prevLogIndex=21, prevLogTerm=1, entries=0, commitIndex=21} to 2
03:56:11.695 [raft-server-1] TRACE i.a.p.raft.roles.LeaderAppender - RaftServer{1} - Received AppendResponse{status=OK, term=1, succeeded=true, lastLogIndex=21} from 3
03:56:11.695 [raft-server-2] TRACE i.a.p.raft.roles.FollowerRole - RaftServer{2}{role=FOLLOWER} - Received AppendRequest{term=1, leader=1, prevLogIndex=21, prevLogTerm=1, entries=0, commitIndex=21}
03:56:11.695 [raft-server-1] TRACE i.a.p.raft.roles.LeaderAppender - RaftServer{1} - Sending AppendRequest{term=1, leader=1, prevLogIndex=21, prevLogTerm=1, entries=0, commitIndex=21} to 3
03:56:11.695 [raft-server-3] TRACE i.a.p.raft.roles.FollowerRole - RaftServer{3}{role=FOLLOWER} - Received AppendRequest{term=1, leader=1, prevLogIndex=21, prevLogTerm=1, entries=0, commitIndex=21}
03:56:11.695 [raft-server-1-state] TRACE i.a.p.raft.impl.RaftServiceManager - RaftServer{1} - Applying Indexed{index=21, entry=CommandEntry{term=1, timestamp=2018-06-10 03:56:11,161, session=2, sequence=18, operation=PrimitiveOperation{id=DefaultOperationId{id=write, type=COMMAND}, value=byte[]{length=17, hash=-1644578928}}}}
03:56:11.695 [raft-server-1-state] TRACE i.a.p.s.impl.DefaultServiceExecutor - PrimitiveService{2}{type=io.atomix.protocols.raft.RaftTest$TestPrimitiveType@2997f1, name=raft-test} - Executing DefaultCommit{index=21, session=RaftSession{RaftServiceContext{server=1, type=io.atomix.protocols.raft.RaftTest$TestPrimitiveType@2997f1, name=raft-test, id=2}, session=2, timestamp=2018-06-10 03:56:11,161}, time=2018-06-10 03:56:11,161, operation=DefaultOperationId{id=write, type=COMMAND}, value=byte[]{length=17, hash=-1644578928}}
03:56:11.695 [raft-server-1-state] TRACE i.a.protocols.raft.roles.LeaderRole - RaftServer{1}{role=LEADER} - Sending CommandResponse{status=OK, index=21, eventIndex=2, result=byte[]{length=2, hash=1282}}
03:56:11.695 [raft-client-fc80a008-639d-42fe-bb37-24bc71d605c3-1] TRACE i.a.p.r.s.impl.RaftSessionConnection - SessionClient{2}{type=io.atomix.protocols.raft.RaftTest$TestPrimitiveType@68b11545, name=raft-test} - Received CommandResponse{status=OK, index=21, eventIndex=2, result=byte[]{length=2, hash=1282}} from 1
03:56:11.695 [raft-client-fc80a008-639d-42fe-bb37-24bc71d605c3-1] TRACE i.a.p.r.s.impl.RaftSessionSequencer - SessionClient{2}{type=io.atomix.protocols.raft.RaftTest$TestPrimitiveType@68b11545, name=raft-test} - Completing response CommandResponse{status=OK, index=21, eventIndex=2, result=byte[]{length=2, hash=1282}}
03:56:11.696 [raft-client-fc80a008-639d-42fe-bb37-24bc71d605c3-1] TRACE i.a.p.r.s.impl.RaftSessionConnection - SessionClient{2}{type=io.atomix.protocols.raft.RaftTest$TestPrimitiveType@68b11545, name=raft-test} - Sending CommandRequest{session=2, sequence=19, operation=PrimitiveOperation{id=DefaultOperationId{id=write, type=COMMAND}, value=byte[]{length=17, hash=-1644578928}}} to 1
03:56:11.696 [raft-server-1] TRACE i.a.protocols.raft.roles.LeaderRole - RaftServer{1}{role=LEADER} - Received CommandRequest{session=2, sequence=19, operation=PrimitiveOperation{id=DefaultOperationId{id=write, type=COMMAND}, value=byte[]{length=17, hash=-1644578928}}}
03:56:11.696 [raft-server-1] TRACE i.a.protocols.raft.roles.LeaderRole - RaftServer{1}{role=LEADER} - Appended Indexed{index=22, entry=CommandEntry{term=1, timestamp=2018-06-10 03:56:11,696, session=2, sequence=19, operation=PrimitiveOperation{id=DefaultOperationId{id=write, type=COMMAND}, value=byte[]{length=17, hash=-1644578928}}}}
03:56:11.728 [raft-client-fc80a008-639d-42fe-bb37-24bc71d605c3-1] TRACE i.a.p.r.s.impl.RaftSessionManager - RaftClient{fc80a008-639d-42fe-bb37-24bc71d605c3} - Keeping 1 sessions alive
03:56:11.728 [raft-client-fc80a008-639d-42fe-bb37-24bc71d605c3-1] TRACE i.a.p.r.s.impl.RaftSessionConnection - RaftClient{fc80a008-639d-42fe-bb37-24bc71d605c3} - Sending KeepAliveRequest{sessionIds=long[]{length=1, hash=33}, commandSequences=long[]{length=1, hash=49}, eventIndexes=long[]{length=1, hash=33}} to 1
03:56:11.729 [raft-server-1] TRACE i.a.protocols.raft.roles.LeaderRole - RaftServer{1}{role=LEADER} - Received KeepAliveRequest{sessionIds=long[]{length=1, hash=33}, commandSequences=long[]{length=1, hash=49}, eventIndexes=long[]{length=1, hash=33}}
03:56:11.729 [raft-server-1] TRACE i.a.protocols.raft.roles.LeaderRole - RaftServer{1}{role=LEADER} - Appended Indexed{index=23, entry=KeepAliveEntry{term=1, timestamp=2018-06-10 03:56:11,729, sessionIds=long[]{length=1, hash=33}, commandSequences=long[]{length=1, hash=49}, eventIndexes=long[]{length=1, hash=33}}}
03:56:11.947 [raft-server-1] TRACE i.a.p.raft.roles.LeaderAppender - RaftServer{1} - Sending AppendRequest{term=1, leader=1, prevLogIndex=21, prevLogTerm=1, entries=2, commitIndex=21} to 3
03:56:11.947 [raft-server-1] TRACE i.a.p.raft.roles.LeaderAppender - RaftServer{1} - Sending AppendRequest{term=1, leader=1, prevLogIndex=21, prevLogTerm=1, entries=2, commitIndex=21} to 2
03:56:11.952 [raft-server-2] TRACE i.a.p.raft.roles.FollowerRole - RaftServer{2}{role=FOLLOWER} - Committed entries up to index 21
03:56:11.952 [raft-server-2] TRACE i.a.p.raft.roles.FollowerRole - RaftServer{2}{role=FOLLOWER} - Sending AppendResponse{status=OK, term=1, succeeded=true, lastLogIndex=21}
03:56:11.952 [raft-server-2] TRACE i.a.p.raft.roles.FollowerRole - RaftServer{2}{role=FOLLOWER} - Received AppendRequest{term=1, leader=1, prevLogIndex=21, prevLogTerm=1, entries=2, commitIndex=21}
03:56:11.952 [raft-server-1] TRACE i.a.p.raft.roles.LeaderAppender - RaftServer{1} - Received AppendResponse{status=OK, term=1, succeeded=true, lastLogIndex=21} from 2
03:56:11.953 [raft-server-2] TRACE i.a.p.raft.roles.FollowerRole - RaftServer{2}{role=FOLLOWER} - Appended Indexed{index=22, entry=CommandEntry{term=1, timestamp=2018-06-10 03:56:11,696, session=2, sequence=19, operation=PrimitiveOperation{id=DefaultOperationId{id=write, type=COMMAND}, value=byte[]{length=17, hash=-1644578928}}}}
03:56:11.953 [raft-server-2] TRACE i.a.p.raft.roles.FollowerRole - RaftServer{2}{role=FOLLOWER} - Appended Indexed{index=23, entry=KeepAliveEntry{term=1, timestamp=2018-06-10 03:56:11,729, sessionIds=long[]{length=1, hash=33}, commandSequences=long[]{length=1, hash=49}, eventIndexes=long[]{length=1, hash=33}}}
03:56:11.953 [raft-server-2] TRACE i.a.p.raft.roles.FollowerRole - RaftServer{2}{role=FOLLOWER} - Sending AppendResponse{status=OK, term=1, succeeded=true, lastLogIndex=23}
03:56:11.953 [raft-server-1] TRACE i.a.p.raft.roles.LeaderAppender - RaftServer{1} - Received AppendResponse{status=OK, term=1, succeeded=true, lastLogIndex=23} from 2
03:56:11.953 [raft-server-1] TRACE i.a.p.raft.roles.LeaderAppender - RaftServer{1} - Committed entries up to 23
03:56:11.953 [raft-server-2-state] TRACE i.a.p.raft.impl.RaftServiceManager - RaftServer{2} - Applying Indexed{index=21, entry=CommandEntry{term=1, timestamp=2018-06-10 03:56:11,161, session=2, sequence=18, operation=PrimitiveOperation{id=DefaultOperationId{id=write, type=COMMAND}, value=byte[]{length=17, hash=-1644578928}}}}
03:56:11.954 [raft-server-2-state] TRACE i.a.p.s.impl.DefaultServiceExecutor - PrimitiveService{2}{type=io.atomix.protocols.raft.RaftTest$TestPrimitiveType@51dfd39e, name=raft-test} - Executing DefaultCommit{index=21, session=RaftSession{RaftServiceContext{server=2, type=io.atomix.protocols.raft.RaftTest$TestPrimitiveType@51dfd39e, name=raft-test, id=2}, session=2, timestamp=2018-06-10 03:56:11,161}, time=2018-06-10 03:56:11,161, operation=DefaultOperationId{id=write, type=COMMAND}, value=byte[]{length=17, hash=-1644578928}}
03:56:12.197 [raft-server-3] TRACE i.a.p.raft.roles.FollowerRole - RaftServer{3}{role=FOLLOWER} - Committed entries up to index 21
03:56:12.197 [raft-server-3] TRACE i.a.p.raft.roles.FollowerRole - RaftServer{3}{role=FOLLOWER} - Sending AppendResponse{status=OK, term=1, succeeded=true, lastLogIndex=21}
03:56:12.197 [raft-server-3] TRACE i.a.p.raft.roles.FollowerRole - RaftServer{3}{role=FOLLOWER} - Received AppendRequest{term=1, leader=1, prevLogIndex=21, prevLogTerm=1, entries=2, commitIndex=21}
03:56:12.197 [raft-server-3] TRACE i.a.p.raft.roles.FollowerRole - RaftServer{3}{role=FOLLOWER} - Appended Indexed{index=22, entry=CommandEntry{term=1, timestamp=2018-06-10 03:56:11,696, session=2, sequence=19, operation=PrimitiveOperation{id=DefaultOperationId{id=write, type=COMMAND}, value=byte[]{length=17, hash=-1644578928}}}}
03:56:12.198 [raft-server-3] TRACE i.a.p.raft.roles.FollowerRole - RaftServer{3}{role=FOLLOWER} - Appended Indexed{index=23, entry=KeepAliveEntry{term=1, timestamp=2018-06-10 03:56:11,729, sessionIds=long[]{length=1, hash=33}, commandSequences=long[]{length=1, hash=49}, eventIndexes=long[]{length=1, hash=33}}}
03:56:12.198 [raft-server-3] TRACE i.a.p.raft.roles.FollowerRole - RaftServer{3}{role=FOLLOWER} - Sending AppendResponse{status=OK, term=1, succeeded=true, lastLogIndex=23}
03:56:12.198 [raft-server-3-state] TRACE i.a.p.raft.impl.RaftServiceManager - RaftServer{3} - Applying Indexed{index=21, entry=CommandEntry{term=1, timestamp=2018-06-10 03:56:11,161, session=2, sequence=18, operation=PrimitiveOperation{id=DefaultOperationId{id=write, type=COMMAND}, value=byte[]{length=17, hash=-1644578928}}}}
03:56:12.198 [raft-server-3-state] TRACE i.a.p.s.impl.DefaultServiceExecutor - PrimitiveService{2}{type=io.atomix.protocols.raft.RaftTest$TestPrimitiveType@416fde07, name=raft-test} - Executing DefaultCommit{index=21, session=RaftSession{RaftServiceContext{server=3, type=io.atomix.protocols.raft.RaftTest$TestPrimitiveType@416fde07, name=raft-test, id=2}, session=2, timestamp=2018-06-10 03:56:11,161}, time=2018-06-10 03:56:11,161, operation=DefaultOperationId{id=write, type=COMMAND}, value=byte[]{length=17, hash=-1644578928}}
03:56:12.384 [raft-server-1] TRACE i.a.p.raft.roles.LeaderAppender - RaftServer{1} - Sending AppendRequest{term=1, leader=1, prevLogIndex=23, prevLogTerm=1, entries=0, commitIndex=23} to 2
03:56:12.385 [raft-server-1] TRACE i.a.p.raft.roles.LeaderAppender - RaftServer{1} - Received AppendResponse{status=OK, term=1, succeeded=true, lastLogIndex=21} from 3
03:56:12.385 [raft-server-2] TRACE i.a.p.raft.roles.FollowerRole - RaftServer{2}{role=FOLLOWER} - Received AppendRequest{term=1, leader=1, prevLogIndex=23, prevLogTerm=1, entries=0, commitIndex=23}
03:56:12.385 [raft-server-1] TRACE i.a.p.raft.roles.LeaderAppender - RaftServer{1} - Received AppendResponse{status=OK, term=1, succeeded=true, lastLogIndex=23} from 3
03:56:12.385 [raft-server-1] TRACE i.a.p.raft.roles.LeaderAppender - RaftServer{1} - Sending AppendRequest{term=1, leader=1, prevLogIndex=23, prevLogTerm=1, entries=0, commitIndex=23} to 3
03:56:12.385 [raft-server-3] TRACE i.a.p.raft.roles.FollowerRole - RaftServer{3}{role=FOLLOWER} - Received AppendRequest{term=1, leader=1, prevLogIndex=23, prevLogTerm=1, entries=0, commitIndex=23}
03:56:12.385 [raft-server-1-state] TRACE i.a.p.raft.impl.RaftServiceManager - RaftServer{1} - Applying Indexed{index=22, entry=CommandEntry{term=1, timestamp=2018-06-10 03:56:11,696, session=2, sequence=19, operation=PrimitiveOperation{id=DefaultOperationId{id=write, type=COMMAND}, value=byte[]{length=17, hash=-1644578928}}}}
03:56:12.385 [raft-server-1-state] TRACE i.a.p.s.impl.DefaultServiceExecutor - PrimitiveService{2}{type=io.atomix.protocols.raft.RaftTest$TestPrimitiveType@2997f1, name=raft-test} - Executing DefaultCommit{index=22, session=RaftSession{RaftServiceContext{server=1, type=io.atomix.protocols.raft.RaftTest$TestPrimitiveType@2997f1, name=raft-test, id=2}, session=2, timestamp=2018-06-10 03:56:11,696}, time=2018-06-10 03:56:11,696, operation=DefaultOperationId{id=write, type=COMMAND}, value=byte[]{length=17, hash=-1644578928}}
03:56:12.385 [raft-server-1-state] TRACE i.a.protocols.raft.roles.LeaderRole - RaftServer{1}{role=LEADER} - Sending CommandResponse{status=OK, index=22, eventIndex=2, result=byte[]{length=2, hash=1284}}
03:56:12.385 [raft-server-1-state] TRACE i.a.p.raft.impl.RaftServiceManager - RaftServer{1} - Applying Indexed{index=23, entry=KeepAliveEntry{term=1, timestamp=2018-06-10 03:56:11,729, sessionIds=long[]{length=1, hash=33}, commandSequences=long[]{length=1, hash=49}, eventIndexes=long[]{length=1, hash=33}}}
03:56:12.385 [raft-client-fc80a008-639d-42fe-bb37-24bc71d605c3-6] TRACE i.a.p.r.s.impl.RaftSessionConnection - SessionClient{2}{type=io.atomix.protocols.raft.RaftTest$TestPrimitiveType@68b11545, name=raft-test} - Received CommandResponse{status=OK, index=22, eventIndex=2, result=byte[]{length=2, hash=1284}} from 1
03:56:12.385 [raft-client-fc80a008-639d-42fe-bb37-24bc71d605c3-6] TRACE i.a.p.r.s.impl.RaftSessionSequencer - SessionClient{2}{type=io.atomix.protocols.raft.RaftTest$TestPrimitiveType@68b11545, name=raft-test} - Completing response CommandResponse{status=OK, index=22, eventIndex=2, result=byte[]{length=2, hash=1284}}
03:56:12.386 [raft-client-fc80a008-639d-42fe-bb37-24bc71d605c3-6] TRACE i.a.p.r.s.impl.RaftSessionConnection - SessionClient{2}{type=io.atomix.protocols.raft.RaftTest$TestPrimitiveType@68b11545, name=raft-test} - Sending CommandRequest{session=2, sequence=20, operation=PrimitiveOperation{id=DefaultOperationId{id=write, type=COMMAND}, value=byte[]{length=17, hash=-1644578928}}} to 1
03:56:12.386 [raft-server-1] TRACE i.a.protocols.raft.roles.LeaderRole - RaftServer{1}{role=LEADER} - Sending KeepAliveResponse{status=OK, leader=1, members=[3, 2, 1], sessionIds=long[]{length=1, hash=33}}
03:56:12.386 [raft-server-1] TRACE i.a.protocols.raft.roles.LeaderRole - RaftServer{1}{role=LEADER} - Received CommandRequest{session=2, sequence=20, operation=PrimitiveOperation{id=DefaultOperationId{id=write, type=COMMAND}, value=byte[]{length=17, hash=-1644578928}}}
03:56:12.386 [raft-client-fc80a008-639d-42fe-bb37-24bc71d605c3-4] TRACE i.a.p.r.s.impl.RaftSessionConnection - RaftClient{fc80a008-639d-42fe-bb37-24bc71d605c3} - Received KeepAliveResponse{status=OK, leader=1, members=[3, 2, 1], sessionIds=long[]{length=1, hash=33}} from 1
03:56:12.386 [raft-server-1] TRACE i.a.protocols.raft.roles.LeaderRole - RaftServer{1}{role=LEADER} - Appended Indexed{index=24, entry=CommandEntry{term=1, timestamp=2018-06-10 03:56:12,386, session=2, sequence=20, operation=PrimitiveOperation{id=DefaultOperationId{id=write, type=COMMAND}, value=byte[]{length=17, hash=-1644578928}}}}
03:56:12.447 [raft-server-1] TRACE i.a.p.raft.roles.LeaderAppender - RaftServer{1} - Sending AppendRequest{term=1, leader=1, prevLogIndex=23, prevLogTerm=1, entries=1, commitIndex=23} to 3
03:56:12.447 [raft-server-1] TRACE i.a.p.raft.roles.LeaderAppender - RaftServer{1} - Sending AppendRequest{term=1, leader=1, prevLogIndex=23, prevLogTerm=1, entries=1, commitIndex=23} to 2
03:56:12.959 [raft-server-2] TRACE i.a.p.raft.roles.FollowerRole - RaftServer{2}{role=FOLLOWER} - Committed entries up to index 23
03:56:12.960 [raft-server-3] TRACE i.a.p.raft.roles.FollowerRole - RaftServer{3}{role=FOLLOWER} - Committed entries up to index 23
03:56:12.960 [raft-server-2] TRACE i.a.p.raft.roles.FollowerRole - RaftServer{2}{role=FOLLOWER} - Sending AppendResponse{status=OK, term=1, succeeded=true, lastLogIndex=23}
03:56:12.960 [raft-server-3] TRACE i.a.p.raft.roles.FollowerRole - RaftServer{3}{role=FOLLOWER} - Sending AppendResponse{status=OK, term=1, succeeded=true, lastLogIndex=23}
03:56:12.960 [raft-server-2] TRACE i.a.p.raft.roles.FollowerRole - RaftServer{2}{role=FOLLOWER} - Received AppendRequest{term=1, leader=1, prevLogIndex=23, prevLogTerm=1, entries=1, commitIndex=23}
03:56:12.960 [raft-server-1] TRACE i.a.p.raft.roles.LeaderAppender - RaftServer{1} - Received AppendResponse{status=OK, term=1, succeeded=true, lastLogIndex=23} from 2
03:56:12.960 [raft-server-3] TRACE i.a.p.raft.roles.FollowerRole - RaftServer{3}{role=FOLLOWER} - Received AppendRequest{term=1, leader=1, prevLogIndex=23, prevLogTerm=1, entries=1, commitIndex=23}
03:56:12.960 [raft-server-1] TRACE i.a.p.raft.roles.LeaderAppender - RaftServer{1} - Received AppendResponse{status=OK, term=1, succeeded=true, lastLogIndex=23} from 3
03:56:12.960 [raft-server-2] TRACE i.a.p.raft.roles.FollowerRole - RaftServer{2}{role=FOLLOWER} - Appended Indexed{index=24, entry=CommandEntry{term=1, timestamp=2018-06-10 03:56:12,386, session=2, sequence=20, operation=PrimitiveOperation{id=DefaultOperationId{id=write, type=COMMAND}, value=byte[]{length=17, hash=-1644578928}}}}
03:56:12.960 [raft-server-2] TRACE i.a.p.raft.roles.FollowerRole - RaftServer{2}{role=FOLLOWER} - Sending AppendResponse{status=OK, term=1, succeeded=true, lastLogIndex=24}
03:56:12.960 [raft-server-3] TRACE i.a.p.raft.roles.FollowerRole - RaftServer{3}{role=FOLLOWER} - Appended Indexed{index=24, entry=CommandEntry{term=1, timestamp=2018-06-10 03:56:12,386, session=2, sequence=20, operation=PrimitiveOperation{id=DefaultOperationId{id=write, type=COMMAND}, value=byte[]{length=17, hash=-1644578928}}}}
03:56:12.960 [raft-server-3] TRACE i.a.p.raft.roles.FollowerRole - RaftServer{3}{role=FOLLOWER} - Sending AppendResponse{status=OK, term=1, succeeded=true, lastLogIndex=24}
03:56:12.960 [raft-server-1] TRACE i.a.p.raft.roles.LeaderAppender - RaftServer{1} - Received AppendResponse{status=OK, term=1, succeeded=true, lastLogIndex=24} from 2
03:56:12.960 [raft-server-2-state] TRACE i.a.p.raft.impl.RaftServiceManager - RaftServer{2} - Applying Indexed{index=22, entry=CommandEntry{term=1, timestamp=2018-06-10 03:56:11,696, session=2, sequence=19, operation=PrimitiveOperation{id=DefaultOperationId{id=write, type=COMMAND}, value=byte[]{length=17, hash=-1644578928}}}}
03:56:12.960 [raft-server-1] TRACE i.a.p.raft.roles.LeaderAppender - RaftServer{1} - Committed entries up to 24
03:56:12.960 [raft-server-3-state] TRACE i.a.p.raft.impl.RaftServiceManager - RaftServer{3} - Applying Indexed{index=22, entry=CommandEntry{term=1, timestamp=2018-06-10 03:56:11,696, session=2, sequence=19, operation=PrimitiveOperation{id=DefaultOperationId{id=write, type=COMMAND}, value=byte[]{length=17, hash=-1644578928}}}}
03:56:12.960 [raft-server-2-state] TRACE i.a.p.s.impl.DefaultServiceExecutor - PrimitiveService{2}{type=io.atomix.protocols.raft.RaftTest$TestPrimitiveType@51dfd39e, name=raft-test} - Executing DefaultCommit{index=22, session=RaftSession{RaftServiceContext{server=2, type=io.atomix.protocols.raft.RaftTest$TestPrimitiveType@51dfd39e, name=raft-test, id=2}, session=2, timestamp=2018-06-10 03:56:11,696}, time=2018-06-10 03:56:11,696, operation=DefaultOperationId{id=write, type=COMMAND}, value=byte[]{length=17, hash=-1644578928}}
03:56:12.960 [raft-server-3-state] TRACE i.a.p.s.impl.DefaultServiceExecutor - PrimitiveService{2}{type=io.atomix.protocols.raft.RaftTest$TestPrimitiveType@416fde07, name=raft-test} - Executing DefaultCommit{index=22, session=RaftSession{RaftServiceContext{server=3, type=io.atomix.protocols.raft.RaftTest$TestPrimitiveType@416fde07, name=raft-test, id=2}, session=2, timestamp=2018-06-10 03:56:11,696}, time=2018-06-10 03:56:11,696, operation=DefaultOperationId{id=write, type=COMMAND}, value=byte[]{length=17, hash=-1644578928}}
03:56:12.961 [raft-server-3-state] TRACE i.a.p.raft.impl.RaftServiceManager - RaftServer{3} - Applying Indexed{index=23, entry=KeepAliveEntry{term=1, timestamp=2018-06-10 03:56:11,729, sessionIds=long[]{length=1, hash=33}, commandSequences=long[]{length=1, hash=49}, eventIndexes=long[]{length=1, hash=33}}}
03:56:12.961 [raft-server-2-state] TRACE i.a.p.raft.impl.RaftServiceManager - RaftServer{2} - Applying Indexed{index=23, entry=KeepAliveEntry{term=1, timestamp=2018-06-10 03:56:11,729, sessionIds=long[]{length=1, hash=33}, commandSequences=long[]{length=1, hash=49}, eventIndexes=long[]{length=1, hash=33}}}
03:56:13.168 [raft-server-1] TRACE i.a.p.raft.roles.LeaderAppender - RaftServer{1} - Sending AppendRequest{term=1, leader=1, prevLogIndex=24, prevLogTerm=1, entries=0, commitIndex=24} to 2
03:56:13.168 [raft-server-1] TRACE i.a.p.raft.roles.LeaderAppender - RaftServer{1} - Received AppendResponse{status=OK, term=1, succeeded=true, lastLogIndex=24} from 3
03:56:13.168 [raft-server-2] TRACE i.a.p.raft.roles.FollowerRole - RaftServer{2}{role=FOLLOWER} - Received AppendRequest{term=1, leader=1, prevLogIndex=24, prevLogTerm=1, entries=0, commitIndex=24}
03:56:13.168 [raft-server-1] TRACE i.a.p.raft.roles.LeaderAppender - RaftServer{1} - Sending AppendRequest{term=1, leader=1, prevLogIndex=24, prevLogTerm=1, entries=0, commitIndex=24} to 3
03:56:13.169 [raft-server-3] TRACE i.a.p.raft.roles.FollowerRole - RaftServer{3}{role=FOLLOWER} - Received AppendRequest{term=1, leader=1, prevLogIndex=24, prevLogTerm=1, entries=0, commitIndex=24}
03:56:13.169 [raft-server-1-state] TRACE i.a.p.raft.impl.RaftServiceManager - RaftServer{1} - Applying Indexed{index=24, entry=CommandEntry{term=1, timestamp=2018-06-10 03:56:12,386, session=2, sequence=20, operation=PrimitiveOperation{id=DefaultOperationId{id=write, type=COMMAND}, value=byte[]{length=17, hash=-1644578928}}}}
03:56:13.169 [raft-server-1-state] TRACE i.a.p.s.impl.DefaultServiceExecutor - PrimitiveService{2}{type=io.atomix.protocols.raft.RaftTest$TestPrimitiveType@2997f1, name=raft-test} - Executing DefaultCommit{index=24, session=RaftSession{RaftServiceContext{server=1, type=io.atomix.protocols.raft.RaftTest$TestPrimitiveType@2997f1, name=raft-test, id=2}, session=2, timestamp=2018-06-10 03:56:12,386}, time=2018-06-10 03:56:12,386, operation=DefaultOperationId{id=write, type=COMMAND}, value=byte[]{length=17, hash=-1644578928}}
03:56:13.169 [raft-server-1-state] TRACE i.a.protocols.raft.roles.LeaderRole - RaftServer{1}{role=LEADER} - Sending CommandResponse{status=OK, index=24, eventIndex=2, result=byte[]{length=2, hash=1288}}
03:56:13.169 [raft-client-fc80a008-639d-42fe-bb37-24bc71d605c3-0] TRACE i.a.p.r.s.impl.RaftSessionConnection - SessionClient{2}{type=io.atomix.protocols.raft.RaftTest$TestPrimitiveType@68b11545, name=raft-test} - Received CommandResponse{status=OK, index=24, eventIndex=2, result=byte[]{length=2, hash=1288}} from 1
03:56:13.169 [raft-client-fc80a008-639d-42fe-bb37-24bc71d605c3-0] TRACE i.a.p.r.s.impl.RaftSessionSequencer - SessionClient{2}{type=io.atomix.protocols.raft.RaftTest$TestPrimitiveType@68b11545, name=raft-test} - Completing response CommandResponse{status=OK, index=24, eventIndex=2, result=byte[]{length=2, hash=1288}}
03:56:13.169 [raft-client-fc80a008-639d-42fe-bb37-24bc71d605c3-0] TRACE i.a.p.r.s.impl.RaftSessionConnection - SessionClient{2}{type=io.atomix.protocols.raft.RaftTest$TestPrimitiveType@68b11545, name=raft-test} - Sending CommandRequest{session=2, sequence=21, operation=PrimitiveOperation{id=DefaultOperationId{id=write, type=COMMAND}, value=byte[]{length=17, hash=-1644578928}}} to 1
03:56:13.169 [raft-server-1] TRACE i.a.protocols.raft.roles.LeaderRole - RaftServer{1}{role=LEADER} - Received CommandRequest{session=2, sequence=21, operation=PrimitiveOperation{id=DefaultOperationId{id=write, type=COMMAND}, value=byte[]{length=17, hash=-1644578928}}}
03:56:13.170 [raft-server-1] TRACE i.a.protocols.raft.roles.LeaderRole - RaftServer{1}{role=LEADER} - Appended Indexed{index=25, entry=CommandEntry{term=1, timestamp=2018-06-10 03:56:13,170, session=2, sequence=21, operation=PrimitiveOperation{id=DefaultOperationId{id=write, type=COMMAND}, value=byte[]{length=17, hash=-1644578928}}}}
03:56:13.251 [raft-server-2] TRACE i.a.p.raft.roles.FollowerRole - RaftServer{2}{role=FOLLOWER} - Committed entries up to index 24
03:56:13.251 [raft-server-3] TRACE i.a.p.raft.roles.FollowerRole - RaftServer{3}{role=FOLLOWER} - Committed entries up to index 24
03:56:13.251 [raft-server-2] TRACE i.a.p.raft.roles.FollowerRole - RaftServer{2}{role=FOLLOWER} - Sending AppendResponse{status=OK, term=1, succeeded=true, lastLogIndex=24}
03:56:13.251 [raft-server-3] TRACE i.a.p.raft.roles.FollowerRole - RaftServer{3}{role=FOLLOWER} - Sending AppendResponse{status=OK, term=1, succeeded=true, lastLogIndex=24}
03:56:13.251 [raft-server-1] TRACE i.a.p.raft.roles.LeaderAppender - RaftServer{1} - Received AppendResponse{status=OK, term=1, succeeded=true, lastLogIndex=24} from 2
03:56:13.251 [raft-server-1] TRACE i.a.p.raft.roles.LeaderAppender - RaftServer{1} - Sending AppendRequest{term=1, leader=1, prevLogIndex=24, prevLogTerm=1, entries=1, commitIndex=24} to 2
03:56:13.251 [raft-server-3-state] TRACE i.a.p.raft.impl.RaftServiceManager - RaftServer{3} - Applying Indexed{index=24, entry=CommandEntry{term=1, timestamp=2018-06-10 03:56:12,386, session=2, sequence=20, operation=PrimitiveOperation{id=DefaultOperationId{id=write, type=COMMAND}, value=byte[]{length=17, hash=-1644578928}}}}
03:56:13.251 [raft-server-2-state] TRACE i.a.p.raft.impl.RaftServiceManager - RaftServer{2} - Applying Indexed{index=24, entry=CommandEntry{term=1, timestamp=2018-06-10 03:56:12,386, session=2, sequence=20, operation=PrimitiveOperation{id=DefaultOperationId{id=write, type=COMMAND}, value=byte[]{length=17, hash=-1644578928}}}}
03:56:13.251 [raft-server-2] TRACE i.a.p.raft.roles.FollowerRole - RaftServer{2}{role=FOLLOWER} - Received AppendRequest{term=1, leader=1, prevLogIndex=24, prevLogTerm=1, entries=1, commitIndex=24}
03:56:13.251 [raft-server-1] TRACE i.a.p.raft.roles.LeaderAppender - RaftServer{1} - Received AppendResponse{status=OK, term=1, succeeded=true, lastLogIndex=24} from 3
03:56:13.251 [raft-server-3-state] TRACE i.a.p.s.impl.DefaultServiceExecutor - PrimitiveService{2}{type=io.atomix.protocols.raft.RaftTest$TestPrimitiveType@416fde07, name=raft-test} - Executing DefaultCommit{index=24, session=RaftSession{RaftServiceContext{server=3, type=io.atomix.protocols.raft.RaftTest$TestPrimitiveType@416fde07, name=raft-test, id=2}, session=2, timestamp=2018-06-10 03:56:12,386}, time=2018-06-10 03:56:12,386, operation=DefaultOperationId{id=write, type=COMMAND}, value=byte[]{length=17, hash=-1644578928}}
03:56:13.252 [raft-server-2-state] TRACE i.a.p.s.impl.DefaultServiceExecutor - PrimitiveService{2}{type=io.atomix.protocols.raft.RaftTest$TestPrimitiveType@51dfd39e, name=raft-test} - Executing DefaultCommit{index=24, session=RaftSession{RaftServiceContext{server=2, type=io.atomix.protocols.raft.RaftTest$TestPrimitiveType@51dfd39e, name=raft-test, id=2}, session=2, timestamp=2018-06-10 03:56:12,386}, time=2018-06-10 03:56:12,386, operation=DefaultOperationId{id=write, type=COMMAND}, value=byte[]{length=17, hash=-1644578928}}
03:56:13.252 [raft-server-1] TRACE i.a.p.raft.roles.LeaderAppender - RaftServer{1} - Sending AppendRequest{term=1, leader=1, prevLogIndex=24, prevLogTerm=1, entries=1, commitIndex=24} to 3
03:56:13.252 [raft-server-3] TRACE i.a.p.raft.roles.FollowerRole - RaftServer{3}{role=FOLLOWER} - Received AppendRequest{term=1, leader=1, prevLogIndex=24, prevLogTerm=1, entries=1, commitIndex=24}
03:56:13.252 [raft-server-2] TRACE i.a.p.raft.roles.FollowerRole - RaftServer{2}{role=FOLLOWER} - Appended Indexed{index=25, entry=CommandEntry{term=1, timestamp=2018-06-10 03:56:13,170, session=2, sequence=21, operation=PrimitiveOperation{id=DefaultOperationId{id=write, type=COMMAND}, value=byte[]{length=17, hash=-1644578928}}}}
03:56:13.252 [raft-server-2] TRACE i.a.p.raft.roles.FollowerRole - RaftServer{2}{role=FOLLOWER} - Sending AppendResponse{status=OK, term=1, succeeded=true, lastLogIndex=25}
03:56:13.252 [raft-server-3] TRACE i.a.p.raft.roles.FollowerRole - RaftServer{3}{role=FOLLOWER} - Appended Indexed{index=25, entry=CommandEntry{term=1, timestamp=2018-06-10 03:56:13,170, session=2, sequence=21, operation=PrimitiveOperation{id=DefaultOperationId{id=write, type=COMMAND}, value=byte[]{length=17, hash=-1644578928}}}}
03:56:13.252 [raft-server-3] TRACE i.a.p.raft.roles.FollowerRole - RaftServer{3}{role=FOLLOWER} - Sending AppendResponse{status=OK, term=1, succeeded=true, lastLogIndex=25}
03:56:13.252 [raft-server-1] TRACE i.a.p.raft.roles.LeaderAppender - RaftServer{1} - Received AppendResponse{status=OK, term=1, succeeded=true, lastLogIndex=25} from 2
03:56:13.252 [raft-server-1] TRACE i.a.p.raft.roles.LeaderAppender - RaftServer{1} - Committed entries up to 25
03:56:13.328 [raft-server-1] TRACE i.a.p.raft.roles.LeaderAppender - RaftServer{1} - Received AppendResponse{status=OK, term=1, succeeded=true, lastLogIndex=25} from 3
03:56:13.329 [raft-server-1-state] TRACE i.a.p.raft.impl.RaftServiceManager - RaftServer{1} - Applying Indexed{index=25, entry=CommandEntry{term=1, timestamp=2018-06-10 03:56:13,170, session=2, sequence=21, operation=PrimitiveOperation{id=DefaultOperationId{id=write, type=COMMAND}, value=byte[]{length=17, hash=-1644578928}}}}
03:56:13.329 [raft-server-1-state] TRACE i.a.p.s.impl.DefaultServiceExecutor - PrimitiveService{2}{type=io.atomix.protocols.raft.RaftTest$TestPrimitiveType@2997f1, name=raft-test} - Executing DefaultCommit{index=25, session=RaftSession{RaftServiceContext{server=1, type=io.atomix.protocols.raft.RaftTest$TestPrimitiveType@2997f1, name=raft-test, id=2}, session=2, timestamp=2018-06-10 03:56:13,170}, time=2018-06-10 03:56:13,170, operation=DefaultOperationId{id=write, type=COMMAND}, value=byte[]{length=17, hash=-1644578928}}
03:56:13.329 [raft-server-1] TRACE i.a.protocols.raft.roles.LeaderRole - RaftServer{1}{role=LEADER} - Sending CommandResponse{status=OK, index=25, eventIndex=2, result=byte[]{length=2, hash=1290}}
03:56:13.329 [raft-client-fc80a008-639d-42fe-bb37-24bc71d605c3-4] TRACE i.a.p.r.s.impl.RaftSessionConnection - SessionClient{2}{type=io.atomix.protocols.raft.RaftTest$TestPrimitiveType@68b11545, name=raft-test} - Received CommandResponse{status=OK, index=25, eventIndex=2, result=byte[]{length=2, hash=1290}} from 1
03:56:13.329 [raft-client-fc80a008-639d-42fe-bb37-24bc71d605c3-4] TRACE i.a.p.r.s.impl.RaftSessionSequencer - SessionClient{2}{type=io.atomix.protocols.raft.RaftTest$TestPrimitiveType@68b11545, name=raft-test} - Completing response CommandResponse{status=OK, index=25, eventIndex=2, result=byte[]{length=2, hash=1290}}
03:56:13.330 [raft-client-fc80a008-639d-42fe-bb37-24bc71d605c3-0] TRACE i.a.p.r.s.impl.RaftSessionConnection - SessionClient{2}{type=io.atomix.protocols.raft.RaftTest$TestPrimitiveType@68b11545, name=raft-test} - Sending CommandRequest{session=2, sequence=22, operation=PrimitiveOperation{id=DefaultOperationId{id=write, type=COMMAND}, value=byte[]{length=17, hash=-1644578928}}} to 1
03:56:13.330 [raft-server-1] TRACE i.a.protocols.raft.roles.LeaderRole - RaftServer{1}{role=LEADER} - Received CommandRequest{session=2, sequence=22, operation=PrimitiveOperation{id=DefaultOperationId{id=write, type=COMMAND}, value=byte[]{length=17, hash=-1644578928}}}
03:56:13.330 [raft-server-1] TRACE i.a.protocols.raft.roles.LeaderRole - RaftServer{1}{role=LEADER} - Appended Indexed{index=26, entry=CommandEntry{term=1, timestamp=2018-06-10 03:56:13,330, session=2, sequence=22, operation=PrimitiveOperation{id=DefaultOperationId{id=write, type=COMMAND}, value=byte[]{length=17, hash=-1644578928}}}}
03:56:13.330 [raft-server-1] TRACE i.a.p.raft.roles.LeaderAppender - RaftServer{1} - Sending AppendRequest{term=1, leader=1, prevLogIndex=25, prevLogTerm=1, entries=1, commitIndex=25} to 3
03:56:13.330 [raft-server-3] TRACE i.a.p.raft.roles.FollowerRole - RaftServer{3}{role=FOLLOWER} - Received AppendRequest{term=1, leader=1, prevLogIndex=25, prevLogTerm=1, entries=1, commitIndex=25}
03:56:13.330 [raft-server-1] TRACE i.a.p.raft.roles.LeaderAppender - RaftServer{1} - Sending AppendRequest{term=1, leader=1, prevLogIndex=25, prevLogTerm=1, entries=1, commitIndex=25} to 2
03:56:13.330 [raft-server-2] TRACE i.a.p.raft.roles.FollowerRole - RaftServer{2}{role=FOLLOWER} - Received AppendRequest{term=1, leader=1, prevLogIndex=25, prevLogTerm=1, entries=1, commitIndex=25}
03:56:13.330 [raft-server-3] TRACE i.a.p.raft.roles.FollowerRole - RaftServer{3}{role=FOLLOWER} - Appended Indexed{index=26, entry=CommandEntry{term=1, timestamp=2018-06-10 03:56:13,330, session=2, sequence=22, operation=PrimitiveOperation{id=DefaultOperationId{id=write, type=COMMAND}, value=byte[]{length=17, hash=-1644578928}}}}
03:56:13.330 [raft-server-2] TRACE i.a.p.raft.roles.FollowerRole - RaftServer{2}{role=FOLLOWER} - Appended Indexed{index=26, entry=CommandEntry{term=1, timestamp=2018-06-10 03:56:13,330, session=2, sequence=22, operation=PrimitiveOperation{id=DefaultOperationId{id=write, type=COMMAND}, value=byte[]{length=17, hash=-1644578928}}}}
03:56:13.411 [raft-server-3] TRACE i.a.p.raft.roles.FollowerRole - RaftServer{3}{role=FOLLOWER} - Committed entries up to index 25
03:56:13.411 [raft-server-2] TRACE i.a.p.raft.roles.FollowerRole - RaftServer{2}{role=FOLLOWER} - Committed entries up to index 25
03:56:13.411 [raft-server-3] TRACE i.a.p.raft.roles.FollowerRole - RaftServer{3}{role=FOLLOWER} - Sending AppendResponse{status=OK, term=1, succeeded=true, lastLogIndex=26}
03:56:13.412 [raft-server-2] TRACE i.a.p.raft.roles.FollowerRole - RaftServer{2}{role=FOLLOWER} - Sending AppendResponse{status=OK, term=1, succeeded=true, lastLogIndex=26}
03:56:13.412 [raft-server-1] TRACE i.a.p.raft.roles.LeaderAppender - RaftServer{1} - Received AppendResponse{status=OK, term=1, succeeded=true, lastLogIndex=26} from 3
03:56:13.412 [raft-server-1] TRACE i.a.p.raft.roles.LeaderAppender - RaftServer{1} - Committed entries up to 26
03:56:13.412 [raft-server-2-state] TRACE i.a.p.raft.impl.RaftServiceManager - RaftServer{2} - Applying Indexed{index=25, entry=CommandEntry{term=1, timestamp=2018-06-10 03:56:13,170, session=2, sequence=21, operation=PrimitiveOperation{id=DefaultOperationId{id=write, type=COMMAND}, value=byte[]{length=17, hash=-1644578928}}}}
03:56:13.412 [raft-server-2-state] TRACE i.a.p.s.impl.DefaultServiceExecutor - PrimitiveService{2}{type=io.atomix.protocols.raft.RaftTest$TestPrimitiveType@51dfd39e, name=raft-test} - Executing DefaultCommit{index=25, session=RaftSession{RaftServiceContext{server=2, type=io.atomix.protocols.raft.RaftTest$TestPrimitiveType@51dfd39e, name=raft-test, id=2}, session=2, timestamp=2018-06-10 03:56:13,170}, time=2018-06-10 03:56:13,170, operation=DefaultOperationId{id=write, type=COMMAND}, value=byte[]{length=17, hash=-1644578928}}
03:56:13.412 [raft-server-3-state] TRACE i.a.p.raft.impl.RaftServiceManager - RaftServer{3} - Applying Indexed{index=25, entry=CommandEntry{term=1, timestamp=2018-06-10 03:56:13,170, session=2, sequence=21, operation=PrimitiveOperation{id=DefaultOperationId{id=write, type=COMMAND}, value=byte[]{length=17, hash=-1644578928}}}}
03:56:13.412 [raft-server-3-state] TRACE i.a.p.s.impl.DefaultServiceExecutor - PrimitiveService{2}{type=io.atomix.protocols.raft.RaftTest$TestPrimitiveType@416fde07, name=raft-test} - Executing DefaultCommit{index=25, session=RaftSession{RaftServiceContext{server=3, type=io.atomix.protocols.raft.RaftTest$TestPrimitiveType@416fde07, name=raft-test, id=2}, session=2, timestamp=2018-06-10 03:56:13,170}, time=2018-06-10 03:56:13,170, operation=DefaultOperationId{id=write, type=COMMAND}, value=byte[]{length=17, hash=-1644578928}}
03:56:13.486 [raft-server-1] TRACE i.a.p.raft.roles.LeaderAppender - RaftServer{1} - Received AppendResponse{status=OK, term=1, succeeded=true, lastLogIndex=26} from 2
03:56:13.486 [raft-server-1] TRACE i.a.p.raft.roles.LeaderAppender - RaftServer{1} - Sending AppendRequest{term=1, leader=1, prevLogIndex=26, prevLogTerm=1, entries=0, commitIndex=26} to 3
03:56:13.486 [raft-server-1] TRACE i.a.p.raft.roles.LeaderAppender - RaftServer{1} - Sending AppendRequest{term=1, leader=1, prevLogIndex=26, prevLogTerm=1, entries=0, commitIndex=26} to 2
03:56:13.487 [raft-server-3] TRACE i.a.p.raft.roles.FollowerRole - RaftServer{3}{role=FOLLOWER} - Received AppendRequest{term=1, leader=1, prevLogIndex=26, prevLogTerm=1, entries=0, commitIndex=26}
03:56:13.487 [raft-server-2] TRACE i.a.p.raft.roles.FollowerRole - RaftServer{2}{role=FOLLOWER} - Received AppendRequest{term=1, leader=1, prevLogIndex=26, prevLogTerm=1, entries=0, commitIndex=26}
03:56:13.487 [raft-server-1-state] TRACE i.a.p.raft.impl.RaftServiceManager - RaftServer{1} - Applying Indexed{index=26, entry=CommandEntry{term=1, timestamp=2018-06-10 03:56:13,330, session=2, sequence=22, operation=PrimitiveOperation{id=DefaultOperationId{id=write, type=COMMAND}, value=byte[]{length=17, hash=-1644578928}}}}
03:56:13.487 [raft-server-1-state] TRACE i.a.p.s.impl.DefaultServiceExecutor - PrimitiveService{2}{type=io.atomix.protocols.raft.RaftTest$TestPrimitiveType@2997f1, name=raft-test} - Executing DefaultCommit{index=26, session=RaftSession{RaftServiceContext{server=1, type=io.atomix.protocols.raft.RaftTest$TestPrimitiveType@2997f1, name=raft-test, id=2}, session=2, timestamp=2018-06-10 03:56:13,330}, time=2018-06-10 03:56:13,330, operation=DefaultOperationId{id=write, type=COMMAND}, value=byte[]{length=17, hash=-1644578928}}
03:56:13.487 [raft-server-1-state] TRACE i.a.protocols.raft.roles.LeaderRole - RaftServer{1}{role=LEADER} - Sending CommandResponse{status=OK, index=26, eventIndex=2, result=byte[]{length=2, hash=1292}}
03:56:13.487 [raft-client-fc80a008-639d-42fe-bb37-24bc71d605c3-6] TRACE i.a.p.r.s.impl.RaftSessionConnection - SessionClient{2}{type=io.atomix.protocols.raft.RaftTest$TestPrimitiveType@68b11545, name=raft-test} - Received CommandResponse{status=OK, index=26, eventIndex=2, result=byte[]{length=2, hash=1292}} from 1
03:56:13.487 [raft-client-fc80a008-639d-42fe-bb37-24bc71d605c3-6] TRACE i.a.p.r.s.impl.RaftSessionSequencer - SessionClient{2}{type=io.atomix.protocols.raft.RaftTest$TestPrimitiveType@68b11545, name=raft-test} - Completing response CommandResponse{status=OK, index=26, eventIndex=2, result=byte[]{length=2, hash=1292}}
03:56:13.487 [raft-client-fc80a008-639d-42fe-bb37-24bc71d605c3-6] TRACE i.a.p.r.s.impl.RaftSessionConnection - SessionClient{2}{type=io.atomix.protocols.raft.RaftTest$TestPrimitiveType@68b11545, name=raft-test} - Sending CommandRequest{session=2, sequence=23, operation=PrimitiveOperation{id=DefaultOperationId{id=write, type=COMMAND}, value=byte[]{length=17, hash=-1644578928}}} to 1
03:56:13.487 [raft-server-1] TRACE i.a.protocols.raft.roles.LeaderRole - RaftServer{1}{role=LEADER} - Received CommandRequest{session=2, sequence=23, operation=PrimitiveOperation{id=DefaultOperationId{id=write, type=COMMAND}, value=byte[]{length=17, hash=-1644578928}}}
03:56:13.488 [raft-server-1] TRACE i.a.protocols.raft.roles.LeaderRole - RaftServer{1}{role=LEADER} - Appended Indexed{index=27, entry=CommandEntry{term=1, timestamp=2018-06-10 03:56:13,487, session=2, sequence=23, operation=PrimitiveOperation{id=DefaultOperationId{id=write, type=COMMAND}, value=byte[]{length=17, hash=-1644578928}}}}
03:56:13.553 [raft-server-3] TRACE i.a.p.raft.roles.FollowerRole - RaftServer{3}{role=FOLLOWER} - Committed entries up to index 26
03:56:13.553 [raft-server-3] TRACE i.a.p.raft.roles.FollowerRole - RaftServer{3}{role=FOLLOWER} - Sending AppendResponse{status=OK, term=1, succeeded=true, lastLogIndex=26}
03:56:13.553 [raft-server-1] TRACE i.a.p.raft.roles.LeaderAppender - RaftServer{1} - Received AppendResponse{status=OK, term=1, succeeded=true, lastLogIndex=26} from 3
03:56:13.553 [raft-server-1] TRACE i.a.p.raft.roles.LeaderAppender - RaftServer{1} - Sending AppendRequest{term=1, leader=1, prevLogIndex=26, prevLogTerm=1, entries=1, commitIndex=26} to 3
03:56:13.553 [raft-server-3] TRACE i.a.p.raft.roles.FollowerRole - RaftServer{3}{role=FOLLOWER} - Received AppendRequest{term=1, leader=1, prevLogIndex=26, prevLogTerm=1, entries=1, commitIndex=26}
03:56:13.553 [raft-server-3-state] TRACE i.a.p.raft.impl.RaftServiceManager - RaftServer{3} - Applying Indexed{index=26, entry=CommandEntry{term=1, timestamp=2018-06-10 03:56:13,330, session=2, sequence=22, operation=PrimitiveOperation{id=DefaultOperationId{id=write, type=COMMAND}, value=byte[]{length=17, hash=-1644578928}}}}
03:56:13.553 [raft-server-3-state] TRACE i.a.p.s.impl.DefaultServiceExecutor - PrimitiveService{2}{type=io.atomix.protocols.raft.RaftTest$TestPrimitiveType@416fde07, name=raft-test} - Executing DefaultCommit{index=26, session=RaftSession{RaftServiceContext{server=3, type=io.atomix.protocols.raft.RaftTest$TestPrimitiveType@416fde07, name=raft-test, id=2}, session=2, timestamp=2018-06-10 03:56:13,330}, time=2018-06-10 03:56:13,330, operation=DefaultOperationId{id=write, type=COMMAND}, value=byte[]{length=17, hash=-1644578928}}
03:56:13.553 [raft-server-3] TRACE i.a.p.raft.roles.FollowerRole - RaftServer{3}{role=FOLLOWER} - Appended Indexed{index=27, entry=CommandEntry{term=1, timestamp=2018-06-10 03:56:13,487, session=2, sequence=23, operation=PrimitiveOperation{id=DefaultOperationId{id=write, type=COMMAND}, value=byte[]{length=17, hash=-1644578928}}}}
03:56:13.553 [raft-server-3] TRACE i.a.p.raft.roles.FollowerRole - RaftServer{3}{role=FOLLOWER} - Sending AppendResponse{status=OK, term=1, succeeded=true, lastLogIndex=27}
03:56:13.553 [raft-server-1] TRACE i.a.p.raft.roles.LeaderAppender - RaftServer{1} - Received AppendResponse{status=OK, term=1, succeeded=true, lastLogIndex=27} from 3
03:56:13.553 [raft-server-1] TRACE i.a.p.raft.roles.LeaderAppender - RaftServer{1} - Committed entries up to 27
03:56:13.636 [raft-server-2] TRACE i.a.p.raft.roles.FollowerRole - RaftServer{2}{role=FOLLOWER} - Committed entries up to index 26
03:56:13.636 [raft-server-2] TRACE i.a.p.raft.roles.FollowerRole - RaftServer{2}{role=FOLLOWER} - Sending AppendResponse{status=OK, term=1, succeeded=true, lastLogIndex=26}
03:56:13.636 [raft-server-2-state] TRACE i.a.p.raft.impl.RaftServiceManager - RaftServer{2} - Applying Indexed{index=26, entry=CommandEntry{term=1, timestamp=2018-06-10 03:56:13,330, session=2, sequence=22, operation=PrimitiveOperation{id=DefaultOperationId{id=write, type=COMMAND}, value=byte[]{length=17, hash=-1644578928}}}}
03:56:13.636 [raft-server-2-state] TRACE i.a.p.s.impl.DefaultServiceExecutor - PrimitiveService{2}{type=io.atomix.protocols.raft.RaftTest$TestPrimitiveType@51dfd39e, name=raft-test} - Executing DefaultCommit{index=26, session=RaftSession{RaftServiceContext{server=2, type=io.atomix.protocols.raft.RaftTest$TestPrimitiveType@51dfd39e, name=raft-test, id=2}, session=2, timestamp=2018-06-10 03:56:13,330}, time=2018-06-10 03:56:13,330, operation=DefaultOperationId{id=write, type=COMMAND}, value=byte[]{length=17, hash=-1644578928}}
03:56:13.693 [raft-server-1] TRACE i.a.p.raft.roles.LeaderAppender - RaftServer{1} - Received AppendResponse{status=OK, term=1, succeeded=true, lastLogIndex=26} from 2
03:56:13.693 [raft-server-1] TRACE i.a.p.raft.roles.LeaderAppender - RaftServer{1} - Sending AppendRequest{term=1, leader=1, prevLogIndex=26, prevLogTerm=1, entries=1, commitIndex=27} to 2
03:56:13.693 [raft-server-2] TRACE i.a.p.raft.roles.FollowerRole - RaftServer{2}{role=FOLLOWER} - Received AppendRequest{term=1, leader=1, prevLogIndex=26, prevLogTerm=1, entries=1, commitIndex=27}
03:56:13.693 [raft-server-1-state] TRACE i.a.p.raft.impl.RaftServiceManager - RaftServer{1} - Applying Indexed{index=27, entry=CommandEntry{term=1, timestamp=2018-06-10 03:56:13,487, session=2, sequence=23, operation=PrimitiveOperation{id=DefaultOperationId{id=write, type=COMMAND}, value=byte[]{length=17, hash=-1644578928}}}}
03:56:13.693 [raft-server-2] TRACE i.a.p.raft.roles.FollowerRole - RaftServer{2}{role=FOLLOWER} - Appended Indexed{index=27, entry=CommandEntry{term=1, timestamp=2018-06-10 03:56:13,487, session=2, sequence=23, operation=PrimitiveOperation{id=DefaultOperationId{id=write, type=COMMAND}, value=byte[]{length=17, hash=-1644578928}}}}
03:56:13.693 [raft-server-1-state] TRACE i.a.p.s.impl.DefaultServiceExecutor - PrimitiveService{2}{type=io.atomix.protocols.raft.RaftTest$TestPrimitiveType@2997f1, name=raft-test} - Executing DefaultCommit{index=27, session=RaftSession{RaftServiceContext{server=1, type=io.atomix.protocols.raft.RaftTest$TestPrimitiveType@2997f1, name=raft-test, id=2}, session=2, timestamp=2018-06-10 03:56:13,487}, time=2018-06-10 03:56:13,487, operation=DefaultOperationId{id=write, type=COMMAND}, value=byte[]{length=17, hash=-1644578928}}
03:56:13.693 [raft-server-1-state] TRACE i.a.protocols.raft.roles.LeaderRole - RaftServer{1}{role=LEADER} - Sending CommandResponse{status=OK, index=27, eventIndex=2, result=byte[]{length=2, hash=1294}}
03:56:13.693 [raft-client-fc80a008-639d-42fe-bb37-24bc71d605c3-2] TRACE i.a.p.r.s.impl.RaftSessionConnection - SessionClient{2}{type=io.atomix.protocols.raft.RaftTest$TestPrimitiveType@68b11545, name=raft-test} - Received CommandResponse{status=OK, index=27, eventIndex=2, result=byte[]{length=2, hash=1294}} from 1
03:56:13.693 [raft-client-fc80a008-639d-42fe-bb37-24bc71d605c3-2] TRACE i.a.p.r.s.impl.RaftSessionSequencer - SessionClient{2}{type=io.atomix.protocols.raft.RaftTest$TestPrimitiveType@68b11545, name=raft-test} - Completing response CommandResponse{status=OK, index=27, eventIndex=2, result=byte[]{length=2, hash=1294}}
03:56:13.694 [raft-client-fc80a008-639d-42fe-bb37-24bc71d605c3-3] TRACE i.a.p.r.s.impl.RaftSessionConnection - SessionClient{2}{type=io.atomix.protocols.raft.RaftTest$TestPrimitiveType@68b11545, name=raft-test} - Sending CommandRequest{session=2, sequence=24, operation=PrimitiveOperation{id=DefaultOperationId{id=write, type=COMMAND}, value=byte[]{length=17, hash=-1644578928}}} to 1
03:56:13.694 [raft-server-1] TRACE i.a.protocols.raft.roles.LeaderRole - RaftServer{1}{role=LEADER} - Received CommandRequest{session=2, sequence=24, operation=PrimitiveOperation{id=DefaultOperationId{id=write, type=COMMAND}, value=byte[]{length=17, hash=-1644578928}}}
03:56:13.694 [raft-server-1] TRACE i.a.protocols.raft.roles.LeaderRole - RaftServer{1}{role=LEADER} - Appended Indexed{index=28, entry=CommandEntry{term=1, timestamp=2018-06-10 03:56:13,694, session=2, sequence=24, operation=PrimitiveOperation{id=DefaultOperationId{id=write, type=COMMAND}, value=byte[]{length=17, hash=-1644578928}}}}
03:56:13.694 [raft-server-1] TRACE i.a.p.raft.roles.LeaderAppender - RaftServer{1} - Sending AppendRequest{term=1, leader=1, prevLogIndex=27, prevLogTerm=1, entries=1, commitIndex=27} to 3
03:56:13.694 [raft-server-3] TRACE i.a.p.raft.roles.FollowerRole - RaftServer{3}{role=FOLLOWER} - Received AppendRequest{term=1, leader=1, prevLogIndex=27, prevLogTerm=1, entries=1, commitIndex=27}
03:56:13.694 [raft-server-3] TRACE i.a.p.raft.roles.FollowerRole - RaftServer{3}{role=FOLLOWER} - Appended Indexed{index=28, entry=CommandEntry{term=1, timestamp=2018-06-10 03:56:13,694, session=2, sequence=24, operation=PrimitiveOperation{id=DefaultOperationId{id=write, type=COMMAND}, value=byte[]{length=17, hash=-1644578928}}}}
03:56:13.776 [raft-server-3] TRACE i.a.p.raft.roles.FollowerRole - RaftServer{3}{role=FOLLOWER} - Committed entries up to index 27
03:56:13.776 [raft-server-2] TRACE i.a.p.raft.roles.FollowerRole - RaftServer{2}{role=FOLLOWER} - Committed entries up to index 27
03:56:13.776 [raft-server-3] TRACE i.a.p.raft.roles.FollowerRole - RaftServer{3}{role=FOLLOWER} - Sending AppendResponse{status=OK, term=1, succeeded=true, lastLogIndex=28}
03:56:13.776 [raft-server-2] TRACE i.a.p.raft.roles.FollowerRole - RaftServer{2}{role=FOLLOWER} - Sending AppendResponse{status=OK, term=1, succeeded=true, lastLogIndex=27}
03:56:13.777 [raft-server-2-state] TRACE i.a.p.raft.impl.RaftServiceManager - RaftServer{2} - Applying Indexed{index=27, entry=CommandEntry{term=1, timestamp=2018-06-10 03:56:13,487, session=2, sequence=23, operation=PrimitiveOperation{id=DefaultOperationId{id=write, type=COMMAND}, value=byte[]{length=17, hash=-1644578928}}}}
03:56:13.777 [raft-server-3-state] TRACE i.a.p.raft.impl.RaftServiceManager - RaftServer{3} - Applying Indexed{index=27, entry=CommandEntry{term=1, timestamp=2018-06-10 03:56:13,487, session=2, sequence=23, operation=PrimitiveOperation{id=DefaultOperationId{id=write, type=COMMAND}, value=byte[]{length=17, hash=-1644578928}}}}
03:56:13.777 [raft-server-2-state] TRACE i.a.p.s.impl.DefaultServiceExecutor - PrimitiveService{2}{type=io.atomix.protocols.raft.RaftTest$TestPrimitiveType@51dfd39e, name=raft-test} - Executing DefaultCommit{index=27, session=RaftSession{RaftServiceContext{server=2, type=io.atomix.protocols.raft.RaftTest$TestPrimitiveType@51dfd39e, name=raft-test, id=2}, session=2, timestamp=2018-06-10 03:56:13,487}, time=2018-06-10 03:56:13,487, operation=DefaultOperationId{id=write, type=COMMAND}, value=byte[]{length=17, hash=-1644578928}}
03:56:13.777 [raft-server-3-state] TRACE i.a.p.s.impl.DefaultServiceExecutor - PrimitiveService{2}{type=io.atomix.protocols.raft.RaftTest$TestPrimitiveType@416fde07, name=raft-test} - Executing DefaultCommit{index=27, session=RaftSession{RaftServiceContext{server=3, type=io.atomix.protocols.raft.RaftTest$TestPrimitiveType@416fde07, name=raft-test, id=2}, session=2, timestamp=2018-06-10 03:56:13,487}, time=2018-06-10 03:56:13,487, operation=DefaultOperationId{id=write, type=COMMAND}, value=byte[]{length=17, hash=-1644578928}}
03:56:13.777 [raft-server-1] TRACE i.a.p.raft.roles.LeaderAppender - RaftServer{1} - Received AppendResponse{status=OK, term=1, succeeded=true, lastLogIndex=28} from 3
03:56:13.777 [raft-server-1] TRACE i.a.p.raft.roles.LeaderAppender - RaftServer{1} - Committed entries up to 28
03:56:13.961 [raft-server-1] TRACE i.a.p.raft.roles.LeaderAppender - RaftServer{1} - Sending AppendRequest{term=1, leader=1, prevLogIndex=28, prevLogTerm=1, entries=0, commitIndex=28} to 3
03:56:13.961 [raft-server-1] TRACE i.a.p.raft.roles.LeaderAppender - RaftServer{1} - Sending AppendRequest{term=1, leader=1, prevLogIndex=27, prevLogTerm=1, entries=1, commitIndex=28} to 2
03:56:13.961 [raft-server-1] TRACE i.a.p.raft.roles.LeaderAppender - RaftServer{1} - Received AppendResponse{status=OK, term=1, succeeded=true, lastLogIndex=27} from 2
03:56:13.961 [raft-server-3] TRACE i.a.p.raft.roles.FollowerRole - RaftServer{3}{role=FOLLOWER} - Received AppendRequest{term=1, leader=1, prevLogIndex=28, prevLogTerm=1, entries=0, commitIndex=28}
03:56:13.961 [raft-server-1-state] TRACE i.a.p.raft.impl.RaftServiceManager - RaftServer{1} - Applying Indexed{index=28, entry=CommandEntry{term=1, timestamp=2018-06-10 03:56:13,694, session=2, sequence=24, operation=PrimitiveOperation{id=DefaultOperationId{id=write, type=COMMAND}, value=byte[]{length=17, hash=-1644578928}}}}
03:56:13.962 [raft-server-1-state] TRACE i.a.p.s.impl.DefaultServiceExecutor - PrimitiveService{2}{type=io.atomix.protocols.raft.RaftTest$TestPrimitiveType@2997f1, name=raft-test} - Executing DefaultCommit{index=28, session=RaftSession{RaftServiceContext{server=1, type=io.atomix.protocols.raft.RaftTest$TestPrimitiveType@2997f1, name=raft-test, id=2}, session=2, timestamp=2018-06-10 03:56:13,694}, time=2018-06-10 03:56:13,694, operation=DefaultOperationId{id=write, type=COMMAND}, value=byte[]{length=17, hash=-1644578928}}
03:56:13.962 [raft-server-2] TRACE i.a.p.raft.roles.FollowerRole - RaftServer{2}{role=FOLLOWER} - Received AppendRequest{term=1, leader=1, prevLogIndex=27, prevLogTerm=1, entries=1, commitIndex=28}
03:56:13.962 [raft-server-1-state] TRACE i.a.protocols.raft.roles.LeaderRole - RaftServer{1}{role=LEADER} - Sending CommandResponse{status=OK, index=28, eventIndex=2, result=byte[]{length=2, hash=1296}}
03:56:13.962 [raft-server-2] TRACE i.a.p.raft.roles.FollowerRole - RaftServer{2}{role=FOLLOWER} - Appended Indexed{index=28, entry=CommandEntry{term=1, timestamp=2018-06-10 03:56:13,694, session=2, sequence=24, operation=PrimitiveOperation{id=DefaultOperationId{id=write, type=COMMAND}, value=byte[]{length=17, hash=-1644578928}}}}
03:56:13.962 [raft-client-fc80a008-639d-42fe-bb37-24bc71d605c3-4] TRACE i.a.p.r.s.impl.RaftSessionConnection - SessionClient{2}{type=io.atomix.protocols.raft.RaftTest$TestPrimitiveType@68b11545, name=raft-test} - Received CommandResponse{status=OK, index=28, eventIndex=2, result=byte[]{length=2, hash=1296}} from 1
03:56:13.962 [raft-client-fc80a008-639d-42fe-bb37-24bc71d605c3-4] TRACE i.a.p.r.s.impl.RaftSessionSequencer - SessionClient{2}{type=io.atomix.protocols.raft.RaftTest$TestPrimitiveType@68b11545, name=raft-test} - Completing response CommandResponse{status=OK, index=28, eventIndex=2, result=byte[]{length=2, hash=1296}}
03:56:13.962 [raft-client-fc80a008-639d-42fe-bb37-24bc71d605c3-4] TRACE i.a.p.r.s.impl.RaftSessionConnection - SessionClient{2}{type=io.atomix.protocols.raft.RaftTest$TestPrimitiveType@68b11545, name=raft-test} - Sending CommandRequest{session=2, sequence=25, operation=PrimitiveOperation{id=DefaultOperationId{id=write, type=COMMAND}, value=byte[]{length=17, hash=-1644578928}}} to 1
03:56:13.962 [raft-server-1] TRACE i.a.protocols.raft.roles.LeaderRole - RaftServer{1}{role=LEADER} - Received CommandRequest{session=2, sequence=25, operation=PrimitiveOperation{id=DefaultOperationId{id=write, type=COMMAND}, value=byte[]{length=17, hash=-1644578928}}}
03:56:13.962 [raft-server-1] TRACE i.a.protocols.raft.roles.LeaderRole - RaftServer{1}{role=LEADER} - Appended Indexed{index=29, entry=CommandEntry{term=1, timestamp=2018-06-10 03:56:13,962, session=2, sequence=25, operation=PrimitiveOperation{id=DefaultOperationId{id=write, type=COMMAND}, value=byte[]{length=17, hash=-1644578928}}}}
03:56:14.069 [raft-server-3] TRACE i.a.p.raft.roles.FollowerRole - RaftServer{3}{role=FOLLOWER} - Committed entries up to index 28
03:56:14.069 [raft-server-3] TRACE i.a.p.raft.roles.FollowerRole - RaftServer{3}{role=FOLLOWER} - Sending AppendResponse{status=OK, term=1, succeeded=true, lastLogIndex=28}
03:56:14.069 [raft-server-1] TRACE i.a.p.raft.roles.LeaderAppender - RaftServer{1} - Received AppendResponse{status=OK, term=1, succeeded=true, lastLogIndex=28} from 3
03:56:14.070 [raft-server-1] TRACE i.a.p.raft.roles.LeaderAppender - RaftServer{1} - Sending AppendRequest{term=1, leader=1, prevLogIndex=28, prevLogTerm=1, entries=1, commitIndex=28} to 3
03:56:14.070 [raft-server-3-state] TRACE i.a.p.raft.impl.RaftServiceManager - RaftServer{3} - Applying Indexed{index=28, entry=CommandEntry{term=1, timestamp=2018-06-10 03:56:13,694, session=2, sequence=24, operation=PrimitiveOperation{id=DefaultOperationId{id=write, type=COMMAND}, value=byte[]{length=17, hash=-1644578928}}}}
03:56:14.070 [raft-server-1] TRACE i.a.p.raft.roles.LeaderAppender - RaftServer{1} - Sending AppendRequest{term=1, leader=1, prevLogIndex=28, prevLogTerm=1, entries=1, commitIndex=28} to 2
03:56:14.070 [raft-server-3] TRACE i.a.p.raft.roles.FollowerRole - RaftServer{3}{role=FOLLOWER} - Received AppendRequest{term=1, leader=1, prevLogIndex=28, prevLogTerm=1, entries=1, commitIndex=28}
03:56:14.070 [raft-server-3-state] TRACE i.a.p.s.impl.DefaultServiceExecutor - PrimitiveService{2}{type=io.atomix.protocols.raft.RaftTest$TestPrimitiveType@416fde07, name=raft-test} - Executing DefaultCommit{index=28, session=RaftSession{RaftServiceContext{server=3, type=io.atomix.protocols.raft.RaftTest$TestPrimitiveType@416fde07, name=raft-test, id=2}, session=2, timestamp=2018-06-10 03:56:13,694}, time=2018-06-10 03:56:13,694, operation=DefaultOperationId{id=write, type=COMMAND}, value=byte[]{length=17, hash=-1644578928}}
03:56:14.070 [raft-server-3] TRACE i.a.p.raft.roles.FollowerRole - RaftServer{3}{role=FOLLOWER} - Appended Indexed{index=29, entry=CommandEntry{term=1, timestamp=2018-06-10 03:56:13,962, session=2, sequence=25, operation=PrimitiveOperation{id=DefaultOperationId{id=write, type=COMMAND}, value=byte[]{length=17, hash=-1644578928}}}}
03:56:14.070 [raft-server-3] TRACE i.a.p.raft.roles.FollowerRole - RaftServer{3}{role=FOLLOWER} - Sending AppendResponse{status=OK, term=1, succeeded=true, lastLogIndex=29}
03:56:14.070 [raft-server-1] TRACE i.a.p.raft.roles.LeaderAppender - RaftServer{1} - Received AppendResponse{status=OK, term=1, succeeded=true, lastLogIndex=29} from 3
03:56:14.070 [raft-server-1] TRACE i.a.p.raft.roles.LeaderAppender - RaftServer{1} - Committed entries up to 29
03:56:14.161 [raft-server-2] TRACE i.a.p.raft.roles.FollowerRole - RaftServer{2}{role=FOLLOWER} - Committed entries up to index 28
03:56:14.161 [raft-server-2] TRACE i.a.p.raft.roles.FollowerRole - RaftServer{2}{role=FOLLOWER} - Sending AppendResponse{status=OK, term=1, succeeded=true, lastLogIndex=28}
03:56:14.161 [raft-server-2] TRACE i.a.p.raft.roles.FollowerRole - RaftServer{2}{role=FOLLOWER} - Received AppendRequest{term=1, leader=1, prevLogIndex=28, prevLogTerm=1, entries=1, commitIndex=28}
03:56:14.161 [raft-server-2] TRACE i.a.p.raft.roles.FollowerRole - RaftServer{2}{role=FOLLOWER} - Appended Indexed{index=29, entry=CommandEntry{term=1, timestamp=2018-06-10 03:56:13,962, session=2, sequence=25, operation=PrimitiveOperation{id=DefaultOperationId{id=write, type=COMMAND}, value=byte[]{length=17, hash=-1644578928}}}}
03:56:14.161 [raft-server-2] TRACE i.a.p.raft.roles.FollowerRole - RaftServer{2}{role=FOLLOWER} - Sending AppendResponse{status=OK, term=1, succeeded=true, lastLogIndex=29}
03:56:14.161 [raft-server-2-state] TRACE i.a.p.raft.impl.RaftServiceManager - RaftServer{2} - Applying Indexed{index=28, entry=CommandEntry{term=1, timestamp=2018-06-10 03:56:13,694, session=2, sequence=24, operation=PrimitiveOperation{id=DefaultOperationId{id=write, type=COMMAND}, value=byte[]{length=17, hash=-1644578928}}}}
03:56:14.162 [raft-server-2-state] TRACE i.a.p.s.impl.DefaultServiceExecutor - PrimitiveService{2}{type=io.atomix.protocols.raft.RaftTest$TestPrimitiveType@51dfd39e, name=raft-test} - Executing DefaultCommit{index=28, session=RaftSession{RaftServiceContext{server=2, type=io.atomix.protocols.raft.RaftTest$TestPrimitiveType@51dfd39e, name=raft-test, id=2}, session=2, timestamp=2018-06-10 03:56:13,694}, time=2018-06-10 03:56:13,694, operation=DefaultOperationId{id=write, type=COMMAND}, value=byte[]{length=17, hash=-1644578928}}
03:56:14.229 [raft-client-fc80a008-639d-42fe-bb37-24bc71d605c3-2] TRACE i.a.p.r.s.impl.RaftSessionManager - RaftClient{fc80a008-639d-42fe-bb37-24bc71d605c3} - Keeping 1 sessions alive
03:56:14.229 [raft-client-fc80a008-639d-42fe-bb37-24bc71d605c3-2] TRACE i.a.p.r.s.impl.RaftSessionConnection - RaftClient{fc80a008-639d-42fe-bb37-24bc71d605c3} - Sending KeepAliveRequest{sessionIds=long[]{length=1, hash=33}, commandSequences=long[]{length=1, hash=55}, eventIndexes=long[]{length=1, hash=33}} to 1
03:56:14.240 [raft-server-1] TRACE i.a.p.raft.roles.LeaderAppender - RaftServer{1} - Received AppendResponse{status=OK, term=1, succeeded=true, lastLogIndex=28} from 2
03:56:14.240 [raft-server-1] TRACE i.a.p.raft.roles.LeaderAppender - RaftServer{1} - Received AppendResponse{status=OK, term=1, succeeded=true, lastLogIndex=29} from 2
03:56:14.240 [raft-server-1] TRACE i.a.p.raft.roles.LeaderAppender - RaftServer{1} - Sending AppendRequest{term=1, leader=1, prevLogIndex=29, prevLogTerm=1, entries=0, commitIndex=29} to 3
03:56:14.240 [raft-server-1] TRACE i.a.p.raft.roles.LeaderAppender - RaftServer{1} - Sending AppendRequest{term=1, leader=1, prevLogIndex=29, prevLogTerm=1, entries=0, commitIndex=29} to 2
03:56:14.240 [raft-server-3] TRACE i.a.p.raft.roles.FollowerRole - RaftServer{3}{role=FOLLOWER} - Received AppendRequest{term=1, leader=1, prevLogIndex=29, prevLogTerm=1, entries=0, commitIndex=29}
03:56:14.240 [raft-server-1] TRACE i.a.protocols.raft.roles.LeaderRole - RaftServer{1}{role=LEADER} - Received KeepAliveRequest{sessionIds=long[]{length=1, hash=33}, commandSequences=long[]{length=1, hash=55}, eventIndexes=long[]{length=1, hash=33}}
03:56:14.240 [raft-server-2] TRACE i.a.p.raft.roles.FollowerRole - RaftServer{2}{role=FOLLOWER} - Received AppendRequest{term=1, leader=1, prevLogIndex=29, prevLogTerm=1, entries=0, commitIndex=29}
03:56:14.240 [raft-server-1] TRACE i.a.protocols.raft.roles.LeaderRole - RaftServer{1}{role=LEADER} - Appended Indexed{index=30, entry=KeepAliveEntry{term=1, timestamp=2018-06-10 03:56:14,240, sessionIds=long[]{length=1, hash=33}, commandSequences=long[]{length=1, hash=55}, eventIndexes=long[]{length=1, hash=33}}}
03:56:14.241 [raft-server-1-state] TRACE i.a.p.raft.impl.RaftServiceManager - RaftServer{1} - Applying Indexed{index=29, entry=CommandEntry{term=1, timestamp=2018-06-10 03:56:13,962, session=2, sequence=25, operation=PrimitiveOperation{id=DefaultOperationId{id=write, type=COMMAND}, value=byte[]{length=17, hash=-1644578928}}}}
03:56:14.241 [raft-server-1-state] TRACE i.a.p.s.impl.DefaultServiceExecutor - PrimitiveService{2}{type=io.atomix.protocols.raft.RaftTest$TestPrimitiveType@2997f1, name=raft-test} - Executing DefaultCommit{index=29, session=RaftSession{RaftServiceContext{server=1, type=io.atomix.protocols.raft.RaftTest$TestPrimitiveType@2997f1, name=raft-test, id=2}, session=2, timestamp=2018-06-10 03:56:13,962}, time=2018-06-10 03:56:13,962, operation=DefaultOperationId{id=write, type=COMMAND}, value=byte[]{length=17, hash=-1644578928}}
03:56:14.241 [raft-server-1] TRACE i.a.protocols.raft.roles.LeaderRole - RaftServer{1}{role=LEADER} - Sending CommandResponse{status=OK, index=29, eventIndex=2, result=byte[]{length=2, hash=1298}}
03:56:14.241 [raft-client-fc80a008-639d-42fe-bb37-24bc71d605c3-0] TRACE i.a.p.r.s.impl.RaftSessionConnection - SessionClient{2}{type=io.atomix.protocols.raft.RaftTest$TestPrimitiveType@68b11545, name=raft-test} - Received CommandResponse{status=OK, index=29, eventIndex=2, result=byte[]{length=2, hash=1298}} from 1
03:56:14.241 [raft-client-fc80a008-639d-42fe-bb37-24bc71d605c3-0] TRACE i.a.p.r.s.impl.RaftSessionSequencer - SessionClient{2}{type=io.atomix.protocols.raft.RaftTest$TestPrimitiveType@68b11545, name=raft-test} - Completing response CommandResponse{status=OK, index=29, eventIndex=2, result=byte[]{length=2, hash=1298}}
03:56:14.241 [raft-client-fc80a008-639d-42fe-bb37-24bc71d605c3-7] TRACE i.a.p.r.s.impl.RaftSessionConnection - SessionClient{2}{type=io.atomix.protocols.raft.RaftTest$TestPrimitiveType@68b11545, name=raft-test} - Sending CommandRequest{session=2, sequence=26, operation=PrimitiveOperation{id=DefaultOperationId{id=write, type=COMMAND}, value=byte[]{length=17, hash=-1644578928}}} to 1
03:56:14.241 [raft-server-1] TRACE i.a.protocols.raft.roles.LeaderRole - RaftServer{1}{role=LEADER} - Received CommandRequest{session=2, sequence=26, operation=PrimitiveOperation{id=DefaultOperationId{id=write, type=COMMAND}, value=byte[]{length=17, hash=-1644578928}}}
03:56:14.286 [raft-server-3] TRACE i.a.p.raft.roles.FollowerRole - RaftServer{3}{role=FOLLOWER} - Committed entries up to index 29
03:56:14.286 [raft-server-2] TRACE i.a.p.raft.roles.FollowerRole - RaftServer{2}{role=FOLLOWER} - Committed entries up to index 29
03:56:14.286 [raft-server-3] TRACE i.a.p.raft.roles.FollowerRole - RaftServer{3}{role=FOLLOWER} - Sending AppendResponse{status=OK, term=1, succeeded=true, lastLogIndex=29}
03:56:14.286 [raft-server-2] TRACE i.a.p.raft.roles.FollowerRole - RaftServer{2}{role=FOLLOWER} - Sending AppendResponse{status=OK, term=1, succeeded=true, lastLogIndex=29}
03:56:14.286 [raft-server-2-state] TRACE i.a.p.raft.impl.RaftServiceManager - RaftServer{2} - Applying Indexed{index=29, entry=CommandEntry{term=1, timestamp=2018-06-10 03:56:13,962, session=2, sequence=25, operation=PrimitiveOperation{id=DefaultOperationId{id=write, type=COMMAND}, value=byte[]{length=17, hash=-1644578928}}}}
03:56:14.286 [raft-server-3-state] TRACE i.a.p.raft.impl.RaftServiceManager - RaftServer{3} - Applying Indexed{index=29, entry=CommandEntry{term=1, timestamp=2018-06-10 03:56:13,962, session=2, sequence=25, operation=PrimitiveOperation{id=DefaultOperationId{id=write, type=COMMAND}, value=byte[]{length=17, hash=-1644578928}}}}
03:56:14.287 [raft-server-2-state] TRACE i.a.p.s.impl.DefaultServiceExecutor - PrimitiveService{2}{type=io.atomix.protocols.raft.RaftTest$TestPrimitiveType@51dfd39e, name=raft-test} - Executing DefaultCommit{index=29, session=RaftSession{RaftServiceContext{server=2, type=io.atomix.protocols.raft.RaftTest$TestPrimitiveType@51dfd39e, name=raft-test, id=2}, session=2, timestamp=2018-06-10 03:56:13,962}, time=2018-06-10 03:56:13,962, operation=DefaultOperationId{id=write, type=COMMAND}, value=byte[]{length=17, hash=-1644578928}}
03:56:14.287 [raft-server-3-state] TRACE i.a.p.s.impl.DefaultServiceExecutor - PrimitiveService{2}{type=io.atomix.protocols.raft.RaftTest$TestPrimitiveType@416fde07, name=raft-test} - Executing DefaultCommit{index=29, session=RaftSession{RaftServiceContext{server=3, type=io.atomix.protocols.raft.RaftTest$TestPrimitiveType@416fde07, name=raft-test, id=2}, session=2, timestamp=2018-06-10 03:56:13,962}, time=2018-06-10 03:56:13,962, operation=DefaultOperationId{id=write, type=COMMAND}, value=byte[]{length=17, hash=-1644578928}}
03:56:14.426 [raft-server-1] DEBUG i.a.storage.journal.SegmentedJournal - Created disk segment: JournalSegment{id=4, version=1, index=31, size=64}
03:56:14.426 [raft-server-1] TRACE i.a.protocols.raft.roles.LeaderRole - RaftServer{1}{role=LEADER} - Appended Indexed{index=31, entry=CommandEntry{term=1, timestamp=2018-06-10 03:56:14,241, session=2, sequence=26, operation=PrimitiveOperation{id=DefaultOperationId{id=write, type=COMMAND}, value=byte[]{length=17, hash=-1644578928}}}}
03:56:14.426 [raft-server-1] TRACE i.a.p.raft.roles.LeaderAppender - RaftServer{1} - Received AppendResponse{status=OK, term=1, succeeded=true, lastLogIndex=29} from 3
03:56:14.429 [raft-server-1] TRACE i.a.p.raft.roles.LeaderAppender - RaftServer{1} - Sending AppendRequest{term=1, leader=1, prevLogIndex=29, prevLogTerm=1, entries=2, commitIndex=29} to 3
03:56:14.430 [raft-server-1] TRACE i.a.p.raft.roles.LeaderAppender - RaftServer{1} - Sending AppendRequest{term=1, leader=1, prevLogIndex=29, prevLogTerm=1, entries=2, commitIndex=29} to 2
03:56:14.430 [raft-server-1] TRACE i.a.p.raft.roles.LeaderAppender - RaftServer{1} - Received AppendResponse{status=OK, term=1, succeeded=true, lastLogIndex=29} from 2
03:56:14.430 [raft-server-2] TRACE i.a.p.raft.roles.FollowerRole - RaftServer{2}{role=FOLLOWER} - Received AppendRequest{term=1, leader=1, prevLogIndex=29, prevLogTerm=1, entries=2, commitIndex=29}
03:56:14.430 [raft-server-3] TRACE i.a.p.raft.roles.FollowerRole - RaftServer{3}{role=FOLLOWER} - Received AppendRequest{term=1, leader=1, prevLogIndex=29, prevLogTerm=1, entries=2, commitIndex=29}
03:56:14.430 [raft-server-2] TRACE i.a.p.raft.roles.FollowerRole - RaftServer{2}{role=FOLLOWER} - Appended Indexed{index=30, entry=KeepAliveEntry{term=1, timestamp=2018-06-10 03:56:14,240, sessionIds=long[]{length=1, hash=33}, commandSequences=long[]{length=1, hash=55}, eventIndexes=long[]{length=1, hash=33}}}
03:56:14.430 [raft-server-3] TRACE i.a.p.raft.roles.FollowerRole - RaftServer{3}{role=FOLLOWER} - Appended Indexed{index=30, entry=KeepAliveEntry{term=1, timestamp=2018-06-10 03:56:14,240, sessionIds=long[]{length=1, hash=33}, commandSequences=long[]{length=1, hash=55}, eventIndexes=long[]{length=1, hash=33}}}
03:56:15.111 [raft-server-2] DEBUG i.a.storage.journal.SegmentedJournal - Created disk segment: JournalSegment{id=4, version=1, index=31, size=64}
03:56:15.111 [raft-server-3] DEBUG i.a.storage.journal.SegmentedJournal - Created disk segment: JournalSegment{id=4, version=1, index=31, size=64}
03:56:15.111 [raft-server-3] TRACE i.a.p.raft.roles.FollowerRole - RaftServer{3}{role=FOLLOWER} - Appended Indexed{index=31, entry=CommandEntry{term=1, timestamp=2018-06-10 03:56:14,241, session=2, sequence=26, operation=PrimitiveOperation{id=DefaultOperationId{id=write, type=COMMAND}, value=byte[]{length=17, hash=-1644578928}}}}
03:56:15.111 [raft-server-2] TRACE i.a.p.raft.roles.FollowerRole - RaftServer{2}{role=FOLLOWER} - Appended Indexed{index=31, entry=CommandEntry{term=1, timestamp=2018-06-10 03:56:14,241, session=2, sequence=26, operation=PrimitiveOperation{id=DefaultOperationId{id=write, type=COMMAND}, value=byte[]{length=17, hash=-1644578928}}}}
03:56:15.111 [raft-server-3] TRACE i.a.p.raft.roles.FollowerRole - RaftServer{3}{role=FOLLOWER} - Sending AppendResponse{status=OK, term=1, succeeded=true, lastLogIndex=31}
03:56:15.111 [raft-server-2] TRACE i.a.p.raft.roles.FollowerRole - RaftServer{2}{role=FOLLOWER} - Sending AppendResponse{status=OK, term=1, succeeded=true, lastLogIndex=31}
03:56:15.112 [raft-server-1] TRACE i.a.p.raft.roles.LeaderAppender - RaftServer{1} - Received AppendResponse{status=OK, term=1, succeeded=true, lastLogIndex=31} from 3
03:56:15.112 [raft-server-1] TRACE i.a.p.raft.roles.LeaderAppender - RaftServer{1} - Committed entries up to 31
03:56:15.144 [raft-server-1] TRACE i.a.p.raft.roles.LeaderAppender - RaftServer{1} - Sending AppendRequest{term=1, leader=1, prevLogIndex=31, prevLogTerm=1, entries=0, commitIndex=31} to 3
03:56:15.144 [raft-server-1] TRACE i.a.p.raft.roles.LeaderAppender - RaftServer{1} - Received AppendResponse{status=OK, term=1, succeeded=true, lastLogIndex=31} from 2
03:56:15.145 [raft-server-1] TRACE i.a.p.raft.roles.LeaderAppender - RaftServer{1} - Sending AppendRequest{term=1, leader=1, prevLogIndex=31, prevLogTerm=1, entries=0, commitIndex=31} to 2
03:56:15.145 [raft-server-2] TRACE i.a.p.raft.roles.FollowerRole - RaftServer{2}{role=FOLLOWER} - Received AppendRequest{term=1, leader=1, prevLogIndex=31, prevLogTerm=1, entries=0, commitIndex=31}
03:56:15.145 [raft-server-3] TRACE i.a.p.raft.roles.FollowerRole - RaftServer{3}{role=FOLLOWER} - Received AppendRequest{term=1, leader=1, prevLogIndex=31, prevLogTerm=1, entries=0, commitIndex=31}
03:56:15.145 [raft-server-1-state] TRACE i.a.p.raft.impl.RaftServiceManager - RaftServer{1} - Applying Indexed{index=30, entry=KeepAliveEntry{term=1, timestamp=2018-06-10 03:56:14,240, sessionIds=long[]{length=1, hash=33}, commandSequences=long[]{length=1, hash=55}, eventIndexes=long[]{length=1, hash=33}}}
03:56:15.145 [raft-server-1-state] TRACE i.a.p.raft.impl.RaftServiceManager - RaftServer{1} - Applying Indexed{index=31, entry=CommandEntry{term=1, timestamp=2018-06-10 03:56:14,241, session=2, sequence=26, operation=PrimitiveOperation{id=DefaultOperationId{id=write, type=COMMAND}, value=byte[]{length=17, hash=-1644578928}}}}
03:56:15.145 [raft-server-1-state] TRACE i.a.p.s.impl.DefaultServiceExecutor - PrimitiveService{2}{type=io.atomix.protocols.raft.RaftTest$TestPrimitiveType@2997f1, name=raft-test} - Executing DefaultCommit{index=31, session=RaftSession{RaftServiceContext{server=1, type=io.atomix.protocols.raft.RaftTest$TestPrimitiveType@2997f1, name=raft-test, id=2}, session=2, timestamp=2018-06-10 03:56:14,241}, time=2018-06-10 03:56:14,241, operation=DefaultOperationId{id=write, type=COMMAND}, value=byte[]{length=17, hash=-1644578928}}
03:56:15.146 [raft-server-1] TRACE i.a.protocols.raft.roles.LeaderRole - RaftServer{1}{role=LEADER} - Sending CommandResponse{status=OK, index=31, eventIndex=2, result=byte[]{length=2, hash=1302}}
03:56:15.146 [raft-client-fc80a008-639d-42fe-bb37-24bc71d605c3-1] TRACE i.a.p.r.s.impl.RaftSessionConnection - SessionClient{2}{type=io.atomix.protocols.raft.RaftTest$TestPrimitiveType@68b11545, name=raft-test} - Received CommandResponse{status=OK, index=31, eventIndex=2, result=byte[]{length=2, hash=1302}} from 1
03:56:15.146 [raft-server-1] TRACE i.a.protocols.raft.roles.LeaderRole - RaftServer{1}{role=LEADER} - Sending KeepAliveResponse{status=OK, leader=1, members=[3, 2, 1], sessionIds=long[]{length=1, hash=33}}
03:56:15.146 [raft-client-fc80a008-639d-42fe-bb37-24bc71d605c3-1] TRACE i.a.p.r.s.impl.RaftSessionSequencer - SessionClient{2}{type=io.atomix.protocols.raft.RaftTest$TestPrimitiveType@68b11545, name=raft-test} - Completing response CommandResponse{status=OK, index=31, eventIndex=2, result=byte[]{length=2, hash=1302}}
03:56:15.146 [raft-client-fc80a008-639d-42fe-bb37-24bc71d605c3-4] TRACE i.a.p.r.s.impl.RaftSessionConnection - RaftClient{fc80a008-639d-42fe-bb37-24bc71d605c3} - Received KeepAliveResponse{status=OK, leader=1, members=[3, 2, 1], sessionIds=long[]{length=1, hash=33}} from 1
03:56:15.146 [raft-client-fc80a008-639d-42fe-bb37-24bc71d605c3-4] TRACE i.a.p.r.s.impl.RaftSessionConnection - SessionClient{2}{type=io.atomix.protocols.raft.RaftTest$TestPrimitiveType@68b11545, name=raft-test} - Sending CommandRequest{session=2, sequence=27, operation=PrimitiveOperation{id=DefaultOperationId{id=write, type=COMMAND}, value=byte[]{length=17, hash=-1644578928}}} to 1
03:56:15.146 [raft-server-1] TRACE i.a.protocols.raft.roles.LeaderRole - RaftServer{1}{role=LEADER} - Received CommandRequest{session=2, sequence=27, operation=PrimitiveOperation{id=DefaultOperationId{id=write, type=COMMAND}, value=byte[]{length=17, hash=-1644578928}}}
03:56:15.146 [raft-server-1] TRACE i.a.protocols.raft.roles.LeaderRole - RaftServer{1}{role=LEADER} - Appended Indexed{index=32, entry=CommandEntry{term=1, timestamp=2018-06-10 03:56:15,146, session=2, sequence=27, operation=PrimitiveOperation{id=DefaultOperationId{id=write, type=COMMAND}, value=byte[]{length=17, hash=-1644578928}}}}
03:56:15.178 [raft-server-2] TRACE i.a.p.raft.roles.FollowerRole - RaftServer{2}{role=FOLLOWER} - Committed entries up to index 31
03:56:15.178 [raft-server-3] TRACE i.a.p.raft.roles.FollowerRole - RaftServer{3}{role=FOLLOWER} - Committed entries up to index 31
03:56:15.178 [raft-server-2] TRACE i.a.p.raft.roles.FollowerRole - RaftServer{2}{role=FOLLOWER} - Sending AppendResponse{status=OK, term=1, succeeded=true, lastLogIndex=31}
03:56:15.178 [raft-server-3] TRACE i.a.p.raft.roles.FollowerRole - RaftServer{3}{role=FOLLOWER} - Sending AppendResponse{status=OK, term=1, succeeded=true, lastLogIndex=31}
03:56:15.178 [raft-server-1] TRACE i.a.p.raft.roles.LeaderAppender - RaftServer{1} - Received AppendResponse{status=OK, term=1, succeeded=true, lastLogIndex=31} from 2
03:56:15.178 [raft-server-3-state] TRACE i.a.p.raft.impl.RaftServiceManager - RaftServer{3} - Applying Indexed{index=30, entry=KeepAliveEntry{term=1, timestamp=2018-06-10 03:56:14,240, sessionIds=long[]{length=1, hash=33}, commandSequences=long[]{length=1, hash=55}, eventIndexes=long[]{length=1, hash=33}}}
03:56:15.178 [raft-server-2-state] TRACE i.a.p.raft.impl.RaftServiceManager - RaftServer{2} - Applying Indexed{index=30, entry=KeepAliveEntry{term=1, timestamp=2018-06-10 03:56:14,240, sessionIds=long[]{length=1, hash=33}, commandSequences=long[]{length=1, hash=55}, eventIndexes=long[]{length=1, hash=33}}}
03:56:15.178 [raft-server-1] TRACE i.a.p.raft.roles.LeaderAppender - RaftServer{1} - Sending AppendRequest{term=1, leader=1, prevLogIndex=31, prevLogTerm=1, entries=1, commitIndex=31} to 2
03:56:15.178 [raft-server-1] TRACE i.a.p.raft.roles.LeaderAppender - RaftServer{1} - Received AppendResponse{status=OK, term=1, succeeded=true, lastLogIndex=31} from 3
03:56:15.178 [raft-server-3-state] TRACE i.a.p.raft.impl.RaftServiceManager - RaftServer{3} - Applying Indexed{index=31, entry=CommandEntry{term=1, timestamp=2018-06-10 03:56:14,241, session=2, sequence=26, operation=PrimitiveOperation{id=DefaultOperationId{id=write, type=COMMAND}, value=byte[]{length=17, hash=-1644578928}}}}
03:56:15.178 [raft-server-1] TRACE i.a.p.raft.roles.LeaderAppender - RaftServer{1} - Sending AppendRequest{term=1, leader=1, prevLogIndex=31, prevLogTerm=1, entries=1, commitIndex=31} to 3
03:56:15.178 [raft-server-3-state] TRACE i.a.p.s.impl.DefaultServiceExecutor - PrimitiveService{2}{type=io.atomix.protocols.raft.RaftTest$TestPrimitiveType@416fde07, name=raft-test} - Executing DefaultCommit{index=31, session=RaftSession{RaftServiceContext{server=3, type=io.atomix.protocols.raft.RaftTest$TestPrimitiveType@416fde07, name=raft-test, id=2}, session=2, timestamp=2018-06-10 03:56:14,241}, time=2018-06-10 03:56:14,241, operation=DefaultOperationId{id=write, type=COMMAND}, value=byte[]{length=17, hash=-1644578928}}
03:56:15.178 [raft-server-3] TRACE i.a.p.raft.roles.FollowerRole - RaftServer{3}{role=FOLLOWER} - Received AppendRequest{term=1, leader=1, prevLogIndex=31, prevLogTerm=1, entries=1, commitIndex=31}
03:56:15.178 [raft-server-3] TRACE i.a.p.raft.roles.FollowerRole - RaftServer{3}{role=FOLLOWER} - Appended Indexed{index=32, entry=CommandEntry{term=1, timestamp=2018-06-10 03:56:15,146, session=2, sequence=27, operation=PrimitiveOperation{id=DefaultOperationId{id=write, type=COMMAND}, value=byte[]{length=17, hash=-1644578928}}}}
03:56:15.178 [raft-server-2] TRACE i.a.p.raft.roles.FollowerRole - RaftServer{2}{role=FOLLOWER} - Received AppendRequest{term=1, leader=1, prevLogIndex=31, prevLogTerm=1, entries=1, commitIndex=31}
03:56:15.179 [raft-server-3] TRACE i.a.p.raft.roles.FollowerRole - RaftServer{3}{role=FOLLOWER} - Sending AppendResponse{status=OK, term=1, succeeded=true, lastLogIndex=32}
03:56:15.178 [raft-server-2-state] TRACE i.a.p.raft.impl.RaftServiceManager - RaftServer{2} - Applying Indexed{index=31, entry=CommandEntry{term=1, timestamp=2018-06-10 03:56:14,241, session=2, sequence=26, operation=PrimitiveOperation{id=DefaultOperationId{id=write, type=COMMAND}, value=byte[]{length=17, hash=-1644578928}}}}
03:56:15.179 [raft-server-1] TRACE i.a.p.raft.roles.LeaderAppender - RaftServer{1} - Received AppendResponse{status=OK, term=1, succeeded=true, lastLogIndex=32} from 3
03:56:15.179 [raft-server-2] TRACE i.a.p.raft.roles.FollowerRole - RaftServer{2}{role=FOLLOWER} - Appended Indexed{index=32, entry=CommandEntry{term=1, timestamp=2018-06-10 03:56:15,146, session=2, sequence=27, operation=PrimitiveOperation{id=DefaultOperationId{id=write, type=COMMAND}, value=byte[]{length=17, hash=-1644578928}}}}
03:56:15.179 [raft-server-2-state] TRACE i.a.p.s.impl.DefaultServiceExecutor - PrimitiveService{2}{type=io.atomix.protocols.raft.RaftTest$TestPrimitiveType@51dfd39e, name=raft-test} - Executing DefaultCommit{index=31, session=RaftSession{RaftServiceContext{server=2, type=io.atomix.protocols.raft.RaftTest$TestPrimitiveType@51dfd39e, name=raft-test, id=2}, session=2, timestamp=2018-06-10 03:56:14,241}, time=2018-06-10 03:56:14,241, operation=DefaultOperationId{id=write, type=COMMAND}, value=byte[]{length=17, hash=-1644578928}}
03:56:15.179 [raft-server-1] TRACE i.a.p.raft.roles.LeaderAppender - RaftServer{1} - Committed entries up to 32
03:56:15.179 [raft-server-2] TRACE i.a.p.raft.roles.FollowerRole - RaftServer{2}{role=FOLLOWER} - Sending AppendResponse{status=OK, term=1, succeeded=true, lastLogIndex=32}
03:56:15.230 [raft-server-1] TRACE i.a.p.raft.roles.LeaderAppender - RaftServer{1} - Received AppendResponse{status=OK, term=1, succeeded=true, lastLogIndex=32} from 2
03:56:15.230 [raft-server-1] TRACE i.a.p.raft.roles.LeaderAppender - RaftServer{1} - Sending AppendRequest{term=1, leader=1, prevLogIndex=32, prevLogTerm=1, entries=0, commitIndex=32} to 3
03:56:15.230 [raft-server-3] TRACE i.a.p.raft.roles.FollowerRole - RaftServer{3}{role=FOLLOWER} - Received AppendRequest{term=1, leader=1, prevLogIndex=32, prevLogTerm=1, entries=0, commitIndex=32}
03:56:15.230 [raft-server-1] TRACE i.a.p.raft.roles.LeaderAppender - RaftServer{1} - Sending AppendRequest{term=1, leader=1, prevLogIndex=32, prevLogTerm=1, entries=0, commitIndex=32} to 2
03:56:15.230 [raft-server-2] TRACE i.a.p.raft.roles.FollowerRole - RaftServer{2}{role=FOLLOWER} - Received AppendRequest{term=1, leader=1, prevLogIndex=32, prevLogTerm=1, entries=0, commitIndex=32}
03:56:15.230 [raft-server-1-state] TRACE i.a.p.raft.impl.RaftServiceManager - RaftServer{1} - Applying Indexed{index=32, entry=CommandEntry{term=1, timestamp=2018-06-10 03:56:15,146, session=2, sequence=27, operation=PrimitiveOperation{id=DefaultOperationId{id=write, type=COMMAND}, value=byte[]{length=17, hash=-1644578928}}}}
03:56:15.230 [raft-server-1-state] TRACE i.a.p.s.impl.DefaultServiceExecutor - PrimitiveService{2}{type=io.atomix.protocols.raft.RaftTest$TestPrimitiveType@2997f1, name=raft-test} - Executing DefaultCommit{index=32, session=RaftSession{RaftServiceContext{server=1, type=io.atomix.protocols.raft.RaftTest$TestPrimitiveType@2997f1, name=raft-test, id=2}, session=2, timestamp=2018-06-10 03:56:15,146}, time=2018-06-10 03:56:15,146, operation=DefaultOperationId{id=write, type=COMMAND}, value=byte[]{length=17, hash=-1644578928}}
03:56:15.231 [raft-server-1-state] TRACE i.a.protocols.raft.roles.LeaderRole - RaftServer{1}{role=LEADER} - Sending CommandResponse{status=OK, index=32, eventIndex=2, result=byte[]{length=2, hash=1304}}
03:56:15.232 [raft-client-fc80a008-639d-42fe-bb37-24bc71d605c3-6] TRACE i.a.p.r.s.impl.RaftSessionConnection - SessionClient{2}{type=io.atomix.protocols.raft.RaftTest$TestPrimitiveType@68b11545, name=raft-test} - Received CommandResponse{status=OK, index=32, eventIndex=2, result=byte[]{length=2, hash=1304}} from 1
03:56:15.232 [raft-client-fc80a008-639d-42fe-bb37-24bc71d605c3-6] TRACE i.a.p.r.s.impl.RaftSessionSequencer - SessionClient{2}{type=io.atomix.protocols.raft.RaftTest$TestPrimitiveType@68b11545, name=raft-test} - Completing response CommandResponse{status=OK, index=32, eventIndex=2, result=byte[]{length=2, hash=1304}}
03:56:15.232 [raft-client-fc80a008-639d-42fe-bb37-24bc71d605c3-6] TRACE i.a.p.r.s.impl.RaftSessionConnection - SessionClient{2}{type=io.atomix.protocols.raft.RaftTest$TestPrimitiveType@68b11545, name=raft-test} - Sending CommandRequest{session=2, sequence=28, operation=PrimitiveOperation{id=DefaultOperationId{id=write, type=COMMAND}, value=byte[]{length=17, hash=-1644578928}}} to 1
03:56:15.233 [raft-server-1] TRACE i.a.protocols.raft.roles.LeaderRole - RaftServer{1}{role=LEADER} - Received CommandRequest{session=2, sequence=28, operation=PrimitiveOperation{id=DefaultOperationId{id=write, type=COMMAND}, value=byte[]{length=17, hash=-1644578928}}}
03:56:15.234 [raft-server-1] TRACE i.a.protocols.raft.roles.LeaderRole - RaftServer{1}{role=LEADER} - Appended Indexed{index=33, entry=CommandEntry{term=1, timestamp=2018-06-10 03:56:15,233, session=2, sequence=28, operation=PrimitiveOperation{id=DefaultOperationId{id=write, type=COMMAND}, value=byte[]{length=17, hash=-1644578928}}}}
03:56:15.303 [raft-server-2] TRACE i.a.p.raft.roles.FollowerRole - RaftServer{2}{role=FOLLOWER} - Committed entries up to index 32
03:56:15.303 [raft-server-3] TRACE i.a.p.raft.roles.FollowerRole - RaftServer{3}{role=FOLLOWER} - Committed entries up to index 32
03:56:15.303 [raft-server-2] TRACE i.a.p.raft.roles.FollowerRole - RaftServer{2}{role=FOLLOWER} - Sending AppendResponse{status=OK, term=1, succeeded=true, lastLogIndex=32}
03:56:15.303 [raft-server-3] TRACE i.a.p.raft.roles.FollowerRole - RaftServer{3}{role=FOLLOWER} - Sending AppendResponse{status=OK, term=1, succeeded=true, lastLogIndex=32}
03:56:15.303 [raft-server-1] TRACE i.a.p.raft.roles.LeaderAppender - RaftServer{1} - Received AppendResponse{status=OK, term=1, succeeded=true, lastLogIndex=32} from 2
03:56:15.303 [raft-server-1] TRACE i.a.p.raft.roles.LeaderAppender - RaftServer{1} - Sending AppendRequest{term=1, leader=1, prevLogIndex=32, prevLogTerm=1, entries=1, commitIndex=32} to 2
03:56:15.303 [raft-server-3-state] TRACE i.a.p.raft.impl.RaftServiceManager - RaftServer{3} - Applying Indexed{index=32, entry=CommandEntry{term=1, timestamp=2018-06-10 03:56:15,146, session=2, sequence=27, operation=PrimitiveOperation{id=DefaultOperationId{id=write, type=COMMAND}, value=byte[]{length=17, hash=-1644578928}}}}
03:56:15.303 [raft-server-2-state] TRACE i.a.p.raft.impl.RaftServiceManager - RaftServer{2} - Applying Indexed{index=32, entry=CommandEntry{term=1, timestamp=2018-06-10 03:56:15,146, session=2, sequence=27, operation=PrimitiveOperation{id=DefaultOperationId{id=write, type=COMMAND}, value=byte[]{length=17, hash=-1644578928}}}}
03:56:15.303 [raft-server-2] TRACE i.a.p.raft.roles.FollowerRole - RaftServer{2}{role=FOLLOWER} - Received AppendRequest{term=1, leader=1, prevLogIndex=32, prevLogTerm=1, entries=1, commitIndex=32}
03:56:15.303 [raft-server-1] TRACE i.a.p.raft.roles.LeaderAppender - RaftServer{1} - Received AppendResponse{status=OK, term=1, succeeded=true, lastLogIndex=32} from 3
03:56:15.303 [raft-server-3-state] TRACE i.a.p.s.impl.DefaultServiceExecutor - PrimitiveService{2}{type=io.atomix.protocols.raft.RaftTest$TestPrimitiveType@416fde07, name=raft-test} - Executing DefaultCommit{index=32, session=RaftSession{RaftServiceContext{server=3, type=io.atomix.protocols.raft.RaftTest$TestPrimitiveType@416fde07, name=raft-test, id=2}, session=2, timestamp=2018-06-10 03:56:15,146}, time=2018-06-10 03:56:15,146, operation=DefaultOperationId{id=write, type=COMMAND}, value=byte[]{length=17, hash=-1644578928}}
03:56:15.303 [raft-server-2-state] TRACE i.a.p.s.impl.DefaultServiceExecutor - PrimitiveService{2}{type=io.atomix.protocols.raft.RaftTest$TestPrimitiveType@51dfd39e, name=raft-test} - Executing DefaultCommit{index=32, session=RaftSession{RaftServiceContext{server=2, type=io.atomix.protocols.raft.RaftTest$TestPrimitiveType@51dfd39e, name=raft-test, id=2}, session=2, timestamp=2018-06-10 03:56:15,146}, time=2018-06-10 03:56:15,146, operation=DefaultOperationId{id=write, type=COMMAND}, value=byte[]{length=17, hash=-1644578928}}
03:56:15.303 [raft-server-1] TRACE i.a.p.raft.roles.LeaderAppender - RaftServer{1} - Sending AppendRequest{term=1, leader=1, prevLogIndex=32, prevLogTerm=1, entries=1, commitIndex=32} to 3
03:56:15.303 [raft-server-2] TRACE i.a.p.raft.roles.FollowerRole - RaftServer{2}{role=FOLLOWER} - Appended Indexed{index=33, entry=CommandEntry{term=1, timestamp=2018-06-10 03:56:15,233, session=2, sequence=28, operation=PrimitiveOperation{id=DefaultOperationId{id=write, type=COMMAND}, value=byte[]{length=17, hash=-1644578928}}}}
03:56:15.303 [raft-server-3] TRACE i.a.p.raft.roles.FollowerRole - RaftServer{3}{role=FOLLOWER} - Received AppendRequest{term=1, leader=1, prevLogIndex=32, prevLogTerm=1, entries=1, commitIndex=32}
03:56:15.303 [raft-server-2] TRACE i.a.p.raft.roles.FollowerRole - RaftServer{2}{role=FOLLOWER} - Sending AppendResponse{status=OK, term=1, succeeded=true, lastLogIndex=33}
03:56:15.304 [raft-server-1] TRACE i.a.p.raft.roles.LeaderAppender - RaftServer{1} - Received AppendResponse{status=OK, term=1, succeeded=true, lastLogIndex=33} from 2
03:56:15.304 [raft-server-1] TRACE i.a.p.raft.roles.LeaderAppender - RaftServer{1} - Committed entries up to 33
03:56:15.304 [raft-server-3] TRACE i.a.p.raft.roles.FollowerRole - RaftServer{3}{role=FOLLOWER} - Appended Indexed{index=33, entry=CommandEntry{term=1, timestamp=2018-06-10 03:56:15,233, session=2, sequence=28, operation=PrimitiveOperation{id=DefaultOperationId{id=write, type=COMMAND}, value=byte[]{length=17, hash=-1644578928}}}}
03:56:15.304 [raft-server-3] TRACE i.a.p.raft.roles.FollowerRole - RaftServer{3}{role=FOLLOWER} - Sending AppendResponse{status=OK, term=1, succeeded=true, lastLogIndex=33}
03:56:15.386 [raft-server-1] TRACE i.a.p.raft.roles.LeaderAppender - RaftServer{1} - Received AppendResponse{status=OK, term=1, succeeded=true, lastLogIndex=33} from 3
03:56:15.386 [raft-server-1-state] TRACE i.a.p.raft.impl.RaftServiceManager - RaftServer{1} - Applying Indexed{index=33, entry=CommandEntry{term=1, timestamp=2018-06-10 03:56:15,233, session=2, sequence=28, operation=PrimitiveOperation{id=DefaultOperationId{id=write, type=COMMAND}, value=byte[]{length=17, hash=-1644578928}}}}
03:56:15.386 [raft-server-1-state] TRACE i.a.p.s.impl.DefaultServiceExecutor - PrimitiveService{2}{type=io.atomix.protocols.raft.RaftTest$TestPrimitiveType@2997f1, name=raft-test} - Executing DefaultCommit{index=33, session=RaftSession{RaftServiceContext{server=1, type=io.atomix.protocols.raft.RaftTest$TestPrimitiveType@2997f1, name=raft-test, id=2}, session=2, timestamp=2018-06-10 03:56:15,233}, time=2018-06-10 03:56:15,233, operation=DefaultOperationId{id=write, type=COMMAND}, value=byte[]{length=17, hash=-1644578928}}
03:56:15.386 [raft-server-1-state] TRACE i.a.protocols.raft.roles.LeaderRole - RaftServer{1}{role=LEADER} - Sending CommandResponse{status=OK, index=33, eventIndex=2, result=byte[]{length=2, hash=1306}}
03:56:15.387 [raft-client-fc80a008-639d-42fe-bb37-24bc71d605c3-3] TRACE i.a.p.r.s.impl.RaftSessionConnection - SessionClient{2}{type=io.atomix.protocols.raft.RaftTest$TestPrimitiveType@68b11545, name=raft-test} - Received CommandResponse{status=OK, index=33, eventIndex=2, result=byte[]{length=2, hash=1306}} from 1
03:56:15.387 [raft-client-fc80a008-639d-42fe-bb37-24bc71d605c3-3] TRACE i.a.p.r.s.impl.RaftSessionSequencer - SessionClient{2}{type=io.atomix.protocols.raft.RaftTest$TestPrimitiveType@68b11545, name=raft-test} - Completing response CommandResponse{status=OK, index=33, eventIndex=2, result=byte[]{length=2, hash=1306}}
03:56:15.387 [raft-client-fc80a008-639d-42fe-bb37-24bc71d605c3-7] TRACE i.a.p.r.s.impl.RaftSessionConnection - SessionClient{2}{type=io.atomix.protocols.raft.RaftTest$TestPrimitiveType@68b11545, name=raft-test} - Sending CommandRequest{session=2, sequence=29, operation=PrimitiveOperation{id=DefaultOperationId{id=write, type=COMMAND}, value=byte[]{length=17, hash=-1644578928}}} to 1
03:56:15.387 [raft-server-1] TRACE i.a.protocols.raft.roles.LeaderRole - RaftServer{1}{role=LEADER} - Received CommandRequest{session=2, sequence=29, operation=PrimitiveOperation{id=DefaultOperationId{id=write, type=COMMAND}, value=byte[]{length=17, hash=-1644578928}}}
03:56:15.387 [raft-server-1] TRACE i.a.protocols.raft.roles.LeaderRole - RaftServer{1}{role=LEADER} - Appended Indexed{index=34, entry=CommandEntry{term=1, timestamp=2018-06-10 03:56:15,387, session=2, sequence=29, operation=PrimitiveOperation{id=DefaultOperationId{id=write, type=COMMAND}, value=byte[]{length=17, hash=-1644578928}}}}
03:56:15.387 [raft-server-1] TRACE i.a.p.raft.roles.LeaderAppender - RaftServer{1} - Sending AppendRequest{term=1, leader=1, prevLogIndex=33, prevLogTerm=1, entries=1, commitIndex=33} to 3
03:56:15.387 [raft-server-3] TRACE i.a.p.raft.roles.FollowerRole - RaftServer{3}{role=FOLLOWER} - Received AppendRequest{term=1, leader=1, prevLogIndex=33, prevLogTerm=1, entries=1, commitIndex=33}
03:56:15.387 [raft-server-1] TRACE i.a.p.raft.roles.LeaderAppender - RaftServer{1} - Sending AppendRequest{term=1, leader=1, prevLogIndex=33, prevLogTerm=1, entries=1, commitIndex=33} to 2
03:56:15.387 [raft-server-2] TRACE i.a.p.raft.roles.FollowerRole - RaftServer{2}{role=FOLLOWER} - Received AppendRequest{term=1, leader=1, prevLogIndex=33, prevLogTerm=1, entries=1, commitIndex=33}
03:56:15.387 [raft-server-3] TRACE i.a.p.raft.roles.FollowerRole - RaftServer{3}{role=FOLLOWER} - Appended Indexed{index=34, entry=CommandEntry{term=1, timestamp=2018-06-10 03:56:15,387, session=2, sequence=29, operation=PrimitiveOperation{id=DefaultOperationId{id=write, type=COMMAND}, value=byte[]{length=17, hash=-1644578928}}}}
03:56:15.387 [raft-server-2] TRACE i.a.p.raft.roles.FollowerRole - RaftServer{2}{role=FOLLOWER} - Appended Indexed{index=34, entry=CommandEntry{term=1, timestamp=2018-06-10 03:56:15,387, session=2, sequence=29, operation=PrimitiveOperation{id=DefaultOperationId{id=write, type=COMMAND}, value=byte[]{length=17, hash=-1644578928}}}}
03:56:15.464 [raft-server-3] TRACE i.a.p.raft.roles.FollowerRole - RaftServer{3}{role=FOLLOWER} - Committed entries up to index 33
03:56:15.464 [raft-server-2] TRACE i.a.p.raft.roles.FollowerRole - RaftServer{2}{role=FOLLOWER} - Committed entries up to index 33
03:56:15.464 [raft-server-3] TRACE i.a.p.raft.roles.FollowerRole - RaftServer{3}{role=FOLLOWER} - Sending AppendResponse{status=OK, term=1, succeeded=true, lastLogIndex=34}
03:56:15.464 [raft-server-2] TRACE i.a.p.raft.roles.FollowerRole - RaftServer{2}{role=FOLLOWER} - Sending AppendResponse{status=OK, term=1, succeeded=true, lastLogIndex=34}
03:56:15.465 [raft-server-2-state] TRACE i.a.p.raft.impl.RaftServiceManager - RaftServer{2} - Applying Indexed{index=33, entry=CommandEntry{term=1, timestamp=2018-06-10 03:56:15,233, session=2, sequence=28, operation=PrimitiveOperation{id=DefaultOperationId{id=write, type=COMMAND}, value=byte[]{length=17, hash=-1644578928}}}}
03:56:15.465 [raft-server-1] TRACE i.a.p.raft.roles.LeaderAppender - RaftServer{1} - Received AppendResponse{status=OK, term=1, succeeded=true, lastLogIndex=34} from 3
03:56:15.465 [raft-server-1] TRACE i.a.p.raft.roles.LeaderAppender - RaftServer{1} - Committed entries up to 34
03:56:15.465 [raft-server-2-state] TRACE i.a.p.s.impl.DefaultServiceExecutor - PrimitiveService{2}{type=io.atomix.protocols.raft.RaftTest$TestPrimitiveType@51dfd39e, name=raft-test} - Executing DefaultCommit{index=33, session=RaftSession{RaftServiceContext{server=2, type=io.atomix.protocols.raft.RaftTest$TestPrimitiveType@51dfd39e, name=raft-test, id=2}, session=2, timestamp=2018-06-10 03:56:15,233}, time=2018-06-10 03:56:15,233, operation=DefaultOperationId{id=write, type=COMMAND}, value=byte[]{length=17, hash=-1644578928}}
03:56:15.465 [raft-server-3-state] TRACE i.a.p.raft.impl.RaftServiceManager - RaftServer{3} - Applying Indexed{index=33, entry=CommandEntry{term=1, timestamp=2018-06-10 03:56:15,233, session=2, sequence=28, operation=PrimitiveOperation{id=DefaultOperationId{id=write, type=COMMAND}, value=byte[]{length=17, hash=-1644578928}}}}
03:56:15.465 [raft-server-3-state] TRACE i.a.p.s.impl.DefaultServiceExecutor - PrimitiveService{2}{type=io.atomix.protocols.raft.RaftTest$TestPrimitiveType@416fde07, name=raft-test} - Executing DefaultCommit{index=33, session=RaftSession{RaftServiceContext{server=3, type=io.atomix.protocols.raft.RaftTest$TestPrimitiveType@416fde07, name=raft-test, id=2}, session=2, timestamp=2018-06-10 03:56:15,233}, time=2018-06-10 03:56:15,233, operation=DefaultOperationId{id=write, type=COMMAND}, value=byte[]{length=17, hash=-1644578928}}
03:56:15.528 [raft-server-1] TRACE i.a.p.raft.roles.LeaderAppender - RaftServer{1} - Sending AppendRequest{term=1, leader=1, prevLogIndex=34, prevLogTerm=1, entries=0, commitIndex=34} to 3
03:56:15.528 [raft-server-3] TRACE i.a.p.raft.roles.FollowerRole - RaftServer{3}{role=FOLLOWER} - Received AppendRequest{term=1, leader=1, prevLogIndex=34, prevLogTerm=1, entries=0, commitIndex=34}
03:56:15.528 [raft-server-1] TRACE i.a.p.raft.roles.LeaderAppender - RaftServer{1} - Received AppendResponse{status=OK, term=1, succeeded=true, lastLogIndex=34} from 2
03:56:15.528 [raft-server-1] TRACE i.a.p.raft.roles.LeaderAppender - RaftServer{1} - Sending AppendRequest{term=1, leader=1, prevLogIndex=34, prevLogTerm=1, entries=0, commitIndex=34} to 2
03:56:15.528 [raft-server-2] TRACE i.a.p.raft.roles.FollowerRole - RaftServer{2}{role=FOLLOWER} - Received AppendRequest{term=1, leader=1, prevLogIndex=34, prevLogTerm=1, entries=0, commitIndex=34}
03:56:15.528 [raft-server-1-state] TRACE i.a.p.raft.impl.RaftServiceManager - RaftServer{1} - Applying Indexed{index=34, entry=CommandEntry{term=1, timestamp=2018-06-10 03:56:15,387, session=2, sequence=29, operation=PrimitiveOperation{id=DefaultOperationId{id=write, type=COMMAND}, value=byte[]{length=17, hash=-1644578928}}}}
03:56:15.528 [raft-server-1-state] TRACE i.a.p.s.impl.DefaultServiceExecutor - PrimitiveService{2}{type=io.atomix.protocols.raft.RaftTest$TestPrimitiveType@2997f1, name=raft-test} - Executing DefaultCommit{index=34, session=RaftSession{RaftServiceContext{server=1, type=io.atomix.protocols.raft.RaftTest$TestPrimitiveType@2997f1, name=raft-test, id=2}, session=2, timestamp=2018-06-10 03:56:15,387}, time=2018-06-10 03:56:15,387, operation=DefaultOperationId{id=write, type=COMMAND}, value=byte[]{length=17, hash=-1644578928}}
03:56:15.528 [raft-server-1-state] TRACE i.a.protocols.raft.roles.LeaderRole - RaftServer{1}{role=LEADER} - Sending CommandResponse{status=OK, index=34, eventIndex=2, result=byte[]{length=2, hash=1308}}
03:56:15.528 [raft-client-fc80a008-639d-42fe-bb37-24bc71d605c3-1] TRACE i.a.p.r.s.impl.RaftSessionConnection - SessionClient{2}{type=io.atomix.protocols.raft.RaftTest$TestPrimitiveType@68b11545, name=raft-test} - Received CommandResponse{status=OK, index=34, eventIndex=2, result=byte[]{length=2, hash=1308}} from 1
03:56:15.529 [raft-client-fc80a008-639d-42fe-bb37-24bc71d605c3-1] TRACE i.a.p.r.s.impl.RaftSessionSequencer - SessionClient{2}{type=io.atomix.protocols.raft.RaftTest$TestPrimitiveType@68b11545, name=raft-test} - Completing response CommandResponse{status=OK, index=34, eventIndex=2, result=byte[]{length=2, hash=1308}}
03:56:15.529 [raft-client-fc80a008-639d-42fe-bb37-24bc71d605c3-1] TRACE i.a.p.r.s.impl.RaftSessionConnection - SessionClient{2}{type=io.atomix.protocols.raft.RaftTest$TestPrimitiveType@68b11545, name=raft-test} - Sending CommandRequest{session=2, sequence=30, operation=PrimitiveOperation{id=DefaultOperationId{id=write, type=COMMAND}, value=byte[]{length=17, hash=-1644578928}}} to 1
03:56:15.529 [raft-server-1] TRACE i.a.protocols.raft.roles.LeaderRole - RaftServer{1}{role=LEADER} - Received CommandRequest{session=2, sequence=30, operation=PrimitiveOperation{id=DefaultOperationId{id=write, type=COMMAND}, value=byte[]{length=17, hash=-1644578928}}}
03:56:15.529 [raft-server-1] TRACE i.a.protocols.raft.roles.LeaderRole - RaftServer{1}{role=LEADER} - Appended Indexed{index=35, entry=CommandEntry{term=1, timestamp=2018-06-10 03:56:15,529, session=2, sequence=30, operation=PrimitiveOperation{id=DefaultOperationId{id=write, type=COMMAND}, value=byte[]{length=17, hash=-1644578928}}}}
03:56:15.586 [raft-server-3] TRACE i.a.p.raft.roles.FollowerRole - RaftServer{3}{role=FOLLOWER} - Committed entries up to index 34
03:56:15.586 [raft-server-3] TRACE i.a.p.raft.roles.FollowerRole - RaftServer{3}{role=FOLLOWER} - Sending AppendResponse{status=OK, term=1, succeeded=true, lastLogIndex=34}
03:56:15.586 [raft-server-1] TRACE i.a.p.raft.roles.LeaderAppender - RaftServer{1} - Received AppendResponse{status=OK, term=1, succeeded=true, lastLogIndex=34} from 3
03:56:15.586 [raft-server-3-state] TRACE i.a.p.raft.impl.RaftServiceManager - RaftServer{3} - Applying Indexed{index=34, entry=CommandEntry{term=1, timestamp=2018-06-10 03:56:15,387, session=2, sequence=29, operation=PrimitiveOperation{id=DefaultOperationId{id=write, type=COMMAND}, value=byte[]{length=17, hash=-1644578928}}}}
03:56:15.586 [raft-server-1] TRACE i.a.p.raft.roles.LeaderAppender - RaftServer{1} - Sending AppendRequest{term=1, leader=1, prevLogIndex=34, prevLogTerm=1, entries=1, commitIndex=34} to 3
03:56:15.586 [raft-server-3] TRACE i.a.p.raft.roles.FollowerRole - RaftServer{3}{role=FOLLOWER} - Received AppendRequest{term=1, leader=1, prevLogIndex=34, prevLogTerm=1, entries=1, commitIndex=34}
03:56:15.586 [raft-server-3-state] TRACE i.a.p.s.impl.DefaultServiceExecutor - PrimitiveService{2}{type=io.atomix.protocols.raft.RaftTest$TestPrimitiveType@416fde07, name=raft-test} - Executing DefaultCommit{index=34, session=RaftSession{RaftServiceContext{server=3, type=io.atomix.protocols.raft.RaftTest$TestPrimitiveType@416fde07, name=raft-test, id=2}, session=2, timestamp=2018-06-10 03:56:15,387}, time=2018-06-10 03:56:15,387, operation=DefaultOperationId{id=write, type=COMMAND}, value=byte[]{length=17, hash=-1644578928}}
03:56:15.587 [raft-server-3] TRACE i.a.p.raft.roles.FollowerRole - RaftServer{3}{role=FOLLOWER} - Appended Indexed{index=35, entry=CommandEntry{term=1, timestamp=2018-06-10 03:56:15,529, session=2, sequence=30, operation=PrimitiveOperation{id=DefaultOperationId{id=write, type=COMMAND}, value=byte[]{length=17, hash=-1644578928}}}}
03:56:15.587 [raft-server-3] TRACE i.a.p.raft.roles.FollowerRole - RaftServer{3}{role=FOLLOWER} - Sending AppendResponse{status=OK, term=1, succeeded=true, lastLogIndex=35}
03:56:15.587 [raft-server-1] TRACE i.a.p.raft.roles.LeaderAppender - RaftServer{1} - Received AppendResponse{status=OK, term=1, succeeded=true, lastLogIndex=35} from 3
03:56:15.587 [raft-server-1] TRACE i.a.p.raft.roles.LeaderAppender - RaftServer{1} - Committed entries up to 35
03:56:15.626 [raft-server-2] TRACE i.a.p.raft.roles.FollowerRole - RaftServer{2}{role=FOLLOWER} - Committed entries up to index 34
03:56:15.626 [raft-server-2] TRACE i.a.p.raft.roles.FollowerRole - RaftServer{2}{role=FOLLOWER} - Sending AppendResponse{status=OK, term=1, succeeded=true, lastLogIndex=34}
03:56:15.626 [raft-server-2-state] TRACE i.a.p.raft.impl.RaftServiceManager - RaftServer{2} - Applying Indexed{index=34, entry=CommandEntry{term=1, timestamp=2018-06-10 03:56:15,387, session=2, sequence=29, operation=PrimitiveOperation{id=DefaultOperationId{id=write, type=COMMAND}, value=byte[]{length=17, hash=-1644578928}}}}
03:56:15.626 [raft-server-2-state] TRACE i.a.p.s.impl.DefaultServiceExecutor - PrimitiveService{2}{type=io.atomix.protocols.raft.RaftTest$TestPrimitiveType@51dfd39e, name=raft-test} - Executing DefaultCommit{index=34, session=RaftSession{RaftServiceContext{server=2, type=io.atomix.protocols.raft.RaftTest$TestPrimitiveType@51dfd39e, name=raft-test, id=2}, session=2, timestamp=2018-06-10 03:56:15,387}, time=2018-06-10 03:56:15,387, operation=DefaultOperationId{id=write, type=COMMAND}, value=byte[]{length=17, hash=-1644578928}}
03:56:15.714 [raft-server-1] TRACE i.a.p.raft.roles.LeaderAppender - RaftServer{1} - Received AppendResponse{status=OK, term=1, succeeded=true, lastLogIndex=34} from 2
03:56:15.714 [raft-server-1] TRACE i.a.p.raft.roles.LeaderAppender - RaftServer{1} - Sending AppendRequest{term=1, leader=1, prevLogIndex=34, prevLogTerm=1, entries=1, commitIndex=35} to 2
03:56:15.714 [raft-server-1] TRACE i.a.p.raft.roles.LeaderAppender - RaftServer{1} - Sending AppendRequest{term=1, leader=1, prevLogIndex=35, prevLogTerm=1, entries=0, commitIndex=35} to 3
03:56:15.714 [raft-server-3] TRACE i.a.p.raft.roles.FollowerRole - RaftServer{3}{role=FOLLOWER} - Received AppendRequest{term=1, leader=1, prevLogIndex=35, prevLogTerm=1, entries=0, commitIndex=35}
03:56:15.714 [raft-server-2] TRACE i.a.p.raft.roles.FollowerRole - RaftServer{2}{role=FOLLOWER} - Received AppendRequest{term=1, leader=1, prevLogIndex=34, prevLogTerm=1, entries=1, commitIndex=35}
03:56:15.714 [raft-server-1-state] TRACE i.a.p.raft.impl.RaftServiceManager - RaftServer{1} - Applying Indexed{index=35, entry=CommandEntry{term=1, timestamp=2018-06-10 03:56:15,529, session=2, sequence=30, operation=PrimitiveOperation{id=DefaultOperationId{id=write, type=COMMAND}, value=byte[]{length=17, hash=-1644578928}}}}
03:56:15.715 [raft-server-1-state] TRACE i.a.p.s.impl.DefaultServiceExecutor - PrimitiveService{2}{type=io.atomix.protocols.raft.RaftTest$TestPrimitiveType@2997f1, name=raft-test} - Executing DefaultCommit{index=35, session=RaftSession{RaftServiceContext{server=1, type=io.atomix.protocols.raft.RaftTest$TestPrimitiveType@2997f1, name=raft-test, id=2}, session=2, timestamp=2018-06-10 03:56:15,529}, time=2018-06-10 03:56:15,529, operation=DefaultOperationId{id=write, type=COMMAND}, value=byte[]{length=17, hash=-1644578928}}
03:56:15.715 [raft-server-2] TRACE i.a.p.raft.roles.FollowerRole - RaftServer{2}{role=FOLLOWER} - Appended Indexed{index=35, entry=CommandEntry{term=1, timestamp=2018-06-10 03:56:15,529, session=2, sequence=30, operation=PrimitiveOperation{id=DefaultOperationId{id=write, type=COMMAND}, value=byte[]{length=17, hash=-1644578928}}}}
03:56:15.715 [raft-server-1-state] TRACE i.a.protocols.raft.roles.LeaderRole - RaftServer{1}{role=LEADER} - Sending CommandResponse{status=OK, index=35, eventIndex=2, result=byte[]{length=2, hash=1310}}
03:56:15.715 [raft-client-fc80a008-639d-42fe-bb37-24bc71d605c3-2] TRACE i.a.p.r.s.impl.RaftSessionConnection - SessionClient{2}{type=io.atomix.protocols.raft.RaftTest$TestPrimitiveType@68b11545, name=raft-test} - Received CommandResponse{status=OK, index=35, eventIndex=2, result=byte[]{length=2, hash=1310}} from 1
03:56:15.715 [raft-client-fc80a008-639d-42fe-bb37-24bc71d605c3-2] TRACE i.a.p.r.s.impl.RaftSessionSequencer - SessionClient{2}{type=io.atomix.protocols.raft.RaftTest$TestPrimitiveType@68b11545, name=raft-test} - Completing response CommandResponse{status=OK, index=35, eventIndex=2, result=byte[]{length=2, hash=1310}}
03:56:15.715 [raft-client-fc80a008-639d-42fe-bb37-24bc71d605c3-4] TRACE i.a.p.r.s.impl.RaftSessionConnection - SessionClient{2}{type=io.atomix.protocols.raft.RaftTest$TestPrimitiveType@68b11545, name=raft-test} - Sending CommandRequest{session=2, sequence=31, operation=PrimitiveOperation{id=DefaultOperationId{id=write, type=COMMAND}, value=byte[]{length=17, hash=-1644578928}}} to 1
03:56:15.715 [raft-server-1] TRACE i.a.protocols.raft.roles.LeaderRole - RaftServer{1}{role=LEADER} - Received CommandRequest{session=2, sequence=31, operation=PrimitiveOperation{id=DefaultOperationId{id=write, type=COMMAND}, value=byte[]{length=17, hash=-1644578928}}}
03:56:15.715 [raft-server-1] TRACE i.a.protocols.raft.roles.LeaderRole - RaftServer{1}{role=LEADER} - Appended Indexed{index=36, entry=CommandEntry{term=1, timestamp=2018-06-10 03:56:15,715, session=2, sequence=31, operation=PrimitiveOperation{id=DefaultOperationId{id=write, type=COMMAND}, value=byte[]{length=17, hash=-1644578928}}}}
03:56:15.935 [raft-server-2] TRACE i.a.p.raft.roles.FollowerRole - RaftServer{2}{role=FOLLOWER} - Committed entries up to index 35
03:56:15.935 [raft-server-3] TRACE i.a.p.raft.roles.FollowerRole - RaftServer{3}{role=FOLLOWER} - Committed entries up to index 35
03:56:15.935 [raft-server-2] TRACE i.a.p.raft.roles.FollowerRole - RaftServer{2}{role=FOLLOWER} - Sending AppendResponse{status=OK, term=1, succeeded=true, lastLogIndex=35}
03:56:15.935 [raft-server-3] TRACE i.a.p.raft.roles.FollowerRole - RaftServer{3}{role=FOLLOWER} - Sending AppendResponse{status=OK, term=1, succeeded=true, lastLogIndex=35}
03:56:15.935 [raft-server-1] TRACE i.a.p.raft.roles.LeaderAppender - RaftServer{1} - Received AppendResponse{status=OK, term=1, succeeded=true, lastLogIndex=35} from 2
03:56:15.935 [raft-server-1] TRACE i.a.p.raft.roles.LeaderAppender - RaftServer{1} - Sending AppendRequest{term=1, leader=1, prevLogIndex=35, prevLogTerm=1, entries=1, commitIndex=35} to 2
03:56:15.935 [raft-server-3-state] TRACE i.a.p.raft.impl.RaftServiceManager - RaftServer{3} - Applying Indexed{index=35, entry=CommandEntry{term=1, timestamp=2018-06-10 03:56:15,529, session=2, sequence=30, operation=PrimitiveOperation{id=DefaultOperationId{id=write, type=COMMAND}, value=byte[]{length=17, hash=-1644578928}}}}
03:56:15.935 [raft-server-1] TRACE i.a.p.raft.roles.LeaderAppender - RaftServer{1} - Sending AppendRequest{term=1, leader=1, prevLogIndex=35, prevLogTerm=1, entries=1, commitIndex=35} to 3
03:56:15.935 [raft-server-3-state] TRACE i.a.p.s.impl.DefaultServiceExecutor - PrimitiveService{2}{type=io.atomix.protocols.raft.RaftTest$TestPrimitiveType@416fde07, name=raft-test} - Executing DefaultCommit{index=35, session=RaftSession{RaftServiceContext{server=3, type=io.atomix.protocols.raft.RaftTest$TestPrimitiveType@416fde07, name=raft-test, id=2}, session=2, timestamp=2018-06-10 03:56:15,529}, time=2018-06-10 03:56:15,529, operation=DefaultOperationId{id=write, type=COMMAND}, value=byte[]{length=17, hash=-1644578928}}
03:56:15.935 [raft-server-3] TRACE i.a.p.raft.roles.FollowerRole - RaftServer{3}{role=FOLLOWER} - Received AppendRequest{term=1, leader=1, prevLogIndex=35, prevLogTerm=1, entries=1, commitIndex=35}
03:56:15.935 [raft-server-1] TRACE i.a.p.raft.roles.LeaderAppender - RaftServer{1} - Received AppendResponse{status=OK, term=1, succeeded=true, lastLogIndex=35} from 3
03:56:15.935 [raft-server-2-state] TRACE i.a.p.raft.impl.RaftServiceManager - RaftServer{2} - Applying Indexed{index=35, entry=CommandEntry{term=1, timestamp=2018-06-10 03:56:15,529, session=2, sequence=30, operation=PrimitiveOperation{id=DefaultOperationId{id=write, type=COMMAND}, value=byte[]{length=17, hash=-1644578928}}}}
03:56:15.935 [raft-server-3] TRACE i.a.p.raft.roles.FollowerRole - RaftServer{3}{role=FOLLOWER} - Appended Indexed{index=36, entry=CommandEntry{term=1, timestamp=2018-06-10 03:56:15,715, session=2, sequence=31, operation=PrimitiveOperation{id=DefaultOperationId{id=write, type=COMMAND}, value=byte[]{length=17, hash=-1644578928}}}}
03:56:15.935 [raft-server-2-state] TRACE i.a.p.s.impl.DefaultServiceExecutor - PrimitiveService{2}{type=io.atomix.protocols.raft.RaftTest$TestPrimitiveType@51dfd39e, name=raft-test} - Executing DefaultCommit{index=35, session=RaftSession{RaftServiceContext{server=2, type=io.atomix.protocols.raft.RaftTest$TestPrimitiveType@51dfd39e, name=raft-test, id=2}, session=2, timestamp=2018-06-10 03:56:15,529}, time=2018-06-10 03:56:15,529, operation=DefaultOperationId{id=write, type=COMMAND}, value=byte[]{length=17, hash=-1644578928}}
03:56:15.935 [raft-server-3] TRACE i.a.p.raft.roles.FollowerRole - RaftServer{3}{role=FOLLOWER} - Sending AppendResponse{status=OK, term=1, succeeded=true, lastLogIndex=36}
03:56:15.935 [raft-server-2] TRACE i.a.p.raft.roles.FollowerRole - RaftServer{2}{role=FOLLOWER} - Received AppendRequest{term=1, leader=1, prevLogIndex=35, prevLogTerm=1, entries=1, commitIndex=35}
03:56:15.936 [raft-server-1] TRACE i.a.p.raft.roles.LeaderAppender - RaftServer{1} - Received AppendResponse{status=OK, term=1, succeeded=true, lastLogIndex=36} from 3
03:56:15.936 [raft-server-1] TRACE i.a.p.raft.roles.LeaderAppender - RaftServer{1} - Committed entries up to 36
03:56:15.936 [raft-server-2] TRACE i.a.p.raft.roles.FollowerRole - RaftServer{2}{role=FOLLOWER} - Appended Indexed{index=36, entry=CommandEntry{term=1, timestamp=2018-06-10 03:56:15,715, session=2, sequence=31, operation=PrimitiveOperation{id=DefaultOperationId{id=write, type=COMMAND}, value=byte[]{length=17, hash=-1644578928}}}}
03:56:15.936 [raft-server-2] TRACE i.a.p.raft.roles.FollowerRole - RaftServer{2}{role=FOLLOWER} - Sending AppendResponse{status=OK, term=1, succeeded=true, lastLogIndex=36}
03:56:16.003 [raft-server-1] TRACE i.a.p.raft.roles.LeaderAppender - RaftServer{1} - Received AppendResponse{status=OK, term=1, succeeded=true, lastLogIndex=36} from 2
03:56:16.003 [raft-server-1] TRACE i.a.p.raft.roles.LeaderAppender - RaftServer{1} - Sending AppendRequest{term=1, leader=1, prevLogIndex=36, prevLogTerm=1, entries=0, commitIndex=36} to 3
03:56:16.003 [raft-server-1] TRACE i.a.p.raft.roles.LeaderAppender - RaftServer{1} - Sending AppendRequest{term=1, leader=1, prevLogIndex=36, prevLogTerm=1, entries=0, commitIndex=36} to 2
03:56:16.003 [raft-server-3] TRACE i.a.p.raft.roles.FollowerRole - RaftServer{3}{role=FOLLOWER} - Received AppendRequest{term=1, leader=1, prevLogIndex=36, prevLogTerm=1, entries=0, commitIndex=36}
03:56:16.003 [raft-server-2] TRACE i.a.p.raft.roles.FollowerRole - RaftServer{2}{role=FOLLOWER} - Received AppendRequest{term=1, leader=1, prevLogIndex=36, prevLogTerm=1, entries=0, commitIndex=36}
03:56:16.003 [raft-server-1-state] TRACE i.a.p.raft.impl.RaftServiceManager - RaftServer{1} - Applying Indexed{index=36, entry=CommandEntry{term=1, timestamp=2018-06-10 03:56:15,715, session=2, sequence=31, operation=PrimitiveOperation{id=DefaultOperationId{id=write, type=COMMAND}, value=byte[]{length=17, hash=-1644578928}}}}
03:56:16.003 [raft-server-1-state] TRACE i.a.p.s.impl.DefaultServiceExecutor - PrimitiveService{2}{type=io.atomix.protocols.raft.RaftTest$TestPrimitiveType@2997f1, name=raft-test} - Executing DefaultCommit{index=36, session=RaftSession{RaftServiceContext{server=1, type=io.atomix.protocols.raft.RaftTest$TestPrimitiveType@2997f1, name=raft-test, id=2}, session=2, timestamp=2018-06-10 03:56:15,715}, time=2018-06-10 03:56:15,715, operation=DefaultOperationId{id=write, type=COMMAND}, value=byte[]{length=17, hash=-1644578928}}
03:56:16.003 [raft-server-1-state] TRACE i.a.protocols.raft.roles.LeaderRole - RaftServer{1}{role=LEADER} - Sending CommandResponse{status=OK, index=36, eventIndex=2, result=byte[]{length=2, hash=1312}}
03:56:16.003 [raft-client-fc80a008-639d-42fe-bb37-24bc71d605c3-6] TRACE i.a.p.r.s.impl.RaftSessionConnection - SessionClient{2}{type=io.atomix.protocols.raft.RaftTest$TestPrimitiveType@68b11545, name=raft-test} - Received CommandResponse{status=OK, index=36, eventIndex=2, result=byte[]{length=2, hash=1312}} from 1
03:56:16.003 [raft-client-fc80a008-639d-42fe-bb37-24bc71d605c3-6] TRACE i.a.p.r.s.impl.RaftSessionSequencer - SessionClient{2}{type=io.atomix.protocols.raft.RaftTest$TestPrimitiveType@68b11545, name=raft-test} - Completing response CommandResponse{status=OK, index=36, eventIndex=2, result=byte[]{length=2, hash=1312}}
03:56:16.004 [raft-client-fc80a008-639d-42fe-bb37-24bc71d605c3-5] TRACE i.a.p.r.s.impl.RaftSessionConnection - SessionClient{2}{type=io.atomix.protocols.raft.RaftTest$TestPrimitiveType@68b11545, name=raft-test} - Sending CommandRequest{session=2, sequence=32, operation=PrimitiveOperation{id=DefaultOperationId{id=write, type=COMMAND}, value=byte[]{length=17, hash=-1644578928}}} to 1
03:56:16.004 [raft-server-1] TRACE i.a.protocols.raft.roles.LeaderRole - RaftServer{1}{role=LEADER} - Received CommandRequest{session=2, sequence=32, operation=PrimitiveOperation{id=DefaultOperationId{id=write, type=COMMAND}, value=byte[]{length=17, hash=-1644578928}}}
03:56:16.004 [raft-server-1] TRACE i.a.protocols.raft.roles.LeaderRole - RaftServer{1}{role=LEADER} - Appended Indexed{index=37, entry=CommandEntry{term=1, timestamp=2018-06-10 03:56:16,004, session=2, sequence=32, operation=PrimitiveOperation{id=DefaultOperationId{id=write, type=COMMAND}, value=byte[]{length=17, hash=-1644578928}}}}
03:56:16.044 [raft-server-3] TRACE i.a.p.raft.roles.FollowerRole - RaftServer{3}{role=FOLLOWER} - Committed entries up to index 36
03:56:16.044 [raft-server-2] TRACE i.a.p.raft.roles.FollowerRole - RaftServer{2}{role=FOLLOWER} - Committed entries up to index 36
03:56:16.044 [raft-server-3] TRACE i.a.p.raft.roles.FollowerRole - RaftServer{3}{role=FOLLOWER} - Sending AppendResponse{status=OK, term=1, succeeded=true, lastLogIndex=36}
03:56:16.044 [raft-server-2] TRACE i.a.p.raft.roles.FollowerRole - RaftServer{2}{role=FOLLOWER} - Sending AppendResponse{status=OK, term=1, succeeded=true, lastLogIndex=36}
03:56:16.045 [raft-server-1] TRACE i.a.p.raft.roles.LeaderAppender - RaftServer{1} - Received AppendResponse{status=OK, term=1, succeeded=true, lastLogIndex=36} from 3
03:56:16.045 [raft-server-3-state] TRACE i.a.p.raft.impl.RaftServiceManager - RaftServer{3} - Applying Indexed{index=36, entry=CommandEntry{term=1, timestamp=2018-06-10 03:56:15,715, session=2, sequence=31, operation=PrimitiveOperation{id=DefaultOperationId{id=write, type=COMMAND}, value=byte[]{length=17, hash=-1644578928}}}}
03:56:16.045 [raft-server-1] TRACE i.a.p.raft.roles.LeaderAppender - RaftServer{1} - Sending AppendRequest{term=1, leader=1, prevLogIndex=36, prevLogTerm=1, entries=1, commitIndex=36} to 3
03:56:16.045 [raft-server-3] TRACE i.a.p.raft.roles.FollowerRole - RaftServer{3}{role=FOLLOWER} - Received AppendRequest{term=1, leader=1, prevLogIndex=36, prevLogTerm=1, entries=1, commitIndex=36}
03:56:16.045 [raft-server-3-state] TRACE i.a.p.s.impl.DefaultServiceExecutor - PrimitiveService{2}{type=io.atomix.protocols.raft.RaftTest$TestPrimitiveType@416fde07, name=raft-test} - Executing DefaultCommit{index=36, session=RaftSession{RaftServiceContext{server=3, type=io.atomix.protocols.raft.RaftTest$TestPrimitiveType@416fde07, name=raft-test, id=2}, session=2, timestamp=2018-06-10 03:56:15,715}, time=2018-06-10 03:56:15,715, operation=DefaultOperationId{id=write, type=COMMAND}, value=byte[]{length=17, hash=-1644578928}}
03:56:16.045 [raft-server-1] TRACE i.a.p.raft.roles.LeaderAppender - RaftServer{1} - Received AppendResponse{status=OK, term=1, succeeded=true, lastLogIndex=36} from 2
03:56:16.045 [raft-server-1] TRACE i.a.p.raft.roles.LeaderAppender - RaftServer{1} - Sending AppendRequest{term=1, leader=1, prevLogIndex=36, prevLogTerm=1, entries=1, commitIndex=36} to 2
03:56:16.045 [raft-server-2] TRACE i.a.p.raft.roles.FollowerRole - RaftServer{2}{role=FOLLOWER} - Received AppendRequest{term=1, leader=1, prevLogIndex=36, prevLogTerm=1, entries=1, commitIndex=36}
03:56:16.045 [raft-server-3] TRACE i.a.p.raft.roles.FollowerRole - RaftServer{3}{role=FOLLOWER} - Appended Indexed{index=37, entry=CommandEntry{term=1, timestamp=2018-06-10 03:56:16,004, session=2, sequence=32, operation=PrimitiveOperation{id=DefaultOperationId{id=write, type=COMMAND}, value=byte[]{length=17, hash=-1644578928}}}}
03:56:16.045 [raft-server-2-state] TRACE i.a.p.raft.impl.RaftServiceManager - RaftServer{2} - Applying Indexed{index=36, entry=CommandEntry{term=1, timestamp=2018-06-10 03:56:15,715, session=2, sequence=31, operation=PrimitiveOperation{id=DefaultOperationId{id=write, type=COMMAND}, value=byte[]{length=17, hash=-1644578928}}}}
03:56:16.045 [raft-server-3] TRACE i.a.p.raft.roles.FollowerRole - RaftServer{3}{role=FOLLOWER} - Sending AppendResponse{status=OK, term=1, succeeded=true, lastLogIndex=37}
03:56:16.045 [raft-server-2] TRACE i.a.p.raft.roles.FollowerRole - RaftServer{2}{role=FOLLOWER} - Appended Indexed{index=37, entry=CommandEntry{term=1, timestamp=2018-06-10 03:56:16,004, session=2, sequence=32, operation=PrimitiveOperation{id=DefaultOperationId{id=write, type=COMMAND}, value=byte[]{length=17, hash=-1644578928}}}}
03:56:16.045 [raft-server-2-state] TRACE i.a.p.s.impl.DefaultServiceExecutor - PrimitiveService{2}{type=io.atomix.protocols.raft.RaftTest$TestPrimitiveType@51dfd39e, name=raft-test} - Executing DefaultCommit{index=36, session=RaftSession{RaftServiceContext{server=2, type=io.atomix.protocols.raft.RaftTest$TestPrimitiveType@51dfd39e, name=raft-test, id=2}, session=2, timestamp=2018-06-10 03:56:15,715}, time=2018-06-10 03:56:15,715, operation=DefaultOperationId{id=write, type=COMMAND}, value=byte[]{length=17, hash=-1644578928}}
03:56:16.045 [raft-server-1] TRACE i.a.p.raft.roles.LeaderAppender - RaftServer{1} - Received AppendResponse{status=OK, term=1, succeeded=true, lastLogIndex=37} from 3
03:56:16.045 [raft-server-2] TRACE i.a.p.raft.roles.FollowerRole - RaftServer{2}{role=FOLLOWER} - Sending AppendResponse{status=OK, term=1, succeeded=true, lastLogIndex=37}
03:56:16.045 [raft-server-1] TRACE i.a.p.raft.roles.LeaderAppender - RaftServer{1} - Committed entries up to 37
03:56:16.128 [raft-server-1] TRACE i.a.p.raft.roles.LeaderAppender - RaftServer{1} - Received AppendResponse{status=OK, term=1, succeeded=true, lastLogIndex=37} from 2
03:56:16.128 [raft-server-1-state] TRACE i.a.p.raft.impl.RaftServiceManager - RaftServer{1} - Applying Indexed{index=37, entry=CommandEntry{term=1, timestamp=2018-06-10 03:56:16,004, session=2, sequence=32, operation=PrimitiveOperation{id=DefaultOperationId{id=write, type=COMMAND}, value=byte[]{length=17, hash=-1644578928}}}}
03:56:16.128 [raft-server-1-state] TRACE i.a.p.s.impl.DefaultServiceExecutor - PrimitiveService{2}{type=io.atomix.protocols.raft.RaftTest$TestPrimitiveType@2997f1, name=raft-test} - Executing DefaultCommit{index=37, session=RaftSession{RaftServiceContext{server=1, type=io.atomix.protocols.raft.RaftTest$TestPrimitiveType@2997f1, name=raft-test, id=2}, session=2, timestamp=2018-06-10 03:56:16,004}, time=2018-06-10 03:56:16,004, operation=DefaultOperationId{id=write, type=COMMAND}, value=byte[]{length=17, hash=-1644578928}}
03:56:16.128 [raft-server-1-state] TRACE i.a.protocols.raft.roles.LeaderRole - RaftServer{1}{role=LEADER} - Sending CommandResponse{status=OK, index=37, eventIndex=2, result=byte[]{length=2, hash=1314}}
03:56:16.128 [raft-client-fc80a008-639d-42fe-bb37-24bc71d605c3-0] TRACE i.a.p.r.s.impl.RaftSessionConnection - SessionClient{2}{type=io.atomix.protocols.raft.RaftTest$TestPrimitiveType@68b11545, name=raft-test} - Received CommandResponse{status=OK, index=37, eventIndex=2, result=byte[]{length=2, hash=1314}} from 1
03:56:16.128 [raft-client-fc80a008-639d-42fe-bb37-24bc71d605c3-0] TRACE i.a.p.r.s.impl.RaftSessionSequencer - SessionClient{2}{type=io.atomix.protocols.raft.RaftTest$TestPrimitiveType@68b11545, name=raft-test} - Completing response CommandResponse{status=OK, index=37, eventIndex=2, result=byte[]{length=2, hash=1314}}
03:56:16.129 [raft-client-fc80a008-639d-42fe-bb37-24bc71d605c3-0] TRACE i.a.p.r.s.impl.RaftSessionConnection - SessionClient{2}{type=io.atomix.protocols.raft.RaftTest$TestPrimitiveType@68b11545, name=raft-test} - Sending CommandRequest{session=2, sequence=33, operation=PrimitiveOperation{id=DefaultOperationId{id=write, type=COMMAND}, value=byte[]{length=17, hash=-1644578928}}} to 1
03:56:16.129 [raft-server-1] TRACE i.a.protocols.raft.roles.LeaderRole - RaftServer{1}{role=LEADER} - Received CommandRequest{session=2, sequence=33, operation=PrimitiveOperation{id=DefaultOperationId{id=write, type=COMMAND}, value=byte[]{length=17, hash=-1644578928}}}
03:56:16.129 [raft-server-1] TRACE i.a.protocols.raft.roles.LeaderRole - RaftServer{1}{role=LEADER} - Appended Indexed{index=38, entry=CommandEntry{term=1, timestamp=2018-06-10 03:56:16,129, session=2, sequence=33, operation=PrimitiveOperation{id=DefaultOperationId{id=write, type=COMMAND}, value=byte[]{length=17, hash=-1644578928}}}}
03:56:16.129 [raft-server-1] TRACE i.a.p.raft.roles.LeaderAppender - RaftServer{1} - Sending AppendRequest{term=1, leader=1, prevLogIndex=37, prevLogTerm=1, entries=1, commitIndex=37} to 3
03:56:16.129 [raft-server-1] TRACE i.a.p.raft.roles.LeaderAppender - RaftServer{1} - Sending AppendRequest{term=1, leader=1, prevLogIndex=37, prevLogTerm=1, entries=1, commitIndex=37} to 2
03:56:16.129 [raft-server-3] TRACE i.a.p.raft.roles.FollowerRole - RaftServer{3}{role=FOLLOWER} - Received AppendRequest{term=1, leader=1, prevLogIndex=37, prevLogTerm=1, entries=1, commitIndex=37}
03:56:16.129 [raft-server-2] TRACE i.a.p.raft.roles.FollowerRole - RaftServer{2}{role=FOLLOWER} - Received AppendRequest{term=1, leader=1, prevLogIndex=37, prevLogTerm=1, entries=1, commitIndex=37}
03:56:16.129 [raft-server-3] TRACE i.a.p.raft.roles.FollowerRole - RaftServer{3}{role=FOLLOWER} - Appended Indexed{index=38, entry=CommandEntry{term=1, timestamp=2018-06-10 03:56:16,129, session=2, sequence=33, operation=PrimitiveOperation{id=DefaultOperationId{id=write, type=COMMAND}, value=byte[]{length=17, hash=-1644578928}}}}
03:56:16.129 [raft-server-2] TRACE i.a.p.raft.roles.FollowerRole - RaftServer{2}{role=FOLLOWER} - Appended Indexed{index=38, entry=CommandEntry{term=1, timestamp=2018-06-10 03:56:16,129, session=2, sequence=33, operation=PrimitiveOperation{id=DefaultOperationId{id=write, type=COMMAND}, value=byte[]{length=17, hash=-1644578928}}}}
03:56:16.195 [raft-server-2] TRACE i.a.p.raft.roles.FollowerRole - RaftServer{2}{role=FOLLOWER} - Committed entries up to index 37
03:56:16.195 [raft-server-3] TRACE i.a.p.raft.roles.FollowerRole - RaftServer{3}{role=FOLLOWER} - Committed entries up to index 37
03:56:16.195 [raft-server-2] TRACE i.a.p.raft.roles.FollowerRole - RaftServer{2}{role=FOLLOWER} - Sending AppendResponse{status=OK, term=1, succeeded=true, lastLogIndex=38}
03:56:16.195 [raft-server-3] TRACE i.a.p.raft.roles.FollowerRole - RaftServer{3}{role=FOLLOWER} - Sending AppendResponse{status=OK, term=1, succeeded=true, lastLogIndex=38}
03:56:16.195 [raft-server-3-state] TRACE i.a.p.raft.impl.RaftServiceManager - RaftServer{3} - Applying Indexed{index=37, entry=CommandEntry{term=1, timestamp=2018-06-10 03:56:16,004, session=2, sequence=32, operation=PrimitiveOperation{id=DefaultOperationId{id=write, type=COMMAND}, value=byte[]{length=17, hash=-1644578928}}}}
03:56:16.195 [raft-server-2-state] TRACE i.a.p.raft.impl.RaftServiceManager - RaftServer{2} - Applying Indexed{index=37, entry=CommandEntry{term=1, timestamp=2018-06-10 03:56:16,004, session=2, sequence=32, operation=PrimitiveOperation{id=DefaultOperationId{id=write, type=COMMAND}, value=byte[]{length=17, hash=-1644578928}}}}
03:56:16.195 [raft-server-1] TRACE i.a.p.raft.roles.LeaderAppender - RaftServer{1} - Received AppendResponse{status=OK, term=1, succeeded=true, lastLogIndex=38} from 2
03:56:16.195 [raft-server-3-state] TRACE i.a.p.s.impl.DefaultServiceExecutor - PrimitiveService{2}{type=io.atomix.protocols.raft.RaftTest$TestPrimitiveType@416fde07, name=raft-test} - Executing DefaultCommit{index=37, session=RaftSession{RaftServiceContext{server=3, type=io.atomix.protocols.raft.RaftTest$TestPrimitiveType@416fde07, name=raft-test, id=2}, session=2, timestamp=2018-06-10 03:56:16,004}, time=2018-06-10 03:56:16,004, operation=DefaultOperationId{id=write, type=COMMAND}, value=byte[]{length=17, hash=-1644578928}}
03:56:16.195 [raft-server-1] TRACE i.a.p.raft.roles.LeaderAppender - RaftServer{1} - Committed entries up to 38
03:56:16.195 [raft-server-2-state] TRACE i.a.p.s.impl.DefaultServiceExecutor - PrimitiveService{2}{type=io.atomix.protocols.raft.RaftTest$TestPrimitiveType@51dfd39e, name=raft-test} - Executing DefaultCommit{index=37, session=RaftSession{RaftServiceContext{server=2, type=io.atomix.protocols.raft.RaftTest$TestPrimitiveType@51dfd39e, name=raft-test, id=2}, session=2, timestamp=2018-06-10 03:56:16,004}, time=2018-06-10 03:56:16,004, operation=DefaultOperationId{id=write, type=COMMAND}, value=byte[]{length=17, hash=-1644578928}}
03:56:16.277 [raft-server-1] TRACE i.a.p.raft.roles.LeaderAppender - RaftServer{1} - Received AppendResponse{status=OK, term=1, succeeded=true, lastLogIndex=38} from 3
03:56:16.277 [raft-server-1] TRACE i.a.p.raft.roles.LeaderAppender - RaftServer{1} - Sending AppendRequest{term=1, leader=1, prevLogIndex=38, prevLogTerm=1, entries=0, commitIndex=38} to 3
03:56:16.277 [raft-server-1] TRACE i.a.p.raft.roles.LeaderAppender - RaftServer{1} - Sending AppendRequest{term=1, leader=1, prevLogIndex=38, prevLogTerm=1, entries=0, commitIndex=38} to 2
03:56:16.277 [raft-server-3] TRACE i.a.p.raft.roles.FollowerRole - RaftServer{3}{role=FOLLOWER} - Received AppendRequest{term=1, leader=1, prevLogIndex=38, prevLogTerm=1, entries=0, commitIndex=38}
03:56:16.277 [raft-server-2] TRACE i.a.p.raft.roles.FollowerRole - RaftServer{2}{role=FOLLOWER} - Received AppendRequest{term=1, leader=1, prevLogIndex=38, prevLogTerm=1, entries=0, commitIndex=38}
03:56:16.277 [raft-server-1-state] TRACE i.a.p.raft.impl.RaftServiceManager - RaftServer{1} - Applying Indexed{index=38, entry=CommandEntry{term=1, timestamp=2018-06-10 03:56:16,129, session=2, sequence=33, operation=PrimitiveOperation{id=DefaultOperationId{id=write, type=COMMAND}, value=byte[]{length=17, hash=-1644578928}}}}
03:56:16.277 [raft-server-1-state] TRACE i.a.p.s.impl.DefaultServiceExecutor - PrimitiveService{2}{type=io.atomix.protocols.raft.RaftTest$TestPrimitiveType@2997f1, name=raft-test} - Executing DefaultCommit{index=38, session=RaftSession{RaftServiceContext{server=1, type=io.atomix.protocols.raft.RaftTest$TestPrimitiveType@2997f1, name=raft-test, id=2}, session=2, timestamp=2018-06-10 03:56:16,129}, time=2018-06-10 03:56:16,129, operation=DefaultOperationId{id=write, type=COMMAND}, value=byte[]{length=17, hash=-1644578928}}
03:56:16.277 [raft-server-1-state] TRACE i.a.protocols.raft.roles.LeaderRole - RaftServer{1}{role=LEADER} - Sending CommandResponse{status=OK, index=38, eventIndex=2, result=byte[]{length=2, hash=1316}}
03:56:16.278 [raft-client-fc80a008-639d-42fe-bb37-24bc71d605c3-2] TRACE i.a.p.r.s.impl.RaftSessionConnection - SessionClient{2}{type=io.atomix.protocols.raft.RaftTest$TestPrimitiveType@68b11545, name=raft-test} - Received CommandResponse{status=OK, index=38, eventIndex=2, result=byte[]{length=2, hash=1316}} from 1
03:56:16.278 [raft-client-fc80a008-639d-42fe-bb37-24bc71d605c3-2] TRACE i.a.p.r.s.impl.RaftSessionSequencer - SessionClient{2}{type=io.atomix.protocols.raft.RaftTest$TestPrimitiveType@68b11545, name=raft-test} - Completing response CommandResponse{status=OK, index=38, eventIndex=2, result=byte[]{length=2, hash=1316}}
03:56:16.278 [raft-client-fc80a008-639d-42fe-bb37-24bc71d605c3-7] TRACE i.a.p.r.s.impl.RaftSessionConnection - SessionClient{2}{type=io.atomix.protocols.raft.RaftTest$TestPrimitiveType@68b11545, name=raft-test} - Sending CommandRequest{session=2, sequence=34, operation=PrimitiveOperation{id=DefaultOperationId{id=write, type=COMMAND}, value=byte[]{length=17, hash=-1644578928}}} to 1
03:56:16.278 [raft-server-1] TRACE i.a.protocols.raft.roles.LeaderRole - RaftServer{1}{role=LEADER} - Received CommandRequest{session=2, sequence=34, operation=PrimitiveOperation{id=DefaultOperationId{id=write, type=COMMAND}, value=byte[]{length=17, hash=-1644578928}}}
03:56:16.278 [raft-server-1] TRACE i.a.protocols.raft.roles.LeaderRole - RaftServer{1}{role=LEADER} - Appended Indexed{index=39, entry=CommandEntry{term=1, timestamp=2018-06-10 03:56:16,278, session=2, sequence=34, operation=PrimitiveOperation{id=DefaultOperationId{id=write, type=COMMAND}, value=byte[]{length=17, hash=-1644578928}}}}
03:56:16.336 [raft-server-2] TRACE i.a.p.raft.roles.FollowerRole - RaftServer{2}{role=FOLLOWER} - Committed entries up to index 38
03:56:16.336 [raft-server-3] TRACE i.a.p.raft.roles.FollowerRole - RaftServer{3}{role=FOLLOWER} - Committed entries up to index 38
03:56:16.336 [raft-server-2] TRACE i.a.p.raft.roles.FollowerRole - RaftServer{2}{role=FOLLOWER} - Sending AppendResponse{status=OK, term=1, succeeded=true, lastLogIndex=38}
03:56:16.336 [raft-server-3] TRACE i.a.p.raft.roles.FollowerRole - RaftServer{3}{role=FOLLOWER} - Sending AppendResponse{status=OK, term=1, succeeded=true, lastLogIndex=38}
03:56:16.336 [raft-server-1] TRACE i.a.p.raft.roles.LeaderAppender - RaftServer{1} - Received AppendResponse{status=OK, term=1, succeeded=true, lastLogIndex=38} from 2
03:56:16.336 [raft-server-1] TRACE i.a.p.raft.roles.LeaderAppender - RaftServer{1} - Sending AppendRequest{term=1, leader=1, prevLogIndex=38, prevLogTerm=1, entries=1, commitIndex=38} to 2
03:56:16.336 [raft-server-3-state] TRACE i.a.p.raft.impl.RaftServiceManager - RaftServer{3} - Applying Indexed{index=38, entry=CommandEntry{term=1, timestamp=2018-06-10 03:56:16,129, session=2, sequence=33, operation=PrimitiveOperation{id=DefaultOperationId{id=write, type=COMMAND}, value=byte[]{length=17, hash=-1644578928}}}}
03:56:16.336 [raft-server-2-state] TRACE i.a.p.raft.impl.RaftServiceManager - RaftServer{2} - Applying Indexed{index=38, entry=CommandEntry{term=1, timestamp=2018-06-10 03:56:16,129, session=2, sequence=33, operation=PrimitiveOperation{id=DefaultOperationId{id=write, type=COMMAND}, value=byte[]{length=17, hash=-1644578928}}}}
03:56:16.336 [raft-server-2] TRACE i.a.p.raft.roles.FollowerRole - RaftServer{2}{role=FOLLOWER} - Received AppendRequest{term=1, leader=1, prevLogIndex=38, prevLogTerm=1, entries=1, commitIndex=38}
03:56:16.336 [raft-server-1] TRACE i.a.p.raft.roles.LeaderAppender - RaftServer{1} - Received AppendResponse{status=OK, term=1, succeeded=true, lastLogIndex=38} from 3
03:56:16.336 [raft-server-3-state] TRACE i.a.p.s.impl.DefaultServiceExecutor - PrimitiveService{2}{type=io.atomix.protocols.raft.RaftTest$TestPrimitiveType@416fde07, name=raft-test} - Executing DefaultCommit{index=38, session=RaftSession{RaftServiceContext{server=3, type=io.atomix.protocols.raft.RaftTest$TestPrimitiveType@416fde07, name=raft-test, id=2}, session=2, timestamp=2018-06-10 03:56:16,129}, time=2018-06-10 03:56:16,129, operation=DefaultOperationId{id=write, type=COMMAND}, value=byte[]{length=17, hash=-1644578928}}
03:56:16.336 [raft-server-2-state] TRACE i.a.p.s.impl.DefaultServiceExecutor - PrimitiveService{2}{type=io.atomix.protocols.raft.RaftTest$TestPrimitiveType@51dfd39e, name=raft-test} - Executing DefaultCommit{index=38, session=RaftSession{RaftServiceContext{server=2, type=io.atomix.protocols.raft.RaftTest$TestPrimitiveType@51dfd39e, name=raft-test, id=2}, session=2, timestamp=2018-06-10 03:56:16,129}, time=2018-06-10 03:56:16,129, operation=DefaultOperationId{id=write, type=COMMAND}, value=byte[]{length=17, hash=-1644578928}}
03:56:16.336 [raft-server-1] TRACE i.a.p.raft.roles.LeaderAppender - RaftServer{1} - Sending AppendRequest{term=1, leader=1, prevLogIndex=38, prevLogTerm=1, entries=1, commitIndex=38} to 3
03:56:16.336 [raft-server-2] TRACE i.a.p.raft.roles.FollowerRole - RaftServer{2}{role=FOLLOWER} - Appended Indexed{index=39, entry=CommandEntry{term=1, timestamp=2018-06-10 03:56:16,278, session=2, sequence=34, operation=PrimitiveOperation{id=DefaultOperationId{id=write, type=COMMAND}, value=byte[]{length=17, hash=-1644578928}}}}
03:56:16.338 [raft-server-3] TRACE i.a.p.raft.roles.FollowerRole - RaftServer{3}{role=FOLLOWER} - Received AppendRequest{term=1, leader=1, prevLogIndex=38, prevLogTerm=1, entries=1, commitIndex=38}
03:56:16.338 [raft-server-2] TRACE i.a.p.raft.roles.FollowerRole - RaftServer{2}{role=FOLLOWER} - Sending AppendResponse{status=OK, term=1, succeeded=true, lastLogIndex=39}
03:56:16.338 [raft-server-1] TRACE i.a.p.raft.roles.LeaderAppender - RaftServer{1} - Received AppendResponse{status=OK, term=1, succeeded=true, lastLogIndex=39} from 2
03:56:16.338 [raft-server-1] TRACE i.a.p.raft.roles.LeaderAppender - RaftServer{1} - Committed entries up to 39
03:56:16.338 [raft-server-3] TRACE i.a.p.raft.roles.FollowerRole - RaftServer{3}{role=FOLLOWER} - Appended Indexed{index=39, entry=CommandEntry{term=1, timestamp=2018-06-10 03:56:16,278, session=2, sequence=34, operation=PrimitiveOperation{id=DefaultOperationId{id=write, type=COMMAND}, value=byte[]{length=17, hash=-1644578928}}}}
03:56:16.338 [raft-server-3] TRACE i.a.p.raft.roles.FollowerRole - RaftServer{3}{role=FOLLOWER} - Sending AppendResponse{status=OK, term=1, succeeded=true, lastLogIndex=39}
03:56:16.411 [raft-server-1] TRACE i.a.p.raft.roles.LeaderAppender - RaftServer{1} - Received AppendResponse{status=OK, term=1, succeeded=true, lastLogIndex=39} from 3
03:56:16.411 [raft-server-1-state] TRACE i.a.p.raft.impl.RaftServiceManager - RaftServer{1} - Applying Indexed{index=39, entry=CommandEntry{term=1, timestamp=2018-06-10 03:56:16,278, session=2, sequence=34, operation=PrimitiveOperation{id=DefaultOperationId{id=write, type=COMMAND}, value=byte[]{length=17, hash=-1644578928}}}}
03:56:16.411 [raft-server-1-state] TRACE i.a.p.s.impl.DefaultServiceExecutor - PrimitiveService{2}{type=io.atomix.protocols.raft.RaftTest$TestPrimitiveType@2997f1, name=raft-test} - Executing DefaultCommit{index=39, session=RaftSession{RaftServiceContext{server=1, type=io.atomix.protocols.raft.RaftTest$TestPrimitiveType@2997f1, name=raft-test, id=2}, session=2, timestamp=2018-06-10 03:56:16,278}, time=2018-06-10 03:56:16,278, operation=DefaultOperationId{id=write, type=COMMAND}, value=byte[]{length=17, hash=-1644578928}}
03:56:16.411 [raft-server-1-state] TRACE i.a.protocols.raft.roles.LeaderRole - RaftServer{1}{role=LEADER} - Sending CommandResponse{status=OK, index=39, eventIndex=2, result=byte[]{length=2, hash=1318}}
03:56:16.412 [raft-client-fc80a008-639d-42fe-bb37-24bc71d605c3-6] TRACE i.a.p.r.s.impl.RaftSessionConnection - SessionClient{2}{type=io.atomix.protocols.raft.RaftTest$TestPrimitiveType@68b11545, name=raft-test} - Received CommandResponse{status=OK, index=39, eventIndex=2, result=byte[]{length=2, hash=1318}} from 1
03:56:16.412 [raft-client-fc80a008-639d-42fe-bb37-24bc71d605c3-6] TRACE i.a.p.r.s.impl.RaftSessionSequencer - SessionClient{2}{type=io.atomix.protocols.raft.RaftTest$TestPrimitiveType@68b11545, name=raft-test} - Completing response CommandResponse{status=OK, index=39, eventIndex=2, result=byte[]{length=2, hash=1318}}
03:56:16.412 [raft-client-fc80a008-639d-42fe-bb37-24bc71d605c3-6] TRACE i.a.p.r.s.impl.RaftSessionConnection - SessionClient{2}{type=io.atomix.protocols.raft.RaftTest$TestPrimitiveType@68b11545, name=raft-test} - Sending CommandRequest{session=2, sequence=35, operation=PrimitiveOperation{id=DefaultOperationId{id=write, type=COMMAND}, value=byte[]{length=17, hash=-1644578928}}} to 1
03:56:16.412 [raft-server-1] TRACE i.a.protocols.raft.roles.LeaderRole - RaftServer{1}{role=LEADER} - Received CommandRequest{session=2, sequence=35, operation=PrimitiveOperation{id=DefaultOperationId{id=write, type=COMMAND}, value=byte[]{length=17, hash=-1644578928}}}
03:56:16.412 [raft-server-1] TRACE i.a.protocols.raft.roles.LeaderRole - RaftServer{1}{role=LEADER} - Appended Indexed{index=40, entry=CommandEntry{term=1, timestamp=2018-06-10 03:56:16,412, session=2, sequence=35, operation=PrimitiveOperation{id=DefaultOperationId{id=write, type=COMMAND}, value=byte[]{length=17, hash=-1644578928}}}}
03:56:16.412 [raft-server-1] TRACE i.a.p.raft.roles.LeaderAppender - RaftServer{1} - Sending AppendRequest{term=1, leader=1, prevLogIndex=39, prevLogTerm=1, entries=1, commitIndex=39} to 3
03:56:16.412 [raft-server-3] TRACE i.a.p.raft.roles.FollowerRole - RaftServer{3}{role=FOLLOWER} - Received AppendRequest{term=1, leader=1, prevLogIndex=39, prevLogTerm=1, entries=1, commitIndex=39}
03:56:16.412 [raft-server-1] TRACE i.a.p.raft.roles.LeaderAppender - RaftServer{1} - Sending AppendRequest{term=1, leader=1, prevLogIndex=39, prevLogTerm=1, entries=1, commitIndex=39} to 2
03:56:16.412 [raft-server-2] TRACE i.a.p.raft.roles.FollowerRole - RaftServer{2}{role=FOLLOWER} - Received AppendRequest{term=1, leader=1, prevLogIndex=39, prevLogTerm=1, entries=1, commitIndex=39}
03:56:16.412 [raft-server-3] TRACE i.a.p.raft.roles.FollowerRole - RaftServer{3}{role=FOLLOWER} - Appended Indexed{index=40, entry=CommandEntry{term=1, timestamp=2018-06-10 03:56:16,412, session=2, sequence=35, operation=PrimitiveOperation{id=DefaultOperationId{id=write, type=COMMAND}, value=byte[]{length=17, hash=-1644578928}}}}
03:56:16.413 [raft-server-2] TRACE i.a.p.raft.roles.FollowerRole - RaftServer{2}{role=FOLLOWER} - Appended Indexed{index=40, entry=CommandEntry{term=1, timestamp=2018-06-10 03:56:16,412, session=2, sequence=35, operation=PrimitiveOperation{id=DefaultOperationId{id=write, type=COMMAND}, value=byte[]{length=17, hash=-1644578928}}}}
03:56:16.476 [raft-server-2] TRACE i.a.p.raft.roles.FollowerRole - RaftServer{2}{role=FOLLOWER} - Committed entries up to index 39
03:56:16.476 [raft-server-3] TRACE i.a.p.raft.roles.FollowerRole - RaftServer{3}{role=FOLLOWER} - Committed entries up to index 39
03:56:16.476 [raft-server-2] TRACE i.a.p.raft.roles.FollowerRole - RaftServer{2}{role=FOLLOWER} - Sending AppendResponse{status=OK, term=1, succeeded=true, lastLogIndex=40}
03:56:16.476 [raft-server-3] TRACE i.a.p.raft.roles.FollowerRole - RaftServer{3}{role=FOLLOWER} - Sending AppendResponse{status=OK, term=1, succeeded=true, lastLogIndex=40}
03:56:16.476 [raft-server-3-state] TRACE i.a.p.raft.impl.RaftServiceManager - RaftServer{3} - Applying Indexed{index=39, entry=CommandEntry{term=1, timestamp=2018-06-10 03:56:16,278, session=2, sequence=34, operation=PrimitiveOperation{id=DefaultOperationId{id=write, type=COMMAND}, value=byte[]{length=17, hash=-1644578928}}}}
03:56:16.476 [raft-server-2-state] TRACE i.a.p.raft.impl.RaftServiceManager - RaftServer{2} - Applying Indexed{index=39, entry=CommandEntry{term=1, timestamp=2018-06-10 03:56:16,278, session=2, sequence=34, operation=PrimitiveOperation{id=DefaultOperationId{id=write, type=COMMAND}, value=byte[]{length=17, hash=-1644578928}}}}
03:56:16.476 [raft-server-3-state] TRACE i.a.p.s.impl.DefaultServiceExecutor - PrimitiveService{2}{type=io.atomix.protocols.raft.RaftTest$TestPrimitiveType@416fde07, name=raft-test} - Executing DefaultCommit{index=39, session=RaftSession{RaftServiceContext{server=3, type=io.atomix.protocols.raft.RaftTest$TestPrimitiveType@416fde07, name=raft-test, id=2}, session=2, timestamp=2018-06-10 03:56:16,278}, time=2018-06-10 03:56:16,278, operation=DefaultOperationId{id=write, type=COMMAND}, value=byte[]{length=17, hash=-1644578928}}
03:56:16.476 [raft-server-2-state] TRACE i.a.p.s.impl.DefaultServiceExecutor - PrimitiveService{2}{type=io.atomix.protocols.raft.RaftTest$TestPrimitiveType@51dfd39e, name=raft-test} - Executing DefaultCommit{index=39, session=RaftSession{RaftServiceContext{server=2, type=io.atomix.protocols.raft.RaftTest$TestPrimitiveType@51dfd39e, name=raft-test, id=2}, session=2, timestamp=2018-06-10 03:56:16,278}, time=2018-06-10 03:56:16,278, operation=DefaultOperationId{id=write, type=COMMAND}, value=byte[]{length=17, hash=-1644578928}}
03:56:16.477 [raft-server-1] TRACE i.a.p.raft.roles.LeaderAppender - RaftServer{1} - Received AppendResponse{status=OK, term=1, succeeded=true, lastLogIndex=40} from 2
03:56:16.477 [raft-server-1] TRACE i.a.p.raft.roles.LeaderAppender - RaftServer{1} - Committed entries up to 40
03:56:16.545 [raft-server-1] TRACE i.a.p.raft.roles.LeaderAppender - RaftServer{1} - Sending AppendRequest{term=1, leader=1, prevLogIndex=40, prevLogTerm=1, entries=0, commitIndex=40} to 2
03:56:16.545 [raft-server-2] TRACE i.a.p.raft.roles.FollowerRole - RaftServer{2}{role=FOLLOWER} - Received AppendRequest{term=1, leader=1, prevLogIndex=40, prevLogTerm=1, entries=0, commitIndex=40}
03:56:16.545 [raft-server-1] TRACE i.a.p.raft.roles.LeaderAppender - RaftServer{1} - Received AppendResponse{status=OK, term=1, succeeded=true, lastLogIndex=40} from 3
03:56:16.545 [raft-server-1] TRACE i.a.p.raft.roles.LeaderAppender - RaftServer{1} - Sending AppendRequest{term=1, leader=1, prevLogIndex=40, prevLogTerm=1, entries=0, commitIndex=40} to 3
03:56:16.545 [raft-server-3] TRACE i.a.p.raft.roles.FollowerRole - RaftServer{3}{role=FOLLOWER} - Received AppendRequest{term=1, leader=1, prevLogIndex=40, prevLogTerm=1, entries=0, commitIndex=40}
03:56:16.545 [raft-server-1-state] TRACE i.a.p.raft.impl.RaftServiceManager - RaftServer{1} - Applying Indexed{index=40, entry=CommandEntry{term=1, timestamp=2018-06-10 03:56:16,412, session=2, sequence=35, operation=PrimitiveOperation{id=DefaultOperationId{id=write, type=COMMAND}, value=byte[]{length=17, hash=-1644578928}}}}
03:56:16.545 [raft-server-1-state] TRACE i.a.p.s.impl.DefaultServiceExecutor - PrimitiveService{2}{type=io.atomix.protocols.raft.RaftTest$TestPrimitiveType@2997f1, name=raft-test} - Executing DefaultCommit{index=40, session=RaftSession{RaftServiceContext{server=1, type=io.atomix.protocols.raft.RaftTest$TestPrimitiveType@2997f1, name=raft-test, id=2}, session=2, timestamp=2018-06-10 03:56:16,412}, time=2018-06-10 03:56:16,412, operation=DefaultOperationId{id=write, type=COMMAND}, value=byte[]{length=17, hash=-1644578928}}
03:56:16.546 [raft-server-1-state] TRACE i.a.protocols.raft.roles.LeaderRole - RaftServer{1}{role=LEADER} - Sending CommandResponse{status=OK, index=40, eventIndex=2, result=byte[]{length=2, hash=1320}}
03:56:16.546 [raft-client-fc80a008-639d-42fe-bb37-24bc71d605c3-1] TRACE i.a.p.r.s.impl.RaftSessionConnection - SessionClient{2}{type=io.atomix.protocols.raft.RaftTest$TestPrimitiveType@68b11545, name=raft-test} - Received CommandResponse{status=OK, index=40, eventIndex=2, result=byte[]{length=2, hash=1320}} from 1
03:56:16.546 [raft-client-fc80a008-639d-42fe-bb37-24bc71d605c3-1] TRACE i.a.p.r.s.impl.RaftSessionSequencer - SessionClient{2}{type=io.atomix.protocols.raft.RaftTest$TestPrimitiveType@68b11545, name=raft-test} - Completing response CommandResponse{status=OK, index=40, eventIndex=2, result=byte[]{length=2, hash=1320}}
03:56:16.546 [raft-client-fc80a008-639d-42fe-bb37-24bc71d605c3-6] TRACE i.a.p.r.s.impl.RaftSessionConnection - SessionClient{2}{type=io.atomix.protocols.raft.RaftTest$TestPrimitiveType@68b11545, name=raft-test} - Sending CommandRequest{session=2, sequence=36, operation=PrimitiveOperation{id=DefaultOperationId{id=write, type=COMMAND}, value=byte[]{length=17, hash=-1644578928}}} to 1
03:56:16.546 [raft-server-1] TRACE i.a.protocols.raft.roles.LeaderRole - RaftServer{1}{role=LEADER} - Received CommandRequest{session=2, sequence=36, operation=PrimitiveOperation{id=DefaultOperationId{id=write, type=COMMAND}, value=byte[]{length=17, hash=-1644578928}}}
03:56:16.603 [raft-server-2] TRACE i.a.p.raft.roles.FollowerRole - RaftServer{2}{role=FOLLOWER} - Committed entries up to index 40
03:56:16.603 [raft-server-2] TRACE i.a.p.raft.roles.FollowerRole - RaftServer{2}{role=FOLLOWER} - Sending AppendResponse{status=OK, term=1, succeeded=true, lastLogIndex=40}
03:56:16.603 [raft-server-2-state] TRACE i.a.p.raft.impl.RaftServiceManager - RaftServer{2} - Applying Indexed{index=40, entry=CommandEntry{term=1, timestamp=2018-06-10 03:56:16,412, session=2, sequence=35, operation=PrimitiveOperation{id=DefaultOperationId{id=write, type=COMMAND}, value=byte[]{length=17, hash=-1644578928}}}}
03:56:16.603 [raft-server-2-state] TRACE i.a.p.s.impl.DefaultServiceExecutor - PrimitiveService{2}{type=io.atomix.protocols.raft.RaftTest$TestPrimitiveType@51dfd39e, name=raft-test} - Executing DefaultCommit{index=40, session=RaftSession{RaftServiceContext{server=2, type=io.atomix.protocols.raft.RaftTest$TestPrimitiveType@51dfd39e, name=raft-test, id=2}, session=2, timestamp=2018-06-10 03:56:16,412}, time=2018-06-10 03:56:16,412, operation=DefaultOperationId{id=write, type=COMMAND}, value=byte[]{length=17, hash=-1644578928}}
03:56:16.669 [raft-server-3] TRACE i.a.p.raft.roles.FollowerRole - RaftServer{3}{role=FOLLOWER} - Committed entries up to index 40
03:56:16.669 [raft-server-3] TRACE i.a.p.raft.roles.FollowerRole - RaftServer{3}{role=FOLLOWER} - Sending AppendResponse{status=OK, term=1, succeeded=true, lastLogIndex=40}
03:56:16.669 [raft-server-3-state] TRACE i.a.p.raft.impl.RaftServiceManager - RaftServer{3} - Applying Indexed{index=40, entry=CommandEntry{term=1, timestamp=2018-06-10 03:56:16,412, session=2, sequence=35, operation=PrimitiveOperation{id=DefaultOperationId{id=write, type=COMMAND}, value=byte[]{length=17, hash=-1644578928}}}}
03:56:16.670 [raft-server-3-state] TRACE i.a.p.s.impl.DefaultServiceExecutor - PrimitiveService{2}{type=io.atomix.protocols.raft.RaftTest$TestPrimitiveType@416fde07, name=raft-test} - Executing DefaultCommit{index=40, session=RaftSession{RaftServiceContext{server=3, type=io.atomix.protocols.raft.RaftTest$TestPrimitiveType@416fde07, name=raft-test, id=2}, session=2, timestamp=2018-06-10 03:56:16,412}, time=2018-06-10 03:56:16,412, operation=DefaultOperationId{id=write, type=COMMAND}, value=byte[]{length=17, hash=-1644578928}}
03:56:16.729 [raft-client-fc80a008-639d-42fe-bb37-24bc71d605c3-1] TRACE i.a.p.r.s.impl.RaftSessionManager - RaftClient{fc80a008-639d-42fe-bb37-24bc71d605c3} - Keeping 1 sessions alive
03:56:16.729 [raft-client-fc80a008-639d-42fe-bb37-24bc71d605c3-2] TRACE i.a.p.r.s.impl.RaftSessionConnection - RaftClient{fc80a008-639d-42fe-bb37-24bc71d605c3} - Sending KeepAliveRequest{sessionIds=long[]{length=1, hash=33}, commandSequences=long[]{length=1, hash=66}, eventIndexes=long[]{length=1, hash=33}} to 1
03:56:16.743 [raft-server-1] DEBUG i.a.storage.journal.SegmentedJournal - Created disk segment: JournalSegment{id=5, version=1, index=41, size=64}
03:56:16.743 [raft-server-1] TRACE i.a.protocols.raft.roles.LeaderRole - RaftServer{1}{role=LEADER} - Appended Indexed{index=41, entry=CommandEntry{term=1, timestamp=2018-06-10 03:56:16,546, session=2, sequence=36, operation=PrimitiveOperation{id=DefaultOperationId{id=write, type=COMMAND}, value=byte[]{length=17, hash=-1644578928}}}}
03:56:16.743 [raft-server-1] TRACE i.a.p.raft.roles.LeaderAppender - RaftServer{1} - Received AppendResponse{status=OK, term=1, succeeded=true, lastLogIndex=40} from 2
03:56:16.743 [raft-server-1] TRACE i.a.p.raft.roles.LeaderAppender - RaftServer{1} - Sending AppendRequest{term=1, leader=1, prevLogIndex=40, prevLogTerm=1, entries=1, commitIndex=40} to 2
03:56:16.743 [raft-server-2] TRACE i.a.p.raft.roles.FollowerRole - RaftServer{2}{role=FOLLOWER} - Received AppendRequest{term=1, leader=1, prevLogIndex=40, prevLogTerm=1, entries=1, commitIndex=40}
03:56:16.743 [raft-server-1] TRACE i.a.p.raft.roles.LeaderAppender - RaftServer{1} - Received AppendResponse{status=OK, term=1, succeeded=true, lastLogIndex=40} from 3
03:56:16.743 [raft-server-1] TRACE i.a.p.raft.roles.LeaderAppender - RaftServer{1} - Sending AppendRequest{term=1, leader=1, prevLogIndex=40, prevLogTerm=1, entries=1, commitIndex=40} to 3
03:56:16.743 [raft-server-3] TRACE i.a.p.raft.roles.FollowerRole - RaftServer{3}{role=FOLLOWER} - Received AppendRequest{term=1, leader=1, prevLogIndex=40, prevLogTerm=1, entries=1, commitIndex=40}
03:56:16.743 [raft-server-1] TRACE i.a.protocols.raft.roles.LeaderRole - RaftServer{1}{role=LEADER} - Received KeepAliveRequest{sessionIds=long[]{length=1, hash=33}, commandSequences=long[]{length=1, hash=66}, eventIndexes=long[]{length=1, hash=33}}
03:56:16.743 [raft-server-1] TRACE i.a.protocols.raft.roles.LeaderRole - RaftServer{1}{role=LEADER} - Appended Indexed{index=42, entry=KeepAliveEntry{term=1, timestamp=2018-06-10 03:56:16,743, sessionIds=long[]{length=1, hash=33}, commandSequences=long[]{length=1, hash=66}, eventIndexes=long[]{length=1, hash=33}}}
03:56:16.919 [raft-server-2] DEBUG i.a.storage.journal.SegmentedJournal - Created disk segment: JournalSegment{id=5, version=1, index=41, size=64}
03:56:16.920 [raft-server-2] TRACE i.a.p.raft.roles.FollowerRole - RaftServer{2}{role=FOLLOWER} - Appended Indexed{index=41, entry=CommandEntry{term=1, timestamp=2018-06-10 03:56:16,546, session=2, sequence=36, operation=PrimitiveOperation{id=DefaultOperationId{id=write, type=COMMAND}, value=byte[]{length=17, hash=-1644578928}}}}
03:56:16.920 [raft-server-2] TRACE i.a.p.raft.roles.FollowerRole - RaftServer{2}{role=FOLLOWER} - Sending AppendResponse{status=OK, term=1, succeeded=true, lastLogIndex=41}
03:56:16.920 [raft-server-1] TRACE i.a.p.raft.roles.LeaderAppender - RaftServer{1} - Received AppendResponse{status=OK, term=1, succeeded=true, lastLogIndex=41} from 2
03:56:16.920 [raft-server-1] TRACE i.a.p.raft.roles.LeaderAppender - RaftServer{1} - Committed entries up to 41
03:56:16.978 [raft-server-3] DEBUG i.a.storage.journal.SegmentedJournal - Created disk segment: JournalSegment{id=5, version=1, index=41, size=64}
03:56:16.978 [raft-server-3] TRACE i.a.p.raft.roles.FollowerRole - RaftServer{3}{role=FOLLOWER} - Appended Indexed{index=41, entry=CommandEntry{term=1, timestamp=2018-06-10 03:56:16,546, session=2, sequence=36, operation=PrimitiveOperation{id=DefaultOperationId{id=write, type=COMMAND}, value=byte[]{length=17, hash=-1644578928}}}}
03:56:16.978 [raft-server-3] TRACE i.a.p.raft.roles.FollowerRole - RaftServer{3}{role=FOLLOWER} - Sending AppendResponse{status=OK, term=1, succeeded=true, lastLogIndex=41}
03:56:17.018 [raft-server-1] TRACE i.a.p.raft.roles.LeaderAppender - RaftServer{1} - Sending AppendRequest{term=1, leader=1, prevLogIndex=41, prevLogTerm=1, entries=1, commitIndex=41} to 2
03:56:17.018 [raft-server-1] TRACE i.a.p.raft.roles.LeaderAppender - RaftServer{1} - Sending AppendRequest{term=1, leader=1, prevLogIndex=41, prevLogTerm=1, entries=1, commitIndex=41} to 3
03:56:17.018 [raft-server-2] TRACE i.a.p.raft.roles.FollowerRole - RaftServer{2}{role=FOLLOWER} - Received AppendRequest{term=1, leader=1, prevLogIndex=41, prevLogTerm=1, entries=1, commitIndex=41}
03:56:17.018 [raft-server-3] TRACE i.a.p.raft.roles.FollowerRole - RaftServer{3}{role=FOLLOWER} - Received AppendRequest{term=1, leader=1, prevLogIndex=41, prevLogTerm=1, entries=1, commitIndex=41}
03:56:17.018 [raft-server-1] TRACE i.a.p.raft.roles.LeaderAppender - RaftServer{1} - Received AppendResponse{status=OK, term=1, succeeded=true, lastLogIndex=41} from 3
03:56:17.018 [raft-server-2] TRACE i.a.p.raft.roles.FollowerRole - RaftServer{2}{role=FOLLOWER} - Appended Indexed{index=42, entry=KeepAliveEntry{term=1, timestamp=2018-06-10 03:56:16,743, sessionIds=long[]{length=1, hash=33}, commandSequences=long[]{length=1, hash=66}, eventIndexes=long[]{length=1, hash=33}}}
03:56:17.018 [raft-server-3] TRACE i.a.p.raft.roles.FollowerRole - RaftServer{3}{role=FOLLOWER} - Appended Indexed{index=42, entry=KeepAliveEntry{term=1, timestamp=2018-06-10 03:56:16,743, sessionIds=long[]{length=1, hash=33}, commandSequences=long[]{length=1, hash=66}, eventIndexes=long[]{length=1, hash=33}}}
03:56:17.018 [raft-server-1-state] TRACE i.a.p.raft.impl.RaftServiceManager - RaftServer{1} - Applying Indexed{index=41, entry=CommandEntry{term=1, timestamp=2018-06-10 03:56:16,546, session=2, sequence=36, operation=PrimitiveOperation{id=DefaultOperationId{id=write, type=COMMAND}, value=byte[]{length=17, hash=-1644578928}}}}
03:56:17.019 [raft-server-1-state] TRACE i.a.p.s.impl.DefaultServiceExecutor - PrimitiveService{2}{type=io.atomix.protocols.raft.RaftTest$TestPrimitiveType@2997f1, name=raft-test} - Executing DefaultCommit{index=41, session=RaftSession{RaftServiceContext{server=1, type=io.atomix.protocols.raft.RaftTest$TestPrimitiveType@2997f1, name=raft-test, id=2}, session=2, timestamp=2018-06-10 03:56:16,546}, time=2018-06-10 03:56:16,546, operation=DefaultOperationId{id=write, type=COMMAND}, value=byte[]{length=17, hash=-1644578928}}
03:56:17.019 [raft-server-1-state] TRACE i.a.protocols.raft.roles.LeaderRole - RaftServer{1}{role=LEADER} - Sending CommandResponse{status=OK, index=41, eventIndex=2, result=byte[]{length=2, hash=1322}}
03:56:17.019 [raft-client-fc80a008-639d-42fe-bb37-24bc71d605c3-5] TRACE i.a.p.r.s.impl.RaftSessionConnection - SessionClient{2}{type=io.atomix.protocols.raft.RaftTest$TestPrimitiveType@68b11545, name=raft-test} - Received CommandResponse{status=OK, index=41, eventIndex=2, result=byte[]{length=2, hash=1322}} from 1
03:56:17.019 [raft-client-fc80a008-639d-42fe-bb37-24bc71d605c3-5] TRACE i.a.p.r.s.impl.RaftSessionSequencer - SessionClient{2}{type=io.atomix.protocols.raft.RaftTest$TestPrimitiveType@68b11545, name=raft-test} - Completing response CommandResponse{status=OK, index=41, eventIndex=2, result=byte[]{length=2, hash=1322}}
03:56:17.019 [raft-client-fc80a008-639d-42fe-bb37-24bc71d605c3-6] TRACE i.a.p.r.s.impl.RaftSessionConnection - SessionClient{2}{type=io.atomix.protocols.raft.RaftTest$TestPrimitiveType@68b11545, name=raft-test} - Sending CommandRequest{session=2, sequence=37, operation=PrimitiveOperation{id=DefaultOperationId{id=write, type=COMMAND}, value=byte[]{length=17, hash=-1644578928}}} to 1
03:56:17.019 [raft-server-1] TRACE i.a.protocols.raft.roles.LeaderRole - RaftServer{1}{role=LEADER} - Received CommandRequest{session=2, sequence=37, operation=PrimitiveOperation{id=DefaultOperationId{id=write, type=COMMAND}, value=byte[]{length=17, hash=-1644578928}}}
03:56:17.019 [raft-server-1] TRACE i.a.protocols.raft.roles.LeaderRole - RaftServer{1}{role=LEADER} - Appended Indexed{index=43, entry=CommandEntry{term=1, timestamp=2018-06-10 03:56:17,019, session=2, sequence=37, operation=PrimitiveOperation{id=DefaultOperationId{id=write, type=COMMAND}, value=byte[]{length=17, hash=-1644578928}}}}
03:56:17.086 [raft-server-2] TRACE i.a.p.raft.roles.FollowerRole - RaftServer{2}{role=FOLLOWER} - Committed entries up to index 41
03:56:17.086 [raft-server-3] TRACE i.a.p.raft.roles.FollowerRole - RaftServer{3}{role=FOLLOWER} - Committed entries up to index 41
03:56:17.086 [raft-server-2] TRACE i.a.p.raft.roles.FollowerRole - RaftServer{2}{role=FOLLOWER} - Sending AppendResponse{status=OK, term=1, succeeded=true, lastLogIndex=42}
03:56:17.086 [raft-server-3] TRACE i.a.p.raft.roles.FollowerRole - RaftServer{3}{role=FOLLOWER} - Sending AppendResponse{status=OK, term=1, succeeded=true, lastLogIndex=42}
03:56:17.086 [raft-server-1] TRACE i.a.p.raft.roles.LeaderAppender - RaftServer{1} - Received AppendResponse{status=OK, term=1, succeeded=true, lastLogIndex=42} from 2
03:56:17.087 [raft-server-2-state] TRACE i.a.p.raft.impl.RaftServiceManager - RaftServer{2} - Applying Indexed{index=41, entry=CommandEntry{term=1, timestamp=2018-06-10 03:56:16,546, session=2, sequence=36, operation=PrimitiveOperation{id=DefaultOperationId{id=write, type=COMMAND}, value=byte[]{length=17, hash=-1644578928}}}}
03:56:17.087 [raft-server-3-state] TRACE i.a.p.raft.impl.RaftServiceManager - RaftServer{3} - Applying Indexed{index=41, entry=CommandEntry{term=1, timestamp=2018-06-10 03:56:16,546, session=2, sequence=36, operation=PrimitiveOperation{id=DefaultOperationId{id=write, type=COMMAND}, value=byte[]{length=17, hash=-1644578928}}}}
03:56:17.087 [raft-server-1] TRACE i.a.p.raft.roles.LeaderAppender - RaftServer{1} - Committed entries up to 42
03:56:17.087 [raft-server-2-state] TRACE i.a.p.s.impl.DefaultServiceExecutor - PrimitiveService{2}{type=io.atomix.protocols.raft.RaftTest$TestPrimitiveType@51dfd39e, name=raft-test} - Executing DefaultCommit{index=41, session=RaftSession{RaftServiceContext{server=2, type=io.atomix.protocols.raft.RaftTest$TestPrimitiveType@51dfd39e, name=raft-test, id=2}, session=2, timestamp=2018-06-10 03:56:16,546}, time=2018-06-10 03:56:16,546, operation=DefaultOperationId{id=write, type=COMMAND}, value=byte[]{length=17, hash=-1644578928}}
03:56:17.087 [raft-server-3-state] TRACE i.a.p.s.impl.DefaultServiceExecutor - PrimitiveService{2}{type=io.atomix.protocols.raft.RaftTest$TestPrimitiveType@416fde07, name=raft-test} - Executing DefaultCommit{index=41, session=RaftSession{RaftServiceContext{server=3, type=io.atomix.protocols.raft.RaftTest$TestPrimitiveType@416fde07, name=raft-test, id=2}, session=2, timestamp=2018-06-10 03:56:16,546}, time=2018-06-10 03:56:16,546, operation=DefaultOperationId{id=write, type=COMMAND}, value=byte[]{length=17, hash=-1644578928}}
03:56:17.153 [raft-server-1] TRACE i.a.p.raft.roles.LeaderAppender - RaftServer{1} - Sending AppendRequest{term=1, leader=1, prevLogIndex=42, prevLogTerm=1, entries=1, commitIndex=42} to 2
03:56:17.153 [raft-server-2] TRACE i.a.p.raft.roles.FollowerRole - RaftServer{2}{role=FOLLOWER} - Received AppendRequest{term=1, leader=1, prevLogIndex=42, prevLogTerm=1, entries=1, commitIndex=42}
03:56:17.153 [raft-server-1] TRACE i.a.p.raft.roles.LeaderAppender - RaftServer{1} - Sending AppendRequest{term=1, leader=1, prevLogIndex=42, prevLogTerm=1, entries=1, commitIndex=42} to 3
03:56:17.153 [raft-server-3] TRACE i.a.p.raft.roles.FollowerRole - RaftServer{3}{role=FOLLOWER} - Received AppendRequest{term=1, leader=1, prevLogIndex=42, prevLogTerm=1, entries=1, commitIndex=42}
03:56:17.153 [raft-server-1] TRACE i.a.p.raft.roles.LeaderAppender - RaftServer{1} - Received AppendResponse{status=OK, term=1, succeeded=true, lastLogIndex=42} from 3
03:56:17.153 [raft-server-2] TRACE i.a.p.raft.roles.FollowerRole - RaftServer{2}{role=FOLLOWER} - Appended Indexed{index=43, entry=CommandEntry{term=1, timestamp=2018-06-10 03:56:17,019, session=2, sequence=37, operation=PrimitiveOperation{id=DefaultOperationId{id=write, type=COMMAND}, value=byte[]{length=17, hash=-1644578928}}}}
03:56:17.153 [raft-server-1-state] TRACE i.a.p.raft.impl.RaftServiceManager - RaftServer{1} - Applying Indexed{index=42, entry=KeepAliveEntry{term=1, timestamp=2018-06-10 03:56:16,743, sessionIds=long[]{length=1, hash=33}, commandSequences=long[]{length=1, hash=66}, eventIndexes=long[]{length=1, hash=33}}}
03:56:17.153 [raft-server-1] TRACE i.a.protocols.raft.roles.LeaderRole - RaftServer{1}{role=LEADER} - Sending KeepAliveResponse{status=OK, leader=1, members=[3, 2, 1], sessionIds=long[]{length=1, hash=33}}
03:56:17.153 [raft-server-3] TRACE i.a.p.raft.roles.FollowerRole - RaftServer{3}{role=FOLLOWER} - Appended Indexed{index=43, entry=CommandEntry{term=1, timestamp=2018-06-10 03:56:17,019, session=2, sequence=37, operation=PrimitiveOperation{id=DefaultOperationId{id=write, type=COMMAND}, value=byte[]{length=17, hash=-1644578928}}}}
03:56:17.153 [raft-client-fc80a008-639d-42fe-bb37-24bc71d605c3-3] TRACE i.a.p.r.s.impl.RaftSessionConnection - RaftClient{fc80a008-639d-42fe-bb37-24bc71d605c3} - Received KeepAliveResponse{status=OK, leader=1, members=[3, 2, 1], sessionIds=long[]{length=1, hash=33}} from 1
03:56:17.154 [raft-server-1] DEBUG i.a.p.raft.impl.RaftServiceManager - RaftServer{1} - Snapshotting services
03:56:17.154 [raft-server-1-state] DEBUG i.a.p.r.s.snapshot.SnapshotStore - Created memory snapshot: MemorySnapshot{index=42}
03:56:17.154 [raft-server-1-state] TRACE io.atomix.utils.serializer.Namespace - Creating Kryo instance for Namespace{registeredBlocks=[RegistrationBlock{begin=16, types=[([Ljava.lang.Class;@7d0100ea,null), ([Ljava.lang.Class;@357bc488,null), ([Ljava.lang.Class;@4ea17147,null), ([Ljava.lang.Class;@2eda4eeb,null), ([Ljava.lang.Class;@5ba90d8a,io.atomix.utils.serializer.serializers.ImmutableListSerializer@309dcdf3), ([Ljava.lang.Class;@7573b9ee,io.atomix.utils.serializer.serializers.ImmutableSetSerializer@9a20cbd), ([Ljava.lang.Class;@1af4955e,io.atomix.utils.serializer.serializers.ImmutableMapSerializer@445821a6), ([Ljava.lang.Class;@2c0c4c0a,null), ([Ljava.lang.Class;@35d26ad2,null), ([Ljava.lang.Class;@bb25753,null), ([Ljava.lang.Class;@ee21292,null), ([Ljava.lang.Class;@40c06358,null), ([Ljava.lang.Class;@66e21568,null), ([Ljava.lang.Class;@7f73ce28,null), ([Ljava.lang.Class;@611b35d6,null), ([Ljava.lang.Class;@2282400e,null), ([Ljava.lang.Class;@543d5863,null), ([Ljava.lang.Class;@35dece42,null), ([Ljava.lang.Class;@dd3f8aa,null), ([Ljava.lang.Class;@3d615b2e,null), ([Ljava.lang.Class;@3a1f2a1,io.atomix.utils.serializer.serializers.ArraysAsListSerializer@40ce9049), ([Ljava.lang.Class;@52ca2652,null), ([Ljava.lang.Class;@65c5bf0e,null), ([Ljava.lang.Class;@697d6ded,null), ([Ljava.lang.Class;@5d05f453,null), ([Ljava.lang.Class;@5efeb117,null), ([Ljava.lang.Class;@160b4809,null), ([Ljava.lang.Class;@149b4d20,null), ([Ljava.lang.Class;@664e848c,null), ([Ljava.lang.Class;@4d93f75b,null), ([Ljava.lang.Class;@114a5e0,null), ([Ljava.lang.Class;@4f281aaf,null), ([Ljava.lang.Class;@5d508d22,null), ([Ljava.lang.Class;@f2b90fc,null), ([Ljava.lang.Class;@2bb41f5c,null), ([Ljava.lang.Class;@24c685e7,null)]}, RegistrationBlock{begin=52, types=[([Ljava.lang.Class;@600668be,null)]}]}
03:56:17.155 [raft-server-1-state] TRACE io.atomix.utils.serializer.Namespace - class [B registered as 16
03:56:17.155 [raft-server-1-state] TRACE io.atomix.utils.serializer.Namespace - class java.util.concurrent.atomic.AtomicBoolean registered as 17
03:56:17.155 [raft-server-1-state] TRACE io.atomix.utils.serializer.Namespace - class java.util.concurrent.atomic.AtomicInteger registered as 18
03:56:17.155 [raft-server-1-state] TRACE io.atomix.utils.serializer.Namespace - class java.util.concurrent.atomic.AtomicLong registered as 19
03:56:17.155 [raft-server-1-state] TRACE io.atomix.utils.serializer.Namespace - class com.google.common.collect.ImmutableList registered as 20
03:56:17.155 [raft-server-1-state] TRACE io.atomix.utils.serializer.Namespace - class com.google.common.collect.RegularImmutableList registered as 20
03:56:17.155 [raft-server-1-state] TRACE io.atomix.utils.serializer.Namespace - class com.google.common.collect.RegularImmutableList registered as 20
03:56:17.155 [raft-server-1-state] TRACE io.atomix.utils.serializer.Namespace - class com.google.common.collect.ImmutableList$SubList registered as 20
03:56:17.155 [raft-server-1-state] TRACE io.atomix.utils.serializer.Namespace - class com.google.common.collect.ImmutableSet registered as 21
03:56:17.155 [raft-server-1-state] TRACE io.atomix.utils.serializer.Namespace - class com.google.common.collect.RegularImmutableSet registered as 21
03:56:17.155 [raft-server-1-state] TRACE io.atomix.utils.serializer.Namespace - class com.google.common.collect.SingletonImmutableSet registered as 21
03:56:17.155 [raft-server-1-state] TRACE io.atomix.utils.serializer.Namespace - class com.google.common.collect.RegularImmutableSet registered as 21
03:56:17.155 [raft-server-1-state] TRACE io.atomix.utils.serializer.Namespace - class com.google.common.collect.ImmutableMap registered as 22
03:56:17.155 [raft-server-1-state] TRACE io.atomix.utils.serializer.Namespace - class com.google.common.collect.RegularImmutableMap registered as 22
03:56:17.155 [raft-server-1-state] TRACE io.atomix.utils.serializer.Namespace - class com.google.common.collect.RegularImmutableMap registered as 22
03:56:17.155 [raft-server-1-state] TRACE io.atomix.utils.serializer.Namespace - class com.google.common.collect.RegularImmutableMap registered as 22
03:56:17.155 [raft-server-1-state] TRACE io.atomix.utils.serializer.Namespace - class java.util.Collections$UnmodifiableSet registered as 23
03:56:17.155 [raft-server-1-state] TRACE io.atomix.utils.serializer.Namespace - class java.util.HashMap registered as 24
03:56:17.155 [raft-server-1-state] TRACE io.atomix.utils.serializer.Namespace - class java.util.concurrent.ConcurrentHashMap registered as 25
03:56:17.155 [raft-server-1-state] TRACE io.atomix.utils.serializer.Namespace - class java.util.concurrent.CopyOnWriteArraySet registered as 26
03:56:17.155 [raft-server-1-state] TRACE io.atomix.utils.serializer.Namespace - class java.util.ArrayList registered as 27
03:56:17.155 [raft-server-1-state] TRACE io.atomix.utils.serializer.Namespace - class java.util.LinkedList registered as 28
03:56:17.155 [raft-server-1-state] TRACE io.atomix.utils.serializer.Namespace - class java.util.HashSet registered as 29
03:56:17.155 [raft-server-1-state] TRACE io.atomix.utils.serializer.Namespace - class java.util.LinkedHashSet registered as 30
03:56:17.155 [raft-server-1-state] TRACE io.atomix.utils.serializer.Namespace - class com.sun.jmx.remote.internal.ArrayQueue registered as 31
03:56:17.155 [raft-server-1-state] TRACE io.atomix.utils.serializer.Namespace - class java.util.ArrayDeque registered as 32
03:56:17.155 [raft-server-1-state] TRACE io.atomix.utils.serializer.Namespace - class com.google.common.collect.HashMultiset registered as 33
03:56:17.155 [raft-server-1-state] TRACE io.atomix.utils.serializer.Namespace - class com.google.common.collect.Sets registered as 34
03:56:17.155 [raft-server-1-state] TRACE io.atomix.utils.serializer.Namespace - class com.google.common.collect.ImmutableEntry registered as 35
03:56:17.156 [raft-server-1-state] TRACE io.atomix.utils.serializer.Namespace - class java.util.Arrays$ArrayList registered as 36
03:56:17.156 [raft-server-1-state] TRACE io.atomix.utils.serializer.Namespace - class java.util.Collections$SingletonList registered as 37
03:56:17.156 [raft-server-1-state] TRACE io.atomix.utils.serializer.Namespace - class java.time.Duration registered as 38
03:56:17.156 [raft-server-1-state] TRACE io.atomix.utils.serializer.Namespace - class java.util.Collections$EmptySet registered as 39
03:56:17.156 [raft-server-1-state] TRACE io.atomix.utils.serializer.Namespace - class java.util.Optional registered as 40
03:56:17.156 [raft-server-1-state] TRACE io.atomix.utils.serializer.Namespace - class java.util.Collections$EmptyList registered as 41
03:56:17.156 [raft-server-1-state] TRACE io.atomix.utils.serializer.Namespace - class java.util.Collections$SingletonSet registered as 42
03:56:17.156 [raft-server-1-state] TRACE io.atomix.utils.serializer.Namespace - class [I registered as 43
03:56:17.156 [raft-server-1-state] TRACE io.atomix.utils.serializer.Namespace - class [J registered as 44
03:56:17.156 [raft-server-1-state] TRACE io.atomix.utils.serializer.Namespace - class [S registered as 45
03:56:17.156 [raft-server-1-state] TRACE io.atomix.utils.serializer.Namespace - class [D registered as 46
03:56:17.156 [raft-server-1-state] TRACE io.atomix.utils.serializer.Namespace - class [F registered as 47
03:56:17.156 [raft-server-1-state] TRACE io.atomix.utils.serializer.Namespace - class [C registered as 48
03:56:17.156 [raft-server-1-state] TRACE io.atomix.utils.serializer.Namespace - class [Ljava.lang.String; registered as 49
03:56:17.156 [raft-server-1-state] TRACE io.atomix.utils.serializer.Namespace - class [Z registered as 50
03:56:17.156 [raft-server-1-state] TRACE io.atomix.utils.serializer.Namespace - class [Ljava.lang.Object; registered as 51
03:56:17.156 [raft-server-1-state] TRACE io.atomix.utils.serializer.Namespace - class io.atomix.primitive.service.ServiceConfig registered as 52
03:56:17.156 [raft-server-1-state] DEBUG i.a.p.r.service.RaftServiceContext - PrimitiveService{2}{type=io.atomix.protocols.raft.RaftTest$TestPrimitiveType@2997f1, name=raft-test} - Taking snapshot 42
03:56:17.156 [raft-server-1-state] TRACE io.atomix.utils.serializer.Namespace - Creating Kryo instance for Namespace{registeredBlocks=[RegistrationBlock{begin=16, types=[([Ljava.lang.Class;@7d0100ea,null), ([Ljava.lang.Class;@357bc488,null), ([Ljava.lang.Class;@4ea17147,null), ([Ljava.lang.Class;@2eda4eeb,null), ([Ljava.lang.Class;@5ba90d8a,io.atomix.utils.serializer.serializers.ImmutableListSerializer@309dcdf3), ([Ljava.lang.Class;@7573b9ee,io.atomix.utils.serializer.serializers.ImmutableSetSerializer@9a20cbd), ([Ljava.lang.Class;@1af4955e,io.atomix.utils.serializer.serializers.ImmutableMapSerializer@445821a6), ([Ljava.lang.Class;@2c0c4c0a,null), ([Ljava.lang.Class;@35d26ad2,null), ([Ljava.lang.Class;@bb25753,null), ([Ljava.lang.Class;@ee21292,null), ([Ljava.lang.Class;@40c06358,null), ([Ljava.lang.Class;@66e21568,null), ([Ljava.lang.Class;@7f73ce28,null), ([Ljava.lang.Class;@611b35d6,null), ([Ljava.lang.Class;@2282400e,null), ([Ljava.lang.Class;@543d5863,null), ([Ljava.lang.Class;@35dece42,null), ([Ljava.lang.Class;@dd3f8aa,null), ([Ljava.lang.Class;@3d615b2e,null), ([Ljava.lang.Class;@3a1f2a1,io.atomix.utils.serializer.serializers.ArraysAsListSerializer@40ce9049), ([Ljava.lang.Class;@52ca2652,null), ([Ljava.lang.Class;@65c5bf0e,null), ([Ljava.lang.Class;@697d6ded,null), ([Ljava.lang.Class;@5d05f453,null), ([Ljava.lang.Class;@5efeb117,null), ([Ljava.lang.Class;@160b4809,null), ([Ljava.lang.Class;@149b4d20,null), ([Ljava.lang.Class;@664e848c,null), ([Ljava.lang.Class;@4d93f75b,null), ([Ljava.lang.Class;@114a5e0,null), ([Ljava.lang.Class;@4f281aaf,null), ([Ljava.lang.Class;@5d508d22,null), ([Ljava.lang.Class;@f2b90fc,null), ([Ljava.lang.Class;@2bb41f5c,null), ([Ljava.lang.Class;@24c685e7,null)]}, RegistrationBlock{begin=52, types=[([Ljava.lang.Class;@7ce9f03e,null)]}]}
03:56:17.156 [raft-server-1-state] TRACE io.atomix.utils.serializer.Namespace - class [B registered as 16
03:56:17.156 [raft-server-1-state] TRACE io.atomix.utils.serializer.Namespace - class java.util.concurrent.atomic.AtomicBoolean registered as 17
03:56:17.157 [raft-server-1-state] TRACE io.atomix.utils.serializer.Namespace - class java.util.concurrent.atomic.AtomicInteger registered as 18
03:56:17.157 [raft-server-1-state] TRACE io.atomix.utils.serializer.Namespace - class java.util.concurrent.atomic.AtomicLong registered as 19
03:56:17.157 [raft-server-1-state] TRACE io.atomix.utils.serializer.Namespace - class com.google.common.collect.ImmutableList registered as 20
03:56:17.157 [raft-server-1-state] TRACE io.atomix.utils.serializer.Namespace - class com.google.common.collect.RegularImmutableList registered as 20
03:56:17.157 [raft-server-1-state] TRACE io.atomix.utils.serializer.Namespace - class com.google.common.collect.RegularImmutableList registered as 20
03:56:17.157 [raft-server-1-state] TRACE io.atomix.utils.serializer.Namespace - class com.google.common.collect.ImmutableList$SubList registered as 20
03:56:17.157 [raft-server-1-state] TRACE io.atomix.utils.serializer.Namespace - class com.google.common.collect.ImmutableSet registered as 21
03:56:17.157 [raft-server-1-state] TRACE io.atomix.utils.serializer.Namespace - class com.google.common.collect.RegularImmutableSet registered as 21
03:56:17.157 [raft-server-1-state] TRACE io.atomix.utils.serializer.Namespace - class com.google.common.collect.SingletonImmutableSet registered as 21
03:56:17.157 [raft-server-1-state] TRACE io.atomix.utils.serializer.Namespace - class com.google.common.collect.RegularImmutableSet registered as 21
03:56:17.157 [raft-server-1-state] TRACE io.atomix.utils.serializer.Namespace - class com.google.common.collect.ImmutableMap registered as 22
03:56:17.157 [raft-server-1-state] TRACE io.atomix.utils.serializer.Namespace - class com.google.common.collect.RegularImmutableMap registered as 22
03:56:17.157 [raft-server-1-state] TRACE io.atomix.utils.serializer.Namespace - class com.google.common.collect.RegularImmutableMap registered as 22
03:56:17.157 [raft-server-1-state] TRACE io.atomix.utils.serializer.Namespace - class com.google.common.collect.RegularImmutableMap registered as 22
03:56:17.157 [raft-server-1-state] TRACE io.atomix.utils.serializer.Namespace - class java.util.Collections$UnmodifiableSet registered as 23
03:56:17.157 [raft-server-1-state] TRACE io.atomix.utils.serializer.Namespace - class java.util.HashMap registered as 24
03:56:17.157 [raft-server-1-state] TRACE io.atomix.utils.serializer.Namespace - class java.util.concurrent.ConcurrentHashMap registered as 25
03:56:17.157 [raft-server-1-state] TRACE io.atomix.utils.serializer.Namespace - class java.util.concurrent.CopyOnWriteArraySet registered as 26
03:56:17.157 [raft-server-1-state] TRACE io.atomix.utils.serializer.Namespace - class java.util.ArrayList registered as 27
03:56:17.157 [raft-server-1-state] TRACE io.atomix.utils.serializer.Namespace - class java.util.LinkedList registered as 28
03:56:17.157 [raft-server-1-state] TRACE io.atomix.utils.serializer.Namespace - class java.util.HashSet registered as 29
03:56:17.157 [raft-server-1-state] TRACE io.atomix.utils.serializer.Namespace - class java.util.LinkedHashSet registered as 30
03:56:17.157 [raft-server-1-state] TRACE io.atomix.utils.serializer.Namespace - class com.sun.jmx.remote.internal.ArrayQueue registered as 31
03:56:17.157 [raft-server-1-state] TRACE io.atomix.utils.serializer.Namespace - class java.util.ArrayDeque registered as 32
03:56:17.157 [raft-server-1-state] TRACE io.atomix.utils.serializer.Namespace - class com.google.common.collect.HashMultiset registered as 33
03:56:17.157 [raft-server-1-state] TRACE io.atomix.utils.serializer.Namespace - class com.google.common.collect.Sets registered as 34
03:56:17.157 [raft-server-1-state] TRACE io.atomix.utils.serializer.Namespace - class com.google.common.collect.ImmutableEntry registered as 35
03:56:17.157 [raft-server-1-state] TRACE io.atomix.utils.serializer.Namespace - class java.util.Arrays$ArrayList registered as 36
03:56:17.157 [raft-server-1-state] TRACE io.atomix.utils.serializer.Namespace - class java.util.Collections$SingletonList registered as 37
03:56:17.157 [raft-server-1-state] TRACE io.atomix.utils.serializer.Namespace - class java.time.Duration registered as 38
03:56:17.157 [raft-server-1-state] TRACE io.atomix.utils.serializer.Namespace - class java.util.Collections$EmptySet registered as 39
03:56:17.157 [raft-server-1-state] TRACE io.atomix.utils.serializer.Namespace - class java.util.Optional registered as 40
03:56:17.157 [raft-server-1-state] TRACE io.atomix.utils.serializer.Namespace - class java.util.Collections$EmptyList registered as 41
03:56:17.158 [raft-server-1-state] TRACE io.atomix.utils.serializer.Namespace - class java.util.Collections$SingletonSet registered as 42
03:56:17.158 [raft-server-1-state] TRACE io.atomix.utils.serializer.Namespace - class [I registered as 43
03:56:17.158 [raft-server-1-state] TRACE io.atomix.utils.serializer.Namespace - class [J registered as 44
03:56:17.158 [raft-server-1-state] TRACE io.atomix.utils.serializer.Namespace - class [S registered as 45
03:56:17.158 [raft-server-1-state] TRACE io.atomix.utils.serializer.Namespace - class [D registered as 46
03:56:17.158 [raft-server-1-state] TRACE io.atomix.utils.serializer.Namespace - class [F registered as 47
03:56:17.158 [raft-server-1-state] TRACE io.atomix.utils.serializer.Namespace - class [C registered as 48
03:56:17.158 [raft-server-1-state] TRACE io.atomix.utils.serializer.Namespace - class [Ljava.lang.String; registered as 49
03:56:17.158 [raft-server-1-state] TRACE io.atomix.utils.serializer.Namespace - class [Z registered as 50
03:56:17.158 [raft-server-1-state] TRACE io.atomix.utils.serializer.Namespace - class [Ljava.lang.Object; registered as 51
03:56:17.158 [raft-server-1-state] TRACE io.atomix.utils.serializer.Namespace - class io.atomix.primitive.service.ServiceConfig registered as 52
03:56:17.158 [raft-server-1-compaction] DEBUG i.a.p.r.s.snapshot.SnapshotStore - Created disk snapshot: FileSnapshot{index=42}
03:56:17.218 [raft-server-2] TRACE i.a.p.raft.roles.FollowerRole - RaftServer{2}{role=FOLLOWER} - Committed entries up to index 42
03:56:17.218 [raft-server-3] TRACE i.a.p.raft.roles.FollowerRole - RaftServer{3}{role=FOLLOWER} - Committed entries up to index 42
03:56:17.218 [raft-server-2] TRACE i.a.p.raft.roles.FollowerRole - RaftServer{2}{role=FOLLOWER} - Sending AppendResponse{status=OK, term=1, succeeded=true, lastLogIndex=43}
03:56:17.218 [raft-server-3] TRACE i.a.p.raft.roles.FollowerRole - RaftServer{3}{role=FOLLOWER} - Sending AppendResponse{status=OK, term=1, succeeded=true, lastLogIndex=43}
03:56:17.218 [raft-server-1] TRACE i.a.p.raft.roles.LeaderAppender - RaftServer{1} - Received AppendResponse{status=OK, term=1, succeeded=true, lastLogIndex=43} from 2
03:56:17.218 [raft-server-1] TRACE i.a.p.raft.roles.LeaderAppender - RaftServer{1} - Committed entries up to 43
03:56:17.218 [raft-server-3-state] TRACE i.a.p.raft.impl.RaftServiceManager - RaftServer{3} - Applying Indexed{index=42, entry=KeepAliveEntry{term=1, timestamp=2018-06-10 03:56:16,743, sessionIds=long[]{length=1, hash=33}, commandSequences=long[]{length=1, hash=66}, eventIndexes=long[]{length=1, hash=33}}}
03:56:17.218 [raft-server-2-state] TRACE i.a.p.raft.impl.RaftServiceManager - RaftServer{2} - Applying Indexed{index=42, entry=KeepAliveEntry{term=1, timestamp=2018-06-10 03:56:16,743, sessionIds=long[]{length=1, hash=33}, commandSequences=long[]{length=1, hash=66}, eventIndexes=long[]{length=1, hash=33}}}
03:56:17.353 [raft-server-1] TRACE i.a.p.raft.roles.LeaderAppender - RaftServer{1} - Sending AppendRequest{term=1, leader=1, prevLogIndex=43, prevLogTerm=1, entries=0, commitIndex=43} to 2
03:56:17.353 [raft-server-1] TRACE i.a.p.raft.roles.LeaderAppender - RaftServer{1} - Received AppendResponse{status=OK, term=1, succeeded=true, lastLogIndex=43} from 3
03:56:17.353 [raft-server-1] TRACE i.a.p.raft.roles.LeaderAppender - RaftServer{1} - Sending AppendRequest{term=1, leader=1, prevLogIndex=43, prevLogTerm=1, entries=0, commitIndex=43} to 3
03:56:17.353 [raft-server-2] TRACE i.a.p.raft.roles.FollowerRole - RaftServer{2}{role=FOLLOWER} - Received AppendRequest{term=1, leader=1, prevLogIndex=43, prevLogTerm=1, entries=0, commitIndex=43}
03:56:17.353 [raft-server-3] TRACE i.a.p.raft.roles.FollowerRole - RaftServer{3}{role=FOLLOWER} - Received AppendRequest{term=1, leader=1, prevLogIndex=43, prevLogTerm=1, entries=0, commitIndex=43}
03:56:17.353 [raft-server-1-state] TRACE i.a.p.raft.impl.RaftServiceManager - RaftServer{1} - Applying Indexed{index=43, entry=CommandEntry{term=1, timestamp=2018-06-10 03:56:17,019, session=2, sequence=37, operation=PrimitiveOperation{id=DefaultOperationId{id=write, type=COMMAND}, value=byte[]{length=17, hash=-1644578928}}}}
03:56:17.353 [raft-server-1-state] TRACE i.a.p.s.impl.DefaultServiceExecutor - PrimitiveService{2}{type=io.atomix.protocols.raft.RaftTest$TestPrimitiveType@2997f1, name=raft-test} - Executing DefaultCommit{index=43, session=RaftSession{RaftServiceContext{server=1, type=io.atomix.protocols.raft.RaftTest$TestPrimitiveType@2997f1, name=raft-test, id=2}, session=2, timestamp=2018-06-10 03:56:17,019}, time=2018-06-10 03:56:17,019, operation=DefaultOperationId{id=write, type=COMMAND}, value=byte[]{length=17, hash=-1644578928}}
03:56:17.353 [raft-server-1] TRACE i.a.protocols.raft.roles.LeaderRole - RaftServer{1}{role=LEADER} - Sending CommandResponse{status=OK, index=43, eventIndex=2, result=byte[]{length=2, hash=1326}}
03:56:17.353 [raft-client-fc80a008-639d-42fe-bb37-24bc71d605c3-2] TRACE i.a.p.r.s.impl.RaftSessionConnection - SessionClient{2}{type=io.atomix.protocols.raft.RaftTest$TestPrimitiveType@68b11545, name=raft-test} - Received CommandResponse{status=OK, index=43, eventIndex=2, result=byte[]{length=2, hash=1326}} from 1
03:56:17.353 [raft-client-fc80a008-639d-42fe-bb37-24bc71d605c3-2] TRACE i.a.p.r.s.impl.RaftSessionSequencer - SessionClient{2}{type=io.atomix.protocols.raft.RaftTest$TestPrimitiveType@68b11545, name=raft-test} - Completing response CommandResponse{status=OK, index=43, eventIndex=2, result=byte[]{length=2, hash=1326}}
03:56:17.354 [raft-client-fc80a008-639d-42fe-bb37-24bc71d605c3-5] TRACE i.a.p.r.s.impl.RaftSessionConnection - SessionClient{2}{type=io.atomix.protocols.raft.RaftTest$TestPrimitiveType@68b11545, name=raft-test} - Sending CommandRequest{session=2, sequence=38, operation=PrimitiveOperation{id=DefaultOperationId{id=write, type=COMMAND}, value=byte[]{length=17, hash=-1644578928}}} to 1
03:56:17.354 [raft-server-1] TRACE i.a.protocols.raft.roles.LeaderRole - RaftServer{1}{role=LEADER} - Received CommandRequest{session=2, sequence=38, operation=PrimitiveOperation{id=DefaultOperationId{id=write, type=COMMAND}, value=byte[]{length=17, hash=-1644578928}}}
03:56:17.354 [raft-server-1] TRACE i.a.protocols.raft.roles.LeaderRole - RaftServer{1}{role=LEADER} - Appended Indexed{index=44, entry=CommandEntry{term=1, timestamp=2018-06-10 03:56:17,354, session=2, sequence=38, operation=PrimitiveOperation{id=DefaultOperationId{id=write, type=COMMAND}, value=byte[]{length=17, hash=-1644578928}}}}
03:56:17.447 [raft-server-1] TRACE i.a.p.raft.roles.LeaderAppender - RaftServer{1} - Sending AppendRequest{term=1, leader=1, prevLogIndex=43, prevLogTerm=1, entries=1, commitIndex=43} to 3
03:56:17.447 [raft-server-1] TRACE i.a.p.raft.roles.LeaderAppender - RaftServer{1} - Sending AppendRequest{term=1, leader=1, prevLogIndex=43, prevLogTerm=1, entries=1, commitIndex=43} to 2
03:56:17.628 [raft-server-2] TRACE i.a.p.raft.roles.FollowerRole - RaftServer{2}{role=FOLLOWER} - Committed entries up to index 43
03:56:17.628 [raft-server-3] TRACE i.a.p.raft.roles.FollowerRole - RaftServer{3}{role=FOLLOWER} - Committed entries up to index 43
03:56:17.628 [raft-server-2] TRACE i.a.p.raft.roles.FollowerRole - RaftServer{2}{role=FOLLOWER} - Sending AppendResponse{status=OK, term=1, succeeded=true, lastLogIndex=43}
03:56:17.628 [raft-server-3] TRACE i.a.p.raft.roles.FollowerRole - RaftServer{3}{role=FOLLOWER} - Sending AppendResponse{status=OK, term=1, succeeded=true, lastLogIndex=43}
03:56:17.628 [raft-server-1] TRACE i.a.p.raft.roles.LeaderAppender - RaftServer{1} - Received AppendResponse{status=OK, term=1, succeeded=true, lastLogIndex=43} from 2
03:56:17.628 [raft-server-3] TRACE i.a.p.raft.roles.FollowerRole - RaftServer{3}{role=FOLLOWER} - Received AppendRequest{term=1, leader=1, prevLogIndex=43, prevLogTerm=1, entries=1, commitIndex=43}
03:56:17.628 [raft-server-1] TRACE i.a.p.raft.roles.LeaderAppender - RaftServer{1} - Received AppendResponse{status=OK, term=1, succeeded=true, lastLogIndex=43} from 3
03:56:17.628 [raft-server-2] DEBUG i.a.p.raft.impl.RaftServiceManager - RaftServer{2} - Snapshotting services
03:56:17.628 [raft-server-3] TRACE i.a.p.raft.roles.FollowerRole - RaftServer{3}{role=FOLLOWER} - Appended Indexed{index=44, entry=CommandEntry{term=1, timestamp=2018-06-10 03:56:17,354, session=2, sequence=38, operation=PrimitiveOperation{id=DefaultOperationId{id=write, type=COMMAND}, value=byte[]{length=17, hash=-1644578928}}}}
03:56:17.628 [raft-server-2-state] DEBUG i.a.p.r.s.snapshot.SnapshotStore - Created memory snapshot: MemorySnapshot{index=42}
03:56:17.628 [raft-server-3] TRACE i.a.p.raft.roles.FollowerRole - RaftServer{3}{role=FOLLOWER} - Sending AppendResponse{status=OK, term=1, succeeded=true, lastLogIndex=44}
03:56:17.628 [raft-server-1] TRACE i.a.p.raft.roles.LeaderAppender - RaftServer{1} - Received AppendResponse{status=OK, term=1, succeeded=true, lastLogIndex=44} from 3
03:56:17.628 [raft-server-3] DEBUG i.a.p.raft.impl.RaftServiceManager - RaftServer{3} - Snapshotting services
03:56:17.628 [raft-server-1] TRACE i.a.p.raft.roles.LeaderAppender - RaftServer{1} - Committed entries up to 44
03:56:17.628 [raft-server-2-state] TRACE io.atomix.utils.serializer.Namespace - Creating Kryo instance for Namespace{registeredBlocks=[RegistrationBlock{begin=16, types=[([Ljava.lang.Class;@7d0100ea,null), ([Ljava.lang.Class;@357bc488,null), ([Ljava.lang.Class;@4ea17147,null), ([Ljava.lang.Class;@2eda4eeb,null), ([Ljava.lang.Class;@5ba90d8a,io.atomix.utils.serializer.serializers.ImmutableListSerializer@309dcdf3), ([Ljava.lang.Class;@7573b9ee,io.atomix.utils.serializer.serializers.ImmutableSetSerializer@9a20cbd), ([Ljava.lang.Class;@1af4955e,io.atomix.utils.serializer.serializers.ImmutableMapSerializer@445821a6), ([Ljava.lang.Class;@2c0c4c0a,null), ([Ljava.lang.Class;@35d26ad2,null), ([Ljava.lang.Class;@bb25753,null), ([Ljava.lang.Class;@ee21292,null), ([Ljava.lang.Class;@40c06358,null), ([Ljava.lang.Class;@66e21568,null), ([Ljava.lang.Class;@7f73ce28,null), ([Ljava.lang.Class;@611b35d6,null), ([Ljava.lang.Class;@2282400e,null), ([Ljava.lang.Class;@543d5863,null), ([Ljava.lang.Class;@35dece42,null), ([Ljava.lang.Class;@dd3f8aa,null), ([Ljava.lang.Class;@3d615b2e,null), ([Ljava.lang.Class;@3a1f2a1,io.atomix.utils.serializer.serializers.ArraysAsListSerializer@40ce9049), ([Ljava.lang.Class;@52ca2652,null), ([Ljava.lang.Class;@65c5bf0e,null), ([Ljava.lang.Class;@697d6ded,null), ([Ljava.lang.Class;@5d05f453,null), ([Ljava.lang.Class;@5efeb117,null), ([Ljava.lang.Class;@160b4809,null), ([Ljava.lang.Class;@149b4d20,null), ([Ljava.lang.Class;@664e848c,null), ([Ljava.lang.Class;@4d93f75b,null), ([Ljava.lang.Class;@114a5e0,null), ([Ljava.lang.Class;@4f281aaf,null), ([Ljava.lang.Class;@5d508d22,null), ([Ljava.lang.Class;@f2b90fc,null), ([Ljava.lang.Class;@2bb41f5c,null), ([Ljava.lang.Class;@24c685e7,null)]}, RegistrationBlock{begin=52, types=[([Ljava.lang.Class;@1e1c4faf,null)]}]}
03:56:17.628 [raft-server-3-state] DEBUG i.a.p.r.s.snapshot.SnapshotStore - Created memory snapshot: MemorySnapshot{index=42}
03:56:17.628 [raft-server-3-state] TRACE io.atomix.utils.serializer.Namespace - Creating Kryo instance for Namespace{registeredBlocks=[RegistrationBlock{begin=16, types=[([Ljava.lang.Class;@7d0100ea,null), ([Ljava.lang.Class;@357bc488,null), ([Ljava.lang.Class;@4ea17147,null), ([Ljava.lang.Class;@2eda4eeb,null), ([Ljava.lang.Class;@5ba90d8a,io.atomix.utils.serializer.serializers.ImmutableListSerializer@309dcdf3), ([Ljava.lang.Class;@7573b9ee,io.atomix.utils.serializer.serializers.ImmutableSetSerializer@9a20cbd), ([Ljava.lang.Class;@1af4955e,io.atomix.utils.serializer.serializers.ImmutableMapSerializer@445821a6), ([Ljava.lang.Class;@2c0c4c0a,null), ([Ljava.lang.Class;@35d26ad2,null), ([Ljava.lang.Class;@bb25753,null), ([Ljava.lang.Class;@ee21292,null), ([Ljava.lang.Class;@40c06358,null), ([Ljava.lang.Class;@66e21568,null), ([Ljava.lang.Class;@7f73ce28,null), ([Ljava.lang.Class;@611b35d6,null), ([Ljava.lang.Class;@2282400e,null), ([Ljava.lang.Class;@543d5863,null), ([Ljava.lang.Class;@35dece42,null), ([Ljava.lang.Class;@dd3f8aa,null), ([Ljava.lang.Class;@3d615b2e,null), ([Ljava.lang.Class;@3a1f2a1,io.atomix.utils.serializer.serializers.ArraysAsListSerializer@40ce9049), ([Ljava.lang.Class;@52ca2652,null), ([Ljava.lang.Class;@65c5bf0e,null), ([Ljava.lang.Class;@697d6ded,null), ([Ljava.lang.Class;@5d05f453,null), ([Ljava.lang.Class;@5efeb117,null), ([Ljava.lang.Class;@160b4809,null), ([Ljava.lang.Class;@149b4d20,null), ([Ljava.lang.Class;@664e848c,null), ([Ljava.lang.Class;@4d93f75b,null), ([Ljava.lang.Class;@114a5e0,null), ([Ljava.lang.Class;@4f281aaf,null), ([Ljava.lang.Class;@5d508d22,null), ([Ljava.lang.Class;@f2b90fc,null), ([Ljava.lang.Class;@2bb41f5c,null), ([Ljava.lang.Class;@24c685e7,null)]}, RegistrationBlock{begin=52, types=[([Ljava.lang.Class;@1e604b65,null)]}]}
03:56:17.629 [raft-server-3-state] TRACE io.atomix.utils.serializer.Namespace - class [B registered as 16
03:56:17.629 [raft-server-2-state] TRACE io.atomix.utils.serializer.Namespace - class [B registered as 16
03:56:17.629 [raft-server-2] TRACE i.a.p.raft.roles.FollowerRole - RaftServer{2}{role=FOLLOWER} - Received AppendRequest{term=1, leader=1, prevLogIndex=43, prevLogTerm=1, entries=1, commitIndex=43}
03:56:17.629 [raft-server-3-state] TRACE io.atomix.utils.serializer.Namespace - class java.util.concurrent.atomic.AtomicBoolean registered as 17
03:56:17.629 [raft-server-2-state] TRACE io.atomix.utils.serializer.Namespace - class java.util.concurrent.atomic.AtomicBoolean registered as 17
03:56:17.629 [raft-server-3-state] TRACE io.atomix.utils.serializer.Namespace - class java.util.concurrent.atomic.AtomicInteger registered as 18
03:56:17.629 [raft-server-2-state] TRACE io.atomix.utils.serializer.Namespace - class java.util.concurrent.atomic.AtomicInteger registered as 18
03:56:17.629 [raft-server-3-state] TRACE io.atomix.utils.serializer.Namespace - class java.util.concurrent.atomic.AtomicLong registered as 19
03:56:17.629 [raft-server-3-state] TRACE io.atomix.utils.serializer.Namespace - class com.google.common.collect.ImmutableList registered as 20
03:56:17.629 [raft-server-2-state] TRACE io.atomix.utils.serializer.Namespace - class java.util.concurrent.atomic.AtomicLong registered as 19
03:56:17.629 [raft-server-3-state] TRACE io.atomix.utils.serializer.Namespace - class com.google.common.collect.RegularImmutableList registered as 20
03:56:17.629 [raft-server-2-state] TRACE io.atomix.utils.serializer.Namespace - class com.google.common.collect.ImmutableList registered as 20
03:56:17.629 [raft-server-3-state] TRACE io.atomix.utils.serializer.Namespace - class com.google.common.collect.RegularImmutableList registered as 20
03:56:17.629 [raft-server-2-state] TRACE io.atomix.utils.serializer.Namespace - class com.google.common.collect.RegularImmutableList registered as 20
03:56:17.629 [raft-server-3-state] TRACE io.atomix.utils.serializer.Namespace - class com.google.common.collect.ImmutableList$SubList registered as 20
03:56:17.629 [raft-server-2-state] TRACE io.atomix.utils.serializer.Namespace - class com.google.common.collect.RegularImmutableList registered as 20
03:56:17.629 [raft-server-3-state] TRACE io.atomix.utils.serializer.Namespace - class com.google.common.collect.ImmutableSet registered as 21
03:56:17.629 [raft-server-2-state] TRACE io.atomix.utils.serializer.Namespace - class com.google.common.collect.ImmutableList$SubList registered as 20
03:56:17.629 [raft-server-3-state] TRACE io.atomix.utils.serializer.Namespace - class com.google.common.collect.RegularImmutableSet registered as 21
03:56:17.629 [raft-server-2-state] TRACE io.atomix.utils.serializer.Namespace - class com.google.common.collect.ImmutableSet registered as 21
03:56:17.629 [raft-server-3-state] TRACE io.atomix.utils.serializer.Namespace - class com.google.common.collect.SingletonImmutableSet registered as 21
03:56:17.629 [raft-server-2-state] TRACE io.atomix.utils.serializer.Namespace - class com.google.common.collect.RegularImmutableSet registered as 21
03:56:17.629 [raft-server-3-state] TRACE io.atomix.utils.serializer.Namespace - class com.google.common.collect.RegularImmutableSet registered as 21
03:56:17.629 [raft-server-2-state] TRACE io.atomix.utils.serializer.Namespace - class com.google.common.collect.SingletonImmutableSet registered as 21
03:56:17.629 [raft-server-3-state] TRACE io.atomix.utils.serializer.Namespace - class com.google.common.collect.ImmutableMap registered as 22
03:56:17.629 [raft-server-2-state] TRACE io.atomix.utils.serializer.Namespace - class com.google.common.collect.RegularImmutableSet registered as 21
03:56:17.629 [raft-server-3-state] TRACE io.atomix.utils.serializer.Namespace - class com.google.common.collect.RegularImmutableMap registered as 22
03:56:17.629 [raft-server-2-state] TRACE io.atomix.utils.serializer.Namespace - class com.google.common.collect.ImmutableMap registered as 22
03:56:17.629 [raft-server-3-state] TRACE io.atomix.utils.serializer.Namespace - class com.google.common.collect.RegularImmutableMap registered as 22
03:56:17.629 [raft-server-2-state] TRACE io.atomix.utils.serializer.Namespace - class com.google.common.collect.RegularImmutableMap registered as 22
03:56:17.629 [raft-server-2] TRACE i.a.p.raft.roles.FollowerRole - RaftServer{2}{role=FOLLOWER} - Appended Indexed{index=44, entry=CommandEntry{term=1, timestamp=2018-06-10 03:56:17,354, session=2, sequence=38, operation=PrimitiveOperation{id=DefaultOperationId{id=write, type=COMMAND}, value=byte[]{length=17, hash=-1644578928}}}}
03:56:17.629 [raft-server-3-state] TRACE io.atomix.utils.serializer.Namespace - class com.google.common.collect.RegularImmutableMap registered as 22
03:56:17.630 [raft-server-2-state] TRACE io.atomix.utils.serializer.Namespace - class com.google.common.collect.RegularImmutableMap registered as 22
03:56:17.630 [raft-server-2] TRACE i.a.p.raft.roles.FollowerRole - RaftServer{2}{role=FOLLOWER} - Sending AppendResponse{status=OK, term=1, succeeded=true, lastLogIndex=44}
03:56:17.630 [raft-server-3-state] TRACE io.atomix.utils.serializer.Namespace - class java.util.Collections$UnmodifiableSet registered as 23
03:56:17.630 [raft-server-2-state] TRACE io.atomix.utils.serializer.Namespace - class com.google.common.collect.RegularImmutableMap registered as 22
03:56:17.630 [raft-server-3-state] TRACE io.atomix.utils.serializer.Namespace - class java.util.HashMap registered as 24
03:56:17.630 [raft-server-3-state] TRACE io.atomix.utils.serializer.Namespace - class java.util.concurrent.ConcurrentHashMap registered as 25
03:56:17.630 [raft-server-2-state] TRACE io.atomix.utils.serializer.Namespace - class java.util.Collections$UnmodifiableSet registered as 23
03:56:17.630 [raft-server-3-state] TRACE io.atomix.utils.serializer.Namespace - class java.util.concurrent.CopyOnWriteArraySet registered as 26
03:56:17.630 [raft-server-2-state] TRACE io.atomix.utils.serializer.Namespace - class java.util.HashMap registered as 24
03:56:17.630 [raft-server-3-state] TRACE io.atomix.utils.serializer.Namespace - class java.util.ArrayList registered as 27
03:56:17.630 [raft-server-2-state] TRACE io.atomix.utils.serializer.Namespace - class java.util.concurrent.ConcurrentHashMap registered as 25
03:56:17.630 [raft-server-3-state] TRACE io.atomix.utils.serializer.Namespace - class java.util.LinkedList registered as 28
03:56:17.630 [raft-server-2-state] TRACE io.atomix.utils.serializer.Namespace - class java.util.concurrent.CopyOnWriteArraySet registered as 26
03:56:17.630 [raft-server-3-state] TRACE io.atomix.utils.serializer.Namespace - class java.util.HashSet registered as 29
03:56:17.630 [raft-server-2-state] TRACE io.atomix.utils.serializer.Namespace - class java.util.ArrayList registered as 27
03:56:17.630 [raft-server-3-state] TRACE io.atomix.utils.serializer.Namespace - class java.util.LinkedHashSet registered as 30
03:56:17.630 [raft-server-2-state] TRACE io.atomix.utils.serializer.Namespace - class java.util.LinkedList registered as 28
03:56:17.630 [raft-server-3-state] TRACE io.atomix.utils.serializer.Namespace - class com.sun.jmx.remote.internal.ArrayQueue registered as 31
03:56:17.630 [raft-server-2-state] TRACE io.atomix.utils.serializer.Namespace - class java.util.HashSet registered as 29
03:56:17.630 [raft-server-3-state] TRACE io.atomix.utils.serializer.Namespace - class java.util.ArrayDeque registered as 32
03:56:17.630 [raft-server-2-state] TRACE io.atomix.utils.serializer.Namespace - class java.util.LinkedHashSet registered as 30
03:56:17.630 [raft-server-3-state] TRACE io.atomix.utils.serializer.Namespace - class com.google.common.collect.HashMultiset registered as 33
03:56:17.630 [raft-server-2-state] TRACE io.atomix.utils.serializer.Namespace - class com.sun.jmx.remote.internal.ArrayQueue registered as 31
03:56:17.630 [raft-server-3-state] TRACE io.atomix.utils.serializer.Namespace - class com.google.common.collect.Sets registered as 34
03:56:17.630 [raft-server-2-state] TRACE io.atomix.utils.serializer.Namespace - class java.util.ArrayDeque registered as 32
03:56:17.630 [raft-server-3-state] TRACE io.atomix.utils.serializer.Namespace - class com.google.common.collect.ImmutableEntry registered as 35
03:56:17.630 [raft-server-2-state] TRACE io.atomix.utils.serializer.Namespace - class com.google.common.collect.HashMultiset registered as 33
03:56:17.630 [raft-server-3-state] TRACE io.atomix.utils.serializer.Namespace - class java.util.Arrays$ArrayList registered as 36
03:56:17.630 [raft-server-2-state] TRACE io.atomix.utils.serializer.Namespace - class com.google.common.collect.Sets registered as 34
03:56:17.630 [raft-server-3-state] TRACE io.atomix.utils.serializer.Namespace - class java.util.Collections$SingletonList registered as 37
03:56:17.630 [raft-server-2-state] TRACE io.atomix.utils.serializer.Namespace - class com.google.common.collect.ImmutableEntry registered as 35
03:56:17.630 [raft-server-3-state] TRACE io.atomix.utils.serializer.Namespace - class java.time.Duration registered as 38
03:56:17.630 [raft-server-2-state] TRACE io.atomix.utils.serializer.Namespace - class java.util.Arrays$ArrayList registered as 36
03:56:17.630 [raft-server-3-state] TRACE io.atomix.utils.serializer.Namespace - class java.util.Collections$EmptySet registered as 39
03:56:17.630 [raft-server-3-state] TRACE io.atomix.utils.serializer.Namespace - class java.util.Optional registered as 40
03:56:17.630 [raft-server-2-state] TRACE io.atomix.utils.serializer.Namespace - class java.util.Collections$SingletonList registered as 37
03:56:17.630 [raft-server-3-state] TRACE io.atomix.utils.serializer.Namespace - class java.util.Collections$EmptyList registered as 41
03:56:17.630 [raft-server-2-state] TRACE io.atomix.utils.serializer.Namespace - class java.time.Duration registered as 38
03:56:17.631 [raft-server-3-state] TRACE io.atomix.utils.serializer.Namespace - class java.util.Collections$SingletonSet registered as 42
03:56:17.631 [raft-server-2-state] TRACE io.atomix.utils.serializer.Namespace - class java.util.Collections$EmptySet registered as 39
03:56:17.631 [raft-server-3-state] TRACE io.atomix.utils.serializer.Namespace - class [I registered as 43
03:56:17.631 [raft-server-2-state] TRACE io.atomix.utils.serializer.Namespace - class java.util.Optional registered as 40
03:56:17.631 [raft-server-3-state] TRACE io.atomix.utils.serializer.Namespace - class [J registered as 44
03:56:17.631 [raft-server-2-state] TRACE io.atomix.utils.serializer.Namespace - class java.util.Collections$EmptyList registered as 41
03:56:17.631 [raft-server-3-state] TRACE io.atomix.utils.serializer.Namespace - class [S registered as 45
03:56:17.631 [raft-server-2-state] TRACE io.atomix.utils.serializer.Namespace - class java.util.Collections$SingletonSet registered as 42
03:56:17.631 [raft-server-3-state] TRACE io.atomix.utils.serializer.Namespace - class [D registered as 46
03:56:17.631 [raft-server-2-state] TRACE io.atomix.utils.serializer.Namespace - class [I registered as 43
03:56:17.631 [raft-server-3-state] TRACE io.atomix.utils.serializer.Namespace - class [F registered as 47
03:56:17.631 [raft-server-2-state] TRACE io.atomix.utils.serializer.Namespace - class [J registered as 44
03:56:17.631 [raft-server-3-state] TRACE io.atomix.utils.serializer.Namespace - class [C registered as 48
03:56:17.631 [raft-server-2-state] TRACE io.atomix.utils.serializer.Namespace - class [S registered as 45
03:56:17.631 [raft-server-3-state] TRACE io.atomix.utils.serializer.Namespace - class [Ljava.lang.String; registered as 49
03:56:17.631 [raft-server-2-state] TRACE io.atomix.utils.serializer.Namespace - class [D registered as 46
03:56:17.631 [raft-server-3-state] TRACE io.atomix.utils.serializer.Namespace - class [Z registered as 50
03:56:17.631 [raft-server-3-state] TRACE io.atomix.utils.serializer.Namespace - class [Ljava.lang.Object; registered as 51
03:56:17.631 [raft-server-2-state] TRACE io.atomix.utils.serializer.Namespace - class [F registered as 47
03:56:17.631 [raft-server-3-state] TRACE io.atomix.utils.serializer.Namespace - class io.atomix.primitive.service.ServiceConfig registered as 52
03:56:17.631 [raft-server-2-state] TRACE io.atomix.utils.serializer.Namespace - class [C registered as 48
03:56:17.631 [raft-server-3-state] DEBUG i.a.p.r.service.RaftServiceContext - PrimitiveService{2}{type=io.atomix.protocols.raft.RaftTest$TestPrimitiveType@416fde07, name=raft-test} - Taking snapshot 42
03:56:17.631 [raft-server-2-state] TRACE io.atomix.utils.serializer.Namespace - class [Ljava.lang.String; registered as 49
03:56:17.631 [raft-server-2-state] TRACE io.atomix.utils.serializer.Namespace - class [Z registered as 50
03:56:17.631 [raft-server-2-state] TRACE io.atomix.utils.serializer.Namespace - class [Ljava.lang.Object; registered as 51
03:56:17.631 [raft-server-2-state] TRACE io.atomix.utils.serializer.Namespace - class io.atomix.primitive.service.ServiceConfig registered as 52
03:56:17.631 [raft-server-3-state] TRACE io.atomix.utils.serializer.Namespace - Creating Kryo instance for Namespace{registeredBlocks=[RegistrationBlock{begin=16, types=[([Ljava.lang.Class;@7d0100ea,null), ([Ljava.lang.Class;@357bc488,null), ([Ljava.lang.Class;@4ea17147,null), ([Ljava.lang.Class;@2eda4eeb,null), ([Ljava.lang.Class;@5ba90d8a,io.atomix.utils.serializer.serializers.ImmutableListSerializer@309dcdf3), ([Ljava.lang.Class;@7573b9ee,io.atomix.utils.serializer.serializers.ImmutableSetSerializer@9a20cbd), ([Ljava.lang.Class;@1af4955e,io.atomix.utils.serializer.serializers.ImmutableMapSerializer@445821a6), ([Ljava.lang.Class;@2c0c4c0a,null), ([Ljava.lang.Class;@35d26ad2,null), ([Ljava.lang.Class;@bb25753,null), ([Ljava.lang.Class;@ee21292,null), ([Ljava.lang.Class;@40c06358,null), ([Ljava.lang.Class;@66e21568,null), ([Ljava.lang.Class;@7f73ce28,null), ([Ljava.lang.Class;@611b35d6,null), ([Ljava.lang.Class;@2282400e,null), ([Ljava.lang.Class;@543d5863,null), ([Ljava.lang.Class;@35dece42,null), ([Ljava.lang.Class;@dd3f8aa,null), ([Ljava.lang.Class;@3d615b2e,null), ([Ljava.lang.Class;@3a1f2a1,io.atomix.utils.serializer.serializers.ArraysAsListSerializer@40ce9049), ([Ljava.lang.Class;@52ca2652,null), ([Ljava.lang.Class;@65c5bf0e,null), ([Ljava.lang.Class;@697d6ded,null), ([Ljava.lang.Class;@5d05f453,null), ([Ljava.lang.Class;@5efeb117,null), ([Ljava.lang.Class;@160b4809,null), ([Ljava.lang.Class;@149b4d20,null), ([Ljava.lang.Class;@664e848c,null), ([Ljava.lang.Class;@4d93f75b,null), ([Ljava.lang.Class;@114a5e0,null), ([Ljava.lang.Class;@4f281aaf,null), ([Ljava.lang.Class;@5d508d22,null), ([Ljava.lang.Class;@f2b90fc,null), ([Ljava.lang.Class;@2bb41f5c,null), ([Ljava.lang.Class;@24c685e7,null)]}, RegistrationBlock{begin=52, types=[([Ljava.lang.Class;@498a2ba3,null)]}]}
03:56:17.631 [raft-server-2-state] DEBUG i.a.p.r.service.RaftServiceContext - PrimitiveService{2}{type=io.atomix.protocols.raft.RaftTest$TestPrimitiveType@51dfd39e, name=raft-test} - Taking snapshot 42
03:56:17.631 [raft-server-3-state] TRACE io.atomix.utils.serializer.Namespace - class [B registered as 16
03:56:17.631 [raft-server-3-state] TRACE io.atomix.utils.serializer.Namespace - class java.util.concurrent.atomic.AtomicBoolean registered as 17
03:56:17.631 [raft-server-2-state] TRACE io.atomix.utils.serializer.Namespace - Creating Kryo instance for Namespace{registeredBlocks=[RegistrationBlock{begin=16, types=[([Ljava.lang.Class;@7d0100ea,null), ([Ljava.lang.Class;@357bc488,null), ([Ljava.lang.Class;@4ea17147,null), ([Ljava.lang.Class;@2eda4eeb,null), ([Ljava.lang.Class;@5ba90d8a,io.atomix.utils.serializer.serializers.ImmutableListSerializer@309dcdf3), ([Ljava.lang.Class;@7573b9ee,io.atomix.utils.serializer.serializers.ImmutableSetSerializer@9a20cbd), ([Ljava.lang.Class;@1af4955e,io.atomix.utils.serializer.serializers.ImmutableMapSerializer@445821a6), ([Ljava.lang.Class;@2c0c4c0a,null), ([Ljava.lang.Class;@35d26ad2,null), ([Ljava.lang.Class;@bb25753,null), ([Ljava.lang.Class;@ee21292,null), ([Ljava.lang.Class;@40c06358,null), ([Ljava.lang.Class;@66e21568,null), ([Ljava.lang.Class;@7f73ce28,null), ([Ljava.lang.Class;@611b35d6,null), ([Ljava.lang.Class;@2282400e,null), ([Ljava.lang.Class;@543d5863,null), ([Ljava.lang.Class;@35dece42,null), ([Ljava.lang.Class;@dd3f8aa,null), ([Ljava.lang.Class;@3d615b2e,null), ([Ljava.lang.Class;@3a1f2a1,io.atomix.utils.serializer.serializers.ArraysAsListSerializer@40ce9049), ([Ljava.lang.Class;@52ca2652,null), ([Ljava.lang.Class;@65c5bf0e,null), ([Ljava.lang.Class;@697d6ded,null), ([Ljava.lang.Class;@5d05f453,null), ([Ljava.lang.Class;@5efeb117,null), ([Ljava.lang.Class;@160b4809,null), ([Ljava.lang.Class;@149b4d20,null), ([Ljava.lang.Class;@664e848c,null), ([Ljava.lang.Class;@4d93f75b,null), ([Ljava.lang.Class;@114a5e0,null), ([Ljava.lang.Class;@4f281aaf,null), ([Ljava.lang.Class;@5d508d22,null), ([Ljava.lang.Class;@f2b90fc,null), ([Ljava.lang.Class;@2bb41f5c,null), ([Ljava.lang.Class;@24c685e7,null)]}, RegistrationBlock{begin=52, types=[([Ljava.lang.Class;@38947747,null)]}]}
03:56:17.631 [raft-server-3-state] TRACE io.atomix.utils.serializer.Namespace - class java.util.concurrent.atomic.AtomicInteger registered as 18
03:56:17.632 [raft-server-3-state] TRACE io.atomix.utils.serializer.Namespace - class java.util.concurrent.atomic.AtomicLong registered as 19
03:56:17.632 [raft-server-3-state] TRACE io.atomix.utils.serializer.Namespace - class com.google.common.collect.ImmutableList registered as 20
03:56:17.632 [raft-server-3-state] TRACE io.atomix.utils.serializer.Namespace - class com.google.common.collect.RegularImmutableList registered as 20
03:56:17.632 [raft-server-3-state] TRACE io.atomix.utils.serializer.Namespace - class com.google.common.collect.RegularImmutableList registered as 20
03:56:17.632 [raft-server-2-state] TRACE io.atomix.utils.serializer.Namespace - class [B registered as 16
03:56:17.632 [raft-server-3-state] TRACE io.atomix.utils.serializer.Namespace - class com.google.common.collect.ImmutableList$SubList registered as 20
03:56:17.632 [raft-server-2-state] TRACE io.atomix.utils.serializer.Namespace - class java.util.concurrent.atomic.AtomicBoolean registered as 17
03:56:17.632 [raft-server-3-state] TRACE io.atomix.utils.serializer.Namespace - class com.google.common.collect.ImmutableSet registered as 21
03:56:17.632 [raft-server-3-state] TRACE io.atomix.utils.serializer.Namespace - class com.google.common.collect.RegularImmutableSet registered as 21
03:56:17.632 [raft-server-2-state] TRACE io.atomix.utils.serializer.Namespace - class java.util.concurrent.atomic.AtomicInteger registered as 18
03:56:17.632 [raft-server-3-state] TRACE io.atomix.utils.serializer.Namespace - class com.google.common.collect.SingletonImmutableSet registered as 21
03:56:17.632 [raft-server-3-state] TRACE io.atomix.utils.serializer.Namespace - class com.google.common.collect.RegularImmutableSet registered as 21
03:56:17.632 [raft-server-2-state] TRACE io.atomix.utils.serializer.Namespace - class java.util.concurrent.atomic.AtomicLong registered as 19
03:56:17.632 [raft-server-3-state] TRACE io.atomix.utils.serializer.Namespace - class com.google.common.collect.ImmutableMap registered as 22
03:56:17.632 [raft-server-2-state] TRACE io.atomix.utils.serializer.Namespace - class com.google.common.collect.ImmutableList registered as 20
03:56:17.632 [raft-server-3-state] TRACE io.atomix.utils.serializer.Namespace - class com.google.common.collect.RegularImmutableMap registered as 22
03:56:17.632 [raft-server-2-state] TRACE io.atomix.utils.serializer.Namespace - class com.google.common.collect.RegularImmutableList registered as 20
03:56:17.632 [raft-server-3-state] TRACE io.atomix.utils.serializer.Namespace - class com.google.common.collect.RegularImmutableMap registered as 22
03:56:17.632 [raft-server-2-state] TRACE io.atomix.utils.serializer.Namespace - class com.google.common.collect.RegularImmutableList registered as 20
03:56:17.632 [raft-server-3-state] TRACE io.atomix.utils.serializer.Namespace - class com.google.common.collect.RegularImmutableMap registered as 22
03:56:17.632 [raft-server-2-state] TRACE io.atomix.utils.serializer.Namespace - class com.google.common.collect.ImmutableList$SubList registered as 20
03:56:17.632 [raft-server-2-state] TRACE io.atomix.utils.serializer.Namespace - class com.google.common.collect.ImmutableSet registered as 21
03:56:17.632 [raft-server-3-state] TRACE io.atomix.utils.serializer.Namespace - class java.util.Collections$UnmodifiableSet registered as 23
03:56:17.632 [raft-server-2-state] TRACE io.atomix.utils.serializer.Namespace - class com.google.common.collect.RegularImmutableSet registered as 21
03:56:17.632 [raft-server-2-state] TRACE io.atomix.utils.serializer.Namespace - class com.google.common.collect.SingletonImmutableSet registered as 21
03:56:17.632 [raft-server-3-state] TRACE io.atomix.utils.serializer.Namespace - class java.util.HashMap registered as 24
03:56:17.632 [raft-server-2-state] TRACE io.atomix.utils.serializer.Namespace - class com.google.common.collect.RegularImmutableSet registered as 21
03:56:17.632 [raft-server-3-state] TRACE io.atomix.utils.serializer.Namespace - class java.util.concurrent.ConcurrentHashMap registered as 25
03:56:17.632 [raft-server-2-state] TRACE io.atomix.utils.serializer.Namespace - class com.google.common.collect.ImmutableMap registered as 22
03:56:17.632 [raft-server-2-state] TRACE io.atomix.utils.serializer.Namespace - class com.google.common.collect.RegularImmutableMap registered as 22
03:56:17.632 [raft-server-3-state] TRACE io.atomix.utils.serializer.Namespace - class java.util.concurrent.CopyOnWriteArraySet registered as 26
03:56:17.632 [raft-server-2-state] TRACE io.atomix.utils.serializer.Namespace - class com.google.common.collect.RegularImmutableMap registered as 22
03:56:17.632 [raft-server-2-state] TRACE io.atomix.utils.serializer.Namespace - class com.google.common.collect.RegularImmutableMap registered as 22
03:56:17.632 [raft-server-3-state] TRACE io.atomix.utils.serializer.Namespace - class java.util.ArrayList registered as 27
03:56:17.632 [raft-server-2-state] TRACE io.atomix.utils.serializer.Namespace - class java.util.Collections$UnmodifiableSet registered as 23
03:56:17.632 [raft-server-3-state] TRACE io.atomix.utils.serializer.Namespace - class java.util.LinkedList registered as 28
03:56:17.632 [raft-server-2-state] TRACE io.atomix.utils.serializer.Namespace - class java.util.HashMap registered as 24
03:56:17.632 [raft-server-3-state] TRACE io.atomix.utils.serializer.Namespace - class java.util.HashSet registered as 29
03:56:17.632 [raft-server-2-state] TRACE io.atomix.utils.serializer.Namespace - class java.util.concurrent.ConcurrentHashMap registered as 25
03:56:17.632 [raft-server-3-state] TRACE io.atomix.utils.serializer.Namespace - class java.util.LinkedHashSet registered as 30
03:56:17.632 [raft-server-2-state] TRACE io.atomix.utils.serializer.Namespace - class java.util.concurrent.CopyOnWriteArraySet registered as 26
03:56:17.632 [raft-server-3-state] TRACE io.atomix.utils.serializer.Namespace - class com.sun.jmx.remote.internal.ArrayQueue registered as 31
03:56:17.632 [raft-server-2-state] TRACE io.atomix.utils.serializer.Namespace - class java.util.ArrayList registered as 27
03:56:17.633 [raft-server-3-state] TRACE io.atomix.utils.serializer.Namespace - class java.util.ArrayDeque registered as 32
03:56:17.633 [raft-server-2-state] TRACE io.atomix.utils.serializer.Namespace - class java.util.LinkedList registered as 28
03:56:17.633 [raft-server-3-state] TRACE io.atomix.utils.serializer.Namespace - class com.google.common.collect.HashMultiset registered as 33
03:56:17.633 [raft-server-2-state] TRACE io.atomix.utils.serializer.Namespace - class java.util.HashSet registered as 29
03:56:17.633 [raft-server-3-state] TRACE io.atomix.utils.serializer.Namespace - class com.google.common.collect.Sets registered as 34
03:56:17.633 [raft-server-2-state] TRACE io.atomix.utils.serializer.Namespace - class java.util.LinkedHashSet registered as 30
03:56:17.633 [raft-server-3-state] TRACE io.atomix.utils.serializer.Namespace - class com.google.common.collect.ImmutableEntry registered as 35
03:56:17.633 [raft-server-3-state] TRACE io.atomix.utils.serializer.Namespace - class java.util.Arrays$ArrayList registered as 36
03:56:17.633 [raft-server-2-state] TRACE io.atomix.utils.serializer.Namespace - class com.sun.jmx.remote.internal.ArrayQueue registered as 31
03:56:17.633 [raft-server-3-state] TRACE io.atomix.utils.serializer.Namespace - class java.util.Collections$SingletonList registered as 37
03:56:17.633 [raft-server-3-state] TRACE io.atomix.utils.serializer.Namespace - class java.time.Duration registered as 38
03:56:17.633 [raft-server-2-state] TRACE io.atomix.utils.serializer.Namespace - class java.util.ArrayDeque registered as 32
03:56:17.633 [raft-server-3-state] TRACE io.atomix.utils.serializer.Namespace - class java.util.Collections$EmptySet registered as 39
03:56:17.633 [raft-server-2-state] TRACE io.atomix.utils.serializer.Namespace - class com.google.common.collect.HashMultiset registered as 33
03:56:17.633 [raft-server-3-state] TRACE io.atomix.utils.serializer.Namespace - class java.util.Optional registered as 40
03:56:17.633 [raft-server-2-state] TRACE io.atomix.utils.serializer.Namespace - class com.google.common.collect.Sets registered as 34
03:56:17.633 [raft-server-3-state] TRACE io.atomix.utils.serializer.Namespace - class java.util.Collections$EmptyList registered as 41
03:56:17.633 [raft-server-2-state] TRACE io.atomix.utils.serializer.Namespace - class com.google.common.collect.ImmutableEntry registered as 35
03:56:17.633 [raft-server-2-state] TRACE io.atomix.utils.serializer.Namespace - class java.util.Arrays$ArrayList registered as 36
03:56:17.633 [raft-server-3-state] TRACE io.atomix.utils.serializer.Namespace - class java.util.Collections$SingletonSet registered as 42
03:56:17.633 [raft-server-2-state] TRACE io.atomix.utils.serializer.Namespace - class java.util.Collections$SingletonList registered as 37
03:56:17.633 [raft-server-2-state] TRACE io.atomix.utils.serializer.Namespace - class java.time.Duration registered as 38
03:56:17.633 [raft-server-3-state] TRACE io.atomix.utils.serializer.Namespace - class [I registered as 43
03:56:17.633 [raft-server-2-state] TRACE io.atomix.utils.serializer.Namespace - class java.util.Collections$EmptySet registered as 39
03:56:17.633 [raft-server-2-state] TRACE io.atomix.utils.serializer.Namespace - class java.util.Optional registered as 40
03:56:17.633 [raft-server-3-state] TRACE io.atomix.utils.serializer.Namespace - class [J registered as 44
03:56:17.633 [raft-server-2-state] TRACE io.atomix.utils.serializer.Namespace - class java.util.Collections$EmptyList registered as 41
03:56:17.633 [raft-server-3-state] TRACE io.atomix.utils.serializer.Namespace - class [S registered as 45
03:56:17.633 [raft-server-2-state] TRACE io.atomix.utils.serializer.Namespace - class java.util.Collections$SingletonSet registered as 42
03:56:17.633 [raft-server-3-state] TRACE io.atomix.utils.serializer.Namespace - class [D registered as 46
03:56:17.633 [raft-server-2-state] TRACE io.atomix.utils.serializer.Namespace - class [I registered as 43
03:56:17.633 [raft-server-3-state] TRACE io.atomix.utils.serializer.Namespace - class [F registered as 47
03:56:17.633 [raft-server-2-state] TRACE io.atomix.utils.serializer.Namespace - class [J registered as 44
03:56:17.633 [raft-server-3-state] TRACE io.atomix.utils.serializer.Namespace - class [C registered as 48
03:56:17.633 [raft-server-2-state] TRACE io.atomix.utils.serializer.Namespace - class [S registered as 45
03:56:17.633 [raft-server-3-state] TRACE io.atomix.utils.serializer.Namespace - class [Ljava.lang.String; registered as 49
03:56:17.633 [raft-server-2-state] TRACE io.atomix.utils.serializer.Namespace - class [D registered as 46
03:56:17.633 [raft-server-3-state] TRACE io.atomix.utils.serializer.Namespace - class [Z registered as 50
03:56:17.633 [raft-server-2-state] TRACE io.atomix.utils.serializer.Namespace - class [F registered as 47
03:56:17.633 [raft-server-3-state] TRACE io.atomix.utils.serializer.Namespace - class [Ljava.lang.Object; registered as 51
03:56:17.633 [raft-server-2-state] TRACE io.atomix.utils.serializer.Namespace - class [C registered as 48
03:56:17.633 [raft-server-3-state] TRACE io.atomix.utils.serializer.Namespace - class io.atomix.primitive.service.ServiceConfig registered as 52
03:56:17.634 [raft-server-2-state] TRACE io.atomix.utils.serializer.Namespace - class [Ljava.lang.String; registered as 49
03:56:17.634 [raft-server-2-state] TRACE io.atomix.utils.serializer.Namespace - class [Z registered as 50
03:56:17.634 [raft-server-2-state] TRACE io.atomix.utils.serializer.Namespace - class [Ljava.lang.Object; registered as 51
03:56:17.634 [raft-server-2-state] TRACE io.atomix.utils.serializer.Namespace - class io.atomix.primitive.service.ServiceConfig registered as 52
03:56:17.634 [raft-server-3-state] TRACE i.a.p.raft.impl.RaftServiceManager - RaftServer{3} - Applying Indexed{index=43, entry=CommandEntry{term=1, timestamp=2018-06-10 03:56:17,019, session=2, sequence=37, operation=PrimitiveOperation{id=DefaultOperationId{id=write, type=COMMAND}, value=byte[]{length=17, hash=-1644578928}}}}
03:56:17.634 [raft-server-3-compaction] DEBUG i.a.p.r.s.snapshot.SnapshotStore - Created disk snapshot: FileSnapshot{index=42}
03:56:17.634 [raft-server-3-state] TRACE i.a.p.s.impl.DefaultServiceExecutor - PrimitiveService{2}{type=io.atomix.protocols.raft.RaftTest$TestPrimitiveType@416fde07, name=raft-test} - Executing DefaultCommit{index=43, session=RaftSession{RaftServiceContext{server=3, type=io.atomix.protocols.raft.RaftTest$TestPrimitiveType@416fde07, name=raft-test, id=2}, session=2, timestamp=2018-06-10 03:56:17,019}, time=2018-06-10 03:56:17,019, operation=DefaultOperationId{id=write, type=COMMAND}, value=byte[]{length=17, hash=-1644578928}}
03:56:17.634 [raft-server-2-compaction] DEBUG i.a.p.r.s.snapshot.SnapshotStore - Created disk snapshot: FileSnapshot{index=42}
03:56:17.634 [raft-server-2-state] TRACE i.a.p.raft.impl.RaftServiceManager - RaftServer{2} - Applying Indexed{index=43, entry=CommandEntry{term=1, timestamp=2018-06-10 03:56:17,019, session=2, sequence=37, operation=PrimitiveOperation{id=DefaultOperationId{id=write, type=COMMAND}, value=byte[]{length=17, hash=-1644578928}}}}
03:56:17.634 [raft-server-2-state] TRACE i.a.p.s.impl.DefaultServiceExecutor - PrimitiveService{2}{type=io.atomix.protocols.raft.RaftTest$TestPrimitiveType@51dfd39e, name=raft-test} - Executing DefaultCommit{index=43, session=RaftSession{RaftServiceContext{server=2, type=io.atomix.protocols.raft.RaftTest$TestPrimitiveType@51dfd39e, name=raft-test, id=2}, session=2, timestamp=2018-06-10 03:56:17,019}, time=2018-06-10 03:56:17,019, operation=DefaultOperationId{id=write, type=COMMAND}, value=byte[]{length=17, hash=-1644578928}}
03:56:17.719 [raft-server-1] TRACE i.a.p.raft.roles.LeaderAppender - RaftServer{1} - Sending AppendRequest{term=1, leader=1, prevLogIndex=44, prevLogTerm=1, entries=0, commitIndex=44} to 3
03:56:17.719 [raft-server-1] TRACE i.a.p.raft.roles.LeaderAppender - RaftServer{1} - Received AppendResponse{status=OK, term=1, succeeded=true, lastLogIndex=44} from 2
03:56:17.719 [raft-server-3] TRACE i.a.p.raft.roles.FollowerRole - RaftServer{3}{role=FOLLOWER} - Received AppendRequest{term=1, leader=1, prevLogIndex=44, prevLogTerm=1, entries=0, commitIndex=44}
03:56:17.719 [raft-server-1] TRACE i.a.p.raft.roles.LeaderAppender - RaftServer{1} - Sending AppendRequest{term=1, leader=1, prevLogIndex=44, prevLogTerm=1, entries=0, commitIndex=44} to 2
03:56:17.720 [raft-server-2] TRACE i.a.p.raft.roles.FollowerRole - RaftServer{2}{role=FOLLOWER} - Received AppendRequest{term=1, leader=1, prevLogIndex=44, prevLogTerm=1, entries=0, commitIndex=44}
03:56:17.720 [raft-server-1-state] TRACE i.a.p.raft.impl.RaftServiceManager - RaftServer{1} - Applying Indexed{index=44, entry=CommandEntry{term=1, timestamp=2018-06-10 03:56:17,354, session=2, sequence=38, operation=PrimitiveOperation{id=DefaultOperationId{id=write, type=COMMAND}, value=byte[]{length=17, hash=-1644578928}}}}
03:56:17.720 [raft-server-1-state] TRACE i.a.p.s.impl.DefaultServiceExecutor - PrimitiveService{2}{type=io.atomix.protocols.raft.RaftTest$TestPrimitiveType@2997f1, name=raft-test} - Executing DefaultCommit{index=44, session=RaftSession{RaftServiceContext{server=1, type=io.atomix.protocols.raft.RaftTest$TestPrimitiveType@2997f1, name=raft-test, id=2}, session=2, timestamp=2018-06-10 03:56:17,354}, time=2018-06-10 03:56:17,354, operation=DefaultOperationId{id=write, type=COMMAND}, value=byte[]{length=17, hash=-1644578928}}
03:56:17.720 [raft-server-1-state] TRACE i.a.protocols.raft.roles.LeaderRole - RaftServer{1}{role=LEADER} - Sending CommandResponse{status=OK, index=44, eventIndex=2, result=byte[]{length=2, hash=1328}}
03:56:17.720 [raft-client-fc80a008-639d-42fe-bb37-24bc71d605c3-3] TRACE i.a.p.r.s.impl.RaftSessionConnection - SessionClient{2}{type=io.atomix.protocols.raft.RaftTest$TestPrimitiveType@68b11545, name=raft-test} - Received CommandResponse{status=OK, index=44, eventIndex=2, result=byte[]{length=2, hash=1328}} from 1
03:56:17.720 [raft-client-fc80a008-639d-42fe-bb37-24bc71d605c3-3] TRACE i.a.p.r.s.impl.RaftSessionSequencer - SessionClient{2}{type=io.atomix.protocols.raft.RaftTest$TestPrimitiveType@68b11545, name=raft-test} - Completing response CommandResponse{status=OK, index=44, eventIndex=2, result=byte[]{length=2, hash=1328}}
03:56:17.720 [raft-client-fc80a008-639d-42fe-bb37-24bc71d605c3-4] TRACE i.a.p.r.s.impl.RaftSessionConnection - SessionClient{2}{type=io.atomix.protocols.raft.RaftTest$TestPrimitiveType@68b11545, name=raft-test} - Sending CommandRequest{session=2, sequence=39, operation=PrimitiveOperation{id=DefaultOperationId{id=write, type=COMMAND}, value=byte[]{length=17, hash=-1644578928}}} to 1
03:56:17.720 [raft-server-1] TRACE i.a.protocols.raft.roles.LeaderRole - RaftServer{1}{role=LEADER} - Received CommandRequest{session=2, sequence=39, operation=PrimitiveOperation{id=DefaultOperationId{id=write, type=COMMAND}, value=byte[]{length=17, hash=-1644578928}}}
03:56:17.720 [raft-server-1] TRACE i.a.protocols.raft.roles.LeaderRole - RaftServer{1}{role=LEADER} - Appended Indexed{index=45, entry=CommandEntry{term=1, timestamp=2018-06-10 03:56:17,720, session=2, sequence=39, operation=PrimitiveOperation{id=DefaultOperationId{id=write, type=COMMAND}, value=byte[]{length=17, hash=-1644578928}}}}
03:56:17.794 [raft-server-2] TRACE i.a.p.raft.roles.FollowerRole - RaftServer{2}{role=FOLLOWER} - Committed entries up to index 44
03:56:17.794 [raft-server-3] TRACE i.a.p.raft.roles.FollowerRole - RaftServer{3}{role=FOLLOWER} - Committed entries up to index 44
03:56:17.794 [raft-server-2] TRACE i.a.p.raft.roles.FollowerRole - RaftServer{2}{role=FOLLOWER} - Sending AppendResponse{status=OK, term=1, succeeded=true, lastLogIndex=44}
03:56:17.794 [raft-server-3] TRACE i.a.p.raft.roles.FollowerRole - RaftServer{3}{role=FOLLOWER} - Sending AppendResponse{status=OK, term=1, succeeded=true, lastLogIndex=44}
03:56:17.794 [raft-server-1] TRACE i.a.p.raft.roles.LeaderAppender - RaftServer{1} - Received AppendResponse{status=OK, term=1, succeeded=true, lastLogIndex=44} from 2
03:56:17.794 [raft-server-1] TRACE i.a.p.raft.roles.LeaderAppender - RaftServer{1} - Sending AppendRequest{term=1, leader=1, prevLogIndex=44, prevLogTerm=1, entries=1, commitIndex=44} to 2
03:56:17.794 [raft-server-3-state] TRACE i.a.p.raft.impl.RaftServiceManager - RaftServer{3} - Applying Indexed{index=44, entry=CommandEntry{term=1, timestamp=2018-06-10 03:56:17,354, session=2, sequence=38, operation=PrimitiveOperation{id=DefaultOperationId{id=write, type=COMMAND}, value=byte[]{length=17, hash=-1644578928}}}}
03:56:17.795 [raft-server-2] TRACE i.a.p.raft.roles.FollowerRole - RaftServer{2}{role=FOLLOWER} - Received AppendRequest{term=1, leader=1, prevLogIndex=44, prevLogTerm=1, entries=1, commitIndex=44}
03:56:17.794 [raft-server-2-state] TRACE i.a.p.raft.impl.RaftServiceManager - RaftServer{2} - Applying Indexed{index=44, entry=CommandEntry{term=1, timestamp=2018-06-10 03:56:17,354, session=2, sequence=38, operation=PrimitiveOperation{id=DefaultOperationId{id=write, type=COMMAND}, value=byte[]{length=17, hash=-1644578928}}}}
03:56:17.795 [raft-server-1] TRACE i.a.p.raft.roles.LeaderAppender - RaftServer{1} - Sending AppendRequest{term=1, leader=1, prevLogIndex=44, prevLogTerm=1, entries=1, commitIndex=44} to 3
03:56:17.795 [raft-server-3-state] TRACE i.a.p.s.impl.DefaultServiceExecutor - PrimitiveService{2}{type=io.atomix.protocols.raft.RaftTest$TestPrimitiveType@416fde07, name=raft-test} - Executing DefaultCommit{index=44, session=RaftSession{RaftServiceContext{server=3, type=io.atomix.protocols.raft.RaftTest$TestPrimitiveType@416fde07, name=raft-test, id=2}, session=2, timestamp=2018-06-10 03:56:17,354}, time=2018-06-10 03:56:17,354, operation=DefaultOperationId{id=write, type=COMMAND}, value=byte[]{length=17, hash=-1644578928}}
03:56:17.795 [raft-server-2-state] TRACE i.a.p.s.impl.DefaultServiceExecutor - PrimitiveService{2}{type=io.atomix.protocols.raft.RaftTest$TestPrimitiveType@51dfd39e, name=raft-test} - Executing DefaultCommit{index=44, session=RaftSession{RaftServiceContext{server=2, type=io.atomix.protocols.raft.RaftTest$TestPrimitiveType@51dfd39e, name=raft-test, id=2}, session=2, timestamp=2018-06-10 03:56:17,354}, time=2018-06-10 03:56:17,354, operation=DefaultOperationId{id=write, type=COMMAND}, value=byte[]{length=17, hash=-1644578928}}
03:56:17.795 [raft-server-3] TRACE i.a.p.raft.roles.FollowerRole - RaftServer{3}{role=FOLLOWER} - Received AppendRequest{term=1, leader=1, prevLogIndex=44, prevLogTerm=1, entries=1, commitIndex=44}
03:56:17.795 [raft-server-1] TRACE i.a.p.raft.roles.LeaderAppender - RaftServer{1} - Received AppendResponse{status=OK, term=1, succeeded=true, lastLogIndex=44} from 3
03:56:17.795 [raft-server-2] TRACE i.a.p.raft.roles.FollowerRole - RaftServer{2}{role=FOLLOWER} - Appended Indexed{index=45, entry=CommandEntry{term=1, timestamp=2018-06-10 03:56:17,720, session=2, sequence=39, operation=PrimitiveOperation{id=DefaultOperationId{id=write, type=COMMAND}, value=byte[]{length=17, hash=-1644578928}}}}
03:56:17.795 [raft-server-2] TRACE i.a.p.raft.roles.FollowerRole - RaftServer{2}{role=FOLLOWER} - Sending AppendResponse{status=OK, term=1, succeeded=true, lastLogIndex=45}
03:56:17.795 [raft-server-1] TRACE i.a.p.raft.roles.LeaderAppender - RaftServer{1} - Received AppendResponse{status=OK, term=1, succeeded=true, lastLogIndex=45} from 2
03:56:17.795 [raft-server-3] TRACE i.a.p.raft.roles.FollowerRole - RaftServer{3}{role=FOLLOWER} - Appended Indexed{index=45, entry=CommandEntry{term=1, timestamp=2018-06-10 03:56:17,720, session=2, sequence=39, operation=PrimitiveOperation{id=DefaultOperationId{id=write, type=COMMAND}, value=byte[]{length=17, hash=-1644578928}}}}
03:56:17.795 [raft-server-1] TRACE i.a.p.raft.roles.LeaderAppender - RaftServer{1} - Committed entries up to 45
03:56:17.795 [raft-server-3] TRACE i.a.p.raft.roles.FollowerRole - RaftServer{3}{role=FOLLOWER} - Sending AppendResponse{status=OK, term=1, succeeded=true, lastLogIndex=45}
03:56:18.086 [raft-server-1] TRACE i.a.p.raft.roles.LeaderAppender - RaftServer{1} - Received AppendResponse{status=OK, term=1, succeeded=true, lastLogIndex=45} from 3
03:56:18.086 [raft-server-1] TRACE i.a.p.raft.roles.LeaderAppender - RaftServer{1} - Sending AppendRequest{term=1, leader=1, prevLogIndex=45, prevLogTerm=1, entries=0, commitIndex=45} to 3
03:56:18.086 [raft-server-3] TRACE i.a.p.raft.roles.FollowerRole - RaftServer{3}{role=FOLLOWER} - Received AppendRequest{term=1, leader=1, prevLogIndex=45, prevLogTerm=1, entries=0, commitIndex=45}
03:56:18.086 [raft-server-1] TRACE i.a.p.raft.roles.LeaderAppender - RaftServer{1} - Sending AppendRequest{term=1, leader=1, prevLogIndex=45, prevLogTerm=1, entries=0, commitIndex=45} to 2
03:56:18.086 [raft-server-2] TRACE i.a.p.raft.roles.FollowerRole - RaftServer{2}{role=FOLLOWER} - Received AppendRequest{term=1, leader=1, prevLogIndex=45, prevLogTerm=1, entries=0, commitIndex=45}
03:56:18.086 [raft-server-1-state] TRACE i.a.p.raft.impl.RaftServiceManager - RaftServer{1} - Applying Indexed{index=45, entry=CommandEntry{term=1, timestamp=2018-06-10 03:56:17,720, session=2, sequence=39, operation=PrimitiveOperation{id=DefaultOperationId{id=write, type=COMMAND}, value=byte[]{length=17, hash=-1644578928}}}}
03:56:18.087 [raft-server-1-state] TRACE i.a.p.s.impl.DefaultServiceExecutor - PrimitiveService{2}{type=io.atomix.protocols.raft.RaftTest$TestPrimitiveType@2997f1, name=raft-test} - Executing DefaultCommit{index=45, session=RaftSession{RaftServiceContext{server=1, type=io.atomix.protocols.raft.RaftTest$TestPrimitiveType@2997f1, name=raft-test, id=2}, session=2, timestamp=2018-06-10 03:56:17,720}, time=2018-06-10 03:56:17,720, operation=DefaultOperationId{id=write, type=COMMAND}, value=byte[]{length=17, hash=-1644578928}}
03:56:18.087 [raft-server-1] TRACE i.a.protocols.raft.roles.LeaderRole - RaftServer{1}{role=LEADER} - Sending CommandResponse{status=OK, index=45, eventIndex=2, result=byte[]{length=2, hash=1330}}
03:56:18.087 [raft-client-fc80a008-639d-42fe-bb37-24bc71d605c3-6] TRACE i.a.p.r.s.impl.RaftSessionConnection - SessionClient{2}{type=io.atomix.protocols.raft.RaftTest$TestPrimitiveType@68b11545, name=raft-test} - Received CommandResponse{status=OK, index=45, eventIndex=2, result=byte[]{length=2, hash=1330}} from 1
03:56:18.087 [raft-client-fc80a008-639d-42fe-bb37-24bc71d605c3-6] TRACE i.a.p.r.s.impl.RaftSessionSequencer - SessionClient{2}{type=io.atomix.protocols.raft.RaftTest$TestPrimitiveType@68b11545, name=raft-test} - Completing response CommandResponse{status=OK, index=45, eventIndex=2, result=byte[]{length=2, hash=1330}}
03:56:18.087 [raft-client-fc80a008-639d-42fe-bb37-24bc71d605c3-7] TRACE i.a.p.r.s.impl.RaftSessionConnection - SessionClient{2}{type=io.atomix.protocols.raft.RaftTest$TestPrimitiveType@68b11545, name=raft-test} - Sending CommandRequest{session=2, sequence=40, operation=PrimitiveOperation{id=DefaultOperationId{id=write, type=COMMAND}, value=byte[]{length=17, hash=-1644578928}}} to 1
03:56:18.087 [raft-server-1] TRACE i.a.protocols.raft.roles.LeaderRole - RaftServer{1}{role=LEADER} - Received CommandRequest{session=2, sequence=40, operation=PrimitiveOperation{id=DefaultOperationId{id=write, type=COMMAND}, value=byte[]{length=17, hash=-1644578928}}}
03:56:18.088 [raft-server-1] TRACE i.a.protocols.raft.roles.LeaderRole - RaftServer{1}{role=LEADER} - Appended Indexed{index=46, entry=CommandEntry{term=1, timestamp=2018-06-10 03:56:18,087, session=2, sequence=40, operation=PrimitiveOperation{id=DefaultOperationId{id=write, type=COMMAND}, value=byte[]{length=17, hash=-1644578928}}}}
03:56:18.197 [raft-server-1] TRACE i.a.p.raft.roles.LeaderAppender - RaftServer{1} - Sending AppendRequest{term=1, leader=1, prevLogIndex=45, prevLogTerm=1, entries=1, commitIndex=45} to 3
03:56:18.197 [raft-server-1] TRACE i.a.p.raft.roles.LeaderAppender - RaftServer{1} - Sending AppendRequest{term=1, leader=1, prevLogIndex=45, prevLogTerm=1, entries=1, commitIndex=45} to 2
03:56:18.419 [raft-server-3] TRACE i.a.p.raft.roles.FollowerRole - RaftServer{3}{role=FOLLOWER} - Committed entries up to index 45
03:56:18.419 [raft-server-2] TRACE i.a.p.raft.roles.FollowerRole - RaftServer{2}{role=FOLLOWER} - Committed entries up to index 45
03:56:18.419 [raft-server-3] TRACE i.a.p.raft.roles.FollowerRole - RaftServer{3}{role=FOLLOWER} - Sending AppendResponse{status=OK, term=1, succeeded=true, lastLogIndex=45}
03:56:18.419 [raft-server-2] TRACE i.a.p.raft.roles.FollowerRole - RaftServer{2}{role=FOLLOWER} - Sending AppendResponse{status=OK, term=1, succeeded=true, lastLogIndex=45}
03:56:18.419 [raft-server-3] TRACE i.a.p.raft.roles.FollowerRole - RaftServer{3}{role=FOLLOWER} - Received AppendRequest{term=1, leader=1, prevLogIndex=45, prevLogTerm=1, entries=1, commitIndex=45}
03:56:18.419 [raft-server-2] TRACE i.a.p.raft.roles.FollowerRole - RaftServer{2}{role=FOLLOWER} - Received AppendRequest{term=1, leader=1, prevLogIndex=45, prevLogTerm=1, entries=1, commitIndex=45}
03:56:18.419 [raft-server-1] TRACE i.a.p.raft.roles.LeaderAppender - RaftServer{1} - Received AppendResponse{status=OK, term=1, succeeded=true, lastLogIndex=45} from 3
03:56:18.420 [raft-server-1] TRACE i.a.p.raft.roles.LeaderAppender - RaftServer{1} - Received AppendResponse{status=OK, term=1, succeeded=true, lastLogIndex=45} from 2
03:56:18.420 [raft-server-2] TRACE i.a.p.raft.roles.FollowerRole - RaftServer{2}{role=FOLLOWER} - Appended Indexed{index=46, entry=CommandEntry{term=1, timestamp=2018-06-10 03:56:18,087, session=2, sequence=40, operation=PrimitiveOperation{id=DefaultOperationId{id=write, type=COMMAND}, value=byte[]{length=17, hash=-1644578928}}}}
03:56:18.420 [raft-server-3] TRACE i.a.p.raft.roles.FollowerRole - RaftServer{3}{role=FOLLOWER} - Appended Indexed{index=46, entry=CommandEntry{term=1, timestamp=2018-06-10 03:56:18,087, session=2, sequence=40, operation=PrimitiveOperation{id=DefaultOperationId{id=write, type=COMMAND}, value=byte[]{length=17, hash=-1644578928}}}}
03:56:18.420 [raft-server-2] TRACE i.a.p.raft.roles.FollowerRole - RaftServer{2}{role=FOLLOWER} - Sending AppendResponse{status=OK, term=1, succeeded=true, lastLogIndex=46}
03:56:18.420 [raft-server-3] TRACE i.a.p.raft.roles.FollowerRole - RaftServer{3}{role=FOLLOWER} - Sending AppendResponse{status=OK, term=1, succeeded=true, lastLogIndex=46}
03:56:18.420 [raft-server-3-state] TRACE i.a.p.raft.impl.RaftServiceManager - RaftServer{3} - Applying Indexed{index=45, entry=CommandEntry{term=1, timestamp=2018-06-10 03:56:17,720, session=2, sequence=39, operation=PrimitiveOperation{id=DefaultOperationId{id=write, type=COMMAND}, value=byte[]{length=17, hash=-1644578928}}}}
03:56:18.420 [raft-server-2-state] TRACE i.a.p.raft.impl.RaftServiceManager - RaftServer{2} - Applying Indexed{index=45, entry=CommandEntry{term=1, timestamp=2018-06-10 03:56:17,720, session=2, sequence=39, operation=PrimitiveOperation{id=DefaultOperationId{id=write, type=COMMAND}, value=byte[]{length=17, hash=-1644578928}}}}
03:56:18.420 [raft-server-1] TRACE i.a.p.raft.roles.LeaderAppender - RaftServer{1} - Received AppendResponse{status=OK, term=1, succeeded=true, lastLogIndex=46} from 2
03:56:18.420 [raft-server-3-state] TRACE i.a.p.s.impl.DefaultServiceExecutor - PrimitiveService{2}{type=io.atomix.protocols.raft.RaftTest$TestPrimitiveType@416fde07, name=raft-test} - Executing DefaultCommit{index=45, session=RaftSession{RaftServiceContext{server=3, type=io.atomix.protocols.raft.RaftTest$TestPrimitiveType@416fde07, name=raft-test, id=2}, session=2, timestamp=2018-06-10 03:56:17,720}, time=2018-06-10 03:56:17,720, operation=DefaultOperationId{id=write, type=COMMAND}, value=byte[]{length=17, hash=-1644578928}}
03:56:18.420 [raft-server-2-state] TRACE i.a.p.s.impl.DefaultServiceExecutor - PrimitiveService{2}{type=io.atomix.protocols.raft.RaftTest$TestPrimitiveType@51dfd39e, name=raft-test} - Executing DefaultCommit{index=45, session=RaftSession{RaftServiceContext{server=2, type=io.atomix.protocols.raft.RaftTest$TestPrimitiveType@51dfd39e, name=raft-test, id=2}, session=2, timestamp=2018-06-10 03:56:17,720}, time=2018-06-10 03:56:17,720, operation=DefaultOperationId{id=write, type=COMMAND}, value=byte[]{length=17, hash=-1644578928}}
03:56:18.420 [raft-server-1] TRACE i.a.p.raft.roles.LeaderAppender - RaftServer{1} - Committed entries up to 46
03:56:18.577 [raft-server-1] TRACE i.a.p.raft.roles.LeaderAppender - RaftServer{1} - Sending AppendRequest{term=1, leader=1, prevLogIndex=46, prevLogTerm=1, entries=0, commitIndex=46} to 2
03:56:18.577 [raft-server-2] TRACE i.a.p.raft.roles.FollowerRole - RaftServer{2}{role=FOLLOWER} - Received AppendRequest{term=1, leader=1, prevLogIndex=46, prevLogTerm=1, entries=0, commitIndex=46}
03:56:18.577 [raft-server-1] TRACE i.a.p.raft.roles.LeaderAppender - RaftServer{1} - Received AppendResponse{status=OK, term=1, succeeded=true, lastLogIndex=46} from 3
03:56:18.577 [raft-server-1] TRACE i.a.p.raft.roles.LeaderAppender - RaftServer{1} - Sending AppendRequest{term=1, leader=1, prevLogIndex=46, prevLogTerm=1, entries=0, commitIndex=46} to 3
03:56:18.577 [raft-server-3] TRACE i.a.p.raft.roles.FollowerRole - RaftServer{3}{role=FOLLOWER} - Received AppendRequest{term=1, leader=1, prevLogIndex=46, prevLogTerm=1, entries=0, commitIndex=46}
03:56:18.577 [raft-server-1-state] TRACE i.a.p.raft.impl.RaftServiceManager - RaftServer{1} - Applying Indexed{index=46, entry=CommandEntry{term=1, timestamp=2018-06-10 03:56:18,087, session=2, sequence=40, operation=PrimitiveOperation{id=DefaultOperationId{id=write, type=COMMAND}, value=byte[]{length=17, hash=-1644578928}}}}
03:56:18.577 [raft-server-1-state] TRACE i.a.p.s.impl.DefaultServiceExecutor - PrimitiveService{2}{type=io.atomix.protocols.raft.RaftTest$TestPrimitiveType@2997f1, name=raft-test} - Executing DefaultCommit{index=46, session=RaftSession{RaftServiceContext{server=1, type=io.atomix.protocols.raft.RaftTest$TestPrimitiveType@2997f1, name=raft-test, id=2}, session=2, timestamp=2018-06-10 03:56:18,087}, time=2018-06-10 03:56:18,087, operation=DefaultOperationId{id=write, type=COMMAND}, value=byte[]{length=17, hash=-1644578928}}
03:56:18.578 [raft-server-1-state] TRACE i.a.protocols.raft.roles.LeaderRole - RaftServer{1}{role=LEADER} - Sending CommandResponse{status=OK, index=46, eventIndex=2, result=byte[]{length=2, hash=1332}}
03:56:18.578 [raft-client-fc80a008-639d-42fe-bb37-24bc71d605c3-2] TRACE i.a.p.r.s.impl.RaftSessionConnection - SessionClient{2}{type=io.atomix.protocols.raft.RaftTest$TestPrimitiveType@68b11545, name=raft-test} - Received CommandResponse{status=OK, index=46, eventIndex=2, result=byte[]{length=2, hash=1332}} from 1
03:56:18.578 [raft-client-fc80a008-639d-42fe-bb37-24bc71d605c3-2] TRACE i.a.p.r.s.impl.RaftSessionSequencer - SessionClient{2}{type=io.atomix.protocols.raft.RaftTest$TestPrimitiveType@68b11545, name=raft-test} - Completing response CommandResponse{status=OK, index=46, eventIndex=2, result=byte[]{length=2, hash=1332}}
03:56:18.578 [raft-client-fc80a008-639d-42fe-bb37-24bc71d605c3-2] TRACE i.a.p.r.s.impl.RaftSessionConnection - SessionClient{2}{type=io.atomix.protocols.raft.RaftTest$TestPrimitiveType@68b11545, name=raft-test} - Sending CommandRequest{session=2, sequence=41, operation=PrimitiveOperation{id=DefaultOperationId{id=write, type=COMMAND}, value=byte[]{length=17, hash=-1644578928}}} to 1
03:56:18.578 [raft-server-1] TRACE i.a.protocols.raft.roles.LeaderRole - RaftServer{1}{role=LEADER} - Received CommandRequest{session=2, sequence=41, operation=PrimitiveOperation{id=DefaultOperationId{id=write, type=COMMAND}, value=byte[]{length=17, hash=-1644578928}}}
03:56:18.578 [raft-server-1] TRACE i.a.protocols.raft.roles.LeaderRole - RaftServer{1}{role=LEADER} - Appended Indexed{index=47, entry=CommandEntry{term=1, timestamp=2018-06-10 03:56:18,578, session=2, sequence=41, operation=PrimitiveOperation{id=DefaultOperationId{id=write, type=COMMAND}, value=byte[]{length=17, hash=-1644578928}}}}
03:56:18.697 [raft-server-1] TRACE i.a.p.raft.roles.LeaderAppender - RaftServer{1} - Sending AppendRequest{term=1, leader=1, prevLogIndex=46, prevLogTerm=1, entries=1, commitIndex=46} to 3
03:56:18.697 [raft-server-1] TRACE i.a.p.raft.roles.LeaderAppender - RaftServer{1} - Sending AppendRequest{term=1, leader=1, prevLogIndex=46, prevLogTerm=1, entries=1, commitIndex=46} to 2
03:56:19.221 [raft-server-2] TRACE i.a.p.raft.roles.FollowerRole - RaftServer{2}{role=FOLLOWER} - Committed entries up to index 46
03:56:19.221 [raft-server-3] TRACE i.a.p.raft.roles.FollowerRole - RaftServer{3}{role=FOLLOWER} - Committed entries up to index 46
03:56:19.221 [raft-server-2] TRACE i.a.p.raft.roles.FollowerRole - RaftServer{2}{role=FOLLOWER} - Sending AppendResponse{status=OK, term=1, succeeded=true, lastLogIndex=46}
03:56:19.221 [raft-server-3] TRACE i.a.p.raft.roles.FollowerRole - RaftServer{3}{role=FOLLOWER} - Sending AppendResponse{status=OK, term=1, succeeded=true, lastLogIndex=46}
03:56:19.221 [raft-server-2] TRACE i.a.p.raft.roles.FollowerRole - RaftServer{2}{role=FOLLOWER} - Received AppendRequest{term=1, leader=1, prevLogIndex=46, prevLogTerm=1, entries=1, commitIndex=46}
03:56:19.221 [raft-server-3] TRACE i.a.p.raft.roles.FollowerRole - RaftServer{3}{role=FOLLOWER} - Received AppendRequest{term=1, leader=1, prevLogIndex=46, prevLogTerm=1, entries=1, commitIndex=46}
03:56:19.221 [raft-server-1] TRACE i.a.p.raft.roles.LeaderAppender - RaftServer{1} - Received AppendResponse{status=OK, term=1, succeeded=true, lastLogIndex=46} from 2
03:56:19.221 [raft-server-1] TRACE i.a.p.raft.roles.LeaderAppender - RaftServer{1} - Received AppendResponse{status=OK, term=1, succeeded=true, lastLogIndex=46} from 3
03:56:19.221 [raft-server-2] TRACE i.a.p.raft.roles.FollowerRole - RaftServer{2}{role=FOLLOWER} - Appended Indexed{index=47, entry=CommandEntry{term=1, timestamp=2018-06-10 03:56:18,578, session=2, sequence=41, operation=PrimitiveOperation{id=DefaultOperationId{id=write, type=COMMAND}, value=byte[]{length=17, hash=-1644578928}}}}
03:56:19.221 [raft-server-3] TRACE i.a.p.raft.roles.FollowerRole - RaftServer{3}{role=FOLLOWER} - Appended Indexed{index=47, entry=CommandEntry{term=1, timestamp=2018-06-10 03:56:18,578, session=2, sequence=41, operation=PrimitiveOperation{id=DefaultOperationId{id=write, type=COMMAND}, value=byte[]{length=17, hash=-1644578928}}}}
03:56:19.221 [raft-server-2] TRACE i.a.p.raft.roles.FollowerRole - RaftServer{2}{role=FOLLOWER} - Sending AppendResponse{status=OK, term=1, succeeded=true, lastLogIndex=47}
03:56:19.221 [raft-server-3] TRACE i.a.p.raft.roles.FollowerRole - RaftServer{3}{role=FOLLOWER} - Sending AppendResponse{status=OK, term=1, succeeded=true, lastLogIndex=47}
03:56:19.221 [raft-server-1] TRACE i.a.p.raft.roles.LeaderAppender - RaftServer{1} - Received AppendResponse{status=OK, term=1, succeeded=true, lastLogIndex=47} from 2
03:56:19.221 [raft-server-1] TRACE i.a.p.raft.roles.LeaderAppender - RaftServer{1} - Committed entries up to 47
03:56:19.221 [raft-server-2-state] TRACE i.a.p.raft.impl.RaftServiceManager - RaftServer{2} - Applying Indexed{index=46, entry=CommandEntry{term=1, timestamp=2018-06-10 03:56:18,087, session=2, sequence=40, operation=PrimitiveOperation{id=DefaultOperationId{id=write, type=COMMAND}, value=byte[]{length=17, hash=-1644578928}}}}
03:56:19.221 [raft-server-3-state] TRACE i.a.p.raft.impl.RaftServiceManager - RaftServer{3} - Applying Indexed{index=46, entry=CommandEntry{term=1, timestamp=2018-06-10 03:56:18,087, session=2, sequence=40, operation=PrimitiveOperation{id=DefaultOperationId{id=write, type=COMMAND}, value=byte[]{length=17, hash=-1644578928}}}}
03:56:19.221 [raft-server-2-state] TRACE i.a.p.s.impl.DefaultServiceExecutor - PrimitiveService{2}{type=io.atomix.protocols.raft.RaftTest$TestPrimitiveType@51dfd39e, name=raft-test} - Executing DefaultCommit{index=46, session=RaftSession{RaftServiceContext{server=2, type=io.atomix.protocols.raft.RaftTest$TestPrimitiveType@51dfd39e, name=raft-test, id=2}, session=2, timestamp=2018-06-10 03:56:18,087}, time=2018-06-10 03:56:18,087, operation=DefaultOperationId{id=write, type=COMMAND}, value=byte[]{length=17, hash=-1644578928}}
03:56:19.221 [raft-server-3-state] TRACE i.a.p.s.impl.DefaultServiceExecutor - PrimitiveService{2}{type=io.atomix.protocols.raft.RaftTest$TestPrimitiveType@416fde07, name=raft-test} - Executing DefaultCommit{index=46, session=RaftSession{RaftServiceContext{server=3, type=io.atomix.protocols.raft.RaftTest$TestPrimitiveType@416fde07, name=raft-test, id=2}, session=2, timestamp=2018-06-10 03:56:18,087}, time=2018-06-10 03:56:18,087, operation=DefaultOperationId{id=write, type=COMMAND}, value=byte[]{length=17, hash=-1644578928}}
03:56:19.230 [raft-client-fc80a008-639d-42fe-bb37-24bc71d605c3-2] TRACE i.a.p.r.s.impl.RaftSessionManager - RaftClient{fc80a008-639d-42fe-bb37-24bc71d605c3} - Keeping 1 sessions alive
03:56:19.230 [raft-client-fc80a008-639d-42fe-bb37-24bc71d605c3-2] TRACE i.a.p.r.s.impl.RaftSessionConnection - RaftClient{fc80a008-639d-42fe-bb37-24bc71d605c3} - Sending KeepAliveRequest{sessionIds=long[]{length=1, hash=33}, commandSequences=long[]{length=1, hash=71}, eventIndexes=long[]{length=1, hash=33}} to 1
03:56:19.579 [raft-client-fc80a008-639d-42fe-bb37-24bc71d605c3-4] DEBUG i.a.p.r.s.impl.RaftSessionConnection - SessionClient{2}{type=io.atomix.protocols.raft.RaftTest$TestPrimitiveType@68b11545, name=raft-test} - CommandRequest{session=2, sequence=41, operation=PrimitiveOperation{id=DefaultOperationId{id=write, type=COMMAND}, value=byte[]{length=17, hash=-1644578928}}} failed! Reason: {}
java.util.concurrent.TimeoutException: null
	at io.atomix.protocols.raft.protocol.TestRaftProtocol.lambda$scheduleTimeout$0(TestRaftProtocol.java:48) ~[test-classes/:na]
	at java.util.concurrent.Executors$RunnableAdapter.call(Executors.java:511) ~[na:1.8.0_121]
	at java.util.concurrent.FutureTask.run(FutureTask.java:266) ~[na:1.8.0_121]
	at java.util.concurrent.ScheduledThreadPoolExecutor$ScheduledFutureTask.access$201(ScheduledThreadPoolExecutor.java:180) ~[na:1.8.0_121]
	at java.util.concurrent.ScheduledThreadPoolExecutor$ScheduledFutureTask.run(ScheduledThreadPoolExecutor.java:293) ~[na:1.8.0_121]
	at java.util.concurrent.ThreadPoolExecutor.runWorker(ThreadPoolExecutor.java:1142) ~[na:1.8.0_121]
	at java.util.concurrent.ThreadPoolExecutor$Worker.run(ThreadPoolExecutor.java:617) ~[na:1.8.0_121]
	at java.lang.Thread.run(Thread.java:745) ~[na:1.8.0_121]
03:56:19.579 [raft-client-fc80a008-639d-42fe-bb37-24bc71d605c3-4] TRACE i.a.p.r.s.impl.RaftSessionConnection - SessionClient{2}{type=io.atomix.protocols.raft.RaftTest$TestPrimitiveType@68b11545, name=raft-test} - Resetting connection. Reason: null
03:56:19.579 [raft-client-fc80a008-639d-42fe-bb37-24bc71d605c3-4] TRACE i.a.p.r.s.impl.RaftSessionConnection - SessionClient{2}{type=io.atomix.protocols.raft.RaftTest$TestPrimitiveType@68b11545, name=raft-test} - Sending CommandRequest{session=2, sequence=41, operation=PrimitiveOperation{id=DefaultOperationId{id=write, type=COMMAND}, value=byte[]{length=17, hash=-1644578928}}} to 1
03:56:19.676 [raft-server-1] TRACE i.a.p.raft.roles.LeaderAppender - RaftServer{1} - Sending AppendRequest{term=1, leader=1, prevLogIndex=47, prevLogTerm=1, entries=0, commitIndex=47} to 2
03:56:19.676 [raft-server-1] TRACE i.a.p.raft.roles.LeaderAppender - RaftServer{1} - Received AppendResponse{status=OK, term=1, succeeded=true, lastLogIndex=47} from 3
03:56:19.676 [raft-server-2] TRACE i.a.p.raft.roles.FollowerRole - RaftServer{2}{role=FOLLOWER} - Received AppendRequest{term=1, leader=1, prevLogIndex=47, prevLogTerm=1, entries=0, commitIndex=47}
03:56:19.676 [raft-server-1] TRACE i.a.p.raft.roles.LeaderAppender - RaftServer{1} - Sending AppendRequest{term=1, leader=1, prevLogIndex=47, prevLogTerm=1, entries=0, commitIndex=47} to 3
03:56:19.676 [raft-server-3] TRACE i.a.p.raft.roles.FollowerRole - RaftServer{3}{role=FOLLOWER} - Received AppendRequest{term=1, leader=1, prevLogIndex=47, prevLogTerm=1, entries=0, commitIndex=47}
03:56:19.676 [raft-server-1] TRACE i.a.protocols.raft.roles.LeaderRole - RaftServer{1}{role=LEADER} - Received KeepAliveRequest{sessionIds=long[]{length=1, hash=33}, commandSequences=long[]{length=1, hash=71}, eventIndexes=long[]{length=1, hash=33}}
03:56:19.676 [raft-server-1] TRACE i.a.protocols.raft.roles.LeaderRole - RaftServer{1}{role=LEADER} - Appended Indexed{index=48, entry=KeepAliveEntry{term=1, timestamp=2018-06-10 03:56:19,676, sessionIds=long[]{length=1, hash=33}, commandSequences=long[]{length=1, hash=71}, eventIndexes=long[]{length=1, hash=33}}}
03:56:19.676 [raft-server-1] TRACE i.a.protocols.raft.roles.LeaderRole - RaftServer{1}{role=LEADER} - Received CommandRequest{session=2, sequence=41, operation=PrimitiveOperation{id=DefaultOperationId{id=write, type=COMMAND}, value=byte[]{length=17, hash=-1644578928}}}
03:56:19.676 [raft-server-1] TRACE i.a.protocols.raft.roles.LeaderRole - RaftServer{1}{role=LEADER} - Appended Indexed{index=49, entry=CommandEntry{term=1, timestamp=2018-06-10 03:56:19,676, session=2, sequence=41, operation=PrimitiveOperation{id=DefaultOperationId{id=write, type=COMMAND}, value=byte[]{length=17, hash=-1644578928}}}}
03:56:19.676 [raft-server-1-state] TRACE i.a.p.raft.impl.RaftServiceManager - RaftServer{1} - Applying Indexed{index=47, entry=CommandEntry{term=1, timestamp=2018-06-10 03:56:18,578, session=2, sequence=41, operation=PrimitiveOperation{id=DefaultOperationId{id=write, type=COMMAND}, value=byte[]{length=17, hash=-1644578928}}}}
03:56:19.677 [raft-server-1-state] TRACE i.a.p.s.impl.DefaultServiceExecutor - PrimitiveService{2}{type=io.atomix.protocols.raft.RaftTest$TestPrimitiveType@2997f1, name=raft-test} - Executing DefaultCommit{index=47, session=RaftSession{RaftServiceContext{server=1, type=io.atomix.protocols.raft.RaftTest$TestPrimitiveType@2997f1, name=raft-test, id=2}, session=2, timestamp=2018-06-10 03:56:18,578}, time=2018-06-10 03:56:18,578, operation=DefaultOperationId{id=write, type=COMMAND}, value=byte[]{length=17, hash=-1644578928}}
03:56:19.677 [raft-server-1-state] TRACE i.a.protocols.raft.roles.LeaderRole - RaftServer{1}{role=LEADER} - Sending CommandResponse{status=OK, index=47, eventIndex=2, result=byte[]{length=2, hash=1334}}
03:56:19.759 [raft-server-2] TRACE i.a.p.raft.roles.FollowerRole - RaftServer{2}{role=FOLLOWER} - Committed entries up to index 47
03:56:19.759 [raft-server-3] TRACE i.a.p.raft.roles.FollowerRole - RaftServer{3}{role=FOLLOWER} - Committed entries up to index 47
03:56:19.759 [raft-server-2] TRACE i.a.p.raft.roles.FollowerRole - RaftServer{2}{role=FOLLOWER} - Sending AppendResponse{status=OK, term=1, succeeded=true, lastLogIndex=47}
03:56:19.759 [raft-server-3] TRACE i.a.p.raft.roles.FollowerRole - RaftServer{3}{role=FOLLOWER} - Sending AppendResponse{status=OK, term=1, succeeded=true, lastLogIndex=47}
03:56:19.759 [raft-server-1] TRACE i.a.p.raft.roles.LeaderAppender - RaftServer{1} - Received AppendResponse{status=OK, term=1, succeeded=true, lastLogIndex=47} from 2
03:56:19.759 [raft-server-1] TRACE i.a.p.raft.roles.LeaderAppender - RaftServer{1} - Sending AppendRequest{term=1, leader=1, prevLogIndex=47, prevLogTerm=1, entries=2, commitIndex=47} to 2
03:56:19.759 [raft-server-2-state] TRACE i.a.p.raft.impl.RaftServiceManager - RaftServer{2} - Applying Indexed{index=47, entry=CommandEntry{term=1, timestamp=2018-06-10 03:56:18,578, session=2, sequence=41, operation=PrimitiveOperation{id=DefaultOperationId{id=write, type=COMMAND}, value=byte[]{length=17, hash=-1644578928}}}}
03:56:19.759 [raft-server-3-state] TRACE i.a.p.raft.impl.RaftServiceManager - RaftServer{3} - Applying Indexed{index=47, entry=CommandEntry{term=1, timestamp=2018-06-10 03:56:18,578, session=2, sequence=41, operation=PrimitiveOperation{id=DefaultOperationId{id=write, type=COMMAND}, value=byte[]{length=17, hash=-1644578928}}}}
03:56:19.759 [raft-server-1] TRACE i.a.p.raft.roles.LeaderAppender - RaftServer{1} - Received AppendResponse{status=OK, term=1, succeeded=true, lastLogIndex=47} from 3
03:56:19.759 [raft-server-2] TRACE i.a.p.raft.roles.FollowerRole - RaftServer{2}{role=FOLLOWER} - Received AppendRequest{term=1, leader=1, prevLogIndex=47, prevLogTerm=1, entries=2, commitIndex=47}
03:56:19.759 [raft-server-2-state] TRACE i.a.p.s.impl.DefaultServiceExecutor - PrimitiveService{2}{type=io.atomix.protocols.raft.RaftTest$TestPrimitiveType@51dfd39e, name=raft-test} - Executing DefaultCommit{index=47, session=RaftSession{RaftServiceContext{server=2, type=io.atomix.protocols.raft.RaftTest$TestPrimitiveType@51dfd39e, name=raft-test, id=2}, session=2, timestamp=2018-06-10 03:56:18,578}, time=2018-06-10 03:56:18,578, operation=DefaultOperationId{id=write, type=COMMAND}, value=byte[]{length=17, hash=-1644578928}}
03:56:19.760 [raft-server-3-state] TRACE i.a.p.s.impl.DefaultServiceExecutor - PrimitiveService{2}{type=io.atomix.protocols.raft.RaftTest$TestPrimitiveType@416fde07, name=raft-test} - Executing DefaultCommit{index=47, session=RaftSession{RaftServiceContext{server=3, type=io.atomix.protocols.raft.RaftTest$TestPrimitiveType@416fde07, name=raft-test, id=2}, session=2, timestamp=2018-06-10 03:56:18,578}, time=2018-06-10 03:56:18,578, operation=DefaultOperationId{id=write, type=COMMAND}, value=byte[]{length=17, hash=-1644578928}}
03:56:19.760 [raft-server-1] TRACE i.a.p.raft.roles.LeaderAppender - RaftServer{1} - Sending AppendRequest{term=1, leader=1, prevLogIndex=47, prevLogTerm=1, entries=2, commitIndex=47} to 3
03:56:19.760 [raft-server-3] TRACE i.a.p.raft.roles.FollowerRole - RaftServer{3}{role=FOLLOWER} - Received AppendRequest{term=1, leader=1, prevLogIndex=47, prevLogTerm=1, entries=2, commitIndex=47}
03:56:19.760 [raft-server-2] TRACE i.a.p.raft.roles.FollowerRole - RaftServer{2}{role=FOLLOWER} - Appended Indexed{index=48, entry=KeepAliveEntry{term=1, timestamp=2018-06-10 03:56:19,676, sessionIds=long[]{length=1, hash=33}, commandSequences=long[]{length=1, hash=71}, eventIndexes=long[]{length=1, hash=33}}}
03:56:19.760 [raft-server-3] TRACE i.a.p.raft.roles.FollowerRole - RaftServer{3}{role=FOLLOWER} - Appended Indexed{index=48, entry=KeepAliveEntry{term=1, timestamp=2018-06-10 03:56:19,676, sessionIds=long[]{length=1, hash=33}, commandSequences=long[]{length=1, hash=71}, eventIndexes=long[]{length=1, hash=33}}}
03:56:19.761 [raft-server-3] TRACE i.a.p.raft.roles.FollowerRole - RaftServer{3}{role=FOLLOWER} - Appended Indexed{index=49, entry=CommandEntry{term=1, timestamp=2018-06-10 03:56:19,676, session=2, sequence=41, operation=PrimitiveOperation{id=DefaultOperationId{id=write, type=COMMAND}, value=byte[]{length=17, hash=-1644578928}}}}
03:56:19.761 [raft-server-3] TRACE i.a.p.raft.roles.FollowerRole - RaftServer{3}{role=FOLLOWER} - Sending AppendResponse{status=OK, term=1, succeeded=true, lastLogIndex=49}
03:56:19.761 [raft-server-1] TRACE i.a.p.raft.roles.LeaderAppender - RaftServer{1} - Received AppendResponse{status=OK, term=1, succeeded=true, lastLogIndex=49} from 3
03:56:19.761 [raft-server-1] TRACE i.a.p.raft.roles.LeaderAppender - RaftServer{1} - Committed entries up to 49
03:56:19.761 [raft-server-2] TRACE i.a.p.raft.roles.FollowerRole - RaftServer{2}{role=FOLLOWER} - Appended Indexed{index=49, entry=CommandEntry{term=1, timestamp=2018-06-10 03:56:19,676, session=2, sequence=41, operation=PrimitiveOperation{id=DefaultOperationId{id=write, type=COMMAND}, value=byte[]{length=17, hash=-1644578928}}}}
03:56:19.761 [raft-server-2] TRACE i.a.p.raft.roles.FollowerRole - RaftServer{2}{role=FOLLOWER} - Sending AppendResponse{status=OK, term=1, succeeded=true, lastLogIndex=49}
03:56:19.826 [raft-server-1] TRACE i.a.p.raft.roles.LeaderAppender - RaftServer{1} - Received AppendResponse{status=OK, term=1, succeeded=true, lastLogIndex=49} from 2
03:56:19.826 [raft-server-1-state] TRACE i.a.p.raft.impl.RaftServiceManager - RaftServer{1} - Applying Indexed{index=48, entry=KeepAliveEntry{term=1, timestamp=2018-06-10 03:56:19,676, sessionIds=long[]{length=1, hash=33}, commandSequences=long[]{length=1, hash=71}, eventIndexes=long[]{length=1, hash=33}}}
03:56:19.827 [raft-server-1-state] TRACE i.a.p.raft.impl.RaftServiceManager - RaftServer{1} - Applying Indexed{index=49, entry=CommandEntry{term=1, timestamp=2018-06-10 03:56:19,676, session=2, sequence=41, operation=PrimitiveOperation{id=DefaultOperationId{id=write, type=COMMAND}, value=byte[]{length=17, hash=-1644578928}}}}
03:56:19.827 [raft-server-1] TRACE i.a.protocols.raft.roles.LeaderRole - RaftServer{1}{role=LEADER} - Sending KeepAliveResponse{status=OK, leader=1, members=[3, 2, 1], sessionIds=long[]{length=1, hash=33}}
03:56:19.827 [raft-server-1-state] TRACE i.a.p.r.service.RaftServiceContext - PrimitiveService{2}{type=io.atomix.protocols.raft.RaftTest$TestPrimitiveType@2997f1, name=raft-test} - Returning cached result for command with sequence number 41 < 42
03:56:19.827 [raft-client-fc80a008-639d-42fe-bb37-24bc71d605c3-5] TRACE i.a.p.r.s.impl.RaftSessionConnection - RaftClient{fc80a008-639d-42fe-bb37-24bc71d605c3} - Received KeepAliveResponse{status=OK, leader=1, members=[3, 2, 1], sessionIds=long[]{length=1, hash=33}} from 1
03:56:19.827 [raft-server-1-state] TRACE i.a.protocols.raft.roles.LeaderRole - RaftServer{1}{role=LEADER} - Sending CommandResponse{status=OK, index=47, eventIndex=2, result=byte[]{length=2, hash=1334}}
03:56:19.827 [raft-client-fc80a008-639d-42fe-bb37-24bc71d605c3-1] TRACE i.a.p.r.s.impl.RaftSessionConnection - SessionClient{2}{type=io.atomix.protocols.raft.RaftTest$TestPrimitiveType@68b11545, name=raft-test} - Received CommandResponse{status=OK, index=47, eventIndex=2, result=byte[]{length=2, hash=1334}} from 1
03:56:19.827 [raft-client-fc80a008-639d-42fe-bb37-24bc71d605c3-1] TRACE i.a.p.r.s.impl.RaftSessionSequencer - SessionClient{2}{type=io.atomix.protocols.raft.RaftTest$TestPrimitiveType@68b11545, name=raft-test} - Completing response CommandResponse{status=OK, index=47, eventIndex=2, result=byte[]{length=2, hash=1334}}
03:56:19.827 [raft-client-fc80a008-639d-42fe-bb37-24bc71d605c3-1] TRACE i.a.p.r.s.impl.RaftSessionConnection - SessionClient{2}{type=io.atomix.protocols.raft.RaftTest$TestPrimitiveType@68b11545, name=raft-test} - Sending CommandRequest{session=2, sequence=42, operation=PrimitiveOperation{id=DefaultOperationId{id=write, type=COMMAND}, value=byte[]{length=17, hash=-1644578928}}} to 1
03:56:19.828 [raft-server-1] TRACE i.a.protocols.raft.roles.LeaderRole - RaftServer{1}{role=LEADER} - Received CommandRequest{session=2, sequence=42, operation=PrimitiveOperation{id=DefaultOperationId{id=write, type=COMMAND}, value=byte[]{length=17, hash=-1644578928}}}
03:56:19.828 [raft-server-1] TRACE i.a.protocols.raft.roles.LeaderRole - RaftServer{1}{role=LEADER} - Appended Indexed{index=50, entry=CommandEntry{term=1, timestamp=2018-06-10 03:56:19,828, session=2, sequence=42, operation=PrimitiveOperation{id=DefaultOperationId{id=write, type=COMMAND}, value=byte[]{length=17, hash=-1644578928}}}}
03:56:19.828 [raft-server-1] TRACE i.a.p.raft.roles.LeaderAppender - RaftServer{1} - Sending AppendRequest{term=1, leader=1, prevLogIndex=49, prevLogTerm=1, entries=1, commitIndex=49} to 3
03:56:19.829 [raft-server-3] TRACE i.a.p.raft.roles.FollowerRole - RaftServer{3}{role=FOLLOWER} - Received AppendRequest{term=1, leader=1, prevLogIndex=49, prevLogTerm=1, entries=1, commitIndex=49}
03:56:19.829 [raft-server-3] TRACE i.a.p.raft.roles.FollowerRole - RaftServer{3}{role=FOLLOWER} - Appended Indexed{index=50, entry=CommandEntry{term=1, timestamp=2018-06-10 03:56:19,828, session=2, sequence=42, operation=PrimitiveOperation{id=DefaultOperationId{id=write, type=COMMAND}, value=byte[]{length=17, hash=-1644578928}}}}
03:56:19.829 [raft-server-1] TRACE i.a.p.raft.roles.LeaderAppender - RaftServer{1} - Sending AppendRequest{term=1, leader=1, prevLogIndex=49, prevLogTerm=1, entries=1, commitIndex=49} to 2
03:56:19.829 [raft-server-2] TRACE i.a.p.raft.roles.FollowerRole - RaftServer{2}{role=FOLLOWER} - Received AppendRequest{term=1, leader=1, prevLogIndex=49, prevLogTerm=1, entries=1, commitIndex=49}
03:56:19.829 [raft-server-2] TRACE i.a.p.raft.roles.FollowerRole - RaftServer{2}{role=FOLLOWER} - Appended Indexed{index=50, entry=CommandEntry{term=1, timestamp=2018-06-10 03:56:19,828, session=2, sequence=42, operation=PrimitiveOperation{id=DefaultOperationId{id=write, type=COMMAND}, value=byte[]{length=17, hash=-1644578928}}}}
03:56:19.926 [raft-server-2] TRACE i.a.p.raft.roles.FollowerRole - RaftServer{2}{role=FOLLOWER} - Committed entries up to index 49
03:56:19.926 [raft-server-3] TRACE i.a.p.raft.roles.FollowerRole - RaftServer{3}{role=FOLLOWER} - Committed entries up to index 49
03:56:19.926 [raft-server-2] TRACE i.a.p.raft.roles.FollowerRole - RaftServer{2}{role=FOLLOWER} - Sending AppendResponse{status=OK, term=1, succeeded=true, lastLogIndex=50}
03:56:19.926 [raft-server-3] TRACE i.a.p.raft.roles.FollowerRole - RaftServer{3}{role=FOLLOWER} - Sending AppendResponse{status=OK, term=1, succeeded=true, lastLogIndex=50}
03:56:19.926 [raft-server-1] TRACE i.a.p.raft.roles.LeaderAppender - RaftServer{1} - Received AppendResponse{status=OK, term=1, succeeded=true, lastLogIndex=50} from 3
03:56:19.927 [raft-server-1] TRACE i.a.p.raft.roles.LeaderAppender - RaftServer{1} - Committed entries up to 50
03:56:19.927 [raft-server-3-state] TRACE i.a.p.raft.impl.RaftServiceManager - RaftServer{3} - Applying Indexed{index=48, entry=KeepAliveEntry{term=1, timestamp=2018-06-10 03:56:19,676, sessionIds=long[]{length=1, hash=33}, commandSequences=long[]{length=1, hash=71}, eventIndexes=long[]{length=1, hash=33}}}
03:56:19.927 [raft-server-3-state] TRACE i.a.p.raft.impl.RaftServiceManager - RaftServer{3} - Applying Indexed{index=49, entry=CommandEntry{term=1, timestamp=2018-06-10 03:56:19,676, session=2, sequence=41, operation=PrimitiveOperation{id=DefaultOperationId{id=write, type=COMMAND}, value=byte[]{length=17, hash=-1644578928}}}}
03:56:19.927 [raft-server-3-state] TRACE i.a.p.r.service.RaftServiceContext - PrimitiveService{2}{type=io.atomix.protocols.raft.RaftTest$TestPrimitiveType@416fde07, name=raft-test} - Returning cached result for command with sequence number 41 < 42
03:56:19.927 [raft-server-2-state] TRACE i.a.p.raft.impl.RaftServiceManager - RaftServer{2} - Applying Indexed{index=48, entry=KeepAliveEntry{term=1, timestamp=2018-06-10 03:56:19,676, sessionIds=long[]{length=1, hash=33}, commandSequences=long[]{length=1, hash=71}, eventIndexes=long[]{length=1, hash=33}}}
03:56:19.927 [raft-server-2-state] TRACE i.a.p.raft.impl.RaftServiceManager - RaftServer{2} - Applying Indexed{index=49, entry=CommandEntry{term=1, timestamp=2018-06-10 03:56:19,676, session=2, sequence=41, operation=PrimitiveOperation{id=DefaultOperationId{id=write, type=COMMAND}, value=byte[]{length=17, hash=-1644578928}}}}
03:56:19.927 [raft-server-2-state] TRACE i.a.p.r.service.RaftServiceContext - PrimitiveService{2}{type=io.atomix.protocols.raft.RaftTest$TestPrimitiveType@51dfd39e, name=raft-test} - Returning cached result for command with sequence number 41 < 42
03:56:20.003 [raft-server-1] TRACE i.a.p.raft.roles.LeaderAppender - RaftServer{1} - Received AppendResponse{status=OK, term=1, succeeded=true, lastLogIndex=50} from 2
03:56:20.003 [raft-server-1] TRACE i.a.p.raft.roles.LeaderAppender - RaftServer{1} - Sending AppendRequest{term=1, leader=1, prevLogIndex=50, prevLogTerm=1, entries=0, commitIndex=50} to 3
03:56:20.003 [raft-server-1] TRACE i.a.p.raft.roles.LeaderAppender - RaftServer{1} - Sending AppendRequest{term=1, leader=1, prevLogIndex=50, prevLogTerm=1, entries=0, commitIndex=50} to 2
03:56:20.003 [raft-server-3] TRACE i.a.p.raft.roles.FollowerRole - RaftServer{3}{role=FOLLOWER} - Received AppendRequest{term=1, leader=1, prevLogIndex=50, prevLogTerm=1, entries=0, commitIndex=50}
03:56:20.003 [raft-server-2] TRACE i.a.p.raft.roles.FollowerRole - RaftServer{2}{role=FOLLOWER} - Received AppendRequest{term=1, leader=1, prevLogIndex=50, prevLogTerm=1, entries=0, commitIndex=50}
03:56:20.003 [raft-server-1-state] TRACE i.a.p.raft.impl.RaftServiceManager - RaftServer{1} - Applying Indexed{index=50, entry=CommandEntry{term=1, timestamp=2018-06-10 03:56:19,828, session=2, sequence=42, operation=PrimitiveOperation{id=DefaultOperationId{id=write, type=COMMAND}, value=byte[]{length=17, hash=-1644578928}}}}
03:56:20.003 [raft-server-1-state] TRACE i.a.p.s.impl.DefaultServiceExecutor - PrimitiveService{2}{type=io.atomix.protocols.raft.RaftTest$TestPrimitiveType@2997f1, name=raft-test} - Executing DefaultCommit{index=50, session=RaftSession{RaftServiceContext{server=1, type=io.atomix.protocols.raft.RaftTest$TestPrimitiveType@2997f1, name=raft-test, id=2}, session=2, timestamp=2018-06-10 03:56:19,828}, time=2018-06-10 03:56:19,828, operation=DefaultOperationId{id=write, type=COMMAND}, value=byte[]{length=17, hash=-1644578928}}
03:56:20.003 [raft-server-1-state] TRACE i.a.protocols.raft.roles.LeaderRole - RaftServer{1}{role=LEADER} - Sending CommandResponse{status=OK, index=50, eventIndex=2, result=byte[]{length=2, hash=1340}}
03:56:20.004 [raft-client-fc80a008-639d-42fe-bb37-24bc71d605c3-4] TRACE i.a.p.r.s.impl.RaftSessionConnection - SessionClient{2}{type=io.atomix.protocols.raft.RaftTest$TestPrimitiveType@68b11545, name=raft-test} - Received CommandResponse{status=OK, index=50, eventIndex=2, result=byte[]{length=2, hash=1340}} from 1
03:56:20.004 [raft-client-fc80a008-639d-42fe-bb37-24bc71d605c3-4] TRACE i.a.p.r.s.impl.RaftSessionSequencer - SessionClient{2}{type=io.atomix.protocols.raft.RaftTest$TestPrimitiveType@68b11545, name=raft-test} - Completing response CommandResponse{status=OK, index=50, eventIndex=2, result=byte[]{length=2, hash=1340}}
03:56:20.004 [raft-client-fc80a008-639d-42fe-bb37-24bc71d605c3-3] TRACE i.a.p.r.s.impl.RaftSessionConnection - SessionClient{2}{type=io.atomix.protocols.raft.RaftTest$TestPrimitiveType@68b11545, name=raft-test} - Sending CommandRequest{session=2, sequence=43, operation=PrimitiveOperation{id=DefaultOperationId{id=write, type=COMMAND}, value=byte[]{length=17, hash=-1644578928}}} to 1
03:56:20.004 [raft-server-1] TRACE i.a.protocols.raft.roles.LeaderRole - RaftServer{1}{role=LEADER} - Received CommandRequest{session=2, sequence=43, operation=PrimitiveOperation{id=DefaultOperationId{id=write, type=COMMAND}, value=byte[]{length=17, hash=-1644578928}}}
03:56:20.069 [raft-server-2] TRACE i.a.p.raft.roles.FollowerRole - RaftServer{2}{role=FOLLOWER} - Committed entries up to index 50
03:56:20.069 [raft-server-3] TRACE i.a.p.raft.roles.FollowerRole - RaftServer{3}{role=FOLLOWER} - Committed entries up to index 50
03:56:20.069 [raft-server-2] TRACE i.a.p.raft.roles.FollowerRole - RaftServer{2}{role=FOLLOWER} - Sending AppendResponse{status=OK, term=1, succeeded=true, lastLogIndex=50}
03:56:20.069 [raft-server-3] TRACE i.a.p.raft.roles.FollowerRole - RaftServer{3}{role=FOLLOWER} - Sending AppendResponse{status=OK, term=1, succeeded=true, lastLogIndex=50}
03:56:20.070 [raft-server-2-state] TRACE i.a.p.raft.impl.RaftServiceManager - RaftServer{2} - Applying Indexed{index=50, entry=CommandEntry{term=1, timestamp=2018-06-10 03:56:19,828, session=2, sequence=42, operation=PrimitiveOperation{id=DefaultOperationId{id=write, type=COMMAND}, value=byte[]{length=17, hash=-1644578928}}}}
03:56:20.069 [raft-server-3-state] TRACE i.a.p.raft.impl.RaftServiceManager - RaftServer{3} - Applying Indexed{index=50, entry=CommandEntry{term=1, timestamp=2018-06-10 03:56:19,828, session=2, sequence=42, operation=PrimitiveOperation{id=DefaultOperationId{id=write, type=COMMAND}, value=byte[]{length=17, hash=-1644578928}}}}
03:56:20.070 [raft-server-2-state] TRACE i.a.p.s.impl.DefaultServiceExecutor - PrimitiveService{2}{type=io.atomix.protocols.raft.RaftTest$TestPrimitiveType@51dfd39e, name=raft-test} - Executing DefaultCommit{index=50, session=RaftSession{RaftServiceContext{server=2, type=io.atomix.protocols.raft.RaftTest$TestPrimitiveType@51dfd39e, name=raft-test, id=2}, session=2, timestamp=2018-06-10 03:56:19,828}, time=2018-06-10 03:56:19,828, operation=DefaultOperationId{id=write, type=COMMAND}, value=byte[]{length=17, hash=-1644578928}}
03:56:20.070 [raft-server-3-state] TRACE i.a.p.s.impl.DefaultServiceExecutor - PrimitiveService{2}{type=io.atomix.protocols.raft.RaftTest$TestPrimitiveType@416fde07, name=raft-test} - Executing DefaultCommit{index=50, session=RaftSession{RaftServiceContext{server=3, type=io.atomix.protocols.raft.RaftTest$TestPrimitiveType@416fde07, name=raft-test, id=2}, session=2, timestamp=2018-06-10 03:56:19,828}, time=2018-06-10 03:56:19,828, operation=DefaultOperationId{id=write, type=COMMAND}, value=byte[]{length=17, hash=-1644578928}}
03:56:20.405 [raft-server-1] DEBUG i.a.storage.journal.SegmentedJournal - Created disk segment: JournalSegment{id=6, version=1, index=51, size=64}
03:56:20.405 [raft-server-1] TRACE i.a.protocols.raft.roles.LeaderRole - RaftServer{1}{role=LEADER} - Appended Indexed{index=51, entry=CommandEntry{term=1, timestamp=2018-06-10 03:56:20,004, session=2, sequence=43, operation=PrimitiveOperation{id=DefaultOperationId{id=write, type=COMMAND}, value=byte[]{length=17, hash=-1644578928}}}}
03:56:20.405 [raft-server-1] TRACE i.a.p.raft.roles.LeaderAppender - RaftServer{1} - Received AppendResponse{status=OK, term=1, succeeded=true, lastLogIndex=50} from 2
03:56:20.405 [raft-server-1] TRACE i.a.p.raft.roles.LeaderAppender - RaftServer{1} - Sending AppendRequest{term=1, leader=1, prevLogIndex=50, prevLogTerm=1, entries=1, commitIndex=50} to 2
03:56:20.406 [raft-server-1] TRACE i.a.p.raft.roles.LeaderAppender - RaftServer{1} - Sending AppendRequest{term=1, leader=1, prevLogIndex=50, prevLogTerm=1, entries=1, commitIndex=50} to 3
03:56:20.406 [raft-server-1] TRACE i.a.p.raft.roles.LeaderAppender - RaftServer{1} - Received AppendResponse{status=OK, term=1, succeeded=true, lastLogIndex=50} from 3
03:56:20.406 [raft-server-2] TRACE i.a.p.raft.roles.FollowerRole - RaftServer{2}{role=FOLLOWER} - Received AppendRequest{term=1, leader=1, prevLogIndex=50, prevLogTerm=1, entries=1, commitIndex=50}
03:56:20.407 [raft-server-3] TRACE i.a.p.raft.roles.FollowerRole - RaftServer{3}{role=FOLLOWER} - Received AppendRequest{term=1, leader=1, prevLogIndex=50, prevLogTerm=1, entries=1, commitIndex=50}
03:56:20.722 [raft-server-2] DEBUG i.a.storage.journal.SegmentedJournal - Created disk segment: JournalSegment{id=6, version=1, index=51, size=64}
03:56:20.722 [raft-server-2] TRACE i.a.p.raft.roles.FollowerRole - RaftServer{2}{role=FOLLOWER} - Appended Indexed{index=51, entry=CommandEntry{term=1, timestamp=2018-06-10 03:56:20,004, session=2, sequence=43, operation=PrimitiveOperation{id=DefaultOperationId{id=write, type=COMMAND}, value=byte[]{length=17, hash=-1644578928}}}}
03:56:20.722 [raft-server-2] TRACE i.a.p.raft.roles.FollowerRole - RaftServer{2}{role=FOLLOWER} - Sending AppendResponse{status=OK, term=1, succeeded=true, lastLogIndex=51}
03:56:20.722 [raft-server-1] TRACE i.a.p.raft.roles.LeaderAppender - RaftServer{1} - Received AppendResponse{status=OK, term=1, succeeded=true, lastLogIndex=51} from 2
03:56:20.722 [raft-server-1] TRACE i.a.p.raft.roles.LeaderAppender - RaftServer{1} - Committed entries up to 51
03:56:20.763 [raft-server-3] DEBUG i.a.storage.journal.SegmentedJournal - Created disk segment: JournalSegment{id=6, version=1, index=51, size=64}
03:56:20.764 [raft-server-3] TRACE i.a.p.raft.roles.FollowerRole - RaftServer{3}{role=FOLLOWER} - Appended Indexed{index=51, entry=CommandEntry{term=1, timestamp=2018-06-10 03:56:20,004, session=2, sequence=43, operation=PrimitiveOperation{id=DefaultOperationId{id=write, type=COMMAND}, value=byte[]{length=17, hash=-1644578928}}}}
03:56:20.764 [raft-server-3] TRACE i.a.p.raft.roles.FollowerRole - RaftServer{3}{role=FOLLOWER} - Sending AppendResponse{status=OK, term=1, succeeded=true, lastLogIndex=51}
03:56:20.809 [raft-server-1] TRACE i.a.p.raft.roles.LeaderAppender - RaftServer{1} - Sending AppendRequest{term=1, leader=1, prevLogIndex=51, prevLogTerm=1, entries=0, commitIndex=51} to 2
03:56:20.809 [raft-server-1] TRACE i.a.p.raft.roles.LeaderAppender - RaftServer{1} - Received AppendResponse{status=OK, term=1, succeeded=true, lastLogIndex=51} from 3
03:56:20.809 [raft-server-2] TRACE i.a.p.raft.roles.FollowerRole - RaftServer{2}{role=FOLLOWER} - Received AppendRequest{term=1, leader=1, prevLogIndex=51, prevLogTerm=1, entries=0, commitIndex=51}
03:56:20.809 [raft-server-1] TRACE i.a.p.raft.roles.LeaderAppender - RaftServer{1} - Sending AppendRequest{term=1, leader=1, prevLogIndex=51, prevLogTerm=1, entries=0, commitIndex=51} to 3
03:56:20.809 [raft-server-3] TRACE i.a.p.raft.roles.FollowerRole - RaftServer{3}{role=FOLLOWER} - Received AppendRequest{term=1, leader=1, prevLogIndex=51, prevLogTerm=1, entries=0, commitIndex=51}
03:56:20.809 [raft-server-1-state] TRACE i.a.p.raft.impl.RaftServiceManager - RaftServer{1} - Applying Indexed{index=51, entry=CommandEntry{term=1, timestamp=2018-06-10 03:56:20,004, session=2, sequence=43, operation=PrimitiveOperation{id=DefaultOperationId{id=write, type=COMMAND}, value=byte[]{length=17, hash=-1644578928}}}}
03:56:20.809 [raft-server-1-state] TRACE i.a.p.s.impl.DefaultServiceExecutor - PrimitiveService{2}{type=io.atomix.protocols.raft.RaftTest$TestPrimitiveType@2997f1, name=raft-test} - Executing DefaultCommit{index=51, session=RaftSession{RaftServiceContext{server=1, type=io.atomix.protocols.raft.RaftTest$TestPrimitiveType@2997f1, name=raft-test, id=2}, session=2, timestamp=2018-06-10 03:56:20,004}, time=2018-06-10 03:56:20,004, operation=DefaultOperationId{id=write, type=COMMAND}, value=byte[]{length=17, hash=-1644578928}}
03:56:20.810 [raft-server-1-state] TRACE i.a.protocols.raft.roles.LeaderRole - RaftServer{1}{role=LEADER} - Sending CommandResponse{status=OK, index=51, eventIndex=2, result=byte[]{length=2, hash=1342}}
03:56:20.810 [raft-client-fc80a008-639d-42fe-bb37-24bc71d605c3-2] TRACE i.a.p.r.s.impl.RaftSessionConnection - SessionClient{2}{type=io.atomix.protocols.raft.RaftTest$TestPrimitiveType@68b11545, name=raft-test} - Received CommandResponse{status=OK, index=51, eventIndex=2, result=byte[]{length=2, hash=1342}} from 1
03:56:20.810 [raft-client-fc80a008-639d-42fe-bb37-24bc71d605c3-2] TRACE i.a.p.r.s.impl.RaftSessionSequencer - SessionClient{2}{type=io.atomix.protocols.raft.RaftTest$TestPrimitiveType@68b11545, name=raft-test} - Completing response CommandResponse{status=OK, index=51, eventIndex=2, result=byte[]{length=2, hash=1342}}
03:56:20.810 [raft-client-fc80a008-639d-42fe-bb37-24bc71d605c3-2] TRACE i.a.p.r.s.impl.RaftSessionConnection - SessionClient{2}{type=io.atomix.protocols.raft.RaftTest$TestPrimitiveType@68b11545, name=raft-test} - Sending CommandRequest{session=2, sequence=44, operation=PrimitiveOperation{id=DefaultOperationId{id=write, type=COMMAND}, value=byte[]{length=17, hash=-1644578928}}} to 1
03:56:20.810 [raft-server-1] TRACE i.a.protocols.raft.roles.LeaderRole - RaftServer{1}{role=LEADER} - Received CommandRequest{session=2, sequence=44, operation=PrimitiveOperation{id=DefaultOperationId{id=write, type=COMMAND}, value=byte[]{length=17, hash=-1644578928}}}
03:56:20.810 [raft-server-1] TRACE i.a.protocols.raft.roles.LeaderRole - RaftServer{1}{role=LEADER} - Appended Indexed{index=52, entry=CommandEntry{term=1, timestamp=2018-06-10 03:56:20,810, session=2, sequence=44, operation=PrimitiveOperation{id=DefaultOperationId{id=write, type=COMMAND}, value=byte[]{length=17, hash=-1644578928}}}}
03:56:20.851 [raft-server-3] TRACE i.a.p.raft.roles.FollowerRole - RaftServer{3}{role=FOLLOWER} - Committed entries up to index 51
03:56:20.851 [raft-server-3] TRACE i.a.p.raft.roles.FollowerRole - RaftServer{3}{role=FOLLOWER} - Sending AppendResponse{status=OK, term=1, succeeded=true, lastLogIndex=51}
03:56:20.851 [raft-server-1] TRACE i.a.p.raft.roles.LeaderAppender - RaftServer{1} - Received AppendResponse{status=OK, term=1, succeeded=true, lastLogIndex=51} from 3
03:56:20.851 [raft-server-1] TRACE i.a.p.raft.roles.LeaderAppender - RaftServer{1} - Sending AppendRequest{term=1, leader=1, prevLogIndex=51, prevLogTerm=1, entries=1, commitIndex=51} to 3
03:56:20.851 [raft-server-3-state] TRACE i.a.p.raft.impl.RaftServiceManager - RaftServer{3} - Applying Indexed{index=51, entry=CommandEntry{term=1, timestamp=2018-06-10 03:56:20,004, session=2, sequence=43, operation=PrimitiveOperation{id=DefaultOperationId{id=write, type=COMMAND}, value=byte[]{length=17, hash=-1644578928}}}}
03:56:20.851 [raft-server-3-state] TRACE i.a.p.s.impl.DefaultServiceExecutor - PrimitiveService{2}{type=io.atomix.protocols.raft.RaftTest$TestPrimitiveType@416fde07, name=raft-test} - Executing DefaultCommit{index=51, session=RaftSession{RaftServiceContext{server=3, type=io.atomix.protocols.raft.RaftTest$TestPrimitiveType@416fde07, name=raft-test, id=2}, session=2, timestamp=2018-06-10 03:56:20,004}, time=2018-06-10 03:56:20,004, operation=DefaultOperationId{id=write, type=COMMAND}, value=byte[]{length=17, hash=-1644578928}}
03:56:20.851 [raft-server-3] TRACE i.a.p.raft.roles.FollowerRole - RaftServer{3}{role=FOLLOWER} - Received AppendRequest{term=1, leader=1, prevLogIndex=51, prevLogTerm=1, entries=1, commitIndex=51}
03:56:20.851 [raft-server-3] TRACE i.a.p.raft.roles.FollowerRole - RaftServer{3}{role=FOLLOWER} - Appended Indexed{index=52, entry=CommandEntry{term=1, timestamp=2018-06-10 03:56:20,810, session=2, sequence=44, operation=PrimitiveOperation{id=DefaultOperationId{id=write, type=COMMAND}, value=byte[]{length=17, hash=-1644578928}}}}
03:56:20.851 [raft-server-3] TRACE i.a.p.raft.roles.FollowerRole - RaftServer{3}{role=FOLLOWER} - Sending AppendResponse{status=OK, term=1, succeeded=true, lastLogIndex=52}
03:56:20.851 [raft-server-2] TRACE i.a.p.raft.roles.FollowerRole - RaftServer{2}{role=FOLLOWER} - Committed entries up to index 51
03:56:20.851 [raft-server-1] TRACE i.a.p.raft.roles.LeaderAppender - RaftServer{1} - Received AppendResponse{status=OK, term=1, succeeded=true, lastLogIndex=52} from 3
03:56:20.851 [raft-server-2] TRACE i.a.p.raft.roles.FollowerRole - RaftServer{2}{role=FOLLOWER} - Sending AppendResponse{status=OK, term=1, succeeded=true, lastLogIndex=51}
03:56:20.852 [raft-server-1] TRACE i.a.p.raft.roles.LeaderAppender - RaftServer{1} - Committed entries up to 52
03:56:20.852 [raft-server-2-state] TRACE i.a.p.raft.impl.RaftServiceManager - RaftServer{2} - Applying Indexed{index=51, entry=CommandEntry{term=1, timestamp=2018-06-10 03:56:20,004, session=2, sequence=43, operation=PrimitiveOperation{id=DefaultOperationId{id=write, type=COMMAND}, value=byte[]{length=17, hash=-1644578928}}}}
03:56:20.852 [raft-server-2-state] TRACE i.a.p.s.impl.DefaultServiceExecutor - PrimitiveService{2}{type=io.atomix.protocols.raft.RaftTest$TestPrimitiveType@51dfd39e, name=raft-test} - Executing DefaultCommit{index=51, session=RaftSession{RaftServiceContext{server=2, type=io.atomix.protocols.raft.RaftTest$TestPrimitiveType@51dfd39e, name=raft-test, id=2}, session=2, timestamp=2018-06-10 03:56:20,004}, time=2018-06-10 03:56:20,004, operation=DefaultOperationId{id=write, type=COMMAND}, value=byte[]{length=17, hash=-1644578928}}
03:56:20.894 [raft-server-1] TRACE i.a.p.raft.roles.LeaderAppender - RaftServer{1} - Received AppendResponse{status=OK, term=1, succeeded=true, lastLogIndex=51} from 2
03:56:20.894 [raft-server-1] TRACE i.a.p.raft.roles.LeaderAppender - RaftServer{1} - Sending AppendRequest{term=1, leader=1, prevLogIndex=51, prevLogTerm=1, entries=1, commitIndex=52} to 2
03:56:20.894 [raft-server-2] TRACE i.a.p.raft.roles.FollowerRole - RaftServer{2}{role=FOLLOWER} - Received AppendRequest{term=1, leader=1, prevLogIndex=51, prevLogTerm=1, entries=1, commitIndex=52}
03:56:20.894 [raft-server-1-state] TRACE i.a.p.raft.impl.RaftServiceManager - RaftServer{1} - Applying Indexed{index=52, entry=CommandEntry{term=1, timestamp=2018-06-10 03:56:20,810, session=2, sequence=44, operation=PrimitiveOperation{id=DefaultOperationId{id=write, type=COMMAND}, value=byte[]{length=17, hash=-1644578928}}}}
03:56:20.894 [raft-server-2] TRACE i.a.p.raft.roles.FollowerRole - RaftServer{2}{role=FOLLOWER} - Appended Indexed{index=52, entry=CommandEntry{term=1, timestamp=2018-06-10 03:56:20,810, session=2, sequence=44, operation=PrimitiveOperation{id=DefaultOperationId{id=write, type=COMMAND}, value=byte[]{length=17, hash=-1644578928}}}}
03:56:20.894 [raft-server-1-state] TRACE i.a.p.s.impl.DefaultServiceExecutor - PrimitiveService{2}{type=io.atomix.protocols.raft.RaftTest$TestPrimitiveType@2997f1, name=raft-test} - Executing DefaultCommit{index=52, session=RaftSession{RaftServiceContext{server=1, type=io.atomix.protocols.raft.RaftTest$TestPrimitiveType@2997f1, name=raft-test, id=2}, session=2, timestamp=2018-06-10 03:56:20,810}, time=2018-06-10 03:56:20,810, operation=DefaultOperationId{id=write, type=COMMAND}, value=byte[]{length=17, hash=-1644578928}}
03:56:20.895 [raft-server-1-state] TRACE i.a.protocols.raft.roles.LeaderRole - RaftServer{1}{role=LEADER} - Sending CommandResponse{status=OK, index=52, eventIndex=2, result=byte[]{length=2, hash=1344}}
03:56:20.895 [raft-client-fc80a008-639d-42fe-bb37-24bc71d605c3-1] TRACE i.a.p.r.s.impl.RaftSessionConnection - SessionClient{2}{type=io.atomix.protocols.raft.RaftTest$TestPrimitiveType@68b11545, name=raft-test} - Received CommandResponse{status=OK, index=52, eventIndex=2, result=byte[]{length=2, hash=1344}} from 1
03:56:20.895 [raft-client-fc80a008-639d-42fe-bb37-24bc71d605c3-1] TRACE i.a.p.r.s.impl.RaftSessionSequencer - SessionClient{2}{type=io.atomix.protocols.raft.RaftTest$TestPrimitiveType@68b11545, name=raft-test} - Completing response CommandResponse{status=OK, index=52, eventIndex=2, result=byte[]{length=2, hash=1344}}
03:56:20.895 [raft-client-fc80a008-639d-42fe-bb37-24bc71d605c3-0] TRACE i.a.p.r.s.impl.RaftSessionConnection - SessionClient{2}{type=io.atomix.protocols.raft.RaftTest$TestPrimitiveType@68b11545, name=raft-test} - Sending CommandRequest{session=2, sequence=45, operation=PrimitiveOperation{id=DefaultOperationId{id=write, type=COMMAND}, value=byte[]{length=17, hash=-1644578928}}} to 1
03:56:20.895 [raft-server-1] TRACE i.a.protocols.raft.roles.LeaderRole - RaftServer{1}{role=LEADER} - Received CommandRequest{session=2, sequence=45, operation=PrimitiveOperation{id=DefaultOperationId{id=write, type=COMMAND}, value=byte[]{length=17, hash=-1644578928}}}
03:56:20.895 [raft-server-1] TRACE i.a.protocols.raft.roles.LeaderRole - RaftServer{1}{role=LEADER} - Appended Indexed{index=53, entry=CommandEntry{term=1, timestamp=2018-06-10 03:56:20,895, session=2, sequence=45, operation=PrimitiveOperation{id=DefaultOperationId{id=write, type=COMMAND}, value=byte[]{length=17, hash=-1644578928}}}}
03:56:20.895 [raft-server-1] TRACE i.a.p.raft.roles.LeaderAppender - RaftServer{1} - Sending AppendRequest{term=1, leader=1, prevLogIndex=52, prevLogTerm=1, entries=1, commitIndex=52} to 3
03:56:20.895 [raft-server-3] TRACE i.a.p.raft.roles.FollowerRole - RaftServer{3}{role=FOLLOWER} - Received AppendRequest{term=1, leader=1, prevLogIndex=52, prevLogTerm=1, entries=1, commitIndex=52}
03:56:20.896 [raft-server-3] TRACE i.a.p.raft.roles.FollowerRole - RaftServer{3}{role=FOLLOWER} - Appended Indexed{index=53, entry=CommandEntry{term=1, timestamp=2018-06-10 03:56:20,895, session=2, sequence=45, operation=PrimitiveOperation{id=DefaultOperationId{id=write, type=COMMAND}, value=byte[]{length=17, hash=-1644578928}}}}
03:56:20.953 [raft-server-2] TRACE i.a.p.raft.roles.FollowerRole - RaftServer{2}{role=FOLLOWER} - Committed entries up to index 52
03:56:20.953 [raft-server-2] TRACE i.a.p.raft.roles.FollowerRole - RaftServer{2}{role=FOLLOWER} - Sending AppendResponse{status=OK, term=1, succeeded=true, lastLogIndex=52}
03:56:20.953 [raft-server-1] TRACE i.a.p.raft.roles.LeaderAppender - RaftServer{1} - Received AppendResponse{status=OK, term=1, succeeded=true, lastLogIndex=52} from 2
03:56:20.953 [raft-server-1] TRACE i.a.p.raft.roles.LeaderAppender - RaftServer{1} - Sending AppendRequest{term=1, leader=1, prevLogIndex=52, prevLogTerm=1, entries=1, commitIndex=52} to 2
03:56:20.953 [raft-server-2-state] TRACE i.a.p.raft.impl.RaftServiceManager - RaftServer{2} - Applying Indexed{index=52, entry=CommandEntry{term=1, timestamp=2018-06-10 03:56:20,810, session=2, sequence=44, operation=PrimitiveOperation{id=DefaultOperationId{id=write, type=COMMAND}, value=byte[]{length=17, hash=-1644578928}}}}
03:56:20.953 [raft-server-2-state] TRACE i.a.p.s.impl.DefaultServiceExecutor - PrimitiveService{2}{type=io.atomix.protocols.raft.RaftTest$TestPrimitiveType@51dfd39e, name=raft-test} - Executing DefaultCommit{index=52, session=RaftSession{RaftServiceContext{server=2, type=io.atomix.protocols.raft.RaftTest$TestPrimitiveType@51dfd39e, name=raft-test, id=2}, session=2, timestamp=2018-06-10 03:56:20,810}, time=2018-06-10 03:56:20,810, operation=DefaultOperationId{id=write, type=COMMAND}, value=byte[]{length=17, hash=-1644578928}}
03:56:20.953 [raft-server-2] TRACE i.a.p.raft.roles.FollowerRole - RaftServer{2}{role=FOLLOWER} - Received AppendRequest{term=1, leader=1, prevLogIndex=52, prevLogTerm=1, entries=1, commitIndex=52}
03:56:20.953 [raft-server-2] TRACE i.a.p.raft.roles.FollowerRole - RaftServer{2}{role=FOLLOWER} - Appended Indexed{index=53, entry=CommandEntry{term=1, timestamp=2018-06-10 03:56:20,895, session=2, sequence=45, operation=PrimitiveOperation{id=DefaultOperationId{id=write, type=COMMAND}, value=byte[]{length=17, hash=-1644578928}}}}
03:56:20.953 [raft-server-2] TRACE i.a.p.raft.roles.FollowerRole - RaftServer{2}{role=FOLLOWER} - Sending AppendResponse{status=OK, term=1, succeeded=true, lastLogIndex=53}
03:56:20.954 [raft-server-1] TRACE i.a.p.raft.roles.LeaderAppender - RaftServer{1} - Received AppendResponse{status=OK, term=1, succeeded=true, lastLogIndex=53} from 2
03:56:20.954 [raft-server-1] TRACE i.a.p.raft.roles.LeaderAppender - RaftServer{1} - Committed entries up to 53
03:56:21.065 [raft-server-3] TRACE i.a.p.raft.roles.FollowerRole - RaftServer{3}{role=FOLLOWER} - Committed entries up to index 52
03:56:21.065 [raft-server-3] TRACE i.a.p.raft.roles.FollowerRole - RaftServer{3}{role=FOLLOWER} - Sending AppendResponse{status=OK, term=1, succeeded=true, lastLogIndex=53}
03:56:21.066 [raft-server-3-state] TRACE i.a.p.raft.impl.RaftServiceManager - RaftServer{3} - Applying Indexed{index=52, entry=CommandEntry{term=1, timestamp=2018-06-10 03:56:20,810, session=2, sequence=44, operation=PrimitiveOperation{id=DefaultOperationId{id=write, type=COMMAND}, value=byte[]{length=17, hash=-1644578928}}}}
03:56:21.066 [raft-server-3-state] TRACE i.a.p.s.impl.DefaultServiceExecutor - PrimitiveService{2}{type=io.atomix.protocols.raft.RaftTest$TestPrimitiveType@416fde07, name=raft-test} - Executing DefaultCommit{index=52, session=RaftSession{RaftServiceContext{server=3, type=io.atomix.protocols.raft.RaftTest$TestPrimitiveType@416fde07, name=raft-test, id=2}, session=2, timestamp=2018-06-10 03:56:20,810}, time=2018-06-10 03:56:20,810, operation=DefaultOperationId{id=write, type=COMMAND}, value=byte[]{length=17, hash=-1644578928}}
03:56:21.161 [raft-server-1] TRACE i.a.p.raft.roles.LeaderAppender - RaftServer{1} - Received AppendResponse{status=OK, term=1, succeeded=true, lastLogIndex=53} from 3
03:56:21.161 [raft-server-1-state] TRACE i.a.p.raft.impl.RaftServiceManager - RaftServer{1} - Applying Indexed{index=53, entry=CommandEntry{term=1, timestamp=2018-06-10 03:56:20,895, session=2, sequence=45, operation=PrimitiveOperation{id=DefaultOperationId{id=write, type=COMMAND}, value=byte[]{length=17, hash=-1644578928}}}}
03:56:21.161 [raft-server-1-state] TRACE i.a.p.s.impl.DefaultServiceExecutor - PrimitiveService{2}{type=io.atomix.protocols.raft.RaftTest$TestPrimitiveType@2997f1, name=raft-test} - Executing DefaultCommit{index=53, session=RaftSession{RaftServiceContext{server=1, type=io.atomix.protocols.raft.RaftTest$TestPrimitiveType@2997f1, name=raft-test, id=2}, session=2, timestamp=2018-06-10 03:56:20,895}, time=2018-06-10 03:56:20,895, operation=DefaultOperationId{id=write, type=COMMAND}, value=byte[]{length=17, hash=-1644578928}}
03:56:21.161 [raft-server-1-state] TRACE i.a.protocols.raft.roles.LeaderRole - RaftServer{1}{role=LEADER} - Sending CommandResponse{status=OK, index=53, eventIndex=2, result=byte[]{length=2, hash=1346}}
03:56:21.161 [raft-client-fc80a008-639d-42fe-bb37-24bc71d605c3-4] TRACE i.a.p.r.s.impl.RaftSessionConnection - SessionClient{2}{type=io.atomix.protocols.raft.RaftTest$TestPrimitiveType@68b11545, name=raft-test} - Received CommandResponse{status=OK, index=53, eventIndex=2, result=byte[]{length=2, hash=1346}} from 1
03:56:21.161 [raft-client-fc80a008-639d-42fe-bb37-24bc71d605c3-4] TRACE i.a.p.r.s.impl.RaftSessionSequencer - SessionClient{2}{type=io.atomix.protocols.raft.RaftTest$TestPrimitiveType@68b11545, name=raft-test} - Completing response CommandResponse{status=OK, index=53, eventIndex=2, result=byte[]{length=2, hash=1346}}
03:56:21.162 [raft-client-fc80a008-639d-42fe-bb37-24bc71d605c3-5] TRACE i.a.p.r.s.impl.RaftSessionConnection - SessionClient{2}{type=io.atomix.protocols.raft.RaftTest$TestPrimitiveType@68b11545, name=raft-test} - Sending CommandRequest{session=2, sequence=46, operation=PrimitiveOperation{id=DefaultOperationId{id=write, type=COMMAND}, value=byte[]{length=17, hash=-1644578928}}} to 1
03:56:21.162 [raft-server-1] TRACE i.a.protocols.raft.roles.LeaderRole - RaftServer{1}{role=LEADER} - Received CommandRequest{session=2, sequence=46, operation=PrimitiveOperation{id=DefaultOperationId{id=write, type=COMMAND}, value=byte[]{length=17, hash=-1644578928}}}
03:56:21.162 [raft-server-1] TRACE i.a.protocols.raft.roles.LeaderRole - RaftServer{1}{role=LEADER} - Appended Indexed{index=54, entry=CommandEntry{term=1, timestamp=2018-06-10 03:56:21,162, session=2, sequence=46, operation=PrimitiveOperation{id=DefaultOperationId{id=write, type=COMMAND}, value=byte[]{length=17, hash=-1644578928}}}}
03:56:21.162 [raft-server-1] TRACE i.a.p.raft.roles.LeaderAppender - RaftServer{1} - Sending AppendRequest{term=1, leader=1, prevLogIndex=53, prevLogTerm=1, entries=1, commitIndex=53} to 3
03:56:21.162 [raft-server-3] TRACE i.a.p.raft.roles.FollowerRole - RaftServer{3}{role=FOLLOWER} - Received AppendRequest{term=1, leader=1, prevLogIndex=53, prevLogTerm=1, entries=1, commitIndex=53}
03:56:21.162 [raft-server-1] TRACE i.a.p.raft.roles.LeaderAppender - RaftServer{1} - Sending AppendRequest{term=1, leader=1, prevLogIndex=53, prevLogTerm=1, entries=1, commitIndex=53} to 2
03:56:21.162 [raft-server-2] TRACE i.a.p.raft.roles.FollowerRole - RaftServer{2}{role=FOLLOWER} - Received AppendRequest{term=1, leader=1, prevLogIndex=53, prevLogTerm=1, entries=1, commitIndex=53}
03:56:21.162 [raft-server-3] TRACE i.a.p.raft.roles.FollowerRole - RaftServer{3}{role=FOLLOWER} - Appended Indexed{index=54, entry=CommandEntry{term=1, timestamp=2018-06-10 03:56:21,162, session=2, sequence=46, operation=PrimitiveOperation{id=DefaultOperationId{id=write, type=COMMAND}, value=byte[]{length=17, hash=-1644578928}}}}
03:56:21.162 [raft-server-2] TRACE i.a.p.raft.roles.FollowerRole - RaftServer{2}{role=FOLLOWER} - Appended Indexed{index=54, entry=CommandEntry{term=1, timestamp=2018-06-10 03:56:21,162, session=2, sequence=46, operation=PrimitiveOperation{id=DefaultOperationId{id=write, type=COMMAND}, value=byte[]{length=17, hash=-1644578928}}}}
03:56:21.228 [raft-server-3] TRACE i.a.p.raft.roles.FollowerRole - RaftServer{3}{role=FOLLOWER} - Committed entries up to index 53
03:56:21.228 [raft-server-2] TRACE i.a.p.raft.roles.FollowerRole - RaftServer{2}{role=FOLLOWER} - Committed entries up to index 53
03:56:21.228 [raft-server-3] TRACE i.a.p.raft.roles.FollowerRole - RaftServer{3}{role=FOLLOWER} - Sending AppendResponse{status=OK, term=1, succeeded=true, lastLogIndex=54}
03:56:21.228 [raft-server-2] TRACE i.a.p.raft.roles.FollowerRole - RaftServer{2}{role=FOLLOWER} - Sending AppendResponse{status=OK, term=1, succeeded=true, lastLogIndex=54}
03:56:21.228 [raft-server-3-state] TRACE i.a.p.raft.impl.RaftServiceManager - RaftServer{3} - Applying Indexed{index=53, entry=CommandEntry{term=1, timestamp=2018-06-10 03:56:20,895, session=2, sequence=45, operation=PrimitiveOperation{id=DefaultOperationId{id=write, type=COMMAND}, value=byte[]{length=17, hash=-1644578928}}}}
03:56:21.228 [raft-server-2-state] TRACE i.a.p.raft.impl.RaftServiceManager - RaftServer{2} - Applying Indexed{index=53, entry=CommandEntry{term=1, timestamp=2018-06-10 03:56:20,895, session=2, sequence=45, operation=PrimitiveOperation{id=DefaultOperationId{id=write, type=COMMAND}, value=byte[]{length=17, hash=-1644578928}}}}
03:56:21.228 [raft-server-3-state] TRACE i.a.p.s.impl.DefaultServiceExecutor - PrimitiveService{2}{type=io.atomix.protocols.raft.RaftTest$TestPrimitiveType@416fde07, name=raft-test} - Executing DefaultCommit{index=53, session=RaftSession{RaftServiceContext{server=3, type=io.atomix.protocols.raft.RaftTest$TestPrimitiveType@416fde07, name=raft-test, id=2}, session=2, timestamp=2018-06-10 03:56:20,895}, time=2018-06-10 03:56:20,895, operation=DefaultOperationId{id=write, type=COMMAND}, value=byte[]{length=17, hash=-1644578928}}
03:56:21.229 [raft-server-2-state] TRACE i.a.p.s.impl.DefaultServiceExecutor - PrimitiveService{2}{type=io.atomix.protocols.raft.RaftTest$TestPrimitiveType@51dfd39e, name=raft-test} - Executing DefaultCommit{index=53, session=RaftSession{RaftServiceContext{server=2, type=io.atomix.protocols.raft.RaftTest$TestPrimitiveType@51dfd39e, name=raft-test, id=2}, session=2, timestamp=2018-06-10 03:56:20,895}, time=2018-06-10 03:56:20,895, operation=DefaultOperationId{id=write, type=COMMAND}, value=byte[]{length=17, hash=-1644578928}}
03:56:21.229 [raft-server-1] TRACE i.a.p.raft.roles.LeaderAppender - RaftServer{1} - Received AppendResponse{status=OK, term=1, succeeded=true, lastLogIndex=54} from 3
03:56:21.229 [raft-server-1] TRACE i.a.p.raft.roles.LeaderAppender - RaftServer{1} - Committed entries up to 54
03:56:21.278 [raft-server-1] TRACE i.a.p.raft.roles.LeaderAppender - RaftServer{1} - Sending AppendRequest{term=1, leader=1, prevLogIndex=54, prevLogTerm=1, entries=0, commitIndex=54} to 3
03:56:21.278 [raft-server-1] TRACE i.a.p.raft.roles.LeaderAppender - RaftServer{1} - Received AppendResponse{status=OK, term=1, succeeded=true, lastLogIndex=54} from 2
03:56:21.278 [raft-server-3] TRACE i.a.p.raft.roles.FollowerRole - RaftServer{3}{role=FOLLOWER} - Received AppendRequest{term=1, leader=1, prevLogIndex=54, prevLogTerm=1, entries=0, commitIndex=54}
03:56:21.278 [raft-server-1] TRACE i.a.p.raft.roles.LeaderAppender - RaftServer{1} - Sending AppendRequest{term=1, leader=1, prevLogIndex=54, prevLogTerm=1, entries=0, commitIndex=54} to 2
03:56:21.278 [raft-server-2] TRACE i.a.p.raft.roles.FollowerRole - RaftServer{2}{role=FOLLOWER} - Received AppendRequest{term=1, leader=1, prevLogIndex=54, prevLogTerm=1, entries=0, commitIndex=54}
03:56:21.278 [raft-server-1-state] TRACE i.a.p.raft.impl.RaftServiceManager - RaftServer{1} - Applying Indexed{index=54, entry=CommandEntry{term=1, timestamp=2018-06-10 03:56:21,162, session=2, sequence=46, operation=PrimitiveOperation{id=DefaultOperationId{id=write, type=COMMAND}, value=byte[]{length=17, hash=-1644578928}}}}
03:56:21.278 [raft-server-1-state] TRACE i.a.p.s.impl.DefaultServiceExecutor - PrimitiveService{2}{type=io.atomix.protocols.raft.RaftTest$TestPrimitiveType@2997f1, name=raft-test} - Executing DefaultCommit{index=54, session=RaftSession{RaftServiceContext{server=1, type=io.atomix.protocols.raft.RaftTest$TestPrimitiveType@2997f1, name=raft-test, id=2}, session=2, timestamp=2018-06-10 03:56:21,162}, time=2018-06-10 03:56:21,162, operation=DefaultOperationId{id=write, type=COMMAND}, value=byte[]{length=17, hash=-1644578928}}
03:56:21.278 [raft-server-1-state] TRACE i.a.protocols.raft.roles.LeaderRole - RaftServer{1}{role=LEADER} - Sending CommandResponse{status=OK, index=54, eventIndex=2, result=byte[]{length=2, hash=1348}}
03:56:21.278 [raft-client-fc80a008-639d-42fe-bb37-24bc71d605c3-6] TRACE i.a.p.r.s.impl.RaftSessionConnection - SessionClient{2}{type=io.atomix.protocols.raft.RaftTest$TestPrimitiveType@68b11545, name=raft-test} - Received CommandResponse{status=OK, index=54, eventIndex=2, result=byte[]{length=2, hash=1348}} from 1
03:56:21.278 [raft-client-fc80a008-639d-42fe-bb37-24bc71d605c3-6] TRACE i.a.p.r.s.impl.RaftSessionSequencer - SessionClient{2}{type=io.atomix.protocols.raft.RaftTest$TestPrimitiveType@68b11545, name=raft-test} - Completing response CommandResponse{status=OK, index=54, eventIndex=2, result=byte[]{length=2, hash=1348}}
03:56:21.278 [raft-client-fc80a008-639d-42fe-bb37-24bc71d605c3-7] TRACE i.a.p.r.s.impl.RaftSessionConnection - SessionClient{2}{type=io.atomix.protocols.raft.RaftTest$TestPrimitiveType@68b11545, name=raft-test} - Sending CommandRequest{session=2, sequence=47, operation=PrimitiveOperation{id=DefaultOperationId{id=write, type=COMMAND}, value=byte[]{length=17, hash=-1644578928}}} to 1
03:56:21.279 [raft-server-1] TRACE i.a.protocols.raft.roles.LeaderRole - RaftServer{1}{role=LEADER} - Received CommandRequest{session=2, sequence=47, operation=PrimitiveOperation{id=DefaultOperationId{id=write, type=COMMAND}, value=byte[]{length=17, hash=-1644578928}}}
03:56:21.279 [raft-server-1] TRACE i.a.protocols.raft.roles.LeaderRole - RaftServer{1}{role=LEADER} - Appended Indexed{index=55, entry=CommandEntry{term=1, timestamp=2018-06-10 03:56:21,279, session=2, sequence=47, operation=PrimitiveOperation{id=DefaultOperationId{id=write, type=COMMAND}, value=byte[]{length=17, hash=-1644578928}}}}
03:56:21.311 [raft-server-3] TRACE i.a.p.raft.roles.FollowerRole - RaftServer{3}{role=FOLLOWER} - Committed entries up to index 54
03:56:21.311 [raft-server-3] TRACE i.a.p.raft.roles.FollowerRole - RaftServer{3}{role=FOLLOWER} - Sending AppendResponse{status=OK, term=1, succeeded=true, lastLogIndex=54}
03:56:21.311 [raft-server-1] TRACE i.a.p.raft.roles.LeaderAppender - RaftServer{1} - Received AppendResponse{status=OK, term=1, succeeded=true, lastLogIndex=54} from 3
03:56:21.311 [raft-server-1] TRACE i.a.p.raft.roles.LeaderAppender - RaftServer{1} - Sending AppendRequest{term=1, leader=1, prevLogIndex=54, prevLogTerm=1, entries=1, commitIndex=54} to 3
03:56:21.311 [raft-server-3-state] TRACE i.a.p.raft.impl.RaftServiceManager - RaftServer{3} - Applying Indexed{index=54, entry=CommandEntry{term=1, timestamp=2018-06-10 03:56:21,162, session=2, sequence=46, operation=PrimitiveOperation{id=DefaultOperationId{id=write, type=COMMAND}, value=byte[]{length=17, hash=-1644578928}}}}
03:56:21.311 [raft-server-3] TRACE i.a.p.raft.roles.FollowerRole - RaftServer{3}{role=FOLLOWER} - Received AppendRequest{term=1, leader=1, prevLogIndex=54, prevLogTerm=1, entries=1, commitIndex=54}
03:56:21.311 [raft-server-3-state] TRACE i.a.p.s.impl.DefaultServiceExecutor - PrimitiveService{2}{type=io.atomix.protocols.raft.RaftTest$TestPrimitiveType@416fde07, name=raft-test} - Executing DefaultCommit{index=54, session=RaftSession{RaftServiceContext{server=3, type=io.atomix.protocols.raft.RaftTest$TestPrimitiveType@416fde07, name=raft-test, id=2}, session=2, timestamp=2018-06-10 03:56:21,162}, time=2018-06-10 03:56:21,162, operation=DefaultOperationId{id=write, type=COMMAND}, value=byte[]{length=17, hash=-1644578928}}
03:56:21.311 [raft-server-3] TRACE i.a.p.raft.roles.FollowerRole - RaftServer{3}{role=FOLLOWER} - Appended Indexed{index=55, entry=CommandEntry{term=1, timestamp=2018-06-10 03:56:21,279, session=2, sequence=47, operation=PrimitiveOperation{id=DefaultOperationId{id=write, type=COMMAND}, value=byte[]{length=17, hash=-1644578928}}}}
03:56:21.311 [raft-server-3] TRACE i.a.p.raft.roles.FollowerRole - RaftServer{3}{role=FOLLOWER} - Sending AppendResponse{status=OK, term=1, succeeded=true, lastLogIndex=55}
03:56:21.311 [raft-server-1] TRACE i.a.p.raft.roles.LeaderAppender - RaftServer{1} - Received AppendResponse{status=OK, term=1, succeeded=true, lastLogIndex=55} from 3
03:56:21.311 [raft-server-1] TRACE i.a.p.raft.roles.LeaderAppender - RaftServer{1} - Committed entries up to 55
03:56:21.344 [raft-server-2] TRACE i.a.p.raft.roles.FollowerRole - RaftServer{2}{role=FOLLOWER} - Committed entries up to index 54
03:56:21.344 [raft-server-2] TRACE i.a.p.raft.roles.FollowerRole - RaftServer{2}{role=FOLLOWER} - Sending AppendResponse{status=OK, term=1, succeeded=true, lastLogIndex=54}
03:56:21.344 [raft-server-2-state] TRACE i.a.p.raft.impl.RaftServiceManager - RaftServer{2} - Applying Indexed{index=54, entry=CommandEntry{term=1, timestamp=2018-06-10 03:56:21,162, session=2, sequence=46, operation=PrimitiveOperation{id=DefaultOperationId{id=write, type=COMMAND}, value=byte[]{length=17, hash=-1644578928}}}}
03:56:21.344 [raft-server-2-state] TRACE i.a.p.s.impl.DefaultServiceExecutor - PrimitiveService{2}{type=io.atomix.protocols.raft.RaftTest$TestPrimitiveType@51dfd39e, name=raft-test} - Executing DefaultCommit{index=54, session=RaftSession{RaftServiceContext{server=2, type=io.atomix.protocols.raft.RaftTest$TestPrimitiveType@51dfd39e, name=raft-test, id=2}, session=2, timestamp=2018-06-10 03:56:21,162}, time=2018-06-10 03:56:21,162, operation=DefaultOperationId{id=write, type=COMMAND}, value=byte[]{length=17, hash=-1644578928}}
03:56:21.369 [raft-server-1] TRACE i.a.p.raft.roles.LeaderAppender - RaftServer{1} - Received AppendResponse{status=OK, term=1, succeeded=true, lastLogIndex=54} from 2
03:56:21.369 [raft-server-1] TRACE i.a.p.raft.roles.LeaderAppender - RaftServer{1} - Sending AppendRequest{term=1, leader=1, prevLogIndex=54, prevLogTerm=1, entries=1, commitIndex=55} to 2
03:56:21.369 [raft-server-2] TRACE i.a.p.raft.roles.FollowerRole - RaftServer{2}{role=FOLLOWER} - Received AppendRequest{term=1, leader=1, prevLogIndex=54, prevLogTerm=1, entries=1, commitIndex=55}
03:56:21.369 [raft-server-1-state] TRACE i.a.p.raft.impl.RaftServiceManager - RaftServer{1} - Applying Indexed{index=55, entry=CommandEntry{term=1, timestamp=2018-06-10 03:56:21,279, session=2, sequence=47, operation=PrimitiveOperation{id=DefaultOperationId{id=write, type=COMMAND}, value=byte[]{length=17, hash=-1644578928}}}}
03:56:21.369 [raft-server-1-state] TRACE i.a.p.s.impl.DefaultServiceExecutor - PrimitiveService{2}{type=io.atomix.protocols.raft.RaftTest$TestPrimitiveType@2997f1, name=raft-test} - Executing DefaultCommit{index=55, session=RaftSession{RaftServiceContext{server=1, type=io.atomix.protocols.raft.RaftTest$TestPrimitiveType@2997f1, name=raft-test, id=2}, session=2, timestamp=2018-06-10 03:56:21,279}, time=2018-06-10 03:56:21,279, operation=DefaultOperationId{id=write, type=COMMAND}, value=byte[]{length=17, hash=-1644578928}}
03:56:21.369 [raft-server-2] TRACE i.a.p.raft.roles.FollowerRole - RaftServer{2}{role=FOLLOWER} - Appended Indexed{index=55, entry=CommandEntry{term=1, timestamp=2018-06-10 03:56:21,279, session=2, sequence=47, operation=PrimitiveOperation{id=DefaultOperationId{id=write, type=COMMAND}, value=byte[]{length=17, hash=-1644578928}}}}
03:56:21.370 [raft-server-1-state] TRACE i.a.protocols.raft.roles.LeaderRole - RaftServer{1}{role=LEADER} - Sending CommandResponse{status=OK, index=55, eventIndex=2, result=byte[]{length=2, hash=1350}}
03:56:21.370 [raft-client-fc80a008-639d-42fe-bb37-24bc71d605c3-1] TRACE i.a.p.r.s.impl.RaftSessionConnection - SessionClient{2}{type=io.atomix.protocols.raft.RaftTest$TestPrimitiveType@68b11545, name=raft-test} - Received CommandResponse{status=OK, index=55, eventIndex=2, result=byte[]{length=2, hash=1350}} from 1
03:56:21.370 [raft-client-fc80a008-639d-42fe-bb37-24bc71d605c3-1] TRACE i.a.p.r.s.impl.RaftSessionSequencer - SessionClient{2}{type=io.atomix.protocols.raft.RaftTest$TestPrimitiveType@68b11545, name=raft-test} - Completing response CommandResponse{status=OK, index=55, eventIndex=2, result=byte[]{length=2, hash=1350}}
03:56:21.370 [raft-client-fc80a008-639d-42fe-bb37-24bc71d605c3-3] TRACE i.a.p.r.s.impl.RaftSessionConnection - SessionClient{2}{type=io.atomix.protocols.raft.RaftTest$TestPrimitiveType@68b11545, name=raft-test} - Sending CommandRequest{session=2, sequence=48, operation=PrimitiveOperation{id=DefaultOperationId{id=write, type=COMMAND}, value=byte[]{length=17, hash=-1644578928}}} to 1
03:56:21.370 [raft-server-1] TRACE i.a.protocols.raft.roles.LeaderRole - RaftServer{1}{role=LEADER} - Received CommandRequest{session=2, sequence=48, operation=PrimitiveOperation{id=DefaultOperationId{id=write, type=COMMAND}, value=byte[]{length=17, hash=-1644578928}}}
03:56:21.370 [raft-server-1] TRACE i.a.protocols.raft.roles.LeaderRole - RaftServer{1}{role=LEADER} - Appended Indexed{index=56, entry=CommandEntry{term=1, timestamp=2018-06-10 03:56:21,370, session=2, sequence=48, operation=PrimitiveOperation{id=DefaultOperationId{id=write, type=COMMAND}, value=byte[]{length=17, hash=-1644578928}}}}
03:56:21.370 [raft-server-1] TRACE i.a.p.raft.roles.LeaderAppender - RaftServer{1} - Sending AppendRequest{term=1, leader=1, prevLogIndex=55, prevLogTerm=1, entries=1, commitIndex=55} to 3
03:56:21.370 [raft-server-3] TRACE i.a.p.raft.roles.FollowerRole - RaftServer{3}{role=FOLLOWER} - Received AppendRequest{term=1, leader=1, prevLogIndex=55, prevLogTerm=1, entries=1, commitIndex=55}
03:56:21.370 [raft-server-3] TRACE i.a.p.raft.roles.FollowerRole - RaftServer{3}{role=FOLLOWER} - Appended Indexed{index=56, entry=CommandEntry{term=1, timestamp=2018-06-10 03:56:21,370, session=2, sequence=48, operation=PrimitiveOperation{id=DefaultOperationId{id=write, type=COMMAND}, value=byte[]{length=17, hash=-1644578928}}}}
03:56:21.415 [raft-server-2] TRACE i.a.p.raft.roles.FollowerRole - RaftServer{2}{role=FOLLOWER} - Committed entries up to index 55
03:56:21.415 [raft-server-2] TRACE i.a.p.raft.roles.FollowerRole - RaftServer{2}{role=FOLLOWER} - Sending AppendResponse{status=OK, term=1, succeeded=true, lastLogIndex=55}
03:56:21.415 [raft-server-2-state] TRACE i.a.p.raft.impl.RaftServiceManager - RaftServer{2} - Applying Indexed{index=55, entry=CommandEntry{term=1, timestamp=2018-06-10 03:56:21,279, session=2, sequence=47, operation=PrimitiveOperation{id=DefaultOperationId{id=write, type=COMMAND}, value=byte[]{length=17, hash=-1644578928}}}}
03:56:21.415 [raft-server-2-state] TRACE i.a.p.s.impl.DefaultServiceExecutor - PrimitiveService{2}{type=io.atomix.protocols.raft.RaftTest$TestPrimitiveType@51dfd39e, name=raft-test} - Executing DefaultCommit{index=55, session=RaftSession{RaftServiceContext{server=2, type=io.atomix.protocols.raft.RaftTest$TestPrimitiveType@51dfd39e, name=raft-test, id=2}, session=2, timestamp=2018-06-10 03:56:21,279}, time=2018-06-10 03:56:21,279, operation=DefaultOperationId{id=write, type=COMMAND}, value=byte[]{length=17, hash=-1644578928}}
03:56:21.415 [raft-server-1] TRACE i.a.p.raft.roles.LeaderAppender - RaftServer{1} - Received AppendResponse{status=OK, term=1, succeeded=true, lastLogIndex=55} from 2
03:56:21.415 [raft-server-1] TRACE i.a.p.raft.roles.LeaderAppender - RaftServer{1} - Sending AppendRequest{term=1, leader=1, prevLogIndex=55, prevLogTerm=1, entries=1, commitIndex=55} to 2
03:56:21.415 [raft-server-2] TRACE i.a.p.raft.roles.FollowerRole - RaftServer{2}{role=FOLLOWER} - Received AppendRequest{term=1, leader=1, prevLogIndex=55, prevLogTerm=1, entries=1, commitIndex=55}
03:56:21.415 [raft-server-2] TRACE i.a.p.raft.roles.FollowerRole - RaftServer{2}{role=FOLLOWER} - Appended Indexed{index=56, entry=CommandEntry{term=1, timestamp=2018-06-10 03:56:21,370, session=2, sequence=48, operation=PrimitiveOperation{id=DefaultOperationId{id=write, type=COMMAND}, value=byte[]{length=17, hash=-1644578928}}}}
03:56:21.415 [raft-server-2] TRACE i.a.p.raft.roles.FollowerRole - RaftServer{2}{role=FOLLOWER} - Sending AppendResponse{status=OK, term=1, succeeded=true, lastLogIndex=56}
03:56:21.415 [raft-server-1] TRACE i.a.p.raft.roles.LeaderAppender - RaftServer{1} - Received AppendResponse{status=OK, term=1, succeeded=true, lastLogIndex=56} from 2
03:56:21.415 [raft-server-1] TRACE i.a.p.raft.roles.LeaderAppender - RaftServer{1} - Committed entries up to 56
03:56:21.448 [raft-server-3] TRACE i.a.p.raft.roles.FollowerRole - RaftServer{3}{role=FOLLOWER} - Committed entries up to index 55
03:56:21.448 [raft-server-3] TRACE i.a.p.raft.roles.FollowerRole - RaftServer{3}{role=FOLLOWER} - Sending AppendResponse{status=OK, term=1, succeeded=true, lastLogIndex=56}
03:56:21.448 [raft-server-3-state] TRACE i.a.p.raft.impl.RaftServiceManager - RaftServer{3} - Applying Indexed{index=55, entry=CommandEntry{term=1, timestamp=2018-06-10 03:56:21,279, session=2, sequence=47, operation=PrimitiveOperation{id=DefaultOperationId{id=write, type=COMMAND}, value=byte[]{length=17, hash=-1644578928}}}}
03:56:21.448 [raft-server-3-state] TRACE i.a.p.s.impl.DefaultServiceExecutor - PrimitiveService{2}{type=io.atomix.protocols.raft.RaftTest$TestPrimitiveType@416fde07, name=raft-test} - Executing DefaultCommit{index=55, session=RaftSession{RaftServiceContext{server=3, type=io.atomix.protocols.raft.RaftTest$TestPrimitiveType@416fde07, name=raft-test, id=2}, session=2, timestamp=2018-06-10 03:56:21,279}, time=2018-06-10 03:56:21,279, operation=DefaultOperationId{id=write, type=COMMAND}, value=byte[]{length=17, hash=-1644578928}}
03:56:21.476 [raft-server-1] TRACE i.a.p.raft.roles.LeaderAppender - RaftServer{1} - Sending AppendRequest{term=1, leader=1, prevLogIndex=56, prevLogTerm=1, entries=0, commitIndex=56} to 2
03:56:21.476 [raft-server-1] TRACE i.a.p.raft.roles.LeaderAppender - RaftServer{1} - Received AppendResponse{status=OK, term=1, succeeded=true, lastLogIndex=56} from 3
03:56:21.476 [raft-server-2] TRACE i.a.p.raft.roles.FollowerRole - RaftServer{2}{role=FOLLOWER} - Received AppendRequest{term=1, leader=1, prevLogIndex=56, prevLogTerm=1, entries=0, commitIndex=56}
03:56:21.476 [raft-server-1] TRACE i.a.p.raft.roles.LeaderAppender - RaftServer{1} - Sending AppendRequest{term=1, leader=1, prevLogIndex=56, prevLogTerm=1, entries=0, commitIndex=56} to 3
03:56:21.476 [raft-server-3] TRACE i.a.p.raft.roles.FollowerRole - RaftServer{3}{role=FOLLOWER} - Received AppendRequest{term=1, leader=1, prevLogIndex=56, prevLogTerm=1, entries=0, commitIndex=56}
03:56:21.476 [raft-server-1-state] TRACE i.a.p.raft.impl.RaftServiceManager - RaftServer{1} - Applying Indexed{index=56, entry=CommandEntry{term=1, timestamp=2018-06-10 03:56:21,370, session=2, sequence=48, operation=PrimitiveOperation{id=DefaultOperationId{id=write, type=COMMAND}, value=byte[]{length=17, hash=-1644578928}}}}
03:56:21.476 [raft-server-1-state] TRACE i.a.p.s.impl.DefaultServiceExecutor - PrimitiveService{2}{type=io.atomix.protocols.raft.RaftTest$TestPrimitiveType@2997f1, name=raft-test} - Executing DefaultCommit{index=56, session=RaftSession{RaftServiceContext{server=1, type=io.atomix.protocols.raft.RaftTest$TestPrimitiveType@2997f1, name=raft-test, id=2}, session=2, timestamp=2018-06-10 03:56:21,370}, time=2018-06-10 03:56:21,370, operation=DefaultOperationId{id=write, type=COMMAND}, value=byte[]{length=17, hash=-1644578928}}
03:56:21.476 [raft-server-1-state] TRACE i.a.protocols.raft.roles.LeaderRole - RaftServer{1}{role=LEADER} - Sending CommandResponse{status=OK, index=56, eventIndex=2, result=byte[]{length=2, hash=1352}}
03:56:21.476 [raft-client-fc80a008-639d-42fe-bb37-24bc71d605c3-4] TRACE i.a.p.r.s.impl.RaftSessionConnection - SessionClient{2}{type=io.atomix.protocols.raft.RaftTest$TestPrimitiveType@68b11545, name=raft-test} - Received CommandResponse{status=OK, index=56, eventIndex=2, result=byte[]{length=2, hash=1352}} from 1
03:56:21.476 [raft-client-fc80a008-639d-42fe-bb37-24bc71d605c3-4] TRACE i.a.p.r.s.impl.RaftSessionSequencer - SessionClient{2}{type=io.atomix.protocols.raft.RaftTest$TestPrimitiveType@68b11545, name=raft-test} - Completing response CommandResponse{status=OK, index=56, eventIndex=2, result=byte[]{length=2, hash=1352}}
03:56:21.477 [raft-client-fc80a008-639d-42fe-bb37-24bc71d605c3-4] TRACE i.a.p.r.s.impl.RaftSessionConnection - SessionClient{2}{type=io.atomix.protocols.raft.RaftTest$TestPrimitiveType@68b11545, name=raft-test} - Sending CommandRequest{session=2, sequence=49, operation=PrimitiveOperation{id=DefaultOperationId{id=write, type=COMMAND}, value=byte[]{length=17, hash=-1644578928}}} to 1
03:56:21.477 [raft-server-1] TRACE i.a.protocols.raft.roles.LeaderRole - RaftServer{1}{role=LEADER} - Received CommandRequest{session=2, sequence=49, operation=PrimitiveOperation{id=DefaultOperationId{id=write, type=COMMAND}, value=byte[]{length=17, hash=-1644578928}}}
03:56:21.477 [raft-server-1] TRACE i.a.protocols.raft.roles.LeaderRole - RaftServer{1}{role=LEADER} - Appended Indexed{index=57, entry=CommandEntry{term=1, timestamp=2018-06-10 03:56:21,477, session=2, sequence=49, operation=PrimitiveOperation{id=DefaultOperationId{id=write, type=COMMAND}, value=byte[]{length=17, hash=-1644578928}}}}
03:56:21.511 [raft-server-2] TRACE i.a.p.raft.roles.FollowerRole - RaftServer{2}{role=FOLLOWER} - Committed entries up to index 56
03:56:21.511 [raft-server-3] TRACE i.a.p.raft.roles.FollowerRole - RaftServer{3}{role=FOLLOWER} - Committed entries up to index 56
03:56:21.511 [raft-server-2] TRACE i.a.p.raft.roles.FollowerRole - RaftServer{2}{role=FOLLOWER} - Sending AppendResponse{status=OK, term=1, succeeded=true, lastLogIndex=56}
03:56:21.511 [raft-server-3] TRACE i.a.p.raft.roles.FollowerRole - RaftServer{3}{role=FOLLOWER} - Sending AppendResponse{status=OK, term=1, succeeded=true, lastLogIndex=56}
03:56:21.511 [raft-server-2-state] TRACE i.a.p.raft.impl.RaftServiceManager - RaftServer{2} - Applying Indexed{index=56, entry=CommandEntry{term=1, timestamp=2018-06-10 03:56:21,370, session=2, sequence=48, operation=PrimitiveOperation{id=DefaultOperationId{id=write, type=COMMAND}, value=byte[]{length=17, hash=-1644578928}}}}
03:56:21.511 [raft-server-3-state] TRACE i.a.p.raft.impl.RaftServiceManager - RaftServer{3} - Applying Indexed{index=56, entry=CommandEntry{term=1, timestamp=2018-06-10 03:56:21,370, session=2, sequence=48, operation=PrimitiveOperation{id=DefaultOperationId{id=write, type=COMMAND}, value=byte[]{length=17, hash=-1644578928}}}}
03:56:21.511 [raft-server-2-state] TRACE i.a.p.s.impl.DefaultServiceExecutor - PrimitiveService{2}{type=io.atomix.protocols.raft.RaftTest$TestPrimitiveType@51dfd39e, name=raft-test} - Executing DefaultCommit{index=56, session=RaftSession{RaftServiceContext{server=2, type=io.atomix.protocols.raft.RaftTest$TestPrimitiveType@51dfd39e, name=raft-test, id=2}, session=2, timestamp=2018-06-10 03:56:21,370}, time=2018-06-10 03:56:21,370, operation=DefaultOperationId{id=write, type=COMMAND}, value=byte[]{length=17, hash=-1644578928}}
03:56:21.511 [raft-server-3-state] TRACE i.a.p.s.impl.DefaultServiceExecutor - PrimitiveService{2}{type=io.atomix.protocols.raft.RaftTest$TestPrimitiveType@416fde07, name=raft-test} - Executing DefaultCommit{index=56, session=RaftSession{RaftServiceContext{server=3, type=io.atomix.protocols.raft.RaftTest$TestPrimitiveType@416fde07, name=raft-test, id=2}, session=2, timestamp=2018-06-10 03:56:21,370}, time=2018-06-10 03:56:21,370, operation=DefaultOperationId{id=write, type=COMMAND}, value=byte[]{length=17, hash=-1644578928}}
03:56:21.511 [raft-server-1] TRACE i.a.p.raft.roles.LeaderAppender - RaftServer{1} - Received AppendResponse{status=OK, term=1, succeeded=true, lastLogIndex=56} from 2
03:56:21.511 [raft-server-1] TRACE i.a.p.raft.roles.LeaderAppender - RaftServer{1} - Sending AppendRequest{term=1, leader=1, prevLogIndex=56, prevLogTerm=1, entries=1, commitIndex=56} to 2
03:56:21.512 [raft-server-2] TRACE i.a.p.raft.roles.FollowerRole - RaftServer{2}{role=FOLLOWER} - Received AppendRequest{term=1, leader=1, prevLogIndex=56, prevLogTerm=1, entries=1, commitIndex=56}
03:56:21.512 [raft-server-2] TRACE i.a.p.raft.roles.FollowerRole - RaftServer{2}{role=FOLLOWER} - Appended Indexed{index=57, entry=CommandEntry{term=1, timestamp=2018-06-10 03:56:21,477, session=2, sequence=49, operation=PrimitiveOperation{id=DefaultOperationId{id=write, type=COMMAND}, value=byte[]{length=17, hash=-1644578928}}}}
03:56:21.512 [raft-server-2] TRACE i.a.p.raft.roles.FollowerRole - RaftServer{2}{role=FOLLOWER} - Sending AppendResponse{status=OK, term=1, succeeded=true, lastLogIndex=57}
03:56:21.512 [raft-server-1] TRACE i.a.p.raft.roles.LeaderAppender - RaftServer{1} - Received AppendResponse{status=OK, term=1, succeeded=true, lastLogIndex=56} from 3
03:56:21.512 [raft-server-1] TRACE i.a.p.raft.roles.LeaderAppender - RaftServer{1} - Sending AppendRequest{term=1, leader=1, prevLogIndex=56, prevLogTerm=1, entries=1, commitIndex=56} to 3
03:56:21.512 [raft-server-1] TRACE i.a.p.raft.roles.LeaderAppender - RaftServer{1} - Received AppendResponse{status=OK, term=1, succeeded=true, lastLogIndex=57} from 2
03:56:21.512 [raft-server-1] TRACE i.a.p.raft.roles.LeaderAppender - RaftServer{1} - Committed entries up to 57
03:56:21.512 [raft-server-3] TRACE i.a.p.raft.roles.FollowerRole - RaftServer{3}{role=FOLLOWER} - Received AppendRequest{term=1, leader=1, prevLogIndex=56, prevLogTerm=1, entries=1, commitIndex=56}
03:56:21.512 [raft-server-3] TRACE i.a.p.raft.roles.FollowerRole - RaftServer{3}{role=FOLLOWER} - Appended Indexed{index=57, entry=CommandEntry{term=1, timestamp=2018-06-10 03:56:21,477, session=2, sequence=49, operation=PrimitiveOperation{id=DefaultOperationId{id=write, type=COMMAND}, value=byte[]{length=17, hash=-1644578928}}}}
03:56:21.512 [raft-server-3] TRACE i.a.p.raft.roles.FollowerRole - RaftServer{3}{role=FOLLOWER} - Sending AppendResponse{status=OK, term=1, succeeded=true, lastLogIndex=57}
03:56:21.544 [raft-server-1] TRACE i.a.p.raft.roles.LeaderAppender - RaftServer{1} - Received AppendResponse{status=OK, term=1, succeeded=true, lastLogIndex=57} from 3
03:56:21.544 [raft-server-1-state] TRACE i.a.p.raft.impl.RaftServiceManager - RaftServer{1} - Applying Indexed{index=57, entry=CommandEntry{term=1, timestamp=2018-06-10 03:56:21,477, session=2, sequence=49, operation=PrimitiveOperation{id=DefaultOperationId{id=write, type=COMMAND}, value=byte[]{length=17, hash=-1644578928}}}}
03:56:21.544 [raft-server-1-state] TRACE i.a.p.s.impl.DefaultServiceExecutor - PrimitiveService{2}{type=io.atomix.protocols.raft.RaftTest$TestPrimitiveType@2997f1, name=raft-test} - Executing DefaultCommit{index=57, session=RaftSession{RaftServiceContext{server=1, type=io.atomix.protocols.raft.RaftTest$TestPrimitiveType@2997f1, name=raft-test, id=2}, session=2, timestamp=2018-06-10 03:56:21,477}, time=2018-06-10 03:56:21,477, operation=DefaultOperationId{id=write, type=COMMAND}, value=byte[]{length=17, hash=-1644578928}}
03:56:21.544 [raft-server-1-state] TRACE i.a.protocols.raft.roles.LeaderRole - RaftServer{1}{role=LEADER} - Sending CommandResponse{status=OK, index=57, eventIndex=2, result=byte[]{length=2, hash=1354}}
03:56:21.545 [raft-client-fc80a008-639d-42fe-bb37-24bc71d605c3-1] TRACE i.a.p.r.s.impl.RaftSessionConnection - SessionClient{2}{type=io.atomix.protocols.raft.RaftTest$TestPrimitiveType@68b11545, name=raft-test} - Received CommandResponse{status=OK, index=57, eventIndex=2, result=byte[]{length=2, hash=1354}} from 1
03:56:21.545 [raft-client-fc80a008-639d-42fe-bb37-24bc71d605c3-1] TRACE i.a.p.r.s.impl.RaftSessionSequencer - SessionClient{2}{type=io.atomix.protocols.raft.RaftTest$TestPrimitiveType@68b11545, name=raft-test} - Completing response CommandResponse{status=OK, index=57, eventIndex=2, result=byte[]{length=2, hash=1354}}
03:56:21.545 [raft-client-fc80a008-639d-42fe-bb37-24bc71d605c3-1] TRACE i.a.p.r.s.impl.RaftSessionConnection - SessionClient{2}{type=io.atomix.protocols.raft.RaftTest$TestPrimitiveType@68b11545, name=raft-test} - Sending CommandRequest{session=2, sequence=50, operation=PrimitiveOperation{id=DefaultOperationId{id=write, type=COMMAND}, value=byte[]{length=17, hash=-1644578928}}} to 1
03:56:21.545 [raft-server-1] TRACE i.a.protocols.raft.roles.LeaderRole - RaftServer{1}{role=LEADER} - Received CommandRequest{session=2, sequence=50, operation=PrimitiveOperation{id=DefaultOperationId{id=write, type=COMMAND}, value=byte[]{length=17, hash=-1644578928}}}
03:56:21.545 [raft-server-1] TRACE i.a.protocols.raft.roles.LeaderRole - RaftServer{1}{role=LEADER} - Appended Indexed{index=58, entry=CommandEntry{term=1, timestamp=2018-06-10 03:56:21,545, session=2, sequence=50, operation=PrimitiveOperation{id=DefaultOperationId{id=write, type=COMMAND}, value=byte[]{length=17, hash=-1644578928}}}}
03:56:21.545 [raft-server-1] TRACE i.a.p.raft.roles.LeaderAppender - RaftServer{1} - Sending AppendRequest{term=1, leader=1, prevLogIndex=57, prevLogTerm=1, entries=1, commitIndex=57} to 3
03:56:21.545 [raft-server-3] TRACE i.a.p.raft.roles.FollowerRole - RaftServer{3}{role=FOLLOWER} - Received AppendRequest{term=1, leader=1, prevLogIndex=57, prevLogTerm=1, entries=1, commitIndex=57}
03:56:21.545 [raft-server-1] TRACE i.a.p.raft.roles.LeaderAppender - RaftServer{1} - Sending AppendRequest{term=1, leader=1, prevLogIndex=57, prevLogTerm=1, entries=1, commitIndex=57} to 2
03:56:21.545 [raft-server-2] TRACE i.a.p.raft.roles.FollowerRole - RaftServer{2}{role=FOLLOWER} - Received AppendRequest{term=1, leader=1, prevLogIndex=57, prevLogTerm=1, entries=1, commitIndex=57}
03:56:21.545 [raft-server-3] TRACE i.a.p.raft.roles.FollowerRole - RaftServer{3}{role=FOLLOWER} - Appended Indexed{index=58, entry=CommandEntry{term=1, timestamp=2018-06-10 03:56:21,545, session=2, sequence=50, operation=PrimitiveOperation{id=DefaultOperationId{id=write, type=COMMAND}, value=byte[]{length=17, hash=-1644578928}}}}
03:56:21.545 [raft-server-2] TRACE i.a.p.raft.roles.FollowerRole - RaftServer{2}{role=FOLLOWER} - Appended Indexed{index=58, entry=CommandEntry{term=1, timestamp=2018-06-10 03:56:21,545, session=2, sequence=50, operation=PrimitiveOperation{id=DefaultOperationId{id=write, type=COMMAND}, value=byte[]{length=17, hash=-1644578928}}}}
03:56:21.577 [raft-server-3] TRACE i.a.p.raft.roles.FollowerRole - RaftServer{3}{role=FOLLOWER} - Committed entries up to index 57
03:56:21.577 [raft-server-3] TRACE i.a.p.raft.roles.FollowerRole - RaftServer{3}{role=FOLLOWER} - Sending AppendResponse{status=OK, term=1, succeeded=true, lastLogIndex=58}
03:56:21.577 [raft-server-2] TRACE i.a.p.raft.roles.FollowerRole - RaftServer{2}{role=FOLLOWER} - Committed entries up to index 57
03:56:21.578 [raft-server-2] TRACE i.a.p.raft.roles.FollowerRole - RaftServer{2}{role=FOLLOWER} - Sending AppendResponse{status=OK, term=1, succeeded=true, lastLogIndex=58}
03:56:21.578 [raft-server-1] TRACE i.a.p.raft.roles.LeaderAppender - RaftServer{1} - Received AppendResponse{status=OK, term=1, succeeded=true, lastLogIndex=58} from 3
03:56:21.578 [raft-server-3-state] TRACE i.a.p.raft.impl.RaftServiceManager - RaftServer{3} - Applying Indexed{index=57, entry=CommandEntry{term=1, timestamp=2018-06-10 03:56:21,477, session=2, sequence=49, operation=PrimitiveOperation{id=DefaultOperationId{id=write, type=COMMAND}, value=byte[]{length=17, hash=-1644578928}}}}
03:56:21.578 [raft-server-1] TRACE i.a.p.raft.roles.LeaderAppender - RaftServer{1} - Committed entries up to 58
03:56:21.578 [raft-server-2-state] TRACE i.a.p.raft.impl.RaftServiceManager - RaftServer{2} - Applying Indexed{index=57, entry=CommandEntry{term=1, timestamp=2018-06-10 03:56:21,477, session=2, sequence=49, operation=PrimitiveOperation{id=DefaultOperationId{id=write, type=COMMAND}, value=byte[]{length=17, hash=-1644578928}}}}
03:56:21.578 [raft-server-3-state] TRACE i.a.p.s.impl.DefaultServiceExecutor - PrimitiveService{2}{type=io.atomix.protocols.raft.RaftTest$TestPrimitiveType@416fde07, name=raft-test} - Executing DefaultCommit{index=57, session=RaftSession{RaftServiceContext{server=3, type=io.atomix.protocols.raft.RaftTest$TestPrimitiveType@416fde07, name=raft-test, id=2}, session=2, timestamp=2018-06-10 03:56:21,477}, time=2018-06-10 03:56:21,477, operation=DefaultOperationId{id=write, type=COMMAND}, value=byte[]{length=17, hash=-1644578928}}
03:56:21.578 [raft-server-2-state] TRACE i.a.p.s.impl.DefaultServiceExecutor - PrimitiveService{2}{type=io.atomix.protocols.raft.RaftTest$TestPrimitiveType@51dfd39e, name=raft-test} - Executing DefaultCommit{index=57, session=RaftSession{RaftServiceContext{server=2, type=io.atomix.protocols.raft.RaftTest$TestPrimitiveType@51dfd39e, name=raft-test, id=2}, session=2, timestamp=2018-06-10 03:56:21,477}, time=2018-06-10 03:56:21,477, operation=DefaultOperationId{id=write, type=COMMAND}, value=byte[]{length=17, hash=-1644578928}}
03:56:21.611 [raft-server-1] TRACE i.a.p.raft.roles.LeaderAppender - RaftServer{1} - Received AppendResponse{status=OK, term=1, succeeded=true, lastLogIndex=58} from 2
03:56:21.611 [raft-server-1-state] TRACE i.a.p.raft.impl.RaftServiceManager - RaftServer{1} - Applying Indexed{index=58, entry=CommandEntry{term=1, timestamp=2018-06-10 03:56:21,545, session=2, sequence=50, operation=PrimitiveOperation{id=DefaultOperationId{id=write, type=COMMAND}, value=byte[]{length=17, hash=-1644578928}}}}
03:56:21.611 [raft-server-1-state] TRACE i.a.p.s.impl.DefaultServiceExecutor - PrimitiveService{2}{type=io.atomix.protocols.raft.RaftTest$TestPrimitiveType@2997f1, name=raft-test} - Executing DefaultCommit{index=58, session=RaftSession{RaftServiceContext{server=1, type=io.atomix.protocols.raft.RaftTest$TestPrimitiveType@2997f1, name=raft-test, id=2}, session=2, timestamp=2018-06-10 03:56:21,545}, time=2018-06-10 03:56:21,545, operation=DefaultOperationId{id=write, type=COMMAND}, value=byte[]{length=17, hash=-1644578928}}
03:56:21.611 [raft-server-1-state] TRACE i.a.protocols.raft.roles.LeaderRole - RaftServer{1}{role=LEADER} - Sending CommandResponse{status=OK, index=58, eventIndex=2, result=byte[]{length=2, hash=1356}}
03:56:21.611 [raft-client-fc80a008-639d-42fe-bb37-24bc71d605c3-2] TRACE i.a.p.r.s.impl.RaftSessionConnection - SessionClient{2}{type=io.atomix.protocols.raft.RaftTest$TestPrimitiveType@68b11545, name=raft-test} - Received CommandResponse{status=OK, index=58, eventIndex=2, result=byte[]{length=2, hash=1356}} from 1
03:56:21.611 [raft-client-fc80a008-639d-42fe-bb37-24bc71d605c3-2] TRACE i.a.p.r.s.impl.RaftSessionSequencer - SessionClient{2}{type=io.atomix.protocols.raft.RaftTest$TestPrimitiveType@68b11545, name=raft-test} - Completing response CommandResponse{status=OK, index=58, eventIndex=2, result=byte[]{length=2, hash=1356}}
03:56:21.612 [raft-client-fc80a008-639d-42fe-bb37-24bc71d605c3-2] TRACE i.a.p.r.s.impl.RaftSessionConnection - SessionClient{2}{type=io.atomix.protocols.raft.RaftTest$TestPrimitiveType@68b11545, name=raft-test} - Sending CommandRequest{session=2, sequence=51, operation=PrimitiveOperation{id=DefaultOperationId{id=write, type=COMMAND}, value=byte[]{length=17, hash=-1644578928}}} to 1
03:56:21.612 [raft-server-1] TRACE i.a.protocols.raft.roles.LeaderRole - RaftServer{1}{role=LEADER} - Received CommandRequest{session=2, sequence=51, operation=PrimitiveOperation{id=DefaultOperationId{id=write, type=COMMAND}, value=byte[]{length=17, hash=-1644578928}}}
03:56:21.612 [raft-server-1] TRACE i.a.protocols.raft.roles.LeaderRole - RaftServer{1}{role=LEADER} - Appended Indexed{index=59, entry=CommandEntry{term=1, timestamp=2018-06-10 03:56:21,612, session=2, sequence=51, operation=PrimitiveOperation{id=DefaultOperationId{id=write, type=COMMAND}, value=byte[]{length=17, hash=-1644578928}}}}
03:56:21.612 [raft-server-1] TRACE i.a.p.raft.roles.LeaderAppender - RaftServer{1} - Sending AppendRequest{term=1, leader=1, prevLogIndex=58, prevLogTerm=1, entries=1, commitIndex=58} to 3
03:56:21.612 [raft-server-1] TRACE i.a.p.raft.roles.LeaderAppender - RaftServer{1} - Sending AppendRequest{term=1, leader=1, prevLogIndex=58, prevLogTerm=1, entries=1, commitIndex=58} to 2
03:56:21.612 [raft-server-2] TRACE i.a.p.raft.roles.FollowerRole - RaftServer{2}{role=FOLLOWER} - Received AppendRequest{term=1, leader=1, prevLogIndex=58, prevLogTerm=1, entries=1, commitIndex=58}
03:56:21.612 [raft-server-3] TRACE i.a.p.raft.roles.FollowerRole - RaftServer{3}{role=FOLLOWER} - Received AppendRequest{term=1, leader=1, prevLogIndex=58, prevLogTerm=1, entries=1, commitIndex=58}
03:56:21.612 [raft-server-2] TRACE i.a.p.raft.roles.FollowerRole - RaftServer{2}{role=FOLLOWER} - Appended Indexed{index=59, entry=CommandEntry{term=1, timestamp=2018-06-10 03:56:21,612, session=2, sequence=51, operation=PrimitiveOperation{id=DefaultOperationId{id=write, type=COMMAND}, value=byte[]{length=17, hash=-1644578928}}}}
03:56:21.612 [raft-server-3] TRACE i.a.p.raft.roles.FollowerRole - RaftServer{3}{role=FOLLOWER} - Appended Indexed{index=59, entry=CommandEntry{term=1, timestamp=2018-06-10 03:56:21,612, session=2, sequence=51, operation=PrimitiveOperation{id=DefaultOperationId{id=write, type=COMMAND}, value=byte[]{length=17, hash=-1644578928}}}}
03:56:21.651 [raft-server-3] TRACE i.a.p.raft.roles.FollowerRole - RaftServer{3}{role=FOLLOWER} - Committed entries up to index 58
03:56:21.651 [raft-server-3] TRACE i.a.p.raft.roles.FollowerRole - RaftServer{3}{role=FOLLOWER} - Sending AppendResponse{status=OK, term=1, succeeded=true, lastLogIndex=59}
03:56:21.651 [raft-server-2] TRACE i.a.p.raft.roles.FollowerRole - RaftServer{2}{role=FOLLOWER} - Committed entries up to index 58
03:56:21.651 [raft-server-2] TRACE i.a.p.raft.roles.FollowerRole - RaftServer{2}{role=FOLLOWER} - Sending AppendResponse{status=OK, term=1, succeeded=true, lastLogIndex=59}
03:56:21.651 [raft-server-1] TRACE i.a.p.raft.roles.LeaderAppender - RaftServer{1} - Received AppendResponse{status=OK, term=1, succeeded=true, lastLogIndex=59} from 3
03:56:21.651 [raft-server-3-state] TRACE i.a.p.raft.impl.RaftServiceManager - RaftServer{3} - Applying Indexed{index=58, entry=CommandEntry{term=1, timestamp=2018-06-10 03:56:21,545, session=2, sequence=50, operation=PrimitiveOperation{id=DefaultOperationId{id=write, type=COMMAND}, value=byte[]{length=17, hash=-1644578928}}}}
03:56:21.651 [raft-server-2-state] TRACE i.a.p.raft.impl.RaftServiceManager - RaftServer{2} - Applying Indexed{index=58, entry=CommandEntry{term=1, timestamp=2018-06-10 03:56:21,545, session=2, sequence=50, operation=PrimitiveOperation{id=DefaultOperationId{id=write, type=COMMAND}, value=byte[]{length=17, hash=-1644578928}}}}
03:56:21.651 [raft-server-1] TRACE i.a.p.raft.roles.LeaderAppender - RaftServer{1} - Committed entries up to 59
03:56:21.651 [raft-server-3-state] TRACE i.a.p.s.impl.DefaultServiceExecutor - PrimitiveService{2}{type=io.atomix.protocols.raft.RaftTest$TestPrimitiveType@416fde07, name=raft-test} - Executing DefaultCommit{index=58, session=RaftSession{RaftServiceContext{server=3, type=io.atomix.protocols.raft.RaftTest$TestPrimitiveType@416fde07, name=raft-test, id=2}, session=2, timestamp=2018-06-10 03:56:21,545}, time=2018-06-10 03:56:21,545, operation=DefaultOperationId{id=write, type=COMMAND}, value=byte[]{length=17, hash=-1644578928}}
03:56:21.651 [raft-server-2-state] TRACE i.a.p.s.impl.DefaultServiceExecutor - PrimitiveService{2}{type=io.atomix.protocols.raft.RaftTest$TestPrimitiveType@51dfd39e, name=raft-test} - Executing DefaultCommit{index=58, session=RaftSession{RaftServiceContext{server=2, type=io.atomix.protocols.raft.RaftTest$TestPrimitiveType@51dfd39e, name=raft-test, id=2}, session=2, timestamp=2018-06-10 03:56:21,545}, time=2018-06-10 03:56:21,545, operation=DefaultOperationId{id=write, type=COMMAND}, value=byte[]{length=17, hash=-1644578928}}
03:56:21.686 [raft-server-1] TRACE i.a.p.raft.roles.LeaderAppender - RaftServer{1} - Received AppendResponse{status=OK, term=1, succeeded=true, lastLogIndex=59} from 2
03:56:21.686 [raft-server-1-state] TRACE i.a.p.raft.impl.RaftServiceManager - RaftServer{1} - Applying Indexed{index=59, entry=CommandEntry{term=1, timestamp=2018-06-10 03:56:21,612, session=2, sequence=51, operation=PrimitiveOperation{id=DefaultOperationId{id=write, type=COMMAND}, value=byte[]{length=17, hash=-1644578928}}}}
03:56:21.686 [raft-server-1-state] TRACE i.a.p.s.impl.DefaultServiceExecutor - PrimitiveService{2}{type=io.atomix.protocols.raft.RaftTest$TestPrimitiveType@2997f1, name=raft-test} - Executing DefaultCommit{index=59, session=RaftSession{RaftServiceContext{server=1, type=io.atomix.protocols.raft.RaftTest$TestPrimitiveType@2997f1, name=raft-test, id=2}, session=2, timestamp=2018-06-10 03:56:21,612}, time=2018-06-10 03:56:21,612, operation=DefaultOperationId{id=write, type=COMMAND}, value=byte[]{length=17, hash=-1644578928}}
03:56:21.686 [raft-server-1-state] TRACE i.a.protocols.raft.roles.LeaderRole - RaftServer{1}{role=LEADER} - Sending CommandResponse{status=OK, index=59, eventIndex=2, result=byte[]{length=2, hash=1358}}
03:56:21.686 [raft-client-fc80a008-639d-42fe-bb37-24bc71d605c3-4] TRACE i.a.p.r.s.impl.RaftSessionConnection - SessionClient{2}{type=io.atomix.protocols.raft.RaftTest$TestPrimitiveType@68b11545, name=raft-test} - Received CommandResponse{status=OK, index=59, eventIndex=2, result=byte[]{length=2, hash=1358}} from 1
03:56:21.686 [raft-client-fc80a008-639d-42fe-bb37-24bc71d605c3-4] TRACE i.a.p.r.s.impl.RaftSessionSequencer - SessionClient{2}{type=io.atomix.protocols.raft.RaftTest$TestPrimitiveType@68b11545, name=raft-test} - Completing response CommandResponse{status=OK, index=59, eventIndex=2, result=byte[]{length=2, hash=1358}}
03:56:21.686 [raft-client-fc80a008-639d-42fe-bb37-24bc71d605c3-7] TRACE i.a.p.r.s.impl.RaftSessionConnection - SessionClient{2}{type=io.atomix.protocols.raft.RaftTest$TestPrimitiveType@68b11545, name=raft-test} - Sending CommandRequest{session=2, sequence=52, operation=PrimitiveOperation{id=DefaultOperationId{id=write, type=COMMAND}, value=byte[]{length=17, hash=-1644578928}}} to 1
03:56:21.686 [raft-server-1] TRACE i.a.protocols.raft.roles.LeaderRole - RaftServer{1}{role=LEADER} - Received CommandRequest{session=2, sequence=52, operation=PrimitiveOperation{id=DefaultOperationId{id=write, type=COMMAND}, value=byte[]{length=17, hash=-1644578928}}}
03:56:21.687 [raft-server-1] TRACE i.a.protocols.raft.roles.LeaderRole - RaftServer{1}{role=LEADER} - Appended Indexed{index=60, entry=CommandEntry{term=1, timestamp=2018-06-10 03:56:21,687, session=2, sequence=52, operation=PrimitiveOperation{id=DefaultOperationId{id=write, type=COMMAND}, value=byte[]{length=17, hash=-1644578928}}}}
03:56:21.687 [raft-server-1] TRACE i.a.p.raft.roles.LeaderAppender - RaftServer{1} - Sending AppendRequest{term=1, leader=1, prevLogIndex=59, prevLogTerm=1, entries=1, commitIndex=59} to 3
03:56:21.687 [raft-server-3] TRACE i.a.p.raft.roles.FollowerRole - RaftServer{3}{role=FOLLOWER} - Received AppendRequest{term=1, leader=1, prevLogIndex=59, prevLogTerm=1, entries=1, commitIndex=59}
03:56:21.687 [raft-server-1] TRACE i.a.p.raft.roles.LeaderAppender - RaftServer{1} - Sending AppendRequest{term=1, leader=1, prevLogIndex=59, prevLogTerm=1, entries=1, commitIndex=59} to 2
03:56:21.687 [raft-server-2] TRACE i.a.p.raft.roles.FollowerRole - RaftServer{2}{role=FOLLOWER} - Received AppendRequest{term=1, leader=1, prevLogIndex=59, prevLogTerm=1, entries=1, commitIndex=59}
03:56:21.687 [raft-server-3] TRACE i.a.p.raft.roles.FollowerRole - RaftServer{3}{role=FOLLOWER} - Appended Indexed{index=60, entry=CommandEntry{term=1, timestamp=2018-06-10 03:56:21,687, session=2, sequence=52, operation=PrimitiveOperation{id=DefaultOperationId{id=write, type=COMMAND}, value=byte[]{length=17, hash=-1644578928}}}}
03:56:21.687 [raft-server-2] TRACE i.a.p.raft.roles.FollowerRole - RaftServer{2}{role=FOLLOWER} - Appended Indexed{index=60, entry=CommandEntry{term=1, timestamp=2018-06-10 03:56:21,687, session=2, sequence=52, operation=PrimitiveOperation{id=DefaultOperationId{id=write, type=COMMAND}, value=byte[]{length=17, hash=-1644578928}}}}
03:56:21.726 [raft-server-3] TRACE i.a.p.raft.roles.FollowerRole - RaftServer{3}{role=FOLLOWER} - Committed entries up to index 59
03:56:21.726 [raft-server-3] TRACE i.a.p.raft.roles.FollowerRole - RaftServer{3}{role=FOLLOWER} - Sending AppendResponse{status=OK, term=1, succeeded=true, lastLogIndex=60}
03:56:21.726 [raft-server-2] TRACE i.a.p.raft.roles.FollowerRole - RaftServer{2}{role=FOLLOWER} - Committed entries up to index 59
03:56:21.726 [raft-server-2] TRACE i.a.p.raft.roles.FollowerRole - RaftServer{2}{role=FOLLOWER} - Sending AppendResponse{status=OK, term=1, succeeded=true, lastLogIndex=60}
03:56:21.726 [raft-server-3-state] TRACE i.a.p.raft.impl.RaftServiceManager - RaftServer{3} - Applying Indexed{index=59, entry=CommandEntry{term=1, timestamp=2018-06-10 03:56:21,612, session=2, sequence=51, operation=PrimitiveOperation{id=DefaultOperationId{id=write, type=COMMAND}, value=byte[]{length=17, hash=-1644578928}}}}
03:56:21.726 [raft-server-1] TRACE i.a.p.raft.roles.LeaderAppender - RaftServer{1} - Received AppendResponse{status=OK, term=1, succeeded=true, lastLogIndex=60} from 3
03:56:21.726 [raft-server-2-state] TRACE i.a.p.raft.impl.RaftServiceManager - RaftServer{2} - Applying Indexed{index=59, entry=CommandEntry{term=1, timestamp=2018-06-10 03:56:21,612, session=2, sequence=51, operation=PrimitiveOperation{id=DefaultOperationId{id=write, type=COMMAND}, value=byte[]{length=17, hash=-1644578928}}}}
03:56:21.726 [raft-server-3-state] TRACE i.a.p.s.impl.DefaultServiceExecutor - PrimitiveService{2}{type=io.atomix.protocols.raft.RaftTest$TestPrimitiveType@416fde07, name=raft-test} - Executing DefaultCommit{index=59, session=RaftSession{RaftServiceContext{server=3, type=io.atomix.protocols.raft.RaftTest$TestPrimitiveType@416fde07, name=raft-test, id=2}, session=2, timestamp=2018-06-10 03:56:21,612}, time=2018-06-10 03:56:21,612, operation=DefaultOperationId{id=write, type=COMMAND}, value=byte[]{length=17, hash=-1644578928}}
03:56:21.726 [raft-server-1] TRACE i.a.p.raft.roles.LeaderAppender - RaftServer{1} - Committed entries up to 60
03:56:21.726 [raft-server-2-state] TRACE i.a.p.s.impl.DefaultServiceExecutor - PrimitiveService{2}{type=io.atomix.protocols.raft.RaftTest$TestPrimitiveType@51dfd39e, name=raft-test} - Executing DefaultCommit{index=59, session=RaftSession{RaftServiceContext{server=2, type=io.atomix.protocols.raft.RaftTest$TestPrimitiveType@51dfd39e, name=raft-test, id=2}, session=2, timestamp=2018-06-10 03:56:21,612}, time=2018-06-10 03:56:21,612, operation=DefaultOperationId{id=write, type=COMMAND}, value=byte[]{length=17, hash=-1644578928}}
03:56:21.730 [raft-client-fc80a008-639d-42fe-bb37-24bc71d605c3-1] TRACE i.a.p.r.s.impl.RaftSessionManager - RaftClient{fc80a008-639d-42fe-bb37-24bc71d605c3} - Keeping 1 sessions alive
03:56:21.730 [raft-client-fc80a008-639d-42fe-bb37-24bc71d605c3-1] TRACE i.a.p.r.s.impl.RaftSessionConnection - RaftClient{fc80a008-639d-42fe-bb37-24bc71d605c3} - Sending KeepAliveRequest{sessionIds=long[]{length=1, hash=33}, commandSequences=long[]{length=1, hash=82}, eventIndexes=long[]{length=1, hash=33}} to 1
03:56:21.761 [raft-server-1] TRACE i.a.p.raft.roles.LeaderAppender - RaftServer{1} - Sending AppendRequest{term=1, leader=1, prevLogIndex=60, prevLogTerm=1, entries=0, commitIndex=60} to 3
03:56:21.761 [raft-server-1] TRACE i.a.p.raft.roles.LeaderAppender - RaftServer{1} - Received AppendResponse{status=OK, term=1, succeeded=true, lastLogIndex=60} from 2
03:56:21.761 [raft-server-1] TRACE i.a.p.raft.roles.LeaderAppender - RaftServer{1} - Sending AppendRequest{term=1, leader=1, prevLogIndex=60, prevLogTerm=1, entries=0, commitIndex=60} to 2
03:56:21.761 [raft-server-3] TRACE i.a.p.raft.roles.FollowerRole - RaftServer{3}{role=FOLLOWER} - Received AppendRequest{term=1, leader=1, prevLogIndex=60, prevLogTerm=1, entries=0, commitIndex=60}
03:56:21.761 [raft-server-2] TRACE i.a.p.raft.roles.FollowerRole - RaftServer{2}{role=FOLLOWER} - Received AppendRequest{term=1, leader=1, prevLogIndex=60, prevLogTerm=1, entries=0, commitIndex=60}
03:56:21.761 [raft-server-1] TRACE i.a.protocols.raft.roles.LeaderRole - RaftServer{1}{role=LEADER} - Received KeepAliveRequest{sessionIds=long[]{length=1, hash=33}, commandSequences=long[]{length=1, hash=82}, eventIndexes=long[]{length=1, hash=33}}
03:56:21.786 [raft-server-3] TRACE i.a.p.raft.roles.FollowerRole - RaftServer{3}{role=FOLLOWER} - Committed entries up to index 60
03:56:21.786 [raft-server-3] TRACE i.a.p.raft.roles.FollowerRole - RaftServer{3}{role=FOLLOWER} - Sending AppendResponse{status=OK, term=1, succeeded=true, lastLogIndex=60}
03:56:21.786 [raft-server-3-state] TRACE i.a.p.raft.impl.RaftServiceManager - RaftServer{3} - Applying Indexed{index=60, entry=CommandEntry{term=1, timestamp=2018-06-10 03:56:21,687, session=2, sequence=52, operation=PrimitiveOperation{id=DefaultOperationId{id=write, type=COMMAND}, value=byte[]{length=17, hash=-1644578928}}}}
03:56:21.786 [raft-server-3-state] TRACE i.a.p.s.impl.DefaultServiceExecutor - PrimitiveService{2}{type=io.atomix.protocols.raft.RaftTest$TestPrimitiveType@416fde07, name=raft-test} - Executing DefaultCommit{index=60, session=RaftSession{RaftServiceContext{server=3, type=io.atomix.protocols.raft.RaftTest$TestPrimitiveType@416fde07, name=raft-test, id=2}, session=2, timestamp=2018-06-10 03:56:21,687}, time=2018-06-10 03:56:21,687, operation=DefaultOperationId{id=write, type=COMMAND}, value=byte[]{length=17, hash=-1644578928}}
03:56:21.811 [raft-server-2] TRACE i.a.p.raft.roles.FollowerRole - RaftServer{2}{role=FOLLOWER} - Committed entries up to index 60
03:56:21.811 [raft-server-2] TRACE i.a.p.raft.roles.FollowerRole - RaftServer{2}{role=FOLLOWER} - Sending AppendResponse{status=OK, term=1, succeeded=true, lastLogIndex=60}
03:56:21.811 [raft-server-2-state] TRACE i.a.p.raft.impl.RaftServiceManager - RaftServer{2} - Applying Indexed{index=60, entry=CommandEntry{term=1, timestamp=2018-06-10 03:56:21,687, session=2, sequence=52, operation=PrimitiveOperation{id=DefaultOperationId{id=write, type=COMMAND}, value=byte[]{length=17, hash=-1644578928}}}}
03:56:21.811 [raft-server-2-state] TRACE i.a.p.s.impl.DefaultServiceExecutor - PrimitiveService{2}{type=io.atomix.protocols.raft.RaftTest$TestPrimitiveType@51dfd39e, name=raft-test} - Executing DefaultCommit{index=60, session=RaftSession{RaftServiceContext{server=2, type=io.atomix.protocols.raft.RaftTest$TestPrimitiveType@51dfd39e, name=raft-test, id=2}, session=2, timestamp=2018-06-10 03:56:21,687}, time=2018-06-10 03:56:21,687, operation=DefaultOperationId{id=write, type=COMMAND}, value=byte[]{length=17, hash=-1644578928}}
03:56:21.844 [raft-server-1] DEBUG i.a.storage.journal.SegmentedJournal - Created disk segment: JournalSegment{id=7, version=1, index=61, size=64}
03:56:21.844 [raft-server-1] TRACE i.a.protocols.raft.roles.LeaderRole - RaftServer{1}{role=LEADER} - Appended Indexed{index=61, entry=KeepAliveEntry{term=1, timestamp=2018-06-10 03:56:21,761, sessionIds=long[]{length=1, hash=33}, commandSequences=long[]{length=1, hash=82}, eventIndexes=long[]{length=1, hash=33}}}
03:56:21.844 [raft-server-1] TRACE i.a.p.raft.roles.LeaderAppender - RaftServer{1} - Received AppendResponse{status=OK, term=1, succeeded=true, lastLogIndex=60} from 3
03:56:21.844 [raft-server-1] TRACE i.a.p.raft.roles.LeaderAppender - RaftServer{1} - Sending AppendRequest{term=1, leader=1, prevLogIndex=60, prevLogTerm=1, entries=1, commitIndex=60} to 3
03:56:21.844 [raft-server-1-state] TRACE i.a.p.raft.impl.RaftServiceManager - RaftServer{1} - Applying Indexed{index=60, entry=CommandEntry{term=1, timestamp=2018-06-10 03:56:21,687, session=2, sequence=52, operation=PrimitiveOperation{id=DefaultOperationId{id=write, type=COMMAND}, value=byte[]{length=17, hash=-1644578928}}}}
03:56:21.845 [raft-server-3] TRACE i.a.p.raft.roles.FollowerRole - RaftServer{3}{role=FOLLOWER} - Received AppendRequest{term=1, leader=1, prevLogIndex=60, prevLogTerm=1, entries=1, commitIndex=60}
03:56:21.845 [raft-server-1] TRACE i.a.p.raft.roles.LeaderAppender - RaftServer{1} - Received AppendResponse{status=OK, term=1, succeeded=true, lastLogIndex=60} from 2
03:56:21.845 [raft-server-1-state] TRACE i.a.p.s.impl.DefaultServiceExecutor - PrimitiveService{2}{type=io.atomix.protocols.raft.RaftTest$TestPrimitiveType@2997f1, name=raft-test} - Executing DefaultCommit{index=60, session=RaftSession{RaftServiceContext{server=1, type=io.atomix.protocols.raft.RaftTest$TestPrimitiveType@2997f1, name=raft-test, id=2}, session=2, timestamp=2018-06-10 03:56:21,687}, time=2018-06-10 03:56:21,687, operation=DefaultOperationId{id=write, type=COMMAND}, value=byte[]{length=17, hash=-1644578928}}
03:56:21.845 [raft-server-1] TRACE i.a.p.raft.roles.LeaderAppender - RaftServer{1} - Sending AppendRequest{term=1, leader=1, prevLogIndex=60, prevLogTerm=1, entries=1, commitIndex=60} to 2
03:56:21.845 [raft-server-2] TRACE i.a.p.raft.roles.FollowerRole - RaftServer{2}{role=FOLLOWER} - Received AppendRequest{term=1, leader=1, prevLogIndex=60, prevLogTerm=1, entries=1, commitIndex=60}
03:56:21.845 [raft-server-1-state] TRACE i.a.protocols.raft.roles.LeaderRole - RaftServer{1}{role=LEADER} - Sending CommandResponse{status=OK, index=60, eventIndex=2, result=byte[]{length=2, hash=1360}}
03:56:21.845 [raft-client-fc80a008-639d-42fe-bb37-24bc71d605c3-3] TRACE i.a.p.r.s.impl.RaftSessionConnection - SessionClient{2}{type=io.atomix.protocols.raft.RaftTest$TestPrimitiveType@68b11545, name=raft-test} - Received CommandResponse{status=OK, index=60, eventIndex=2, result=byte[]{length=2, hash=1360}} from 1
03:56:21.845 [raft-client-fc80a008-639d-42fe-bb37-24bc71d605c3-3] TRACE i.a.p.r.s.impl.RaftSessionSequencer - SessionClient{2}{type=io.atomix.protocols.raft.RaftTest$TestPrimitiveType@68b11545, name=raft-test} - Completing response CommandResponse{status=OK, index=60, eventIndex=2, result=byte[]{length=2, hash=1360}}
03:56:21.845 [raft-client-fc80a008-639d-42fe-bb37-24bc71d605c3-7] TRACE i.a.p.r.s.impl.RaftSessionConnection - SessionClient{2}{type=io.atomix.protocols.raft.RaftTest$TestPrimitiveType@68b11545, name=raft-test} - Sending CommandRequest{session=2, sequence=53, operation=PrimitiveOperation{id=DefaultOperationId{id=write, type=COMMAND}, value=byte[]{length=17, hash=-1644578928}}} to 1
03:56:21.845 [raft-server-1] TRACE i.a.protocols.raft.roles.LeaderRole - RaftServer{1}{role=LEADER} - Received CommandRequest{session=2, sequence=53, operation=PrimitiveOperation{id=DefaultOperationId{id=write, type=COMMAND}, value=byte[]{length=17, hash=-1644578928}}}
03:56:21.845 [raft-server-1] TRACE i.a.protocols.raft.roles.LeaderRole - RaftServer{1}{role=LEADER} - Appended Indexed{index=62, entry=CommandEntry{term=1, timestamp=2018-06-10 03:56:21,845, session=2, sequence=53, operation=PrimitiveOperation{id=DefaultOperationId{id=write, type=COMMAND}, value=byte[]{length=17, hash=-1644578928}}}}
03:56:21.940 [raft-server-3] DEBUG i.a.storage.journal.SegmentedJournal - Created disk segment: JournalSegment{id=7, version=1, index=61, size=64}
03:56:21.940 [raft-server-3] TRACE i.a.p.raft.roles.FollowerRole - RaftServer{3}{role=FOLLOWER} - Appended Indexed{index=61, entry=KeepAliveEntry{term=1, timestamp=2018-06-10 03:56:21,761, sessionIds=long[]{length=1, hash=33}, commandSequences=long[]{length=1, hash=82}, eventIndexes=long[]{length=1, hash=33}}}
03:56:21.940 [raft-server-3] TRACE i.a.p.raft.roles.FollowerRole - RaftServer{3}{role=FOLLOWER} - Sending AppendResponse{status=OK, term=1, succeeded=true, lastLogIndex=61}
03:56:21.940 [raft-server-1] TRACE i.a.p.raft.roles.LeaderAppender - RaftServer{1} - Received AppendResponse{status=OK, term=1, succeeded=true, lastLogIndex=61} from 3
03:56:21.940 [raft-server-1] TRACE i.a.p.raft.roles.LeaderAppender - RaftServer{1} - Committed entries up to 61
03:56:21.973 [raft-server-2] DEBUG i.a.storage.journal.SegmentedJournal - Created disk segment: JournalSegment{id=7, version=1, index=61, size=64}
03:56:21.973 [raft-server-2] TRACE i.a.p.raft.roles.FollowerRole - RaftServer{2}{role=FOLLOWER} - Appended Indexed{index=61, entry=KeepAliveEntry{term=1, timestamp=2018-06-10 03:56:21,761, sessionIds=long[]{length=1, hash=33}, commandSequences=long[]{length=1, hash=82}, eventIndexes=long[]{length=1, hash=33}}}
03:56:21.973 [raft-server-2] TRACE i.a.p.raft.roles.FollowerRole - RaftServer{2}{role=FOLLOWER} - Sending AppendResponse{status=OK, term=1, succeeded=true, lastLogIndex=61}
03:56:21.994 [raft-server-1] TRACE i.a.p.raft.roles.LeaderAppender - RaftServer{1} - Sending AppendRequest{term=1, leader=1, prevLogIndex=61, prevLogTerm=1, entries=1, commitIndex=61} to 3
03:56:21.994 [raft-server-3] TRACE i.a.p.raft.roles.FollowerRole - RaftServer{3}{role=FOLLOWER} - Received AppendRequest{term=1, leader=1, prevLogIndex=61, prevLogTerm=1, entries=1, commitIndex=61}
03:56:21.994 [raft-server-1] TRACE i.a.p.raft.roles.LeaderAppender - RaftServer{1} - Sending AppendRequest{term=1, leader=1, prevLogIndex=61, prevLogTerm=1, entries=1, commitIndex=61} to 2
03:56:21.994 [raft-server-2] TRACE i.a.p.raft.roles.FollowerRole - RaftServer{2}{role=FOLLOWER} - Received AppendRequest{term=1, leader=1, prevLogIndex=61, prevLogTerm=1, entries=1, commitIndex=61}
03:56:21.994 [raft-server-1] TRACE i.a.p.raft.roles.LeaderAppender - RaftServer{1} - Received AppendResponse{status=OK, term=1, succeeded=true, lastLogIndex=61} from 2
03:56:21.994 [raft-server-3] TRACE i.a.p.raft.roles.FollowerRole - RaftServer{3}{role=FOLLOWER} - Appended Indexed{index=62, entry=CommandEntry{term=1, timestamp=2018-06-10 03:56:21,845, session=2, sequence=53, operation=PrimitiveOperation{id=DefaultOperationId{id=write, type=COMMAND}, value=byte[]{length=17, hash=-1644578928}}}}
03:56:21.994 [raft-server-2] TRACE i.a.p.raft.roles.FollowerRole - RaftServer{2}{role=FOLLOWER} - Appended Indexed{index=62, entry=CommandEntry{term=1, timestamp=2018-06-10 03:56:21,845, session=2, sequence=53, operation=PrimitiveOperation{id=DefaultOperationId{id=write, type=COMMAND}, value=byte[]{length=17, hash=-1644578928}}}}
03:56:21.994 [raft-server-1-state] TRACE i.a.p.raft.impl.RaftServiceManager - RaftServer{1} - Applying Indexed{index=61, entry=KeepAliveEntry{term=1, timestamp=2018-06-10 03:56:21,761, sessionIds=long[]{length=1, hash=33}, commandSequences=long[]{length=1, hash=82}, eventIndexes=long[]{length=1, hash=33}}}
03:56:21.995 [raft-server-1] TRACE i.a.protocols.raft.roles.LeaderRole - RaftServer{1}{role=LEADER} - Sending KeepAliveResponse{status=OK, leader=1, members=[3, 2, 1], sessionIds=long[]{length=1, hash=33}}
03:56:21.995 [raft-client-fc80a008-639d-42fe-bb37-24bc71d605c3-0] TRACE i.a.p.r.s.impl.RaftSessionConnection - RaftClient{fc80a008-639d-42fe-bb37-24bc71d605c3} - Received KeepAliveResponse{status=OK, leader=1, members=[3, 2, 1], sessionIds=long[]{length=1, hash=33}} from 1
03:56:22.027 [raft-server-3] TRACE i.a.p.raft.roles.FollowerRole - RaftServer{3}{role=FOLLOWER} - Committed entries up to index 61
03:56:22.027 [raft-server-2] TRACE i.a.p.raft.roles.FollowerRole - RaftServer{2}{role=FOLLOWER} - Committed entries up to index 61
03:56:22.027 [raft-server-3] TRACE i.a.p.raft.roles.FollowerRole - RaftServer{3}{role=FOLLOWER} - Sending AppendResponse{status=OK, term=1, succeeded=true, lastLogIndex=62}
03:56:22.028 [raft-server-2] TRACE i.a.p.raft.roles.FollowerRole - RaftServer{2}{role=FOLLOWER} - Sending AppendResponse{status=OK, term=1, succeeded=true, lastLogIndex=62}
03:56:22.028 [raft-server-1] TRACE i.a.p.raft.roles.LeaderAppender - RaftServer{1} - Received AppendResponse{status=OK, term=1, succeeded=true, lastLogIndex=62} from 3
03:56:22.028 [raft-server-1] TRACE i.a.p.raft.roles.LeaderAppender - RaftServer{1} - Committed entries up to 62
03:56:22.028 [raft-server-3-state] TRACE i.a.p.raft.impl.RaftServiceManager - RaftServer{3} - Applying Indexed{index=61, entry=KeepAliveEntry{term=1, timestamp=2018-06-10 03:56:21,761, sessionIds=long[]{length=1, hash=33}, commandSequences=long[]{length=1, hash=82}, eventIndexes=long[]{length=1, hash=33}}}
03:56:22.028 [raft-server-2-state] TRACE i.a.p.raft.impl.RaftServiceManager - RaftServer{2} - Applying Indexed{index=61, entry=KeepAliveEntry{term=1, timestamp=2018-06-10 03:56:21,761, sessionIds=long[]{length=1, hash=33}, commandSequences=long[]{length=1, hash=82}, eventIndexes=long[]{length=1, hash=33}}}
03:56:22.053 [raft-server-1] TRACE i.a.p.raft.roles.LeaderAppender - RaftServer{1} - Sending AppendRequest{term=1, leader=1, prevLogIndex=62, prevLogTerm=1, entries=0, commitIndex=62} to 3
03:56:22.053 [raft-server-1] TRACE i.a.p.raft.roles.LeaderAppender - RaftServer{1} - Received AppendResponse{status=OK, term=1, succeeded=true, lastLogIndex=62} from 2
03:56:22.053 [raft-server-1] TRACE i.a.p.raft.roles.LeaderAppender - RaftServer{1} - Sending AppendRequest{term=1, leader=1, prevLogIndex=62, prevLogTerm=1, entries=0, commitIndex=62} to 2
03:56:22.053 [raft-server-3] TRACE i.a.p.raft.roles.FollowerRole - RaftServer{3}{role=FOLLOWER} - Received AppendRequest{term=1, leader=1, prevLogIndex=62, prevLogTerm=1, entries=0, commitIndex=62}
03:56:22.053 [raft-server-2] TRACE i.a.p.raft.roles.FollowerRole - RaftServer{2}{role=FOLLOWER} - Received AppendRequest{term=1, leader=1, prevLogIndex=62, prevLogTerm=1, entries=0, commitIndex=62}
03:56:22.053 [raft-server-2] TRACE i.a.p.raft.roles.FollowerRole - RaftServer{2}{role=FOLLOWER} - Committed entries up to index 62
03:56:22.053 [raft-server-2] TRACE i.a.p.raft.roles.FollowerRole - RaftServer{2}{role=FOLLOWER} - Sending AppendResponse{status=OK, term=1, succeeded=true, lastLogIndex=62}
03:56:22.053 [raft-server-1] TRACE i.a.p.raft.roles.LeaderAppender - RaftServer{1} - Received AppendResponse{status=OK, term=1, succeeded=true, lastLogIndex=62} from 2
03:56:22.053 [raft-server-1-state] TRACE i.a.p.raft.impl.RaftServiceManager - RaftServer{1} - Applying Indexed{index=62, entry=CommandEntry{term=1, timestamp=2018-06-10 03:56:21,845, session=2, sequence=53, operation=PrimitiveOperation{id=DefaultOperationId{id=write, type=COMMAND}, value=byte[]{length=17, hash=-1644578928}}}}
03:56:22.053 [raft-server-2-state] TRACE i.a.p.raft.impl.RaftServiceManager - RaftServer{2} - Applying Indexed{index=62, entry=CommandEntry{term=1, timestamp=2018-06-10 03:56:21,845, session=2, sequence=53, operation=PrimitiveOperation{id=DefaultOperationId{id=write, type=COMMAND}, value=byte[]{length=17, hash=-1644578928}}}}
03:56:22.053 [raft-server-1-state] TRACE i.a.p.s.impl.DefaultServiceExecutor - PrimitiveService{2}{type=io.atomix.protocols.raft.RaftTest$TestPrimitiveType@2997f1, name=raft-test} - Executing DefaultCommit{index=62, session=RaftSession{RaftServiceContext{server=1, type=io.atomix.protocols.raft.RaftTest$TestPrimitiveType@2997f1, name=raft-test, id=2}, session=2, timestamp=2018-06-10 03:56:21,845}, time=2018-06-10 03:56:21,845, operation=DefaultOperationId{id=write, type=COMMAND}, value=byte[]{length=17, hash=-1644578928}}
03:56:22.053 [raft-server-2-state] TRACE i.a.p.s.impl.DefaultServiceExecutor - PrimitiveService{2}{type=io.atomix.protocols.raft.RaftTest$TestPrimitiveType@51dfd39e, name=raft-test} - Executing DefaultCommit{index=62, session=RaftSession{RaftServiceContext{server=2, type=io.atomix.protocols.raft.RaftTest$TestPrimitiveType@51dfd39e, name=raft-test, id=2}, session=2, timestamp=2018-06-10 03:56:21,845}, time=2018-06-10 03:56:21,845, operation=DefaultOperationId{id=write, type=COMMAND}, value=byte[]{length=17, hash=-1644578928}}
03:56:22.053 [raft-server-1-state] TRACE i.a.protocols.raft.roles.LeaderRole - RaftServer{1}{role=LEADER} - Sending CommandResponse{status=OK, index=62, eventIndex=2, result=byte[]{length=2, hash=1364}}
03:56:22.053 [raft-client-fc80a008-639d-42fe-bb37-24bc71d605c3-4] TRACE i.a.p.r.s.impl.RaftSessionConnection - SessionClient{2}{type=io.atomix.protocols.raft.RaftTest$TestPrimitiveType@68b11545, name=raft-test} - Received CommandResponse{status=OK, index=62, eventIndex=2, result=byte[]{length=2, hash=1364}} from 1
03:56:22.053 [raft-client-fc80a008-639d-42fe-bb37-24bc71d605c3-4] TRACE i.a.p.r.s.impl.RaftSessionSequencer - SessionClient{2}{type=io.atomix.protocols.raft.RaftTest$TestPrimitiveType@68b11545, name=raft-test} - Completing response CommandResponse{status=OK, index=62, eventIndex=2, result=byte[]{length=2, hash=1364}}
03:56:22.054 [raft-client-fc80a008-639d-42fe-bb37-24bc71d605c3-3] TRACE i.a.p.r.s.impl.RaftSessionConnection - SessionClient{2}{type=io.atomix.protocols.raft.RaftTest$TestPrimitiveType@68b11545, name=raft-test} - Sending CommandRequest{session=2, sequence=54, operation=PrimitiveOperation{id=DefaultOperationId{id=write, type=COMMAND}, value=byte[]{length=17, hash=-1644578928}}} to 1
03:56:22.054 [raft-server-1] TRACE i.a.protocols.raft.roles.LeaderRole - RaftServer{1}{role=LEADER} - Received CommandRequest{session=2, sequence=54, operation=PrimitiveOperation{id=DefaultOperationId{id=write, type=COMMAND}, value=byte[]{length=17, hash=-1644578928}}}
03:56:22.054 [raft-server-1] TRACE i.a.protocols.raft.roles.LeaderRole - RaftServer{1}{role=LEADER} - Appended Indexed{index=63, entry=CommandEntry{term=1, timestamp=2018-06-10 03:56:22,054, session=2, sequence=54, operation=PrimitiveOperation{id=DefaultOperationId{id=write, type=COMMAND}, value=byte[]{length=17, hash=-1644578928}}}}
03:56:22.054 [raft-server-1] TRACE i.a.p.raft.roles.LeaderAppender - RaftServer{1} - Sending AppendRequest{term=1, leader=1, prevLogIndex=62, prevLogTerm=1, entries=1, commitIndex=62} to 2
03:56:22.054 [raft-server-2] TRACE i.a.p.raft.roles.FollowerRole - RaftServer{2}{role=FOLLOWER} - Received AppendRequest{term=1, leader=1, prevLogIndex=62, prevLogTerm=1, entries=1, commitIndex=62}
03:56:22.054 [raft-server-2] TRACE i.a.p.raft.roles.FollowerRole - RaftServer{2}{role=FOLLOWER} - Appended Indexed{index=63, entry=CommandEntry{term=1, timestamp=2018-06-10 03:56:22,054, session=2, sequence=54, operation=PrimitiveOperation{id=DefaultOperationId{id=write, type=COMMAND}, value=byte[]{length=17, hash=-1644578928}}}}
03:56:22.054 [raft-server-2] TRACE i.a.p.raft.roles.FollowerRole - RaftServer{2}{role=FOLLOWER} - Sending AppendResponse{status=OK, term=1, succeeded=true, lastLogIndex=63}
03:56:22.054 [raft-server-1] TRACE i.a.p.raft.roles.LeaderAppender - RaftServer{1} - Received AppendResponse{status=OK, term=1, succeeded=true, lastLogIndex=63} from 2
03:56:22.054 [raft-server-1] TRACE i.a.p.raft.roles.LeaderAppender - RaftServer{1} - Committed entries up to 63
03:56:22.090 [raft-server-3] TRACE i.a.p.raft.roles.FollowerRole - RaftServer{3}{role=FOLLOWER} - Committed entries up to index 62
03:56:22.090 [raft-server-3] TRACE i.a.p.raft.roles.FollowerRole - RaftServer{3}{role=FOLLOWER} - Sending AppendResponse{status=OK, term=1, succeeded=true, lastLogIndex=62}
03:56:22.090 [raft-server-3-state] TRACE i.a.p.raft.impl.RaftServiceManager - RaftServer{3} - Applying Indexed{index=62, entry=CommandEntry{term=1, timestamp=2018-06-10 03:56:21,845, session=2, sequence=53, operation=PrimitiveOperation{id=DefaultOperationId{id=write, type=COMMAND}, value=byte[]{length=17, hash=-1644578928}}}}
03:56:22.090 [raft-server-3-state] TRACE i.a.p.s.impl.DefaultServiceExecutor - PrimitiveService{2}{type=io.atomix.protocols.raft.RaftTest$TestPrimitiveType@416fde07, name=raft-test} - Executing DefaultCommit{index=62, session=RaftSession{RaftServiceContext{server=3, type=io.atomix.protocols.raft.RaftTest$TestPrimitiveType@416fde07, name=raft-test, id=2}, session=2, timestamp=2018-06-10 03:56:21,845}, time=2018-06-10 03:56:21,845, operation=DefaultOperationId{id=write, type=COMMAND}, value=byte[]{length=17, hash=-1644578928}}
03:56:22.111 [raft-server-1] TRACE i.a.p.raft.roles.LeaderAppender - RaftServer{1} - Received AppendResponse{status=OK, term=1, succeeded=true, lastLogIndex=62} from 3
03:56:22.111 [raft-server-1] TRACE i.a.p.raft.roles.LeaderAppender - RaftServer{1} - Sending AppendRequest{term=1, leader=1, prevLogIndex=62, prevLogTerm=1, entries=1, commitIndex=63} to 3
03:56:22.111 [raft-server-3] TRACE i.a.p.raft.roles.FollowerRole - RaftServer{3}{role=FOLLOWER} - Received AppendRequest{term=1, leader=1, prevLogIndex=62, prevLogTerm=1, entries=1, commitIndex=63}
03:56:22.111 [raft-server-1-state] TRACE i.a.p.raft.impl.RaftServiceManager - RaftServer{1} - Applying Indexed{index=63, entry=CommandEntry{term=1, timestamp=2018-06-10 03:56:22,054, session=2, sequence=54, operation=PrimitiveOperation{id=DefaultOperationId{id=write, type=COMMAND}, value=byte[]{length=17, hash=-1644578928}}}}
03:56:22.111 [raft-server-1-state] TRACE i.a.p.s.impl.DefaultServiceExecutor - PrimitiveService{2}{type=io.atomix.protocols.raft.RaftTest$TestPrimitiveType@2997f1, name=raft-test} - Executing DefaultCommit{index=63, session=RaftSession{RaftServiceContext{server=1, type=io.atomix.protocols.raft.RaftTest$TestPrimitiveType@2997f1, name=raft-test, id=2}, session=2, timestamp=2018-06-10 03:56:22,054}, time=2018-06-10 03:56:22,054, operation=DefaultOperationId{id=write, type=COMMAND}, value=byte[]{length=17, hash=-1644578928}}
03:56:22.111 [raft-server-3] TRACE i.a.p.raft.roles.FollowerRole - RaftServer{3}{role=FOLLOWER} - Appended Indexed{index=63, entry=CommandEntry{term=1, timestamp=2018-06-10 03:56:22,054, session=2, sequence=54, operation=PrimitiveOperation{id=DefaultOperationId{id=write, type=COMMAND}, value=byte[]{length=17, hash=-1644578928}}}}
03:56:22.111 [raft-server-1-state] TRACE i.a.protocols.raft.roles.LeaderRole - RaftServer{1}{role=LEADER} - Sending CommandResponse{status=OK, index=63, eventIndex=2, result=byte[]{length=2, hash=1366}}
03:56:22.111 [raft-client-fc80a008-639d-42fe-bb37-24bc71d605c3-0] TRACE i.a.p.r.s.impl.RaftSessionConnection - SessionClient{2}{type=io.atomix.protocols.raft.RaftTest$TestPrimitiveType@68b11545, name=raft-test} - Received CommandResponse{status=OK, index=63, eventIndex=2, result=byte[]{length=2, hash=1366}} from 1
03:56:22.111 [raft-client-fc80a008-639d-42fe-bb37-24bc71d605c3-0] TRACE i.a.p.r.s.impl.RaftSessionSequencer - SessionClient{2}{type=io.atomix.protocols.raft.RaftTest$TestPrimitiveType@68b11545, name=raft-test} - Completing response CommandResponse{status=OK, index=63, eventIndex=2, result=byte[]{length=2, hash=1366}}
03:56:22.112 [raft-client-fc80a008-639d-42fe-bb37-24bc71d605c3-5] TRACE i.a.p.r.s.impl.RaftSessionConnection - SessionClient{2}{type=io.atomix.protocols.raft.RaftTest$TestPrimitiveType@68b11545, name=raft-test} - Sending CommandRequest{session=2, sequence=55, operation=PrimitiveOperation{id=DefaultOperationId{id=write, type=COMMAND}, value=byte[]{length=17, hash=-1644578928}}} to 1
03:56:22.112 [raft-server-1] TRACE i.a.protocols.raft.roles.LeaderRole - RaftServer{1}{role=LEADER} - Received CommandRequest{session=2, sequence=55, operation=PrimitiveOperation{id=DefaultOperationId{id=write, type=COMMAND}, value=byte[]{length=17, hash=-1644578928}}}
03:56:22.112 [raft-server-1] TRACE i.a.protocols.raft.roles.LeaderRole - RaftServer{1}{role=LEADER} - Appended Indexed{index=64, entry=CommandEntry{term=1, timestamp=2018-06-10 03:56:22,112, session=2, sequence=55, operation=PrimitiveOperation{id=DefaultOperationId{id=write, type=COMMAND}, value=byte[]{length=17, hash=-1644578928}}}}
03:56:22.112 [raft-server-1] TRACE i.a.p.raft.roles.LeaderAppender - RaftServer{1} - Sending AppendRequest{term=1, leader=1, prevLogIndex=63, prevLogTerm=1, entries=1, commitIndex=63} to 2
03:56:22.112 [raft-server-2] TRACE i.a.p.raft.roles.FollowerRole - RaftServer{2}{role=FOLLOWER} - Received AppendRequest{term=1, leader=1, prevLogIndex=63, prevLogTerm=1, entries=1, commitIndex=63}
03:56:22.112 [raft-server-2] TRACE i.a.p.raft.roles.FollowerRole - RaftServer{2}{role=FOLLOWER} - Appended Indexed{index=64, entry=CommandEntry{term=1, timestamp=2018-06-10 03:56:22,112, session=2, sequence=55, operation=PrimitiveOperation{id=DefaultOperationId{id=write, type=COMMAND}, value=byte[]{length=17, hash=-1644578928}}}}
03:56:22.152 [raft-server-3] TRACE i.a.p.raft.roles.FollowerRole - RaftServer{3}{role=FOLLOWER} - Committed entries up to index 63
03:56:22.152 [raft-server-3] TRACE i.a.p.raft.roles.FollowerRole - RaftServer{3}{role=FOLLOWER} - Sending AppendResponse{status=OK, term=1, succeeded=true, lastLogIndex=63}
03:56:22.153 [raft-server-1] TRACE i.a.p.raft.roles.LeaderAppender - RaftServer{1} - Received AppendResponse{status=OK, term=1, succeeded=true, lastLogIndex=63} from 3
03:56:22.153 [raft-server-1] TRACE i.a.p.raft.roles.LeaderAppender - RaftServer{1} - Sending AppendRequest{term=1, leader=1, prevLogIndex=63, prevLogTerm=1, entries=1, commitIndex=63} to 3
03:56:22.153 [raft-server-3-state] TRACE i.a.p.raft.impl.RaftServiceManager - RaftServer{3} - Applying Indexed{index=63, entry=CommandEntry{term=1, timestamp=2018-06-10 03:56:22,054, session=2, sequence=54, operation=PrimitiveOperation{id=DefaultOperationId{id=write, type=COMMAND}, value=byte[]{length=17, hash=-1644578928}}}}
03:56:22.153 [raft-server-3] TRACE i.a.p.raft.roles.FollowerRole - RaftServer{3}{role=FOLLOWER} - Received AppendRequest{term=1, leader=1, prevLogIndex=63, prevLogTerm=1, entries=1, commitIndex=63}
03:56:22.153 [raft-server-3-state] TRACE i.a.p.s.impl.DefaultServiceExecutor - PrimitiveService{2}{type=io.atomix.protocols.raft.RaftTest$TestPrimitiveType@416fde07, name=raft-test} - Executing DefaultCommit{index=63, session=RaftSession{RaftServiceContext{server=3, type=io.atomix.protocols.raft.RaftTest$TestPrimitiveType@416fde07, name=raft-test, id=2}, session=2, timestamp=2018-06-10 03:56:22,054}, time=2018-06-10 03:56:22,054, operation=DefaultOperationId{id=write, type=COMMAND}, value=byte[]{length=17, hash=-1644578928}}
03:56:22.153 [raft-server-3] TRACE i.a.p.raft.roles.FollowerRole - RaftServer{3}{role=FOLLOWER} - Appended Indexed{index=64, entry=CommandEntry{term=1, timestamp=2018-06-10 03:56:22,112, session=2, sequence=55, operation=PrimitiveOperation{id=DefaultOperationId{id=write, type=COMMAND}, value=byte[]{length=17, hash=-1644578928}}}}
03:56:22.153 [raft-server-3] TRACE i.a.p.raft.roles.FollowerRole - RaftServer{3}{role=FOLLOWER} - Sending AppendResponse{status=OK, term=1, succeeded=true, lastLogIndex=64}
03:56:22.153 [raft-server-1] TRACE i.a.p.raft.roles.LeaderAppender - RaftServer{1} - Received AppendResponse{status=OK, term=1, succeeded=true, lastLogIndex=64} from 3
03:56:22.153 [raft-server-1] TRACE i.a.p.raft.roles.LeaderAppender - RaftServer{1} - Committed entries up to 64
03:56:22.186 [raft-server-2] TRACE i.a.p.raft.roles.FollowerRole - RaftServer{2}{role=FOLLOWER} - Committed entries up to index 63
03:56:22.186 [raft-server-2] TRACE i.a.p.raft.roles.FollowerRole - RaftServer{2}{role=FOLLOWER} - Sending AppendResponse{status=OK, term=1, succeeded=true, lastLogIndex=64}
03:56:22.186 [raft-server-2-state] TRACE i.a.p.raft.impl.RaftServiceManager - RaftServer{2} - Applying Indexed{index=63, entry=CommandEntry{term=1, timestamp=2018-06-10 03:56:22,054, session=2, sequence=54, operation=PrimitiveOperation{id=DefaultOperationId{id=write, type=COMMAND}, value=byte[]{length=17, hash=-1644578928}}}}
03:56:22.186 [raft-server-2-state] TRACE i.a.p.s.impl.DefaultServiceExecutor - PrimitiveService{2}{type=io.atomix.protocols.raft.RaftTest$TestPrimitiveType@51dfd39e, name=raft-test} - Executing DefaultCommit{index=63, session=RaftSession{RaftServiceContext{server=2, type=io.atomix.protocols.raft.RaftTest$TestPrimitiveType@51dfd39e, name=raft-test, id=2}, session=2, timestamp=2018-06-10 03:56:22,054}, time=2018-06-10 03:56:22,054, operation=DefaultOperationId{id=write, type=COMMAND}, value=byte[]{length=17, hash=-1644578928}}
03:56:22.211 [raft-server-1] TRACE i.a.p.raft.roles.LeaderAppender - RaftServer{1} - Received AppendResponse{status=OK, term=1, succeeded=true, lastLogIndex=64} from 2
03:56:22.211 [raft-server-1] TRACE i.a.p.raft.roles.LeaderAppender - RaftServer{1} - Sending AppendRequest{term=1, leader=1, prevLogIndex=64, prevLogTerm=1, entries=0, commitIndex=64} to 3
03:56:22.211 [raft-server-1] TRACE i.a.p.raft.roles.LeaderAppender - RaftServer{1} - Sending AppendRequest{term=1, leader=1, prevLogIndex=64, prevLogTerm=1, entries=0, commitIndex=64} to 2
03:56:22.211 [raft-server-3] TRACE i.a.p.raft.roles.FollowerRole - RaftServer{3}{role=FOLLOWER} - Received AppendRequest{term=1, leader=1, prevLogIndex=64, prevLogTerm=1, entries=0, commitIndex=64}
03:56:22.211 [raft-server-2] TRACE i.a.p.raft.roles.FollowerRole - RaftServer{2}{role=FOLLOWER} - Received AppendRequest{term=1, leader=1, prevLogIndex=64, prevLogTerm=1, entries=0, commitIndex=64}
03:56:22.211 [raft-server-1-state] TRACE i.a.p.raft.impl.RaftServiceManager - RaftServer{1} - Applying Indexed{index=64, entry=CommandEntry{term=1, timestamp=2018-06-10 03:56:22,112, session=2, sequence=55, operation=PrimitiveOperation{id=DefaultOperationId{id=write, type=COMMAND}, value=byte[]{length=17, hash=-1644578928}}}}
03:56:22.211 [raft-server-1-state] TRACE i.a.p.s.impl.DefaultServiceExecutor - PrimitiveService{2}{type=io.atomix.protocols.raft.RaftTest$TestPrimitiveType@2997f1, name=raft-test} - Executing DefaultCommit{index=64, session=RaftSession{RaftServiceContext{server=1, type=io.atomix.protocols.raft.RaftTest$TestPrimitiveType@2997f1, name=raft-test, id=2}, session=2, timestamp=2018-06-10 03:56:22,112}, time=2018-06-10 03:56:22,112, operation=DefaultOperationId{id=write, type=COMMAND}, value=byte[]{length=17, hash=-1644578928}}
03:56:22.211 [raft-server-1-state] TRACE i.a.protocols.raft.roles.LeaderRole - RaftServer{1}{role=LEADER} - Sending CommandResponse{status=OK, index=64, eventIndex=2, result=byte[]{length=3, hash=34473}}
03:56:22.211 [raft-client-fc80a008-639d-42fe-bb37-24bc71d605c3-4] TRACE i.a.p.r.s.impl.RaftSessionConnection - SessionClient{2}{type=io.atomix.protocols.raft.RaftTest$TestPrimitiveType@68b11545, name=raft-test} - Received CommandResponse{status=OK, index=64, eventIndex=2, result=byte[]{length=3, hash=34473}} from 1
03:56:22.211 [raft-client-fc80a008-639d-42fe-bb37-24bc71d605c3-4] TRACE i.a.p.r.s.impl.RaftSessionSequencer - SessionClient{2}{type=io.atomix.protocols.raft.RaftTest$TestPrimitiveType@68b11545, name=raft-test} - Completing response CommandResponse{status=OK, index=64, eventIndex=2, result=byte[]{length=3, hash=34473}}
03:56:22.212 [raft-client-fc80a008-639d-42fe-bb37-24bc71d605c3-4] TRACE i.a.p.r.s.impl.RaftSessionConnection - SessionClient{2}{type=io.atomix.protocols.raft.RaftTest$TestPrimitiveType@68b11545, name=raft-test} - Sending CommandRequest{session=2, sequence=56, operation=PrimitiveOperation{id=DefaultOperationId{id=write, type=COMMAND}, value=byte[]{length=17, hash=-1644578928}}} to 1
03:56:22.212 [raft-server-1] TRACE i.a.protocols.raft.roles.LeaderRole - RaftServer{1}{role=LEADER} - Received CommandRequest{session=2, sequence=56, operation=PrimitiveOperation{id=DefaultOperationId{id=write, type=COMMAND}, value=byte[]{length=17, hash=-1644578928}}}
03:56:22.212 [raft-server-1] TRACE i.a.protocols.raft.roles.LeaderRole - RaftServer{1}{role=LEADER} - Appended Indexed{index=65, entry=CommandEntry{term=1, timestamp=2018-06-10 03:56:22,212, session=2, sequence=56, operation=PrimitiveOperation{id=DefaultOperationId{id=write, type=COMMAND}, value=byte[]{length=17, hash=-1644578928}}}}
03:56:22.244 [raft-server-3] TRACE i.a.p.raft.roles.FollowerRole - RaftServer{3}{role=FOLLOWER} - Committed entries up to index 64
03:56:22.244 [raft-server-2] TRACE i.a.p.raft.roles.FollowerRole - RaftServer{2}{role=FOLLOWER} - Committed entries up to index 64
03:56:22.244 [raft-server-3] TRACE i.a.p.raft.roles.FollowerRole - RaftServer{3}{role=FOLLOWER} - Sending AppendResponse{status=OK, term=1, succeeded=true, lastLogIndex=64}
03:56:22.244 [raft-server-2] TRACE i.a.p.raft.roles.FollowerRole - RaftServer{2}{role=FOLLOWER} - Sending AppendResponse{status=OK, term=1, succeeded=true, lastLogIndex=64}
03:56:22.244 [raft-server-1] TRACE i.a.p.raft.roles.LeaderAppender - RaftServer{1} - Received AppendResponse{status=OK, term=1, succeeded=true, lastLogIndex=64} from 3
03:56:22.244 [raft-server-1] TRACE i.a.p.raft.roles.LeaderAppender - RaftServer{1} - Sending AppendRequest{term=1, leader=1, prevLogIndex=64, prevLogTerm=1, entries=1, commitIndex=64} to 3
03:56:22.244 [raft-server-3-state] TRACE i.a.p.raft.impl.RaftServiceManager - RaftServer{3} - Applying Indexed{index=64, entry=CommandEntry{term=1, timestamp=2018-06-10 03:56:22,112, session=2, sequence=55, operation=PrimitiveOperation{id=DefaultOperationId{id=write, type=COMMAND}, value=byte[]{length=17, hash=-1644578928}}}}
03:56:22.244 [raft-server-2-state] TRACE i.a.p.raft.impl.RaftServiceManager - RaftServer{2} - Applying Indexed{index=64, entry=CommandEntry{term=1, timestamp=2018-06-10 03:56:22,112, session=2, sequence=55, operation=PrimitiveOperation{id=DefaultOperationId{id=write, type=COMMAND}, value=byte[]{length=17, hash=-1644578928}}}}
03:56:22.244 [raft-server-3] TRACE i.a.p.raft.roles.FollowerRole - RaftServer{3}{role=FOLLOWER} - Received AppendRequest{term=1, leader=1, prevLogIndex=64, prevLogTerm=1, entries=1, commitIndex=64}
03:56:22.244 [raft-server-1] TRACE i.a.p.raft.roles.LeaderAppender - RaftServer{1} - Sending AppendRequest{term=1, leader=1, prevLogIndex=64, prevLogTerm=1, entries=1, commitIndex=64} to 2
03:56:22.244 [raft-server-3-state] TRACE i.a.p.s.impl.DefaultServiceExecutor - PrimitiveService{2}{type=io.atomix.protocols.raft.RaftTest$TestPrimitiveType@416fde07, name=raft-test} - Executing DefaultCommit{index=64, session=RaftSession{RaftServiceContext{server=3, type=io.atomix.protocols.raft.RaftTest$TestPrimitiveType@416fde07, name=raft-test, id=2}, session=2, timestamp=2018-06-10 03:56:22,112}, time=2018-06-10 03:56:22,112, operation=DefaultOperationId{id=write, type=COMMAND}, value=byte[]{length=17, hash=-1644578928}}
03:56:22.244 [raft-server-2-state] TRACE i.a.p.s.impl.DefaultServiceExecutor - PrimitiveService{2}{type=io.atomix.protocols.raft.RaftTest$TestPrimitiveType@51dfd39e, name=raft-test} - Executing DefaultCommit{index=64, session=RaftSession{RaftServiceContext{server=2, type=io.atomix.protocols.raft.RaftTest$TestPrimitiveType@51dfd39e, name=raft-test, id=2}, session=2, timestamp=2018-06-10 03:56:22,112}, time=2018-06-10 03:56:22,112, operation=DefaultOperationId{id=write, type=COMMAND}, value=byte[]{length=17, hash=-1644578928}}
03:56:22.245 [raft-server-1] TRACE i.a.p.raft.roles.LeaderAppender - RaftServer{1} - Received AppendResponse{status=OK, term=1, succeeded=true, lastLogIndex=64} from 2
03:56:22.245 [raft-server-2] TRACE i.a.p.raft.roles.FollowerRole - RaftServer{2}{role=FOLLOWER} - Received AppendRequest{term=1, leader=1, prevLogIndex=64, prevLogTerm=1, entries=1, commitIndex=64}
03:56:22.245 [raft-server-3] TRACE i.a.p.raft.roles.FollowerRole - RaftServer{3}{role=FOLLOWER} - Appended Indexed{index=65, entry=CommandEntry{term=1, timestamp=2018-06-10 03:56:22,212, session=2, sequence=56, operation=PrimitiveOperation{id=DefaultOperationId{id=write, type=COMMAND}, value=byte[]{length=17, hash=-1644578928}}}}
03:56:22.245 [raft-server-3] TRACE i.a.p.raft.roles.FollowerRole - RaftServer{3}{role=FOLLOWER} - Sending AppendResponse{status=OK, term=1, succeeded=true, lastLogIndex=65}
03:56:22.245 [raft-server-1] TRACE i.a.p.raft.roles.LeaderAppender - RaftServer{1} - Received AppendResponse{status=OK, term=1, succeeded=true, lastLogIndex=65} from 3
03:56:22.245 [raft-server-2] TRACE i.a.p.raft.roles.FollowerRole - RaftServer{2}{role=FOLLOWER} - Appended Indexed{index=65, entry=CommandEntry{term=1, timestamp=2018-06-10 03:56:22,212, session=2, sequence=56, operation=PrimitiveOperation{id=DefaultOperationId{id=write, type=COMMAND}, value=byte[]{length=17, hash=-1644578928}}}}
03:56:22.245 [raft-server-1] TRACE i.a.p.raft.roles.LeaderAppender - RaftServer{1} - Committed entries up to 65
03:56:22.245 [raft-server-2] TRACE i.a.p.raft.roles.FollowerRole - RaftServer{2}{role=FOLLOWER} - Sending AppendResponse{status=OK, term=1, succeeded=true, lastLogIndex=65}
03:56:22.276 [raft-server-1] TRACE i.a.p.raft.roles.LeaderAppender - RaftServer{1} - Received AppendResponse{status=OK, term=1, succeeded=true, lastLogIndex=65} from 2
03:56:22.276 [raft-server-1-state] TRACE i.a.p.raft.impl.RaftServiceManager - RaftServer{1} - Applying Indexed{index=65, entry=CommandEntry{term=1, timestamp=2018-06-10 03:56:22,212, session=2, sequence=56, operation=PrimitiveOperation{id=DefaultOperationId{id=write, type=COMMAND}, value=byte[]{length=17, hash=-1644578928}}}}
03:56:22.276 [raft-server-1-state] TRACE i.a.p.s.impl.DefaultServiceExecutor - PrimitiveService{2}{type=io.atomix.protocols.raft.RaftTest$TestPrimitiveType@2997f1, name=raft-test} - Executing DefaultCommit{index=65, session=RaftSession{RaftServiceContext{server=1, type=io.atomix.protocols.raft.RaftTest$TestPrimitiveType@2997f1, name=raft-test, id=2}, session=2, timestamp=2018-06-10 03:56:22,212}, time=2018-06-10 03:56:22,212, operation=DefaultOperationId{id=write, type=COMMAND}, value=byte[]{length=17, hash=-1644578928}}
03:56:22.276 [raft-server-1-state] TRACE i.a.protocols.raft.roles.LeaderRole - RaftServer{1}{role=LEADER} - Sending CommandResponse{status=OK, index=65, eventIndex=2, result=byte[]{length=3, hash=34535}}
03:56:22.276 [raft-client-fc80a008-639d-42fe-bb37-24bc71d605c3-7] TRACE i.a.p.r.s.impl.RaftSessionConnection - SessionClient{2}{type=io.atomix.protocols.raft.RaftTest$TestPrimitiveType@68b11545, name=raft-test} - Received CommandResponse{status=OK, index=65, eventIndex=2, result=byte[]{length=3, hash=34535}} from 1
03:56:22.276 [raft-client-fc80a008-639d-42fe-bb37-24bc71d605c3-7] TRACE i.a.p.r.s.impl.RaftSessionSequencer - SessionClient{2}{type=io.atomix.protocols.raft.RaftTest$TestPrimitiveType@68b11545, name=raft-test} - Completing response CommandResponse{status=OK, index=65, eventIndex=2, result=byte[]{length=3, hash=34535}}
03:56:22.276 [raft-client-fc80a008-639d-42fe-bb37-24bc71d605c3-7] TRACE i.a.p.r.s.impl.RaftSessionConnection - SessionClient{2}{type=io.atomix.protocols.raft.RaftTest$TestPrimitiveType@68b11545, name=raft-test} - Sending CommandRequest{session=2, sequence=57, operation=PrimitiveOperation{id=DefaultOperationId{id=write, type=COMMAND}, value=byte[]{length=17, hash=-1644578928}}} to 1
03:56:22.276 [raft-server-1] TRACE i.a.protocols.raft.roles.LeaderRole - RaftServer{1}{role=LEADER} - Received CommandRequest{session=2, sequence=57, operation=PrimitiveOperation{id=DefaultOperationId{id=write, type=COMMAND}, value=byte[]{length=17, hash=-1644578928}}}
03:56:22.277 [raft-server-1] TRACE i.a.protocols.raft.roles.LeaderRole - RaftServer{1}{role=LEADER} - Appended Indexed{index=66, entry=CommandEntry{term=1, timestamp=2018-06-10 03:56:22,276, session=2, sequence=57, operation=PrimitiveOperation{id=DefaultOperationId{id=write, type=COMMAND}, value=byte[]{length=17, hash=-1644578928}}}}
03:56:22.277 [raft-server-1] TRACE i.a.p.raft.roles.LeaderAppender - RaftServer{1} - Sending AppendRequest{term=1, leader=1, prevLogIndex=65, prevLogTerm=1, entries=1, commitIndex=65} to 3
03:56:22.277 [raft-server-3] TRACE i.a.p.raft.roles.FollowerRole - RaftServer{3}{role=FOLLOWER} - Received AppendRequest{term=1, leader=1, prevLogIndex=65, prevLogTerm=1, entries=1, commitIndex=65}
03:56:22.277 [raft-server-1] TRACE i.a.p.raft.roles.LeaderAppender - RaftServer{1} - Sending AppendRequest{term=1, leader=1, prevLogIndex=65, prevLogTerm=1, entries=1, commitIndex=65} to 2
03:56:22.277 [raft-server-2] TRACE i.a.p.raft.roles.FollowerRole - RaftServer{2}{role=FOLLOWER} - Received AppendRequest{term=1, leader=1, prevLogIndex=65, prevLogTerm=1, entries=1, commitIndex=65}
03:56:22.277 [raft-server-3] TRACE i.a.p.raft.roles.FollowerRole - RaftServer{3}{role=FOLLOWER} - Appended Indexed{index=66, entry=CommandEntry{term=1, timestamp=2018-06-10 03:56:22,276, session=2, sequence=57, operation=PrimitiveOperation{id=DefaultOperationId{id=write, type=COMMAND}, value=byte[]{length=17, hash=-1644578928}}}}
03:56:22.277 [raft-server-2] TRACE i.a.p.raft.roles.FollowerRole - RaftServer{2}{role=FOLLOWER} - Appended Indexed{index=66, entry=CommandEntry{term=1, timestamp=2018-06-10 03:56:22,276, session=2, sequence=57, operation=PrimitiveOperation{id=DefaultOperationId{id=write, type=COMMAND}, value=byte[]{length=17, hash=-1644578928}}}}
03:56:22.309 [raft-server-3] TRACE i.a.p.raft.roles.FollowerRole - RaftServer{3}{role=FOLLOWER} - Committed entries up to index 65
03:56:22.309 [raft-server-2] TRACE i.a.p.raft.roles.FollowerRole - RaftServer{2}{role=FOLLOWER} - Committed entries up to index 65
03:56:22.309 [raft-server-3] TRACE i.a.p.raft.roles.FollowerRole - RaftServer{3}{role=FOLLOWER} - Sending AppendResponse{status=OK, term=1, succeeded=true, lastLogIndex=66}
03:56:22.309 [raft-server-2] TRACE i.a.p.raft.roles.FollowerRole - RaftServer{2}{role=FOLLOWER} - Sending AppendResponse{status=OK, term=1, succeeded=true, lastLogIndex=66}
03:56:22.309 [raft-server-1] TRACE i.a.p.raft.roles.LeaderAppender - RaftServer{1} - Received AppendResponse{status=OK, term=1, succeeded=true, lastLogIndex=66} from 3
03:56:22.309 [raft-server-1] TRACE i.a.p.raft.roles.LeaderAppender - RaftServer{1} - Committed entries up to 66
03:56:22.309 [raft-server-2-state] TRACE i.a.p.raft.impl.RaftServiceManager - RaftServer{2} - Applying Indexed{index=65, entry=CommandEntry{term=1, timestamp=2018-06-10 03:56:22,212, session=2, sequence=56, operation=PrimitiveOperation{id=DefaultOperationId{id=write, type=COMMAND}, value=byte[]{length=17, hash=-1644578928}}}}
03:56:22.309 [raft-server-3-state] TRACE i.a.p.raft.impl.RaftServiceManager - RaftServer{3} - Applying Indexed{index=65, entry=CommandEntry{term=1, timestamp=2018-06-10 03:56:22,212, session=2, sequence=56, operation=PrimitiveOperation{id=DefaultOperationId{id=write, type=COMMAND}, value=byte[]{length=17, hash=-1644578928}}}}
03:56:22.309 [raft-server-2-state] TRACE i.a.p.s.impl.DefaultServiceExecutor - PrimitiveService{2}{type=io.atomix.protocols.raft.RaftTest$TestPrimitiveType@51dfd39e, name=raft-test} - Executing DefaultCommit{index=65, session=RaftSession{RaftServiceContext{server=2, type=io.atomix.protocols.raft.RaftTest$TestPrimitiveType@51dfd39e, name=raft-test, id=2}, session=2, timestamp=2018-06-10 03:56:22,212}, time=2018-06-10 03:56:22,212, operation=DefaultOperationId{id=write, type=COMMAND}, value=byte[]{length=17, hash=-1644578928}}
03:56:22.309 [raft-server-3-state] TRACE i.a.p.s.impl.DefaultServiceExecutor - PrimitiveService{2}{type=io.atomix.protocols.raft.RaftTest$TestPrimitiveType@416fde07, name=raft-test} - Executing DefaultCommit{index=65, session=RaftSession{RaftServiceContext{server=3, type=io.atomix.protocols.raft.RaftTest$TestPrimitiveType@416fde07, name=raft-test, id=2}, session=2, timestamp=2018-06-10 03:56:22,212}, time=2018-06-10 03:56:22,212, operation=DefaultOperationId{id=write, type=COMMAND}, value=byte[]{length=17, hash=-1644578928}}
03:56:22.344 [raft-server-1] TRACE i.a.p.raft.roles.LeaderAppender - RaftServer{1} - Received AppendResponse{status=OK, term=1, succeeded=true, lastLogIndex=66} from 2
03:56:22.344 [raft-server-1-state] TRACE i.a.p.raft.impl.RaftServiceManager - RaftServer{1} - Applying Indexed{index=66, entry=CommandEntry{term=1, timestamp=2018-06-10 03:56:22,276, session=2, sequence=57, operation=PrimitiveOperation{id=DefaultOperationId{id=write, type=COMMAND}, value=byte[]{length=17, hash=-1644578928}}}}
03:56:22.344 [raft-server-1-state] TRACE i.a.p.s.impl.DefaultServiceExecutor - PrimitiveService{2}{type=io.atomix.protocols.raft.RaftTest$TestPrimitiveType@2997f1, name=raft-test} - Executing DefaultCommit{index=66, session=RaftSession{RaftServiceContext{server=1, type=io.atomix.protocols.raft.RaftTest$TestPrimitiveType@2997f1, name=raft-test, id=2}, session=2, timestamp=2018-06-10 03:56:22,276}, time=2018-06-10 03:56:22,276, operation=DefaultOperationId{id=write, type=COMMAND}, value=byte[]{length=17, hash=-1644578928}}
03:56:22.345 [raft-server-1-state] TRACE i.a.protocols.raft.roles.LeaderRole - RaftServer{1}{role=LEADER} - Sending CommandResponse{status=OK, index=66, eventIndex=2, result=byte[]{length=3, hash=34597}}
03:56:22.345 [raft-client-fc80a008-639d-42fe-bb37-24bc71d605c3-4] TRACE i.a.p.r.s.impl.RaftSessionConnection - SessionClient{2}{type=io.atomix.protocols.raft.RaftTest$TestPrimitiveType@68b11545, name=raft-test} - Received CommandResponse{status=OK, index=66, eventIndex=2, result=byte[]{length=3, hash=34597}} from 1
03:56:22.345 [raft-client-fc80a008-639d-42fe-bb37-24bc71d605c3-4] TRACE i.a.p.r.s.impl.RaftSessionSequencer - SessionClient{2}{type=io.atomix.protocols.raft.RaftTest$TestPrimitiveType@68b11545, name=raft-test} - Completing response CommandResponse{status=OK, index=66, eventIndex=2, result=byte[]{length=3, hash=34597}}
03:56:22.345 [raft-client-fc80a008-639d-42fe-bb37-24bc71d605c3-6] TRACE i.a.p.r.s.impl.RaftSessionConnection - SessionClient{2}{type=io.atomix.protocols.raft.RaftTest$TestPrimitiveType@68b11545, name=raft-test} - Sending CommandRequest{session=2, sequence=58, operation=PrimitiveOperation{id=DefaultOperationId{id=write, type=COMMAND}, value=byte[]{length=17, hash=-1644578928}}} to 1
03:56:22.345 [raft-server-1] TRACE i.a.protocols.raft.roles.LeaderRole - RaftServer{1}{role=LEADER} - Received CommandRequest{session=2, sequence=58, operation=PrimitiveOperation{id=DefaultOperationId{id=write, type=COMMAND}, value=byte[]{length=17, hash=-1644578928}}}
03:56:22.345 [raft-server-1] TRACE i.a.protocols.raft.roles.LeaderRole - RaftServer{1}{role=LEADER} - Appended Indexed{index=67, entry=CommandEntry{term=1, timestamp=2018-06-10 03:56:22,345, session=2, sequence=58, operation=PrimitiveOperation{id=DefaultOperationId{id=write, type=COMMAND}, value=byte[]{length=17, hash=-1644578928}}}}
03:56:22.345 [raft-server-1] TRACE i.a.p.raft.roles.LeaderAppender - RaftServer{1} - Sending AppendRequest{term=1, leader=1, prevLogIndex=66, prevLogTerm=1, entries=1, commitIndex=66} to 3
03:56:22.345 [raft-server-3] TRACE i.a.p.raft.roles.FollowerRole - RaftServer{3}{role=FOLLOWER} - Received AppendRequest{term=1, leader=1, prevLogIndex=66, prevLogTerm=1, entries=1, commitIndex=66}
03:56:22.345 [raft-server-1] TRACE i.a.p.raft.roles.LeaderAppender - RaftServer{1} - Sending AppendRequest{term=1, leader=1, prevLogIndex=66, prevLogTerm=1, entries=1, commitIndex=66} to 2
03:56:22.346 [raft-server-2] TRACE i.a.p.raft.roles.FollowerRole - RaftServer{2}{role=FOLLOWER} - Received AppendRequest{term=1, leader=1, prevLogIndex=66, prevLogTerm=1, entries=1, commitIndex=66}
03:56:22.346 [raft-server-3] TRACE i.a.p.raft.roles.FollowerRole - RaftServer{3}{role=FOLLOWER} - Appended Indexed{index=67, entry=CommandEntry{term=1, timestamp=2018-06-10 03:56:22,345, session=2, sequence=58, operation=PrimitiveOperation{id=DefaultOperationId{id=write, type=COMMAND}, value=byte[]{length=17, hash=-1644578928}}}}
03:56:22.346 [raft-server-2] TRACE i.a.p.raft.roles.FollowerRole - RaftServer{2}{role=FOLLOWER} - Appended Indexed{index=67, entry=CommandEntry{term=1, timestamp=2018-06-10 03:56:22,345, session=2, sequence=58, operation=PrimitiveOperation{id=DefaultOperationId{id=write, type=COMMAND}, value=byte[]{length=17, hash=-1644578928}}}}
03:56:22.377 [raft-server-2] TRACE i.a.p.raft.roles.FollowerRole - RaftServer{2}{role=FOLLOWER} - Committed entries up to index 66
03:56:22.377 [raft-server-3] TRACE i.a.p.raft.roles.FollowerRole - RaftServer{3}{role=FOLLOWER} - Committed entries up to index 66
03:56:22.377 [raft-server-2] TRACE i.a.p.raft.roles.FollowerRole - RaftServer{2}{role=FOLLOWER} - Sending AppendResponse{status=OK, term=1, succeeded=true, lastLogIndex=67}
03:56:22.378 [raft-server-3] TRACE i.a.p.raft.roles.FollowerRole - RaftServer{3}{role=FOLLOWER} - Sending AppendResponse{status=OK, term=1, succeeded=true, lastLogIndex=67}
03:56:22.378 [raft-server-1] TRACE i.a.p.raft.roles.LeaderAppender - RaftServer{1} - Received AppendResponse{status=OK, term=1, succeeded=true, lastLogIndex=67} from 2
03:56:22.378 [raft-server-1] TRACE i.a.p.raft.roles.LeaderAppender - RaftServer{1} - Committed entries up to 67
03:56:22.378 [raft-server-3-state] TRACE i.a.p.raft.impl.RaftServiceManager - RaftServer{3} - Applying Indexed{index=66, entry=CommandEntry{term=1, timestamp=2018-06-10 03:56:22,276, session=2, sequence=57, operation=PrimitiveOperation{id=DefaultOperationId{id=write, type=COMMAND}, value=byte[]{length=17, hash=-1644578928}}}}
03:56:22.378 [raft-server-2-state] TRACE i.a.p.raft.impl.RaftServiceManager - RaftServer{2} - Applying Indexed{index=66, entry=CommandEntry{term=1, timestamp=2018-06-10 03:56:22,276, session=2, sequence=57, operation=PrimitiveOperation{id=DefaultOperationId{id=write, type=COMMAND}, value=byte[]{length=17, hash=-1644578928}}}}
03:56:22.378 [raft-server-3-state] TRACE i.a.p.s.impl.DefaultServiceExecutor - PrimitiveService{2}{type=io.atomix.protocols.raft.RaftTest$TestPrimitiveType@416fde07, name=raft-test} - Executing DefaultCommit{index=66, session=RaftSession{RaftServiceContext{server=3, type=io.atomix.protocols.raft.RaftTest$TestPrimitiveType@416fde07, name=raft-test, id=2}, session=2, timestamp=2018-06-10 03:56:22,276}, time=2018-06-10 03:56:22,276, operation=DefaultOperationId{id=write, type=COMMAND}, value=byte[]{length=17, hash=-1644578928}}
03:56:22.378 [raft-server-2-state] TRACE i.a.p.s.impl.DefaultServiceExecutor - PrimitiveService{2}{type=io.atomix.protocols.raft.RaftTest$TestPrimitiveType@51dfd39e, name=raft-test} - Executing DefaultCommit{index=66, session=RaftSession{RaftServiceContext{server=2, type=io.atomix.protocols.raft.RaftTest$TestPrimitiveType@51dfd39e, name=raft-test, id=2}, session=2, timestamp=2018-06-10 03:56:22,276}, time=2018-06-10 03:56:22,276, operation=DefaultOperationId{id=write, type=COMMAND}, value=byte[]{length=17, hash=-1644578928}}
03:56:22.411 [raft-server-1] TRACE i.a.p.raft.roles.LeaderAppender - RaftServer{1} - Received AppendResponse{status=OK, term=1, succeeded=true, lastLogIndex=67} from 3
03:56:22.411 [raft-server-1-state] TRACE i.a.p.raft.impl.RaftServiceManager - RaftServer{1} - Applying Indexed{index=67, entry=CommandEntry{term=1, timestamp=2018-06-10 03:56:22,345, session=2, sequence=58, operation=PrimitiveOperation{id=DefaultOperationId{id=write, type=COMMAND}, value=byte[]{length=17, hash=-1644578928}}}}
03:56:22.411 [raft-server-1-state] TRACE i.a.p.s.impl.DefaultServiceExecutor - PrimitiveService{2}{type=io.atomix.protocols.raft.RaftTest$TestPrimitiveType@2997f1, name=raft-test} - Executing DefaultCommit{index=67, session=RaftSession{RaftServiceContext{server=1, type=io.atomix.protocols.raft.RaftTest$TestPrimitiveType@2997f1, name=raft-test, id=2}, session=2, timestamp=2018-06-10 03:56:22,345}, time=2018-06-10 03:56:22,345, operation=DefaultOperationId{id=write, type=COMMAND}, value=byte[]{length=17, hash=-1644578928}}
03:56:22.411 [raft-server-1-state] TRACE i.a.protocols.raft.roles.LeaderRole - RaftServer{1}{role=LEADER} - Sending CommandResponse{status=OK, index=67, eventIndex=2, result=byte[]{length=3, hash=34659}}
03:56:22.411 [raft-client-fc80a008-639d-42fe-bb37-24bc71d605c3-1] TRACE i.a.p.r.s.impl.RaftSessionConnection - SessionClient{2}{type=io.atomix.protocols.raft.RaftTest$TestPrimitiveType@68b11545, name=raft-test} - Received CommandResponse{status=OK, index=67, eventIndex=2, result=byte[]{length=3, hash=34659}} from 1
03:56:22.411 [raft-client-fc80a008-639d-42fe-bb37-24bc71d605c3-1] TRACE i.a.p.r.s.impl.RaftSessionSequencer - SessionClient{2}{type=io.atomix.protocols.raft.RaftTest$TestPrimitiveType@68b11545, name=raft-test} - Completing response CommandResponse{status=OK, index=67, eventIndex=2, result=byte[]{length=3, hash=34659}}
03:56:22.412 [raft-client-fc80a008-639d-42fe-bb37-24bc71d605c3-3] TRACE i.a.p.r.s.impl.RaftSessionConnection - SessionClient{2}{type=io.atomix.protocols.raft.RaftTest$TestPrimitiveType@68b11545, name=raft-test} - Sending CommandRequest{session=2, sequence=59, operation=PrimitiveOperation{id=DefaultOperationId{id=write, type=COMMAND}, value=byte[]{length=17, hash=-1644578928}}} to 1
03:56:22.412 [raft-server-1] TRACE i.a.protocols.raft.roles.LeaderRole - RaftServer{1}{role=LEADER} - Received CommandRequest{session=2, sequence=59, operation=PrimitiveOperation{id=DefaultOperationId{id=write, type=COMMAND}, value=byte[]{length=17, hash=-1644578928}}}
03:56:22.412 [raft-server-1] TRACE i.a.protocols.raft.roles.LeaderRole - RaftServer{1}{role=LEADER} - Appended Indexed{index=68, entry=CommandEntry{term=1, timestamp=2018-06-10 03:56:22,412, session=2, sequence=59, operation=PrimitiveOperation{id=DefaultOperationId{id=write, type=COMMAND}, value=byte[]{length=17, hash=-1644578928}}}}
03:56:22.412 [raft-server-1] TRACE i.a.p.raft.roles.LeaderAppender - RaftServer{1} - Sending AppendRequest{term=1, leader=1, prevLogIndex=67, prevLogTerm=1, entries=1, commitIndex=67} to 3
03:56:22.412 [raft-server-1] TRACE i.a.p.raft.roles.LeaderAppender - RaftServer{1} - Sending AppendRequest{term=1, leader=1, prevLogIndex=67, prevLogTerm=1, entries=1, commitIndex=67} to 2
03:56:22.412 [raft-server-3] TRACE i.a.p.raft.roles.FollowerRole - RaftServer{3}{role=FOLLOWER} - Received AppendRequest{term=1, leader=1, prevLogIndex=67, prevLogTerm=1, entries=1, commitIndex=67}
03:56:22.412 [raft-server-2] TRACE i.a.p.raft.roles.FollowerRole - RaftServer{2}{role=FOLLOWER} - Received AppendRequest{term=1, leader=1, prevLogIndex=67, prevLogTerm=1, entries=1, commitIndex=67}
03:56:22.412 [raft-server-3] TRACE i.a.p.raft.roles.FollowerRole - RaftServer{3}{role=FOLLOWER} - Appended Indexed{index=68, entry=CommandEntry{term=1, timestamp=2018-06-10 03:56:22,412, session=2, sequence=59, operation=PrimitiveOperation{id=DefaultOperationId{id=write, type=COMMAND}, value=byte[]{length=17, hash=-1644578928}}}}
03:56:22.412 [raft-server-2] TRACE i.a.p.raft.roles.FollowerRole - RaftServer{2}{role=FOLLOWER} - Appended Indexed{index=68, entry=CommandEntry{term=1, timestamp=2018-06-10 03:56:22,412, session=2, sequence=59, operation=PrimitiveOperation{id=DefaultOperationId{id=write, type=COMMAND}, value=byte[]{length=17, hash=-1644578928}}}}
03:56:22.444 [raft-server-3] TRACE i.a.p.raft.roles.FollowerRole - RaftServer{3}{role=FOLLOWER} - Committed entries up to index 67
03:56:22.444 [raft-server-3] TRACE i.a.p.raft.roles.FollowerRole - RaftServer{3}{role=FOLLOWER} - Sending AppendResponse{status=OK, term=1, succeeded=true, lastLogIndex=68}
03:56:22.444 [raft-server-2] TRACE i.a.p.raft.roles.FollowerRole - RaftServer{2}{role=FOLLOWER} - Committed entries up to index 67
03:56:22.444 [raft-server-2] TRACE i.a.p.raft.roles.FollowerRole - RaftServer{2}{role=FOLLOWER} - Sending AppendResponse{status=OK, term=1, succeeded=true, lastLogIndex=68}
03:56:22.444 [raft-server-1] TRACE i.a.p.raft.roles.LeaderAppender - RaftServer{1} - Received AppendResponse{status=OK, term=1, succeeded=true, lastLogIndex=68} from 3
03:56:22.444 [raft-server-1] TRACE i.a.p.raft.roles.LeaderAppender - RaftServer{1} - Committed entries up to 68
03:56:22.444 [raft-server-2-state] TRACE i.a.p.raft.impl.RaftServiceManager - RaftServer{2} - Applying Indexed{index=67, entry=CommandEntry{term=1, timestamp=2018-06-10 03:56:22,345, session=2, sequence=58, operation=PrimitiveOperation{id=DefaultOperationId{id=write, type=COMMAND}, value=byte[]{length=17, hash=-1644578928}}}}
03:56:22.444 [raft-server-3-state] TRACE i.a.p.raft.impl.RaftServiceManager - RaftServer{3} - Applying Indexed{index=67, entry=CommandEntry{term=1, timestamp=2018-06-10 03:56:22,345, session=2, sequence=58, operation=PrimitiveOperation{id=DefaultOperationId{id=write, type=COMMAND}, value=byte[]{length=17, hash=-1644578928}}}}
03:56:22.444 [raft-server-2-state] TRACE i.a.p.s.impl.DefaultServiceExecutor - PrimitiveService{2}{type=io.atomix.protocols.raft.RaftTest$TestPrimitiveType@51dfd39e, name=raft-test} - Executing DefaultCommit{index=67, session=RaftSession{RaftServiceContext{server=2, type=io.atomix.protocols.raft.RaftTest$TestPrimitiveType@51dfd39e, name=raft-test, id=2}, session=2, timestamp=2018-06-10 03:56:22,345}, time=2018-06-10 03:56:22,345, operation=DefaultOperationId{id=write, type=COMMAND}, value=byte[]{length=17, hash=-1644578928}}
03:56:22.444 [raft-server-3-state] TRACE i.a.p.s.impl.DefaultServiceExecutor - PrimitiveService{2}{type=io.atomix.protocols.raft.RaftTest$TestPrimitiveType@416fde07, name=raft-test} - Executing DefaultCommit{index=67, session=RaftSession{RaftServiceContext{server=3, type=io.atomix.protocols.raft.RaftTest$TestPrimitiveType@416fde07, name=raft-test, id=2}, session=2, timestamp=2018-06-10 03:56:22,345}, time=2018-06-10 03:56:22,345, operation=DefaultOperationId{id=write, type=COMMAND}, value=byte[]{length=17, hash=-1644578928}}
03:56:22.477 [raft-server-1] TRACE i.a.p.raft.roles.LeaderAppender - RaftServer{1} - Received AppendResponse{status=OK, term=1, succeeded=true, lastLogIndex=68} from 2
03:56:22.477 [raft-server-1] TRACE i.a.p.raft.roles.LeaderAppender - RaftServer{1} - Sending AppendRequest{term=1, leader=1, prevLogIndex=68, prevLogTerm=1, entries=0, commitIndex=68} to 3
03:56:22.478 [raft-server-1] TRACE i.a.p.raft.roles.LeaderAppender - RaftServer{1} - Sending AppendRequest{term=1, leader=1, prevLogIndex=68, prevLogTerm=1, entries=0, commitIndex=68} to 2
03:56:22.478 [raft-server-3] TRACE i.a.p.raft.roles.FollowerRole - RaftServer{3}{role=FOLLOWER} - Received AppendRequest{term=1, leader=1, prevLogIndex=68, prevLogTerm=1, entries=0, commitIndex=68}
03:56:22.478 [raft-server-2] TRACE i.a.p.raft.roles.FollowerRole - RaftServer{2}{role=FOLLOWER} - Received AppendRequest{term=1, leader=1, prevLogIndex=68, prevLogTerm=1, entries=0, commitIndex=68}
03:56:22.478 [raft-server-1-state] TRACE i.a.p.raft.impl.RaftServiceManager - RaftServer{1} - Applying Indexed{index=68, entry=CommandEntry{term=1, timestamp=2018-06-10 03:56:22,412, session=2, sequence=59, operation=PrimitiveOperation{id=DefaultOperationId{id=write, type=COMMAND}, value=byte[]{length=17, hash=-1644578928}}}}
03:56:22.478 [raft-server-1-state] TRACE i.a.p.s.impl.DefaultServiceExecutor - PrimitiveService{2}{type=io.atomix.protocols.raft.RaftTest$TestPrimitiveType@2997f1, name=raft-test} - Executing DefaultCommit{index=68, session=RaftSession{RaftServiceContext{server=1, type=io.atomix.protocols.raft.RaftTest$TestPrimitiveType@2997f1, name=raft-test, id=2}, session=2, timestamp=2018-06-10 03:56:22,412}, time=2018-06-10 03:56:22,412, operation=DefaultOperationId{id=write, type=COMMAND}, value=byte[]{length=17, hash=-1644578928}}
03:56:22.479 [raft-server-1] TRACE i.a.protocols.raft.roles.LeaderRole - RaftServer{1}{role=LEADER} - Sending CommandResponse{status=OK, index=68, eventIndex=2, result=byte[]{length=3, hash=34721}}
03:56:22.479 [raft-client-fc80a008-639d-42fe-bb37-24bc71d605c3-4] TRACE i.a.p.r.s.impl.RaftSessionConnection - SessionClient{2}{type=io.atomix.protocols.raft.RaftTest$TestPrimitiveType@68b11545, name=raft-test} - Received CommandResponse{status=OK, index=68, eventIndex=2, result=byte[]{length=3, hash=34721}} from 1
03:56:22.479 [raft-client-fc80a008-639d-42fe-bb37-24bc71d605c3-4] TRACE i.a.p.r.s.impl.RaftSessionSequencer - SessionClient{2}{type=io.atomix.protocols.raft.RaftTest$TestPrimitiveType@68b11545, name=raft-test} - Completing response CommandResponse{status=OK, index=68, eventIndex=2, result=byte[]{length=3, hash=34721}}
03:56:22.479 [raft-client-fc80a008-639d-42fe-bb37-24bc71d605c3-5] TRACE i.a.p.r.s.impl.RaftSessionConnection - SessionClient{2}{type=io.atomix.protocols.raft.RaftTest$TestPrimitiveType@68b11545, name=raft-test} - Sending CommandRequest{session=2, sequence=60, operation=PrimitiveOperation{id=DefaultOperationId{id=write, type=COMMAND}, value=byte[]{length=17, hash=-1644578928}}} to 1
03:56:22.479 [raft-server-1] TRACE i.a.protocols.raft.roles.LeaderRole - RaftServer{1}{role=LEADER} - Received CommandRequest{session=2, sequence=60, operation=PrimitiveOperation{id=DefaultOperationId{id=write, type=COMMAND}, value=byte[]{length=17, hash=-1644578928}}}
03:56:22.479 [raft-server-1] TRACE i.a.protocols.raft.roles.LeaderRole - RaftServer{1}{role=LEADER} - Appended Indexed{index=69, entry=CommandEntry{term=1, timestamp=2018-06-10 03:56:22,479, session=2, sequence=60, operation=PrimitiveOperation{id=DefaultOperationId{id=write, type=COMMAND}, value=byte[]{length=17, hash=-1644578928}}}}
03:56:22.502 [raft-server-3] TRACE i.a.p.raft.roles.FollowerRole - RaftServer{3}{role=FOLLOWER} - Committed entries up to index 68
03:56:22.502 [raft-server-3] TRACE i.a.p.raft.roles.FollowerRole - RaftServer{3}{role=FOLLOWER} - Sending AppendResponse{status=OK, term=1, succeeded=true, lastLogIndex=68}
03:56:22.503 [raft-server-1] TRACE i.a.p.raft.roles.LeaderAppender - RaftServer{1} - Received AppendResponse{status=OK, term=1, succeeded=true, lastLogIndex=68} from 3
03:56:22.503 [raft-server-3-state] TRACE i.a.p.raft.impl.RaftServiceManager - RaftServer{3} - Applying Indexed{index=68, entry=CommandEntry{term=1, timestamp=2018-06-10 03:56:22,412, session=2, sequence=59, operation=PrimitiveOperation{id=DefaultOperationId{id=write, type=COMMAND}, value=byte[]{length=17, hash=-1644578928}}}}
03:56:22.503 [raft-server-1] TRACE i.a.p.raft.roles.LeaderAppender - RaftServer{1} - Sending AppendRequest{term=1, leader=1, prevLogIndex=68, prevLogTerm=1, entries=1, commitIndex=68} to 3
03:56:22.503 [raft-server-3] TRACE i.a.p.raft.roles.FollowerRole - RaftServer{3}{role=FOLLOWER} - Received AppendRequest{term=1, leader=1, prevLogIndex=68, prevLogTerm=1, entries=1, commitIndex=68}
03:56:22.503 [raft-server-3-state] TRACE i.a.p.s.impl.DefaultServiceExecutor - PrimitiveService{2}{type=io.atomix.protocols.raft.RaftTest$TestPrimitiveType@416fde07, name=raft-test} - Executing DefaultCommit{index=68, session=RaftSession{RaftServiceContext{server=3, type=io.atomix.protocols.raft.RaftTest$TestPrimitiveType@416fde07, name=raft-test, id=2}, session=2, timestamp=2018-06-10 03:56:22,412}, time=2018-06-10 03:56:22,412, operation=DefaultOperationId{id=write, type=COMMAND}, value=byte[]{length=17, hash=-1644578928}}
03:56:22.503 [raft-server-3] TRACE i.a.p.raft.roles.FollowerRole - RaftServer{3}{role=FOLLOWER} - Appended Indexed{index=69, entry=CommandEntry{term=1, timestamp=2018-06-10 03:56:22,479, session=2, sequence=60, operation=PrimitiveOperation{id=DefaultOperationId{id=write, type=COMMAND}, value=byte[]{length=17, hash=-1644578928}}}}
03:56:22.503 [raft-server-3] TRACE i.a.p.raft.roles.FollowerRole - RaftServer{3}{role=FOLLOWER} - Sending AppendResponse{status=OK, term=1, succeeded=true, lastLogIndex=69}
03:56:22.503 [raft-server-1] TRACE i.a.p.raft.roles.LeaderAppender - RaftServer{1} - Received AppendResponse{status=OK, term=1, succeeded=true, lastLogIndex=69} from 3
03:56:22.503 [raft-server-1] TRACE i.a.p.raft.roles.LeaderAppender - RaftServer{1} - Committed entries up to 69
03:56:22.540 [raft-server-2] TRACE i.a.p.raft.roles.FollowerRole - RaftServer{2}{role=FOLLOWER} - Committed entries up to index 68
03:56:22.540 [raft-server-2] TRACE i.a.p.raft.roles.FollowerRole - RaftServer{2}{role=FOLLOWER} - Sending AppendResponse{status=OK, term=1, succeeded=true, lastLogIndex=68}
03:56:22.540 [raft-server-2-state] TRACE i.a.p.raft.impl.RaftServiceManager - RaftServer{2} - Applying Indexed{index=68, entry=CommandEntry{term=1, timestamp=2018-06-10 03:56:22,412, session=2, sequence=59, operation=PrimitiveOperation{id=DefaultOperationId{id=write, type=COMMAND}, value=byte[]{length=17, hash=-1644578928}}}}
03:56:22.540 [raft-server-2-state] TRACE i.a.p.s.impl.DefaultServiceExecutor - PrimitiveService{2}{type=io.atomix.protocols.raft.RaftTest$TestPrimitiveType@51dfd39e, name=raft-test} - Executing DefaultCommit{index=68, session=RaftSession{RaftServiceContext{server=2, type=io.atomix.protocols.raft.RaftTest$TestPrimitiveType@51dfd39e, name=raft-test, id=2}, session=2, timestamp=2018-06-10 03:56:22,412}, time=2018-06-10 03:56:22,412, operation=DefaultOperationId{id=write, type=COMMAND}, value=byte[]{length=17, hash=-1644578928}}
03:56:22.569 [raft-server-1] TRACE i.a.p.raft.roles.LeaderAppender - RaftServer{1} - Received AppendResponse{status=OK, term=1, succeeded=true, lastLogIndex=68} from 2
03:56:22.569 [raft-server-1] TRACE i.a.p.raft.roles.LeaderAppender - RaftServer{1} - Sending AppendRequest{term=1, leader=1, prevLogIndex=68, prevLogTerm=1, entries=1, commitIndex=69} to 2
03:56:22.569 [raft-server-2] TRACE i.a.p.raft.roles.FollowerRole - RaftServer{2}{role=FOLLOWER} - Received AppendRequest{term=1, leader=1, prevLogIndex=68, prevLogTerm=1, entries=1, commitIndex=69}
03:56:22.569 [raft-server-1-state] TRACE i.a.p.raft.impl.RaftServiceManager - RaftServer{1} - Applying Indexed{index=69, entry=CommandEntry{term=1, timestamp=2018-06-10 03:56:22,479, session=2, sequence=60, operation=PrimitiveOperation{id=DefaultOperationId{id=write, type=COMMAND}, value=byte[]{length=17, hash=-1644578928}}}}
03:56:22.569 [raft-server-2] TRACE i.a.p.raft.roles.FollowerRole - RaftServer{2}{role=FOLLOWER} - Appended Indexed{index=69, entry=CommandEntry{term=1, timestamp=2018-06-10 03:56:22,479, session=2, sequence=60, operation=PrimitiveOperation{id=DefaultOperationId{id=write, type=COMMAND}, value=byte[]{length=17, hash=-1644578928}}}}
03:56:22.569 [raft-server-1-state] TRACE i.a.p.s.impl.DefaultServiceExecutor - PrimitiveService{2}{type=io.atomix.protocols.raft.RaftTest$TestPrimitiveType@2997f1, name=raft-test} - Executing DefaultCommit{index=69, session=RaftSession{RaftServiceContext{server=1, type=io.atomix.protocols.raft.RaftTest$TestPrimitiveType@2997f1, name=raft-test, id=2}, session=2, timestamp=2018-06-10 03:56:22,479}, time=2018-06-10 03:56:22,479, operation=DefaultOperationId{id=write, type=COMMAND}, value=byte[]{length=17, hash=-1644578928}}
03:56:22.570 [raft-server-1-state] TRACE i.a.protocols.raft.roles.LeaderRole - RaftServer{1}{role=LEADER} - Sending CommandResponse{status=OK, index=69, eventIndex=2, result=byte[]{length=3, hash=34783}}
03:56:22.570 [raft-client-fc80a008-639d-42fe-bb37-24bc71d605c3-2] TRACE i.a.p.r.s.impl.RaftSessionConnection - SessionClient{2}{type=io.atomix.protocols.raft.RaftTest$TestPrimitiveType@68b11545, name=raft-test} - Received CommandResponse{status=OK, index=69, eventIndex=2, result=byte[]{length=3, hash=34783}} from 1
03:56:22.570 [raft-client-fc80a008-639d-42fe-bb37-24bc71d605c3-2] TRACE i.a.p.r.s.impl.RaftSessionSequencer - SessionClient{2}{type=io.atomix.protocols.raft.RaftTest$TestPrimitiveType@68b11545, name=raft-test} - Completing response CommandResponse{status=OK, index=69, eventIndex=2, result=byte[]{length=3, hash=34783}}
03:56:22.570 [raft-client-fc80a008-639d-42fe-bb37-24bc71d605c3-0] TRACE i.a.p.r.s.impl.RaftSessionConnection - SessionClient{2}{type=io.atomix.protocols.raft.RaftTest$TestPrimitiveType@68b11545, name=raft-test} - Sending CommandRequest{session=2, sequence=61, operation=PrimitiveOperation{id=DefaultOperationId{id=write, type=COMMAND}, value=byte[]{length=17, hash=-1644578928}}} to 1
03:56:22.570 [raft-server-1] TRACE i.a.protocols.raft.roles.LeaderRole - RaftServer{1}{role=LEADER} - Received CommandRequest{session=2, sequence=61, operation=PrimitiveOperation{id=DefaultOperationId{id=write, type=COMMAND}, value=byte[]{length=17, hash=-1644578928}}}
03:56:22.570 [raft-server-1] TRACE i.a.protocols.raft.roles.LeaderRole - RaftServer{1}{role=LEADER} - Appended Indexed{index=70, entry=CommandEntry{term=1, timestamp=2018-06-10 03:56:22,570, session=2, sequence=61, operation=PrimitiveOperation{id=DefaultOperationId{id=write, type=COMMAND}, value=byte[]{length=17, hash=-1644578928}}}}
03:56:22.570 [raft-server-1] TRACE i.a.p.raft.roles.LeaderAppender - RaftServer{1} - Sending AppendRequest{term=1, leader=1, prevLogIndex=69, prevLogTerm=1, entries=1, commitIndex=69} to 3
03:56:22.570 [raft-server-3] TRACE i.a.p.raft.roles.FollowerRole - RaftServer{3}{role=FOLLOWER} - Received AppendRequest{term=1, leader=1, prevLogIndex=69, prevLogTerm=1, entries=1, commitIndex=69}
03:56:22.570 [raft-server-3] TRACE i.a.p.raft.roles.FollowerRole - RaftServer{3}{role=FOLLOWER} - Appended Indexed{index=70, entry=CommandEntry{term=1, timestamp=2018-06-10 03:56:22,570, session=2, sequence=61, operation=PrimitiveOperation{id=DefaultOperationId{id=write, type=COMMAND}, value=byte[]{length=17, hash=-1644578928}}}}
03:56:22.636 [raft-server-3] TRACE i.a.p.raft.roles.FollowerRole - RaftServer{3}{role=FOLLOWER} - Committed entries up to index 69
03:56:22.636 [raft-server-3] TRACE i.a.p.raft.roles.FollowerRole - RaftServer{3}{role=FOLLOWER} - Sending AppendResponse{status=OK, term=1, succeeded=true, lastLogIndex=70}
03:56:22.636 [raft-server-2] TRACE i.a.p.raft.roles.FollowerRole - RaftServer{2}{role=FOLLOWER} - Committed entries up to index 69
03:56:22.636 [raft-server-2] TRACE i.a.p.raft.roles.FollowerRole - RaftServer{2}{role=FOLLOWER} - Sending AppendResponse{status=OK, term=1, succeeded=true, lastLogIndex=69}
03:56:22.636 [raft-server-1] TRACE i.a.p.raft.roles.LeaderAppender - RaftServer{1} - Received AppendResponse{status=OK, term=1, succeeded=true, lastLogIndex=70} from 3
03:56:22.636 [raft-server-1] TRACE i.a.p.raft.roles.LeaderAppender - RaftServer{1} - Committed entries up to 70
03:56:22.636 [raft-server-3-state] TRACE i.a.p.raft.impl.RaftServiceManager - RaftServer{3} - Applying Indexed{index=69, entry=CommandEntry{term=1, timestamp=2018-06-10 03:56:22,479, session=2, sequence=60, operation=PrimitiveOperation{id=DefaultOperationId{id=write, type=COMMAND}, value=byte[]{length=17, hash=-1644578928}}}}
03:56:22.636 [raft-server-2-state] TRACE i.a.p.raft.impl.RaftServiceManager - RaftServer{2} - Applying Indexed{index=69, entry=CommandEntry{term=1, timestamp=2018-06-10 03:56:22,479, session=2, sequence=60, operation=PrimitiveOperation{id=DefaultOperationId{id=write, type=COMMAND}, value=byte[]{length=17, hash=-1644578928}}}}
03:56:22.636 [raft-server-3-state] TRACE i.a.p.s.impl.DefaultServiceExecutor - PrimitiveService{2}{type=io.atomix.protocols.raft.RaftTest$TestPrimitiveType@416fde07, name=raft-test} - Executing DefaultCommit{index=69, session=RaftSession{RaftServiceContext{server=3, type=io.atomix.protocols.raft.RaftTest$TestPrimitiveType@416fde07, name=raft-test, id=2}, session=2, timestamp=2018-06-10 03:56:22,479}, time=2018-06-10 03:56:22,479, operation=DefaultOperationId{id=write, type=COMMAND}, value=byte[]{length=17, hash=-1644578928}}
03:56:22.636 [raft-server-2-state] TRACE i.a.p.s.impl.DefaultServiceExecutor - PrimitiveService{2}{type=io.atomix.protocols.raft.RaftTest$TestPrimitiveType@51dfd39e, name=raft-test} - Executing DefaultCommit{index=69, session=RaftSession{RaftServiceContext{server=2, type=io.atomix.protocols.raft.RaftTest$TestPrimitiveType@51dfd39e, name=raft-test, id=2}, session=2, timestamp=2018-06-10 03:56:22,479}, time=2018-06-10 03:56:22,479, operation=DefaultOperationId{id=write, type=COMMAND}, value=byte[]{length=17, hash=-1644578928}}
03:56:22.709 [raft-server-1] TRACE i.a.p.raft.roles.LeaderAppender - RaftServer{1} - Received AppendResponse{status=OK, term=1, succeeded=true, lastLogIndex=69} from 2
03:56:22.709 [raft-server-1] TRACE i.a.p.raft.roles.LeaderAppender - RaftServer{1} - Sending AppendRequest{term=1, leader=1, prevLogIndex=69, prevLogTerm=1, entries=1, commitIndex=70} to 2
03:56:22.709 [raft-server-1] TRACE i.a.p.raft.roles.LeaderAppender - RaftServer{1} - Sending AppendRequest{term=1, leader=1, prevLogIndex=70, prevLogTerm=1, entries=0, commitIndex=70} to 3
03:56:22.709 [raft-server-2] TRACE i.a.p.raft.roles.FollowerRole - RaftServer{2}{role=FOLLOWER} - Received AppendRequest{term=1, leader=1, prevLogIndex=69, prevLogTerm=1, entries=1, commitIndex=70}
03:56:22.709 [raft-server-3] TRACE i.a.p.raft.roles.FollowerRole - RaftServer{3}{role=FOLLOWER} - Received AppendRequest{term=1, leader=1, prevLogIndex=70, prevLogTerm=1, entries=0, commitIndex=70}
03:56:22.709 [raft-server-1-state] TRACE i.a.p.raft.impl.RaftServiceManager - RaftServer{1} - Applying Indexed{index=70, entry=CommandEntry{term=1, timestamp=2018-06-10 03:56:22,570, session=2, sequence=61, operation=PrimitiveOperation{id=DefaultOperationId{id=write, type=COMMAND}, value=byte[]{length=17, hash=-1644578928}}}}
03:56:22.709 [raft-server-2] TRACE i.a.p.raft.roles.FollowerRole - RaftServer{2}{role=FOLLOWER} - Appended Indexed{index=70, entry=CommandEntry{term=1, timestamp=2018-06-10 03:56:22,570, session=2, sequence=61, operation=PrimitiveOperation{id=DefaultOperationId{id=write, type=COMMAND}, value=byte[]{length=17, hash=-1644578928}}}}
03:56:22.709 [raft-server-1-state] TRACE i.a.p.s.impl.DefaultServiceExecutor - PrimitiveService{2}{type=io.atomix.protocols.raft.RaftTest$TestPrimitiveType@2997f1, name=raft-test} - Executing DefaultCommit{index=70, session=RaftSession{RaftServiceContext{server=1, type=io.atomix.protocols.raft.RaftTest$TestPrimitiveType@2997f1, name=raft-test, id=2}, session=2, timestamp=2018-06-10 03:56:22,570}, time=2018-06-10 03:56:22,570, operation=DefaultOperationId{id=write, type=COMMAND}, value=byte[]{length=17, hash=-1644578928}}
03:56:22.709 [raft-server-1-state] TRACE i.a.protocols.raft.roles.LeaderRole - RaftServer{1}{role=LEADER} - Sending CommandResponse{status=OK, index=70, eventIndex=2, result=byte[]{length=3, hash=34845}}
03:56:22.710 [raft-client-fc80a008-639d-42fe-bb37-24bc71d605c3-1] TRACE i.a.p.r.s.impl.RaftSessionConnection - SessionClient{2}{type=io.atomix.protocols.raft.RaftTest$TestPrimitiveType@68b11545, name=raft-test} - Received CommandResponse{status=OK, index=70, eventIndex=2, result=byte[]{length=3, hash=34845}} from 1
03:56:22.710 [raft-client-fc80a008-639d-42fe-bb37-24bc71d605c3-1] TRACE i.a.p.r.s.impl.RaftSessionSequencer - SessionClient{2}{type=io.atomix.protocols.raft.RaftTest$TestPrimitiveType@68b11545, name=raft-test} - Completing response CommandResponse{status=OK, index=70, eventIndex=2, result=byte[]{length=3, hash=34845}}
03:56:22.710 [raft-client-fc80a008-639d-42fe-bb37-24bc71d605c3-1] TRACE i.a.p.r.s.impl.RaftSessionConnection - SessionClient{2}{type=io.atomix.protocols.raft.RaftTest$TestPrimitiveType@68b11545, name=raft-test} - Sending CommandRequest{session=2, sequence=62, operation=PrimitiveOperation{id=DefaultOperationId{id=write, type=COMMAND}, value=byte[]{length=17, hash=-1644578928}}} to 1
03:56:22.710 [raft-server-1] TRACE i.a.protocols.raft.roles.LeaderRole - RaftServer{1}{role=LEADER} - Received CommandRequest{session=2, sequence=62, operation=PrimitiveOperation{id=DefaultOperationId{id=write, type=COMMAND}, value=byte[]{length=17, hash=-1644578928}}}
03:56:22.778 [raft-server-3] TRACE i.a.p.raft.roles.FollowerRole - RaftServer{3}{role=FOLLOWER} - Committed entries up to index 70
03:56:22.779 [raft-server-3] TRACE i.a.p.raft.roles.FollowerRole - RaftServer{3}{role=FOLLOWER} - Sending AppendResponse{status=OK, term=1, succeeded=true, lastLogIndex=70}
03:56:22.779 [raft-server-3-state] TRACE i.a.p.raft.impl.RaftServiceManager - RaftServer{3} - Applying Indexed{index=70, entry=CommandEntry{term=1, timestamp=2018-06-10 03:56:22,570, session=2, sequence=61, operation=PrimitiveOperation{id=DefaultOperationId{id=write, type=COMMAND}, value=byte[]{length=17, hash=-1644578928}}}}
03:56:22.779 [raft-server-3-state] TRACE i.a.p.s.impl.DefaultServiceExecutor - PrimitiveService{2}{type=io.atomix.protocols.raft.RaftTest$TestPrimitiveType@416fde07, name=raft-test} - Executing DefaultCommit{index=70, session=RaftSession{RaftServiceContext{server=3, type=io.atomix.protocols.raft.RaftTest$TestPrimitiveType@416fde07, name=raft-test, id=2}, session=2, timestamp=2018-06-10 03:56:22,570}, time=2018-06-10 03:56:22,570, operation=DefaultOperationId{id=write, type=COMMAND}, value=byte[]{length=17, hash=-1644578928}}
03:56:22.849 [raft-server-2] TRACE i.a.p.raft.roles.FollowerRole - RaftServer{2}{role=FOLLOWER} - Committed entries up to index 70
03:56:22.849 [raft-server-2] TRACE i.a.p.raft.roles.FollowerRole - RaftServer{2}{role=FOLLOWER} - Sending AppendResponse{status=OK, term=1, succeeded=true, lastLogIndex=70}
03:56:22.849 [raft-server-2-state] TRACE i.a.p.raft.impl.RaftServiceManager - RaftServer{2} - Applying Indexed{index=70, entry=CommandEntry{term=1, timestamp=2018-06-10 03:56:22,570, session=2, sequence=61, operation=PrimitiveOperation{id=DefaultOperationId{id=write, type=COMMAND}, value=byte[]{length=17, hash=-1644578928}}}}
03:56:22.849 [raft-server-2-state] TRACE i.a.p.s.impl.DefaultServiceExecutor - PrimitiveService{2}{type=io.atomix.protocols.raft.RaftTest$TestPrimitiveType@51dfd39e, name=raft-test} - Executing DefaultCommit{index=70, session=RaftSession{RaftServiceContext{server=2, type=io.atomix.protocols.raft.RaftTest$TestPrimitiveType@51dfd39e, name=raft-test, id=2}, session=2, timestamp=2018-06-10 03:56:22,570}, time=2018-06-10 03:56:22,570, operation=DefaultOperationId{id=write, type=COMMAND}, value=byte[]{length=17, hash=-1644578928}}
03:56:22.927 [raft-server-1] DEBUG i.a.storage.journal.SegmentedJournal - Created disk segment: JournalSegment{id=8, version=1, index=71, size=64}
03:56:22.928 [raft-server-1] TRACE i.a.protocols.raft.roles.LeaderRole - RaftServer{1}{role=LEADER} - Appended Indexed{index=71, entry=CommandEntry{term=1, timestamp=2018-06-10 03:56:22,710, session=2, sequence=62, operation=PrimitiveOperation{id=DefaultOperationId{id=write, type=COMMAND}, value=byte[]{length=17, hash=-1644578928}}}}
03:56:22.928 [raft-server-1] TRACE i.a.p.raft.roles.LeaderAppender - RaftServer{1} - Received AppendResponse{status=OK, term=1, succeeded=true, lastLogIndex=70} from 3
03:56:22.928 [raft-server-1] TRACE i.a.p.raft.roles.LeaderAppender - RaftServer{1} - Sending AppendRequest{term=1, leader=1, prevLogIndex=70, prevLogTerm=1, entries=1, commitIndex=70} to 3
03:56:22.928 [raft-server-3] TRACE i.a.p.raft.roles.FollowerRole - RaftServer{3}{role=FOLLOWER} - Received AppendRequest{term=1, leader=1, prevLogIndex=70, prevLogTerm=1, entries=1, commitIndex=70}
03:56:22.928 [raft-server-1] TRACE i.a.p.raft.roles.LeaderAppender - RaftServer{1} - Sending AppendRequest{term=1, leader=1, prevLogIndex=70, prevLogTerm=1, entries=1, commitIndex=70} to 2
03:56:22.928 [raft-server-2] TRACE i.a.p.raft.roles.FollowerRole - RaftServer{2}{role=FOLLOWER} - Received AppendRequest{term=1, leader=1, prevLogIndex=70, prevLogTerm=1, entries=1, commitIndex=70}
03:56:22.928 [raft-server-1] TRACE i.a.p.raft.roles.LeaderAppender - RaftServer{1} - Received AppendResponse{status=OK, term=1, succeeded=true, lastLogIndex=70} from 2
03:56:23.119 [raft-server-3] DEBUG i.a.storage.journal.SegmentedJournal - Created disk segment: JournalSegment{id=8, version=1, index=71, size=64}
03:56:23.119 [raft-server-3] TRACE i.a.p.raft.roles.FollowerRole - RaftServer{3}{role=FOLLOWER} - Appended Indexed{index=71, entry=CommandEntry{term=1, timestamp=2018-06-10 03:56:22,710, session=2, sequence=62, operation=PrimitiveOperation{id=DefaultOperationId{id=write, type=COMMAND}, value=byte[]{length=17, hash=-1644578928}}}}
03:56:23.120 [raft-server-3] TRACE i.a.p.raft.roles.FollowerRole - RaftServer{3}{role=FOLLOWER} - Sending AppendResponse{status=OK, term=1, succeeded=true, lastLogIndex=71}
03:56:23.120 [raft-server-1] TRACE i.a.p.raft.roles.LeaderAppender - RaftServer{1} - Received AppendResponse{status=OK, term=1, succeeded=true, lastLogIndex=71} from 3
03:56:23.120 [raft-server-1] TRACE i.a.p.raft.roles.LeaderAppender - RaftServer{1} - Committed entries up to 71
03:56:23.154 [raft-server-2] DEBUG i.a.storage.journal.SegmentedJournal - Created disk segment: JournalSegment{id=8, version=1, index=71, size=64}
03:56:23.154 [raft-server-2] TRACE i.a.p.raft.roles.FollowerRole - RaftServer{2}{role=FOLLOWER} - Appended Indexed{index=71, entry=CommandEntry{term=1, timestamp=2018-06-10 03:56:22,710, session=2, sequence=62, operation=PrimitiveOperation{id=DefaultOperationId{id=write, type=COMMAND}, value=byte[]{length=17, hash=-1644578928}}}}
03:56:23.154 [raft-server-2] TRACE i.a.p.raft.roles.FollowerRole - RaftServer{2}{role=FOLLOWER} - Sending AppendResponse{status=OK, term=1, succeeded=true, lastLogIndex=71}
03:56:23.177 [raft-server-1] TRACE i.a.p.raft.roles.LeaderAppender - RaftServer{1} - Sending AppendRequest{term=1, leader=1, prevLogIndex=71, prevLogTerm=1, entries=0, commitIndex=71} to 3
03:56:23.178 [raft-server-1] TRACE i.a.p.raft.roles.LeaderAppender - RaftServer{1} - Received AppendResponse{status=OK, term=1, succeeded=true, lastLogIndex=71} from 2
03:56:23.178 [raft-server-3] TRACE i.a.p.raft.roles.FollowerRole - RaftServer{3}{role=FOLLOWER} - Received AppendRequest{term=1, leader=1, prevLogIndex=71, prevLogTerm=1, entries=0, commitIndex=71}
03:56:23.178 [raft-server-1] TRACE i.a.p.raft.roles.LeaderAppender - RaftServer{1} - Sending AppendRequest{term=1, leader=1, prevLogIndex=71, prevLogTerm=1, entries=0, commitIndex=71} to 2
03:56:23.178 [raft-server-2] TRACE i.a.p.raft.roles.FollowerRole - RaftServer{2}{role=FOLLOWER} - Received AppendRequest{term=1, leader=1, prevLogIndex=71, prevLogTerm=1, entries=0, commitIndex=71}
03:56:23.178 [raft-server-1-state] TRACE i.a.p.raft.impl.RaftServiceManager - RaftServer{1} - Applying Indexed{index=71, entry=CommandEntry{term=1, timestamp=2018-06-10 03:56:22,710, session=2, sequence=62, operation=PrimitiveOperation{id=DefaultOperationId{id=write, type=COMMAND}, value=byte[]{length=17, hash=-1644578928}}}}
03:56:23.178 [raft-server-1-state] TRACE i.a.p.s.impl.DefaultServiceExecutor - PrimitiveService{2}{type=io.atomix.protocols.raft.RaftTest$TestPrimitiveType@2997f1, name=raft-test} - Executing DefaultCommit{index=71, session=RaftSession{RaftServiceContext{server=1, type=io.atomix.protocols.raft.RaftTest$TestPrimitiveType@2997f1, name=raft-test, id=2}, session=2, timestamp=2018-06-10 03:56:22,710}, time=2018-06-10 03:56:22,710, operation=DefaultOperationId{id=write, type=COMMAND}, value=byte[]{length=17, hash=-1644578928}}
03:56:23.178 [raft-server-1-state] TRACE i.a.protocols.raft.roles.LeaderRole - RaftServer{1}{role=LEADER} - Sending CommandResponse{status=OK, index=71, eventIndex=2, result=byte[]{length=3, hash=34907}}
03:56:23.178 [raft-client-fc80a008-639d-42fe-bb37-24bc71d605c3-4] TRACE i.a.p.r.s.impl.RaftSessionConnection - SessionClient{2}{type=io.atomix.protocols.raft.RaftTest$TestPrimitiveType@68b11545, name=raft-test} - Received CommandResponse{status=OK, index=71, eventIndex=2, result=byte[]{length=3, hash=34907}} from 1
03:56:23.178 [raft-client-fc80a008-639d-42fe-bb37-24bc71d605c3-4] TRACE i.a.p.r.s.impl.RaftSessionSequencer - SessionClient{2}{type=io.atomix.protocols.raft.RaftTest$TestPrimitiveType@68b11545, name=raft-test} - Completing response CommandResponse{status=OK, index=71, eventIndex=2, result=byte[]{length=3, hash=34907}}
03:56:23.179 [raft-client-fc80a008-639d-42fe-bb37-24bc71d605c3-6] TRACE i.a.p.r.s.impl.RaftSessionConnection - SessionClient{2}{type=io.atomix.protocols.raft.RaftTest$TestPrimitiveType@68b11545, name=raft-test} - Sending CommandRequest{session=2, sequence=63, operation=PrimitiveOperation{id=DefaultOperationId{id=write, type=COMMAND}, value=byte[]{length=17, hash=-1644578928}}} to 1
03:56:23.179 [raft-server-1] TRACE i.a.protocols.raft.roles.LeaderRole - RaftServer{1}{role=LEADER} - Received CommandRequest{session=2, sequence=63, operation=PrimitiveOperation{id=DefaultOperationId{id=write, type=COMMAND}, value=byte[]{length=17, hash=-1644578928}}}
03:56:23.179 [raft-server-1] TRACE i.a.protocols.raft.roles.LeaderRole - RaftServer{1}{role=LEADER} - Appended Indexed{index=72, entry=CommandEntry{term=1, timestamp=2018-06-10 03:56:23,179, session=2, sequence=63, operation=PrimitiveOperation{id=DefaultOperationId{id=write, type=COMMAND}, value=byte[]{length=17, hash=-1644578928}}}}
03:56:23.211 [raft-server-3] TRACE i.a.p.raft.roles.FollowerRole - RaftServer{3}{role=FOLLOWER} - Committed entries up to index 71
03:56:23.211 [raft-server-2] TRACE i.a.p.raft.roles.FollowerRole - RaftServer{2}{role=FOLLOWER} - Committed entries up to index 71
03:56:23.211 [raft-server-3] TRACE i.a.p.raft.roles.FollowerRole - RaftServer{3}{role=FOLLOWER} - Sending AppendResponse{status=OK, term=1, succeeded=true, lastLogIndex=71}
03:56:23.211 [raft-server-2] TRACE i.a.p.raft.roles.FollowerRole - RaftServer{2}{role=FOLLOWER} - Sending AppendResponse{status=OK, term=1, succeeded=true, lastLogIndex=71}
03:56:23.211 [raft-server-1] TRACE i.a.p.raft.roles.LeaderAppender - RaftServer{1} - Received AppendResponse{status=OK, term=1, succeeded=true, lastLogIndex=71} from 3
03:56:23.211 [raft-server-1] TRACE i.a.p.raft.roles.LeaderAppender - RaftServer{1} - Sending AppendRequest{term=1, leader=1, prevLogIndex=71, prevLogTerm=1, entries=1, commitIndex=71} to 3
03:56:23.211 [raft-server-3-state] TRACE i.a.p.raft.impl.RaftServiceManager - RaftServer{3} - Applying Indexed{index=71, entry=CommandEntry{term=1, timestamp=2018-06-10 03:56:22,710, session=2, sequence=62, operation=PrimitiveOperation{id=DefaultOperationId{id=write, type=COMMAND}, value=byte[]{length=17, hash=-1644578928}}}}
03:56:23.211 [raft-server-3] TRACE i.a.p.raft.roles.FollowerRole - RaftServer{3}{role=FOLLOWER} - Received AppendRequest{term=1, leader=1, prevLogIndex=71, prevLogTerm=1, entries=1, commitIndex=71}
03:56:23.211 [raft-server-1] TRACE i.a.p.raft.roles.LeaderAppender - RaftServer{1} - Received AppendResponse{status=OK, term=1, succeeded=true, lastLogIndex=71} from 2
03:56:23.211 [raft-server-3-state] TRACE i.a.p.s.impl.DefaultServiceExecutor - PrimitiveService{2}{type=io.atomix.protocols.raft.RaftTest$TestPrimitiveType@416fde07, name=raft-test} - Executing DefaultCommit{index=71, session=RaftSession{RaftServiceContext{server=3, type=io.atomix.protocols.raft.RaftTest$TestPrimitiveType@416fde07, name=raft-test, id=2}, session=2, timestamp=2018-06-10 03:56:22,710}, time=2018-06-10 03:56:22,710, operation=DefaultOperationId{id=write, type=COMMAND}, value=byte[]{length=17, hash=-1644578928}}
03:56:23.211 [raft-server-1] TRACE i.a.p.raft.roles.LeaderAppender - RaftServer{1} - Sending AppendRequest{term=1, leader=1, prevLogIndex=71, prevLogTerm=1, entries=1, commitIndex=71} to 2
03:56:23.211 [raft-server-3] TRACE i.a.p.raft.roles.FollowerRole - RaftServer{3}{role=FOLLOWER} - Appended Indexed{index=72, entry=CommandEntry{term=1, timestamp=2018-06-10 03:56:23,179, session=2, sequence=63, operation=PrimitiveOperation{id=DefaultOperationId{id=write, type=COMMAND}, value=byte[]{length=17, hash=-1644578928}}}}
03:56:23.211 [raft-server-3] TRACE i.a.p.raft.roles.FollowerRole - RaftServer{3}{role=FOLLOWER} - Sending AppendResponse{status=OK, term=1, succeeded=true, lastLogIndex=72}
03:56:23.211 [raft-server-2] TRACE i.a.p.raft.roles.FollowerRole - RaftServer{2}{role=FOLLOWER} - Received AppendRequest{term=1, leader=1, prevLogIndex=71, prevLogTerm=1, entries=1, commitIndex=71}
03:56:23.211 [raft-server-2-state] TRACE i.a.p.raft.impl.RaftServiceManager - RaftServer{2} - Applying Indexed{index=71, entry=CommandEntry{term=1, timestamp=2018-06-10 03:56:22,710, session=2, sequence=62, operation=PrimitiveOperation{id=DefaultOperationId{id=write, type=COMMAND}, value=byte[]{length=17, hash=-1644578928}}}}
03:56:23.212 [raft-server-1] TRACE i.a.p.raft.roles.LeaderAppender - RaftServer{1} - Received AppendResponse{status=OK, term=1, succeeded=true, lastLogIndex=72} from 3
03:56:23.212 [raft-server-1] TRACE i.a.p.raft.roles.LeaderAppender - RaftServer{1} - Committed entries up to 72
03:56:23.212 [raft-server-2-state] TRACE i.a.p.s.impl.DefaultServiceExecutor - PrimitiveService{2}{type=io.atomix.protocols.raft.RaftTest$TestPrimitiveType@51dfd39e, name=raft-test} - Executing DefaultCommit{index=71, session=RaftSession{RaftServiceContext{server=2, type=io.atomix.protocols.raft.RaftTest$TestPrimitiveType@51dfd39e, name=raft-test, id=2}, session=2, timestamp=2018-06-10 03:56:22,710}, time=2018-06-10 03:56:22,710, operation=DefaultOperationId{id=write, type=COMMAND}, value=byte[]{length=17, hash=-1644578928}}
03:56:23.212 [raft-server-2] TRACE i.a.p.raft.roles.FollowerRole - RaftServer{2}{role=FOLLOWER} - Appended Indexed{index=72, entry=CommandEntry{term=1, timestamp=2018-06-10 03:56:23,179, session=2, sequence=63, operation=PrimitiveOperation{id=DefaultOperationId{id=write, type=COMMAND}, value=byte[]{length=17, hash=-1644578928}}}}
03:56:23.212 [raft-server-2] TRACE i.a.p.raft.roles.FollowerRole - RaftServer{2}{role=FOLLOWER} - Sending AppendResponse{status=OK, term=1, succeeded=true, lastLogIndex=72}
03:56:23.244 [raft-server-1] TRACE i.a.p.raft.roles.LeaderAppender - RaftServer{1} - Received AppendResponse{status=OK, term=1, succeeded=true, lastLogIndex=72} from 2
03:56:23.244 [raft-server-1-state] TRACE i.a.p.raft.impl.RaftServiceManager - RaftServer{1} - Applying Indexed{index=72, entry=CommandEntry{term=1, timestamp=2018-06-10 03:56:23,179, session=2, sequence=63, operation=PrimitiveOperation{id=DefaultOperationId{id=write, type=COMMAND}, value=byte[]{length=17, hash=-1644578928}}}}
03:56:23.244 [raft-server-1-state] TRACE i.a.p.s.impl.DefaultServiceExecutor - PrimitiveService{2}{type=io.atomix.protocols.raft.RaftTest$TestPrimitiveType@2997f1, name=raft-test} - Executing DefaultCommit{index=72, session=RaftSession{RaftServiceContext{server=1, type=io.atomix.protocols.raft.RaftTest$TestPrimitiveType@2997f1, name=raft-test, id=2}, session=2, timestamp=2018-06-10 03:56:23,179}, time=2018-06-10 03:56:23,179, operation=DefaultOperationId{id=write, type=COMMAND}, value=byte[]{length=17, hash=-1644578928}}
03:56:23.245 [raft-server-1-state] TRACE i.a.protocols.raft.roles.LeaderRole - RaftServer{1}{role=LEADER} - Sending CommandResponse{status=OK, index=72, eventIndex=2, result=byte[]{length=3, hash=34969}}
03:56:23.245 [raft-client-fc80a008-639d-42fe-bb37-24bc71d605c3-2] TRACE i.a.p.r.s.impl.RaftSessionConnection - SessionClient{2}{type=io.atomix.protocols.raft.RaftTest$TestPrimitiveType@68b11545, name=raft-test} - Received CommandResponse{status=OK, index=72, eventIndex=2, result=byte[]{length=3, hash=34969}} from 1
03:56:23.245 [raft-client-fc80a008-639d-42fe-bb37-24bc71d605c3-2] TRACE i.a.p.r.s.impl.RaftSessionSequencer - SessionClient{2}{type=io.atomix.protocols.raft.RaftTest$TestPrimitiveType@68b11545, name=raft-test} - Completing response CommandResponse{status=OK, index=72, eventIndex=2, result=byte[]{length=3, hash=34969}}
03:56:23.245 [raft-client-fc80a008-639d-42fe-bb37-24bc71d605c3-3] TRACE i.a.p.r.s.impl.RaftSessionConnection - SessionClient{2}{type=io.atomix.protocols.raft.RaftTest$TestPrimitiveType@68b11545, name=raft-test} - Sending CommandRequest{session=2, sequence=64, operation=PrimitiveOperation{id=DefaultOperationId{id=write, type=COMMAND}, value=byte[]{length=17, hash=-1644578928}}} to 1
03:56:23.245 [raft-server-1] TRACE i.a.protocols.raft.roles.LeaderRole - RaftServer{1}{role=LEADER} - Received CommandRequest{session=2, sequence=64, operation=PrimitiveOperation{id=DefaultOperationId{id=write, type=COMMAND}, value=byte[]{length=17, hash=-1644578928}}}
03:56:23.245 [raft-server-1] TRACE i.a.protocols.raft.roles.LeaderRole - RaftServer{1}{role=LEADER} - Appended Indexed{index=73, entry=CommandEntry{term=1, timestamp=2018-06-10 03:56:23,245, session=2, sequence=64, operation=PrimitiveOperation{id=DefaultOperationId{id=write, type=COMMAND}, value=byte[]{length=17, hash=-1644578928}}}}
03:56:23.245 [raft-server-1] TRACE i.a.p.raft.roles.LeaderAppender - RaftServer{1} - Sending AppendRequest{term=1, leader=1, prevLogIndex=72, prevLogTerm=1, entries=1, commitIndex=72} to 3
03:56:23.245 [raft-server-3] TRACE i.a.p.raft.roles.FollowerRole - RaftServer{3}{role=FOLLOWER} - Received AppendRequest{term=1, leader=1, prevLogIndex=72, prevLogTerm=1, entries=1, commitIndex=72}
03:56:23.245 [raft-server-1] TRACE i.a.p.raft.roles.LeaderAppender - RaftServer{1} - Sending AppendRequest{term=1, leader=1, prevLogIndex=72, prevLogTerm=1, entries=1, commitIndex=72} to 2
03:56:23.246 [raft-server-2] TRACE i.a.p.raft.roles.FollowerRole - RaftServer{2}{role=FOLLOWER} - Received AppendRequest{term=1, leader=1, prevLogIndex=72, prevLogTerm=1, entries=1, commitIndex=72}
03:56:23.246 [raft-server-3] TRACE i.a.p.raft.roles.FollowerRole - RaftServer{3}{role=FOLLOWER} - Appended Indexed{index=73, entry=CommandEntry{term=1, timestamp=2018-06-10 03:56:23,245, session=2, sequence=64, operation=PrimitiveOperation{id=DefaultOperationId{id=write, type=COMMAND}, value=byte[]{length=17, hash=-1644578928}}}}
03:56:23.246 [raft-server-2] TRACE i.a.p.raft.roles.FollowerRole - RaftServer{2}{role=FOLLOWER} - Appended Indexed{index=73, entry=CommandEntry{term=1, timestamp=2018-06-10 03:56:23,245, session=2, sequence=64, operation=PrimitiveOperation{id=DefaultOperationId{id=write, type=COMMAND}, value=byte[]{length=17, hash=-1644578928}}}}
03:56:23.277 [raft-server-2] TRACE i.a.p.raft.roles.FollowerRole - RaftServer{2}{role=FOLLOWER} - Committed entries up to index 72
03:56:23.277 [raft-server-3] TRACE i.a.p.raft.roles.FollowerRole - RaftServer{3}{role=FOLLOWER} - Committed entries up to index 72
03:56:23.277 [raft-server-2] TRACE i.a.p.raft.roles.FollowerRole - RaftServer{2}{role=FOLLOWER} - Sending AppendResponse{status=OK, term=1, succeeded=true, lastLogIndex=73}
03:56:23.277 [raft-server-3] TRACE i.a.p.raft.roles.FollowerRole - RaftServer{3}{role=FOLLOWER} - Sending AppendResponse{status=OK, term=1, succeeded=true, lastLogIndex=73}
03:56:23.278 [raft-server-1] TRACE i.a.p.raft.roles.LeaderAppender - RaftServer{1} - Received AppendResponse{status=OK, term=1, succeeded=true, lastLogIndex=73} from 2
03:56:23.278 [raft-server-1] TRACE i.a.p.raft.roles.LeaderAppender - RaftServer{1} - Committed entries up to 73
03:56:23.278 [raft-server-2-state] TRACE i.a.p.raft.impl.RaftServiceManager - RaftServer{2} - Applying Indexed{index=72, entry=CommandEntry{term=1, timestamp=2018-06-10 03:56:23,179, session=2, sequence=63, operation=PrimitiveOperation{id=DefaultOperationId{id=write, type=COMMAND}, value=byte[]{length=17, hash=-1644578928}}}}
03:56:23.278 [raft-server-3-state] TRACE i.a.p.raft.impl.RaftServiceManager - RaftServer{3} - Applying Indexed{index=72, entry=CommandEntry{term=1, timestamp=2018-06-10 03:56:23,179, session=2, sequence=63, operation=PrimitiveOperation{id=DefaultOperationId{id=write, type=COMMAND}, value=byte[]{length=17, hash=-1644578928}}}}
03:56:23.278 [raft-server-2-state] TRACE i.a.p.s.impl.DefaultServiceExecutor - PrimitiveService{2}{type=io.atomix.protocols.raft.RaftTest$TestPrimitiveType@51dfd39e, name=raft-test} - Executing DefaultCommit{index=72, session=RaftSession{RaftServiceContext{server=2, type=io.atomix.protocols.raft.RaftTest$TestPrimitiveType@51dfd39e, name=raft-test, id=2}, session=2, timestamp=2018-06-10 03:56:23,179}, time=2018-06-10 03:56:23,179, operation=DefaultOperationId{id=write, type=COMMAND}, value=byte[]{length=17, hash=-1644578928}}
03:56:23.278 [raft-server-3-state] TRACE i.a.p.s.impl.DefaultServiceExecutor - PrimitiveService{2}{type=io.atomix.protocols.raft.RaftTest$TestPrimitiveType@416fde07, name=raft-test} - Executing DefaultCommit{index=72, session=RaftSession{RaftServiceContext{server=3, type=io.atomix.protocols.raft.RaftTest$TestPrimitiveType@416fde07, name=raft-test, id=2}, session=2, timestamp=2018-06-10 03:56:23,179}, time=2018-06-10 03:56:23,179, operation=DefaultOperationId{id=write, type=COMMAND}, value=byte[]{length=17, hash=-1644578928}}
03:56:23.317 [raft-server-1] TRACE i.a.p.raft.roles.LeaderAppender - RaftServer{1} - Received AppendResponse{status=OK, term=1, succeeded=true, lastLogIndex=73} from 3
03:56:23.317 [raft-server-1-state] TRACE i.a.p.raft.impl.RaftServiceManager - RaftServer{1} - Applying Indexed{index=73, entry=CommandEntry{term=1, timestamp=2018-06-10 03:56:23,245, session=2, sequence=64, operation=PrimitiveOperation{id=DefaultOperationId{id=write, type=COMMAND}, value=byte[]{length=17, hash=-1644578928}}}}
03:56:23.318 [raft-server-1-state] TRACE i.a.p.s.impl.DefaultServiceExecutor - PrimitiveService{2}{type=io.atomix.protocols.raft.RaftTest$TestPrimitiveType@2997f1, name=raft-test} - Executing DefaultCommit{index=73, session=RaftSession{RaftServiceContext{server=1, type=io.atomix.protocols.raft.RaftTest$TestPrimitiveType@2997f1, name=raft-test, id=2}, session=2, timestamp=2018-06-10 03:56:23,245}, time=2018-06-10 03:56:23,245, operation=DefaultOperationId{id=write, type=COMMAND}, value=byte[]{length=17, hash=-1644578928}}
03:56:23.318 [raft-server-1-state] TRACE i.a.protocols.raft.roles.LeaderRole - RaftServer{1}{role=LEADER} - Sending CommandResponse{status=OK, index=73, eventIndex=2, result=byte[]{length=3, hash=35031}}
03:56:23.318 [raft-client-fc80a008-639d-42fe-bb37-24bc71d605c3-7] TRACE i.a.p.r.s.impl.RaftSessionConnection - SessionClient{2}{type=io.atomix.protocols.raft.RaftTest$TestPrimitiveType@68b11545, name=raft-test} - Received CommandResponse{status=OK, index=73, eventIndex=2, result=byte[]{length=3, hash=35031}} from 1
03:56:23.318 [raft-client-fc80a008-639d-42fe-bb37-24bc71d605c3-7] TRACE i.a.p.r.s.impl.RaftSessionSequencer - SessionClient{2}{type=io.atomix.protocols.raft.RaftTest$TestPrimitiveType@68b11545, name=raft-test} - Completing response CommandResponse{status=OK, index=73, eventIndex=2, result=byte[]{length=3, hash=35031}}
03:56:23.318 [raft-client-fc80a008-639d-42fe-bb37-24bc71d605c3-5] TRACE i.a.p.r.s.impl.RaftSessionConnection - SessionClient{2}{type=io.atomix.protocols.raft.RaftTest$TestPrimitiveType@68b11545, name=raft-test} - Sending CommandRequest{session=2, sequence=65, operation=PrimitiveOperation{id=DefaultOperationId{id=write, type=COMMAND}, value=byte[]{length=17, hash=-1644578928}}} to 1
03:56:23.318 [raft-server-1] TRACE i.a.protocols.raft.roles.LeaderRole - RaftServer{1}{role=LEADER} - Received CommandRequest{session=2, sequence=65, operation=PrimitiveOperation{id=DefaultOperationId{id=write, type=COMMAND}, value=byte[]{length=17, hash=-1644578928}}}
03:56:23.318 [raft-server-1] TRACE i.a.protocols.raft.roles.LeaderRole - RaftServer{1}{role=LEADER} - Appended Indexed{index=74, entry=CommandEntry{term=1, timestamp=2018-06-10 03:56:23,318, session=2, sequence=65, operation=PrimitiveOperation{id=DefaultOperationId{id=write, type=COMMAND}, value=byte[]{length=17, hash=-1644578928}}}}
03:56:23.318 [raft-server-1] TRACE i.a.p.raft.roles.LeaderAppender - RaftServer{1} - Sending AppendRequest{term=1, leader=1, prevLogIndex=73, prevLogTerm=1, entries=1, commitIndex=73} to 3
03:56:23.318 [raft-server-1] TRACE i.a.p.raft.roles.LeaderAppender - RaftServer{1} - Sending AppendRequest{term=1, leader=1, prevLogIndex=73, prevLogTerm=1, entries=1, commitIndex=73} to 2
03:56:23.319 [raft-server-2] TRACE i.a.p.raft.roles.FollowerRole - RaftServer{2}{role=FOLLOWER} - Received AppendRequest{term=1, leader=1, prevLogIndex=73, prevLogTerm=1, entries=1, commitIndex=73}
03:56:23.319 [raft-server-3] TRACE i.a.p.raft.roles.FollowerRole - RaftServer{3}{role=FOLLOWER} - Received AppendRequest{term=1, leader=1, prevLogIndex=73, prevLogTerm=1, entries=1, commitIndex=73}
03:56:23.319 [raft-server-3] TRACE i.a.p.raft.roles.FollowerRole - RaftServer{3}{role=FOLLOWER} - Appended Indexed{index=74, entry=CommandEntry{term=1, timestamp=2018-06-10 03:56:23,318, session=2, sequence=65, operation=PrimitiveOperation{id=DefaultOperationId{id=write, type=COMMAND}, value=byte[]{length=17, hash=-1644578928}}}}
03:56:23.319 [raft-server-2] TRACE i.a.p.raft.roles.FollowerRole - RaftServer{2}{role=FOLLOWER} - Appended Indexed{index=74, entry=CommandEntry{term=1, timestamp=2018-06-10 03:56:23,318, session=2, sequence=65, operation=PrimitiveOperation{id=DefaultOperationId{id=write, type=COMMAND}, value=byte[]{length=17, hash=-1644578928}}}}
03:56:23.359 [raft-server-2] TRACE i.a.p.raft.roles.FollowerRole - RaftServer{2}{role=FOLLOWER} - Committed entries up to index 73
03:56:23.359 [raft-server-3] TRACE i.a.p.raft.roles.FollowerRole - RaftServer{3}{role=FOLLOWER} - Committed entries up to index 73
03:56:23.359 [raft-server-2] TRACE i.a.p.raft.roles.FollowerRole - RaftServer{2}{role=FOLLOWER} - Sending AppendResponse{status=OK, term=1, succeeded=true, lastLogIndex=74}
03:56:23.359 [raft-server-3] TRACE i.a.p.raft.roles.FollowerRole - RaftServer{3}{role=FOLLOWER} - Sending AppendResponse{status=OK, term=1, succeeded=true, lastLogIndex=74}
03:56:23.359 [raft-server-1] TRACE i.a.p.raft.roles.LeaderAppender - RaftServer{1} - Received AppendResponse{status=OK, term=1, succeeded=true, lastLogIndex=74} from 2
03:56:23.359 [raft-server-1] TRACE i.a.p.raft.roles.LeaderAppender - RaftServer{1} - Committed entries up to 74
03:56:23.359 [raft-server-3-state] TRACE i.a.p.raft.impl.RaftServiceManager - RaftServer{3} - Applying Indexed{index=73, entry=CommandEntry{term=1, timestamp=2018-06-10 03:56:23,245, session=2, sequence=64, operation=PrimitiveOperation{id=DefaultOperationId{id=write, type=COMMAND}, value=byte[]{length=17, hash=-1644578928}}}}
03:56:23.359 [raft-server-2-state] TRACE i.a.p.raft.impl.RaftServiceManager - RaftServer{2} - Applying Indexed{index=73, entry=CommandEntry{term=1, timestamp=2018-06-10 03:56:23,245, session=2, sequence=64, operation=PrimitiveOperation{id=DefaultOperationId{id=write, type=COMMAND}, value=byte[]{length=17, hash=-1644578928}}}}
03:56:23.359 [raft-server-3-state] TRACE i.a.p.s.impl.DefaultServiceExecutor - PrimitiveService{2}{type=io.atomix.protocols.raft.RaftTest$TestPrimitiveType@416fde07, name=raft-test} - Executing DefaultCommit{index=73, session=RaftSession{RaftServiceContext{server=3, type=io.atomix.protocols.raft.RaftTest$TestPrimitiveType@416fde07, name=raft-test, id=2}, session=2, timestamp=2018-06-10 03:56:23,245}, time=2018-06-10 03:56:23,245, operation=DefaultOperationId{id=write, type=COMMAND}, value=byte[]{length=17, hash=-1644578928}}
03:56:23.359 [raft-server-2-state] TRACE i.a.p.s.impl.DefaultServiceExecutor - PrimitiveService{2}{type=io.atomix.protocols.raft.RaftTest$TestPrimitiveType@51dfd39e, name=raft-test} - Executing DefaultCommit{index=73, session=RaftSession{RaftServiceContext{server=2, type=io.atomix.protocols.raft.RaftTest$TestPrimitiveType@51dfd39e, name=raft-test, id=2}, session=2, timestamp=2018-06-10 03:56:23,245}, time=2018-06-10 03:56:23,245, operation=DefaultOperationId{id=write, type=COMMAND}, value=byte[]{length=17, hash=-1644578928}}
03:56:23.394 [raft-server-1] TRACE i.a.p.raft.roles.LeaderAppender - RaftServer{1} - Received AppendResponse{status=OK, term=1, succeeded=true, lastLogIndex=74} from 3
03:56:23.394 [raft-server-1-state] TRACE i.a.p.raft.impl.RaftServiceManager - RaftServer{1} - Applying Indexed{index=74, entry=CommandEntry{term=1, timestamp=2018-06-10 03:56:23,318, session=2, sequence=65, operation=PrimitiveOperation{id=DefaultOperationId{id=write, type=COMMAND}, value=byte[]{length=17, hash=-1644578928}}}}
03:56:23.394 [raft-server-1-state] TRACE i.a.p.s.impl.DefaultServiceExecutor - PrimitiveService{2}{type=io.atomix.protocols.raft.RaftTest$TestPrimitiveType@2997f1, name=raft-test} - Executing DefaultCommit{index=74, session=RaftSession{RaftServiceContext{server=1, type=io.atomix.protocols.raft.RaftTest$TestPrimitiveType@2997f1, name=raft-test, id=2}, session=2, timestamp=2018-06-10 03:56:23,318}, time=2018-06-10 03:56:23,318, operation=DefaultOperationId{id=write, type=COMMAND}, value=byte[]{length=17, hash=-1644578928}}
03:56:23.395 [raft-server-1-state] TRACE i.a.protocols.raft.roles.LeaderRole - RaftServer{1}{role=LEADER} - Sending CommandResponse{status=OK, index=74, eventIndex=2, result=byte[]{length=3, hash=35093}}
03:56:23.395 [raft-client-fc80a008-639d-42fe-bb37-24bc71d605c3-4] TRACE i.a.p.r.s.impl.RaftSessionConnection - SessionClient{2}{type=io.atomix.protocols.raft.RaftTest$TestPrimitiveType@68b11545, name=raft-test} - Received CommandResponse{status=OK, index=74, eventIndex=2, result=byte[]{length=3, hash=35093}} from 1
03:56:23.395 [raft-client-fc80a008-639d-42fe-bb37-24bc71d605c3-4] TRACE i.a.p.r.s.impl.RaftSessionSequencer - SessionClient{2}{type=io.atomix.protocols.raft.RaftTest$TestPrimitiveType@68b11545, name=raft-test} - Completing response CommandResponse{status=OK, index=74, eventIndex=2, result=byte[]{length=3, hash=35093}}
03:56:23.395 [raft-client-fc80a008-639d-42fe-bb37-24bc71d605c3-4] TRACE i.a.p.r.s.impl.RaftSessionConnection - SessionClient{2}{type=io.atomix.protocols.raft.RaftTest$TestPrimitiveType@68b11545, name=raft-test} - Sending CommandRequest{session=2, sequence=66, operation=PrimitiveOperation{id=DefaultOperationId{id=write, type=COMMAND}, value=byte[]{length=17, hash=-1644578928}}} to 1
03:56:23.395 [raft-server-1] TRACE i.a.protocols.raft.roles.LeaderRole - RaftServer{1}{role=LEADER} - Received CommandRequest{session=2, sequence=66, operation=PrimitiveOperation{id=DefaultOperationId{id=write, type=COMMAND}, value=byte[]{length=17, hash=-1644578928}}}
03:56:23.395 [raft-server-1] TRACE i.a.protocols.raft.roles.LeaderRole - RaftServer{1}{role=LEADER} - Appended Indexed{index=75, entry=CommandEntry{term=1, timestamp=2018-06-10 03:56:23,395, session=2, sequence=66, operation=PrimitiveOperation{id=DefaultOperationId{id=write, type=COMMAND}, value=byte[]{length=17, hash=-1644578928}}}}
03:56:23.395 [raft-server-1] TRACE i.a.p.raft.roles.LeaderAppender - RaftServer{1} - Sending AppendRequest{term=1, leader=1, prevLogIndex=74, prevLogTerm=1, entries=1, commitIndex=74} to 3
03:56:23.395 [raft-server-3] TRACE i.a.p.raft.roles.FollowerRole - RaftServer{3}{role=FOLLOWER} - Received AppendRequest{term=1, leader=1, prevLogIndex=74, prevLogTerm=1, entries=1, commitIndex=74}
03:56:23.395 [raft-server-1] TRACE i.a.p.raft.roles.LeaderAppender - RaftServer{1} - Sending AppendRequest{term=1, leader=1, prevLogIndex=74, prevLogTerm=1, entries=1, commitIndex=74} to 2
03:56:23.395 [raft-server-2] TRACE i.a.p.raft.roles.FollowerRole - RaftServer{2}{role=FOLLOWER} - Received AppendRequest{term=1, leader=1, prevLogIndex=74, prevLogTerm=1, entries=1, commitIndex=74}
03:56:23.395 [raft-server-3] TRACE i.a.p.raft.roles.FollowerRole - RaftServer{3}{role=FOLLOWER} - Appended Indexed{index=75, entry=CommandEntry{term=1, timestamp=2018-06-10 03:56:23,395, session=2, sequence=66, operation=PrimitiveOperation{id=DefaultOperationId{id=write, type=COMMAND}, value=byte[]{length=17, hash=-1644578928}}}}
03:56:23.395 [raft-server-2] TRACE i.a.p.raft.roles.FollowerRole - RaftServer{2}{role=FOLLOWER} - Appended Indexed{index=75, entry=CommandEntry{term=1, timestamp=2018-06-10 03:56:23,395, session=2, sequence=66, operation=PrimitiveOperation{id=DefaultOperationId{id=write, type=COMMAND}, value=byte[]{length=17, hash=-1644578928}}}}
03:56:23.461 [raft-server-2] TRACE i.a.p.raft.roles.FollowerRole - RaftServer{2}{role=FOLLOWER} - Committed entries up to index 74
03:56:23.461 [raft-server-3] TRACE i.a.p.raft.roles.FollowerRole - RaftServer{3}{role=FOLLOWER} - Committed entries up to index 74
03:56:23.461 [raft-server-2] TRACE i.a.p.raft.roles.FollowerRole - RaftServer{2}{role=FOLLOWER} - Sending AppendResponse{status=OK, term=1, succeeded=true, lastLogIndex=75}
03:56:23.461 [raft-server-3] TRACE i.a.p.raft.roles.FollowerRole - RaftServer{3}{role=FOLLOWER} - Sending AppendResponse{status=OK, term=1, succeeded=true, lastLogIndex=75}
03:56:23.462 [raft-server-1] TRACE i.a.p.raft.roles.LeaderAppender - RaftServer{1} - Received AppendResponse{status=OK, term=1, succeeded=true, lastLogIndex=75} from 2
03:56:23.462 [raft-server-1] TRACE i.a.p.raft.roles.LeaderAppender - RaftServer{1} - Committed entries up to 75
03:56:23.462 [raft-server-2-state] TRACE i.a.p.raft.impl.RaftServiceManager - RaftServer{2} - Applying Indexed{index=74, entry=CommandEntry{term=1, timestamp=2018-06-10 03:56:23,318, session=2, sequence=65, operation=PrimitiveOperation{id=DefaultOperationId{id=write, type=COMMAND}, value=byte[]{length=17, hash=-1644578928}}}}
03:56:23.462 [raft-server-2-state] TRACE i.a.p.s.impl.DefaultServiceExecutor - PrimitiveService{2}{type=io.atomix.protocols.raft.RaftTest$TestPrimitiveType@51dfd39e, name=raft-test} - Executing DefaultCommit{index=74, session=RaftSession{RaftServiceContext{server=2, type=io.atomix.protocols.raft.RaftTest$TestPrimitiveType@51dfd39e, name=raft-test, id=2}, session=2, timestamp=2018-06-10 03:56:23,318}, time=2018-06-10 03:56:23,318, operation=DefaultOperationId{id=write, type=COMMAND}, value=byte[]{length=17, hash=-1644578928}}
03:56:23.462 [raft-server-3-state] TRACE i.a.p.raft.impl.RaftServiceManager - RaftServer{3} - Applying Indexed{index=74, entry=CommandEntry{term=1, timestamp=2018-06-10 03:56:23,318, session=2, sequence=65, operation=PrimitiveOperation{id=DefaultOperationId{id=write, type=COMMAND}, value=byte[]{length=17, hash=-1644578928}}}}
03:56:23.462 [raft-server-3-state] TRACE i.a.p.s.impl.DefaultServiceExecutor - PrimitiveService{2}{type=io.atomix.protocols.raft.RaftTest$TestPrimitiveType@416fde07, name=raft-test} - Executing DefaultCommit{index=74, session=RaftSession{RaftServiceContext{server=3, type=io.atomix.protocols.raft.RaftTest$TestPrimitiveType@416fde07, name=raft-test, id=2}, session=2, timestamp=2018-06-10 03:56:23,318}, time=2018-06-10 03:56:23,318, operation=DefaultOperationId{id=write, type=COMMAND}, value=byte[]{length=17, hash=-1644578928}}
03:56:23.509 [raft-server-1] TRACE i.a.p.raft.roles.LeaderAppender - RaftServer{1} - Sending AppendRequest{term=1, leader=1, prevLogIndex=75, prevLogTerm=1, entries=0, commitIndex=75} to 2
03:56:23.509 [raft-server-2] TRACE i.a.p.raft.roles.FollowerRole - RaftServer{2}{role=FOLLOWER} - Received AppendRequest{term=1, leader=1, prevLogIndex=75, prevLogTerm=1, entries=0, commitIndex=75}
03:56:23.509 [raft-server-1] TRACE i.a.p.raft.roles.LeaderAppender - RaftServer{1} - Received AppendResponse{status=OK, term=1, succeeded=true, lastLogIndex=75} from 3
03:56:23.509 [raft-server-1] TRACE i.a.p.raft.roles.LeaderAppender - RaftServer{1} - Sending AppendRequest{term=1, leader=1, prevLogIndex=75, prevLogTerm=1, entries=0, commitIndex=75} to 3
03:56:23.509 [raft-server-3] TRACE i.a.p.raft.roles.FollowerRole - RaftServer{3}{role=FOLLOWER} - Received AppendRequest{term=1, leader=1, prevLogIndex=75, prevLogTerm=1, entries=0, commitIndex=75}
03:56:23.510 [raft-server-1-state] TRACE i.a.p.raft.impl.RaftServiceManager - RaftServer{1} - Applying Indexed{index=75, entry=CommandEntry{term=1, timestamp=2018-06-10 03:56:23,395, session=2, sequence=66, operation=PrimitiveOperation{id=DefaultOperationId{id=write, type=COMMAND}, value=byte[]{length=17, hash=-1644578928}}}}
03:56:23.510 [raft-server-1-state] TRACE i.a.p.s.impl.DefaultServiceExecutor - PrimitiveService{2}{type=io.atomix.protocols.raft.RaftTest$TestPrimitiveType@2997f1, name=raft-test} - Executing DefaultCommit{index=75, session=RaftSession{RaftServiceContext{server=1, type=io.atomix.protocols.raft.RaftTest$TestPrimitiveType@2997f1, name=raft-test, id=2}, session=2, timestamp=2018-06-10 03:56:23,395}, time=2018-06-10 03:56:23,395, operation=DefaultOperationId{id=write, type=COMMAND}, value=byte[]{length=17, hash=-1644578928}}
03:56:23.510 [raft-server-1] TRACE i.a.protocols.raft.roles.LeaderRole - RaftServer{1}{role=LEADER} - Sending CommandResponse{status=OK, index=75, eventIndex=2, result=byte[]{length=3, hash=35155}}
03:56:23.510 [raft-client-fc80a008-639d-42fe-bb37-24bc71d605c3-2] TRACE i.a.p.r.s.impl.RaftSessionConnection - SessionClient{2}{type=io.atomix.protocols.raft.RaftTest$TestPrimitiveType@68b11545, name=raft-test} - Received CommandResponse{status=OK, index=75, eventIndex=2, result=byte[]{length=3, hash=35155}} from 1
03:56:23.511 [raft-client-fc80a008-639d-42fe-bb37-24bc71d605c3-2] TRACE i.a.p.r.s.impl.RaftSessionSequencer - SessionClient{2}{type=io.atomix.protocols.raft.RaftTest$TestPrimitiveType@68b11545, name=raft-test} - Completing response CommandResponse{status=OK, index=75, eventIndex=2, result=byte[]{length=3, hash=35155}}
03:56:23.511 [raft-client-fc80a008-639d-42fe-bb37-24bc71d605c3-2] TRACE i.a.p.r.s.impl.RaftSessionConnection - SessionClient{2}{type=io.atomix.protocols.raft.RaftTest$TestPrimitiveType@68b11545, name=raft-test} - Sending CommandRequest{session=2, sequence=67, operation=PrimitiveOperation{id=DefaultOperationId{id=write, type=COMMAND}, value=byte[]{length=17, hash=-1644578928}}} to 1
03:56:23.511 [raft-server-1] TRACE i.a.protocols.raft.roles.LeaderRole - RaftServer{1}{role=LEADER} - Received CommandRequest{session=2, sequence=67, operation=PrimitiveOperation{id=DefaultOperationId{id=write, type=COMMAND}, value=byte[]{length=17, hash=-1644578928}}}
03:56:23.511 [raft-server-1] TRACE i.a.protocols.raft.roles.LeaderRole - RaftServer{1}{role=LEADER} - Appended Indexed{index=76, entry=CommandEntry{term=1, timestamp=2018-06-10 03:56:23,511, session=2, sequence=67, operation=PrimitiveOperation{id=DefaultOperationId{id=write, type=COMMAND}, value=byte[]{length=17, hash=-1644578928}}}}
03:56:23.621 [raft-server-2] TRACE i.a.p.raft.roles.FollowerRole - RaftServer{2}{role=FOLLOWER} - Committed entries up to index 75
03:56:23.621 [raft-server-2] TRACE i.a.p.raft.roles.FollowerRole - RaftServer{2}{role=FOLLOWER} - Sending AppendResponse{status=OK, term=1, succeeded=true, lastLogIndex=75}
03:56:23.621 [raft-server-1] TRACE i.a.p.raft.roles.LeaderAppender - RaftServer{1} - Received AppendResponse{status=OK, term=1, succeeded=true, lastLogIndex=75} from 2
03:56:23.621 [raft-server-1] TRACE i.a.p.raft.roles.LeaderAppender - RaftServer{1} - Sending AppendRequest{term=1, leader=1, prevLogIndex=75, prevLogTerm=1, entries=1, commitIndex=75} to 2
03:56:23.621 [raft-server-2-state] TRACE i.a.p.raft.impl.RaftServiceManager - RaftServer{2} - Applying Indexed{index=75, entry=CommandEntry{term=1, timestamp=2018-06-10 03:56:23,395, session=2, sequence=66, operation=PrimitiveOperation{id=DefaultOperationId{id=write, type=COMMAND}, value=byte[]{length=17, hash=-1644578928}}}}
03:56:23.621 [raft-server-2] TRACE i.a.p.raft.roles.FollowerRole - RaftServer{2}{role=FOLLOWER} - Received AppendRequest{term=1, leader=1, prevLogIndex=75, prevLogTerm=1, entries=1, commitIndex=75}
03:56:23.621 [raft-server-2-state] TRACE i.a.p.s.impl.DefaultServiceExecutor - PrimitiveService{2}{type=io.atomix.protocols.raft.RaftTest$TestPrimitiveType@51dfd39e, name=raft-test} - Executing DefaultCommit{index=75, session=RaftSession{RaftServiceContext{server=2, type=io.atomix.protocols.raft.RaftTest$TestPrimitiveType@51dfd39e, name=raft-test, id=2}, session=2, timestamp=2018-06-10 03:56:23,395}, time=2018-06-10 03:56:23,395, operation=DefaultOperationId{id=write, type=COMMAND}, value=byte[]{length=17, hash=-1644578928}}
03:56:23.621 [raft-server-2] TRACE i.a.p.raft.roles.FollowerRole - RaftServer{2}{role=FOLLOWER} - Appended Indexed{index=76, entry=CommandEntry{term=1, timestamp=2018-06-10 03:56:23,511, session=2, sequence=67, operation=PrimitiveOperation{id=DefaultOperationId{id=write, type=COMMAND}, value=byte[]{length=17, hash=-1644578928}}}}
03:56:23.621 [raft-server-2] TRACE i.a.p.raft.roles.FollowerRole - RaftServer{2}{role=FOLLOWER} - Sending AppendResponse{status=OK, term=1, succeeded=true, lastLogIndex=76}
03:56:23.621 [raft-server-1] TRACE i.a.p.raft.roles.LeaderAppender - RaftServer{1} - Received AppendResponse{status=OK, term=1, succeeded=true, lastLogIndex=76} from 2
03:56:23.621 [raft-server-1] TRACE i.a.p.raft.roles.LeaderAppender - RaftServer{1} - Committed entries up to 76
03:56:23.677 [raft-server-3] TRACE i.a.p.raft.roles.FollowerRole - RaftServer{3}{role=FOLLOWER} - Committed entries up to index 75
03:56:23.677 [raft-server-3] TRACE i.a.p.raft.roles.FollowerRole - RaftServer{3}{role=FOLLOWER} - Sending AppendResponse{status=OK, term=1, succeeded=true, lastLogIndex=75}
03:56:23.678 [raft-server-3-state] TRACE i.a.p.raft.impl.RaftServiceManager - RaftServer{3} - Applying Indexed{index=75, entry=CommandEntry{term=1, timestamp=2018-06-10 03:56:23,395, session=2, sequence=66, operation=PrimitiveOperation{id=DefaultOperationId{id=write, type=COMMAND}, value=byte[]{length=17, hash=-1644578928}}}}
03:56:23.678 [raft-server-3-state] TRACE i.a.p.s.impl.DefaultServiceExecutor - PrimitiveService{2}{type=io.atomix.protocols.raft.RaftTest$TestPrimitiveType@416fde07, name=raft-test} - Executing DefaultCommit{index=75, session=RaftSession{RaftServiceContext{server=3, type=io.atomix.protocols.raft.RaftTest$TestPrimitiveType@416fde07, name=raft-test, id=2}, session=2, timestamp=2018-06-10 03:56:23,395}, time=2018-06-10 03:56:23,395, operation=DefaultOperationId{id=write, type=COMMAND}, value=byte[]{length=17, hash=-1644578928}}
03:56:23.702 [raft-server-1] TRACE i.a.p.raft.roles.LeaderAppender - RaftServer{1} - Received AppendResponse{status=OK, term=1, succeeded=true, lastLogIndex=75} from 3
03:56:23.702 [raft-server-1] TRACE i.a.p.raft.roles.LeaderAppender - RaftServer{1} - Sending AppendRequest{term=1, leader=1, prevLogIndex=75, prevLogTerm=1, entries=1, commitIndex=76} to 3
03:56:23.703 [raft-server-1] TRACE i.a.p.raft.roles.LeaderAppender - RaftServer{1} - Sending AppendRequest{term=1, leader=1, prevLogIndex=76, prevLogTerm=1, entries=0, commitIndex=76} to 2
03:56:23.703 [raft-server-2] TRACE i.a.p.raft.roles.FollowerRole - RaftServer{2}{role=FOLLOWER} - Received AppendRequest{term=1, leader=1, prevLogIndex=76, prevLogTerm=1, entries=0, commitIndex=76}
03:56:23.703 [raft-server-3] TRACE i.a.p.raft.roles.FollowerRole - RaftServer{3}{role=FOLLOWER} - Received AppendRequest{term=1, leader=1, prevLogIndex=75, prevLogTerm=1, entries=1, commitIndex=76}
03:56:23.703 [raft-server-1-state] TRACE i.a.p.raft.impl.RaftServiceManager - RaftServer{1} - Applying Indexed{index=76, entry=CommandEntry{term=1, timestamp=2018-06-10 03:56:23,511, session=2, sequence=67, operation=PrimitiveOperation{id=DefaultOperationId{id=write, type=COMMAND}, value=byte[]{length=17, hash=-1644578928}}}}
03:56:23.703 [raft-server-3] TRACE i.a.p.raft.roles.FollowerRole - RaftServer{3}{role=FOLLOWER} - Appended Indexed{index=76, entry=CommandEntry{term=1, timestamp=2018-06-10 03:56:23,511, session=2, sequence=67, operation=PrimitiveOperation{id=DefaultOperationId{id=write, type=COMMAND}, value=byte[]{length=17, hash=-1644578928}}}}
03:56:23.703 [raft-server-1-state] TRACE i.a.p.s.impl.DefaultServiceExecutor - PrimitiveService{2}{type=io.atomix.protocols.raft.RaftTest$TestPrimitiveType@2997f1, name=raft-test} - Executing DefaultCommit{index=76, session=RaftSession{RaftServiceContext{server=1, type=io.atomix.protocols.raft.RaftTest$TestPrimitiveType@2997f1, name=raft-test, id=2}, session=2, timestamp=2018-06-10 03:56:23,511}, time=2018-06-10 03:56:23,511, operation=DefaultOperationId{id=write, type=COMMAND}, value=byte[]{length=17, hash=-1644578928}}
03:56:23.703 [raft-server-1-state] TRACE i.a.protocols.raft.roles.LeaderRole - RaftServer{1}{role=LEADER} - Sending CommandResponse{status=OK, index=76, eventIndex=2, result=byte[]{length=3, hash=35217}}
03:56:23.703 [raft-client-fc80a008-639d-42fe-bb37-24bc71d605c3-0] TRACE i.a.p.r.s.impl.RaftSessionConnection - SessionClient{2}{type=io.atomix.protocols.raft.RaftTest$TestPrimitiveType@68b11545, name=raft-test} - Received CommandResponse{status=OK, index=76, eventIndex=2, result=byte[]{length=3, hash=35217}} from 1
03:56:23.703 [raft-client-fc80a008-639d-42fe-bb37-24bc71d605c3-0] TRACE i.a.p.r.s.impl.RaftSessionSequencer - SessionClient{2}{type=io.atomix.protocols.raft.RaftTest$TestPrimitiveType@68b11545, name=raft-test} - Completing response CommandResponse{status=OK, index=76, eventIndex=2, result=byte[]{length=3, hash=35217}}
03:56:23.703 [raft-client-fc80a008-639d-42fe-bb37-24bc71d605c3-3] TRACE i.a.p.r.s.impl.RaftSessionConnection - SessionClient{2}{type=io.atomix.protocols.raft.RaftTest$TestPrimitiveType@68b11545, name=raft-test} - Sending CommandRequest{session=2, sequence=68, operation=PrimitiveOperation{id=DefaultOperationId{id=write, type=COMMAND}, value=byte[]{length=17, hash=-1644578928}}} to 1
03:56:23.704 [raft-server-1] TRACE i.a.protocols.raft.roles.LeaderRole - RaftServer{1}{role=LEADER} - Received CommandRequest{session=2, sequence=68, operation=PrimitiveOperation{id=DefaultOperationId{id=write, type=COMMAND}, value=byte[]{length=17, hash=-1644578928}}}
03:56:23.704 [raft-server-1] TRACE i.a.protocols.raft.roles.LeaderRole - RaftServer{1}{role=LEADER} - Appended Indexed{index=77, entry=CommandEntry{term=1, timestamp=2018-06-10 03:56:23,704, session=2, sequence=68, operation=PrimitiveOperation{id=DefaultOperationId{id=write, type=COMMAND}, value=byte[]{length=17, hash=-1644578928}}}}
03:56:23.736 [raft-server-2] TRACE i.a.p.raft.roles.FollowerRole - RaftServer{2}{role=FOLLOWER} - Committed entries up to index 76
03:56:23.736 [raft-server-2] TRACE i.a.p.raft.roles.FollowerRole - RaftServer{2}{role=FOLLOWER} - Sending AppendResponse{status=OK, term=1, succeeded=true, lastLogIndex=76}
03:56:23.736 [raft-server-1] TRACE i.a.p.raft.roles.LeaderAppender - RaftServer{1} - Received AppendResponse{status=OK, term=1, succeeded=true, lastLogIndex=76} from 2
03:56:23.736 [raft-server-1] TRACE i.a.p.raft.roles.LeaderAppender - RaftServer{1} - Sending AppendRequest{term=1, leader=1, prevLogIndex=76, prevLogTerm=1, entries=1, commitIndex=76} to 2
03:56:23.736 [raft-server-2] TRACE i.a.p.raft.roles.FollowerRole - RaftServer{2}{role=FOLLOWER} - Received AppendRequest{term=1, leader=1, prevLogIndex=76, prevLogTerm=1, entries=1, commitIndex=76}
03:56:23.736 [raft-server-2-state] TRACE i.a.p.raft.impl.RaftServiceManager - RaftServer{2} - Applying Indexed{index=76, entry=CommandEntry{term=1, timestamp=2018-06-10 03:56:23,511, session=2, sequence=67, operation=PrimitiveOperation{id=DefaultOperationId{id=write, type=COMMAND}, value=byte[]{length=17, hash=-1644578928}}}}
03:56:23.736 [raft-server-2] TRACE i.a.p.raft.roles.FollowerRole - RaftServer{2}{role=FOLLOWER} - Appended Indexed{index=77, entry=CommandEntry{term=1, timestamp=2018-06-10 03:56:23,704, session=2, sequence=68, operation=PrimitiveOperation{id=DefaultOperationId{id=write, type=COMMAND}, value=byte[]{length=17, hash=-1644578928}}}}
03:56:23.736 [raft-server-2] TRACE i.a.p.raft.roles.FollowerRole - RaftServer{2}{role=FOLLOWER} - Sending AppendResponse{status=OK, term=1, succeeded=true, lastLogIndex=77}
03:56:23.736 [raft-server-1] TRACE i.a.p.raft.roles.LeaderAppender - RaftServer{1} - Received AppendResponse{status=OK, term=1, succeeded=true, lastLogIndex=77} from 2
03:56:23.736 [raft-server-2-state] TRACE i.a.p.s.impl.DefaultServiceExecutor - PrimitiveService{2}{type=io.atomix.protocols.raft.RaftTest$TestPrimitiveType@51dfd39e, name=raft-test} - Executing DefaultCommit{index=76, session=RaftSession{RaftServiceContext{server=2, type=io.atomix.protocols.raft.RaftTest$TestPrimitiveType@51dfd39e, name=raft-test, id=2}, session=2, timestamp=2018-06-10 03:56:23,511}, time=2018-06-10 03:56:23,511, operation=DefaultOperationId{id=write, type=COMMAND}, value=byte[]{length=17, hash=-1644578928}}
03:56:23.737 [raft-server-1] TRACE i.a.p.raft.roles.LeaderAppender - RaftServer{1} - Committed entries up to 77
03:56:23.771 [raft-server-3] TRACE i.a.p.raft.roles.FollowerRole - RaftServer{3}{role=FOLLOWER} - Committed entries up to index 76
03:56:23.771 [raft-server-3] TRACE i.a.p.raft.roles.FollowerRole - RaftServer{3}{role=FOLLOWER} - Sending AppendResponse{status=OK, term=1, succeeded=true, lastLogIndex=76}
03:56:23.771 [raft-server-3-state] TRACE i.a.p.raft.impl.RaftServiceManager - RaftServer{3} - Applying Indexed{index=76, entry=CommandEntry{term=1, timestamp=2018-06-10 03:56:23,511, session=2, sequence=67, operation=PrimitiveOperation{id=DefaultOperationId{id=write, type=COMMAND}, value=byte[]{length=17, hash=-1644578928}}}}
03:56:23.771 [raft-server-3-state] TRACE i.a.p.s.impl.DefaultServiceExecutor - PrimitiveService{2}{type=io.atomix.protocols.raft.RaftTest$TestPrimitiveType@416fde07, name=raft-test} - Executing DefaultCommit{index=76, session=RaftSession{RaftServiceContext{server=3, type=io.atomix.protocols.raft.RaftTest$TestPrimitiveType@416fde07, name=raft-test, id=2}, session=2, timestamp=2018-06-10 03:56:23,511}, time=2018-06-10 03:56:23,511, operation=DefaultOperationId{id=write, type=COMMAND}, value=byte[]{length=17, hash=-1644578928}}
03:56:23.801 [raft-server-1] TRACE i.a.p.raft.roles.LeaderAppender - RaftServer{1} - Received AppendResponse{status=OK, term=1, succeeded=true, lastLogIndex=76} from 3
03:56:23.801 [raft-server-1] TRACE i.a.p.raft.roles.LeaderAppender - RaftServer{1} - Sending AppendRequest{term=1, leader=1, prevLogIndex=76, prevLogTerm=1, entries=1, commitIndex=77} to 3
03:56:23.801 [raft-server-3] TRACE i.a.p.raft.roles.FollowerRole - RaftServer{3}{role=FOLLOWER} - Received AppendRequest{term=1, leader=1, prevLogIndex=76, prevLogTerm=1, entries=1, commitIndex=77}
03:56:23.801 [raft-server-3] TRACE i.a.p.raft.roles.FollowerRole - RaftServer{3}{role=FOLLOWER} - Appended Indexed{index=77, entry=CommandEntry{term=1, timestamp=2018-06-10 03:56:23,704, session=2, sequence=68, operation=PrimitiveOperation{id=DefaultOperationId{id=write, type=COMMAND}, value=byte[]{length=17, hash=-1644578928}}}}
03:56:23.801 [raft-server-1-state] TRACE i.a.p.raft.impl.RaftServiceManager - RaftServer{1} - Applying Indexed{index=77, entry=CommandEntry{term=1, timestamp=2018-06-10 03:56:23,704, session=2, sequence=68, operation=PrimitiveOperation{id=DefaultOperationId{id=write, type=COMMAND}, value=byte[]{length=17, hash=-1644578928}}}}
03:56:23.801 [raft-server-1-state] TRACE i.a.p.s.impl.DefaultServiceExecutor - PrimitiveService{2}{type=io.atomix.protocols.raft.RaftTest$TestPrimitiveType@2997f1, name=raft-test} - Executing DefaultCommit{index=77, session=RaftSession{RaftServiceContext{server=1, type=io.atomix.protocols.raft.RaftTest$TestPrimitiveType@2997f1, name=raft-test, id=2}, session=2, timestamp=2018-06-10 03:56:23,704}, time=2018-06-10 03:56:23,704, operation=DefaultOperationId{id=write, type=COMMAND}, value=byte[]{length=17, hash=-1644578928}}
03:56:23.801 [raft-server-1] TRACE i.a.protocols.raft.roles.LeaderRole - RaftServer{1}{role=LEADER} - Sending CommandResponse{status=OK, index=77, eventIndex=2, result=byte[]{length=3, hash=35279}}
03:56:23.802 [raft-client-fc80a008-639d-42fe-bb37-24bc71d605c3-4] TRACE i.a.p.r.s.impl.RaftSessionConnection - SessionClient{2}{type=io.atomix.protocols.raft.RaftTest$TestPrimitiveType@68b11545, name=raft-test} - Received CommandResponse{status=OK, index=77, eventIndex=2, result=byte[]{length=3, hash=35279}} from 1
03:56:23.802 [raft-client-fc80a008-639d-42fe-bb37-24bc71d605c3-4] TRACE i.a.p.r.s.impl.RaftSessionSequencer - SessionClient{2}{type=io.atomix.protocols.raft.RaftTest$TestPrimitiveType@68b11545, name=raft-test} - Completing response CommandResponse{status=OK, index=77, eventIndex=2, result=byte[]{length=3, hash=35279}}
03:56:23.802 [raft-client-fc80a008-639d-42fe-bb37-24bc71d605c3-4] TRACE i.a.p.r.s.impl.RaftSessionConnection - SessionClient{2}{type=io.atomix.protocols.raft.RaftTest$TestPrimitiveType@68b11545, name=raft-test} - Sending CommandRequest{session=2, sequence=69, operation=PrimitiveOperation{id=DefaultOperationId{id=write, type=COMMAND}, value=byte[]{length=17, hash=-1644578928}}} to 1
03:56:23.802 [raft-server-1] TRACE i.a.protocols.raft.roles.LeaderRole - RaftServer{1}{role=LEADER} - Received CommandRequest{session=2, sequence=69, operation=PrimitiveOperation{id=DefaultOperationId{id=write, type=COMMAND}, value=byte[]{length=17, hash=-1644578928}}}
03:56:23.802 [raft-server-1] TRACE i.a.protocols.raft.roles.LeaderRole - RaftServer{1}{role=LEADER} - Appended Indexed{index=78, entry=CommandEntry{term=1, timestamp=2018-06-10 03:56:23,802, session=2, sequence=69, operation=PrimitiveOperation{id=DefaultOperationId{id=write, type=COMMAND}, value=byte[]{length=17, hash=-1644578928}}}}
03:56:23.802 [raft-server-1] TRACE i.a.p.raft.roles.LeaderAppender - RaftServer{1} - Sending AppendRequest{term=1, leader=1, prevLogIndex=77, prevLogTerm=1, entries=1, commitIndex=77} to 2
03:56:23.802 [raft-server-2] TRACE i.a.p.raft.roles.FollowerRole - RaftServer{2}{role=FOLLOWER} - Received AppendRequest{term=1, leader=1, prevLogIndex=77, prevLogTerm=1, entries=1, commitIndex=77}
03:56:23.802 [raft-server-2] TRACE i.a.p.raft.roles.FollowerRole - RaftServer{2}{role=FOLLOWER} - Appended Indexed{index=78, entry=CommandEntry{term=1, timestamp=2018-06-10 03:56:23,802, session=2, sequence=69, operation=PrimitiveOperation{id=DefaultOperationId{id=write, type=COMMAND}, value=byte[]{length=17, hash=-1644578928}}}}
03:56:23.837 [raft-server-3] TRACE i.a.p.raft.roles.FollowerRole - RaftServer{3}{role=FOLLOWER} - Committed entries up to index 77
03:56:23.837 [raft-server-3] TRACE i.a.p.raft.roles.FollowerRole - RaftServer{3}{role=FOLLOWER} - Sending AppendResponse{status=OK, term=1, succeeded=true, lastLogIndex=77}
03:56:23.838 [raft-server-3-state] TRACE i.a.p.raft.impl.RaftServiceManager - RaftServer{3} - Applying Indexed{index=77, entry=CommandEntry{term=1, timestamp=2018-06-10 03:56:23,704, session=2, sequence=68, operation=PrimitiveOperation{id=DefaultOperationId{id=write, type=COMMAND}, value=byte[]{length=17, hash=-1644578928}}}}
03:56:23.838 [raft-server-1] TRACE i.a.p.raft.roles.LeaderAppender - RaftServer{1} - Received AppendResponse{status=OK, term=1, succeeded=true, lastLogIndex=77} from 3
03:56:23.838 [raft-server-3-state] TRACE i.a.p.s.impl.DefaultServiceExecutor - PrimitiveService{2}{type=io.atomix.protocols.raft.RaftTest$TestPrimitiveType@416fde07, name=raft-test} - Executing DefaultCommit{index=77, session=RaftSession{RaftServiceContext{server=3, type=io.atomix.protocols.raft.RaftTest$TestPrimitiveType@416fde07, name=raft-test, id=2}, session=2, timestamp=2018-06-10 03:56:23,704}, time=2018-06-10 03:56:23,704, operation=DefaultOperationId{id=write, type=COMMAND}, value=byte[]{length=17, hash=-1644578928}}
03:56:23.838 [raft-server-1] TRACE i.a.p.raft.roles.LeaderAppender - RaftServer{1} - Sending AppendRequest{term=1, leader=1, prevLogIndex=77, prevLogTerm=1, entries=1, commitIndex=77} to 3
03:56:23.838 [raft-server-3] TRACE i.a.p.raft.roles.FollowerRole - RaftServer{3}{role=FOLLOWER} - Received AppendRequest{term=1, leader=1, prevLogIndex=77, prevLogTerm=1, entries=1, commitIndex=77}
03:56:23.838 [raft-server-3] TRACE i.a.p.raft.roles.FollowerRole - RaftServer{3}{role=FOLLOWER} - Appended Indexed{index=78, entry=CommandEntry{term=1, timestamp=2018-06-10 03:56:23,802, session=2, sequence=69, operation=PrimitiveOperation{id=DefaultOperationId{id=write, type=COMMAND}, value=byte[]{length=17, hash=-1644578928}}}}
03:56:23.838 [raft-server-3] TRACE i.a.p.raft.roles.FollowerRole - RaftServer{3}{role=FOLLOWER} - Sending AppendResponse{status=OK, term=1, succeeded=true, lastLogIndex=78}
03:56:23.838 [raft-server-1] TRACE i.a.p.raft.roles.LeaderAppender - RaftServer{1} - Received AppendResponse{status=OK, term=1, succeeded=true, lastLogIndex=78} from 3
03:56:23.838 [raft-server-1] TRACE i.a.p.raft.roles.LeaderAppender - RaftServer{1} - Committed entries up to 78
03:56:23.871 [raft-server-2] TRACE i.a.p.raft.roles.FollowerRole - RaftServer{2}{role=FOLLOWER} - Committed entries up to index 77
03:56:23.871 [raft-server-2] TRACE i.a.p.raft.roles.FollowerRole - RaftServer{2}{role=FOLLOWER} - Sending AppendResponse{status=OK, term=1, succeeded=true, lastLogIndex=78}
03:56:23.871 [raft-server-2-state] TRACE i.a.p.raft.impl.RaftServiceManager - RaftServer{2} - Applying Indexed{index=77, entry=CommandEntry{term=1, timestamp=2018-06-10 03:56:23,704, session=2, sequence=68, operation=PrimitiveOperation{id=DefaultOperationId{id=write, type=COMMAND}, value=byte[]{length=17, hash=-1644578928}}}}
03:56:23.871 [raft-server-2-state] TRACE i.a.p.s.impl.DefaultServiceExecutor - PrimitiveService{2}{type=io.atomix.protocols.raft.RaftTest$TestPrimitiveType@51dfd39e, name=raft-test} - Executing DefaultCommit{index=77, session=RaftSession{RaftServiceContext{server=2, type=io.atomix.protocols.raft.RaftTest$TestPrimitiveType@51dfd39e, name=raft-test, id=2}, session=2, timestamp=2018-06-10 03:56:23,704}, time=2018-06-10 03:56:23,704, operation=DefaultOperationId{id=write, type=COMMAND}, value=byte[]{length=17, hash=-1644578928}}
03:56:23.904 [raft-server-1] TRACE i.a.p.raft.roles.LeaderAppender - RaftServer{1} - Received AppendResponse{status=OK, term=1, succeeded=true, lastLogIndex=78} from 2
03:56:23.904 [raft-server-1-state] TRACE i.a.p.raft.impl.RaftServiceManager - RaftServer{1} - Applying Indexed{index=78, entry=CommandEntry{term=1, timestamp=2018-06-10 03:56:23,802, session=2, sequence=69, operation=PrimitiveOperation{id=DefaultOperationId{id=write, type=COMMAND}, value=byte[]{length=17, hash=-1644578928}}}}
03:56:23.904 [raft-server-1-state] TRACE i.a.p.s.impl.DefaultServiceExecutor - PrimitiveService{2}{type=io.atomix.protocols.raft.RaftTest$TestPrimitiveType@2997f1, name=raft-test} - Executing DefaultCommit{index=78, session=RaftSession{RaftServiceContext{server=1, type=io.atomix.protocols.raft.RaftTest$TestPrimitiveType@2997f1, name=raft-test, id=2}, session=2, timestamp=2018-06-10 03:56:23,802}, time=2018-06-10 03:56:23,802, operation=DefaultOperationId{id=write, type=COMMAND}, value=byte[]{length=17, hash=-1644578928}}
03:56:23.904 [raft-server-1-state] TRACE i.a.protocols.raft.roles.LeaderRole - RaftServer{1}{role=LEADER} - Sending CommandResponse{status=OK, index=78, eventIndex=2, result=byte[]{length=3, hash=35341}}
03:56:23.904 [raft-client-fc80a008-639d-42fe-bb37-24bc71d605c3-3] TRACE i.a.p.r.s.impl.RaftSessionConnection - SessionClient{2}{type=io.atomix.protocols.raft.RaftTest$TestPrimitiveType@68b11545, name=raft-test} - Received CommandResponse{status=OK, index=78, eventIndex=2, result=byte[]{length=3, hash=35341}} from 1
03:56:23.904 [raft-client-fc80a008-639d-42fe-bb37-24bc71d605c3-3] TRACE i.a.p.r.s.impl.RaftSessionSequencer - SessionClient{2}{type=io.atomix.protocols.raft.RaftTest$TestPrimitiveType@68b11545, name=raft-test} - Completing response CommandResponse{status=OK, index=78, eventIndex=2, result=byte[]{length=3, hash=35341}}
03:56:23.905 [raft-client-fc80a008-639d-42fe-bb37-24bc71d605c3-7] TRACE i.a.p.r.s.impl.RaftSessionConnection - SessionClient{2}{type=io.atomix.protocols.raft.RaftTest$TestPrimitiveType@68b11545, name=raft-test} - Sending CommandRequest{session=2, sequence=70, operation=PrimitiveOperation{id=DefaultOperationId{id=write, type=COMMAND}, value=byte[]{length=17, hash=-1644578928}}} to 1
03:56:23.905 [raft-server-1] TRACE i.a.protocols.raft.roles.LeaderRole - RaftServer{1}{role=LEADER} - Received CommandRequest{session=2, sequence=70, operation=PrimitiveOperation{id=DefaultOperationId{id=write, type=COMMAND}, value=byte[]{length=17, hash=-1644578928}}}
03:56:23.905 [raft-server-1] TRACE i.a.protocols.raft.roles.LeaderRole - RaftServer{1}{role=LEADER} - Appended Indexed{index=79, entry=CommandEntry{term=1, timestamp=2018-06-10 03:56:23,905, session=2, sequence=70, operation=PrimitiveOperation{id=DefaultOperationId{id=write, type=COMMAND}, value=byte[]{length=17, hash=-1644578928}}}}
03:56:23.905 [raft-server-1] TRACE i.a.p.raft.roles.LeaderAppender - RaftServer{1} - Sending AppendRequest{term=1, leader=1, prevLogIndex=78, prevLogTerm=1, entries=1, commitIndex=78} to 3
03:56:23.905 [raft-server-3] TRACE i.a.p.raft.roles.FollowerRole - RaftServer{3}{role=FOLLOWER} - Received AppendRequest{term=1, leader=1, prevLogIndex=78, prevLogTerm=1, entries=1, commitIndex=78}
03:56:23.905 [raft-server-1] TRACE i.a.p.raft.roles.LeaderAppender - RaftServer{1} - Sending AppendRequest{term=1, leader=1, prevLogIndex=78, prevLogTerm=1, entries=1, commitIndex=78} to 2
03:56:23.905 [raft-server-2] TRACE i.a.p.raft.roles.FollowerRole - RaftServer{2}{role=FOLLOWER} - Received AppendRequest{term=1, leader=1, prevLogIndex=78, prevLogTerm=1, entries=1, commitIndex=78}
03:56:23.905 [raft-server-3] TRACE i.a.p.raft.roles.FollowerRole - RaftServer{3}{role=FOLLOWER} - Appended Indexed{index=79, entry=CommandEntry{term=1, timestamp=2018-06-10 03:56:23,905, session=2, sequence=70, operation=PrimitiveOperation{id=DefaultOperationId{id=write, type=COMMAND}, value=byte[]{length=17, hash=-1644578928}}}}
03:56:23.905 [raft-server-2] TRACE i.a.p.raft.roles.FollowerRole - RaftServer{2}{role=FOLLOWER} - Appended Indexed{index=79, entry=CommandEntry{term=1, timestamp=2018-06-10 03:56:23,905, session=2, sequence=70, operation=PrimitiveOperation{id=DefaultOperationId{id=write, type=COMMAND}, value=byte[]{length=17, hash=-1644578928}}}}
03:56:23.967 [raft-server-2] TRACE i.a.p.raft.roles.FollowerRole - RaftServer{2}{role=FOLLOWER} - Committed entries up to index 78
03:56:23.967 [raft-server-3] TRACE i.a.p.raft.roles.FollowerRole - RaftServer{3}{role=FOLLOWER} - Committed entries up to index 78
03:56:23.967 [raft-server-2] TRACE i.a.p.raft.roles.FollowerRole - RaftServer{2}{role=FOLLOWER} - Sending AppendResponse{status=OK, term=1, succeeded=true, lastLogIndex=79}
03:56:23.967 [raft-server-3] TRACE i.a.p.raft.roles.FollowerRole - RaftServer{3}{role=FOLLOWER} - Sending AppendResponse{status=OK, term=1, succeeded=true, lastLogIndex=79}
03:56:23.967 [raft-server-1] TRACE i.a.p.raft.roles.LeaderAppender - RaftServer{1} - Received AppendResponse{status=OK, term=1, succeeded=true, lastLogIndex=79} from 2
03:56:23.967 [raft-server-1] TRACE i.a.p.raft.roles.LeaderAppender - RaftServer{1} - Committed entries up to 79
03:56:23.967 [raft-server-2-state] TRACE i.a.p.raft.impl.RaftServiceManager - RaftServer{2} - Applying Indexed{index=78, entry=CommandEntry{term=1, timestamp=2018-06-10 03:56:23,802, session=2, sequence=69, operation=PrimitiveOperation{id=DefaultOperationId{id=write, type=COMMAND}, value=byte[]{length=17, hash=-1644578928}}}}
03:56:23.968 [raft-server-2-state] TRACE i.a.p.s.impl.DefaultServiceExecutor - PrimitiveService{2}{type=io.atomix.protocols.raft.RaftTest$TestPrimitiveType@51dfd39e, name=raft-test} - Executing DefaultCommit{index=78, session=RaftSession{RaftServiceContext{server=2, type=io.atomix.protocols.raft.RaftTest$TestPrimitiveType@51dfd39e, name=raft-test, id=2}, session=2, timestamp=2018-06-10 03:56:23,802}, time=2018-06-10 03:56:23,802, operation=DefaultOperationId{id=write, type=COMMAND}, value=byte[]{length=17, hash=-1644578928}}
03:56:23.968 [raft-server-3-state] TRACE i.a.p.raft.impl.RaftServiceManager - RaftServer{3} - Applying Indexed{index=78, entry=CommandEntry{term=1, timestamp=2018-06-10 03:56:23,802, session=2, sequence=69, operation=PrimitiveOperation{id=DefaultOperationId{id=write, type=COMMAND}, value=byte[]{length=17, hash=-1644578928}}}}
03:56:23.968 [raft-server-3-state] TRACE i.a.p.s.impl.DefaultServiceExecutor - PrimitiveService{2}{type=io.atomix.protocols.raft.RaftTest$TestPrimitiveType@416fde07, name=raft-test} - Executing DefaultCommit{index=78, session=RaftSession{RaftServiceContext{server=3, type=io.atomix.protocols.raft.RaftTest$TestPrimitiveType@416fde07, name=raft-test, id=2}, session=2, timestamp=2018-06-10 03:56:23,802}, time=2018-06-10 03:56:23,802, operation=DefaultOperationId{id=write, type=COMMAND}, value=byte[]{length=17, hash=-1644578928}}
03:56:24.027 [raft-server-1] TRACE i.a.p.raft.roles.LeaderAppender - RaftServer{1} - Sending AppendRequest{term=1, leader=1, prevLogIndex=79, prevLogTerm=1, entries=0, commitIndex=79} to 2
03:56:24.027 [raft-server-1] TRACE i.a.p.raft.roles.LeaderAppender - RaftServer{1} - Received AppendResponse{status=OK, term=1, succeeded=true, lastLogIndex=79} from 3
03:56:24.027 [raft-server-2] TRACE i.a.p.raft.roles.FollowerRole - RaftServer{2}{role=FOLLOWER} - Received AppendRequest{term=1, leader=1, prevLogIndex=79, prevLogTerm=1, entries=0, commitIndex=79}
03:56:24.028 [raft-server-1] TRACE i.a.p.raft.roles.LeaderAppender - RaftServer{1} - Sending AppendRequest{term=1, leader=1, prevLogIndex=79, prevLogTerm=1, entries=0, commitIndex=79} to 3
03:56:24.028 [raft-server-3] TRACE i.a.p.raft.roles.FollowerRole - RaftServer{3}{role=FOLLOWER} - Received AppendRequest{term=1, leader=1, prevLogIndex=79, prevLogTerm=1, entries=0, commitIndex=79}
03:56:24.028 [raft-server-1-state] TRACE i.a.p.raft.impl.RaftServiceManager - RaftServer{1} - Applying Indexed{index=79, entry=CommandEntry{term=1, timestamp=2018-06-10 03:56:23,905, session=2, sequence=70, operation=PrimitiveOperation{id=DefaultOperationId{id=write, type=COMMAND}, value=byte[]{length=17, hash=-1644578928}}}}
03:56:24.028 [raft-server-1-state] TRACE i.a.p.s.impl.DefaultServiceExecutor - PrimitiveService{2}{type=io.atomix.protocols.raft.RaftTest$TestPrimitiveType@2997f1, name=raft-test} - Executing DefaultCommit{index=79, session=RaftSession{RaftServiceContext{server=1, type=io.atomix.protocols.raft.RaftTest$TestPrimitiveType@2997f1, name=raft-test, id=2}, session=2, timestamp=2018-06-10 03:56:23,905}, time=2018-06-10 03:56:23,905, operation=DefaultOperationId{id=write, type=COMMAND}, value=byte[]{length=17, hash=-1644578928}}
03:56:24.028 [raft-server-1-state] TRACE i.a.protocols.raft.roles.LeaderRole - RaftServer{1}{role=LEADER} - Sending CommandResponse{status=OK, index=79, eventIndex=2, result=byte[]{length=3, hash=35403}}
03:56:24.028 [raft-client-fc80a008-639d-42fe-bb37-24bc71d605c3-2] TRACE i.a.p.r.s.impl.RaftSessionConnection - SessionClient{2}{type=io.atomix.protocols.raft.RaftTest$TestPrimitiveType@68b11545, name=raft-test} - Received CommandResponse{status=OK, index=79, eventIndex=2, result=byte[]{length=3, hash=35403}} from 1
03:56:24.028 [raft-client-fc80a008-639d-42fe-bb37-24bc71d605c3-2] TRACE i.a.p.r.s.impl.RaftSessionSequencer - SessionClient{2}{type=io.atomix.protocols.raft.RaftTest$TestPrimitiveType@68b11545, name=raft-test} - Completing response CommandResponse{status=OK, index=79, eventIndex=2, result=byte[]{length=3, hash=35403}}
03:56:24.028 [raft-client-fc80a008-639d-42fe-bb37-24bc71d605c3-2] TRACE i.a.p.r.s.impl.RaftSessionConnection - SessionClient{2}{type=io.atomix.protocols.raft.RaftTest$TestPrimitiveType@68b11545, name=raft-test} - Sending CommandRequest{session=2, sequence=71, operation=PrimitiveOperation{id=DefaultOperationId{id=write, type=COMMAND}, value=byte[]{length=17, hash=-1644578928}}} to 1
03:56:24.029 [raft-server-1] TRACE i.a.protocols.raft.roles.LeaderRole - RaftServer{1}{role=LEADER} - Received CommandRequest{session=2, sequence=71, operation=PrimitiveOperation{id=DefaultOperationId{id=write, type=COMMAND}, value=byte[]{length=17, hash=-1644578928}}}
03:56:24.029 [raft-server-1] TRACE i.a.protocols.raft.roles.LeaderRole - RaftServer{1}{role=LEADER} - Appended Indexed{index=80, entry=CommandEntry{term=1, timestamp=2018-06-10 03:56:24,029, session=2, sequence=71, operation=PrimitiveOperation{id=DefaultOperationId{id=write, type=COMMAND}, value=byte[]{length=17, hash=-1644578928}}}}
03:56:24.079 [raft-server-2] TRACE i.a.p.raft.roles.FollowerRole - RaftServer{2}{role=FOLLOWER} - Committed entries up to index 79
03:56:24.079 [raft-server-2] TRACE i.a.p.raft.roles.FollowerRole - RaftServer{2}{role=FOLLOWER} - Sending AppendResponse{status=OK, term=1, succeeded=true, lastLogIndex=79}
03:56:24.080 [raft-server-1] TRACE i.a.p.raft.roles.LeaderAppender - RaftServer{1} - Received AppendResponse{status=OK, term=1, succeeded=true, lastLogIndex=79} from 2
03:56:24.080 [raft-server-1] TRACE i.a.p.raft.roles.LeaderAppender - RaftServer{1} - Sending AppendRequest{term=1, leader=1, prevLogIndex=79, prevLogTerm=1, entries=1, commitIndex=79} to 2
03:56:24.080 [raft-server-2-state] TRACE i.a.p.raft.impl.RaftServiceManager - RaftServer{2} - Applying Indexed{index=79, entry=CommandEntry{term=1, timestamp=2018-06-10 03:56:23,905, session=2, sequence=70, operation=PrimitiveOperation{id=DefaultOperationId{id=write, type=COMMAND}, value=byte[]{length=17, hash=-1644578928}}}}
03:56:24.080 [raft-server-2-state] TRACE i.a.p.s.impl.DefaultServiceExecutor - PrimitiveService{2}{type=io.atomix.protocols.raft.RaftTest$TestPrimitiveType@51dfd39e, name=raft-test} - Executing DefaultCommit{index=79, session=RaftSession{RaftServiceContext{server=2, type=io.atomix.protocols.raft.RaftTest$TestPrimitiveType@51dfd39e, name=raft-test, id=2}, session=2, timestamp=2018-06-10 03:56:23,905}, time=2018-06-10 03:56:23,905, operation=DefaultOperationId{id=write, type=COMMAND}, value=byte[]{length=17, hash=-1644578928}}
03:56:24.080 [raft-server-2] TRACE i.a.p.raft.roles.FollowerRole - RaftServer{2}{role=FOLLOWER} - Received AppendRequest{term=1, leader=1, prevLogIndex=79, prevLogTerm=1, entries=1, commitIndex=79}
03:56:24.080 [raft-server-2] TRACE i.a.p.raft.roles.FollowerRole - RaftServer{2}{role=FOLLOWER} - Appended Indexed{index=80, entry=CommandEntry{term=1, timestamp=2018-06-10 03:56:24,029, session=2, sequence=71, operation=PrimitiveOperation{id=DefaultOperationId{id=write, type=COMMAND}, value=byte[]{length=17, hash=-1644578928}}}}
03:56:24.080 [raft-server-2] TRACE i.a.p.raft.roles.FollowerRole - RaftServer{2}{role=FOLLOWER} - Sending AppendResponse{status=OK, term=1, succeeded=true, lastLogIndex=80}
03:56:24.080 [raft-server-1] TRACE i.a.p.raft.roles.LeaderAppender - RaftServer{1} - Received AppendResponse{status=OK, term=1, succeeded=true, lastLogIndex=80} from 2
03:56:24.080 [raft-server-1] TRACE i.a.p.raft.roles.LeaderAppender - RaftServer{1} - Committed entries up to 80
03:56:24.119 [raft-server-3] TRACE i.a.p.raft.roles.FollowerRole - RaftServer{3}{role=FOLLOWER} - Committed entries up to index 79
03:56:24.119 [raft-server-3] TRACE i.a.p.raft.roles.FollowerRole - RaftServer{3}{role=FOLLOWER} - Sending AppendResponse{status=OK, term=1, succeeded=true, lastLogIndex=79}
03:56:24.119 [raft-server-3-state] TRACE i.a.p.raft.impl.RaftServiceManager - RaftServer{3} - Applying Indexed{index=79, entry=CommandEntry{term=1, timestamp=2018-06-10 03:56:23,905, session=2, sequence=70, operation=PrimitiveOperation{id=DefaultOperationId{id=write, type=COMMAND}, value=byte[]{length=17, hash=-1644578928}}}}
03:56:24.119 [raft-server-3-state] TRACE i.a.p.s.impl.DefaultServiceExecutor - PrimitiveService{2}{type=io.atomix.protocols.raft.RaftTest$TestPrimitiveType@416fde07, name=raft-test} - Executing DefaultCommit{index=79, session=RaftSession{RaftServiceContext{server=3, type=io.atomix.protocols.raft.RaftTest$TestPrimitiveType@416fde07, name=raft-test, id=2}, session=2, timestamp=2018-06-10 03:56:23,905}, time=2018-06-10 03:56:23,905, operation=DefaultOperationId{id=write, type=COMMAND}, value=byte[]{length=17, hash=-1644578928}}
03:56:24.152 [raft-server-1] TRACE i.a.p.raft.roles.LeaderAppender - RaftServer{1} - Received AppendResponse{status=OK, term=1, succeeded=true, lastLogIndex=79} from 3
03:56:24.152 [raft-server-1] TRACE i.a.p.raft.roles.LeaderAppender - RaftServer{1} - Sending AppendRequest{term=1, leader=1, prevLogIndex=79, prevLogTerm=1, entries=1, commitIndex=80} to 3
03:56:24.153 [raft-server-3] TRACE i.a.p.raft.roles.FollowerRole - RaftServer{3}{role=FOLLOWER} - Received AppendRequest{term=1, leader=1, prevLogIndex=79, prevLogTerm=1, entries=1, commitIndex=80}
03:56:24.153 [raft-server-1-state] TRACE i.a.p.raft.impl.RaftServiceManager - RaftServer{1} - Applying Indexed{index=80, entry=CommandEntry{term=1, timestamp=2018-06-10 03:56:24,029, session=2, sequence=71, operation=PrimitiveOperation{id=DefaultOperationId{id=write, type=COMMAND}, value=byte[]{length=17, hash=-1644578928}}}}
03:56:24.153 [raft-server-1-state] TRACE i.a.p.s.impl.DefaultServiceExecutor - PrimitiveService{2}{type=io.atomix.protocols.raft.RaftTest$TestPrimitiveType@2997f1, name=raft-test} - Executing DefaultCommit{index=80, session=RaftSession{RaftServiceContext{server=1, type=io.atomix.protocols.raft.RaftTest$TestPrimitiveType@2997f1, name=raft-test, id=2}, session=2, timestamp=2018-06-10 03:56:24,029}, time=2018-06-10 03:56:24,029, operation=DefaultOperationId{id=write, type=COMMAND}, value=byte[]{length=17, hash=-1644578928}}
03:56:24.153 [raft-server-3] TRACE i.a.p.raft.roles.FollowerRole - RaftServer{3}{role=FOLLOWER} - Appended Indexed{index=80, entry=CommandEntry{term=1, timestamp=2018-06-10 03:56:24,029, session=2, sequence=71, operation=PrimitiveOperation{id=DefaultOperationId{id=write, type=COMMAND}, value=byte[]{length=17, hash=-1644578928}}}}
03:56:24.153 [raft-server-1-state] TRACE i.a.protocols.raft.roles.LeaderRole - RaftServer{1}{role=LEADER} - Sending CommandResponse{status=OK, index=80, eventIndex=2, result=byte[]{length=3, hash=35465}}
03:56:24.153 [raft-client-fc80a008-639d-42fe-bb37-24bc71d605c3-5] TRACE i.a.p.r.s.impl.RaftSessionConnection - SessionClient{2}{type=io.atomix.protocols.raft.RaftTest$TestPrimitiveType@68b11545, name=raft-test} - Received CommandResponse{status=OK, index=80, eventIndex=2, result=byte[]{length=3, hash=35465}} from 1
03:56:24.153 [raft-client-fc80a008-639d-42fe-bb37-24bc71d605c3-5] TRACE i.a.p.r.s.impl.RaftSessionSequencer - SessionClient{2}{type=io.atomix.protocols.raft.RaftTest$TestPrimitiveType@68b11545, name=raft-test} - Completing response CommandResponse{status=OK, index=80, eventIndex=2, result=byte[]{length=3, hash=35465}}
03:56:24.153 [raft-client-fc80a008-639d-42fe-bb37-24bc71d605c3-4] TRACE i.a.p.r.s.impl.RaftSessionConnection - SessionClient{2}{type=io.atomix.protocols.raft.RaftTest$TestPrimitiveType@68b11545, name=raft-test} - Sending CommandRequest{session=2, sequence=72, operation=PrimitiveOperation{id=DefaultOperationId{id=write, type=COMMAND}, value=byte[]{length=17, hash=-1644578928}}} to 1
03:56:24.154 [raft-server-1] TRACE i.a.protocols.raft.roles.LeaderRole - RaftServer{1}{role=LEADER} - Received CommandRequest{session=2, sequence=72, operation=PrimitiveOperation{id=DefaultOperationId{id=write, type=COMMAND}, value=byte[]{length=17, hash=-1644578928}}}
03:56:24.202 [raft-server-3] TRACE i.a.p.raft.roles.FollowerRole - RaftServer{3}{role=FOLLOWER} - Committed entries up to index 80
03:56:24.202 [raft-server-3] TRACE i.a.p.raft.roles.FollowerRole - RaftServer{3}{role=FOLLOWER} - Sending AppendResponse{status=OK, term=1, succeeded=true, lastLogIndex=80}
03:56:24.203 [raft-server-3-state] TRACE i.a.p.raft.impl.RaftServiceManager - RaftServer{3} - Applying Indexed{index=80, entry=CommandEntry{term=1, timestamp=2018-06-10 03:56:24,029, session=2, sequence=71, operation=PrimitiveOperation{id=DefaultOperationId{id=write, type=COMMAND}, value=byte[]{length=17, hash=-1644578928}}}}
03:56:24.203 [raft-server-3-state] TRACE i.a.p.s.impl.DefaultServiceExecutor - PrimitiveService{2}{type=io.atomix.protocols.raft.RaftTest$TestPrimitiveType@416fde07, name=raft-test} - Executing DefaultCommit{index=80, session=RaftSession{RaftServiceContext{server=3, type=io.atomix.protocols.raft.RaftTest$TestPrimitiveType@416fde07, name=raft-test, id=2}, session=2, timestamp=2018-06-10 03:56:24,029}, time=2018-06-10 03:56:24,029, operation=DefaultOperationId{id=write, type=COMMAND}, value=byte[]{length=17, hash=-1644578928}}
03:56:24.230 [raft-client-fc80a008-639d-42fe-bb37-24bc71d605c3-7] TRACE i.a.p.r.s.impl.RaftSessionManager - RaftClient{fc80a008-639d-42fe-bb37-24bc71d605c3} - Keeping 1 sessions alive
03:56:24.230 [raft-client-fc80a008-639d-42fe-bb37-24bc71d605c3-7] TRACE i.a.p.r.s.impl.RaftSessionConnection - RaftClient{fc80a008-639d-42fe-bb37-24bc71d605c3} - Sending KeepAliveRequest{sessionIds=long[]{length=1, hash=33}, commandSequences=long[]{length=1, hash=102}, eventIndexes=long[]{length=1, hash=33}} to 1
03:56:24.327 [raft-server-1] DEBUG i.a.storage.journal.SegmentedJournal - Created disk segment: JournalSegment{id=9, version=1, index=81, size=64}
03:56:24.328 [raft-server-1] TRACE i.a.protocols.raft.roles.LeaderRole - RaftServer{1}{role=LEADER} - Appended Indexed{index=81, entry=CommandEntry{term=1, timestamp=2018-06-10 03:56:24,154, session=2, sequence=72, operation=PrimitiveOperation{id=DefaultOperationId{id=write, type=COMMAND}, value=byte[]{length=17, hash=-1644578928}}}}
03:56:24.328 [raft-server-1] TRACE i.a.p.raft.roles.LeaderAppender - RaftServer{1} - Sending AppendRequest{term=1, leader=1, prevLogIndex=80, prevLogTerm=1, entries=1, commitIndex=80} to 3
03:56:24.328 [raft-server-3] TRACE i.a.p.raft.roles.FollowerRole - RaftServer{3}{role=FOLLOWER} - Received AppendRequest{term=1, leader=1, prevLogIndex=80, prevLogTerm=1, entries=1, commitIndex=80}
03:56:24.328 [raft-server-1] TRACE i.a.p.raft.roles.LeaderAppender - RaftServer{1} - Sending AppendRequest{term=1, leader=1, prevLogIndex=80, prevLogTerm=1, entries=1, commitIndex=80} to 2
03:56:24.328 [raft-server-2] TRACE i.a.p.raft.roles.FollowerRole - RaftServer{2}{role=FOLLOWER} - Received AppendRequest{term=1, leader=1, prevLogIndex=80, prevLogTerm=1, entries=1, commitIndex=80}
03:56:24.328 [raft-server-1] TRACE i.a.p.raft.roles.LeaderAppender - RaftServer{1} - Received AppendResponse{status=OK, term=1, succeeded=true, lastLogIndex=80} from 3
03:56:24.328 [raft-server-1] TRACE i.a.protocols.raft.roles.LeaderRole - RaftServer{1}{role=LEADER} - Received KeepAliveRequest{sessionIds=long[]{length=1, hash=33}, commandSequences=long[]{length=1, hash=102}, eventIndexes=long[]{length=1, hash=33}}
03:56:24.328 [raft-server-1] TRACE i.a.protocols.raft.roles.LeaderRole - RaftServer{1}{role=LEADER} - Appended Indexed{index=82, entry=KeepAliveEntry{term=1, timestamp=2018-06-10 03:56:24,328, sessionIds=long[]{length=1, hash=33}, commandSequences=long[]{length=1, hash=102}, eventIndexes=long[]{length=1, hash=33}}}
03:56:24.328 [raft-server-1] INFO  i.a.protocols.raft.impl.RaftContext - RaftServer{1} - Transitioning to INACTIVE
03:56:24.329 [raft-server-1] TRACE i.a.protocols.raft.roles.LeaderRole - RaftServer{1}{role=LEADER} - Cancelling append timer
03:56:24.329 [raft-server-1] TRACE i.a.p.raft.storage.system.MetaStore - Store vote null
03:56:24.403 [ForkJoinPool.commonPool-worker-3] DEBUG i.a.storage.journal.SegmentedJournal - Closing segment: JournalSegment{id=1, version=1, index=1, size=505}
03:56:24.403 [ForkJoinPool.commonPool-worker-3] DEBUG i.a.storage.journal.SegmentedJournal - Closing segment: JournalSegment{id=2, version=1, index=11, size=574}
03:56:24.403 [ForkJoinPool.commonPool-worker-3] DEBUG i.a.storage.journal.SegmentedJournal - Closing segment: JournalSegment{id=3, version=1, index=21, size=524}
03:56:24.403 [ForkJoinPool.commonPool-worker-3] DEBUG i.a.storage.journal.SegmentedJournal - Closing segment: JournalSegment{id=4, version=1, index=31, size=574}
03:56:24.403 [ForkJoinPool.commonPool-worker-3] DEBUG i.a.storage.journal.SegmentedJournal - Closing segment: JournalSegment{id=5, version=1, index=41, size=524}
03:56:24.403 [ForkJoinPool.commonPool-worker-3] DEBUG i.a.storage.journal.SegmentedJournal - Closing segment: JournalSegment{id=6, version=1, index=51, size=574}
03:56:24.403 [ForkJoinPool.commonPool-worker-3] DEBUG i.a.storage.journal.SegmentedJournal - Closing segment: JournalSegment{id=7, version=1, index=61, size=549}
03:56:24.403 [ForkJoinPool.commonPool-worker-3] DEBUG i.a.storage.journal.SegmentedJournal - Closing segment: JournalSegment{id=8, version=1, index=71, size=582}
03:56:24.403 [ForkJoinPool.commonPool-worker-3] DEBUG i.a.storage.journal.SegmentedJournal - Closing segment: JournalSegment{id=9, version=1, index=81, size=143}
03:56:24.434 [raft-server-3] DEBUG i.a.storage.journal.SegmentedJournal - Created disk segment: JournalSegment{id=9, version=1, index=81, size=64}
03:56:24.434 [raft-server-3] TRACE i.a.p.raft.roles.FollowerRole - RaftServer{3}{role=FOLLOWER} - Appended Indexed{index=81, entry=CommandEntry{term=1, timestamp=2018-06-10 03:56:24,154, session=2, sequence=72, operation=PrimitiveOperation{id=DefaultOperationId{id=write, type=COMMAND}, value=byte[]{length=17, hash=-1644578928}}}}
03:56:24.435 [raft-server-3] TRACE i.a.p.raft.roles.FollowerRole - RaftServer{3}{role=FOLLOWER} - Sending AppendResponse{status=OK, term=1, succeeded=true, lastLogIndex=81}
03:56:24.461 [raft-server-2] DEBUG i.a.storage.journal.SegmentedJournal - Created disk segment: JournalSegment{id=9, version=1, index=81, size=64}
03:56:24.461 [raft-server-2] TRACE i.a.p.raft.roles.FollowerRole - RaftServer{2}{role=FOLLOWER} - Appended Indexed{index=81, entry=CommandEntry{term=1, timestamp=2018-06-10 03:56:24,154, session=2, sequence=72, operation=PrimitiveOperation{id=DefaultOperationId{id=write, type=COMMAND}, value=byte[]{length=17, hash=-1644578928}}}}
03:56:24.494 [raft-server-2] TRACE i.a.p.raft.roles.FollowerRole - RaftServer{2}{role=FOLLOWER} - Committed entries up to index 80
03:56:24.494 [raft-server-2] TRACE i.a.p.raft.roles.FollowerRole - RaftServer{2}{role=FOLLOWER} - Sending AppendResponse{status=OK, term=1, succeeded=true, lastLogIndex=81}
03:56:24.494 [raft-server-2] INFO  i.a.protocols.raft.impl.RaftContext - RaftServer{2} - Transitioning to INACTIVE
03:56:24.494 [raft-server-2] TRACE i.a.p.raft.roles.FollowerRole - RaftServer{2}{role=FOLLOWER} - Cancelling heartbeat timer
03:56:24.494 [ForkJoinPool.commonPool-worker-3] DEBUG i.a.storage.journal.SegmentedJournal - Closing segment: JournalSegment{id=1, version=1, index=1, size=505}
03:56:24.494 [ForkJoinPool.commonPool-worker-3] DEBUG i.a.storage.journal.SegmentedJournal - Closing segment: JournalSegment{id=2, version=1, index=11, size=574}
03:56:24.495 [ForkJoinPool.commonPool-worker-3] DEBUG i.a.storage.journal.SegmentedJournal - Closing segment: JournalSegment{id=3, version=1, index=21, size=524}
03:56:24.494 [raft-server-2-state] TRACE i.a.p.raft.impl.RaftServiceManager - RaftServer{2} - Applying Indexed{index=80, entry=CommandEntry{term=1, timestamp=2018-06-10 03:56:24,029, session=2, sequence=71, operation=PrimitiveOperation{id=DefaultOperationId{id=write, type=COMMAND}, value=byte[]{length=17, hash=-1644578928}}}}
03:56:24.495 [ForkJoinPool.commonPool-worker-3] DEBUG i.a.storage.journal.SegmentedJournal - Closing segment: JournalSegment{id=4, version=1, index=31, size=574}
03:56:24.495 [ForkJoinPool.commonPool-worker-3] DEBUG i.a.storage.journal.SegmentedJournal - Closing segment: JournalSegment{id=5, version=1, index=41, size=524}
03:56:24.495 [raft-server-2-state] TRACE i.a.p.s.impl.DefaultServiceExecutor - PrimitiveService{2}{type=io.atomix.protocols.raft.RaftTest$TestPrimitiveType@51dfd39e, name=raft-test} - Executing DefaultCommit{index=80, session=RaftSession{RaftServiceContext{server=2, type=io.atomix.protocols.raft.RaftTest$TestPrimitiveType@51dfd39e, name=raft-test, id=2}, session=2, timestamp=2018-06-10 03:56:24,029}, time=2018-06-10 03:56:24,029, operation=DefaultOperationId{id=write, type=COMMAND}, value=byte[]{length=17, hash=-1644578928}}
03:56:24.495 [ForkJoinPool.commonPool-worker-3] DEBUG i.a.storage.journal.SegmentedJournal - Closing segment: JournalSegment{id=6, version=1, index=51, size=574}
03:56:24.495 [ForkJoinPool.commonPool-worker-3] DEBUG i.a.storage.journal.SegmentedJournal - Closing segment: JournalSegment{id=7, version=1, index=61, size=549}
03:56:24.495 [ForkJoinPool.commonPool-worker-3] DEBUG i.a.storage.journal.SegmentedJournal - Closing segment: JournalSegment{id=8, version=1, index=71, size=582}
03:56:24.495 [ForkJoinPool.commonPool-worker-3] DEBUG i.a.storage.journal.SegmentedJournal - Closing segment: JournalSegment{id=9, version=1, index=81, size=116}
03:56:24.495 [raft-server-3] INFO  i.a.protocols.raft.impl.RaftContext - RaftServer{3} - Transitioning to INACTIVE
03:56:24.495 [raft-server-3] TRACE i.a.p.raft.roles.FollowerRole - RaftServer{3}{role=FOLLOWER} - Cancelling heartbeat timer
03:56:24.495 [ForkJoinPool.commonPool-worker-3] DEBUG i.a.storage.journal.SegmentedJournal - Closing segment: JournalSegment{id=1, version=1, index=1, size=505}
03:56:24.495 [ForkJoinPool.commonPool-worker-3] DEBUG i.a.storage.journal.SegmentedJournal - Closing segment: JournalSegment{id=2, version=1, index=11, size=574}
03:56:24.495 [ForkJoinPool.commonPool-worker-3] DEBUG i.a.storage.journal.SegmentedJournal - Closing segment: JournalSegment{id=3, version=1, index=21, size=524}
03:56:24.495 [ForkJoinPool.commonPool-worker-3] DEBUG i.a.storage.journal.SegmentedJournal - Closing segment: JournalSegment{id=4, version=1, index=31, size=574}
03:56:24.495 [ForkJoinPool.commonPool-worker-3] DEBUG i.a.storage.journal.SegmentedJournal - Closing segment: JournalSegment{id=5, version=1, index=41, size=524}
03:56:24.496 [ForkJoinPool.commonPool-worker-3] DEBUG i.a.storage.journal.SegmentedJournal - Closing segment: JournalSegment{id=6, version=1, index=51, size=574}
03:56:24.496 [ForkJoinPool.commonPool-worker-3] DEBUG i.a.storage.journal.SegmentedJournal - Closing segment: JournalSegment{id=7, version=1, index=61, size=549}
03:56:24.496 [ForkJoinPool.commonPool-worker-3] DEBUG i.a.storage.journal.SegmentedJournal - Closing segment: JournalSegment{id=8, version=1, index=71, size=582}
03:56:24.496 [ForkJoinPool.commonPool-worker-3] DEBUG i.a.storage.journal.SegmentedJournal - Closing segment: JournalSegment{id=9, version=1, index=81, size=116}
]]></system-out>
  </testcase>
  <testcase name="testThreeNodeSubmitQueryWithSequentialConsistency" classname="io.atomix.protocols.raft.RaftTest" time="2.958"/>
  <testcase name="testFiveNodeSubmitQueryWithBoundedLinearizableConsistency" classname="io.atomix.protocols.raft.RaftTest" time="4.049"/>
  <testcase name="testTwoNodeSubmitQueryWithBoundedLinearizableConsistency" classname="io.atomix.protocols.raft.RaftTest" time="2.631"/>
  <testcase name="testThreeOfFiveNodeSubmitCommand" classname="io.atomix.protocols.raft.RaftTest" time="2.8"/>
  <testcase name="testTwoNodeSubmitQueryWithSequentialConsistency" classname="io.atomix.protocols.raft.RaftTest" time="2.497"/>
  <testcase name="testActiveJoinEvent" classname="io.atomix.protocols.raft.RaftTest" time="3.144"/>
  <testcase name="testOneNodeSubmitCommand" classname="io.atomix.protocols.raft.RaftTest" time="1.487"/>
  <testcase name="testFourNodeSubmitCommand" classname="io.atomix.protocols.raft.RaftTest" time="3.608"/>
  <testcase name="testTwoNodeSequentialEvent" classname="io.atomix.protocols.raft.RaftTest" time="2.616"/>
  <testcase name="testThreeNodeCloseEvent" classname="io.atomix.protocols.raft.RaftTest" time="3.006"/>
  <testcase name="testFourNodeSubmitQueryWithBoundedLinearizableConsistency" classname="io.atomix.protocols.raft.RaftTest" time="2.652"/>
  <testcase name="testFiveNodeSubmitQueryWithLinearizableConsistency" classname="io.atomix.protocols.raft.RaftTest" time="3.38"/>
  <testcase name="testSequenceSequentialOperations" classname="io.atomix.protocols.raft.RaftTest" time="3.176"/>
  <testcase name="testSingleMemberStart" classname="io.atomix.protocols.raft.RaftTest" time="3.789"/>
  <testcase name="testThreeNodeEvents" classname="io.atomix.protocols.raft.RaftTest" time="2.809"/>
  <testcase name="testSequenceLinearizableOperations" classname="io.atomix.protocols.raft.RaftTest" time="3.249"/>
  <testcase name="testThreeNodeSubmitQueryWithLinearizableConsistency" classname="io.atomix.protocols.raft.RaftTest" time="2.672"/>
  <testcase name="testFiveNodeManyEvents" classname="io.atomix.protocols.raft.RaftTest" time="5.943"/>
  <testcase name="testOneNodeSubmitQueryWithBoundedLinearizableConsistency" classname="io.atomix.protocols.raft.RaftTest" time="1.526"/>
  <testcase name="testFiveNodeExpireEvent" classname="io.atomix.protocols.raft.RaftTest" time="11.211"/>
  <testcase name="testFiveNodeSubmitQueryWithSequentialConsistency" classname="io.atomix.protocols.raft.RaftTest" time="3.535"/>
  <testcase name="testTransferLeadership" classname="io.atomix.protocols.raft.RaftTest" time="3.536">
    <skipped/>
  </testcase>
  <testcase name="testTwoNodeSubmitQueryWithLinearizableConsistency" classname="io.atomix.protocols.raft.RaftTest" time="2.124"/>
  <testcase name="testThreeNodeSequentialEvent" classname="io.atomix.protocols.raft.RaftTest" time="2.848"/>
  <testcase name="testTwoNodeEvents" classname="io.atomix.protocols.raft.RaftTest" time="2.672"/>
  <testcase name="testActiveJoin" classname="io.atomix.protocols.raft.RaftTest" time="3.582"/>
  <testcase name="testPassiveJoinLate" classname="io.atomix.protocols.raft.RaftTest" time="25.706"/>
  <testcase name="testPassiveJoin" classname="io.atomix.protocols.raft.RaftTest" time="4.068"/>
  <testcase name="testFiveNodesManyEventsAfterLeaderShutdown" classname="io.atomix.protocols.raft.RaftTest" time="7.451"/>
  <testcase name="testFiveNodeSubmitCommand" classname="io.atomix.protocols.raft.RaftTest" time="3.792"/>
  <testcase name="testOneNodeExpireEvent" classname="io.atomix.protocols.raft.RaftTest" time="9.411"/>
  <testcase name="testFiveNodesEventsAfterLeaderKill" classname="io.atomix.protocols.raft.RaftTest" time="8.205"/>
  <testcase name="testTwoNodeSubmitCommand" classname="io.atomix.protocols.raft.RaftTest" time="3.867"/>
  <testcase name="testThreeNodeExpireEvent" classname="io.atomix.protocols.raft.RaftTest" time="11.291"/>
  <testcase name="testResize" classname="io.atomix.protocols.raft.RaftTest" time="3.459"/>
  <testcase name="testFiveNodeCloseEvent" classname="io.atomix.protocols.raft.RaftTest" time="5.203"/>
  <testcase name="testOneNodeSubmitQueryWithLinearizableConsistency" classname="io.atomix.protocols.raft.RaftTest" time="2.026"/>
  <testcase name="testThreeNodeSubmitQueryWithBoundedLinearizableConsistency" classname="io.atomix.protocols.raft.RaftTest" time="2.508"/>
  <testcase name="testLeaderLeave" classname="io.atomix.protocols.raft.RaftTest" time="3.673"/>
  <testcase name="testFiveNodesEventsAfterFollowerKill" classname="io.atomix.protocols.raft.RaftTest" time="7.327"/>
  <testcase name="testThreeNodesEventsAfterFollowerKill" classname="io.atomix.protocols.raft.RaftTest" time="4.473"/>
  <testcase name="testFiveNodeEvents" classname="io.atomix.protocols.raft.RaftTest" time="3.726"/>
</testsuite>