<?xml version="1.0" encoding="UTF-8"?>
<testsuite name="io.atomix.protocols.raft.RaftTest" time="353.874" tests="65" errors="1" skipped="1" failures="0">
  <properties>
    <property name="java.runtime.name" value="OpenJDK Runtime Environment"/>
    <property name="sun.boot.library.path" value="/usr/lib/jvm/java-8-openjdk-amd64/jre/lib/amd64"/>
    <property name="java.vm.version" value="25.121-b13"/>
    <property name="java.vm.vendor" value="Oracle Corporation"/>
    <property name="maven.multiModuleProjectDirectory" value="/root/workspace/atomix/atomix/388098852"/>
    <property name="java.vendor.url" value="http://java.oracle.com/"/>
    <property name="path.separator" value=":"/>
    <property name="guice.disable.misplaced.annotation.check" value="true"/>
    <property name="skip.gulp" value="true"/>
    <property name="java.vm.name" value="OpenJDK 64-Bit Server VM"/>
    <property name="file.encoding.pkg" value="sun.io"/>
    <property name="sun.java.launcher" value="SUN_STANDARD"/>
    <property name="sun.os.patch.level" value="unknown"/>
    <property name="findbugs.skip" value="true"/>
    <property name="java.vm.specification.name" value="Java Virtual Machine Specification"/>
    <property name="user.dir" value="/root/workspace/atomix/atomix/388098852"/>
    <property name="checkstyle.skip" value="true"/>
    <property name="java.runtime.version" value="1.8.0_121-8u121-b13-1~bpo8+1-b13"/>
    <property name="java.awt.graphicsenv" value="sun.awt.X11GraphicsEnvironment"/>
    <property name="skip.npm" value="true"/>
    <property name="java.endorsed.dirs" value="/usr/lib/jvm/java-8-openjdk-amd64/jre/lib/endorsed"/>
    <property name="os.arch" value="amd64"/>
    <property name="java.io.tmpdir" value="/tmp"/>
    <property name="gpg.skip" value="true"/>
    <property name="line.separator" value="&#10;"/>
    <property name="java.vm.specification.vendor" value="Oracle Corporation"/>
    <property name="cobertura.skip" value="true"/>
    <property name="os.name" value="Linux"/>
    <property name="classworlds.conf" value="/usr/share/maven/bin/m2.conf"/>
    <property name="sun.jnu.encoding" value="UTF-8"/>
    <property name="java.library.path" value="/usr/java/packages/lib/amd64:/usr/lib/x86_64-linux-gnu/jni:/lib/x86_64-linux-gnu:/usr/lib/x86_64-linux-gnu:/usr/lib/jni:/lib:/usr/lib"/>
    <property name="license.skip" value="true"/>
    <property name="java.specification.name" value="Java Platform API Specification"/>
    <property name="java.class.version" value="52.0"/>
    <property name="sun.management.compiler" value="HotSpot 64-Bit Tiered Compilers"/>
    <property name="skip.bower" value="true"/>
    <property name="maven.repo.local" value="/root/./workspace/atomix/atomix/388098852/.m2"/>
    <property name="os.version" value="3.10.0-862.3.2.el7.x86_64"/>
    <property name="user.home" value="/root"/>
    <property name="user.timezone" value="Europe/Paris"/>
    <property name="java.awt.printerjob" value="sun.print.PSPrinterJob"/>
    <property name="java.specification.version" value="1.8"/>
    <property name="file.encoding" value="UTF-8"/>
    <property name="user.name" value="root"/>
    <property name="java.class.path" value="/usr/share/maven/boot/plexus-classworlds-2.5.2.jar"/>
    <property name="skipITs" value="true"/>
    <property name="java.vm.specification.version" value="1.8"/>
    <property name="sun.arch.data.model" value="64"/>
    <property name="java.home" value="/usr/lib/jvm/java-8-openjdk-amd64/jre"/>
    <property name="sun.java.command" value="org.codehaus.plexus.classworlds.launcher.Launcher -B -D enforcer.skip=true -D dependency-check.skip=true -D skipITs=true -D cobertura.skip=true -D maven.repo.local=/root/./workspace/atomix/atomix/388098852/.m2 -D rat.skip=true -D findbugs.skip=true -D skip.bower=true -D gpg.skip=true -D checkstyle.skip=true -D skip.gulp=true -D license.skip=true -D skip.npm=true test"/>
    <property name="java.specification.vendor" value="Oracle Corporation"/>
    <property name="user.language" value="en"/>
    <property name="awt.toolkit" value="sun.awt.X11.XToolkit"/>
    <property name="dependency-check.skip" value="true"/>
    <property name="java.vm.info" value="mixed mode"/>
    <property name="java.version" value="1.8.0_121"/>
    <property name="java.ext.dirs" value="/usr/lib/jvm/java-8-openjdk-amd64/jre/lib/ext:/usr/java/packages/lib/ext"/>
    <property name="securerandom.source" value="file:/dev/./urandom"/>
    <property name="sun.boot.class.path" value="/usr/lib/jvm/java-8-openjdk-amd64/jre/lib/resources.jar:/usr/lib/jvm/java-8-openjdk-amd64/jre/lib/rt.jar:/usr/lib/jvm/java-8-openjdk-amd64/jre/lib/sunrsasign.jar:/usr/lib/jvm/java-8-openjdk-amd64/jre/lib/jsse.jar:/usr/lib/jvm/java-8-openjdk-amd64/jre/lib/jce.jar:/usr/lib/jvm/java-8-openjdk-amd64/jre/lib/charsets.jar:/usr/lib/jvm/java-8-openjdk-amd64/jre/lib/jfr.jar:/usr/lib/jvm/java-8-openjdk-amd64/jre/classes"/>
    <property name="java.vendor" value="Oracle Corporation"/>
    <property name="enforcer.skip" value="true"/>
    <property name="rat.skip" value="true"/>
    <property name="maven.home" value="/usr/share/maven"/>
    <property name="file.separator" value="/"/>
    <property name="java.vendor.url.bug" value="http://bugreport.sun.com/bugreport/"/>
    <property name="sun.cpu.endian" value="little"/>
    <property name="sun.io.unicode.encoding" value="UnicodeLittle"/>
    <property name="sun.cpu.isalist" value=""/>
  </properties>
  <testcase name="testFourNodeSequentialEvent" classname="io.atomix.protocols.raft.RaftTest" time="3.727"/>
  <testcase name="testCrashRecover" classname="io.atomix.protocols.raft.RaftTest" time="40.17"/>
  <testcase name="testSequenceBoundedLinearizableOperations" classname="io.atomix.protocols.raft.RaftTest" time="3.767"/>
  <testcase name="testThreeOfFourNodeSubmitCommand" classname="io.atomix.protocols.raft.RaftTest" time="2.889"/>
  <testcase name="testFourNodeSubmitQueryWithLinearizableConsistency" classname="io.atomix.protocols.raft.RaftTest" time="3.853"/>
  <testcase name="testOneNodeEvents" classname="io.atomix.protocols.raft.RaftTest" time="1.923"/>
  <testcase name="testThreeNodesManyEventsAfterLeaderShutdown" classname="io.atomix.protocols.raft.RaftTest" time="5.737"/>
  <testcase name="testClientKeepAlive" classname="io.atomix.protocols.raft.RaftTest" time="12.456"/>
  <testcase name="testFiveNodeManySessionsManyEvents" classname="io.atomix.protocols.raft.RaftTest" time="4.192"/>
  <testcase name="testFourNodeEvents" classname="io.atomix.protocols.raft.RaftTest" time="2.818"/>
  <testcase name="testPassiveJoinEvent" classname="io.atomix.protocols.raft.RaftTest" time="2.861"/>
  <testcase name="testSessionMetadata" classname="io.atomix.protocols.raft.RaftTest" time="2.797"/>
  <testcase name="testFiveNodeSequentialEvent" classname="io.atomix.protocols.raft.RaftTest" time="7.492"/>
  <testcase name="testServerLeave" classname="io.atomix.protocols.raft.RaftTest" time="2.704"/>
  <testcase name="testOneNodeSubmitQueryWithSequentialConsistency" classname="io.atomix.protocols.raft.RaftTest" time="4.08"/>
  <testcase name="testFourNodeSubmitQueryWithSequentialConsistency" classname="io.atomix.protocols.raft.RaftTest" time="3.677"/>
  <testcase name="testBlockOnEvent" classname="io.atomix.protocols.raft.RaftTest" time="3.376"/>
  <testcase name="testDemoteLeader" classname="io.atomix.protocols.raft.RaftTest" time="6.374"/>
  <testcase name="testTwoOfThreeNodeSubmitCommand" classname="io.atomix.protocols.raft.RaftTest" time="2.136"/>
  <testcase name="testOneNodeCloseEvent" classname="io.atomix.protocols.raft.RaftTest" time="1.656"/>
  <testcase name="testOneNodeSequentialEvent" classname="io.atomix.protocols.raft.RaftTest" time="1.704"/>
  <testcase name="testThreeNodeSubmitCommand" classname="io.atomix.protocols.raft.RaftTest" time="3.593"/>
  <testcase name="testActiveJoinLate" classname="io.atomix.protocols.raft.RaftTest" time="20.555"/>
  <testcase name="testThreeNodeSubmitQueryWithSequentialConsistency" classname="io.atomix.protocols.raft.RaftTest" time="4.514"/>
  <testcase name="testFiveNodeSubmitQueryWithBoundedLinearizableConsistency" classname="io.atomix.protocols.raft.RaftTest" time="3.527"/>
  <testcase name="testTwoNodeSubmitQueryWithBoundedLinearizableConsistency" classname="io.atomix.protocols.raft.RaftTest" time="3.537"/>
  <testcase name="testThreeOfFiveNodeSubmitCommand" classname="io.atomix.protocols.raft.RaftTest" time="3.523"/>
  <testcase name="testTwoNodeSubmitQueryWithSequentialConsistency" classname="io.atomix.protocols.raft.RaftTest" time="2.322"/>
  <testcase name="testActiveJoinEvent" classname="io.atomix.protocols.raft.RaftTest" time="4.129"/>
  <testcase name="testOneNodeSubmitCommand" classname="io.atomix.protocols.raft.RaftTest" time="1.447"/>
  <testcase name="testFourNodeSubmitCommand" classname="io.atomix.protocols.raft.RaftTest" time="3.108"/>
  <testcase name="testTwoNodeSequentialEvent" classname="io.atomix.protocols.raft.RaftTest" time="2.223"/>
  <testcase name="testThreeNodeCloseEvent" classname="io.atomix.protocols.raft.RaftTest" time="3.392"/>
  <testcase name="testFourNodeSubmitQueryWithBoundedLinearizableConsistency" classname="io.atomix.protocols.raft.RaftTest" time="8.885"/>
  <testcase name="testFiveNodeSubmitQueryWithLinearizableConsistency" classname="io.atomix.protocols.raft.RaftTest" time="2.86"/>
  <testcase name="testSequenceSequentialOperations" classname="io.atomix.protocols.raft.RaftTest" time="3.824"/>
  <testcase name="testSingleMemberStart" classname="io.atomix.protocols.raft.RaftTest" time="2.764"/>
  <testcase name="testThreeNodeEvents" classname="io.atomix.protocols.raft.RaftTest" time="3.861"/>
  <testcase name="testSequenceLinearizableOperations" classname="io.atomix.protocols.raft.RaftTest" time="3.314"/>
  <testcase name="testThreeNodeSubmitQueryWithLinearizableConsistency" classname="io.atomix.protocols.raft.RaftTest" time="3.447"/>
  <testcase name="testFiveNodeManyEvents" classname="io.atomix.protocols.raft.RaftTest" time="4.714"/>
  <testcase name="testOneNodeSubmitQueryWithBoundedLinearizableConsistency" classname="io.atomix.protocols.raft.RaftTest" time="1.977"/>
  <testcase name="testFiveNodeExpireEvent" classname="io.atomix.protocols.raft.RaftTest" time="10.633"/>
  <testcase name="testFiveNodeSubmitQueryWithSequentialConsistency" classname="io.atomix.protocols.raft.RaftTest" time="2.923"/>
  <testcase name="testTransferLeadership" classname="io.atomix.protocols.raft.RaftTest" time="2.924">
    <skipped/>
  </testcase>
  <testcase name="testTwoNodeSubmitQueryWithLinearizableConsistency" classname="io.atomix.protocols.raft.RaftTest" time="32.045">
    <error message="Test timed out while waiting for an expected result" type="java.util.concurrent.TimeoutException">java.util.concurrent.TimeoutException: Test timed out while waiting for an expected result
	at net.jodah.concurrentunit.Waiter.await(Waiter.java:168)
	at net.jodah.concurrentunit.Waiter.await(Waiter.java:115)
	at net.jodah.concurrentunit.ConcurrentTestCase.await(ConcurrentTestCase.java:98)
	at io.atomix.protocols.raft.RaftTest.testSubmitQuery(RaftTest.java:635)
	at io.atomix.protocols.raft.RaftTest.testTwoNodeSubmitQueryWithLinearizableConsistency(RaftTest.java:550)
</error>
    <system-out>11:35:22.917 [main] DEBUG i.a.storage.journal.SegmentedJournal - Created disk segment: JournalSegment{id=1, version=1, index=1, size=64}
11:35:22.918 [main] TRACE i.a.p.raft.storage.system.MetaStore - Store configuration Configuration{index=0, time=2018-06-05 11:35:22,917, members=[DefaultRaftMember{id=1, type=ACTIVE, updated=2018-06-05T09:35:22.917Z}, DefaultRaftMember{id=2, type=ACTIVE, updated=2018-06-05T09:35:22.917Z}]}
11:35:22.934 [raft-server-1] INFO  i.a.protocols.raft.impl.RaftContext - RaftServer{1} - Transitioning to FOLLOWER
11:35:22.934 [raft-server-1] DEBUG i.a.p.r.c.impl.RaftClusterContext - RaftServer{1} - Attempting to join via 2
11:35:22.935 [raft-server-1] TRACE i.a.p.r.c.impl.RaftClusterContext - RaftServer{1} - Cancelling join timeout
11:35:22.935 [raft-server-1] DEBUG i.a.p.r.c.impl.RaftClusterContext - RaftServer{1} - Failed to join 2
11:35:22.935 [raft-server-1] DEBUG i.a.p.r.c.impl.RaftClusterContext - RaftServer{1} - Failed to join cluster, retrying...
11:35:23.134 [main] DEBUG i.a.storage.journal.SegmentedJournal - Created disk segment: JournalSegment{id=1, version=1, index=1, size=64}
11:35:23.134 [main] TRACE i.a.p.raft.storage.system.MetaStore - Store configuration Configuration{index=0, time=2018-06-05 11:35:23,134, members=[DefaultRaftMember{id=1, type=ACTIVE, updated=2018-06-05T09:35:23.134Z}, DefaultRaftMember{id=2, type=ACTIVE, updated=2018-06-05T09:35:23.134Z}]}
11:35:23.150 [raft-server-2] INFO  i.a.protocols.raft.impl.RaftContext - RaftServer{2} - Transitioning to FOLLOWER
11:35:23.151 [raft-server-2] DEBUG i.a.p.r.c.impl.RaftClusterContext - RaftServer{2} - Attempting to join via 1
11:35:23.151 [raft-server-1] TRACE i.a.p.raft.roles.FollowerRole - RaftServer{1}{role=FOLLOWER} - Received JoinRequest{member=DefaultRaftMember{id=2, type=ACTIVE, updated=2018-06-05T09:35:23.134Z}}
11:35:23.151 [raft-server-1] TRACE i.a.p.raft.roles.FollowerRole - RaftServer{1}{role=FOLLOWER} - Sending JoinResponse{status=ERROR, error=RaftError{type=NO_LEADER, message=null}}
11:35:23.151 [raft-server-2] TRACE i.a.p.r.c.impl.RaftClusterContext - RaftServer{2} - Cancelling join timeout
11:35:23.151 [raft-server-2] DEBUG i.a.p.r.c.impl.RaftClusterContext - RaftServer{2} - Failed to join 1
11:35:23.151 [raft-server-2] DEBUG i.a.p.r.c.impl.RaftClusterContext - RaftServer{2} - Failed to join cluster, retrying...
11:35:24.067 [raft-server-1] DEBUG i.a.p.raft.roles.FollowerRole - RaftServer{1}{role=FOLLOWER} - Heartbeat timed out in PT1.132S
11:35:24.067 [raft-server-1] DEBUG i.a.p.raft.roles.FollowerRole - RaftServer{1}{role=FOLLOWER} - Polling members [DefaultRaftMember{id=2, type=ACTIVE, updated=2018-06-05T09:35:22.917Z}]
11:35:24.067 [raft-server-1] DEBUG i.a.p.raft.roles.FollowerRole - RaftServer{1}{role=FOLLOWER} - Polling DefaultRaftMember{id=2, type=ACTIVE, updated=2018-06-05T09:35:22.917Z} for next term 1
11:35:24.067 [raft-server-2] TRACE i.a.p.raft.roles.FollowerRole - RaftServer{2}{role=FOLLOWER} - Received PollRequest{term=0, candidate=1, lastLogIndex=0, lastLogTerm=0}
11:35:24.067 [raft-server-2] DEBUG i.a.p.raft.roles.FollowerRole - RaftServer{2}{role=FOLLOWER} - Accepted PollRequest{term=0, candidate=1, lastLogIndex=0, lastLogTerm=0}: candidate's log is up-to-date
11:35:24.067 [raft-server-2] TRACE i.a.p.raft.roles.FollowerRole - RaftServer{2}{role=FOLLOWER} - Sending PollResponse{status=OK, term=0, accepted=true}
11:35:24.067 [raft-server-1] DEBUG i.a.p.raft.roles.FollowerRole - RaftServer{1}{role=FOLLOWER} - Received accepted poll from DefaultRaftMember{id=2, type=ACTIVE, updated=2018-06-05T09:35:22.917Z}
11:35:24.067 [raft-server-1] INFO  i.a.protocols.raft.impl.RaftContext - RaftServer{1} - Transitioning to CANDIDATE
11:35:24.067 [raft-server-1] TRACE i.a.p.raft.roles.FollowerRole - RaftServer{1}{role=FOLLOWER} - Cancelling heartbeat timer
11:35:24.067 [raft-server-1] INFO  i.a.p.raft.roles.CandidateRole - RaftServer{1}{role=CANDIDATE} - Starting election
11:35:24.067 [raft-server-1] TRACE i.a.p.raft.storage.system.MetaStore - Store term 1
11:35:24.091 [raft-server-1] TRACE i.a.p.raft.storage.system.MetaStore - Store vote null
11:35:24.116 [raft-server-1] DEBUG i.a.protocols.raft.impl.RaftContext - RaftServer{1} - Set term 1
11:35:24.116 [raft-server-1] TRACE i.a.p.raft.storage.system.MetaStore - Store vote 1
11:35:24.141 [raft-server-1] DEBUG i.a.protocols.raft.impl.RaftContext - RaftServer{1} - Voted for 1
11:35:24.141 [raft-server-1] DEBUG i.a.p.raft.roles.CandidateRole - RaftServer{1}{role=CANDIDATE} - Requesting votes for term 1
11:35:24.141 [raft-server-1] DEBUG i.a.p.raft.roles.CandidateRole - RaftServer{1}{role=CANDIDATE} - Requesting vote from DefaultRaftMember{id=2, type=ACTIVE, updated=2018-06-05T09:35:22.917Z} for term 1
11:35:24.141 [raft-server-2] TRACE i.a.p.raft.roles.FollowerRole - RaftServer{2}{role=FOLLOWER} - Received VoteRequest{term=1, candidate=1, lastLogIndex=0, lastLogTerm=0}
11:35:24.141 [raft-server-2] TRACE i.a.p.raft.storage.system.MetaStore - Store term 1
11:35:24.166 [raft-server-2] TRACE i.a.p.raft.storage.system.MetaStore - Store vote null
11:35:24.183 [raft-server-2] DEBUG i.a.protocols.raft.impl.RaftContext - RaftServer{2} - Set term 1
11:35:24.184 [raft-server-2] DEBUG i.a.p.raft.roles.FollowerRole - RaftServer{2}{role=FOLLOWER} - Accepted VoteRequest{term=1, candidate=1, lastLogIndex=0, lastLogTerm=0}: candidate's log is up-to-date
11:35:24.184 [raft-server-2] TRACE i.a.p.raft.storage.system.MetaStore - Store vote 1
11:35:24.208 [raft-server-2] DEBUG i.a.protocols.raft.impl.RaftContext - RaftServer{2} - Voted for 1
11:35:24.209 [raft-server-2] TRACE i.a.p.raft.roles.FollowerRole - RaftServer{2}{role=FOLLOWER} - Sending VoteResponse{status=OK, term=1, voted=true}
11:35:24.209 [raft-server-1] DEBUG i.a.p.raft.roles.CandidateRole - RaftServer{1}{role=CANDIDATE} - Received successful vote from DefaultRaftMember{id=2, type=ACTIVE, updated=2018-06-05T09:35:22.917Z}
11:35:24.209 [raft-server-1] INFO  i.a.protocols.raft.impl.RaftContext - RaftServer{1} - Transitioning to LEADER
11:35:24.209 [raft-server-1] DEBUG i.a.p.raft.roles.CandidateRole - RaftServer{1}{role=CANDIDATE} - Cancelling election
11:35:24.209 [raft-server-1] INFO  i.a.protocols.raft.impl.RaftContext - RaftServer{1} - Found leader 1
11:35:24.209 [raft-server-1] TRACE i.a.p.raft.storage.system.MetaStore - Store vote null
11:35:24.234 [raft-server-1] TRACE i.a.protocols.raft.roles.LeaderRole - RaftServer{1}{role=LEADER} - Appended Indexed{index=1, entry=InitializeEntry{term=1, timestamp=2018-06-05 11:35:24,209}}
11:35:24.234 [raft-server-1] DEBUG i.a.p.raft.roles.LeaderAppender - RaftServer{1} - Configuring 2
11:35:24.234 [raft-server-1] TRACE i.a.p.raft.roles.LeaderAppender - RaftServer{1} - Sending ConfigureRequest{term=1, leader=1, index=0, timestamp=1528191322917, members=[DefaultRaftMember{id=1, type=ACTIVE, updated=2018-06-05T09:35:22.917Z}, DefaultRaftMember{id=2, type=ACTIVE, updated=2018-06-05T09:35:22.917Z}]} to 2
11:35:24.234 [raft-server-2] TRACE i.a.p.raft.roles.FollowerRole - RaftServer{2}{role=FOLLOWER} - Received ConfigureRequest{term=1, leader=1, index=0, timestamp=1528191322917, members=[DefaultRaftMember{id=1, type=ACTIVE, updated=2018-06-05T09:35:22.917Z}, DefaultRaftMember{id=2, type=ACTIVE, updated=2018-06-05T09:35:22.917Z}]}
11:35:24.234 [raft-server-2] INFO  i.a.protocols.raft.impl.RaftContext - RaftServer{2} - Found leader 1
11:35:24.234 [raft-server-2] TRACE i.a.p.raft.storage.system.MetaStore - Store vote null
11:35:24.234 [raft-server-1] TRACE i.a.protocols.raft.roles.LeaderRole - RaftServer{1}{role=LEADER} - Starting append timer
11:35:24.235 [raft-server-1] TRACE i.a.p.raft.roles.LeaderAppender - RaftServer{1} - Sending AppendRequest{term=1, leader=1, prevLogIndex=0, prevLogTerm=0, entries=0, commitIndex=0} to 2
11:35:24.259 [raft-server-2] TRACE i.a.p.raft.roles.FollowerRole - RaftServer{2}{role=FOLLOWER} - Sending ConfigureResponse{status=OK}
11:35:24.259 [raft-server-2] TRACE i.a.p.raft.roles.FollowerRole - RaftServer{2}{role=FOLLOWER} - Received AppendRequest{term=1, leader=1, prevLogIndex=0, prevLogTerm=0, entries=0, commitIndex=0}
11:35:24.259 [raft-server-2] TRACE i.a.p.raft.roles.FollowerRole - RaftServer{2}{role=FOLLOWER} - Sending AppendResponse{status=OK, term=1, succeeded=true, lastLogIndex=0}
11:35:24.259 [raft-server-1] TRACE i.a.p.raft.roles.LeaderAppender - RaftServer{1} - Received ConfigureResponse{status=OK} from 2
11:35:24.259 [raft-server-1] TRACE i.a.p.raft.roles.LeaderAppender - RaftServer{1} - Received AppendResponse{status=OK, term=1, succeeded=true, lastLogIndex=0} from 2
11:35:24.259 [raft-server-1] TRACE i.a.p.raft.roles.LeaderAppender - RaftServer{1} - Sending AppendRequest{term=1, leader=1, prevLogIndex=0, prevLogTerm=0, entries=1, commitIndex=0} to 2
11:35:24.259 [raft-server-2] TRACE i.a.p.raft.roles.FollowerRole - RaftServer{2}{role=FOLLOWER} - Received AppendRequest{term=1, leader=1, prevLogIndex=0, prevLogTerm=0, entries=1, commitIndex=0}
11:35:24.259 [raft-server-2] DEBUG i.a.p.raft.roles.FollowerRole - RaftServer{2}{role=FOLLOWER} - Reset first index to 1
11:35:24.259 [raft-server-2] TRACE i.a.p.raft.roles.FollowerRole - RaftServer{2}{role=FOLLOWER} - Appended Indexed{index=1, entry=InitializeEntry{term=1, timestamp=2018-06-05 11:35:24,209}}
11:35:24.259 [raft-server-2] TRACE i.a.p.raft.roles.FollowerRole - RaftServer{2}{role=FOLLOWER} - Sending AppendResponse{status=OK, term=1, succeeded=true, lastLogIndex=1}
11:35:24.259 [raft-server-1] TRACE i.a.p.raft.roles.LeaderAppender - RaftServer{1} - Received AppendResponse{status=OK, term=1, succeeded=true, lastLogIndex=1} from 2
11:35:24.259 [raft-server-1] TRACE i.a.p.raft.roles.LeaderAppender - RaftServer{1} - Committed entries up to 1
11:35:24.292 [raft-server-1-state] TRACE i.a.p.raft.impl.RaftServiceManager - RaftServer{1} - Applying Indexed{index=1, entry=InitializeEntry{term=1, timestamp=2018-06-05 11:35:24,209}}
11:35:24.435 [raft-server-1] TRACE i.a.p.r.c.impl.RaftClusterContext - RaftServer{1} - Cancelling join timeout
11:35:24.435 [raft-server-1] DEBUG i.a.p.r.c.impl.RaftClusterContext - RaftServer{1} - Attempting to join via 2
11:35:24.435 [raft-server-2] TRACE i.a.p.raft.roles.FollowerRole - RaftServer{2}{role=FOLLOWER} - Received JoinRequest{member=DefaultRaftMember{id=1, type=ACTIVE, updated=2018-06-05T09:35:22.917Z}}
11:35:24.435 [raft-server-1] TRACE i.a.protocols.raft.roles.LeaderRole - RaftServer{1}{role=LEADER} - Received JoinRequest{member=DefaultRaftMember{id=1, type=ACTIVE, updated=2018-06-05T09:35:22.917Z}}
11:35:24.435 [raft-server-1] TRACE i.a.protocols.raft.roles.LeaderRole - RaftServer{1}{role=LEADER} - Sending JoinResponse{status=OK, index=0, term=0, timestamp=1528191322917, members=[DefaultRaftMember{id=1, type=ACTIVE, updated=2018-06-05T09:35:22.917Z}, DefaultRaftMember{id=2, type=ACTIVE, updated=2018-06-05T09:35:22.917Z}]}
11:35:24.435 [raft-server-2] TRACE i.a.p.raft.roles.FollowerRole - RaftServer{2}{role=FOLLOWER} - Sending JoinResponse{status=OK, index=0, term=0, timestamp=1528191322917, members=[DefaultRaftMember{id=1, type=ACTIVE, updated=2018-06-05T09:35:22.917Z}, DefaultRaftMember{id=2, type=ACTIVE, updated=2018-06-05T09:35:22.917Z}]}
11:35:24.435 [raft-server-1] TRACE i.a.p.r.c.impl.RaftClusterContext - RaftServer{1} - Cancelling join timeout
11:35:24.435 [raft-server-1] INFO  i.a.p.r.c.impl.RaftClusterContext - RaftServer{1} - Successfully joined via 2
11:35:24.436 [raft-server-1] INFO  i.a.p.raft.impl.DefaultRaftServer - RaftServer{1} - Server started successfully!
11:35:24.485 [raft-server-1] TRACE i.a.p.raft.roles.LeaderAppender - RaftServer{1} - Sending AppendRequest{term=1, leader=1, prevLogIndex=1, prevLogTerm=1, entries=0, commitIndex=1} to 2
11:35:24.485 [raft-server-2] TRACE i.a.p.raft.roles.FollowerRole - RaftServer{2}{role=FOLLOWER} - Received AppendRequest{term=1, leader=1, prevLogIndex=1, prevLogTerm=1, entries=0, commitIndex=1}
11:35:24.517 [raft-server-2] TRACE i.a.p.raft.roles.FollowerRole - RaftServer{2}{role=FOLLOWER} - Committed entries up to index 1
11:35:24.517 [raft-server-2] TRACE i.a.p.raft.roles.FollowerRole - RaftServer{2}{role=FOLLOWER} - Sending AppendResponse{status=OK, term=1, succeeded=true, lastLogIndex=1}
11:35:24.517 [raft-server-1] TRACE i.a.p.raft.roles.LeaderAppender - RaftServer{1} - Received AppendResponse{status=OK, term=1, succeeded=true, lastLogIndex=1} from 2
11:35:24.517 [raft-server-2-state] TRACE i.a.p.raft.impl.RaftServiceManager - RaftServer{2} - Applying Indexed{index=1, entry=InitializeEntry{term=1, timestamp=2018-06-05 11:35:24,209}}
11:35:24.517 [raft-server-1] TRACE i.a.p.raft.roles.LeaderAppender - RaftServer{1} - Sending AppendRequest{term=1, leader=1, prevLogIndex=1, prevLogTerm=1, entries=0, commitIndex=1} to 2
11:35:24.517 [raft-server-2] TRACE i.a.p.raft.roles.FollowerRole - RaftServer{2}{role=FOLLOWER} - Received AppendRequest{term=1, leader=1, prevLogIndex=1, prevLogTerm=1, entries=0, commitIndex=1}
11:35:24.517 [raft-server-2] TRACE i.a.p.raft.roles.FollowerRole - RaftServer{2}{role=FOLLOWER} - Sending AppendResponse{status=OK, term=1, succeeded=true, lastLogIndex=1}
11:35:24.517 [raft-server-1] TRACE i.a.p.raft.roles.LeaderAppender - RaftServer{1} - Received AppendResponse{status=OK, term=1, succeeded=true, lastLogIndex=1} from 2
11:35:24.651 [raft-server-2] TRACE i.a.p.r.c.impl.RaftClusterContext - RaftServer{2} - Cancelling join timeout
11:35:24.651 [raft-server-2] DEBUG i.a.p.r.c.impl.RaftClusterContext - RaftServer{2} - Attempting to join via 1
11:35:24.651 [raft-server-1] TRACE i.a.protocols.raft.roles.LeaderRole - RaftServer{1}{role=LEADER} - Received JoinRequest{member=DefaultRaftMember{id=2, type=ACTIVE, updated=2018-06-05T09:35:23.134Z}}
11:35:24.651 [raft-server-1] TRACE i.a.protocols.raft.roles.LeaderRole - RaftServer{1}{role=LEADER} - Sending JoinResponse{status=OK, index=0, term=0, timestamp=1528191322917, members=[DefaultRaftMember{id=1, type=ACTIVE, updated=2018-06-05T09:35:22.917Z}, DefaultRaftMember{id=2, type=ACTIVE, updated=2018-06-05T09:35:22.917Z}]}
11:35:24.651 [raft-server-2] TRACE i.a.p.r.c.impl.RaftClusterContext - RaftServer{2} - Cancelling join timeout
11:35:24.651 [raft-server-2] INFO  i.a.p.r.c.impl.RaftClusterContext - RaftServer{2} - Successfully joined via 1
11:35:24.652 [raft-server-2] INFO  i.a.p.raft.impl.DefaultRaftServer - RaftServer{2} - Server started successfully!
11:35:24.653 [main] DEBUG i.a.p.p.i.RecoveringPartitionProxy - PartitionProxy{e93f55c3-5bda-4e64-bf5f-fc9c79dd4249} - Opening proxy session
11:35:24.653 [main] DEBUG i.a.p.r.proxy.impl.RaftProxyManager - RaftClient{e93f55c3-5bda-4e64-bf5f-fc9c79dd4249} - Opening session; name: raft-test, type: io.atomix.protocols.raft.RaftTest$TestPrimitiveType@35bfa1bb
11:35:24.653 [main] TRACE i.a.utils.serializer.KryoNamespace - Creating Kryo instance for KryoNamespace{registeredBlocks=[RegistrationBlock{begin=16, types=[([Ljava.lang.Class;@6b321262,null), ([Ljava.lang.Class;@68b11545,null), ([Ljava.lang.Class;@7d0100ea,null), ([Ljava.lang.Class;@357bc488,null), ([Ljava.lang.Class;@4ea17147,io.atomix.utils.serializer.serializers.ImmutableListSerializer@2eda4eeb), ([Ljava.lang.Class;@5ba90d8a,io.atomix.utils.serializer.serializers.ImmutableSetSerializer@309dcdf3), ([Ljava.lang.Class;@7573b9ee,io.atomix.utils.serializer.serializers.ImmutableMapSerializer@9a20cbd), ([Ljava.lang.Class;@1af4955e,null), ([Ljava.lang.Class;@445821a6,null), ([Ljava.lang.Class;@2c0c4c0a,null), ([Ljava.lang.Class;@35d26ad2,null), ([Ljava.lang.Class;@bb25753,null), ([Ljava.lang.Class;@ee21292,null), ([Ljava.lang.Class;@40c06358,null), ([Ljava.lang.Class;@66e21568,null), ([Ljava.lang.Class;@7f73ce28,null), ([Ljava.lang.Class;@611b35d6,null), ([Ljava.lang.Class;@2282400e,null), ([Ljava.lang.Class;@543d5863,null), ([Ljava.lang.Class;@35dece42,null), ([Ljava.lang.Class;@dd3f8aa,io.atomix.utils.serializer.serializers.ArraysAsListSerializer@3d615b2e), ([Ljava.lang.Class;@3a1f2a1,null), ([Ljava.lang.Class;@40ce9049,null), ([Ljava.lang.Class;@52ca2652,null), ([Ljava.lang.Class;@65c5bf0e,null), ([Ljava.lang.Class;@697d6ded,null), ([Ljava.lang.Class;@5d05f453,null), ([Ljava.lang.Class;@5efeb117,null), ([Ljava.lang.Class;@160b4809,null), ([Ljava.lang.Class;@149b4d20,null), ([Ljava.lang.Class;@664e848c,null), ([Ljava.lang.Class;@4d93f75b,null), ([Ljava.lang.Class;@114a5e0,null), ([Ljava.lang.Class;@4f281aaf,null), ([Ljava.lang.Class;@5d508d22,null), ([Ljava.lang.Class;@f2b90fc,null)]}, RegistrationBlock{begin=52, types=[([Ljava.lang.Class;@32dcfeea,null)]}]}
11:35:24.653 [main] TRACE i.a.utils.serializer.KryoNamespace - class [B registered as 16
11:35:24.653 [main] TRACE i.a.utils.serializer.KryoNamespace - class java.util.concurrent.atomic.AtomicBoolean registered as 17
11:35:24.653 [main] TRACE i.a.utils.serializer.KryoNamespace - class java.util.concurrent.atomic.AtomicInteger registered as 18
11:35:24.653 [main] TRACE i.a.utils.serializer.KryoNamespace - class java.util.concurrent.atomic.AtomicLong registered as 19
11:35:24.653 [main] TRACE i.a.utils.serializer.KryoNamespace - class com.google.common.collect.ImmutableList registered as 20
11:35:24.653 [main] TRACE i.a.utils.serializer.KryoNamespace - class com.google.common.collect.RegularImmutableList registered as 20
11:35:24.653 [main] TRACE i.a.utils.serializer.KryoNamespace - class com.google.common.collect.RegularImmutableList registered as 20
11:35:24.653 [main] TRACE i.a.utils.serializer.KryoNamespace - class com.google.common.collect.ImmutableList$SubList registered as 20
11:35:24.653 [main] TRACE i.a.utils.serializer.KryoNamespace - class com.google.common.collect.ImmutableSet registered as 21
11:35:24.653 [main] TRACE i.a.utils.serializer.KryoNamespace - class com.google.common.collect.RegularImmutableSet registered as 21
11:35:24.653 [main] TRACE i.a.utils.serializer.KryoNamespace - class com.google.common.collect.SingletonImmutableSet registered as 21
11:35:24.653 [main] TRACE i.a.utils.serializer.KryoNamespace - class com.google.common.collect.RegularImmutableSet registered as 21
11:35:24.653 [main] TRACE i.a.utils.serializer.KryoNamespace - class com.google.common.collect.ImmutableMap registered as 22
11:35:24.653 [main] TRACE i.a.utils.serializer.KryoNamespace - class com.google.common.collect.RegularImmutableMap registered as 22
11:35:24.653 [main] TRACE i.a.utils.serializer.KryoNamespace - class com.google.common.collect.RegularImmutableMap registered as 22
11:35:24.653 [main] TRACE i.a.utils.serializer.KryoNamespace - class com.google.common.collect.RegularImmutableMap registered as 22
11:35:24.653 [main] TRACE i.a.utils.serializer.KryoNamespace - class java.util.Collections$UnmodifiableSet registered as 23
11:35:24.653 [main] TRACE i.a.utils.serializer.KryoNamespace - class java.util.HashMap registered as 24
11:35:24.653 [main] TRACE i.a.utils.serializer.KryoNamespace - class java.util.concurrent.ConcurrentHashMap registered as 25
11:35:24.653 [main] TRACE i.a.utils.serializer.KryoNamespace - class java.util.concurrent.CopyOnWriteArraySet registered as 26
11:35:24.653 [main] TRACE i.a.utils.serializer.KryoNamespace - class java.util.ArrayList registered as 27
11:35:24.653 [main] TRACE i.a.utils.serializer.KryoNamespace - class java.util.LinkedList registered as 28
11:35:24.653 [main] TRACE i.a.utils.serializer.KryoNamespace - class java.util.HashSet registered as 29
11:35:24.653 [main] TRACE i.a.utils.serializer.KryoNamespace - class java.util.LinkedHashSet registered as 30
11:35:24.654 [main] TRACE i.a.utils.serializer.KryoNamespace - class com.sun.jmx.remote.internal.ArrayQueue registered as 31
11:35:24.654 [main] TRACE i.a.utils.serializer.KryoNamespace - class java.util.ArrayDeque registered as 32
11:35:24.654 [main] TRACE i.a.utils.serializer.KryoNamespace - class com.google.common.collect.HashMultiset registered as 33
11:35:24.654 [main] TRACE i.a.utils.serializer.KryoNamespace - class com.google.common.collect.Sets registered as 34
11:35:24.654 [main] TRACE i.a.utils.serializer.KryoNamespace - class com.google.common.collect.ImmutableEntry registered as 35
11:35:24.654 [main] TRACE i.a.utils.serializer.KryoNamespace - class java.util.Arrays$ArrayList registered as 36
11:35:24.654 [main] TRACE i.a.utils.serializer.KryoNamespace - class java.util.Collections$SingletonList registered as 37
11:35:24.654 [main] TRACE i.a.utils.serializer.KryoNamespace - class java.time.Duration registered as 38
11:35:24.654 [main] TRACE i.a.utils.serializer.KryoNamespace - class java.util.Collections$EmptySet registered as 39
11:35:24.654 [main] TRACE i.a.utils.serializer.KryoNamespace - class java.util.Optional registered as 40
11:35:24.654 [main] TRACE i.a.utils.serializer.KryoNamespace - class java.util.Collections$EmptyList registered as 41
11:35:24.654 [main] TRACE i.a.utils.serializer.KryoNamespace - class java.util.Collections$SingletonSet registered as 42
11:35:24.654 [main] TRACE i.a.utils.serializer.KryoNamespace - class [I registered as 43
11:35:24.654 [main] TRACE i.a.utils.serializer.KryoNamespace - class [J registered as 44
11:35:24.654 [main] TRACE i.a.utils.serializer.KryoNamespace - class [S registered as 45
11:35:24.654 [main] TRACE i.a.utils.serializer.KryoNamespace - class [D registered as 46
11:35:24.654 [main] TRACE i.a.utils.serializer.KryoNamespace - class [F registered as 47
11:35:24.654 [main] TRACE i.a.utils.serializer.KryoNamespace - class [C registered as 48
11:35:24.654 [main] TRACE i.a.utils.serializer.KryoNamespace - class [Ljava.lang.String; registered as 49
11:35:24.654 [main] TRACE i.a.utils.serializer.KryoNamespace - class [Z registered as 50
11:35:24.654 [main] TRACE i.a.utils.serializer.KryoNamespace - class [Ljava.lang.Object; registered as 51
11:35:24.654 [main] TRACE i.a.utils.serializer.KryoNamespace - class io.atomix.primitive.service.ServiceConfig registered as 52
11:35:24.655 [raft-client-e93f55c3-5bda-4e64-bf5f-fc9c79dd4249-0] TRACE i.a.p.r.p.impl.RaftProxyConnection - RaftClient{e93f55c3-5bda-4e64-bf5f-fc9c79dd4249} - Sending OpenSessionRequest{node=3, serviceName=raft-test, serviceType=raft-test, readConsistency=LINEARIZABLE, minTimeout=250, maxTimeout=5000} to 1
11:35:24.655 [raft-server-1] TRACE i.a.protocols.raft.roles.LeaderRole - RaftServer{1}{role=LEADER} - Received OpenSessionRequest{node=3, serviceName=raft-test, serviceType=raft-test, readConsistency=LINEARIZABLE, minTimeout=250, maxTimeout=5000}
11:35:24.655 [raft-server-1] TRACE i.a.protocols.raft.roles.LeaderRole - RaftServer{1}{role=LEADER} - Appended Indexed{index=2, entry=OpenSessionEntry{term=1, timestamp=2018-06-05 11:35:24,655, node=3, serviceName=raft-test, serviceType=raft-test, serviceConfig=byte[]{length=2, hash=2636}, readConsistency=LINEARIZABLE, minTimeout=250, maxTimeout=5000}}
11:35:24.655 [raft-server-1] TRACE i.a.p.raft.roles.LeaderAppender - RaftServer{1} - Sending AppendRequest{term=1, leader=1, prevLogIndex=1, prevLogTerm=1, entries=1, commitIndex=1} to 2
11:35:24.655 [raft-server-2] TRACE i.a.p.raft.roles.FollowerRole - RaftServer{2}{role=FOLLOWER} - Received AppendRequest{term=1, leader=1, prevLogIndex=1, prevLogTerm=1, entries=1, commitIndex=1}
11:35:24.655 [raft-server-2] TRACE i.a.p.raft.roles.FollowerRole - RaftServer{2}{role=FOLLOWER} - Appended Indexed{index=2, entry=OpenSessionEntry{term=1, timestamp=2018-06-05 11:35:24,655, node=3, serviceName=raft-test, serviceType=raft-test, serviceConfig=byte[]{length=2, hash=2636}, readConsistency=LINEARIZABLE, minTimeout=250, maxTimeout=5000}}
11:35:24.655 [raft-server-2] TRACE i.a.p.raft.roles.FollowerRole - RaftServer{2}{role=FOLLOWER} - Sending AppendResponse{status=OK, term=1, succeeded=true, lastLogIndex=2}
11:35:24.655 [raft-server-1] TRACE i.a.p.raft.roles.LeaderAppender - RaftServer{1} - Received AppendResponse{status=OK, term=1, succeeded=true, lastLogIndex=2} from 2
11:35:24.655 [raft-server-1] TRACE i.a.p.raft.roles.LeaderAppender - RaftServer{1} - Committed entries up to 2
11:35:24.739 [raft-server-1] TRACE i.a.p.raft.roles.LeaderAppender - RaftServer{1} - Sending AppendRequest{term=1, leader=1, prevLogIndex=2, prevLogTerm=1, entries=0, commitIndex=2} to 2
11:35:24.739 [raft-server-2] TRACE i.a.p.raft.roles.FollowerRole - RaftServer{2}{role=FOLLOWER} - Received AppendRequest{term=1, leader=1, prevLogIndex=2, prevLogTerm=1, entries=0, commitIndex=2}
11:35:24.739 [raft-server-1-state] TRACE i.a.p.raft.impl.RaftServiceManager - RaftServer{1} - Applying Indexed{index=2, entry=OpenSessionEntry{term=1, timestamp=2018-06-05 11:35:24,655, node=3, serviceName=raft-test, serviceType=raft-test, serviceConfig=byte[]{length=2, hash=2636}, readConsistency=LINEARIZABLE, minTimeout=250, maxTimeout=5000}}
11:35:24.739 [raft-server-1-state] TRACE i.a.utils.serializer.KryoNamespace - Creating Kryo instance for KryoNamespace{registeredBlocks=[RegistrationBlock{begin=16, types=[([Ljava.lang.Class;@6b321262,null), ([Ljava.lang.Class;@68b11545,null), ([Ljava.lang.Class;@7d0100ea,null), ([Ljava.lang.Class;@357bc488,null), ([Ljava.lang.Class;@4ea17147,io.atomix.utils.serializer.serializers.ImmutableListSerializer@2eda4eeb), ([Ljava.lang.Class;@5ba90d8a,io.atomix.utils.serializer.serializers.ImmutableSetSerializer@309dcdf3), ([Ljava.lang.Class;@7573b9ee,io.atomix.utils.serializer.serializers.ImmutableMapSerializer@9a20cbd), ([Ljava.lang.Class;@1af4955e,null), ([Ljava.lang.Class;@445821a6,null), ([Ljava.lang.Class;@2c0c4c0a,null), ([Ljava.lang.Class;@35d26ad2,null), ([Ljava.lang.Class;@bb25753,null), ([Ljava.lang.Class;@ee21292,null), ([Ljava.lang.Class;@40c06358,null), ([Ljava.lang.Class;@66e21568,null), ([Ljava.lang.Class;@7f73ce28,null), ([Ljava.lang.Class;@611b35d6,null), ([Ljava.lang.Class;@2282400e,null), ([Ljava.lang.Class;@543d5863,null), ([Ljava.lang.Class;@35dece42,null), ([Ljava.lang.Class;@dd3f8aa,io.atomix.utils.serializer.serializers.ArraysAsListSerializer@3d615b2e), ([Ljava.lang.Class;@3a1f2a1,null), ([Ljava.lang.Class;@40ce9049,null), ([Ljava.lang.Class;@52ca2652,null), ([Ljava.lang.Class;@65c5bf0e,null), ([Ljava.lang.Class;@697d6ded,null), ([Ljava.lang.Class;@5d05f453,null), ([Ljava.lang.Class;@5efeb117,null), ([Ljava.lang.Class;@160b4809,null), ([Ljava.lang.Class;@149b4d20,null), ([Ljava.lang.Class;@664e848c,null), ([Ljava.lang.Class;@4d93f75b,null), ([Ljava.lang.Class;@114a5e0,null), ([Ljava.lang.Class;@4f281aaf,null), ([Ljava.lang.Class;@5d508d22,null), ([Ljava.lang.Class;@f2b90fc,null)]}, RegistrationBlock{begin=52, types=[([Ljava.lang.Class;@1ca148ef,null)]}]}
11:35:24.739 [raft-server-1-state] TRACE i.a.utils.serializer.KryoNamespace - class [B registered as 16
11:35:24.739 [raft-server-1-state] TRACE i.a.utils.serializer.KryoNamespace - class java.util.concurrent.atomic.AtomicBoolean registered as 17
11:35:24.739 [raft-server-1-state] TRACE i.a.utils.serializer.KryoNamespace - class java.util.concurrent.atomic.AtomicInteger registered as 18
11:35:24.739 [raft-server-1-state] TRACE i.a.utils.serializer.KryoNamespace - class java.util.concurrent.atomic.AtomicLong registered as 19
11:35:24.739 [raft-server-1-state] TRACE i.a.utils.serializer.KryoNamespace - class com.google.common.collect.ImmutableList registered as 20
11:35:24.739 [raft-server-1-state] TRACE i.a.utils.serializer.KryoNamespace - class com.google.common.collect.RegularImmutableList registered as 20
11:35:24.739 [raft-server-1-state] TRACE i.a.utils.serializer.KryoNamespace - class com.google.common.collect.RegularImmutableList registered as 20
11:35:24.739 [raft-server-1-state] TRACE i.a.utils.serializer.KryoNamespace - class com.google.common.collect.ImmutableList$SubList registered as 20
11:35:24.739 [raft-server-1-state] TRACE i.a.utils.serializer.KryoNamespace - class com.google.common.collect.ImmutableSet registered as 21
11:35:24.739 [raft-server-1-state] TRACE i.a.utils.serializer.KryoNamespace - class com.google.common.collect.RegularImmutableSet registered as 21
11:35:24.739 [raft-server-1-state] TRACE i.a.utils.serializer.KryoNamespace - class com.google.common.collect.SingletonImmutableSet registered as 21
11:35:24.740 [raft-server-1-state] TRACE i.a.utils.serializer.KryoNamespace - class com.google.common.collect.RegularImmutableSet registered as 21
11:35:24.740 [raft-server-1-state] TRACE i.a.utils.serializer.KryoNamespace - class com.google.common.collect.ImmutableMap registered as 22
11:35:24.740 [raft-server-1-state] TRACE i.a.utils.serializer.KryoNamespace - class com.google.common.collect.RegularImmutableMap registered as 22
11:35:24.740 [raft-server-1-state] TRACE i.a.utils.serializer.KryoNamespace - class com.google.common.collect.RegularImmutableMap registered as 22
11:35:24.740 [raft-server-1-state] TRACE i.a.utils.serializer.KryoNamespace - class com.google.common.collect.RegularImmutableMap registered as 22
11:35:24.740 [raft-server-1-state] TRACE i.a.utils.serializer.KryoNamespace - class java.util.Collections$UnmodifiableSet registered as 23
11:35:24.740 [raft-server-1-state] TRACE i.a.utils.serializer.KryoNamespace - class java.util.HashMap registered as 24
11:35:24.740 [raft-server-1-state] TRACE i.a.utils.serializer.KryoNamespace - class java.util.concurrent.ConcurrentHashMap registered as 25
11:35:24.740 [raft-server-1-state] TRACE i.a.utils.serializer.KryoNamespace - class java.util.concurrent.CopyOnWriteArraySet registered as 26
11:35:24.740 [raft-server-1-state] TRACE i.a.utils.serializer.KryoNamespace - class java.util.ArrayList registered as 27
11:35:24.740 [raft-server-1-state] TRACE i.a.utils.serializer.KryoNamespace - class java.util.LinkedList registered as 28
11:35:24.740 [raft-server-1-state] TRACE i.a.utils.serializer.KryoNamespace - class java.util.HashSet registered as 29
11:35:24.740 [raft-server-1-state] TRACE i.a.utils.serializer.KryoNamespace - class java.util.LinkedHashSet registered as 30
11:35:24.740 [raft-server-1-state] TRACE i.a.utils.serializer.KryoNamespace - class com.sun.jmx.remote.internal.ArrayQueue registered as 31
11:35:24.740 [raft-server-1-state] TRACE i.a.utils.serializer.KryoNamespace - class java.util.ArrayDeque registered as 32
11:35:24.740 [raft-server-1-state] TRACE i.a.utils.serializer.KryoNamespace - class com.google.common.collect.HashMultiset registered as 33
11:35:24.740 [raft-server-1-state] TRACE i.a.utils.serializer.KryoNamespace - class com.google.common.collect.Sets registered as 34
11:35:24.740 [raft-server-1-state] TRACE i.a.utils.serializer.KryoNamespace - class com.google.common.collect.ImmutableEntry registered as 35
11:35:24.740 [raft-server-1-state] TRACE i.a.utils.serializer.KryoNamespace - class java.util.Arrays$ArrayList registered as 36
11:35:24.740 [raft-server-1-state] TRACE i.a.utils.serializer.KryoNamespace - class java.util.Collections$SingletonList registered as 37
11:35:24.740 [raft-server-1-state] TRACE i.a.utils.serializer.KryoNamespace - class java.time.Duration registered as 38
11:35:24.740 [raft-server-1-state] TRACE i.a.utils.serializer.KryoNamespace - class java.util.Collections$EmptySet registered as 39
11:35:24.740 [raft-server-1-state] TRACE i.a.utils.serializer.KryoNamespace - class java.util.Optional registered as 40
11:35:24.740 [raft-server-1-state] TRACE i.a.utils.serializer.KryoNamespace - class java.util.Collections$EmptyList registered as 41
11:35:24.740 [raft-server-1-state] TRACE i.a.utils.serializer.KryoNamespace - class java.util.Collections$SingletonSet registered as 42
11:35:24.740 [raft-server-1-state] TRACE i.a.utils.serializer.KryoNamespace - class [I registered as 43
11:35:24.740 [raft-server-1-state] TRACE i.a.utils.serializer.KryoNamespace - class [J registered as 44
11:35:24.740 [raft-server-1-state] TRACE i.a.utils.serializer.KryoNamespace - class [S registered as 45
11:35:24.740 [raft-server-1-state] TRACE i.a.utils.serializer.KryoNamespace - class [D registered as 46
11:35:24.740 [raft-server-1-state] TRACE i.a.utils.serializer.KryoNamespace - class [F registered as 47
11:35:24.740 [raft-server-1-state] TRACE i.a.utils.serializer.KryoNamespace - class [C registered as 48
11:35:24.740 [raft-server-1-state] TRACE i.a.utils.serializer.KryoNamespace - class [Ljava.lang.String; registered as 49
11:35:24.740 [raft-server-1-state] TRACE i.a.utils.serializer.KryoNamespace - class [Z registered as 50
11:35:24.741 [raft-server-1-state] TRACE i.a.utils.serializer.KryoNamespace - class [Ljava.lang.Object; registered as 51
11:35:24.741 [raft-server-1-state] TRACE i.a.utils.serializer.KryoNamespace - class io.atomix.primitive.service.ServiceConfig registered as 52
11:35:24.741 [raft-server-1-state] TRACE i.a.utils.serializer.KryoNamespace - Creating Kryo instance for KryoNamespace{registeredBlocks=[RegistrationBlock{begin=16, types=[([Ljava.lang.Class;@6b321262,null), ([Ljava.lang.Class;@68b11545,null), ([Ljava.lang.Class;@7d0100ea,null), ([Ljava.lang.Class;@357bc488,null), ([Ljava.lang.Class;@4ea17147,io.atomix.utils.serializer.serializers.ImmutableListSerializer@2eda4eeb), ([Ljava.lang.Class;@5ba90d8a,io.atomix.utils.serializer.serializers.ImmutableSetSerializer@309dcdf3), ([Ljava.lang.Class;@7573b9ee,io.atomix.utils.serializer.serializers.ImmutableMapSerializer@9a20cbd), ([Ljava.lang.Class;@1af4955e,null), ([Ljava.lang.Class;@445821a6,null), ([Ljava.lang.Class;@2c0c4c0a,null), ([Ljava.lang.Class;@35d26ad2,null), ([Ljava.lang.Class;@bb25753,null), ([Ljava.lang.Class;@ee21292,null), ([Ljava.lang.Class;@40c06358,null), ([Ljava.lang.Class;@66e21568,null), ([Ljava.lang.Class;@7f73ce28,null), ([Ljava.lang.Class;@611b35d6,null), ([Ljava.lang.Class;@2282400e,null), ([Ljava.lang.Class;@543d5863,null), ([Ljava.lang.Class;@35dece42,null), ([Ljava.lang.Class;@dd3f8aa,io.atomix.utils.serializer.serializers.ArraysAsListSerializer@3d615b2e), ([Ljava.lang.Class;@3a1f2a1,null), ([Ljava.lang.Class;@40ce9049,null), ([Ljava.lang.Class;@52ca2652,null), ([Ljava.lang.Class;@65c5bf0e,null), ([Ljava.lang.Class;@697d6ded,null), ([Ljava.lang.Class;@5d05f453,null), ([Ljava.lang.Class;@5efeb117,null), ([Ljava.lang.Class;@160b4809,null), ([Ljava.lang.Class;@149b4d20,null), ([Ljava.lang.Class;@664e848c,null), ([Ljava.lang.Class;@4d93f75b,null), ([Ljava.lang.Class;@114a5e0,null), ([Ljava.lang.Class;@4f281aaf,null), ([Ljava.lang.Class;@5d508d22,null), ([Ljava.lang.Class;@f2b90fc,null)]}, RegistrationBlock{begin=52, types=[([Ljava.lang.Class;@1266b50b,null)]}]}
11:35:24.741 [raft-server-1-state] TRACE i.a.utils.serializer.KryoNamespace - class [B registered as 16
11:35:24.741 [raft-server-1-state] TRACE i.a.utils.serializer.KryoNamespace - class java.util.concurrent.atomic.AtomicBoolean registered as 17
11:35:24.741 [raft-server-1-state] TRACE i.a.utils.serializer.KryoNamespace - class java.util.concurrent.atomic.AtomicInteger registered as 18
11:35:24.741 [raft-server-1-state] TRACE i.a.utils.serializer.KryoNamespace - class java.util.concurrent.atomic.AtomicLong registered as 19
11:35:24.741 [raft-server-1-state] TRACE i.a.utils.serializer.KryoNamespace - class com.google.common.collect.ImmutableList registered as 20
11:35:24.741 [raft-server-1-state] TRACE i.a.utils.serializer.KryoNamespace - class com.google.common.collect.RegularImmutableList registered as 20
11:35:24.741 [raft-server-1-state] TRACE i.a.utils.serializer.KryoNamespace - class com.google.common.collect.RegularImmutableList registered as 20
11:35:24.741 [raft-server-1-state] TRACE i.a.utils.serializer.KryoNamespace - class com.google.common.collect.ImmutableList$SubList registered as 20
11:35:24.741 [raft-server-1-state] TRACE i.a.utils.serializer.KryoNamespace - class com.google.common.collect.ImmutableSet registered as 21
11:35:24.741 [raft-server-1-state] TRACE i.a.utils.serializer.KryoNamespace - class com.google.common.collect.RegularImmutableSet registered as 21
11:35:24.741 [raft-server-1-state] TRACE i.a.utils.serializer.KryoNamespace - class com.google.common.collect.SingletonImmutableSet registered as 21
11:35:24.741 [raft-server-1-state] TRACE i.a.utils.serializer.KryoNamespace - class com.google.common.collect.RegularImmutableSet registered as 21
11:35:24.741 [raft-server-1-state] TRACE i.a.utils.serializer.KryoNamespace - class com.google.common.collect.ImmutableMap registered as 22
11:35:24.741 [raft-server-1-state] TRACE i.a.utils.serializer.KryoNamespace - class com.google.common.collect.RegularImmutableMap registered as 22
11:35:24.741 [raft-server-1-state] TRACE i.a.utils.serializer.KryoNamespace - class com.google.common.collect.RegularImmutableMap registered as 22
11:35:24.741 [raft-server-1-state] TRACE i.a.utils.serializer.KryoNamespace - class com.google.common.collect.RegularImmutableMap registered as 22
11:35:24.741 [raft-server-1-state] TRACE i.a.utils.serializer.KryoNamespace - class java.util.Collections$UnmodifiableSet registered as 23
11:35:24.741 [raft-server-1-state] TRACE i.a.utils.serializer.KryoNamespace - class java.util.HashMap registered as 24
11:35:24.741 [raft-server-1-state] TRACE i.a.utils.serializer.KryoNamespace - class java.util.concurrent.ConcurrentHashMap registered as 25
11:35:24.741 [raft-server-1-state] TRACE i.a.utils.serializer.KryoNamespace - class java.util.concurrent.CopyOnWriteArraySet registered as 26
11:35:24.741 [raft-server-1-state] TRACE i.a.utils.serializer.KryoNamespace - class java.util.ArrayList registered as 27
11:35:24.741 [raft-server-1-state] TRACE i.a.utils.serializer.KryoNamespace - class java.util.LinkedList registered as 28
11:35:24.741 [raft-server-1-state] TRACE i.a.utils.serializer.KryoNamespace - class java.util.HashSet registered as 29
11:35:24.741 [raft-server-1-state] TRACE i.a.utils.serializer.KryoNamespace - class java.util.LinkedHashSet registered as 30
11:35:24.742 [raft-server-1-state] TRACE i.a.utils.serializer.KryoNamespace - class com.sun.jmx.remote.internal.ArrayQueue registered as 31
11:35:24.742 [raft-server-1-state] TRACE i.a.utils.serializer.KryoNamespace - class java.util.ArrayDeque registered as 32
11:35:24.742 [raft-server-1-state] TRACE i.a.utils.serializer.KryoNamespace - class com.google.common.collect.HashMultiset registered as 33
11:35:24.742 [raft-server-1-state] TRACE i.a.utils.serializer.KryoNamespace - class com.google.common.collect.Sets registered as 34
11:35:24.742 [raft-server-1-state] TRACE i.a.utils.serializer.KryoNamespace - class com.google.common.collect.ImmutableEntry registered as 35
11:35:24.742 [raft-server-1-state] TRACE i.a.utils.serializer.KryoNamespace - class java.util.Arrays$ArrayList registered as 36
11:35:24.742 [raft-server-1-state] TRACE i.a.utils.serializer.KryoNamespace - class java.util.Collections$SingletonList registered as 37
11:35:24.742 [raft-server-1-state] TRACE i.a.utils.serializer.KryoNamespace - class java.time.Duration registered as 38
11:35:24.742 [raft-server-1-state] TRACE i.a.utils.serializer.KryoNamespace - class java.util.Collections$EmptySet registered as 39
11:35:24.742 [raft-server-1-state] TRACE i.a.utils.serializer.KryoNamespace - class java.util.Optional registered as 40
11:35:24.742 [raft-server-1-state] TRACE i.a.utils.serializer.KryoNamespace - class java.util.Collections$EmptyList registered as 41
11:35:24.742 [raft-server-1-state] TRACE i.a.utils.serializer.KryoNamespace - class java.util.Collections$SingletonSet registered as 42
11:35:24.742 [raft-server-1-state] TRACE i.a.utils.serializer.KryoNamespace - class [I registered as 43
11:35:24.742 [raft-server-1-state] TRACE i.a.utils.serializer.KryoNamespace - class [J registered as 44
11:35:24.742 [raft-server-1-state] TRACE i.a.utils.serializer.KryoNamespace - class [S registered as 45
11:35:24.742 [raft-server-1-state] TRACE i.a.utils.serializer.KryoNamespace - class [D registered as 46
11:35:24.742 [raft-server-1-state] TRACE i.a.utils.serializer.KryoNamespace - class [F registered as 47
11:35:24.742 [raft-server-1-state] TRACE i.a.utils.serializer.KryoNamespace - class [C registered as 48
11:35:24.742 [raft-server-1-state] TRACE i.a.utils.serializer.KryoNamespace - class [Ljava.lang.String; registered as 49
11:35:24.742 [raft-server-1-state] TRACE i.a.utils.serializer.KryoNamespace - class [Z registered as 50
11:35:24.742 [raft-server-1-state] TRACE i.a.utils.serializer.KryoNamespace - class [Ljava.lang.Object; registered as 51
11:35:24.742 [raft-server-1-state] TRACE i.a.utils.serializer.KryoNamespace - class io.atomix.primitive.service.ServiceConfig registered as 52
11:35:24.743 [raft-server-1-state] DEBUG i.a.p.s.impl.DefaultServiceExecutor - PrimitiveService{2}{type=io.atomix.protocols.raft.RaftTest$TestPrimitiveType@1659239f, name=raft-test} - Registered operation callback DefaultOperationId{id=sendEvent, type=COMMAND}
11:35:24.743 [raft-server-1-state] DEBUG i.a.p.s.impl.DefaultServiceExecutor - PrimitiveService{2}{type=io.atomix.protocols.raft.RaftTest$TestPrimitiveType@1659239f, name=raft-test} - Registered operation callback DefaultOperationId{id=onClose, type=COMMAND}
11:35:24.743 [raft-server-1-state] DEBUG i.a.p.s.impl.DefaultServiceExecutor - PrimitiveService{2}{type=io.atomix.protocols.raft.RaftTest$TestPrimitiveType@1659239f, name=raft-test} - Registered operation callback DefaultOperationId{id=read, type=QUERY}
11:35:24.743 [raft-server-1-state] DEBUG i.a.p.s.impl.DefaultServiceExecutor - PrimitiveService{2}{type=io.atomix.protocols.raft.RaftTest$TestPrimitiveType@1659239f, name=raft-test} - Registered operation callback DefaultOperationId{id=onExpire, type=COMMAND}
11:35:24.743 [raft-server-1-state] DEBUG i.a.p.s.impl.DefaultServiceExecutor - PrimitiveService{2}{type=io.atomix.protocols.raft.RaftTest$TestPrimitiveType@1659239f, name=raft-test} - Registered operation callback DefaultOperationId{id=write, type=COMMAND}
11:35:24.743 [raft-server-1-state] TRACE i.a.utils.serializer.KryoNamespace - Creating Kryo instance for KryoNamespace{registeredBlocks=[RegistrationBlock{begin=16, types=[([Ljava.lang.Class;@6b321262,null), ([Ljava.lang.Class;@68b11545,null), ([Ljava.lang.Class;@7d0100ea,null), ([Ljava.lang.Class;@357bc488,null), ([Ljava.lang.Class;@4ea17147,io.atomix.utils.serializer.serializers.ImmutableListSerializer@2eda4eeb), ([Ljava.lang.Class;@5ba90d8a,io.atomix.utils.serializer.serializers.ImmutableSetSerializer@309dcdf3), ([Ljava.lang.Class;@7573b9ee,io.atomix.utils.serializer.serializers.ImmutableMapSerializer@9a20cbd), ([Ljava.lang.Class;@1af4955e,null), ([Ljava.lang.Class;@445821a6,null), ([Ljava.lang.Class;@2c0c4c0a,null), ([Ljava.lang.Class;@35d26ad2,null), ([Ljava.lang.Class;@bb25753,null), ([Ljava.lang.Class;@ee21292,null), ([Ljava.lang.Class;@40c06358,null), ([Ljava.lang.Class;@66e21568,null), ([Ljava.lang.Class;@7f73ce28,null), ([Ljava.lang.Class;@611b35d6,null), ([Ljava.lang.Class;@2282400e,null), ([Ljava.lang.Class;@543d5863,null), ([Ljava.lang.Class;@35dece42,null), ([Ljava.lang.Class;@dd3f8aa,io.atomix.utils.serializer.serializers.ArraysAsListSerializer@3d615b2e), ([Ljava.lang.Class;@3a1f2a1,null), ([Ljava.lang.Class;@40ce9049,null), ([Ljava.lang.Class;@52ca2652,null), ([Ljava.lang.Class;@65c5bf0e,null), ([Ljava.lang.Class;@697d6ded,null), ([Ljava.lang.Class;@5d05f453,null), ([Ljava.lang.Class;@5efeb117,null), ([Ljava.lang.Class;@160b4809,null), ([Ljava.lang.Class;@149b4d20,null), ([Ljava.lang.Class;@664e848c,null), ([Ljava.lang.Class;@4d93f75b,null), ([Ljava.lang.Class;@114a5e0,null), ([Ljava.lang.Class;@4f281aaf,null), ([Ljava.lang.Class;@5d508d22,null), ([Ljava.lang.Class;@f2b90fc,null)]}, RegistrationBlock{begin=52, types=[([Ljava.lang.Class;@535bbf30,null)]}]}
11:35:24.743 [raft-server-1-state] TRACE i.a.utils.serializer.KryoNamespace - class [B registered as 16
11:35:24.743 [raft-server-1-state] TRACE i.a.utils.serializer.KryoNamespace - class java.util.concurrent.atomic.AtomicBoolean registered as 17
11:35:24.743 [raft-server-1-state] TRACE i.a.utils.serializer.KryoNamespace - class java.util.concurrent.atomic.AtomicInteger registered as 18
11:35:24.743 [raft-server-1-state] TRACE i.a.utils.serializer.KryoNamespace - class java.util.concurrent.atomic.AtomicLong registered as 19
11:35:24.743 [raft-server-1-state] TRACE i.a.utils.serializer.KryoNamespace - class com.google.common.collect.ImmutableList registered as 20
11:35:24.743 [raft-server-1-state] TRACE i.a.utils.serializer.KryoNamespace - class com.google.common.collect.RegularImmutableList registered as 20
11:35:24.743 [raft-server-1-state] TRACE i.a.utils.serializer.KryoNamespace - class com.google.common.collect.RegularImmutableList registered as 20
11:35:24.743 [raft-server-1-state] TRACE i.a.utils.serializer.KryoNamespace - class com.google.common.collect.ImmutableList$SubList registered as 20
11:35:24.743 [raft-server-1-state] TRACE i.a.utils.serializer.KryoNamespace - class com.google.common.collect.ImmutableSet registered as 21
11:35:24.743 [raft-server-1-state] TRACE i.a.utils.serializer.KryoNamespace - class com.google.common.collect.RegularImmutableSet registered as 21
11:35:24.743 [raft-server-1-state] TRACE i.a.utils.serializer.KryoNamespace - class com.google.common.collect.SingletonImmutableSet registered as 21
11:35:24.743 [raft-server-1-state] TRACE i.a.utils.serializer.KryoNamespace - class com.google.common.collect.RegularImmutableSet registered as 21
11:35:24.743 [raft-server-1-state] TRACE i.a.utils.serializer.KryoNamespace - class com.google.common.collect.ImmutableMap registered as 22
11:35:24.743 [raft-server-1-state] TRACE i.a.utils.serializer.KryoNamespace - class com.google.common.collect.RegularImmutableMap registered as 22
11:35:24.743 [raft-server-1-state] TRACE i.a.utils.serializer.KryoNamespace - class com.google.common.collect.RegularImmutableMap registered as 22
11:35:24.743 [raft-server-1-state] TRACE i.a.utils.serializer.KryoNamespace - class com.google.common.collect.RegularImmutableMap registered as 22
11:35:24.743 [raft-server-1-state] TRACE i.a.utils.serializer.KryoNamespace - class java.util.Collections$UnmodifiableSet registered as 23
11:35:24.743 [raft-server-1-state] TRACE i.a.utils.serializer.KryoNamespace - class java.util.HashMap registered as 24
11:35:24.743 [raft-server-1-state] TRACE i.a.utils.serializer.KryoNamespace - class java.util.concurrent.ConcurrentHashMap registered as 25
11:35:24.743 [raft-server-1-state] TRACE i.a.utils.serializer.KryoNamespace - class java.util.concurrent.CopyOnWriteArraySet registered as 26
11:35:24.743 [raft-server-1-state] TRACE i.a.utils.serializer.KryoNamespace - class java.util.ArrayList registered as 27
11:35:24.743 [raft-server-1-state] TRACE i.a.utils.serializer.KryoNamespace - class java.util.LinkedList registered as 28
11:35:24.744 [raft-server-1-state] TRACE i.a.utils.serializer.KryoNamespace - class java.util.HashSet registered as 29
11:35:24.744 [raft-server-1-state] TRACE i.a.utils.serializer.KryoNamespace - class java.util.LinkedHashSet registered as 30
11:35:24.744 [raft-server-1-state] TRACE i.a.utils.serializer.KryoNamespace - class com.sun.jmx.remote.internal.ArrayQueue registered as 31
11:35:24.744 [raft-server-1-state] TRACE i.a.utils.serializer.KryoNamespace - class java.util.ArrayDeque registered as 32
11:35:24.744 [raft-server-1-state] TRACE i.a.utils.serializer.KryoNamespace - class com.google.common.collect.HashMultiset registered as 33
11:35:24.744 [raft-server-1-state] TRACE i.a.utils.serializer.KryoNamespace - class com.google.common.collect.Sets registered as 34
11:35:24.744 [raft-server-1-state] TRACE i.a.utils.serializer.KryoNamespace - class com.google.common.collect.ImmutableEntry registered as 35
11:35:24.744 [raft-server-1-state] TRACE i.a.utils.serializer.KryoNamespace - class java.util.Arrays$ArrayList registered as 36
11:35:24.744 [raft-server-1-state] TRACE i.a.utils.serializer.KryoNamespace - class java.util.Collections$SingletonList registered as 37
11:35:24.744 [raft-server-1-state] TRACE i.a.utils.serializer.KryoNamespace - class java.time.Duration registered as 38
11:35:24.744 [raft-server-1-state] TRACE i.a.utils.serializer.KryoNamespace - class java.util.Collections$EmptySet registered as 39
11:35:24.744 [raft-server-1-state] TRACE i.a.utils.serializer.KryoNamespace - class java.util.Optional registered as 40
11:35:24.744 [raft-server-1-state] TRACE i.a.utils.serializer.KryoNamespace - class java.util.Collections$EmptyList registered as 41
11:35:24.744 [raft-server-1-state] TRACE i.a.utils.serializer.KryoNamespace - class java.util.Collections$SingletonSet registered as 42
11:35:24.744 [raft-server-1-state] TRACE i.a.utils.serializer.KryoNamespace - class [I registered as 43
11:35:24.744 [raft-server-1-state] TRACE i.a.utils.serializer.KryoNamespace - class [J registered as 44
11:35:24.744 [raft-server-1-state] TRACE i.a.utils.serializer.KryoNamespace - class [S registered as 45
11:35:24.744 [raft-server-1-state] TRACE i.a.utils.serializer.KryoNamespace - class [D registered as 46
11:35:24.744 [raft-server-1-state] TRACE i.a.utils.serializer.KryoNamespace - class [F registered as 47
11:35:24.744 [raft-server-1-state] TRACE i.a.utils.serializer.KryoNamespace - class [C registered as 48
11:35:24.744 [raft-server-1-state] TRACE i.a.utils.serializer.KryoNamespace - class [Ljava.lang.String; registered as 49
11:35:24.744 [raft-server-1-state] TRACE i.a.utils.serializer.KryoNamespace - class [Z registered as 50
11:35:24.744 [raft-server-1-state] TRACE i.a.utils.serializer.KryoNamespace - class [Ljava.lang.Object; registered as 51
11:35:24.744 [raft-server-1-state] TRACE i.a.utils.serializer.KryoNamespace - class io.atomix.primitive.service.ServiceConfig registered as 52
11:35:24.744 [raft-server-1-state] DEBUG i.a.p.r.service.RaftServiceContext - PrimitiveService{2}{type=io.atomix.protocols.raft.RaftTest$TestPrimitiveType@1659239f, name=raft-test} - Opening session 2
11:35:24.745 [raft-server-1-state] DEBUG i.a.p.raft.session.RaftSession - PrimitiveSession{2}{type=io.atomix.protocols.raft.RaftTest$TestPrimitiveType@1659239f, name=raft-test} - State changed: OPEN
11:35:24.745 [raft-server-1-state] TRACE i.a.protocols.raft.roles.LeaderRole - RaftServer{1}{role=LEADER} - Sending OpenSessionResponse{status=OK, session=2, timeout=5000}
11:35:24.745 [raft-client-e93f55c3-5bda-4e64-bf5f-fc9c79dd4249-1] TRACE i.a.p.r.p.impl.RaftProxyConnection - RaftClient{e93f55c3-5bda-4e64-bf5f-fc9c79dd4249} - Received OpenSessionResponse{status=OK, session=2, timeout=5000} from 1
11:35:24.745 [raft-client-e93f55c3-5bda-4e64-bf5f-fc9c79dd4249-0] TRACE i.a.p.r.proxy.impl.RaftProxyManager - RaftClient{e93f55c3-5bda-4e64-bf5f-fc9c79dd4249} - Keeping 1 sessions alive
11:35:24.746 [raft-client-e93f55c3-5bda-4e64-bf5f-fc9c79dd4249-2] TRACE i.a.p.r.p.impl.RaftProxyConnection - RaftClient{e93f55c3-5bda-4e64-bf5f-fc9c79dd4249} - Sending KeepAliveRequest{sessionIds=long[]{length=1, hash=33}, commandSequences=long[]{length=1, hash=31}, eventIndexes=long[]{length=1, hash=33}} to 1
11:35:24.746 [raft-server-1] TRACE i.a.protocols.raft.roles.LeaderRole - RaftServer{1}{role=LEADER} - Received KeepAliveRequest{sessionIds=long[]{length=1, hash=33}, commandSequences=long[]{length=1, hash=31}, eventIndexes=long[]{length=1, hash=33}}
11:35:24.746 [raft-client-e93f55c3-5bda-4e64-bf5f-fc9c79dd4249-0] DEBUG i.a.p.p.i.RecoveringPartitionProxy - PartitionProxy{2}{type=io.atomix.protocols.raft.RaftTest$TestPrimitiveType@35bfa1bb, name=raft-test} - State changed: CONNECTED
11:35:24.746 [raft-server-1] TRACE i.a.protocols.raft.roles.LeaderRole - RaftServer{1}{role=LEADER} - Appended Indexed{index=3, entry=KeepAliveEntry{term=1, timestamp=2018-06-05 11:35:24,746, sessionIds=long[]{length=1, hash=33}, commandSequences=long[]{length=1, hash=31}, eventIndexes=long[]{length=1, hash=33}}}
11:35:24.746 [raft-server-1] TRACE i.a.p.raft.roles.LeaderAppender - RaftServer{1} - Sending AppendRequest{term=1, leader=1, prevLogIndex=2, prevLogTerm=1, entries=1, commitIndex=2} to 2
11:35:24.747 [main] TRACE i.a.utils.serializer.KryoNamespace - Creating Kryo instance for KryoNamespace{registeredBlocks=[RegistrationBlock{begin=16, types=[([Ljava.lang.Class;@6b321262,null), ([Ljava.lang.Class;@68b11545,null), ([Ljava.lang.Class;@7d0100ea,null), ([Ljava.lang.Class;@357bc488,null), ([Ljava.lang.Class;@4ea17147,io.atomix.utils.serializer.serializers.ImmutableListSerializer@2eda4eeb), ([Ljava.lang.Class;@5ba90d8a,io.atomix.utils.serializer.serializers.ImmutableSetSerializer@309dcdf3), ([Ljava.lang.Class;@7573b9ee,io.atomix.utils.serializer.serializers.ImmutableMapSerializer@9a20cbd), ([Ljava.lang.Class;@1af4955e,null), ([Ljava.lang.Class;@445821a6,null), ([Ljava.lang.Class;@2c0c4c0a,null), ([Ljava.lang.Class;@35d26ad2,null), ([Ljava.lang.Class;@bb25753,null), ([Ljava.lang.Class;@ee21292,null), ([Ljava.lang.Class;@40c06358,null), ([Ljava.lang.Class;@66e21568,null), ([Ljava.lang.Class;@7f73ce28,null), ([Ljava.lang.Class;@611b35d6,null), ([Ljava.lang.Class;@2282400e,null), ([Ljava.lang.Class;@543d5863,null), ([Ljava.lang.Class;@35dece42,null), ([Ljava.lang.Class;@dd3f8aa,io.atomix.utils.serializer.serializers.ArraysAsListSerializer@3d615b2e), ([Ljava.lang.Class;@3a1f2a1,null), ([Ljava.lang.Class;@40ce9049,null), ([Ljava.lang.Class;@52ca2652,null), ([Ljava.lang.Class;@65c5bf0e,null), ([Ljava.lang.Class;@697d6ded,null), ([Ljava.lang.Class;@5d05f453,null), ([Ljava.lang.Class;@5efeb117,null), ([Ljava.lang.Class;@160b4809,null), ([Ljava.lang.Class;@149b4d20,null), ([Ljava.lang.Class;@664e848c,null), ([Ljava.lang.Class;@4d93f75b,null), ([Ljava.lang.Class;@114a5e0,null), ([Ljava.lang.Class;@4f281aaf,null), ([Ljava.lang.Class;@5d508d22,null), ([Ljava.lang.Class;@f2b90fc,null)]}, RegistrationBlock{begin=52, types=[([Ljava.lang.Class;@4fd7b79,null)]}]}
11:35:24.747 [main] TRACE i.a.utils.serializer.KryoNamespace - class [B registered as 16
11:35:24.747 [main] TRACE i.a.utils.serializer.KryoNamespace - class java.util.concurrent.atomic.AtomicBoolean registered as 17
11:35:24.747 [main] TRACE i.a.utils.serializer.KryoNamespace - class java.util.concurrent.atomic.AtomicInteger registered as 18
11:35:24.747 [main] TRACE i.a.utils.serializer.KryoNamespace - class java.util.concurrent.atomic.AtomicLong registered as 19
11:35:24.747 [main] TRACE i.a.utils.serializer.KryoNamespace - class com.google.common.collect.ImmutableList registered as 20
11:35:24.747 [main] TRACE i.a.utils.serializer.KryoNamespace - class com.google.common.collect.RegularImmutableList registered as 20
11:35:24.747 [main] TRACE i.a.utils.serializer.KryoNamespace - class com.google.common.collect.RegularImmutableList registered as 20
11:35:24.747 [main] TRACE i.a.utils.serializer.KryoNamespace - class com.google.common.collect.ImmutableList$SubList registered as 20
11:35:24.747 [main] TRACE i.a.utils.serializer.KryoNamespace - class com.google.common.collect.ImmutableSet registered as 21
11:35:24.747 [main] TRACE i.a.utils.serializer.KryoNamespace - class com.google.common.collect.RegularImmutableSet registered as 21
11:35:24.747 [main] TRACE i.a.utils.serializer.KryoNamespace - class com.google.common.collect.SingletonImmutableSet registered as 21
11:35:24.747 [main] TRACE i.a.utils.serializer.KryoNamespace - class com.google.common.collect.RegularImmutableSet registered as 21
11:35:24.747 [main] TRACE i.a.utils.serializer.KryoNamespace - class com.google.common.collect.ImmutableMap registered as 22
11:35:24.747 [main] TRACE i.a.utils.serializer.KryoNamespace - class com.google.common.collect.RegularImmutableMap registered as 22
11:35:24.747 [main] TRACE i.a.utils.serializer.KryoNamespace - class com.google.common.collect.RegularImmutableMap registered as 22
11:35:24.747 [main] TRACE i.a.utils.serializer.KryoNamespace - class com.google.common.collect.RegularImmutableMap registered as 22
11:35:24.747 [main] TRACE i.a.utils.serializer.KryoNamespace - class java.util.Collections$UnmodifiableSet registered as 23
11:35:24.747 [main] TRACE i.a.utils.serializer.KryoNamespace - class java.util.HashMap registered as 24
11:35:24.747 [main] TRACE i.a.utils.serializer.KryoNamespace - class java.util.concurrent.ConcurrentHashMap registered as 25
11:35:24.747 [main] TRACE i.a.utils.serializer.KryoNamespace - class java.util.concurrent.CopyOnWriteArraySet registered as 26
11:35:24.747 [main] TRACE i.a.utils.serializer.KryoNamespace - class java.util.ArrayList registered as 27
11:35:24.747 [main] TRACE i.a.utils.serializer.KryoNamespace - class java.util.LinkedList registered as 28
11:35:24.747 [main] TRACE i.a.utils.serializer.KryoNamespace - class java.util.HashSet registered as 29
11:35:24.747 [main] TRACE i.a.utils.serializer.KryoNamespace - class java.util.LinkedHashSet registered as 30
11:35:24.747 [main] TRACE i.a.utils.serializer.KryoNamespace - class com.sun.jmx.remote.internal.ArrayQueue registered as 31
11:35:24.747 [main] TRACE i.a.utils.serializer.KryoNamespace - class java.util.ArrayDeque registered as 32
11:35:24.748 [main] TRACE i.a.utils.serializer.KryoNamespace - class com.google.common.collect.HashMultiset registered as 33
11:35:24.748 [main] TRACE i.a.utils.serializer.KryoNamespace - class com.google.common.collect.Sets registered as 34
11:35:24.748 [main] TRACE i.a.utils.serializer.KryoNamespace - class com.google.common.collect.ImmutableEntry registered as 35
11:35:24.748 [main] TRACE i.a.utils.serializer.KryoNamespace - class java.util.Arrays$ArrayList registered as 36
11:35:24.748 [main] TRACE i.a.utils.serializer.KryoNamespace - class java.util.Collections$SingletonList registered as 37
11:35:24.748 [main] TRACE i.a.utils.serializer.KryoNamespace - class java.time.Duration registered as 38
11:35:24.748 [main] TRACE i.a.utils.serializer.KryoNamespace - class java.util.Collections$EmptySet registered as 39
11:35:24.748 [main] TRACE i.a.utils.serializer.KryoNamespace - class java.util.Optional registered as 40
11:35:24.748 [main] TRACE i.a.utils.serializer.KryoNamespace - class java.util.Collections$EmptyList registered as 41
11:35:24.748 [main] TRACE i.a.utils.serializer.KryoNamespace - class java.util.Collections$SingletonSet registered as 42
11:35:24.748 [main] TRACE i.a.utils.serializer.KryoNamespace - class [I registered as 43
11:35:24.748 [main] TRACE i.a.utils.serializer.KryoNamespace - class [J registered as 44
11:35:24.748 [main] TRACE i.a.utils.serializer.KryoNamespace - class [S registered as 45
11:35:24.748 [main] TRACE i.a.utils.serializer.KryoNamespace - class [D registered as 46
11:35:24.748 [main] TRACE i.a.utils.serializer.KryoNamespace - class [F registered as 47
11:35:24.748 [main] TRACE i.a.utils.serializer.KryoNamespace - class [C registered as 48
11:35:24.748 [main] TRACE i.a.utils.serializer.KryoNamespace - class [Ljava.lang.String; registered as 49
11:35:24.748 [main] TRACE i.a.utils.serializer.KryoNamespace - class [Z registered as 50
11:35:24.748 [main] TRACE i.a.utils.serializer.KryoNamespace - class [Ljava.lang.Object; registered as 51
11:35:24.748 [main] TRACE i.a.utils.serializer.KryoNamespace - class io.atomix.primitive.service.ServiceConfig registered as 52
11:35:24.749 [raft-client-e93f55c3-5bda-4e64-bf5f-fc9c79dd4249-4] TRACE i.a.p.r.p.impl.RaftProxyConnection - PartitionProxy{2}{type=io.atomix.protocols.raft.RaftTest$TestPrimitiveType@35bfa1bb, name=raft-test} - Sending QueryRequest{session=2, sequence=0, operation=PrimitiveOperation{id=DefaultOperationId{id=read, type=QUERY}, value=null}, index=2} to 1
11:35:24.749 [raft-server-1] TRACE i.a.protocols.raft.roles.LeaderRole - RaftServer{1}{role=LEADER} - Received QueryRequest{session=2, sequence=0, operation=PrimitiveOperation{id=DefaultOperationId{id=read, type=QUERY}, value=null}, index=2}
11:35:24.750 [raft-server-1-state] TRACE i.a.p.raft.impl.RaftServiceManager - RaftServer{1} - Applying Indexed{index=2, entry=QueryEntry{term=1, timestamp=2018-06-05 11:35:24,749, session=2, sequence=0, operation=PrimitiveOperation{id=DefaultOperationId{id=read, type=QUERY}, value=null}}}
11:35:24.750 [raft-server-1-state] TRACE i.a.p.s.impl.DefaultServiceExecutor - PrimitiveService{2}{type=io.atomix.protocols.raft.RaftTest$TestPrimitiveType@1659239f, name=raft-test} - Executing DefaultCommit{index=2, session=RaftSession{RaftServiceContext{server=1, type=io.atomix.protocols.raft.RaftTest$TestPrimitiveType@1659239f, name=raft-test, id=2}, session=2, timestamp=2018-06-05 11:35:24,655}, time=2018-06-05 11:35:24,749, operation=DefaultOperationId{id=read, type=QUERY}, value=null}
11:35:25.562 [raft-server-2] TRACE i.a.p.raft.roles.FollowerRole - RaftServer{2}{role=FOLLOWER} - Committed entries up to index 2
11:35:25.562 [raft-server-2] TRACE i.a.p.raft.roles.FollowerRole - RaftServer{2}{role=FOLLOWER} - Sending AppendResponse{status=OK, term=1, succeeded=true, lastLogIndex=2}
11:35:25.563 [raft-server-2] TRACE i.a.p.raft.roles.FollowerRole - RaftServer{2}{role=FOLLOWER} - Received AppendRequest{term=1, leader=1, prevLogIndex=2, prevLogTerm=1, entries=1, commitIndex=2}
11:35:25.563 [raft-server-1] TRACE i.a.p.raft.roles.LeaderAppender - RaftServer{1} - Received AppendResponse{status=OK, term=1, succeeded=true, lastLogIndex=2} from 2
11:35:25.563 [raft-server-2] TRACE i.a.p.raft.roles.FollowerRole - RaftServer{2}{role=FOLLOWER} - Appended Indexed{index=3, entry=KeepAliveEntry{term=1, timestamp=2018-06-05 11:35:24,746, sessionIds=long[]{length=1, hash=33}, commandSequences=long[]{length=1, hash=31}, eventIndexes=long[]{length=1, hash=33}}}
11:35:25.563 [raft-server-2] TRACE i.a.p.raft.roles.FollowerRole - RaftServer{2}{role=FOLLOWER} - Sending AppendResponse{status=OK, term=1, succeeded=true, lastLogIndex=3}
11:35:25.563 [raft-server-1] TRACE i.a.protocols.raft.roles.LeaderRole - RaftServer{1}{role=LEADER} - Sending QueryResponse{status=ERROR, error=RaftError{type=QUERY_FAILURE, message=io.atomix.protocols.raft.RaftException$ProtocolException: Failed to reach consensus}, lastSequence=0}
11:35:25.563 [raft-server-2-state] TRACE i.a.p.raft.impl.RaftServiceManager - RaftServer{2} - Applying Indexed{index=2, entry=OpenSessionEntry{term=1, timestamp=2018-06-05 11:35:24,655, node=3, serviceName=raft-test, serviceType=raft-test, serviceConfig=byte[]{length=2, hash=2636}, readConsistency=LINEARIZABLE, minTimeout=250, maxTimeout=5000}}
11:35:25.563 [raft-server-1] TRACE i.a.p.raft.roles.LeaderAppender - RaftServer{1} - Received AppendResponse{status=OK, term=1, succeeded=true, lastLogIndex=3} from 2
11:35:25.563 [raft-client-e93f55c3-5bda-4e64-bf5f-fc9c79dd4249-2] TRACE i.a.p.r.p.impl.RaftProxyConnection - PartitionProxy{2}{type=io.atomix.protocols.raft.RaftTest$TestPrimitiveType@35bfa1bb, name=raft-test} - Received QueryResponse{status=ERROR, error=RaftError{type=QUERY_FAILURE, message=io.atomix.protocols.raft.RaftException$ProtocolException: Failed to reach consensus}, lastSequence=0} from 1
11:35:25.563 [raft-server-1] TRACE i.a.p.raft.roles.LeaderAppender - RaftServer{1} - Committed entries up to 3
11:35:25.563 [raft-server-2-state] TRACE i.a.utils.serializer.KryoNamespace - Creating Kryo instance for KryoNamespace{registeredBlocks=[RegistrationBlock{begin=16, types=[([Ljava.lang.Class;@6b321262,null), ([Ljava.lang.Class;@68b11545,null), ([Ljava.lang.Class;@7d0100ea,null), ([Ljava.lang.Class;@357bc488,null), ([Ljava.lang.Class;@4ea17147,io.atomix.utils.serializer.serializers.ImmutableListSerializer@2eda4eeb), ([Ljava.lang.Class;@5ba90d8a,io.atomix.utils.serializer.serializers.ImmutableSetSerializer@309dcdf3), ([Ljava.lang.Class;@7573b9ee,io.atomix.utils.serializer.serializers.ImmutableMapSerializer@9a20cbd), ([Ljava.lang.Class;@1af4955e,null), ([Ljava.lang.Class;@445821a6,null), ([Ljava.lang.Class;@2c0c4c0a,null), ([Ljava.lang.Class;@35d26ad2,null), ([Ljava.lang.Class;@bb25753,null), ([Ljava.lang.Class;@ee21292,null), ([Ljava.lang.Class;@40c06358,null), ([Ljava.lang.Class;@66e21568,null), ([Ljava.lang.Class;@7f73ce28,null), ([Ljava.lang.Class;@611b35d6,null), ([Ljava.lang.Class;@2282400e,null), ([Ljava.lang.Class;@543d5863,null), ([Ljava.lang.Class;@35dece42,null), ([Ljava.lang.Class;@dd3f8aa,io.atomix.utils.serializer.serializers.ArraysAsListSerializer@3d615b2e), ([Ljava.lang.Class;@3a1f2a1,null), ([Ljava.lang.Class;@40ce9049,null), ([Ljava.lang.Class;@52ca2652,null), ([Ljava.lang.Class;@65c5bf0e,null), ([Ljava.lang.Class;@697d6ded,null), ([Ljava.lang.Class;@5d05f453,null), ([Ljava.lang.Class;@5efeb117,null), ([Ljava.lang.Class;@160b4809,null), ([Ljava.lang.Class;@149b4d20,null), ([Ljava.lang.Class;@664e848c,null), ([Ljava.lang.Class;@4d93f75b,null), ([Ljava.lang.Class;@114a5e0,null), ([Ljava.lang.Class;@4f281aaf,null), ([Ljava.lang.Class;@5d508d22,null), ([Ljava.lang.Class;@f2b90fc,null)]}, RegistrationBlock{begin=52, types=[([Ljava.lang.Class;@6422d2a9,null)]}]}
11:35:25.563 [raft-server-2-state] TRACE i.a.utils.serializer.KryoNamespace - class [B registered as 16
11:35:25.563 [raft-server-2-state] TRACE i.a.utils.serializer.KryoNamespace - class java.util.concurrent.atomic.AtomicBoolean registered as 17
11:35:25.563 [raft-server-2-state] TRACE i.a.utils.serializer.KryoNamespace - class java.util.concurrent.atomic.AtomicInteger registered as 18
11:35:25.563 [raft-server-2-state] TRACE i.a.utils.serializer.KryoNamespace - class java.util.concurrent.atomic.AtomicLong registered as 19
11:35:25.563 [raft-server-2-state] TRACE i.a.utils.serializer.KryoNamespace - class com.google.common.collect.ImmutableList registered as 20
11:35:25.563 [raft-server-2-state] TRACE i.a.utils.serializer.KryoNamespace - class com.google.common.collect.RegularImmutableList registered as 20
11:35:25.563 [raft-server-2-state] TRACE i.a.utils.serializer.KryoNamespace - class com.google.common.collect.RegularImmutableList registered as 20
11:35:25.563 [raft-server-2-state] TRACE i.a.utils.serializer.KryoNamespace - class com.google.common.collect.ImmutableList$SubList registered as 20
11:35:25.563 [raft-server-2-state] TRACE i.a.utils.serializer.KryoNamespace - class com.google.common.collect.ImmutableSet registered as 21
11:35:25.563 [raft-server-2-state] TRACE i.a.utils.serializer.KryoNamespace - class com.google.common.collect.RegularImmutableSet registered as 21
11:35:25.563 [raft-server-2-state] TRACE i.a.utils.serializer.KryoNamespace - class com.google.common.collect.SingletonImmutableSet registered as 21
11:35:25.563 [raft-server-2-state] TRACE i.a.utils.serializer.KryoNamespace - class com.google.common.collect.RegularImmutableSet registered as 21
11:35:25.563 [raft-server-2-state] TRACE i.a.utils.serializer.KryoNamespace - class com.google.common.collect.ImmutableMap registered as 22
11:35:25.563 [raft-server-2-state] TRACE i.a.utils.serializer.KryoNamespace - class com.google.common.collect.RegularImmutableMap registered as 22
11:35:25.563 [raft-server-2-state] TRACE i.a.utils.serializer.KryoNamespace - class com.google.common.collect.RegularImmutableMap registered as 22
11:35:25.563 [raft-server-2-state] TRACE i.a.utils.serializer.KryoNamespace - class com.google.common.collect.RegularImmutableMap registered as 22
11:35:25.563 [raft-server-2-state] TRACE i.a.utils.serializer.KryoNamespace - class java.util.Collections$UnmodifiableSet registered as 23
11:35:25.563 [raft-server-2-state] TRACE i.a.utils.serializer.KryoNamespace - class java.util.HashMap registered as 24
11:35:25.563 [raft-server-2-state] TRACE i.a.utils.serializer.KryoNamespace - class java.util.concurrent.ConcurrentHashMap registered as 25
11:35:25.563 [raft-server-2-state] TRACE i.a.utils.serializer.KryoNamespace - class java.util.concurrent.CopyOnWriteArraySet registered as 26
11:35:25.564 [raft-server-2-state] TRACE i.a.utils.serializer.KryoNamespace - class java.util.ArrayList registered as 27
11:35:25.564 [raft-client-e93f55c3-5bda-4e64-bf5f-fc9c79dd4249-2] TRACE i.a.p.r.p.impl.RaftProxySequencer - PartitionProxy{2}{type=io.atomix.protocols.raft.RaftTest$TestPrimitiveType@35bfa1bb, name=raft-test} - Completing failed request
11:35:25.564 [raft-server-2-state] TRACE i.a.utils.serializer.KryoNamespace - class java.util.LinkedList registered as 28
11:35:25.564 [raft-server-2-state] TRACE i.a.utils.serializer.KryoNamespace - class java.util.HashSet registered as 29
11:35:25.564 [raft-server-2-state] TRACE i.a.utils.serializer.KryoNamespace - class java.util.LinkedHashSet registered as 30
11:35:25.564 [raft-server-2-state] TRACE i.a.utils.serializer.KryoNamespace - class com.sun.jmx.remote.internal.ArrayQueue registered as 31
11:35:25.564 [raft-server-2-state] TRACE i.a.utils.serializer.KryoNamespace - class java.util.ArrayDeque registered as 32
11:35:25.564 [raft-server-2-state] TRACE i.a.utils.serializer.KryoNamespace - class com.google.common.collect.HashMultiset registered as 33
11:35:25.564 [raft-server-2-state] TRACE i.a.utils.serializer.KryoNamespace - class com.google.common.collect.Sets registered as 34
11:35:25.564 [raft-server-2-state] TRACE i.a.utils.serializer.KryoNamespace - class com.google.common.collect.ImmutableEntry registered as 35
11:35:25.564 [raft-server-2-state] TRACE i.a.utils.serializer.KryoNamespace - class java.util.Arrays$ArrayList registered as 36
11:35:25.564 [raft-server-2-state] TRACE i.a.utils.serializer.KryoNamespace - class java.util.Collections$SingletonList registered as 37
11:35:25.564 [raft-server-2-state] TRACE i.a.utils.serializer.KryoNamespace - class java.time.Duration registered as 38
11:35:25.564 [raft-server-2-state] TRACE i.a.utils.serializer.KryoNamespace - class java.util.Collections$EmptySet registered as 39
11:35:25.564 [raft-server-2-state] TRACE i.a.utils.serializer.KryoNamespace - class java.util.Optional registered as 40
11:35:25.564 [raft-server-2-state] TRACE i.a.utils.serializer.KryoNamespace - class java.util.Collections$EmptyList registered as 41
11:35:25.564 [raft-server-2-state] TRACE i.a.utils.serializer.KryoNamespace - class java.util.Collections$SingletonSet registered as 42
11:35:25.564 [raft-server-2-state] TRACE i.a.utils.serializer.KryoNamespace - class [I registered as 43
11:35:25.564 [raft-server-2-state] TRACE i.a.utils.serializer.KryoNamespace - class [J registered as 44
11:35:25.564 [raft-server-2-state] TRACE i.a.utils.serializer.KryoNamespace - class [S registered as 45
11:35:25.564 [raft-server-2-state] TRACE i.a.utils.serializer.KryoNamespace - class [D registered as 46
11:35:25.564 [raft-server-2-state] TRACE i.a.utils.serializer.KryoNamespace - class [F registered as 47
11:35:25.564 [raft-server-2-state] TRACE i.a.utils.serializer.KryoNamespace - class [C registered as 48
11:35:25.564 [raft-server-2-state] TRACE i.a.utils.serializer.KryoNamespace - class [Ljava.lang.String; registered as 49
11:35:25.564 [raft-server-2-state] TRACE i.a.utils.serializer.KryoNamespace - class [Z registered as 50
11:35:25.564 [raft-server-2-state] TRACE i.a.utils.serializer.KryoNamespace - class [Ljava.lang.Object; registered as 51
11:35:25.564 [raft-server-2-state] TRACE i.a.utils.serializer.KryoNamespace - class io.atomix.primitive.service.ServiceConfig registered as 52
11:35:25.564 [raft-server-2-state] TRACE i.a.utils.serializer.KryoNamespace - Creating Kryo instance for KryoNamespace{registeredBlocks=[RegistrationBlock{begin=16, types=[([Ljava.lang.Class;@6b321262,null), ([Ljava.lang.Class;@68b11545,null), ([Ljava.lang.Class;@7d0100ea,null), ([Ljava.lang.Class;@357bc488,null), ([Ljava.lang.Class;@4ea17147,io.atomix.utils.serializer.serializers.ImmutableListSerializer@2eda4eeb), ([Ljava.lang.Class;@5ba90d8a,io.atomix.utils.serializer.serializers.ImmutableSetSerializer@309dcdf3), ([Ljava.lang.Class;@7573b9ee,io.atomix.utils.serializer.serializers.ImmutableMapSerializer@9a20cbd), ([Ljava.lang.Class;@1af4955e,null), ([Ljava.lang.Class;@445821a6,null), ([Ljava.lang.Class;@2c0c4c0a,null), ([Ljava.lang.Class;@35d26ad2,null), ([Ljava.lang.Class;@bb25753,null), ([Ljava.lang.Class;@ee21292,null), ([Ljava.lang.Class;@40c06358,null), ([Ljava.lang.Class;@66e21568,null), ([Ljava.lang.Class;@7f73ce28,null), ([Ljava.lang.Class;@611b35d6,null), ([Ljava.lang.Class;@2282400e,null), ([Ljava.lang.Class;@543d5863,null), ([Ljava.lang.Class;@35dece42,null), ([Ljava.lang.Class;@dd3f8aa,io.atomix.utils.serializer.serializers.ArraysAsListSerializer@3d615b2e), ([Ljava.lang.Class;@3a1f2a1,null), ([Ljava.lang.Class;@40ce9049,null), ([Ljava.lang.Class;@52ca2652,null), ([Ljava.lang.Class;@65c5bf0e,null), ([Ljava.lang.Class;@697d6ded,null), ([Ljava.lang.Class;@5d05f453,null), ([Ljava.lang.Class;@5efeb117,null), ([Ljava.lang.Class;@160b4809,null), ([Ljava.lang.Class;@149b4d20,null), ([Ljava.lang.Class;@664e848c,null), ([Ljava.lang.Class;@4d93f75b,null), ([Ljava.lang.Class;@114a5e0,null), ([Ljava.lang.Class;@4f281aaf,null), ([Ljava.lang.Class;@5d508d22,null), ([Ljava.lang.Class;@f2b90fc,null)]}, RegistrationBlock{begin=52, types=[([Ljava.lang.Class;@6ae5305d,null)]}]}
11:35:25.564 [raft-server-2-state] TRACE i.a.utils.serializer.KryoNamespace - class [B registered as 16
11:35:25.564 [raft-server-2-state] TRACE i.a.utils.serializer.KryoNamespace - class java.util.concurrent.atomic.AtomicBoolean registered as 17
11:35:25.565 [raft-server-2-state] TRACE i.a.utils.serializer.KryoNamespace - class java.util.concurrent.atomic.AtomicInteger registered as 18
11:35:25.565 [raft-server-2-state] TRACE i.a.utils.serializer.KryoNamespace - class java.util.concurrent.atomic.AtomicLong registered as 19
11:35:25.565 [raft-server-2-state] TRACE i.a.utils.serializer.KryoNamespace - class com.google.common.collect.ImmutableList registered as 20
11:35:25.565 [raft-server-2-state] TRACE i.a.utils.serializer.KryoNamespace - class com.google.common.collect.RegularImmutableList registered as 20
11:35:25.565 [raft-server-2-state] TRACE i.a.utils.serializer.KryoNamespace - class com.google.common.collect.RegularImmutableList registered as 20
11:35:25.565 [raft-server-2-state] TRACE i.a.utils.serializer.KryoNamespace - class com.google.common.collect.ImmutableList$SubList registered as 20
11:35:25.565 [raft-server-2-state] TRACE i.a.utils.serializer.KryoNamespace - class com.google.common.collect.ImmutableSet registered as 21
11:35:25.565 [raft-server-2-state] TRACE i.a.utils.serializer.KryoNamespace - class com.google.common.collect.RegularImmutableSet registered as 21
11:35:25.565 [raft-server-2-state] TRACE i.a.utils.serializer.KryoNamespace - class com.google.common.collect.SingletonImmutableSet registered as 21
11:35:25.565 [raft-server-2-state] TRACE i.a.utils.serializer.KryoNamespace - class com.google.common.collect.RegularImmutableSet registered as 21
11:35:25.565 [raft-server-2-state] TRACE i.a.utils.serializer.KryoNamespace - class com.google.common.collect.ImmutableMap registered as 22
11:35:25.565 [raft-server-2-state] TRACE i.a.utils.serializer.KryoNamespace - class com.google.common.collect.RegularImmutableMap registered as 22
11:35:25.565 [raft-server-2-state] TRACE i.a.utils.serializer.KryoNamespace - class com.google.common.collect.RegularImmutableMap registered as 22
11:35:25.565 [raft-server-2-state] TRACE i.a.utils.serializer.KryoNamespace - class com.google.common.collect.RegularImmutableMap registered as 22
11:35:25.565 [raft-server-2-state] TRACE i.a.utils.serializer.KryoNamespace - class java.util.Collections$UnmodifiableSet registered as 23
11:35:25.565 [raft-server-2-state] TRACE i.a.utils.serializer.KryoNamespace - class java.util.HashMap registered as 24
11:35:25.565 [raft-server-2-state] TRACE i.a.utils.serializer.KryoNamespace - class java.util.concurrent.ConcurrentHashMap registered as 25
11:35:25.565 [raft-server-2-state] TRACE i.a.utils.serializer.KryoNamespace - class java.util.concurrent.CopyOnWriteArraySet registered as 26
11:35:25.565 [raft-server-2-state] TRACE i.a.utils.serializer.KryoNamespace - class java.util.ArrayList registered as 27
11:35:25.565 [raft-server-2-state] TRACE i.a.utils.serializer.KryoNamespace - class java.util.LinkedList registered as 28
11:35:25.565 [raft-server-2-state] TRACE i.a.utils.serializer.KryoNamespace - class java.util.HashSet registered as 29
11:35:25.565 [raft-server-2-state] TRACE i.a.utils.serializer.KryoNamespace - class java.util.LinkedHashSet registered as 30
11:35:25.565 [raft-server-2-state] TRACE i.a.utils.serializer.KryoNamespace - class com.sun.jmx.remote.internal.ArrayQueue registered as 31
11:35:25.565 [raft-server-2-state] TRACE i.a.utils.serializer.KryoNamespace - class java.util.ArrayDeque registered as 32
11:35:25.565 [raft-server-2-state] TRACE i.a.utils.serializer.KryoNamespace - class com.google.common.collect.HashMultiset registered as 33
11:35:25.565 [raft-server-2-state] TRACE i.a.utils.serializer.KryoNamespace - class com.google.common.collect.Sets registered as 34
11:35:25.565 [raft-server-2-state] TRACE i.a.utils.serializer.KryoNamespace - class com.google.common.collect.ImmutableEntry registered as 35
11:35:25.565 [raft-server-2-state] TRACE i.a.utils.serializer.KryoNamespace - class java.util.Arrays$ArrayList registered as 36
11:35:25.565 [raft-server-2-state] TRACE i.a.utils.serializer.KryoNamespace - class java.util.Collections$SingletonList registered as 37
11:35:25.565 [raft-server-2-state] TRACE i.a.utils.serializer.KryoNamespace - class java.time.Duration registered as 38
11:35:25.565 [raft-server-2-state] TRACE i.a.utils.serializer.KryoNamespace - class java.util.Collections$EmptySet registered as 39
11:35:25.565 [raft-server-2-state] TRACE i.a.utils.serializer.KryoNamespace - class java.util.Optional registered as 40
11:35:25.566 [raft-server-2-state] TRACE i.a.utils.serializer.KryoNamespace - class java.util.Collections$EmptyList registered as 41
11:35:25.566 [raft-server-2-state] TRACE i.a.utils.serializer.KryoNamespace - class java.util.Collections$SingletonSet registered as 42
11:35:25.566 [raft-server-2-state] TRACE i.a.utils.serializer.KryoNamespace - class [I registered as 43
11:35:25.566 [raft-server-2-state] TRACE i.a.utils.serializer.KryoNamespace - class [J registered as 44
11:35:25.566 [raft-server-2-state] TRACE i.a.utils.serializer.KryoNamespace - class [S registered as 45
11:35:25.566 [raft-server-2-state] TRACE i.a.utils.serializer.KryoNamespace - class [D registered as 46
11:35:25.566 [raft-server-2-state] TRACE i.a.utils.serializer.KryoNamespace - class [F registered as 47
11:35:25.566 [raft-server-2-state] TRACE i.a.utils.serializer.KryoNamespace - class [C registered as 48
11:35:25.566 [raft-server-2-state] TRACE i.a.utils.serializer.KryoNamespace - class [Ljava.lang.String; registered as 49
11:35:25.566 [raft-server-2-state] TRACE i.a.utils.serializer.KryoNamespace - class [Z registered as 50
11:35:25.566 [raft-server-2-state] TRACE i.a.utils.serializer.KryoNamespace - class [Ljava.lang.Object; registered as 51
11:35:25.566 [raft-server-2-state] TRACE i.a.utils.serializer.KryoNamespace - class io.atomix.primitive.service.ServiceConfig registered as 52
11:35:25.566 [raft-server-2-state] DEBUG i.a.p.s.impl.DefaultServiceExecutor - PrimitiveService{2}{type=io.atomix.protocols.raft.RaftTest$TestPrimitiveType@6edab9d9, name=raft-test} - Registered operation callback DefaultOperationId{id=sendEvent, type=COMMAND}
11:35:25.566 [raft-server-2-state] DEBUG i.a.p.s.impl.DefaultServiceExecutor - PrimitiveService{2}{type=io.atomix.protocols.raft.RaftTest$TestPrimitiveType@6edab9d9, name=raft-test} - Registered operation callback DefaultOperationId{id=onClose, type=COMMAND}
11:35:25.566 [raft-server-2-state] DEBUG i.a.p.s.impl.DefaultServiceExecutor - PrimitiveService{2}{type=io.atomix.protocols.raft.RaftTest$TestPrimitiveType@6edab9d9, name=raft-test} - Registered operation callback DefaultOperationId{id=read, type=QUERY}
11:35:25.566 [raft-server-2-state] DEBUG i.a.p.s.impl.DefaultServiceExecutor - PrimitiveService{2}{type=io.atomix.protocols.raft.RaftTest$TestPrimitiveType@6edab9d9, name=raft-test} - Registered operation callback DefaultOperationId{id=onExpire, type=COMMAND}
11:35:25.566 [raft-server-2-state] DEBUG i.a.p.s.impl.DefaultServiceExecutor - PrimitiveService{2}{type=io.atomix.protocols.raft.RaftTest$TestPrimitiveType@6edab9d9, name=raft-test} - Registered operation callback DefaultOperationId{id=write, type=COMMAND}
11:35:25.566 [raft-server-2-state] TRACE i.a.utils.serializer.KryoNamespace - Creating Kryo instance for KryoNamespace{registeredBlocks=[RegistrationBlock{begin=16, types=[([Ljava.lang.Class;@6b321262,null), ([Ljava.lang.Class;@68b11545,null), ([Ljava.lang.Class;@7d0100ea,null), ([Ljava.lang.Class;@357bc488,null), ([Ljava.lang.Class;@4ea17147,io.atomix.utils.serializer.serializers.ImmutableListSerializer@2eda4eeb), ([Ljava.lang.Class;@5ba90d8a,io.atomix.utils.serializer.serializers.ImmutableSetSerializer@309dcdf3), ([Ljava.lang.Class;@7573b9ee,io.atomix.utils.serializer.serializers.ImmutableMapSerializer@9a20cbd), ([Ljava.lang.Class;@1af4955e,null), ([Ljava.lang.Class;@445821a6,null), ([Ljava.lang.Class;@2c0c4c0a,null), ([Ljava.lang.Class;@35d26ad2,null), ([Ljava.lang.Class;@bb25753,null), ([Ljava.lang.Class;@ee21292,null), ([Ljava.lang.Class;@40c06358,null), ([Ljava.lang.Class;@66e21568,null), ([Ljava.lang.Class;@7f73ce28,null), ([Ljava.lang.Class;@611b35d6,null), ([Ljava.lang.Class;@2282400e,null), ([Ljava.lang.Class;@543d5863,null), ([Ljava.lang.Class;@35dece42,null), ([Ljava.lang.Class;@dd3f8aa,io.atomix.utils.serializer.serializers.ArraysAsListSerializer@3d615b2e), ([Ljava.lang.Class;@3a1f2a1,null), ([Ljava.lang.Class;@40ce9049,null), ([Ljava.lang.Class;@52ca2652,null), ([Ljava.lang.Class;@65c5bf0e,null), ([Ljava.lang.Class;@697d6ded,null), ([Ljava.lang.Class;@5d05f453,null), ([Ljava.lang.Class;@5efeb117,null), ([Ljava.lang.Class;@160b4809,null), ([Ljava.lang.Class;@149b4d20,null), ([Ljava.lang.Class;@664e848c,null), ([Ljava.lang.Class;@4d93f75b,null), ([Ljava.lang.Class;@114a5e0,null), ([Ljava.lang.Class;@4f281aaf,null), ([Ljava.lang.Class;@5d508d22,null), ([Ljava.lang.Class;@f2b90fc,null)]}, RegistrationBlock{begin=52, types=[([Ljava.lang.Class;@2bd83a66,null)]}]}
11:35:25.566 [raft-server-2-state] TRACE i.a.utils.serializer.KryoNamespace - class [B registered as 16
11:35:25.566 [raft-server-2-state] TRACE i.a.utils.serializer.KryoNamespace - class java.util.concurrent.atomic.AtomicBoolean registered as 17
11:35:25.566 [raft-server-2-state] TRACE i.a.utils.serializer.KryoNamespace - class java.util.concurrent.atomic.AtomicInteger registered as 18
11:35:25.566 [raft-server-2-state] TRACE i.a.utils.serializer.KryoNamespace - class java.util.concurrent.atomic.AtomicLong registered as 19
11:35:25.566 [raft-server-2-state] TRACE i.a.utils.serializer.KryoNamespace - class com.google.common.collect.ImmutableList registered as 20
11:35:25.566 [raft-server-2-state] TRACE i.a.utils.serializer.KryoNamespace - class com.google.common.collect.RegularImmutableList registered as 20
11:35:25.567 [raft-server-2-state] TRACE i.a.utils.serializer.KryoNamespace - class com.google.common.collect.RegularImmutableList registered as 20
11:35:25.567 [raft-server-2-state] TRACE i.a.utils.serializer.KryoNamespace - class com.google.common.collect.ImmutableList$SubList registered as 20
11:35:25.567 [raft-server-2-state] TRACE i.a.utils.serializer.KryoNamespace - class com.google.common.collect.ImmutableSet registered as 21
11:35:25.567 [raft-server-2-state] TRACE i.a.utils.serializer.KryoNamespace - class com.google.common.collect.RegularImmutableSet registered as 21
11:35:25.567 [raft-server-2-state] TRACE i.a.utils.serializer.KryoNamespace - class com.google.common.collect.SingletonImmutableSet registered as 21
11:35:25.567 [raft-server-2-state] TRACE i.a.utils.serializer.KryoNamespace - class com.google.common.collect.RegularImmutableSet registered as 21
11:35:25.567 [raft-server-2-state] TRACE i.a.utils.serializer.KryoNamespace - class com.google.common.collect.ImmutableMap registered as 22
11:35:25.567 [raft-server-2-state] TRACE i.a.utils.serializer.KryoNamespace - class com.google.common.collect.RegularImmutableMap registered as 22
11:35:25.567 [raft-server-2-state] TRACE i.a.utils.serializer.KryoNamespace - class com.google.common.collect.RegularImmutableMap registered as 22
11:35:25.567 [raft-server-2-state] TRACE i.a.utils.serializer.KryoNamespace - class com.google.common.collect.RegularImmutableMap registered as 22
11:35:25.567 [raft-server-2-state] TRACE i.a.utils.serializer.KryoNamespace - class java.util.Collections$UnmodifiableSet registered as 23
11:35:25.567 [raft-server-2-state] TRACE i.a.utils.serializer.KryoNamespace - class java.util.HashMap registered as 24
11:35:25.567 [raft-server-2-state] TRACE i.a.utils.serializer.KryoNamespace - class java.util.concurrent.ConcurrentHashMap registered as 25
11:35:25.567 [raft-server-2-state] TRACE i.a.utils.serializer.KryoNamespace - class java.util.concurrent.CopyOnWriteArraySet registered as 26
11:35:25.567 [raft-server-2-state] TRACE i.a.utils.serializer.KryoNamespace - class java.util.ArrayList registered as 27
11:35:25.567 [raft-server-2-state] TRACE i.a.utils.serializer.KryoNamespace - class java.util.LinkedList registered as 28
11:35:25.567 [raft-server-2-state] TRACE i.a.utils.serializer.KryoNamespace - class java.util.HashSet registered as 29
11:35:25.567 [raft-server-2-state] TRACE i.a.utils.serializer.KryoNamespace - class java.util.LinkedHashSet registered as 30
11:35:25.567 [raft-server-2-state] TRACE i.a.utils.serializer.KryoNamespace - class com.sun.jmx.remote.internal.ArrayQueue registered as 31
11:35:25.567 [raft-server-2-state] TRACE i.a.utils.serializer.KryoNamespace - class java.util.ArrayDeque registered as 32
11:35:25.567 [raft-server-2-state] TRACE i.a.utils.serializer.KryoNamespace - class com.google.common.collect.HashMultiset registered as 33
11:35:25.567 [raft-server-2-state] TRACE i.a.utils.serializer.KryoNamespace - class com.google.common.collect.Sets registered as 34
11:35:25.567 [raft-server-2-state] TRACE i.a.utils.serializer.KryoNamespace - class com.google.common.collect.ImmutableEntry registered as 35
11:35:25.567 [raft-server-2-state] TRACE i.a.utils.serializer.KryoNamespace - class java.util.Arrays$ArrayList registered as 36
11:35:25.567 [raft-server-2-state] TRACE i.a.utils.serializer.KryoNamespace - class java.util.Collections$SingletonList registered as 37
11:35:25.567 [raft-server-2-state] TRACE i.a.utils.serializer.KryoNamespace - class java.time.Duration registered as 38
11:35:25.567 [raft-server-2-state] TRACE i.a.utils.serializer.KryoNamespace - class java.util.Collections$EmptySet registered as 39
11:35:25.567 [raft-server-2-state] TRACE i.a.utils.serializer.KryoNamespace - class java.util.Optional registered as 40
11:35:25.567 [raft-server-2-state] TRACE i.a.utils.serializer.KryoNamespace - class java.util.Collections$EmptyList registered as 41
11:35:25.567 [raft-server-2-state] TRACE i.a.utils.serializer.KryoNamespace - class java.util.Collections$SingletonSet registered as 42
11:35:25.567 [raft-server-2-state] TRACE i.a.utils.serializer.KryoNamespace - class [I registered as 43
11:35:25.567 [raft-server-2-state] TRACE i.a.utils.serializer.KryoNamespace - class [J registered as 44
11:35:25.567 [raft-server-2-state] TRACE i.a.utils.serializer.KryoNamespace - class [S registered as 45
11:35:25.568 [raft-server-2-state] TRACE i.a.utils.serializer.KryoNamespace - class [D registered as 46
11:35:25.568 [raft-server-2-state] TRACE i.a.utils.serializer.KryoNamespace - class [F registered as 47
11:35:25.568 [raft-server-2-state] TRACE i.a.utils.serializer.KryoNamespace - class [C registered as 48
11:35:25.568 [raft-server-2-state] TRACE i.a.utils.serializer.KryoNamespace - class [Ljava.lang.String; registered as 49
11:35:25.568 [raft-server-2-state] TRACE i.a.utils.serializer.KryoNamespace - class [Z registered as 50
11:35:25.568 [raft-server-2-state] TRACE i.a.utils.serializer.KryoNamespace - class [Ljava.lang.Object; registered as 51
11:35:25.568 [raft-server-2-state] TRACE i.a.utils.serializer.KryoNamespace - class io.atomix.primitive.service.ServiceConfig registered as 52
11:35:25.568 [raft-server-2-state] DEBUG i.a.p.r.service.RaftServiceContext - PrimitiveService{2}{type=io.atomix.protocols.raft.RaftTest$TestPrimitiveType@6edab9d9, name=raft-test} - Opening session 2
11:35:25.568 [raft-server-2-state] DEBUG i.a.p.raft.session.RaftSession - PrimitiveSession{2}{type=io.atomix.protocols.raft.RaftTest$TestPrimitiveType@6edab9d9, name=raft-test} - State changed: OPEN
11:35:25.625 [raft-server-1] TRACE i.a.p.raft.roles.LeaderAppender - RaftServer{1} - Sending AppendRequest{term=1, leader=1, prevLogIndex=3, prevLogTerm=1, entries=0, commitIndex=3} to 2
11:35:25.625 [raft-server-2] TRACE i.a.p.raft.roles.FollowerRole - RaftServer{2}{role=FOLLOWER} - Received AppendRequest{term=1, leader=1, prevLogIndex=3, prevLogTerm=1, entries=0, commitIndex=3}
11:35:25.625 [raft-server-1-state] TRACE i.a.p.raft.impl.RaftServiceManager - RaftServer{1} - Applying Indexed{index=3, entry=KeepAliveEntry{term=1, timestamp=2018-06-05 11:35:24,746, sessionIds=long[]{length=1, hash=33}, commandSequences=long[]{length=1, hash=31}, eventIndexes=long[]{length=1, hash=33}}}
11:35:25.626 [raft-server-1] TRACE i.a.protocols.raft.roles.LeaderRole - RaftServer{1}{role=LEADER} - Sending KeepAliveResponse{status=OK, leader=1, members=[1, 2], sessionIds=long[]{length=1, hash=33}}
11:35:25.626 [raft-client-e93f55c3-5bda-4e64-bf5f-fc9c79dd4249-1] TRACE i.a.p.r.p.impl.RaftProxyConnection - RaftClient{e93f55c3-5bda-4e64-bf5f-fc9c79dd4249} - Received KeepAliveResponse{status=OK, leader=1, members=[1, 2], sessionIds=long[]{length=1, hash=33}} from 1
11:35:25.650 [raft-server-2] TRACE i.a.p.raft.roles.FollowerRole - RaftServer{2}{role=FOLLOWER} - Committed entries up to index 3
11:35:25.650 [raft-server-2] TRACE i.a.p.raft.roles.FollowerRole - RaftServer{2}{role=FOLLOWER} - Sending AppendResponse{status=OK, term=1, succeeded=true, lastLogIndex=3}
11:35:25.650 [raft-server-2-state] TRACE i.a.p.raft.impl.RaftServiceManager - RaftServer{2} - Applying Indexed{index=3, entry=KeepAliveEntry{term=1, timestamp=2018-06-05 11:35:24,746, sessionIds=long[]{length=1, hash=33}, commandSequences=long[]{length=1, hash=31}, eventIndexes=long[]{length=1, hash=33}}}
11:35:25.650 [raft-server-1] TRACE i.a.p.raft.roles.LeaderAppender - RaftServer{1} - Received AppendResponse{status=OK, term=1, succeeded=true, lastLogIndex=3} from 2
11:35:25.735 [raft-server-1] TRACE i.a.p.raft.roles.LeaderAppender - RaftServer{1} - Sending AppendRequest{term=1, leader=1, prevLogIndex=3, prevLogTerm=1, entries=0, commitIndex=3} to 2
11:35:25.735 [raft-server-2] TRACE i.a.p.raft.roles.FollowerRole - RaftServer{2}{role=FOLLOWER} - Received AppendRequest{term=1, leader=1, prevLogIndex=3, prevLogTerm=1, entries=0, commitIndex=3}
11:35:25.735 [raft-server-2] TRACE i.a.p.raft.roles.FollowerRole - RaftServer{2}{role=FOLLOWER} - Sending AppendResponse{status=OK, term=1, succeeded=true, lastLogIndex=3}
11:35:25.735 [raft-server-1] TRACE i.a.p.raft.roles.LeaderAppender - RaftServer{1} - Received AppendResponse{status=OK, term=1, succeeded=true, lastLogIndex=3} from 2
11:35:25.735 [raft-server-1] TRACE i.a.p.raft.roles.LeaderAppender - RaftServer{1} - Sending AppendRequest{term=1, leader=1, prevLogIndex=3, prevLogTerm=1, entries=0, commitIndex=3} to 2
11:35:25.735 [raft-server-2] TRACE i.a.p.raft.roles.FollowerRole - RaftServer{2}{role=FOLLOWER} - Received AppendRequest{term=1, leader=1, prevLogIndex=3, prevLogTerm=1, entries=0, commitIndex=3}
11:35:25.735 [raft-server-2] TRACE i.a.p.raft.roles.FollowerRole - RaftServer{2}{role=FOLLOWER} - Sending AppendResponse{status=OK, term=1, succeeded=true, lastLogIndex=3}
11:35:25.735 [raft-server-1] TRACE i.a.p.raft.roles.LeaderAppender - RaftServer{1} - Received AppendResponse{status=OK, term=1, succeeded=true, lastLogIndex=3} from 2
11:35:25.735 [raft-server-1] TRACE i.a.p.raft.roles.LeaderAppender - RaftServer{1} - Sending AppendRequest{term=1, leader=1, prevLogIndex=3, prevLogTerm=1, entries=0, commitIndex=3} to 2
11:35:25.735 [raft-server-2] TRACE i.a.p.raft.roles.FollowerRole - RaftServer{2}{role=FOLLOWER} - Received AppendRequest{term=1, leader=1, prevLogIndex=3, prevLogTerm=1, entries=0, commitIndex=3}
11:35:25.735 [raft-server-2] TRACE i.a.p.raft.roles.FollowerRole - RaftServer{2}{role=FOLLOWER} - Sending AppendResponse{status=OK, term=1, succeeded=true, lastLogIndex=3}
11:35:25.735 [raft-server-1] TRACE i.a.p.raft.roles.LeaderAppender - RaftServer{1} - Received AppendResponse{status=OK, term=1, succeeded=true, lastLogIndex=3} from 2
11:35:25.735 [raft-server-1] TRACE i.a.p.raft.roles.LeaderAppender - RaftServer{1} - Sending AppendRequest{term=1, leader=1, prevLogIndex=3, prevLogTerm=1, entries=0, commitIndex=3} to 2
11:35:25.735 [raft-server-2] TRACE i.a.p.raft.roles.FollowerRole - RaftServer{2}{role=FOLLOWER} - Received AppendRequest{term=1, leader=1, prevLogIndex=3, prevLogTerm=1, entries=0, commitIndex=3}
11:35:25.735 [raft-server-2] TRACE i.a.p.raft.roles.FollowerRole - RaftServer{2}{role=FOLLOWER} - Sending AppendResponse{status=OK, term=1, succeeded=true, lastLogIndex=3}
11:35:25.735 [raft-server-1] TRACE i.a.p.raft.roles.LeaderAppender - RaftServer{1} - Received AppendResponse{status=OK, term=1, succeeded=true, lastLogIndex=3} from 2
11:35:25.736 [raft-server-1] TRACE i.a.p.raft.roles.LeaderAppender - RaftServer{1} - Sending AppendRequest{term=1, leader=1, prevLogIndex=3, prevLogTerm=1, entries=0, commitIndex=3} to 2
11:35:25.736 [raft-server-2] TRACE i.a.p.raft.roles.FollowerRole - RaftServer{2}{role=FOLLOWER} - Received AppendRequest{term=1, leader=1, prevLogIndex=3, prevLogTerm=1, entries=0, commitIndex=3}
11:35:25.736 [raft-server-2] TRACE i.a.p.raft.roles.FollowerRole - RaftServer{2}{role=FOLLOWER} - Sending AppendResponse{status=OK, term=1, succeeded=true, lastLogIndex=3}
11:35:25.736 [raft-server-1] TRACE i.a.p.raft.roles.LeaderAppender - RaftServer{1} - Received AppendResponse{status=OK, term=1, succeeded=true, lastLogIndex=3} from 2
11:35:25.985 [raft-server-1] TRACE i.a.p.raft.roles.LeaderAppender - RaftServer{1} - Sending AppendRequest{term=1, leader=1, prevLogIndex=3, prevLogTerm=1, entries=0, commitIndex=3} to 2
11:35:25.985 [raft-server-2] TRACE i.a.p.raft.roles.FollowerRole - RaftServer{2}{role=FOLLOWER} - Received AppendRequest{term=1, leader=1, prevLogIndex=3, prevLogTerm=1, entries=0, commitIndex=3}
11:35:25.985 [raft-server-2] TRACE i.a.p.raft.roles.FollowerRole - RaftServer{2}{role=FOLLOWER} - Sending AppendResponse{status=OK, term=1, succeeded=true, lastLogIndex=3}
11:35:25.985 [raft-server-1] TRACE i.a.p.raft.roles.LeaderAppender - RaftServer{1} - Received AppendResponse{status=OK, term=1, succeeded=true, lastLogIndex=3} from 2
11:35:25.985 [raft-server-1] TRACE i.a.p.raft.roles.LeaderAppender - RaftServer{1} - Sending AppendRequest{term=1, leader=1, prevLogIndex=3, prevLogTerm=1, entries=0, commitIndex=3} to 2
11:35:25.985 [raft-server-2] TRACE i.a.p.raft.roles.FollowerRole - RaftServer{2}{role=FOLLOWER} - Received AppendRequest{term=1, leader=1, prevLogIndex=3, prevLogTerm=1, entries=0, commitIndex=3}
11:35:25.985 [raft-server-2] TRACE i.a.p.raft.roles.FollowerRole - RaftServer{2}{role=FOLLOWER} - Sending AppendResponse{status=OK, term=1, succeeded=true, lastLogIndex=3}
11:35:25.985 [raft-server-1] TRACE i.a.p.raft.roles.LeaderAppender - RaftServer{1} - Received AppendResponse{status=OK, term=1, succeeded=true, lastLogIndex=3} from 2
11:35:25.985 [raft-server-1] TRACE i.a.p.raft.roles.LeaderAppender - RaftServer{1} - Sending AppendRequest{term=1, leader=1, prevLogIndex=3, prevLogTerm=1, entries=0, commitIndex=3} to 2
11:35:25.985 [raft-server-2] TRACE i.a.p.raft.roles.FollowerRole - RaftServer{2}{role=FOLLOWER} - Received AppendRequest{term=1, leader=1, prevLogIndex=3, prevLogTerm=1, entries=0, commitIndex=3}
11:35:25.985 [raft-server-2] TRACE i.a.p.raft.roles.FollowerRole - RaftServer{2}{role=FOLLOWER} - Sending AppendResponse{status=OK, term=1, succeeded=true, lastLogIndex=3}
11:35:25.985 [raft-server-1] TRACE i.a.p.raft.roles.LeaderAppender - RaftServer{1} - Received AppendResponse{status=OK, term=1, succeeded=true, lastLogIndex=3} from 2
11:35:25.986 [raft-server-1] TRACE i.a.p.raft.roles.LeaderAppender - RaftServer{1} - Sending AppendRequest{term=1, leader=1, prevLogIndex=3, prevLogTerm=1, entries=0, commitIndex=3} to 2
11:35:25.986 [raft-server-2] TRACE i.a.p.raft.roles.FollowerRole - RaftServer{2}{role=FOLLOWER} - Received AppendRequest{term=1, leader=1, prevLogIndex=3, prevLogTerm=1, entries=0, commitIndex=3}
11:35:25.986 [raft-server-2] TRACE i.a.p.raft.roles.FollowerRole - RaftServer{2}{role=FOLLOWER} - Sending AppendResponse{status=OK, term=1, succeeded=true, lastLogIndex=3}
11:35:25.986 [raft-server-1] TRACE i.a.p.raft.roles.LeaderAppender - RaftServer{1} - Received AppendResponse{status=OK, term=1, succeeded=true, lastLogIndex=3} from 2
11:35:26.235 [raft-server-1] TRACE i.a.p.raft.roles.LeaderAppender - RaftServer{1} - Sending AppendRequest{term=1, leader=1, prevLogIndex=3, prevLogTerm=1, entries=0, commitIndex=3} to 2
11:35:26.235 [raft-server-2] TRACE i.a.p.raft.roles.FollowerRole - RaftServer{2}{role=FOLLOWER} - Received AppendRequest{term=1, leader=1, prevLogIndex=3, prevLogTerm=1, entries=0, commitIndex=3}
11:35:26.235 [raft-server-2] TRACE i.a.p.raft.roles.FollowerRole - RaftServer{2}{role=FOLLOWER} - Sending AppendResponse{status=OK, term=1, succeeded=true, lastLogIndex=3}
11:35:26.235 [raft-server-1] TRACE i.a.p.raft.roles.LeaderAppender - RaftServer{1} - Received AppendResponse{status=OK, term=1, succeeded=true, lastLogIndex=3} from 2
11:35:26.235 [raft-server-1] TRACE i.a.p.raft.roles.LeaderAppender - RaftServer{1} - Sending AppendRequest{term=1, leader=1, prevLogIndex=3, prevLogTerm=1, entries=0, commitIndex=3} to 2
11:35:26.235 [raft-server-2] TRACE i.a.p.raft.roles.FollowerRole - RaftServer{2}{role=FOLLOWER} - Received AppendRequest{term=1, leader=1, prevLogIndex=3, prevLogTerm=1, entries=0, commitIndex=3}
11:35:26.235 [raft-server-2] TRACE i.a.p.raft.roles.FollowerRole - RaftServer{2}{role=FOLLOWER} - Sending AppendResponse{status=OK, term=1, succeeded=true, lastLogIndex=3}
11:35:26.235 [raft-server-1] TRACE i.a.p.raft.roles.LeaderAppender - RaftServer{1} - Received AppendResponse{status=OK, term=1, succeeded=true, lastLogIndex=3} from 2
11:35:26.235 [raft-server-1] TRACE i.a.p.raft.roles.LeaderAppender - RaftServer{1} - Sending AppendRequest{term=1, leader=1, prevLogIndex=3, prevLogTerm=1, entries=0, commitIndex=3} to 2
11:35:26.235 [raft-server-2] TRACE i.a.p.raft.roles.FollowerRole - RaftServer{2}{role=FOLLOWER} - Received AppendRequest{term=1, leader=1, prevLogIndex=3, prevLogTerm=1, entries=0, commitIndex=3}
11:35:26.235 [raft-server-2] TRACE i.a.p.raft.roles.FollowerRole - RaftServer{2}{role=FOLLOWER} - Sending AppendResponse{status=OK, term=1, succeeded=true, lastLogIndex=3}
11:35:26.235 [raft-server-1] TRACE i.a.p.raft.roles.LeaderAppender - RaftServer{1} - Received AppendResponse{status=OK, term=1, succeeded=true, lastLogIndex=3} from 2
11:35:26.235 [raft-server-1] TRACE i.a.p.raft.roles.LeaderAppender - RaftServer{1} - Sending AppendRequest{term=1, leader=1, prevLogIndex=3, prevLogTerm=1, entries=0, commitIndex=3} to 2
11:35:26.235 [raft-server-2] TRACE i.a.p.raft.roles.FollowerRole - RaftServer{2}{role=FOLLOWER} - Received AppendRequest{term=1, leader=1, prevLogIndex=3, prevLogTerm=1, entries=0, commitIndex=3}
11:35:26.235 [raft-server-2] TRACE i.a.p.raft.roles.FollowerRole - RaftServer{2}{role=FOLLOWER} - Sending AppendResponse{status=OK, term=1, succeeded=true, lastLogIndex=3}
11:35:26.236 [raft-server-1] TRACE i.a.p.raft.roles.LeaderAppender - RaftServer{1} - Received AppendResponse{status=OK, term=1, succeeded=true, lastLogIndex=3} from 2
11:35:26.236 [raft-server-1] TRACE i.a.p.raft.roles.LeaderAppender - RaftServer{1} - Sending AppendRequest{term=1, leader=1, prevLogIndex=3, prevLogTerm=1, entries=0, commitIndex=3} to 2
11:35:26.236 [raft-server-2] TRACE i.a.p.raft.roles.FollowerRole - RaftServer{2}{role=FOLLOWER} - Received AppendRequest{term=1, leader=1, prevLogIndex=3, prevLogTerm=1, entries=0, commitIndex=3}
11:35:26.236 [raft-server-2] TRACE i.a.p.raft.roles.FollowerRole - RaftServer{2}{role=FOLLOWER} - Sending AppendResponse{status=OK, term=1, succeeded=true, lastLogIndex=3}
11:35:26.236 [raft-server-1] TRACE i.a.p.raft.roles.LeaderAppender - RaftServer{1} - Received AppendResponse{status=OK, term=1, succeeded=true, lastLogIndex=3} from 2
11:35:26.485 [raft-server-1] TRACE i.a.p.raft.roles.LeaderAppender - RaftServer{1} - Sending AppendRequest{term=1, leader=1, prevLogIndex=3, prevLogTerm=1, entries=0, commitIndex=3} to 2
11:35:26.485 [raft-server-2] TRACE i.a.p.raft.roles.FollowerRole - RaftServer{2}{role=FOLLOWER} - Received AppendRequest{term=1, leader=1, prevLogIndex=3, prevLogTerm=1, entries=0, commitIndex=3}
11:35:26.485 [raft-server-2] TRACE i.a.p.raft.roles.FollowerRole - RaftServer{2}{role=FOLLOWER} - Sending AppendResponse{status=OK, term=1, succeeded=true, lastLogIndex=3}
11:35:26.485 [raft-server-1] TRACE i.a.p.raft.roles.LeaderAppender - RaftServer{1} - Received AppendResponse{status=OK, term=1, succeeded=true, lastLogIndex=3} from 2
11:35:26.485 [raft-server-1] TRACE i.a.p.raft.roles.LeaderAppender - RaftServer{1} - Sending AppendRequest{term=1, leader=1, prevLogIndex=3, prevLogTerm=1, entries=0, commitIndex=3} to 2
11:35:26.485 [raft-server-2] TRACE i.a.p.raft.roles.FollowerRole - RaftServer{2}{role=FOLLOWER} - Received AppendRequest{term=1, leader=1, prevLogIndex=3, prevLogTerm=1, entries=0, commitIndex=3}
11:35:26.485 [raft-server-2] TRACE i.a.p.raft.roles.FollowerRole - RaftServer{2}{role=FOLLOWER} - Sending AppendResponse{status=OK, term=1, succeeded=true, lastLogIndex=3}
11:35:26.485 [raft-server-1] TRACE i.a.p.raft.roles.LeaderAppender - RaftServer{1} - Received AppendResponse{status=OK, term=1, succeeded=true, lastLogIndex=3} from 2
11:35:26.485 [raft-server-1] TRACE i.a.p.raft.roles.LeaderAppender - RaftServer{1} - Sending AppendRequest{term=1, leader=1, prevLogIndex=3, prevLogTerm=1, entries=0, commitIndex=3} to 2
11:35:26.485 [raft-server-2] TRACE i.a.p.raft.roles.FollowerRole - RaftServer{2}{role=FOLLOWER} - Received AppendRequest{term=1, leader=1, prevLogIndex=3, prevLogTerm=1, entries=0, commitIndex=3}
11:35:26.485 [raft-server-2] TRACE i.a.p.raft.roles.FollowerRole - RaftServer{2}{role=FOLLOWER} - Sending AppendResponse{status=OK, term=1, succeeded=true, lastLogIndex=3}
11:35:26.485 [raft-server-1] TRACE i.a.p.raft.roles.LeaderAppender - RaftServer{1} - Received AppendResponse{status=OK, term=1, succeeded=true, lastLogIndex=3} from 2
11:35:26.486 [raft-server-1] TRACE i.a.p.raft.roles.LeaderAppender - RaftServer{1} - Sending AppendRequest{term=1, leader=1, prevLogIndex=3, prevLogTerm=1, entries=0, commitIndex=3} to 2
11:35:26.486 [raft-server-2] TRACE i.a.p.raft.roles.FollowerRole - RaftServer{2}{role=FOLLOWER} - Received AppendRequest{term=1, leader=1, prevLogIndex=3, prevLogTerm=1, entries=0, commitIndex=3}
11:35:26.486 [raft-server-2] TRACE i.a.p.raft.roles.FollowerRole - RaftServer{2}{role=FOLLOWER} - Sending AppendResponse{status=OK, term=1, succeeded=true, lastLogIndex=3}
11:35:26.486 [raft-server-1] TRACE i.a.p.raft.roles.LeaderAppender - RaftServer{1} - Received AppendResponse{status=OK, term=1, succeeded=true, lastLogIndex=3} from 2
11:35:26.486 [raft-server-1] TRACE i.a.p.raft.roles.LeaderAppender - RaftServer{1} - Sending AppendRequest{term=1, leader=1, prevLogIndex=3, prevLogTerm=1, entries=0, commitIndex=3} to 2
11:35:26.486 [raft-server-2] TRACE i.a.p.raft.roles.FollowerRole - RaftServer{2}{role=FOLLOWER} - Received AppendRequest{term=1, leader=1, prevLogIndex=3, prevLogTerm=1, entries=0, commitIndex=3}
11:35:26.486 [raft-server-2] TRACE i.a.p.raft.roles.FollowerRole - RaftServer{2}{role=FOLLOWER} - Sending AppendResponse{status=OK, term=1, succeeded=true, lastLogIndex=3}
11:35:26.486 [raft-server-1] TRACE i.a.p.raft.roles.LeaderAppender - RaftServer{1} - Received AppendResponse{status=OK, term=1, succeeded=true, lastLogIndex=3} from 2
11:35:26.735 [raft-server-1] TRACE i.a.p.raft.roles.LeaderAppender - RaftServer{1} - Sending AppendRequest{term=1, leader=1, prevLogIndex=3, prevLogTerm=1, entries=0, commitIndex=3} to 2
11:35:26.735 [raft-server-2] TRACE i.a.p.raft.roles.FollowerRole - RaftServer{2}{role=FOLLOWER} - Received AppendRequest{term=1, leader=1, prevLogIndex=3, prevLogTerm=1, entries=0, commitIndex=3}
11:35:26.735 [raft-server-2] TRACE i.a.p.raft.roles.FollowerRole - RaftServer{2}{role=FOLLOWER} - Sending AppendResponse{status=OK, term=1, succeeded=true, lastLogIndex=3}
11:35:26.735 [raft-server-1] TRACE i.a.p.raft.roles.LeaderAppender - RaftServer{1} - Received AppendResponse{status=OK, term=1, succeeded=true, lastLogIndex=3} from 2
11:35:26.735 [raft-server-1] TRACE i.a.p.raft.roles.LeaderAppender - RaftServer{1} - Sending AppendRequest{term=1, leader=1, prevLogIndex=3, prevLogTerm=1, entries=0, commitIndex=3} to 2
11:35:26.735 [raft-server-2] TRACE i.a.p.raft.roles.FollowerRole - RaftServer{2}{role=FOLLOWER} - Received AppendRequest{term=1, leader=1, prevLogIndex=3, prevLogTerm=1, entries=0, commitIndex=3}
11:35:26.735 [raft-server-2] TRACE i.a.p.raft.roles.FollowerRole - RaftServer{2}{role=FOLLOWER} - Sending AppendResponse{status=OK, term=1, succeeded=true, lastLogIndex=3}
11:35:26.735 [raft-server-1] TRACE i.a.p.raft.roles.LeaderAppender - RaftServer{1} - Received AppendResponse{status=OK, term=1, succeeded=true, lastLogIndex=3} from 2
11:35:26.735 [raft-server-1] TRACE i.a.p.raft.roles.LeaderAppender - RaftServer{1} - Sending AppendRequest{term=1, leader=1, prevLogIndex=3, prevLogTerm=1, entries=0, commitIndex=3} to 2
11:35:26.735 [raft-server-2] TRACE i.a.p.raft.roles.FollowerRole - RaftServer{2}{role=FOLLOWER} - Received AppendRequest{term=1, leader=1, prevLogIndex=3, prevLogTerm=1, entries=0, commitIndex=3}
11:35:26.735 [raft-server-2] TRACE i.a.p.raft.roles.FollowerRole - RaftServer{2}{role=FOLLOWER} - Sending AppendResponse{status=OK, term=1, succeeded=true, lastLogIndex=3}
11:35:26.735 [raft-server-1] TRACE i.a.p.raft.roles.LeaderAppender - RaftServer{1} - Received AppendResponse{status=OK, term=1, succeeded=true, lastLogIndex=3} from 2
11:35:26.735 [raft-server-1] TRACE i.a.p.raft.roles.LeaderAppender - RaftServer{1} - Sending AppendRequest{term=1, leader=1, prevLogIndex=3, prevLogTerm=1, entries=0, commitIndex=3} to 2
11:35:26.735 [raft-server-2] TRACE i.a.p.raft.roles.FollowerRole - RaftServer{2}{role=FOLLOWER} - Received AppendRequest{term=1, leader=1, prevLogIndex=3, prevLogTerm=1, entries=0, commitIndex=3}
11:35:26.735 [raft-server-2] TRACE i.a.p.raft.roles.FollowerRole - RaftServer{2}{role=FOLLOWER} - Sending AppendResponse{status=OK, term=1, succeeded=true, lastLogIndex=3}
11:35:26.735 [raft-server-1] TRACE i.a.p.raft.roles.LeaderAppender - RaftServer{1} - Received AppendResponse{status=OK, term=1, succeeded=true, lastLogIndex=3} from 2
11:35:26.735 [raft-server-1] TRACE i.a.p.raft.roles.LeaderAppender - RaftServer{1} - Sending AppendRequest{term=1, leader=1, prevLogIndex=3, prevLogTerm=1, entries=0, commitIndex=3} to 2
11:35:26.736 [raft-server-2] TRACE i.a.p.raft.roles.FollowerRole - RaftServer{2}{role=FOLLOWER} - Received AppendRequest{term=1, leader=1, prevLogIndex=3, prevLogTerm=1, entries=0, commitIndex=3}
11:35:26.736 [raft-server-2] TRACE i.a.p.raft.roles.FollowerRole - RaftServer{2}{role=FOLLOWER} - Sending AppendResponse{status=OK, term=1, succeeded=true, lastLogIndex=3}
11:35:26.736 [raft-server-1] TRACE i.a.p.raft.roles.LeaderAppender - RaftServer{1} - Received AppendResponse{status=OK, term=1, succeeded=true, lastLogIndex=3} from 2
11:35:26.736 [raft-server-1] TRACE i.a.p.raft.roles.LeaderAppender - RaftServer{1} - Sending AppendRequest{term=1, leader=1, prevLogIndex=3, prevLogTerm=1, entries=0, commitIndex=3} to 2
11:35:26.736 [raft-server-2] TRACE i.a.p.raft.roles.FollowerRole - RaftServer{2}{role=FOLLOWER} - Received AppendRequest{term=1, leader=1, prevLogIndex=3, prevLogTerm=1, entries=0, commitIndex=3}
11:35:26.736 [raft-server-2] TRACE i.a.p.raft.roles.FollowerRole - RaftServer{2}{role=FOLLOWER} - Sending AppendResponse{status=OK, term=1, succeeded=true, lastLogIndex=3}
11:35:26.736 [raft-server-1] TRACE i.a.p.raft.roles.LeaderAppender - RaftServer{1} - Received AppendResponse{status=OK, term=1, succeeded=true, lastLogIndex=3} from 2
11:35:26.985 [raft-server-1] TRACE i.a.p.raft.roles.LeaderAppender - RaftServer{1} - Sending AppendRequest{term=1, leader=1, prevLogIndex=3, prevLogTerm=1, entries=0, commitIndex=3} to 2
11:35:26.985 [raft-server-2] TRACE i.a.p.raft.roles.FollowerRole - RaftServer{2}{role=FOLLOWER} - Received AppendRequest{term=1, leader=1, prevLogIndex=3, prevLogTerm=1, entries=0, commitIndex=3}
11:35:26.985 [raft-server-2] TRACE i.a.p.raft.roles.FollowerRole - RaftServer{2}{role=FOLLOWER} - Sending AppendResponse{status=OK, term=1, succeeded=true, lastLogIndex=3}
11:35:26.985 [raft-server-1] TRACE i.a.p.raft.roles.LeaderAppender - RaftServer{1} - Received AppendResponse{status=OK, term=1, succeeded=true, lastLogIndex=3} from 2
11:35:26.985 [raft-server-1] TRACE i.a.p.raft.roles.LeaderAppender - RaftServer{1} - Sending AppendRequest{term=1, leader=1, prevLogIndex=3, prevLogTerm=1, entries=0, commitIndex=3} to 2
11:35:26.985 [raft-server-2] TRACE i.a.p.raft.roles.FollowerRole - RaftServer{2}{role=FOLLOWER} - Received AppendRequest{term=1, leader=1, prevLogIndex=3, prevLogTerm=1, entries=0, commitIndex=3}
11:35:26.985 [raft-server-2] TRACE i.a.p.raft.roles.FollowerRole - RaftServer{2}{role=FOLLOWER} - Sending AppendResponse{status=OK, term=1, succeeded=true, lastLogIndex=3}
11:35:26.985 [raft-server-1] TRACE i.a.p.raft.roles.LeaderAppender - RaftServer{1} - Received AppendResponse{status=OK, term=1, succeeded=true, lastLogIndex=3} from 2
11:35:26.985 [raft-server-1] TRACE i.a.p.raft.roles.LeaderAppender - RaftServer{1} - Sending AppendRequest{term=1, leader=1, prevLogIndex=3, prevLogTerm=1, entries=0, commitIndex=3} to 2
11:35:26.985 [raft-server-2] TRACE i.a.p.raft.roles.FollowerRole - RaftServer{2}{role=FOLLOWER} - Received AppendRequest{term=1, leader=1, prevLogIndex=3, prevLogTerm=1, entries=0, commitIndex=3}
11:35:26.985 [raft-server-2] TRACE i.a.p.raft.roles.FollowerRole - RaftServer{2}{role=FOLLOWER} - Sending AppendResponse{status=OK, term=1, succeeded=true, lastLogIndex=3}
11:35:26.985 [raft-server-1] TRACE i.a.p.raft.roles.LeaderAppender - RaftServer{1} - Received AppendResponse{status=OK, term=1, succeeded=true, lastLogIndex=3} from 2
11:35:26.985 [raft-server-1] TRACE i.a.p.raft.roles.LeaderAppender - RaftServer{1} - Sending AppendRequest{term=1, leader=1, prevLogIndex=3, prevLogTerm=1, entries=0, commitIndex=3} to 2
11:35:26.985 [raft-server-2] TRACE i.a.p.raft.roles.FollowerRole - RaftServer{2}{role=FOLLOWER} - Received AppendRequest{term=1, leader=1, prevLogIndex=3, prevLogTerm=1, entries=0, commitIndex=3}
11:35:26.985 [raft-server-2] TRACE i.a.p.raft.roles.FollowerRole - RaftServer{2}{role=FOLLOWER} - Sending AppendResponse{status=OK, term=1, succeeded=true, lastLogIndex=3}
11:35:26.985 [raft-server-1] TRACE i.a.p.raft.roles.LeaderAppender - RaftServer{1} - Received AppendResponse{status=OK, term=1, succeeded=true, lastLogIndex=3} from 2
11:35:26.986 [raft-server-1] TRACE i.a.p.raft.roles.LeaderAppender - RaftServer{1} - Sending AppendRequest{term=1, leader=1, prevLogIndex=3, prevLogTerm=1, entries=0, commitIndex=3} to 2
11:35:26.986 [raft-server-2] TRACE i.a.p.raft.roles.FollowerRole - RaftServer{2}{role=FOLLOWER} - Received AppendRequest{term=1, leader=1, prevLogIndex=3, prevLogTerm=1, entries=0, commitIndex=3}
11:35:26.986 [raft-server-2] TRACE i.a.p.raft.roles.FollowerRole - RaftServer{2}{role=FOLLOWER} - Sending AppendResponse{status=OK, term=1, succeeded=true, lastLogIndex=3}
11:35:26.986 [raft-server-1] TRACE i.a.p.raft.roles.LeaderAppender - RaftServer{1} - Received AppendResponse{status=OK, term=1, succeeded=true, lastLogIndex=3} from 2
11:35:27.235 [raft-server-1] TRACE i.a.p.raft.roles.LeaderAppender - RaftServer{1} - Sending AppendRequest{term=1, leader=1, prevLogIndex=3, prevLogTerm=1, entries=0, commitIndex=3} to 2
11:35:27.235 [raft-server-2] TRACE i.a.p.raft.roles.FollowerRole - RaftServer{2}{role=FOLLOWER} - Received AppendRequest{term=1, leader=1, prevLogIndex=3, prevLogTerm=1, entries=0, commitIndex=3}
11:35:27.235 [raft-server-2] TRACE i.a.p.raft.roles.FollowerRole - RaftServer{2}{role=FOLLOWER} - Sending AppendResponse{status=OK, term=1, succeeded=true, lastLogIndex=3}
11:35:27.235 [raft-server-1] TRACE i.a.p.raft.roles.LeaderAppender - RaftServer{1} - Received AppendResponse{status=OK, term=1, succeeded=true, lastLogIndex=3} from 2
11:35:27.235 [raft-server-1] TRACE i.a.p.raft.roles.LeaderAppender - RaftServer{1} - Sending AppendRequest{term=1, leader=1, prevLogIndex=3, prevLogTerm=1, entries=0, commitIndex=3} to 2
11:35:27.235 [raft-server-2] TRACE i.a.p.raft.roles.FollowerRole - RaftServer{2}{role=FOLLOWER} - Received AppendRequest{term=1, leader=1, prevLogIndex=3, prevLogTerm=1, entries=0, commitIndex=3}
11:35:27.235 [raft-server-2] TRACE i.a.p.raft.roles.FollowerRole - RaftServer{2}{role=FOLLOWER} - Sending AppendResponse{status=OK, term=1, succeeded=true, lastLogIndex=3}
11:35:27.235 [raft-server-1] TRACE i.a.p.raft.roles.LeaderAppender - RaftServer{1} - Received AppendResponse{status=OK, term=1, succeeded=true, lastLogIndex=3} from 2
11:35:27.235 [raft-server-1] TRACE i.a.p.raft.roles.LeaderAppender - RaftServer{1} - Sending AppendRequest{term=1, leader=1, prevLogIndex=3, prevLogTerm=1, entries=0, commitIndex=3} to 2
11:35:27.235 [raft-server-2] TRACE i.a.p.raft.roles.FollowerRole - RaftServer{2}{role=FOLLOWER} - Received AppendRequest{term=1, leader=1, prevLogIndex=3, prevLogTerm=1, entries=0, commitIndex=3}
11:35:27.235 [raft-server-2] TRACE i.a.p.raft.roles.FollowerRole - RaftServer{2}{role=FOLLOWER} - Sending AppendResponse{status=OK, term=1, succeeded=true, lastLogIndex=3}
11:35:27.235 [raft-server-1] TRACE i.a.p.raft.roles.LeaderAppender - RaftServer{1} - Received AppendResponse{status=OK, term=1, succeeded=true, lastLogIndex=3} from 2
11:35:27.235 [raft-server-1] TRACE i.a.p.raft.roles.LeaderAppender - RaftServer{1} - Sending AppendRequest{term=1, leader=1, prevLogIndex=3, prevLogTerm=1, entries=0, commitIndex=3} to 2
11:35:27.235 [raft-server-2] TRACE i.a.p.raft.roles.FollowerRole - RaftServer{2}{role=FOLLOWER} - Received AppendRequest{term=1, leader=1, prevLogIndex=3, prevLogTerm=1, entries=0, commitIndex=3}
11:35:27.235 [raft-server-2] TRACE i.a.p.raft.roles.FollowerRole - RaftServer{2}{role=FOLLOWER} - Sending AppendResponse{status=OK, term=1, succeeded=true, lastLogIndex=3}
11:35:27.235 [raft-server-1] TRACE i.a.p.raft.roles.LeaderAppender - RaftServer{1} - Received AppendResponse{status=OK, term=1, succeeded=true, lastLogIndex=3} from 2
11:35:27.236 [raft-server-1] TRACE i.a.p.raft.roles.LeaderAppender - RaftServer{1} - Sending AppendRequest{term=1, leader=1, prevLogIndex=3, prevLogTerm=1, entries=0, commitIndex=3} to 2
11:35:27.236 [raft-server-2] TRACE i.a.p.raft.roles.FollowerRole - RaftServer{2}{role=FOLLOWER} - Received AppendRequest{term=1, leader=1, prevLogIndex=3, prevLogTerm=1, entries=0, commitIndex=3}
11:35:27.236 [raft-server-2] TRACE i.a.p.raft.roles.FollowerRole - RaftServer{2}{role=FOLLOWER} - Sending AppendResponse{status=OK, term=1, succeeded=true, lastLogIndex=3}
11:35:27.236 [raft-server-1] TRACE i.a.p.raft.roles.LeaderAppender - RaftServer{1} - Received AppendResponse{status=OK, term=1, succeeded=true, lastLogIndex=3} from 2
11:35:27.245 [raft-client-e93f55c3-5bda-4e64-bf5f-fc9c79dd4249-1] TRACE i.a.p.r.proxy.impl.RaftProxyManager - RaftClient{e93f55c3-5bda-4e64-bf5f-fc9c79dd4249} - Keeping 1 sessions alive
11:35:27.245 [raft-client-e93f55c3-5bda-4e64-bf5f-fc9c79dd4249-1] TRACE i.a.p.r.p.impl.RaftProxyConnection - RaftClient{e93f55c3-5bda-4e64-bf5f-fc9c79dd4249} - Sending KeepAliveRequest{sessionIds=long[]{length=1, hash=33}, commandSequences=long[]{length=1, hash=31}, eventIndexes=long[]{length=1, hash=33}} to 1
11:35:27.245 [raft-server-1] TRACE i.a.protocols.raft.roles.LeaderRole - RaftServer{1}{role=LEADER} - Received KeepAliveRequest{sessionIds=long[]{length=1, hash=33}, commandSequences=long[]{length=1, hash=31}, eventIndexes=long[]{length=1, hash=33}}
11:35:27.246 [raft-server-1] TRACE i.a.protocols.raft.roles.LeaderRole - RaftServer{1}{role=LEADER} - Appended Indexed{index=4, entry=KeepAliveEntry{term=1, timestamp=2018-06-05 11:35:27,245, sessionIds=long[]{length=1, hash=33}, commandSequences=long[]{length=1, hash=31}, eventIndexes=long[]{length=1, hash=33}}}
11:35:27.246 [raft-server-1] TRACE i.a.p.raft.roles.LeaderAppender - RaftServer{1} - Sending AppendRequest{term=1, leader=1, prevLogIndex=3, prevLogTerm=1, entries=1, commitIndex=3} to 2
11:35:27.246 [raft-server-2] TRACE i.a.p.raft.roles.FollowerRole - RaftServer{2}{role=FOLLOWER} - Received AppendRequest{term=1, leader=1, prevLogIndex=3, prevLogTerm=1, entries=1, commitIndex=3}
11:35:27.246 [raft-server-2] TRACE i.a.p.raft.roles.FollowerRole - RaftServer{2}{role=FOLLOWER} - Appended Indexed{index=4, entry=KeepAliveEntry{term=1, timestamp=2018-06-05 11:35:27,245, sessionIds=long[]{length=1, hash=33}, commandSequences=long[]{length=1, hash=31}, eventIndexes=long[]{length=1, hash=33}}}
11:35:27.246 [raft-server-2] TRACE i.a.p.raft.roles.FollowerRole - RaftServer{2}{role=FOLLOWER} - Sending AppendResponse{status=OK, term=1, succeeded=true, lastLogIndex=4}
11:35:27.246 [raft-server-1] TRACE i.a.p.raft.roles.LeaderAppender - RaftServer{1} - Received AppendResponse{status=OK, term=1, succeeded=true, lastLogIndex=4} from 2
11:35:27.246 [raft-server-1] TRACE i.a.p.raft.roles.LeaderAppender - RaftServer{1} - Committed entries up to 4
11:35:27.275 [raft-server-1-state] TRACE i.a.p.raft.impl.RaftServiceManager - RaftServer{1} - Applying Indexed{index=4, entry=KeepAliveEntry{term=1, timestamp=2018-06-05 11:35:27,245, sessionIds=long[]{length=1, hash=33}, commandSequences=long[]{length=1, hash=31}, eventIndexes=long[]{length=1, hash=33}}}
11:35:27.275 [raft-server-1] TRACE i.a.protocols.raft.roles.LeaderRole - RaftServer{1}{role=LEADER} - Sending KeepAliveResponse{status=OK, leader=1, members=[1, 2], sessionIds=long[]{length=1, hash=33}}
11:35:27.276 [raft-client-e93f55c3-5bda-4e64-bf5f-fc9c79dd4249-4] TRACE i.a.p.r.p.impl.RaftProxyConnection - RaftClient{e93f55c3-5bda-4e64-bf5f-fc9c79dd4249} - Received KeepAliveResponse{status=OK, leader=1, members=[1, 2], sessionIds=long[]{length=1, hash=33}} from 1
11:35:27.485 [raft-server-1] TRACE i.a.p.raft.roles.LeaderAppender - RaftServer{1} - Sending AppendRequest{term=1, leader=1, prevLogIndex=4, prevLogTerm=1, entries=0, commitIndex=4} to 2
11:35:27.485 [raft-server-2] TRACE i.a.p.raft.roles.FollowerRole - RaftServer{2}{role=FOLLOWER} - Received AppendRequest{term=1, leader=1, prevLogIndex=4, prevLogTerm=1, entries=0, commitIndex=4}
11:35:27.508 [raft-server-2] TRACE i.a.p.raft.roles.FollowerRole - RaftServer{2}{role=FOLLOWER} - Committed entries up to index 4
11:35:27.508 [raft-server-2] TRACE i.a.p.raft.roles.FollowerRole - RaftServer{2}{role=FOLLOWER} - Sending AppendResponse{status=OK, term=1, succeeded=true, lastLogIndex=4}
11:35:27.508 [raft-server-1] TRACE i.a.p.raft.roles.LeaderAppender - RaftServer{1} - Received AppendResponse{status=OK, term=1, succeeded=true, lastLogIndex=4} from 2
11:35:27.508 [raft-server-2-state] TRACE i.a.p.raft.impl.RaftServiceManager - RaftServer{2} - Applying Indexed{index=4, entry=KeepAliveEntry{term=1, timestamp=2018-06-05 11:35:27,245, sessionIds=long[]{length=1, hash=33}, commandSequences=long[]{length=1, hash=31}, eventIndexes=long[]{length=1, hash=33}}}
11:35:27.509 [raft-server-1] TRACE i.a.p.raft.roles.LeaderAppender - RaftServer{1} - Sending AppendRequest{term=1, leader=1, prevLogIndex=4, prevLogTerm=1, entries=0, commitIndex=4} to 2
11:35:27.509 [raft-server-2] TRACE i.a.p.raft.roles.FollowerRole - RaftServer{2}{role=FOLLOWER} - Received AppendRequest{term=1, leader=1, prevLogIndex=4, prevLogTerm=1, entries=0, commitIndex=4}
11:35:27.509 [raft-server-2] TRACE i.a.p.raft.roles.FollowerRole - RaftServer{2}{role=FOLLOWER} - Sending AppendResponse{status=OK, term=1, succeeded=true, lastLogIndex=4}
11:35:27.509 [raft-server-1] TRACE i.a.p.raft.roles.LeaderAppender - RaftServer{1} - Received AppendResponse{status=OK, term=1, succeeded=true, lastLogIndex=4} from 2
11:35:27.735 [raft-server-1] TRACE i.a.p.raft.roles.LeaderAppender - RaftServer{1} - Sending AppendRequest{term=1, leader=1, prevLogIndex=4, prevLogTerm=1, entries=0, commitIndex=4} to 2
11:35:27.735 [raft-server-2] TRACE i.a.p.raft.roles.FollowerRole - RaftServer{2}{role=FOLLOWER} - Received AppendRequest{term=1, leader=1, prevLogIndex=4, prevLogTerm=1, entries=0, commitIndex=4}
11:35:27.735 [raft-server-2] TRACE i.a.p.raft.roles.FollowerRole - RaftServer{2}{role=FOLLOWER} - Sending AppendResponse{status=OK, term=1, succeeded=true, lastLogIndex=4}
11:35:27.735 [raft-server-1] TRACE i.a.p.raft.roles.LeaderAppender - RaftServer{1} - Received AppendResponse{status=OK, term=1, succeeded=true, lastLogIndex=4} from 2
11:35:27.735 [raft-server-1] TRACE i.a.p.raft.roles.LeaderAppender - RaftServer{1} - Sending AppendRequest{term=1, leader=1, prevLogIndex=4, prevLogTerm=1, entries=0, commitIndex=4} to 2
11:35:27.735 [raft-server-2] TRACE i.a.p.raft.roles.FollowerRole - RaftServer{2}{role=FOLLOWER} - Received AppendRequest{term=1, leader=1, prevLogIndex=4, prevLogTerm=1, entries=0, commitIndex=4}
11:35:27.735 [raft-server-2] TRACE i.a.p.raft.roles.FollowerRole - RaftServer{2}{role=FOLLOWER} - Sending AppendResponse{status=OK, term=1, succeeded=true, lastLogIndex=4}
11:35:27.735 [raft-server-1] TRACE i.a.p.raft.roles.LeaderAppender - RaftServer{1} - Received AppendResponse{status=OK, term=1, succeeded=true, lastLogIndex=4} from 2
11:35:27.735 [raft-server-1] TRACE i.a.p.raft.roles.LeaderAppender - RaftServer{1} - Sending AppendRequest{term=1, leader=1, prevLogIndex=4, prevLogTerm=1, entries=0, commitIndex=4} to 2
11:35:27.735 [raft-server-2] TRACE i.a.p.raft.roles.FollowerRole - RaftServer{2}{role=FOLLOWER} - Received AppendRequest{term=1, leader=1, prevLogIndex=4, prevLogTerm=1, entries=0, commitIndex=4}
11:35:27.735 [raft-server-2] TRACE i.a.p.raft.roles.FollowerRole - RaftServer{2}{role=FOLLOWER} - Sending AppendResponse{status=OK, term=1, succeeded=true, lastLogIndex=4}
11:35:27.735 [raft-server-1] TRACE i.a.p.raft.roles.LeaderAppender - RaftServer{1} - Received AppendResponse{status=OK, term=1, succeeded=true, lastLogIndex=4} from 2
11:35:27.736 [raft-server-1] TRACE i.a.p.raft.roles.LeaderAppender - RaftServer{1} - Sending AppendRequest{term=1, leader=1, prevLogIndex=4, prevLogTerm=1, entries=0, commitIndex=4} to 2
11:35:27.736 [raft-server-2] TRACE i.a.p.raft.roles.FollowerRole - RaftServer{2}{role=FOLLOWER} - Received AppendRequest{term=1, leader=1, prevLogIndex=4, prevLogTerm=1, entries=0, commitIndex=4}
11:35:27.736 [raft-server-2] TRACE i.a.p.raft.roles.FollowerRole - RaftServer{2}{role=FOLLOWER} - Sending AppendResponse{status=OK, term=1, succeeded=true, lastLogIndex=4}
11:35:27.736 [raft-server-1] TRACE i.a.p.raft.roles.LeaderAppender - RaftServer{1} - Received AppendResponse{status=OK, term=1, succeeded=true, lastLogIndex=4} from 2
11:35:27.985 [raft-server-1] TRACE i.a.p.raft.roles.LeaderAppender - RaftServer{1} - Sending AppendRequest{term=1, leader=1, prevLogIndex=4, prevLogTerm=1, entries=0, commitIndex=4} to 2
11:35:27.985 [raft-server-2] TRACE i.a.p.raft.roles.FollowerRole - RaftServer{2}{role=FOLLOWER} - Received AppendRequest{term=1, leader=1, prevLogIndex=4, prevLogTerm=1, entries=0, commitIndex=4}
11:35:27.985 [raft-server-2] TRACE i.a.p.raft.roles.FollowerRole - RaftServer{2}{role=FOLLOWER} - Sending AppendResponse{status=OK, term=1, succeeded=true, lastLogIndex=4}
11:35:27.985 [raft-server-1] TRACE i.a.p.raft.roles.LeaderAppender - RaftServer{1} - Received AppendResponse{status=OK, term=1, succeeded=true, lastLogIndex=4} from 2
11:35:27.985 [raft-server-1] TRACE i.a.p.raft.roles.LeaderAppender - RaftServer{1} - Sending AppendRequest{term=1, leader=1, prevLogIndex=4, prevLogTerm=1, entries=0, commitIndex=4} to 2
11:35:27.985 [raft-server-2] TRACE i.a.p.raft.roles.FollowerRole - RaftServer{2}{role=FOLLOWER} - Received AppendRequest{term=1, leader=1, prevLogIndex=4, prevLogTerm=1, entries=0, commitIndex=4}
11:35:27.985 [raft-server-2] TRACE i.a.p.raft.roles.FollowerRole - RaftServer{2}{role=FOLLOWER} - Sending AppendResponse{status=OK, term=1, succeeded=true, lastLogIndex=4}
11:35:27.985 [raft-server-1] TRACE i.a.p.raft.roles.LeaderAppender - RaftServer{1} - Received AppendResponse{status=OK, term=1, succeeded=true, lastLogIndex=4} from 2
11:35:27.985 [raft-server-1] TRACE i.a.p.raft.roles.LeaderAppender - RaftServer{1} - Sending AppendRequest{term=1, leader=1, prevLogIndex=4, prevLogTerm=1, entries=0, commitIndex=4} to 2
11:35:27.985 [raft-server-2] TRACE i.a.p.raft.roles.FollowerRole - RaftServer{2}{role=FOLLOWER} - Received AppendRequest{term=1, leader=1, prevLogIndex=4, prevLogTerm=1, entries=0, commitIndex=4}
11:35:27.985 [raft-server-2] TRACE i.a.p.raft.roles.FollowerRole - RaftServer{2}{role=FOLLOWER} - Sending AppendResponse{status=OK, term=1, succeeded=true, lastLogIndex=4}
11:35:27.985 [raft-server-1] TRACE i.a.p.raft.roles.LeaderAppender - RaftServer{1} - Received AppendResponse{status=OK, term=1, succeeded=true, lastLogIndex=4} from 2
11:35:27.985 [raft-server-1] TRACE i.a.p.raft.roles.LeaderAppender - RaftServer{1} - Sending AppendRequest{term=1, leader=1, prevLogIndex=4, prevLogTerm=1, entries=0, commitIndex=4} to 2
11:35:27.986 [raft-server-2] TRACE i.a.p.raft.roles.FollowerRole - RaftServer{2}{role=FOLLOWER} - Received AppendRequest{term=1, leader=1, prevLogIndex=4, prevLogTerm=1, entries=0, commitIndex=4}
11:35:27.986 [raft-server-2] TRACE i.a.p.raft.roles.FollowerRole - RaftServer{2}{role=FOLLOWER} - Sending AppendResponse{status=OK, term=1, succeeded=true, lastLogIndex=4}
11:35:27.986 [raft-server-1] TRACE i.a.p.raft.roles.LeaderAppender - RaftServer{1} - Received AppendResponse{status=OK, term=1, succeeded=true, lastLogIndex=4} from 2
11:35:27.986 [raft-server-1] TRACE i.a.p.raft.roles.LeaderAppender - RaftServer{1} - Sending AppendRequest{term=1, leader=1, prevLogIndex=4, prevLogTerm=1, entries=0, commitIndex=4} to 2
11:35:27.986 [raft-server-2] TRACE i.a.p.raft.roles.FollowerRole - RaftServer{2}{role=FOLLOWER} - Received AppendRequest{term=1, leader=1, prevLogIndex=4, prevLogTerm=1, entries=0, commitIndex=4}
11:35:27.986 [raft-server-2] TRACE i.a.p.raft.roles.FollowerRole - RaftServer{2}{role=FOLLOWER} - Sending AppendResponse{status=OK, term=1, succeeded=true, lastLogIndex=4}
11:35:27.986 [raft-server-1] TRACE i.a.p.raft.roles.LeaderAppender - RaftServer{1} - Received AppendResponse{status=OK, term=1, succeeded=true, lastLogIndex=4} from 2
11:35:28.235 [raft-server-1] TRACE i.a.p.raft.roles.LeaderAppender - RaftServer{1} - Sending AppendRequest{term=1, leader=1, prevLogIndex=4, prevLogTerm=1, entries=0, commitIndex=4} to 2
11:35:28.235 [raft-server-2] TRACE i.a.p.raft.roles.FollowerRole - RaftServer{2}{role=FOLLOWER} - Received AppendRequest{term=1, leader=1, prevLogIndex=4, prevLogTerm=1, entries=0, commitIndex=4}
11:35:28.235 [raft-server-2] TRACE i.a.p.raft.roles.FollowerRole - RaftServer{2}{role=FOLLOWER} - Sending AppendResponse{status=OK, term=1, succeeded=true, lastLogIndex=4}
11:35:28.235 [raft-server-1] TRACE i.a.p.raft.roles.LeaderAppender - RaftServer{1} - Received AppendResponse{status=OK, term=1, succeeded=true, lastLogIndex=4} from 2
11:35:28.235 [raft-server-1] TRACE i.a.p.raft.roles.LeaderAppender - RaftServer{1} - Sending AppendRequest{term=1, leader=1, prevLogIndex=4, prevLogTerm=1, entries=0, commitIndex=4} to 2
11:35:28.235 [raft-server-2] TRACE i.a.p.raft.roles.FollowerRole - RaftServer{2}{role=FOLLOWER} - Received AppendRequest{term=1, leader=1, prevLogIndex=4, prevLogTerm=1, entries=0, commitIndex=4}
11:35:28.235 [raft-server-2] TRACE i.a.p.raft.roles.FollowerRole - RaftServer{2}{role=FOLLOWER} - Sending AppendResponse{status=OK, term=1, succeeded=true, lastLogIndex=4}
11:35:28.235 [raft-server-1] TRACE i.a.p.raft.roles.LeaderAppender - RaftServer{1} - Received AppendResponse{status=OK, term=1, succeeded=true, lastLogIndex=4} from 2
11:35:28.235 [raft-server-1] TRACE i.a.p.raft.roles.LeaderAppender - RaftServer{1} - Sending AppendRequest{term=1, leader=1, prevLogIndex=4, prevLogTerm=1, entries=0, commitIndex=4} to 2
11:35:28.235 [raft-server-2] TRACE i.a.p.raft.roles.FollowerRole - RaftServer{2}{role=FOLLOWER} - Received AppendRequest{term=1, leader=1, prevLogIndex=4, prevLogTerm=1, entries=0, commitIndex=4}
11:35:28.235 [raft-server-2] TRACE i.a.p.raft.roles.FollowerRole - RaftServer{2}{role=FOLLOWER} - Sending AppendResponse{status=OK, term=1, succeeded=true, lastLogIndex=4}
11:35:28.235 [raft-server-1] TRACE i.a.p.raft.roles.LeaderAppender - RaftServer{1} - Received AppendResponse{status=OK, term=1, succeeded=true, lastLogIndex=4} from 2
11:35:28.235 [raft-server-1] TRACE i.a.p.raft.roles.LeaderAppender - RaftServer{1} - Sending AppendRequest{term=1, leader=1, prevLogIndex=4, prevLogTerm=1, entries=0, commitIndex=4} to 2
11:35:28.235 [raft-server-2] TRACE i.a.p.raft.roles.FollowerRole - RaftServer{2}{role=FOLLOWER} - Received AppendRequest{term=1, leader=1, prevLogIndex=4, prevLogTerm=1, entries=0, commitIndex=4}
11:35:28.235 [raft-server-2] TRACE i.a.p.raft.roles.FollowerRole - RaftServer{2}{role=FOLLOWER} - Sending AppendResponse{status=OK, term=1, succeeded=true, lastLogIndex=4}
11:35:28.235 [raft-server-1] TRACE i.a.p.raft.roles.LeaderAppender - RaftServer{1} - Received AppendResponse{status=OK, term=1, succeeded=true, lastLogIndex=4} from 2
11:35:28.235 [raft-server-1] TRACE i.a.p.raft.roles.LeaderAppender - RaftServer{1} - Sending AppendRequest{term=1, leader=1, prevLogIndex=4, prevLogTerm=1, entries=0, commitIndex=4} to 2
11:35:28.236 [raft-server-2] TRACE i.a.p.raft.roles.FollowerRole - RaftServer{2}{role=FOLLOWER} - Received AppendRequest{term=1, leader=1, prevLogIndex=4, prevLogTerm=1, entries=0, commitIndex=4}
11:35:28.236 [raft-server-2] TRACE i.a.p.raft.roles.FollowerRole - RaftServer{2}{role=FOLLOWER} - Sending AppendResponse{status=OK, term=1, succeeded=true, lastLogIndex=4}
11:35:28.236 [raft-server-1] TRACE i.a.p.raft.roles.LeaderAppender - RaftServer{1} - Received AppendResponse{status=OK, term=1, succeeded=true, lastLogIndex=4} from 2
11:35:28.236 [raft-server-1] TRACE i.a.p.raft.roles.LeaderAppender - RaftServer{1} - Sending AppendRequest{term=1, leader=1, prevLogIndex=4, prevLogTerm=1, entries=0, commitIndex=4} to 2
11:35:28.236 [raft-server-2] TRACE i.a.p.raft.roles.FollowerRole - RaftServer{2}{role=FOLLOWER} - Received AppendRequest{term=1, leader=1, prevLogIndex=4, prevLogTerm=1, entries=0, commitIndex=4}
11:35:28.236 [raft-server-2] TRACE i.a.p.raft.roles.FollowerRole - RaftServer{2}{role=FOLLOWER} - Sending AppendResponse{status=OK, term=1, succeeded=true, lastLogIndex=4}
11:35:28.236 [raft-server-1] TRACE i.a.p.raft.roles.LeaderAppender - RaftServer{1} - Received AppendResponse{status=OK, term=1, succeeded=true, lastLogIndex=4} from 2
11:35:28.485 [raft-server-1] TRACE i.a.p.raft.roles.LeaderAppender - RaftServer{1} - Sending AppendRequest{term=1, leader=1, prevLogIndex=4, prevLogTerm=1, entries=0, commitIndex=4} to 2
11:35:28.485 [raft-server-2] TRACE i.a.p.raft.roles.FollowerRole - RaftServer{2}{role=FOLLOWER} - Received AppendRequest{term=1, leader=1, prevLogIndex=4, prevLogTerm=1, entries=0, commitIndex=4}
11:35:28.485 [raft-server-2] TRACE i.a.p.raft.roles.FollowerRole - RaftServer{2}{role=FOLLOWER} - Sending AppendResponse{status=OK, term=1, succeeded=true, lastLogIndex=4}
11:35:28.485 [raft-server-1] TRACE i.a.p.raft.roles.LeaderAppender - RaftServer{1} - Received AppendResponse{status=OK, term=1, succeeded=true, lastLogIndex=4} from 2
11:35:28.485 [raft-server-1] TRACE i.a.p.raft.roles.LeaderAppender - RaftServer{1} - Sending AppendRequest{term=1, leader=1, prevLogIndex=4, prevLogTerm=1, entries=0, commitIndex=4} to 2
11:35:28.485 [raft-server-2] TRACE i.a.p.raft.roles.FollowerRole - RaftServer{2}{role=FOLLOWER} - Received AppendRequest{term=1, leader=1, prevLogIndex=4, prevLogTerm=1, entries=0, commitIndex=4}
11:35:28.485 [raft-server-2] TRACE i.a.p.raft.roles.FollowerRole - RaftServer{2}{role=FOLLOWER} - Sending AppendResponse{status=OK, term=1, succeeded=true, lastLogIndex=4}
11:35:28.485 [raft-server-1] TRACE i.a.p.raft.roles.LeaderAppender - RaftServer{1} - Received AppendResponse{status=OK, term=1, succeeded=true, lastLogIndex=4} from 2
11:35:28.485 [raft-server-1] TRACE i.a.p.raft.roles.LeaderAppender - RaftServer{1} - Sending AppendRequest{term=1, leader=1, prevLogIndex=4, prevLogTerm=1, entries=0, commitIndex=4} to 2
11:35:28.485 [raft-server-2] TRACE i.a.p.raft.roles.FollowerRole - RaftServer{2}{role=FOLLOWER} - Received AppendRequest{term=1, leader=1, prevLogIndex=4, prevLogTerm=1, entries=0, commitIndex=4}
11:35:28.485 [raft-server-2] TRACE i.a.p.raft.roles.FollowerRole - RaftServer{2}{role=FOLLOWER} - Sending AppendResponse{status=OK, term=1, succeeded=true, lastLogIndex=4}
11:35:28.485 [raft-server-1] TRACE i.a.p.raft.roles.LeaderAppender - RaftServer{1} - Received AppendResponse{status=OK, term=1, succeeded=true, lastLogIndex=4} from 2
11:35:28.486 [raft-server-1] TRACE i.a.p.raft.roles.LeaderAppender - RaftServer{1} - Sending AppendRequest{term=1, leader=1, prevLogIndex=4, prevLogTerm=1, entries=0, commitIndex=4} to 2
11:35:28.486 [raft-server-2] TRACE i.a.p.raft.roles.FollowerRole - RaftServer{2}{role=FOLLOWER} - Received AppendRequest{term=1, leader=1, prevLogIndex=4, prevLogTerm=1, entries=0, commitIndex=4}
11:35:28.486 [raft-server-2] TRACE i.a.p.raft.roles.FollowerRole - RaftServer{2}{role=FOLLOWER} - Sending AppendResponse{status=OK, term=1, succeeded=true, lastLogIndex=4}
11:35:28.486 [raft-server-1] TRACE i.a.p.raft.roles.LeaderAppender - RaftServer{1} - Received AppendResponse{status=OK, term=1, succeeded=true, lastLogIndex=4} from 2
11:35:28.735 [raft-server-1] TRACE i.a.p.raft.roles.LeaderAppender - RaftServer{1} - Sending AppendRequest{term=1, leader=1, prevLogIndex=4, prevLogTerm=1, entries=0, commitIndex=4} to 2
11:35:28.735 [raft-server-2] TRACE i.a.p.raft.roles.FollowerRole - RaftServer{2}{role=FOLLOWER} - Received AppendRequest{term=1, leader=1, prevLogIndex=4, prevLogTerm=1, entries=0, commitIndex=4}
11:35:28.735 [raft-server-2] TRACE i.a.p.raft.roles.FollowerRole - RaftServer{2}{role=FOLLOWER} - Sending AppendResponse{status=OK, term=1, succeeded=true, lastLogIndex=4}
11:35:28.735 [raft-server-1] TRACE i.a.p.raft.roles.LeaderAppender - RaftServer{1} - Received AppendResponse{status=OK, term=1, succeeded=true, lastLogIndex=4} from 2
11:35:28.735 [raft-server-1] TRACE i.a.p.raft.roles.LeaderAppender - RaftServer{1} - Sending AppendRequest{term=1, leader=1, prevLogIndex=4, prevLogTerm=1, entries=0, commitIndex=4} to 2
11:35:28.735 [raft-server-2] TRACE i.a.p.raft.roles.FollowerRole - RaftServer{2}{role=FOLLOWER} - Received AppendRequest{term=1, leader=1, prevLogIndex=4, prevLogTerm=1, entries=0, commitIndex=4}
11:35:28.735 [raft-server-2] TRACE i.a.p.raft.roles.FollowerRole - RaftServer{2}{role=FOLLOWER} - Sending AppendResponse{status=OK, term=1, succeeded=true, lastLogIndex=4}
11:35:28.735 [raft-server-1] TRACE i.a.p.raft.roles.LeaderAppender - RaftServer{1} - Received AppendResponse{status=OK, term=1, succeeded=true, lastLogIndex=4} from 2
11:35:28.735 [raft-server-1] TRACE i.a.p.raft.roles.LeaderAppender - RaftServer{1} - Sending AppendRequest{term=1, leader=1, prevLogIndex=4, prevLogTerm=1, entries=0, commitIndex=4} to 2
11:35:28.735 [raft-server-2] TRACE i.a.p.raft.roles.FollowerRole - RaftServer{2}{role=FOLLOWER} - Received AppendRequest{term=1, leader=1, prevLogIndex=4, prevLogTerm=1, entries=0, commitIndex=4}
11:35:28.735 [raft-server-2] TRACE i.a.p.raft.roles.FollowerRole - RaftServer{2}{role=FOLLOWER} - Sending AppendResponse{status=OK, term=1, succeeded=true, lastLogIndex=4}
11:35:28.735 [raft-server-1] TRACE i.a.p.raft.roles.LeaderAppender - RaftServer{1} - Received AppendResponse{status=OK, term=1, succeeded=true, lastLogIndex=4} from 2
11:35:28.735 [raft-server-1] TRACE i.a.p.raft.roles.LeaderAppender - RaftServer{1} - Sending AppendRequest{term=1, leader=1, prevLogIndex=4, prevLogTerm=1, entries=0, commitIndex=4} to 2
11:35:28.735 [raft-server-2] TRACE i.a.p.raft.roles.FollowerRole - RaftServer{2}{role=FOLLOWER} - Received AppendRequest{term=1, leader=1, prevLogIndex=4, prevLogTerm=1, entries=0, commitIndex=4}
11:35:28.735 [raft-server-2] TRACE i.a.p.raft.roles.FollowerRole - RaftServer{2}{role=FOLLOWER} - Sending AppendResponse{status=OK, term=1, succeeded=true, lastLogIndex=4}
11:35:28.736 [raft-server-1] TRACE i.a.p.raft.roles.LeaderAppender - RaftServer{1} - Received AppendResponse{status=OK, term=1, succeeded=true, lastLogIndex=4} from 2
11:35:28.736 [raft-server-1] TRACE i.a.p.raft.roles.LeaderAppender - RaftServer{1} - Sending AppendRequest{term=1, leader=1, prevLogIndex=4, prevLogTerm=1, entries=0, commitIndex=4} to 2
11:35:28.736 [raft-server-2] TRACE i.a.p.raft.roles.FollowerRole - RaftServer{2}{role=FOLLOWER} - Received AppendRequest{term=1, leader=1, prevLogIndex=4, prevLogTerm=1, entries=0, commitIndex=4}
11:35:28.736 [raft-server-2] TRACE i.a.p.raft.roles.FollowerRole - RaftServer{2}{role=FOLLOWER} - Sending AppendResponse{status=OK, term=1, succeeded=true, lastLogIndex=4}
11:35:28.736 [raft-server-1] TRACE i.a.p.raft.roles.LeaderAppender - RaftServer{1} - Received AppendResponse{status=OK, term=1, succeeded=true, lastLogIndex=4} from 2
11:35:28.985 [raft-server-1] TRACE i.a.p.raft.roles.LeaderAppender - RaftServer{1} - Sending AppendRequest{term=1, leader=1, prevLogIndex=4, prevLogTerm=1, entries=0, commitIndex=4} to 2
11:35:28.985 [raft-server-2] TRACE i.a.p.raft.roles.FollowerRole - RaftServer{2}{role=FOLLOWER} - Received AppendRequest{term=1, leader=1, prevLogIndex=4, prevLogTerm=1, entries=0, commitIndex=4}
11:35:28.985 [raft-server-2] TRACE i.a.p.raft.roles.FollowerRole - RaftServer{2}{role=FOLLOWER} - Sending AppendResponse{status=OK, term=1, succeeded=true, lastLogIndex=4}
11:35:28.985 [raft-server-1] TRACE i.a.p.raft.roles.LeaderAppender - RaftServer{1} - Received AppendResponse{status=OK, term=1, succeeded=true, lastLogIndex=4} from 2
11:35:28.985 [raft-server-1] TRACE i.a.p.raft.roles.LeaderAppender - RaftServer{1} - Sending AppendRequest{term=1, leader=1, prevLogIndex=4, prevLogTerm=1, entries=0, commitIndex=4} to 2
11:35:28.985 [raft-server-2] TRACE i.a.p.raft.roles.FollowerRole - RaftServer{2}{role=FOLLOWER} - Received AppendRequest{term=1, leader=1, prevLogIndex=4, prevLogTerm=1, entries=0, commitIndex=4}
11:35:28.985 [raft-server-2] TRACE i.a.p.raft.roles.FollowerRole - RaftServer{2}{role=FOLLOWER} - Sending AppendResponse{status=OK, term=1, succeeded=true, lastLogIndex=4}
11:35:28.985 [raft-server-1] TRACE i.a.p.raft.roles.LeaderAppender - RaftServer{1} - Received AppendResponse{status=OK, term=1, succeeded=true, lastLogIndex=4} from 2
11:35:28.985 [raft-server-1] TRACE i.a.p.raft.roles.LeaderAppender - RaftServer{1} - Sending AppendRequest{term=1, leader=1, prevLogIndex=4, prevLogTerm=1, entries=0, commitIndex=4} to 2
11:35:28.985 [raft-server-2] TRACE i.a.p.raft.roles.FollowerRole - RaftServer{2}{role=FOLLOWER} - Received AppendRequest{term=1, leader=1, prevLogIndex=4, prevLogTerm=1, entries=0, commitIndex=4}
11:35:28.985 [raft-server-2] TRACE i.a.p.raft.roles.FollowerRole - RaftServer{2}{role=FOLLOWER} - Sending AppendResponse{status=OK, term=1, succeeded=true, lastLogIndex=4}
11:35:28.985 [raft-server-1] TRACE i.a.p.raft.roles.LeaderAppender - RaftServer{1} - Received AppendResponse{status=OK, term=1, succeeded=true, lastLogIndex=4} from 2
11:35:28.985 [raft-server-1] TRACE i.a.p.raft.roles.LeaderAppender - RaftServer{1} - Sending AppendRequest{term=1, leader=1, prevLogIndex=4, prevLogTerm=1, entries=0, commitIndex=4} to 2
11:35:28.985 [raft-server-2] TRACE i.a.p.raft.roles.FollowerRole - RaftServer{2}{role=FOLLOWER} - Received AppendRequest{term=1, leader=1, prevLogIndex=4, prevLogTerm=1, entries=0, commitIndex=4}
11:35:28.985 [raft-server-2] TRACE i.a.p.raft.roles.FollowerRole - RaftServer{2}{role=FOLLOWER} - Sending AppendResponse{status=OK, term=1, succeeded=true, lastLogIndex=4}
11:35:28.986 [raft-server-1] TRACE i.a.p.raft.roles.LeaderAppender - RaftServer{1} - Received AppendResponse{status=OK, term=1, succeeded=true, lastLogIndex=4} from 2
11:35:28.986 [raft-server-1] TRACE i.a.p.raft.roles.LeaderAppender - RaftServer{1} - Sending AppendRequest{term=1, leader=1, prevLogIndex=4, prevLogTerm=1, entries=0, commitIndex=4} to 2
11:35:28.986 [raft-server-2] TRACE i.a.p.raft.roles.FollowerRole - RaftServer{2}{role=FOLLOWER} - Received AppendRequest{term=1, leader=1, prevLogIndex=4, prevLogTerm=1, entries=0, commitIndex=4}
11:35:28.986 [raft-server-2] TRACE i.a.p.raft.roles.FollowerRole - RaftServer{2}{role=FOLLOWER} - Sending AppendResponse{status=OK, term=1, succeeded=true, lastLogIndex=4}
11:35:28.986 [raft-server-1] TRACE i.a.p.raft.roles.LeaderAppender - RaftServer{1} - Received AppendResponse{status=OK, term=1, succeeded=true, lastLogIndex=4} from 2
11:35:29.235 [raft-server-1] TRACE i.a.p.raft.roles.LeaderAppender - RaftServer{1} - Sending AppendRequest{term=1, leader=1, prevLogIndex=4, prevLogTerm=1, entries=0, commitIndex=4} to 2
11:35:29.235 [raft-server-2] TRACE i.a.p.raft.roles.FollowerRole - RaftServer{2}{role=FOLLOWER} - Received AppendRequest{term=1, leader=1, prevLogIndex=4, prevLogTerm=1, entries=0, commitIndex=4}
11:35:29.235 [raft-server-2] TRACE i.a.p.raft.roles.FollowerRole - RaftServer{2}{role=FOLLOWER} - Sending AppendResponse{status=OK, term=1, succeeded=true, lastLogIndex=4}
11:35:29.235 [raft-server-1] TRACE i.a.p.raft.roles.LeaderAppender - RaftServer{1} - Received AppendResponse{status=OK, term=1, succeeded=true, lastLogIndex=4} from 2
11:35:29.235 [raft-server-1] TRACE i.a.p.raft.roles.LeaderAppender - RaftServer{1} - Sending AppendRequest{term=1, leader=1, prevLogIndex=4, prevLogTerm=1, entries=0, commitIndex=4} to 2
11:35:29.235 [raft-server-2] TRACE i.a.p.raft.roles.FollowerRole - RaftServer{2}{role=FOLLOWER} - Received AppendRequest{term=1, leader=1, prevLogIndex=4, prevLogTerm=1, entries=0, commitIndex=4}
11:35:29.235 [raft-server-2] TRACE i.a.p.raft.roles.FollowerRole - RaftServer{2}{role=FOLLOWER} - Sending AppendResponse{status=OK, term=1, succeeded=true, lastLogIndex=4}
11:35:29.235 [raft-server-1] TRACE i.a.p.raft.roles.LeaderAppender - RaftServer{1} - Received AppendResponse{status=OK, term=1, succeeded=true, lastLogIndex=4} from 2
11:35:29.235 [raft-server-1] TRACE i.a.p.raft.roles.LeaderAppender - RaftServer{1} - Sending AppendRequest{term=1, leader=1, prevLogIndex=4, prevLogTerm=1, entries=0, commitIndex=4} to 2
11:35:29.235 [raft-server-2] TRACE i.a.p.raft.roles.FollowerRole - RaftServer{2}{role=FOLLOWER} - Received AppendRequest{term=1, leader=1, prevLogIndex=4, prevLogTerm=1, entries=0, commitIndex=4}
11:35:29.235 [raft-server-2] TRACE i.a.p.raft.roles.FollowerRole - RaftServer{2}{role=FOLLOWER} - Sending AppendResponse{status=OK, term=1, succeeded=true, lastLogIndex=4}
11:35:29.235 [raft-server-1] TRACE i.a.p.raft.roles.LeaderAppender - RaftServer{1} - Received AppendResponse{status=OK, term=1, succeeded=true, lastLogIndex=4} from 2
11:35:29.235 [raft-server-1] TRACE i.a.p.raft.roles.LeaderAppender - RaftServer{1} - Sending AppendRequest{term=1, leader=1, prevLogIndex=4, prevLogTerm=1, entries=0, commitIndex=4} to 2
11:35:29.236 [raft-server-2] TRACE i.a.p.raft.roles.FollowerRole - RaftServer{2}{role=FOLLOWER} - Received AppendRequest{term=1, leader=1, prevLogIndex=4, prevLogTerm=1, entries=0, commitIndex=4}
11:35:29.236 [raft-server-2] TRACE i.a.p.raft.roles.FollowerRole - RaftServer{2}{role=FOLLOWER} - Sending AppendResponse{status=OK, term=1, succeeded=true, lastLogIndex=4}
11:35:29.236 [raft-server-1] TRACE i.a.p.raft.roles.LeaderAppender - RaftServer{1} - Received AppendResponse{status=OK, term=1, succeeded=true, lastLogIndex=4} from 2
11:35:29.236 [raft-server-1] TRACE i.a.p.raft.roles.LeaderAppender - RaftServer{1} - Sending AppendRequest{term=1, leader=1, prevLogIndex=4, prevLogTerm=1, entries=0, commitIndex=4} to 2
11:35:29.236 [raft-server-2] TRACE i.a.p.raft.roles.FollowerRole - RaftServer{2}{role=FOLLOWER} - Received AppendRequest{term=1, leader=1, prevLogIndex=4, prevLogTerm=1, entries=0, commitIndex=4}
11:35:29.236 [raft-server-2] TRACE i.a.p.raft.roles.FollowerRole - RaftServer{2}{role=FOLLOWER} - Sending AppendResponse{status=OK, term=1, succeeded=true, lastLogIndex=4}
11:35:29.236 [raft-server-1] TRACE i.a.p.raft.roles.LeaderAppender - RaftServer{1} - Received AppendResponse{status=OK, term=1, succeeded=true, lastLogIndex=4} from 2
11:35:29.485 [raft-server-1] TRACE i.a.p.raft.roles.LeaderAppender - RaftServer{1} - Sending AppendRequest{term=1, leader=1, prevLogIndex=4, prevLogTerm=1, entries=0, commitIndex=4} to 2
11:35:29.485 [raft-server-2] TRACE i.a.p.raft.roles.FollowerRole - RaftServer{2}{role=FOLLOWER} - Received AppendRequest{term=1, leader=1, prevLogIndex=4, prevLogTerm=1, entries=0, commitIndex=4}
11:35:29.485 [raft-server-2] TRACE i.a.p.raft.roles.FollowerRole - RaftServer{2}{role=FOLLOWER} - Sending AppendResponse{status=OK, term=1, succeeded=true, lastLogIndex=4}
11:35:29.485 [raft-server-1] TRACE i.a.p.raft.roles.LeaderAppender - RaftServer{1} - Received AppendResponse{status=OK, term=1, succeeded=true, lastLogIndex=4} from 2
11:35:29.485 [raft-server-1] TRACE i.a.p.raft.roles.LeaderAppender - RaftServer{1} - Sending AppendRequest{term=1, leader=1, prevLogIndex=4, prevLogTerm=1, entries=0, commitIndex=4} to 2
11:35:29.485 [raft-server-2] TRACE i.a.p.raft.roles.FollowerRole - RaftServer{2}{role=FOLLOWER} - Received AppendRequest{term=1, leader=1, prevLogIndex=4, prevLogTerm=1, entries=0, commitIndex=4}
11:35:29.485 [raft-server-2] TRACE i.a.p.raft.roles.FollowerRole - RaftServer{2}{role=FOLLOWER} - Sending AppendResponse{status=OK, term=1, succeeded=true, lastLogIndex=4}
11:35:29.485 [raft-server-1] TRACE i.a.p.raft.roles.LeaderAppender - RaftServer{1} - Received AppendResponse{status=OK, term=1, succeeded=true, lastLogIndex=4} from 2
11:35:29.485 [raft-server-1] TRACE i.a.p.raft.roles.LeaderAppender - RaftServer{1} - Sending AppendRequest{term=1, leader=1, prevLogIndex=4, prevLogTerm=1, entries=0, commitIndex=4} to 2
11:35:29.485 [raft-server-2] TRACE i.a.p.raft.roles.FollowerRole - RaftServer{2}{role=FOLLOWER} - Received AppendRequest{term=1, leader=1, prevLogIndex=4, prevLogTerm=1, entries=0, commitIndex=4}
11:35:29.485 [raft-server-2] TRACE i.a.p.raft.roles.FollowerRole - RaftServer{2}{role=FOLLOWER} - Sending AppendResponse{status=OK, term=1, succeeded=true, lastLogIndex=4}
11:35:29.485 [raft-server-1] TRACE i.a.p.raft.roles.LeaderAppender - RaftServer{1} - Received AppendResponse{status=OK, term=1, succeeded=true, lastLogIndex=4} from 2
11:35:29.485 [raft-server-1] TRACE i.a.p.raft.roles.LeaderAppender - RaftServer{1} - Sending AppendRequest{term=1, leader=1, prevLogIndex=4, prevLogTerm=1, entries=0, commitIndex=4} to 2
11:35:29.485 [raft-server-2] TRACE i.a.p.raft.roles.FollowerRole - RaftServer{2}{role=FOLLOWER} - Received AppendRequest{term=1, leader=1, prevLogIndex=4, prevLogTerm=1, entries=0, commitIndex=4}
11:35:29.486 [raft-server-2] TRACE i.a.p.raft.roles.FollowerRole - RaftServer{2}{role=FOLLOWER} - Sending AppendResponse{status=OK, term=1, succeeded=true, lastLogIndex=4}
11:35:29.486 [raft-server-1] TRACE i.a.p.raft.roles.LeaderAppender - RaftServer{1} - Received AppendResponse{status=OK, term=1, succeeded=true, lastLogIndex=4} from 2
11:35:29.486 [raft-server-1] TRACE i.a.p.raft.roles.LeaderAppender - RaftServer{1} - Sending AppendRequest{term=1, leader=1, prevLogIndex=4, prevLogTerm=1, entries=0, commitIndex=4} to 2
11:35:29.486 [raft-server-2] TRACE i.a.p.raft.roles.FollowerRole - RaftServer{2}{role=FOLLOWER} - Received AppendRequest{term=1, leader=1, prevLogIndex=4, prevLogTerm=1, entries=0, commitIndex=4}
11:35:29.486 [raft-server-2] TRACE i.a.p.raft.roles.FollowerRole - RaftServer{2}{role=FOLLOWER} - Sending AppendResponse{status=OK, term=1, succeeded=true, lastLogIndex=4}
11:35:29.486 [raft-server-1] TRACE i.a.p.raft.roles.LeaderAppender - RaftServer{1} - Received AppendResponse{status=OK, term=1, succeeded=true, lastLogIndex=4} from 2
11:35:29.735 [raft-server-1] TRACE i.a.p.raft.roles.LeaderAppender - RaftServer{1} - Sending AppendRequest{term=1, leader=1, prevLogIndex=4, prevLogTerm=1, entries=0, commitIndex=4} to 2
11:35:29.735 [raft-server-2] TRACE i.a.p.raft.roles.FollowerRole - RaftServer{2}{role=FOLLOWER} - Received AppendRequest{term=1, leader=1, prevLogIndex=4, prevLogTerm=1, entries=0, commitIndex=4}
11:35:29.735 [raft-server-2] TRACE i.a.p.raft.roles.FollowerRole - RaftServer{2}{role=FOLLOWER} - Sending AppendResponse{status=OK, term=1, succeeded=true, lastLogIndex=4}
11:35:29.735 [raft-server-1] TRACE i.a.p.raft.roles.LeaderAppender - RaftServer{1} - Received AppendResponse{status=OK, term=1, succeeded=true, lastLogIndex=4} from 2
11:35:29.735 [raft-server-1] TRACE i.a.p.raft.roles.LeaderAppender - RaftServer{1} - Sending AppendRequest{term=1, leader=1, prevLogIndex=4, prevLogTerm=1, entries=0, commitIndex=4} to 2
11:35:29.735 [raft-server-2] TRACE i.a.p.raft.roles.FollowerRole - RaftServer{2}{role=FOLLOWER} - Received AppendRequest{term=1, leader=1, prevLogIndex=4, prevLogTerm=1, entries=0, commitIndex=4}
11:35:29.735 [raft-server-2] TRACE i.a.p.raft.roles.FollowerRole - RaftServer{2}{role=FOLLOWER} - Sending AppendResponse{status=OK, term=1, succeeded=true, lastLogIndex=4}
11:35:29.735 [raft-server-1] TRACE i.a.p.raft.roles.LeaderAppender - RaftServer{1} - Received AppendResponse{status=OK, term=1, succeeded=true, lastLogIndex=4} from 2
11:35:29.735 [raft-server-1] TRACE i.a.p.raft.roles.LeaderAppender - RaftServer{1} - Sending AppendRequest{term=1, leader=1, prevLogIndex=4, prevLogTerm=1, entries=0, commitIndex=4} to 2
11:35:29.735 [raft-server-2] TRACE i.a.p.raft.roles.FollowerRole - RaftServer{2}{role=FOLLOWER} - Received AppendRequest{term=1, leader=1, prevLogIndex=4, prevLogTerm=1, entries=0, commitIndex=4}
11:35:29.735 [raft-server-2] TRACE i.a.p.raft.roles.FollowerRole - RaftServer{2}{role=FOLLOWER} - Sending AppendResponse{status=OK, term=1, succeeded=true, lastLogIndex=4}
11:35:29.735 [raft-server-1] TRACE i.a.p.raft.roles.LeaderAppender - RaftServer{1} - Received AppendResponse{status=OK, term=1, succeeded=true, lastLogIndex=4} from 2
11:35:29.736 [raft-server-1] TRACE i.a.p.raft.roles.LeaderAppender - RaftServer{1} - Sending AppendRequest{term=1, leader=1, prevLogIndex=4, prevLogTerm=1, entries=0, commitIndex=4} to 2
11:35:29.736 [raft-server-2] TRACE i.a.p.raft.roles.FollowerRole - RaftServer{2}{role=FOLLOWER} - Received AppendRequest{term=1, leader=1, prevLogIndex=4, prevLogTerm=1, entries=0, commitIndex=4}
11:35:29.736 [raft-server-2] TRACE i.a.p.raft.roles.FollowerRole - RaftServer{2}{role=FOLLOWER} - Sending AppendResponse{status=OK, term=1, succeeded=true, lastLogIndex=4}
11:35:29.736 [raft-server-1] TRACE i.a.p.raft.roles.LeaderAppender - RaftServer{1} - Received AppendResponse{status=OK, term=1, succeeded=true, lastLogIndex=4} from 2
11:35:29.745 [raft-client-e93f55c3-5bda-4e64-bf5f-fc9c79dd4249-4] TRACE i.a.p.r.proxy.impl.RaftProxyManager - RaftClient{e93f55c3-5bda-4e64-bf5f-fc9c79dd4249} - Keeping 1 sessions alive
11:35:29.745 [raft-client-e93f55c3-5bda-4e64-bf5f-fc9c79dd4249-4] TRACE i.a.p.r.p.impl.RaftProxyConnection - RaftClient{e93f55c3-5bda-4e64-bf5f-fc9c79dd4249} - Sending KeepAliveRequest{sessionIds=long[]{length=1, hash=33}, commandSequences=long[]{length=1, hash=31}, eventIndexes=long[]{length=1, hash=33}} to 1
11:35:29.745 [raft-server-1] TRACE i.a.protocols.raft.roles.LeaderRole - RaftServer{1}{role=LEADER} - Received KeepAliveRequest{sessionIds=long[]{length=1, hash=33}, commandSequences=long[]{length=1, hash=31}, eventIndexes=long[]{length=1, hash=33}}
11:35:29.745 [raft-server-1] TRACE i.a.protocols.raft.roles.LeaderRole - RaftServer{1}{role=LEADER} - Appended Indexed{index=5, entry=KeepAliveEntry{term=1, timestamp=2018-06-05 11:35:29,745, sessionIds=long[]{length=1, hash=33}, commandSequences=long[]{length=1, hash=31}, eventIndexes=long[]{length=1, hash=33}}}
11:35:29.745 [raft-server-1] TRACE i.a.p.raft.roles.LeaderAppender - RaftServer{1} - Sending AppendRequest{term=1, leader=1, prevLogIndex=4, prevLogTerm=1, entries=1, commitIndex=4} to 2
11:35:29.745 [raft-server-2] TRACE i.a.p.raft.roles.FollowerRole - RaftServer{2}{role=FOLLOWER} - Received AppendRequest{term=1, leader=1, prevLogIndex=4, prevLogTerm=1, entries=1, commitIndex=4}
11:35:29.745 [raft-server-2] TRACE i.a.p.raft.roles.FollowerRole - RaftServer{2}{role=FOLLOWER} - Appended Indexed{index=5, entry=KeepAliveEntry{term=1, timestamp=2018-06-05 11:35:29,745, sessionIds=long[]{length=1, hash=33}, commandSequences=long[]{length=1, hash=31}, eventIndexes=long[]{length=1, hash=33}}}
11:35:29.745 [raft-server-2] TRACE i.a.p.raft.roles.FollowerRole - RaftServer{2}{role=FOLLOWER} - Sending AppendResponse{status=OK, term=1, succeeded=true, lastLogIndex=5}
11:35:29.746 [raft-server-1] TRACE i.a.p.raft.roles.LeaderAppender - RaftServer{1} - Received AppendResponse{status=OK, term=1, succeeded=true, lastLogIndex=5} from 2
11:35:29.746 [raft-server-1] TRACE i.a.p.raft.roles.LeaderAppender - RaftServer{1} - Committed entries up to 5
11:35:29.775 [raft-server-1-state] TRACE i.a.p.raft.impl.RaftServiceManager - RaftServer{1} - Applying Indexed{index=5, entry=KeepAliveEntry{term=1, timestamp=2018-06-05 11:35:29,745, sessionIds=long[]{length=1, hash=33}, commandSequences=long[]{length=1, hash=31}, eventIndexes=long[]{length=1, hash=33}}}
11:35:29.775 [raft-server-1] TRACE i.a.protocols.raft.roles.LeaderRole - RaftServer{1}{role=LEADER} - Sending KeepAliveResponse{status=OK, leader=1, members=[1, 2], sessionIds=long[]{length=1, hash=33}}
11:35:29.775 [raft-client-e93f55c3-5bda-4e64-bf5f-fc9c79dd4249-6] TRACE i.a.p.r.p.impl.RaftProxyConnection - RaftClient{e93f55c3-5bda-4e64-bf5f-fc9c79dd4249} - Received KeepAliveResponse{status=OK, leader=1, members=[1, 2], sessionIds=long[]{length=1, hash=33}} from 1
11:35:29.985 [raft-server-1] TRACE i.a.p.raft.roles.LeaderAppender - RaftServer{1} - Sending AppendRequest{term=1, leader=1, prevLogIndex=5, prevLogTerm=1, entries=0, commitIndex=5} to 2
11:35:29.985 [raft-server-2] TRACE i.a.p.raft.roles.FollowerRole - RaftServer{2}{role=FOLLOWER} - Received AppendRequest{term=1, leader=1, prevLogIndex=5, prevLogTerm=1, entries=0, commitIndex=5}
11:35:30.017 [raft-server-2] TRACE i.a.p.raft.roles.FollowerRole - RaftServer{2}{role=FOLLOWER} - Committed entries up to index 5
11:35:30.017 [raft-server-2] TRACE i.a.p.raft.roles.FollowerRole - RaftServer{2}{role=FOLLOWER} - Sending AppendResponse{status=OK, term=1, succeeded=true, lastLogIndex=5}
11:35:30.017 [raft-server-1] TRACE i.a.p.raft.roles.LeaderAppender - RaftServer{1} - Received AppendResponse{status=OK, term=1, succeeded=true, lastLogIndex=5} from 2
11:35:30.017 [raft-server-2-state] TRACE i.a.p.raft.impl.RaftServiceManager - RaftServer{2} - Applying Indexed{index=5, entry=KeepAliveEntry{term=1, timestamp=2018-06-05 11:35:29,745, sessionIds=long[]{length=1, hash=33}, commandSequences=long[]{length=1, hash=31}, eventIndexes=long[]{length=1, hash=33}}}
11:35:30.017 [raft-server-1] TRACE i.a.p.raft.roles.LeaderAppender - RaftServer{1} - Sending AppendRequest{term=1, leader=1, prevLogIndex=5, prevLogTerm=1, entries=0, commitIndex=5} to 2
11:35:30.017 [raft-server-2] TRACE i.a.p.raft.roles.FollowerRole - RaftServer{2}{role=FOLLOWER} - Received AppendRequest{term=1, leader=1, prevLogIndex=5, prevLogTerm=1, entries=0, commitIndex=5}
11:35:30.017 [raft-server-2] TRACE i.a.p.raft.roles.FollowerRole - RaftServer{2}{role=FOLLOWER} - Sending AppendResponse{status=OK, term=1, succeeded=true, lastLogIndex=5}
11:35:30.017 [raft-server-1] TRACE i.a.p.raft.roles.LeaderAppender - RaftServer{1} - Received AppendResponse{status=OK, term=1, succeeded=true, lastLogIndex=5} from 2
11:35:30.235 [raft-server-1] TRACE i.a.p.raft.roles.LeaderAppender - RaftServer{1} - Sending AppendRequest{term=1, leader=1, prevLogIndex=5, prevLogTerm=1, entries=0, commitIndex=5} to 2
11:35:30.235 [raft-server-2] TRACE i.a.p.raft.roles.FollowerRole - RaftServer{2}{role=FOLLOWER} - Received AppendRequest{term=1, leader=1, prevLogIndex=5, prevLogTerm=1, entries=0, commitIndex=5}
11:35:30.235 [raft-server-2] TRACE i.a.p.raft.roles.FollowerRole - RaftServer{2}{role=FOLLOWER} - Sending AppendResponse{status=OK, term=1, succeeded=true, lastLogIndex=5}
11:35:30.235 [raft-server-1] TRACE i.a.p.raft.roles.LeaderAppender - RaftServer{1} - Received AppendResponse{status=OK, term=1, succeeded=true, lastLogIndex=5} from 2
11:35:30.235 [raft-server-1] TRACE i.a.p.raft.roles.LeaderAppender - RaftServer{1} - Sending AppendRequest{term=1, leader=1, prevLogIndex=5, prevLogTerm=1, entries=0, commitIndex=5} to 2
11:35:30.235 [raft-server-2] TRACE i.a.p.raft.roles.FollowerRole - RaftServer{2}{role=FOLLOWER} - Received AppendRequest{term=1, leader=1, prevLogIndex=5, prevLogTerm=1, entries=0, commitIndex=5}
11:35:30.235 [raft-server-2] TRACE i.a.p.raft.roles.FollowerRole - RaftServer{2}{role=FOLLOWER} - Sending AppendResponse{status=OK, term=1, succeeded=true, lastLogIndex=5}
11:35:30.235 [raft-server-1] TRACE i.a.p.raft.roles.LeaderAppender - RaftServer{1} - Received AppendResponse{status=OK, term=1, succeeded=true, lastLogIndex=5} from 2
11:35:30.235 [raft-server-1] TRACE i.a.p.raft.roles.LeaderAppender - RaftServer{1} - Sending AppendRequest{term=1, leader=1, prevLogIndex=5, prevLogTerm=1, entries=0, commitIndex=5} to 2
11:35:30.235 [raft-server-2] TRACE i.a.p.raft.roles.FollowerRole - RaftServer{2}{role=FOLLOWER} - Received AppendRequest{term=1, leader=1, prevLogIndex=5, prevLogTerm=1, entries=0, commitIndex=5}
11:35:30.235 [raft-server-2] TRACE i.a.p.raft.roles.FollowerRole - RaftServer{2}{role=FOLLOWER} - Sending AppendResponse{status=OK, term=1, succeeded=true, lastLogIndex=5}
11:35:30.235 [raft-server-1] TRACE i.a.p.raft.roles.LeaderAppender - RaftServer{1} - Received AppendResponse{status=OK, term=1, succeeded=true, lastLogIndex=5} from 2
11:35:30.235 [raft-server-1] TRACE i.a.p.raft.roles.LeaderAppender - RaftServer{1} - Sending AppendRequest{term=1, leader=1, prevLogIndex=5, prevLogTerm=1, entries=0, commitIndex=5} to 2
11:35:30.235 [raft-server-2] TRACE i.a.p.raft.roles.FollowerRole - RaftServer{2}{role=FOLLOWER} - Received AppendRequest{term=1, leader=1, prevLogIndex=5, prevLogTerm=1, entries=0, commitIndex=5}
11:35:30.235 [raft-server-2] TRACE i.a.p.raft.roles.FollowerRole - RaftServer{2}{role=FOLLOWER} - Sending AppendResponse{status=OK, term=1, succeeded=true, lastLogIndex=5}
11:35:30.236 [raft-server-1] TRACE i.a.p.raft.roles.LeaderAppender - RaftServer{1} - Received AppendResponse{status=OK, term=1, succeeded=true, lastLogIndex=5} from 2
11:35:30.236 [raft-server-1] TRACE i.a.p.raft.roles.LeaderAppender - RaftServer{1} - Sending AppendRequest{term=1, leader=1, prevLogIndex=5, prevLogTerm=1, entries=0, commitIndex=5} to 2
11:35:30.236 [raft-server-2] TRACE i.a.p.raft.roles.FollowerRole - RaftServer{2}{role=FOLLOWER} - Received AppendRequest{term=1, leader=1, prevLogIndex=5, prevLogTerm=1, entries=0, commitIndex=5}
11:35:30.236 [raft-server-2] TRACE i.a.p.raft.roles.FollowerRole - RaftServer{2}{role=FOLLOWER} - Sending AppendResponse{status=OK, term=1, succeeded=true, lastLogIndex=5}
11:35:30.236 [raft-server-1] TRACE i.a.p.raft.roles.LeaderAppender - RaftServer{1} - Received AppendResponse{status=OK, term=1, succeeded=true, lastLogIndex=5} from 2
11:35:30.485 [raft-server-1] TRACE i.a.p.raft.roles.LeaderAppender - RaftServer{1} - Sending AppendRequest{term=1, leader=1, prevLogIndex=5, prevLogTerm=1, entries=0, commitIndex=5} to 2
11:35:30.485 [raft-server-2] TRACE i.a.p.raft.roles.FollowerRole - RaftServer{2}{role=FOLLOWER} - Received AppendRequest{term=1, leader=1, prevLogIndex=5, prevLogTerm=1, entries=0, commitIndex=5}
11:35:30.485 [raft-server-2] TRACE i.a.p.raft.roles.FollowerRole - RaftServer{2}{role=FOLLOWER} - Sending AppendResponse{status=OK, term=1, succeeded=true, lastLogIndex=5}
11:35:30.485 [raft-server-1] TRACE i.a.p.raft.roles.LeaderAppender - RaftServer{1} - Received AppendResponse{status=OK, term=1, succeeded=true, lastLogIndex=5} from 2
11:35:30.485 [raft-server-1] TRACE i.a.p.raft.roles.LeaderAppender - RaftServer{1} - Sending AppendRequest{term=1, leader=1, prevLogIndex=5, prevLogTerm=1, entries=0, commitIndex=5} to 2
11:35:30.485 [raft-server-2] TRACE i.a.p.raft.roles.FollowerRole - RaftServer{2}{role=FOLLOWER} - Received AppendRequest{term=1, leader=1, prevLogIndex=5, prevLogTerm=1, entries=0, commitIndex=5}
11:35:30.485 [raft-server-2] TRACE i.a.p.raft.roles.FollowerRole - RaftServer{2}{role=FOLLOWER} - Sending AppendResponse{status=OK, term=1, succeeded=true, lastLogIndex=5}
11:35:30.485 [raft-server-1] TRACE i.a.p.raft.roles.LeaderAppender - RaftServer{1} - Received AppendResponse{status=OK, term=1, succeeded=true, lastLogIndex=5} from 2
11:35:30.485 [raft-server-1] TRACE i.a.p.raft.roles.LeaderAppender - RaftServer{1} - Sending AppendRequest{term=1, leader=1, prevLogIndex=5, prevLogTerm=1, entries=0, commitIndex=5} to 2
11:35:30.485 [raft-server-2] TRACE i.a.p.raft.roles.FollowerRole - RaftServer{2}{role=FOLLOWER} - Received AppendRequest{term=1, leader=1, prevLogIndex=5, prevLogTerm=1, entries=0, commitIndex=5}
11:35:30.485 [raft-server-2] TRACE i.a.p.raft.roles.FollowerRole - RaftServer{2}{role=FOLLOWER} - Sending AppendResponse{status=OK, term=1, succeeded=true, lastLogIndex=5}
11:35:30.485 [raft-server-1] TRACE i.a.p.raft.roles.LeaderAppender - RaftServer{1} - Received AppendResponse{status=OK, term=1, succeeded=true, lastLogIndex=5} from 2
11:35:30.485 [raft-server-1] TRACE i.a.p.raft.roles.LeaderAppender - RaftServer{1} - Sending AppendRequest{term=1, leader=1, prevLogIndex=5, prevLogTerm=1, entries=0, commitIndex=5} to 2
11:35:30.485 [raft-server-2] TRACE i.a.p.raft.roles.FollowerRole - RaftServer{2}{role=FOLLOWER} - Received AppendRequest{term=1, leader=1, prevLogIndex=5, prevLogTerm=1, entries=0, commitIndex=5}
11:35:30.485 [raft-server-2] TRACE i.a.p.raft.roles.FollowerRole - RaftServer{2}{role=FOLLOWER} - Sending AppendResponse{status=OK, term=1, succeeded=true, lastLogIndex=5}
11:35:30.486 [raft-server-1] TRACE i.a.p.raft.roles.LeaderAppender - RaftServer{1} - Received AppendResponse{status=OK, term=1, succeeded=true, lastLogIndex=5} from 2
11:35:30.486 [raft-server-1] TRACE i.a.p.raft.roles.LeaderAppender - RaftServer{1} - Sending AppendRequest{term=1, leader=1, prevLogIndex=5, prevLogTerm=1, entries=0, commitIndex=5} to 2
11:35:30.486 [raft-server-2] TRACE i.a.p.raft.roles.FollowerRole - RaftServer{2}{role=FOLLOWER} - Received AppendRequest{term=1, leader=1, prevLogIndex=5, prevLogTerm=1, entries=0, commitIndex=5}
11:35:30.486 [raft-server-2] TRACE i.a.p.raft.roles.FollowerRole - RaftServer{2}{role=FOLLOWER} - Sending AppendResponse{status=OK, term=1, succeeded=true, lastLogIndex=5}
11:35:30.486 [raft-server-1] TRACE i.a.p.raft.roles.LeaderAppender - RaftServer{1} - Received AppendResponse{status=OK, term=1, succeeded=true, lastLogIndex=5} from 2
11:35:30.735 [raft-server-1] TRACE i.a.p.raft.roles.LeaderAppender - RaftServer{1} - Sending AppendRequest{term=1, leader=1, prevLogIndex=5, prevLogTerm=1, entries=0, commitIndex=5} to 2
11:35:30.735 [raft-server-2] TRACE i.a.p.raft.roles.FollowerRole - RaftServer{2}{role=FOLLOWER} - Received AppendRequest{term=1, leader=1, prevLogIndex=5, prevLogTerm=1, entries=0, commitIndex=5}
11:35:30.735 [raft-server-2] TRACE i.a.p.raft.roles.FollowerRole - RaftServer{2}{role=FOLLOWER} - Sending AppendResponse{status=OK, term=1, succeeded=true, lastLogIndex=5}
11:35:30.735 [raft-server-1] TRACE i.a.p.raft.roles.LeaderAppender - RaftServer{1} - Received AppendResponse{status=OK, term=1, succeeded=true, lastLogIndex=5} from 2
11:35:30.735 [raft-server-1] TRACE i.a.p.raft.roles.LeaderAppender - RaftServer{1} - Sending AppendRequest{term=1, leader=1, prevLogIndex=5, prevLogTerm=1, entries=0, commitIndex=5} to 2
11:35:30.735 [raft-server-2] TRACE i.a.p.raft.roles.FollowerRole - RaftServer{2}{role=FOLLOWER} - Received AppendRequest{term=1, leader=1, prevLogIndex=5, prevLogTerm=1, entries=0, commitIndex=5}
11:35:30.735 [raft-server-2] TRACE i.a.p.raft.roles.FollowerRole - RaftServer{2}{role=FOLLOWER} - Sending AppendResponse{status=OK, term=1, succeeded=true, lastLogIndex=5}
11:35:30.735 [raft-server-1] TRACE i.a.p.raft.roles.LeaderAppender - RaftServer{1} - Received AppendResponse{status=OK, term=1, succeeded=true, lastLogIndex=5} from 2
11:35:30.735 [raft-server-1] TRACE i.a.p.raft.roles.LeaderAppender - RaftServer{1} - Sending AppendRequest{term=1, leader=1, prevLogIndex=5, prevLogTerm=1, entries=0, commitIndex=5} to 2
11:35:30.735 [raft-server-2] TRACE i.a.p.raft.roles.FollowerRole - RaftServer{2}{role=FOLLOWER} - Received AppendRequest{term=1, leader=1, prevLogIndex=5, prevLogTerm=1, entries=0, commitIndex=5}
11:35:30.735 [raft-server-2] TRACE i.a.p.raft.roles.FollowerRole - RaftServer{2}{role=FOLLOWER} - Sending AppendResponse{status=OK, term=1, succeeded=true, lastLogIndex=5}
11:35:30.735 [raft-server-1] TRACE i.a.p.raft.roles.LeaderAppender - RaftServer{1} - Received AppendResponse{status=OK, term=1, succeeded=true, lastLogIndex=5} from 2
11:35:30.736 [raft-server-1] TRACE i.a.p.raft.roles.LeaderAppender - RaftServer{1} - Sending AppendRequest{term=1, leader=1, prevLogIndex=5, prevLogTerm=1, entries=0, commitIndex=5} to 2
11:35:30.736 [raft-server-2] TRACE i.a.p.raft.roles.FollowerRole - RaftServer{2}{role=FOLLOWER} - Received AppendRequest{term=1, leader=1, prevLogIndex=5, prevLogTerm=1, entries=0, commitIndex=5}
11:35:30.736 [raft-server-2] TRACE i.a.p.raft.roles.FollowerRole - RaftServer{2}{role=FOLLOWER} - Sending AppendResponse{status=OK, term=1, succeeded=true, lastLogIndex=5}
11:35:30.736 [raft-server-1] TRACE i.a.p.raft.roles.LeaderAppender - RaftServer{1} - Received AppendResponse{status=OK, term=1, succeeded=true, lastLogIndex=5} from 2
11:35:30.985 [raft-server-1] TRACE i.a.p.raft.roles.LeaderAppender - RaftServer{1} - Sending AppendRequest{term=1, leader=1, prevLogIndex=5, prevLogTerm=1, entries=0, commitIndex=5} to 2
11:35:30.985 [raft-server-2] TRACE i.a.p.raft.roles.FollowerRole - RaftServer{2}{role=FOLLOWER} - Received AppendRequest{term=1, leader=1, prevLogIndex=5, prevLogTerm=1, entries=0, commitIndex=5}
11:35:30.985 [raft-server-2] TRACE i.a.p.raft.roles.FollowerRole - RaftServer{2}{role=FOLLOWER} - Sending AppendResponse{status=OK, term=1, succeeded=true, lastLogIndex=5}
11:35:30.985 [raft-server-1] TRACE i.a.p.raft.roles.LeaderAppender - RaftServer{1} - Received AppendResponse{status=OK, term=1, succeeded=true, lastLogIndex=5} from 2
11:35:30.985 [raft-server-1] TRACE i.a.p.raft.roles.LeaderAppender - RaftServer{1} - Sending AppendRequest{term=1, leader=1, prevLogIndex=5, prevLogTerm=1, entries=0, commitIndex=5} to 2
11:35:30.985 [raft-server-2] TRACE i.a.p.raft.roles.FollowerRole - RaftServer{2}{role=FOLLOWER} - Received AppendRequest{term=1, leader=1, prevLogIndex=5, prevLogTerm=1, entries=0, commitIndex=5}
11:35:30.985 [raft-server-2] TRACE i.a.p.raft.roles.FollowerRole - RaftServer{2}{role=FOLLOWER} - Sending AppendResponse{status=OK, term=1, succeeded=true, lastLogIndex=5}
11:35:30.985 [raft-server-1] TRACE i.a.p.raft.roles.LeaderAppender - RaftServer{1} - Received AppendResponse{status=OK, term=1, succeeded=true, lastLogIndex=5} from 2
11:35:30.985 [raft-server-1] TRACE i.a.p.raft.roles.LeaderAppender - RaftServer{1} - Sending AppendRequest{term=1, leader=1, prevLogIndex=5, prevLogTerm=1, entries=0, commitIndex=5} to 2
11:35:30.985 [raft-server-2] TRACE i.a.p.raft.roles.FollowerRole - RaftServer{2}{role=FOLLOWER} - Received AppendRequest{term=1, leader=1, prevLogIndex=5, prevLogTerm=1, entries=0, commitIndex=5}
11:35:30.985 [raft-server-2] TRACE i.a.p.raft.roles.FollowerRole - RaftServer{2}{role=FOLLOWER} - Sending AppendResponse{status=OK, term=1, succeeded=true, lastLogIndex=5}
11:35:30.985 [raft-server-1] TRACE i.a.p.raft.roles.LeaderAppender - RaftServer{1} - Received AppendResponse{status=OK, term=1, succeeded=true, lastLogIndex=5} from 2
11:35:30.985 [raft-server-1] TRACE i.a.p.raft.roles.LeaderAppender - RaftServer{1} - Sending AppendRequest{term=1, leader=1, prevLogIndex=5, prevLogTerm=1, entries=0, commitIndex=5} to 2
11:35:30.985 [raft-server-2] TRACE i.a.p.raft.roles.FollowerRole - RaftServer{2}{role=FOLLOWER} - Received AppendRequest{term=1, leader=1, prevLogIndex=5, prevLogTerm=1, entries=0, commitIndex=5}
11:35:30.985 [raft-server-2] TRACE i.a.p.raft.roles.FollowerRole - RaftServer{2}{role=FOLLOWER} - Sending AppendResponse{status=OK, term=1, succeeded=true, lastLogIndex=5}
11:35:30.985 [raft-server-1] TRACE i.a.p.raft.roles.LeaderAppender - RaftServer{1} - Received AppendResponse{status=OK, term=1, succeeded=true, lastLogIndex=5} from 2
11:35:30.985 [raft-server-1] TRACE i.a.p.raft.roles.LeaderAppender - RaftServer{1} - Sending AppendRequest{term=1, leader=1, prevLogIndex=5, prevLogTerm=1, entries=0, commitIndex=5} to 2
11:35:30.986 [raft-server-2] TRACE i.a.p.raft.roles.FollowerRole - RaftServer{2}{role=FOLLOWER} - Received AppendRequest{term=1, leader=1, prevLogIndex=5, prevLogTerm=1, entries=0, commitIndex=5}
11:35:30.986 [raft-server-2] TRACE i.a.p.raft.roles.FollowerRole - RaftServer{2}{role=FOLLOWER} - Sending AppendResponse{status=OK, term=1, succeeded=true, lastLogIndex=5}
11:35:30.986 [raft-server-1] TRACE i.a.p.raft.roles.LeaderAppender - RaftServer{1} - Received AppendResponse{status=OK, term=1, succeeded=true, lastLogIndex=5} from 2
11:35:30.986 [raft-server-1] TRACE i.a.p.raft.roles.LeaderAppender - RaftServer{1} - Sending AppendRequest{term=1, leader=1, prevLogIndex=5, prevLogTerm=1, entries=0, commitIndex=5} to 2
11:35:30.986 [raft-server-2] TRACE i.a.p.raft.roles.FollowerRole - RaftServer{2}{role=FOLLOWER} - Received AppendRequest{term=1, leader=1, prevLogIndex=5, prevLogTerm=1, entries=0, commitIndex=5}
11:35:30.986 [raft-server-2] TRACE i.a.p.raft.roles.FollowerRole - RaftServer{2}{role=FOLLOWER} - Sending AppendResponse{status=OK, term=1, succeeded=true, lastLogIndex=5}
11:35:30.986 [raft-server-1] TRACE i.a.p.raft.roles.LeaderAppender - RaftServer{1} - Received AppendResponse{status=OK, term=1, succeeded=true, lastLogIndex=5} from 2
11:35:31.235 [raft-server-1] TRACE i.a.p.raft.roles.LeaderAppender - RaftServer{1} - Sending AppendRequest{term=1, leader=1, prevLogIndex=5, prevLogTerm=1, entries=0, commitIndex=5} to 2
11:35:31.235 [raft-server-2] TRACE i.a.p.raft.roles.FollowerRole - RaftServer{2}{role=FOLLOWER} - Received AppendRequest{term=1, leader=1, prevLogIndex=5, prevLogTerm=1, entries=0, commitIndex=5}
11:35:31.235 [raft-server-2] TRACE i.a.p.raft.roles.FollowerRole - RaftServer{2}{role=FOLLOWER} - Sending AppendResponse{status=OK, term=1, succeeded=true, lastLogIndex=5}
11:35:31.235 [raft-server-1] TRACE i.a.p.raft.roles.LeaderAppender - RaftServer{1} - Received AppendResponse{status=OK, term=1, succeeded=true, lastLogIndex=5} from 2
11:35:31.235 [raft-server-1] TRACE i.a.p.raft.roles.LeaderAppender - RaftServer{1} - Sending AppendRequest{term=1, leader=1, prevLogIndex=5, prevLogTerm=1, entries=0, commitIndex=5} to 2
11:35:31.235 [raft-server-2] TRACE i.a.p.raft.roles.FollowerRole - RaftServer{2}{role=FOLLOWER} - Received AppendRequest{term=1, leader=1, prevLogIndex=5, prevLogTerm=1, entries=0, commitIndex=5}
11:35:31.235 [raft-server-2] TRACE i.a.p.raft.roles.FollowerRole - RaftServer{2}{role=FOLLOWER} - Sending AppendResponse{status=OK, term=1, succeeded=true, lastLogIndex=5}
11:35:31.235 [raft-server-1] TRACE i.a.p.raft.roles.LeaderAppender - RaftServer{1} - Received AppendResponse{status=OK, term=1, succeeded=true, lastLogIndex=5} from 2
11:35:31.235 [raft-server-1] TRACE i.a.p.raft.roles.LeaderAppender - RaftServer{1} - Sending AppendRequest{term=1, leader=1, prevLogIndex=5, prevLogTerm=1, entries=0, commitIndex=5} to 2
11:35:31.235 [raft-server-2] TRACE i.a.p.raft.roles.FollowerRole - RaftServer{2}{role=FOLLOWER} - Received AppendRequest{term=1, leader=1, prevLogIndex=5, prevLogTerm=1, entries=0, commitIndex=5}
11:35:31.235 [raft-server-2] TRACE i.a.p.raft.roles.FollowerRole - RaftServer{2}{role=FOLLOWER} - Sending AppendResponse{status=OK, term=1, succeeded=true, lastLogIndex=5}
11:35:31.235 [raft-server-1] TRACE i.a.p.raft.roles.LeaderAppender - RaftServer{1} - Received AppendResponse{status=OK, term=1, succeeded=true, lastLogIndex=5} from 2
11:35:31.235 [raft-server-1] TRACE i.a.p.raft.roles.LeaderAppender - RaftServer{1} - Sending AppendRequest{term=1, leader=1, prevLogIndex=5, prevLogTerm=1, entries=0, commitIndex=5} to 2
11:35:31.235 [raft-server-2] TRACE i.a.p.raft.roles.FollowerRole - RaftServer{2}{role=FOLLOWER} - Received AppendRequest{term=1, leader=1, prevLogIndex=5, prevLogTerm=1, entries=0, commitIndex=5}
11:35:31.235 [raft-server-2] TRACE i.a.p.raft.roles.FollowerRole - RaftServer{2}{role=FOLLOWER} - Sending AppendResponse{status=OK, term=1, succeeded=true, lastLogIndex=5}
11:35:31.236 [raft-server-1] TRACE i.a.p.raft.roles.LeaderAppender - RaftServer{1} - Received AppendResponse{status=OK, term=1, succeeded=true, lastLogIndex=5} from 2
11:35:31.236 [raft-server-1] TRACE i.a.p.raft.roles.LeaderAppender - RaftServer{1} - Sending AppendRequest{term=1, leader=1, prevLogIndex=5, prevLogTerm=1, entries=0, commitIndex=5} to 2
11:35:31.236 [raft-server-2] TRACE i.a.p.raft.roles.FollowerRole - RaftServer{2}{role=FOLLOWER} - Received AppendRequest{term=1, leader=1, prevLogIndex=5, prevLogTerm=1, entries=0, commitIndex=5}
11:35:31.236 [raft-server-2] TRACE i.a.p.raft.roles.FollowerRole - RaftServer{2}{role=FOLLOWER} - Sending AppendResponse{status=OK, term=1, succeeded=true, lastLogIndex=5}
11:35:31.236 [raft-server-1] TRACE i.a.p.raft.roles.LeaderAppender - RaftServer{1} - Received AppendResponse{status=OK, term=1, succeeded=true, lastLogIndex=5} from 2
11:35:31.485 [raft-server-1] TRACE i.a.p.raft.roles.LeaderAppender - RaftServer{1} - Sending AppendRequest{term=1, leader=1, prevLogIndex=5, prevLogTerm=1, entries=0, commitIndex=5} to 2
11:35:31.485 [raft-server-2] TRACE i.a.p.raft.roles.FollowerRole - RaftServer{2}{role=FOLLOWER} - Received AppendRequest{term=1, leader=1, prevLogIndex=5, prevLogTerm=1, entries=0, commitIndex=5}
11:35:31.485 [raft-server-2] TRACE i.a.p.raft.roles.FollowerRole - RaftServer{2}{role=FOLLOWER} - Sending AppendResponse{status=OK, term=1, succeeded=true, lastLogIndex=5}
11:35:31.485 [raft-server-1] TRACE i.a.p.raft.roles.LeaderAppender - RaftServer{1} - Received AppendResponse{status=OK, term=1, succeeded=true, lastLogIndex=5} from 2
11:35:31.485 [raft-server-1] TRACE i.a.p.raft.roles.LeaderAppender - RaftServer{1} - Sending AppendRequest{term=1, leader=1, prevLogIndex=5, prevLogTerm=1, entries=0, commitIndex=5} to 2
11:35:31.485 [raft-server-2] TRACE i.a.p.raft.roles.FollowerRole - RaftServer{2}{role=FOLLOWER} - Received AppendRequest{term=1, leader=1, prevLogIndex=5, prevLogTerm=1, entries=0, commitIndex=5}
11:35:31.485 [raft-server-2] TRACE i.a.p.raft.roles.FollowerRole - RaftServer{2}{role=FOLLOWER} - Sending AppendResponse{status=OK, term=1, succeeded=true, lastLogIndex=5}
11:35:31.485 [raft-server-1] TRACE i.a.p.raft.roles.LeaderAppender - RaftServer{1} - Received AppendResponse{status=OK, term=1, succeeded=true, lastLogIndex=5} from 2
11:35:31.485 [raft-server-1] TRACE i.a.p.raft.roles.LeaderAppender - RaftServer{1} - Sending AppendRequest{term=1, leader=1, prevLogIndex=5, prevLogTerm=1, entries=0, commitIndex=5} to 2
11:35:31.485 [raft-server-2] TRACE i.a.p.raft.roles.FollowerRole - RaftServer{2}{role=FOLLOWER} - Received AppendRequest{term=1, leader=1, prevLogIndex=5, prevLogTerm=1, entries=0, commitIndex=5}
11:35:31.485 [raft-server-2] TRACE i.a.p.raft.roles.FollowerRole - RaftServer{2}{role=FOLLOWER} - Sending AppendResponse{status=OK, term=1, succeeded=true, lastLogIndex=5}
11:35:31.485 [raft-server-1] TRACE i.a.p.raft.roles.LeaderAppender - RaftServer{1} - Received AppendResponse{status=OK, term=1, succeeded=true, lastLogIndex=5} from 2
11:35:31.485 [raft-server-1] TRACE i.a.p.raft.roles.LeaderAppender - RaftServer{1} - Sending AppendRequest{term=1, leader=1, prevLogIndex=5, prevLogTerm=1, entries=0, commitIndex=5} to 2
11:35:31.485 [raft-server-2] TRACE i.a.p.raft.roles.FollowerRole - RaftServer{2}{role=FOLLOWER} - Received AppendRequest{term=1, leader=1, prevLogIndex=5, prevLogTerm=1, entries=0, commitIndex=5}
11:35:31.485 [raft-server-2] TRACE i.a.p.raft.roles.FollowerRole - RaftServer{2}{role=FOLLOWER} - Sending AppendResponse{status=OK, term=1, succeeded=true, lastLogIndex=5}
11:35:31.486 [raft-server-1] TRACE i.a.p.raft.roles.LeaderAppender - RaftServer{1} - Received AppendResponse{status=OK, term=1, succeeded=true, lastLogIndex=5} from 2
11:35:31.486 [raft-server-1] TRACE i.a.p.raft.roles.LeaderAppender - RaftServer{1} - Sending AppendRequest{term=1, leader=1, prevLogIndex=5, prevLogTerm=1, entries=0, commitIndex=5} to 2
11:35:31.486 [raft-server-2] TRACE i.a.p.raft.roles.FollowerRole - RaftServer{2}{role=FOLLOWER} - Received AppendRequest{term=1, leader=1, prevLogIndex=5, prevLogTerm=1, entries=0, commitIndex=5}
11:35:31.486 [raft-server-2] TRACE i.a.p.raft.roles.FollowerRole - RaftServer{2}{role=FOLLOWER} - Sending AppendResponse{status=OK, term=1, succeeded=true, lastLogIndex=5}
11:35:31.486 [raft-server-1] TRACE i.a.p.raft.roles.LeaderAppender - RaftServer{1} - Received AppendResponse{status=OK, term=1, succeeded=true, lastLogIndex=5} from 2
11:35:31.735 [raft-server-1] TRACE i.a.p.raft.roles.LeaderAppender - RaftServer{1} - Sending AppendRequest{term=1, leader=1, prevLogIndex=5, prevLogTerm=1, entries=0, commitIndex=5} to 2
11:35:31.735 [raft-server-2] TRACE i.a.p.raft.roles.FollowerRole - RaftServer{2}{role=FOLLOWER} - Received AppendRequest{term=1, leader=1, prevLogIndex=5, prevLogTerm=1, entries=0, commitIndex=5}
11:35:31.735 [raft-server-2] TRACE i.a.p.raft.roles.FollowerRole - RaftServer{2}{role=FOLLOWER} - Sending AppendResponse{status=OK, term=1, succeeded=true, lastLogIndex=5}
11:35:31.735 [raft-server-1] TRACE i.a.p.raft.roles.LeaderAppender - RaftServer{1} - Received AppendResponse{status=OK, term=1, succeeded=true, lastLogIndex=5} from 2
11:35:31.735 [raft-server-1] TRACE i.a.p.raft.roles.LeaderAppender - RaftServer{1} - Sending AppendRequest{term=1, leader=1, prevLogIndex=5, prevLogTerm=1, entries=0, commitIndex=5} to 2
11:35:31.735 [raft-server-2] TRACE i.a.p.raft.roles.FollowerRole - RaftServer{2}{role=FOLLOWER} - Received AppendRequest{term=1, leader=1, prevLogIndex=5, prevLogTerm=1, entries=0, commitIndex=5}
11:35:31.735 [raft-server-2] TRACE i.a.p.raft.roles.FollowerRole - RaftServer{2}{role=FOLLOWER} - Sending AppendResponse{status=OK, term=1, succeeded=true, lastLogIndex=5}
11:35:31.735 [raft-server-1] TRACE i.a.p.raft.roles.LeaderAppender - RaftServer{1} - Received AppendResponse{status=OK, term=1, succeeded=true, lastLogIndex=5} from 2
11:35:31.735 [raft-server-1] TRACE i.a.p.raft.roles.LeaderAppender - RaftServer{1} - Sending AppendRequest{term=1, leader=1, prevLogIndex=5, prevLogTerm=1, entries=0, commitIndex=5} to 2
11:35:31.735 [raft-server-2] TRACE i.a.p.raft.roles.FollowerRole - RaftServer{2}{role=FOLLOWER} - Received AppendRequest{term=1, leader=1, prevLogIndex=5, prevLogTerm=1, entries=0, commitIndex=5}
11:35:31.735 [raft-server-2] TRACE i.a.p.raft.roles.FollowerRole - RaftServer{2}{role=FOLLOWER} - Sending AppendResponse{status=OK, term=1, succeeded=true, lastLogIndex=5}
11:35:31.735 [raft-server-1] TRACE i.a.p.raft.roles.LeaderAppender - RaftServer{1} - Received AppendResponse{status=OK, term=1, succeeded=true, lastLogIndex=5} from 2
11:35:31.735 [raft-server-1] TRACE i.a.p.raft.roles.LeaderAppender - RaftServer{1} - Sending AppendRequest{term=1, leader=1, prevLogIndex=5, prevLogTerm=1, entries=0, commitIndex=5} to 2
11:35:31.735 [raft-server-2] TRACE i.a.p.raft.roles.FollowerRole - RaftServer{2}{role=FOLLOWER} - Received AppendRequest{term=1, leader=1, prevLogIndex=5, prevLogTerm=1, entries=0, commitIndex=5}
11:35:31.735 [raft-server-2] TRACE i.a.p.raft.roles.FollowerRole - RaftServer{2}{role=FOLLOWER} - Sending AppendResponse{status=OK, term=1, succeeded=true, lastLogIndex=5}
11:35:31.735 [raft-server-1] TRACE i.a.p.raft.roles.LeaderAppender - RaftServer{1} - Received AppendResponse{status=OK, term=1, succeeded=true, lastLogIndex=5} from 2
11:35:31.735 [raft-server-1] TRACE i.a.p.raft.roles.LeaderAppender - RaftServer{1} - Sending AppendRequest{term=1, leader=1, prevLogIndex=5, prevLogTerm=1, entries=0, commitIndex=5} to 2
11:35:31.736 [raft-server-2] TRACE i.a.p.raft.roles.FollowerRole - RaftServer{2}{role=FOLLOWER} - Received AppendRequest{term=1, leader=1, prevLogIndex=5, prevLogTerm=1, entries=0, commitIndex=5}
11:35:31.736 [raft-server-2] TRACE i.a.p.raft.roles.FollowerRole - RaftServer{2}{role=FOLLOWER} - Sending AppendResponse{status=OK, term=1, succeeded=true, lastLogIndex=5}
11:35:31.736 [raft-server-1] TRACE i.a.p.raft.roles.LeaderAppender - RaftServer{1} - Received AppendResponse{status=OK, term=1, succeeded=true, lastLogIndex=5} from 2
11:35:31.736 [raft-server-1] TRACE i.a.p.raft.roles.LeaderAppender - RaftServer{1} - Sending AppendRequest{term=1, leader=1, prevLogIndex=5, prevLogTerm=1, entries=0, commitIndex=5} to 2
11:35:31.736 [raft-server-2] TRACE i.a.p.raft.roles.FollowerRole - RaftServer{2}{role=FOLLOWER} - Received AppendRequest{term=1, leader=1, prevLogIndex=5, prevLogTerm=1, entries=0, commitIndex=5}
11:35:31.736 [raft-server-2] TRACE i.a.p.raft.roles.FollowerRole - RaftServer{2}{role=FOLLOWER} - Sending AppendResponse{status=OK, term=1, succeeded=true, lastLogIndex=5}
11:35:31.736 [raft-server-1] TRACE i.a.p.raft.roles.LeaderAppender - RaftServer{1} - Received AppendResponse{status=OK, term=1, succeeded=true, lastLogIndex=5} from 2
11:35:31.985 [raft-server-1] TRACE i.a.p.raft.roles.LeaderAppender - RaftServer{1} - Sending AppendRequest{term=1, leader=1, prevLogIndex=5, prevLogTerm=1, entries=0, commitIndex=5} to 2
11:35:31.985 [raft-server-2] TRACE i.a.p.raft.roles.FollowerRole - RaftServer{2}{role=FOLLOWER} - Received AppendRequest{term=1, leader=1, prevLogIndex=5, prevLogTerm=1, entries=0, commitIndex=5}
11:35:31.985 [raft-server-2] TRACE i.a.p.raft.roles.FollowerRole - RaftServer{2}{role=FOLLOWER} - Sending AppendResponse{status=OK, term=1, succeeded=true, lastLogIndex=5}
11:35:31.985 [raft-server-1] TRACE i.a.p.raft.roles.LeaderAppender - RaftServer{1} - Received AppendResponse{status=OK, term=1, succeeded=true, lastLogIndex=5} from 2
11:35:31.985 [raft-server-1] TRACE i.a.p.raft.roles.LeaderAppender - RaftServer{1} - Sending AppendRequest{term=1, leader=1, prevLogIndex=5, prevLogTerm=1, entries=0, commitIndex=5} to 2
11:35:31.985 [raft-server-2] TRACE i.a.p.raft.roles.FollowerRole - RaftServer{2}{role=FOLLOWER} - Received AppendRequest{term=1, leader=1, prevLogIndex=5, prevLogTerm=1, entries=0, commitIndex=5}
11:35:31.985 [raft-server-2] TRACE i.a.p.raft.roles.FollowerRole - RaftServer{2}{role=FOLLOWER} - Sending AppendResponse{status=OK, term=1, succeeded=true, lastLogIndex=5}
11:35:31.985 [raft-server-1] TRACE i.a.p.raft.roles.LeaderAppender - RaftServer{1} - Received AppendResponse{status=OK, term=1, succeeded=true, lastLogIndex=5} from 2
11:35:31.985 [raft-server-1] TRACE i.a.p.raft.roles.LeaderAppender - RaftServer{1} - Sending AppendRequest{term=1, leader=1, prevLogIndex=5, prevLogTerm=1, entries=0, commitIndex=5} to 2
11:35:31.985 [raft-server-2] TRACE i.a.p.raft.roles.FollowerRole - RaftServer{2}{role=FOLLOWER} - Received AppendRequest{term=1, leader=1, prevLogIndex=5, prevLogTerm=1, entries=0, commitIndex=5}
11:35:31.985 [raft-server-2] TRACE i.a.p.raft.roles.FollowerRole - RaftServer{2}{role=FOLLOWER} - Sending AppendResponse{status=OK, term=1, succeeded=true, lastLogIndex=5}
11:35:31.985 [raft-server-1] TRACE i.a.p.raft.roles.LeaderAppender - RaftServer{1} - Received AppendResponse{status=OK, term=1, succeeded=true, lastLogIndex=5} from 2
11:35:31.985 [raft-server-1] TRACE i.a.p.raft.roles.LeaderAppender - RaftServer{1} - Sending AppendRequest{term=1, leader=1, prevLogIndex=5, prevLogTerm=1, entries=0, commitIndex=5} to 2
11:35:31.985 [raft-server-2] TRACE i.a.p.raft.roles.FollowerRole - RaftServer{2}{role=FOLLOWER} - Received AppendRequest{term=1, leader=1, prevLogIndex=5, prevLogTerm=1, entries=0, commitIndex=5}
11:35:31.986 [raft-server-2] TRACE i.a.p.raft.roles.FollowerRole - RaftServer{2}{role=FOLLOWER} - Sending AppendResponse{status=OK, term=1, succeeded=true, lastLogIndex=5}
11:35:31.986 [raft-server-1] TRACE i.a.p.raft.roles.LeaderAppender - RaftServer{1} - Received AppendResponse{status=OK, term=1, succeeded=true, lastLogIndex=5} from 2
11:35:31.986 [raft-server-1] TRACE i.a.p.raft.roles.LeaderAppender - RaftServer{1} - Sending AppendRequest{term=1, leader=1, prevLogIndex=5, prevLogTerm=1, entries=0, commitIndex=5} to 2
11:35:31.986 [raft-server-2] TRACE i.a.p.raft.roles.FollowerRole - RaftServer{2}{role=FOLLOWER} - Received AppendRequest{term=1, leader=1, prevLogIndex=5, prevLogTerm=1, entries=0, commitIndex=5}
11:35:31.986 [raft-server-2] TRACE i.a.p.raft.roles.FollowerRole - RaftServer{2}{role=FOLLOWER} - Sending AppendResponse{status=OK, term=1, succeeded=true, lastLogIndex=5}
11:35:31.986 [raft-server-1] TRACE i.a.p.raft.roles.LeaderAppender - RaftServer{1} - Received AppendResponse{status=OK, term=1, succeeded=true, lastLogIndex=5} from 2
11:35:32.235 [raft-server-1] TRACE i.a.p.raft.roles.LeaderAppender - RaftServer{1} - Sending AppendRequest{term=1, leader=1, prevLogIndex=5, prevLogTerm=1, entries=0, commitIndex=5} to 2
11:35:32.235 [raft-server-2] TRACE i.a.p.raft.roles.FollowerRole - RaftServer{2}{role=FOLLOWER} - Received AppendRequest{term=1, leader=1, prevLogIndex=5, prevLogTerm=1, entries=0, commitIndex=5}
11:35:32.235 [raft-server-2] TRACE i.a.p.raft.roles.FollowerRole - RaftServer{2}{role=FOLLOWER} - Sending AppendResponse{status=OK, term=1, succeeded=true, lastLogIndex=5}
11:35:32.235 [raft-server-1] TRACE i.a.p.raft.roles.LeaderAppender - RaftServer{1} - Received AppendResponse{status=OK, term=1, succeeded=true, lastLogIndex=5} from 2
11:35:32.235 [raft-server-1] TRACE i.a.p.raft.roles.LeaderAppender - RaftServer{1} - Sending AppendRequest{term=1, leader=1, prevLogIndex=5, prevLogTerm=1, entries=0, commitIndex=5} to 2
11:35:32.235 [raft-server-2] TRACE i.a.p.raft.roles.FollowerRole - RaftServer{2}{role=FOLLOWER} - Received AppendRequest{term=1, leader=1, prevLogIndex=5, prevLogTerm=1, entries=0, commitIndex=5}
11:35:32.235 [raft-server-2] TRACE i.a.p.raft.roles.FollowerRole - RaftServer{2}{role=FOLLOWER} - Sending AppendResponse{status=OK, term=1, succeeded=true, lastLogIndex=5}
11:35:32.235 [raft-server-1] TRACE i.a.p.raft.roles.LeaderAppender - RaftServer{1} - Received AppendResponse{status=OK, term=1, succeeded=true, lastLogIndex=5} from 2
11:35:32.235 [raft-server-1] TRACE i.a.p.raft.roles.LeaderAppender - RaftServer{1} - Sending AppendRequest{term=1, leader=1, prevLogIndex=5, prevLogTerm=1, entries=0, commitIndex=5} to 2
11:35:32.235 [raft-server-2] TRACE i.a.p.raft.roles.FollowerRole - RaftServer{2}{role=FOLLOWER} - Received AppendRequest{term=1, leader=1, prevLogIndex=5, prevLogTerm=1, entries=0, commitIndex=5}
11:35:32.235 [raft-server-2] TRACE i.a.p.raft.roles.FollowerRole - RaftServer{2}{role=FOLLOWER} - Sending AppendResponse{status=OK, term=1, succeeded=true, lastLogIndex=5}
11:35:32.235 [raft-server-1] TRACE i.a.p.raft.roles.LeaderAppender - RaftServer{1} - Received AppendResponse{status=OK, term=1, succeeded=true, lastLogIndex=5} from 2
11:35:32.235 [raft-server-1] TRACE i.a.p.raft.roles.LeaderAppender - RaftServer{1} - Sending AppendRequest{term=1, leader=1, prevLogIndex=5, prevLogTerm=1, entries=0, commitIndex=5} to 2
11:35:32.235 [raft-server-2] TRACE i.a.p.raft.roles.FollowerRole - RaftServer{2}{role=FOLLOWER} - Received AppendRequest{term=1, leader=1, prevLogIndex=5, prevLogTerm=1, entries=0, commitIndex=5}
11:35:32.235 [raft-server-2] TRACE i.a.p.raft.roles.FollowerRole - RaftServer{2}{role=FOLLOWER} - Sending AppendResponse{status=OK, term=1, succeeded=true, lastLogIndex=5}
11:35:32.236 [raft-server-1] TRACE i.a.p.raft.roles.LeaderAppender - RaftServer{1} - Received AppendResponse{status=OK, term=1, succeeded=true, lastLogIndex=5} from 2
11:35:32.236 [raft-server-1] TRACE i.a.p.raft.roles.LeaderAppender - RaftServer{1} - Sending AppendRequest{term=1, leader=1, prevLogIndex=5, prevLogTerm=1, entries=0, commitIndex=5} to 2
11:35:32.236 [raft-server-2] TRACE i.a.p.raft.roles.FollowerRole - RaftServer{2}{role=FOLLOWER} - Received AppendRequest{term=1, leader=1, prevLogIndex=5, prevLogTerm=1, entries=0, commitIndex=5}
11:35:32.236 [raft-server-2] TRACE i.a.p.raft.roles.FollowerRole - RaftServer{2}{role=FOLLOWER} - Sending AppendResponse{status=OK, term=1, succeeded=true, lastLogIndex=5}
11:35:32.236 [raft-server-1] TRACE i.a.p.raft.roles.LeaderAppender - RaftServer{1} - Received AppendResponse{status=OK, term=1, succeeded=true, lastLogIndex=5} from 2
11:35:32.246 [raft-client-e93f55c3-5bda-4e64-bf5f-fc9c79dd4249-6] TRACE i.a.p.r.proxy.impl.RaftProxyManager - RaftClient{e93f55c3-5bda-4e64-bf5f-fc9c79dd4249} - Keeping 1 sessions alive
11:35:32.246 [raft-client-e93f55c3-5bda-4e64-bf5f-fc9c79dd4249-6] TRACE i.a.p.r.p.impl.RaftProxyConnection - RaftClient{e93f55c3-5bda-4e64-bf5f-fc9c79dd4249} - Sending KeepAliveRequest{sessionIds=long[]{length=1, hash=33}, commandSequences=long[]{length=1, hash=31}, eventIndexes=long[]{length=1, hash=33}} to 1
11:35:32.246 [raft-server-1] TRACE i.a.protocols.raft.roles.LeaderRole - RaftServer{1}{role=LEADER} - Received KeepAliveRequest{sessionIds=long[]{length=1, hash=33}, commandSequences=long[]{length=1, hash=31}, eventIndexes=long[]{length=1, hash=33}}
11:35:32.246 [raft-server-1] TRACE i.a.protocols.raft.roles.LeaderRole - RaftServer{1}{role=LEADER} - Appended Indexed{index=6, entry=KeepAliveEntry{term=1, timestamp=2018-06-05 11:35:32,246, sessionIds=long[]{length=1, hash=33}, commandSequences=long[]{length=1, hash=31}, eventIndexes=long[]{length=1, hash=33}}}
11:35:32.246 [raft-server-1] TRACE i.a.p.raft.roles.LeaderAppender - RaftServer{1} - Sending AppendRequest{term=1, leader=1, prevLogIndex=5, prevLogTerm=1, entries=1, commitIndex=5} to 2
11:35:32.246 [raft-server-2] TRACE i.a.p.raft.roles.FollowerRole - RaftServer{2}{role=FOLLOWER} - Received AppendRequest{term=1, leader=1, prevLogIndex=5, prevLogTerm=1, entries=1, commitIndex=5}
11:35:32.246 [raft-server-2] TRACE i.a.p.raft.roles.FollowerRole - RaftServer{2}{role=FOLLOWER} - Appended Indexed{index=6, entry=KeepAliveEntry{term=1, timestamp=2018-06-05 11:35:32,246, sessionIds=long[]{length=1, hash=33}, commandSequences=long[]{length=1, hash=31}, eventIndexes=long[]{length=1, hash=33}}}
11:35:32.246 [raft-server-2] TRACE i.a.p.raft.roles.FollowerRole - RaftServer{2}{role=FOLLOWER} - Sending AppendResponse{status=OK, term=1, succeeded=true, lastLogIndex=6}
11:35:32.246 [raft-server-1] TRACE i.a.p.raft.roles.LeaderAppender - RaftServer{1} - Received AppendResponse{status=OK, term=1, succeeded=true, lastLogIndex=6} from 2
11:35:32.246 [raft-server-1] TRACE i.a.p.raft.roles.LeaderAppender - RaftServer{1} - Committed entries up to 6
11:35:32.275 [raft-server-1-state] TRACE i.a.p.raft.impl.RaftServiceManager - RaftServer{1} - Applying Indexed{index=6, entry=KeepAliveEntry{term=1, timestamp=2018-06-05 11:35:32,246, sessionIds=long[]{length=1, hash=33}, commandSequences=long[]{length=1, hash=31}, eventIndexes=long[]{length=1, hash=33}}}
11:35:32.275 [raft-server-1] TRACE i.a.protocols.raft.roles.LeaderRole - RaftServer{1}{role=LEADER} - Sending KeepAliveResponse{status=OK, leader=1, members=[1, 2], sessionIds=long[]{length=1, hash=33}}
11:35:32.275 [raft-client-e93f55c3-5bda-4e64-bf5f-fc9c79dd4249-0] TRACE i.a.p.r.p.impl.RaftProxyConnection - RaftClient{e93f55c3-5bda-4e64-bf5f-fc9c79dd4249} - Received KeepAliveResponse{status=OK, leader=1, members=[1, 2], sessionIds=long[]{length=1, hash=33}} from 1
11:35:32.485 [raft-server-1] TRACE i.a.p.raft.roles.LeaderAppender - RaftServer{1} - Sending AppendRequest{term=1, leader=1, prevLogIndex=6, prevLogTerm=1, entries=0, commitIndex=6} to 2
11:35:32.485 [raft-server-2] TRACE i.a.p.raft.roles.FollowerRole - RaftServer{2}{role=FOLLOWER} - Received AppendRequest{term=1, leader=1, prevLogIndex=6, prevLogTerm=1, entries=0, commitIndex=6}
11:35:32.516 [raft-server-2] TRACE i.a.p.raft.roles.FollowerRole - RaftServer{2}{role=FOLLOWER} - Committed entries up to index 6
11:35:32.516 [raft-server-2] TRACE i.a.p.raft.roles.FollowerRole - RaftServer{2}{role=FOLLOWER} - Sending AppendResponse{status=OK, term=1, succeeded=true, lastLogIndex=6}
11:35:32.517 [raft-server-1] TRACE i.a.p.raft.roles.LeaderAppender - RaftServer{1} - Received AppendResponse{status=OK, term=1, succeeded=true, lastLogIndex=6} from 2
11:35:32.517 [raft-server-2-state] TRACE i.a.p.raft.impl.RaftServiceManager - RaftServer{2} - Applying Indexed{index=6, entry=KeepAliveEntry{term=1, timestamp=2018-06-05 11:35:32,246, sessionIds=long[]{length=1, hash=33}, commandSequences=long[]{length=1, hash=31}, eventIndexes=long[]{length=1, hash=33}}}
11:35:32.517 [raft-server-1] TRACE i.a.p.raft.roles.LeaderAppender - RaftServer{1} - Sending AppendRequest{term=1, leader=1, prevLogIndex=6, prevLogTerm=1, entries=0, commitIndex=6} to 2
11:35:32.517 [raft-server-2] TRACE i.a.p.raft.roles.FollowerRole - RaftServer{2}{role=FOLLOWER} - Received AppendRequest{term=1, leader=1, prevLogIndex=6, prevLogTerm=1, entries=0, commitIndex=6}
11:35:32.517 [raft-server-2] TRACE i.a.p.raft.roles.FollowerRole - RaftServer{2}{role=FOLLOWER} - Sending AppendResponse{status=OK, term=1, succeeded=true, lastLogIndex=6}
11:35:32.517 [raft-server-1] TRACE i.a.p.raft.roles.LeaderAppender - RaftServer{1} - Received AppendResponse{status=OK, term=1, succeeded=true, lastLogIndex=6} from 2
11:35:32.735 [raft-server-1] TRACE i.a.p.raft.roles.LeaderAppender - RaftServer{1} - Sending AppendRequest{term=1, leader=1, prevLogIndex=6, prevLogTerm=1, entries=0, commitIndex=6} to 2
11:35:32.735 [raft-server-2] TRACE i.a.p.raft.roles.FollowerRole - RaftServer{2}{role=FOLLOWER} - Received AppendRequest{term=1, leader=1, prevLogIndex=6, prevLogTerm=1, entries=0, commitIndex=6}
11:35:32.735 [raft-server-2] TRACE i.a.p.raft.roles.FollowerRole - RaftServer{2}{role=FOLLOWER} - Sending AppendResponse{status=OK, term=1, succeeded=true, lastLogIndex=6}
11:35:32.735 [raft-server-1] TRACE i.a.p.raft.roles.LeaderAppender - RaftServer{1} - Received AppendResponse{status=OK, term=1, succeeded=true, lastLogIndex=6} from 2
11:35:32.735 [raft-server-1] TRACE i.a.p.raft.roles.LeaderAppender - RaftServer{1} - Sending AppendRequest{term=1, leader=1, prevLogIndex=6, prevLogTerm=1, entries=0, commitIndex=6} to 2
11:35:32.735 [raft-server-2] TRACE i.a.p.raft.roles.FollowerRole - RaftServer{2}{role=FOLLOWER} - Received AppendRequest{term=1, leader=1, prevLogIndex=6, prevLogTerm=1, entries=0, commitIndex=6}
11:35:32.735 [raft-server-2] TRACE i.a.p.raft.roles.FollowerRole - RaftServer{2}{role=FOLLOWER} - Sending AppendResponse{status=OK, term=1, succeeded=true, lastLogIndex=6}
11:35:32.735 [raft-server-1] TRACE i.a.p.raft.roles.LeaderAppender - RaftServer{1} - Received AppendResponse{status=OK, term=1, succeeded=true, lastLogIndex=6} from 2
11:35:32.735 [raft-server-1] TRACE i.a.p.raft.roles.LeaderAppender - RaftServer{1} - Sending AppendRequest{term=1, leader=1, prevLogIndex=6, prevLogTerm=1, entries=0, commitIndex=6} to 2
11:35:32.735 [raft-server-2] TRACE i.a.p.raft.roles.FollowerRole - RaftServer{2}{role=FOLLOWER} - Received AppendRequest{term=1, leader=1, prevLogIndex=6, prevLogTerm=1, entries=0, commitIndex=6}
11:35:32.735 [raft-server-2] TRACE i.a.p.raft.roles.FollowerRole - RaftServer{2}{role=FOLLOWER} - Sending AppendResponse{status=OK, term=1, succeeded=true, lastLogIndex=6}
11:35:32.735 [raft-server-1] TRACE i.a.p.raft.roles.LeaderAppender - RaftServer{1} - Received AppendResponse{status=OK, term=1, succeeded=true, lastLogIndex=6} from 2
11:35:32.735 [raft-server-1] TRACE i.a.p.raft.roles.LeaderAppender - RaftServer{1} - Sending AppendRequest{term=1, leader=1, prevLogIndex=6, prevLogTerm=1, entries=0, commitIndex=6} to 2
11:35:32.736 [raft-server-2] TRACE i.a.p.raft.roles.FollowerRole - RaftServer{2}{role=FOLLOWER} - Received AppendRequest{term=1, leader=1, prevLogIndex=6, prevLogTerm=1, entries=0, commitIndex=6}
11:35:32.736 [raft-server-2] TRACE i.a.p.raft.roles.FollowerRole - RaftServer{2}{role=FOLLOWER} - Sending AppendResponse{status=OK, term=1, succeeded=true, lastLogIndex=6}
11:35:32.736 [raft-server-1] TRACE i.a.p.raft.roles.LeaderAppender - RaftServer{1} - Received AppendResponse{status=OK, term=1, succeeded=true, lastLogIndex=6} from 2
11:35:32.736 [raft-server-1] TRACE i.a.p.raft.roles.LeaderAppender - RaftServer{1} - Sending AppendRequest{term=1, leader=1, prevLogIndex=6, prevLogTerm=1, entries=0, commitIndex=6} to 2
11:35:32.736 [raft-server-2] TRACE i.a.p.raft.roles.FollowerRole - RaftServer{2}{role=FOLLOWER} - Received AppendRequest{term=1, leader=1, prevLogIndex=6, prevLogTerm=1, entries=0, commitIndex=6}
11:35:32.736 [raft-server-2] TRACE i.a.p.raft.roles.FollowerRole - RaftServer{2}{role=FOLLOWER} - Sending AppendResponse{status=OK, term=1, succeeded=true, lastLogIndex=6}
11:35:32.736 [raft-server-1] TRACE i.a.p.raft.roles.LeaderAppender - RaftServer{1} - Received AppendResponse{status=OK, term=1, succeeded=true, lastLogIndex=6} from 2
11:35:32.985 [raft-server-1] TRACE i.a.p.raft.roles.LeaderAppender - RaftServer{1} - Sending AppendRequest{term=1, leader=1, prevLogIndex=6, prevLogTerm=1, entries=0, commitIndex=6} to 2
11:35:32.985 [raft-server-2] TRACE i.a.p.raft.roles.FollowerRole - RaftServer{2}{role=FOLLOWER} - Received AppendRequest{term=1, leader=1, prevLogIndex=6, prevLogTerm=1, entries=0, commitIndex=6}
11:35:32.985 [raft-server-2] TRACE i.a.p.raft.roles.FollowerRole - RaftServer{2}{role=FOLLOWER} - Sending AppendResponse{status=OK, term=1, succeeded=true, lastLogIndex=6}
11:35:32.985 [raft-server-1] TRACE i.a.p.raft.roles.LeaderAppender - RaftServer{1} - Received AppendResponse{status=OK, term=1, succeeded=true, lastLogIndex=6} from 2
11:35:32.985 [raft-server-1] TRACE i.a.p.raft.roles.LeaderAppender - RaftServer{1} - Sending AppendRequest{term=1, leader=1, prevLogIndex=6, prevLogTerm=1, entries=0, commitIndex=6} to 2
11:35:32.985 [raft-server-2] TRACE i.a.p.raft.roles.FollowerRole - RaftServer{2}{role=FOLLOWER} - Received AppendRequest{term=1, leader=1, prevLogIndex=6, prevLogTerm=1, entries=0, commitIndex=6}
11:35:32.985 [raft-server-2] TRACE i.a.p.raft.roles.FollowerRole - RaftServer{2}{role=FOLLOWER} - Sending AppendResponse{status=OK, term=1, succeeded=true, lastLogIndex=6}
11:35:32.985 [raft-server-1] TRACE i.a.p.raft.roles.LeaderAppender - RaftServer{1} - Received AppendResponse{status=OK, term=1, succeeded=true, lastLogIndex=6} from 2
11:35:32.985 [raft-server-1] TRACE i.a.p.raft.roles.LeaderAppender - RaftServer{1} - Sending AppendRequest{term=1, leader=1, prevLogIndex=6, prevLogTerm=1, entries=0, commitIndex=6} to 2
11:35:32.985 [raft-server-2] TRACE i.a.p.raft.roles.FollowerRole - RaftServer{2}{role=FOLLOWER} - Received AppendRequest{term=1, leader=1, prevLogIndex=6, prevLogTerm=1, entries=0, commitIndex=6}
11:35:32.985 [raft-server-2] TRACE i.a.p.raft.roles.FollowerRole - RaftServer{2}{role=FOLLOWER} - Sending AppendResponse{status=OK, term=1, succeeded=true, lastLogIndex=6}
11:35:32.985 [raft-server-1] TRACE i.a.p.raft.roles.LeaderAppender - RaftServer{1} - Received AppendResponse{status=OK, term=1, succeeded=true, lastLogIndex=6} from 2
11:35:32.985 [raft-server-1] TRACE i.a.p.raft.roles.LeaderAppender - RaftServer{1} - Sending AppendRequest{term=1, leader=1, prevLogIndex=6, prevLogTerm=1, entries=0, commitIndex=6} to 2
11:35:32.985 [raft-server-2] TRACE i.a.p.raft.roles.FollowerRole - RaftServer{2}{role=FOLLOWER} - Received AppendRequest{term=1, leader=1, prevLogIndex=6, prevLogTerm=1, entries=0, commitIndex=6}
11:35:32.985 [raft-server-2] TRACE i.a.p.raft.roles.FollowerRole - RaftServer{2}{role=FOLLOWER} - Sending AppendResponse{status=OK, term=1, succeeded=true, lastLogIndex=6}
11:35:32.986 [raft-server-1] TRACE i.a.p.raft.roles.LeaderAppender - RaftServer{1} - Received AppendResponse{status=OK, term=1, succeeded=true, lastLogIndex=6} from 2
11:35:32.986 [raft-server-1] TRACE i.a.p.raft.roles.LeaderAppender - RaftServer{1} - Sending AppendRequest{term=1, leader=1, prevLogIndex=6, prevLogTerm=1, entries=0, commitIndex=6} to 2
11:35:32.986 [raft-server-2] TRACE i.a.p.raft.roles.FollowerRole - RaftServer{2}{role=FOLLOWER} - Received AppendRequest{term=1, leader=1, prevLogIndex=6, prevLogTerm=1, entries=0, commitIndex=6}
11:35:32.986 [raft-server-2] TRACE i.a.p.raft.roles.FollowerRole - RaftServer{2}{role=FOLLOWER} - Sending AppendResponse{status=OK, term=1, succeeded=true, lastLogIndex=6}
11:35:32.986 [raft-server-1] TRACE i.a.p.raft.roles.LeaderAppender - RaftServer{1} - Received AppendResponse{status=OK, term=1, succeeded=true, lastLogIndex=6} from 2
11:35:33.235 [raft-server-1] TRACE i.a.p.raft.roles.LeaderAppender - RaftServer{1} - Sending AppendRequest{term=1, leader=1, prevLogIndex=6, prevLogTerm=1, entries=0, commitIndex=6} to 2
11:35:33.235 [raft-server-2] TRACE i.a.p.raft.roles.FollowerRole - RaftServer{2}{role=FOLLOWER} - Received AppendRequest{term=1, leader=1, prevLogIndex=6, prevLogTerm=1, entries=0, commitIndex=6}
11:35:33.235 [raft-server-2] TRACE i.a.p.raft.roles.FollowerRole - RaftServer{2}{role=FOLLOWER} - Sending AppendResponse{status=OK, term=1, succeeded=true, lastLogIndex=6}
11:35:33.235 [raft-server-1] TRACE i.a.p.raft.roles.LeaderAppender - RaftServer{1} - Received AppendResponse{status=OK, term=1, succeeded=true, lastLogIndex=6} from 2
11:35:33.235 [raft-server-1] TRACE i.a.p.raft.roles.LeaderAppender - RaftServer{1} - Sending AppendRequest{term=1, leader=1, prevLogIndex=6, prevLogTerm=1, entries=0, commitIndex=6} to 2
11:35:33.235 [raft-server-2] TRACE i.a.p.raft.roles.FollowerRole - RaftServer{2}{role=FOLLOWER} - Received AppendRequest{term=1, leader=1, prevLogIndex=6, prevLogTerm=1, entries=0, commitIndex=6}
11:35:33.235 [raft-server-2] TRACE i.a.p.raft.roles.FollowerRole - RaftServer{2}{role=FOLLOWER} - Sending AppendResponse{status=OK, term=1, succeeded=true, lastLogIndex=6}
11:35:33.235 [raft-server-1] TRACE i.a.p.raft.roles.LeaderAppender - RaftServer{1} - Received AppendResponse{status=OK, term=1, succeeded=true, lastLogIndex=6} from 2
11:35:33.235 [raft-server-1] TRACE i.a.p.raft.roles.LeaderAppender - RaftServer{1} - Sending AppendRequest{term=1, leader=1, prevLogIndex=6, prevLogTerm=1, entries=0, commitIndex=6} to 2
11:35:33.235 [raft-server-2] TRACE i.a.p.raft.roles.FollowerRole - RaftServer{2}{role=FOLLOWER} - Received AppendRequest{term=1, leader=1, prevLogIndex=6, prevLogTerm=1, entries=0, commitIndex=6}
11:35:33.235 [raft-server-2] TRACE i.a.p.raft.roles.FollowerRole - RaftServer{2}{role=FOLLOWER} - Sending AppendResponse{status=OK, term=1, succeeded=true, lastLogIndex=6}
11:35:33.235 [raft-server-1] TRACE i.a.p.raft.roles.LeaderAppender - RaftServer{1} - Received AppendResponse{status=OK, term=1, succeeded=true, lastLogIndex=6} from 2
11:35:33.236 [raft-server-1] TRACE i.a.p.raft.roles.LeaderAppender - RaftServer{1} - Sending AppendRequest{term=1, leader=1, prevLogIndex=6, prevLogTerm=1, entries=0, commitIndex=6} to 2
11:35:33.236 [raft-server-2] TRACE i.a.p.raft.roles.FollowerRole - RaftServer{2}{role=FOLLOWER} - Received AppendRequest{term=1, leader=1, prevLogIndex=6, prevLogTerm=1, entries=0, commitIndex=6}
11:35:33.236 [raft-server-2] TRACE i.a.p.raft.roles.FollowerRole - RaftServer{2}{role=FOLLOWER} - Sending AppendResponse{status=OK, term=1, succeeded=true, lastLogIndex=6}
11:35:33.236 [raft-server-1] TRACE i.a.p.raft.roles.LeaderAppender - RaftServer{1} - Received AppendResponse{status=OK, term=1, succeeded=true, lastLogIndex=6} from 2
11:35:33.485 [raft-server-1] TRACE i.a.p.raft.roles.LeaderAppender - RaftServer{1} - Sending AppendRequest{term=1, leader=1, prevLogIndex=6, prevLogTerm=1, entries=0, commitIndex=6} to 2
11:35:33.485 [raft-server-2] TRACE i.a.p.raft.roles.FollowerRole - RaftServer{2}{role=FOLLOWER} - Received AppendRequest{term=1, leader=1, prevLogIndex=6, prevLogTerm=1, entries=0, commitIndex=6}
11:35:33.485 [raft-server-2] TRACE i.a.p.raft.roles.FollowerRole - RaftServer{2}{role=FOLLOWER} - Sending AppendResponse{status=OK, term=1, succeeded=true, lastLogIndex=6}
11:35:33.485 [raft-server-1] TRACE i.a.p.raft.roles.LeaderAppender - RaftServer{1} - Received AppendResponse{status=OK, term=1, succeeded=true, lastLogIndex=6} from 2
11:35:33.485 [raft-server-1] TRACE i.a.p.raft.roles.LeaderAppender - RaftServer{1} - Sending AppendRequest{term=1, leader=1, prevLogIndex=6, prevLogTerm=1, entries=0, commitIndex=6} to 2
11:35:33.485 [raft-server-2] TRACE i.a.p.raft.roles.FollowerRole - RaftServer{2}{role=FOLLOWER} - Received AppendRequest{term=1, leader=1, prevLogIndex=6, prevLogTerm=1, entries=0, commitIndex=6}
11:35:33.485 [raft-server-2] TRACE i.a.p.raft.roles.FollowerRole - RaftServer{2}{role=FOLLOWER} - Sending AppendResponse{status=OK, term=1, succeeded=true, lastLogIndex=6}
11:35:33.485 [raft-server-1] TRACE i.a.p.raft.roles.LeaderAppender - RaftServer{1} - Received AppendResponse{status=OK, term=1, succeeded=true, lastLogIndex=6} from 2
11:35:33.485 [raft-server-1] TRACE i.a.p.raft.roles.LeaderAppender - RaftServer{1} - Sending AppendRequest{term=1, leader=1, prevLogIndex=6, prevLogTerm=1, entries=0, commitIndex=6} to 2
11:35:33.485 [raft-server-2] TRACE i.a.p.raft.roles.FollowerRole - RaftServer{2}{role=FOLLOWER} - Received AppendRequest{term=1, leader=1, prevLogIndex=6, prevLogTerm=1, entries=0, commitIndex=6}
11:35:33.485 [raft-server-2] TRACE i.a.p.raft.roles.FollowerRole - RaftServer{2}{role=FOLLOWER} - Sending AppendResponse{status=OK, term=1, succeeded=true, lastLogIndex=6}
11:35:33.485 [raft-server-1] TRACE i.a.p.raft.roles.LeaderAppender - RaftServer{1} - Received AppendResponse{status=OK, term=1, succeeded=true, lastLogIndex=6} from 2
11:35:33.486 [raft-server-1] TRACE i.a.p.raft.roles.LeaderAppender - RaftServer{1} - Sending AppendRequest{term=1, leader=1, prevLogIndex=6, prevLogTerm=1, entries=0, commitIndex=6} to 2
11:35:33.486 [raft-server-2] TRACE i.a.p.raft.roles.FollowerRole - RaftServer{2}{role=FOLLOWER} - Received AppendRequest{term=1, leader=1, prevLogIndex=6, prevLogTerm=1, entries=0, commitIndex=6}
11:35:33.486 [raft-server-2] TRACE i.a.p.raft.roles.FollowerRole - RaftServer{2}{role=FOLLOWER} - Sending AppendResponse{status=OK, term=1, succeeded=true, lastLogIndex=6}
11:35:33.486 [raft-server-1] TRACE i.a.p.raft.roles.LeaderAppender - RaftServer{1} - Received AppendResponse{status=OK, term=1, succeeded=true, lastLogIndex=6} from 2
11:35:33.735 [raft-server-1] TRACE i.a.p.raft.roles.LeaderAppender - RaftServer{1} - Sending AppendRequest{term=1, leader=1, prevLogIndex=6, prevLogTerm=1, entries=0, commitIndex=6} to 2
11:35:33.735 [raft-server-2] TRACE i.a.p.raft.roles.FollowerRole - RaftServer{2}{role=FOLLOWER} - Received AppendRequest{term=1, leader=1, prevLogIndex=6, prevLogTerm=1, entries=0, commitIndex=6}
11:35:33.735 [raft-server-2] TRACE i.a.p.raft.roles.FollowerRole - RaftServer{2}{role=FOLLOWER} - Sending AppendResponse{status=OK, term=1, succeeded=true, lastLogIndex=6}
11:35:33.735 [raft-server-1] TRACE i.a.p.raft.roles.LeaderAppender - RaftServer{1} - Received AppendResponse{status=OK, term=1, succeeded=true, lastLogIndex=6} from 2
11:35:33.735 [raft-server-1] TRACE i.a.p.raft.roles.LeaderAppender - RaftServer{1} - Sending AppendRequest{term=1, leader=1, prevLogIndex=6, prevLogTerm=1, entries=0, commitIndex=6} to 2
11:35:33.735 [raft-server-2] TRACE i.a.p.raft.roles.FollowerRole - RaftServer{2}{role=FOLLOWER} - Received AppendRequest{term=1, leader=1, prevLogIndex=6, prevLogTerm=1, entries=0, commitIndex=6}
11:35:33.735 [raft-server-2] TRACE i.a.p.raft.roles.FollowerRole - RaftServer{2}{role=FOLLOWER} - Sending AppendResponse{status=OK, term=1, succeeded=true, lastLogIndex=6}
11:35:33.735 [raft-server-1] TRACE i.a.p.raft.roles.LeaderAppender - RaftServer{1} - Received AppendResponse{status=OK, term=1, succeeded=true, lastLogIndex=6} from 2
11:35:33.735 [raft-server-1] TRACE i.a.p.raft.roles.LeaderAppender - RaftServer{1} - Sending AppendRequest{term=1, leader=1, prevLogIndex=6, prevLogTerm=1, entries=0, commitIndex=6} to 2
11:35:33.735 [raft-server-2] TRACE i.a.p.raft.roles.FollowerRole - RaftServer{2}{role=FOLLOWER} - Received AppendRequest{term=1, leader=1, prevLogIndex=6, prevLogTerm=1, entries=0, commitIndex=6}
11:35:33.735 [raft-server-2] TRACE i.a.p.raft.roles.FollowerRole - RaftServer{2}{role=FOLLOWER} - Sending AppendResponse{status=OK, term=1, succeeded=true, lastLogIndex=6}
11:35:33.735 [raft-server-1] TRACE i.a.p.raft.roles.LeaderAppender - RaftServer{1} - Received AppendResponse{status=OK, term=1, succeeded=true, lastLogIndex=6} from 2
11:35:33.736 [raft-server-1] TRACE i.a.p.raft.roles.LeaderAppender - RaftServer{1} - Sending AppendRequest{term=1, leader=1, prevLogIndex=6, prevLogTerm=1, entries=0, commitIndex=6} to 2
11:35:33.736 [raft-server-2] TRACE i.a.p.raft.roles.FollowerRole - RaftServer{2}{role=FOLLOWER} - Received AppendRequest{term=1, leader=1, prevLogIndex=6, prevLogTerm=1, entries=0, commitIndex=6}
11:35:33.736 [raft-server-2] TRACE i.a.p.raft.roles.FollowerRole - RaftServer{2}{role=FOLLOWER} - Sending AppendResponse{status=OK, term=1, succeeded=true, lastLogIndex=6}
11:35:33.736 [raft-server-1] TRACE i.a.p.raft.roles.LeaderAppender - RaftServer{1} - Received AppendResponse{status=OK, term=1, succeeded=true, lastLogIndex=6} from 2
11:35:33.985 [raft-server-1] TRACE i.a.p.raft.roles.LeaderAppender - RaftServer{1} - Sending AppendRequest{term=1, leader=1, prevLogIndex=6, prevLogTerm=1, entries=0, commitIndex=6} to 2
11:35:33.985 [raft-server-2] TRACE i.a.p.raft.roles.FollowerRole - RaftServer{2}{role=FOLLOWER} - Received AppendRequest{term=1, leader=1, prevLogIndex=6, prevLogTerm=1, entries=0, commitIndex=6}
11:35:33.985 [raft-server-2] TRACE i.a.p.raft.roles.FollowerRole - RaftServer{2}{role=FOLLOWER} - Sending AppendResponse{status=OK, term=1, succeeded=true, lastLogIndex=6}
11:35:33.985 [raft-server-1] TRACE i.a.p.raft.roles.LeaderAppender - RaftServer{1} - Received AppendResponse{status=OK, term=1, succeeded=true, lastLogIndex=6} from 2
11:35:33.985 [raft-server-1] TRACE i.a.p.raft.roles.LeaderAppender - RaftServer{1} - Sending AppendRequest{term=1, leader=1, prevLogIndex=6, prevLogTerm=1, entries=0, commitIndex=6} to 2
11:35:33.985 [raft-server-2] TRACE i.a.p.raft.roles.FollowerRole - RaftServer{2}{role=FOLLOWER} - Received AppendRequest{term=1, leader=1, prevLogIndex=6, prevLogTerm=1, entries=0, commitIndex=6}
11:35:33.985 [raft-server-2] TRACE i.a.p.raft.roles.FollowerRole - RaftServer{2}{role=FOLLOWER} - Sending AppendResponse{status=OK, term=1, succeeded=true, lastLogIndex=6}
11:35:33.985 [raft-server-1] TRACE i.a.p.raft.roles.LeaderAppender - RaftServer{1} - Received AppendResponse{status=OK, term=1, succeeded=true, lastLogIndex=6} from 2
11:35:33.985 [raft-server-1] TRACE i.a.p.raft.roles.LeaderAppender - RaftServer{1} - Sending AppendRequest{term=1, leader=1, prevLogIndex=6, prevLogTerm=1, entries=0, commitIndex=6} to 2
11:35:33.985 [raft-server-2] TRACE i.a.p.raft.roles.FollowerRole - RaftServer{2}{role=FOLLOWER} - Received AppendRequest{term=1, leader=1, prevLogIndex=6, prevLogTerm=1, entries=0, commitIndex=6}
11:35:33.985 [raft-server-2] TRACE i.a.p.raft.roles.FollowerRole - RaftServer{2}{role=FOLLOWER} - Sending AppendResponse{status=OK, term=1, succeeded=true, lastLogIndex=6}
11:35:33.985 [raft-server-1] TRACE i.a.p.raft.roles.LeaderAppender - RaftServer{1} - Received AppendResponse{status=OK, term=1, succeeded=true, lastLogIndex=6} from 2
11:35:33.985 [raft-server-1] TRACE i.a.p.raft.roles.LeaderAppender - RaftServer{1} - Sending AppendRequest{term=1, leader=1, prevLogIndex=6, prevLogTerm=1, entries=0, commitIndex=6} to 2
11:35:33.986 [raft-server-2] TRACE i.a.p.raft.roles.FollowerRole - RaftServer{2}{role=FOLLOWER} - Received AppendRequest{term=1, leader=1, prevLogIndex=6, prevLogTerm=1, entries=0, commitIndex=6}
11:35:33.986 [raft-server-2] TRACE i.a.p.raft.roles.FollowerRole - RaftServer{2}{role=FOLLOWER} - Sending AppendResponse{status=OK, term=1, succeeded=true, lastLogIndex=6}
11:35:33.986 [raft-server-1] TRACE i.a.p.raft.roles.LeaderAppender - RaftServer{1} - Received AppendResponse{status=OK, term=1, succeeded=true, lastLogIndex=6} from 2
11:35:33.986 [raft-server-1] TRACE i.a.p.raft.roles.LeaderAppender - RaftServer{1} - Sending AppendRequest{term=1, leader=1, prevLogIndex=6, prevLogTerm=1, entries=0, commitIndex=6} to 2
11:35:33.986 [raft-server-2] TRACE i.a.p.raft.roles.FollowerRole - RaftServer{2}{role=FOLLOWER} - Received AppendRequest{term=1, leader=1, prevLogIndex=6, prevLogTerm=1, entries=0, commitIndex=6}
11:35:33.986 [raft-server-2] TRACE i.a.p.raft.roles.FollowerRole - RaftServer{2}{role=FOLLOWER} - Sending AppendResponse{status=OK, term=1, succeeded=true, lastLogIndex=6}
11:35:33.986 [raft-server-1] TRACE i.a.p.raft.roles.LeaderAppender - RaftServer{1} - Received AppendResponse{status=OK, term=1, succeeded=true, lastLogIndex=6} from 2
11:35:34.235 [raft-server-1] TRACE i.a.p.raft.roles.LeaderAppender - RaftServer{1} - Sending AppendRequest{term=1, leader=1, prevLogIndex=6, prevLogTerm=1, entries=0, commitIndex=6} to 2
11:35:34.235 [raft-server-2] TRACE i.a.p.raft.roles.FollowerRole - RaftServer{2}{role=FOLLOWER} - Received AppendRequest{term=1, leader=1, prevLogIndex=6, prevLogTerm=1, entries=0, commitIndex=6}
11:35:34.235 [raft-server-2] TRACE i.a.p.raft.roles.FollowerRole - RaftServer{2}{role=FOLLOWER} - Sending AppendResponse{status=OK, term=1, succeeded=true, lastLogIndex=6}
11:35:34.235 [raft-server-1] TRACE i.a.p.raft.roles.LeaderAppender - RaftServer{1} - Received AppendResponse{status=OK, term=1, succeeded=true, lastLogIndex=6} from 2
11:35:34.235 [raft-server-1] TRACE i.a.p.raft.roles.LeaderAppender - RaftServer{1} - Sending AppendRequest{term=1, leader=1, prevLogIndex=6, prevLogTerm=1, entries=0, commitIndex=6} to 2
11:35:34.235 [raft-server-2] TRACE i.a.p.raft.roles.FollowerRole - RaftServer{2}{role=FOLLOWER} - Received AppendRequest{term=1, leader=1, prevLogIndex=6, prevLogTerm=1, entries=0, commitIndex=6}
11:35:34.235 [raft-server-2] TRACE i.a.p.raft.roles.FollowerRole - RaftServer{2}{role=FOLLOWER} - Sending AppendResponse{status=OK, term=1, succeeded=true, lastLogIndex=6}
11:35:34.235 [raft-server-1] TRACE i.a.p.raft.roles.LeaderAppender - RaftServer{1} - Received AppendResponse{status=OK, term=1, succeeded=true, lastLogIndex=6} from 2
11:35:34.235 [raft-server-1] TRACE i.a.p.raft.roles.LeaderAppender - RaftServer{1} - Sending AppendRequest{term=1, leader=1, prevLogIndex=6, prevLogTerm=1, entries=0, commitIndex=6} to 2
11:35:34.235 [raft-server-2] TRACE i.a.p.raft.roles.FollowerRole - RaftServer{2}{role=FOLLOWER} - Received AppendRequest{term=1, leader=1, prevLogIndex=6, prevLogTerm=1, entries=0, commitIndex=6}
11:35:34.235 [raft-server-2] TRACE i.a.p.raft.roles.FollowerRole - RaftServer{2}{role=FOLLOWER} - Sending AppendResponse{status=OK, term=1, succeeded=true, lastLogIndex=6}
11:35:34.235 [raft-server-1] TRACE i.a.p.raft.roles.LeaderAppender - RaftServer{1} - Received AppendResponse{status=OK, term=1, succeeded=true, lastLogIndex=6} from 2
11:35:34.236 [raft-server-1] TRACE i.a.p.raft.roles.LeaderAppender - RaftServer{1} - Sending AppendRequest{term=1, leader=1, prevLogIndex=6, prevLogTerm=1, entries=0, commitIndex=6} to 2
11:35:34.236 [raft-server-2] TRACE i.a.p.raft.roles.FollowerRole - RaftServer{2}{role=FOLLOWER} - Received AppendRequest{term=1, leader=1, prevLogIndex=6, prevLogTerm=1, entries=0, commitIndex=6}
11:35:34.236 [raft-server-2] TRACE i.a.p.raft.roles.FollowerRole - RaftServer{2}{role=FOLLOWER} - Sending AppendResponse{status=OK, term=1, succeeded=true, lastLogIndex=6}
11:35:34.236 [raft-server-1] TRACE i.a.p.raft.roles.LeaderAppender - RaftServer{1} - Received AppendResponse{status=OK, term=1, succeeded=true, lastLogIndex=6} from 2
11:35:34.485 [raft-server-1] TRACE i.a.p.raft.roles.LeaderAppender - RaftServer{1} - Sending AppendRequest{term=1, leader=1, prevLogIndex=6, prevLogTerm=1, entries=0, commitIndex=6} to 2
11:35:34.485 [raft-server-2] TRACE i.a.p.raft.roles.FollowerRole - RaftServer{2}{role=FOLLOWER} - Received AppendRequest{term=1, leader=1, prevLogIndex=6, prevLogTerm=1, entries=0, commitIndex=6}
11:35:34.485 [raft-server-2] TRACE i.a.p.raft.roles.FollowerRole - RaftServer{2}{role=FOLLOWER} - Sending AppendResponse{status=OK, term=1, succeeded=true, lastLogIndex=6}
11:35:34.485 [raft-server-1] TRACE i.a.p.raft.roles.LeaderAppender - RaftServer{1} - Received AppendResponse{status=OK, term=1, succeeded=true, lastLogIndex=6} from 2
11:35:34.485 [raft-server-1] TRACE i.a.p.raft.roles.LeaderAppender - RaftServer{1} - Sending AppendRequest{term=1, leader=1, prevLogIndex=6, prevLogTerm=1, entries=0, commitIndex=6} to 2
11:35:34.485 [raft-server-2] TRACE i.a.p.raft.roles.FollowerRole - RaftServer{2}{role=FOLLOWER} - Received AppendRequest{term=1, leader=1, prevLogIndex=6, prevLogTerm=1, entries=0, commitIndex=6}
11:35:34.485 [raft-server-2] TRACE i.a.p.raft.roles.FollowerRole - RaftServer{2}{role=FOLLOWER} - Sending AppendResponse{status=OK, term=1, succeeded=true, lastLogIndex=6}
11:35:34.485 [raft-server-1] TRACE i.a.p.raft.roles.LeaderAppender - RaftServer{1} - Received AppendResponse{status=OK, term=1, succeeded=true, lastLogIndex=6} from 2
11:35:34.485 [raft-server-1] TRACE i.a.p.raft.roles.LeaderAppender - RaftServer{1} - Sending AppendRequest{term=1, leader=1, prevLogIndex=6, prevLogTerm=1, entries=0, commitIndex=6} to 2
11:35:34.485 [raft-server-2] TRACE i.a.p.raft.roles.FollowerRole - RaftServer{2}{role=FOLLOWER} - Received AppendRequest{term=1, leader=1, prevLogIndex=6, prevLogTerm=1, entries=0, commitIndex=6}
11:35:34.485 [raft-server-2] TRACE i.a.p.raft.roles.FollowerRole - RaftServer{2}{role=FOLLOWER} - Sending AppendResponse{status=OK, term=1, succeeded=true, lastLogIndex=6}
11:35:34.485 [raft-server-1] TRACE i.a.p.raft.roles.LeaderAppender - RaftServer{1} - Received AppendResponse{status=OK, term=1, succeeded=true, lastLogIndex=6} from 2
11:35:34.485 [raft-server-1] TRACE i.a.p.raft.roles.LeaderAppender - RaftServer{1} - Sending AppendRequest{term=1, leader=1, prevLogIndex=6, prevLogTerm=1, entries=0, commitIndex=6} to 2
11:35:34.486 [raft-server-2] TRACE i.a.p.raft.roles.FollowerRole - RaftServer{2}{role=FOLLOWER} - Received AppendRequest{term=1, leader=1, prevLogIndex=6, prevLogTerm=1, entries=0, commitIndex=6}
11:35:34.486 [raft-server-2] TRACE i.a.p.raft.roles.FollowerRole - RaftServer{2}{role=FOLLOWER} - Sending AppendResponse{status=OK, term=1, succeeded=true, lastLogIndex=6}
11:35:34.486 [raft-server-1] TRACE i.a.p.raft.roles.LeaderAppender - RaftServer{1} - Received AppendResponse{status=OK, term=1, succeeded=true, lastLogIndex=6} from 2
11:35:34.486 [raft-server-1] TRACE i.a.p.raft.roles.LeaderAppender - RaftServer{1} - Sending AppendRequest{term=1, leader=1, prevLogIndex=6, prevLogTerm=1, entries=0, commitIndex=6} to 2
11:35:34.486 [raft-server-2] TRACE i.a.p.raft.roles.FollowerRole - RaftServer{2}{role=FOLLOWER} - Received AppendRequest{term=1, leader=1, prevLogIndex=6, prevLogTerm=1, entries=0, commitIndex=6}
11:35:34.486 [raft-server-2] TRACE i.a.p.raft.roles.FollowerRole - RaftServer{2}{role=FOLLOWER} - Sending AppendResponse{status=OK, term=1, succeeded=true, lastLogIndex=6}
11:35:34.486 [raft-server-1] TRACE i.a.p.raft.roles.LeaderAppender - RaftServer{1} - Received AppendResponse{status=OK, term=1, succeeded=true, lastLogIndex=6} from 2
11:35:34.735 [raft-server-1] TRACE i.a.p.raft.roles.LeaderAppender - RaftServer{1} - Sending AppendRequest{term=1, leader=1, prevLogIndex=6, prevLogTerm=1, entries=0, commitIndex=6} to 2
11:35:34.735 [raft-server-2] TRACE i.a.p.raft.roles.FollowerRole - RaftServer{2}{role=FOLLOWER} - Received AppendRequest{term=1, leader=1, prevLogIndex=6, prevLogTerm=1, entries=0, commitIndex=6}
11:35:34.735 [raft-server-2] TRACE i.a.p.raft.roles.FollowerRole - RaftServer{2}{role=FOLLOWER} - Sending AppendResponse{status=OK, term=1, succeeded=true, lastLogIndex=6}
11:35:34.735 [raft-server-1] TRACE i.a.p.raft.roles.LeaderAppender - RaftServer{1} - Received AppendResponse{status=OK, term=1, succeeded=true, lastLogIndex=6} from 2
11:35:34.735 [raft-server-1] TRACE i.a.p.raft.roles.LeaderAppender - RaftServer{1} - Sending AppendRequest{term=1, leader=1, prevLogIndex=6, prevLogTerm=1, entries=0, commitIndex=6} to 2
11:35:34.735 [raft-server-2] TRACE i.a.p.raft.roles.FollowerRole - RaftServer{2}{role=FOLLOWER} - Received AppendRequest{term=1, leader=1, prevLogIndex=6, prevLogTerm=1, entries=0, commitIndex=6}
11:35:34.735 [raft-server-2] TRACE i.a.p.raft.roles.FollowerRole - RaftServer{2}{role=FOLLOWER} - Sending AppendResponse{status=OK, term=1, succeeded=true, lastLogIndex=6}
11:35:34.735 [raft-server-1] TRACE i.a.p.raft.roles.LeaderAppender - RaftServer{1} - Received AppendResponse{status=OK, term=1, succeeded=true, lastLogIndex=6} from 2
11:35:34.735 [raft-server-1] TRACE i.a.p.raft.roles.LeaderAppender - RaftServer{1} - Sending AppendRequest{term=1, leader=1, prevLogIndex=6, prevLogTerm=1, entries=0, commitIndex=6} to 2
11:35:34.735 [raft-server-2] TRACE i.a.p.raft.roles.FollowerRole - RaftServer{2}{role=FOLLOWER} - Received AppendRequest{term=1, leader=1, prevLogIndex=6, prevLogTerm=1, entries=0, commitIndex=6}
11:35:34.735 [raft-server-2] TRACE i.a.p.raft.roles.FollowerRole - RaftServer{2}{role=FOLLOWER} - Sending AppendResponse{status=OK, term=1, succeeded=true, lastLogIndex=6}
11:35:34.736 [raft-server-1] TRACE i.a.p.raft.roles.LeaderAppender - RaftServer{1} - Received AppendResponse{status=OK, term=1, succeeded=true, lastLogIndex=6} from 2
11:35:34.736 [raft-server-1] TRACE i.a.p.raft.roles.LeaderAppender - RaftServer{1} - Sending AppendRequest{term=1, leader=1, prevLogIndex=6, prevLogTerm=1, entries=0, commitIndex=6} to 2
11:35:34.736 [raft-server-2] TRACE i.a.p.raft.roles.FollowerRole - RaftServer{2}{role=FOLLOWER} - Received AppendRequest{term=1, leader=1, prevLogIndex=6, prevLogTerm=1, entries=0, commitIndex=6}
11:35:34.736 [raft-server-2] TRACE i.a.p.raft.roles.FollowerRole - RaftServer{2}{role=FOLLOWER} - Sending AppendResponse{status=OK, term=1, succeeded=true, lastLogIndex=6}
11:35:34.736 [raft-server-1] TRACE i.a.p.raft.roles.LeaderAppender - RaftServer{1} - Received AppendResponse{status=OK, term=1, succeeded=true, lastLogIndex=6} from 2
11:35:34.747 [raft-client-e93f55c3-5bda-4e64-bf5f-fc9c79dd4249-0] TRACE i.a.p.r.proxy.impl.RaftProxyManager - RaftClient{e93f55c3-5bda-4e64-bf5f-fc9c79dd4249} - Keeping 1 sessions alive
11:35:34.747 [raft-client-e93f55c3-5bda-4e64-bf5f-fc9c79dd4249-0] TRACE i.a.p.r.p.impl.RaftProxyConnection - RaftClient{e93f55c3-5bda-4e64-bf5f-fc9c79dd4249} - Sending KeepAliveRequest{sessionIds=long[]{length=1, hash=33}, commandSequences=long[]{length=1, hash=31}, eventIndexes=long[]{length=1, hash=33}} to 1
11:35:34.747 [raft-server-1] TRACE i.a.protocols.raft.roles.LeaderRole - RaftServer{1}{role=LEADER} - Received KeepAliveRequest{sessionIds=long[]{length=1, hash=33}, commandSequences=long[]{length=1, hash=31}, eventIndexes=long[]{length=1, hash=33}}
11:35:34.747 [raft-server-1] TRACE i.a.protocols.raft.roles.LeaderRole - RaftServer{1}{role=LEADER} - Appended Indexed{index=7, entry=KeepAliveEntry{term=1, timestamp=2018-06-05 11:35:34,747, sessionIds=long[]{length=1, hash=33}, commandSequences=long[]{length=1, hash=31}, eventIndexes=long[]{length=1, hash=33}}}
11:35:34.747 [raft-server-1] TRACE i.a.p.raft.roles.LeaderAppender - RaftServer{1} - Sending AppendRequest{term=1, leader=1, prevLogIndex=6, prevLogTerm=1, entries=1, commitIndex=6} to 2
11:35:34.747 [raft-server-2] TRACE i.a.p.raft.roles.FollowerRole - RaftServer{2}{role=FOLLOWER} - Received AppendRequest{term=1, leader=1, prevLogIndex=6, prevLogTerm=1, entries=1, commitIndex=6}
11:35:34.747 [raft-server-2] TRACE i.a.p.raft.roles.FollowerRole - RaftServer{2}{role=FOLLOWER} - Appended Indexed{index=7, entry=KeepAliveEntry{term=1, timestamp=2018-06-05 11:35:34,747, sessionIds=long[]{length=1, hash=33}, commandSequences=long[]{length=1, hash=31}, eventIndexes=long[]{length=1, hash=33}}}
11:35:34.747 [raft-server-2] TRACE i.a.p.raft.roles.FollowerRole - RaftServer{2}{role=FOLLOWER} - Sending AppendResponse{status=OK, term=1, succeeded=true, lastLogIndex=7}
11:35:34.747 [raft-server-1] TRACE i.a.p.raft.roles.LeaderAppender - RaftServer{1} - Received AppendResponse{status=OK, term=1, succeeded=true, lastLogIndex=7} from 2
11:35:34.747 [raft-server-1] TRACE i.a.p.raft.roles.LeaderAppender - RaftServer{1} - Committed entries up to 7
11:35:34.782 [raft-server-1-state] TRACE i.a.p.raft.impl.RaftServiceManager - RaftServer{1} - Applying Indexed{index=7, entry=KeepAliveEntry{term=1, timestamp=2018-06-05 11:35:34,747, sessionIds=long[]{length=1, hash=33}, commandSequences=long[]{length=1, hash=31}, eventIndexes=long[]{length=1, hash=33}}}
11:35:34.782 [raft-server-1] TRACE i.a.protocols.raft.roles.LeaderRole - RaftServer{1}{role=LEADER} - Sending KeepAliveResponse{status=OK, leader=1, members=[1, 2], sessionIds=long[]{length=1, hash=33}}
11:35:34.782 [raft-client-e93f55c3-5bda-4e64-bf5f-fc9c79dd4249-3] TRACE i.a.p.r.p.impl.RaftProxyConnection - RaftClient{e93f55c3-5bda-4e64-bf5f-fc9c79dd4249} - Received KeepAliveResponse{status=OK, leader=1, members=[1, 2], sessionIds=long[]{length=1, hash=33}} from 1
11:35:34.985 [raft-server-1] TRACE i.a.p.raft.roles.LeaderAppender - RaftServer{1} - Sending AppendRequest{term=1, leader=1, prevLogIndex=7, prevLogTerm=1, entries=0, commitIndex=7} to 2
11:35:34.985 [raft-server-2] TRACE i.a.p.raft.roles.FollowerRole - RaftServer{2}{role=FOLLOWER} - Received AppendRequest{term=1, leader=1, prevLogIndex=7, prevLogTerm=1, entries=0, commitIndex=7}
11:35:35.015 [raft-server-2] TRACE i.a.p.raft.roles.FollowerRole - RaftServer{2}{role=FOLLOWER} - Committed entries up to index 7
11:35:35.015 [raft-server-2] TRACE i.a.p.raft.roles.FollowerRole - RaftServer{2}{role=FOLLOWER} - Sending AppendResponse{status=OK, term=1, succeeded=true, lastLogIndex=7}
11:35:35.015 [raft-server-1] TRACE i.a.p.raft.roles.LeaderAppender - RaftServer{1} - Received AppendResponse{status=OK, term=1, succeeded=true, lastLogIndex=7} from 2
11:35:35.015 [raft-server-2-state] TRACE i.a.p.raft.impl.RaftServiceManager - RaftServer{2} - Applying Indexed{index=7, entry=KeepAliveEntry{term=1, timestamp=2018-06-05 11:35:34,747, sessionIds=long[]{length=1, hash=33}, commandSequences=long[]{length=1, hash=31}, eventIndexes=long[]{length=1, hash=33}}}
11:35:35.015 [raft-server-1] TRACE i.a.p.raft.roles.LeaderAppender - RaftServer{1} - Sending AppendRequest{term=1, leader=1, prevLogIndex=7, prevLogTerm=1, entries=0, commitIndex=7} to 2
11:35:35.015 [raft-server-2] TRACE i.a.p.raft.roles.FollowerRole - RaftServer{2}{role=FOLLOWER} - Received AppendRequest{term=1, leader=1, prevLogIndex=7, prevLogTerm=1, entries=0, commitIndex=7}
11:35:35.016 [raft-server-2] TRACE i.a.p.raft.roles.FollowerRole - RaftServer{2}{role=FOLLOWER} - Sending AppendResponse{status=OK, term=1, succeeded=true, lastLogIndex=7}
11:35:35.016 [raft-server-1] TRACE i.a.p.raft.roles.LeaderAppender - RaftServer{1} - Received AppendResponse{status=OK, term=1, succeeded=true, lastLogIndex=7} from 2
11:35:35.235 [raft-server-1] TRACE i.a.p.raft.roles.LeaderAppender - RaftServer{1} - Sending AppendRequest{term=1, leader=1, prevLogIndex=7, prevLogTerm=1, entries=0, commitIndex=7} to 2
11:35:35.235 [raft-server-2] TRACE i.a.p.raft.roles.FollowerRole - RaftServer{2}{role=FOLLOWER} - Received AppendRequest{term=1, leader=1, prevLogIndex=7, prevLogTerm=1, entries=0, commitIndex=7}
11:35:35.235 [raft-server-2] TRACE i.a.p.raft.roles.FollowerRole - RaftServer{2}{role=FOLLOWER} - Sending AppendResponse{status=OK, term=1, succeeded=true, lastLogIndex=7}
11:35:35.235 [raft-server-1] TRACE i.a.p.raft.roles.LeaderAppender - RaftServer{1} - Received AppendResponse{status=OK, term=1, succeeded=true, lastLogIndex=7} from 2
11:35:35.235 [raft-server-1] TRACE i.a.p.raft.roles.LeaderAppender - RaftServer{1} - Sending AppendRequest{term=1, leader=1, prevLogIndex=7, prevLogTerm=1, entries=0, commitIndex=7} to 2
11:35:35.235 [raft-server-2] TRACE i.a.p.raft.roles.FollowerRole - RaftServer{2}{role=FOLLOWER} - Received AppendRequest{term=1, leader=1, prevLogIndex=7, prevLogTerm=1, entries=0, commitIndex=7}
11:35:35.235 [raft-server-2] TRACE i.a.p.raft.roles.FollowerRole - RaftServer{2}{role=FOLLOWER} - Sending AppendResponse{status=OK, term=1, succeeded=true, lastLogIndex=7}
11:35:35.235 [raft-server-1] TRACE i.a.p.raft.roles.LeaderAppender - RaftServer{1} - Received AppendResponse{status=OK, term=1, succeeded=true, lastLogIndex=7} from 2
11:35:35.235 [raft-server-1] TRACE i.a.p.raft.roles.LeaderAppender - RaftServer{1} - Sending AppendRequest{term=1, leader=1, prevLogIndex=7, prevLogTerm=1, entries=0, commitIndex=7} to 2
11:35:35.235 [raft-server-2] TRACE i.a.p.raft.roles.FollowerRole - RaftServer{2}{role=FOLLOWER} - Received AppendRequest{term=1, leader=1, prevLogIndex=7, prevLogTerm=1, entries=0, commitIndex=7}
11:35:35.235 [raft-server-2] TRACE i.a.p.raft.roles.FollowerRole - RaftServer{2}{role=FOLLOWER} - Sending AppendResponse{status=OK, term=1, succeeded=true, lastLogIndex=7}
11:35:35.235 [raft-server-1] TRACE i.a.p.raft.roles.LeaderAppender - RaftServer{1} - Received AppendResponse{status=OK, term=1, succeeded=true, lastLogIndex=7} from 2
11:35:35.235 [raft-server-1] TRACE i.a.p.raft.roles.LeaderAppender - RaftServer{1} - Sending AppendRequest{term=1, leader=1, prevLogIndex=7, prevLogTerm=1, entries=0, commitIndex=7} to 2
11:35:35.235 [raft-server-2] TRACE i.a.p.raft.roles.FollowerRole - RaftServer{2}{role=FOLLOWER} - Received AppendRequest{term=1, leader=1, prevLogIndex=7, prevLogTerm=1, entries=0, commitIndex=7}
11:35:35.235 [raft-server-2] TRACE i.a.p.raft.roles.FollowerRole - RaftServer{2}{role=FOLLOWER} - Sending AppendResponse{status=OK, term=1, succeeded=true, lastLogIndex=7}
11:35:35.235 [raft-server-1] TRACE i.a.p.raft.roles.LeaderAppender - RaftServer{1} - Received AppendResponse{status=OK, term=1, succeeded=true, lastLogIndex=7} from 2
11:35:35.236 [raft-server-1] TRACE i.a.p.raft.roles.LeaderAppender - RaftServer{1} - Sending AppendRequest{term=1, leader=1, prevLogIndex=7, prevLogTerm=1, entries=0, commitIndex=7} to 2
11:35:35.236 [raft-server-2] TRACE i.a.p.raft.roles.FollowerRole - RaftServer{2}{role=FOLLOWER} - Received AppendRequest{term=1, leader=1, prevLogIndex=7, prevLogTerm=1, entries=0, commitIndex=7}
11:35:35.236 [raft-server-2] TRACE i.a.p.raft.roles.FollowerRole - RaftServer{2}{role=FOLLOWER} - Sending AppendResponse{status=OK, term=1, succeeded=true, lastLogIndex=7}
11:35:35.236 [raft-server-1] TRACE i.a.p.raft.roles.LeaderAppender - RaftServer{1} - Received AppendResponse{status=OK, term=1, succeeded=true, lastLogIndex=7} from 2
11:35:35.485 [raft-server-1] TRACE i.a.p.raft.roles.LeaderAppender - RaftServer{1} - Sending AppendRequest{term=1, leader=1, prevLogIndex=7, prevLogTerm=1, entries=0, commitIndex=7} to 2
11:35:35.485 [raft-server-2] TRACE i.a.p.raft.roles.FollowerRole - RaftServer{2}{role=FOLLOWER} - Received AppendRequest{term=1, leader=1, prevLogIndex=7, prevLogTerm=1, entries=0, commitIndex=7}
11:35:35.485 [raft-server-2] TRACE i.a.p.raft.roles.FollowerRole - RaftServer{2}{role=FOLLOWER} - Sending AppendResponse{status=OK, term=1, succeeded=true, lastLogIndex=7}
11:35:35.485 [raft-server-1] TRACE i.a.p.raft.roles.LeaderAppender - RaftServer{1} - Received AppendResponse{status=OK, term=1, succeeded=true, lastLogIndex=7} from 2
11:35:35.485 [raft-server-1] TRACE i.a.p.raft.roles.LeaderAppender - RaftServer{1} - Sending AppendRequest{term=1, leader=1, prevLogIndex=7, prevLogTerm=1, entries=0, commitIndex=7} to 2
11:35:35.485 [raft-server-2] TRACE i.a.p.raft.roles.FollowerRole - RaftServer{2}{role=FOLLOWER} - Received AppendRequest{term=1, leader=1, prevLogIndex=7, prevLogTerm=1, entries=0, commitIndex=7}
11:35:35.485 [raft-server-2] TRACE i.a.p.raft.roles.FollowerRole - RaftServer{2}{role=FOLLOWER} - Sending AppendResponse{status=OK, term=1, succeeded=true, lastLogIndex=7}
11:35:35.485 [raft-server-1] TRACE i.a.p.raft.roles.LeaderAppender - RaftServer{1} - Received AppendResponse{status=OK, term=1, succeeded=true, lastLogIndex=7} from 2
11:35:35.485 [raft-server-1] TRACE i.a.p.raft.roles.LeaderAppender - RaftServer{1} - Sending AppendRequest{term=1, leader=1, prevLogIndex=7, prevLogTerm=1, entries=0, commitIndex=7} to 2
11:35:35.485 [raft-server-2] TRACE i.a.p.raft.roles.FollowerRole - RaftServer{2}{role=FOLLOWER} - Received AppendRequest{term=1, leader=1, prevLogIndex=7, prevLogTerm=1, entries=0, commitIndex=7}
11:35:35.485 [raft-server-2] TRACE i.a.p.raft.roles.FollowerRole - RaftServer{2}{role=FOLLOWER} - Sending AppendResponse{status=OK, term=1, succeeded=true, lastLogIndex=7}
11:35:35.485 [raft-server-1] TRACE i.a.p.raft.roles.LeaderAppender - RaftServer{1} - Received AppendResponse{status=OK, term=1, succeeded=true, lastLogIndex=7} from 2
11:35:35.486 [raft-server-1] TRACE i.a.p.raft.roles.LeaderAppender - RaftServer{1} - Sending AppendRequest{term=1, leader=1, prevLogIndex=7, prevLogTerm=1, entries=0, commitIndex=7} to 2
11:35:35.486 [raft-server-2] TRACE i.a.p.raft.roles.FollowerRole - RaftServer{2}{role=FOLLOWER} - Received AppendRequest{term=1, leader=1, prevLogIndex=7, prevLogTerm=1, entries=0, commitIndex=7}
11:35:35.486 [raft-server-2] TRACE i.a.p.raft.roles.FollowerRole - RaftServer{2}{role=FOLLOWER} - Sending AppendResponse{status=OK, term=1, succeeded=true, lastLogIndex=7}
11:35:35.486 [raft-server-1] TRACE i.a.p.raft.roles.LeaderAppender - RaftServer{1} - Received AppendResponse{status=OK, term=1, succeeded=true, lastLogIndex=7} from 2
11:35:35.735 [raft-server-1] TRACE i.a.p.raft.roles.LeaderAppender - RaftServer{1} - Sending AppendRequest{term=1, leader=1, prevLogIndex=7, prevLogTerm=1, entries=0, commitIndex=7} to 2
11:35:35.735 [raft-server-2] TRACE i.a.p.raft.roles.FollowerRole - RaftServer{2}{role=FOLLOWER} - Received AppendRequest{term=1, leader=1, prevLogIndex=7, prevLogTerm=1, entries=0, commitIndex=7}
11:35:35.735 [raft-server-2] TRACE i.a.p.raft.roles.FollowerRole - RaftServer{2}{role=FOLLOWER} - Sending AppendResponse{status=OK, term=1, succeeded=true, lastLogIndex=7}
11:35:35.735 [raft-server-1] TRACE i.a.p.raft.roles.LeaderAppender - RaftServer{1} - Received AppendResponse{status=OK, term=1, succeeded=true, lastLogIndex=7} from 2
11:35:35.735 [raft-server-1] TRACE i.a.p.raft.roles.LeaderAppender - RaftServer{1} - Sending AppendRequest{term=1, leader=1, prevLogIndex=7, prevLogTerm=1, entries=0, commitIndex=7} to 2
11:35:35.735 [raft-server-2] TRACE i.a.p.raft.roles.FollowerRole - RaftServer{2}{role=FOLLOWER} - Received AppendRequest{term=1, leader=1, prevLogIndex=7, prevLogTerm=1, entries=0, commitIndex=7}
11:35:35.735 [raft-server-2] TRACE i.a.p.raft.roles.FollowerRole - RaftServer{2}{role=FOLLOWER} - Sending AppendResponse{status=OK, term=1, succeeded=true, lastLogIndex=7}
11:35:35.735 [raft-server-1] TRACE i.a.p.raft.roles.LeaderAppender - RaftServer{1} - Received AppendResponse{status=OK, term=1, succeeded=true, lastLogIndex=7} from 2
11:35:35.735 [raft-server-1] TRACE i.a.p.raft.roles.LeaderAppender - RaftServer{1} - Sending AppendRequest{term=1, leader=1, prevLogIndex=7, prevLogTerm=1, entries=0, commitIndex=7} to 2
11:35:35.735 [raft-server-2] TRACE i.a.p.raft.roles.FollowerRole - RaftServer{2}{role=FOLLOWER} - Received AppendRequest{term=1, leader=1, prevLogIndex=7, prevLogTerm=1, entries=0, commitIndex=7}
11:35:35.735 [raft-server-2] TRACE i.a.p.raft.roles.FollowerRole - RaftServer{2}{role=FOLLOWER} - Sending AppendResponse{status=OK, term=1, succeeded=true, lastLogIndex=7}
11:35:35.735 [raft-server-1] TRACE i.a.p.raft.roles.LeaderAppender - RaftServer{1} - Received AppendResponse{status=OK, term=1, succeeded=true, lastLogIndex=7} from 2
11:35:35.735 [raft-server-1] TRACE i.a.p.raft.roles.LeaderAppender - RaftServer{1} - Sending AppendRequest{term=1, leader=1, prevLogIndex=7, prevLogTerm=1, entries=0, commitIndex=7} to 2
11:35:35.735 [raft-server-2] TRACE i.a.p.raft.roles.FollowerRole - RaftServer{2}{role=FOLLOWER} - Received AppendRequest{term=1, leader=1, prevLogIndex=7, prevLogTerm=1, entries=0, commitIndex=7}
11:35:35.735 [raft-server-2] TRACE i.a.p.raft.roles.FollowerRole - RaftServer{2}{role=FOLLOWER} - Sending AppendResponse{status=OK, term=1, succeeded=true, lastLogIndex=7}
11:35:35.736 [raft-server-1] TRACE i.a.p.raft.roles.LeaderAppender - RaftServer{1} - Received AppendResponse{status=OK, term=1, succeeded=true, lastLogIndex=7} from 2
11:35:35.736 [raft-server-1] TRACE i.a.p.raft.roles.LeaderAppender - RaftServer{1} - Sending AppendRequest{term=1, leader=1, prevLogIndex=7, prevLogTerm=1, entries=0, commitIndex=7} to 2
11:35:35.736 [raft-server-2] TRACE i.a.p.raft.roles.FollowerRole - RaftServer{2}{role=FOLLOWER} - Received AppendRequest{term=1, leader=1, prevLogIndex=7, prevLogTerm=1, entries=0, commitIndex=7}
11:35:35.736 [raft-server-2] TRACE i.a.p.raft.roles.FollowerRole - RaftServer{2}{role=FOLLOWER} - Sending AppendResponse{status=OK, term=1, succeeded=true, lastLogIndex=7}
11:35:35.736 [raft-server-1] TRACE i.a.p.raft.roles.LeaderAppender - RaftServer{1} - Received AppendResponse{status=OK, term=1, succeeded=true, lastLogIndex=7} from 2
11:35:35.985 [raft-server-1] TRACE i.a.p.raft.roles.LeaderAppender - RaftServer{1} - Sending AppendRequest{term=1, leader=1, prevLogIndex=7, prevLogTerm=1, entries=0, commitIndex=7} to 2
11:35:35.985 [raft-server-2] TRACE i.a.p.raft.roles.FollowerRole - RaftServer{2}{role=FOLLOWER} - Received AppendRequest{term=1, leader=1, prevLogIndex=7, prevLogTerm=1, entries=0, commitIndex=7}
11:35:35.985 [raft-server-2] TRACE i.a.p.raft.roles.FollowerRole - RaftServer{2}{role=FOLLOWER} - Sending AppendResponse{status=OK, term=1, succeeded=true, lastLogIndex=7}
11:35:35.985 [raft-server-1] TRACE i.a.p.raft.roles.LeaderAppender - RaftServer{1} - Received AppendResponse{status=OK, term=1, succeeded=true, lastLogIndex=7} from 2
11:35:35.985 [raft-server-1] TRACE i.a.p.raft.roles.LeaderAppender - RaftServer{1} - Sending AppendRequest{term=1, leader=1, prevLogIndex=7, prevLogTerm=1, entries=0, commitIndex=7} to 2
11:35:35.985 [raft-server-2] TRACE i.a.p.raft.roles.FollowerRole - RaftServer{2}{role=FOLLOWER} - Received AppendRequest{term=1, leader=1, prevLogIndex=7, prevLogTerm=1, entries=0, commitIndex=7}
11:35:35.985 [raft-server-2] TRACE i.a.p.raft.roles.FollowerRole - RaftServer{2}{role=FOLLOWER} - Sending AppendResponse{status=OK, term=1, succeeded=true, lastLogIndex=7}
11:35:35.985 [raft-server-1] TRACE i.a.p.raft.roles.LeaderAppender - RaftServer{1} - Received AppendResponse{status=OK, term=1, succeeded=true, lastLogIndex=7} from 2
11:35:35.985 [raft-server-1] TRACE i.a.p.raft.roles.LeaderAppender - RaftServer{1} - Sending AppendRequest{term=1, leader=1, prevLogIndex=7, prevLogTerm=1, entries=0, commitIndex=7} to 2
11:35:35.985 [raft-server-2] TRACE i.a.p.raft.roles.FollowerRole - RaftServer{2}{role=FOLLOWER} - Received AppendRequest{term=1, leader=1, prevLogIndex=7, prevLogTerm=1, entries=0, commitIndex=7}
11:35:35.985 [raft-server-2] TRACE i.a.p.raft.roles.FollowerRole - RaftServer{2}{role=FOLLOWER} - Sending AppendResponse{status=OK, term=1, succeeded=true, lastLogIndex=7}
11:35:35.985 [raft-server-1] TRACE i.a.p.raft.roles.LeaderAppender - RaftServer{1} - Received AppendResponse{status=OK, term=1, succeeded=true, lastLogIndex=7} from 2
11:35:35.985 [raft-server-1] TRACE i.a.p.raft.roles.LeaderAppender - RaftServer{1} - Sending AppendRequest{term=1, leader=1, prevLogIndex=7, prevLogTerm=1, entries=0, commitIndex=7} to 2
11:35:35.985 [raft-server-2] TRACE i.a.p.raft.roles.FollowerRole - RaftServer{2}{role=FOLLOWER} - Received AppendRequest{term=1, leader=1, prevLogIndex=7, prevLogTerm=1, entries=0, commitIndex=7}
11:35:35.985 [raft-server-2] TRACE i.a.p.raft.roles.FollowerRole - RaftServer{2}{role=FOLLOWER} - Sending AppendResponse{status=OK, term=1, succeeded=true, lastLogIndex=7}
11:35:35.985 [raft-server-1] TRACE i.a.p.raft.roles.LeaderAppender - RaftServer{1} - Received AppendResponse{status=OK, term=1, succeeded=true, lastLogIndex=7} from 2
11:35:35.986 [raft-server-1] TRACE i.a.p.raft.roles.LeaderAppender - RaftServer{1} - Sending AppendRequest{term=1, leader=1, prevLogIndex=7, prevLogTerm=1, entries=0, commitIndex=7} to 2
11:35:35.986 [raft-server-2] TRACE i.a.p.raft.roles.FollowerRole - RaftServer{2}{role=FOLLOWER} - Received AppendRequest{term=1, leader=1, prevLogIndex=7, prevLogTerm=1, entries=0, commitIndex=7}
11:35:35.986 [raft-server-2] TRACE i.a.p.raft.roles.FollowerRole - RaftServer{2}{role=FOLLOWER} - Sending AppendResponse{status=OK, term=1, succeeded=true, lastLogIndex=7}
11:35:35.986 [raft-server-1] TRACE i.a.p.raft.roles.LeaderAppender - RaftServer{1} - Received AppendResponse{status=OK, term=1, succeeded=true, lastLogIndex=7} from 2
11:35:36.235 [raft-server-1] TRACE i.a.p.raft.roles.LeaderAppender - RaftServer{1} - Sending AppendRequest{term=1, leader=1, prevLogIndex=7, prevLogTerm=1, entries=0, commitIndex=7} to 2
11:35:36.235 [raft-server-2] TRACE i.a.p.raft.roles.FollowerRole - RaftServer{2}{role=FOLLOWER} - Received AppendRequest{term=1, leader=1, prevLogIndex=7, prevLogTerm=1, entries=0, commitIndex=7}
11:35:36.235 [raft-server-2] TRACE i.a.p.raft.roles.FollowerRole - RaftServer{2}{role=FOLLOWER} - Sending AppendResponse{status=OK, term=1, succeeded=true, lastLogIndex=7}
11:35:36.235 [raft-server-1] TRACE i.a.p.raft.roles.LeaderAppender - RaftServer{1} - Received AppendResponse{status=OK, term=1, succeeded=true, lastLogIndex=7} from 2
11:35:36.235 [raft-server-1] TRACE i.a.p.raft.roles.LeaderAppender - RaftServer{1} - Sending AppendRequest{term=1, leader=1, prevLogIndex=7, prevLogTerm=1, entries=0, commitIndex=7} to 2
11:35:36.235 [raft-server-2] TRACE i.a.p.raft.roles.FollowerRole - RaftServer{2}{role=FOLLOWER} - Received AppendRequest{term=1, leader=1, prevLogIndex=7, prevLogTerm=1, entries=0, commitIndex=7}
11:35:36.235 [raft-server-2] TRACE i.a.p.raft.roles.FollowerRole - RaftServer{2}{role=FOLLOWER} - Sending AppendResponse{status=OK, term=1, succeeded=true, lastLogIndex=7}
11:35:36.235 [raft-server-1] TRACE i.a.p.raft.roles.LeaderAppender - RaftServer{1} - Received AppendResponse{status=OK, term=1, succeeded=true, lastLogIndex=7} from 2
11:35:36.235 [raft-server-1] TRACE i.a.p.raft.roles.LeaderAppender - RaftServer{1} - Sending AppendRequest{term=1, leader=1, prevLogIndex=7, prevLogTerm=1, entries=0, commitIndex=7} to 2
11:35:36.235 [raft-server-2] TRACE i.a.p.raft.roles.FollowerRole - RaftServer{2}{role=FOLLOWER} - Received AppendRequest{term=1, leader=1, prevLogIndex=7, prevLogTerm=1, entries=0, commitIndex=7}
11:35:36.235 [raft-server-2] TRACE i.a.p.raft.roles.FollowerRole - RaftServer{2}{role=FOLLOWER} - Sending AppendResponse{status=OK, term=1, succeeded=true, lastLogIndex=7}
11:35:36.235 [raft-server-1] TRACE i.a.p.raft.roles.LeaderAppender - RaftServer{1} - Received AppendResponse{status=OK, term=1, succeeded=true, lastLogIndex=7} from 2
11:35:36.235 [raft-server-1] TRACE i.a.p.raft.roles.LeaderAppender - RaftServer{1} - Sending AppendRequest{term=1, leader=1, prevLogIndex=7, prevLogTerm=1, entries=0, commitIndex=7} to 2
11:35:36.235 [raft-server-2] TRACE i.a.p.raft.roles.FollowerRole - RaftServer{2}{role=FOLLOWER} - Received AppendRequest{term=1, leader=1, prevLogIndex=7, prevLogTerm=1, entries=0, commitIndex=7}
11:35:36.235 [raft-server-2] TRACE i.a.p.raft.roles.FollowerRole - RaftServer{2}{role=FOLLOWER} - Sending AppendResponse{status=OK, term=1, succeeded=true, lastLogIndex=7}
11:35:36.236 [raft-server-1] TRACE i.a.p.raft.roles.LeaderAppender - RaftServer{1} - Received AppendResponse{status=OK, term=1, succeeded=true, lastLogIndex=7} from 2
11:35:36.236 [raft-server-1] TRACE i.a.p.raft.roles.LeaderAppender - RaftServer{1} - Sending AppendRequest{term=1, leader=1, prevLogIndex=7, prevLogTerm=1, entries=0, commitIndex=7} to 2
11:35:36.236 [raft-server-2] TRACE i.a.p.raft.roles.FollowerRole - RaftServer{2}{role=FOLLOWER} - Received AppendRequest{term=1, leader=1, prevLogIndex=7, prevLogTerm=1, entries=0, commitIndex=7}
11:35:36.236 [raft-server-2] TRACE i.a.p.raft.roles.FollowerRole - RaftServer{2}{role=FOLLOWER} - Sending AppendResponse{status=OK, term=1, succeeded=true, lastLogIndex=7}
11:35:36.236 [raft-server-1] TRACE i.a.p.raft.roles.LeaderAppender - RaftServer{1} - Received AppendResponse{status=OK, term=1, succeeded=true, lastLogIndex=7} from 2
11:35:36.485 [raft-server-1] TRACE i.a.p.raft.roles.LeaderAppender - RaftServer{1} - Sending AppendRequest{term=1, leader=1, prevLogIndex=7, prevLogTerm=1, entries=0, commitIndex=7} to 2
11:35:36.485 [raft-server-2] TRACE i.a.p.raft.roles.FollowerRole - RaftServer{2}{role=FOLLOWER} - Received AppendRequest{term=1, leader=1, prevLogIndex=7, prevLogTerm=1, entries=0, commitIndex=7}
11:35:36.485 [raft-server-2] TRACE i.a.p.raft.roles.FollowerRole - RaftServer{2}{role=FOLLOWER} - Sending AppendResponse{status=OK, term=1, succeeded=true, lastLogIndex=7}
11:35:36.485 [raft-server-1] TRACE i.a.p.raft.roles.LeaderAppender - RaftServer{1} - Received AppendResponse{status=OK, term=1, succeeded=true, lastLogIndex=7} from 2
11:35:36.485 [raft-server-1] TRACE i.a.p.raft.roles.LeaderAppender - RaftServer{1} - Sending AppendRequest{term=1, leader=1, prevLogIndex=7, prevLogTerm=1, entries=0, commitIndex=7} to 2
11:35:36.485 [raft-server-2] TRACE i.a.p.raft.roles.FollowerRole - RaftServer{2}{role=FOLLOWER} - Received AppendRequest{term=1, leader=1, prevLogIndex=7, prevLogTerm=1, entries=0, commitIndex=7}
11:35:36.485 [raft-server-2] TRACE i.a.p.raft.roles.FollowerRole - RaftServer{2}{role=FOLLOWER} - Sending AppendResponse{status=OK, term=1, succeeded=true, lastLogIndex=7}
11:35:36.485 [raft-server-1] TRACE i.a.p.raft.roles.LeaderAppender - RaftServer{1} - Received AppendResponse{status=OK, term=1, succeeded=true, lastLogIndex=7} from 2
11:35:36.485 [raft-server-1] TRACE i.a.p.raft.roles.LeaderAppender - RaftServer{1} - Sending AppendRequest{term=1, leader=1, prevLogIndex=7, prevLogTerm=1, entries=0, commitIndex=7} to 2
11:35:36.485 [raft-server-2] TRACE i.a.p.raft.roles.FollowerRole - RaftServer{2}{role=FOLLOWER} - Received AppendRequest{term=1, leader=1, prevLogIndex=7, prevLogTerm=1, entries=0, commitIndex=7}
11:35:36.485 [raft-server-2] TRACE i.a.p.raft.roles.FollowerRole - RaftServer{2}{role=FOLLOWER} - Sending AppendResponse{status=OK, term=1, succeeded=true, lastLogIndex=7}
11:35:36.485 [raft-server-1] TRACE i.a.p.raft.roles.LeaderAppender - RaftServer{1} - Received AppendResponse{status=OK, term=1, succeeded=true, lastLogIndex=7} from 2
11:35:36.485 [raft-server-1] TRACE i.a.p.raft.roles.LeaderAppender - RaftServer{1} - Sending AppendRequest{term=1, leader=1, prevLogIndex=7, prevLogTerm=1, entries=0, commitIndex=7} to 2
11:35:36.485 [raft-server-2] TRACE i.a.p.raft.roles.FollowerRole - RaftServer{2}{role=FOLLOWER} - Received AppendRequest{term=1, leader=1, prevLogIndex=7, prevLogTerm=1, entries=0, commitIndex=7}
11:35:36.485 [raft-server-2] TRACE i.a.p.raft.roles.FollowerRole - RaftServer{2}{role=FOLLOWER} - Sending AppendResponse{status=OK, term=1, succeeded=true, lastLogIndex=7}
11:35:36.486 [raft-server-1] TRACE i.a.p.raft.roles.LeaderAppender - RaftServer{1} - Received AppendResponse{status=OK, term=1, succeeded=true, lastLogIndex=7} from 2
11:35:36.486 [raft-server-1] TRACE i.a.p.raft.roles.LeaderAppender - RaftServer{1} - Sending AppendRequest{term=1, leader=1, prevLogIndex=7, prevLogTerm=1, entries=0, commitIndex=7} to 2
11:35:36.486 [raft-server-2] TRACE i.a.p.raft.roles.FollowerRole - RaftServer{2}{role=FOLLOWER} - Received AppendRequest{term=1, leader=1, prevLogIndex=7, prevLogTerm=1, entries=0, commitIndex=7}
11:35:36.486 [raft-server-2] TRACE i.a.p.raft.roles.FollowerRole - RaftServer{2}{role=FOLLOWER} - Sending AppendResponse{status=OK, term=1, succeeded=true, lastLogIndex=7}
11:35:36.486 [raft-server-1] TRACE i.a.p.raft.roles.LeaderAppender - RaftServer{1} - Received AppendResponse{status=OK, term=1, succeeded=true, lastLogIndex=7} from 2
11:35:36.735 [raft-server-1] TRACE i.a.p.raft.roles.LeaderAppender - RaftServer{1} - Sending AppendRequest{term=1, leader=1, prevLogIndex=7, prevLogTerm=1, entries=0, commitIndex=7} to 2
11:35:36.735 [raft-server-2] TRACE i.a.p.raft.roles.FollowerRole - RaftServer{2}{role=FOLLOWER} - Received AppendRequest{term=1, leader=1, prevLogIndex=7, prevLogTerm=1, entries=0, commitIndex=7}
11:35:36.735 [raft-server-2] TRACE i.a.p.raft.roles.FollowerRole - RaftServer{2}{role=FOLLOWER} - Sending AppendResponse{status=OK, term=1, succeeded=true, lastLogIndex=7}
11:35:36.735 [raft-server-1] TRACE i.a.p.raft.roles.LeaderAppender - RaftServer{1} - Received AppendResponse{status=OK, term=1, succeeded=true, lastLogIndex=7} from 2
11:35:36.735 [raft-server-1] TRACE i.a.p.raft.roles.LeaderAppender - RaftServer{1} - Sending AppendRequest{term=1, leader=1, prevLogIndex=7, prevLogTerm=1, entries=0, commitIndex=7} to 2
11:35:36.735 [raft-server-2] TRACE i.a.p.raft.roles.FollowerRole - RaftServer{2}{role=FOLLOWER} - Received AppendRequest{term=1, leader=1, prevLogIndex=7, prevLogTerm=1, entries=0, commitIndex=7}
11:35:36.735 [raft-server-2] TRACE i.a.p.raft.roles.FollowerRole - RaftServer{2}{role=FOLLOWER} - Sending AppendResponse{status=OK, term=1, succeeded=true, lastLogIndex=7}
11:35:36.735 [raft-server-1] TRACE i.a.p.raft.roles.LeaderAppender - RaftServer{1} - Received AppendResponse{status=OK, term=1, succeeded=true, lastLogIndex=7} from 2
11:35:36.735 [raft-server-1] TRACE i.a.p.raft.roles.LeaderAppender - RaftServer{1} - Sending AppendRequest{term=1, leader=1, prevLogIndex=7, prevLogTerm=1, entries=0, commitIndex=7} to 2
11:35:36.735 [raft-server-2] TRACE i.a.p.raft.roles.FollowerRole - RaftServer{2}{role=FOLLOWER} - Received AppendRequest{term=1, leader=1, prevLogIndex=7, prevLogTerm=1, entries=0, commitIndex=7}
11:35:36.735 [raft-server-2] TRACE i.a.p.raft.roles.FollowerRole - RaftServer{2}{role=FOLLOWER} - Sending AppendResponse{status=OK, term=1, succeeded=true, lastLogIndex=7}
11:35:36.735 [raft-server-1] TRACE i.a.p.raft.roles.LeaderAppender - RaftServer{1} - Received AppendResponse{status=OK, term=1, succeeded=true, lastLogIndex=7} from 2
11:35:36.735 [raft-server-1] TRACE i.a.p.raft.roles.LeaderAppender - RaftServer{1} - Sending AppendRequest{term=1, leader=1, prevLogIndex=7, prevLogTerm=1, entries=0, commitIndex=7} to 2
11:35:36.735 [raft-server-2] TRACE i.a.p.raft.roles.FollowerRole - RaftServer{2}{role=FOLLOWER} - Received AppendRequest{term=1, leader=1, prevLogIndex=7, prevLogTerm=1, entries=0, commitIndex=7}
11:35:36.736 [raft-server-2] TRACE i.a.p.raft.roles.FollowerRole - RaftServer{2}{role=FOLLOWER} - Sending AppendResponse{status=OK, term=1, succeeded=true, lastLogIndex=7}
11:35:36.736 [raft-server-1] TRACE i.a.p.raft.roles.LeaderAppender - RaftServer{1} - Received AppendResponse{status=OK, term=1, succeeded=true, lastLogIndex=7} from 2
11:35:36.736 [raft-server-1] TRACE i.a.p.raft.roles.LeaderAppender - RaftServer{1} - Sending AppendRequest{term=1, leader=1, prevLogIndex=7, prevLogTerm=1, entries=0, commitIndex=7} to 2
11:35:36.736 [raft-server-2] TRACE i.a.p.raft.roles.FollowerRole - RaftServer{2}{role=FOLLOWER} - Received AppendRequest{term=1, leader=1, prevLogIndex=7, prevLogTerm=1, entries=0, commitIndex=7}
11:35:36.736 [raft-server-2] TRACE i.a.p.raft.roles.FollowerRole - RaftServer{2}{role=FOLLOWER} - Sending AppendResponse{status=OK, term=1, succeeded=true, lastLogIndex=7}
11:35:36.736 [raft-server-1] TRACE i.a.p.raft.roles.LeaderAppender - RaftServer{1} - Received AppendResponse{status=OK, term=1, succeeded=true, lastLogIndex=7} from 2
11:35:36.985 [raft-server-1] TRACE i.a.p.raft.roles.LeaderAppender - RaftServer{1} - Sending AppendRequest{term=1, leader=1, prevLogIndex=7, prevLogTerm=1, entries=0, commitIndex=7} to 2
11:35:36.985 [raft-server-2] TRACE i.a.p.raft.roles.FollowerRole - RaftServer{2}{role=FOLLOWER} - Received AppendRequest{term=1, leader=1, prevLogIndex=7, prevLogTerm=1, entries=0, commitIndex=7}
11:35:36.985 [raft-server-2] TRACE i.a.p.raft.roles.FollowerRole - RaftServer{2}{role=FOLLOWER} - Sending AppendResponse{status=OK, term=1, succeeded=true, lastLogIndex=7}
11:35:36.985 [raft-server-1] TRACE i.a.p.raft.roles.LeaderAppender - RaftServer{1} - Received AppendResponse{status=OK, term=1, succeeded=true, lastLogIndex=7} from 2
11:35:36.985 [raft-server-1] TRACE i.a.p.raft.roles.LeaderAppender - RaftServer{1} - Sending AppendRequest{term=1, leader=1, prevLogIndex=7, prevLogTerm=1, entries=0, commitIndex=7} to 2
11:35:36.985 [raft-server-2] TRACE i.a.p.raft.roles.FollowerRole - RaftServer{2}{role=FOLLOWER} - Received AppendRequest{term=1, leader=1, prevLogIndex=7, prevLogTerm=1, entries=0, commitIndex=7}
11:35:36.985 [raft-server-2] TRACE i.a.p.raft.roles.FollowerRole - RaftServer{2}{role=FOLLOWER} - Sending AppendResponse{status=OK, term=1, succeeded=true, lastLogIndex=7}
11:35:36.985 [raft-server-1] TRACE i.a.p.raft.roles.LeaderAppender - RaftServer{1} - Received AppendResponse{status=OK, term=1, succeeded=true, lastLogIndex=7} from 2
11:35:36.985 [raft-server-1] TRACE i.a.p.raft.roles.LeaderAppender - RaftServer{1} - Sending AppendRequest{term=1, leader=1, prevLogIndex=7, prevLogTerm=1, entries=0, commitIndex=7} to 2
11:35:36.985 [raft-server-2] TRACE i.a.p.raft.roles.FollowerRole - RaftServer{2}{role=FOLLOWER} - Received AppendRequest{term=1, leader=1, prevLogIndex=7, prevLogTerm=1, entries=0, commitIndex=7}
11:35:36.985 [raft-server-2] TRACE i.a.p.raft.roles.FollowerRole - RaftServer{2}{role=FOLLOWER} - Sending AppendResponse{status=OK, term=1, succeeded=true, lastLogIndex=7}
11:35:36.985 [raft-server-1] TRACE i.a.p.raft.roles.LeaderAppender - RaftServer{1} - Received AppendResponse{status=OK, term=1, succeeded=true, lastLogIndex=7} from 2
11:35:36.985 [raft-server-1] TRACE i.a.p.raft.roles.LeaderAppender - RaftServer{1} - Sending AppendRequest{term=1, leader=1, prevLogIndex=7, prevLogTerm=1, entries=0, commitIndex=7} to 2
11:35:36.985 [raft-server-2] TRACE i.a.p.raft.roles.FollowerRole - RaftServer{2}{role=FOLLOWER} - Received AppendRequest{term=1, leader=1, prevLogIndex=7, prevLogTerm=1, entries=0, commitIndex=7}
11:35:36.985 [raft-server-2] TRACE i.a.p.raft.roles.FollowerRole - RaftServer{2}{role=FOLLOWER} - Sending AppendResponse{status=OK, term=1, succeeded=true, lastLogIndex=7}
11:35:36.986 [raft-server-1] TRACE i.a.p.raft.roles.LeaderAppender - RaftServer{1} - Received AppendResponse{status=OK, term=1, succeeded=true, lastLogIndex=7} from 2
11:35:36.986 [raft-server-1] TRACE i.a.p.raft.roles.LeaderAppender - RaftServer{1} - Sending AppendRequest{term=1, leader=1, prevLogIndex=7, prevLogTerm=1, entries=0, commitIndex=7} to 2
11:35:36.986 [raft-server-2] TRACE i.a.p.raft.roles.FollowerRole - RaftServer{2}{role=FOLLOWER} - Received AppendRequest{term=1, leader=1, prevLogIndex=7, prevLogTerm=1, entries=0, commitIndex=7}
11:35:36.986 [raft-server-2] TRACE i.a.p.raft.roles.FollowerRole - RaftServer{2}{role=FOLLOWER} - Sending AppendResponse{status=OK, term=1, succeeded=true, lastLogIndex=7}
11:35:36.986 [raft-server-1] TRACE i.a.p.raft.roles.LeaderAppender - RaftServer{1} - Received AppendResponse{status=OK, term=1, succeeded=true, lastLogIndex=7} from 2
11:35:37.235 [raft-server-1] TRACE i.a.p.raft.roles.LeaderAppender - RaftServer{1} - Sending AppendRequest{term=1, leader=1, prevLogIndex=7, prevLogTerm=1, entries=0, commitIndex=7} to 2
11:35:37.235 [raft-server-2] TRACE i.a.p.raft.roles.FollowerRole - RaftServer{2}{role=FOLLOWER} - Received AppendRequest{term=1, leader=1, prevLogIndex=7, prevLogTerm=1, entries=0, commitIndex=7}
11:35:37.235 [raft-server-2] TRACE i.a.p.raft.roles.FollowerRole - RaftServer{2}{role=FOLLOWER} - Sending AppendResponse{status=OK, term=1, succeeded=true, lastLogIndex=7}
11:35:37.235 [raft-server-1] TRACE i.a.p.raft.roles.LeaderAppender - RaftServer{1} - Received AppendResponse{status=OK, term=1, succeeded=true, lastLogIndex=7} from 2
11:35:37.235 [raft-server-1] TRACE i.a.p.raft.roles.LeaderAppender - RaftServer{1} - Sending AppendRequest{term=1, leader=1, prevLogIndex=7, prevLogTerm=1, entries=0, commitIndex=7} to 2
11:35:37.235 [raft-server-2] TRACE i.a.p.raft.roles.FollowerRole - RaftServer{2}{role=FOLLOWER} - Received AppendRequest{term=1, leader=1, prevLogIndex=7, prevLogTerm=1, entries=0, commitIndex=7}
11:35:37.235 [raft-server-2] TRACE i.a.p.raft.roles.FollowerRole - RaftServer{2}{role=FOLLOWER} - Sending AppendResponse{status=OK, term=1, succeeded=true, lastLogIndex=7}
11:35:37.235 [raft-server-1] TRACE i.a.p.raft.roles.LeaderAppender - RaftServer{1} - Received AppendResponse{status=OK, term=1, succeeded=true, lastLogIndex=7} from 2
11:35:37.235 [raft-server-1] TRACE i.a.p.raft.roles.LeaderAppender - RaftServer{1} - Sending AppendRequest{term=1, leader=1, prevLogIndex=7, prevLogTerm=1, entries=0, commitIndex=7} to 2
11:35:37.235 [raft-server-2] TRACE i.a.p.raft.roles.FollowerRole - RaftServer{2}{role=FOLLOWER} - Received AppendRequest{term=1, leader=1, prevLogIndex=7, prevLogTerm=1, entries=0, commitIndex=7}
11:35:37.235 [raft-server-2] TRACE i.a.p.raft.roles.FollowerRole - RaftServer{2}{role=FOLLOWER} - Sending AppendResponse{status=OK, term=1, succeeded=true, lastLogIndex=7}
11:35:37.235 [raft-server-1] TRACE i.a.p.raft.roles.LeaderAppender - RaftServer{1} - Received AppendResponse{status=OK, term=1, succeeded=true, lastLogIndex=7} from 2
11:35:37.235 [raft-server-1] TRACE i.a.p.raft.roles.LeaderAppender - RaftServer{1} - Sending AppendRequest{term=1, leader=1, prevLogIndex=7, prevLogTerm=1, entries=0, commitIndex=7} to 2
11:35:37.235 [raft-server-2] TRACE i.a.p.raft.roles.FollowerRole - RaftServer{2}{role=FOLLOWER} - Received AppendRequest{term=1, leader=1, prevLogIndex=7, prevLogTerm=1, entries=0, commitIndex=7}
11:35:37.235 [raft-server-2] TRACE i.a.p.raft.roles.FollowerRole - RaftServer{2}{role=FOLLOWER} - Sending AppendResponse{status=OK, term=1, succeeded=true, lastLogIndex=7}
11:35:37.235 [raft-server-1] TRACE i.a.p.raft.roles.LeaderAppender - RaftServer{1} - Received AppendResponse{status=OK, term=1, succeeded=true, lastLogIndex=7} from 2
11:35:37.235 [raft-server-1] TRACE i.a.p.raft.roles.LeaderAppender - RaftServer{1} - Sending AppendRequest{term=1, leader=1, prevLogIndex=7, prevLogTerm=1, entries=0, commitIndex=7} to 2
11:35:37.236 [raft-server-2] TRACE i.a.p.raft.roles.FollowerRole - RaftServer{2}{role=FOLLOWER} - Received AppendRequest{term=1, leader=1, prevLogIndex=7, prevLogTerm=1, entries=0, commitIndex=7}
11:35:37.236 [raft-server-2] TRACE i.a.p.raft.roles.FollowerRole - RaftServer{2}{role=FOLLOWER} - Sending AppendResponse{status=OK, term=1, succeeded=true, lastLogIndex=7}
11:35:37.236 [raft-server-1] TRACE i.a.p.raft.roles.LeaderAppender - RaftServer{1} - Received AppendResponse{status=OK, term=1, succeeded=true, lastLogIndex=7} from 2
11:35:37.236 [raft-server-1] TRACE i.a.p.raft.roles.LeaderAppender - RaftServer{1} - Sending AppendRequest{term=1, leader=1, prevLogIndex=7, prevLogTerm=1, entries=0, commitIndex=7} to 2
11:35:37.236 [raft-server-2] TRACE i.a.p.raft.roles.FollowerRole - RaftServer{2}{role=FOLLOWER} - Received AppendRequest{term=1, leader=1, prevLogIndex=7, prevLogTerm=1, entries=0, commitIndex=7}
11:35:37.236 [raft-server-2] TRACE i.a.p.raft.roles.FollowerRole - RaftServer{2}{role=FOLLOWER} - Sending AppendResponse{status=OK, term=1, succeeded=true, lastLogIndex=7}
11:35:37.236 [raft-server-1] TRACE i.a.p.raft.roles.LeaderAppender - RaftServer{1} - Received AppendResponse{status=OK, term=1, succeeded=true, lastLogIndex=7} from 2
11:35:37.248 [raft-client-e93f55c3-5bda-4e64-bf5f-fc9c79dd4249-3] TRACE i.a.p.r.proxy.impl.RaftProxyManager - RaftClient{e93f55c3-5bda-4e64-bf5f-fc9c79dd4249} - Keeping 1 sessions alive
11:35:37.248 [raft-client-e93f55c3-5bda-4e64-bf5f-fc9c79dd4249-3] TRACE i.a.p.r.p.impl.RaftProxyConnection - RaftClient{e93f55c3-5bda-4e64-bf5f-fc9c79dd4249} - Sending KeepAliveRequest{sessionIds=long[]{length=1, hash=33}, commandSequences=long[]{length=1, hash=31}, eventIndexes=long[]{length=1, hash=33}} to 1
11:35:37.248 [raft-server-1] TRACE i.a.protocols.raft.roles.LeaderRole - RaftServer{1}{role=LEADER} - Received KeepAliveRequest{sessionIds=long[]{length=1, hash=33}, commandSequences=long[]{length=1, hash=31}, eventIndexes=long[]{length=1, hash=33}}
11:35:37.248 [raft-server-1] TRACE i.a.protocols.raft.roles.LeaderRole - RaftServer{1}{role=LEADER} - Appended Indexed{index=8, entry=KeepAliveEntry{term=1, timestamp=2018-06-05 11:35:37,248, sessionIds=long[]{length=1, hash=33}, commandSequences=long[]{length=1, hash=31}, eventIndexes=long[]{length=1, hash=33}}}
11:35:37.248 [raft-server-1] TRACE i.a.p.raft.roles.LeaderAppender - RaftServer{1} - Sending AppendRequest{term=1, leader=1, prevLogIndex=7, prevLogTerm=1, entries=1, commitIndex=7} to 2
11:35:37.248 [raft-server-2] TRACE i.a.p.raft.roles.FollowerRole - RaftServer{2}{role=FOLLOWER} - Received AppendRequest{term=1, leader=1, prevLogIndex=7, prevLogTerm=1, entries=1, commitIndex=7}
11:35:37.248 [raft-server-2] TRACE i.a.p.raft.roles.FollowerRole - RaftServer{2}{role=FOLLOWER} - Appended Indexed{index=8, entry=KeepAliveEntry{term=1, timestamp=2018-06-05 11:35:37,248, sessionIds=long[]{length=1, hash=33}, commandSequences=long[]{length=1, hash=31}, eventIndexes=long[]{length=1, hash=33}}}
11:35:37.248 [raft-server-2] TRACE i.a.p.raft.roles.FollowerRole - RaftServer{2}{role=FOLLOWER} - Sending AppendResponse{status=OK, term=1, succeeded=true, lastLogIndex=8}
11:35:37.248 [raft-server-1] TRACE i.a.p.raft.roles.LeaderAppender - RaftServer{1} - Received AppendResponse{status=OK, term=1, succeeded=true, lastLogIndex=8} from 2
11:35:37.248 [raft-server-1] TRACE i.a.p.raft.roles.LeaderAppender - RaftServer{1} - Committed entries up to 8
11:35:37.273 [raft-server-1-state] TRACE i.a.p.raft.impl.RaftServiceManager - RaftServer{1} - Applying Indexed{index=8, entry=KeepAliveEntry{term=1, timestamp=2018-06-05 11:35:37,248, sessionIds=long[]{length=1, hash=33}, commandSequences=long[]{length=1, hash=31}, eventIndexes=long[]{length=1, hash=33}}}
11:35:37.274 [raft-server-1] TRACE i.a.protocols.raft.roles.LeaderRole - RaftServer{1}{role=LEADER} - Sending KeepAliveResponse{status=OK, leader=1, members=[1, 2], sessionIds=long[]{length=1, hash=33}}
11:35:37.274 [raft-client-e93f55c3-5bda-4e64-bf5f-fc9c79dd4249-2] TRACE i.a.p.r.p.impl.RaftProxyConnection - RaftClient{e93f55c3-5bda-4e64-bf5f-fc9c79dd4249} - Received KeepAliveResponse{status=OK, leader=1, members=[1, 2], sessionIds=long[]{length=1, hash=33}} from 1
11:35:37.485 [raft-server-1] TRACE i.a.p.raft.roles.LeaderAppender - RaftServer{1} - Sending AppendRequest{term=1, leader=1, prevLogIndex=8, prevLogTerm=1, entries=0, commitIndex=8} to 2
11:35:37.485 [raft-server-2] TRACE i.a.p.raft.roles.FollowerRole - RaftServer{2}{role=FOLLOWER} - Received AppendRequest{term=1, leader=1, prevLogIndex=8, prevLogTerm=1, entries=0, commitIndex=8}
11:35:37.516 [raft-server-2] TRACE i.a.p.raft.roles.FollowerRole - RaftServer{2}{role=FOLLOWER} - Committed entries up to index 8
11:35:37.516 [raft-server-2] TRACE i.a.p.raft.roles.FollowerRole - RaftServer{2}{role=FOLLOWER} - Sending AppendResponse{status=OK, term=1, succeeded=true, lastLogIndex=8}
11:35:37.516 [raft-server-1] TRACE i.a.p.raft.roles.LeaderAppender - RaftServer{1} - Received AppendResponse{status=OK, term=1, succeeded=true, lastLogIndex=8} from 2
11:35:37.516 [raft-server-2-state] TRACE i.a.p.raft.impl.RaftServiceManager - RaftServer{2} - Applying Indexed{index=8, entry=KeepAliveEntry{term=1, timestamp=2018-06-05 11:35:37,248, sessionIds=long[]{length=1, hash=33}, commandSequences=long[]{length=1, hash=31}, eventIndexes=long[]{length=1, hash=33}}}
11:35:37.516 [raft-server-1] TRACE i.a.p.raft.roles.LeaderAppender - RaftServer{1} - Sending AppendRequest{term=1, leader=1, prevLogIndex=8, prevLogTerm=1, entries=0, commitIndex=8} to 2
11:35:37.516 [raft-server-2] TRACE i.a.p.raft.roles.FollowerRole - RaftServer{2}{role=FOLLOWER} - Received AppendRequest{term=1, leader=1, prevLogIndex=8, prevLogTerm=1, entries=0, commitIndex=8}
11:35:37.516 [raft-server-2] TRACE i.a.p.raft.roles.FollowerRole - RaftServer{2}{role=FOLLOWER} - Sending AppendResponse{status=OK, term=1, succeeded=true, lastLogIndex=8}
11:35:37.516 [raft-server-1] TRACE i.a.p.raft.roles.LeaderAppender - RaftServer{1} - Received AppendResponse{status=OK, term=1, succeeded=true, lastLogIndex=8} from 2
11:35:37.735 [raft-server-1] TRACE i.a.p.raft.roles.LeaderAppender - RaftServer{1} - Sending AppendRequest{term=1, leader=1, prevLogIndex=8, prevLogTerm=1, entries=0, commitIndex=8} to 2
11:35:37.735 [raft-server-2] TRACE i.a.p.raft.roles.FollowerRole - RaftServer{2}{role=FOLLOWER} - Received AppendRequest{term=1, leader=1, prevLogIndex=8, prevLogTerm=1, entries=0, commitIndex=8}
11:35:37.735 [raft-server-2] TRACE i.a.p.raft.roles.FollowerRole - RaftServer{2}{role=FOLLOWER} - Sending AppendResponse{status=OK, term=1, succeeded=true, lastLogIndex=8}
11:35:37.735 [raft-server-1] TRACE i.a.p.raft.roles.LeaderAppender - RaftServer{1} - Received AppendResponse{status=OK, term=1, succeeded=true, lastLogIndex=8} from 2
11:35:37.735 [raft-server-1] TRACE i.a.p.raft.roles.LeaderAppender - RaftServer{1} - Sending AppendRequest{term=1, leader=1, prevLogIndex=8, prevLogTerm=1, entries=0, commitIndex=8} to 2
11:35:37.735 [raft-server-2] TRACE i.a.p.raft.roles.FollowerRole - RaftServer{2}{role=FOLLOWER} - Received AppendRequest{term=1, leader=1, prevLogIndex=8, prevLogTerm=1, entries=0, commitIndex=8}
11:35:37.735 [raft-server-2] TRACE i.a.p.raft.roles.FollowerRole - RaftServer{2}{role=FOLLOWER} - Sending AppendResponse{status=OK, term=1, succeeded=true, lastLogIndex=8}
11:35:37.735 [raft-server-1] TRACE i.a.p.raft.roles.LeaderAppender - RaftServer{1} - Received AppendResponse{status=OK, term=1, succeeded=true, lastLogIndex=8} from 2
11:35:37.735 [raft-server-1] TRACE i.a.p.raft.roles.LeaderAppender - RaftServer{1} - Sending AppendRequest{term=1, leader=1, prevLogIndex=8, prevLogTerm=1, entries=0, commitIndex=8} to 2
11:35:37.735 [raft-server-2] TRACE i.a.p.raft.roles.FollowerRole - RaftServer{2}{role=FOLLOWER} - Received AppendRequest{term=1, leader=1, prevLogIndex=8, prevLogTerm=1, entries=0, commitIndex=8}
11:35:37.735 [raft-server-2] TRACE i.a.p.raft.roles.FollowerRole - RaftServer{2}{role=FOLLOWER} - Sending AppendResponse{status=OK, term=1, succeeded=true, lastLogIndex=8}
11:35:37.735 [raft-server-1] TRACE i.a.p.raft.roles.LeaderAppender - RaftServer{1} - Received AppendResponse{status=OK, term=1, succeeded=true, lastLogIndex=8} from 2
11:35:37.735 [raft-server-1] TRACE i.a.p.raft.roles.LeaderAppender - RaftServer{1} - Sending AppendRequest{term=1, leader=1, prevLogIndex=8, prevLogTerm=1, entries=0, commitIndex=8} to 2
11:35:37.735 [raft-server-2] TRACE i.a.p.raft.roles.FollowerRole - RaftServer{2}{role=FOLLOWER} - Received AppendRequest{term=1, leader=1, prevLogIndex=8, prevLogTerm=1, entries=0, commitIndex=8}
11:35:37.735 [raft-server-2] TRACE i.a.p.raft.roles.FollowerRole - RaftServer{2}{role=FOLLOWER} - Sending AppendResponse{status=OK, term=1, succeeded=true, lastLogIndex=8}
11:35:37.735 [raft-server-1] TRACE i.a.p.raft.roles.LeaderAppender - RaftServer{1} - Received AppendResponse{status=OK, term=1, succeeded=true, lastLogIndex=8} from 2
11:35:37.736 [raft-server-1] TRACE i.a.p.raft.roles.LeaderAppender - RaftServer{1} - Sending AppendRequest{term=1, leader=1, prevLogIndex=8, prevLogTerm=1, entries=0, commitIndex=8} to 2
11:35:37.736 [raft-server-2] TRACE i.a.p.raft.roles.FollowerRole - RaftServer{2}{role=FOLLOWER} - Received AppendRequest{term=1, leader=1, prevLogIndex=8, prevLogTerm=1, entries=0, commitIndex=8}
11:35:37.736 [raft-server-2] TRACE i.a.p.raft.roles.FollowerRole - RaftServer{2}{role=FOLLOWER} - Sending AppendResponse{status=OK, term=1, succeeded=true, lastLogIndex=8}
11:35:37.736 [raft-server-1] TRACE i.a.p.raft.roles.LeaderAppender - RaftServer{1} - Received AppendResponse{status=OK, term=1, succeeded=true, lastLogIndex=8} from 2
11:35:37.985 [raft-server-1] TRACE i.a.p.raft.roles.LeaderAppender - RaftServer{1} - Sending AppendRequest{term=1, leader=1, prevLogIndex=8, prevLogTerm=1, entries=0, commitIndex=8} to 2
11:35:37.985 [raft-server-2] TRACE i.a.p.raft.roles.FollowerRole - RaftServer{2}{role=FOLLOWER} - Received AppendRequest{term=1, leader=1, prevLogIndex=8, prevLogTerm=1, entries=0, commitIndex=8}
11:35:37.985 [raft-server-2] TRACE i.a.p.raft.roles.FollowerRole - RaftServer{2}{role=FOLLOWER} - Sending AppendResponse{status=OK, term=1, succeeded=true, lastLogIndex=8}
11:35:37.985 [raft-server-1] TRACE i.a.p.raft.roles.LeaderAppender - RaftServer{1} - Received AppendResponse{status=OK, term=1, succeeded=true, lastLogIndex=8} from 2
11:35:37.985 [raft-server-1] TRACE i.a.p.raft.roles.LeaderAppender - RaftServer{1} - Sending AppendRequest{term=1, leader=1, prevLogIndex=8, prevLogTerm=1, entries=0, commitIndex=8} to 2
11:35:37.985 [raft-server-2] TRACE i.a.p.raft.roles.FollowerRole - RaftServer{2}{role=FOLLOWER} - Received AppendRequest{term=1, leader=1, prevLogIndex=8, prevLogTerm=1, entries=0, commitIndex=8}
11:35:37.985 [raft-server-2] TRACE i.a.p.raft.roles.FollowerRole - RaftServer{2}{role=FOLLOWER} - Sending AppendResponse{status=OK, term=1, succeeded=true, lastLogIndex=8}
11:35:37.985 [raft-server-1] TRACE i.a.p.raft.roles.LeaderAppender - RaftServer{1} - Received AppendResponse{status=OK, term=1, succeeded=true, lastLogIndex=8} from 2
11:35:37.985 [raft-server-1] TRACE i.a.p.raft.roles.LeaderAppender - RaftServer{1} - Sending AppendRequest{term=1, leader=1, prevLogIndex=8, prevLogTerm=1, entries=0, commitIndex=8} to 2
11:35:37.985 [raft-server-2] TRACE i.a.p.raft.roles.FollowerRole - RaftServer{2}{role=FOLLOWER} - Received AppendRequest{term=1, leader=1, prevLogIndex=8, prevLogTerm=1, entries=0, commitIndex=8}
11:35:37.985 [raft-server-2] TRACE i.a.p.raft.roles.FollowerRole - RaftServer{2}{role=FOLLOWER} - Sending AppendResponse{status=OK, term=1, succeeded=true, lastLogIndex=8}
11:35:37.985 [raft-server-1] TRACE i.a.p.raft.roles.LeaderAppender - RaftServer{1} - Received AppendResponse{status=OK, term=1, succeeded=true, lastLogIndex=8} from 2
11:35:37.985 [raft-server-1] TRACE i.a.p.raft.roles.LeaderAppender - RaftServer{1} - Sending AppendRequest{term=1, leader=1, prevLogIndex=8, prevLogTerm=1, entries=0, commitIndex=8} to 2
11:35:37.985 [raft-server-2] TRACE i.a.p.raft.roles.FollowerRole - RaftServer{2}{role=FOLLOWER} - Received AppendRequest{term=1, leader=1, prevLogIndex=8, prevLogTerm=1, entries=0, commitIndex=8}
11:35:37.985 [raft-server-2] TRACE i.a.p.raft.roles.FollowerRole - RaftServer{2}{role=FOLLOWER} - Sending AppendResponse{status=OK, term=1, succeeded=true, lastLogIndex=8}
11:35:37.986 [raft-server-1] TRACE i.a.p.raft.roles.LeaderAppender - RaftServer{1} - Received AppendResponse{status=OK, term=1, succeeded=true, lastLogIndex=8} from 2
11:35:37.986 [raft-server-1] TRACE i.a.p.raft.roles.LeaderAppender - RaftServer{1} - Sending AppendRequest{term=1, leader=1, prevLogIndex=8, prevLogTerm=1, entries=0, commitIndex=8} to 2
11:35:37.986 [raft-server-2] TRACE i.a.p.raft.roles.FollowerRole - RaftServer{2}{role=FOLLOWER} - Received AppendRequest{term=1, leader=1, prevLogIndex=8, prevLogTerm=1, entries=0, commitIndex=8}
11:35:37.986 [raft-server-2] TRACE i.a.p.raft.roles.FollowerRole - RaftServer{2}{role=FOLLOWER} - Sending AppendResponse{status=OK, term=1, succeeded=true, lastLogIndex=8}
11:35:37.986 [raft-server-1] TRACE i.a.p.raft.roles.LeaderAppender - RaftServer{1} - Received AppendResponse{status=OK, term=1, succeeded=true, lastLogIndex=8} from 2
11:35:38.235 [raft-server-1] TRACE i.a.p.raft.roles.LeaderAppender - RaftServer{1} - Sending AppendRequest{term=1, leader=1, prevLogIndex=8, prevLogTerm=1, entries=0, commitIndex=8} to 2
11:35:38.235 [raft-server-2] TRACE i.a.p.raft.roles.FollowerRole - RaftServer{2}{role=FOLLOWER} - Received AppendRequest{term=1, leader=1, prevLogIndex=8, prevLogTerm=1, entries=0, commitIndex=8}
11:35:38.235 [raft-server-2] TRACE i.a.p.raft.roles.FollowerRole - RaftServer{2}{role=FOLLOWER} - Sending AppendResponse{status=OK, term=1, succeeded=true, lastLogIndex=8}
11:35:38.235 [raft-server-1] TRACE i.a.p.raft.roles.LeaderAppender - RaftServer{1} - Received AppendResponse{status=OK, term=1, succeeded=true, lastLogIndex=8} from 2
11:35:38.235 [raft-server-1] TRACE i.a.p.raft.roles.LeaderAppender - RaftServer{1} - Sending AppendRequest{term=1, leader=1, prevLogIndex=8, prevLogTerm=1, entries=0, commitIndex=8} to 2
11:35:38.235 [raft-server-2] TRACE i.a.p.raft.roles.FollowerRole - RaftServer{2}{role=FOLLOWER} - Received AppendRequest{term=1, leader=1, prevLogIndex=8, prevLogTerm=1, entries=0, commitIndex=8}
11:35:38.235 [raft-server-2] TRACE i.a.p.raft.roles.FollowerRole - RaftServer{2}{role=FOLLOWER} - Sending AppendResponse{status=OK, term=1, succeeded=true, lastLogIndex=8}
11:35:38.235 [raft-server-1] TRACE i.a.p.raft.roles.LeaderAppender - RaftServer{1} - Received AppendResponse{status=OK, term=1, succeeded=true, lastLogIndex=8} from 2
11:35:38.235 [raft-server-1] TRACE i.a.p.raft.roles.LeaderAppender - RaftServer{1} - Sending AppendRequest{term=1, leader=1, prevLogIndex=8, prevLogTerm=1, entries=0, commitIndex=8} to 2
11:35:38.235 [raft-server-2] TRACE i.a.p.raft.roles.FollowerRole - RaftServer{2}{role=FOLLOWER} - Received AppendRequest{term=1, leader=1, prevLogIndex=8, prevLogTerm=1, entries=0, commitIndex=8}
11:35:38.235 [raft-server-2] TRACE i.a.p.raft.roles.FollowerRole - RaftServer{2}{role=FOLLOWER} - Sending AppendResponse{status=OK, term=1, succeeded=true, lastLogIndex=8}
11:35:38.235 [raft-server-1] TRACE i.a.p.raft.roles.LeaderAppender - RaftServer{1} - Received AppendResponse{status=OK, term=1, succeeded=true, lastLogIndex=8} from 2
11:35:38.235 [raft-server-1] TRACE i.a.p.raft.roles.LeaderAppender - RaftServer{1} - Sending AppendRequest{term=1, leader=1, prevLogIndex=8, prevLogTerm=1, entries=0, commitIndex=8} to 2
11:35:38.236 [raft-server-2] TRACE i.a.p.raft.roles.FollowerRole - RaftServer{2}{role=FOLLOWER} - Received AppendRequest{term=1, leader=1, prevLogIndex=8, prevLogTerm=1, entries=0, commitIndex=8}
11:35:38.236 [raft-server-2] TRACE i.a.p.raft.roles.FollowerRole - RaftServer{2}{role=FOLLOWER} - Sending AppendResponse{status=OK, term=1, succeeded=true, lastLogIndex=8}
11:35:38.236 [raft-server-1] TRACE i.a.p.raft.roles.LeaderAppender - RaftServer{1} - Received AppendResponse{status=OK, term=1, succeeded=true, lastLogIndex=8} from 2
11:35:38.236 [raft-server-1] TRACE i.a.p.raft.roles.LeaderAppender - RaftServer{1} - Sending AppendRequest{term=1, leader=1, prevLogIndex=8, prevLogTerm=1, entries=0, commitIndex=8} to 2
11:35:38.236 [raft-server-2] TRACE i.a.p.raft.roles.FollowerRole - RaftServer{2}{role=FOLLOWER} - Received AppendRequest{term=1, leader=1, prevLogIndex=8, prevLogTerm=1, entries=0, commitIndex=8}
11:35:38.236 [raft-server-2] TRACE i.a.p.raft.roles.FollowerRole - RaftServer{2}{role=FOLLOWER} - Sending AppendResponse{status=OK, term=1, succeeded=true, lastLogIndex=8}
11:35:38.236 [raft-server-1] TRACE i.a.p.raft.roles.LeaderAppender - RaftServer{1} - Received AppendResponse{status=OK, term=1, succeeded=true, lastLogIndex=8} from 2
11:35:38.485 [raft-server-1] TRACE i.a.p.raft.roles.LeaderAppender - RaftServer{1} - Sending AppendRequest{term=1, leader=1, prevLogIndex=8, prevLogTerm=1, entries=0, commitIndex=8} to 2
11:35:38.485 [raft-server-2] TRACE i.a.p.raft.roles.FollowerRole - RaftServer{2}{role=FOLLOWER} - Received AppendRequest{term=1, leader=1, prevLogIndex=8, prevLogTerm=1, entries=0, commitIndex=8}
11:35:38.485 [raft-server-2] TRACE i.a.p.raft.roles.FollowerRole - RaftServer{2}{role=FOLLOWER} - Sending AppendResponse{status=OK, term=1, succeeded=true, lastLogIndex=8}
11:35:38.485 [raft-server-1] TRACE i.a.p.raft.roles.LeaderAppender - RaftServer{1} - Received AppendResponse{status=OK, term=1, succeeded=true, lastLogIndex=8} from 2
11:35:38.485 [raft-server-1] TRACE i.a.p.raft.roles.LeaderAppender - RaftServer{1} - Sending AppendRequest{term=1, leader=1, prevLogIndex=8, prevLogTerm=1, entries=0, commitIndex=8} to 2
11:35:38.485 [raft-server-2] TRACE i.a.p.raft.roles.FollowerRole - RaftServer{2}{role=FOLLOWER} - Received AppendRequest{term=1, leader=1, prevLogIndex=8, prevLogTerm=1, entries=0, commitIndex=8}
11:35:38.485 [raft-server-2] TRACE i.a.p.raft.roles.FollowerRole - RaftServer{2}{role=FOLLOWER} - Sending AppendResponse{status=OK, term=1, succeeded=true, lastLogIndex=8}
11:35:38.485 [raft-server-1] TRACE i.a.p.raft.roles.LeaderAppender - RaftServer{1} - Received AppendResponse{status=OK, term=1, succeeded=true, lastLogIndex=8} from 2
11:35:38.485 [raft-server-1] TRACE i.a.p.raft.roles.LeaderAppender - RaftServer{1} - Sending AppendRequest{term=1, leader=1, prevLogIndex=8, prevLogTerm=1, entries=0, commitIndex=8} to 2
11:35:38.485 [raft-server-2] TRACE i.a.p.raft.roles.FollowerRole - RaftServer{2}{role=FOLLOWER} - Received AppendRequest{term=1, leader=1, prevLogIndex=8, prevLogTerm=1, entries=0, commitIndex=8}
11:35:38.485 [raft-server-2] TRACE i.a.p.raft.roles.FollowerRole - RaftServer{2}{role=FOLLOWER} - Sending AppendResponse{status=OK, term=1, succeeded=true, lastLogIndex=8}
11:35:38.485 [raft-server-1] TRACE i.a.p.raft.roles.LeaderAppender - RaftServer{1} - Received AppendResponse{status=OK, term=1, succeeded=true, lastLogIndex=8} from 2
11:35:38.485 [raft-server-1] TRACE i.a.p.raft.roles.LeaderAppender - RaftServer{1} - Sending AppendRequest{term=1, leader=1, prevLogIndex=8, prevLogTerm=1, entries=0, commitIndex=8} to 2
11:35:38.485 [raft-server-2] TRACE i.a.p.raft.roles.FollowerRole - RaftServer{2}{role=FOLLOWER} - Received AppendRequest{term=1, leader=1, prevLogIndex=8, prevLogTerm=1, entries=0, commitIndex=8}
11:35:38.485 [raft-server-2] TRACE i.a.p.raft.roles.FollowerRole - RaftServer{2}{role=FOLLOWER} - Sending AppendResponse{status=OK, term=1, succeeded=true, lastLogIndex=8}
11:35:38.486 [raft-server-1] TRACE i.a.p.raft.roles.LeaderAppender - RaftServer{1} - Received AppendResponse{status=OK, term=1, succeeded=true, lastLogIndex=8} from 2
11:35:38.486 [raft-server-1] TRACE i.a.p.raft.roles.LeaderAppender - RaftServer{1} - Sending AppendRequest{term=1, leader=1, prevLogIndex=8, prevLogTerm=1, entries=0, commitIndex=8} to 2
11:35:38.486 [raft-server-2] TRACE i.a.p.raft.roles.FollowerRole - RaftServer{2}{role=FOLLOWER} - Received AppendRequest{term=1, leader=1, prevLogIndex=8, prevLogTerm=1, entries=0, commitIndex=8}
11:35:38.486 [raft-server-2] TRACE i.a.p.raft.roles.FollowerRole - RaftServer{2}{role=FOLLOWER} - Sending AppendResponse{status=OK, term=1, succeeded=true, lastLogIndex=8}
11:35:38.486 [raft-server-1] TRACE i.a.p.raft.roles.LeaderAppender - RaftServer{1} - Received AppendResponse{status=OK, term=1, succeeded=true, lastLogIndex=8} from 2
11:35:38.735 [raft-server-1] TRACE i.a.p.raft.roles.LeaderAppender - RaftServer{1} - Sending AppendRequest{term=1, leader=1, prevLogIndex=8, prevLogTerm=1, entries=0, commitIndex=8} to 2
11:35:38.735 [raft-server-2] TRACE i.a.p.raft.roles.FollowerRole - RaftServer{2}{role=FOLLOWER} - Received AppendRequest{term=1, leader=1, prevLogIndex=8, prevLogTerm=1, entries=0, commitIndex=8}
11:35:38.735 [raft-server-2] TRACE i.a.p.raft.roles.FollowerRole - RaftServer{2}{role=FOLLOWER} - Sending AppendResponse{status=OK, term=1, succeeded=true, lastLogIndex=8}
11:35:38.735 [raft-server-1] TRACE i.a.p.raft.roles.LeaderAppender - RaftServer{1} - Received AppendResponse{status=OK, term=1, succeeded=true, lastLogIndex=8} from 2
11:35:38.735 [raft-server-1] TRACE i.a.p.raft.roles.LeaderAppender - RaftServer{1} - Sending AppendRequest{term=1, leader=1, prevLogIndex=8, prevLogTerm=1, entries=0, commitIndex=8} to 2
11:35:38.735 [raft-server-2] TRACE i.a.p.raft.roles.FollowerRole - RaftServer{2}{role=FOLLOWER} - Received AppendRequest{term=1, leader=1, prevLogIndex=8, prevLogTerm=1, entries=0, commitIndex=8}
11:35:38.735 [raft-server-2] TRACE i.a.p.raft.roles.FollowerRole - RaftServer{2}{role=FOLLOWER} - Sending AppendResponse{status=OK, term=1, succeeded=true, lastLogIndex=8}
11:35:38.735 [raft-server-1] TRACE i.a.p.raft.roles.LeaderAppender - RaftServer{1} - Received AppendResponse{status=OK, term=1, succeeded=true, lastLogIndex=8} from 2
11:35:38.735 [raft-server-1] TRACE i.a.p.raft.roles.LeaderAppender - RaftServer{1} - Sending AppendRequest{term=1, leader=1, prevLogIndex=8, prevLogTerm=1, entries=0, commitIndex=8} to 2
11:35:38.735 [raft-server-2] TRACE i.a.p.raft.roles.FollowerRole - RaftServer{2}{role=FOLLOWER} - Received AppendRequest{term=1, leader=1, prevLogIndex=8, prevLogTerm=1, entries=0, commitIndex=8}
11:35:38.735 [raft-server-2] TRACE i.a.p.raft.roles.FollowerRole - RaftServer{2}{role=FOLLOWER} - Sending AppendResponse{status=OK, term=1, succeeded=true, lastLogIndex=8}
11:35:38.735 [raft-server-1] TRACE i.a.p.raft.roles.LeaderAppender - RaftServer{1} - Received AppendResponse{status=OK, term=1, succeeded=true, lastLogIndex=8} from 2
11:35:38.735 [raft-server-1] TRACE i.a.p.raft.roles.LeaderAppender - RaftServer{1} - Sending AppendRequest{term=1, leader=1, prevLogIndex=8, prevLogTerm=1, entries=0, commitIndex=8} to 2
11:35:38.735 [raft-server-2] TRACE i.a.p.raft.roles.FollowerRole - RaftServer{2}{role=FOLLOWER} - Received AppendRequest{term=1, leader=1, prevLogIndex=8, prevLogTerm=1, entries=0, commitIndex=8}
11:35:38.735 [raft-server-2] TRACE i.a.p.raft.roles.FollowerRole - RaftServer{2}{role=FOLLOWER} - Sending AppendResponse{status=OK, term=1, succeeded=true, lastLogIndex=8}
11:35:38.736 [raft-server-1] TRACE i.a.p.raft.roles.LeaderAppender - RaftServer{1} - Received AppendResponse{status=OK, term=1, succeeded=true, lastLogIndex=8} from 2
11:35:38.736 [raft-server-1] TRACE i.a.p.raft.roles.LeaderAppender - RaftServer{1} - Sending AppendRequest{term=1, leader=1, prevLogIndex=8, prevLogTerm=1, entries=0, commitIndex=8} to 2
11:35:38.736 [raft-server-2] TRACE i.a.p.raft.roles.FollowerRole - RaftServer{2}{role=FOLLOWER} - Received AppendRequest{term=1, leader=1, prevLogIndex=8, prevLogTerm=1, entries=0, commitIndex=8}
11:35:38.736 [raft-server-2] TRACE i.a.p.raft.roles.FollowerRole - RaftServer{2}{role=FOLLOWER} - Sending AppendResponse{status=OK, term=1, succeeded=true, lastLogIndex=8}
11:35:38.736 [raft-server-1] TRACE i.a.p.raft.roles.LeaderAppender - RaftServer{1} - Received AppendResponse{status=OK, term=1, succeeded=true, lastLogIndex=8} from 2
11:35:38.985 [raft-server-1] TRACE i.a.p.raft.roles.LeaderAppender - RaftServer{1} - Sending AppendRequest{term=1, leader=1, prevLogIndex=8, prevLogTerm=1, entries=0, commitIndex=8} to 2
11:35:38.985 [raft-server-2] TRACE i.a.p.raft.roles.FollowerRole - RaftServer{2}{role=FOLLOWER} - Received AppendRequest{term=1, leader=1, prevLogIndex=8, prevLogTerm=1, entries=0, commitIndex=8}
11:35:38.985 [raft-server-2] TRACE i.a.p.raft.roles.FollowerRole - RaftServer{2}{role=FOLLOWER} - Sending AppendResponse{status=OK, term=1, succeeded=true, lastLogIndex=8}
11:35:38.985 [raft-server-1] TRACE i.a.p.raft.roles.LeaderAppender - RaftServer{1} - Received AppendResponse{status=OK, term=1, succeeded=true, lastLogIndex=8} from 2
11:35:38.985 [raft-server-1] TRACE i.a.p.raft.roles.LeaderAppender - RaftServer{1} - Sending AppendRequest{term=1, leader=1, prevLogIndex=8, prevLogTerm=1, entries=0, commitIndex=8} to 2
11:35:38.985 [raft-server-2] TRACE i.a.p.raft.roles.FollowerRole - RaftServer{2}{role=FOLLOWER} - Received AppendRequest{term=1, leader=1, prevLogIndex=8, prevLogTerm=1, entries=0, commitIndex=8}
11:35:38.985 [raft-server-2] TRACE i.a.p.raft.roles.FollowerRole - RaftServer{2}{role=FOLLOWER} - Sending AppendResponse{status=OK, term=1, succeeded=true, lastLogIndex=8}
11:35:38.985 [raft-server-1] TRACE i.a.p.raft.roles.LeaderAppender - RaftServer{1} - Received AppendResponse{status=OK, term=1, succeeded=true, lastLogIndex=8} from 2
11:35:38.985 [raft-server-1] TRACE i.a.p.raft.roles.LeaderAppender - RaftServer{1} - Sending AppendRequest{term=1, leader=1, prevLogIndex=8, prevLogTerm=1, entries=0, commitIndex=8} to 2
11:35:38.985 [raft-server-2] TRACE i.a.p.raft.roles.FollowerRole - RaftServer{2}{role=FOLLOWER} - Received AppendRequest{term=1, leader=1, prevLogIndex=8, prevLogTerm=1, entries=0, commitIndex=8}
11:35:38.985 [raft-server-2] TRACE i.a.p.raft.roles.FollowerRole - RaftServer{2}{role=FOLLOWER} - Sending AppendResponse{status=OK, term=1, succeeded=true, lastLogIndex=8}
11:35:38.985 [raft-server-1] TRACE i.a.p.raft.roles.LeaderAppender - RaftServer{1} - Received AppendResponse{status=OK, term=1, succeeded=true, lastLogIndex=8} from 2
11:35:38.986 [raft-server-1] TRACE i.a.p.raft.roles.LeaderAppender - RaftServer{1} - Sending AppendRequest{term=1, leader=1, prevLogIndex=8, prevLogTerm=1, entries=0, commitIndex=8} to 2
11:35:38.986 [raft-server-2] TRACE i.a.p.raft.roles.FollowerRole - RaftServer{2}{role=FOLLOWER} - Received AppendRequest{term=1, leader=1, prevLogIndex=8, prevLogTerm=1, entries=0, commitIndex=8}
11:35:38.986 [raft-server-2] TRACE i.a.p.raft.roles.FollowerRole - RaftServer{2}{role=FOLLOWER} - Sending AppendResponse{status=OK, term=1, succeeded=true, lastLogIndex=8}
11:35:38.986 [raft-server-1] TRACE i.a.p.raft.roles.LeaderAppender - RaftServer{1} - Received AppendResponse{status=OK, term=1, succeeded=true, lastLogIndex=8} from 2
11:35:39.235 [raft-server-1] TRACE i.a.p.raft.roles.LeaderAppender - RaftServer{1} - Sending AppendRequest{term=1, leader=1, prevLogIndex=8, prevLogTerm=1, entries=0, commitIndex=8} to 2
11:35:39.235 [raft-server-2] TRACE i.a.p.raft.roles.FollowerRole - RaftServer{2}{role=FOLLOWER} - Received AppendRequest{term=1, leader=1, prevLogIndex=8, prevLogTerm=1, entries=0, commitIndex=8}
11:35:39.235 [raft-server-2] TRACE i.a.p.raft.roles.FollowerRole - RaftServer{2}{role=FOLLOWER} - Sending AppendResponse{status=OK, term=1, succeeded=true, lastLogIndex=8}
11:35:39.235 [raft-server-1] TRACE i.a.p.raft.roles.LeaderAppender - RaftServer{1} - Received AppendResponse{status=OK, term=1, succeeded=true, lastLogIndex=8} from 2
11:35:39.235 [raft-server-1] TRACE i.a.p.raft.roles.LeaderAppender - RaftServer{1} - Sending AppendRequest{term=1, leader=1, prevLogIndex=8, prevLogTerm=1, entries=0, commitIndex=8} to 2
11:35:39.235 [raft-server-2] TRACE i.a.p.raft.roles.FollowerRole - RaftServer{2}{role=FOLLOWER} - Received AppendRequest{term=1, leader=1, prevLogIndex=8, prevLogTerm=1, entries=0, commitIndex=8}
11:35:39.235 [raft-server-2] TRACE i.a.p.raft.roles.FollowerRole - RaftServer{2}{role=FOLLOWER} - Sending AppendResponse{status=OK, term=1, succeeded=true, lastLogIndex=8}
11:35:39.235 [raft-server-1] TRACE i.a.p.raft.roles.LeaderAppender - RaftServer{1} - Received AppendResponse{status=OK, term=1, succeeded=true, lastLogIndex=8} from 2
11:35:39.236 [raft-server-1] TRACE i.a.p.raft.roles.LeaderAppender - RaftServer{1} - Sending AppendRequest{term=1, leader=1, prevLogIndex=8, prevLogTerm=1, entries=0, commitIndex=8} to 2
11:35:39.236 [raft-server-2] TRACE i.a.p.raft.roles.FollowerRole - RaftServer{2}{role=FOLLOWER} - Received AppendRequest{term=1, leader=1, prevLogIndex=8, prevLogTerm=1, entries=0, commitIndex=8}
11:35:39.236 [raft-server-2] TRACE i.a.p.raft.roles.FollowerRole - RaftServer{2}{role=FOLLOWER} - Sending AppendResponse{status=OK, term=1, succeeded=true, lastLogIndex=8}
11:35:39.236 [raft-server-1] TRACE i.a.p.raft.roles.LeaderAppender - RaftServer{1} - Received AppendResponse{status=OK, term=1, succeeded=true, lastLogIndex=8} from 2
11:35:39.485 [raft-server-1] TRACE i.a.p.raft.roles.LeaderAppender - RaftServer{1} - Sending AppendRequest{term=1, leader=1, prevLogIndex=8, prevLogTerm=1, entries=0, commitIndex=8} to 2
11:35:39.485 [raft-server-2] TRACE i.a.p.raft.roles.FollowerRole - RaftServer{2}{role=FOLLOWER} - Received AppendRequest{term=1, leader=1, prevLogIndex=8, prevLogTerm=1, entries=0, commitIndex=8}
11:35:39.485 [raft-server-2] TRACE i.a.p.raft.roles.FollowerRole - RaftServer{2}{role=FOLLOWER} - Sending AppendResponse{status=OK, term=1, succeeded=true, lastLogIndex=8}
11:35:39.485 [raft-server-1] TRACE i.a.p.raft.roles.LeaderAppender - RaftServer{1} - Received AppendResponse{status=OK, term=1, succeeded=true, lastLogIndex=8} from 2
11:35:39.485 [raft-server-1] TRACE i.a.p.raft.roles.LeaderAppender - RaftServer{1} - Sending AppendRequest{term=1, leader=1, prevLogIndex=8, prevLogTerm=1, entries=0, commitIndex=8} to 2
11:35:39.485 [raft-server-2] TRACE i.a.p.raft.roles.FollowerRole - RaftServer{2}{role=FOLLOWER} - Received AppendRequest{term=1, leader=1, prevLogIndex=8, prevLogTerm=1, entries=0, commitIndex=8}
11:35:39.485 [raft-server-2] TRACE i.a.p.raft.roles.FollowerRole - RaftServer{2}{role=FOLLOWER} - Sending AppendResponse{status=OK, term=1, succeeded=true, lastLogIndex=8}
11:35:39.485 [raft-server-1] TRACE i.a.p.raft.roles.LeaderAppender - RaftServer{1} - Received AppendResponse{status=OK, term=1, succeeded=true, lastLogIndex=8} from 2
11:35:39.485 [raft-server-1] TRACE i.a.p.raft.roles.LeaderAppender - RaftServer{1} - Sending AppendRequest{term=1, leader=1, prevLogIndex=8, prevLogTerm=1, entries=0, commitIndex=8} to 2
11:35:39.486 [raft-server-2] TRACE i.a.p.raft.roles.FollowerRole - RaftServer{2}{role=FOLLOWER} - Received AppendRequest{term=1, leader=1, prevLogIndex=8, prevLogTerm=1, entries=0, commitIndex=8}
11:35:39.486 [raft-server-2] TRACE i.a.p.raft.roles.FollowerRole - RaftServer{2}{role=FOLLOWER} - Sending AppendResponse{status=OK, term=1, succeeded=true, lastLogIndex=8}
11:35:39.486 [raft-server-1] TRACE i.a.p.raft.roles.LeaderAppender - RaftServer{1} - Received AppendResponse{status=OK, term=1, succeeded=true, lastLogIndex=8} from 2
11:35:39.486 [raft-server-1] TRACE i.a.p.raft.roles.LeaderAppender - RaftServer{1} - Sending AppendRequest{term=1, leader=1, prevLogIndex=8, prevLogTerm=1, entries=0, commitIndex=8} to 2
11:35:39.486 [raft-server-2] TRACE i.a.p.raft.roles.FollowerRole - RaftServer{2}{role=FOLLOWER} - Received AppendRequest{term=1, leader=1, prevLogIndex=8, prevLogTerm=1, entries=0, commitIndex=8}
11:35:39.486 [raft-server-2] TRACE i.a.p.raft.roles.FollowerRole - RaftServer{2}{role=FOLLOWER} - Sending AppendResponse{status=OK, term=1, succeeded=true, lastLogIndex=8}
11:35:39.486 [raft-server-1] TRACE i.a.p.raft.roles.LeaderAppender - RaftServer{1} - Received AppendResponse{status=OK, term=1, succeeded=true, lastLogIndex=8} from 2
11:35:39.735 [raft-server-1] TRACE i.a.p.raft.roles.LeaderAppender - RaftServer{1} - Sending AppendRequest{term=1, leader=1, prevLogIndex=8, prevLogTerm=1, entries=0, commitIndex=8} to 2
11:35:39.735 [raft-server-2] TRACE i.a.p.raft.roles.FollowerRole - RaftServer{2}{role=FOLLOWER} - Received AppendRequest{term=1, leader=1, prevLogIndex=8, prevLogTerm=1, entries=0, commitIndex=8}
11:35:39.735 [raft-server-2] TRACE i.a.p.raft.roles.FollowerRole - RaftServer{2}{role=FOLLOWER} - Sending AppendResponse{status=OK, term=1, succeeded=true, lastLogIndex=8}
11:35:39.735 [raft-server-1] TRACE i.a.p.raft.roles.LeaderAppender - RaftServer{1} - Received AppendResponse{status=OK, term=1, succeeded=true, lastLogIndex=8} from 2
11:35:39.735 [raft-server-1] TRACE i.a.p.raft.roles.LeaderAppender - RaftServer{1} - Sending AppendRequest{term=1, leader=1, prevLogIndex=8, prevLogTerm=1, entries=0, commitIndex=8} to 2
11:35:39.735 [raft-server-2] TRACE i.a.p.raft.roles.FollowerRole - RaftServer{2}{role=FOLLOWER} - Received AppendRequest{term=1, leader=1, prevLogIndex=8, prevLogTerm=1, entries=0, commitIndex=8}
11:35:39.735 [raft-server-2] TRACE i.a.p.raft.roles.FollowerRole - RaftServer{2}{role=FOLLOWER} - Sending AppendResponse{status=OK, term=1, succeeded=true, lastLogIndex=8}
11:35:39.735 [raft-server-1] TRACE i.a.p.raft.roles.LeaderAppender - RaftServer{1} - Received AppendResponse{status=OK, term=1, succeeded=true, lastLogIndex=8} from 2
11:35:39.735 [raft-server-1] TRACE i.a.p.raft.roles.LeaderAppender - RaftServer{1} - Sending AppendRequest{term=1, leader=1, prevLogIndex=8, prevLogTerm=1, entries=0, commitIndex=8} to 2
11:35:39.735 [raft-server-2] TRACE i.a.p.raft.roles.FollowerRole - RaftServer{2}{role=FOLLOWER} - Received AppendRequest{term=1, leader=1, prevLogIndex=8, prevLogTerm=1, entries=0, commitIndex=8}
11:35:39.735 [raft-server-2] TRACE i.a.p.raft.roles.FollowerRole - RaftServer{2}{role=FOLLOWER} - Sending AppendResponse{status=OK, term=1, succeeded=true, lastLogIndex=8}
11:35:39.735 [raft-server-1] TRACE i.a.p.raft.roles.LeaderAppender - RaftServer{1} - Received AppendResponse{status=OK, term=1, succeeded=true, lastLogIndex=8} from 2
11:35:39.736 [raft-server-1] TRACE i.a.p.raft.roles.LeaderAppender - RaftServer{1} - Sending AppendRequest{term=1, leader=1, prevLogIndex=8, prevLogTerm=1, entries=0, commitIndex=8} to 2
11:35:39.736 [raft-server-2] TRACE i.a.p.raft.roles.FollowerRole - RaftServer{2}{role=FOLLOWER} - Received AppendRequest{term=1, leader=1, prevLogIndex=8, prevLogTerm=1, entries=0, commitIndex=8}
11:35:39.736 [raft-server-2] TRACE i.a.p.raft.roles.FollowerRole - RaftServer{2}{role=FOLLOWER} - Sending AppendResponse{status=OK, term=1, succeeded=true, lastLogIndex=8}
11:35:39.736 [raft-server-1] TRACE i.a.p.raft.roles.LeaderAppender - RaftServer{1} - Received AppendResponse{status=OK, term=1, succeeded=true, lastLogIndex=8} from 2
11:35:39.748 [raft-client-e93f55c3-5bda-4e64-bf5f-fc9c79dd4249-2] TRACE i.a.p.r.proxy.impl.RaftProxyManager - RaftClient{e93f55c3-5bda-4e64-bf5f-fc9c79dd4249} - Keeping 1 sessions alive
11:35:39.748 [raft-client-e93f55c3-5bda-4e64-bf5f-fc9c79dd4249-2] TRACE i.a.p.r.p.impl.RaftProxyConnection - RaftClient{e93f55c3-5bda-4e64-bf5f-fc9c79dd4249} - Sending KeepAliveRequest{sessionIds=long[]{length=1, hash=33}, commandSequences=long[]{length=1, hash=31}, eventIndexes=long[]{length=1, hash=33}} to 1
11:35:39.748 [raft-server-1] TRACE i.a.protocols.raft.roles.LeaderRole - RaftServer{1}{role=LEADER} - Received KeepAliveRequest{sessionIds=long[]{length=1, hash=33}, commandSequences=long[]{length=1, hash=31}, eventIndexes=long[]{length=1, hash=33}}
11:35:39.748 [raft-server-1] TRACE i.a.protocols.raft.roles.LeaderRole - RaftServer{1}{role=LEADER} - Appended Indexed{index=9, entry=KeepAliveEntry{term=1, timestamp=2018-06-05 11:35:39,748, sessionIds=long[]{length=1, hash=33}, commandSequences=long[]{length=1, hash=31}, eventIndexes=long[]{length=1, hash=33}}}
11:35:39.749 [raft-server-1] TRACE i.a.p.raft.roles.LeaderAppender - RaftServer{1} - Sending AppendRequest{term=1, leader=1, prevLogIndex=8, prevLogTerm=1, entries=1, commitIndex=8} to 2
11:35:39.749 [raft-server-2] TRACE i.a.p.raft.roles.FollowerRole - RaftServer{2}{role=FOLLOWER} - Received AppendRequest{term=1, leader=1, prevLogIndex=8, prevLogTerm=1, entries=1, commitIndex=8}
11:35:39.749 [raft-server-2] TRACE i.a.p.raft.roles.FollowerRole - RaftServer{2}{role=FOLLOWER} - Appended Indexed{index=9, entry=KeepAliveEntry{term=1, timestamp=2018-06-05 11:35:39,748, sessionIds=long[]{length=1, hash=33}, commandSequences=long[]{length=1, hash=31}, eventIndexes=long[]{length=1, hash=33}}}
11:35:39.749 [raft-server-2] TRACE i.a.p.raft.roles.FollowerRole - RaftServer{2}{role=FOLLOWER} - Sending AppendResponse{status=OK, term=1, succeeded=true, lastLogIndex=9}
11:35:39.749 [raft-server-1] TRACE i.a.p.raft.roles.LeaderAppender - RaftServer{1} - Received AppendResponse{status=OK, term=1, succeeded=true, lastLogIndex=9} from 2
11:35:39.749 [raft-server-1] TRACE i.a.p.raft.roles.LeaderAppender - RaftServer{1} - Committed entries up to 9
11:35:39.782 [raft-server-1-state] TRACE i.a.p.raft.impl.RaftServiceManager - RaftServer{1} - Applying Indexed{index=9, entry=KeepAliveEntry{term=1, timestamp=2018-06-05 11:35:39,748, sessionIds=long[]{length=1, hash=33}, commandSequences=long[]{length=1, hash=31}, eventIndexes=long[]{length=1, hash=33}}}
11:35:39.782 [raft-server-1] TRACE i.a.protocols.raft.roles.LeaderRole - RaftServer{1}{role=LEADER} - Sending KeepAliveResponse{status=OK, leader=1, members=[1, 2], sessionIds=long[]{length=1, hash=33}}
11:35:39.782 [raft-client-e93f55c3-5bda-4e64-bf5f-fc9c79dd4249-7] TRACE i.a.p.r.p.impl.RaftProxyConnection - RaftClient{e93f55c3-5bda-4e64-bf5f-fc9c79dd4249} - Received KeepAliveResponse{status=OK, leader=1, members=[1, 2], sessionIds=long[]{length=1, hash=33}} from 1
11:35:39.985 [raft-server-1] TRACE i.a.p.raft.roles.LeaderAppender - RaftServer{1} - Sending AppendRequest{term=1, leader=1, prevLogIndex=9, prevLogTerm=1, entries=0, commitIndex=9} to 2
11:35:39.985 [raft-server-2] TRACE i.a.p.raft.roles.FollowerRole - RaftServer{2}{role=FOLLOWER} - Received AppendRequest{term=1, leader=1, prevLogIndex=9, prevLogTerm=1, entries=0, commitIndex=9}
11:35:40.024 [raft-server-2] TRACE i.a.p.raft.roles.FollowerRole - RaftServer{2}{role=FOLLOWER} - Committed entries up to index 9
11:35:40.024 [raft-server-2] TRACE i.a.p.raft.roles.FollowerRole - RaftServer{2}{role=FOLLOWER} - Sending AppendResponse{status=OK, term=1, succeeded=true, lastLogIndex=9}
11:35:40.025 [raft-server-1] TRACE i.a.p.raft.roles.LeaderAppender - RaftServer{1} - Received AppendResponse{status=OK, term=1, succeeded=true, lastLogIndex=9} from 2
11:35:40.025 [raft-server-2-state] TRACE i.a.p.raft.impl.RaftServiceManager - RaftServer{2} - Applying Indexed{index=9, entry=KeepAliveEntry{term=1, timestamp=2018-06-05 11:35:39,748, sessionIds=long[]{length=1, hash=33}, commandSequences=long[]{length=1, hash=31}, eventIndexes=long[]{length=1, hash=33}}}
11:35:40.025 [raft-server-1] TRACE i.a.p.raft.roles.LeaderAppender - RaftServer{1} - Sending AppendRequest{term=1, leader=1, prevLogIndex=9, prevLogTerm=1, entries=0, commitIndex=9} to 2
11:35:40.025 [raft-server-2] TRACE i.a.p.raft.roles.FollowerRole - RaftServer{2}{role=FOLLOWER} - Received AppendRequest{term=1, leader=1, prevLogIndex=9, prevLogTerm=1, entries=0, commitIndex=9}
11:35:40.025 [raft-server-2] TRACE i.a.p.raft.roles.FollowerRole - RaftServer{2}{role=FOLLOWER} - Sending AppendResponse{status=OK, term=1, succeeded=true, lastLogIndex=9}
11:35:40.025 [raft-server-1] TRACE i.a.p.raft.roles.LeaderAppender - RaftServer{1} - Received AppendResponse{status=OK, term=1, succeeded=true, lastLogIndex=9} from 2
11:35:40.235 [raft-server-1] TRACE i.a.p.raft.roles.LeaderAppender - RaftServer{1} - Sending AppendRequest{term=1, leader=1, prevLogIndex=9, prevLogTerm=1, entries=0, commitIndex=9} to 2
11:35:40.235 [raft-server-2] TRACE i.a.p.raft.roles.FollowerRole - RaftServer{2}{role=FOLLOWER} - Received AppendRequest{term=1, leader=1, prevLogIndex=9, prevLogTerm=1, entries=0, commitIndex=9}
11:35:40.235 [raft-server-2] TRACE i.a.p.raft.roles.FollowerRole - RaftServer{2}{role=FOLLOWER} - Sending AppendResponse{status=OK, term=1, succeeded=true, lastLogIndex=9}
11:35:40.235 [raft-server-1] TRACE i.a.p.raft.roles.LeaderAppender - RaftServer{1} - Received AppendResponse{status=OK, term=1, succeeded=true, lastLogIndex=9} from 2
11:35:40.235 [raft-server-1] TRACE i.a.p.raft.roles.LeaderAppender - RaftServer{1} - Sending AppendRequest{term=1, leader=1, prevLogIndex=9, prevLogTerm=1, entries=0, commitIndex=9} to 2
11:35:40.235 [raft-server-2] TRACE i.a.p.raft.roles.FollowerRole - RaftServer{2}{role=FOLLOWER} - Received AppendRequest{term=1, leader=1, prevLogIndex=9, prevLogTerm=1, entries=0, commitIndex=9}
11:35:40.235 [raft-server-2] TRACE i.a.p.raft.roles.FollowerRole - RaftServer{2}{role=FOLLOWER} - Sending AppendResponse{status=OK, term=1, succeeded=true, lastLogIndex=9}
11:35:40.235 [raft-server-1] TRACE i.a.p.raft.roles.LeaderAppender - RaftServer{1} - Received AppendResponse{status=OK, term=1, succeeded=true, lastLogIndex=9} from 2
11:35:40.235 [raft-server-1] TRACE i.a.p.raft.roles.LeaderAppender - RaftServer{1} - Sending AppendRequest{term=1, leader=1, prevLogIndex=9, prevLogTerm=1, entries=0, commitIndex=9} to 2
11:35:40.235 [raft-server-2] TRACE i.a.p.raft.roles.FollowerRole - RaftServer{2}{role=FOLLOWER} - Received AppendRequest{term=1, leader=1, prevLogIndex=9, prevLogTerm=1, entries=0, commitIndex=9}
11:35:40.235 [raft-server-2] TRACE i.a.p.raft.roles.FollowerRole - RaftServer{2}{role=FOLLOWER} - Sending AppendResponse{status=OK, term=1, succeeded=true, lastLogIndex=9}
11:35:40.235 [raft-server-1] TRACE i.a.p.raft.roles.LeaderAppender - RaftServer{1} - Received AppendResponse{status=OK, term=1, succeeded=true, lastLogIndex=9} from 2
11:35:40.235 [raft-server-1] TRACE i.a.p.raft.roles.LeaderAppender - RaftServer{1} - Sending AppendRequest{term=1, leader=1, prevLogIndex=9, prevLogTerm=1, entries=0, commitIndex=9} to 2
11:35:40.236 [raft-server-2] TRACE i.a.p.raft.roles.FollowerRole - RaftServer{2}{role=FOLLOWER} - Received AppendRequest{term=1, leader=1, prevLogIndex=9, prevLogTerm=1, entries=0, commitIndex=9}
11:35:40.236 [raft-server-2] TRACE i.a.p.raft.roles.FollowerRole - RaftServer{2}{role=FOLLOWER} - Sending AppendResponse{status=OK, term=1, succeeded=true, lastLogIndex=9}
11:35:40.236 [raft-server-1] TRACE i.a.p.raft.roles.LeaderAppender - RaftServer{1} - Received AppendResponse{status=OK, term=1, succeeded=true, lastLogIndex=9} from 2
11:35:40.236 [raft-server-1] TRACE i.a.p.raft.roles.LeaderAppender - RaftServer{1} - Sending AppendRequest{term=1, leader=1, prevLogIndex=9, prevLogTerm=1, entries=0, commitIndex=9} to 2
11:35:40.236 [raft-server-2] TRACE i.a.p.raft.roles.FollowerRole - RaftServer{2}{role=FOLLOWER} - Received AppendRequest{term=1, leader=1, prevLogIndex=9, prevLogTerm=1, entries=0, commitIndex=9}
11:35:40.236 [raft-server-2] TRACE i.a.p.raft.roles.FollowerRole - RaftServer{2}{role=FOLLOWER} - Sending AppendResponse{status=OK, term=1, succeeded=true, lastLogIndex=9}
11:35:40.236 [raft-server-1] TRACE i.a.p.raft.roles.LeaderAppender - RaftServer{1} - Received AppendResponse{status=OK, term=1, succeeded=true, lastLogIndex=9} from 2
11:35:40.485 [raft-server-1] TRACE i.a.p.raft.roles.LeaderAppender - RaftServer{1} - Sending AppendRequest{term=1, leader=1, prevLogIndex=9, prevLogTerm=1, entries=0, commitIndex=9} to 2
11:35:40.485 [raft-server-2] TRACE i.a.p.raft.roles.FollowerRole - RaftServer{2}{role=FOLLOWER} - Received AppendRequest{term=1, leader=1, prevLogIndex=9, prevLogTerm=1, entries=0, commitIndex=9}
11:35:40.485 [raft-server-2] TRACE i.a.p.raft.roles.FollowerRole - RaftServer{2}{role=FOLLOWER} - Sending AppendResponse{status=OK, term=1, succeeded=true, lastLogIndex=9}
11:35:40.485 [raft-server-1] TRACE i.a.p.raft.roles.LeaderAppender - RaftServer{1} - Received AppendResponse{status=OK, term=1, succeeded=true, lastLogIndex=9} from 2
11:35:40.485 [raft-server-1] TRACE i.a.p.raft.roles.LeaderAppender - RaftServer{1} - Sending AppendRequest{term=1, leader=1, prevLogIndex=9, prevLogTerm=1, entries=0, commitIndex=9} to 2
11:35:40.485 [raft-server-2] TRACE i.a.p.raft.roles.FollowerRole - RaftServer{2}{role=FOLLOWER} - Received AppendRequest{term=1, leader=1, prevLogIndex=9, prevLogTerm=1, entries=0, commitIndex=9}
11:35:40.485 [raft-server-2] TRACE i.a.p.raft.roles.FollowerRole - RaftServer{2}{role=FOLLOWER} - Sending AppendResponse{status=OK, term=1, succeeded=true, lastLogIndex=9}
11:35:40.485 [raft-server-1] TRACE i.a.p.raft.roles.LeaderAppender - RaftServer{1} - Received AppendResponse{status=OK, term=1, succeeded=true, lastLogIndex=9} from 2
11:35:40.485 [raft-server-1] TRACE i.a.p.raft.roles.LeaderAppender - RaftServer{1} - Sending AppendRequest{term=1, leader=1, prevLogIndex=9, prevLogTerm=1, entries=0, commitIndex=9} to 2
11:35:40.485 [raft-server-2] TRACE i.a.p.raft.roles.FollowerRole - RaftServer{2}{role=FOLLOWER} - Received AppendRequest{term=1, leader=1, prevLogIndex=9, prevLogTerm=1, entries=0, commitIndex=9}
11:35:40.485 [raft-server-2] TRACE i.a.p.raft.roles.FollowerRole - RaftServer{2}{role=FOLLOWER} - Sending AppendResponse{status=OK, term=1, succeeded=true, lastLogIndex=9}
11:35:40.485 [raft-server-1] TRACE i.a.p.raft.roles.LeaderAppender - RaftServer{1} - Received AppendResponse{status=OK, term=1, succeeded=true, lastLogIndex=9} from 2
11:35:40.485 [raft-server-1] TRACE i.a.p.raft.roles.LeaderAppender - RaftServer{1} - Sending AppendRequest{term=1, leader=1, prevLogIndex=9, prevLogTerm=1, entries=0, commitIndex=9} to 2
11:35:40.485 [raft-server-2] TRACE i.a.p.raft.roles.FollowerRole - RaftServer{2}{role=FOLLOWER} - Received AppendRequest{term=1, leader=1, prevLogIndex=9, prevLogTerm=1, entries=0, commitIndex=9}
11:35:40.485 [raft-server-2] TRACE i.a.p.raft.roles.FollowerRole - RaftServer{2}{role=FOLLOWER} - Sending AppendResponse{status=OK, term=1, succeeded=true, lastLogIndex=9}
11:35:40.485 [raft-server-1] TRACE i.a.p.raft.roles.LeaderAppender - RaftServer{1} - Received AppendResponse{status=OK, term=1, succeeded=true, lastLogIndex=9} from 2
11:35:40.486 [raft-server-1] TRACE i.a.p.raft.roles.LeaderAppender - RaftServer{1} - Sending AppendRequest{term=1, leader=1, prevLogIndex=9, prevLogTerm=1, entries=0, commitIndex=9} to 2
11:35:40.486 [raft-server-2] TRACE i.a.p.raft.roles.FollowerRole - RaftServer{2}{role=FOLLOWER} - Received AppendRequest{term=1, leader=1, prevLogIndex=9, prevLogTerm=1, entries=0, commitIndex=9}
11:35:40.486 [raft-server-2] TRACE i.a.p.raft.roles.FollowerRole - RaftServer{2}{role=FOLLOWER} - Sending AppendResponse{status=OK, term=1, succeeded=true, lastLogIndex=9}
11:35:40.486 [raft-server-1] TRACE i.a.p.raft.roles.LeaderAppender - RaftServer{1} - Received AppendResponse{status=OK, term=1, succeeded=true, lastLogIndex=9} from 2
11:35:40.735 [raft-server-1] TRACE i.a.p.raft.roles.LeaderAppender - RaftServer{1} - Sending AppendRequest{term=1, leader=1, prevLogIndex=9, prevLogTerm=1, entries=0, commitIndex=9} to 2
11:35:40.735 [raft-server-2] TRACE i.a.p.raft.roles.FollowerRole - RaftServer{2}{role=FOLLOWER} - Received AppendRequest{term=1, leader=1, prevLogIndex=9, prevLogTerm=1, entries=0, commitIndex=9}
11:35:40.735 [raft-server-2] TRACE i.a.p.raft.roles.FollowerRole - RaftServer{2}{role=FOLLOWER} - Sending AppendResponse{status=OK, term=1, succeeded=true, lastLogIndex=9}
11:35:40.735 [raft-server-1] TRACE i.a.p.raft.roles.LeaderAppender - RaftServer{1} - Received AppendResponse{status=OK, term=1, succeeded=true, lastLogIndex=9} from 2
11:35:40.735 [raft-server-1] TRACE i.a.p.raft.roles.LeaderAppender - RaftServer{1} - Sending AppendRequest{term=1, leader=1, prevLogIndex=9, prevLogTerm=1, entries=0, commitIndex=9} to 2
11:35:40.735 [raft-server-2] TRACE i.a.p.raft.roles.FollowerRole - RaftServer{2}{role=FOLLOWER} - Received AppendRequest{term=1, leader=1, prevLogIndex=9, prevLogTerm=1, entries=0, commitIndex=9}
11:35:40.735 [raft-server-2] TRACE i.a.p.raft.roles.FollowerRole - RaftServer{2}{role=FOLLOWER} - Sending AppendResponse{status=OK, term=1, succeeded=true, lastLogIndex=9}
11:35:40.735 [raft-server-1] TRACE i.a.p.raft.roles.LeaderAppender - RaftServer{1} - Received AppendResponse{status=OK, term=1, succeeded=true, lastLogIndex=9} from 2
11:35:40.735 [raft-server-1] TRACE i.a.p.raft.roles.LeaderAppender - RaftServer{1} - Sending AppendRequest{term=1, leader=1, prevLogIndex=9, prevLogTerm=1, entries=0, commitIndex=9} to 2
11:35:40.735 [raft-server-2] TRACE i.a.p.raft.roles.FollowerRole - RaftServer{2}{role=FOLLOWER} - Received AppendRequest{term=1, leader=1, prevLogIndex=9, prevLogTerm=1, entries=0, commitIndex=9}
11:35:40.735 [raft-server-2] TRACE i.a.p.raft.roles.FollowerRole - RaftServer{2}{role=FOLLOWER} - Sending AppendResponse{status=OK, term=1, succeeded=true, lastLogIndex=9}
11:35:40.736 [raft-server-1] TRACE i.a.p.raft.roles.LeaderAppender - RaftServer{1} - Received AppendResponse{status=OK, term=1, succeeded=true, lastLogIndex=9} from 2
11:35:40.736 [raft-server-1] TRACE i.a.p.raft.roles.LeaderAppender - RaftServer{1} - Sending AppendRequest{term=1, leader=1, prevLogIndex=9, prevLogTerm=1, entries=0, commitIndex=9} to 2
11:35:40.736 [raft-server-2] TRACE i.a.p.raft.roles.FollowerRole - RaftServer{2}{role=FOLLOWER} - Received AppendRequest{term=1, leader=1, prevLogIndex=9, prevLogTerm=1, entries=0, commitIndex=9}
11:35:40.736 [raft-server-2] TRACE i.a.p.raft.roles.FollowerRole - RaftServer{2}{role=FOLLOWER} - Sending AppendResponse{status=OK, term=1, succeeded=true, lastLogIndex=9}
11:35:40.736 [raft-server-1] TRACE i.a.p.raft.roles.LeaderAppender - RaftServer{1} - Received AppendResponse{status=OK, term=1, succeeded=true, lastLogIndex=9} from 2
11:35:40.985 [raft-server-1] TRACE i.a.p.raft.roles.LeaderAppender - RaftServer{1} - Sending AppendRequest{term=1, leader=1, prevLogIndex=9, prevLogTerm=1, entries=0, commitIndex=9} to 2
11:35:40.985 [raft-server-2] TRACE i.a.p.raft.roles.FollowerRole - RaftServer{2}{role=FOLLOWER} - Received AppendRequest{term=1, leader=1, prevLogIndex=9, prevLogTerm=1, entries=0, commitIndex=9}
11:35:40.985 [raft-server-2] TRACE i.a.p.raft.roles.FollowerRole - RaftServer{2}{role=FOLLOWER} - Sending AppendResponse{status=OK, term=1, succeeded=true, lastLogIndex=9}
11:35:40.985 [raft-server-1] TRACE i.a.p.raft.roles.LeaderAppender - RaftServer{1} - Received AppendResponse{status=OK, term=1, succeeded=true, lastLogIndex=9} from 2
11:35:40.985 [raft-server-1] TRACE i.a.p.raft.roles.LeaderAppender - RaftServer{1} - Sending AppendRequest{term=1, leader=1, prevLogIndex=9, prevLogTerm=1, entries=0, commitIndex=9} to 2
11:35:40.985 [raft-server-2] TRACE i.a.p.raft.roles.FollowerRole - RaftServer{2}{role=FOLLOWER} - Received AppendRequest{term=1, leader=1, prevLogIndex=9, prevLogTerm=1, entries=0, commitIndex=9}
11:35:40.985 [raft-server-2] TRACE i.a.p.raft.roles.FollowerRole - RaftServer{2}{role=FOLLOWER} - Sending AppendResponse{status=OK, term=1, succeeded=true, lastLogIndex=9}
11:35:40.985 [raft-server-1] TRACE i.a.p.raft.roles.LeaderAppender - RaftServer{1} - Received AppendResponse{status=OK, term=1, succeeded=true, lastLogIndex=9} from 2
11:35:40.985 [raft-server-1] TRACE i.a.p.raft.roles.LeaderAppender - RaftServer{1} - Sending AppendRequest{term=1, leader=1, prevLogIndex=9, prevLogTerm=1, entries=0, commitIndex=9} to 2
11:35:40.985 [raft-server-2] TRACE i.a.p.raft.roles.FollowerRole - RaftServer{2}{role=FOLLOWER} - Received AppendRequest{term=1, leader=1, prevLogIndex=9, prevLogTerm=1, entries=0, commitIndex=9}
11:35:40.985 [raft-server-2] TRACE i.a.p.raft.roles.FollowerRole - RaftServer{2}{role=FOLLOWER} - Sending AppendResponse{status=OK, term=1, succeeded=true, lastLogIndex=9}
11:35:40.985 [raft-server-1] TRACE i.a.p.raft.roles.LeaderAppender - RaftServer{1} - Received AppendResponse{status=OK, term=1, succeeded=true, lastLogIndex=9} from 2
11:35:40.986 [raft-server-1] TRACE i.a.p.raft.roles.LeaderAppender - RaftServer{1} - Sending AppendRequest{term=1, leader=1, prevLogIndex=9, prevLogTerm=1, entries=0, commitIndex=9} to 2
11:35:40.986 [raft-server-2] TRACE i.a.p.raft.roles.FollowerRole - RaftServer{2}{role=FOLLOWER} - Received AppendRequest{term=1, leader=1, prevLogIndex=9, prevLogTerm=1, entries=0, commitIndex=9}
11:35:40.986 [raft-server-2] TRACE i.a.p.raft.roles.FollowerRole - RaftServer{2}{role=FOLLOWER} - Sending AppendResponse{status=OK, term=1, succeeded=true, lastLogIndex=9}
11:35:40.986 [raft-server-1] TRACE i.a.p.raft.roles.LeaderAppender - RaftServer{1} - Received AppendResponse{status=OK, term=1, succeeded=true, lastLogIndex=9} from 2
11:35:41.235 [raft-server-1] TRACE i.a.p.raft.roles.LeaderAppender - RaftServer{1} - Sending AppendRequest{term=1, leader=1, prevLogIndex=9, prevLogTerm=1, entries=0, commitIndex=9} to 2
11:35:41.235 [raft-server-2] TRACE i.a.p.raft.roles.FollowerRole - RaftServer{2}{role=FOLLOWER} - Received AppendRequest{term=1, leader=1, prevLogIndex=9, prevLogTerm=1, entries=0, commitIndex=9}
11:35:41.235 [raft-server-2] TRACE i.a.p.raft.roles.FollowerRole - RaftServer{2}{role=FOLLOWER} - Sending AppendResponse{status=OK, term=1, succeeded=true, lastLogIndex=9}
11:35:41.235 [raft-server-1] TRACE i.a.p.raft.roles.LeaderAppender - RaftServer{1} - Received AppendResponse{status=OK, term=1, succeeded=true, lastLogIndex=9} from 2
11:35:41.235 [raft-server-1] TRACE i.a.p.raft.roles.LeaderAppender - RaftServer{1} - Sending AppendRequest{term=1, leader=1, prevLogIndex=9, prevLogTerm=1, entries=0, commitIndex=9} to 2
11:35:41.235 [raft-server-2] TRACE i.a.p.raft.roles.FollowerRole - RaftServer{2}{role=FOLLOWER} - Received AppendRequest{term=1, leader=1, prevLogIndex=9, prevLogTerm=1, entries=0, commitIndex=9}
11:35:41.235 [raft-server-2] TRACE i.a.p.raft.roles.FollowerRole - RaftServer{2}{role=FOLLOWER} - Sending AppendResponse{status=OK, term=1, succeeded=true, lastLogIndex=9}
11:35:41.236 [raft-server-1] TRACE i.a.p.raft.roles.LeaderAppender - RaftServer{1} - Received AppendResponse{status=OK, term=1, succeeded=true, lastLogIndex=9} from 2
11:35:41.236 [raft-server-1] TRACE i.a.p.raft.roles.LeaderAppender - RaftServer{1} - Sending AppendRequest{term=1, leader=1, prevLogIndex=9, prevLogTerm=1, entries=0, commitIndex=9} to 2
11:35:41.236 [raft-server-2] TRACE i.a.p.raft.roles.FollowerRole - RaftServer{2}{role=FOLLOWER} - Received AppendRequest{term=1, leader=1, prevLogIndex=9, prevLogTerm=1, entries=0, commitIndex=9}
11:35:41.236 [raft-server-2] TRACE i.a.p.raft.roles.FollowerRole - RaftServer{2}{role=FOLLOWER} - Sending AppendResponse{status=OK, term=1, succeeded=true, lastLogIndex=9}
11:35:41.236 [raft-server-1] TRACE i.a.p.raft.roles.LeaderAppender - RaftServer{1} - Received AppendResponse{status=OK, term=1, succeeded=true, lastLogIndex=9} from 2
11:35:41.485 [raft-server-1] TRACE i.a.p.raft.roles.LeaderAppender - RaftServer{1} - Sending AppendRequest{term=1, leader=1, prevLogIndex=9, prevLogTerm=1, entries=0, commitIndex=9} to 2
11:35:41.485 [raft-server-2] TRACE i.a.p.raft.roles.FollowerRole - RaftServer{2}{role=FOLLOWER} - Received AppendRequest{term=1, leader=1, prevLogIndex=9, prevLogTerm=1, entries=0, commitIndex=9}
11:35:41.485 [raft-server-2] TRACE i.a.p.raft.roles.FollowerRole - RaftServer{2}{role=FOLLOWER} - Sending AppendResponse{status=OK, term=1, succeeded=true, lastLogIndex=9}
11:35:41.485 [raft-server-1] TRACE i.a.p.raft.roles.LeaderAppender - RaftServer{1} - Received AppendResponse{status=OK, term=1, succeeded=true, lastLogIndex=9} from 2
11:35:41.485 [raft-server-1] TRACE i.a.p.raft.roles.LeaderAppender - RaftServer{1} - Sending AppendRequest{term=1, leader=1, prevLogIndex=9, prevLogTerm=1, entries=0, commitIndex=9} to 2
11:35:41.485 [raft-server-2] TRACE i.a.p.raft.roles.FollowerRole - RaftServer{2}{role=FOLLOWER} - Received AppendRequest{term=1, leader=1, prevLogIndex=9, prevLogTerm=1, entries=0, commitIndex=9}
11:35:41.485 [raft-server-2] TRACE i.a.p.raft.roles.FollowerRole - RaftServer{2}{role=FOLLOWER} - Sending AppendResponse{status=OK, term=1, succeeded=true, lastLogIndex=9}
11:35:41.485 [raft-server-1] TRACE i.a.p.raft.roles.LeaderAppender - RaftServer{1} - Received AppendResponse{status=OK, term=1, succeeded=true, lastLogIndex=9} from 2
11:35:41.485 [raft-server-1] TRACE i.a.p.raft.roles.LeaderAppender - RaftServer{1} - Sending AppendRequest{term=1, leader=1, prevLogIndex=9, prevLogTerm=1, entries=0, commitIndex=9} to 2
11:35:41.485 [raft-server-2] TRACE i.a.p.raft.roles.FollowerRole - RaftServer{2}{role=FOLLOWER} - Received AppendRequest{term=1, leader=1, prevLogIndex=9, prevLogTerm=1, entries=0, commitIndex=9}
11:35:41.485 [raft-server-2] TRACE i.a.p.raft.roles.FollowerRole - RaftServer{2}{role=FOLLOWER} - Sending AppendResponse{status=OK, term=1, succeeded=true, lastLogIndex=9}
11:35:41.485 [raft-server-1] TRACE i.a.p.raft.roles.LeaderAppender - RaftServer{1} - Received AppendResponse{status=OK, term=1, succeeded=true, lastLogIndex=9} from 2
11:35:41.485 [raft-server-1] TRACE i.a.p.raft.roles.LeaderAppender - RaftServer{1} - Sending AppendRequest{term=1, leader=1, prevLogIndex=9, prevLogTerm=1, entries=0, commitIndex=9} to 2
11:35:41.485 [raft-server-2] TRACE i.a.p.raft.roles.FollowerRole - RaftServer{2}{role=FOLLOWER} - Received AppendRequest{term=1, leader=1, prevLogIndex=9, prevLogTerm=1, entries=0, commitIndex=9}
11:35:41.486 [raft-server-2] TRACE i.a.p.raft.roles.FollowerRole - RaftServer{2}{role=FOLLOWER} - Sending AppendResponse{status=OK, term=1, succeeded=true, lastLogIndex=9}
11:35:41.486 [raft-server-1] TRACE i.a.p.raft.roles.LeaderAppender - RaftServer{1} - Received AppendResponse{status=OK, term=1, succeeded=true, lastLogIndex=9} from 2
11:35:41.486 [raft-server-1] TRACE i.a.p.raft.roles.LeaderAppender - RaftServer{1} - Sending AppendRequest{term=1, leader=1, prevLogIndex=9, prevLogTerm=1, entries=0, commitIndex=9} to 2
11:35:41.486 [raft-server-2] TRACE i.a.p.raft.roles.FollowerRole - RaftServer{2}{role=FOLLOWER} - Received AppendRequest{term=1, leader=1, prevLogIndex=9, prevLogTerm=1, entries=0, commitIndex=9}
11:35:41.486 [raft-server-2] TRACE i.a.p.raft.roles.FollowerRole - RaftServer{2}{role=FOLLOWER} - Sending AppendResponse{status=OK, term=1, succeeded=true, lastLogIndex=9}
11:35:41.486 [raft-server-1] TRACE i.a.p.raft.roles.LeaderAppender - RaftServer{1} - Received AppendResponse{status=OK, term=1, succeeded=true, lastLogIndex=9} from 2
11:35:41.735 [raft-server-1] TRACE i.a.p.raft.roles.LeaderAppender - RaftServer{1} - Sending AppendRequest{term=1, leader=1, prevLogIndex=9, prevLogTerm=1, entries=0, commitIndex=9} to 2
11:35:41.735 [raft-server-2] TRACE i.a.p.raft.roles.FollowerRole - RaftServer{2}{role=FOLLOWER} - Received AppendRequest{term=1, leader=1, prevLogIndex=9, prevLogTerm=1, entries=0, commitIndex=9}
11:35:41.735 [raft-server-2] TRACE i.a.p.raft.roles.FollowerRole - RaftServer{2}{role=FOLLOWER} - Sending AppendResponse{status=OK, term=1, succeeded=true, lastLogIndex=9}
11:35:41.735 [raft-server-1] TRACE i.a.p.raft.roles.LeaderAppender - RaftServer{1} - Received AppendResponse{status=OK, term=1, succeeded=true, lastLogIndex=9} from 2
11:35:41.735 [raft-server-1] TRACE i.a.p.raft.roles.LeaderAppender - RaftServer{1} - Sending AppendRequest{term=1, leader=1, prevLogIndex=9, prevLogTerm=1, entries=0, commitIndex=9} to 2
11:35:41.735 [raft-server-2] TRACE i.a.p.raft.roles.FollowerRole - RaftServer{2}{role=FOLLOWER} - Received AppendRequest{term=1, leader=1, prevLogIndex=9, prevLogTerm=1, entries=0, commitIndex=9}
11:35:41.735 [raft-server-2] TRACE i.a.p.raft.roles.FollowerRole - RaftServer{2}{role=FOLLOWER} - Sending AppendResponse{status=OK, term=1, succeeded=true, lastLogIndex=9}
11:35:41.735 [raft-server-1] TRACE i.a.p.raft.roles.LeaderAppender - RaftServer{1} - Received AppendResponse{status=OK, term=1, succeeded=true, lastLogIndex=9} from 2
11:35:41.736 [raft-server-1] TRACE i.a.p.raft.roles.LeaderAppender - RaftServer{1} - Sending AppendRequest{term=1, leader=1, prevLogIndex=9, prevLogTerm=1, entries=0, commitIndex=9} to 2
11:35:41.736 [raft-server-2] TRACE i.a.p.raft.roles.FollowerRole - RaftServer{2}{role=FOLLOWER} - Received AppendRequest{term=1, leader=1, prevLogIndex=9, prevLogTerm=1, entries=0, commitIndex=9}
11:35:41.736 [raft-server-2] TRACE i.a.p.raft.roles.FollowerRole - RaftServer{2}{role=FOLLOWER} - Sending AppendResponse{status=OK, term=1, succeeded=true, lastLogIndex=9}
11:35:41.736 [raft-server-1] TRACE i.a.p.raft.roles.LeaderAppender - RaftServer{1} - Received AppendResponse{status=OK, term=1, succeeded=true, lastLogIndex=9} from 2
11:35:41.985 [raft-server-1] TRACE i.a.p.raft.roles.LeaderAppender - RaftServer{1} - Sending AppendRequest{term=1, leader=1, prevLogIndex=9, prevLogTerm=1, entries=0, commitIndex=9} to 2
11:35:41.985 [raft-server-2] TRACE i.a.p.raft.roles.FollowerRole - RaftServer{2}{role=FOLLOWER} - Received AppendRequest{term=1, leader=1, prevLogIndex=9, prevLogTerm=1, entries=0, commitIndex=9}
11:35:41.985 [raft-server-2] TRACE i.a.p.raft.roles.FollowerRole - RaftServer{2}{role=FOLLOWER} - Sending AppendResponse{status=OK, term=1, succeeded=true, lastLogIndex=9}
11:35:41.985 [raft-server-1] TRACE i.a.p.raft.roles.LeaderAppender - RaftServer{1} - Received AppendResponse{status=OK, term=1, succeeded=true, lastLogIndex=9} from 2
11:35:41.985 [raft-server-1] TRACE i.a.p.raft.roles.LeaderAppender - RaftServer{1} - Sending AppendRequest{term=1, leader=1, prevLogIndex=9, prevLogTerm=1, entries=0, commitIndex=9} to 2
11:35:41.985 [raft-server-2] TRACE i.a.p.raft.roles.FollowerRole - RaftServer{2}{role=FOLLOWER} - Received AppendRequest{term=1, leader=1, prevLogIndex=9, prevLogTerm=1, entries=0, commitIndex=9}
11:35:41.985 [raft-server-2] TRACE i.a.p.raft.roles.FollowerRole - RaftServer{2}{role=FOLLOWER} - Sending AppendResponse{status=OK, term=1, succeeded=true, lastLogIndex=9}
11:35:41.985 [raft-server-1] TRACE i.a.p.raft.roles.LeaderAppender - RaftServer{1} - Received AppendResponse{status=OK, term=1, succeeded=true, lastLogIndex=9} from 2
11:35:41.985 [raft-server-1] TRACE i.a.p.raft.roles.LeaderAppender - RaftServer{1} - Sending AppendRequest{term=1, leader=1, prevLogIndex=9, prevLogTerm=1, entries=0, commitIndex=9} to 2
11:35:41.985 [raft-server-2] TRACE i.a.p.raft.roles.FollowerRole - RaftServer{2}{role=FOLLOWER} - Received AppendRequest{term=1, leader=1, prevLogIndex=9, prevLogTerm=1, entries=0, commitIndex=9}
11:35:41.985 [raft-server-2] TRACE i.a.p.raft.roles.FollowerRole - RaftServer{2}{role=FOLLOWER} - Sending AppendResponse{status=OK, term=1, succeeded=true, lastLogIndex=9}
11:35:41.985 [raft-server-1] TRACE i.a.p.raft.roles.LeaderAppender - RaftServer{1} - Received AppendResponse{status=OK, term=1, succeeded=true, lastLogIndex=9} from 2
11:35:41.985 [raft-server-1] TRACE i.a.p.raft.roles.LeaderAppender - RaftServer{1} - Sending AppendRequest{term=1, leader=1, prevLogIndex=9, prevLogTerm=1, entries=0, commitIndex=9} to 2
11:35:41.985 [raft-server-2] TRACE i.a.p.raft.roles.FollowerRole - RaftServer{2}{role=FOLLOWER} - Received AppendRequest{term=1, leader=1, prevLogIndex=9, prevLogTerm=1, entries=0, commitIndex=9}
11:35:41.985 [raft-server-2] TRACE i.a.p.raft.roles.FollowerRole - RaftServer{2}{role=FOLLOWER} - Sending AppendResponse{status=OK, term=1, succeeded=true, lastLogIndex=9}
11:35:41.985 [raft-server-1] TRACE i.a.p.raft.roles.LeaderAppender - RaftServer{1} - Received AppendResponse{status=OK, term=1, succeeded=true, lastLogIndex=9} from 2
11:35:41.986 [raft-server-1] TRACE i.a.p.raft.roles.LeaderAppender - RaftServer{1} - Sending AppendRequest{term=1, leader=1, prevLogIndex=9, prevLogTerm=1, entries=0, commitIndex=9} to 2
11:35:41.986 [raft-server-2] TRACE i.a.p.raft.roles.FollowerRole - RaftServer{2}{role=FOLLOWER} - Received AppendRequest{term=1, leader=1, prevLogIndex=9, prevLogTerm=1, entries=0, commitIndex=9}
11:35:41.986 [raft-server-2] TRACE i.a.p.raft.roles.FollowerRole - RaftServer{2}{role=FOLLOWER} - Sending AppendResponse{status=OK, term=1, succeeded=true, lastLogIndex=9}
11:35:41.986 [raft-server-1] TRACE i.a.p.raft.roles.LeaderAppender - RaftServer{1} - Received AppendResponse{status=OK, term=1, succeeded=true, lastLogIndex=9} from 2
11:35:42.235 [raft-server-1] TRACE i.a.p.raft.roles.LeaderAppender - RaftServer{1} - Sending AppendRequest{term=1, leader=1, prevLogIndex=9, prevLogTerm=1, entries=0, commitIndex=9} to 2
11:35:42.235 [raft-server-2] TRACE i.a.p.raft.roles.FollowerRole - RaftServer{2}{role=FOLLOWER} - Received AppendRequest{term=1, leader=1, prevLogIndex=9, prevLogTerm=1, entries=0, commitIndex=9}
11:35:42.235 [raft-server-2] TRACE i.a.p.raft.roles.FollowerRole - RaftServer{2}{role=FOLLOWER} - Sending AppendResponse{status=OK, term=1, succeeded=true, lastLogIndex=9}
11:35:42.235 [raft-server-1] TRACE i.a.p.raft.roles.LeaderAppender - RaftServer{1} - Received AppendResponse{status=OK, term=1, succeeded=true, lastLogIndex=9} from 2
11:35:42.235 [raft-server-1] TRACE i.a.p.raft.roles.LeaderAppender - RaftServer{1} - Sending AppendRequest{term=1, leader=1, prevLogIndex=9, prevLogTerm=1, entries=0, commitIndex=9} to 2
11:35:42.235 [raft-server-2] TRACE i.a.p.raft.roles.FollowerRole - RaftServer{2}{role=FOLLOWER} - Received AppendRequest{term=1, leader=1, prevLogIndex=9, prevLogTerm=1, entries=0, commitIndex=9}
11:35:42.235 [raft-server-2] TRACE i.a.p.raft.roles.FollowerRole - RaftServer{2}{role=FOLLOWER} - Sending AppendResponse{status=OK, term=1, succeeded=true, lastLogIndex=9}
11:35:42.235 [raft-server-1] TRACE i.a.p.raft.roles.LeaderAppender - RaftServer{1} - Received AppendResponse{status=OK, term=1, succeeded=true, lastLogIndex=9} from 2
11:35:42.235 [raft-server-1] TRACE i.a.p.raft.roles.LeaderAppender - RaftServer{1} - Sending AppendRequest{term=1, leader=1, prevLogIndex=9, prevLogTerm=1, entries=0, commitIndex=9} to 2
11:35:42.235 [raft-server-2] TRACE i.a.p.raft.roles.FollowerRole - RaftServer{2}{role=FOLLOWER} - Received AppendRequest{term=1, leader=1, prevLogIndex=9, prevLogTerm=1, entries=0, commitIndex=9}
11:35:42.235 [raft-server-2] TRACE i.a.p.raft.roles.FollowerRole - RaftServer{2}{role=FOLLOWER} - Sending AppendResponse{status=OK, term=1, succeeded=true, lastLogIndex=9}
11:35:42.235 [raft-server-1] TRACE i.a.p.raft.roles.LeaderAppender - RaftServer{1} - Received AppendResponse{status=OK, term=1, succeeded=true, lastLogIndex=9} from 2
11:35:42.235 [raft-server-1] TRACE i.a.p.raft.roles.LeaderAppender - RaftServer{1} - Sending AppendRequest{term=1, leader=1, prevLogIndex=9, prevLogTerm=1, entries=0, commitIndex=9} to 2
11:35:42.235 [raft-server-2] TRACE i.a.p.raft.roles.FollowerRole - RaftServer{2}{role=FOLLOWER} - Received AppendRequest{term=1, leader=1, prevLogIndex=9, prevLogTerm=1, entries=0, commitIndex=9}
11:35:42.235 [raft-server-2] TRACE i.a.p.raft.roles.FollowerRole - RaftServer{2}{role=FOLLOWER} - Sending AppendResponse{status=OK, term=1, succeeded=true, lastLogIndex=9}
11:35:42.235 [raft-server-1] TRACE i.a.p.raft.roles.LeaderAppender - RaftServer{1} - Received AppendResponse{status=OK, term=1, succeeded=true, lastLogIndex=9} from 2
11:35:42.235 [raft-server-1] TRACE i.a.p.raft.roles.LeaderAppender - RaftServer{1} - Sending AppendRequest{term=1, leader=1, prevLogIndex=9, prevLogTerm=1, entries=0, commitIndex=9} to 2
11:35:42.236 [raft-server-2] TRACE i.a.p.raft.roles.FollowerRole - RaftServer{2}{role=FOLLOWER} - Received AppendRequest{term=1, leader=1, prevLogIndex=9, prevLogTerm=1, entries=0, commitIndex=9}
11:35:42.236 [raft-server-2] TRACE i.a.p.raft.roles.FollowerRole - RaftServer{2}{role=FOLLOWER} - Sending AppendResponse{status=OK, term=1, succeeded=true, lastLogIndex=9}
11:35:42.236 [raft-server-1] TRACE i.a.p.raft.roles.LeaderAppender - RaftServer{1} - Received AppendResponse{status=OK, term=1, succeeded=true, lastLogIndex=9} from 2
11:35:42.236 [raft-server-1] TRACE i.a.p.raft.roles.LeaderAppender - RaftServer{1} - Sending AppendRequest{term=1, leader=1, prevLogIndex=9, prevLogTerm=1, entries=0, commitIndex=9} to 2
11:35:42.236 [raft-server-2] TRACE i.a.p.raft.roles.FollowerRole - RaftServer{2}{role=FOLLOWER} - Received AppendRequest{term=1, leader=1, prevLogIndex=9, prevLogTerm=1, entries=0, commitIndex=9}
11:35:42.236 [raft-server-2] TRACE i.a.p.raft.roles.FollowerRole - RaftServer{2}{role=FOLLOWER} - Sending AppendResponse{status=OK, term=1, succeeded=true, lastLogIndex=9}
11:35:42.236 [raft-server-1] TRACE i.a.p.raft.roles.LeaderAppender - RaftServer{1} - Received AppendResponse{status=OK, term=1, succeeded=true, lastLogIndex=9} from 2
11:35:42.249 [raft-client-e93f55c3-5bda-4e64-bf5f-fc9c79dd4249-7] TRACE i.a.p.r.proxy.impl.RaftProxyManager - RaftClient{e93f55c3-5bda-4e64-bf5f-fc9c79dd4249} - Keeping 1 sessions alive
11:35:42.249 [raft-client-e93f55c3-5bda-4e64-bf5f-fc9c79dd4249-7] TRACE i.a.p.r.p.impl.RaftProxyConnection - RaftClient{e93f55c3-5bda-4e64-bf5f-fc9c79dd4249} - Sending KeepAliveRequest{sessionIds=long[]{length=1, hash=33}, commandSequences=long[]{length=1, hash=31}, eventIndexes=long[]{length=1, hash=33}} to 1
11:35:42.249 [raft-server-1] TRACE i.a.protocols.raft.roles.LeaderRole - RaftServer{1}{role=LEADER} - Received KeepAliveRequest{sessionIds=long[]{length=1, hash=33}, commandSequences=long[]{length=1, hash=31}, eventIndexes=long[]{length=1, hash=33}}
11:35:42.249 [raft-server-1] TRACE i.a.protocols.raft.roles.LeaderRole - RaftServer{1}{role=LEADER} - Appended Indexed{index=10, entry=KeepAliveEntry{term=1, timestamp=2018-06-05 11:35:42,249, sessionIds=long[]{length=1, hash=33}, commandSequences=long[]{length=1, hash=31}, eventIndexes=long[]{length=1, hash=33}}}
11:35:42.249 [raft-server-1] TRACE i.a.p.raft.roles.LeaderAppender - RaftServer{1} - Sending AppendRequest{term=1, leader=1, prevLogIndex=9, prevLogTerm=1, entries=1, commitIndex=9} to 2
11:35:42.249 [raft-server-2] TRACE i.a.p.raft.roles.FollowerRole - RaftServer{2}{role=FOLLOWER} - Received AppendRequest{term=1, leader=1, prevLogIndex=9, prevLogTerm=1, entries=1, commitIndex=9}
11:35:42.249 [raft-server-2] TRACE i.a.p.raft.roles.FollowerRole - RaftServer{2}{role=FOLLOWER} - Appended Indexed{index=10, entry=KeepAliveEntry{term=1, timestamp=2018-06-05 11:35:42,249, sessionIds=long[]{length=1, hash=33}, commandSequences=long[]{length=1, hash=31}, eventIndexes=long[]{length=1, hash=33}}}
11:35:42.249 [raft-server-2] TRACE i.a.p.raft.roles.FollowerRole - RaftServer{2}{role=FOLLOWER} - Sending AppendResponse{status=OK, term=1, succeeded=true, lastLogIndex=10}
11:35:42.249 [raft-server-1] TRACE i.a.p.raft.roles.LeaderAppender - RaftServer{1} - Received AppendResponse{status=OK, term=1, succeeded=true, lastLogIndex=10} from 2
11:35:42.249 [raft-server-1] TRACE i.a.p.raft.roles.LeaderAppender - RaftServer{1} - Committed entries up to 10
11:35:42.282 [raft-server-1-state] TRACE i.a.p.raft.impl.RaftServiceManager - RaftServer{1} - Applying Indexed{index=10, entry=KeepAliveEntry{term=1, timestamp=2018-06-05 11:35:42,249, sessionIds=long[]{length=1, hash=33}, commandSequences=long[]{length=1, hash=31}, eventIndexes=long[]{length=1, hash=33}}}
11:35:42.282 [raft-server-1] TRACE i.a.protocols.raft.roles.LeaderRole - RaftServer{1}{role=LEADER} - Sending KeepAliveResponse{status=OK, leader=1, members=[1, 2], sessionIds=long[]{length=1, hash=33}}
11:35:42.282 [raft-client-e93f55c3-5bda-4e64-bf5f-fc9c79dd4249-5] TRACE i.a.p.r.p.impl.RaftProxyConnection - RaftClient{e93f55c3-5bda-4e64-bf5f-fc9c79dd4249} - Received KeepAliveResponse{status=OK, leader=1, members=[1, 2], sessionIds=long[]{length=1, hash=33}} from 1
11:35:42.485 [raft-server-1] TRACE i.a.p.raft.roles.LeaderAppender - RaftServer{1} - Sending AppendRequest{term=1, leader=1, prevLogIndex=10, prevLogTerm=1, entries=0, commitIndex=10} to 2
11:35:42.485 [raft-server-2] TRACE i.a.p.raft.roles.FollowerRole - RaftServer{2}{role=FOLLOWER} - Received AppendRequest{term=1, leader=1, prevLogIndex=10, prevLogTerm=1, entries=0, commitIndex=10}
11:35:42.523 [raft-server-2] TRACE i.a.p.raft.roles.FollowerRole - RaftServer{2}{role=FOLLOWER} - Committed entries up to index 10
11:35:42.523 [raft-server-2] TRACE i.a.p.raft.roles.FollowerRole - RaftServer{2}{role=FOLLOWER} - Sending AppendResponse{status=OK, term=1, succeeded=true, lastLogIndex=10}
11:35:42.523 [raft-server-1] TRACE i.a.p.raft.roles.LeaderAppender - RaftServer{1} - Received AppendResponse{status=OK, term=1, succeeded=true, lastLogIndex=10} from 2
11:35:42.523 [raft-server-2-state] TRACE i.a.p.raft.impl.RaftServiceManager - RaftServer{2} - Applying Indexed{index=10, entry=KeepAliveEntry{term=1, timestamp=2018-06-05 11:35:42,249, sessionIds=long[]{length=1, hash=33}, commandSequences=long[]{length=1, hash=31}, eventIndexes=long[]{length=1, hash=33}}}
11:35:42.524 [raft-server-1] TRACE i.a.p.raft.roles.LeaderAppender - RaftServer{1} - Sending AppendRequest{term=1, leader=1, prevLogIndex=10, prevLogTerm=1, entries=0, commitIndex=10} to 2
11:35:42.524 [raft-server-2] TRACE i.a.p.raft.roles.FollowerRole - RaftServer{2}{role=FOLLOWER} - Received AppendRequest{term=1, leader=1, prevLogIndex=10, prevLogTerm=1, entries=0, commitIndex=10}
11:35:42.524 [raft-server-2] TRACE i.a.p.raft.roles.FollowerRole - RaftServer{2}{role=FOLLOWER} - Sending AppendResponse{status=OK, term=1, succeeded=true, lastLogIndex=10}
11:35:42.524 [raft-server-1] TRACE i.a.p.raft.roles.LeaderAppender - RaftServer{1} - Received AppendResponse{status=OK, term=1, succeeded=true, lastLogIndex=10} from 2
11:35:42.735 [raft-server-1] TRACE i.a.p.raft.roles.LeaderAppender - RaftServer{1} - Sending AppendRequest{term=1, leader=1, prevLogIndex=10, prevLogTerm=1, entries=0, commitIndex=10} to 2
11:35:42.735 [raft-server-2] TRACE i.a.p.raft.roles.FollowerRole - RaftServer{2}{role=FOLLOWER} - Received AppendRequest{term=1, leader=1, prevLogIndex=10, prevLogTerm=1, entries=0, commitIndex=10}
11:35:42.735 [raft-server-2] TRACE i.a.p.raft.roles.FollowerRole - RaftServer{2}{role=FOLLOWER} - Sending AppendResponse{status=OK, term=1, succeeded=true, lastLogIndex=10}
11:35:42.735 [raft-server-1] TRACE i.a.p.raft.roles.LeaderAppender - RaftServer{1} - Received AppendResponse{status=OK, term=1, succeeded=true, lastLogIndex=10} from 2
11:35:42.735 [raft-server-1] TRACE i.a.p.raft.roles.LeaderAppender - RaftServer{1} - Sending AppendRequest{term=1, leader=1, prevLogIndex=10, prevLogTerm=1, entries=0, commitIndex=10} to 2
11:35:42.735 [raft-server-2] TRACE i.a.p.raft.roles.FollowerRole - RaftServer{2}{role=FOLLOWER} - Received AppendRequest{term=1, leader=1, prevLogIndex=10, prevLogTerm=1, entries=0, commitIndex=10}
11:35:42.735 [raft-server-2] TRACE i.a.p.raft.roles.FollowerRole - RaftServer{2}{role=FOLLOWER} - Sending AppendResponse{status=OK, term=1, succeeded=true, lastLogIndex=10}
11:35:42.735 [raft-server-1] TRACE i.a.p.raft.roles.LeaderAppender - RaftServer{1} - Received AppendResponse{status=OK, term=1, succeeded=true, lastLogIndex=10} from 2
11:35:42.735 [raft-server-1] TRACE i.a.p.raft.roles.LeaderAppender - RaftServer{1} - Sending AppendRequest{term=1, leader=1, prevLogIndex=10, prevLogTerm=1, entries=0, commitIndex=10} to 2
11:35:42.735 [raft-server-2] TRACE i.a.p.raft.roles.FollowerRole - RaftServer{2}{role=FOLLOWER} - Received AppendRequest{term=1, leader=1, prevLogIndex=10, prevLogTerm=1, entries=0, commitIndex=10}
11:35:42.735 [raft-server-2] TRACE i.a.p.raft.roles.FollowerRole - RaftServer{2}{role=FOLLOWER} - Sending AppendResponse{status=OK, term=1, succeeded=true, lastLogIndex=10}
11:35:42.735 [raft-server-1] TRACE i.a.p.raft.roles.LeaderAppender - RaftServer{1} - Received AppendResponse{status=OK, term=1, succeeded=true, lastLogIndex=10} from 2
11:35:42.735 [raft-server-1] TRACE i.a.p.raft.roles.LeaderAppender - RaftServer{1} - Sending AppendRequest{term=1, leader=1, prevLogIndex=10, prevLogTerm=1, entries=0, commitIndex=10} to 2
11:35:42.735 [raft-server-2] TRACE i.a.p.raft.roles.FollowerRole - RaftServer{2}{role=FOLLOWER} - Received AppendRequest{term=1, leader=1, prevLogIndex=10, prevLogTerm=1, entries=0, commitIndex=10}
11:35:42.735 [raft-server-2] TRACE i.a.p.raft.roles.FollowerRole - RaftServer{2}{role=FOLLOWER} - Sending AppendResponse{status=OK, term=1, succeeded=true, lastLogIndex=10}
11:35:42.736 [raft-server-1] TRACE i.a.p.raft.roles.LeaderAppender - RaftServer{1} - Received AppendResponse{status=OK, term=1, succeeded=true, lastLogIndex=10} from 2
11:35:42.736 [raft-server-1] TRACE i.a.p.raft.roles.LeaderAppender - RaftServer{1} - Sending AppendRequest{term=1, leader=1, prevLogIndex=10, prevLogTerm=1, entries=0, commitIndex=10} to 2
11:35:42.736 [raft-server-2] TRACE i.a.p.raft.roles.FollowerRole - RaftServer{2}{role=FOLLOWER} - Received AppendRequest{term=1, leader=1, prevLogIndex=10, prevLogTerm=1, entries=0, commitIndex=10}
11:35:42.736 [raft-server-2] TRACE i.a.p.raft.roles.FollowerRole - RaftServer{2}{role=FOLLOWER} - Sending AppendResponse{status=OK, term=1, succeeded=true, lastLogIndex=10}
11:35:42.736 [raft-server-1] TRACE i.a.p.raft.roles.LeaderAppender - RaftServer{1} - Received AppendResponse{status=OK, term=1, succeeded=true, lastLogIndex=10} from 2
11:35:42.985 [raft-server-1] TRACE i.a.p.raft.roles.LeaderAppender - RaftServer{1} - Sending AppendRequest{term=1, leader=1, prevLogIndex=10, prevLogTerm=1, entries=0, commitIndex=10} to 2
11:35:42.985 [raft-server-2] TRACE i.a.p.raft.roles.FollowerRole - RaftServer{2}{role=FOLLOWER} - Received AppendRequest{term=1, leader=1, prevLogIndex=10, prevLogTerm=1, entries=0, commitIndex=10}
11:35:42.985 [raft-server-2] TRACE i.a.p.raft.roles.FollowerRole - RaftServer{2}{role=FOLLOWER} - Sending AppendResponse{status=OK, term=1, succeeded=true, lastLogIndex=10}
11:35:42.985 [raft-server-1] TRACE i.a.p.raft.roles.LeaderAppender - RaftServer{1} - Received AppendResponse{status=OK, term=1, succeeded=true, lastLogIndex=10} from 2
11:35:42.985 [raft-server-1] TRACE i.a.p.raft.roles.LeaderAppender - RaftServer{1} - Sending AppendRequest{term=1, leader=1, prevLogIndex=10, prevLogTerm=1, entries=0, commitIndex=10} to 2
11:35:42.985 [raft-server-2] TRACE i.a.p.raft.roles.FollowerRole - RaftServer{2}{role=FOLLOWER} - Received AppendRequest{term=1, leader=1, prevLogIndex=10, prevLogTerm=1, entries=0, commitIndex=10}
11:35:42.985 [raft-server-2] TRACE i.a.p.raft.roles.FollowerRole - RaftServer{2}{role=FOLLOWER} - Sending AppendResponse{status=OK, term=1, succeeded=true, lastLogIndex=10}
11:35:42.985 [raft-server-1] TRACE i.a.p.raft.roles.LeaderAppender - RaftServer{1} - Received AppendResponse{status=OK, term=1, succeeded=true, lastLogIndex=10} from 2
11:35:42.985 [raft-server-1] TRACE i.a.p.raft.roles.LeaderAppender - RaftServer{1} - Sending AppendRequest{term=1, leader=1, prevLogIndex=10, prevLogTerm=1, entries=0, commitIndex=10} to 2
11:35:42.985 [raft-server-2] TRACE i.a.p.raft.roles.FollowerRole - RaftServer{2}{role=FOLLOWER} - Received AppendRequest{term=1, leader=1, prevLogIndex=10, prevLogTerm=1, entries=0, commitIndex=10}
11:35:42.985 [raft-server-2] TRACE i.a.p.raft.roles.FollowerRole - RaftServer{2}{role=FOLLOWER} - Sending AppendResponse{status=OK, term=1, succeeded=true, lastLogIndex=10}
11:35:42.985 [raft-server-1] TRACE i.a.p.raft.roles.LeaderAppender - RaftServer{1} - Received AppendResponse{status=OK, term=1, succeeded=true, lastLogIndex=10} from 2
11:35:42.985 [raft-server-1] TRACE i.a.p.raft.roles.LeaderAppender - RaftServer{1} - Sending AppendRequest{term=1, leader=1, prevLogIndex=10, prevLogTerm=1, entries=0, commitIndex=10} to 2
11:35:42.986 [raft-server-2] TRACE i.a.p.raft.roles.FollowerRole - RaftServer{2}{role=FOLLOWER} - Received AppendRequest{term=1, leader=1, prevLogIndex=10, prevLogTerm=1, entries=0, commitIndex=10}
11:35:42.986 [raft-server-2] TRACE i.a.p.raft.roles.FollowerRole - RaftServer{2}{role=FOLLOWER} - Sending AppendResponse{status=OK, term=1, succeeded=true, lastLogIndex=10}
11:35:42.986 [raft-server-1] TRACE i.a.p.raft.roles.LeaderAppender - RaftServer{1} - Received AppendResponse{status=OK, term=1, succeeded=true, lastLogIndex=10} from 2
11:35:42.986 [raft-server-1] TRACE i.a.p.raft.roles.LeaderAppender - RaftServer{1} - Sending AppendRequest{term=1, leader=1, prevLogIndex=10, prevLogTerm=1, entries=0, commitIndex=10} to 2
11:35:42.986 [raft-server-2] TRACE i.a.p.raft.roles.FollowerRole - RaftServer{2}{role=FOLLOWER} - Received AppendRequest{term=1, leader=1, prevLogIndex=10, prevLogTerm=1, entries=0, commitIndex=10}
11:35:42.986 [raft-server-2] TRACE i.a.p.raft.roles.FollowerRole - RaftServer{2}{role=FOLLOWER} - Sending AppendResponse{status=OK, term=1, succeeded=true, lastLogIndex=10}
11:35:42.986 [raft-server-1] TRACE i.a.p.raft.roles.LeaderAppender - RaftServer{1} - Received AppendResponse{status=OK, term=1, succeeded=true, lastLogIndex=10} from 2
11:35:43.235 [raft-server-1] TRACE i.a.p.raft.roles.LeaderAppender - RaftServer{1} - Sending AppendRequest{term=1, leader=1, prevLogIndex=10, prevLogTerm=1, entries=0, commitIndex=10} to 2
11:35:43.235 [raft-server-2] TRACE i.a.p.raft.roles.FollowerRole - RaftServer{2}{role=FOLLOWER} - Received AppendRequest{term=1, leader=1, prevLogIndex=10, prevLogTerm=1, entries=0, commitIndex=10}
11:35:43.235 [raft-server-2] TRACE i.a.p.raft.roles.FollowerRole - RaftServer{2}{role=FOLLOWER} - Sending AppendResponse{status=OK, term=1, succeeded=true, lastLogIndex=10}
11:35:43.235 [raft-server-1] TRACE i.a.p.raft.roles.LeaderAppender - RaftServer{1} - Received AppendResponse{status=OK, term=1, succeeded=true, lastLogIndex=10} from 2
11:35:43.235 [raft-server-1] TRACE i.a.p.raft.roles.LeaderAppender - RaftServer{1} - Sending AppendRequest{term=1, leader=1, prevLogIndex=10, prevLogTerm=1, entries=0, commitIndex=10} to 2
11:35:43.235 [raft-server-2] TRACE i.a.p.raft.roles.FollowerRole - RaftServer{2}{role=FOLLOWER} - Received AppendRequest{term=1, leader=1, prevLogIndex=10, prevLogTerm=1, entries=0, commitIndex=10}
11:35:43.235 [raft-server-2] TRACE i.a.p.raft.roles.FollowerRole - RaftServer{2}{role=FOLLOWER} - Sending AppendResponse{status=OK, term=1, succeeded=true, lastLogIndex=10}
11:35:43.235 [raft-server-1] TRACE i.a.p.raft.roles.LeaderAppender - RaftServer{1} - Received AppendResponse{status=OK, term=1, succeeded=true, lastLogIndex=10} from 2
11:35:43.235 [raft-server-1] TRACE i.a.p.raft.roles.LeaderAppender - RaftServer{1} - Sending AppendRequest{term=1, leader=1, prevLogIndex=10, prevLogTerm=1, entries=0, commitIndex=10} to 2
11:35:43.235 [raft-server-2] TRACE i.a.p.raft.roles.FollowerRole - RaftServer{2}{role=FOLLOWER} - Received AppendRequest{term=1, leader=1, prevLogIndex=10, prevLogTerm=1, entries=0, commitIndex=10}
11:35:43.235 [raft-server-2] TRACE i.a.p.raft.roles.FollowerRole - RaftServer{2}{role=FOLLOWER} - Sending AppendResponse{status=OK, term=1, succeeded=true, lastLogIndex=10}
11:35:43.236 [raft-server-1] TRACE i.a.p.raft.roles.LeaderAppender - RaftServer{1} - Received AppendResponse{status=OK, term=1, succeeded=true, lastLogIndex=10} from 2
11:35:43.236 [raft-server-1] TRACE i.a.p.raft.roles.LeaderAppender - RaftServer{1} - Sending AppendRequest{term=1, leader=1, prevLogIndex=10, prevLogTerm=1, entries=0, commitIndex=10} to 2
11:35:43.236 [raft-server-2] TRACE i.a.p.raft.roles.FollowerRole - RaftServer{2}{role=FOLLOWER} - Received AppendRequest{term=1, leader=1, prevLogIndex=10, prevLogTerm=1, entries=0, commitIndex=10}
11:35:43.236 [raft-server-2] TRACE i.a.p.raft.roles.FollowerRole - RaftServer{2}{role=FOLLOWER} - Sending AppendResponse{status=OK, term=1, succeeded=true, lastLogIndex=10}
11:35:43.236 [raft-server-1] TRACE i.a.p.raft.roles.LeaderAppender - RaftServer{1} - Received AppendResponse{status=OK, term=1, succeeded=true, lastLogIndex=10} from 2
11:35:43.485 [raft-server-1] TRACE i.a.p.raft.roles.LeaderAppender - RaftServer{1} - Sending AppendRequest{term=1, leader=1, prevLogIndex=10, prevLogTerm=1, entries=0, commitIndex=10} to 2
11:35:43.485 [raft-server-2] TRACE i.a.p.raft.roles.FollowerRole - RaftServer{2}{role=FOLLOWER} - Received AppendRequest{term=1, leader=1, prevLogIndex=10, prevLogTerm=1, entries=0, commitIndex=10}
11:35:43.485 [raft-server-2] TRACE i.a.p.raft.roles.FollowerRole - RaftServer{2}{role=FOLLOWER} - Sending AppendResponse{status=OK, term=1, succeeded=true, lastLogIndex=10}
11:35:43.485 [raft-server-1] TRACE i.a.p.raft.roles.LeaderAppender - RaftServer{1} - Received AppendResponse{status=OK, term=1, succeeded=true, lastLogIndex=10} from 2
11:35:43.485 [raft-server-1] TRACE i.a.p.raft.roles.LeaderAppender - RaftServer{1} - Sending AppendRequest{term=1, leader=1, prevLogIndex=10, prevLogTerm=1, entries=0, commitIndex=10} to 2
11:35:43.485 [raft-server-2] TRACE i.a.p.raft.roles.FollowerRole - RaftServer{2}{role=FOLLOWER} - Received AppendRequest{term=1, leader=1, prevLogIndex=10, prevLogTerm=1, entries=0, commitIndex=10}
11:35:43.485 [raft-server-2] TRACE i.a.p.raft.roles.FollowerRole - RaftServer{2}{role=FOLLOWER} - Sending AppendResponse{status=OK, term=1, succeeded=true, lastLogIndex=10}
11:35:43.485 [raft-server-1] TRACE i.a.p.raft.roles.LeaderAppender - RaftServer{1} - Received AppendResponse{status=OK, term=1, succeeded=true, lastLogIndex=10} from 2
11:35:43.485 [raft-server-1] TRACE i.a.p.raft.roles.LeaderAppender - RaftServer{1} - Sending AppendRequest{term=1, leader=1, prevLogIndex=10, prevLogTerm=1, entries=0, commitIndex=10} to 2
11:35:43.485 [raft-server-2] TRACE i.a.p.raft.roles.FollowerRole - RaftServer{2}{role=FOLLOWER} - Received AppendRequest{term=1, leader=1, prevLogIndex=10, prevLogTerm=1, entries=0, commitIndex=10}
11:35:43.485 [raft-server-2] TRACE i.a.p.raft.roles.FollowerRole - RaftServer{2}{role=FOLLOWER} - Sending AppendResponse{status=OK, term=1, succeeded=true, lastLogIndex=10}
11:35:43.485 [raft-server-1] TRACE i.a.p.raft.roles.LeaderAppender - RaftServer{1} - Received AppendResponse{status=OK, term=1, succeeded=true, lastLogIndex=10} from 2
11:35:43.485 [raft-server-1] TRACE i.a.p.raft.roles.LeaderAppender - RaftServer{1} - Sending AppendRequest{term=1, leader=1, prevLogIndex=10, prevLogTerm=1, entries=0, commitIndex=10} to 2
11:35:43.486 [raft-server-2] TRACE i.a.p.raft.roles.FollowerRole - RaftServer{2}{role=FOLLOWER} - Received AppendRequest{term=1, leader=1, prevLogIndex=10, prevLogTerm=1, entries=0, commitIndex=10}
11:35:43.486 [raft-server-2] TRACE i.a.p.raft.roles.FollowerRole - RaftServer{2}{role=FOLLOWER} - Sending AppendResponse{status=OK, term=1, succeeded=true, lastLogIndex=10}
11:35:43.486 [raft-server-1] TRACE i.a.p.raft.roles.LeaderAppender - RaftServer{1} - Received AppendResponse{status=OK, term=1, succeeded=true, lastLogIndex=10} from 2
11:35:43.486 [raft-server-1] TRACE i.a.p.raft.roles.LeaderAppender - RaftServer{1} - Sending AppendRequest{term=1, leader=1, prevLogIndex=10, prevLogTerm=1, entries=0, commitIndex=10} to 2
11:35:43.486 [raft-server-2] TRACE i.a.p.raft.roles.FollowerRole - RaftServer{2}{role=FOLLOWER} - Received AppendRequest{term=1, leader=1, prevLogIndex=10, prevLogTerm=1, entries=0, commitIndex=10}
11:35:43.486 [raft-server-2] TRACE i.a.p.raft.roles.FollowerRole - RaftServer{2}{role=FOLLOWER} - Sending AppendResponse{status=OK, term=1, succeeded=true, lastLogIndex=10}
11:35:43.486 [raft-server-1] TRACE i.a.p.raft.roles.LeaderAppender - RaftServer{1} - Received AppendResponse{status=OK, term=1, succeeded=true, lastLogIndex=10} from 2
11:35:43.735 [raft-server-1] TRACE i.a.p.raft.roles.LeaderAppender - RaftServer{1} - Sending AppendRequest{term=1, leader=1, prevLogIndex=10, prevLogTerm=1, entries=0, commitIndex=10} to 2
11:35:43.735 [raft-server-2] TRACE i.a.p.raft.roles.FollowerRole - RaftServer{2}{role=FOLLOWER} - Received AppendRequest{term=1, leader=1, prevLogIndex=10, prevLogTerm=1, entries=0, commitIndex=10}
11:35:43.735 [raft-server-2] TRACE i.a.p.raft.roles.FollowerRole - RaftServer{2}{role=FOLLOWER} - Sending AppendResponse{status=OK, term=1, succeeded=true, lastLogIndex=10}
11:35:43.735 [raft-server-1] TRACE i.a.p.raft.roles.LeaderAppender - RaftServer{1} - Received AppendResponse{status=OK, term=1, succeeded=true, lastLogIndex=10} from 2
11:35:43.735 [raft-server-1] TRACE i.a.p.raft.roles.LeaderAppender - RaftServer{1} - Sending AppendRequest{term=1, leader=1, prevLogIndex=10, prevLogTerm=1, entries=0, commitIndex=10} to 2
11:35:43.735 [raft-server-2] TRACE i.a.p.raft.roles.FollowerRole - RaftServer{2}{role=FOLLOWER} - Received AppendRequest{term=1, leader=1, prevLogIndex=10, prevLogTerm=1, entries=0, commitIndex=10}
11:35:43.735 [raft-server-2] TRACE i.a.p.raft.roles.FollowerRole - RaftServer{2}{role=FOLLOWER} - Sending AppendResponse{status=OK, term=1, succeeded=true, lastLogIndex=10}
11:35:43.735 [raft-server-1] TRACE i.a.p.raft.roles.LeaderAppender - RaftServer{1} - Received AppendResponse{status=OK, term=1, succeeded=true, lastLogIndex=10} from 2
11:35:43.735 [raft-server-1] TRACE i.a.p.raft.roles.LeaderAppender - RaftServer{1} - Sending AppendRequest{term=1, leader=1, prevLogIndex=10, prevLogTerm=1, entries=0, commitIndex=10} to 2
11:35:43.735 [raft-server-2] TRACE i.a.p.raft.roles.FollowerRole - RaftServer{2}{role=FOLLOWER} - Received AppendRequest{term=1, leader=1, prevLogIndex=10, prevLogTerm=1, entries=0, commitIndex=10}
11:35:43.735 [raft-server-2] TRACE i.a.p.raft.roles.FollowerRole - RaftServer{2}{role=FOLLOWER} - Sending AppendResponse{status=OK, term=1, succeeded=true, lastLogIndex=10}
11:35:43.735 [raft-server-1] TRACE i.a.p.raft.roles.LeaderAppender - RaftServer{1} - Received AppendResponse{status=OK, term=1, succeeded=true, lastLogIndex=10} from 2
11:35:43.735 [raft-server-1] TRACE i.a.p.raft.roles.LeaderAppender - RaftServer{1} - Sending AppendRequest{term=1, leader=1, prevLogIndex=10, prevLogTerm=1, entries=0, commitIndex=10} to 2
11:35:43.735 [raft-server-2] TRACE i.a.p.raft.roles.FollowerRole - RaftServer{2}{role=FOLLOWER} - Received AppendRequest{term=1, leader=1, prevLogIndex=10, prevLogTerm=1, entries=0, commitIndex=10}
11:35:43.735 [raft-server-2] TRACE i.a.p.raft.roles.FollowerRole - RaftServer{2}{role=FOLLOWER} - Sending AppendResponse{status=OK, term=1, succeeded=true, lastLogIndex=10}
11:35:43.735 [raft-server-1] TRACE i.a.p.raft.roles.LeaderAppender - RaftServer{1} - Received AppendResponse{status=OK, term=1, succeeded=true, lastLogIndex=10} from 2
11:35:43.735 [raft-server-1] TRACE i.a.p.raft.roles.LeaderAppender - RaftServer{1} - Sending AppendRequest{term=1, leader=1, prevLogIndex=10, prevLogTerm=1, entries=0, commitIndex=10} to 2
11:35:43.735 [raft-server-2] TRACE i.a.p.raft.roles.FollowerRole - RaftServer{2}{role=FOLLOWER} - Received AppendRequest{term=1, leader=1, prevLogIndex=10, prevLogTerm=1, entries=0, commitIndex=10}
11:35:43.736 [raft-server-2] TRACE i.a.p.raft.roles.FollowerRole - RaftServer{2}{role=FOLLOWER} - Sending AppendResponse{status=OK, term=1, succeeded=true, lastLogIndex=10}
11:35:43.736 [raft-server-1] TRACE i.a.p.raft.roles.LeaderAppender - RaftServer{1} - Received AppendResponse{status=OK, term=1, succeeded=true, lastLogIndex=10} from 2
11:35:43.736 [raft-server-1] TRACE i.a.p.raft.roles.LeaderAppender - RaftServer{1} - Sending AppendRequest{term=1, leader=1, prevLogIndex=10, prevLogTerm=1, entries=0, commitIndex=10} to 2
11:35:43.736 [raft-server-2] TRACE i.a.p.raft.roles.FollowerRole - RaftServer{2}{role=FOLLOWER} - Received AppendRequest{term=1, leader=1, prevLogIndex=10, prevLogTerm=1, entries=0, commitIndex=10}
11:35:43.736 [raft-server-2] TRACE i.a.p.raft.roles.FollowerRole - RaftServer{2}{role=FOLLOWER} - Sending AppendResponse{status=OK, term=1, succeeded=true, lastLogIndex=10}
11:35:43.736 [raft-server-1] TRACE i.a.p.raft.roles.LeaderAppender - RaftServer{1} - Received AppendResponse{status=OK, term=1, succeeded=true, lastLogIndex=10} from 2
11:35:43.985 [raft-server-1] TRACE i.a.p.raft.roles.LeaderAppender - RaftServer{1} - Sending AppendRequest{term=1, leader=1, prevLogIndex=10, prevLogTerm=1, entries=0, commitIndex=10} to 2
11:35:43.985 [raft-server-2] TRACE i.a.p.raft.roles.FollowerRole - RaftServer{2}{role=FOLLOWER} - Received AppendRequest{term=1, leader=1, prevLogIndex=10, prevLogTerm=1, entries=0, commitIndex=10}
11:35:43.985 [raft-server-2] TRACE i.a.p.raft.roles.FollowerRole - RaftServer{2}{role=FOLLOWER} - Sending AppendResponse{status=OK, term=1, succeeded=true, lastLogIndex=10}
11:35:43.985 [raft-server-1] TRACE i.a.p.raft.roles.LeaderAppender - RaftServer{1} - Received AppendResponse{status=OK, term=1, succeeded=true, lastLogIndex=10} from 2
11:35:43.985 [raft-server-1] TRACE i.a.p.raft.roles.LeaderAppender - RaftServer{1} - Sending AppendRequest{term=1, leader=1, prevLogIndex=10, prevLogTerm=1, entries=0, commitIndex=10} to 2
11:35:43.985 [raft-server-2] TRACE i.a.p.raft.roles.FollowerRole - RaftServer{2}{role=FOLLOWER} - Received AppendRequest{term=1, leader=1, prevLogIndex=10, prevLogTerm=1, entries=0, commitIndex=10}
11:35:43.985 [raft-server-2] TRACE i.a.p.raft.roles.FollowerRole - RaftServer{2}{role=FOLLOWER} - Sending AppendResponse{status=OK, term=1, succeeded=true, lastLogIndex=10}
11:35:43.985 [raft-server-1] TRACE i.a.p.raft.roles.LeaderAppender - RaftServer{1} - Received AppendResponse{status=OK, term=1, succeeded=true, lastLogIndex=10} from 2
11:35:43.985 [raft-server-1] TRACE i.a.p.raft.roles.LeaderAppender - RaftServer{1} - Sending AppendRequest{term=1, leader=1, prevLogIndex=10, prevLogTerm=1, entries=0, commitIndex=10} to 2
11:35:43.985 [raft-server-2] TRACE i.a.p.raft.roles.FollowerRole - RaftServer{2}{role=FOLLOWER} - Received AppendRequest{term=1, leader=1, prevLogIndex=10, prevLogTerm=1, entries=0, commitIndex=10}
11:35:43.985 [raft-server-2] TRACE i.a.p.raft.roles.FollowerRole - RaftServer{2}{role=FOLLOWER} - Sending AppendResponse{status=OK, term=1, succeeded=true, lastLogIndex=10}
11:35:43.985 [raft-server-1] TRACE i.a.p.raft.roles.LeaderAppender - RaftServer{1} - Received AppendResponse{status=OK, term=1, succeeded=true, lastLogIndex=10} from 2
11:35:43.985 [raft-server-1] TRACE i.a.p.raft.roles.LeaderAppender - RaftServer{1} - Sending AppendRequest{term=1, leader=1, prevLogIndex=10, prevLogTerm=1, entries=0, commitIndex=10} to 2
11:35:43.985 [raft-server-2] TRACE i.a.p.raft.roles.FollowerRole - RaftServer{2}{role=FOLLOWER} - Received AppendRequest{term=1, leader=1, prevLogIndex=10, prevLogTerm=1, entries=0, commitIndex=10}
11:35:43.985 [raft-server-2] TRACE i.a.p.raft.roles.FollowerRole - RaftServer{2}{role=FOLLOWER} - Sending AppendResponse{status=OK, term=1, succeeded=true, lastLogIndex=10}
11:35:43.986 [raft-server-1] TRACE i.a.p.raft.roles.LeaderAppender - RaftServer{1} - Received AppendResponse{status=OK, term=1, succeeded=true, lastLogIndex=10} from 2
11:35:43.986 [raft-server-1] TRACE i.a.p.raft.roles.LeaderAppender - RaftServer{1} - Sending AppendRequest{term=1, leader=1, prevLogIndex=10, prevLogTerm=1, entries=0, commitIndex=10} to 2
11:35:43.986 [raft-server-2] TRACE i.a.p.raft.roles.FollowerRole - RaftServer{2}{role=FOLLOWER} - Received AppendRequest{term=1, leader=1, prevLogIndex=10, prevLogTerm=1, entries=0, commitIndex=10}
11:35:43.986 [raft-server-2] TRACE i.a.p.raft.roles.FollowerRole - RaftServer{2}{role=FOLLOWER} - Sending AppendResponse{status=OK, term=1, succeeded=true, lastLogIndex=10}
11:35:43.986 [raft-server-1] TRACE i.a.p.raft.roles.LeaderAppender - RaftServer{1} - Received AppendResponse{status=OK, term=1, succeeded=true, lastLogIndex=10} from 2
11:35:44.235 [raft-server-1] TRACE i.a.p.raft.roles.LeaderAppender - RaftServer{1} - Sending AppendRequest{term=1, leader=1, prevLogIndex=10, prevLogTerm=1, entries=0, commitIndex=10} to 2
11:35:44.235 [raft-server-2] TRACE i.a.p.raft.roles.FollowerRole - RaftServer{2}{role=FOLLOWER} - Received AppendRequest{term=1, leader=1, prevLogIndex=10, prevLogTerm=1, entries=0, commitIndex=10}
11:35:44.235 [raft-server-2] TRACE i.a.p.raft.roles.FollowerRole - RaftServer{2}{role=FOLLOWER} - Sending AppendResponse{status=OK, term=1, succeeded=true, lastLogIndex=10}
11:35:44.235 [raft-server-1] TRACE i.a.p.raft.roles.LeaderAppender - RaftServer{1} - Received AppendResponse{status=OK, term=1, succeeded=true, lastLogIndex=10} from 2
11:35:44.235 [raft-server-1] TRACE i.a.p.raft.roles.LeaderAppender - RaftServer{1} - Sending AppendRequest{term=1, leader=1, prevLogIndex=10, prevLogTerm=1, entries=0, commitIndex=10} to 2
11:35:44.235 [raft-server-2] TRACE i.a.p.raft.roles.FollowerRole - RaftServer{2}{role=FOLLOWER} - Received AppendRequest{term=1, leader=1, prevLogIndex=10, prevLogTerm=1, entries=0, commitIndex=10}
11:35:44.235 [raft-server-2] TRACE i.a.p.raft.roles.FollowerRole - RaftServer{2}{role=FOLLOWER} - Sending AppendResponse{status=OK, term=1, succeeded=true, lastLogIndex=10}
11:35:44.235 [raft-server-1] TRACE i.a.p.raft.roles.LeaderAppender - RaftServer{1} - Received AppendResponse{status=OK, term=1, succeeded=true, lastLogIndex=10} from 2
11:35:44.235 [raft-server-1] TRACE i.a.p.raft.roles.LeaderAppender - RaftServer{1} - Sending AppendRequest{term=1, leader=1, prevLogIndex=10, prevLogTerm=1, entries=0, commitIndex=10} to 2
11:35:44.235 [raft-server-2] TRACE i.a.p.raft.roles.FollowerRole - RaftServer{2}{role=FOLLOWER} - Received AppendRequest{term=1, leader=1, prevLogIndex=10, prevLogTerm=1, entries=0, commitIndex=10}
11:35:44.235 [raft-server-2] TRACE i.a.p.raft.roles.FollowerRole - RaftServer{2}{role=FOLLOWER} - Sending AppendResponse{status=OK, term=1, succeeded=true, lastLogIndex=10}
11:35:44.235 [raft-server-1] TRACE i.a.p.raft.roles.LeaderAppender - RaftServer{1} - Received AppendResponse{status=OK, term=1, succeeded=true, lastLogIndex=10} from 2
11:35:44.235 [raft-server-1] TRACE i.a.p.raft.roles.LeaderAppender - RaftServer{1} - Sending AppendRequest{term=1, leader=1, prevLogIndex=10, prevLogTerm=1, entries=0, commitIndex=10} to 2
11:35:44.236 [raft-server-2] TRACE i.a.p.raft.roles.FollowerRole - RaftServer{2}{role=FOLLOWER} - Received AppendRequest{term=1, leader=1, prevLogIndex=10, prevLogTerm=1, entries=0, commitIndex=10}
11:35:44.236 [raft-server-2] TRACE i.a.p.raft.roles.FollowerRole - RaftServer{2}{role=FOLLOWER} - Sending AppendResponse{status=OK, term=1, succeeded=true, lastLogIndex=10}
11:35:44.236 [raft-server-1] TRACE i.a.p.raft.roles.LeaderAppender - RaftServer{1} - Received AppendResponse{status=OK, term=1, succeeded=true, lastLogIndex=10} from 2
11:35:44.236 [raft-server-1] TRACE i.a.p.raft.roles.LeaderAppender - RaftServer{1} - Sending AppendRequest{term=1, leader=1, prevLogIndex=10, prevLogTerm=1, entries=0, commitIndex=10} to 2
11:35:44.236 [raft-server-2] TRACE i.a.p.raft.roles.FollowerRole - RaftServer{2}{role=FOLLOWER} - Received AppendRequest{term=1, leader=1, prevLogIndex=10, prevLogTerm=1, entries=0, commitIndex=10}
11:35:44.236 [raft-server-2] TRACE i.a.p.raft.roles.FollowerRole - RaftServer{2}{role=FOLLOWER} - Sending AppendResponse{status=OK, term=1, succeeded=true, lastLogIndex=10}
11:35:44.236 [raft-server-1] TRACE i.a.p.raft.roles.LeaderAppender - RaftServer{1} - Received AppendResponse{status=OK, term=1, succeeded=true, lastLogIndex=10} from 2
11:35:44.485 [raft-server-1] TRACE i.a.p.raft.roles.LeaderAppender - RaftServer{1} - Sending AppendRequest{term=1, leader=1, prevLogIndex=10, prevLogTerm=1, entries=0, commitIndex=10} to 2
11:35:44.485 [raft-server-2] TRACE i.a.p.raft.roles.FollowerRole - RaftServer{2}{role=FOLLOWER} - Received AppendRequest{term=1, leader=1, prevLogIndex=10, prevLogTerm=1, entries=0, commitIndex=10}
11:35:44.485 [raft-server-2] TRACE i.a.p.raft.roles.FollowerRole - RaftServer{2}{role=FOLLOWER} - Sending AppendResponse{status=OK, term=1, succeeded=true, lastLogIndex=10}
11:35:44.485 [raft-server-1] TRACE i.a.p.raft.roles.LeaderAppender - RaftServer{1} - Received AppendResponse{status=OK, term=1, succeeded=true, lastLogIndex=10} from 2
11:35:44.485 [raft-server-1] TRACE i.a.p.raft.roles.LeaderAppender - RaftServer{1} - Sending AppendRequest{term=1, leader=1, prevLogIndex=10, prevLogTerm=1, entries=0, commitIndex=10} to 2
11:35:44.485 [raft-server-2] TRACE i.a.p.raft.roles.FollowerRole - RaftServer{2}{role=FOLLOWER} - Received AppendRequest{term=1, leader=1, prevLogIndex=10, prevLogTerm=1, entries=0, commitIndex=10}
11:35:44.485 [raft-server-2] TRACE i.a.p.raft.roles.FollowerRole - RaftServer{2}{role=FOLLOWER} - Sending AppendResponse{status=OK, term=1, succeeded=true, lastLogIndex=10}
11:35:44.486 [raft-server-1] TRACE i.a.p.raft.roles.LeaderAppender - RaftServer{1} - Received AppendResponse{status=OK, term=1, succeeded=true, lastLogIndex=10} from 2
11:35:44.486 [raft-server-1] TRACE i.a.p.raft.roles.LeaderAppender - RaftServer{1} - Sending AppendRequest{term=1, leader=1, prevLogIndex=10, prevLogTerm=1, entries=0, commitIndex=10} to 2
11:35:44.486 [raft-server-2] TRACE i.a.p.raft.roles.FollowerRole - RaftServer{2}{role=FOLLOWER} - Received AppendRequest{term=1, leader=1, prevLogIndex=10, prevLogTerm=1, entries=0, commitIndex=10}
11:35:44.486 [raft-server-2] TRACE i.a.p.raft.roles.FollowerRole - RaftServer{2}{role=FOLLOWER} - Sending AppendResponse{status=OK, term=1, succeeded=true, lastLogIndex=10}
11:35:44.486 [raft-server-1] TRACE i.a.p.raft.roles.LeaderAppender - RaftServer{1} - Received AppendResponse{status=OK, term=1, succeeded=true, lastLogIndex=10} from 2
11:35:44.735 [raft-server-1] TRACE i.a.p.raft.roles.LeaderAppender - RaftServer{1} - Sending AppendRequest{term=1, leader=1, prevLogIndex=10, prevLogTerm=1, entries=0, commitIndex=10} to 2
11:35:44.735 [raft-server-2] TRACE i.a.p.raft.roles.FollowerRole - RaftServer{2}{role=FOLLOWER} - Received AppendRequest{term=1, leader=1, prevLogIndex=10, prevLogTerm=1, entries=0, commitIndex=10}
11:35:44.735 [raft-server-2] TRACE i.a.p.raft.roles.FollowerRole - RaftServer{2}{role=FOLLOWER} - Sending AppendResponse{status=OK, term=1, succeeded=true, lastLogIndex=10}
11:35:44.735 [raft-server-1] TRACE i.a.p.raft.roles.LeaderAppender - RaftServer{1} - Received AppendResponse{status=OK, term=1, succeeded=true, lastLogIndex=10} from 2
11:35:44.735 [raft-server-1] TRACE i.a.p.raft.roles.LeaderAppender - RaftServer{1} - Sending AppendRequest{term=1, leader=1, prevLogIndex=10, prevLogTerm=1, entries=0, commitIndex=10} to 2
11:35:44.735 [raft-server-2] TRACE i.a.p.raft.roles.FollowerRole - RaftServer{2}{role=FOLLOWER} - Received AppendRequest{term=1, leader=1, prevLogIndex=10, prevLogTerm=1, entries=0, commitIndex=10}
11:35:44.735 [raft-server-2] TRACE i.a.p.raft.roles.FollowerRole - RaftServer{2}{role=FOLLOWER} - Sending AppendResponse{status=OK, term=1, succeeded=true, lastLogIndex=10}
11:35:44.735 [raft-server-1] TRACE i.a.p.raft.roles.LeaderAppender - RaftServer{1} - Received AppendResponse{status=OK, term=1, succeeded=true, lastLogIndex=10} from 2
11:35:44.735 [raft-server-1] TRACE i.a.p.raft.roles.LeaderAppender - RaftServer{1} - Sending AppendRequest{term=1, leader=1, prevLogIndex=10, prevLogTerm=1, entries=0, commitIndex=10} to 2
11:35:44.735 [raft-server-2] TRACE i.a.p.raft.roles.FollowerRole - RaftServer{2}{role=FOLLOWER} - Received AppendRequest{term=1, leader=1, prevLogIndex=10, prevLogTerm=1, entries=0, commitIndex=10}
11:35:44.735 [raft-server-2] TRACE i.a.p.raft.roles.FollowerRole - RaftServer{2}{role=FOLLOWER} - Sending AppendResponse{status=OK, term=1, succeeded=true, lastLogIndex=10}
11:35:44.735 [raft-server-1] TRACE i.a.p.raft.roles.LeaderAppender - RaftServer{1} - Received AppendResponse{status=OK, term=1, succeeded=true, lastLogIndex=10} from 2
11:35:44.735 [raft-server-1] TRACE i.a.p.raft.roles.LeaderAppender - RaftServer{1} - Sending AppendRequest{term=1, leader=1, prevLogIndex=10, prevLogTerm=1, entries=0, commitIndex=10} to 2
11:35:44.735 [raft-server-2] TRACE i.a.p.raft.roles.FollowerRole - RaftServer{2}{role=FOLLOWER} - Received AppendRequest{term=1, leader=1, prevLogIndex=10, prevLogTerm=1, entries=0, commitIndex=10}
11:35:44.735 [raft-server-2] TRACE i.a.p.raft.roles.FollowerRole - RaftServer{2}{role=FOLLOWER} - Sending AppendResponse{status=OK, term=1, succeeded=true, lastLogIndex=10}
11:35:44.736 [raft-server-1] TRACE i.a.p.raft.roles.LeaderAppender - RaftServer{1} - Received AppendResponse{status=OK, term=1, succeeded=true, lastLogIndex=10} from 2
11:35:44.736 [raft-server-1] TRACE i.a.p.raft.roles.LeaderAppender - RaftServer{1} - Sending AppendRequest{term=1, leader=1, prevLogIndex=10, prevLogTerm=1, entries=0, commitIndex=10} to 2
11:35:44.736 [raft-server-2] TRACE i.a.p.raft.roles.FollowerRole - RaftServer{2}{role=FOLLOWER} - Received AppendRequest{term=1, leader=1, prevLogIndex=10, prevLogTerm=1, entries=0, commitIndex=10}
11:35:44.736 [raft-server-2] TRACE i.a.p.raft.roles.FollowerRole - RaftServer{2}{role=FOLLOWER} - Sending AppendResponse{status=OK, term=1, succeeded=true, lastLogIndex=10}
11:35:44.736 [raft-server-1] TRACE i.a.p.raft.roles.LeaderAppender - RaftServer{1} - Received AppendResponse{status=OK, term=1, succeeded=true, lastLogIndex=10} from 2
11:35:44.749 [raft-client-e93f55c3-5bda-4e64-bf5f-fc9c79dd4249-5] TRACE i.a.p.r.proxy.impl.RaftProxyManager - RaftClient{e93f55c3-5bda-4e64-bf5f-fc9c79dd4249} - Keeping 1 sessions alive
11:35:44.749 [raft-client-e93f55c3-5bda-4e64-bf5f-fc9c79dd4249-5] TRACE i.a.p.r.p.impl.RaftProxyConnection - RaftClient{e93f55c3-5bda-4e64-bf5f-fc9c79dd4249} - Sending KeepAliveRequest{sessionIds=long[]{length=1, hash=33}, commandSequences=long[]{length=1, hash=31}, eventIndexes=long[]{length=1, hash=33}} to 1
11:35:44.749 [raft-server-1] TRACE i.a.protocols.raft.roles.LeaderRole - RaftServer{1}{role=LEADER} - Received KeepAliveRequest{sessionIds=long[]{length=1, hash=33}, commandSequences=long[]{length=1, hash=31}, eventIndexes=long[]{length=1, hash=33}}
11:35:44.807 [raft-server-1] DEBUG i.a.storage.journal.SegmentedJournal - Created disk segment: JournalSegment{id=2, version=1, index=11, size=64}
11:35:44.808 [raft-server-1] TRACE i.a.protocols.raft.roles.LeaderRole - RaftServer{1}{role=LEADER} - Appended Indexed{index=11, entry=KeepAliveEntry{term=1, timestamp=2018-06-05 11:35:44,749, sessionIds=long[]{length=1, hash=33}, commandSequences=long[]{length=1, hash=31}, eventIndexes=long[]{length=1, hash=33}}}
11:35:44.808 [raft-server-1] TRACE i.a.p.raft.roles.LeaderAppender - RaftServer{1} - Sending AppendRequest{term=1, leader=1, prevLogIndex=10, prevLogTerm=1, entries=1, commitIndex=10} to 2
11:35:44.808 [raft-server-2] TRACE i.a.p.raft.roles.FollowerRole - RaftServer{2}{role=FOLLOWER} - Received AppendRequest{term=1, leader=1, prevLogIndex=10, prevLogTerm=1, entries=1, commitIndex=10}
11:35:44.849 [raft-server-2] DEBUG i.a.storage.journal.SegmentedJournal - Created disk segment: JournalSegment{id=2, version=1, index=11, size=64}
11:35:44.849 [raft-server-2] TRACE i.a.p.raft.roles.FollowerRole - RaftServer{2}{role=FOLLOWER} - Appended Indexed{index=11, entry=KeepAliveEntry{term=1, timestamp=2018-06-05 11:35:44,749, sessionIds=long[]{length=1, hash=33}, commandSequences=long[]{length=1, hash=31}, eventIndexes=long[]{length=1, hash=33}}}
11:35:44.849 [raft-server-2] TRACE i.a.p.raft.roles.FollowerRole - RaftServer{2}{role=FOLLOWER} - Sending AppendResponse{status=OK, term=1, succeeded=true, lastLogIndex=11}
11:35:44.849 [raft-server-1] TRACE i.a.p.raft.roles.LeaderAppender - RaftServer{1} - Received AppendResponse{status=OK, term=1, succeeded=true, lastLogIndex=11} from 2
11:35:44.849 [raft-server-1] TRACE i.a.p.raft.roles.LeaderAppender - RaftServer{1} - Committed entries up to 11
11:35:44.874 [raft-server-1-state] TRACE i.a.p.raft.impl.RaftServiceManager - RaftServer{1} - Applying Indexed{index=11, entry=KeepAliveEntry{term=1, timestamp=2018-06-05 11:35:44,749, sessionIds=long[]{length=1, hash=33}, commandSequences=long[]{length=1, hash=31}, eventIndexes=long[]{length=1, hash=33}}}
11:35:44.875 [raft-server-1] TRACE i.a.protocols.raft.roles.LeaderRole - RaftServer{1}{role=LEADER} - Sending KeepAliveResponse{status=OK, leader=1, members=[1, 2], sessionIds=long[]{length=1, hash=33}}
11:35:44.875 [raft-client-e93f55c3-5bda-4e64-bf5f-fc9c79dd4249-1] TRACE i.a.p.r.p.impl.RaftProxyConnection - RaftClient{e93f55c3-5bda-4e64-bf5f-fc9c79dd4249} - Received KeepAliveResponse{status=OK, leader=1, members=[1, 2], sessionIds=long[]{length=1, hash=33}} from 1
11:35:44.985 [raft-server-1] TRACE i.a.p.raft.roles.LeaderAppender - RaftServer{1} - Sending AppendRequest{term=1, leader=1, prevLogIndex=11, prevLogTerm=1, entries=0, commitIndex=11} to 2
11:35:44.985 [raft-server-2] TRACE i.a.p.raft.roles.FollowerRole - RaftServer{2}{role=FOLLOWER} - Received AppendRequest{term=1, leader=1, prevLogIndex=11, prevLogTerm=1, entries=0, commitIndex=11}
11:35:45.016 [raft-server-2] TRACE i.a.p.raft.roles.FollowerRole - RaftServer{2}{role=FOLLOWER} - Committed entries up to index 11
11:35:45.016 [raft-server-2] TRACE i.a.p.raft.roles.FollowerRole - RaftServer{2}{role=FOLLOWER} - Sending AppendResponse{status=OK, term=1, succeeded=true, lastLogIndex=11}
11:35:45.016 [raft-server-1] TRACE i.a.p.raft.roles.LeaderAppender - RaftServer{1} - Received AppendResponse{status=OK, term=1, succeeded=true, lastLogIndex=11} from 2
11:35:45.016 [raft-server-2-state] TRACE i.a.p.raft.impl.RaftServiceManager - RaftServer{2} - Applying Indexed{index=11, entry=KeepAliveEntry{term=1, timestamp=2018-06-05 11:35:44,749, sessionIds=long[]{length=1, hash=33}, commandSequences=long[]{length=1, hash=31}, eventIndexes=long[]{length=1, hash=33}}}
11:35:45.016 [raft-server-1] TRACE i.a.p.raft.roles.LeaderAppender - RaftServer{1} - Sending AppendRequest{term=1, leader=1, prevLogIndex=11, prevLogTerm=1, entries=0, commitIndex=11} to 2
11:35:45.016 [raft-server-2] TRACE i.a.p.raft.roles.FollowerRole - RaftServer{2}{role=FOLLOWER} - Received AppendRequest{term=1, leader=1, prevLogIndex=11, prevLogTerm=1, entries=0, commitIndex=11}
11:35:45.016 [raft-server-2] TRACE i.a.p.raft.roles.FollowerRole - RaftServer{2}{role=FOLLOWER} - Sending AppendResponse{status=OK, term=1, succeeded=true, lastLogIndex=11}
11:35:45.016 [raft-server-1] TRACE i.a.p.raft.roles.LeaderAppender - RaftServer{1} - Received AppendResponse{status=OK, term=1, succeeded=true, lastLogIndex=11} from 2
11:35:45.235 [raft-server-1] TRACE i.a.p.raft.roles.LeaderAppender - RaftServer{1} - Sending AppendRequest{term=1, leader=1, prevLogIndex=11, prevLogTerm=1, entries=0, commitIndex=11} to 2
11:35:45.235 [raft-server-2] TRACE i.a.p.raft.roles.FollowerRole - RaftServer{2}{role=FOLLOWER} - Received AppendRequest{term=1, leader=1, prevLogIndex=11, prevLogTerm=1, entries=0, commitIndex=11}
11:35:45.235 [raft-server-2] TRACE i.a.p.raft.roles.FollowerRole - RaftServer{2}{role=FOLLOWER} - Sending AppendResponse{status=OK, term=1, succeeded=true, lastLogIndex=11}
11:35:45.235 [raft-server-1] TRACE i.a.p.raft.roles.LeaderAppender - RaftServer{1} - Received AppendResponse{status=OK, term=1, succeeded=true, lastLogIndex=11} from 2
11:35:45.235 [raft-server-1] TRACE i.a.p.raft.roles.LeaderAppender - RaftServer{1} - Sending AppendRequest{term=1, leader=1, prevLogIndex=11, prevLogTerm=1, entries=0, commitIndex=11} to 2
11:35:45.235 [raft-server-2] TRACE i.a.p.raft.roles.FollowerRole - RaftServer{2}{role=FOLLOWER} - Received AppendRequest{term=1, leader=1, prevLogIndex=11, prevLogTerm=1, entries=0, commitIndex=11}
11:35:45.235 [raft-server-2] TRACE i.a.p.raft.roles.FollowerRole - RaftServer{2}{role=FOLLOWER} - Sending AppendResponse{status=OK, term=1, succeeded=true, lastLogIndex=11}
11:35:45.235 [raft-server-1] TRACE i.a.p.raft.roles.LeaderAppender - RaftServer{1} - Received AppendResponse{status=OK, term=1, succeeded=true, lastLogIndex=11} from 2
11:35:45.235 [raft-server-1] TRACE i.a.p.raft.roles.LeaderAppender - RaftServer{1} - Sending AppendRequest{term=1, leader=1, prevLogIndex=11, prevLogTerm=1, entries=0, commitIndex=11} to 2
11:35:45.235 [raft-server-2] TRACE i.a.p.raft.roles.FollowerRole - RaftServer{2}{role=FOLLOWER} - Received AppendRequest{term=1, leader=1, prevLogIndex=11, prevLogTerm=1, entries=0, commitIndex=11}
11:35:45.235 [raft-server-2] TRACE i.a.p.raft.roles.FollowerRole - RaftServer{2}{role=FOLLOWER} - Sending AppendResponse{status=OK, term=1, succeeded=true, lastLogIndex=11}
11:35:45.235 [raft-server-1] TRACE i.a.p.raft.roles.LeaderAppender - RaftServer{1} - Received AppendResponse{status=OK, term=1, succeeded=true, lastLogIndex=11} from 2
11:35:45.236 [raft-server-1] TRACE i.a.p.raft.roles.LeaderAppender - RaftServer{1} - Sending AppendRequest{term=1, leader=1, prevLogIndex=11, prevLogTerm=1, entries=0, commitIndex=11} to 2
11:35:45.236 [raft-server-2] TRACE i.a.p.raft.roles.FollowerRole - RaftServer{2}{role=FOLLOWER} - Received AppendRequest{term=1, leader=1, prevLogIndex=11, prevLogTerm=1, entries=0, commitIndex=11}
11:35:45.236 [raft-server-2] TRACE i.a.p.raft.roles.FollowerRole - RaftServer{2}{role=FOLLOWER} - Sending AppendResponse{status=OK, term=1, succeeded=true, lastLogIndex=11}
11:35:45.236 [raft-server-1] TRACE i.a.p.raft.roles.LeaderAppender - RaftServer{1} - Received AppendResponse{status=OK, term=1, succeeded=true, lastLogIndex=11} from 2
11:35:45.485 [raft-server-1] TRACE i.a.p.raft.roles.LeaderAppender - RaftServer{1} - Sending AppendRequest{term=1, leader=1, prevLogIndex=11, prevLogTerm=1, entries=0, commitIndex=11} to 2
11:35:45.485 [raft-server-2] TRACE i.a.p.raft.roles.FollowerRole - RaftServer{2}{role=FOLLOWER} - Received AppendRequest{term=1, leader=1, prevLogIndex=11, prevLogTerm=1, entries=0, commitIndex=11}
11:35:45.485 [raft-server-2] TRACE i.a.p.raft.roles.FollowerRole - RaftServer{2}{role=FOLLOWER} - Sending AppendResponse{status=OK, term=1, succeeded=true, lastLogIndex=11}
11:35:45.485 [raft-server-1] TRACE i.a.p.raft.roles.LeaderAppender - RaftServer{1} - Received AppendResponse{status=OK, term=1, succeeded=true, lastLogIndex=11} from 2
11:35:45.485 [raft-server-1] TRACE i.a.p.raft.roles.LeaderAppender - RaftServer{1} - Sending AppendRequest{term=1, leader=1, prevLogIndex=11, prevLogTerm=1, entries=0, commitIndex=11} to 2
11:35:45.485 [raft-server-2] TRACE i.a.p.raft.roles.FollowerRole - RaftServer{2}{role=FOLLOWER} - Received AppendRequest{term=1, leader=1, prevLogIndex=11, prevLogTerm=1, entries=0, commitIndex=11}
11:35:45.485 [raft-server-2] TRACE i.a.p.raft.roles.FollowerRole - RaftServer{2}{role=FOLLOWER} - Sending AppendResponse{status=OK, term=1, succeeded=true, lastLogIndex=11}
11:35:45.485 [raft-server-1] TRACE i.a.p.raft.roles.LeaderAppender - RaftServer{1} - Received AppendResponse{status=OK, term=1, succeeded=true, lastLogIndex=11} from 2
11:35:45.485 [raft-server-1] TRACE i.a.p.raft.roles.LeaderAppender - RaftServer{1} - Sending AppendRequest{term=1, leader=1, prevLogIndex=11, prevLogTerm=1, entries=0, commitIndex=11} to 2
11:35:45.485 [raft-server-2] TRACE i.a.p.raft.roles.FollowerRole - RaftServer{2}{role=FOLLOWER} - Received AppendRequest{term=1, leader=1, prevLogIndex=11, prevLogTerm=1, entries=0, commitIndex=11}
11:35:45.485 [raft-server-2] TRACE i.a.p.raft.roles.FollowerRole - RaftServer{2}{role=FOLLOWER} - Sending AppendResponse{status=OK, term=1, succeeded=true, lastLogIndex=11}
11:35:45.485 [raft-server-1] TRACE i.a.p.raft.roles.LeaderAppender - RaftServer{1} - Received AppendResponse{status=OK, term=1, succeeded=true, lastLogIndex=11} from 2
11:35:45.485 [raft-server-1] TRACE i.a.p.raft.roles.LeaderAppender - RaftServer{1} - Sending AppendRequest{term=1, leader=1, prevLogIndex=11, prevLogTerm=1, entries=0, commitIndex=11} to 2
11:35:45.485 [raft-server-2] TRACE i.a.p.raft.roles.FollowerRole - RaftServer{2}{role=FOLLOWER} - Received AppendRequest{term=1, leader=1, prevLogIndex=11, prevLogTerm=1, entries=0, commitIndex=11}
11:35:45.486 [raft-server-2] TRACE i.a.p.raft.roles.FollowerRole - RaftServer{2}{role=FOLLOWER} - Sending AppendResponse{status=OK, term=1, succeeded=true, lastLogIndex=11}
11:35:45.486 [raft-server-1] TRACE i.a.p.raft.roles.LeaderAppender - RaftServer{1} - Received AppendResponse{status=OK, term=1, succeeded=true, lastLogIndex=11} from 2
11:35:45.486 [raft-server-1] TRACE i.a.p.raft.roles.LeaderAppender - RaftServer{1} - Sending AppendRequest{term=1, leader=1, prevLogIndex=11, prevLogTerm=1, entries=0, commitIndex=11} to 2
11:35:45.486 [raft-server-2] TRACE i.a.p.raft.roles.FollowerRole - RaftServer{2}{role=FOLLOWER} - Received AppendRequest{term=1, leader=1, prevLogIndex=11, prevLogTerm=1, entries=0, commitIndex=11}
11:35:45.486 [raft-server-2] TRACE i.a.p.raft.roles.FollowerRole - RaftServer{2}{role=FOLLOWER} - Sending AppendResponse{status=OK, term=1, succeeded=true, lastLogIndex=11}
11:35:45.486 [raft-server-1] TRACE i.a.p.raft.roles.LeaderAppender - RaftServer{1} - Received AppendResponse{status=OK, term=1, succeeded=true, lastLogIndex=11} from 2
11:35:45.735 [raft-server-1] TRACE i.a.p.raft.roles.LeaderAppender - RaftServer{1} - Sending AppendRequest{term=1, leader=1, prevLogIndex=11, prevLogTerm=1, entries=0, commitIndex=11} to 2
11:35:45.735 [raft-server-2] TRACE i.a.p.raft.roles.FollowerRole - RaftServer{2}{role=FOLLOWER} - Received AppendRequest{term=1, leader=1, prevLogIndex=11, prevLogTerm=1, entries=0, commitIndex=11}
11:35:45.735 [raft-server-2] TRACE i.a.p.raft.roles.FollowerRole - RaftServer{2}{role=FOLLOWER} - Sending AppendResponse{status=OK, term=1, succeeded=true, lastLogIndex=11}
11:35:45.735 [raft-server-1] TRACE i.a.p.raft.roles.LeaderAppender - RaftServer{1} - Received AppendResponse{status=OK, term=1, succeeded=true, lastLogIndex=11} from 2
11:35:45.735 [raft-server-1] TRACE i.a.p.raft.roles.LeaderAppender - RaftServer{1} - Sending AppendRequest{term=1, leader=1, prevLogIndex=11, prevLogTerm=1, entries=0, commitIndex=11} to 2
11:35:45.735 [raft-server-2] TRACE i.a.p.raft.roles.FollowerRole - RaftServer{2}{role=FOLLOWER} - Received AppendRequest{term=1, leader=1, prevLogIndex=11, prevLogTerm=1, entries=0, commitIndex=11}
11:35:45.735 [raft-server-2] TRACE i.a.p.raft.roles.FollowerRole - RaftServer{2}{role=FOLLOWER} - Sending AppendResponse{status=OK, term=1, succeeded=true, lastLogIndex=11}
11:35:45.735 [raft-server-1] TRACE i.a.p.raft.roles.LeaderAppender - RaftServer{1} - Received AppendResponse{status=OK, term=1, succeeded=true, lastLogIndex=11} from 2
11:35:45.735 [raft-server-1] TRACE i.a.p.raft.roles.LeaderAppender - RaftServer{1} - Sending AppendRequest{term=1, leader=1, prevLogIndex=11, prevLogTerm=1, entries=0, commitIndex=11} to 2
11:35:45.736 [raft-server-2] TRACE i.a.p.raft.roles.FollowerRole - RaftServer{2}{role=FOLLOWER} - Received AppendRequest{term=1, leader=1, prevLogIndex=11, prevLogTerm=1, entries=0, commitIndex=11}
11:35:45.736 [raft-server-2] TRACE i.a.p.raft.roles.FollowerRole - RaftServer{2}{role=FOLLOWER} - Sending AppendResponse{status=OK, term=1, succeeded=true, lastLogIndex=11}
11:35:45.736 [raft-server-1] TRACE i.a.p.raft.roles.LeaderAppender - RaftServer{1} - Received AppendResponse{status=OK, term=1, succeeded=true, lastLogIndex=11} from 2
11:35:45.736 [raft-server-1] TRACE i.a.p.raft.roles.LeaderAppender - RaftServer{1} - Sending AppendRequest{term=1, leader=1, prevLogIndex=11, prevLogTerm=1, entries=0, commitIndex=11} to 2
11:35:45.736 [raft-server-2] TRACE i.a.p.raft.roles.FollowerRole - RaftServer{2}{role=FOLLOWER} - Received AppendRequest{term=1, leader=1, prevLogIndex=11, prevLogTerm=1, entries=0, commitIndex=11}
11:35:45.736 [raft-server-2] TRACE i.a.p.raft.roles.FollowerRole - RaftServer{2}{role=FOLLOWER} - Sending AppendResponse{status=OK, term=1, succeeded=true, lastLogIndex=11}
11:35:45.736 [raft-server-1] TRACE i.a.p.raft.roles.LeaderAppender - RaftServer{1} - Received AppendResponse{status=OK, term=1, succeeded=true, lastLogIndex=11} from 2
11:35:45.985 [raft-server-1] TRACE i.a.p.raft.roles.LeaderAppender - RaftServer{1} - Sending AppendRequest{term=1, leader=1, prevLogIndex=11, prevLogTerm=1, entries=0, commitIndex=11} to 2
11:35:45.985 [raft-server-2] TRACE i.a.p.raft.roles.FollowerRole - RaftServer{2}{role=FOLLOWER} - Received AppendRequest{term=1, leader=1, prevLogIndex=11, prevLogTerm=1, entries=0, commitIndex=11}
11:35:45.985 [raft-server-2] TRACE i.a.p.raft.roles.FollowerRole - RaftServer{2}{role=FOLLOWER} - Sending AppendResponse{status=OK, term=1, succeeded=true, lastLogIndex=11}
11:35:45.985 [raft-server-1] TRACE i.a.p.raft.roles.LeaderAppender - RaftServer{1} - Received AppendResponse{status=OK, term=1, succeeded=true, lastLogIndex=11} from 2
11:35:45.985 [raft-server-1] TRACE i.a.p.raft.roles.LeaderAppender - RaftServer{1} - Sending AppendRequest{term=1, leader=1, prevLogIndex=11, prevLogTerm=1, entries=0, commitIndex=11} to 2
11:35:45.985 [raft-server-2] TRACE i.a.p.raft.roles.FollowerRole - RaftServer{2}{role=FOLLOWER} - Received AppendRequest{term=1, leader=1, prevLogIndex=11, prevLogTerm=1, entries=0, commitIndex=11}
11:35:45.985 [raft-server-2] TRACE i.a.p.raft.roles.FollowerRole - RaftServer{2}{role=FOLLOWER} - Sending AppendResponse{status=OK, term=1, succeeded=true, lastLogIndex=11}
11:35:45.985 [raft-server-1] TRACE i.a.p.raft.roles.LeaderAppender - RaftServer{1} - Received AppendResponse{status=OK, term=1, succeeded=true, lastLogIndex=11} from 2
11:35:45.985 [raft-server-1] TRACE i.a.p.raft.roles.LeaderAppender - RaftServer{1} - Sending AppendRequest{term=1, leader=1, prevLogIndex=11, prevLogTerm=1, entries=0, commitIndex=11} to 2
11:35:45.985 [raft-server-2] TRACE i.a.p.raft.roles.FollowerRole - RaftServer{2}{role=FOLLOWER} - Received AppendRequest{term=1, leader=1, prevLogIndex=11, prevLogTerm=1, entries=0, commitIndex=11}
11:35:45.985 [raft-server-2] TRACE i.a.p.raft.roles.FollowerRole - RaftServer{2}{role=FOLLOWER} - Sending AppendResponse{status=OK, term=1, succeeded=true, lastLogIndex=11}
11:35:45.986 [raft-server-1] TRACE i.a.p.raft.roles.LeaderAppender - RaftServer{1} - Received AppendResponse{status=OK, term=1, succeeded=true, lastLogIndex=11} from 2
11:35:45.986 [raft-server-1] TRACE i.a.p.raft.roles.LeaderAppender - RaftServer{1} - Sending AppendRequest{term=1, leader=1, prevLogIndex=11, prevLogTerm=1, entries=0, commitIndex=11} to 2
11:35:45.986 [raft-server-2] TRACE i.a.p.raft.roles.FollowerRole - RaftServer{2}{role=FOLLOWER} - Received AppendRequest{term=1, leader=1, prevLogIndex=11, prevLogTerm=1, entries=0, commitIndex=11}
11:35:45.986 [raft-server-2] TRACE i.a.p.raft.roles.FollowerRole - RaftServer{2}{role=FOLLOWER} - Sending AppendResponse{status=OK, term=1, succeeded=true, lastLogIndex=11}
11:35:45.986 [raft-server-1] TRACE i.a.p.raft.roles.LeaderAppender - RaftServer{1} - Received AppendResponse{status=OK, term=1, succeeded=true, lastLogIndex=11} from 2
11:35:46.235 [raft-server-1] TRACE i.a.p.raft.roles.LeaderAppender - RaftServer{1} - Sending AppendRequest{term=1, leader=1, prevLogIndex=11, prevLogTerm=1, entries=0, commitIndex=11} to 2
11:35:46.235 [raft-server-2] TRACE i.a.p.raft.roles.FollowerRole - RaftServer{2}{role=FOLLOWER} - Received AppendRequest{term=1, leader=1, prevLogIndex=11, prevLogTerm=1, entries=0, commitIndex=11}
11:35:46.235 [raft-server-2] TRACE i.a.p.raft.roles.FollowerRole - RaftServer{2}{role=FOLLOWER} - Sending AppendResponse{status=OK, term=1, succeeded=true, lastLogIndex=11}
11:35:46.235 [raft-server-1] TRACE i.a.p.raft.roles.LeaderAppender - RaftServer{1} - Received AppendResponse{status=OK, term=1, succeeded=true, lastLogIndex=11} from 2
11:35:46.235 [raft-server-1] TRACE i.a.p.raft.roles.LeaderAppender - RaftServer{1} - Sending AppendRequest{term=1, leader=1, prevLogIndex=11, prevLogTerm=1, entries=0, commitIndex=11} to 2
11:35:46.235 [raft-server-2] TRACE i.a.p.raft.roles.FollowerRole - RaftServer{2}{role=FOLLOWER} - Received AppendRequest{term=1, leader=1, prevLogIndex=11, prevLogTerm=1, entries=0, commitIndex=11}
11:35:46.235 [raft-server-2] TRACE i.a.p.raft.roles.FollowerRole - RaftServer{2}{role=FOLLOWER} - Sending AppendResponse{status=OK, term=1, succeeded=true, lastLogIndex=11}
11:35:46.235 [raft-server-1] TRACE i.a.p.raft.roles.LeaderAppender - RaftServer{1} - Received AppendResponse{status=OK, term=1, succeeded=true, lastLogIndex=11} from 2
11:35:46.235 [raft-server-1] TRACE i.a.p.raft.roles.LeaderAppender - RaftServer{1} - Sending AppendRequest{term=1, leader=1, prevLogIndex=11, prevLogTerm=1, entries=0, commitIndex=11} to 2
11:35:46.235 [raft-server-2] TRACE i.a.p.raft.roles.FollowerRole - RaftServer{2}{role=FOLLOWER} - Received AppendRequest{term=1, leader=1, prevLogIndex=11, prevLogTerm=1, entries=0, commitIndex=11}
11:35:46.235 [raft-server-2] TRACE i.a.p.raft.roles.FollowerRole - RaftServer{2}{role=FOLLOWER} - Sending AppendResponse{status=OK, term=1, succeeded=true, lastLogIndex=11}
11:35:46.236 [raft-server-1] TRACE i.a.p.raft.roles.LeaderAppender - RaftServer{1} - Received AppendResponse{status=OK, term=1, succeeded=true, lastLogIndex=11} from 2
11:35:46.236 [raft-server-1] TRACE i.a.p.raft.roles.LeaderAppender - RaftServer{1} - Sending AppendRequest{term=1, leader=1, prevLogIndex=11, prevLogTerm=1, entries=0, commitIndex=11} to 2
11:35:46.236 [raft-server-2] TRACE i.a.p.raft.roles.FollowerRole - RaftServer{2}{role=FOLLOWER} - Received AppendRequest{term=1, leader=1, prevLogIndex=11, prevLogTerm=1, entries=0, commitIndex=11}
11:35:46.236 [raft-server-2] TRACE i.a.p.raft.roles.FollowerRole - RaftServer{2}{role=FOLLOWER} - Sending AppendResponse{status=OK, term=1, succeeded=true, lastLogIndex=11}
11:35:46.236 [raft-server-1] TRACE i.a.p.raft.roles.LeaderAppender - RaftServer{1} - Received AppendResponse{status=OK, term=1, succeeded=true, lastLogIndex=11} from 2
11:35:46.485 [raft-server-1] TRACE i.a.p.raft.roles.LeaderAppender - RaftServer{1} - Sending AppendRequest{term=1, leader=1, prevLogIndex=11, prevLogTerm=1, entries=0, commitIndex=11} to 2
11:35:46.485 [raft-server-2] TRACE i.a.p.raft.roles.FollowerRole - RaftServer{2}{role=FOLLOWER} - Received AppendRequest{term=1, leader=1, prevLogIndex=11, prevLogTerm=1, entries=0, commitIndex=11}
11:35:46.485 [raft-server-2] TRACE i.a.p.raft.roles.FollowerRole - RaftServer{2}{role=FOLLOWER} - Sending AppendResponse{status=OK, term=1, succeeded=true, lastLogIndex=11}
11:35:46.485 [raft-server-1] TRACE i.a.p.raft.roles.LeaderAppender - RaftServer{1} - Received AppendResponse{status=OK, term=1, succeeded=true, lastLogIndex=11} from 2
11:35:46.485 [raft-server-1] TRACE i.a.p.raft.roles.LeaderAppender - RaftServer{1} - Sending AppendRequest{term=1, leader=1, prevLogIndex=11, prevLogTerm=1, entries=0, commitIndex=11} to 2
11:35:46.485 [raft-server-2] TRACE i.a.p.raft.roles.FollowerRole - RaftServer{2}{role=FOLLOWER} - Received AppendRequest{term=1, leader=1, prevLogIndex=11, prevLogTerm=1, entries=0, commitIndex=11}
11:35:46.485 [raft-server-2] TRACE i.a.p.raft.roles.FollowerRole - RaftServer{2}{role=FOLLOWER} - Sending AppendResponse{status=OK, term=1, succeeded=true, lastLogIndex=11}
11:35:46.485 [raft-server-1] TRACE i.a.p.raft.roles.LeaderAppender - RaftServer{1} - Received AppendResponse{status=OK, term=1, succeeded=true, lastLogIndex=11} from 2
11:35:46.485 [raft-server-1] TRACE i.a.p.raft.roles.LeaderAppender - RaftServer{1} - Sending AppendRequest{term=1, leader=1, prevLogIndex=11, prevLogTerm=1, entries=0, commitIndex=11} to 2
11:35:46.485 [raft-server-2] TRACE i.a.p.raft.roles.FollowerRole - RaftServer{2}{role=FOLLOWER} - Received AppendRequest{term=1, leader=1, prevLogIndex=11, prevLogTerm=1, entries=0, commitIndex=11}
11:35:46.486 [raft-server-2] TRACE i.a.p.raft.roles.FollowerRole - RaftServer{2}{role=FOLLOWER} - Sending AppendResponse{status=OK, term=1, succeeded=true, lastLogIndex=11}
11:35:46.486 [raft-server-1] TRACE i.a.p.raft.roles.LeaderAppender - RaftServer{1} - Received AppendResponse{status=OK, term=1, succeeded=true, lastLogIndex=11} from 2
11:35:46.486 [raft-server-1] TRACE i.a.p.raft.roles.LeaderAppender - RaftServer{1} - Sending AppendRequest{term=1, leader=1, prevLogIndex=11, prevLogTerm=1, entries=0, commitIndex=11} to 2
11:35:46.486 [raft-server-2] TRACE i.a.p.raft.roles.FollowerRole - RaftServer{2}{role=FOLLOWER} - Received AppendRequest{term=1, leader=1, prevLogIndex=11, prevLogTerm=1, entries=0, commitIndex=11}
11:35:46.486 [raft-server-2] TRACE i.a.p.raft.roles.FollowerRole - RaftServer{2}{role=FOLLOWER} - Sending AppendResponse{status=OK, term=1, succeeded=true, lastLogIndex=11}
11:35:46.486 [raft-server-1] TRACE i.a.p.raft.roles.LeaderAppender - RaftServer{1} - Received AppendResponse{status=OK, term=1, succeeded=true, lastLogIndex=11} from 2
11:35:46.735 [raft-server-1] TRACE i.a.p.raft.roles.LeaderAppender - RaftServer{1} - Sending AppendRequest{term=1, leader=1, prevLogIndex=11, prevLogTerm=1, entries=0, commitIndex=11} to 2
11:35:46.735 [raft-server-2] TRACE i.a.p.raft.roles.FollowerRole - RaftServer{2}{role=FOLLOWER} - Received AppendRequest{term=1, leader=1, prevLogIndex=11, prevLogTerm=1, entries=0, commitIndex=11}
11:35:46.735 [raft-server-2] TRACE i.a.p.raft.roles.FollowerRole - RaftServer{2}{role=FOLLOWER} - Sending AppendResponse{status=OK, term=1, succeeded=true, lastLogIndex=11}
11:35:46.735 [raft-server-1] TRACE i.a.p.raft.roles.LeaderAppender - RaftServer{1} - Received AppendResponse{status=OK, term=1, succeeded=true, lastLogIndex=11} from 2
11:35:46.735 [raft-server-1] TRACE i.a.p.raft.roles.LeaderAppender - RaftServer{1} - Sending AppendRequest{term=1, leader=1, prevLogIndex=11, prevLogTerm=1, entries=0, commitIndex=11} to 2
11:35:46.735 [raft-server-2] TRACE i.a.p.raft.roles.FollowerRole - RaftServer{2}{role=FOLLOWER} - Received AppendRequest{term=1, leader=1, prevLogIndex=11, prevLogTerm=1, entries=0, commitIndex=11}
11:35:46.735 [raft-server-2] TRACE i.a.p.raft.roles.FollowerRole - RaftServer{2}{role=FOLLOWER} - Sending AppendResponse{status=OK, term=1, succeeded=true, lastLogIndex=11}
11:35:46.735 [raft-server-1] TRACE i.a.p.raft.roles.LeaderAppender - RaftServer{1} - Received AppendResponse{status=OK, term=1, succeeded=true, lastLogIndex=11} from 2
11:35:46.735 [raft-server-1] TRACE i.a.p.raft.roles.LeaderAppender - RaftServer{1} - Sending AppendRequest{term=1, leader=1, prevLogIndex=11, prevLogTerm=1, entries=0, commitIndex=11} to 2
11:35:46.735 [raft-server-2] TRACE i.a.p.raft.roles.FollowerRole - RaftServer{2}{role=FOLLOWER} - Received AppendRequest{term=1, leader=1, prevLogIndex=11, prevLogTerm=1, entries=0, commitIndex=11}
11:35:46.735 [raft-server-2] TRACE i.a.p.raft.roles.FollowerRole - RaftServer{2}{role=FOLLOWER} - Sending AppendResponse{status=OK, term=1, succeeded=true, lastLogIndex=11}
11:35:46.736 [raft-server-1] TRACE i.a.p.raft.roles.LeaderAppender - RaftServer{1} - Received AppendResponse{status=OK, term=1, succeeded=true, lastLogIndex=11} from 2
11:35:46.736 [raft-server-1] TRACE i.a.p.raft.roles.LeaderAppender - RaftServer{1} - Sending AppendRequest{term=1, leader=1, prevLogIndex=11, prevLogTerm=1, entries=0, commitIndex=11} to 2
11:35:46.736 [raft-server-2] TRACE i.a.p.raft.roles.FollowerRole - RaftServer{2}{role=FOLLOWER} - Received AppendRequest{term=1, leader=1, prevLogIndex=11, prevLogTerm=1, entries=0, commitIndex=11}
11:35:46.736 [raft-server-2] TRACE i.a.p.raft.roles.FollowerRole - RaftServer{2}{role=FOLLOWER} - Sending AppendResponse{status=OK, term=1, succeeded=true, lastLogIndex=11}
11:35:46.736 [raft-server-1] TRACE i.a.p.raft.roles.LeaderAppender - RaftServer{1} - Received AppendResponse{status=OK, term=1, succeeded=true, lastLogIndex=11} from 2
11:35:46.985 [raft-server-1] TRACE i.a.p.raft.roles.LeaderAppender - RaftServer{1} - Sending AppendRequest{term=1, leader=1, prevLogIndex=11, prevLogTerm=1, entries=0, commitIndex=11} to 2
11:35:46.985 [raft-server-2] TRACE i.a.p.raft.roles.FollowerRole - RaftServer{2}{role=FOLLOWER} - Received AppendRequest{term=1, leader=1, prevLogIndex=11, prevLogTerm=1, entries=0, commitIndex=11}
11:35:46.985 [raft-server-2] TRACE i.a.p.raft.roles.FollowerRole - RaftServer{2}{role=FOLLOWER} - Sending AppendResponse{status=OK, term=1, succeeded=true, lastLogIndex=11}
11:35:46.985 [raft-server-1] TRACE i.a.p.raft.roles.LeaderAppender - RaftServer{1} - Received AppendResponse{status=OK, term=1, succeeded=true, lastLogIndex=11} from 2
11:35:46.985 [raft-server-1] TRACE i.a.p.raft.roles.LeaderAppender - RaftServer{1} - Sending AppendRequest{term=1, leader=1, prevLogIndex=11, prevLogTerm=1, entries=0, commitIndex=11} to 2
11:35:46.985 [raft-server-2] TRACE i.a.p.raft.roles.FollowerRole - RaftServer{2}{role=FOLLOWER} - Received AppendRequest{term=1, leader=1, prevLogIndex=11, prevLogTerm=1, entries=0, commitIndex=11}
11:35:46.985 [raft-server-2] TRACE i.a.p.raft.roles.FollowerRole - RaftServer{2}{role=FOLLOWER} - Sending AppendResponse{status=OK, term=1, succeeded=true, lastLogIndex=11}
11:35:46.985 [raft-server-1] TRACE i.a.p.raft.roles.LeaderAppender - RaftServer{1} - Received AppendResponse{status=OK, term=1, succeeded=true, lastLogIndex=11} from 2
11:35:46.985 [raft-server-1] TRACE i.a.p.raft.roles.LeaderAppender - RaftServer{1} - Sending AppendRequest{term=1, leader=1, prevLogIndex=11, prevLogTerm=1, entries=0, commitIndex=11} to 2
11:35:46.985 [raft-server-2] TRACE i.a.p.raft.roles.FollowerRole - RaftServer{2}{role=FOLLOWER} - Received AppendRequest{term=1, leader=1, prevLogIndex=11, prevLogTerm=1, entries=0, commitIndex=11}
11:35:46.985 [raft-server-2] TRACE i.a.p.raft.roles.FollowerRole - RaftServer{2}{role=FOLLOWER} - Sending AppendResponse{status=OK, term=1, succeeded=true, lastLogIndex=11}
11:35:46.985 [raft-server-1] TRACE i.a.p.raft.roles.LeaderAppender - RaftServer{1} - Received AppendResponse{status=OK, term=1, succeeded=true, lastLogIndex=11} from 2
11:35:46.986 [raft-server-1] TRACE i.a.p.raft.roles.LeaderAppender - RaftServer{1} - Sending AppendRequest{term=1, leader=1, prevLogIndex=11, prevLogTerm=1, entries=0, commitIndex=11} to 2
11:35:46.986 [raft-server-2] TRACE i.a.p.raft.roles.FollowerRole - RaftServer{2}{role=FOLLOWER} - Received AppendRequest{term=1, leader=1, prevLogIndex=11, prevLogTerm=1, entries=0, commitIndex=11}
11:35:46.986 [raft-server-2] TRACE i.a.p.raft.roles.FollowerRole - RaftServer{2}{role=FOLLOWER} - Sending AppendResponse{status=OK, term=1, succeeded=true, lastLogIndex=11}
11:35:46.986 [raft-server-1] TRACE i.a.p.raft.roles.LeaderAppender - RaftServer{1} - Received AppendResponse{status=OK, term=1, succeeded=true, lastLogIndex=11} from 2
11:35:47.235 [raft-server-1] TRACE i.a.p.raft.roles.LeaderAppender - RaftServer{1} - Sending AppendRequest{term=1, leader=1, prevLogIndex=11, prevLogTerm=1, entries=0, commitIndex=11} to 2
11:35:47.235 [raft-server-2] TRACE i.a.p.raft.roles.FollowerRole - RaftServer{2}{role=FOLLOWER} - Received AppendRequest{term=1, leader=1, prevLogIndex=11, prevLogTerm=1, entries=0, commitIndex=11}
11:35:47.235 [raft-server-2] TRACE i.a.p.raft.roles.FollowerRole - RaftServer{2}{role=FOLLOWER} - Sending AppendResponse{status=OK, term=1, succeeded=true, lastLogIndex=11}
11:35:47.235 [raft-server-1] TRACE i.a.p.raft.roles.LeaderAppender - RaftServer{1} - Received AppendResponse{status=OK, term=1, succeeded=true, lastLogIndex=11} from 2
11:35:47.235 [raft-server-1] TRACE i.a.p.raft.roles.LeaderAppender - RaftServer{1} - Sending AppendRequest{term=1, leader=1, prevLogIndex=11, prevLogTerm=1, entries=0, commitIndex=11} to 2
11:35:47.235 [raft-server-2] TRACE i.a.p.raft.roles.FollowerRole - RaftServer{2}{role=FOLLOWER} - Received AppendRequest{term=1, leader=1, prevLogIndex=11, prevLogTerm=1, entries=0, commitIndex=11}
11:35:47.235 [raft-server-2] TRACE i.a.p.raft.roles.FollowerRole - RaftServer{2}{role=FOLLOWER} - Sending AppendResponse{status=OK, term=1, succeeded=true, lastLogIndex=11}
11:35:47.235 [raft-server-1] TRACE i.a.p.raft.roles.LeaderAppender - RaftServer{1} - Received AppendResponse{status=OK, term=1, succeeded=true, lastLogIndex=11} from 2
11:35:47.236 [raft-server-1] TRACE i.a.p.raft.roles.LeaderAppender - RaftServer{1} - Sending AppendRequest{term=1, leader=1, prevLogIndex=11, prevLogTerm=1, entries=0, commitIndex=11} to 2
11:35:47.236 [raft-server-2] TRACE i.a.p.raft.roles.FollowerRole - RaftServer{2}{role=FOLLOWER} - Received AppendRequest{term=1, leader=1, prevLogIndex=11, prevLogTerm=1, entries=0, commitIndex=11}
11:35:47.236 [raft-server-2] TRACE i.a.p.raft.roles.FollowerRole - RaftServer{2}{role=FOLLOWER} - Sending AppendResponse{status=OK, term=1, succeeded=true, lastLogIndex=11}
11:35:47.236 [raft-server-1] TRACE i.a.p.raft.roles.LeaderAppender - RaftServer{1} - Received AppendResponse{status=OK, term=1, succeeded=true, lastLogIndex=11} from 2
11:35:47.249 [raft-client-e93f55c3-5bda-4e64-bf5f-fc9c79dd4249-1] TRACE i.a.p.r.proxy.impl.RaftProxyManager - RaftClient{e93f55c3-5bda-4e64-bf5f-fc9c79dd4249} - Keeping 1 sessions alive
11:35:47.249 [raft-client-e93f55c3-5bda-4e64-bf5f-fc9c79dd4249-1] TRACE i.a.p.r.p.impl.RaftProxyConnection - RaftClient{e93f55c3-5bda-4e64-bf5f-fc9c79dd4249} - Sending KeepAliveRequest{sessionIds=long[]{length=1, hash=33}, commandSequences=long[]{length=1, hash=31}, eventIndexes=long[]{length=1, hash=33}} to 1
11:35:47.249 [raft-server-1] TRACE i.a.protocols.raft.roles.LeaderRole - RaftServer{1}{role=LEADER} - Received KeepAliveRequest{sessionIds=long[]{length=1, hash=33}, commandSequences=long[]{length=1, hash=31}, eventIndexes=long[]{length=1, hash=33}}
11:35:47.249 [raft-server-1] TRACE i.a.protocols.raft.roles.LeaderRole - RaftServer{1}{role=LEADER} - Appended Indexed{index=12, entry=KeepAliveEntry{term=1, timestamp=2018-06-05 11:35:47,249, sessionIds=long[]{length=1, hash=33}, commandSequences=long[]{length=1, hash=31}, eventIndexes=long[]{length=1, hash=33}}}
11:35:47.249 [raft-server-1] TRACE i.a.p.raft.roles.LeaderAppender - RaftServer{1} - Sending AppendRequest{term=1, leader=1, prevLogIndex=11, prevLogTerm=1, entries=1, commitIndex=11} to 2
11:35:47.249 [raft-server-2] TRACE i.a.p.raft.roles.FollowerRole - RaftServer{2}{role=FOLLOWER} - Received AppendRequest{term=1, leader=1, prevLogIndex=11, prevLogTerm=1, entries=1, commitIndex=11}
11:35:47.250 [raft-server-2] TRACE i.a.p.raft.roles.FollowerRole - RaftServer{2}{role=FOLLOWER} - Appended Indexed{index=12, entry=KeepAliveEntry{term=1, timestamp=2018-06-05 11:35:47,249, sessionIds=long[]{length=1, hash=33}, commandSequences=long[]{length=1, hash=31}, eventIndexes=long[]{length=1, hash=33}}}
11:35:47.250 [raft-server-2] TRACE i.a.p.raft.roles.FollowerRole - RaftServer{2}{role=FOLLOWER} - Sending AppendResponse{status=OK, term=1, succeeded=true, lastLogIndex=12}
11:35:47.250 [raft-server-1] TRACE i.a.p.raft.roles.LeaderAppender - RaftServer{1} - Received AppendResponse{status=OK, term=1, succeeded=true, lastLogIndex=12} from 2
11:35:47.250 [raft-server-1] TRACE i.a.p.raft.roles.LeaderAppender - RaftServer{1} - Committed entries up to 12
11:35:47.274 [raft-server-1-state] TRACE i.a.p.raft.impl.RaftServiceManager - RaftServer{1} - Applying Indexed{index=12, entry=KeepAliveEntry{term=1, timestamp=2018-06-05 11:35:47,249, sessionIds=long[]{length=1, hash=33}, commandSequences=long[]{length=1, hash=31}, eventIndexes=long[]{length=1, hash=33}}}
11:35:47.274 [raft-server-1] TRACE i.a.protocols.raft.roles.LeaderRole - RaftServer{1}{role=LEADER} - Sending KeepAliveResponse{status=OK, leader=1, members=[1, 2], sessionIds=long[]{length=1, hash=33}}
11:35:47.274 [raft-client-e93f55c3-5bda-4e64-bf5f-fc9c79dd4249-4] TRACE i.a.p.r.p.impl.RaftProxyConnection - RaftClient{e93f55c3-5bda-4e64-bf5f-fc9c79dd4249} - Received KeepAliveResponse{status=OK, leader=1, members=[1, 2], sessionIds=long[]{length=1, hash=33}} from 1
11:35:47.485 [raft-server-1] TRACE i.a.p.raft.roles.LeaderAppender - RaftServer{1} - Sending AppendRequest{term=1, leader=1, prevLogIndex=12, prevLogTerm=1, entries=0, commitIndex=12} to 2
11:35:47.485 [raft-server-2] TRACE i.a.p.raft.roles.FollowerRole - RaftServer{2}{role=FOLLOWER} - Received AppendRequest{term=1, leader=1, prevLogIndex=12, prevLogTerm=1, entries=0, commitIndex=12}
11:35:47.515 [raft-server-2] TRACE i.a.p.raft.roles.FollowerRole - RaftServer{2}{role=FOLLOWER} - Committed entries up to index 12
11:35:47.516 [raft-server-2] TRACE i.a.p.raft.roles.FollowerRole - RaftServer{2}{role=FOLLOWER} - Sending AppendResponse{status=OK, term=1, succeeded=true, lastLogIndex=12}
11:35:47.516 [raft-server-1] TRACE i.a.p.raft.roles.LeaderAppender - RaftServer{1} - Received AppendResponse{status=OK, term=1, succeeded=true, lastLogIndex=12} from 2
11:35:47.516 [raft-server-2-state] TRACE i.a.p.raft.impl.RaftServiceManager - RaftServer{2} - Applying Indexed{index=12, entry=KeepAliveEntry{term=1, timestamp=2018-06-05 11:35:47,249, sessionIds=long[]{length=1, hash=33}, commandSequences=long[]{length=1, hash=31}, eventIndexes=long[]{length=1, hash=33}}}
11:35:47.516 [raft-server-1] TRACE i.a.p.raft.roles.LeaderAppender - RaftServer{1} - Sending AppendRequest{term=1, leader=1, prevLogIndex=12, prevLogTerm=1, entries=0, commitIndex=12} to 2
11:35:47.516 [raft-server-2] TRACE i.a.p.raft.roles.FollowerRole - RaftServer{2}{role=FOLLOWER} - Received AppendRequest{term=1, leader=1, prevLogIndex=12, prevLogTerm=1, entries=0, commitIndex=12}
11:35:47.516 [raft-server-2] TRACE i.a.p.raft.roles.FollowerRole - RaftServer{2}{role=FOLLOWER} - Sending AppendResponse{status=OK, term=1, succeeded=true, lastLogIndex=12}
11:35:47.516 [raft-server-1] TRACE i.a.p.raft.roles.LeaderAppender - RaftServer{1} - Received AppendResponse{status=OK, term=1, succeeded=true, lastLogIndex=12} from 2
11:35:47.735 [raft-server-1] TRACE i.a.p.raft.roles.LeaderAppender - RaftServer{1} - Sending AppendRequest{term=1, leader=1, prevLogIndex=12, prevLogTerm=1, entries=0, commitIndex=12} to 2
11:35:47.735 [raft-server-2] TRACE i.a.p.raft.roles.FollowerRole - RaftServer{2}{role=FOLLOWER} - Received AppendRequest{term=1, leader=1, prevLogIndex=12, prevLogTerm=1, entries=0, commitIndex=12}
11:35:47.735 [raft-server-2] TRACE i.a.p.raft.roles.FollowerRole - RaftServer{2}{role=FOLLOWER} - Sending AppendResponse{status=OK, term=1, succeeded=true, lastLogIndex=12}
11:35:47.735 [raft-server-1] TRACE i.a.p.raft.roles.LeaderAppender - RaftServer{1} - Received AppendResponse{status=OK, term=1, succeeded=true, lastLogIndex=12} from 2
11:35:47.735 [raft-server-1] TRACE i.a.p.raft.roles.LeaderAppender - RaftServer{1} - Sending AppendRequest{term=1, leader=1, prevLogIndex=12, prevLogTerm=1, entries=0, commitIndex=12} to 2
11:35:47.735 [raft-server-2] TRACE i.a.p.raft.roles.FollowerRole - RaftServer{2}{role=FOLLOWER} - Received AppendRequest{term=1, leader=1, prevLogIndex=12, prevLogTerm=1, entries=0, commitIndex=12}
11:35:47.735 [raft-server-2] TRACE i.a.p.raft.roles.FollowerRole - RaftServer{2}{role=FOLLOWER} - Sending AppendResponse{status=OK, term=1, succeeded=true, lastLogIndex=12}
11:35:47.735 [raft-server-1] TRACE i.a.p.raft.roles.LeaderAppender - RaftServer{1} - Received AppendResponse{status=OK, term=1, succeeded=true, lastLogIndex=12} from 2
11:35:47.735 [raft-server-1] TRACE i.a.p.raft.roles.LeaderAppender - RaftServer{1} - Sending AppendRequest{term=1, leader=1, prevLogIndex=12, prevLogTerm=1, entries=0, commitIndex=12} to 2
11:35:47.735 [raft-server-2] TRACE i.a.p.raft.roles.FollowerRole - RaftServer{2}{role=FOLLOWER} - Received AppendRequest{term=1, leader=1, prevLogIndex=12, prevLogTerm=1, entries=0, commitIndex=12}
11:35:47.735 [raft-server-2] TRACE i.a.p.raft.roles.FollowerRole - RaftServer{2}{role=FOLLOWER} - Sending AppendResponse{status=OK, term=1, succeeded=true, lastLogIndex=12}
11:35:47.735 [raft-server-1] TRACE i.a.p.raft.roles.LeaderAppender - RaftServer{1} - Received AppendResponse{status=OK, term=1, succeeded=true, lastLogIndex=12} from 2
11:35:47.735 [raft-server-1] TRACE i.a.p.raft.roles.LeaderAppender - RaftServer{1} - Sending AppendRequest{term=1, leader=1, prevLogIndex=12, prevLogTerm=1, entries=0, commitIndex=12} to 2
11:35:47.736 [raft-server-2] TRACE i.a.p.raft.roles.FollowerRole - RaftServer{2}{role=FOLLOWER} - Received AppendRequest{term=1, leader=1, prevLogIndex=12, prevLogTerm=1, entries=0, commitIndex=12}
11:35:47.736 [raft-server-2] TRACE i.a.p.raft.roles.FollowerRole - RaftServer{2}{role=FOLLOWER} - Sending AppendResponse{status=OK, term=1, succeeded=true, lastLogIndex=12}
11:35:47.736 [raft-server-1] TRACE i.a.p.raft.roles.LeaderAppender - RaftServer{1} - Received AppendResponse{status=OK, term=1, succeeded=true, lastLogIndex=12} from 2
11:35:47.736 [raft-server-1] TRACE i.a.p.raft.roles.LeaderAppender - RaftServer{1} - Sending AppendRequest{term=1, leader=1, prevLogIndex=12, prevLogTerm=1, entries=0, commitIndex=12} to 2
11:35:47.736 [raft-server-2] TRACE i.a.p.raft.roles.FollowerRole - RaftServer{2}{role=FOLLOWER} - Received AppendRequest{term=1, leader=1, prevLogIndex=12, prevLogTerm=1, entries=0, commitIndex=12}
11:35:47.736 [raft-server-2] TRACE i.a.p.raft.roles.FollowerRole - RaftServer{2}{role=FOLLOWER} - Sending AppendResponse{status=OK, term=1, succeeded=true, lastLogIndex=12}
11:35:47.736 [raft-server-1] TRACE i.a.p.raft.roles.LeaderAppender - RaftServer{1} - Received AppendResponse{status=OK, term=1, succeeded=true, lastLogIndex=12} from 2
11:35:47.985 [raft-server-1] TRACE i.a.p.raft.roles.LeaderAppender - RaftServer{1} - Sending AppendRequest{term=1, leader=1, prevLogIndex=12, prevLogTerm=1, entries=0, commitIndex=12} to 2
11:35:47.985 [raft-server-2] TRACE i.a.p.raft.roles.FollowerRole - RaftServer{2}{role=FOLLOWER} - Received AppendRequest{term=1, leader=1, prevLogIndex=12, prevLogTerm=1, entries=0, commitIndex=12}
11:35:47.985 [raft-server-2] TRACE i.a.p.raft.roles.FollowerRole - RaftServer{2}{role=FOLLOWER} - Sending AppendResponse{status=OK, term=1, succeeded=true, lastLogIndex=12}
11:35:47.985 [raft-server-1] TRACE i.a.p.raft.roles.LeaderAppender - RaftServer{1} - Received AppendResponse{status=OK, term=1, succeeded=true, lastLogIndex=12} from 2
11:35:47.985 [raft-server-1] TRACE i.a.p.raft.roles.LeaderAppender - RaftServer{1} - Sending AppendRequest{term=1, leader=1, prevLogIndex=12, prevLogTerm=1, entries=0, commitIndex=12} to 2
11:35:47.985 [raft-server-2] TRACE i.a.p.raft.roles.FollowerRole - RaftServer{2}{role=FOLLOWER} - Received AppendRequest{term=1, leader=1, prevLogIndex=12, prevLogTerm=1, entries=0, commitIndex=12}
11:35:47.985 [raft-server-2] TRACE i.a.p.raft.roles.FollowerRole - RaftServer{2}{role=FOLLOWER} - Sending AppendResponse{status=OK, term=1, succeeded=true, lastLogIndex=12}
11:35:47.985 [raft-server-1] TRACE i.a.p.raft.roles.LeaderAppender - RaftServer{1} - Received AppendResponse{status=OK, term=1, succeeded=true, lastLogIndex=12} from 2
11:35:47.985 [raft-server-1] TRACE i.a.p.raft.roles.LeaderAppender - RaftServer{1} - Sending AppendRequest{term=1, leader=1, prevLogIndex=12, prevLogTerm=1, entries=0, commitIndex=12} to 2
11:35:47.986 [raft-server-2] TRACE i.a.p.raft.roles.FollowerRole - RaftServer{2}{role=FOLLOWER} - Received AppendRequest{term=1, leader=1, prevLogIndex=12, prevLogTerm=1, entries=0, commitIndex=12}
11:35:47.986 [raft-server-2] TRACE i.a.p.raft.roles.FollowerRole - RaftServer{2}{role=FOLLOWER} - Sending AppendResponse{status=OK, term=1, succeeded=true, lastLogIndex=12}
11:35:47.986 [raft-server-1] TRACE i.a.p.raft.roles.LeaderAppender - RaftServer{1} - Received AppendResponse{status=OK, term=1, succeeded=true, lastLogIndex=12} from 2
11:35:47.986 [raft-server-1] TRACE i.a.p.raft.roles.LeaderAppender - RaftServer{1} - Sending AppendRequest{term=1, leader=1, prevLogIndex=12, prevLogTerm=1, entries=0, commitIndex=12} to 2
11:35:47.986 [raft-server-2] TRACE i.a.p.raft.roles.FollowerRole - RaftServer{2}{role=FOLLOWER} - Received AppendRequest{term=1, leader=1, prevLogIndex=12, prevLogTerm=1, entries=0, commitIndex=12}
11:35:47.986 [raft-server-2] TRACE i.a.p.raft.roles.FollowerRole - RaftServer{2}{role=FOLLOWER} - Sending AppendResponse{status=OK, term=1, succeeded=true, lastLogIndex=12}
11:35:47.986 [raft-server-1] TRACE i.a.p.raft.roles.LeaderAppender - RaftServer{1} - Received AppendResponse{status=OK, term=1, succeeded=true, lastLogIndex=12} from 2
11:35:48.235 [raft-server-1] TRACE i.a.p.raft.roles.LeaderAppender - RaftServer{1} - Sending AppendRequest{term=1, leader=1, prevLogIndex=12, prevLogTerm=1, entries=0, commitIndex=12} to 2
11:35:48.235 [raft-server-2] TRACE i.a.p.raft.roles.FollowerRole - RaftServer{2}{role=FOLLOWER} - Received AppendRequest{term=1, leader=1, prevLogIndex=12, prevLogTerm=1, entries=0, commitIndex=12}
11:35:48.235 [raft-server-2] TRACE i.a.p.raft.roles.FollowerRole - RaftServer{2}{role=FOLLOWER} - Sending AppendResponse{status=OK, term=1, succeeded=true, lastLogIndex=12}
11:35:48.235 [raft-server-1] TRACE i.a.p.raft.roles.LeaderAppender - RaftServer{1} - Received AppendResponse{status=OK, term=1, succeeded=true, lastLogIndex=12} from 2
11:35:48.235 [raft-server-1] TRACE i.a.p.raft.roles.LeaderAppender - RaftServer{1} - Sending AppendRequest{term=1, leader=1, prevLogIndex=12, prevLogTerm=1, entries=0, commitIndex=12} to 2
11:35:48.235 [raft-server-2] TRACE i.a.p.raft.roles.FollowerRole - RaftServer{2}{role=FOLLOWER} - Received AppendRequest{term=1, leader=1, prevLogIndex=12, prevLogTerm=1, entries=0, commitIndex=12}
11:35:48.235 [raft-server-2] TRACE i.a.p.raft.roles.FollowerRole - RaftServer{2}{role=FOLLOWER} - Sending AppendResponse{status=OK, term=1, succeeded=true, lastLogIndex=12}
11:35:48.235 [raft-server-1] TRACE i.a.p.raft.roles.LeaderAppender - RaftServer{1} - Received AppendResponse{status=OK, term=1, succeeded=true, lastLogIndex=12} from 2
11:35:48.235 [raft-server-1] TRACE i.a.p.raft.roles.LeaderAppender - RaftServer{1} - Sending AppendRequest{term=1, leader=1, prevLogIndex=12, prevLogTerm=1, entries=0, commitIndex=12} to 2
11:35:48.235 [raft-server-2] TRACE i.a.p.raft.roles.FollowerRole - RaftServer{2}{role=FOLLOWER} - Received AppendRequest{term=1, leader=1, prevLogIndex=12, prevLogTerm=1, entries=0, commitIndex=12}
11:35:48.235 [raft-server-2] TRACE i.a.p.raft.roles.FollowerRole - RaftServer{2}{role=FOLLOWER} - Sending AppendResponse{status=OK, term=1, succeeded=true, lastLogIndex=12}
11:35:48.235 [raft-server-1] TRACE i.a.p.raft.roles.LeaderAppender - RaftServer{1} - Received AppendResponse{status=OK, term=1, succeeded=true, lastLogIndex=12} from 2
11:35:48.236 [raft-server-1] TRACE i.a.p.raft.roles.LeaderAppender - RaftServer{1} - Sending AppendRequest{term=1, leader=1, prevLogIndex=12, prevLogTerm=1, entries=0, commitIndex=12} to 2
11:35:48.236 [raft-server-2] TRACE i.a.p.raft.roles.FollowerRole - RaftServer{2}{role=FOLLOWER} - Received AppendRequest{term=1, leader=1, prevLogIndex=12, prevLogTerm=1, entries=0, commitIndex=12}
11:35:48.236 [raft-server-2] TRACE i.a.p.raft.roles.FollowerRole - RaftServer{2}{role=FOLLOWER} - Sending AppendResponse{status=OK, term=1, succeeded=true, lastLogIndex=12}
11:35:48.236 [raft-server-1] TRACE i.a.p.raft.roles.LeaderAppender - RaftServer{1} - Received AppendResponse{status=OK, term=1, succeeded=true, lastLogIndex=12} from 2
11:35:48.485 [raft-server-1] TRACE i.a.p.raft.roles.LeaderAppender - RaftServer{1} - Sending AppendRequest{term=1, leader=1, prevLogIndex=12, prevLogTerm=1, entries=0, commitIndex=12} to 2
11:35:48.485 [raft-server-2] TRACE i.a.p.raft.roles.FollowerRole - RaftServer{2}{role=FOLLOWER} - Received AppendRequest{term=1, leader=1, prevLogIndex=12, prevLogTerm=1, entries=0, commitIndex=12}
11:35:48.485 [raft-server-2] TRACE i.a.p.raft.roles.FollowerRole - RaftServer{2}{role=FOLLOWER} - Sending AppendResponse{status=OK, term=1, succeeded=true, lastLogIndex=12}
11:35:48.485 [raft-server-1] TRACE i.a.p.raft.roles.LeaderAppender - RaftServer{1} - Received AppendResponse{status=OK, term=1, succeeded=true, lastLogIndex=12} from 2
11:35:48.485 [raft-server-1] TRACE i.a.p.raft.roles.LeaderAppender - RaftServer{1} - Sending AppendRequest{term=1, leader=1, prevLogIndex=12, prevLogTerm=1, entries=0, commitIndex=12} to 2
11:35:48.485 [raft-server-2] TRACE i.a.p.raft.roles.FollowerRole - RaftServer{2}{role=FOLLOWER} - Received AppendRequest{term=1, leader=1, prevLogIndex=12, prevLogTerm=1, entries=0, commitIndex=12}
11:35:48.485 [raft-server-2] TRACE i.a.p.raft.roles.FollowerRole - RaftServer{2}{role=FOLLOWER} - Sending AppendResponse{status=OK, term=1, succeeded=true, lastLogIndex=12}
11:35:48.485 [raft-server-1] TRACE i.a.p.raft.roles.LeaderAppender - RaftServer{1} - Received AppendResponse{status=OK, term=1, succeeded=true, lastLogIndex=12} from 2
11:35:48.485 [raft-server-1] TRACE i.a.p.raft.roles.LeaderAppender - RaftServer{1} - Sending AppendRequest{term=1, leader=1, prevLogIndex=12, prevLogTerm=1, entries=0, commitIndex=12} to 2
11:35:48.485 [raft-server-2] TRACE i.a.p.raft.roles.FollowerRole - RaftServer{2}{role=FOLLOWER} - Received AppendRequest{term=1, leader=1, prevLogIndex=12, prevLogTerm=1, entries=0, commitIndex=12}
11:35:48.485 [raft-server-2] TRACE i.a.p.raft.roles.FollowerRole - RaftServer{2}{role=FOLLOWER} - Sending AppendResponse{status=OK, term=1, succeeded=true, lastLogIndex=12}
11:35:48.485 [raft-server-1] TRACE i.a.p.raft.roles.LeaderAppender - RaftServer{1} - Received AppendResponse{status=OK, term=1, succeeded=true, lastLogIndex=12} from 2
11:35:48.486 [raft-server-1] TRACE i.a.p.raft.roles.LeaderAppender - RaftServer{1} - Sending AppendRequest{term=1, leader=1, prevLogIndex=12, prevLogTerm=1, entries=0, commitIndex=12} to 2
11:35:48.486 [raft-server-2] TRACE i.a.p.raft.roles.FollowerRole - RaftServer{2}{role=FOLLOWER} - Received AppendRequest{term=1, leader=1, prevLogIndex=12, prevLogTerm=1, entries=0, commitIndex=12}
11:35:48.486 [raft-server-2] TRACE i.a.p.raft.roles.FollowerRole - RaftServer{2}{role=FOLLOWER} - Sending AppendResponse{status=OK, term=1, succeeded=true, lastLogIndex=12}
11:35:48.486 [raft-server-1] TRACE i.a.p.raft.roles.LeaderAppender - RaftServer{1} - Received AppendResponse{status=OK, term=1, succeeded=true, lastLogIndex=12} from 2
11:35:48.735 [raft-server-1] TRACE i.a.p.raft.roles.LeaderAppender - RaftServer{1} - Sending AppendRequest{term=1, leader=1, prevLogIndex=12, prevLogTerm=1, entries=0, commitIndex=12} to 2
11:35:48.735 [raft-server-2] TRACE i.a.p.raft.roles.FollowerRole - RaftServer{2}{role=FOLLOWER} - Received AppendRequest{term=1, leader=1, prevLogIndex=12, prevLogTerm=1, entries=0, commitIndex=12}
11:35:48.735 [raft-server-2] TRACE i.a.p.raft.roles.FollowerRole - RaftServer{2}{role=FOLLOWER} - Sending AppendResponse{status=OK, term=1, succeeded=true, lastLogIndex=12}
11:35:48.735 [raft-server-1] TRACE i.a.p.raft.roles.LeaderAppender - RaftServer{1} - Received AppendResponse{status=OK, term=1, succeeded=true, lastLogIndex=12} from 2
11:35:48.735 [raft-server-1] TRACE i.a.p.raft.roles.LeaderAppender - RaftServer{1} - Sending AppendRequest{term=1, leader=1, prevLogIndex=12, prevLogTerm=1, entries=0, commitIndex=12} to 2
11:35:48.735 [raft-server-2] TRACE i.a.p.raft.roles.FollowerRole - RaftServer{2}{role=FOLLOWER} - Received AppendRequest{term=1, leader=1, prevLogIndex=12, prevLogTerm=1, entries=0, commitIndex=12}
11:35:48.735 [raft-server-2] TRACE i.a.p.raft.roles.FollowerRole - RaftServer{2}{role=FOLLOWER} - Sending AppendResponse{status=OK, term=1, succeeded=true, lastLogIndex=12}
11:35:48.735 [raft-server-1] TRACE i.a.p.raft.roles.LeaderAppender - RaftServer{1} - Received AppendResponse{status=OK, term=1, succeeded=true, lastLogIndex=12} from 2
11:35:48.735 [raft-server-1] TRACE i.a.p.raft.roles.LeaderAppender - RaftServer{1} - Sending AppendRequest{term=1, leader=1, prevLogIndex=12, prevLogTerm=1, entries=0, commitIndex=12} to 2
11:35:48.735 [raft-server-2] TRACE i.a.p.raft.roles.FollowerRole - RaftServer{2}{role=FOLLOWER} - Received AppendRequest{term=1, leader=1, prevLogIndex=12, prevLogTerm=1, entries=0, commitIndex=12}
11:35:48.736 [raft-server-2] TRACE i.a.p.raft.roles.FollowerRole - RaftServer{2}{role=FOLLOWER} - Sending AppendResponse{status=OK, term=1, succeeded=true, lastLogIndex=12}
11:35:48.736 [raft-server-1] TRACE i.a.p.raft.roles.LeaderAppender - RaftServer{1} - Received AppendResponse{status=OK, term=1, succeeded=true, lastLogIndex=12} from 2
11:35:48.736 [raft-server-1] TRACE i.a.p.raft.roles.LeaderAppender - RaftServer{1} - Sending AppendRequest{term=1, leader=1, prevLogIndex=12, prevLogTerm=1, entries=0, commitIndex=12} to 2
11:35:48.736 [raft-server-2] TRACE i.a.p.raft.roles.FollowerRole - RaftServer{2}{role=FOLLOWER} - Received AppendRequest{term=1, leader=1, prevLogIndex=12, prevLogTerm=1, entries=0, commitIndex=12}
11:35:48.736 [raft-server-2] TRACE i.a.p.raft.roles.FollowerRole - RaftServer{2}{role=FOLLOWER} - Sending AppendResponse{status=OK, term=1, succeeded=true, lastLogIndex=12}
11:35:48.736 [raft-server-1] TRACE i.a.p.raft.roles.LeaderAppender - RaftServer{1} - Received AppendResponse{status=OK, term=1, succeeded=true, lastLogIndex=12} from 2
11:35:48.985 [raft-server-1] TRACE i.a.p.raft.roles.LeaderAppender - RaftServer{1} - Sending AppendRequest{term=1, leader=1, prevLogIndex=12, prevLogTerm=1, entries=0, commitIndex=12} to 2
11:35:48.985 [raft-server-2] TRACE i.a.p.raft.roles.FollowerRole - RaftServer{2}{role=FOLLOWER} - Received AppendRequest{term=1, leader=1, prevLogIndex=12, prevLogTerm=1, entries=0, commitIndex=12}
11:35:48.985 [raft-server-2] TRACE i.a.p.raft.roles.FollowerRole - RaftServer{2}{role=FOLLOWER} - Sending AppendResponse{status=OK, term=1, succeeded=true, lastLogIndex=12}
11:35:48.985 [raft-server-1] TRACE i.a.p.raft.roles.LeaderAppender - RaftServer{1} - Received AppendResponse{status=OK, term=1, succeeded=true, lastLogIndex=12} from 2
11:35:48.985 [raft-server-1] TRACE i.a.p.raft.roles.LeaderAppender - RaftServer{1} - Sending AppendRequest{term=1, leader=1, prevLogIndex=12, prevLogTerm=1, entries=0, commitIndex=12} to 2
11:35:48.985 [raft-server-2] TRACE i.a.p.raft.roles.FollowerRole - RaftServer{2}{role=FOLLOWER} - Received AppendRequest{term=1, leader=1, prevLogIndex=12, prevLogTerm=1, entries=0, commitIndex=12}
11:35:48.985 [raft-server-2] TRACE i.a.p.raft.roles.FollowerRole - RaftServer{2}{role=FOLLOWER} - Sending AppendResponse{status=OK, term=1, succeeded=true, lastLogIndex=12}
11:35:48.985 [raft-server-1] TRACE i.a.p.raft.roles.LeaderAppender - RaftServer{1} - Received AppendResponse{status=OK, term=1, succeeded=true, lastLogIndex=12} from 2
11:35:48.985 [raft-server-1] TRACE i.a.p.raft.roles.LeaderAppender - RaftServer{1} - Sending AppendRequest{term=1, leader=1, prevLogIndex=12, prevLogTerm=1, entries=0, commitIndex=12} to 2
11:35:48.985 [raft-server-2] TRACE i.a.p.raft.roles.FollowerRole - RaftServer{2}{role=FOLLOWER} - Received AppendRequest{term=1, leader=1, prevLogIndex=12, prevLogTerm=1, entries=0, commitIndex=12}
11:35:48.985 [raft-server-2] TRACE i.a.p.raft.roles.FollowerRole - RaftServer{2}{role=FOLLOWER} - Sending AppendResponse{status=OK, term=1, succeeded=true, lastLogIndex=12}
11:35:48.985 [raft-server-1] TRACE i.a.p.raft.roles.LeaderAppender - RaftServer{1} - Received AppendResponse{status=OK, term=1, succeeded=true, lastLogIndex=12} from 2
11:35:48.985 [raft-server-1] TRACE i.a.p.raft.roles.LeaderAppender - RaftServer{1} - Sending AppendRequest{term=1, leader=1, prevLogIndex=12, prevLogTerm=1, entries=0, commitIndex=12} to 2
11:35:48.986 [raft-server-2] TRACE i.a.p.raft.roles.FollowerRole - RaftServer{2}{role=FOLLOWER} - Received AppendRequest{term=1, leader=1, prevLogIndex=12, prevLogTerm=1, entries=0, commitIndex=12}
11:35:48.986 [raft-server-2] TRACE i.a.p.raft.roles.FollowerRole - RaftServer{2}{role=FOLLOWER} - Sending AppendResponse{status=OK, term=1, succeeded=true, lastLogIndex=12}
11:35:48.986 [raft-server-1] TRACE i.a.p.raft.roles.LeaderAppender - RaftServer{1} - Received AppendResponse{status=OK, term=1, succeeded=true, lastLogIndex=12} from 2
11:35:48.986 [raft-server-1] TRACE i.a.p.raft.roles.LeaderAppender - RaftServer{1} - Sending AppendRequest{term=1, leader=1, prevLogIndex=12, prevLogTerm=1, entries=0, commitIndex=12} to 2
11:35:48.986 [raft-server-2] TRACE i.a.p.raft.roles.FollowerRole - RaftServer{2}{role=FOLLOWER} - Received AppendRequest{term=1, leader=1, prevLogIndex=12, prevLogTerm=1, entries=0, commitIndex=12}
11:35:48.986 [raft-server-2] TRACE i.a.p.raft.roles.FollowerRole - RaftServer{2}{role=FOLLOWER} - Sending AppendResponse{status=OK, term=1, succeeded=true, lastLogIndex=12}
11:35:48.986 [raft-server-1] TRACE i.a.p.raft.roles.LeaderAppender - RaftServer{1} - Received AppendResponse{status=OK, term=1, succeeded=true, lastLogIndex=12} from 2
11:35:49.235 [raft-server-1] TRACE i.a.p.raft.roles.LeaderAppender - RaftServer{1} - Sending AppendRequest{term=1, leader=1, prevLogIndex=12, prevLogTerm=1, entries=0, commitIndex=12} to 2
11:35:49.235 [raft-server-2] TRACE i.a.p.raft.roles.FollowerRole - RaftServer{2}{role=FOLLOWER} - Received AppendRequest{term=1, leader=1, prevLogIndex=12, prevLogTerm=1, entries=0, commitIndex=12}
11:35:49.235 [raft-server-2] TRACE i.a.p.raft.roles.FollowerRole - RaftServer{2}{role=FOLLOWER} - Sending AppendResponse{status=OK, term=1, succeeded=true, lastLogIndex=12}
11:35:49.235 [raft-server-1] TRACE i.a.p.raft.roles.LeaderAppender - RaftServer{1} - Received AppendResponse{status=OK, term=1, succeeded=true, lastLogIndex=12} from 2
11:35:49.235 [raft-server-1] TRACE i.a.p.raft.roles.LeaderAppender - RaftServer{1} - Sending AppendRequest{term=1, leader=1, prevLogIndex=12, prevLogTerm=1, entries=0, commitIndex=12} to 2
11:35:49.235 [raft-server-2] TRACE i.a.p.raft.roles.FollowerRole - RaftServer{2}{role=FOLLOWER} - Received AppendRequest{term=1, leader=1, prevLogIndex=12, prevLogTerm=1, entries=0, commitIndex=12}
11:35:49.235 [raft-server-2] TRACE i.a.p.raft.roles.FollowerRole - RaftServer{2}{role=FOLLOWER} - Sending AppendResponse{status=OK, term=1, succeeded=true, lastLogIndex=12}
11:35:49.235 [raft-server-1] TRACE i.a.p.raft.roles.LeaderAppender - RaftServer{1} - Received AppendResponse{status=OK, term=1, succeeded=true, lastLogIndex=12} from 2
11:35:49.235 [raft-server-1] TRACE i.a.p.raft.roles.LeaderAppender - RaftServer{1} - Sending AppendRequest{term=1, leader=1, prevLogIndex=12, prevLogTerm=1, entries=0, commitIndex=12} to 2
11:35:49.235 [raft-server-2] TRACE i.a.p.raft.roles.FollowerRole - RaftServer{2}{role=FOLLOWER} - Received AppendRequest{term=1, leader=1, prevLogIndex=12, prevLogTerm=1, entries=0, commitIndex=12}
11:35:49.236 [raft-server-2] TRACE i.a.p.raft.roles.FollowerRole - RaftServer{2}{role=FOLLOWER} - Sending AppendResponse{status=OK, term=1, succeeded=true, lastLogIndex=12}
11:35:49.236 [raft-server-1] TRACE i.a.p.raft.roles.LeaderAppender - RaftServer{1} - Received AppendResponse{status=OK, term=1, succeeded=true, lastLogIndex=12} from 2
11:35:49.236 [raft-server-1] TRACE i.a.p.raft.roles.LeaderAppender - RaftServer{1} - Sending AppendRequest{term=1, leader=1, prevLogIndex=12, prevLogTerm=1, entries=0, commitIndex=12} to 2
11:35:49.236 [raft-server-2] TRACE i.a.p.raft.roles.FollowerRole - RaftServer{2}{role=FOLLOWER} - Received AppendRequest{term=1, leader=1, prevLogIndex=12, prevLogTerm=1, entries=0, commitIndex=12}
11:35:49.236 [raft-server-2] TRACE i.a.p.raft.roles.FollowerRole - RaftServer{2}{role=FOLLOWER} - Sending AppendResponse{status=OK, term=1, succeeded=true, lastLogIndex=12}
11:35:49.236 [raft-server-1] TRACE i.a.p.raft.roles.LeaderAppender - RaftServer{1} - Received AppendResponse{status=OK, term=1, succeeded=true, lastLogIndex=12} from 2
11:35:49.485 [raft-server-1] TRACE i.a.p.raft.roles.LeaderAppender - RaftServer{1} - Sending AppendRequest{term=1, leader=1, prevLogIndex=12, prevLogTerm=1, entries=0, commitIndex=12} to 2
11:35:49.485 [raft-server-2] TRACE i.a.p.raft.roles.FollowerRole - RaftServer{2}{role=FOLLOWER} - Received AppendRequest{term=1, leader=1, prevLogIndex=12, prevLogTerm=1, entries=0, commitIndex=12}
11:35:49.485 [raft-server-2] TRACE i.a.p.raft.roles.FollowerRole - RaftServer{2}{role=FOLLOWER} - Sending AppendResponse{status=OK, term=1, succeeded=true, lastLogIndex=12}
11:35:49.485 [raft-server-1] TRACE i.a.p.raft.roles.LeaderAppender - RaftServer{1} - Received AppendResponse{status=OK, term=1, succeeded=true, lastLogIndex=12} from 2
11:35:49.485 [raft-server-1] TRACE i.a.p.raft.roles.LeaderAppender - RaftServer{1} - Sending AppendRequest{term=1, leader=1, prevLogIndex=12, prevLogTerm=1, entries=0, commitIndex=12} to 2
11:35:49.485 [raft-server-2] TRACE i.a.p.raft.roles.FollowerRole - RaftServer{2}{role=FOLLOWER} - Received AppendRequest{term=1, leader=1, prevLogIndex=12, prevLogTerm=1, entries=0, commitIndex=12}
11:35:49.485 [raft-server-2] TRACE i.a.p.raft.roles.FollowerRole - RaftServer{2}{role=FOLLOWER} - Sending AppendResponse{status=OK, term=1, succeeded=true, lastLogIndex=12}
11:35:49.485 [raft-server-1] TRACE i.a.p.raft.roles.LeaderAppender - RaftServer{1} - Received AppendResponse{status=OK, term=1, succeeded=true, lastLogIndex=12} from 2
11:35:49.485 [raft-server-1] TRACE i.a.p.raft.roles.LeaderAppender - RaftServer{1} - Sending AppendRequest{term=1, leader=1, prevLogIndex=12, prevLogTerm=1, entries=0, commitIndex=12} to 2
11:35:49.485 [raft-server-2] TRACE i.a.p.raft.roles.FollowerRole - RaftServer{2}{role=FOLLOWER} - Received AppendRequest{term=1, leader=1, prevLogIndex=12, prevLogTerm=1, entries=0, commitIndex=12}
11:35:49.485 [raft-server-2] TRACE i.a.p.raft.roles.FollowerRole - RaftServer{2}{role=FOLLOWER} - Sending AppendResponse{status=OK, term=1, succeeded=true, lastLogIndex=12}
11:35:49.485 [raft-server-1] TRACE i.a.p.raft.roles.LeaderAppender - RaftServer{1} - Received AppendResponse{status=OK, term=1, succeeded=true, lastLogIndex=12} from 2
11:35:49.485 [raft-server-1] TRACE i.a.p.raft.roles.LeaderAppender - RaftServer{1} - Sending AppendRequest{term=1, leader=1, prevLogIndex=12, prevLogTerm=1, entries=0, commitIndex=12} to 2
11:35:49.486 [raft-server-2] TRACE i.a.p.raft.roles.FollowerRole - RaftServer{2}{role=FOLLOWER} - Received AppendRequest{term=1, leader=1, prevLogIndex=12, prevLogTerm=1, entries=0, commitIndex=12}
11:35:49.486 [raft-server-2] TRACE i.a.p.raft.roles.FollowerRole - RaftServer{2}{role=FOLLOWER} - Sending AppendResponse{status=OK, term=1, succeeded=true, lastLogIndex=12}
11:35:49.486 [raft-server-1] TRACE i.a.p.raft.roles.LeaderAppender - RaftServer{1} - Received AppendResponse{status=OK, term=1, succeeded=true, lastLogIndex=12} from 2
11:35:49.486 [raft-server-1] TRACE i.a.p.raft.roles.LeaderAppender - RaftServer{1} - Sending AppendRequest{term=1, leader=1, prevLogIndex=12, prevLogTerm=1, entries=0, commitIndex=12} to 2
11:35:49.486 [raft-server-2] TRACE i.a.p.raft.roles.FollowerRole - RaftServer{2}{role=FOLLOWER} - Received AppendRequest{term=1, leader=1, prevLogIndex=12, prevLogTerm=1, entries=0, commitIndex=12}
11:35:49.486 [raft-server-2] TRACE i.a.p.raft.roles.FollowerRole - RaftServer{2}{role=FOLLOWER} - Sending AppendResponse{status=OK, term=1, succeeded=true, lastLogIndex=12}
11:35:49.486 [raft-server-1] TRACE i.a.p.raft.roles.LeaderAppender - RaftServer{1} - Received AppendResponse{status=OK, term=1, succeeded=true, lastLogIndex=12} from 2
11:35:49.735 [raft-server-1] TRACE i.a.p.raft.roles.LeaderAppender - RaftServer{1} - Sending AppendRequest{term=1, leader=1, prevLogIndex=12, prevLogTerm=1, entries=0, commitIndex=12} to 2
11:35:49.735 [raft-server-2] TRACE i.a.p.raft.roles.FollowerRole - RaftServer{2}{role=FOLLOWER} - Received AppendRequest{term=1, leader=1, prevLogIndex=12, prevLogTerm=1, entries=0, commitIndex=12}
11:35:49.735 [raft-server-2] TRACE i.a.p.raft.roles.FollowerRole - RaftServer{2}{role=FOLLOWER} - Sending AppendResponse{status=OK, term=1, succeeded=true, lastLogIndex=12}
11:35:49.735 [raft-server-1] TRACE i.a.p.raft.roles.LeaderAppender - RaftServer{1} - Received AppendResponse{status=OK, term=1, succeeded=true, lastLogIndex=12} from 2
11:35:49.735 [raft-server-1] TRACE i.a.p.raft.roles.LeaderAppender - RaftServer{1} - Sending AppendRequest{term=1, leader=1, prevLogIndex=12, prevLogTerm=1, entries=0, commitIndex=12} to 2
11:35:49.735 [raft-server-2] TRACE i.a.p.raft.roles.FollowerRole - RaftServer{2}{role=FOLLOWER} - Received AppendRequest{term=1, leader=1, prevLogIndex=12, prevLogTerm=1, entries=0, commitIndex=12}
11:35:49.735 [raft-server-2] TRACE i.a.p.raft.roles.FollowerRole - RaftServer{2}{role=FOLLOWER} - Sending AppendResponse{status=OK, term=1, succeeded=true, lastLogIndex=12}
11:35:49.735 [raft-server-1] TRACE i.a.p.raft.roles.LeaderAppender - RaftServer{1} - Received AppendResponse{status=OK, term=1, succeeded=true, lastLogIndex=12} from 2
11:35:49.735 [raft-server-1] TRACE i.a.p.raft.roles.LeaderAppender - RaftServer{1} - Sending AppendRequest{term=1, leader=1, prevLogIndex=12, prevLogTerm=1, entries=0, commitIndex=12} to 2
11:35:49.735 [raft-server-2] TRACE i.a.p.raft.roles.FollowerRole - RaftServer{2}{role=FOLLOWER} - Received AppendRequest{term=1, leader=1, prevLogIndex=12, prevLogTerm=1, entries=0, commitIndex=12}
11:35:49.736 [raft-server-2] TRACE i.a.p.raft.roles.FollowerRole - RaftServer{2}{role=FOLLOWER} - Sending AppendResponse{status=OK, term=1, succeeded=true, lastLogIndex=12}
11:35:49.736 [raft-server-1] TRACE i.a.p.raft.roles.LeaderAppender - RaftServer{1} - Received AppendResponse{status=OK, term=1, succeeded=true, lastLogIndex=12} from 2
11:35:49.736 [raft-server-1] TRACE i.a.p.raft.roles.LeaderAppender - RaftServer{1} - Sending AppendRequest{term=1, leader=1, prevLogIndex=12, prevLogTerm=1, entries=0, commitIndex=12} to 2
11:35:49.736 [raft-server-2] TRACE i.a.p.raft.roles.FollowerRole - RaftServer{2}{role=FOLLOWER} - Received AppendRequest{term=1, leader=1, prevLogIndex=12, prevLogTerm=1, entries=0, commitIndex=12}
11:35:49.736 [raft-server-2] TRACE i.a.p.raft.roles.FollowerRole - RaftServer{2}{role=FOLLOWER} - Sending AppendResponse{status=OK, term=1, succeeded=true, lastLogIndex=12}
11:35:49.736 [raft-server-1] TRACE i.a.p.raft.roles.LeaderAppender - RaftServer{1} - Received AppendResponse{status=OK, term=1, succeeded=true, lastLogIndex=12} from 2
11:35:49.750 [raft-client-e93f55c3-5bda-4e64-bf5f-fc9c79dd4249-4] TRACE i.a.p.r.proxy.impl.RaftProxyManager - RaftClient{e93f55c3-5bda-4e64-bf5f-fc9c79dd4249} - Keeping 1 sessions alive
11:35:49.750 [raft-client-e93f55c3-5bda-4e64-bf5f-fc9c79dd4249-4] TRACE i.a.p.r.p.impl.RaftProxyConnection - RaftClient{e93f55c3-5bda-4e64-bf5f-fc9c79dd4249} - Sending KeepAliveRequest{sessionIds=long[]{length=1, hash=33}, commandSequences=long[]{length=1, hash=31}, eventIndexes=long[]{length=1, hash=33}} to 1
11:35:49.750 [raft-server-1] TRACE i.a.protocols.raft.roles.LeaderRole - RaftServer{1}{role=LEADER} - Received KeepAliveRequest{sessionIds=long[]{length=1, hash=33}, commandSequences=long[]{length=1, hash=31}, eventIndexes=long[]{length=1, hash=33}}
11:35:49.750 [raft-server-1] TRACE i.a.protocols.raft.roles.LeaderRole - RaftServer{1}{role=LEADER} - Appended Indexed{index=13, entry=KeepAliveEntry{term=1, timestamp=2018-06-05 11:35:49,750, sessionIds=long[]{length=1, hash=33}, commandSequences=long[]{length=1, hash=31}, eventIndexes=long[]{length=1, hash=33}}}
11:35:49.750 [raft-server-1] TRACE i.a.p.raft.roles.LeaderAppender - RaftServer{1} - Sending AppendRequest{term=1, leader=1, prevLogIndex=12, prevLogTerm=1, entries=1, commitIndex=12} to 2
11:35:49.750 [raft-server-2] TRACE i.a.p.raft.roles.FollowerRole - RaftServer{2}{role=FOLLOWER} - Received AppendRequest{term=1, leader=1, prevLogIndex=12, prevLogTerm=1, entries=1, commitIndex=12}
11:35:49.750 [raft-server-2] TRACE i.a.p.raft.roles.FollowerRole - RaftServer{2}{role=FOLLOWER} - Appended Indexed{index=13, entry=KeepAliveEntry{term=1, timestamp=2018-06-05 11:35:49,750, sessionIds=long[]{length=1, hash=33}, commandSequences=long[]{length=1, hash=31}, eventIndexes=long[]{length=1, hash=33}}}
11:35:49.751 [raft-server-2] TRACE i.a.p.raft.roles.FollowerRole - RaftServer{2}{role=FOLLOWER} - Sending AppendResponse{status=OK, term=1, succeeded=true, lastLogIndex=13}
11:35:49.751 [raft-server-1] TRACE i.a.p.raft.roles.LeaderAppender - RaftServer{1} - Received AppendResponse{status=OK, term=1, succeeded=true, lastLogIndex=13} from 2
11:35:49.751 [raft-server-1] TRACE i.a.p.raft.roles.LeaderAppender - RaftServer{1} - Committed entries up to 13
11:35:49.790 [raft-server-1-state] TRACE i.a.p.raft.impl.RaftServiceManager - RaftServer{1} - Applying Indexed{index=13, entry=KeepAliveEntry{term=1, timestamp=2018-06-05 11:35:49,750, sessionIds=long[]{length=1, hash=33}, commandSequences=long[]{length=1, hash=31}, eventIndexes=long[]{length=1, hash=33}}}
11:35:49.790 [raft-server-1] TRACE i.a.protocols.raft.roles.LeaderRole - RaftServer{1}{role=LEADER} - Sending KeepAliveResponse{status=OK, leader=1, members=[1, 2], sessionIds=long[]{length=1, hash=33}}
11:35:49.790 [raft-client-e93f55c3-5bda-4e64-bf5f-fc9c79dd4249-6] TRACE i.a.p.r.p.impl.RaftProxyConnection - RaftClient{e93f55c3-5bda-4e64-bf5f-fc9c79dd4249} - Received KeepAliveResponse{status=OK, leader=1, members=[1, 2], sessionIds=long[]{length=1, hash=33}} from 1
11:35:49.985 [raft-server-1] TRACE i.a.p.raft.roles.LeaderAppender - RaftServer{1} - Sending AppendRequest{term=1, leader=1, prevLogIndex=13, prevLogTerm=1, entries=0, commitIndex=13} to 2
11:35:49.985 [raft-server-2] TRACE i.a.p.raft.roles.FollowerRole - RaftServer{2}{role=FOLLOWER} - Received AppendRequest{term=1, leader=1, prevLogIndex=13, prevLogTerm=1, entries=0, commitIndex=13}
11:35:50.015 [raft-server-2] TRACE i.a.p.raft.roles.FollowerRole - RaftServer{2}{role=FOLLOWER} - Committed entries up to index 13
11:35:50.015 [raft-server-2] TRACE i.a.p.raft.roles.FollowerRole - RaftServer{2}{role=FOLLOWER} - Sending AppendResponse{status=OK, term=1, succeeded=true, lastLogIndex=13}
11:35:50.015 [raft-server-1] TRACE i.a.p.raft.roles.LeaderAppender - RaftServer{1} - Received AppendResponse{status=OK, term=1, succeeded=true, lastLogIndex=13} from 2
11:35:50.015 [raft-server-2-state] TRACE i.a.p.raft.impl.RaftServiceManager - RaftServer{2} - Applying Indexed{index=13, entry=KeepAliveEntry{term=1, timestamp=2018-06-05 11:35:49,750, sessionIds=long[]{length=1, hash=33}, commandSequences=long[]{length=1, hash=31}, eventIndexes=long[]{length=1, hash=33}}}
11:35:50.015 [raft-server-1] TRACE i.a.p.raft.roles.LeaderAppender - RaftServer{1} - Sending AppendRequest{term=1, leader=1, prevLogIndex=13, prevLogTerm=1, entries=0, commitIndex=13} to 2
11:35:50.015 [raft-server-2] TRACE i.a.p.raft.roles.FollowerRole - RaftServer{2}{role=FOLLOWER} - Received AppendRequest{term=1, leader=1, prevLogIndex=13, prevLogTerm=1, entries=0, commitIndex=13}
11:35:50.015 [raft-server-2] TRACE i.a.p.raft.roles.FollowerRole - RaftServer{2}{role=FOLLOWER} - Sending AppendResponse{status=OK, term=1, succeeded=true, lastLogIndex=13}
11:35:50.015 [raft-server-1] TRACE i.a.p.raft.roles.LeaderAppender - RaftServer{1} - Received AppendResponse{status=OK, term=1, succeeded=true, lastLogIndex=13} from 2
11:35:50.235 [raft-server-1] TRACE i.a.p.raft.roles.LeaderAppender - RaftServer{1} - Sending AppendRequest{term=1, leader=1, prevLogIndex=13, prevLogTerm=1, entries=0, commitIndex=13} to 2
11:35:50.235 [raft-server-2] TRACE i.a.p.raft.roles.FollowerRole - RaftServer{2}{role=FOLLOWER} - Received AppendRequest{term=1, leader=1, prevLogIndex=13, prevLogTerm=1, entries=0, commitIndex=13}
11:35:50.235 [raft-server-2] TRACE i.a.p.raft.roles.FollowerRole - RaftServer{2}{role=FOLLOWER} - Sending AppendResponse{status=OK, term=1, succeeded=true, lastLogIndex=13}
11:35:50.235 [raft-server-1] TRACE i.a.p.raft.roles.LeaderAppender - RaftServer{1} - Received AppendResponse{status=OK, term=1, succeeded=true, lastLogIndex=13} from 2
11:35:50.235 [raft-server-1] TRACE i.a.p.raft.roles.LeaderAppender - RaftServer{1} - Sending AppendRequest{term=1, leader=1, prevLogIndex=13, prevLogTerm=1, entries=0, commitIndex=13} to 2
11:35:50.235 [raft-server-2] TRACE i.a.p.raft.roles.FollowerRole - RaftServer{2}{role=FOLLOWER} - Received AppendRequest{term=1, leader=1, prevLogIndex=13, prevLogTerm=1, entries=0, commitIndex=13}
11:35:50.235 [raft-server-2] TRACE i.a.p.raft.roles.FollowerRole - RaftServer{2}{role=FOLLOWER} - Sending AppendResponse{status=OK, term=1, succeeded=true, lastLogIndex=13}
11:35:50.235 [raft-server-1] TRACE i.a.p.raft.roles.LeaderAppender - RaftServer{1} - Received AppendResponse{status=OK, term=1, succeeded=true, lastLogIndex=13} from 2
11:35:50.235 [raft-server-1] TRACE i.a.p.raft.roles.LeaderAppender - RaftServer{1} - Sending AppendRequest{term=1, leader=1, prevLogIndex=13, prevLogTerm=1, entries=0, commitIndex=13} to 2
11:35:50.235 [raft-server-2] TRACE i.a.p.raft.roles.FollowerRole - RaftServer{2}{role=FOLLOWER} - Received AppendRequest{term=1, leader=1, prevLogIndex=13, prevLogTerm=1, entries=0, commitIndex=13}
11:35:50.235 [raft-server-2] TRACE i.a.p.raft.roles.FollowerRole - RaftServer{2}{role=FOLLOWER} - Sending AppendResponse{status=OK, term=1, succeeded=true, lastLogIndex=13}
11:35:50.235 [raft-server-1] TRACE i.a.p.raft.roles.LeaderAppender - RaftServer{1} - Received AppendResponse{status=OK, term=1, succeeded=true, lastLogIndex=13} from 2
11:35:50.236 [raft-server-1] TRACE i.a.p.raft.roles.LeaderAppender - RaftServer{1} - Sending AppendRequest{term=1, leader=1, prevLogIndex=13, prevLogTerm=1, entries=0, commitIndex=13} to 2
11:35:50.236 [raft-server-2] TRACE i.a.p.raft.roles.FollowerRole - RaftServer{2}{role=FOLLOWER} - Received AppendRequest{term=1, leader=1, prevLogIndex=13, prevLogTerm=1, entries=0, commitIndex=13}
11:35:50.236 [raft-server-2] TRACE i.a.p.raft.roles.FollowerRole - RaftServer{2}{role=FOLLOWER} - Sending AppendResponse{status=OK, term=1, succeeded=true, lastLogIndex=13}
11:35:50.236 [raft-server-1] TRACE i.a.p.raft.roles.LeaderAppender - RaftServer{1} - Received AppendResponse{status=OK, term=1, succeeded=true, lastLogIndex=13} from 2
11:35:50.485 [raft-server-1] TRACE i.a.p.raft.roles.LeaderAppender - RaftServer{1} - Sending AppendRequest{term=1, leader=1, prevLogIndex=13, prevLogTerm=1, entries=0, commitIndex=13} to 2
11:35:50.485 [raft-server-2] TRACE i.a.p.raft.roles.FollowerRole - RaftServer{2}{role=FOLLOWER} - Received AppendRequest{term=1, leader=1, prevLogIndex=13, prevLogTerm=1, entries=0, commitIndex=13}
11:35:50.485 [raft-server-2] TRACE i.a.p.raft.roles.FollowerRole - RaftServer{2}{role=FOLLOWER} - Sending AppendResponse{status=OK, term=1, succeeded=true, lastLogIndex=13}
11:35:50.485 [raft-server-1] TRACE i.a.p.raft.roles.LeaderAppender - RaftServer{1} - Received AppendResponse{status=OK, term=1, succeeded=true, lastLogIndex=13} from 2
11:35:50.485 [raft-server-1] TRACE i.a.p.raft.roles.LeaderAppender - RaftServer{1} - Sending AppendRequest{term=1, leader=1, prevLogIndex=13, prevLogTerm=1, entries=0, commitIndex=13} to 2
11:35:50.485 [raft-server-2] TRACE i.a.p.raft.roles.FollowerRole - RaftServer{2}{role=FOLLOWER} - Received AppendRequest{term=1, leader=1, prevLogIndex=13, prevLogTerm=1, entries=0, commitIndex=13}
11:35:50.485 [raft-server-2] TRACE i.a.p.raft.roles.FollowerRole - RaftServer{2}{role=FOLLOWER} - Sending AppendResponse{status=OK, term=1, succeeded=true, lastLogIndex=13}
11:35:50.485 [raft-server-1] TRACE i.a.p.raft.roles.LeaderAppender - RaftServer{1} - Received AppendResponse{status=OK, term=1, succeeded=true, lastLogIndex=13} from 2
11:35:50.485 [raft-server-1] TRACE i.a.p.raft.roles.LeaderAppender - RaftServer{1} - Sending AppendRequest{term=1, leader=1, prevLogIndex=13, prevLogTerm=1, entries=0, commitIndex=13} to 2
11:35:50.485 [raft-server-2] TRACE i.a.p.raft.roles.FollowerRole - RaftServer{2}{role=FOLLOWER} - Received AppendRequest{term=1, leader=1, prevLogIndex=13, prevLogTerm=1, entries=0, commitIndex=13}
11:35:50.486 [raft-server-2] TRACE i.a.p.raft.roles.FollowerRole - RaftServer{2}{role=FOLLOWER} - Sending AppendResponse{status=OK, term=1, succeeded=true, lastLogIndex=13}
11:35:50.486 [raft-server-1] TRACE i.a.p.raft.roles.LeaderAppender - RaftServer{1} - Received AppendResponse{status=OK, term=1, succeeded=true, lastLogIndex=13} from 2
11:35:50.486 [raft-server-1] TRACE i.a.p.raft.roles.LeaderAppender - RaftServer{1} - Sending AppendRequest{term=1, leader=1, prevLogIndex=13, prevLogTerm=1, entries=0, commitIndex=13} to 2
11:35:50.486 [raft-server-2] TRACE i.a.p.raft.roles.FollowerRole - RaftServer{2}{role=FOLLOWER} - Received AppendRequest{term=1, leader=1, prevLogIndex=13, prevLogTerm=1, entries=0, commitIndex=13}
11:35:50.486 [raft-server-2] TRACE i.a.p.raft.roles.FollowerRole - RaftServer{2}{role=FOLLOWER} - Sending AppendResponse{status=OK, term=1, succeeded=true, lastLogIndex=13}
11:35:50.486 [raft-server-1] TRACE i.a.p.raft.roles.LeaderAppender - RaftServer{1} - Received AppendResponse{status=OK, term=1, succeeded=true, lastLogIndex=13} from 2
11:35:50.735 [raft-server-1] TRACE i.a.p.raft.roles.LeaderAppender - RaftServer{1} - Sending AppendRequest{term=1, leader=1, prevLogIndex=13, prevLogTerm=1, entries=0, commitIndex=13} to 2
11:35:50.735 [raft-server-2] TRACE i.a.p.raft.roles.FollowerRole - RaftServer{2}{role=FOLLOWER} - Received AppendRequest{term=1, leader=1, prevLogIndex=13, prevLogTerm=1, entries=0, commitIndex=13}
11:35:50.735 [raft-server-2] TRACE i.a.p.raft.roles.FollowerRole - RaftServer{2}{role=FOLLOWER} - Sending AppendResponse{status=OK, term=1, succeeded=true, lastLogIndex=13}
11:35:50.735 [raft-server-1] TRACE i.a.p.raft.roles.LeaderAppender - RaftServer{1} - Received AppendResponse{status=OK, term=1, succeeded=true, lastLogIndex=13} from 2
11:35:50.735 [raft-server-1] TRACE i.a.p.raft.roles.LeaderAppender - RaftServer{1} - Sending AppendRequest{term=1, leader=1, prevLogIndex=13, prevLogTerm=1, entries=0, commitIndex=13} to 2
11:35:50.735 [raft-server-2] TRACE i.a.p.raft.roles.FollowerRole - RaftServer{2}{role=FOLLOWER} - Received AppendRequest{term=1, leader=1, prevLogIndex=13, prevLogTerm=1, entries=0, commitIndex=13}
11:35:50.735 [raft-server-2] TRACE i.a.p.raft.roles.FollowerRole - RaftServer{2}{role=FOLLOWER} - Sending AppendResponse{status=OK, term=1, succeeded=true, lastLogIndex=13}
11:35:50.735 [raft-server-1] TRACE i.a.p.raft.roles.LeaderAppender - RaftServer{1} - Received AppendResponse{status=OK, term=1, succeeded=true, lastLogIndex=13} from 2
11:35:50.735 [raft-server-1] TRACE i.a.p.raft.roles.LeaderAppender - RaftServer{1} - Sending AppendRequest{term=1, leader=1, prevLogIndex=13, prevLogTerm=1, entries=0, commitIndex=13} to 2
11:35:50.735 [raft-server-2] TRACE i.a.p.raft.roles.FollowerRole - RaftServer{2}{role=FOLLOWER} - Received AppendRequest{term=1, leader=1, prevLogIndex=13, prevLogTerm=1, entries=0, commitIndex=13}
11:35:50.735 [raft-server-2] TRACE i.a.p.raft.roles.FollowerRole - RaftServer{2}{role=FOLLOWER} - Sending AppendResponse{status=OK, term=1, succeeded=true, lastLogIndex=13}
11:35:50.735 [raft-server-1] TRACE i.a.p.raft.roles.LeaderAppender - RaftServer{1} - Received AppendResponse{status=OK, term=1, succeeded=true, lastLogIndex=13} from 2
11:35:50.735 [raft-server-1] TRACE i.a.p.raft.roles.LeaderAppender - RaftServer{1} - Sending AppendRequest{term=1, leader=1, prevLogIndex=13, prevLogTerm=1, entries=0, commitIndex=13} to 2
11:35:50.736 [raft-server-2] TRACE i.a.p.raft.roles.FollowerRole - RaftServer{2}{role=FOLLOWER} - Received AppendRequest{term=1, leader=1, prevLogIndex=13, prevLogTerm=1, entries=0, commitIndex=13}
11:35:50.736 [raft-server-2] TRACE i.a.p.raft.roles.FollowerRole - RaftServer{2}{role=FOLLOWER} - Sending AppendResponse{status=OK, term=1, succeeded=true, lastLogIndex=13}
11:35:50.736 [raft-server-1] TRACE i.a.p.raft.roles.LeaderAppender - RaftServer{1} - Received AppendResponse{status=OK, term=1, succeeded=true, lastLogIndex=13} from 2
11:35:50.736 [raft-server-1] TRACE i.a.p.raft.roles.LeaderAppender - RaftServer{1} - Sending AppendRequest{term=1, leader=1, prevLogIndex=13, prevLogTerm=1, entries=0, commitIndex=13} to 2
11:35:50.736 [raft-server-2] TRACE i.a.p.raft.roles.FollowerRole - RaftServer{2}{role=FOLLOWER} - Received AppendRequest{term=1, leader=1, prevLogIndex=13, prevLogTerm=1, entries=0, commitIndex=13}
11:35:50.736 [raft-server-2] TRACE i.a.p.raft.roles.FollowerRole - RaftServer{2}{role=FOLLOWER} - Sending AppendResponse{status=OK, term=1, succeeded=true, lastLogIndex=13}
11:35:50.736 [raft-server-1] TRACE i.a.p.raft.roles.LeaderAppender - RaftServer{1} - Received AppendResponse{status=OK, term=1, succeeded=true, lastLogIndex=13} from 2
11:35:50.985 [raft-server-1] TRACE i.a.p.raft.roles.LeaderAppender - RaftServer{1} - Sending AppendRequest{term=1, leader=1, prevLogIndex=13, prevLogTerm=1, entries=0, commitIndex=13} to 2
11:35:50.985 [raft-server-2] TRACE i.a.p.raft.roles.FollowerRole - RaftServer{2}{role=FOLLOWER} - Received AppendRequest{term=1, leader=1, prevLogIndex=13, prevLogTerm=1, entries=0, commitIndex=13}
11:35:50.985 [raft-server-2] TRACE i.a.p.raft.roles.FollowerRole - RaftServer{2}{role=FOLLOWER} - Sending AppendResponse{status=OK, term=1, succeeded=true, lastLogIndex=13}
11:35:50.985 [raft-server-1] TRACE i.a.p.raft.roles.LeaderAppender - RaftServer{1} - Received AppendResponse{status=OK, term=1, succeeded=true, lastLogIndex=13} from 2
11:35:50.985 [raft-server-1] TRACE i.a.p.raft.roles.LeaderAppender - RaftServer{1} - Sending AppendRequest{term=1, leader=1, prevLogIndex=13, prevLogTerm=1, entries=0, commitIndex=13} to 2
11:35:50.985 [raft-server-2] TRACE i.a.p.raft.roles.FollowerRole - RaftServer{2}{role=FOLLOWER} - Received AppendRequest{term=1, leader=1, prevLogIndex=13, prevLogTerm=1, entries=0, commitIndex=13}
11:35:50.985 [raft-server-2] TRACE i.a.p.raft.roles.FollowerRole - RaftServer{2}{role=FOLLOWER} - Sending AppendResponse{status=OK, term=1, succeeded=true, lastLogIndex=13}
11:35:50.985 [raft-server-1] TRACE i.a.p.raft.roles.LeaderAppender - RaftServer{1} - Received AppendResponse{status=OK, term=1, succeeded=true, lastLogIndex=13} from 2
11:35:50.985 [raft-server-1] TRACE i.a.p.raft.roles.LeaderAppender - RaftServer{1} - Sending AppendRequest{term=1, leader=1, prevLogIndex=13, prevLogTerm=1, entries=0, commitIndex=13} to 2
11:35:50.986 [raft-server-2] TRACE i.a.p.raft.roles.FollowerRole - RaftServer{2}{role=FOLLOWER} - Received AppendRequest{term=1, leader=1, prevLogIndex=13, prevLogTerm=1, entries=0, commitIndex=13}
11:35:50.986 [raft-server-2] TRACE i.a.p.raft.roles.FollowerRole - RaftServer{2}{role=FOLLOWER} - Sending AppendResponse{status=OK, term=1, succeeded=true, lastLogIndex=13}
11:35:50.986 [raft-server-1] TRACE i.a.p.raft.roles.LeaderAppender - RaftServer{1} - Received AppendResponse{status=OK, term=1, succeeded=true, lastLogIndex=13} from 2
11:35:50.986 [raft-server-1] TRACE i.a.p.raft.roles.LeaderAppender - RaftServer{1} - Sending AppendRequest{term=1, leader=1, prevLogIndex=13, prevLogTerm=1, entries=0, commitIndex=13} to 2
11:35:50.986 [raft-server-2] TRACE i.a.p.raft.roles.FollowerRole - RaftServer{2}{role=FOLLOWER} - Received AppendRequest{term=1, leader=1, prevLogIndex=13, prevLogTerm=1, entries=0, commitIndex=13}
11:35:50.986 [raft-server-2] TRACE i.a.p.raft.roles.FollowerRole - RaftServer{2}{role=FOLLOWER} - Sending AppendResponse{status=OK, term=1, succeeded=true, lastLogIndex=13}
11:35:50.986 [raft-server-1] TRACE i.a.p.raft.roles.LeaderAppender - RaftServer{1} - Received AppendResponse{status=OK, term=1, succeeded=true, lastLogIndex=13} from 2
11:35:51.235 [raft-server-1] TRACE i.a.p.raft.roles.LeaderAppender - RaftServer{1} - Sending AppendRequest{term=1, leader=1, prevLogIndex=13, prevLogTerm=1, entries=0, commitIndex=13} to 2
11:35:51.235 [raft-server-2] TRACE i.a.p.raft.roles.FollowerRole - RaftServer{2}{role=FOLLOWER} - Received AppendRequest{term=1, leader=1, prevLogIndex=13, prevLogTerm=1, entries=0, commitIndex=13}
11:35:51.235 [raft-server-2] TRACE i.a.p.raft.roles.FollowerRole - RaftServer{2}{role=FOLLOWER} - Sending AppendResponse{status=OK, term=1, succeeded=true, lastLogIndex=13}
11:35:51.235 [raft-server-1] TRACE i.a.p.raft.roles.LeaderAppender - RaftServer{1} - Received AppendResponse{status=OK, term=1, succeeded=true, lastLogIndex=13} from 2
11:35:51.235 [raft-server-1] TRACE i.a.p.raft.roles.LeaderAppender - RaftServer{1} - Sending AppendRequest{term=1, leader=1, prevLogIndex=13, prevLogTerm=1, entries=0, commitIndex=13} to 2
11:35:51.235 [raft-server-2] TRACE i.a.p.raft.roles.FollowerRole - RaftServer{2}{role=FOLLOWER} - Received AppendRequest{term=1, leader=1, prevLogIndex=13, prevLogTerm=1, entries=0, commitIndex=13}
11:35:51.235 [raft-server-2] TRACE i.a.p.raft.roles.FollowerRole - RaftServer{2}{role=FOLLOWER} - Sending AppendResponse{status=OK, term=1, succeeded=true, lastLogIndex=13}
11:35:51.235 [raft-server-1] TRACE i.a.p.raft.roles.LeaderAppender - RaftServer{1} - Received AppendResponse{status=OK, term=1, succeeded=true, lastLogIndex=13} from 2
11:35:51.235 [raft-server-1] TRACE i.a.p.raft.roles.LeaderAppender - RaftServer{1} - Sending AppendRequest{term=1, leader=1, prevLogIndex=13, prevLogTerm=1, entries=0, commitIndex=13} to 2
11:35:51.235 [raft-server-2] TRACE i.a.p.raft.roles.FollowerRole - RaftServer{2}{role=FOLLOWER} - Received AppendRequest{term=1, leader=1, prevLogIndex=13, prevLogTerm=1, entries=0, commitIndex=13}
11:35:51.235 [raft-server-2] TRACE i.a.p.raft.roles.FollowerRole - RaftServer{2}{role=FOLLOWER} - Sending AppendResponse{status=OK, term=1, succeeded=true, lastLogIndex=13}
11:35:51.235 [raft-server-1] TRACE i.a.p.raft.roles.LeaderAppender - RaftServer{1} - Received AppendResponse{status=OK, term=1, succeeded=true, lastLogIndex=13} from 2
11:35:51.235 [raft-server-1] TRACE i.a.p.raft.roles.LeaderAppender - RaftServer{1} - Sending AppendRequest{term=1, leader=1, prevLogIndex=13, prevLogTerm=1, entries=0, commitIndex=13} to 2
11:35:51.235 [raft-server-2] TRACE i.a.p.raft.roles.FollowerRole - RaftServer{2}{role=FOLLOWER} - Received AppendRequest{term=1, leader=1, prevLogIndex=13, prevLogTerm=1, entries=0, commitIndex=13}
11:35:51.235 [raft-server-2] TRACE i.a.p.raft.roles.FollowerRole - RaftServer{2}{role=FOLLOWER} - Sending AppendResponse{status=OK, term=1, succeeded=true, lastLogIndex=13}
11:35:51.236 [raft-server-1] TRACE i.a.p.raft.roles.LeaderAppender - RaftServer{1} - Received AppendResponse{status=OK, term=1, succeeded=true, lastLogIndex=13} from 2
11:35:51.236 [raft-server-1] TRACE i.a.p.raft.roles.LeaderAppender - RaftServer{1} - Sending AppendRequest{term=1, leader=1, prevLogIndex=13, prevLogTerm=1, entries=0, commitIndex=13} to 2
11:35:51.236 [raft-server-2] TRACE i.a.p.raft.roles.FollowerRole - RaftServer{2}{role=FOLLOWER} - Received AppendRequest{term=1, leader=1, prevLogIndex=13, prevLogTerm=1, entries=0, commitIndex=13}
11:35:51.236 [raft-server-2] TRACE i.a.p.raft.roles.FollowerRole - RaftServer{2}{role=FOLLOWER} - Sending AppendResponse{status=OK, term=1, succeeded=true, lastLogIndex=13}
11:35:51.236 [raft-server-1] TRACE i.a.p.raft.roles.LeaderAppender - RaftServer{1} - Received AppendResponse{status=OK, term=1, succeeded=true, lastLogIndex=13} from 2
11:35:51.485 [raft-server-1] TRACE i.a.p.raft.roles.LeaderAppender - RaftServer{1} - Sending AppendRequest{term=1, leader=1, prevLogIndex=13, prevLogTerm=1, entries=0, commitIndex=13} to 2
11:35:51.485 [raft-server-2] TRACE i.a.p.raft.roles.FollowerRole - RaftServer{2}{role=FOLLOWER} - Received AppendRequest{term=1, leader=1, prevLogIndex=13, prevLogTerm=1, entries=0, commitIndex=13}
11:35:51.485 [raft-server-2] TRACE i.a.p.raft.roles.FollowerRole - RaftServer{2}{role=FOLLOWER} - Sending AppendResponse{status=OK, term=1, succeeded=true, lastLogIndex=13}
11:35:51.485 [raft-server-1] TRACE i.a.p.raft.roles.LeaderAppender - RaftServer{1} - Received AppendResponse{status=OK, term=1, succeeded=true, lastLogIndex=13} from 2
11:35:51.485 [raft-server-1] TRACE i.a.p.raft.roles.LeaderAppender - RaftServer{1} - Sending AppendRequest{term=1, leader=1, prevLogIndex=13, prevLogTerm=1, entries=0, commitIndex=13} to 2
11:35:51.485 [raft-server-2] TRACE i.a.p.raft.roles.FollowerRole - RaftServer{2}{role=FOLLOWER} - Received AppendRequest{term=1, leader=1, prevLogIndex=13, prevLogTerm=1, entries=0, commitIndex=13}
11:35:51.485 [raft-server-2] TRACE i.a.p.raft.roles.FollowerRole - RaftServer{2}{role=FOLLOWER} - Sending AppendResponse{status=OK, term=1, succeeded=true, lastLogIndex=13}
11:35:51.485 [raft-server-1] TRACE i.a.p.raft.roles.LeaderAppender - RaftServer{1} - Received AppendResponse{status=OK, term=1, succeeded=true, lastLogIndex=13} from 2
11:35:51.485 [raft-server-1] TRACE i.a.p.raft.roles.LeaderAppender - RaftServer{1} - Sending AppendRequest{term=1, leader=1, prevLogIndex=13, prevLogTerm=1, entries=0, commitIndex=13} to 2
11:35:51.485 [raft-server-2] TRACE i.a.p.raft.roles.FollowerRole - RaftServer{2}{role=FOLLOWER} - Received AppendRequest{term=1, leader=1, prevLogIndex=13, prevLogTerm=1, entries=0, commitIndex=13}
11:35:51.485 [raft-server-2] TRACE i.a.p.raft.roles.FollowerRole - RaftServer{2}{role=FOLLOWER} - Sending AppendResponse{status=OK, term=1, succeeded=true, lastLogIndex=13}
11:35:51.485 [raft-server-1] TRACE i.a.p.raft.roles.LeaderAppender - RaftServer{1} - Received AppendResponse{status=OK, term=1, succeeded=true, lastLogIndex=13} from 2
11:35:51.485 [raft-server-1] TRACE i.a.p.raft.roles.LeaderAppender - RaftServer{1} - Sending AppendRequest{term=1, leader=1, prevLogIndex=13, prevLogTerm=1, entries=0, commitIndex=13} to 2
11:35:51.485 [raft-server-2] TRACE i.a.p.raft.roles.FollowerRole - RaftServer{2}{role=FOLLOWER} - Received AppendRequest{term=1, leader=1, prevLogIndex=13, prevLogTerm=1, entries=0, commitIndex=13}
11:35:51.485 [raft-server-2] TRACE i.a.p.raft.roles.FollowerRole - RaftServer{2}{role=FOLLOWER} - Sending AppendResponse{status=OK, term=1, succeeded=true, lastLogIndex=13}
11:35:51.486 [raft-server-1] TRACE i.a.p.raft.roles.LeaderAppender - RaftServer{1} - Received AppendResponse{status=OK, term=1, succeeded=true, lastLogIndex=13} from 2
11:35:51.486 [raft-server-1] TRACE i.a.p.raft.roles.LeaderAppender - RaftServer{1} - Sending AppendRequest{term=1, leader=1, prevLogIndex=13, prevLogTerm=1, entries=0, commitIndex=13} to 2
11:35:51.486 [raft-server-2] TRACE i.a.p.raft.roles.FollowerRole - RaftServer{2}{role=FOLLOWER} - Received AppendRequest{term=1, leader=1, prevLogIndex=13, prevLogTerm=1, entries=0, commitIndex=13}
11:35:51.486 [raft-server-2] TRACE i.a.p.raft.roles.FollowerRole - RaftServer{2}{role=FOLLOWER} - Sending AppendResponse{status=OK, term=1, succeeded=true, lastLogIndex=13}
11:35:51.486 [raft-server-1] TRACE i.a.p.raft.roles.LeaderAppender - RaftServer{1} - Received AppendResponse{status=OK, term=1, succeeded=true, lastLogIndex=13} from 2
11:35:51.735 [raft-server-1] TRACE i.a.p.raft.roles.LeaderAppender - RaftServer{1} - Sending AppendRequest{term=1, leader=1, prevLogIndex=13, prevLogTerm=1, entries=0, commitIndex=13} to 2
11:35:51.735 [raft-server-2] TRACE i.a.p.raft.roles.FollowerRole - RaftServer{2}{role=FOLLOWER} - Received AppendRequest{term=1, leader=1, prevLogIndex=13, prevLogTerm=1, entries=0, commitIndex=13}
11:35:51.735 [raft-server-2] TRACE i.a.p.raft.roles.FollowerRole - RaftServer{2}{role=FOLLOWER} - Sending AppendResponse{status=OK, term=1, succeeded=true, lastLogIndex=13}
11:35:51.735 [raft-server-1] TRACE i.a.p.raft.roles.LeaderAppender - RaftServer{1} - Received AppendResponse{status=OK, term=1, succeeded=true, lastLogIndex=13} from 2
11:35:51.735 [raft-server-1] TRACE i.a.p.raft.roles.LeaderAppender - RaftServer{1} - Sending AppendRequest{term=1, leader=1, prevLogIndex=13, prevLogTerm=1, entries=0, commitIndex=13} to 2
11:35:51.735 [raft-server-2] TRACE i.a.p.raft.roles.FollowerRole - RaftServer{2}{role=FOLLOWER} - Received AppendRequest{term=1, leader=1, prevLogIndex=13, prevLogTerm=1, entries=0, commitIndex=13}
11:35:51.735 [raft-server-2] TRACE i.a.p.raft.roles.FollowerRole - RaftServer{2}{role=FOLLOWER} - Sending AppendResponse{status=OK, term=1, succeeded=true, lastLogIndex=13}
11:35:51.735 [raft-server-1] TRACE i.a.p.raft.roles.LeaderAppender - RaftServer{1} - Received AppendResponse{status=OK, term=1, succeeded=true, lastLogIndex=13} from 2
11:35:51.736 [raft-server-1] TRACE i.a.p.raft.roles.LeaderAppender - RaftServer{1} - Sending AppendRequest{term=1, leader=1, prevLogIndex=13, prevLogTerm=1, entries=0, commitIndex=13} to 2
11:35:51.736 [raft-server-2] TRACE i.a.p.raft.roles.FollowerRole - RaftServer{2}{role=FOLLOWER} - Received AppendRequest{term=1, leader=1, prevLogIndex=13, prevLogTerm=1, entries=0, commitIndex=13}
11:35:51.736 [raft-server-2] TRACE i.a.p.raft.roles.FollowerRole - RaftServer{2}{role=FOLLOWER} - Sending AppendResponse{status=OK, term=1, succeeded=true, lastLogIndex=13}
11:35:51.736 [raft-server-1] TRACE i.a.p.raft.roles.LeaderAppender - RaftServer{1} - Received AppendResponse{status=OK, term=1, succeeded=true, lastLogIndex=13} from 2
11:35:51.985 [raft-server-1] TRACE i.a.p.raft.roles.LeaderAppender - RaftServer{1} - Sending AppendRequest{term=1, leader=1, prevLogIndex=13, prevLogTerm=1, entries=0, commitIndex=13} to 2
11:35:51.985 [raft-server-2] TRACE i.a.p.raft.roles.FollowerRole - RaftServer{2}{role=FOLLOWER} - Received AppendRequest{term=1, leader=1, prevLogIndex=13, prevLogTerm=1, entries=0, commitIndex=13}
11:35:51.985 [raft-server-2] TRACE i.a.p.raft.roles.FollowerRole - RaftServer{2}{role=FOLLOWER} - Sending AppendResponse{status=OK, term=1, succeeded=true, lastLogIndex=13}
11:35:51.985 [raft-server-1] TRACE i.a.p.raft.roles.LeaderAppender - RaftServer{1} - Received AppendResponse{status=OK, term=1, succeeded=true, lastLogIndex=13} from 2
11:35:51.985 [raft-server-1] TRACE i.a.p.raft.roles.LeaderAppender - RaftServer{1} - Sending AppendRequest{term=1, leader=1, prevLogIndex=13, prevLogTerm=1, entries=0, commitIndex=13} to 2
11:35:51.985 [raft-server-2] TRACE i.a.p.raft.roles.FollowerRole - RaftServer{2}{role=FOLLOWER} - Received AppendRequest{term=1, leader=1, prevLogIndex=13, prevLogTerm=1, entries=0, commitIndex=13}
11:35:51.985 [raft-server-2] TRACE i.a.p.raft.roles.FollowerRole - RaftServer{2}{role=FOLLOWER} - Sending AppendResponse{status=OK, term=1, succeeded=true, lastLogIndex=13}
11:35:51.985 [raft-server-1] TRACE i.a.p.raft.roles.LeaderAppender - RaftServer{1} - Received AppendResponse{status=OK, term=1, succeeded=true, lastLogIndex=13} from 2
11:35:51.985 [raft-server-1] TRACE i.a.p.raft.roles.LeaderAppender - RaftServer{1} - Sending AppendRequest{term=1, leader=1, prevLogIndex=13, prevLogTerm=1, entries=0, commitIndex=13} to 2
11:35:51.985 [raft-server-2] TRACE i.a.p.raft.roles.FollowerRole - RaftServer{2}{role=FOLLOWER} - Received AppendRequest{term=1, leader=1, prevLogIndex=13, prevLogTerm=1, entries=0, commitIndex=13}
11:35:51.985 [raft-server-2] TRACE i.a.p.raft.roles.FollowerRole - RaftServer{2}{role=FOLLOWER} - Sending AppendResponse{status=OK, term=1, succeeded=true, lastLogIndex=13}
11:35:51.985 [raft-server-1] TRACE i.a.p.raft.roles.LeaderAppender - RaftServer{1} - Received AppendResponse{status=OK, term=1, succeeded=true, lastLogIndex=13} from 2
11:35:51.985 [raft-server-1] TRACE i.a.p.raft.roles.LeaderAppender - RaftServer{1} - Sending AppendRequest{term=1, leader=1, prevLogIndex=13, prevLogTerm=1, entries=0, commitIndex=13} to 2
11:35:51.985 [raft-server-2] TRACE i.a.p.raft.roles.FollowerRole - RaftServer{2}{role=FOLLOWER} - Received AppendRequest{term=1, leader=1, prevLogIndex=13, prevLogTerm=1, entries=0, commitIndex=13}
11:35:51.986 [raft-server-2] TRACE i.a.p.raft.roles.FollowerRole - RaftServer{2}{role=FOLLOWER} - Sending AppendResponse{status=OK, term=1, succeeded=true, lastLogIndex=13}
11:35:51.986 [raft-server-1] TRACE i.a.p.raft.roles.LeaderAppender - RaftServer{1} - Received AppendResponse{status=OK, term=1, succeeded=true, lastLogIndex=13} from 2
11:35:51.986 [raft-server-1] TRACE i.a.p.raft.roles.LeaderAppender - RaftServer{1} - Sending AppendRequest{term=1, leader=1, prevLogIndex=13, prevLogTerm=1, entries=0, commitIndex=13} to 2
11:35:51.986 [raft-server-2] TRACE i.a.p.raft.roles.FollowerRole - RaftServer{2}{role=FOLLOWER} - Received AppendRequest{term=1, leader=1, prevLogIndex=13, prevLogTerm=1, entries=0, commitIndex=13}
11:35:51.986 [raft-server-2] TRACE i.a.p.raft.roles.FollowerRole - RaftServer{2}{role=FOLLOWER} - Sending AppendResponse{status=OK, term=1, succeeded=true, lastLogIndex=13}
11:35:51.986 [raft-server-1] TRACE i.a.p.raft.roles.LeaderAppender - RaftServer{1} - Received AppendResponse{status=OK, term=1, succeeded=true, lastLogIndex=13} from 2
11:35:52.235 [raft-server-1] TRACE i.a.p.raft.roles.LeaderAppender - RaftServer{1} - Sending AppendRequest{term=1, leader=1, prevLogIndex=13, prevLogTerm=1, entries=0, commitIndex=13} to 2
11:35:52.235 [raft-server-2] TRACE i.a.p.raft.roles.FollowerRole - RaftServer{2}{role=FOLLOWER} - Received AppendRequest{term=1, leader=1, prevLogIndex=13, prevLogTerm=1, entries=0, commitIndex=13}
11:35:52.235 [raft-server-2] TRACE i.a.p.raft.roles.FollowerRole - RaftServer{2}{role=FOLLOWER} - Sending AppendResponse{status=OK, term=1, succeeded=true, lastLogIndex=13}
11:35:52.235 [raft-server-1] TRACE i.a.p.raft.roles.LeaderAppender - RaftServer{1} - Received AppendResponse{status=OK, term=1, succeeded=true, lastLogIndex=13} from 2
11:35:52.235 [raft-server-1] TRACE i.a.p.raft.roles.LeaderAppender - RaftServer{1} - Sending AppendRequest{term=1, leader=1, prevLogIndex=13, prevLogTerm=1, entries=0, commitIndex=13} to 2
11:35:52.235 [raft-server-2] TRACE i.a.p.raft.roles.FollowerRole - RaftServer{2}{role=FOLLOWER} - Received AppendRequest{term=1, leader=1, prevLogIndex=13, prevLogTerm=1, entries=0, commitIndex=13}
11:35:52.235 [raft-server-2] TRACE i.a.p.raft.roles.FollowerRole - RaftServer{2}{role=FOLLOWER} - Sending AppendResponse{status=OK, term=1, succeeded=true, lastLogIndex=13}
11:35:52.235 [raft-server-1] TRACE i.a.p.raft.roles.LeaderAppender - RaftServer{1} - Received AppendResponse{status=OK, term=1, succeeded=true, lastLogIndex=13} from 2
11:35:52.236 [raft-server-1] TRACE i.a.p.raft.roles.LeaderAppender - RaftServer{1} - Sending AppendRequest{term=1, leader=1, prevLogIndex=13, prevLogTerm=1, entries=0, commitIndex=13} to 2
11:35:52.236 [raft-server-2] TRACE i.a.p.raft.roles.FollowerRole - RaftServer{2}{role=FOLLOWER} - Received AppendRequest{term=1, leader=1, prevLogIndex=13, prevLogTerm=1, entries=0, commitIndex=13}
11:35:52.236 [raft-server-2] TRACE i.a.p.raft.roles.FollowerRole - RaftServer{2}{role=FOLLOWER} - Sending AppendResponse{status=OK, term=1, succeeded=true, lastLogIndex=13}
11:35:52.236 [raft-server-1] TRACE i.a.p.raft.roles.LeaderAppender - RaftServer{1} - Received AppendResponse{status=OK, term=1, succeeded=true, lastLogIndex=13} from 2
11:35:52.236 [raft-server-1] TRACE i.a.p.raft.roles.LeaderAppender - RaftServer{1} - Sending AppendRequest{term=1, leader=1, prevLogIndex=13, prevLogTerm=1, entries=0, commitIndex=13} to 2
11:35:52.236 [raft-server-2] TRACE i.a.p.raft.roles.FollowerRole - RaftServer{2}{role=FOLLOWER} - Received AppendRequest{term=1, leader=1, prevLogIndex=13, prevLogTerm=1, entries=0, commitIndex=13}
11:35:52.236 [raft-server-2] TRACE i.a.p.raft.roles.FollowerRole - RaftServer{2}{role=FOLLOWER} - Sending AppendResponse{status=OK, term=1, succeeded=true, lastLogIndex=13}
11:35:52.236 [raft-server-1] TRACE i.a.p.raft.roles.LeaderAppender - RaftServer{1} - Received AppendResponse{status=OK, term=1, succeeded=true, lastLogIndex=13} from 2
11:35:52.251 [raft-client-e93f55c3-5bda-4e64-bf5f-fc9c79dd4249-6] TRACE i.a.p.r.proxy.impl.RaftProxyManager - RaftClient{e93f55c3-5bda-4e64-bf5f-fc9c79dd4249} - Keeping 1 sessions alive
11:35:52.251 [raft-client-e93f55c3-5bda-4e64-bf5f-fc9c79dd4249-6] TRACE i.a.p.r.p.impl.RaftProxyConnection - RaftClient{e93f55c3-5bda-4e64-bf5f-fc9c79dd4249} - Sending KeepAliveRequest{sessionIds=long[]{length=1, hash=33}, commandSequences=long[]{length=1, hash=31}, eventIndexes=long[]{length=1, hash=33}} to 1
11:35:52.251 [raft-server-1] TRACE i.a.protocols.raft.roles.LeaderRole - RaftServer{1}{role=LEADER} - Received KeepAliveRequest{sessionIds=long[]{length=1, hash=33}, commandSequences=long[]{length=1, hash=31}, eventIndexes=long[]{length=1, hash=33}}
11:35:52.251 [raft-server-1] TRACE i.a.protocols.raft.roles.LeaderRole - RaftServer{1}{role=LEADER} - Appended Indexed{index=14, entry=KeepAliveEntry{term=1, timestamp=2018-06-05 11:35:52,251, sessionIds=long[]{length=1, hash=33}, commandSequences=long[]{length=1, hash=31}, eventIndexes=long[]{length=1, hash=33}}}
11:35:52.251 [raft-server-1] TRACE i.a.p.raft.roles.LeaderAppender - RaftServer{1} - Sending AppendRequest{term=1, leader=1, prevLogIndex=13, prevLogTerm=1, entries=1, commitIndex=13} to 2
11:35:52.251 [raft-server-2] TRACE i.a.p.raft.roles.FollowerRole - RaftServer{2}{role=FOLLOWER} - Received AppendRequest{term=1, leader=1, prevLogIndex=13, prevLogTerm=1, entries=1, commitIndex=13}
11:35:52.251 [raft-server-2] TRACE i.a.p.raft.roles.FollowerRole - RaftServer{2}{role=FOLLOWER} - Appended Indexed{index=14, entry=KeepAliveEntry{term=1, timestamp=2018-06-05 11:35:52,251, sessionIds=long[]{length=1, hash=33}, commandSequences=long[]{length=1, hash=31}, eventIndexes=long[]{length=1, hash=33}}}
11:35:52.252 [raft-server-2] TRACE i.a.p.raft.roles.FollowerRole - RaftServer{2}{role=FOLLOWER} - Sending AppendResponse{status=OK, term=1, succeeded=true, lastLogIndex=14}
11:35:52.252 [raft-server-1] TRACE i.a.p.raft.roles.LeaderAppender - RaftServer{1} - Received AppendResponse{status=OK, term=1, succeeded=true, lastLogIndex=14} from 2
11:35:52.252 [raft-server-1] TRACE i.a.p.raft.roles.LeaderAppender - RaftServer{1} - Committed entries up to 14
11:35:52.307 [raft-server-1-state] TRACE i.a.p.raft.impl.RaftServiceManager - RaftServer{1} - Applying Indexed{index=14, entry=KeepAliveEntry{term=1, timestamp=2018-06-05 11:35:52,251, sessionIds=long[]{length=1, hash=33}, commandSequences=long[]{length=1, hash=31}, eventIndexes=long[]{length=1, hash=33}}}
11:35:52.307 [raft-server-1] TRACE i.a.protocols.raft.roles.LeaderRole - RaftServer{1}{role=LEADER} - Sending KeepAliveResponse{status=OK, leader=1, members=[1, 2], sessionIds=long[]{length=1, hash=33}}
11:35:52.308 [raft-client-e93f55c3-5bda-4e64-bf5f-fc9c79dd4249-0] TRACE i.a.p.r.p.impl.RaftProxyConnection - RaftClient{e93f55c3-5bda-4e64-bf5f-fc9c79dd4249} - Received KeepAliveResponse{status=OK, leader=1, members=[1, 2], sessionIds=long[]{length=1, hash=33}} from 1
11:35:52.485 [raft-server-1] TRACE i.a.p.raft.roles.LeaderAppender - RaftServer{1} - Sending AppendRequest{term=1, leader=1, prevLogIndex=14, prevLogTerm=1, entries=0, commitIndex=14} to 2
11:35:52.485 [raft-server-2] TRACE i.a.p.raft.roles.FollowerRole - RaftServer{2}{role=FOLLOWER} - Received AppendRequest{term=1, leader=1, prevLogIndex=14, prevLogTerm=1, entries=0, commitIndex=14}
11:35:52.515 [raft-server-2] TRACE i.a.p.raft.roles.FollowerRole - RaftServer{2}{role=FOLLOWER} - Committed entries up to index 14
11:35:52.515 [raft-server-2] TRACE i.a.p.raft.roles.FollowerRole - RaftServer{2}{role=FOLLOWER} - Sending AppendResponse{status=OK, term=1, succeeded=true, lastLogIndex=14}
11:35:52.516 [raft-server-2-state] TRACE i.a.p.raft.impl.RaftServiceManager - RaftServer{2} - Applying Indexed{index=14, entry=KeepAliveEntry{term=1, timestamp=2018-06-05 11:35:52,251, sessionIds=long[]{length=1, hash=33}, commandSequences=long[]{length=1, hash=31}, eventIndexes=long[]{length=1, hash=33}}}
11:35:52.516 [raft-server-1] TRACE i.a.p.raft.roles.LeaderAppender - RaftServer{1} - Received AppendResponse{status=OK, term=1, succeeded=true, lastLogIndex=14} from 2
11:35:52.516 [raft-server-1] TRACE i.a.p.raft.roles.LeaderAppender - RaftServer{1} - Sending AppendRequest{term=1, leader=1, prevLogIndex=14, prevLogTerm=1, entries=0, commitIndex=14} to 2
11:35:52.516 [raft-server-2] TRACE i.a.p.raft.roles.FollowerRole - RaftServer{2}{role=FOLLOWER} - Received AppendRequest{term=1, leader=1, prevLogIndex=14, prevLogTerm=1, entries=0, commitIndex=14}
11:35:52.516 [raft-server-2] TRACE i.a.p.raft.roles.FollowerRole - RaftServer{2}{role=FOLLOWER} - Sending AppendResponse{status=OK, term=1, succeeded=true, lastLogIndex=14}
11:35:52.516 [raft-server-1] TRACE i.a.p.raft.roles.LeaderAppender - RaftServer{1} - Received AppendResponse{status=OK, term=1, succeeded=true, lastLogIndex=14} from 2
11:35:52.735 [raft-server-1] TRACE i.a.p.raft.roles.LeaderAppender - RaftServer{1} - Sending AppendRequest{term=1, leader=1, prevLogIndex=14, prevLogTerm=1, entries=0, commitIndex=14} to 2
11:35:52.735 [raft-server-2] TRACE i.a.p.raft.roles.FollowerRole - RaftServer{2}{role=FOLLOWER} - Received AppendRequest{term=1, leader=1, prevLogIndex=14, prevLogTerm=1, entries=0, commitIndex=14}
11:35:52.735 [raft-server-2] TRACE i.a.p.raft.roles.FollowerRole - RaftServer{2}{role=FOLLOWER} - Sending AppendResponse{status=OK, term=1, succeeded=true, lastLogIndex=14}
11:35:52.735 [raft-server-1] TRACE i.a.p.raft.roles.LeaderAppender - RaftServer{1} - Received AppendResponse{status=OK, term=1, succeeded=true, lastLogIndex=14} from 2
11:35:52.735 [raft-server-1] TRACE i.a.p.raft.roles.LeaderAppender - RaftServer{1} - Sending AppendRequest{term=1, leader=1, prevLogIndex=14, prevLogTerm=1, entries=0, commitIndex=14} to 2
11:35:52.735 [raft-server-2] TRACE i.a.p.raft.roles.FollowerRole - RaftServer{2}{role=FOLLOWER} - Received AppendRequest{term=1, leader=1, prevLogIndex=14, prevLogTerm=1, entries=0, commitIndex=14}
11:35:52.735 [raft-server-2] TRACE i.a.p.raft.roles.FollowerRole - RaftServer{2}{role=FOLLOWER} - Sending AppendResponse{status=OK, term=1, succeeded=true, lastLogIndex=14}
11:35:52.735 [raft-server-1] TRACE i.a.p.raft.roles.LeaderAppender - RaftServer{1} - Received AppendResponse{status=OK, term=1, succeeded=true, lastLogIndex=14} from 2
11:35:52.735 [raft-server-1] TRACE i.a.p.raft.roles.LeaderAppender - RaftServer{1} - Sending AppendRequest{term=1, leader=1, prevLogIndex=14, prevLogTerm=1, entries=0, commitIndex=14} to 2
11:35:52.735 [raft-server-2] TRACE i.a.p.raft.roles.FollowerRole - RaftServer{2}{role=FOLLOWER} - Received AppendRequest{term=1, leader=1, prevLogIndex=14, prevLogTerm=1, entries=0, commitIndex=14}
11:35:52.735 [raft-server-2] TRACE i.a.p.raft.roles.FollowerRole - RaftServer{2}{role=FOLLOWER} - Sending AppendResponse{status=OK, term=1, succeeded=true, lastLogIndex=14}
11:35:52.735 [raft-server-1] TRACE i.a.p.raft.roles.LeaderAppender - RaftServer{1} - Received AppendResponse{status=OK, term=1, succeeded=true, lastLogIndex=14} from 2
11:35:52.735 [raft-server-1] TRACE i.a.p.raft.roles.LeaderAppender - RaftServer{1} - Sending AppendRequest{term=1, leader=1, prevLogIndex=14, prevLogTerm=1, entries=0, commitIndex=14} to 2
11:35:52.735 [raft-server-2] TRACE i.a.p.raft.roles.FollowerRole - RaftServer{2}{role=FOLLOWER} - Received AppendRequest{term=1, leader=1, prevLogIndex=14, prevLogTerm=1, entries=0, commitIndex=14}
11:35:52.736 [raft-server-2] TRACE i.a.p.raft.roles.FollowerRole - RaftServer{2}{role=FOLLOWER} - Sending AppendResponse{status=OK, term=1, succeeded=true, lastLogIndex=14}
11:35:52.736 [raft-server-1] TRACE i.a.p.raft.roles.LeaderAppender - RaftServer{1} - Received AppendResponse{status=OK, term=1, succeeded=true, lastLogIndex=14} from 2
11:35:52.736 [raft-server-1] TRACE i.a.p.raft.roles.LeaderAppender - RaftServer{1} - Sending AppendRequest{term=1, leader=1, prevLogIndex=14, prevLogTerm=1, entries=0, commitIndex=14} to 2
11:35:52.736 [raft-server-2] TRACE i.a.p.raft.roles.FollowerRole - RaftServer{2}{role=FOLLOWER} - Received AppendRequest{term=1, leader=1, prevLogIndex=14, prevLogTerm=1, entries=0, commitIndex=14}
11:35:52.736 [raft-server-2] TRACE i.a.p.raft.roles.FollowerRole - RaftServer{2}{role=FOLLOWER} - Sending AppendResponse{status=OK, term=1, succeeded=true, lastLogIndex=14}
11:35:52.736 [raft-server-1] TRACE i.a.p.raft.roles.LeaderAppender - RaftServer{1} - Received AppendResponse{status=OK, term=1, succeeded=true, lastLogIndex=14} from 2
11:35:52.918 [raft-server-1] DEBUG i.a.p.raft.impl.RaftServiceManager - RaftServer{1} - Snapshotting services
11:35:52.918 [raft-server-1-state] DEBUG i.a.p.r.s.snapshot.SnapshotStore - Created memory snapshot: MemorySnapshot{index=14}
11:35:52.918 [raft-server-1-state] TRACE i.a.utils.serializer.KryoNamespace - Creating Kryo instance for KryoNamespace{registeredBlocks=[RegistrationBlock{begin=16, types=[([Ljava.lang.Class;@6b321262,null), ([Ljava.lang.Class;@68b11545,null), ([Ljava.lang.Class;@7d0100ea,null), ([Ljava.lang.Class;@357bc488,null), ([Ljava.lang.Class;@4ea17147,io.atomix.utils.serializer.serializers.ImmutableListSerializer@2eda4eeb), ([Ljava.lang.Class;@5ba90d8a,io.atomix.utils.serializer.serializers.ImmutableSetSerializer@309dcdf3), ([Ljava.lang.Class;@7573b9ee,io.atomix.utils.serializer.serializers.ImmutableMapSerializer@9a20cbd), ([Ljava.lang.Class;@1af4955e,null), ([Ljava.lang.Class;@445821a6,null), ([Ljava.lang.Class;@2c0c4c0a,null), ([Ljava.lang.Class;@35d26ad2,null), ([Ljava.lang.Class;@bb25753,null), ([Ljava.lang.Class;@ee21292,null), ([Ljava.lang.Class;@40c06358,null), ([Ljava.lang.Class;@66e21568,null), ([Ljava.lang.Class;@7f73ce28,null), ([Ljava.lang.Class;@611b35d6,null), ([Ljava.lang.Class;@2282400e,null), ([Ljava.lang.Class;@543d5863,null), ([Ljava.lang.Class;@35dece42,null), ([Ljava.lang.Class;@dd3f8aa,io.atomix.utils.serializer.serializers.ArraysAsListSerializer@3d615b2e), ([Ljava.lang.Class;@3a1f2a1,null), ([Ljava.lang.Class;@40ce9049,null), ([Ljava.lang.Class;@52ca2652,null), ([Ljava.lang.Class;@65c5bf0e,null), ([Ljava.lang.Class;@697d6ded,null), ([Ljava.lang.Class;@5d05f453,null), ([Ljava.lang.Class;@5efeb117,null), ([Ljava.lang.Class;@160b4809,null), ([Ljava.lang.Class;@149b4d20,null), ([Ljava.lang.Class;@664e848c,null), ([Ljava.lang.Class;@4d93f75b,null), ([Ljava.lang.Class;@114a5e0,null), ([Ljava.lang.Class;@4f281aaf,null), ([Ljava.lang.Class;@5d508d22,null), ([Ljava.lang.Class;@f2b90fc,null)]}, RegistrationBlock{begin=52, types=[([Ljava.lang.Class;@3dd8dacb,null)]}]}
11:35:52.919 [raft-server-1-state] TRACE i.a.utils.serializer.KryoNamespace - class [B registered as 16
11:35:52.919 [raft-server-1-state] TRACE i.a.utils.serializer.KryoNamespace - class java.util.concurrent.atomic.AtomicBoolean registered as 17
11:35:52.919 [raft-server-1-state] TRACE i.a.utils.serializer.KryoNamespace - class java.util.concurrent.atomic.AtomicInteger registered as 18
11:35:52.919 [raft-server-1-state] TRACE i.a.utils.serializer.KryoNamespace - class java.util.concurrent.atomic.AtomicLong registered as 19
11:35:52.919 [raft-server-1-state] TRACE i.a.utils.serializer.KryoNamespace - class com.google.common.collect.ImmutableList registered as 20
11:35:52.919 [raft-server-1-state] TRACE i.a.utils.serializer.KryoNamespace - class com.google.common.collect.RegularImmutableList registered as 20
11:35:52.919 [raft-server-1-state] TRACE i.a.utils.serializer.KryoNamespace - class com.google.common.collect.RegularImmutableList registered as 20
11:35:52.919 [raft-server-1-state] TRACE i.a.utils.serializer.KryoNamespace - class com.google.common.collect.ImmutableList$SubList registered as 20
11:35:52.919 [raft-server-1-state] TRACE i.a.utils.serializer.KryoNamespace - class com.google.common.collect.ImmutableSet registered as 21
11:35:52.919 [raft-server-1-state] TRACE i.a.utils.serializer.KryoNamespace - class com.google.common.collect.RegularImmutableSet registered as 21
11:35:52.919 [raft-server-1-state] TRACE i.a.utils.serializer.KryoNamespace - class com.google.common.collect.SingletonImmutableSet registered as 21
11:35:52.919 [raft-server-1-state] TRACE i.a.utils.serializer.KryoNamespace - class com.google.common.collect.RegularImmutableSet registered as 21
11:35:52.919 [raft-server-1-state] TRACE i.a.utils.serializer.KryoNamespace - class com.google.common.collect.ImmutableMap registered as 22
11:35:52.919 [raft-server-1-state] TRACE i.a.utils.serializer.KryoNamespace - class com.google.common.collect.RegularImmutableMap registered as 22
11:35:52.919 [raft-server-1-state] TRACE i.a.utils.serializer.KryoNamespace - class com.google.common.collect.RegularImmutableMap registered as 22
11:35:52.919 [raft-server-1-state] TRACE i.a.utils.serializer.KryoNamespace - class com.google.common.collect.RegularImmutableMap registered as 22
11:35:52.919 [raft-server-1-state] TRACE i.a.utils.serializer.KryoNamespace - class java.util.Collections$UnmodifiableSet registered as 23
11:35:52.919 [raft-server-1-state] TRACE i.a.utils.serializer.KryoNamespace - class java.util.HashMap registered as 24
11:35:52.919 [raft-server-1-state] TRACE i.a.utils.serializer.KryoNamespace - class java.util.concurrent.ConcurrentHashMap registered as 25
11:35:52.920 [raft-server-1-state] TRACE i.a.utils.serializer.KryoNamespace - class java.util.concurrent.CopyOnWriteArraySet registered as 26
11:35:52.920 [raft-server-1-state] TRACE i.a.utils.serializer.KryoNamespace - class java.util.ArrayList registered as 27
11:35:52.920 [raft-server-1-state] TRACE i.a.utils.serializer.KryoNamespace - class java.util.LinkedList registered as 28
11:35:52.920 [raft-server-1-state] TRACE i.a.utils.serializer.KryoNamespace - class java.util.HashSet registered as 29
11:35:52.920 [raft-server-1-state] TRACE i.a.utils.serializer.KryoNamespace - class java.util.LinkedHashSet registered as 30
11:35:52.920 [raft-server-1-state] TRACE i.a.utils.serializer.KryoNamespace - class com.sun.jmx.remote.internal.ArrayQueue registered as 31
11:35:52.920 [raft-server-1-state] TRACE i.a.utils.serializer.KryoNamespace - class java.util.ArrayDeque registered as 32
11:35:52.920 [raft-server-1-state] TRACE i.a.utils.serializer.KryoNamespace - class com.google.common.collect.HashMultiset registered as 33
11:35:52.920 [raft-server-1-state] TRACE i.a.utils.serializer.KryoNamespace - class com.google.common.collect.Sets registered as 34
11:35:52.920 [raft-server-1-state] TRACE i.a.utils.serializer.KryoNamespace - class com.google.common.collect.ImmutableEntry registered as 35
11:35:52.920 [raft-server-1-state] TRACE i.a.utils.serializer.KryoNamespace - class java.util.Arrays$ArrayList registered as 36
11:35:52.920 [raft-server-1-state] TRACE i.a.utils.serializer.KryoNamespace - class java.util.Collections$SingletonList registered as 37
11:35:52.920 [raft-server-1-state] TRACE i.a.utils.serializer.KryoNamespace - class java.time.Duration registered as 38
11:35:52.920 [raft-server-1-state] TRACE i.a.utils.serializer.KryoNamespace - class java.util.Collections$EmptySet registered as 39
11:35:52.920 [raft-server-1-state] TRACE i.a.utils.serializer.KryoNamespace - class java.util.Optional registered as 40
11:35:52.920 [raft-server-1-state] TRACE i.a.utils.serializer.KryoNamespace - class java.util.Collections$EmptyList registered as 41
11:35:52.921 [raft-server-1-state] TRACE i.a.utils.serializer.KryoNamespace - class java.util.Collections$SingletonSet registered as 42
11:35:52.921 [raft-server-1-state] TRACE i.a.utils.serializer.KryoNamespace - class [I registered as 43
11:35:52.921 [raft-server-1-state] TRACE i.a.utils.serializer.KryoNamespace - class [J registered as 44
11:35:52.921 [raft-server-1-state] TRACE i.a.utils.serializer.KryoNamespace - class [S registered as 45
11:35:52.921 [raft-server-1-state] TRACE i.a.utils.serializer.KryoNamespace - class [D registered as 46
11:35:52.921 [raft-server-1-state] TRACE i.a.utils.serializer.KryoNamespace - class [F registered as 47
11:35:52.921 [raft-server-1-state] TRACE i.a.utils.serializer.KryoNamespace - class [C registered as 48
11:35:52.921 [raft-server-1-state] TRACE i.a.utils.serializer.KryoNamespace - class [Ljava.lang.String; registered as 49
11:35:52.921 [raft-server-1-state] TRACE i.a.utils.serializer.KryoNamespace - class [Z registered as 50
11:35:52.921 [raft-server-1-state] TRACE i.a.utils.serializer.KryoNamespace - class [Ljava.lang.Object; registered as 51
11:35:52.921 [raft-server-1-state] TRACE i.a.utils.serializer.KryoNamespace - class io.atomix.primitive.service.ServiceConfig registered as 52
11:35:52.921 [raft-server-1-state] DEBUG i.a.p.r.service.RaftServiceContext - PrimitiveService{2}{type=io.atomix.protocols.raft.RaftTest$TestPrimitiveType@1659239f, name=raft-test} - Taking snapshot 14
11:35:52.921 [raft-server-1-state] TRACE i.a.utils.serializer.KryoNamespace - Creating Kryo instance for KryoNamespace{registeredBlocks=[RegistrationBlock{begin=16, types=[([Ljava.lang.Class;@6b321262,null), ([Ljava.lang.Class;@68b11545,null), ([Ljava.lang.Class;@7d0100ea,null), ([Ljava.lang.Class;@357bc488,null), ([Ljava.lang.Class;@4ea17147,io.atomix.utils.serializer.serializers.ImmutableListSerializer@2eda4eeb), ([Ljava.lang.Class;@5ba90d8a,io.atomix.utils.serializer.serializers.ImmutableSetSerializer@309dcdf3), ([Ljava.lang.Class;@7573b9ee,io.atomix.utils.serializer.serializers.ImmutableMapSerializer@9a20cbd), ([Ljava.lang.Class;@1af4955e,null), ([Ljava.lang.Class;@445821a6,null), ([Ljava.lang.Class;@2c0c4c0a,null), ([Ljava.lang.Class;@35d26ad2,null), ([Ljava.lang.Class;@bb25753,null), ([Ljava.lang.Class;@ee21292,null), ([Ljava.lang.Class;@40c06358,null), ([Ljava.lang.Class;@66e21568,null), ([Ljava.lang.Class;@7f73ce28,null), ([Ljava.lang.Class;@611b35d6,null), ([Ljava.lang.Class;@2282400e,null), ([Ljava.lang.Class;@543d5863,null), ([Ljava.lang.Class;@35dece42,null), ([Ljava.lang.Class;@dd3f8aa,io.atomix.utils.serializer.serializers.ArraysAsListSerializer@3d615b2e), ([Ljava.lang.Class;@3a1f2a1,null), ([Ljava.lang.Class;@40ce9049,null), ([Ljava.lang.Class;@52ca2652,null), ([Ljava.lang.Class;@65c5bf0e,null), ([Ljava.lang.Class;@697d6ded,null), ([Ljava.lang.Class;@5d05f453,null), ([Ljava.lang.Class;@5efeb117,null), ([Ljava.lang.Class;@160b4809,null), ([Ljava.lang.Class;@149b4d20,null), ([Ljava.lang.Class;@664e848c,null), ([Ljava.lang.Class;@4d93f75b,null), ([Ljava.lang.Class;@114a5e0,null), ([Ljava.lang.Class;@4f281aaf,null), ([Ljava.lang.Class;@5d508d22,null), ([Ljava.lang.Class;@f2b90fc,null)]}, RegistrationBlock{begin=52, types=[([Ljava.lang.Class;@2ddd22c6,null)]}]}
11:35:52.922 [raft-server-1-state] TRACE i.a.utils.serializer.KryoNamespace - class [B registered as 16
11:35:52.922 [raft-server-1-state] TRACE i.a.utils.serializer.KryoNamespace - class java.util.concurrent.atomic.AtomicBoolean registered as 17
11:35:52.922 [raft-server-1-state] TRACE i.a.utils.serializer.KryoNamespace - class java.util.concurrent.atomic.AtomicInteger registered as 18
11:35:52.922 [raft-server-1-state] TRACE i.a.utils.serializer.KryoNamespace - class java.util.concurrent.atomic.AtomicLong registered as 19
11:35:52.922 [raft-server-1-state] TRACE i.a.utils.serializer.KryoNamespace - class com.google.common.collect.ImmutableList registered as 20
11:35:52.922 [raft-server-1-state] TRACE i.a.utils.serializer.KryoNamespace - class com.google.common.collect.RegularImmutableList registered as 20
11:35:52.922 [raft-server-1-state] TRACE i.a.utils.serializer.KryoNamespace - class com.google.common.collect.RegularImmutableList registered as 20
11:35:52.922 [raft-server-1-state] TRACE i.a.utils.serializer.KryoNamespace - class com.google.common.collect.ImmutableList$SubList registered as 20
11:35:52.922 [raft-server-1-state] TRACE i.a.utils.serializer.KryoNamespace - class com.google.common.collect.ImmutableSet registered as 21
11:35:52.922 [raft-server-1-state] TRACE i.a.utils.serializer.KryoNamespace - class com.google.common.collect.RegularImmutableSet registered as 21
11:35:52.922 [raft-server-1-state] TRACE i.a.utils.serializer.KryoNamespace - class com.google.common.collect.SingletonImmutableSet registered as 21
11:35:52.922 [raft-server-1-state] TRACE i.a.utils.serializer.KryoNamespace - class com.google.common.collect.RegularImmutableSet registered as 21
11:35:52.922 [raft-server-1-state] TRACE i.a.utils.serializer.KryoNamespace - class com.google.common.collect.ImmutableMap registered as 22
11:35:52.922 [raft-server-1-state] TRACE i.a.utils.serializer.KryoNamespace - class com.google.common.collect.RegularImmutableMap registered as 22
11:35:52.922 [raft-server-1-state] TRACE i.a.utils.serializer.KryoNamespace - class com.google.common.collect.RegularImmutableMap registered as 22
11:35:52.922 [raft-server-1-state] TRACE i.a.utils.serializer.KryoNamespace - class com.google.common.collect.RegularImmutableMap registered as 22
11:35:52.922 [raft-server-1-state] TRACE i.a.utils.serializer.KryoNamespace - class java.util.Collections$UnmodifiableSet registered as 23
11:35:52.922 [raft-server-1-state] TRACE i.a.utils.serializer.KryoNamespace - class java.util.HashMap registered as 24
11:35:52.922 [raft-server-1-state] TRACE i.a.utils.serializer.KryoNamespace - class java.util.concurrent.ConcurrentHashMap registered as 25
11:35:52.922 [raft-server-1-state] TRACE i.a.utils.serializer.KryoNamespace - class java.util.concurrent.CopyOnWriteArraySet registered as 26
11:35:52.922 [raft-server-1-state] TRACE i.a.utils.serializer.KryoNamespace - class java.util.ArrayList registered as 27
11:35:52.922 [raft-server-1-state] TRACE i.a.utils.serializer.KryoNamespace - class java.util.LinkedList registered as 28
11:35:52.923 [raft-server-1-state] TRACE i.a.utils.serializer.KryoNamespace - class java.util.HashSet registered as 29
11:35:52.923 [raft-server-1-state] TRACE i.a.utils.serializer.KryoNamespace - class java.util.LinkedHashSet registered as 30
11:35:52.923 [raft-server-1-state] TRACE i.a.utils.serializer.KryoNamespace - class com.sun.jmx.remote.internal.ArrayQueue registered as 31
11:35:52.923 [raft-server-1-state] TRACE i.a.utils.serializer.KryoNamespace - class java.util.ArrayDeque registered as 32
11:35:52.923 [raft-server-1-state] TRACE i.a.utils.serializer.KryoNamespace - class com.google.common.collect.HashMultiset registered as 33
11:35:52.923 [raft-server-1-state] TRACE i.a.utils.serializer.KryoNamespace - class com.google.common.collect.Sets registered as 34
11:35:52.923 [raft-server-1-state] TRACE i.a.utils.serializer.KryoNamespace - class com.google.common.collect.ImmutableEntry registered as 35
11:35:52.923 [raft-server-1-state] TRACE i.a.utils.serializer.KryoNamespace - class java.util.Arrays$ArrayList registered as 36
11:35:52.923 [raft-server-1-state] TRACE i.a.utils.serializer.KryoNamespace - class java.util.Collections$SingletonList registered as 37
11:35:52.923 [raft-server-1-state] TRACE i.a.utils.serializer.KryoNamespace - class java.time.Duration registered as 38
11:35:52.923 [raft-server-1-state] TRACE i.a.utils.serializer.KryoNamespace - class java.util.Collections$EmptySet registered as 39
11:35:52.923 [raft-server-1-state] TRACE i.a.utils.serializer.KryoNamespace - class java.util.Optional registered as 40
11:35:52.923 [raft-server-1-state] TRACE i.a.utils.serializer.KryoNamespace - class java.util.Collections$EmptyList registered as 41
11:35:52.923 [raft-server-1-state] TRACE i.a.utils.serializer.KryoNamespace - class java.util.Collections$SingletonSet registered as 42
11:35:52.923 [raft-server-1-state] TRACE i.a.utils.serializer.KryoNamespace - class [I registered as 43
11:35:52.923 [raft-server-1-state] TRACE i.a.utils.serializer.KryoNamespace - class [J registered as 44
11:35:52.923 [raft-server-1-state] TRACE i.a.utils.serializer.KryoNamespace - class [S registered as 45
11:35:52.924 [raft-server-1-state] TRACE i.a.utils.serializer.KryoNamespace - class [D registered as 46
11:35:52.924 [raft-server-1-state] TRACE i.a.utils.serializer.KryoNamespace - class [F registered as 47
11:35:52.924 [raft-server-1-state] TRACE i.a.utils.serializer.KryoNamespace - class [C registered as 48
11:35:52.924 [raft-server-1-state] TRACE i.a.utils.serializer.KryoNamespace - class [Ljava.lang.String; registered as 49
11:35:52.924 [raft-server-1-state] TRACE i.a.utils.serializer.KryoNamespace - class [Z registered as 50
11:35:52.924 [raft-server-1-state] TRACE i.a.utils.serializer.KryoNamespace - class [Ljava.lang.Object; registered as 51
11:35:52.924 [raft-server-1-state] TRACE i.a.utils.serializer.KryoNamespace - class io.atomix.primitive.service.ServiceConfig registered as 52
11:35:52.924 [raft-server-1-compaction] DEBUG i.a.p.r.s.snapshot.SnapshotStore - Created disk snapshot: FileSnapshot{index=14}
11:35:52.985 [raft-server-1] TRACE i.a.p.raft.roles.LeaderAppender - RaftServer{1} - Sending AppendRequest{term=1, leader=1, prevLogIndex=14, prevLogTerm=1, entries=0, commitIndex=14} to 2
11:35:52.985 [raft-server-2] TRACE i.a.p.raft.roles.FollowerRole - RaftServer{2}{role=FOLLOWER} - Received AppendRequest{term=1, leader=1, prevLogIndex=14, prevLogTerm=1, entries=0, commitIndex=14}
11:35:52.985 [raft-server-2] TRACE i.a.p.raft.roles.FollowerRole - RaftServer{2}{role=FOLLOWER} - Sending AppendResponse{status=OK, term=1, succeeded=true, lastLogIndex=14}
11:35:52.985 [raft-server-1] TRACE i.a.p.raft.roles.LeaderAppender - RaftServer{1} - Received AppendResponse{status=OK, term=1, succeeded=true, lastLogIndex=14} from 2
11:35:52.985 [raft-server-1] TRACE i.a.p.raft.roles.LeaderAppender - RaftServer{1} - Sending AppendRequest{term=1, leader=1, prevLogIndex=14, prevLogTerm=1, entries=0, commitIndex=14} to 2
11:35:52.985 [raft-server-2] TRACE i.a.p.raft.roles.FollowerRole - RaftServer{2}{role=FOLLOWER} - Received AppendRequest{term=1, leader=1, prevLogIndex=14, prevLogTerm=1, entries=0, commitIndex=14}
11:35:52.985 [raft-server-2] TRACE i.a.p.raft.roles.FollowerRole - RaftServer{2}{role=FOLLOWER} - Sending AppendResponse{status=OK, term=1, succeeded=true, lastLogIndex=14}
11:35:52.985 [raft-server-1] TRACE i.a.p.raft.roles.LeaderAppender - RaftServer{1} - Received AppendResponse{status=OK, term=1, succeeded=true, lastLogIndex=14} from 2
11:35:52.985 [raft-server-1] TRACE i.a.p.raft.roles.LeaderAppender - RaftServer{1} - Sending AppendRequest{term=1, leader=1, prevLogIndex=14, prevLogTerm=1, entries=0, commitIndex=14} to 2
11:35:52.985 [raft-server-2] TRACE i.a.p.raft.roles.FollowerRole - RaftServer{2}{role=FOLLOWER} - Received AppendRequest{term=1, leader=1, prevLogIndex=14, prevLogTerm=1, entries=0, commitIndex=14}
11:35:52.985 [raft-server-2] TRACE i.a.p.raft.roles.FollowerRole - RaftServer{2}{role=FOLLOWER} - Sending AppendResponse{status=OK, term=1, succeeded=true, lastLogIndex=14}
11:35:52.986 [raft-server-1] TRACE i.a.p.raft.roles.LeaderAppender - RaftServer{1} - Received AppendResponse{status=OK, term=1, succeeded=true, lastLogIndex=14} from 2
11:35:52.986 [raft-server-1] TRACE i.a.p.raft.roles.LeaderAppender - RaftServer{1} - Sending AppendRequest{term=1, leader=1, prevLogIndex=14, prevLogTerm=1, entries=0, commitIndex=14} to 2
11:35:52.986 [raft-server-2] TRACE i.a.p.raft.roles.FollowerRole - RaftServer{2}{role=FOLLOWER} - Received AppendRequest{term=1, leader=1, prevLogIndex=14, prevLogTerm=1, entries=0, commitIndex=14}
11:35:52.986 [raft-server-2] TRACE i.a.p.raft.roles.FollowerRole - RaftServer{2}{role=FOLLOWER} - Sending AppendResponse{status=OK, term=1, succeeded=true, lastLogIndex=14}
11:35:52.986 [raft-server-1] TRACE i.a.p.raft.roles.LeaderAppender - RaftServer{1} - Received AppendResponse{status=OK, term=1, succeeded=true, lastLogIndex=14} from 2
11:35:53.135 [raft-server-2] DEBUG i.a.p.raft.impl.RaftServiceManager - RaftServer{2} - Snapshotting services
11:35:53.135 [raft-server-2-state] DEBUG i.a.p.r.s.snapshot.SnapshotStore - Created memory snapshot: MemorySnapshot{index=14}
11:35:53.135 [raft-server-2-state] TRACE i.a.utils.serializer.KryoNamespace - Creating Kryo instance for KryoNamespace{registeredBlocks=[RegistrationBlock{begin=16, types=[([Ljava.lang.Class;@6b321262,null), ([Ljava.lang.Class;@68b11545,null), ([Ljava.lang.Class;@7d0100ea,null), ([Ljava.lang.Class;@357bc488,null), ([Ljava.lang.Class;@4ea17147,io.atomix.utils.serializer.serializers.ImmutableListSerializer@2eda4eeb), ([Ljava.lang.Class;@5ba90d8a,io.atomix.utils.serializer.serializers.ImmutableSetSerializer@309dcdf3), ([Ljava.lang.Class;@7573b9ee,io.atomix.utils.serializer.serializers.ImmutableMapSerializer@9a20cbd), ([Ljava.lang.Class;@1af4955e,null), ([Ljava.lang.Class;@445821a6,null), ([Ljava.lang.Class;@2c0c4c0a,null), ([Ljava.lang.Class;@35d26ad2,null), ([Ljava.lang.Class;@bb25753,null), ([Ljava.lang.Class;@ee21292,null), ([Ljava.lang.Class;@40c06358,null), ([Ljava.lang.Class;@66e21568,null), ([Ljava.lang.Class;@7f73ce28,null), ([Ljava.lang.Class;@611b35d6,null), ([Ljava.lang.Class;@2282400e,null), ([Ljava.lang.Class;@543d5863,null), ([Ljava.lang.Class;@35dece42,null), ([Ljava.lang.Class;@dd3f8aa,io.atomix.utils.serializer.serializers.ArraysAsListSerializer@3d615b2e), ([Ljava.lang.Class;@3a1f2a1,null), ([Ljava.lang.Class;@40ce9049,null), ([Ljava.lang.Class;@52ca2652,null), ([Ljava.lang.Class;@65c5bf0e,null), ([Ljava.lang.Class;@697d6ded,null), ([Ljava.lang.Class;@5d05f453,null), ([Ljava.lang.Class;@5efeb117,null), ([Ljava.lang.Class;@160b4809,null), ([Ljava.lang.Class;@149b4d20,null), ([Ljava.lang.Class;@664e848c,null), ([Ljava.lang.Class;@4d93f75b,null), ([Ljava.lang.Class;@114a5e0,null), ([Ljava.lang.Class;@4f281aaf,null), ([Ljava.lang.Class;@5d508d22,null), ([Ljava.lang.Class;@f2b90fc,null)]}, RegistrationBlock{begin=52, types=[([Ljava.lang.Class;@1ab9b698,null)]}]}
11:35:53.135 [raft-server-2-state] TRACE i.a.utils.serializer.KryoNamespace - class [B registered as 16
11:35:53.135 [raft-server-2-state] TRACE i.a.utils.serializer.KryoNamespace - class java.util.concurrent.atomic.AtomicBoolean registered as 17
11:35:53.135 [raft-server-2-state] TRACE i.a.utils.serializer.KryoNamespace - class java.util.concurrent.atomic.AtomicInteger registered as 18
11:35:53.135 [raft-server-2-state] TRACE i.a.utils.serializer.KryoNamespace - class java.util.concurrent.atomic.AtomicLong registered as 19
11:35:53.135 [raft-server-2-state] TRACE i.a.utils.serializer.KryoNamespace - class com.google.common.collect.ImmutableList registered as 20
11:35:53.135 [raft-server-2-state] TRACE i.a.utils.serializer.KryoNamespace - class com.google.common.collect.RegularImmutableList registered as 20
11:35:53.135 [raft-server-2-state] TRACE i.a.utils.serializer.KryoNamespace - class com.google.common.collect.RegularImmutableList registered as 20
11:35:53.135 [raft-server-2-state] TRACE i.a.utils.serializer.KryoNamespace - class com.google.common.collect.ImmutableList$SubList registered as 20
11:35:53.135 [raft-server-2-state] TRACE i.a.utils.serializer.KryoNamespace - class com.google.common.collect.ImmutableSet registered as 21
11:35:53.135 [raft-server-2-state] TRACE i.a.utils.serializer.KryoNamespace - class com.google.common.collect.RegularImmutableSet registered as 21
11:35:53.135 [raft-server-2-state] TRACE i.a.utils.serializer.KryoNamespace - class com.google.common.collect.SingletonImmutableSet registered as 21
11:35:53.135 [raft-server-2-state] TRACE i.a.utils.serializer.KryoNamespace - class com.google.common.collect.RegularImmutableSet registered as 21
11:35:53.135 [raft-server-2-state] TRACE i.a.utils.serializer.KryoNamespace - class com.google.common.collect.ImmutableMap registered as 22
11:35:53.135 [raft-server-2-state] TRACE i.a.utils.serializer.KryoNamespace - class com.google.common.collect.RegularImmutableMap registered as 22
11:35:53.135 [raft-server-2-state] TRACE i.a.utils.serializer.KryoNamespace - class com.google.common.collect.RegularImmutableMap registered as 22
11:35:53.135 [raft-server-2-state] TRACE i.a.utils.serializer.KryoNamespace - class com.google.common.collect.RegularImmutableMap registered as 22
11:35:53.135 [raft-server-2-state] TRACE i.a.utils.serializer.KryoNamespace - class java.util.Collections$UnmodifiableSet registered as 23
11:35:53.135 [raft-server-2-state] TRACE i.a.utils.serializer.KryoNamespace - class java.util.HashMap registered as 24
11:35:53.135 [raft-server-2-state] TRACE i.a.utils.serializer.KryoNamespace - class java.util.concurrent.ConcurrentHashMap registered as 25
11:35:53.136 [raft-server-2-state] TRACE i.a.utils.serializer.KryoNamespace - class java.util.concurrent.CopyOnWriteArraySet registered as 26
11:35:53.136 [raft-server-2-state] TRACE i.a.utils.serializer.KryoNamespace - class java.util.ArrayList registered as 27
11:35:53.136 [raft-server-2-state] TRACE i.a.utils.serializer.KryoNamespace - class java.util.LinkedList registered as 28
11:35:53.136 [raft-server-2-state] TRACE i.a.utils.serializer.KryoNamespace - class java.util.HashSet registered as 29
11:35:53.136 [raft-server-2-state] TRACE i.a.utils.serializer.KryoNamespace - class java.util.LinkedHashSet registered as 30
11:35:53.136 [raft-server-2-state] TRACE i.a.utils.serializer.KryoNamespace - class com.sun.jmx.remote.internal.ArrayQueue registered as 31
11:35:53.136 [raft-server-2-state] TRACE i.a.utils.serializer.KryoNamespace - class java.util.ArrayDeque registered as 32
11:35:53.136 [raft-server-2-state] TRACE i.a.utils.serializer.KryoNamespace - class com.google.common.collect.HashMultiset registered as 33
11:35:53.136 [raft-server-2-state] TRACE i.a.utils.serializer.KryoNamespace - class com.google.common.collect.Sets registered as 34
11:35:53.136 [raft-server-2-state] TRACE i.a.utils.serializer.KryoNamespace - class com.google.common.collect.ImmutableEntry registered as 35
11:35:53.136 [raft-server-2-state] TRACE i.a.utils.serializer.KryoNamespace - class java.util.Arrays$ArrayList registered as 36
11:35:53.136 [raft-server-2-state] TRACE i.a.utils.serializer.KryoNamespace - class java.util.Collections$SingletonList registered as 37
11:35:53.136 [raft-server-2-state] TRACE i.a.utils.serializer.KryoNamespace - class java.time.Duration registered as 38
11:35:53.136 [raft-server-2-state] TRACE i.a.utils.serializer.KryoNamespace - class java.util.Collections$EmptySet registered as 39
11:35:53.136 [raft-server-2-state] TRACE i.a.utils.serializer.KryoNamespace - class java.util.Optional registered as 40
11:35:53.136 [raft-server-2-state] TRACE i.a.utils.serializer.KryoNamespace - class java.util.Collections$EmptyList registered as 41
11:35:53.136 [raft-server-2-state] TRACE i.a.utils.serializer.KryoNamespace - class java.util.Collections$SingletonSet registered as 42
11:35:53.136 [raft-server-2-state] TRACE i.a.utils.serializer.KryoNamespace - class [I registered as 43
11:35:53.136 [raft-server-2-state] TRACE i.a.utils.serializer.KryoNamespace - class [J registered as 44
11:35:53.136 [raft-server-2-state] TRACE i.a.utils.serializer.KryoNamespace - class [S registered as 45
11:35:53.136 [raft-server-2-state] TRACE i.a.utils.serializer.KryoNamespace - class [D registered as 46
11:35:53.136 [raft-server-2-state] TRACE i.a.utils.serializer.KryoNamespace - class [F registered as 47
11:35:53.136 [raft-server-2-state] TRACE i.a.utils.serializer.KryoNamespace - class [C registered as 48
11:35:53.136 [raft-server-2-state] TRACE i.a.utils.serializer.KryoNamespace - class [Ljava.lang.String; registered as 49
11:35:53.136 [raft-server-2-state] TRACE i.a.utils.serializer.KryoNamespace - class [Z registered as 50
11:35:53.136 [raft-server-2-state] TRACE i.a.utils.serializer.KryoNamespace - class [Ljava.lang.Object; registered as 51
11:35:53.136 [raft-server-2-state] TRACE i.a.utils.serializer.KryoNamespace - class io.atomix.primitive.service.ServiceConfig registered as 52
11:35:53.136 [raft-server-2-state] DEBUG i.a.p.r.service.RaftServiceContext - PrimitiveService{2}{type=io.atomix.protocols.raft.RaftTest$TestPrimitiveType@6edab9d9, name=raft-test} - Taking snapshot 14
11:35:53.137 [raft-server-2-state] TRACE i.a.utils.serializer.KryoNamespace - Creating Kryo instance for KryoNamespace{registeredBlocks=[RegistrationBlock{begin=16, types=[([Ljava.lang.Class;@6b321262,null), ([Ljava.lang.Class;@68b11545,null), ([Ljava.lang.Class;@7d0100ea,null), ([Ljava.lang.Class;@357bc488,null), ([Ljava.lang.Class;@4ea17147,io.atomix.utils.serializer.serializers.ImmutableListSerializer@2eda4eeb), ([Ljava.lang.Class;@5ba90d8a,io.atomix.utils.serializer.serializers.ImmutableSetSerializer@309dcdf3), ([Ljava.lang.Class;@7573b9ee,io.atomix.utils.serializer.serializers.ImmutableMapSerializer@9a20cbd), ([Ljava.lang.Class;@1af4955e,null), ([Ljava.lang.Class;@445821a6,null), ([Ljava.lang.Class;@2c0c4c0a,null), ([Ljava.lang.Class;@35d26ad2,null), ([Ljava.lang.Class;@bb25753,null), ([Ljava.lang.Class;@ee21292,null), ([Ljava.lang.Class;@40c06358,null), ([Ljava.lang.Class;@66e21568,null), ([Ljava.lang.Class;@7f73ce28,null), ([Ljava.lang.Class;@611b35d6,null), ([Ljava.lang.Class;@2282400e,null), ([Ljava.lang.Class;@543d5863,null), ([Ljava.lang.Class;@35dece42,null), ([Ljava.lang.Class;@dd3f8aa,io.atomix.utils.serializer.serializers.ArraysAsListSerializer@3d615b2e), ([Ljava.lang.Class;@3a1f2a1,null), ([Ljava.lang.Class;@40ce9049,null), ([Ljava.lang.Class;@52ca2652,null), ([Ljava.lang.Class;@65c5bf0e,null), ([Ljava.lang.Class;@697d6ded,null), ([Ljava.lang.Class;@5d05f453,null), ([Ljava.lang.Class;@5efeb117,null), ([Ljava.lang.Class;@160b4809,null), ([Ljava.lang.Class;@149b4d20,null), ([Ljava.lang.Class;@664e848c,null), ([Ljava.lang.Class;@4d93f75b,null), ([Ljava.lang.Class;@114a5e0,null), ([Ljava.lang.Class;@4f281aaf,null), ([Ljava.lang.Class;@5d508d22,null), ([Ljava.lang.Class;@f2b90fc,null)]}, RegistrationBlock{begin=52, types=[([Ljava.lang.Class;@4bf7c529,null)]}]}
11:35:53.137 [raft-server-2-state] TRACE i.a.utils.serializer.KryoNamespace - class [B registered as 16
11:35:53.137 [raft-server-2-state] TRACE i.a.utils.serializer.KryoNamespace - class java.util.concurrent.atomic.AtomicBoolean registered as 17
11:35:53.137 [raft-server-2-state] TRACE i.a.utils.serializer.KryoNamespace - class java.util.concurrent.atomic.AtomicInteger registered as 18
11:35:53.137 [raft-server-2-state] TRACE i.a.utils.serializer.KryoNamespace - class java.util.concurrent.atomic.AtomicLong registered as 19
11:35:53.137 [raft-server-2-state] TRACE i.a.utils.serializer.KryoNamespace - class com.google.common.collect.ImmutableList registered as 20
11:35:53.137 [raft-server-2-state] TRACE i.a.utils.serializer.KryoNamespace - class com.google.common.collect.RegularImmutableList registered as 20
11:35:53.137 [raft-server-2-state] TRACE i.a.utils.serializer.KryoNamespace - class com.google.common.collect.RegularImmutableList registered as 20
11:35:53.137 [raft-server-2-state] TRACE i.a.utils.serializer.KryoNamespace - class com.google.common.collect.ImmutableList$SubList registered as 20
11:35:53.137 [raft-server-2-state] TRACE i.a.utils.serializer.KryoNamespace - class com.google.common.collect.ImmutableSet registered as 21
11:35:53.137 [raft-server-2-state] TRACE i.a.utils.serializer.KryoNamespace - class com.google.common.collect.RegularImmutableSet registered as 21
11:35:53.137 [raft-server-2-state] TRACE i.a.utils.serializer.KryoNamespace - class com.google.common.collect.SingletonImmutableSet registered as 21
11:35:53.137 [raft-server-2-state] TRACE i.a.utils.serializer.KryoNamespace - class com.google.common.collect.RegularImmutableSet registered as 21
11:35:53.137 [raft-server-2-state] TRACE i.a.utils.serializer.KryoNamespace - class com.google.common.collect.ImmutableMap registered as 22
11:35:53.137 [raft-server-2-state] TRACE i.a.utils.serializer.KryoNamespace - class com.google.common.collect.RegularImmutableMap registered as 22
11:35:53.137 [raft-server-2-state] TRACE i.a.utils.serializer.KryoNamespace - class com.google.common.collect.RegularImmutableMap registered as 22
11:35:53.137 [raft-server-2-state] TRACE i.a.utils.serializer.KryoNamespace - class com.google.common.collect.RegularImmutableMap registered as 22
11:35:53.137 [raft-server-2-state] TRACE i.a.utils.serializer.KryoNamespace - class java.util.Collections$UnmodifiableSet registered as 23
11:35:53.137 [raft-server-2-state] TRACE i.a.utils.serializer.KryoNamespace - class java.util.HashMap registered as 24
11:35:53.137 [raft-server-2-state] TRACE i.a.utils.serializer.KryoNamespace - class java.util.concurrent.ConcurrentHashMap registered as 25
11:35:53.137 [raft-server-2-state] TRACE i.a.utils.serializer.KryoNamespace - class java.util.concurrent.CopyOnWriteArraySet registered as 26
11:35:53.137 [raft-server-2-state] TRACE i.a.utils.serializer.KryoNamespace - class java.util.ArrayList registered as 27
11:35:53.137 [raft-server-2-state] TRACE i.a.utils.serializer.KryoNamespace - class java.util.LinkedList registered as 28
11:35:53.137 [raft-server-2-state] TRACE i.a.utils.serializer.KryoNamespace - class java.util.HashSet registered as 29
11:35:53.137 [raft-server-2-state] TRACE i.a.utils.serializer.KryoNamespace - class java.util.LinkedHashSet registered as 30
11:35:53.137 [raft-server-2-state] TRACE i.a.utils.serializer.KryoNamespace - class com.sun.jmx.remote.internal.ArrayQueue registered as 31
11:35:53.137 [raft-server-2-state] TRACE i.a.utils.serializer.KryoNamespace - class java.util.ArrayDeque registered as 32
11:35:53.137 [raft-server-2-state] TRACE i.a.utils.serializer.KryoNamespace - class com.google.common.collect.HashMultiset registered as 33
11:35:53.137 [raft-server-2-state] TRACE i.a.utils.serializer.KryoNamespace - class com.google.common.collect.Sets registered as 34
11:35:53.137 [raft-server-2-state] TRACE i.a.utils.serializer.KryoNamespace - class com.google.common.collect.ImmutableEntry registered as 35
11:35:53.137 [raft-server-2-state] TRACE i.a.utils.serializer.KryoNamespace - class java.util.Arrays$ArrayList registered as 36
11:35:53.137 [raft-server-2-state] TRACE i.a.utils.serializer.KryoNamespace - class java.util.Collections$SingletonList registered as 37
11:35:53.137 [raft-server-2-state] TRACE i.a.utils.serializer.KryoNamespace - class java.time.Duration registered as 38
11:35:53.138 [raft-server-2-state] TRACE i.a.utils.serializer.KryoNamespace - class java.util.Collections$EmptySet registered as 39
11:35:53.138 [raft-server-2-state] TRACE i.a.utils.serializer.KryoNamespace - class java.util.Optional registered as 40
11:35:53.138 [raft-server-2-state] TRACE i.a.utils.serializer.KryoNamespace - class java.util.Collections$EmptyList registered as 41
11:35:53.138 [raft-server-2-state] TRACE i.a.utils.serializer.KryoNamespace - class java.util.Collections$SingletonSet registered as 42
11:35:53.138 [raft-server-2-state] TRACE i.a.utils.serializer.KryoNamespace - class [I registered as 43
11:35:53.138 [raft-server-2-state] TRACE i.a.utils.serializer.KryoNamespace - class [J registered as 44
11:35:53.138 [raft-server-2-state] TRACE i.a.utils.serializer.KryoNamespace - class [S registered as 45
11:35:53.138 [raft-server-2-state] TRACE i.a.utils.serializer.KryoNamespace - class [D registered as 46
11:35:53.138 [raft-server-2-state] TRACE i.a.utils.serializer.KryoNamespace - class [F registered as 47
11:35:53.138 [raft-server-2-state] TRACE i.a.utils.serializer.KryoNamespace - class [C registered as 48
11:35:53.138 [raft-server-2-state] TRACE i.a.utils.serializer.KryoNamespace - class [Ljava.lang.String; registered as 49
11:35:53.138 [raft-server-2-state] TRACE i.a.utils.serializer.KryoNamespace - class [Z registered as 50
11:35:53.138 [raft-server-2-state] TRACE i.a.utils.serializer.KryoNamespace - class [Ljava.lang.Object; registered as 51
11:35:53.138 [raft-server-2-state] TRACE i.a.utils.serializer.KryoNamespace - class io.atomix.primitive.service.ServiceConfig registered as 52
11:35:53.138 [raft-server-2-compaction] DEBUG i.a.p.r.s.snapshot.SnapshotStore - Created disk snapshot: FileSnapshot{index=14}
11:35:53.235 [raft-server-1] TRACE i.a.p.raft.roles.LeaderAppender - RaftServer{1} - Sending AppendRequest{term=1, leader=1, prevLogIndex=14, prevLogTerm=1, entries=0, commitIndex=14} to 2
11:35:53.235 [raft-server-2] TRACE i.a.p.raft.roles.FollowerRole - RaftServer{2}{role=FOLLOWER} - Received AppendRequest{term=1, leader=1, prevLogIndex=14, prevLogTerm=1, entries=0, commitIndex=14}
11:35:53.235 [raft-server-2] TRACE i.a.p.raft.roles.FollowerRole - RaftServer{2}{role=FOLLOWER} - Sending AppendResponse{status=OK, term=1, succeeded=true, lastLogIndex=14}
11:35:53.235 [raft-server-1] TRACE i.a.p.raft.roles.LeaderAppender - RaftServer{1} - Received AppendResponse{status=OK, term=1, succeeded=true, lastLogIndex=14} from 2
11:35:53.235 [raft-server-1] TRACE i.a.p.raft.roles.LeaderAppender - RaftServer{1} - Sending AppendRequest{term=1, leader=1, prevLogIndex=14, prevLogTerm=1, entries=0, commitIndex=14} to 2
11:35:53.235 [raft-server-2] TRACE i.a.p.raft.roles.FollowerRole - RaftServer{2}{role=FOLLOWER} - Received AppendRequest{term=1, leader=1, prevLogIndex=14, prevLogTerm=1, entries=0, commitIndex=14}
11:35:53.235 [raft-server-2] TRACE i.a.p.raft.roles.FollowerRole - RaftServer{2}{role=FOLLOWER} - Sending AppendResponse{status=OK, term=1, succeeded=true, lastLogIndex=14}
11:35:53.235 [raft-server-1] TRACE i.a.p.raft.roles.LeaderAppender - RaftServer{1} - Received AppendResponse{status=OK, term=1, succeeded=true, lastLogIndex=14} from 2
11:35:53.235 [raft-server-1] TRACE i.a.p.raft.roles.LeaderAppender - RaftServer{1} - Sending AppendRequest{term=1, leader=1, prevLogIndex=14, prevLogTerm=1, entries=0, commitIndex=14} to 2
11:35:53.235 [raft-server-2] TRACE i.a.p.raft.roles.FollowerRole - RaftServer{2}{role=FOLLOWER} - Received AppendRequest{term=1, leader=1, prevLogIndex=14, prevLogTerm=1, entries=0, commitIndex=14}
11:35:53.235 [raft-server-2] TRACE i.a.p.raft.roles.FollowerRole - RaftServer{2}{role=FOLLOWER} - Sending AppendResponse{status=OK, term=1, succeeded=true, lastLogIndex=14}
11:35:53.235 [raft-server-1] TRACE i.a.p.raft.roles.LeaderAppender - RaftServer{1} - Received AppendResponse{status=OK, term=1, succeeded=true, lastLogIndex=14} from 2
11:35:53.235 [raft-server-1] TRACE i.a.p.raft.roles.LeaderAppender - RaftServer{1} - Sending AppendRequest{term=1, leader=1, prevLogIndex=14, prevLogTerm=1, entries=0, commitIndex=14} to 2
11:35:53.236 [raft-server-2] TRACE i.a.p.raft.roles.FollowerRole - RaftServer{2}{role=FOLLOWER} - Received AppendRequest{term=1, leader=1, prevLogIndex=14, prevLogTerm=1, entries=0, commitIndex=14}
11:35:53.236 [raft-server-2] TRACE i.a.p.raft.roles.FollowerRole - RaftServer{2}{role=FOLLOWER} - Sending AppendResponse{status=OK, term=1, succeeded=true, lastLogIndex=14}
11:35:53.236 [raft-server-1] TRACE i.a.p.raft.roles.LeaderAppender - RaftServer{1} - Received AppendResponse{status=OK, term=1, succeeded=true, lastLogIndex=14} from 2
11:35:53.236 [raft-server-1] TRACE i.a.p.raft.roles.LeaderAppender - RaftServer{1} - Sending AppendRequest{term=1, leader=1, prevLogIndex=14, prevLogTerm=1, entries=0, commitIndex=14} to 2
11:35:53.236 [raft-server-2] TRACE i.a.p.raft.roles.FollowerRole - RaftServer{2}{role=FOLLOWER} - Received AppendRequest{term=1, leader=1, prevLogIndex=14, prevLogTerm=1, entries=0, commitIndex=14}
11:35:53.236 [raft-server-2] TRACE i.a.p.raft.roles.FollowerRole - RaftServer{2}{role=FOLLOWER} - Sending AppendResponse{status=OK, term=1, succeeded=true, lastLogIndex=14}
11:35:53.236 [raft-server-1] TRACE i.a.p.raft.roles.LeaderAppender - RaftServer{1} - Received AppendResponse{status=OK, term=1, succeeded=true, lastLogIndex=14} from 2
11:35:53.485 [raft-server-1] TRACE i.a.p.raft.roles.LeaderAppender - RaftServer{1} - Sending AppendRequest{term=1, leader=1, prevLogIndex=14, prevLogTerm=1, entries=0, commitIndex=14} to 2
11:35:53.485 [raft-server-2] TRACE i.a.p.raft.roles.FollowerRole - RaftServer{2}{role=FOLLOWER} - Received AppendRequest{term=1, leader=1, prevLogIndex=14, prevLogTerm=1, entries=0, commitIndex=14}
11:35:53.485 [raft-server-2] TRACE i.a.p.raft.roles.FollowerRole - RaftServer{2}{role=FOLLOWER} - Sending AppendResponse{status=OK, term=1, succeeded=true, lastLogIndex=14}
11:35:53.485 [raft-server-1] TRACE i.a.p.raft.roles.LeaderAppender - RaftServer{1} - Received AppendResponse{status=OK, term=1, succeeded=true, lastLogIndex=14} from 2
11:35:53.485 [raft-server-1] TRACE i.a.p.raft.roles.LeaderAppender - RaftServer{1} - Sending AppendRequest{term=1, leader=1, prevLogIndex=14, prevLogTerm=1, entries=0, commitIndex=14} to 2
11:35:53.485 [raft-server-2] TRACE i.a.p.raft.roles.FollowerRole - RaftServer{2}{role=FOLLOWER} - Received AppendRequest{term=1, leader=1, prevLogIndex=14, prevLogTerm=1, entries=0, commitIndex=14}
11:35:53.485 [raft-server-2] TRACE i.a.p.raft.roles.FollowerRole - RaftServer{2}{role=FOLLOWER} - Sending AppendResponse{status=OK, term=1, succeeded=true, lastLogIndex=14}
11:35:53.485 [raft-server-1] TRACE i.a.p.raft.roles.LeaderAppender - RaftServer{1} - Received AppendResponse{status=OK, term=1, succeeded=true, lastLogIndex=14} from 2
11:35:53.485 [raft-server-1] TRACE i.a.p.raft.roles.LeaderAppender - RaftServer{1} - Sending AppendRequest{term=1, leader=1, prevLogIndex=14, prevLogTerm=1, entries=0, commitIndex=14} to 2
11:35:53.485 [raft-server-2] TRACE i.a.p.raft.roles.FollowerRole - RaftServer{2}{role=FOLLOWER} - Received AppendRequest{term=1, leader=1, prevLogIndex=14, prevLogTerm=1, entries=0, commitIndex=14}
11:35:53.485 [raft-server-2] TRACE i.a.p.raft.roles.FollowerRole - RaftServer{2}{role=FOLLOWER} - Sending AppendResponse{status=OK, term=1, succeeded=true, lastLogIndex=14}
11:35:53.485 [raft-server-1] TRACE i.a.p.raft.roles.LeaderAppender - RaftServer{1} - Received AppendResponse{status=OK, term=1, succeeded=true, lastLogIndex=14} from 2
11:35:53.485 [raft-server-1] TRACE i.a.p.raft.roles.LeaderAppender - RaftServer{1} - Sending AppendRequest{term=1, leader=1, prevLogIndex=14, prevLogTerm=1, entries=0, commitIndex=14} to 2
11:35:53.485 [raft-server-2] TRACE i.a.p.raft.roles.FollowerRole - RaftServer{2}{role=FOLLOWER} - Received AppendRequest{term=1, leader=1, prevLogIndex=14, prevLogTerm=1, entries=0, commitIndex=14}
11:35:53.486 [raft-server-2] TRACE i.a.p.raft.roles.FollowerRole - RaftServer{2}{role=FOLLOWER} - Sending AppendResponse{status=OK, term=1, succeeded=true, lastLogIndex=14}
11:35:53.486 [raft-server-1] TRACE i.a.p.raft.roles.LeaderAppender - RaftServer{1} - Received AppendResponse{status=OK, term=1, succeeded=true, lastLogIndex=14} from 2
11:35:53.486 [raft-server-1] TRACE i.a.p.raft.roles.LeaderAppender - RaftServer{1} - Sending AppendRequest{term=1, leader=1, prevLogIndex=14, prevLogTerm=1, entries=0, commitIndex=14} to 2
11:35:53.486 [raft-server-2] TRACE i.a.p.raft.roles.FollowerRole - RaftServer{2}{role=FOLLOWER} - Received AppendRequest{term=1, leader=1, prevLogIndex=14, prevLogTerm=1, entries=0, commitIndex=14}
11:35:53.486 [raft-server-2] TRACE i.a.p.raft.roles.FollowerRole - RaftServer{2}{role=FOLLOWER} - Sending AppendResponse{status=OK, term=1, succeeded=true, lastLogIndex=14}
11:35:53.486 [raft-server-1] TRACE i.a.p.raft.roles.LeaderAppender - RaftServer{1} - Received AppendResponse{status=OK, term=1, succeeded=true, lastLogIndex=14} from 2
11:35:53.735 [raft-server-1] TRACE i.a.p.raft.roles.LeaderAppender - RaftServer{1} - Sending AppendRequest{term=1, leader=1, prevLogIndex=14, prevLogTerm=1, entries=0, commitIndex=14} to 2
11:35:53.735 [raft-server-2] TRACE i.a.p.raft.roles.FollowerRole - RaftServer{2}{role=FOLLOWER} - Received AppendRequest{term=1, leader=1, prevLogIndex=14, prevLogTerm=1, entries=0, commitIndex=14}
11:35:53.735 [raft-server-2] TRACE i.a.p.raft.roles.FollowerRole - RaftServer{2}{role=FOLLOWER} - Sending AppendResponse{status=OK, term=1, succeeded=true, lastLogIndex=14}
11:35:53.735 [raft-server-1] TRACE i.a.p.raft.roles.LeaderAppender - RaftServer{1} - Received AppendResponse{status=OK, term=1, succeeded=true, lastLogIndex=14} from 2
11:35:53.735 [raft-server-1] TRACE i.a.p.raft.roles.LeaderAppender - RaftServer{1} - Sending AppendRequest{term=1, leader=1, prevLogIndex=14, prevLogTerm=1, entries=0, commitIndex=14} to 2
11:35:53.735 [raft-server-2] TRACE i.a.p.raft.roles.FollowerRole - RaftServer{2}{role=FOLLOWER} - Received AppendRequest{term=1, leader=1, prevLogIndex=14, prevLogTerm=1, entries=0, commitIndex=14}
11:35:53.735 [raft-server-2] TRACE i.a.p.raft.roles.FollowerRole - RaftServer{2}{role=FOLLOWER} - Sending AppendResponse{status=OK, term=1, succeeded=true, lastLogIndex=14}
11:35:53.735 [raft-server-1] TRACE i.a.p.raft.roles.LeaderAppender - RaftServer{1} - Received AppendResponse{status=OK, term=1, succeeded=true, lastLogIndex=14} from 2
11:35:53.736 [raft-server-1] TRACE i.a.p.raft.roles.LeaderAppender - RaftServer{1} - Sending AppendRequest{term=1, leader=1, prevLogIndex=14, prevLogTerm=1, entries=0, commitIndex=14} to 2
11:35:53.736 [raft-server-2] TRACE i.a.p.raft.roles.FollowerRole - RaftServer{2}{role=FOLLOWER} - Received AppendRequest{term=1, leader=1, prevLogIndex=14, prevLogTerm=1, entries=0, commitIndex=14}
11:35:53.736 [raft-server-2] TRACE i.a.p.raft.roles.FollowerRole - RaftServer{2}{role=FOLLOWER} - Sending AppendResponse{status=OK, term=1, succeeded=true, lastLogIndex=14}
11:35:53.736 [raft-server-1] TRACE i.a.p.raft.roles.LeaderAppender - RaftServer{1} - Received AppendResponse{status=OK, term=1, succeeded=true, lastLogIndex=14} from 2
11:35:53.985 [raft-server-1] TRACE i.a.p.raft.roles.LeaderAppender - RaftServer{1} - Sending AppendRequest{term=1, leader=1, prevLogIndex=14, prevLogTerm=1, entries=0, commitIndex=14} to 2
11:35:53.985 [raft-server-2] TRACE i.a.p.raft.roles.FollowerRole - RaftServer{2}{role=FOLLOWER} - Received AppendRequest{term=1, leader=1, prevLogIndex=14, prevLogTerm=1, entries=0, commitIndex=14}
11:35:53.985 [raft-server-2] TRACE i.a.p.raft.roles.FollowerRole - RaftServer{2}{role=FOLLOWER} - Sending AppendResponse{status=OK, term=1, succeeded=true, lastLogIndex=14}
11:35:53.985 [raft-server-1] TRACE i.a.p.raft.roles.LeaderAppender - RaftServer{1} - Received AppendResponse{status=OK, term=1, succeeded=true, lastLogIndex=14} from 2
11:35:53.985 [raft-server-1] TRACE i.a.p.raft.roles.LeaderAppender - RaftServer{1} - Sending AppendRequest{term=1, leader=1, prevLogIndex=14, prevLogTerm=1, entries=0, commitIndex=14} to 2
11:35:53.985 [raft-server-2] TRACE i.a.p.raft.roles.FollowerRole - RaftServer{2}{role=FOLLOWER} - Received AppendRequest{term=1, leader=1, prevLogIndex=14, prevLogTerm=1, entries=0, commitIndex=14}
11:35:53.985 [raft-server-2] TRACE i.a.p.raft.roles.FollowerRole - RaftServer{2}{role=FOLLOWER} - Sending AppendResponse{status=OK, term=1, succeeded=true, lastLogIndex=14}
11:35:53.985 [raft-server-1] TRACE i.a.p.raft.roles.LeaderAppender - RaftServer{1} - Received AppendResponse{status=OK, term=1, succeeded=true, lastLogIndex=14} from 2
11:35:53.985 [raft-server-1] TRACE i.a.p.raft.roles.LeaderAppender - RaftServer{1} - Sending AppendRequest{term=1, leader=1, prevLogIndex=14, prevLogTerm=1, entries=0, commitIndex=14} to 2
11:35:53.985 [raft-server-2] TRACE i.a.p.raft.roles.FollowerRole - RaftServer{2}{role=FOLLOWER} - Received AppendRequest{term=1, leader=1, prevLogIndex=14, prevLogTerm=1, entries=0, commitIndex=14}
11:35:53.985 [raft-server-2] TRACE i.a.p.raft.roles.FollowerRole - RaftServer{2}{role=FOLLOWER} - Sending AppendResponse{status=OK, term=1, succeeded=true, lastLogIndex=14}
11:35:53.985 [raft-server-1] TRACE i.a.p.raft.roles.LeaderAppender - RaftServer{1} - Received AppendResponse{status=OK, term=1, succeeded=true, lastLogIndex=14} from 2
11:35:53.986 [raft-server-1] TRACE i.a.p.raft.roles.LeaderAppender - RaftServer{1} - Sending AppendRequest{term=1, leader=1, prevLogIndex=14, prevLogTerm=1, entries=0, commitIndex=14} to 2
11:35:53.986 [raft-server-2] TRACE i.a.p.raft.roles.FollowerRole - RaftServer{2}{role=FOLLOWER} - Received AppendRequest{term=1, leader=1, prevLogIndex=14, prevLogTerm=1, entries=0, commitIndex=14}
11:35:53.986 [raft-server-2] TRACE i.a.p.raft.roles.FollowerRole - RaftServer{2}{role=FOLLOWER} - Sending AppendResponse{status=OK, term=1, succeeded=true, lastLogIndex=14}
11:35:53.986 [raft-server-1] TRACE i.a.p.raft.roles.LeaderAppender - RaftServer{1} - Received AppendResponse{status=OK, term=1, succeeded=true, lastLogIndex=14} from 2
11:35:54.235 [raft-server-1] TRACE i.a.p.raft.roles.LeaderAppender - RaftServer{1} - Sending AppendRequest{term=1, leader=1, prevLogIndex=14, prevLogTerm=1, entries=0, commitIndex=14} to 2
11:35:54.235 [raft-server-2] TRACE i.a.p.raft.roles.FollowerRole - RaftServer{2}{role=FOLLOWER} - Received AppendRequest{term=1, leader=1, prevLogIndex=14, prevLogTerm=1, entries=0, commitIndex=14}
11:35:54.235 [raft-server-2] TRACE i.a.p.raft.roles.FollowerRole - RaftServer{2}{role=FOLLOWER} - Sending AppendResponse{status=OK, term=1, succeeded=true, lastLogIndex=14}
11:35:54.235 [raft-server-1] TRACE i.a.p.raft.roles.LeaderAppender - RaftServer{1} - Received AppendResponse{status=OK, term=1, succeeded=true, lastLogIndex=14} from 2
11:35:54.235 [raft-server-1] TRACE i.a.p.raft.roles.LeaderAppender - RaftServer{1} - Sending AppendRequest{term=1, leader=1, prevLogIndex=14, prevLogTerm=1, entries=0, commitIndex=14} to 2
11:35:54.235 [raft-server-2] TRACE i.a.p.raft.roles.FollowerRole - RaftServer{2}{role=FOLLOWER} - Received AppendRequest{term=1, leader=1, prevLogIndex=14, prevLogTerm=1, entries=0, commitIndex=14}
11:35:54.235 [raft-server-2] TRACE i.a.p.raft.roles.FollowerRole - RaftServer{2}{role=FOLLOWER} - Sending AppendResponse{status=OK, term=1, succeeded=true, lastLogIndex=14}
11:35:54.235 [raft-server-1] TRACE i.a.p.raft.roles.LeaderAppender - RaftServer{1} - Received AppendResponse{status=OK, term=1, succeeded=true, lastLogIndex=14} from 2
11:35:54.235 [raft-server-1] TRACE i.a.p.raft.roles.LeaderAppender - RaftServer{1} - Sending AppendRequest{term=1, leader=1, prevLogIndex=14, prevLogTerm=1, entries=0, commitIndex=14} to 2
11:35:54.235 [raft-server-2] TRACE i.a.p.raft.roles.FollowerRole - RaftServer{2}{role=FOLLOWER} - Received AppendRequest{term=1, leader=1, prevLogIndex=14, prevLogTerm=1, entries=0, commitIndex=14}
11:35:54.235 [raft-server-2] TRACE i.a.p.raft.roles.FollowerRole - RaftServer{2}{role=FOLLOWER} - Sending AppendResponse{status=OK, term=1, succeeded=true, lastLogIndex=14}
11:35:54.235 [raft-server-1] TRACE i.a.p.raft.roles.LeaderAppender - RaftServer{1} - Received AppendResponse{status=OK, term=1, succeeded=true, lastLogIndex=14} from 2
11:35:54.235 [raft-server-1] TRACE i.a.p.raft.roles.LeaderAppender - RaftServer{1} - Sending AppendRequest{term=1, leader=1, prevLogIndex=14, prevLogTerm=1, entries=0, commitIndex=14} to 2
11:35:54.236 [raft-server-2] TRACE i.a.p.raft.roles.FollowerRole - RaftServer{2}{role=FOLLOWER} - Received AppendRequest{term=1, leader=1, prevLogIndex=14, prevLogTerm=1, entries=0, commitIndex=14}
11:35:54.236 [raft-server-2] TRACE i.a.p.raft.roles.FollowerRole - RaftServer{2}{role=FOLLOWER} - Sending AppendResponse{status=OK, term=1, succeeded=true, lastLogIndex=14}
11:35:54.236 [raft-server-1] TRACE i.a.p.raft.roles.LeaderAppender - RaftServer{1} - Received AppendResponse{status=OK, term=1, succeeded=true, lastLogIndex=14} from 2
11:35:54.236 [raft-server-1] TRACE i.a.p.raft.roles.LeaderAppender - RaftServer{1} - Sending AppendRequest{term=1, leader=1, prevLogIndex=14, prevLogTerm=1, entries=0, commitIndex=14} to 2
11:35:54.236 [raft-server-2] TRACE i.a.p.raft.roles.FollowerRole - RaftServer{2}{role=FOLLOWER} - Received AppendRequest{term=1, leader=1, prevLogIndex=14, prevLogTerm=1, entries=0, commitIndex=14}
11:35:54.236 [raft-server-2] TRACE i.a.p.raft.roles.FollowerRole - RaftServer{2}{role=FOLLOWER} - Sending AppendResponse{status=OK, term=1, succeeded=true, lastLogIndex=14}
11:35:54.236 [raft-server-1] TRACE i.a.p.raft.roles.LeaderAppender - RaftServer{1} - Received AppendResponse{status=OK, term=1, succeeded=true, lastLogIndex=14} from 2
11:35:54.485 [raft-server-1] TRACE i.a.p.raft.roles.LeaderAppender - RaftServer{1} - Sending AppendRequest{term=1, leader=1, prevLogIndex=14, prevLogTerm=1, entries=0, commitIndex=14} to 2
11:35:54.485 [raft-server-2] TRACE i.a.p.raft.roles.FollowerRole - RaftServer{2}{role=FOLLOWER} - Received AppendRequest{term=1, leader=1, prevLogIndex=14, prevLogTerm=1, entries=0, commitIndex=14}
11:35:54.485 [raft-server-2] TRACE i.a.p.raft.roles.FollowerRole - RaftServer{2}{role=FOLLOWER} - Sending AppendResponse{status=OK, term=1, succeeded=true, lastLogIndex=14}
11:35:54.485 [raft-server-1] TRACE i.a.p.raft.roles.LeaderAppender - RaftServer{1} - Received AppendResponse{status=OK, term=1, succeeded=true, lastLogIndex=14} from 2
11:35:54.485 [raft-server-1] TRACE i.a.p.raft.roles.LeaderAppender - RaftServer{1} - Sending AppendRequest{term=1, leader=1, prevLogIndex=14, prevLogTerm=1, entries=0, commitIndex=14} to 2
11:35:54.485 [raft-server-2] TRACE i.a.p.raft.roles.FollowerRole - RaftServer{2}{role=FOLLOWER} - Received AppendRequest{term=1, leader=1, prevLogIndex=14, prevLogTerm=1, entries=0, commitIndex=14}
11:35:54.485 [raft-server-2] TRACE i.a.p.raft.roles.FollowerRole - RaftServer{2}{role=FOLLOWER} - Sending AppendResponse{status=OK, term=1, succeeded=true, lastLogIndex=14}
11:35:54.485 [raft-server-1] TRACE i.a.p.raft.roles.LeaderAppender - RaftServer{1} - Received AppendResponse{status=OK, term=1, succeeded=true, lastLogIndex=14} from 2
11:35:54.485 [raft-server-1] TRACE i.a.p.raft.roles.LeaderAppender - RaftServer{1} - Sending AppendRequest{term=1, leader=1, prevLogIndex=14, prevLogTerm=1, entries=0, commitIndex=14} to 2
11:35:54.485 [raft-server-2] TRACE i.a.p.raft.roles.FollowerRole - RaftServer{2}{role=FOLLOWER} - Received AppendRequest{term=1, leader=1, prevLogIndex=14, prevLogTerm=1, entries=0, commitIndex=14}
11:35:54.485 [raft-server-2] TRACE i.a.p.raft.roles.FollowerRole - RaftServer{2}{role=FOLLOWER} - Sending AppendResponse{status=OK, term=1, succeeded=true, lastLogIndex=14}
11:35:54.485 [raft-server-1] TRACE i.a.p.raft.roles.LeaderAppender - RaftServer{1} - Received AppendResponse{status=OK, term=1, succeeded=true, lastLogIndex=14} from 2
11:35:54.485 [raft-server-1] TRACE i.a.p.raft.roles.LeaderAppender - RaftServer{1} - Sending AppendRequest{term=1, leader=1, prevLogIndex=14, prevLogTerm=1, entries=0, commitIndex=14} to 2
11:35:54.485 [raft-server-2] TRACE i.a.p.raft.roles.FollowerRole - RaftServer{2}{role=FOLLOWER} - Received AppendRequest{term=1, leader=1, prevLogIndex=14, prevLogTerm=1, entries=0, commitIndex=14}
11:35:54.485 [raft-server-2] TRACE i.a.p.raft.roles.FollowerRole - RaftServer{2}{role=FOLLOWER} - Sending AppendResponse{status=OK, term=1, succeeded=true, lastLogIndex=14}
11:35:54.485 [raft-server-1] TRACE i.a.p.raft.roles.LeaderAppender - RaftServer{1} - Received AppendResponse{status=OK, term=1, succeeded=true, lastLogIndex=14} from 2
11:35:54.486 [raft-server-1] TRACE i.a.p.raft.roles.LeaderAppender - RaftServer{1} - Sending AppendRequest{term=1, leader=1, prevLogIndex=14, prevLogTerm=1, entries=0, commitIndex=14} to 2
11:35:54.486 [raft-server-2] TRACE i.a.p.raft.roles.FollowerRole - RaftServer{2}{role=FOLLOWER} - Received AppendRequest{term=1, leader=1, prevLogIndex=14, prevLogTerm=1, entries=0, commitIndex=14}
11:35:54.486 [raft-server-2] TRACE i.a.p.raft.roles.FollowerRole - RaftServer{2}{role=FOLLOWER} - Sending AppendResponse{status=OK, term=1, succeeded=true, lastLogIndex=14}
11:35:54.486 [raft-server-1] TRACE i.a.p.raft.roles.LeaderAppender - RaftServer{1} - Received AppendResponse{status=OK, term=1, succeeded=true, lastLogIndex=14} from 2
11:35:54.735 [raft-server-1] TRACE i.a.p.raft.roles.LeaderAppender - RaftServer{1} - Sending AppendRequest{term=1, leader=1, prevLogIndex=14, prevLogTerm=1, entries=0, commitIndex=14} to 2
11:35:54.735 [raft-server-2] TRACE i.a.p.raft.roles.FollowerRole - RaftServer{2}{role=FOLLOWER} - Received AppendRequest{term=1, leader=1, prevLogIndex=14, prevLogTerm=1, entries=0, commitIndex=14}
11:35:54.735 [raft-server-2] TRACE i.a.p.raft.roles.FollowerRole - RaftServer{2}{role=FOLLOWER} - Sending AppendResponse{status=OK, term=1, succeeded=true, lastLogIndex=14}
11:35:54.735 [raft-server-1] TRACE i.a.p.raft.roles.LeaderAppender - RaftServer{1} - Received AppendResponse{status=OK, term=1, succeeded=true, lastLogIndex=14} from 2
11:35:54.735 [raft-server-1] TRACE i.a.p.raft.roles.LeaderAppender - RaftServer{1} - Sending AppendRequest{term=1, leader=1, prevLogIndex=14, prevLogTerm=1, entries=0, commitIndex=14} to 2
11:35:54.735 [raft-server-2] TRACE i.a.p.raft.roles.FollowerRole - RaftServer{2}{role=FOLLOWER} - Received AppendRequest{term=1, leader=1, prevLogIndex=14, prevLogTerm=1, entries=0, commitIndex=14}
11:35:54.735 [raft-server-2] TRACE i.a.p.raft.roles.FollowerRole - RaftServer{2}{role=FOLLOWER} - Sending AppendResponse{status=OK, term=1, succeeded=true, lastLogIndex=14}
11:35:54.735 [raft-server-1] TRACE i.a.p.raft.roles.LeaderAppender - RaftServer{1} - Received AppendResponse{status=OK, term=1, succeeded=true, lastLogIndex=14} from 2
11:35:54.735 [raft-server-1] TRACE i.a.p.raft.roles.LeaderAppender - RaftServer{1} - Sending AppendRequest{term=1, leader=1, prevLogIndex=14, prevLogTerm=1, entries=0, commitIndex=14} to 2
11:35:54.735 [raft-server-2] TRACE i.a.p.raft.roles.FollowerRole - RaftServer{2}{role=FOLLOWER} - Received AppendRequest{term=1, leader=1, prevLogIndex=14, prevLogTerm=1, entries=0, commitIndex=14}
11:35:54.735 [raft-server-2] TRACE i.a.p.raft.roles.FollowerRole - RaftServer{2}{role=FOLLOWER} - Sending AppendResponse{status=OK, term=1, succeeded=true, lastLogIndex=14}
11:35:54.735 [raft-server-1] TRACE i.a.p.raft.roles.LeaderAppender - RaftServer{1} - Received AppendResponse{status=OK, term=1, succeeded=true, lastLogIndex=14} from 2
11:35:54.735 [raft-server-1] TRACE i.a.p.raft.roles.LeaderAppender - RaftServer{1} - Sending AppendRequest{term=1, leader=1, prevLogIndex=14, prevLogTerm=1, entries=0, commitIndex=14} to 2
11:35:54.735 [raft-server-2] TRACE i.a.p.raft.roles.FollowerRole - RaftServer{2}{role=FOLLOWER} - Received AppendRequest{term=1, leader=1, prevLogIndex=14, prevLogTerm=1, entries=0, commitIndex=14}
11:35:54.735 [raft-server-2] TRACE i.a.p.raft.roles.FollowerRole - RaftServer{2}{role=FOLLOWER} - Sending AppendResponse{status=OK, term=1, succeeded=true, lastLogIndex=14}
11:35:54.736 [raft-server-1] TRACE i.a.p.raft.roles.LeaderAppender - RaftServer{1} - Received AppendResponse{status=OK, term=1, succeeded=true, lastLogIndex=14} from 2
11:35:54.736 [raft-server-1] TRACE i.a.p.raft.roles.LeaderAppender - RaftServer{1} - Sending AppendRequest{term=1, leader=1, prevLogIndex=14, prevLogTerm=1, entries=0, commitIndex=14} to 2
11:35:54.736 [raft-server-2] TRACE i.a.p.raft.roles.FollowerRole - RaftServer{2}{role=FOLLOWER} - Received AppendRequest{term=1, leader=1, prevLogIndex=14, prevLogTerm=1, entries=0, commitIndex=14}
11:35:54.736 [raft-server-2] TRACE i.a.p.raft.roles.FollowerRole - RaftServer{2}{role=FOLLOWER} - Sending AppendResponse{status=OK, term=1, succeeded=true, lastLogIndex=14}
11:35:54.736 [raft-server-1] TRACE i.a.p.raft.roles.LeaderAppender - RaftServer{1} - Received AppendResponse{status=OK, term=1, succeeded=true, lastLogIndex=14} from 2
11:35:54.750 [raft-server-1] INFO  i.a.protocols.raft.impl.RaftContext - RaftServer{1} - Transitioning to INACTIVE
11:35:54.751 [raft-server-1] TRACE i.a.protocols.raft.roles.LeaderRole - RaftServer{1}{role=LEADER} - Cancelling append timer
11:35:54.751 [raft-server-1] TRACE i.a.p.raft.storage.system.MetaStore - Store vote null
11:35:54.774 [ForkJoinPool.commonPool-worker-4] DEBUG i.a.storage.journal.SegmentedJournal - Closing segment: JournalSegment{id=1, version=1, index=1, size=330}
11:35:54.774 [ForkJoinPool.commonPool-worker-4] DEBUG i.a.storage.journal.SegmentedJournal - Closing segment: JournalSegment{id=2, version=1, index=11, size=168}
11:35:54.774 [raft-server-2] INFO  i.a.protocols.raft.impl.RaftContext - RaftServer{2} - Transitioning to INACTIVE
11:35:54.774 [raft-server-2] TRACE i.a.p.raft.roles.FollowerRole - RaftServer{2}{role=FOLLOWER} - Cancelling heartbeat timer
11:35:54.775 [ForkJoinPool.commonPool-worker-4] DEBUG i.a.storage.journal.SegmentedJournal - Closing segment: JournalSegment{id=1, version=1, index=1, size=330}
11:35:54.775 [ForkJoinPool.commonPool-worker-4] DEBUG i.a.storage.journal.SegmentedJournal - Closing segment: JournalSegment{id=2, version=1, index=11, size=168}
</system-out>
  </testcase>
  <testcase name="testThreeNodeSequentialEvent" classname="io.atomix.protocols.raft.RaftTest" time="2.349"/>
  <testcase name="testTwoNodeEvents" classname="io.atomix.protocols.raft.RaftTest" time="2.481"/>
  <testcase name="testActiveJoin" classname="io.atomix.protocols.raft.RaftTest" time="4.118"/>
  <testcase name="testPassiveJoinLate" classname="io.atomix.protocols.raft.RaftTest" time="17.623"/>
  <testcase name="testPassiveJoin" classname="io.atomix.protocols.raft.RaftTest" time="2.586"/>
  <testcase name="testFiveNodesManyEventsAfterLeaderShutdown" classname="io.atomix.protocols.raft.RaftTest" time="8.36"/>
  <testcase name="testFiveNodeSubmitCommand" classname="io.atomix.protocols.raft.RaftTest" time="2.955"/>
  <testcase name="testOneNodeExpireEvent" classname="io.atomix.protocols.raft.RaftTest" time="9.111"/>
  <testcase name="testFiveNodesEventsAfterLeaderKill" classname="io.atomix.protocols.raft.RaftTest" time="5.98"/>
  <testcase name="testTwoNodeSubmitCommand" classname="io.atomix.protocols.raft.RaftTest" time="2.305"/>
  <testcase name="testThreeNodeExpireEvent" classname="io.atomix.protocols.raft.RaftTest" time="10.125"/>
  <testcase name="testResize" classname="io.atomix.protocols.raft.RaftTest" time="2.413"/>
  <testcase name="testFiveNodeCloseEvent" classname="io.atomix.protocols.raft.RaftTest" time="3.494"/>
  <testcase name="testOneNodeSubmitQueryWithLinearizableConsistency" classname="io.atomix.protocols.raft.RaftTest" time="1.894"/>
  <testcase name="testThreeNodeSubmitQueryWithBoundedLinearizableConsistency" classname="io.atomix.protocols.raft.RaftTest" time="2.302"/>
  <testcase name="testLeaderLeave" classname="io.atomix.protocols.raft.RaftTest" time="2.783"/>
  <testcase name="testFiveNodesEventsAfterFollowerKill" classname="io.atomix.protocols.raft.RaftTest" time="4.761"/>
  <testcase name="testThreeNodesEventsAfterFollowerKill" classname="io.atomix.protocols.raft.RaftTest" time="3.829"/>
  <testcase name="testFiveNodeEvents" classname="io.atomix.protocols.raft.RaftTest" time="3.975"/>
</testsuite>