<?xml version="1.0" encoding="UTF-8"?>
<testsuite name="io.atomix.protocols.raft.RaftTest" time="295.111" tests="65" errors="1" skipped="1" failures="0">
  <properties>
    <property name="java.runtime.name" value="OpenJDK Runtime Environment"/>
    <property name="sun.boot.library.path" value="/usr/lib/jvm/java-8-openjdk-amd64/jre/lib/amd64"/>
    <property name="java.vm.version" value="25.121-b13"/>
    <property name="java.vm.vendor" value="Oracle Corporation"/>
    <property name="maven.multiModuleProjectDirectory" value="/root/workspace/atomix/atomix/387484216"/>
    <property name="java.vendor.url" value="http://java.oracle.com/"/>
    <property name="path.separator" value=":"/>
    <property name="guice.disable.misplaced.annotation.check" value="true"/>
    <property name="skip.gulp" value="true"/>
    <property name="java.vm.name" value="OpenJDK 64-Bit Server VM"/>
    <property name="file.encoding.pkg" value="sun.io"/>
    <property name="sun.java.launcher" value="SUN_STANDARD"/>
    <property name="sun.os.patch.level" value="unknown"/>
    <property name="findbugs.skip" value="true"/>
    <property name="java.vm.specification.name" value="Java Virtual Machine Specification"/>
    <property name="user.dir" value="/root/workspace/atomix/atomix/387484216"/>
    <property name="checkstyle.skip" value="true"/>
    <property name="java.runtime.version" value="1.8.0_121-8u121-b13-1~bpo8+1-b13"/>
    <property name="java.awt.graphicsenv" value="sun.awt.X11GraphicsEnvironment"/>
    <property name="skip.npm" value="true"/>
    <property name="java.endorsed.dirs" value="/usr/lib/jvm/java-8-openjdk-amd64/jre/lib/endorsed"/>
    <property name="os.arch" value="amd64"/>
    <property name="java.io.tmpdir" value="/tmp"/>
    <property name="gpg.skip" value="true"/>
    <property name="line.separator" value="&#10;"/>
    <property name="java.vm.specification.vendor" value="Oracle Corporation"/>
    <property name="cobertura.skip" value="true"/>
    <property name="os.name" value="Linux"/>
    <property name="classworlds.conf" value="/usr/share/maven/bin/m2.conf"/>
    <property name="sun.jnu.encoding" value="UTF-8"/>
    <property name="java.library.path" value="/usr/java/packages/lib/amd64:/usr/lib/x86_64-linux-gnu/jni:/lib/x86_64-linux-gnu:/usr/lib/x86_64-linux-gnu:/usr/lib/jni:/lib:/usr/lib"/>
    <property name="license.skip" value="true"/>
    <property name="java.specification.name" value="Java Platform API Specification"/>
    <property name="java.class.version" value="52.0"/>
    <property name="sun.management.compiler" value="HotSpot 64-Bit Tiered Compilers"/>
    <property name="skip.bower" value="true"/>
    <property name="maven.repo.local" value="/root/./workspace/atomix/atomix/387484216/.m2"/>
    <property name="os.version" value="3.10.0-862.3.2.el7.x86_64"/>
    <property name="user.home" value="/root"/>
    <property name="user.timezone" value="Europe/Paris"/>
    <property name="java.awt.printerjob" value="sun.print.PSPrinterJob"/>
    <property name="java.specification.version" value="1.8"/>
    <property name="file.encoding" value="UTF-8"/>
    <property name="user.name" value="root"/>
    <property name="java.class.path" value="/usr/share/maven/boot/plexus-classworlds-2.5.2.jar"/>
    <property name="skipITs" value="true"/>
    <property name="java.vm.specification.version" value="1.8"/>
    <property name="sun.arch.data.model" value="64"/>
    <property name="java.home" value="/usr/lib/jvm/java-8-openjdk-amd64/jre"/>
    <property name="sun.java.command" value="org.codehaus.plexus.classworlds.launcher.Launcher -B -D enforcer.skip=true -D dependency-check.skip=true -D skipITs=true -D cobertura.skip=true -D maven.repo.local=/root/./workspace/atomix/atomix/387484216/.m2 -D rat.skip=true -D findbugs.skip=true -D skip.bower=true -D gpg.skip=true -D checkstyle.skip=true -D skip.gulp=true -D license.skip=true -D skip.npm=true test"/>
    <property name="java.specification.vendor" value="Oracle Corporation"/>
    <property name="user.language" value="en"/>
    <property name="awt.toolkit" value="sun.awt.X11.XToolkit"/>
    <property name="dependency-check.skip" value="true"/>
    <property name="java.vm.info" value="mixed mode"/>
    <property name="java.version" value="1.8.0_121"/>
    <property name="java.ext.dirs" value="/usr/lib/jvm/java-8-openjdk-amd64/jre/lib/ext:/usr/java/packages/lib/ext"/>
    <property name="securerandom.source" value="file:/dev/./urandom"/>
    <property name="sun.boot.class.path" value="/usr/lib/jvm/java-8-openjdk-amd64/jre/lib/resources.jar:/usr/lib/jvm/java-8-openjdk-amd64/jre/lib/rt.jar:/usr/lib/jvm/java-8-openjdk-amd64/jre/lib/sunrsasign.jar:/usr/lib/jvm/java-8-openjdk-amd64/jre/lib/jsse.jar:/usr/lib/jvm/java-8-openjdk-amd64/jre/lib/jce.jar:/usr/lib/jvm/java-8-openjdk-amd64/jre/lib/charsets.jar:/usr/lib/jvm/java-8-openjdk-amd64/jre/lib/jfr.jar:/usr/lib/jvm/java-8-openjdk-amd64/jre/classes"/>
    <property name="java.vendor" value="Oracle Corporation"/>
    <property name="enforcer.skip" value="true"/>
    <property name="rat.skip" value="true"/>
    <property name="maven.home" value="/usr/share/maven"/>
    <property name="file.separator" value="/"/>
    <property name="java.vendor.url.bug" value="http://bugreport.sun.com/bugreport/"/>
    <property name="sun.cpu.endian" value="little"/>
    <property name="sun.io.unicode.encoding" value="UnicodeLittle"/>
    <property name="sun.cpu.isalist" value=""/>
  </properties>
  <testcase name="testFourNodeSequentialEvent" classname="io.atomix.protocols.raft.RaftTest" time="3.37"/>
  <testcase name="testCrashRecover" classname="io.atomix.protocols.raft.RaftTest" time="40.28"/>
  <testcase name="testSequenceBoundedLinearizableOperations" classname="io.atomix.protocols.raft.RaftTest" time="4.123"/>
  <testcase name="testThreeOfFourNodeSubmitCommand" classname="io.atomix.protocols.raft.RaftTest" time="2.625"/>
  <testcase name="testFourNodeSubmitQueryWithLinearizableConsistency" classname="io.atomix.protocols.raft.RaftTest" time="3.923"/>
  <testcase name="testOneNodeEvents" classname="io.atomix.protocols.raft.RaftTest" time="2.024"/>
  <testcase name="testThreeNodesManyEventsAfterLeaderShutdown" classname="io.atomix.protocols.raft.RaftTest" time="5.544"/>
  <testcase name="testClientKeepAlive" classname="io.atomix.protocols.raft.RaftTest" time="13.439"/>
  <testcase name="testFiveNodeManySessionsManyEvents" classname="io.atomix.protocols.raft.RaftTest" time="4.818"/>
  <testcase name="testFourNodeEvents" classname="io.atomix.protocols.raft.RaftTest" time="2.681"/>
  <testcase name="testPassiveJoinEvent" classname="io.atomix.protocols.raft.RaftTest" time="2.973"/>
  <testcase name="testSessionMetadata" classname="io.atomix.protocols.raft.RaftTest" time="2.622"/>
  <testcase name="testFiveNodeSequentialEvent" classname="io.atomix.protocols.raft.RaftTest" time="3.326"/>
  <testcase name="testServerLeave" classname="io.atomix.protocols.raft.RaftTest" time="3.406"/>
  <testcase name="testOneNodeSubmitQueryWithSequentialConsistency" classname="io.atomix.protocols.raft.RaftTest" time="1.254"/>
  <testcase name="testFourNodeSubmitQueryWithSequentialConsistency" classname="io.atomix.protocols.raft.RaftTest" time="3.61"/>
  <testcase name="testBlockOnEvent" classname="io.atomix.protocols.raft.RaftTest" time="2.397"/>
  <testcase name="testDemoteLeader" classname="io.atomix.protocols.raft.RaftTest" time="3.958"/>
  <testcase name="testTwoOfThreeNodeSubmitCommand" classname="io.atomix.protocols.raft.RaftTest" time="2.182"/>
  <testcase name="testOneNodeCloseEvent" classname="io.atomix.protocols.raft.RaftTest" time="1.583"/>
  <testcase name="testOneNodeSequentialEvent" classname="io.atomix.protocols.raft.RaftTest" time="1.483"/>
  <testcase name="testThreeNodeSubmitCommand" classname="io.atomix.protocols.raft.RaftTest" time="2.494"/>
  <testcase name="testActiveJoinLate" classname="io.atomix.protocols.raft.RaftTest" time="18.238"/>
  <testcase name="testThreeNodeSubmitQueryWithSequentialConsistency" classname="io.atomix.protocols.raft.RaftTest" time="3.351"/>
  <testcase name="testFiveNodeSubmitQueryWithBoundedLinearizableConsistency" classname="io.atomix.protocols.raft.RaftTest" time="3.33"/>
  <testcase name="testTwoNodeSubmitQueryWithBoundedLinearizableConsistency" classname="io.atomix.protocols.raft.RaftTest" time="2.076"/>
  <testcase name="testThreeOfFiveNodeSubmitCommand" classname="io.atomix.protocols.raft.RaftTest" time="2.375"/>
  <testcase name="testTwoNodeSubmitQueryWithSequentialConsistency" classname="io.atomix.protocols.raft.RaftTest" time="2.248"/>
  <testcase name="testActiveJoinEvent" classname="io.atomix.protocols.raft.RaftTest" time="2.601"/>
  <testcase name="testOneNodeSubmitCommand" classname="io.atomix.protocols.raft.RaftTest" time="1.222"/>
  <testcase name="testFourNodeSubmitCommand" classname="io.atomix.protocols.raft.RaftTest" time="2.762"/>
  <testcase name="testTwoNodeSequentialEvent" classname="io.atomix.protocols.raft.RaftTest" time="2.088"/>
  <testcase name="testThreeNodeCloseEvent" classname="io.atomix.protocols.raft.RaftTest" time="2.767"/>
  <testcase name="testFourNodeSubmitQueryWithBoundedLinearizableConsistency" classname="io.atomix.protocols.raft.RaftTest" time="2.434"/>
  <testcase name="testFiveNodeSubmitQueryWithLinearizableConsistency" classname="io.atomix.protocols.raft.RaftTest" time="2.84"/>
  <testcase name="testSequenceSequentialOperations" classname="io.atomix.protocols.raft.RaftTest" time="3.011"/>
  <testcase name="testSingleMemberStart" classname="io.atomix.protocols.raft.RaftTest" time="4.162"/>
  <testcase name="testThreeNodeEvents" classname="io.atomix.protocols.raft.RaftTest" time="2.709"/>
  <testcase name="testSequenceLinearizableOperations" classname="io.atomix.protocols.raft.RaftTest" time="2.765"/>
  <testcase name="testThreeNodeSubmitQueryWithLinearizableConsistency" classname="io.atomix.protocols.raft.RaftTest" time="2.488"/>
  <testcase name="testFiveNodeManyEvents" classname="io.atomix.protocols.raft.RaftTest" time="3.57"/>
  <testcase name="testOneNodeSubmitQueryWithBoundedLinearizableConsistency" classname="io.atomix.protocols.raft.RaftTest" time="1.69"/>
  <testcase name="testFiveNodeExpireEvent" classname="io.atomix.protocols.raft.RaftTest" time="10.136"/>
  <testcase name="testFiveNodeSubmitQueryWithSequentialConsistency" classname="io.atomix.protocols.raft.RaftTest" time="3.565"/>
  <testcase name="testTransferLeadership" classname="io.atomix.protocols.raft.RaftTest" time="3.566">
    <skipped/>
  </testcase>
  <testcase name="testTwoNodeSubmitQueryWithLinearizableConsistency" classname="io.atomix.protocols.raft.RaftTest" time="2.062"/>
  <testcase name="testThreeNodeSequentialEvent" classname="io.atomix.protocols.raft.RaftTest" time="2.635"/>
  <testcase name="testTwoNodeEvents" classname="io.atomix.protocols.raft.RaftTest" time="3.865"/>
  <testcase name="testActiveJoin" classname="io.atomix.protocols.raft.RaftTest" time="4.209"/>
  <testcase name="testPassiveJoinLate" classname="io.atomix.protocols.raft.RaftTest" time="16.871"/>
  <testcase name="testPassiveJoin" classname="io.atomix.protocols.raft.RaftTest" time="3.895"/>
  <testcase name="testFiveNodesManyEventsAfterLeaderShutdown" classname="io.atomix.protocols.raft.RaftTest" time="5.985"/>
  <testcase name="testFiveNodeSubmitCommand" classname="io.atomix.protocols.raft.RaftTest" time="2.893"/>
  <testcase name="testOneNodeExpireEvent" classname="io.atomix.protocols.raft.RaftTest" time="9.135"/>
  <testcase name="testFiveNodesEventsAfterLeaderKill" classname="io.atomix.protocols.raft.RaftTest" time="6.096"/>
  <testcase name="testTwoNodeSubmitCommand" classname="io.atomix.protocols.raft.RaftTest" time="2.329"/>
  <testcase name="testThreeNodeExpireEvent" classname="io.atomix.protocols.raft.RaftTest" time="9.775"/>
  <testcase name="testResize" classname="io.atomix.protocols.raft.RaftTest" time="2.065">
    <error message="target/test-logs" type="java.nio.file.DirectoryNotEmptyException">java.nio.file.DirectoryNotEmptyException: target/test-logs
	at sun.nio.fs.UnixFileSystemProvider.implDelete(UnixFileSystemProvider.java:242)
	at sun.nio.fs.AbstractFileSystemProvider.delete(AbstractFileSystemProvider.java:103)
	at java.nio.file.Files.delete(Files.java:1126)
	at io.atomix.protocols.raft.RaftTest$1.postVisitDirectory(RaftTest.java:1322)
	at io.atomix.protocols.raft.RaftTest$1.postVisitDirectory(RaftTest.java:1313)
	at java.nio.file.Files.walkFileTree(Files.java:2688)
	at java.nio.file.Files.walkFileTree(Files.java:2742)
	at io.atomix.protocols.raft.RaftTest.clearTests(RaftTest.java:1313)
</error>
    <system-out>21:32:04.989 [main] DEBUG i.a.storage.journal.SegmentedJournal - Created disk segment: JournalSegment{id=1, version=1, index=1, size=64}
21:32:04.989 [main] TRACE i.a.p.raft.storage.system.MetaStore - Store configuration Configuration{index=0, time=2018-06-03 09:32:04,989, members=[DefaultRaftMember{id=1, type=ACTIVE, updated=2018-06-03T19:32:04.989Z}]}
21:32:05.014 [raft-server-1] INFO  i.a.protocols.raft.impl.RaftContext - RaftServer{1} - Transitioning to FOLLOWER
21:32:06.102 [raft-server-1] DEBUG i.a.p.raft.roles.FollowerRole - RaftServer{1}{role=FOLLOWER} - Heartbeat timed out in PT1.088S
21:32:06.102 [raft-server-1] INFO  i.a.protocols.raft.impl.RaftContext - RaftServer{1} - Transitioning to CANDIDATE
21:32:06.102 [raft-server-1] TRACE i.a.p.raft.roles.FollowerRole - RaftServer{1}{role=FOLLOWER} - Cancelling heartbeat timer
21:32:06.103 [raft-server-1] INFO  i.a.p.raft.roles.CandidateRole - RaftServer{1}{role=CANDIDATE} - Starting election
21:32:06.103 [raft-server-1] TRACE i.a.p.raft.storage.system.MetaStore - Store term 1
21:32:06.122 [raft-server-1] TRACE i.a.p.raft.storage.system.MetaStore - Store vote null
21:32:06.147 [raft-server-1] DEBUG i.a.protocols.raft.impl.RaftContext - RaftServer{1} - Set term 1
21:32:06.147 [raft-server-1] TRACE i.a.p.raft.storage.system.MetaStore - Store vote 1
21:32:06.163 [raft-server-1] DEBUG i.a.protocols.raft.impl.RaftContext - RaftServer{1} - Voted for 1
21:32:06.163 [raft-server-1] DEBUG i.a.p.raft.roles.CandidateRole - RaftServer{1}{role=CANDIDATE} - Single member cluster. Transitioning directly to leader.
21:32:06.164 [raft-server-1] INFO  i.a.protocols.raft.impl.RaftContext - RaftServer{1} - Transitioning to LEADER
21:32:06.164 [raft-server-1] INFO  i.a.protocols.raft.impl.RaftContext - RaftServer{1} - Found leader 1
21:32:06.164 [raft-server-1] TRACE i.a.p.raft.storage.system.MetaStore - Store vote null
21:32:06.180 [raft-server-1] TRACE i.a.protocols.raft.roles.LeaderRole - RaftServer{1}{role=LEADER} - Appended Indexed{index=1, entry=InitializeEntry{term=1, timestamp=2018-06-03 09:32:06,164}}
21:32:06.212 [raft-server-1] TRACE i.a.protocols.raft.roles.LeaderRole - RaftServer{1}{role=LEADER} - Starting append timer
21:32:06.212 [raft-server-1] INFO  i.a.p.raft.impl.DefaultRaftServer - RaftServer{1} - Server started successfully!
21:32:06.212 [raft-server-1-state] TRACE i.a.p.raft.impl.RaftServiceManager - RaftServer{1} - Applying Indexed{index=1, entry=InitializeEntry{term=1, timestamp=2018-06-03 09:32:06,164}}
21:32:06.420 [main] DEBUG i.a.storage.journal.SegmentedJournal - Created disk segment: JournalSegment{id=1, version=1, index=1, size=64}
21:32:06.421 [main] TRACE i.a.p.raft.storage.system.MetaStore - Store configuration Configuration{index=0, time=2018-06-03 09:32:06,421, members=[DefaultRaftMember{id=1, type=ACTIVE, updated=2018-06-03T19:32:06.421Z}]}
21:32:06.439 [raft-server-2] INFO  i.a.protocols.raft.impl.RaftContext - RaftServer{2} - Transitioning to PROMOTABLE
21:32:06.439 [raft-server-2] DEBUG i.a.p.r.c.impl.RaftClusterContext - RaftServer{2} - Attempting to join via 1
21:32:06.439 [raft-server-1] TRACE i.a.protocols.raft.roles.LeaderRole - RaftServer{1}{role=LEADER} - Received JoinRequest{member=DefaultRaftMember{id=2, type=PROMOTABLE, updated=2018-06-03T19:32:06.421Z}}
21:32:06.439 [raft-server-1] TRACE i.a.protocols.raft.roles.LeaderRole - RaftServer{1}{role=LEADER} - Appended Indexed{index=2, entry=ConfigurationEntry{term=1, timestamp=2018-06-03 09:32:06,439, members=[DefaultRaftMember{id=1, type=ACTIVE, updated=2018-06-03T19:32:04.989Z}, DefaultRaftMember{id=2, type=PROMOTABLE, updated=2018-06-03T19:32:06.439Z}]}}
21:32:06.471 [raft-server-1] TRACE i.a.p.raft.storage.system.MetaStore - Store configuration Configuration{index=2, time=2018-06-03 09:32:06,439, members=[DefaultRaftMember{id=1, type=ACTIVE, updated=2018-06-03T19:32:04.989Z}, DefaultRaftMember{id=2, type=PROMOTABLE, updated=2018-06-03T19:32:06.439Z}]}
21:32:06.495 [raft-server-1] TRACE i.a.protocols.raft.roles.LeaderRole - RaftServer{1}{role=LEADER} - Sending JoinResponse{status=OK, index=2, term=1, timestamp=1528054326439, members=[DefaultRaftMember{id=1, type=ACTIVE, updated=2018-06-03T19:32:04.989Z}, DefaultRaftMember{id=2, type=PROMOTABLE, updated=2018-06-03T19:32:06.439Z}]}
21:32:06.496 [raft-server-1] DEBUG i.a.p.raft.roles.LeaderAppender - RaftServer{1} - Configuring 2
21:32:06.496 [raft-server-1] TRACE i.a.p.raft.roles.LeaderAppender - RaftServer{1} - Sending ConfigureRequest{term=1, leader=1, index=2, timestamp=1528054326439, members=[DefaultRaftMember{id=1, type=ACTIVE, updated=2018-06-03T19:32:04.989Z}, DefaultRaftMember{id=2, type=PROMOTABLE, updated=2018-06-03T19:32:06.439Z}]} to 2
21:32:06.496 [raft-server-2] TRACE i.a.p.r.c.impl.RaftClusterContext - RaftServer{2} - Cancelling join timeout
21:32:06.496 [raft-server-2] INFO  i.a.p.r.c.impl.RaftClusterContext - RaftServer{2} - Successfully joined via 1
21:32:06.496 [raft-server-1-state] TRACE i.a.p.raft.impl.RaftServiceManager - RaftServer{1} - Applying Indexed{index=2, entry=ConfigurationEntry{term=1, timestamp=2018-06-03 09:32:06,439, members=[DefaultRaftMember{id=1, type=ACTIVE, updated=2018-06-03T19:32:04.989Z}, DefaultRaftMember{id=2, type=PROMOTABLE, updated=2018-06-03T19:32:06.439Z}]}}
21:32:06.496 [raft-server-2] TRACE i.a.p.raft.storage.system.MetaStore - Store configuration Configuration{index=2, time=2018-06-03 09:32:06,439, members=[DefaultRaftMember{id=1, type=ACTIVE, updated=2018-06-03T19:32:04.989Z}, DefaultRaftMember{id=2, type=PROMOTABLE, updated=2018-06-03T19:32:06.439Z}]}
21:32:06.520 [raft-server-2] TRACE i.a.p.raft.roles.PromotableRole - RaftServer{2}{role=PROMOTABLE} - Received ConfigureRequest{term=1, leader=1, index=2, timestamp=1528054326439, members=[DefaultRaftMember{id=1, type=ACTIVE, updated=2018-06-03T19:32:04.989Z}, DefaultRaftMember{id=2, type=PROMOTABLE, updated=2018-06-03T19:32:06.439Z}]}
21:32:06.521 [raft-server-2] TRACE i.a.p.raft.storage.system.MetaStore - Store term 1
21:32:06.545 [raft-server-2] TRACE i.a.p.raft.storage.system.MetaStore - Store vote null
21:32:06.563 [raft-server-2] DEBUG i.a.protocols.raft.impl.RaftContext - RaftServer{2} - Set term 1
21:32:06.563 [raft-server-2] INFO  i.a.protocols.raft.impl.RaftContext - RaftServer{2} - Found leader 1
21:32:06.563 [raft-server-2] TRACE i.a.p.raft.storage.system.MetaStore - Store vote null
21:32:06.588 [raft-server-2] TRACE i.a.p.raft.roles.PromotableRole - RaftServer{2}{role=PROMOTABLE} - Sending ConfigureResponse{status=OK}
21:32:06.589 [raft-server-2] TRACE i.a.p.raft.roles.PromotableRole - RaftServer{2}{role=PROMOTABLE} - Received ReconfigureRequest{index=2, term=1, member=DefaultRaftMember{id=2, type=ACTIVE, updated=2018-06-03T19:32:06.421Z}}
21:32:06.589 [raft-server-1] TRACE i.a.p.raft.roles.LeaderAppender - RaftServer{1} - Received ConfigureResponse{status=OK} from 2
21:32:06.589 [raft-server-1] TRACE i.a.p.raft.roles.LeaderAppender - RaftServer{1} - Sending AppendRequest{term=1, leader=1, prevLogIndex=2, prevLogTerm=1, entries=0, commitIndex=2} to 2
21:32:06.589 [raft-server-1] TRACE i.a.protocols.raft.roles.LeaderRole - RaftServer{1}{role=LEADER} - Received ReconfigureRequest{index=2, term=1, member=DefaultRaftMember{id=2, type=ACTIVE, updated=2018-06-03T19:32:06.421Z}}
21:32:06.589 [raft-server-2] TRACE i.a.p.raft.roles.PromotableRole - RaftServer{2}{role=PROMOTABLE} - Received AppendRequest{term=1, leader=1, prevLogIndex=2, prevLogTerm=1, entries=0, commitIndex=2}
21:32:06.589 [raft-server-2] DEBUG i.a.p.raft.roles.PromotableRole - RaftServer{2}{role=PROMOTABLE} - Rejected AppendRequest{term=1, leader=1, prevLogIndex=2, prevLogTerm=1, entries=0, commitIndex=2}: Previous index (2) is greater than the local log's last index (0)
21:32:06.589 [raft-server-2] TRACE i.a.p.raft.roles.PromotableRole - RaftServer{2}{role=PROMOTABLE} - Sending AppendResponse{status=OK, term=1, succeeded=false, lastLogIndex=0}
21:32:06.589 [raft-server-1] TRACE i.a.protocols.raft.roles.LeaderRole - RaftServer{1}{role=LEADER} - Appended Indexed{index=3, entry=ConfigurationEntry{term=1, timestamp=2018-06-03 09:32:06,589, members=[DefaultRaftMember{id=1, type=ACTIVE, updated=2018-06-03T19:32:04.989Z}, DefaultRaftMember{id=2, type=ACTIVE, updated=2018-06-03T19:32:06.589Z}]}}
21:32:06.589 [raft-server-1] TRACE i.a.p.raft.roles.LeaderAppender - RaftServer{1} - Received AppendResponse{status=OK, term=1, succeeded=false, lastLogIndex=0} from 2
21:32:06.589 [raft-server-1] TRACE i.a.p.raft.roles.LeaderAppender - RaftServer{1} - Reset next index for RaftMemberContext{member=2, term=1, configIndex=2, snapshotIndex=0, nextSnapshotIndex=0, nextSnapshotOffset=0, matchIndex=0, nextIndex=1, heartbeatTime=1528054326496, appending=0, appendSucceeded=false, appendTime=1528054326589, configuring=false, installing=false, failures=0} to 1
21:32:06.589 [raft-server-1] TRACE i.a.p.raft.roles.LeaderAppender - RaftServer{1} - Sending AppendRequest{term=1, leader=1, prevLogIndex=0, prevLogTerm=0, entries=3, commitIndex=2} to 2
21:32:06.589 [raft-server-2] TRACE i.a.p.raft.roles.PromotableRole - RaftServer{2}{role=PROMOTABLE} - Received AppendRequest{term=1, leader=1, prevLogIndex=0, prevLogTerm=0, entries=3, commitIndex=2}
21:32:06.589 [raft-server-1] DEBUG i.a.p.raft.roles.LeaderAppender - RaftServer{1} - Configuring 2
21:32:06.589 [raft-server-2] DEBUG i.a.p.raft.roles.PromotableRole - RaftServer{2}{role=PROMOTABLE} - Reset first index to 1
21:32:06.589 [raft-server-1] TRACE i.a.p.raft.roles.LeaderAppender - RaftServer{1} - Sending ConfigureRequest{term=1, leader=1, index=3, timestamp=1528054326589, members=[DefaultRaftMember{id=1, type=ACTIVE, updated=2018-06-03T19:32:04.989Z}, DefaultRaftMember{id=2, type=ACTIVE, updated=2018-06-03T19:32:06.589Z}]} to 2
21:32:06.590 [raft-server-2] TRACE i.a.p.raft.roles.PromotableRole - RaftServer{2}{role=PROMOTABLE} - Appended Indexed{index=1, entry=InitializeEntry{term=1, timestamp=2018-06-03 09:32:06,164}}
21:32:06.590 [raft-server-2] TRACE i.a.p.raft.roles.PromotableRole - RaftServer{2}{role=PROMOTABLE} - Appended Indexed{index=2, entry=ConfigurationEntry{term=1, timestamp=2018-06-03 09:32:06,439, members=[DefaultRaftMember{id=1, type=ACTIVE, updated=2018-06-03T19:32:04.989Z}, DefaultRaftMember{id=2, type=PROMOTABLE, updated=2018-06-03T19:32:06.439Z}]}}
21:32:06.622 [raft-server-2] TRACE i.a.p.raft.roles.PromotableRole - RaftServer{2}{role=PROMOTABLE} - Committed entries up to index 2
21:32:06.622 [raft-server-2] TRACE i.a.p.raft.roles.PromotableRole - RaftServer{2}{role=PROMOTABLE} - Sending AppendResponse{status=OK, term=1, succeeded=true, lastLogIndex=2}
21:32:06.622 [raft-server-2] TRACE i.a.p.raft.roles.PromotableRole - RaftServer{2}{role=PROMOTABLE} - Received ConfigureRequest{term=1, leader=1, index=3, timestamp=1528054326589, members=[DefaultRaftMember{id=1, type=ACTIVE, updated=2018-06-03T19:32:04.989Z}, DefaultRaftMember{id=2, type=ACTIVE, updated=2018-06-03T19:32:06.589Z}]}
21:32:06.622 [raft-server-1] TRACE i.a.p.raft.roles.LeaderAppender - RaftServer{1} - Received AppendResponse{status=OK, term=1, succeeded=true, lastLogIndex=2} from 2
21:32:06.622 [raft-server-2] INFO  i.a.protocols.raft.impl.RaftContext - RaftServer{2} - Transitioning to FOLLOWER
21:32:06.623 [raft-server-2] TRACE i.a.p.raft.roles.PromotableRole - RaftServer{2}{role=PROMOTABLE} - Sending ConfigureResponse{status=OK}
21:32:06.623 [raft-server-1] TRACE i.a.p.raft.roles.LeaderAppender - RaftServer{1} - Received ConfigureResponse{status=OK} from 2
21:32:06.623 [raft-server-2-state] TRACE i.a.p.raft.impl.RaftServiceManager - RaftServer{2} - Applying Indexed{index=1, entry=InitializeEntry{term=1, timestamp=2018-06-03 09:32:06,164}}
21:32:06.623 [raft-server-1] TRACE i.a.p.raft.roles.LeaderAppender - RaftServer{1} - Sending AppendRequest{term=1, leader=1, prevLogIndex=3, prevLogTerm=1, entries=0, commitIndex=2} to 2
21:32:06.623 [raft-server-2] TRACE i.a.p.raft.roles.FollowerRole - RaftServer{2}{role=FOLLOWER} - Received AppendRequest{term=1, leader=1, prevLogIndex=3, prevLogTerm=1, entries=0, commitIndex=2}
21:32:06.623 [raft-server-2-state] TRACE i.a.p.raft.impl.RaftServiceManager - RaftServer{2} - Applying Indexed{index=2, entry=ConfigurationEntry{term=1, timestamp=2018-06-03 09:32:06,439, members=[DefaultRaftMember{id=1, type=ACTIVE, updated=2018-06-03T19:32:04.989Z}, DefaultRaftMember{id=2, type=PROMOTABLE, updated=2018-06-03T19:32:06.439Z}]}}
21:32:06.623 [raft-server-2] DEBUG i.a.p.raft.roles.FollowerRole - RaftServer{2}{role=FOLLOWER} - Rejected AppendRequest{term=1, leader=1, prevLogIndex=3, prevLogTerm=1, entries=0, commitIndex=2}: Previous index (3) is greater than the local log's last index (2)
21:32:06.623 [raft-server-2] TRACE i.a.p.raft.roles.FollowerRole - RaftServer{2}{role=FOLLOWER} - Sending AppendResponse{status=OK, term=1, succeeded=false, lastLogIndex=2}
21:32:06.623 [raft-server-1] TRACE i.a.p.raft.roles.LeaderAppender - RaftServer{1} - Received AppendResponse{status=OK, term=1, succeeded=false, lastLogIndex=2} from 2
21:32:06.623 [raft-server-1] TRACE i.a.p.raft.roles.LeaderAppender - RaftServer{1} - Reset next index for RaftMemberContext{member=2, term=1, configIndex=3, snapshotIndex=0, nextSnapshotIndex=0, nextSnapshotOffset=0, matchIndex=2, nextIndex=3, heartbeatTime=1528054326589, appending=0, appendSucceeded=false, appendTime=1528054326623, configuring=false, installing=false, failures=0} to 3
21:32:06.623 [raft-server-1] TRACE i.a.p.raft.roles.LeaderAppender - RaftServer{1} - Sending AppendRequest{term=1, leader=1, prevLogIndex=2, prevLogTerm=1, entries=1, commitIndex=2} to 2
21:32:06.623 [raft-server-2] TRACE i.a.p.raft.roles.FollowerRole - RaftServer{2}{role=FOLLOWER} - Received AppendRequest{term=1, leader=1, prevLogIndex=2, prevLogTerm=1, entries=1, commitIndex=2}
21:32:06.623 [raft-server-2] TRACE i.a.p.raft.roles.FollowerRole - RaftServer{2}{role=FOLLOWER} - Appended Indexed{index=3, entry=ConfigurationEntry{term=1, timestamp=2018-06-03 09:32:06,589, members=[DefaultRaftMember{id=1, type=ACTIVE, updated=2018-06-03T19:32:04.989Z}, DefaultRaftMember{id=2, type=ACTIVE, updated=2018-06-03T19:32:06.589Z}]}}
21:32:06.624 [raft-server-2] TRACE i.a.p.raft.roles.FollowerRole - RaftServer{2}{role=FOLLOWER} - Sending AppendResponse{status=OK, term=1, succeeded=true, lastLogIndex=3}
21:32:06.624 [raft-server-1] TRACE i.a.p.raft.roles.LeaderAppender - RaftServer{1} - Received AppendResponse{status=OK, term=1, succeeded=true, lastLogIndex=3} from 2
21:32:06.624 [raft-server-1] TRACE i.a.p.raft.roles.LeaderAppender - RaftServer{1} - Committed entries up to 3
21:32:06.655 [raft-server-1] TRACE i.a.p.raft.storage.system.MetaStore - Store configuration Configuration{index=3, time=2018-06-03 09:32:06,589, members=[DefaultRaftMember{id=1, type=ACTIVE, updated=2018-06-03T19:32:04.989Z}, DefaultRaftMember{id=2, type=ACTIVE, updated=2018-06-03T19:32:06.589Z}]}
21:32:06.680 [raft-server-1] TRACE i.a.protocols.raft.roles.LeaderRole - RaftServer{1}{role=LEADER} - Sending ReconfigureResponse{status=OK, index=3, term=1, timestamp=1528054326589, members=[DefaultRaftMember{id=1, type=ACTIVE, updated=2018-06-03T19:32:04.989Z}, DefaultRaftMember{id=2, type=ACTIVE, updated=2018-06-03T19:32:06.589Z}]}
21:32:06.680 [raft-server-2] TRACE i.a.p.raft.roles.PromotableRole - RaftServer{2}{role=PROMOTABLE} - Sending ReconfigureResponse{status=OK, index=3, term=1, timestamp=1528054326589, members=[DefaultRaftMember{id=1, type=ACTIVE, updated=2018-06-03T19:32:04.989Z}, DefaultRaftMember{id=2, type=ACTIVE, updated=2018-06-03T19:32:06.589Z}]}
21:32:06.680 [raft-server-1-state] TRACE i.a.p.raft.impl.RaftServiceManager - RaftServer{1} - Applying Indexed{index=3, entry=ConfigurationEntry{term=1, timestamp=2018-06-03 09:32:06,589, members=[DefaultRaftMember{id=1, type=ACTIVE, updated=2018-06-03T19:32:04.989Z}, DefaultRaftMember{id=2, type=ACTIVE, updated=2018-06-03T19:32:06.589Z}]}}
21:32:06.680 [raft-server-2] INFO  i.a.p.raft.impl.DefaultRaftServer - RaftServer{2} - Server started successfully!
21:32:06.681 [raft-server-1] TRACE i.a.protocols.raft.roles.LeaderRole - RaftServer{1}{role=LEADER} - Received LeaveRequest{member=DefaultRaftMember{id=1, type=ACTIVE, updated=2018-06-03T19:32:04.989Z}}
21:32:06.681 [raft-server-1] TRACE i.a.protocols.raft.roles.LeaderRole - RaftServer{1}{role=LEADER} - Appended Indexed{index=4, entry=ConfigurationEntry{term=1, timestamp=2018-06-03 09:32:06,681, members=[DefaultRaftMember{id=2, type=ACTIVE, updated=2018-06-03T19:32:06.589Z}]}}
21:32:06.681 [raft-server-1] DEBUG i.a.p.raft.roles.LeaderAppender - RaftServer{1} - Configuring 2
21:32:06.681 [raft-server-1] TRACE i.a.p.raft.roles.LeaderAppender - RaftServer{1} - Sending ConfigureRequest{term=1, leader=1, index=4, timestamp=1528054326681, members=[DefaultRaftMember{id=2, type=ACTIVE, updated=2018-06-03T19:32:06.589Z}]} to 2
21:32:06.681 [raft-server-2] TRACE i.a.p.raft.roles.FollowerRole - RaftServer{2}{role=FOLLOWER} - Received ConfigureRequest{term=1, leader=1, index=4, timestamp=1528054326681, members=[DefaultRaftMember{id=2, type=ACTIVE, updated=2018-06-03T19:32:06.589Z}]}
21:32:06.681 [raft-server-2] TRACE i.a.p.raft.roles.FollowerRole - RaftServer{2}{role=FOLLOWER} - Sending ConfigureResponse{status=OK}
21:32:06.681 [raft-server-1] TRACE i.a.p.raft.roles.LeaderAppender - RaftServer{1} - Received ConfigureResponse{status=OK} from 2
21:32:06.681 [raft-server-1] TRACE i.a.p.raft.roles.LeaderAppender - RaftServer{1} - Sending AppendRequest{term=1, leader=1, prevLogIndex=3, prevLogTerm=1, entries=1, commitIndex=3} to 2
21:32:06.681 [raft-server-2] TRACE i.a.p.raft.roles.FollowerRole - RaftServer{2}{role=FOLLOWER} - Received AppendRequest{term=1, leader=1, prevLogIndex=3, prevLogTerm=1, entries=1, commitIndex=3}
21:32:06.682 [raft-server-2] TRACE i.a.p.raft.roles.FollowerRole - RaftServer{2}{role=FOLLOWER} - Appended Indexed{index=4, entry=ConfigurationEntry{term=1, timestamp=2018-06-03 09:32:06,681, members=[DefaultRaftMember{id=2, type=ACTIVE, updated=2018-06-03T19:32:06.589Z}]}}
21:32:06.713 [raft-server-2] TRACE i.a.p.raft.roles.FollowerRole - RaftServer{2}{role=FOLLOWER} - Committed entries up to index 3
21:32:06.713 [raft-server-2] TRACE i.a.p.raft.roles.FollowerRole - RaftServer{2}{role=FOLLOWER} - Sending AppendResponse{status=OK, term=1, succeeded=true, lastLogIndex=4}
21:32:06.714 [raft-server-1] TRACE i.a.p.raft.roles.LeaderAppender - RaftServer{1} - Received AppendResponse{status=OK, term=1, succeeded=true, lastLogIndex=4} from 2
21:32:06.714 [raft-server-1] TRACE i.a.p.raft.roles.LeaderAppender - RaftServer{1} - Committed entries up to 4
21:32:06.714 [raft-server-2-state] TRACE i.a.p.raft.impl.RaftServiceManager - RaftServer{2} - Applying Indexed{index=3, entry=ConfigurationEntry{term=1, timestamp=2018-06-03 09:32:06,589, members=[DefaultRaftMember{id=1, type=ACTIVE, updated=2018-06-03T19:32:04.989Z}, DefaultRaftMember{id=2, type=ACTIVE, updated=2018-06-03T19:32:06.589Z}]}}
21:32:06.747 [raft-server-1] TRACE i.a.p.raft.storage.system.MetaStore - Store configuration Configuration{index=4, time=2018-06-03 09:32:06,681, members=[DefaultRaftMember{id=2, type=ACTIVE, updated=2018-06-03T19:32:06.589Z}]}
21:32:06.770 [raft-server-1] TRACE i.a.protocols.raft.roles.LeaderRole - RaftServer{1}{role=LEADER} - Sending LeaveResponse{status=OK, index=4, term=1, timestamp=1528054326681, members=[DefaultRaftMember{id=2, type=ACTIVE, updated=2018-06-03T19:32:06.589Z}]}
21:32:06.771 [raft-server-1] TRACE i.a.p.r.c.impl.RaftClusterContext - RaftServer{1} - Cancelling leave timeout
21:32:06.771 [raft-server-1] TRACE i.a.p.raft.roles.LeaderAppender - RaftServer{1} - Sending AppendRequest{term=1, leader=1, prevLogIndex=4, prevLogTerm=1, entries=0, commitIndex=4} to 2
21:32:06.771 [raft-server-1] INFO  i.a.protocols.raft.impl.RaftContext - RaftServer{1} - Transitioning to INACTIVE
21:32:06.771 [raft-server-2] TRACE i.a.p.raft.roles.FollowerRole - RaftServer{2}{role=FOLLOWER} - Received AppendRequest{term=1, leader=1, prevLogIndex=4, prevLogTerm=1, entries=0, commitIndex=4}
21:32:06.771 [raft-server-1] TRACE i.a.protocols.raft.roles.LeaderRole - RaftServer{1}{role=LEADER} - Cancelling append timer
21:32:06.771 [raft-server-1] TRACE i.a.p.raft.storage.system.MetaStore - Store vote null
21:32:06.795 [raft-server-2] TRACE i.a.p.raft.storage.system.MetaStore - Store configuration Configuration{index=4, time=2018-06-03 09:32:06,681, members=[DefaultRaftMember{id=2, type=ACTIVE, updated=2018-06-03T19:32:06.589Z}]}
21:32:06.814 [raft-server-1-state] TRACE i.a.p.raft.impl.RaftServiceManager - RaftServer{1} - Applying Indexed{index=4, entry=ConfigurationEntry{term=1, timestamp=2018-06-03 09:32:06,681, members=[DefaultRaftMember{id=2, type=ACTIVE, updated=2018-06-03T19:32:06.589Z}]}}
21:32:06.814 [ForkJoinPool.commonPool-worker-4] DEBUG i.a.storage.journal.SegmentedJournal - Closing segment: JournalSegment{id=1, version=1, index=1, size=271}
21:32:06.838 [raft-server-2] TRACE i.a.p.raft.roles.FollowerRole - RaftServer{2}{role=FOLLOWER} - Committed entries up to index 4
21:32:06.838 [raft-server-2] TRACE i.a.p.raft.roles.FollowerRole - RaftServer{2}{role=FOLLOWER} - Sending AppendResponse{status=OK, term=1, succeeded=true, lastLogIndex=4}
21:32:06.839 [raft-server-2] TRACE i.a.p.r.c.impl.RaftClusterContext - RaftServer{2} - Single member cluster. Transitioning directly to inactive.
21:32:06.839 [raft-server-2] INFO  i.a.protocols.raft.impl.RaftContext - RaftServer{2} - Transitioning to INACTIVE
21:32:06.839 [raft-server-2] TRACE i.a.p.raft.roles.FollowerRole - RaftServer{2}{role=FOLLOWER} - Cancelling heartbeat timer
21:32:06.839 [ForkJoinPool.commonPool-worker-4] DEBUG i.a.storage.journal.SegmentedJournal - Closing segment: JournalSegment{id=1, version=1, index=1, size=271}
21:32:06.839 [raft-server-2-state] TRACE i.a.p.raft.impl.RaftServiceManager - RaftServer{2} - Applying Indexed{index=4, entry=ConfigurationEntry{term=1, timestamp=2018-06-03 09:32:06,681, members=[DefaultRaftMember{id=2, type=ACTIVE, updated=2018-06-03T19:32:06.589Z}]}}
21:32:06.839 [ForkJoinPool.commonPool-worker-4] DEBUG i.a.storage.journal.SegmentedJournal - Closing segment: JournalSegment{id=1, version=1, index=1, size=271}
</system-out>
  </testcase>
  <testcase name="testFiveNodeCloseEvent" classname="io.atomix.protocols.raft.RaftTest" time="3.152"/>
  <testcase name="testOneNodeSubmitQueryWithLinearizableConsistency" classname="io.atomix.protocols.raft.RaftTest" time="1.885"/>
  <testcase name="testThreeNodeSubmitQueryWithBoundedLinearizableConsistency" classname="io.atomix.protocols.raft.RaftTest" time="3.379"/>
  <testcase name="testLeaderLeave" classname="io.atomix.protocols.raft.RaftTest" time="2.223"/>
  <testcase name="testFiveNodesEventsAfterFollowerKill" classname="io.atomix.protocols.raft.RaftTest" time="5.153"/>
  <testcase name="testThreeNodesEventsAfterFollowerKill" classname="io.atomix.protocols.raft.RaftTest" time="3.847"/>
  <testcase name="testFiveNodeEvents" classname="io.atomix.protocols.raft.RaftTest" time="3.548"/>
</testsuite>