<?xml version="1.0" encoding="UTF-8"?>
<testsuite name="io.atomix.protocols.raft.RaftTest" time="402.313" tests="65" errors="2" skipped="1" failures="1">
  <properties>
    <property name="java.runtime.name" value="OpenJDK Runtime Environment"/>
    <property name="sun.boot.library.path" value="/usr/lib/jvm/java-8-openjdk-amd64/jre/lib/amd64"/>
    <property name="java.vm.version" value="25.121-b13"/>
    <property name="java.vm.vendor" value="Oracle Corporation"/>
    <property name="maven.multiModuleProjectDirectory" value="/root/workspace/atomix/atomix/389977572"/>
    <property name="java.vendor.url" value="http://java.oracle.com/"/>
    <property name="path.separator" value=":"/>
    <property name="guice.disable.misplaced.annotation.check" value="true"/>
    <property name="skip.gulp" value="true"/>
    <property name="java.vm.name" value="OpenJDK 64-Bit Server VM"/>
    <property name="file.encoding.pkg" value="sun.io"/>
    <property name="sun.java.launcher" value="SUN_STANDARD"/>
    <property name="sun.os.patch.level" value="unknown"/>
    <property name="findbugs.skip" value="true"/>
    <property name="java.vm.specification.name" value="Java Virtual Machine Specification"/>
    <property name="user.dir" value="/root/workspace/atomix/atomix/389977572"/>
    <property name="checkstyle.skip" value="true"/>
    <property name="java.runtime.version" value="1.8.0_121-8u121-b13-1~bpo8+1-b13"/>
    <property name="java.awt.graphicsenv" value="sun.awt.X11GraphicsEnvironment"/>
    <property name="skip.npm" value="true"/>
    <property name="java.endorsed.dirs" value="/usr/lib/jvm/java-8-openjdk-amd64/jre/lib/endorsed"/>
    <property name="os.arch" value="amd64"/>
    <property name="java.io.tmpdir" value="/tmp"/>
    <property name="gpg.skip" value="true"/>
    <property name="line.separator" value="&#10;"/>
    <property name="java.vm.specification.vendor" value="Oracle Corporation"/>
    <property name="cobertura.skip" value="true"/>
    <property name="os.name" value="Linux"/>
    <property name="classworlds.conf" value="/usr/share/maven/bin/m2.conf"/>
    <property name="sun.jnu.encoding" value="UTF-8"/>
    <property name="java.library.path" value="/usr/java/packages/lib/amd64:/usr/lib/x86_64-linux-gnu/jni:/lib/x86_64-linux-gnu:/usr/lib/x86_64-linux-gnu:/usr/lib/jni:/lib:/usr/lib"/>
    <property name="license.skip" value="true"/>
    <property name="java.specification.name" value="Java Platform API Specification"/>
    <property name="java.class.version" value="52.0"/>
    <property name="sun.management.compiler" value="HotSpot 64-Bit Tiered Compilers"/>
    <property name="skip.bower" value="true"/>
    <property name="maven.repo.local" value="/root/./workspace/atomix/atomix/389977572/.m2"/>
    <property name="os.version" value="3.10.0-862.3.2.el7.x86_64"/>
    <property name="user.home" value="/root"/>
    <property name="user.timezone" value="Europe/Paris"/>
    <property name="java.awt.printerjob" value="sun.print.PSPrinterJob"/>
    <property name="java.specification.version" value="1.8"/>
    <property name="file.encoding" value="UTF-8"/>
    <property name="user.name" value="root"/>
    <property name="java.class.path" value="/usr/share/maven/boot/plexus-classworlds-2.5.2.jar"/>
    <property name="skipITs" value="true"/>
    <property name="java.vm.specification.version" value="1.8"/>
    <property name="sun.arch.data.model" value="64"/>
    <property name="java.home" value="/usr/lib/jvm/java-8-openjdk-amd64/jre"/>
    <property name="sun.java.command" value="org.codehaus.plexus.classworlds.launcher.Launcher -B -D enforcer.skip=true -D dependency-check.skip=true -D skipITs=true -D cobertura.skip=true -D maven.repo.local=/root/./workspace/atomix/atomix/389977572/.m2 -D rat.skip=true -D findbugs.skip=true -D skip.bower=true -D gpg.skip=true -D checkstyle.skip=true -D skip.gulp=true -D license.skip=true -D skip.npm=true test"/>
    <property name="java.specification.vendor" value="Oracle Corporation"/>
    <property name="user.language" value="en"/>
    <property name="awt.toolkit" value="sun.awt.X11.XToolkit"/>
    <property name="dependency-check.skip" value="true"/>
    <property name="java.vm.info" value="mixed mode"/>
    <property name="java.version" value="1.8.0_121"/>
    <property name="java.ext.dirs" value="/usr/lib/jvm/java-8-openjdk-amd64/jre/lib/ext:/usr/java/packages/lib/ext"/>
    <property name="securerandom.source" value="file:/dev/./urandom"/>
    <property name="sun.boot.class.path" value="/usr/lib/jvm/java-8-openjdk-amd64/jre/lib/resources.jar:/usr/lib/jvm/java-8-openjdk-amd64/jre/lib/rt.jar:/usr/lib/jvm/java-8-openjdk-amd64/jre/lib/sunrsasign.jar:/usr/lib/jvm/java-8-openjdk-amd64/jre/lib/jsse.jar:/usr/lib/jvm/java-8-openjdk-amd64/jre/lib/jce.jar:/usr/lib/jvm/java-8-openjdk-amd64/jre/lib/charsets.jar:/usr/lib/jvm/java-8-openjdk-amd64/jre/lib/jfr.jar:/usr/lib/jvm/java-8-openjdk-amd64/jre/classes"/>
    <property name="java.vendor" value="Oracle Corporation"/>
    <property name="enforcer.skip" value="true"/>
    <property name="rat.skip" value="true"/>
    <property name="maven.home" value="/usr/share/maven"/>
    <property name="file.separator" value="/"/>
    <property name="java.vendor.url.bug" value="http://bugreport.sun.com/bugreport/"/>
    <property name="sun.cpu.endian" value="little"/>
    <property name="sun.io.unicode.encoding" value="UnicodeLittle"/>
    <property name="sun.cpu.isalist" value=""/>
  </properties>
  <testcase name="testFourNodeSequentialEvent" classname="io.atomix.protocols.raft.RaftTest" time="3.886"/>
  <testcase name="testCrashRecover" classname="io.atomix.protocols.raft.RaftTest" time="55.708"/>
  <testcase name="testSequenceBoundedLinearizableOperations" classname="io.atomix.protocols.raft.RaftTest" time="4.247"/>
  <testcase name="testThreeOfFourNodeSubmitCommand" classname="io.atomix.protocols.raft.RaftTest" time="3.031"/>
  <testcase name="testFourNodeSubmitQueryWithLinearizableConsistency" classname="io.atomix.protocols.raft.RaftTest" time="3.489"/>
  <testcase name="testOneNodeEvents" classname="io.atomix.protocols.raft.RaftTest" time="1.897"/>
  <testcase name="testThreeNodesManyEventsAfterLeaderShutdown" classname="io.atomix.protocols.raft.RaftTest" time="6.263"/>
  <testcase name="testClientKeepAlive" classname="io.atomix.protocols.raft.RaftTest" time="12.551"/>
  <testcase name="testFiveNodeManySessionsManyEvents" classname="io.atomix.protocols.raft.RaftTest" time="5.93"/>
  <testcase name="testFourNodeEvents" classname="io.atomix.protocols.raft.RaftTest" time="4.654"/>
  <testcase name="testPassiveJoinEvent" classname="io.atomix.protocols.raft.RaftTest" time="4.351"/>
  <testcase name="testSessionMetadata" classname="io.atomix.protocols.raft.RaftTest" time="3.44"/>
  <testcase name="testFiveNodeSequentialEvent" classname="io.atomix.protocols.raft.RaftTest" time="4.297"/>
  <testcase name="testServerLeave" classname="io.atomix.protocols.raft.RaftTest" time="4.298"/>
  <testcase name="testOneNodeSubmitQueryWithSequentialConsistency" classname="io.atomix.protocols.raft.RaftTest" time="2.493"/>
  <testcase name="testFourNodeSubmitQueryWithSequentialConsistency" classname="io.atomix.protocols.raft.RaftTest" time="5.304"/>
  <testcase name="testBlockOnEvent" classname="io.atomix.protocols.raft.RaftTest" time="8.223">
    <failure type="java.lang.AssertionError:">java.lang.AssertionError: null
	at java.util.concurrent.CompletableFuture.timedGet(CompletableFuture.java:1771)
	at java.util.concurrent.CompletableFuture.get(CompletableFuture.java:1915)
	at io.atomix.protocols.raft.RaftTest.lambda$testBlockOnEvent$16(RaftTest.java:860)
</failure>
    <system-out><![CDATA[02:47:10.882 [main] DEBUG i.a.storage.journal.SegmentedJournal - Created disk segment: JournalSegment{id=1, version=1, index=1, size=64}
02:47:10.882 [main] TRACE i.a.p.raft.storage.system.MetaStore - Store configuration Configuration{index=0, time=2018-06-09 02:47:10,882, members=[DefaultRaftMember{id=1, type=ACTIVE, updated=2018-06-09T00:47:10.882Z}, DefaultRaftMember{id=3, type=ACTIVE, updated=2018-06-09T00:47:10.882Z}, DefaultRaftMember{id=2, type=ACTIVE, updated=2018-06-09T00:47:10.882Z}]}
02:47:10.948 [raft-server-1] INFO  i.a.protocols.raft.impl.RaftContext - RaftServer{1} - Transitioning to FOLLOWER
02:47:10.948 [raft-server-1] DEBUG i.a.p.r.c.impl.RaftClusterContext - RaftServer{1} - Attempting to join via 3
02:47:10.948 [raft-server-1] TRACE i.a.p.r.c.impl.RaftClusterContext - RaftServer{1} - Cancelling join timeout
02:47:10.948 [raft-server-1] DEBUG i.a.p.r.c.impl.RaftClusterContext - RaftServer{1} - Failed to join 3
02:47:10.949 [raft-server-1] DEBUG i.a.p.r.c.impl.RaftClusterContext - RaftServer{1} - Attempting to join via 2
02:47:10.949 [raft-server-1] TRACE i.a.p.r.c.impl.RaftClusterContext - RaftServer{1} - Cancelling join timeout
02:47:10.949 [raft-server-1] DEBUG i.a.p.r.c.impl.RaftClusterContext - RaftServer{1} - Failed to join 2
02:47:10.949 [raft-server-1] DEBUG i.a.p.r.c.impl.RaftClusterContext - RaftServer{1} - Failed to join cluster, retrying...
02:47:11.206 [main] DEBUG i.a.storage.journal.SegmentedJournal - Created disk segment: JournalSegment{id=1, version=1, index=1, size=64}
02:47:11.207 [main] TRACE i.a.p.raft.storage.system.MetaStore - Store configuration Configuration{index=0, time=2018-06-09 02:47:11,207, members=[DefaultRaftMember{id=1, type=ACTIVE, updated=2018-06-09T00:47:11.207Z}, DefaultRaftMember{id=3, type=ACTIVE, updated=2018-06-09T00:47:11.207Z}, DefaultRaftMember{id=2, type=ACTIVE, updated=2018-06-09T00:47:11.207Z}]}
02:47:11.294 [raft-server-2] INFO  i.a.protocols.raft.impl.RaftContext - RaftServer{2} - Transitioning to FOLLOWER
02:47:11.295 [raft-server-2] DEBUG i.a.p.r.c.impl.RaftClusterContext - RaftServer{2} - Attempting to join via 1
02:47:11.295 [raft-server-1] TRACE i.a.p.raft.roles.FollowerRole - RaftServer{1}{role=FOLLOWER} - Received JoinRequest{member=DefaultRaftMember{id=2, type=ACTIVE, updated=2018-06-09T00:47:11.207Z}}
02:47:11.295 [raft-server-1] TRACE i.a.p.raft.roles.FollowerRole - RaftServer{1}{role=FOLLOWER} - Sending JoinResponse{status=ERROR, error=RaftError{type=NO_LEADER, message=null}}
02:47:11.295 [raft-server-2] TRACE i.a.p.r.c.impl.RaftClusterContext - RaftServer{2} - Cancelling join timeout
02:47:11.295 [raft-server-2] DEBUG i.a.p.r.c.impl.RaftClusterContext - RaftServer{2} - Failed to join 1
02:47:11.295 [raft-server-2] DEBUG i.a.p.r.c.impl.RaftClusterContext - RaftServer{2} - Attempting to join via 3
02:47:11.295 [raft-server-2] TRACE i.a.p.r.c.impl.RaftClusterContext - RaftServer{2} - Cancelling join timeout
02:47:11.295 [raft-server-2] DEBUG i.a.p.r.c.impl.RaftClusterContext - RaftServer{2} - Failed to join 3
02:47:11.295 [raft-server-2] DEBUG i.a.p.r.c.impl.RaftClusterContext - RaftServer{2} - Failed to join cluster, retrying...
02:47:11.706 [main] DEBUG i.a.storage.journal.SegmentedJournal - Created disk segment: JournalSegment{id=1, version=1, index=1, size=64}
02:47:11.707 [main] TRACE i.a.p.raft.storage.system.MetaStore - Store configuration Configuration{index=0, time=2018-06-09 02:47:11,707, members=[DefaultRaftMember{id=1, type=ACTIVE, updated=2018-06-09T00:47:11.707Z}, DefaultRaftMember{id=3, type=ACTIVE, updated=2018-06-09T00:47:11.707Z}, DefaultRaftMember{id=2, type=ACTIVE, updated=2018-06-09T00:47:11.707Z}]}
02:47:11.790 [raft-server-3] INFO  i.a.protocols.raft.impl.RaftContext - RaftServer{3} - Transitioning to FOLLOWER
02:47:11.791 [raft-server-3] DEBUG i.a.p.r.c.impl.RaftClusterContext - RaftServer{3} - Attempting to join via 1
02:47:11.791 [raft-server-1] TRACE i.a.p.raft.roles.FollowerRole - RaftServer{1}{role=FOLLOWER} - Received JoinRequest{member=DefaultRaftMember{id=3, type=ACTIVE, updated=2018-06-09T00:47:11.707Z}}
02:47:11.791 [raft-server-1] TRACE i.a.p.raft.roles.FollowerRole - RaftServer{1}{role=FOLLOWER} - Sending JoinResponse{status=ERROR, error=RaftError{type=NO_LEADER, message=null}}
02:47:11.791 [raft-server-3] TRACE i.a.p.r.c.impl.RaftClusterContext - RaftServer{3} - Cancelling join timeout
02:47:11.792 [raft-server-3] DEBUG i.a.p.r.c.impl.RaftClusterContext - RaftServer{3} - Failed to join 1
02:47:11.792 [raft-server-3] DEBUG i.a.p.r.c.impl.RaftClusterContext - RaftServer{3} - Attempting to join via 2
02:47:11.792 [raft-server-2] TRACE i.a.p.raft.roles.FollowerRole - RaftServer{2}{role=FOLLOWER} - Received JoinRequest{member=DefaultRaftMember{id=3, type=ACTIVE, updated=2018-06-09T00:47:11.707Z}}
02:47:11.792 [raft-server-2] TRACE i.a.p.raft.roles.FollowerRole - RaftServer{2}{role=FOLLOWER} - Sending JoinResponse{status=ERROR, error=RaftError{type=NO_LEADER, message=null}}
02:47:11.792 [raft-server-3] TRACE i.a.p.r.c.impl.RaftClusterContext - RaftServer{3} - Cancelling join timeout
02:47:11.792 [raft-server-3] DEBUG i.a.p.r.c.impl.RaftClusterContext - RaftServer{3} - Failed to join 2
02:47:11.792 [raft-server-3] DEBUG i.a.p.r.c.impl.RaftClusterContext - RaftServer{3} - Failed to join cluster, retrying...
02:47:11.806 [raft-server-1] DEBUG i.a.p.raft.roles.FollowerRole - RaftServer{1}{role=FOLLOWER} - Heartbeat timed out in PT0.856S
02:47:11.806 [raft-server-1] DEBUG i.a.p.raft.roles.FollowerRole - RaftServer{1}{role=FOLLOWER} - Polling members [DefaultRaftMember{id=3, type=ACTIVE, updated=2018-06-09T00:47:10.882Z}, DefaultRaftMember{id=2, type=ACTIVE, updated=2018-06-09T00:47:10.882Z}]
02:47:11.806 [raft-server-1] DEBUG i.a.p.raft.roles.FollowerRole - RaftServer{1}{role=FOLLOWER} - Polling DefaultRaftMember{id=3, type=ACTIVE, updated=2018-06-09T00:47:10.882Z} for next term 1
02:47:11.806 [raft-server-1] DEBUG i.a.p.raft.roles.FollowerRole - RaftServer{1}{role=FOLLOWER} - Polling DefaultRaftMember{id=2, type=ACTIVE, updated=2018-06-09T00:47:10.882Z} for next term 1
02:47:11.806 [raft-server-3] TRACE i.a.p.raft.roles.FollowerRole - RaftServer{3}{role=FOLLOWER} - Received PollRequest{term=0, candidate=1, lastLogIndex=0, lastLogTerm=0}
02:47:11.806 [raft-server-3] DEBUG i.a.p.raft.roles.FollowerRole - RaftServer{3}{role=FOLLOWER} - Accepted PollRequest{term=0, candidate=1, lastLogIndex=0, lastLogTerm=0}: candidate's log is up-to-date
02:47:11.806 [raft-server-3] TRACE i.a.p.raft.roles.FollowerRole - RaftServer{3}{role=FOLLOWER} - Sending PollResponse{status=OK, term=0, accepted=true}
02:47:11.806 [raft-server-1] DEBUG i.a.p.raft.roles.FollowerRole - RaftServer{1}{role=FOLLOWER} - Received accepted poll from DefaultRaftMember{id=3, type=ACTIVE, updated=2018-06-09T00:47:10.882Z}
02:47:11.806 [raft-server-2] TRACE i.a.p.raft.roles.FollowerRole - RaftServer{2}{role=FOLLOWER} - Received PollRequest{term=0, candidate=1, lastLogIndex=0, lastLogTerm=0}
02:47:11.806 [raft-server-1] INFO  i.a.protocols.raft.impl.RaftContext - RaftServer{1} - Transitioning to CANDIDATE
02:47:11.806 [raft-server-2] DEBUG i.a.p.raft.roles.FollowerRole - RaftServer{2}{role=FOLLOWER} - Accepted PollRequest{term=0, candidate=1, lastLogIndex=0, lastLogTerm=0}: candidate's log is up-to-date
02:47:11.806 [raft-server-2] TRACE i.a.p.raft.roles.FollowerRole - RaftServer{2}{role=FOLLOWER} - Sending PollResponse{status=OK, term=0, accepted=true}
02:47:11.806 [raft-server-1] TRACE i.a.p.raft.roles.FollowerRole - RaftServer{1}{role=FOLLOWER} - Cancelling heartbeat timer
02:47:11.806 [raft-server-1] INFO  i.a.p.raft.roles.CandidateRole - RaftServer{1}{role=CANDIDATE} - Starting election
02:47:11.807 [raft-server-1] TRACE i.a.p.raft.storage.system.MetaStore - Store term 1
02:47:11.839 [raft-server-1] TRACE i.a.p.raft.storage.system.MetaStore - Store vote null
02:47:11.906 [raft-server-1] DEBUG i.a.protocols.raft.impl.RaftContext - RaftServer{1} - Set term 1
02:47:11.906 [raft-server-1] TRACE i.a.p.raft.storage.system.MetaStore - Store vote 1
02:47:11.936 [raft-server-1] DEBUG i.a.protocols.raft.impl.RaftContext - RaftServer{1} - Voted for 1
02:47:11.936 [raft-server-1] DEBUG i.a.p.raft.roles.CandidateRole - RaftServer{1}{role=CANDIDATE} - Requesting votes for term 1
02:47:11.936 [raft-server-1] DEBUG i.a.p.raft.roles.CandidateRole - RaftServer{1}{role=CANDIDATE} - Requesting vote from DefaultRaftMember{id=3, type=ACTIVE, updated=2018-06-09T00:47:10.882Z} for term 1
02:47:11.936 [raft-server-1] DEBUG i.a.p.raft.roles.CandidateRole - RaftServer{1}{role=CANDIDATE} - Requesting vote from DefaultRaftMember{id=2, type=ACTIVE, updated=2018-06-09T00:47:10.882Z} for term 1
02:47:11.936 [raft-server-3] TRACE i.a.p.raft.roles.FollowerRole - RaftServer{3}{role=FOLLOWER} - Received VoteRequest{term=1, candidate=1, lastLogIndex=0, lastLogTerm=0}
02:47:11.936 [raft-server-2] TRACE i.a.p.raft.roles.FollowerRole - RaftServer{2}{role=FOLLOWER} - Received VoteRequest{term=1, candidate=1, lastLogIndex=0, lastLogTerm=0}
02:47:11.937 [raft-server-3] TRACE i.a.p.raft.storage.system.MetaStore - Store term 1
02:47:11.937 [raft-server-2] TRACE i.a.p.raft.storage.system.MetaStore - Store term 1
02:47:11.985 [raft-server-3] TRACE i.a.p.raft.storage.system.MetaStore - Store vote null
02:47:12.044 [raft-server-2] TRACE i.a.p.raft.storage.system.MetaStore - Store vote null
02:47:12.098 [raft-server-3] DEBUG i.a.protocols.raft.impl.RaftContext - RaftServer{3} - Set term 1
02:47:12.098 [raft-server-3] DEBUG i.a.p.raft.roles.FollowerRole - RaftServer{3}{role=FOLLOWER} - Accepted VoteRequest{term=1, candidate=1, lastLogIndex=0, lastLogTerm=0}: candidate's log is up-to-date
02:47:12.098 [raft-server-3] TRACE i.a.p.raft.storage.system.MetaStore - Store vote 1
02:47:12.133 [raft-server-2] DEBUG i.a.protocols.raft.impl.RaftContext - RaftServer{2} - Set term 1
02:47:12.133 [raft-server-2] DEBUG i.a.p.raft.roles.FollowerRole - RaftServer{2}{role=FOLLOWER} - Accepted VoteRequest{term=1, candidate=1, lastLogIndex=0, lastLogTerm=0}: candidate's log is up-to-date
02:47:12.133 [raft-server-2] TRACE i.a.p.raft.storage.system.MetaStore - Store vote 1
02:47:12.194 [raft-server-3] DEBUG i.a.protocols.raft.impl.RaftContext - RaftServer{3} - Voted for 1
02:47:12.194 [raft-server-3] TRACE i.a.p.raft.roles.FollowerRole - RaftServer{3}{role=FOLLOWER} - Sending VoteResponse{status=OK, term=1, voted=true}
02:47:12.195 [raft-server-1] DEBUG i.a.p.raft.roles.CandidateRole - RaftServer{1}{role=CANDIDATE} - Received successful vote from DefaultRaftMember{id=3, type=ACTIVE, updated=2018-06-09T00:47:10.882Z}
02:47:12.195 [raft-server-1] INFO  i.a.protocols.raft.impl.RaftContext - RaftServer{1} - Transitioning to LEADER
02:47:12.195 [raft-server-1] DEBUG i.a.p.raft.roles.CandidateRole - RaftServer{1}{role=CANDIDATE} - Cancelling election
02:47:12.195 [raft-server-1] INFO  i.a.protocols.raft.impl.RaftContext - RaftServer{1} - Found leader 1
02:47:12.195 [raft-server-1] TRACE i.a.p.raft.storage.system.MetaStore - Store vote null
02:47:12.253 [raft-server-2] DEBUG i.a.protocols.raft.impl.RaftContext - RaftServer{2} - Voted for 1
02:47:12.253 [raft-server-2] TRACE i.a.p.raft.roles.FollowerRole - RaftServer{2}{role=FOLLOWER} - Sending VoteResponse{status=OK, term=1, voted=true}
02:47:12.282 [raft-server-1] TRACE i.a.protocols.raft.roles.LeaderRole - RaftServer{1}{role=LEADER} - Appended Indexed{index=1, entry=InitializeEntry{term=1, timestamp=2018-06-09 02:47:12,195}}
02:47:12.282 [raft-server-1] DEBUG i.a.p.raft.roles.LeaderAppender - RaftServer{1} - Configuring 3
02:47:12.282 [raft-server-1] TRACE i.a.p.raft.roles.LeaderAppender - RaftServer{1} - Sending ConfigureRequest{term=1, leader=1, index=0, timestamp=1528505230882, members=[DefaultRaftMember{id=1, type=ACTIVE, updated=2018-06-09T00:47:10.882Z}, DefaultRaftMember{id=3, type=ACTIVE, updated=2018-06-09T00:47:10.882Z}, DefaultRaftMember{id=2, type=ACTIVE, updated=2018-06-09T00:47:10.882Z}]} to 3
02:47:12.282 [raft-server-1] DEBUG i.a.p.raft.roles.LeaderAppender - RaftServer{1} - Configuring 2
02:47:12.282 [raft-server-3] TRACE i.a.p.raft.roles.FollowerRole - RaftServer{3}{role=FOLLOWER} - Received ConfigureRequest{term=1, leader=1, index=0, timestamp=1528505230882, members=[DefaultRaftMember{id=1, type=ACTIVE, updated=2018-06-09T00:47:10.882Z}, DefaultRaftMember{id=3, type=ACTIVE, updated=2018-06-09T00:47:10.882Z}, DefaultRaftMember{id=2, type=ACTIVE, updated=2018-06-09T00:47:10.882Z}]}
02:47:12.282 [raft-server-1] TRACE i.a.p.raft.roles.LeaderAppender - RaftServer{1} - Sending ConfigureRequest{term=1, leader=1, index=0, timestamp=1528505230882, members=[DefaultRaftMember{id=1, type=ACTIVE, updated=2018-06-09T00:47:10.882Z}, DefaultRaftMember{id=3, type=ACTIVE, updated=2018-06-09T00:47:10.882Z}, DefaultRaftMember{id=2, type=ACTIVE, updated=2018-06-09T00:47:10.882Z}]} to 2
02:47:12.282 [raft-server-3] INFO  i.a.protocols.raft.impl.RaftContext - RaftServer{3} - Found leader 1
02:47:12.282 [raft-server-2] TRACE i.a.p.raft.roles.FollowerRole - RaftServer{2}{role=FOLLOWER} - Received ConfigureRequest{term=1, leader=1, index=0, timestamp=1528505230882, members=[DefaultRaftMember{id=1, type=ACTIVE, updated=2018-06-09T00:47:10.882Z}, DefaultRaftMember{id=3, type=ACTIVE, updated=2018-06-09T00:47:10.882Z}, DefaultRaftMember{id=2, type=ACTIVE, updated=2018-06-09T00:47:10.882Z}]}
02:47:12.282 [raft-server-3] TRACE i.a.p.raft.storage.system.MetaStore - Store vote null
02:47:12.282 [raft-server-1] TRACE i.a.protocols.raft.roles.LeaderRole - RaftServer{1}{role=LEADER} - Starting append timer
02:47:12.282 [raft-server-2] INFO  i.a.protocols.raft.impl.RaftContext - RaftServer{2} - Found leader 1
02:47:12.283 [raft-server-2] TRACE i.a.p.raft.storage.system.MetaStore - Store vote null
02:47:12.283 [raft-server-1] TRACE i.a.p.raft.roles.LeaderAppender - RaftServer{1} - Sending AppendRequest{term=1, leader=1, prevLogIndex=0, prevLogTerm=0, entries=0, commitIndex=0} to 3
02:47:12.283 [raft-server-1] TRACE i.a.p.raft.roles.LeaderAppender - RaftServer{1} - Sending AppendRequest{term=1, leader=1, prevLogIndex=0, prevLogTerm=0, entries=0, commitIndex=0} to 2
02:47:12.351 [raft-server-3] TRACE i.a.p.raft.roles.FollowerRole - RaftServer{3}{role=FOLLOWER} - Sending ConfigureResponse{status=OK}
02:47:12.351 [raft-server-3] TRACE i.a.p.raft.roles.FollowerRole - RaftServer{3}{role=FOLLOWER} - Received AppendRequest{term=1, leader=1, prevLogIndex=0, prevLogTerm=0, entries=0, commitIndex=0}
02:47:12.351 [raft-server-1] TRACE i.a.p.raft.roles.LeaderAppender - RaftServer{1} - Received ConfigureResponse{status=OK} from 3
02:47:12.351 [raft-server-3] TRACE i.a.p.raft.roles.FollowerRole - RaftServer{3}{role=FOLLOWER} - Sending AppendResponse{status=OK, term=1, succeeded=true, lastLogIndex=0}
02:47:12.351 [raft-server-1] TRACE i.a.p.raft.roles.LeaderAppender - RaftServer{1} - Received AppendResponse{status=OK, term=1, succeeded=true, lastLogIndex=0} from 3
02:47:12.351 [raft-server-1] TRACE i.a.p.raft.roles.LeaderAppender - RaftServer{1} - Sending AppendRequest{term=1, leader=1, prevLogIndex=0, prevLogTerm=0, entries=1, commitIndex=0} to 3
02:47:12.351 [raft-server-3] TRACE i.a.p.raft.roles.FollowerRole - RaftServer{3}{role=FOLLOWER} - Received AppendRequest{term=1, leader=1, prevLogIndex=0, prevLogTerm=0, entries=1, commitIndex=0}
02:47:12.351 [raft-server-3] DEBUG i.a.p.raft.roles.FollowerRole - RaftServer{3}{role=FOLLOWER} - Reset first index to 1
02:47:12.351 [raft-server-3] TRACE i.a.p.raft.roles.FollowerRole - RaftServer{3}{role=FOLLOWER} - Appended Indexed{index=1, entry=InitializeEntry{term=1, timestamp=2018-06-09 02:47:12,195}}
02:47:12.351 [raft-server-3] TRACE i.a.p.raft.roles.FollowerRole - RaftServer{3}{role=FOLLOWER} - Sending AppendResponse{status=OK, term=1, succeeded=true, lastLogIndex=1}
02:47:12.351 [raft-server-1] TRACE i.a.p.raft.roles.LeaderAppender - RaftServer{1} - Received AppendResponse{status=OK, term=1, succeeded=true, lastLogIndex=1} from 3
02:47:12.351 [raft-server-1] TRACE i.a.p.raft.roles.LeaderAppender - RaftServer{1} - Committed entries up to 1
02:47:12.432 [raft-server-2] TRACE i.a.p.raft.roles.FollowerRole - RaftServer{2}{role=FOLLOWER} - Sending ConfigureResponse{status=OK}
02:47:12.433 [raft-server-2] TRACE i.a.p.raft.roles.FollowerRole - RaftServer{2}{role=FOLLOWER} - Received AppendRequest{term=1, leader=1, prevLogIndex=0, prevLogTerm=0, entries=0, commitIndex=0}
02:47:12.433 [raft-server-2] TRACE i.a.p.raft.roles.FollowerRole - RaftServer{2}{role=FOLLOWER} - Sending AppendResponse{status=OK, term=1, succeeded=true, lastLogIndex=0}
02:47:12.464 [raft-server-1] TRACE i.a.p.raft.roles.LeaderAppender - RaftServer{1} - Received ConfigureResponse{status=OK} from 2
02:47:12.465 [raft-server-1] TRACE i.a.p.raft.roles.LeaderAppender - RaftServer{1} - Received AppendResponse{status=OK, term=1, succeeded=true, lastLogIndex=0} from 2
02:47:12.465 [raft-server-1] TRACE i.a.p.raft.roles.LeaderAppender - RaftServer{1} - Sending AppendRequest{term=1, leader=1, prevLogIndex=0, prevLogTerm=0, entries=1, commitIndex=1} to 2
02:47:12.465 [raft-server-2] TRACE i.a.p.raft.roles.FollowerRole - RaftServer{2}{role=FOLLOWER} - Received AppendRequest{term=1, leader=1, prevLogIndex=0, prevLogTerm=0, entries=1, commitIndex=1}
02:47:12.465 [raft-server-1] TRACE i.a.p.r.c.impl.RaftClusterContext - RaftServer{1} - Cancelling join timeout
02:47:12.465 [raft-server-2] DEBUG i.a.p.raft.roles.FollowerRole - RaftServer{2}{role=FOLLOWER} - Reset first index to 1
02:47:12.465 [raft-server-1] DEBUG i.a.p.r.c.impl.RaftClusterContext - RaftServer{1} - Attempting to join via 3
02:47:12.465 [raft-server-3] TRACE i.a.p.raft.roles.FollowerRole - RaftServer{3}{role=FOLLOWER} - Received JoinRequest{member=DefaultRaftMember{id=1, type=ACTIVE, updated=2018-06-09T00:47:10.882Z}}
02:47:12.465 [raft-server-2] TRACE i.a.p.raft.roles.FollowerRole - RaftServer{2}{role=FOLLOWER} - Appended Indexed{index=1, entry=InitializeEntry{term=1, timestamp=2018-06-09 02:47:12,195}}
02:47:12.465 [raft-server-1-state] TRACE i.a.p.raft.impl.RaftServiceManager - RaftServer{1} - Applying Indexed{index=1, entry=InitializeEntry{term=1, timestamp=2018-06-09 02:47:12,195}}
02:47:12.465 [raft-server-1] TRACE i.a.protocols.raft.roles.LeaderRole - RaftServer{1}{role=LEADER} - Received JoinRequest{member=DefaultRaftMember{id=1, type=ACTIVE, updated=2018-06-09T00:47:10.882Z}}
02:47:12.465 [raft-server-1] TRACE i.a.protocols.raft.roles.LeaderRole - RaftServer{1}{role=LEADER} - Sending JoinResponse{status=OK, index=0, term=0, timestamp=1528505230882, members=[DefaultRaftMember{id=1, type=ACTIVE, updated=2018-06-09T00:47:10.882Z}, DefaultRaftMember{id=3, type=ACTIVE, updated=2018-06-09T00:47:10.882Z}, DefaultRaftMember{id=2, type=ACTIVE, updated=2018-06-09T00:47:10.882Z}]}
02:47:12.465 [raft-server-3] TRACE i.a.p.raft.roles.FollowerRole - RaftServer{3}{role=FOLLOWER} - Sending JoinResponse{status=OK, index=0, term=0, timestamp=1528505230882, members=[DefaultRaftMember{id=1, type=ACTIVE, updated=2018-06-09T00:47:10.882Z}, DefaultRaftMember{id=3, type=ACTIVE, updated=2018-06-09T00:47:10.882Z}, DefaultRaftMember{id=2, type=ACTIVE, updated=2018-06-09T00:47:10.882Z}]}
02:47:12.465 [raft-server-1] TRACE i.a.p.r.c.impl.RaftClusterContext - RaftServer{1} - Cancelling join timeout
02:47:12.465 [raft-server-1] INFO  i.a.p.r.c.impl.RaftClusterContext - RaftServer{1} - Successfully joined via 3
02:47:12.466 [raft-server-1] INFO  i.a.p.raft.impl.DefaultRaftServer - RaftServer{1} - Server started successfully!
02:47:12.533 [raft-server-1] TRACE i.a.p.raft.roles.LeaderAppender - RaftServer{1} - Sending AppendRequest{term=1, leader=1, prevLogIndex=1, prevLogTerm=1, entries=0, commitIndex=1} to 3
02:47:12.533 [raft-server-3] TRACE i.a.p.raft.roles.FollowerRole - RaftServer{3}{role=FOLLOWER} - Received AppendRequest{term=1, leader=1, prevLogIndex=1, prevLogTerm=1, entries=0, commitIndex=1}
02:47:12.535 [raft-server-2] TRACE i.a.p.raft.roles.FollowerRole - RaftServer{2}{role=FOLLOWER} - Committed entries up to index 1
02:47:12.535 [raft-server-2] TRACE i.a.p.raft.roles.FollowerRole - RaftServer{2}{role=FOLLOWER} - Sending AppendResponse{status=OK, term=1, succeeded=true, lastLogIndex=1}
02:47:12.535 [raft-server-1] TRACE i.a.p.raft.roles.LeaderAppender - RaftServer{1} - Received AppendResponse{status=OK, term=1, succeeded=true, lastLogIndex=1} from 2
02:47:12.535 [raft-server-2-state] TRACE i.a.p.raft.impl.RaftServiceManager - RaftServer{2} - Applying Indexed{index=1, entry=InitializeEntry{term=1, timestamp=2018-06-09 02:47:12,195}}
02:47:12.535 [raft-server-1] TRACE i.a.p.raft.roles.LeaderAppender - RaftServer{1} - Sending AppendRequest{term=1, leader=1, prevLogIndex=1, prevLogTerm=1, entries=0, commitIndex=1} to 2
02:47:12.535 [raft-server-2] TRACE i.a.p.raft.roles.FollowerRole - RaftServer{2}{role=FOLLOWER} - Received AppendRequest{term=1, leader=1, prevLogIndex=1, prevLogTerm=1, entries=0, commitIndex=1}
02:47:12.535 [raft-server-2] TRACE i.a.p.raft.roles.FollowerRole - RaftServer{2}{role=FOLLOWER} - Sending AppendResponse{status=OK, term=1, succeeded=true, lastLogIndex=1}
02:47:12.535 [raft-server-1] TRACE i.a.p.raft.roles.LeaderAppender - RaftServer{1} - Received AppendResponse{status=OK, term=1, succeeded=true, lastLogIndex=1} from 2
02:47:12.614 [raft-server-3] TRACE i.a.p.raft.roles.FollowerRole - RaftServer{3}{role=FOLLOWER} - Committed entries up to index 1
02:47:12.614 [raft-server-3] TRACE i.a.p.raft.roles.FollowerRole - RaftServer{3}{role=FOLLOWER} - Sending AppendResponse{status=OK, term=1, succeeded=true, lastLogIndex=1}
02:47:12.614 [raft-server-1] TRACE i.a.p.raft.roles.LeaderAppender - RaftServer{1} - Received AppendResponse{status=OK, term=1, succeeded=true, lastLogIndex=1} from 3
02:47:12.614 [raft-server-3-state] TRACE i.a.p.raft.impl.RaftServiceManager - RaftServer{3} - Applying Indexed{index=1, entry=InitializeEntry{term=1, timestamp=2018-06-09 02:47:12,195}}
02:47:12.783 [raft-server-1] TRACE i.a.p.raft.roles.LeaderAppender - RaftServer{1} - Sending AppendRequest{term=1, leader=1, prevLogIndex=1, prevLogTerm=1, entries=0, commitIndex=1} to 3
02:47:12.783 [raft-server-1] TRACE i.a.p.raft.roles.LeaderAppender - RaftServer{1} - Sending AppendRequest{term=1, leader=1, prevLogIndex=1, prevLogTerm=1, entries=0, commitIndex=1} to 2
02:47:12.783 [raft-server-3] TRACE i.a.p.raft.roles.FollowerRole - RaftServer{3}{role=FOLLOWER} - Received AppendRequest{term=1, leader=1, prevLogIndex=1, prevLogTerm=1, entries=0, commitIndex=1}
02:47:12.783 [raft-server-2] TRACE i.a.p.raft.roles.FollowerRole - RaftServer{2}{role=FOLLOWER} - Received AppendRequest{term=1, leader=1, prevLogIndex=1, prevLogTerm=1, entries=0, commitIndex=1}
02:47:12.783 [raft-server-3] TRACE i.a.p.raft.roles.FollowerRole - RaftServer{3}{role=FOLLOWER} - Sending AppendResponse{status=OK, term=1, succeeded=true, lastLogIndex=1}
02:47:12.783 [raft-server-2] TRACE i.a.p.raft.roles.FollowerRole - RaftServer{2}{role=FOLLOWER} - Sending AppendResponse{status=OK, term=1, succeeded=true, lastLogIndex=1}
02:47:12.783 [raft-server-1] TRACE i.a.p.raft.roles.LeaderAppender - RaftServer{1} - Received AppendResponse{status=OK, term=1, succeeded=true, lastLogIndex=1} from 3
02:47:12.783 [raft-server-1] TRACE i.a.p.raft.roles.LeaderAppender - RaftServer{1} - Sending AppendRequest{term=1, leader=1, prevLogIndex=1, prevLogTerm=1, entries=0, commitIndex=1} to 3
02:47:12.783 [raft-server-1] TRACE i.a.p.raft.roles.LeaderAppender - RaftServer{1} - Received AppendResponse{status=OK, term=1, succeeded=true, lastLogIndex=1} from 2
02:47:12.783 [raft-server-3] TRACE i.a.p.raft.roles.FollowerRole - RaftServer{3}{role=FOLLOWER} - Received AppendRequest{term=1, leader=1, prevLogIndex=1, prevLogTerm=1, entries=0, commitIndex=1}
02:47:12.784 [raft-server-1] TRACE i.a.p.raft.roles.LeaderAppender - RaftServer{1} - Sending AppendRequest{term=1, leader=1, prevLogIndex=1, prevLogTerm=1, entries=0, commitIndex=1} to 2
02:47:12.784 [raft-server-3] TRACE i.a.p.raft.roles.FollowerRole - RaftServer{3}{role=FOLLOWER} - Sending AppendResponse{status=OK, term=1, succeeded=true, lastLogIndex=1}
02:47:12.784 [raft-server-2] TRACE i.a.p.raft.roles.FollowerRole - RaftServer{2}{role=FOLLOWER} - Received AppendRequest{term=1, leader=1, prevLogIndex=1, prevLogTerm=1, entries=0, commitIndex=1}
02:47:12.784 [raft-server-1] TRACE i.a.p.raft.roles.LeaderAppender - RaftServer{1} - Received AppendResponse{status=OK, term=1, succeeded=true, lastLogIndex=1} from 3
02:47:12.784 [raft-server-2] TRACE i.a.p.raft.roles.FollowerRole - RaftServer{2}{role=FOLLOWER} - Sending AppendResponse{status=OK, term=1, succeeded=true, lastLogIndex=1}
02:47:12.784 [raft-server-1] TRACE i.a.p.raft.roles.LeaderAppender - RaftServer{1} - Sending AppendRequest{term=1, leader=1, prevLogIndex=1, prevLogTerm=1, entries=0, commitIndex=1} to 3
02:47:12.784 [raft-server-1] TRACE i.a.p.raft.roles.LeaderAppender - RaftServer{1} - Received AppendResponse{status=OK, term=1, succeeded=true, lastLogIndex=1} from 2
02:47:12.784 [raft-server-3] TRACE i.a.p.raft.roles.FollowerRole - RaftServer{3}{role=FOLLOWER} - Received AppendRequest{term=1, leader=1, prevLogIndex=1, prevLogTerm=1, entries=0, commitIndex=1}
02:47:12.784 [raft-server-3] TRACE i.a.p.raft.roles.FollowerRole - RaftServer{3}{role=FOLLOWER} - Sending AppendResponse{status=OK, term=1, succeeded=true, lastLogIndex=1}
02:47:12.784 [raft-server-1] TRACE i.a.p.raft.roles.LeaderAppender - RaftServer{1} - Received AppendResponse{status=OK, term=1, succeeded=true, lastLogIndex=1} from 3
02:47:12.795 [raft-server-2] TRACE i.a.p.r.c.impl.RaftClusterContext - RaftServer{2} - Cancelling join timeout
02:47:12.796 [raft-server-2] DEBUG i.a.p.r.c.impl.RaftClusterContext - RaftServer{2} - Attempting to join via 1
02:47:12.796 [raft-server-1] TRACE i.a.protocols.raft.roles.LeaderRole - RaftServer{1}{role=LEADER} - Received JoinRequest{member=DefaultRaftMember{id=2, type=ACTIVE, updated=2018-06-09T00:47:11.207Z}}
02:47:12.796 [raft-server-1] TRACE i.a.protocols.raft.roles.LeaderRole - RaftServer{1}{role=LEADER} - Sending JoinResponse{status=OK, index=0, term=0, timestamp=1528505230882, members=[DefaultRaftMember{id=1, type=ACTIVE, updated=2018-06-09T00:47:10.882Z}, DefaultRaftMember{id=3, type=ACTIVE, updated=2018-06-09T00:47:10.882Z}, DefaultRaftMember{id=2, type=ACTIVE, updated=2018-06-09T00:47:10.882Z}]}
02:47:12.796 [raft-server-2] TRACE i.a.p.r.c.impl.RaftClusterContext - RaftServer{2} - Cancelling join timeout
02:47:12.796 [raft-server-2] INFO  i.a.p.r.c.impl.RaftClusterContext - RaftServer{2} - Successfully joined via 1
02:47:12.796 [raft-server-2] INFO  i.a.p.raft.impl.DefaultRaftServer - RaftServer{2} - Server started successfully!
02:47:13.033 [raft-server-1] TRACE i.a.p.raft.roles.LeaderAppender - RaftServer{1} - Sending AppendRequest{term=1, leader=1, prevLogIndex=1, prevLogTerm=1, entries=0, commitIndex=1} to 3
02:47:13.033 [raft-server-1] TRACE i.a.p.raft.roles.LeaderAppender - RaftServer{1} - Sending AppendRequest{term=1, leader=1, prevLogIndex=1, prevLogTerm=1, entries=0, commitIndex=1} to 2
02:47:13.033 [raft-server-3] TRACE i.a.p.raft.roles.FollowerRole - RaftServer{3}{role=FOLLOWER} - Received AppendRequest{term=1, leader=1, prevLogIndex=1, prevLogTerm=1, entries=0, commitIndex=1}
02:47:13.033 [raft-server-2] TRACE i.a.p.raft.roles.FollowerRole - RaftServer{2}{role=FOLLOWER} - Received AppendRequest{term=1, leader=1, prevLogIndex=1, prevLogTerm=1, entries=0, commitIndex=1}
02:47:13.033 [raft-server-3] TRACE i.a.p.raft.roles.FollowerRole - RaftServer{3}{role=FOLLOWER} - Sending AppendResponse{status=OK, term=1, succeeded=true, lastLogIndex=1}
02:47:13.033 [raft-server-2] TRACE i.a.p.raft.roles.FollowerRole - RaftServer{2}{role=FOLLOWER} - Sending AppendResponse{status=OK, term=1, succeeded=true, lastLogIndex=1}
02:47:13.033 [raft-server-1] TRACE i.a.p.raft.roles.LeaderAppender - RaftServer{1} - Received AppendResponse{status=OK, term=1, succeeded=true, lastLogIndex=1} from 3
02:47:13.033 [raft-server-1] TRACE i.a.p.raft.roles.LeaderAppender - RaftServer{1} - Sending AppendRequest{term=1, leader=1, prevLogIndex=1, prevLogTerm=1, entries=0, commitIndex=1} to 3
02:47:13.034 [raft-server-1] TRACE i.a.p.raft.roles.LeaderAppender - RaftServer{1} - Received AppendResponse{status=OK, term=1, succeeded=true, lastLogIndex=1} from 2
02:47:13.034 [raft-server-3] TRACE i.a.p.raft.roles.FollowerRole - RaftServer{3}{role=FOLLOWER} - Received AppendRequest{term=1, leader=1, prevLogIndex=1, prevLogTerm=1, entries=0, commitIndex=1}
02:47:13.034 [raft-server-1] TRACE i.a.p.raft.roles.LeaderAppender - RaftServer{1} - Sending AppendRequest{term=1, leader=1, prevLogIndex=1, prevLogTerm=1, entries=0, commitIndex=1} to 2
02:47:13.034 [raft-server-3] TRACE i.a.p.raft.roles.FollowerRole - RaftServer{3}{role=FOLLOWER} - Sending AppendResponse{status=OK, term=1, succeeded=true, lastLogIndex=1}
02:47:13.034 [raft-server-2] TRACE i.a.p.raft.roles.FollowerRole - RaftServer{2}{role=FOLLOWER} - Received AppendRequest{term=1, leader=1, prevLogIndex=1, prevLogTerm=1, entries=0, commitIndex=1}
02:47:13.034 [raft-server-2] TRACE i.a.p.raft.roles.FollowerRole - RaftServer{2}{role=FOLLOWER} - Sending AppendResponse{status=OK, term=1, succeeded=true, lastLogIndex=1}
02:47:13.034 [raft-server-1] TRACE i.a.p.raft.roles.LeaderAppender - RaftServer{1} - Received AppendResponse{status=OK, term=1, succeeded=true, lastLogIndex=1} from 3
02:47:13.034 [raft-server-1] TRACE i.a.p.raft.roles.LeaderAppender - RaftServer{1} - Sending AppendRequest{term=1, leader=1, prevLogIndex=1, prevLogTerm=1, entries=0, commitIndex=1} to 3
02:47:13.034 [raft-server-1] TRACE i.a.p.raft.roles.LeaderAppender - RaftServer{1} - Received AppendResponse{status=OK, term=1, succeeded=true, lastLogIndex=1} from 2
02:47:13.034 [raft-server-3] TRACE i.a.p.raft.roles.FollowerRole - RaftServer{3}{role=FOLLOWER} - Received AppendRequest{term=1, leader=1, prevLogIndex=1, prevLogTerm=1, entries=0, commitIndex=1}
02:47:13.034 [raft-server-3] TRACE i.a.p.raft.roles.FollowerRole - RaftServer{3}{role=FOLLOWER} - Sending AppendResponse{status=OK, term=1, succeeded=true, lastLogIndex=1}
02:47:13.034 [raft-server-1] TRACE i.a.p.raft.roles.LeaderAppender - RaftServer{1} - Received AppendResponse{status=OK, term=1, succeeded=true, lastLogIndex=1} from 3
02:47:13.283 [raft-server-1] TRACE i.a.p.raft.roles.LeaderAppender - RaftServer{1} - Sending AppendRequest{term=1, leader=1, prevLogIndex=1, prevLogTerm=1, entries=0, commitIndex=1} to 3
02:47:13.283 [raft-server-1] TRACE i.a.p.raft.roles.LeaderAppender - RaftServer{1} - Sending AppendRequest{term=1, leader=1, prevLogIndex=1, prevLogTerm=1, entries=0, commitIndex=1} to 2
02:47:13.283 [raft-server-3] TRACE i.a.p.raft.roles.FollowerRole - RaftServer{3}{role=FOLLOWER} - Received AppendRequest{term=1, leader=1, prevLogIndex=1, prevLogTerm=1, entries=0, commitIndex=1}
02:47:13.283 [raft-server-3] TRACE i.a.p.raft.roles.FollowerRole - RaftServer{3}{role=FOLLOWER} - Sending AppendResponse{status=OK, term=1, succeeded=true, lastLogIndex=1}
02:47:13.283 [raft-server-2] TRACE i.a.p.raft.roles.FollowerRole - RaftServer{2}{role=FOLLOWER} - Received AppendRequest{term=1, leader=1, prevLogIndex=1, prevLogTerm=1, entries=0, commitIndex=1}
02:47:13.283 [raft-server-1] TRACE i.a.p.raft.roles.LeaderAppender - RaftServer{1} - Received AppendResponse{status=OK, term=1, succeeded=true, lastLogIndex=1} from 3
02:47:13.283 [raft-server-2] TRACE i.a.p.raft.roles.FollowerRole - RaftServer{2}{role=FOLLOWER} - Sending AppendResponse{status=OK, term=1, succeeded=true, lastLogIndex=1}
02:47:13.283 [raft-server-1] TRACE i.a.p.raft.roles.LeaderAppender - RaftServer{1} - Sending AppendRequest{term=1, leader=1, prevLogIndex=1, prevLogTerm=1, entries=0, commitIndex=1} to 3
02:47:13.283 [raft-server-1] TRACE i.a.p.raft.roles.LeaderAppender - RaftServer{1} - Received AppendResponse{status=OK, term=1, succeeded=true, lastLogIndex=1} from 2
02:47:13.284 [raft-server-3] TRACE i.a.p.raft.roles.FollowerRole - RaftServer{3}{role=FOLLOWER} - Received AppendRequest{term=1, leader=1, prevLogIndex=1, prevLogTerm=1, entries=0, commitIndex=1}
02:47:13.284 [raft-server-3] TRACE i.a.p.raft.roles.FollowerRole - RaftServer{3}{role=FOLLOWER} - Sending AppendResponse{status=OK, term=1, succeeded=true, lastLogIndex=1}
02:47:13.284 [raft-server-1] TRACE i.a.p.raft.roles.LeaderAppender - RaftServer{1} - Sending AppendRequest{term=1, leader=1, prevLogIndex=1, prevLogTerm=1, entries=0, commitIndex=1} to 2
02:47:13.284 [raft-server-1] TRACE i.a.p.raft.roles.LeaderAppender - RaftServer{1} - Received AppendResponse{status=OK, term=1, succeeded=true, lastLogIndex=1} from 3
02:47:13.284 [raft-server-2] TRACE i.a.p.raft.roles.FollowerRole - RaftServer{2}{role=FOLLOWER} - Received AppendRequest{term=1, leader=1, prevLogIndex=1, prevLogTerm=1, entries=0, commitIndex=1}
02:47:13.284 [raft-server-2] TRACE i.a.p.raft.roles.FollowerRole - RaftServer{2}{role=FOLLOWER} - Sending AppendResponse{status=OK, term=1, succeeded=true, lastLogIndex=1}
02:47:13.284 [raft-server-1] TRACE i.a.p.raft.roles.LeaderAppender - RaftServer{1} - Sending AppendRequest{term=1, leader=1, prevLogIndex=1, prevLogTerm=1, entries=0, commitIndex=1} to 3
02:47:13.284 [raft-server-3] TRACE i.a.p.raft.roles.FollowerRole - RaftServer{3}{role=FOLLOWER} - Received AppendRequest{term=1, leader=1, prevLogIndex=1, prevLogTerm=1, entries=0, commitIndex=1}
02:47:13.284 [raft-server-1] TRACE i.a.p.raft.roles.LeaderAppender - RaftServer{1} - Received AppendResponse{status=OK, term=1, succeeded=true, lastLogIndex=1} from 2
02:47:13.284 [raft-server-3] TRACE i.a.p.raft.roles.FollowerRole - RaftServer{3}{role=FOLLOWER} - Sending AppendResponse{status=OK, term=1, succeeded=true, lastLogIndex=1}
02:47:13.284 [raft-server-1] TRACE i.a.p.raft.roles.LeaderAppender - RaftServer{1} - Received AppendResponse{status=OK, term=1, succeeded=true, lastLogIndex=1} from 3
02:47:13.292 [raft-server-3] TRACE i.a.p.r.c.impl.RaftClusterContext - RaftServer{3} - Cancelling join timeout
02:47:13.292 [raft-server-3] DEBUG i.a.p.r.c.impl.RaftClusterContext - RaftServer{3} - Attempting to join via 1
02:47:13.292 [raft-server-1] TRACE i.a.protocols.raft.roles.LeaderRole - RaftServer{1}{role=LEADER} - Received JoinRequest{member=DefaultRaftMember{id=3, type=ACTIVE, updated=2018-06-09T00:47:11.707Z}}
02:47:13.292 [raft-server-1] TRACE i.a.protocols.raft.roles.LeaderRole - RaftServer{1}{role=LEADER} - Sending JoinResponse{status=OK, index=0, term=0, timestamp=1528505230882, members=[DefaultRaftMember{id=1, type=ACTIVE, updated=2018-06-09T00:47:10.882Z}, DefaultRaftMember{id=3, type=ACTIVE, updated=2018-06-09T00:47:10.882Z}, DefaultRaftMember{id=2, type=ACTIVE, updated=2018-06-09T00:47:10.882Z}]}
02:47:13.292 [raft-server-3] TRACE i.a.p.r.c.impl.RaftClusterContext - RaftServer{3} - Cancelling join timeout
02:47:13.293 [raft-server-3] INFO  i.a.p.r.c.impl.RaftClusterContext - RaftServer{3} - Successfully joined via 1
02:47:13.293 [raft-server-3] INFO  i.a.p.raft.impl.DefaultRaftServer - RaftServer{3} - Server started successfully!
02:47:13.294 [main] DEBUG i.a.p.c.impl.RecoveringSessionClient - SessionClient{adc731f6-ea25-4ed9-9979-1c5079ac6ea7} - Opening proxy session
02:47:13.294 [main] DEBUG i.a.p.r.proxy.impl.RaftProxyManager - RaftClient{adc731f6-ea25-4ed9-9979-1c5079ac6ea7} - Opening session; name: raft-test, type: io.atomix.protocols.raft.RaftTest$TestPrimitiveType@35bfa1bb
02:47:13.294 [main] TRACE i.a.utils.serializer.KryoNamespace - Creating Kryo instance for KryoNamespace{registeredBlocks=[RegistrationBlock{begin=16, types=[([Ljava.lang.Class;@6b321262,null), ([Ljava.lang.Class;@68b11545,null), ([Ljava.lang.Class;@7d0100ea,null), ([Ljava.lang.Class;@357bc488,null), ([Ljava.lang.Class;@4ea17147,io.atomix.utils.serializer.serializers.ImmutableListSerializer@2eda4eeb), ([Ljava.lang.Class;@5ba90d8a,io.atomix.utils.serializer.serializers.ImmutableSetSerializer@309dcdf3), ([Ljava.lang.Class;@7573b9ee,io.atomix.utils.serializer.serializers.ImmutableMapSerializer@9a20cbd), ([Ljava.lang.Class;@1af4955e,null), ([Ljava.lang.Class;@445821a6,null), ([Ljava.lang.Class;@2c0c4c0a,null), ([Ljava.lang.Class;@35d26ad2,null), ([Ljava.lang.Class;@bb25753,null), ([Ljava.lang.Class;@ee21292,null), ([Ljava.lang.Class;@40c06358,null), ([Ljava.lang.Class;@66e21568,null), ([Ljava.lang.Class;@7f73ce28,null), ([Ljava.lang.Class;@611b35d6,null), ([Ljava.lang.Class;@2282400e,null), ([Ljava.lang.Class;@543d5863,null), ([Ljava.lang.Class;@35dece42,null), ([Ljava.lang.Class;@dd3f8aa,io.atomix.utils.serializer.serializers.ArraysAsListSerializer@3d615b2e), ([Ljava.lang.Class;@3a1f2a1,null), ([Ljava.lang.Class;@40ce9049,null), ([Ljava.lang.Class;@52ca2652,null), ([Ljava.lang.Class;@65c5bf0e,null), ([Ljava.lang.Class;@697d6ded,null), ([Ljava.lang.Class;@5d05f453,null), ([Ljava.lang.Class;@5efeb117,null), ([Ljava.lang.Class;@160b4809,null), ([Ljava.lang.Class;@149b4d20,null), ([Ljava.lang.Class;@664e848c,null), ([Ljava.lang.Class;@4d93f75b,null), ([Ljava.lang.Class;@114a5e0,null), ([Ljava.lang.Class;@4f281aaf,null), ([Ljava.lang.Class;@5d508d22,null), ([Ljava.lang.Class;@f2b90fc,null)]}, RegistrationBlock{begin=52, types=[([Ljava.lang.Class;@251c90f,null)]}]}
02:47:13.295 [main] TRACE i.a.utils.serializer.KryoNamespace - class [B registered as 16
02:47:13.295 [main] TRACE i.a.utils.serializer.KryoNamespace - class java.util.concurrent.atomic.AtomicBoolean registered as 17
02:47:13.295 [main] TRACE i.a.utils.serializer.KryoNamespace - class java.util.concurrent.atomic.AtomicInteger registered as 18
02:47:13.295 [main] TRACE i.a.utils.serializer.KryoNamespace - class java.util.concurrent.atomic.AtomicLong registered as 19
02:47:13.295 [main] TRACE i.a.utils.serializer.KryoNamespace - class com.google.common.collect.ImmutableList registered as 20
02:47:13.295 [main] TRACE i.a.utils.serializer.KryoNamespace - class com.google.common.collect.RegularImmutableList registered as 20
02:47:13.295 [main] TRACE i.a.utils.serializer.KryoNamespace - class com.google.common.collect.RegularImmutableList registered as 20
02:47:13.295 [main] TRACE i.a.utils.serializer.KryoNamespace - class com.google.common.collect.ImmutableList$SubList registered as 20
02:47:13.295 [main] TRACE i.a.utils.serializer.KryoNamespace - class com.google.common.collect.ImmutableSet registered as 21
02:47:13.295 [main] TRACE i.a.utils.serializer.KryoNamespace - class com.google.common.collect.RegularImmutableSet registered as 21
02:47:13.295 [main] TRACE i.a.utils.serializer.KryoNamespace - class com.google.common.collect.SingletonImmutableSet registered as 21
02:47:13.295 [main] TRACE i.a.utils.serializer.KryoNamespace - class com.google.common.collect.RegularImmutableSet registered as 21
02:47:13.295 [main] TRACE i.a.utils.serializer.KryoNamespace - class com.google.common.collect.ImmutableMap registered as 22
02:47:13.295 [main] TRACE i.a.utils.serializer.KryoNamespace - class com.google.common.collect.RegularImmutableMap registered as 22
02:47:13.295 [main] TRACE i.a.utils.serializer.KryoNamespace - class com.google.common.collect.RegularImmutableMap registered as 22
02:47:13.295 [main] TRACE i.a.utils.serializer.KryoNamespace - class com.google.common.collect.RegularImmutableMap registered as 22
02:47:13.295 [main] TRACE i.a.utils.serializer.KryoNamespace - class java.util.Collections$UnmodifiableSet registered as 23
02:47:13.295 [main] TRACE i.a.utils.serializer.KryoNamespace - class java.util.HashMap registered as 24
02:47:13.295 [main] TRACE i.a.utils.serializer.KryoNamespace - class java.util.concurrent.ConcurrentHashMap registered as 25
02:47:13.295 [main] TRACE i.a.utils.serializer.KryoNamespace - class java.util.concurrent.CopyOnWriteArraySet registered as 26
02:47:13.295 [main] TRACE i.a.utils.serializer.KryoNamespace - class java.util.ArrayList registered as 27
02:47:13.295 [main] TRACE i.a.utils.serializer.KryoNamespace - class java.util.LinkedList registered as 28
02:47:13.295 [main] TRACE i.a.utils.serializer.KryoNamespace - class java.util.HashSet registered as 29
02:47:13.295 [main] TRACE i.a.utils.serializer.KryoNamespace - class java.util.LinkedHashSet registered as 30
02:47:13.295 [main] TRACE i.a.utils.serializer.KryoNamespace - class com.sun.jmx.remote.internal.ArrayQueue registered as 31
02:47:13.295 [main] TRACE i.a.utils.serializer.KryoNamespace - class java.util.ArrayDeque registered as 32
02:47:13.295 [main] TRACE i.a.utils.serializer.KryoNamespace - class com.google.common.collect.HashMultiset registered as 33
02:47:13.295 [main] TRACE i.a.utils.serializer.KryoNamespace - class com.google.common.collect.Sets registered as 34
02:47:13.295 [main] TRACE i.a.utils.serializer.KryoNamespace - class com.google.common.collect.ImmutableEntry registered as 35
02:47:13.296 [main] TRACE i.a.utils.serializer.KryoNamespace - class java.util.Arrays$ArrayList registered as 36
02:47:13.296 [main] TRACE i.a.utils.serializer.KryoNamespace - class java.util.Collections$SingletonList registered as 37
02:47:13.296 [main] TRACE i.a.utils.serializer.KryoNamespace - class java.time.Duration registered as 38
02:47:13.296 [main] TRACE i.a.utils.serializer.KryoNamespace - class java.util.Collections$EmptySet registered as 39
02:47:13.296 [main] TRACE i.a.utils.serializer.KryoNamespace - class java.util.Optional registered as 40
02:47:13.296 [main] TRACE i.a.utils.serializer.KryoNamespace - class java.util.Collections$EmptyList registered as 41
02:47:13.296 [main] TRACE i.a.utils.serializer.KryoNamespace - class java.util.Collections$SingletonSet registered as 42
02:47:13.296 [main] TRACE i.a.utils.serializer.KryoNamespace - class [I registered as 43
02:47:13.296 [main] TRACE i.a.utils.serializer.KryoNamespace - class [J registered as 44
02:47:13.296 [main] TRACE i.a.utils.serializer.KryoNamespace - class [S registered as 45
02:47:13.296 [main] TRACE i.a.utils.serializer.KryoNamespace - class [D registered as 46
02:47:13.296 [main] TRACE i.a.utils.serializer.KryoNamespace - class [F registered as 47
02:47:13.296 [main] TRACE i.a.utils.serializer.KryoNamespace - class [C registered as 48
02:47:13.296 [main] TRACE i.a.utils.serializer.KryoNamespace - class [Ljava.lang.String; registered as 49
02:47:13.296 [main] TRACE i.a.utils.serializer.KryoNamespace - class [Z registered as 50
02:47:13.296 [main] TRACE i.a.utils.serializer.KryoNamespace - class [Ljava.lang.Object; registered as 51
02:47:13.296 [main] TRACE i.a.utils.serializer.KryoNamespace - class io.atomix.primitive.service.ServiceConfig registered as 52
02:47:13.296 [raft-client-adc731f6-ea25-4ed9-9979-1c5079ac6ea7-0] TRACE i.a.p.r.p.impl.RaftProxyConnection - RaftClient{adc731f6-ea25-4ed9-9979-1c5079ac6ea7} - Sending OpenSessionRequest{node=4, serviceName=raft-test, serviceType=raft-test, readConsistency=LINEARIZABLE, minTimeout=250, maxTimeout=5000} to 2
02:47:13.297 [raft-server-2] TRACE i.a.p.raft.roles.FollowerRole - RaftServer{2}{role=FOLLOWER} - Received OpenSessionRequest{node=4, serviceName=raft-test, serviceType=raft-test, readConsistency=LINEARIZABLE, minTimeout=250, maxTimeout=5000}
02:47:13.297 [raft-server-1] TRACE i.a.protocols.raft.roles.LeaderRole - RaftServer{1}{role=LEADER} - Received OpenSessionRequest{node=4, serviceName=raft-test, serviceType=raft-test, readConsistency=LINEARIZABLE, minTimeout=250, maxTimeout=5000}
02:47:13.297 [raft-server-1] TRACE i.a.protocols.raft.roles.LeaderRole - RaftServer{1}{role=LEADER} - Appended Indexed{index=2, entry=OpenSessionEntry{term=1, timestamp=2018-06-09 02:47:13,297, node=4, serviceName=raft-test, serviceType=raft-test, serviceConfig=byte[]{length=2, hash=2636}, readConsistency=LINEARIZABLE, minTimeout=250, maxTimeout=5000}}
02:47:13.297 [raft-server-1] TRACE i.a.p.raft.roles.LeaderAppender - RaftServer{1} - Sending AppendRequest{term=1, leader=1, prevLogIndex=1, prevLogTerm=1, entries=1, commitIndex=1} to 3
02:47:13.297 [raft-server-1] TRACE i.a.p.raft.roles.LeaderAppender - RaftServer{1} - Sending AppendRequest{term=1, leader=1, prevLogIndex=1, prevLogTerm=1, entries=1, commitIndex=1} to 2
02:47:13.297 [raft-server-3] TRACE i.a.p.raft.roles.FollowerRole - RaftServer{3}{role=FOLLOWER} - Received AppendRequest{term=1, leader=1, prevLogIndex=1, prevLogTerm=1, entries=1, commitIndex=1}
02:47:13.297 [raft-server-2] TRACE i.a.p.raft.roles.FollowerRole - RaftServer{2}{role=FOLLOWER} - Received AppendRequest{term=1, leader=1, prevLogIndex=1, prevLogTerm=1, entries=1, commitIndex=1}
02:47:13.297 [raft-server-3] TRACE i.a.p.raft.roles.FollowerRole - RaftServer{3}{role=FOLLOWER} - Appended Indexed{index=2, entry=OpenSessionEntry{term=1, timestamp=2018-06-09 02:47:13,297, node=4, serviceName=raft-test, serviceType=raft-test, serviceConfig=byte[]{length=2, hash=2636}, readConsistency=LINEARIZABLE, minTimeout=250, maxTimeout=5000}}
02:47:13.297 [raft-server-2] TRACE i.a.p.raft.roles.FollowerRole - RaftServer{2}{role=FOLLOWER} - Appended Indexed{index=2, entry=OpenSessionEntry{term=1, timestamp=2018-06-09 02:47:13,297, node=4, serviceName=raft-test, serviceType=raft-test, serviceConfig=byte[]{length=2, hash=2636}, readConsistency=LINEARIZABLE, minTimeout=250, maxTimeout=5000}}
02:47:13.297 [raft-server-3] TRACE i.a.p.raft.roles.FollowerRole - RaftServer{3}{role=FOLLOWER} - Sending AppendResponse{status=OK, term=1, succeeded=true, lastLogIndex=2}
02:47:13.298 [raft-server-2] TRACE i.a.p.raft.roles.FollowerRole - RaftServer{2}{role=FOLLOWER} - Sending AppendResponse{status=OK, term=1, succeeded=true, lastLogIndex=2}
02:47:13.298 [raft-server-1] TRACE i.a.p.raft.roles.LeaderAppender - RaftServer{1} - Received AppendResponse{status=OK, term=1, succeeded=true, lastLogIndex=2} from 3
02:47:13.298 [raft-server-1] TRACE i.a.p.raft.roles.LeaderAppender - RaftServer{1} - Committed entries up to 2
02:47:13.356 [raft-server-1] TRACE i.a.p.raft.roles.LeaderAppender - RaftServer{1} - Received AppendResponse{status=OK, term=1, succeeded=true, lastLogIndex=2} from 2
02:47:13.356 [raft-server-1-state] TRACE i.a.p.raft.impl.RaftServiceManager - RaftServer{1} - Applying Indexed{index=2, entry=OpenSessionEntry{term=1, timestamp=2018-06-09 02:47:13,297, node=4, serviceName=raft-test, serviceType=raft-test, serviceConfig=byte[]{length=2, hash=2636}, readConsistency=LINEARIZABLE, minTimeout=250, maxTimeout=5000}}
02:47:13.356 [raft-server-1-state] TRACE i.a.utils.serializer.KryoNamespace - Creating Kryo instance for KryoNamespace{registeredBlocks=[RegistrationBlock{begin=16, types=[([Ljava.lang.Class;@6b321262,null), ([Ljava.lang.Class;@68b11545,null), ([Ljava.lang.Class;@7d0100ea,null), ([Ljava.lang.Class;@357bc488,null), ([Ljava.lang.Class;@4ea17147,io.atomix.utils.serializer.serializers.ImmutableListSerializer@2eda4eeb), ([Ljava.lang.Class;@5ba90d8a,io.atomix.utils.serializer.serializers.ImmutableSetSerializer@309dcdf3), ([Ljava.lang.Class;@7573b9ee,io.atomix.utils.serializer.serializers.ImmutableMapSerializer@9a20cbd), ([Ljava.lang.Class;@1af4955e,null), ([Ljava.lang.Class;@445821a6,null), ([Ljava.lang.Class;@2c0c4c0a,null), ([Ljava.lang.Class;@35d26ad2,null), ([Ljava.lang.Class;@bb25753,null), ([Ljava.lang.Class;@ee21292,null), ([Ljava.lang.Class;@40c06358,null), ([Ljava.lang.Class;@66e21568,null), ([Ljava.lang.Class;@7f73ce28,null), ([Ljava.lang.Class;@611b35d6,null), ([Ljava.lang.Class;@2282400e,null), ([Ljava.lang.Class;@543d5863,null), ([Ljava.lang.Class;@35dece42,null), ([Ljava.lang.Class;@dd3f8aa,io.atomix.utils.serializer.serializers.ArraysAsListSerializer@3d615b2e), ([Ljava.lang.Class;@3a1f2a1,null), ([Ljava.lang.Class;@40ce9049,null), ([Ljava.lang.Class;@52ca2652,null), ([Ljava.lang.Class;@65c5bf0e,null), ([Ljava.lang.Class;@697d6ded,null), ([Ljava.lang.Class;@5d05f453,null), ([Ljava.lang.Class;@5efeb117,null), ([Ljava.lang.Class;@160b4809,null), ([Ljava.lang.Class;@149b4d20,null), ([Ljava.lang.Class;@664e848c,null), ([Ljava.lang.Class;@4d93f75b,null), ([Ljava.lang.Class;@114a5e0,null), ([Ljava.lang.Class;@4f281aaf,null), ([Ljava.lang.Class;@5d508d22,null), ([Ljava.lang.Class;@f2b90fc,null)]}, RegistrationBlock{begin=52, types=[([Ljava.lang.Class;@37539a36,null)]}]}
02:47:13.357 [raft-server-1-state] TRACE i.a.utils.serializer.KryoNamespace - class [B registered as 16
02:47:13.357 [raft-server-1-state] TRACE i.a.utils.serializer.KryoNamespace - class java.util.concurrent.atomic.AtomicBoolean registered as 17
02:47:13.357 [raft-server-1-state] TRACE i.a.utils.serializer.KryoNamespace - class java.util.concurrent.atomic.AtomicInteger registered as 18
02:47:13.357 [raft-server-1-state] TRACE i.a.utils.serializer.KryoNamespace - class java.util.concurrent.atomic.AtomicLong registered as 19
02:47:13.357 [raft-server-1-state] TRACE i.a.utils.serializer.KryoNamespace - class com.google.common.collect.ImmutableList registered as 20
02:47:13.357 [raft-server-1-state] TRACE i.a.utils.serializer.KryoNamespace - class com.google.common.collect.RegularImmutableList registered as 20
02:47:13.357 [raft-server-1-state] TRACE i.a.utils.serializer.KryoNamespace - class com.google.common.collect.RegularImmutableList registered as 20
02:47:13.357 [raft-server-1-state] TRACE i.a.utils.serializer.KryoNamespace - class com.google.common.collect.ImmutableList$SubList registered as 20
02:47:13.357 [raft-server-1-state] TRACE i.a.utils.serializer.KryoNamespace - class com.google.common.collect.ImmutableSet registered as 21
02:47:13.357 [raft-server-1-state] TRACE i.a.utils.serializer.KryoNamespace - class com.google.common.collect.RegularImmutableSet registered as 21
02:47:13.357 [raft-server-1-state] TRACE i.a.utils.serializer.KryoNamespace - class com.google.common.collect.SingletonImmutableSet registered as 21
02:47:13.357 [raft-server-1-state] TRACE i.a.utils.serializer.KryoNamespace - class com.google.common.collect.RegularImmutableSet registered as 21
02:47:13.357 [raft-server-1-state] TRACE i.a.utils.serializer.KryoNamespace - class com.google.common.collect.ImmutableMap registered as 22
02:47:13.357 [raft-server-1-state] TRACE i.a.utils.serializer.KryoNamespace - class com.google.common.collect.RegularImmutableMap registered as 22
02:47:13.357 [raft-server-1-state] TRACE i.a.utils.serializer.KryoNamespace - class com.google.common.collect.RegularImmutableMap registered as 22
02:47:13.357 [raft-server-1-state] TRACE i.a.utils.serializer.KryoNamespace - class com.google.common.collect.RegularImmutableMap registered as 22
02:47:13.357 [raft-server-1-state] TRACE i.a.utils.serializer.KryoNamespace - class java.util.Collections$UnmodifiableSet registered as 23
02:47:13.357 [raft-server-1-state] TRACE i.a.utils.serializer.KryoNamespace - class java.util.HashMap registered as 24
02:47:13.358 [raft-server-1-state] TRACE i.a.utils.serializer.KryoNamespace - class java.util.concurrent.ConcurrentHashMap registered as 25
02:47:13.358 [raft-server-1-state] TRACE i.a.utils.serializer.KryoNamespace - class java.util.concurrent.CopyOnWriteArraySet registered as 26
02:47:13.358 [raft-server-1-state] TRACE i.a.utils.serializer.KryoNamespace - class java.util.ArrayList registered as 27
02:47:13.358 [raft-server-1-state] TRACE i.a.utils.serializer.KryoNamespace - class java.util.LinkedList registered as 28
02:47:13.358 [raft-server-1-state] TRACE i.a.utils.serializer.KryoNamespace - class java.util.HashSet registered as 29
02:47:13.358 [raft-server-1-state] TRACE i.a.utils.serializer.KryoNamespace - class java.util.LinkedHashSet registered as 30
02:47:13.358 [raft-server-1-state] TRACE i.a.utils.serializer.KryoNamespace - class com.sun.jmx.remote.internal.ArrayQueue registered as 31
02:47:13.358 [raft-server-1-state] TRACE i.a.utils.serializer.KryoNamespace - class java.util.ArrayDeque registered as 32
02:47:13.358 [raft-server-1-state] TRACE i.a.utils.serializer.KryoNamespace - class com.google.common.collect.HashMultiset registered as 33
02:47:13.358 [raft-server-1-state] TRACE i.a.utils.serializer.KryoNamespace - class com.google.common.collect.Sets registered as 34
02:47:13.358 [raft-server-1-state] TRACE i.a.utils.serializer.KryoNamespace - class com.google.common.collect.ImmutableEntry registered as 35
02:47:13.358 [raft-server-1-state] TRACE i.a.utils.serializer.KryoNamespace - class java.util.Arrays$ArrayList registered as 36
02:47:13.358 [raft-server-1-state] TRACE i.a.utils.serializer.KryoNamespace - class java.util.Collections$SingletonList registered as 37
02:47:13.358 [raft-server-1-state] TRACE i.a.utils.serializer.KryoNamespace - class java.time.Duration registered as 38
02:47:13.358 [raft-server-1-state] TRACE i.a.utils.serializer.KryoNamespace - class java.util.Collections$EmptySet registered as 39
02:47:13.358 [raft-server-1-state] TRACE i.a.utils.serializer.KryoNamespace - class java.util.Optional registered as 40
02:47:13.358 [raft-server-1-state] TRACE i.a.utils.serializer.KryoNamespace - class java.util.Collections$EmptyList registered as 41
02:47:13.359 [raft-server-1-state] TRACE i.a.utils.serializer.KryoNamespace - class java.util.Collections$SingletonSet registered as 42
02:47:13.359 [raft-server-1-state] TRACE i.a.utils.serializer.KryoNamespace - class [I registered as 43
02:47:13.359 [raft-server-1-state] TRACE i.a.utils.serializer.KryoNamespace - class [J registered as 44
02:47:13.359 [raft-server-1-state] TRACE i.a.utils.serializer.KryoNamespace - class [S registered as 45
02:47:13.359 [raft-server-1-state] TRACE i.a.utils.serializer.KryoNamespace - class [D registered as 46
02:47:13.359 [raft-server-1-state] TRACE i.a.utils.serializer.KryoNamespace - class [F registered as 47
02:47:13.359 [raft-server-1-state] TRACE i.a.utils.serializer.KryoNamespace - class [C registered as 48
02:47:13.359 [raft-server-1-state] TRACE i.a.utils.serializer.KryoNamespace - class [Ljava.lang.String; registered as 49
02:47:13.359 [raft-server-1-state] TRACE i.a.utils.serializer.KryoNamespace - class [Z registered as 50
02:47:13.359 [raft-server-1-state] TRACE i.a.utils.serializer.KryoNamespace - class [Ljava.lang.Object; registered as 51
02:47:13.359 [raft-server-1-state] TRACE i.a.utils.serializer.KryoNamespace - class io.atomix.primitive.service.ServiceConfig registered as 52
02:47:13.359 [raft-server-1-state] TRACE i.a.utils.serializer.KryoNamespace - Creating Kryo instance for KryoNamespace{registeredBlocks=[RegistrationBlock{begin=16, types=[([Ljava.lang.Class;@6b321262,null), ([Ljava.lang.Class;@68b11545,null), ([Ljava.lang.Class;@7d0100ea,null), ([Ljava.lang.Class;@357bc488,null), ([Ljava.lang.Class;@4ea17147,io.atomix.utils.serializer.serializers.ImmutableListSerializer@2eda4eeb), ([Ljava.lang.Class;@5ba90d8a,io.atomix.utils.serializer.serializers.ImmutableSetSerializer@309dcdf3), ([Ljava.lang.Class;@7573b9ee,io.atomix.utils.serializer.serializers.ImmutableMapSerializer@9a20cbd), ([Ljava.lang.Class;@1af4955e,null), ([Ljava.lang.Class;@445821a6,null), ([Ljava.lang.Class;@2c0c4c0a,null), ([Ljava.lang.Class;@35d26ad2,null), ([Ljava.lang.Class;@bb25753,null), ([Ljava.lang.Class;@ee21292,null), ([Ljava.lang.Class;@40c06358,null), ([Ljava.lang.Class;@66e21568,null), ([Ljava.lang.Class;@7f73ce28,null), ([Ljava.lang.Class;@611b35d6,null), ([Ljava.lang.Class;@2282400e,null), ([Ljava.lang.Class;@543d5863,null), ([Ljava.lang.Class;@35dece42,null), ([Ljava.lang.Class;@dd3f8aa,io.atomix.utils.serializer.serializers.ArraysAsListSerializer@3d615b2e), ([Ljava.lang.Class;@3a1f2a1,null), ([Ljava.lang.Class;@40ce9049,null), ([Ljava.lang.Class;@52ca2652,null), ([Ljava.lang.Class;@65c5bf0e,null), ([Ljava.lang.Class;@697d6ded,null), ([Ljava.lang.Class;@5d05f453,null), ([Ljava.lang.Class;@5efeb117,null), ([Ljava.lang.Class;@160b4809,null), ([Ljava.lang.Class;@149b4d20,null), ([Ljava.lang.Class;@664e848c,null), ([Ljava.lang.Class;@4d93f75b,null), ([Ljava.lang.Class;@114a5e0,null), ([Ljava.lang.Class;@4f281aaf,null), ([Ljava.lang.Class;@5d508d22,null), ([Ljava.lang.Class;@f2b90fc,null)]}, RegistrationBlock{begin=52, types=[([Ljava.lang.Class;@399462ac,null)]}]}
02:47:13.360 [raft-server-1-state] TRACE i.a.utils.serializer.KryoNamespace - class [B registered as 16
02:47:13.360 [raft-server-1-state] TRACE i.a.utils.serializer.KryoNamespace - class java.util.concurrent.atomic.AtomicBoolean registered as 17
02:47:13.360 [raft-server-1-state] TRACE i.a.utils.serializer.KryoNamespace - class java.util.concurrent.atomic.AtomicInteger registered as 18
02:47:13.360 [raft-server-1-state] TRACE i.a.utils.serializer.KryoNamespace - class java.util.concurrent.atomic.AtomicLong registered as 19
02:47:13.360 [raft-server-1-state] TRACE i.a.utils.serializer.KryoNamespace - class com.google.common.collect.ImmutableList registered as 20
02:47:13.360 [raft-server-1-state] TRACE i.a.utils.serializer.KryoNamespace - class com.google.common.collect.RegularImmutableList registered as 20
02:47:13.360 [raft-server-1-state] TRACE i.a.utils.serializer.KryoNamespace - class com.google.common.collect.RegularImmutableList registered as 20
02:47:13.360 [raft-server-1-state] TRACE i.a.utils.serializer.KryoNamespace - class com.google.common.collect.ImmutableList$SubList registered as 20
02:47:13.360 [raft-server-1-state] TRACE i.a.utils.serializer.KryoNamespace - class com.google.common.collect.ImmutableSet registered as 21
02:47:13.360 [raft-server-1-state] TRACE i.a.utils.serializer.KryoNamespace - class com.google.common.collect.RegularImmutableSet registered as 21
02:47:13.360 [raft-server-1-state] TRACE i.a.utils.serializer.KryoNamespace - class com.google.common.collect.SingletonImmutableSet registered as 21
02:47:13.360 [raft-server-1-state] TRACE i.a.utils.serializer.KryoNamespace - class com.google.common.collect.RegularImmutableSet registered as 21
02:47:13.360 [raft-server-1-state] TRACE i.a.utils.serializer.KryoNamespace - class com.google.common.collect.ImmutableMap registered as 22
02:47:13.360 [raft-server-1-state] TRACE i.a.utils.serializer.KryoNamespace - class com.google.common.collect.RegularImmutableMap registered as 22
02:47:13.360 [raft-server-1-state] TRACE i.a.utils.serializer.KryoNamespace - class com.google.common.collect.RegularImmutableMap registered as 22
02:47:13.360 [raft-server-1-state] TRACE i.a.utils.serializer.KryoNamespace - class com.google.common.collect.RegularImmutableMap registered as 22
02:47:13.360 [raft-server-1-state] TRACE i.a.utils.serializer.KryoNamespace - class java.util.Collections$UnmodifiableSet registered as 23
02:47:13.360 [raft-server-1-state] TRACE i.a.utils.serializer.KryoNamespace - class java.util.HashMap registered as 24
02:47:13.360 [raft-server-1-state] TRACE i.a.utils.serializer.KryoNamespace - class java.util.concurrent.ConcurrentHashMap registered as 25
02:47:13.360 [raft-server-1-state] TRACE i.a.utils.serializer.KryoNamespace - class java.util.concurrent.CopyOnWriteArraySet registered as 26
02:47:13.360 [raft-server-1-state] TRACE i.a.utils.serializer.KryoNamespace - class java.util.ArrayList registered as 27
02:47:13.360 [raft-server-1-state] TRACE i.a.utils.serializer.KryoNamespace - class java.util.LinkedList registered as 28
02:47:13.360 [raft-server-1-state] TRACE i.a.utils.serializer.KryoNamespace - class java.util.HashSet registered as 29
02:47:13.360 [raft-server-1-state] TRACE i.a.utils.serializer.KryoNamespace - class java.util.LinkedHashSet registered as 30
02:47:13.360 [raft-server-1-state] TRACE i.a.utils.serializer.KryoNamespace - class com.sun.jmx.remote.internal.ArrayQueue registered as 31
02:47:13.361 [raft-server-1-state] TRACE i.a.utils.serializer.KryoNamespace - class java.util.ArrayDeque registered as 32
02:47:13.361 [raft-server-1-state] TRACE i.a.utils.serializer.KryoNamespace - class com.google.common.collect.HashMultiset registered as 33
02:47:13.361 [raft-server-1-state] TRACE i.a.utils.serializer.KryoNamespace - class com.google.common.collect.Sets registered as 34
02:47:13.361 [raft-server-1-state] TRACE i.a.utils.serializer.KryoNamespace - class com.google.common.collect.ImmutableEntry registered as 35
02:47:13.361 [raft-server-1-state] TRACE i.a.utils.serializer.KryoNamespace - class java.util.Arrays$ArrayList registered as 36
02:47:13.361 [raft-server-1-state] TRACE i.a.utils.serializer.KryoNamespace - class java.util.Collections$SingletonList registered as 37
02:47:13.361 [raft-server-1-state] TRACE i.a.utils.serializer.KryoNamespace - class java.time.Duration registered as 38
02:47:13.361 [raft-server-1-state] TRACE i.a.utils.serializer.KryoNamespace - class java.util.Collections$EmptySet registered as 39
02:47:13.361 [raft-server-1-state] TRACE i.a.utils.serializer.KryoNamespace - class java.util.Optional registered as 40
02:47:13.361 [raft-server-1-state] TRACE i.a.utils.serializer.KryoNamespace - class java.util.Collections$EmptyList registered as 41
02:47:13.361 [raft-server-1-state] TRACE i.a.utils.serializer.KryoNamespace - class java.util.Collections$SingletonSet registered as 42
02:47:13.361 [raft-server-1-state] TRACE i.a.utils.serializer.KryoNamespace - class [I registered as 43
02:47:13.361 [raft-server-1-state] TRACE i.a.utils.serializer.KryoNamespace - class [J registered as 44
02:47:13.361 [raft-server-1-state] TRACE i.a.utils.serializer.KryoNamespace - class [S registered as 45
02:47:13.361 [raft-server-1-state] TRACE i.a.utils.serializer.KryoNamespace - class [D registered as 46
02:47:13.361 [raft-server-1-state] TRACE i.a.utils.serializer.KryoNamespace - class [F registered as 47
02:47:13.361 [raft-server-1-state] TRACE i.a.utils.serializer.KryoNamespace - class [C registered as 48
02:47:13.361 [raft-server-1-state] TRACE i.a.utils.serializer.KryoNamespace - class [Ljava.lang.String; registered as 49
02:47:13.361 [raft-server-1-state] TRACE i.a.utils.serializer.KryoNamespace - class [Z registered as 50
02:47:13.361 [raft-server-1-state] TRACE i.a.utils.serializer.KryoNamespace - class [Ljava.lang.Object; registered as 51
02:47:13.361 [raft-server-1-state] TRACE i.a.utils.serializer.KryoNamespace - class io.atomix.primitive.service.ServiceConfig registered as 52
02:47:13.361 [raft-server-1-state] TRACE i.a.utils.serializer.KryoNamespace - Creating Kryo instance for KryoNamespace{registeredBlocks=[RegistrationBlock{begin=16, types=[([Ljava.lang.Class;@6b321262,null), ([Ljava.lang.Class;@68b11545,null), ([Ljava.lang.Class;@7d0100ea,null), ([Ljava.lang.Class;@357bc488,null), ([Ljava.lang.Class;@4ea17147,io.atomix.utils.serializer.serializers.ImmutableListSerializer@2eda4eeb), ([Ljava.lang.Class;@5ba90d8a,io.atomix.utils.serializer.serializers.ImmutableSetSerializer@309dcdf3), ([Ljava.lang.Class;@7573b9ee,io.atomix.utils.serializer.serializers.ImmutableMapSerializer@9a20cbd), ([Ljava.lang.Class;@1af4955e,null), ([Ljava.lang.Class;@445821a6,null), ([Ljava.lang.Class;@2c0c4c0a,null), ([Ljava.lang.Class;@35d26ad2,null), ([Ljava.lang.Class;@bb25753,null), ([Ljava.lang.Class;@ee21292,null), ([Ljava.lang.Class;@40c06358,null), ([Ljava.lang.Class;@66e21568,null), ([Ljava.lang.Class;@7f73ce28,null), ([Ljava.lang.Class;@611b35d6,null), ([Ljava.lang.Class;@2282400e,null), ([Ljava.lang.Class;@543d5863,null), ([Ljava.lang.Class;@35dece42,null), ([Ljava.lang.Class;@dd3f8aa,io.atomix.utils.serializer.serializers.ArraysAsListSerializer@3d615b2e), ([Ljava.lang.Class;@3a1f2a1,null), ([Ljava.lang.Class;@40ce9049,null), ([Ljava.lang.Class;@52ca2652,null), ([Ljava.lang.Class;@65c5bf0e,null), ([Ljava.lang.Class;@697d6ded,null), ([Ljava.lang.Class;@5d05f453,null), ([Ljava.lang.Class;@5efeb117,null), ([Ljava.lang.Class;@160b4809,null), ([Ljava.lang.Class;@149b4d20,null), ([Ljava.lang.Class;@664e848c,null), ([Ljava.lang.Class;@4d93f75b,null), ([Ljava.lang.Class;@114a5e0,null), ([Ljava.lang.Class;@4f281aaf,null), ([Ljava.lang.Class;@5d508d22,null), ([Ljava.lang.Class;@f2b90fc,null)]}, RegistrationBlock{begin=52, types=[([Ljava.lang.Class;@3dabf146,null)]}]}
02:47:13.361 [raft-server-1-state] TRACE i.a.utils.serializer.KryoNamespace - class [B registered as 16
02:47:13.362 [raft-server-1-state] TRACE i.a.utils.serializer.KryoNamespace - class java.util.concurrent.atomic.AtomicBoolean registered as 17
02:47:13.362 [raft-server-1-state] TRACE i.a.utils.serializer.KryoNamespace - class java.util.concurrent.atomic.AtomicInteger registered as 18
02:47:13.362 [raft-server-1-state] TRACE i.a.utils.serializer.KryoNamespace - class java.util.concurrent.atomic.AtomicLong registered as 19
02:47:13.362 [raft-server-1-state] TRACE i.a.utils.serializer.KryoNamespace - class com.google.common.collect.ImmutableList registered as 20
02:47:13.362 [raft-server-1-state] TRACE i.a.utils.serializer.KryoNamespace - class com.google.common.collect.RegularImmutableList registered as 20
02:47:13.362 [raft-server-1-state] TRACE i.a.utils.serializer.KryoNamespace - class com.google.common.collect.RegularImmutableList registered as 20
02:47:13.362 [raft-server-1-state] TRACE i.a.utils.serializer.KryoNamespace - class com.google.common.collect.ImmutableList$SubList registered as 20
02:47:13.362 [raft-server-1-state] TRACE i.a.utils.serializer.KryoNamespace - class com.google.common.collect.ImmutableSet registered as 21
02:47:13.362 [raft-server-1-state] TRACE i.a.utils.serializer.KryoNamespace - class com.google.common.collect.RegularImmutableSet registered as 21
02:47:13.362 [raft-server-1-state] TRACE i.a.utils.serializer.KryoNamespace - class com.google.common.collect.SingletonImmutableSet registered as 21
02:47:13.362 [raft-server-1-state] TRACE i.a.utils.serializer.KryoNamespace - class com.google.common.collect.RegularImmutableSet registered as 21
02:47:13.362 [raft-server-1-state] TRACE i.a.utils.serializer.KryoNamespace - class com.google.common.collect.ImmutableMap registered as 22
02:47:13.362 [raft-server-1-state] TRACE i.a.utils.serializer.KryoNamespace - class com.google.common.collect.RegularImmutableMap registered as 22
02:47:13.362 [raft-server-1-state] TRACE i.a.utils.serializer.KryoNamespace - class com.google.common.collect.RegularImmutableMap registered as 22
02:47:13.362 [raft-server-1-state] TRACE i.a.utils.serializer.KryoNamespace - class com.google.common.collect.RegularImmutableMap registered as 22
02:47:13.362 [raft-server-1-state] TRACE i.a.utils.serializer.KryoNamespace - class java.util.Collections$UnmodifiableSet registered as 23
02:47:13.362 [raft-server-1-state] TRACE i.a.utils.serializer.KryoNamespace - class java.util.HashMap registered as 24
02:47:13.362 [raft-server-1-state] TRACE i.a.utils.serializer.KryoNamespace - class java.util.concurrent.ConcurrentHashMap registered as 25
02:47:13.362 [raft-server-1-state] TRACE i.a.utils.serializer.KryoNamespace - class java.util.concurrent.CopyOnWriteArraySet registered as 26
02:47:13.362 [raft-server-1-state] TRACE i.a.utils.serializer.KryoNamespace - class java.util.ArrayList registered as 27
02:47:13.362 [raft-server-1-state] TRACE i.a.utils.serializer.KryoNamespace - class java.util.LinkedList registered as 28
02:47:13.362 [raft-server-1-state] TRACE i.a.utils.serializer.KryoNamespace - class java.util.HashSet registered as 29
02:47:13.362 [raft-server-1-state] TRACE i.a.utils.serializer.KryoNamespace - class java.util.LinkedHashSet registered as 30
02:47:13.362 [raft-server-1-state] TRACE i.a.utils.serializer.KryoNamespace - class com.sun.jmx.remote.internal.ArrayQueue registered as 31
02:47:13.362 [raft-server-1-state] TRACE i.a.utils.serializer.KryoNamespace - class java.util.ArrayDeque registered as 32
02:47:13.362 [raft-server-1-state] TRACE i.a.utils.serializer.KryoNamespace - class com.google.common.collect.HashMultiset registered as 33
02:47:13.362 [raft-server-1-state] TRACE i.a.utils.serializer.KryoNamespace - class com.google.common.collect.Sets registered as 34
02:47:13.362 [raft-server-1-state] TRACE i.a.utils.serializer.KryoNamespace - class com.google.common.collect.ImmutableEntry registered as 35
02:47:13.362 [raft-server-1-state] TRACE i.a.utils.serializer.KryoNamespace - class java.util.Arrays$ArrayList registered as 36
02:47:13.362 [raft-server-1-state] TRACE i.a.utils.serializer.KryoNamespace - class java.util.Collections$SingletonList registered as 37
02:47:13.362 [raft-server-1-state] TRACE i.a.utils.serializer.KryoNamespace - class java.time.Duration registered as 38
02:47:13.362 [raft-server-1-state] TRACE i.a.utils.serializer.KryoNamespace - class java.util.Collections$EmptySet registered as 39
02:47:13.362 [raft-server-1-state] TRACE i.a.utils.serializer.KryoNamespace - class java.util.Optional registered as 40
02:47:13.362 [raft-server-1-state] TRACE i.a.utils.serializer.KryoNamespace - class java.util.Collections$EmptyList registered as 41
02:47:13.362 [raft-server-1-state] TRACE i.a.utils.serializer.KryoNamespace - class java.util.Collections$SingletonSet registered as 42
02:47:13.362 [raft-server-1-state] TRACE i.a.utils.serializer.KryoNamespace - class [I registered as 43
02:47:13.363 [raft-server-1-state] TRACE i.a.utils.serializer.KryoNamespace - class [J registered as 44
02:47:13.363 [raft-server-1-state] TRACE i.a.utils.serializer.KryoNamespace - class [S registered as 45
02:47:13.363 [raft-server-1-state] TRACE i.a.utils.serializer.KryoNamespace - class [D registered as 46
02:47:13.363 [raft-server-1-state] TRACE i.a.utils.serializer.KryoNamespace - class [F registered as 47
02:47:13.363 [raft-server-1-state] TRACE i.a.utils.serializer.KryoNamespace - class [C registered as 48
02:47:13.363 [raft-server-1-state] TRACE i.a.utils.serializer.KryoNamespace - class [Ljava.lang.String; registered as 49
02:47:13.363 [raft-server-1-state] TRACE i.a.utils.serializer.KryoNamespace - class [Z registered as 50
02:47:13.363 [raft-server-1-state] TRACE i.a.utils.serializer.KryoNamespace - class [Ljava.lang.Object; registered as 51
02:47:13.363 [raft-server-1-state] TRACE i.a.utils.serializer.KryoNamespace - class io.atomix.primitive.service.ServiceConfig registered as 52
02:47:13.363 [raft-server-1-state] DEBUG i.a.p.s.impl.DefaultServiceExecutor - PrimitiveService{2}{type=io.atomix.protocols.raft.RaftTest$TestPrimitiveType@78a96897, name=raft-test} - Registered operation callback DefaultOperationId{id=sendEvent, type=COMMAND}
02:47:13.363 [raft-server-1-state] DEBUG i.a.p.s.impl.DefaultServiceExecutor - PrimitiveService{2}{type=io.atomix.protocols.raft.RaftTest$TestPrimitiveType@78a96897, name=raft-test} - Registered operation callback DefaultOperationId{id=onClose, type=COMMAND}
02:47:13.363 [raft-server-1-state] DEBUG i.a.p.s.impl.DefaultServiceExecutor - PrimitiveService{2}{type=io.atomix.protocols.raft.RaftTest$TestPrimitiveType@78a96897, name=raft-test} - Registered operation callback DefaultOperationId{id=read, type=QUERY}
02:47:13.363 [raft-server-1-state] DEBUG i.a.p.s.impl.DefaultServiceExecutor - PrimitiveService{2}{type=io.atomix.protocols.raft.RaftTest$TestPrimitiveType@78a96897, name=raft-test} - Registered operation callback DefaultOperationId{id=onExpire, type=COMMAND}
02:47:13.363 [raft-server-1-state] DEBUG i.a.p.s.impl.DefaultServiceExecutor - PrimitiveService{2}{type=io.atomix.protocols.raft.RaftTest$TestPrimitiveType@78a96897, name=raft-test} - Registered operation callback DefaultOperationId{id=write, type=COMMAND}
02:47:13.363 [raft-server-1-state] TRACE i.a.utils.serializer.KryoNamespace - Creating Kryo instance for KryoNamespace{registeredBlocks=[RegistrationBlock{begin=16, types=[([Ljava.lang.Class;@6b321262,null), ([Ljava.lang.Class;@68b11545,null), ([Ljava.lang.Class;@7d0100ea,null), ([Ljava.lang.Class;@357bc488,null), ([Ljava.lang.Class;@4ea17147,io.atomix.utils.serializer.serializers.ImmutableListSerializer@2eda4eeb), ([Ljava.lang.Class;@5ba90d8a,io.atomix.utils.serializer.serializers.ImmutableSetSerializer@309dcdf3), ([Ljava.lang.Class;@7573b9ee,io.atomix.utils.serializer.serializers.ImmutableMapSerializer@9a20cbd), ([Ljava.lang.Class;@1af4955e,null), ([Ljava.lang.Class;@445821a6,null), ([Ljava.lang.Class;@2c0c4c0a,null), ([Ljava.lang.Class;@35d26ad2,null), ([Ljava.lang.Class;@bb25753,null), ([Ljava.lang.Class;@ee21292,null), ([Ljava.lang.Class;@40c06358,null), ([Ljava.lang.Class;@66e21568,null), ([Ljava.lang.Class;@7f73ce28,null), ([Ljava.lang.Class;@611b35d6,null), ([Ljava.lang.Class;@2282400e,null), ([Ljava.lang.Class;@543d5863,null), ([Ljava.lang.Class;@35dece42,null), ([Ljava.lang.Class;@dd3f8aa,io.atomix.utils.serializer.serializers.ArraysAsListSerializer@3d615b2e), ([Ljava.lang.Class;@3a1f2a1,null), ([Ljava.lang.Class;@40ce9049,null), ([Ljava.lang.Class;@52ca2652,null), ([Ljava.lang.Class;@65c5bf0e,null), ([Ljava.lang.Class;@697d6ded,null), ([Ljava.lang.Class;@5d05f453,null), ([Ljava.lang.Class;@5efeb117,null), ([Ljava.lang.Class;@160b4809,null), ([Ljava.lang.Class;@149b4d20,null), ([Ljava.lang.Class;@664e848c,null), ([Ljava.lang.Class;@4d93f75b,null), ([Ljava.lang.Class;@114a5e0,null), ([Ljava.lang.Class;@4f281aaf,null), ([Ljava.lang.Class;@5d508d22,null), ([Ljava.lang.Class;@f2b90fc,null)]}, RegistrationBlock{begin=52, types=[([Ljava.lang.Class;@5380df9e,null)]}]}
02:47:13.363 [raft-server-1-state] TRACE i.a.utils.serializer.KryoNamespace - class [B registered as 16
02:47:13.363 [raft-server-1-state] TRACE i.a.utils.serializer.KryoNamespace - class java.util.concurrent.atomic.AtomicBoolean registered as 17
02:47:13.363 [raft-server-1-state] TRACE i.a.utils.serializer.KryoNamespace - class java.util.concurrent.atomic.AtomicInteger registered as 18
02:47:13.363 [raft-server-1-state] TRACE i.a.utils.serializer.KryoNamespace - class java.util.concurrent.atomic.AtomicLong registered as 19
02:47:13.363 [raft-server-1-state] TRACE i.a.utils.serializer.KryoNamespace - class com.google.common.collect.ImmutableList registered as 20
02:47:13.363 [raft-server-1-state] TRACE i.a.utils.serializer.KryoNamespace - class com.google.common.collect.RegularImmutableList registered as 20
02:47:13.363 [raft-server-1-state] TRACE i.a.utils.serializer.KryoNamespace - class com.google.common.collect.RegularImmutableList registered as 20
02:47:13.363 [raft-server-1-state] TRACE i.a.utils.serializer.KryoNamespace - class com.google.common.collect.ImmutableList$SubList registered as 20
02:47:13.364 [raft-server-1-state] TRACE i.a.utils.serializer.KryoNamespace - class com.google.common.collect.ImmutableSet registered as 21
02:47:13.364 [raft-server-1-state] TRACE i.a.utils.serializer.KryoNamespace - class com.google.common.collect.RegularImmutableSet registered as 21
02:47:13.364 [raft-server-1-state] TRACE i.a.utils.serializer.KryoNamespace - class com.google.common.collect.SingletonImmutableSet registered as 21
02:47:13.364 [raft-server-1-state] TRACE i.a.utils.serializer.KryoNamespace - class com.google.common.collect.RegularImmutableSet registered as 21
02:47:13.364 [raft-server-1-state] TRACE i.a.utils.serializer.KryoNamespace - class com.google.common.collect.ImmutableMap registered as 22
02:47:13.364 [raft-server-1-state] TRACE i.a.utils.serializer.KryoNamespace - class com.google.common.collect.RegularImmutableMap registered as 22
02:47:13.364 [raft-server-1-state] TRACE i.a.utils.serializer.KryoNamespace - class com.google.common.collect.RegularImmutableMap registered as 22
02:47:13.364 [raft-server-1-state] TRACE i.a.utils.serializer.KryoNamespace - class com.google.common.collect.RegularImmutableMap registered as 22
02:47:13.364 [raft-server-1-state] TRACE i.a.utils.serializer.KryoNamespace - class java.util.Collections$UnmodifiableSet registered as 23
02:47:13.364 [raft-server-1-state] TRACE i.a.utils.serializer.KryoNamespace - class java.util.HashMap registered as 24
02:47:13.364 [raft-server-1-state] TRACE i.a.utils.serializer.KryoNamespace - class java.util.concurrent.ConcurrentHashMap registered as 25
02:47:13.364 [raft-server-1-state] TRACE i.a.utils.serializer.KryoNamespace - class java.util.concurrent.CopyOnWriteArraySet registered as 26
02:47:13.364 [raft-server-1-state] TRACE i.a.utils.serializer.KryoNamespace - class java.util.ArrayList registered as 27
02:47:13.364 [raft-server-1-state] TRACE i.a.utils.serializer.KryoNamespace - class java.util.LinkedList registered as 28
02:47:13.364 [raft-server-1-state] TRACE i.a.utils.serializer.KryoNamespace - class java.util.HashSet registered as 29
02:47:13.364 [raft-server-1-state] TRACE i.a.utils.serializer.KryoNamespace - class java.util.LinkedHashSet registered as 30
02:47:13.364 [raft-server-1-state] TRACE i.a.utils.serializer.KryoNamespace - class com.sun.jmx.remote.internal.ArrayQueue registered as 31
02:47:13.364 [raft-server-1-state] TRACE i.a.utils.serializer.KryoNamespace - class java.util.ArrayDeque registered as 32
02:47:13.364 [raft-server-1-state] TRACE i.a.utils.serializer.KryoNamespace - class com.google.common.collect.HashMultiset registered as 33
02:47:13.364 [raft-server-1-state] TRACE i.a.utils.serializer.KryoNamespace - class com.google.common.collect.Sets registered as 34
02:47:13.364 [raft-server-1-state] TRACE i.a.utils.serializer.KryoNamespace - class com.google.common.collect.ImmutableEntry registered as 35
02:47:13.364 [raft-server-1-state] TRACE i.a.utils.serializer.KryoNamespace - class java.util.Arrays$ArrayList registered as 36
02:47:13.364 [raft-server-1-state] TRACE i.a.utils.serializer.KryoNamespace - class java.util.Collections$SingletonList registered as 37
02:47:13.364 [raft-server-1-state] TRACE i.a.utils.serializer.KryoNamespace - class java.time.Duration registered as 38
02:47:13.364 [raft-server-1-state] TRACE i.a.utils.serializer.KryoNamespace - class java.util.Collections$EmptySet registered as 39
02:47:13.364 [raft-server-1-state] TRACE i.a.utils.serializer.KryoNamespace - class java.util.Optional registered as 40
02:47:13.364 [raft-server-1-state] TRACE i.a.utils.serializer.KryoNamespace - class java.util.Collections$EmptyList registered as 41
02:47:13.364 [raft-server-1-state] TRACE i.a.utils.serializer.KryoNamespace - class java.util.Collections$SingletonSet registered as 42
02:47:13.364 [raft-server-1-state] TRACE i.a.utils.serializer.KryoNamespace - class [I registered as 43
02:47:13.364 [raft-server-1-state] TRACE i.a.utils.serializer.KryoNamespace - class [J registered as 44
02:47:13.364 [raft-server-1-state] TRACE i.a.utils.serializer.KryoNamespace - class [S registered as 45
02:47:13.364 [raft-server-1-state] TRACE i.a.utils.serializer.KryoNamespace - class [D registered as 46
02:47:13.364 [raft-server-1-state] TRACE i.a.utils.serializer.KryoNamespace - class [F registered as 47
02:47:13.365 [raft-server-1-state] TRACE i.a.utils.serializer.KryoNamespace - class [C registered as 48
02:47:13.365 [raft-server-1-state] TRACE i.a.utils.serializer.KryoNamespace - class [Ljava.lang.String; registered as 49
02:47:13.365 [raft-server-1-state] TRACE i.a.utils.serializer.KryoNamespace - class [Z registered as 50
02:47:13.365 [raft-server-1-state] TRACE i.a.utils.serializer.KryoNamespace - class [Ljava.lang.Object; registered as 51
02:47:13.365 [raft-server-1-state] TRACE i.a.utils.serializer.KryoNamespace - class io.atomix.primitive.service.ServiceConfig registered as 52
02:47:13.365 [raft-server-1-state] DEBUG i.a.p.r.service.RaftServiceContext - PrimitiveService{2}{type=io.atomix.protocols.raft.RaftTest$TestPrimitiveType@78a96897, name=raft-test} - Opening session 2
02:47:13.365 [raft-server-1-state] DEBUG i.a.p.raft.session.RaftSession - Session{2}{type=io.atomix.protocols.raft.RaftTest$TestPrimitiveType@78a96897, name=raft-test} - State changed: OPEN
02:47:13.365 [raft-server-1-state] TRACE i.a.protocols.raft.roles.LeaderRole - RaftServer{1}{role=LEADER} - Sending OpenSessionResponse{status=OK, session=2, timeout=5000}
02:47:13.365 [raft-server-2] TRACE i.a.p.raft.roles.FollowerRole - RaftServer{2}{role=FOLLOWER} - Sending OpenSessionResponse{status=OK, session=2, timeout=5000}
02:47:13.367 [raft-client-adc731f6-ea25-4ed9-9979-1c5079ac6ea7-1] TRACE i.a.p.r.p.impl.RaftProxyConnection - RaftClient{adc731f6-ea25-4ed9-9979-1c5079ac6ea7} - Received OpenSessionResponse{status=OK, session=2, timeout=5000} from 2
02:47:13.367 [raft-client-adc731f6-ea25-4ed9-9979-1c5079ac6ea7-0] TRACE i.a.p.r.proxy.impl.RaftProxyManager - RaftClient{adc731f6-ea25-4ed9-9979-1c5079ac6ea7} - Keeping 1 sessions alive
02:47:13.367 [raft-client-adc731f6-ea25-4ed9-9979-1c5079ac6ea7-2] TRACE i.a.p.r.p.impl.RaftProxyConnection - RaftClient{adc731f6-ea25-4ed9-9979-1c5079ac6ea7} - Sending KeepAliveRequest{sessionIds=long[]{length=1, hash=33}, commandSequences=long[]{length=1, hash=31}, eventIndexes=long[]{length=1, hash=33}} to 2
02:47:13.368 [raft-server-2] TRACE i.a.p.raft.roles.FollowerRole - RaftServer{2}{role=FOLLOWER} - Received KeepAliveRequest{sessionIds=long[]{length=1, hash=33}, commandSequences=long[]{length=1, hash=31}, eventIndexes=long[]{length=1, hash=33}}
02:47:13.368 [raft-server-1] TRACE i.a.protocols.raft.roles.LeaderRole - RaftServer{1}{role=LEADER} - Received KeepAliveRequest{sessionIds=long[]{length=1, hash=33}, commandSequences=long[]{length=1, hash=31}, eventIndexes=long[]{length=1, hash=33}}
02:47:13.368 [raft-client-adc731f6-ea25-4ed9-9979-1c5079ac6ea7-0] DEBUG i.a.p.c.impl.RecoveringSessionClient - SessionClient{2}{type=io.atomix.protocols.raft.RaftTest$TestPrimitiveType@35bfa1bb, name=raft-test} - State changed: CONNECTED
02:47:13.368 [raft-server-1] TRACE i.a.protocols.raft.roles.LeaderRole - RaftServer{1}{role=LEADER} - Appended Indexed{index=3, entry=KeepAliveEntry{term=1, timestamp=2018-06-09 02:47:13,368, sessionIds=long[]{length=1, hash=33}, commandSequences=long[]{length=1, hash=31}, eventIndexes=long[]{length=1, hash=33}}}
02:47:13.368 [raft-server-1] TRACE i.a.p.raft.roles.LeaderAppender - RaftServer{1} - Sending AppendRequest{term=1, leader=1, prevLogIndex=2, prevLogTerm=1, entries=1, commitIndex=2} to 3
02:47:13.368 [raft-server-3] TRACE i.a.p.raft.roles.FollowerRole - RaftServer{3}{role=FOLLOWER} - Received AppendRequest{term=1, leader=1, prevLogIndex=2, prevLogTerm=1, entries=1, commitIndex=2}
02:47:13.369 [raft-server-1] TRACE i.a.p.raft.roles.LeaderAppender - RaftServer{1} - Sending AppendRequest{term=1, leader=1, prevLogIndex=2, prevLogTerm=1, entries=1, commitIndex=2} to 2
02:47:13.369 [raft-server-2] TRACE i.a.p.raft.roles.FollowerRole - RaftServer{2}{role=FOLLOWER} - Received AppendRequest{term=1, leader=1, prevLogIndex=2, prevLogTerm=1, entries=1, commitIndex=2}
02:47:13.369 [raft-server-3] TRACE i.a.p.raft.roles.FollowerRole - RaftServer{3}{role=FOLLOWER} - Appended Indexed{index=3, entry=KeepAliveEntry{term=1, timestamp=2018-06-09 02:47:13,368, sessionIds=long[]{length=1, hash=33}, commandSequences=long[]{length=1, hash=31}, eventIndexes=long[]{length=1, hash=33}}}
02:47:13.369 [main] TRACE i.a.utils.serializer.KryoNamespace - Creating Kryo instance for KryoNamespace{registeredBlocks=[RegistrationBlock{begin=16, types=[([Ljava.lang.Class;@6b321262,null), ([Ljava.lang.Class;@68b11545,null), ([Ljava.lang.Class;@7d0100ea,null), ([Ljava.lang.Class;@357bc488,null), ([Ljava.lang.Class;@4ea17147,io.atomix.utils.serializer.serializers.ImmutableListSerializer@2eda4eeb), ([Ljava.lang.Class;@5ba90d8a,io.atomix.utils.serializer.serializers.ImmutableSetSerializer@309dcdf3), ([Ljava.lang.Class;@7573b9ee,io.atomix.utils.serializer.serializers.ImmutableMapSerializer@9a20cbd), ([Ljava.lang.Class;@1af4955e,null), ([Ljava.lang.Class;@445821a6,null), ([Ljava.lang.Class;@2c0c4c0a,null), ([Ljava.lang.Class;@35d26ad2,null), ([Ljava.lang.Class;@bb25753,null), ([Ljava.lang.Class;@ee21292,null), ([Ljava.lang.Class;@40c06358,null), ([Ljava.lang.Class;@66e21568,null), ([Ljava.lang.Class;@7f73ce28,null), ([Ljava.lang.Class;@611b35d6,null), ([Ljava.lang.Class;@2282400e,null), ([Ljava.lang.Class;@543d5863,null), ([Ljava.lang.Class;@35dece42,null), ([Ljava.lang.Class;@dd3f8aa,io.atomix.utils.serializer.serializers.ArraysAsListSerializer@3d615b2e), ([Ljava.lang.Class;@3a1f2a1,null), ([Ljava.lang.Class;@40ce9049,null), ([Ljava.lang.Class;@52ca2652,null), ([Ljava.lang.Class;@65c5bf0e,null), ([Ljava.lang.Class;@697d6ded,null), ([Ljava.lang.Class;@5d05f453,null), ([Ljava.lang.Class;@5efeb117,null), ([Ljava.lang.Class;@160b4809,null), ([Ljava.lang.Class;@149b4d20,null), ([Ljava.lang.Class;@664e848c,null), ([Ljava.lang.Class;@4d93f75b,null), ([Ljava.lang.Class;@114a5e0,null), ([Ljava.lang.Class;@4f281aaf,null), ([Ljava.lang.Class;@5d508d22,null), ([Ljava.lang.Class;@f2b90fc,null)]}, RegistrationBlock{begin=52, types=[([Ljava.lang.Class;@64656b9e,null)]}]}
02:47:13.369 [raft-server-2] TRACE i.a.p.raft.roles.FollowerRole - RaftServer{2}{role=FOLLOWER} - Appended Indexed{index=3, entry=KeepAliveEntry{term=1, timestamp=2018-06-09 02:47:13,368, sessionIds=long[]{length=1, hash=33}, commandSequences=long[]{length=1, hash=31}, eventIndexes=long[]{length=1, hash=33}}}
02:47:13.369 [main] TRACE i.a.utils.serializer.KryoNamespace - class [B registered as 16
02:47:13.369 [main] TRACE i.a.utils.serializer.KryoNamespace - class java.util.concurrent.atomic.AtomicBoolean registered as 17
02:47:13.369 [main] TRACE i.a.utils.serializer.KryoNamespace - class java.util.concurrent.atomic.AtomicInteger registered as 18
02:47:13.369 [main] TRACE i.a.utils.serializer.KryoNamespace - class java.util.concurrent.atomic.AtomicLong registered as 19
02:47:13.369 [main] TRACE i.a.utils.serializer.KryoNamespace - class com.google.common.collect.ImmutableList registered as 20
02:47:13.369 [main] TRACE i.a.utils.serializer.KryoNamespace - class com.google.common.collect.RegularImmutableList registered as 20
02:47:13.369 [main] TRACE i.a.utils.serializer.KryoNamespace - class com.google.common.collect.RegularImmutableList registered as 20
02:47:13.369 [main] TRACE i.a.utils.serializer.KryoNamespace - class com.google.common.collect.ImmutableList$SubList registered as 20
02:47:13.369 [main] TRACE i.a.utils.serializer.KryoNamespace - class com.google.common.collect.ImmutableSet registered as 21
02:47:13.369 [main] TRACE i.a.utils.serializer.KryoNamespace - class com.google.common.collect.RegularImmutableSet registered as 21
02:47:13.369 [main] TRACE i.a.utils.serializer.KryoNamespace - class com.google.common.collect.SingletonImmutableSet registered as 21
02:47:13.369 [main] TRACE i.a.utils.serializer.KryoNamespace - class com.google.common.collect.RegularImmutableSet registered as 21
02:47:13.369 [main] TRACE i.a.utils.serializer.KryoNamespace - class com.google.common.collect.ImmutableMap registered as 22
02:47:13.369 [main] TRACE i.a.utils.serializer.KryoNamespace - class com.google.common.collect.RegularImmutableMap registered as 22
02:47:13.369 [main] TRACE i.a.utils.serializer.KryoNamespace - class com.google.common.collect.RegularImmutableMap registered as 22
02:47:13.369 [main] TRACE i.a.utils.serializer.KryoNamespace - class com.google.common.collect.RegularImmutableMap registered as 22
02:47:13.369 [main] TRACE i.a.utils.serializer.KryoNamespace - class java.util.Collections$UnmodifiableSet registered as 23
02:47:13.370 [main] TRACE i.a.utils.serializer.KryoNamespace - class java.util.HashMap registered as 24
02:47:13.370 [main] TRACE i.a.utils.serializer.KryoNamespace - class java.util.concurrent.ConcurrentHashMap registered as 25
02:47:13.370 [main] TRACE i.a.utils.serializer.KryoNamespace - class java.util.concurrent.CopyOnWriteArraySet registered as 26
02:47:13.370 [main] TRACE i.a.utils.serializer.KryoNamespace - class java.util.ArrayList registered as 27
02:47:13.370 [main] TRACE i.a.utils.serializer.KryoNamespace - class java.util.LinkedList registered as 28
02:47:13.370 [main] TRACE i.a.utils.serializer.KryoNamespace - class java.util.HashSet registered as 29
02:47:13.370 [main] TRACE i.a.utils.serializer.KryoNamespace - class java.util.LinkedHashSet registered as 30
02:47:13.370 [main] TRACE i.a.utils.serializer.KryoNamespace - class com.sun.jmx.remote.internal.ArrayQueue registered as 31
02:47:13.370 [main] TRACE i.a.utils.serializer.KryoNamespace - class java.util.ArrayDeque registered as 32
02:47:13.370 [main] TRACE i.a.utils.serializer.KryoNamespace - class com.google.common.collect.HashMultiset registered as 33
02:47:13.370 [main] TRACE i.a.utils.serializer.KryoNamespace - class com.google.common.collect.Sets registered as 34
02:47:13.370 [main] TRACE i.a.utils.serializer.KryoNamespace - class com.google.common.collect.ImmutableEntry registered as 35
02:47:13.370 [main] TRACE i.a.utils.serializer.KryoNamespace - class java.util.Arrays$ArrayList registered as 36
02:47:13.370 [main] TRACE i.a.utils.serializer.KryoNamespace - class java.util.Collections$SingletonList registered as 37
02:47:13.370 [main] TRACE i.a.utils.serializer.KryoNamespace - class java.time.Duration registered as 38
02:47:13.370 [main] TRACE i.a.utils.serializer.KryoNamespace - class java.util.Collections$EmptySet registered as 39
02:47:13.370 [main] TRACE i.a.utils.serializer.KryoNamespace - class java.util.Optional registered as 40
02:47:13.370 [main] TRACE i.a.utils.serializer.KryoNamespace - class java.util.Collections$EmptyList registered as 41
02:47:13.370 [main] TRACE i.a.utils.serializer.KryoNamespace - class java.util.Collections$SingletonSet registered as 42
02:47:13.370 [main] TRACE i.a.utils.serializer.KryoNamespace - class [I registered as 43
02:47:13.370 [main] TRACE i.a.utils.serializer.KryoNamespace - class [J registered as 44
02:47:13.370 [main] TRACE i.a.utils.serializer.KryoNamespace - class [S registered as 45
02:47:13.370 [main] TRACE i.a.utils.serializer.KryoNamespace - class [D registered as 46
02:47:13.371 [main] TRACE i.a.utils.serializer.KryoNamespace - class [F registered as 47
02:47:13.371 [main] TRACE i.a.utils.serializer.KryoNamespace - class [C registered as 48
02:47:13.371 [main] TRACE i.a.utils.serializer.KryoNamespace - class [Ljava.lang.String; registered as 49
02:47:13.371 [main] TRACE i.a.utils.serializer.KryoNamespace - class [Z registered as 50
02:47:13.371 [main] TRACE i.a.utils.serializer.KryoNamespace - class [Ljava.lang.Object; registered as 51
02:47:13.371 [main] TRACE i.a.utils.serializer.KryoNamespace - class io.atomix.primitive.service.ServiceConfig registered as 52
02:47:13.373 [raft-client-adc731f6-ea25-4ed9-9979-1c5079ac6ea7-3] TRACE i.a.p.r.p.impl.RaftProxyConnection - SessionClient{2}{type=io.atomix.protocols.raft.RaftTest$TestPrimitiveType@35bfa1bb, name=raft-test} - Sending CommandRequest{session=2, sequence=1, operation=PrimitiveOperation{id=DefaultOperationId{id=sendEvent, type=COMMAND}, value=byte[]{length=5, hash=77607633}}} to 2
02:47:13.464 [raft-server-3] TRACE i.a.p.raft.roles.FollowerRole - RaftServer{3}{role=FOLLOWER} - Committed entries up to index 2
02:47:13.464 [raft-server-2] TRACE i.a.p.raft.roles.FollowerRole - RaftServer{2}{role=FOLLOWER} - Committed entries up to index 2
02:47:13.464 [raft-server-3] TRACE i.a.p.raft.roles.FollowerRole - RaftServer{3}{role=FOLLOWER} - Sending AppendResponse{status=OK, term=1, succeeded=true, lastLogIndex=3}
02:47:13.464 [raft-server-2] TRACE i.a.p.raft.roles.FollowerRole - RaftServer{2}{role=FOLLOWER} - Sending AppendResponse{status=OK, term=1, succeeded=true, lastLogIndex=3}
02:47:13.465 [raft-server-1] TRACE i.a.p.raft.roles.LeaderAppender - RaftServer{1} - Received AppendResponse{status=OK, term=1, succeeded=true, lastLogIndex=3} from 3
02:47:13.465 [raft-server-2] TRACE i.a.p.raft.roles.FollowerRole - RaftServer{2}{role=FOLLOWER} - Received CommandRequest{session=2, sequence=1, operation=PrimitiveOperation{id=DefaultOperationId{id=sendEvent, type=COMMAND}, value=byte[]{length=5, hash=77607633}}}
02:47:13.465 [raft-server-1] TRACE i.a.p.raft.roles.LeaderAppender - RaftServer{1} - Committed entries up to 3
02:47:13.465 [raft-server-3-state] TRACE i.a.p.raft.impl.RaftServiceManager - RaftServer{3} - Applying Indexed{index=2, entry=OpenSessionEntry{term=1, timestamp=2018-06-09 02:47:13,297, node=4, serviceName=raft-test, serviceType=raft-test, serviceConfig=byte[]{length=2, hash=2636}, readConsistency=LINEARIZABLE, minTimeout=250, maxTimeout=5000}}
02:47:13.465 [raft-server-2-state] TRACE i.a.p.raft.impl.RaftServiceManager - RaftServer{2} - Applying Indexed{index=2, entry=OpenSessionEntry{term=1, timestamp=2018-06-09 02:47:13,297, node=4, serviceName=raft-test, serviceType=raft-test, serviceConfig=byte[]{length=2, hash=2636}, readConsistency=LINEARIZABLE, minTimeout=250, maxTimeout=5000}}
02:47:13.465 [raft-server-3-state] TRACE i.a.utils.serializer.KryoNamespace - Creating Kryo instance for KryoNamespace{registeredBlocks=[RegistrationBlock{begin=16, types=[([Ljava.lang.Class;@6b321262,null), ([Ljava.lang.Class;@68b11545,null), ([Ljava.lang.Class;@7d0100ea,null), ([Ljava.lang.Class;@357bc488,null), ([Ljava.lang.Class;@4ea17147,io.atomix.utils.serializer.serializers.ImmutableListSerializer@2eda4eeb), ([Ljava.lang.Class;@5ba90d8a,io.atomix.utils.serializer.serializers.ImmutableSetSerializer@309dcdf3), ([Ljava.lang.Class;@7573b9ee,io.atomix.utils.serializer.serializers.ImmutableMapSerializer@9a20cbd), ([Ljava.lang.Class;@1af4955e,null), ([Ljava.lang.Class;@445821a6,null), ([Ljava.lang.Class;@2c0c4c0a,null), ([Ljava.lang.Class;@35d26ad2,null), ([Ljava.lang.Class;@bb25753,null), ([Ljava.lang.Class;@ee21292,null), ([Ljava.lang.Class;@40c06358,null), ([Ljava.lang.Class;@66e21568,null), ([Ljava.lang.Class;@7f73ce28,null), ([Ljava.lang.Class;@611b35d6,null), ([Ljava.lang.Class;@2282400e,null), ([Ljava.lang.Class;@543d5863,null), ([Ljava.lang.Class;@35dece42,null), ([Ljava.lang.Class;@dd3f8aa,io.atomix.utils.serializer.serializers.ArraysAsListSerializer@3d615b2e), ([Ljava.lang.Class;@3a1f2a1,null), ([Ljava.lang.Class;@40ce9049,null), ([Ljava.lang.Class;@52ca2652,null), ([Ljava.lang.Class;@65c5bf0e,null), ([Ljava.lang.Class;@697d6ded,null), ([Ljava.lang.Class;@5d05f453,null), ([Ljava.lang.Class;@5efeb117,null), ([Ljava.lang.Class;@160b4809,null), ([Ljava.lang.Class;@149b4d20,null), ([Ljava.lang.Class;@664e848c,null), ([Ljava.lang.Class;@4d93f75b,null), ([Ljava.lang.Class;@114a5e0,null), ([Ljava.lang.Class;@4f281aaf,null), ([Ljava.lang.Class;@5d508d22,null), ([Ljava.lang.Class;@f2b90fc,null)]}, RegistrationBlock{begin=52, types=[([Ljava.lang.Class;@4798ed18,null)]}]}
02:47:13.465 [raft-server-2-state] TRACE i.a.utils.serializer.KryoNamespace - Creating Kryo instance for KryoNamespace{registeredBlocks=[RegistrationBlock{begin=16, types=[([Ljava.lang.Class;@6b321262,null), ([Ljava.lang.Class;@68b11545,null), ([Ljava.lang.Class;@7d0100ea,null), ([Ljava.lang.Class;@357bc488,null), ([Ljava.lang.Class;@4ea17147,io.atomix.utils.serializer.serializers.ImmutableListSerializer@2eda4eeb), ([Ljava.lang.Class;@5ba90d8a,io.atomix.utils.serializer.serializers.ImmutableSetSerializer@309dcdf3), ([Ljava.lang.Class;@7573b9ee,io.atomix.utils.serializer.serializers.ImmutableMapSerializer@9a20cbd), ([Ljava.lang.Class;@1af4955e,null), ([Ljava.lang.Class;@445821a6,null), ([Ljava.lang.Class;@2c0c4c0a,null), ([Ljava.lang.Class;@35d26ad2,null), ([Ljava.lang.Class;@bb25753,null), ([Ljava.lang.Class;@ee21292,null), ([Ljava.lang.Class;@40c06358,null), ([Ljava.lang.Class;@66e21568,null), ([Ljava.lang.Class;@7f73ce28,null), ([Ljava.lang.Class;@611b35d6,null), ([Ljava.lang.Class;@2282400e,null), ([Ljava.lang.Class;@543d5863,null), ([Ljava.lang.Class;@35dece42,null), ([Ljava.lang.Class;@dd3f8aa,io.atomix.utils.serializer.serializers.ArraysAsListSerializer@3d615b2e), ([Ljava.lang.Class;@3a1f2a1,null), ([Ljava.lang.Class;@40ce9049,null), ([Ljava.lang.Class;@52ca2652,null), ([Ljava.lang.Class;@65c5bf0e,null), ([Ljava.lang.Class;@697d6ded,null), ([Ljava.lang.Class;@5d05f453,null), ([Ljava.lang.Class;@5efeb117,null), ([Ljava.lang.Class;@160b4809,null), ([Ljava.lang.Class;@149b4d20,null), ([Ljava.lang.Class;@664e848c,null), ([Ljava.lang.Class;@4d93f75b,null), ([Ljava.lang.Class;@114a5e0,null), ([Ljava.lang.Class;@4f281aaf,null), ([Ljava.lang.Class;@5d508d22,null), ([Ljava.lang.Class;@f2b90fc,null)]}, RegistrationBlock{begin=52, types=[([Ljava.lang.Class;@5aea3b79,null)]}]}
02:47:13.465 [raft-server-3-state] TRACE i.a.utils.serializer.KryoNamespace - class [B registered as 16
02:47:13.465 [raft-server-2-state] TRACE i.a.utils.serializer.KryoNamespace - class [B registered as 16
02:47:13.465 [raft-server-2-state] TRACE i.a.utils.serializer.KryoNamespace - class java.util.concurrent.atomic.AtomicBoolean registered as 17
02:47:13.465 [raft-server-3-state] TRACE i.a.utils.serializer.KryoNamespace - class java.util.concurrent.atomic.AtomicBoolean registered as 17
02:47:13.465 [raft-server-2-state] TRACE i.a.utils.serializer.KryoNamespace - class java.util.concurrent.atomic.AtomicInteger registered as 18
02:47:13.465 [raft-server-3-state] TRACE i.a.utils.serializer.KryoNamespace - class java.util.concurrent.atomic.AtomicInteger registered as 18
02:47:13.465 [raft-server-2-state] TRACE i.a.utils.serializer.KryoNamespace - class java.util.concurrent.atomic.AtomicLong registered as 19
02:47:13.465 [raft-server-3-state] TRACE i.a.utils.serializer.KryoNamespace - class java.util.concurrent.atomic.AtomicLong registered as 19
02:47:13.465 [raft-server-2-state] TRACE i.a.utils.serializer.KryoNamespace - class com.google.common.collect.ImmutableList registered as 20
02:47:13.466 [raft-server-3-state] TRACE i.a.utils.serializer.KryoNamespace - class com.google.common.collect.ImmutableList registered as 20
02:47:13.466 [raft-server-2-state] TRACE i.a.utils.serializer.KryoNamespace - class com.google.common.collect.RegularImmutableList registered as 20
02:47:13.466 [raft-server-3-state] TRACE i.a.utils.serializer.KryoNamespace - class com.google.common.collect.RegularImmutableList registered as 20
02:47:13.466 [raft-server-2-state] TRACE i.a.utils.serializer.KryoNamespace - class com.google.common.collect.RegularImmutableList registered as 20
02:47:13.466 [raft-server-3-state] TRACE i.a.utils.serializer.KryoNamespace - class com.google.common.collect.RegularImmutableList registered as 20
02:47:13.466 [raft-server-2-state] TRACE i.a.utils.serializer.KryoNamespace - class com.google.common.collect.ImmutableList$SubList registered as 20
02:47:13.466 [raft-server-3-state] TRACE i.a.utils.serializer.KryoNamespace - class com.google.common.collect.ImmutableList$SubList registered as 20
02:47:13.466 [raft-server-2-state] TRACE i.a.utils.serializer.KryoNamespace - class com.google.common.collect.ImmutableSet registered as 21
02:47:13.466 [raft-server-3-state] TRACE i.a.utils.serializer.KryoNamespace - class com.google.common.collect.ImmutableSet registered as 21
02:47:13.466 [raft-server-2-state] TRACE i.a.utils.serializer.KryoNamespace - class com.google.common.collect.RegularImmutableSet registered as 21
02:47:13.466 [raft-server-3-state] TRACE i.a.utils.serializer.KryoNamespace - class com.google.common.collect.RegularImmutableSet registered as 21
02:47:13.466 [raft-server-2-state] TRACE i.a.utils.serializer.KryoNamespace - class com.google.common.collect.SingletonImmutableSet registered as 21
02:47:13.466 [raft-server-3-state] TRACE i.a.utils.serializer.KryoNamespace - class com.google.common.collect.SingletonImmutableSet registered as 21
02:47:13.466 [raft-server-2-state] TRACE i.a.utils.serializer.KryoNamespace - class com.google.common.collect.RegularImmutableSet registered as 21
02:47:13.466 [raft-server-3-state] TRACE i.a.utils.serializer.KryoNamespace - class com.google.common.collect.RegularImmutableSet registered as 21
02:47:13.466 [raft-server-2-state] TRACE i.a.utils.serializer.KryoNamespace - class com.google.common.collect.ImmutableMap registered as 22
02:47:13.466 [raft-server-3-state] TRACE i.a.utils.serializer.KryoNamespace - class com.google.common.collect.ImmutableMap registered as 22
02:47:13.466 [raft-server-2-state] TRACE i.a.utils.serializer.KryoNamespace - class com.google.common.collect.RegularImmutableMap registered as 22
02:47:13.466 [raft-server-3-state] TRACE i.a.utils.serializer.KryoNamespace - class com.google.common.collect.RegularImmutableMap registered as 22
02:47:13.466 [raft-server-2-state] TRACE i.a.utils.serializer.KryoNamespace - class com.google.common.collect.RegularImmutableMap registered as 22
02:47:13.466 [raft-server-3-state] TRACE i.a.utils.serializer.KryoNamespace - class com.google.common.collect.RegularImmutableMap registered as 22
02:47:13.466 [raft-server-2-state] TRACE i.a.utils.serializer.KryoNamespace - class com.google.common.collect.RegularImmutableMap registered as 22
02:47:13.466 [raft-server-3-state] TRACE i.a.utils.serializer.KryoNamespace - class com.google.common.collect.RegularImmutableMap registered as 22
02:47:13.466 [raft-server-2-state] TRACE i.a.utils.serializer.KryoNamespace - class java.util.Collections$UnmodifiableSet registered as 23
02:47:13.466 [raft-server-3-state] TRACE i.a.utils.serializer.KryoNamespace - class java.util.Collections$UnmodifiableSet registered as 23
02:47:13.466 [raft-server-2-state] TRACE i.a.utils.serializer.KryoNamespace - class java.util.HashMap registered as 24
02:47:13.467 [raft-server-3-state] TRACE i.a.utils.serializer.KryoNamespace - class java.util.HashMap registered as 24
02:47:13.467 [raft-server-2-state] TRACE i.a.utils.serializer.KryoNamespace - class java.util.concurrent.ConcurrentHashMap registered as 25
02:47:13.467 [raft-server-3-state] TRACE i.a.utils.serializer.KryoNamespace - class java.util.concurrent.ConcurrentHashMap registered as 25
02:47:13.467 [raft-server-2-state] TRACE i.a.utils.serializer.KryoNamespace - class java.util.concurrent.CopyOnWriteArraySet registered as 26
02:47:13.467 [raft-server-3-state] TRACE i.a.utils.serializer.KryoNamespace - class java.util.concurrent.CopyOnWriteArraySet registered as 26
02:47:13.467 [raft-server-2-state] TRACE i.a.utils.serializer.KryoNamespace - class java.util.ArrayList registered as 27
02:47:13.467 [raft-server-3-state] TRACE i.a.utils.serializer.KryoNamespace - class java.util.ArrayList registered as 27
02:47:13.467 [raft-server-2-state] TRACE i.a.utils.serializer.KryoNamespace - class java.util.LinkedList registered as 28
02:47:13.467 [raft-server-3-state] TRACE i.a.utils.serializer.KryoNamespace - class java.util.LinkedList registered as 28
02:47:13.467 [raft-server-2-state] TRACE i.a.utils.serializer.KryoNamespace - class java.util.HashSet registered as 29
02:47:13.467 [raft-server-3-state] TRACE i.a.utils.serializer.KryoNamespace - class java.util.HashSet registered as 29
02:47:13.467 [raft-server-2-state] TRACE i.a.utils.serializer.KryoNamespace - class java.util.LinkedHashSet registered as 30
02:47:13.467 [raft-server-3-state] TRACE i.a.utils.serializer.KryoNamespace - class java.util.LinkedHashSet registered as 30
02:47:13.467 [raft-server-2-state] TRACE i.a.utils.serializer.KryoNamespace - class com.sun.jmx.remote.internal.ArrayQueue registered as 31
02:47:13.467 [raft-server-3-state] TRACE i.a.utils.serializer.KryoNamespace - class com.sun.jmx.remote.internal.ArrayQueue registered as 31
02:47:13.467 [raft-server-2-state] TRACE i.a.utils.serializer.KryoNamespace - class java.util.ArrayDeque registered as 32
02:47:13.467 [raft-server-2-state] TRACE i.a.utils.serializer.KryoNamespace - class com.google.common.collect.HashMultiset registered as 33
02:47:13.467 [raft-server-3-state] TRACE i.a.utils.serializer.KryoNamespace - class java.util.ArrayDeque registered as 32
02:47:13.467 [raft-server-2-state] TRACE i.a.utils.serializer.KryoNamespace - class com.google.common.collect.Sets registered as 34
02:47:13.467 [raft-server-3-state] TRACE i.a.utils.serializer.KryoNamespace - class com.google.common.collect.HashMultiset registered as 33
02:47:13.467 [raft-server-2-state] TRACE i.a.utils.serializer.KryoNamespace - class com.google.common.collect.ImmutableEntry registered as 35
02:47:13.467 [raft-server-3-state] TRACE i.a.utils.serializer.KryoNamespace - class com.google.common.collect.Sets registered as 34
02:47:13.467 [raft-server-2-state] TRACE i.a.utils.serializer.KryoNamespace - class java.util.Arrays$ArrayList registered as 36
02:47:13.467 [raft-server-3-state] TRACE i.a.utils.serializer.KryoNamespace - class com.google.common.collect.ImmutableEntry registered as 35
02:47:13.467 [raft-server-3-state] TRACE i.a.utils.serializer.KryoNamespace - class java.util.Arrays$ArrayList registered as 36
02:47:13.467 [raft-server-2-state] TRACE i.a.utils.serializer.KryoNamespace - class java.util.Collections$SingletonList registered as 37
02:47:13.467 [raft-server-2-state] TRACE i.a.utils.serializer.KryoNamespace - class java.time.Duration registered as 38
02:47:13.467 [raft-server-3-state] TRACE i.a.utils.serializer.KryoNamespace - class java.util.Collections$SingletonList registered as 37
02:47:13.467 [raft-server-2-state] TRACE i.a.utils.serializer.KryoNamespace - class java.util.Collections$EmptySet registered as 39
02:47:13.468 [raft-server-3-state] TRACE i.a.utils.serializer.KryoNamespace - class java.time.Duration registered as 38
02:47:13.468 [raft-server-2-state] TRACE i.a.utils.serializer.KryoNamespace - class java.util.Optional registered as 40
02:47:13.468 [raft-server-3-state] TRACE i.a.utils.serializer.KryoNamespace - class java.util.Collections$EmptySet registered as 39
02:47:13.468 [raft-server-2-state] TRACE i.a.utils.serializer.KryoNamespace - class java.util.Collections$EmptyList registered as 41
02:47:13.468 [raft-server-3-state] TRACE i.a.utils.serializer.KryoNamespace - class java.util.Optional registered as 40
02:47:13.468 [raft-server-2-state] TRACE i.a.utils.serializer.KryoNamespace - class java.util.Collections$SingletonSet registered as 42
02:47:13.468 [raft-server-3-state] TRACE i.a.utils.serializer.KryoNamespace - class java.util.Collections$EmptyList registered as 41
02:47:13.468 [raft-server-2-state] TRACE i.a.utils.serializer.KryoNamespace - class [I registered as 43
02:47:13.468 [raft-server-3-state] TRACE i.a.utils.serializer.KryoNamespace - class java.util.Collections$SingletonSet registered as 42
02:47:13.468 [raft-server-2-state] TRACE i.a.utils.serializer.KryoNamespace - class [J registered as 44
02:47:13.468 [raft-server-3-state] TRACE i.a.utils.serializer.KryoNamespace - class [I registered as 43
02:47:13.468 [raft-server-2-state] TRACE i.a.utils.serializer.KryoNamespace - class [S registered as 45
02:47:13.468 [raft-server-3-state] TRACE i.a.utils.serializer.KryoNamespace - class [J registered as 44
02:47:13.468 [raft-server-2-state] TRACE i.a.utils.serializer.KryoNamespace - class [D registered as 46
02:47:13.468 [raft-server-3-state] TRACE i.a.utils.serializer.KryoNamespace - class [S registered as 45
02:47:13.468 [raft-server-2-state] TRACE i.a.utils.serializer.KryoNamespace - class [F registered as 47
02:47:13.468 [raft-server-3-state] TRACE i.a.utils.serializer.KryoNamespace - class [D registered as 46
02:47:13.468 [raft-server-2-state] TRACE i.a.utils.serializer.KryoNamespace - class [C registered as 48
02:47:13.468 [raft-server-3-state] TRACE i.a.utils.serializer.KryoNamespace - class [F registered as 47
02:47:13.468 [raft-server-2-state] TRACE i.a.utils.serializer.KryoNamespace - class [Ljava.lang.String; registered as 49
02:47:13.468 [raft-server-3-state] TRACE i.a.utils.serializer.KryoNamespace - class [C registered as 48
02:47:13.468 [raft-server-2-state] TRACE i.a.utils.serializer.KryoNamespace - class [Z registered as 50
02:47:13.468 [raft-server-2-state] TRACE i.a.utils.serializer.KryoNamespace - class [Ljava.lang.Object; registered as 51
02:47:13.468 [raft-server-3-state] TRACE i.a.utils.serializer.KryoNamespace - class [Ljava.lang.String; registered as 49
02:47:13.468 [raft-server-2-state] TRACE i.a.utils.serializer.KryoNamespace - class io.atomix.primitive.service.ServiceConfig registered as 52
02:47:13.468 [raft-server-3-state] TRACE i.a.utils.serializer.KryoNamespace - class [Z registered as 50
02:47:13.468 [raft-server-3-state] TRACE i.a.utils.serializer.KryoNamespace - class [Ljava.lang.Object; registered as 51
02:47:13.468 [raft-server-3-state] TRACE i.a.utils.serializer.KryoNamespace - class io.atomix.primitive.service.ServiceConfig registered as 52
02:47:13.469 [raft-server-2-state] TRACE i.a.utils.serializer.KryoNamespace - Creating Kryo instance for KryoNamespace{registeredBlocks=[RegistrationBlock{begin=16, types=[([Ljava.lang.Class;@6b321262,null), ([Ljava.lang.Class;@68b11545,null), ([Ljava.lang.Class;@7d0100ea,null), ([Ljava.lang.Class;@357bc488,null), ([Ljava.lang.Class;@4ea17147,io.atomix.utils.serializer.serializers.ImmutableListSerializer@2eda4eeb), ([Ljava.lang.Class;@5ba90d8a,io.atomix.utils.serializer.serializers.ImmutableSetSerializer@309dcdf3), ([Ljava.lang.Class;@7573b9ee,io.atomix.utils.serializer.serializers.ImmutableMapSerializer@9a20cbd), ([Ljava.lang.Class;@1af4955e,null), ([Ljava.lang.Class;@445821a6,null), ([Ljava.lang.Class;@2c0c4c0a,null), ([Ljava.lang.Class;@35d26ad2,null), ([Ljava.lang.Class;@bb25753,null), ([Ljava.lang.Class;@ee21292,null), ([Ljava.lang.Class;@40c06358,null), ([Ljava.lang.Class;@66e21568,null), ([Ljava.lang.Class;@7f73ce28,null), ([Ljava.lang.Class;@611b35d6,null), ([Ljava.lang.Class;@2282400e,null), ([Ljava.lang.Class;@543d5863,null), ([Ljava.lang.Class;@35dece42,null), ([Ljava.lang.Class;@dd3f8aa,io.atomix.utils.serializer.serializers.ArraysAsListSerializer@3d615b2e), ([Ljava.lang.Class;@3a1f2a1,null), ([Ljava.lang.Class;@40ce9049,null), ([Ljava.lang.Class;@52ca2652,null), ([Ljava.lang.Class;@65c5bf0e,null), ([Ljava.lang.Class;@697d6ded,null), ([Ljava.lang.Class;@5d05f453,null), ([Ljava.lang.Class;@5efeb117,null), ([Ljava.lang.Class;@160b4809,null), ([Ljava.lang.Class;@149b4d20,null), ([Ljava.lang.Class;@664e848c,null), ([Ljava.lang.Class;@4d93f75b,null), ([Ljava.lang.Class;@114a5e0,null), ([Ljava.lang.Class;@4f281aaf,null), ([Ljava.lang.Class;@5d508d22,null), ([Ljava.lang.Class;@f2b90fc,null)]}, RegistrationBlock{begin=52, types=[([Ljava.lang.Class;@542dde54,null)]}]}
02:47:13.469 [raft-server-3-state] TRACE i.a.utils.serializer.KryoNamespace - Creating Kryo instance for KryoNamespace{registeredBlocks=[RegistrationBlock{begin=16, types=[([Ljava.lang.Class;@6b321262,null), ([Ljava.lang.Class;@68b11545,null), ([Ljava.lang.Class;@7d0100ea,null), ([Ljava.lang.Class;@357bc488,null), ([Ljava.lang.Class;@4ea17147,io.atomix.utils.serializer.serializers.ImmutableListSerializer@2eda4eeb), ([Ljava.lang.Class;@5ba90d8a,io.atomix.utils.serializer.serializers.ImmutableSetSerializer@309dcdf3), ([Ljava.lang.Class;@7573b9ee,io.atomix.utils.serializer.serializers.ImmutableMapSerializer@9a20cbd), ([Ljava.lang.Class;@1af4955e,null), ([Ljava.lang.Class;@445821a6,null), ([Ljava.lang.Class;@2c0c4c0a,null), ([Ljava.lang.Class;@35d26ad2,null), ([Ljava.lang.Class;@bb25753,null), ([Ljava.lang.Class;@ee21292,null), ([Ljava.lang.Class;@40c06358,null), ([Ljava.lang.Class;@66e21568,null), ([Ljava.lang.Class;@7f73ce28,null), ([Ljava.lang.Class;@611b35d6,null), ([Ljava.lang.Class;@2282400e,null), ([Ljava.lang.Class;@543d5863,null), ([Ljava.lang.Class;@35dece42,null), ([Ljava.lang.Class;@dd3f8aa,io.atomix.utils.serializer.serializers.ArraysAsListSerializer@3d615b2e), ([Ljava.lang.Class;@3a1f2a1,null), ([Ljava.lang.Class;@40ce9049,null), ([Ljava.lang.Class;@52ca2652,null), ([Ljava.lang.Class;@65c5bf0e,null), ([Ljava.lang.Class;@697d6ded,null), ([Ljava.lang.Class;@5d05f453,null), ([Ljava.lang.Class;@5efeb117,null), ([Ljava.lang.Class;@160b4809,null), ([Ljava.lang.Class;@149b4d20,null), ([Ljava.lang.Class;@664e848c,null), ([Ljava.lang.Class;@4d93f75b,null), ([Ljava.lang.Class;@114a5e0,null), ([Ljava.lang.Class;@4f281aaf,null), ([Ljava.lang.Class;@5d508d22,null), ([Ljava.lang.Class;@f2b90fc,null)]}, RegistrationBlock{begin=52, types=[([Ljava.lang.Class;@495f0b9b,null)]}]}
02:47:13.469 [raft-server-2-state] TRACE i.a.utils.serializer.KryoNamespace - class [B registered as 16
02:47:13.469 [raft-server-2-state] TRACE i.a.utils.serializer.KryoNamespace - class java.util.concurrent.atomic.AtomicBoolean registered as 17
02:47:13.469 [raft-server-3-state] TRACE i.a.utils.serializer.KryoNamespace - class [B registered as 16
02:47:13.469 [raft-server-2-state] TRACE i.a.utils.serializer.KryoNamespace - class java.util.concurrent.atomic.AtomicInteger registered as 18
02:47:13.469 [raft-server-3-state] TRACE i.a.utils.serializer.KryoNamespace - class java.util.concurrent.atomic.AtomicBoolean registered as 17
02:47:13.469 [raft-server-2-state] TRACE i.a.utils.serializer.KryoNamespace - class java.util.concurrent.atomic.AtomicLong registered as 19
02:47:13.469 [raft-server-3-state] TRACE i.a.utils.serializer.KryoNamespace - class java.util.concurrent.atomic.AtomicInteger registered as 18
02:47:13.469 [raft-server-2-state] TRACE i.a.utils.serializer.KryoNamespace - class com.google.common.collect.ImmutableList registered as 20
02:47:13.469 [raft-server-3-state] TRACE i.a.utils.serializer.KryoNamespace - class java.util.concurrent.atomic.AtomicLong registered as 19
02:47:13.469 [raft-server-2-state] TRACE i.a.utils.serializer.KryoNamespace - class com.google.common.collect.RegularImmutableList registered as 20
02:47:13.469 [raft-server-3-state] TRACE i.a.utils.serializer.KryoNamespace - class com.google.common.collect.ImmutableList registered as 20
02:47:13.469 [raft-server-2-state] TRACE i.a.utils.serializer.KryoNamespace - class com.google.common.collect.RegularImmutableList registered as 20
02:47:13.469 [raft-server-3-state] TRACE i.a.utils.serializer.KryoNamespace - class com.google.common.collect.RegularImmutableList registered as 20
02:47:13.469 [raft-server-2-state] TRACE i.a.utils.serializer.KryoNamespace - class com.google.common.collect.ImmutableList$SubList registered as 20
02:47:13.469 [raft-server-3-state] TRACE i.a.utils.serializer.KryoNamespace - class com.google.common.collect.RegularImmutableList registered as 20
02:47:13.469 [raft-server-2-state] TRACE i.a.utils.serializer.KryoNamespace - class com.google.common.collect.ImmutableSet registered as 21
02:47:13.469 [raft-server-3-state] TRACE i.a.utils.serializer.KryoNamespace - class com.google.common.collect.ImmutableList$SubList registered as 20
02:47:13.469 [raft-server-2-state] TRACE i.a.utils.serializer.KryoNamespace - class com.google.common.collect.RegularImmutableSet registered as 21
02:47:13.469 [raft-server-3-state] TRACE i.a.utils.serializer.KryoNamespace - class com.google.common.collect.ImmutableSet registered as 21
02:47:13.469 [raft-server-2-state] TRACE i.a.utils.serializer.KryoNamespace - class com.google.common.collect.SingletonImmutableSet registered as 21
02:47:13.469 [raft-server-3-state] TRACE i.a.utils.serializer.KryoNamespace - class com.google.common.collect.RegularImmutableSet registered as 21
02:47:13.470 [raft-server-2-state] TRACE i.a.utils.serializer.KryoNamespace - class com.google.common.collect.RegularImmutableSet registered as 21
02:47:13.470 [raft-server-3-state] TRACE i.a.utils.serializer.KryoNamespace - class com.google.common.collect.SingletonImmutableSet registered as 21
02:47:13.470 [raft-server-2-state] TRACE i.a.utils.serializer.KryoNamespace - class com.google.common.collect.ImmutableMap registered as 22
02:47:13.470 [raft-server-3-state] TRACE i.a.utils.serializer.KryoNamespace - class com.google.common.collect.RegularImmutableSet registered as 21
02:47:13.470 [raft-server-2-state] TRACE i.a.utils.serializer.KryoNamespace - class com.google.common.collect.RegularImmutableMap registered as 22
02:47:13.470 [raft-server-3-state] TRACE i.a.utils.serializer.KryoNamespace - class com.google.common.collect.ImmutableMap registered as 22
02:47:13.470 [raft-server-2-state] TRACE i.a.utils.serializer.KryoNamespace - class com.google.common.collect.RegularImmutableMap registered as 22
02:47:13.470 [raft-server-3-state] TRACE i.a.utils.serializer.KryoNamespace - class com.google.common.collect.RegularImmutableMap registered as 22
02:47:13.470 [raft-server-2-state] TRACE i.a.utils.serializer.KryoNamespace - class com.google.common.collect.RegularImmutableMap registered as 22
02:47:13.470 [raft-server-3-state] TRACE i.a.utils.serializer.KryoNamespace - class com.google.common.collect.RegularImmutableMap registered as 22
02:47:13.470 [raft-server-3-state] TRACE i.a.utils.serializer.KryoNamespace - class com.google.common.collect.RegularImmutableMap registered as 22
02:47:13.470 [raft-server-2-state] TRACE i.a.utils.serializer.KryoNamespace - class java.util.Collections$UnmodifiableSet registered as 23
02:47:13.470 [raft-server-3-state] TRACE i.a.utils.serializer.KryoNamespace - class java.util.Collections$UnmodifiableSet registered as 23
02:47:13.470 [raft-server-2-state] TRACE i.a.utils.serializer.KryoNamespace - class java.util.HashMap registered as 24
02:47:13.470 [raft-server-3-state] TRACE i.a.utils.serializer.KryoNamespace - class java.util.HashMap registered as 24
02:47:13.470 [raft-server-2-state] TRACE i.a.utils.serializer.KryoNamespace - class java.util.concurrent.ConcurrentHashMap registered as 25
02:47:13.470 [raft-server-3-state] TRACE i.a.utils.serializer.KryoNamespace - class java.util.concurrent.ConcurrentHashMap registered as 25
02:47:13.470 [raft-server-2-state] TRACE i.a.utils.serializer.KryoNamespace - class java.util.concurrent.CopyOnWriteArraySet registered as 26
02:47:13.470 [raft-server-3-state] TRACE i.a.utils.serializer.KryoNamespace - class java.util.concurrent.CopyOnWriteArraySet registered as 26
02:47:13.470 [raft-server-2-state] TRACE i.a.utils.serializer.KryoNamespace - class java.util.ArrayList registered as 27
02:47:13.470 [raft-server-3-state] TRACE i.a.utils.serializer.KryoNamespace - class java.util.ArrayList registered as 27
02:47:13.470 [raft-server-2-state] TRACE i.a.utils.serializer.KryoNamespace - class java.util.LinkedList registered as 28
02:47:13.470 [raft-server-3-state] TRACE i.a.utils.serializer.KryoNamespace - class java.util.LinkedList registered as 28
02:47:13.470 [raft-server-2-state] TRACE i.a.utils.serializer.KryoNamespace - class java.util.HashSet registered as 29
02:47:13.470 [raft-server-3-state] TRACE i.a.utils.serializer.KryoNamespace - class java.util.HashSet registered as 29
02:47:13.470 [raft-server-2-state] TRACE i.a.utils.serializer.KryoNamespace - class java.util.LinkedHashSet registered as 30
02:47:13.470 [raft-server-3-state] TRACE i.a.utils.serializer.KryoNamespace - class java.util.LinkedHashSet registered as 30
02:47:13.471 [raft-server-2-state] TRACE i.a.utils.serializer.KryoNamespace - class com.sun.jmx.remote.internal.ArrayQueue registered as 31
02:47:13.471 [raft-server-2-state] TRACE i.a.utils.serializer.KryoNamespace - class java.util.ArrayDeque registered as 32
02:47:13.471 [raft-server-3-state] TRACE i.a.utils.serializer.KryoNamespace - class com.sun.jmx.remote.internal.ArrayQueue registered as 31
02:47:13.471 [raft-server-2-state] TRACE i.a.utils.serializer.KryoNamespace - class com.google.common.collect.HashMultiset registered as 33
02:47:13.471 [raft-server-2-state] TRACE i.a.utils.serializer.KryoNamespace - class com.google.common.collect.Sets registered as 34
02:47:13.471 [raft-server-3-state] TRACE i.a.utils.serializer.KryoNamespace - class java.util.ArrayDeque registered as 32
02:47:13.471 [raft-server-2-state] TRACE i.a.utils.serializer.KryoNamespace - class com.google.common.collect.ImmutableEntry registered as 35
02:47:13.471 [raft-server-2-state] TRACE i.a.utils.serializer.KryoNamespace - class java.util.Arrays$ArrayList registered as 36
02:47:13.471 [raft-server-3-state] TRACE i.a.utils.serializer.KryoNamespace - class com.google.common.collect.HashMultiset registered as 33
02:47:13.471 [raft-server-2-state] TRACE i.a.utils.serializer.KryoNamespace - class java.util.Collections$SingletonList registered as 37
02:47:13.471 [raft-server-3-state] TRACE i.a.utils.serializer.KryoNamespace - class com.google.common.collect.Sets registered as 34
02:47:13.471 [raft-server-2-state] TRACE i.a.utils.serializer.KryoNamespace - class java.time.Duration registered as 38
02:47:13.471 [raft-server-3-state] TRACE i.a.utils.serializer.KryoNamespace - class com.google.common.collect.ImmutableEntry registered as 35
02:47:13.471 [raft-server-3-state] TRACE i.a.utils.serializer.KryoNamespace - class java.util.Arrays$ArrayList registered as 36
02:47:13.471 [raft-server-2-state] TRACE i.a.utils.serializer.KryoNamespace - class java.util.Collections$EmptySet registered as 39
02:47:13.471 [raft-server-2-state] TRACE i.a.utils.serializer.KryoNamespace - class java.util.Optional registered as 40
02:47:13.471 [raft-server-3-state] TRACE i.a.utils.serializer.KryoNamespace - class java.util.Collections$SingletonList registered as 37
02:47:13.471 [raft-server-2-state] TRACE i.a.utils.serializer.KryoNamespace - class java.util.Collections$EmptyList registered as 41
02:47:13.471 [raft-server-3-state] TRACE i.a.utils.serializer.KryoNamespace - class java.time.Duration registered as 38
02:47:13.471 [raft-server-2-state] TRACE i.a.utils.serializer.KryoNamespace - class java.util.Collections$SingletonSet registered as 42
02:47:13.471 [raft-server-3-state] TRACE i.a.utils.serializer.KryoNamespace - class java.util.Collections$EmptySet registered as 39
02:47:13.471 [raft-server-2-state] TRACE i.a.utils.serializer.KryoNamespace - class [I registered as 43
02:47:13.471 [raft-server-3-state] TRACE i.a.utils.serializer.KryoNamespace - class java.util.Optional registered as 40
02:47:13.471 [raft-server-2-state] TRACE i.a.utils.serializer.KryoNamespace - class [J registered as 44
02:47:13.471 [raft-server-3-state] TRACE i.a.utils.serializer.KryoNamespace - class java.util.Collections$EmptyList registered as 41
02:47:13.471 [raft-server-2-state] TRACE i.a.utils.serializer.KryoNamespace - class [S registered as 45
02:47:13.471 [raft-server-3-state] TRACE i.a.utils.serializer.KryoNamespace - class java.util.Collections$SingletonSet registered as 42
02:47:13.471 [raft-server-2-state] TRACE i.a.utils.serializer.KryoNamespace - class [D registered as 46
02:47:13.471 [raft-server-3-state] TRACE i.a.utils.serializer.KryoNamespace - class [I registered as 43
02:47:13.471 [raft-server-2-state] TRACE i.a.utils.serializer.KryoNamespace - class [F registered as 47
02:47:13.472 [raft-server-3-state] TRACE i.a.utils.serializer.KryoNamespace - class [J registered as 44
02:47:13.472 [raft-server-2-state] TRACE i.a.utils.serializer.KryoNamespace - class [C registered as 48
02:47:13.472 [raft-server-3-state] TRACE i.a.utils.serializer.KryoNamespace - class [S registered as 45
02:47:13.472 [raft-server-2-state] TRACE i.a.utils.serializer.KryoNamespace - class [Ljava.lang.String; registered as 49
02:47:13.472 [raft-server-3-state] TRACE i.a.utils.serializer.KryoNamespace - class [D registered as 46
02:47:13.472 [raft-server-2-state] TRACE i.a.utils.serializer.KryoNamespace - class [Z registered as 50
02:47:13.472 [raft-server-2-state] TRACE i.a.utils.serializer.KryoNamespace - class [Ljava.lang.Object; registered as 51
02:47:13.472 [raft-server-3-state] TRACE i.a.utils.serializer.KryoNamespace - class [F registered as 47
02:47:13.472 [raft-server-2-state] TRACE i.a.utils.serializer.KryoNamespace - class io.atomix.primitive.service.ServiceConfig registered as 52
02:47:13.472 [raft-server-3-state] TRACE i.a.utils.serializer.KryoNamespace - class [C registered as 48
02:47:13.472 [raft-server-3-state] TRACE i.a.utils.serializer.KryoNamespace - class [Ljava.lang.String; registered as 49
02:47:13.472 [raft-server-2-state] TRACE i.a.utils.serializer.KryoNamespace - Creating Kryo instance for KryoNamespace{registeredBlocks=[RegistrationBlock{begin=16, types=[([Ljava.lang.Class;@6b321262,null), ([Ljava.lang.Class;@68b11545,null), ([Ljava.lang.Class;@7d0100ea,null), ([Ljava.lang.Class;@357bc488,null), ([Ljava.lang.Class;@4ea17147,io.atomix.utils.serializer.serializers.ImmutableListSerializer@2eda4eeb), ([Ljava.lang.Class;@5ba90d8a,io.atomix.utils.serializer.serializers.ImmutableSetSerializer@309dcdf3), ([Ljava.lang.Class;@7573b9ee,io.atomix.utils.serializer.serializers.ImmutableMapSerializer@9a20cbd), ([Ljava.lang.Class;@1af4955e,null), ([Ljava.lang.Class;@445821a6,null), ([Ljava.lang.Class;@2c0c4c0a,null), ([Ljava.lang.Class;@35d26ad2,null), ([Ljava.lang.Class;@bb25753,null), ([Ljava.lang.Class;@ee21292,null), ([Ljava.lang.Class;@40c06358,null), ([Ljava.lang.Class;@66e21568,null), ([Ljava.lang.Class;@7f73ce28,null), ([Ljava.lang.Class;@611b35d6,null), ([Ljava.lang.Class;@2282400e,null), ([Ljava.lang.Class;@543d5863,null), ([Ljava.lang.Class;@35dece42,null), ([Ljava.lang.Class;@dd3f8aa,io.atomix.utils.serializer.serializers.ArraysAsListSerializer@3d615b2e), ([Ljava.lang.Class;@3a1f2a1,null), ([Ljava.lang.Class;@40ce9049,null), ([Ljava.lang.Class;@52ca2652,null), ([Ljava.lang.Class;@65c5bf0e,null), ([Ljava.lang.Class;@697d6ded,null), ([Ljava.lang.Class;@5d05f453,null), ([Ljava.lang.Class;@5efeb117,null), ([Ljava.lang.Class;@160b4809,null), ([Ljava.lang.Class;@149b4d20,null), ([Ljava.lang.Class;@664e848c,null), ([Ljava.lang.Class;@4d93f75b,null), ([Ljava.lang.Class;@114a5e0,null), ([Ljava.lang.Class;@4f281aaf,null), ([Ljava.lang.Class;@5d508d22,null), ([Ljava.lang.Class;@f2b90fc,null)]}, RegistrationBlock{begin=52, types=[([Ljava.lang.Class;@50125009,null)]}]}
02:47:13.472 [raft-server-3-state] TRACE i.a.utils.serializer.KryoNamespace - class [Z registered as 50
02:47:13.472 [raft-server-3-state] TRACE i.a.utils.serializer.KryoNamespace - class [Ljava.lang.Object; registered as 51
02:47:13.472 [raft-server-3-state] TRACE i.a.utils.serializer.KryoNamespace - class io.atomix.primitive.service.ServiceConfig registered as 52
02:47:13.472 [raft-server-2-state] TRACE i.a.utils.serializer.KryoNamespace - class [B registered as 16
02:47:13.472 [raft-server-3-state] TRACE i.a.utils.serializer.KryoNamespace - Creating Kryo instance for KryoNamespace{registeredBlocks=[RegistrationBlock{begin=16, types=[([Ljava.lang.Class;@6b321262,null), ([Ljava.lang.Class;@68b11545,null), ([Ljava.lang.Class;@7d0100ea,null), ([Ljava.lang.Class;@357bc488,null), ([Ljava.lang.Class;@4ea17147,io.atomix.utils.serializer.serializers.ImmutableListSerializer@2eda4eeb), ([Ljava.lang.Class;@5ba90d8a,io.atomix.utils.serializer.serializers.ImmutableSetSerializer@309dcdf3), ([Ljava.lang.Class;@7573b9ee,io.atomix.utils.serializer.serializers.ImmutableMapSerializer@9a20cbd), ([Ljava.lang.Class;@1af4955e,null), ([Ljava.lang.Class;@445821a6,null), ([Ljava.lang.Class;@2c0c4c0a,null), ([Ljava.lang.Class;@35d26ad2,null), ([Ljava.lang.Class;@bb25753,null), ([Ljava.lang.Class;@ee21292,null), ([Ljava.lang.Class;@40c06358,null), ([Ljava.lang.Class;@66e21568,null), ([Ljava.lang.Class;@7f73ce28,null), ([Ljava.lang.Class;@611b35d6,null), ([Ljava.lang.Class;@2282400e,null), ([Ljava.lang.Class;@543d5863,null), ([Ljava.lang.Class;@35dece42,null), ([Ljava.lang.Class;@dd3f8aa,io.atomix.utils.serializer.serializers.ArraysAsListSerializer@3d615b2e), ([Ljava.lang.Class;@3a1f2a1,null), ([Ljava.lang.Class;@40ce9049,null), ([Ljava.lang.Class;@52ca2652,null), ([Ljava.lang.Class;@65c5bf0e,null), ([Ljava.lang.Class;@697d6ded,null), ([Ljava.lang.Class;@5d05f453,null), ([Ljava.lang.Class;@5efeb117,null), ([Ljava.lang.Class;@160b4809,null), ([Ljava.lang.Class;@149b4d20,null), ([Ljava.lang.Class;@664e848c,null), ([Ljava.lang.Class;@4d93f75b,null), ([Ljava.lang.Class;@114a5e0,null), ([Ljava.lang.Class;@4f281aaf,null), ([Ljava.lang.Class;@5d508d22,null), ([Ljava.lang.Class;@f2b90fc,null)]}, RegistrationBlock{begin=52, types=[([Ljava.lang.Class;@4d608668,null)]}]}
02:47:13.472 [raft-server-2-state] TRACE i.a.utils.serializer.KryoNamespace - class java.util.concurrent.atomic.AtomicBoolean registered as 17
02:47:13.472 [raft-server-2-state] TRACE i.a.utils.serializer.KryoNamespace - class java.util.concurrent.atomic.AtomicInteger registered as 18
02:47:13.472 [raft-server-3-state] TRACE i.a.utils.serializer.KryoNamespace - class [B registered as 16
02:47:13.472 [raft-server-2-state] TRACE i.a.utils.serializer.KryoNamespace - class java.util.concurrent.atomic.AtomicLong registered as 19
02:47:13.472 [raft-server-2-state] TRACE i.a.utils.serializer.KryoNamespace - class com.google.common.collect.ImmutableList registered as 20
02:47:13.472 [raft-server-3-state] TRACE i.a.utils.serializer.KryoNamespace - class java.util.concurrent.atomic.AtomicBoolean registered as 17
02:47:13.472 [raft-server-2-state] TRACE i.a.utils.serializer.KryoNamespace - class com.google.common.collect.RegularImmutableList registered as 20
02:47:13.473 [raft-server-2-state] TRACE i.a.utils.serializer.KryoNamespace - class com.google.common.collect.RegularImmutableList registered as 20
02:47:13.473 [raft-server-3-state] TRACE i.a.utils.serializer.KryoNamespace - class java.util.concurrent.atomic.AtomicInteger registered as 18
02:47:13.473 [raft-server-2-state] TRACE i.a.utils.serializer.KryoNamespace - class com.google.common.collect.ImmutableList$SubList registered as 20
02:47:13.473 [raft-server-3-state] TRACE i.a.utils.serializer.KryoNamespace - class java.util.concurrent.atomic.AtomicLong registered as 19
02:47:13.473 [raft-server-2-state] TRACE i.a.utils.serializer.KryoNamespace - class com.google.common.collect.ImmutableSet registered as 21
02:47:13.473 [raft-server-3-state] TRACE i.a.utils.serializer.KryoNamespace - class com.google.common.collect.ImmutableList registered as 20
02:47:13.473 [raft-server-2-state] TRACE i.a.utils.serializer.KryoNamespace - class com.google.common.collect.RegularImmutableSet registered as 21
02:47:13.473 [raft-server-3-state] TRACE i.a.utils.serializer.KryoNamespace - class com.google.common.collect.RegularImmutableList registered as 20
02:47:13.473 [raft-server-2-state] TRACE i.a.utils.serializer.KryoNamespace - class com.google.common.collect.SingletonImmutableSet registered as 21
02:47:13.473 [raft-server-3-state] TRACE i.a.utils.serializer.KryoNamespace - class com.google.common.collect.RegularImmutableList registered as 20
02:47:13.473 [raft-server-2-state] TRACE i.a.utils.serializer.KryoNamespace - class com.google.common.collect.RegularImmutableSet registered as 21
02:47:13.473 [raft-server-3-state] TRACE i.a.utils.serializer.KryoNamespace - class com.google.common.collect.ImmutableList$SubList registered as 20
02:47:13.473 [raft-server-2-state] TRACE i.a.utils.serializer.KryoNamespace - class com.google.common.collect.ImmutableMap registered as 22
02:47:13.473 [raft-server-3-state] TRACE i.a.utils.serializer.KryoNamespace - class com.google.common.collect.ImmutableSet registered as 21
02:47:13.473 [raft-server-2-state] TRACE i.a.utils.serializer.KryoNamespace - class com.google.common.collect.RegularImmutableMap registered as 22
02:47:13.473 [raft-server-3-state] TRACE i.a.utils.serializer.KryoNamespace - class com.google.common.collect.RegularImmutableSet registered as 21
02:47:13.473 [raft-server-2-state] TRACE i.a.utils.serializer.KryoNamespace - class com.google.common.collect.RegularImmutableMap registered as 22
02:47:13.473 [raft-server-3-state] TRACE i.a.utils.serializer.KryoNamespace - class com.google.common.collect.SingletonImmutableSet registered as 21
02:47:13.473 [raft-server-2-state] TRACE i.a.utils.serializer.KryoNamespace - class com.google.common.collect.RegularImmutableMap registered as 22
02:47:13.473 [raft-server-3-state] TRACE i.a.utils.serializer.KryoNamespace - class com.google.common.collect.RegularImmutableSet registered as 21
02:47:13.474 [raft-server-2-state] TRACE i.a.utils.serializer.KryoNamespace - class java.util.Collections$UnmodifiableSet registered as 23
02:47:13.474 [raft-server-3-state] TRACE i.a.utils.serializer.KryoNamespace - class com.google.common.collect.ImmutableMap registered as 22
02:47:13.474 [raft-server-3-state] TRACE i.a.utils.serializer.KryoNamespace - class com.google.common.collect.RegularImmutableMap registered as 22
02:47:13.474 [raft-server-2-state] TRACE i.a.utils.serializer.KryoNamespace - class java.util.HashMap registered as 24
02:47:13.474 [raft-server-3-state] TRACE i.a.utils.serializer.KryoNamespace - class com.google.common.collect.RegularImmutableMap registered as 22
02:47:13.474 [raft-server-3-state] TRACE i.a.utils.serializer.KryoNamespace - class com.google.common.collect.RegularImmutableMap registered as 22
02:47:13.474 [raft-server-2-state] TRACE i.a.utils.serializer.KryoNamespace - class java.util.concurrent.ConcurrentHashMap registered as 25
02:47:13.474 [raft-server-3-state] TRACE i.a.utils.serializer.KryoNamespace - class java.util.Collections$UnmodifiableSet registered as 23
02:47:13.474 [raft-server-2-state] TRACE i.a.utils.serializer.KryoNamespace - class java.util.concurrent.CopyOnWriteArraySet registered as 26
02:47:13.474 [raft-server-3-state] TRACE i.a.utils.serializer.KryoNamespace - class java.util.HashMap registered as 24
02:47:13.474 [raft-server-2-state] TRACE i.a.utils.serializer.KryoNamespace - class java.util.ArrayList registered as 27
02:47:13.474 [raft-server-3-state] TRACE i.a.utils.serializer.KryoNamespace - class java.util.concurrent.ConcurrentHashMap registered as 25
02:47:13.474 [raft-server-2-state] TRACE i.a.utils.serializer.KryoNamespace - class java.util.LinkedList registered as 28
02:47:13.474 [raft-server-3-state] TRACE i.a.utils.serializer.KryoNamespace - class java.util.concurrent.CopyOnWriteArraySet registered as 26
02:47:13.474 [raft-server-2-state] TRACE i.a.utils.serializer.KryoNamespace - class java.util.HashSet registered as 29
02:47:13.474 [raft-server-3-state] TRACE i.a.utils.serializer.KryoNamespace - class java.util.ArrayList registered as 27
02:47:13.474 [raft-server-2-state] TRACE i.a.utils.serializer.KryoNamespace - class java.util.LinkedHashSet registered as 30
02:47:13.474 [raft-server-3-state] TRACE i.a.utils.serializer.KryoNamespace - class java.util.LinkedList registered as 28
02:47:13.474 [raft-server-2-state] TRACE i.a.utils.serializer.KryoNamespace - class com.sun.jmx.remote.internal.ArrayQueue registered as 31
02:47:13.474 [raft-server-3-state] TRACE i.a.utils.serializer.KryoNamespace - class java.util.HashSet registered as 29
02:47:13.475 [raft-server-2-state] TRACE i.a.utils.serializer.KryoNamespace - class java.util.ArrayDeque registered as 32
02:47:13.475 [raft-server-3-state] TRACE i.a.utils.serializer.KryoNamespace - class java.util.LinkedHashSet registered as 30
02:47:13.475 [raft-server-2-state] TRACE i.a.utils.serializer.KryoNamespace - class com.google.common.collect.HashMultiset registered as 33
02:47:13.475 [raft-server-3-state] TRACE i.a.utils.serializer.KryoNamespace - class com.sun.jmx.remote.internal.ArrayQueue registered as 31
02:47:13.475 [raft-server-2-state] TRACE i.a.utils.serializer.KryoNamespace - class com.google.common.collect.Sets registered as 34
02:47:13.475 [raft-server-3-state] TRACE i.a.utils.serializer.KryoNamespace - class java.util.ArrayDeque registered as 32
02:47:13.475 [raft-server-2-state] TRACE i.a.utils.serializer.KryoNamespace - class com.google.common.collect.ImmutableEntry registered as 35
02:47:13.475 [raft-server-2-state] TRACE i.a.utils.serializer.KryoNamespace - class java.util.Arrays$ArrayList registered as 36
02:47:13.475 [raft-server-3-state] TRACE i.a.utils.serializer.KryoNamespace - class com.google.common.collect.HashMultiset registered as 33
02:47:13.475 [raft-server-2-state] TRACE i.a.utils.serializer.KryoNamespace - class java.util.Collections$SingletonList registered as 37
02:47:13.475 [raft-server-3-state] TRACE i.a.utils.serializer.KryoNamespace - class com.google.common.collect.Sets registered as 34
02:47:13.475 [raft-server-2-state] TRACE i.a.utils.serializer.KryoNamespace - class java.time.Duration registered as 38
02:47:13.475 [raft-server-3-state] TRACE i.a.utils.serializer.KryoNamespace - class com.google.common.collect.ImmutableEntry registered as 35
02:47:13.475 [raft-server-2-state] TRACE i.a.utils.serializer.KryoNamespace - class java.util.Collections$EmptySet registered as 39
02:47:13.475 [raft-server-3-state] TRACE i.a.utils.serializer.KryoNamespace - class java.util.Arrays$ArrayList registered as 36
02:47:13.475 [raft-server-2-state] TRACE i.a.utils.serializer.KryoNamespace - class java.util.Optional registered as 40
02:47:13.475 [raft-server-3-state] TRACE i.a.utils.serializer.KryoNamespace - class java.util.Collections$SingletonList registered as 37
02:47:13.475 [raft-server-3-state] TRACE i.a.utils.serializer.KryoNamespace - class java.time.Duration registered as 38
02:47:13.475 [raft-server-2-state] TRACE i.a.utils.serializer.KryoNamespace - class java.util.Collections$EmptyList registered as 41
02:47:13.475 [raft-server-3-state] TRACE i.a.utils.serializer.KryoNamespace - class java.util.Collections$EmptySet registered as 39
02:47:13.476 [raft-server-3-state] TRACE i.a.utils.serializer.KryoNamespace - class java.util.Optional registered as 40
02:47:13.476 [raft-server-2-state] TRACE i.a.utils.serializer.KryoNamespace - class java.util.Collections$SingletonSet registered as 42
02:47:13.476 [raft-server-3-state] TRACE i.a.utils.serializer.KryoNamespace - class java.util.Collections$EmptyList registered as 41
02:47:13.476 [raft-server-2-state] TRACE i.a.utils.serializer.KryoNamespace - class [I registered as 43
02:47:13.476 [raft-server-3-state] TRACE i.a.utils.serializer.KryoNamespace - class java.util.Collections$SingletonSet registered as 42
02:47:13.476 [raft-server-2-state] TRACE i.a.utils.serializer.KryoNamespace - class [J registered as 44
02:47:13.476 [raft-server-3-state] TRACE i.a.utils.serializer.KryoNamespace - class [I registered as 43
02:47:13.476 [raft-server-2-state] TRACE i.a.utils.serializer.KryoNamespace - class [S registered as 45
02:47:13.476 [raft-server-3-state] TRACE i.a.utils.serializer.KryoNamespace - class [J registered as 44
02:47:13.476 [raft-server-2-state] TRACE i.a.utils.serializer.KryoNamespace - class [D registered as 46
02:47:13.476 [raft-server-3-state] TRACE i.a.utils.serializer.KryoNamespace - class [S registered as 45
02:47:13.476 [raft-server-3-state] TRACE i.a.utils.serializer.KryoNamespace - class [D registered as 46
02:47:13.476 [raft-server-3-state] TRACE i.a.utils.serializer.KryoNamespace - class [F registered as 47
02:47:13.476 [raft-server-3-state] TRACE i.a.utils.serializer.KryoNamespace - class [C registered as 48
02:47:13.476 [raft-server-3-state] TRACE i.a.utils.serializer.KryoNamespace - class [Ljava.lang.String; registered as 49
02:47:13.476 [raft-server-3-state] TRACE i.a.utils.serializer.KryoNamespace - class [Z registered as 50
02:47:13.476 [raft-server-3-state] TRACE i.a.utils.serializer.KryoNamespace - class [Ljava.lang.Object; registered as 51
02:47:13.476 [raft-server-3-state] TRACE i.a.utils.serializer.KryoNamespace - class io.atomix.primitive.service.ServiceConfig registered as 52
02:47:13.477 [raft-server-2-state] TRACE i.a.utils.serializer.KryoNamespace - class [F registered as 47
02:47:13.477 [raft-server-2-state] TRACE i.a.utils.serializer.KryoNamespace - class [C registered as 48
02:47:13.477 [raft-server-3-state] DEBUG i.a.p.s.impl.DefaultServiceExecutor - PrimitiveService{2}{type=io.atomix.protocols.raft.RaftTest$TestPrimitiveType@86201a0, name=raft-test} - Registered operation callback DefaultOperationId{id=sendEvent, type=COMMAND}
02:47:13.477 [raft-server-3-state] DEBUG i.a.p.s.impl.DefaultServiceExecutor - PrimitiveService{2}{type=io.atomix.protocols.raft.RaftTest$TestPrimitiveType@86201a0, name=raft-test} - Registered operation callback DefaultOperationId{id=onClose, type=COMMAND}
02:47:13.477 [raft-server-2-state] TRACE i.a.utils.serializer.KryoNamespace - class [Ljava.lang.String; registered as 49
02:47:13.477 [raft-server-3-state] DEBUG i.a.p.s.impl.DefaultServiceExecutor - PrimitiveService{2}{type=io.atomix.protocols.raft.RaftTest$TestPrimitiveType@86201a0, name=raft-test} - Registered operation callback DefaultOperationId{id=read, type=QUERY}
02:47:13.477 [raft-server-2-state] TRACE i.a.utils.serializer.KryoNamespace - class [Z registered as 50
02:47:13.477 [raft-server-3-state] DEBUG i.a.p.s.impl.DefaultServiceExecutor - PrimitiveService{2}{type=io.atomix.protocols.raft.RaftTest$TestPrimitiveType@86201a0, name=raft-test} - Registered operation callback DefaultOperationId{id=onExpire, type=COMMAND}
02:47:13.477 [raft-server-2-state] TRACE i.a.utils.serializer.KryoNamespace - class [Ljava.lang.Object; registered as 51
02:47:13.477 [raft-server-3-state] DEBUG i.a.p.s.impl.DefaultServiceExecutor - PrimitiveService{2}{type=io.atomix.protocols.raft.RaftTest$TestPrimitiveType@86201a0, name=raft-test} - Registered operation callback DefaultOperationId{id=write, type=COMMAND}
02:47:13.477 [raft-server-2-state] TRACE i.a.utils.serializer.KryoNamespace - class io.atomix.primitive.service.ServiceConfig registered as 52
02:47:13.478 [raft-server-3-state] TRACE i.a.utils.serializer.KryoNamespace - Creating Kryo instance for KryoNamespace{registeredBlocks=[RegistrationBlock{begin=16, types=[([Ljava.lang.Class;@6b321262,null), ([Ljava.lang.Class;@68b11545,null), ([Ljava.lang.Class;@7d0100ea,null), ([Ljava.lang.Class;@357bc488,null), ([Ljava.lang.Class;@4ea17147,io.atomix.utils.serializer.serializers.ImmutableListSerializer@2eda4eeb), ([Ljava.lang.Class;@5ba90d8a,io.atomix.utils.serializer.serializers.ImmutableSetSerializer@309dcdf3), ([Ljava.lang.Class;@7573b9ee,io.atomix.utils.serializer.serializers.ImmutableMapSerializer@9a20cbd), ([Ljava.lang.Class;@1af4955e,null), ([Ljava.lang.Class;@445821a6,null), ([Ljava.lang.Class;@2c0c4c0a,null), ([Ljava.lang.Class;@35d26ad2,null), ([Ljava.lang.Class;@bb25753,null), ([Ljava.lang.Class;@ee21292,null), ([Ljava.lang.Class;@40c06358,null), ([Ljava.lang.Class;@66e21568,null), ([Ljava.lang.Class;@7f73ce28,null), ([Ljava.lang.Class;@611b35d6,null), ([Ljava.lang.Class;@2282400e,null), ([Ljava.lang.Class;@543d5863,null), ([Ljava.lang.Class;@35dece42,null), ([Ljava.lang.Class;@dd3f8aa,io.atomix.utils.serializer.serializers.ArraysAsListSerializer@3d615b2e), ([Ljava.lang.Class;@3a1f2a1,null), ([Ljava.lang.Class;@40ce9049,null), ([Ljava.lang.Class;@52ca2652,null), ([Ljava.lang.Class;@65c5bf0e,null), ([Ljava.lang.Class;@697d6ded,null), ([Ljava.lang.Class;@5d05f453,null), ([Ljava.lang.Class;@5efeb117,null), ([Ljava.lang.Class;@160b4809,null), ([Ljava.lang.Class;@149b4d20,null), ([Ljava.lang.Class;@664e848c,null), ([Ljava.lang.Class;@4d93f75b,null), ([Ljava.lang.Class;@114a5e0,null), ([Ljava.lang.Class;@4f281aaf,null), ([Ljava.lang.Class;@5d508d22,null), ([Ljava.lang.Class;@f2b90fc,null)]}, RegistrationBlock{begin=52, types=[([Ljava.lang.Class;@892dd99,null)]}]}
02:47:13.478 [raft-server-2-state] DEBUG i.a.p.s.impl.DefaultServiceExecutor - PrimitiveService{2}{type=io.atomix.protocols.raft.RaftTest$TestPrimitiveType@1510d46f, name=raft-test} - Registered operation callback DefaultOperationId{id=sendEvent, type=COMMAND}
02:47:13.478 [raft-server-2-state] DEBUG i.a.p.s.impl.DefaultServiceExecutor - PrimitiveService{2}{type=io.atomix.protocols.raft.RaftTest$TestPrimitiveType@1510d46f, name=raft-test} - Registered operation callback DefaultOperationId{id=onClose, type=COMMAND}
02:47:13.478 [raft-server-2-state] DEBUG i.a.p.s.impl.DefaultServiceExecutor - PrimitiveService{2}{type=io.atomix.protocols.raft.RaftTest$TestPrimitiveType@1510d46f, name=raft-test} - Registered operation callback DefaultOperationId{id=read, type=QUERY}
02:47:13.478 [raft-server-2-state] DEBUG i.a.p.s.impl.DefaultServiceExecutor - PrimitiveService{2}{type=io.atomix.protocols.raft.RaftTest$TestPrimitiveType@1510d46f, name=raft-test} - Registered operation callback DefaultOperationId{id=onExpire, type=COMMAND}
02:47:13.478 [raft-server-2-state] DEBUG i.a.p.s.impl.DefaultServiceExecutor - PrimitiveService{2}{type=io.atomix.protocols.raft.RaftTest$TestPrimitiveType@1510d46f, name=raft-test} - Registered operation callback DefaultOperationId{id=write, type=COMMAND}
02:47:13.478 [raft-server-2-state] TRACE i.a.utils.serializer.KryoNamespace - Creating Kryo instance for KryoNamespace{registeredBlocks=[RegistrationBlock{begin=16, types=[([Ljava.lang.Class;@6b321262,null), ([Ljava.lang.Class;@68b11545,null), ([Ljava.lang.Class;@7d0100ea,null), ([Ljava.lang.Class;@357bc488,null), ([Ljava.lang.Class;@4ea17147,io.atomix.utils.serializer.serializers.ImmutableListSerializer@2eda4eeb), ([Ljava.lang.Class;@5ba90d8a,io.atomix.utils.serializer.serializers.ImmutableSetSerializer@309dcdf3), ([Ljava.lang.Class;@7573b9ee,io.atomix.utils.serializer.serializers.ImmutableMapSerializer@9a20cbd), ([Ljava.lang.Class;@1af4955e,null), ([Ljava.lang.Class;@445821a6,null), ([Ljava.lang.Class;@2c0c4c0a,null), ([Ljava.lang.Class;@35d26ad2,null), ([Ljava.lang.Class;@bb25753,null), ([Ljava.lang.Class;@ee21292,null), ([Ljava.lang.Class;@40c06358,null), ([Ljava.lang.Class;@66e21568,null), ([Ljava.lang.Class;@7f73ce28,null), ([Ljava.lang.Class;@611b35d6,null), ([Ljava.lang.Class;@2282400e,null), ([Ljava.lang.Class;@543d5863,null), ([Ljava.lang.Class;@35dece42,null), ([Ljava.lang.Class;@dd3f8aa,io.atomix.utils.serializer.serializers.ArraysAsListSerializer@3d615b2e), ([Ljava.lang.Class;@3a1f2a1,null), ([Ljava.lang.Class;@40ce9049,null), ([Ljava.lang.Class;@52ca2652,null), ([Ljava.lang.Class;@65c5bf0e,null), ([Ljava.lang.Class;@697d6ded,null), ([Ljava.lang.Class;@5d05f453,null), ([Ljava.lang.Class;@5efeb117,null), ([Ljava.lang.Class;@160b4809,null), ([Ljava.lang.Class;@149b4d20,null), ([Ljava.lang.Class;@664e848c,null), ([Ljava.lang.Class;@4d93f75b,null), ([Ljava.lang.Class;@114a5e0,null), ([Ljava.lang.Class;@4f281aaf,null), ([Ljava.lang.Class;@5d508d22,null), ([Ljava.lang.Class;@f2b90fc,null)]}, RegistrationBlock{begin=52, types=[([Ljava.lang.Class;@1eaa1447,null)]}]}
02:47:13.478 [raft-server-2-state] TRACE i.a.utils.serializer.KryoNamespace - class [B registered as 16
02:47:13.478 [raft-server-3-state] TRACE i.a.utils.serializer.KryoNamespace - class [B registered as 16
02:47:13.478 [raft-server-2-state] TRACE i.a.utils.serializer.KryoNamespace - class java.util.concurrent.atomic.AtomicBoolean registered as 17
02:47:13.479 [raft-server-3-state] TRACE i.a.utils.serializer.KryoNamespace - class java.util.concurrent.atomic.AtomicBoolean registered as 17
02:47:13.479 [raft-server-2-state] TRACE i.a.utils.serializer.KryoNamespace - class java.util.concurrent.atomic.AtomicInteger registered as 18
02:47:13.479 [raft-server-3-state] TRACE i.a.utils.serializer.KryoNamespace - class java.util.concurrent.atomic.AtomicInteger registered as 18
02:47:13.479 [raft-server-2-state] TRACE i.a.utils.serializer.KryoNamespace - class java.util.concurrent.atomic.AtomicLong registered as 19
02:47:13.479 [raft-server-3-state] TRACE i.a.utils.serializer.KryoNamespace - class java.util.concurrent.atomic.AtomicLong registered as 19
02:47:13.479 [raft-server-2-state] TRACE i.a.utils.serializer.KryoNamespace - class com.google.common.collect.ImmutableList registered as 20
02:47:13.479 [raft-server-3-state] TRACE i.a.utils.serializer.KryoNamespace - class com.google.common.collect.ImmutableList registered as 20
02:47:13.479 [raft-server-2-state] TRACE i.a.utils.serializer.KryoNamespace - class com.google.common.collect.RegularImmutableList registered as 20
02:47:13.479 [raft-server-3-state] TRACE i.a.utils.serializer.KryoNamespace - class com.google.common.collect.RegularImmutableList registered as 20
02:47:13.479 [raft-server-2-state] TRACE i.a.utils.serializer.KryoNamespace - class com.google.common.collect.RegularImmutableList registered as 20
02:47:13.479 [raft-server-3-state] TRACE i.a.utils.serializer.KryoNamespace - class com.google.common.collect.RegularImmutableList registered as 20
02:47:13.479 [raft-server-2-state] TRACE i.a.utils.serializer.KryoNamespace - class com.google.common.collect.ImmutableList$SubList registered as 20
02:47:13.480 [raft-server-3-state] TRACE i.a.utils.serializer.KryoNamespace - class com.google.common.collect.ImmutableList$SubList registered as 20
02:47:13.480 [raft-server-2-state] TRACE i.a.utils.serializer.KryoNamespace - class com.google.common.collect.ImmutableSet registered as 21
02:47:13.480 [raft-server-3-state] TRACE i.a.utils.serializer.KryoNamespace - class com.google.common.collect.ImmutableSet registered as 21
02:47:13.480 [raft-server-2-state] TRACE i.a.utils.serializer.KryoNamespace - class com.google.common.collect.RegularImmutableSet registered as 21
02:47:13.480 [raft-server-3-state] TRACE i.a.utils.serializer.KryoNamespace - class com.google.common.collect.RegularImmutableSet registered as 21
02:47:13.480 [raft-server-2-state] TRACE i.a.utils.serializer.KryoNamespace - class com.google.common.collect.SingletonImmutableSet registered as 21
02:47:13.480 [raft-server-3-state] TRACE i.a.utils.serializer.KryoNamespace - class com.google.common.collect.SingletonImmutableSet registered as 21
02:47:13.480 [raft-server-2-state] TRACE i.a.utils.serializer.KryoNamespace - class com.google.common.collect.RegularImmutableSet registered as 21
02:47:13.480 [raft-server-3-state] TRACE i.a.utils.serializer.KryoNamespace - class com.google.common.collect.RegularImmutableSet registered as 21
02:47:13.480 [raft-server-2-state] TRACE i.a.utils.serializer.KryoNamespace - class com.google.common.collect.ImmutableMap registered as 22
02:47:13.480 [raft-server-3-state] TRACE i.a.utils.serializer.KryoNamespace - class com.google.common.collect.ImmutableMap registered as 22
02:47:13.481 [raft-server-2-state] TRACE i.a.utils.serializer.KryoNamespace - class com.google.common.collect.RegularImmutableMap registered as 22
02:47:13.481 [raft-server-3-state] TRACE i.a.utils.serializer.KryoNamespace - class com.google.common.collect.RegularImmutableMap registered as 22
02:47:13.481 [raft-server-2-state] TRACE i.a.utils.serializer.KryoNamespace - class com.google.common.collect.RegularImmutableMap registered as 22
02:47:13.481 [raft-server-3-state] TRACE i.a.utils.serializer.KryoNamespace - class com.google.common.collect.RegularImmutableMap registered as 22
02:47:13.481 [raft-server-2-state] TRACE i.a.utils.serializer.KryoNamespace - class com.google.common.collect.RegularImmutableMap registered as 22
02:47:13.481 [raft-server-3-state] TRACE i.a.utils.serializer.KryoNamespace - class com.google.common.collect.RegularImmutableMap registered as 22
02:47:13.481 [raft-server-2-state] TRACE i.a.utils.serializer.KryoNamespace - class java.util.Collections$UnmodifiableSet registered as 23
02:47:13.481 [raft-server-3-state] TRACE i.a.utils.serializer.KryoNamespace - class java.util.Collections$UnmodifiableSet registered as 23
02:47:13.481 [raft-server-2-state] TRACE i.a.utils.serializer.KryoNamespace - class java.util.HashMap registered as 24
02:47:13.482 [raft-server-3-state] TRACE i.a.utils.serializer.KryoNamespace - class java.util.HashMap registered as 24
02:47:13.482 [raft-server-2-state] TRACE i.a.utils.serializer.KryoNamespace - class java.util.concurrent.ConcurrentHashMap registered as 25
02:47:13.482 [raft-server-3-state] TRACE i.a.utils.serializer.KryoNamespace - class java.util.concurrent.ConcurrentHashMap registered as 25
02:47:13.482 [raft-server-2-state] TRACE i.a.utils.serializer.KryoNamespace - class java.util.concurrent.CopyOnWriteArraySet registered as 26
02:47:13.482 [raft-server-3-state] TRACE i.a.utils.serializer.KryoNamespace - class java.util.concurrent.CopyOnWriteArraySet registered as 26
02:47:13.482 [raft-server-2-state] TRACE i.a.utils.serializer.KryoNamespace - class java.util.ArrayList registered as 27
02:47:13.482 [raft-server-3-state] TRACE i.a.utils.serializer.KryoNamespace - class java.util.ArrayList registered as 27
02:47:13.482 [raft-server-2-state] TRACE i.a.utils.serializer.KryoNamespace - class java.util.LinkedList registered as 28
02:47:13.482 [raft-server-3-state] TRACE i.a.utils.serializer.KryoNamespace - class java.util.LinkedList registered as 28
02:47:13.483 [raft-server-2-state] TRACE i.a.utils.serializer.KryoNamespace - class java.util.HashSet registered as 29
02:47:13.483 [raft-server-3-state] TRACE i.a.utils.serializer.KryoNamespace - class java.util.HashSet registered as 29
02:47:13.483 [raft-server-2-state] TRACE i.a.utils.serializer.KryoNamespace - class java.util.LinkedHashSet registered as 30
02:47:13.483 [raft-server-3-state] TRACE i.a.utils.serializer.KryoNamespace - class java.util.LinkedHashSet registered as 30
02:47:13.483 [raft-server-2-state] TRACE i.a.utils.serializer.KryoNamespace - class com.sun.jmx.remote.internal.ArrayQueue registered as 31
02:47:13.483 [raft-server-3-state] TRACE i.a.utils.serializer.KryoNamespace - class com.sun.jmx.remote.internal.ArrayQueue registered as 31
02:47:13.483 [raft-server-2-state] TRACE i.a.utils.serializer.KryoNamespace - class java.util.ArrayDeque registered as 32
02:47:13.483 [raft-server-3-state] TRACE i.a.utils.serializer.KryoNamespace - class java.util.ArrayDeque registered as 32
02:47:13.484 [raft-server-2-state] TRACE i.a.utils.serializer.KryoNamespace - class com.google.common.collect.HashMultiset registered as 33
02:47:13.484 [raft-server-3-state] TRACE i.a.utils.serializer.KryoNamespace - class com.google.common.collect.HashMultiset registered as 33
02:47:13.484 [raft-server-2-state] TRACE i.a.utils.serializer.KryoNamespace - class com.google.common.collect.Sets registered as 34
02:47:13.484 [raft-server-3-state] TRACE i.a.utils.serializer.KryoNamespace - class com.google.common.collect.Sets registered as 34
02:47:13.484 [raft-server-2-state] TRACE i.a.utils.serializer.KryoNamespace - class com.google.common.collect.ImmutableEntry registered as 35
02:47:13.484 [raft-server-3-state] TRACE i.a.utils.serializer.KryoNamespace - class com.google.common.collect.ImmutableEntry registered as 35
02:47:13.484 [raft-server-2-state] TRACE i.a.utils.serializer.KryoNamespace - class java.util.Arrays$ArrayList registered as 36
02:47:13.484 [raft-server-3-state] TRACE i.a.utils.serializer.KryoNamespace - class java.util.Arrays$ArrayList registered as 36
02:47:13.484 [raft-server-2-state] TRACE i.a.utils.serializer.KryoNamespace - class java.util.Collections$SingletonList registered as 37
02:47:13.485 [raft-server-3-state] TRACE i.a.utils.serializer.KryoNamespace - class java.util.Collections$SingletonList registered as 37
02:47:13.485 [raft-server-2-state] TRACE i.a.utils.serializer.KryoNamespace - class java.time.Duration registered as 38
02:47:13.485 [raft-server-3-state] TRACE i.a.utils.serializer.KryoNamespace - class java.time.Duration registered as 38
02:47:13.485 [raft-server-2-state] TRACE i.a.utils.serializer.KryoNamespace - class java.util.Collections$EmptySet registered as 39
02:47:13.485 [raft-server-2-state] TRACE i.a.utils.serializer.KryoNamespace - class java.util.Optional registered as 40
02:47:13.485 [raft-server-3-state] TRACE i.a.utils.serializer.KryoNamespace - class java.util.Collections$EmptySet registered as 39
02:47:13.485 [raft-server-2-state] TRACE i.a.utils.serializer.KryoNamespace - class java.util.Collections$EmptyList registered as 41
02:47:13.485 [raft-server-3-state] TRACE i.a.utils.serializer.KryoNamespace - class java.util.Optional registered as 40
02:47:13.485 [raft-server-2-state] TRACE i.a.utils.serializer.KryoNamespace - class java.util.Collections$SingletonSet registered as 42
02:47:13.485 [raft-server-3-state] TRACE i.a.utils.serializer.KryoNamespace - class java.util.Collections$EmptyList registered as 41
02:47:13.485 [raft-server-2-state] TRACE i.a.utils.serializer.KryoNamespace - class [I registered as 43
02:47:13.485 [raft-server-3-state] TRACE i.a.utils.serializer.KryoNamespace - class java.util.Collections$SingletonSet registered as 42
02:47:13.485 [raft-server-2-state] TRACE i.a.utils.serializer.KryoNamespace - class [J registered as 44
02:47:13.485 [raft-server-3-state] TRACE i.a.utils.serializer.KryoNamespace - class [I registered as 43
02:47:13.485 [raft-server-2-state] TRACE i.a.utils.serializer.KryoNamespace - class [S registered as 45
02:47:13.485 [raft-server-3-state] TRACE i.a.utils.serializer.KryoNamespace - class [J registered as 44
02:47:13.486 [raft-server-2-state] TRACE i.a.utils.serializer.KryoNamespace - class [D registered as 46
02:47:13.486 [raft-server-3-state] TRACE i.a.utils.serializer.KryoNamespace - class [S registered as 45
02:47:13.486 [raft-server-2-state] TRACE i.a.utils.serializer.KryoNamespace - class [F registered as 47
02:47:13.486 [raft-server-3-state] TRACE i.a.utils.serializer.KryoNamespace - class [D registered as 46
02:47:13.486 [raft-server-2-state] TRACE i.a.utils.serializer.KryoNamespace - class [C registered as 48
02:47:13.486 [raft-server-3-state] TRACE i.a.utils.serializer.KryoNamespace - class [F registered as 47
02:47:13.486 [raft-server-2-state] TRACE i.a.utils.serializer.KryoNamespace - class [Ljava.lang.String; registered as 49
02:47:13.486 [raft-server-3-state] TRACE i.a.utils.serializer.KryoNamespace - class [C registered as 48
02:47:13.486 [raft-server-2-state] TRACE i.a.utils.serializer.KryoNamespace - class [Z registered as 50
02:47:13.486 [raft-server-2-state] TRACE i.a.utils.serializer.KryoNamespace - class [Ljava.lang.Object; registered as 51
02:47:13.486 [raft-server-3-state] TRACE i.a.utils.serializer.KryoNamespace - class [Ljava.lang.String; registered as 49
02:47:13.486 [raft-server-2-state] TRACE i.a.utils.serializer.KryoNamespace - class io.atomix.primitive.service.ServiceConfig registered as 52
02:47:13.486 [raft-server-3-state] TRACE i.a.utils.serializer.KryoNamespace - class [Z registered as 50
02:47:13.486 [raft-server-3-state] TRACE i.a.utils.serializer.KryoNamespace - class [Ljava.lang.Object; registered as 51
02:47:13.486 [raft-server-2-state] DEBUG i.a.p.r.service.RaftServiceContext - PrimitiveService{2}{type=io.atomix.protocols.raft.RaftTest$TestPrimitiveType@1510d46f, name=raft-test} - Opening session 2
02:47:13.486 [raft-server-3-state] TRACE i.a.utils.serializer.KryoNamespace - class io.atomix.primitive.service.ServiceConfig registered as 52
02:47:13.486 [raft-server-2-state] DEBUG i.a.p.raft.session.RaftSession - Session{2}{type=io.atomix.protocols.raft.RaftTest$TestPrimitiveType@1510d46f, name=raft-test} - State changed: OPEN
02:47:13.486 [raft-server-3-state] DEBUG i.a.p.r.service.RaftServiceContext - PrimitiveService{2}{type=io.atomix.protocols.raft.RaftTest$TestPrimitiveType@86201a0, name=raft-test} - Opening session 2
02:47:13.486 [raft-server-3-state] DEBUG i.a.p.raft.session.RaftSession - Session{2}{type=io.atomix.protocols.raft.RaftTest$TestPrimitiveType@86201a0, name=raft-test} - State changed: OPEN
02:47:13.564 [raft-server-1] TRACE i.a.p.raft.roles.LeaderAppender - RaftServer{1} - Received AppendResponse{status=OK, term=1, succeeded=true, lastLogIndex=3} from 2
02:47:13.564 [raft-server-1] TRACE i.a.protocols.raft.roles.LeaderRole - RaftServer{1}{role=LEADER} - Received CommandRequest{session=2, sequence=1, operation=PrimitiveOperation{id=DefaultOperationId{id=sendEvent, type=COMMAND}, value=byte[]{length=5, hash=77607633}}}
02:47:13.565 [raft-server-1] TRACE i.a.protocols.raft.roles.LeaderRole - RaftServer{1}{role=LEADER} - Appended Indexed{index=4, entry=CommandEntry{term=1, timestamp=2018-06-09 02:47:13,565, session=2, sequence=1, operation=PrimitiveOperation{id=DefaultOperationId{id=sendEvent, type=COMMAND}, value=byte[]{length=5, hash=77607633}}}}
02:47:13.565 [raft-server-1] TRACE i.a.p.raft.roles.LeaderAppender - RaftServer{1} - Sending AppendRequest{term=1, leader=1, prevLogIndex=3, prevLogTerm=1, entries=1, commitIndex=3} to 3
02:47:13.565 [raft-server-3] TRACE i.a.p.raft.roles.FollowerRole - RaftServer{3}{role=FOLLOWER} - Received AppendRequest{term=1, leader=1, prevLogIndex=3, prevLogTerm=1, entries=1, commitIndex=3}
02:47:13.565 [raft-server-1] TRACE i.a.p.raft.roles.LeaderAppender - RaftServer{1} - Sending AppendRequest{term=1, leader=1, prevLogIndex=3, prevLogTerm=1, entries=1, commitIndex=3} to 2
02:47:13.565 [raft-server-2] TRACE i.a.p.raft.roles.FollowerRole - RaftServer{2}{role=FOLLOWER} - Received AppendRequest{term=1, leader=1, prevLogIndex=3, prevLogTerm=1, entries=1, commitIndex=3}
02:47:13.565 [raft-server-3] TRACE i.a.p.raft.roles.FollowerRole - RaftServer{3}{role=FOLLOWER} - Appended Indexed{index=4, entry=CommandEntry{term=1, timestamp=2018-06-09 02:47:13,565, session=2, sequence=1, operation=PrimitiveOperation{id=DefaultOperationId{id=sendEvent, type=COMMAND}, value=byte[]{length=5, hash=77607633}}}}
02:47:13.565 [raft-server-1-state] TRACE i.a.p.raft.impl.RaftServiceManager - RaftServer{1} - Applying Indexed{index=3, entry=KeepAliveEntry{term=1, timestamp=2018-06-09 02:47:13,368, sessionIds=long[]{length=1, hash=33}, commandSequences=long[]{length=1, hash=31}, eventIndexes=long[]{length=1, hash=33}}}
02:47:13.565 [raft-server-2] TRACE i.a.p.raft.roles.FollowerRole - RaftServer{2}{role=FOLLOWER} - Appended Indexed{index=4, entry=CommandEntry{term=1, timestamp=2018-06-09 02:47:13,565, session=2, sequence=1, operation=PrimitiveOperation{id=DefaultOperationId{id=sendEvent, type=COMMAND}, value=byte[]{length=5, hash=77607633}}}}
02:47:13.565 [raft-server-1] TRACE i.a.protocols.raft.roles.LeaderRole - RaftServer{1}{role=LEADER} - Sending KeepAliveResponse{status=OK, leader=1, members=[1, 3, 2], sessionIds=long[]{length=1, hash=33}}
02:47:13.656 [raft-server-2] TRACE i.a.p.raft.roles.FollowerRole - RaftServer{2}{role=FOLLOWER} - Committed entries up to index 3
02:47:13.656 [raft-server-3] TRACE i.a.p.raft.roles.FollowerRole - RaftServer{3}{role=FOLLOWER} - Committed entries up to index 3
02:47:13.656 [raft-server-2] TRACE i.a.p.raft.roles.FollowerRole - RaftServer{2}{role=FOLLOWER} - Sending AppendResponse{status=OK, term=1, succeeded=true, lastLogIndex=4}
02:47:13.656 [raft-server-3] TRACE i.a.p.raft.roles.FollowerRole - RaftServer{3}{role=FOLLOWER} - Sending AppendResponse{status=OK, term=1, succeeded=true, lastLogIndex=4}
02:47:13.656 [raft-server-2] TRACE i.a.p.raft.roles.FollowerRole - RaftServer{2}{role=FOLLOWER} - Sending KeepAliveResponse{status=OK, leader=1, members=[1, 3, 2], sessionIds=long[]{length=1, hash=33}}
02:47:13.656 [raft-server-1] TRACE i.a.p.raft.roles.LeaderAppender - RaftServer{1} - Received AppendResponse{status=OK, term=1, succeeded=true, lastLogIndex=4} from 2
02:47:13.656 [raft-server-1] TRACE i.a.p.raft.roles.LeaderAppender - RaftServer{1} - Committed entries up to 4
02:47:13.656 [raft-server-3-state] TRACE i.a.p.raft.impl.RaftServiceManager - RaftServer{3} - Applying Indexed{index=3, entry=KeepAliveEntry{term=1, timestamp=2018-06-09 02:47:13,368, sessionIds=long[]{length=1, hash=33}, commandSequences=long[]{length=1, hash=31}, eventIndexes=long[]{length=1, hash=33}}}
02:47:13.657 [raft-server-2-state] TRACE i.a.p.raft.impl.RaftServiceManager - RaftServer{2} - Applying Indexed{index=3, entry=KeepAliveEntry{term=1, timestamp=2018-06-09 02:47:13,368, sessionIds=long[]{length=1, hash=33}, commandSequences=long[]{length=1, hash=31}, eventIndexes=long[]{length=1, hash=33}}}
02:47:13.657 [raft-client-adc731f6-ea25-4ed9-9979-1c5079ac6ea7-4] TRACE i.a.p.r.p.impl.RaftProxyConnection - RaftClient{adc731f6-ea25-4ed9-9979-1c5079ac6ea7} - Received KeepAliveResponse{status=OK, leader=1, members=[1, 3, 2], sessionIds=long[]{length=1, hash=33}} from 2
02:47:13.657 [raft-client-adc731f6-ea25-4ed9-9979-1c5079ac6ea7-2] TRACE i.a.p.r.p.impl.RaftProxyConnection - SessionClient{2}{type=io.atomix.protocols.raft.RaftTest$TestPrimitiveType@35bfa1bb, name=raft-test} - Sending CommandRequest{session=2, sequence=1, operation=PrimitiveOperation{id=DefaultOperationId{id=sendEvent, type=COMMAND}, value=byte[]{length=5, hash=77607633}}} to 2
02:47:13.657 [raft-server-2] TRACE i.a.p.raft.roles.FollowerRole - RaftServer{2}{role=FOLLOWER} - Received CommandRequest{session=2, sequence=1, operation=PrimitiveOperation{id=DefaultOperationId{id=sendEvent, type=COMMAND}, value=byte[]{length=5, hash=77607633}}}
02:47:13.725 [raft-server-1] TRACE i.a.p.raft.roles.LeaderAppender - RaftServer{1} - Sending AppendRequest{term=1, leader=1, prevLogIndex=4, prevLogTerm=1, entries=0, commitIndex=4} to 2
02:47:13.725 [raft-server-1] TRACE i.a.p.raft.roles.LeaderAppender - RaftServer{1} - Received AppendResponse{status=OK, term=1, succeeded=true, lastLogIndex=4} from 3
02:47:13.725 [raft-server-2] TRACE i.a.p.raft.roles.FollowerRole - RaftServer{2}{role=FOLLOWER} - Received AppendRequest{term=1, leader=1, prevLogIndex=4, prevLogTerm=1, entries=0, commitIndex=4}
02:47:13.725 [raft-server-1] TRACE i.a.p.raft.roles.LeaderAppender - RaftServer{1} - Sending AppendRequest{term=1, leader=1, prevLogIndex=4, prevLogTerm=1, entries=0, commitIndex=4} to 3
02:47:13.725 [raft-server-3] TRACE i.a.p.raft.roles.FollowerRole - RaftServer{3}{role=FOLLOWER} - Received AppendRequest{term=1, leader=1, prevLogIndex=4, prevLogTerm=1, entries=0, commitIndex=4}
02:47:13.725 [raft-server-1] TRACE i.a.protocols.raft.roles.LeaderRole - RaftServer{1}{role=LEADER} - Received CommandRequest{session=2, sequence=1, operation=PrimitiveOperation{id=DefaultOperationId{id=sendEvent, type=COMMAND}, value=byte[]{length=5, hash=77607633}}}
02:47:13.725 [raft-server-1] TRACE i.a.protocols.raft.roles.LeaderRole - RaftServer{1}{role=LEADER} - Appended Indexed{index=5, entry=CommandEntry{term=1, timestamp=2018-06-09 02:47:13,725, session=2, sequence=1, operation=PrimitiveOperation{id=DefaultOperationId{id=sendEvent, type=COMMAND}, value=byte[]{length=5, hash=77607633}}}}
02:47:13.725 [raft-server-1-state] TRACE i.a.p.raft.impl.RaftServiceManager - RaftServer{1} - Applying Indexed{index=4, entry=CommandEntry{term=1, timestamp=2018-06-09 02:47:13,565, session=2, sequence=1, operation=PrimitiveOperation{id=DefaultOperationId{id=sendEvent, type=COMMAND}, value=byte[]{length=5, hash=77607633}}}}
02:47:13.726 [raft-server-1-state] TRACE i.a.p.s.impl.DefaultServiceExecutor - PrimitiveService{2}{type=io.atomix.protocols.raft.RaftTest$TestPrimitiveType@78a96897, name=raft-test} - Executing DefaultCommit{index=4, session=RaftSession{RaftServiceContext{server=1, type=io.atomix.protocols.raft.RaftTest$TestPrimitiveType@78a96897, name=raft-test, id=2}, session=2, timestamp=2018-06-09 02:47:13,565}, time=2018-06-09 02:47:13,565, operation=DefaultOperationId{id=sendEvent, type=COMMAND}, value=byte[]{length=5, hash=77607633}}
02:47:13.726 [raft-server-1-state] TRACE i.a.utils.serializer.KryoNamespace - Creating Kryo instance for KryoNamespace{registeredBlocks=[RegistrationBlock{begin=16, types=[([Ljava.lang.Class;@6b321262,null), ([Ljava.lang.Class;@68b11545,null), ([Ljava.lang.Class;@7d0100ea,null), ([Ljava.lang.Class;@357bc488,null), ([Ljava.lang.Class;@4ea17147,io.atomix.utils.serializer.serializers.ImmutableListSerializer@2eda4eeb), ([Ljava.lang.Class;@5ba90d8a,io.atomix.utils.serializer.serializers.ImmutableSetSerializer@309dcdf3), ([Ljava.lang.Class;@7573b9ee,io.atomix.utils.serializer.serializers.ImmutableMapSerializer@9a20cbd), ([Ljava.lang.Class;@1af4955e,null), ([Ljava.lang.Class;@445821a6,null), ([Ljava.lang.Class;@2c0c4c0a,null), ([Ljava.lang.Class;@35d26ad2,null), ([Ljava.lang.Class;@bb25753,null), ([Ljava.lang.Class;@ee21292,null), ([Ljava.lang.Class;@40c06358,null), ([Ljava.lang.Class;@66e21568,null), ([Ljava.lang.Class;@7f73ce28,null), ([Ljava.lang.Class;@611b35d6,null), ([Ljava.lang.Class;@2282400e,null), ([Ljava.lang.Class;@543d5863,null), ([Ljava.lang.Class;@35dece42,null), ([Ljava.lang.Class;@dd3f8aa,io.atomix.utils.serializer.serializers.ArraysAsListSerializer@3d615b2e), ([Ljava.lang.Class;@3a1f2a1,null), ([Ljava.lang.Class;@40ce9049,null), ([Ljava.lang.Class;@52ca2652,null), ([Ljava.lang.Class;@65c5bf0e,null), ([Ljava.lang.Class;@697d6ded,null), ([Ljava.lang.Class;@5d05f453,null), ([Ljava.lang.Class;@5efeb117,null), ([Ljava.lang.Class;@160b4809,null), ([Ljava.lang.Class;@149b4d20,null), ([Ljava.lang.Class;@664e848c,null), ([Ljava.lang.Class;@4d93f75b,null), ([Ljava.lang.Class;@114a5e0,null), ([Ljava.lang.Class;@4f281aaf,null), ([Ljava.lang.Class;@5d508d22,null), ([Ljava.lang.Class;@f2b90fc,null)]}, RegistrationBlock{begin=52, types=[([Ljava.lang.Class;@2bd8bfe4,null)]}]}
02:47:13.726 [raft-server-1-state] TRACE i.a.utils.serializer.KryoNamespace - class [B registered as 16
02:47:13.726 [raft-server-1-state] TRACE i.a.utils.serializer.KryoNamespace - class java.util.concurrent.atomic.AtomicBoolean registered as 17
02:47:13.726 [raft-server-1-state] TRACE i.a.utils.serializer.KryoNamespace - class java.util.concurrent.atomic.AtomicInteger registered as 18
02:47:13.726 [raft-server-1-state] TRACE i.a.utils.serializer.KryoNamespace - class java.util.concurrent.atomic.AtomicLong registered as 19
02:47:13.726 [raft-server-1-state] TRACE i.a.utils.serializer.KryoNamespace - class com.google.common.collect.ImmutableList registered as 20
02:47:13.726 [raft-server-1-state] TRACE i.a.utils.serializer.KryoNamespace - class com.google.common.collect.RegularImmutableList registered as 20
02:47:13.727 [raft-server-1-state] TRACE i.a.utils.serializer.KryoNamespace - class com.google.common.collect.RegularImmutableList registered as 20
02:47:13.727 [raft-server-1-state] TRACE i.a.utils.serializer.KryoNamespace - class com.google.common.collect.ImmutableList$SubList registered as 20
02:47:13.727 [raft-server-1-state] TRACE i.a.utils.serializer.KryoNamespace - class com.google.common.collect.ImmutableSet registered as 21
02:47:13.727 [raft-server-1-state] TRACE i.a.utils.serializer.KryoNamespace - class com.google.common.collect.RegularImmutableSet registered as 21
02:47:13.727 [raft-server-1-state] TRACE i.a.utils.serializer.KryoNamespace - class com.google.common.collect.SingletonImmutableSet registered as 21
02:47:13.727 [raft-server-1-state] TRACE i.a.utils.serializer.KryoNamespace - class com.google.common.collect.RegularImmutableSet registered as 21
02:47:13.727 [raft-server-1-state] TRACE i.a.utils.serializer.KryoNamespace - class com.google.common.collect.ImmutableMap registered as 22
02:47:13.727 [raft-server-1-state] TRACE i.a.utils.serializer.KryoNamespace - class com.google.common.collect.RegularImmutableMap registered as 22
02:47:13.727 [raft-server-1-state] TRACE i.a.utils.serializer.KryoNamespace - class com.google.common.collect.RegularImmutableMap registered as 22
02:47:13.727 [raft-server-1-state] TRACE i.a.utils.serializer.KryoNamespace - class com.google.common.collect.RegularImmutableMap registered as 22
02:47:13.727 [raft-server-1-state] TRACE i.a.utils.serializer.KryoNamespace - class java.util.Collections$UnmodifiableSet registered as 23
02:47:13.727 [raft-server-1-state] TRACE i.a.utils.serializer.KryoNamespace - class java.util.HashMap registered as 24
02:47:13.727 [raft-server-1-state] TRACE i.a.utils.serializer.KryoNamespace - class java.util.concurrent.ConcurrentHashMap registered as 25
02:47:13.727 [raft-server-1-state] TRACE i.a.utils.serializer.KryoNamespace - class java.util.concurrent.CopyOnWriteArraySet registered as 26
02:47:13.727 [raft-server-1-state] TRACE i.a.utils.serializer.KryoNamespace - class java.util.ArrayList registered as 27
02:47:13.727 [raft-server-1-state] TRACE i.a.utils.serializer.KryoNamespace - class java.util.LinkedList registered as 28
02:47:13.727 [raft-server-1-state] TRACE i.a.utils.serializer.KryoNamespace - class java.util.HashSet registered as 29
02:47:13.727 [raft-server-1-state] TRACE i.a.utils.serializer.KryoNamespace - class java.util.LinkedHashSet registered as 30
02:47:13.727 [raft-server-1-state] TRACE i.a.utils.serializer.KryoNamespace - class com.sun.jmx.remote.internal.ArrayQueue registered as 31
02:47:13.727 [raft-server-1-state] TRACE i.a.utils.serializer.KryoNamespace - class java.util.ArrayDeque registered as 32
02:47:13.727 [raft-server-1-state] TRACE i.a.utils.serializer.KryoNamespace - class com.google.common.collect.HashMultiset registered as 33
02:47:13.727 [raft-server-1-state] TRACE i.a.utils.serializer.KryoNamespace - class com.google.common.collect.Sets registered as 34
02:47:13.727 [raft-server-1-state] TRACE i.a.utils.serializer.KryoNamespace - class com.google.common.collect.ImmutableEntry registered as 35
02:47:13.727 [raft-server-1-state] TRACE i.a.utils.serializer.KryoNamespace - class java.util.Arrays$ArrayList registered as 36
02:47:13.727 [raft-server-1-state] TRACE i.a.utils.serializer.KryoNamespace - class java.util.Collections$SingletonList registered as 37
02:47:13.727 [raft-server-1-state] TRACE i.a.utils.serializer.KryoNamespace - class java.time.Duration registered as 38
02:47:13.727 [raft-server-1-state] TRACE i.a.utils.serializer.KryoNamespace - class java.util.Collections$EmptySet registered as 39
02:47:13.727 [raft-server-1-state] TRACE i.a.utils.serializer.KryoNamespace - class java.util.Optional registered as 40
02:47:13.727 [raft-server-1-state] TRACE i.a.utils.serializer.KryoNamespace - class java.util.Collections$EmptyList registered as 41
02:47:13.727 [raft-server-1-state] TRACE i.a.utils.serializer.KryoNamespace - class java.util.Collections$SingletonSet registered as 42
02:47:13.727 [raft-server-1-state] TRACE i.a.utils.serializer.KryoNamespace - class [I registered as 43
02:47:13.728 [raft-server-1-state] TRACE i.a.utils.serializer.KryoNamespace - class [J registered as 44
02:47:13.728 [raft-server-1-state] TRACE i.a.utils.serializer.KryoNamespace - class [S registered as 45
02:47:13.728 [raft-server-1-state] TRACE i.a.utils.serializer.KryoNamespace - class [D registered as 46
02:47:13.728 [raft-server-1-state] TRACE i.a.utils.serializer.KryoNamespace - class [F registered as 47
02:47:13.728 [raft-server-1-state] TRACE i.a.utils.serializer.KryoNamespace - class [C registered as 48
02:47:13.728 [raft-server-1-state] TRACE i.a.utils.serializer.KryoNamespace - class [Ljava.lang.String; registered as 49
02:47:13.728 [raft-server-1-state] TRACE i.a.utils.serializer.KryoNamespace - class [Z registered as 50
02:47:13.728 [raft-server-1-state] TRACE i.a.utils.serializer.KryoNamespace - class [Ljava.lang.Object; registered as 51
02:47:13.728 [raft-server-1-state] TRACE i.a.utils.serializer.KryoNamespace - class io.atomix.primitive.service.ServiceConfig registered as 52
02:47:13.728 [raft-server-1-state] TRACE i.a.protocols.raft.roles.LeaderRole - RaftServer{1}{role=LEADER} - Sending CommandResponse{status=OK, index=4, eventIndex=2, result=byte[]{length=2, hash=1248}}
02:47:13.728 [raft-server-1-0] TRACE i.a.p.raft.session.RaftSession - Session{2}{type=io.atomix.protocols.raft.RaftTest$TestPrimitiveType@78a96897, name=raft-test} - Sending PublishRequest{session=2, eventIndex=4, previousIndex=2, events=[PrimitiveEvent{type=event, value=byte[]{length=5, hash=77607764}}]}
02:47:13.728 [raft-client-adc731f6-ea25-4ed9-9979-1c5079ac6ea7-1] TRACE i.a.p.r.proxy.impl.RaftProxyListener - SessionClient{2}{type=io.atomix.protocols.raft.RaftTest$TestPrimitiveType@35bfa1bb, name=raft-test} - Received PublishRequest{session=2, eventIndex=4, previousIndex=2, events=[PrimitiveEvent{type=event, value=byte[]{length=5, hash=77607764}}]}
02:47:13.783 [raft-server-1] TRACE i.a.p.raft.roles.LeaderAppender - RaftServer{1} - Sending AppendRequest{term=1, leader=1, prevLogIndex=4, prevLogTerm=1, entries=1, commitIndex=4} to 3
02:47:13.783 [raft-server-1] TRACE i.a.p.raft.roles.LeaderAppender - RaftServer{1} - Sending AppendRequest{term=1, leader=1, prevLogIndex=4, prevLogTerm=1, entries=1, commitIndex=4} to 2
02:47:13.814 [raft-server-2] TRACE i.a.p.raft.roles.FollowerRole - RaftServer{2}{role=FOLLOWER} - Committed entries up to index 4
02:47:13.814 [raft-server-3] TRACE i.a.p.raft.roles.FollowerRole - RaftServer{3}{role=FOLLOWER} - Committed entries up to index 4
02:47:13.814 [raft-server-2] TRACE i.a.p.raft.roles.FollowerRole - RaftServer{2}{role=FOLLOWER} - Sending AppendResponse{status=OK, term=1, succeeded=true, lastLogIndex=4}
02:47:13.814 [raft-server-3] TRACE i.a.p.raft.roles.FollowerRole - RaftServer{3}{role=FOLLOWER} - Sending AppendResponse{status=OK, term=1, succeeded=true, lastLogIndex=4}
02:47:13.814 [raft-server-1] TRACE i.a.p.raft.roles.LeaderAppender - RaftServer{1} - Received AppendResponse{status=OK, term=1, succeeded=true, lastLogIndex=4} from 2
02:47:13.814 [raft-server-2] TRACE i.a.p.raft.roles.FollowerRole - RaftServer{2}{role=FOLLOWER} - Sending CommandResponse{status=OK, index=4, eventIndex=2, result=byte[]{length=2, hash=1248}}
02:47:13.814 [raft-server-3] TRACE i.a.p.raft.roles.FollowerRole - RaftServer{3}{role=FOLLOWER} - Received AppendRequest{term=1, leader=1, prevLogIndex=4, prevLogTerm=1, entries=1, commitIndex=4}
02:47:13.815 [raft-server-1] TRACE i.a.p.raft.roles.LeaderAppender - RaftServer{1} - Received AppendResponse{status=OK, term=1, succeeded=true, lastLogIndex=4} from 3
02:47:13.815 [raft-server-2] TRACE i.a.p.raft.roles.FollowerRole - RaftServer{2}{role=FOLLOWER} - Received AppendRequest{term=1, leader=1, prevLogIndex=4, prevLogTerm=1, entries=1, commitIndex=4}
02:47:13.815 [raft-client-adc731f6-ea25-4ed9-9979-1c5079ac6ea7-6] TRACE i.a.p.r.p.impl.RaftProxyConnection - SessionClient{2}{type=io.atomix.protocols.raft.RaftTest$TestPrimitiveType@35bfa1bb, name=raft-test} - Received CommandResponse{status=OK, index=4, eventIndex=2, result=byte[]{length=2, hash=1248}} from 2
02:47:13.815 [raft-client-adc731f6-ea25-4ed9-9979-1c5079ac6ea7-6] TRACE i.a.p.r.p.impl.RaftProxySequencer - SessionClient{2}{type=io.atomix.protocols.raft.RaftTest$TestPrimitiveType@35bfa1bb, name=raft-test} - Completing response CommandResponse{status=OK, index=4, eventIndex=2, result=byte[]{length=2, hash=1248}}
02:47:13.815 [raft-server-2] TRACE i.a.p.raft.roles.FollowerRole - RaftServer{2}{role=FOLLOWER} - Appended Indexed{index=5, entry=CommandEntry{term=1, timestamp=2018-06-09 02:47:13,725, session=2, sequence=1, operation=PrimitiveOperation{id=DefaultOperationId{id=sendEvent, type=COMMAND}, value=byte[]{length=5, hash=77607633}}}}
02:47:13.815 [raft-server-3] TRACE i.a.p.raft.roles.FollowerRole - RaftServer{3}{role=FOLLOWER} - Appended Indexed{index=5, entry=CommandEntry{term=1, timestamp=2018-06-09 02:47:13,725, session=2, sequence=1, operation=PrimitiveOperation{id=DefaultOperationId{id=sendEvent, type=COMMAND}, value=byte[]{length=5, hash=77607633}}}}
02:47:13.815 [raft-server-2] TRACE i.a.p.raft.roles.FollowerRole - RaftServer{2}{role=FOLLOWER} - Sending AppendResponse{status=OK, term=1, succeeded=true, lastLogIndex=5}
02:47:13.815 [raft-server-3] TRACE i.a.p.raft.roles.FollowerRole - RaftServer{3}{role=FOLLOWER} - Sending AppendResponse{status=OK, term=1, succeeded=true, lastLogIndex=5}
02:47:13.815 [raft-server-1] TRACE i.a.p.raft.roles.LeaderAppender - RaftServer{1} - Received AppendResponse{status=OK, term=1, succeeded=true, lastLogIndex=5} from 2
02:47:13.815 [raft-server-1] TRACE i.a.p.raft.roles.LeaderAppender - RaftServer{1} - Committed entries up to 5
02:47:13.815 [raft-server-3-state] TRACE i.a.p.raft.impl.RaftServiceManager - RaftServer{3} - Applying Indexed{index=4, entry=CommandEntry{term=1, timestamp=2018-06-09 02:47:13,565, session=2, sequence=1, operation=PrimitiveOperation{id=DefaultOperationId{id=sendEvent, type=COMMAND}, value=byte[]{length=5, hash=77607633}}}}
02:47:13.815 [raft-server-3-state] TRACE i.a.p.s.impl.DefaultServiceExecutor - PrimitiveService{2}{type=io.atomix.protocols.raft.RaftTest$TestPrimitiveType@86201a0, name=raft-test} - Executing DefaultCommit{index=4, session=RaftSession{RaftServiceContext{server=3, type=io.atomix.protocols.raft.RaftTest$TestPrimitiveType@86201a0, name=raft-test, id=2}, session=2, timestamp=2018-06-09 02:47:13,565}, time=2018-06-09 02:47:13,565, operation=DefaultOperationId{id=sendEvent, type=COMMAND}, value=byte[]{length=5, hash=77607633}}
02:47:13.815 [raft-server-3-state] TRACE i.a.utils.serializer.KryoNamespace - Creating Kryo instance for KryoNamespace{registeredBlocks=[RegistrationBlock{begin=16, types=[([Ljava.lang.Class;@6b321262,null), ([Ljava.lang.Class;@68b11545,null), ([Ljava.lang.Class;@7d0100ea,null), ([Ljava.lang.Class;@357bc488,null), ([Ljava.lang.Class;@4ea17147,io.atomix.utils.serializer.serializers.ImmutableListSerializer@2eda4eeb), ([Ljava.lang.Class;@5ba90d8a,io.atomix.utils.serializer.serializers.ImmutableSetSerializer@309dcdf3), ([Ljava.lang.Class;@7573b9ee,io.atomix.utils.serializer.serializers.ImmutableMapSerializer@9a20cbd), ([Ljava.lang.Class;@1af4955e,null), ([Ljava.lang.Class;@445821a6,null), ([Ljava.lang.Class;@2c0c4c0a,null), ([Ljava.lang.Class;@35d26ad2,null), ([Ljava.lang.Class;@bb25753,null), ([Ljava.lang.Class;@ee21292,null), ([Ljava.lang.Class;@40c06358,null), ([Ljava.lang.Class;@66e21568,null), ([Ljava.lang.Class;@7f73ce28,null), ([Ljava.lang.Class;@611b35d6,null), ([Ljava.lang.Class;@2282400e,null), ([Ljava.lang.Class;@543d5863,null), ([Ljava.lang.Class;@35dece42,null), ([Ljava.lang.Class;@dd3f8aa,io.atomix.utils.serializer.serializers.ArraysAsListSerializer@3d615b2e), ([Ljava.lang.Class;@3a1f2a1,null), ([Ljava.lang.Class;@40ce9049,null), ([Ljava.lang.Class;@52ca2652,null), ([Ljava.lang.Class;@65c5bf0e,null), ([Ljava.lang.Class;@697d6ded,null), ([Ljava.lang.Class;@5d05f453,null), ([Ljava.lang.Class;@5efeb117,null), ([Ljava.lang.Class;@160b4809,null), ([Ljava.lang.Class;@149b4d20,null), ([Ljava.lang.Class;@664e848c,null), ([Ljava.lang.Class;@4d93f75b,null), ([Ljava.lang.Class;@114a5e0,null), ([Ljava.lang.Class;@4f281aaf,null), ([Ljava.lang.Class;@5d508d22,null), ([Ljava.lang.Class;@f2b90fc,null)]}, RegistrationBlock{begin=52, types=[([Ljava.lang.Class;@703a8e49,null)]}]}
02:47:13.816 [raft-server-3-state] TRACE i.a.utils.serializer.KryoNamespace - class [B registered as 16
02:47:13.816 [raft-server-3-state] TRACE i.a.utils.serializer.KryoNamespace - class java.util.concurrent.atomic.AtomicBoolean registered as 17
02:47:13.816 [raft-server-3-state] TRACE i.a.utils.serializer.KryoNamespace - class java.util.concurrent.atomic.AtomicInteger registered as 18
02:47:13.816 [raft-server-3-state] TRACE i.a.utils.serializer.KryoNamespace - class java.util.concurrent.atomic.AtomicLong registered as 19
02:47:13.816 [raft-server-3-state] TRACE i.a.utils.serializer.KryoNamespace - class com.google.common.collect.ImmutableList registered as 20
02:47:13.816 [raft-server-3-state] TRACE i.a.utils.serializer.KryoNamespace - class com.google.common.collect.RegularImmutableList registered as 20
02:47:13.816 [raft-server-3-state] TRACE i.a.utils.serializer.KryoNamespace - class com.google.common.collect.RegularImmutableList registered as 20
02:47:13.816 [raft-server-3-state] TRACE i.a.utils.serializer.KryoNamespace - class com.google.common.collect.ImmutableList$SubList registered as 20
02:47:13.816 [raft-server-3-state] TRACE i.a.utils.serializer.KryoNamespace - class com.google.common.collect.ImmutableSet registered as 21
02:47:13.816 [raft-server-3-state] TRACE i.a.utils.serializer.KryoNamespace - class com.google.common.collect.RegularImmutableSet registered as 21
02:47:13.816 [raft-server-3-state] TRACE i.a.utils.serializer.KryoNamespace - class com.google.common.collect.SingletonImmutableSet registered as 21
02:47:13.816 [raft-server-3-state] TRACE i.a.utils.serializer.KryoNamespace - class com.google.common.collect.RegularImmutableSet registered as 21
02:47:13.816 [raft-server-3-state] TRACE i.a.utils.serializer.KryoNamespace - class com.google.common.collect.ImmutableMap registered as 22
02:47:13.816 [raft-server-3-state] TRACE i.a.utils.serializer.KryoNamespace - class com.google.common.collect.RegularImmutableMap registered as 22
02:47:13.816 [raft-server-3-state] TRACE i.a.utils.serializer.KryoNamespace - class com.google.common.collect.RegularImmutableMap registered as 22
02:47:13.816 [raft-server-3-state] TRACE i.a.utils.serializer.KryoNamespace - class com.google.common.collect.RegularImmutableMap registered as 22
02:47:13.816 [raft-server-3-state] TRACE i.a.utils.serializer.KryoNamespace - class java.util.Collections$UnmodifiableSet registered as 23
02:47:13.816 [raft-server-3-state] TRACE i.a.utils.serializer.KryoNamespace - class java.util.HashMap registered as 24
02:47:13.816 [raft-server-2-state] TRACE i.a.p.raft.impl.RaftServiceManager - RaftServer{2} - Applying Indexed{index=4, entry=CommandEntry{term=1, timestamp=2018-06-09 02:47:13,565, session=2, sequence=1, operation=PrimitiveOperation{id=DefaultOperationId{id=sendEvent, type=COMMAND}, value=byte[]{length=5, hash=77607633}}}}
02:47:13.816 [raft-server-3-state] TRACE i.a.utils.serializer.KryoNamespace - class java.util.concurrent.ConcurrentHashMap registered as 25
02:47:13.815 [raft-client-adc731f6-ea25-4ed9-9979-1c5079ac6ea7-6] TRACE i.a.p.r.p.impl.RaftProxySequencer - SessionClient{2}{type=io.atomix.protocols.raft.RaftTest$TestPrimitiveType@35bfa1bb, name=raft-test} - Completing PublishRequest{session=2, eventIndex=4, previousIndex=2, events=[PrimitiveEvent{type=event, value=byte[]{length=5, hash=77607764}}]}
02:47:13.816 [raft-server-3-state] TRACE i.a.utils.serializer.KryoNamespace - class java.util.concurrent.CopyOnWriteArraySet registered as 26
02:47:13.816 [raft-server-2-state] TRACE i.a.p.s.impl.DefaultServiceExecutor - PrimitiveService{2}{type=io.atomix.protocols.raft.RaftTest$TestPrimitiveType@1510d46f, name=raft-test} - Executing DefaultCommit{index=4, session=RaftSession{RaftServiceContext{server=2, type=io.atomix.protocols.raft.RaftTest$TestPrimitiveType@1510d46f, name=raft-test, id=2}, session=2, timestamp=2018-06-09 02:47:13,565}, time=2018-06-09 02:47:13,565, operation=DefaultOperationId{id=sendEvent, type=COMMAND}, value=byte[]{length=5, hash=77607633}}
02:47:13.816 [raft-server-3-state] TRACE i.a.utils.serializer.KryoNamespace - class java.util.ArrayList registered as 27
02:47:13.816 [raft-server-3-state] TRACE i.a.utils.serializer.KryoNamespace - class java.util.LinkedList registered as 28
02:47:13.816 [raft-server-2-state] TRACE i.a.utils.serializer.KryoNamespace - Creating Kryo instance for KryoNamespace{registeredBlocks=[RegistrationBlock{begin=16, types=[([Ljava.lang.Class;@6b321262,null), ([Ljava.lang.Class;@68b11545,null), ([Ljava.lang.Class;@7d0100ea,null), ([Ljava.lang.Class;@357bc488,null), ([Ljava.lang.Class;@4ea17147,io.atomix.utils.serializer.serializers.ImmutableListSerializer@2eda4eeb), ([Ljava.lang.Class;@5ba90d8a,io.atomix.utils.serializer.serializers.ImmutableSetSerializer@309dcdf3), ([Ljava.lang.Class;@7573b9ee,io.atomix.utils.serializer.serializers.ImmutableMapSerializer@9a20cbd), ([Ljava.lang.Class;@1af4955e,null), ([Ljava.lang.Class;@445821a6,null), ([Ljava.lang.Class;@2c0c4c0a,null), ([Ljava.lang.Class;@35d26ad2,null), ([Ljava.lang.Class;@bb25753,null), ([Ljava.lang.Class;@ee21292,null), ([Ljava.lang.Class;@40c06358,null), ([Ljava.lang.Class;@66e21568,null), ([Ljava.lang.Class;@7f73ce28,null), ([Ljava.lang.Class;@611b35d6,null), ([Ljava.lang.Class;@2282400e,null), ([Ljava.lang.Class;@543d5863,null), ([Ljava.lang.Class;@35dece42,null), ([Ljava.lang.Class;@dd3f8aa,io.atomix.utils.serializer.serializers.ArraysAsListSerializer@3d615b2e), ([Ljava.lang.Class;@3a1f2a1,null), ([Ljava.lang.Class;@40ce9049,null), ([Ljava.lang.Class;@52ca2652,null), ([Ljava.lang.Class;@65c5bf0e,null), ([Ljava.lang.Class;@697d6ded,null), ([Ljava.lang.Class;@5d05f453,null), ([Ljava.lang.Class;@5efeb117,null), ([Ljava.lang.Class;@160b4809,null), ([Ljava.lang.Class;@149b4d20,null), ([Ljava.lang.Class;@664e848c,null), ([Ljava.lang.Class;@4d93f75b,null), ([Ljava.lang.Class;@114a5e0,null), ([Ljava.lang.Class;@4f281aaf,null), ([Ljava.lang.Class;@5d508d22,null), ([Ljava.lang.Class;@f2b90fc,null)]}, RegistrationBlock{begin=52, types=[([Ljava.lang.Class;@661f3820,null)]}]}
02:47:13.816 [raft-server-3-state] TRACE i.a.utils.serializer.KryoNamespace - class java.util.HashSet registered as 29
02:47:13.817 [raft-client-adc731f6-ea25-4ed9-9979-1c5079ac6ea7-7] TRACE i.a.p.r.p.impl.RaftProxyConnection - SessionClient{2}{type=io.atomix.protocols.raft.RaftTest$TestPrimitiveType@35bfa1bb, name=raft-test} - Sending QueryRequest{session=2, sequence=1, operation=PrimitiveOperation{id=DefaultOperationId{id=read, type=QUERY}, value=null}, index=4} to 1
02:47:13.817 [raft-server-3-state] TRACE i.a.utils.serializer.KryoNamespace - class java.util.LinkedHashSet registered as 30
02:47:13.817 [raft-server-3-state] TRACE i.a.utils.serializer.KryoNamespace - class com.sun.jmx.remote.internal.ArrayQueue registered as 31
02:47:13.817 [raft-server-3-state] TRACE i.a.utils.serializer.KryoNamespace - class java.util.ArrayDeque registered as 32
02:47:13.817 [raft-server-3-state] TRACE i.a.utils.serializer.KryoNamespace - class com.google.common.collect.HashMultiset registered as 33
02:47:13.817 [raft-server-3-state] TRACE i.a.utils.serializer.KryoNamespace - class com.google.common.collect.Sets registered as 34
02:47:13.817 [raft-server-3-state] TRACE i.a.utils.serializer.KryoNamespace - class com.google.common.collect.ImmutableEntry registered as 35
02:47:13.817 [raft-server-3-state] TRACE i.a.utils.serializer.KryoNamespace - class java.util.Arrays$ArrayList registered as 36
02:47:13.817 [raft-server-3-state] TRACE i.a.utils.serializer.KryoNamespace - class java.util.Collections$SingletonList registered as 37
02:47:13.817 [raft-server-3-state] TRACE i.a.utils.serializer.KryoNamespace - class java.time.Duration registered as 38
02:47:13.817 [raft-server-3-state] TRACE i.a.utils.serializer.KryoNamespace - class java.util.Collections$EmptySet registered as 39
02:47:13.817 [raft-server-3-state] TRACE i.a.utils.serializer.KryoNamespace - class java.util.Optional registered as 40
02:47:13.817 [raft-server-3-state] TRACE i.a.utils.serializer.KryoNamespace - class java.util.Collections$EmptyList registered as 41
02:47:13.817 [raft-server-3-state] TRACE i.a.utils.serializer.KryoNamespace - class java.util.Collections$SingletonSet registered as 42
02:47:13.817 [raft-server-2-state] TRACE i.a.utils.serializer.KryoNamespace - class [B registered as 16
02:47:13.817 [raft-server-3-state] TRACE i.a.utils.serializer.KryoNamespace - class [I registered as 43
02:47:13.817 [raft-server-2-state] TRACE i.a.utils.serializer.KryoNamespace - class java.util.concurrent.atomic.AtomicBoolean registered as 17
02:47:13.817 [raft-server-3-state] TRACE i.a.utils.serializer.KryoNamespace - class [J registered as 44
02:47:13.817 [raft-server-2-state] TRACE i.a.utils.serializer.KryoNamespace - class java.util.concurrent.atomic.AtomicInteger registered as 18
02:47:13.817 [raft-server-2-state] TRACE i.a.utils.serializer.KryoNamespace - class java.util.concurrent.atomic.AtomicLong registered as 19
02:47:13.817 [raft-server-3-state] TRACE i.a.utils.serializer.KryoNamespace - class [S registered as 45
02:47:13.817 [raft-server-2-state] TRACE i.a.utils.serializer.KryoNamespace - class com.google.common.collect.ImmutableList registered as 20
02:47:13.817 [raft-server-3-state] TRACE i.a.utils.serializer.KryoNamespace - class [D registered as 46
02:47:13.817 [raft-server-2-state] TRACE i.a.utils.serializer.KryoNamespace - class com.google.common.collect.RegularImmutableList registered as 20
02:47:13.817 [raft-server-2-state] TRACE i.a.utils.serializer.KryoNamespace - class com.google.common.collect.RegularImmutableList registered as 20
02:47:13.817 [raft-server-3-state] TRACE i.a.utils.serializer.KryoNamespace - class [F registered as 47
02:47:13.818 [raft-server-2-state] TRACE i.a.utils.serializer.KryoNamespace - class com.google.common.collect.ImmutableList$SubList registered as 20
02:47:13.818 [raft-server-3-state] TRACE i.a.utils.serializer.KryoNamespace - class [C registered as 48
02:47:13.818 [raft-server-2-state] TRACE i.a.utils.serializer.KryoNamespace - class com.google.common.collect.ImmutableSet registered as 21
02:47:13.818 [raft-server-3-state] TRACE i.a.utils.serializer.KryoNamespace - class [Ljava.lang.String; registered as 49
02:47:13.818 [raft-server-2-state] TRACE i.a.utils.serializer.KryoNamespace - class com.google.common.collect.RegularImmutableSet registered as 21
02:47:13.818 [raft-server-3-state] TRACE i.a.utils.serializer.KryoNamespace - class [Z registered as 50
02:47:13.818 [raft-server-2-state] TRACE i.a.utils.serializer.KryoNamespace - class com.google.common.collect.SingletonImmutableSet registered as 21
02:47:13.818 [raft-server-3-state] TRACE i.a.utils.serializer.KryoNamespace - class [Ljava.lang.Object; registered as 51
02:47:13.818 [raft-server-2-state] TRACE i.a.utils.serializer.KryoNamespace - class com.google.common.collect.RegularImmutableSet registered as 21
02:47:13.818 [raft-server-3-state] TRACE i.a.utils.serializer.KryoNamespace - class io.atomix.primitive.service.ServiceConfig registered as 52
02:47:13.818 [raft-server-2-state] TRACE i.a.utils.serializer.KryoNamespace - class com.google.common.collect.ImmutableMap registered as 22
02:47:13.818 [raft-server-2-state] TRACE i.a.utils.serializer.KryoNamespace - class com.google.common.collect.RegularImmutableMap registered as 22
02:47:13.818 [raft-server-2-state] TRACE i.a.utils.serializer.KryoNamespace - class com.google.common.collect.RegularImmutableMap registered as 22
02:47:13.818 [raft-server-2-state] TRACE i.a.utils.serializer.KryoNamespace - class com.google.common.collect.RegularImmutableMap registered as 22
02:47:13.818 [raft-server-2-state] TRACE i.a.utils.serializer.KryoNamespace - class java.util.Collections$UnmodifiableSet registered as 23
02:47:13.818 [raft-server-2-state] TRACE i.a.utils.serializer.KryoNamespace - class java.util.HashMap registered as 24
02:47:13.818 [raft-server-2-state] TRACE i.a.utils.serializer.KryoNamespace - class java.util.concurrent.ConcurrentHashMap registered as 25
02:47:13.818 [raft-server-2-state] TRACE i.a.utils.serializer.KryoNamespace - class java.util.concurrent.CopyOnWriteArraySet registered as 26
02:47:13.818 [raft-server-2-state] TRACE i.a.utils.serializer.KryoNamespace - class java.util.ArrayList registered as 27
02:47:13.818 [raft-server-2-state] TRACE i.a.utils.serializer.KryoNamespace - class java.util.LinkedList registered as 28
02:47:13.819 [raft-server-2-state] TRACE i.a.utils.serializer.KryoNamespace - class java.util.HashSet registered as 29
02:47:13.819 [raft-server-2-state] TRACE i.a.utils.serializer.KryoNamespace - class java.util.LinkedHashSet registered as 30
02:47:13.819 [raft-server-2-state] TRACE i.a.utils.serializer.KryoNamespace - class com.sun.jmx.remote.internal.ArrayQueue registered as 31
02:47:13.819 [raft-server-2-state] TRACE i.a.utils.serializer.KryoNamespace - class java.util.ArrayDeque registered as 32
02:47:13.819 [raft-server-2-state] TRACE i.a.utils.serializer.KryoNamespace - class com.google.common.collect.HashMultiset registered as 33
02:47:13.819 [raft-server-2-state] TRACE i.a.utils.serializer.KryoNamespace - class com.google.common.collect.Sets registered as 34
02:47:13.819 [raft-server-2-state] TRACE i.a.utils.serializer.KryoNamespace - class com.google.common.collect.ImmutableEntry registered as 35
02:47:13.819 [raft-server-2-state] TRACE i.a.utils.serializer.KryoNamespace - class java.util.Arrays$ArrayList registered as 36
02:47:13.819 [raft-server-2-state] TRACE i.a.utils.serializer.KryoNamespace - class java.util.Collections$SingletonList registered as 37
02:47:13.819 [raft-server-2-state] TRACE i.a.utils.serializer.KryoNamespace - class java.time.Duration registered as 38
02:47:13.819 [raft-server-2-state] TRACE i.a.utils.serializer.KryoNamespace - class java.util.Collections$EmptySet registered as 39
02:47:13.819 [raft-server-2-state] TRACE i.a.utils.serializer.KryoNamespace - class java.util.Optional registered as 40
02:47:13.819 [raft-server-2-state] TRACE i.a.utils.serializer.KryoNamespace - class java.util.Collections$EmptyList registered as 41
02:47:13.819 [raft-server-2-state] TRACE i.a.utils.serializer.KryoNamespace - class java.util.Collections$SingletonSet registered as 42
02:47:13.819 [raft-server-2-state] TRACE i.a.utils.serializer.KryoNamespace - class [I registered as 43
02:47:13.819 [raft-server-2-state] TRACE i.a.utils.serializer.KryoNamespace - class [J registered as 44
02:47:13.819 [raft-server-2-state] TRACE i.a.utils.serializer.KryoNamespace - class [S registered as 45
02:47:13.819 [raft-server-2-state] TRACE i.a.utils.serializer.KryoNamespace - class [D registered as 46
02:47:13.819 [raft-server-2-state] TRACE i.a.utils.serializer.KryoNamespace - class [F registered as 47
02:47:13.820 [raft-server-2-state] TRACE i.a.utils.serializer.KryoNamespace - class [C registered as 48
02:47:13.820 [raft-server-2-state] TRACE i.a.utils.serializer.KryoNamespace - class [Ljava.lang.String; registered as 49
02:47:13.820 [raft-server-2-state] TRACE i.a.utils.serializer.KryoNamespace - class [Z registered as 50
02:47:13.820 [raft-server-2-state] TRACE i.a.utils.serializer.KryoNamespace - class [Ljava.lang.Object; registered as 51
02:47:13.820 [raft-server-2-state] TRACE i.a.utils.serializer.KryoNamespace - class io.atomix.primitive.service.ServiceConfig registered as 52
02:47:13.912 [raft-server-1] TRACE i.a.p.raft.roles.LeaderAppender - RaftServer{1} - Sending AppendRequest{term=1, leader=1, prevLogIndex=5, prevLogTerm=1, entries=0, commitIndex=5} to 2
02:47:13.912 [raft-server-1] TRACE i.a.p.raft.roles.LeaderAppender - RaftServer{1} - Received AppendResponse{status=OK, term=1, succeeded=true, lastLogIndex=5} from 3
02:47:13.912 [raft-server-2] TRACE i.a.p.raft.roles.FollowerRole - RaftServer{2}{role=FOLLOWER} - Received AppendRequest{term=1, leader=1, prevLogIndex=5, prevLogTerm=1, entries=0, commitIndex=5}
02:47:13.912 [raft-server-1] TRACE i.a.p.raft.roles.LeaderAppender - RaftServer{1} - Sending AppendRequest{term=1, leader=1, prevLogIndex=5, prevLogTerm=1, entries=0, commitIndex=5} to 3
02:47:13.912 [raft-server-3] TRACE i.a.p.raft.roles.FollowerRole - RaftServer{3}{role=FOLLOWER} - Received AppendRequest{term=1, leader=1, prevLogIndex=5, prevLogTerm=1, entries=0, commitIndex=5}
02:47:13.912 [raft-server-1] TRACE i.a.protocols.raft.roles.LeaderRole - RaftServer{1}{role=LEADER} - Received QueryRequest{session=2, sequence=1, operation=PrimitiveOperation{id=DefaultOperationId{id=read, type=QUERY}, value=null}, index=4}
02:47:13.912 [raft-server-1-state] TRACE i.a.p.raft.impl.RaftServiceManager - RaftServer{1} - Applying Indexed{index=4, entry=QueryEntry{term=1, timestamp=2018-06-09 02:47:13,912, session=2, sequence=1, operation=PrimitiveOperation{id=DefaultOperationId{id=read, type=QUERY}, value=null}}}
02:47:13.912 [raft-server-1-state] TRACE i.a.p.s.impl.DefaultServiceExecutor - PrimitiveService{2}{type=io.atomix.protocols.raft.RaftTest$TestPrimitiveType@78a96897, name=raft-test} - Executing DefaultCommit{index=4, session=RaftSession{RaftServiceContext{server=1, type=io.atomix.protocols.raft.RaftTest$TestPrimitiveType@78a96897, name=raft-test, id=2}, session=2, timestamp=2018-06-09 02:47:13,565}, time=2018-06-09 02:47:13,912, operation=DefaultOperationId{id=read, type=QUERY}, value=null}
02:47:13.913 [raft-server-1-state] TRACE i.a.p.raft.impl.RaftServiceManager - RaftServer{1} - Applying Indexed{index=5, entry=CommandEntry{term=1, timestamp=2018-06-09 02:47:13,725, session=2, sequence=1, operation=PrimitiveOperation{id=DefaultOperationId{id=sendEvent, type=COMMAND}, value=byte[]{length=5, hash=77607633}}}}
02:47:13.913 [raft-server-1-state] TRACE i.a.p.r.service.RaftServiceContext - PrimitiveService{2}{type=io.atomix.protocols.raft.RaftTest$TestPrimitiveType@78a96897, name=raft-test} - Returning cached result for command with sequence number 1 < 2
02:47:13.913 [raft-server-1-state] TRACE i.a.protocols.raft.roles.LeaderRole - RaftServer{1}{role=LEADER} - Sending CommandResponse{status=OK, index=4, eventIndex=2, result=byte[]{length=2, hash=1248}}
02:47:13.989 [raft-server-3] TRACE i.a.p.raft.roles.FollowerRole - RaftServer{3}{role=FOLLOWER} - Committed entries up to index 5
02:47:13.989 [raft-server-3] TRACE i.a.p.raft.roles.FollowerRole - RaftServer{3}{role=FOLLOWER} - Sending AppendResponse{status=OK, term=1, succeeded=true, lastLogIndex=5}
02:47:13.989 [raft-server-1] TRACE i.a.p.raft.roles.LeaderAppender - RaftServer{1} - Received AppendResponse{status=OK, term=1, succeeded=true, lastLogIndex=5} from 3
02:47:13.989 [raft-server-2] TRACE i.a.p.raft.roles.FollowerRole - RaftServer{2}{role=FOLLOWER} - Committed entries up to index 5
02:47:13.989 [raft-server-2] TRACE i.a.p.raft.roles.FollowerRole - RaftServer{2}{role=FOLLOWER} - Sending AppendResponse{status=OK, term=1, succeeded=true, lastLogIndex=5}
02:47:13.989 [raft-server-2] TRACE i.a.p.raft.roles.FollowerRole - RaftServer{2}{role=FOLLOWER} - Sending CommandResponse{status=OK, index=4, eventIndex=2, result=byte[]{length=2, hash=1248}}
02:47:13.989 [raft-server-1] TRACE i.a.p.raft.roles.LeaderAppender - RaftServer{1} - Sending AppendRequest{term=1, leader=1, prevLogIndex=5, prevLogTerm=1, entries=0, commitIndex=5} to 3
02:47:13.990 [raft-server-1] TRACE i.a.p.raft.roles.LeaderAppender - RaftServer{1} - Received AppendResponse{status=OK, term=1, succeeded=true, lastLogIndex=5} from 2
02:47:13.989 [raft-server-3-state] TRACE i.a.p.raft.impl.RaftServiceManager - RaftServer{3} - Applying Indexed{index=5, entry=CommandEntry{term=1, timestamp=2018-06-09 02:47:13,725, session=2, sequence=1, operation=PrimitiveOperation{id=DefaultOperationId{id=sendEvent, type=COMMAND}, value=byte[]{length=5, hash=77607633}}}}
02:47:13.990 [raft-server-2-state] TRACE i.a.p.raft.impl.RaftServiceManager - RaftServer{2} - Applying Indexed{index=5, entry=CommandEntry{term=1, timestamp=2018-06-09 02:47:13,725, session=2, sequence=1, operation=PrimitiveOperation{id=DefaultOperationId{id=sendEvent, type=COMMAND}, value=byte[]{length=5, hash=77607633}}}}
02:47:13.990 [raft-client-adc731f6-ea25-4ed9-9979-1c5079ac6ea7-5] TRACE i.a.p.r.p.impl.RaftProxyConnection - SessionClient{2}{type=io.atomix.protocols.raft.RaftTest$TestPrimitiveType@35bfa1bb, name=raft-test} - Received CommandResponse{status=OK, index=4, eventIndex=2, result=byte[]{length=2, hash=1248}} from 2
02:47:13.990 [raft-server-3] TRACE i.a.p.raft.roles.FollowerRole - RaftServer{3}{role=FOLLOWER} - Received AppendRequest{term=1, leader=1, prevLogIndex=5, prevLogTerm=1, entries=0, commitIndex=5}
02:47:13.990 [raft-server-1] TRACE i.a.p.raft.roles.LeaderAppender - RaftServer{1} - Sending AppendRequest{term=1, leader=1, prevLogIndex=5, prevLogTerm=1, entries=0, commitIndex=5} to 2
02:47:13.990 [raft-server-3-state] TRACE i.a.p.r.service.RaftServiceContext - PrimitiveService{2}{type=io.atomix.protocols.raft.RaftTest$TestPrimitiveType@86201a0, name=raft-test} - Returning cached result for command with sequence number 1 < 2
02:47:13.990 [raft-server-2-state] TRACE i.a.p.r.service.RaftServiceContext - PrimitiveService{2}{type=io.atomix.protocols.raft.RaftTest$TestPrimitiveType@1510d46f, name=raft-test} - Returning cached result for command with sequence number 1 < 2
02:47:13.990 [raft-server-3] TRACE i.a.p.raft.roles.FollowerRole - RaftServer{3}{role=FOLLOWER} - Sending AppendResponse{status=OK, term=1, succeeded=true, lastLogIndex=5}
02:47:13.990 [raft-server-2] TRACE i.a.p.raft.roles.FollowerRole - RaftServer{2}{role=FOLLOWER} - Received AppendRequest{term=1, leader=1, prevLogIndex=5, prevLogTerm=1, entries=0, commitIndex=5}
02:47:13.990 [raft-server-1] TRACE i.a.p.raft.roles.LeaderAppender - RaftServer{1} - Received AppendResponse{status=OK, term=1, succeeded=true, lastLogIndex=5} from 3
02:47:13.990 [raft-server-2] TRACE i.a.p.raft.roles.FollowerRole - RaftServer{2}{role=FOLLOWER} - Sending AppendResponse{status=OK, term=1, succeeded=true, lastLogIndex=5}
02:47:13.990 [raft-server-1] TRACE i.a.protocols.raft.roles.LeaderRole - RaftServer{1}{role=LEADER} - Sending QueryResponse{status=OK, index=4, eventIndex=4, result=byte[]{length=2, hash=1248}}
02:47:13.990 [raft-server-1] TRACE i.a.p.raft.roles.LeaderAppender - RaftServer{1} - Received AppendResponse{status=OK, term=1, succeeded=true, lastLogIndex=5} from 2
02:47:13.990 [raft-client-adc731f6-ea25-4ed9-9979-1c5079ac6ea7-3] TRACE i.a.p.r.p.impl.RaftProxyConnection - SessionClient{2}{type=io.atomix.protocols.raft.RaftTest$TestPrimitiveType@35bfa1bb, name=raft-test} - Received QueryResponse{status=OK, index=4, eventIndex=4, result=byte[]{length=2, hash=1248}} from 1
02:47:13.990 [raft-client-adc731f6-ea25-4ed9-9979-1c5079ac6ea7-3] TRACE i.a.p.r.p.impl.RaftProxySequencer - SessionClient{2}{type=io.atomix.protocols.raft.RaftTest$TestPrimitiveType@35bfa1bb, name=raft-test} - Completing response QueryResponse{status=OK, index=4, eventIndex=4, result=byte[]{length=2, hash=1248}}
02:47:14.033 [raft-server-1] TRACE i.a.p.raft.roles.LeaderAppender - RaftServer{1} - Sending AppendRequest{term=1, leader=1, prevLogIndex=5, prevLogTerm=1, entries=0, commitIndex=5} to 3
02:47:14.033 [raft-server-3] TRACE i.a.p.raft.roles.FollowerRole - RaftServer{3}{role=FOLLOWER} - Received AppendRequest{term=1, leader=1, prevLogIndex=5, prevLogTerm=1, entries=0, commitIndex=5}
02:47:14.033 [raft-server-1] TRACE i.a.p.raft.roles.LeaderAppender - RaftServer{1} - Sending AppendRequest{term=1, leader=1, prevLogIndex=5, prevLogTerm=1, entries=0, commitIndex=5} to 2
02:47:14.033 [raft-server-3] TRACE i.a.p.raft.roles.FollowerRole - RaftServer{3}{role=FOLLOWER} - Sending AppendResponse{status=OK, term=1, succeeded=true, lastLogIndex=5}
02:47:14.033 [raft-server-2] TRACE i.a.p.raft.roles.FollowerRole - RaftServer{2}{role=FOLLOWER} - Received AppendRequest{term=1, leader=1, prevLogIndex=5, prevLogTerm=1, entries=0, commitIndex=5}
02:47:14.033 [raft-server-1] TRACE i.a.p.raft.roles.LeaderAppender - RaftServer{1} - Received AppendResponse{status=OK, term=1, succeeded=true, lastLogIndex=5} from 3
02:47:14.033 [raft-server-2] TRACE i.a.p.raft.roles.FollowerRole - RaftServer{2}{role=FOLLOWER} - Sending AppendResponse{status=OK, term=1, succeeded=true, lastLogIndex=5}
02:47:14.033 [raft-server-1] TRACE i.a.p.raft.roles.LeaderAppender - RaftServer{1} - Sending AppendRequest{term=1, leader=1, prevLogIndex=5, prevLogTerm=1, entries=0, commitIndex=5} to 3
02:47:14.033 [raft-server-1] TRACE i.a.p.raft.roles.LeaderAppender - RaftServer{1} - Received AppendResponse{status=OK, term=1, succeeded=true, lastLogIndex=5} from 2
02:47:14.033 [raft-server-3] TRACE i.a.p.raft.roles.FollowerRole - RaftServer{3}{role=FOLLOWER} - Received AppendRequest{term=1, leader=1, prevLogIndex=5, prevLogTerm=1, entries=0, commitIndex=5}
02:47:14.033 [raft-server-3] TRACE i.a.p.raft.roles.FollowerRole - RaftServer{3}{role=FOLLOWER} - Sending AppendResponse{status=OK, term=1, succeeded=true, lastLogIndex=5}
02:47:14.033 [raft-server-1] TRACE i.a.p.raft.roles.LeaderAppender - RaftServer{1} - Sending AppendRequest{term=1, leader=1, prevLogIndex=5, prevLogTerm=1, entries=0, commitIndex=5} to 2
02:47:14.034 [raft-server-1] TRACE i.a.p.raft.roles.LeaderAppender - RaftServer{1} - Received AppendResponse{status=OK, term=1, succeeded=true, lastLogIndex=5} from 3
02:47:14.034 [raft-server-2] TRACE i.a.p.raft.roles.FollowerRole - RaftServer{2}{role=FOLLOWER} - Received AppendRequest{term=1, leader=1, prevLogIndex=5, prevLogTerm=1, entries=0, commitIndex=5}
02:47:14.034 [raft-server-2] TRACE i.a.p.raft.roles.FollowerRole - RaftServer{2}{role=FOLLOWER} - Sending AppendResponse{status=OK, term=1, succeeded=true, lastLogIndex=5}
02:47:14.034 [raft-server-1] TRACE i.a.p.raft.roles.LeaderAppender - RaftServer{1} - Sending AppendRequest{term=1, leader=1, prevLogIndex=5, prevLogTerm=1, entries=0, commitIndex=5} to 3
02:47:14.034 [raft-server-1] TRACE i.a.p.raft.roles.LeaderAppender - RaftServer{1} - Received AppendResponse{status=OK, term=1, succeeded=true, lastLogIndex=5} from 2
02:47:14.034 [raft-server-3] TRACE i.a.p.raft.roles.FollowerRole - RaftServer{3}{role=FOLLOWER} - Received AppendRequest{term=1, leader=1, prevLogIndex=5, prevLogTerm=1, entries=0, commitIndex=5}
02:47:14.034 [raft-server-3] TRACE i.a.p.raft.roles.FollowerRole - RaftServer{3}{role=FOLLOWER} - Sending AppendResponse{status=OK, term=1, succeeded=true, lastLogIndex=5}
02:47:14.034 [raft-server-1] TRACE i.a.p.raft.roles.LeaderAppender - RaftServer{1} - Sending AppendRequest{term=1, leader=1, prevLogIndex=5, prevLogTerm=1, entries=0, commitIndex=5} to 2
02:47:14.034 [raft-server-1] TRACE i.a.p.raft.roles.LeaderAppender - RaftServer{1} - Received AppendResponse{status=OK, term=1, succeeded=true, lastLogIndex=5} from 3
02:47:14.034 [raft-server-2] TRACE i.a.p.raft.roles.FollowerRole - RaftServer{2}{role=FOLLOWER} - Received AppendRequest{term=1, leader=1, prevLogIndex=5, prevLogTerm=1, entries=0, commitIndex=5}
02:47:14.034 [raft-server-2] TRACE i.a.p.raft.roles.FollowerRole - RaftServer{2}{role=FOLLOWER} - Sending AppendResponse{status=OK, term=1, succeeded=true, lastLogIndex=5}
02:47:14.034 [raft-server-1] TRACE i.a.p.raft.roles.LeaderAppender - RaftServer{1} - Received AppendResponse{status=OK, term=1, succeeded=true, lastLogIndex=5} from 2
02:47:14.283 [raft-server-1] TRACE i.a.p.raft.roles.LeaderAppender - RaftServer{1} - Sending AppendRequest{term=1, leader=1, prevLogIndex=5, prevLogTerm=1, entries=0, commitIndex=5} to 3
02:47:14.283 [raft-server-1] TRACE i.a.p.raft.roles.LeaderAppender - RaftServer{1} - Sending AppendRequest{term=1, leader=1, prevLogIndex=5, prevLogTerm=1, entries=0, commitIndex=5} to 2
02:47:14.283 [raft-server-3] TRACE i.a.p.raft.roles.FollowerRole - RaftServer{3}{role=FOLLOWER} - Received AppendRequest{term=1, leader=1, prevLogIndex=5, prevLogTerm=1, entries=0, commitIndex=5}
02:47:14.283 [raft-server-2] TRACE i.a.p.raft.roles.FollowerRole - RaftServer{2}{role=FOLLOWER} - Received AppendRequest{term=1, leader=1, prevLogIndex=5, prevLogTerm=1, entries=0, commitIndex=5}
02:47:14.283 [raft-server-3] TRACE i.a.p.raft.roles.FollowerRole - RaftServer{3}{role=FOLLOWER} - Sending AppendResponse{status=OK, term=1, succeeded=true, lastLogIndex=5}
02:47:14.283 [raft-server-2] TRACE i.a.p.raft.roles.FollowerRole - RaftServer{2}{role=FOLLOWER} - Sending AppendResponse{status=OK, term=1, succeeded=true, lastLogIndex=5}
02:47:14.283 [raft-server-1] TRACE i.a.p.raft.roles.LeaderAppender - RaftServer{1} - Received AppendResponse{status=OK, term=1, succeeded=true, lastLogIndex=5} from 3
02:47:14.283 [raft-server-1] TRACE i.a.p.raft.roles.LeaderAppender - RaftServer{1} - Sending AppendRequest{term=1, leader=1, prevLogIndex=5, prevLogTerm=1, entries=0, commitIndex=5} to 3
02:47:14.283 [raft-server-1] TRACE i.a.p.raft.roles.LeaderAppender - RaftServer{1} - Received AppendResponse{status=OK, term=1, succeeded=true, lastLogIndex=5} from 2
02:47:14.283 [raft-server-3] TRACE i.a.p.raft.roles.FollowerRole - RaftServer{3}{role=FOLLOWER} - Received AppendRequest{term=1, leader=1, prevLogIndex=5, prevLogTerm=1, entries=0, commitIndex=5}
02:47:14.283 [raft-server-1] TRACE i.a.p.raft.roles.LeaderAppender - RaftServer{1} - Sending AppendRequest{term=1, leader=1, prevLogIndex=5, prevLogTerm=1, entries=0, commitIndex=5} to 2
02:47:14.283 [raft-server-3] TRACE i.a.p.raft.roles.FollowerRole - RaftServer{3}{role=FOLLOWER} - Sending AppendResponse{status=OK, term=1, succeeded=true, lastLogIndex=5}
02:47:14.283 [raft-server-2] TRACE i.a.p.raft.roles.FollowerRole - RaftServer{2}{role=FOLLOWER} - Received AppendRequest{term=1, leader=1, prevLogIndex=5, prevLogTerm=1, entries=0, commitIndex=5}
02:47:14.283 [raft-server-2] TRACE i.a.p.raft.roles.FollowerRole - RaftServer{2}{role=FOLLOWER} - Sending AppendResponse{status=OK, term=1, succeeded=true, lastLogIndex=5}
02:47:14.283 [raft-server-1] TRACE i.a.p.raft.roles.LeaderAppender - RaftServer{1} - Received AppendResponse{status=OK, term=1, succeeded=true, lastLogIndex=5} from 3
02:47:14.284 [raft-server-1] TRACE i.a.p.raft.roles.LeaderAppender - RaftServer{1} - Sending AppendRequest{term=1, leader=1, prevLogIndex=5, prevLogTerm=1, entries=0, commitIndex=5} to 3
02:47:14.284 [raft-server-1] TRACE i.a.p.raft.roles.LeaderAppender - RaftServer{1} - Received AppendResponse{status=OK, term=1, succeeded=true, lastLogIndex=5} from 2
02:47:14.284 [raft-server-3] TRACE i.a.p.raft.roles.FollowerRole - RaftServer{3}{role=FOLLOWER} - Received AppendRequest{term=1, leader=1, prevLogIndex=5, prevLogTerm=1, entries=0, commitIndex=5}
02:47:14.284 [raft-server-1] TRACE i.a.p.raft.roles.LeaderAppender - RaftServer{1} - Sending AppendRequest{term=1, leader=1, prevLogIndex=5, prevLogTerm=1, entries=0, commitIndex=5} to 2
02:47:14.284 [raft-server-3] TRACE i.a.p.raft.roles.FollowerRole - RaftServer{3}{role=FOLLOWER} - Sending AppendResponse{status=OK, term=1, succeeded=true, lastLogIndex=5}
02:47:14.284 [raft-server-2] TRACE i.a.p.raft.roles.FollowerRole - RaftServer{2}{role=FOLLOWER} - Received AppendRequest{term=1, leader=1, prevLogIndex=5, prevLogTerm=1, entries=0, commitIndex=5}
02:47:14.284 [raft-server-1] TRACE i.a.p.raft.roles.LeaderAppender - RaftServer{1} - Received AppendResponse{status=OK, term=1, succeeded=true, lastLogIndex=5} from 3
02:47:14.284 [raft-server-2] TRACE i.a.p.raft.roles.FollowerRole - RaftServer{2}{role=FOLLOWER} - Sending AppendResponse{status=OK, term=1, succeeded=true, lastLogIndex=5}
02:47:14.284 [raft-server-1] TRACE i.a.p.raft.roles.LeaderAppender - RaftServer{1} - Received AppendResponse{status=OK, term=1, succeeded=true, lastLogIndex=5} from 2
02:47:14.533 [raft-server-1] TRACE i.a.p.raft.roles.LeaderAppender - RaftServer{1} - Sending AppendRequest{term=1, leader=1, prevLogIndex=5, prevLogTerm=1, entries=0, commitIndex=5} to 3
02:47:14.533 [raft-server-3] TRACE i.a.p.raft.roles.FollowerRole - RaftServer{3}{role=FOLLOWER} - Received AppendRequest{term=1, leader=1, prevLogIndex=5, prevLogTerm=1, entries=0, commitIndex=5}
02:47:14.533 [raft-server-1] TRACE i.a.p.raft.roles.LeaderAppender - RaftServer{1} - Sending AppendRequest{term=1, leader=1, prevLogIndex=5, prevLogTerm=1, entries=0, commitIndex=5} to 2
02:47:14.533 [raft-server-3] TRACE i.a.p.raft.roles.FollowerRole - RaftServer{3}{role=FOLLOWER} - Sending AppendResponse{status=OK, term=1, succeeded=true, lastLogIndex=5}
02:47:14.533 [raft-server-2] TRACE i.a.p.raft.roles.FollowerRole - RaftServer{2}{role=FOLLOWER} - Received AppendRequest{term=1, leader=1, prevLogIndex=5, prevLogTerm=1, entries=0, commitIndex=5}
02:47:14.533 [raft-server-1] TRACE i.a.p.raft.roles.LeaderAppender - RaftServer{1} - Received AppendResponse{status=OK, term=1, succeeded=true, lastLogIndex=5} from 3
02:47:14.533 [raft-server-2] TRACE i.a.p.raft.roles.FollowerRole - RaftServer{2}{role=FOLLOWER} - Sending AppendResponse{status=OK, term=1, succeeded=true, lastLogIndex=5}
02:47:14.533 [raft-server-1] TRACE i.a.p.raft.roles.LeaderAppender - RaftServer{1} - Sending AppendRequest{term=1, leader=1, prevLogIndex=5, prevLogTerm=1, entries=0, commitIndex=5} to 3
02:47:14.533 [raft-server-1] TRACE i.a.p.raft.roles.LeaderAppender - RaftServer{1} - Received AppendResponse{status=OK, term=1, succeeded=true, lastLogIndex=5} from 2
02:47:14.533 [raft-server-3] TRACE i.a.p.raft.roles.FollowerRole - RaftServer{3}{role=FOLLOWER} - Received AppendRequest{term=1, leader=1, prevLogIndex=5, prevLogTerm=1, entries=0, commitIndex=5}
02:47:14.533 [raft-server-1] TRACE i.a.p.raft.roles.LeaderAppender - RaftServer{1} - Sending AppendRequest{term=1, leader=1, prevLogIndex=5, prevLogTerm=1, entries=0, commitIndex=5} to 2
02:47:14.533 [raft-server-3] TRACE i.a.p.raft.roles.FollowerRole - RaftServer{3}{role=FOLLOWER} - Sending AppendResponse{status=OK, term=1, succeeded=true, lastLogIndex=5}
02:47:14.533 [raft-server-2] TRACE i.a.p.raft.roles.FollowerRole - RaftServer{2}{role=FOLLOWER} - Received AppendRequest{term=1, leader=1, prevLogIndex=5, prevLogTerm=1, entries=0, commitIndex=5}
02:47:14.533 [raft-server-2] TRACE i.a.p.raft.roles.FollowerRole - RaftServer{2}{role=FOLLOWER} - Sending AppendResponse{status=OK, term=1, succeeded=true, lastLogIndex=5}
02:47:14.533 [raft-server-1] TRACE i.a.p.raft.roles.LeaderAppender - RaftServer{1} - Received AppendResponse{status=OK, term=1, succeeded=true, lastLogIndex=5} from 3
02:47:14.533 [raft-server-1] TRACE i.a.p.raft.roles.LeaderAppender - RaftServer{1} - Sending AppendRequest{term=1, leader=1, prevLogIndex=5, prevLogTerm=1, entries=0, commitIndex=5} to 3
02:47:14.533 [raft-server-1] TRACE i.a.p.raft.roles.LeaderAppender - RaftServer{1} - Received AppendResponse{status=OK, term=1, succeeded=true, lastLogIndex=5} from 2
02:47:14.534 [raft-server-3] TRACE i.a.p.raft.roles.FollowerRole - RaftServer{3}{role=FOLLOWER} - Received AppendRequest{term=1, leader=1, prevLogIndex=5, prevLogTerm=1, entries=0, commitIndex=5}
02:47:14.534 [raft-server-1] TRACE i.a.p.raft.roles.LeaderAppender - RaftServer{1} - Sending AppendRequest{term=1, leader=1, prevLogIndex=5, prevLogTerm=1, entries=0, commitIndex=5} to 2
02:47:14.534 [raft-server-3] TRACE i.a.p.raft.roles.FollowerRole - RaftServer{3}{role=FOLLOWER} - Sending AppendResponse{status=OK, term=1, succeeded=true, lastLogIndex=5}
02:47:14.534 [raft-server-2] TRACE i.a.p.raft.roles.FollowerRole - RaftServer{2}{role=FOLLOWER} - Received AppendRequest{term=1, leader=1, prevLogIndex=5, prevLogTerm=1, entries=0, commitIndex=5}
02:47:14.534 [raft-server-1] TRACE i.a.p.raft.roles.LeaderAppender - RaftServer{1} - Received AppendResponse{status=OK, term=1, succeeded=true, lastLogIndex=5} from 3
02:47:14.534 [raft-server-2] TRACE i.a.p.raft.roles.FollowerRole - RaftServer{2}{role=FOLLOWER} - Sending AppendResponse{status=OK, term=1, succeeded=true, lastLogIndex=5}
02:47:14.534 [raft-server-1] TRACE i.a.p.raft.roles.LeaderAppender - RaftServer{1} - Sending AppendRequest{term=1, leader=1, prevLogIndex=5, prevLogTerm=1, entries=0, commitIndex=5} to 3
02:47:14.534 [raft-server-1] TRACE i.a.p.raft.roles.LeaderAppender - RaftServer{1} - Received AppendResponse{status=OK, term=1, succeeded=true, lastLogIndex=5} from 2
02:47:14.534 [raft-server-3] TRACE i.a.p.raft.roles.FollowerRole - RaftServer{3}{role=FOLLOWER} - Received AppendRequest{term=1, leader=1, prevLogIndex=5, prevLogTerm=1, entries=0, commitIndex=5}
02:47:14.534 [raft-server-3] TRACE i.a.p.raft.roles.FollowerRole - RaftServer{3}{role=FOLLOWER} - Sending AppendResponse{status=OK, term=1, succeeded=true, lastLogIndex=5}
02:47:14.534 [raft-server-1] TRACE i.a.p.raft.roles.LeaderAppender - RaftServer{1} - Received AppendResponse{status=OK, term=1, succeeded=true, lastLogIndex=5} from 3
02:47:14.783 [raft-server-1] TRACE i.a.p.raft.roles.LeaderAppender - RaftServer{1} - Sending AppendRequest{term=1, leader=1, prevLogIndex=5, prevLogTerm=1, entries=0, commitIndex=5} to 3
02:47:14.783 [raft-server-3] TRACE i.a.p.raft.roles.FollowerRole - RaftServer{3}{role=FOLLOWER} - Received AppendRequest{term=1, leader=1, prevLogIndex=5, prevLogTerm=1, entries=0, commitIndex=5}
02:47:14.783 [raft-server-1] TRACE i.a.p.raft.roles.LeaderAppender - RaftServer{1} - Sending AppendRequest{term=1, leader=1, prevLogIndex=5, prevLogTerm=1, entries=0, commitIndex=5} to 2
02:47:14.783 [raft-server-3] TRACE i.a.p.raft.roles.FollowerRole - RaftServer{3}{role=FOLLOWER} - Sending AppendResponse{status=OK, term=1, succeeded=true, lastLogIndex=5}
02:47:14.783 [raft-server-2] TRACE i.a.p.raft.roles.FollowerRole - RaftServer{2}{role=FOLLOWER} - Received AppendRequest{term=1, leader=1, prevLogIndex=5, prevLogTerm=1, entries=0, commitIndex=5}
02:47:14.783 [raft-server-1] TRACE i.a.p.raft.roles.LeaderAppender - RaftServer{1} - Received AppendResponse{status=OK, term=1, succeeded=true, lastLogIndex=5} from 3
02:47:14.783 [raft-server-2] TRACE i.a.p.raft.roles.FollowerRole - RaftServer{2}{role=FOLLOWER} - Sending AppendResponse{status=OK, term=1, succeeded=true, lastLogIndex=5}
02:47:14.783 [raft-server-1] TRACE i.a.p.raft.roles.LeaderAppender - RaftServer{1} - Sending AppendRequest{term=1, leader=1, prevLogIndex=5, prevLogTerm=1, entries=0, commitIndex=5} to 3
02:47:14.783 [raft-server-1] TRACE i.a.p.raft.roles.LeaderAppender - RaftServer{1} - Received AppendResponse{status=OK, term=1, succeeded=true, lastLogIndex=5} from 2
02:47:14.783 [raft-server-3] TRACE i.a.p.raft.roles.FollowerRole - RaftServer{3}{role=FOLLOWER} - Received AppendRequest{term=1, leader=1, prevLogIndex=5, prevLogTerm=1, entries=0, commitIndex=5}
02:47:14.783 [raft-server-3] TRACE i.a.p.raft.roles.FollowerRole - RaftServer{3}{role=FOLLOWER} - Sending AppendResponse{status=OK, term=1, succeeded=true, lastLogIndex=5}
02:47:14.783 [raft-server-1] TRACE i.a.p.raft.roles.LeaderAppender - RaftServer{1} - Sending AppendRequest{term=1, leader=1, prevLogIndex=5, prevLogTerm=1, entries=0, commitIndex=5} to 2
02:47:14.783 [raft-server-1] TRACE i.a.p.raft.roles.LeaderAppender - RaftServer{1} - Received AppendResponse{status=OK, term=1, succeeded=true, lastLogIndex=5} from 3
02:47:14.783 [raft-server-2] TRACE i.a.p.raft.roles.FollowerRole - RaftServer{2}{role=FOLLOWER} - Received AppendRequest{term=1, leader=1, prevLogIndex=5, prevLogTerm=1, entries=0, commitIndex=5}
02:47:14.783 [raft-server-2] TRACE i.a.p.raft.roles.FollowerRole - RaftServer{2}{role=FOLLOWER} - Sending AppendResponse{status=OK, term=1, succeeded=true, lastLogIndex=5}
02:47:14.783 [raft-server-1] TRACE i.a.p.raft.roles.LeaderAppender - RaftServer{1} - Sending AppendRequest{term=1, leader=1, prevLogIndex=5, prevLogTerm=1, entries=0, commitIndex=5} to 3
02:47:14.783 [raft-server-1] TRACE i.a.p.raft.roles.LeaderAppender - RaftServer{1} - Received AppendResponse{status=OK, term=1, succeeded=true, lastLogIndex=5} from 2
02:47:14.783 [raft-server-3] TRACE i.a.p.raft.roles.FollowerRole - RaftServer{3}{role=FOLLOWER} - Received AppendRequest{term=1, leader=1, prevLogIndex=5, prevLogTerm=1, entries=0, commitIndex=5}
02:47:14.783 [raft-server-3] TRACE i.a.p.raft.roles.FollowerRole - RaftServer{3}{role=FOLLOWER} - Sending AppendResponse{status=OK, term=1, succeeded=true, lastLogIndex=5}
02:47:14.783 [raft-server-1] TRACE i.a.p.raft.roles.LeaderAppender - RaftServer{1} - Sending AppendRequest{term=1, leader=1, prevLogIndex=5, prevLogTerm=1, entries=0, commitIndex=5} to 2
02:47:14.784 [raft-server-1] TRACE i.a.p.raft.roles.LeaderAppender - RaftServer{1} - Received AppendResponse{status=OK, term=1, succeeded=true, lastLogIndex=5} from 3
02:47:14.784 [raft-server-2] TRACE i.a.p.raft.roles.FollowerRole - RaftServer{2}{role=FOLLOWER} - Received AppendRequest{term=1, leader=1, prevLogIndex=5, prevLogTerm=1, entries=0, commitIndex=5}
02:47:14.784 [raft-server-2] TRACE i.a.p.raft.roles.FollowerRole - RaftServer{2}{role=FOLLOWER} - Sending AppendResponse{status=OK, term=1, succeeded=true, lastLogIndex=5}
02:47:14.784 [raft-server-1] TRACE i.a.p.raft.roles.LeaderAppender - RaftServer{1} - Sending AppendRequest{term=1, leader=1, prevLogIndex=5, prevLogTerm=1, entries=0, commitIndex=5} to 3
02:47:14.784 [raft-server-1] TRACE i.a.p.raft.roles.LeaderAppender - RaftServer{1} - Received AppendResponse{status=OK, term=1, succeeded=true, lastLogIndex=5} from 2
02:47:14.784 [raft-server-3] TRACE i.a.p.raft.roles.FollowerRole - RaftServer{3}{role=FOLLOWER} - Received AppendRequest{term=1, leader=1, prevLogIndex=5, prevLogTerm=1, entries=0, commitIndex=5}
02:47:14.784 [raft-server-3] TRACE i.a.p.raft.roles.FollowerRole - RaftServer{3}{role=FOLLOWER} - Sending AppendResponse{status=OK, term=1, succeeded=true, lastLogIndex=5}
02:47:14.784 [raft-server-1] TRACE i.a.p.raft.roles.LeaderAppender - RaftServer{1} - Sending AppendRequest{term=1, leader=1, prevLogIndex=5, prevLogTerm=1, entries=0, commitIndex=5} to 2
02:47:14.784 [raft-server-1] TRACE i.a.p.raft.roles.LeaderAppender - RaftServer{1} - Received AppendResponse{status=OK, term=1, succeeded=true, lastLogIndex=5} from 3
02:47:14.784 [raft-server-2] TRACE i.a.p.raft.roles.FollowerRole - RaftServer{2}{role=FOLLOWER} - Received AppendRequest{term=1, leader=1, prevLogIndex=5, prevLogTerm=1, entries=0, commitIndex=5}
02:47:14.784 [raft-server-2] TRACE i.a.p.raft.roles.FollowerRole - RaftServer{2}{role=FOLLOWER} - Sending AppendResponse{status=OK, term=1, succeeded=true, lastLogIndex=5}
02:47:14.784 [raft-server-1] TRACE i.a.p.raft.roles.LeaderAppender - RaftServer{1} - Received AppendResponse{status=OK, term=1, succeeded=true, lastLogIndex=5} from 2
02:47:15.033 [raft-server-1] TRACE i.a.p.raft.roles.LeaderAppender - RaftServer{1} - Sending AppendRequest{term=1, leader=1, prevLogIndex=5, prevLogTerm=1, entries=0, commitIndex=5} to 3
02:47:15.033 [raft-server-3] TRACE i.a.p.raft.roles.FollowerRole - RaftServer{3}{role=FOLLOWER} - Received AppendRequest{term=1, leader=1, prevLogIndex=5, prevLogTerm=1, entries=0, commitIndex=5}
02:47:15.033 [raft-server-1] TRACE i.a.p.raft.roles.LeaderAppender - RaftServer{1} - Sending AppendRequest{term=1, leader=1, prevLogIndex=5, prevLogTerm=1, entries=0, commitIndex=5} to 2
02:47:15.033 [raft-server-3] TRACE i.a.p.raft.roles.FollowerRole - RaftServer{3}{role=FOLLOWER} - Sending AppendResponse{status=OK, term=1, succeeded=true, lastLogIndex=5}
02:47:15.033 [raft-server-2] TRACE i.a.p.raft.roles.FollowerRole - RaftServer{2}{role=FOLLOWER} - Received AppendRequest{term=1, leader=1, prevLogIndex=5, prevLogTerm=1, entries=0, commitIndex=5}
02:47:15.033 [raft-server-1] TRACE i.a.p.raft.roles.LeaderAppender - RaftServer{1} - Received AppendResponse{status=OK, term=1, succeeded=true, lastLogIndex=5} from 3
02:47:15.033 [raft-server-2] TRACE i.a.p.raft.roles.FollowerRole - RaftServer{2}{role=FOLLOWER} - Sending AppendResponse{status=OK, term=1, succeeded=true, lastLogIndex=5}
02:47:15.033 [raft-server-1] TRACE i.a.p.raft.roles.LeaderAppender - RaftServer{1} - Sending AppendRequest{term=1, leader=1, prevLogIndex=5, prevLogTerm=1, entries=0, commitIndex=5} to 3
02:47:15.033 [raft-server-1] TRACE i.a.p.raft.roles.LeaderAppender - RaftServer{1} - Received AppendResponse{status=OK, term=1, succeeded=true, lastLogIndex=5} from 2
02:47:15.033 [raft-server-3] TRACE i.a.p.raft.roles.FollowerRole - RaftServer{3}{role=FOLLOWER} - Received AppendRequest{term=1, leader=1, prevLogIndex=5, prevLogTerm=1, entries=0, commitIndex=5}
02:47:15.033 [raft-server-3] TRACE i.a.p.raft.roles.FollowerRole - RaftServer{3}{role=FOLLOWER} - Sending AppendResponse{status=OK, term=1, succeeded=true, lastLogIndex=5}
02:47:15.033 [raft-server-1] TRACE i.a.p.raft.roles.LeaderAppender - RaftServer{1} - Sending AppendRequest{term=1, leader=1, prevLogIndex=5, prevLogTerm=1, entries=0, commitIndex=5} to 2
02:47:15.033 [raft-server-1] TRACE i.a.p.raft.roles.LeaderAppender - RaftServer{1} - Received AppendResponse{status=OK, term=1, succeeded=true, lastLogIndex=5} from 3
02:47:15.033 [raft-server-2] TRACE i.a.p.raft.roles.FollowerRole - RaftServer{2}{role=FOLLOWER} - Received AppendRequest{term=1, leader=1, prevLogIndex=5, prevLogTerm=1, entries=0, commitIndex=5}
02:47:15.034 [raft-server-1] TRACE i.a.p.raft.roles.LeaderAppender - RaftServer{1} - Sending AppendRequest{term=1, leader=1, prevLogIndex=5, prevLogTerm=1, entries=0, commitIndex=5} to 3
02:47:15.034 [raft-server-2] TRACE i.a.p.raft.roles.FollowerRole - RaftServer{2}{role=FOLLOWER} - Sending AppendResponse{status=OK, term=1, succeeded=true, lastLogIndex=5}
02:47:15.034 [raft-server-3] TRACE i.a.p.raft.roles.FollowerRole - RaftServer{3}{role=FOLLOWER} - Received AppendRequest{term=1, leader=1, prevLogIndex=5, prevLogTerm=1, entries=0, commitIndex=5}
02:47:15.034 [raft-server-1] TRACE i.a.p.raft.roles.LeaderAppender - RaftServer{1} - Received AppendResponse{status=OK, term=1, succeeded=true, lastLogIndex=5} from 2
02:47:15.034 [raft-server-3] TRACE i.a.p.raft.roles.FollowerRole - RaftServer{3}{role=FOLLOWER} - Sending AppendResponse{status=OK, term=1, succeeded=true, lastLogIndex=5}
02:47:15.034 [raft-server-1] TRACE i.a.p.raft.roles.LeaderAppender - RaftServer{1} - Sending AppendRequest{term=1, leader=1, prevLogIndex=5, prevLogTerm=1, entries=0, commitIndex=5} to 2
02:47:15.034 [raft-server-1] TRACE i.a.p.raft.roles.LeaderAppender - RaftServer{1} - Received AppendResponse{status=OK, term=1, succeeded=true, lastLogIndex=5} from 3
02:47:15.034 [raft-server-2] TRACE i.a.p.raft.roles.FollowerRole - RaftServer{2}{role=FOLLOWER} - Received AppendRequest{term=1, leader=1, prevLogIndex=5, prevLogTerm=1, entries=0, commitIndex=5}
02:47:15.034 [raft-server-2] TRACE i.a.p.raft.roles.FollowerRole - RaftServer{2}{role=FOLLOWER} - Sending AppendResponse{status=OK, term=1, succeeded=true, lastLogIndex=5}
02:47:15.034 [raft-server-1] TRACE i.a.p.raft.roles.LeaderAppender - RaftServer{1} - Received AppendResponse{status=OK, term=1, succeeded=true, lastLogIndex=5} from 2
02:47:15.283 [raft-server-1] TRACE i.a.p.raft.roles.LeaderAppender - RaftServer{1} - Sending AppendRequest{term=1, leader=1, prevLogIndex=5, prevLogTerm=1, entries=0, commitIndex=5} to 3
02:47:15.283 [raft-server-1] TRACE i.a.p.raft.roles.LeaderAppender - RaftServer{1} - Sending AppendRequest{term=1, leader=1, prevLogIndex=5, prevLogTerm=1, entries=0, commitIndex=5} to 2
02:47:15.283 [raft-server-3] TRACE i.a.p.raft.roles.FollowerRole - RaftServer{3}{role=FOLLOWER} - Received AppendRequest{term=1, leader=1, prevLogIndex=5, prevLogTerm=1, entries=0, commitIndex=5}
02:47:15.283 [raft-server-3] TRACE i.a.p.raft.roles.FollowerRole - RaftServer{3}{role=FOLLOWER} - Sending AppendResponse{status=OK, term=1, succeeded=true, lastLogIndex=5}
02:47:15.283 [raft-server-1] TRACE i.a.p.raft.roles.LeaderAppender - RaftServer{1} - Received AppendResponse{status=OK, term=1, succeeded=true, lastLogIndex=5} from 3
02:47:15.283 [raft-server-1] TRACE i.a.p.raft.roles.LeaderAppender - RaftServer{1} - Sending AppendRequest{term=1, leader=1, prevLogIndex=5, prevLogTerm=1, entries=0, commitIndex=5} to 3
02:47:15.283 [raft-server-3] TRACE i.a.p.raft.roles.FollowerRole - RaftServer{3}{role=FOLLOWER} - Received AppendRequest{term=1, leader=1, prevLogIndex=5, prevLogTerm=1, entries=0, commitIndex=5}
02:47:15.283 [raft-server-3] TRACE i.a.p.raft.roles.FollowerRole - RaftServer{3}{role=FOLLOWER} - Sending AppendResponse{status=OK, term=1, succeeded=true, lastLogIndex=5}
02:47:15.283 [raft-server-1] TRACE i.a.p.raft.roles.LeaderAppender - RaftServer{1} - Received AppendResponse{status=OK, term=1, succeeded=true, lastLogIndex=5} from 3
02:47:15.283 [raft-server-1] TRACE i.a.p.raft.roles.LeaderAppender - RaftServer{1} - Sending AppendRequest{term=1, leader=1, prevLogIndex=5, prevLogTerm=1, entries=0, commitIndex=5} to 3
02:47:15.283 [raft-server-3] TRACE i.a.p.raft.roles.FollowerRole - RaftServer{3}{role=FOLLOWER} - Received AppendRequest{term=1, leader=1, prevLogIndex=5, prevLogTerm=1, entries=0, commitIndex=5}
02:47:15.284 [raft-server-3] TRACE i.a.p.raft.roles.FollowerRole - RaftServer{3}{role=FOLLOWER} - Sending AppendResponse{status=OK, term=1, succeeded=true, lastLogIndex=5}
02:47:15.284 [raft-server-1] TRACE i.a.p.raft.roles.LeaderAppender - RaftServer{1} - Received AppendResponse{status=OK, term=1, succeeded=true, lastLogIndex=5} from 3
02:47:15.284 [raft-server-1] TRACE i.a.p.raft.roles.LeaderAppender - RaftServer{1} - Sending AppendRequest{term=1, leader=1, prevLogIndex=5, prevLogTerm=1, entries=0, commitIndex=5} to 3
02:47:15.284 [raft-server-3] TRACE i.a.p.raft.roles.FollowerRole - RaftServer{3}{role=FOLLOWER} - Received AppendRequest{term=1, leader=1, prevLogIndex=5, prevLogTerm=1, entries=0, commitIndex=5}
02:47:15.284 [raft-server-3] TRACE i.a.p.raft.roles.FollowerRole - RaftServer{3}{role=FOLLOWER} - Sending AppendResponse{status=OK, term=1, succeeded=true, lastLogIndex=5}
02:47:15.284 [raft-server-1] TRACE i.a.p.raft.roles.LeaderAppender - RaftServer{1} - Received AppendResponse{status=OK, term=1, succeeded=true, lastLogIndex=5} from 3
02:47:15.284 [raft-server-2] TRACE i.a.p.raft.roles.FollowerRole - RaftServer{2}{role=FOLLOWER} - Received AppendRequest{term=1, leader=1, prevLogIndex=5, prevLogTerm=1, entries=0, commitIndex=5}
02:47:15.284 [raft-server-2] TRACE i.a.p.raft.roles.FollowerRole - RaftServer{2}{role=FOLLOWER} - Sending AppendResponse{status=OK, term=1, succeeded=true, lastLogIndex=5}
02:47:15.284 [raft-server-1] TRACE i.a.p.raft.roles.LeaderAppender - RaftServer{1} - Received AppendResponse{status=OK, term=1, succeeded=true, lastLogIndex=5} from 2
02:47:15.533 [raft-server-1] TRACE i.a.p.raft.roles.LeaderAppender - RaftServer{1} - Sending AppendRequest{term=1, leader=1, prevLogIndex=5, prevLogTerm=1, entries=0, commitIndex=5} to 3
02:47:15.533 [raft-server-1] TRACE i.a.p.raft.roles.LeaderAppender - RaftServer{1} - Sending AppendRequest{term=1, leader=1, prevLogIndex=5, prevLogTerm=1, entries=0, commitIndex=5} to 2
02:47:15.533 [raft-server-3] TRACE i.a.p.raft.roles.FollowerRole - RaftServer{3}{role=FOLLOWER} - Received AppendRequest{term=1, leader=1, prevLogIndex=5, prevLogTerm=1, entries=0, commitIndex=5}
02:47:15.533 [raft-server-3] TRACE i.a.p.raft.roles.FollowerRole - RaftServer{3}{role=FOLLOWER} - Sending AppendResponse{status=OK, term=1, succeeded=true, lastLogIndex=5}
02:47:15.533 [raft-server-2] TRACE i.a.p.raft.roles.FollowerRole - RaftServer{2}{role=FOLLOWER} - Received AppendRequest{term=1, leader=1, prevLogIndex=5, prevLogTerm=1, entries=0, commitIndex=5}
02:47:15.533 [raft-server-1] TRACE i.a.p.raft.roles.LeaderAppender - RaftServer{1} - Received AppendResponse{status=OK, term=1, succeeded=true, lastLogIndex=5} from 3
02:47:15.533 [raft-server-2] TRACE i.a.p.raft.roles.FollowerRole - RaftServer{2}{role=FOLLOWER} - Sending AppendResponse{status=OK, term=1, succeeded=true, lastLogIndex=5}
02:47:15.533 [raft-server-1] TRACE i.a.p.raft.roles.LeaderAppender - RaftServer{1} - Sending AppendRequest{term=1, leader=1, prevLogIndex=5, prevLogTerm=1, entries=0, commitIndex=5} to 3
02:47:15.533 [raft-server-1] TRACE i.a.p.raft.roles.LeaderAppender - RaftServer{1} - Received AppendResponse{status=OK, term=1, succeeded=true, lastLogIndex=5} from 2
02:47:15.534 [raft-server-3] TRACE i.a.p.raft.roles.FollowerRole - RaftServer{3}{role=FOLLOWER} - Received AppendRequest{term=1, leader=1, prevLogIndex=5, prevLogTerm=1, entries=0, commitIndex=5}
02:47:15.534 [raft-server-3] TRACE i.a.p.raft.roles.FollowerRole - RaftServer{3}{role=FOLLOWER} - Sending AppendResponse{status=OK, term=1, succeeded=true, lastLogIndex=5}
02:47:15.534 [raft-server-1] TRACE i.a.p.raft.roles.LeaderAppender - RaftServer{1} - Sending AppendRequest{term=1, leader=1, prevLogIndex=5, prevLogTerm=1, entries=0, commitIndex=5} to 2
02:47:15.534 [raft-server-2] TRACE i.a.p.raft.roles.FollowerRole - RaftServer{2}{role=FOLLOWER} - Received AppendRequest{term=1, leader=1, prevLogIndex=5, prevLogTerm=1, entries=0, commitIndex=5}
02:47:15.534 [raft-server-1] TRACE i.a.p.raft.roles.LeaderAppender - RaftServer{1} - Received AppendResponse{status=OK, term=1, succeeded=true, lastLogIndex=5} from 3
02:47:15.534 [raft-server-2] TRACE i.a.p.raft.roles.FollowerRole - RaftServer{2}{role=FOLLOWER} - Sending AppendResponse{status=OK, term=1, succeeded=true, lastLogIndex=5}
02:47:15.534 [raft-server-1] TRACE i.a.p.raft.roles.LeaderAppender - RaftServer{1} - Sending AppendRequest{term=1, leader=1, prevLogIndex=5, prevLogTerm=1, entries=0, commitIndex=5} to 3
02:47:15.534 [raft-server-1] TRACE i.a.p.raft.roles.LeaderAppender - RaftServer{1} - Received AppendResponse{status=OK, term=1, succeeded=true, lastLogIndex=5} from 2
02:47:15.534 [raft-server-3] TRACE i.a.p.raft.roles.FollowerRole - RaftServer{3}{role=FOLLOWER} - Received AppendRequest{term=1, leader=1, prevLogIndex=5, prevLogTerm=1, entries=0, commitIndex=5}
02:47:15.534 [raft-server-3] TRACE i.a.p.raft.roles.FollowerRole - RaftServer{3}{role=FOLLOWER} - Sending AppendResponse{status=OK, term=1, succeeded=true, lastLogIndex=5}
02:47:15.534 [raft-server-1] TRACE i.a.p.raft.roles.LeaderAppender - RaftServer{1} - Received AppendResponse{status=OK, term=1, succeeded=true, lastLogIndex=5} from 3
02:47:15.783 [raft-server-1] TRACE i.a.p.raft.roles.LeaderAppender - RaftServer{1} - Sending AppendRequest{term=1, leader=1, prevLogIndex=5, prevLogTerm=1, entries=0, commitIndex=5} to 3
02:47:15.783 [raft-server-1] TRACE i.a.p.raft.roles.LeaderAppender - RaftServer{1} - Sending AppendRequest{term=1, leader=1, prevLogIndex=5, prevLogTerm=1, entries=0, commitIndex=5} to 2
02:47:15.783 [raft-server-3] TRACE i.a.p.raft.roles.FollowerRole - RaftServer{3}{role=FOLLOWER} - Received AppendRequest{term=1, leader=1, prevLogIndex=5, prevLogTerm=1, entries=0, commitIndex=5}
02:47:15.783 [raft-server-2] TRACE i.a.p.raft.roles.FollowerRole - RaftServer{2}{role=FOLLOWER} - Received AppendRequest{term=1, leader=1, prevLogIndex=5, prevLogTerm=1, entries=0, commitIndex=5}
02:47:15.783 [raft-server-3] TRACE i.a.p.raft.roles.FollowerRole - RaftServer{3}{role=FOLLOWER} - Sending AppendResponse{status=OK, term=1, succeeded=true, lastLogIndex=5}
02:47:15.783 [raft-server-2] TRACE i.a.p.raft.roles.FollowerRole - RaftServer{2}{role=FOLLOWER} - Sending AppendResponse{status=OK, term=1, succeeded=true, lastLogIndex=5}
02:47:15.783 [raft-server-1] TRACE i.a.p.raft.roles.LeaderAppender - RaftServer{1} - Received AppendResponse{status=OK, term=1, succeeded=true, lastLogIndex=5} from 3
02:47:15.783 [raft-server-1] TRACE i.a.p.raft.roles.LeaderAppender - RaftServer{1} - Sending AppendRequest{term=1, leader=1, prevLogIndex=5, prevLogTerm=1, entries=0, commitIndex=5} to 3
02:47:15.783 [raft-server-3] TRACE i.a.p.raft.roles.FollowerRole - RaftServer{3}{role=FOLLOWER} - Received AppendRequest{term=1, leader=1, prevLogIndex=5, prevLogTerm=1, entries=0, commitIndex=5}
02:47:15.783 [raft-server-1] TRACE i.a.p.raft.roles.LeaderAppender - RaftServer{1} - Received AppendResponse{status=OK, term=1, succeeded=true, lastLogIndex=5} from 2
02:47:15.783 [raft-server-3] TRACE i.a.p.raft.roles.FollowerRole - RaftServer{3}{role=FOLLOWER} - Sending AppendResponse{status=OK, term=1, succeeded=true, lastLogIndex=5}
02:47:15.783 [raft-server-1] TRACE i.a.p.raft.roles.LeaderAppender - RaftServer{1} - Sending AppendRequest{term=1, leader=1, prevLogIndex=5, prevLogTerm=1, entries=0, commitIndex=5} to 2
02:47:15.784 [raft-server-2] TRACE i.a.p.raft.roles.FollowerRole - RaftServer{2}{role=FOLLOWER} - Received AppendRequest{term=1, leader=1, prevLogIndex=5, prevLogTerm=1, entries=0, commitIndex=5}
02:47:15.784 [raft-server-2] TRACE i.a.p.raft.roles.FollowerRole - RaftServer{2}{role=FOLLOWER} - Sending AppendResponse{status=OK, term=1, succeeded=true, lastLogIndex=5}
02:47:15.784 [raft-server-1] TRACE i.a.p.raft.roles.LeaderAppender - RaftServer{1} - Received AppendResponse{status=OK, term=1, succeeded=true, lastLogIndex=5} from 3
02:47:15.784 [raft-server-1] TRACE i.a.p.raft.roles.LeaderAppender - RaftServer{1} - Sending AppendRequest{term=1, leader=1, prevLogIndex=5, prevLogTerm=1, entries=0, commitIndex=5} to 3
02:47:15.784 [raft-server-1] TRACE i.a.p.raft.roles.LeaderAppender - RaftServer{1} - Received AppendResponse{status=OK, term=1, succeeded=true, lastLogIndex=5} from 2
02:47:15.784 [raft-server-3] TRACE i.a.p.raft.roles.FollowerRole - RaftServer{3}{role=FOLLOWER} - Received AppendRequest{term=1, leader=1, prevLogIndex=5, prevLogTerm=1, entries=0, commitIndex=5}
02:47:15.784 [raft-server-3] TRACE i.a.p.raft.roles.FollowerRole - RaftServer{3}{role=FOLLOWER} - Sending AppendResponse{status=OK, term=1, succeeded=true, lastLogIndex=5}
02:47:15.784 [raft-server-1] TRACE i.a.p.raft.roles.LeaderAppender - RaftServer{1} - Sending AppendRequest{term=1, leader=1, prevLogIndex=5, prevLogTerm=1, entries=0, commitIndex=5} to 2
02:47:15.784 [raft-server-1] TRACE i.a.p.raft.roles.LeaderAppender - RaftServer{1} - Received AppendResponse{status=OK, term=1, succeeded=true, lastLogIndex=5} from 3
02:47:15.784 [raft-server-2] TRACE i.a.p.raft.roles.FollowerRole - RaftServer{2}{role=FOLLOWER} - Received AppendRequest{term=1, leader=1, prevLogIndex=5, prevLogTerm=1, entries=0, commitIndex=5}
02:47:15.784 [raft-server-2] TRACE i.a.p.raft.roles.FollowerRole - RaftServer{2}{role=FOLLOWER} - Sending AppendResponse{status=OK, term=1, succeeded=true, lastLogIndex=5}
02:47:15.784 [raft-server-1] TRACE i.a.p.raft.roles.LeaderAppender - RaftServer{1} - Received AppendResponse{status=OK, term=1, succeeded=true, lastLogIndex=5} from 2
02:47:15.867 [raft-client-adc731f6-ea25-4ed9-9979-1c5079ac6ea7-1] TRACE i.a.p.r.proxy.impl.RaftProxyManager - RaftClient{adc731f6-ea25-4ed9-9979-1c5079ac6ea7} - Keeping 1 sessions alive
02:47:15.867 [raft-client-adc731f6-ea25-4ed9-9979-1c5079ac6ea7-1] TRACE i.a.p.r.p.impl.RaftProxyConnection - RaftClient{adc731f6-ea25-4ed9-9979-1c5079ac6ea7} - Sending KeepAliveRequest{sessionIds=long[]{length=1, hash=33}, commandSequences=long[]{length=1, hash=32}, eventIndexes=long[]{length=1, hash=35}} to 2
02:47:15.868 [raft-server-2] TRACE i.a.p.raft.roles.FollowerRole - RaftServer{2}{role=FOLLOWER} - Received KeepAliveRequest{sessionIds=long[]{length=1, hash=33}, commandSequences=long[]{length=1, hash=32}, eventIndexes=long[]{length=1, hash=35}}
02:47:15.868 [raft-server-1] TRACE i.a.protocols.raft.roles.LeaderRole - RaftServer{1}{role=LEADER} - Received KeepAliveRequest{sessionIds=long[]{length=1, hash=33}, commandSequences=long[]{length=1, hash=32}, eventIndexes=long[]{length=1, hash=35}}
02:47:15.868 [raft-server-1] TRACE i.a.protocols.raft.roles.LeaderRole - RaftServer{1}{role=LEADER} - Appended Indexed{index=6, entry=KeepAliveEntry{term=1, timestamp=2018-06-09 02:47:15,868, sessionIds=long[]{length=1, hash=33}, commandSequences=long[]{length=1, hash=32}, eventIndexes=long[]{length=1, hash=35}}}
02:47:15.868 [raft-server-1] TRACE i.a.p.raft.roles.LeaderAppender - RaftServer{1} - Sending AppendRequest{term=1, leader=1, prevLogIndex=5, prevLogTerm=1, entries=1, commitIndex=5} to 3
02:47:15.868 [raft-server-1] TRACE i.a.p.raft.roles.LeaderAppender - RaftServer{1} - Sending AppendRequest{term=1, leader=1, prevLogIndex=5, prevLogTerm=1, entries=1, commitIndex=5} to 2
02:47:15.868 [raft-server-3] TRACE i.a.p.raft.roles.FollowerRole - RaftServer{3}{role=FOLLOWER} - Received AppendRequest{term=1, leader=1, prevLogIndex=5, prevLogTerm=1, entries=1, commitIndex=5}
02:47:15.868 [raft-server-3] TRACE i.a.p.raft.roles.FollowerRole - RaftServer{3}{role=FOLLOWER} - Appended Indexed{index=6, entry=KeepAliveEntry{term=1, timestamp=2018-06-09 02:47:15,868, sessionIds=long[]{length=1, hash=33}, commandSequences=long[]{length=1, hash=32}, eventIndexes=long[]{length=1, hash=35}}}
02:47:15.868 [raft-server-3] TRACE i.a.p.raft.roles.FollowerRole - RaftServer{3}{role=FOLLOWER} - Sending AppendResponse{status=OK, term=1, succeeded=true, lastLogIndex=6}
02:47:15.868 [raft-server-1] TRACE i.a.p.raft.roles.LeaderAppender - RaftServer{1} - Received AppendResponse{status=OK, term=1, succeeded=true, lastLogIndex=6} from 3
02:47:15.868 [raft-server-2] TRACE i.a.p.raft.roles.FollowerRole - RaftServer{2}{role=FOLLOWER} - Received AppendRequest{term=1, leader=1, prevLogIndex=5, prevLogTerm=1, entries=1, commitIndex=5}
02:47:15.868 [raft-server-1] TRACE i.a.p.raft.roles.LeaderAppender - RaftServer{1} - Committed entries up to 6
02:47:15.869 [raft-server-2] TRACE i.a.p.raft.roles.FollowerRole - RaftServer{2}{role=FOLLOWER} - Appended Indexed{index=6, entry=KeepAliveEntry{term=1, timestamp=2018-06-09 02:47:15,868, sessionIds=long[]{length=1, hash=33}, commandSequences=long[]{length=1, hash=32}, eventIndexes=long[]{length=1, hash=35}}}
02:47:15.869 [raft-server-2] TRACE i.a.p.raft.roles.FollowerRole - RaftServer{2}{role=FOLLOWER} - Sending AppendResponse{status=OK, term=1, succeeded=true, lastLogIndex=6}
02:47:15.914 [raft-server-1] TRACE i.a.p.raft.roles.LeaderAppender - RaftServer{1} - Received AppendResponse{status=OK, term=1, succeeded=true, lastLogIndex=6} from 2
02:47:15.914 [raft-server-1-state] TRACE i.a.p.raft.impl.RaftServiceManager - RaftServer{1} - Applying Indexed{index=6, entry=KeepAliveEntry{term=1, timestamp=2018-06-09 02:47:15,868, sessionIds=long[]{length=1, hash=33}, commandSequences=long[]{length=1, hash=32}, eventIndexes=long[]{length=1, hash=35}}}
02:47:15.915 [raft-server-1] TRACE i.a.protocols.raft.roles.LeaderRole - RaftServer{1}{role=LEADER} - Sending KeepAliveResponse{status=OK, leader=1, members=[1, 3, 2], sessionIds=long[]{length=1, hash=33}}
02:47:15.915 [raft-server-2] TRACE i.a.p.raft.roles.FollowerRole - RaftServer{2}{role=FOLLOWER} - Sending KeepAliveResponse{status=OK, leader=1, members=[1, 3, 2], sessionIds=long[]{length=1, hash=33}}
02:47:15.915 [raft-client-adc731f6-ea25-4ed9-9979-1c5079ac6ea7-7] TRACE i.a.p.r.p.impl.RaftProxyConnection - RaftClient{adc731f6-ea25-4ed9-9979-1c5079ac6ea7} - Received KeepAliveResponse{status=OK, leader=1, members=[1, 3, 2], sessionIds=long[]{length=1, hash=33}} from 2
02:47:16.033 [raft-server-1] TRACE i.a.p.raft.roles.LeaderAppender - RaftServer{1} - Sending AppendRequest{term=1, leader=1, prevLogIndex=6, prevLogTerm=1, entries=0, commitIndex=6} to 3
02:47:16.033 [raft-server-3] TRACE i.a.p.raft.roles.FollowerRole - RaftServer{3}{role=FOLLOWER} - Received AppendRequest{term=1, leader=1, prevLogIndex=6, prevLogTerm=1, entries=0, commitIndex=6}
02:47:16.033 [raft-server-1] TRACE i.a.p.raft.roles.LeaderAppender - RaftServer{1} - Sending AppendRequest{term=1, leader=1, prevLogIndex=6, prevLogTerm=1, entries=0, commitIndex=6} to 2
02:47:16.033 [raft-server-2] TRACE i.a.p.raft.roles.FollowerRole - RaftServer{2}{role=FOLLOWER} - Received AppendRequest{term=1, leader=1, prevLogIndex=6, prevLogTerm=1, entries=0, commitIndex=6}
02:47:16.092 [raft-server-2] TRACE i.a.p.raft.roles.FollowerRole - RaftServer{2}{role=FOLLOWER} - Committed entries up to index 6
02:47:16.092 [raft-server-3] TRACE i.a.p.raft.roles.FollowerRole - RaftServer{3}{role=FOLLOWER} - Committed entries up to index 6
02:47:16.092 [raft-server-2] TRACE i.a.p.raft.roles.FollowerRole - RaftServer{2}{role=FOLLOWER} - Sending AppendResponse{status=OK, term=1, succeeded=true, lastLogIndex=6}
02:47:16.092 [raft-server-3] TRACE i.a.p.raft.roles.FollowerRole - RaftServer{3}{role=FOLLOWER} - Sending AppendResponse{status=OK, term=1, succeeded=true, lastLogIndex=6}
02:47:16.093 [raft-server-3-state] TRACE i.a.p.raft.impl.RaftServiceManager - RaftServer{3} - Applying Indexed{index=6, entry=KeepAliveEntry{term=1, timestamp=2018-06-09 02:47:15,868, sessionIds=long[]{length=1, hash=33}, commandSequences=long[]{length=1, hash=32}, eventIndexes=long[]{length=1, hash=35}}}
02:47:16.093 [raft-server-2-state] TRACE i.a.p.raft.impl.RaftServiceManager - RaftServer{2} - Applying Indexed{index=6, entry=KeepAliveEntry{term=1, timestamp=2018-06-09 02:47:15,868, sessionIds=long[]{length=1, hash=33}, commandSequences=long[]{length=1, hash=32}, eventIndexes=long[]{length=1, hash=35}}}
02:47:16.093 [raft-server-1] TRACE i.a.p.raft.roles.LeaderAppender - RaftServer{1} - Received AppendResponse{status=OK, term=1, succeeded=true, lastLogIndex=6} from 2
02:47:16.093 [raft-server-1] TRACE i.a.p.raft.roles.LeaderAppender - RaftServer{1} - Sending AppendRequest{term=1, leader=1, prevLogIndex=6, prevLogTerm=1, entries=0, commitIndex=6} to 2
02:47:16.093 [raft-server-1] TRACE i.a.p.raft.roles.LeaderAppender - RaftServer{1} - Received AppendResponse{status=OK, term=1, succeeded=true, lastLogIndex=6} from 3
02:47:16.093 [raft-server-2] TRACE i.a.p.raft.roles.FollowerRole - RaftServer{2}{role=FOLLOWER} - Received AppendRequest{term=1, leader=1, prevLogIndex=6, prevLogTerm=1, entries=0, commitIndex=6}
02:47:16.093 [raft-server-1] TRACE i.a.p.raft.roles.LeaderAppender - RaftServer{1} - Sending AppendRequest{term=1, leader=1, prevLogIndex=6, prevLogTerm=1, entries=0, commitIndex=6} to 3
02:47:16.093 [raft-server-2] TRACE i.a.p.raft.roles.FollowerRole - RaftServer{2}{role=FOLLOWER} - Sending AppendResponse{status=OK, term=1, succeeded=true, lastLogIndex=6}
02:47:16.093 [raft-server-3] TRACE i.a.p.raft.roles.FollowerRole - RaftServer{3}{role=FOLLOWER} - Received AppendRequest{term=1, leader=1, prevLogIndex=6, prevLogTerm=1, entries=0, commitIndex=6}
02:47:16.093 [raft-server-3] TRACE i.a.p.raft.roles.FollowerRole - RaftServer{3}{role=FOLLOWER} - Sending AppendResponse{status=OK, term=1, succeeded=true, lastLogIndex=6}
02:47:16.093 [raft-server-1] TRACE i.a.p.raft.roles.LeaderAppender - RaftServer{1} - Received AppendResponse{status=OK, term=1, succeeded=true, lastLogIndex=6} from 2
02:47:16.093 [raft-server-1] TRACE i.a.p.raft.roles.LeaderAppender - RaftServer{1} - Received AppendResponse{status=OK, term=1, succeeded=true, lastLogIndex=6} from 3
02:47:16.283 [raft-server-1] TRACE i.a.p.raft.roles.LeaderAppender - RaftServer{1} - Sending AppendRequest{term=1, leader=1, prevLogIndex=6, prevLogTerm=1, entries=0, commitIndex=6} to 3
02:47:16.283 [raft-server-3] TRACE i.a.p.raft.roles.FollowerRole - RaftServer{3}{role=FOLLOWER} - Received AppendRequest{term=1, leader=1, prevLogIndex=6, prevLogTerm=1, entries=0, commitIndex=6}
02:47:16.283 [raft-server-3] TRACE i.a.p.raft.roles.FollowerRole - RaftServer{3}{role=FOLLOWER} - Sending AppendResponse{status=OK, term=1, succeeded=true, lastLogIndex=6}
02:47:16.283 [raft-server-1] TRACE i.a.p.raft.roles.LeaderAppender - RaftServer{1} - Sending AppendRequest{term=1, leader=1, prevLogIndex=6, prevLogTerm=1, entries=0, commitIndex=6} to 2
02:47:16.283 [raft-server-1] TRACE i.a.p.raft.roles.LeaderAppender - RaftServer{1} - Received AppendResponse{status=OK, term=1, succeeded=true, lastLogIndex=6} from 3
02:47:16.283 [raft-server-2] TRACE i.a.p.raft.roles.FollowerRole - RaftServer{2}{role=FOLLOWER} - Received AppendRequest{term=1, leader=1, prevLogIndex=6, prevLogTerm=1, entries=0, commitIndex=6}
02:47:16.283 [raft-server-1] TRACE i.a.p.raft.roles.LeaderAppender - RaftServer{1} - Sending AppendRequest{term=1, leader=1, prevLogIndex=6, prevLogTerm=1, entries=0, commitIndex=6} to 3
02:47:16.283 [raft-server-2] TRACE i.a.p.raft.roles.FollowerRole - RaftServer{2}{role=FOLLOWER} - Sending AppendResponse{status=OK, term=1, succeeded=true, lastLogIndex=6}
02:47:16.283 [raft-server-3] TRACE i.a.p.raft.roles.FollowerRole - RaftServer{3}{role=FOLLOWER} - Received AppendRequest{term=1, leader=1, prevLogIndex=6, prevLogTerm=1, entries=0, commitIndex=6}
02:47:16.283 [raft-server-3] TRACE i.a.p.raft.roles.FollowerRole - RaftServer{3}{role=FOLLOWER} - Sending AppendResponse{status=OK, term=1, succeeded=true, lastLogIndex=6}
02:47:16.283 [raft-server-1] TRACE i.a.p.raft.roles.LeaderAppender - RaftServer{1} - Received AppendResponse{status=OK, term=1, succeeded=true, lastLogIndex=6} from 2
02:47:16.283 [raft-server-1] TRACE i.a.p.raft.roles.LeaderAppender - RaftServer{1} - Sending AppendRequest{term=1, leader=1, prevLogIndex=6, prevLogTerm=1, entries=0, commitIndex=6} to 2
02:47:16.283 [raft-server-1] TRACE i.a.p.raft.roles.LeaderAppender - RaftServer{1} - Received AppendResponse{status=OK, term=1, succeeded=true, lastLogIndex=6} from 3
02:47:16.283 [raft-server-2] TRACE i.a.p.raft.roles.FollowerRole - RaftServer{2}{role=FOLLOWER} - Received AppendRequest{term=1, leader=1, prevLogIndex=6, prevLogTerm=1, entries=0, commitIndex=6}
02:47:16.283 [raft-server-2] TRACE i.a.p.raft.roles.FollowerRole - RaftServer{2}{role=FOLLOWER} - Sending AppendResponse{status=OK, term=1, succeeded=true, lastLogIndex=6}
02:47:16.283 [raft-server-1] TRACE i.a.p.raft.roles.LeaderAppender - RaftServer{1} - Sending AppendRequest{term=1, leader=1, prevLogIndex=6, prevLogTerm=1, entries=0, commitIndex=6} to 3
02:47:16.284 [raft-server-3] TRACE i.a.p.raft.roles.FollowerRole - RaftServer{3}{role=FOLLOWER} - Received AppendRequest{term=1, leader=1, prevLogIndex=6, prevLogTerm=1, entries=0, commitIndex=6}
02:47:16.284 [raft-server-3] TRACE i.a.p.raft.roles.FollowerRole - RaftServer{3}{role=FOLLOWER} - Sending AppendResponse{status=OK, term=1, succeeded=true, lastLogIndex=6}
02:47:16.284 [raft-server-1] TRACE i.a.p.raft.roles.LeaderAppender - RaftServer{1} - Received AppendResponse{status=OK, term=1, succeeded=true, lastLogIndex=6} from 2
02:47:16.284 [raft-server-1] TRACE i.a.p.raft.roles.LeaderAppender - RaftServer{1} - Sending AppendRequest{term=1, leader=1, prevLogIndex=6, prevLogTerm=1, entries=0, commitIndex=6} to 2
02:47:16.284 [raft-server-1] TRACE i.a.p.raft.roles.LeaderAppender - RaftServer{1} - Received AppendResponse{status=OK, term=1, succeeded=true, lastLogIndex=6} from 3
02:47:16.284 [raft-server-2] TRACE i.a.p.raft.roles.FollowerRole - RaftServer{2}{role=FOLLOWER} - Received AppendRequest{term=1, leader=1, prevLogIndex=6, prevLogTerm=1, entries=0, commitIndex=6}
02:47:16.284 [raft-server-2] TRACE i.a.p.raft.roles.FollowerRole - RaftServer{2}{role=FOLLOWER} - Sending AppendResponse{status=OK, term=1, succeeded=true, lastLogIndex=6}
02:47:16.284 [raft-server-1] TRACE i.a.p.raft.roles.LeaderAppender - RaftServer{1} - Sending AppendRequest{term=1, leader=1, prevLogIndex=6, prevLogTerm=1, entries=0, commitIndex=6} to 3
02:47:16.284 [raft-server-3] TRACE i.a.p.raft.roles.FollowerRole - RaftServer{3}{role=FOLLOWER} - Received AppendRequest{term=1, leader=1, prevLogIndex=6, prevLogTerm=1, entries=0, commitIndex=6}
02:47:16.284 [raft-server-3] TRACE i.a.p.raft.roles.FollowerRole - RaftServer{3}{role=FOLLOWER} - Sending AppendResponse{status=OK, term=1, succeeded=true, lastLogIndex=6}
02:47:16.284 [raft-server-1] TRACE i.a.p.raft.roles.LeaderAppender - RaftServer{1} - Received AppendResponse{status=OK, term=1, succeeded=true, lastLogIndex=6} from 2
02:47:16.284 [raft-server-1] TRACE i.a.p.raft.roles.LeaderAppender - RaftServer{1} - Received AppendResponse{status=OK, term=1, succeeded=true, lastLogIndex=6} from 3
02:47:16.533 [raft-server-1] TRACE i.a.p.raft.roles.LeaderAppender - RaftServer{1} - Sending AppendRequest{term=1, leader=1, prevLogIndex=6, prevLogTerm=1, entries=0, commitIndex=6} to 3
02:47:16.533 [raft-server-3] TRACE i.a.p.raft.roles.FollowerRole - RaftServer{3}{role=FOLLOWER} - Received AppendRequest{term=1, leader=1, prevLogIndex=6, prevLogTerm=1, entries=0, commitIndex=6}
02:47:16.533 [raft-server-3] TRACE i.a.p.raft.roles.FollowerRole - RaftServer{3}{role=FOLLOWER} - Sending AppendResponse{status=OK, term=1, succeeded=true, lastLogIndex=6}
02:47:16.533 [raft-server-1] TRACE i.a.p.raft.roles.LeaderAppender - RaftServer{1} - Sending AppendRequest{term=1, leader=1, prevLogIndex=6, prevLogTerm=1, entries=0, commitIndex=6} to 2
02:47:16.533 [raft-server-1] TRACE i.a.p.raft.roles.LeaderAppender - RaftServer{1} - Received AppendResponse{status=OK, term=1, succeeded=true, lastLogIndex=6} from 3
02:47:16.533 [raft-server-2] TRACE i.a.p.raft.roles.FollowerRole - RaftServer{2}{role=FOLLOWER} - Received AppendRequest{term=1, leader=1, prevLogIndex=6, prevLogTerm=1, entries=0, commitIndex=6}
02:47:16.533 [raft-server-1] TRACE i.a.p.raft.roles.LeaderAppender - RaftServer{1} - Sending AppendRequest{term=1, leader=1, prevLogIndex=6, prevLogTerm=1, entries=0, commitIndex=6} to 3
02:47:16.533 [raft-server-2] TRACE i.a.p.raft.roles.FollowerRole - RaftServer{2}{role=FOLLOWER} - Sending AppendResponse{status=OK, term=1, succeeded=true, lastLogIndex=6}
02:47:16.533 [raft-server-3] TRACE i.a.p.raft.roles.FollowerRole - RaftServer{3}{role=FOLLOWER} - Received AppendRequest{term=1, leader=1, prevLogIndex=6, prevLogTerm=1, entries=0, commitIndex=6}
02:47:16.533 [raft-server-3] TRACE i.a.p.raft.roles.FollowerRole - RaftServer{3}{role=FOLLOWER} - Sending AppendResponse{status=OK, term=1, succeeded=true, lastLogIndex=6}
02:47:16.533 [raft-server-1] TRACE i.a.p.raft.roles.LeaderAppender - RaftServer{1} - Received AppendResponse{status=OK, term=1, succeeded=true, lastLogIndex=6} from 2
02:47:16.533 [raft-server-1] TRACE i.a.p.raft.roles.LeaderAppender - RaftServer{1} - Sending AppendRequest{term=1, leader=1, prevLogIndex=6, prevLogTerm=1, entries=0, commitIndex=6} to 2
02:47:16.533 [raft-server-1] TRACE i.a.p.raft.roles.LeaderAppender - RaftServer{1} - Received AppendResponse{status=OK, term=1, succeeded=true, lastLogIndex=6} from 3
02:47:16.533 [raft-server-2] TRACE i.a.p.raft.roles.FollowerRole - RaftServer{2}{role=FOLLOWER} - Received AppendRequest{term=1, leader=1, prevLogIndex=6, prevLogTerm=1, entries=0, commitIndex=6}
02:47:16.534 [raft-server-2] TRACE i.a.p.raft.roles.FollowerRole - RaftServer{2}{role=FOLLOWER} - Sending AppendResponse{status=OK, term=1, succeeded=true, lastLogIndex=6}
02:47:16.534 [raft-server-1] TRACE i.a.p.raft.roles.LeaderAppender - RaftServer{1} - Sending AppendRequest{term=1, leader=1, prevLogIndex=6, prevLogTerm=1, entries=0, commitIndex=6} to 3
02:47:16.534 [raft-server-1] TRACE i.a.p.raft.roles.LeaderAppender - RaftServer{1} - Received AppendResponse{status=OK, term=1, succeeded=true, lastLogIndex=6} from 2
02:47:16.534 [raft-server-3] TRACE i.a.p.raft.roles.FollowerRole - RaftServer{3}{role=FOLLOWER} - Received AppendRequest{term=1, leader=1, prevLogIndex=6, prevLogTerm=1, entries=0, commitIndex=6}
02:47:16.534 [raft-server-3] TRACE i.a.p.raft.roles.FollowerRole - RaftServer{3}{role=FOLLOWER} - Sending AppendResponse{status=OK, term=1, succeeded=true, lastLogIndex=6}
02:47:16.534 [raft-server-1] TRACE i.a.p.raft.roles.LeaderAppender - RaftServer{1} - Sending AppendRequest{term=1, leader=1, prevLogIndex=6, prevLogTerm=1, entries=0, commitIndex=6} to 2
02:47:16.534 [raft-server-1] TRACE i.a.p.raft.roles.LeaderAppender - RaftServer{1} - Received AppendResponse{status=OK, term=1, succeeded=true, lastLogIndex=6} from 3
02:47:16.534 [raft-server-2] TRACE i.a.p.raft.roles.FollowerRole - RaftServer{2}{role=FOLLOWER} - Received AppendRequest{term=1, leader=1, prevLogIndex=6, prevLogTerm=1, entries=0, commitIndex=6}
02:47:16.534 [raft-server-2] TRACE i.a.p.raft.roles.FollowerRole - RaftServer{2}{role=FOLLOWER} - Sending AppendResponse{status=OK, term=1, succeeded=true, lastLogIndex=6}
02:47:16.534 [raft-server-1] TRACE i.a.p.raft.roles.LeaderAppender - RaftServer{1} - Received AppendResponse{status=OK, term=1, succeeded=true, lastLogIndex=6} from 2
02:47:16.783 [raft-server-1] TRACE i.a.p.raft.roles.LeaderAppender - RaftServer{1} - Sending AppendRequest{term=1, leader=1, prevLogIndex=6, prevLogTerm=1, entries=0, commitIndex=6} to 3
02:47:16.783 [raft-server-3] TRACE i.a.p.raft.roles.FollowerRole - RaftServer{3}{role=FOLLOWER} - Received AppendRequest{term=1, leader=1, prevLogIndex=6, prevLogTerm=1, entries=0, commitIndex=6}
02:47:16.783 [raft-server-1] TRACE i.a.p.raft.roles.LeaderAppender - RaftServer{1} - Sending AppendRequest{term=1, leader=1, prevLogIndex=6, prevLogTerm=1, entries=0, commitIndex=6} to 2
02:47:16.783 [raft-server-3] TRACE i.a.p.raft.roles.FollowerRole - RaftServer{3}{role=FOLLOWER} - Sending AppendResponse{status=OK, term=1, succeeded=true, lastLogIndex=6}
02:47:16.783 [raft-server-1] TRACE i.a.p.raft.roles.LeaderAppender - RaftServer{1} - Received AppendResponse{status=OK, term=1, succeeded=true, lastLogIndex=6} from 3
02:47:16.783 [raft-server-2] TRACE i.a.p.raft.roles.FollowerRole - RaftServer{2}{role=FOLLOWER} - Received AppendRequest{term=1, leader=1, prevLogIndex=6, prevLogTerm=1, entries=0, commitIndex=6}
02:47:16.783 [raft-server-2] TRACE i.a.p.raft.roles.FollowerRole - RaftServer{2}{role=FOLLOWER} - Sending AppendResponse{status=OK, term=1, succeeded=true, lastLogIndex=6}
02:47:16.783 [raft-server-1] TRACE i.a.p.raft.roles.LeaderAppender - RaftServer{1} - Sending AppendRequest{term=1, leader=1, prevLogIndex=6, prevLogTerm=1, entries=0, commitIndex=6} to 3
02:47:16.783 [raft-server-1] TRACE i.a.p.raft.roles.LeaderAppender - RaftServer{1} - Received AppendResponse{status=OK, term=1, succeeded=true, lastLogIndex=6} from 2
02:47:16.783 [raft-server-3] TRACE i.a.p.raft.roles.FollowerRole - RaftServer{3}{role=FOLLOWER} - Received AppendRequest{term=1, leader=1, prevLogIndex=6, prevLogTerm=1, entries=0, commitIndex=6}
02:47:16.783 [raft-server-3] TRACE i.a.p.raft.roles.FollowerRole - RaftServer{3}{role=FOLLOWER} - Sending AppendResponse{status=OK, term=1, succeeded=true, lastLogIndex=6}
02:47:16.783 [raft-server-1] TRACE i.a.p.raft.roles.LeaderAppender - RaftServer{1} - Sending AppendRequest{term=1, leader=1, prevLogIndex=6, prevLogTerm=1, entries=0, commitIndex=6} to 2
02:47:16.783 [raft-server-1] TRACE i.a.p.raft.roles.LeaderAppender - RaftServer{1} - Received AppendResponse{status=OK, term=1, succeeded=true, lastLogIndex=6} from 3
02:47:16.783 [raft-server-2] TRACE i.a.p.raft.roles.FollowerRole - RaftServer{2}{role=FOLLOWER} - Received AppendRequest{term=1, leader=1, prevLogIndex=6, prevLogTerm=1, entries=0, commitIndex=6}
02:47:16.784 [raft-server-2] TRACE i.a.p.raft.roles.FollowerRole - RaftServer{2}{role=FOLLOWER} - Sending AppendResponse{status=OK, term=1, succeeded=true, lastLogIndex=6}
02:47:16.784 [raft-server-1] TRACE i.a.p.raft.roles.LeaderAppender - RaftServer{1} - Sending AppendRequest{term=1, leader=1, prevLogIndex=6, prevLogTerm=1, entries=0, commitIndex=6} to 3
02:47:16.784 [raft-server-1] TRACE i.a.p.raft.roles.LeaderAppender - RaftServer{1} - Received AppendResponse{status=OK, term=1, succeeded=true, lastLogIndex=6} from 2
02:47:16.784 [raft-server-3] TRACE i.a.p.raft.roles.FollowerRole - RaftServer{3}{role=FOLLOWER} - Received AppendRequest{term=1, leader=1, prevLogIndex=6, prevLogTerm=1, entries=0, commitIndex=6}
02:47:16.784 [raft-server-3] TRACE i.a.p.raft.roles.FollowerRole - RaftServer{3}{role=FOLLOWER} - Sending AppendResponse{status=OK, term=1, succeeded=true, lastLogIndex=6}
02:47:16.784 [raft-server-1] TRACE i.a.p.raft.roles.LeaderAppender - RaftServer{1} - Sending AppendRequest{term=1, leader=1, prevLogIndex=6, prevLogTerm=1, entries=0, commitIndex=6} to 2
02:47:16.784 [raft-server-1] TRACE i.a.p.raft.roles.LeaderAppender - RaftServer{1} - Received AppendResponse{status=OK, term=1, succeeded=true, lastLogIndex=6} from 3
02:47:16.784 [raft-server-2] TRACE i.a.p.raft.roles.FollowerRole - RaftServer{2}{role=FOLLOWER} - Received AppendRequest{term=1, leader=1, prevLogIndex=6, prevLogTerm=1, entries=0, commitIndex=6}
02:47:16.784 [raft-server-2] TRACE i.a.p.raft.roles.FollowerRole - RaftServer{2}{role=FOLLOWER} - Sending AppendResponse{status=OK, term=1, succeeded=true, lastLogIndex=6}
02:47:16.784 [raft-server-1] TRACE i.a.p.raft.roles.LeaderAppender - RaftServer{1} - Received AppendResponse{status=OK, term=1, succeeded=true, lastLogIndex=6} from 2
02:47:17.033 [raft-server-1] TRACE i.a.p.raft.roles.LeaderAppender - RaftServer{1} - Sending AppendRequest{term=1, leader=1, prevLogIndex=6, prevLogTerm=1, entries=0, commitIndex=6} to 3
02:47:17.033 [raft-server-1] TRACE i.a.p.raft.roles.LeaderAppender - RaftServer{1} - Sending AppendRequest{term=1, leader=1, prevLogIndex=6, prevLogTerm=1, entries=0, commitIndex=6} to 2
02:47:17.033 [raft-server-3] TRACE i.a.p.raft.roles.FollowerRole - RaftServer{3}{role=FOLLOWER} - Received AppendRequest{term=1, leader=1, prevLogIndex=6, prevLogTerm=1, entries=0, commitIndex=6}
02:47:17.033 [raft-server-3] TRACE i.a.p.raft.roles.FollowerRole - RaftServer{3}{role=FOLLOWER} - Sending AppendResponse{status=OK, term=1, succeeded=true, lastLogIndex=6}
02:47:17.033 [raft-server-1] TRACE i.a.p.raft.roles.LeaderAppender - RaftServer{1} - Received AppendResponse{status=OK, term=1, succeeded=true, lastLogIndex=6} from 3
02:47:17.033 [raft-server-2] TRACE i.a.p.raft.roles.FollowerRole - RaftServer{2}{role=FOLLOWER} - Received AppendRequest{term=1, leader=1, prevLogIndex=6, prevLogTerm=1, entries=0, commitIndex=6}
02:47:17.033 [raft-server-2] TRACE i.a.p.raft.roles.FollowerRole - RaftServer{2}{role=FOLLOWER} - Sending AppendResponse{status=OK, term=1, succeeded=true, lastLogIndex=6}
02:47:17.033 [raft-server-1] TRACE i.a.p.raft.roles.LeaderAppender - RaftServer{1} - Sending AppendRequest{term=1, leader=1, prevLogIndex=6, prevLogTerm=1, entries=0, commitIndex=6} to 3
02:47:17.033 [raft-server-1] TRACE i.a.p.raft.roles.LeaderAppender - RaftServer{1} - Received AppendResponse{status=OK, term=1, succeeded=true, lastLogIndex=6} from 2
02:47:17.033 [raft-server-3] TRACE i.a.p.raft.roles.FollowerRole - RaftServer{3}{role=FOLLOWER} - Received AppendRequest{term=1, leader=1, prevLogIndex=6, prevLogTerm=1, entries=0, commitIndex=6}
02:47:17.033 [raft-server-3] TRACE i.a.p.raft.roles.FollowerRole - RaftServer{3}{role=FOLLOWER} - Sending AppendResponse{status=OK, term=1, succeeded=true, lastLogIndex=6}
02:47:17.033 [raft-server-1] TRACE i.a.p.raft.roles.LeaderAppender - RaftServer{1} - Sending AppendRequest{term=1, leader=1, prevLogIndex=6, prevLogTerm=1, entries=0, commitIndex=6} to 2
02:47:17.033 [raft-server-1] TRACE i.a.p.raft.roles.LeaderAppender - RaftServer{1} - Received AppendResponse{status=OK, term=1, succeeded=true, lastLogIndex=6} from 3
02:47:17.033 [raft-server-2] TRACE i.a.p.raft.roles.FollowerRole - RaftServer{2}{role=FOLLOWER} - Received AppendRequest{term=1, leader=1, prevLogIndex=6, prevLogTerm=1, entries=0, commitIndex=6}
02:47:17.033 [raft-server-1] TRACE i.a.p.raft.roles.LeaderAppender - RaftServer{1} - Sending AppendRequest{term=1, leader=1, prevLogIndex=6, prevLogTerm=1, entries=0, commitIndex=6} to 3
02:47:17.033 [raft-server-2] TRACE i.a.p.raft.roles.FollowerRole - RaftServer{2}{role=FOLLOWER} - Sending AppendResponse{status=OK, term=1, succeeded=true, lastLogIndex=6}
02:47:17.034 [raft-server-3] TRACE i.a.p.raft.roles.FollowerRole - RaftServer{3}{role=FOLLOWER} - Received AppendRequest{term=1, leader=1, prevLogIndex=6, prevLogTerm=1, entries=0, commitIndex=6}
02:47:17.034 [raft-server-3] TRACE i.a.p.raft.roles.FollowerRole - RaftServer{3}{role=FOLLOWER} - Sending AppendResponse{status=OK, term=1, succeeded=true, lastLogIndex=6}
02:47:17.034 [raft-server-1] TRACE i.a.p.raft.roles.LeaderAppender - RaftServer{1} - Received AppendResponse{status=OK, term=1, succeeded=true, lastLogIndex=6} from 3
02:47:17.034 [raft-server-1] TRACE i.a.p.raft.roles.LeaderAppender - RaftServer{1} - Sending AppendRequest{term=1, leader=1, prevLogIndex=6, prevLogTerm=1, entries=0, commitIndex=6} to 3
02:47:17.034 [raft-server-1] TRACE i.a.p.raft.roles.LeaderAppender - RaftServer{1} - Received AppendResponse{status=OK, term=1, succeeded=true, lastLogIndex=6} from 2
02:47:17.034 [raft-server-3] TRACE i.a.p.raft.roles.FollowerRole - RaftServer{3}{role=FOLLOWER} - Received AppendRequest{term=1, leader=1, prevLogIndex=6, prevLogTerm=1, entries=0, commitIndex=6}
02:47:17.034 [raft-server-3] TRACE i.a.p.raft.roles.FollowerRole - RaftServer{3}{role=FOLLOWER} - Sending AppendResponse{status=OK, term=1, succeeded=true, lastLogIndex=6}
02:47:17.034 [raft-server-1] TRACE i.a.p.raft.roles.LeaderAppender - RaftServer{1} - Sending AppendRequest{term=1, leader=1, prevLogIndex=6, prevLogTerm=1, entries=0, commitIndex=6} to 2
02:47:17.034 [raft-server-1] TRACE i.a.p.raft.roles.LeaderAppender - RaftServer{1} - Received AppendResponse{status=OK, term=1, succeeded=true, lastLogIndex=6} from 3
02:47:17.034 [raft-server-2] TRACE i.a.p.raft.roles.FollowerRole - RaftServer{2}{role=FOLLOWER} - Received AppendRequest{term=1, leader=1, prevLogIndex=6, prevLogTerm=1, entries=0, commitIndex=6}
02:47:17.034 [raft-server-2] TRACE i.a.p.raft.roles.FollowerRole - RaftServer{2}{role=FOLLOWER} - Sending AppendResponse{status=OK, term=1, succeeded=true, lastLogIndex=6}
02:47:17.034 [raft-server-1] TRACE i.a.p.raft.roles.LeaderAppender - RaftServer{1} - Received AppendResponse{status=OK, term=1, succeeded=true, lastLogIndex=6} from 2
02:47:17.283 [raft-server-1] TRACE i.a.p.raft.roles.LeaderAppender - RaftServer{1} - Sending AppendRequest{term=1, leader=1, prevLogIndex=6, prevLogTerm=1, entries=0, commitIndex=6} to 3
02:47:17.283 [raft-server-1] TRACE i.a.p.raft.roles.LeaderAppender - RaftServer{1} - Sending AppendRequest{term=1, leader=1, prevLogIndex=6, prevLogTerm=1, entries=0, commitIndex=6} to 2
02:47:17.283 [raft-server-3] TRACE i.a.p.raft.roles.FollowerRole - RaftServer{3}{role=FOLLOWER} - Received AppendRequest{term=1, leader=1, prevLogIndex=6, prevLogTerm=1, entries=0, commitIndex=6}
02:47:17.283 [raft-server-2] TRACE i.a.p.raft.roles.FollowerRole - RaftServer{2}{role=FOLLOWER} - Received AppendRequest{term=1, leader=1, prevLogIndex=6, prevLogTerm=1, entries=0, commitIndex=6}
02:47:17.283 [raft-server-3] TRACE i.a.p.raft.roles.FollowerRole - RaftServer{3}{role=FOLLOWER} - Sending AppendResponse{status=OK, term=1, succeeded=true, lastLogIndex=6}
02:47:17.283 [raft-server-2] TRACE i.a.p.raft.roles.FollowerRole - RaftServer{2}{role=FOLLOWER} - Sending AppendResponse{status=OK, term=1, succeeded=true, lastLogIndex=6}
02:47:17.283 [raft-server-1] TRACE i.a.p.raft.roles.LeaderAppender - RaftServer{1} - Received AppendResponse{status=OK, term=1, succeeded=true, lastLogIndex=6} from 3
02:47:17.283 [raft-server-1] TRACE i.a.p.raft.roles.LeaderAppender - RaftServer{1} - Sending AppendRequest{term=1, leader=1, prevLogIndex=6, prevLogTerm=1, entries=0, commitIndex=6} to 3
02:47:17.283 [raft-server-1] TRACE i.a.p.raft.roles.LeaderAppender - RaftServer{1} - Received AppendResponse{status=OK, term=1, succeeded=true, lastLogIndex=6} from 2
02:47:17.283 [raft-server-3] TRACE i.a.p.raft.roles.FollowerRole - RaftServer{3}{role=FOLLOWER} - Received AppendRequest{term=1, leader=1, prevLogIndex=6, prevLogTerm=1, entries=0, commitIndex=6}
02:47:17.283 [raft-server-1] TRACE i.a.p.raft.roles.LeaderAppender - RaftServer{1} - Sending AppendRequest{term=1, leader=1, prevLogIndex=6, prevLogTerm=1, entries=0, commitIndex=6} to 2
02:47:17.283 [raft-server-3] TRACE i.a.p.raft.roles.FollowerRole - RaftServer{3}{role=FOLLOWER} - Sending AppendResponse{status=OK, term=1, succeeded=true, lastLogIndex=6}
02:47:17.284 [raft-server-2] TRACE i.a.p.raft.roles.FollowerRole - RaftServer{2}{role=FOLLOWER} - Received AppendRequest{term=1, leader=1, prevLogIndex=6, prevLogTerm=1, entries=0, commitIndex=6}
02:47:17.284 [raft-server-2] TRACE i.a.p.raft.roles.FollowerRole - RaftServer{2}{role=FOLLOWER} - Sending AppendResponse{status=OK, term=1, succeeded=true, lastLogIndex=6}
02:47:17.284 [raft-server-1] TRACE i.a.p.raft.roles.LeaderAppender - RaftServer{1} - Received AppendResponse{status=OK, term=1, succeeded=true, lastLogIndex=6} from 3
02:47:17.284 [raft-server-1] TRACE i.a.p.raft.roles.LeaderAppender - RaftServer{1} - Sending AppendRequest{term=1, leader=1, prevLogIndex=6, prevLogTerm=1, entries=0, commitIndex=6} to 3
02:47:17.284 [raft-server-1] TRACE i.a.p.raft.roles.LeaderAppender - RaftServer{1} - Received AppendResponse{status=OK, term=1, succeeded=true, lastLogIndex=6} from 2
02:47:17.284 [raft-server-3] TRACE i.a.p.raft.roles.FollowerRole - RaftServer{3}{role=FOLLOWER} - Received AppendRequest{term=1, leader=1, prevLogIndex=6, prevLogTerm=1, entries=0, commitIndex=6}
02:47:17.284 [raft-server-1] TRACE i.a.p.raft.roles.LeaderAppender - RaftServer{1} - Sending AppendRequest{term=1, leader=1, prevLogIndex=6, prevLogTerm=1, entries=0, commitIndex=6} to 2
02:47:17.284 [raft-server-3] TRACE i.a.p.raft.roles.FollowerRole - RaftServer{3}{role=FOLLOWER} - Sending AppendResponse{status=OK, term=1, succeeded=true, lastLogIndex=6}
02:47:17.284 [raft-server-2] TRACE i.a.p.raft.roles.FollowerRole - RaftServer{2}{role=FOLLOWER} - Received AppendRequest{term=1, leader=1, prevLogIndex=6, prevLogTerm=1, entries=0, commitIndex=6}
02:47:17.285 [raft-server-2] TRACE i.a.p.raft.roles.FollowerRole - RaftServer{2}{role=FOLLOWER} - Sending AppendResponse{status=OK, term=1, succeeded=true, lastLogIndex=6}
02:47:17.285 [raft-server-1] TRACE i.a.p.raft.roles.LeaderAppender - RaftServer{1} - Received AppendResponse{status=OK, term=1, succeeded=true, lastLogIndex=6} from 3
02:47:17.285 [raft-server-1] TRACE i.a.p.raft.roles.LeaderAppender - RaftServer{1} - Received AppendResponse{status=OK, term=1, succeeded=true, lastLogIndex=6} from 2
02:47:17.533 [raft-server-1] TRACE i.a.p.raft.roles.LeaderAppender - RaftServer{1} - Sending AppendRequest{term=1, leader=1, prevLogIndex=6, prevLogTerm=1, entries=0, commitIndex=6} to 3
02:47:17.533 [raft-server-1] TRACE i.a.p.raft.roles.LeaderAppender - RaftServer{1} - Sending AppendRequest{term=1, leader=1, prevLogIndex=6, prevLogTerm=1, entries=0, commitIndex=6} to 2
02:47:17.533 [raft-server-3] TRACE i.a.p.raft.roles.FollowerRole - RaftServer{3}{role=FOLLOWER} - Received AppendRequest{term=1, leader=1, prevLogIndex=6, prevLogTerm=1, entries=0, commitIndex=6}
02:47:17.533 [raft-server-2] TRACE i.a.p.raft.roles.FollowerRole - RaftServer{2}{role=FOLLOWER} - Received AppendRequest{term=1, leader=1, prevLogIndex=6, prevLogTerm=1, entries=0, commitIndex=6}
02:47:17.533 [raft-server-3] TRACE i.a.p.raft.roles.FollowerRole - RaftServer{3}{role=FOLLOWER} - Sending AppendResponse{status=OK, term=1, succeeded=true, lastLogIndex=6}
02:47:17.533 [raft-server-2] TRACE i.a.p.raft.roles.FollowerRole - RaftServer{2}{role=FOLLOWER} - Sending AppendResponse{status=OK, term=1, succeeded=true, lastLogIndex=6}
02:47:17.533 [raft-server-1] TRACE i.a.p.raft.roles.LeaderAppender - RaftServer{1} - Received AppendResponse{status=OK, term=1, succeeded=true, lastLogIndex=6} from 3
02:47:17.533 [raft-server-1] TRACE i.a.p.raft.roles.LeaderAppender - RaftServer{1} - Sending AppendRequest{term=1, leader=1, prevLogIndex=6, prevLogTerm=1, entries=0, commitIndex=6} to 3
02:47:17.533 [raft-server-1] TRACE i.a.p.raft.roles.LeaderAppender - RaftServer{1} - Received AppendResponse{status=OK, term=1, succeeded=true, lastLogIndex=6} from 2
02:47:17.533 [raft-server-3] TRACE i.a.p.raft.roles.FollowerRole - RaftServer{3}{role=FOLLOWER} - Received AppendRequest{term=1, leader=1, prevLogIndex=6, prevLogTerm=1, entries=0, commitIndex=6}
02:47:17.533 [raft-server-1] TRACE i.a.p.raft.roles.LeaderAppender - RaftServer{1} - Sending AppendRequest{term=1, leader=1, prevLogIndex=6, prevLogTerm=1, entries=0, commitIndex=6} to 2
02:47:17.533 [raft-server-3] TRACE i.a.p.raft.roles.FollowerRole - RaftServer{3}{role=FOLLOWER} - Sending AppendResponse{status=OK, term=1, succeeded=true, lastLogIndex=6}
02:47:17.533 [raft-server-2] TRACE i.a.p.raft.roles.FollowerRole - RaftServer{2}{role=FOLLOWER} - Received AppendRequest{term=1, leader=1, prevLogIndex=6, prevLogTerm=1, entries=0, commitIndex=6}
02:47:17.533 [raft-server-1] TRACE i.a.p.raft.roles.LeaderAppender - RaftServer{1} - Received AppendResponse{status=OK, term=1, succeeded=true, lastLogIndex=6} from 3
02:47:17.533 [raft-server-2] TRACE i.a.p.raft.roles.FollowerRole - RaftServer{2}{role=FOLLOWER} - Sending AppendResponse{status=OK, term=1, succeeded=true, lastLogIndex=6}
02:47:17.533 [raft-server-1] TRACE i.a.p.raft.roles.LeaderAppender - RaftServer{1} - Sending AppendRequest{term=1, leader=1, prevLogIndex=6, prevLogTerm=1, entries=0, commitIndex=6} to 3
02:47:17.534 [raft-server-1] TRACE i.a.p.raft.roles.LeaderAppender - RaftServer{1} - Received AppendResponse{status=OK, term=1, succeeded=true, lastLogIndex=6} from 2
02:47:17.534 [raft-server-3] TRACE i.a.p.raft.roles.FollowerRole - RaftServer{3}{role=FOLLOWER} - Received AppendRequest{term=1, leader=1, prevLogIndex=6, prevLogTerm=1, entries=0, commitIndex=6}
02:47:17.534 [raft-server-3] TRACE i.a.p.raft.roles.FollowerRole - RaftServer{3}{role=FOLLOWER} - Sending AppendResponse{status=OK, term=1, succeeded=true, lastLogIndex=6}
02:47:17.534 [raft-server-1] TRACE i.a.p.raft.roles.LeaderAppender - RaftServer{1} - Sending AppendRequest{term=1, leader=1, prevLogIndex=6, prevLogTerm=1, entries=0, commitIndex=6} to 2
02:47:17.534 [raft-server-1] TRACE i.a.p.raft.roles.LeaderAppender - RaftServer{1} - Received AppendResponse{status=OK, term=1, succeeded=true, lastLogIndex=6} from 3
02:47:17.534 [raft-server-2] TRACE i.a.p.raft.roles.FollowerRole - RaftServer{2}{role=FOLLOWER} - Received AppendRequest{term=1, leader=1, prevLogIndex=6, prevLogTerm=1, entries=0, commitIndex=6}
02:47:17.534 [raft-server-2] TRACE i.a.p.raft.roles.FollowerRole - RaftServer{2}{role=FOLLOWER} - Sending AppendResponse{status=OK, term=1, succeeded=true, lastLogIndex=6}
02:47:17.534 [raft-server-1] TRACE i.a.p.raft.roles.LeaderAppender - RaftServer{1} - Sending AppendRequest{term=1, leader=1, prevLogIndex=6, prevLogTerm=1, entries=0, commitIndex=6} to 3
02:47:17.534 [raft-server-1] TRACE i.a.p.raft.roles.LeaderAppender - RaftServer{1} - Received AppendResponse{status=OK, term=1, succeeded=true, lastLogIndex=6} from 2
02:47:17.534 [raft-server-3] TRACE i.a.p.raft.roles.FollowerRole - RaftServer{3}{role=FOLLOWER} - Received AppendRequest{term=1, leader=1, prevLogIndex=6, prevLogTerm=1, entries=0, commitIndex=6}
02:47:17.534 [raft-server-3] TRACE i.a.p.raft.roles.FollowerRole - RaftServer{3}{role=FOLLOWER} - Sending AppendResponse{status=OK, term=1, succeeded=true, lastLogIndex=6}
02:47:17.534 [raft-server-1] TRACE i.a.p.raft.roles.LeaderAppender - RaftServer{1} - Received AppendResponse{status=OK, term=1, succeeded=true, lastLogIndex=6} from 3
02:47:17.783 [raft-server-1] TRACE i.a.p.raft.roles.LeaderAppender - RaftServer{1} - Sending AppendRequest{term=1, leader=1, prevLogIndex=6, prevLogTerm=1, entries=0, commitIndex=6} to 3
02:47:17.783 [raft-server-3] TRACE i.a.p.raft.roles.FollowerRole - RaftServer{3}{role=FOLLOWER} - Received AppendRequest{term=1, leader=1, prevLogIndex=6, prevLogTerm=1, entries=0, commitIndex=6}
02:47:17.783 [raft-server-3] TRACE i.a.p.raft.roles.FollowerRole - RaftServer{3}{role=FOLLOWER} - Sending AppendResponse{status=OK, term=1, succeeded=true, lastLogIndex=6}
02:47:17.783 [raft-server-1] TRACE i.a.p.raft.roles.LeaderAppender - RaftServer{1} - Sending AppendRequest{term=1, leader=1, prevLogIndex=6, prevLogTerm=1, entries=0, commitIndex=6} to 2
02:47:17.783 [raft-server-1] TRACE i.a.p.raft.roles.LeaderAppender - RaftServer{1} - Received AppendResponse{status=OK, term=1, succeeded=true, lastLogIndex=6} from 3
02:47:17.783 [raft-server-2] TRACE i.a.p.raft.roles.FollowerRole - RaftServer{2}{role=FOLLOWER} - Received AppendRequest{term=1, leader=1, prevLogIndex=6, prevLogTerm=1, entries=0, commitIndex=6}
02:47:17.783 [raft-server-1] TRACE i.a.p.raft.roles.LeaderAppender - RaftServer{1} - Sending AppendRequest{term=1, leader=1, prevLogIndex=6, prevLogTerm=1, entries=0, commitIndex=6} to 3
02:47:17.783 [raft-server-2] TRACE i.a.p.raft.roles.FollowerRole - RaftServer{2}{role=FOLLOWER} - Sending AppendResponse{status=OK, term=1, succeeded=true, lastLogIndex=6}
02:47:17.783 [raft-server-3] TRACE i.a.p.raft.roles.FollowerRole - RaftServer{3}{role=FOLLOWER} - Received AppendRequest{term=1, leader=1, prevLogIndex=6, prevLogTerm=1, entries=0, commitIndex=6}
02:47:17.784 [raft-server-3] TRACE i.a.p.raft.roles.FollowerRole - RaftServer{3}{role=FOLLOWER} - Sending AppendResponse{status=OK, term=1, succeeded=true, lastLogIndex=6}
02:47:17.784 [raft-server-1] TRACE i.a.p.raft.roles.LeaderAppender - RaftServer{1} - Received AppendResponse{status=OK, term=1, succeeded=true, lastLogIndex=6} from 2
02:47:17.784 [raft-server-1] TRACE i.a.p.raft.roles.LeaderAppender - RaftServer{1} - Sending AppendRequest{term=1, leader=1, prevLogIndex=6, prevLogTerm=1, entries=0, commitIndex=6} to 2
02:47:17.784 [raft-server-1] TRACE i.a.p.raft.roles.LeaderAppender - RaftServer{1} - Received AppendResponse{status=OK, term=1, succeeded=true, lastLogIndex=6} from 3
02:47:17.784 [raft-server-2] TRACE i.a.p.raft.roles.FollowerRole - RaftServer{2}{role=FOLLOWER} - Received AppendRequest{term=1, leader=1, prevLogIndex=6, prevLogTerm=1, entries=0, commitIndex=6}
02:47:17.784 [raft-server-1] TRACE i.a.p.raft.roles.LeaderAppender - RaftServer{1} - Sending AppendRequest{term=1, leader=1, prevLogIndex=6, prevLogTerm=1, entries=0, commitIndex=6} to 3
02:47:17.784 [raft-server-2] TRACE i.a.p.raft.roles.FollowerRole - RaftServer{2}{role=FOLLOWER} - Sending AppendResponse{status=OK, term=1, succeeded=true, lastLogIndex=6}
02:47:17.784 [raft-server-3] TRACE i.a.p.raft.roles.FollowerRole - RaftServer{3}{role=FOLLOWER} - Received AppendRequest{term=1, leader=1, prevLogIndex=6, prevLogTerm=1, entries=0, commitIndex=6}
02:47:17.784 [raft-server-3] TRACE i.a.p.raft.roles.FollowerRole - RaftServer{3}{role=FOLLOWER} - Sending AppendResponse{status=OK, term=1, succeeded=true, lastLogIndex=6}
02:47:17.784 [raft-server-1] TRACE i.a.p.raft.roles.LeaderAppender - RaftServer{1} - Received AppendResponse{status=OK, term=1, succeeded=true, lastLogIndex=6} from 2
02:47:17.784 [raft-server-1] TRACE i.a.p.raft.roles.LeaderAppender - RaftServer{1} - Received AppendResponse{status=OK, term=1, succeeded=true, lastLogIndex=6} from 3
02:47:18.033 [raft-server-1] TRACE i.a.p.raft.roles.LeaderAppender - RaftServer{1} - Sending AppendRequest{term=1, leader=1, prevLogIndex=6, prevLogTerm=1, entries=0, commitIndex=6} to 3
02:47:18.033 [raft-server-1] TRACE i.a.p.raft.roles.LeaderAppender - RaftServer{1} - Sending AppendRequest{term=1, leader=1, prevLogIndex=6, prevLogTerm=1, entries=0, commitIndex=6} to 2
02:47:18.033 [raft-server-3] TRACE i.a.p.raft.roles.FollowerRole - RaftServer{3}{role=FOLLOWER} - Received AppendRequest{term=1, leader=1, prevLogIndex=6, prevLogTerm=1, entries=0, commitIndex=6}
02:47:18.033 [raft-server-3] TRACE i.a.p.raft.roles.FollowerRole - RaftServer{3}{role=FOLLOWER} - Sending AppendResponse{status=OK, term=1, succeeded=true, lastLogIndex=6}
02:47:18.033 [raft-server-2] TRACE i.a.p.raft.roles.FollowerRole - RaftServer{2}{role=FOLLOWER} - Received AppendRequest{term=1, leader=1, prevLogIndex=6, prevLogTerm=1, entries=0, commitIndex=6}
02:47:18.033 [raft-server-2] TRACE i.a.p.raft.roles.FollowerRole - RaftServer{2}{role=FOLLOWER} - Sending AppendResponse{status=OK, term=1, succeeded=true, lastLogIndex=6}
02:47:18.033 [raft-server-1] TRACE i.a.p.raft.roles.LeaderAppender - RaftServer{1} - Received AppendResponse{status=OK, term=1, succeeded=true, lastLogIndex=6} from 3
02:47:18.033 [raft-server-1] TRACE i.a.p.raft.roles.LeaderAppender - RaftServer{1} - Sending AppendRequest{term=1, leader=1, prevLogIndex=6, prevLogTerm=1, entries=0, commitIndex=6} to 3
02:47:18.033 [raft-server-1] TRACE i.a.p.raft.roles.LeaderAppender - RaftServer{1} - Received AppendResponse{status=OK, term=1, succeeded=true, lastLogIndex=6} from 2
02:47:18.033 [raft-server-3] TRACE i.a.p.raft.roles.FollowerRole - RaftServer{3}{role=FOLLOWER} - Received AppendRequest{term=1, leader=1, prevLogIndex=6, prevLogTerm=1, entries=0, commitIndex=6}
02:47:18.033 [raft-server-1] TRACE i.a.p.raft.roles.LeaderAppender - RaftServer{1} - Sending AppendRequest{term=1, leader=1, prevLogIndex=6, prevLogTerm=1, entries=0, commitIndex=6} to 2
02:47:18.033 [raft-server-3] TRACE i.a.p.raft.roles.FollowerRole - RaftServer{3}{role=FOLLOWER} - Sending AppendResponse{status=OK, term=1, succeeded=true, lastLogIndex=6}
02:47:18.033 [raft-server-2] TRACE i.a.p.raft.roles.FollowerRole - RaftServer{2}{role=FOLLOWER} - Received AppendRequest{term=1, leader=1, prevLogIndex=6, prevLogTerm=1, entries=0, commitIndex=6}
02:47:18.033 [raft-server-2] TRACE i.a.p.raft.roles.FollowerRole - RaftServer{2}{role=FOLLOWER} - Sending AppendResponse{status=OK, term=1, succeeded=true, lastLogIndex=6}
02:47:18.033 [raft-server-1] TRACE i.a.p.raft.roles.LeaderAppender - RaftServer{1} - Received AppendResponse{status=OK, term=1, succeeded=true, lastLogIndex=6} from 3
02:47:18.033 [raft-server-1] TRACE i.a.p.raft.roles.LeaderAppender - RaftServer{1} - Sending AppendRequest{term=1, leader=1, prevLogIndex=6, prevLogTerm=1, entries=0, commitIndex=6} to 3
02:47:18.034 [raft-server-1] TRACE i.a.p.raft.roles.LeaderAppender - RaftServer{1} - Received AppendResponse{status=OK, term=1, succeeded=true, lastLogIndex=6} from 2
02:47:18.034 [raft-server-3] TRACE i.a.p.raft.roles.FollowerRole - RaftServer{3}{role=FOLLOWER} - Received AppendRequest{term=1, leader=1, prevLogIndex=6, prevLogTerm=1, entries=0, commitIndex=6}
02:47:18.034 [raft-server-3] TRACE i.a.p.raft.roles.FollowerRole - RaftServer{3}{role=FOLLOWER} - Sending AppendResponse{status=OK, term=1, succeeded=true, lastLogIndex=6}
02:47:18.034 [raft-server-1] TRACE i.a.p.raft.roles.LeaderAppender - RaftServer{1} - Sending AppendRequest{term=1, leader=1, prevLogIndex=6, prevLogTerm=1, entries=0, commitIndex=6} to 2
02:47:18.034 [raft-server-1] TRACE i.a.p.raft.roles.LeaderAppender - RaftServer{1} - Received AppendResponse{status=OK, term=1, succeeded=true, lastLogIndex=6} from 3
02:47:18.034 [raft-server-2] TRACE i.a.p.raft.roles.FollowerRole - RaftServer{2}{role=FOLLOWER} - Received AppendRequest{term=1, leader=1, prevLogIndex=6, prevLogTerm=1, entries=0, commitIndex=6}
02:47:18.034 [raft-server-2] TRACE i.a.p.raft.roles.FollowerRole - RaftServer{2}{role=FOLLOWER} - Sending AppendResponse{status=OK, term=1, succeeded=true, lastLogIndex=6}
02:47:18.034 [raft-server-1] TRACE i.a.p.raft.roles.LeaderAppender - RaftServer{1} - Sending AppendRequest{term=1, leader=1, prevLogIndex=6, prevLogTerm=1, entries=0, commitIndex=6} to 3
02:47:18.034 [raft-server-1] TRACE i.a.p.raft.roles.LeaderAppender - RaftServer{1} - Received AppendResponse{status=OK, term=1, succeeded=true, lastLogIndex=6} from 2
02:47:18.034 [raft-server-3] TRACE i.a.p.raft.roles.FollowerRole - RaftServer{3}{role=FOLLOWER} - Received AppendRequest{term=1, leader=1, prevLogIndex=6, prevLogTerm=1, entries=0, commitIndex=6}
02:47:18.034 [raft-server-3] TRACE i.a.p.raft.roles.FollowerRole - RaftServer{3}{role=FOLLOWER} - Sending AppendResponse{status=OK, term=1, succeeded=true, lastLogIndex=6}
02:47:18.034 [raft-server-1] TRACE i.a.p.raft.roles.LeaderAppender - RaftServer{1} - Received AppendResponse{status=OK, term=1, succeeded=true, lastLogIndex=6} from 3
02:47:18.283 [raft-server-1] TRACE i.a.p.raft.roles.LeaderAppender - RaftServer{1} - Sending AppendRequest{term=1, leader=1, prevLogIndex=6, prevLogTerm=1, entries=0, commitIndex=6} to 3
02:47:18.283 [raft-server-3] TRACE i.a.p.raft.roles.FollowerRole - RaftServer{3}{role=FOLLOWER} - Received AppendRequest{term=1, leader=1, prevLogIndex=6, prevLogTerm=1, entries=0, commitIndex=6}
02:47:18.283 [raft-server-1] TRACE i.a.p.raft.roles.LeaderAppender - RaftServer{1} - Sending AppendRequest{term=1, leader=1, prevLogIndex=6, prevLogTerm=1, entries=0, commitIndex=6} to 2
02:47:18.283 [raft-server-3] TRACE i.a.p.raft.roles.FollowerRole - RaftServer{3}{role=FOLLOWER} - Sending AppendResponse{status=OK, term=1, succeeded=true, lastLogIndex=6}
02:47:18.283 [raft-server-2] TRACE i.a.p.raft.roles.FollowerRole - RaftServer{2}{role=FOLLOWER} - Received AppendRequest{term=1, leader=1, prevLogIndex=6, prevLogTerm=1, entries=0, commitIndex=6}
02:47:18.283 [raft-server-2] TRACE i.a.p.raft.roles.FollowerRole - RaftServer{2}{role=FOLLOWER} - Sending AppendResponse{status=OK, term=1, succeeded=true, lastLogIndex=6}
02:47:18.283 [raft-server-1] TRACE i.a.p.raft.roles.LeaderAppender - RaftServer{1} - Received AppendResponse{status=OK, term=1, succeeded=true, lastLogIndex=6} from 3
02:47:18.283 [raft-server-1] TRACE i.a.p.raft.roles.LeaderAppender - RaftServer{1} - Sending AppendRequest{term=1, leader=1, prevLogIndex=6, prevLogTerm=1, entries=0, commitIndex=6} to 3
02:47:18.283 [raft-server-1] TRACE i.a.p.raft.roles.LeaderAppender - RaftServer{1} - Received AppendResponse{status=OK, term=1, succeeded=true, lastLogIndex=6} from 2
02:47:18.283 [raft-server-3] TRACE i.a.p.raft.roles.FollowerRole - RaftServer{3}{role=FOLLOWER} - Received AppendRequest{term=1, leader=1, prevLogIndex=6, prevLogTerm=1, entries=0, commitIndex=6}
02:47:18.283 [raft-server-1] TRACE i.a.p.raft.roles.LeaderAppender - RaftServer{1} - Sending AppendRequest{term=1, leader=1, prevLogIndex=6, prevLogTerm=1, entries=0, commitIndex=6} to 2
02:47:18.283 [raft-server-3] TRACE i.a.p.raft.roles.FollowerRole - RaftServer{3}{role=FOLLOWER} - Sending AppendResponse{status=OK, term=1, succeeded=true, lastLogIndex=6}
02:47:18.283 [raft-server-2] TRACE i.a.p.raft.roles.FollowerRole - RaftServer{2}{role=FOLLOWER} - Received AppendRequest{term=1, leader=1, prevLogIndex=6, prevLogTerm=1, entries=0, commitIndex=6}
02:47:18.283 [raft-server-2] TRACE i.a.p.raft.roles.FollowerRole - RaftServer{2}{role=FOLLOWER} - Sending AppendResponse{status=OK, term=1, succeeded=true, lastLogIndex=6}
02:47:18.283 [raft-server-1] TRACE i.a.p.raft.roles.LeaderAppender - RaftServer{1} - Received AppendResponse{status=OK, term=1, succeeded=true, lastLogIndex=6} from 3
02:47:18.284 [raft-server-1] TRACE i.a.p.raft.roles.LeaderAppender - RaftServer{1} - Sending AppendRequest{term=1, leader=1, prevLogIndex=6, prevLogTerm=1, entries=0, commitIndex=6} to 3
02:47:18.284 [raft-server-1] TRACE i.a.p.raft.roles.LeaderAppender - RaftServer{1} - Received AppendResponse{status=OK, term=1, succeeded=true, lastLogIndex=6} from 2
02:47:18.284 [raft-server-3] TRACE i.a.p.raft.roles.FollowerRole - RaftServer{3}{role=FOLLOWER} - Received AppendRequest{term=1, leader=1, prevLogIndex=6, prevLogTerm=1, entries=0, commitIndex=6}
02:47:18.284 [raft-server-1] TRACE i.a.p.raft.roles.LeaderAppender - RaftServer{1} - Sending AppendRequest{term=1, leader=1, prevLogIndex=6, prevLogTerm=1, entries=0, commitIndex=6} to 2
02:47:18.284 [raft-server-3] TRACE i.a.p.raft.roles.FollowerRole - RaftServer{3}{role=FOLLOWER} - Sending AppendResponse{status=OK, term=1, succeeded=true, lastLogIndex=6}
02:47:18.284 [raft-server-2] TRACE i.a.p.raft.roles.FollowerRole - RaftServer{2}{role=FOLLOWER} - Received AppendRequest{term=1, leader=1, prevLogIndex=6, prevLogTerm=1, entries=0, commitIndex=6}
02:47:18.284 [raft-server-1] TRACE i.a.p.raft.roles.LeaderAppender - RaftServer{1} - Received AppendResponse{status=OK, term=1, succeeded=true, lastLogIndex=6} from 3
02:47:18.284 [raft-server-2] TRACE i.a.p.raft.roles.FollowerRole - RaftServer{2}{role=FOLLOWER} - Sending AppendResponse{status=OK, term=1, succeeded=true, lastLogIndex=6}
02:47:18.284 [raft-server-1] TRACE i.a.p.raft.roles.LeaderAppender - RaftServer{1} - Received AppendResponse{status=OK, term=1, succeeded=true, lastLogIndex=6} from 2
02:47:18.367 [raft-client-adc731f6-ea25-4ed9-9979-1c5079ac6ea7-7] TRACE i.a.p.r.proxy.impl.RaftProxyManager - RaftClient{adc731f6-ea25-4ed9-9979-1c5079ac6ea7} - Keeping 1 sessions alive
02:47:18.368 [raft-client-adc731f6-ea25-4ed9-9979-1c5079ac6ea7-7] TRACE i.a.p.r.p.impl.RaftProxyConnection - RaftClient{adc731f6-ea25-4ed9-9979-1c5079ac6ea7} - Sending KeepAliveRequest{sessionIds=long[]{length=1, hash=33}, commandSequences=long[]{length=1, hash=32}, eventIndexes=long[]{length=1, hash=35}} to 2
02:47:18.368 [raft-server-2] TRACE i.a.p.raft.roles.FollowerRole - RaftServer{2}{role=FOLLOWER} - Received KeepAliveRequest{sessionIds=long[]{length=1, hash=33}, commandSequences=long[]{length=1, hash=32}, eventIndexes=long[]{length=1, hash=35}}
02:47:18.368 [raft-server-1] TRACE i.a.protocols.raft.roles.LeaderRole - RaftServer{1}{role=LEADER} - Received KeepAliveRequest{sessionIds=long[]{length=1, hash=33}, commandSequences=long[]{length=1, hash=32}, eventIndexes=long[]{length=1, hash=35}}
02:47:18.368 [raft-server-1] TRACE i.a.protocols.raft.roles.LeaderRole - RaftServer{1}{role=LEADER} - Appended Indexed{index=7, entry=KeepAliveEntry{term=1, timestamp=2018-06-09 02:47:18,368, sessionIds=long[]{length=1, hash=33}, commandSequences=long[]{length=1, hash=32}, eventIndexes=long[]{length=1, hash=35}}}
02:47:18.368 [raft-server-1] TRACE i.a.p.raft.roles.LeaderAppender - RaftServer{1} - Sending AppendRequest{term=1, leader=1, prevLogIndex=6, prevLogTerm=1, entries=1, commitIndex=6} to 3
02:47:18.368 [raft-server-1] TRACE i.a.p.raft.roles.LeaderAppender - RaftServer{1} - Sending AppendRequest{term=1, leader=1, prevLogIndex=6, prevLogTerm=1, entries=1, commitIndex=6} to 2
02:47:18.368 [raft-server-3] TRACE i.a.p.raft.roles.FollowerRole - RaftServer{3}{role=FOLLOWER} - Received AppendRequest{term=1, leader=1, prevLogIndex=6, prevLogTerm=1, entries=1, commitIndex=6}
02:47:18.368 [raft-server-2] TRACE i.a.p.raft.roles.FollowerRole - RaftServer{2}{role=FOLLOWER} - Received AppendRequest{term=1, leader=1, prevLogIndex=6, prevLogTerm=1, entries=1, commitIndex=6}
02:47:18.368 [raft-server-3] TRACE i.a.p.raft.roles.FollowerRole - RaftServer{3}{role=FOLLOWER} - Appended Indexed{index=7, entry=KeepAliveEntry{term=1, timestamp=2018-06-09 02:47:18,368, sessionIds=long[]{length=1, hash=33}, commandSequences=long[]{length=1, hash=32}, eventIndexes=long[]{length=1, hash=35}}}
02:47:18.368 [raft-server-2] TRACE i.a.p.raft.roles.FollowerRole - RaftServer{2}{role=FOLLOWER} - Appended Indexed{index=7, entry=KeepAliveEntry{term=1, timestamp=2018-06-09 02:47:18,368, sessionIds=long[]{length=1, hash=33}, commandSequences=long[]{length=1, hash=32}, eventIndexes=long[]{length=1, hash=35}}}
02:47:18.368 [raft-server-3] TRACE i.a.p.raft.roles.FollowerRole - RaftServer{3}{role=FOLLOWER} - Sending AppendResponse{status=OK, term=1, succeeded=true, lastLogIndex=7}
02:47:18.368 [raft-server-2] TRACE i.a.p.raft.roles.FollowerRole - RaftServer{2}{role=FOLLOWER} - Sending AppendResponse{status=OK, term=1, succeeded=true, lastLogIndex=7}
02:47:18.368 [raft-server-1] TRACE i.a.p.raft.roles.LeaderAppender - RaftServer{1} - Received AppendResponse{status=OK, term=1, succeeded=true, lastLogIndex=7} from 3
02:47:18.369 [raft-server-1] TRACE i.a.p.raft.roles.LeaderAppender - RaftServer{1} - Committed entries up to 7
02:47:18.403 [raft-server-1] TRACE i.a.p.raft.roles.LeaderAppender - RaftServer{1} - Received AppendResponse{status=OK, term=1, succeeded=true, lastLogIndex=7} from 2
02:47:18.403 [raft-server-1-state] TRACE i.a.p.raft.impl.RaftServiceManager - RaftServer{1} - Applying Indexed{index=7, entry=KeepAliveEntry{term=1, timestamp=2018-06-09 02:47:18,368, sessionIds=long[]{length=1, hash=33}, commandSequences=long[]{length=1, hash=32}, eventIndexes=long[]{length=1, hash=35}}}
02:47:18.403 [raft-server-1] TRACE i.a.protocols.raft.roles.LeaderRole - RaftServer{1}{role=LEADER} - Sending KeepAliveResponse{status=OK, leader=1, members=[1, 3, 2], sessionIds=long[]{length=1, hash=33}}
02:47:18.403 [raft-server-2] TRACE i.a.p.raft.roles.FollowerRole - RaftServer{2}{role=FOLLOWER} - Sending KeepAliveResponse{status=OK, leader=1, members=[1, 3, 2], sessionIds=long[]{length=1, hash=33}}
02:47:18.403 [raft-client-adc731f6-ea25-4ed9-9979-1c5079ac6ea7-2] TRACE i.a.p.r.p.impl.RaftProxyConnection - RaftClient{adc731f6-ea25-4ed9-9979-1c5079ac6ea7} - Received KeepAliveResponse{status=OK, leader=1, members=[1, 3, 2], sessionIds=long[]{length=1, hash=33}} from 2
02:47:18.533 [raft-server-1] TRACE i.a.p.raft.roles.LeaderAppender - RaftServer{1} - Sending AppendRequest{term=1, leader=1, prevLogIndex=7, prevLogTerm=1, entries=0, commitIndex=7} to 3
02:47:18.533 [raft-server-1] TRACE i.a.p.raft.roles.LeaderAppender - RaftServer{1} - Sending AppendRequest{term=1, leader=1, prevLogIndex=7, prevLogTerm=1, entries=0, commitIndex=7} to 2
02:47:18.533 [raft-server-3] TRACE i.a.p.raft.roles.FollowerRole - RaftServer{3}{role=FOLLOWER} - Received AppendRequest{term=1, leader=1, prevLogIndex=7, prevLogTerm=1, entries=0, commitIndex=7}
02:47:18.533 [raft-server-2] TRACE i.a.p.raft.roles.FollowerRole - RaftServer{2}{role=FOLLOWER} - Received AppendRequest{term=1, leader=1, prevLogIndex=7, prevLogTerm=1, entries=0, commitIndex=7}
02:47:18.572 [raft-server-3] TRACE i.a.p.raft.roles.FollowerRole - RaftServer{3}{role=FOLLOWER} - Committed entries up to index 7
02:47:18.572 [raft-server-2] TRACE i.a.p.raft.roles.FollowerRole - RaftServer{2}{role=FOLLOWER} - Committed entries up to index 7
02:47:18.572 [raft-server-3] TRACE i.a.p.raft.roles.FollowerRole - RaftServer{3}{role=FOLLOWER} - Sending AppendResponse{status=OK, term=1, succeeded=true, lastLogIndex=7}
02:47:18.572 [raft-server-2] TRACE i.a.p.raft.roles.FollowerRole - RaftServer{2}{role=FOLLOWER} - Sending AppendResponse{status=OK, term=1, succeeded=true, lastLogIndex=7}
02:47:18.573 [raft-server-1] TRACE i.a.p.raft.roles.LeaderAppender - RaftServer{1} - Received AppendResponse{status=OK, term=1, succeeded=true, lastLogIndex=7} from 3
02:47:18.573 [raft-server-3-state] TRACE i.a.p.raft.impl.RaftServiceManager - RaftServer{3} - Applying Indexed{index=7, entry=KeepAliveEntry{term=1, timestamp=2018-06-09 02:47:18,368, sessionIds=long[]{length=1, hash=33}, commandSequences=long[]{length=1, hash=32}, eventIndexes=long[]{length=1, hash=35}}}
02:47:18.573 [raft-server-2-state] TRACE i.a.p.raft.impl.RaftServiceManager - RaftServer{2} - Applying Indexed{index=7, entry=KeepAliveEntry{term=1, timestamp=2018-06-09 02:47:18,368, sessionIds=long[]{length=1, hash=33}, commandSequences=long[]{length=1, hash=32}, eventIndexes=long[]{length=1, hash=35}}}
02:47:18.573 [raft-server-1] TRACE i.a.p.raft.roles.LeaderAppender - RaftServer{1} - Sending AppendRequest{term=1, leader=1, prevLogIndex=7, prevLogTerm=1, entries=0, commitIndex=7} to 3
02:47:18.573 [raft-server-1] TRACE i.a.p.raft.roles.LeaderAppender - RaftServer{1} - Received AppendResponse{status=OK, term=1, succeeded=true, lastLogIndex=7} from 2
02:47:18.573 [raft-server-1] TRACE i.a.p.raft.roles.LeaderAppender - RaftServer{1} - Sending AppendRequest{term=1, leader=1, prevLogIndex=7, prevLogTerm=1, entries=0, commitIndex=7} to 2
02:47:18.573 [raft-server-3] TRACE i.a.p.raft.roles.FollowerRole - RaftServer{3}{role=FOLLOWER} - Received AppendRequest{term=1, leader=1, prevLogIndex=7, prevLogTerm=1, entries=0, commitIndex=7}
02:47:18.573 [raft-server-3] TRACE i.a.p.raft.roles.FollowerRole - RaftServer{3}{role=FOLLOWER} - Sending AppendResponse{status=OK, term=1, succeeded=true, lastLogIndex=7}
02:47:18.573 [raft-server-2] TRACE i.a.p.raft.roles.FollowerRole - RaftServer{2}{role=FOLLOWER} - Received AppendRequest{term=1, leader=1, prevLogIndex=7, prevLogTerm=1, entries=0, commitIndex=7}
02:47:18.573 [raft-server-1] TRACE i.a.p.raft.roles.LeaderAppender - RaftServer{1} - Received AppendResponse{status=OK, term=1, succeeded=true, lastLogIndex=7} from 3
02:47:18.573 [raft-server-2] TRACE i.a.p.raft.roles.FollowerRole - RaftServer{2}{role=FOLLOWER} - Sending AppendResponse{status=OK, term=1, succeeded=true, lastLogIndex=7}
02:47:18.573 [raft-server-1] TRACE i.a.p.raft.roles.LeaderAppender - RaftServer{1} - Received AppendResponse{status=OK, term=1, succeeded=true, lastLogIndex=7} from 2
02:47:18.783 [raft-server-1] TRACE i.a.p.raft.roles.LeaderAppender - RaftServer{1} - Sending AppendRequest{term=1, leader=1, prevLogIndex=7, prevLogTerm=1, entries=0, commitIndex=7} to 3
02:47:18.783 [raft-server-1] TRACE i.a.p.raft.roles.LeaderAppender - RaftServer{1} - Sending AppendRequest{term=1, leader=1, prevLogIndex=7, prevLogTerm=1, entries=0, commitIndex=7} to 2
02:47:18.783 [raft-server-3] TRACE i.a.p.raft.roles.FollowerRole - RaftServer{3}{role=FOLLOWER} - Received AppendRequest{term=1, leader=1, prevLogIndex=7, prevLogTerm=1, entries=0, commitIndex=7}
02:47:18.783 [raft-server-2] TRACE i.a.p.raft.roles.FollowerRole - RaftServer{2}{role=FOLLOWER} - Received AppendRequest{term=1, leader=1, prevLogIndex=7, prevLogTerm=1, entries=0, commitIndex=7}
02:47:18.783 [raft-server-3] TRACE i.a.p.raft.roles.FollowerRole - RaftServer{3}{role=FOLLOWER} - Sending AppendResponse{status=OK, term=1, succeeded=true, lastLogIndex=7}
02:47:18.783 [raft-server-2] TRACE i.a.p.raft.roles.FollowerRole - RaftServer{2}{role=FOLLOWER} - Sending AppendResponse{status=OK, term=1, succeeded=true, lastLogIndex=7}
02:47:18.783 [raft-server-1] TRACE i.a.p.raft.roles.LeaderAppender - RaftServer{1} - Received AppendResponse{status=OK, term=1, succeeded=true, lastLogIndex=7} from 3
02:47:18.783 [raft-server-1] TRACE i.a.p.raft.roles.LeaderAppender - RaftServer{1} - Sending AppendRequest{term=1, leader=1, prevLogIndex=7, prevLogTerm=1, entries=0, commitIndex=7} to 3
02:47:18.783 [raft-server-1] TRACE i.a.p.raft.roles.LeaderAppender - RaftServer{1} - Received AppendResponse{status=OK, term=1, succeeded=true, lastLogIndex=7} from 2
02:47:18.783 [raft-server-1] TRACE i.a.p.raft.roles.LeaderAppender - RaftServer{1} - Sending AppendRequest{term=1, leader=1, prevLogIndex=7, prevLogTerm=1, entries=0, commitIndex=7} to 2
02:47:18.784 [raft-server-3] TRACE i.a.p.raft.roles.FollowerRole - RaftServer{3}{role=FOLLOWER} - Received AppendRequest{term=1, leader=1, prevLogIndex=7, prevLogTerm=1, entries=0, commitIndex=7}
02:47:18.784 [raft-server-2] TRACE i.a.p.raft.roles.FollowerRole - RaftServer{2}{role=FOLLOWER} - Received AppendRequest{term=1, leader=1, prevLogIndex=7, prevLogTerm=1, entries=0, commitIndex=7}
02:47:18.784 [raft-server-3] TRACE i.a.p.raft.roles.FollowerRole - RaftServer{3}{role=FOLLOWER} - Sending AppendResponse{status=OK, term=1, succeeded=true, lastLogIndex=7}
02:47:18.784 [raft-server-2] TRACE i.a.p.raft.roles.FollowerRole - RaftServer{2}{role=FOLLOWER} - Sending AppendResponse{status=OK, term=1, succeeded=true, lastLogIndex=7}
02:47:18.784 [raft-server-1] TRACE i.a.p.raft.roles.LeaderAppender - RaftServer{1} - Received AppendResponse{status=OK, term=1, succeeded=true, lastLogIndex=7} from 3
02:47:18.784 [raft-server-1] TRACE i.a.p.raft.roles.LeaderAppender - RaftServer{1} - Sending AppendRequest{term=1, leader=1, prevLogIndex=7, prevLogTerm=1, entries=0, commitIndex=7} to 3
02:47:18.784 [raft-server-1] TRACE i.a.p.raft.roles.LeaderAppender - RaftServer{1} - Received AppendResponse{status=OK, term=1, succeeded=true, lastLogIndex=7} from 2
02:47:18.784 [raft-server-3] TRACE i.a.p.raft.roles.FollowerRole - RaftServer{3}{role=FOLLOWER} - Received AppendRequest{term=1, leader=1, prevLogIndex=7, prevLogTerm=1, entries=0, commitIndex=7}
02:47:18.784 [raft-server-1] TRACE i.a.p.raft.roles.LeaderAppender - RaftServer{1} - Sending AppendRequest{term=1, leader=1, prevLogIndex=7, prevLogTerm=1, entries=0, commitIndex=7} to 2
02:47:18.784 [raft-server-3] TRACE i.a.p.raft.roles.FollowerRole - RaftServer{3}{role=FOLLOWER} - Sending AppendResponse{status=OK, term=1, succeeded=true, lastLogIndex=7}
02:47:18.784 [raft-server-2] TRACE i.a.p.raft.roles.FollowerRole - RaftServer{2}{role=FOLLOWER} - Received AppendRequest{term=1, leader=1, prevLogIndex=7, prevLogTerm=1, entries=0, commitIndex=7}
02:47:18.784 [raft-server-1] TRACE i.a.p.raft.roles.LeaderAppender - RaftServer{1} - Received AppendResponse{status=OK, term=1, succeeded=true, lastLogIndex=7} from 3
02:47:18.784 [raft-server-2] TRACE i.a.p.raft.roles.FollowerRole - RaftServer{2}{role=FOLLOWER} - Sending AppendResponse{status=OK, term=1, succeeded=true, lastLogIndex=7}
02:47:18.785 [raft-server-1] TRACE i.a.p.raft.roles.LeaderAppender - RaftServer{1} - Received AppendResponse{status=OK, term=1, succeeded=true, lastLogIndex=7} from 2
02:47:18.818 [raft-client-adc731f6-ea25-4ed9-9979-1c5079ac6ea7-6] WARN  i.a.p.proxy.impl.DefaultProxySession - Failed to handle event
java.lang.reflect.InvocationTargetException: null
	at sun.reflect.GeneratedMethodAccessor8.invoke(Unknown Source) ~[na:na]
	at sun.reflect.DelegatingMethodAccessorImpl.invoke(DelegatingMethodAccessorImpl.java:43) ~[na:1.8.0_121]
	at java.lang.reflect.Method.invoke(Method.java:498) ~[na:1.8.0_121]
	at io.atomix.primitive.proxy.impl.DefaultProxySession.lambda$null$0(DefaultProxySession.java:80) ~[classes/:na]
	at io.atomix.primitive.client.impl.BlockingAwareSessionClient.lambda$null$2(BlockingAwareSessionClient.java:68) ~[classes/:na]
	at io.atomix.utils.concurrent.ThreadPoolContext.lambda$new$0(ThreadPoolContext.java:81) ~[classes/:na]
	at java.util.concurrent.Executors$RunnableAdapter.call(Executors.java:511) ~[na:1.8.0_121]
	at java.util.concurrent.FutureTask.run(FutureTask.java:266) ~[na:1.8.0_121]
	at java.util.concurrent.ScheduledThreadPoolExecutor$ScheduledFutureTask.access$201(ScheduledThreadPoolExecutor.java:180) ~[na:1.8.0_121]
	at java.util.concurrent.ScheduledThreadPoolExecutor$ScheduledFutureTask.run(ScheduledThreadPoolExecutor.java:293) ~[na:1.8.0_121]
	at java.util.concurrent.ThreadPoolExecutor.runWorker(ThreadPoolExecutor.java:1142) ~[na:1.8.0_121]
	at java.util.concurrent.ThreadPoolExecutor$Worker.run(ThreadPoolExecutor.java:617) ~[na:1.8.0_121]
	at java.lang.Thread.run(Thread.java:745) ~[na:1.8.0_121]
Caused by: java.lang.AssertionError: null
	at net.jodah.concurrentunit.Waiter.fail(Waiter.java:219) ~[concurrentunit-0.4.2.jar:na]
	at net.jodah.concurrentunit.ConcurrentTestCase.threadFail(ConcurrentTestCase.java:76) ~[concurrentunit-0.4.2.jar:na]
	at io.atomix.protocols.raft.RaftTest.lambda$testBlockOnEvent$16(RaftTest.java:862) ~[test-classes/:na]
	at io.atomix.protocols.raft.RaftTest$TestPrimitiveImpl.lambda$event$5(RaftTest.java:1465) ~[test-classes/:na]
	at java.util.concurrent.CopyOnWriteArrayList.forEach(CopyOnWriteArrayList.java:890) ~[na:1.8.0_121]
	at java.util.concurrent.CopyOnWriteArraySet.forEach(CopyOnWriteArraySet.java:404) ~[na:1.8.0_121]
	at io.atomix.protocols.raft.RaftTest$TestPrimitiveImpl.event(RaftTest.java:1465) ~[test-classes/:na]
	... 13 common frames omitted
Caused by: java.util.concurrent.TimeoutException: null
	at java.util.concurrent.CompletableFuture.timedGet(CompletableFuture.java:1771) ~[na:1.8.0_121]
	at java.util.concurrent.CompletableFuture.get(CompletableFuture.java:1915) ~[na:1.8.0_121]
	at io.atomix.protocols.raft.RaftTest.lambda$testBlockOnEvent$16(RaftTest.java:860) ~[test-classes/:na]
	... 17 common frames omitted
02:47:18.820 [raft-server-1] INFO  i.a.protocols.raft.impl.RaftContext - RaftServer{1} - Transitioning to INACTIVE
02:47:18.820 [raft-server-1] TRACE i.a.protocols.raft.roles.LeaderRole - RaftServer{1}{role=LEADER} - Cancelling append timer
02:47:18.820 [raft-server-1] TRACE i.a.p.raft.storage.system.MetaStore - Store vote null
02:47:18.847 [ForkJoinPool.commonPool-worker-3] DEBUG i.a.storage.journal.SegmentedJournal - Closing segment: JournalSegment{id=1, version=1, index=1, size=286}
02:47:18.848 [raft-server-2] INFO  i.a.protocols.raft.impl.RaftContext - RaftServer{2} - Transitioning to INACTIVE
02:47:18.848 [raft-server-2] TRACE i.a.p.raft.roles.FollowerRole - RaftServer{2}{role=FOLLOWER} - Cancelling heartbeat timer
02:47:18.848 [ForkJoinPool.commonPool-worker-3] DEBUG i.a.storage.journal.SegmentedJournal - Closing segment: JournalSegment{id=1, version=1, index=1, size=286}
02:47:18.848 [raft-server-3] INFO  i.a.protocols.raft.impl.RaftContext - RaftServer{3} - Transitioning to INACTIVE
02:47:18.849 [raft-server-3] TRACE i.a.p.raft.roles.FollowerRole - RaftServer{3}{role=FOLLOWER} - Cancelling heartbeat timer
02:47:18.849 [ForkJoinPool.commonPool-worker-3] DEBUG i.a.storage.journal.SegmentedJournal - Closing segment: JournalSegment{id=1, version=1, index=1, size=286}
]]></system-out>
  </testcase>
  <testcase name="testDemoteLeader" classname="io.atomix.protocols.raft.RaftTest" time="5.456"/>
  <testcase name="testTwoOfThreeNodeSubmitCommand" classname="io.atomix.protocols.raft.RaftTest" time="2.494"/>
  <testcase name="testOneNodeCloseEvent" classname="io.atomix.protocols.raft.RaftTest" time="2.286"/>
  <testcase name="testOneNodeSequentialEvent" classname="io.atomix.protocols.raft.RaftTest" time="2.628"/>
  <testcase name="testThreeNodeSubmitCommand" classname="io.atomix.protocols.raft.RaftTest" time="4.19"/>
  <testcase name="testActiveJoinLate" classname="io.atomix.protocols.raft.RaftTest" time="18.304">
    <error message="Test timed out while waiting for an expected result" type="java.util.concurrent.TimeoutException">java.util.concurrent.TimeoutException: Test timed out while waiting for an expected result
	at net.jodah.concurrentunit.Waiter.await(Waiter.java:168)
	at net.jodah.concurrentunit.Waiter.await(Waiter.java:115)
	at net.jodah.concurrentunit.ConcurrentTestCase.await(ConcurrentTestCase.java:98)
	at io.atomix.protocols.raft.RaftTest.testServerJoinLate(RaftTest.java:204)
	at io.atomix.protocols.raft.RaftTest.testActiveJoinLate(RaftTest.java:185)
</error>
    <system-out><![CDATA[02:47:36.219 [main] DEBUG i.a.storage.journal.SegmentedJournal - Created disk segment: JournalSegment{id=1, version=1, index=1, size=64}
02:47:36.220 [main] TRACE i.a.p.raft.storage.system.MetaStore - Store configuration Configuration{index=0, time=2018-06-09 02:47:36,219, members=[DefaultRaftMember{id=1, type=ACTIVE, updated=2018-06-09T00:47:36.219Z}, DefaultRaftMember{id=3, type=ACTIVE, updated=2018-06-09T00:47:36.219Z}, DefaultRaftMember{id=2, type=ACTIVE, updated=2018-06-09T00:47:36.219Z}]}
02:47:36.288 [raft-server-1] INFO  i.a.protocols.raft.impl.RaftContext - RaftServer{1} - Transitioning to FOLLOWER
02:47:36.289 [raft-server-1] DEBUG i.a.p.r.c.impl.RaftClusterContext - RaftServer{1} - Attempting to join via 3
02:47:36.289 [raft-server-1] TRACE i.a.p.r.c.impl.RaftClusterContext - RaftServer{1} - Cancelling join timeout
02:47:36.289 [raft-server-1] DEBUG i.a.p.r.c.impl.RaftClusterContext - RaftServer{1} - Failed to join 3
02:47:36.289 [raft-server-1] DEBUG i.a.p.r.c.impl.RaftClusterContext - RaftServer{1} - Attempting to join via 2
02:47:36.289 [raft-server-1] TRACE i.a.p.r.c.impl.RaftClusterContext - RaftServer{1} - Cancelling join timeout
02:47:36.289 [raft-server-1] DEBUG i.a.p.r.c.impl.RaftClusterContext - RaftServer{1} - Failed to join 2
02:47:36.289 [raft-server-1] DEBUG i.a.p.r.c.impl.RaftClusterContext - RaftServer{1} - Failed to join cluster, retrying...
02:47:36.655 [main] DEBUG i.a.storage.journal.SegmentedJournal - Created disk segment: JournalSegment{id=1, version=1, index=1, size=64}
02:47:36.655 [main] TRACE i.a.p.raft.storage.system.MetaStore - Store configuration Configuration{index=0, time=2018-06-09 02:47:36,655, members=[DefaultRaftMember{id=1, type=ACTIVE, updated=2018-06-09T00:47:36.655Z}, DefaultRaftMember{id=3, type=ACTIVE, updated=2018-06-09T00:47:36.655Z}, DefaultRaftMember{id=2, type=ACTIVE, updated=2018-06-09T00:47:36.655Z}]}
02:47:36.713 [raft-server-2] INFO  i.a.protocols.raft.impl.RaftContext - RaftServer{2} - Transitioning to FOLLOWER
02:47:36.714 [raft-server-2] DEBUG i.a.p.r.c.impl.RaftClusterContext - RaftServer{2} - Attempting to join via 1
02:47:36.714 [raft-server-1] TRACE i.a.p.raft.roles.FollowerRole - RaftServer{1}{role=FOLLOWER} - Received JoinRequest{member=DefaultRaftMember{id=2, type=ACTIVE, updated=2018-06-09T00:47:36.655Z}}
02:47:36.714 [raft-server-1] TRACE i.a.p.raft.roles.FollowerRole - RaftServer{1}{role=FOLLOWER} - Sending JoinResponse{status=ERROR, error=RaftError{type=NO_LEADER, message=null}}
02:47:36.714 [raft-server-2] TRACE i.a.p.r.c.impl.RaftClusterContext - RaftServer{2} - Cancelling join timeout
02:47:36.714 [raft-server-2] DEBUG i.a.p.r.c.impl.RaftClusterContext - RaftServer{2} - Failed to join 1
02:47:36.714 [raft-server-2] DEBUG i.a.p.r.c.impl.RaftClusterContext - RaftServer{2} - Attempting to join via 3
02:47:36.714 [raft-server-2] TRACE i.a.p.r.c.impl.RaftClusterContext - RaftServer{2} - Cancelling join timeout
02:47:36.714 [raft-server-2] DEBUG i.a.p.r.c.impl.RaftClusterContext - RaftServer{2} - Failed to join 3
02:47:36.714 [raft-server-2] DEBUG i.a.p.r.c.impl.RaftClusterContext - RaftServer{2} - Failed to join cluster, retrying...
02:47:37.090 [main] DEBUG i.a.storage.journal.SegmentedJournal - Created disk segment: JournalSegment{id=1, version=1, index=1, size=64}
02:47:37.091 [main] TRACE i.a.p.raft.storage.system.MetaStore - Store configuration Configuration{index=0, time=2018-06-09 02:47:37,091, members=[DefaultRaftMember{id=1, type=ACTIVE, updated=2018-06-09T00:47:37.091Z}, DefaultRaftMember{id=3, type=ACTIVE, updated=2018-06-09T00:47:37.091Z}, DefaultRaftMember{id=2, type=ACTIVE, updated=2018-06-09T00:47:37.091Z}]}
02:47:37.188 [raft-server-3] INFO  i.a.protocols.raft.impl.RaftContext - RaftServer{3} - Transitioning to FOLLOWER
02:47:37.189 [raft-server-3] DEBUG i.a.p.r.c.impl.RaftClusterContext - RaftServer{3} - Attempting to join via 1
02:47:37.189 [raft-server-1] TRACE i.a.p.raft.roles.FollowerRole - RaftServer{1}{role=FOLLOWER} - Received JoinRequest{member=DefaultRaftMember{id=3, type=ACTIVE, updated=2018-06-09T00:47:37.091Z}}
02:47:37.189 [raft-server-1] TRACE i.a.p.raft.roles.FollowerRole - RaftServer{1}{role=FOLLOWER} - Sending JoinResponse{status=ERROR, error=RaftError{type=NO_LEADER, message=null}}
02:47:37.189 [raft-server-3] TRACE i.a.p.r.c.impl.RaftClusterContext - RaftServer{3} - Cancelling join timeout
02:47:37.189 [raft-server-3] DEBUG i.a.p.r.c.impl.RaftClusterContext - RaftServer{3} - Failed to join 1
02:47:37.189 [raft-server-3] DEBUG i.a.p.r.c.impl.RaftClusterContext - RaftServer{3} - Attempting to join via 2
02:47:37.189 [raft-server-2] TRACE i.a.p.raft.roles.FollowerRole - RaftServer{2}{role=FOLLOWER} - Received JoinRequest{member=DefaultRaftMember{id=3, type=ACTIVE, updated=2018-06-09T00:47:37.091Z}}
02:47:37.189 [raft-server-2] TRACE i.a.p.raft.roles.FollowerRole - RaftServer{2}{role=FOLLOWER} - Sending JoinResponse{status=ERROR, error=RaftError{type=NO_LEADER, message=null}}
02:47:37.189 [raft-server-3] TRACE i.a.p.r.c.impl.RaftClusterContext - RaftServer{3} - Cancelling join timeout
02:47:37.189 [raft-server-3] DEBUG i.a.p.r.c.impl.RaftClusterContext - RaftServer{3} - Failed to join 2
02:47:37.189 [raft-server-3] DEBUG i.a.p.r.c.impl.RaftClusterContext - RaftServer{3} - Failed to join cluster, retrying...
02:47:37.504 [raft-server-1] DEBUG i.a.p.raft.roles.FollowerRole - RaftServer{1}{role=FOLLOWER} - Heartbeat timed out in PT1.215S
02:47:37.504 [raft-server-1] DEBUG i.a.p.raft.roles.FollowerRole - RaftServer{1}{role=FOLLOWER} - Polling members [DefaultRaftMember{id=3, type=ACTIVE, updated=2018-06-09T00:47:36.219Z}, DefaultRaftMember{id=2, type=ACTIVE, updated=2018-06-09T00:47:36.219Z}]
02:47:37.504 [raft-server-1] DEBUG i.a.p.raft.roles.FollowerRole - RaftServer{1}{role=FOLLOWER} - Polling DefaultRaftMember{id=3, type=ACTIVE, updated=2018-06-09T00:47:36.219Z} for next term 1
02:47:37.504 [raft-server-1] DEBUG i.a.p.raft.roles.FollowerRole - RaftServer{1}{role=FOLLOWER} - Polling DefaultRaftMember{id=2, type=ACTIVE, updated=2018-06-09T00:47:36.219Z} for next term 1
02:47:37.504 [raft-server-3] TRACE i.a.p.raft.roles.FollowerRole - RaftServer{3}{role=FOLLOWER} - Received PollRequest{term=0, candidate=1, lastLogIndex=0, lastLogTerm=0}
02:47:37.504 [raft-server-2] TRACE i.a.p.raft.roles.FollowerRole - RaftServer{2}{role=FOLLOWER} - Received PollRequest{term=0, candidate=1, lastLogIndex=0, lastLogTerm=0}
02:47:37.504 [raft-server-3] DEBUG i.a.p.raft.roles.FollowerRole - RaftServer{3}{role=FOLLOWER} - Accepted PollRequest{term=0, candidate=1, lastLogIndex=0, lastLogTerm=0}: candidate's log is up-to-date
02:47:37.504 [raft-server-2] DEBUG i.a.p.raft.roles.FollowerRole - RaftServer{2}{role=FOLLOWER} - Accepted PollRequest{term=0, candidate=1, lastLogIndex=0, lastLogTerm=0}: candidate's log is up-to-date
02:47:37.504 [raft-server-3] TRACE i.a.p.raft.roles.FollowerRole - RaftServer{3}{role=FOLLOWER} - Sending PollResponse{status=OK, term=0, accepted=true}
02:47:37.504 [raft-server-2] TRACE i.a.p.raft.roles.FollowerRole - RaftServer{2}{role=FOLLOWER} - Sending PollResponse{status=OK, term=0, accepted=true}
02:47:37.505 [raft-server-1] DEBUG i.a.p.raft.roles.FollowerRole - RaftServer{1}{role=FOLLOWER} - Received accepted poll from DefaultRaftMember{id=3, type=ACTIVE, updated=2018-06-09T00:47:36.219Z}
02:47:37.505 [raft-server-1] INFO  i.a.protocols.raft.impl.RaftContext - RaftServer{1} - Transitioning to CANDIDATE
02:47:37.505 [raft-server-1] TRACE i.a.p.raft.roles.FollowerRole - RaftServer{1}{role=FOLLOWER} - Cancelling heartbeat timer
02:47:37.505 [raft-server-1] INFO  i.a.p.raft.roles.CandidateRole - RaftServer{1}{role=CANDIDATE} - Starting election
02:47:37.505 [raft-server-1] TRACE i.a.p.raft.storage.system.MetaStore - Store term 1
02:47:37.532 [raft-server-1] TRACE i.a.p.raft.storage.system.MetaStore - Store vote null
02:47:37.563 [raft-server-1] DEBUG i.a.protocols.raft.impl.RaftContext - RaftServer{1} - Set term 1
02:47:37.563 [raft-server-1] TRACE i.a.p.raft.storage.system.MetaStore - Store vote 1
02:47:37.588 [raft-server-1] DEBUG i.a.protocols.raft.impl.RaftContext - RaftServer{1} - Voted for 1
02:47:37.588 [raft-server-1] DEBUG i.a.p.raft.roles.CandidateRole - RaftServer{1}{role=CANDIDATE} - Requesting votes for term 1
02:47:37.588 [raft-server-1] DEBUG i.a.p.raft.roles.CandidateRole - RaftServer{1}{role=CANDIDATE} - Requesting vote from DefaultRaftMember{id=3, type=ACTIVE, updated=2018-06-09T00:47:36.219Z} for term 1
02:47:37.588 [raft-server-1] DEBUG i.a.p.raft.roles.CandidateRole - RaftServer{1}{role=CANDIDATE} - Requesting vote from DefaultRaftMember{id=2, type=ACTIVE, updated=2018-06-09T00:47:36.219Z} for term 1
02:47:37.588 [raft-server-3] TRACE i.a.p.raft.roles.FollowerRole - RaftServer{3}{role=FOLLOWER} - Received VoteRequest{term=1, candidate=1, lastLogIndex=0, lastLogTerm=0}
02:47:37.588 [raft-server-2] TRACE i.a.p.raft.roles.FollowerRole - RaftServer{2}{role=FOLLOWER} - Received VoteRequest{term=1, candidate=1, lastLogIndex=0, lastLogTerm=0}
02:47:37.589 [raft-server-3] TRACE i.a.p.raft.storage.system.MetaStore - Store term 1
02:47:37.589 [raft-server-2] TRACE i.a.p.raft.storage.system.MetaStore - Store term 1
02:47:37.627 [raft-server-2] TRACE i.a.p.raft.storage.system.MetaStore - Store vote null
02:47:37.627 [raft-server-3] TRACE i.a.p.raft.storage.system.MetaStore - Store vote null
02:47:37.660 [raft-server-3] DEBUG i.a.protocols.raft.impl.RaftContext - RaftServer{3} - Set term 1
02:47:37.660 [raft-server-2] DEBUG i.a.protocols.raft.impl.RaftContext - RaftServer{2} - Set term 1
02:47:37.661 [raft-server-2] DEBUG i.a.p.raft.roles.FollowerRole - RaftServer{2}{role=FOLLOWER} - Accepted VoteRequest{term=1, candidate=1, lastLogIndex=0, lastLogTerm=0}: candidate's log is up-to-date
02:47:37.661 [raft-server-3] DEBUG i.a.p.raft.roles.FollowerRole - RaftServer{3}{role=FOLLOWER} - Accepted VoteRequest{term=1, candidate=1, lastLogIndex=0, lastLogTerm=0}: candidate's log is up-to-date
02:47:37.661 [raft-server-2] TRACE i.a.p.raft.storage.system.MetaStore - Store vote 1
02:47:37.661 [raft-server-3] TRACE i.a.p.raft.storage.system.MetaStore - Store vote 1
02:47:37.693 [raft-server-2] DEBUG i.a.protocols.raft.impl.RaftContext - RaftServer{2} - Voted for 1
02:47:37.693 [raft-server-3] DEBUG i.a.protocols.raft.impl.RaftContext - RaftServer{3} - Voted for 1
02:47:37.694 [raft-server-2] TRACE i.a.p.raft.roles.FollowerRole - RaftServer{2}{role=FOLLOWER} - Sending VoteResponse{status=OK, term=1, voted=true}
02:47:37.694 [raft-server-3] TRACE i.a.p.raft.roles.FollowerRole - RaftServer{3}{role=FOLLOWER} - Sending VoteResponse{status=OK, term=1, voted=true}
02:47:37.694 [raft-server-1] DEBUG i.a.p.raft.roles.CandidateRole - RaftServer{1}{role=CANDIDATE} - Received successful vote from DefaultRaftMember{id=2, type=ACTIVE, updated=2018-06-09T00:47:36.219Z}
02:47:37.694 [raft-server-1] INFO  i.a.protocols.raft.impl.RaftContext - RaftServer{1} - Transitioning to LEADER
02:47:37.694 [raft-server-1] DEBUG i.a.p.raft.roles.CandidateRole - RaftServer{1}{role=CANDIDATE} - Cancelling election
02:47:37.694 [raft-server-1] INFO  i.a.protocols.raft.impl.RaftContext - RaftServer{1} - Found leader 1
02:47:37.694 [raft-server-1] TRACE i.a.p.raft.storage.system.MetaStore - Store vote null
02:47:37.728 [raft-server-1] TRACE i.a.protocols.raft.roles.LeaderRole - RaftServer{1}{role=LEADER} - Appended Indexed{index=1, entry=InitializeEntry{term=1, timestamp=2018-06-09 02:47:37,694}}
02:47:37.728 [raft-server-1] DEBUG i.a.p.raft.roles.LeaderAppender - RaftServer{1} - Configuring 3
02:47:37.728 [raft-server-1] TRACE i.a.p.raft.roles.LeaderAppender - RaftServer{1} - Sending ConfigureRequest{term=1, leader=1, index=0, timestamp=1528505256219, members=[DefaultRaftMember{id=1, type=ACTIVE, updated=2018-06-09T00:47:36.219Z}, DefaultRaftMember{id=3, type=ACTIVE, updated=2018-06-09T00:47:36.219Z}, DefaultRaftMember{id=2, type=ACTIVE, updated=2018-06-09T00:47:36.219Z}]} to 3
02:47:37.728 [raft-server-1] DEBUG i.a.p.raft.roles.LeaderAppender - RaftServer{1} - Configuring 2
02:47:37.728 [raft-server-3] TRACE i.a.p.raft.roles.FollowerRole - RaftServer{3}{role=FOLLOWER} - Received ConfigureRequest{term=1, leader=1, index=0, timestamp=1528505256219, members=[DefaultRaftMember{id=1, type=ACTIVE, updated=2018-06-09T00:47:36.219Z}, DefaultRaftMember{id=3, type=ACTIVE, updated=2018-06-09T00:47:36.219Z}, DefaultRaftMember{id=2, type=ACTIVE, updated=2018-06-09T00:47:36.219Z}]}
02:47:37.728 [raft-server-1] TRACE i.a.p.raft.roles.LeaderAppender - RaftServer{1} - Sending ConfigureRequest{term=1, leader=1, index=0, timestamp=1528505256219, members=[DefaultRaftMember{id=1, type=ACTIVE, updated=2018-06-09T00:47:36.219Z}, DefaultRaftMember{id=3, type=ACTIVE, updated=2018-06-09T00:47:36.219Z}, DefaultRaftMember{id=2, type=ACTIVE, updated=2018-06-09T00:47:36.219Z}]} to 2
02:47:37.728 [raft-server-3] INFO  i.a.protocols.raft.impl.RaftContext - RaftServer{3} - Found leader 1
02:47:37.728 [raft-server-2] TRACE i.a.p.raft.roles.FollowerRole - RaftServer{2}{role=FOLLOWER} - Received ConfigureRequest{term=1, leader=1, index=0, timestamp=1528505256219, members=[DefaultRaftMember{id=1, type=ACTIVE, updated=2018-06-09T00:47:36.219Z}, DefaultRaftMember{id=3, type=ACTIVE, updated=2018-06-09T00:47:36.219Z}, DefaultRaftMember{id=2, type=ACTIVE, updated=2018-06-09T00:47:36.219Z}]}
02:47:37.728 [raft-server-3] TRACE i.a.p.raft.storage.system.MetaStore - Store vote null
02:47:37.728 [raft-server-2] INFO  i.a.protocols.raft.impl.RaftContext - RaftServer{2} - Found leader 1
02:47:37.728 [raft-server-1] TRACE i.a.protocols.raft.roles.LeaderRole - RaftServer{1}{role=LEADER} - Starting append timer
02:47:37.728 [raft-server-2] TRACE i.a.p.raft.storage.system.MetaStore - Store vote null
02:47:37.728 [raft-server-1] TRACE i.a.p.raft.roles.LeaderAppender - RaftServer{1} - Sending AppendRequest{term=1, leader=1, prevLogIndex=0, prevLogTerm=0, entries=0, commitIndex=0} to 3
02:47:37.728 [raft-server-1] TRACE i.a.p.raft.roles.LeaderAppender - RaftServer{1} - Sending AppendRequest{term=1, leader=1, prevLogIndex=0, prevLogTerm=0, entries=0, commitIndex=0} to 2
02:47:37.760 [raft-server-3] TRACE i.a.p.raft.roles.FollowerRole - RaftServer{3}{role=FOLLOWER} - Sending ConfigureResponse{status=OK}
02:47:37.760 [raft-server-2] TRACE i.a.p.raft.roles.FollowerRole - RaftServer{2}{role=FOLLOWER} - Sending ConfigureResponse{status=OK}
02:47:37.761 [raft-server-3] TRACE i.a.p.raft.roles.FollowerRole - RaftServer{3}{role=FOLLOWER} - Received AppendRequest{term=1, leader=1, prevLogIndex=0, prevLogTerm=0, entries=0, commitIndex=0}
02:47:37.761 [raft-server-1] TRACE i.a.p.raft.roles.LeaderAppender - RaftServer{1} - Received ConfigureResponse{status=OK} from 3
02:47:37.761 [raft-server-2] TRACE i.a.p.raft.roles.FollowerRole - RaftServer{2}{role=FOLLOWER} - Received AppendRequest{term=1, leader=1, prevLogIndex=0, prevLogTerm=0, entries=0, commitIndex=0}
02:47:37.761 [raft-server-3] TRACE i.a.p.raft.roles.FollowerRole - RaftServer{3}{role=FOLLOWER} - Sending AppendResponse{status=OK, term=1, succeeded=true, lastLogIndex=0}
02:47:37.761 [raft-server-1] TRACE i.a.p.raft.roles.LeaderAppender - RaftServer{1} - Received ConfigureResponse{status=OK} from 2
02:47:37.761 [raft-server-2] TRACE i.a.p.raft.roles.FollowerRole - RaftServer{2}{role=FOLLOWER} - Sending AppendResponse{status=OK, term=1, succeeded=true, lastLogIndex=0}
02:47:37.761 [raft-server-1] TRACE i.a.p.raft.roles.LeaderAppender - RaftServer{1} - Received AppendResponse{status=OK, term=1, succeeded=true, lastLogIndex=0} from 3
02:47:37.761 [raft-server-1] TRACE i.a.p.raft.roles.LeaderAppender - RaftServer{1} - Sending AppendRequest{term=1, leader=1, prevLogIndex=0, prevLogTerm=0, entries=1, commitIndex=0} to 3
02:47:37.761 [raft-server-3] TRACE i.a.p.raft.roles.FollowerRole - RaftServer{3}{role=FOLLOWER} - Received AppendRequest{term=1, leader=1, prevLogIndex=0, prevLogTerm=0, entries=1, commitIndex=0}
02:47:37.761 [raft-server-1] TRACE i.a.p.raft.roles.LeaderAppender - RaftServer{1} - Received AppendResponse{status=OK, term=1, succeeded=true, lastLogIndex=0} from 2
02:47:37.761 [raft-server-3] DEBUG i.a.p.raft.roles.FollowerRole - RaftServer{3}{role=FOLLOWER} - Reset first index to 1
02:47:37.761 [raft-server-1] TRACE i.a.p.raft.roles.LeaderAppender - RaftServer{1} - Sending AppendRequest{term=1, leader=1, prevLogIndex=0, prevLogTerm=0, entries=1, commitIndex=0} to 2
02:47:37.761 [raft-server-2] TRACE i.a.p.raft.roles.FollowerRole - RaftServer{2}{role=FOLLOWER} - Received AppendRequest{term=1, leader=1, prevLogIndex=0, prevLogTerm=0, entries=1, commitIndex=0}
02:47:37.761 [raft-server-2] DEBUG i.a.p.raft.roles.FollowerRole - RaftServer{2}{role=FOLLOWER} - Reset first index to 1
02:47:37.761 [raft-server-3] TRACE i.a.p.raft.roles.FollowerRole - RaftServer{3}{role=FOLLOWER} - Appended Indexed{index=1, entry=InitializeEntry{term=1, timestamp=2018-06-09 02:47:37,694}}
02:47:37.761 [raft-server-3] TRACE i.a.p.raft.roles.FollowerRole - RaftServer{3}{role=FOLLOWER} - Sending AppendResponse{status=OK, term=1, succeeded=true, lastLogIndex=1}
02:47:37.761 [raft-server-2] TRACE i.a.p.raft.roles.FollowerRole - RaftServer{2}{role=FOLLOWER} - Appended Indexed{index=1, entry=InitializeEntry{term=1, timestamp=2018-06-09 02:47:37,694}}
02:47:37.761 [raft-server-1] TRACE i.a.p.raft.roles.LeaderAppender - RaftServer{1} - Received AppendResponse{status=OK, term=1, succeeded=true, lastLogIndex=1} from 3
02:47:37.761 [raft-server-2] TRACE i.a.p.raft.roles.FollowerRole - RaftServer{2}{role=FOLLOWER} - Sending AppendResponse{status=OK, term=1, succeeded=true, lastLogIndex=1}
02:47:37.761 [raft-server-1] TRACE i.a.p.raft.roles.LeaderAppender - RaftServer{1} - Committed entries up to 1
02:47:37.796 [raft-server-1] TRACE i.a.p.raft.roles.LeaderAppender - RaftServer{1} - Received AppendResponse{status=OK, term=1, succeeded=true, lastLogIndex=1} from 2
02:47:37.796 [raft-server-1] TRACE i.a.p.r.c.impl.RaftClusterContext - RaftServer{1} - Cancelling join timeout
02:47:37.797 [raft-server-1] DEBUG i.a.p.r.c.impl.RaftClusterContext - RaftServer{1} - Attempting to join via 3
02:47:37.797 [raft-server-3] TRACE i.a.p.raft.roles.FollowerRole - RaftServer{3}{role=FOLLOWER} - Received JoinRequest{member=DefaultRaftMember{id=1, type=ACTIVE, updated=2018-06-09T00:47:36.219Z}}
02:47:37.797 [raft-server-1-state] TRACE i.a.p.raft.impl.RaftServiceManager - RaftServer{1} - Applying Indexed{index=1, entry=InitializeEntry{term=1, timestamp=2018-06-09 02:47:37,694}}
02:47:37.797 [raft-server-1] TRACE i.a.protocols.raft.roles.LeaderRole - RaftServer{1}{role=LEADER} - Received JoinRequest{member=DefaultRaftMember{id=1, type=ACTIVE, updated=2018-06-09T00:47:36.219Z}}
02:47:37.797 [raft-server-1] TRACE i.a.protocols.raft.roles.LeaderRole - RaftServer{1}{role=LEADER} - Sending JoinResponse{status=OK, index=0, term=0, timestamp=1528505256219, members=[DefaultRaftMember{id=1, type=ACTIVE, updated=2018-06-09T00:47:36.219Z}, DefaultRaftMember{id=3, type=ACTIVE, updated=2018-06-09T00:47:36.219Z}, DefaultRaftMember{id=2, type=ACTIVE, updated=2018-06-09T00:47:36.219Z}]}
02:47:37.797 [raft-server-3] TRACE i.a.p.raft.roles.FollowerRole - RaftServer{3}{role=FOLLOWER} - Sending JoinResponse{status=OK, index=0, term=0, timestamp=1528505256219, members=[DefaultRaftMember{id=1, type=ACTIVE, updated=2018-06-09T00:47:36.219Z}, DefaultRaftMember{id=3, type=ACTIVE, updated=2018-06-09T00:47:36.219Z}, DefaultRaftMember{id=2, type=ACTIVE, updated=2018-06-09T00:47:36.219Z}]}
02:47:37.798 [raft-server-1] TRACE i.a.p.r.c.impl.RaftClusterContext - RaftServer{1} - Cancelling join timeout
02:47:37.798 [raft-server-1] INFO  i.a.p.r.c.impl.RaftClusterContext - RaftServer{1} - Successfully joined via 3
02:47:37.798 [raft-server-1] INFO  i.a.p.raft.impl.DefaultRaftServer - RaftServer{1} - Server started successfully!
02:47:37.979 [raft-server-1] TRACE i.a.p.raft.roles.LeaderAppender - RaftServer{1} - Sending AppendRequest{term=1, leader=1, prevLogIndex=1, prevLogTerm=1, entries=0, commitIndex=1} to 3
02:47:37.979 [raft-server-1] TRACE i.a.p.raft.roles.LeaderAppender - RaftServer{1} - Sending AppendRequest{term=1, leader=1, prevLogIndex=1, prevLogTerm=1, entries=0, commitIndex=1} to 2
02:47:37.979 [raft-server-3] TRACE i.a.p.raft.roles.FollowerRole - RaftServer{3}{role=FOLLOWER} - Received AppendRequest{term=1, leader=1, prevLogIndex=1, prevLogTerm=1, entries=0, commitIndex=1}
02:47:37.979 [raft-server-2] TRACE i.a.p.raft.roles.FollowerRole - RaftServer{2}{role=FOLLOWER} - Received AppendRequest{term=1, leader=1, prevLogIndex=1, prevLogTerm=1, entries=0, commitIndex=1}
02:47:38.013 [raft-server-3] TRACE i.a.p.raft.roles.FollowerRole - RaftServer{3}{role=FOLLOWER} - Committed entries up to index 1
02:47:38.013 [raft-server-2] TRACE i.a.p.raft.roles.FollowerRole - RaftServer{2}{role=FOLLOWER} - Committed entries up to index 1
02:47:38.013 [raft-server-3] TRACE i.a.p.raft.roles.FollowerRole - RaftServer{3}{role=FOLLOWER} - Sending AppendResponse{status=OK, term=1, succeeded=true, lastLogIndex=1}
02:47:38.013 [raft-server-2] TRACE i.a.p.raft.roles.FollowerRole - RaftServer{2}{role=FOLLOWER} - Sending AppendResponse{status=OK, term=1, succeeded=true, lastLogIndex=1}
02:47:38.013 [raft-server-1] TRACE i.a.p.raft.roles.LeaderAppender - RaftServer{1} - Received AppendResponse{status=OK, term=1, succeeded=true, lastLogIndex=1} from 3
02:47:38.013 [raft-server-3-state] TRACE i.a.p.raft.impl.RaftServiceManager - RaftServer{3} - Applying Indexed{index=1, entry=InitializeEntry{term=1, timestamp=2018-06-09 02:47:37,694}}
02:47:38.014 [raft-server-1] TRACE i.a.p.raft.roles.LeaderAppender - RaftServer{1} - Received AppendResponse{status=OK, term=1, succeeded=true, lastLogIndex=1} from 2
02:47:38.014 [raft-server-2-state] TRACE i.a.p.raft.impl.RaftServiceManager - RaftServer{2} - Applying Indexed{index=1, entry=InitializeEntry{term=1, timestamp=2018-06-09 02:47:37,694}}
02:47:38.214 [raft-server-2] TRACE i.a.p.r.c.impl.RaftClusterContext - RaftServer{2} - Cancelling join timeout
02:47:38.214 [raft-server-2] DEBUG i.a.p.r.c.impl.RaftClusterContext - RaftServer{2} - Attempting to join via 1
02:47:38.215 [raft-server-1] TRACE i.a.protocols.raft.roles.LeaderRole - RaftServer{1}{role=LEADER} - Received JoinRequest{member=DefaultRaftMember{id=2, type=ACTIVE, updated=2018-06-09T00:47:36.655Z}}
02:47:38.215 [raft-server-1] TRACE i.a.protocols.raft.roles.LeaderRole - RaftServer{1}{role=LEADER} - Sending JoinResponse{status=OK, index=0, term=0, timestamp=1528505256219, members=[DefaultRaftMember{id=1, type=ACTIVE, updated=2018-06-09T00:47:36.219Z}, DefaultRaftMember{id=3, type=ACTIVE, updated=2018-06-09T00:47:36.219Z}, DefaultRaftMember{id=2, type=ACTIVE, updated=2018-06-09T00:47:36.219Z}]}
02:47:38.215 [raft-server-2] TRACE i.a.p.r.c.impl.RaftClusterContext - RaftServer{2} - Cancelling join timeout
02:47:38.215 [raft-server-2] INFO  i.a.p.r.c.impl.RaftClusterContext - RaftServer{2} - Successfully joined via 1
02:47:38.215 [raft-server-2] INFO  i.a.p.raft.impl.DefaultRaftServer - RaftServer{2} - Server started successfully!
02:47:38.229 [raft-server-1] TRACE i.a.p.raft.roles.LeaderAppender - RaftServer{1} - Sending AppendRequest{term=1, leader=1, prevLogIndex=1, prevLogTerm=1, entries=0, commitIndex=1} to 3
02:47:38.229 [raft-server-1] TRACE i.a.p.raft.roles.LeaderAppender - RaftServer{1} - Sending AppendRequest{term=1, leader=1, prevLogIndex=1, prevLogTerm=1, entries=0, commitIndex=1} to 2
02:47:38.229 [raft-server-3] TRACE i.a.p.raft.roles.FollowerRole - RaftServer{3}{role=FOLLOWER} - Received AppendRequest{term=1, leader=1, prevLogIndex=1, prevLogTerm=1, entries=0, commitIndex=1}
02:47:38.229 [raft-server-2] TRACE i.a.p.raft.roles.FollowerRole - RaftServer{2}{role=FOLLOWER} - Received AppendRequest{term=1, leader=1, prevLogIndex=1, prevLogTerm=1, entries=0, commitIndex=1}
02:47:38.229 [raft-server-3] TRACE i.a.p.raft.roles.FollowerRole - RaftServer{3}{role=FOLLOWER} - Sending AppendResponse{status=OK, term=1, succeeded=true, lastLogIndex=1}
02:47:38.229 [raft-server-2] TRACE i.a.p.raft.roles.FollowerRole - RaftServer{2}{role=FOLLOWER} - Sending AppendResponse{status=OK, term=1, succeeded=true, lastLogIndex=1}
02:47:38.229 [raft-server-1] TRACE i.a.p.raft.roles.LeaderAppender - RaftServer{1} - Received AppendResponse{status=OK, term=1, succeeded=true, lastLogIndex=1} from 3
02:47:38.229 [raft-server-1] TRACE i.a.p.raft.roles.LeaderAppender - RaftServer{1} - Sending AppendRequest{term=1, leader=1, prevLogIndex=1, prevLogTerm=1, entries=0, commitIndex=1} to 3
02:47:38.230 [raft-server-1] TRACE i.a.p.raft.roles.LeaderAppender - RaftServer{1} - Received AppendResponse{status=OK, term=1, succeeded=true, lastLogIndex=1} from 2
02:47:38.230 [raft-server-3] TRACE i.a.p.raft.roles.FollowerRole - RaftServer{3}{role=FOLLOWER} - Received AppendRequest{term=1, leader=1, prevLogIndex=1, prevLogTerm=1, entries=0, commitIndex=1}
02:47:38.230 [raft-server-1] TRACE i.a.p.raft.roles.LeaderAppender - RaftServer{1} - Sending AppendRequest{term=1, leader=1, prevLogIndex=1, prevLogTerm=1, entries=0, commitIndex=1} to 2
02:47:38.230 [raft-server-3] TRACE i.a.p.raft.roles.FollowerRole - RaftServer{3}{role=FOLLOWER} - Sending AppendResponse{status=OK, term=1, succeeded=true, lastLogIndex=1}
02:47:38.230 [raft-server-2] TRACE i.a.p.raft.roles.FollowerRole - RaftServer{2}{role=FOLLOWER} - Received AppendRequest{term=1, leader=1, prevLogIndex=1, prevLogTerm=1, entries=0, commitIndex=1}
02:47:38.230 [raft-server-2] TRACE i.a.p.raft.roles.FollowerRole - RaftServer{2}{role=FOLLOWER} - Sending AppendResponse{status=OK, term=1, succeeded=true, lastLogIndex=1}
02:47:38.230 [raft-server-1] TRACE i.a.p.raft.roles.LeaderAppender - RaftServer{1} - Received AppendResponse{status=OK, term=1, succeeded=true, lastLogIndex=1} from 3
02:47:38.230 [raft-server-1] TRACE i.a.p.raft.roles.LeaderAppender - RaftServer{1} - Sending AppendRequest{term=1, leader=1, prevLogIndex=1, prevLogTerm=1, entries=0, commitIndex=1} to 3
02:47:38.230 [raft-server-1] TRACE i.a.p.raft.roles.LeaderAppender - RaftServer{1} - Received AppendResponse{status=OK, term=1, succeeded=true, lastLogIndex=1} from 2
02:47:38.231 [raft-server-3] TRACE i.a.p.raft.roles.FollowerRole - RaftServer{3}{role=FOLLOWER} - Received AppendRequest{term=1, leader=1, prevLogIndex=1, prevLogTerm=1, entries=0, commitIndex=1}
02:47:38.231 [raft-server-3] TRACE i.a.p.raft.roles.FollowerRole - RaftServer{3}{role=FOLLOWER} - Sending AppendResponse{status=OK, term=1, succeeded=true, lastLogIndex=1}
02:47:38.231 [raft-server-1] TRACE i.a.p.raft.roles.LeaderAppender - RaftServer{1} - Received AppendResponse{status=OK, term=1, succeeded=true, lastLogIndex=1} from 3
02:47:38.478 [raft-server-1] TRACE i.a.p.raft.roles.LeaderAppender - RaftServer{1} - Sending AppendRequest{term=1, leader=1, prevLogIndex=1, prevLogTerm=1, entries=0, commitIndex=1} to 3
02:47:38.479 [raft-server-1] TRACE i.a.p.raft.roles.LeaderAppender - RaftServer{1} - Sending AppendRequest{term=1, leader=1, prevLogIndex=1, prevLogTerm=1, entries=0, commitIndex=1} to 2
02:47:38.479 [raft-server-3] TRACE i.a.p.raft.roles.FollowerRole - RaftServer{3}{role=FOLLOWER} - Received AppendRequest{term=1, leader=1, prevLogIndex=1, prevLogTerm=1, entries=0, commitIndex=1}
02:47:38.479 [raft-server-2] TRACE i.a.p.raft.roles.FollowerRole - RaftServer{2}{role=FOLLOWER} - Received AppendRequest{term=1, leader=1, prevLogIndex=1, prevLogTerm=1, entries=0, commitIndex=1}
02:47:38.479 [raft-server-3] TRACE i.a.p.raft.roles.FollowerRole - RaftServer{3}{role=FOLLOWER} - Sending AppendResponse{status=OK, term=1, succeeded=true, lastLogIndex=1}
02:47:38.479 [raft-server-2] TRACE i.a.p.raft.roles.FollowerRole - RaftServer{2}{role=FOLLOWER} - Sending AppendResponse{status=OK, term=1, succeeded=true, lastLogIndex=1}
02:47:38.479 [raft-server-1] TRACE i.a.p.raft.roles.LeaderAppender - RaftServer{1} - Received AppendResponse{status=OK, term=1, succeeded=true, lastLogIndex=1} from 3
02:47:38.479 [raft-server-1] TRACE i.a.p.raft.roles.LeaderAppender - RaftServer{1} - Sending AppendRequest{term=1, leader=1, prevLogIndex=1, prevLogTerm=1, entries=0, commitIndex=1} to 3
02:47:38.479 [raft-server-1] TRACE i.a.p.raft.roles.LeaderAppender - RaftServer{1} - Received AppendResponse{status=OK, term=1, succeeded=true, lastLogIndex=1} from 2
02:47:38.480 [raft-server-3] TRACE i.a.p.raft.roles.FollowerRole - RaftServer{3}{role=FOLLOWER} - Received AppendRequest{term=1, leader=1, prevLogIndex=1, prevLogTerm=1, entries=0, commitIndex=1}
02:47:38.480 [raft-server-3] TRACE i.a.p.raft.roles.FollowerRole - RaftServer{3}{role=FOLLOWER} - Sending AppendResponse{status=OK, term=1, succeeded=true, lastLogIndex=1}
02:47:38.480 [raft-server-1] TRACE i.a.p.raft.roles.LeaderAppender - RaftServer{1} - Received AppendResponse{status=OK, term=1, succeeded=true, lastLogIndex=1} from 3
02:47:38.689 [raft-server-3] TRACE i.a.p.r.c.impl.RaftClusterContext - RaftServer{3} - Cancelling join timeout
02:47:38.690 [raft-server-3] DEBUG i.a.p.r.c.impl.RaftClusterContext - RaftServer{3} - Attempting to join via 1
02:47:38.690 [raft-server-1] TRACE i.a.protocols.raft.roles.LeaderRole - RaftServer{1}{role=LEADER} - Received JoinRequest{member=DefaultRaftMember{id=3, type=ACTIVE, updated=2018-06-09T00:47:37.091Z}}
02:47:38.690 [raft-server-1] TRACE i.a.protocols.raft.roles.LeaderRole - RaftServer{1}{role=LEADER} - Sending JoinResponse{status=OK, index=0, term=0, timestamp=1528505256219, members=[DefaultRaftMember{id=1, type=ACTIVE, updated=2018-06-09T00:47:36.219Z}, DefaultRaftMember{id=3, type=ACTIVE, updated=2018-06-09T00:47:36.219Z}, DefaultRaftMember{id=2, type=ACTIVE, updated=2018-06-09T00:47:36.219Z}]}
02:47:38.690 [raft-server-3] TRACE i.a.p.r.c.impl.RaftClusterContext - RaftServer{3} - Cancelling join timeout
02:47:38.690 [raft-server-3] INFO  i.a.p.r.c.impl.RaftClusterContext - RaftServer{3} - Successfully joined via 1
02:47:38.690 [raft-server-3] INFO  i.a.p.raft.impl.DefaultRaftServer - RaftServer{3} - Server started successfully!
02:47:38.691 [main] DEBUG i.a.p.c.impl.RecoveringSessionClient - SessionClient{613ce1dd-77b1-4b52-a0bf-d277cef86e4f} - Opening proxy session
02:47:38.691 [main] DEBUG i.a.p.r.proxy.impl.RaftProxyManager - RaftClient{613ce1dd-77b1-4b52-a0bf-d277cef86e4f} - Opening session; name: raft-test, type: io.atomix.protocols.raft.RaftTest$TestPrimitiveType@35bfa1bb
02:47:38.692 [main] TRACE i.a.utils.serializer.KryoNamespace - Creating Kryo instance for KryoNamespace{registeredBlocks=[RegistrationBlock{begin=16, types=[([Ljava.lang.Class;@6b321262,null), ([Ljava.lang.Class;@68b11545,null), ([Ljava.lang.Class;@7d0100ea,null), ([Ljava.lang.Class;@357bc488,null), ([Ljava.lang.Class;@4ea17147,io.atomix.utils.serializer.serializers.ImmutableListSerializer@2eda4eeb), ([Ljava.lang.Class;@5ba90d8a,io.atomix.utils.serializer.serializers.ImmutableSetSerializer@309dcdf3), ([Ljava.lang.Class;@7573b9ee,io.atomix.utils.serializer.serializers.ImmutableMapSerializer@9a20cbd), ([Ljava.lang.Class;@1af4955e,null), ([Ljava.lang.Class;@445821a6,null), ([Ljava.lang.Class;@2c0c4c0a,null), ([Ljava.lang.Class;@35d26ad2,null), ([Ljava.lang.Class;@bb25753,null), ([Ljava.lang.Class;@ee21292,null), ([Ljava.lang.Class;@40c06358,null), ([Ljava.lang.Class;@66e21568,null), ([Ljava.lang.Class;@7f73ce28,null), ([Ljava.lang.Class;@611b35d6,null), ([Ljava.lang.Class;@2282400e,null), ([Ljava.lang.Class;@543d5863,null), ([Ljava.lang.Class;@35dece42,null), ([Ljava.lang.Class;@dd3f8aa,io.atomix.utils.serializer.serializers.ArraysAsListSerializer@3d615b2e), ([Ljava.lang.Class;@3a1f2a1,null), ([Ljava.lang.Class;@40ce9049,null), ([Ljava.lang.Class;@52ca2652,null), ([Ljava.lang.Class;@65c5bf0e,null), ([Ljava.lang.Class;@697d6ded,null), ([Ljava.lang.Class;@5d05f453,null), ([Ljava.lang.Class;@5efeb117,null), ([Ljava.lang.Class;@160b4809,null), ([Ljava.lang.Class;@149b4d20,null), ([Ljava.lang.Class;@664e848c,null), ([Ljava.lang.Class;@4d93f75b,null), ([Ljava.lang.Class;@114a5e0,null), ([Ljava.lang.Class;@4f281aaf,null), ([Ljava.lang.Class;@5d508d22,null), ([Ljava.lang.Class;@f2b90fc,null)]}, RegistrationBlock{begin=52, types=[([Ljava.lang.Class;@4a22e4d7,null)]}]}
02:47:38.692 [main] TRACE i.a.utils.serializer.KryoNamespace - class [B registered as 16
02:47:38.692 [main] TRACE i.a.utils.serializer.KryoNamespace - class java.util.concurrent.atomic.AtomicBoolean registered as 17
02:47:38.692 [main] TRACE i.a.utils.serializer.KryoNamespace - class java.util.concurrent.atomic.AtomicInteger registered as 18
02:47:38.692 [main] TRACE i.a.utils.serializer.KryoNamespace - class java.util.concurrent.atomic.AtomicLong registered as 19
02:47:38.692 [main] TRACE i.a.utils.serializer.KryoNamespace - class com.google.common.collect.ImmutableList registered as 20
02:47:38.692 [main] TRACE i.a.utils.serializer.KryoNamespace - class com.google.common.collect.RegularImmutableList registered as 20
02:47:38.692 [main] TRACE i.a.utils.serializer.KryoNamespace - class com.google.common.collect.RegularImmutableList registered as 20
02:47:38.692 [main] TRACE i.a.utils.serializer.KryoNamespace - class com.google.common.collect.ImmutableList$SubList registered as 20
02:47:38.692 [main] TRACE i.a.utils.serializer.KryoNamespace - class com.google.common.collect.ImmutableSet registered as 21
02:47:38.692 [main] TRACE i.a.utils.serializer.KryoNamespace - class com.google.common.collect.RegularImmutableSet registered as 21
02:47:38.692 [main] TRACE i.a.utils.serializer.KryoNamespace - class com.google.common.collect.SingletonImmutableSet registered as 21
02:47:38.692 [main] TRACE i.a.utils.serializer.KryoNamespace - class com.google.common.collect.RegularImmutableSet registered as 21
02:47:38.692 [main] TRACE i.a.utils.serializer.KryoNamespace - class com.google.common.collect.ImmutableMap registered as 22
02:47:38.692 [main] TRACE i.a.utils.serializer.KryoNamespace - class com.google.common.collect.RegularImmutableMap registered as 22
02:47:38.692 [main] TRACE i.a.utils.serializer.KryoNamespace - class com.google.common.collect.RegularImmutableMap registered as 22
02:47:38.692 [main] TRACE i.a.utils.serializer.KryoNamespace - class com.google.common.collect.RegularImmutableMap registered as 22
02:47:38.692 [main] TRACE i.a.utils.serializer.KryoNamespace - class java.util.Collections$UnmodifiableSet registered as 23
02:47:38.692 [main] TRACE i.a.utils.serializer.KryoNamespace - class java.util.HashMap registered as 24
02:47:38.692 [main] TRACE i.a.utils.serializer.KryoNamespace - class java.util.concurrent.ConcurrentHashMap registered as 25
02:47:38.692 [main] TRACE i.a.utils.serializer.KryoNamespace - class java.util.concurrent.CopyOnWriteArraySet registered as 26
02:47:38.692 [main] TRACE i.a.utils.serializer.KryoNamespace - class java.util.ArrayList registered as 27
02:47:38.692 [main] TRACE i.a.utils.serializer.KryoNamespace - class java.util.LinkedList registered as 28
02:47:38.692 [main] TRACE i.a.utils.serializer.KryoNamespace - class java.util.HashSet registered as 29
02:47:38.693 [main] TRACE i.a.utils.serializer.KryoNamespace - class java.util.LinkedHashSet registered as 30
02:47:38.693 [main] TRACE i.a.utils.serializer.KryoNamespace - class com.sun.jmx.remote.internal.ArrayQueue registered as 31
02:47:38.693 [main] TRACE i.a.utils.serializer.KryoNamespace - class java.util.ArrayDeque registered as 32
02:47:38.693 [main] TRACE i.a.utils.serializer.KryoNamespace - class com.google.common.collect.HashMultiset registered as 33
02:47:38.693 [main] TRACE i.a.utils.serializer.KryoNamespace - class com.google.common.collect.Sets registered as 34
02:47:38.693 [main] TRACE i.a.utils.serializer.KryoNamespace - class com.google.common.collect.ImmutableEntry registered as 35
02:47:38.693 [main] TRACE i.a.utils.serializer.KryoNamespace - class java.util.Arrays$ArrayList registered as 36
02:47:38.693 [main] TRACE i.a.utils.serializer.KryoNamespace - class java.util.Collections$SingletonList registered as 37
02:47:38.693 [main] TRACE i.a.utils.serializer.KryoNamespace - class java.time.Duration registered as 38
02:47:38.693 [main] TRACE i.a.utils.serializer.KryoNamespace - class java.util.Collections$EmptySet registered as 39
02:47:38.693 [main] TRACE i.a.utils.serializer.KryoNamespace - class java.util.Optional registered as 40
02:47:38.693 [main] TRACE i.a.utils.serializer.KryoNamespace - class java.util.Collections$EmptyList registered as 41
02:47:38.693 [main] TRACE i.a.utils.serializer.KryoNamespace - class java.util.Collections$SingletonSet registered as 42
02:47:38.693 [main] TRACE i.a.utils.serializer.KryoNamespace - class [I registered as 43
02:47:38.693 [main] TRACE i.a.utils.serializer.KryoNamespace - class [J registered as 44
02:47:38.693 [main] TRACE i.a.utils.serializer.KryoNamespace - class [S registered as 45
02:47:38.693 [main] TRACE i.a.utils.serializer.KryoNamespace - class [D registered as 46
02:47:38.693 [main] TRACE i.a.utils.serializer.KryoNamespace - class [F registered as 47
02:47:38.693 [main] TRACE i.a.utils.serializer.KryoNamespace - class [C registered as 48
02:47:38.693 [main] TRACE i.a.utils.serializer.KryoNamespace - class [Ljava.lang.String; registered as 49
02:47:38.693 [main] TRACE i.a.utils.serializer.KryoNamespace - class [Z registered as 50
02:47:38.693 [main] TRACE i.a.utils.serializer.KryoNamespace - class [Ljava.lang.Object; registered as 51
02:47:38.694 [main] TRACE i.a.utils.serializer.KryoNamespace - class io.atomix.primitive.service.ServiceConfig registered as 52
02:47:38.694 [raft-client-613ce1dd-77b1-4b52-a0bf-d277cef86e4f-0] TRACE i.a.p.r.p.impl.RaftProxyConnection - RaftClient{613ce1dd-77b1-4b52-a0bf-d277cef86e4f} - Sending OpenSessionRequest{node=4, serviceName=raft-test, serviceType=raft-test, readConsistency=LINEARIZABLE, minTimeout=250, maxTimeout=5000} to 3
02:47:38.694 [raft-server-3] TRACE i.a.p.raft.roles.FollowerRole - RaftServer{3}{role=FOLLOWER} - Received OpenSessionRequest{node=4, serviceName=raft-test, serviceType=raft-test, readConsistency=LINEARIZABLE, minTimeout=250, maxTimeout=5000}
02:47:38.694 [raft-server-1] TRACE i.a.protocols.raft.roles.LeaderRole - RaftServer{1}{role=LEADER} - Received OpenSessionRequest{node=4, serviceName=raft-test, serviceType=raft-test, readConsistency=LINEARIZABLE, minTimeout=250, maxTimeout=5000}
02:47:38.694 [raft-server-1] TRACE i.a.protocols.raft.roles.LeaderRole - RaftServer{1}{role=LEADER} - Appended Indexed{index=2, entry=OpenSessionEntry{term=1, timestamp=2018-06-09 02:47:38,694, node=4, serviceName=raft-test, serviceType=raft-test, serviceConfig=byte[]{length=2, hash=2636}, readConsistency=LINEARIZABLE, minTimeout=250, maxTimeout=5000}}
02:47:38.694 [raft-server-1] TRACE i.a.p.raft.roles.LeaderAppender - RaftServer{1} - Sending AppendRequest{term=1, leader=1, prevLogIndex=1, prevLogTerm=1, entries=1, commitIndex=1} to 3
02:47:38.694 [raft-server-3] TRACE i.a.p.raft.roles.FollowerRole - RaftServer{3}{role=FOLLOWER} - Received AppendRequest{term=1, leader=1, prevLogIndex=1, prevLogTerm=1, entries=1, commitIndex=1}
02:47:38.694 [raft-server-1] TRACE i.a.p.raft.roles.LeaderAppender - RaftServer{1} - Sending AppendRequest{term=1, leader=1, prevLogIndex=1, prevLogTerm=1, entries=1, commitIndex=1} to 2
02:47:38.694 [raft-server-3] TRACE i.a.p.raft.roles.FollowerRole - RaftServer{3}{role=FOLLOWER} - Appended Indexed{index=2, entry=OpenSessionEntry{term=1, timestamp=2018-06-09 02:47:38,694, node=4, serviceName=raft-test, serviceType=raft-test, serviceConfig=byte[]{length=2, hash=2636}, readConsistency=LINEARIZABLE, minTimeout=250, maxTimeout=5000}}
02:47:38.694 [raft-server-3] TRACE i.a.p.raft.roles.FollowerRole - RaftServer{3}{role=FOLLOWER} - Sending AppendResponse{status=OK, term=1, succeeded=true, lastLogIndex=2}
02:47:38.695 [raft-server-1] TRACE i.a.p.raft.roles.LeaderAppender - RaftServer{1} - Received AppendResponse{status=OK, term=1, succeeded=true, lastLogIndex=2} from 3
02:47:38.695 [raft-server-1] TRACE i.a.p.raft.roles.LeaderAppender - RaftServer{1} - Committed entries up to 2
02:47:38.695 [raft-server-2] TRACE i.a.p.raft.roles.FollowerRole - RaftServer{2}{role=FOLLOWER} - Received AppendRequest{term=1, leader=1, prevLogIndex=1, prevLogTerm=1, entries=1, commitIndex=1}
02:47:38.695 [raft-server-2] TRACE i.a.p.raft.roles.FollowerRole - RaftServer{2}{role=FOLLOWER} - Appended Indexed{index=2, entry=OpenSessionEntry{term=1, timestamp=2018-06-09 02:47:38,694, node=4, serviceName=raft-test, serviceType=raft-test, serviceConfig=byte[]{length=2, hash=2636}, readConsistency=LINEARIZABLE, minTimeout=250, maxTimeout=5000}}
02:47:38.695 [raft-server-2] TRACE i.a.p.raft.roles.FollowerRole - RaftServer{2}{role=FOLLOWER} - Sending AppendResponse{status=OK, term=1, succeeded=true, lastLogIndex=2}
02:47:38.721 [raft-server-1] TRACE i.a.p.raft.roles.LeaderAppender - RaftServer{1} - Received AppendResponse{status=OK, term=1, succeeded=true, lastLogIndex=2} from 2
02:47:38.721 [raft-server-1-state] TRACE i.a.p.raft.impl.RaftServiceManager - RaftServer{1} - Applying Indexed{index=2, entry=OpenSessionEntry{term=1, timestamp=2018-06-09 02:47:38,694, node=4, serviceName=raft-test, serviceType=raft-test, serviceConfig=byte[]{length=2, hash=2636}, readConsistency=LINEARIZABLE, minTimeout=250, maxTimeout=5000}}
02:47:38.722 [raft-server-1-state] TRACE i.a.utils.serializer.KryoNamespace - Creating Kryo instance for KryoNamespace{registeredBlocks=[RegistrationBlock{begin=16, types=[([Ljava.lang.Class;@6b321262,null), ([Ljava.lang.Class;@68b11545,null), ([Ljava.lang.Class;@7d0100ea,null), ([Ljava.lang.Class;@357bc488,null), ([Ljava.lang.Class;@4ea17147,io.atomix.utils.serializer.serializers.ImmutableListSerializer@2eda4eeb), ([Ljava.lang.Class;@5ba90d8a,io.atomix.utils.serializer.serializers.ImmutableSetSerializer@309dcdf3), ([Ljava.lang.Class;@7573b9ee,io.atomix.utils.serializer.serializers.ImmutableMapSerializer@9a20cbd), ([Ljava.lang.Class;@1af4955e,null), ([Ljava.lang.Class;@445821a6,null), ([Ljava.lang.Class;@2c0c4c0a,null), ([Ljava.lang.Class;@35d26ad2,null), ([Ljava.lang.Class;@bb25753,null), ([Ljava.lang.Class;@ee21292,null), ([Ljava.lang.Class;@40c06358,null), ([Ljava.lang.Class;@66e21568,null), ([Ljava.lang.Class;@7f73ce28,null), ([Ljava.lang.Class;@611b35d6,null), ([Ljava.lang.Class;@2282400e,null), ([Ljava.lang.Class;@543d5863,null), ([Ljava.lang.Class;@35dece42,null), ([Ljava.lang.Class;@dd3f8aa,io.atomix.utils.serializer.serializers.ArraysAsListSerializer@3d615b2e), ([Ljava.lang.Class;@3a1f2a1,null), ([Ljava.lang.Class;@40ce9049,null), ([Ljava.lang.Class;@52ca2652,null), ([Ljava.lang.Class;@65c5bf0e,null), ([Ljava.lang.Class;@697d6ded,null), ([Ljava.lang.Class;@5d05f453,null), ([Ljava.lang.Class;@5efeb117,null), ([Ljava.lang.Class;@160b4809,null), ([Ljava.lang.Class;@149b4d20,null), ([Ljava.lang.Class;@664e848c,null), ([Ljava.lang.Class;@4d93f75b,null), ([Ljava.lang.Class;@114a5e0,null), ([Ljava.lang.Class;@4f281aaf,null), ([Ljava.lang.Class;@5d508d22,null), ([Ljava.lang.Class;@f2b90fc,null)]}, RegistrationBlock{begin=52, types=[([Ljava.lang.Class;@7a7ed1d4,null)]}]}
02:47:38.722 [raft-server-1-state] TRACE i.a.utils.serializer.KryoNamespace - class [B registered as 16
02:47:38.722 [raft-server-1-state] TRACE i.a.utils.serializer.KryoNamespace - class java.util.concurrent.atomic.AtomicBoolean registered as 17
02:47:38.722 [raft-server-1-state] TRACE i.a.utils.serializer.KryoNamespace - class java.util.concurrent.atomic.AtomicInteger registered as 18
02:47:38.722 [raft-server-1-state] TRACE i.a.utils.serializer.KryoNamespace - class java.util.concurrent.atomic.AtomicLong registered as 19
02:47:38.722 [raft-server-1-state] TRACE i.a.utils.serializer.KryoNamespace - class com.google.common.collect.ImmutableList registered as 20
02:47:38.722 [raft-server-1-state] TRACE i.a.utils.serializer.KryoNamespace - class com.google.common.collect.RegularImmutableList registered as 20
02:47:38.722 [raft-server-1-state] TRACE i.a.utils.serializer.KryoNamespace - class com.google.common.collect.RegularImmutableList registered as 20
02:47:38.722 [raft-server-1-state] TRACE i.a.utils.serializer.KryoNamespace - class com.google.common.collect.ImmutableList$SubList registered as 20
02:47:38.722 [raft-server-1-state] TRACE i.a.utils.serializer.KryoNamespace - class com.google.common.collect.ImmutableSet registered as 21
02:47:38.722 [raft-server-1-state] TRACE i.a.utils.serializer.KryoNamespace - class com.google.common.collect.RegularImmutableSet registered as 21
02:47:38.722 [raft-server-1-state] TRACE i.a.utils.serializer.KryoNamespace - class com.google.common.collect.SingletonImmutableSet registered as 21
02:47:38.722 [raft-server-1-state] TRACE i.a.utils.serializer.KryoNamespace - class com.google.common.collect.RegularImmutableSet registered as 21
02:47:38.722 [raft-server-1-state] TRACE i.a.utils.serializer.KryoNamespace - class com.google.common.collect.ImmutableMap registered as 22
02:47:38.722 [raft-server-1-state] TRACE i.a.utils.serializer.KryoNamespace - class com.google.common.collect.RegularImmutableMap registered as 22
02:47:38.722 [raft-server-1-state] TRACE i.a.utils.serializer.KryoNamespace - class com.google.common.collect.RegularImmutableMap registered as 22
02:47:38.722 [raft-server-1-state] TRACE i.a.utils.serializer.KryoNamespace - class com.google.common.collect.RegularImmutableMap registered as 22
02:47:38.722 [raft-server-1-state] TRACE i.a.utils.serializer.KryoNamespace - class java.util.Collections$UnmodifiableSet registered as 23
02:47:38.722 [raft-server-1-state] TRACE i.a.utils.serializer.KryoNamespace - class java.util.HashMap registered as 24
02:47:38.722 [raft-server-1-state] TRACE i.a.utils.serializer.KryoNamespace - class java.util.concurrent.ConcurrentHashMap registered as 25
02:47:38.722 [raft-server-1-state] TRACE i.a.utils.serializer.KryoNamespace - class java.util.concurrent.CopyOnWriteArraySet registered as 26
02:47:38.722 [raft-server-1-state] TRACE i.a.utils.serializer.KryoNamespace - class java.util.ArrayList registered as 27
02:47:38.722 [raft-server-1-state] TRACE i.a.utils.serializer.KryoNamespace - class java.util.LinkedList registered as 28
02:47:38.722 [raft-server-1-state] TRACE i.a.utils.serializer.KryoNamespace - class java.util.HashSet registered as 29
02:47:38.723 [raft-server-1-state] TRACE i.a.utils.serializer.KryoNamespace - class java.util.LinkedHashSet registered as 30
02:47:38.723 [raft-server-1-state] TRACE i.a.utils.serializer.KryoNamespace - class com.sun.jmx.remote.internal.ArrayQueue registered as 31
02:47:38.723 [raft-server-1-state] TRACE i.a.utils.serializer.KryoNamespace - class java.util.ArrayDeque registered as 32
02:47:38.723 [raft-server-1-state] TRACE i.a.utils.serializer.KryoNamespace - class com.google.common.collect.HashMultiset registered as 33
02:47:38.723 [raft-server-1-state] TRACE i.a.utils.serializer.KryoNamespace - class com.google.common.collect.Sets registered as 34
02:47:38.723 [raft-server-1-state] TRACE i.a.utils.serializer.KryoNamespace - class com.google.common.collect.ImmutableEntry registered as 35
02:47:38.723 [raft-server-1-state] TRACE i.a.utils.serializer.KryoNamespace - class java.util.Arrays$ArrayList registered as 36
02:47:38.723 [raft-server-1-state] TRACE i.a.utils.serializer.KryoNamespace - class java.util.Collections$SingletonList registered as 37
02:47:38.723 [raft-server-1-state] TRACE i.a.utils.serializer.KryoNamespace - class java.time.Duration registered as 38
02:47:38.723 [raft-server-1-state] TRACE i.a.utils.serializer.KryoNamespace - class java.util.Collections$EmptySet registered as 39
02:47:38.723 [raft-server-1-state] TRACE i.a.utils.serializer.KryoNamespace - class java.util.Optional registered as 40
02:47:38.723 [raft-server-1-state] TRACE i.a.utils.serializer.KryoNamespace - class java.util.Collections$EmptyList registered as 41
02:47:38.723 [raft-server-1-state] TRACE i.a.utils.serializer.KryoNamespace - class java.util.Collections$SingletonSet registered as 42
02:47:38.723 [raft-server-1-state] TRACE i.a.utils.serializer.KryoNamespace - class [I registered as 43
02:47:38.723 [raft-server-1-state] TRACE i.a.utils.serializer.KryoNamespace - class [J registered as 44
02:47:38.723 [raft-server-1-state] TRACE i.a.utils.serializer.KryoNamespace - class [S registered as 45
02:47:38.723 [raft-server-1-state] TRACE i.a.utils.serializer.KryoNamespace - class [D registered as 46
02:47:38.723 [raft-server-1-state] TRACE i.a.utils.serializer.KryoNamespace - class [F registered as 47
02:47:38.723 [raft-server-1-state] TRACE i.a.utils.serializer.KryoNamespace - class [C registered as 48
02:47:38.723 [raft-server-1-state] TRACE i.a.utils.serializer.KryoNamespace - class [Ljava.lang.String; registered as 49
02:47:38.723 [raft-server-1-state] TRACE i.a.utils.serializer.KryoNamespace - class [Z registered as 50
02:47:38.723 [raft-server-1-state] TRACE i.a.utils.serializer.KryoNamespace - class [Ljava.lang.Object; registered as 51
02:47:38.723 [raft-server-1-state] TRACE i.a.utils.serializer.KryoNamespace - class io.atomix.primitive.service.ServiceConfig registered as 52
02:47:38.723 [raft-server-1-state] TRACE i.a.utils.serializer.KryoNamespace - Creating Kryo instance for KryoNamespace{registeredBlocks=[RegistrationBlock{begin=16, types=[([Ljava.lang.Class;@6b321262,null), ([Ljava.lang.Class;@68b11545,null), ([Ljava.lang.Class;@7d0100ea,null), ([Ljava.lang.Class;@357bc488,null), ([Ljava.lang.Class;@4ea17147,io.atomix.utils.serializer.serializers.ImmutableListSerializer@2eda4eeb), ([Ljava.lang.Class;@5ba90d8a,io.atomix.utils.serializer.serializers.ImmutableSetSerializer@309dcdf3), ([Ljava.lang.Class;@7573b9ee,io.atomix.utils.serializer.serializers.ImmutableMapSerializer@9a20cbd), ([Ljava.lang.Class;@1af4955e,null), ([Ljava.lang.Class;@445821a6,null), ([Ljava.lang.Class;@2c0c4c0a,null), ([Ljava.lang.Class;@35d26ad2,null), ([Ljava.lang.Class;@bb25753,null), ([Ljava.lang.Class;@ee21292,null), ([Ljava.lang.Class;@40c06358,null), ([Ljava.lang.Class;@66e21568,null), ([Ljava.lang.Class;@7f73ce28,null), ([Ljava.lang.Class;@611b35d6,null), ([Ljava.lang.Class;@2282400e,null), ([Ljava.lang.Class;@543d5863,null), ([Ljava.lang.Class;@35dece42,null), ([Ljava.lang.Class;@dd3f8aa,io.atomix.utils.serializer.serializers.ArraysAsListSerializer@3d615b2e), ([Ljava.lang.Class;@3a1f2a1,null), ([Ljava.lang.Class;@40ce9049,null), ([Ljava.lang.Class;@52ca2652,null), ([Ljava.lang.Class;@65c5bf0e,null), ([Ljava.lang.Class;@697d6ded,null), ([Ljava.lang.Class;@5d05f453,null), ([Ljava.lang.Class;@5efeb117,null), ([Ljava.lang.Class;@160b4809,null), ([Ljava.lang.Class;@149b4d20,null), ([Ljava.lang.Class;@664e848c,null), ([Ljava.lang.Class;@4d93f75b,null), ([Ljava.lang.Class;@114a5e0,null), ([Ljava.lang.Class;@4f281aaf,null), ([Ljava.lang.Class;@5d508d22,null), ([Ljava.lang.Class;@f2b90fc,null)]}, RegistrationBlock{begin=52, types=[([Ljava.lang.Class;@74b930eb,null)]}]}
02:47:38.724 [raft-server-1-state] TRACE i.a.utils.serializer.KryoNamespace - class [B registered as 16
02:47:38.724 [raft-server-1-state] TRACE i.a.utils.serializer.KryoNamespace - class java.util.concurrent.atomic.AtomicBoolean registered as 17
02:47:38.724 [raft-server-1-state] TRACE i.a.utils.serializer.KryoNamespace - class java.util.concurrent.atomic.AtomicInteger registered as 18
02:47:38.724 [raft-server-1-state] TRACE i.a.utils.serializer.KryoNamespace - class java.util.concurrent.atomic.AtomicLong registered as 19
02:47:38.724 [raft-server-1-state] TRACE i.a.utils.serializer.KryoNamespace - class com.google.common.collect.ImmutableList registered as 20
02:47:38.724 [raft-server-1-state] TRACE i.a.utils.serializer.KryoNamespace - class com.google.common.collect.RegularImmutableList registered as 20
02:47:38.724 [raft-server-1-state] TRACE i.a.utils.serializer.KryoNamespace - class com.google.common.collect.RegularImmutableList registered as 20
02:47:38.724 [raft-server-1-state] TRACE i.a.utils.serializer.KryoNamespace - class com.google.common.collect.ImmutableList$SubList registered as 20
02:47:38.724 [raft-server-1-state] TRACE i.a.utils.serializer.KryoNamespace - class com.google.common.collect.ImmutableSet registered as 21
02:47:38.724 [raft-server-1-state] TRACE i.a.utils.serializer.KryoNamespace - class com.google.common.collect.RegularImmutableSet registered as 21
02:47:38.724 [raft-server-1-state] TRACE i.a.utils.serializer.KryoNamespace - class com.google.common.collect.SingletonImmutableSet registered as 21
02:47:38.724 [raft-server-1-state] TRACE i.a.utils.serializer.KryoNamespace - class com.google.common.collect.RegularImmutableSet registered as 21
02:47:38.724 [raft-server-1-state] TRACE i.a.utils.serializer.KryoNamespace - class com.google.common.collect.ImmutableMap registered as 22
02:47:38.724 [raft-server-1-state] TRACE i.a.utils.serializer.KryoNamespace - class com.google.common.collect.RegularImmutableMap registered as 22
02:47:38.724 [raft-server-1-state] TRACE i.a.utils.serializer.KryoNamespace - class com.google.common.collect.RegularImmutableMap registered as 22
02:47:38.724 [raft-server-1-state] TRACE i.a.utils.serializer.KryoNamespace - class com.google.common.collect.RegularImmutableMap registered as 22
02:47:38.724 [raft-server-1-state] TRACE i.a.utils.serializer.KryoNamespace - class java.util.Collections$UnmodifiableSet registered as 23
02:47:38.724 [raft-server-1-state] TRACE i.a.utils.serializer.KryoNamespace - class java.util.HashMap registered as 24
02:47:38.724 [raft-server-1-state] TRACE i.a.utils.serializer.KryoNamespace - class java.util.concurrent.ConcurrentHashMap registered as 25
02:47:38.724 [raft-server-1-state] TRACE i.a.utils.serializer.KryoNamespace - class java.util.concurrent.CopyOnWriteArraySet registered as 26
02:47:38.724 [raft-server-1-state] TRACE i.a.utils.serializer.KryoNamespace - class java.util.ArrayList registered as 27
02:47:38.724 [raft-server-1-state] TRACE i.a.utils.serializer.KryoNamespace - class java.util.LinkedList registered as 28
02:47:38.724 [raft-server-1-state] TRACE i.a.utils.serializer.KryoNamespace - class java.util.HashSet registered as 29
02:47:38.724 [raft-server-1-state] TRACE i.a.utils.serializer.KryoNamespace - class java.util.LinkedHashSet registered as 30
02:47:38.724 [raft-server-1-state] TRACE i.a.utils.serializer.KryoNamespace - class com.sun.jmx.remote.internal.ArrayQueue registered as 31
02:47:38.724 [raft-server-1-state] TRACE i.a.utils.serializer.KryoNamespace - class java.util.ArrayDeque registered as 32
02:47:38.724 [raft-server-1-state] TRACE i.a.utils.serializer.KryoNamespace - class com.google.common.collect.HashMultiset registered as 33
02:47:38.724 [raft-server-1-state] TRACE i.a.utils.serializer.KryoNamespace - class com.google.common.collect.Sets registered as 34
02:47:38.724 [raft-server-1-state] TRACE i.a.utils.serializer.KryoNamespace - class com.google.common.collect.ImmutableEntry registered as 35
02:47:38.724 [raft-server-1-state] TRACE i.a.utils.serializer.KryoNamespace - class java.util.Arrays$ArrayList registered as 36
02:47:38.724 [raft-server-1-state] TRACE i.a.utils.serializer.KryoNamespace - class java.util.Collections$SingletonList registered as 37
02:47:38.724 [raft-server-1-state] TRACE i.a.utils.serializer.KryoNamespace - class java.time.Duration registered as 38
02:47:38.724 [raft-server-1-state] TRACE i.a.utils.serializer.KryoNamespace - class java.util.Collections$EmptySet registered as 39
02:47:38.724 [raft-server-1-state] TRACE i.a.utils.serializer.KryoNamespace - class java.util.Optional registered as 40
02:47:38.725 [raft-server-1-state] TRACE i.a.utils.serializer.KryoNamespace - class java.util.Collections$EmptyList registered as 41
02:47:38.725 [raft-server-1-state] TRACE i.a.utils.serializer.KryoNamespace - class java.util.Collections$SingletonSet registered as 42
02:47:38.725 [raft-server-1-state] TRACE i.a.utils.serializer.KryoNamespace - class [I registered as 43
02:47:38.725 [raft-server-1-state] TRACE i.a.utils.serializer.KryoNamespace - class [J registered as 44
02:47:38.725 [raft-server-1-state] TRACE i.a.utils.serializer.KryoNamespace - class [S registered as 45
02:47:38.725 [raft-server-1-state] TRACE i.a.utils.serializer.KryoNamespace - class [D registered as 46
02:47:38.725 [raft-server-1-state] TRACE i.a.utils.serializer.KryoNamespace - class [F registered as 47
02:47:38.725 [raft-server-1-state] TRACE i.a.utils.serializer.KryoNamespace - class [C registered as 48
02:47:38.725 [raft-server-1-state] TRACE i.a.utils.serializer.KryoNamespace - class [Ljava.lang.String; registered as 49
02:47:38.725 [raft-server-1-state] TRACE i.a.utils.serializer.KryoNamespace - class [Z registered as 50
02:47:38.725 [raft-server-1-state] TRACE i.a.utils.serializer.KryoNamespace - class [Ljava.lang.Object; registered as 51
02:47:38.725 [raft-server-1-state] TRACE i.a.utils.serializer.KryoNamespace - class io.atomix.primitive.service.ServiceConfig registered as 52
02:47:38.725 [raft-server-1-state] TRACE i.a.utils.serializer.KryoNamespace - Creating Kryo instance for KryoNamespace{registeredBlocks=[RegistrationBlock{begin=16, types=[([Ljava.lang.Class;@6b321262,null), ([Ljava.lang.Class;@68b11545,null), ([Ljava.lang.Class;@7d0100ea,null), ([Ljava.lang.Class;@357bc488,null), ([Ljava.lang.Class;@4ea17147,io.atomix.utils.serializer.serializers.ImmutableListSerializer@2eda4eeb), ([Ljava.lang.Class;@5ba90d8a,io.atomix.utils.serializer.serializers.ImmutableSetSerializer@309dcdf3), ([Ljava.lang.Class;@7573b9ee,io.atomix.utils.serializer.serializers.ImmutableMapSerializer@9a20cbd), ([Ljava.lang.Class;@1af4955e,null), ([Ljava.lang.Class;@445821a6,null), ([Ljava.lang.Class;@2c0c4c0a,null), ([Ljava.lang.Class;@35d26ad2,null), ([Ljava.lang.Class;@bb25753,null), ([Ljava.lang.Class;@ee21292,null), ([Ljava.lang.Class;@40c06358,null), ([Ljava.lang.Class;@66e21568,null), ([Ljava.lang.Class;@7f73ce28,null), ([Ljava.lang.Class;@611b35d6,null), ([Ljava.lang.Class;@2282400e,null), ([Ljava.lang.Class;@543d5863,null), ([Ljava.lang.Class;@35dece42,null), ([Ljava.lang.Class;@dd3f8aa,io.atomix.utils.serializer.serializers.ArraysAsListSerializer@3d615b2e), ([Ljava.lang.Class;@3a1f2a1,null), ([Ljava.lang.Class;@40ce9049,null), ([Ljava.lang.Class;@52ca2652,null), ([Ljava.lang.Class;@65c5bf0e,null), ([Ljava.lang.Class;@697d6ded,null), ([Ljava.lang.Class;@5d05f453,null), ([Ljava.lang.Class;@5efeb117,null), ([Ljava.lang.Class;@160b4809,null), ([Ljava.lang.Class;@149b4d20,null), ([Ljava.lang.Class;@664e848c,null), ([Ljava.lang.Class;@4d93f75b,null), ([Ljava.lang.Class;@114a5e0,null), ([Ljava.lang.Class;@4f281aaf,null), ([Ljava.lang.Class;@5d508d22,null), ([Ljava.lang.Class;@f2b90fc,null)]}, RegistrationBlock{begin=52, types=[([Ljava.lang.Class;@7086baa4,null)]}]}
02:47:38.725 [raft-server-1-state] TRACE i.a.utils.serializer.KryoNamespace - class [B registered as 16
02:47:38.725 [raft-server-1-state] TRACE i.a.utils.serializer.KryoNamespace - class java.util.concurrent.atomic.AtomicBoolean registered as 17
02:47:38.725 [raft-server-1-state] TRACE i.a.utils.serializer.KryoNamespace - class java.util.concurrent.atomic.AtomicInteger registered as 18
02:47:38.725 [raft-server-1-state] TRACE i.a.utils.serializer.KryoNamespace - class java.util.concurrent.atomic.AtomicLong registered as 19
02:47:38.725 [raft-server-1-state] TRACE i.a.utils.serializer.KryoNamespace - class com.google.common.collect.ImmutableList registered as 20
02:47:38.725 [raft-server-1-state] TRACE i.a.utils.serializer.KryoNamespace - class com.google.common.collect.RegularImmutableList registered as 20
02:47:38.725 [raft-server-1-state] TRACE i.a.utils.serializer.KryoNamespace - class com.google.common.collect.RegularImmutableList registered as 20
02:47:38.725 [raft-server-1-state] TRACE i.a.utils.serializer.KryoNamespace - class com.google.common.collect.ImmutableList$SubList registered as 20
02:47:38.725 [raft-server-1-state] TRACE i.a.utils.serializer.KryoNamespace - class com.google.common.collect.ImmutableSet registered as 21
02:47:38.725 [raft-server-1-state] TRACE i.a.utils.serializer.KryoNamespace - class com.google.common.collect.RegularImmutableSet registered as 21
02:47:38.725 [raft-server-1-state] TRACE i.a.utils.serializer.KryoNamespace - class com.google.common.collect.SingletonImmutableSet registered as 21
02:47:38.725 [raft-server-1-state] TRACE i.a.utils.serializer.KryoNamespace - class com.google.common.collect.RegularImmutableSet registered as 21
02:47:38.725 [raft-server-1-state] TRACE i.a.utils.serializer.KryoNamespace - class com.google.common.collect.ImmutableMap registered as 22
02:47:38.725 [raft-server-1-state] TRACE i.a.utils.serializer.KryoNamespace - class com.google.common.collect.RegularImmutableMap registered as 22
02:47:38.725 [raft-server-1-state] TRACE i.a.utils.serializer.KryoNamespace - class com.google.common.collect.RegularImmutableMap registered as 22
02:47:38.725 [raft-server-1-state] TRACE i.a.utils.serializer.KryoNamespace - class com.google.common.collect.RegularImmutableMap registered as 22
02:47:38.725 [raft-server-1-state] TRACE i.a.utils.serializer.KryoNamespace - class java.util.Collections$UnmodifiableSet registered as 23
02:47:38.726 [raft-server-1-state] TRACE i.a.utils.serializer.KryoNamespace - class java.util.HashMap registered as 24
02:47:38.726 [raft-server-1-state] TRACE i.a.utils.serializer.KryoNamespace - class java.util.concurrent.ConcurrentHashMap registered as 25
02:47:38.726 [raft-server-1-state] TRACE i.a.utils.serializer.KryoNamespace - class java.util.concurrent.CopyOnWriteArraySet registered as 26
02:47:38.726 [raft-server-1-state] TRACE i.a.utils.serializer.KryoNamespace - class java.util.ArrayList registered as 27
02:47:38.726 [raft-server-1-state] TRACE i.a.utils.serializer.KryoNamespace - class java.util.LinkedList registered as 28
02:47:38.726 [raft-server-1-state] TRACE i.a.utils.serializer.KryoNamespace - class java.util.HashSet registered as 29
02:47:38.726 [raft-server-1-state] TRACE i.a.utils.serializer.KryoNamespace - class java.util.LinkedHashSet registered as 30
02:47:38.726 [raft-server-1-state] TRACE i.a.utils.serializer.KryoNamespace - class com.sun.jmx.remote.internal.ArrayQueue registered as 31
02:47:38.726 [raft-server-1-state] TRACE i.a.utils.serializer.KryoNamespace - class java.util.ArrayDeque registered as 32
02:47:38.726 [raft-server-1-state] TRACE i.a.utils.serializer.KryoNamespace - class com.google.common.collect.HashMultiset registered as 33
02:47:38.726 [raft-server-1-state] TRACE i.a.utils.serializer.KryoNamespace - class com.google.common.collect.Sets registered as 34
02:47:38.726 [raft-server-1-state] TRACE i.a.utils.serializer.KryoNamespace - class com.google.common.collect.ImmutableEntry registered as 35
02:47:38.726 [raft-server-1-state] TRACE i.a.utils.serializer.KryoNamespace - class java.util.Arrays$ArrayList registered as 36
02:47:38.726 [raft-server-1-state] TRACE i.a.utils.serializer.KryoNamespace - class java.util.Collections$SingletonList registered as 37
02:47:38.726 [raft-server-1-state] TRACE i.a.utils.serializer.KryoNamespace - class java.time.Duration registered as 38
02:47:38.726 [raft-server-1-state] TRACE i.a.utils.serializer.KryoNamespace - class java.util.Collections$EmptySet registered as 39
02:47:38.726 [raft-server-1-state] TRACE i.a.utils.serializer.KryoNamespace - class java.util.Optional registered as 40
02:47:38.726 [raft-server-1-state] TRACE i.a.utils.serializer.KryoNamespace - class java.util.Collections$EmptyList registered as 41
02:47:38.726 [raft-server-1-state] TRACE i.a.utils.serializer.KryoNamespace - class java.util.Collections$SingletonSet registered as 42
02:47:38.726 [raft-server-1-state] TRACE i.a.utils.serializer.KryoNamespace - class [I registered as 43
02:47:38.726 [raft-server-1-state] TRACE i.a.utils.serializer.KryoNamespace - class [J registered as 44
02:47:38.726 [raft-server-1-state] TRACE i.a.utils.serializer.KryoNamespace - class [S registered as 45
02:47:38.726 [raft-server-1-state] TRACE i.a.utils.serializer.KryoNamespace - class [D registered as 46
02:47:38.726 [raft-server-1-state] TRACE i.a.utils.serializer.KryoNamespace - class [F registered as 47
02:47:38.726 [raft-server-1-state] TRACE i.a.utils.serializer.KryoNamespace - class [C registered as 48
02:47:38.726 [raft-server-1-state] TRACE i.a.utils.serializer.KryoNamespace - class [Ljava.lang.String; registered as 49
02:47:38.727 [raft-server-1-state] TRACE i.a.utils.serializer.KryoNamespace - class [Z registered as 50
02:47:38.727 [raft-server-1-state] TRACE i.a.utils.serializer.KryoNamespace - class [Ljava.lang.Object; registered as 51
02:47:38.727 [raft-server-1-state] TRACE i.a.utils.serializer.KryoNamespace - class io.atomix.primitive.service.ServiceConfig registered as 52
02:47:38.727 [raft-server-1-state] DEBUG i.a.p.s.impl.DefaultServiceExecutor - PrimitiveService{2}{type=io.atomix.protocols.raft.RaftTest$TestPrimitiveType@35843ad0, name=raft-test} - Registered operation callback DefaultOperationId{id=sendEvent, type=COMMAND}
02:47:38.727 [raft-server-1-state] DEBUG i.a.p.s.impl.DefaultServiceExecutor - PrimitiveService{2}{type=io.atomix.protocols.raft.RaftTest$TestPrimitiveType@35843ad0, name=raft-test} - Registered operation callback DefaultOperationId{id=onClose, type=COMMAND}
02:47:38.727 [raft-server-1-state] DEBUG i.a.p.s.impl.DefaultServiceExecutor - PrimitiveService{2}{type=io.atomix.protocols.raft.RaftTest$TestPrimitiveType@35843ad0, name=raft-test} - Registered operation callback DefaultOperationId{id=read, type=QUERY}
02:47:38.727 [raft-server-1-state] DEBUG i.a.p.s.impl.DefaultServiceExecutor - PrimitiveService{2}{type=io.atomix.protocols.raft.RaftTest$TestPrimitiveType@35843ad0, name=raft-test} - Registered operation callback DefaultOperationId{id=onExpire, type=COMMAND}
02:47:38.727 [raft-server-1-state] DEBUG i.a.p.s.impl.DefaultServiceExecutor - PrimitiveService{2}{type=io.atomix.protocols.raft.RaftTest$TestPrimitiveType@35843ad0, name=raft-test} - Registered operation callback DefaultOperationId{id=write, type=COMMAND}
02:47:38.727 [raft-server-1-state] TRACE i.a.utils.serializer.KryoNamespace - Creating Kryo instance for KryoNamespace{registeredBlocks=[RegistrationBlock{begin=16, types=[([Ljava.lang.Class;@6b321262,null), ([Ljava.lang.Class;@68b11545,null), ([Ljava.lang.Class;@7d0100ea,null), ([Ljava.lang.Class;@357bc488,null), ([Ljava.lang.Class;@4ea17147,io.atomix.utils.serializer.serializers.ImmutableListSerializer@2eda4eeb), ([Ljava.lang.Class;@5ba90d8a,io.atomix.utils.serializer.serializers.ImmutableSetSerializer@309dcdf3), ([Ljava.lang.Class;@7573b9ee,io.atomix.utils.serializer.serializers.ImmutableMapSerializer@9a20cbd), ([Ljava.lang.Class;@1af4955e,null), ([Ljava.lang.Class;@445821a6,null), ([Ljava.lang.Class;@2c0c4c0a,null), ([Ljava.lang.Class;@35d26ad2,null), ([Ljava.lang.Class;@bb25753,null), ([Ljava.lang.Class;@ee21292,null), ([Ljava.lang.Class;@40c06358,null), ([Ljava.lang.Class;@66e21568,null), ([Ljava.lang.Class;@7f73ce28,null), ([Ljava.lang.Class;@611b35d6,null), ([Ljava.lang.Class;@2282400e,null), ([Ljava.lang.Class;@543d5863,null), ([Ljava.lang.Class;@35dece42,null), ([Ljava.lang.Class;@dd3f8aa,io.atomix.utils.serializer.serializers.ArraysAsListSerializer@3d615b2e), ([Ljava.lang.Class;@3a1f2a1,null), ([Ljava.lang.Class;@40ce9049,null), ([Ljava.lang.Class;@52ca2652,null), ([Ljava.lang.Class;@65c5bf0e,null), ([Ljava.lang.Class;@697d6ded,null), ([Ljava.lang.Class;@5d05f453,null), ([Ljava.lang.Class;@5efeb117,null), ([Ljava.lang.Class;@160b4809,null), ([Ljava.lang.Class;@149b4d20,null), ([Ljava.lang.Class;@664e848c,null), ([Ljava.lang.Class;@4d93f75b,null), ([Ljava.lang.Class;@114a5e0,null), ([Ljava.lang.Class;@4f281aaf,null), ([Ljava.lang.Class;@5d508d22,null), ([Ljava.lang.Class;@f2b90fc,null)]}, RegistrationBlock{begin=52, types=[([Ljava.lang.Class;@3978bdc5,null)]}]}
02:47:38.727 [raft-server-1-state] TRACE i.a.utils.serializer.KryoNamespace - class [B registered as 16
02:47:38.727 [raft-server-1-state] TRACE i.a.utils.serializer.KryoNamespace - class java.util.concurrent.atomic.AtomicBoolean registered as 17
02:47:38.727 [raft-server-1-state] TRACE i.a.utils.serializer.KryoNamespace - class java.util.concurrent.atomic.AtomicInteger registered as 18
02:47:38.727 [raft-server-1-state] TRACE i.a.utils.serializer.KryoNamespace - class java.util.concurrent.atomic.AtomicLong registered as 19
02:47:38.727 [raft-server-1-state] TRACE i.a.utils.serializer.KryoNamespace - class com.google.common.collect.ImmutableList registered as 20
02:47:38.727 [raft-server-1-state] TRACE i.a.utils.serializer.KryoNamespace - class com.google.common.collect.RegularImmutableList registered as 20
02:47:38.727 [raft-server-1-state] TRACE i.a.utils.serializer.KryoNamespace - class com.google.common.collect.RegularImmutableList registered as 20
02:47:38.727 [raft-server-1-state] TRACE i.a.utils.serializer.KryoNamespace - class com.google.common.collect.ImmutableList$SubList registered as 20
02:47:38.727 [raft-server-1-state] TRACE i.a.utils.serializer.KryoNamespace - class com.google.common.collect.ImmutableSet registered as 21
02:47:38.727 [raft-server-1-state] TRACE i.a.utils.serializer.KryoNamespace - class com.google.common.collect.RegularImmutableSet registered as 21
02:47:38.727 [raft-server-1-state] TRACE i.a.utils.serializer.KryoNamespace - class com.google.common.collect.SingletonImmutableSet registered as 21
02:47:38.727 [raft-server-1-state] TRACE i.a.utils.serializer.KryoNamespace - class com.google.common.collect.RegularImmutableSet registered as 21
02:47:38.727 [raft-server-1-state] TRACE i.a.utils.serializer.KryoNamespace - class com.google.common.collect.ImmutableMap registered as 22
02:47:38.727 [raft-server-1-state] TRACE i.a.utils.serializer.KryoNamespace - class com.google.common.collect.RegularImmutableMap registered as 22
02:47:38.727 [raft-server-1-state] TRACE i.a.utils.serializer.KryoNamespace - class com.google.common.collect.RegularImmutableMap registered as 22
02:47:38.727 [raft-server-1-state] TRACE i.a.utils.serializer.KryoNamespace - class com.google.common.collect.RegularImmutableMap registered as 22
02:47:38.728 [raft-server-1-state] TRACE i.a.utils.serializer.KryoNamespace - class java.util.Collections$UnmodifiableSet registered as 23
02:47:38.728 [raft-server-1-state] TRACE i.a.utils.serializer.KryoNamespace - class java.util.HashMap registered as 24
02:47:38.728 [raft-server-1-state] TRACE i.a.utils.serializer.KryoNamespace - class java.util.concurrent.ConcurrentHashMap registered as 25
02:47:38.728 [raft-server-1-state] TRACE i.a.utils.serializer.KryoNamespace - class java.util.concurrent.CopyOnWriteArraySet registered as 26
02:47:38.728 [raft-server-1-state] TRACE i.a.utils.serializer.KryoNamespace - class java.util.ArrayList registered as 27
02:47:38.728 [raft-server-1-state] TRACE i.a.utils.serializer.KryoNamespace - class java.util.LinkedList registered as 28
02:47:38.728 [raft-server-1-state] TRACE i.a.utils.serializer.KryoNamespace - class java.util.HashSet registered as 29
02:47:38.728 [raft-server-1-state] TRACE i.a.utils.serializer.KryoNamespace - class java.util.LinkedHashSet registered as 30
02:47:38.728 [raft-server-1-state] TRACE i.a.utils.serializer.KryoNamespace - class com.sun.jmx.remote.internal.ArrayQueue registered as 31
02:47:38.728 [raft-server-1-state] TRACE i.a.utils.serializer.KryoNamespace - class java.util.ArrayDeque registered as 32
02:47:38.728 [raft-server-1-state] TRACE i.a.utils.serializer.KryoNamespace - class com.google.common.collect.HashMultiset registered as 33
02:47:38.728 [raft-server-1-state] TRACE i.a.utils.serializer.KryoNamespace - class com.google.common.collect.Sets registered as 34
02:47:38.728 [raft-server-1-state] TRACE i.a.utils.serializer.KryoNamespace - class com.google.common.collect.ImmutableEntry registered as 35
02:47:38.728 [raft-server-1-state] TRACE i.a.utils.serializer.KryoNamespace - class java.util.Arrays$ArrayList registered as 36
02:47:38.728 [raft-server-1-state] TRACE i.a.utils.serializer.KryoNamespace - class java.util.Collections$SingletonList registered as 37
02:47:38.728 [raft-server-1-state] TRACE i.a.utils.serializer.KryoNamespace - class java.time.Duration registered as 38
02:47:38.728 [raft-server-1-state] TRACE i.a.utils.serializer.KryoNamespace - class java.util.Collections$EmptySet registered as 39
02:47:38.728 [raft-server-1-state] TRACE i.a.utils.serializer.KryoNamespace - class java.util.Optional registered as 40
02:47:38.728 [raft-server-1-state] TRACE i.a.utils.serializer.KryoNamespace - class java.util.Collections$EmptyList registered as 41
02:47:38.728 [raft-server-1-state] TRACE i.a.utils.serializer.KryoNamespace - class java.util.Collections$SingletonSet registered as 42
02:47:38.728 [raft-server-1-state] TRACE i.a.utils.serializer.KryoNamespace - class [I registered as 43
02:47:38.728 [raft-server-1-state] TRACE i.a.utils.serializer.KryoNamespace - class [J registered as 44
02:47:38.728 [raft-server-1-state] TRACE i.a.utils.serializer.KryoNamespace - class [S registered as 45
02:47:38.728 [raft-server-1-state] TRACE i.a.utils.serializer.KryoNamespace - class [D registered as 46
02:47:38.728 [raft-server-1-state] TRACE i.a.utils.serializer.KryoNamespace - class [F registered as 47
02:47:38.728 [raft-server-1-state] TRACE i.a.utils.serializer.KryoNamespace - class [C registered as 48
02:47:38.728 [raft-server-1-state] TRACE i.a.utils.serializer.KryoNamespace - class [Ljava.lang.String; registered as 49
02:47:38.728 [raft-server-1-state] TRACE i.a.utils.serializer.KryoNamespace - class [Z registered as 50
02:47:38.728 [raft-server-1-state] TRACE i.a.utils.serializer.KryoNamespace - class [Ljava.lang.Object; registered as 51
02:47:38.728 [raft-server-1-state] TRACE i.a.utils.serializer.KryoNamespace - class io.atomix.primitive.service.ServiceConfig registered as 52
02:47:38.728 [raft-server-1-state] DEBUG i.a.p.r.service.RaftServiceContext - PrimitiveService{2}{type=io.atomix.protocols.raft.RaftTest$TestPrimitiveType@35843ad0, name=raft-test} - Opening session 2
02:47:38.728 [raft-server-1-state] DEBUG i.a.p.raft.session.RaftSession - Session{2}{type=io.atomix.protocols.raft.RaftTest$TestPrimitiveType@35843ad0, name=raft-test} - State changed: OPEN
02:47:38.728 [raft-server-1-state] TRACE i.a.protocols.raft.roles.LeaderRole - RaftServer{1}{role=LEADER} - Sending OpenSessionResponse{status=OK, session=2, timeout=5000}
02:47:38.729 [raft-server-1] TRACE i.a.p.raft.roles.LeaderAppender - RaftServer{1} - Sending AppendRequest{term=1, leader=1, prevLogIndex=2, prevLogTerm=1, entries=0, commitIndex=2} to 3
02:47:38.729 [raft-server-3] TRACE i.a.p.raft.roles.FollowerRole - RaftServer{3}{role=FOLLOWER} - Sending OpenSessionResponse{status=OK, session=2, timeout=5000}
02:47:38.729 [raft-server-1] TRACE i.a.p.raft.roles.LeaderAppender - RaftServer{1} - Sending AppendRequest{term=1, leader=1, prevLogIndex=2, prevLogTerm=1, entries=0, commitIndex=2} to 2
02:47:38.729 [raft-server-2] TRACE i.a.p.raft.roles.FollowerRole - RaftServer{2}{role=FOLLOWER} - Received AppendRequest{term=1, leader=1, prevLogIndex=2, prevLogTerm=1, entries=0, commitIndex=2}
02:47:38.729 [raft-server-3] TRACE i.a.p.raft.roles.FollowerRole - RaftServer{3}{role=FOLLOWER} - Received AppendRequest{term=1, leader=1, prevLogIndex=2, prevLogTerm=1, entries=0, commitIndex=2}
02:47:38.729 [raft-client-613ce1dd-77b1-4b52-a0bf-d277cef86e4f-1] TRACE i.a.p.r.p.impl.RaftProxyConnection - RaftClient{613ce1dd-77b1-4b52-a0bf-d277cef86e4f} - Received OpenSessionResponse{status=OK, session=2, timeout=5000} from 3
02:47:38.729 [raft-client-613ce1dd-77b1-4b52-a0bf-d277cef86e4f-1] TRACE i.a.p.r.proxy.impl.RaftProxyManager - RaftClient{613ce1dd-77b1-4b52-a0bf-d277cef86e4f} - Keeping 1 sessions alive
02:47:38.731 [raft-client-613ce1dd-77b1-4b52-a0bf-d277cef86e4f-2] TRACE i.a.p.r.p.impl.RaftProxyConnection - RaftClient{613ce1dd-77b1-4b52-a0bf-d277cef86e4f} - Sending KeepAliveRequest{sessionIds=long[]{length=1, hash=33}, commandSequences=long[]{length=1, hash=31}, eventIndexes=long[]{length=1, hash=33}} to 3
02:47:38.731 [raft-client-613ce1dd-77b1-4b52-a0bf-d277cef86e4f-1] DEBUG i.a.p.c.impl.RecoveringSessionClient - SessionClient{2}{type=io.atomix.protocols.raft.RaftTest$TestPrimitiveType@35bfa1bb, name=raft-test} - State changed: CONNECTED
02:47:38.731 [main] TRACE i.a.utils.serializer.KryoNamespace - Creating Kryo instance for KryoNamespace{registeredBlocks=[RegistrationBlock{begin=16, types=[([Ljava.lang.Class;@6b321262,null), ([Ljava.lang.Class;@68b11545,null), ([Ljava.lang.Class;@7d0100ea,null), ([Ljava.lang.Class;@357bc488,null), ([Ljava.lang.Class;@4ea17147,io.atomix.utils.serializer.serializers.ImmutableListSerializer@2eda4eeb), ([Ljava.lang.Class;@5ba90d8a,io.atomix.utils.serializer.serializers.ImmutableSetSerializer@309dcdf3), ([Ljava.lang.Class;@7573b9ee,io.atomix.utils.serializer.serializers.ImmutableMapSerializer@9a20cbd), ([Ljava.lang.Class;@1af4955e,null), ([Ljava.lang.Class;@445821a6,null), ([Ljava.lang.Class;@2c0c4c0a,null), ([Ljava.lang.Class;@35d26ad2,null), ([Ljava.lang.Class;@bb25753,null), ([Ljava.lang.Class;@ee21292,null), ([Ljava.lang.Class;@40c06358,null), ([Ljava.lang.Class;@66e21568,null), ([Ljava.lang.Class;@7f73ce28,null), ([Ljava.lang.Class;@611b35d6,null), ([Ljava.lang.Class;@2282400e,null), ([Ljava.lang.Class;@543d5863,null), ([Ljava.lang.Class;@35dece42,null), ([Ljava.lang.Class;@dd3f8aa,io.atomix.utils.serializer.serializers.ArraysAsListSerializer@3d615b2e), ([Ljava.lang.Class;@3a1f2a1,null), ([Ljava.lang.Class;@40ce9049,null), ([Ljava.lang.Class;@52ca2652,null), ([Ljava.lang.Class;@65c5bf0e,null), ([Ljava.lang.Class;@697d6ded,null), ([Ljava.lang.Class;@5d05f453,null), ([Ljava.lang.Class;@5efeb117,null), ([Ljava.lang.Class;@160b4809,null), ([Ljava.lang.Class;@149b4d20,null), ([Ljava.lang.Class;@664e848c,null), ([Ljava.lang.Class;@4d93f75b,null), ([Ljava.lang.Class;@114a5e0,null), ([Ljava.lang.Class;@4f281aaf,null), ([Ljava.lang.Class;@5d508d22,null), ([Ljava.lang.Class;@f2b90fc,null)]}, RegistrationBlock{begin=52, types=[([Ljava.lang.Class;@6aae0e6f,null)]}]}
02:47:38.732 [main] TRACE i.a.utils.serializer.KryoNamespace - class [B registered as 16
02:47:38.732 [main] TRACE i.a.utils.serializer.KryoNamespace - class java.util.concurrent.atomic.AtomicBoolean registered as 17
02:47:38.732 [main] TRACE i.a.utils.serializer.KryoNamespace - class java.util.concurrent.atomic.AtomicInteger registered as 18
02:47:38.732 [main] TRACE i.a.utils.serializer.KryoNamespace - class java.util.concurrent.atomic.AtomicLong registered as 19
02:47:38.732 [main] TRACE i.a.utils.serializer.KryoNamespace - class com.google.common.collect.ImmutableList registered as 20
02:47:38.732 [main] TRACE i.a.utils.serializer.KryoNamespace - class com.google.common.collect.RegularImmutableList registered as 20
02:47:38.732 [main] TRACE i.a.utils.serializer.KryoNamespace - class com.google.common.collect.RegularImmutableList registered as 20
02:47:38.732 [main] TRACE i.a.utils.serializer.KryoNamespace - class com.google.common.collect.ImmutableList$SubList registered as 20
02:47:38.732 [main] TRACE i.a.utils.serializer.KryoNamespace - class com.google.common.collect.ImmutableSet registered as 21
02:47:38.732 [main] TRACE i.a.utils.serializer.KryoNamespace - class com.google.common.collect.RegularImmutableSet registered as 21
02:47:38.732 [main] TRACE i.a.utils.serializer.KryoNamespace - class com.google.common.collect.SingletonImmutableSet registered as 21
02:47:38.732 [main] TRACE i.a.utils.serializer.KryoNamespace - class com.google.common.collect.RegularImmutableSet registered as 21
02:47:38.732 [main] TRACE i.a.utils.serializer.KryoNamespace - class com.google.common.collect.ImmutableMap registered as 22
02:47:38.732 [main] TRACE i.a.utils.serializer.KryoNamespace - class com.google.common.collect.RegularImmutableMap registered as 22
02:47:38.732 [main] TRACE i.a.utils.serializer.KryoNamespace - class com.google.common.collect.RegularImmutableMap registered as 22
02:47:38.732 [main] TRACE i.a.utils.serializer.KryoNamespace - class com.google.common.collect.RegularImmutableMap registered as 22
02:47:38.732 [main] TRACE i.a.utils.serializer.KryoNamespace - class java.util.Collections$UnmodifiableSet registered as 23
02:47:38.732 [main] TRACE i.a.utils.serializer.KryoNamespace - class java.util.HashMap registered as 24
02:47:38.732 [main] TRACE i.a.utils.serializer.KryoNamespace - class java.util.concurrent.ConcurrentHashMap registered as 25
02:47:38.732 [main] TRACE i.a.utils.serializer.KryoNamespace - class java.util.concurrent.CopyOnWriteArraySet registered as 26
02:47:38.732 [main] TRACE i.a.utils.serializer.KryoNamespace - class java.util.ArrayList registered as 27
02:47:38.732 [main] TRACE i.a.utils.serializer.KryoNamespace - class java.util.LinkedList registered as 28
02:47:38.732 [main] TRACE i.a.utils.serializer.KryoNamespace - class java.util.HashSet registered as 29
02:47:38.732 [main] TRACE i.a.utils.serializer.KryoNamespace - class java.util.LinkedHashSet registered as 30
02:47:38.733 [main] TRACE i.a.utils.serializer.KryoNamespace - class com.sun.jmx.remote.internal.ArrayQueue registered as 31
02:47:38.733 [main] TRACE i.a.utils.serializer.KryoNamespace - class java.util.ArrayDeque registered as 32
02:47:38.733 [main] TRACE i.a.utils.serializer.KryoNamespace - class com.google.common.collect.HashMultiset registered as 33
02:47:38.733 [main] TRACE i.a.utils.serializer.KryoNamespace - class com.google.common.collect.Sets registered as 34
02:47:38.733 [main] TRACE i.a.utils.serializer.KryoNamespace - class com.google.common.collect.ImmutableEntry registered as 35
02:47:38.733 [main] TRACE i.a.utils.serializer.KryoNamespace - class java.util.Arrays$ArrayList registered as 36
02:47:38.733 [main] TRACE i.a.utils.serializer.KryoNamespace - class java.util.Collections$SingletonList registered as 37
02:47:38.733 [main] TRACE i.a.utils.serializer.KryoNamespace - class java.time.Duration registered as 38
02:47:38.733 [main] TRACE i.a.utils.serializer.KryoNamespace - class java.util.Collections$EmptySet registered as 39
02:47:38.733 [main] TRACE i.a.utils.serializer.KryoNamespace - class java.util.Optional registered as 40
02:47:38.733 [main] TRACE i.a.utils.serializer.KryoNamespace - class java.util.Collections$EmptyList registered as 41
02:47:38.733 [main] TRACE i.a.utils.serializer.KryoNamespace - class java.util.Collections$SingletonSet registered as 42
02:47:38.733 [main] TRACE i.a.utils.serializer.KryoNamespace - class [I registered as 43
02:47:38.733 [main] TRACE i.a.utils.serializer.KryoNamespace - class [J registered as 44
02:47:38.733 [main] TRACE i.a.utils.serializer.KryoNamespace - class [S registered as 45
02:47:38.733 [main] TRACE i.a.utils.serializer.KryoNamespace - class [D registered as 46
02:47:38.733 [main] TRACE i.a.utils.serializer.KryoNamespace - class [F registered as 47
02:47:38.733 [main] TRACE i.a.utils.serializer.KryoNamespace - class [C registered as 48
02:47:38.733 [main] TRACE i.a.utils.serializer.KryoNamespace - class [Ljava.lang.String; registered as 49
02:47:38.733 [main] TRACE i.a.utils.serializer.KryoNamespace - class [Z registered as 50
02:47:38.733 [main] TRACE i.a.utils.serializer.KryoNamespace - class [Ljava.lang.Object; registered as 51
02:47:38.734 [main] TRACE i.a.utils.serializer.KryoNamespace - class io.atomix.primitive.service.ServiceConfig registered as 52
02:47:38.739 [raft-client-613ce1dd-77b1-4b52-a0bf-d277cef86e4f-3] TRACE i.a.p.r.p.impl.RaftProxyConnection - SessionClient{2}{type=io.atomix.protocols.raft.RaftTest$TestPrimitiveType@35bfa1bb, name=raft-test} - Sending CommandRequest{session=2, sequence=1, operation=PrimitiveOperation{id=DefaultOperationId{id=write, type=COMMAND}, value=byte[]{length=17, hash=-1644578928}}} to 1
02:47:38.743 [raft-server-1] TRACE i.a.protocols.raft.roles.LeaderRole - RaftServer{1}{role=LEADER} - Received CommandRequest{session=2, sequence=1, operation=PrimitiveOperation{id=DefaultOperationId{id=write, type=COMMAND}, value=byte[]{length=17, hash=-1644578928}}}
02:47:38.743 [raft-server-1] TRACE i.a.protocols.raft.roles.LeaderRole - RaftServer{1}{role=LEADER} - Appended Indexed{index=3, entry=CommandEntry{term=1, timestamp=2018-06-09 02:47:38,743, session=2, sequence=1, operation=PrimitiveOperation{id=DefaultOperationId{id=write, type=COMMAND}, value=byte[]{length=17, hash=-1644578928}}}}
02:47:38.744 [raft-server-1] TRACE i.a.p.raft.roles.LeaderAppender - RaftServer{1} - Sending AppendRequest{term=1, leader=1, prevLogIndex=2, prevLogTerm=1, entries=1, commitIndex=2} to 3
02:47:38.763 [raft-server-2] TRACE i.a.p.raft.roles.FollowerRole - RaftServer{2}{role=FOLLOWER} - Committed entries up to index 2
02:47:38.763 [raft-server-2] TRACE i.a.p.raft.roles.FollowerRole - RaftServer{2}{role=FOLLOWER} - Sending AppendResponse{status=OK, term=1, succeeded=true, lastLogIndex=2}
02:47:38.763 [raft-server-3] TRACE i.a.p.raft.roles.FollowerRole - RaftServer{3}{role=FOLLOWER} - Committed entries up to index 2
02:47:38.763 [raft-server-3] TRACE i.a.p.raft.roles.FollowerRole - RaftServer{3}{role=FOLLOWER} - Sending AppendResponse{status=OK, term=1, succeeded=true, lastLogIndex=2}
02:47:38.763 [raft-server-3] TRACE i.a.p.raft.roles.FollowerRole - RaftServer{3}{role=FOLLOWER} - Received KeepAliveRequest{sessionIds=long[]{length=1, hash=33}, commandSequences=long[]{length=1, hash=31}, eventIndexes=long[]{length=1, hash=33}}
02:47:38.763 [raft-server-2-state] TRACE i.a.p.raft.impl.RaftServiceManager - RaftServer{2} - Applying Indexed{index=2, entry=OpenSessionEntry{term=1, timestamp=2018-06-09 02:47:38,694, node=4, serviceName=raft-test, serviceType=raft-test, serviceConfig=byte[]{length=2, hash=2636}, readConsistency=LINEARIZABLE, minTimeout=250, maxTimeout=5000}}
02:47:38.763 [raft-server-3] TRACE i.a.p.raft.roles.FollowerRole - RaftServer{3}{role=FOLLOWER} - Received AppendRequest{term=1, leader=1, prevLogIndex=2, prevLogTerm=1, entries=1, commitIndex=2}
02:47:38.763 [raft-server-2-state] TRACE i.a.utils.serializer.KryoNamespace - Creating Kryo instance for KryoNamespace{registeredBlocks=[RegistrationBlock{begin=16, types=[([Ljava.lang.Class;@6b321262,null), ([Ljava.lang.Class;@68b11545,null), ([Ljava.lang.Class;@7d0100ea,null), ([Ljava.lang.Class;@357bc488,null), ([Ljava.lang.Class;@4ea17147,io.atomix.utils.serializer.serializers.ImmutableListSerializer@2eda4eeb), ([Ljava.lang.Class;@5ba90d8a,io.atomix.utils.serializer.serializers.ImmutableSetSerializer@309dcdf3), ([Ljava.lang.Class;@7573b9ee,io.atomix.utils.serializer.serializers.ImmutableMapSerializer@9a20cbd), ([Ljava.lang.Class;@1af4955e,null), ([Ljava.lang.Class;@445821a6,null), ([Ljava.lang.Class;@2c0c4c0a,null), ([Ljava.lang.Class;@35d26ad2,null), ([Ljava.lang.Class;@bb25753,null), ([Ljava.lang.Class;@ee21292,null), ([Ljava.lang.Class;@40c06358,null), ([Ljava.lang.Class;@66e21568,null), ([Ljava.lang.Class;@7f73ce28,null), ([Ljava.lang.Class;@611b35d6,null), ([Ljava.lang.Class;@2282400e,null), ([Ljava.lang.Class;@543d5863,null), ([Ljava.lang.Class;@35dece42,null), ([Ljava.lang.Class;@dd3f8aa,io.atomix.utils.serializer.serializers.ArraysAsListSerializer@3d615b2e), ([Ljava.lang.Class;@3a1f2a1,null), ([Ljava.lang.Class;@40ce9049,null), ([Ljava.lang.Class;@52ca2652,null), ([Ljava.lang.Class;@65c5bf0e,null), ([Ljava.lang.Class;@697d6ded,null), ([Ljava.lang.Class;@5d05f453,null), ([Ljava.lang.Class;@5efeb117,null), ([Ljava.lang.Class;@160b4809,null), ([Ljava.lang.Class;@149b4d20,null), ([Ljava.lang.Class;@664e848c,null), ([Ljava.lang.Class;@4d93f75b,null), ([Ljava.lang.Class;@114a5e0,null), ([Ljava.lang.Class;@4f281aaf,null), ([Ljava.lang.Class;@5d508d22,null), ([Ljava.lang.Class;@f2b90fc,null)]}, RegistrationBlock{begin=52, types=[([Ljava.lang.Class;@4726839e,null)]}]}
02:47:38.763 [raft-server-3] TRACE i.a.p.raft.roles.FollowerRole - RaftServer{3}{role=FOLLOWER} - Appended Indexed{index=3, entry=CommandEntry{term=1, timestamp=2018-06-09 02:47:38,743, session=2, sequence=1, operation=PrimitiveOperation{id=DefaultOperationId{id=write, type=COMMAND}, value=byte[]{length=17, hash=-1644578928}}}}
02:47:38.763 [raft-server-3] TRACE i.a.p.raft.roles.FollowerRole - RaftServer{3}{role=FOLLOWER} - Sending AppendResponse{status=OK, term=1, succeeded=true, lastLogIndex=3}
02:47:38.764 [raft-server-2-state] TRACE i.a.utils.serializer.KryoNamespace - class [B registered as 16
02:47:38.764 [raft-server-2-state] TRACE i.a.utils.serializer.KryoNamespace - class java.util.concurrent.atomic.AtomicBoolean registered as 17
02:47:38.764 [raft-server-2-state] TRACE i.a.utils.serializer.KryoNamespace - class java.util.concurrent.atomic.AtomicInteger registered as 18
02:47:38.764 [raft-server-2-state] TRACE i.a.utils.serializer.KryoNamespace - class java.util.concurrent.atomic.AtomicLong registered as 19
02:47:38.764 [raft-server-2-state] TRACE i.a.utils.serializer.KryoNamespace - class com.google.common.collect.ImmutableList registered as 20
02:47:38.764 [raft-server-2-state] TRACE i.a.utils.serializer.KryoNamespace - class com.google.common.collect.RegularImmutableList registered as 20
02:47:38.764 [raft-server-2-state] TRACE i.a.utils.serializer.KryoNamespace - class com.google.common.collect.RegularImmutableList registered as 20
02:47:38.764 [raft-server-2-state] TRACE i.a.utils.serializer.KryoNamespace - class com.google.common.collect.ImmutableList$SubList registered as 20
02:47:38.764 [raft-server-2-state] TRACE i.a.utils.serializer.KryoNamespace - class com.google.common.collect.ImmutableSet registered as 21
02:47:38.764 [raft-server-2-state] TRACE i.a.utils.serializer.KryoNamespace - class com.google.common.collect.RegularImmutableSet registered as 21
02:47:38.764 [raft-server-2-state] TRACE i.a.utils.serializer.KryoNamespace - class com.google.common.collect.SingletonImmutableSet registered as 21
02:47:38.764 [raft-server-2-state] TRACE i.a.utils.serializer.KryoNamespace - class com.google.common.collect.RegularImmutableSet registered as 21
02:47:38.764 [raft-server-2-state] TRACE i.a.utils.serializer.KryoNamespace - class com.google.common.collect.ImmutableMap registered as 22
02:47:38.764 [raft-server-2-state] TRACE i.a.utils.serializer.KryoNamespace - class com.google.common.collect.RegularImmutableMap registered as 22
02:47:38.764 [raft-server-2-state] TRACE i.a.utils.serializer.KryoNamespace - class com.google.common.collect.RegularImmutableMap registered as 22
02:47:38.764 [raft-server-2-state] TRACE i.a.utils.serializer.KryoNamespace - class com.google.common.collect.RegularImmutableMap registered as 22
02:47:38.764 [raft-server-2-state] TRACE i.a.utils.serializer.KryoNamespace - class java.util.Collections$UnmodifiableSet registered as 23
02:47:38.764 [raft-server-1] TRACE i.a.p.raft.roles.LeaderAppender - RaftServer{1} - Received AppendResponse{status=OK, term=1, succeeded=true, lastLogIndex=2} from 2
02:47:38.764 [raft-server-2-state] TRACE i.a.utils.serializer.KryoNamespace - class java.util.HashMap registered as 24
02:47:38.764 [raft-server-3-state] TRACE i.a.p.raft.impl.RaftServiceManager - RaftServer{3} - Applying Indexed{index=2, entry=OpenSessionEntry{term=1, timestamp=2018-06-09 02:47:38,694, node=4, serviceName=raft-test, serviceType=raft-test, serviceConfig=byte[]{length=2, hash=2636}, readConsistency=LINEARIZABLE, minTimeout=250, maxTimeout=5000}}
02:47:38.764 [raft-server-2-state] TRACE i.a.utils.serializer.KryoNamespace - class java.util.concurrent.ConcurrentHashMap registered as 25
02:47:38.764 [raft-server-3-state] TRACE i.a.utils.serializer.KryoNamespace - Creating Kryo instance for KryoNamespace{registeredBlocks=[RegistrationBlock{begin=16, types=[([Ljava.lang.Class;@6b321262,null), ([Ljava.lang.Class;@68b11545,null), ([Ljava.lang.Class;@7d0100ea,null), ([Ljava.lang.Class;@357bc488,null), ([Ljava.lang.Class;@4ea17147,io.atomix.utils.serializer.serializers.ImmutableListSerializer@2eda4eeb), ([Ljava.lang.Class;@5ba90d8a,io.atomix.utils.serializer.serializers.ImmutableSetSerializer@309dcdf3), ([Ljava.lang.Class;@7573b9ee,io.atomix.utils.serializer.serializers.ImmutableMapSerializer@9a20cbd), ([Ljava.lang.Class;@1af4955e,null), ([Ljava.lang.Class;@445821a6,null), ([Ljava.lang.Class;@2c0c4c0a,null), ([Ljava.lang.Class;@35d26ad2,null), ([Ljava.lang.Class;@bb25753,null), ([Ljava.lang.Class;@ee21292,null), ([Ljava.lang.Class;@40c06358,null), ([Ljava.lang.Class;@66e21568,null), ([Ljava.lang.Class;@7f73ce28,null), ([Ljava.lang.Class;@611b35d6,null), ([Ljava.lang.Class;@2282400e,null), ([Ljava.lang.Class;@543d5863,null), ([Ljava.lang.Class;@35dece42,null), ([Ljava.lang.Class;@dd3f8aa,io.atomix.utils.serializer.serializers.ArraysAsListSerializer@3d615b2e), ([Ljava.lang.Class;@3a1f2a1,null), ([Ljava.lang.Class;@40ce9049,null), ([Ljava.lang.Class;@52ca2652,null), ([Ljava.lang.Class;@65c5bf0e,null), ([Ljava.lang.Class;@697d6ded,null), ([Ljava.lang.Class;@5d05f453,null), ([Ljava.lang.Class;@5efeb117,null), ([Ljava.lang.Class;@160b4809,null), ([Ljava.lang.Class;@149b4d20,null), ([Ljava.lang.Class;@664e848c,null), ([Ljava.lang.Class;@4d93f75b,null), ([Ljava.lang.Class;@114a5e0,null), ([Ljava.lang.Class;@4f281aaf,null), ([Ljava.lang.Class;@5d508d22,null), ([Ljava.lang.Class;@f2b90fc,null)]}, RegistrationBlock{begin=52, types=[([Ljava.lang.Class;@69f79b73,null)]}]}
02:47:38.764 [raft-server-2-state] TRACE i.a.utils.serializer.KryoNamespace - class java.util.concurrent.CopyOnWriteArraySet registered as 26
02:47:38.764 [raft-server-3-state] TRACE i.a.utils.serializer.KryoNamespace - class [B registered as 16
02:47:38.765 [raft-server-2-state] TRACE i.a.utils.serializer.KryoNamespace - class java.util.ArrayList registered as 27
02:47:38.765 [raft-server-3-state] TRACE i.a.utils.serializer.KryoNamespace - class java.util.concurrent.atomic.AtomicBoolean registered as 17
02:47:38.765 [raft-server-2-state] TRACE i.a.utils.serializer.KryoNamespace - class java.util.LinkedList registered as 28
02:47:38.765 [raft-server-3-state] TRACE i.a.utils.serializer.KryoNamespace - class java.util.concurrent.atomic.AtomicInteger registered as 18
02:47:38.765 [raft-server-2-state] TRACE i.a.utils.serializer.KryoNamespace - class java.util.HashSet registered as 29
02:47:38.765 [raft-server-3-state] TRACE i.a.utils.serializer.KryoNamespace - class java.util.concurrent.atomic.AtomicLong registered as 19
02:47:38.765 [raft-server-2-state] TRACE i.a.utils.serializer.KryoNamespace - class java.util.LinkedHashSet registered as 30
02:47:38.765 [raft-server-3-state] TRACE i.a.utils.serializer.KryoNamespace - class com.google.common.collect.ImmutableList registered as 20
02:47:38.765 [raft-server-2-state] TRACE i.a.utils.serializer.KryoNamespace - class com.sun.jmx.remote.internal.ArrayQueue registered as 31
02:47:38.765 [raft-server-3-state] TRACE i.a.utils.serializer.KryoNamespace - class com.google.common.collect.RegularImmutableList registered as 20
02:47:38.765 [raft-server-2-state] TRACE i.a.utils.serializer.KryoNamespace - class java.util.ArrayDeque registered as 32
02:47:38.765 [raft-server-3-state] TRACE i.a.utils.serializer.KryoNamespace - class com.google.common.collect.RegularImmutableList registered as 20
02:47:38.765 [raft-server-2-state] TRACE i.a.utils.serializer.KryoNamespace - class com.google.common.collect.HashMultiset registered as 33
02:47:38.765 [raft-server-3-state] TRACE i.a.utils.serializer.KryoNamespace - class com.google.common.collect.ImmutableList$SubList registered as 20
02:47:38.765 [raft-server-2-state] TRACE i.a.utils.serializer.KryoNamespace - class com.google.common.collect.Sets registered as 34
02:47:38.765 [raft-server-3-state] TRACE i.a.utils.serializer.KryoNamespace - class com.google.common.collect.ImmutableSet registered as 21
02:47:38.765 [raft-server-2-state] TRACE i.a.utils.serializer.KryoNamespace - class com.google.common.collect.ImmutableEntry registered as 35
02:47:38.765 [raft-server-3-state] TRACE i.a.utils.serializer.KryoNamespace - class com.google.common.collect.RegularImmutableSet registered as 21
02:47:38.766 [raft-server-2-state] TRACE i.a.utils.serializer.KryoNamespace - class java.util.Arrays$ArrayList registered as 36
02:47:38.766 [raft-server-3-state] TRACE i.a.utils.serializer.KryoNamespace - class com.google.common.collect.SingletonImmutableSet registered as 21
02:47:38.766 [raft-server-2-state] TRACE i.a.utils.serializer.KryoNamespace - class java.util.Collections$SingletonList registered as 37
02:47:38.766 [raft-server-3-state] TRACE i.a.utils.serializer.KryoNamespace - class com.google.common.collect.RegularImmutableSet registered as 21
02:47:38.766 [raft-server-2-state] TRACE i.a.utils.serializer.KryoNamespace - class java.time.Duration registered as 38
02:47:38.766 [raft-server-3-state] TRACE i.a.utils.serializer.KryoNamespace - class com.google.common.collect.ImmutableMap registered as 22
02:47:38.766 [raft-server-2-state] TRACE i.a.utils.serializer.KryoNamespace - class java.util.Collections$EmptySet registered as 39
02:47:38.766 [raft-server-3-state] TRACE i.a.utils.serializer.KryoNamespace - class com.google.common.collect.RegularImmutableMap registered as 22
02:47:38.766 [raft-server-2-state] TRACE i.a.utils.serializer.KryoNamespace - class java.util.Optional registered as 40
02:47:38.766 [raft-server-3-state] TRACE i.a.utils.serializer.KryoNamespace - class com.google.common.collect.RegularImmutableMap registered as 22
02:47:38.766 [raft-server-2-state] TRACE i.a.utils.serializer.KryoNamespace - class java.util.Collections$EmptyList registered as 41
02:47:38.766 [raft-server-3-state] TRACE i.a.utils.serializer.KryoNamespace - class com.google.common.collect.RegularImmutableMap registered as 22
02:47:38.766 [raft-server-2-state] TRACE i.a.utils.serializer.KryoNamespace - class java.util.Collections$SingletonSet registered as 42
02:47:38.766 [raft-server-3-state] TRACE i.a.utils.serializer.KryoNamespace - class java.util.Collections$UnmodifiableSet registered as 23
02:47:38.766 [raft-server-2-state] TRACE i.a.utils.serializer.KryoNamespace - class [I registered as 43
02:47:38.766 [raft-server-3-state] TRACE i.a.utils.serializer.KryoNamespace - class java.util.HashMap registered as 24
02:47:38.766 [raft-server-2-state] TRACE i.a.utils.serializer.KryoNamespace - class [J registered as 44
02:47:38.766 [raft-server-3-state] TRACE i.a.utils.serializer.KryoNamespace - class java.util.concurrent.ConcurrentHashMap registered as 25
02:47:38.767 [raft-server-2-state] TRACE i.a.utils.serializer.KryoNamespace - class [S registered as 45
02:47:38.767 [raft-server-3-state] TRACE i.a.utils.serializer.KryoNamespace - class java.util.concurrent.CopyOnWriteArraySet registered as 26
02:47:38.767 [raft-server-2-state] TRACE i.a.utils.serializer.KryoNamespace - class [D registered as 46
02:47:38.767 [raft-server-3-state] TRACE i.a.utils.serializer.KryoNamespace - class java.util.ArrayList registered as 27
02:47:38.767 [raft-server-2-state] TRACE i.a.utils.serializer.KryoNamespace - class [F registered as 47
02:47:38.767 [raft-server-3-state] TRACE i.a.utils.serializer.KryoNamespace - class java.util.LinkedList registered as 28
02:47:38.767 [raft-server-2-state] TRACE i.a.utils.serializer.KryoNamespace - class [C registered as 48
02:47:38.767 [raft-server-3-state] TRACE i.a.utils.serializer.KryoNamespace - class java.util.HashSet registered as 29
02:47:38.767 [raft-server-2-state] TRACE i.a.utils.serializer.KryoNamespace - class [Ljava.lang.String; registered as 49
02:47:38.767 [raft-server-3-state] TRACE i.a.utils.serializer.KryoNamespace - class java.util.LinkedHashSet registered as 30
02:47:38.767 [raft-server-2-state] TRACE i.a.utils.serializer.KryoNamespace - class [Z registered as 50
02:47:38.767 [raft-server-3-state] TRACE i.a.utils.serializer.KryoNamespace - class com.sun.jmx.remote.internal.ArrayQueue registered as 31
02:47:38.767 [raft-server-2-state] TRACE i.a.utils.serializer.KryoNamespace - class [Ljava.lang.Object; registered as 51
02:47:38.767 [raft-server-3-state] TRACE i.a.utils.serializer.KryoNamespace - class java.util.ArrayDeque registered as 32
02:47:38.767 [raft-server-2-state] TRACE i.a.utils.serializer.KryoNamespace - class io.atomix.primitive.service.ServiceConfig registered as 52
02:47:38.768 [raft-server-3-state] TRACE i.a.utils.serializer.KryoNamespace - class com.google.common.collect.HashMultiset registered as 33
02:47:38.768 [raft-server-2-state] TRACE i.a.utils.serializer.KryoNamespace - Creating Kryo instance for KryoNamespace{registeredBlocks=[RegistrationBlock{begin=16, types=[([Ljava.lang.Class;@6b321262,null), ([Ljava.lang.Class;@68b11545,null), ([Ljava.lang.Class;@7d0100ea,null), ([Ljava.lang.Class;@357bc488,null), ([Ljava.lang.Class;@4ea17147,io.atomix.utils.serializer.serializers.ImmutableListSerializer@2eda4eeb), ([Ljava.lang.Class;@5ba90d8a,io.atomix.utils.serializer.serializers.ImmutableSetSerializer@309dcdf3), ([Ljava.lang.Class;@7573b9ee,io.atomix.utils.serializer.serializers.ImmutableMapSerializer@9a20cbd), ([Ljava.lang.Class;@1af4955e,null), ([Ljava.lang.Class;@445821a6,null), ([Ljava.lang.Class;@2c0c4c0a,null), ([Ljava.lang.Class;@35d26ad2,null), ([Ljava.lang.Class;@bb25753,null), ([Ljava.lang.Class;@ee21292,null), ([Ljava.lang.Class;@40c06358,null), ([Ljava.lang.Class;@66e21568,null), ([Ljava.lang.Class;@7f73ce28,null), ([Ljava.lang.Class;@611b35d6,null), ([Ljava.lang.Class;@2282400e,null), ([Ljava.lang.Class;@543d5863,null), ([Ljava.lang.Class;@35dece42,null), ([Ljava.lang.Class;@dd3f8aa,io.atomix.utils.serializer.serializers.ArraysAsListSerializer@3d615b2e), ([Ljava.lang.Class;@3a1f2a1,null), ([Ljava.lang.Class;@40ce9049,null), ([Ljava.lang.Class;@52ca2652,null), ([Ljava.lang.Class;@65c5bf0e,null), ([Ljava.lang.Class;@697d6ded,null), ([Ljava.lang.Class;@5d05f453,null), ([Ljava.lang.Class;@5efeb117,null), ([Ljava.lang.Class;@160b4809,null), ([Ljava.lang.Class;@149b4d20,null), ([Ljava.lang.Class;@664e848c,null), ([Ljava.lang.Class;@4d93f75b,null), ([Ljava.lang.Class;@114a5e0,null), ([Ljava.lang.Class;@4f281aaf,null), ([Ljava.lang.Class;@5d508d22,null), ([Ljava.lang.Class;@f2b90fc,null)]}, RegistrationBlock{begin=52, types=[([Ljava.lang.Class;@49e1750a,null)]}]}
02:47:38.768 [raft-server-3-state] TRACE i.a.utils.serializer.KryoNamespace - class com.google.common.collect.Sets registered as 34
02:47:38.768 [raft-server-2-state] TRACE i.a.utils.serializer.KryoNamespace - class [B registered as 16
02:47:38.768 [raft-server-3-state] TRACE i.a.utils.serializer.KryoNamespace - class com.google.common.collect.ImmutableEntry registered as 35
02:47:38.768 [raft-server-2-state] TRACE i.a.utils.serializer.KryoNamespace - class java.util.concurrent.atomic.AtomicBoolean registered as 17
02:47:38.768 [raft-server-3-state] TRACE i.a.utils.serializer.KryoNamespace - class java.util.Arrays$ArrayList registered as 36
02:47:38.768 [raft-server-2-state] TRACE i.a.utils.serializer.KryoNamespace - class java.util.concurrent.atomic.AtomicInteger registered as 18
02:47:38.768 [raft-server-3-state] TRACE i.a.utils.serializer.KryoNamespace - class java.util.Collections$SingletonList registered as 37
02:47:38.768 [raft-server-2-state] TRACE i.a.utils.serializer.KryoNamespace - class java.util.concurrent.atomic.AtomicLong registered as 19
02:47:38.768 [raft-server-3-state] TRACE i.a.utils.serializer.KryoNamespace - class java.time.Duration registered as 38
02:47:38.768 [raft-server-2-state] TRACE i.a.utils.serializer.KryoNamespace - class com.google.common.collect.ImmutableList registered as 20
02:47:38.768 [raft-server-3-state] TRACE i.a.utils.serializer.KryoNamespace - class java.util.Collections$EmptySet registered as 39
02:47:38.769 [raft-server-2-state] TRACE i.a.utils.serializer.KryoNamespace - class com.google.common.collect.RegularImmutableList registered as 20
02:47:38.769 [raft-server-3-state] TRACE i.a.utils.serializer.KryoNamespace - class java.util.Optional registered as 40
02:47:38.769 [raft-server-2-state] TRACE i.a.utils.serializer.KryoNamespace - class com.google.common.collect.RegularImmutableList registered as 20
02:47:38.769 [raft-server-3-state] TRACE i.a.utils.serializer.KryoNamespace - class java.util.Collections$EmptyList registered as 41
02:47:38.769 [raft-server-2-state] TRACE i.a.utils.serializer.KryoNamespace - class com.google.common.collect.ImmutableList$SubList registered as 20
02:47:38.769 [raft-server-3-state] TRACE i.a.utils.serializer.KryoNamespace - class java.util.Collections$SingletonSet registered as 42
02:47:38.769 [raft-server-2-state] TRACE i.a.utils.serializer.KryoNamespace - class com.google.common.collect.ImmutableSet registered as 21
02:47:38.769 [raft-server-3-state] TRACE i.a.utils.serializer.KryoNamespace - class [I registered as 43
02:47:38.769 [raft-server-2-state] TRACE i.a.utils.serializer.KryoNamespace - class com.google.common.collect.RegularImmutableSet registered as 21
02:47:38.769 [raft-server-3-state] TRACE i.a.utils.serializer.KryoNamespace - class [J registered as 44
02:47:38.769 [raft-server-2-state] TRACE i.a.utils.serializer.KryoNamespace - class com.google.common.collect.SingletonImmutableSet registered as 21
02:47:38.769 [raft-server-3-state] TRACE i.a.utils.serializer.KryoNamespace - class [S registered as 45
02:47:38.769 [raft-server-2-state] TRACE i.a.utils.serializer.KryoNamespace - class com.google.common.collect.RegularImmutableSet registered as 21
02:47:38.769 [raft-server-3-state] TRACE i.a.utils.serializer.KryoNamespace - class [D registered as 46
02:47:38.769 [raft-server-2-state] TRACE i.a.utils.serializer.KryoNamespace - class com.google.common.collect.ImmutableMap registered as 22
02:47:38.769 [raft-server-3-state] TRACE i.a.utils.serializer.KryoNamespace - class [F registered as 47
02:47:38.769 [raft-server-2-state] TRACE i.a.utils.serializer.KryoNamespace - class com.google.common.collect.RegularImmutableMap registered as 22
02:47:38.769 [raft-server-3-state] TRACE i.a.utils.serializer.KryoNamespace - class [C registered as 48
02:47:38.769 [raft-server-2-state] TRACE i.a.utils.serializer.KryoNamespace - class com.google.common.collect.RegularImmutableMap registered as 22
02:47:38.770 [raft-server-3-state] TRACE i.a.utils.serializer.KryoNamespace - class [Ljava.lang.String; registered as 49
02:47:38.770 [raft-server-2-state] TRACE i.a.utils.serializer.KryoNamespace - class com.google.common.collect.RegularImmutableMap registered as 22
02:47:38.770 [raft-server-3-state] TRACE i.a.utils.serializer.KryoNamespace - class [Z registered as 50
02:47:38.770 [raft-server-2-state] TRACE i.a.utils.serializer.KryoNamespace - class java.util.Collections$UnmodifiableSet registered as 23
02:47:38.770 [raft-server-3-state] TRACE i.a.utils.serializer.KryoNamespace - class [Ljava.lang.Object; registered as 51
02:47:38.770 [raft-server-2-state] TRACE i.a.utils.serializer.KryoNamespace - class java.util.HashMap registered as 24
02:47:38.770 [raft-server-3-state] TRACE i.a.utils.serializer.KryoNamespace - class io.atomix.primitive.service.ServiceConfig registered as 52
02:47:38.770 [raft-server-2-state] TRACE i.a.utils.serializer.KryoNamespace - class java.util.concurrent.ConcurrentHashMap registered as 25
02:47:38.770 [raft-server-3-state] TRACE i.a.utils.serializer.KryoNamespace - Creating Kryo instance for KryoNamespace{registeredBlocks=[RegistrationBlock{begin=16, types=[([Ljava.lang.Class;@6b321262,null), ([Ljava.lang.Class;@68b11545,null), ([Ljava.lang.Class;@7d0100ea,null), ([Ljava.lang.Class;@357bc488,null), ([Ljava.lang.Class;@4ea17147,io.atomix.utils.serializer.serializers.ImmutableListSerializer@2eda4eeb), ([Ljava.lang.Class;@5ba90d8a,io.atomix.utils.serializer.serializers.ImmutableSetSerializer@309dcdf3), ([Ljava.lang.Class;@7573b9ee,io.atomix.utils.serializer.serializers.ImmutableMapSerializer@9a20cbd), ([Ljava.lang.Class;@1af4955e,null), ([Ljava.lang.Class;@445821a6,null), ([Ljava.lang.Class;@2c0c4c0a,null), ([Ljava.lang.Class;@35d26ad2,null), ([Ljava.lang.Class;@bb25753,null), ([Ljava.lang.Class;@ee21292,null), ([Ljava.lang.Class;@40c06358,null), ([Ljava.lang.Class;@66e21568,null), ([Ljava.lang.Class;@7f73ce28,null), ([Ljava.lang.Class;@611b35d6,null), ([Ljava.lang.Class;@2282400e,null), ([Ljava.lang.Class;@543d5863,null), ([Ljava.lang.Class;@35dece42,null), ([Ljava.lang.Class;@dd3f8aa,io.atomix.utils.serializer.serializers.ArraysAsListSerializer@3d615b2e), ([Ljava.lang.Class;@3a1f2a1,null), ([Ljava.lang.Class;@40ce9049,null), ([Ljava.lang.Class;@52ca2652,null), ([Ljava.lang.Class;@65c5bf0e,null), ([Ljava.lang.Class;@697d6ded,null), ([Ljava.lang.Class;@5d05f453,null), ([Ljava.lang.Class;@5efeb117,null), ([Ljava.lang.Class;@160b4809,null), ([Ljava.lang.Class;@149b4d20,null), ([Ljava.lang.Class;@664e848c,null), ([Ljava.lang.Class;@4d93f75b,null), ([Ljava.lang.Class;@114a5e0,null), ([Ljava.lang.Class;@4f281aaf,null), ([Ljava.lang.Class;@5d508d22,null), ([Ljava.lang.Class;@f2b90fc,null)]}, RegistrationBlock{begin=52, types=[([Ljava.lang.Class;@6730683d,null)]}]}
02:47:38.770 [raft-server-2-state] TRACE i.a.utils.serializer.KryoNamespace - class java.util.concurrent.CopyOnWriteArraySet registered as 26
02:47:38.770 [raft-server-3-state] TRACE i.a.utils.serializer.KryoNamespace - class [B registered as 16
02:47:38.770 [raft-server-2-state] TRACE i.a.utils.serializer.KryoNamespace - class java.util.ArrayList registered as 27
02:47:38.770 [raft-server-3-state] TRACE i.a.utils.serializer.KryoNamespace - class java.util.concurrent.atomic.AtomicBoolean registered as 17
02:47:38.771 [raft-server-2-state] TRACE i.a.utils.serializer.KryoNamespace - class java.util.LinkedList registered as 28
02:47:38.771 [raft-server-3-state] TRACE i.a.utils.serializer.KryoNamespace - class java.util.concurrent.atomic.AtomicInteger registered as 18
02:47:38.771 [raft-server-2-state] TRACE i.a.utils.serializer.KryoNamespace - class java.util.HashSet registered as 29
02:47:38.771 [raft-server-3-state] TRACE i.a.utils.serializer.KryoNamespace - class java.util.concurrent.atomic.AtomicLong registered as 19
02:47:38.771 [raft-server-2-state] TRACE i.a.utils.serializer.KryoNamespace - class java.util.LinkedHashSet registered as 30
02:47:38.771 [raft-server-3-state] TRACE i.a.utils.serializer.KryoNamespace - class com.google.common.collect.ImmutableList registered as 20
02:47:38.771 [raft-server-2-state] TRACE i.a.utils.serializer.KryoNamespace - class com.sun.jmx.remote.internal.ArrayQueue registered as 31
02:47:38.771 [raft-server-3-state] TRACE i.a.utils.serializer.KryoNamespace - class com.google.common.collect.RegularImmutableList registered as 20
02:47:38.771 [raft-server-2-state] TRACE i.a.utils.serializer.KryoNamespace - class java.util.ArrayDeque registered as 32
02:47:38.771 [raft-server-3-state] TRACE i.a.utils.serializer.KryoNamespace - class com.google.common.collect.RegularImmutableList registered as 20
02:47:38.771 [raft-server-2-state] TRACE i.a.utils.serializer.KryoNamespace - class com.google.common.collect.HashMultiset registered as 33
02:47:38.771 [raft-server-3-state] TRACE i.a.utils.serializer.KryoNamespace - class com.google.common.collect.ImmutableList$SubList registered as 20
02:47:38.771 [raft-server-2-state] TRACE i.a.utils.serializer.KryoNamespace - class com.google.common.collect.Sets registered as 34
02:47:38.771 [raft-server-3-state] TRACE i.a.utils.serializer.KryoNamespace - class com.google.common.collect.ImmutableSet registered as 21
02:47:38.771 [raft-server-2-state] TRACE i.a.utils.serializer.KryoNamespace - class com.google.common.collect.ImmutableEntry registered as 35
02:47:38.771 [raft-server-3-state] TRACE i.a.utils.serializer.KryoNamespace - class com.google.common.collect.RegularImmutableSet registered as 21
02:47:38.771 [raft-server-2-state] TRACE i.a.utils.serializer.KryoNamespace - class java.util.Arrays$ArrayList registered as 36
02:47:38.771 [raft-server-3-state] TRACE i.a.utils.serializer.KryoNamespace - class com.google.common.collect.SingletonImmutableSet registered as 21
02:47:38.772 [raft-server-2-state] TRACE i.a.utils.serializer.KryoNamespace - class java.util.Collections$SingletonList registered as 37
02:47:38.772 [raft-server-3-state] TRACE i.a.utils.serializer.KryoNamespace - class com.google.common.collect.RegularImmutableSet registered as 21
02:47:38.772 [raft-server-2-state] TRACE i.a.utils.serializer.KryoNamespace - class java.time.Duration registered as 38
02:47:38.772 [raft-server-1] TRACE i.a.p.raft.roles.LeaderAppender - RaftServer{1} - Sending AppendRequest{term=1, leader=1, prevLogIndex=2, prevLogTerm=1, entries=1, commitIndex=2} to 2
02:47:38.772 [raft-server-3-state] TRACE i.a.utils.serializer.KryoNamespace - class com.google.common.collect.ImmutableMap registered as 22
02:47:38.772 [raft-server-2-state] TRACE i.a.utils.serializer.KryoNamespace - class java.util.Collections$EmptySet registered as 39
02:47:38.775 [raft-server-1] TRACE i.a.p.raft.roles.LeaderAppender - RaftServer{1} - Received AppendResponse{status=OK, term=1, succeeded=true, lastLogIndex=2} from 3
02:47:38.775 [raft-server-2] TRACE i.a.p.raft.roles.FollowerRole - RaftServer{2}{role=FOLLOWER} - Received AppendRequest{term=1, leader=1, prevLogIndex=2, prevLogTerm=1, entries=1, commitIndex=2}
02:47:38.775 [raft-server-3-state] TRACE i.a.utils.serializer.KryoNamespace - class com.google.common.collect.RegularImmutableMap registered as 22
02:47:38.775 [raft-server-2-state] TRACE i.a.utils.serializer.KryoNamespace - class java.util.Optional registered as 40
02:47:38.776 [raft-server-1] TRACE i.a.protocols.raft.roles.LeaderRole - RaftServer{1}{role=LEADER} - Received KeepAliveRequest{sessionIds=long[]{length=1, hash=33}, commandSequences=long[]{length=1, hash=31}, eventIndexes=long[]{length=1, hash=33}}
02:47:38.776 [raft-server-2] TRACE i.a.p.raft.roles.FollowerRole - RaftServer{2}{role=FOLLOWER} - Appended Indexed{index=3, entry=CommandEntry{term=1, timestamp=2018-06-09 02:47:38,743, session=2, sequence=1, operation=PrimitiveOperation{id=DefaultOperationId{id=write, type=COMMAND}, value=byte[]{length=17, hash=-1644578928}}}}
02:47:38.777 [raft-server-3-state] TRACE i.a.utils.serializer.KryoNamespace - class com.google.common.collect.RegularImmutableMap registered as 22
02:47:38.777 [raft-server-2-state] TRACE i.a.utils.serializer.KryoNamespace - class java.util.Collections$EmptyList registered as 41
02:47:38.777 [raft-server-2] TRACE i.a.p.raft.roles.FollowerRole - RaftServer{2}{role=FOLLOWER} - Sending AppendResponse{status=OK, term=1, succeeded=true, lastLogIndex=3}
02:47:38.777 [raft-server-3-state] TRACE i.a.utils.serializer.KryoNamespace - class com.google.common.collect.RegularImmutableMap registered as 22
02:47:38.777 [raft-server-3-state] TRACE i.a.utils.serializer.KryoNamespace - class java.util.Collections$UnmodifiableSet registered as 23
02:47:38.777 [raft-server-3-state] TRACE i.a.utils.serializer.KryoNamespace - class java.util.HashMap registered as 24
02:47:38.777 [raft-server-3-state] TRACE i.a.utils.serializer.KryoNamespace - class java.util.concurrent.ConcurrentHashMap registered as 25
02:47:38.777 [raft-server-3-state] TRACE i.a.utils.serializer.KryoNamespace - class java.util.concurrent.CopyOnWriteArraySet registered as 26
02:47:38.777 [raft-server-3-state] TRACE i.a.utils.serializer.KryoNamespace - class java.util.ArrayList registered as 27
02:47:38.778 [raft-server-3-state] TRACE i.a.utils.serializer.KryoNamespace - class java.util.LinkedList registered as 28
02:47:38.778 [raft-server-3-state] TRACE i.a.utils.serializer.KryoNamespace - class java.util.HashSet registered as 29
02:47:38.778 [raft-server-3-state] TRACE i.a.utils.serializer.KryoNamespace - class java.util.LinkedHashSet registered as 30
02:47:38.778 [raft-server-3-state] TRACE i.a.utils.serializer.KryoNamespace - class com.sun.jmx.remote.internal.ArrayQueue registered as 31
02:47:38.778 [raft-server-3-state] TRACE i.a.utils.serializer.KryoNamespace - class java.util.ArrayDeque registered as 32
02:47:38.778 [raft-server-3-state] TRACE i.a.utils.serializer.KryoNamespace - class com.google.common.collect.HashMultiset registered as 33
02:47:38.778 [raft-server-3-state] TRACE i.a.utils.serializer.KryoNamespace - class com.google.common.collect.Sets registered as 34
02:47:38.778 [raft-server-3-state] TRACE i.a.utils.serializer.KryoNamespace - class com.google.common.collect.ImmutableEntry registered as 35
02:47:38.778 [raft-server-3-state] TRACE i.a.utils.serializer.KryoNamespace - class java.util.Arrays$ArrayList registered as 36
02:47:38.778 [raft-server-3-state] TRACE i.a.utils.serializer.KryoNamespace - class java.util.Collections$SingletonList registered as 37
02:47:38.778 [raft-server-3-state] TRACE i.a.utils.serializer.KryoNamespace - class java.time.Duration registered as 38
02:47:38.778 [raft-server-3-state] TRACE i.a.utils.serializer.KryoNamespace - class java.util.Collections$EmptySet registered as 39
02:47:38.778 [raft-server-3-state] TRACE i.a.utils.serializer.KryoNamespace - class java.util.Optional registered as 40
02:47:38.778 [raft-server-3-state] TRACE i.a.utils.serializer.KryoNamespace - class java.util.Collections$EmptyList registered as 41
02:47:38.778 [raft-server-3-state] TRACE i.a.utils.serializer.KryoNamespace - class java.util.Collections$SingletonSet registered as 42
02:47:38.778 [raft-server-3-state] TRACE i.a.utils.serializer.KryoNamespace - class [I registered as 43
02:47:38.778 [raft-server-3-state] TRACE i.a.utils.serializer.KryoNamespace - class [J registered as 44
02:47:38.778 [raft-server-3-state] TRACE i.a.utils.serializer.KryoNamespace - class [S registered as 45
02:47:38.778 [raft-server-3-state] TRACE i.a.utils.serializer.KryoNamespace - class [D registered as 46
02:47:38.778 [raft-server-3-state] TRACE i.a.utils.serializer.KryoNamespace - class [F registered as 47
02:47:38.778 [raft-server-3-state] TRACE i.a.utils.serializer.KryoNamespace - class [C registered as 48
02:47:38.778 [raft-server-3-state] TRACE i.a.utils.serializer.KryoNamespace - class [Ljava.lang.String; registered as 49
02:47:38.778 [raft-server-3-state] TRACE i.a.utils.serializer.KryoNamespace - class [Z registered as 50
02:47:38.778 [raft-server-3-state] TRACE i.a.utils.serializer.KryoNamespace - class [Ljava.lang.Object; registered as 51
02:47:38.778 [raft-server-3-state] TRACE i.a.utils.serializer.KryoNamespace - class io.atomix.primitive.service.ServiceConfig registered as 52
02:47:38.779 [raft-server-3-state] TRACE i.a.utils.serializer.KryoNamespace - Creating Kryo instance for KryoNamespace{registeredBlocks=[RegistrationBlock{begin=16, types=[([Ljava.lang.Class;@6b321262,null), ([Ljava.lang.Class;@68b11545,null), ([Ljava.lang.Class;@7d0100ea,null), ([Ljava.lang.Class;@357bc488,null), ([Ljava.lang.Class;@4ea17147,io.atomix.utils.serializer.serializers.ImmutableListSerializer@2eda4eeb), ([Ljava.lang.Class;@5ba90d8a,io.atomix.utils.serializer.serializers.ImmutableSetSerializer@309dcdf3), ([Ljava.lang.Class;@7573b9ee,io.atomix.utils.serializer.serializers.ImmutableMapSerializer@9a20cbd), ([Ljava.lang.Class;@1af4955e,null), ([Ljava.lang.Class;@445821a6,null), ([Ljava.lang.Class;@2c0c4c0a,null), ([Ljava.lang.Class;@35d26ad2,null), ([Ljava.lang.Class;@bb25753,null), ([Ljava.lang.Class;@ee21292,null), ([Ljava.lang.Class;@40c06358,null), ([Ljava.lang.Class;@66e21568,null), ([Ljava.lang.Class;@7f73ce28,null), ([Ljava.lang.Class;@611b35d6,null), ([Ljava.lang.Class;@2282400e,null), ([Ljava.lang.Class;@543d5863,null), ([Ljava.lang.Class;@35dece42,null), ([Ljava.lang.Class;@dd3f8aa,io.atomix.utils.serializer.serializers.ArraysAsListSerializer@3d615b2e), ([Ljava.lang.Class;@3a1f2a1,null), ([Ljava.lang.Class;@40ce9049,null), ([Ljava.lang.Class;@52ca2652,null), ([Ljava.lang.Class;@65c5bf0e,null), ([Ljava.lang.Class;@697d6ded,null), ([Ljava.lang.Class;@5d05f453,null), ([Ljava.lang.Class;@5efeb117,null), ([Ljava.lang.Class;@160b4809,null), ([Ljava.lang.Class;@149b4d20,null), ([Ljava.lang.Class;@664e848c,null), ([Ljava.lang.Class;@4d93f75b,null), ([Ljava.lang.Class;@114a5e0,null), ([Ljava.lang.Class;@4f281aaf,null), ([Ljava.lang.Class;@5d508d22,null), ([Ljava.lang.Class;@f2b90fc,null)]}, RegistrationBlock{begin=52, types=[([Ljava.lang.Class;@630ff003,null)]}]}
02:47:38.779 [raft-server-3-state] TRACE i.a.utils.serializer.KryoNamespace - class [B registered as 16
02:47:38.779 [raft-server-3-state] TRACE i.a.utils.serializer.KryoNamespace - class java.util.concurrent.atomic.AtomicBoolean registered as 17
02:47:38.779 [raft-server-3-state] TRACE i.a.utils.serializer.KryoNamespace - class java.util.concurrent.atomic.AtomicInteger registered as 18
02:47:38.779 [raft-server-3-state] TRACE i.a.utils.serializer.KryoNamespace - class java.util.concurrent.atomic.AtomicLong registered as 19
02:47:38.779 [raft-server-3-state] TRACE i.a.utils.serializer.KryoNamespace - class com.google.common.collect.ImmutableList registered as 20
02:47:38.779 [raft-server-3-state] TRACE i.a.utils.serializer.KryoNamespace - class com.google.common.collect.RegularImmutableList registered as 20
02:47:38.779 [raft-server-3-state] TRACE i.a.utils.serializer.KryoNamespace - class com.google.common.collect.RegularImmutableList registered as 20
02:47:38.779 [raft-server-3-state] TRACE i.a.utils.serializer.KryoNamespace - class com.google.common.collect.ImmutableList$SubList registered as 20
02:47:38.779 [raft-server-3-state] TRACE i.a.utils.serializer.KryoNamespace - class com.google.common.collect.ImmutableSet registered as 21
02:47:38.779 [raft-server-3-state] TRACE i.a.utils.serializer.KryoNamespace - class com.google.common.collect.RegularImmutableSet registered as 21
02:47:38.779 [raft-server-3-state] TRACE i.a.utils.serializer.KryoNamespace - class com.google.common.collect.SingletonImmutableSet registered as 21
02:47:38.779 [raft-server-3-state] TRACE i.a.utils.serializer.KryoNamespace - class com.google.common.collect.RegularImmutableSet registered as 21
02:47:38.779 [raft-server-3-state] TRACE i.a.utils.serializer.KryoNamespace - class com.google.common.collect.ImmutableMap registered as 22
02:47:38.779 [raft-server-3-state] TRACE i.a.utils.serializer.KryoNamespace - class com.google.common.collect.RegularImmutableMap registered as 22
02:47:38.779 [raft-server-3-state] TRACE i.a.utils.serializer.KryoNamespace - class com.google.common.collect.RegularImmutableMap registered as 22
02:47:38.779 [raft-server-3-state] TRACE i.a.utils.serializer.KryoNamespace - class com.google.common.collect.RegularImmutableMap registered as 22
02:47:38.779 [raft-server-3-state] TRACE i.a.utils.serializer.KryoNamespace - class java.util.Collections$UnmodifiableSet registered as 23
02:47:38.779 [raft-server-3-state] TRACE i.a.utils.serializer.KryoNamespace - class java.util.HashMap registered as 24
02:47:38.779 [raft-server-3-state] TRACE i.a.utils.serializer.KryoNamespace - class java.util.concurrent.ConcurrentHashMap registered as 25
02:47:38.779 [raft-server-3-state] TRACE i.a.utils.serializer.KryoNamespace - class java.util.concurrent.CopyOnWriteArraySet registered as 26
02:47:38.779 [raft-server-3-state] TRACE i.a.utils.serializer.KryoNamespace - class java.util.ArrayList registered as 27
02:47:38.779 [raft-server-3-state] TRACE i.a.utils.serializer.KryoNamespace - class java.util.LinkedList registered as 28
02:47:38.779 [raft-server-3-state] TRACE i.a.utils.serializer.KryoNamespace - class java.util.HashSet registered as 29
02:47:38.779 [raft-server-3-state] TRACE i.a.utils.serializer.KryoNamespace - class java.util.LinkedHashSet registered as 30
02:47:38.779 [raft-server-3-state] TRACE i.a.utils.serializer.KryoNamespace - class com.sun.jmx.remote.internal.ArrayQueue registered as 31
02:47:38.779 [raft-server-3-state] TRACE i.a.utils.serializer.KryoNamespace - class java.util.ArrayDeque registered as 32
02:47:38.780 [raft-server-3-state] TRACE i.a.utils.serializer.KryoNamespace - class com.google.common.collect.HashMultiset registered as 33
02:47:38.780 [raft-server-3-state] TRACE i.a.utils.serializer.KryoNamespace - class com.google.common.collect.Sets registered as 34
02:47:38.780 [raft-server-3-state] TRACE i.a.utils.serializer.KryoNamespace - class com.google.common.collect.ImmutableEntry registered as 35
02:47:38.780 [raft-server-3-state] TRACE i.a.utils.serializer.KryoNamespace - class java.util.Arrays$ArrayList registered as 36
02:47:38.780 [raft-server-3-state] TRACE i.a.utils.serializer.KryoNamespace - class java.util.Collections$SingletonList registered as 37
02:47:38.780 [raft-server-3-state] TRACE i.a.utils.serializer.KryoNamespace - class java.time.Duration registered as 38
02:47:38.780 [raft-server-3-state] TRACE i.a.utils.serializer.KryoNamespace - class java.util.Collections$EmptySet registered as 39
02:47:38.780 [raft-server-3-state] TRACE i.a.utils.serializer.KryoNamespace - class java.util.Optional registered as 40
02:47:38.780 [raft-server-3-state] TRACE i.a.utils.serializer.KryoNamespace - class java.util.Collections$EmptyList registered as 41
02:47:38.780 [raft-server-3-state] TRACE i.a.utils.serializer.KryoNamespace - class java.util.Collections$SingletonSet registered as 42
02:47:38.780 [raft-server-3-state] TRACE i.a.utils.serializer.KryoNamespace - class [I registered as 43
02:47:38.780 [raft-server-3-state] TRACE i.a.utils.serializer.KryoNamespace - class [J registered as 44
02:47:38.780 [raft-server-3-state] TRACE i.a.utils.serializer.KryoNamespace - class [S registered as 45
02:47:38.780 [raft-server-2-state] TRACE i.a.utils.serializer.KryoNamespace - class java.util.Collections$SingletonSet registered as 42
02:47:38.780 [raft-server-2-state] TRACE i.a.utils.serializer.KryoNamespace - class [I registered as 43
02:47:38.780 [raft-server-2-state] TRACE i.a.utils.serializer.KryoNamespace - class [J registered as 44
02:47:38.780 [raft-server-2-state] TRACE i.a.utils.serializer.KryoNamespace - class [S registered as 45
02:47:38.780 [raft-server-2-state] TRACE i.a.utils.serializer.KryoNamespace - class [D registered as 46
02:47:38.780 [raft-server-2-state] TRACE i.a.utils.serializer.KryoNamespace - class [F registered as 47
02:47:38.780 [raft-server-2-state] TRACE i.a.utils.serializer.KryoNamespace - class [C registered as 48
02:47:38.780 [raft-server-2-state] TRACE i.a.utils.serializer.KryoNamespace - class [Ljava.lang.String; registered as 49
02:47:38.780 [raft-server-2-state] TRACE i.a.utils.serializer.KryoNamespace - class [Z registered as 50
02:47:38.780 [raft-server-2-state] TRACE i.a.utils.serializer.KryoNamespace - class [Ljava.lang.Object; registered as 51
02:47:38.780 [raft-server-2-state] TRACE i.a.utils.serializer.KryoNamespace - class io.atomix.primitive.service.ServiceConfig registered as 52
02:47:38.780 [raft-server-2-state] TRACE i.a.utils.serializer.KryoNamespace - Creating Kryo instance for KryoNamespace{registeredBlocks=[RegistrationBlock{begin=16, types=[([Ljava.lang.Class;@6b321262,null), ([Ljava.lang.Class;@68b11545,null), ([Ljava.lang.Class;@7d0100ea,null), ([Ljava.lang.Class;@357bc488,null), ([Ljava.lang.Class;@4ea17147,io.atomix.utils.serializer.serializers.ImmutableListSerializer@2eda4eeb), ([Ljava.lang.Class;@5ba90d8a,io.atomix.utils.serializer.serializers.ImmutableSetSerializer@309dcdf3), ([Ljava.lang.Class;@7573b9ee,io.atomix.utils.serializer.serializers.ImmutableMapSerializer@9a20cbd), ([Ljava.lang.Class;@1af4955e,null), ([Ljava.lang.Class;@445821a6,null), ([Ljava.lang.Class;@2c0c4c0a,null), ([Ljava.lang.Class;@35d26ad2,null), ([Ljava.lang.Class;@bb25753,null), ([Ljava.lang.Class;@ee21292,null), ([Ljava.lang.Class;@40c06358,null), ([Ljava.lang.Class;@66e21568,null), ([Ljava.lang.Class;@7f73ce28,null), ([Ljava.lang.Class;@611b35d6,null), ([Ljava.lang.Class;@2282400e,null), ([Ljava.lang.Class;@543d5863,null), ([Ljava.lang.Class;@35dece42,null), ([Ljava.lang.Class;@dd3f8aa,io.atomix.utils.serializer.serializers.ArraysAsListSerializer@3d615b2e), ([Ljava.lang.Class;@3a1f2a1,null), ([Ljava.lang.Class;@40ce9049,null), ([Ljava.lang.Class;@52ca2652,null), ([Ljava.lang.Class;@65c5bf0e,null), ([Ljava.lang.Class;@697d6ded,null), ([Ljava.lang.Class;@5d05f453,null), ([Ljava.lang.Class;@5efeb117,null), ([Ljava.lang.Class;@160b4809,null), ([Ljava.lang.Class;@149b4d20,null), ([Ljava.lang.Class;@664e848c,null), ([Ljava.lang.Class;@4d93f75b,null), ([Ljava.lang.Class;@114a5e0,null), ([Ljava.lang.Class;@4f281aaf,null), ([Ljava.lang.Class;@5d508d22,null), ([Ljava.lang.Class;@f2b90fc,null)]}, RegistrationBlock{begin=52, types=[([Ljava.lang.Class;@4ddee8ee,null)]}]}
02:47:38.781 [raft-server-2-state] TRACE i.a.utils.serializer.KryoNamespace - class [B registered as 16
02:47:38.781 [raft-server-2-state] TRACE i.a.utils.serializer.KryoNamespace - class java.util.concurrent.atomic.AtomicBoolean registered as 17
02:47:38.781 [raft-server-2-state] TRACE i.a.utils.serializer.KryoNamespace - class java.util.concurrent.atomic.AtomicInteger registered as 18
02:47:38.781 [raft-server-2-state] TRACE i.a.utils.serializer.KryoNamespace - class java.util.concurrent.atomic.AtomicLong registered as 19
02:47:38.781 [raft-server-2-state] TRACE i.a.utils.serializer.KryoNamespace - class com.google.common.collect.ImmutableList registered as 20
02:47:38.781 [raft-server-2-state] TRACE i.a.utils.serializer.KryoNamespace - class com.google.common.collect.RegularImmutableList registered as 20
02:47:38.781 [raft-server-2-state] TRACE i.a.utils.serializer.KryoNamespace - class com.google.common.collect.RegularImmutableList registered as 20
02:47:38.781 [raft-server-2-state] TRACE i.a.utils.serializer.KryoNamespace - class com.google.common.collect.ImmutableList$SubList registered as 20
02:47:38.781 [raft-server-2-state] TRACE i.a.utils.serializer.KryoNamespace - class com.google.common.collect.ImmutableSet registered as 21
02:47:38.781 [raft-server-2-state] TRACE i.a.utils.serializer.KryoNamespace - class com.google.common.collect.RegularImmutableSet registered as 21
02:47:38.781 [raft-server-2-state] TRACE i.a.utils.serializer.KryoNamespace - class com.google.common.collect.SingletonImmutableSet registered as 21
02:47:38.781 [raft-server-2-state] TRACE i.a.utils.serializer.KryoNamespace - class com.google.common.collect.RegularImmutableSet registered as 21
02:47:38.781 [raft-server-2-state] TRACE i.a.utils.serializer.KryoNamespace - class com.google.common.collect.ImmutableMap registered as 22
02:47:38.781 [raft-server-2-state] TRACE i.a.utils.serializer.KryoNamespace - class com.google.common.collect.RegularImmutableMap registered as 22
02:47:38.781 [raft-server-2-state] TRACE i.a.utils.serializer.KryoNamespace - class com.google.common.collect.RegularImmutableMap registered as 22
02:47:38.781 [raft-server-2-state] TRACE i.a.utils.serializer.KryoNamespace - class com.google.common.collect.RegularImmutableMap registered as 22
02:47:38.781 [raft-server-2-state] TRACE i.a.utils.serializer.KryoNamespace - class java.util.Collections$UnmodifiableSet registered as 23
02:47:38.781 [raft-server-3-state] TRACE i.a.utils.serializer.KryoNamespace - class [D registered as 46
02:47:38.781 [raft-server-2-state] TRACE i.a.utils.serializer.KryoNamespace - class java.util.HashMap registered as 24
02:47:38.781 [raft-server-3-state] TRACE i.a.utils.serializer.KryoNamespace - class [F registered as 47
02:47:38.781 [raft-server-2-state] TRACE i.a.utils.serializer.KryoNamespace - class java.util.concurrent.ConcurrentHashMap registered as 25
02:47:38.781 [raft-server-3-state] TRACE i.a.utils.serializer.KryoNamespace - class [C registered as 48
02:47:38.781 [raft-server-2-state] TRACE i.a.utils.serializer.KryoNamespace - class java.util.concurrent.CopyOnWriteArraySet registered as 26
02:47:38.781 [raft-server-3-state] TRACE i.a.utils.serializer.KryoNamespace - class [Ljava.lang.String; registered as 49
02:47:38.781 [raft-server-2-state] TRACE i.a.utils.serializer.KryoNamespace - class java.util.ArrayList registered as 27
02:47:38.781 [raft-server-3-state] TRACE i.a.utils.serializer.KryoNamespace - class [Z registered as 50
02:47:38.781 [raft-server-2-state] TRACE i.a.utils.serializer.KryoNamespace - class java.util.LinkedList registered as 28
02:47:38.781 [raft-server-3-state] TRACE i.a.utils.serializer.KryoNamespace - class [Ljava.lang.Object; registered as 51
02:47:38.781 [raft-server-2-state] TRACE i.a.utils.serializer.KryoNamespace - class java.util.HashSet registered as 29
02:47:38.781 [raft-server-3-state] TRACE i.a.utils.serializer.KryoNamespace - class io.atomix.primitive.service.ServiceConfig registered as 52
02:47:38.782 [raft-server-2-state] TRACE i.a.utils.serializer.KryoNamespace - class java.util.LinkedHashSet registered as 30
02:47:38.782 [raft-server-2-state] TRACE i.a.utils.serializer.KryoNamespace - class com.sun.jmx.remote.internal.ArrayQueue registered as 31
02:47:38.782 [raft-server-2-state] TRACE i.a.utils.serializer.KryoNamespace - class java.util.ArrayDeque registered as 32
02:47:38.782 [raft-server-2-state] TRACE i.a.utils.serializer.KryoNamespace - class com.google.common.collect.HashMultiset registered as 33
02:47:38.782 [raft-server-3-state] DEBUG i.a.p.s.impl.DefaultServiceExecutor - PrimitiveService{2}{type=io.atomix.protocols.raft.RaftTest$TestPrimitiveType@260d6206, name=raft-test} - Registered operation callback DefaultOperationId{id=sendEvent, type=COMMAND}
02:47:38.782 [raft-server-2-state] TRACE i.a.utils.serializer.KryoNamespace - class com.google.common.collect.Sets registered as 34
02:47:38.782 [raft-server-3-state] DEBUG i.a.p.s.impl.DefaultServiceExecutor - PrimitiveService{2}{type=io.atomix.protocols.raft.RaftTest$TestPrimitiveType@260d6206, name=raft-test} - Registered operation callback DefaultOperationId{id=onClose, type=COMMAND}
02:47:38.782 [raft-server-2-state] TRACE i.a.utils.serializer.KryoNamespace - class com.google.common.collect.ImmutableEntry registered as 35
02:47:38.783 [raft-server-3-state] DEBUG i.a.p.s.impl.DefaultServiceExecutor - PrimitiveService{2}{type=io.atomix.protocols.raft.RaftTest$TestPrimitiveType@260d6206, name=raft-test} - Registered operation callback DefaultOperationId{id=read, type=QUERY}
02:47:38.783 [raft-server-2-state] TRACE i.a.utils.serializer.KryoNamespace - class java.util.Arrays$ArrayList registered as 36
02:47:38.783 [raft-server-3-state] DEBUG i.a.p.s.impl.DefaultServiceExecutor - PrimitiveService{2}{type=io.atomix.protocols.raft.RaftTest$TestPrimitiveType@260d6206, name=raft-test} - Registered operation callback DefaultOperationId{id=onExpire, type=COMMAND}
02:47:38.783 [raft-server-1] TRACE i.a.protocols.raft.roles.LeaderRole - RaftServer{1}{role=LEADER} - Appended Indexed{index=4, entry=KeepAliveEntry{term=1, timestamp=2018-06-09 02:47:38,776, sessionIds=long[]{length=1, hash=33}, commandSequences=long[]{length=1, hash=31}, eventIndexes=long[]{length=1, hash=33}}}
02:47:38.783 [raft-server-2-state] TRACE i.a.utils.serializer.KryoNamespace - class java.util.Collections$SingletonList registered as 37
02:47:38.783 [raft-server-3-state] DEBUG i.a.p.s.impl.DefaultServiceExecutor - PrimitiveService{2}{type=io.atomix.protocols.raft.RaftTest$TestPrimitiveType@260d6206, name=raft-test} - Registered operation callback DefaultOperationId{id=write, type=COMMAND}
02:47:38.783 [raft-server-2-state] TRACE i.a.utils.serializer.KryoNamespace - class java.time.Duration registered as 38
02:47:38.783 [raft-server-1] TRACE i.a.p.raft.roles.LeaderAppender - RaftServer{1} - Received AppendResponse{status=OK, term=1, succeeded=true, lastLogIndex=3} from 3
02:47:38.783 [raft-server-2-state] TRACE i.a.utils.serializer.KryoNamespace - class java.util.Collections$EmptySet registered as 39
02:47:38.783 [raft-server-3-state] TRACE i.a.utils.serializer.KryoNamespace - Creating Kryo instance for KryoNamespace{registeredBlocks=[RegistrationBlock{begin=16, types=[([Ljava.lang.Class;@6b321262,null), ([Ljava.lang.Class;@68b11545,null), ([Ljava.lang.Class;@7d0100ea,null), ([Ljava.lang.Class;@357bc488,null), ([Ljava.lang.Class;@4ea17147,io.atomix.utils.serializer.serializers.ImmutableListSerializer@2eda4eeb), ([Ljava.lang.Class;@5ba90d8a,io.atomix.utils.serializer.serializers.ImmutableSetSerializer@309dcdf3), ([Ljava.lang.Class;@7573b9ee,io.atomix.utils.serializer.serializers.ImmutableMapSerializer@9a20cbd), ([Ljava.lang.Class;@1af4955e,null), ([Ljava.lang.Class;@445821a6,null), ([Ljava.lang.Class;@2c0c4c0a,null), ([Ljava.lang.Class;@35d26ad2,null), ([Ljava.lang.Class;@bb25753,null), ([Ljava.lang.Class;@ee21292,null), ([Ljava.lang.Class;@40c06358,null), ([Ljava.lang.Class;@66e21568,null), ([Ljava.lang.Class;@7f73ce28,null), ([Ljava.lang.Class;@611b35d6,null), ([Ljava.lang.Class;@2282400e,null), ([Ljava.lang.Class;@543d5863,null), ([Ljava.lang.Class;@35dece42,null), ([Ljava.lang.Class;@dd3f8aa,io.atomix.utils.serializer.serializers.ArraysAsListSerializer@3d615b2e), ([Ljava.lang.Class;@3a1f2a1,null), ([Ljava.lang.Class;@40ce9049,null), ([Ljava.lang.Class;@52ca2652,null), ([Ljava.lang.Class;@65c5bf0e,null), ([Ljava.lang.Class;@697d6ded,null), ([Ljava.lang.Class;@5d05f453,null), ([Ljava.lang.Class;@5efeb117,null), ([Ljava.lang.Class;@160b4809,null), ([Ljava.lang.Class;@149b4d20,null), ([Ljava.lang.Class;@664e848c,null), ([Ljava.lang.Class;@4d93f75b,null), ([Ljava.lang.Class;@114a5e0,null), ([Ljava.lang.Class;@4f281aaf,null), ([Ljava.lang.Class;@5d508d22,null), ([Ljava.lang.Class;@f2b90fc,null)]}, RegistrationBlock{begin=52, types=[([Ljava.lang.Class;@73f459b7,null)]}]}
02:47:38.783 [raft-server-1] TRACE i.a.p.raft.roles.LeaderAppender - RaftServer{1} - Committed entries up to 3
02:47:38.783 [raft-server-2-state] TRACE i.a.utils.serializer.KryoNamespace - class java.util.Optional registered as 40
02:47:38.783 [raft-server-3-state] TRACE i.a.utils.serializer.KryoNamespace - class [B registered as 16
02:47:38.784 [raft-server-2-state] TRACE i.a.utils.serializer.KryoNamespace - class java.util.Collections$EmptyList registered as 41
02:47:38.784 [raft-server-3-state] TRACE i.a.utils.serializer.KryoNamespace - class java.util.concurrent.atomic.AtomicBoolean registered as 17
02:47:38.784 [raft-server-2-state] TRACE i.a.utils.serializer.KryoNamespace - class java.util.Collections$SingletonSet registered as 42
02:47:38.784 [raft-server-3-state] TRACE i.a.utils.serializer.KryoNamespace - class java.util.concurrent.atomic.AtomicInteger registered as 18
02:47:38.784 [raft-server-2-state] TRACE i.a.utils.serializer.KryoNamespace - class [I registered as 43
02:47:38.784 [raft-server-3-state] TRACE i.a.utils.serializer.KryoNamespace - class java.util.concurrent.atomic.AtomicLong registered as 19
02:47:38.784 [raft-server-2-state] TRACE i.a.utils.serializer.KryoNamespace - class [J registered as 44
02:47:38.784 [raft-server-3-state] TRACE i.a.utils.serializer.KryoNamespace - class com.google.common.collect.ImmutableList registered as 20
02:47:38.784 [raft-server-2-state] TRACE i.a.utils.serializer.KryoNamespace - class [S registered as 45
02:47:38.784 [raft-server-3-state] TRACE i.a.utils.serializer.KryoNamespace - class com.google.common.collect.RegularImmutableList registered as 20
02:47:38.784 [raft-server-2-state] TRACE i.a.utils.serializer.KryoNamespace - class [D registered as 46
02:47:38.784 [raft-server-3-state] TRACE i.a.utils.serializer.KryoNamespace - class com.google.common.collect.RegularImmutableList registered as 20
02:47:38.784 [raft-server-2-state] TRACE i.a.utils.serializer.KryoNamespace - class [F registered as 47
02:47:38.784 [raft-server-3-state] TRACE i.a.utils.serializer.KryoNamespace - class com.google.common.collect.ImmutableList$SubList registered as 20
02:47:38.784 [raft-server-2-state] TRACE i.a.utils.serializer.KryoNamespace - class [C registered as 48
02:47:38.784 [raft-server-3-state] TRACE i.a.utils.serializer.KryoNamespace - class com.google.common.collect.ImmutableSet registered as 21
02:47:38.784 [raft-server-2-state] TRACE i.a.utils.serializer.KryoNamespace - class [Ljava.lang.String; registered as 49
02:47:38.784 [raft-server-3-state] TRACE i.a.utils.serializer.KryoNamespace - class com.google.common.collect.RegularImmutableSet registered as 21
02:47:38.784 [raft-server-2-state] TRACE i.a.utils.serializer.KryoNamespace - class [Z registered as 50
02:47:38.784 [raft-server-3-state] TRACE i.a.utils.serializer.KryoNamespace - class com.google.common.collect.SingletonImmutableSet registered as 21
02:47:38.784 [raft-server-2-state] TRACE i.a.utils.serializer.KryoNamespace - class [Ljava.lang.Object; registered as 51
02:47:38.784 [raft-server-3-state] TRACE i.a.utils.serializer.KryoNamespace - class com.google.common.collect.RegularImmutableSet registered as 21
02:47:38.785 [raft-server-2-state] TRACE i.a.utils.serializer.KryoNamespace - class io.atomix.primitive.service.ServiceConfig registered as 52
02:47:38.785 [raft-server-3-state] TRACE i.a.utils.serializer.KryoNamespace - class com.google.common.collect.ImmutableMap registered as 22
02:47:38.785 [raft-server-3-state] TRACE i.a.utils.serializer.KryoNamespace - class com.google.common.collect.RegularImmutableMap registered as 22
02:47:38.785 [raft-server-3-state] TRACE i.a.utils.serializer.KryoNamespace - class com.google.common.collect.RegularImmutableMap registered as 22
02:47:38.785 [raft-server-3-state] TRACE i.a.utils.serializer.KryoNamespace - class com.google.common.collect.RegularImmutableMap registered as 22
02:47:38.785 [raft-server-3-state] TRACE i.a.utils.serializer.KryoNamespace - class java.util.Collections$UnmodifiableSet registered as 23
02:47:38.785 [raft-server-3-state] TRACE i.a.utils.serializer.KryoNamespace - class java.util.HashMap registered as 24
02:47:38.785 [raft-server-2-state] DEBUG i.a.p.s.impl.DefaultServiceExecutor - PrimitiveService{2}{type=io.atomix.protocols.raft.RaftTest$TestPrimitiveType@8dc7f31, name=raft-test} - Registered operation callback DefaultOperationId{id=sendEvent, type=COMMAND}
02:47:38.785 [raft-server-3-state] TRACE i.a.utils.serializer.KryoNamespace - class java.util.concurrent.ConcurrentHashMap registered as 25
02:47:38.785 [raft-server-2-state] DEBUG i.a.p.s.impl.DefaultServiceExecutor - PrimitiveService{2}{type=io.atomix.protocols.raft.RaftTest$TestPrimitiveType@8dc7f31, name=raft-test} - Registered operation callback DefaultOperationId{id=onClose, type=COMMAND}
02:47:38.785 [raft-server-3-state] TRACE i.a.utils.serializer.KryoNamespace - class java.util.concurrent.CopyOnWriteArraySet registered as 26
02:47:38.785 [raft-server-2-state] DEBUG i.a.p.s.impl.DefaultServiceExecutor - PrimitiveService{2}{type=io.atomix.protocols.raft.RaftTest$TestPrimitiveType@8dc7f31, name=raft-test} - Registered operation callback DefaultOperationId{id=read, type=QUERY}
02:47:38.785 [raft-server-3-state] TRACE i.a.utils.serializer.KryoNamespace - class java.util.ArrayList registered as 27
02:47:38.785 [raft-server-2-state] DEBUG i.a.p.s.impl.DefaultServiceExecutor - PrimitiveService{2}{type=io.atomix.protocols.raft.RaftTest$TestPrimitiveType@8dc7f31, name=raft-test} - Registered operation callback DefaultOperationId{id=onExpire, type=COMMAND}
02:47:38.786 [raft-server-3-state] TRACE i.a.utils.serializer.KryoNamespace - class java.util.LinkedList registered as 28
02:47:38.786 [raft-server-2-state] DEBUG i.a.p.s.impl.DefaultServiceExecutor - PrimitiveService{2}{type=io.atomix.protocols.raft.RaftTest$TestPrimitiveType@8dc7f31, name=raft-test} - Registered operation callback DefaultOperationId{id=write, type=COMMAND}
02:47:38.786 [raft-server-3-state] TRACE i.a.utils.serializer.KryoNamespace - class java.util.HashSet registered as 29
02:47:38.786 [raft-server-2-state] TRACE i.a.utils.serializer.KryoNamespace - Creating Kryo instance for KryoNamespace{registeredBlocks=[RegistrationBlock{begin=16, types=[([Ljava.lang.Class;@6b321262,null), ([Ljava.lang.Class;@68b11545,null), ([Ljava.lang.Class;@7d0100ea,null), ([Ljava.lang.Class;@357bc488,null), ([Ljava.lang.Class;@4ea17147,io.atomix.utils.serializer.serializers.ImmutableListSerializer@2eda4eeb), ([Ljava.lang.Class;@5ba90d8a,io.atomix.utils.serializer.serializers.ImmutableSetSerializer@309dcdf3), ([Ljava.lang.Class;@7573b9ee,io.atomix.utils.serializer.serializers.ImmutableMapSerializer@9a20cbd), ([Ljava.lang.Class;@1af4955e,null), ([Ljava.lang.Class;@445821a6,null), ([Ljava.lang.Class;@2c0c4c0a,null), ([Ljava.lang.Class;@35d26ad2,null), ([Ljava.lang.Class;@bb25753,null), ([Ljava.lang.Class;@ee21292,null), ([Ljava.lang.Class;@40c06358,null), ([Ljava.lang.Class;@66e21568,null), ([Ljava.lang.Class;@7f73ce28,null), ([Ljava.lang.Class;@611b35d6,null), ([Ljava.lang.Class;@2282400e,null), ([Ljava.lang.Class;@543d5863,null), ([Ljava.lang.Class;@35dece42,null), ([Ljava.lang.Class;@dd3f8aa,io.atomix.utils.serializer.serializers.ArraysAsListSerializer@3d615b2e), ([Ljava.lang.Class;@3a1f2a1,null), ([Ljava.lang.Class;@40ce9049,null), ([Ljava.lang.Class;@52ca2652,null), ([Ljava.lang.Class;@65c5bf0e,null), ([Ljava.lang.Class;@697d6ded,null), ([Ljava.lang.Class;@5d05f453,null), ([Ljava.lang.Class;@5efeb117,null), ([Ljava.lang.Class;@160b4809,null), ([Ljava.lang.Class;@149b4d20,null), ([Ljava.lang.Class;@664e848c,null), ([Ljava.lang.Class;@4d93f75b,null), ([Ljava.lang.Class;@114a5e0,null), ([Ljava.lang.Class;@4f281aaf,null), ([Ljava.lang.Class;@5d508d22,null), ([Ljava.lang.Class;@f2b90fc,null)]}, RegistrationBlock{begin=52, types=[([Ljava.lang.Class;@7b9527c7,null)]}]}
02:47:38.786 [raft-server-3-state] TRACE i.a.utils.serializer.KryoNamespace - class java.util.LinkedHashSet registered as 30
02:47:38.786 [raft-server-2-state] TRACE i.a.utils.serializer.KryoNamespace - class [B registered as 16
02:47:38.786 [raft-server-3-state] TRACE i.a.utils.serializer.KryoNamespace - class com.sun.jmx.remote.internal.ArrayQueue registered as 31
02:47:38.786 [raft-server-2-state] TRACE i.a.utils.serializer.KryoNamespace - class java.util.concurrent.atomic.AtomicBoolean registered as 17
02:47:38.786 [raft-server-3-state] TRACE i.a.utils.serializer.KryoNamespace - class java.util.ArrayDeque registered as 32
02:47:38.786 [raft-server-2-state] TRACE i.a.utils.serializer.KryoNamespace - class java.util.concurrent.atomic.AtomicInteger registered as 18
02:47:38.786 [raft-server-3-state] TRACE i.a.utils.serializer.KryoNamespace - class com.google.common.collect.HashMultiset registered as 33
02:47:38.787 [raft-server-2-state] TRACE i.a.utils.serializer.KryoNamespace - class java.util.concurrent.atomic.AtomicLong registered as 19
02:47:38.787 [raft-server-3-state] TRACE i.a.utils.serializer.KryoNamespace - class com.google.common.collect.Sets registered as 34
02:47:38.787 [raft-server-2-state] TRACE i.a.utils.serializer.KryoNamespace - class com.google.common.collect.ImmutableList registered as 20
02:47:38.787 [raft-server-3-state] TRACE i.a.utils.serializer.KryoNamespace - class com.google.common.collect.ImmutableEntry registered as 35
02:47:38.787 [raft-server-2-state] TRACE i.a.utils.serializer.KryoNamespace - class com.google.common.collect.RegularImmutableList registered as 20
02:47:38.787 [raft-server-3-state] TRACE i.a.utils.serializer.KryoNamespace - class java.util.Arrays$ArrayList registered as 36
02:47:38.787 [raft-server-2-state] TRACE i.a.utils.serializer.KryoNamespace - class com.google.common.collect.RegularImmutableList registered as 20
02:47:38.787 [raft-server-3-state] TRACE i.a.utils.serializer.KryoNamespace - class java.util.Collections$SingletonList registered as 37
02:47:38.787 [raft-server-2-state] TRACE i.a.utils.serializer.KryoNamespace - class com.google.common.collect.ImmutableList$SubList registered as 20
02:47:38.787 [raft-server-3-state] TRACE i.a.utils.serializer.KryoNamespace - class java.time.Duration registered as 38
02:47:38.787 [raft-server-2-state] TRACE i.a.utils.serializer.KryoNamespace - class com.google.common.collect.ImmutableSet registered as 21
02:47:38.787 [raft-server-3-state] TRACE i.a.utils.serializer.KryoNamespace - class java.util.Collections$EmptySet registered as 39
02:47:38.787 [raft-server-2-state] TRACE i.a.utils.serializer.KryoNamespace - class com.google.common.collect.RegularImmutableSet registered as 21
02:47:38.787 [raft-server-3-state] TRACE i.a.utils.serializer.KryoNamespace - class java.util.Optional registered as 40
02:47:38.787 [raft-server-2-state] TRACE i.a.utils.serializer.KryoNamespace - class com.google.common.collect.SingletonImmutableSet registered as 21
02:47:38.787 [raft-server-2-state] TRACE i.a.utils.serializer.KryoNamespace - class com.google.common.collect.RegularImmutableSet registered as 21
02:47:38.787 [raft-server-3-state] TRACE i.a.utils.serializer.KryoNamespace - class java.util.Collections$EmptyList registered as 41
02:47:38.787 [raft-server-2-state] TRACE i.a.utils.serializer.KryoNamespace - class com.google.common.collect.ImmutableMap registered as 22
02:47:38.788 [raft-server-3-state] TRACE i.a.utils.serializer.KryoNamespace - class java.util.Collections$SingletonSet registered as 42
02:47:38.788 [raft-server-2-state] TRACE i.a.utils.serializer.KryoNamespace - class com.google.common.collect.RegularImmutableMap registered as 22
02:47:38.788 [raft-server-2-state] TRACE i.a.utils.serializer.KryoNamespace - class com.google.common.collect.RegularImmutableMap registered as 22
02:47:38.788 [raft-server-3-state] TRACE i.a.utils.serializer.KryoNamespace - class [I registered as 43
02:47:38.788 [raft-server-2-state] TRACE i.a.utils.serializer.KryoNamespace - class com.google.common.collect.RegularImmutableMap registered as 22
02:47:38.788 [raft-server-3-state] TRACE i.a.utils.serializer.KryoNamespace - class [J registered as 44
02:47:38.788 [raft-server-2-state] TRACE i.a.utils.serializer.KryoNamespace - class java.util.Collections$UnmodifiableSet registered as 23
02:47:38.788 [raft-server-3-state] TRACE i.a.utils.serializer.KryoNamespace - class [S registered as 45
02:47:38.788 [raft-server-2-state] TRACE i.a.utils.serializer.KryoNamespace - class java.util.HashMap registered as 24
02:47:38.788 [raft-server-3-state] TRACE i.a.utils.serializer.KryoNamespace - class [D registered as 46
02:47:38.788 [raft-server-2-state] TRACE i.a.utils.serializer.KryoNamespace - class java.util.concurrent.ConcurrentHashMap registered as 25
02:47:38.788 [raft-server-3-state] TRACE i.a.utils.serializer.KryoNamespace - class [F registered as 47
02:47:38.788 [raft-server-2-state] TRACE i.a.utils.serializer.KryoNamespace - class java.util.concurrent.CopyOnWriteArraySet registered as 26
02:47:38.788 [raft-server-3-state] TRACE i.a.utils.serializer.KryoNamespace - class [C registered as 48
02:47:38.788 [raft-server-2-state] TRACE i.a.utils.serializer.KryoNamespace - class java.util.ArrayList registered as 27
02:47:38.788 [raft-server-3-state] TRACE i.a.utils.serializer.KryoNamespace - class [Ljava.lang.String; registered as 49
02:47:38.788 [raft-server-2-state] TRACE i.a.utils.serializer.KryoNamespace - class java.util.LinkedList registered as 28
02:47:38.788 [raft-server-3-state] TRACE i.a.utils.serializer.KryoNamespace - class [Z registered as 50
02:47:38.788 [raft-server-2-state] TRACE i.a.utils.serializer.KryoNamespace - class java.util.HashSet registered as 29
02:47:38.788 [raft-server-3-state] TRACE i.a.utils.serializer.KryoNamespace - class [Ljava.lang.Object; registered as 51
02:47:38.788 [raft-server-2-state] TRACE i.a.utils.serializer.KryoNamespace - class java.util.LinkedHashSet registered as 30
02:47:38.788 [raft-server-3-state] TRACE i.a.utils.serializer.KryoNamespace - class io.atomix.primitive.service.ServiceConfig registered as 52
02:47:38.788 [raft-server-2-state] TRACE i.a.utils.serializer.KryoNamespace - class com.sun.jmx.remote.internal.ArrayQueue registered as 31
02:47:38.788 [raft-server-3-state] DEBUG i.a.p.r.service.RaftServiceContext - PrimitiveService{2}{type=io.atomix.protocols.raft.RaftTest$TestPrimitiveType@260d6206, name=raft-test} - Opening session 2
02:47:38.788 [raft-server-2-state] TRACE i.a.utils.serializer.KryoNamespace - class java.util.ArrayDeque registered as 32
02:47:38.788 [raft-server-3-state] DEBUG i.a.p.raft.session.RaftSession - Session{2}{type=io.atomix.protocols.raft.RaftTest$TestPrimitiveType@260d6206, name=raft-test} - State changed: OPEN
02:47:38.789 [raft-server-2-state] TRACE i.a.utils.serializer.KryoNamespace - class com.google.common.collect.HashMultiset registered as 33
02:47:38.789 [raft-server-2-state] TRACE i.a.utils.serializer.KryoNamespace - class com.google.common.collect.Sets registered as 34
02:47:38.789 [raft-server-2-state] TRACE i.a.utils.serializer.KryoNamespace - class com.google.common.collect.ImmutableEntry registered as 35
02:47:38.789 [raft-server-2-state] TRACE i.a.utils.serializer.KryoNamespace - class java.util.Arrays$ArrayList registered as 36
02:47:38.789 [raft-server-2-state] TRACE i.a.utils.serializer.KryoNamespace - class java.util.Collections$SingletonList registered as 37
02:47:38.789 [raft-server-2-state] TRACE i.a.utils.serializer.KryoNamespace - class java.time.Duration registered as 38
02:47:38.789 [raft-server-2-state] TRACE i.a.utils.serializer.KryoNamespace - class java.util.Collections$EmptySet registered as 39
02:47:38.789 [raft-server-2-state] TRACE i.a.utils.serializer.KryoNamespace - class java.util.Optional registered as 40
02:47:38.789 [raft-server-2-state] TRACE i.a.utils.serializer.KryoNamespace - class java.util.Collections$EmptyList registered as 41
02:47:38.789 [raft-server-2-state] TRACE i.a.utils.serializer.KryoNamespace - class java.util.Collections$SingletonSet registered as 42
02:47:38.789 [raft-server-2-state] TRACE i.a.utils.serializer.KryoNamespace - class [I registered as 43
02:47:38.789 [raft-server-2-state] TRACE i.a.utils.serializer.KryoNamespace - class [J registered as 44
02:47:38.789 [raft-server-2-state] TRACE i.a.utils.serializer.KryoNamespace - class [S registered as 45
02:47:38.789 [raft-server-2-state] TRACE i.a.utils.serializer.KryoNamespace - class [D registered as 46
02:47:38.789 [raft-server-2-state] TRACE i.a.utils.serializer.KryoNamespace - class [F registered as 47
02:47:38.789 [raft-server-2-state] TRACE i.a.utils.serializer.KryoNamespace - class [C registered as 48
02:47:38.789 [raft-server-2-state] TRACE i.a.utils.serializer.KryoNamespace - class [Ljava.lang.String; registered as 49
02:47:38.789 [raft-server-2-state] TRACE i.a.utils.serializer.KryoNamespace - class [Z registered as 50
02:47:38.789 [raft-server-2-state] TRACE i.a.utils.serializer.KryoNamespace - class [Ljava.lang.Object; registered as 51
02:47:38.789 [raft-server-2-state] TRACE i.a.utils.serializer.KryoNamespace - class io.atomix.primitive.service.ServiceConfig registered as 52
02:47:38.789 [raft-server-2-state] DEBUG i.a.p.r.service.RaftServiceContext - PrimitiveService{2}{type=io.atomix.protocols.raft.RaftTest$TestPrimitiveType@8dc7f31, name=raft-test} - Opening session 2
02:47:38.790 [raft-server-2-state] DEBUG i.a.p.raft.session.RaftSession - Session{2}{type=io.atomix.protocols.raft.RaftTest$TestPrimitiveType@8dc7f31, name=raft-test} - State changed: OPEN
02:47:38.813 [raft-server-1] TRACE i.a.p.raft.roles.LeaderAppender - RaftServer{1} - Sending AppendRequest{term=1, leader=1, prevLogIndex=3, prevLogTerm=1, entries=1, commitIndex=3} to 3
02:47:38.813 [raft-server-3] TRACE i.a.p.raft.roles.FollowerRole - RaftServer{3}{role=FOLLOWER} - Received AppendRequest{term=1, leader=1, prevLogIndex=3, prevLogTerm=1, entries=1, commitIndex=3}
02:47:38.813 [raft-server-3] TRACE i.a.p.raft.roles.FollowerRole - RaftServer{3}{role=FOLLOWER} - Appended Indexed{index=4, entry=KeepAliveEntry{term=1, timestamp=2018-06-09 02:47:38,776, sessionIds=long[]{length=1, hash=33}, commandSequences=long[]{length=1, hash=31}, eventIndexes=long[]{length=1, hash=33}}}
02:47:38.814 [raft-server-1] TRACE i.a.p.raft.roles.LeaderAppender - RaftServer{1} - Received AppendResponse{status=OK, term=1, succeeded=true, lastLogIndex=3} from 2
02:47:38.814 [raft-server-1] TRACE i.a.p.raft.roles.LeaderAppender - RaftServer{1} - Sending AppendRequest{term=1, leader=1, prevLogIndex=3, prevLogTerm=1, entries=1, commitIndex=3} to 2
02:47:38.814 [raft-server-2] TRACE i.a.p.raft.roles.FollowerRole - RaftServer{2}{role=FOLLOWER} - Received AppendRequest{term=1, leader=1, prevLogIndex=3, prevLogTerm=1, entries=1, commitIndex=3}
02:47:38.814 [raft-server-1-state] TRACE i.a.p.raft.impl.RaftServiceManager - RaftServer{1} - Applying Indexed{index=3, entry=CommandEntry{term=1, timestamp=2018-06-09 02:47:38,743, session=2, sequence=1, operation=PrimitiveOperation{id=DefaultOperationId{id=write, type=COMMAND}, value=byte[]{length=17, hash=-1644578928}}}}
02:47:38.814 [raft-server-2] TRACE i.a.p.raft.roles.FollowerRole - RaftServer{2}{role=FOLLOWER} - Appended Indexed{index=4, entry=KeepAliveEntry{term=1, timestamp=2018-06-09 02:47:38,776, sessionIds=long[]{length=1, hash=33}, commandSequences=long[]{length=1, hash=31}, eventIndexes=long[]{length=1, hash=33}}}
02:47:38.814 [raft-server-1-state] TRACE i.a.p.s.impl.DefaultServiceExecutor - PrimitiveService{2}{type=io.atomix.protocols.raft.RaftTest$TestPrimitiveType@35843ad0, name=raft-test} - Executing DefaultCommit{index=3, session=RaftSession{RaftServiceContext{server=1, type=io.atomix.protocols.raft.RaftTest$TestPrimitiveType@35843ad0, name=raft-test, id=2}, session=2, timestamp=2018-06-09 02:47:38,743}, time=2018-06-09 02:47:38,743, operation=DefaultOperationId{id=write, type=COMMAND}, value=byte[]{length=17, hash=-1644578928}}
02:47:38.814 [raft-server-1-state] TRACE i.a.protocols.raft.roles.LeaderRole - RaftServer{1}{role=LEADER} - Sending CommandResponse{status=OK, index=3, eventIndex=2, result=byte[]{length=2, hash=1246}}
02:47:38.815 [raft-client-613ce1dd-77b1-4b52-a0bf-d277cef86e4f-0] TRACE i.a.p.r.p.impl.RaftProxyConnection - SessionClient{2}{type=io.atomix.protocols.raft.RaftTest$TestPrimitiveType@35bfa1bb, name=raft-test} - Received CommandResponse{status=OK, index=3, eventIndex=2, result=byte[]{length=2, hash=1246}} from 1
02:47:38.815 [raft-client-613ce1dd-77b1-4b52-a0bf-d277cef86e4f-0] TRACE i.a.p.r.p.impl.RaftProxySequencer - SessionClient{2}{type=io.atomix.protocols.raft.RaftTest$TestPrimitiveType@35bfa1bb, name=raft-test} - Completing response CommandResponse{status=OK, index=3, eventIndex=2, result=byte[]{length=2, hash=1246}}
02:47:38.819 [raft-client-613ce1dd-77b1-4b52-a0bf-d277cef86e4f-2] TRACE i.a.p.r.p.impl.RaftProxyConnection - SessionClient{2}{type=io.atomix.protocols.raft.RaftTest$TestPrimitiveType@35bfa1bb, name=raft-test} - Sending CommandRequest{session=2, sequence=2, operation=PrimitiveOperation{id=DefaultOperationId{id=write, type=COMMAND}, value=byte[]{length=17, hash=-1644578928}}} to 1
02:47:38.819 [raft-server-1] TRACE i.a.protocols.raft.roles.LeaderRole - RaftServer{1}{role=LEADER} - Received CommandRequest{session=2, sequence=2, operation=PrimitiveOperation{id=DefaultOperationId{id=write, type=COMMAND}, value=byte[]{length=17, hash=-1644578928}}}
02:47:38.819 [raft-server-1] TRACE i.a.protocols.raft.roles.LeaderRole - RaftServer{1}{role=LEADER} - Appended Indexed{index=5, entry=CommandEntry{term=1, timestamp=2018-06-09 02:47:38,819, session=2, sequence=2, operation=PrimitiveOperation{id=DefaultOperationId{id=write, type=COMMAND}, value=byte[]{length=17, hash=-1644578928}}}}
02:47:38.846 [raft-server-3] TRACE i.a.p.raft.roles.FollowerRole - RaftServer{3}{role=FOLLOWER} - Committed entries up to index 3
02:47:38.846 [raft-server-3] TRACE i.a.p.raft.roles.FollowerRole - RaftServer{3}{role=FOLLOWER} - Sending AppendResponse{status=OK, term=1, succeeded=true, lastLogIndex=4}
02:47:38.846 [raft-server-1] TRACE i.a.p.raft.roles.LeaderAppender - RaftServer{1} - Received AppendResponse{status=OK, term=1, succeeded=true, lastLogIndex=4} from 3
02:47:38.847 [raft-server-1] TRACE i.a.p.raft.roles.LeaderAppender - RaftServer{1} - Committed entries up to 4
02:47:38.852 [raft-server-3-state] TRACE i.a.p.raft.impl.RaftServiceManager - RaftServer{3} - Applying Indexed{index=3, entry=CommandEntry{term=1, timestamp=2018-06-09 02:47:38,743, session=2, sequence=1, operation=PrimitiveOperation{id=DefaultOperationId{id=write, type=COMMAND}, value=byte[]{length=17, hash=-1644578928}}}}
02:47:38.852 [raft-server-3-state] TRACE i.a.p.s.impl.DefaultServiceExecutor - PrimitiveService{2}{type=io.atomix.protocols.raft.RaftTest$TestPrimitiveType@260d6206, name=raft-test} - Executing DefaultCommit{index=3, session=RaftSession{RaftServiceContext{server=3, type=io.atomix.protocols.raft.RaftTest$TestPrimitiveType@260d6206, name=raft-test, id=2}, session=2, timestamp=2018-06-09 02:47:38,743}, time=2018-06-09 02:47:38,743, operation=DefaultOperationId{id=write, type=COMMAND}, value=byte[]{length=17, hash=-1644578928}}
02:47:38.880 [raft-server-2] TRACE i.a.p.raft.roles.FollowerRole - RaftServer{2}{role=FOLLOWER} - Committed entries up to index 3
02:47:38.880 [raft-server-2] TRACE i.a.p.raft.roles.FollowerRole - RaftServer{2}{role=FOLLOWER} - Sending AppendResponse{status=OK, term=1, succeeded=true, lastLogIndex=4}
02:47:38.880 [raft-server-2-state] TRACE i.a.p.raft.impl.RaftServiceManager - RaftServer{2} - Applying Indexed{index=3, entry=CommandEntry{term=1, timestamp=2018-06-09 02:47:38,743, session=2, sequence=1, operation=PrimitiveOperation{id=DefaultOperationId{id=write, type=COMMAND}, value=byte[]{length=17, hash=-1644578928}}}}
02:47:38.880 [raft-server-2-state] TRACE i.a.p.s.impl.DefaultServiceExecutor - PrimitiveService{2}{type=io.atomix.protocols.raft.RaftTest$TestPrimitiveType@8dc7f31, name=raft-test} - Executing DefaultCommit{index=3, session=RaftSession{RaftServiceContext{server=2, type=io.atomix.protocols.raft.RaftTest$TestPrimitiveType@8dc7f31, name=raft-test, id=2}, session=2, timestamp=2018-06-09 02:47:38,743}, time=2018-06-09 02:47:38,743, operation=DefaultOperationId{id=write, type=COMMAND}, value=byte[]{length=17, hash=-1644578928}}
02:47:38.905 [raft-server-1] TRACE i.a.p.raft.roles.LeaderAppender - RaftServer{1} - Sending AppendRequest{term=1, leader=1, prevLogIndex=4, prevLogTerm=1, entries=1, commitIndex=4} to 3
02:47:38.905 [raft-server-3] TRACE i.a.p.raft.roles.FollowerRole - RaftServer{3}{role=FOLLOWER} - Received AppendRequest{term=1, leader=1, prevLogIndex=4, prevLogTerm=1, entries=1, commitIndex=4}
02:47:38.905 [raft-server-1] TRACE i.a.p.raft.roles.LeaderAppender - RaftServer{1} - Received AppendResponse{status=OK, term=1, succeeded=true, lastLogIndex=4} from 2
02:47:38.905 [raft-server-1] TRACE i.a.p.raft.roles.LeaderAppender - RaftServer{1} - Sending AppendRequest{term=1, leader=1, prevLogIndex=4, prevLogTerm=1, entries=1, commitIndex=4} to 2
02:47:38.905 [raft-server-3] TRACE i.a.p.raft.roles.FollowerRole - RaftServer{3}{role=FOLLOWER} - Appended Indexed{index=5, entry=CommandEntry{term=1, timestamp=2018-06-09 02:47:38,819, session=2, sequence=2, operation=PrimitiveOperation{id=DefaultOperationId{id=write, type=COMMAND}, value=byte[]{length=17, hash=-1644578928}}}}
02:47:38.905 [raft-server-2] TRACE i.a.p.raft.roles.FollowerRole - RaftServer{2}{role=FOLLOWER} - Received AppendRequest{term=1, leader=1, prevLogIndex=4, prevLogTerm=1, entries=1, commitIndex=4}
02:47:38.905 [raft-server-2] TRACE i.a.p.raft.roles.FollowerRole - RaftServer{2}{role=FOLLOWER} - Appended Indexed{index=5, entry=CommandEntry{term=1, timestamp=2018-06-09 02:47:38,819, session=2, sequence=2, operation=PrimitiveOperation{id=DefaultOperationId{id=write, type=COMMAND}, value=byte[]{length=17, hash=-1644578928}}}}
02:47:38.906 [raft-server-1-state] TRACE i.a.p.raft.impl.RaftServiceManager - RaftServer{1} - Applying Indexed{index=4, entry=KeepAliveEntry{term=1, timestamp=2018-06-09 02:47:38,776, sessionIds=long[]{length=1, hash=33}, commandSequences=long[]{length=1, hash=31}, eventIndexes=long[]{length=1, hash=33}}}
02:47:38.906 [raft-server-1] TRACE i.a.protocols.raft.roles.LeaderRole - RaftServer{1}{role=LEADER} - Sending KeepAliveResponse{status=OK, leader=1, members=[1, 3, 2], sessionIds=long[]{length=1, hash=33}}
02:47:38.938 [raft-server-3] TRACE i.a.p.raft.roles.FollowerRole - RaftServer{3}{role=FOLLOWER} - Committed entries up to index 4
02:47:38.938 [raft-server-2] TRACE i.a.p.raft.roles.FollowerRole - RaftServer{2}{role=FOLLOWER} - Committed entries up to index 4
02:47:38.938 [raft-server-3] TRACE i.a.p.raft.roles.FollowerRole - RaftServer{3}{role=FOLLOWER} - Sending AppendResponse{status=OK, term=1, succeeded=true, lastLogIndex=5}
02:47:38.938 [raft-server-2] TRACE i.a.p.raft.roles.FollowerRole - RaftServer{2}{role=FOLLOWER} - Sending AppendResponse{status=OK, term=1, succeeded=true, lastLogIndex=5}
02:47:38.938 [raft-server-3] TRACE i.a.p.raft.roles.FollowerRole - RaftServer{3}{role=FOLLOWER} - Sending KeepAliveResponse{status=OK, leader=1, members=[1, 3, 2], sessionIds=long[]{length=1, hash=33}}
02:47:38.938 [raft-server-2-state] TRACE i.a.p.raft.impl.RaftServiceManager - RaftServer{2} - Applying Indexed{index=4, entry=KeepAliveEntry{term=1, timestamp=2018-06-09 02:47:38,776, sessionIds=long[]{length=1, hash=33}, commandSequences=long[]{length=1, hash=31}, eventIndexes=long[]{length=1, hash=33}}}
02:47:38.938 [raft-server-3-state] TRACE i.a.p.raft.impl.RaftServiceManager - RaftServer{3} - Applying Indexed{index=4, entry=KeepAliveEntry{term=1, timestamp=2018-06-09 02:47:38,776, sessionIds=long[]{length=1, hash=33}, commandSequences=long[]{length=1, hash=31}, eventIndexes=long[]{length=1, hash=33}}}
02:47:38.938 [raft-client-613ce1dd-77b1-4b52-a0bf-d277cef86e4f-4] TRACE i.a.p.r.p.impl.RaftProxyConnection - RaftClient{613ce1dd-77b1-4b52-a0bf-d277cef86e4f} - Received KeepAliveResponse{status=OK, leader=1, members=[1, 3, 2], sessionIds=long[]{length=1, hash=33}} from 3
02:47:38.938 [raft-server-1] TRACE i.a.p.raft.roles.LeaderAppender - RaftServer{1} - Received AppendResponse{status=OK, term=1, succeeded=true, lastLogIndex=5} from 3
02:47:38.938 [raft-server-1] TRACE i.a.p.raft.roles.LeaderAppender - RaftServer{1} - Committed entries up to 5
02:47:38.943 [raft-client-613ce1dd-77b1-4b52-a0bf-d277cef86e4f-5] TRACE i.a.p.r.p.impl.RaftProxyConnection - SessionClient{2}{type=io.atomix.protocols.raft.RaftTest$TestPrimitiveType@35bfa1bb, name=raft-test} - Sending CommandRequest{session=2, sequence=2, operation=PrimitiveOperation{id=DefaultOperationId{id=write, type=COMMAND}, value=byte[]{length=17, hash=-1644578928}}} to 1
02:47:38.963 [raft-server-1] TRACE i.a.p.raft.roles.LeaderAppender - RaftServer{1} - Received AppendResponse{status=OK, term=1, succeeded=true, lastLogIndex=5} from 2
02:47:38.963 [raft-server-1] TRACE i.a.protocols.raft.roles.LeaderRole - RaftServer{1}{role=LEADER} - Received CommandRequest{session=2, sequence=2, operation=PrimitiveOperation{id=DefaultOperationId{id=write, type=COMMAND}, value=byte[]{length=17, hash=-1644578928}}}
02:47:38.963 [raft-server-1] TRACE i.a.protocols.raft.roles.LeaderRole - RaftServer{1}{role=LEADER} - Appended Indexed{index=6, entry=CommandEntry{term=1, timestamp=2018-06-09 02:47:38,963, session=2, sequence=2, operation=PrimitiveOperation{id=DefaultOperationId{id=write, type=COMMAND}, value=byte[]{length=17, hash=-1644578928}}}}
02:47:38.964 [raft-server-1-state] TRACE i.a.p.raft.impl.RaftServiceManager - RaftServer{1} - Applying Indexed{index=5, entry=CommandEntry{term=1, timestamp=2018-06-09 02:47:38,819, session=2, sequence=2, operation=PrimitiveOperation{id=DefaultOperationId{id=write, type=COMMAND}, value=byte[]{length=17, hash=-1644578928}}}}
02:47:38.964 [raft-server-1] TRACE i.a.p.raft.roles.LeaderAppender - RaftServer{1} - Sending AppendRequest{term=1, leader=1, prevLogIndex=5, prevLogTerm=1, entries=1, commitIndex=5} to 3
02:47:38.964 [raft-server-1-state] TRACE i.a.p.s.impl.DefaultServiceExecutor - PrimitiveService{2}{type=io.atomix.protocols.raft.RaftTest$TestPrimitiveType@35843ad0, name=raft-test} - Executing DefaultCommit{index=5, session=RaftSession{RaftServiceContext{server=1, type=io.atomix.protocols.raft.RaftTest$TestPrimitiveType@35843ad0, name=raft-test, id=2}, session=2, timestamp=2018-06-09 02:47:38,819}, time=2018-06-09 02:47:38,819, operation=DefaultOperationId{id=write, type=COMMAND}, value=byte[]{length=17, hash=-1644578928}}
02:47:38.964 [raft-server-3] TRACE i.a.p.raft.roles.FollowerRole - RaftServer{3}{role=FOLLOWER} - Received AppendRequest{term=1, leader=1, prevLogIndex=5, prevLogTerm=1, entries=1, commitIndex=5}
02:47:38.964 [raft-server-1] TRACE i.a.p.raft.roles.LeaderAppender - RaftServer{1} - Sending AppendRequest{term=1, leader=1, prevLogIndex=5, prevLogTerm=1, entries=1, commitIndex=5} to 2
02:47:38.964 [raft-server-1-state] TRACE i.a.protocols.raft.roles.LeaderRole - RaftServer{1}{role=LEADER} - Sending CommandResponse{status=OK, index=5, eventIndex=2, result=byte[]{length=2, hash=1250}}
02:47:38.964 [raft-server-2] TRACE i.a.p.raft.roles.FollowerRole - RaftServer{2}{role=FOLLOWER} - Received AppendRequest{term=1, leader=1, prevLogIndex=5, prevLogTerm=1, entries=1, commitIndex=5}
02:47:38.964 [raft-server-3] TRACE i.a.p.raft.roles.FollowerRole - RaftServer{3}{role=FOLLOWER} - Appended Indexed{index=6, entry=CommandEntry{term=1, timestamp=2018-06-09 02:47:38,963, session=2, sequence=2, operation=PrimitiveOperation{id=DefaultOperationId{id=write, type=COMMAND}, value=byte[]{length=17, hash=-1644578928}}}}
02:47:38.964 [raft-client-613ce1dd-77b1-4b52-a0bf-d277cef86e4f-6] TRACE i.a.p.r.p.impl.RaftProxyConnection - SessionClient{2}{type=io.atomix.protocols.raft.RaftTest$TestPrimitiveType@35bfa1bb, name=raft-test} - Received CommandResponse{status=OK, index=5, eventIndex=2, result=byte[]{length=2, hash=1250}} from 1
02:47:38.964 [raft-server-2] TRACE i.a.p.raft.roles.FollowerRole - RaftServer{2}{role=FOLLOWER} - Appended Indexed{index=6, entry=CommandEntry{term=1, timestamp=2018-06-09 02:47:38,963, session=2, sequence=2, operation=PrimitiveOperation{id=DefaultOperationId{id=write, type=COMMAND}, value=byte[]{length=17, hash=-1644578928}}}}
02:47:38.964 [raft-client-613ce1dd-77b1-4b52-a0bf-d277cef86e4f-6] TRACE i.a.p.r.p.impl.RaftProxySequencer - SessionClient{2}{type=io.atomix.protocols.raft.RaftTest$TestPrimitiveType@35bfa1bb, name=raft-test} - Completing response CommandResponse{status=OK, index=5, eventIndex=2, result=byte[]{length=2, hash=1250}}
02:47:38.964 [raft-client-613ce1dd-77b1-4b52-a0bf-d277cef86e4f-6] TRACE i.a.p.r.p.impl.RaftProxyConnection - SessionClient{2}{type=io.atomix.protocols.raft.RaftTest$TestPrimitiveType@35bfa1bb, name=raft-test} - Sending CommandRequest{session=2, sequence=3, operation=PrimitiveOperation{id=DefaultOperationId{id=write, type=COMMAND}, value=byte[]{length=17, hash=-1644578928}}} to 1
02:47:38.964 [raft-server-1] TRACE i.a.protocols.raft.roles.LeaderRole - RaftServer{1}{role=LEADER} - Received CommandRequest{session=2, sequence=3, operation=PrimitiveOperation{id=DefaultOperationId{id=write, type=COMMAND}, value=byte[]{length=17, hash=-1644578928}}}
02:47:38.965 [raft-server-1] TRACE i.a.protocols.raft.roles.LeaderRole - RaftServer{1}{role=LEADER} - Appended Indexed{index=7, entry=CommandEntry{term=1, timestamp=2018-06-09 02:47:38,964, session=2, sequence=3, operation=PrimitiveOperation{id=DefaultOperationId{id=write, type=COMMAND}, value=byte[]{length=17, hash=-1644578928}}}}
02:47:38.979 [raft-server-1] TRACE i.a.p.raft.roles.LeaderAppender - RaftServer{1} - Sending AppendRequest{term=1, leader=1, prevLogIndex=6, prevLogTerm=1, entries=1, commitIndex=5} to 3
02:47:38.996 [raft-server-2] TRACE i.a.p.raft.roles.FollowerRole - RaftServer{2}{role=FOLLOWER} - Committed entries up to index 5
02:47:38.996 [raft-server-2] TRACE i.a.p.raft.roles.FollowerRole - RaftServer{2}{role=FOLLOWER} - Sending AppendResponse{status=OK, term=1, succeeded=true, lastLogIndex=6}
02:47:38.996 [raft-server-3] TRACE i.a.p.raft.roles.FollowerRole - RaftServer{3}{role=FOLLOWER} - Committed entries up to index 5
02:47:38.996 [raft-server-3] TRACE i.a.p.raft.roles.FollowerRole - RaftServer{3}{role=FOLLOWER} - Sending AppendResponse{status=OK, term=1, succeeded=true, lastLogIndex=6}
02:47:38.997 [raft-server-3] TRACE i.a.p.raft.roles.FollowerRole - RaftServer{3}{role=FOLLOWER} - Received AppendRequest{term=1, leader=1, prevLogIndex=6, prevLogTerm=1, entries=1, commitIndex=5}
02:47:38.996 [raft-server-2-state] TRACE i.a.p.raft.impl.RaftServiceManager - RaftServer{2} - Applying Indexed{index=5, entry=CommandEntry{term=1, timestamp=2018-06-09 02:47:38,819, session=2, sequence=2, operation=PrimitiveOperation{id=DefaultOperationId{id=write, type=COMMAND}, value=byte[]{length=17, hash=-1644578928}}}}
02:47:38.997 [raft-server-1] TRACE i.a.p.raft.roles.LeaderAppender - RaftServer{1} - Received AppendResponse{status=OK, term=1, succeeded=true, lastLogIndex=6} from 2
02:47:38.997 [raft-server-2-state] TRACE i.a.p.s.impl.DefaultServiceExecutor - PrimitiveService{2}{type=io.atomix.protocols.raft.RaftTest$TestPrimitiveType@8dc7f31, name=raft-test} - Executing DefaultCommit{index=5, session=RaftSession{RaftServiceContext{server=2, type=io.atomix.protocols.raft.RaftTest$TestPrimitiveType@8dc7f31, name=raft-test, id=2}, session=2, timestamp=2018-06-09 02:47:38,819}, time=2018-06-09 02:47:38,819, operation=DefaultOperationId{id=write, type=COMMAND}, value=byte[]{length=17, hash=-1644578928}}
02:47:38.997 [raft-server-3] TRACE i.a.p.raft.roles.FollowerRole - RaftServer{3}{role=FOLLOWER} - Appended Indexed{index=7, entry=CommandEntry{term=1, timestamp=2018-06-09 02:47:38,964, session=2, sequence=3, operation=PrimitiveOperation{id=DefaultOperationId{id=write, type=COMMAND}, value=byte[]{length=17, hash=-1644578928}}}}
02:47:38.997 [raft-server-3] TRACE i.a.p.raft.roles.FollowerRole - RaftServer{3}{role=FOLLOWER} - Sending AppendResponse{status=OK, term=1, succeeded=true, lastLogIndex=7}
02:47:38.997 [raft-server-1] TRACE i.a.p.raft.roles.LeaderAppender - RaftServer{1} - Committed entries up to 6
02:47:38.997 [raft-server-3-state] TRACE i.a.p.raft.impl.RaftServiceManager - RaftServer{3} - Applying Indexed{index=5, entry=CommandEntry{term=1, timestamp=2018-06-09 02:47:38,819, session=2, sequence=2, operation=PrimitiveOperation{id=DefaultOperationId{id=write, type=COMMAND}, value=byte[]{length=17, hash=-1644578928}}}}
02:47:38.997 [raft-server-3-state] TRACE i.a.p.s.impl.DefaultServiceExecutor - PrimitiveService{2}{type=io.atomix.protocols.raft.RaftTest$TestPrimitiveType@260d6206, name=raft-test} - Executing DefaultCommit{index=5, session=RaftSession{RaftServiceContext{server=3, type=io.atomix.protocols.raft.RaftTest$TestPrimitiveType@260d6206, name=raft-test, id=2}, session=2, timestamp=2018-06-09 02:47:38,819}, time=2018-06-09 02:47:38,819, operation=DefaultOperationId{id=write, type=COMMAND}, value=byte[]{length=17, hash=-1644578928}}
02:47:39.030 [raft-server-1] TRACE i.a.p.raft.roles.LeaderAppender - RaftServer{1} - Sending AppendRequest{term=1, leader=1, prevLogIndex=6, prevLogTerm=1, entries=1, commitIndex=6} to 2
02:47:39.030 [raft-server-2] TRACE i.a.p.raft.roles.FollowerRole - RaftServer{2}{role=FOLLOWER} - Received AppendRequest{term=1, leader=1, prevLogIndex=6, prevLogTerm=1, entries=1, commitIndex=6}
02:47:39.030 [raft-server-1] TRACE i.a.p.raft.roles.LeaderAppender - RaftServer{1} - Received AppendResponse{status=OK, term=1, succeeded=true, lastLogIndex=6} from 3
02:47:39.030 [raft-server-1] TRACE i.a.p.raft.roles.LeaderAppender - RaftServer{1} - Received AppendResponse{status=OK, term=1, succeeded=true, lastLogIndex=7} from 3
02:47:39.030 [raft-server-1] TRACE i.a.p.raft.roles.LeaderAppender - RaftServer{1} - Committed entries up to 7
02:47:39.030 [raft-server-2] TRACE i.a.p.raft.roles.FollowerRole - RaftServer{2}{role=FOLLOWER} - Appended Indexed{index=7, entry=CommandEntry{term=1, timestamp=2018-06-09 02:47:38,964, session=2, sequence=3, operation=PrimitiveOperation{id=DefaultOperationId{id=write, type=COMMAND}, value=byte[]{length=17, hash=-1644578928}}}}
02:47:39.063 [raft-server-1-state] TRACE i.a.p.raft.impl.RaftServiceManager - RaftServer{1} - Applying Indexed{index=6, entry=CommandEntry{term=1, timestamp=2018-06-09 02:47:38,963, session=2, sequence=2, operation=PrimitiveOperation{id=DefaultOperationId{id=write, type=COMMAND}, value=byte[]{length=17, hash=-1644578928}}}}
02:47:39.063 [raft-server-1-state] TRACE i.a.p.r.service.RaftServiceContext - PrimitiveService{2}{type=io.atomix.protocols.raft.RaftTest$TestPrimitiveType@35843ad0, name=raft-test} - Returning cached result for command with sequence number 2 < 3
02:47:39.063 [raft-server-1-state] TRACE i.a.protocols.raft.roles.LeaderRole - RaftServer{1}{role=LEADER} - Sending CommandResponse{status=OK, index=5, eventIndex=2, result=byte[]{length=2, hash=1250}}
02:47:39.063 [raft-server-1-state] TRACE i.a.p.raft.impl.RaftServiceManager - RaftServer{1} - Applying Indexed{index=7, entry=CommandEntry{term=1, timestamp=2018-06-09 02:47:38,964, session=2, sequence=3, operation=PrimitiveOperation{id=DefaultOperationId{id=write, type=COMMAND}, value=byte[]{length=17, hash=-1644578928}}}}
02:47:39.063 [raft-client-613ce1dd-77b1-4b52-a0bf-d277cef86e4f-5] TRACE i.a.p.r.p.impl.RaftProxyConnection - SessionClient{2}{type=io.atomix.protocols.raft.RaftTest$TestPrimitiveType@35bfa1bb, name=raft-test} - Received CommandResponse{status=OK, index=5, eventIndex=2, result=byte[]{length=2, hash=1250}} from 1
02:47:39.063 [raft-server-1-state] TRACE i.a.p.s.impl.DefaultServiceExecutor - PrimitiveService{2}{type=io.atomix.protocols.raft.RaftTest$TestPrimitiveType@35843ad0, name=raft-test} - Executing DefaultCommit{index=7, session=RaftSession{RaftServiceContext{server=1, type=io.atomix.protocols.raft.RaftTest$TestPrimitiveType@35843ad0, name=raft-test, id=2}, session=2, timestamp=2018-06-09 02:47:38,964}, time=2018-06-09 02:47:38,964, operation=DefaultOperationId{id=write, type=COMMAND}, value=byte[]{length=17, hash=-1644578928}}
02:47:39.064 [raft-server-1-state] TRACE i.a.protocols.raft.roles.LeaderRole - RaftServer{1}{role=LEADER} - Sending CommandResponse{status=OK, index=7, eventIndex=2, result=byte[]{length=2, hash=1254}}
02:47:39.064 [raft-client-613ce1dd-77b1-4b52-a0bf-d277cef86e4f-0] TRACE i.a.p.r.p.impl.RaftProxyConnection - SessionClient{2}{type=io.atomix.protocols.raft.RaftTest$TestPrimitiveType@35bfa1bb, name=raft-test} - Received CommandResponse{status=OK, index=7, eventIndex=2, result=byte[]{length=2, hash=1254}} from 1
02:47:39.064 [raft-client-613ce1dd-77b1-4b52-a0bf-d277cef86e4f-0] TRACE i.a.p.r.p.impl.RaftProxySequencer - SessionClient{2}{type=io.atomix.protocols.raft.RaftTest$TestPrimitiveType@35bfa1bb, name=raft-test} - Completing response CommandResponse{status=OK, index=7, eventIndex=2, result=byte[]{length=2, hash=1254}}
02:47:39.064 [raft-client-613ce1dd-77b1-4b52-a0bf-d277cef86e4f-0] TRACE i.a.p.r.p.impl.RaftProxyConnection - SessionClient{2}{type=io.atomix.protocols.raft.RaftTest$TestPrimitiveType@35bfa1bb, name=raft-test} - Sending CommandRequest{session=2, sequence=4, operation=PrimitiveOperation{id=DefaultOperationId{id=write, type=COMMAND}, value=byte[]{length=17, hash=-1644578928}}} to 1
02:47:39.064 [raft-server-1] TRACE i.a.protocols.raft.roles.LeaderRole - RaftServer{1}{role=LEADER} - Received CommandRequest{session=2, sequence=4, operation=PrimitiveOperation{id=DefaultOperationId{id=write, type=COMMAND}, value=byte[]{length=17, hash=-1644578928}}}
02:47:39.064 [raft-server-1] TRACE i.a.protocols.raft.roles.LeaderRole - RaftServer{1}{role=LEADER} - Appended Indexed{index=8, entry=CommandEntry{term=1, timestamp=2018-06-09 02:47:39,064, session=2, sequence=4, operation=PrimitiveOperation{id=DefaultOperationId{id=write, type=COMMAND}, value=byte[]{length=17, hash=-1644578928}}}}
02:47:39.064 [raft-server-1] TRACE i.a.p.raft.roles.LeaderAppender - RaftServer{1} - Sending AppendRequest{term=1, leader=1, prevLogIndex=7, prevLogTerm=1, entries=1, commitIndex=7} to 3
02:47:39.064 [raft-server-3] TRACE i.a.p.raft.roles.FollowerRole - RaftServer{3}{role=FOLLOWER} - Received AppendRequest{term=1, leader=1, prevLogIndex=7, prevLogTerm=1, entries=1, commitIndex=7}
02:47:39.064 [raft-server-1] TRACE i.a.p.raft.roles.LeaderAppender - RaftServer{1} - Sending AppendRequest{term=1, leader=1, prevLogIndex=7, prevLogTerm=1, entries=1, commitIndex=7} to 2
02:47:39.065 [raft-server-3] TRACE i.a.p.raft.roles.FollowerRole - RaftServer{3}{role=FOLLOWER} - Appended Indexed{index=8, entry=CommandEntry{term=1, timestamp=2018-06-09 02:47:39,064, session=2, sequence=4, operation=PrimitiveOperation{id=DefaultOperationId{id=write, type=COMMAND}, value=byte[]{length=17, hash=-1644578928}}}}
02:47:39.096 [raft-server-2] TRACE i.a.p.raft.roles.FollowerRole - RaftServer{2}{role=FOLLOWER} - Committed entries up to index 6
02:47:39.096 [raft-server-2] TRACE i.a.p.raft.roles.FollowerRole - RaftServer{2}{role=FOLLOWER} - Sending AppendResponse{status=OK, term=1, succeeded=true, lastLogIndex=7}
02:47:39.096 [raft-server-2] TRACE i.a.p.raft.roles.FollowerRole - RaftServer{2}{role=FOLLOWER} - Received AppendRequest{term=1, leader=1, prevLogIndex=7, prevLogTerm=1, entries=1, commitIndex=7}
02:47:39.096 [raft-server-1] TRACE i.a.p.raft.roles.LeaderAppender - RaftServer{1} - Received AppendResponse{status=OK, term=1, succeeded=true, lastLogIndex=7} from 2
02:47:39.097 [raft-server-2] TRACE i.a.p.raft.roles.FollowerRole - RaftServer{2}{role=FOLLOWER} - Appended Indexed{index=8, entry=CommandEntry{term=1, timestamp=2018-06-09 02:47:39,064, session=2, sequence=4, operation=PrimitiveOperation{id=DefaultOperationId{id=write, type=COMMAND}, value=byte[]{length=17, hash=-1644578928}}}}
02:47:39.130 [raft-server-3] TRACE i.a.p.raft.roles.FollowerRole - RaftServer{3}{role=FOLLOWER} - Committed entries up to index 7
02:47:39.130 [raft-server-3] TRACE i.a.p.raft.roles.FollowerRole - RaftServer{3}{role=FOLLOWER} - Sending AppendResponse{status=OK, term=1, succeeded=true, lastLogIndex=8}
02:47:39.130 [raft-server-1] TRACE i.a.p.raft.roles.LeaderAppender - RaftServer{1} - Received AppendResponse{status=OK, term=1, succeeded=true, lastLogIndex=8} from 3
02:47:39.130 [raft-server-1] TRACE i.a.p.raft.roles.LeaderAppender - RaftServer{1} - Committed entries up to 8
02:47:39.130 [raft-server-3-state] TRACE i.a.p.raft.impl.RaftServiceManager - RaftServer{3} - Applying Indexed{index=6, entry=CommandEntry{term=1, timestamp=2018-06-09 02:47:38,963, session=2, sequence=2, operation=PrimitiveOperation{id=DefaultOperationId{id=write, type=COMMAND}, value=byte[]{length=17, hash=-1644578928}}}}
02:47:39.130 [raft-server-3-state] TRACE i.a.p.r.service.RaftServiceContext - PrimitiveService{2}{type=io.atomix.protocols.raft.RaftTest$TestPrimitiveType@260d6206, name=raft-test} - Returning cached result for command with sequence number 2 < 3
02:47:39.130 [raft-server-3-state] TRACE i.a.p.raft.impl.RaftServiceManager - RaftServer{3} - Applying Indexed{index=7, entry=CommandEntry{term=1, timestamp=2018-06-09 02:47:38,964, session=2, sequence=3, operation=PrimitiveOperation{id=DefaultOperationId{id=write, type=COMMAND}, value=byte[]{length=17, hash=-1644578928}}}}
02:47:39.130 [raft-server-3-state] TRACE i.a.p.s.impl.DefaultServiceExecutor - PrimitiveService{2}{type=io.atomix.protocols.raft.RaftTest$TestPrimitiveType@260d6206, name=raft-test} - Executing DefaultCommit{index=7, session=RaftSession{RaftServiceContext{server=3, type=io.atomix.protocols.raft.RaftTest$TestPrimitiveType@260d6206, name=raft-test, id=2}, session=2, timestamp=2018-06-09 02:47:38,964}, time=2018-06-09 02:47:38,964, operation=DefaultOperationId{id=write, type=COMMAND}, value=byte[]{length=17, hash=-1644578928}}
02:47:39.163 [raft-server-2] TRACE i.a.p.raft.roles.FollowerRole - RaftServer{2}{role=FOLLOWER} - Committed entries up to index 7
02:47:39.163 [raft-server-2] TRACE i.a.p.raft.roles.FollowerRole - RaftServer{2}{role=FOLLOWER} - Sending AppendResponse{status=OK, term=1, succeeded=true, lastLogIndex=8}
02:47:39.163 [raft-server-2-state] TRACE i.a.p.raft.impl.RaftServiceManager - RaftServer{2} - Applying Indexed{index=6, entry=CommandEntry{term=1, timestamp=2018-06-09 02:47:38,963, session=2, sequence=2, operation=PrimitiveOperation{id=DefaultOperationId{id=write, type=COMMAND}, value=byte[]{length=17, hash=-1644578928}}}}
02:47:39.163 [raft-server-2-state] TRACE i.a.p.r.service.RaftServiceContext - PrimitiveService{2}{type=io.atomix.protocols.raft.RaftTest$TestPrimitiveType@8dc7f31, name=raft-test} - Returning cached result for command with sequence number 2 < 3
02:47:39.163 [raft-server-2-state] TRACE i.a.p.raft.impl.RaftServiceManager - RaftServer{2} - Applying Indexed{index=7, entry=CommandEntry{term=1, timestamp=2018-06-09 02:47:38,964, session=2, sequence=3, operation=PrimitiveOperation{id=DefaultOperationId{id=write, type=COMMAND}, value=byte[]{length=17, hash=-1644578928}}}}
02:47:39.163 [raft-server-2-state] TRACE i.a.p.s.impl.DefaultServiceExecutor - PrimitiveService{2}{type=io.atomix.protocols.raft.RaftTest$TestPrimitiveType@8dc7f31, name=raft-test} - Executing DefaultCommit{index=7, session=RaftSession{RaftServiceContext{server=2, type=io.atomix.protocols.raft.RaftTest$TestPrimitiveType@8dc7f31, name=raft-test, id=2}, session=2, timestamp=2018-06-09 02:47:38,964}, time=2018-06-09 02:47:38,964, operation=DefaultOperationId{id=write, type=COMMAND}, value=byte[]{length=17, hash=-1644578928}}
02:47:39.188 [raft-server-1] TRACE i.a.p.raft.roles.LeaderAppender - RaftServer{1} - Received AppendResponse{status=OK, term=1, succeeded=true, lastLogIndex=8} from 2
02:47:39.188 [raft-server-1-state] TRACE i.a.p.raft.impl.RaftServiceManager - RaftServer{1} - Applying Indexed{index=8, entry=CommandEntry{term=1, timestamp=2018-06-09 02:47:39,064, session=2, sequence=4, operation=PrimitiveOperation{id=DefaultOperationId{id=write, type=COMMAND}, value=byte[]{length=17, hash=-1644578928}}}}
02:47:39.188 [raft-server-1-state] TRACE i.a.p.s.impl.DefaultServiceExecutor - PrimitiveService{2}{type=io.atomix.protocols.raft.RaftTest$TestPrimitiveType@35843ad0, name=raft-test} - Executing DefaultCommit{index=8, session=RaftSession{RaftServiceContext{server=1, type=io.atomix.protocols.raft.RaftTest$TestPrimitiveType@35843ad0, name=raft-test, id=2}, session=2, timestamp=2018-06-09 02:47:39,064}, time=2018-06-09 02:47:39,064, operation=DefaultOperationId{id=write, type=COMMAND}, value=byte[]{length=17, hash=-1644578928}}
02:47:39.189 [raft-server-1-state] TRACE i.a.protocols.raft.roles.LeaderRole - RaftServer{1}{role=LEADER} - Sending CommandResponse{status=OK, index=8, eventIndex=2, result=byte[]{length=2, hash=1256}}
02:47:39.189 [raft-client-613ce1dd-77b1-4b52-a0bf-d277cef86e4f-3] TRACE i.a.p.r.p.impl.RaftProxyConnection - SessionClient{2}{type=io.atomix.protocols.raft.RaftTest$TestPrimitiveType@35bfa1bb, name=raft-test} - Received CommandResponse{status=OK, index=8, eventIndex=2, result=byte[]{length=2, hash=1256}} from 1
02:47:39.189 [raft-client-613ce1dd-77b1-4b52-a0bf-d277cef86e4f-3] TRACE i.a.p.r.p.impl.RaftProxySequencer - SessionClient{2}{type=io.atomix.protocols.raft.RaftTest$TestPrimitiveType@35bfa1bb, name=raft-test} - Completing response CommandResponse{status=OK, index=8, eventIndex=2, result=byte[]{length=2, hash=1256}}
02:47:39.189 [raft-client-613ce1dd-77b1-4b52-a0bf-d277cef86e4f-7] TRACE i.a.p.r.p.impl.RaftProxyConnection - SessionClient{2}{type=io.atomix.protocols.raft.RaftTest$TestPrimitiveType@35bfa1bb, name=raft-test} - Sending CommandRequest{session=2, sequence=5, operation=PrimitiveOperation{id=DefaultOperationId{id=write, type=COMMAND}, value=byte[]{length=17, hash=-1644578928}}} to 1
02:47:39.189 [raft-server-1] TRACE i.a.protocols.raft.roles.LeaderRole - RaftServer{1}{role=LEADER} - Received CommandRequest{session=2, sequence=5, operation=PrimitiveOperation{id=DefaultOperationId{id=write, type=COMMAND}, value=byte[]{length=17, hash=-1644578928}}}
02:47:39.189 [raft-server-1] TRACE i.a.protocols.raft.roles.LeaderRole - RaftServer{1}{role=LEADER} - Appended Indexed{index=9, entry=CommandEntry{term=1, timestamp=2018-06-09 02:47:39,189, session=2, sequence=5, operation=PrimitiveOperation{id=DefaultOperationId{id=write, type=COMMAND}, value=byte[]{length=17, hash=-1644578928}}}}
02:47:39.189 [raft-server-1] TRACE i.a.p.raft.roles.LeaderAppender - RaftServer{1} - Sending AppendRequest{term=1, leader=1, prevLogIndex=8, prevLogTerm=1, entries=1, commitIndex=8} to 3
02:47:39.189 [raft-server-3] TRACE i.a.p.raft.roles.FollowerRole - RaftServer{3}{role=FOLLOWER} - Received AppendRequest{term=1, leader=1, prevLogIndex=8, prevLogTerm=1, entries=1, commitIndex=8}
02:47:39.190 [raft-server-1] TRACE i.a.p.raft.roles.LeaderAppender - RaftServer{1} - Sending AppendRequest{term=1, leader=1, prevLogIndex=8, prevLogTerm=1, entries=1, commitIndex=8} to 2
02:47:39.190 [raft-server-2] TRACE i.a.p.raft.roles.FollowerRole - RaftServer{2}{role=FOLLOWER} - Received AppendRequest{term=1, leader=1, prevLogIndex=8, prevLogTerm=1, entries=1, commitIndex=8}
02:47:39.190 [raft-server-3] TRACE i.a.p.raft.roles.FollowerRole - RaftServer{3}{role=FOLLOWER} - Appended Indexed{index=9, entry=CommandEntry{term=1, timestamp=2018-06-09 02:47:39,189, session=2, sequence=5, operation=PrimitiveOperation{id=DefaultOperationId{id=write, type=COMMAND}, value=byte[]{length=17, hash=-1644578928}}}}
02:47:39.190 [raft-server-2] TRACE i.a.p.raft.roles.FollowerRole - RaftServer{2}{role=FOLLOWER} - Appended Indexed{index=9, entry=CommandEntry{term=1, timestamp=2018-06-09 02:47:39,189, session=2, sequence=5, operation=PrimitiveOperation{id=DefaultOperationId{id=write, type=COMMAND}, value=byte[]{length=17, hash=-1644578928}}}}
02:47:39.221 [raft-server-3] TRACE i.a.p.raft.roles.FollowerRole - RaftServer{3}{role=FOLLOWER} - Committed entries up to index 8
02:47:39.221 [raft-server-2] TRACE i.a.p.raft.roles.FollowerRole - RaftServer{2}{role=FOLLOWER} - Committed entries up to index 8
02:47:39.221 [raft-server-3] TRACE i.a.p.raft.roles.FollowerRole - RaftServer{3}{role=FOLLOWER} - Sending AppendResponse{status=OK, term=1, succeeded=true, lastLogIndex=9}
02:47:39.221 [raft-server-2] TRACE i.a.p.raft.roles.FollowerRole - RaftServer{2}{role=FOLLOWER} - Sending AppendResponse{status=OK, term=1, succeeded=true, lastLogIndex=9}
02:47:39.221 [raft-server-2-state] TRACE i.a.p.raft.impl.RaftServiceManager - RaftServer{2} - Applying Indexed{index=8, entry=CommandEntry{term=1, timestamp=2018-06-09 02:47:39,064, session=2, sequence=4, operation=PrimitiveOperation{id=DefaultOperationId{id=write, type=COMMAND}, value=byte[]{length=17, hash=-1644578928}}}}
02:47:39.222 [raft-server-3-state] TRACE i.a.p.raft.impl.RaftServiceManager - RaftServer{3} - Applying Indexed{index=8, entry=CommandEntry{term=1, timestamp=2018-06-09 02:47:39,064, session=2, sequence=4, operation=PrimitiveOperation{id=DefaultOperationId{id=write, type=COMMAND}, value=byte[]{length=17, hash=-1644578928}}}}
02:47:39.222 [raft-server-2-state] TRACE i.a.p.s.impl.DefaultServiceExecutor - PrimitiveService{2}{type=io.atomix.protocols.raft.RaftTest$TestPrimitiveType@8dc7f31, name=raft-test} - Executing DefaultCommit{index=8, session=RaftSession{RaftServiceContext{server=2, type=io.atomix.protocols.raft.RaftTest$TestPrimitiveType@8dc7f31, name=raft-test, id=2}, session=2, timestamp=2018-06-09 02:47:39,064}, time=2018-06-09 02:47:39,064, operation=DefaultOperationId{id=write, type=COMMAND}, value=byte[]{length=17, hash=-1644578928}}
02:47:39.222 [raft-server-3-state] TRACE i.a.p.s.impl.DefaultServiceExecutor - PrimitiveService{2}{type=io.atomix.protocols.raft.RaftTest$TestPrimitiveType@260d6206, name=raft-test} - Executing DefaultCommit{index=8, session=RaftSession{RaftServiceContext{server=3, type=io.atomix.protocols.raft.RaftTest$TestPrimitiveType@260d6206, name=raft-test, id=2}, session=2, timestamp=2018-06-09 02:47:39,064}, time=2018-06-09 02:47:39,064, operation=DefaultOperationId{id=write, type=COMMAND}, value=byte[]{length=17, hash=-1644578928}}
02:47:39.221 [raft-server-1] TRACE i.a.p.raft.roles.LeaderAppender - RaftServer{1} - Received AppendResponse{status=OK, term=1, succeeded=true, lastLogIndex=9} from 3
02:47:39.222 [raft-server-1] TRACE i.a.p.raft.roles.LeaderAppender - RaftServer{1} - Committed entries up to 9
02:47:39.255 [raft-server-1] TRACE i.a.p.raft.roles.LeaderAppender - RaftServer{1} - Received AppendResponse{status=OK, term=1, succeeded=true, lastLogIndex=9} from 2
02:47:39.255 [raft-server-1] TRACE i.a.p.raft.roles.LeaderAppender - RaftServer{1} - Sending AppendRequest{term=1, leader=1, prevLogIndex=9, prevLogTerm=1, entries=0, commitIndex=9} to 3
02:47:39.255 [raft-server-1] TRACE i.a.p.raft.roles.LeaderAppender - RaftServer{1} - Sending AppendRequest{term=1, leader=1, prevLogIndex=9, prevLogTerm=1, entries=0, commitIndex=9} to 2
02:47:39.255 [raft-server-3] TRACE i.a.p.raft.roles.FollowerRole - RaftServer{3}{role=FOLLOWER} - Received AppendRequest{term=1, leader=1, prevLogIndex=9, prevLogTerm=1, entries=0, commitIndex=9}
02:47:39.255 [raft-server-2] TRACE i.a.p.raft.roles.FollowerRole - RaftServer{2}{role=FOLLOWER} - Received AppendRequest{term=1, leader=1, prevLogIndex=9, prevLogTerm=1, entries=0, commitIndex=9}
02:47:39.255 [raft-server-1-state] TRACE i.a.p.raft.impl.RaftServiceManager - RaftServer{1} - Applying Indexed{index=9, entry=CommandEntry{term=1, timestamp=2018-06-09 02:47:39,189, session=2, sequence=5, operation=PrimitiveOperation{id=DefaultOperationId{id=write, type=COMMAND}, value=byte[]{length=17, hash=-1644578928}}}}
02:47:39.255 [raft-server-1-state] TRACE i.a.p.s.impl.DefaultServiceExecutor - PrimitiveService{2}{type=io.atomix.protocols.raft.RaftTest$TestPrimitiveType@35843ad0, name=raft-test} - Executing DefaultCommit{index=9, session=RaftSession{RaftServiceContext{server=1, type=io.atomix.protocols.raft.RaftTest$TestPrimitiveType@35843ad0, name=raft-test, id=2}, session=2, timestamp=2018-06-09 02:47:39,189}, time=2018-06-09 02:47:39,189, operation=DefaultOperationId{id=write, type=COMMAND}, value=byte[]{length=17, hash=-1644578928}}
02:47:39.255 [raft-server-1-state] TRACE i.a.protocols.raft.roles.LeaderRole - RaftServer{1}{role=LEADER} - Sending CommandResponse{status=OK, index=9, eventIndex=2, result=byte[]{length=2, hash=1258}}
02:47:39.255 [raft-client-613ce1dd-77b1-4b52-a0bf-d277cef86e4f-2] TRACE i.a.p.r.p.impl.RaftProxyConnection - SessionClient{2}{type=io.atomix.protocols.raft.RaftTest$TestPrimitiveType@35bfa1bb, name=raft-test} - Received CommandResponse{status=OK, index=9, eventIndex=2, result=byte[]{length=2, hash=1258}} from 1
02:47:39.255 [raft-client-613ce1dd-77b1-4b52-a0bf-d277cef86e4f-2] TRACE i.a.p.r.p.impl.RaftProxySequencer - SessionClient{2}{type=io.atomix.protocols.raft.RaftTest$TestPrimitiveType@35bfa1bb, name=raft-test} - Completing response CommandResponse{status=OK, index=9, eventIndex=2, result=byte[]{length=2, hash=1258}}
02:47:39.256 [raft-client-613ce1dd-77b1-4b52-a0bf-d277cef86e4f-2] TRACE i.a.p.r.p.impl.RaftProxyConnection - SessionClient{2}{type=io.atomix.protocols.raft.RaftTest$TestPrimitiveType@35bfa1bb, name=raft-test} - Sending CommandRequest{session=2, sequence=6, operation=PrimitiveOperation{id=DefaultOperationId{id=write, type=COMMAND}, value=byte[]{length=17, hash=-1644578928}}} to 1
02:47:39.256 [raft-server-1] TRACE i.a.protocols.raft.roles.LeaderRole - RaftServer{1}{role=LEADER} - Received CommandRequest{session=2, sequence=6, operation=PrimitiveOperation{id=DefaultOperationId{id=write, type=COMMAND}, value=byte[]{length=17, hash=-1644578928}}}
02:47:39.256 [raft-server-1] TRACE i.a.protocols.raft.roles.LeaderRole - RaftServer{1}{role=LEADER} - Appended Indexed{index=10, entry=CommandEntry{term=1, timestamp=2018-06-09 02:47:39,256, session=2, sequence=6, operation=PrimitiveOperation{id=DefaultOperationId{id=write, type=COMMAND}, value=byte[]{length=17, hash=-1644578928}}}}
02:47:39.296 [raft-server-2] TRACE i.a.p.raft.roles.FollowerRole - RaftServer{2}{role=FOLLOWER} - Committed entries up to index 9
02:47:39.296 [raft-server-3] TRACE i.a.p.raft.roles.FollowerRole - RaftServer{3}{role=FOLLOWER} - Committed entries up to index 9
02:47:39.296 [raft-server-2] TRACE i.a.p.raft.roles.FollowerRole - RaftServer{2}{role=FOLLOWER} - Sending AppendResponse{status=OK, term=1, succeeded=true, lastLogIndex=9}
02:47:39.296 [raft-server-3] TRACE i.a.p.raft.roles.FollowerRole - RaftServer{3}{role=FOLLOWER} - Sending AppendResponse{status=OK, term=1, succeeded=true, lastLogIndex=9}
02:47:39.296 [raft-server-1] TRACE i.a.p.raft.roles.LeaderAppender - RaftServer{1} - Received AppendResponse{status=OK, term=1, succeeded=true, lastLogIndex=9} from 2
02:47:39.297 [raft-server-1] TRACE i.a.p.raft.roles.LeaderAppender - RaftServer{1} - Sending AppendRequest{term=1, leader=1, prevLogIndex=9, prevLogTerm=1, entries=1, commitIndex=9} to 2
02:47:39.297 [raft-server-2-state] TRACE i.a.p.raft.impl.RaftServiceManager - RaftServer{2} - Applying Indexed{index=9, entry=CommandEntry{term=1, timestamp=2018-06-09 02:47:39,189, session=2, sequence=5, operation=PrimitiveOperation{id=DefaultOperationId{id=write, type=COMMAND}, value=byte[]{length=17, hash=-1644578928}}}}
02:47:39.297 [raft-server-2] TRACE i.a.p.raft.roles.FollowerRole - RaftServer{2}{role=FOLLOWER} - Received AppendRequest{term=1, leader=1, prevLogIndex=9, prevLogTerm=1, entries=1, commitIndex=9}
02:47:39.297 [raft-server-1] TRACE i.a.p.raft.roles.LeaderAppender - RaftServer{1} - Sending AppendRequest{term=1, leader=1, prevLogIndex=9, prevLogTerm=1, entries=1, commitIndex=9} to 3
02:47:39.297 [raft-server-2-state] TRACE i.a.p.s.impl.DefaultServiceExecutor - PrimitiveService{2}{type=io.atomix.protocols.raft.RaftTest$TestPrimitiveType@8dc7f31, name=raft-test} - Executing DefaultCommit{index=9, session=RaftSession{RaftServiceContext{server=2, type=io.atomix.protocols.raft.RaftTest$TestPrimitiveType@8dc7f31, name=raft-test, id=2}, session=2, timestamp=2018-06-09 02:47:39,189}, time=2018-06-09 02:47:39,189, operation=DefaultOperationId{id=write, type=COMMAND}, value=byte[]{length=17, hash=-1644578928}}
02:47:39.297 [raft-server-3] TRACE i.a.p.raft.roles.FollowerRole - RaftServer{3}{role=FOLLOWER} - Received AppendRequest{term=1, leader=1, prevLogIndex=9, prevLogTerm=1, entries=1, commitIndex=9}
02:47:39.297 [raft-server-1] TRACE i.a.p.raft.roles.LeaderAppender - RaftServer{1} - Received AppendResponse{status=OK, term=1, succeeded=true, lastLogIndex=9} from 3
02:47:39.297 [raft-server-2] TRACE i.a.p.raft.roles.FollowerRole - RaftServer{2}{role=FOLLOWER} - Appended Indexed{index=10, entry=CommandEntry{term=1, timestamp=2018-06-09 02:47:39,256, session=2, sequence=6, operation=PrimitiveOperation{id=DefaultOperationId{id=write, type=COMMAND}, value=byte[]{length=17, hash=-1644578928}}}}
02:47:39.297 [raft-server-2] TRACE i.a.p.raft.roles.FollowerRole - RaftServer{2}{role=FOLLOWER} - Sending AppendResponse{status=OK, term=1, succeeded=true, lastLogIndex=10}
02:47:39.297 [raft-server-3] TRACE i.a.p.raft.roles.FollowerRole - RaftServer{3}{role=FOLLOWER} - Appended Indexed{index=10, entry=CommandEntry{term=1, timestamp=2018-06-09 02:47:39,256, session=2, sequence=6, operation=PrimitiveOperation{id=DefaultOperationId{id=write, type=COMMAND}, value=byte[]{length=17, hash=-1644578928}}}}
02:47:39.297 [raft-server-3-state] TRACE i.a.p.raft.impl.RaftServiceManager - RaftServer{3} - Applying Indexed{index=9, entry=CommandEntry{term=1, timestamp=2018-06-09 02:47:39,189, session=2, sequence=5, operation=PrimitiveOperation{id=DefaultOperationId{id=write, type=COMMAND}, value=byte[]{length=17, hash=-1644578928}}}}
02:47:39.297 [raft-server-1] TRACE i.a.p.raft.roles.LeaderAppender - RaftServer{1} - Received AppendResponse{status=OK, term=1, succeeded=true, lastLogIndex=10} from 2
02:47:39.297 [raft-server-3] TRACE i.a.p.raft.roles.FollowerRole - RaftServer{3}{role=FOLLOWER} - Sending AppendResponse{status=OK, term=1, succeeded=true, lastLogIndex=10}
02:47:39.297 [raft-server-1] TRACE i.a.p.raft.roles.LeaderAppender - RaftServer{1} - Committed entries up to 10
02:47:39.297 [raft-server-3-state] TRACE i.a.p.s.impl.DefaultServiceExecutor - PrimitiveService{2}{type=io.atomix.protocols.raft.RaftTest$TestPrimitiveType@260d6206, name=raft-test} - Executing DefaultCommit{index=9, session=RaftSession{RaftServiceContext{server=3, type=io.atomix.protocols.raft.RaftTest$TestPrimitiveType@260d6206, name=raft-test, id=2}, session=2, timestamp=2018-06-09 02:47:39,189}, time=2018-06-09 02:47:39,189, operation=DefaultOperationId{id=write, type=COMMAND}, value=byte[]{length=17, hash=-1644578928}}
02:47:39.338 [raft-server-1] TRACE i.a.p.raft.roles.LeaderAppender - RaftServer{1} - Received AppendResponse{status=OK, term=1, succeeded=true, lastLogIndex=10} from 3
02:47:39.338 [raft-server-1-state] TRACE i.a.p.raft.impl.RaftServiceManager - RaftServer{1} - Applying Indexed{index=10, entry=CommandEntry{term=1, timestamp=2018-06-09 02:47:39,256, session=2, sequence=6, operation=PrimitiveOperation{id=DefaultOperationId{id=write, type=COMMAND}, value=byte[]{length=17, hash=-1644578928}}}}
02:47:39.338 [raft-server-1-state] TRACE i.a.p.s.impl.DefaultServiceExecutor - PrimitiveService{2}{type=io.atomix.protocols.raft.RaftTest$TestPrimitiveType@35843ad0, name=raft-test} - Executing DefaultCommit{index=10, session=RaftSession{RaftServiceContext{server=1, type=io.atomix.protocols.raft.RaftTest$TestPrimitiveType@35843ad0, name=raft-test, id=2}, session=2, timestamp=2018-06-09 02:47:39,256}, time=2018-06-09 02:47:39,256, operation=DefaultOperationId{id=write, type=COMMAND}, value=byte[]{length=17, hash=-1644578928}}
02:47:39.338 [raft-server-1-state] TRACE i.a.protocols.raft.roles.LeaderRole - RaftServer{1}{role=LEADER} - Sending CommandResponse{status=OK, index=10, eventIndex=2, result=byte[]{length=2, hash=1260}}
02:47:39.339 [raft-client-613ce1dd-77b1-4b52-a0bf-d277cef86e4f-3] TRACE i.a.p.r.p.impl.RaftProxyConnection - SessionClient{2}{type=io.atomix.protocols.raft.RaftTest$TestPrimitiveType@35bfa1bb, name=raft-test} - Received CommandResponse{status=OK, index=10, eventIndex=2, result=byte[]{length=2, hash=1260}} from 1
02:47:39.339 [raft-client-613ce1dd-77b1-4b52-a0bf-d277cef86e4f-3] TRACE i.a.p.r.p.impl.RaftProxySequencer - SessionClient{2}{type=io.atomix.protocols.raft.RaftTest$TestPrimitiveType@35bfa1bb, name=raft-test} - Completing response CommandResponse{status=OK, index=10, eventIndex=2, result=byte[]{length=2, hash=1260}}
02:47:39.339 [raft-client-613ce1dd-77b1-4b52-a0bf-d277cef86e4f-3] TRACE i.a.p.r.p.impl.RaftProxyConnection - SessionClient{2}{type=io.atomix.protocols.raft.RaftTest$TestPrimitiveType@35bfa1bb, name=raft-test} - Sending CommandRequest{session=2, sequence=7, operation=PrimitiveOperation{id=DefaultOperationId{id=write, type=COMMAND}, value=byte[]{length=17, hash=-1644578928}}} to 1
02:47:39.339 [raft-server-1] TRACE i.a.protocols.raft.roles.LeaderRole - RaftServer{1}{role=LEADER} - Received CommandRequest{session=2, sequence=7, operation=PrimitiveOperation{id=DefaultOperationId{id=write, type=COMMAND}, value=byte[]{length=17, hash=-1644578928}}}
02:47:39.402 [raft-server-1] DEBUG i.a.storage.journal.SegmentedJournal - Created disk segment: JournalSegment{id=2, version=1, index=11, size=64}
02:47:39.402 [raft-server-1] TRACE i.a.protocols.raft.roles.LeaderRole - RaftServer{1}{role=LEADER} - Appended Indexed{index=11, entry=CommandEntry{term=1, timestamp=2018-06-09 02:47:39,339, session=2, sequence=7, operation=PrimitiveOperation{id=DefaultOperationId{id=write, type=COMMAND}, value=byte[]{length=17, hash=-1644578928}}}}
02:47:39.402 [raft-server-1] TRACE i.a.p.raft.roles.LeaderAppender - RaftServer{1} - Sending AppendRequest{term=1, leader=1, prevLogIndex=10, prevLogTerm=1, entries=1, commitIndex=10} to 3
02:47:39.402 [raft-server-3] TRACE i.a.p.raft.roles.FollowerRole - RaftServer{3}{role=FOLLOWER} - Received AppendRequest{term=1, leader=1, prevLogIndex=10, prevLogTerm=1, entries=1, commitIndex=10}
02:47:39.402 [raft-server-1] TRACE i.a.p.raft.roles.LeaderAppender - RaftServer{1} - Sending AppendRequest{term=1, leader=1, prevLogIndex=10, prevLogTerm=1, entries=1, commitIndex=10} to 2
02:47:39.402 [raft-server-2] TRACE i.a.p.raft.roles.FollowerRole - RaftServer{2}{role=FOLLOWER} - Received AppendRequest{term=1, leader=1, prevLogIndex=10, prevLogTerm=1, entries=1, commitIndex=10}
02:47:39.477 [raft-server-2] DEBUG i.a.storage.journal.SegmentedJournal - Created disk segment: JournalSegment{id=2, version=1, index=11, size=64}
02:47:39.477 [raft-server-2] TRACE i.a.p.raft.roles.FollowerRole - RaftServer{2}{role=FOLLOWER} - Appended Indexed{index=11, entry=CommandEntry{term=1, timestamp=2018-06-09 02:47:39,339, session=2, sequence=7, operation=PrimitiveOperation{id=DefaultOperationId{id=write, type=COMMAND}, value=byte[]{length=17, hash=-1644578928}}}}
02:47:39.510 [raft-server-3] DEBUG i.a.storage.journal.SegmentedJournal - Created disk segment: JournalSegment{id=2, version=1, index=11, size=64}
02:47:39.510 [raft-server-3] TRACE i.a.p.raft.roles.FollowerRole - RaftServer{3}{role=FOLLOWER} - Appended Indexed{index=11, entry=CommandEntry{term=1, timestamp=2018-06-09 02:47:39,339, session=2, sequence=7, operation=PrimitiveOperation{id=DefaultOperationId{id=write, type=COMMAND}, value=byte[]{length=17, hash=-1644578928}}}}
02:47:39.543 [raft-server-2] TRACE i.a.p.raft.roles.FollowerRole - RaftServer{2}{role=FOLLOWER} - Committed entries up to index 10
02:47:39.543 [raft-server-2] TRACE i.a.p.raft.roles.FollowerRole - RaftServer{2}{role=FOLLOWER} - Sending AppendResponse{status=OK, term=1, succeeded=true, lastLogIndex=11}
02:47:39.544 [raft-server-2-state] TRACE i.a.p.raft.impl.RaftServiceManager - RaftServer{2} - Applying Indexed{index=10, entry=CommandEntry{term=1, timestamp=2018-06-09 02:47:39,256, session=2, sequence=6, operation=PrimitiveOperation{id=DefaultOperationId{id=write, type=COMMAND}, value=byte[]{length=17, hash=-1644578928}}}}
02:47:39.544 [raft-server-2-state] TRACE i.a.p.s.impl.DefaultServiceExecutor - PrimitiveService{2}{type=io.atomix.protocols.raft.RaftTest$TestPrimitiveType@8dc7f31, name=raft-test} - Executing DefaultCommit{index=10, session=RaftSession{RaftServiceContext{server=2, type=io.atomix.protocols.raft.RaftTest$TestPrimitiveType@8dc7f31, name=raft-test, id=2}, session=2, timestamp=2018-06-09 02:47:39,256}, time=2018-06-09 02:47:39,256, operation=DefaultOperationId{id=write, type=COMMAND}, value=byte[]{length=17, hash=-1644578928}}
02:47:39.544 [raft-server-1] TRACE i.a.p.raft.roles.LeaderAppender - RaftServer{1} - Received AppendResponse{status=OK, term=1, succeeded=true, lastLogIndex=11} from 2
02:47:39.544 [raft-server-1] TRACE i.a.p.raft.roles.LeaderAppender - RaftServer{1} - Committed entries up to 11
02:47:39.580 [raft-server-3] TRACE i.a.p.raft.roles.FollowerRole - RaftServer{3}{role=FOLLOWER} - Committed entries up to index 10
02:47:39.580 [raft-server-3] TRACE i.a.p.raft.roles.FollowerRole - RaftServer{3}{role=FOLLOWER} - Sending AppendResponse{status=OK, term=1, succeeded=true, lastLogIndex=11}
02:47:39.580 [raft-server-3-state] TRACE i.a.p.raft.impl.RaftServiceManager - RaftServer{3} - Applying Indexed{index=10, entry=CommandEntry{term=1, timestamp=2018-06-09 02:47:39,256, session=2, sequence=6, operation=PrimitiveOperation{id=DefaultOperationId{id=write, type=COMMAND}, value=byte[]{length=17, hash=-1644578928}}}}
02:47:39.580 [raft-server-3-state] TRACE i.a.p.s.impl.DefaultServiceExecutor - PrimitiveService{2}{type=io.atomix.protocols.raft.RaftTest$TestPrimitiveType@260d6206, name=raft-test} - Executing DefaultCommit{index=10, session=RaftSession{RaftServiceContext{server=3, type=io.atomix.protocols.raft.RaftTest$TestPrimitiveType@260d6206, name=raft-test, id=2}, session=2, timestamp=2018-06-09 02:47:39,256}, time=2018-06-09 02:47:39,256, operation=DefaultOperationId{id=write, type=COMMAND}, value=byte[]{length=17, hash=-1644578928}}
02:47:39.605 [raft-server-1] TRACE i.a.p.raft.roles.LeaderAppender - RaftServer{1} - Sending AppendRequest{term=1, leader=1, prevLogIndex=11, prevLogTerm=1, entries=0, commitIndex=11} to 2
02:47:39.605 [raft-server-1] TRACE i.a.p.raft.roles.LeaderAppender - RaftServer{1} - Received AppendResponse{status=OK, term=1, succeeded=true, lastLogIndex=11} from 3
02:47:39.605 [raft-server-2] TRACE i.a.p.raft.roles.FollowerRole - RaftServer{2}{role=FOLLOWER} - Received AppendRequest{term=1, leader=1, prevLogIndex=11, prevLogTerm=1, entries=0, commitIndex=11}
02:47:39.605 [raft-server-1] TRACE i.a.p.raft.roles.LeaderAppender - RaftServer{1} - Sending AppendRequest{term=1, leader=1, prevLogIndex=11, prevLogTerm=1, entries=0, commitIndex=11} to 3
02:47:39.605 [raft-server-3] TRACE i.a.p.raft.roles.FollowerRole - RaftServer{3}{role=FOLLOWER} - Received AppendRequest{term=1, leader=1, prevLogIndex=11, prevLogTerm=1, entries=0, commitIndex=11}
02:47:39.605 [raft-server-1-state] TRACE i.a.p.raft.impl.RaftServiceManager - RaftServer{1} - Applying Indexed{index=11, entry=CommandEntry{term=1, timestamp=2018-06-09 02:47:39,339, session=2, sequence=7, operation=PrimitiveOperation{id=DefaultOperationId{id=write, type=COMMAND}, value=byte[]{length=17, hash=-1644578928}}}}
02:47:39.605 [raft-server-1-state] TRACE i.a.p.s.impl.DefaultServiceExecutor - PrimitiveService{2}{type=io.atomix.protocols.raft.RaftTest$TestPrimitiveType@35843ad0, name=raft-test} - Executing DefaultCommit{index=11, session=RaftSession{RaftServiceContext{server=1, type=io.atomix.protocols.raft.RaftTest$TestPrimitiveType@35843ad0, name=raft-test, id=2}, session=2, timestamp=2018-06-09 02:47:39,339}, time=2018-06-09 02:47:39,339, operation=DefaultOperationId{id=write, type=COMMAND}, value=byte[]{length=17, hash=-1644578928}}
02:47:39.605 [raft-server-1-state] TRACE i.a.protocols.raft.roles.LeaderRole - RaftServer{1}{role=LEADER} - Sending CommandResponse{status=OK, index=11, eventIndex=2, result=byte[]{length=2, hash=1262}}
02:47:39.605 [raft-client-613ce1dd-77b1-4b52-a0bf-d277cef86e4f-6] TRACE i.a.p.r.p.impl.RaftProxyConnection - SessionClient{2}{type=io.atomix.protocols.raft.RaftTest$TestPrimitiveType@35bfa1bb, name=raft-test} - Received CommandResponse{status=OK, index=11, eventIndex=2, result=byte[]{length=2, hash=1262}} from 1
02:47:39.605 [raft-client-613ce1dd-77b1-4b52-a0bf-d277cef86e4f-6] TRACE i.a.p.r.p.impl.RaftProxySequencer - SessionClient{2}{type=io.atomix.protocols.raft.RaftTest$TestPrimitiveType@35bfa1bb, name=raft-test} - Completing response CommandResponse{status=OK, index=11, eventIndex=2, result=byte[]{length=2, hash=1262}}
02:47:39.606 [raft-client-613ce1dd-77b1-4b52-a0bf-d277cef86e4f-4] TRACE i.a.p.r.p.impl.RaftProxyConnection - SessionClient{2}{type=io.atomix.protocols.raft.RaftTest$TestPrimitiveType@35bfa1bb, name=raft-test} - Sending CommandRequest{session=2, sequence=8, operation=PrimitiveOperation{id=DefaultOperationId{id=write, type=COMMAND}, value=byte[]{length=17, hash=-1644578928}}} to 1
02:47:39.606 [raft-server-1] TRACE i.a.protocols.raft.roles.LeaderRole - RaftServer{1}{role=LEADER} - Received CommandRequest{session=2, sequence=8, operation=PrimitiveOperation{id=DefaultOperationId{id=write, type=COMMAND}, value=byte[]{length=17, hash=-1644578928}}}
02:47:39.606 [raft-server-1] TRACE i.a.protocols.raft.roles.LeaderRole - RaftServer{1}{role=LEADER} - Appended Indexed{index=12, entry=CommandEntry{term=1, timestamp=2018-06-09 02:47:39,606, session=2, sequence=8, operation=PrimitiveOperation{id=DefaultOperationId{id=write, type=COMMAND}, value=byte[]{length=17, hash=-1644578928}}}}
02:47:39.630 [raft-server-2] TRACE i.a.p.raft.roles.FollowerRole - RaftServer{2}{role=FOLLOWER} - Committed entries up to index 11
02:47:39.630 [raft-server-2] TRACE i.a.p.raft.roles.FollowerRole - RaftServer{2}{role=FOLLOWER} - Sending AppendResponse{status=OK, term=1, succeeded=true, lastLogIndex=11}
02:47:39.630 [raft-server-1] TRACE i.a.p.raft.roles.LeaderAppender - RaftServer{1} - Received AppendResponse{status=OK, term=1, succeeded=true, lastLogIndex=11} from 2
02:47:39.630 [raft-server-1] TRACE i.a.p.raft.roles.LeaderAppender - RaftServer{1} - Sending AppendRequest{term=1, leader=1, prevLogIndex=11, prevLogTerm=1, entries=1, commitIndex=11} to 2
02:47:39.630 [raft-server-2-state] TRACE i.a.p.raft.impl.RaftServiceManager - RaftServer{2} - Applying Indexed{index=11, entry=CommandEntry{term=1, timestamp=2018-06-09 02:47:39,339, session=2, sequence=7, operation=PrimitiveOperation{id=DefaultOperationId{id=write, type=COMMAND}, value=byte[]{length=17, hash=-1644578928}}}}
02:47:39.630 [raft-server-2] TRACE i.a.p.raft.roles.FollowerRole - RaftServer{2}{role=FOLLOWER} - Received AppendRequest{term=1, leader=1, prevLogIndex=11, prevLogTerm=1, entries=1, commitIndex=11}
02:47:39.630 [raft-server-2-state] TRACE i.a.p.s.impl.DefaultServiceExecutor - PrimitiveService{2}{type=io.atomix.protocols.raft.RaftTest$TestPrimitiveType@8dc7f31, name=raft-test} - Executing DefaultCommit{index=11, session=RaftSession{RaftServiceContext{server=2, type=io.atomix.protocols.raft.RaftTest$TestPrimitiveType@8dc7f31, name=raft-test, id=2}, session=2, timestamp=2018-06-09 02:47:39,339}, time=2018-06-09 02:47:39,339, operation=DefaultOperationId{id=write, type=COMMAND}, value=byte[]{length=17, hash=-1644578928}}
02:47:39.630 [raft-server-2] TRACE i.a.p.raft.roles.FollowerRole - RaftServer{2}{role=FOLLOWER} - Appended Indexed{index=12, entry=CommandEntry{term=1, timestamp=2018-06-09 02:47:39,606, session=2, sequence=8, operation=PrimitiveOperation{id=DefaultOperationId{id=write, type=COMMAND}, value=byte[]{length=17, hash=-1644578928}}}}
02:47:39.630 [raft-server-2] TRACE i.a.p.raft.roles.FollowerRole - RaftServer{2}{role=FOLLOWER} - Sending AppendResponse{status=OK, term=1, succeeded=true, lastLogIndex=12}
02:47:39.630 [raft-server-1] TRACE i.a.p.raft.roles.LeaderAppender - RaftServer{1} - Received AppendResponse{status=OK, term=1, succeeded=true, lastLogIndex=12} from 2
02:47:39.630 [raft-server-1] TRACE i.a.p.raft.roles.LeaderAppender - RaftServer{1} - Committed entries up to 12
02:47:39.671 [raft-server-3] TRACE i.a.p.raft.roles.FollowerRole - RaftServer{3}{role=FOLLOWER} - Committed entries up to index 11
02:47:39.671 [raft-server-3] TRACE i.a.p.raft.roles.FollowerRole - RaftServer{3}{role=FOLLOWER} - Sending AppendResponse{status=OK, term=1, succeeded=true, lastLogIndex=11}
02:47:39.671 [raft-server-3-state] TRACE i.a.p.raft.impl.RaftServiceManager - RaftServer{3} - Applying Indexed{index=11, entry=CommandEntry{term=1, timestamp=2018-06-09 02:47:39,339, session=2, sequence=7, operation=PrimitiveOperation{id=DefaultOperationId{id=write, type=COMMAND}, value=byte[]{length=17, hash=-1644578928}}}}
02:47:39.672 [raft-server-3-state] TRACE i.a.p.s.impl.DefaultServiceExecutor - PrimitiveService{2}{type=io.atomix.protocols.raft.RaftTest$TestPrimitiveType@260d6206, name=raft-test} - Executing DefaultCommit{index=11, session=RaftSession{RaftServiceContext{server=3, type=io.atomix.protocols.raft.RaftTest$TestPrimitiveType@260d6206, name=raft-test, id=2}, session=2, timestamp=2018-06-09 02:47:39,339}, time=2018-06-09 02:47:39,339, operation=DefaultOperationId{id=write, type=COMMAND}, value=byte[]{length=17, hash=-1644578928}}
02:47:39.696 [raft-server-1] TRACE i.a.p.raft.roles.LeaderAppender - RaftServer{1} - Received AppendResponse{status=OK, term=1, succeeded=true, lastLogIndex=11} from 3
02:47:39.696 [raft-server-1] TRACE i.a.p.raft.roles.LeaderAppender - RaftServer{1} - Sending AppendRequest{term=1, leader=1, prevLogIndex=11, prevLogTerm=1, entries=1, commitIndex=12} to 3
02:47:39.696 [raft-server-3] TRACE i.a.p.raft.roles.FollowerRole - RaftServer{3}{role=FOLLOWER} - Received AppendRequest{term=1, leader=1, prevLogIndex=11, prevLogTerm=1, entries=1, commitIndex=12}
02:47:39.697 [raft-server-3] TRACE i.a.p.raft.roles.FollowerRole - RaftServer{3}{role=FOLLOWER} - Appended Indexed{index=12, entry=CommandEntry{term=1, timestamp=2018-06-09 02:47:39,606, session=2, sequence=8, operation=PrimitiveOperation{id=DefaultOperationId{id=write, type=COMMAND}, value=byte[]{length=17, hash=-1644578928}}}}
02:47:39.697 [raft-server-1-state] TRACE i.a.p.raft.impl.RaftServiceManager - RaftServer{1} - Applying Indexed{index=12, entry=CommandEntry{term=1, timestamp=2018-06-09 02:47:39,606, session=2, sequence=8, operation=PrimitiveOperation{id=DefaultOperationId{id=write, type=COMMAND}, value=byte[]{length=17, hash=-1644578928}}}}
02:47:39.697 [raft-server-1-state] TRACE i.a.p.s.impl.DefaultServiceExecutor - PrimitiveService{2}{type=io.atomix.protocols.raft.RaftTest$TestPrimitiveType@35843ad0, name=raft-test} - Executing DefaultCommit{index=12, session=RaftSession{RaftServiceContext{server=1, type=io.atomix.protocols.raft.RaftTest$TestPrimitiveType@35843ad0, name=raft-test, id=2}, session=2, timestamp=2018-06-09 02:47:39,606}, time=2018-06-09 02:47:39,606, operation=DefaultOperationId{id=write, type=COMMAND}, value=byte[]{length=17, hash=-1644578928}}
02:47:39.697 [raft-server-1-state] TRACE i.a.protocols.raft.roles.LeaderRole - RaftServer{1}{role=LEADER} - Sending CommandResponse{status=OK, index=12, eventIndex=2, result=byte[]{length=2, hash=1264}}
02:47:39.697 [raft-client-613ce1dd-77b1-4b52-a0bf-d277cef86e4f-5] TRACE i.a.p.r.p.impl.RaftProxyConnection - SessionClient{2}{type=io.atomix.protocols.raft.RaftTest$TestPrimitiveType@35bfa1bb, name=raft-test} - Received CommandResponse{status=OK, index=12, eventIndex=2, result=byte[]{length=2, hash=1264}} from 1
02:47:39.697 [raft-client-613ce1dd-77b1-4b52-a0bf-d277cef86e4f-5] TRACE i.a.p.r.p.impl.RaftProxySequencer - SessionClient{2}{type=io.atomix.protocols.raft.RaftTest$TestPrimitiveType@35bfa1bb, name=raft-test} - Completing response CommandResponse{status=OK, index=12, eventIndex=2, result=byte[]{length=2, hash=1264}}
02:47:39.698 [raft-client-613ce1dd-77b1-4b52-a0bf-d277cef86e4f-2] TRACE i.a.p.r.p.impl.RaftProxyConnection - SessionClient{2}{type=io.atomix.protocols.raft.RaftTest$TestPrimitiveType@35bfa1bb, name=raft-test} - Sending CommandRequest{session=2, sequence=9, operation=PrimitiveOperation{id=DefaultOperationId{id=write, type=COMMAND}, value=byte[]{length=17, hash=-1644578928}}} to 1
02:47:39.698 [raft-server-1] TRACE i.a.protocols.raft.roles.LeaderRole - RaftServer{1}{role=LEADER} - Received CommandRequest{session=2, sequence=9, operation=PrimitiveOperation{id=DefaultOperationId{id=write, type=COMMAND}, value=byte[]{length=17, hash=-1644578928}}}
02:47:39.698 [raft-server-1] TRACE i.a.protocols.raft.roles.LeaderRole - RaftServer{1}{role=LEADER} - Appended Indexed{index=13, entry=CommandEntry{term=1, timestamp=2018-06-09 02:47:39,698, session=2, sequence=9, operation=PrimitiveOperation{id=DefaultOperationId{id=write, type=COMMAND}, value=byte[]{length=17, hash=-1644578928}}}}
02:47:39.698 [raft-server-1] TRACE i.a.p.raft.roles.LeaderAppender - RaftServer{1} - Sending AppendRequest{term=1, leader=1, prevLogIndex=12, prevLogTerm=1, entries=1, commitIndex=12} to 2
02:47:39.698 [raft-server-2] TRACE i.a.p.raft.roles.FollowerRole - RaftServer{2}{role=FOLLOWER} - Received AppendRequest{term=1, leader=1, prevLogIndex=12, prevLogTerm=1, entries=1, commitIndex=12}
02:47:39.698 [raft-server-2] TRACE i.a.p.raft.roles.FollowerRole - RaftServer{2}{role=FOLLOWER} - Appended Indexed{index=13, entry=CommandEntry{term=1, timestamp=2018-06-09 02:47:39,698, session=2, sequence=9, operation=PrimitiveOperation{id=DefaultOperationId{id=write, type=COMMAND}, value=byte[]{length=17, hash=-1644578928}}}}
02:47:39.735 [raft-server-3] TRACE i.a.p.raft.roles.FollowerRole - RaftServer{3}{role=FOLLOWER} - Committed entries up to index 12
02:47:39.735 [raft-server-3] TRACE i.a.p.raft.roles.FollowerRole - RaftServer{3}{role=FOLLOWER} - Sending AppendResponse{status=OK, term=1, succeeded=true, lastLogIndex=12}
02:47:39.735 [raft-server-1] TRACE i.a.p.raft.roles.LeaderAppender - RaftServer{1} - Received AppendResponse{status=OK, term=1, succeeded=true, lastLogIndex=12} from 3
02:47:39.735 [raft-server-1] TRACE i.a.p.raft.roles.LeaderAppender - RaftServer{1} - Sending AppendRequest{term=1, leader=1, prevLogIndex=12, prevLogTerm=1, entries=1, commitIndex=12} to 3
02:47:39.735 [raft-server-3-state] TRACE i.a.p.raft.impl.RaftServiceManager - RaftServer{3} - Applying Indexed{index=12, entry=CommandEntry{term=1, timestamp=2018-06-09 02:47:39,606, session=2, sequence=8, operation=PrimitiveOperation{id=DefaultOperationId{id=write, type=COMMAND}, value=byte[]{length=17, hash=-1644578928}}}}
02:47:39.735 [raft-server-3] TRACE i.a.p.raft.roles.FollowerRole - RaftServer{3}{role=FOLLOWER} - Received AppendRequest{term=1, leader=1, prevLogIndex=12, prevLogTerm=1, entries=1, commitIndex=12}
02:47:39.735 [raft-server-3-state] TRACE i.a.p.s.impl.DefaultServiceExecutor - PrimitiveService{2}{type=io.atomix.protocols.raft.RaftTest$TestPrimitiveType@260d6206, name=raft-test} - Executing DefaultCommit{index=12, session=RaftSession{RaftServiceContext{server=3, type=io.atomix.protocols.raft.RaftTest$TestPrimitiveType@260d6206, name=raft-test, id=2}, session=2, timestamp=2018-06-09 02:47:39,606}, time=2018-06-09 02:47:39,606, operation=DefaultOperationId{id=write, type=COMMAND}, value=byte[]{length=17, hash=-1644578928}}
02:47:39.736 [raft-server-3] TRACE i.a.p.raft.roles.FollowerRole - RaftServer{3}{role=FOLLOWER} - Appended Indexed{index=13, entry=CommandEntry{term=1, timestamp=2018-06-09 02:47:39,698, session=2, sequence=9, operation=PrimitiveOperation{id=DefaultOperationId{id=write, type=COMMAND}, value=byte[]{length=17, hash=-1644578928}}}}
02:47:39.736 [raft-server-3] TRACE i.a.p.raft.roles.FollowerRole - RaftServer{3}{role=FOLLOWER} - Sending AppendResponse{status=OK, term=1, succeeded=true, lastLogIndex=13}
02:47:39.736 [raft-server-1] TRACE i.a.p.raft.roles.LeaderAppender - RaftServer{1} - Received AppendResponse{status=OK, term=1, succeeded=true, lastLogIndex=13} from 3
02:47:39.736 [raft-server-1] TRACE i.a.p.raft.roles.LeaderAppender - RaftServer{1} - Committed entries up to 13
02:47:39.771 [raft-server-2] TRACE i.a.p.raft.roles.FollowerRole - RaftServer{2}{role=FOLLOWER} - Committed entries up to index 12
02:47:39.771 [raft-server-2] TRACE i.a.p.raft.roles.FollowerRole - RaftServer{2}{role=FOLLOWER} - Sending AppendResponse{status=OK, term=1, succeeded=true, lastLogIndex=13}
02:47:39.771 [raft-server-2-state] TRACE i.a.p.raft.impl.RaftServiceManager - RaftServer{2} - Applying Indexed{index=12, entry=CommandEntry{term=1, timestamp=2018-06-09 02:47:39,606, session=2, sequence=8, operation=PrimitiveOperation{id=DefaultOperationId{id=write, type=COMMAND}, value=byte[]{length=17, hash=-1644578928}}}}
02:47:39.772 [raft-server-2-state] TRACE i.a.p.s.impl.DefaultServiceExecutor - PrimitiveService{2}{type=io.atomix.protocols.raft.RaftTest$TestPrimitiveType@8dc7f31, name=raft-test} - Executing DefaultCommit{index=12, session=RaftSession{RaftServiceContext{server=2, type=io.atomix.protocols.raft.RaftTest$TestPrimitiveType@8dc7f31, name=raft-test, id=2}, session=2, timestamp=2018-06-09 02:47:39,606}, time=2018-06-09 02:47:39,606, operation=DefaultOperationId{id=write, type=COMMAND}, value=byte[]{length=17, hash=-1644578928}}
02:47:39.796 [raft-server-1] TRACE i.a.p.raft.roles.LeaderAppender - RaftServer{1} - Received AppendResponse{status=OK, term=1, succeeded=true, lastLogIndex=13} from 2
02:47:39.796 [raft-server-1-state] TRACE i.a.p.raft.impl.RaftServiceManager - RaftServer{1} - Applying Indexed{index=13, entry=CommandEntry{term=1, timestamp=2018-06-09 02:47:39,698, session=2, sequence=9, operation=PrimitiveOperation{id=DefaultOperationId{id=write, type=COMMAND}, value=byte[]{length=17, hash=-1644578928}}}}
02:47:39.797 [raft-server-1-state] TRACE i.a.p.s.impl.DefaultServiceExecutor - PrimitiveService{2}{type=io.atomix.protocols.raft.RaftTest$TestPrimitiveType@35843ad0, name=raft-test} - Executing DefaultCommit{index=13, session=RaftSession{RaftServiceContext{server=1, type=io.atomix.protocols.raft.RaftTest$TestPrimitiveType@35843ad0, name=raft-test, id=2}, session=2, timestamp=2018-06-09 02:47:39,698}, time=2018-06-09 02:47:39,698, operation=DefaultOperationId{id=write, type=COMMAND}, value=byte[]{length=17, hash=-1644578928}}
02:47:39.797 [raft-server-1-state] TRACE i.a.protocols.raft.roles.LeaderRole - RaftServer{1}{role=LEADER} - Sending CommandResponse{status=OK, index=13, eventIndex=2, result=byte[]{length=2, hash=1266}}
02:47:39.797 [raft-client-613ce1dd-77b1-4b52-a0bf-d277cef86e4f-3] TRACE i.a.p.r.p.impl.RaftProxyConnection - SessionClient{2}{type=io.atomix.protocols.raft.RaftTest$TestPrimitiveType@35bfa1bb, name=raft-test} - Received CommandResponse{status=OK, index=13, eventIndex=2, result=byte[]{length=2, hash=1266}} from 1
02:47:39.797 [raft-client-613ce1dd-77b1-4b52-a0bf-d277cef86e4f-3] TRACE i.a.p.r.p.impl.RaftProxySequencer - SessionClient{2}{type=io.atomix.protocols.raft.RaftTest$TestPrimitiveType@35bfa1bb, name=raft-test} - Completing response CommandResponse{status=OK, index=13, eventIndex=2, result=byte[]{length=2, hash=1266}}
02:47:39.797 [raft-client-613ce1dd-77b1-4b52-a0bf-d277cef86e4f-7] TRACE i.a.p.r.p.impl.RaftProxyConnection - SessionClient{2}{type=io.atomix.protocols.raft.RaftTest$TestPrimitiveType@35bfa1bb, name=raft-test} - Sending CommandRequest{session=2, sequence=10, operation=PrimitiveOperation{id=DefaultOperationId{id=write, type=COMMAND}, value=byte[]{length=17, hash=-1644578928}}} to 1
02:47:39.799 [raft-server-1] TRACE i.a.protocols.raft.roles.LeaderRole - RaftServer{1}{role=LEADER} - Received CommandRequest{session=2, sequence=10, operation=PrimitiveOperation{id=DefaultOperationId{id=write, type=COMMAND}, value=byte[]{length=17, hash=-1644578928}}}
02:47:39.799 [raft-server-1] TRACE i.a.protocols.raft.roles.LeaderRole - RaftServer{1}{role=LEADER} - Appended Indexed{index=14, entry=CommandEntry{term=1, timestamp=2018-06-09 02:47:39,799, session=2, sequence=10, operation=PrimitiveOperation{id=DefaultOperationId{id=write, type=COMMAND}, value=byte[]{length=17, hash=-1644578928}}}}
02:47:39.799 [raft-server-1] TRACE i.a.p.raft.roles.LeaderAppender - RaftServer{1} - Sending AppendRequest{term=1, leader=1, prevLogIndex=13, prevLogTerm=1, entries=1, commitIndex=13} to 3
02:47:39.799 [raft-server-3] TRACE i.a.p.raft.roles.FollowerRole - RaftServer{3}{role=FOLLOWER} - Received AppendRequest{term=1, leader=1, prevLogIndex=13, prevLogTerm=1, entries=1, commitIndex=13}
02:47:39.799 [raft-server-1] TRACE i.a.p.raft.roles.LeaderAppender - RaftServer{1} - Sending AppendRequest{term=1, leader=1, prevLogIndex=13, prevLogTerm=1, entries=1, commitIndex=13} to 2
02:47:39.799 [raft-server-2] TRACE i.a.p.raft.roles.FollowerRole - RaftServer{2}{role=FOLLOWER} - Received AppendRequest{term=1, leader=1, prevLogIndex=13, prevLogTerm=1, entries=1, commitIndex=13}
02:47:39.799 [raft-server-3] TRACE i.a.p.raft.roles.FollowerRole - RaftServer{3}{role=FOLLOWER} - Appended Indexed{index=14, entry=CommandEntry{term=1, timestamp=2018-06-09 02:47:39,799, session=2, sequence=10, operation=PrimitiveOperation{id=DefaultOperationId{id=write, type=COMMAND}, value=byte[]{length=17, hash=-1644578928}}}}
02:47:39.799 [raft-server-2] TRACE i.a.p.raft.roles.FollowerRole - RaftServer{2}{role=FOLLOWER} - Appended Indexed{index=14, entry=CommandEntry{term=1, timestamp=2018-06-09 02:47:39,799, session=2, sequence=10, operation=PrimitiveOperation{id=DefaultOperationId{id=write, type=COMMAND}, value=byte[]{length=17, hash=-1644578928}}}}
02:47:39.830 [raft-server-2] TRACE i.a.p.raft.roles.FollowerRole - RaftServer{2}{role=FOLLOWER} - Committed entries up to index 13
02:47:39.830 [raft-server-3] TRACE i.a.p.raft.roles.FollowerRole - RaftServer{3}{role=FOLLOWER} - Committed entries up to index 13
02:47:39.830 [raft-server-2] TRACE i.a.p.raft.roles.FollowerRole - RaftServer{2}{role=FOLLOWER} - Sending AppendResponse{status=OK, term=1, succeeded=true, lastLogIndex=14}
02:47:39.830 [raft-server-3] TRACE i.a.p.raft.roles.FollowerRole - RaftServer{3}{role=FOLLOWER} - Sending AppendResponse{status=OK, term=1, succeeded=true, lastLogIndex=14}
02:47:39.830 [raft-server-1] TRACE i.a.p.raft.roles.LeaderAppender - RaftServer{1} - Received AppendResponse{status=OK, term=1, succeeded=true, lastLogIndex=14} from 2
02:47:39.830 [raft-server-1] TRACE i.a.p.raft.roles.LeaderAppender - RaftServer{1} - Committed entries up to 14
02:47:39.830 [raft-server-2-state] TRACE i.a.p.raft.impl.RaftServiceManager - RaftServer{2} - Applying Indexed{index=13, entry=CommandEntry{term=1, timestamp=2018-06-09 02:47:39,698, session=2, sequence=9, operation=PrimitiveOperation{id=DefaultOperationId{id=write, type=COMMAND}, value=byte[]{length=17, hash=-1644578928}}}}
02:47:39.830 [raft-server-3-state] TRACE i.a.p.raft.impl.RaftServiceManager - RaftServer{3} - Applying Indexed{index=13, entry=CommandEntry{term=1, timestamp=2018-06-09 02:47:39,698, session=2, sequence=9, operation=PrimitiveOperation{id=DefaultOperationId{id=write, type=COMMAND}, value=byte[]{length=17, hash=-1644578928}}}}
02:47:39.830 [raft-server-2-state] TRACE i.a.p.s.impl.DefaultServiceExecutor - PrimitiveService{2}{type=io.atomix.protocols.raft.RaftTest$TestPrimitiveType@8dc7f31, name=raft-test} - Executing DefaultCommit{index=13, session=RaftSession{RaftServiceContext{server=2, type=io.atomix.protocols.raft.RaftTest$TestPrimitiveType@8dc7f31, name=raft-test, id=2}, session=2, timestamp=2018-06-09 02:47:39,698}, time=2018-06-09 02:47:39,698, operation=DefaultOperationId{id=write, type=COMMAND}, value=byte[]{length=17, hash=-1644578928}}
02:47:39.830 [raft-server-3-state] TRACE i.a.p.s.impl.DefaultServiceExecutor - PrimitiveService{2}{type=io.atomix.protocols.raft.RaftTest$TestPrimitiveType@260d6206, name=raft-test} - Executing DefaultCommit{index=13, session=RaftSession{RaftServiceContext{server=3, type=io.atomix.protocols.raft.RaftTest$TestPrimitiveType@260d6206, name=raft-test, id=2}, session=2, timestamp=2018-06-09 02:47:39,698}, time=2018-06-09 02:47:39,698, operation=DefaultOperationId{id=write, type=COMMAND}, value=byte[]{length=17, hash=-1644578928}}
02:47:39.863 [raft-server-1] TRACE i.a.p.raft.roles.LeaderAppender - RaftServer{1} - Received AppendResponse{status=OK, term=1, succeeded=true, lastLogIndex=14} from 3
02:47:39.863 [raft-server-1-state] TRACE i.a.p.raft.impl.RaftServiceManager - RaftServer{1} - Applying Indexed{index=14, entry=CommandEntry{term=1, timestamp=2018-06-09 02:47:39,799, session=2, sequence=10, operation=PrimitiveOperation{id=DefaultOperationId{id=write, type=COMMAND}, value=byte[]{length=17, hash=-1644578928}}}}
02:47:39.863 [raft-server-1-state] TRACE i.a.p.s.impl.DefaultServiceExecutor - PrimitiveService{2}{type=io.atomix.protocols.raft.RaftTest$TestPrimitiveType@35843ad0, name=raft-test} - Executing DefaultCommit{index=14, session=RaftSession{RaftServiceContext{server=1, type=io.atomix.protocols.raft.RaftTest$TestPrimitiveType@35843ad0, name=raft-test, id=2}, session=2, timestamp=2018-06-09 02:47:39,799}, time=2018-06-09 02:47:39,799, operation=DefaultOperationId{id=write, type=COMMAND}, value=byte[]{length=17, hash=-1644578928}}
02:47:39.864 [raft-server-1] TRACE i.a.protocols.raft.roles.LeaderRole - RaftServer{1}{role=LEADER} - Sending CommandResponse{status=OK, index=14, eventIndex=2, result=byte[]{length=2, hash=1268}}
02:47:39.864 [raft-client-613ce1dd-77b1-4b52-a0bf-d277cef86e4f-5] TRACE i.a.p.r.p.impl.RaftProxyConnection - SessionClient{2}{type=io.atomix.protocols.raft.RaftTest$TestPrimitiveType@35bfa1bb, name=raft-test} - Received CommandResponse{status=OK, index=14, eventIndex=2, result=byte[]{length=2, hash=1268}} from 1
02:47:39.864 [raft-client-613ce1dd-77b1-4b52-a0bf-d277cef86e4f-5] TRACE i.a.p.r.p.impl.RaftProxySequencer - SessionClient{2}{type=io.atomix.protocols.raft.RaftTest$TestPrimitiveType@35bfa1bb, name=raft-test} - Completing response CommandResponse{status=OK, index=14, eventIndex=2, result=byte[]{length=2, hash=1268}}
02:47:39.864 [raft-client-613ce1dd-77b1-4b52-a0bf-d277cef86e4f-1] TRACE i.a.p.r.p.impl.RaftProxyConnection - SessionClient{2}{type=io.atomix.protocols.raft.RaftTest$TestPrimitiveType@35bfa1bb, name=raft-test} - Sending CommandRequest{session=2, sequence=11, operation=PrimitiveOperation{id=DefaultOperationId{id=write, type=COMMAND}, value=byte[]{length=17, hash=-1644578928}}} to 1
02:47:39.864 [raft-server-1] TRACE i.a.protocols.raft.roles.LeaderRole - RaftServer{1}{role=LEADER} - Received CommandRequest{session=2, sequence=11, operation=PrimitiveOperation{id=DefaultOperationId{id=write, type=COMMAND}, value=byte[]{length=17, hash=-1644578928}}}
02:47:39.864 [raft-server-1] TRACE i.a.protocols.raft.roles.LeaderRole - RaftServer{1}{role=LEADER} - Appended Indexed{index=15, entry=CommandEntry{term=1, timestamp=2018-06-09 02:47:39,864, session=2, sequence=11, operation=PrimitiveOperation{id=DefaultOperationId{id=write, type=COMMAND}, value=byte[]{length=17, hash=-1644578928}}}}
02:47:39.865 [raft-server-1] TRACE i.a.p.raft.roles.LeaderAppender - RaftServer{1} - Sending AppendRequest{term=1, leader=1, prevLogIndex=14, prevLogTerm=1, entries=1, commitIndex=14} to 3
02:47:39.865 [raft-server-3] TRACE i.a.p.raft.roles.FollowerRole - RaftServer{3}{role=FOLLOWER} - Received AppendRequest{term=1, leader=1, prevLogIndex=14, prevLogTerm=1, entries=1, commitIndex=14}
02:47:39.865 [raft-server-1] TRACE i.a.p.raft.roles.LeaderAppender - RaftServer{1} - Sending AppendRequest{term=1, leader=1, prevLogIndex=14, prevLogTerm=1, entries=1, commitIndex=14} to 2
02:47:39.865 [raft-server-2] TRACE i.a.p.raft.roles.FollowerRole - RaftServer{2}{role=FOLLOWER} - Received AppendRequest{term=1, leader=1, prevLogIndex=14, prevLogTerm=1, entries=1, commitIndex=14}
02:47:39.865 [raft-server-3] TRACE i.a.p.raft.roles.FollowerRole - RaftServer{3}{role=FOLLOWER} - Appended Indexed{index=15, entry=CommandEntry{term=1, timestamp=2018-06-09 02:47:39,864, session=2, sequence=11, operation=PrimitiveOperation{id=DefaultOperationId{id=write, type=COMMAND}, value=byte[]{length=17, hash=-1644578928}}}}
02:47:39.865 [raft-server-2] TRACE i.a.p.raft.roles.FollowerRole - RaftServer{2}{role=FOLLOWER} - Appended Indexed{index=15, entry=CommandEntry{term=1, timestamp=2018-06-09 02:47:39,864, session=2, sequence=11, operation=PrimitiveOperation{id=DefaultOperationId{id=write, type=COMMAND}, value=byte[]{length=17, hash=-1644578928}}}}
02:47:39.896 [raft-server-3] TRACE i.a.p.raft.roles.FollowerRole - RaftServer{3}{role=FOLLOWER} - Committed entries up to index 14
02:47:39.896 [raft-server-3] TRACE i.a.p.raft.roles.FollowerRole - RaftServer{3}{role=FOLLOWER} - Sending AppendResponse{status=OK, term=1, succeeded=true, lastLogIndex=15}
02:47:39.896 [raft-server-1] TRACE i.a.p.raft.roles.LeaderAppender - RaftServer{1} - Received AppendResponse{status=OK, term=1, succeeded=true, lastLogIndex=15} from 3
02:47:39.896 [raft-server-2] TRACE i.a.p.raft.roles.FollowerRole - RaftServer{2}{role=FOLLOWER} - Committed entries up to index 14
02:47:39.896 [raft-server-1] TRACE i.a.p.raft.roles.LeaderAppender - RaftServer{1} - Committed entries up to 15
02:47:39.896 [raft-server-3-state] TRACE i.a.p.raft.impl.RaftServiceManager - RaftServer{3} - Applying Indexed{index=14, entry=CommandEntry{term=1, timestamp=2018-06-09 02:47:39,799, session=2, sequence=10, operation=PrimitiveOperation{id=DefaultOperationId{id=write, type=COMMAND}, value=byte[]{length=17, hash=-1644578928}}}}
02:47:39.896 [raft-server-2] TRACE i.a.p.raft.roles.FollowerRole - RaftServer{2}{role=FOLLOWER} - Sending AppendResponse{status=OK, term=1, succeeded=true, lastLogIndex=15}
02:47:39.897 [raft-server-3-state] TRACE i.a.p.s.impl.DefaultServiceExecutor - PrimitiveService{2}{type=io.atomix.protocols.raft.RaftTest$TestPrimitiveType@260d6206, name=raft-test} - Executing DefaultCommit{index=14, session=RaftSession{RaftServiceContext{server=3, type=io.atomix.protocols.raft.RaftTest$TestPrimitiveType@260d6206, name=raft-test, id=2}, session=2, timestamp=2018-06-09 02:47:39,799}, time=2018-06-09 02:47:39,799, operation=DefaultOperationId{id=write, type=COMMAND}, value=byte[]{length=17, hash=-1644578928}}
02:47:39.897 [raft-server-2-state] TRACE i.a.p.raft.impl.RaftServiceManager - RaftServer{2} - Applying Indexed{index=14, entry=CommandEntry{term=1, timestamp=2018-06-09 02:47:39,799, session=2, sequence=10, operation=PrimitiveOperation{id=DefaultOperationId{id=write, type=COMMAND}, value=byte[]{length=17, hash=-1644578928}}}}
02:47:39.897 [raft-server-2-state] TRACE i.a.p.s.impl.DefaultServiceExecutor - PrimitiveService{2}{type=io.atomix.protocols.raft.RaftTest$TestPrimitiveType@8dc7f31, name=raft-test} - Executing DefaultCommit{index=14, session=RaftSession{RaftServiceContext{server=2, type=io.atomix.protocols.raft.RaftTest$TestPrimitiveType@8dc7f31, name=raft-test, id=2}, session=2, timestamp=2018-06-09 02:47:39,799}, time=2018-06-09 02:47:39,799, operation=DefaultOperationId{id=write, type=COMMAND}, value=byte[]{length=17, hash=-1644578928}}
02:47:39.930 [raft-server-1] TRACE i.a.p.raft.roles.LeaderAppender - RaftServer{1} - Received AppendResponse{status=OK, term=1, succeeded=true, lastLogIndex=15} from 2
02:47:39.930 [raft-server-1-state] TRACE i.a.p.raft.impl.RaftServiceManager - RaftServer{1} - Applying Indexed{index=15, entry=CommandEntry{term=1, timestamp=2018-06-09 02:47:39,864, session=2, sequence=11, operation=PrimitiveOperation{id=DefaultOperationId{id=write, type=COMMAND}, value=byte[]{length=17, hash=-1644578928}}}}
02:47:39.930 [raft-server-1-state] TRACE i.a.p.s.impl.DefaultServiceExecutor - PrimitiveService{2}{type=io.atomix.protocols.raft.RaftTest$TestPrimitiveType@35843ad0, name=raft-test} - Executing DefaultCommit{index=15, session=RaftSession{RaftServiceContext{server=1, type=io.atomix.protocols.raft.RaftTest$TestPrimitiveType@35843ad0, name=raft-test, id=2}, session=2, timestamp=2018-06-09 02:47:39,864}, time=2018-06-09 02:47:39,864, operation=DefaultOperationId{id=write, type=COMMAND}, value=byte[]{length=17, hash=-1644578928}}
02:47:39.930 [raft-server-1-state] TRACE i.a.protocols.raft.roles.LeaderRole - RaftServer{1}{role=LEADER} - Sending CommandResponse{status=OK, index=15, eventIndex=2, result=byte[]{length=2, hash=1270}}
02:47:39.930 [raft-client-613ce1dd-77b1-4b52-a0bf-d277cef86e4f-6] TRACE i.a.p.r.p.impl.RaftProxyConnection - SessionClient{2}{type=io.atomix.protocols.raft.RaftTest$TestPrimitiveType@35bfa1bb, name=raft-test} - Received CommandResponse{status=OK, index=15, eventIndex=2, result=byte[]{length=2, hash=1270}} from 1
02:47:39.930 [raft-client-613ce1dd-77b1-4b52-a0bf-d277cef86e4f-6] TRACE i.a.p.r.p.impl.RaftProxySequencer - SessionClient{2}{type=io.atomix.protocols.raft.RaftTest$TestPrimitiveType@35bfa1bb, name=raft-test} - Completing response CommandResponse{status=OK, index=15, eventIndex=2, result=byte[]{length=2, hash=1270}}
02:47:39.931 [raft-client-613ce1dd-77b1-4b52-a0bf-d277cef86e4f-6] TRACE i.a.p.r.p.impl.RaftProxyConnection - SessionClient{2}{type=io.atomix.protocols.raft.RaftTest$TestPrimitiveType@35bfa1bb, name=raft-test} - Sending CommandRequest{session=2, sequence=12, operation=PrimitiveOperation{id=DefaultOperationId{id=write, type=COMMAND}, value=byte[]{length=17, hash=-1644578928}}} to 1
02:47:39.931 [raft-server-1] TRACE i.a.protocols.raft.roles.LeaderRole - RaftServer{1}{role=LEADER} - Received CommandRequest{session=2, sequence=12, operation=PrimitiveOperation{id=DefaultOperationId{id=write, type=COMMAND}, value=byte[]{length=17, hash=-1644578928}}}
02:47:39.931 [raft-server-1] TRACE i.a.protocols.raft.roles.LeaderRole - RaftServer{1}{role=LEADER} - Appended Indexed{index=16, entry=CommandEntry{term=1, timestamp=2018-06-09 02:47:39,931, session=2, sequence=12, operation=PrimitiveOperation{id=DefaultOperationId{id=write, type=COMMAND}, value=byte[]{length=17, hash=-1644578928}}}}
02:47:39.931 [raft-server-1] TRACE i.a.p.raft.roles.LeaderAppender - RaftServer{1} - Sending AppendRequest{term=1, leader=1, prevLogIndex=15, prevLogTerm=1, entries=1, commitIndex=15} to 3
02:47:39.931 [raft-server-1] TRACE i.a.p.raft.roles.LeaderAppender - RaftServer{1} - Sending AppendRequest{term=1, leader=1, prevLogIndex=15, prevLogTerm=1, entries=1, commitIndex=15} to 2
02:47:39.931 [raft-server-2] TRACE i.a.p.raft.roles.FollowerRole - RaftServer{2}{role=FOLLOWER} - Received AppendRequest{term=1, leader=1, prevLogIndex=15, prevLogTerm=1, entries=1, commitIndex=15}
02:47:39.931 [raft-server-3] TRACE i.a.p.raft.roles.FollowerRole - RaftServer{3}{role=FOLLOWER} - Received AppendRequest{term=1, leader=1, prevLogIndex=15, prevLogTerm=1, entries=1, commitIndex=15}
02:47:39.931 [raft-server-3] TRACE i.a.p.raft.roles.FollowerRole - RaftServer{3}{role=FOLLOWER} - Appended Indexed{index=16, entry=CommandEntry{term=1, timestamp=2018-06-09 02:47:39,931, session=2, sequence=12, operation=PrimitiveOperation{id=DefaultOperationId{id=write, type=COMMAND}, value=byte[]{length=17, hash=-1644578928}}}}
02:47:39.931 [raft-server-2] TRACE i.a.p.raft.roles.FollowerRole - RaftServer{2}{role=FOLLOWER} - Appended Indexed{index=16, entry=CommandEntry{term=1, timestamp=2018-06-09 02:47:39,931, session=2, sequence=12, operation=PrimitiveOperation{id=DefaultOperationId{id=write, type=COMMAND}, value=byte[]{length=17, hash=-1644578928}}}}
02:47:39.963 [raft-server-2] TRACE i.a.p.raft.roles.FollowerRole - RaftServer{2}{role=FOLLOWER} - Committed entries up to index 15
02:47:39.963 [raft-server-2] TRACE i.a.p.raft.roles.FollowerRole - RaftServer{2}{role=FOLLOWER} - Sending AppendResponse{status=OK, term=1, succeeded=true, lastLogIndex=16}
02:47:39.963 [raft-server-3] TRACE i.a.p.raft.roles.FollowerRole - RaftServer{3}{role=FOLLOWER} - Committed entries up to index 15
02:47:39.963 [raft-server-3] TRACE i.a.p.raft.roles.FollowerRole - RaftServer{3}{role=FOLLOWER} - Sending AppendResponse{status=OK, term=1, succeeded=true, lastLogIndex=16}
02:47:39.963 [raft-server-2-state] TRACE i.a.p.raft.impl.RaftServiceManager - RaftServer{2} - Applying Indexed{index=15, entry=CommandEntry{term=1, timestamp=2018-06-09 02:47:39,864, session=2, sequence=11, operation=PrimitiveOperation{id=DefaultOperationId{id=write, type=COMMAND}, value=byte[]{length=17, hash=-1644578928}}}}
02:47:39.963 [raft-server-3-state] TRACE i.a.p.raft.impl.RaftServiceManager - RaftServer{3} - Applying Indexed{index=15, entry=CommandEntry{term=1, timestamp=2018-06-09 02:47:39,864, session=2, sequence=11, operation=PrimitiveOperation{id=DefaultOperationId{id=write, type=COMMAND}, value=byte[]{length=17, hash=-1644578928}}}}
02:47:39.963 [raft-server-1] TRACE i.a.p.raft.roles.LeaderAppender - RaftServer{1} - Received AppendResponse{status=OK, term=1, succeeded=true, lastLogIndex=16} from 2
02:47:39.963 [raft-server-2-state] TRACE i.a.p.s.impl.DefaultServiceExecutor - PrimitiveService{2}{type=io.atomix.protocols.raft.RaftTest$TestPrimitiveType@8dc7f31, name=raft-test} - Executing DefaultCommit{index=15, session=RaftSession{RaftServiceContext{server=2, type=io.atomix.protocols.raft.RaftTest$TestPrimitiveType@8dc7f31, name=raft-test, id=2}, session=2, timestamp=2018-06-09 02:47:39,864}, time=2018-06-09 02:47:39,864, operation=DefaultOperationId{id=write, type=COMMAND}, value=byte[]{length=17, hash=-1644578928}}
02:47:39.963 [raft-server-1] TRACE i.a.p.raft.roles.LeaderAppender - RaftServer{1} - Committed entries up to 16
02:47:39.963 [raft-server-3-state] TRACE i.a.p.s.impl.DefaultServiceExecutor - PrimitiveService{2}{type=io.atomix.protocols.raft.RaftTest$TestPrimitiveType@260d6206, name=raft-test} - Executing DefaultCommit{index=15, session=RaftSession{RaftServiceContext{server=3, type=io.atomix.protocols.raft.RaftTest$TestPrimitiveType@260d6206, name=raft-test, id=2}, session=2, timestamp=2018-06-09 02:47:39,864}, time=2018-06-09 02:47:39,864, operation=DefaultOperationId{id=write, type=COMMAND}, value=byte[]{length=17, hash=-1644578928}}
02:47:39.996 [raft-server-1] TRACE i.a.p.raft.roles.LeaderAppender - RaftServer{1} - Received AppendResponse{status=OK, term=1, succeeded=true, lastLogIndex=16} from 3
02:47:39.996 [raft-server-1] TRACE i.a.p.raft.roles.LeaderAppender - RaftServer{1} - Sending AppendRequest{term=1, leader=1, prevLogIndex=16, prevLogTerm=1, entries=0, commitIndex=16} to 3
02:47:39.996 [raft-server-1] TRACE i.a.p.raft.roles.LeaderAppender - RaftServer{1} - Sending AppendRequest{term=1, leader=1, prevLogIndex=16, prevLogTerm=1, entries=0, commitIndex=16} to 2
02:47:39.997 [raft-server-1-state] TRACE i.a.p.raft.impl.RaftServiceManager - RaftServer{1} - Applying Indexed{index=16, entry=CommandEntry{term=1, timestamp=2018-06-09 02:47:39,931, session=2, sequence=12, operation=PrimitiveOperation{id=DefaultOperationId{id=write, type=COMMAND}, value=byte[]{length=17, hash=-1644578928}}}}
02:47:39.997 [raft-server-1-state] TRACE i.a.p.s.impl.DefaultServiceExecutor - PrimitiveService{2}{type=io.atomix.protocols.raft.RaftTest$TestPrimitiveType@35843ad0, name=raft-test} - Executing DefaultCommit{index=16, session=RaftSession{RaftServiceContext{server=1, type=io.atomix.protocols.raft.RaftTest$TestPrimitiveType@35843ad0, name=raft-test, id=2}, session=2, timestamp=2018-06-09 02:47:39,931}, time=2018-06-09 02:47:39,931, operation=DefaultOperationId{id=write, type=COMMAND}, value=byte[]{length=17, hash=-1644578928}}
02:47:39.997 [raft-server-1-state] TRACE i.a.protocols.raft.roles.LeaderRole - RaftServer{1}{role=LEADER} - Sending CommandResponse{status=OK, index=16, eventIndex=2, result=byte[]{length=2, hash=1272}}
02:47:39.997 [raft-server-2] TRACE i.a.p.raft.roles.FollowerRole - RaftServer{2}{role=FOLLOWER} - Received AppendRequest{term=1, leader=1, prevLogIndex=16, prevLogTerm=1, entries=0, commitIndex=16}
02:47:39.997 [raft-client-613ce1dd-77b1-4b52-a0bf-d277cef86e4f-3] TRACE i.a.p.r.p.impl.RaftProxyConnection - SessionClient{2}{type=io.atomix.protocols.raft.RaftTest$TestPrimitiveType@35bfa1bb, name=raft-test} - Received CommandResponse{status=OK, index=16, eventIndex=2, result=byte[]{length=2, hash=1272}} from 1
02:47:39.997 [raft-client-613ce1dd-77b1-4b52-a0bf-d277cef86e4f-3] TRACE i.a.p.r.p.impl.RaftProxySequencer - SessionClient{2}{type=io.atomix.protocols.raft.RaftTest$TestPrimitiveType@35bfa1bb, name=raft-test} - Completing response CommandResponse{status=OK, index=16, eventIndex=2, result=byte[]{length=2, hash=1272}}
02:47:39.997 [raft-server-3] TRACE i.a.p.raft.roles.FollowerRole - RaftServer{3}{role=FOLLOWER} - Received AppendRequest{term=1, leader=1, prevLogIndex=16, prevLogTerm=1, entries=0, commitIndex=16}
02:47:39.997 [raft-server-3] TRACE i.a.p.raft.roles.FollowerRole - RaftServer{3}{role=FOLLOWER} - Committed entries up to index 16
02:47:39.997 [raft-server-3] TRACE i.a.p.raft.roles.FollowerRole - RaftServer{3}{role=FOLLOWER} - Sending AppendResponse{status=OK, term=1, succeeded=true, lastLogIndex=16}
02:47:39.997 [raft-client-613ce1dd-77b1-4b52-a0bf-d277cef86e4f-3] TRACE i.a.p.r.p.impl.RaftProxyConnection - SessionClient{2}{type=io.atomix.protocols.raft.RaftTest$TestPrimitiveType@35bfa1bb, name=raft-test} - Sending CommandRequest{session=2, sequence=13, operation=PrimitiveOperation{id=DefaultOperationId{id=write, type=COMMAND}, value=byte[]{length=17, hash=-1644578928}}} to 1
02:47:39.998 [raft-server-3-state] TRACE i.a.p.raft.impl.RaftServiceManager - RaftServer{3} - Applying Indexed{index=16, entry=CommandEntry{term=1, timestamp=2018-06-09 02:47:39,931, session=2, sequence=12, operation=PrimitiveOperation{id=DefaultOperationId{id=write, type=COMMAND}, value=byte[]{length=17, hash=-1644578928}}}}
02:47:39.998 [raft-server-1] TRACE i.a.p.raft.roles.LeaderAppender - RaftServer{1} - Received AppendResponse{status=OK, term=1, succeeded=true, lastLogIndex=16} from 3
02:47:39.998 [raft-server-3-state] TRACE i.a.p.s.impl.DefaultServiceExecutor - PrimitiveService{2}{type=io.atomix.protocols.raft.RaftTest$TestPrimitiveType@260d6206, name=raft-test} - Executing DefaultCommit{index=16, session=RaftSession{RaftServiceContext{server=3, type=io.atomix.protocols.raft.RaftTest$TestPrimitiveType@260d6206, name=raft-test, id=2}, session=2, timestamp=2018-06-09 02:47:39,931}, time=2018-06-09 02:47:39,931, operation=DefaultOperationId{id=write, type=COMMAND}, value=byte[]{length=17, hash=-1644578928}}
02:47:39.998 [raft-server-1] TRACE i.a.p.raft.roles.LeaderAppender - RaftServer{1} - Sending AppendRequest{term=1, leader=1, prevLogIndex=16, prevLogTerm=1, entries=0, commitIndex=16} to 3
02:47:39.998 [raft-server-1] TRACE i.a.protocols.raft.roles.LeaderRole - RaftServer{1}{role=LEADER} - Received CommandRequest{session=2, sequence=13, operation=PrimitiveOperation{id=DefaultOperationId{id=write, type=COMMAND}, value=byte[]{length=17, hash=-1644578928}}}
02:47:39.998 [raft-server-1] TRACE i.a.protocols.raft.roles.LeaderRole - RaftServer{1}{role=LEADER} - Appended Indexed{index=17, entry=CommandEntry{term=1, timestamp=2018-06-09 02:47:39,998, session=2, sequence=13, operation=PrimitiveOperation{id=DefaultOperationId{id=write, type=COMMAND}, value=byte[]{length=17, hash=-1644578928}}}}
02:47:39.998 [raft-server-3] TRACE i.a.p.raft.roles.FollowerRole - RaftServer{3}{role=FOLLOWER} - Received AppendRequest{term=1, leader=1, prevLogIndex=16, prevLogTerm=1, entries=0, commitIndex=16}
02:47:39.998 [raft-server-3] TRACE i.a.p.raft.roles.FollowerRole - RaftServer{3}{role=FOLLOWER} - Sending AppendResponse{status=OK, term=1, succeeded=true, lastLogIndex=16}
02:47:39.998 [raft-server-1] TRACE i.a.p.raft.roles.LeaderAppender - RaftServer{1} - Received AppendResponse{status=OK, term=1, succeeded=true, lastLogIndex=16} from 3
02:47:39.998 [raft-server-1] TRACE i.a.p.raft.roles.LeaderAppender - RaftServer{1} - Sending AppendRequest{term=1, leader=1, prevLogIndex=16, prevLogTerm=1, entries=1, commitIndex=16} to 3
02:47:39.998 [raft-server-3] TRACE i.a.p.raft.roles.FollowerRole - RaftServer{3}{role=FOLLOWER} - Received AppendRequest{term=1, leader=1, prevLogIndex=16, prevLogTerm=1, entries=1, commitIndex=16}
02:47:39.999 [raft-server-3] TRACE i.a.p.raft.roles.FollowerRole - RaftServer{3}{role=FOLLOWER} - Appended Indexed{index=17, entry=CommandEntry{term=1, timestamp=2018-06-09 02:47:39,998, session=2, sequence=13, operation=PrimitiveOperation{id=DefaultOperationId{id=write, type=COMMAND}, value=byte[]{length=17, hash=-1644578928}}}}
02:47:39.999 [raft-server-3] TRACE i.a.p.raft.roles.FollowerRole - RaftServer{3}{role=FOLLOWER} - Sending AppendResponse{status=OK, term=1, succeeded=true, lastLogIndex=17}
02:47:39.999 [raft-server-1] TRACE i.a.p.raft.roles.LeaderAppender - RaftServer{1} - Received AppendResponse{status=OK, term=1, succeeded=true, lastLogIndex=17} from 3
02:47:39.999 [raft-server-1] TRACE i.a.p.raft.roles.LeaderAppender - RaftServer{1} - Committed entries up to 17
02:47:40.035 [raft-server-2] TRACE i.a.p.raft.roles.FollowerRole - RaftServer{2}{role=FOLLOWER} - Committed entries up to index 16
02:47:40.035 [raft-server-2] TRACE i.a.p.raft.roles.FollowerRole - RaftServer{2}{role=FOLLOWER} - Sending AppendResponse{status=OK, term=1, succeeded=true, lastLogIndex=16}
02:47:40.035 [raft-server-2-state] TRACE i.a.p.raft.impl.RaftServiceManager - RaftServer{2} - Applying Indexed{index=16, entry=CommandEntry{term=1, timestamp=2018-06-09 02:47:39,931, session=2, sequence=12, operation=PrimitiveOperation{id=DefaultOperationId{id=write, type=COMMAND}, value=byte[]{length=17, hash=-1644578928}}}}
02:47:40.035 [raft-server-2-state] TRACE i.a.p.s.impl.DefaultServiceExecutor - PrimitiveService{2}{type=io.atomix.protocols.raft.RaftTest$TestPrimitiveType@8dc7f31, name=raft-test} - Executing DefaultCommit{index=16, session=RaftSession{RaftServiceContext{server=2, type=io.atomix.protocols.raft.RaftTest$TestPrimitiveType@8dc7f31, name=raft-test, id=2}, session=2, timestamp=2018-06-09 02:47:39,931}, time=2018-06-09 02:47:39,931, operation=DefaultOperationId{id=write, type=COMMAND}, value=byte[]{length=17, hash=-1644578928}}
02:47:40.060 [raft-server-1] TRACE i.a.p.raft.roles.LeaderAppender - RaftServer{1} - Received AppendResponse{status=OK, term=1, succeeded=true, lastLogIndex=16} from 2
02:47:40.060 [raft-server-1] TRACE i.a.p.raft.roles.LeaderAppender - RaftServer{1} - Sending AppendRequest{term=1, leader=1, prevLogIndex=16, prevLogTerm=1, entries=1, commitIndex=17} to 2
02:47:40.060 [raft-server-2] TRACE i.a.p.raft.roles.FollowerRole - RaftServer{2}{role=FOLLOWER} - Received AppendRequest{term=1, leader=1, prevLogIndex=16, prevLogTerm=1, entries=1, commitIndex=17}
02:47:40.060 [raft-server-1-state] TRACE i.a.p.raft.impl.RaftServiceManager - RaftServer{1} - Applying Indexed{index=17, entry=CommandEntry{term=1, timestamp=2018-06-09 02:47:39,998, session=2, sequence=13, operation=PrimitiveOperation{id=DefaultOperationId{id=write, type=COMMAND}, value=byte[]{length=17, hash=-1644578928}}}}
02:47:40.060 [raft-server-1-state] TRACE i.a.p.s.impl.DefaultServiceExecutor - PrimitiveService{2}{type=io.atomix.protocols.raft.RaftTest$TestPrimitiveType@35843ad0, name=raft-test} - Executing DefaultCommit{index=17, session=RaftSession{RaftServiceContext{server=1, type=io.atomix.protocols.raft.RaftTest$TestPrimitiveType@35843ad0, name=raft-test, id=2}, session=2, timestamp=2018-06-09 02:47:39,998}, time=2018-06-09 02:47:39,998, operation=DefaultOperationId{id=write, type=COMMAND}, value=byte[]{length=17, hash=-1644578928}}
02:47:40.060 [raft-server-2] TRACE i.a.p.raft.roles.FollowerRole - RaftServer{2}{role=FOLLOWER} - Appended Indexed{index=17, entry=CommandEntry{term=1, timestamp=2018-06-09 02:47:39,998, session=2, sequence=13, operation=PrimitiveOperation{id=DefaultOperationId{id=write, type=COMMAND}, value=byte[]{length=17, hash=-1644578928}}}}
02:47:40.061 [raft-server-1-state] TRACE i.a.protocols.raft.roles.LeaderRole - RaftServer{1}{role=LEADER} - Sending CommandResponse{status=OK, index=17, eventIndex=2, result=byte[]{length=2, hash=1274}}
02:47:40.061 [raft-client-613ce1dd-77b1-4b52-a0bf-d277cef86e4f-5] TRACE i.a.p.r.p.impl.RaftProxyConnection - SessionClient{2}{type=io.atomix.protocols.raft.RaftTest$TestPrimitiveType@35bfa1bb, name=raft-test} - Received CommandResponse{status=OK, index=17, eventIndex=2, result=byte[]{length=2, hash=1274}} from 1
02:47:40.061 [raft-client-613ce1dd-77b1-4b52-a0bf-d277cef86e4f-5] TRACE i.a.p.r.p.impl.RaftProxySequencer - SessionClient{2}{type=io.atomix.protocols.raft.RaftTest$TestPrimitiveType@35bfa1bb, name=raft-test} - Completing response CommandResponse{status=OK, index=17, eventIndex=2, result=byte[]{length=2, hash=1274}}
02:47:40.061 [raft-client-613ce1dd-77b1-4b52-a0bf-d277cef86e4f-5] TRACE i.a.p.r.p.impl.RaftProxyConnection - SessionClient{2}{type=io.atomix.protocols.raft.RaftTest$TestPrimitiveType@35bfa1bb, name=raft-test} - Sending CommandRequest{session=2, sequence=14, operation=PrimitiveOperation{id=DefaultOperationId{id=write, type=COMMAND}, value=byte[]{length=17, hash=-1644578928}}} to 1
02:47:40.061 [raft-server-1] TRACE i.a.protocols.raft.roles.LeaderRole - RaftServer{1}{role=LEADER} - Received CommandRequest{session=2, sequence=14, operation=PrimitiveOperation{id=DefaultOperationId{id=write, type=COMMAND}, value=byte[]{length=17, hash=-1644578928}}}
02:47:40.061 [raft-server-1] TRACE i.a.protocols.raft.roles.LeaderRole - RaftServer{1}{role=LEADER} - Appended Indexed{index=18, entry=CommandEntry{term=1, timestamp=2018-06-09 02:47:40,061, session=2, sequence=14, operation=PrimitiveOperation{id=DefaultOperationId{id=write, type=COMMAND}, value=byte[]{length=17, hash=-1644578928}}}}
02:47:40.062 [raft-server-1] TRACE i.a.p.raft.roles.LeaderAppender - RaftServer{1} - Sending AppendRequest{term=1, leader=1, prevLogIndex=17, prevLogTerm=1, entries=1, commitIndex=17} to 3
02:47:40.062 [raft-server-3] TRACE i.a.p.raft.roles.FollowerRole - RaftServer{3}{role=FOLLOWER} - Received AppendRequest{term=1, leader=1, prevLogIndex=17, prevLogTerm=1, entries=1, commitIndex=17}
02:47:40.062 [raft-server-3] TRACE i.a.p.raft.roles.FollowerRole - RaftServer{3}{role=FOLLOWER} - Appended Indexed{index=18, entry=CommandEntry{term=1, timestamp=2018-06-09 02:47:40,061, session=2, sequence=14, operation=PrimitiveOperation{id=DefaultOperationId{id=write, type=COMMAND}, value=byte[]{length=17, hash=-1644578928}}}}
02:47:40.102 [raft-server-2] TRACE i.a.p.raft.roles.FollowerRole - RaftServer{2}{role=FOLLOWER} - Committed entries up to index 17
02:47:40.102 [raft-server-2] TRACE i.a.p.raft.roles.FollowerRole - RaftServer{2}{role=FOLLOWER} - Sending AppendResponse{status=OK, term=1, succeeded=true, lastLogIndex=17}
02:47:40.102 [raft-server-1] TRACE i.a.p.raft.roles.LeaderAppender - RaftServer{1} - Received AppendResponse{status=OK, term=1, succeeded=true, lastLogIndex=17} from 2
02:47:40.102 [raft-server-1] TRACE i.a.p.raft.roles.LeaderAppender - RaftServer{1} - Sending AppendRequest{term=1, leader=1, prevLogIndex=17, prevLogTerm=1, entries=1, commitIndex=17} to 2
02:47:40.102 [raft-server-2-state] TRACE i.a.p.raft.impl.RaftServiceManager - RaftServer{2} - Applying Indexed{index=17, entry=CommandEntry{term=1, timestamp=2018-06-09 02:47:39,998, session=2, sequence=13, operation=PrimitiveOperation{id=DefaultOperationId{id=write, type=COMMAND}, value=byte[]{length=17, hash=-1644578928}}}}
02:47:40.102 [raft-server-2] TRACE i.a.p.raft.roles.FollowerRole - RaftServer{2}{role=FOLLOWER} - Received AppendRequest{term=1, leader=1, prevLogIndex=17, prevLogTerm=1, entries=1, commitIndex=17}
02:47:40.102 [raft-server-2-state] TRACE i.a.p.s.impl.DefaultServiceExecutor - PrimitiveService{2}{type=io.atomix.protocols.raft.RaftTest$TestPrimitiveType@8dc7f31, name=raft-test} - Executing DefaultCommit{index=17, session=RaftSession{RaftServiceContext{server=2, type=io.atomix.protocols.raft.RaftTest$TestPrimitiveType@8dc7f31, name=raft-test, id=2}, session=2, timestamp=2018-06-09 02:47:39,998}, time=2018-06-09 02:47:39,998, operation=DefaultOperationId{id=write, type=COMMAND}, value=byte[]{length=17, hash=-1644578928}}
02:47:40.102 [raft-server-2] TRACE i.a.p.raft.roles.FollowerRole - RaftServer{2}{role=FOLLOWER} - Appended Indexed{index=18, entry=CommandEntry{term=1, timestamp=2018-06-09 02:47:40,061, session=2, sequence=14, operation=PrimitiveOperation{id=DefaultOperationId{id=write, type=COMMAND}, value=byte[]{length=17, hash=-1644578928}}}}
02:47:40.102 [raft-server-2] TRACE i.a.p.raft.roles.FollowerRole - RaftServer{2}{role=FOLLOWER} - Sending AppendResponse{status=OK, term=1, succeeded=true, lastLogIndex=18}
02:47:40.102 [raft-server-1] TRACE i.a.p.raft.roles.LeaderAppender - RaftServer{1} - Received AppendResponse{status=OK, term=1, succeeded=true, lastLogIndex=18} from 2
02:47:40.102 [raft-server-1] TRACE i.a.p.raft.roles.LeaderAppender - RaftServer{1} - Committed entries up to 18
02:47:40.138 [raft-server-3] TRACE i.a.p.raft.roles.FollowerRole - RaftServer{3}{role=FOLLOWER} - Committed entries up to index 17
02:47:40.138 [raft-server-3] TRACE i.a.p.raft.roles.FollowerRole - RaftServer{3}{role=FOLLOWER} - Sending AppendResponse{status=OK, term=1, succeeded=true, lastLogIndex=18}
02:47:40.138 [raft-server-3-state] TRACE i.a.p.raft.impl.RaftServiceManager - RaftServer{3} - Applying Indexed{index=17, entry=CommandEntry{term=1, timestamp=2018-06-09 02:47:39,998, session=2, sequence=13, operation=PrimitiveOperation{id=DefaultOperationId{id=write, type=COMMAND}, value=byte[]{length=17, hash=-1644578928}}}}
02:47:40.138 [raft-server-3-state] TRACE i.a.p.s.impl.DefaultServiceExecutor - PrimitiveService{2}{type=io.atomix.protocols.raft.RaftTest$TestPrimitiveType@260d6206, name=raft-test} - Executing DefaultCommit{index=17, session=RaftSession{RaftServiceContext{server=3, type=io.atomix.protocols.raft.RaftTest$TestPrimitiveType@260d6206, name=raft-test, id=2}, session=2, timestamp=2018-06-09 02:47:39,998}, time=2018-06-09 02:47:39,998, operation=DefaultOperationId{id=write, type=COMMAND}, value=byte[]{length=17, hash=-1644578928}}
02:47:40.163 [raft-server-1] TRACE i.a.p.raft.roles.LeaderAppender - RaftServer{1} - Received AppendResponse{status=OK, term=1, succeeded=true, lastLogIndex=18} from 3
02:47:40.163 [raft-server-1-state] TRACE i.a.p.raft.impl.RaftServiceManager - RaftServer{1} - Applying Indexed{index=18, entry=CommandEntry{term=1, timestamp=2018-06-09 02:47:40,061, session=2, sequence=14, operation=PrimitiveOperation{id=DefaultOperationId{id=write, type=COMMAND}, value=byte[]{length=17, hash=-1644578928}}}}
02:47:40.163 [raft-server-1-state] TRACE i.a.p.s.impl.DefaultServiceExecutor - PrimitiveService{2}{type=io.atomix.protocols.raft.RaftTest$TestPrimitiveType@35843ad0, name=raft-test} - Executing DefaultCommit{index=18, session=RaftSession{RaftServiceContext{server=1, type=io.atomix.protocols.raft.RaftTest$TestPrimitiveType@35843ad0, name=raft-test, id=2}, session=2, timestamp=2018-06-09 02:47:40,061}, time=2018-06-09 02:47:40,061, operation=DefaultOperationId{id=write, type=COMMAND}, value=byte[]{length=17, hash=-1644578928}}
02:47:40.164 [raft-server-1-state] TRACE i.a.protocols.raft.roles.LeaderRole - RaftServer{1}{role=LEADER} - Sending CommandResponse{status=OK, index=18, eventIndex=2, result=byte[]{length=2, hash=1276}}
02:47:40.164 [raft-client-613ce1dd-77b1-4b52-a0bf-d277cef86e4f-0] TRACE i.a.p.r.p.impl.RaftProxyConnection - SessionClient{2}{type=io.atomix.protocols.raft.RaftTest$TestPrimitiveType@35bfa1bb, name=raft-test} - Received CommandResponse{status=OK, index=18, eventIndex=2, result=byte[]{length=2, hash=1276}} from 1
02:47:40.164 [raft-client-613ce1dd-77b1-4b52-a0bf-d277cef86e4f-0] TRACE i.a.p.r.p.impl.RaftProxySequencer - SessionClient{2}{type=io.atomix.protocols.raft.RaftTest$TestPrimitiveType@35bfa1bb, name=raft-test} - Completing response CommandResponse{status=OK, index=18, eventIndex=2, result=byte[]{length=2, hash=1276}}
02:47:40.164 [raft-client-613ce1dd-77b1-4b52-a0bf-d277cef86e4f-5] TRACE i.a.p.r.p.impl.RaftProxyConnection - SessionClient{2}{type=io.atomix.protocols.raft.RaftTest$TestPrimitiveType@35bfa1bb, name=raft-test} - Sending CommandRequest{session=2, sequence=15, operation=PrimitiveOperation{id=DefaultOperationId{id=write, type=COMMAND}, value=byte[]{length=17, hash=-1644578928}}} to 1
02:47:40.164 [raft-server-1] TRACE i.a.protocols.raft.roles.LeaderRole - RaftServer{1}{role=LEADER} - Received CommandRequest{session=2, sequence=15, operation=PrimitiveOperation{id=DefaultOperationId{id=write, type=COMMAND}, value=byte[]{length=17, hash=-1644578928}}}
02:47:40.164 [raft-server-1] TRACE i.a.protocols.raft.roles.LeaderRole - RaftServer{1}{role=LEADER} - Appended Indexed{index=19, entry=CommandEntry{term=1, timestamp=2018-06-09 02:47:40,164, session=2, sequence=15, operation=PrimitiveOperation{id=DefaultOperationId{id=write, type=COMMAND}, value=byte[]{length=17, hash=-1644578928}}}}
02:47:40.164 [raft-server-1] TRACE i.a.p.raft.roles.LeaderAppender - RaftServer{1} - Sending AppendRequest{term=1, leader=1, prevLogIndex=18, prevLogTerm=1, entries=1, commitIndex=18} to 3
02:47:40.165 [raft-server-1] TRACE i.a.p.raft.roles.LeaderAppender - RaftServer{1} - Sending AppendRequest{term=1, leader=1, prevLogIndex=18, prevLogTerm=1, entries=1, commitIndex=18} to 2
02:47:40.165 [raft-server-2] TRACE i.a.p.raft.roles.FollowerRole - RaftServer{2}{role=FOLLOWER} - Received AppendRequest{term=1, leader=1, prevLogIndex=18, prevLogTerm=1, entries=1, commitIndex=18}
02:47:40.165 [raft-server-3] TRACE i.a.p.raft.roles.FollowerRole - RaftServer{3}{role=FOLLOWER} - Received AppendRequest{term=1, leader=1, prevLogIndex=18, prevLogTerm=1, entries=1, commitIndex=18}
02:47:40.165 [raft-server-3] TRACE i.a.p.raft.roles.FollowerRole - RaftServer{3}{role=FOLLOWER} - Appended Indexed{index=19, entry=CommandEntry{term=1, timestamp=2018-06-09 02:47:40,164, session=2, sequence=15, operation=PrimitiveOperation{id=DefaultOperationId{id=write, type=COMMAND}, value=byte[]{length=17, hash=-1644578928}}}}
02:47:40.165 [raft-server-2] TRACE i.a.p.raft.roles.FollowerRole - RaftServer{2}{role=FOLLOWER} - Appended Indexed{index=19, entry=CommandEntry{term=1, timestamp=2018-06-09 02:47:40,164, session=2, sequence=15, operation=PrimitiveOperation{id=DefaultOperationId{id=write, type=COMMAND}, value=byte[]{length=17, hash=-1644578928}}}}
02:47:40.196 [raft-server-2] TRACE i.a.p.raft.roles.FollowerRole - RaftServer{2}{role=FOLLOWER} - Committed entries up to index 18
02:47:40.196 [raft-server-2] TRACE i.a.p.raft.roles.FollowerRole - RaftServer{2}{role=FOLLOWER} - Sending AppendResponse{status=OK, term=1, succeeded=true, lastLogIndex=19}
02:47:40.196 [raft-server-3] TRACE i.a.p.raft.roles.FollowerRole - RaftServer{3}{role=FOLLOWER} - Committed entries up to index 18
02:47:40.196 [raft-server-3] TRACE i.a.p.raft.roles.FollowerRole - RaftServer{3}{role=FOLLOWER} - Sending AppendResponse{status=OK, term=1, succeeded=true, lastLogIndex=19}
02:47:40.196 [raft-server-2-state] TRACE i.a.p.raft.impl.RaftServiceManager - RaftServer{2} - Applying Indexed{index=18, entry=CommandEntry{term=1, timestamp=2018-06-09 02:47:40,061, session=2, sequence=14, operation=PrimitiveOperation{id=DefaultOperationId{id=write, type=COMMAND}, value=byte[]{length=17, hash=-1644578928}}}}
02:47:40.196 [raft-server-3-state] TRACE i.a.p.raft.impl.RaftServiceManager - RaftServer{3} - Applying Indexed{index=18, entry=CommandEntry{term=1, timestamp=2018-06-09 02:47:40,061, session=2, sequence=14, operation=PrimitiveOperation{id=DefaultOperationId{id=write, type=COMMAND}, value=byte[]{length=17, hash=-1644578928}}}}
02:47:40.197 [raft-server-2-state] TRACE i.a.p.s.impl.DefaultServiceExecutor - PrimitiveService{2}{type=io.atomix.protocols.raft.RaftTest$TestPrimitiveType@8dc7f31, name=raft-test} - Executing DefaultCommit{index=18, session=RaftSession{RaftServiceContext{server=2, type=io.atomix.protocols.raft.RaftTest$TestPrimitiveType@8dc7f31, name=raft-test, id=2}, session=2, timestamp=2018-06-09 02:47:40,061}, time=2018-06-09 02:47:40,061, operation=DefaultOperationId{id=write, type=COMMAND}, value=byte[]{length=17, hash=-1644578928}}
02:47:40.197 [raft-server-3-state] TRACE i.a.p.s.impl.DefaultServiceExecutor - PrimitiveService{2}{type=io.atomix.protocols.raft.RaftTest$TestPrimitiveType@260d6206, name=raft-test} - Executing DefaultCommit{index=18, session=RaftSession{RaftServiceContext{server=3, type=io.atomix.protocols.raft.RaftTest$TestPrimitiveType@260d6206, name=raft-test, id=2}, session=2, timestamp=2018-06-09 02:47:40,061}, time=2018-06-09 02:47:40,061, operation=DefaultOperationId{id=write, type=COMMAND}, value=byte[]{length=17, hash=-1644578928}}
02:47:40.197 [raft-server-1] TRACE i.a.p.raft.roles.LeaderAppender - RaftServer{1} - Received AppendResponse{status=OK, term=1, succeeded=true, lastLogIndex=19} from 2
02:47:40.197 [raft-server-1] TRACE i.a.p.raft.roles.LeaderAppender - RaftServer{1} - Committed entries up to 19
02:47:40.230 [raft-server-1] TRACE i.a.p.raft.roles.LeaderAppender - RaftServer{1} - Received AppendResponse{status=OK, term=1, succeeded=true, lastLogIndex=19} from 3
02:47:40.230 [raft-server-1] TRACE i.a.p.raft.roles.LeaderAppender - RaftServer{1} - Sending AppendRequest{term=1, leader=1, prevLogIndex=19, prevLogTerm=1, entries=0, commitIndex=19} to 3
02:47:40.230 [raft-server-1] TRACE i.a.p.raft.roles.LeaderAppender - RaftServer{1} - Sending AppendRequest{term=1, leader=1, prevLogIndex=19, prevLogTerm=1, entries=0, commitIndex=19} to 2
02:47:40.230 [raft-server-2] TRACE i.a.p.raft.roles.FollowerRole - RaftServer{2}{role=FOLLOWER} - Received AppendRequest{term=1, leader=1, prevLogIndex=19, prevLogTerm=1, entries=0, commitIndex=19}
02:47:40.230 [raft-server-1-state] TRACE i.a.p.raft.impl.RaftServiceManager - RaftServer{1} - Applying Indexed{index=19, entry=CommandEntry{term=1, timestamp=2018-06-09 02:47:40,164, session=2, sequence=15, operation=PrimitiveOperation{id=DefaultOperationId{id=write, type=COMMAND}, value=byte[]{length=17, hash=-1644578928}}}}
02:47:40.230 [raft-server-1-state] TRACE i.a.p.s.impl.DefaultServiceExecutor - PrimitiveService{2}{type=io.atomix.protocols.raft.RaftTest$TestPrimitiveType@35843ad0, name=raft-test} - Executing DefaultCommit{index=19, session=RaftSession{RaftServiceContext{server=1, type=io.atomix.protocols.raft.RaftTest$TestPrimitiveType@35843ad0, name=raft-test, id=2}, session=2, timestamp=2018-06-09 02:47:40,164}, time=2018-06-09 02:47:40,164, operation=DefaultOperationId{id=write, type=COMMAND}, value=byte[]{length=17, hash=-1644578928}}
02:47:40.230 [raft-server-1-state] TRACE i.a.protocols.raft.roles.LeaderRole - RaftServer{1}{role=LEADER} - Sending CommandResponse{status=OK, index=19, eventIndex=2, result=byte[]{length=2, hash=1278}}
02:47:40.230 [raft-server-3] TRACE i.a.p.raft.roles.FollowerRole - RaftServer{3}{role=FOLLOWER} - Received AppendRequest{term=1, leader=1, prevLogIndex=19, prevLogTerm=1, entries=0, commitIndex=19}
02:47:40.230 [raft-server-3] TRACE i.a.p.raft.roles.FollowerRole - RaftServer{3}{role=FOLLOWER} - Committed entries up to index 19
02:47:40.230 [raft-server-3] TRACE i.a.p.raft.roles.FollowerRole - RaftServer{3}{role=FOLLOWER} - Sending AppendResponse{status=OK, term=1, succeeded=true, lastLogIndex=19}
02:47:40.231 [raft-client-613ce1dd-77b1-4b52-a0bf-d277cef86e4f-2] TRACE i.a.p.r.p.impl.RaftProxyConnection - SessionClient{2}{type=io.atomix.protocols.raft.RaftTest$TestPrimitiveType@35bfa1bb, name=raft-test} - Received CommandResponse{status=OK, index=19, eventIndex=2, result=byte[]{length=2, hash=1278}} from 1
02:47:40.231 [raft-client-613ce1dd-77b1-4b52-a0bf-d277cef86e4f-2] TRACE i.a.p.r.p.impl.RaftProxySequencer - SessionClient{2}{type=io.atomix.protocols.raft.RaftTest$TestPrimitiveType@35bfa1bb, name=raft-test} - Completing response CommandResponse{status=OK, index=19, eventIndex=2, result=byte[]{length=2, hash=1278}}
02:47:40.231 [raft-server-3-state] TRACE i.a.p.raft.impl.RaftServiceManager - RaftServer{3} - Applying Indexed{index=19, entry=CommandEntry{term=1, timestamp=2018-06-09 02:47:40,164, session=2, sequence=15, operation=PrimitiveOperation{id=DefaultOperationId{id=write, type=COMMAND}, value=byte[]{length=17, hash=-1644578928}}}}
02:47:40.231 [raft-server-3-state] TRACE i.a.p.s.impl.DefaultServiceExecutor - PrimitiveService{2}{type=io.atomix.protocols.raft.RaftTest$TestPrimitiveType@260d6206, name=raft-test} - Executing DefaultCommit{index=19, session=RaftSession{RaftServiceContext{server=3, type=io.atomix.protocols.raft.RaftTest$TestPrimitiveType@260d6206, name=raft-test, id=2}, session=2, timestamp=2018-06-09 02:47:40,164}, time=2018-06-09 02:47:40,164, operation=DefaultOperationId{id=write, type=COMMAND}, value=byte[]{length=17, hash=-1644578928}}
02:47:40.231 [raft-client-613ce1dd-77b1-4b52-a0bf-d277cef86e4f-2] TRACE i.a.p.r.p.impl.RaftProxyConnection - SessionClient{2}{type=io.atomix.protocols.raft.RaftTest$TestPrimitiveType@35bfa1bb, name=raft-test} - Sending CommandRequest{session=2, sequence=16, operation=PrimitiveOperation{id=DefaultOperationId{id=write, type=COMMAND}, value=byte[]{length=17, hash=-1644578928}}} to 1
02:47:40.231 [raft-server-1] TRACE i.a.p.raft.roles.LeaderAppender - RaftServer{1} - Received AppendResponse{status=OK, term=1, succeeded=true, lastLogIndex=19} from 3
02:47:40.231 [raft-server-1] TRACE i.a.p.raft.roles.LeaderAppender - RaftServer{1} - Sending AppendRequest{term=1, leader=1, prevLogIndex=19, prevLogTerm=1, entries=0, commitIndex=19} to 3
02:47:40.231 [raft-server-1] TRACE i.a.protocols.raft.roles.LeaderRole - RaftServer{1}{role=LEADER} - Received CommandRequest{session=2, sequence=16, operation=PrimitiveOperation{id=DefaultOperationId{id=write, type=COMMAND}, value=byte[]{length=17, hash=-1644578928}}}
02:47:40.231 [raft-server-3] TRACE i.a.p.raft.roles.FollowerRole - RaftServer{3}{role=FOLLOWER} - Received AppendRequest{term=1, leader=1, prevLogIndex=19, prevLogTerm=1, entries=0, commitIndex=19}
02:47:40.231 [raft-server-3] TRACE i.a.p.raft.roles.FollowerRole - RaftServer{3}{role=FOLLOWER} - Sending AppendResponse{status=OK, term=1, succeeded=true, lastLogIndex=19}
02:47:40.231 [raft-server-1] TRACE i.a.protocols.raft.roles.LeaderRole - RaftServer{1}{role=LEADER} - Appended Indexed{index=20, entry=CommandEntry{term=1, timestamp=2018-06-09 02:47:40,231, session=2, sequence=16, operation=PrimitiveOperation{id=DefaultOperationId{id=write, type=COMMAND}, value=byte[]{length=17, hash=-1644578928}}}}
02:47:40.231 [raft-server-1] TRACE i.a.p.raft.roles.LeaderAppender - RaftServer{1} - Received AppendResponse{status=OK, term=1, succeeded=true, lastLogIndex=19} from 3
02:47:40.231 [raft-server-1] TRACE i.a.p.raft.roles.LeaderAppender - RaftServer{1} - Sending AppendRequest{term=1, leader=1, prevLogIndex=19, prevLogTerm=1, entries=1, commitIndex=19} to 3
02:47:40.231 [raft-server-3] TRACE i.a.p.raft.roles.FollowerRole - RaftServer{3}{role=FOLLOWER} - Received AppendRequest{term=1, leader=1, prevLogIndex=19, prevLogTerm=1, entries=1, commitIndex=19}
02:47:40.232 [raft-server-3] TRACE i.a.p.raft.roles.FollowerRole - RaftServer{3}{role=FOLLOWER} - Appended Indexed{index=20, entry=CommandEntry{term=1, timestamp=2018-06-09 02:47:40,231, session=2, sequence=16, operation=PrimitiveOperation{id=DefaultOperationId{id=write, type=COMMAND}, value=byte[]{length=17, hash=-1644578928}}}}
02:47:40.232 [raft-server-3] TRACE i.a.p.raft.roles.FollowerRole - RaftServer{3}{role=FOLLOWER} - Sending AppendResponse{status=OK, term=1, succeeded=true, lastLogIndex=20}
02:47:40.232 [raft-server-1] TRACE i.a.p.raft.roles.LeaderAppender - RaftServer{1} - Received AppendResponse{status=OK, term=1, succeeded=true, lastLogIndex=20} from 3
02:47:40.232 [raft-server-1] TRACE i.a.p.raft.roles.LeaderAppender - RaftServer{1} - Committed entries up to 20
02:47:40.260 [raft-server-2] TRACE i.a.p.raft.roles.FollowerRole - RaftServer{2}{role=FOLLOWER} - Committed entries up to index 19
02:47:40.260 [raft-server-2] TRACE i.a.p.raft.roles.FollowerRole - RaftServer{2}{role=FOLLOWER} - Sending AppendResponse{status=OK, term=1, succeeded=true, lastLogIndex=19}
02:47:40.260 [raft-server-2-state] TRACE i.a.p.raft.impl.RaftServiceManager - RaftServer{2} - Applying Indexed{index=19, entry=CommandEntry{term=1, timestamp=2018-06-09 02:47:40,164, session=2, sequence=15, operation=PrimitiveOperation{id=DefaultOperationId{id=write, type=COMMAND}, value=byte[]{length=17, hash=-1644578928}}}}
02:47:40.260 [raft-server-2-state] TRACE i.a.p.s.impl.DefaultServiceExecutor - PrimitiveService{2}{type=io.atomix.protocols.raft.RaftTest$TestPrimitiveType@8dc7f31, name=raft-test} - Executing DefaultCommit{index=19, session=RaftSession{RaftServiceContext{server=2, type=io.atomix.protocols.raft.RaftTest$TestPrimitiveType@8dc7f31, name=raft-test, id=2}, session=2, timestamp=2018-06-09 02:47:40,164}, time=2018-06-09 02:47:40,164, operation=DefaultOperationId{id=write, type=COMMAND}, value=byte[]{length=17, hash=-1644578928}}
02:47:40.288 [raft-server-1] TRACE i.a.p.raft.roles.LeaderAppender - RaftServer{1} - Received AppendResponse{status=OK, term=1, succeeded=true, lastLogIndex=19} from 2
02:47:40.288 [raft-server-1] TRACE i.a.p.raft.roles.LeaderAppender - RaftServer{1} - Sending AppendRequest{term=1, leader=1, prevLogIndex=19, prevLogTerm=1, entries=1, commitIndex=20} to 2
02:47:40.288 [raft-server-2] TRACE i.a.p.raft.roles.FollowerRole - RaftServer{2}{role=FOLLOWER} - Received AppendRequest{term=1, leader=1, prevLogIndex=19, prevLogTerm=1, entries=1, commitIndex=20}
02:47:40.288 [raft-server-2] TRACE i.a.p.raft.roles.FollowerRole - RaftServer{2}{role=FOLLOWER} - Appended Indexed{index=20, entry=CommandEntry{term=1, timestamp=2018-06-09 02:47:40,231, session=2, sequence=16, operation=PrimitiveOperation{id=DefaultOperationId{id=write, type=COMMAND}, value=byte[]{length=17, hash=-1644578928}}}}
02:47:40.288 [raft-server-1-state] TRACE i.a.p.raft.impl.RaftServiceManager - RaftServer{1} - Applying Indexed{index=20, entry=CommandEntry{term=1, timestamp=2018-06-09 02:47:40,231, session=2, sequence=16, operation=PrimitiveOperation{id=DefaultOperationId{id=write, type=COMMAND}, value=byte[]{length=17, hash=-1644578928}}}}
02:47:40.288 [raft-server-1-state] TRACE i.a.p.s.impl.DefaultServiceExecutor - PrimitiveService{2}{type=io.atomix.protocols.raft.RaftTest$TestPrimitiveType@35843ad0, name=raft-test} - Executing DefaultCommit{index=20, session=RaftSession{RaftServiceContext{server=1, type=io.atomix.protocols.raft.RaftTest$TestPrimitiveType@35843ad0, name=raft-test, id=2}, session=2, timestamp=2018-06-09 02:47:40,231}, time=2018-06-09 02:47:40,231, operation=DefaultOperationId{id=write, type=COMMAND}, value=byte[]{length=17, hash=-1644578928}}
02:47:40.288 [raft-server-1-state] TRACE i.a.protocols.raft.roles.LeaderRole - RaftServer{1}{role=LEADER} - Sending CommandResponse{status=OK, index=20, eventIndex=2, result=byte[]{length=2, hash=1280}}
02:47:40.289 [raft-client-613ce1dd-77b1-4b52-a0bf-d277cef86e4f-7] TRACE i.a.p.r.p.impl.RaftProxyConnection - SessionClient{2}{type=io.atomix.protocols.raft.RaftTest$TestPrimitiveType@35bfa1bb, name=raft-test} - Received CommandResponse{status=OK, index=20, eventIndex=2, result=byte[]{length=2, hash=1280}} from 1
02:47:40.289 [raft-client-613ce1dd-77b1-4b52-a0bf-d277cef86e4f-7] TRACE i.a.p.r.p.impl.RaftProxySequencer - SessionClient{2}{type=io.atomix.protocols.raft.RaftTest$TestPrimitiveType@35bfa1bb, name=raft-test} - Completing response CommandResponse{status=OK, index=20, eventIndex=2, result=byte[]{length=2, hash=1280}}
02:47:40.289 [raft-client-613ce1dd-77b1-4b52-a0bf-d277cef86e4f-2] TRACE i.a.p.r.p.impl.RaftProxyConnection - SessionClient{2}{type=io.atomix.protocols.raft.RaftTest$TestPrimitiveType@35bfa1bb, name=raft-test} - Sending CommandRequest{session=2, sequence=17, operation=PrimitiveOperation{id=DefaultOperationId{id=write, type=COMMAND}, value=byte[]{length=17, hash=-1644578928}}} to 1
02:47:40.289 [raft-server-1] TRACE i.a.protocols.raft.roles.LeaderRole - RaftServer{1}{role=LEADER} - Received CommandRequest{session=2, sequence=17, operation=PrimitiveOperation{id=DefaultOperationId{id=write, type=COMMAND}, value=byte[]{length=17, hash=-1644578928}}}
02:47:40.321 [raft-server-2] TRACE i.a.p.raft.roles.FollowerRole - RaftServer{2}{role=FOLLOWER} - Committed entries up to index 20
02:47:40.321 [raft-server-2] TRACE i.a.p.raft.roles.FollowerRole - RaftServer{2}{role=FOLLOWER} - Sending AppendResponse{status=OK, term=1, succeeded=true, lastLogIndex=20}
02:47:40.321 [raft-server-2-state] TRACE i.a.p.raft.impl.RaftServiceManager - RaftServer{2} - Applying Indexed{index=20, entry=CommandEntry{term=1, timestamp=2018-06-09 02:47:40,231, session=2, sequence=16, operation=PrimitiveOperation{id=DefaultOperationId{id=write, type=COMMAND}, value=byte[]{length=17, hash=-1644578928}}}}
02:47:40.321 [raft-server-2-state] TRACE i.a.p.s.impl.DefaultServiceExecutor - PrimitiveService{2}{type=io.atomix.protocols.raft.RaftTest$TestPrimitiveType@8dc7f31, name=raft-test} - Executing DefaultCommit{index=20, session=RaftSession{RaftServiceContext{server=2, type=io.atomix.protocols.raft.RaftTest$TestPrimitiveType@8dc7f31, name=raft-test, id=2}, session=2, timestamp=2018-06-09 02:47:40,231}, time=2018-06-09 02:47:40,231, operation=DefaultOperationId{id=write, type=COMMAND}, value=byte[]{length=17, hash=-1644578928}}
02:47:40.380 [raft-server-1] DEBUG i.a.storage.journal.SegmentedJournal - Created disk segment: JournalSegment{id=3, version=1, index=21, size=64}
02:47:40.380 [raft-server-1] TRACE i.a.protocols.raft.roles.LeaderRole - RaftServer{1}{role=LEADER} - Appended Indexed{index=21, entry=CommandEntry{term=1, timestamp=2018-06-09 02:47:40,289, session=2, sequence=17, operation=PrimitiveOperation{id=DefaultOperationId{id=write, type=COMMAND}, value=byte[]{length=17, hash=-1644578928}}}}
02:47:40.380 [raft-server-1] TRACE i.a.p.raft.roles.LeaderAppender - RaftServer{1} - Received AppendResponse{status=OK, term=1, succeeded=true, lastLogIndex=20} from 2
02:47:40.380 [raft-server-1] TRACE i.a.p.raft.roles.LeaderAppender - RaftServer{1} - Sending AppendRequest{term=1, leader=1, prevLogIndex=20, prevLogTerm=1, entries=1, commitIndex=20} to 2
02:47:40.380 [raft-server-2] TRACE i.a.p.raft.roles.FollowerRole - RaftServer{2}{role=FOLLOWER} - Received AppendRequest{term=1, leader=1, prevLogIndex=20, prevLogTerm=1, entries=1, commitIndex=20}
02:47:40.380 [raft-server-1] TRACE i.a.p.raft.roles.LeaderAppender - RaftServer{1} - Sending AppendRequest{term=1, leader=1, prevLogIndex=20, prevLogTerm=1, entries=1, commitIndex=20} to 3
02:47:40.380 [raft-server-3] TRACE i.a.p.raft.roles.FollowerRole - RaftServer{3}{role=FOLLOWER} - Received AppendRequest{term=1, leader=1, prevLogIndex=20, prevLogTerm=1, entries=1, commitIndex=20}
02:47:40.487 [raft-server-2] DEBUG i.a.storage.journal.SegmentedJournal - Created disk segment: JournalSegment{id=3, version=1, index=21, size=64}
02:47:40.487 [raft-server-2] TRACE i.a.p.raft.roles.FollowerRole - RaftServer{2}{role=FOLLOWER} - Appended Indexed{index=21, entry=CommandEntry{term=1, timestamp=2018-06-09 02:47:40,289, session=2, sequence=17, operation=PrimitiveOperation{id=DefaultOperationId{id=write, type=COMMAND}, value=byte[]{length=17, hash=-1644578928}}}}
02:47:40.487 [raft-server-2] TRACE i.a.p.raft.roles.FollowerRole - RaftServer{2}{role=FOLLOWER} - Sending AppendResponse{status=OK, term=1, succeeded=true, lastLogIndex=21}
02:47:40.487 [raft-server-1] TRACE i.a.p.raft.roles.LeaderAppender - RaftServer{1} - Received AppendResponse{status=OK, term=1, succeeded=true, lastLogIndex=21} from 2
02:47:40.487 [raft-server-1] TRACE i.a.p.raft.roles.LeaderAppender - RaftServer{1} - Committed entries up to 21
02:47:40.518 [raft-server-3] DEBUG i.a.storage.journal.SegmentedJournal - Created disk segment: JournalSegment{id=3, version=1, index=21, size=64}
02:47:40.519 [raft-server-3] TRACE i.a.p.raft.roles.FollowerRole - RaftServer{3}{role=FOLLOWER} - Appended Indexed{index=21, entry=CommandEntry{term=1, timestamp=2018-06-09 02:47:40,289, session=2, sequence=17, operation=PrimitiveOperation{id=DefaultOperationId{id=write, type=COMMAND}, value=byte[]{length=17, hash=-1644578928}}}}
02:47:40.551 [raft-server-1] TRACE i.a.p.raft.roles.LeaderAppender - RaftServer{1} - Sending AppendRequest{term=1, leader=1, prevLogIndex=21, prevLogTerm=1, entries=0, commitIndex=21} to 2
02:47:40.551 [raft-server-2] TRACE i.a.p.raft.roles.FollowerRole - RaftServer{2}{role=FOLLOWER} - Received AppendRequest{term=1, leader=1, prevLogIndex=21, prevLogTerm=1, entries=0, commitIndex=21}
02:47:40.551 [raft-server-1-state] TRACE i.a.p.raft.impl.RaftServiceManager - RaftServer{1} - Applying Indexed{index=21, entry=CommandEntry{term=1, timestamp=2018-06-09 02:47:40,289, session=2, sequence=17, operation=PrimitiveOperation{id=DefaultOperationId{id=write, type=COMMAND}, value=byte[]{length=17, hash=-1644578928}}}}
02:47:40.552 [raft-server-1-state] TRACE i.a.p.s.impl.DefaultServiceExecutor - PrimitiveService{2}{type=io.atomix.protocols.raft.RaftTest$TestPrimitiveType@35843ad0, name=raft-test} - Executing DefaultCommit{index=21, session=RaftSession{RaftServiceContext{server=1, type=io.atomix.protocols.raft.RaftTest$TestPrimitiveType@35843ad0, name=raft-test, id=2}, session=2, timestamp=2018-06-09 02:47:40,289}, time=2018-06-09 02:47:40,289, operation=DefaultOperationId{id=write, type=COMMAND}, value=byte[]{length=17, hash=-1644578928}}
02:47:40.552 [raft-server-1-state] TRACE i.a.protocols.raft.roles.LeaderRole - RaftServer{1}{role=LEADER} - Sending CommandResponse{status=OK, index=21, eventIndex=2, result=byte[]{length=2, hash=1282}}
02:47:40.552 [raft-client-613ce1dd-77b1-4b52-a0bf-d277cef86e4f-1] TRACE i.a.p.r.p.impl.RaftProxyConnection - SessionClient{2}{type=io.atomix.protocols.raft.RaftTest$TestPrimitiveType@35bfa1bb, name=raft-test} - Received CommandResponse{status=OK, index=21, eventIndex=2, result=byte[]{length=2, hash=1282}} from 1
02:47:40.552 [raft-client-613ce1dd-77b1-4b52-a0bf-d277cef86e4f-1] TRACE i.a.p.r.p.impl.RaftProxySequencer - SessionClient{2}{type=io.atomix.protocols.raft.RaftTest$TestPrimitiveType@35bfa1bb, name=raft-test} - Completing response CommandResponse{status=OK, index=21, eventIndex=2, result=byte[]{length=2, hash=1282}}
02:47:40.552 [raft-client-613ce1dd-77b1-4b52-a0bf-d277cef86e4f-1] TRACE i.a.p.r.p.impl.RaftProxyConnection - SessionClient{2}{type=io.atomix.protocols.raft.RaftTest$TestPrimitiveType@35bfa1bb, name=raft-test} - Sending CommandRequest{session=2, sequence=18, operation=PrimitiveOperation{id=DefaultOperationId{id=write, type=COMMAND}, value=byte[]{length=17, hash=-1644578928}}} to 1
02:47:40.552 [raft-server-1] TRACE i.a.protocols.raft.roles.LeaderRole - RaftServer{1}{role=LEADER} - Received CommandRequest{session=2, sequence=18, operation=PrimitiveOperation{id=DefaultOperationId{id=write, type=COMMAND}, value=byte[]{length=17, hash=-1644578928}}}
02:47:40.552 [raft-server-1] TRACE i.a.protocols.raft.roles.LeaderRole - RaftServer{1}{role=LEADER} - Appended Indexed{index=22, entry=CommandEntry{term=1, timestamp=2018-06-09 02:47:40,552, session=2, sequence=18, operation=PrimitiveOperation{id=DefaultOperationId{id=write, type=COMMAND}, value=byte[]{length=17, hash=-1644578928}}}}
02:47:40.553 [raft-server-1] TRACE i.a.p.raft.roles.LeaderAppender - RaftServer{1} - Sending AppendRequest{term=1, leader=1, prevLogIndex=21, prevLogTerm=1, entries=1, commitIndex=21} to 3
02:47:40.584 [raft-server-3] TRACE i.a.p.raft.roles.FollowerRole - RaftServer{3}{role=FOLLOWER} - Committed entries up to index 20
02:47:40.585 [raft-server-3] TRACE i.a.p.raft.roles.FollowerRole - RaftServer{3}{role=FOLLOWER} - Sending AppendResponse{status=OK, term=1, succeeded=true, lastLogIndex=21}
02:47:40.585 [raft-server-3] TRACE i.a.p.raft.roles.FollowerRole - RaftServer{3}{role=FOLLOWER} - Received AppendRequest{term=1, leader=1, prevLogIndex=21, prevLogTerm=1, entries=1, commitIndex=21}
02:47:40.585 [raft-server-1] TRACE i.a.p.raft.roles.LeaderAppender - RaftServer{1} - Received AppendResponse{status=OK, term=1, succeeded=true, lastLogIndex=21} from 3
02:47:40.585 [raft-server-1] TRACE i.a.p.raft.roles.LeaderAppender - RaftServer{1} - Sending AppendRequest{term=1, leader=1, prevLogIndex=21, prevLogTerm=1, entries=1, commitIndex=21} to 2
02:47:40.585 [raft-server-3] TRACE i.a.p.raft.roles.FollowerRole - RaftServer{3}{role=FOLLOWER} - Appended Indexed{index=22, entry=CommandEntry{term=1, timestamp=2018-06-09 02:47:40,552, session=2, sequence=18, operation=PrimitiveOperation{id=DefaultOperationId{id=write, type=COMMAND}, value=byte[]{length=17, hash=-1644578928}}}}
02:47:40.618 [raft-server-2] TRACE i.a.p.raft.roles.FollowerRole - RaftServer{2}{role=FOLLOWER} - Committed entries up to index 21
02:47:40.618 [raft-server-2] TRACE i.a.p.raft.roles.FollowerRole - RaftServer{2}{role=FOLLOWER} - Sending AppendResponse{status=OK, term=1, succeeded=true, lastLogIndex=21}
02:47:40.618 [raft-server-2] TRACE i.a.p.raft.roles.FollowerRole - RaftServer{2}{role=FOLLOWER} - Received AppendRequest{term=1, leader=1, prevLogIndex=21, prevLogTerm=1, entries=1, commitIndex=21}
02:47:40.618 [raft-server-1] TRACE i.a.p.raft.roles.LeaderAppender - RaftServer{1} - Received AppendResponse{status=OK, term=1, succeeded=true, lastLogIndex=21} from 2
02:47:40.618 [raft-server-2] TRACE i.a.p.raft.roles.FollowerRole - RaftServer{2}{role=FOLLOWER} - Appended Indexed{index=22, entry=CommandEntry{term=1, timestamp=2018-06-09 02:47:40,552, session=2, sequence=18, operation=PrimitiveOperation{id=DefaultOperationId{id=write, type=COMMAND}, value=byte[]{length=17, hash=-1644578928}}}}
02:47:40.619 [raft-server-2] TRACE i.a.p.raft.roles.FollowerRole - RaftServer{2}{role=FOLLOWER} - Sending AppendResponse{status=OK, term=1, succeeded=true, lastLogIndex=22}
02:47:40.619 [raft-server-1] TRACE i.a.p.raft.roles.LeaderAppender - RaftServer{1} - Received AppendResponse{status=OK, term=1, succeeded=true, lastLogIndex=22} from 2
02:47:40.619 [raft-server-1] TRACE i.a.p.raft.roles.LeaderAppender - RaftServer{1} - Committed entries up to 22
02:47:40.619 [raft-server-2-state] TRACE i.a.p.raft.impl.RaftServiceManager - RaftServer{2} - Applying Indexed{index=21, entry=CommandEntry{term=1, timestamp=2018-06-09 02:47:40,289, session=2, sequence=17, operation=PrimitiveOperation{id=DefaultOperationId{id=write, type=COMMAND}, value=byte[]{length=17, hash=-1644578928}}}}
02:47:40.619 [raft-server-2-state] TRACE i.a.p.s.impl.DefaultServiceExecutor - PrimitiveService{2}{type=io.atomix.protocols.raft.RaftTest$TestPrimitiveType@8dc7f31, name=raft-test} - Executing DefaultCommit{index=21, session=RaftSession{RaftServiceContext{server=2, type=io.atomix.protocols.raft.RaftTest$TestPrimitiveType@8dc7f31, name=raft-test, id=2}, session=2, timestamp=2018-06-09 02:47:40,289}, time=2018-06-09 02:47:40,289, operation=DefaultOperationId{id=write, type=COMMAND}, value=byte[]{length=17, hash=-1644578928}}
02:47:40.655 [raft-server-3] TRACE i.a.p.raft.roles.FollowerRole - RaftServer{3}{role=FOLLOWER} - Committed entries up to index 21
02:47:40.655 [raft-server-3] TRACE i.a.p.raft.roles.FollowerRole - RaftServer{3}{role=FOLLOWER} - Sending AppendResponse{status=OK, term=1, succeeded=true, lastLogIndex=22}
02:47:40.655 [raft-server-3-state] TRACE i.a.p.raft.impl.RaftServiceManager - RaftServer{3} - Applying Indexed{index=20, entry=CommandEntry{term=1, timestamp=2018-06-09 02:47:40,231, session=2, sequence=16, operation=PrimitiveOperation{id=DefaultOperationId{id=write, type=COMMAND}, value=byte[]{length=17, hash=-1644578928}}}}
02:47:40.655 [raft-server-3-state] TRACE i.a.p.s.impl.DefaultServiceExecutor - PrimitiveService{2}{type=io.atomix.protocols.raft.RaftTest$TestPrimitiveType@260d6206, name=raft-test} - Executing DefaultCommit{index=20, session=RaftSession{RaftServiceContext{server=3, type=io.atomix.protocols.raft.RaftTest$TestPrimitiveType@260d6206, name=raft-test, id=2}, session=2, timestamp=2018-06-09 02:47:40,231}, time=2018-06-09 02:47:40,231, operation=DefaultOperationId{id=write, type=COMMAND}, value=byte[]{length=17, hash=-1644578928}}
02:47:40.655 [raft-server-3-state] TRACE i.a.p.raft.impl.RaftServiceManager - RaftServer{3} - Applying Indexed{index=21, entry=CommandEntry{term=1, timestamp=2018-06-09 02:47:40,289, session=2, sequence=17, operation=PrimitiveOperation{id=DefaultOperationId{id=write, type=COMMAND}, value=byte[]{length=17, hash=-1644578928}}}}
02:47:40.655 [raft-server-3-state] TRACE i.a.p.s.impl.DefaultServiceExecutor - PrimitiveService{2}{type=io.atomix.protocols.raft.RaftTest$TestPrimitiveType@260d6206, name=raft-test} - Executing DefaultCommit{index=21, session=RaftSession{RaftServiceContext{server=3, type=io.atomix.protocols.raft.RaftTest$TestPrimitiveType@260d6206, name=raft-test, id=2}, session=2, timestamp=2018-06-09 02:47:40,289}, time=2018-06-09 02:47:40,289, operation=DefaultOperationId{id=write, type=COMMAND}, value=byte[]{length=17, hash=-1644578928}}
02:47:40.680 [raft-server-1] TRACE i.a.p.raft.roles.LeaderAppender - RaftServer{1} - Received AppendResponse{status=OK, term=1, succeeded=true, lastLogIndex=22} from 3
02:47:40.680 [raft-server-1-state] TRACE i.a.p.raft.impl.RaftServiceManager - RaftServer{1} - Applying Indexed{index=22, entry=CommandEntry{term=1, timestamp=2018-06-09 02:47:40,552, session=2, sequence=18, operation=PrimitiveOperation{id=DefaultOperationId{id=write, type=COMMAND}, value=byte[]{length=17, hash=-1644578928}}}}
02:47:40.680 [raft-server-1-state] TRACE i.a.p.s.impl.DefaultServiceExecutor - PrimitiveService{2}{type=io.atomix.protocols.raft.RaftTest$TestPrimitiveType@35843ad0, name=raft-test} - Executing DefaultCommit{index=22, session=RaftSession{RaftServiceContext{server=1, type=io.atomix.protocols.raft.RaftTest$TestPrimitiveType@35843ad0, name=raft-test, id=2}, session=2, timestamp=2018-06-09 02:47:40,552}, time=2018-06-09 02:47:40,552, operation=DefaultOperationId{id=write, type=COMMAND}, value=byte[]{length=17, hash=-1644578928}}
02:47:40.680 [raft-server-1-state] TRACE i.a.protocols.raft.roles.LeaderRole - RaftServer{1}{role=LEADER} - Sending CommandResponse{status=OK, index=22, eventIndex=2, result=byte[]{length=2, hash=1284}}
02:47:40.680 [raft-client-613ce1dd-77b1-4b52-a0bf-d277cef86e4f-6] TRACE i.a.p.r.p.impl.RaftProxyConnection - SessionClient{2}{type=io.atomix.protocols.raft.RaftTest$TestPrimitiveType@35bfa1bb, name=raft-test} - Received CommandResponse{status=OK, index=22, eventIndex=2, result=byte[]{length=2, hash=1284}} from 1
02:47:40.680 [raft-client-613ce1dd-77b1-4b52-a0bf-d277cef86e4f-6] TRACE i.a.p.r.p.impl.RaftProxySequencer - SessionClient{2}{type=io.atomix.protocols.raft.RaftTest$TestPrimitiveType@35bfa1bb, name=raft-test} - Completing response CommandResponse{status=OK, index=22, eventIndex=2, result=byte[]{length=2, hash=1284}}
02:47:40.681 [raft-client-613ce1dd-77b1-4b52-a0bf-d277cef86e4f-6] TRACE i.a.p.r.p.impl.RaftProxyConnection - SessionClient{2}{type=io.atomix.protocols.raft.RaftTest$TestPrimitiveType@35bfa1bb, name=raft-test} - Sending CommandRequest{session=2, sequence=19, operation=PrimitiveOperation{id=DefaultOperationId{id=write, type=COMMAND}, value=byte[]{length=17, hash=-1644578928}}} to 1
02:47:40.681 [raft-server-1] TRACE i.a.protocols.raft.roles.LeaderRole - RaftServer{1}{role=LEADER} - Received CommandRequest{session=2, sequence=19, operation=PrimitiveOperation{id=DefaultOperationId{id=write, type=COMMAND}, value=byte[]{length=17, hash=-1644578928}}}
02:47:40.681 [raft-server-1] TRACE i.a.protocols.raft.roles.LeaderRole - RaftServer{1}{role=LEADER} - Appended Indexed{index=23, entry=CommandEntry{term=1, timestamp=2018-06-09 02:47:40,681, session=2, sequence=19, operation=PrimitiveOperation{id=DefaultOperationId{id=write, type=COMMAND}, value=byte[]{length=17, hash=-1644578928}}}}
02:47:40.682 [raft-server-1] TRACE i.a.p.raft.roles.LeaderAppender - RaftServer{1} - Sending AppendRequest{term=1, leader=1, prevLogIndex=22, prevLogTerm=1, entries=1, commitIndex=22} to 3
02:47:40.682 [raft-server-3] TRACE i.a.p.raft.roles.FollowerRole - RaftServer{3}{role=FOLLOWER} - Received AppendRequest{term=1, leader=1, prevLogIndex=22, prevLogTerm=1, entries=1, commitIndex=22}
02:47:40.682 [raft-server-1] TRACE i.a.p.raft.roles.LeaderAppender - RaftServer{1} - Sending AppendRequest{term=1, leader=1, prevLogIndex=22, prevLogTerm=1, entries=1, commitIndex=22} to 2
02:47:40.682 [raft-server-3] TRACE i.a.p.raft.roles.FollowerRole - RaftServer{3}{role=FOLLOWER} - Appended Indexed{index=23, entry=CommandEntry{term=1, timestamp=2018-06-09 02:47:40,681, session=2, sequence=19, operation=PrimitiveOperation{id=DefaultOperationId{id=write, type=COMMAND}, value=byte[]{length=17, hash=-1644578928}}}}
02:47:40.682 [raft-server-2] TRACE i.a.p.raft.roles.FollowerRole - RaftServer{2}{role=FOLLOWER} - Received AppendRequest{term=1, leader=1, prevLogIndex=22, prevLogTerm=1, entries=1, commitIndex=22}
02:47:40.683 [raft-server-2] TRACE i.a.p.raft.roles.FollowerRole - RaftServer{2}{role=FOLLOWER} - Appended Indexed{index=23, entry=CommandEntry{term=1, timestamp=2018-06-09 02:47:40,681, session=2, sequence=19, operation=PrimitiveOperation{id=DefaultOperationId{id=write, type=COMMAND}, value=byte[]{length=17, hash=-1644578928}}}}
02:47:40.721 [raft-server-3] TRACE i.a.p.raft.roles.FollowerRole - RaftServer{3}{role=FOLLOWER} - Committed entries up to index 22
02:47:40.721 [raft-server-3] TRACE i.a.p.raft.roles.FollowerRole - RaftServer{3}{role=FOLLOWER} - Sending AppendResponse{status=OK, term=1, succeeded=true, lastLogIndex=23}
02:47:40.722 [raft-server-1] TRACE i.a.p.raft.roles.LeaderAppender - RaftServer{1} - Received AppendResponse{status=OK, term=1, succeeded=true, lastLogIndex=23} from 3
02:47:40.721 [raft-server-3-state] TRACE i.a.p.raft.impl.RaftServiceManager - RaftServer{3} - Applying Indexed{index=22, entry=CommandEntry{term=1, timestamp=2018-06-09 02:47:40,552, session=2, sequence=18, operation=PrimitiveOperation{id=DefaultOperationId{id=write, type=COMMAND}, value=byte[]{length=17, hash=-1644578928}}}}
02:47:40.722 [raft-server-1] TRACE i.a.p.raft.roles.LeaderAppender - RaftServer{1} - Committed entries up to 23
02:47:40.722 [raft-server-3-state] TRACE i.a.p.s.impl.DefaultServiceExecutor - PrimitiveService{2}{type=io.atomix.protocols.raft.RaftTest$TestPrimitiveType@260d6206, name=raft-test} - Executing DefaultCommit{index=22, session=RaftSession{RaftServiceContext{server=3, type=io.atomix.protocols.raft.RaftTest$TestPrimitiveType@260d6206, name=raft-test, id=2}, session=2, timestamp=2018-06-09 02:47:40,552}, time=2018-06-09 02:47:40,552, operation=DefaultOperationId{id=write, type=COMMAND}, value=byte[]{length=17, hash=-1644578928}}
02:47:40.755 [raft-server-2] TRACE i.a.p.raft.roles.FollowerRole - RaftServer{2}{role=FOLLOWER} - Committed entries up to index 22
02:47:40.755 [raft-server-2] TRACE i.a.p.raft.roles.FollowerRole - RaftServer{2}{role=FOLLOWER} - Sending AppendResponse{status=OK, term=1, succeeded=true, lastLogIndex=23}
02:47:40.755 [raft-server-2-state] TRACE i.a.p.raft.impl.RaftServiceManager - RaftServer{2} - Applying Indexed{index=22, entry=CommandEntry{term=1, timestamp=2018-06-09 02:47:40,552, session=2, sequence=18, operation=PrimitiveOperation{id=DefaultOperationId{id=write, type=COMMAND}, value=byte[]{length=17, hash=-1644578928}}}}
02:47:40.755 [raft-server-2-state] TRACE i.a.p.s.impl.DefaultServiceExecutor - PrimitiveService{2}{type=io.atomix.protocols.raft.RaftTest$TestPrimitiveType@8dc7f31, name=raft-test} - Executing DefaultCommit{index=22, session=RaftSession{RaftServiceContext{server=2, type=io.atomix.protocols.raft.RaftTest$TestPrimitiveType@8dc7f31, name=raft-test, id=2}, session=2, timestamp=2018-06-09 02:47:40,552}, time=2018-06-09 02:47:40,552, operation=DefaultOperationId{id=write, type=COMMAND}, value=byte[]{length=17, hash=-1644578928}}
02:47:40.780 [raft-server-1] TRACE i.a.p.raft.roles.LeaderAppender - RaftServer{1} - Sending AppendRequest{term=1, leader=1, prevLogIndex=23, prevLogTerm=1, entries=0, commitIndex=23} to 3
02:47:40.780 [raft-server-3] TRACE i.a.p.raft.roles.FollowerRole - RaftServer{3}{role=FOLLOWER} - Received AppendRequest{term=1, leader=1, prevLogIndex=23, prevLogTerm=1, entries=0, commitIndex=23}
02:47:40.780 [raft-server-1] TRACE i.a.p.raft.roles.LeaderAppender - RaftServer{1} - Received AppendResponse{status=OK, term=1, succeeded=true, lastLogIndex=23} from 2
02:47:40.780 [raft-server-1] TRACE i.a.p.raft.roles.LeaderAppender - RaftServer{1} - Sending AppendRequest{term=1, leader=1, prevLogIndex=23, prevLogTerm=1, entries=0, commitIndex=23} to 2
02:47:40.781 [raft-server-2] TRACE i.a.p.raft.roles.FollowerRole - RaftServer{2}{role=FOLLOWER} - Received AppendRequest{term=1, leader=1, prevLogIndex=23, prevLogTerm=1, entries=0, commitIndex=23}
02:47:40.781 [raft-server-1-state] TRACE i.a.p.raft.impl.RaftServiceManager - RaftServer{1} - Applying Indexed{index=23, entry=CommandEntry{term=1, timestamp=2018-06-09 02:47:40,681, session=2, sequence=19, operation=PrimitiveOperation{id=DefaultOperationId{id=write, type=COMMAND}, value=byte[]{length=17, hash=-1644578928}}}}
02:47:40.781 [raft-server-1-state] TRACE i.a.p.s.impl.DefaultServiceExecutor - PrimitiveService{2}{type=io.atomix.protocols.raft.RaftTest$TestPrimitiveType@35843ad0, name=raft-test} - Executing DefaultCommit{index=23, session=RaftSession{RaftServiceContext{server=1, type=io.atomix.protocols.raft.RaftTest$TestPrimitiveType@35843ad0, name=raft-test, id=2}, session=2, timestamp=2018-06-09 02:47:40,681}, time=2018-06-09 02:47:40,681, operation=DefaultOperationId{id=write, type=COMMAND}, value=byte[]{length=17, hash=-1644578928}}
02:47:40.781 [raft-server-1-state] TRACE i.a.protocols.raft.roles.LeaderRole - RaftServer{1}{role=LEADER} - Sending CommandResponse{status=OK, index=23, eventIndex=2, result=byte[]{length=2, hash=1286}}
02:47:40.781 [raft-client-613ce1dd-77b1-4b52-a0bf-d277cef86e4f-5] TRACE i.a.p.r.p.impl.RaftProxyConnection - SessionClient{2}{type=io.atomix.protocols.raft.RaftTest$TestPrimitiveType@35bfa1bb, name=raft-test} - Received CommandResponse{status=OK, index=23, eventIndex=2, result=byte[]{length=2, hash=1286}} from 1
02:47:40.781 [raft-client-613ce1dd-77b1-4b52-a0bf-d277cef86e4f-5] TRACE i.a.p.r.p.impl.RaftProxySequencer - SessionClient{2}{type=io.atomix.protocols.raft.RaftTest$TestPrimitiveType@35bfa1bb, name=raft-test} - Completing response CommandResponse{status=OK, index=23, eventIndex=2, result=byte[]{length=2, hash=1286}}
02:47:40.782 [raft-client-613ce1dd-77b1-4b52-a0bf-d277cef86e4f-2] TRACE i.a.p.r.p.impl.RaftProxyConnection - SessionClient{2}{type=io.atomix.protocols.raft.RaftTest$TestPrimitiveType@35bfa1bb, name=raft-test} - Sending CommandRequest{session=2, sequence=20, operation=PrimitiveOperation{id=DefaultOperationId{id=write, type=COMMAND}, value=byte[]{length=17, hash=-1644578928}}} to 1
02:47:40.782 [raft-server-1] TRACE i.a.protocols.raft.roles.LeaderRole - RaftServer{1}{role=LEADER} - Received CommandRequest{session=2, sequence=20, operation=PrimitiveOperation{id=DefaultOperationId{id=write, type=COMMAND}, value=byte[]{length=17, hash=-1644578928}}}
02:47:40.782 [raft-server-1] TRACE i.a.protocols.raft.roles.LeaderRole - RaftServer{1}{role=LEADER} - Appended Indexed{index=24, entry=CommandEntry{term=1, timestamp=2018-06-09 02:47:40,782, session=2, sequence=20, operation=PrimitiveOperation{id=DefaultOperationId{id=write, type=COMMAND}, value=byte[]{length=17, hash=-1644578928}}}}
02:47:40.805 [raft-server-3] TRACE i.a.p.raft.roles.FollowerRole - RaftServer{3}{role=FOLLOWER} - Committed entries up to index 23
02:47:40.805 [raft-server-3] TRACE i.a.p.raft.roles.FollowerRole - RaftServer{3}{role=FOLLOWER} - Sending AppendResponse{status=OK, term=1, succeeded=true, lastLogIndex=23}
02:47:40.805 [raft-server-1] TRACE i.a.p.raft.roles.LeaderAppender - RaftServer{1} - Received AppendResponse{status=OK, term=1, succeeded=true, lastLogIndex=23} from 3
02:47:40.805 [raft-server-3-state] TRACE i.a.p.raft.impl.RaftServiceManager - RaftServer{3} - Applying Indexed{index=23, entry=CommandEntry{term=1, timestamp=2018-06-09 02:47:40,681, session=2, sequence=19, operation=PrimitiveOperation{id=DefaultOperationId{id=write, type=COMMAND}, value=byte[]{length=17, hash=-1644578928}}}}
02:47:40.805 [raft-server-1] TRACE i.a.p.raft.roles.LeaderAppender - RaftServer{1} - Sending AppendRequest{term=1, leader=1, prevLogIndex=23, prevLogTerm=1, entries=1, commitIndex=23} to 3
02:47:40.805 [raft-server-3-state] TRACE i.a.p.s.impl.DefaultServiceExecutor - PrimitiveService{2}{type=io.atomix.protocols.raft.RaftTest$TestPrimitiveType@260d6206, name=raft-test} - Executing DefaultCommit{index=23, session=RaftSession{RaftServiceContext{server=3, type=io.atomix.protocols.raft.RaftTest$TestPrimitiveType@260d6206, name=raft-test, id=2}, session=2, timestamp=2018-06-09 02:47:40,681}, time=2018-06-09 02:47:40,681, operation=DefaultOperationId{id=write, type=COMMAND}, value=byte[]{length=17, hash=-1644578928}}
02:47:40.805 [raft-server-3] TRACE i.a.p.raft.roles.FollowerRole - RaftServer{3}{role=FOLLOWER} - Received AppendRequest{term=1, leader=1, prevLogIndex=23, prevLogTerm=1, entries=1, commitIndex=23}
02:47:40.806 [raft-server-3] TRACE i.a.p.raft.roles.FollowerRole - RaftServer{3}{role=FOLLOWER} - Appended Indexed{index=24, entry=CommandEntry{term=1, timestamp=2018-06-09 02:47:40,782, session=2, sequence=20, operation=PrimitiveOperation{id=DefaultOperationId{id=write, type=COMMAND}, value=byte[]{length=17, hash=-1644578928}}}}
02:47:40.806 [raft-server-3] TRACE i.a.p.raft.roles.FollowerRole - RaftServer{3}{role=FOLLOWER} - Sending AppendResponse{status=OK, term=1, succeeded=true, lastLogIndex=24}
02:47:40.806 [raft-server-1] TRACE i.a.p.raft.roles.LeaderAppender - RaftServer{1} - Received AppendResponse{status=OK, term=1, succeeded=true, lastLogIndex=24} from 3
02:47:40.806 [raft-server-1] TRACE i.a.p.raft.roles.LeaderAppender - RaftServer{1} - Committed entries up to 24
02:47:40.838 [raft-server-2] TRACE i.a.p.raft.roles.FollowerRole - RaftServer{2}{role=FOLLOWER} - Committed entries up to index 23
02:47:40.838 [raft-server-2] TRACE i.a.p.raft.roles.FollowerRole - RaftServer{2}{role=FOLLOWER} - Sending AppendResponse{status=OK, term=1, succeeded=true, lastLogIndex=23}
02:47:40.838 [raft-server-2-state] TRACE i.a.p.raft.impl.RaftServiceManager - RaftServer{2} - Applying Indexed{index=23, entry=CommandEntry{term=1, timestamp=2018-06-09 02:47:40,681, session=2, sequence=19, operation=PrimitiveOperation{id=DefaultOperationId{id=write, type=COMMAND}, value=byte[]{length=17, hash=-1644578928}}}}
02:47:40.838 [raft-server-2-state] TRACE i.a.p.s.impl.DefaultServiceExecutor - PrimitiveService{2}{type=io.atomix.protocols.raft.RaftTest$TestPrimitiveType@8dc7f31, name=raft-test} - Executing DefaultCommit{index=23, session=RaftSession{RaftServiceContext{server=2, type=io.atomix.protocols.raft.RaftTest$TestPrimitiveType@8dc7f31, name=raft-test, id=2}, session=2, timestamp=2018-06-09 02:47:40,681}, time=2018-06-09 02:47:40,681, operation=DefaultOperationId{id=write, type=COMMAND}, value=byte[]{length=17, hash=-1644578928}}
02:47:40.863 [raft-server-1] TRACE i.a.p.raft.roles.LeaderAppender - RaftServer{1} - Received AppendResponse{status=OK, term=1, succeeded=true, lastLogIndex=23} from 2
02:47:40.863 [raft-server-1] TRACE i.a.p.raft.roles.LeaderAppender - RaftServer{1} - Sending AppendRequest{term=1, leader=1, prevLogIndex=23, prevLogTerm=1, entries=1, commitIndex=24} to 2
02:47:40.863 [raft-server-2] TRACE i.a.p.raft.roles.FollowerRole - RaftServer{2}{role=FOLLOWER} - Received AppendRequest{term=1, leader=1, prevLogIndex=23, prevLogTerm=1, entries=1, commitIndex=24}
02:47:40.863 [raft-server-1-state] TRACE i.a.p.raft.impl.RaftServiceManager - RaftServer{1} - Applying Indexed{index=24, entry=CommandEntry{term=1, timestamp=2018-06-09 02:47:40,782, session=2, sequence=20, operation=PrimitiveOperation{id=DefaultOperationId{id=write, type=COMMAND}, value=byte[]{length=17, hash=-1644578928}}}}
02:47:40.864 [raft-server-1-state] TRACE i.a.p.s.impl.DefaultServiceExecutor - PrimitiveService{2}{type=io.atomix.protocols.raft.RaftTest$TestPrimitiveType@35843ad0, name=raft-test} - Executing DefaultCommit{index=24, session=RaftSession{RaftServiceContext{server=1, type=io.atomix.protocols.raft.RaftTest$TestPrimitiveType@35843ad0, name=raft-test, id=2}, session=2, timestamp=2018-06-09 02:47:40,782}, time=2018-06-09 02:47:40,782, operation=DefaultOperationId{id=write, type=COMMAND}, value=byte[]{length=17, hash=-1644578928}}
02:47:40.864 [raft-server-2] TRACE i.a.p.raft.roles.FollowerRole - RaftServer{2}{role=FOLLOWER} - Appended Indexed{index=24, entry=CommandEntry{term=1, timestamp=2018-06-09 02:47:40,782, session=2, sequence=20, operation=PrimitiveOperation{id=DefaultOperationId{id=write, type=COMMAND}, value=byte[]{length=17, hash=-1644578928}}}}
02:47:40.864 [raft-server-1-state] TRACE i.a.protocols.raft.roles.LeaderRole - RaftServer{1}{role=LEADER} - Sending CommandResponse{status=OK, index=24, eventIndex=2, result=byte[]{length=2, hash=1288}}
02:47:40.864 [raft-client-613ce1dd-77b1-4b52-a0bf-d277cef86e4f-1] TRACE i.a.p.r.p.impl.RaftProxyConnection - SessionClient{2}{type=io.atomix.protocols.raft.RaftTest$TestPrimitiveType@35bfa1bb, name=raft-test} - Received CommandResponse{status=OK, index=24, eventIndex=2, result=byte[]{length=2, hash=1288}} from 1
02:47:40.864 [raft-client-613ce1dd-77b1-4b52-a0bf-d277cef86e4f-1] TRACE i.a.p.r.p.impl.RaftProxySequencer - SessionClient{2}{type=io.atomix.protocols.raft.RaftTest$TestPrimitiveType@35bfa1bb, name=raft-test} - Completing response CommandResponse{status=OK, index=24, eventIndex=2, result=byte[]{length=2, hash=1288}}
02:47:40.864 [raft-client-613ce1dd-77b1-4b52-a0bf-d277cef86e4f-1] TRACE i.a.p.r.p.impl.RaftProxyConnection - SessionClient{2}{type=io.atomix.protocols.raft.RaftTest$TestPrimitiveType@35bfa1bb, name=raft-test} - Sending CommandRequest{session=2, sequence=21, operation=PrimitiveOperation{id=DefaultOperationId{id=write, type=COMMAND}, value=byte[]{length=17, hash=-1644578928}}} to 1
02:47:40.865 [raft-server-1] TRACE i.a.protocols.raft.roles.LeaderRole - RaftServer{1}{role=LEADER} - Received CommandRequest{session=2, sequence=21, operation=PrimitiveOperation{id=DefaultOperationId{id=write, type=COMMAND}, value=byte[]{length=17, hash=-1644578928}}}
02:47:40.865 [raft-server-1] TRACE i.a.protocols.raft.roles.LeaderRole - RaftServer{1}{role=LEADER} - Appended Indexed{index=25, entry=CommandEntry{term=1, timestamp=2018-06-09 02:47:40,865, session=2, sequence=21, operation=PrimitiveOperation{id=DefaultOperationId{id=write, type=COMMAND}, value=byte[]{length=17, hash=-1644578928}}}}
02:47:40.866 [raft-server-1] TRACE i.a.p.raft.roles.LeaderAppender - RaftServer{1} - Sending AppendRequest{term=1, leader=1, prevLogIndex=24, prevLogTerm=1, entries=1, commitIndex=24} to 3
02:47:40.866 [raft-server-3] TRACE i.a.p.raft.roles.FollowerRole - RaftServer{3}{role=FOLLOWER} - Received AppendRequest{term=1, leader=1, prevLogIndex=24, prevLogTerm=1, entries=1, commitIndex=24}
02:47:40.866 [raft-server-3] TRACE i.a.p.raft.roles.FollowerRole - RaftServer{3}{role=FOLLOWER} - Appended Indexed{index=25, entry=CommandEntry{term=1, timestamp=2018-06-09 02:47:40,865, session=2, sequence=21, operation=PrimitiveOperation{id=DefaultOperationId{id=write, type=COMMAND}, value=byte[]{length=17, hash=-1644578928}}}}
02:47:40.905 [raft-server-2] TRACE i.a.p.raft.roles.FollowerRole - RaftServer{2}{role=FOLLOWER} - Committed entries up to index 24
02:47:40.905 [raft-server-2] TRACE i.a.p.raft.roles.FollowerRole - RaftServer{2}{role=FOLLOWER} - Sending AppendResponse{status=OK, term=1, succeeded=true, lastLogIndex=24}
02:47:40.905 [raft-server-1] TRACE i.a.p.raft.roles.LeaderAppender - RaftServer{1} - Received AppendResponse{status=OK, term=1, succeeded=true, lastLogIndex=24} from 2
02:47:40.905 [raft-server-2-state] TRACE i.a.p.raft.impl.RaftServiceManager - RaftServer{2} - Applying Indexed{index=24, entry=CommandEntry{term=1, timestamp=2018-06-09 02:47:40,782, session=2, sequence=20, operation=PrimitiveOperation{id=DefaultOperationId{id=write, type=COMMAND}, value=byte[]{length=17, hash=-1644578928}}}}
02:47:40.905 [raft-server-2-state] TRACE i.a.p.s.impl.DefaultServiceExecutor - PrimitiveService{2}{type=io.atomix.protocols.raft.RaftTest$TestPrimitiveType@8dc7f31, name=raft-test} - Executing DefaultCommit{index=24, session=RaftSession{RaftServiceContext{server=2, type=io.atomix.protocols.raft.RaftTest$TestPrimitiveType@8dc7f31, name=raft-test, id=2}, session=2, timestamp=2018-06-09 02:47:40,782}, time=2018-06-09 02:47:40,782, operation=DefaultOperationId{id=write, type=COMMAND}, value=byte[]{length=17, hash=-1644578928}}
02:47:40.905 [raft-server-1] TRACE i.a.p.raft.roles.LeaderAppender - RaftServer{1} - Sending AppendRequest{term=1, leader=1, prevLogIndex=24, prevLogTerm=1, entries=1, commitIndex=24} to 2
02:47:40.905 [raft-server-2] TRACE i.a.p.raft.roles.FollowerRole - RaftServer{2}{role=FOLLOWER} - Received AppendRequest{term=1, leader=1, prevLogIndex=24, prevLogTerm=1, entries=1, commitIndex=24}
02:47:40.906 [raft-server-2] TRACE i.a.p.raft.roles.FollowerRole - RaftServer{2}{role=FOLLOWER} - Appended Indexed{index=25, entry=CommandEntry{term=1, timestamp=2018-06-09 02:47:40,865, session=2, sequence=21, operation=PrimitiveOperation{id=DefaultOperationId{id=write, type=COMMAND}, value=byte[]{length=17, hash=-1644578928}}}}
02:47:40.906 [raft-server-2] TRACE i.a.p.raft.roles.FollowerRole - RaftServer{2}{role=FOLLOWER} - Sending AppendResponse{status=OK, term=1, succeeded=true, lastLogIndex=25}
02:47:40.906 [raft-server-1] TRACE i.a.p.raft.roles.LeaderAppender - RaftServer{1} - Received AppendResponse{status=OK, term=1, succeeded=true, lastLogIndex=25} from 2
02:47:40.906 [raft-server-1] TRACE i.a.p.raft.roles.LeaderAppender - RaftServer{1} - Committed entries up to 25
02:47:40.938 [raft-server-3] TRACE i.a.p.raft.roles.FollowerRole - RaftServer{3}{role=FOLLOWER} - Committed entries up to index 24
02:47:40.938 [raft-server-3] TRACE i.a.p.raft.roles.FollowerRole - RaftServer{3}{role=FOLLOWER} - Sending AppendResponse{status=OK, term=1, succeeded=true, lastLogIndex=25}
02:47:40.938 [raft-server-3-state] TRACE i.a.p.raft.impl.RaftServiceManager - RaftServer{3} - Applying Indexed{index=24, entry=CommandEntry{term=1, timestamp=2018-06-09 02:47:40,782, session=2, sequence=20, operation=PrimitiveOperation{id=DefaultOperationId{id=write, type=COMMAND}, value=byte[]{length=17, hash=-1644578928}}}}
02:47:40.938 [raft-server-3-state] TRACE i.a.p.s.impl.DefaultServiceExecutor - PrimitiveService{2}{type=io.atomix.protocols.raft.RaftTest$TestPrimitiveType@260d6206, name=raft-test} - Executing DefaultCommit{index=24, session=RaftSession{RaftServiceContext{server=3, type=io.atomix.protocols.raft.RaftTest$TestPrimitiveType@260d6206, name=raft-test, id=2}, session=2, timestamp=2018-06-09 02:47:40,782}, time=2018-06-09 02:47:40,782, operation=DefaultOperationId{id=write, type=COMMAND}, value=byte[]{length=17, hash=-1644578928}}
02:47:40.963 [raft-server-1] TRACE i.a.p.raft.roles.LeaderAppender - RaftServer{1} - Received AppendResponse{status=OK, term=1, succeeded=true, lastLogIndex=25} from 3
02:47:40.963 [raft-server-1-state] TRACE i.a.p.raft.impl.RaftServiceManager - RaftServer{1} - Applying Indexed{index=25, entry=CommandEntry{term=1, timestamp=2018-06-09 02:47:40,865, session=2, sequence=21, operation=PrimitiveOperation{id=DefaultOperationId{id=write, type=COMMAND}, value=byte[]{length=17, hash=-1644578928}}}}
02:47:40.963 [raft-server-1-state] TRACE i.a.p.s.impl.DefaultServiceExecutor - PrimitiveService{2}{type=io.atomix.protocols.raft.RaftTest$TestPrimitiveType@35843ad0, name=raft-test} - Executing DefaultCommit{index=25, session=RaftSession{RaftServiceContext{server=1, type=io.atomix.protocols.raft.RaftTest$TestPrimitiveType@35843ad0, name=raft-test, id=2}, session=2, timestamp=2018-06-09 02:47:40,865}, time=2018-06-09 02:47:40,865, operation=DefaultOperationId{id=write, type=COMMAND}, value=byte[]{length=17, hash=-1644578928}}
02:47:40.964 [raft-server-1-state] TRACE i.a.protocols.raft.roles.LeaderRole - RaftServer{1}{role=LEADER} - Sending CommandResponse{status=OK, index=25, eventIndex=2, result=byte[]{length=2, hash=1290}}
02:47:40.964 [raft-client-613ce1dd-77b1-4b52-a0bf-d277cef86e4f-2] TRACE i.a.p.r.p.impl.RaftProxyConnection - SessionClient{2}{type=io.atomix.protocols.raft.RaftTest$TestPrimitiveType@35bfa1bb, name=raft-test} - Received CommandResponse{status=OK, index=25, eventIndex=2, result=byte[]{length=2, hash=1290}} from 1
02:47:40.964 [raft-client-613ce1dd-77b1-4b52-a0bf-d277cef86e4f-2] TRACE i.a.p.r.p.impl.RaftProxySequencer - SessionClient{2}{type=io.atomix.protocols.raft.RaftTest$TestPrimitiveType@35bfa1bb, name=raft-test} - Completing response CommandResponse{status=OK, index=25, eventIndex=2, result=byte[]{length=2, hash=1290}}
02:47:40.964 [raft-client-613ce1dd-77b1-4b52-a0bf-d277cef86e4f-2] TRACE i.a.p.r.p.impl.RaftProxyConnection - SessionClient{2}{type=io.atomix.protocols.raft.RaftTest$TestPrimitiveType@35bfa1bb, name=raft-test} - Sending CommandRequest{session=2, sequence=22, operation=PrimitiveOperation{id=DefaultOperationId{id=write, type=COMMAND}, value=byte[]{length=17, hash=-1644578928}}} to 1
02:47:40.965 [raft-server-1] TRACE i.a.protocols.raft.roles.LeaderRole - RaftServer{1}{role=LEADER} - Received CommandRequest{session=2, sequence=22, operation=PrimitiveOperation{id=DefaultOperationId{id=write, type=COMMAND}, value=byte[]{length=17, hash=-1644578928}}}
02:47:40.965 [raft-server-1] TRACE i.a.protocols.raft.roles.LeaderRole - RaftServer{1}{role=LEADER} - Appended Indexed{index=26, entry=CommandEntry{term=1, timestamp=2018-06-09 02:47:40,965, session=2, sequence=22, operation=PrimitiveOperation{id=DefaultOperationId{id=write, type=COMMAND}, value=byte[]{length=17, hash=-1644578928}}}}
02:47:40.965 [raft-server-1] TRACE i.a.p.raft.roles.LeaderAppender - RaftServer{1} - Sending AppendRequest{term=1, leader=1, prevLogIndex=25, prevLogTerm=1, entries=1, commitIndex=25} to 3
02:47:40.965 [raft-server-3] TRACE i.a.p.raft.roles.FollowerRole - RaftServer{3}{role=FOLLOWER} - Received AppendRequest{term=1, leader=1, prevLogIndex=25, prevLogTerm=1, entries=1, commitIndex=25}
02:47:40.965 [raft-server-1] TRACE i.a.p.raft.roles.LeaderAppender - RaftServer{1} - Sending AppendRequest{term=1, leader=1, prevLogIndex=25, prevLogTerm=1, entries=1, commitIndex=25} to 2
02:47:40.966 [raft-server-3] TRACE i.a.p.raft.roles.FollowerRole - RaftServer{3}{role=FOLLOWER} - Appended Indexed{index=26, entry=CommandEntry{term=1, timestamp=2018-06-09 02:47:40,965, session=2, sequence=22, operation=PrimitiveOperation{id=DefaultOperationId{id=write, type=COMMAND}, value=byte[]{length=17, hash=-1644578928}}}}
02:47:40.966 [raft-server-2] TRACE i.a.p.raft.roles.FollowerRole - RaftServer{2}{role=FOLLOWER} - Received AppendRequest{term=1, leader=1, prevLogIndex=25, prevLogTerm=1, entries=1, commitIndex=25}
02:47:40.966 [raft-server-2] TRACE i.a.p.raft.roles.FollowerRole - RaftServer{2}{role=FOLLOWER} - Appended Indexed{index=26, entry=CommandEntry{term=1, timestamp=2018-06-09 02:47:40,965, session=2, sequence=22, operation=PrimitiveOperation{id=DefaultOperationId{id=write, type=COMMAND}, value=byte[]{length=17, hash=-1644578928}}}}
02:47:40.996 [raft-server-3] TRACE i.a.p.raft.roles.FollowerRole - RaftServer{3}{role=FOLLOWER} - Committed entries up to index 25
02:47:40.996 [raft-server-3] TRACE i.a.p.raft.roles.FollowerRole - RaftServer{3}{role=FOLLOWER} - Sending AppendResponse{status=OK, term=1, succeeded=true, lastLogIndex=26}
02:47:40.996 [raft-server-1] TRACE i.a.p.raft.roles.LeaderAppender - RaftServer{1} - Received AppendResponse{status=OK, term=1, succeeded=true, lastLogIndex=26} from 3
02:47:40.996 [raft-server-1] TRACE i.a.p.raft.roles.LeaderAppender - RaftServer{1} - Committed entries up to 26
02:47:40.996 [raft-server-3-state] TRACE i.a.p.raft.impl.RaftServiceManager - RaftServer{3} - Applying Indexed{index=25, entry=CommandEntry{term=1, timestamp=2018-06-09 02:47:40,865, session=2, sequence=21, operation=PrimitiveOperation{id=DefaultOperationId{id=write, type=COMMAND}, value=byte[]{length=17, hash=-1644578928}}}}
02:47:40.997 [raft-server-3-state] TRACE i.a.p.s.impl.DefaultServiceExecutor - PrimitiveService{2}{type=io.atomix.protocols.raft.RaftTest$TestPrimitiveType@260d6206, name=raft-test} - Executing DefaultCommit{index=25, session=RaftSession{RaftServiceContext{server=3, type=io.atomix.protocols.raft.RaftTest$TestPrimitiveType@260d6206, name=raft-test, id=2}, session=2, timestamp=2018-06-09 02:47:40,865}, time=2018-06-09 02:47:40,865, operation=DefaultOperationId{id=write, type=COMMAND}, value=byte[]{length=17, hash=-1644578928}}
02:47:41.030 [raft-server-2] TRACE i.a.p.raft.roles.FollowerRole - RaftServer{2}{role=FOLLOWER} - Committed entries up to index 25
02:47:41.030 [raft-server-2] TRACE i.a.p.raft.roles.FollowerRole - RaftServer{2}{role=FOLLOWER} - Sending AppendResponse{status=OK, term=1, succeeded=true, lastLogIndex=26}
02:47:41.030 [raft-server-2-state] TRACE i.a.p.raft.impl.RaftServiceManager - RaftServer{2} - Applying Indexed{index=25, entry=CommandEntry{term=1, timestamp=2018-06-09 02:47:40,865, session=2, sequence=21, operation=PrimitiveOperation{id=DefaultOperationId{id=write, type=COMMAND}, value=byte[]{length=17, hash=-1644578928}}}}
02:47:41.030 [raft-server-2-state] TRACE i.a.p.s.impl.DefaultServiceExecutor - PrimitiveService{2}{type=io.atomix.protocols.raft.RaftTest$TestPrimitiveType@8dc7f31, name=raft-test} - Executing DefaultCommit{index=25, session=RaftSession{RaftServiceContext{server=2, type=io.atomix.protocols.raft.RaftTest$TestPrimitiveType@8dc7f31, name=raft-test, id=2}, session=2, timestamp=2018-06-09 02:47:40,865}, time=2018-06-09 02:47:40,865, operation=DefaultOperationId{id=write, type=COMMAND}, value=byte[]{length=17, hash=-1644578928}}
02:47:41.060 [raft-server-1] TRACE i.a.p.raft.roles.LeaderAppender - RaftServer{1} - Sending AppendRequest{term=1, leader=1, prevLogIndex=26, prevLogTerm=1, entries=0, commitIndex=26} to 3
02:47:41.060 [raft-server-3] TRACE i.a.p.raft.roles.FollowerRole - RaftServer{3}{role=FOLLOWER} - Received AppendRequest{term=1, leader=1, prevLogIndex=26, prevLogTerm=1, entries=0, commitIndex=26}
02:47:41.060 [raft-server-1] TRACE i.a.p.raft.roles.LeaderAppender - RaftServer{1} - Received AppendResponse{status=OK, term=1, succeeded=true, lastLogIndex=26} from 2
02:47:41.061 [raft-server-1] TRACE i.a.p.raft.roles.LeaderAppender - RaftServer{1} - Sending AppendRequest{term=1, leader=1, prevLogIndex=26, prevLogTerm=1, entries=0, commitIndex=26} to 2
02:47:41.061 [raft-server-2] TRACE i.a.p.raft.roles.FollowerRole - RaftServer{2}{role=FOLLOWER} - Received AppendRequest{term=1, leader=1, prevLogIndex=26, prevLogTerm=1, entries=0, commitIndex=26}
02:47:41.061 [raft-server-1-state] TRACE i.a.p.raft.impl.RaftServiceManager - RaftServer{1} - Applying Indexed{index=26, entry=CommandEntry{term=1, timestamp=2018-06-09 02:47:40,965, session=2, sequence=22, operation=PrimitiveOperation{id=DefaultOperationId{id=write, type=COMMAND}, value=byte[]{length=17, hash=-1644578928}}}}
02:47:41.061 [raft-server-1-state] TRACE i.a.p.s.impl.DefaultServiceExecutor - PrimitiveService{2}{type=io.atomix.protocols.raft.RaftTest$TestPrimitiveType@35843ad0, name=raft-test} - Executing DefaultCommit{index=26, session=RaftSession{RaftServiceContext{server=1, type=io.atomix.protocols.raft.RaftTest$TestPrimitiveType@35843ad0, name=raft-test, id=2}, session=2, timestamp=2018-06-09 02:47:40,965}, time=2018-06-09 02:47:40,965, operation=DefaultOperationId{id=write, type=COMMAND}, value=byte[]{length=17, hash=-1644578928}}
02:47:41.061 [raft-server-1-state] TRACE i.a.protocols.raft.roles.LeaderRole - RaftServer{1}{role=LEADER} - Sending CommandResponse{status=OK, index=26, eventIndex=2, result=byte[]{length=2, hash=1292}}
02:47:41.061 [raft-client-613ce1dd-77b1-4b52-a0bf-d277cef86e4f-7] TRACE i.a.p.r.p.impl.RaftProxyConnection - SessionClient{2}{type=io.atomix.protocols.raft.RaftTest$TestPrimitiveType@35bfa1bb, name=raft-test} - Received CommandResponse{status=OK, index=26, eventIndex=2, result=byte[]{length=2, hash=1292}} from 1
02:47:41.061 [raft-client-613ce1dd-77b1-4b52-a0bf-d277cef86e4f-7] TRACE i.a.p.r.p.impl.RaftProxySequencer - SessionClient{2}{type=io.atomix.protocols.raft.RaftTest$TestPrimitiveType@35bfa1bb, name=raft-test} - Completing response CommandResponse{status=OK, index=26, eventIndex=2, result=byte[]{length=2, hash=1292}}
02:47:41.062 [raft-client-613ce1dd-77b1-4b52-a0bf-d277cef86e4f-1] TRACE i.a.p.r.p.impl.RaftProxyConnection - SessionClient{2}{type=io.atomix.protocols.raft.RaftTest$TestPrimitiveType@35bfa1bb, name=raft-test} - Sending CommandRequest{session=2, sequence=23, operation=PrimitiveOperation{id=DefaultOperationId{id=write, type=COMMAND}, value=byte[]{length=17, hash=-1644578928}}} to 1
02:47:41.062 [raft-server-1] TRACE i.a.protocols.raft.roles.LeaderRole - RaftServer{1}{role=LEADER} - Received CommandRequest{session=2, sequence=23, operation=PrimitiveOperation{id=DefaultOperationId{id=write, type=COMMAND}, value=byte[]{length=17, hash=-1644578928}}}
02:47:41.062 [raft-server-1] TRACE i.a.protocols.raft.roles.LeaderRole - RaftServer{1}{role=LEADER} - Appended Indexed{index=27, entry=CommandEntry{term=1, timestamp=2018-06-09 02:47:41,062, session=2, sequence=23, operation=PrimitiveOperation{id=DefaultOperationId{id=write, type=COMMAND}, value=byte[]{length=17, hash=-1644578928}}}}
02:47:41.085 [raft-server-3] TRACE i.a.p.raft.roles.FollowerRole - RaftServer{3}{role=FOLLOWER} - Committed entries up to index 26
02:47:41.085 [raft-server-3] TRACE i.a.p.raft.roles.FollowerRole - RaftServer{3}{role=FOLLOWER} - Sending AppendResponse{status=OK, term=1, succeeded=true, lastLogIndex=26}
02:47:41.085 [raft-server-1] TRACE i.a.p.raft.roles.LeaderAppender - RaftServer{1} - Received AppendResponse{status=OK, term=1, succeeded=true, lastLogIndex=26} from 3
02:47:41.085 [raft-server-1] TRACE i.a.p.raft.roles.LeaderAppender - RaftServer{1} - Sending AppendRequest{term=1, leader=1, prevLogIndex=26, prevLogTerm=1, entries=1, commitIndex=26} to 3
02:47:41.085 [raft-server-3-state] TRACE i.a.p.raft.impl.RaftServiceManager - RaftServer{3} - Applying Indexed{index=26, entry=CommandEntry{term=1, timestamp=2018-06-09 02:47:40,965, session=2, sequence=22, operation=PrimitiveOperation{id=DefaultOperationId{id=write, type=COMMAND}, value=byte[]{length=17, hash=-1644578928}}}}
02:47:41.086 [raft-server-3] TRACE i.a.p.raft.roles.FollowerRole - RaftServer{3}{role=FOLLOWER} - Received AppendRequest{term=1, leader=1, prevLogIndex=26, prevLogTerm=1, entries=1, commitIndex=26}
02:47:41.086 [raft-server-3-state] TRACE i.a.p.s.impl.DefaultServiceExecutor - PrimitiveService{2}{type=io.atomix.protocols.raft.RaftTest$TestPrimitiveType@260d6206, name=raft-test} - Executing DefaultCommit{index=26, session=RaftSession{RaftServiceContext{server=3, type=io.atomix.protocols.raft.RaftTest$TestPrimitiveType@260d6206, name=raft-test, id=2}, session=2, timestamp=2018-06-09 02:47:40,965}, time=2018-06-09 02:47:40,965, operation=DefaultOperationId{id=write, type=COMMAND}, value=byte[]{length=17, hash=-1644578928}}
02:47:41.086 [raft-server-3] TRACE i.a.p.raft.roles.FollowerRole - RaftServer{3}{role=FOLLOWER} - Appended Indexed{index=27, entry=CommandEntry{term=1, timestamp=2018-06-09 02:47:41,062, session=2, sequence=23, operation=PrimitiveOperation{id=DefaultOperationId{id=write, type=COMMAND}, value=byte[]{length=17, hash=-1644578928}}}}
02:47:41.086 [raft-server-3] TRACE i.a.p.raft.roles.FollowerRole - RaftServer{3}{role=FOLLOWER} - Sending AppendResponse{status=OK, term=1, succeeded=true, lastLogIndex=27}
02:47:41.086 [raft-server-1] TRACE i.a.p.raft.roles.LeaderAppender - RaftServer{1} - Received AppendResponse{status=OK, term=1, succeeded=true, lastLogIndex=27} from 3
02:47:41.086 [raft-server-1] TRACE i.a.p.raft.roles.LeaderAppender - RaftServer{1} - Committed entries up to 27
02:47:41.118 [raft-server-2] TRACE i.a.p.raft.roles.FollowerRole - RaftServer{2}{role=FOLLOWER} - Committed entries up to index 26
02:47:41.118 [raft-server-2] TRACE i.a.p.raft.roles.FollowerRole - RaftServer{2}{role=FOLLOWER} - Sending AppendResponse{status=OK, term=1, succeeded=true, lastLogIndex=26}
02:47:41.119 [raft-server-2-state] TRACE i.a.p.raft.impl.RaftServiceManager - RaftServer{2} - Applying Indexed{index=26, entry=CommandEntry{term=1, timestamp=2018-06-09 02:47:40,965, session=2, sequence=22, operation=PrimitiveOperation{id=DefaultOperationId{id=write, type=COMMAND}, value=byte[]{length=17, hash=-1644578928}}}}
02:47:41.119 [raft-server-2-state] TRACE i.a.p.s.impl.DefaultServiceExecutor - PrimitiveService{2}{type=io.atomix.protocols.raft.RaftTest$TestPrimitiveType@8dc7f31, name=raft-test} - Executing DefaultCommit{index=26, session=RaftSession{RaftServiceContext{server=2, type=io.atomix.protocols.raft.RaftTest$TestPrimitiveType@8dc7f31, name=raft-test, id=2}, session=2, timestamp=2018-06-09 02:47:40,965}, time=2018-06-09 02:47:40,965, operation=DefaultOperationId{id=write, type=COMMAND}, value=byte[]{length=17, hash=-1644578928}}
02:47:41.143 [raft-server-1] TRACE i.a.p.raft.roles.LeaderAppender - RaftServer{1} - Received AppendResponse{status=OK, term=1, succeeded=true, lastLogIndex=26} from 2
02:47:41.144 [raft-server-1] TRACE i.a.p.raft.roles.LeaderAppender - RaftServer{1} - Sending AppendRequest{term=1, leader=1, prevLogIndex=26, prevLogTerm=1, entries=1, commitIndex=27} to 2
02:47:41.144 [raft-server-2] TRACE i.a.p.raft.roles.FollowerRole - RaftServer{2}{role=FOLLOWER} - Received AppendRequest{term=1, leader=1, prevLogIndex=26, prevLogTerm=1, entries=1, commitIndex=27}
02:47:41.144 [raft-server-1-state] TRACE i.a.p.raft.impl.RaftServiceManager - RaftServer{1} - Applying Indexed{index=27, entry=CommandEntry{term=1, timestamp=2018-06-09 02:47:41,062, session=2, sequence=23, operation=PrimitiveOperation{id=DefaultOperationId{id=write, type=COMMAND}, value=byte[]{length=17, hash=-1644578928}}}}
02:47:41.144 [raft-server-1-state] TRACE i.a.p.s.impl.DefaultServiceExecutor - PrimitiveService{2}{type=io.atomix.protocols.raft.RaftTest$TestPrimitiveType@35843ad0, name=raft-test} - Executing DefaultCommit{index=27, session=RaftSession{RaftServiceContext{server=1, type=io.atomix.protocols.raft.RaftTest$TestPrimitiveType@35843ad0, name=raft-test, id=2}, session=2, timestamp=2018-06-09 02:47:41,062}, time=2018-06-09 02:47:41,062, operation=DefaultOperationId{id=write, type=COMMAND}, value=byte[]{length=17, hash=-1644578928}}
02:47:41.144 [raft-server-2] TRACE i.a.p.raft.roles.FollowerRole - RaftServer{2}{role=FOLLOWER} - Appended Indexed{index=27, entry=CommandEntry{term=1, timestamp=2018-06-09 02:47:41,062, session=2, sequence=23, operation=PrimitiveOperation{id=DefaultOperationId{id=write, type=COMMAND}, value=byte[]{length=17, hash=-1644578928}}}}
02:47:41.144 [raft-server-1-state] TRACE i.a.protocols.raft.roles.LeaderRole - RaftServer{1}{role=LEADER} - Sending CommandResponse{status=OK, index=27, eventIndex=2, result=byte[]{length=2, hash=1294}}
02:47:41.144 [raft-client-613ce1dd-77b1-4b52-a0bf-d277cef86e4f-4] TRACE i.a.p.r.p.impl.RaftProxyConnection - SessionClient{2}{type=io.atomix.protocols.raft.RaftTest$TestPrimitiveType@35bfa1bb, name=raft-test} - Received CommandResponse{status=OK, index=27, eventIndex=2, result=byte[]{length=2, hash=1294}} from 1
02:47:41.144 [raft-client-613ce1dd-77b1-4b52-a0bf-d277cef86e4f-4] TRACE i.a.p.r.p.impl.RaftProxySequencer - SessionClient{2}{type=io.atomix.protocols.raft.RaftTest$TestPrimitiveType@35bfa1bb, name=raft-test} - Completing response CommandResponse{status=OK, index=27, eventIndex=2, result=byte[]{length=2, hash=1294}}
02:47:41.145 [raft-client-613ce1dd-77b1-4b52-a0bf-d277cef86e4f-4] TRACE i.a.p.r.p.impl.RaftProxyConnection - SessionClient{2}{type=io.atomix.protocols.raft.RaftTest$TestPrimitiveType@35bfa1bb, name=raft-test} - Sending CommandRequest{session=2, sequence=24, operation=PrimitiveOperation{id=DefaultOperationId{id=write, type=COMMAND}, value=byte[]{length=17, hash=-1644578928}}} to 1
02:47:41.145 [raft-server-1] TRACE i.a.protocols.raft.roles.LeaderRole - RaftServer{1}{role=LEADER} - Received CommandRequest{session=2, sequence=24, operation=PrimitiveOperation{id=DefaultOperationId{id=write, type=COMMAND}, value=byte[]{length=17, hash=-1644578928}}}
02:47:41.145 [raft-server-1] TRACE i.a.protocols.raft.roles.LeaderRole - RaftServer{1}{role=LEADER} - Appended Indexed{index=28, entry=CommandEntry{term=1, timestamp=2018-06-09 02:47:41,145, session=2, sequence=24, operation=PrimitiveOperation{id=DefaultOperationId{id=write, type=COMMAND}, value=byte[]{length=17, hash=-1644578928}}}}
02:47:41.145 [raft-server-1] TRACE i.a.p.raft.roles.LeaderAppender - RaftServer{1} - Sending AppendRequest{term=1, leader=1, prevLogIndex=27, prevLogTerm=1, entries=1, commitIndex=27} to 3
02:47:41.145 [raft-server-3] TRACE i.a.p.raft.roles.FollowerRole - RaftServer{3}{role=FOLLOWER} - Received AppendRequest{term=1, leader=1, prevLogIndex=27, prevLogTerm=1, entries=1, commitIndex=27}
02:47:41.146 [raft-server-3] TRACE i.a.p.raft.roles.FollowerRole - RaftServer{3}{role=FOLLOWER} - Appended Indexed{index=28, entry=CommandEntry{term=1, timestamp=2018-06-09 02:47:41,145, session=2, sequence=24, operation=PrimitiveOperation{id=DefaultOperationId{id=write, type=COMMAND}, value=byte[]{length=17, hash=-1644578928}}}}
02:47:41.185 [raft-server-2] TRACE i.a.p.raft.roles.FollowerRole - RaftServer{2}{role=FOLLOWER} - Committed entries up to index 27
02:47:41.185 [raft-server-2] TRACE i.a.p.raft.roles.FollowerRole - RaftServer{2}{role=FOLLOWER} - Sending AppendResponse{status=OK, term=1, succeeded=true, lastLogIndex=27}
02:47:41.185 [raft-server-1] TRACE i.a.p.raft.roles.LeaderAppender - RaftServer{1} - Received AppendResponse{status=OK, term=1, succeeded=true, lastLogIndex=27} from 2
02:47:41.185 [raft-server-2-state] TRACE i.a.p.raft.impl.RaftServiceManager - RaftServer{2} - Applying Indexed{index=27, entry=CommandEntry{term=1, timestamp=2018-06-09 02:47:41,062, session=2, sequence=23, operation=PrimitiveOperation{id=DefaultOperationId{id=write, type=COMMAND}, value=byte[]{length=17, hash=-1644578928}}}}
02:47:41.185 [raft-server-1] TRACE i.a.p.raft.roles.LeaderAppender - RaftServer{1} - Sending AppendRequest{term=1, leader=1, prevLogIndex=27, prevLogTerm=1, entries=1, commitIndex=27} to 2
02:47:41.185 [raft-server-2-state] TRACE i.a.p.s.impl.DefaultServiceExecutor - PrimitiveService{2}{type=io.atomix.protocols.raft.RaftTest$TestPrimitiveType@8dc7f31, name=raft-test} - Executing DefaultCommit{index=27, session=RaftSession{RaftServiceContext{server=2, type=io.atomix.protocols.raft.RaftTest$TestPrimitiveType@8dc7f31, name=raft-test, id=2}, session=2, timestamp=2018-06-09 02:47:41,062}, time=2018-06-09 02:47:41,062, operation=DefaultOperationId{id=write, type=COMMAND}, value=byte[]{length=17, hash=-1644578928}}
02:47:41.186 [raft-server-2] TRACE i.a.p.raft.roles.FollowerRole - RaftServer{2}{role=FOLLOWER} - Received AppendRequest{term=1, leader=1, prevLogIndex=27, prevLogTerm=1, entries=1, commitIndex=27}
02:47:41.186 [raft-server-2] TRACE i.a.p.raft.roles.FollowerRole - RaftServer{2}{role=FOLLOWER} - Appended Indexed{index=28, entry=CommandEntry{term=1, timestamp=2018-06-09 02:47:41,145, session=2, sequence=24, operation=PrimitiveOperation{id=DefaultOperationId{id=write, type=COMMAND}, value=byte[]{length=17, hash=-1644578928}}}}
02:47:41.186 [raft-server-2] TRACE i.a.p.raft.roles.FollowerRole - RaftServer{2}{role=FOLLOWER} - Sending AppendResponse{status=OK, term=1, succeeded=true, lastLogIndex=28}
02:47:41.186 [raft-server-1] TRACE i.a.p.raft.roles.LeaderAppender - RaftServer{1} - Received AppendResponse{status=OK, term=1, succeeded=true, lastLogIndex=28} from 2
02:47:41.186 [raft-server-1] TRACE i.a.p.raft.roles.LeaderAppender - RaftServer{1} - Committed entries up to 28
02:47:41.221 [raft-server-3] TRACE i.a.p.raft.roles.FollowerRole - RaftServer{3}{role=FOLLOWER} - Committed entries up to index 27
02:47:41.221 [raft-server-3] TRACE i.a.p.raft.roles.FollowerRole - RaftServer{3}{role=FOLLOWER} - Sending AppendResponse{status=OK, term=1, succeeded=true, lastLogIndex=28}
02:47:41.221 [raft-server-3-state] TRACE i.a.p.raft.impl.RaftServiceManager - RaftServer{3} - Applying Indexed{index=27, entry=CommandEntry{term=1, timestamp=2018-06-09 02:47:41,062, session=2, sequence=23, operation=PrimitiveOperation{id=DefaultOperationId{id=write, type=COMMAND}, value=byte[]{length=17, hash=-1644578928}}}}
02:47:41.222 [raft-server-3-state] TRACE i.a.p.s.impl.DefaultServiceExecutor - PrimitiveService{2}{type=io.atomix.protocols.raft.RaftTest$TestPrimitiveType@260d6206, name=raft-test} - Executing DefaultCommit{index=27, session=RaftSession{RaftServiceContext{server=3, type=io.atomix.protocols.raft.RaftTest$TestPrimitiveType@260d6206, name=raft-test, id=2}, session=2, timestamp=2018-06-09 02:47:41,062}, time=2018-06-09 02:47:41,062, operation=DefaultOperationId{id=write, type=COMMAND}, value=byte[]{length=17, hash=-1644578928}}
02:47:41.234 [raft-client-613ce1dd-77b1-4b52-a0bf-d277cef86e4f-4] TRACE i.a.p.r.proxy.impl.RaftProxyManager - RaftClient{613ce1dd-77b1-4b52-a0bf-d277cef86e4f} - Keeping 1 sessions alive
02:47:41.234 [raft-client-613ce1dd-77b1-4b52-a0bf-d277cef86e4f-4] TRACE i.a.p.r.p.impl.RaftProxyConnection - RaftClient{613ce1dd-77b1-4b52-a0bf-d277cef86e4f} - Sending KeepAliveRequest{sessionIds=long[]{length=1, hash=33}, commandSequences=long[]{length=1, hash=54}, eventIndexes=long[]{length=1, hash=33}} to 3
02:47:41.234 [raft-server-3] TRACE i.a.p.raft.roles.FollowerRole - RaftServer{3}{role=FOLLOWER} - Received KeepAliveRequest{sessionIds=long[]{length=1, hash=33}, commandSequences=long[]{length=1, hash=54}, eventIndexes=long[]{length=1, hash=33}}
02:47:41.246 [raft-server-1] TRACE i.a.p.raft.roles.LeaderAppender - RaftServer{1} - Received AppendResponse{status=OK, term=1, succeeded=true, lastLogIndex=28} from 3
02:47:41.246 [raft-server-1] TRACE i.a.p.raft.roles.LeaderAppender - RaftServer{1} - Sending AppendRequest{term=1, leader=1, prevLogIndex=28, prevLogTerm=1, entries=0, commitIndex=28} to 3
02:47:41.247 [raft-server-1] TRACE i.a.p.raft.roles.LeaderAppender - RaftServer{1} - Sending AppendRequest{term=1, leader=1, prevLogIndex=28, prevLogTerm=1, entries=0, commitIndex=28} to 2
02:47:41.247 [raft-server-3] TRACE i.a.p.raft.roles.FollowerRole - RaftServer{3}{role=FOLLOWER} - Received AppendRequest{term=1, leader=1, prevLogIndex=28, prevLogTerm=1, entries=0, commitIndex=28}
02:47:41.247 [raft-server-1] TRACE i.a.protocols.raft.roles.LeaderRole - RaftServer{1}{role=LEADER} - Received KeepAliveRequest{sessionIds=long[]{length=1, hash=33}, commandSequences=long[]{length=1, hash=54}, eventIndexes=long[]{length=1, hash=33}}
02:47:41.247 [raft-server-2] TRACE i.a.p.raft.roles.FollowerRole - RaftServer{2}{role=FOLLOWER} - Received AppendRequest{term=1, leader=1, prevLogIndex=28, prevLogTerm=1, entries=0, commitIndex=28}
02:47:41.247 [raft-server-1] TRACE i.a.protocols.raft.roles.LeaderRole - RaftServer{1}{role=LEADER} - Appended Indexed{index=29, entry=KeepAliveEntry{term=1, timestamp=2018-06-09 02:47:41,247, sessionIds=long[]{length=1, hash=33}, commandSequences=long[]{length=1, hash=54}, eventIndexes=long[]{length=1, hash=33}}}
02:47:41.247 [raft-server-1-state] TRACE i.a.p.raft.impl.RaftServiceManager - RaftServer{1} - Applying Indexed{index=28, entry=CommandEntry{term=1, timestamp=2018-06-09 02:47:41,145, session=2, sequence=24, operation=PrimitiveOperation{id=DefaultOperationId{id=write, type=COMMAND}, value=byte[]{length=17, hash=-1644578928}}}}
02:47:41.248 [raft-server-1-state] TRACE i.a.p.s.impl.DefaultServiceExecutor - PrimitiveService{2}{type=io.atomix.protocols.raft.RaftTest$TestPrimitiveType@35843ad0, name=raft-test} - Executing DefaultCommit{index=28, session=RaftSession{RaftServiceContext{server=1, type=io.atomix.protocols.raft.RaftTest$TestPrimitiveType@35843ad0, name=raft-test, id=2}, session=2, timestamp=2018-06-09 02:47:41,145}, time=2018-06-09 02:47:41,145, operation=DefaultOperationId{id=write, type=COMMAND}, value=byte[]{length=17, hash=-1644578928}}
02:47:41.248 [raft-server-1-state] TRACE i.a.protocols.raft.roles.LeaderRole - RaftServer{1}{role=LEADER} - Sending CommandResponse{status=OK, index=28, eventIndex=2, result=byte[]{length=2, hash=1296}}
02:47:41.248 [raft-client-613ce1dd-77b1-4b52-a0bf-d277cef86e4f-3] TRACE i.a.p.r.p.impl.RaftProxyConnection - SessionClient{2}{type=io.atomix.protocols.raft.RaftTest$TestPrimitiveType@35bfa1bb, name=raft-test} - Received CommandResponse{status=OK, index=28, eventIndex=2, result=byte[]{length=2, hash=1296}} from 1
02:47:41.248 [raft-client-613ce1dd-77b1-4b52-a0bf-d277cef86e4f-3] TRACE i.a.p.r.p.impl.RaftProxySequencer - SessionClient{2}{type=io.atomix.protocols.raft.RaftTest$TestPrimitiveType@35bfa1bb, name=raft-test} - Completing response CommandResponse{status=OK, index=28, eventIndex=2, result=byte[]{length=2, hash=1296}}
02:47:41.248 [raft-client-613ce1dd-77b1-4b52-a0bf-d277cef86e4f-5] TRACE i.a.p.r.p.impl.RaftProxyConnection - SessionClient{2}{type=io.atomix.protocols.raft.RaftTest$TestPrimitiveType@35bfa1bb, name=raft-test} - Sending CommandRequest{session=2, sequence=25, operation=PrimitiveOperation{id=DefaultOperationId{id=write, type=COMMAND}, value=byte[]{length=17, hash=-1644578928}}} to 1
02:47:41.248 [raft-server-1] TRACE i.a.protocols.raft.roles.LeaderRole - RaftServer{1}{role=LEADER} - Received CommandRequest{session=2, sequence=25, operation=PrimitiveOperation{id=DefaultOperationId{id=write, type=COMMAND}, value=byte[]{length=17, hash=-1644578928}}}
02:47:41.248 [raft-server-1] TRACE i.a.protocols.raft.roles.LeaderRole - RaftServer{1}{role=LEADER} - Appended Indexed{index=30, entry=CommandEntry{term=1, timestamp=2018-06-09 02:47:41,248, session=2, sequence=25, operation=PrimitiveOperation{id=DefaultOperationId{id=write, type=COMMAND}, value=byte[]{length=17, hash=-1644578928}}}}
02:47:41.291 [raft-server-3] TRACE i.a.p.raft.roles.FollowerRole - RaftServer{3}{role=FOLLOWER} - Committed entries up to index 28
02:47:41.291 [raft-server-3] TRACE i.a.p.raft.roles.FollowerRole - RaftServer{3}{role=FOLLOWER} - Sending AppendResponse{status=OK, term=1, succeeded=true, lastLogIndex=28}
02:47:41.291 [raft-server-1] TRACE i.a.p.raft.roles.LeaderAppender - RaftServer{1} - Received AppendResponse{status=OK, term=1, succeeded=true, lastLogIndex=28} from 3
02:47:41.291 [raft-server-3-state] TRACE i.a.p.raft.impl.RaftServiceManager - RaftServer{3} - Applying Indexed{index=28, entry=CommandEntry{term=1, timestamp=2018-06-09 02:47:41,145, session=2, sequence=24, operation=PrimitiveOperation{id=DefaultOperationId{id=write, type=COMMAND}, value=byte[]{length=17, hash=-1644578928}}}}
02:47:41.291 [raft-server-1] TRACE i.a.p.raft.roles.LeaderAppender - RaftServer{1} - Sending AppendRequest{term=1, leader=1, prevLogIndex=28, prevLogTerm=1, entries=2, commitIndex=28} to 3
02:47:41.291 [raft-server-3-state] TRACE i.a.p.s.impl.DefaultServiceExecutor - PrimitiveService{2}{type=io.atomix.protocols.raft.RaftTest$TestPrimitiveType@260d6206, name=raft-test} - Executing DefaultCommit{index=28, session=RaftSession{RaftServiceContext{server=3, type=io.atomix.protocols.raft.RaftTest$TestPrimitiveType@260d6206, name=raft-test, id=2}, session=2, timestamp=2018-06-09 02:47:41,145}, time=2018-06-09 02:47:41,145, operation=DefaultOperationId{id=write, type=COMMAND}, value=byte[]{length=17, hash=-1644578928}}
02:47:41.292 [raft-server-3] TRACE i.a.p.raft.roles.FollowerRole - RaftServer{3}{role=FOLLOWER} - Received AppendRequest{term=1, leader=1, prevLogIndex=28, prevLogTerm=1, entries=2, commitIndex=28}
02:47:41.292 [raft-server-1] TRACE i.a.p.raft.roles.LeaderAppender - RaftServer{1} - Sending AppendRequest{term=1, leader=1, prevLogIndex=28, prevLogTerm=1, entries=2, commitIndex=28} to 2
02:47:41.292 [raft-server-3] TRACE i.a.p.raft.roles.FollowerRole - RaftServer{3}{role=FOLLOWER} - Appended Indexed{index=29, entry=KeepAliveEntry{term=1, timestamp=2018-06-09 02:47:41,247, sessionIds=long[]{length=1, hash=33}, commandSequences=long[]{length=1, hash=54}, eventIndexes=long[]{length=1, hash=33}}}
02:47:41.292 [raft-server-3] TRACE i.a.p.raft.roles.FollowerRole - RaftServer{3}{role=FOLLOWER} - Appended Indexed{index=30, entry=CommandEntry{term=1, timestamp=2018-06-09 02:47:41,248, session=2, sequence=25, operation=PrimitiveOperation{id=DefaultOperationId{id=write, type=COMMAND}, value=byte[]{length=17, hash=-1644578928}}}}
02:47:41.292 [raft-server-3] TRACE i.a.p.raft.roles.FollowerRole - RaftServer{3}{role=FOLLOWER} - Sending AppendResponse{status=OK, term=1, succeeded=true, lastLogIndex=30}
02:47:41.292 [raft-server-1] TRACE i.a.p.raft.roles.LeaderAppender - RaftServer{1} - Received AppendResponse{status=OK, term=1, succeeded=true, lastLogIndex=30} from 3
02:47:41.292 [raft-server-1] TRACE i.a.p.raft.roles.LeaderAppender - RaftServer{1} - Committed entries up to 30
02:47:41.363 [raft-server-2] TRACE i.a.p.raft.roles.FollowerRole - RaftServer{2}{role=FOLLOWER} - Committed entries up to index 28
02:47:41.363 [raft-server-2] TRACE i.a.p.raft.roles.FollowerRole - RaftServer{2}{role=FOLLOWER} - Sending AppendResponse{status=OK, term=1, succeeded=true, lastLogIndex=28}
02:47:41.363 [raft-server-2] TRACE i.a.p.raft.roles.FollowerRole - RaftServer{2}{role=FOLLOWER} - Received AppendRequest{term=1, leader=1, prevLogIndex=28, prevLogTerm=1, entries=2, commitIndex=28}
02:47:41.363 [raft-server-2] TRACE i.a.p.raft.roles.FollowerRole - RaftServer{2}{role=FOLLOWER} - Appended Indexed{index=29, entry=KeepAliveEntry{term=1, timestamp=2018-06-09 02:47:41,247, sessionIds=long[]{length=1, hash=33}, commandSequences=long[]{length=1, hash=54}, eventIndexes=long[]{length=1, hash=33}}}
02:47:41.364 [raft-server-2] TRACE i.a.p.raft.roles.FollowerRole - RaftServer{2}{role=FOLLOWER} - Appended Indexed{index=30, entry=CommandEntry{term=1, timestamp=2018-06-09 02:47:41,248, session=2, sequence=25, operation=PrimitiveOperation{id=DefaultOperationId{id=write, type=COMMAND}, value=byte[]{length=17, hash=-1644578928}}}}
02:47:41.364 [raft-server-2] TRACE i.a.p.raft.roles.FollowerRole - RaftServer{2}{role=FOLLOWER} - Sending AppendResponse{status=OK, term=1, succeeded=true, lastLogIndex=30}
02:47:41.364 [raft-server-2-state] TRACE i.a.p.raft.impl.RaftServiceManager - RaftServer{2} - Applying Indexed{index=28, entry=CommandEntry{term=1, timestamp=2018-06-09 02:47:41,145, session=2, sequence=24, operation=PrimitiveOperation{id=DefaultOperationId{id=write, type=COMMAND}, value=byte[]{length=17, hash=-1644578928}}}}
02:47:41.364 [raft-server-2-state] TRACE i.a.p.s.impl.DefaultServiceExecutor - PrimitiveService{2}{type=io.atomix.protocols.raft.RaftTest$TestPrimitiveType@8dc7f31, name=raft-test} - Executing DefaultCommit{index=28, session=RaftSession{RaftServiceContext{server=2, type=io.atomix.protocols.raft.RaftTest$TestPrimitiveType@8dc7f31, name=raft-test, id=2}, session=2, timestamp=2018-06-09 02:47:41,145}, time=2018-06-09 02:47:41,145, operation=DefaultOperationId{id=write, type=COMMAND}, value=byte[]{length=17, hash=-1644578928}}
02:47:41.430 [raft-server-1] TRACE i.a.p.raft.roles.LeaderAppender - RaftServer{1} - Received AppendResponse{status=OK, term=1, succeeded=true, lastLogIndex=28} from 2
02:47:41.430 [raft-server-1] TRACE i.a.p.raft.roles.LeaderAppender - RaftServer{1} - Received AppendResponse{status=OK, term=1, succeeded=true, lastLogIndex=30} from 2
02:47:41.430 [raft-server-1-state] TRACE i.a.p.raft.impl.RaftServiceManager - RaftServer{1} - Applying Indexed{index=29, entry=KeepAliveEntry{term=1, timestamp=2018-06-09 02:47:41,247, sessionIds=long[]{length=1, hash=33}, commandSequences=long[]{length=1, hash=54}, eventIndexes=long[]{length=1, hash=33}}}
02:47:41.430 [raft-server-1-state] TRACE i.a.p.raft.impl.RaftServiceManager - RaftServer{1} - Applying Indexed{index=30, entry=CommandEntry{term=1, timestamp=2018-06-09 02:47:41,248, session=2, sequence=25, operation=PrimitiveOperation{id=DefaultOperationId{id=write, type=COMMAND}, value=byte[]{length=17, hash=-1644578928}}}}
02:47:41.430 [raft-server-1] TRACE i.a.protocols.raft.roles.LeaderRole - RaftServer{1}{role=LEADER} - Sending KeepAliveResponse{status=OK, leader=1, members=[1, 3, 2], sessionIds=long[]{length=1, hash=33}}
02:47:41.430 [raft-server-1-state] TRACE i.a.p.s.impl.DefaultServiceExecutor - PrimitiveService{2}{type=io.atomix.protocols.raft.RaftTest$TestPrimitiveType@35843ad0, name=raft-test} - Executing DefaultCommit{index=30, session=RaftSession{RaftServiceContext{server=1, type=io.atomix.protocols.raft.RaftTest$TestPrimitiveType@35843ad0, name=raft-test, id=2}, session=2, timestamp=2018-06-09 02:47:41,248}, time=2018-06-09 02:47:41,248, operation=DefaultOperationId{id=write, type=COMMAND}, value=byte[]{length=17, hash=-1644578928}}
02:47:41.430 [raft-server-3] TRACE i.a.p.raft.roles.FollowerRole - RaftServer{3}{role=FOLLOWER} - Sending KeepAliveResponse{status=OK, leader=1, members=[1, 3, 2], sessionIds=long[]{length=1, hash=33}}
02:47:41.430 [raft-client-613ce1dd-77b1-4b52-a0bf-d277cef86e4f-2] TRACE i.a.p.r.p.impl.RaftProxyConnection - RaftClient{613ce1dd-77b1-4b52-a0bf-d277cef86e4f} - Received KeepAliveResponse{status=OK, leader=1, members=[1, 3, 2], sessionIds=long[]{length=1, hash=33}} from 3
02:47:41.431 [raft-server-1-state] TRACE i.a.protocols.raft.roles.LeaderRole - RaftServer{1}{role=LEADER} - Sending CommandResponse{status=OK, index=30, eventIndex=2, result=byte[]{length=2, hash=1300}}
02:47:41.431 [raft-client-613ce1dd-77b1-4b52-a0bf-d277cef86e4f-6] TRACE i.a.p.r.p.impl.RaftProxyConnection - SessionClient{2}{type=io.atomix.protocols.raft.RaftTest$TestPrimitiveType@35bfa1bb, name=raft-test} - Received CommandResponse{status=OK, index=30, eventIndex=2, result=byte[]{length=2, hash=1300}} from 1
02:47:41.431 [raft-client-613ce1dd-77b1-4b52-a0bf-d277cef86e4f-6] TRACE i.a.p.r.p.impl.RaftProxySequencer - SessionClient{2}{type=io.atomix.protocols.raft.RaftTest$TestPrimitiveType@35bfa1bb, name=raft-test} - Completing response CommandResponse{status=OK, index=30, eventIndex=2, result=byte[]{length=2, hash=1300}}
02:47:41.431 [raft-client-613ce1dd-77b1-4b52-a0bf-d277cef86e4f-6] TRACE i.a.p.r.p.impl.RaftProxyConnection - SessionClient{2}{type=io.atomix.protocols.raft.RaftTest$TestPrimitiveType@35bfa1bb, name=raft-test} - Sending CommandRequest{session=2, sequence=26, operation=PrimitiveOperation{id=DefaultOperationId{id=write, type=COMMAND}, value=byte[]{length=17, hash=-1644578928}}} to 1
02:47:41.431 [raft-server-1] TRACE i.a.protocols.raft.roles.LeaderRole - RaftServer{1}{role=LEADER} - Received CommandRequest{session=2, sequence=26, operation=PrimitiveOperation{id=DefaultOperationId{id=write, type=COMMAND}, value=byte[]{length=17, hash=-1644578928}}}
02:47:41.580 [raft-server-1] DEBUG i.a.storage.journal.SegmentedJournal - Created disk segment: JournalSegment{id=4, version=1, index=31, size=64}
02:47:41.580 [raft-server-1] TRACE i.a.protocols.raft.roles.LeaderRole - RaftServer{1}{role=LEADER} - Appended Indexed{index=31, entry=CommandEntry{term=1, timestamp=2018-06-09 02:47:41,431, session=2, sequence=26, operation=PrimitiveOperation{id=DefaultOperationId{id=write, type=COMMAND}, value=byte[]{length=17, hash=-1644578928}}}}
02:47:41.580 [raft-server-1] TRACE i.a.p.raft.roles.LeaderAppender - RaftServer{1} - Sending AppendRequest{term=1, leader=1, prevLogIndex=30, prevLogTerm=1, entries=1, commitIndex=30} to 3
02:47:41.580 [raft-server-3] TRACE i.a.p.raft.roles.FollowerRole - RaftServer{3}{role=FOLLOWER} - Received AppendRequest{term=1, leader=1, prevLogIndex=30, prevLogTerm=1, entries=1, commitIndex=30}
02:47:41.580 [raft-server-1] TRACE i.a.p.raft.roles.LeaderAppender - RaftServer{1} - Sending AppendRequest{term=1, leader=1, prevLogIndex=30, prevLogTerm=1, entries=1, commitIndex=30} to 2
02:47:41.580 [raft-server-2] TRACE i.a.p.raft.roles.FollowerRole - RaftServer{2}{role=FOLLOWER} - Received AppendRequest{term=1, leader=1, prevLogIndex=30, prevLogTerm=1, entries=1, commitIndex=30}
02:47:41.730 [raft-server-2] DEBUG i.a.storage.journal.SegmentedJournal - Created disk segment: JournalSegment{id=4, version=1, index=31, size=64}
02:47:41.730 [raft-server-2] TRACE i.a.p.raft.roles.FollowerRole - RaftServer{2}{role=FOLLOWER} - Appended Indexed{index=31, entry=CommandEntry{term=1, timestamp=2018-06-09 02:47:41,431, session=2, sequence=26, operation=PrimitiveOperation{id=DefaultOperationId{id=write, type=COMMAND}, value=byte[]{length=17, hash=-1644578928}}}}
02:47:41.730 [raft-server-3] DEBUG i.a.storage.journal.SegmentedJournal - Created disk segment: JournalSegment{id=4, version=1, index=31, size=64}
02:47:41.731 [raft-server-3] TRACE i.a.p.raft.roles.FollowerRole - RaftServer{3}{role=FOLLOWER} - Appended Indexed{index=31, entry=CommandEntry{term=1, timestamp=2018-06-09 02:47:41,431, session=2, sequence=26, operation=PrimitiveOperation{id=DefaultOperationId{id=write, type=COMMAND}, value=byte[]{length=17, hash=-1644578928}}}}
02:47:41.829 [raft-server-2] TRACE i.a.p.raft.roles.FollowerRole - RaftServer{2}{role=FOLLOWER} - Committed entries up to index 30
02:47:41.830 [raft-server-2] TRACE i.a.p.raft.roles.FollowerRole - RaftServer{2}{role=FOLLOWER} - Sending AppendResponse{status=OK, term=1, succeeded=true, lastLogIndex=31}
02:47:41.830 [raft-server-1] TRACE i.a.p.raft.roles.LeaderAppender - RaftServer{1} - Received AppendResponse{status=OK, term=1, succeeded=true, lastLogIndex=31} from 2
02:47:41.830 [raft-server-1] TRACE i.a.p.raft.roles.LeaderAppender - RaftServer{1} - Committed entries up to 31
02:47:41.830 [raft-server-2-state] TRACE i.a.p.raft.impl.RaftServiceManager - RaftServer{2} - Applying Indexed{index=29, entry=KeepAliveEntry{term=1, timestamp=2018-06-09 02:47:41,247, sessionIds=long[]{length=1, hash=33}, commandSequences=long[]{length=1, hash=54}, eventIndexes=long[]{length=1, hash=33}}}
02:47:41.830 [raft-server-2-state] TRACE i.a.p.raft.impl.RaftServiceManager - RaftServer{2} - Applying Indexed{index=30, entry=CommandEntry{term=1, timestamp=2018-06-09 02:47:41,248, session=2, sequence=25, operation=PrimitiveOperation{id=DefaultOperationId{id=write, type=COMMAND}, value=byte[]{length=17, hash=-1644578928}}}}
02:47:41.830 [raft-server-2-state] TRACE i.a.p.s.impl.DefaultServiceExecutor - PrimitiveService{2}{type=io.atomix.protocols.raft.RaftTest$TestPrimitiveType@8dc7f31, name=raft-test} - Executing DefaultCommit{index=30, session=RaftSession{RaftServiceContext{server=2, type=io.atomix.protocols.raft.RaftTest$TestPrimitiveType@8dc7f31, name=raft-test, id=2}, session=2, timestamp=2018-06-09 02:47:41,248}, time=2018-06-09 02:47:41,248, operation=DefaultOperationId{id=write, type=COMMAND}, value=byte[]{length=17, hash=-1644578928}}
02:47:41.938 [raft-server-3] TRACE i.a.p.raft.roles.FollowerRole - RaftServer{3}{role=FOLLOWER} - Committed entries up to index 30
02:47:41.938 [raft-server-3] TRACE i.a.p.raft.roles.FollowerRole - RaftServer{3}{role=FOLLOWER} - Sending AppendResponse{status=OK, term=1, succeeded=true, lastLogIndex=31}
02:47:41.938 [raft-server-3-state] TRACE i.a.p.raft.impl.RaftServiceManager - RaftServer{3} - Applying Indexed{index=29, entry=KeepAliveEntry{term=1, timestamp=2018-06-09 02:47:41,247, sessionIds=long[]{length=1, hash=33}, commandSequences=long[]{length=1, hash=54}, eventIndexes=long[]{length=1, hash=33}}}
02:47:41.938 [raft-server-3-state] TRACE i.a.p.raft.impl.RaftServiceManager - RaftServer{3} - Applying Indexed{index=30, entry=CommandEntry{term=1, timestamp=2018-06-09 02:47:41,248, session=2, sequence=25, operation=PrimitiveOperation{id=DefaultOperationId{id=write, type=COMMAND}, value=byte[]{length=17, hash=-1644578928}}}}
02:47:41.938 [raft-server-3-state] TRACE i.a.p.s.impl.DefaultServiceExecutor - PrimitiveService{2}{type=io.atomix.protocols.raft.RaftTest$TestPrimitiveType@260d6206, name=raft-test} - Executing DefaultCommit{index=30, session=RaftSession{RaftServiceContext{server=3, type=io.atomix.protocols.raft.RaftTest$TestPrimitiveType@260d6206, name=raft-test, id=2}, session=2, timestamp=2018-06-09 02:47:41,248}, time=2018-06-09 02:47:41,248, operation=DefaultOperationId{id=write, type=COMMAND}, value=byte[]{length=17, hash=-1644578928}}
02:47:42.021 [raft-server-1] TRACE i.a.p.raft.roles.LeaderAppender - RaftServer{1} - Sending AppendRequest{term=1, leader=1, prevLogIndex=31, prevLogTerm=1, entries=0, commitIndex=31} to 2
02:47:42.021 [raft-server-2] TRACE i.a.p.raft.roles.FollowerRole - RaftServer{2}{role=FOLLOWER} - Received AppendRequest{term=1, leader=1, prevLogIndex=31, prevLogTerm=1, entries=0, commitIndex=31}
02:47:42.021 [raft-server-1] TRACE i.a.p.raft.roles.LeaderAppender - RaftServer{1} - Received AppendResponse{status=OK, term=1, succeeded=true, lastLogIndex=31} from 3
02:47:42.022 [raft-server-1] TRACE i.a.p.raft.roles.LeaderAppender - RaftServer{1} - Sending AppendRequest{term=1, leader=1, prevLogIndex=31, prevLogTerm=1, entries=0, commitIndex=31} to 3
02:47:42.022 [raft-server-3] TRACE i.a.p.raft.roles.FollowerRole - RaftServer{3}{role=FOLLOWER} - Received AppendRequest{term=1, leader=1, prevLogIndex=31, prevLogTerm=1, entries=0, commitIndex=31}
02:47:42.022 [raft-server-1-state] TRACE i.a.p.raft.impl.RaftServiceManager - RaftServer{1} - Applying Indexed{index=31, entry=CommandEntry{term=1, timestamp=2018-06-09 02:47:41,431, session=2, sequence=26, operation=PrimitiveOperation{id=DefaultOperationId{id=write, type=COMMAND}, value=byte[]{length=17, hash=-1644578928}}}}
02:47:42.022 [raft-server-3] TRACE i.a.p.raft.roles.FollowerRole - RaftServer{3}{role=FOLLOWER} - Committed entries up to index 31
02:47:42.022 [raft-server-3] TRACE i.a.p.raft.roles.FollowerRole - RaftServer{3}{role=FOLLOWER} - Sending AppendResponse{status=OK, term=1, succeeded=true, lastLogIndex=31}
02:47:42.022 [raft-server-1-state] TRACE i.a.p.s.impl.DefaultServiceExecutor - PrimitiveService{2}{type=io.atomix.protocols.raft.RaftTest$TestPrimitiveType@35843ad0, name=raft-test} - Executing DefaultCommit{index=31, session=RaftSession{RaftServiceContext{server=1, type=io.atomix.protocols.raft.RaftTest$TestPrimitiveType@35843ad0, name=raft-test, id=2}, session=2, timestamp=2018-06-09 02:47:41,431}, time=2018-06-09 02:47:41,431, operation=DefaultOperationId{id=write, type=COMMAND}, value=byte[]{length=17, hash=-1644578928}}
02:47:42.022 [raft-server-1] TRACE i.a.p.raft.roles.LeaderAppender - RaftServer{1} - Received AppendResponse{status=OK, term=1, succeeded=true, lastLogIndex=31} from 3
02:47:42.022 [raft-server-3-state] TRACE i.a.p.raft.impl.RaftServiceManager - RaftServer{3} - Applying Indexed{index=31, entry=CommandEntry{term=1, timestamp=2018-06-09 02:47:41,431, session=2, sequence=26, operation=PrimitiveOperation{id=DefaultOperationId{id=write, type=COMMAND}, value=byte[]{length=17, hash=-1644578928}}}}
02:47:42.022 [raft-server-1] TRACE i.a.p.raft.roles.LeaderAppender - RaftServer{1} - Sending AppendRequest{term=1, leader=1, prevLogIndex=31, prevLogTerm=1, entries=0, commitIndex=31} to 3
02:47:42.022 [raft-server-1-state] TRACE i.a.protocols.raft.roles.LeaderRole - RaftServer{1}{role=LEADER} - Sending CommandResponse{status=OK, index=31, eventIndex=2, result=byte[]{length=2, hash=1302}}
02:47:42.022 [raft-server-3-state] TRACE i.a.p.s.impl.DefaultServiceExecutor - PrimitiveService{2}{type=io.atomix.protocols.raft.RaftTest$TestPrimitiveType@260d6206, name=raft-test} - Executing DefaultCommit{index=31, session=RaftSession{RaftServiceContext{server=3, type=io.atomix.protocols.raft.RaftTest$TestPrimitiveType@260d6206, name=raft-test, id=2}, session=2, timestamp=2018-06-09 02:47:41,431}, time=2018-06-09 02:47:41,431, operation=DefaultOperationId{id=write, type=COMMAND}, value=byte[]{length=17, hash=-1644578928}}
02:47:42.022 [raft-server-3] TRACE i.a.p.raft.roles.FollowerRole - RaftServer{3}{role=FOLLOWER} - Received AppendRequest{term=1, leader=1, prevLogIndex=31, prevLogTerm=1, entries=0, commitIndex=31}
02:47:42.022 [raft-server-3] TRACE i.a.p.raft.roles.FollowerRole - RaftServer{3}{role=FOLLOWER} - Sending AppendResponse{status=OK, term=1, succeeded=true, lastLogIndex=31}
02:47:42.022 [raft-server-1] TRACE i.a.p.raft.roles.LeaderAppender - RaftServer{1} - Received AppendResponse{status=OK, term=1, succeeded=true, lastLogIndex=31} from 3
02:47:42.023 [raft-server-1] TRACE i.a.p.raft.roles.LeaderAppender - RaftServer{1} - Sending AppendRequest{term=1, leader=1, prevLogIndex=31, prevLogTerm=1, entries=0, commitIndex=31} to 3
02:47:42.023 [raft-client-613ce1dd-77b1-4b52-a0bf-d277cef86e4f-2] TRACE i.a.p.r.p.impl.RaftProxyConnection - SessionClient{2}{type=io.atomix.protocols.raft.RaftTest$TestPrimitiveType@35bfa1bb, name=raft-test} - Received CommandResponse{status=OK, index=31, eventIndex=2, result=byte[]{length=2, hash=1302}} from 1
02:47:42.023 [raft-server-3] TRACE i.a.p.raft.roles.FollowerRole - RaftServer{3}{role=FOLLOWER} - Received AppendRequest{term=1, leader=1, prevLogIndex=31, prevLogTerm=1, entries=0, commitIndex=31}
02:47:42.023 [raft-server-3] TRACE i.a.p.raft.roles.FollowerRole - RaftServer{3}{role=FOLLOWER} - Sending AppendResponse{status=OK, term=1, succeeded=true, lastLogIndex=31}
02:47:42.023 [raft-client-613ce1dd-77b1-4b52-a0bf-d277cef86e4f-2] TRACE i.a.p.r.p.impl.RaftProxySequencer - SessionClient{2}{type=io.atomix.protocols.raft.RaftTest$TestPrimitiveType@35bfa1bb, name=raft-test} - Completing response CommandResponse{status=OK, index=31, eventIndex=2, result=byte[]{length=2, hash=1302}}
02:47:42.023 [raft-server-1] TRACE i.a.p.raft.roles.LeaderAppender - RaftServer{1} - Received AppendResponse{status=OK, term=1, succeeded=true, lastLogIndex=31} from 3
02:47:42.023 [raft-client-613ce1dd-77b1-4b52-a0bf-d277cef86e4f-2] TRACE i.a.p.r.p.impl.RaftProxyConnection - SessionClient{2}{type=io.atomix.protocols.raft.RaftTest$TestPrimitiveType@35bfa1bb, name=raft-test} - Sending CommandRequest{session=2, sequence=27, operation=PrimitiveOperation{id=DefaultOperationId{id=write, type=COMMAND}, value=byte[]{length=17, hash=-1644578928}}} to 1
02:47:42.023 [raft-server-1] TRACE i.a.protocols.raft.roles.LeaderRole - RaftServer{1}{role=LEADER} - Received CommandRequest{session=2, sequence=27, operation=PrimitiveOperation{id=DefaultOperationId{id=write, type=COMMAND}, value=byte[]{length=17, hash=-1644578928}}}
02:47:42.023 [raft-server-1] TRACE i.a.protocols.raft.roles.LeaderRole - RaftServer{1}{role=LEADER} - Appended Indexed{index=32, entry=CommandEntry{term=1, timestamp=2018-06-09 02:47:42,023, session=2, sequence=27, operation=PrimitiveOperation{id=DefaultOperationId{id=write, type=COMMAND}, value=byte[]{length=17, hash=-1644578928}}}}
02:47:42.023 [raft-server-1] TRACE i.a.p.raft.roles.LeaderAppender - RaftServer{1} - Sending AppendRequest{term=1, leader=1, prevLogIndex=31, prevLogTerm=1, entries=1, commitIndex=31} to 3
02:47:42.024 [raft-server-3] TRACE i.a.p.raft.roles.FollowerRole - RaftServer{3}{role=FOLLOWER} - Received AppendRequest{term=1, leader=1, prevLogIndex=31, prevLogTerm=1, entries=1, commitIndex=31}
02:47:42.024 [raft-server-3] TRACE i.a.p.raft.roles.FollowerRole - RaftServer{3}{role=FOLLOWER} - Appended Indexed{index=32, entry=CommandEntry{term=1, timestamp=2018-06-09 02:47:42,023, session=2, sequence=27, operation=PrimitiveOperation{id=DefaultOperationId{id=write, type=COMMAND}, value=byte[]{length=17, hash=-1644578928}}}}
02:47:42.024 [raft-server-3] TRACE i.a.p.raft.roles.FollowerRole - RaftServer{3}{role=FOLLOWER} - Sending AppendResponse{status=OK, term=1, succeeded=true, lastLogIndex=32}
02:47:42.024 [raft-server-1] TRACE i.a.p.raft.roles.LeaderAppender - RaftServer{1} - Received AppendResponse{status=OK, term=1, succeeded=true, lastLogIndex=32} from 3
02:47:42.024 [raft-server-1] TRACE i.a.p.raft.roles.LeaderAppender - RaftServer{1} - Committed entries up to 32
02:47:42.121 [raft-server-2] TRACE i.a.p.raft.roles.FollowerRole - RaftServer{2}{role=FOLLOWER} - Committed entries up to index 31
02:47:42.121 [raft-server-2] TRACE i.a.p.raft.roles.FollowerRole - RaftServer{2}{role=FOLLOWER} - Sending AppendResponse{status=OK, term=1, succeeded=true, lastLogIndex=31}
02:47:42.122 [raft-server-2-state] TRACE i.a.p.raft.impl.RaftServiceManager - RaftServer{2} - Applying Indexed{index=31, entry=CommandEntry{term=1, timestamp=2018-06-09 02:47:41,431, session=2, sequence=26, operation=PrimitiveOperation{id=DefaultOperationId{id=write, type=COMMAND}, value=byte[]{length=17, hash=-1644578928}}}}
02:47:42.122 [raft-server-2-state] TRACE i.a.p.s.impl.DefaultServiceExecutor - PrimitiveService{2}{type=io.atomix.protocols.raft.RaftTest$TestPrimitiveType@8dc7f31, name=raft-test} - Executing DefaultCommit{index=31, session=RaftSession{RaftServiceContext{server=2, type=io.atomix.protocols.raft.RaftTest$TestPrimitiveType@8dc7f31, name=raft-test, id=2}, session=2, timestamp=2018-06-09 02:47:41,431}, time=2018-06-09 02:47:41,431, operation=DefaultOperationId{id=write, type=COMMAND}, value=byte[]{length=17, hash=-1644578928}}
02:47:42.154 [raft-server-1] TRACE i.a.p.raft.roles.LeaderAppender - RaftServer{1} - Received AppendResponse{status=OK, term=1, succeeded=true, lastLogIndex=31} from 2
02:47:42.155 [raft-server-1] TRACE i.a.p.raft.roles.LeaderAppender - RaftServer{1} - Sending AppendRequest{term=1, leader=1, prevLogIndex=31, prevLogTerm=1, entries=1, commitIndex=32} to 2
02:47:42.155 [raft-server-2] TRACE i.a.p.raft.roles.FollowerRole - RaftServer{2}{role=FOLLOWER} - Received AppendRequest{term=1, leader=1, prevLogIndex=31, prevLogTerm=1, entries=1, commitIndex=32}
02:47:42.155 [raft-server-2] TRACE i.a.p.raft.roles.FollowerRole - RaftServer{2}{role=FOLLOWER} - Appended Indexed{index=32, entry=CommandEntry{term=1, timestamp=2018-06-09 02:47:42,023, session=2, sequence=27, operation=PrimitiveOperation{id=DefaultOperationId{id=write, type=COMMAND}, value=byte[]{length=17, hash=-1644578928}}}}
02:47:42.156 [raft-server-1-state] TRACE i.a.p.raft.impl.RaftServiceManager - RaftServer{1} - Applying Indexed{index=32, entry=CommandEntry{term=1, timestamp=2018-06-09 02:47:42,023, session=2, sequence=27, operation=PrimitiveOperation{id=DefaultOperationId{id=write, type=COMMAND}, value=byte[]{length=17, hash=-1644578928}}}}
02:47:42.156 [raft-server-1-state] TRACE i.a.p.s.impl.DefaultServiceExecutor - PrimitiveService{2}{type=io.atomix.protocols.raft.RaftTest$TestPrimitiveType@35843ad0, name=raft-test} - Executing DefaultCommit{index=32, session=RaftSession{RaftServiceContext{server=1, type=io.atomix.protocols.raft.RaftTest$TestPrimitiveType@35843ad0, name=raft-test, id=2}, session=2, timestamp=2018-06-09 02:47:42,023}, time=2018-06-09 02:47:42,023, operation=DefaultOperationId{id=write, type=COMMAND}, value=byte[]{length=17, hash=-1644578928}}
02:47:42.156 [raft-server-1-state] TRACE i.a.protocols.raft.roles.LeaderRole - RaftServer{1}{role=LEADER} - Sending CommandResponse{status=OK, index=32, eventIndex=2, result=byte[]{length=2, hash=1304}}
02:47:42.157 [raft-client-613ce1dd-77b1-4b52-a0bf-d277cef86e4f-3] TRACE i.a.p.r.p.impl.RaftProxyConnection - SessionClient{2}{type=io.atomix.protocols.raft.RaftTest$TestPrimitiveType@35bfa1bb, name=raft-test} - Received CommandResponse{status=OK, index=32, eventIndex=2, result=byte[]{length=2, hash=1304}} from 1
02:47:42.157 [raft-client-613ce1dd-77b1-4b52-a0bf-d277cef86e4f-3] TRACE i.a.p.r.p.impl.RaftProxySequencer - SessionClient{2}{type=io.atomix.protocols.raft.RaftTest$TestPrimitiveType@35bfa1bb, name=raft-test} - Completing response CommandResponse{status=OK, index=32, eventIndex=2, result=byte[]{length=2, hash=1304}}
02:47:42.157 [raft-client-613ce1dd-77b1-4b52-a0bf-d277cef86e4f-3] TRACE i.a.p.r.p.impl.RaftProxyConnection - SessionClient{2}{type=io.atomix.protocols.raft.RaftTest$TestPrimitiveType@35bfa1bb, name=raft-test} - Sending CommandRequest{session=2, sequence=28, operation=PrimitiveOperation{id=DefaultOperationId{id=write, type=COMMAND}, value=byte[]{length=17, hash=-1644578928}}} to 1
02:47:42.157 [raft-server-1] TRACE i.a.protocols.raft.roles.LeaderRole - RaftServer{1}{role=LEADER} - Received CommandRequest{session=2, sequence=28, operation=PrimitiveOperation{id=DefaultOperationId{id=write, type=COMMAND}, value=byte[]{length=17, hash=-1644578928}}}
02:47:42.157 [raft-server-1] TRACE i.a.protocols.raft.roles.LeaderRole - RaftServer{1}{role=LEADER} - Appended Indexed{index=33, entry=CommandEntry{term=1, timestamp=2018-06-09 02:47:42,157, session=2, sequence=28, operation=PrimitiveOperation{id=DefaultOperationId{id=write, type=COMMAND}, value=byte[]{length=17, hash=-1644578928}}}}
02:47:42.158 [raft-server-1] TRACE i.a.p.raft.roles.LeaderAppender - RaftServer{1} - Sending AppendRequest{term=1, leader=1, prevLogIndex=32, prevLogTerm=1, entries=1, commitIndex=32} to 3
02:47:42.158 [raft-server-3] TRACE i.a.p.raft.roles.FollowerRole - RaftServer{3}{role=FOLLOWER} - Received AppendRequest{term=1, leader=1, prevLogIndex=32, prevLogTerm=1, entries=1, commitIndex=32}
02:47:42.158 [raft-server-3] TRACE i.a.p.raft.roles.FollowerRole - RaftServer{3}{role=FOLLOWER} - Appended Indexed{index=33, entry=CommandEntry{term=1, timestamp=2018-06-09 02:47:42,157, session=2, sequence=28, operation=PrimitiveOperation{id=DefaultOperationId{id=write, type=COMMAND}, value=byte[]{length=17, hash=-1644578928}}}}
02:47:42.221 [raft-server-3] TRACE i.a.p.raft.roles.FollowerRole - RaftServer{3}{role=FOLLOWER} - Committed entries up to index 32
02:47:42.221 [raft-server-2] TRACE i.a.p.raft.roles.FollowerRole - RaftServer{2}{role=FOLLOWER} - Committed entries up to index 32
02:47:42.221 [raft-server-3] TRACE i.a.p.raft.roles.FollowerRole - RaftServer{3}{role=FOLLOWER} - Sending AppendResponse{status=OK, term=1, succeeded=true, lastLogIndex=33}
02:47:42.221 [raft-server-2] TRACE i.a.p.raft.roles.FollowerRole - RaftServer{2}{role=FOLLOWER} - Sending AppendResponse{status=OK, term=1, succeeded=true, lastLogIndex=32}
02:47:42.222 [raft-server-3-state] TRACE i.a.p.raft.impl.RaftServiceManager - RaftServer{3} - Applying Indexed{index=32, entry=CommandEntry{term=1, timestamp=2018-06-09 02:47:42,023, session=2, sequence=27, operation=PrimitiveOperation{id=DefaultOperationId{id=write, type=COMMAND}, value=byte[]{length=17, hash=-1644578928}}}}
02:47:42.222 [raft-server-2-state] TRACE i.a.p.raft.impl.RaftServiceManager - RaftServer{2} - Applying Indexed{index=32, entry=CommandEntry{term=1, timestamp=2018-06-09 02:47:42,023, session=2, sequence=27, operation=PrimitiveOperation{id=DefaultOperationId{id=write, type=COMMAND}, value=byte[]{length=17, hash=-1644578928}}}}
02:47:42.222 [raft-server-1] TRACE i.a.p.raft.roles.LeaderAppender - RaftServer{1} - Received AppendResponse{status=OK, term=1, succeeded=true, lastLogIndex=33} from 3
02:47:42.222 [raft-server-3-state] TRACE i.a.p.s.impl.DefaultServiceExecutor - PrimitiveService{2}{type=io.atomix.protocols.raft.RaftTest$TestPrimitiveType@260d6206, name=raft-test} - Executing DefaultCommit{index=32, session=RaftSession{RaftServiceContext{server=3, type=io.atomix.protocols.raft.RaftTest$TestPrimitiveType@260d6206, name=raft-test, id=2}, session=2, timestamp=2018-06-09 02:47:42,023}, time=2018-06-09 02:47:42,023, operation=DefaultOperationId{id=write, type=COMMAND}, value=byte[]{length=17, hash=-1644578928}}
02:47:42.222 [raft-server-1] TRACE i.a.p.raft.roles.LeaderAppender - RaftServer{1} - Committed entries up to 33
02:47:42.222 [raft-server-2-state] TRACE i.a.p.s.impl.DefaultServiceExecutor - PrimitiveService{2}{type=io.atomix.protocols.raft.RaftTest$TestPrimitiveType@8dc7f31, name=raft-test} - Executing DefaultCommit{index=32, session=RaftSession{RaftServiceContext{server=2, type=io.atomix.protocols.raft.RaftTest$TestPrimitiveType@8dc7f31, name=raft-test, id=2}, session=2, timestamp=2018-06-09 02:47:42,023}, time=2018-06-09 02:47:42,023, operation=DefaultOperationId{id=write, type=COMMAND}, value=byte[]{length=17, hash=-1644578928}}
02:47:42.255 [raft-server-1] TRACE i.a.p.raft.roles.LeaderAppender - RaftServer{1} - Received AppendResponse{status=OK, term=1, succeeded=true, lastLogIndex=32} from 2
02:47:42.255 [raft-server-1] TRACE i.a.p.raft.roles.LeaderAppender - RaftServer{1} - Sending AppendRequest{term=1, leader=1, prevLogIndex=32, prevLogTerm=1, entries=1, commitIndex=33} to 2
02:47:42.255 [raft-server-2] TRACE i.a.p.raft.roles.FollowerRole - RaftServer{2}{role=FOLLOWER} - Received AppendRequest{term=1, leader=1, prevLogIndex=32, prevLogTerm=1, entries=1, commitIndex=33}
02:47:42.255 [raft-server-1] TRACE i.a.p.raft.roles.LeaderAppender - RaftServer{1} - Sending AppendRequest{term=1, leader=1, prevLogIndex=33, prevLogTerm=1, entries=0, commitIndex=33} to 3
02:47:42.255 [raft-server-2] TRACE i.a.p.raft.roles.FollowerRole - RaftServer{2}{role=FOLLOWER} - Appended Indexed{index=33, entry=CommandEntry{term=1, timestamp=2018-06-09 02:47:42,157, session=2, sequence=28, operation=PrimitiveOperation{id=DefaultOperationId{id=write, type=COMMAND}, value=byte[]{length=17, hash=-1644578928}}}}
02:47:42.255 [raft-server-1-state] TRACE i.a.p.raft.impl.RaftServiceManager - RaftServer{1} - Applying Indexed{index=33, entry=CommandEntry{term=1, timestamp=2018-06-09 02:47:42,157, session=2, sequence=28, operation=PrimitiveOperation{id=DefaultOperationId{id=write, type=COMMAND}, value=byte[]{length=17, hash=-1644578928}}}}
02:47:42.255 [raft-server-3] TRACE i.a.p.raft.roles.FollowerRole - RaftServer{3}{role=FOLLOWER} - Received AppendRequest{term=1, leader=1, prevLogIndex=33, prevLogTerm=1, entries=0, commitIndex=33}
02:47:42.256 [raft-server-1-state] TRACE i.a.p.s.impl.DefaultServiceExecutor - PrimitiveService{2}{type=io.atomix.protocols.raft.RaftTest$TestPrimitiveType@35843ad0, name=raft-test} - Executing DefaultCommit{index=33, session=RaftSession{RaftServiceContext{server=1, type=io.atomix.protocols.raft.RaftTest$TestPrimitiveType@35843ad0, name=raft-test, id=2}, session=2, timestamp=2018-06-09 02:47:42,157}, time=2018-06-09 02:47:42,157, operation=DefaultOperationId{id=write, type=COMMAND}, value=byte[]{length=17, hash=-1644578928}}
02:47:42.256 [raft-server-1-state] TRACE i.a.protocols.raft.roles.LeaderRole - RaftServer{1}{role=LEADER} - Sending CommandResponse{status=OK, index=33, eventIndex=2, result=byte[]{length=2, hash=1306}}
02:47:42.256 [raft-client-613ce1dd-77b1-4b52-a0bf-d277cef86e4f-6] TRACE i.a.p.r.p.impl.RaftProxyConnection - SessionClient{2}{type=io.atomix.protocols.raft.RaftTest$TestPrimitiveType@35bfa1bb, name=raft-test} - Received CommandResponse{status=OK, index=33, eventIndex=2, result=byte[]{length=2, hash=1306}} from 1
02:47:42.256 [raft-client-613ce1dd-77b1-4b52-a0bf-d277cef86e4f-6] TRACE i.a.p.r.p.impl.RaftProxySequencer - SessionClient{2}{type=io.atomix.protocols.raft.RaftTest$TestPrimitiveType@35bfa1bb, name=raft-test} - Completing response CommandResponse{status=OK, index=33, eventIndex=2, result=byte[]{length=2, hash=1306}}
02:47:42.256 [raft-client-613ce1dd-77b1-4b52-a0bf-d277cef86e4f-7] TRACE i.a.p.r.p.impl.RaftProxyConnection - SessionClient{2}{type=io.atomix.protocols.raft.RaftTest$TestPrimitiveType@35bfa1bb, name=raft-test} - Sending CommandRequest{session=2, sequence=29, operation=PrimitiveOperation{id=DefaultOperationId{id=write, type=COMMAND}, value=byte[]{length=17, hash=-1644578928}}} to 1
02:47:42.256 [raft-server-1] TRACE i.a.protocols.raft.roles.LeaderRole - RaftServer{1}{role=LEADER} - Received CommandRequest{session=2, sequence=29, operation=PrimitiveOperation{id=DefaultOperationId{id=write, type=COMMAND}, value=byte[]{length=17, hash=-1644578928}}}
02:47:42.256 [raft-server-1] TRACE i.a.protocols.raft.roles.LeaderRole - RaftServer{1}{role=LEADER} - Appended Indexed{index=34, entry=CommandEntry{term=1, timestamp=2018-06-09 02:47:42,256, session=2, sequence=29, operation=PrimitiveOperation{id=DefaultOperationId{id=write, type=COMMAND}, value=byte[]{length=17, hash=-1644578928}}}}
02:47:42.288 [raft-server-3] TRACE i.a.p.raft.roles.FollowerRole - RaftServer{3}{role=FOLLOWER} - Committed entries up to index 33
02:47:42.288 [raft-server-2] TRACE i.a.p.raft.roles.FollowerRole - RaftServer{2}{role=FOLLOWER} - Committed entries up to index 33
02:47:42.288 [raft-server-3] TRACE i.a.p.raft.roles.FollowerRole - RaftServer{3}{role=FOLLOWER} - Sending AppendResponse{status=OK, term=1, succeeded=true, lastLogIndex=33}
02:47:42.288 [raft-server-2] TRACE i.a.p.raft.roles.FollowerRole - RaftServer{2}{role=FOLLOWER} - Sending AppendResponse{status=OK, term=1, succeeded=true, lastLogIndex=33}
02:47:42.288 [raft-server-1] TRACE i.a.p.raft.roles.LeaderAppender - RaftServer{1} - Received AppendResponse{status=OK, term=1, succeeded=true, lastLogIndex=33} from 3
02:47:42.288 [raft-server-1] TRACE i.a.p.raft.roles.LeaderAppender - RaftServer{1} - Sending AppendRequest{term=1, leader=1, prevLogIndex=33, prevLogTerm=1, entries=1, commitIndex=33} to 3
02:47:42.288 [raft-server-2-state] TRACE i.a.p.raft.impl.RaftServiceManager - RaftServer{2} - Applying Indexed{index=33, entry=CommandEntry{term=1, timestamp=2018-06-09 02:47:42,157, session=2, sequence=28, operation=PrimitiveOperation{id=DefaultOperationId{id=write, type=COMMAND}, value=byte[]{length=17, hash=-1644578928}}}}
02:47:42.288 [raft-server-3-state] TRACE i.a.p.raft.impl.RaftServiceManager - RaftServer{3} - Applying Indexed{index=33, entry=CommandEntry{term=1, timestamp=2018-06-09 02:47:42,157, session=2, sequence=28, operation=PrimitiveOperation{id=DefaultOperationId{id=write, type=COMMAND}, value=byte[]{length=17, hash=-1644578928}}}}
02:47:42.288 [raft-server-3] TRACE i.a.p.raft.roles.FollowerRole - RaftServer{3}{role=FOLLOWER} - Received AppendRequest{term=1, leader=1, prevLogIndex=33, prevLogTerm=1, entries=1, commitIndex=33}
02:47:42.288 [raft-server-1] TRACE i.a.p.raft.roles.LeaderAppender - RaftServer{1} - Received AppendResponse{status=OK, term=1, succeeded=true, lastLogIndex=33} from 2
02:47:42.288 [raft-server-2-state] TRACE i.a.p.s.impl.DefaultServiceExecutor - PrimitiveService{2}{type=io.atomix.protocols.raft.RaftTest$TestPrimitiveType@8dc7f31, name=raft-test} - Executing DefaultCommit{index=33, session=RaftSession{RaftServiceContext{server=2, type=io.atomix.protocols.raft.RaftTest$TestPrimitiveType@8dc7f31, name=raft-test, id=2}, session=2, timestamp=2018-06-09 02:47:42,157}, time=2018-06-09 02:47:42,157, operation=DefaultOperationId{id=write, type=COMMAND}, value=byte[]{length=17, hash=-1644578928}}
02:47:42.288 [raft-server-3-state] TRACE i.a.p.s.impl.DefaultServiceExecutor - PrimitiveService{2}{type=io.atomix.protocols.raft.RaftTest$TestPrimitiveType@260d6206, name=raft-test} - Executing DefaultCommit{index=33, session=RaftSession{RaftServiceContext{server=3, type=io.atomix.protocols.raft.RaftTest$TestPrimitiveType@260d6206, name=raft-test, id=2}, session=2, timestamp=2018-06-09 02:47:42,157}, time=2018-06-09 02:47:42,157, operation=DefaultOperationId{id=write, type=COMMAND}, value=byte[]{length=17, hash=-1644578928}}
02:47:42.288 [raft-server-1] TRACE i.a.p.raft.roles.LeaderAppender - RaftServer{1} - Sending AppendRequest{term=1, leader=1, prevLogIndex=33, prevLogTerm=1, entries=1, commitIndex=33} to 2
02:47:42.288 [raft-server-3] TRACE i.a.p.raft.roles.FollowerRole - RaftServer{3}{role=FOLLOWER} - Appended Indexed{index=34, entry=CommandEntry{term=1, timestamp=2018-06-09 02:47:42,256, session=2, sequence=29, operation=PrimitiveOperation{id=DefaultOperationId{id=write, type=COMMAND}, value=byte[]{length=17, hash=-1644578928}}}}
02:47:42.289 [raft-server-2] TRACE i.a.p.raft.roles.FollowerRole - RaftServer{2}{role=FOLLOWER} - Received AppendRequest{term=1, leader=1, prevLogIndex=33, prevLogTerm=1, entries=1, commitIndex=33}
02:47:42.289 [raft-server-3] TRACE i.a.p.raft.roles.FollowerRole - RaftServer{3}{role=FOLLOWER} - Sending AppendResponse{status=OK, term=1, succeeded=true, lastLogIndex=34}
02:47:42.289 [raft-server-1] TRACE i.a.p.raft.roles.LeaderAppender - RaftServer{1} - Received AppendResponse{status=OK, term=1, succeeded=true, lastLogIndex=34} from 3
02:47:42.289 [raft-server-1] TRACE i.a.p.raft.roles.LeaderAppender - RaftServer{1} - Committed entries up to 34
02:47:42.289 [raft-server-2] TRACE i.a.p.raft.roles.FollowerRole - RaftServer{2}{role=FOLLOWER} - Appended Indexed{index=34, entry=CommandEntry{term=1, timestamp=2018-06-09 02:47:42,256, session=2, sequence=29, operation=PrimitiveOperation{id=DefaultOperationId{id=write, type=COMMAND}, value=byte[]{length=17, hash=-1644578928}}}}
02:47:42.289 [raft-server-2] TRACE i.a.p.raft.roles.FollowerRole - RaftServer{2}{role=FOLLOWER} - Sending AppendResponse{status=OK, term=1, succeeded=true, lastLogIndex=34}
02:47:42.335 [raft-server-1] TRACE i.a.p.raft.roles.LeaderAppender - RaftServer{1} - Received AppendResponse{status=OK, term=1, succeeded=true, lastLogIndex=34} from 2
02:47:42.335 [raft-server-1-state] TRACE i.a.p.raft.impl.RaftServiceManager - RaftServer{1} - Applying Indexed{index=34, entry=CommandEntry{term=1, timestamp=2018-06-09 02:47:42,256, session=2, sequence=29, operation=PrimitiveOperation{id=DefaultOperationId{id=write, type=COMMAND}, value=byte[]{length=17, hash=-1644578928}}}}
02:47:42.335 [raft-server-1-state] TRACE i.a.p.s.impl.DefaultServiceExecutor - PrimitiveService{2}{type=io.atomix.protocols.raft.RaftTest$TestPrimitiveType@35843ad0, name=raft-test} - Executing DefaultCommit{index=34, session=RaftSession{RaftServiceContext{server=1, type=io.atomix.protocols.raft.RaftTest$TestPrimitiveType@35843ad0, name=raft-test, id=2}, session=2, timestamp=2018-06-09 02:47:42,256}, time=2018-06-09 02:47:42,256, operation=DefaultOperationId{id=write, type=COMMAND}, value=byte[]{length=17, hash=-1644578928}}
02:47:42.336 [raft-server-1-state] TRACE i.a.protocols.raft.roles.LeaderRole - RaftServer{1}{role=LEADER} - Sending CommandResponse{status=OK, index=34, eventIndex=2, result=byte[]{length=2, hash=1308}}
02:47:42.336 [raft-client-613ce1dd-77b1-4b52-a0bf-d277cef86e4f-1] TRACE i.a.p.r.p.impl.RaftProxyConnection - SessionClient{2}{type=io.atomix.protocols.raft.RaftTest$TestPrimitiveType@35bfa1bb, name=raft-test} - Received CommandResponse{status=OK, index=34, eventIndex=2, result=byte[]{length=2, hash=1308}} from 1
02:47:42.336 [raft-client-613ce1dd-77b1-4b52-a0bf-d277cef86e4f-1] TRACE i.a.p.r.p.impl.RaftProxySequencer - SessionClient{2}{type=io.atomix.protocols.raft.RaftTest$TestPrimitiveType@35bfa1bb, name=raft-test} - Completing response CommandResponse{status=OK, index=34, eventIndex=2, result=byte[]{length=2, hash=1308}}
02:47:42.336 [raft-client-613ce1dd-77b1-4b52-a0bf-d277cef86e4f-3] TRACE i.a.p.r.p.impl.RaftProxyConnection - SessionClient{2}{type=io.atomix.protocols.raft.RaftTest$TestPrimitiveType@35bfa1bb, name=raft-test} - Sending CommandRequest{session=2, sequence=30, operation=PrimitiveOperation{id=DefaultOperationId{id=write, type=COMMAND}, value=byte[]{length=17, hash=-1644578928}}} to 1
02:47:42.336 [raft-server-1] TRACE i.a.protocols.raft.roles.LeaderRole - RaftServer{1}{role=LEADER} - Received CommandRequest{session=2, sequence=30, operation=PrimitiveOperation{id=DefaultOperationId{id=write, type=COMMAND}, value=byte[]{length=17, hash=-1644578928}}}
02:47:42.336 [raft-server-1] TRACE i.a.protocols.raft.roles.LeaderRole - RaftServer{1}{role=LEADER} - Appended Indexed{index=35, entry=CommandEntry{term=1, timestamp=2018-06-09 02:47:42,336, session=2, sequence=30, operation=PrimitiveOperation{id=DefaultOperationId{id=write, type=COMMAND}, value=byte[]{length=17, hash=-1644578928}}}}
02:47:42.336 [raft-server-1] TRACE i.a.p.raft.roles.LeaderAppender - RaftServer{1} - Sending AppendRequest{term=1, leader=1, prevLogIndex=34, prevLogTerm=1, entries=1, commitIndex=34} to 3
02:47:42.336 [raft-server-3] TRACE i.a.p.raft.roles.FollowerRole - RaftServer{3}{role=FOLLOWER} - Received AppendRequest{term=1, leader=1, prevLogIndex=34, prevLogTerm=1, entries=1, commitIndex=34}
02:47:42.336 [raft-server-1] TRACE i.a.p.raft.roles.LeaderAppender - RaftServer{1} - Sending AppendRequest{term=1, leader=1, prevLogIndex=34, prevLogTerm=1, entries=1, commitIndex=34} to 2
02:47:42.336 [raft-server-2] TRACE i.a.p.raft.roles.FollowerRole - RaftServer{2}{role=FOLLOWER} - Received AppendRequest{term=1, leader=1, prevLogIndex=34, prevLogTerm=1, entries=1, commitIndex=34}
02:47:42.336 [raft-server-3] TRACE i.a.p.raft.roles.FollowerRole - RaftServer{3}{role=FOLLOWER} - Appended Indexed{index=35, entry=CommandEntry{term=1, timestamp=2018-06-09 02:47:42,336, session=2, sequence=30, operation=PrimitiveOperation{id=DefaultOperationId{id=write, type=COMMAND}, value=byte[]{length=17, hash=-1644578928}}}}
02:47:42.337 [raft-server-2] TRACE i.a.p.raft.roles.FollowerRole - RaftServer{2}{role=FOLLOWER} - Appended Indexed{index=35, entry=CommandEntry{term=1, timestamp=2018-06-09 02:47:42,336, session=2, sequence=30, operation=PrimitiveOperation{id=DefaultOperationId{id=write, type=COMMAND}, value=byte[]{length=17, hash=-1644578928}}}}
02:47:42.371 [raft-server-2] TRACE i.a.p.raft.roles.FollowerRole - RaftServer{2}{role=FOLLOWER} - Committed entries up to index 34
02:47:42.371 [raft-server-3] TRACE i.a.p.raft.roles.FollowerRole - RaftServer{3}{role=FOLLOWER} - Committed entries up to index 34
02:47:42.371 [raft-server-2] TRACE i.a.p.raft.roles.FollowerRole - RaftServer{2}{role=FOLLOWER} - Sending AppendResponse{status=OK, term=1, succeeded=true, lastLogIndex=35}
02:47:42.371 [raft-server-3] TRACE i.a.p.raft.roles.FollowerRole - RaftServer{3}{role=FOLLOWER} - Sending AppendResponse{status=OK, term=1, succeeded=true, lastLogIndex=35}
02:47:42.371 [raft-server-1] TRACE i.a.p.raft.roles.LeaderAppender - RaftServer{1} - Received AppendResponse{status=OK, term=1, succeeded=true, lastLogIndex=35} from 2
02:47:42.371 [raft-server-1] TRACE i.a.p.raft.roles.LeaderAppender - RaftServer{1} - Committed entries up to 35
02:47:42.371 [raft-server-2-state] TRACE i.a.p.raft.impl.RaftServiceManager - RaftServer{2} - Applying Indexed{index=34, entry=CommandEntry{term=1, timestamp=2018-06-09 02:47:42,256, session=2, sequence=29, operation=PrimitiveOperation{id=DefaultOperationId{id=write, type=COMMAND}, value=byte[]{length=17, hash=-1644578928}}}}
02:47:42.371 [raft-server-3-state] TRACE i.a.p.raft.impl.RaftServiceManager - RaftServer{3} - Applying Indexed{index=34, entry=CommandEntry{term=1, timestamp=2018-06-09 02:47:42,256, session=2, sequence=29, operation=PrimitiveOperation{id=DefaultOperationId{id=write, type=COMMAND}, value=byte[]{length=17, hash=-1644578928}}}}
02:47:42.372 [raft-server-2-state] TRACE i.a.p.s.impl.DefaultServiceExecutor - PrimitiveService{2}{type=io.atomix.protocols.raft.RaftTest$TestPrimitiveType@8dc7f31, name=raft-test} - Executing DefaultCommit{index=34, session=RaftSession{RaftServiceContext{server=2, type=io.atomix.protocols.raft.RaftTest$TestPrimitiveType@8dc7f31, name=raft-test, id=2}, session=2, timestamp=2018-06-09 02:47:42,256}, time=2018-06-09 02:47:42,256, operation=DefaultOperationId{id=write, type=COMMAND}, value=byte[]{length=17, hash=-1644578928}}
02:47:42.372 [raft-server-3-state] TRACE i.a.p.s.impl.DefaultServiceExecutor - PrimitiveService{2}{type=io.atomix.protocols.raft.RaftTest$TestPrimitiveType@260d6206, name=raft-test} - Executing DefaultCommit{index=34, session=RaftSession{RaftServiceContext{server=3, type=io.atomix.protocols.raft.RaftTest$TestPrimitiveType@260d6206, name=raft-test, id=2}, session=2, timestamp=2018-06-09 02:47:42,256}, time=2018-06-09 02:47:42,256, operation=DefaultOperationId{id=write, type=COMMAND}, value=byte[]{length=17, hash=-1644578928}}
02:47:42.404 [raft-server-1] TRACE i.a.p.raft.roles.LeaderAppender - RaftServer{1} - Received AppendResponse{status=OK, term=1, succeeded=true, lastLogIndex=35} from 3
02:47:42.405 [raft-server-1-state] TRACE i.a.p.raft.impl.RaftServiceManager - RaftServer{1} - Applying Indexed{index=35, entry=CommandEntry{term=1, timestamp=2018-06-09 02:47:42,336, session=2, sequence=30, operation=PrimitiveOperation{id=DefaultOperationId{id=write, type=COMMAND}, value=byte[]{length=17, hash=-1644578928}}}}
02:47:42.405 [raft-server-1-state] TRACE i.a.p.s.impl.DefaultServiceExecutor - PrimitiveService{2}{type=io.atomix.protocols.raft.RaftTest$TestPrimitiveType@35843ad0, name=raft-test} - Executing DefaultCommit{index=35, session=RaftSession{RaftServiceContext{server=1, type=io.atomix.protocols.raft.RaftTest$TestPrimitiveType@35843ad0, name=raft-test, id=2}, session=2, timestamp=2018-06-09 02:47:42,336}, time=2018-06-09 02:47:42,336, operation=DefaultOperationId{id=write, type=COMMAND}, value=byte[]{length=17, hash=-1644578928}}
02:47:42.405 [raft-server-1-state] TRACE i.a.protocols.raft.roles.LeaderRole - RaftServer{1}{role=LEADER} - Sending CommandResponse{status=OK, index=35, eventIndex=2, result=byte[]{length=2, hash=1310}}
02:47:42.405 [raft-client-613ce1dd-77b1-4b52-a0bf-d277cef86e4f-2] TRACE i.a.p.r.p.impl.RaftProxyConnection - SessionClient{2}{type=io.atomix.protocols.raft.RaftTest$TestPrimitiveType@35bfa1bb, name=raft-test} - Received CommandResponse{status=OK, index=35, eventIndex=2, result=byte[]{length=2, hash=1310}} from 1
02:47:42.405 [raft-client-613ce1dd-77b1-4b52-a0bf-d277cef86e4f-2] TRACE i.a.p.r.p.impl.RaftProxySequencer - SessionClient{2}{type=io.atomix.protocols.raft.RaftTest$TestPrimitiveType@35bfa1bb, name=raft-test} - Completing response CommandResponse{status=OK, index=35, eventIndex=2, result=byte[]{length=2, hash=1310}}
02:47:42.406 [raft-client-613ce1dd-77b1-4b52-a0bf-d277cef86e4f-5] TRACE i.a.p.r.p.impl.RaftProxyConnection - SessionClient{2}{type=io.atomix.protocols.raft.RaftTest$TestPrimitiveType@35bfa1bb, name=raft-test} - Sending CommandRequest{session=2, sequence=31, operation=PrimitiveOperation{id=DefaultOperationId{id=write, type=COMMAND}, value=byte[]{length=17, hash=-1644578928}}} to 1
02:47:42.406 [raft-server-1] TRACE i.a.protocols.raft.roles.LeaderRole - RaftServer{1}{role=LEADER} - Received CommandRequest{session=2, sequence=31, operation=PrimitiveOperation{id=DefaultOperationId{id=write, type=COMMAND}, value=byte[]{length=17, hash=-1644578928}}}
02:47:42.406 [raft-server-1] TRACE i.a.protocols.raft.roles.LeaderRole - RaftServer{1}{role=LEADER} - Appended Indexed{index=36, entry=CommandEntry{term=1, timestamp=2018-06-09 02:47:42,406, session=2, sequence=31, operation=PrimitiveOperation{id=DefaultOperationId{id=write, type=COMMAND}, value=byte[]{length=17, hash=-1644578928}}}}
02:47:42.406 [raft-server-1] TRACE i.a.p.raft.roles.LeaderAppender - RaftServer{1} - Sending AppendRequest{term=1, leader=1, prevLogIndex=35, prevLogTerm=1, entries=1, commitIndex=35} to 3
02:47:42.406 [raft-server-3] TRACE i.a.p.raft.roles.FollowerRole - RaftServer{3}{role=FOLLOWER} - Received AppendRequest{term=1, leader=1, prevLogIndex=35, prevLogTerm=1, entries=1, commitIndex=35}
02:47:42.406 [raft-server-1] TRACE i.a.p.raft.roles.LeaderAppender - RaftServer{1} - Sending AppendRequest{term=1, leader=1, prevLogIndex=35, prevLogTerm=1, entries=1, commitIndex=35} to 2
02:47:42.406 [raft-server-3] TRACE i.a.p.raft.roles.FollowerRole - RaftServer{3}{role=FOLLOWER} - Appended Indexed{index=36, entry=CommandEntry{term=1, timestamp=2018-06-09 02:47:42,406, session=2, sequence=31, operation=PrimitiveOperation{id=DefaultOperationId{id=write, type=COMMAND}, value=byte[]{length=17, hash=-1644578928}}}}
02:47:42.406 [raft-server-2] TRACE i.a.p.raft.roles.FollowerRole - RaftServer{2}{role=FOLLOWER} - Received AppendRequest{term=1, leader=1, prevLogIndex=35, prevLogTerm=1, entries=1, commitIndex=35}
02:47:42.406 [raft-server-2] TRACE i.a.p.raft.roles.FollowerRole - RaftServer{2}{role=FOLLOWER} - Appended Indexed{index=36, entry=CommandEntry{term=1, timestamp=2018-06-09 02:47:42,406, session=2, sequence=31, operation=PrimitiveOperation{id=DefaultOperationId{id=write, type=COMMAND}, value=byte[]{length=17, hash=-1644578928}}}}
02:47:42.443 [raft-server-3] TRACE i.a.p.raft.roles.FollowerRole - RaftServer{3}{role=FOLLOWER} - Committed entries up to index 35
02:47:42.443 [raft-server-3] TRACE i.a.p.raft.roles.FollowerRole - RaftServer{3}{role=FOLLOWER} - Sending AppendResponse{status=OK, term=1, succeeded=true, lastLogIndex=36}
02:47:42.443 [raft-server-1] TRACE i.a.p.raft.roles.LeaderAppender - RaftServer{1} - Received AppendResponse{status=OK, term=1, succeeded=true, lastLogIndex=36} from 3
02:47:42.443 [raft-server-1] TRACE i.a.p.raft.roles.LeaderAppender - RaftServer{1} - Committed entries up to 36
02:47:42.443 [raft-server-3-state] TRACE i.a.p.raft.impl.RaftServiceManager - RaftServer{3} - Applying Indexed{index=35, entry=CommandEntry{term=1, timestamp=2018-06-09 02:47:42,336, session=2, sequence=30, operation=PrimitiveOperation{id=DefaultOperationId{id=write, type=COMMAND}, value=byte[]{length=17, hash=-1644578928}}}}
02:47:42.444 [raft-server-3-state] TRACE i.a.p.s.impl.DefaultServiceExecutor - PrimitiveService{2}{type=io.atomix.protocols.raft.RaftTest$TestPrimitiveType@260d6206, name=raft-test} - Executing DefaultCommit{index=35, session=RaftSession{RaftServiceContext{server=3, type=io.atomix.protocols.raft.RaftTest$TestPrimitiveType@260d6206, name=raft-test, id=2}, session=2, timestamp=2018-06-09 02:47:42,336}, time=2018-06-09 02:47:42,336, operation=DefaultOperationId{id=write, type=COMMAND}, value=byte[]{length=17, hash=-1644578928}}
02:47:42.485 [raft-server-2] TRACE i.a.p.raft.roles.FollowerRole - RaftServer{2}{role=FOLLOWER} - Committed entries up to index 35
02:47:42.485 [raft-server-2] TRACE i.a.p.raft.roles.FollowerRole - RaftServer{2}{role=FOLLOWER} - Sending AppendResponse{status=OK, term=1, succeeded=true, lastLogIndex=36}
02:47:42.485 [raft-server-2-state] TRACE i.a.p.raft.impl.RaftServiceManager - RaftServer{2} - Applying Indexed{index=35, entry=CommandEntry{term=1, timestamp=2018-06-09 02:47:42,336, session=2, sequence=30, operation=PrimitiveOperation{id=DefaultOperationId{id=write, type=COMMAND}, value=byte[]{length=17, hash=-1644578928}}}}
02:47:42.485 [raft-server-2-state] TRACE i.a.p.s.impl.DefaultServiceExecutor - PrimitiveService{2}{type=io.atomix.protocols.raft.RaftTest$TestPrimitiveType@8dc7f31, name=raft-test} - Executing DefaultCommit{index=35, session=RaftSession{RaftServiceContext{server=2, type=io.atomix.protocols.raft.RaftTest$TestPrimitiveType@8dc7f31, name=raft-test, id=2}, session=2, timestamp=2018-06-09 02:47:42,336}, time=2018-06-09 02:47:42,336, operation=DefaultOperationId{id=write, type=COMMAND}, value=byte[]{length=17, hash=-1644578928}}
02:47:42.513 [raft-server-1] TRACE i.a.p.raft.roles.LeaderAppender - RaftServer{1} - Sending AppendRequest{term=1, leader=1, prevLogIndex=36, prevLogTerm=1, entries=0, commitIndex=36} to 3
02:47:42.513 [raft-server-1] TRACE i.a.p.raft.roles.LeaderAppender - RaftServer{1} - Received AppendResponse{status=OK, term=1, succeeded=true, lastLogIndex=36} from 2
02:47:42.513 [raft-server-3] TRACE i.a.p.raft.roles.FollowerRole - RaftServer{3}{role=FOLLOWER} - Received AppendRequest{term=1, leader=1, prevLogIndex=36, prevLogTerm=1, entries=0, commitIndex=36}
02:47:42.513 [raft-server-1] TRACE i.a.p.raft.roles.LeaderAppender - RaftServer{1} - Sending AppendRequest{term=1, leader=1, prevLogIndex=36, prevLogTerm=1, entries=0, commitIndex=36} to 2
02:47:42.513 [raft-server-2] TRACE i.a.p.raft.roles.FollowerRole - RaftServer{2}{role=FOLLOWER} - Received AppendRequest{term=1, leader=1, prevLogIndex=36, prevLogTerm=1, entries=0, commitIndex=36}
02:47:42.513 [raft-server-1-state] TRACE i.a.p.raft.impl.RaftServiceManager - RaftServer{1} - Applying Indexed{index=36, entry=CommandEntry{term=1, timestamp=2018-06-09 02:47:42,406, session=2, sequence=31, operation=PrimitiveOperation{id=DefaultOperationId{id=write, type=COMMAND}, value=byte[]{length=17, hash=-1644578928}}}}
02:47:42.513 [raft-server-1-state] TRACE i.a.p.s.impl.DefaultServiceExecutor - PrimitiveService{2}{type=io.atomix.protocols.raft.RaftTest$TestPrimitiveType@35843ad0, name=raft-test} - Executing DefaultCommit{index=36, session=RaftSession{RaftServiceContext{server=1, type=io.atomix.protocols.raft.RaftTest$TestPrimitiveType@35843ad0, name=raft-test, id=2}, session=2, timestamp=2018-06-09 02:47:42,406}, time=2018-06-09 02:47:42,406, operation=DefaultOperationId{id=write, type=COMMAND}, value=byte[]{length=17, hash=-1644578928}}
02:47:42.514 [raft-server-1-state] TRACE i.a.protocols.raft.roles.LeaderRole - RaftServer{1}{role=LEADER} - Sending CommandResponse{status=OK, index=36, eventIndex=2, result=byte[]{length=2, hash=1312}}
02:47:42.514 [raft-client-613ce1dd-77b1-4b52-a0bf-d277cef86e4f-6] TRACE i.a.p.r.p.impl.RaftProxyConnection - SessionClient{2}{type=io.atomix.protocols.raft.RaftTest$TestPrimitiveType@35bfa1bb, name=raft-test} - Received CommandResponse{status=OK, index=36, eventIndex=2, result=byte[]{length=2, hash=1312}} from 1
02:47:42.514 [raft-client-613ce1dd-77b1-4b52-a0bf-d277cef86e4f-6] TRACE i.a.p.r.p.impl.RaftProxySequencer - SessionClient{2}{type=io.atomix.protocols.raft.RaftTest$TestPrimitiveType@35bfa1bb, name=raft-test} - Completing response CommandResponse{status=OK, index=36, eventIndex=2, result=byte[]{length=2, hash=1312}}
02:47:42.514 [raft-client-613ce1dd-77b1-4b52-a0bf-d277cef86e4f-0] TRACE i.a.p.r.p.impl.RaftProxyConnection - SessionClient{2}{type=io.atomix.protocols.raft.RaftTest$TestPrimitiveType@35bfa1bb, name=raft-test} - Sending CommandRequest{session=2, sequence=32, operation=PrimitiveOperation{id=DefaultOperationId{id=write, type=COMMAND}, value=byte[]{length=17, hash=-1644578928}}} to 1
02:47:42.514 [raft-server-1] TRACE i.a.protocols.raft.roles.LeaderRole - RaftServer{1}{role=LEADER} - Received CommandRequest{session=2, sequence=32, operation=PrimitiveOperation{id=DefaultOperationId{id=write, type=COMMAND}, value=byte[]{length=17, hash=-1644578928}}}
02:47:42.514 [raft-server-1] TRACE i.a.protocols.raft.roles.LeaderRole - RaftServer{1}{role=LEADER} - Appended Indexed{index=37, entry=CommandEntry{term=1, timestamp=2018-06-09 02:47:42,514, session=2, sequence=32, operation=PrimitiveOperation{id=DefaultOperationId{id=write, type=COMMAND}, value=byte[]{length=17, hash=-1644578928}}}}
02:47:42.546 [raft-server-2] TRACE i.a.p.raft.roles.FollowerRole - RaftServer{2}{role=FOLLOWER} - Committed entries up to index 36
02:47:42.546 [raft-server-3] TRACE i.a.p.raft.roles.FollowerRole - RaftServer{3}{role=FOLLOWER} - Committed entries up to index 36
02:47:42.546 [raft-server-2] TRACE i.a.p.raft.roles.FollowerRole - RaftServer{2}{role=FOLLOWER} - Sending AppendResponse{status=OK, term=1, succeeded=true, lastLogIndex=36}
02:47:42.546 [raft-server-3] TRACE i.a.p.raft.roles.FollowerRole - RaftServer{3}{role=FOLLOWER} - Sending AppendResponse{status=OK, term=1, succeeded=true, lastLogIndex=36}
02:47:42.546 [raft-server-1] TRACE i.a.p.raft.roles.LeaderAppender - RaftServer{1} - Received AppendResponse{status=OK, term=1, succeeded=true, lastLogIndex=36} from 2
02:47:42.546 [raft-server-2-state] TRACE i.a.p.raft.impl.RaftServiceManager - RaftServer{2} - Applying Indexed{index=36, entry=CommandEntry{term=1, timestamp=2018-06-09 02:47:42,406, session=2, sequence=31, operation=PrimitiveOperation{id=DefaultOperationId{id=write, type=COMMAND}, value=byte[]{length=17, hash=-1644578928}}}}
02:47:42.546 [raft-server-3-state] TRACE i.a.p.raft.impl.RaftServiceManager - RaftServer{3} - Applying Indexed{index=36, entry=CommandEntry{term=1, timestamp=2018-06-09 02:47:42,406, session=2, sequence=31, operation=PrimitiveOperation{id=DefaultOperationId{id=write, type=COMMAND}, value=byte[]{length=17, hash=-1644578928}}}}
02:47:42.547 [raft-server-1] TRACE i.a.p.raft.roles.LeaderAppender - RaftServer{1} - Sending AppendRequest{term=1, leader=1, prevLogIndex=36, prevLogTerm=1, entries=1, commitIndex=36} to 2
02:47:42.547 [raft-server-2-state] TRACE i.a.p.s.impl.DefaultServiceExecutor - PrimitiveService{2}{type=io.atomix.protocols.raft.RaftTest$TestPrimitiveType@8dc7f31, name=raft-test} - Executing DefaultCommit{index=36, session=RaftSession{RaftServiceContext{server=2, type=io.atomix.protocols.raft.RaftTest$TestPrimitiveType@8dc7f31, name=raft-test, id=2}, session=2, timestamp=2018-06-09 02:47:42,406}, time=2018-06-09 02:47:42,406, operation=DefaultOperationId{id=write, type=COMMAND}, value=byte[]{length=17, hash=-1644578928}}
02:47:42.547 [raft-server-3-state] TRACE i.a.p.s.impl.DefaultServiceExecutor - PrimitiveService{2}{type=io.atomix.protocols.raft.RaftTest$TestPrimitiveType@260d6206, name=raft-test} - Executing DefaultCommit{index=36, session=RaftSession{RaftServiceContext{server=3, type=io.atomix.protocols.raft.RaftTest$TestPrimitiveType@260d6206, name=raft-test, id=2}, session=2, timestamp=2018-06-09 02:47:42,406}, time=2018-06-09 02:47:42,406, operation=DefaultOperationId{id=write, type=COMMAND}, value=byte[]{length=17, hash=-1644578928}}
02:47:42.547 [raft-server-1] TRACE i.a.p.raft.roles.LeaderAppender - RaftServer{1} - Received AppendResponse{status=OK, term=1, succeeded=true, lastLogIndex=36} from 3
02:47:42.547 [raft-server-2] TRACE i.a.p.raft.roles.FollowerRole - RaftServer{2}{role=FOLLOWER} - Received AppendRequest{term=1, leader=1, prevLogIndex=36, prevLogTerm=1, entries=1, commitIndex=36}
02:47:42.547 [raft-server-1] TRACE i.a.p.raft.roles.LeaderAppender - RaftServer{1} - Sending AppendRequest{term=1, leader=1, prevLogIndex=36, prevLogTerm=1, entries=1, commitIndex=36} to 3
02:47:42.547 [raft-server-2] TRACE i.a.p.raft.roles.FollowerRole - RaftServer{2}{role=FOLLOWER} - Appended Indexed{index=37, entry=CommandEntry{term=1, timestamp=2018-06-09 02:47:42,514, session=2, sequence=32, operation=PrimitiveOperation{id=DefaultOperationId{id=write, type=COMMAND}, value=byte[]{length=17, hash=-1644578928}}}}
02:47:42.547 [raft-server-2] TRACE i.a.p.raft.roles.FollowerRole - RaftServer{2}{role=FOLLOWER} - Sending AppendResponse{status=OK, term=1, succeeded=true, lastLogIndex=37}
02:47:42.547 [raft-server-3] TRACE i.a.p.raft.roles.FollowerRole - RaftServer{3}{role=FOLLOWER} - Received AppendRequest{term=1, leader=1, prevLogIndex=36, prevLogTerm=1, entries=1, commitIndex=36}
02:47:42.547 [raft-server-1] TRACE i.a.p.raft.roles.LeaderAppender - RaftServer{1} - Received AppendResponse{status=OK, term=1, succeeded=true, lastLogIndex=37} from 2
02:47:42.547 [raft-server-1] TRACE i.a.p.raft.roles.LeaderAppender - RaftServer{1} - Committed entries up to 37
02:47:42.547 [raft-server-3] TRACE i.a.p.raft.roles.FollowerRole - RaftServer{3}{role=FOLLOWER} - Appended Indexed{index=37, entry=CommandEntry{term=1, timestamp=2018-06-09 02:47:42,514, session=2, sequence=32, operation=PrimitiveOperation{id=DefaultOperationId{id=write, type=COMMAND}, value=byte[]{length=17, hash=-1644578928}}}}
02:47:42.547 [raft-server-3] TRACE i.a.p.raft.roles.FollowerRole - RaftServer{3}{role=FOLLOWER} - Sending AppendResponse{status=OK, term=1, succeeded=true, lastLogIndex=37}
02:47:42.579 [raft-server-1] TRACE i.a.p.raft.roles.LeaderAppender - RaftServer{1} - Received AppendResponse{status=OK, term=1, succeeded=true, lastLogIndex=37} from 3
02:47:42.580 [raft-server-1-state] TRACE i.a.p.raft.impl.RaftServiceManager - RaftServer{1} - Applying Indexed{index=37, entry=CommandEntry{term=1, timestamp=2018-06-09 02:47:42,514, session=2, sequence=32, operation=PrimitiveOperation{id=DefaultOperationId{id=write, type=COMMAND}, value=byte[]{length=17, hash=-1644578928}}}}
02:47:42.580 [raft-server-1-state] TRACE i.a.p.s.impl.DefaultServiceExecutor - PrimitiveService{2}{type=io.atomix.protocols.raft.RaftTest$TestPrimitiveType@35843ad0, name=raft-test} - Executing DefaultCommit{index=37, session=RaftSession{RaftServiceContext{server=1, type=io.atomix.protocols.raft.RaftTest$TestPrimitiveType@35843ad0, name=raft-test, id=2}, session=2, timestamp=2018-06-09 02:47:42,514}, time=2018-06-09 02:47:42,514, operation=DefaultOperationId{id=write, type=COMMAND}, value=byte[]{length=17, hash=-1644578928}}
02:47:42.580 [raft-server-1-state] TRACE i.a.protocols.raft.roles.LeaderRole - RaftServer{1}{role=LEADER} - Sending CommandResponse{status=OK, index=37, eventIndex=2, result=byte[]{length=2, hash=1314}}
02:47:42.580 [raft-client-613ce1dd-77b1-4b52-a0bf-d277cef86e4f-1] TRACE i.a.p.r.p.impl.RaftProxyConnection - SessionClient{2}{type=io.atomix.protocols.raft.RaftTest$TestPrimitiveType@35bfa1bb, name=raft-test} - Received CommandResponse{status=OK, index=37, eventIndex=2, result=byte[]{length=2, hash=1314}} from 1
02:47:42.580 [raft-client-613ce1dd-77b1-4b52-a0bf-d277cef86e4f-1] TRACE i.a.p.r.p.impl.RaftProxySequencer - SessionClient{2}{type=io.atomix.protocols.raft.RaftTest$TestPrimitiveType@35bfa1bb, name=raft-test} - Completing response CommandResponse{status=OK, index=37, eventIndex=2, result=byte[]{length=2, hash=1314}}
02:47:42.580 [raft-client-613ce1dd-77b1-4b52-a0bf-d277cef86e4f-4] TRACE i.a.p.r.p.impl.RaftProxyConnection - SessionClient{2}{type=io.atomix.protocols.raft.RaftTest$TestPrimitiveType@35bfa1bb, name=raft-test} - Sending CommandRequest{session=2, sequence=33, operation=PrimitiveOperation{id=DefaultOperationId{id=write, type=COMMAND}, value=byte[]{length=17, hash=-1644578928}}} to 1
02:47:42.581 [raft-server-1] TRACE i.a.protocols.raft.roles.LeaderRole - RaftServer{1}{role=LEADER} - Received CommandRequest{session=2, sequence=33, operation=PrimitiveOperation{id=DefaultOperationId{id=write, type=COMMAND}, value=byte[]{length=17, hash=-1644578928}}}
02:47:42.581 [raft-server-1] TRACE i.a.protocols.raft.roles.LeaderRole - RaftServer{1}{role=LEADER} - Appended Indexed{index=38, entry=CommandEntry{term=1, timestamp=2018-06-09 02:47:42,581, session=2, sequence=33, operation=PrimitiveOperation{id=DefaultOperationId{id=write, type=COMMAND}, value=byte[]{length=17, hash=-1644578928}}}}
02:47:42.581 [raft-server-1] TRACE i.a.p.raft.roles.LeaderAppender - RaftServer{1} - Sending AppendRequest{term=1, leader=1, prevLogIndex=37, prevLogTerm=1, entries=1, commitIndex=37} to 3
02:47:42.581 [raft-server-3] TRACE i.a.p.raft.roles.FollowerRole - RaftServer{3}{role=FOLLOWER} - Received AppendRequest{term=1, leader=1, prevLogIndex=37, prevLogTerm=1, entries=1, commitIndex=37}
02:47:42.581 [raft-server-1] TRACE i.a.p.raft.roles.LeaderAppender - RaftServer{1} - Sending AppendRequest{term=1, leader=1, prevLogIndex=37, prevLogTerm=1, entries=1, commitIndex=37} to 2
02:47:42.582 [raft-server-3] TRACE i.a.p.raft.roles.FollowerRole - RaftServer{3}{role=FOLLOWER} - Appended Indexed{index=38, entry=CommandEntry{term=1, timestamp=2018-06-09 02:47:42,581, session=2, sequence=33, operation=PrimitiveOperation{id=DefaultOperationId{id=write, type=COMMAND}, value=byte[]{length=17, hash=-1644578928}}}}
02:47:42.582 [raft-server-2] TRACE i.a.p.raft.roles.FollowerRole - RaftServer{2}{role=FOLLOWER} - Received AppendRequest{term=1, leader=1, prevLogIndex=37, prevLogTerm=1, entries=1, commitIndex=37}
02:47:42.585 [raft-server-2] TRACE i.a.p.raft.roles.FollowerRole - RaftServer{2}{role=FOLLOWER} - Appended Indexed{index=38, entry=CommandEntry{term=1, timestamp=2018-06-09 02:47:42,581, session=2, sequence=33, operation=PrimitiveOperation{id=DefaultOperationId{id=write, type=COMMAND}, value=byte[]{length=17, hash=-1644578928}}}}
02:47:42.621 [raft-server-3] TRACE i.a.p.raft.roles.FollowerRole - RaftServer{3}{role=FOLLOWER} - Committed entries up to index 37
02:47:42.621 [raft-server-3] TRACE i.a.p.raft.roles.FollowerRole - RaftServer{3}{role=FOLLOWER} - Sending AppendResponse{status=OK, term=1, succeeded=true, lastLogIndex=38}
02:47:42.621 [raft-server-1] TRACE i.a.p.raft.roles.LeaderAppender - RaftServer{1} - Received AppendResponse{status=OK, term=1, succeeded=true, lastLogIndex=38} from 3
02:47:42.621 [raft-server-1] TRACE i.a.p.raft.roles.LeaderAppender - RaftServer{1} - Committed entries up to 38
02:47:42.622 [raft-server-3-state] TRACE i.a.p.raft.impl.RaftServiceManager - RaftServer{3} - Applying Indexed{index=37, entry=CommandEntry{term=1, timestamp=2018-06-09 02:47:42,514, session=2, sequence=32, operation=PrimitiveOperation{id=DefaultOperationId{id=write, type=COMMAND}, value=byte[]{length=17, hash=-1644578928}}}}
02:47:42.622 [raft-server-3-state] TRACE i.a.p.s.impl.DefaultServiceExecutor - PrimitiveService{2}{type=io.atomix.protocols.raft.RaftTest$TestPrimitiveType@260d6206, name=raft-test} - Executing DefaultCommit{index=37, session=RaftSession{RaftServiceContext{server=3, type=io.atomix.protocols.raft.RaftTest$TestPrimitiveType@260d6206, name=raft-test, id=2}, session=2, timestamp=2018-06-09 02:47:42,514}, time=2018-06-09 02:47:42,514, operation=DefaultOperationId{id=write, type=COMMAND}, value=byte[]{length=17, hash=-1644578928}}
02:47:42.663 [raft-server-2] TRACE i.a.p.raft.roles.FollowerRole - RaftServer{2}{role=FOLLOWER} - Committed entries up to index 37
02:47:42.664 [raft-server-2] TRACE i.a.p.raft.roles.FollowerRole - RaftServer{2}{role=FOLLOWER} - Sending AppendResponse{status=OK, term=1, succeeded=true, lastLogIndex=38}
02:47:42.664 [raft-server-2-state] TRACE i.a.p.raft.impl.RaftServiceManager - RaftServer{2} - Applying Indexed{index=37, entry=CommandEntry{term=1, timestamp=2018-06-09 02:47:42,514, session=2, sequence=32, operation=PrimitiveOperation{id=DefaultOperationId{id=write, type=COMMAND}, value=byte[]{length=17, hash=-1644578928}}}}
02:47:42.664 [raft-server-2-state] TRACE i.a.p.s.impl.DefaultServiceExecutor - PrimitiveService{2}{type=io.atomix.protocols.raft.RaftTest$TestPrimitiveType@8dc7f31, name=raft-test} - Executing DefaultCommit{index=37, session=RaftSession{RaftServiceContext{server=2, type=io.atomix.protocols.raft.RaftTest$TestPrimitiveType@8dc7f31, name=raft-test, id=2}, session=2, timestamp=2018-06-09 02:47:42,514}, time=2018-06-09 02:47:42,514, operation=DefaultOperationId{id=write, type=COMMAND}, value=byte[]{length=17, hash=-1644578928}}
02:47:42.705 [raft-server-1] TRACE i.a.p.raft.roles.LeaderAppender - RaftServer{1} - Received AppendResponse{status=OK, term=1, succeeded=true, lastLogIndex=38} from 2
02:47:42.705 [raft-server-1-state] TRACE i.a.p.raft.impl.RaftServiceManager - RaftServer{1} - Applying Indexed{index=38, entry=CommandEntry{term=1, timestamp=2018-06-09 02:47:42,581, session=2, sequence=33, operation=PrimitiveOperation{id=DefaultOperationId{id=write, type=COMMAND}, value=byte[]{length=17, hash=-1644578928}}}}
02:47:42.706 [raft-server-1-state] TRACE i.a.p.s.impl.DefaultServiceExecutor - PrimitiveService{2}{type=io.atomix.protocols.raft.RaftTest$TestPrimitiveType@35843ad0, name=raft-test} - Executing DefaultCommit{index=38, session=RaftSession{RaftServiceContext{server=1, type=io.atomix.protocols.raft.RaftTest$TestPrimitiveType@35843ad0, name=raft-test, id=2}, session=2, timestamp=2018-06-09 02:47:42,581}, time=2018-06-09 02:47:42,581, operation=DefaultOperationId{id=write, type=COMMAND}, value=byte[]{length=17, hash=-1644578928}}
02:47:42.706 [raft-server-1-state] TRACE i.a.protocols.raft.roles.LeaderRole - RaftServer{1}{role=LEADER} - Sending CommandResponse{status=OK, index=38, eventIndex=2, result=byte[]{length=2, hash=1316}}
02:47:42.706 [raft-client-613ce1dd-77b1-4b52-a0bf-d277cef86e4f-2] TRACE i.a.p.r.p.impl.RaftProxyConnection - SessionClient{2}{type=io.atomix.protocols.raft.RaftTest$TestPrimitiveType@35bfa1bb, name=raft-test} - Received CommandResponse{status=OK, index=38, eventIndex=2, result=byte[]{length=2, hash=1316}} from 1
02:47:42.706 [raft-client-613ce1dd-77b1-4b52-a0bf-d277cef86e4f-2] TRACE i.a.p.r.p.impl.RaftProxySequencer - SessionClient{2}{type=io.atomix.protocols.raft.RaftTest$TestPrimitiveType@35bfa1bb, name=raft-test} - Completing response CommandResponse{status=OK, index=38, eventIndex=2, result=byte[]{length=2, hash=1316}}
02:47:42.706 [raft-client-613ce1dd-77b1-4b52-a0bf-d277cef86e4f-2] TRACE i.a.p.r.p.impl.RaftProxyConnection - SessionClient{2}{type=io.atomix.protocols.raft.RaftTest$TestPrimitiveType@35bfa1bb, name=raft-test} - Sending CommandRequest{session=2, sequence=34, operation=PrimitiveOperation{id=DefaultOperationId{id=write, type=COMMAND}, value=byte[]{length=17, hash=-1644578928}}} to 1
02:47:42.706 [raft-server-1] TRACE i.a.protocols.raft.roles.LeaderRole - RaftServer{1}{role=LEADER} - Received CommandRequest{session=2, sequence=34, operation=PrimitiveOperation{id=DefaultOperationId{id=write, type=COMMAND}, value=byte[]{length=17, hash=-1644578928}}}
02:47:42.706 [raft-server-1] TRACE i.a.protocols.raft.roles.LeaderRole - RaftServer{1}{role=LEADER} - Appended Indexed{index=39, entry=CommandEntry{term=1, timestamp=2018-06-09 02:47:42,706, session=2, sequence=34, operation=PrimitiveOperation{id=DefaultOperationId{id=write, type=COMMAND}, value=byte[]{length=17, hash=-1644578928}}}}
02:47:42.707 [raft-server-1] TRACE i.a.p.raft.roles.LeaderAppender - RaftServer{1} - Sending AppendRequest{term=1, leader=1, prevLogIndex=38, prevLogTerm=1, entries=1, commitIndex=38} to 3
02:47:42.707 [raft-server-3] TRACE i.a.p.raft.roles.FollowerRole - RaftServer{3}{role=FOLLOWER} - Received AppendRequest{term=1, leader=1, prevLogIndex=38, prevLogTerm=1, entries=1, commitIndex=38}
02:47:42.707 [raft-server-1] TRACE i.a.p.raft.roles.LeaderAppender - RaftServer{1} - Sending AppendRequest{term=1, leader=1, prevLogIndex=38, prevLogTerm=1, entries=1, commitIndex=38} to 2
02:47:42.707 [raft-server-3] TRACE i.a.p.raft.roles.FollowerRole - RaftServer{3}{role=FOLLOWER} - Appended Indexed{index=39, entry=CommandEntry{term=1, timestamp=2018-06-09 02:47:42,706, session=2, sequence=34, operation=PrimitiveOperation{id=DefaultOperationId{id=write, type=COMMAND}, value=byte[]{length=17, hash=-1644578928}}}}
02:47:42.707 [raft-server-2] TRACE i.a.p.raft.roles.FollowerRole - RaftServer{2}{role=FOLLOWER} - Received AppendRequest{term=1, leader=1, prevLogIndex=38, prevLogTerm=1, entries=1, commitIndex=38}
02:47:42.707 [raft-server-2] TRACE i.a.p.raft.roles.FollowerRole - RaftServer{2}{role=FOLLOWER} - Appended Indexed{index=39, entry=CommandEntry{term=1, timestamp=2018-06-09 02:47:42,706, session=2, sequence=34, operation=PrimitiveOperation{id=DefaultOperationId{id=write, type=COMMAND}, value=byte[]{length=17, hash=-1644578928}}}}
02:47:42.743 [raft-server-3] TRACE i.a.p.raft.roles.FollowerRole - RaftServer{3}{role=FOLLOWER} - Committed entries up to index 38
02:47:42.743 [raft-server-3] TRACE i.a.p.raft.roles.FollowerRole - RaftServer{3}{role=FOLLOWER} - Sending AppendResponse{status=OK, term=1, succeeded=true, lastLogIndex=39}
02:47:42.744 [raft-server-1] TRACE i.a.p.raft.roles.LeaderAppender - RaftServer{1} - Received AppendResponse{status=OK, term=1, succeeded=true, lastLogIndex=39} from 3
02:47:42.744 [raft-server-3-state] TRACE i.a.p.raft.impl.RaftServiceManager - RaftServer{3} - Applying Indexed{index=38, entry=CommandEntry{term=1, timestamp=2018-06-09 02:47:42,581, session=2, sequence=33, operation=PrimitiveOperation{id=DefaultOperationId{id=write, type=COMMAND}, value=byte[]{length=17, hash=-1644578928}}}}
02:47:42.744 [raft-server-1] TRACE i.a.p.raft.roles.LeaderAppender - RaftServer{1} - Committed entries up to 39
02:47:42.744 [raft-server-3-state] TRACE i.a.p.s.impl.DefaultServiceExecutor - PrimitiveService{2}{type=io.atomix.protocols.raft.RaftTest$TestPrimitiveType@260d6206, name=raft-test} - Executing DefaultCommit{index=38, session=RaftSession{RaftServiceContext{server=3, type=io.atomix.protocols.raft.RaftTest$TestPrimitiveType@260d6206, name=raft-test, id=2}, session=2, timestamp=2018-06-09 02:47:42,581}, time=2018-06-09 02:47:42,581, operation=DefaultOperationId{id=write, type=COMMAND}, value=byte[]{length=17, hash=-1644578928}}
02:47:42.779 [raft-server-2] TRACE i.a.p.raft.roles.FollowerRole - RaftServer{2}{role=FOLLOWER} - Committed entries up to index 38
02:47:42.780 [raft-server-2] TRACE i.a.p.raft.roles.FollowerRole - RaftServer{2}{role=FOLLOWER} - Sending AppendResponse{status=OK, term=1, succeeded=true, lastLogIndex=39}
02:47:42.780 [raft-server-2-state] TRACE i.a.p.raft.impl.RaftServiceManager - RaftServer{2} - Applying Indexed{index=38, entry=CommandEntry{term=1, timestamp=2018-06-09 02:47:42,581, session=2, sequence=33, operation=PrimitiveOperation{id=DefaultOperationId{id=write, type=COMMAND}, value=byte[]{length=17, hash=-1644578928}}}}
02:47:42.780 [raft-server-2-state] TRACE i.a.p.s.impl.DefaultServiceExecutor - PrimitiveService{2}{type=io.atomix.protocols.raft.RaftTest$TestPrimitiveType@8dc7f31, name=raft-test} - Executing DefaultCommit{index=38, session=RaftSession{RaftServiceContext{server=2, type=io.atomix.protocols.raft.RaftTest$TestPrimitiveType@8dc7f31, name=raft-test, id=2}, session=2, timestamp=2018-06-09 02:47:42,581}, time=2018-06-09 02:47:42,581, operation=DefaultOperationId{id=write, type=COMMAND}, value=byte[]{length=17, hash=-1644578928}}
02:47:42.814 [raft-server-1] TRACE i.a.p.raft.roles.LeaderAppender - RaftServer{1} - Sending AppendRequest{term=1, leader=1, prevLogIndex=39, prevLogTerm=1, entries=0, commitIndex=39} to 3
02:47:42.814 [raft-server-1] TRACE i.a.p.raft.roles.LeaderAppender - RaftServer{1} - Received AppendResponse{status=OK, term=1, succeeded=true, lastLogIndex=39} from 2
02:47:42.814 [raft-server-3] TRACE i.a.p.raft.roles.FollowerRole - RaftServer{3}{role=FOLLOWER} - Received AppendRequest{term=1, leader=1, prevLogIndex=39, prevLogTerm=1, entries=0, commitIndex=39}
02:47:42.814 [raft-server-1] TRACE i.a.p.raft.roles.LeaderAppender - RaftServer{1} - Sending AppendRequest{term=1, leader=1, prevLogIndex=39, prevLogTerm=1, entries=0, commitIndex=39} to 2
02:47:42.814 [raft-server-2] TRACE i.a.p.raft.roles.FollowerRole - RaftServer{2}{role=FOLLOWER} - Received AppendRequest{term=1, leader=1, prevLogIndex=39, prevLogTerm=1, entries=0, commitIndex=39}
02:47:42.814 [raft-server-2] TRACE i.a.p.raft.roles.FollowerRole - RaftServer{2}{role=FOLLOWER} - Committed entries up to index 39
02:47:42.814 [raft-server-1-state] TRACE i.a.p.raft.impl.RaftServiceManager - RaftServer{1} - Applying Indexed{index=39, entry=CommandEntry{term=1, timestamp=2018-06-09 02:47:42,706, session=2, sequence=34, operation=PrimitiveOperation{id=DefaultOperationId{id=write, type=COMMAND}, value=byte[]{length=17, hash=-1644578928}}}}
02:47:42.814 [raft-server-2] TRACE i.a.p.raft.roles.FollowerRole - RaftServer{2}{role=FOLLOWER} - Sending AppendResponse{status=OK, term=1, succeeded=true, lastLogIndex=39}
02:47:42.814 [raft-server-2-state] TRACE i.a.p.raft.impl.RaftServiceManager - RaftServer{2} - Applying Indexed{index=39, entry=CommandEntry{term=1, timestamp=2018-06-09 02:47:42,706, session=2, sequence=34, operation=PrimitiveOperation{id=DefaultOperationId{id=write, type=COMMAND}, value=byte[]{length=17, hash=-1644578928}}}}
02:47:42.815 [raft-server-1] TRACE i.a.p.raft.roles.LeaderAppender - RaftServer{1} - Received AppendResponse{status=OK, term=1, succeeded=true, lastLogIndex=39} from 2
02:47:42.815 [raft-server-2-state] TRACE i.a.p.s.impl.DefaultServiceExecutor - PrimitiveService{2}{type=io.atomix.protocols.raft.RaftTest$TestPrimitiveType@8dc7f31, name=raft-test} - Executing DefaultCommit{index=39, session=RaftSession{RaftServiceContext{server=2, type=io.atomix.protocols.raft.RaftTest$TestPrimitiveType@8dc7f31, name=raft-test, id=2}, session=2, timestamp=2018-06-09 02:47:42,706}, time=2018-06-09 02:47:42,706, operation=DefaultOperationId{id=write, type=COMMAND}, value=byte[]{length=17, hash=-1644578928}}
02:47:42.814 [raft-server-1-state] TRACE i.a.p.s.impl.DefaultServiceExecutor - PrimitiveService{2}{type=io.atomix.protocols.raft.RaftTest$TestPrimitiveType@35843ad0, name=raft-test} - Executing DefaultCommit{index=39, session=RaftSession{RaftServiceContext{server=1, type=io.atomix.protocols.raft.RaftTest$TestPrimitiveType@35843ad0, name=raft-test, id=2}, session=2, timestamp=2018-06-09 02:47:42,706}, time=2018-06-09 02:47:42,706, operation=DefaultOperationId{id=write, type=COMMAND}, value=byte[]{length=17, hash=-1644578928}}
02:47:42.815 [raft-server-1-state] TRACE i.a.protocols.raft.roles.LeaderRole - RaftServer{1}{role=LEADER} - Sending CommandResponse{status=OK, index=39, eventIndex=2, result=byte[]{length=2, hash=1318}}
02:47:42.815 [raft-client-613ce1dd-77b1-4b52-a0bf-d277cef86e4f-6] TRACE i.a.p.r.p.impl.RaftProxyConnection - SessionClient{2}{type=io.atomix.protocols.raft.RaftTest$TestPrimitiveType@35bfa1bb, name=raft-test} - Received CommandResponse{status=OK, index=39, eventIndex=2, result=byte[]{length=2, hash=1318}} from 1
02:47:42.815 [raft-client-613ce1dd-77b1-4b52-a0bf-d277cef86e4f-6] TRACE i.a.p.r.p.impl.RaftProxySequencer - SessionClient{2}{type=io.atomix.protocols.raft.RaftTest$TestPrimitiveType@35bfa1bb, name=raft-test} - Completing response CommandResponse{status=OK, index=39, eventIndex=2, result=byte[]{length=2, hash=1318}}
02:47:42.815 [raft-client-613ce1dd-77b1-4b52-a0bf-d277cef86e4f-3] TRACE i.a.p.r.p.impl.RaftProxyConnection - SessionClient{2}{type=io.atomix.protocols.raft.RaftTest$TestPrimitiveType@35bfa1bb, name=raft-test} - Sending CommandRequest{session=2, sequence=35, operation=PrimitiveOperation{id=DefaultOperationId{id=write, type=COMMAND}, value=byte[]{length=17, hash=-1644578928}}} to 1
02:47:42.816 [raft-server-1] TRACE i.a.protocols.raft.roles.LeaderRole - RaftServer{1}{role=LEADER} - Received CommandRequest{session=2, sequence=35, operation=PrimitiveOperation{id=DefaultOperationId{id=write, type=COMMAND}, value=byte[]{length=17, hash=-1644578928}}}
02:47:42.816 [raft-server-1] TRACE i.a.protocols.raft.roles.LeaderRole - RaftServer{1}{role=LEADER} - Appended Indexed{index=40, entry=CommandEntry{term=1, timestamp=2018-06-09 02:47:42,816, session=2, sequence=35, operation=PrimitiveOperation{id=DefaultOperationId{id=write, type=COMMAND}, value=byte[]{length=17, hash=-1644578928}}}}
02:47:42.816 [raft-server-1] TRACE i.a.p.raft.roles.LeaderAppender - RaftServer{1} - Sending AppendRequest{term=1, leader=1, prevLogIndex=39, prevLogTerm=1, entries=1, commitIndex=39} to 2
02:47:42.816 [raft-server-2] TRACE i.a.p.raft.roles.FollowerRole - RaftServer{2}{role=FOLLOWER} - Received AppendRequest{term=1, leader=1, prevLogIndex=39, prevLogTerm=1, entries=1, commitIndex=39}
02:47:42.816 [raft-server-2] TRACE i.a.p.raft.roles.FollowerRole - RaftServer{2}{role=FOLLOWER} - Appended Indexed{index=40, entry=CommandEntry{term=1, timestamp=2018-06-09 02:47:42,816, session=2, sequence=35, operation=PrimitiveOperation{id=DefaultOperationId{id=write, type=COMMAND}, value=byte[]{length=17, hash=-1644578928}}}}
02:47:42.816 [raft-server-2] TRACE i.a.p.raft.roles.FollowerRole - RaftServer{2}{role=FOLLOWER} - Sending AppendResponse{status=OK, term=1, succeeded=true, lastLogIndex=40}
02:47:42.816 [raft-server-1] TRACE i.a.p.raft.roles.LeaderAppender - RaftServer{1} - Received AppendResponse{status=OK, term=1, succeeded=true, lastLogIndex=40} from 2
02:47:42.816 [raft-server-1] TRACE i.a.p.raft.roles.LeaderAppender - RaftServer{1} - Committed entries up to 40
02:47:42.856 [raft-server-3] TRACE i.a.p.raft.roles.FollowerRole - RaftServer{3}{role=FOLLOWER} - Committed entries up to index 39
02:47:42.856 [raft-server-3] TRACE i.a.p.raft.roles.FollowerRole - RaftServer{3}{role=FOLLOWER} - Sending AppendResponse{status=OK, term=1, succeeded=true, lastLogIndex=39}
02:47:42.856 [raft-server-3-state] TRACE i.a.p.raft.impl.RaftServiceManager - RaftServer{3} - Applying Indexed{index=39, entry=CommandEntry{term=1, timestamp=2018-06-09 02:47:42,706, session=2, sequence=34, operation=PrimitiveOperation{id=DefaultOperationId{id=write, type=COMMAND}, value=byte[]{length=17, hash=-1644578928}}}}
02:47:42.856 [raft-server-3-state] TRACE i.a.p.s.impl.DefaultServiceExecutor - PrimitiveService{2}{type=io.atomix.protocols.raft.RaftTest$TestPrimitiveType@260d6206, name=raft-test} - Executing DefaultCommit{index=39, session=RaftSession{RaftServiceContext{server=3, type=io.atomix.protocols.raft.RaftTest$TestPrimitiveType@260d6206, name=raft-test, id=2}, session=2, timestamp=2018-06-09 02:47:42,706}, time=2018-06-09 02:47:42,706, operation=DefaultOperationId{id=write, type=COMMAND}, value=byte[]{length=17, hash=-1644578928}}
02:47:42.885 [raft-server-1] TRACE i.a.p.raft.roles.LeaderAppender - RaftServer{1} - Received AppendResponse{status=OK, term=1, succeeded=true, lastLogIndex=39} from 3
02:47:42.885 [raft-server-1] TRACE i.a.p.raft.roles.LeaderAppender - RaftServer{1} - Sending AppendRequest{term=1, leader=1, prevLogIndex=39, prevLogTerm=1, entries=1, commitIndex=40} to 3
02:47:42.885 [raft-server-3] TRACE i.a.p.raft.roles.FollowerRole - RaftServer{3}{role=FOLLOWER} - Received AppendRequest{term=1, leader=1, prevLogIndex=39, prevLogTerm=1, entries=1, commitIndex=40}
02:47:42.885 [raft-server-3] TRACE i.a.p.raft.roles.FollowerRole - RaftServer{3}{role=FOLLOWER} - Appended Indexed{index=40, entry=CommandEntry{term=1, timestamp=2018-06-09 02:47:42,816, session=2, sequence=35, operation=PrimitiveOperation{id=DefaultOperationId{id=write, type=COMMAND}, value=byte[]{length=17, hash=-1644578928}}}}
02:47:42.885 [raft-server-1-state] TRACE i.a.p.raft.impl.RaftServiceManager - RaftServer{1} - Applying Indexed{index=40, entry=CommandEntry{term=1, timestamp=2018-06-09 02:47:42,816, session=2, sequence=35, operation=PrimitiveOperation{id=DefaultOperationId{id=write, type=COMMAND}, value=byte[]{length=17, hash=-1644578928}}}}
02:47:42.886 [raft-server-1-state] TRACE i.a.p.s.impl.DefaultServiceExecutor - PrimitiveService{2}{type=io.atomix.protocols.raft.RaftTest$TestPrimitiveType@35843ad0, name=raft-test} - Executing DefaultCommit{index=40, session=RaftSession{RaftServiceContext{server=1, type=io.atomix.protocols.raft.RaftTest$TestPrimitiveType@35843ad0, name=raft-test, id=2}, session=2, timestamp=2018-06-09 02:47:42,816}, time=2018-06-09 02:47:42,816, operation=DefaultOperationId{id=write, type=COMMAND}, value=byte[]{length=17, hash=-1644578928}}
02:47:42.886 [raft-server-1-state] TRACE i.a.protocols.raft.roles.LeaderRole - RaftServer{1}{role=LEADER} - Sending CommandResponse{status=OK, index=40, eventIndex=2, result=byte[]{length=2, hash=1320}}
02:47:42.886 [raft-client-613ce1dd-77b1-4b52-a0bf-d277cef86e4f-1] TRACE i.a.p.r.p.impl.RaftProxyConnection - SessionClient{2}{type=io.atomix.protocols.raft.RaftTest$TestPrimitiveType@35bfa1bb, name=raft-test} - Received CommandResponse{status=OK, index=40, eventIndex=2, result=byte[]{length=2, hash=1320}} from 1
02:47:42.886 [raft-client-613ce1dd-77b1-4b52-a0bf-d277cef86e4f-1] TRACE i.a.p.r.p.impl.RaftProxySequencer - SessionClient{2}{type=io.atomix.protocols.raft.RaftTest$TestPrimitiveType@35bfa1bb, name=raft-test} - Completing response CommandResponse{status=OK, index=40, eventIndex=2, result=byte[]{length=2, hash=1320}}
02:47:42.886 [raft-client-613ce1dd-77b1-4b52-a0bf-d277cef86e4f-5] TRACE i.a.p.r.p.impl.RaftProxyConnection - SessionClient{2}{type=io.atomix.protocols.raft.RaftTest$TestPrimitiveType@35bfa1bb, name=raft-test} - Sending CommandRequest{session=2, sequence=36, operation=PrimitiveOperation{id=DefaultOperationId{id=write, type=COMMAND}, value=byte[]{length=17, hash=-1644578928}}} to 1
02:47:42.886 [raft-server-1] TRACE i.a.protocols.raft.roles.LeaderRole - RaftServer{1}{role=LEADER} - Received CommandRequest{session=2, sequence=36, operation=PrimitiveOperation{id=DefaultOperationId{id=write, type=COMMAND}, value=byte[]{length=17, hash=-1644578928}}}
02:47:42.918 [raft-server-3] TRACE i.a.p.raft.roles.FollowerRole - RaftServer{3}{role=FOLLOWER} - Committed entries up to index 40
02:47:42.918 [raft-server-3] TRACE i.a.p.raft.roles.FollowerRole - RaftServer{3}{role=FOLLOWER} - Sending AppendResponse{status=OK, term=1, succeeded=true, lastLogIndex=40}
02:47:42.919 [raft-server-3-state] TRACE i.a.p.raft.impl.RaftServiceManager - RaftServer{3} - Applying Indexed{index=40, entry=CommandEntry{term=1, timestamp=2018-06-09 02:47:42,816, session=2, sequence=35, operation=PrimitiveOperation{id=DefaultOperationId{id=write, type=COMMAND}, value=byte[]{length=17, hash=-1644578928}}}}
02:47:42.919 [raft-server-3-state] TRACE i.a.p.s.impl.DefaultServiceExecutor - PrimitiveService{2}{type=io.atomix.protocols.raft.RaftTest$TestPrimitiveType@260d6206, name=raft-test} - Executing DefaultCommit{index=40, session=RaftSession{RaftServiceContext{server=3, type=io.atomix.protocols.raft.RaftTest$TestPrimitiveType@260d6206, name=raft-test, id=2}, session=2, timestamp=2018-06-09 02:47:42,816}, time=2018-06-09 02:47:42,816, operation=DefaultOperationId{id=write, type=COMMAND}, value=byte[]{length=17, hash=-1644578928}}
02:47:42.977 [raft-server-1] DEBUG i.a.storage.journal.SegmentedJournal - Created disk segment: JournalSegment{id=5, version=1, index=41, size=64}
02:47:42.977 [raft-server-1] TRACE i.a.protocols.raft.roles.LeaderRole - RaftServer{1}{role=LEADER} - Appended Indexed{index=41, entry=CommandEntry{term=1, timestamp=2018-06-09 02:47:42,886, session=2, sequence=36, operation=PrimitiveOperation{id=DefaultOperationId{id=write, type=COMMAND}, value=byte[]{length=17, hash=-1644578928}}}}
02:47:42.977 [raft-server-1] TRACE i.a.p.raft.roles.LeaderAppender - RaftServer{1} - Received AppendResponse{status=OK, term=1, succeeded=true, lastLogIndex=40} from 3
02:47:42.977 [raft-server-1] TRACE i.a.p.raft.roles.LeaderAppender - RaftServer{1} - Sending AppendRequest{term=1, leader=1, prevLogIndex=40, prevLogTerm=1, entries=1, commitIndex=40} to 3
02:47:42.977 [raft-server-3] TRACE i.a.p.raft.roles.FollowerRole - RaftServer{3}{role=FOLLOWER} - Received AppendRequest{term=1, leader=1, prevLogIndex=40, prevLogTerm=1, entries=1, commitIndex=40}
02:47:42.978 [raft-server-1] TRACE i.a.p.raft.roles.LeaderAppender - RaftServer{1} - Sending AppendRequest{term=1, leader=1, prevLogIndex=40, prevLogTerm=1, entries=1, commitIndex=40} to 2
02:47:42.978 [raft-server-2] TRACE i.a.p.raft.roles.FollowerRole - RaftServer{2}{role=FOLLOWER} - Received AppendRequest{term=1, leader=1, prevLogIndex=40, prevLogTerm=1, entries=1, commitIndex=40}
02:47:43.085 [raft-server-3] DEBUG i.a.storage.journal.SegmentedJournal - Created disk segment: JournalSegment{id=5, version=1, index=41, size=64}
02:47:43.086 [raft-server-3] TRACE i.a.p.raft.roles.FollowerRole - RaftServer{3}{role=FOLLOWER} - Appended Indexed{index=41, entry=CommandEntry{term=1, timestamp=2018-06-09 02:47:42,886, session=2, sequence=36, operation=PrimitiveOperation{id=DefaultOperationId{id=write, type=COMMAND}, value=byte[]{length=17, hash=-1644578928}}}}
02:47:43.086 [raft-server-3] TRACE i.a.p.raft.roles.FollowerRole - RaftServer{3}{role=FOLLOWER} - Sending AppendResponse{status=OK, term=1, succeeded=true, lastLogIndex=41}
02:47:43.086 [raft-server-1] TRACE i.a.p.raft.roles.LeaderAppender - RaftServer{1} - Received AppendResponse{status=OK, term=1, succeeded=true, lastLogIndex=41} from 3
02:47:43.086 [raft-server-1] TRACE i.a.p.raft.roles.LeaderAppender - RaftServer{1} - Committed entries up to 41
02:47:43.121 [raft-server-2] DEBUG i.a.storage.journal.SegmentedJournal - Created disk segment: JournalSegment{id=5, version=1, index=41, size=64}
02:47:43.121 [raft-server-2] TRACE i.a.p.raft.roles.FollowerRole - RaftServer{2}{role=FOLLOWER} - Appended Indexed{index=41, entry=CommandEntry{term=1, timestamp=2018-06-09 02:47:42,886, session=2, sequence=36, operation=PrimitiveOperation{id=DefaultOperationId{id=write, type=COMMAND}, value=byte[]{length=17, hash=-1644578928}}}}
02:47:43.154 [raft-server-1] TRACE i.a.p.raft.roles.LeaderAppender - RaftServer{1} - Sending AppendRequest{term=1, leader=1, prevLogIndex=41, prevLogTerm=1, entries=0, commitIndex=41} to 3
02:47:43.155 [raft-server-3] TRACE i.a.p.raft.roles.FollowerRole - RaftServer{3}{role=FOLLOWER} - Received AppendRequest{term=1, leader=1, prevLogIndex=41, prevLogTerm=1, entries=0, commitIndex=41}
02:47:43.155 [raft-server-1-state] TRACE i.a.p.raft.impl.RaftServiceManager - RaftServer{1} - Applying Indexed{index=41, entry=CommandEntry{term=1, timestamp=2018-06-09 02:47:42,886, session=2, sequence=36, operation=PrimitiveOperation{id=DefaultOperationId{id=write, type=COMMAND}, value=byte[]{length=17, hash=-1644578928}}}}
02:47:43.155 [raft-server-1-state] TRACE i.a.p.s.impl.DefaultServiceExecutor - PrimitiveService{2}{type=io.atomix.protocols.raft.RaftTest$TestPrimitiveType@35843ad0, name=raft-test} - Executing DefaultCommit{index=41, session=RaftSession{RaftServiceContext{server=1, type=io.atomix.protocols.raft.RaftTest$TestPrimitiveType@35843ad0, name=raft-test, id=2}, session=2, timestamp=2018-06-09 02:47:42,886}, time=2018-06-09 02:47:42,886, operation=DefaultOperationId{id=write, type=COMMAND}, value=byte[]{length=17, hash=-1644578928}}
02:47:43.155 [raft-server-1-state] TRACE i.a.protocols.raft.roles.LeaderRole - RaftServer{1}{role=LEADER} - Sending CommandResponse{status=OK, index=41, eventIndex=2, result=byte[]{length=2, hash=1322}}
02:47:43.155 [raft-client-613ce1dd-77b1-4b52-a0bf-d277cef86e4f-3] TRACE i.a.p.r.p.impl.RaftProxyConnection - SessionClient{2}{type=io.atomix.protocols.raft.RaftTest$TestPrimitiveType@35bfa1bb, name=raft-test} - Received CommandResponse{status=OK, index=41, eventIndex=2, result=byte[]{length=2, hash=1322}} from 1
02:47:43.155 [raft-client-613ce1dd-77b1-4b52-a0bf-d277cef86e4f-3] TRACE i.a.p.r.p.impl.RaftProxySequencer - SessionClient{2}{type=io.atomix.protocols.raft.RaftTest$TestPrimitiveType@35bfa1bb, name=raft-test} - Completing response CommandResponse{status=OK, index=41, eventIndex=2, result=byte[]{length=2, hash=1322}}
02:47:43.155 [raft-client-613ce1dd-77b1-4b52-a0bf-d277cef86e4f-0] TRACE i.a.p.r.p.impl.RaftProxyConnection - SessionClient{2}{type=io.atomix.protocols.raft.RaftTest$TestPrimitiveType@35bfa1bb, name=raft-test} - Sending CommandRequest{session=2, sequence=37, operation=PrimitiveOperation{id=DefaultOperationId{id=write, type=COMMAND}, value=byte[]{length=17, hash=-1644578928}}} to 1
02:47:43.155 [raft-server-1] TRACE i.a.protocols.raft.roles.LeaderRole - RaftServer{1}{role=LEADER} - Received CommandRequest{session=2, sequence=37, operation=PrimitiveOperation{id=DefaultOperationId{id=write, type=COMMAND}, value=byte[]{length=17, hash=-1644578928}}}
02:47:43.156 [raft-server-1] TRACE i.a.protocols.raft.roles.LeaderRole - RaftServer{1}{role=LEADER} - Appended Indexed{index=42, entry=CommandEntry{term=1, timestamp=2018-06-09 02:47:43,156, session=2, sequence=37, operation=PrimitiveOperation{id=DefaultOperationId{id=write, type=COMMAND}, value=byte[]{length=17, hash=-1644578928}}}}
02:47:43.156 [raft-server-1] TRACE i.a.p.raft.roles.LeaderAppender - RaftServer{1} - Sending AppendRequest{term=1, leader=1, prevLogIndex=41, prevLogTerm=1, entries=1, commitIndex=41} to 2
02:47:43.196 [raft-server-2] TRACE i.a.p.raft.roles.FollowerRole - RaftServer{2}{role=FOLLOWER} - Committed entries up to index 40
02:47:43.196 [raft-server-2] TRACE i.a.p.raft.roles.FollowerRole - RaftServer{2}{role=FOLLOWER} - Sending AppendResponse{status=OK, term=1, succeeded=true, lastLogIndex=41}
02:47:43.196 [raft-server-2] TRACE i.a.p.raft.roles.FollowerRole - RaftServer{2}{role=FOLLOWER} - Received AppendRequest{term=1, leader=1, prevLogIndex=41, prevLogTerm=1, entries=1, commitIndex=41}
02:47:43.196 [raft-server-1] TRACE i.a.p.raft.roles.LeaderAppender - RaftServer{1} - Received AppendResponse{status=OK, term=1, succeeded=true, lastLogIndex=41} from 2
02:47:43.196 [raft-server-1] TRACE i.a.p.raft.roles.LeaderAppender - RaftServer{1} - Sending AppendRequest{term=1, leader=1, prevLogIndex=41, prevLogTerm=1, entries=1, commitIndex=41} to 3
02:47:43.196 [raft-server-2] TRACE i.a.p.raft.roles.FollowerRole - RaftServer{2}{role=FOLLOWER} - Appended Indexed{index=42, entry=CommandEntry{term=1, timestamp=2018-06-09 02:47:43,156, session=2, sequence=37, operation=PrimitiveOperation{id=DefaultOperationId{id=write, type=COMMAND}, value=byte[]{length=17, hash=-1644578928}}}}
02:47:43.237 [raft-server-3] TRACE i.a.p.raft.roles.FollowerRole - RaftServer{3}{role=FOLLOWER} - Committed entries up to index 41
02:47:43.237 [raft-server-3] TRACE i.a.p.raft.roles.FollowerRole - RaftServer{3}{role=FOLLOWER} - Sending AppendResponse{status=OK, term=1, succeeded=true, lastLogIndex=41}
02:47:43.237 [raft-server-3] TRACE i.a.p.raft.roles.FollowerRole - RaftServer{3}{role=FOLLOWER} - Received AppendRequest{term=1, leader=1, prevLogIndex=41, prevLogTerm=1, entries=1, commitIndex=41}
02:47:43.237 [raft-server-1] TRACE i.a.p.raft.roles.LeaderAppender - RaftServer{1} - Received AppendResponse{status=OK, term=1, succeeded=true, lastLogIndex=41} from 3
02:47:43.237 [raft-server-3] TRACE i.a.p.raft.roles.FollowerRole - RaftServer{3}{role=FOLLOWER} - Appended Indexed{index=42, entry=CommandEntry{term=1, timestamp=2018-06-09 02:47:43,156, session=2, sequence=37, operation=PrimitiveOperation{id=DefaultOperationId{id=write, type=COMMAND}, value=byte[]{length=17, hash=-1644578928}}}}
02:47:43.238 [raft-server-3] TRACE i.a.p.raft.roles.FollowerRole - RaftServer{3}{role=FOLLOWER} - Sending AppendResponse{status=OK, term=1, succeeded=true, lastLogIndex=42}
02:47:43.238 [raft-server-1] TRACE i.a.p.raft.roles.LeaderAppender - RaftServer{1} - Received AppendResponse{status=OK, term=1, succeeded=true, lastLogIndex=42} from 3
02:47:43.238 [raft-server-1] TRACE i.a.p.raft.roles.LeaderAppender - RaftServer{1} - Committed entries up to 42
02:47:43.238 [raft-server-3-state] TRACE i.a.p.raft.impl.RaftServiceManager - RaftServer{3} - Applying Indexed{index=41, entry=CommandEntry{term=1, timestamp=2018-06-09 02:47:42,886, session=2, sequence=36, operation=PrimitiveOperation{id=DefaultOperationId{id=write, type=COMMAND}, value=byte[]{length=17, hash=-1644578928}}}}
02:47:43.238 [raft-server-3-state] TRACE i.a.p.s.impl.DefaultServiceExecutor - PrimitiveService{2}{type=io.atomix.protocols.raft.RaftTest$TestPrimitiveType@260d6206, name=raft-test} - Executing DefaultCommit{index=41, session=RaftSession{RaftServiceContext{server=3, type=io.atomix.protocols.raft.RaftTest$TestPrimitiveType@260d6206, name=raft-test, id=2}, session=2, timestamp=2018-06-09 02:47:42,886}, time=2018-06-09 02:47:42,886, operation=DefaultOperationId{id=write, type=COMMAND}, value=byte[]{length=17, hash=-1644578928}}
02:47:43.279 [raft-server-2] TRACE i.a.p.raft.roles.FollowerRole - RaftServer{2}{role=FOLLOWER} - Committed entries up to index 41
02:47:43.279 [raft-server-2] TRACE i.a.p.raft.roles.FollowerRole - RaftServer{2}{role=FOLLOWER} - Sending AppendResponse{status=OK, term=1, succeeded=true, lastLogIndex=42}
02:47:43.280 [raft-server-2-state] TRACE i.a.p.raft.impl.RaftServiceManager - RaftServer{2} - Applying Indexed{index=40, entry=CommandEntry{term=1, timestamp=2018-06-09 02:47:42,816, session=2, sequence=35, operation=PrimitiveOperation{id=DefaultOperationId{id=write, type=COMMAND}, value=byte[]{length=17, hash=-1644578928}}}}
02:47:43.280 [raft-server-2-state] TRACE i.a.p.s.impl.DefaultServiceExecutor - PrimitiveService{2}{type=io.atomix.protocols.raft.RaftTest$TestPrimitiveType@8dc7f31, name=raft-test} - Executing DefaultCommit{index=40, session=RaftSession{RaftServiceContext{server=2, type=io.atomix.protocols.raft.RaftTest$TestPrimitiveType@8dc7f31, name=raft-test, id=2}, session=2, timestamp=2018-06-09 02:47:42,816}, time=2018-06-09 02:47:42,816, operation=DefaultOperationId{id=write, type=COMMAND}, value=byte[]{length=17, hash=-1644578928}}
02:47:43.280 [raft-server-2-state] TRACE i.a.p.raft.impl.RaftServiceManager - RaftServer{2} - Applying Indexed{index=41, entry=CommandEntry{term=1, timestamp=2018-06-09 02:47:42,886, session=2, sequence=36, operation=PrimitiveOperation{id=DefaultOperationId{id=write, type=COMMAND}, value=byte[]{length=17, hash=-1644578928}}}}
02:47:43.280 [raft-server-2-state] TRACE i.a.p.s.impl.DefaultServiceExecutor - PrimitiveService{2}{type=io.atomix.protocols.raft.RaftTest$TestPrimitiveType@8dc7f31, name=raft-test} - Executing DefaultCommit{index=41, session=RaftSession{RaftServiceContext{server=2, type=io.atomix.protocols.raft.RaftTest$TestPrimitiveType@8dc7f31, name=raft-test, id=2}, session=2, timestamp=2018-06-09 02:47:42,886}, time=2018-06-09 02:47:42,886, operation=DefaultOperationId{id=write, type=COMMAND}, value=byte[]{length=17, hash=-1644578928}}
02:47:43.305 [raft-server-1] TRACE i.a.p.raft.roles.LeaderAppender - RaftServer{1} - Sending AppendRequest{term=1, leader=1, prevLogIndex=42, prevLogTerm=1, entries=0, commitIndex=42} to 3
02:47:43.305 [raft-server-3] TRACE i.a.p.raft.roles.FollowerRole - RaftServer{3}{role=FOLLOWER} - Received AppendRequest{term=1, leader=1, prevLogIndex=42, prevLogTerm=1, entries=0, commitIndex=42}
02:47:43.305 [raft-server-1] TRACE i.a.p.raft.roles.LeaderAppender - RaftServer{1} - Received AppendResponse{status=OK, term=1, succeeded=true, lastLogIndex=42} from 2
02:47:43.305 [raft-server-1] TRACE i.a.p.raft.roles.LeaderAppender - RaftServer{1} - Sending AppendRequest{term=1, leader=1, prevLogIndex=42, prevLogTerm=1, entries=0, commitIndex=42} to 2
02:47:43.305 [raft-server-2] TRACE i.a.p.raft.roles.FollowerRole - RaftServer{2}{role=FOLLOWER} - Received AppendRequest{term=1, leader=1, prevLogIndex=42, prevLogTerm=1, entries=0, commitIndex=42}
02:47:43.305 [raft-server-1-state] TRACE i.a.p.raft.impl.RaftServiceManager - RaftServer{1} - Applying Indexed{index=42, entry=CommandEntry{term=1, timestamp=2018-06-09 02:47:43,156, session=2, sequence=37, operation=PrimitiveOperation{id=DefaultOperationId{id=write, type=COMMAND}, value=byte[]{length=17, hash=-1644578928}}}}
02:47:43.305 [raft-server-1-state] TRACE i.a.p.s.impl.DefaultServiceExecutor - PrimitiveService{2}{type=io.atomix.protocols.raft.RaftTest$TestPrimitiveType@35843ad0, name=raft-test} - Executing DefaultCommit{index=42, session=RaftSession{RaftServiceContext{server=1, type=io.atomix.protocols.raft.RaftTest$TestPrimitiveType@35843ad0, name=raft-test, id=2}, session=2, timestamp=2018-06-09 02:47:43,156}, time=2018-06-09 02:47:43,156, operation=DefaultOperationId{id=write, type=COMMAND}, value=byte[]{length=17, hash=-1644578928}}
02:47:43.305 [raft-server-1-state] TRACE i.a.protocols.raft.roles.LeaderRole - RaftServer{1}{role=LEADER} - Sending CommandResponse{status=OK, index=42, eventIndex=2, result=byte[]{length=2, hash=1324}}
02:47:43.305 [raft-client-613ce1dd-77b1-4b52-a0bf-d277cef86e4f-6] TRACE i.a.p.r.p.impl.RaftProxyConnection - SessionClient{2}{type=io.atomix.protocols.raft.RaftTest$TestPrimitiveType@35bfa1bb, name=raft-test} - Received CommandResponse{status=OK, index=42, eventIndex=2, result=byte[]{length=2, hash=1324}} from 1
02:47:43.305 [raft-client-613ce1dd-77b1-4b52-a0bf-d277cef86e4f-6] TRACE i.a.p.r.p.impl.RaftProxySequencer - SessionClient{2}{type=io.atomix.protocols.raft.RaftTest$TestPrimitiveType@35bfa1bb, name=raft-test} - Completing response CommandResponse{status=OK, index=42, eventIndex=2, result=byte[]{length=2, hash=1324}}
02:47:43.306 [raft-client-613ce1dd-77b1-4b52-a0bf-d277cef86e4f-6] TRACE i.a.p.r.p.impl.RaftProxyConnection - SessionClient{2}{type=io.atomix.protocols.raft.RaftTest$TestPrimitiveType@35bfa1bb, name=raft-test} - Sending CommandRequest{session=2, sequence=38, operation=PrimitiveOperation{id=DefaultOperationId{id=write, type=COMMAND}, value=byte[]{length=17, hash=-1644578928}}} to 1
02:47:43.306 [raft-server-1] TRACE i.a.protocols.raft.roles.LeaderRole - RaftServer{1}{role=LEADER} - Received CommandRequest{session=2, sequence=38, operation=PrimitiveOperation{id=DefaultOperationId{id=write, type=COMMAND}, value=byte[]{length=17, hash=-1644578928}}}
02:47:43.306 [raft-server-1] TRACE i.a.protocols.raft.roles.LeaderRole - RaftServer{1}{role=LEADER} - Appended Indexed{index=43, entry=CommandEntry{term=1, timestamp=2018-06-09 02:47:43,306, session=2, sequence=38, operation=PrimitiveOperation{id=DefaultOperationId{id=write, type=COMMAND}, value=byte[]{length=17, hash=-1644578928}}}}
02:47:43.341 [raft-server-2] TRACE i.a.p.raft.roles.FollowerRole - RaftServer{2}{role=FOLLOWER} - Committed entries up to index 42
02:47:43.341 [raft-server-3] TRACE i.a.p.raft.roles.FollowerRole - RaftServer{3}{role=FOLLOWER} - Committed entries up to index 42
02:47:43.341 [raft-server-2] TRACE i.a.p.raft.roles.FollowerRole - RaftServer{2}{role=FOLLOWER} - Sending AppendResponse{status=OK, term=1, succeeded=true, lastLogIndex=42}
02:47:43.341 [raft-server-3] TRACE i.a.p.raft.roles.FollowerRole - RaftServer{3}{role=FOLLOWER} - Sending AppendResponse{status=OK, term=1, succeeded=true, lastLogIndex=42}
02:47:43.341 [raft-server-1] TRACE i.a.p.raft.roles.LeaderAppender - RaftServer{1} - Received AppendResponse{status=OK, term=1, succeeded=true, lastLogIndex=42} from 2
02:47:43.341 [raft-server-2-state] TRACE i.a.p.raft.impl.RaftServiceManager - RaftServer{2} - Applying Indexed{index=42, entry=CommandEntry{term=1, timestamp=2018-06-09 02:47:43,156, session=2, sequence=37, operation=PrimitiveOperation{id=DefaultOperationId{id=write, type=COMMAND}, value=byte[]{length=17, hash=-1644578928}}}}
02:47:43.341 [raft-server-1] TRACE i.a.p.raft.roles.LeaderAppender - RaftServer{1} - Sending AppendRequest{term=1, leader=1, prevLogIndex=42, prevLogTerm=1, entries=1, commitIndex=42} to 2
02:47:43.341 [raft-server-3-state] TRACE i.a.p.raft.impl.RaftServiceManager - RaftServer{3} - Applying Indexed{index=42, entry=CommandEntry{term=1, timestamp=2018-06-09 02:47:43,156, session=2, sequence=37, operation=PrimitiveOperation{id=DefaultOperationId{id=write, type=COMMAND}, value=byte[]{length=17, hash=-1644578928}}}}
02:47:43.341 [raft-server-2] TRACE i.a.p.raft.roles.FollowerRole - RaftServer{2}{role=FOLLOWER} - Received AppendRequest{term=1, leader=1, prevLogIndex=42, prevLogTerm=1, entries=1, commitIndex=42}
02:47:43.341 [raft-server-1] TRACE i.a.p.raft.roles.LeaderAppender - RaftServer{1} - Received AppendResponse{status=OK, term=1, succeeded=true, lastLogIndex=42} from 3
02:47:43.341 [raft-server-2-state] TRACE i.a.p.s.impl.DefaultServiceExecutor - PrimitiveService{2}{type=io.atomix.protocols.raft.RaftTest$TestPrimitiveType@8dc7f31, name=raft-test} - Executing DefaultCommit{index=42, session=RaftSession{RaftServiceContext{server=2, type=io.atomix.protocols.raft.RaftTest$TestPrimitiveType@8dc7f31, name=raft-test, id=2}, session=2, timestamp=2018-06-09 02:47:43,156}, time=2018-06-09 02:47:43,156, operation=DefaultOperationId{id=write, type=COMMAND}, value=byte[]{length=17, hash=-1644578928}}
02:47:43.341 [raft-server-1] TRACE i.a.p.raft.roles.LeaderAppender - RaftServer{1} - Sending AppendRequest{term=1, leader=1, prevLogIndex=42, prevLogTerm=1, entries=1, commitIndex=42} to 3
02:47:43.341 [raft-server-2] TRACE i.a.p.raft.roles.FollowerRole - RaftServer{2}{role=FOLLOWER} - Appended Indexed{index=43, entry=CommandEntry{term=1, timestamp=2018-06-09 02:47:43,306, session=2, sequence=38, operation=PrimitiveOperation{id=DefaultOperationId{id=write, type=COMMAND}, value=byte[]{length=17, hash=-1644578928}}}}
02:47:43.341 [raft-server-3-state] TRACE i.a.p.s.impl.DefaultServiceExecutor - PrimitiveService{2}{type=io.atomix.protocols.raft.RaftTest$TestPrimitiveType@260d6206, name=raft-test} - Executing DefaultCommit{index=42, session=RaftSession{RaftServiceContext{server=3, type=io.atomix.protocols.raft.RaftTest$TestPrimitiveType@260d6206, name=raft-test, id=2}, session=2, timestamp=2018-06-09 02:47:43,156}, time=2018-06-09 02:47:43,156, operation=DefaultOperationId{id=write, type=COMMAND}, value=byte[]{length=17, hash=-1644578928}}
02:47:43.341 [raft-server-3] TRACE i.a.p.raft.roles.FollowerRole - RaftServer{3}{role=FOLLOWER} - Received AppendRequest{term=1, leader=1, prevLogIndex=42, prevLogTerm=1, entries=1, commitIndex=42}
02:47:43.341 [raft-server-2] TRACE i.a.p.raft.roles.FollowerRole - RaftServer{2}{role=FOLLOWER} - Sending AppendResponse{status=OK, term=1, succeeded=true, lastLogIndex=43}
02:47:43.342 [raft-server-3] TRACE i.a.p.raft.roles.FollowerRole - RaftServer{3}{role=FOLLOWER} - Appended Indexed{index=43, entry=CommandEntry{term=1, timestamp=2018-06-09 02:47:43,306, session=2, sequence=38, operation=PrimitiveOperation{id=DefaultOperationId{id=write, type=COMMAND}, value=byte[]{length=17, hash=-1644578928}}}}
02:47:43.342 [raft-server-3] TRACE i.a.p.raft.roles.FollowerRole - RaftServer{3}{role=FOLLOWER} - Sending AppendResponse{status=OK, term=1, succeeded=true, lastLogIndex=43}
02:47:43.342 [raft-server-1] TRACE i.a.p.raft.roles.LeaderAppender - RaftServer{1} - Received AppendResponse{status=OK, term=1, succeeded=true, lastLogIndex=43} from 2
02:47:43.342 [raft-server-1] TRACE i.a.p.raft.roles.LeaderAppender - RaftServer{1} - Committed entries up to 43
02:47:43.371 [raft-server-1] TRACE i.a.p.raft.roles.LeaderAppender - RaftServer{1} - Received AppendResponse{status=OK, term=1, succeeded=true, lastLogIndex=43} from 3
02:47:43.371 [raft-server-1-state] TRACE i.a.p.raft.impl.RaftServiceManager - RaftServer{1} - Applying Indexed{index=43, entry=CommandEntry{term=1, timestamp=2018-06-09 02:47:43,306, session=2, sequence=38, operation=PrimitiveOperation{id=DefaultOperationId{id=write, type=COMMAND}, value=byte[]{length=17, hash=-1644578928}}}}
02:47:43.371 [raft-server-1-state] TRACE i.a.p.s.impl.DefaultServiceExecutor - PrimitiveService{2}{type=io.atomix.protocols.raft.RaftTest$TestPrimitiveType@35843ad0, name=raft-test} - Executing DefaultCommit{index=43, session=RaftSession{RaftServiceContext{server=1, type=io.atomix.protocols.raft.RaftTest$TestPrimitiveType@35843ad0, name=raft-test, id=2}, session=2, timestamp=2018-06-09 02:47:43,306}, time=2018-06-09 02:47:43,306, operation=DefaultOperationId{id=write, type=COMMAND}, value=byte[]{length=17, hash=-1644578928}}
02:47:43.372 [raft-server-1-state] TRACE i.a.protocols.raft.roles.LeaderRole - RaftServer{1}{role=LEADER} - Sending CommandResponse{status=OK, index=43, eventIndex=2, result=byte[]{length=2, hash=1326}}
02:47:43.372 [raft-client-613ce1dd-77b1-4b52-a0bf-d277cef86e4f-1] TRACE i.a.p.r.p.impl.RaftProxyConnection - SessionClient{2}{type=io.atomix.protocols.raft.RaftTest$TestPrimitiveType@35bfa1bb, name=raft-test} - Received CommandResponse{status=OK, index=43, eventIndex=2, result=byte[]{length=2, hash=1326}} from 1
02:47:43.372 [raft-client-613ce1dd-77b1-4b52-a0bf-d277cef86e4f-1] TRACE i.a.p.r.p.impl.RaftProxySequencer - SessionClient{2}{type=io.atomix.protocols.raft.RaftTest$TestPrimitiveType@35bfa1bb, name=raft-test} - Completing response CommandResponse{status=OK, index=43, eventIndex=2, result=byte[]{length=2, hash=1326}}
02:47:43.372 [raft-client-613ce1dd-77b1-4b52-a0bf-d277cef86e4f-1] TRACE i.a.p.r.p.impl.RaftProxyConnection - SessionClient{2}{type=io.atomix.protocols.raft.RaftTest$TestPrimitiveType@35bfa1bb, name=raft-test} - Sending CommandRequest{session=2, sequence=39, operation=PrimitiveOperation{id=DefaultOperationId{id=write, type=COMMAND}, value=byte[]{length=17, hash=-1644578928}}} to 1
02:47:43.372 [raft-server-1] TRACE i.a.protocols.raft.roles.LeaderRole - RaftServer{1}{role=LEADER} - Received CommandRequest{session=2, sequence=39, operation=PrimitiveOperation{id=DefaultOperationId{id=write, type=COMMAND}, value=byte[]{length=17, hash=-1644578928}}}
02:47:43.372 [raft-server-1] TRACE i.a.protocols.raft.roles.LeaderRole - RaftServer{1}{role=LEADER} - Appended Indexed{index=44, entry=CommandEntry{term=1, timestamp=2018-06-09 02:47:43,372, session=2, sequence=39, operation=PrimitiveOperation{id=DefaultOperationId{id=write, type=COMMAND}, value=byte[]{length=17, hash=-1644578928}}}}
02:47:43.372 [raft-server-1] TRACE i.a.p.raft.roles.LeaderAppender - RaftServer{1} - Sending AppendRequest{term=1, leader=1, prevLogIndex=43, prevLogTerm=1, entries=1, commitIndex=43} to 3
02:47:43.372 [raft-server-1] TRACE i.a.p.raft.roles.LeaderAppender - RaftServer{1} - Sending AppendRequest{term=1, leader=1, prevLogIndex=43, prevLogTerm=1, entries=1, commitIndex=43} to 2
02:47:43.372 [raft-server-3] TRACE i.a.p.raft.roles.FollowerRole - RaftServer{3}{role=FOLLOWER} - Received AppendRequest{term=1, leader=1, prevLogIndex=43, prevLogTerm=1, entries=1, commitIndex=43}
02:47:43.372 [raft-server-2] TRACE i.a.p.raft.roles.FollowerRole - RaftServer{2}{role=FOLLOWER} - Received AppendRequest{term=1, leader=1, prevLogIndex=43, prevLogTerm=1, entries=1, commitIndex=43}
02:47:43.372 [raft-server-3] TRACE i.a.p.raft.roles.FollowerRole - RaftServer{3}{role=FOLLOWER} - Appended Indexed{index=44, entry=CommandEntry{term=1, timestamp=2018-06-09 02:47:43,372, session=2, sequence=39, operation=PrimitiveOperation{id=DefaultOperationId{id=write, type=COMMAND}, value=byte[]{length=17, hash=-1644578928}}}}
02:47:43.373 [raft-server-2] TRACE i.a.p.raft.roles.FollowerRole - RaftServer{2}{role=FOLLOWER} - Appended Indexed{index=44, entry=CommandEntry{term=1, timestamp=2018-06-09 02:47:43,372, session=2, sequence=39, operation=PrimitiveOperation{id=DefaultOperationId{id=write, type=COMMAND}, value=byte[]{length=17, hash=-1644578928}}}}
02:47:43.413 [raft-server-3] TRACE i.a.p.raft.roles.FollowerRole - RaftServer{3}{role=FOLLOWER} - Committed entries up to index 43
02:47:43.413 [raft-server-2] TRACE i.a.p.raft.roles.FollowerRole - RaftServer{2}{role=FOLLOWER} - Committed entries up to index 43
02:47:43.413 [raft-server-3] TRACE i.a.p.raft.roles.FollowerRole - RaftServer{3}{role=FOLLOWER} - Sending AppendResponse{status=OK, term=1, succeeded=true, lastLogIndex=44}
02:47:43.413 [raft-server-2] TRACE i.a.p.raft.roles.FollowerRole - RaftServer{2}{role=FOLLOWER} - Sending AppendResponse{status=OK, term=1, succeeded=true, lastLogIndex=44}
02:47:43.413 [raft-server-1] TRACE i.a.p.raft.roles.LeaderAppender - RaftServer{1} - Received AppendResponse{status=OK, term=1, succeeded=true, lastLogIndex=44} from 3
02:47:43.413 [raft-server-1] TRACE i.a.p.raft.roles.LeaderAppender - RaftServer{1} - Committed entries up to 44
02:47:43.413 [raft-server-3-state] TRACE i.a.p.raft.impl.RaftServiceManager - RaftServer{3} - Applying Indexed{index=43, entry=CommandEntry{term=1, timestamp=2018-06-09 02:47:43,306, session=2, sequence=38, operation=PrimitiveOperation{id=DefaultOperationId{id=write, type=COMMAND}, value=byte[]{length=17, hash=-1644578928}}}}
02:47:43.413 [raft-server-2-state] TRACE i.a.p.raft.impl.RaftServiceManager - RaftServer{2} - Applying Indexed{index=43, entry=CommandEntry{term=1, timestamp=2018-06-09 02:47:43,306, session=2, sequence=38, operation=PrimitiveOperation{id=DefaultOperationId{id=write, type=COMMAND}, value=byte[]{length=17, hash=-1644578928}}}}
02:47:43.413 [raft-server-3-state] TRACE i.a.p.s.impl.DefaultServiceExecutor - PrimitiveService{2}{type=io.atomix.protocols.raft.RaftTest$TestPrimitiveType@260d6206, name=raft-test} - Executing DefaultCommit{index=43, session=RaftSession{RaftServiceContext{server=3, type=io.atomix.protocols.raft.RaftTest$TestPrimitiveType@260d6206, name=raft-test, id=2}, session=2, timestamp=2018-06-09 02:47:43,306}, time=2018-06-09 02:47:43,306, operation=DefaultOperationId{id=write, type=COMMAND}, value=byte[]{length=17, hash=-1644578928}}
02:47:43.413 [raft-server-2-state] TRACE i.a.p.s.impl.DefaultServiceExecutor - PrimitiveService{2}{type=io.atomix.protocols.raft.RaftTest$TestPrimitiveType@8dc7f31, name=raft-test} - Executing DefaultCommit{index=43, session=RaftSession{RaftServiceContext{server=2, type=io.atomix.protocols.raft.RaftTest$TestPrimitiveType@8dc7f31, name=raft-test, id=2}, session=2, timestamp=2018-06-09 02:47:43,306}, time=2018-06-09 02:47:43,306, operation=DefaultOperationId{id=write, type=COMMAND}, value=byte[]{length=17, hash=-1644578928}}
02:47:43.513 [raft-server-1] TRACE i.a.p.raft.roles.LeaderAppender - RaftServer{1} - Received AppendResponse{status=OK, term=1, succeeded=true, lastLogIndex=44} from 2
02:47:43.513 [raft-server-1] TRACE i.a.p.raft.roles.LeaderAppender - RaftServer{1} - Sending AppendRequest{term=1, leader=1, prevLogIndex=44, prevLogTerm=1, entries=0, commitIndex=44} to 3
02:47:43.513 [raft-server-1] TRACE i.a.p.raft.roles.LeaderAppender - RaftServer{1} - Sending AppendRequest{term=1, leader=1, prevLogIndex=44, prevLogTerm=1, entries=0, commitIndex=44} to 2
02:47:43.513 [raft-server-3] TRACE i.a.p.raft.roles.FollowerRole - RaftServer{3}{role=FOLLOWER} - Received AppendRequest{term=1, leader=1, prevLogIndex=44, prevLogTerm=1, entries=0, commitIndex=44}
02:47:43.513 [raft-server-2] TRACE i.a.p.raft.roles.FollowerRole - RaftServer{2}{role=FOLLOWER} - Received AppendRequest{term=1, leader=1, prevLogIndex=44, prevLogTerm=1, entries=0, commitIndex=44}
02:47:43.513 [raft-server-1-state] TRACE i.a.p.raft.impl.RaftServiceManager - RaftServer{1} - Applying Indexed{index=44, entry=CommandEntry{term=1, timestamp=2018-06-09 02:47:43,372, session=2, sequence=39, operation=PrimitiveOperation{id=DefaultOperationId{id=write, type=COMMAND}, value=byte[]{length=17, hash=-1644578928}}}}
02:47:43.513 [raft-server-1-state] TRACE i.a.p.s.impl.DefaultServiceExecutor - PrimitiveService{2}{type=io.atomix.protocols.raft.RaftTest$TestPrimitiveType@35843ad0, name=raft-test} - Executing DefaultCommit{index=44, session=RaftSession{RaftServiceContext{server=1, type=io.atomix.protocols.raft.RaftTest$TestPrimitiveType@35843ad0, name=raft-test, id=2}, session=2, timestamp=2018-06-09 02:47:43,372}, time=2018-06-09 02:47:43,372, operation=DefaultOperationId{id=write, type=COMMAND}, value=byte[]{length=17, hash=-1644578928}}
02:47:43.513 [raft-server-1-state] TRACE i.a.protocols.raft.roles.LeaderRole - RaftServer{1}{role=LEADER} - Sending CommandResponse{status=OK, index=44, eventIndex=2, result=byte[]{length=2, hash=1328}}
02:47:43.514 [raft-client-613ce1dd-77b1-4b52-a0bf-d277cef86e4f-3] TRACE i.a.p.r.p.impl.RaftProxyConnection - SessionClient{2}{type=io.atomix.protocols.raft.RaftTest$TestPrimitiveType@35bfa1bb, name=raft-test} - Received CommandResponse{status=OK, index=44, eventIndex=2, result=byte[]{length=2, hash=1328}} from 1
02:47:43.514 [raft-client-613ce1dd-77b1-4b52-a0bf-d277cef86e4f-3] TRACE i.a.p.r.p.impl.RaftProxySequencer - SessionClient{2}{type=io.atomix.protocols.raft.RaftTest$TestPrimitiveType@35bfa1bb, name=raft-test} - Completing response CommandResponse{status=OK, index=44, eventIndex=2, result=byte[]{length=2, hash=1328}}
02:47:43.514 [raft-client-613ce1dd-77b1-4b52-a0bf-d277cef86e4f-1] TRACE i.a.p.r.p.impl.RaftProxyConnection - SessionClient{2}{type=io.atomix.protocols.raft.RaftTest$TestPrimitiveType@35bfa1bb, name=raft-test} - Sending CommandRequest{session=2, sequence=40, operation=PrimitiveOperation{id=DefaultOperationId{id=write, type=COMMAND}, value=byte[]{length=17, hash=-1644578928}}} to 1
02:47:43.514 [raft-server-1] TRACE i.a.protocols.raft.roles.LeaderRole - RaftServer{1}{role=LEADER} - Received CommandRequest{session=2, sequence=40, operation=PrimitiveOperation{id=DefaultOperationId{id=write, type=COMMAND}, value=byte[]{length=17, hash=-1644578928}}}
02:47:43.514 [raft-server-1] TRACE i.a.protocols.raft.roles.LeaderRole - RaftServer{1}{role=LEADER} - Appended Indexed{index=45, entry=CommandEntry{term=1, timestamp=2018-06-09 02:47:43,514, session=2, sequence=40, operation=PrimitiveOperation{id=DefaultOperationId{id=write, type=COMMAND}, value=byte[]{length=17, hash=-1644578928}}}}
02:47:43.591 [raft-server-3] TRACE i.a.p.raft.roles.FollowerRole - RaftServer{3}{role=FOLLOWER} - Committed entries up to index 44
02:47:43.591 [raft-server-2] TRACE i.a.p.raft.roles.FollowerRole - RaftServer{2}{role=FOLLOWER} - Committed entries up to index 44
02:47:43.591 [raft-server-3] TRACE i.a.p.raft.roles.FollowerRole - RaftServer{3}{role=FOLLOWER} - Sending AppendResponse{status=OK, term=1, succeeded=true, lastLogIndex=44}
02:47:43.591 [raft-server-2] TRACE i.a.p.raft.roles.FollowerRole - RaftServer{2}{role=FOLLOWER} - Sending AppendResponse{status=OK, term=1, succeeded=true, lastLogIndex=44}
02:47:43.591 [raft-server-1] TRACE i.a.p.raft.roles.LeaderAppender - RaftServer{1} - Received AppendResponse{status=OK, term=1, succeeded=true, lastLogIndex=44} from 3
02:47:43.591 [raft-server-1] TRACE i.a.p.raft.roles.LeaderAppender - RaftServer{1} - Sending AppendRequest{term=1, leader=1, prevLogIndex=44, prevLogTerm=1, entries=1, commitIndex=44} to 3
02:47:43.591 [raft-server-2-state] TRACE i.a.p.raft.impl.RaftServiceManager - RaftServer{2} - Applying Indexed{index=44, entry=CommandEntry{term=1, timestamp=2018-06-09 02:47:43,372, session=2, sequence=39, operation=PrimitiveOperation{id=DefaultOperationId{id=write, type=COMMAND}, value=byte[]{length=17, hash=-1644578928}}}}
02:47:43.591 [raft-server-3-state] TRACE i.a.p.raft.impl.RaftServiceManager - RaftServer{3} - Applying Indexed{index=44, entry=CommandEntry{term=1, timestamp=2018-06-09 02:47:43,372, session=2, sequence=39, operation=PrimitiveOperation{id=DefaultOperationId{id=write, type=COMMAND}, value=byte[]{length=17, hash=-1644578928}}}}
02:47:43.591 [raft-server-3] TRACE i.a.p.raft.roles.FollowerRole - RaftServer{3}{role=FOLLOWER} - Received AppendRequest{term=1, leader=1, prevLogIndex=44, prevLogTerm=1, entries=1, commitIndex=44}
02:47:43.592 [raft-server-1] TRACE i.a.p.raft.roles.LeaderAppender - RaftServer{1} - Sending AppendRequest{term=1, leader=1, prevLogIndex=44, prevLogTerm=1, entries=1, commitIndex=44} to 2
02:47:43.592 [raft-server-2-state] TRACE i.a.p.s.impl.DefaultServiceExecutor - PrimitiveService{2}{type=io.atomix.protocols.raft.RaftTest$TestPrimitiveType@8dc7f31, name=raft-test} - Executing DefaultCommit{index=44, session=RaftSession{RaftServiceContext{server=2, type=io.atomix.protocols.raft.RaftTest$TestPrimitiveType@8dc7f31, name=raft-test, id=2}, session=2, timestamp=2018-06-09 02:47:43,372}, time=2018-06-09 02:47:43,372, operation=DefaultOperationId{id=write, type=COMMAND}, value=byte[]{length=17, hash=-1644578928}}
02:47:43.592 [raft-server-3-state] TRACE i.a.p.s.impl.DefaultServiceExecutor - PrimitiveService{2}{type=io.atomix.protocols.raft.RaftTest$TestPrimitiveType@260d6206, name=raft-test} - Executing DefaultCommit{index=44, session=RaftSession{RaftServiceContext{server=3, type=io.atomix.protocols.raft.RaftTest$TestPrimitiveType@260d6206, name=raft-test, id=2}, session=2, timestamp=2018-06-09 02:47:43,372}, time=2018-06-09 02:47:43,372, operation=DefaultOperationId{id=write, type=COMMAND}, value=byte[]{length=17, hash=-1644578928}}
02:47:43.592 [raft-server-2] TRACE i.a.p.raft.roles.FollowerRole - RaftServer{2}{role=FOLLOWER} - Received AppendRequest{term=1, leader=1, prevLogIndex=44, prevLogTerm=1, entries=1, commitIndex=44}
02:47:43.592 [raft-server-1] TRACE i.a.p.raft.roles.LeaderAppender - RaftServer{1} - Received AppendResponse{status=OK, term=1, succeeded=true, lastLogIndex=44} from 2
02:47:43.592 [raft-server-3] TRACE i.a.p.raft.roles.FollowerRole - RaftServer{3}{role=FOLLOWER} - Appended Indexed{index=45, entry=CommandEntry{term=1, timestamp=2018-06-09 02:47:43,514, session=2, sequence=40, operation=PrimitiveOperation{id=DefaultOperationId{id=write, type=COMMAND}, value=byte[]{length=17, hash=-1644578928}}}}
02:47:43.592 [raft-server-3] TRACE i.a.p.raft.roles.FollowerRole - RaftServer{3}{role=FOLLOWER} - Sending AppendResponse{status=OK, term=1, succeeded=true, lastLogIndex=45}
02:47:43.592 [raft-server-2] TRACE i.a.p.raft.roles.FollowerRole - RaftServer{2}{role=FOLLOWER} - Appended Indexed{index=45, entry=CommandEntry{term=1, timestamp=2018-06-09 02:47:43,514, session=2, sequence=40, operation=PrimitiveOperation{id=DefaultOperationId{id=write, type=COMMAND}, value=byte[]{length=17, hash=-1644578928}}}}
02:47:43.592 [raft-server-1] TRACE i.a.p.raft.roles.LeaderAppender - RaftServer{1} - Received AppendResponse{status=OK, term=1, succeeded=true, lastLogIndex=45} from 3
02:47:43.592 [raft-server-2] TRACE i.a.p.raft.roles.FollowerRole - RaftServer{2}{role=FOLLOWER} - Sending AppendResponse{status=OK, term=1, succeeded=true, lastLogIndex=45}
02:47:43.592 [raft-server-1] TRACE i.a.p.raft.roles.LeaderAppender - RaftServer{1} - Committed entries up to 45
02:47:43.660 [raft-server-1] TRACE i.a.p.raft.roles.LeaderAppender - RaftServer{1} - Received AppendResponse{status=OK, term=1, succeeded=true, lastLogIndex=45} from 2
02:47:43.660 [raft-server-1-state] TRACE i.a.p.raft.impl.RaftServiceManager - RaftServer{1} - Applying Indexed{index=45, entry=CommandEntry{term=1, timestamp=2018-06-09 02:47:43,514, session=2, sequence=40, operation=PrimitiveOperation{id=DefaultOperationId{id=write, type=COMMAND}, value=byte[]{length=17, hash=-1644578928}}}}
02:47:43.660 [raft-server-1-state] TRACE i.a.p.s.impl.DefaultServiceExecutor - PrimitiveService{2}{type=io.atomix.protocols.raft.RaftTest$TestPrimitiveType@35843ad0, name=raft-test} - Executing DefaultCommit{index=45, session=RaftSession{RaftServiceContext{server=1, type=io.atomix.protocols.raft.RaftTest$TestPrimitiveType@35843ad0, name=raft-test, id=2}, session=2, timestamp=2018-06-09 02:47:43,514}, time=2018-06-09 02:47:43,514, operation=DefaultOperationId{id=write, type=COMMAND}, value=byte[]{length=17, hash=-1644578928}}
02:47:43.661 [raft-server-1-state] TRACE i.a.protocols.raft.roles.LeaderRole - RaftServer{1}{role=LEADER} - Sending CommandResponse{status=OK, index=45, eventIndex=2, result=byte[]{length=2, hash=1330}}
02:47:43.661 [raft-client-613ce1dd-77b1-4b52-a0bf-d277cef86e4f-2] TRACE i.a.p.r.p.impl.RaftProxyConnection - SessionClient{2}{type=io.atomix.protocols.raft.RaftTest$TestPrimitiveType@35bfa1bb, name=raft-test} - Received CommandResponse{status=OK, index=45, eventIndex=2, result=byte[]{length=2, hash=1330}} from 1
02:47:43.661 [raft-client-613ce1dd-77b1-4b52-a0bf-d277cef86e4f-2] TRACE i.a.p.r.p.impl.RaftProxySequencer - SessionClient{2}{type=io.atomix.protocols.raft.RaftTest$TestPrimitiveType@35bfa1bb, name=raft-test} - Completing response CommandResponse{status=OK, index=45, eventIndex=2, result=byte[]{length=2, hash=1330}}
02:47:43.661 [raft-client-613ce1dd-77b1-4b52-a0bf-d277cef86e4f-5] TRACE i.a.p.r.p.impl.RaftProxyConnection - SessionClient{2}{type=io.atomix.protocols.raft.RaftTest$TestPrimitiveType@35bfa1bb, name=raft-test} - Sending CommandRequest{session=2, sequence=41, operation=PrimitiveOperation{id=DefaultOperationId{id=write, type=COMMAND}, value=byte[]{length=17, hash=-1644578928}}} to 1
02:47:43.661 [raft-server-1] TRACE i.a.protocols.raft.roles.LeaderRole - RaftServer{1}{role=LEADER} - Received CommandRequest{session=2, sequence=41, operation=PrimitiveOperation{id=DefaultOperationId{id=write, type=COMMAND}, value=byte[]{length=17, hash=-1644578928}}}
02:47:43.661 [raft-server-1] TRACE i.a.protocols.raft.roles.LeaderRole - RaftServer{1}{role=LEADER} - Appended Indexed{index=46, entry=CommandEntry{term=1, timestamp=2018-06-09 02:47:43,661, session=2, sequence=41, operation=PrimitiveOperation{id=DefaultOperationId{id=write, type=COMMAND}, value=byte[]{length=17, hash=-1644578928}}}}
02:47:43.661 [raft-server-1] TRACE i.a.p.raft.roles.LeaderAppender - RaftServer{1} - Sending AppendRequest{term=1, leader=1, prevLogIndex=45, prevLogTerm=1, entries=1, commitIndex=45} to 3
02:47:43.661 [raft-server-3] TRACE i.a.p.raft.roles.FollowerRole - RaftServer{3}{role=FOLLOWER} - Received AppendRequest{term=1, leader=1, prevLogIndex=45, prevLogTerm=1, entries=1, commitIndex=45}
02:47:43.661 [raft-server-1] TRACE i.a.p.raft.roles.LeaderAppender - RaftServer{1} - Sending AppendRequest{term=1, leader=1, prevLogIndex=45, prevLogTerm=1, entries=1, commitIndex=45} to 2
02:47:43.661 [raft-server-2] TRACE i.a.p.raft.roles.FollowerRole - RaftServer{2}{role=FOLLOWER} - Received AppendRequest{term=1, leader=1, prevLogIndex=45, prevLogTerm=1, entries=1, commitIndex=45}
02:47:43.661 [raft-server-3] TRACE i.a.p.raft.roles.FollowerRole - RaftServer{3}{role=FOLLOWER} - Appended Indexed{index=46, entry=CommandEntry{term=1, timestamp=2018-06-09 02:47:43,661, session=2, sequence=41, operation=PrimitiveOperation{id=DefaultOperationId{id=write, type=COMMAND}, value=byte[]{length=17, hash=-1644578928}}}}
02:47:43.662 [raft-server-2] TRACE i.a.p.raft.roles.FollowerRole - RaftServer{2}{role=FOLLOWER} - Appended Indexed{index=46, entry=CommandEntry{term=1, timestamp=2018-06-09 02:47:43,661, session=2, sequence=41, operation=PrimitiveOperation{id=DefaultOperationId{id=write, type=COMMAND}, value=byte[]{length=17, hash=-1644578928}}}}
02:47:43.735 [raft-client-613ce1dd-77b1-4b52-a0bf-d277cef86e4f-2] TRACE i.a.p.r.proxy.impl.RaftProxyManager - RaftClient{613ce1dd-77b1-4b52-a0bf-d277cef86e4f} - Keeping 1 sessions alive
02:47:43.735 [raft-client-613ce1dd-77b1-4b52-a0bf-d277cef86e4f-2] TRACE i.a.p.r.p.impl.RaftProxyConnection - RaftClient{613ce1dd-77b1-4b52-a0bf-d277cef86e4f} - Sending KeepAliveRequest{sessionIds=long[]{length=1, hash=33}, commandSequences=long[]{length=1, hash=71}, eventIndexes=long[]{length=1, hash=33}} to 3
02:47:43.752 [raft-server-2] TRACE i.a.p.raft.roles.FollowerRole - RaftServer{2}{role=FOLLOWER} - Committed entries up to index 45
02:47:43.752 [raft-server-3] TRACE i.a.p.raft.roles.FollowerRole - RaftServer{3}{role=FOLLOWER} - Committed entries up to index 45
02:47:43.752 [raft-server-2] TRACE i.a.p.raft.roles.FollowerRole - RaftServer{2}{role=FOLLOWER} - Sending AppendResponse{status=OK, term=1, succeeded=true, lastLogIndex=46}
02:47:43.752 [raft-server-3] TRACE i.a.p.raft.roles.FollowerRole - RaftServer{3}{role=FOLLOWER} - Sending AppendResponse{status=OK, term=1, succeeded=true, lastLogIndex=46}
02:47:43.752 [raft-server-1] TRACE i.a.p.raft.roles.LeaderAppender - RaftServer{1} - Received AppendResponse{status=OK, term=1, succeeded=true, lastLogIndex=46} from 2
02:47:43.752 [raft-server-1] TRACE i.a.p.raft.roles.LeaderAppender - RaftServer{1} - Committed entries up to 46
02:47:43.752 [raft-server-3] TRACE i.a.p.raft.roles.FollowerRole - RaftServer{3}{role=FOLLOWER} - Received KeepAliveRequest{sessionIds=long[]{length=1, hash=33}, commandSequences=long[]{length=1, hash=71}, eventIndexes=long[]{length=1, hash=33}}
02:47:43.752 [raft-server-2-state] TRACE i.a.p.raft.impl.RaftServiceManager - RaftServer{2} - Applying Indexed{index=45, entry=CommandEntry{term=1, timestamp=2018-06-09 02:47:43,514, session=2, sequence=40, operation=PrimitiveOperation{id=DefaultOperationId{id=write, type=COMMAND}, value=byte[]{length=17, hash=-1644578928}}}}
02:47:43.752 [raft-server-2-state] TRACE i.a.p.s.impl.DefaultServiceExecutor - PrimitiveService{2}{type=io.atomix.protocols.raft.RaftTest$TestPrimitiveType@8dc7f31, name=raft-test} - Executing DefaultCommit{index=45, session=RaftSession{RaftServiceContext{server=2, type=io.atomix.protocols.raft.RaftTest$TestPrimitiveType@8dc7f31, name=raft-test, id=2}, session=2, timestamp=2018-06-09 02:47:43,514}, time=2018-06-09 02:47:43,514, operation=DefaultOperationId{id=write, type=COMMAND}, value=byte[]{length=17, hash=-1644578928}}
02:47:43.752 [raft-server-3-state] TRACE i.a.p.raft.impl.RaftServiceManager - RaftServer{3} - Applying Indexed{index=45, entry=CommandEntry{term=1, timestamp=2018-06-09 02:47:43,514, session=2, sequence=40, operation=PrimitiveOperation{id=DefaultOperationId{id=write, type=COMMAND}, value=byte[]{length=17, hash=-1644578928}}}}
02:47:43.752 [raft-server-3-state] TRACE i.a.p.s.impl.DefaultServiceExecutor - PrimitiveService{2}{type=io.atomix.protocols.raft.RaftTest$TestPrimitiveType@260d6206, name=raft-test} - Executing DefaultCommit{index=45, session=RaftSession{RaftServiceContext{server=3, type=io.atomix.protocols.raft.RaftTest$TestPrimitiveType@260d6206, name=raft-test, id=2}, session=2, timestamp=2018-06-09 02:47:43,514}, time=2018-06-09 02:47:43,514, operation=DefaultOperationId{id=write, type=COMMAND}, value=byte[]{length=17, hash=-1644578928}}
02:47:43.818 [raft-server-1] TRACE i.a.p.raft.roles.LeaderAppender - RaftServer{1} - Sending AppendRequest{term=1, leader=1, prevLogIndex=46, prevLogTerm=1, entries=0, commitIndex=46} to 2
02:47:43.818 [raft-server-1] TRACE i.a.p.raft.roles.LeaderAppender - RaftServer{1} - Received AppendResponse{status=OK, term=1, succeeded=true, lastLogIndex=46} from 3
02:47:43.818 [raft-server-1] TRACE i.a.p.raft.roles.LeaderAppender - RaftServer{1} - Sending AppendRequest{term=1, leader=1, prevLogIndex=46, prevLogTerm=1, entries=0, commitIndex=46} to 3
02:47:43.819 [raft-server-3] TRACE i.a.p.raft.roles.FollowerRole - RaftServer{3}{role=FOLLOWER} - Received AppendRequest{term=1, leader=1, prevLogIndex=46, prevLogTerm=1, entries=0, commitIndex=46}
02:47:43.819 [raft-server-1] TRACE i.a.protocols.raft.roles.LeaderRole - RaftServer{1}{role=LEADER} - Received KeepAliveRequest{sessionIds=long[]{length=1, hash=33}, commandSequences=long[]{length=1, hash=71}, eventIndexes=long[]{length=1, hash=33}}
02:47:43.819 [raft-server-2] TRACE i.a.p.raft.roles.FollowerRole - RaftServer{2}{role=FOLLOWER} - Received AppendRequest{term=1, leader=1, prevLogIndex=46, prevLogTerm=1, entries=0, commitIndex=46}
02:47:43.819 [raft-server-3] TRACE i.a.p.raft.roles.FollowerRole - RaftServer{3}{role=FOLLOWER} - Committed entries up to index 46
02:47:43.819 [raft-server-1] TRACE i.a.protocols.raft.roles.LeaderRole - RaftServer{1}{role=LEADER} - Appended Indexed{index=47, entry=KeepAliveEntry{term=1, timestamp=2018-06-09 02:47:43,819, sessionIds=long[]{length=1, hash=33}, commandSequences=long[]{length=1, hash=71}, eventIndexes=long[]{length=1, hash=33}}}
02:47:43.819 [raft-server-3] TRACE i.a.p.raft.roles.FollowerRole - RaftServer{3}{role=FOLLOWER} - Sending AppendResponse{status=OK, term=1, succeeded=true, lastLogIndex=46}
02:47:43.819 [raft-server-1-state] TRACE i.a.p.raft.impl.RaftServiceManager - RaftServer{1} - Applying Indexed{index=46, entry=CommandEntry{term=1, timestamp=2018-06-09 02:47:43,661, session=2, sequence=41, operation=PrimitiveOperation{id=DefaultOperationId{id=write, type=COMMAND}, value=byte[]{length=17, hash=-1644578928}}}}
02:47:43.819 [raft-server-1] TRACE i.a.p.raft.roles.LeaderAppender - RaftServer{1} - Received AppendResponse{status=OK, term=1, succeeded=true, lastLogIndex=46} from 3
02:47:43.819 [raft-server-1] TRACE i.a.p.raft.roles.LeaderAppender - RaftServer{1} - Sending AppendRequest{term=1, leader=1, prevLogIndex=46, prevLogTerm=1, entries=1, commitIndex=46} to 3
02:47:43.819 [raft-server-1-state] TRACE i.a.p.s.impl.DefaultServiceExecutor - PrimitiveService{2}{type=io.atomix.protocols.raft.RaftTest$TestPrimitiveType@35843ad0, name=raft-test} - Executing DefaultCommit{index=46, session=RaftSession{RaftServiceContext{server=1, type=io.atomix.protocols.raft.RaftTest$TestPrimitiveType@35843ad0, name=raft-test, id=2}, session=2, timestamp=2018-06-09 02:47:43,661}, time=2018-06-09 02:47:43,661, operation=DefaultOperationId{id=write, type=COMMAND}, value=byte[]{length=17, hash=-1644578928}}
02:47:43.819 [raft-server-1-state] TRACE i.a.protocols.raft.roles.LeaderRole - RaftServer{1}{role=LEADER} - Sending CommandResponse{status=OK, index=46, eventIndex=2, result=byte[]{length=2, hash=1332}}
02:47:43.819 [raft-server-3] TRACE i.a.p.raft.roles.FollowerRole - RaftServer{3}{role=FOLLOWER} - Received AppendRequest{term=1, leader=1, prevLogIndex=46, prevLogTerm=1, entries=1, commitIndex=46}
02:47:43.820 [raft-client-613ce1dd-77b1-4b52-a0bf-d277cef86e4f-0] TRACE i.a.p.r.p.impl.RaftProxyConnection - SessionClient{2}{type=io.atomix.protocols.raft.RaftTest$TestPrimitiveType@35bfa1bb, name=raft-test} - Received CommandResponse{status=OK, index=46, eventIndex=2, result=byte[]{length=2, hash=1332}} from 1
02:47:43.820 [raft-client-613ce1dd-77b1-4b52-a0bf-d277cef86e4f-0] TRACE i.a.p.r.p.impl.RaftProxySequencer - SessionClient{2}{type=io.atomix.protocols.raft.RaftTest$TestPrimitiveType@35bfa1bb, name=raft-test} - Completing response CommandResponse{status=OK, index=46, eventIndex=2, result=byte[]{length=2, hash=1332}}
02:47:43.820 [raft-server-3] TRACE i.a.p.raft.roles.FollowerRole - RaftServer{3}{role=FOLLOWER} - Appended Indexed{index=47, entry=KeepAliveEntry{term=1, timestamp=2018-06-09 02:47:43,819, sessionIds=long[]{length=1, hash=33}, commandSequences=long[]{length=1, hash=71}, eventIndexes=long[]{length=1, hash=33}}}
02:47:43.820 [raft-server-3] TRACE i.a.p.raft.roles.FollowerRole - RaftServer{3}{role=FOLLOWER} - Sending AppendResponse{status=OK, term=1, succeeded=true, lastLogIndex=47}
02:47:43.820 [raft-server-3-state] TRACE i.a.p.raft.impl.RaftServiceManager - RaftServer{3} - Applying Indexed{index=46, entry=CommandEntry{term=1, timestamp=2018-06-09 02:47:43,661, session=2, sequence=41, operation=PrimitiveOperation{id=DefaultOperationId{id=write, type=COMMAND}, value=byte[]{length=17, hash=-1644578928}}}}
02:47:43.820 [raft-client-613ce1dd-77b1-4b52-a0bf-d277cef86e4f-0] TRACE i.a.p.r.p.impl.RaftProxyConnection - SessionClient{2}{type=io.atomix.protocols.raft.RaftTest$TestPrimitiveType@35bfa1bb, name=raft-test} - Sending CommandRequest{session=2, sequence=42, operation=PrimitiveOperation{id=DefaultOperationId{id=write, type=COMMAND}, value=byte[]{length=17, hash=-1644578928}}} to 1
02:47:43.820 [raft-server-3-state] TRACE i.a.p.s.impl.DefaultServiceExecutor - PrimitiveService{2}{type=io.atomix.protocols.raft.RaftTest$TestPrimitiveType@260d6206, name=raft-test} - Executing DefaultCommit{index=46, session=RaftSession{RaftServiceContext{server=3, type=io.atomix.protocols.raft.RaftTest$TestPrimitiveType@260d6206, name=raft-test, id=2}, session=2, timestamp=2018-06-09 02:47:43,661}, time=2018-06-09 02:47:43,661, operation=DefaultOperationId{id=write, type=COMMAND}, value=byte[]{length=17, hash=-1644578928}}
02:47:43.820 [raft-server-1] TRACE i.a.p.raft.roles.LeaderAppender - RaftServer{1} - Received AppendResponse{status=OK, term=1, succeeded=true, lastLogIndex=47} from 3
02:47:43.820 [raft-server-1] TRACE i.a.p.raft.roles.LeaderAppender - RaftServer{1} - Committed entries up to 47
02:47:43.904 [raft-server-2] TRACE i.a.p.raft.roles.FollowerRole - RaftServer{2}{role=FOLLOWER} - Committed entries up to index 46
02:47:43.904 [raft-server-2] TRACE i.a.p.raft.roles.FollowerRole - RaftServer{2}{role=FOLLOWER} - Sending AppendResponse{status=OK, term=1, succeeded=true, lastLogIndex=46}
02:47:43.905 [raft-server-2-state] TRACE i.a.p.raft.impl.RaftServiceManager - RaftServer{2} - Applying Indexed{index=46, entry=CommandEntry{term=1, timestamp=2018-06-09 02:47:43,661, session=2, sequence=41, operation=PrimitiveOperation{id=DefaultOperationId{id=write, type=COMMAND}, value=byte[]{length=17, hash=-1644578928}}}}
02:47:43.905 [raft-server-2-state] TRACE i.a.p.s.impl.DefaultServiceExecutor - PrimitiveService{2}{type=io.atomix.protocols.raft.RaftTest$TestPrimitiveType@8dc7f31, name=raft-test} - Executing DefaultCommit{index=46, session=RaftSession{RaftServiceContext{server=2, type=io.atomix.protocols.raft.RaftTest$TestPrimitiveType@8dc7f31, name=raft-test, id=2}, session=2, timestamp=2018-06-09 02:47:43,661}, time=2018-06-09 02:47:43,661, operation=DefaultOperationId{id=write, type=COMMAND}, value=byte[]{length=17, hash=-1644578928}}
02:47:43.938 [raft-server-1] TRACE i.a.protocols.raft.roles.LeaderRole - RaftServer{1}{role=LEADER} - Received CommandRequest{session=2, sequence=42, operation=PrimitiveOperation{id=DefaultOperationId{id=write, type=COMMAND}, value=byte[]{length=17, hash=-1644578928}}}
02:47:43.938 [raft-server-1] TRACE i.a.protocols.raft.roles.LeaderRole - RaftServer{1}{role=LEADER} - Appended Indexed{index=48, entry=CommandEntry{term=1, timestamp=2018-06-09 02:47:43,938, session=2, sequence=42, operation=PrimitiveOperation{id=DefaultOperationId{id=write, type=COMMAND}, value=byte[]{length=17, hash=-1644578928}}}}
02:47:43.938 [raft-server-1] TRACE i.a.p.raft.roles.LeaderAppender - RaftServer{1} - Received AppendResponse{status=OK, term=1, succeeded=true, lastLogIndex=46} from 2
02:47:43.938 [raft-server-1] TRACE i.a.p.raft.roles.LeaderAppender - RaftServer{1} - Sending AppendRequest{term=1, leader=1, prevLogIndex=46, prevLogTerm=1, entries=2, commitIndex=47} to 2
02:47:43.938 [raft-server-1] TRACE i.a.p.raft.roles.LeaderAppender - RaftServer{1} - Sending AppendRequest{term=1, leader=1, prevLogIndex=47, prevLogTerm=1, entries=1, commitIndex=47} to 3
02:47:43.938 [raft-server-1-state] TRACE i.a.p.raft.impl.RaftServiceManager - RaftServer{1} - Applying Indexed{index=47, entry=KeepAliveEntry{term=1, timestamp=2018-06-09 02:47:43,819, sessionIds=long[]{length=1, hash=33}, commandSequences=long[]{length=1, hash=71}, eventIndexes=long[]{length=1, hash=33}}}
02:47:43.939 [raft-server-2] TRACE i.a.p.raft.roles.FollowerRole - RaftServer{2}{role=FOLLOWER} - Received AppendRequest{term=1, leader=1, prevLogIndex=46, prevLogTerm=1, entries=2, commitIndex=47}
02:47:43.939 [raft-server-2] TRACE i.a.p.raft.roles.FollowerRole - RaftServer{2}{role=FOLLOWER} - Appended Indexed{index=47, entry=KeepAliveEntry{term=1, timestamp=2018-06-09 02:47:43,819, sessionIds=long[]{length=1, hash=33}, commandSequences=long[]{length=1, hash=71}, eventIndexes=long[]{length=1, hash=33}}}
02:47:43.939 [raft-server-3] TRACE i.a.p.raft.roles.FollowerRole - RaftServer{3}{role=FOLLOWER} - Received AppendRequest{term=1, leader=1, prevLogIndex=47, prevLogTerm=1, entries=1, commitIndex=47}
02:47:43.939 [raft-server-2] TRACE i.a.p.raft.roles.FollowerRole - RaftServer{2}{role=FOLLOWER} - Appended Indexed{index=48, entry=CommandEntry{term=1, timestamp=2018-06-09 02:47:43,938, session=2, sequence=42, operation=PrimitiveOperation{id=DefaultOperationId{id=write, type=COMMAND}, value=byte[]{length=17, hash=-1644578928}}}}
02:47:43.939 [raft-server-3] TRACE i.a.p.raft.roles.FollowerRole - RaftServer{3}{role=FOLLOWER} - Appended Indexed{index=48, entry=CommandEntry{term=1, timestamp=2018-06-09 02:47:43,938, session=2, sequence=42, operation=PrimitiveOperation{id=DefaultOperationId{id=write, type=COMMAND}, value=byte[]{length=17, hash=-1644578928}}}}
02:47:43.939 [raft-server-1] TRACE i.a.protocols.raft.roles.LeaderRole - RaftServer{1}{role=LEADER} - Sending KeepAliveResponse{status=OK, leader=1, members=[1, 3, 2], sessionIds=long[]{length=1, hash=33}}
02:47:44.043 [raft-server-2] TRACE i.a.p.raft.roles.FollowerRole - RaftServer{2}{role=FOLLOWER} - Committed entries up to index 47
02:47:44.043 [raft-server-3] TRACE i.a.p.raft.roles.FollowerRole - RaftServer{3}{role=FOLLOWER} - Committed entries up to index 47
02:47:44.043 [raft-server-2] TRACE i.a.p.raft.roles.FollowerRole - RaftServer{2}{role=FOLLOWER} - Sending AppendResponse{status=OK, term=1, succeeded=true, lastLogIndex=48}
02:47:44.043 [raft-server-3] TRACE i.a.p.raft.roles.FollowerRole - RaftServer{3}{role=FOLLOWER} - Sending AppendResponse{status=OK, term=1, succeeded=true, lastLogIndex=48}
02:47:44.043 [raft-server-1] TRACE i.a.p.raft.roles.LeaderAppender - RaftServer{1} - Received AppendResponse{status=OK, term=1, succeeded=true, lastLogIndex=48} from 2
02:47:44.043 [raft-server-3] TRACE i.a.p.raft.roles.FollowerRole - RaftServer{3}{role=FOLLOWER} - Sending KeepAliveResponse{status=OK, leader=1, members=[1, 3, 2], sessionIds=long[]{length=1, hash=33}}
02:47:44.044 [raft-server-1] TRACE i.a.p.raft.roles.LeaderAppender - RaftServer{1} - Committed entries up to 48
02:47:44.043 [raft-server-2-state] TRACE i.a.p.raft.impl.RaftServiceManager - RaftServer{2} - Applying Indexed{index=47, entry=KeepAliveEntry{term=1, timestamp=2018-06-09 02:47:43,819, sessionIds=long[]{length=1, hash=33}, commandSequences=long[]{length=1, hash=71}, eventIndexes=long[]{length=1, hash=33}}}
02:47:44.044 [raft-client-613ce1dd-77b1-4b52-a0bf-d277cef86e4f-4] TRACE i.a.p.r.p.impl.RaftProxyConnection - RaftClient{613ce1dd-77b1-4b52-a0bf-d277cef86e4f} - Received KeepAliveResponse{status=OK, leader=1, members=[1, 3, 2], sessionIds=long[]{length=1, hash=33}} from 3
02:47:44.044 [raft-server-3-state] TRACE i.a.p.raft.impl.RaftServiceManager - RaftServer{3} - Applying Indexed{index=47, entry=KeepAliveEntry{term=1, timestamp=2018-06-09 02:47:43,819, sessionIds=long[]{length=1, hash=33}, commandSequences=long[]{length=1, hash=71}, eventIndexes=long[]{length=1, hash=33}}}
02:47:44.210 [raft-server-1] TRACE i.a.p.raft.roles.LeaderAppender - RaftServer{1} - Sending AppendRequest{term=1, leader=1, prevLogIndex=48, prevLogTerm=1, entries=0, commitIndex=48} to 2
02:47:44.210 [raft-server-2] TRACE i.a.p.raft.roles.FollowerRole - RaftServer{2}{role=FOLLOWER} - Received AppendRequest{term=1, leader=1, prevLogIndex=48, prevLogTerm=1, entries=0, commitIndex=48}
02:47:44.210 [raft-server-1] TRACE i.a.p.raft.roles.LeaderAppender - RaftServer{1} - Received AppendResponse{status=OK, term=1, succeeded=true, lastLogIndex=48} from 3
02:47:44.210 [raft-server-2] TRACE i.a.p.raft.roles.FollowerRole - RaftServer{2}{role=FOLLOWER} - Committed entries up to index 48
02:47:44.210 [raft-server-2] TRACE i.a.p.raft.roles.FollowerRole - RaftServer{2}{role=FOLLOWER} - Sending AppendResponse{status=OK, term=1, succeeded=true, lastLogIndex=48}
02:47:44.210 [raft-server-1] TRACE i.a.p.raft.roles.LeaderAppender - RaftServer{1} - Sending AppendRequest{term=1, leader=1, prevLogIndex=48, prevLogTerm=1, entries=0, commitIndex=48} to 3
02:47:44.210 [raft-server-1] TRACE i.a.p.raft.roles.LeaderAppender - RaftServer{1} - Received AppendResponse{status=OK, term=1, succeeded=true, lastLogIndex=48} from 2
02:47:44.210 [raft-server-3] TRACE i.a.p.raft.roles.FollowerRole - RaftServer{3}{role=FOLLOWER} - Received AppendRequest{term=1, leader=1, prevLogIndex=48, prevLogTerm=1, entries=0, commitIndex=48}
02:47:44.210 [raft-server-1-state] TRACE i.a.p.raft.impl.RaftServiceManager - RaftServer{1} - Applying Indexed{index=48, entry=CommandEntry{term=1, timestamp=2018-06-09 02:47:43,938, session=2, sequence=42, operation=PrimitiveOperation{id=DefaultOperationId{id=write, type=COMMAND}, value=byte[]{length=17, hash=-1644578928}}}}
02:47:44.210 [raft-server-2-state] TRACE i.a.p.raft.impl.RaftServiceManager - RaftServer{2} - Applying Indexed{index=48, entry=CommandEntry{term=1, timestamp=2018-06-09 02:47:43,938, session=2, sequence=42, operation=PrimitiveOperation{id=DefaultOperationId{id=write, type=COMMAND}, value=byte[]{length=17, hash=-1644578928}}}}
02:47:44.210 [raft-server-1-state] TRACE i.a.p.s.impl.DefaultServiceExecutor - PrimitiveService{2}{type=io.atomix.protocols.raft.RaftTest$TestPrimitiveType@35843ad0, name=raft-test} - Executing DefaultCommit{index=48, session=RaftSession{RaftServiceContext{server=1, type=io.atomix.protocols.raft.RaftTest$TestPrimitiveType@35843ad0, name=raft-test, id=2}, session=2, timestamp=2018-06-09 02:47:43,938}, time=2018-06-09 02:47:43,938, operation=DefaultOperationId{id=write, type=COMMAND}, value=byte[]{length=17, hash=-1644578928}}
02:47:44.211 [raft-server-2-state] TRACE i.a.p.s.impl.DefaultServiceExecutor - PrimitiveService{2}{type=io.atomix.protocols.raft.RaftTest$TestPrimitiveType@8dc7f31, name=raft-test} - Executing DefaultCommit{index=48, session=RaftSession{RaftServiceContext{server=2, type=io.atomix.protocols.raft.RaftTest$TestPrimitiveType@8dc7f31, name=raft-test, id=2}, session=2, timestamp=2018-06-09 02:47:43,938}, time=2018-06-09 02:47:43,938, operation=DefaultOperationId{id=write, type=COMMAND}, value=byte[]{length=17, hash=-1644578928}}
02:47:44.211 [raft-server-1-state] TRACE i.a.protocols.raft.roles.LeaderRole - RaftServer{1}{role=LEADER} - Sending CommandResponse{status=OK, index=48, eventIndex=2, result=byte[]{length=2, hash=1336}}
02:47:44.211 [raft-client-613ce1dd-77b1-4b52-a0bf-d277cef86e4f-7] TRACE i.a.p.r.p.impl.RaftProxyConnection - SessionClient{2}{type=io.atomix.protocols.raft.RaftTest$TestPrimitiveType@35bfa1bb, name=raft-test} - Received CommandResponse{status=OK, index=48, eventIndex=2, result=byte[]{length=2, hash=1336}} from 1
02:47:44.211 [raft-client-613ce1dd-77b1-4b52-a0bf-d277cef86e4f-7] TRACE i.a.p.r.p.impl.RaftProxySequencer - SessionClient{2}{type=io.atomix.protocols.raft.RaftTest$TestPrimitiveType@35bfa1bb, name=raft-test} - Completing response CommandResponse{status=OK, index=48, eventIndex=2, result=byte[]{length=2, hash=1336}}
02:47:44.211 [raft-client-613ce1dd-77b1-4b52-a0bf-d277cef86e4f-0] TRACE i.a.p.r.p.impl.RaftProxyConnection - SessionClient{2}{type=io.atomix.protocols.raft.RaftTest$TestPrimitiveType@35bfa1bb, name=raft-test} - Sending CommandRequest{session=2, sequence=43, operation=PrimitiveOperation{id=DefaultOperationId{id=write, type=COMMAND}, value=byte[]{length=17, hash=-1644578928}}} to 1
02:47:44.211 [raft-server-1] TRACE i.a.protocols.raft.roles.LeaderRole - RaftServer{1}{role=LEADER} - Received CommandRequest{session=2, sequence=43, operation=PrimitiveOperation{id=DefaultOperationId{id=write, type=COMMAND}, value=byte[]{length=17, hash=-1644578928}}}
02:47:44.211 [raft-server-1] TRACE i.a.protocols.raft.roles.LeaderRole - RaftServer{1}{role=LEADER} - Appended Indexed{index=49, entry=CommandEntry{term=1, timestamp=2018-06-09 02:47:44,211, session=2, sequence=43, operation=PrimitiveOperation{id=DefaultOperationId{id=write, type=COMMAND}, value=byte[]{length=17, hash=-1644578928}}}}
02:47:44.211 [raft-server-1] TRACE i.a.p.raft.roles.LeaderAppender - RaftServer{1} - Sending AppendRequest{term=1, leader=1, prevLogIndex=48, prevLogTerm=1, entries=1, commitIndex=48} to 2
02:47:44.211 [raft-server-2] TRACE i.a.p.raft.roles.FollowerRole - RaftServer{2}{role=FOLLOWER} - Received AppendRequest{term=1, leader=1, prevLogIndex=48, prevLogTerm=1, entries=1, commitIndex=48}
02:47:44.211 [raft-server-2] TRACE i.a.p.raft.roles.FollowerRole - RaftServer{2}{role=FOLLOWER} - Appended Indexed{index=49, entry=CommandEntry{term=1, timestamp=2018-06-09 02:47:44,211, session=2, sequence=43, operation=PrimitiveOperation{id=DefaultOperationId{id=write, type=COMMAND}, value=byte[]{length=17, hash=-1644578928}}}}
02:47:44.211 [raft-server-2] TRACE i.a.p.raft.roles.FollowerRole - RaftServer{2}{role=FOLLOWER} - Sending AppendResponse{status=OK, term=1, succeeded=true, lastLogIndex=49}
02:47:44.212 [raft-server-1] TRACE i.a.p.raft.roles.LeaderAppender - RaftServer{1} - Received AppendResponse{status=OK, term=1, succeeded=true, lastLogIndex=49} from 2
02:47:44.212 [raft-server-1] TRACE i.a.p.raft.roles.LeaderAppender - RaftServer{1} - Committed entries up to 49
02:47:44.295 [raft-server-3] TRACE i.a.p.raft.roles.FollowerRole - RaftServer{3}{role=FOLLOWER} - Committed entries up to index 48
02:47:44.295 [raft-server-3] TRACE i.a.p.raft.roles.FollowerRole - RaftServer{3}{role=FOLLOWER} - Sending AppendResponse{status=OK, term=1, succeeded=true, lastLogIndex=48}
02:47:44.295 [raft-server-3-state] TRACE i.a.p.raft.impl.RaftServiceManager - RaftServer{3} - Applying Indexed{index=48, entry=CommandEntry{term=1, timestamp=2018-06-09 02:47:43,938, session=2, sequence=42, operation=PrimitiveOperation{id=DefaultOperationId{id=write, type=COMMAND}, value=byte[]{length=17, hash=-1644578928}}}}
02:47:44.295 [raft-server-3-state] TRACE i.a.p.s.impl.DefaultServiceExecutor - PrimitiveService{2}{type=io.atomix.protocols.raft.RaftTest$TestPrimitiveType@260d6206, name=raft-test} - Executing DefaultCommit{index=48, session=RaftSession{RaftServiceContext{server=3, type=io.atomix.protocols.raft.RaftTest$TestPrimitiveType@260d6206, name=raft-test, id=2}, session=2, timestamp=2018-06-09 02:47:43,938}, time=2018-06-09 02:47:43,938, operation=DefaultOperationId{id=write, type=COMMAND}, value=byte[]{length=17, hash=-1644578928}}
02:47:44.365 [raft-server-1] TRACE i.a.p.raft.roles.LeaderAppender - RaftServer{1} - Sending AppendRequest{term=1, leader=1, prevLogIndex=48, prevLogTerm=1, entries=1, commitIndex=49} to 3
02:47:44.366 [raft-server-3] TRACE i.a.p.raft.roles.FollowerRole - RaftServer{3}{role=FOLLOWER} - Received AppendRequest{term=1, leader=1, prevLogIndex=48, prevLogTerm=1, entries=1, commitIndex=49}
02:47:44.366 [raft-server-1] TRACE i.a.p.raft.roles.LeaderAppender - RaftServer{1} - Sending AppendRequest{term=1, leader=1, prevLogIndex=49, prevLogTerm=1, entries=0, commitIndex=49} to 2
02:47:44.366 [raft-server-1] TRACE i.a.p.raft.roles.LeaderAppender - RaftServer{1} - Received AppendResponse{status=OK, term=1, succeeded=true, lastLogIndex=48} from 3
02:47:44.366 [raft-server-2] TRACE i.a.p.raft.roles.FollowerRole - RaftServer{2}{role=FOLLOWER} - Received AppendRequest{term=1, leader=1, prevLogIndex=49, prevLogTerm=1, entries=0, commitIndex=49}
02:47:44.366 [raft-server-3] TRACE i.a.p.raft.roles.FollowerRole - RaftServer{3}{role=FOLLOWER} - Appended Indexed{index=49, entry=CommandEntry{term=1, timestamp=2018-06-09 02:47:44,211, session=2, sequence=43, operation=PrimitiveOperation{id=DefaultOperationId{id=write, type=COMMAND}, value=byte[]{length=17, hash=-1644578928}}}}
02:47:44.366 [raft-server-1-state] TRACE i.a.p.raft.impl.RaftServiceManager - RaftServer{1} - Applying Indexed{index=49, entry=CommandEntry{term=1, timestamp=2018-06-09 02:47:44,211, session=2, sequence=43, operation=PrimitiveOperation{id=DefaultOperationId{id=write, type=COMMAND}, value=byte[]{length=17, hash=-1644578928}}}}
02:47:44.366 [raft-server-1-state] TRACE i.a.p.s.impl.DefaultServiceExecutor - PrimitiveService{2}{type=io.atomix.protocols.raft.RaftTest$TestPrimitiveType@35843ad0, name=raft-test} - Executing DefaultCommit{index=49, session=RaftSession{RaftServiceContext{server=1, type=io.atomix.protocols.raft.RaftTest$TestPrimitiveType@35843ad0, name=raft-test, id=2}, session=2, timestamp=2018-06-09 02:47:44,211}, time=2018-06-09 02:47:44,211, operation=DefaultOperationId{id=write, type=COMMAND}, value=byte[]{length=17, hash=-1644578928}}
02:47:44.366 [raft-server-1-state] TRACE i.a.protocols.raft.roles.LeaderRole - RaftServer{1}{role=LEADER} - Sending CommandResponse{status=OK, index=49, eventIndex=2, result=byte[]{length=2, hash=1338}}
02:47:44.366 [raft-client-613ce1dd-77b1-4b52-a0bf-d277cef86e4f-4] TRACE i.a.p.r.p.impl.RaftProxyConnection - SessionClient{2}{type=io.atomix.protocols.raft.RaftTest$TestPrimitiveType@35bfa1bb, name=raft-test} - Received CommandResponse{status=OK, index=49, eventIndex=2, result=byte[]{length=2, hash=1338}} from 1
02:47:44.366 [raft-client-613ce1dd-77b1-4b52-a0bf-d277cef86e4f-4] TRACE i.a.p.r.p.impl.RaftProxySequencer - SessionClient{2}{type=io.atomix.protocols.raft.RaftTest$TestPrimitiveType@35bfa1bb, name=raft-test} - Completing response CommandResponse{status=OK, index=49, eventIndex=2, result=byte[]{length=2, hash=1338}}
02:47:44.366 [raft-client-613ce1dd-77b1-4b52-a0bf-d277cef86e4f-3] TRACE i.a.p.r.p.impl.RaftProxyConnection - SessionClient{2}{type=io.atomix.protocols.raft.RaftTest$TestPrimitiveType@35bfa1bb, name=raft-test} - Sending CommandRequest{session=2, sequence=44, operation=PrimitiveOperation{id=DefaultOperationId{id=write, type=COMMAND}, value=byte[]{length=17, hash=-1644578928}}} to 1
02:47:44.367 [raft-server-1] TRACE i.a.protocols.raft.roles.LeaderRole - RaftServer{1}{role=LEADER} - Received CommandRequest{session=2, sequence=44, operation=PrimitiveOperation{id=DefaultOperationId{id=write, type=COMMAND}, value=byte[]{length=17, hash=-1644578928}}}
02:47:44.367 [raft-server-1] TRACE i.a.protocols.raft.roles.LeaderRole - RaftServer{1}{role=LEADER} - Appended Indexed{index=50, entry=CommandEntry{term=1, timestamp=2018-06-09 02:47:44,367, session=2, sequence=44, operation=PrimitiveOperation{id=DefaultOperationId{id=write, type=COMMAND}, value=byte[]{length=17, hash=-1644578928}}}}
02:47:44.435 [raft-server-3] TRACE i.a.p.raft.roles.FollowerRole - RaftServer{3}{role=FOLLOWER} - Committed entries up to index 49
02:47:44.435 [raft-server-2] TRACE i.a.p.raft.roles.FollowerRole - RaftServer{2}{role=FOLLOWER} - Committed entries up to index 49
02:47:44.435 [raft-server-3] TRACE i.a.p.raft.roles.FollowerRole - RaftServer{3}{role=FOLLOWER} - Sending AppendResponse{status=OK, term=1, succeeded=true, lastLogIndex=49}
02:47:44.435 [raft-server-2] TRACE i.a.p.raft.roles.FollowerRole - RaftServer{2}{role=FOLLOWER} - Sending AppendResponse{status=OK, term=1, succeeded=true, lastLogIndex=49}
02:47:44.435 [raft-server-1] TRACE i.a.p.raft.roles.LeaderAppender - RaftServer{1} - Received AppendResponse{status=OK, term=1, succeeded=true, lastLogIndex=49} from 3
02:47:44.435 [raft-server-2-state] TRACE i.a.p.raft.impl.RaftServiceManager - RaftServer{2} - Applying Indexed{index=49, entry=CommandEntry{term=1, timestamp=2018-06-09 02:47:44,211, session=2, sequence=43, operation=PrimitiveOperation{id=DefaultOperationId{id=write, type=COMMAND}, value=byte[]{length=17, hash=-1644578928}}}}
02:47:44.435 [raft-server-3-state] TRACE i.a.p.raft.impl.RaftServiceManager - RaftServer{3} - Applying Indexed{index=49, entry=CommandEntry{term=1, timestamp=2018-06-09 02:47:44,211, session=2, sequence=43, operation=PrimitiveOperation{id=DefaultOperationId{id=write, type=COMMAND}, value=byte[]{length=17, hash=-1644578928}}}}
02:47:44.435 [raft-server-1] TRACE i.a.p.raft.roles.LeaderAppender - RaftServer{1} - Sending AppendRequest{term=1, leader=1, prevLogIndex=49, prevLogTerm=1, entries=1, commitIndex=49} to 3
02:47:44.435 [raft-server-2-state] TRACE i.a.p.s.impl.DefaultServiceExecutor - PrimitiveService{2}{type=io.atomix.protocols.raft.RaftTest$TestPrimitiveType@8dc7f31, name=raft-test} - Executing DefaultCommit{index=49, session=RaftSession{RaftServiceContext{server=2, type=io.atomix.protocols.raft.RaftTest$TestPrimitiveType@8dc7f31, name=raft-test, id=2}, session=2, timestamp=2018-06-09 02:47:44,211}, time=2018-06-09 02:47:44,211, operation=DefaultOperationId{id=write, type=COMMAND}, value=byte[]{length=17, hash=-1644578928}}
02:47:44.435 [raft-server-3-state] TRACE i.a.p.s.impl.DefaultServiceExecutor - PrimitiveService{2}{type=io.atomix.protocols.raft.RaftTest$TestPrimitiveType@260d6206, name=raft-test} - Executing DefaultCommit{index=49, session=RaftSession{RaftServiceContext{server=3, type=io.atomix.protocols.raft.RaftTest$TestPrimitiveType@260d6206, name=raft-test, id=2}, session=2, timestamp=2018-06-09 02:47:44,211}, time=2018-06-09 02:47:44,211, operation=DefaultOperationId{id=write, type=COMMAND}, value=byte[]{length=17, hash=-1644578928}}
02:47:44.435 [raft-server-1] TRACE i.a.p.raft.roles.LeaderAppender - RaftServer{1} - Sending AppendRequest{term=1, leader=1, prevLogIndex=49, prevLogTerm=1, entries=1, commitIndex=49} to 2
02:47:44.435 [raft-server-3] TRACE i.a.p.raft.roles.FollowerRole - RaftServer{3}{role=FOLLOWER} - Received AppendRequest{term=1, leader=1, prevLogIndex=49, prevLogTerm=1, entries=1, commitIndex=49}
02:47:44.436 [raft-server-2] TRACE i.a.p.raft.roles.FollowerRole - RaftServer{2}{role=FOLLOWER} - Received AppendRequest{term=1, leader=1, prevLogIndex=49, prevLogTerm=1, entries=1, commitIndex=49}
02:47:44.436 [raft-server-1] TRACE i.a.p.raft.roles.LeaderAppender - RaftServer{1} - Received AppendResponse{status=OK, term=1, succeeded=true, lastLogIndex=49} from 2
02:47:44.436 [raft-server-3] TRACE i.a.p.raft.roles.FollowerRole - RaftServer{3}{role=FOLLOWER} - Appended Indexed{index=50, entry=CommandEntry{term=1, timestamp=2018-06-09 02:47:44,367, session=2, sequence=44, operation=PrimitiveOperation{id=DefaultOperationId{id=write, type=COMMAND}, value=byte[]{length=17, hash=-1644578928}}}}
02:47:44.436 [raft-server-2] TRACE i.a.p.raft.roles.FollowerRole - RaftServer{2}{role=FOLLOWER} - Appended Indexed{index=50, entry=CommandEntry{term=1, timestamp=2018-06-09 02:47:44,367, session=2, sequence=44, operation=PrimitiveOperation{id=DefaultOperationId{id=write, type=COMMAND}, value=byte[]{length=17, hash=-1644578928}}}}
02:47:44.436 [raft-server-3] TRACE i.a.p.raft.roles.FollowerRole - RaftServer{3}{role=FOLLOWER} - Sending AppendResponse{status=OK, term=1, succeeded=true, lastLogIndex=50}
02:47:44.436 [raft-server-2] TRACE i.a.p.raft.roles.FollowerRole - RaftServer{2}{role=FOLLOWER} - Sending AppendResponse{status=OK, term=1, succeeded=true, lastLogIndex=50}
02:47:44.436 [raft-server-1] TRACE i.a.p.raft.roles.LeaderAppender - RaftServer{1} - Received AppendResponse{status=OK, term=1, succeeded=true, lastLogIndex=50} from 3
02:47:44.436 [raft-server-1] TRACE i.a.p.raft.roles.LeaderAppender - RaftServer{1} - Committed entries up to 50
02:47:44.502 [raft-server-1] TRACE i.a.p.raft.roles.LeaderAppender - RaftServer{1} - Received AppendResponse{status=OK, term=1, succeeded=true, lastLogIndex=50} from 2
02:47:44.502 [raft-server-1] TRACE i.a.p.raft.roles.LeaderAppender - RaftServer{1} - Sending AppendRequest{term=1, leader=1, prevLogIndex=50, prevLogTerm=1, entries=0, commitIndex=50} to 3
02:47:44.502 [raft-server-1] TRACE i.a.p.raft.roles.LeaderAppender - RaftServer{1} - Sending AppendRequest{term=1, leader=1, prevLogIndex=50, prevLogTerm=1, entries=0, commitIndex=50} to 2
02:47:44.502 [raft-server-2] TRACE i.a.p.raft.roles.FollowerRole - RaftServer{2}{role=FOLLOWER} - Received AppendRequest{term=1, leader=1, prevLogIndex=50, prevLogTerm=1, entries=0, commitIndex=50}
02:47:44.502 [raft-server-3] TRACE i.a.p.raft.roles.FollowerRole - RaftServer{3}{role=FOLLOWER} - Received AppendRequest{term=1, leader=1, prevLogIndex=50, prevLogTerm=1, entries=0, commitIndex=50}
02:47:44.502 [raft-server-1-state] TRACE i.a.p.raft.impl.RaftServiceManager - RaftServer{1} - Applying Indexed{index=50, entry=CommandEntry{term=1, timestamp=2018-06-09 02:47:44,367, session=2, sequence=44, operation=PrimitiveOperation{id=DefaultOperationId{id=write, type=COMMAND}, value=byte[]{length=17, hash=-1644578928}}}}
02:47:44.502 [raft-server-1-state] TRACE i.a.p.s.impl.DefaultServiceExecutor - PrimitiveService{2}{type=io.atomix.protocols.raft.RaftTest$TestPrimitiveType@35843ad0, name=raft-test} - Executing DefaultCommit{index=50, session=RaftSession{RaftServiceContext{server=1, type=io.atomix.protocols.raft.RaftTest$TestPrimitiveType@35843ad0, name=raft-test, id=2}, session=2, timestamp=2018-06-09 02:47:44,367}, time=2018-06-09 02:47:44,367, operation=DefaultOperationId{id=write, type=COMMAND}, value=byte[]{length=17, hash=-1644578928}}
02:47:44.503 [raft-server-1] TRACE i.a.protocols.raft.roles.LeaderRole - RaftServer{1}{role=LEADER} - Sending CommandResponse{status=OK, index=50, eventIndex=2, result=byte[]{length=2, hash=1340}}
02:47:44.503 [raft-client-613ce1dd-77b1-4b52-a0bf-d277cef86e4f-7] TRACE i.a.p.r.p.impl.RaftProxyConnection - SessionClient{2}{type=io.atomix.protocols.raft.RaftTest$TestPrimitiveType@35bfa1bb, name=raft-test} - Received CommandResponse{status=OK, index=50, eventIndex=2, result=byte[]{length=2, hash=1340}} from 1
02:47:44.503 [raft-client-613ce1dd-77b1-4b52-a0bf-d277cef86e4f-7] TRACE i.a.p.r.p.impl.RaftProxySequencer - SessionClient{2}{type=io.atomix.protocols.raft.RaftTest$TestPrimitiveType@35bfa1bb, name=raft-test} - Completing response CommandResponse{status=OK, index=50, eventIndex=2, result=byte[]{length=2, hash=1340}}
02:47:44.503 [raft-client-613ce1dd-77b1-4b52-a0bf-d277cef86e4f-2] TRACE i.a.p.r.p.impl.RaftProxyConnection - SessionClient{2}{type=io.atomix.protocols.raft.RaftTest$TestPrimitiveType@35bfa1bb, name=raft-test} - Sending CommandRequest{session=2, sequence=45, operation=PrimitiveOperation{id=DefaultOperationId{id=write, type=COMMAND}, value=byte[]{length=17, hash=-1644578928}}} to 1
02:47:44.503 [raft-server-1] TRACE i.a.protocols.raft.roles.LeaderRole - RaftServer{1}{role=LEADER} - Received CommandRequest{session=2, sequence=45, operation=PrimitiveOperation{id=DefaultOperationId{id=write, type=COMMAND}, value=byte[]{length=17, hash=-1644578928}}}
02:47:44.588 [raft-server-2] TRACE i.a.p.raft.roles.FollowerRole - RaftServer{2}{role=FOLLOWER} - Committed entries up to index 50
02:47:44.588 [raft-server-2] TRACE i.a.p.raft.roles.FollowerRole - RaftServer{2}{role=FOLLOWER} - Sending AppendResponse{status=OK, term=1, succeeded=true, lastLogIndex=50}
02:47:44.588 [raft-server-3] TRACE i.a.p.raft.roles.FollowerRole - RaftServer{3}{role=FOLLOWER} - Committed entries up to index 50
02:47:44.588 [raft-server-3] TRACE i.a.p.raft.roles.FollowerRole - RaftServer{3}{role=FOLLOWER} - Sending AppendResponse{status=OK, term=1, succeeded=true, lastLogIndex=50}
02:47:44.588 [raft-server-2-state] TRACE i.a.p.raft.impl.RaftServiceManager - RaftServer{2} - Applying Indexed{index=50, entry=CommandEntry{term=1, timestamp=2018-06-09 02:47:44,367, session=2, sequence=44, operation=PrimitiveOperation{id=DefaultOperationId{id=write, type=COMMAND}, value=byte[]{length=17, hash=-1644578928}}}}
02:47:44.588 [raft-server-2-state] TRACE i.a.p.s.impl.DefaultServiceExecutor - PrimitiveService{2}{type=io.atomix.protocols.raft.RaftTest$TestPrimitiveType@8dc7f31, name=raft-test} - Executing DefaultCommit{index=50, session=RaftSession{RaftServiceContext{server=2, type=io.atomix.protocols.raft.RaftTest$TestPrimitiveType@8dc7f31, name=raft-test, id=2}, session=2, timestamp=2018-06-09 02:47:44,367}, time=2018-06-09 02:47:44,367, operation=DefaultOperationId{id=write, type=COMMAND}, value=byte[]{length=17, hash=-1644578928}}
02:47:44.588 [raft-server-3-state] TRACE i.a.p.raft.impl.RaftServiceManager - RaftServer{3} - Applying Indexed{index=50, entry=CommandEntry{term=1, timestamp=2018-06-09 02:47:44,367, session=2, sequence=44, operation=PrimitiveOperation{id=DefaultOperationId{id=write, type=COMMAND}, value=byte[]{length=17, hash=-1644578928}}}}
02:47:44.588 [raft-server-3-state] TRACE i.a.p.s.impl.DefaultServiceExecutor - PrimitiveService{2}{type=io.atomix.protocols.raft.RaftTest$TestPrimitiveType@260d6206, name=raft-test} - Executing DefaultCommit{index=50, session=RaftSession{RaftServiceContext{server=3, type=io.atomix.protocols.raft.RaftTest$TestPrimitiveType@260d6206, name=raft-test, id=2}, session=2, timestamp=2018-06-09 02:47:44,367}, time=2018-06-09 02:47:44,367, operation=DefaultOperationId{id=write, type=COMMAND}, value=byte[]{length=17, hash=-1644578928}}
02:47:44.678 [raft-server-1] DEBUG i.a.storage.journal.SegmentedJournal - Created disk segment: JournalSegment{id=6, version=1, index=51, size=64}
02:47:44.678 [raft-server-1] TRACE i.a.protocols.raft.roles.LeaderRole - RaftServer{1}{role=LEADER} - Appended Indexed{index=51, entry=CommandEntry{term=1, timestamp=2018-06-09 02:47:44,503, session=2, sequence=45, operation=PrimitiveOperation{id=DefaultOperationId{id=write, type=COMMAND}, value=byte[]{length=17, hash=-1644578928}}}}
02:47:44.678 [raft-server-1] TRACE i.a.p.raft.roles.LeaderAppender - RaftServer{1} - Received AppendResponse{status=OK, term=1, succeeded=true, lastLogIndex=50} from 2
02:47:44.678 [raft-server-1] TRACE i.a.p.raft.roles.LeaderAppender - RaftServer{1} - Sending AppendRequest{term=1, leader=1, prevLogIndex=50, prevLogTerm=1, entries=1, commitIndex=50} to 2
02:47:44.678 [raft-server-2] TRACE i.a.p.raft.roles.FollowerRole - RaftServer{2}{role=FOLLOWER} - Received AppendRequest{term=1, leader=1, prevLogIndex=50, prevLogTerm=1, entries=1, commitIndex=50}
02:47:44.678 [raft-server-1] TRACE i.a.p.raft.roles.LeaderAppender - RaftServer{1} - Sending AppendRequest{term=1, leader=1, prevLogIndex=50, prevLogTerm=1, entries=1, commitIndex=50} to 3
02:47:44.678 [raft-server-3] TRACE i.a.p.raft.roles.FollowerRole - RaftServer{3}{role=FOLLOWER} - Received AppendRequest{term=1, leader=1, prevLogIndex=50, prevLogTerm=1, entries=1, commitIndex=50}
02:47:44.678 [raft-server-1] TRACE i.a.p.raft.roles.LeaderAppender - RaftServer{1} - Received AppendResponse{status=OK, term=1, succeeded=true, lastLogIndex=50} from 3
02:47:44.827 [raft-server-3] DEBUG i.a.storage.journal.SegmentedJournal - Created disk segment: JournalSegment{id=6, version=1, index=51, size=64}
02:47:44.827 [raft-server-3] TRACE i.a.p.raft.roles.FollowerRole - RaftServer{3}{role=FOLLOWER} - Appended Indexed{index=51, entry=CommandEntry{term=1, timestamp=2018-06-09 02:47:44,503, session=2, sequence=45, operation=PrimitiveOperation{id=DefaultOperationId{id=write, type=COMMAND}, value=byte[]{length=17, hash=-1644578928}}}}
02:47:44.827 [raft-server-3] TRACE i.a.p.raft.roles.FollowerRole - RaftServer{3}{role=FOLLOWER} - Sending AppendResponse{status=OK, term=1, succeeded=true, lastLogIndex=51}
02:47:44.827 [raft-server-1] TRACE i.a.p.raft.roles.LeaderAppender - RaftServer{1} - Received AppendResponse{status=OK, term=1, succeeded=true, lastLogIndex=51} from 3
02:47:44.827 [raft-server-1] TRACE i.a.p.raft.roles.LeaderAppender - RaftServer{1} - Committed entries up to 51
02:47:44.888 [raft-server-2] DEBUG i.a.storage.journal.SegmentedJournal - Created disk segment: JournalSegment{id=6, version=1, index=51, size=64}
02:47:44.888 [raft-server-2] TRACE i.a.p.raft.roles.FollowerRole - RaftServer{2}{role=FOLLOWER} - Appended Indexed{index=51, entry=CommandEntry{term=1, timestamp=2018-06-09 02:47:44,503, session=2, sequence=45, operation=PrimitiveOperation{id=DefaultOperationId{id=write, type=COMMAND}, value=byte[]{length=17, hash=-1644578928}}}}
02:47:44.888 [raft-server-2] TRACE i.a.p.raft.roles.FollowerRole - RaftServer{2}{role=FOLLOWER} - Sending AppendResponse{status=OK, term=1, succeeded=true, lastLogIndex=51}
02:47:44.921 [raft-server-1] TRACE i.a.p.raft.roles.LeaderAppender - RaftServer{1} - Sending AppendRequest{term=1, leader=1, prevLogIndex=51, prevLogTerm=1, entries=0, commitIndex=51} to 3
02:47:44.921 [raft-server-1] TRACE i.a.p.raft.roles.LeaderAppender - RaftServer{1} - Received AppendResponse{status=OK, term=1, succeeded=true, lastLogIndex=51} from 2
02:47:44.921 [raft-server-1] TRACE i.a.p.raft.roles.LeaderAppender - RaftServer{1} - Sending AppendRequest{term=1, leader=1, prevLogIndex=51, prevLogTerm=1, entries=0, commitIndex=51} to 2
02:47:44.922 [raft-server-2] TRACE i.a.p.raft.roles.FollowerRole - RaftServer{2}{role=FOLLOWER} - Received AppendRequest{term=1, leader=1, prevLogIndex=51, prevLogTerm=1, entries=0, commitIndex=51}
02:47:44.921 [raft-server-1-state] TRACE i.a.p.raft.impl.RaftServiceManager - RaftServer{1} - Applying Indexed{index=51, entry=CommandEntry{term=1, timestamp=2018-06-09 02:47:44,503, session=2, sequence=45, operation=PrimitiveOperation{id=DefaultOperationId{id=write, type=COMMAND}, value=byte[]{length=17, hash=-1644578928}}}}
02:47:44.922 [raft-server-1-state] TRACE i.a.p.s.impl.DefaultServiceExecutor - PrimitiveService{2}{type=io.atomix.protocols.raft.RaftTest$TestPrimitiveType@35843ad0, name=raft-test} - Executing DefaultCommit{index=51, session=RaftSession{RaftServiceContext{server=1, type=io.atomix.protocols.raft.RaftTest$TestPrimitiveType@35843ad0, name=raft-test, id=2}, session=2, timestamp=2018-06-09 02:47:44,503}, time=2018-06-09 02:47:44,503, operation=DefaultOperationId{id=write, type=COMMAND}, value=byte[]{length=17, hash=-1644578928}}
02:47:44.922 [raft-server-3] TRACE i.a.p.raft.roles.FollowerRole - RaftServer{3}{role=FOLLOWER} - Received AppendRequest{term=1, leader=1, prevLogIndex=51, prevLogTerm=1, entries=0, commitIndex=51}
02:47:44.922 [raft-server-1-state] TRACE i.a.protocols.raft.roles.LeaderRole - RaftServer{1}{role=LEADER} - Sending CommandResponse{status=OK, index=51, eventIndex=2, result=byte[]{length=2, hash=1342}}
02:47:44.922 [raft-client-613ce1dd-77b1-4b52-a0bf-d277cef86e4f-5] TRACE i.a.p.r.p.impl.RaftProxyConnection - SessionClient{2}{type=io.atomix.protocols.raft.RaftTest$TestPrimitiveType@35bfa1bb, name=raft-test} - Received CommandResponse{status=OK, index=51, eventIndex=2, result=byte[]{length=2, hash=1342}} from 1
02:47:44.922 [raft-client-613ce1dd-77b1-4b52-a0bf-d277cef86e4f-5] TRACE i.a.p.r.p.impl.RaftProxySequencer - SessionClient{2}{type=io.atomix.protocols.raft.RaftTest$TestPrimitiveType@35bfa1bb, name=raft-test} - Completing response CommandResponse{status=OK, index=51, eventIndex=2, result=byte[]{length=2, hash=1342}}
02:47:44.922 [raft-client-613ce1dd-77b1-4b52-a0bf-d277cef86e4f-1] TRACE i.a.p.r.p.impl.RaftProxyConnection - SessionClient{2}{type=io.atomix.protocols.raft.RaftTest$TestPrimitiveType@35bfa1bb, name=raft-test} - Sending CommandRequest{session=2, sequence=46, operation=PrimitiveOperation{id=DefaultOperationId{id=write, type=COMMAND}, value=byte[]{length=17, hash=-1644578928}}} to 1
02:47:44.923 [raft-server-1] TRACE i.a.protocols.raft.roles.LeaderRole - RaftServer{1}{role=LEADER} - Received CommandRequest{session=2, sequence=46, operation=PrimitiveOperation{id=DefaultOperationId{id=write, type=COMMAND}, value=byte[]{length=17, hash=-1644578928}}}
02:47:44.923 [raft-server-1] TRACE i.a.protocols.raft.roles.LeaderRole - RaftServer{1}{role=LEADER} - Appended Indexed{index=52, entry=CommandEntry{term=1, timestamp=2018-06-09 02:47:44,923, session=2, sequence=46, operation=PrimitiveOperation{id=DefaultOperationId{id=write, type=COMMAND}, value=byte[]{length=17, hash=-1644578928}}}}
02:47:44.977 [raft-server-2] TRACE i.a.p.raft.roles.FollowerRole - RaftServer{2}{role=FOLLOWER} - Committed entries up to index 51
02:47:44.977 [raft-server-2] TRACE i.a.p.raft.roles.FollowerRole - RaftServer{2}{role=FOLLOWER} - Sending AppendResponse{status=OK, term=1, succeeded=true, lastLogIndex=51}
02:47:44.977 [raft-server-3] TRACE i.a.p.raft.roles.FollowerRole - RaftServer{3}{role=FOLLOWER} - Committed entries up to index 51
02:47:44.977 [raft-server-3] TRACE i.a.p.raft.roles.FollowerRole - RaftServer{3}{role=FOLLOWER} - Sending AppendResponse{status=OK, term=1, succeeded=true, lastLogIndex=51}
02:47:44.977 [raft-server-2-state] TRACE i.a.p.raft.impl.RaftServiceManager - RaftServer{2} - Applying Indexed{index=51, entry=CommandEntry{term=1, timestamp=2018-06-09 02:47:44,503, session=2, sequence=45, operation=PrimitiveOperation{id=DefaultOperationId{id=write, type=COMMAND}, value=byte[]{length=17, hash=-1644578928}}}}
02:47:44.977 [raft-server-2-state] TRACE i.a.p.s.impl.DefaultServiceExecutor - PrimitiveService{2}{type=io.atomix.protocols.raft.RaftTest$TestPrimitiveType@8dc7f31, name=raft-test} - Executing DefaultCommit{index=51, session=RaftSession{RaftServiceContext{server=2, type=io.atomix.protocols.raft.RaftTest$TestPrimitiveType@8dc7f31, name=raft-test, id=2}, session=2, timestamp=2018-06-09 02:47:44,503}, time=2018-06-09 02:47:44,503, operation=DefaultOperationId{id=write, type=COMMAND}, value=byte[]{length=17, hash=-1644578928}}
02:47:44.977 [raft-server-3-state] TRACE i.a.p.raft.impl.RaftServiceManager - RaftServer{3} - Applying Indexed{index=51, entry=CommandEntry{term=1, timestamp=2018-06-09 02:47:44,503, session=2, sequence=45, operation=PrimitiveOperation{id=DefaultOperationId{id=write, type=COMMAND}, value=byte[]{length=17, hash=-1644578928}}}}
02:47:44.977 [raft-server-1] TRACE i.a.p.raft.roles.LeaderAppender - RaftServer{1} - Received AppendResponse{status=OK, term=1, succeeded=true, lastLogIndex=51} from 2
02:47:44.977 [raft-server-3-state] TRACE i.a.p.s.impl.DefaultServiceExecutor - PrimitiveService{2}{type=io.atomix.protocols.raft.RaftTest$TestPrimitiveType@260d6206, name=raft-test} - Executing DefaultCommit{index=51, session=RaftSession{RaftServiceContext{server=3, type=io.atomix.protocols.raft.RaftTest$TestPrimitiveType@260d6206, name=raft-test, id=2}, session=2, timestamp=2018-06-09 02:47:44,503}, time=2018-06-09 02:47:44,503, operation=DefaultOperationId{id=write, type=COMMAND}, value=byte[]{length=17, hash=-1644578928}}
02:47:44.977 [raft-server-1] TRACE i.a.p.raft.roles.LeaderAppender - RaftServer{1} - Sending AppendRequest{term=1, leader=1, prevLogIndex=51, prevLogTerm=1, entries=1, commitIndex=51} to 2
02:47:44.977 [raft-server-1] TRACE i.a.p.raft.roles.LeaderAppender - RaftServer{1} - Received AppendResponse{status=OK, term=1, succeeded=true, lastLogIndex=51} from 3
02:47:44.977 [raft-server-1] TRACE i.a.p.raft.roles.LeaderAppender - RaftServer{1} - Sending AppendRequest{term=1, leader=1, prevLogIndex=51, prevLogTerm=1, entries=1, commitIndex=51} to 3
02:47:44.977 [raft-server-3] TRACE i.a.p.raft.roles.FollowerRole - RaftServer{3}{role=FOLLOWER} - Received AppendRequest{term=1, leader=1, prevLogIndex=51, prevLogTerm=1, entries=1, commitIndex=51}
02:47:44.978 [raft-server-3] TRACE i.a.p.raft.roles.FollowerRole - RaftServer{3}{role=FOLLOWER} - Appended Indexed{index=52, entry=CommandEntry{term=1, timestamp=2018-06-09 02:47:44,923, session=2, sequence=46, operation=PrimitiveOperation{id=DefaultOperationId{id=write, type=COMMAND}, value=byte[]{length=17, hash=-1644578928}}}}
02:47:44.978 [raft-server-3] TRACE i.a.p.raft.roles.FollowerRole - RaftServer{3}{role=FOLLOWER} - Sending AppendResponse{status=OK, term=1, succeeded=true, lastLogIndex=52}
02:47:44.978 [raft-server-2] TRACE i.a.p.raft.roles.FollowerRole - RaftServer{2}{role=FOLLOWER} - Received AppendRequest{term=1, leader=1, prevLogIndex=51, prevLogTerm=1, entries=1, commitIndex=51}
02:47:44.978 [raft-server-2] TRACE i.a.p.raft.roles.FollowerRole - RaftServer{2}{role=FOLLOWER} - Appended Indexed{index=52, entry=CommandEntry{term=1, timestamp=2018-06-09 02:47:44,923, session=2, sequence=46, operation=PrimitiveOperation{id=DefaultOperationId{id=write, type=COMMAND}, value=byte[]{length=17, hash=-1644578928}}}}
02:47:44.978 [raft-server-2] TRACE i.a.p.raft.roles.FollowerRole - RaftServer{2}{role=FOLLOWER} - Sending AppendResponse{status=OK, term=1, succeeded=true, lastLogIndex=52}
02:47:44.978 [raft-server-1] TRACE i.a.p.raft.roles.LeaderAppender - RaftServer{1} - Received AppendResponse{status=OK, term=1, succeeded=true, lastLogIndex=52} from 3
02:47:44.978 [raft-server-1] TRACE i.a.p.raft.roles.LeaderAppender - RaftServer{1} - Committed entries up to 52
02:47:45.088 [raft-server-1] TRACE i.a.p.raft.roles.LeaderAppender - RaftServer{1} - Received AppendResponse{status=OK, term=1, succeeded=true, lastLogIndex=52} from 2
02:47:45.088 [raft-server-1] TRACE i.a.p.raft.roles.LeaderAppender - RaftServer{1} - Sending AppendRequest{term=1, leader=1, prevLogIndex=52, prevLogTerm=1, entries=0, commitIndex=52} to 3
02:47:45.088 [raft-server-3] TRACE i.a.p.raft.roles.FollowerRole - RaftServer{3}{role=FOLLOWER} - Received AppendRequest{term=1, leader=1, prevLogIndex=52, prevLogTerm=1, entries=0, commitIndex=52}
02:47:45.088 [raft-server-1] TRACE i.a.p.raft.roles.LeaderAppender - RaftServer{1} - Sending AppendRequest{term=1, leader=1, prevLogIndex=52, prevLogTerm=1, entries=0, commitIndex=52} to 2
02:47:45.088 [raft-server-2] TRACE i.a.p.raft.roles.FollowerRole - RaftServer{2}{role=FOLLOWER} - Received AppendRequest{term=1, leader=1, prevLogIndex=52, prevLogTerm=1, entries=0, commitIndex=52}
02:47:45.088 [raft-server-1-state] TRACE i.a.p.raft.impl.RaftServiceManager - RaftServer{1} - Applying Indexed{index=52, entry=CommandEntry{term=1, timestamp=2018-06-09 02:47:44,923, session=2, sequence=46, operation=PrimitiveOperation{id=DefaultOperationId{id=write, type=COMMAND}, value=byte[]{length=17, hash=-1644578928}}}}
02:47:45.089 [raft-server-1-state] TRACE i.a.p.s.impl.DefaultServiceExecutor - PrimitiveService{2}{type=io.atomix.protocols.raft.RaftTest$TestPrimitiveType@35843ad0, name=raft-test} - Executing DefaultCommit{index=52, session=RaftSession{RaftServiceContext{server=1, type=io.atomix.protocols.raft.RaftTest$TestPrimitiveType@35843ad0, name=raft-test, id=2}, session=2, timestamp=2018-06-09 02:47:44,923}, time=2018-06-09 02:47:44,923, operation=DefaultOperationId{id=write, type=COMMAND}, value=byte[]{length=17, hash=-1644578928}}
02:47:45.089 [raft-server-1-state] TRACE i.a.protocols.raft.roles.LeaderRole - RaftServer{1}{role=LEADER} - Sending CommandResponse{status=OK, index=52, eventIndex=2, result=byte[]{length=2, hash=1344}}
02:47:45.089 [raft-client-613ce1dd-77b1-4b52-a0bf-d277cef86e4f-4] TRACE i.a.p.r.p.impl.RaftProxyConnection - SessionClient{2}{type=io.atomix.protocols.raft.RaftTest$TestPrimitiveType@35bfa1bb, name=raft-test} - Received CommandResponse{status=OK, index=52, eventIndex=2, result=byte[]{length=2, hash=1344}} from 1
02:47:45.089 [raft-client-613ce1dd-77b1-4b52-a0bf-d277cef86e4f-4] TRACE i.a.p.r.p.impl.RaftProxySequencer - SessionClient{2}{type=io.atomix.protocols.raft.RaftTest$TestPrimitiveType@35bfa1bb, name=raft-test} - Completing response CommandResponse{status=OK, index=52, eventIndex=2, result=byte[]{length=2, hash=1344}}
02:47:45.089 [raft-client-613ce1dd-77b1-4b52-a0bf-d277cef86e4f-6] TRACE i.a.p.r.p.impl.RaftProxyConnection - SessionClient{2}{type=io.atomix.protocols.raft.RaftTest$TestPrimitiveType@35bfa1bb, name=raft-test} - Sending CommandRequest{session=2, sequence=47, operation=PrimitiveOperation{id=DefaultOperationId{id=write, type=COMMAND}, value=byte[]{length=17, hash=-1644578928}}} to 1
02:47:45.089 [raft-server-1] TRACE i.a.protocols.raft.roles.LeaderRole - RaftServer{1}{role=LEADER} - Received CommandRequest{session=2, sequence=47, operation=PrimitiveOperation{id=DefaultOperationId{id=write, type=COMMAND}, value=byte[]{length=17, hash=-1644578928}}}
02:47:45.089 [raft-server-1] TRACE i.a.protocols.raft.roles.LeaderRole - RaftServer{1}{role=LEADER} - Appended Indexed{index=53, entry=CommandEntry{term=1, timestamp=2018-06-09 02:47:45,089, session=2, sequence=47, operation=PrimitiveOperation{id=DefaultOperationId{id=write, type=COMMAND}, value=byte[]{length=17, hash=-1644578928}}}}
02:47:45.204 [raft-server-3] TRACE i.a.p.raft.roles.FollowerRole - RaftServer{3}{role=FOLLOWER} - Committed entries up to index 52
02:47:45.204 [raft-server-3] TRACE i.a.p.raft.roles.FollowerRole - RaftServer{3}{role=FOLLOWER} - Sending AppendResponse{status=OK, term=1, succeeded=true, lastLogIndex=52}
02:47:45.204 [raft-server-1] TRACE i.a.p.raft.roles.LeaderAppender - RaftServer{1} - Received AppendResponse{status=OK, term=1, succeeded=true, lastLogIndex=52} from 3
02:47:45.204 [raft-server-1] TRACE i.a.p.raft.roles.LeaderAppender - RaftServer{1} - Sending AppendRequest{term=1, leader=1, prevLogIndex=52, prevLogTerm=1, entries=1, commitIndex=52} to 3
02:47:45.204 [raft-server-3-state] TRACE i.a.p.raft.impl.RaftServiceManager - RaftServer{3} - Applying Indexed{index=52, entry=CommandEntry{term=1, timestamp=2018-06-09 02:47:44,923, session=2, sequence=46, operation=PrimitiveOperation{id=DefaultOperationId{id=write, type=COMMAND}, value=byte[]{length=17, hash=-1644578928}}}}
02:47:45.205 [raft-server-1] TRACE i.a.p.raft.roles.LeaderAppender - RaftServer{1} - Sending AppendRequest{term=1, leader=1, prevLogIndex=52, prevLogTerm=1, entries=1, commitIndex=52} to 2
02:47:45.205 [raft-server-3] TRACE i.a.p.raft.roles.FollowerRole - RaftServer{3}{role=FOLLOWER} - Received AppendRequest{term=1, leader=1, prevLogIndex=52, prevLogTerm=1, entries=1, commitIndex=52}
02:47:45.205 [raft-server-3] TRACE i.a.p.raft.roles.FollowerRole - RaftServer{3}{role=FOLLOWER} - Appended Indexed{index=53, entry=CommandEntry{term=1, timestamp=2018-06-09 02:47:45,089, session=2, sequence=47, operation=PrimitiveOperation{id=DefaultOperationId{id=write, type=COMMAND}, value=byte[]{length=17, hash=-1644578928}}}}
02:47:45.205 [raft-server-3] TRACE i.a.p.raft.roles.FollowerRole - RaftServer{3}{role=FOLLOWER} - Sending AppendResponse{status=OK, term=1, succeeded=true, lastLogIndex=53}
02:47:45.205 [raft-server-3-state] TRACE i.a.p.s.impl.DefaultServiceExecutor - PrimitiveService{2}{type=io.atomix.protocols.raft.RaftTest$TestPrimitiveType@260d6206, name=raft-test} - Executing DefaultCommit{index=52, session=RaftSession{RaftServiceContext{server=3, type=io.atomix.protocols.raft.RaftTest$TestPrimitiveType@260d6206, name=raft-test, id=2}, session=2, timestamp=2018-06-09 02:47:44,923}, time=2018-06-09 02:47:44,923, operation=DefaultOperationId{id=write, type=COMMAND}, value=byte[]{length=17, hash=-1644578928}}
02:47:45.205 [raft-server-1] TRACE i.a.p.raft.roles.LeaderAppender - RaftServer{1} - Received AppendResponse{status=OK, term=1, succeeded=true, lastLogIndex=53} from 3
02:47:45.205 [raft-server-1] TRACE i.a.p.raft.roles.LeaderAppender - RaftServer{1} - Committed entries up to 53
02:47:45.302 [raft-server-2] TRACE i.a.p.raft.roles.FollowerRole - RaftServer{2}{role=FOLLOWER} - Committed entries up to index 52
02:47:45.302 [raft-server-2] TRACE i.a.p.raft.roles.FollowerRole - RaftServer{2}{role=FOLLOWER} - Sending AppendResponse{status=OK, term=1, succeeded=true, lastLogIndex=52}
02:47:45.302 [raft-server-2] TRACE i.a.p.raft.roles.FollowerRole - RaftServer{2}{role=FOLLOWER} - Received AppendRequest{term=1, leader=1, prevLogIndex=52, prevLogTerm=1, entries=1, commitIndex=52}
02:47:45.302 [raft-server-2] TRACE i.a.p.raft.roles.FollowerRole - RaftServer{2}{role=FOLLOWER} - Appended Indexed{index=53, entry=CommandEntry{term=1, timestamp=2018-06-09 02:47:45,089, session=2, sequence=47, operation=PrimitiveOperation{id=DefaultOperationId{id=write, type=COMMAND}, value=byte[]{length=17, hash=-1644578928}}}}
02:47:45.302 [raft-server-2] TRACE i.a.p.raft.roles.FollowerRole - RaftServer{2}{role=FOLLOWER} - Sending AppendResponse{status=OK, term=1, succeeded=true, lastLogIndex=53}
02:47:45.302 [raft-server-2-state] TRACE i.a.p.raft.impl.RaftServiceManager - RaftServer{2} - Applying Indexed{index=52, entry=CommandEntry{term=1, timestamp=2018-06-09 02:47:44,923, session=2, sequence=46, operation=PrimitiveOperation{id=DefaultOperationId{id=write, type=COMMAND}, value=byte[]{length=17, hash=-1644578928}}}}
02:47:45.302 [raft-server-2-state] TRACE i.a.p.s.impl.DefaultServiceExecutor - PrimitiveService{2}{type=io.atomix.protocols.raft.RaftTest$TestPrimitiveType@8dc7f31, name=raft-test} - Executing DefaultCommit{index=52, session=RaftSession{RaftServiceContext{server=2, type=io.atomix.protocols.raft.RaftTest$TestPrimitiveType@8dc7f31, name=raft-test, id=2}, session=2, timestamp=2018-06-09 02:47:44,923}, time=2018-06-09 02:47:44,923, operation=DefaultOperationId{id=write, type=COMMAND}, value=byte[]{length=17, hash=-1644578928}}
02:47:45.371 [raft-server-1] TRACE i.a.p.raft.roles.LeaderAppender - RaftServer{1} - Sending AppendRequest{term=1, leader=1, prevLogIndex=53, prevLogTerm=1, entries=0, commitIndex=53} to 3
02:47:45.371 [raft-server-1] TRACE i.a.p.raft.roles.LeaderAppender - RaftServer{1} - Received AppendResponse{status=OK, term=1, succeeded=true, lastLogIndex=52} from 2
02:47:45.371 [raft-server-3] TRACE i.a.p.raft.roles.FollowerRole - RaftServer{3}{role=FOLLOWER} - Received AppendRequest{term=1, leader=1, prevLogIndex=53, prevLogTerm=1, entries=0, commitIndex=53}
02:47:45.371 [raft-server-1] TRACE i.a.p.raft.roles.LeaderAppender - RaftServer{1} - Received AppendResponse{status=OK, term=1, succeeded=true, lastLogIndex=53} from 2
02:47:45.371 [raft-server-1] TRACE i.a.p.raft.roles.LeaderAppender - RaftServer{1} - Sending AppendRequest{term=1, leader=1, prevLogIndex=53, prevLogTerm=1, entries=0, commitIndex=53} to 2
02:47:45.372 [raft-server-2] TRACE i.a.p.raft.roles.FollowerRole - RaftServer{2}{role=FOLLOWER} - Received AppendRequest{term=1, leader=1, prevLogIndex=53, prevLogTerm=1, entries=0, commitIndex=53}
02:47:45.372 [raft-server-1-state] TRACE i.a.p.raft.impl.RaftServiceManager - RaftServer{1} - Applying Indexed{index=53, entry=CommandEntry{term=1, timestamp=2018-06-09 02:47:45,089, session=2, sequence=47, operation=PrimitiveOperation{id=DefaultOperationId{id=write, type=COMMAND}, value=byte[]{length=17, hash=-1644578928}}}}
02:47:45.372 [raft-server-1-state] TRACE i.a.p.s.impl.DefaultServiceExecutor - PrimitiveService{2}{type=io.atomix.protocols.raft.RaftTest$TestPrimitiveType@35843ad0, name=raft-test} - Executing DefaultCommit{index=53, session=RaftSession{RaftServiceContext{server=1, type=io.atomix.protocols.raft.RaftTest$TestPrimitiveType@35843ad0, name=raft-test, id=2}, session=2, timestamp=2018-06-09 02:47:45,089}, time=2018-06-09 02:47:45,089, operation=DefaultOperationId{id=write, type=COMMAND}, value=byte[]{length=17, hash=-1644578928}}
02:47:45.372 [raft-server-1-state] TRACE i.a.protocols.raft.roles.LeaderRole - RaftServer{1}{role=LEADER} - Sending CommandResponse{status=OK, index=53, eventIndex=2, result=byte[]{length=2, hash=1346}}
02:47:45.372 [raft-client-613ce1dd-77b1-4b52-a0bf-d277cef86e4f-7] TRACE i.a.p.r.p.impl.RaftProxyConnection - SessionClient{2}{type=io.atomix.protocols.raft.RaftTest$TestPrimitiveType@35bfa1bb, name=raft-test} - Received CommandResponse{status=OK, index=53, eventIndex=2, result=byte[]{length=2, hash=1346}} from 1
02:47:45.372 [raft-client-613ce1dd-77b1-4b52-a0bf-d277cef86e4f-7] TRACE i.a.p.r.p.impl.RaftProxySequencer - SessionClient{2}{type=io.atomix.protocols.raft.RaftTest$TestPrimitiveType@35bfa1bb, name=raft-test} - Completing response CommandResponse{status=OK, index=53, eventIndex=2, result=byte[]{length=2, hash=1346}}
02:47:45.373 [raft-client-613ce1dd-77b1-4b52-a0bf-d277cef86e4f-7] TRACE i.a.p.r.p.impl.RaftProxyConnection - SessionClient{2}{type=io.atomix.protocols.raft.RaftTest$TestPrimitiveType@35bfa1bb, name=raft-test} - Sending CommandRequest{session=2, sequence=48, operation=PrimitiveOperation{id=DefaultOperationId{id=write, type=COMMAND}, value=byte[]{length=17, hash=-1644578928}}} to 1
02:47:45.373 [raft-server-1] TRACE i.a.protocols.raft.roles.LeaderRole - RaftServer{1}{role=LEADER} - Received CommandRequest{session=2, sequence=48, operation=PrimitiveOperation{id=DefaultOperationId{id=write, type=COMMAND}, value=byte[]{length=17, hash=-1644578928}}}
02:47:45.373 [raft-server-1] TRACE i.a.protocols.raft.roles.LeaderRole - RaftServer{1}{role=LEADER} - Appended Indexed{index=54, entry=CommandEntry{term=1, timestamp=2018-06-09 02:47:45,373, session=2, sequence=48, operation=PrimitiveOperation{id=DefaultOperationId{id=write, type=COMMAND}, value=byte[]{length=17, hash=-1644578928}}}}
02:47:45.479 [raft-server-1] TRACE i.a.p.raft.roles.LeaderAppender - RaftServer{1} - Sending AppendRequest{term=1, leader=1, prevLogIndex=53, prevLogTerm=1, entries=1, commitIndex=53} to 3
02:47:45.479 [raft-server-1] TRACE i.a.p.raft.roles.LeaderAppender - RaftServer{1} - Sending AppendRequest{term=1, leader=1, prevLogIndex=53, prevLogTerm=1, entries=1, commitIndex=53} to 2
02:47:45.543 [raft-server-2] TRACE i.a.p.raft.roles.FollowerRole - RaftServer{2}{role=FOLLOWER} - Committed entries up to index 53
02:47:45.543 [raft-server-2] TRACE i.a.p.raft.roles.FollowerRole - RaftServer{2}{role=FOLLOWER} - Sending AppendResponse{status=OK, term=1, succeeded=true, lastLogIndex=53}
02:47:45.543 [raft-server-1] TRACE i.a.p.raft.roles.LeaderAppender - RaftServer{1} - Received AppendResponse{status=OK, term=1, succeeded=true, lastLogIndex=53} from 2
02:47:45.543 [raft-server-2] TRACE i.a.p.raft.roles.FollowerRole - RaftServer{2}{role=FOLLOWER} - Received AppendRequest{term=1, leader=1, prevLogIndex=53, prevLogTerm=1, entries=1, commitIndex=53}
02:47:45.544 [raft-server-2] TRACE i.a.p.raft.roles.FollowerRole - RaftServer{2}{role=FOLLOWER} - Appended Indexed{index=54, entry=CommandEntry{term=1, timestamp=2018-06-09 02:47:45,373, session=2, sequence=48, operation=PrimitiveOperation{id=DefaultOperationId{id=write, type=COMMAND}, value=byte[]{length=17, hash=-1644578928}}}}
02:47:45.544 [raft-server-2] TRACE i.a.p.raft.roles.FollowerRole - RaftServer{2}{role=FOLLOWER} - Sending AppendResponse{status=OK, term=1, succeeded=true, lastLogIndex=54}
02:47:45.544 [raft-server-3] TRACE i.a.p.raft.roles.FollowerRole - RaftServer{3}{role=FOLLOWER} - Committed entries up to index 53
02:47:45.544 [raft-server-2-state] TRACE i.a.p.raft.impl.RaftServiceManager - RaftServer{2} - Applying Indexed{index=53, entry=CommandEntry{term=1, timestamp=2018-06-09 02:47:45,089, session=2, sequence=47, operation=PrimitiveOperation{id=DefaultOperationId{id=write, type=COMMAND}, value=byte[]{length=17, hash=-1644578928}}}}
02:47:45.544 [raft-server-3] TRACE i.a.p.raft.roles.FollowerRole - RaftServer{3}{role=FOLLOWER} - Sending AppendResponse{status=OK, term=1, succeeded=true, lastLogIndex=53}
02:47:45.544 [raft-server-3] TRACE i.a.p.raft.roles.FollowerRole - RaftServer{3}{role=FOLLOWER} - Received AppendRequest{term=1, leader=1, prevLogIndex=53, prevLogTerm=1, entries=1, commitIndex=53}
02:47:45.544 [raft-server-2-state] TRACE i.a.p.s.impl.DefaultServiceExecutor - PrimitiveService{2}{type=io.atomix.protocols.raft.RaftTest$TestPrimitiveType@8dc7f31, name=raft-test} - Executing DefaultCommit{index=53, session=RaftSession{RaftServiceContext{server=2, type=io.atomix.protocols.raft.RaftTest$TestPrimitiveType@8dc7f31, name=raft-test, id=2}, session=2, timestamp=2018-06-09 02:47:45,089}, time=2018-06-09 02:47:45,089, operation=DefaultOperationId{id=write, type=COMMAND}, value=byte[]{length=17, hash=-1644578928}}
02:47:45.544 [raft-server-3] TRACE i.a.p.raft.roles.FollowerRole - RaftServer{3}{role=FOLLOWER} - Appended Indexed{index=54, entry=CommandEntry{term=1, timestamp=2018-06-09 02:47:45,373, session=2, sequence=48, operation=PrimitiveOperation{id=DefaultOperationId{id=write, type=COMMAND}, value=byte[]{length=17, hash=-1644578928}}}}
02:47:45.544 [raft-server-3] TRACE i.a.p.raft.roles.FollowerRole - RaftServer{3}{role=FOLLOWER} - Sending AppendResponse{status=OK, term=1, succeeded=true, lastLogIndex=54}
02:47:45.544 [raft-server-3-state] TRACE i.a.p.raft.impl.RaftServiceManager - RaftServer{3} - Applying Indexed{index=53, entry=CommandEntry{term=1, timestamp=2018-06-09 02:47:45,089, session=2, sequence=47, operation=PrimitiveOperation{id=DefaultOperationId{id=write, type=COMMAND}, value=byte[]{length=17, hash=-1644578928}}}}
02:47:45.545 [raft-server-3-state] TRACE i.a.p.s.impl.DefaultServiceExecutor - PrimitiveService{2}{type=io.atomix.protocols.raft.RaftTest$TestPrimitiveType@260d6206, name=raft-test} - Executing DefaultCommit{index=53, session=RaftSession{RaftServiceContext{server=3, type=io.atomix.protocols.raft.RaftTest$TestPrimitiveType@260d6206, name=raft-test, id=2}, session=2, timestamp=2018-06-09 02:47:45,089}, time=2018-06-09 02:47:45,089, operation=DefaultOperationId{id=write, type=COMMAND}, value=byte[]{length=17, hash=-1644578928}}
02:47:45.545 [raft-server-1] TRACE i.a.p.raft.roles.LeaderAppender - RaftServer{1} - Received AppendResponse{status=OK, term=1, succeeded=true, lastLogIndex=54} from 2
02:47:45.545 [raft-server-1] TRACE i.a.p.raft.roles.LeaderAppender - RaftServer{1} - Committed entries up to 54
02:47:45.621 [raft-server-1] TRACE i.a.p.raft.roles.LeaderAppender - RaftServer{1} - Received AppendResponse{status=OK, term=1, succeeded=true, lastLogIndex=53} from 3
02:47:45.621 [raft-server-1] TRACE i.a.p.raft.roles.LeaderAppender - RaftServer{1} - Received AppendResponse{status=OK, term=1, succeeded=true, lastLogIndex=54} from 3
02:47:45.622 [raft-server-1-state] TRACE i.a.p.raft.impl.RaftServiceManager - RaftServer{1} - Applying Indexed{index=54, entry=CommandEntry{term=1, timestamp=2018-06-09 02:47:45,373, session=2, sequence=48, operation=PrimitiveOperation{id=DefaultOperationId{id=write, type=COMMAND}, value=byte[]{length=17, hash=-1644578928}}}}
02:47:45.622 [raft-server-1-state] TRACE i.a.p.s.impl.DefaultServiceExecutor - PrimitiveService{2}{type=io.atomix.protocols.raft.RaftTest$TestPrimitiveType@35843ad0, name=raft-test} - Executing DefaultCommit{index=54, session=RaftSession{RaftServiceContext{server=1, type=io.atomix.protocols.raft.RaftTest$TestPrimitiveType@35843ad0, name=raft-test, id=2}, session=2, timestamp=2018-06-09 02:47:45,373}, time=2018-06-09 02:47:45,373, operation=DefaultOperationId{id=write, type=COMMAND}, value=byte[]{length=17, hash=-1644578928}}
02:47:45.622 [raft-server-1-state] TRACE i.a.protocols.raft.roles.LeaderRole - RaftServer{1}{role=LEADER} - Sending CommandResponse{status=OK, index=54, eventIndex=2, result=byte[]{length=2, hash=1348}}
02:47:45.622 [raft-client-613ce1dd-77b1-4b52-a0bf-d277cef86e4f-5] TRACE i.a.p.r.p.impl.RaftProxyConnection - SessionClient{2}{type=io.atomix.protocols.raft.RaftTest$TestPrimitiveType@35bfa1bb, name=raft-test} - Received CommandResponse{status=OK, index=54, eventIndex=2, result=byte[]{length=2, hash=1348}} from 1
02:47:45.622 [raft-client-613ce1dd-77b1-4b52-a0bf-d277cef86e4f-5] TRACE i.a.p.r.p.impl.RaftProxySequencer - SessionClient{2}{type=io.atomix.protocols.raft.RaftTest$TestPrimitiveType@35bfa1bb, name=raft-test} - Completing response CommandResponse{status=OK, index=54, eventIndex=2, result=byte[]{length=2, hash=1348}}
02:47:45.622 [raft-client-613ce1dd-77b1-4b52-a0bf-d277cef86e4f-5] TRACE i.a.p.r.p.impl.RaftProxyConnection - SessionClient{2}{type=io.atomix.protocols.raft.RaftTest$TestPrimitiveType@35bfa1bb, name=raft-test} - Sending CommandRequest{session=2, sequence=49, operation=PrimitiveOperation{id=DefaultOperationId{id=write, type=COMMAND}, value=byte[]{length=17, hash=-1644578928}}} to 1
02:47:45.622 [raft-server-1] TRACE i.a.protocols.raft.roles.LeaderRole - RaftServer{1}{role=LEADER} - Received CommandRequest{session=2, sequence=49, operation=PrimitiveOperation{id=DefaultOperationId{id=write, type=COMMAND}, value=byte[]{length=17, hash=-1644578928}}}
02:47:45.623 [raft-server-1] TRACE i.a.protocols.raft.roles.LeaderRole - RaftServer{1}{role=LEADER} - Appended Indexed{index=55, entry=CommandEntry{term=1, timestamp=2018-06-09 02:47:45,622, session=2, sequence=49, operation=PrimitiveOperation{id=DefaultOperationId{id=write, type=COMMAND}, value=byte[]{length=17, hash=-1644578928}}}}
02:47:45.623 [raft-server-1] TRACE i.a.p.raft.roles.LeaderAppender - RaftServer{1} - Sending AppendRequest{term=1, leader=1, prevLogIndex=54, prevLogTerm=1, entries=1, commitIndex=54} to 3
02:47:45.623 [raft-server-3] TRACE i.a.p.raft.roles.FollowerRole - RaftServer{3}{role=FOLLOWER} - Received AppendRequest{term=1, leader=1, prevLogIndex=54, prevLogTerm=1, entries=1, commitIndex=54}
02:47:45.623 [raft-server-1] TRACE i.a.p.raft.roles.LeaderAppender - RaftServer{1} - Sending AppendRequest{term=1, leader=1, prevLogIndex=54, prevLogTerm=1, entries=1, commitIndex=54} to 2
02:47:45.623 [raft-server-3] TRACE i.a.p.raft.roles.FollowerRole - RaftServer{3}{role=FOLLOWER} - Appended Indexed{index=55, entry=CommandEntry{term=1, timestamp=2018-06-09 02:47:45,622, session=2, sequence=49, operation=PrimitiveOperation{id=DefaultOperationId{id=write, type=COMMAND}, value=byte[]{length=17, hash=-1644578928}}}}
02:47:45.624 [raft-server-2] TRACE i.a.p.raft.roles.FollowerRole - RaftServer{2}{role=FOLLOWER} - Received AppendRequest{term=1, leader=1, prevLogIndex=54, prevLogTerm=1, entries=1, commitIndex=54}
02:47:45.624 [raft-server-2] TRACE i.a.p.raft.roles.FollowerRole - RaftServer{2}{role=FOLLOWER} - Appended Indexed{index=55, entry=CommandEntry{term=1, timestamp=2018-06-09 02:47:45,622, session=2, sequence=49, operation=PrimitiveOperation{id=DefaultOperationId{id=write, type=COMMAND}, value=byte[]{length=17, hash=-1644578928}}}}
02:47:45.688 [raft-server-3] TRACE i.a.p.raft.roles.FollowerRole - RaftServer{3}{role=FOLLOWER} - Committed entries up to index 54
02:47:45.688 [raft-server-2] TRACE i.a.p.raft.roles.FollowerRole - RaftServer{2}{role=FOLLOWER} - Committed entries up to index 54
02:47:45.688 [raft-server-3] TRACE i.a.p.raft.roles.FollowerRole - RaftServer{3}{role=FOLLOWER} - Sending AppendResponse{status=OK, term=1, succeeded=true, lastLogIndex=55}
02:47:45.688 [raft-server-2] TRACE i.a.p.raft.roles.FollowerRole - RaftServer{2}{role=FOLLOWER} - Sending AppendResponse{status=OK, term=1, succeeded=true, lastLogIndex=55}
02:47:45.688 [raft-server-2-state] TRACE i.a.p.raft.impl.RaftServiceManager - RaftServer{2} - Applying Indexed{index=54, entry=CommandEntry{term=1, timestamp=2018-06-09 02:47:45,373, session=2, sequence=48, operation=PrimitiveOperation{id=DefaultOperationId{id=write, type=COMMAND}, value=byte[]{length=17, hash=-1644578928}}}}
02:47:45.688 [raft-server-3-state] TRACE i.a.p.raft.impl.RaftServiceManager - RaftServer{3} - Applying Indexed{index=54, entry=CommandEntry{term=1, timestamp=2018-06-09 02:47:45,373, session=2, sequence=48, operation=PrimitiveOperation{id=DefaultOperationId{id=write, type=COMMAND}, value=byte[]{length=17, hash=-1644578928}}}}
02:47:45.688 [raft-server-2-state] TRACE i.a.p.s.impl.DefaultServiceExecutor - PrimitiveService{2}{type=io.atomix.protocols.raft.RaftTest$TestPrimitiveType@8dc7f31, name=raft-test} - Executing DefaultCommit{index=54, session=RaftSession{RaftServiceContext{server=2, type=io.atomix.protocols.raft.RaftTest$TestPrimitiveType@8dc7f31, name=raft-test, id=2}, session=2, timestamp=2018-06-09 02:47:45,373}, time=2018-06-09 02:47:45,373, operation=DefaultOperationId{id=write, type=COMMAND}, value=byte[]{length=17, hash=-1644578928}}
02:47:45.688 [raft-server-3-state] TRACE i.a.p.s.impl.DefaultServiceExecutor - PrimitiveService{2}{type=io.atomix.protocols.raft.RaftTest$TestPrimitiveType@260d6206, name=raft-test} - Executing DefaultCommit{index=54, session=RaftSession{RaftServiceContext{server=3, type=io.atomix.protocols.raft.RaftTest$TestPrimitiveType@260d6206, name=raft-test, id=2}, session=2, timestamp=2018-06-09 02:47:45,373}, time=2018-06-09 02:47:45,373, operation=DefaultOperationId{id=write, type=COMMAND}, value=byte[]{length=17, hash=-1644578928}}
02:47:45.689 [raft-server-1] TRACE i.a.p.raft.roles.LeaderAppender - RaftServer{1} - Received AppendResponse{status=OK, term=1, succeeded=true, lastLogIndex=55} from 3
02:47:45.689 [raft-server-1] TRACE i.a.p.raft.roles.LeaderAppender - RaftServer{1} - Committed entries up to 55
02:47:45.763 [raft-server-1] TRACE i.a.p.raft.roles.LeaderAppender - RaftServer{1} - Received AppendResponse{status=OK, term=1, succeeded=true, lastLogIndex=55} from 2
02:47:45.763 [raft-server-1] TRACE i.a.p.raft.roles.LeaderAppender - RaftServer{1} - Sending AppendRequest{term=1, leader=1, prevLogIndex=55, prevLogTerm=1, entries=0, commitIndex=55} to 3
02:47:45.763 [raft-server-1] TRACE i.a.p.raft.roles.LeaderAppender - RaftServer{1} - Sending AppendRequest{term=1, leader=1, prevLogIndex=55, prevLogTerm=1, entries=0, commitIndex=55} to 2
02:47:45.763 [raft-server-3] TRACE i.a.p.raft.roles.FollowerRole - RaftServer{3}{role=FOLLOWER} - Received AppendRequest{term=1, leader=1, prevLogIndex=55, prevLogTerm=1, entries=0, commitIndex=55}
02:47:45.763 [raft-server-2] TRACE i.a.p.raft.roles.FollowerRole - RaftServer{2}{role=FOLLOWER} - Received AppendRequest{term=1, leader=1, prevLogIndex=55, prevLogTerm=1, entries=0, commitIndex=55}
02:47:45.763 [raft-server-1-state] TRACE i.a.p.raft.impl.RaftServiceManager - RaftServer{1} - Applying Indexed{index=55, entry=CommandEntry{term=1, timestamp=2018-06-09 02:47:45,622, session=2, sequence=49, operation=PrimitiveOperation{id=DefaultOperationId{id=write, type=COMMAND}, value=byte[]{length=17, hash=-1644578928}}}}
02:47:45.763 [raft-server-2] TRACE i.a.p.raft.roles.FollowerRole - RaftServer{2}{role=FOLLOWER} - Committed entries up to index 55
02:47:45.763 [raft-server-2] TRACE i.a.p.raft.roles.FollowerRole - RaftServer{2}{role=FOLLOWER} - Sending AppendResponse{status=OK, term=1, succeeded=true, lastLogIndex=55}
02:47:45.763 [raft-server-1-state] TRACE i.a.p.s.impl.DefaultServiceExecutor - PrimitiveService{2}{type=io.atomix.protocols.raft.RaftTest$TestPrimitiveType@35843ad0, name=raft-test} - Executing DefaultCommit{index=55, session=RaftSession{RaftServiceContext{server=1, type=io.atomix.protocols.raft.RaftTest$TestPrimitiveType@35843ad0, name=raft-test, id=2}, session=2, timestamp=2018-06-09 02:47:45,622}, time=2018-06-09 02:47:45,622, operation=DefaultOperationId{id=write, type=COMMAND}, value=byte[]{length=17, hash=-1644578928}}
02:47:45.764 [raft-server-2-state] TRACE i.a.p.raft.impl.RaftServiceManager - RaftServer{2} - Applying Indexed{index=55, entry=CommandEntry{term=1, timestamp=2018-06-09 02:47:45,622, session=2, sequence=49, operation=PrimitiveOperation{id=DefaultOperationId{id=write, type=COMMAND}, value=byte[]{length=17, hash=-1644578928}}}}
02:47:45.764 [raft-server-2-state] TRACE i.a.p.s.impl.DefaultServiceExecutor - PrimitiveService{2}{type=io.atomix.protocols.raft.RaftTest$TestPrimitiveType@8dc7f31, name=raft-test} - Executing DefaultCommit{index=55, session=RaftSession{RaftServiceContext{server=2, type=io.atomix.protocols.raft.RaftTest$TestPrimitiveType@8dc7f31, name=raft-test, id=2}, session=2, timestamp=2018-06-09 02:47:45,622}, time=2018-06-09 02:47:45,622, operation=DefaultOperationId{id=write, type=COMMAND}, value=byte[]{length=17, hash=-1644578928}}
02:47:45.764 [raft-server-1] TRACE i.a.protocols.raft.roles.LeaderRole - RaftServer{1}{role=LEADER} - Sending CommandResponse{status=OK, index=55, eventIndex=2, result=byte[]{length=2, hash=1350}}
02:47:45.764 [raft-server-1] TRACE i.a.p.raft.roles.LeaderAppender - RaftServer{1} - Received AppendResponse{status=OK, term=1, succeeded=true, lastLogIndex=55} from 2
02:47:45.764 [raft-client-613ce1dd-77b1-4b52-a0bf-d277cef86e4f-0] TRACE i.a.p.r.p.impl.RaftProxyConnection - SessionClient{2}{type=io.atomix.protocols.raft.RaftTest$TestPrimitiveType@35bfa1bb, name=raft-test} - Received CommandResponse{status=OK, index=55, eventIndex=2, result=byte[]{length=2, hash=1350}} from 1
02:47:45.765 [raft-server-1] TRACE i.a.p.raft.roles.LeaderAppender - RaftServer{1} - Sending AppendRequest{term=1, leader=1, prevLogIndex=55, prevLogTerm=1, entries=0, commitIndex=55} to 2
02:47:45.765 [raft-client-613ce1dd-77b1-4b52-a0bf-d277cef86e4f-0] TRACE i.a.p.r.p.impl.RaftProxySequencer - SessionClient{2}{type=io.atomix.protocols.raft.RaftTest$TestPrimitiveType@35bfa1bb, name=raft-test} - Completing response CommandResponse{status=OK, index=55, eventIndex=2, result=byte[]{length=2, hash=1350}}
02:47:45.765 [raft-server-2] TRACE i.a.p.raft.roles.FollowerRole - RaftServer{2}{role=FOLLOWER} - Received AppendRequest{term=1, leader=1, prevLogIndex=55, prevLogTerm=1, entries=0, commitIndex=55}
02:47:45.765 [raft-server-2] TRACE i.a.p.raft.roles.FollowerRole - RaftServer{2}{role=FOLLOWER} - Sending AppendResponse{status=OK, term=1, succeeded=true, lastLogIndex=55}
02:47:45.765 [raft-server-1] TRACE i.a.p.raft.roles.LeaderAppender - RaftServer{1} - Received AppendResponse{status=OK, term=1, succeeded=true, lastLogIndex=55} from 2
02:47:45.765 [raft-client-613ce1dd-77b1-4b52-a0bf-d277cef86e4f-0] TRACE i.a.p.r.p.impl.RaftProxyConnection - SessionClient{2}{type=io.atomix.protocols.raft.RaftTest$TestPrimitiveType@35bfa1bb, name=raft-test} - Sending CommandRequest{session=2, sequence=50, operation=PrimitiveOperation{id=DefaultOperationId{id=write, type=COMMAND}, value=byte[]{length=17, hash=-1644578928}}} to 1
02:47:45.768 [raft-server-1] TRACE i.a.protocols.raft.roles.LeaderRole - RaftServer{1}{role=LEADER} - Received CommandRequest{session=2, sequence=50, operation=PrimitiveOperation{id=DefaultOperationId{id=write, type=COMMAND}, value=byte[]{length=17, hash=-1644578928}}}
02:47:45.769 [raft-server-1] TRACE i.a.protocols.raft.roles.LeaderRole - RaftServer{1}{role=LEADER} - Appended Indexed{index=56, entry=CommandEntry{term=1, timestamp=2018-06-09 02:47:45,769, session=2, sequence=50, operation=PrimitiveOperation{id=DefaultOperationId{id=write, type=COMMAND}, value=byte[]{length=17, hash=-1644578928}}}}
02:47:45.769 [raft-server-1] TRACE i.a.p.raft.roles.LeaderAppender - RaftServer{1} - Sending AppendRequest{term=1, leader=1, prevLogIndex=55, prevLogTerm=1, entries=1, commitIndex=55} to 2
02:47:45.769 [raft-server-2] TRACE i.a.p.raft.roles.FollowerRole - RaftServer{2}{role=FOLLOWER} - Received AppendRequest{term=1, leader=1, prevLogIndex=55, prevLogTerm=1, entries=1, commitIndex=55}
02:47:45.769 [raft-server-2] TRACE i.a.p.raft.roles.FollowerRole - RaftServer{2}{role=FOLLOWER} - Appended Indexed{index=56, entry=CommandEntry{term=1, timestamp=2018-06-09 02:47:45,769, session=2, sequence=50, operation=PrimitiveOperation{id=DefaultOperationId{id=write, type=COMMAND}, value=byte[]{length=17, hash=-1644578928}}}}
02:47:45.769 [raft-server-2] TRACE i.a.p.raft.roles.FollowerRole - RaftServer{2}{role=FOLLOWER} - Sending AppendResponse{status=OK, term=1, succeeded=true, lastLogIndex=56}
02:47:45.770 [raft-server-1] TRACE i.a.p.raft.roles.LeaderAppender - RaftServer{1} - Received AppendResponse{status=OK, term=1, succeeded=true, lastLogIndex=56} from 2
02:47:45.770 [raft-server-1] TRACE i.a.p.raft.roles.LeaderAppender - RaftServer{1} - Committed entries up to 56
02:47:45.796 [raft-server-3] TRACE i.a.p.raft.roles.FollowerRole - RaftServer{3}{role=FOLLOWER} - Committed entries up to index 55
02:47:45.796 [raft-server-3] TRACE i.a.p.raft.roles.FollowerRole - RaftServer{3}{role=FOLLOWER} - Sending AppendResponse{status=OK, term=1, succeeded=true, lastLogIndex=55}
02:47:45.797 [raft-server-3-state] TRACE i.a.p.raft.impl.RaftServiceManager - RaftServer{3} - Applying Indexed{index=55, entry=CommandEntry{term=1, timestamp=2018-06-09 02:47:45,622, session=2, sequence=49, operation=PrimitiveOperation{id=DefaultOperationId{id=write, type=COMMAND}, value=byte[]{length=17, hash=-1644578928}}}}
02:47:45.797 [raft-server-3-state] TRACE i.a.p.s.impl.DefaultServiceExecutor - PrimitiveService{2}{type=io.atomix.protocols.raft.RaftTest$TestPrimitiveType@260d6206, name=raft-test} - Executing DefaultCommit{index=55, session=RaftSession{RaftServiceContext{server=3, type=io.atomix.protocols.raft.RaftTest$TestPrimitiveType@260d6206, name=raft-test, id=2}, session=2, timestamp=2018-06-09 02:47:45,622}, time=2018-06-09 02:47:45,622, operation=DefaultOperationId{id=write, type=COMMAND}, value=byte[]{length=17, hash=-1644578928}}
02:47:45.821 [raft-server-1] TRACE i.a.p.raft.roles.LeaderAppender - RaftServer{1} - Received AppendResponse{status=OK, term=1, succeeded=true, lastLogIndex=55} from 3
02:47:45.821 [raft-server-1] TRACE i.a.p.raft.roles.LeaderAppender - RaftServer{1} - Sending AppendRequest{term=1, leader=1, prevLogIndex=55, prevLogTerm=1, entries=1, commitIndex=56} to 3
02:47:45.821 [raft-server-3] TRACE i.a.p.raft.roles.FollowerRole - RaftServer{3}{role=FOLLOWER} - Received AppendRequest{term=1, leader=1, prevLogIndex=55, prevLogTerm=1, entries=1, commitIndex=56}
02:47:45.821 [raft-server-1-state] TRACE i.a.p.raft.impl.RaftServiceManager - RaftServer{1} - Applying Indexed{index=56, entry=CommandEntry{term=1, timestamp=2018-06-09 02:47:45,769, session=2, sequence=50, operation=PrimitiveOperation{id=DefaultOperationId{id=write, type=COMMAND}, value=byte[]{length=17, hash=-1644578928}}}}
02:47:45.822 [raft-server-1-state] TRACE i.a.p.s.impl.DefaultServiceExecutor - PrimitiveService{2}{type=io.atomix.protocols.raft.RaftTest$TestPrimitiveType@35843ad0, name=raft-test} - Executing DefaultCommit{index=56, session=RaftSession{RaftServiceContext{server=1, type=io.atomix.protocols.raft.RaftTest$TestPrimitiveType@35843ad0, name=raft-test, id=2}, session=2, timestamp=2018-06-09 02:47:45,769}, time=2018-06-09 02:47:45,769, operation=DefaultOperationId{id=write, type=COMMAND}, value=byte[]{length=17, hash=-1644578928}}
02:47:45.822 [raft-server-3] TRACE i.a.p.raft.roles.FollowerRole - RaftServer{3}{role=FOLLOWER} - Appended Indexed{index=56, entry=CommandEntry{term=1, timestamp=2018-06-09 02:47:45,769, session=2, sequence=50, operation=PrimitiveOperation{id=DefaultOperationId{id=write, type=COMMAND}, value=byte[]{length=17, hash=-1644578928}}}}
02:47:45.822 [raft-server-1-state] TRACE i.a.protocols.raft.roles.LeaderRole - RaftServer{1}{role=LEADER} - Sending CommandResponse{status=OK, index=56, eventIndex=2, result=byte[]{length=2, hash=1352}}
02:47:45.822 [raft-client-613ce1dd-77b1-4b52-a0bf-d277cef86e4f-7] TRACE i.a.p.r.p.impl.RaftProxyConnection - SessionClient{2}{type=io.atomix.protocols.raft.RaftTest$TestPrimitiveType@35bfa1bb, name=raft-test} - Received CommandResponse{status=OK, index=56, eventIndex=2, result=byte[]{length=2, hash=1352}} from 1
02:47:45.822 [raft-client-613ce1dd-77b1-4b52-a0bf-d277cef86e4f-7] TRACE i.a.p.r.p.impl.RaftProxySequencer - SessionClient{2}{type=io.atomix.protocols.raft.RaftTest$TestPrimitiveType@35bfa1bb, name=raft-test} - Completing response CommandResponse{status=OK, index=56, eventIndex=2, result=byte[]{length=2, hash=1352}}
02:47:45.823 [raft-client-613ce1dd-77b1-4b52-a0bf-d277cef86e4f-0] TRACE i.a.p.r.p.impl.RaftProxyConnection - SessionClient{2}{type=io.atomix.protocols.raft.RaftTest$TestPrimitiveType@35bfa1bb, name=raft-test} - Sending CommandRequest{session=2, sequence=51, operation=PrimitiveOperation{id=DefaultOperationId{id=write, type=COMMAND}, value=byte[]{length=17, hash=-1644578928}}} to 1
02:47:45.823 [raft-server-1] TRACE i.a.protocols.raft.roles.LeaderRole - RaftServer{1}{role=LEADER} - Received CommandRequest{session=2, sequence=51, operation=PrimitiveOperation{id=DefaultOperationId{id=write, type=COMMAND}, value=byte[]{length=17, hash=-1644578928}}}
02:47:45.823 [raft-server-1] TRACE i.a.protocols.raft.roles.LeaderRole - RaftServer{1}{role=LEADER} - Appended Indexed{index=57, entry=CommandEntry{term=1, timestamp=2018-06-09 02:47:45,823, session=2, sequence=51, operation=PrimitiveOperation{id=DefaultOperationId{id=write, type=COMMAND}, value=byte[]{length=17, hash=-1644578928}}}}
02:47:45.823 [raft-server-1] TRACE i.a.p.raft.roles.LeaderAppender - RaftServer{1} - Sending AppendRequest{term=1, leader=1, prevLogIndex=56, prevLogTerm=1, entries=1, commitIndex=56} to 2
02:47:45.824 [raft-server-2] TRACE i.a.p.raft.roles.FollowerRole - RaftServer{2}{role=FOLLOWER} - Received AppendRequest{term=1, leader=1, prevLogIndex=56, prevLogTerm=1, entries=1, commitIndex=56}
02:47:45.824 [raft-server-2] TRACE i.a.p.raft.roles.FollowerRole - RaftServer{2}{role=FOLLOWER} - Appended Indexed{index=57, entry=CommandEntry{term=1, timestamp=2018-06-09 02:47:45,823, session=2, sequence=51, operation=PrimitiveOperation{id=DefaultOperationId{id=write, type=COMMAND}, value=byte[]{length=17, hash=-1644578928}}}}
02:47:45.855 [raft-server-3] TRACE i.a.p.raft.roles.FollowerRole - RaftServer{3}{role=FOLLOWER} - Committed entries up to index 56
02:47:45.855 [raft-server-3] TRACE i.a.p.raft.roles.FollowerRole - RaftServer{3}{role=FOLLOWER} - Sending AppendResponse{status=OK, term=1, succeeded=true, lastLogIndex=56}
02:47:45.856 [raft-server-1] TRACE i.a.p.raft.roles.LeaderAppender - RaftServer{1} - Received AppendResponse{status=OK, term=1, succeeded=true, lastLogIndex=56} from 3
02:47:45.856 [raft-server-3-state] TRACE i.a.p.raft.impl.RaftServiceManager - RaftServer{3} - Applying Indexed{index=56, entry=CommandEntry{term=1, timestamp=2018-06-09 02:47:45,769, session=2, sequence=50, operation=PrimitiveOperation{id=DefaultOperationId{id=write, type=COMMAND}, value=byte[]{length=17, hash=-1644578928}}}}
02:47:45.856 [raft-server-1] TRACE i.a.p.raft.roles.LeaderAppender - RaftServer{1} - Sending AppendRequest{term=1, leader=1, prevLogIndex=56, prevLogTerm=1, entries=1, commitIndex=56} to 3
02:47:45.856 [raft-server-3-state] TRACE i.a.p.s.impl.DefaultServiceExecutor - PrimitiveService{2}{type=io.atomix.protocols.raft.RaftTest$TestPrimitiveType@260d6206, name=raft-test} - Executing DefaultCommit{index=56, session=RaftSession{RaftServiceContext{server=3, type=io.atomix.protocols.raft.RaftTest$TestPrimitiveType@260d6206, name=raft-test, id=2}, session=2, timestamp=2018-06-09 02:47:45,769}, time=2018-06-09 02:47:45,769, operation=DefaultOperationId{id=write, type=COMMAND}, value=byte[]{length=17, hash=-1644578928}}
02:47:45.856 [raft-server-3] TRACE i.a.p.raft.roles.FollowerRole - RaftServer{3}{role=FOLLOWER} - Received AppendRequest{term=1, leader=1, prevLogIndex=56, prevLogTerm=1, entries=1, commitIndex=56}
02:47:45.856 [raft-server-3] TRACE i.a.p.raft.roles.FollowerRole - RaftServer{3}{role=FOLLOWER} - Appended Indexed{index=57, entry=CommandEntry{term=1, timestamp=2018-06-09 02:47:45,823, session=2, sequence=51, operation=PrimitiveOperation{id=DefaultOperationId{id=write, type=COMMAND}, value=byte[]{length=17, hash=-1644578928}}}}
02:47:45.856 [raft-server-3] TRACE i.a.p.raft.roles.FollowerRole - RaftServer{3}{role=FOLLOWER} - Sending AppendResponse{status=OK, term=1, succeeded=true, lastLogIndex=57}
02:47:45.856 [raft-server-1] TRACE i.a.p.raft.roles.LeaderAppender - RaftServer{1} - Received AppendResponse{status=OK, term=1, succeeded=true, lastLogIndex=57} from 3
02:47:45.857 [raft-server-1] TRACE i.a.p.raft.roles.LeaderAppender - RaftServer{1} - Committed entries up to 57
02:47:45.893 [raft-server-2] TRACE i.a.p.raft.roles.FollowerRole - RaftServer{2}{role=FOLLOWER} - Committed entries up to index 56
02:47:45.893 [raft-server-2] TRACE i.a.p.raft.roles.FollowerRole - RaftServer{2}{role=FOLLOWER} - Sending AppendResponse{status=OK, term=1, succeeded=true, lastLogIndex=57}
02:47:45.894 [raft-server-2-state] TRACE i.a.p.raft.impl.RaftServiceManager - RaftServer{2} - Applying Indexed{index=56, entry=CommandEntry{term=1, timestamp=2018-06-09 02:47:45,769, session=2, sequence=50, operation=PrimitiveOperation{id=DefaultOperationId{id=write, type=COMMAND}, value=byte[]{length=17, hash=-1644578928}}}}
02:47:45.894 [raft-server-2-state] TRACE i.a.p.s.impl.DefaultServiceExecutor - PrimitiveService{2}{type=io.atomix.protocols.raft.RaftTest$TestPrimitiveType@8dc7f31, name=raft-test} - Executing DefaultCommit{index=56, session=RaftSession{RaftServiceContext{server=2, type=io.atomix.protocols.raft.RaftTest$TestPrimitiveType@8dc7f31, name=raft-test, id=2}, session=2, timestamp=2018-06-09 02:47:45,769}, time=2018-06-09 02:47:45,769, operation=DefaultOperationId{id=write, type=COMMAND}, value=byte[]{length=17, hash=-1644578928}}
02:47:45.929 [raft-server-1] TRACE i.a.p.raft.roles.LeaderAppender - RaftServer{1} - Received AppendResponse{status=OK, term=1, succeeded=true, lastLogIndex=57} from 2
02:47:45.930 [raft-server-1-state] TRACE i.a.p.raft.impl.RaftServiceManager - RaftServer{1} - Applying Indexed{index=57, entry=CommandEntry{term=1, timestamp=2018-06-09 02:47:45,823, session=2, sequence=51, operation=PrimitiveOperation{id=DefaultOperationId{id=write, type=COMMAND}, value=byte[]{length=17, hash=-1644578928}}}}
02:47:45.930 [raft-server-1-state] TRACE i.a.p.s.impl.DefaultServiceExecutor - PrimitiveService{2}{type=io.atomix.protocols.raft.RaftTest$TestPrimitiveType@35843ad0, name=raft-test} - Executing DefaultCommit{index=57, session=RaftSession{RaftServiceContext{server=1, type=io.atomix.protocols.raft.RaftTest$TestPrimitiveType@35843ad0, name=raft-test, id=2}, session=2, timestamp=2018-06-09 02:47:45,823}, time=2018-06-09 02:47:45,823, operation=DefaultOperationId{id=write, type=COMMAND}, value=byte[]{length=17, hash=-1644578928}}
02:47:45.930 [raft-server-1-state] TRACE i.a.protocols.raft.roles.LeaderRole - RaftServer{1}{role=LEADER} - Sending CommandResponse{status=OK, index=57, eventIndex=2, result=byte[]{length=2, hash=1354}}
02:47:45.930 [raft-client-613ce1dd-77b1-4b52-a0bf-d277cef86e4f-5] TRACE i.a.p.r.p.impl.RaftProxyConnection - SessionClient{2}{type=io.atomix.protocols.raft.RaftTest$TestPrimitiveType@35bfa1bb, name=raft-test} - Received CommandResponse{status=OK, index=57, eventIndex=2, result=byte[]{length=2, hash=1354}} from 1
02:47:45.930 [raft-client-613ce1dd-77b1-4b52-a0bf-d277cef86e4f-5] TRACE i.a.p.r.p.impl.RaftProxySequencer - SessionClient{2}{type=io.atomix.protocols.raft.RaftTest$TestPrimitiveType@35bfa1bb, name=raft-test} - Completing response CommandResponse{status=OK, index=57, eventIndex=2, result=byte[]{length=2, hash=1354}}
02:47:45.930 [raft-client-613ce1dd-77b1-4b52-a0bf-d277cef86e4f-6] TRACE i.a.p.r.p.impl.RaftProxyConnection - SessionClient{2}{type=io.atomix.protocols.raft.RaftTest$TestPrimitiveType@35bfa1bb, name=raft-test} - Sending CommandRequest{session=2, sequence=52, operation=PrimitiveOperation{id=DefaultOperationId{id=write, type=COMMAND}, value=byte[]{length=17, hash=-1644578928}}} to 1
02:47:45.930 [raft-server-1] TRACE i.a.protocols.raft.roles.LeaderRole - RaftServer{1}{role=LEADER} - Received CommandRequest{session=2, sequence=52, operation=PrimitiveOperation{id=DefaultOperationId{id=write, type=COMMAND}, value=byte[]{length=17, hash=-1644578928}}}
02:47:45.931 [raft-server-1] TRACE i.a.protocols.raft.roles.LeaderRole - RaftServer{1}{role=LEADER} - Appended Indexed{index=58, entry=CommandEntry{term=1, timestamp=2018-06-09 02:47:45,930, session=2, sequence=52, operation=PrimitiveOperation{id=DefaultOperationId{id=write, type=COMMAND}, value=byte[]{length=17, hash=-1644578928}}}}
02:47:45.931 [raft-server-1] TRACE i.a.p.raft.roles.LeaderAppender - RaftServer{1} - Sending AppendRequest{term=1, leader=1, prevLogIndex=57, prevLogTerm=1, entries=1, commitIndex=57} to 3
02:47:45.931 [raft-server-3] TRACE i.a.p.raft.roles.FollowerRole - RaftServer{3}{role=FOLLOWER} - Received AppendRequest{term=1, leader=1, prevLogIndex=57, prevLogTerm=1, entries=1, commitIndex=57}
02:47:45.931 [raft-server-3] TRACE i.a.p.raft.roles.FollowerRole - RaftServer{3}{role=FOLLOWER} - Appended Indexed{index=58, entry=CommandEntry{term=1, timestamp=2018-06-09 02:47:45,930, session=2, sequence=52, operation=PrimitiveOperation{id=DefaultOperationId{id=write, type=COMMAND}, value=byte[]{length=17, hash=-1644578928}}}}
02:47:45.932 [raft-server-1] TRACE i.a.p.raft.roles.LeaderAppender - RaftServer{1} - Sending AppendRequest{term=1, leader=1, prevLogIndex=57, prevLogTerm=1, entries=1, commitIndex=57} to 2
02:47:45.932 [raft-server-2] TRACE i.a.p.raft.roles.FollowerRole - RaftServer{2}{role=FOLLOWER} - Received AppendRequest{term=1, leader=1, prevLogIndex=57, prevLogTerm=1, entries=1, commitIndex=57}
02:47:45.932 [raft-server-2] TRACE i.a.p.raft.roles.FollowerRole - RaftServer{2}{role=FOLLOWER} - Appended Indexed{index=58, entry=CommandEntry{term=1, timestamp=2018-06-09 02:47:45,930, session=2, sequence=52, operation=PrimitiveOperation{id=DefaultOperationId{id=write, type=COMMAND}, value=byte[]{length=17, hash=-1644578928}}}}
02:47:45.968 [raft-server-3] TRACE i.a.p.raft.roles.FollowerRole - RaftServer{3}{role=FOLLOWER} - Committed entries up to index 57
02:47:45.968 [raft-server-3] TRACE i.a.p.raft.roles.FollowerRole - RaftServer{3}{role=FOLLOWER} - Sending AppendResponse{status=OK, term=1, succeeded=true, lastLogIndex=58}
02:47:45.968 [raft-server-1] TRACE i.a.p.raft.roles.LeaderAppender - RaftServer{1} - Received AppendResponse{status=OK, term=1, succeeded=true, lastLogIndex=58} from 3
02:47:45.969 [raft-server-1] TRACE i.a.p.raft.roles.LeaderAppender - RaftServer{1} - Committed entries up to 58
02:47:45.968 [raft-server-3-state] TRACE i.a.p.raft.impl.RaftServiceManager - RaftServer{3} - Applying Indexed{index=57, entry=CommandEntry{term=1, timestamp=2018-06-09 02:47:45,823, session=2, sequence=51, operation=PrimitiveOperation{id=DefaultOperationId{id=write, type=COMMAND}, value=byte[]{length=17, hash=-1644578928}}}}
02:47:45.969 [raft-server-3-state] TRACE i.a.p.s.impl.DefaultServiceExecutor - PrimitiveService{2}{type=io.atomix.protocols.raft.RaftTest$TestPrimitiveType@260d6206, name=raft-test} - Executing DefaultCommit{index=57, session=RaftSession{RaftServiceContext{server=3, type=io.atomix.protocols.raft.RaftTest$TestPrimitiveType@260d6206, name=raft-test, id=2}, session=2, timestamp=2018-06-09 02:47:45,823}, time=2018-06-09 02:47:45,823, operation=DefaultOperationId{id=write, type=COMMAND}, value=byte[]{length=17, hash=-1644578928}}
02:47:46.002 [raft-server-2] TRACE i.a.p.raft.roles.FollowerRole - RaftServer{2}{role=FOLLOWER} - Committed entries up to index 57
02:47:46.002 [raft-server-2] TRACE i.a.p.raft.roles.FollowerRole - RaftServer{2}{role=FOLLOWER} - Sending AppendResponse{status=OK, term=1, succeeded=true, lastLogIndex=58}
02:47:46.002 [raft-server-2-state] TRACE i.a.p.raft.impl.RaftServiceManager - RaftServer{2} - Applying Indexed{index=57, entry=CommandEntry{term=1, timestamp=2018-06-09 02:47:45,823, session=2, sequence=51, operation=PrimitiveOperation{id=DefaultOperationId{id=write, type=COMMAND}, value=byte[]{length=17, hash=-1644578928}}}}
02:47:46.002 [raft-server-2-state] TRACE i.a.p.s.impl.DefaultServiceExecutor - PrimitiveService{2}{type=io.atomix.protocols.raft.RaftTest$TestPrimitiveType@8dc7f31, name=raft-test} - Executing DefaultCommit{index=57, session=RaftSession{RaftServiceContext{server=2, type=io.atomix.protocols.raft.RaftTest$TestPrimitiveType@8dc7f31, name=raft-test, id=2}, session=2, timestamp=2018-06-09 02:47:45,823}, time=2018-06-09 02:47:45,823, operation=DefaultOperationId{id=write, type=COMMAND}, value=byte[]{length=17, hash=-1644578928}}
02:47:46.029 [raft-server-1] TRACE i.a.p.raft.roles.LeaderAppender - RaftServer{1} - Sending AppendRequest{term=1, leader=1, prevLogIndex=58, prevLogTerm=1, entries=0, commitIndex=58} to 3
02:47:46.030 [raft-server-1] TRACE i.a.p.raft.roles.LeaderAppender - RaftServer{1} - Received AppendResponse{status=OK, term=1, succeeded=true, lastLogIndex=58} from 2
02:47:46.030 [raft-server-3] TRACE i.a.p.raft.roles.FollowerRole - RaftServer{3}{role=FOLLOWER} - Received AppendRequest{term=1, leader=1, prevLogIndex=58, prevLogTerm=1, entries=0, commitIndex=58}
02:47:46.030 [raft-server-1] TRACE i.a.p.raft.roles.LeaderAppender - RaftServer{1} - Sending AppendRequest{term=1, leader=1, prevLogIndex=58, prevLogTerm=1, entries=0, commitIndex=58} to 2
02:47:46.031 [raft-server-2] TRACE i.a.p.raft.roles.FollowerRole - RaftServer{2}{role=FOLLOWER} - Received AppendRequest{term=1, leader=1, prevLogIndex=58, prevLogTerm=1, entries=0, commitIndex=58}
02:47:46.031 [raft-server-1-state] TRACE i.a.p.raft.impl.RaftServiceManager - RaftServer{1} - Applying Indexed{index=58, entry=CommandEntry{term=1, timestamp=2018-06-09 02:47:45,930, session=2, sequence=52, operation=PrimitiveOperation{id=DefaultOperationId{id=write, type=COMMAND}, value=byte[]{length=17, hash=-1644578928}}}}
02:47:46.031 [raft-server-1-state] TRACE i.a.p.s.impl.DefaultServiceExecutor - PrimitiveService{2}{type=io.atomix.protocols.raft.RaftTest$TestPrimitiveType@35843ad0, name=raft-test} - Executing DefaultCommit{index=58, session=RaftSession{RaftServiceContext{server=1, type=io.atomix.protocols.raft.RaftTest$TestPrimitiveType@35843ad0, name=raft-test, id=2}, session=2, timestamp=2018-06-09 02:47:45,930}, time=2018-06-09 02:47:45,930, operation=DefaultOperationId{id=write, type=COMMAND}, value=byte[]{length=17, hash=-1644578928}}
02:47:46.031 [raft-server-1-state] TRACE i.a.protocols.raft.roles.LeaderRole - RaftServer{1}{role=LEADER} - Sending CommandResponse{status=OK, index=58, eventIndex=2, result=byte[]{length=2, hash=1356}}
02:47:46.031 [raft-client-613ce1dd-77b1-4b52-a0bf-d277cef86e4f-0] TRACE i.a.p.r.p.impl.RaftProxyConnection - SessionClient{2}{type=io.atomix.protocols.raft.RaftTest$TestPrimitiveType@35bfa1bb, name=raft-test} - Received CommandResponse{status=OK, index=58, eventIndex=2, result=byte[]{length=2, hash=1356}} from 1
02:47:46.031 [raft-client-613ce1dd-77b1-4b52-a0bf-d277cef86e4f-0] TRACE i.a.p.r.p.impl.RaftProxySequencer - SessionClient{2}{type=io.atomix.protocols.raft.RaftTest$TestPrimitiveType@35bfa1bb, name=raft-test} - Completing response CommandResponse{status=OK, index=58, eventIndex=2, result=byte[]{length=2, hash=1356}}
02:47:46.031 [raft-client-613ce1dd-77b1-4b52-a0bf-d277cef86e4f-0] TRACE i.a.p.r.p.impl.RaftProxyConnection - SessionClient{2}{type=io.atomix.protocols.raft.RaftTest$TestPrimitiveType@35bfa1bb, name=raft-test} - Sending CommandRequest{session=2, sequence=53, operation=PrimitiveOperation{id=DefaultOperationId{id=write, type=COMMAND}, value=byte[]{length=17, hash=-1644578928}}} to 1
02:47:46.031 [raft-server-1] TRACE i.a.protocols.raft.roles.LeaderRole - RaftServer{1}{role=LEADER} - Received CommandRequest{session=2, sequence=53, operation=PrimitiveOperation{id=DefaultOperationId{id=write, type=COMMAND}, value=byte[]{length=17, hash=-1644578928}}}
02:47:46.032 [raft-server-1] TRACE i.a.protocols.raft.roles.LeaderRole - RaftServer{1}{role=LEADER} - Appended Indexed{index=59, entry=CommandEntry{term=1, timestamp=2018-06-09 02:47:46,031, session=2, sequence=53, operation=PrimitiveOperation{id=DefaultOperationId{id=write, type=COMMAND}, value=byte[]{length=17, hash=-1644578928}}}}
02:47:46.071 [raft-server-3] TRACE i.a.p.raft.roles.FollowerRole - RaftServer{3}{role=FOLLOWER} - Committed entries up to index 58
02:47:46.071 [raft-server-3] TRACE i.a.p.raft.roles.FollowerRole - RaftServer{3}{role=FOLLOWER} - Sending AppendResponse{status=OK, term=1, succeeded=true, lastLogIndex=58}
02:47:46.071 [raft-server-3-state] TRACE i.a.p.raft.impl.RaftServiceManager - RaftServer{3} - Applying Indexed{index=58, entry=CommandEntry{term=1, timestamp=2018-06-09 02:47:45,930, session=2, sequence=52, operation=PrimitiveOperation{id=DefaultOperationId{id=write, type=COMMAND}, value=byte[]{length=17, hash=-1644578928}}}}
02:47:46.071 [raft-server-1] TRACE i.a.p.raft.roles.LeaderAppender - RaftServer{1} - Received AppendResponse{status=OK, term=1, succeeded=true, lastLogIndex=58} from 3
02:47:46.072 [raft-server-3-state] TRACE i.a.p.s.impl.DefaultServiceExecutor - PrimitiveService{2}{type=io.atomix.protocols.raft.RaftTest$TestPrimitiveType@260d6206, name=raft-test} - Executing DefaultCommit{index=58, session=RaftSession{RaftServiceContext{server=3, type=io.atomix.protocols.raft.RaftTest$TestPrimitiveType@260d6206, name=raft-test, id=2}, session=2, timestamp=2018-06-09 02:47:45,930}, time=2018-06-09 02:47:45,930, operation=DefaultOperationId{id=write, type=COMMAND}, value=byte[]{length=17, hash=-1644578928}}
02:47:46.072 [raft-server-1] TRACE i.a.p.raft.roles.LeaderAppender - RaftServer{1} - Sending AppendRequest{term=1, leader=1, prevLogIndex=58, prevLogTerm=1, entries=1, commitIndex=58} to 3
02:47:46.072 [raft-server-3] TRACE i.a.p.raft.roles.FollowerRole - RaftServer{3}{role=FOLLOWER} - Received AppendRequest{term=1, leader=1, prevLogIndex=58, prevLogTerm=1, entries=1, commitIndex=58}
02:47:46.072 [raft-server-3] TRACE i.a.p.raft.roles.FollowerRole - RaftServer{3}{role=FOLLOWER} - Appended Indexed{index=59, entry=CommandEntry{term=1, timestamp=2018-06-09 02:47:46,031, session=2, sequence=53, operation=PrimitiveOperation{id=DefaultOperationId{id=write, type=COMMAND}, value=byte[]{length=17, hash=-1644578928}}}}
02:47:46.072 [raft-server-3] TRACE i.a.p.raft.roles.FollowerRole - RaftServer{3}{role=FOLLOWER} - Sending AppendResponse{status=OK, term=1, succeeded=true, lastLogIndex=59}
02:47:46.073 [raft-server-1] TRACE i.a.p.raft.roles.LeaderAppender - RaftServer{1} - Received AppendResponse{status=OK, term=1, succeeded=true, lastLogIndex=59} from 3
02:47:46.073 [raft-server-1] TRACE i.a.p.raft.roles.LeaderAppender - RaftServer{1} - Committed entries up to 59
02:47:46.101 [raft-server-2] TRACE i.a.p.raft.roles.FollowerRole - RaftServer{2}{role=FOLLOWER} - Committed entries up to index 58
02:47:46.102 [raft-server-2] TRACE i.a.p.raft.roles.FollowerRole - RaftServer{2}{role=FOLLOWER} - Sending AppendResponse{status=OK, term=1, succeeded=true, lastLogIndex=58}
02:47:46.102 [raft-server-2-state] TRACE i.a.p.raft.impl.RaftServiceManager - RaftServer{2} - Applying Indexed{index=58, entry=CommandEntry{term=1, timestamp=2018-06-09 02:47:45,930, session=2, sequence=52, operation=PrimitiveOperation{id=DefaultOperationId{id=write, type=COMMAND}, value=byte[]{length=17, hash=-1644578928}}}}
02:47:46.102 [raft-server-2-state] TRACE i.a.p.s.impl.DefaultServiceExecutor - PrimitiveService{2}{type=io.atomix.protocols.raft.RaftTest$TestPrimitiveType@8dc7f31, name=raft-test} - Executing DefaultCommit{index=58, session=RaftSession{RaftServiceContext{server=2, type=io.atomix.protocols.raft.RaftTest$TestPrimitiveType@8dc7f31, name=raft-test, id=2}, session=2, timestamp=2018-06-09 02:47:45,930}, time=2018-06-09 02:47:45,930, operation=DefaultOperationId{id=write, type=COMMAND}, value=byte[]{length=17, hash=-1644578928}}
02:47:46.129 [raft-server-1] TRACE i.a.p.raft.roles.LeaderAppender - RaftServer{1} - Received AppendResponse{status=OK, term=1, succeeded=true, lastLogIndex=58} from 2
02:47:46.130 [raft-server-1] TRACE i.a.p.raft.roles.LeaderAppender - RaftServer{1} - Sending AppendRequest{term=1, leader=1, prevLogIndex=58, prevLogTerm=1, entries=1, commitIndex=59} to 2
02:47:46.130 [raft-server-2] TRACE i.a.p.raft.roles.FollowerRole - RaftServer{2}{role=FOLLOWER} - Received AppendRequest{term=1, leader=1, prevLogIndex=58, prevLogTerm=1, entries=1, commitIndex=59}
02:47:46.130 [raft-server-1-state] TRACE i.a.p.raft.impl.RaftServiceManager - RaftServer{1} - Applying Indexed{index=59, entry=CommandEntry{term=1, timestamp=2018-06-09 02:47:46,031, session=2, sequence=53, operation=PrimitiveOperation{id=DefaultOperationId{id=write, type=COMMAND}, value=byte[]{length=17, hash=-1644578928}}}}
02:47:46.130 [raft-server-2] TRACE i.a.p.raft.roles.FollowerRole - RaftServer{2}{role=FOLLOWER} - Appended Indexed{index=59, entry=CommandEntry{term=1, timestamp=2018-06-09 02:47:46,031, session=2, sequence=53, operation=PrimitiveOperation{id=DefaultOperationId{id=write, type=COMMAND}, value=byte[]{length=17, hash=-1644578928}}}}
02:47:46.130 [raft-server-1-state] TRACE i.a.p.s.impl.DefaultServiceExecutor - PrimitiveService{2}{type=io.atomix.protocols.raft.RaftTest$TestPrimitiveType@35843ad0, name=raft-test} - Executing DefaultCommit{index=59, session=RaftSession{RaftServiceContext{server=1, type=io.atomix.protocols.raft.RaftTest$TestPrimitiveType@35843ad0, name=raft-test, id=2}, session=2, timestamp=2018-06-09 02:47:46,031}, time=2018-06-09 02:47:46,031, operation=DefaultOperationId{id=write, type=COMMAND}, value=byte[]{length=17, hash=-1644578928}}
02:47:46.130 [raft-server-1-state] TRACE i.a.protocols.raft.roles.LeaderRole - RaftServer{1}{role=LEADER} - Sending CommandResponse{status=OK, index=59, eventIndex=2, result=byte[]{length=2, hash=1358}}
02:47:46.131 [raft-client-613ce1dd-77b1-4b52-a0bf-d277cef86e4f-7] TRACE i.a.p.r.p.impl.RaftProxyConnection - SessionClient{2}{type=io.atomix.protocols.raft.RaftTest$TestPrimitiveType@35bfa1bb, name=raft-test} - Received CommandResponse{status=OK, index=59, eventIndex=2, result=byte[]{length=2, hash=1358}} from 1
02:47:46.131 [raft-client-613ce1dd-77b1-4b52-a0bf-d277cef86e4f-7] TRACE i.a.p.r.p.impl.RaftProxySequencer - SessionClient{2}{type=io.atomix.protocols.raft.RaftTest$TestPrimitiveType@35bfa1bb, name=raft-test} - Completing response CommandResponse{status=OK, index=59, eventIndex=2, result=byte[]{length=2, hash=1358}}
02:47:46.131 [raft-client-613ce1dd-77b1-4b52-a0bf-d277cef86e4f-2] TRACE i.a.p.r.p.impl.RaftProxyConnection - SessionClient{2}{type=io.atomix.protocols.raft.RaftTest$TestPrimitiveType@35bfa1bb, name=raft-test} - Sending CommandRequest{session=2, sequence=54, operation=PrimitiveOperation{id=DefaultOperationId{id=write, type=COMMAND}, value=byte[]{length=17, hash=-1644578928}}} to 1
02:47:46.131 [raft-server-1] TRACE i.a.protocols.raft.roles.LeaderRole - RaftServer{1}{role=LEADER} - Received CommandRequest{session=2, sequence=54, operation=PrimitiveOperation{id=DefaultOperationId{id=write, type=COMMAND}, value=byte[]{length=17, hash=-1644578928}}}
02:47:46.132 [raft-server-1] TRACE i.a.protocols.raft.roles.LeaderRole - RaftServer{1}{role=LEADER} - Appended Indexed{index=60, entry=CommandEntry{term=1, timestamp=2018-06-09 02:47:46,131, session=2, sequence=54, operation=PrimitiveOperation{id=DefaultOperationId{id=write, type=COMMAND}, value=byte[]{length=17, hash=-1644578928}}}}
02:47:46.132 [raft-server-1] TRACE i.a.p.raft.roles.LeaderAppender - RaftServer{1} - Sending AppendRequest{term=1, leader=1, prevLogIndex=59, prevLogTerm=1, entries=1, commitIndex=59} to 3
02:47:46.132 [raft-server-3] TRACE i.a.p.raft.roles.FollowerRole - RaftServer{3}{role=FOLLOWER} - Received AppendRequest{term=1, leader=1, prevLogIndex=59, prevLogTerm=1, entries=1, commitIndex=59}
02:47:46.132 [raft-server-3] TRACE i.a.p.raft.roles.FollowerRole - RaftServer{3}{role=FOLLOWER} - Appended Indexed{index=60, entry=CommandEntry{term=1, timestamp=2018-06-09 02:47:46,131, session=2, sequence=54, operation=PrimitiveOperation{id=DefaultOperationId{id=write, type=COMMAND}, value=byte[]{length=17, hash=-1644578928}}}}
02:47:46.171 [raft-server-2] TRACE i.a.p.raft.roles.FollowerRole - RaftServer{2}{role=FOLLOWER} - Committed entries up to index 59
02:47:46.171 [raft-server-2] TRACE i.a.p.raft.roles.FollowerRole - RaftServer{2}{role=FOLLOWER} - Sending AppendResponse{status=OK, term=1, succeeded=true, lastLogIndex=59}
02:47:46.171 [raft-server-2-state] TRACE i.a.p.raft.impl.RaftServiceManager - RaftServer{2} - Applying Indexed{index=59, entry=CommandEntry{term=1, timestamp=2018-06-09 02:47:46,031, session=2, sequence=53, operation=PrimitiveOperation{id=DefaultOperationId{id=write, type=COMMAND}, value=byte[]{length=17, hash=-1644578928}}}}
02:47:46.171 [raft-server-2-state] TRACE i.a.p.s.impl.DefaultServiceExecutor - PrimitiveService{2}{type=io.atomix.protocols.raft.RaftTest$TestPrimitiveType@8dc7f31, name=raft-test} - Executing DefaultCommit{index=59, session=RaftSession{RaftServiceContext{server=2, type=io.atomix.protocols.raft.RaftTest$TestPrimitiveType@8dc7f31, name=raft-test, id=2}, session=2, timestamp=2018-06-09 02:47:46,031}, time=2018-06-09 02:47:46,031, operation=DefaultOperationId{id=write, type=COMMAND}, value=byte[]{length=17, hash=-1644578928}}
02:47:46.172 [raft-server-1] TRACE i.a.p.raft.roles.LeaderAppender - RaftServer{1} - Received AppendResponse{status=OK, term=1, succeeded=true, lastLogIndex=59} from 2
02:47:46.172 [raft-server-1] TRACE i.a.p.raft.roles.LeaderAppender - RaftServer{1} - Sending AppendRequest{term=1, leader=1, prevLogIndex=59, prevLogTerm=1, entries=1, commitIndex=59} to 2
02:47:46.172 [raft-server-2] TRACE i.a.p.raft.roles.FollowerRole - RaftServer{2}{role=FOLLOWER} - Received AppendRequest{term=1, leader=1, prevLogIndex=59, prevLogTerm=1, entries=1, commitIndex=59}
02:47:46.172 [raft-server-2] TRACE i.a.p.raft.roles.FollowerRole - RaftServer{2}{role=FOLLOWER} - Appended Indexed{index=60, entry=CommandEntry{term=1, timestamp=2018-06-09 02:47:46,131, session=2, sequence=54, operation=PrimitiveOperation{id=DefaultOperationId{id=write, type=COMMAND}, value=byte[]{length=17, hash=-1644578928}}}}
02:47:46.173 [raft-server-2] TRACE i.a.p.raft.roles.FollowerRole - RaftServer{2}{role=FOLLOWER} - Sending AppendResponse{status=OK, term=1, succeeded=true, lastLogIndex=60}
02:47:46.173 [raft-server-1] TRACE i.a.p.raft.roles.LeaderAppender - RaftServer{1} - Received AppendResponse{status=OK, term=1, succeeded=true, lastLogIndex=60} from 2
02:47:46.173 [raft-server-1] TRACE i.a.p.raft.roles.LeaderAppender - RaftServer{1} - Committed entries up to 60
02:47:46.204 [raft-server-3] TRACE i.a.p.raft.roles.FollowerRole - RaftServer{3}{role=FOLLOWER} - Committed entries up to index 59
02:47:46.204 [raft-server-3] TRACE i.a.p.raft.roles.FollowerRole - RaftServer{3}{role=FOLLOWER} - Sending AppendResponse{status=OK, term=1, succeeded=true, lastLogIndex=60}
02:47:46.205 [raft-server-3-state] TRACE i.a.p.raft.impl.RaftServiceManager - RaftServer{3} - Applying Indexed{index=59, entry=CommandEntry{term=1, timestamp=2018-06-09 02:47:46,031, session=2, sequence=53, operation=PrimitiveOperation{id=DefaultOperationId{id=write, type=COMMAND}, value=byte[]{length=17, hash=-1644578928}}}}
02:47:46.205 [raft-server-3-state] TRACE i.a.p.s.impl.DefaultServiceExecutor - PrimitiveService{2}{type=io.atomix.protocols.raft.RaftTest$TestPrimitiveType@260d6206, name=raft-test} - Executing DefaultCommit{index=59, session=RaftSession{RaftServiceContext{server=3, type=io.atomix.protocols.raft.RaftTest$TestPrimitiveType@260d6206, name=raft-test, id=2}, session=2, timestamp=2018-06-09 02:47:46,031}, time=2018-06-09 02:47:46,031, operation=DefaultOperationId{id=write, type=COMMAND}, value=byte[]{length=17, hash=-1644578928}}
02:47:46.229 [raft-server-1] TRACE i.a.p.raft.roles.LeaderAppender - RaftServer{1} - Received AppendResponse{status=OK, term=1, succeeded=true, lastLogIndex=60} from 3
02:47:46.230 [raft-server-1] DEBUG i.a.p.raft.impl.RaftServiceManager - RaftServer{1} - Snapshotting services
02:47:46.230 [raft-server-1] TRACE i.a.p.raft.roles.LeaderAppender - RaftServer{1} - Sending AppendRequest{term=1, leader=1, prevLogIndex=60, prevLogTerm=1, entries=0, commitIndex=60} to 3
02:47:46.230 [raft-server-1-state] DEBUG i.a.p.r.s.snapshot.SnapshotStore - Created memory snapshot: MemorySnapshot{index=59}
02:47:46.230 [raft-server-3] TRACE i.a.p.raft.roles.FollowerRole - RaftServer{3}{role=FOLLOWER} - Received AppendRequest{term=1, leader=1, prevLogIndex=60, prevLogTerm=1, entries=0, commitIndex=60}
02:47:46.230 [raft-server-1] TRACE i.a.p.raft.roles.LeaderAppender - RaftServer{1} - Sending AppendRequest{term=1, leader=1, prevLogIndex=60, prevLogTerm=1, entries=0, commitIndex=60} to 2
02:47:46.230 [raft-server-1-state] TRACE i.a.utils.serializer.KryoNamespace - Creating Kryo instance for KryoNamespace{registeredBlocks=[RegistrationBlock{begin=16, types=[([Ljava.lang.Class;@6b321262,null), ([Ljava.lang.Class;@68b11545,null), ([Ljava.lang.Class;@7d0100ea,null), ([Ljava.lang.Class;@357bc488,null), ([Ljava.lang.Class;@4ea17147,io.atomix.utils.serializer.serializers.ImmutableListSerializer@2eda4eeb), ([Ljava.lang.Class;@5ba90d8a,io.atomix.utils.serializer.serializers.ImmutableSetSerializer@309dcdf3), ([Ljava.lang.Class;@7573b9ee,io.atomix.utils.serializer.serializers.ImmutableMapSerializer@9a20cbd), ([Ljava.lang.Class;@1af4955e,null), ([Ljava.lang.Class;@445821a6,null), ([Ljava.lang.Class;@2c0c4c0a,null), ([Ljava.lang.Class;@35d26ad2,null), ([Ljava.lang.Class;@bb25753,null), ([Ljava.lang.Class;@ee21292,null), ([Ljava.lang.Class;@40c06358,null), ([Ljava.lang.Class;@66e21568,null), ([Ljava.lang.Class;@7f73ce28,null), ([Ljava.lang.Class;@611b35d6,null), ([Ljava.lang.Class;@2282400e,null), ([Ljava.lang.Class;@543d5863,null), ([Ljava.lang.Class;@35dece42,null), ([Ljava.lang.Class;@dd3f8aa,io.atomix.utils.serializer.serializers.ArraysAsListSerializer@3d615b2e), ([Ljava.lang.Class;@3a1f2a1,null), ([Ljava.lang.Class;@40ce9049,null), ([Ljava.lang.Class;@52ca2652,null), ([Ljava.lang.Class;@65c5bf0e,null), ([Ljava.lang.Class;@697d6ded,null), ([Ljava.lang.Class;@5d05f453,null), ([Ljava.lang.Class;@5efeb117,null), ([Ljava.lang.Class;@160b4809,null), ([Ljava.lang.Class;@149b4d20,null), ([Ljava.lang.Class;@664e848c,null), ([Ljava.lang.Class;@4d93f75b,null), ([Ljava.lang.Class;@114a5e0,null), ([Ljava.lang.Class;@4f281aaf,null), ([Ljava.lang.Class;@5d508d22,null), ([Ljava.lang.Class;@f2b90fc,null)]}, RegistrationBlock{begin=52, types=[([Ljava.lang.Class;@55abc59f,null)]}]}
02:47:46.232 [raft-server-2] TRACE i.a.p.raft.roles.FollowerRole - RaftServer{2}{role=FOLLOWER} - Received AppendRequest{term=1, leader=1, prevLogIndex=60, prevLogTerm=1, entries=0, commitIndex=60}
02:47:46.232 [raft-server-1-state] TRACE i.a.utils.serializer.KryoNamespace - class [B registered as 16
02:47:46.232 [raft-server-1-state] TRACE i.a.utils.serializer.KryoNamespace - class java.util.concurrent.atomic.AtomicBoolean registered as 17
02:47:46.232 [raft-server-1-state] TRACE i.a.utils.serializer.KryoNamespace - class java.util.concurrent.atomic.AtomicInteger registered as 18
02:47:46.232 [raft-server-1-state] TRACE i.a.utils.serializer.KryoNamespace - class java.util.concurrent.atomic.AtomicLong registered as 19
02:47:46.232 [raft-server-1-state] TRACE i.a.utils.serializer.KryoNamespace - class com.google.common.collect.ImmutableList registered as 20
02:47:46.232 [raft-server-1-state] TRACE i.a.utils.serializer.KryoNamespace - class com.google.common.collect.RegularImmutableList registered as 20
02:47:46.232 [raft-server-1-state] TRACE i.a.utils.serializer.KryoNamespace - class com.google.common.collect.RegularImmutableList registered as 20
02:47:46.233 [raft-server-1-state] TRACE i.a.utils.serializer.KryoNamespace - class com.google.common.collect.ImmutableList$SubList registered as 20
02:47:46.233 [raft-server-1-state] TRACE i.a.utils.serializer.KryoNamespace - class com.google.common.collect.ImmutableSet registered as 21
02:47:46.233 [raft-server-1-state] TRACE i.a.utils.serializer.KryoNamespace - class com.google.common.collect.RegularImmutableSet registered as 21
02:47:46.233 [raft-server-1-state] TRACE i.a.utils.serializer.KryoNamespace - class com.google.common.collect.SingletonImmutableSet registered as 21
02:47:46.233 [raft-server-1-state] TRACE i.a.utils.serializer.KryoNamespace - class com.google.common.collect.RegularImmutableSet registered as 21
02:47:46.233 [raft-server-1-state] TRACE i.a.utils.serializer.KryoNamespace - class com.google.common.collect.ImmutableMap registered as 22
02:47:46.233 [raft-server-1-state] TRACE i.a.utils.serializer.KryoNamespace - class com.google.common.collect.RegularImmutableMap registered as 22
02:47:46.233 [raft-server-1-state] TRACE i.a.utils.serializer.KryoNamespace - class com.google.common.collect.RegularImmutableMap registered as 22
02:47:46.233 [raft-server-1-state] TRACE i.a.utils.serializer.KryoNamespace - class com.google.common.collect.RegularImmutableMap registered as 22
02:47:46.233 [raft-server-1-state] TRACE i.a.utils.serializer.KryoNamespace - class java.util.Collections$UnmodifiableSet registered as 23
02:47:46.233 [raft-server-1-state] TRACE i.a.utils.serializer.KryoNamespace - class java.util.HashMap registered as 24
02:47:46.234 [raft-server-1-state] TRACE i.a.utils.serializer.KryoNamespace - class java.util.concurrent.ConcurrentHashMap registered as 25
02:47:46.234 [raft-server-1-state] TRACE i.a.utils.serializer.KryoNamespace - class java.util.concurrent.CopyOnWriteArraySet registered as 26
02:47:46.234 [raft-server-1-state] TRACE i.a.utils.serializer.KryoNamespace - class java.util.ArrayList registered as 27
02:47:46.234 [raft-server-1-state] TRACE i.a.utils.serializer.KryoNamespace - class java.util.LinkedList registered as 28
02:47:46.234 [raft-server-1-state] TRACE i.a.utils.serializer.KryoNamespace - class java.util.HashSet registered as 29
02:47:46.234 [raft-server-1-state] TRACE i.a.utils.serializer.KryoNamespace - class java.util.LinkedHashSet registered as 30
02:47:46.234 [raft-server-1-state] TRACE i.a.utils.serializer.KryoNamespace - class com.sun.jmx.remote.internal.ArrayQueue registered as 31
02:47:46.234 [raft-server-1-state] TRACE i.a.utils.serializer.KryoNamespace - class java.util.ArrayDeque registered as 32
02:47:46.234 [raft-server-1-state] TRACE i.a.utils.serializer.KryoNamespace - class com.google.common.collect.HashMultiset registered as 33
02:47:46.235 [raft-server-1-state] TRACE i.a.utils.serializer.KryoNamespace - class com.google.common.collect.Sets registered as 34
02:47:46.235 [raft-server-1-state] TRACE i.a.utils.serializer.KryoNamespace - class com.google.common.collect.ImmutableEntry registered as 35
02:47:46.235 [raft-server-1-state] TRACE i.a.utils.serializer.KryoNamespace - class java.util.Arrays$ArrayList registered as 36
02:47:46.235 [raft-client-613ce1dd-77b1-4b52-a0bf-d277cef86e4f-7] TRACE i.a.p.r.proxy.impl.RaftProxyManager - RaftClient{613ce1dd-77b1-4b52-a0bf-d277cef86e4f} - Keeping 1 sessions alive
02:47:46.235 [raft-client-613ce1dd-77b1-4b52-a0bf-d277cef86e4f-7] TRACE i.a.p.r.p.impl.RaftProxyConnection - RaftClient{613ce1dd-77b1-4b52-a0bf-d277cef86e4f} - Sending KeepAliveRequest{sessionIds=long[]{length=1, hash=33}, commandSequences=long[]{length=1, hash=84}, eventIndexes=long[]{length=1, hash=33}} to 3
02:47:46.235 [raft-server-1-state] TRACE i.a.utils.serializer.KryoNamespace - class java.util.Collections$SingletonList registered as 37
02:47:46.235 [raft-server-1-state] TRACE i.a.utils.serializer.KryoNamespace - class java.time.Duration registered as 38
02:47:46.236 [raft-server-1-state] TRACE i.a.utils.serializer.KryoNamespace - class java.util.Collections$EmptySet registered as 39
02:47:46.236 [raft-server-1-state] TRACE i.a.utils.serializer.KryoNamespace - class java.util.Optional registered as 40
02:47:46.236 [raft-server-1-state] TRACE i.a.utils.serializer.KryoNamespace - class java.util.Collections$EmptyList registered as 41
02:47:46.236 [raft-server-1-state] TRACE i.a.utils.serializer.KryoNamespace - class java.util.Collections$SingletonSet registered as 42
02:47:46.236 [raft-server-1-state] TRACE i.a.utils.serializer.KryoNamespace - class [I registered as 43
02:47:46.236 [raft-server-1-state] TRACE i.a.utils.serializer.KryoNamespace - class [J registered as 44
02:47:46.236 [raft-server-1-state] TRACE i.a.utils.serializer.KryoNamespace - class [S registered as 45
02:47:46.236 [raft-server-1-state] TRACE i.a.utils.serializer.KryoNamespace - class [D registered as 46
02:47:46.237 [raft-server-1-state] TRACE i.a.utils.serializer.KryoNamespace - class [F registered as 47
02:47:46.237 [raft-server-1-state] TRACE i.a.utils.serializer.KryoNamespace - class [C registered as 48
02:47:46.237 [raft-server-1-state] TRACE i.a.utils.serializer.KryoNamespace - class [Ljava.lang.String; registered as 49
02:47:46.237 [raft-server-1-state] TRACE i.a.utils.serializer.KryoNamespace - class [Z registered as 50
02:47:46.237 [raft-server-1-state] TRACE i.a.utils.serializer.KryoNamespace - class [Ljava.lang.Object; registered as 51
02:47:46.237 [raft-server-1-state] TRACE i.a.utils.serializer.KryoNamespace - class io.atomix.primitive.service.ServiceConfig registered as 52
02:47:46.237 [raft-server-1-state] DEBUG i.a.p.r.service.RaftServiceContext - PrimitiveService{2}{type=io.atomix.protocols.raft.RaftTest$TestPrimitiveType@35843ad0, name=raft-test} - Taking snapshot 59
02:47:46.238 [raft-server-1-state] TRACE i.a.utils.serializer.KryoNamespace - Creating Kryo instance for KryoNamespace{registeredBlocks=[RegistrationBlock{begin=16, types=[([Ljava.lang.Class;@6b321262,null), ([Ljava.lang.Class;@68b11545,null), ([Ljava.lang.Class;@7d0100ea,null), ([Ljava.lang.Class;@357bc488,null), ([Ljava.lang.Class;@4ea17147,io.atomix.utils.serializer.serializers.ImmutableListSerializer@2eda4eeb), ([Ljava.lang.Class;@5ba90d8a,io.atomix.utils.serializer.serializers.ImmutableSetSerializer@309dcdf3), ([Ljava.lang.Class;@7573b9ee,io.atomix.utils.serializer.serializers.ImmutableMapSerializer@9a20cbd), ([Ljava.lang.Class;@1af4955e,null), ([Ljava.lang.Class;@445821a6,null), ([Ljava.lang.Class;@2c0c4c0a,null), ([Ljava.lang.Class;@35d26ad2,null), ([Ljava.lang.Class;@bb25753,null), ([Ljava.lang.Class;@ee21292,null), ([Ljava.lang.Class;@40c06358,null), ([Ljava.lang.Class;@66e21568,null), ([Ljava.lang.Class;@7f73ce28,null), ([Ljava.lang.Class;@611b35d6,null), ([Ljava.lang.Class;@2282400e,null), ([Ljava.lang.Class;@543d5863,null), ([Ljava.lang.Class;@35dece42,null), ([Ljava.lang.Class;@dd3f8aa,io.atomix.utils.serializer.serializers.ArraysAsListSerializer@3d615b2e), ([Ljava.lang.Class;@3a1f2a1,null), ([Ljava.lang.Class;@40ce9049,null), ([Ljava.lang.Class;@52ca2652,null), ([Ljava.lang.Class;@65c5bf0e,null), ([Ljava.lang.Class;@697d6ded,null), ([Ljava.lang.Class;@5d05f453,null), ([Ljava.lang.Class;@5efeb117,null), ([Ljava.lang.Class;@160b4809,null), ([Ljava.lang.Class;@149b4d20,null), ([Ljava.lang.Class;@664e848c,null), ([Ljava.lang.Class;@4d93f75b,null), ([Ljava.lang.Class;@114a5e0,null), ([Ljava.lang.Class;@4f281aaf,null), ([Ljava.lang.Class;@5d508d22,null), ([Ljava.lang.Class;@f2b90fc,null)]}, RegistrationBlock{begin=52, types=[([Ljava.lang.Class;@7202e58f,null)]}]}
02:47:46.238 [raft-server-1-state] TRACE i.a.utils.serializer.KryoNamespace - class [B registered as 16
02:47:46.238 [raft-server-1-state] TRACE i.a.utils.serializer.KryoNamespace - class java.util.concurrent.atomic.AtomicBoolean registered as 17
02:47:46.238 [raft-server-1-state] TRACE i.a.utils.serializer.KryoNamespace - class java.util.concurrent.atomic.AtomicInteger registered as 18
02:47:46.238 [raft-server-1-state] TRACE i.a.utils.serializer.KryoNamespace - class java.util.concurrent.atomic.AtomicLong registered as 19
02:47:46.238 [raft-server-1-state] TRACE i.a.utils.serializer.KryoNamespace - class com.google.common.collect.ImmutableList registered as 20
02:47:46.238 [raft-server-1-state] TRACE i.a.utils.serializer.KryoNamespace - class com.google.common.collect.RegularImmutableList registered as 20
02:47:46.238 [raft-server-1-state] TRACE i.a.utils.serializer.KryoNamespace - class com.google.common.collect.RegularImmutableList registered as 20
02:47:46.238 [raft-server-1-state] TRACE i.a.utils.serializer.KryoNamespace - class com.google.common.collect.ImmutableList$SubList registered as 20
02:47:46.238 [raft-server-1-state] TRACE i.a.utils.serializer.KryoNamespace - class com.google.common.collect.ImmutableSet registered as 21
02:47:46.238 [raft-server-1-state] TRACE i.a.utils.serializer.KryoNamespace - class com.google.common.collect.RegularImmutableSet registered as 21
02:47:46.238 [raft-server-1-state] TRACE i.a.utils.serializer.KryoNamespace - class com.google.common.collect.SingletonImmutableSet registered as 21
02:47:46.238 [raft-server-1-state] TRACE i.a.utils.serializer.KryoNamespace - class com.google.common.collect.RegularImmutableSet registered as 21
02:47:46.238 [raft-server-1-state] TRACE i.a.utils.serializer.KryoNamespace - class com.google.common.collect.ImmutableMap registered as 22
02:47:46.238 [raft-server-1-state] TRACE i.a.utils.serializer.KryoNamespace - class com.google.common.collect.RegularImmutableMap registered as 22
02:47:46.238 [raft-server-1-state] TRACE i.a.utils.serializer.KryoNamespace - class com.google.common.collect.RegularImmutableMap registered as 22
02:47:46.238 [raft-server-1-state] TRACE i.a.utils.serializer.KryoNamespace - class com.google.common.collect.RegularImmutableMap registered as 22
02:47:46.238 [raft-server-1-state] TRACE i.a.utils.serializer.KryoNamespace - class java.util.Collections$UnmodifiableSet registered as 23
02:47:46.238 [raft-server-1-state] TRACE i.a.utils.serializer.KryoNamespace - class java.util.HashMap registered as 24
02:47:46.238 [raft-server-1-state] TRACE i.a.utils.serializer.KryoNamespace - class java.util.concurrent.ConcurrentHashMap registered as 25
02:47:46.239 [raft-server-1-state] TRACE i.a.utils.serializer.KryoNamespace - class java.util.concurrent.CopyOnWriteArraySet registered as 26
02:47:46.239 [raft-server-1-state] TRACE i.a.utils.serializer.KryoNamespace - class java.util.ArrayList registered as 27
02:47:46.239 [raft-server-1-state] TRACE i.a.utils.serializer.KryoNamespace - class java.util.LinkedList registered as 28
02:47:46.239 [raft-server-1-state] TRACE i.a.utils.serializer.KryoNamespace - class java.util.HashSet registered as 29
02:47:46.239 [raft-server-1-state] TRACE i.a.utils.serializer.KryoNamespace - class java.util.LinkedHashSet registered as 30
02:47:46.239 [raft-server-1-state] TRACE i.a.utils.serializer.KryoNamespace - class com.sun.jmx.remote.internal.ArrayQueue registered as 31
02:47:46.239 [raft-server-1-state] TRACE i.a.utils.serializer.KryoNamespace - class java.util.ArrayDeque registered as 32
02:47:46.239 [raft-server-1-state] TRACE i.a.utils.serializer.KryoNamespace - class com.google.common.collect.HashMultiset registered as 33
02:47:46.239 [raft-server-1-state] TRACE i.a.utils.serializer.KryoNamespace - class com.google.common.collect.Sets registered as 34
02:47:46.239 [raft-server-1-state] TRACE i.a.utils.serializer.KryoNamespace - class com.google.common.collect.ImmutableEntry registered as 35
02:47:46.239 [raft-server-1-state] TRACE i.a.utils.serializer.KryoNamespace - class java.util.Arrays$ArrayList registered as 36
02:47:46.239 [raft-server-1-state] TRACE i.a.utils.serializer.KryoNamespace - class java.util.Collections$SingletonList registered as 37
02:47:46.239 [raft-server-1-state] TRACE i.a.utils.serializer.KryoNamespace - class java.time.Duration registered as 38
02:47:46.239 [raft-server-1-state] TRACE i.a.utils.serializer.KryoNamespace - class java.util.Collections$EmptySet registered as 39
02:47:46.239 [raft-server-1-state] TRACE i.a.utils.serializer.KryoNamespace - class java.util.Optional registered as 40
02:47:46.239 [raft-server-1-state] TRACE i.a.utils.serializer.KryoNamespace - class java.util.Collections$EmptyList registered as 41
02:47:46.240 [raft-server-1-state] TRACE i.a.utils.serializer.KryoNamespace - class java.util.Collections$SingletonSet registered as 42
02:47:46.240 [raft-server-1-state] TRACE i.a.utils.serializer.KryoNamespace - class [I registered as 43
02:47:46.240 [raft-server-1-state] TRACE i.a.utils.serializer.KryoNamespace - class [J registered as 44
02:47:46.240 [raft-server-1-state] TRACE i.a.utils.serializer.KryoNamespace - class [S registered as 45
02:47:46.240 [raft-server-1-state] TRACE i.a.utils.serializer.KryoNamespace - class [D registered as 46
02:47:46.240 [raft-server-1-state] TRACE i.a.utils.serializer.KryoNamespace - class [F registered as 47
02:47:46.240 [raft-server-1-state] TRACE i.a.utils.serializer.KryoNamespace - class [C registered as 48
02:47:46.240 [raft-server-1-state] TRACE i.a.utils.serializer.KryoNamespace - class [Ljava.lang.String; registered as 49
02:47:46.240 [raft-server-1-state] TRACE i.a.utils.serializer.KryoNamespace - class [Z registered as 50
02:47:46.240 [raft-server-1-state] TRACE i.a.utils.serializer.KryoNamespace - class [Ljava.lang.Object; registered as 51
02:47:46.240 [raft-server-1-state] TRACE i.a.utils.serializer.KryoNamespace - class io.atomix.primitive.service.ServiceConfig registered as 52
02:47:46.240 [raft-server-1-state] TRACE i.a.p.raft.impl.RaftServiceManager - RaftServer{1} - Applying Indexed{index=60, entry=CommandEntry{term=1, timestamp=2018-06-09 02:47:46,131, session=2, sequence=54, operation=PrimitiveOperation{id=DefaultOperationId{id=write, type=COMMAND}, value=byte[]{length=17, hash=-1644578928}}}}
02:47:46.240 [raft-server-1-compaction] DEBUG i.a.p.r.s.snapshot.SnapshotStore - Created disk snapshot: FileSnapshot{index=59}
02:47:46.240 [raft-server-1-state] TRACE i.a.p.s.impl.DefaultServiceExecutor - PrimitiveService{2}{type=io.atomix.protocols.raft.RaftTest$TestPrimitiveType@35843ad0, name=raft-test} - Executing DefaultCommit{index=60, session=RaftSession{RaftServiceContext{server=1, type=io.atomix.protocols.raft.RaftTest$TestPrimitiveType@35843ad0, name=raft-test, id=2}, session=2, timestamp=2018-06-09 02:47:46,131}, time=2018-06-09 02:47:46,131, operation=DefaultOperationId{id=write, type=COMMAND}, value=byte[]{length=17, hash=-1644578928}}
02:47:46.241 [raft-server-1-state] TRACE i.a.protocols.raft.roles.LeaderRole - RaftServer{1}{role=LEADER} - Sending CommandResponse{status=OK, index=60, eventIndex=2, result=byte[]{length=2, hash=1360}}
02:47:46.241 [raft-client-613ce1dd-77b1-4b52-a0bf-d277cef86e4f-1] TRACE i.a.p.r.p.impl.RaftProxyConnection - SessionClient{2}{type=io.atomix.protocols.raft.RaftTest$TestPrimitiveType@35bfa1bb, name=raft-test} - Received CommandResponse{status=OK, index=60, eventIndex=2, result=byte[]{length=2, hash=1360}} from 1
02:47:46.241 [raft-client-613ce1dd-77b1-4b52-a0bf-d277cef86e4f-1] TRACE i.a.p.r.p.impl.RaftProxySequencer - SessionClient{2}{type=io.atomix.protocols.raft.RaftTest$TestPrimitiveType@35bfa1bb, name=raft-test} - Completing response CommandResponse{status=OK, index=60, eventIndex=2, result=byte[]{length=2, hash=1360}}
02:47:46.241 [raft-client-613ce1dd-77b1-4b52-a0bf-d277cef86e4f-2] TRACE i.a.p.r.p.impl.RaftProxyConnection - SessionClient{2}{type=io.atomix.protocols.raft.RaftTest$TestPrimitiveType@35bfa1bb, name=raft-test} - Sending CommandRequest{session=2, sequence=55, operation=PrimitiveOperation{id=DefaultOperationId{id=write, type=COMMAND}, value=byte[]{length=17, hash=-1644578928}}} to 1
02:47:46.241 [raft-server-1] TRACE i.a.protocols.raft.roles.LeaderRole - RaftServer{1}{role=LEADER} - Received CommandRequest{session=2, sequence=55, operation=PrimitiveOperation{id=DefaultOperationId{id=write, type=COMMAND}, value=byte[]{length=17, hash=-1644578928}}}
02:47:46.279 [raft-server-3] TRACE i.a.p.raft.roles.FollowerRole - RaftServer{3}{role=FOLLOWER} - Committed entries up to index 60
02:47:46.279 [raft-server-3] TRACE i.a.p.raft.roles.FollowerRole - RaftServer{3}{role=FOLLOWER} - Sending AppendResponse{status=OK, term=1, succeeded=true, lastLogIndex=60}
02:47:46.280 [raft-server-3] TRACE i.a.p.raft.roles.FollowerRole - RaftServer{3}{role=FOLLOWER} - Received KeepAliveRequest{sessionIds=long[]{length=1, hash=33}, commandSequences=long[]{length=1, hash=84}, eventIndexes=long[]{length=1, hash=33}}
02:47:46.280 [raft-server-3-state] TRACE i.a.p.raft.impl.RaftServiceManager - RaftServer{3} - Applying Indexed{index=60, entry=CommandEntry{term=1, timestamp=2018-06-09 02:47:46,131, session=2, sequence=54, operation=PrimitiveOperation{id=DefaultOperationId{id=write, type=COMMAND}, value=byte[]{length=17, hash=-1644578928}}}}
02:47:46.280 [raft-server-3-state] TRACE i.a.p.s.impl.DefaultServiceExecutor - PrimitiveService{2}{type=io.atomix.protocols.raft.RaftTest$TestPrimitiveType@260d6206, name=raft-test} - Executing DefaultCommit{index=60, session=RaftSession{RaftServiceContext{server=3, type=io.atomix.protocols.raft.RaftTest$TestPrimitiveType@260d6206, name=raft-test, id=2}, session=2, timestamp=2018-06-09 02:47:46,131}, time=2018-06-09 02:47:46,131, operation=DefaultOperationId{id=write, type=COMMAND}, value=byte[]{length=17, hash=-1644578928}}
02:47:46.321 [raft-server-2] TRACE i.a.p.raft.roles.FollowerRole - RaftServer{2}{role=FOLLOWER} - Committed entries up to index 60
02:47:46.321 [raft-server-2] TRACE i.a.p.raft.roles.FollowerRole - RaftServer{2}{role=FOLLOWER} - Sending AppendResponse{status=OK, term=1, succeeded=true, lastLogIndex=60}
02:47:46.321 [raft-server-2-state] TRACE i.a.p.raft.impl.RaftServiceManager - RaftServer{2} - Applying Indexed{index=60, entry=CommandEntry{term=1, timestamp=2018-06-09 02:47:46,131, session=2, sequence=54, operation=PrimitiveOperation{id=DefaultOperationId{id=write, type=COMMAND}, value=byte[]{length=17, hash=-1644578928}}}}
02:47:46.322 [raft-server-2-state] TRACE i.a.p.s.impl.DefaultServiceExecutor - PrimitiveService{2}{type=io.atomix.protocols.raft.RaftTest$TestPrimitiveType@8dc7f31, name=raft-test} - Executing DefaultCommit{index=60, session=RaftSession{RaftServiceContext{server=2, type=io.atomix.protocols.raft.RaftTest$TestPrimitiveType@8dc7f31, name=raft-test, id=2}, session=2, timestamp=2018-06-09 02:47:46,131}, time=2018-06-09 02:47:46,131, operation=DefaultOperationId{id=write, type=COMMAND}, value=byte[]{length=17, hash=-1644578928}}
02:47:46.402 [raft-server-1] DEBUG i.a.storage.journal.SegmentedJournal - Created disk segment: JournalSegment{id=7, version=1, index=61, size=64}
02:47:46.402 [raft-server-1] TRACE i.a.protocols.raft.roles.LeaderRole - RaftServer{1}{role=LEADER} - Appended Indexed{index=61, entry=CommandEntry{term=1, timestamp=2018-06-09 02:47:46,241, session=2, sequence=55, operation=PrimitiveOperation{id=DefaultOperationId{id=write, type=COMMAND}, value=byte[]{length=17, hash=-1644578928}}}}
02:47:46.402 [raft-server-1] TRACE i.a.p.raft.roles.LeaderAppender - RaftServer{1} - Received AppendResponse{status=OK, term=1, succeeded=true, lastLogIndex=60} from 3
02:47:46.402 [raft-server-1] TRACE i.a.p.raft.roles.LeaderAppender - RaftServer{1} - Sending AppendRequest{term=1, leader=1, prevLogIndex=60, prevLogTerm=1, entries=1, commitIndex=60} to 3
02:47:46.403 [raft-server-1] TRACE i.a.p.raft.roles.LeaderAppender - RaftServer{1} - Sending AppendRequest{term=1, leader=1, prevLogIndex=60, prevLogTerm=1, entries=1, commitIndex=60} to 2
02:47:46.403 [raft-server-3] TRACE i.a.p.raft.roles.FollowerRole - RaftServer{3}{role=FOLLOWER} - Received AppendRequest{term=1, leader=1, prevLogIndex=60, prevLogTerm=1, entries=1, commitIndex=60}
02:47:46.403 [raft-server-1] TRACE i.a.protocols.raft.roles.LeaderRole - RaftServer{1}{role=LEADER} - Received KeepAliveRequest{sessionIds=long[]{length=1, hash=33}, commandSequences=long[]{length=1, hash=84}, eventIndexes=long[]{length=1, hash=33}}
02:47:46.403 [raft-server-2] TRACE i.a.p.raft.roles.FollowerRole - RaftServer{2}{role=FOLLOWER} - Received AppendRequest{term=1, leader=1, prevLogIndex=60, prevLogTerm=1, entries=1, commitIndex=60}
02:47:46.403 [raft-server-1] TRACE i.a.protocols.raft.roles.LeaderRole - RaftServer{1}{role=LEADER} - Appended Indexed{index=62, entry=KeepAliveEntry{term=1, timestamp=2018-06-09 02:47:46,403, sessionIds=long[]{length=1, hash=33}, commandSequences=long[]{length=1, hash=84}, eventIndexes=long[]{length=1, hash=33}}}
02:47:46.404 [raft-server-1] TRACE i.a.p.raft.roles.LeaderAppender - RaftServer{1} - Received AppendResponse{status=OK, term=1, succeeded=true, lastLogIndex=60} from 2
02:47:46.479 [raft-server-1] TRACE i.a.p.raft.roles.LeaderAppender - RaftServer{1} - Sending AppendRequest{term=1, leader=1, prevLogIndex=61, prevLogTerm=1, entries=1, commitIndex=60} to 3
02:47:46.479 [raft-server-1] TRACE i.a.p.raft.roles.LeaderAppender - RaftServer{1} - Sending AppendRequest{term=1, leader=1, prevLogIndex=61, prevLogTerm=1, entries=1, commitIndex=60} to 2
02:47:46.552 [raft-server-3] DEBUG i.a.storage.journal.SegmentedJournal - Created disk segment: JournalSegment{id=7, version=1, index=61, size=64}
02:47:46.552 [raft-server-3] TRACE i.a.p.raft.roles.FollowerRole - RaftServer{3}{role=FOLLOWER} - Appended Indexed{index=61, entry=CommandEntry{term=1, timestamp=2018-06-09 02:47:46,241, session=2, sequence=55, operation=PrimitiveOperation{id=DefaultOperationId{id=write, type=COMMAND}, value=byte[]{length=17, hash=-1644578928}}}}
02:47:46.552 [raft-server-3] TRACE i.a.p.raft.roles.FollowerRole - RaftServer{3}{role=FOLLOWER} - Sending AppendResponse{status=OK, term=1, succeeded=true, lastLogIndex=61}
02:47:46.552 [raft-server-3] TRACE i.a.p.raft.roles.FollowerRole - RaftServer{3}{role=FOLLOWER} - Received AppendRequest{term=1, leader=1, prevLogIndex=61, prevLogTerm=1, entries=1, commitIndex=60}
02:47:46.552 [raft-server-1] TRACE i.a.p.raft.roles.LeaderAppender - RaftServer{1} - Received AppendResponse{status=OK, term=1, succeeded=true, lastLogIndex=61} from 3
02:47:46.552 [raft-server-3] TRACE i.a.p.raft.roles.FollowerRole - RaftServer{3}{role=FOLLOWER} - Appended Indexed{index=62, entry=KeepAliveEntry{term=1, timestamp=2018-06-09 02:47:46,403, sessionIds=long[]{length=1, hash=33}, commandSequences=long[]{length=1, hash=84}, eventIndexes=long[]{length=1, hash=33}}}
02:47:46.553 [raft-server-1] TRACE i.a.p.raft.roles.LeaderAppender - RaftServer{1} - Committed entries up to 61
02:47:46.553 [raft-server-3] TRACE i.a.p.raft.roles.FollowerRole - RaftServer{3}{role=FOLLOWER} - Sending AppendResponse{status=OK, term=1, succeeded=true, lastLogIndex=62}
02:47:46.593 [raft-server-2] DEBUG i.a.storage.journal.SegmentedJournal - Created disk segment: JournalSegment{id=7, version=1, index=61, size=64}
02:47:46.594 [raft-server-2] TRACE i.a.p.raft.roles.FollowerRole - RaftServer{2}{role=FOLLOWER} - Appended Indexed{index=61, entry=CommandEntry{term=1, timestamp=2018-06-09 02:47:46,241, session=2, sequence=55, operation=PrimitiveOperation{id=DefaultOperationId{id=write, type=COMMAND}, value=byte[]{length=17, hash=-1644578928}}}}
02:47:46.594 [raft-server-2] TRACE i.a.p.raft.roles.FollowerRole - RaftServer{2}{role=FOLLOWER} - Sending AppendResponse{status=OK, term=1, succeeded=true, lastLogIndex=61}
02:47:46.594 [raft-server-2] TRACE i.a.p.raft.roles.FollowerRole - RaftServer{2}{role=FOLLOWER} - Received AppendRequest{term=1, leader=1, prevLogIndex=61, prevLogTerm=1, entries=1, commitIndex=60}
02:47:46.594 [raft-server-2] TRACE i.a.p.raft.roles.FollowerRole - RaftServer{2}{role=FOLLOWER} - Appended Indexed{index=62, entry=KeepAliveEntry{term=1, timestamp=2018-06-09 02:47:46,403, sessionIds=long[]{length=1, hash=33}, commandSequences=long[]{length=1, hash=84}, eventIndexes=long[]{length=1, hash=33}}}
02:47:46.594 [raft-server-2] TRACE i.a.p.raft.roles.FollowerRole - RaftServer{2}{role=FOLLOWER} - Sending AppendResponse{status=OK, term=1, succeeded=true, lastLogIndex=62}
02:47:46.629 [raft-server-1] TRACE i.a.p.raft.roles.LeaderAppender - RaftServer{1} - Received AppendResponse{status=OK, term=1, succeeded=true, lastLogIndex=62} from 3
02:47:46.629 [raft-server-1] TRACE i.a.p.raft.roles.LeaderAppender - RaftServer{1} - Committed entries up to 62
02:47:46.629 [raft-server-1] TRACE i.a.p.raft.roles.LeaderAppender - RaftServer{1} - Received AppendResponse{status=OK, term=1, succeeded=true, lastLogIndex=61} from 2
02:47:46.630 [raft-server-1] TRACE i.a.p.raft.roles.LeaderAppender - RaftServer{1} - Received AppendResponse{status=OK, term=1, succeeded=true, lastLogIndex=62} from 2
02:47:46.630 [raft-server-1-state] TRACE i.a.p.raft.impl.RaftServiceManager - RaftServer{1} - Applying Indexed{index=61, entry=CommandEntry{term=1, timestamp=2018-06-09 02:47:46,241, session=2, sequence=55, operation=PrimitiveOperation{id=DefaultOperationId{id=write, type=COMMAND}, value=byte[]{length=17, hash=-1644578928}}}}
02:47:46.630 [raft-server-1-state] TRACE i.a.p.s.impl.DefaultServiceExecutor - PrimitiveService{2}{type=io.atomix.protocols.raft.RaftTest$TestPrimitiveType@35843ad0, name=raft-test} - Executing DefaultCommit{index=61, session=RaftSession{RaftServiceContext{server=1, type=io.atomix.protocols.raft.RaftTest$TestPrimitiveType@35843ad0, name=raft-test, id=2}, session=2, timestamp=2018-06-09 02:47:46,241}, time=2018-06-09 02:47:46,241, operation=DefaultOperationId{id=write, type=COMMAND}, value=byte[]{length=17, hash=-1644578928}}
02:47:46.630 [raft-server-1-state] TRACE i.a.protocols.raft.roles.LeaderRole - RaftServer{1}{role=LEADER} - Sending CommandResponse{status=OK, index=61, eventIndex=2, result=byte[]{length=2, hash=1362}}
02:47:46.630 [raft-client-613ce1dd-77b1-4b52-a0bf-d277cef86e4f-6] TRACE i.a.p.r.p.impl.RaftProxyConnection - SessionClient{2}{type=io.atomix.protocols.raft.RaftTest$TestPrimitiveType@35bfa1bb, name=raft-test} - Received CommandResponse{status=OK, index=61, eventIndex=2, result=byte[]{length=2, hash=1362}} from 1
02:47:46.630 [raft-server-1-state] TRACE i.a.p.raft.impl.RaftServiceManager - RaftServer{1} - Applying Indexed{index=62, entry=KeepAliveEntry{term=1, timestamp=2018-06-09 02:47:46,403, sessionIds=long[]{length=1, hash=33}, commandSequences=long[]{length=1, hash=84}, eventIndexes=long[]{length=1, hash=33}}}
02:47:46.630 [raft-client-613ce1dd-77b1-4b52-a0bf-d277cef86e4f-6] TRACE i.a.p.r.p.impl.RaftProxySequencer - SessionClient{2}{type=io.atomix.protocols.raft.RaftTest$TestPrimitiveType@35bfa1bb, name=raft-test} - Completing response CommandResponse{status=OK, index=61, eventIndex=2, result=byte[]{length=2, hash=1362}}
02:47:46.631 [raft-server-1] TRACE i.a.protocols.raft.roles.LeaderRole - RaftServer{1}{role=LEADER} - Sending KeepAliveResponse{status=OK, leader=1, members=[1, 3, 2], sessionIds=long[]{length=1, hash=33}}
02:47:46.631 [raft-server-3] TRACE i.a.p.raft.roles.FollowerRole - RaftServer{3}{role=FOLLOWER} - Sending KeepAliveResponse{status=OK, leader=1, members=[1, 3, 2], sessionIds=long[]{length=1, hash=33}}
02:47:46.631 [raft-client-613ce1dd-77b1-4b52-a0bf-d277cef86e4f-4] TRACE i.a.p.r.p.impl.RaftProxyConnection - SessionClient{2}{type=io.atomix.protocols.raft.RaftTest$TestPrimitiveType@35bfa1bb, name=raft-test} - Sending CommandRequest{session=2, sequence=56, operation=PrimitiveOperation{id=DefaultOperationId{id=write, type=COMMAND}, value=byte[]{length=17, hash=-1644578928}}} to 1
02:47:46.631 [raft-client-613ce1dd-77b1-4b52-a0bf-d277cef86e4f-5] TRACE i.a.p.r.p.impl.RaftProxyConnection - RaftClient{613ce1dd-77b1-4b52-a0bf-d277cef86e4f} - Received KeepAliveResponse{status=OK, leader=1, members=[1, 3, 2], sessionIds=long[]{length=1, hash=33}} from 3
02:47:46.631 [raft-server-1] TRACE i.a.protocols.raft.roles.LeaderRole - RaftServer{1}{role=LEADER} - Received CommandRequest{session=2, sequence=56, operation=PrimitiveOperation{id=DefaultOperationId{id=write, type=COMMAND}, value=byte[]{length=17, hash=-1644578928}}}
02:47:46.631 [raft-server-1] TRACE i.a.protocols.raft.roles.LeaderRole - RaftServer{1}{role=LEADER} - Appended Indexed{index=63, entry=CommandEntry{term=1, timestamp=2018-06-09 02:47:46,631, session=2, sequence=56, operation=PrimitiveOperation{id=DefaultOperationId{id=write, type=COMMAND}, value=byte[]{length=17, hash=-1644578928}}}}
02:47:46.631 [raft-server-1] TRACE i.a.p.raft.roles.LeaderAppender - RaftServer{1} - Sending AppendRequest{term=1, leader=1, prevLogIndex=62, prevLogTerm=1, entries=1, commitIndex=62} to 3
02:47:46.631 [raft-server-3] TRACE i.a.p.raft.roles.FollowerRole - RaftServer{3}{role=FOLLOWER} - Received AppendRequest{term=1, leader=1, prevLogIndex=62, prevLogTerm=1, entries=1, commitIndex=62}
02:47:46.631 [raft-server-1] TRACE i.a.p.raft.roles.LeaderAppender - RaftServer{1} - Sending AppendRequest{term=1, leader=1, prevLogIndex=62, prevLogTerm=1, entries=1, commitIndex=62} to 2
02:47:46.631 [raft-server-2] TRACE i.a.p.raft.roles.FollowerRole - RaftServer{2}{role=FOLLOWER} - Received AppendRequest{term=1, leader=1, prevLogIndex=62, prevLogTerm=1, entries=1, commitIndex=62}
02:47:46.631 [raft-server-3] TRACE i.a.p.raft.roles.FollowerRole - RaftServer{3}{role=FOLLOWER} - Appended Indexed{index=63, entry=CommandEntry{term=1, timestamp=2018-06-09 02:47:46,631, session=2, sequence=56, operation=PrimitiveOperation{id=DefaultOperationId{id=write, type=COMMAND}, value=byte[]{length=17, hash=-1644578928}}}}
02:47:46.632 [raft-server-2] TRACE i.a.p.raft.roles.FollowerRole - RaftServer{2}{role=FOLLOWER} - Appended Indexed{index=63, entry=CommandEntry{term=1, timestamp=2018-06-09 02:47:46,631, session=2, sequence=56, operation=PrimitiveOperation{id=DefaultOperationId{id=write, type=COMMAND}, value=byte[]{length=17, hash=-1644578928}}}}
02:47:46.676 [raft-server-3] TRACE i.a.p.raft.roles.FollowerRole - RaftServer{3}{role=FOLLOWER} - Committed entries up to index 62
02:47:46.676 [raft-server-2] TRACE i.a.p.raft.roles.FollowerRole - RaftServer{2}{role=FOLLOWER} - Committed entries up to index 62
02:47:46.677 [raft-server-3] TRACE i.a.p.raft.roles.FollowerRole - RaftServer{3}{role=FOLLOWER} - Sending AppendResponse{status=OK, term=1, succeeded=true, lastLogIndex=63}
02:47:46.677 [raft-server-2] TRACE i.a.p.raft.roles.FollowerRole - RaftServer{2}{role=FOLLOWER} - Sending AppendResponse{status=OK, term=1, succeeded=true, lastLogIndex=63}
02:47:46.677 [raft-server-1] TRACE i.a.p.raft.roles.LeaderAppender - RaftServer{1} - Received AppendResponse{status=OK, term=1, succeeded=true, lastLogIndex=63} from 3
02:47:46.677 [raft-server-1] TRACE i.a.p.raft.roles.LeaderAppender - RaftServer{1} - Committed entries up to 63
02:47:46.677 [raft-server-2] DEBUG i.a.p.raft.impl.RaftServiceManager - RaftServer{2} - Snapshotting services
02:47:46.677 [raft-server-3-state] TRACE i.a.p.raft.impl.RaftServiceManager - RaftServer{3} - Applying Indexed{index=61, entry=CommandEntry{term=1, timestamp=2018-06-09 02:47:46,241, session=2, sequence=55, operation=PrimitiveOperation{id=DefaultOperationId{id=write, type=COMMAND}, value=byte[]{length=17, hash=-1644578928}}}}
02:47:46.677 [raft-server-2-state] DEBUG i.a.p.r.s.snapshot.SnapshotStore - Created memory snapshot: MemorySnapshot{index=60}
02:47:46.678 [raft-server-3-state] TRACE i.a.p.s.impl.DefaultServiceExecutor - PrimitiveService{2}{type=io.atomix.protocols.raft.RaftTest$TestPrimitiveType@260d6206, name=raft-test} - Executing DefaultCommit{index=61, session=RaftSession{RaftServiceContext{server=3, type=io.atomix.protocols.raft.RaftTest$TestPrimitiveType@260d6206, name=raft-test, id=2}, session=2, timestamp=2018-06-09 02:47:46,241}, time=2018-06-09 02:47:46,241, operation=DefaultOperationId{id=write, type=COMMAND}, value=byte[]{length=17, hash=-1644578928}}
02:47:46.678 [raft-server-2-state] TRACE i.a.utils.serializer.KryoNamespace - Creating Kryo instance for KryoNamespace{registeredBlocks=[RegistrationBlock{begin=16, types=[([Ljava.lang.Class;@6b321262,null), ([Ljava.lang.Class;@68b11545,null), ([Ljava.lang.Class;@7d0100ea,null), ([Ljava.lang.Class;@357bc488,null), ([Ljava.lang.Class;@4ea17147,io.atomix.utils.serializer.serializers.ImmutableListSerializer@2eda4eeb), ([Ljava.lang.Class;@5ba90d8a,io.atomix.utils.serializer.serializers.ImmutableSetSerializer@309dcdf3), ([Ljava.lang.Class;@7573b9ee,io.atomix.utils.serializer.serializers.ImmutableMapSerializer@9a20cbd), ([Ljava.lang.Class;@1af4955e,null), ([Ljava.lang.Class;@445821a6,null), ([Ljava.lang.Class;@2c0c4c0a,null), ([Ljava.lang.Class;@35d26ad2,null), ([Ljava.lang.Class;@bb25753,null), ([Ljava.lang.Class;@ee21292,null), ([Ljava.lang.Class;@40c06358,null), ([Ljava.lang.Class;@66e21568,null), ([Ljava.lang.Class;@7f73ce28,null), ([Ljava.lang.Class;@611b35d6,null), ([Ljava.lang.Class;@2282400e,null), ([Ljava.lang.Class;@543d5863,null), ([Ljava.lang.Class;@35dece42,null), ([Ljava.lang.Class;@dd3f8aa,io.atomix.utils.serializer.serializers.ArraysAsListSerializer@3d615b2e), ([Ljava.lang.Class;@3a1f2a1,null), ([Ljava.lang.Class;@40ce9049,null), ([Ljava.lang.Class;@52ca2652,null), ([Ljava.lang.Class;@65c5bf0e,null), ([Ljava.lang.Class;@697d6ded,null), ([Ljava.lang.Class;@5d05f453,null), ([Ljava.lang.Class;@5efeb117,null), ([Ljava.lang.Class;@160b4809,null), ([Ljava.lang.Class;@149b4d20,null), ([Ljava.lang.Class;@664e848c,null), ([Ljava.lang.Class;@4d93f75b,null), ([Ljava.lang.Class;@114a5e0,null), ([Ljava.lang.Class;@4f281aaf,null), ([Ljava.lang.Class;@5d508d22,null), ([Ljava.lang.Class;@f2b90fc,null)]}, RegistrationBlock{begin=52, types=[([Ljava.lang.Class;@3bd52cf,null)]}]}
02:47:46.678 [raft-server-3-state] TRACE i.a.p.raft.impl.RaftServiceManager - RaftServer{3} - Applying Indexed{index=62, entry=KeepAliveEntry{term=1, timestamp=2018-06-09 02:47:46,403, sessionIds=long[]{length=1, hash=33}, commandSequences=long[]{length=1, hash=84}, eventIndexes=long[]{length=1, hash=33}}}
02:47:46.678 [raft-server-2-state] TRACE i.a.utils.serializer.KryoNamespace - class [B registered as 16
02:47:46.678 [raft-server-2-state] TRACE i.a.utils.serializer.KryoNamespace - class java.util.concurrent.atomic.AtomicBoolean registered as 17
02:47:46.678 [raft-server-2-state] TRACE i.a.utils.serializer.KryoNamespace - class java.util.concurrent.atomic.AtomicInteger registered as 18
02:47:46.678 [raft-server-2-state] TRACE i.a.utils.serializer.KryoNamespace - class java.util.concurrent.atomic.AtomicLong registered as 19
02:47:46.678 [raft-server-2-state] TRACE i.a.utils.serializer.KryoNamespace - class com.google.common.collect.ImmutableList registered as 20
02:47:46.678 [raft-server-2-state] TRACE i.a.utils.serializer.KryoNamespace - class com.google.common.collect.RegularImmutableList registered as 20
02:47:46.678 [raft-server-2-state] TRACE i.a.utils.serializer.KryoNamespace - class com.google.common.collect.RegularImmutableList registered as 20
02:47:46.678 [raft-server-2-state] TRACE i.a.utils.serializer.KryoNamespace - class com.google.common.collect.ImmutableList$SubList registered as 20
02:47:46.678 [raft-server-2-state] TRACE i.a.utils.serializer.KryoNamespace - class com.google.common.collect.ImmutableSet registered as 21
02:47:46.678 [raft-server-2-state] TRACE i.a.utils.serializer.KryoNamespace - class com.google.common.collect.RegularImmutableSet registered as 21
02:47:46.678 [raft-server-2-state] TRACE i.a.utils.serializer.KryoNamespace - class com.google.common.collect.SingletonImmutableSet registered as 21
02:47:46.678 [raft-server-2-state] TRACE i.a.utils.serializer.KryoNamespace - class com.google.common.collect.RegularImmutableSet registered as 21
02:47:46.678 [raft-server-2-state] TRACE i.a.utils.serializer.KryoNamespace - class com.google.common.collect.ImmutableMap registered as 22
02:47:46.678 [raft-server-2-state] TRACE i.a.utils.serializer.KryoNamespace - class com.google.common.collect.RegularImmutableMap registered as 22
02:47:46.678 [raft-server-2-state] TRACE i.a.utils.serializer.KryoNamespace - class com.google.common.collect.RegularImmutableMap registered as 22
02:47:46.678 [raft-server-2-state] TRACE i.a.utils.serializer.KryoNamespace - class com.google.common.collect.RegularImmutableMap registered as 22
02:47:46.678 [raft-server-2-state] TRACE i.a.utils.serializer.KryoNamespace - class java.util.Collections$UnmodifiableSet registered as 23
02:47:46.679 [raft-server-2-state] TRACE i.a.utils.serializer.KryoNamespace - class java.util.HashMap registered as 24
02:47:46.679 [raft-server-2-state] TRACE i.a.utils.serializer.KryoNamespace - class java.util.concurrent.ConcurrentHashMap registered as 25
02:47:46.679 [raft-server-2-state] TRACE i.a.utils.serializer.KryoNamespace - class java.util.concurrent.CopyOnWriteArraySet registered as 26
02:47:46.679 [raft-server-2-state] TRACE i.a.utils.serializer.KryoNamespace - class java.util.ArrayList registered as 27
02:47:46.679 [raft-server-2-state] TRACE i.a.utils.serializer.KryoNamespace - class java.util.LinkedList registered as 28
02:47:46.679 [raft-server-2-state] TRACE i.a.utils.serializer.KryoNamespace - class java.util.HashSet registered as 29
02:47:46.679 [raft-server-2-state] TRACE i.a.utils.serializer.KryoNamespace - class java.util.LinkedHashSet registered as 30
02:47:46.679 [raft-server-2-state] TRACE i.a.utils.serializer.KryoNamespace - class com.sun.jmx.remote.internal.ArrayQueue registered as 31
02:47:46.679 [raft-server-2-state] TRACE i.a.utils.serializer.KryoNamespace - class java.util.ArrayDeque registered as 32
02:47:46.679 [raft-server-2-state] TRACE i.a.utils.serializer.KryoNamespace - class com.google.common.collect.HashMultiset registered as 33
02:47:46.679 [raft-server-2-state] TRACE i.a.utils.serializer.KryoNamespace - class com.google.common.collect.Sets registered as 34
02:47:46.679 [raft-server-2-state] TRACE i.a.utils.serializer.KryoNamespace - class com.google.common.collect.ImmutableEntry registered as 35
02:47:46.679 [raft-server-2-state] TRACE i.a.utils.serializer.KryoNamespace - class java.util.Arrays$ArrayList registered as 36
02:47:46.679 [raft-server-2-state] TRACE i.a.utils.serializer.KryoNamespace - class java.util.Collections$SingletonList registered as 37
02:47:46.679 [raft-server-2-state] TRACE i.a.utils.serializer.KryoNamespace - class java.time.Duration registered as 38
02:47:46.679 [raft-server-2-state] TRACE i.a.utils.serializer.KryoNamespace - class java.util.Collections$EmptySet registered as 39
02:47:46.679 [raft-server-2-state] TRACE i.a.utils.serializer.KryoNamespace - class java.util.Optional registered as 40
02:47:46.679 [raft-server-2-state] TRACE i.a.utils.serializer.KryoNamespace - class java.util.Collections$EmptyList registered as 41
02:47:46.679 [raft-server-2-state] TRACE i.a.utils.serializer.KryoNamespace - class java.util.Collections$SingletonSet registered as 42
02:47:46.679 [raft-server-2-state] TRACE i.a.utils.serializer.KryoNamespace - class [I registered as 43
02:47:46.679 [raft-server-2-state] TRACE i.a.utils.serializer.KryoNamespace - class [J registered as 44
02:47:46.680 [raft-server-2-state] TRACE i.a.utils.serializer.KryoNamespace - class [S registered as 45
02:47:46.680 [raft-server-2-state] TRACE i.a.utils.serializer.KryoNamespace - class [D registered as 46
02:47:46.680 [raft-server-2-state] TRACE i.a.utils.serializer.KryoNamespace - class [F registered as 47
02:47:46.680 [raft-server-2-state] TRACE i.a.utils.serializer.KryoNamespace - class [C registered as 48
02:47:46.680 [raft-server-2-state] TRACE i.a.utils.serializer.KryoNamespace - class [Ljava.lang.String; registered as 49
02:47:46.680 [raft-server-2-state] TRACE i.a.utils.serializer.KryoNamespace - class [Z registered as 50
02:47:46.680 [raft-server-2-state] TRACE i.a.utils.serializer.KryoNamespace - class [Ljava.lang.Object; registered as 51
02:47:46.680 [raft-server-2-state] TRACE i.a.utils.serializer.KryoNamespace - class io.atomix.primitive.service.ServiceConfig registered as 52
02:47:46.680 [raft-server-2-state] DEBUG i.a.p.r.service.RaftServiceContext - PrimitiveService{2}{type=io.atomix.protocols.raft.RaftTest$TestPrimitiveType@8dc7f31, name=raft-test} - Taking snapshot 60
02:47:46.680 [raft-server-2-state] TRACE i.a.utils.serializer.KryoNamespace - Creating Kryo instance for KryoNamespace{registeredBlocks=[RegistrationBlock{begin=16, types=[([Ljava.lang.Class;@6b321262,null), ([Ljava.lang.Class;@68b11545,null), ([Ljava.lang.Class;@7d0100ea,null), ([Ljava.lang.Class;@357bc488,null), ([Ljava.lang.Class;@4ea17147,io.atomix.utils.serializer.serializers.ImmutableListSerializer@2eda4eeb), ([Ljava.lang.Class;@5ba90d8a,io.atomix.utils.serializer.serializers.ImmutableSetSerializer@309dcdf3), ([Ljava.lang.Class;@7573b9ee,io.atomix.utils.serializer.serializers.ImmutableMapSerializer@9a20cbd), ([Ljava.lang.Class;@1af4955e,null), ([Ljava.lang.Class;@445821a6,null), ([Ljava.lang.Class;@2c0c4c0a,null), ([Ljava.lang.Class;@35d26ad2,null), ([Ljava.lang.Class;@bb25753,null), ([Ljava.lang.Class;@ee21292,null), ([Ljava.lang.Class;@40c06358,null), ([Ljava.lang.Class;@66e21568,null), ([Ljava.lang.Class;@7f73ce28,null), ([Ljava.lang.Class;@611b35d6,null), ([Ljava.lang.Class;@2282400e,null), ([Ljava.lang.Class;@543d5863,null), ([Ljava.lang.Class;@35dece42,null), ([Ljava.lang.Class;@dd3f8aa,io.atomix.utils.serializer.serializers.ArraysAsListSerializer@3d615b2e), ([Ljava.lang.Class;@3a1f2a1,null), ([Ljava.lang.Class;@40ce9049,null), ([Ljava.lang.Class;@52ca2652,null), ([Ljava.lang.Class;@65c5bf0e,null), ([Ljava.lang.Class;@697d6ded,null), ([Ljava.lang.Class;@5d05f453,null), ([Ljava.lang.Class;@5efeb117,null), ([Ljava.lang.Class;@160b4809,null), ([Ljava.lang.Class;@149b4d20,null), ([Ljava.lang.Class;@664e848c,null), ([Ljava.lang.Class;@4d93f75b,null), ([Ljava.lang.Class;@114a5e0,null), ([Ljava.lang.Class;@4f281aaf,null), ([Ljava.lang.Class;@5d508d22,null), ([Ljava.lang.Class;@f2b90fc,null)]}, RegistrationBlock{begin=52, types=[([Ljava.lang.Class;@3a0a39b8,null)]}]}
02:47:46.680 [raft-server-2-state] TRACE i.a.utils.serializer.KryoNamespace - class [B registered as 16
02:47:46.680 [raft-server-2-state] TRACE i.a.utils.serializer.KryoNamespace - class java.util.concurrent.atomic.AtomicBoolean registered as 17
02:47:46.680 [raft-server-2-state] TRACE i.a.utils.serializer.KryoNamespace - class java.util.concurrent.atomic.AtomicInteger registered as 18
02:47:46.680 [raft-server-2-state] TRACE i.a.utils.serializer.KryoNamespace - class java.util.concurrent.atomic.AtomicLong registered as 19
02:47:46.680 [raft-server-2-state] TRACE i.a.utils.serializer.KryoNamespace - class com.google.common.collect.ImmutableList registered as 20
02:47:46.680 [raft-server-2-state] TRACE i.a.utils.serializer.KryoNamespace - class com.google.common.collect.RegularImmutableList registered as 20
02:47:46.681 [raft-server-2-state] TRACE i.a.utils.serializer.KryoNamespace - class com.google.common.collect.RegularImmutableList registered as 20
02:47:46.681 [raft-server-2-state] TRACE i.a.utils.serializer.KryoNamespace - class com.google.common.collect.ImmutableList$SubList registered as 20
02:47:46.681 [raft-server-2-state] TRACE i.a.utils.serializer.KryoNamespace - class com.google.common.collect.ImmutableSet registered as 21
02:47:46.681 [raft-server-2-state] TRACE i.a.utils.serializer.KryoNamespace - class com.google.common.collect.RegularImmutableSet registered as 21
02:47:46.681 [raft-server-2-state] TRACE i.a.utils.serializer.KryoNamespace - class com.google.common.collect.SingletonImmutableSet registered as 21
02:47:46.681 [raft-server-2-state] TRACE i.a.utils.serializer.KryoNamespace - class com.google.common.collect.RegularImmutableSet registered as 21
02:47:46.681 [raft-server-2-state] TRACE i.a.utils.serializer.KryoNamespace - class com.google.common.collect.ImmutableMap registered as 22
02:47:46.681 [raft-server-2-state] TRACE i.a.utils.serializer.KryoNamespace - class com.google.common.collect.RegularImmutableMap registered as 22
02:47:46.681 [raft-server-2-state] TRACE i.a.utils.serializer.KryoNamespace - class com.google.common.collect.RegularImmutableMap registered as 22
02:47:46.681 [raft-server-2-state] TRACE i.a.utils.serializer.KryoNamespace - class com.google.common.collect.RegularImmutableMap registered as 22
02:47:46.681 [raft-server-2-state] TRACE i.a.utils.serializer.KryoNamespace - class java.util.Collections$UnmodifiableSet registered as 23
02:47:46.681 [raft-server-2-state] TRACE i.a.utils.serializer.KryoNamespace - class java.util.HashMap registered as 24
02:47:46.681 [raft-server-2-state] TRACE i.a.utils.serializer.KryoNamespace - class java.util.concurrent.ConcurrentHashMap registered as 25
02:47:46.681 [raft-server-2-state] TRACE i.a.utils.serializer.KryoNamespace - class java.util.concurrent.CopyOnWriteArraySet registered as 26
02:47:46.681 [raft-server-2-state] TRACE i.a.utils.serializer.KryoNamespace - class java.util.ArrayList registered as 27
02:47:46.681 [raft-server-2-state] TRACE i.a.utils.serializer.KryoNamespace - class java.util.LinkedList registered as 28
02:47:46.681 [raft-server-2-state] TRACE i.a.utils.serializer.KryoNamespace - class java.util.HashSet registered as 29
02:47:46.681 [raft-server-2-state] TRACE i.a.utils.serializer.KryoNamespace - class java.util.LinkedHashSet registered as 30
02:47:46.681 [raft-server-2-state] TRACE i.a.utils.serializer.KryoNamespace - class com.sun.jmx.remote.internal.ArrayQueue registered as 31
02:47:46.681 [raft-server-2-state] TRACE i.a.utils.serializer.KryoNamespace - class java.util.ArrayDeque registered as 32
02:47:46.681 [raft-server-2-state] TRACE i.a.utils.serializer.KryoNamespace - class com.google.common.collect.HashMultiset registered as 33
02:47:46.681 [raft-server-2-state] TRACE i.a.utils.serializer.KryoNamespace - class com.google.common.collect.Sets registered as 34
02:47:46.681 [raft-server-2-state] TRACE i.a.utils.serializer.KryoNamespace - class com.google.common.collect.ImmutableEntry registered as 35
02:47:46.681 [raft-server-2-state] TRACE i.a.utils.serializer.KryoNamespace - class java.util.Arrays$ArrayList registered as 36
02:47:46.681 [raft-server-2-state] TRACE i.a.utils.serializer.KryoNamespace - class java.util.Collections$SingletonList registered as 37
02:47:46.681 [raft-server-2-state] TRACE i.a.utils.serializer.KryoNamespace - class java.time.Duration registered as 38
02:47:46.681 [raft-server-2-state] TRACE i.a.utils.serializer.KryoNamespace - class java.util.Collections$EmptySet registered as 39
02:47:46.681 [raft-server-2-state] TRACE i.a.utils.serializer.KryoNamespace - class java.util.Optional registered as 40
02:47:46.681 [raft-server-2-state] TRACE i.a.utils.serializer.KryoNamespace - class java.util.Collections$EmptyList registered as 41
02:47:46.682 [raft-server-2-state] TRACE i.a.utils.serializer.KryoNamespace - class java.util.Collections$SingletonSet registered as 42
02:47:46.682 [raft-server-2-state] TRACE i.a.utils.serializer.KryoNamespace - class [I registered as 43
02:47:46.682 [raft-server-2-state] TRACE i.a.utils.serializer.KryoNamespace - class [J registered as 44
02:47:46.682 [raft-server-2-state] TRACE i.a.utils.serializer.KryoNamespace - class [S registered as 45
02:47:46.682 [raft-server-2-state] TRACE i.a.utils.serializer.KryoNamespace - class [D registered as 46
02:47:46.682 [raft-server-2-state] TRACE i.a.utils.serializer.KryoNamespace - class [F registered as 47
02:47:46.682 [raft-server-2-state] TRACE i.a.utils.serializer.KryoNamespace - class [C registered as 48
02:47:46.682 [raft-server-2-state] TRACE i.a.utils.serializer.KryoNamespace - class [Ljava.lang.String; registered as 49
02:47:46.682 [raft-server-2-state] TRACE i.a.utils.serializer.KryoNamespace - class [Z registered as 50
02:47:46.682 [raft-server-2-state] TRACE i.a.utils.serializer.KryoNamespace - class [Ljava.lang.Object; registered as 51
02:47:46.682 [raft-server-2-state] TRACE i.a.utils.serializer.KryoNamespace - class io.atomix.primitive.service.ServiceConfig registered as 52
02:47:46.682 [raft-server-2-compaction] DEBUG i.a.p.r.s.snapshot.SnapshotStore - Created disk snapshot: FileSnapshot{index=60}
02:47:46.683 [raft-server-2-state] TRACE i.a.p.raft.impl.RaftServiceManager - RaftServer{2} - Applying Indexed{index=61, entry=CommandEntry{term=1, timestamp=2018-06-09 02:47:46,241, session=2, sequence=55, operation=PrimitiveOperation{id=DefaultOperationId{id=write, type=COMMAND}, value=byte[]{length=17, hash=-1644578928}}}}
02:47:46.683 [raft-server-2-state] TRACE i.a.p.s.impl.DefaultServiceExecutor - PrimitiveService{2}{type=io.atomix.protocols.raft.RaftTest$TestPrimitiveType@8dc7f31, name=raft-test} - Executing DefaultCommit{index=61, session=RaftSession{RaftServiceContext{server=2, type=io.atomix.protocols.raft.RaftTest$TestPrimitiveType@8dc7f31, name=raft-test, id=2}, session=2, timestamp=2018-06-09 02:47:46,241}, time=2018-06-09 02:47:46,241, operation=DefaultOperationId{id=write, type=COMMAND}, value=byte[]{length=17, hash=-1644578928}}
02:47:46.683 [raft-server-2-state] TRACE i.a.p.raft.impl.RaftServiceManager - RaftServer{2} - Applying Indexed{index=62, entry=KeepAliveEntry{term=1, timestamp=2018-06-09 02:47:46,403, sessionIds=long[]{length=1, hash=33}, commandSequences=long[]{length=1, hash=84}, eventIndexes=long[]{length=1, hash=33}}}
02:47:46.721 [raft-server-1] TRACE i.a.p.raft.roles.LeaderAppender - RaftServer{1} - Received AppendResponse{status=OK, term=1, succeeded=true, lastLogIndex=63} from 2
02:47:46.721 [raft-server-1-state] TRACE i.a.p.raft.impl.RaftServiceManager - RaftServer{1} - Applying Indexed{index=63, entry=CommandEntry{term=1, timestamp=2018-06-09 02:47:46,631, session=2, sequence=56, operation=PrimitiveOperation{id=DefaultOperationId{id=write, type=COMMAND}, value=byte[]{length=17, hash=-1644578928}}}}
02:47:46.721 [raft-server-1-state] TRACE i.a.p.s.impl.DefaultServiceExecutor - PrimitiveService{2}{type=io.atomix.protocols.raft.RaftTest$TestPrimitiveType@35843ad0, name=raft-test} - Executing DefaultCommit{index=63, session=RaftSession{RaftServiceContext{server=1, type=io.atomix.protocols.raft.RaftTest$TestPrimitiveType@35843ad0, name=raft-test, id=2}, session=2, timestamp=2018-06-09 02:47:46,631}, time=2018-06-09 02:47:46,631, operation=DefaultOperationId{id=write, type=COMMAND}, value=byte[]{length=17, hash=-1644578928}}
02:47:46.722 [raft-server-1-state] TRACE i.a.protocols.raft.roles.LeaderRole - RaftServer{1}{role=LEADER} - Sending CommandResponse{status=OK, index=63, eventIndex=2, result=byte[]{length=2, hash=1366}}
02:47:46.722 [raft-client-613ce1dd-77b1-4b52-a0bf-d277cef86e4f-3] TRACE i.a.p.r.p.impl.RaftProxyConnection - SessionClient{2}{type=io.atomix.protocols.raft.RaftTest$TestPrimitiveType@35bfa1bb, name=raft-test} - Received CommandResponse{status=OK, index=63, eventIndex=2, result=byte[]{length=2, hash=1366}} from 1
02:47:46.722 [raft-client-613ce1dd-77b1-4b52-a0bf-d277cef86e4f-3] TRACE i.a.p.r.p.impl.RaftProxySequencer - SessionClient{2}{type=io.atomix.protocols.raft.RaftTest$TestPrimitiveType@35bfa1bb, name=raft-test} - Completing response CommandResponse{status=OK, index=63, eventIndex=2, result=byte[]{length=2, hash=1366}}
02:47:46.722 [raft-client-613ce1dd-77b1-4b52-a0bf-d277cef86e4f-6] TRACE i.a.p.r.p.impl.RaftProxyConnection - SessionClient{2}{type=io.atomix.protocols.raft.RaftTest$TestPrimitiveType@35bfa1bb, name=raft-test} - Sending CommandRequest{session=2, sequence=57, operation=PrimitiveOperation{id=DefaultOperationId{id=write, type=COMMAND}, value=byte[]{length=17, hash=-1644578928}}} to 1
02:47:46.722 [raft-server-1] TRACE i.a.protocols.raft.roles.LeaderRole - RaftServer{1}{role=LEADER} - Received CommandRequest{session=2, sequence=57, operation=PrimitiveOperation{id=DefaultOperationId{id=write, type=COMMAND}, value=byte[]{length=17, hash=-1644578928}}}
02:47:46.722 [raft-server-1] TRACE i.a.protocols.raft.roles.LeaderRole - RaftServer{1}{role=LEADER} - Appended Indexed{index=64, entry=CommandEntry{term=1, timestamp=2018-06-09 02:47:46,722, session=2, sequence=57, operation=PrimitiveOperation{id=DefaultOperationId{id=write, type=COMMAND}, value=byte[]{length=17, hash=-1644578928}}}}
02:47:46.723 [raft-server-1] TRACE i.a.p.raft.roles.LeaderAppender - RaftServer{1} - Sending AppendRequest{term=1, leader=1, prevLogIndex=63, prevLogTerm=1, entries=1, commitIndex=63} to 3
02:47:46.723 [raft-server-3] TRACE i.a.p.raft.roles.FollowerRole - RaftServer{3}{role=FOLLOWER} - Received AppendRequest{term=1, leader=1, prevLogIndex=63, prevLogTerm=1, entries=1, commitIndex=63}
02:47:46.723 [raft-server-1] TRACE i.a.p.raft.roles.LeaderAppender - RaftServer{1} - Sending AppendRequest{term=1, leader=1, prevLogIndex=63, prevLogTerm=1, entries=1, commitIndex=63} to 2
02:47:46.723 [raft-server-2] TRACE i.a.p.raft.roles.FollowerRole - RaftServer{2}{role=FOLLOWER} - Received AppendRequest{term=1, leader=1, prevLogIndex=63, prevLogTerm=1, entries=1, commitIndex=63}
02:47:46.723 [raft-server-3] TRACE i.a.p.raft.roles.FollowerRole - RaftServer{3}{role=FOLLOWER} - Appended Indexed{index=64, entry=CommandEntry{term=1, timestamp=2018-06-09 02:47:46,722, session=2, sequence=57, operation=PrimitiveOperation{id=DefaultOperationId{id=write, type=COMMAND}, value=byte[]{length=17, hash=-1644578928}}}}
02:47:46.723 [raft-server-2] TRACE i.a.p.raft.roles.FollowerRole - RaftServer{2}{role=FOLLOWER} - Appended Indexed{index=64, entry=CommandEntry{term=1, timestamp=2018-06-09 02:47:46,722, session=2, sequence=57, operation=PrimitiveOperation{id=DefaultOperationId{id=write, type=COMMAND}, value=byte[]{length=17, hash=-1644578928}}}}
02:47:46.837 [raft-server-2] TRACE i.a.p.raft.roles.FollowerRole - RaftServer{2}{role=FOLLOWER} - Committed entries up to index 63
02:47:46.837 [raft-server-2] TRACE i.a.p.raft.roles.FollowerRole - RaftServer{2}{role=FOLLOWER} - Sending AppendResponse{status=OK, term=1, succeeded=true, lastLogIndex=64}
02:47:46.838 [raft-server-1] TRACE i.a.p.raft.roles.LeaderAppender - RaftServer{1} - Received AppendResponse{status=OK, term=1, succeeded=true, lastLogIndex=64} from 2
02:47:46.838 [raft-server-1] TRACE i.a.p.raft.roles.LeaderAppender - RaftServer{1} - Committed entries up to 64
02:47:46.838 [raft-server-2-state] TRACE i.a.p.raft.impl.RaftServiceManager - RaftServer{2} - Applying Indexed{index=63, entry=CommandEntry{term=1, timestamp=2018-06-09 02:47:46,631, session=2, sequence=56, operation=PrimitiveOperation{id=DefaultOperationId{id=write, type=COMMAND}, value=byte[]{length=17, hash=-1644578928}}}}
02:47:46.838 [raft-server-3] TRACE i.a.p.raft.roles.FollowerRole - RaftServer{3}{role=FOLLOWER} - Committed entries up to index 63
02:47:46.838 [raft-server-2-state] TRACE i.a.p.s.impl.DefaultServiceExecutor - PrimitiveService{2}{type=io.atomix.protocols.raft.RaftTest$TestPrimitiveType@8dc7f31, name=raft-test} - Executing DefaultCommit{index=63, session=RaftSession{RaftServiceContext{server=2, type=io.atomix.protocols.raft.RaftTest$TestPrimitiveType@8dc7f31, name=raft-test, id=2}, session=2, timestamp=2018-06-09 02:47:46,631}, time=2018-06-09 02:47:46,631, operation=DefaultOperationId{id=write, type=COMMAND}, value=byte[]{length=17, hash=-1644578928}}
02:47:46.838 [raft-server-3] TRACE i.a.p.raft.roles.FollowerRole - RaftServer{3}{role=FOLLOWER} - Sending AppendResponse{status=OK, term=1, succeeded=true, lastLogIndex=64}
02:47:46.838 [raft-server-3-state] TRACE i.a.p.raft.impl.RaftServiceManager - RaftServer{3} - Applying Indexed{index=63, entry=CommandEntry{term=1, timestamp=2018-06-09 02:47:46,631, session=2, sequence=56, operation=PrimitiveOperation{id=DefaultOperationId{id=write, type=COMMAND}, value=byte[]{length=17, hash=-1644578928}}}}
02:47:46.839 [raft-server-3-state] TRACE i.a.p.s.impl.DefaultServiceExecutor - PrimitiveService{2}{type=io.atomix.protocols.raft.RaftTest$TestPrimitiveType@260d6206, name=raft-test} - Executing DefaultCommit{index=63, session=RaftSession{RaftServiceContext{server=3, type=io.atomix.protocols.raft.RaftTest$TestPrimitiveType@260d6206, name=raft-test, id=2}, session=2, timestamp=2018-06-09 02:47:46,631}, time=2018-06-09 02:47:46,631, operation=DefaultOperationId{id=write, type=COMMAND}, value=byte[]{length=17, hash=-1644578928}}
02:47:46.971 [raft-server-1] TRACE i.a.p.raft.roles.LeaderAppender - RaftServer{1} - Sending AppendRequest{term=1, leader=1, prevLogIndex=64, prevLogTerm=1, entries=0, commitIndex=64} to 2
02:47:46.971 [raft-server-2] TRACE i.a.p.raft.roles.FollowerRole - RaftServer{2}{role=FOLLOWER} - Received AppendRequest{term=1, leader=1, prevLogIndex=64, prevLogTerm=1, entries=0, commitIndex=64}
02:47:46.971 [raft-server-1] TRACE i.a.p.raft.roles.LeaderAppender - RaftServer{1} - Received AppendResponse{status=OK, term=1, succeeded=true, lastLogIndex=64} from 3
02:47:46.971 [raft-server-2] TRACE i.a.p.raft.roles.FollowerRole - RaftServer{2}{role=FOLLOWER} - Committed entries up to index 64
02:47:46.971 [raft-server-1] TRACE i.a.p.raft.roles.LeaderAppender - RaftServer{1} - Sending AppendRequest{term=1, leader=1, prevLogIndex=64, prevLogTerm=1, entries=0, commitIndex=64} to 3
02:47:46.971 [raft-server-2] TRACE i.a.p.raft.roles.FollowerRole - RaftServer{2}{role=FOLLOWER} - Sending AppendResponse{status=OK, term=1, succeeded=true, lastLogIndex=64}
02:47:46.972 [raft-server-3] TRACE i.a.p.raft.roles.FollowerRole - RaftServer{3}{role=FOLLOWER} - Received AppendRequest{term=1, leader=1, prevLogIndex=64, prevLogTerm=1, entries=0, commitIndex=64}
02:47:46.972 [raft-server-1-state] TRACE i.a.p.raft.impl.RaftServiceManager - RaftServer{1} - Applying Indexed{index=64, entry=CommandEntry{term=1, timestamp=2018-06-09 02:47:46,722, session=2, sequence=57, operation=PrimitiveOperation{id=DefaultOperationId{id=write, type=COMMAND}, value=byte[]{length=17, hash=-1644578928}}}}
02:47:46.972 [raft-server-2-state] TRACE i.a.p.raft.impl.RaftServiceManager - RaftServer{2} - Applying Indexed{index=64, entry=CommandEntry{term=1, timestamp=2018-06-09 02:47:46,722, session=2, sequence=57, operation=PrimitiveOperation{id=DefaultOperationId{id=write, type=COMMAND}, value=byte[]{length=17, hash=-1644578928}}}}
02:47:46.972 [raft-server-2-state] TRACE i.a.p.s.impl.DefaultServiceExecutor - PrimitiveService{2}{type=io.atomix.protocols.raft.RaftTest$TestPrimitiveType@8dc7f31, name=raft-test} - Executing DefaultCommit{index=64, session=RaftSession{RaftServiceContext{server=2, type=io.atomix.protocols.raft.RaftTest$TestPrimitiveType@8dc7f31, name=raft-test, id=2}, session=2, timestamp=2018-06-09 02:47:46,722}, time=2018-06-09 02:47:46,722, operation=DefaultOperationId{id=write, type=COMMAND}, value=byte[]{length=17, hash=-1644578928}}
02:47:46.972 [raft-server-1-state] TRACE i.a.p.s.impl.DefaultServiceExecutor - PrimitiveService{2}{type=io.atomix.protocols.raft.RaftTest$TestPrimitiveType@35843ad0, name=raft-test} - Executing DefaultCommit{index=64, session=RaftSession{RaftServiceContext{server=1, type=io.atomix.protocols.raft.RaftTest$TestPrimitiveType@35843ad0, name=raft-test, id=2}, session=2, timestamp=2018-06-09 02:47:46,722}, time=2018-06-09 02:47:46,722, operation=DefaultOperationId{id=write, type=COMMAND}, value=byte[]{length=17, hash=-1644578928}}
02:47:46.972 [raft-server-1-state] TRACE i.a.protocols.raft.roles.LeaderRole - RaftServer{1}{role=LEADER} - Sending CommandResponse{status=OK, index=64, eventIndex=2, result=byte[]{length=3, hash=34473}}
02:47:46.972 [raft-client-613ce1dd-77b1-4b52-a0bf-d277cef86e4f-5] TRACE i.a.p.r.p.impl.RaftProxyConnection - SessionClient{2}{type=io.atomix.protocols.raft.RaftTest$TestPrimitiveType@35bfa1bb, name=raft-test} - Received CommandResponse{status=OK, index=64, eventIndex=2, result=byte[]{length=3, hash=34473}} from 1
02:47:46.972 [raft-client-613ce1dd-77b1-4b52-a0bf-d277cef86e4f-5] TRACE i.a.p.r.p.impl.RaftProxySequencer - SessionClient{2}{type=io.atomix.protocols.raft.RaftTest$TestPrimitiveType@35bfa1bb, name=raft-test} - Completing response CommandResponse{status=OK, index=64, eventIndex=2, result=byte[]{length=3, hash=34473}}
02:47:46.972 [raft-server-1] TRACE i.a.p.raft.roles.LeaderAppender - RaftServer{1} - Received AppendResponse{status=OK, term=1, succeeded=true, lastLogIndex=64} from 2
02:47:46.973 [raft-client-613ce1dd-77b1-4b52-a0bf-d277cef86e4f-0] TRACE i.a.p.r.p.impl.RaftProxyConnection - SessionClient{2}{type=io.atomix.protocols.raft.RaftTest$TestPrimitiveType@35bfa1bb, name=raft-test} - Sending CommandRequest{session=2, sequence=58, operation=PrimitiveOperation{id=DefaultOperationId{id=write, type=COMMAND}, value=byte[]{length=17, hash=-1644578928}}} to 1
02:47:46.973 [raft-server-1] TRACE i.a.protocols.raft.roles.LeaderRole - RaftServer{1}{role=LEADER} - Received CommandRequest{session=2, sequence=58, operation=PrimitiveOperation{id=DefaultOperationId{id=write, type=COMMAND}, value=byte[]{length=17, hash=-1644578928}}}
02:47:46.973 [raft-server-1] TRACE i.a.protocols.raft.roles.LeaderRole - RaftServer{1}{role=LEADER} - Appended Indexed{index=65, entry=CommandEntry{term=1, timestamp=2018-06-09 02:47:46,973, session=2, sequence=58, operation=PrimitiveOperation{id=DefaultOperationId{id=write, type=COMMAND}, value=byte[]{length=17, hash=-1644578928}}}}
02:47:46.973 [raft-server-1] TRACE i.a.p.raft.roles.LeaderAppender - RaftServer{1} - Sending AppendRequest{term=1, leader=1, prevLogIndex=64, prevLogTerm=1, entries=1, commitIndex=64} to 2
02:47:46.973 [raft-server-2] TRACE i.a.p.raft.roles.FollowerRole - RaftServer{2}{role=FOLLOWER} - Received AppendRequest{term=1, leader=1, prevLogIndex=64, prevLogTerm=1, entries=1, commitIndex=64}
02:47:46.973 [raft-server-2] TRACE i.a.p.raft.roles.FollowerRole - RaftServer{2}{role=FOLLOWER} - Appended Indexed{index=65, entry=CommandEntry{term=1, timestamp=2018-06-09 02:47:46,973, session=2, sequence=58, operation=PrimitiveOperation{id=DefaultOperationId{id=write, type=COMMAND}, value=byte[]{length=17, hash=-1644578928}}}}
02:47:46.973 [raft-server-2] TRACE i.a.p.raft.roles.FollowerRole - RaftServer{2}{role=FOLLOWER} - Sending AppendResponse{status=OK, term=1, succeeded=true, lastLogIndex=65}
02:47:46.974 [raft-server-1] TRACE i.a.p.raft.roles.LeaderAppender - RaftServer{1} - Received AppendResponse{status=OK, term=1, succeeded=true, lastLogIndex=65} from 2
02:47:46.974 [raft-server-1] TRACE i.a.p.raft.roles.LeaderAppender - RaftServer{1} - Committed entries up to 65
02:47:47.058 [raft-server-3] TRACE i.a.p.raft.roles.FollowerRole - RaftServer{3}{role=FOLLOWER} - Committed entries up to index 64
02:47:47.058 [raft-server-3] TRACE i.a.p.raft.roles.FollowerRole - RaftServer{3}{role=FOLLOWER} - Sending AppendResponse{status=OK, term=1, succeeded=true, lastLogIndex=64}
02:47:47.058 [raft-server-3-state] TRACE i.a.p.raft.impl.RaftServiceManager - RaftServer{3} - Applying Indexed{index=64, entry=CommandEntry{term=1, timestamp=2018-06-09 02:47:46,722, session=2, sequence=57, operation=PrimitiveOperation{id=DefaultOperationId{id=write, type=COMMAND}, value=byte[]{length=17, hash=-1644578928}}}}
02:47:47.059 [raft-server-3-state] TRACE i.a.p.s.impl.DefaultServiceExecutor - PrimitiveService{2}{type=io.atomix.protocols.raft.RaftTest$TestPrimitiveType@260d6206, name=raft-test} - Executing DefaultCommit{index=64, session=RaftSession{RaftServiceContext{server=3, type=io.atomix.protocols.raft.RaftTest$TestPrimitiveType@260d6206, name=raft-test, id=2}, session=2, timestamp=2018-06-09 02:47:46,722}, time=2018-06-09 02:47:46,722, operation=DefaultOperationId{id=write, type=COMMAND}, value=byte[]{length=17, hash=-1644578928}}
02:47:47.091 [raft-server-3] DEBUG i.a.p.raft.impl.RaftServiceManager - RaftServer{3} - Snapshotting services
02:47:47.091 [raft-server-3-state] DEBUG i.a.p.r.s.snapshot.SnapshotStore - Created memory snapshot: MemorySnapshot{index=64}
02:47:47.091 [raft-server-3-state] TRACE i.a.utils.serializer.KryoNamespace - Creating Kryo instance for KryoNamespace{registeredBlocks=[RegistrationBlock{begin=16, types=[([Ljava.lang.Class;@6b321262,null), ([Ljava.lang.Class;@68b11545,null), ([Ljava.lang.Class;@7d0100ea,null), ([Ljava.lang.Class;@357bc488,null), ([Ljava.lang.Class;@4ea17147,io.atomix.utils.serializer.serializers.ImmutableListSerializer@2eda4eeb), ([Ljava.lang.Class;@5ba90d8a,io.atomix.utils.serializer.serializers.ImmutableSetSerializer@309dcdf3), ([Ljava.lang.Class;@7573b9ee,io.atomix.utils.serializer.serializers.ImmutableMapSerializer@9a20cbd), ([Ljava.lang.Class;@1af4955e,null), ([Ljava.lang.Class;@445821a6,null), ([Ljava.lang.Class;@2c0c4c0a,null), ([Ljava.lang.Class;@35d26ad2,null), ([Ljava.lang.Class;@bb25753,null), ([Ljava.lang.Class;@ee21292,null), ([Ljava.lang.Class;@40c06358,null), ([Ljava.lang.Class;@66e21568,null), ([Ljava.lang.Class;@7f73ce28,null), ([Ljava.lang.Class;@611b35d6,null), ([Ljava.lang.Class;@2282400e,null), ([Ljava.lang.Class;@543d5863,null), ([Ljava.lang.Class;@35dece42,null), ([Ljava.lang.Class;@dd3f8aa,io.atomix.utils.serializer.serializers.ArraysAsListSerializer@3d615b2e), ([Ljava.lang.Class;@3a1f2a1,null), ([Ljava.lang.Class;@40ce9049,null), ([Ljava.lang.Class;@52ca2652,null), ([Ljava.lang.Class;@65c5bf0e,null), ([Ljava.lang.Class;@697d6ded,null), ([Ljava.lang.Class;@5d05f453,null), ([Ljava.lang.Class;@5efeb117,null), ([Ljava.lang.Class;@160b4809,null), ([Ljava.lang.Class;@149b4d20,null), ([Ljava.lang.Class;@664e848c,null), ([Ljava.lang.Class;@4d93f75b,null), ([Ljava.lang.Class;@114a5e0,null), ([Ljava.lang.Class;@4f281aaf,null), ([Ljava.lang.Class;@5d508d22,null), ([Ljava.lang.Class;@f2b90fc,null)]}, RegistrationBlock{begin=52, types=[([Ljava.lang.Class;@bf2c363,null)]}]}
02:47:47.092 [raft-server-3-state] TRACE i.a.utils.serializer.KryoNamespace - class [B registered as 16
02:47:47.092 [raft-server-3-state] TRACE i.a.utils.serializer.KryoNamespace - class java.util.concurrent.atomic.AtomicBoolean registered as 17
02:47:47.092 [raft-server-3-state] TRACE i.a.utils.serializer.KryoNamespace - class java.util.concurrent.atomic.AtomicInteger registered as 18
02:47:47.092 [raft-server-3-state] TRACE i.a.utils.serializer.KryoNamespace - class java.util.concurrent.atomic.AtomicLong registered as 19
02:47:47.092 [raft-server-3-state] TRACE i.a.utils.serializer.KryoNamespace - class com.google.common.collect.ImmutableList registered as 20
02:47:47.092 [raft-server-3-state] TRACE i.a.utils.serializer.KryoNamespace - class com.google.common.collect.RegularImmutableList registered as 20
02:47:47.092 [raft-server-3-state] TRACE i.a.utils.serializer.KryoNamespace - class com.google.common.collect.RegularImmutableList registered as 20
02:47:47.093 [raft-server-3-state] TRACE i.a.utils.serializer.KryoNamespace - class com.google.common.collect.ImmutableList$SubList registered as 20
02:47:47.093 [raft-server-3-state] TRACE i.a.utils.serializer.KryoNamespace - class com.google.common.collect.ImmutableSet registered as 21
02:47:47.093 [raft-server-3-state] TRACE i.a.utils.serializer.KryoNamespace - class com.google.common.collect.RegularImmutableSet registered as 21
02:47:47.093 [raft-server-3-state] TRACE i.a.utils.serializer.KryoNamespace - class com.google.common.collect.SingletonImmutableSet registered as 21
02:47:47.093 [raft-server-3-state] TRACE i.a.utils.serializer.KryoNamespace - class com.google.common.collect.RegularImmutableSet registered as 21
02:47:47.093 [raft-server-3-state] TRACE i.a.utils.serializer.KryoNamespace - class com.google.common.collect.ImmutableMap registered as 22
02:47:47.093 [raft-server-3-state] TRACE i.a.utils.serializer.KryoNamespace - class com.google.common.collect.RegularImmutableMap registered as 22
02:47:47.093 [raft-server-3-state] TRACE i.a.utils.serializer.KryoNamespace - class com.google.common.collect.RegularImmutableMap registered as 22
02:47:47.093 [raft-server-3-state] TRACE i.a.utils.serializer.KryoNamespace - class com.google.common.collect.RegularImmutableMap registered as 22
02:47:47.093 [raft-server-3-state] TRACE i.a.utils.serializer.KryoNamespace - class java.util.Collections$UnmodifiableSet registered as 23
02:47:47.094 [raft-server-3-state] TRACE i.a.utils.serializer.KryoNamespace - class java.util.HashMap registered as 24
02:47:47.094 [raft-server-3-state] TRACE i.a.utils.serializer.KryoNamespace - class java.util.concurrent.ConcurrentHashMap registered as 25
02:47:47.094 [raft-server-3-state] TRACE i.a.utils.serializer.KryoNamespace - class java.util.concurrent.CopyOnWriteArraySet registered as 26
02:47:47.094 [raft-server-3-state] TRACE i.a.utils.serializer.KryoNamespace - class java.util.ArrayList registered as 27
02:47:47.094 [raft-server-3-state] TRACE i.a.utils.serializer.KryoNamespace - class java.util.LinkedList registered as 28
02:47:47.094 [raft-server-3-state] TRACE i.a.utils.serializer.KryoNamespace - class java.util.HashSet registered as 29
02:47:47.094 [raft-server-3-state] TRACE i.a.utils.serializer.KryoNamespace - class java.util.LinkedHashSet registered as 30
02:47:47.094 [raft-server-3-state] TRACE i.a.utils.serializer.KryoNamespace - class com.sun.jmx.remote.internal.ArrayQueue registered as 31
02:47:47.095 [raft-server-3-state] TRACE i.a.utils.serializer.KryoNamespace - class java.util.ArrayDeque registered as 32
02:47:47.095 [raft-server-3-state] TRACE i.a.utils.serializer.KryoNamespace - class com.google.common.collect.HashMultiset registered as 33
02:47:47.095 [raft-server-3-state] TRACE i.a.utils.serializer.KryoNamespace - class com.google.common.collect.Sets registered as 34
02:47:47.095 [raft-server-3-state] TRACE i.a.utils.serializer.KryoNamespace - class com.google.common.collect.ImmutableEntry registered as 35
02:47:47.096 [raft-server-3-state] TRACE i.a.utils.serializer.KryoNamespace - class java.util.Arrays$ArrayList registered as 36
02:47:47.096 [raft-server-3-state] TRACE i.a.utils.serializer.KryoNamespace - class java.util.Collections$SingletonList registered as 37
02:47:47.096 [raft-server-3-state] TRACE i.a.utils.serializer.KryoNamespace - class java.time.Duration registered as 38
02:47:47.096 [raft-server-3-state] TRACE i.a.utils.serializer.KryoNamespace - class java.util.Collections$EmptySet registered as 39
02:47:47.096 [raft-server-3-state] TRACE i.a.utils.serializer.KryoNamespace - class java.util.Optional registered as 40
02:47:47.096 [raft-server-3-state] TRACE i.a.utils.serializer.KryoNamespace - class java.util.Collections$EmptyList registered as 41
02:47:47.096 [raft-server-3-state] TRACE i.a.utils.serializer.KryoNamespace - class java.util.Collections$SingletonSet registered as 42
02:47:47.097 [raft-server-3-state] TRACE i.a.utils.serializer.KryoNamespace - class [I registered as 43
02:47:47.097 [raft-server-3-state] TRACE i.a.utils.serializer.KryoNamespace - class [J registered as 44
02:47:47.097 [raft-server-3-state] TRACE i.a.utils.serializer.KryoNamespace - class [S registered as 45
02:47:47.097 [raft-server-3-state] TRACE i.a.utils.serializer.KryoNamespace - class [D registered as 46
02:47:47.097 [raft-server-3-state] TRACE i.a.utils.serializer.KryoNamespace - class [F registered as 47
02:47:47.097 [raft-server-3-state] TRACE i.a.utils.serializer.KryoNamespace - class [C registered as 48
02:47:47.098 [raft-server-3-state] TRACE i.a.utils.serializer.KryoNamespace - class [Ljava.lang.String; registered as 49
02:47:47.098 [raft-server-3-state] TRACE i.a.utils.serializer.KryoNamespace - class [Z registered as 50
02:47:47.098 [raft-server-3-state] TRACE i.a.utils.serializer.KryoNamespace - class [Ljava.lang.Object; registered as 51
02:47:47.098 [raft-server-3-state] TRACE i.a.utils.serializer.KryoNamespace - class io.atomix.primitive.service.ServiceConfig registered as 52
02:47:47.098 [raft-server-3-state] DEBUG i.a.p.r.service.RaftServiceContext - PrimitiveService{2}{type=io.atomix.protocols.raft.RaftTest$TestPrimitiveType@260d6206, name=raft-test} - Taking snapshot 64
02:47:47.098 [raft-server-3-state] TRACE i.a.utils.serializer.KryoNamespace - Creating Kryo instance for KryoNamespace{registeredBlocks=[RegistrationBlock{begin=16, types=[([Ljava.lang.Class;@6b321262,null), ([Ljava.lang.Class;@68b11545,null), ([Ljava.lang.Class;@7d0100ea,null), ([Ljava.lang.Class;@357bc488,null), ([Ljava.lang.Class;@4ea17147,io.atomix.utils.serializer.serializers.ImmutableListSerializer@2eda4eeb), ([Ljava.lang.Class;@5ba90d8a,io.atomix.utils.serializer.serializers.ImmutableSetSerializer@309dcdf3), ([Ljava.lang.Class;@7573b9ee,io.atomix.utils.serializer.serializers.ImmutableMapSerializer@9a20cbd), ([Ljava.lang.Class;@1af4955e,null), ([Ljava.lang.Class;@445821a6,null), ([Ljava.lang.Class;@2c0c4c0a,null), ([Ljava.lang.Class;@35d26ad2,null), ([Ljava.lang.Class;@bb25753,null), ([Ljava.lang.Class;@ee21292,null), ([Ljava.lang.Class;@40c06358,null), ([Ljava.lang.Class;@66e21568,null), ([Ljava.lang.Class;@7f73ce28,null), ([Ljava.lang.Class;@611b35d6,null), ([Ljava.lang.Class;@2282400e,null), ([Ljava.lang.Class;@543d5863,null), ([Ljava.lang.Class;@35dece42,null), ([Ljava.lang.Class;@dd3f8aa,io.atomix.utils.serializer.serializers.ArraysAsListSerializer@3d615b2e), ([Ljava.lang.Class;@3a1f2a1,null), ([Ljava.lang.Class;@40ce9049,null), ([Ljava.lang.Class;@52ca2652,null), ([Ljava.lang.Class;@65c5bf0e,null), ([Ljava.lang.Class;@697d6ded,null), ([Ljava.lang.Class;@5d05f453,null), ([Ljava.lang.Class;@5efeb117,null), ([Ljava.lang.Class;@160b4809,null), ([Ljava.lang.Class;@149b4d20,null), ([Ljava.lang.Class;@664e848c,null), ([Ljava.lang.Class;@4d93f75b,null), ([Ljava.lang.Class;@114a5e0,null), ([Ljava.lang.Class;@4f281aaf,null), ([Ljava.lang.Class;@5d508d22,null), ([Ljava.lang.Class;@f2b90fc,null)]}, RegistrationBlock{begin=52, types=[([Ljava.lang.Class;@17ca4ddb,null)]}]}
02:47:47.099 [raft-server-3-state] TRACE i.a.utils.serializer.KryoNamespace - class [B registered as 16
02:47:47.099 [raft-server-3-state] TRACE i.a.utils.serializer.KryoNamespace - class java.util.concurrent.atomic.AtomicBoolean registered as 17
02:47:47.099 [raft-server-3-state] TRACE i.a.utils.serializer.KryoNamespace - class java.util.concurrent.atomic.AtomicInteger registered as 18
02:47:47.099 [raft-server-3-state] TRACE i.a.utils.serializer.KryoNamespace - class java.util.concurrent.atomic.AtomicLong registered as 19
02:47:47.099 [raft-server-3-state] TRACE i.a.utils.serializer.KryoNamespace - class com.google.common.collect.ImmutableList registered as 20
02:47:47.100 [raft-server-3-state] TRACE i.a.utils.serializer.KryoNamespace - class com.google.common.collect.RegularImmutableList registered as 20
02:47:47.100 [raft-server-3-state] TRACE i.a.utils.serializer.KryoNamespace - class com.google.common.collect.RegularImmutableList registered as 20
02:47:47.100 [raft-server-3-state] TRACE i.a.utils.serializer.KryoNamespace - class com.google.common.collect.ImmutableList$SubList registered as 20
02:47:47.100 [raft-server-3-state] TRACE i.a.utils.serializer.KryoNamespace - class com.google.common.collect.ImmutableSet registered as 21
02:47:47.100 [raft-server-3-state] TRACE i.a.utils.serializer.KryoNamespace - class com.google.common.collect.RegularImmutableSet registered as 21
02:47:47.100 [raft-server-3-state] TRACE i.a.utils.serializer.KryoNamespace - class com.google.common.collect.SingletonImmutableSet registered as 21
02:47:47.100 [raft-server-3-state] TRACE i.a.utils.serializer.KryoNamespace - class com.google.common.collect.RegularImmutableSet registered as 21
02:47:47.101 [raft-server-3-state] TRACE i.a.utils.serializer.KryoNamespace - class com.google.common.collect.ImmutableMap registered as 22
02:47:47.101 [raft-server-3-state] TRACE i.a.utils.serializer.KryoNamespace - class com.google.common.collect.RegularImmutableMap registered as 22
02:47:47.101 [raft-server-3-state] TRACE i.a.utils.serializer.KryoNamespace - class com.google.common.collect.RegularImmutableMap registered as 22
02:47:47.101 [raft-server-3-state] TRACE i.a.utils.serializer.KryoNamespace - class com.google.common.collect.RegularImmutableMap registered as 22
02:47:47.101 [raft-server-3-state] TRACE i.a.utils.serializer.KryoNamespace - class java.util.Collections$UnmodifiableSet registered as 23
02:47:47.101 [raft-server-3-state] TRACE i.a.utils.serializer.KryoNamespace - class java.util.HashMap registered as 24
02:47:47.101 [raft-server-3-state] TRACE i.a.utils.serializer.KryoNamespace - class java.util.concurrent.ConcurrentHashMap registered as 25
02:47:47.102 [raft-server-3-state] TRACE i.a.utils.serializer.KryoNamespace - class java.util.concurrent.CopyOnWriteArraySet registered as 26
02:47:47.102 [raft-server-3-state] TRACE i.a.utils.serializer.KryoNamespace - class java.util.ArrayList registered as 27
02:47:47.102 [raft-server-3-state] TRACE i.a.utils.serializer.KryoNamespace - class java.util.LinkedList registered as 28
02:47:47.102 [raft-server-3-state] TRACE i.a.utils.serializer.KryoNamespace - class java.util.HashSet registered as 29
02:47:47.102 [raft-server-3-state] TRACE i.a.utils.serializer.KryoNamespace - class java.util.LinkedHashSet registered as 30
02:47:47.102 [raft-server-3-state] TRACE i.a.utils.serializer.KryoNamespace - class com.sun.jmx.remote.internal.ArrayQueue registered as 31
02:47:47.103 [raft-server-3-state] TRACE i.a.utils.serializer.KryoNamespace - class java.util.ArrayDeque registered as 32
02:47:47.103 [raft-server-3-state] TRACE i.a.utils.serializer.KryoNamespace - class com.google.common.collect.HashMultiset registered as 33
02:47:47.103 [raft-server-3-state] TRACE i.a.utils.serializer.KryoNamespace - class com.google.common.collect.Sets registered as 34
02:47:47.103 [raft-server-3-state] TRACE i.a.utils.serializer.KryoNamespace - class com.google.common.collect.ImmutableEntry registered as 35
02:47:47.103 [raft-server-3-state] TRACE i.a.utils.serializer.KryoNamespace - class java.util.Arrays$ArrayList registered as 36
02:47:47.103 [raft-server-3-state] TRACE i.a.utils.serializer.KryoNamespace - class java.util.Collections$SingletonList registered as 37
02:47:47.104 [raft-server-3-state] TRACE i.a.utils.serializer.KryoNamespace - class java.time.Duration registered as 38
02:47:47.104 [raft-server-3-state] TRACE i.a.utils.serializer.KryoNamespace - class java.util.Collections$EmptySet registered as 39
02:47:47.104 [raft-server-3-state] TRACE i.a.utils.serializer.KryoNamespace - class java.util.Optional registered as 40
02:47:47.104 [raft-server-3-state] TRACE i.a.utils.serializer.KryoNamespace - class java.util.Collections$EmptyList registered as 41
02:47:47.104 [raft-server-3-state] TRACE i.a.utils.serializer.KryoNamespace - class java.util.Collections$SingletonSet registered as 42
02:47:47.104 [raft-server-3-state] TRACE i.a.utils.serializer.KryoNamespace - class [I registered as 43
02:47:47.105 [raft-server-3-state] TRACE i.a.utils.serializer.KryoNamespace - class [J registered as 44
02:47:47.105 [raft-server-3-state] TRACE i.a.utils.serializer.KryoNamespace - class [S registered as 45
02:47:47.105 [raft-server-3-state] TRACE i.a.utils.serializer.KryoNamespace - class [D registered as 46
02:47:47.105 [raft-server-3-state] TRACE i.a.utils.serializer.KryoNamespace - class [F registered as 47
02:47:47.105 [raft-server-3-state] TRACE i.a.utils.serializer.KryoNamespace - class [C registered as 48
02:47:47.105 [raft-server-3-state] TRACE i.a.utils.serializer.KryoNamespace - class [Ljava.lang.String; registered as 49
02:47:47.106 [raft-server-3-state] TRACE i.a.utils.serializer.KryoNamespace - class [Z registered as 50
02:47:47.106 [raft-server-3-state] TRACE i.a.utils.serializer.KryoNamespace - class [Ljava.lang.Object; registered as 51
02:47:47.106 [raft-server-3-state] TRACE i.a.utils.serializer.KryoNamespace - class io.atomix.primitive.service.ServiceConfig registered as 52
02:47:47.106 [raft-server-3-compaction] DEBUG i.a.p.r.s.snapshot.SnapshotStore - Created disk snapshot: FileSnapshot{index=64}
02:47:47.121 [raft-server-1] TRACE i.a.p.raft.roles.LeaderAppender - RaftServer{1} - Sending AppendRequest{term=1, leader=1, prevLogIndex=64, prevLogTerm=1, entries=1, commitIndex=65} to 3
02:47:47.121 [raft-server-1] TRACE i.a.p.raft.roles.LeaderAppender - RaftServer{1} - Sending AppendRequest{term=1, leader=1, prevLogIndex=65, prevLogTerm=1, entries=0, commitIndex=65} to 2
02:47:47.121 [raft-server-3] TRACE i.a.p.raft.roles.FollowerRole - RaftServer{3}{role=FOLLOWER} - Received AppendRequest{term=1, leader=1, prevLogIndex=64, prevLogTerm=1, entries=1, commitIndex=65}
02:47:47.121 [raft-server-1] TRACE i.a.p.raft.roles.LeaderAppender - RaftServer{1} - Received AppendResponse{status=OK, term=1, succeeded=true, lastLogIndex=64} from 3
02:47:47.121 [raft-server-2] TRACE i.a.p.raft.roles.FollowerRole - RaftServer{2}{role=FOLLOWER} - Received AppendRequest{term=1, leader=1, prevLogIndex=65, prevLogTerm=1, entries=0, commitIndex=65}
02:47:47.122 [raft-server-3] TRACE i.a.p.raft.roles.FollowerRole - RaftServer{3}{role=FOLLOWER} - Appended Indexed{index=65, entry=CommandEntry{term=1, timestamp=2018-06-09 02:47:46,973, session=2, sequence=58, operation=PrimitiveOperation{id=DefaultOperationId{id=write, type=COMMAND}, value=byte[]{length=17, hash=-1644578928}}}}
02:47:47.122 [raft-server-1-state] TRACE i.a.p.raft.impl.RaftServiceManager - RaftServer{1} - Applying Indexed{index=65, entry=CommandEntry{term=1, timestamp=2018-06-09 02:47:46,973, session=2, sequence=58, operation=PrimitiveOperation{id=DefaultOperationId{id=write, type=COMMAND}, value=byte[]{length=17, hash=-1644578928}}}}
02:47:47.122 [raft-server-1-state] TRACE i.a.p.s.impl.DefaultServiceExecutor - PrimitiveService{2}{type=io.atomix.protocols.raft.RaftTest$TestPrimitiveType@35843ad0, name=raft-test} - Executing DefaultCommit{index=65, session=RaftSession{RaftServiceContext{server=1, type=io.atomix.protocols.raft.RaftTest$TestPrimitiveType@35843ad0, name=raft-test, id=2}, session=2, timestamp=2018-06-09 02:47:46,973}, time=2018-06-09 02:47:46,973, operation=DefaultOperationId{id=write, type=COMMAND}, value=byte[]{length=17, hash=-1644578928}}
02:47:47.122 [raft-server-1-state] TRACE i.a.protocols.raft.roles.LeaderRole - RaftServer{1}{role=LEADER} - Sending CommandResponse{status=OK, index=65, eventIndex=2, result=byte[]{length=3, hash=34535}}
02:47:47.122 [raft-client-613ce1dd-77b1-4b52-a0bf-d277cef86e4f-4] TRACE i.a.p.r.p.impl.RaftProxyConnection - SessionClient{2}{type=io.atomix.protocols.raft.RaftTest$TestPrimitiveType@35bfa1bb, name=raft-test} - Received CommandResponse{status=OK, index=65, eventIndex=2, result=byte[]{length=3, hash=34535}} from 1
02:47:47.122 [raft-client-613ce1dd-77b1-4b52-a0bf-d277cef86e4f-4] TRACE i.a.p.r.p.impl.RaftProxySequencer - SessionClient{2}{type=io.atomix.protocols.raft.RaftTest$TestPrimitiveType@35bfa1bb, name=raft-test} - Completing response CommandResponse{status=OK, index=65, eventIndex=2, result=byte[]{length=3, hash=34535}}
02:47:47.123 [raft-client-613ce1dd-77b1-4b52-a0bf-d277cef86e4f-2] TRACE i.a.p.r.p.impl.RaftProxyConnection - SessionClient{2}{type=io.atomix.protocols.raft.RaftTest$TestPrimitiveType@35bfa1bb, name=raft-test} - Sending CommandRequest{session=2, sequence=59, operation=PrimitiveOperation{id=DefaultOperationId{id=write, type=COMMAND}, value=byte[]{length=17, hash=-1644578928}}} to 1
02:47:47.123 [raft-server-1] TRACE i.a.protocols.raft.roles.LeaderRole - RaftServer{1}{role=LEADER} - Received CommandRequest{session=2, sequence=59, operation=PrimitiveOperation{id=DefaultOperationId{id=write, type=COMMAND}, value=byte[]{length=17, hash=-1644578928}}}
02:47:47.123 [raft-server-1] TRACE i.a.protocols.raft.roles.LeaderRole - RaftServer{1}{role=LEADER} - Appended Indexed{index=66, entry=CommandEntry{term=1, timestamp=2018-06-09 02:47:47,123, session=2, sequence=59, operation=PrimitiveOperation{id=DefaultOperationId{id=write, type=COMMAND}, value=byte[]{length=17, hash=-1644578928}}}}
02:47:47.229 [raft-server-1] TRACE i.a.p.raft.roles.LeaderAppender - RaftServer{1} - Sending AppendRequest{term=1, leader=1, prevLogIndex=65, prevLogTerm=1, entries=1, commitIndex=65} to 3
02:47:47.229 [raft-server-1] TRACE i.a.p.raft.roles.LeaderAppender - RaftServer{1} - Sending AppendRequest{term=1, leader=1, prevLogIndex=65, prevLogTerm=1, entries=1, commitIndex=65} to 2
02:47:47.360 [raft-server-2] TRACE i.a.p.raft.roles.FollowerRole - RaftServer{2}{role=FOLLOWER} - Committed entries up to index 65
02:47:47.360 [raft-server-3] TRACE i.a.p.raft.roles.FollowerRole - RaftServer{3}{role=FOLLOWER} - Committed entries up to index 65
02:47:47.360 [raft-server-2] TRACE i.a.p.raft.roles.FollowerRole - RaftServer{2}{role=FOLLOWER} - Sending AppendResponse{status=OK, term=1, succeeded=true, lastLogIndex=65}
02:47:47.360 [raft-server-3] TRACE i.a.p.raft.roles.FollowerRole - RaftServer{3}{role=FOLLOWER} - Sending AppendResponse{status=OK, term=1, succeeded=true, lastLogIndex=65}
02:47:47.360 [raft-server-2] TRACE i.a.p.raft.roles.FollowerRole - RaftServer{2}{role=FOLLOWER} - Received AppendRequest{term=1, leader=1, prevLogIndex=65, prevLogTerm=1, entries=1, commitIndex=65}
02:47:47.360 [raft-server-1] TRACE i.a.p.raft.roles.LeaderAppender - RaftServer{1} - Received AppendResponse{status=OK, term=1, succeeded=true, lastLogIndex=65} from 2
02:47:47.360 [raft-server-3] TRACE i.a.p.raft.roles.FollowerRole - RaftServer{3}{role=FOLLOWER} - Received AppendRequest{term=1, leader=1, prevLogIndex=65, prevLogTerm=1, entries=1, commitIndex=65}
02:47:47.361 [raft-server-1] TRACE i.a.p.raft.roles.LeaderAppender - RaftServer{1} - Received AppendResponse{status=OK, term=1, succeeded=true, lastLogIndex=65} from 3
02:47:47.361 [raft-server-2] TRACE i.a.p.raft.roles.FollowerRole - RaftServer{2}{role=FOLLOWER} - Appended Indexed{index=66, entry=CommandEntry{term=1, timestamp=2018-06-09 02:47:47,123, session=2, sequence=59, operation=PrimitiveOperation{id=DefaultOperationId{id=write, type=COMMAND}, value=byte[]{length=17, hash=-1644578928}}}}
02:47:47.361 [raft-server-3] TRACE i.a.p.raft.roles.FollowerRole - RaftServer{3}{role=FOLLOWER} - Appended Indexed{index=66, entry=CommandEntry{term=1, timestamp=2018-06-09 02:47:47,123, session=2, sequence=59, operation=PrimitiveOperation{id=DefaultOperationId{id=write, type=COMMAND}, value=byte[]{length=17, hash=-1644578928}}}}
02:47:47.361 [raft-server-2] TRACE i.a.p.raft.roles.FollowerRole - RaftServer{2}{role=FOLLOWER} - Sending AppendResponse{status=OK, term=1, succeeded=true, lastLogIndex=66}
02:47:47.361 [raft-server-3] TRACE i.a.p.raft.roles.FollowerRole - RaftServer{3}{role=FOLLOWER} - Sending AppendResponse{status=OK, term=1, succeeded=true, lastLogIndex=66}
02:47:47.361 [raft-server-2-state] TRACE i.a.p.raft.impl.RaftServiceManager - RaftServer{2} - Applying Indexed{index=65, entry=CommandEntry{term=1, timestamp=2018-06-09 02:47:46,973, session=2, sequence=58, operation=PrimitiveOperation{id=DefaultOperationId{id=write, type=COMMAND}, value=byte[]{length=17, hash=-1644578928}}}}
02:47:47.361 [raft-server-1] TRACE i.a.p.raft.roles.LeaderAppender - RaftServer{1} - Received AppendResponse{status=OK, term=1, succeeded=true, lastLogIndex=66} from 2
02:47:47.361 [raft-server-3-state] TRACE i.a.p.raft.impl.RaftServiceManager - RaftServer{3} - Applying Indexed{index=65, entry=CommandEntry{term=1, timestamp=2018-06-09 02:47:46,973, session=2, sequence=58, operation=PrimitiveOperation{id=DefaultOperationId{id=write, type=COMMAND}, value=byte[]{length=17, hash=-1644578928}}}}
02:47:47.361 [raft-server-2-state] TRACE i.a.p.s.impl.DefaultServiceExecutor - PrimitiveService{2}{type=io.atomix.protocols.raft.RaftTest$TestPrimitiveType@8dc7f31, name=raft-test} - Executing DefaultCommit{index=65, session=RaftSession{RaftServiceContext{server=2, type=io.atomix.protocols.raft.RaftTest$TestPrimitiveType@8dc7f31, name=raft-test, id=2}, session=2, timestamp=2018-06-09 02:47:46,973}, time=2018-06-09 02:47:46,973, operation=DefaultOperationId{id=write, type=COMMAND}, value=byte[]{length=17, hash=-1644578928}}
02:47:47.362 [raft-server-1] TRACE i.a.p.raft.roles.LeaderAppender - RaftServer{1} - Committed entries up to 66
02:47:47.362 [raft-server-3-state] TRACE i.a.p.s.impl.DefaultServiceExecutor - PrimitiveService{2}{type=io.atomix.protocols.raft.RaftTest$TestPrimitiveType@260d6206, name=raft-test} - Executing DefaultCommit{index=65, session=RaftSession{RaftServiceContext{server=3, type=io.atomix.protocols.raft.RaftTest$TestPrimitiveType@260d6206, name=raft-test, id=2}, session=2, timestamp=2018-06-09 02:47:46,973}, time=2018-06-09 02:47:46,973, operation=DefaultOperationId{id=write, type=COMMAND}, value=byte[]{length=17, hash=-1644578928}}
02:47:47.488 [raft-server-1] TRACE i.a.p.raft.roles.LeaderAppender - RaftServer{1} - Received AppendResponse{status=OK, term=1, succeeded=true, lastLogIndex=66} from 3
02:47:47.488 [raft-server-1] TRACE i.a.p.raft.roles.LeaderAppender - RaftServer{1} - Sending AppendRequest{term=1, leader=1, prevLogIndex=66, prevLogTerm=1, entries=0, commitIndex=66} to 3
02:47:47.488 [raft-server-1] TRACE i.a.p.raft.roles.LeaderAppender - RaftServer{1} - Sending AppendRequest{term=1, leader=1, prevLogIndex=66, prevLogTerm=1, entries=0, commitIndex=66} to 2
02:47:47.488 [raft-server-3] TRACE i.a.p.raft.roles.FollowerRole - RaftServer{3}{role=FOLLOWER} - Received AppendRequest{term=1, leader=1, prevLogIndex=66, prevLogTerm=1, entries=0, commitIndex=66}
02:47:47.488 [raft-server-2] TRACE i.a.p.raft.roles.FollowerRole - RaftServer{2}{role=FOLLOWER} - Received AppendRequest{term=1, leader=1, prevLogIndex=66, prevLogTerm=1, entries=0, commitIndex=66}
02:47:47.488 [raft-server-1-state] TRACE i.a.p.raft.impl.RaftServiceManager - RaftServer{1} - Applying Indexed{index=66, entry=CommandEntry{term=1, timestamp=2018-06-09 02:47:47,123, session=2, sequence=59, operation=PrimitiveOperation{id=DefaultOperationId{id=write, type=COMMAND}, value=byte[]{length=17, hash=-1644578928}}}}
02:47:47.488 [raft-server-1-state] TRACE i.a.p.s.impl.DefaultServiceExecutor - PrimitiveService{2}{type=io.atomix.protocols.raft.RaftTest$TestPrimitiveType@35843ad0, name=raft-test} - Executing DefaultCommit{index=66, session=RaftSession{RaftServiceContext{server=1, type=io.atomix.protocols.raft.RaftTest$TestPrimitiveType@35843ad0, name=raft-test, id=2}, session=2, timestamp=2018-06-09 02:47:47,123}, time=2018-06-09 02:47:47,123, operation=DefaultOperationId{id=write, type=COMMAND}, value=byte[]{length=17, hash=-1644578928}}
02:47:47.489 [raft-server-1-state] TRACE i.a.protocols.raft.roles.LeaderRole - RaftServer{1}{role=LEADER} - Sending CommandResponse{status=OK, index=66, eventIndex=2, result=byte[]{length=3, hash=34597}}
02:47:47.489 [raft-client-613ce1dd-77b1-4b52-a0bf-d277cef86e4f-3] TRACE i.a.p.r.p.impl.RaftProxyConnection - SessionClient{2}{type=io.atomix.protocols.raft.RaftTest$TestPrimitiveType@35bfa1bb, name=raft-test} - Received CommandResponse{status=OK, index=66, eventIndex=2, result=byte[]{length=3, hash=34597}} from 1
02:47:47.489 [raft-client-613ce1dd-77b1-4b52-a0bf-d277cef86e4f-3] TRACE i.a.p.r.p.impl.RaftProxySequencer - SessionClient{2}{type=io.atomix.protocols.raft.RaftTest$TestPrimitiveType@35bfa1bb, name=raft-test} - Completing response CommandResponse{status=OK, index=66, eventIndex=2, result=byte[]{length=3, hash=34597}}
02:47:47.489 [raft-client-613ce1dd-77b1-4b52-a0bf-d277cef86e4f-1] TRACE i.a.p.r.p.impl.RaftProxyConnection - SessionClient{2}{type=io.atomix.protocols.raft.RaftTest$TestPrimitiveType@35bfa1bb, name=raft-test} - Sending CommandRequest{session=2, sequence=60, operation=PrimitiveOperation{id=DefaultOperationId{id=write, type=COMMAND}, value=byte[]{length=17, hash=-1644578928}}} to 1
02:47:47.489 [raft-server-1] TRACE i.a.protocols.raft.roles.LeaderRole - RaftServer{1}{role=LEADER} - Received CommandRequest{session=2, sequence=60, operation=PrimitiveOperation{id=DefaultOperationId{id=write, type=COMMAND}, value=byte[]{length=17, hash=-1644578928}}}
02:47:47.490 [raft-server-1] TRACE i.a.protocols.raft.roles.LeaderRole - RaftServer{1}{role=LEADER} - Appended Indexed{index=67, entry=CommandEntry{term=1, timestamp=2018-06-09 02:47:47,490, session=2, sequence=60, operation=PrimitiveOperation{id=DefaultOperationId{id=write, type=COMMAND}, value=byte[]{length=17, hash=-1644578928}}}}
02:47:47.588 [raft-server-3] TRACE i.a.p.raft.roles.FollowerRole - RaftServer{3}{role=FOLLOWER} - Committed entries up to index 66
02:47:47.588 [raft-server-2] TRACE i.a.p.raft.roles.FollowerRole - RaftServer{2}{role=FOLLOWER} - Committed entries up to index 66
02:47:47.588 [raft-server-3] TRACE i.a.p.raft.roles.FollowerRole - RaftServer{3}{role=FOLLOWER} - Sending AppendResponse{status=OK, term=1, succeeded=true, lastLogIndex=66}
02:47:47.588 [raft-server-2] TRACE i.a.p.raft.roles.FollowerRole - RaftServer{2}{role=FOLLOWER} - Sending AppendResponse{status=OK, term=1, succeeded=true, lastLogIndex=66}
02:47:47.588 [raft-server-1] TRACE i.a.p.raft.roles.LeaderAppender - RaftServer{1} - Received AppendResponse{status=OK, term=1, succeeded=true, lastLogIndex=66} from 3
02:47:47.588 [raft-server-3-state] TRACE i.a.p.raft.impl.RaftServiceManager - RaftServer{3} - Applying Indexed{index=66, entry=CommandEntry{term=1, timestamp=2018-06-09 02:47:47,123, session=2, sequence=59, operation=PrimitiveOperation{id=DefaultOperationId{id=write, type=COMMAND}, value=byte[]{length=17, hash=-1644578928}}}}
02:47:47.588 [raft-server-2-state] TRACE i.a.p.raft.impl.RaftServiceManager - RaftServer{2} - Applying Indexed{index=66, entry=CommandEntry{term=1, timestamp=2018-06-09 02:47:47,123, session=2, sequence=59, operation=PrimitiveOperation{id=DefaultOperationId{id=write, type=COMMAND}, value=byte[]{length=17, hash=-1644578928}}}}
02:47:47.588 [raft-server-1] TRACE i.a.p.raft.roles.LeaderAppender - RaftServer{1} - Sending AppendRequest{term=1, leader=1, prevLogIndex=66, prevLogTerm=1, entries=1, commitIndex=66} to 3
02:47:47.588 [raft-server-3-state] TRACE i.a.p.s.impl.DefaultServiceExecutor - PrimitiveService{2}{type=io.atomix.protocols.raft.RaftTest$TestPrimitiveType@260d6206, name=raft-test} - Executing DefaultCommit{index=66, session=RaftSession{RaftServiceContext{server=3, type=io.atomix.protocols.raft.RaftTest$TestPrimitiveType@260d6206, name=raft-test, id=2}, session=2, timestamp=2018-06-09 02:47:47,123}, time=2018-06-09 02:47:47,123, operation=DefaultOperationId{id=write, type=COMMAND}, value=byte[]{length=17, hash=-1644578928}}
02:47:47.588 [raft-server-2-state] TRACE i.a.p.s.impl.DefaultServiceExecutor - PrimitiveService{2}{type=io.atomix.protocols.raft.RaftTest$TestPrimitiveType@8dc7f31, name=raft-test} - Executing DefaultCommit{index=66, session=RaftSession{RaftServiceContext{server=2, type=io.atomix.protocols.raft.RaftTest$TestPrimitiveType@8dc7f31, name=raft-test, id=2}, session=2, timestamp=2018-06-09 02:47:47,123}, time=2018-06-09 02:47:47,123, operation=DefaultOperationId{id=write, type=COMMAND}, value=byte[]{length=17, hash=-1644578928}}
02:47:47.588 [raft-server-1] TRACE i.a.p.raft.roles.LeaderAppender - RaftServer{1} - Sending AppendRequest{term=1, leader=1, prevLogIndex=66, prevLogTerm=1, entries=1, commitIndex=66} to 2
02:47:47.588 [raft-server-2] TRACE i.a.p.raft.roles.FollowerRole - RaftServer{2}{role=FOLLOWER} - Received AppendRequest{term=1, leader=1, prevLogIndex=66, prevLogTerm=1, entries=1, commitIndex=66}
02:47:47.588 [raft-server-1] TRACE i.a.p.raft.roles.LeaderAppender - RaftServer{1} - Received AppendResponse{status=OK, term=1, succeeded=true, lastLogIndex=66} from 2
02:47:47.589 [raft-server-3] TRACE i.a.p.raft.roles.FollowerRole - RaftServer{3}{role=FOLLOWER} - Received AppendRequest{term=1, leader=1, prevLogIndex=66, prevLogTerm=1, entries=1, commitIndex=66}
02:47:47.589 [raft-server-2] TRACE i.a.p.raft.roles.FollowerRole - RaftServer{2}{role=FOLLOWER} - Appended Indexed{index=67, entry=CommandEntry{term=1, timestamp=2018-06-09 02:47:47,490, session=2, sequence=60, operation=PrimitiveOperation{id=DefaultOperationId{id=write, type=COMMAND}, value=byte[]{length=17, hash=-1644578928}}}}
02:47:47.589 [raft-server-2] TRACE i.a.p.raft.roles.FollowerRole - RaftServer{2}{role=FOLLOWER} - Sending AppendResponse{status=OK, term=1, succeeded=true, lastLogIndex=67}
02:47:47.589 [raft-server-3] TRACE i.a.p.raft.roles.FollowerRole - RaftServer{3}{role=FOLLOWER} - Appended Indexed{index=67, entry=CommandEntry{term=1, timestamp=2018-06-09 02:47:47,490, session=2, sequence=60, operation=PrimitiveOperation{id=DefaultOperationId{id=write, type=COMMAND}, value=byte[]{length=17, hash=-1644578928}}}}
02:47:47.589 [raft-server-3] TRACE i.a.p.raft.roles.FollowerRole - RaftServer{3}{role=FOLLOWER} - Sending AppendResponse{status=OK, term=1, succeeded=true, lastLogIndex=67}
02:47:47.589 [raft-server-1] TRACE i.a.p.raft.roles.LeaderAppender - RaftServer{1} - Received AppendResponse{status=OK, term=1, succeeded=true, lastLogIndex=67} from 2
02:47:47.589 [raft-server-1] TRACE i.a.p.raft.roles.LeaderAppender - RaftServer{1} - Committed entries up to 67
02:47:47.704 [raft-server-1] TRACE i.a.p.raft.roles.LeaderAppender - RaftServer{1} - Received AppendResponse{status=OK, term=1, succeeded=true, lastLogIndex=67} from 3
02:47:47.704 [raft-server-1-state] TRACE i.a.p.raft.impl.RaftServiceManager - RaftServer{1} - Applying Indexed{index=67, entry=CommandEntry{term=1, timestamp=2018-06-09 02:47:47,490, session=2, sequence=60, operation=PrimitiveOperation{id=DefaultOperationId{id=write, type=COMMAND}, value=byte[]{length=17, hash=-1644578928}}}}
02:47:47.705 [raft-server-1-state] TRACE i.a.p.s.impl.DefaultServiceExecutor - PrimitiveService{2}{type=io.atomix.protocols.raft.RaftTest$TestPrimitiveType@35843ad0, name=raft-test} - Executing DefaultCommit{index=67, session=RaftSession{RaftServiceContext{server=1, type=io.atomix.protocols.raft.RaftTest$TestPrimitiveType@35843ad0, name=raft-test, id=2}, session=2, timestamp=2018-06-09 02:47:47,490}, time=2018-06-09 02:47:47,490, operation=DefaultOperationId{id=write, type=COMMAND}, value=byte[]{length=17, hash=-1644578928}}
02:47:47.705 [raft-server-1-state] TRACE i.a.protocols.raft.roles.LeaderRole - RaftServer{1}{role=LEADER} - Sending CommandResponse{status=OK, index=67, eventIndex=2, result=byte[]{length=3, hash=34659}}
02:47:47.705 [raft-client-613ce1dd-77b1-4b52-a0bf-d277cef86e4f-5] TRACE i.a.p.r.p.impl.RaftProxyConnection - SessionClient{2}{type=io.atomix.protocols.raft.RaftTest$TestPrimitiveType@35bfa1bb, name=raft-test} - Received CommandResponse{status=OK, index=67, eventIndex=2, result=byte[]{length=3, hash=34659}} from 1
02:47:47.705 [raft-client-613ce1dd-77b1-4b52-a0bf-d277cef86e4f-5] TRACE i.a.p.r.p.impl.RaftProxySequencer - SessionClient{2}{type=io.atomix.protocols.raft.RaftTest$TestPrimitiveType@35bfa1bb, name=raft-test} - Completing response CommandResponse{status=OK, index=67, eventIndex=2, result=byte[]{length=3, hash=34659}}
02:47:47.705 [raft-client-613ce1dd-77b1-4b52-a0bf-d277cef86e4f-7] TRACE i.a.p.r.p.impl.RaftProxyConnection - SessionClient{2}{type=io.atomix.protocols.raft.RaftTest$TestPrimitiveType@35bfa1bb, name=raft-test} - Sending CommandRequest{session=2, sequence=61, operation=PrimitiveOperation{id=DefaultOperationId{id=write, type=COMMAND}, value=byte[]{length=17, hash=-1644578928}}} to 1
02:47:47.705 [raft-server-1] TRACE i.a.protocols.raft.roles.LeaderRole - RaftServer{1}{role=LEADER} - Received CommandRequest{session=2, sequence=61, operation=PrimitiveOperation{id=DefaultOperationId{id=write, type=COMMAND}, value=byte[]{length=17, hash=-1644578928}}}
02:47:47.706 [raft-server-1] TRACE i.a.protocols.raft.roles.LeaderRole - RaftServer{1}{role=LEADER} - Appended Indexed{index=68, entry=CommandEntry{term=1, timestamp=2018-06-09 02:47:47,706, session=2, sequence=61, operation=PrimitiveOperation{id=DefaultOperationId{id=write, type=COMMAND}, value=byte[]{length=17, hash=-1644578928}}}}
02:47:47.706 [raft-server-1] TRACE i.a.p.raft.roles.LeaderAppender - RaftServer{1} - Sending AppendRequest{term=1, leader=1, prevLogIndex=67, prevLogTerm=1, entries=1, commitIndex=67} to 3
02:47:47.706 [raft-server-1] TRACE i.a.p.raft.roles.LeaderAppender - RaftServer{1} - Sending AppendRequest{term=1, leader=1, prevLogIndex=67, prevLogTerm=1, entries=1, commitIndex=67} to 2
02:47:47.706 [raft-server-3] TRACE i.a.p.raft.roles.FollowerRole - RaftServer{3}{role=FOLLOWER} - Received AppendRequest{term=1, leader=1, prevLogIndex=67, prevLogTerm=1, entries=1, commitIndex=67}
02:47:47.706 [raft-server-2] TRACE i.a.p.raft.roles.FollowerRole - RaftServer{2}{role=FOLLOWER} - Received AppendRequest{term=1, leader=1, prevLogIndex=67, prevLogTerm=1, entries=1, commitIndex=67}
02:47:47.706 [raft-server-3] TRACE i.a.p.raft.roles.FollowerRole - RaftServer{3}{role=FOLLOWER} - Appended Indexed{index=68, entry=CommandEntry{term=1, timestamp=2018-06-09 02:47:47,706, session=2, sequence=61, operation=PrimitiveOperation{id=DefaultOperationId{id=write, type=COMMAND}, value=byte[]{length=17, hash=-1644578928}}}}
02:47:47.706 [raft-server-2] TRACE i.a.p.raft.roles.FollowerRole - RaftServer{2}{role=FOLLOWER} - Appended Indexed{index=68, entry=CommandEntry{term=1, timestamp=2018-06-09 02:47:47,706, session=2, sequence=61, operation=PrimitiveOperation{id=DefaultOperationId{id=write, type=COMMAND}, value=byte[]{length=17, hash=-1644578928}}}}
02:47:47.820 [raft-server-2] TRACE i.a.p.raft.roles.FollowerRole - RaftServer{2}{role=FOLLOWER} - Committed entries up to index 67
02:47:47.820 [raft-server-3] TRACE i.a.p.raft.roles.FollowerRole - RaftServer{3}{role=FOLLOWER} - Committed entries up to index 67
02:47:47.820 [raft-server-2] TRACE i.a.p.raft.roles.FollowerRole - RaftServer{2}{role=FOLLOWER} - Sending AppendResponse{status=OK, term=1, succeeded=true, lastLogIndex=68}
02:47:47.820 [raft-server-3] TRACE i.a.p.raft.roles.FollowerRole - RaftServer{3}{role=FOLLOWER} - Sending AppendResponse{status=OK, term=1, succeeded=true, lastLogIndex=68}
02:47:47.820 [raft-server-1] TRACE i.a.p.raft.roles.LeaderAppender - RaftServer{1} - Received AppendResponse{status=OK, term=1, succeeded=true, lastLogIndex=68} from 2
02:47:47.820 [raft-server-2-state] TRACE i.a.p.raft.impl.RaftServiceManager - RaftServer{2} - Applying Indexed{index=67, entry=CommandEntry{term=1, timestamp=2018-06-09 02:47:47,490, session=2, sequence=60, operation=PrimitiveOperation{id=DefaultOperationId{id=write, type=COMMAND}, value=byte[]{length=17, hash=-1644578928}}}}
02:47:47.820 [raft-server-3-state] TRACE i.a.p.raft.impl.RaftServiceManager - RaftServer{3} - Applying Indexed{index=67, entry=CommandEntry{term=1, timestamp=2018-06-09 02:47:47,490, session=2, sequence=60, operation=PrimitiveOperation{id=DefaultOperationId{id=write, type=COMMAND}, value=byte[]{length=17, hash=-1644578928}}}}
02:47:47.820 [raft-server-1] TRACE i.a.p.raft.roles.LeaderAppender - RaftServer{1} - Committed entries up to 68
02:47:47.820 [raft-server-2-state] TRACE i.a.p.s.impl.DefaultServiceExecutor - PrimitiveService{2}{type=io.atomix.protocols.raft.RaftTest$TestPrimitiveType@8dc7f31, name=raft-test} - Executing DefaultCommit{index=67, session=RaftSession{RaftServiceContext{server=2, type=io.atomix.protocols.raft.RaftTest$TestPrimitiveType@8dc7f31, name=raft-test, id=2}, session=2, timestamp=2018-06-09 02:47:47,490}, time=2018-06-09 02:47:47,490, operation=DefaultOperationId{id=write, type=COMMAND}, value=byte[]{length=17, hash=-1644578928}}
02:47:47.820 [raft-server-3-state] TRACE i.a.p.s.impl.DefaultServiceExecutor - PrimitiveService{2}{type=io.atomix.protocols.raft.RaftTest$TestPrimitiveType@260d6206, name=raft-test} - Executing DefaultCommit{index=67, session=RaftSession{RaftServiceContext{server=3, type=io.atomix.protocols.raft.RaftTest$TestPrimitiveType@260d6206, name=raft-test, id=2}, session=2, timestamp=2018-06-09 02:47:47,490}, time=2018-06-09 02:47:47,490, operation=DefaultOperationId{id=write, type=COMMAND}, value=byte[]{length=17, hash=-1644578928}}
02:47:47.879 [raft-server-1] TRACE i.a.p.raft.roles.LeaderAppender - RaftServer{1} - Sending AppendRequest{term=1, leader=1, prevLogIndex=68, prevLogTerm=1, entries=0, commitIndex=68} to 2
02:47:47.879 [raft-server-1] TRACE i.a.p.raft.roles.LeaderAppender - RaftServer{1} - Received AppendResponse{status=OK, term=1, succeeded=true, lastLogIndex=68} from 3
02:47:47.879 [raft-server-2] TRACE i.a.p.raft.roles.FollowerRole - RaftServer{2}{role=FOLLOWER} - Received AppendRequest{term=1, leader=1, prevLogIndex=68, prevLogTerm=1, entries=0, commitIndex=68}
02:47:47.880 [raft-server-1] TRACE i.a.p.raft.roles.LeaderAppender - RaftServer{1} - Sending AppendRequest{term=1, leader=1, prevLogIndex=68, prevLogTerm=1, entries=0, commitIndex=68} to 3
02:47:47.880 [raft-server-3] TRACE i.a.p.raft.roles.FollowerRole - RaftServer{3}{role=FOLLOWER} - Received AppendRequest{term=1, leader=1, prevLogIndex=68, prevLogTerm=1, entries=0, commitIndex=68}
02:47:47.880 [raft-server-1-state] TRACE i.a.p.raft.impl.RaftServiceManager - RaftServer{1} - Applying Indexed{index=68, entry=CommandEntry{term=1, timestamp=2018-06-09 02:47:47,706, session=2, sequence=61, operation=PrimitiveOperation{id=DefaultOperationId{id=write, type=COMMAND}, value=byte[]{length=17, hash=-1644578928}}}}
02:47:47.880 [raft-server-3] TRACE i.a.p.raft.roles.FollowerRole - RaftServer{3}{role=FOLLOWER} - Committed entries up to index 68
02:47:47.880 [raft-server-3] TRACE i.a.p.raft.roles.FollowerRole - RaftServer{3}{role=FOLLOWER} - Sending AppendResponse{status=OK, term=1, succeeded=true, lastLogIndex=68}
02:47:47.880 [raft-server-1-state] TRACE i.a.p.s.impl.DefaultServiceExecutor - PrimitiveService{2}{type=io.atomix.protocols.raft.RaftTest$TestPrimitiveType@35843ad0, name=raft-test} - Executing DefaultCommit{index=68, session=RaftSession{RaftServiceContext{server=1, type=io.atomix.protocols.raft.RaftTest$TestPrimitiveType@35843ad0, name=raft-test, id=2}, session=2, timestamp=2018-06-09 02:47:47,706}, time=2018-06-09 02:47:47,706, operation=DefaultOperationId{id=write, type=COMMAND}, value=byte[]{length=17, hash=-1644578928}}
02:47:47.880 [raft-server-1] TRACE i.a.p.raft.roles.LeaderAppender - RaftServer{1} - Received AppendResponse{status=OK, term=1, succeeded=true, lastLogIndex=68} from 3
02:47:47.880 [raft-server-3-state] TRACE i.a.p.raft.impl.RaftServiceManager - RaftServer{3} - Applying Indexed{index=68, entry=CommandEntry{term=1, timestamp=2018-06-09 02:47:47,706, session=2, sequence=61, operation=PrimitiveOperation{id=DefaultOperationId{id=write, type=COMMAND}, value=byte[]{length=17, hash=-1644578928}}}}
02:47:47.881 [raft-server-1-state] TRACE i.a.protocols.raft.roles.LeaderRole - RaftServer{1}{role=LEADER} - Sending CommandResponse{status=OK, index=68, eventIndex=2, result=byte[]{length=3, hash=34721}}
02:47:47.881 [raft-server-3-state] TRACE i.a.p.s.impl.DefaultServiceExecutor - PrimitiveService{2}{type=io.atomix.protocols.raft.RaftTest$TestPrimitiveType@260d6206, name=raft-test} - Executing DefaultCommit{index=68, session=RaftSession{RaftServiceContext{server=3, type=io.atomix.protocols.raft.RaftTest$TestPrimitiveType@260d6206, name=raft-test, id=2}, session=2, timestamp=2018-06-09 02:47:47,706}, time=2018-06-09 02:47:47,706, operation=DefaultOperationId{id=write, type=COMMAND}, value=byte[]{length=17, hash=-1644578928}}
02:47:47.881 [raft-client-613ce1dd-77b1-4b52-a0bf-d277cef86e4f-4] TRACE i.a.p.r.p.impl.RaftProxyConnection - SessionClient{2}{type=io.atomix.protocols.raft.RaftTest$TestPrimitiveType@35bfa1bb, name=raft-test} - Received CommandResponse{status=OK, index=68, eventIndex=2, result=byte[]{length=3, hash=34721}} from 1
02:47:47.881 [raft-client-613ce1dd-77b1-4b52-a0bf-d277cef86e4f-4] TRACE i.a.p.r.p.impl.RaftProxySequencer - SessionClient{2}{type=io.atomix.protocols.raft.RaftTest$TestPrimitiveType@35bfa1bb, name=raft-test} - Completing response CommandResponse{status=OK, index=68, eventIndex=2, result=byte[]{length=3, hash=34721}}
02:47:47.881 [raft-client-613ce1dd-77b1-4b52-a0bf-d277cef86e4f-6] TRACE i.a.p.r.p.impl.RaftProxyConnection - SessionClient{2}{type=io.atomix.protocols.raft.RaftTest$TestPrimitiveType@35bfa1bb, name=raft-test} - Sending CommandRequest{session=2, sequence=62, operation=PrimitiveOperation{id=DefaultOperationId{id=write, type=COMMAND}, value=byte[]{length=17, hash=-1644578928}}} to 1
02:47:47.881 [raft-server-1] TRACE i.a.protocols.raft.roles.LeaderRole - RaftServer{1}{role=LEADER} - Received CommandRequest{session=2, sequence=62, operation=PrimitiveOperation{id=DefaultOperationId{id=write, type=COMMAND}, value=byte[]{length=17, hash=-1644578928}}}
02:47:47.881 [raft-server-1] TRACE i.a.protocols.raft.roles.LeaderRole - RaftServer{1}{role=LEADER} - Appended Indexed{index=69, entry=CommandEntry{term=1, timestamp=2018-06-09 02:47:47,881, session=2, sequence=62, operation=PrimitiveOperation{id=DefaultOperationId{id=write, type=COMMAND}, value=byte[]{length=17, hash=-1644578928}}}}
02:47:47.882 [raft-server-1] TRACE i.a.p.raft.roles.LeaderAppender - RaftServer{1} - Sending AppendRequest{term=1, leader=1, prevLogIndex=68, prevLogTerm=1, entries=1, commitIndex=68} to 3
02:47:47.882 [raft-server-3] TRACE i.a.p.raft.roles.FollowerRole - RaftServer{3}{role=FOLLOWER} - Received AppendRequest{term=1, leader=1, prevLogIndex=68, prevLogTerm=1, entries=1, commitIndex=68}
02:47:47.882 [raft-server-3] TRACE i.a.p.raft.roles.FollowerRole - RaftServer{3}{role=FOLLOWER} - Appended Indexed{index=69, entry=CommandEntry{term=1, timestamp=2018-06-09 02:47:47,881, session=2, sequence=62, operation=PrimitiveOperation{id=DefaultOperationId{id=write, type=COMMAND}, value=byte[]{length=17, hash=-1644578928}}}}
02:47:47.882 [raft-server-3] TRACE i.a.p.raft.roles.FollowerRole - RaftServer{3}{role=FOLLOWER} - Sending AppendResponse{status=OK, term=1, succeeded=true, lastLogIndex=69}
02:47:47.882 [raft-server-1] TRACE i.a.p.raft.roles.LeaderAppender - RaftServer{1} - Received AppendResponse{status=OK, term=1, succeeded=true, lastLogIndex=69} from 3
02:47:47.882 [raft-server-1] TRACE i.a.p.raft.roles.LeaderAppender - RaftServer{1} - Committed entries up to 69
02:47:48.004 [raft-server-2] TRACE i.a.p.raft.roles.FollowerRole - RaftServer{2}{role=FOLLOWER} - Committed entries up to index 68
02:47:48.004 [raft-server-2] TRACE i.a.p.raft.roles.FollowerRole - RaftServer{2}{role=FOLLOWER} - Sending AppendResponse{status=OK, term=1, succeeded=true, lastLogIndex=68}
02:47:48.004 [raft-server-2-state] TRACE i.a.p.raft.impl.RaftServiceManager - RaftServer{2} - Applying Indexed{index=68, entry=CommandEntry{term=1, timestamp=2018-06-09 02:47:47,706, session=2, sequence=61, operation=PrimitiveOperation{id=DefaultOperationId{id=write, type=COMMAND}, value=byte[]{length=17, hash=-1644578928}}}}
02:47:48.005 [raft-server-2-state] TRACE i.a.p.s.impl.DefaultServiceExecutor - PrimitiveService{2}{type=io.atomix.protocols.raft.RaftTest$TestPrimitiveType@8dc7f31, name=raft-test} - Executing DefaultCommit{index=68, session=RaftSession{RaftServiceContext{server=2, type=io.atomix.protocols.raft.RaftTest$TestPrimitiveType@8dc7f31, name=raft-test, id=2}, session=2, timestamp=2018-06-09 02:47:47,706}, time=2018-06-09 02:47:47,706, operation=DefaultOperationId{id=write, type=COMMAND}, value=byte[]{length=17, hash=-1644578928}}
02:47:48.118 [raft-server-1] TRACE i.a.p.raft.roles.LeaderAppender - RaftServer{1} - Sending AppendRequest{term=1, leader=1, prevLogIndex=69, prevLogTerm=1, entries=0, commitIndex=69} to 3
02:47:48.118 [raft-server-1] TRACE i.a.p.raft.roles.LeaderAppender - RaftServer{1} - Sending AppendRequest{term=1, leader=1, prevLogIndex=68, prevLogTerm=1, entries=1, commitIndex=69} to 2
02:47:48.118 [raft-server-3] TRACE i.a.p.raft.roles.FollowerRole - RaftServer{3}{role=FOLLOWER} - Received AppendRequest{term=1, leader=1, prevLogIndex=69, prevLogTerm=1, entries=0, commitIndex=69}
02:47:48.119 [raft-server-1] TRACE i.a.p.raft.roles.LeaderAppender - RaftServer{1} - Received AppendResponse{status=OK, term=1, succeeded=true, lastLogIndex=68} from 2
02:47:48.119 [raft-server-2] TRACE i.a.p.raft.roles.FollowerRole - RaftServer{2}{role=FOLLOWER} - Received AppendRequest{term=1, leader=1, prevLogIndex=68, prevLogTerm=1, entries=1, commitIndex=69}
02:47:48.119 [raft-server-1-state] TRACE i.a.p.raft.impl.RaftServiceManager - RaftServer{1} - Applying Indexed{index=69, entry=CommandEntry{term=1, timestamp=2018-06-09 02:47:47,881, session=2, sequence=62, operation=PrimitiveOperation{id=DefaultOperationId{id=write, type=COMMAND}, value=byte[]{length=17, hash=-1644578928}}}}
02:47:48.119 [raft-server-2] TRACE i.a.p.raft.roles.FollowerRole - RaftServer{2}{role=FOLLOWER} - Appended Indexed{index=69, entry=CommandEntry{term=1, timestamp=2018-06-09 02:47:47,881, session=2, sequence=62, operation=PrimitiveOperation{id=DefaultOperationId{id=write, type=COMMAND}, value=byte[]{length=17, hash=-1644578928}}}}
02:47:48.119 [raft-server-1-state] TRACE i.a.p.s.impl.DefaultServiceExecutor - PrimitiveService{2}{type=io.atomix.protocols.raft.RaftTest$TestPrimitiveType@35843ad0, name=raft-test} - Executing DefaultCommit{index=69, session=RaftSession{RaftServiceContext{server=1, type=io.atomix.protocols.raft.RaftTest$TestPrimitiveType@35843ad0, name=raft-test, id=2}, session=2, timestamp=2018-06-09 02:47:47,881}, time=2018-06-09 02:47:47,881, operation=DefaultOperationId{id=write, type=COMMAND}, value=byte[]{length=17, hash=-1644578928}}
02:47:48.120 [raft-server-1-state] TRACE i.a.protocols.raft.roles.LeaderRole - RaftServer{1}{role=LEADER} - Sending CommandResponse{status=OK, index=69, eventIndex=2, result=byte[]{length=3, hash=34783}}
02:47:48.120 [raft-client-613ce1dd-77b1-4b52-a0bf-d277cef86e4f-3] TRACE i.a.p.r.p.impl.RaftProxyConnection - SessionClient{2}{type=io.atomix.protocols.raft.RaftTest$TestPrimitiveType@35bfa1bb, name=raft-test} - Received CommandResponse{status=OK, index=69, eventIndex=2, result=byte[]{length=3, hash=34783}} from 1
02:47:48.120 [raft-client-613ce1dd-77b1-4b52-a0bf-d277cef86e4f-3] TRACE i.a.p.r.p.impl.RaftProxySequencer - SessionClient{2}{type=io.atomix.protocols.raft.RaftTest$TestPrimitiveType@35bfa1bb, name=raft-test} - Completing response CommandResponse{status=OK, index=69, eventIndex=2, result=byte[]{length=3, hash=34783}}
02:47:48.120 [raft-client-613ce1dd-77b1-4b52-a0bf-d277cef86e4f-0] TRACE i.a.p.r.p.impl.RaftProxyConnection - SessionClient{2}{type=io.atomix.protocols.raft.RaftTest$TestPrimitiveType@35bfa1bb, name=raft-test} - Sending CommandRequest{session=2, sequence=63, operation=PrimitiveOperation{id=DefaultOperationId{id=write, type=COMMAND}, value=byte[]{length=17, hash=-1644578928}}} to 1
02:47:48.120 [raft-server-1] TRACE i.a.protocols.raft.roles.LeaderRole - RaftServer{1}{role=LEADER} - Received CommandRequest{session=2, sequence=63, operation=PrimitiveOperation{id=DefaultOperationId{id=write, type=COMMAND}, value=byte[]{length=17, hash=-1644578928}}}
02:47:48.121 [raft-server-1] TRACE i.a.protocols.raft.roles.LeaderRole - RaftServer{1}{role=LEADER} - Appended Indexed{index=70, entry=CommandEntry{term=1, timestamp=2018-06-09 02:47:48,121, session=2, sequence=63, operation=PrimitiveOperation{id=DefaultOperationId{id=write, type=COMMAND}, value=byte[]{length=17, hash=-1644578928}}}}
02:47:48.212 [raft-server-3] TRACE i.a.p.raft.roles.FollowerRole - RaftServer{3}{role=FOLLOWER} - Committed entries up to index 69
02:47:48.213 [raft-server-3] TRACE i.a.p.raft.roles.FollowerRole - RaftServer{3}{role=FOLLOWER} - Sending AppendResponse{status=OK, term=1, succeeded=true, lastLogIndex=69}
02:47:48.213 [raft-server-1] TRACE i.a.p.raft.roles.LeaderAppender - RaftServer{1} - Received AppendResponse{status=OK, term=1, succeeded=true, lastLogIndex=69} from 3
02:47:48.213 [raft-server-3-state] TRACE i.a.p.raft.impl.RaftServiceManager - RaftServer{3} - Applying Indexed{index=69, entry=CommandEntry{term=1, timestamp=2018-06-09 02:47:47,881, session=2, sequence=62, operation=PrimitiveOperation{id=DefaultOperationId{id=write, type=COMMAND}, value=byte[]{length=17, hash=-1644578928}}}}
02:47:48.213 [raft-server-1] TRACE i.a.p.raft.roles.LeaderAppender - RaftServer{1} - Sending AppendRequest{term=1, leader=1, prevLogIndex=69, prevLogTerm=1, entries=1, commitIndex=69} to 3
02:47:48.213 [raft-server-3-state] TRACE i.a.p.s.impl.DefaultServiceExecutor - PrimitiveService{2}{type=io.atomix.protocols.raft.RaftTest$TestPrimitiveType@260d6206, name=raft-test} - Executing DefaultCommit{index=69, session=RaftSession{RaftServiceContext{server=3, type=io.atomix.protocols.raft.RaftTest$TestPrimitiveType@260d6206, name=raft-test, id=2}, session=2, timestamp=2018-06-09 02:47:47,881}, time=2018-06-09 02:47:47,881, operation=DefaultOperationId{id=write, type=COMMAND}, value=byte[]{length=17, hash=-1644578928}}
02:47:48.213 [raft-server-1] TRACE i.a.p.raft.roles.LeaderAppender - RaftServer{1} - Sending AppendRequest{term=1, leader=1, prevLogIndex=69, prevLogTerm=1, entries=1, commitIndex=69} to 2
02:47:48.213 [raft-server-3] TRACE i.a.p.raft.roles.FollowerRole - RaftServer{3}{role=FOLLOWER} - Received AppendRequest{term=1, leader=1, prevLogIndex=69, prevLogTerm=1, entries=1, commitIndex=69}
02:47:48.213 [raft-server-3] TRACE i.a.p.raft.roles.FollowerRole - RaftServer{3}{role=FOLLOWER} - Appended Indexed{index=70, entry=CommandEntry{term=1, timestamp=2018-06-09 02:47:48,121, session=2, sequence=63, operation=PrimitiveOperation{id=DefaultOperationId{id=write, type=COMMAND}, value=byte[]{length=17, hash=-1644578928}}}}
02:47:48.213 [raft-server-3] TRACE i.a.p.raft.roles.FollowerRole - RaftServer{3}{role=FOLLOWER} - Sending AppendResponse{status=OK, term=1, succeeded=true, lastLogIndex=70}
02:47:48.214 [raft-server-1] TRACE i.a.p.raft.roles.LeaderAppender - RaftServer{1} - Received AppendResponse{status=OK, term=1, succeeded=true, lastLogIndex=70} from 3
02:47:48.214 [raft-server-1] TRACE i.a.p.raft.roles.LeaderAppender - RaftServer{1} - Committed entries up to 70
02:47:48.245 [raft-server-2] TRACE i.a.p.raft.roles.FollowerRole - RaftServer{2}{role=FOLLOWER} - Committed entries up to index 69
02:47:48.245 [raft-server-2] TRACE i.a.p.raft.roles.FollowerRole - RaftServer{2}{role=FOLLOWER} - Sending AppendResponse{status=OK, term=1, succeeded=true, lastLogIndex=69}
02:47:48.245 [raft-server-2] TRACE i.a.p.raft.roles.FollowerRole - RaftServer{2}{role=FOLLOWER} - Received AppendRequest{term=1, leader=1, prevLogIndex=69, prevLogTerm=1, entries=1, commitIndex=69}
02:47:48.246 [raft-server-2] TRACE i.a.p.raft.roles.FollowerRole - RaftServer{2}{role=FOLLOWER} - Appended Indexed{index=70, entry=CommandEntry{term=1, timestamp=2018-06-09 02:47:48,121, session=2, sequence=63, operation=PrimitiveOperation{id=DefaultOperationId{id=write, type=COMMAND}, value=byte[]{length=17, hash=-1644578928}}}}
02:47:48.246 [raft-server-2] TRACE i.a.p.raft.roles.FollowerRole - RaftServer{2}{role=FOLLOWER} - Sending AppendResponse{status=OK, term=1, succeeded=true, lastLogIndex=70}
02:47:48.246 [raft-server-2-state] TRACE i.a.p.raft.impl.RaftServiceManager - RaftServer{2} - Applying Indexed{index=69, entry=CommandEntry{term=1, timestamp=2018-06-09 02:47:47,881, session=2, sequence=62, operation=PrimitiveOperation{id=DefaultOperationId{id=write, type=COMMAND}, value=byte[]{length=17, hash=-1644578928}}}}
02:47:48.246 [raft-server-2-state] TRACE i.a.p.s.impl.DefaultServiceExecutor - PrimitiveService{2}{type=io.atomix.protocols.raft.RaftTest$TestPrimitiveType@8dc7f31, name=raft-test} - Executing DefaultCommit{index=69, session=RaftSession{RaftServiceContext{server=2, type=io.atomix.protocols.raft.RaftTest$TestPrimitiveType@8dc7f31, name=raft-test, id=2}, session=2, timestamp=2018-06-09 02:47:47,881}, time=2018-06-09 02:47:47,881, operation=DefaultOperationId{id=write, type=COMMAND}, value=byte[]{length=17, hash=-1644578928}}
02:47:48.295 [raft-server-1] TRACE i.a.p.raft.roles.LeaderAppender - RaftServer{1} - Sending AppendRequest{term=1, leader=1, prevLogIndex=70, prevLogTerm=1, entries=0, commitIndex=70} to 3
02:47:48.296 [raft-server-1] TRACE i.a.p.raft.roles.LeaderAppender - RaftServer{1} - Received AppendResponse{status=OK, term=1, succeeded=true, lastLogIndex=69} from 2
02:47:48.296 [raft-server-3] TRACE i.a.p.raft.roles.FollowerRole - RaftServer{3}{role=FOLLOWER} - Received AppendRequest{term=1, leader=1, prevLogIndex=70, prevLogTerm=1, entries=0, commitIndex=70}
02:47:48.296 [raft-server-1] TRACE i.a.p.raft.roles.LeaderAppender - RaftServer{1} - Received AppendResponse{status=OK, term=1, succeeded=true, lastLogIndex=70} from 2
02:47:48.296 [raft-server-1] TRACE i.a.p.raft.roles.LeaderAppender - RaftServer{1} - Sending AppendRequest{term=1, leader=1, prevLogIndex=70, prevLogTerm=1, entries=0, commitIndex=70} to 2
02:47:48.296 [raft-server-2] TRACE i.a.p.raft.roles.FollowerRole - RaftServer{2}{role=FOLLOWER} - Received AppendRequest{term=1, leader=1, prevLogIndex=70, prevLogTerm=1, entries=0, commitIndex=70}
02:47:48.296 [raft-server-1-state] TRACE i.a.p.raft.impl.RaftServiceManager - RaftServer{1} - Applying Indexed{index=70, entry=CommandEntry{term=1, timestamp=2018-06-09 02:47:48,121, session=2, sequence=63, operation=PrimitiveOperation{id=DefaultOperationId{id=write, type=COMMAND}, value=byte[]{length=17, hash=-1644578928}}}}
02:47:48.296 [raft-server-1-state] TRACE i.a.p.s.impl.DefaultServiceExecutor - PrimitiveService{2}{type=io.atomix.protocols.raft.RaftTest$TestPrimitiveType@35843ad0, name=raft-test} - Executing DefaultCommit{index=70, session=RaftSession{RaftServiceContext{server=1, type=io.atomix.protocols.raft.RaftTest$TestPrimitiveType@35843ad0, name=raft-test, id=2}, session=2, timestamp=2018-06-09 02:47:48,121}, time=2018-06-09 02:47:48,121, operation=DefaultOperationId{id=write, type=COMMAND}, value=byte[]{length=17, hash=-1644578928}}
02:47:48.296 [raft-server-1-state] TRACE i.a.protocols.raft.roles.LeaderRole - RaftServer{1}{role=LEADER} - Sending CommandResponse{status=OK, index=70, eventIndex=2, result=byte[]{length=3, hash=34845}}
02:47:48.297 [raft-client-613ce1dd-77b1-4b52-a0bf-d277cef86e4f-5] TRACE i.a.p.r.p.impl.RaftProxyConnection - SessionClient{2}{type=io.atomix.protocols.raft.RaftTest$TestPrimitiveType@35bfa1bb, name=raft-test} - Received CommandResponse{status=OK, index=70, eventIndex=2, result=byte[]{length=3, hash=34845}} from 1
02:47:48.297 [raft-client-613ce1dd-77b1-4b52-a0bf-d277cef86e4f-5] TRACE i.a.p.r.p.impl.RaftProxySequencer - SessionClient{2}{type=io.atomix.protocols.raft.RaftTest$TestPrimitiveType@35bfa1bb, name=raft-test} - Completing response CommandResponse{status=OK, index=70, eventIndex=2, result=byte[]{length=3, hash=34845}}
02:47:48.297 [raft-client-613ce1dd-77b1-4b52-a0bf-d277cef86e4f-2] TRACE i.a.p.r.p.impl.RaftProxyConnection - SessionClient{2}{type=io.atomix.protocols.raft.RaftTest$TestPrimitiveType@35bfa1bb, name=raft-test} - Sending CommandRequest{session=2, sequence=64, operation=PrimitiveOperation{id=DefaultOperationId{id=write, type=COMMAND}, value=byte[]{length=17, hash=-1644578928}}} to 1
02:47:48.297 [raft-server-1] TRACE i.a.protocols.raft.roles.LeaderRole - RaftServer{1}{role=LEADER} - Received CommandRequest{session=2, sequence=64, operation=PrimitiveOperation{id=DefaultOperationId{id=write, type=COMMAND}, value=byte[]{length=17, hash=-1644578928}}}
02:47:48.371 [raft-server-3] TRACE i.a.p.raft.roles.FollowerRole - RaftServer{3}{role=FOLLOWER} - Committed entries up to index 70
02:47:48.371 [raft-server-3] TRACE i.a.p.raft.roles.FollowerRole - RaftServer{3}{role=FOLLOWER} - Sending AppendResponse{status=OK, term=1, succeeded=true, lastLogIndex=70}
02:47:48.371 [raft-server-2] TRACE i.a.p.raft.roles.FollowerRole - RaftServer{2}{role=FOLLOWER} - Committed entries up to index 70
02:47:48.371 [raft-server-3-state] TRACE i.a.p.raft.impl.RaftServiceManager - RaftServer{3} - Applying Indexed{index=70, entry=CommandEntry{term=1, timestamp=2018-06-09 02:47:48,121, session=2, sequence=63, operation=PrimitiveOperation{id=DefaultOperationId{id=write, type=COMMAND}, value=byte[]{length=17, hash=-1644578928}}}}
02:47:48.371 [raft-server-2] TRACE i.a.p.raft.roles.FollowerRole - RaftServer{2}{role=FOLLOWER} - Sending AppendResponse{status=OK, term=1, succeeded=true, lastLogIndex=70}
02:47:48.372 [raft-server-3-state] TRACE i.a.p.s.impl.DefaultServiceExecutor - PrimitiveService{2}{type=io.atomix.protocols.raft.RaftTest$TestPrimitiveType@260d6206, name=raft-test} - Executing DefaultCommit{index=70, session=RaftSession{RaftServiceContext{server=3, type=io.atomix.protocols.raft.RaftTest$TestPrimitiveType@260d6206, name=raft-test, id=2}, session=2, timestamp=2018-06-09 02:47:48,121}, time=2018-06-09 02:47:48,121, operation=DefaultOperationId{id=write, type=COMMAND}, value=byte[]{length=17, hash=-1644578928}}
02:47:48.372 [raft-server-2-state] TRACE i.a.p.raft.impl.RaftServiceManager - RaftServer{2} - Applying Indexed{index=70, entry=CommandEntry{term=1, timestamp=2018-06-09 02:47:48,121, session=2, sequence=63, operation=PrimitiveOperation{id=DefaultOperationId{id=write, type=COMMAND}, value=byte[]{length=17, hash=-1644578928}}}}
02:47:48.372 [raft-server-2-state] TRACE i.a.p.s.impl.DefaultServiceExecutor - PrimitiveService{2}{type=io.atomix.protocols.raft.RaftTest$TestPrimitiveType@8dc7f31, name=raft-test} - Executing DefaultCommit{index=70, session=RaftSession{RaftServiceContext{server=2, type=io.atomix.protocols.raft.RaftTest$TestPrimitiveType@8dc7f31, name=raft-test, id=2}, session=2, timestamp=2018-06-09 02:47:48,121}, time=2018-06-09 02:47:48,121, operation=DefaultOperationId{id=write, type=COMMAND}, value=byte[]{length=17, hash=-1644578928}}
02:47:48.438 [raft-server-1] DEBUG i.a.storage.journal.SegmentedJournal - Created disk segment: JournalSegment{id=8, version=1, index=71, size=64}
02:47:48.439 [raft-server-1] TRACE i.a.protocols.raft.roles.LeaderRole - RaftServer{1}{role=LEADER} - Appended Indexed{index=71, entry=CommandEntry{term=1, timestamp=2018-06-09 02:47:48,297, session=2, sequence=64, operation=PrimitiveOperation{id=DefaultOperationId{id=write, type=COMMAND}, value=byte[]{length=17, hash=-1644578928}}}}
02:47:48.439 [raft-server-1] TRACE i.a.p.raft.roles.LeaderAppender - RaftServer{1} - Received AppendResponse{status=OK, term=1, succeeded=true, lastLogIndex=70} from 3
02:47:48.439 [raft-server-1] TRACE i.a.p.raft.roles.LeaderAppender - RaftServer{1} - Sending AppendRequest{term=1, leader=1, prevLogIndex=70, prevLogTerm=1, entries=1, commitIndex=70} to 3
02:47:48.440 [raft-server-1] TRACE i.a.p.raft.roles.LeaderAppender - RaftServer{1} - Sending AppendRequest{term=1, leader=1, prevLogIndex=70, prevLogTerm=1, entries=1, commitIndex=70} to 2
02:47:48.440 [raft-server-3] TRACE i.a.p.raft.roles.FollowerRole - RaftServer{3}{role=FOLLOWER} - Received AppendRequest{term=1, leader=1, prevLogIndex=70, prevLogTerm=1, entries=1, commitIndex=70}
02:47:48.440 [raft-server-1] TRACE i.a.p.raft.roles.LeaderAppender - RaftServer{1} - Received AppendResponse{status=OK, term=1, succeeded=true, lastLogIndex=70} from 2
02:47:48.440 [raft-server-2] TRACE i.a.p.raft.roles.FollowerRole - RaftServer{2}{role=FOLLOWER} - Received AppendRequest{term=1, leader=1, prevLogIndex=70, prevLogTerm=1, entries=1, commitIndex=70}
02:47:48.612 [raft-server-3] DEBUG i.a.storage.journal.SegmentedJournal - Created disk segment: JournalSegment{id=8, version=1, index=71, size=64}
02:47:48.613 [raft-server-3] TRACE i.a.p.raft.roles.FollowerRole - RaftServer{3}{role=FOLLOWER} - Appended Indexed{index=71, entry=CommandEntry{term=1, timestamp=2018-06-09 02:47:48,297, session=2, sequence=64, operation=PrimitiveOperation{id=DefaultOperationId{id=write, type=COMMAND}, value=byte[]{length=17, hash=-1644578928}}}}
02:47:48.613 [raft-server-3] TRACE i.a.p.raft.roles.FollowerRole - RaftServer{3}{role=FOLLOWER} - Sending AppendResponse{status=OK, term=1, succeeded=true, lastLogIndex=71}
02:47:48.613 [raft-server-1] TRACE i.a.p.raft.roles.LeaderAppender - RaftServer{1} - Received AppendResponse{status=OK, term=1, succeeded=true, lastLogIndex=71} from 3
02:47:48.613 [raft-server-1] TRACE i.a.p.raft.roles.LeaderAppender - RaftServer{1} - Committed entries up to 71
02:47:48.651 [raft-server-2] DEBUG i.a.storage.journal.SegmentedJournal - Created disk segment: JournalSegment{id=8, version=1, index=71, size=64}
02:47:48.652 [raft-server-2] TRACE i.a.p.raft.roles.FollowerRole - RaftServer{2}{role=FOLLOWER} - Appended Indexed{index=71, entry=CommandEntry{term=1, timestamp=2018-06-09 02:47:48,297, session=2, sequence=64, operation=PrimitiveOperation{id=DefaultOperationId{id=write, type=COMMAND}, value=byte[]{length=17, hash=-1644578928}}}}
02:47:48.652 [raft-server-2] TRACE i.a.p.raft.roles.FollowerRole - RaftServer{2}{role=FOLLOWER} - Sending AppendResponse{status=OK, term=1, succeeded=true, lastLogIndex=71}
02:47:48.676 [raft-server-1] TRACE i.a.p.raft.roles.LeaderAppender - RaftServer{1} - Sending AppendRequest{term=1, leader=1, prevLogIndex=71, prevLogTerm=1, entries=0, commitIndex=71} to 3
02:47:48.677 [raft-server-3] TRACE i.a.p.raft.roles.FollowerRole - RaftServer{3}{role=FOLLOWER} - Received AppendRequest{term=1, leader=1, prevLogIndex=71, prevLogTerm=1, entries=0, commitIndex=71}
02:47:48.677 [raft-server-1] TRACE i.a.p.raft.roles.LeaderAppender - RaftServer{1} - Received AppendResponse{status=OK, term=1, succeeded=true, lastLogIndex=71} from 2
02:47:48.677 [raft-server-1] TRACE i.a.p.raft.roles.LeaderAppender - RaftServer{1} - Sending AppendRequest{term=1, leader=1, prevLogIndex=71, prevLogTerm=1, entries=0, commitIndex=71} to 2
02:47:48.677 [raft-server-2] TRACE i.a.p.raft.roles.FollowerRole - RaftServer{2}{role=FOLLOWER} - Received AppendRequest{term=1, leader=1, prevLogIndex=71, prevLogTerm=1, entries=0, commitIndex=71}
02:47:48.677 [raft-server-1-state] TRACE i.a.p.raft.impl.RaftServiceManager - RaftServer{1} - Applying Indexed{index=71, entry=CommandEntry{term=1, timestamp=2018-06-09 02:47:48,297, session=2, sequence=64, operation=PrimitiveOperation{id=DefaultOperationId{id=write, type=COMMAND}, value=byte[]{length=17, hash=-1644578928}}}}
02:47:48.677 [raft-server-1-state] TRACE i.a.p.s.impl.DefaultServiceExecutor - PrimitiveService{2}{type=io.atomix.protocols.raft.RaftTest$TestPrimitiveType@35843ad0, name=raft-test} - Executing DefaultCommit{index=71, session=RaftSession{RaftServiceContext{server=1, type=io.atomix.protocols.raft.RaftTest$TestPrimitiveType@35843ad0, name=raft-test, id=2}, session=2, timestamp=2018-06-09 02:47:48,297}, time=2018-06-09 02:47:48,297, operation=DefaultOperationId{id=write, type=COMMAND}, value=byte[]{length=17, hash=-1644578928}}
02:47:48.678 [raft-server-1-state] TRACE i.a.protocols.raft.roles.LeaderRole - RaftServer{1}{role=LEADER} - Sending CommandResponse{status=OK, index=71, eventIndex=2, result=byte[]{length=3, hash=34907}}
02:47:48.678 [raft-client-613ce1dd-77b1-4b52-a0bf-d277cef86e4f-0] TRACE i.a.p.r.p.impl.RaftProxyConnection - SessionClient{2}{type=io.atomix.protocols.raft.RaftTest$TestPrimitiveType@35bfa1bb, name=raft-test} - Received CommandResponse{status=OK, index=71, eventIndex=2, result=byte[]{length=3, hash=34907}} from 1
02:47:48.678 [raft-client-613ce1dd-77b1-4b52-a0bf-d277cef86e4f-0] TRACE i.a.p.r.p.impl.RaftProxySequencer - SessionClient{2}{type=io.atomix.protocols.raft.RaftTest$TestPrimitiveType@35bfa1bb, name=raft-test} - Completing response CommandResponse{status=OK, index=71, eventIndex=2, result=byte[]{length=3, hash=34907}}
02:47:48.678 [raft-client-613ce1dd-77b1-4b52-a0bf-d277cef86e4f-0] TRACE i.a.p.r.p.impl.RaftProxyConnection - SessionClient{2}{type=io.atomix.protocols.raft.RaftTest$TestPrimitiveType@35bfa1bb, name=raft-test} - Sending CommandRequest{session=2, sequence=65, operation=PrimitiveOperation{id=DefaultOperationId{id=write, type=COMMAND}, value=byte[]{length=17, hash=-1644578928}}} to 1
02:47:48.678 [raft-server-1] TRACE i.a.protocols.raft.roles.LeaderRole - RaftServer{1}{role=LEADER} - Received CommandRequest{session=2, sequence=65, operation=PrimitiveOperation{id=DefaultOperationId{id=write, type=COMMAND}, value=byte[]{length=17, hash=-1644578928}}}
02:47:48.678 [raft-server-1] TRACE i.a.protocols.raft.roles.LeaderRole - RaftServer{1}{role=LEADER} - Appended Indexed{index=72, entry=CommandEntry{term=1, timestamp=2018-06-09 02:47:48,678, session=2, sequence=65, operation=PrimitiveOperation{id=DefaultOperationId{id=write, type=COMMAND}, value=byte[]{length=17, hash=-1644578928}}}}
02:47:48.718 [raft-server-3] TRACE i.a.p.raft.roles.FollowerRole - RaftServer{3}{role=FOLLOWER} - Committed entries up to index 71
02:47:48.718 [raft-server-3] TRACE i.a.p.raft.roles.FollowerRole - RaftServer{3}{role=FOLLOWER} - Sending AppendResponse{status=OK, term=1, succeeded=true, lastLogIndex=71}
02:47:48.718 [raft-server-1] TRACE i.a.p.raft.roles.LeaderAppender - RaftServer{1} - Received AppendResponse{status=OK, term=1, succeeded=true, lastLogIndex=71} from 3
02:47:48.719 [raft-server-1] TRACE i.a.p.raft.roles.LeaderAppender - RaftServer{1} - Sending AppendRequest{term=1, leader=1, prevLogIndex=71, prevLogTerm=1, entries=1, commitIndex=71} to 3
02:47:48.719 [raft-server-3-state] TRACE i.a.p.raft.impl.RaftServiceManager - RaftServer{3} - Applying Indexed{index=71, entry=CommandEntry{term=1, timestamp=2018-06-09 02:47:48,297, session=2, sequence=64, operation=PrimitiveOperation{id=DefaultOperationId{id=write, type=COMMAND}, value=byte[]{length=17, hash=-1644578928}}}}
02:47:48.719 [raft-server-3] TRACE i.a.p.raft.roles.FollowerRole - RaftServer{3}{role=FOLLOWER} - Received AppendRequest{term=1, leader=1, prevLogIndex=71, prevLogTerm=1, entries=1, commitIndex=71}
02:47:48.719 [raft-server-3-state] TRACE i.a.p.s.impl.DefaultServiceExecutor - PrimitiveService{2}{type=io.atomix.protocols.raft.RaftTest$TestPrimitiveType@260d6206, name=raft-test} - Executing DefaultCommit{index=71, session=RaftSession{RaftServiceContext{server=3, type=io.atomix.protocols.raft.RaftTest$TestPrimitiveType@260d6206, name=raft-test, id=2}, session=2, timestamp=2018-06-09 02:47:48,297}, time=2018-06-09 02:47:48,297, operation=DefaultOperationId{id=write, type=COMMAND}, value=byte[]{length=17, hash=-1644578928}}
02:47:48.719 [raft-server-3] TRACE i.a.p.raft.roles.FollowerRole - RaftServer{3}{role=FOLLOWER} - Appended Indexed{index=72, entry=CommandEntry{term=1, timestamp=2018-06-09 02:47:48,678, session=2, sequence=65, operation=PrimitiveOperation{id=DefaultOperationId{id=write, type=COMMAND}, value=byte[]{length=17, hash=-1644578928}}}}
02:47:48.719 [raft-server-3] TRACE i.a.p.raft.roles.FollowerRole - RaftServer{3}{role=FOLLOWER} - Sending AppendResponse{status=OK, term=1, succeeded=true, lastLogIndex=72}
02:47:48.719 [raft-server-1] TRACE i.a.p.raft.roles.LeaderAppender - RaftServer{1} - Received AppendResponse{status=OK, term=1, succeeded=true, lastLogIndex=72} from 3
02:47:48.719 [raft-server-1] TRACE i.a.p.raft.roles.LeaderAppender - RaftServer{1} - Committed entries up to 72
02:47:48.735 [raft-client-613ce1dd-77b1-4b52-a0bf-d277cef86e4f-0] TRACE i.a.p.r.proxy.impl.RaftProxyManager - RaftClient{613ce1dd-77b1-4b52-a0bf-d277cef86e4f} - Keeping 1 sessions alive
02:47:48.735 [raft-client-613ce1dd-77b1-4b52-a0bf-d277cef86e4f-0] TRACE i.a.p.r.p.impl.RaftProxyConnection - RaftClient{613ce1dd-77b1-4b52-a0bf-d277cef86e4f} - Sending KeepAliveRequest{sessionIds=long[]{length=1, hash=33}, commandSequences=long[]{length=1, hash=95}, eventIndexes=long[]{length=1, hash=33}} to 3
02:47:48.735 [raft-server-3] TRACE i.a.p.raft.roles.FollowerRole - RaftServer{3}{role=FOLLOWER} - Received KeepAliveRequest{sessionIds=long[]{length=1, hash=33}, commandSequences=long[]{length=1, hash=95}, eventIndexes=long[]{length=1, hash=33}}
02:47:48.760 [raft-server-2] TRACE i.a.p.raft.roles.FollowerRole - RaftServer{2}{role=FOLLOWER} - Committed entries up to index 71
02:47:48.760 [raft-server-2] TRACE i.a.p.raft.roles.FollowerRole - RaftServer{2}{role=FOLLOWER} - Sending AppendResponse{status=OK, term=1, succeeded=true, lastLogIndex=71}
02:47:48.760 [raft-server-2-state] TRACE i.a.p.raft.impl.RaftServiceManager - RaftServer{2} - Applying Indexed{index=71, entry=CommandEntry{term=1, timestamp=2018-06-09 02:47:48,297, session=2, sequence=64, operation=PrimitiveOperation{id=DefaultOperationId{id=write, type=COMMAND}, value=byte[]{length=17, hash=-1644578928}}}}
02:47:48.760 [raft-server-2-state] TRACE i.a.p.s.impl.DefaultServiceExecutor - PrimitiveService{2}{type=io.atomix.protocols.raft.RaftTest$TestPrimitiveType@8dc7f31, name=raft-test} - Executing DefaultCommit{index=71, session=RaftSession{RaftServiceContext{server=2, type=io.atomix.protocols.raft.RaftTest$TestPrimitiveType@8dc7f31, name=raft-test, id=2}, session=2, timestamp=2018-06-09 02:47:48,297}, time=2018-06-09 02:47:48,297, operation=DefaultOperationId{id=write, type=COMMAND}, value=byte[]{length=17, hash=-1644578928}}
02:47:48.804 [raft-server-1] TRACE i.a.p.raft.roles.LeaderAppender - RaftServer{1} - Sending AppendRequest{term=1, leader=1, prevLogIndex=72, prevLogTerm=1, entries=0, commitIndex=72} to 3
02:47:48.804 [raft-server-1] TRACE i.a.p.raft.roles.LeaderAppender - RaftServer{1} - Sending AppendRequest{term=1, leader=1, prevLogIndex=71, prevLogTerm=1, entries=1, commitIndex=72} to 2
02:47:48.804 [raft-server-3] TRACE i.a.p.raft.roles.FollowerRole - RaftServer{3}{role=FOLLOWER} - Received AppendRequest{term=1, leader=1, prevLogIndex=72, prevLogTerm=1, entries=0, commitIndex=72}
02:47:48.805 [raft-server-1] TRACE i.a.protocols.raft.roles.LeaderRole - RaftServer{1}{role=LEADER} - Received KeepAliveRequest{sessionIds=long[]{length=1, hash=33}, commandSequences=long[]{length=1, hash=95}, eventIndexes=long[]{length=1, hash=33}}
02:47:48.805 [raft-server-2] TRACE i.a.p.raft.roles.FollowerRole - RaftServer{2}{role=FOLLOWER} - Received AppendRequest{term=1, leader=1, prevLogIndex=71, prevLogTerm=1, entries=1, commitIndex=72}
02:47:48.805 [raft-server-1] TRACE i.a.protocols.raft.roles.LeaderRole - RaftServer{1}{role=LEADER} - Appended Indexed{index=73, entry=KeepAliveEntry{term=1, timestamp=2018-06-09 02:47:48,805, sessionIds=long[]{length=1, hash=33}, commandSequences=long[]{length=1, hash=95}, eventIndexes=long[]{length=1, hash=33}}}
02:47:48.806 [raft-server-2] TRACE i.a.p.raft.roles.FollowerRole - RaftServer{2}{role=FOLLOWER} - Appended Indexed{index=72, entry=CommandEntry{term=1, timestamp=2018-06-09 02:47:48,678, session=2, sequence=65, operation=PrimitiveOperation{id=DefaultOperationId{id=write, type=COMMAND}, value=byte[]{length=17, hash=-1644578928}}}}
02:47:48.806 [raft-server-1] TRACE i.a.p.raft.roles.LeaderAppender - RaftServer{1} - Received AppendResponse{status=OK, term=1, succeeded=true, lastLogIndex=71} from 2
02:47:48.806 [raft-server-1-state] TRACE i.a.p.raft.impl.RaftServiceManager - RaftServer{1} - Applying Indexed{index=72, entry=CommandEntry{term=1, timestamp=2018-06-09 02:47:48,678, session=2, sequence=65, operation=PrimitiveOperation{id=DefaultOperationId{id=write, type=COMMAND}, value=byte[]{length=17, hash=-1644578928}}}}
02:47:48.806 [raft-server-1-state] TRACE i.a.p.s.impl.DefaultServiceExecutor - PrimitiveService{2}{type=io.atomix.protocols.raft.RaftTest$TestPrimitiveType@35843ad0, name=raft-test} - Executing DefaultCommit{index=72, session=RaftSession{RaftServiceContext{server=1, type=io.atomix.protocols.raft.RaftTest$TestPrimitiveType@35843ad0, name=raft-test, id=2}, session=2, timestamp=2018-06-09 02:47:48,678}, time=2018-06-09 02:47:48,678, operation=DefaultOperationId{id=write, type=COMMAND}, value=byte[]{length=17, hash=-1644578928}}
02:47:48.807 [raft-server-1-state] TRACE i.a.protocols.raft.roles.LeaderRole - RaftServer{1}{role=LEADER} - Sending CommandResponse{status=OK, index=72, eventIndex=2, result=byte[]{length=3, hash=34969}}
02:47:48.807 [raft-client-613ce1dd-77b1-4b52-a0bf-d277cef86e4f-4] TRACE i.a.p.r.p.impl.RaftProxyConnection - SessionClient{2}{type=io.atomix.protocols.raft.RaftTest$TestPrimitiveType@35bfa1bb, name=raft-test} - Received CommandResponse{status=OK, index=72, eventIndex=2, result=byte[]{length=3, hash=34969}} from 1
02:47:48.807 [raft-client-613ce1dd-77b1-4b52-a0bf-d277cef86e4f-4] TRACE i.a.p.r.p.impl.RaftProxySequencer - SessionClient{2}{type=io.atomix.protocols.raft.RaftTest$TestPrimitiveType@35bfa1bb, name=raft-test} - Completing response CommandResponse{status=OK, index=72, eventIndex=2, result=byte[]{length=3, hash=34969}}
02:47:48.807 [raft-client-613ce1dd-77b1-4b52-a0bf-d277cef86e4f-7] TRACE i.a.p.r.p.impl.RaftProxyConnection - SessionClient{2}{type=io.atomix.protocols.raft.RaftTest$TestPrimitiveType@35bfa1bb, name=raft-test} - Sending CommandRequest{session=2, sequence=66, operation=PrimitiveOperation{id=DefaultOperationId{id=write, type=COMMAND}, value=byte[]{length=17, hash=-1644578928}}} to 1
02:47:48.807 [raft-server-1] TRACE i.a.protocols.raft.roles.LeaderRole - RaftServer{1}{role=LEADER} - Received CommandRequest{session=2, sequence=66, operation=PrimitiveOperation{id=DefaultOperationId{id=write, type=COMMAND}, value=byte[]{length=17, hash=-1644578928}}}
02:47:48.807 [raft-server-1] TRACE i.a.protocols.raft.roles.LeaderRole - RaftServer{1}{role=LEADER} - Appended Indexed{index=74, entry=CommandEntry{term=1, timestamp=2018-06-09 02:47:48,807, session=2, sequence=66, operation=PrimitiveOperation{id=DefaultOperationId{id=write, type=COMMAND}, value=byte[]{length=17, hash=-1644578928}}}}
02:47:48.851 [raft-server-3] TRACE i.a.p.raft.roles.FollowerRole - RaftServer{3}{role=FOLLOWER} - Committed entries up to index 72
02:47:48.852 [raft-server-3] TRACE i.a.p.raft.roles.FollowerRole - RaftServer{3}{role=FOLLOWER} - Sending AppendResponse{status=OK, term=1, succeeded=true, lastLogIndex=72}
02:47:48.852 [raft-server-3-state] TRACE i.a.p.raft.impl.RaftServiceManager - RaftServer{3} - Applying Indexed{index=72, entry=CommandEntry{term=1, timestamp=2018-06-09 02:47:48,678, session=2, sequence=65, operation=PrimitiveOperation{id=DefaultOperationId{id=write, type=COMMAND}, value=byte[]{length=17, hash=-1644578928}}}}
02:47:48.852 [raft-server-3-state] TRACE i.a.p.s.impl.DefaultServiceExecutor - PrimitiveService{2}{type=io.atomix.protocols.raft.RaftTest$TestPrimitiveType@260d6206, name=raft-test} - Executing DefaultCommit{index=72, session=RaftSession{RaftServiceContext{server=3, type=io.atomix.protocols.raft.RaftTest$TestPrimitiveType@260d6206, name=raft-test, id=2}, session=2, timestamp=2018-06-09 02:47:48,678}, time=2018-06-09 02:47:48,678, operation=DefaultOperationId{id=write, type=COMMAND}, value=byte[]{length=17, hash=-1644578928}}
02:47:48.852 [raft-server-1] TRACE i.a.p.raft.roles.LeaderAppender - RaftServer{1} - Received AppendResponse{status=OK, term=1, succeeded=true, lastLogIndex=72} from 3
02:47:48.853 [raft-server-1] TRACE i.a.p.raft.roles.LeaderAppender - RaftServer{1} - Sending AppendRequest{term=1, leader=1, prevLogIndex=72, prevLogTerm=1, entries=2, commitIndex=72} to 3
02:47:48.853 [raft-server-3] TRACE i.a.p.raft.roles.FollowerRole - RaftServer{3}{role=FOLLOWER} - Received AppendRequest{term=1, leader=1, prevLogIndex=72, prevLogTerm=1, entries=2, commitIndex=72}
02:47:48.853 [raft-server-3] TRACE i.a.p.raft.roles.FollowerRole - RaftServer{3}{role=FOLLOWER} - Appended Indexed{index=73, entry=KeepAliveEntry{term=1, timestamp=2018-06-09 02:47:48,805, sessionIds=long[]{length=1, hash=33}, commandSequences=long[]{length=1, hash=95}, eventIndexes=long[]{length=1, hash=33}}}
02:47:48.853 [raft-server-3] TRACE i.a.p.raft.roles.FollowerRole - RaftServer{3}{role=FOLLOWER} - Appended Indexed{index=74, entry=CommandEntry{term=1, timestamp=2018-06-09 02:47:48,807, session=2, sequence=66, operation=PrimitiveOperation{id=DefaultOperationId{id=write, type=COMMAND}, value=byte[]{length=17, hash=-1644578928}}}}
02:47:48.853 [raft-server-3] TRACE i.a.p.raft.roles.FollowerRole - RaftServer{3}{role=FOLLOWER} - Sending AppendResponse{status=OK, term=1, succeeded=true, lastLogIndex=74}
02:47:48.854 [raft-server-1] TRACE i.a.p.raft.roles.LeaderAppender - RaftServer{1} - Received AppendResponse{status=OK, term=1, succeeded=true, lastLogIndex=74} from 3
02:47:48.854 [raft-server-1] TRACE i.a.p.raft.roles.LeaderAppender - RaftServer{1} - Committed entries up to 74
02:47:48.910 [raft-server-2] TRACE i.a.p.raft.roles.FollowerRole - RaftServer{2}{role=FOLLOWER} - Committed entries up to index 72
02:47:48.910 [raft-server-2] TRACE i.a.p.raft.roles.FollowerRole - RaftServer{2}{role=FOLLOWER} - Sending AppendResponse{status=OK, term=1, succeeded=true, lastLogIndex=72}
02:47:48.910 [raft-server-2-state] TRACE i.a.p.raft.impl.RaftServiceManager - RaftServer{2} - Applying Indexed{index=72, entry=CommandEntry{term=1, timestamp=2018-06-09 02:47:48,678, session=2, sequence=65, operation=PrimitiveOperation{id=DefaultOperationId{id=write, type=COMMAND}, value=byte[]{length=17, hash=-1644578928}}}}
02:47:48.910 [raft-server-2-state] TRACE i.a.p.s.impl.DefaultServiceExecutor - PrimitiveService{2}{type=io.atomix.protocols.raft.RaftTest$TestPrimitiveType@8dc7f31, name=raft-test} - Executing DefaultCommit{index=72, session=RaftSession{RaftServiceContext{server=2, type=io.atomix.protocols.raft.RaftTest$TestPrimitiveType@8dc7f31, name=raft-test, id=2}, session=2, timestamp=2018-06-09 02:47:48,678}, time=2018-06-09 02:47:48,678, operation=DefaultOperationId{id=write, type=COMMAND}, value=byte[]{length=17, hash=-1644578928}}
02:47:48.943 [raft-server-1] TRACE i.a.p.raft.roles.LeaderAppender - RaftServer{1} - Received AppendResponse{status=OK, term=1, succeeded=true, lastLogIndex=72} from 2
02:47:48.943 [raft-server-1] TRACE i.a.p.raft.roles.LeaderAppender - RaftServer{1} - Sending AppendRequest{term=1, leader=1, prevLogIndex=72, prevLogTerm=1, entries=2, commitIndex=74} to 2
02:47:48.944 [raft-server-1-state] TRACE i.a.p.raft.impl.RaftServiceManager - RaftServer{1} - Applying Indexed{index=73, entry=KeepAliveEntry{term=1, timestamp=2018-06-09 02:47:48,805, sessionIds=long[]{length=1, hash=33}, commandSequences=long[]{length=1, hash=95}, eventIndexes=long[]{length=1, hash=33}}}
02:47:48.944 [raft-server-1-state] TRACE i.a.p.raft.impl.RaftServiceManager - RaftServer{1} - Applying Indexed{index=74, entry=CommandEntry{term=1, timestamp=2018-06-09 02:47:48,807, session=2, sequence=66, operation=PrimitiveOperation{id=DefaultOperationId{id=write, type=COMMAND}, value=byte[]{length=17, hash=-1644578928}}}}
02:47:48.944 [raft-server-1-state] TRACE i.a.p.s.impl.DefaultServiceExecutor - PrimitiveService{2}{type=io.atomix.protocols.raft.RaftTest$TestPrimitiveType@35843ad0, name=raft-test} - Executing DefaultCommit{index=74, session=RaftSession{RaftServiceContext{server=1, type=io.atomix.protocols.raft.RaftTest$TestPrimitiveType@35843ad0, name=raft-test, id=2}, session=2, timestamp=2018-06-09 02:47:48,807}, time=2018-06-09 02:47:48,807, operation=DefaultOperationId{id=write, type=COMMAND}, value=byte[]{length=17, hash=-1644578928}}
02:47:48.945 [raft-server-1-state] TRACE i.a.protocols.raft.roles.LeaderRole - RaftServer{1}{role=LEADER} - Sending CommandResponse{status=OK, index=74, eventIndex=2, result=byte[]{length=3, hash=35093}}
02:47:48.945 [raft-server-2] TRACE i.a.p.raft.roles.FollowerRole - RaftServer{2}{role=FOLLOWER} - Received AppendRequest{term=1, leader=1, prevLogIndex=72, prevLogTerm=1, entries=2, commitIndex=74}
02:47:48.945 [raft-client-613ce1dd-77b1-4b52-a0bf-d277cef86e4f-1] TRACE i.a.p.r.p.impl.RaftProxyConnection - SessionClient{2}{type=io.atomix.protocols.raft.RaftTest$TestPrimitiveType@35bfa1bb, name=raft-test} - Received CommandResponse{status=OK, index=74, eventIndex=2, result=byte[]{length=3, hash=35093}} from 1
02:47:48.945 [raft-client-613ce1dd-77b1-4b52-a0bf-d277cef86e4f-1] TRACE i.a.p.r.p.impl.RaftProxySequencer - SessionClient{2}{type=io.atomix.protocols.raft.RaftTest$TestPrimitiveType@35bfa1bb, name=raft-test} - Completing response CommandResponse{status=OK, index=74, eventIndex=2, result=byte[]{length=3, hash=35093}}
02:47:48.945 [raft-client-613ce1dd-77b1-4b52-a0bf-d277cef86e4f-3] TRACE i.a.p.r.p.impl.RaftProxyConnection - SessionClient{2}{type=io.atomix.protocols.raft.RaftTest$TestPrimitiveType@35bfa1bb, name=raft-test} - Sending CommandRequest{session=2, sequence=67, operation=PrimitiveOperation{id=DefaultOperationId{id=write, type=COMMAND}, value=byte[]{length=17, hash=-1644578928}}} to 1
02:47:48.945 [raft-server-2] TRACE i.a.p.raft.roles.FollowerRole - RaftServer{2}{role=FOLLOWER} - Appended Indexed{index=73, entry=KeepAliveEntry{term=1, timestamp=2018-06-09 02:47:48,805, sessionIds=long[]{length=1, hash=33}, commandSequences=long[]{length=1, hash=95}, eventIndexes=long[]{length=1, hash=33}}}
02:47:48.946 [raft-server-2] TRACE i.a.p.raft.roles.FollowerRole - RaftServer{2}{role=FOLLOWER} - Appended Indexed{index=74, entry=CommandEntry{term=1, timestamp=2018-06-09 02:47:48,807, session=2, sequence=66, operation=PrimitiveOperation{id=DefaultOperationId{id=write, type=COMMAND}, value=byte[]{length=17, hash=-1644578928}}}}
02:47:48.946 [raft-server-1] TRACE i.a.protocols.raft.roles.LeaderRole - RaftServer{1}{role=LEADER} - Sending KeepAliveResponse{status=OK, leader=1, members=[1, 3, 2], sessionIds=long[]{length=1, hash=33}}
02:47:48.946 [raft-server-1] TRACE i.a.protocols.raft.roles.LeaderRole - RaftServer{1}{role=LEADER} - Received CommandRequest{session=2, sequence=67, operation=PrimitiveOperation{id=DefaultOperationId{id=write, type=COMMAND}, value=byte[]{length=17, hash=-1644578928}}}
02:47:48.946 [raft-server-3] TRACE i.a.p.raft.roles.FollowerRole - RaftServer{3}{role=FOLLOWER} - Sending KeepAliveResponse{status=OK, leader=1, members=[1, 3, 2], sessionIds=long[]{length=1, hash=33}}
02:47:48.947 [raft-server-1] TRACE i.a.protocols.raft.roles.LeaderRole - RaftServer{1}{role=LEADER} - Appended Indexed{index=75, entry=CommandEntry{term=1, timestamp=2018-06-09 02:47:48,947, session=2, sequence=67, operation=PrimitiveOperation{id=DefaultOperationId{id=write, type=COMMAND}, value=byte[]{length=17, hash=-1644578928}}}}
02:47:48.947 [raft-client-613ce1dd-77b1-4b52-a0bf-d277cef86e4f-0] TRACE i.a.p.r.p.impl.RaftProxyConnection - RaftClient{613ce1dd-77b1-4b52-a0bf-d277cef86e4f} - Received KeepAliveResponse{status=OK, leader=1, members=[1, 3, 2], sessionIds=long[]{length=1, hash=33}} from 3
02:47:48.947 [raft-server-1] TRACE i.a.p.raft.roles.LeaderAppender - RaftServer{1} - Sending AppendRequest{term=1, leader=1, prevLogIndex=74, prevLogTerm=1, entries=1, commitIndex=74} to 3
02:47:48.947 [raft-server-3] TRACE i.a.p.raft.roles.FollowerRole - RaftServer{3}{role=FOLLOWER} - Received AppendRequest{term=1, leader=1, prevLogIndex=74, prevLogTerm=1, entries=1, commitIndex=74}
02:47:48.947 [raft-server-3] TRACE i.a.p.raft.roles.FollowerRole - RaftServer{3}{role=FOLLOWER} - Appended Indexed{index=75, entry=CommandEntry{term=1, timestamp=2018-06-09 02:47:48,947, session=2, sequence=67, operation=PrimitiveOperation{id=DefaultOperationId{id=write, type=COMMAND}, value=byte[]{length=17, hash=-1644578928}}}}
02:47:48.990 [raft-server-2] TRACE i.a.p.raft.roles.FollowerRole - RaftServer{2}{role=FOLLOWER} - Committed entries up to index 74
02:47:48.990 [raft-server-2] TRACE i.a.p.raft.roles.FollowerRole - RaftServer{2}{role=FOLLOWER} - Sending AppendResponse{status=OK, term=1, succeeded=true, lastLogIndex=74}
02:47:48.990 [raft-server-1] TRACE i.a.p.raft.roles.LeaderAppender - RaftServer{1} - Received AppendResponse{status=OK, term=1, succeeded=true, lastLogIndex=74} from 2
02:47:48.990 [raft-server-2-state] TRACE i.a.p.raft.impl.RaftServiceManager - RaftServer{2} - Applying Indexed{index=73, entry=KeepAliveEntry{term=1, timestamp=2018-06-09 02:47:48,805, sessionIds=long[]{length=1, hash=33}, commandSequences=long[]{length=1, hash=95}, eventIndexes=long[]{length=1, hash=33}}}
02:47:48.990 [raft-server-1] TRACE i.a.p.raft.roles.LeaderAppender - RaftServer{1} - Sending AppendRequest{term=1, leader=1, prevLogIndex=74, prevLogTerm=1, entries=1, commitIndex=74} to 2
02:47:48.990 [raft-server-2] TRACE i.a.p.raft.roles.FollowerRole - RaftServer{2}{role=FOLLOWER} - Received AppendRequest{term=1, leader=1, prevLogIndex=74, prevLogTerm=1, entries=1, commitIndex=74}
02:47:48.990 [raft-server-2-state] TRACE i.a.p.raft.impl.RaftServiceManager - RaftServer{2} - Applying Indexed{index=74, entry=CommandEntry{term=1, timestamp=2018-06-09 02:47:48,807, session=2, sequence=66, operation=PrimitiveOperation{id=DefaultOperationId{id=write, type=COMMAND}, value=byte[]{length=17, hash=-1644578928}}}}
02:47:48.990 [raft-server-2-state] TRACE i.a.p.s.impl.DefaultServiceExecutor - PrimitiveService{2}{type=io.atomix.protocols.raft.RaftTest$TestPrimitiveType@8dc7f31, name=raft-test} - Executing DefaultCommit{index=74, session=RaftSession{RaftServiceContext{server=2, type=io.atomix.protocols.raft.RaftTest$TestPrimitiveType@8dc7f31, name=raft-test, id=2}, session=2, timestamp=2018-06-09 02:47:48,807}, time=2018-06-09 02:47:48,807, operation=DefaultOperationId{id=write, type=COMMAND}, value=byte[]{length=17, hash=-1644578928}}
02:47:48.990 [raft-server-2] TRACE i.a.p.raft.roles.FollowerRole - RaftServer{2}{role=FOLLOWER} - Appended Indexed{index=75, entry=CommandEntry{term=1, timestamp=2018-06-09 02:47:48,947, session=2, sequence=67, operation=PrimitiveOperation{id=DefaultOperationId{id=write, type=COMMAND}, value=byte[]{length=17, hash=-1644578928}}}}
02:47:48.990 [raft-server-2] TRACE i.a.p.raft.roles.FollowerRole - RaftServer{2}{role=FOLLOWER} - Sending AppendResponse{status=OK, term=1, succeeded=true, lastLogIndex=75}
02:47:48.991 [raft-server-1] TRACE i.a.p.raft.roles.LeaderAppender - RaftServer{1} - Received AppendResponse{status=OK, term=1, succeeded=true, lastLogIndex=75} from 2
02:47:48.991 [raft-server-1] TRACE i.a.p.raft.roles.LeaderAppender - RaftServer{1} - Committed entries up to 75
02:47:49.026 [raft-server-3] TRACE i.a.p.raft.roles.FollowerRole - RaftServer{3}{role=FOLLOWER} - Committed entries up to index 74
02:47:49.027 [raft-server-3] TRACE i.a.p.raft.roles.FollowerRole - RaftServer{3}{role=FOLLOWER} - Sending AppendResponse{status=OK, term=1, succeeded=true, lastLogIndex=75}
02:47:49.027 [raft-server-3-state] TRACE i.a.p.raft.impl.RaftServiceManager - RaftServer{3} - Applying Indexed{index=73, entry=KeepAliveEntry{term=1, timestamp=2018-06-09 02:47:48,805, sessionIds=long[]{length=1, hash=33}, commandSequences=long[]{length=1, hash=95}, eventIndexes=long[]{length=1, hash=33}}}
02:47:49.027 [raft-server-3-state] TRACE i.a.p.raft.impl.RaftServiceManager - RaftServer{3} - Applying Indexed{index=74, entry=CommandEntry{term=1, timestamp=2018-06-09 02:47:48,807, session=2, sequence=66, operation=PrimitiveOperation{id=DefaultOperationId{id=write, type=COMMAND}, value=byte[]{length=17, hash=-1644578928}}}}
02:47:49.027 [raft-server-3-state] TRACE i.a.p.s.impl.DefaultServiceExecutor - PrimitiveService{2}{type=io.atomix.protocols.raft.RaftTest$TestPrimitiveType@260d6206, name=raft-test} - Executing DefaultCommit{index=74, session=RaftSession{RaftServiceContext{server=3, type=io.atomix.protocols.raft.RaftTest$TestPrimitiveType@260d6206, name=raft-test, id=2}, session=2, timestamp=2018-06-09 02:47:48,807}, time=2018-06-09 02:47:48,807, operation=DefaultOperationId{id=write, type=COMMAND}, value=byte[]{length=17, hash=-1644578928}}
02:47:49.069 [raft-server-1] TRACE i.a.p.raft.roles.LeaderAppender - RaftServer{1} - Received AppendResponse{status=OK, term=1, succeeded=true, lastLogIndex=75} from 3
02:47:49.069 [raft-server-1-state] TRACE i.a.p.raft.impl.RaftServiceManager - RaftServer{1} - Applying Indexed{index=75, entry=CommandEntry{term=1, timestamp=2018-06-09 02:47:48,947, session=2, sequence=67, operation=PrimitiveOperation{id=DefaultOperationId{id=write, type=COMMAND}, value=byte[]{length=17, hash=-1644578928}}}}
02:47:49.069 [raft-server-1-state] TRACE i.a.p.s.impl.DefaultServiceExecutor - PrimitiveService{2}{type=io.atomix.protocols.raft.RaftTest$TestPrimitiveType@35843ad0, name=raft-test} - Executing DefaultCommit{index=75, session=RaftSession{RaftServiceContext{server=1, type=io.atomix.protocols.raft.RaftTest$TestPrimitiveType@35843ad0, name=raft-test, id=2}, session=2, timestamp=2018-06-09 02:47:48,947}, time=2018-06-09 02:47:48,947, operation=DefaultOperationId{id=write, type=COMMAND}, value=byte[]{length=17, hash=-1644578928}}
02:47:49.069 [raft-server-1-state] TRACE i.a.protocols.raft.roles.LeaderRole - RaftServer{1}{role=LEADER} - Sending CommandResponse{status=OK, index=75, eventIndex=2, result=byte[]{length=3, hash=35155}}
02:47:49.069 [raft-client-613ce1dd-77b1-4b52-a0bf-d277cef86e4f-6] TRACE i.a.p.r.p.impl.RaftProxyConnection - SessionClient{2}{type=io.atomix.protocols.raft.RaftTest$TestPrimitiveType@35bfa1bb, name=raft-test} - Received CommandResponse{status=OK, index=75, eventIndex=2, result=byte[]{length=3, hash=35155}} from 1
02:47:49.069 [raft-client-613ce1dd-77b1-4b52-a0bf-d277cef86e4f-6] TRACE i.a.p.r.p.impl.RaftProxySequencer - SessionClient{2}{type=io.atomix.protocols.raft.RaftTest$TestPrimitiveType@35bfa1bb, name=raft-test} - Completing response CommandResponse{status=OK, index=75, eventIndex=2, result=byte[]{length=3, hash=35155}}
02:47:49.070 [raft-client-613ce1dd-77b1-4b52-a0bf-d277cef86e4f-1] TRACE i.a.p.r.p.impl.RaftProxyConnection - SessionClient{2}{type=io.atomix.protocols.raft.RaftTest$TestPrimitiveType@35bfa1bb, name=raft-test} - Sending CommandRequest{session=2, sequence=68, operation=PrimitiveOperation{id=DefaultOperationId{id=write, type=COMMAND}, value=byte[]{length=17, hash=-1644578928}}} to 1
02:47:49.070 [raft-server-1] TRACE i.a.protocols.raft.roles.LeaderRole - RaftServer{1}{role=LEADER} - Received CommandRequest{session=2, sequence=68, operation=PrimitiveOperation{id=DefaultOperationId{id=write, type=COMMAND}, value=byte[]{length=17, hash=-1644578928}}}
02:47:49.070 [raft-server-1] TRACE i.a.protocols.raft.roles.LeaderRole - RaftServer{1}{role=LEADER} - Appended Indexed{index=76, entry=CommandEntry{term=1, timestamp=2018-06-09 02:47:49,070, session=2, sequence=68, operation=PrimitiveOperation{id=DefaultOperationId{id=write, type=COMMAND}, value=byte[]{length=17, hash=-1644578928}}}}
02:47:49.070 [raft-server-1] TRACE i.a.p.raft.roles.LeaderAppender - RaftServer{1} - Sending AppendRequest{term=1, leader=1, prevLogIndex=75, prevLogTerm=1, entries=1, commitIndex=75} to 3
02:47:49.070 [raft-server-3] TRACE i.a.p.raft.roles.FollowerRole - RaftServer{3}{role=FOLLOWER} - Received AppendRequest{term=1, leader=1, prevLogIndex=75, prevLogTerm=1, entries=1, commitIndex=75}
02:47:49.070 [raft-server-3] TRACE i.a.p.raft.roles.FollowerRole - RaftServer{3}{role=FOLLOWER} - Appended Indexed{index=76, entry=CommandEntry{term=1, timestamp=2018-06-09 02:47:49,070, session=2, sequence=68, operation=PrimitiveOperation{id=DefaultOperationId{id=write, type=COMMAND}, value=byte[]{length=17, hash=-1644578928}}}}
02:47:49.070 [raft-server-1] TRACE i.a.p.raft.roles.LeaderAppender - RaftServer{1} - Sending AppendRequest{term=1, leader=1, prevLogIndex=75, prevLogTerm=1, entries=1, commitIndex=75} to 2
02:47:49.071 [raft-server-2] TRACE i.a.p.raft.roles.FollowerRole - RaftServer{2}{role=FOLLOWER} - Received AppendRequest{term=1, leader=1, prevLogIndex=75, prevLogTerm=1, entries=1, commitIndex=75}
02:47:49.071 [raft-server-2] TRACE i.a.p.raft.roles.FollowerRole - RaftServer{2}{role=FOLLOWER} - Appended Indexed{index=76, entry=CommandEntry{term=1, timestamp=2018-06-09 02:47:49,070, session=2, sequence=68, operation=PrimitiveOperation{id=DefaultOperationId{id=write, type=COMMAND}, value=byte[]{length=17, hash=-1644578928}}}}
02:47:49.104 [raft-server-3] TRACE i.a.p.raft.roles.FollowerRole - RaftServer{3}{role=FOLLOWER} - Committed entries up to index 75
02:47:49.104 [raft-server-3] TRACE i.a.p.raft.roles.FollowerRole - RaftServer{3}{role=FOLLOWER} - Sending AppendResponse{status=OK, term=1, succeeded=true, lastLogIndex=76}
02:47:49.104 [raft-server-1] TRACE i.a.p.raft.roles.LeaderAppender - RaftServer{1} - Received AppendResponse{status=OK, term=1, succeeded=true, lastLogIndex=76} from 3
02:47:49.104 [raft-server-3-state] TRACE i.a.p.raft.impl.RaftServiceManager - RaftServer{3} - Applying Indexed{index=75, entry=CommandEntry{term=1, timestamp=2018-06-09 02:47:48,947, session=2, sequence=67, operation=PrimitiveOperation{id=DefaultOperationId{id=write, type=COMMAND}, value=byte[]{length=17, hash=-1644578928}}}}
02:47:49.104 [raft-server-1] TRACE i.a.p.raft.roles.LeaderAppender - RaftServer{1} - Committed entries up to 76
02:47:49.104 [raft-server-3-state] TRACE i.a.p.s.impl.DefaultServiceExecutor - PrimitiveService{2}{type=io.atomix.protocols.raft.RaftTest$TestPrimitiveType@260d6206, name=raft-test} - Executing DefaultCommit{index=75, session=RaftSession{RaftServiceContext{server=3, type=io.atomix.protocols.raft.RaftTest$TestPrimitiveType@260d6206, name=raft-test, id=2}, session=2, timestamp=2018-06-09 02:47:48,947}, time=2018-06-09 02:47:48,947, operation=DefaultOperationId{id=write, type=COMMAND}, value=byte[]{length=17, hash=-1644578928}}
02:47:49.160 [raft-server-2] TRACE i.a.p.raft.roles.FollowerRole - RaftServer{2}{role=FOLLOWER} - Committed entries up to index 75
02:47:49.160 [raft-server-2] TRACE i.a.p.raft.roles.FollowerRole - RaftServer{2}{role=FOLLOWER} - Sending AppendResponse{status=OK, term=1, succeeded=true, lastLogIndex=76}
02:47:49.160 [raft-server-2-state] TRACE i.a.p.raft.impl.RaftServiceManager - RaftServer{2} - Applying Indexed{index=75, entry=CommandEntry{term=1, timestamp=2018-06-09 02:47:48,947, session=2, sequence=67, operation=PrimitiveOperation{id=DefaultOperationId{id=write, type=COMMAND}, value=byte[]{length=17, hash=-1644578928}}}}
02:47:49.160 [raft-server-2-state] TRACE i.a.p.s.impl.DefaultServiceExecutor - PrimitiveService{2}{type=io.atomix.protocols.raft.RaftTest$TestPrimitiveType@8dc7f31, name=raft-test} - Executing DefaultCommit{index=75, session=RaftSession{RaftServiceContext{server=2, type=io.atomix.protocols.raft.RaftTest$TestPrimitiveType@8dc7f31, name=raft-test, id=2}, session=2, timestamp=2018-06-09 02:47:48,947}, time=2018-06-09 02:47:48,947, operation=DefaultOperationId{id=write, type=COMMAND}, value=byte[]{length=17, hash=-1644578928}}
02:47:49.190 [raft-server-1] TRACE i.a.p.raft.roles.LeaderAppender - RaftServer{1} - Received AppendResponse{status=OK, term=1, succeeded=true, lastLogIndex=76} from 2
02:47:49.190 [raft-server-1-state] TRACE i.a.p.raft.impl.RaftServiceManager - RaftServer{1} - Applying Indexed{index=76, entry=CommandEntry{term=1, timestamp=2018-06-09 02:47:49,070, session=2, sequence=68, operation=PrimitiveOperation{id=DefaultOperationId{id=write, type=COMMAND}, value=byte[]{length=17, hash=-1644578928}}}}
02:47:49.190 [raft-server-1-state] TRACE i.a.p.s.impl.DefaultServiceExecutor - PrimitiveService{2}{type=io.atomix.protocols.raft.RaftTest$TestPrimitiveType@35843ad0, name=raft-test} - Executing DefaultCommit{index=76, session=RaftSession{RaftServiceContext{server=1, type=io.atomix.protocols.raft.RaftTest$TestPrimitiveType@35843ad0, name=raft-test, id=2}, session=2, timestamp=2018-06-09 02:47:49,070}, time=2018-06-09 02:47:49,070, operation=DefaultOperationId{id=write, type=COMMAND}, value=byte[]{length=17, hash=-1644578928}}
02:47:49.191 [raft-server-1-state] TRACE i.a.protocols.raft.roles.LeaderRole - RaftServer{1}{role=LEADER} - Sending CommandResponse{status=OK, index=76, eventIndex=2, result=byte[]{length=3, hash=35217}}
02:47:49.191 [raft-client-613ce1dd-77b1-4b52-a0bf-d277cef86e4f-0] TRACE i.a.p.r.p.impl.RaftProxyConnection - SessionClient{2}{type=io.atomix.protocols.raft.RaftTest$TestPrimitiveType@35bfa1bb, name=raft-test} - Received CommandResponse{status=OK, index=76, eventIndex=2, result=byte[]{length=3, hash=35217}} from 1
02:47:49.191 [raft-client-613ce1dd-77b1-4b52-a0bf-d277cef86e4f-0] TRACE i.a.p.r.p.impl.RaftProxySequencer - SessionClient{2}{type=io.atomix.protocols.raft.RaftTest$TestPrimitiveType@35bfa1bb, name=raft-test} - Completing response CommandResponse{status=OK, index=76, eventIndex=2, result=byte[]{length=3, hash=35217}}
02:47:49.191 [raft-client-613ce1dd-77b1-4b52-a0bf-d277cef86e4f-5] TRACE i.a.p.r.p.impl.RaftProxyConnection - SessionClient{2}{type=io.atomix.protocols.raft.RaftTest$TestPrimitiveType@35bfa1bb, name=raft-test} - Sending CommandRequest{session=2, sequence=69, operation=PrimitiveOperation{id=DefaultOperationId{id=write, type=COMMAND}, value=byte[]{length=17, hash=-1644578928}}} to 1
02:47:49.191 [raft-server-1] TRACE i.a.protocols.raft.roles.LeaderRole - RaftServer{1}{role=LEADER} - Received CommandRequest{session=2, sequence=69, operation=PrimitiveOperation{id=DefaultOperationId{id=write, type=COMMAND}, value=byte[]{length=17, hash=-1644578928}}}
02:47:49.191 [raft-server-1] TRACE i.a.protocols.raft.roles.LeaderRole - RaftServer{1}{role=LEADER} - Appended Indexed{index=77, entry=CommandEntry{term=1, timestamp=2018-06-09 02:47:49,191, session=2, sequence=69, operation=PrimitiveOperation{id=DefaultOperationId{id=write, type=COMMAND}, value=byte[]{length=17, hash=-1644578928}}}}
02:47:49.191 [raft-server-1] TRACE i.a.p.raft.roles.LeaderAppender - RaftServer{1} - Sending AppendRequest{term=1, leader=1, prevLogIndex=76, prevLogTerm=1, entries=1, commitIndex=76} to 3
02:47:49.191 [raft-server-3] TRACE i.a.p.raft.roles.FollowerRole - RaftServer{3}{role=FOLLOWER} - Received AppendRequest{term=1, leader=1, prevLogIndex=76, prevLogTerm=1, entries=1, commitIndex=76}
02:47:49.191 [raft-server-1] TRACE i.a.p.raft.roles.LeaderAppender - RaftServer{1} - Sending AppendRequest{term=1, leader=1, prevLogIndex=76, prevLogTerm=1, entries=1, commitIndex=76} to 2
02:47:49.191 [raft-server-2] TRACE i.a.p.raft.roles.FollowerRole - RaftServer{2}{role=FOLLOWER} - Received AppendRequest{term=1, leader=1, prevLogIndex=76, prevLogTerm=1, entries=1, commitIndex=76}
02:47:49.191 [raft-server-3] TRACE i.a.p.raft.roles.FollowerRole - RaftServer{3}{role=FOLLOWER} - Appended Indexed{index=77, entry=CommandEntry{term=1, timestamp=2018-06-09 02:47:49,191, session=2, sequence=69, operation=PrimitiveOperation{id=DefaultOperationId{id=write, type=COMMAND}, value=byte[]{length=17, hash=-1644578928}}}}
02:47:49.191 [raft-server-2] TRACE i.a.p.raft.roles.FollowerRole - RaftServer{2}{role=FOLLOWER} - Appended Indexed{index=77, entry=CommandEntry{term=1, timestamp=2018-06-09 02:47:49,191, session=2, sequence=69, operation=PrimitiveOperation{id=DefaultOperationId{id=write, type=COMMAND}, value=byte[]{length=17, hash=-1644578928}}}}
02:47:49.229 [raft-server-2] TRACE i.a.p.raft.roles.FollowerRole - RaftServer{2}{role=FOLLOWER} - Committed entries up to index 76
02:47:49.229 [raft-server-3] TRACE i.a.p.raft.roles.FollowerRole - RaftServer{3}{role=FOLLOWER} - Committed entries up to index 76
02:47:49.229 [raft-server-2] TRACE i.a.p.raft.roles.FollowerRole - RaftServer{2}{role=FOLLOWER} - Sending AppendResponse{status=OK, term=1, succeeded=true, lastLogIndex=77}
02:47:49.229 [raft-server-3] TRACE i.a.p.raft.roles.FollowerRole - RaftServer{3}{role=FOLLOWER} - Sending AppendResponse{status=OK, term=1, succeeded=true, lastLogIndex=77}
02:47:49.229 [raft-server-1] TRACE i.a.p.raft.roles.LeaderAppender - RaftServer{1} - Received AppendResponse{status=OK, term=1, succeeded=true, lastLogIndex=77} from 2
02:47:49.229 [raft-server-2-state] TRACE i.a.p.raft.impl.RaftServiceManager - RaftServer{2} - Applying Indexed{index=76, entry=CommandEntry{term=1, timestamp=2018-06-09 02:47:49,070, session=2, sequence=68, operation=PrimitiveOperation{id=DefaultOperationId{id=write, type=COMMAND}, value=byte[]{length=17, hash=-1644578928}}}}
02:47:49.229 [raft-server-3-state] TRACE i.a.p.raft.impl.RaftServiceManager - RaftServer{3} - Applying Indexed{index=76, entry=CommandEntry{term=1, timestamp=2018-06-09 02:47:49,070, session=2, sequence=68, operation=PrimitiveOperation{id=DefaultOperationId{id=write, type=COMMAND}, value=byte[]{length=17, hash=-1644578928}}}}
02:47:49.229 [raft-server-1] TRACE i.a.p.raft.roles.LeaderAppender - RaftServer{1} - Committed entries up to 77
02:47:49.229 [raft-server-2-state] TRACE i.a.p.s.impl.DefaultServiceExecutor - PrimitiveService{2}{type=io.atomix.protocols.raft.RaftTest$TestPrimitiveType@8dc7f31, name=raft-test} - Executing DefaultCommit{index=76, session=RaftSession{RaftServiceContext{server=2, type=io.atomix.protocols.raft.RaftTest$TestPrimitiveType@8dc7f31, name=raft-test, id=2}, session=2, timestamp=2018-06-09 02:47:49,070}, time=2018-06-09 02:47:49,070, operation=DefaultOperationId{id=write, type=COMMAND}, value=byte[]{length=17, hash=-1644578928}}
02:47:49.229 [raft-server-3-state] TRACE i.a.p.s.impl.DefaultServiceExecutor - PrimitiveService{2}{type=io.atomix.protocols.raft.RaftTest$TestPrimitiveType@260d6206, name=raft-test} - Executing DefaultCommit{index=76, session=RaftSession{RaftServiceContext{server=3, type=io.atomix.protocols.raft.RaftTest$TestPrimitiveType@260d6206, name=raft-test, id=2}, session=2, timestamp=2018-06-09 02:47:49,070}, time=2018-06-09 02:47:49,070, operation=DefaultOperationId{id=write, type=COMMAND}, value=byte[]{length=17, hash=-1644578928}}
02:47:49.285 [raft-server-1] TRACE i.a.p.raft.roles.LeaderAppender - RaftServer{1} - Sending AppendRequest{term=1, leader=1, prevLogIndex=77, prevLogTerm=1, entries=0, commitIndex=77} to 2
02:47:49.285 [raft-server-1] TRACE i.a.p.raft.roles.LeaderAppender - RaftServer{1} - Received AppendResponse{status=OK, term=1, succeeded=true, lastLogIndex=77} from 3
02:47:49.285 [raft-server-2] TRACE i.a.p.raft.roles.FollowerRole - RaftServer{2}{role=FOLLOWER} - Received AppendRequest{term=1, leader=1, prevLogIndex=77, prevLogTerm=1, entries=0, commitIndex=77}
02:47:49.285 [raft-server-1] TRACE i.a.p.raft.roles.LeaderAppender - RaftServer{1} - Sending AppendRequest{term=1, leader=1, prevLogIndex=77, prevLogTerm=1, entries=0, commitIndex=77} to 3
02:47:49.285 [raft-server-3] TRACE i.a.p.raft.roles.FollowerRole - RaftServer{3}{role=FOLLOWER} - Received AppendRequest{term=1, leader=1, prevLogIndex=77, prevLogTerm=1, entries=0, commitIndex=77}
02:47:49.286 [raft-server-1-state] TRACE i.a.p.raft.impl.RaftServiceManager - RaftServer{1} - Applying Indexed{index=77, entry=CommandEntry{term=1, timestamp=2018-06-09 02:47:49,191, session=2, sequence=69, operation=PrimitiveOperation{id=DefaultOperationId{id=write, type=COMMAND}, value=byte[]{length=17, hash=-1644578928}}}}
02:47:49.286 [raft-server-1-state] TRACE i.a.p.s.impl.DefaultServiceExecutor - PrimitiveService{2}{type=io.atomix.protocols.raft.RaftTest$TestPrimitiveType@35843ad0, name=raft-test} - Executing DefaultCommit{index=77, session=RaftSession{RaftServiceContext{server=1, type=io.atomix.protocols.raft.RaftTest$TestPrimitiveType@35843ad0, name=raft-test, id=2}, session=2, timestamp=2018-06-09 02:47:49,191}, time=2018-06-09 02:47:49,191, operation=DefaultOperationId{id=write, type=COMMAND}, value=byte[]{length=17, hash=-1644578928}}
02:47:49.286 [raft-server-1-state] TRACE i.a.protocols.raft.roles.LeaderRole - RaftServer{1}{role=LEADER} - Sending CommandResponse{status=OK, index=77, eventIndex=2, result=byte[]{length=3, hash=35279}}
02:47:49.286 [raft-client-613ce1dd-77b1-4b52-a0bf-d277cef86e4f-3] TRACE i.a.p.r.p.impl.RaftProxyConnection - SessionClient{2}{type=io.atomix.protocols.raft.RaftTest$TestPrimitiveType@35bfa1bb, name=raft-test} - Received CommandResponse{status=OK, index=77, eventIndex=2, result=byte[]{length=3, hash=35279}} from 1
02:47:49.286 [raft-client-613ce1dd-77b1-4b52-a0bf-d277cef86e4f-3] TRACE i.a.p.r.p.impl.RaftProxySequencer - SessionClient{2}{type=io.atomix.protocols.raft.RaftTest$TestPrimitiveType@35bfa1bb, name=raft-test} - Completing response CommandResponse{status=OK, index=77, eventIndex=2, result=byte[]{length=3, hash=35279}}
02:47:49.286 [raft-client-613ce1dd-77b1-4b52-a0bf-d277cef86e4f-7] TRACE i.a.p.r.p.impl.RaftProxyConnection - SessionClient{2}{type=io.atomix.protocols.raft.RaftTest$TestPrimitiveType@35bfa1bb, name=raft-test} - Sending CommandRequest{session=2, sequence=70, operation=PrimitiveOperation{id=DefaultOperationId{id=write, type=COMMAND}, value=byte[]{length=17, hash=-1644578928}}} to 1
02:47:49.286 [raft-server-1] TRACE i.a.protocols.raft.roles.LeaderRole - RaftServer{1}{role=LEADER} - Received CommandRequest{session=2, sequence=70, operation=PrimitiveOperation{id=DefaultOperationId{id=write, type=COMMAND}, value=byte[]{length=17, hash=-1644578928}}}
02:47:49.287 [raft-server-1] TRACE i.a.protocols.raft.roles.LeaderRole - RaftServer{1}{role=LEADER} - Appended Indexed{index=78, entry=CommandEntry{term=1, timestamp=2018-06-09 02:47:49,287, session=2, sequence=70, operation=PrimitiveOperation{id=DefaultOperationId{id=write, type=COMMAND}, value=byte[]{length=17, hash=-1644578928}}}}
02:47:49.360 [raft-server-2] TRACE i.a.p.raft.roles.FollowerRole - RaftServer{2}{role=FOLLOWER} - Committed entries up to index 77
02:47:49.360 [raft-server-2] TRACE i.a.p.raft.roles.FollowerRole - RaftServer{2}{role=FOLLOWER} - Sending AppendResponse{status=OK, term=1, succeeded=true, lastLogIndex=77}
02:47:49.360 [raft-server-1] TRACE i.a.p.raft.roles.LeaderAppender - RaftServer{1} - Received AppendResponse{status=OK, term=1, succeeded=true, lastLogIndex=77} from 2
02:47:49.360 [raft-server-2-state] TRACE i.a.p.raft.impl.RaftServiceManager - RaftServer{2} - Applying Indexed{index=77, entry=CommandEntry{term=1, timestamp=2018-06-09 02:47:49,191, session=2, sequence=69, operation=PrimitiveOperation{id=DefaultOperationId{id=write, type=COMMAND}, value=byte[]{length=17, hash=-1644578928}}}}
02:47:49.360 [raft-server-1] TRACE i.a.p.raft.roles.LeaderAppender - RaftServer{1} - Sending AppendRequest{term=1, leader=1, prevLogIndex=77, prevLogTerm=1, entries=1, commitIndex=77} to 2
02:47:49.360 [raft-server-2] TRACE i.a.p.raft.roles.FollowerRole - RaftServer{2}{role=FOLLOWER} - Received AppendRequest{term=1, leader=1, prevLogIndex=77, prevLogTerm=1, entries=1, commitIndex=77}
02:47:49.360 [raft-server-2-state] TRACE i.a.p.s.impl.DefaultServiceExecutor - PrimitiveService{2}{type=io.atomix.protocols.raft.RaftTest$TestPrimitiveType@8dc7f31, name=raft-test} - Executing DefaultCommit{index=77, session=RaftSession{RaftServiceContext{server=2, type=io.atomix.protocols.raft.RaftTest$TestPrimitiveType@8dc7f31, name=raft-test, id=2}, session=2, timestamp=2018-06-09 02:47:49,191}, time=2018-06-09 02:47:49,191, operation=DefaultOperationId{id=write, type=COMMAND}, value=byte[]{length=17, hash=-1644578928}}
02:47:49.361 [raft-server-2] TRACE i.a.p.raft.roles.FollowerRole - RaftServer{2}{role=FOLLOWER} - Appended Indexed{index=78, entry=CommandEntry{term=1, timestamp=2018-06-09 02:47:49,287, session=2, sequence=70, operation=PrimitiveOperation{id=DefaultOperationId{id=write, type=COMMAND}, value=byte[]{length=17, hash=-1644578928}}}}
02:47:49.361 [raft-server-2] TRACE i.a.p.raft.roles.FollowerRole - RaftServer{2}{role=FOLLOWER} - Sending AppendResponse{status=OK, term=1, succeeded=true, lastLogIndex=78}
02:47:49.361 [raft-server-1] TRACE i.a.p.raft.roles.LeaderAppender - RaftServer{1} - Received AppendResponse{status=OK, term=1, succeeded=true, lastLogIndex=78} from 2
02:47:49.361 [raft-server-1] TRACE i.a.p.raft.roles.LeaderAppender - RaftServer{1} - Committed entries up to 78
02:47:49.421 [raft-server-3] TRACE i.a.p.raft.roles.FollowerRole - RaftServer{3}{role=FOLLOWER} - Committed entries up to index 77
02:47:49.421 [raft-server-3] TRACE i.a.p.raft.roles.FollowerRole - RaftServer{3}{role=FOLLOWER} - Sending AppendResponse{status=OK, term=1, succeeded=true, lastLogIndex=77}
02:47:49.421 [raft-server-3-state] TRACE i.a.p.raft.impl.RaftServiceManager - RaftServer{3} - Applying Indexed{index=77, entry=CommandEntry{term=1, timestamp=2018-06-09 02:47:49,191, session=2, sequence=69, operation=PrimitiveOperation{id=DefaultOperationId{id=write, type=COMMAND}, value=byte[]{length=17, hash=-1644578928}}}}
02:47:49.421 [raft-server-3-state] TRACE i.a.p.s.impl.DefaultServiceExecutor - PrimitiveService{2}{type=io.atomix.protocols.raft.RaftTest$TestPrimitiveType@260d6206, name=raft-test} - Executing DefaultCommit{index=77, session=RaftSession{RaftServiceContext{server=3, type=io.atomix.protocols.raft.RaftTest$TestPrimitiveType@260d6206, name=raft-test, id=2}, session=2, timestamp=2018-06-09 02:47:49,191}, time=2018-06-09 02:47:49,191, operation=DefaultOperationId{id=write, type=COMMAND}, value=byte[]{length=17, hash=-1644578928}}
02:47:49.454 [raft-server-1] TRACE i.a.p.raft.roles.LeaderAppender - RaftServer{1} - Received AppendResponse{status=OK, term=1, succeeded=true, lastLogIndex=77} from 3
02:47:49.454 [raft-server-1] TRACE i.a.p.raft.roles.LeaderAppender - RaftServer{1} - Sending AppendRequest{term=1, leader=1, prevLogIndex=77, prevLogTerm=1, entries=1, commitIndex=78} to 3
02:47:49.455 [raft-server-3] TRACE i.a.p.raft.roles.FollowerRole - RaftServer{3}{role=FOLLOWER} - Received AppendRequest{term=1, leader=1, prevLogIndex=77, prevLogTerm=1, entries=1, commitIndex=78}
02:47:49.455 [raft-server-1-state] TRACE i.a.p.raft.impl.RaftServiceManager - RaftServer{1} - Applying Indexed{index=78, entry=CommandEntry{term=1, timestamp=2018-06-09 02:47:49,287, session=2, sequence=70, operation=PrimitiveOperation{id=DefaultOperationId{id=write, type=COMMAND}, value=byte[]{length=17, hash=-1644578928}}}}
02:47:49.455 [raft-server-3] TRACE i.a.p.raft.roles.FollowerRole - RaftServer{3}{role=FOLLOWER} - Appended Indexed{index=78, entry=CommandEntry{term=1, timestamp=2018-06-09 02:47:49,287, session=2, sequence=70, operation=PrimitiveOperation{id=DefaultOperationId{id=write, type=COMMAND}, value=byte[]{length=17, hash=-1644578928}}}}
02:47:49.455 [raft-server-1-state] TRACE i.a.p.s.impl.DefaultServiceExecutor - PrimitiveService{2}{type=io.atomix.protocols.raft.RaftTest$TestPrimitiveType@35843ad0, name=raft-test} - Executing DefaultCommit{index=78, session=RaftSession{RaftServiceContext{server=1, type=io.atomix.protocols.raft.RaftTest$TestPrimitiveType@35843ad0, name=raft-test, id=2}, session=2, timestamp=2018-06-09 02:47:49,287}, time=2018-06-09 02:47:49,287, operation=DefaultOperationId{id=write, type=COMMAND}, value=byte[]{length=17, hash=-1644578928}}
02:47:49.455 [raft-server-1-state] TRACE i.a.protocols.raft.roles.LeaderRole - RaftServer{1}{role=LEADER} - Sending CommandResponse{status=OK, index=78, eventIndex=2, result=byte[]{length=3, hash=35341}}
02:47:49.455 [raft-client-613ce1dd-77b1-4b52-a0bf-d277cef86e4f-6] TRACE i.a.p.r.p.impl.RaftProxyConnection - SessionClient{2}{type=io.atomix.protocols.raft.RaftTest$TestPrimitiveType@35bfa1bb, name=raft-test} - Received CommandResponse{status=OK, index=78, eventIndex=2, result=byte[]{length=3, hash=35341}} from 1
02:47:49.455 [raft-client-613ce1dd-77b1-4b52-a0bf-d277cef86e4f-6] TRACE i.a.p.r.p.impl.RaftProxySequencer - SessionClient{2}{type=io.atomix.protocols.raft.RaftTest$TestPrimitiveType@35bfa1bb, name=raft-test} - Completing response CommandResponse{status=OK, index=78, eventIndex=2, result=byte[]{length=3, hash=35341}}
02:47:49.456 [raft-client-613ce1dd-77b1-4b52-a0bf-d277cef86e4f-6] TRACE i.a.p.r.p.impl.RaftProxyConnection - SessionClient{2}{type=io.atomix.protocols.raft.RaftTest$TestPrimitiveType@35bfa1bb, name=raft-test} - Sending CommandRequest{session=2, sequence=71, operation=PrimitiveOperation{id=DefaultOperationId{id=write, type=COMMAND}, value=byte[]{length=17, hash=-1644578928}}} to 1
02:47:49.456 [raft-server-1] TRACE i.a.protocols.raft.roles.LeaderRole - RaftServer{1}{role=LEADER} - Received CommandRequest{session=2, sequence=71, operation=PrimitiveOperation{id=DefaultOperationId{id=write, type=COMMAND}, value=byte[]{length=17, hash=-1644578928}}}
02:47:49.456 [raft-server-1] TRACE i.a.protocols.raft.roles.LeaderRole - RaftServer{1}{role=LEADER} - Appended Indexed{index=79, entry=CommandEntry{term=1, timestamp=2018-06-09 02:47:49,456, session=2, sequence=71, operation=PrimitiveOperation{id=DefaultOperationId{id=write, type=COMMAND}, value=byte[]{length=17, hash=-1644578928}}}}
02:47:49.456 [raft-server-1] TRACE i.a.p.raft.roles.LeaderAppender - RaftServer{1} - Sending AppendRequest{term=1, leader=1, prevLogIndex=78, prevLogTerm=1, entries=1, commitIndex=78} to 2
02:47:49.457 [raft-server-2] TRACE i.a.p.raft.roles.FollowerRole - RaftServer{2}{role=FOLLOWER} - Received AppendRequest{term=1, leader=1, prevLogIndex=78, prevLogTerm=1, entries=1, commitIndex=78}
02:47:49.457 [raft-server-2] TRACE i.a.p.raft.roles.FollowerRole - RaftServer{2}{role=FOLLOWER} - Appended Indexed{index=79, entry=CommandEntry{term=1, timestamp=2018-06-09 02:47:49,456, session=2, sequence=71, operation=PrimitiveOperation{id=DefaultOperationId{id=write, type=COMMAND}, value=byte[]{length=17, hash=-1644578928}}}}
02:47:49.529 [raft-server-3] TRACE i.a.p.raft.roles.FollowerRole - RaftServer{3}{role=FOLLOWER} - Committed entries up to index 78
02:47:49.529 [raft-server-3] TRACE i.a.p.raft.roles.FollowerRole - RaftServer{3}{role=FOLLOWER} - Sending AppendResponse{status=OK, term=1, succeeded=true, lastLogIndex=78}
02:47:49.529 [raft-server-1] TRACE i.a.p.raft.roles.LeaderAppender - RaftServer{1} - Received AppendResponse{status=OK, term=1, succeeded=true, lastLogIndex=78} from 3
02:47:49.529 [raft-server-1] TRACE i.a.p.raft.roles.LeaderAppender - RaftServer{1} - Sending AppendRequest{term=1, leader=1, prevLogIndex=78, prevLogTerm=1, entries=1, commitIndex=78} to 3
02:47:49.529 [raft-server-3-state] TRACE i.a.p.raft.impl.RaftServiceManager - RaftServer{3} - Applying Indexed{index=78, entry=CommandEntry{term=1, timestamp=2018-06-09 02:47:49,287, session=2, sequence=70, operation=PrimitiveOperation{id=DefaultOperationId{id=write, type=COMMAND}, value=byte[]{length=17, hash=-1644578928}}}}
02:47:49.529 [raft-server-3] TRACE i.a.p.raft.roles.FollowerRole - RaftServer{3}{role=FOLLOWER} - Received AppendRequest{term=1, leader=1, prevLogIndex=78, prevLogTerm=1, entries=1, commitIndex=78}
02:47:49.529 [raft-server-3-state] TRACE i.a.p.s.impl.DefaultServiceExecutor - PrimitiveService{2}{type=io.atomix.protocols.raft.RaftTest$TestPrimitiveType@260d6206, name=raft-test} - Executing DefaultCommit{index=78, session=RaftSession{RaftServiceContext{server=3, type=io.atomix.protocols.raft.RaftTest$TestPrimitiveType@260d6206, name=raft-test, id=2}, session=2, timestamp=2018-06-09 02:47:49,287}, time=2018-06-09 02:47:49,287, operation=DefaultOperationId{id=write, type=COMMAND}, value=byte[]{length=17, hash=-1644578928}}
02:47:49.530 [raft-server-3] TRACE i.a.p.raft.roles.FollowerRole - RaftServer{3}{role=FOLLOWER} - Appended Indexed{index=79, entry=CommandEntry{term=1, timestamp=2018-06-09 02:47:49,456, session=2, sequence=71, operation=PrimitiveOperation{id=DefaultOperationId{id=write, type=COMMAND}, value=byte[]{length=17, hash=-1644578928}}}}
02:47:49.530 [raft-server-3] TRACE i.a.p.raft.roles.FollowerRole - RaftServer{3}{role=FOLLOWER} - Sending AppendResponse{status=OK, term=1, succeeded=true, lastLogIndex=79}
02:47:49.530 [raft-server-1] TRACE i.a.p.raft.roles.LeaderAppender - RaftServer{1} - Received AppendResponse{status=OK, term=1, succeeded=true, lastLogIndex=79} from 3
02:47:49.530 [raft-server-1] TRACE i.a.p.raft.roles.LeaderAppender - RaftServer{1} - Committed entries up to 79
02:47:49.610 [raft-server-2] TRACE i.a.p.raft.roles.FollowerRole - RaftServer{2}{role=FOLLOWER} - Committed entries up to index 78
02:47:49.610 [raft-server-2] TRACE i.a.p.raft.roles.FollowerRole - RaftServer{2}{role=FOLLOWER} - Sending AppendResponse{status=OK, term=1, succeeded=true, lastLogIndex=79}
02:47:49.610 [raft-server-2-state] TRACE i.a.p.raft.impl.RaftServiceManager - RaftServer{2} - Applying Indexed{index=78, entry=CommandEntry{term=1, timestamp=2018-06-09 02:47:49,287, session=2, sequence=70, operation=PrimitiveOperation{id=DefaultOperationId{id=write, type=COMMAND}, value=byte[]{length=17, hash=-1644578928}}}}
02:47:49.610 [raft-server-2-state] TRACE i.a.p.s.impl.DefaultServiceExecutor - PrimitiveService{2}{type=io.atomix.protocols.raft.RaftTest$TestPrimitiveType@8dc7f31, name=raft-test} - Executing DefaultCommit{index=78, session=RaftSession{RaftServiceContext{server=2, type=io.atomix.protocols.raft.RaftTest$TestPrimitiveType@8dc7f31, name=raft-test, id=2}, session=2, timestamp=2018-06-09 02:47:49,287}, time=2018-06-09 02:47:49,287, operation=DefaultOperationId{id=write, type=COMMAND}, value=byte[]{length=17, hash=-1644578928}}
02:47:49.737 [raft-server-1] TRACE i.a.p.raft.roles.LeaderAppender - RaftServer{1} - Received AppendResponse{status=OK, term=1, succeeded=true, lastLogIndex=79} from 2
02:47:49.738 [raft-server-1] TRACE i.a.p.raft.roles.LeaderAppender - RaftServer{1} - Sending AppendRequest{term=1, leader=1, prevLogIndex=79, prevLogTerm=1, entries=0, commitIndex=79} to 3
02:47:49.738 [raft-server-1] TRACE i.a.p.raft.roles.LeaderAppender - RaftServer{1} - Sending AppendRequest{term=1, leader=1, prevLogIndex=79, prevLogTerm=1, entries=0, commitIndex=79} to 2
02:47:49.738 [raft-server-3] TRACE i.a.p.raft.roles.FollowerRole - RaftServer{3}{role=FOLLOWER} - Received AppendRequest{term=1, leader=1, prevLogIndex=79, prevLogTerm=1, entries=0, commitIndex=79}
02:47:49.738 [raft-server-2] TRACE i.a.p.raft.roles.FollowerRole - RaftServer{2}{role=FOLLOWER} - Received AppendRequest{term=1, leader=1, prevLogIndex=79, prevLogTerm=1, entries=0, commitIndex=79}
02:47:49.738 [raft-server-1-state] TRACE i.a.p.raft.impl.RaftServiceManager - RaftServer{1} - Applying Indexed{index=79, entry=CommandEntry{term=1, timestamp=2018-06-09 02:47:49,456, session=2, sequence=71, operation=PrimitiveOperation{id=DefaultOperationId{id=write, type=COMMAND}, value=byte[]{length=17, hash=-1644578928}}}}
02:47:49.738 [raft-server-1-state] TRACE i.a.p.s.impl.DefaultServiceExecutor - PrimitiveService{2}{type=io.atomix.protocols.raft.RaftTest$TestPrimitiveType@35843ad0, name=raft-test} - Executing DefaultCommit{index=79, session=RaftSession{RaftServiceContext{server=1, type=io.atomix.protocols.raft.RaftTest$TestPrimitiveType@35843ad0, name=raft-test, id=2}, session=2, timestamp=2018-06-09 02:47:49,456}, time=2018-06-09 02:47:49,456, operation=DefaultOperationId{id=write, type=COMMAND}, value=byte[]{length=17, hash=-1644578928}}
02:47:49.738 [raft-server-1-state] TRACE i.a.protocols.raft.roles.LeaderRole - RaftServer{1}{role=LEADER} - Sending CommandResponse{status=OK, index=79, eventIndex=2, result=byte[]{length=3, hash=35403}}
02:47:49.738 [raft-client-613ce1dd-77b1-4b52-a0bf-d277cef86e4f-0] TRACE i.a.p.r.p.impl.RaftProxyConnection - SessionClient{2}{type=io.atomix.protocols.raft.RaftTest$TestPrimitiveType@35bfa1bb, name=raft-test} - Received CommandResponse{status=OK, index=79, eventIndex=2, result=byte[]{length=3, hash=35403}} from 1
02:47:49.738 [raft-client-613ce1dd-77b1-4b52-a0bf-d277cef86e4f-0] TRACE i.a.p.r.p.impl.RaftProxySequencer - SessionClient{2}{type=io.atomix.protocols.raft.RaftTest$TestPrimitiveType@35bfa1bb, name=raft-test} - Completing response CommandResponse{status=OK, index=79, eventIndex=2, result=byte[]{length=3, hash=35403}}
02:47:49.738 [raft-client-613ce1dd-77b1-4b52-a0bf-d277cef86e4f-1] TRACE i.a.p.r.p.impl.RaftProxyConnection - SessionClient{2}{type=io.atomix.protocols.raft.RaftTest$TestPrimitiveType@35bfa1bb, name=raft-test} - Sending CommandRequest{session=2, sequence=72, operation=PrimitiveOperation{id=DefaultOperationId{id=write, type=COMMAND}, value=byte[]{length=17, hash=-1644578928}}} to 1
02:47:49.739 [raft-server-1] TRACE i.a.protocols.raft.roles.LeaderRole - RaftServer{1}{role=LEADER} - Received CommandRequest{session=2, sequence=72, operation=PrimitiveOperation{id=DefaultOperationId{id=write, type=COMMAND}, value=byte[]{length=17, hash=-1644578928}}}
02:47:49.739 [raft-server-1] TRACE i.a.protocols.raft.roles.LeaderRole - RaftServer{1}{role=LEADER} - Appended Indexed{index=80, entry=CommandEntry{term=1, timestamp=2018-06-09 02:47:49,739, session=2, sequence=72, operation=PrimitiveOperation{id=DefaultOperationId{id=write, type=COMMAND}, value=byte[]{length=17, hash=-1644578928}}}}
02:47:49.822 [raft-server-3] TRACE i.a.p.raft.roles.FollowerRole - RaftServer{3}{role=FOLLOWER} - Committed entries up to index 79
02:47:49.822 [raft-server-2] TRACE i.a.p.raft.roles.FollowerRole - RaftServer{2}{role=FOLLOWER} - Committed entries up to index 79
02:47:49.823 [raft-server-3] TRACE i.a.p.raft.roles.FollowerRole - RaftServer{3}{role=FOLLOWER} - Sending AppendResponse{status=OK, term=1, succeeded=true, lastLogIndex=79}
02:47:49.823 [raft-server-2] TRACE i.a.p.raft.roles.FollowerRole - RaftServer{2}{role=FOLLOWER} - Sending AppendResponse{status=OK, term=1, succeeded=true, lastLogIndex=79}
02:47:49.823 [raft-server-1] TRACE i.a.p.raft.roles.LeaderAppender - RaftServer{1} - Received AppendResponse{status=OK, term=1, succeeded=true, lastLogIndex=79} from 3
02:47:49.823 [raft-server-3-state] TRACE i.a.p.raft.impl.RaftServiceManager - RaftServer{3} - Applying Indexed{index=79, entry=CommandEntry{term=1, timestamp=2018-06-09 02:47:49,456, session=2, sequence=71, operation=PrimitiveOperation{id=DefaultOperationId{id=write, type=COMMAND}, value=byte[]{length=17, hash=-1644578928}}}}
02:47:49.823 [raft-server-2-state] TRACE i.a.p.raft.impl.RaftServiceManager - RaftServer{2} - Applying Indexed{index=79, entry=CommandEntry{term=1, timestamp=2018-06-09 02:47:49,456, session=2, sequence=71, operation=PrimitiveOperation{id=DefaultOperationId{id=write, type=COMMAND}, value=byte[]{length=17, hash=-1644578928}}}}
02:47:49.823 [raft-server-1] TRACE i.a.p.raft.roles.LeaderAppender - RaftServer{1} - Sending AppendRequest{term=1, leader=1, prevLogIndex=79, prevLogTerm=1, entries=1, commitIndex=79} to 3
02:47:49.823 [raft-server-3-state] TRACE i.a.p.s.impl.DefaultServiceExecutor - PrimitiveService{2}{type=io.atomix.protocols.raft.RaftTest$TestPrimitiveType@260d6206, name=raft-test} - Executing DefaultCommit{index=79, session=RaftSession{RaftServiceContext{server=3, type=io.atomix.protocols.raft.RaftTest$TestPrimitiveType@260d6206, name=raft-test, id=2}, session=2, timestamp=2018-06-09 02:47:49,456}, time=2018-06-09 02:47:49,456, operation=DefaultOperationId{id=write, type=COMMAND}, value=byte[]{length=17, hash=-1644578928}}
02:47:49.823 [raft-server-2-state] TRACE i.a.p.s.impl.DefaultServiceExecutor - PrimitiveService{2}{type=io.atomix.protocols.raft.RaftTest$TestPrimitiveType@8dc7f31, name=raft-test} - Executing DefaultCommit{index=79, session=RaftSession{RaftServiceContext{server=2, type=io.atomix.protocols.raft.RaftTest$TestPrimitiveType@8dc7f31, name=raft-test, id=2}, session=2, timestamp=2018-06-09 02:47:49,456}, time=2018-06-09 02:47:49,456, operation=DefaultOperationId{id=write, type=COMMAND}, value=byte[]{length=17, hash=-1644578928}}
02:47:49.823 [raft-server-1] TRACE i.a.p.raft.roles.LeaderAppender - RaftServer{1} - Sending AppendRequest{term=1, leader=1, prevLogIndex=79, prevLogTerm=1, entries=1, commitIndex=79} to 2
02:47:49.823 [raft-server-2] TRACE i.a.p.raft.roles.FollowerRole - RaftServer{2}{role=FOLLOWER} - Received AppendRequest{term=1, leader=1, prevLogIndex=79, prevLogTerm=1, entries=1, commitIndex=79}
02:47:49.823 [raft-server-1] TRACE i.a.p.raft.roles.LeaderAppender - RaftServer{1} - Received AppendResponse{status=OK, term=1, succeeded=true, lastLogIndex=79} from 2
02:47:49.823 [raft-server-3] TRACE i.a.p.raft.roles.FollowerRole - RaftServer{3}{role=FOLLOWER} - Received AppendRequest{term=1, leader=1, prevLogIndex=79, prevLogTerm=1, entries=1, commitIndex=79}
02:47:49.823 [raft-server-2] TRACE i.a.p.raft.roles.FollowerRole - RaftServer{2}{role=FOLLOWER} - Appended Indexed{index=80, entry=CommandEntry{term=1, timestamp=2018-06-09 02:47:49,739, session=2, sequence=72, operation=PrimitiveOperation{id=DefaultOperationId{id=write, type=COMMAND}, value=byte[]{length=17, hash=-1644578928}}}}
02:47:49.824 [raft-server-2] TRACE i.a.p.raft.roles.FollowerRole - RaftServer{2}{role=FOLLOWER} - Sending AppendResponse{status=OK, term=1, succeeded=true, lastLogIndex=80}
02:47:49.824 [raft-server-3] TRACE i.a.p.raft.roles.FollowerRole - RaftServer{3}{role=FOLLOWER} - Appended Indexed{index=80, entry=CommandEntry{term=1, timestamp=2018-06-09 02:47:49,739, session=2, sequence=72, operation=PrimitiveOperation{id=DefaultOperationId{id=write, type=COMMAND}, value=byte[]{length=17, hash=-1644578928}}}}
02:47:49.824 [raft-server-3] TRACE i.a.p.raft.roles.FollowerRole - RaftServer{3}{role=FOLLOWER} - Sending AppendResponse{status=OK, term=1, succeeded=true, lastLogIndex=80}
02:47:49.824 [raft-server-1] TRACE i.a.p.raft.roles.LeaderAppender - RaftServer{1} - Received AppendResponse{status=OK, term=1, succeeded=true, lastLogIndex=80} from 2
02:47:49.824 [raft-server-1] TRACE i.a.p.raft.roles.LeaderAppender - RaftServer{1} - Committed entries up to 80
02:47:49.926 [raft-server-1] TRACE i.a.p.raft.roles.LeaderAppender - RaftServer{1} - Received AppendResponse{status=OK, term=1, succeeded=true, lastLogIndex=80} from 3
02:47:49.927 [raft-server-1-state] TRACE i.a.p.raft.impl.RaftServiceManager - RaftServer{1} - Applying Indexed{index=80, entry=CommandEntry{term=1, timestamp=2018-06-09 02:47:49,739, session=2, sequence=72, operation=PrimitiveOperation{id=DefaultOperationId{id=write, type=COMMAND}, value=byte[]{length=17, hash=-1644578928}}}}
02:47:49.927 [raft-server-1-state] TRACE i.a.p.s.impl.DefaultServiceExecutor - PrimitiveService{2}{type=io.atomix.protocols.raft.RaftTest$TestPrimitiveType@35843ad0, name=raft-test} - Executing DefaultCommit{index=80, session=RaftSession{RaftServiceContext{server=1, type=io.atomix.protocols.raft.RaftTest$TestPrimitiveType@35843ad0, name=raft-test, id=2}, session=2, timestamp=2018-06-09 02:47:49,739}, time=2018-06-09 02:47:49,739, operation=DefaultOperationId{id=write, type=COMMAND}, value=byte[]{length=17, hash=-1644578928}}
02:47:49.927 [raft-server-1-state] TRACE i.a.protocols.raft.roles.LeaderRole - RaftServer{1}{role=LEADER} - Sending CommandResponse{status=OK, index=80, eventIndex=2, result=byte[]{length=3, hash=35465}}
02:47:49.927 [raft-client-613ce1dd-77b1-4b52-a0bf-d277cef86e4f-4] TRACE i.a.p.r.p.impl.RaftProxyConnection - SessionClient{2}{type=io.atomix.protocols.raft.RaftTest$TestPrimitiveType@35bfa1bb, name=raft-test} - Received CommandResponse{status=OK, index=80, eventIndex=2, result=byte[]{length=3, hash=35465}} from 1
02:47:49.927 [raft-client-613ce1dd-77b1-4b52-a0bf-d277cef86e4f-4] TRACE i.a.p.r.p.impl.RaftProxySequencer - SessionClient{2}{type=io.atomix.protocols.raft.RaftTest$TestPrimitiveType@35bfa1bb, name=raft-test} - Completing response CommandResponse{status=OK, index=80, eventIndex=2, result=byte[]{length=3, hash=35465}}
02:47:49.927 [raft-client-613ce1dd-77b1-4b52-a0bf-d277cef86e4f-5] TRACE i.a.p.r.p.impl.RaftProxyConnection - SessionClient{2}{type=io.atomix.protocols.raft.RaftTest$TestPrimitiveType@35bfa1bb, name=raft-test} - Sending CommandRequest{session=2, sequence=73, operation=PrimitiveOperation{id=DefaultOperationId{id=write, type=COMMAND}, value=byte[]{length=17, hash=-1644578928}}} to 1
02:47:49.927 [raft-server-1] TRACE i.a.protocols.raft.roles.LeaderRole - RaftServer{1}{role=LEADER} - Received CommandRequest{session=2, sequence=73, operation=PrimitiveOperation{id=DefaultOperationId{id=write, type=COMMAND}, value=byte[]{length=17, hash=-1644578928}}}
02:47:50.086 [raft-server-1] DEBUG i.a.storage.journal.SegmentedJournal - Created disk segment: JournalSegment{id=9, version=1, index=81, size=64}
02:47:50.086 [raft-server-1] TRACE i.a.protocols.raft.roles.LeaderRole - RaftServer{1}{role=LEADER} - Appended Indexed{index=81, entry=CommandEntry{term=1, timestamp=2018-06-09 02:47:49,927, session=2, sequence=73, operation=PrimitiveOperation{id=DefaultOperationId{id=write, type=COMMAND}, value=byte[]{length=17, hash=-1644578928}}}}
02:47:50.086 [raft-server-1] TRACE i.a.p.raft.roles.LeaderAppender - RaftServer{1} - Sending AppendRequest{term=1, leader=1, prevLogIndex=80, prevLogTerm=1, entries=1, commitIndex=80} to 3
02:47:50.086 [raft-server-3] TRACE i.a.p.raft.roles.FollowerRole - RaftServer{3}{role=FOLLOWER} - Received AppendRequest{term=1, leader=1, prevLogIndex=80, prevLogTerm=1, entries=1, commitIndex=80}
02:47:50.086 [raft-server-1] TRACE i.a.p.raft.roles.LeaderAppender - RaftServer{1} - Sending AppendRequest{term=1, leader=1, prevLogIndex=80, prevLogTerm=1, entries=1, commitIndex=80} to 2
02:47:50.087 [raft-server-2] TRACE i.a.p.raft.roles.FollowerRole - RaftServer{2}{role=FOLLOWER} - Received AppendRequest{term=1, leader=1, prevLogIndex=80, prevLogTerm=1, entries=1, commitIndex=80}
02:47:50.246 [raft-server-2] DEBUG i.a.storage.journal.SegmentedJournal - Created disk segment: JournalSegment{id=9, version=1, index=81, size=64}
02:47:50.246 [raft-server-2] TRACE i.a.p.raft.roles.FollowerRole - RaftServer{2}{role=FOLLOWER} - Appended Indexed{index=81, entry=CommandEntry{term=1, timestamp=2018-06-09 02:47:49,927, session=2, sequence=73, operation=PrimitiveOperation{id=DefaultOperationId{id=write, type=COMMAND}, value=byte[]{length=17, hash=-1644578928}}}}
02:47:50.290 [raft-server-3] DEBUG i.a.storage.journal.SegmentedJournal - Created disk segment: JournalSegment{id=9, version=1, index=81, size=64}
02:47:50.291 [raft-server-3] TRACE i.a.p.raft.roles.FollowerRole - RaftServer{3}{role=FOLLOWER} - Appended Indexed{index=81, entry=CommandEntry{term=1, timestamp=2018-06-09 02:47:49,927, session=2, sequence=73, operation=PrimitiveOperation{id=DefaultOperationId{id=write, type=COMMAND}, value=byte[]{length=17, hash=-1644578928}}}}
02:47:50.373 [raft-server-3] TRACE i.a.p.raft.roles.FollowerRole - RaftServer{3}{role=FOLLOWER} - Committed entries up to index 80
02:47:50.373 [raft-server-2] TRACE i.a.p.raft.roles.FollowerRole - RaftServer{2}{role=FOLLOWER} - Committed entries up to index 80
02:47:50.373 [raft-server-3] TRACE i.a.p.raft.roles.FollowerRole - RaftServer{3}{role=FOLLOWER} - Sending AppendResponse{status=OK, term=1, succeeded=true, lastLogIndex=81}
02:47:50.374 [raft-server-2] TRACE i.a.p.raft.roles.FollowerRole - RaftServer{2}{role=FOLLOWER} - Sending AppendResponse{status=OK, term=1, succeeded=true, lastLogIndex=81}
02:47:50.374 [raft-server-1] TRACE i.a.p.raft.roles.LeaderAppender - RaftServer{1} - Received AppendResponse{status=OK, term=1, succeeded=true, lastLogIndex=81} from 3
02:47:50.374 [raft-server-2-state] TRACE i.a.p.raft.impl.RaftServiceManager - RaftServer{2} - Applying Indexed{index=80, entry=CommandEntry{term=1, timestamp=2018-06-09 02:47:49,739, session=2, sequence=72, operation=PrimitiveOperation{id=DefaultOperationId{id=write, type=COMMAND}, value=byte[]{length=17, hash=-1644578928}}}}
02:47:50.374 [raft-server-3-state] TRACE i.a.p.raft.impl.RaftServiceManager - RaftServer{3} - Applying Indexed{index=80, entry=CommandEntry{term=1, timestamp=2018-06-09 02:47:49,739, session=2, sequence=72, operation=PrimitiveOperation{id=DefaultOperationId{id=write, type=COMMAND}, value=byte[]{length=17, hash=-1644578928}}}}
02:47:50.374 [raft-server-2-state] TRACE i.a.p.s.impl.DefaultServiceExecutor - PrimitiveService{2}{type=io.atomix.protocols.raft.RaftTest$TestPrimitiveType@8dc7f31, name=raft-test} - Executing DefaultCommit{index=80, session=RaftSession{RaftServiceContext{server=2, type=io.atomix.protocols.raft.RaftTest$TestPrimitiveType@8dc7f31, name=raft-test, id=2}, session=2, timestamp=2018-06-09 02:47:49,739}, time=2018-06-09 02:47:49,739, operation=DefaultOperationId{id=write, type=COMMAND}, value=byte[]{length=17, hash=-1644578928}}
02:47:50.374 [raft-server-1] TRACE i.a.p.raft.roles.LeaderAppender - RaftServer{1} - Committed entries up to 81
02:47:50.374 [raft-server-3-state] TRACE i.a.p.s.impl.DefaultServiceExecutor - PrimitiveService{2}{type=io.atomix.protocols.raft.RaftTest$TestPrimitiveType@260d6206, name=raft-test} - Executing DefaultCommit{index=80, session=RaftSession{RaftServiceContext{server=3, type=io.atomix.protocols.raft.RaftTest$TestPrimitiveType@260d6206, name=raft-test, id=2}, session=2, timestamp=2018-06-09 02:47:49,739}, time=2018-06-09 02:47:49,739, operation=DefaultOperationId{id=write, type=COMMAND}, value=byte[]{length=17, hash=-1644578928}}
02:47:50.476 [raft-server-1] TRACE i.a.p.raft.roles.LeaderAppender - RaftServer{1} - Sending AppendRequest{term=1, leader=1, prevLogIndex=81, prevLogTerm=1, entries=0, commitIndex=81} to 3
02:47:50.476 [raft-server-3] TRACE i.a.p.raft.roles.FollowerRole - RaftServer{3}{role=FOLLOWER} - Received AppendRequest{term=1, leader=1, prevLogIndex=81, prevLogTerm=1, entries=0, commitIndex=81}
02:47:50.476 [raft-server-1] TRACE i.a.p.raft.roles.LeaderAppender - RaftServer{1} - Received AppendResponse{status=OK, term=1, succeeded=true, lastLogIndex=81} from 2
02:47:50.477 [raft-server-1] TRACE i.a.p.raft.roles.LeaderAppender - RaftServer{1} - Sending AppendRequest{term=1, leader=1, prevLogIndex=81, prevLogTerm=1, entries=0, commitIndex=81} to 2
02:47:50.477 [raft-server-2] TRACE i.a.p.raft.roles.FollowerRole - RaftServer{2}{role=FOLLOWER} - Received AppendRequest{term=1, leader=1, prevLogIndex=81, prevLogTerm=1, entries=0, commitIndex=81}
02:47:50.477 [raft-server-2] TRACE i.a.p.raft.roles.FollowerRole - RaftServer{2}{role=FOLLOWER} - Committed entries up to index 81
02:47:50.477 [raft-server-2] TRACE i.a.p.raft.roles.FollowerRole - RaftServer{2}{role=FOLLOWER} - Sending AppendResponse{status=OK, term=1, succeeded=true, lastLogIndex=81}
02:47:50.477 [raft-server-1-state] TRACE i.a.p.raft.impl.RaftServiceManager - RaftServer{1} - Applying Indexed{index=81, entry=CommandEntry{term=1, timestamp=2018-06-09 02:47:49,927, session=2, sequence=73, operation=PrimitiveOperation{id=DefaultOperationId{id=write, type=COMMAND}, value=byte[]{length=17, hash=-1644578928}}}}
02:47:50.477 [raft-server-1] TRACE i.a.p.raft.roles.LeaderAppender - RaftServer{1} - Received AppendResponse{status=OK, term=1, succeeded=true, lastLogIndex=81} from 2
02:47:50.477 [raft-server-1-state] TRACE i.a.p.s.impl.DefaultServiceExecutor - PrimitiveService{2}{type=io.atomix.protocols.raft.RaftTest$TestPrimitiveType@35843ad0, name=raft-test} - Executing DefaultCommit{index=81, session=RaftSession{RaftServiceContext{server=1, type=io.atomix.protocols.raft.RaftTest$TestPrimitiveType@35843ad0, name=raft-test, id=2}, session=2, timestamp=2018-06-09 02:47:49,927}, time=2018-06-09 02:47:49,927, operation=DefaultOperationId{id=write, type=COMMAND}, value=byte[]{length=17, hash=-1644578928}}
02:47:50.477 [raft-server-2-state] TRACE i.a.p.raft.impl.RaftServiceManager - RaftServer{2} - Applying Indexed{index=81, entry=CommandEntry{term=1, timestamp=2018-06-09 02:47:49,927, session=2, sequence=73, operation=PrimitiveOperation{id=DefaultOperationId{id=write, type=COMMAND}, value=byte[]{length=17, hash=-1644578928}}}}
02:47:50.477 [raft-server-2-state] TRACE i.a.p.s.impl.DefaultServiceExecutor - PrimitiveService{2}{type=io.atomix.protocols.raft.RaftTest$TestPrimitiveType@8dc7f31, name=raft-test} - Executing DefaultCommit{index=81, session=RaftSession{RaftServiceContext{server=2, type=io.atomix.protocols.raft.RaftTest$TestPrimitiveType@8dc7f31, name=raft-test, id=2}, session=2, timestamp=2018-06-09 02:47:49,927}, time=2018-06-09 02:47:49,927, operation=DefaultOperationId{id=write, type=COMMAND}, value=byte[]{length=17, hash=-1644578928}}
02:47:50.477 [raft-server-1-state] TRACE i.a.protocols.raft.roles.LeaderRole - RaftServer{1}{role=LEADER} - Sending CommandResponse{status=OK, index=81, eventIndex=2, result=byte[]{length=3, hash=35527}}
02:47:50.477 [raft-client-613ce1dd-77b1-4b52-a0bf-d277cef86e4f-0] TRACE i.a.p.r.p.impl.RaftProxyConnection - SessionClient{2}{type=io.atomix.protocols.raft.RaftTest$TestPrimitiveType@35bfa1bb, name=raft-test} - Received CommandResponse{status=OK, index=81, eventIndex=2, result=byte[]{length=3, hash=35527}} from 1
02:47:50.477 [raft-client-613ce1dd-77b1-4b52-a0bf-d277cef86e4f-0] TRACE i.a.p.r.p.impl.RaftProxySequencer - SessionClient{2}{type=io.atomix.protocols.raft.RaftTest$TestPrimitiveType@35bfa1bb, name=raft-test} - Completing response CommandResponse{status=OK, index=81, eventIndex=2, result=byte[]{length=3, hash=35527}}
02:47:50.477 [raft-client-613ce1dd-77b1-4b52-a0bf-d277cef86e4f-0] TRACE i.a.p.r.p.impl.RaftProxyConnection - SessionClient{2}{type=io.atomix.protocols.raft.RaftTest$TestPrimitiveType@35bfa1bb, name=raft-test} - Sending CommandRequest{session=2, sequence=74, operation=PrimitiveOperation{id=DefaultOperationId{id=write, type=COMMAND}, value=byte[]{length=17, hash=-1644578928}}} to 1
02:47:50.477 [raft-server-1] TRACE i.a.protocols.raft.roles.LeaderRole - RaftServer{1}{role=LEADER} - Received CommandRequest{session=2, sequence=74, operation=PrimitiveOperation{id=DefaultOperationId{id=write, type=COMMAND}, value=byte[]{length=17, hash=-1644578928}}}
02:47:50.478 [raft-server-1] TRACE i.a.protocols.raft.roles.LeaderRole - RaftServer{1}{role=LEADER} - Appended Indexed{index=82, entry=CommandEntry{term=1, timestamp=2018-06-09 02:47:50,477, session=2, sequence=74, operation=PrimitiveOperation{id=DefaultOperationId{id=write, type=COMMAND}, value=byte[]{length=17, hash=-1644578928}}}}
02:47:50.478 [raft-server-1] TRACE i.a.p.raft.roles.LeaderAppender - RaftServer{1} - Sending AppendRequest{term=1, leader=1, prevLogIndex=81, prevLogTerm=1, entries=1, commitIndex=81} to 2
02:47:50.478 [raft-server-2] TRACE i.a.p.raft.roles.FollowerRole - RaftServer{2}{role=FOLLOWER} - Received AppendRequest{term=1, leader=1, prevLogIndex=81, prevLogTerm=1, entries=1, commitIndex=81}
02:47:50.478 [raft-server-2] TRACE i.a.p.raft.roles.FollowerRole - RaftServer{2}{role=FOLLOWER} - Appended Indexed{index=82, entry=CommandEntry{term=1, timestamp=2018-06-09 02:47:50,477, session=2, sequence=74, operation=PrimitiveOperation{id=DefaultOperationId{id=write, type=COMMAND}, value=byte[]{length=17, hash=-1644578928}}}}
02:47:50.478 [raft-server-2] TRACE i.a.p.raft.roles.FollowerRole - RaftServer{2}{role=FOLLOWER} - Sending AppendResponse{status=OK, term=1, succeeded=true, lastLogIndex=82}
02:47:50.478 [raft-server-1] TRACE i.a.p.raft.roles.LeaderAppender - RaftServer{1} - Received AppendResponse{status=OK, term=1, succeeded=true, lastLogIndex=82} from 2
02:47:50.478 [raft-server-1] TRACE i.a.p.raft.roles.LeaderAppender - RaftServer{1} - Committed entries up to 82
02:47:50.560 [raft-server-3] TRACE i.a.p.raft.roles.FollowerRole - RaftServer{3}{role=FOLLOWER} - Committed entries up to index 81
02:47:50.560 [raft-server-3] TRACE i.a.p.raft.roles.FollowerRole - RaftServer{3}{role=FOLLOWER} - Sending AppendResponse{status=OK, term=1, succeeded=true, lastLogIndex=81}
02:47:50.560 [raft-server-3-state] TRACE i.a.p.raft.impl.RaftServiceManager - RaftServer{3} - Applying Indexed{index=81, entry=CommandEntry{term=1, timestamp=2018-06-09 02:47:49,927, session=2, sequence=73, operation=PrimitiveOperation{id=DefaultOperationId{id=write, type=COMMAND}, value=byte[]{length=17, hash=-1644578928}}}}
02:47:50.560 [raft-server-3-state] TRACE i.a.p.s.impl.DefaultServiceExecutor - PrimitiveService{2}{type=io.atomix.protocols.raft.RaftTest$TestPrimitiveType@260d6206, name=raft-test} - Executing DefaultCommit{index=81, session=RaftSession{RaftServiceContext{server=3, type=io.atomix.protocols.raft.RaftTest$TestPrimitiveType@260d6206, name=raft-test, id=2}, session=2, timestamp=2018-06-09 02:47:49,927}, time=2018-06-09 02:47:49,927, operation=DefaultOperationId{id=write, type=COMMAND}, value=byte[]{length=17, hash=-1644578928}}
02:47:50.621 [raft-server-1] TRACE i.a.p.raft.roles.LeaderAppender - RaftServer{1} - Sending AppendRequest{term=1, leader=1, prevLogIndex=81, prevLogTerm=1, entries=1, commitIndex=82} to 3
02:47:50.621 [raft-server-3] TRACE i.a.p.raft.roles.FollowerRole - RaftServer{3}{role=FOLLOWER} - Received AppendRequest{term=1, leader=1, prevLogIndex=81, prevLogTerm=1, entries=1, commitIndex=82}
02:47:50.621 [raft-server-1] TRACE i.a.p.raft.roles.LeaderAppender - RaftServer{1} - Sending AppendRequest{term=1, leader=1, prevLogIndex=82, prevLogTerm=1, entries=0, commitIndex=82} to 2
02:47:50.621 [raft-server-2] TRACE i.a.p.raft.roles.FollowerRole - RaftServer{2}{role=FOLLOWER} - Received AppendRequest{term=1, leader=1, prevLogIndex=82, prevLogTerm=1, entries=0, commitIndex=82}
02:47:50.621 [raft-server-1] TRACE i.a.p.raft.roles.LeaderAppender - RaftServer{1} - Received AppendResponse{status=OK, term=1, succeeded=true, lastLogIndex=81} from 3
02:47:50.621 [raft-server-3] TRACE i.a.p.raft.roles.FollowerRole - RaftServer{3}{role=FOLLOWER} - Appended Indexed{index=82, entry=CommandEntry{term=1, timestamp=2018-06-09 02:47:50,477, session=2, sequence=74, operation=PrimitiveOperation{id=DefaultOperationId{id=write, type=COMMAND}, value=byte[]{length=17, hash=-1644578928}}}}
02:47:50.621 [raft-server-1-state] TRACE i.a.p.raft.impl.RaftServiceManager - RaftServer{1} - Applying Indexed{index=82, entry=CommandEntry{term=1, timestamp=2018-06-09 02:47:50,477, session=2, sequence=74, operation=PrimitiveOperation{id=DefaultOperationId{id=write, type=COMMAND}, value=byte[]{length=17, hash=-1644578928}}}}
02:47:50.621 [raft-server-1-state] TRACE i.a.p.s.impl.DefaultServiceExecutor - PrimitiveService{2}{type=io.atomix.protocols.raft.RaftTest$TestPrimitiveType@35843ad0, name=raft-test} - Executing DefaultCommit{index=82, session=RaftSession{RaftServiceContext{server=1, type=io.atomix.protocols.raft.RaftTest$TestPrimitiveType@35843ad0, name=raft-test, id=2}, session=2, timestamp=2018-06-09 02:47:50,477}, time=2018-06-09 02:47:50,477, operation=DefaultOperationId{id=write, type=COMMAND}, value=byte[]{length=17, hash=-1644578928}}
02:47:50.621 [raft-server-1-state] TRACE i.a.protocols.raft.roles.LeaderRole - RaftServer{1}{role=LEADER} - Sending CommandResponse{status=OK, index=82, eventIndex=2, result=byte[]{length=3, hash=35589}}
02:47:50.622 [raft-client-613ce1dd-77b1-4b52-a0bf-d277cef86e4f-2] TRACE i.a.p.r.p.impl.RaftProxyConnection - SessionClient{2}{type=io.atomix.protocols.raft.RaftTest$TestPrimitiveType@35bfa1bb, name=raft-test} - Received CommandResponse{status=OK, index=82, eventIndex=2, result=byte[]{length=3, hash=35589}} from 1
02:47:50.622 [raft-client-613ce1dd-77b1-4b52-a0bf-d277cef86e4f-2] TRACE i.a.p.r.p.impl.RaftProxySequencer - SessionClient{2}{type=io.atomix.protocols.raft.RaftTest$TestPrimitiveType@35bfa1bb, name=raft-test} - Completing response CommandResponse{status=OK, index=82, eventIndex=2, result=byte[]{length=3, hash=35589}}
02:47:50.622 [raft-client-613ce1dd-77b1-4b52-a0bf-d277cef86e4f-7] TRACE i.a.p.r.p.impl.RaftProxyConnection - SessionClient{2}{type=io.atomix.protocols.raft.RaftTest$TestPrimitiveType@35bfa1bb, name=raft-test} - Sending CommandRequest{session=2, sequence=75, operation=PrimitiveOperation{id=DefaultOperationId{id=write, type=COMMAND}, value=byte[]{length=17, hash=-1644578928}}} to 1
02:47:50.622 [raft-server-1] TRACE i.a.protocols.raft.roles.LeaderRole - RaftServer{1}{role=LEADER} - Received CommandRequest{session=2, sequence=75, operation=PrimitiveOperation{id=DefaultOperationId{id=write, type=COMMAND}, value=byte[]{length=17, hash=-1644578928}}}
02:47:50.622 [raft-server-1] TRACE i.a.protocols.raft.roles.LeaderRole - RaftServer{1}{role=LEADER} - Appended Indexed{index=83, entry=CommandEntry{term=1, timestamp=2018-06-09 02:47:50,622, session=2, sequence=75, operation=PrimitiveOperation{id=DefaultOperationId{id=write, type=COMMAND}, value=byte[]{length=17, hash=-1644578928}}}}
02:47:50.696 [raft-server-3] TRACE i.a.p.raft.roles.FollowerRole - RaftServer{3}{role=FOLLOWER} - Committed entries up to index 82
02:47:50.696 [raft-server-2] TRACE i.a.p.raft.roles.FollowerRole - RaftServer{2}{role=FOLLOWER} - Committed entries up to index 82
02:47:50.696 [raft-server-3] TRACE i.a.p.raft.roles.FollowerRole - RaftServer{3}{role=FOLLOWER} - Sending AppendResponse{status=OK, term=1, succeeded=true, lastLogIndex=82}
02:47:50.696 [raft-server-2] TRACE i.a.p.raft.roles.FollowerRole - RaftServer{2}{role=FOLLOWER} - Sending AppendResponse{status=OK, term=1, succeeded=true, lastLogIndex=82}
02:47:50.696 [raft-server-1] TRACE i.a.p.raft.roles.LeaderAppender - RaftServer{1} - Received AppendResponse{status=OK, term=1, succeeded=true, lastLogIndex=82} from 3
02:47:50.696 [raft-server-1] TRACE i.a.p.raft.roles.LeaderAppender - RaftServer{1} - Sending AppendRequest{term=1, leader=1, prevLogIndex=82, prevLogTerm=1, entries=1, commitIndex=82} to 3
02:47:50.696 [raft-server-2-state] TRACE i.a.p.raft.impl.RaftServiceManager - RaftServer{2} - Applying Indexed{index=82, entry=CommandEntry{term=1, timestamp=2018-06-09 02:47:50,477, session=2, sequence=74, operation=PrimitiveOperation{id=DefaultOperationId{id=write, type=COMMAND}, value=byte[]{length=17, hash=-1644578928}}}}
02:47:50.696 [raft-server-3-state] TRACE i.a.p.raft.impl.RaftServiceManager - RaftServer{3} - Applying Indexed{index=82, entry=CommandEntry{term=1, timestamp=2018-06-09 02:47:50,477, session=2, sequence=74, operation=PrimitiveOperation{id=DefaultOperationId{id=write, type=COMMAND}, value=byte[]{length=17, hash=-1644578928}}}}
02:47:50.696 [raft-server-1] TRACE i.a.p.raft.roles.LeaderAppender - RaftServer{1} - Sending AppendRequest{term=1, leader=1, prevLogIndex=82, prevLogTerm=1, entries=1, commitIndex=82} to 2
02:47:50.696 [raft-server-2-state] TRACE i.a.p.s.impl.DefaultServiceExecutor - PrimitiveService{2}{type=io.atomix.protocols.raft.RaftTest$TestPrimitiveType@8dc7f31, name=raft-test} - Executing DefaultCommit{index=82, session=RaftSession{RaftServiceContext{server=2, type=io.atomix.protocols.raft.RaftTest$TestPrimitiveType@8dc7f31, name=raft-test, id=2}, session=2, timestamp=2018-06-09 02:47:50,477}, time=2018-06-09 02:47:50,477, operation=DefaultOperationId{id=write, type=COMMAND}, value=byte[]{length=17, hash=-1644578928}}
02:47:50.696 [raft-server-3-state] TRACE i.a.p.s.impl.DefaultServiceExecutor - PrimitiveService{2}{type=io.atomix.protocols.raft.RaftTest$TestPrimitiveType@260d6206, name=raft-test} - Executing DefaultCommit{index=82, session=RaftSession{RaftServiceContext{server=3, type=io.atomix.protocols.raft.RaftTest$TestPrimitiveType@260d6206, name=raft-test, id=2}, session=2, timestamp=2018-06-09 02:47:50,477}, time=2018-06-09 02:47:50,477, operation=DefaultOperationId{id=write, type=COMMAND}, value=byte[]{length=17, hash=-1644578928}}
02:47:50.696 [raft-server-1] TRACE i.a.p.raft.roles.LeaderAppender - RaftServer{1} - Received AppendResponse{status=OK, term=1, succeeded=true, lastLogIndex=82} from 2
02:47:50.696 [raft-server-2] TRACE i.a.p.raft.roles.FollowerRole - RaftServer{2}{role=FOLLOWER} - Received AppendRequest{term=1, leader=1, prevLogIndex=82, prevLogTerm=1, entries=1, commitIndex=82}
02:47:50.696 [raft-server-3] TRACE i.a.p.raft.roles.FollowerRole - RaftServer{3}{role=FOLLOWER} - Received AppendRequest{term=1, leader=1, prevLogIndex=82, prevLogTerm=1, entries=1, commitIndex=82}
02:47:50.697 [raft-server-3] TRACE i.a.p.raft.roles.FollowerRole - RaftServer{3}{role=FOLLOWER} - Appended Indexed{index=83, entry=CommandEntry{term=1, timestamp=2018-06-09 02:47:50,622, session=2, sequence=75, operation=PrimitiveOperation{id=DefaultOperationId{id=write, type=COMMAND}, value=byte[]{length=17, hash=-1644578928}}}}
02:47:50.697 [raft-server-2] TRACE i.a.p.raft.roles.FollowerRole - RaftServer{2}{role=FOLLOWER} - Appended Indexed{index=83, entry=CommandEntry{term=1, timestamp=2018-06-09 02:47:50,622, session=2, sequence=75, operation=PrimitiveOperation{id=DefaultOperationId{id=write, type=COMMAND}, value=byte[]{length=17, hash=-1644578928}}}}
02:47:50.697 [raft-server-3] TRACE i.a.p.raft.roles.FollowerRole - RaftServer{3}{role=FOLLOWER} - Sending AppendResponse{status=OK, term=1, succeeded=true, lastLogIndex=83}
02:47:50.697 [raft-server-2] TRACE i.a.p.raft.roles.FollowerRole - RaftServer{2}{role=FOLLOWER} - Sending AppendResponse{status=OK, term=1, succeeded=true, lastLogIndex=83}
02:47:50.697 [raft-server-1] TRACE i.a.p.raft.roles.LeaderAppender - RaftServer{1} - Received AppendResponse{status=OK, term=1, succeeded=true, lastLogIndex=83} from 3
02:47:50.697 [raft-server-1] TRACE i.a.p.raft.roles.LeaderAppender - RaftServer{1} - Committed entries up to 83
02:47:50.771 [raft-server-1] TRACE i.a.p.raft.roles.LeaderAppender - RaftServer{1} - Received AppendResponse{status=OK, term=1, succeeded=true, lastLogIndex=83} from 2
02:47:50.771 [raft-server-1] TRACE i.a.p.raft.roles.LeaderAppender - RaftServer{1} - Sending AppendRequest{term=1, leader=1, prevLogIndex=83, prevLogTerm=1, entries=0, commitIndex=83} to 3
02:47:50.771 [raft-server-1] TRACE i.a.p.raft.roles.LeaderAppender - RaftServer{1} - Sending AppendRequest{term=1, leader=1, prevLogIndex=83, prevLogTerm=1, entries=0, commitIndex=83} to 2
02:47:50.771 [raft-server-3] TRACE i.a.p.raft.roles.FollowerRole - RaftServer{3}{role=FOLLOWER} - Received AppendRequest{term=1, leader=1, prevLogIndex=83, prevLogTerm=1, entries=0, commitIndex=83}
02:47:50.771 [raft-server-2] TRACE i.a.p.raft.roles.FollowerRole - RaftServer{2}{role=FOLLOWER} - Received AppendRequest{term=1, leader=1, prevLogIndex=83, prevLogTerm=1, entries=0, commitIndex=83}
02:47:50.771 [raft-server-1-state] TRACE i.a.p.raft.impl.RaftServiceManager - RaftServer{1} - Applying Indexed{index=83, entry=CommandEntry{term=1, timestamp=2018-06-09 02:47:50,622, session=2, sequence=75, operation=PrimitiveOperation{id=DefaultOperationId{id=write, type=COMMAND}, value=byte[]{length=17, hash=-1644578928}}}}
02:47:50.771 [raft-server-1-state] TRACE i.a.p.s.impl.DefaultServiceExecutor - PrimitiveService{2}{type=io.atomix.protocols.raft.RaftTest$TestPrimitiveType@35843ad0, name=raft-test} - Executing DefaultCommit{index=83, session=RaftSession{RaftServiceContext{server=1, type=io.atomix.protocols.raft.RaftTest$TestPrimitiveType@35843ad0, name=raft-test, id=2}, session=2, timestamp=2018-06-09 02:47:50,622}, time=2018-06-09 02:47:50,622, operation=DefaultOperationId{id=write, type=COMMAND}, value=byte[]{length=17, hash=-1644578928}}
02:47:50.771 [raft-server-1-state] TRACE i.a.protocols.raft.roles.LeaderRole - RaftServer{1}{role=LEADER} - Sending CommandResponse{status=OK, index=83, eventIndex=2, result=byte[]{length=3, hash=35651}}
02:47:50.772 [raft-client-613ce1dd-77b1-4b52-a0bf-d277cef86e4f-4] TRACE i.a.p.r.p.impl.RaftProxyConnection - SessionClient{2}{type=io.atomix.protocols.raft.RaftTest$TestPrimitiveType@35bfa1bb, name=raft-test} - Received CommandResponse{status=OK, index=83, eventIndex=2, result=byte[]{length=3, hash=35651}} from 1
02:47:50.772 [raft-client-613ce1dd-77b1-4b52-a0bf-d277cef86e4f-4] TRACE i.a.p.r.p.impl.RaftProxySequencer - SessionClient{2}{type=io.atomix.protocols.raft.RaftTest$TestPrimitiveType@35bfa1bb, name=raft-test} - Completing response CommandResponse{status=OK, index=83, eventIndex=2, result=byte[]{length=3, hash=35651}}
02:47:50.772 [raft-client-613ce1dd-77b1-4b52-a0bf-d277cef86e4f-3] TRACE i.a.p.r.p.impl.RaftProxyConnection - SessionClient{2}{type=io.atomix.protocols.raft.RaftTest$TestPrimitiveType@35bfa1bb, name=raft-test} - Sending CommandRequest{session=2, sequence=76, operation=PrimitiveOperation{id=DefaultOperationId{id=write, type=COMMAND}, value=byte[]{length=17, hash=-1644578928}}} to 1
02:47:50.772 [raft-server-1] TRACE i.a.protocols.raft.roles.LeaderRole - RaftServer{1}{role=LEADER} - Received CommandRequest{session=2, sequence=76, operation=PrimitiveOperation{id=DefaultOperationId{id=write, type=COMMAND}, value=byte[]{length=17, hash=-1644578928}}}
02:47:50.772 [raft-server-1] TRACE i.a.protocols.raft.roles.LeaderRole - RaftServer{1}{role=LEADER} - Appended Indexed{index=84, entry=CommandEntry{term=1, timestamp=2018-06-09 02:47:50,772, session=2, sequence=76, operation=PrimitiveOperation{id=DefaultOperationId{id=write, type=COMMAND}, value=byte[]{length=17, hash=-1644578928}}}}
02:47:50.862 [raft-server-2] TRACE i.a.p.raft.roles.FollowerRole - RaftServer{2}{role=FOLLOWER} - Committed entries up to index 83
02:47:50.863 [raft-server-3] TRACE i.a.p.raft.roles.FollowerRole - RaftServer{3}{role=FOLLOWER} - Committed entries up to index 83
02:47:50.863 [raft-server-2] TRACE i.a.p.raft.roles.FollowerRole - RaftServer{2}{role=FOLLOWER} - Sending AppendResponse{status=OK, term=1, succeeded=true, lastLogIndex=83}
02:47:50.863 [raft-server-3] TRACE i.a.p.raft.roles.FollowerRole - RaftServer{3}{role=FOLLOWER} - Sending AppendResponse{status=OK, term=1, succeeded=true, lastLogIndex=83}
02:47:50.863 [raft-server-1] TRACE i.a.p.raft.roles.LeaderAppender - RaftServer{1} - Received AppendResponse{status=OK, term=1, succeeded=true, lastLogIndex=83} from 2
02:47:50.863 [raft-server-2-state] TRACE i.a.p.raft.impl.RaftServiceManager - RaftServer{2} - Applying Indexed{index=83, entry=CommandEntry{term=1, timestamp=2018-06-09 02:47:50,622, session=2, sequence=75, operation=PrimitiveOperation{id=DefaultOperationId{id=write, type=COMMAND}, value=byte[]{length=17, hash=-1644578928}}}}
02:47:50.863 [raft-server-3-state] TRACE i.a.p.raft.impl.RaftServiceManager - RaftServer{3} - Applying Indexed{index=83, entry=CommandEntry{term=1, timestamp=2018-06-09 02:47:50,622, session=2, sequence=75, operation=PrimitiveOperation{id=DefaultOperationId{id=write, type=COMMAND}, value=byte[]{length=17, hash=-1644578928}}}}
02:47:50.863 [raft-server-1] TRACE i.a.p.raft.roles.LeaderAppender - RaftServer{1} - Sending AppendRequest{term=1, leader=1, prevLogIndex=83, prevLogTerm=1, entries=1, commitIndex=83} to 2
02:47:50.863 [raft-server-3-state] TRACE i.a.p.s.impl.DefaultServiceExecutor - PrimitiveService{2}{type=io.atomix.protocols.raft.RaftTest$TestPrimitiveType@260d6206, name=raft-test} - Executing DefaultCommit{index=83, session=RaftSession{RaftServiceContext{server=3, type=io.atomix.protocols.raft.RaftTest$TestPrimitiveType@260d6206, name=raft-test, id=2}, session=2, timestamp=2018-06-09 02:47:50,622}, time=2018-06-09 02:47:50,622, operation=DefaultOperationId{id=write, type=COMMAND}, value=byte[]{length=17, hash=-1644578928}}
02:47:50.863 [raft-server-2-state] TRACE i.a.p.s.impl.DefaultServiceExecutor - PrimitiveService{2}{type=io.atomix.protocols.raft.RaftTest$TestPrimitiveType@8dc7f31, name=raft-test} - Executing DefaultCommit{index=83, session=RaftSession{RaftServiceContext{server=2, type=io.atomix.protocols.raft.RaftTest$TestPrimitiveType@8dc7f31, name=raft-test, id=2}, session=2, timestamp=2018-06-09 02:47:50,622}, time=2018-06-09 02:47:50,622, operation=DefaultOperationId{id=write, type=COMMAND}, value=byte[]{length=17, hash=-1644578928}}
02:47:50.863 [raft-server-1] TRACE i.a.p.raft.roles.LeaderAppender - RaftServer{1} - Sending AppendRequest{term=1, leader=1, prevLogIndex=83, prevLogTerm=1, entries=1, commitIndex=83} to 3
02:47:50.863 [raft-server-2] TRACE i.a.p.raft.roles.FollowerRole - RaftServer{2}{role=FOLLOWER} - Received AppendRequest{term=1, leader=1, prevLogIndex=83, prevLogTerm=1, entries=1, commitIndex=83}
02:47:50.863 [raft-server-3] TRACE i.a.p.raft.roles.FollowerRole - RaftServer{3}{role=FOLLOWER} - Received AppendRequest{term=1, leader=1, prevLogIndex=83, prevLogTerm=1, entries=1, commitIndex=83}
02:47:50.863 [raft-server-1] TRACE i.a.p.raft.roles.LeaderAppender - RaftServer{1} - Received AppendResponse{status=OK, term=1, succeeded=true, lastLogIndex=83} from 3
02:47:50.864 [raft-server-2] TRACE i.a.p.raft.roles.FollowerRole - RaftServer{2}{role=FOLLOWER} - Appended Indexed{index=84, entry=CommandEntry{term=1, timestamp=2018-06-09 02:47:50,772, session=2, sequence=76, operation=PrimitiveOperation{id=DefaultOperationId{id=write, type=COMMAND}, value=byte[]{length=17, hash=-1644578928}}}}
02:47:50.864 [raft-server-3] TRACE i.a.p.raft.roles.FollowerRole - RaftServer{3}{role=FOLLOWER} - Appended Indexed{index=84, entry=CommandEntry{term=1, timestamp=2018-06-09 02:47:50,772, session=2, sequence=76, operation=PrimitiveOperation{id=DefaultOperationId{id=write, type=COMMAND}, value=byte[]{length=17, hash=-1644578928}}}}
02:47:50.864 [raft-server-2] TRACE i.a.p.raft.roles.FollowerRole - RaftServer{2}{role=FOLLOWER} - Sending AppendResponse{status=OK, term=1, succeeded=true, lastLogIndex=84}
02:47:50.864 [raft-server-3] TRACE i.a.p.raft.roles.FollowerRole - RaftServer{3}{role=FOLLOWER} - Sending AppendResponse{status=OK, term=1, succeeded=true, lastLogIndex=84}
02:47:50.864 [raft-server-1] TRACE i.a.p.raft.roles.LeaderAppender - RaftServer{1} - Received AppendResponse{status=OK, term=1, succeeded=true, lastLogIndex=84} from 2
02:47:50.864 [raft-server-1] TRACE i.a.p.raft.roles.LeaderAppender - RaftServer{1} - Committed entries up to 84
02:47:50.962 [raft-server-1] TRACE i.a.p.raft.roles.LeaderAppender - RaftServer{1} - Received AppendResponse{status=OK, term=1, succeeded=true, lastLogIndex=84} from 3
02:47:50.963 [raft-server-1-state] TRACE i.a.p.raft.impl.RaftServiceManager - RaftServer{1} - Applying Indexed{index=84, entry=CommandEntry{term=1, timestamp=2018-06-09 02:47:50,772, session=2, sequence=76, operation=PrimitiveOperation{id=DefaultOperationId{id=write, type=COMMAND}, value=byte[]{length=17, hash=-1644578928}}}}
02:47:50.963 [raft-server-1-state] TRACE i.a.p.s.impl.DefaultServiceExecutor - PrimitiveService{2}{type=io.atomix.protocols.raft.RaftTest$TestPrimitiveType@35843ad0, name=raft-test} - Executing DefaultCommit{index=84, session=RaftSession{RaftServiceContext{server=1, type=io.atomix.protocols.raft.RaftTest$TestPrimitiveType@35843ad0, name=raft-test, id=2}, session=2, timestamp=2018-06-09 02:47:50,772}, time=2018-06-09 02:47:50,772, operation=DefaultOperationId{id=write, type=COMMAND}, value=byte[]{length=17, hash=-1644578928}}
02:47:50.963 [raft-server-1-state] TRACE i.a.protocols.raft.roles.LeaderRole - RaftServer{1}{role=LEADER} - Sending CommandResponse{status=OK, index=84, eventIndex=2, result=byte[]{length=3, hash=35713}}
02:47:50.963 [raft-client-613ce1dd-77b1-4b52-a0bf-d277cef86e4f-7] TRACE i.a.p.r.p.impl.RaftProxyConnection - SessionClient{2}{type=io.atomix.protocols.raft.RaftTest$TestPrimitiveType@35bfa1bb, name=raft-test} - Received CommandResponse{status=OK, index=84, eventIndex=2, result=byte[]{length=3, hash=35713}} from 1
02:47:50.963 [raft-client-613ce1dd-77b1-4b52-a0bf-d277cef86e4f-7] TRACE i.a.p.r.p.impl.RaftProxySequencer - SessionClient{2}{type=io.atomix.protocols.raft.RaftTest$TestPrimitiveType@35bfa1bb, name=raft-test} - Completing response CommandResponse{status=OK, index=84, eventIndex=2, result=byte[]{length=3, hash=35713}}
02:47:50.963 [raft-client-613ce1dd-77b1-4b52-a0bf-d277cef86e4f-7] TRACE i.a.p.r.p.impl.RaftProxyConnection - SessionClient{2}{type=io.atomix.protocols.raft.RaftTest$TestPrimitiveType@35bfa1bb, name=raft-test} - Sending CommandRequest{session=2, sequence=77, operation=PrimitiveOperation{id=DefaultOperationId{id=write, type=COMMAND}, value=byte[]{length=17, hash=-1644578928}}} to 1
02:47:50.963 [raft-server-1] TRACE i.a.protocols.raft.roles.LeaderRole - RaftServer{1}{role=LEADER} - Received CommandRequest{session=2, sequence=77, operation=PrimitiveOperation{id=DefaultOperationId{id=write, type=COMMAND}, value=byte[]{length=17, hash=-1644578928}}}
02:47:50.964 [raft-server-1] TRACE i.a.protocols.raft.roles.LeaderRole - RaftServer{1}{role=LEADER} - Appended Indexed{index=85, entry=CommandEntry{term=1, timestamp=2018-06-09 02:47:50,963, session=2, sequence=77, operation=PrimitiveOperation{id=DefaultOperationId{id=write, type=COMMAND}, value=byte[]{length=17, hash=-1644578928}}}}
02:47:50.964 [raft-server-1] TRACE i.a.p.raft.roles.LeaderAppender - RaftServer{1} - Sending AppendRequest{term=1, leader=1, prevLogIndex=84, prevLogTerm=1, entries=1, commitIndex=84} to 3
02:47:50.964 [raft-server-3] TRACE i.a.p.raft.roles.FollowerRole - RaftServer{3}{role=FOLLOWER} - Received AppendRequest{term=1, leader=1, prevLogIndex=84, prevLogTerm=1, entries=1, commitIndex=84}
02:47:50.964 [raft-server-1] TRACE i.a.p.raft.roles.LeaderAppender - RaftServer{1} - Sending AppendRequest{term=1, leader=1, prevLogIndex=84, prevLogTerm=1, entries=1, commitIndex=84} to 2
02:47:50.964 [raft-server-3] TRACE i.a.p.raft.roles.FollowerRole - RaftServer{3}{role=FOLLOWER} - Appended Indexed{index=85, entry=CommandEntry{term=1, timestamp=2018-06-09 02:47:50,963, session=2, sequence=77, operation=PrimitiveOperation{id=DefaultOperationId{id=write, type=COMMAND}, value=byte[]{length=17, hash=-1644578928}}}}
02:47:50.964 [raft-server-2] TRACE i.a.p.raft.roles.FollowerRole - RaftServer{2}{role=FOLLOWER} - Received AppendRequest{term=1, leader=1, prevLogIndex=84, prevLogTerm=1, entries=1, commitIndex=84}
02:47:50.964 [raft-server-2] TRACE i.a.p.raft.roles.FollowerRole - RaftServer{2}{role=FOLLOWER} - Appended Indexed{index=85, entry=CommandEntry{term=1, timestamp=2018-06-09 02:47:50,963, session=2, sequence=77, operation=PrimitiveOperation{id=DefaultOperationId{id=write, type=COMMAND}, value=byte[]{length=17, hash=-1644578928}}}}
02:47:51.054 [raft-server-3] TRACE i.a.p.raft.roles.FollowerRole - RaftServer{3}{role=FOLLOWER} - Committed entries up to index 84
02:47:51.054 [raft-server-2] TRACE i.a.p.raft.roles.FollowerRole - RaftServer{2}{role=FOLLOWER} - Committed entries up to index 84
02:47:51.054 [raft-server-3] TRACE i.a.p.raft.roles.FollowerRole - RaftServer{3}{role=FOLLOWER} - Sending AppendResponse{status=OK, term=1, succeeded=true, lastLogIndex=85}
02:47:51.054 [raft-server-2] TRACE i.a.p.raft.roles.FollowerRole - RaftServer{2}{role=FOLLOWER} - Sending AppendResponse{status=OK, term=1, succeeded=true, lastLogIndex=85}
02:47:51.054 [raft-server-1] TRACE i.a.p.raft.roles.LeaderAppender - RaftServer{1} - Received AppendResponse{status=OK, term=1, succeeded=true, lastLogIndex=85} from 3
02:47:51.055 [raft-server-1] TRACE i.a.p.raft.roles.LeaderAppender - RaftServer{1} - Committed entries up to 85
02:47:51.054 [raft-server-3-state] TRACE i.a.p.raft.impl.RaftServiceManager - RaftServer{3} - Applying Indexed{index=84, entry=CommandEntry{term=1, timestamp=2018-06-09 02:47:50,772, session=2, sequence=76, operation=PrimitiveOperation{id=DefaultOperationId{id=write, type=COMMAND}, value=byte[]{length=17, hash=-1644578928}}}}
02:47:51.055 [raft-server-3-state] TRACE i.a.p.s.impl.DefaultServiceExecutor - PrimitiveService{2}{type=io.atomix.protocols.raft.RaftTest$TestPrimitiveType@260d6206, name=raft-test} - Executing DefaultCommit{index=84, session=RaftSession{RaftServiceContext{server=3, type=io.atomix.protocols.raft.RaftTest$TestPrimitiveType@260d6206, name=raft-test, id=2}, session=2, timestamp=2018-06-09 02:47:50,772}, time=2018-06-09 02:47:50,772, operation=DefaultOperationId{id=write, type=COMMAND}, value=byte[]{length=17, hash=-1644578928}}
02:47:51.055 [raft-server-2-state] TRACE i.a.p.raft.impl.RaftServiceManager - RaftServer{2} - Applying Indexed{index=84, entry=CommandEntry{term=1, timestamp=2018-06-09 02:47:50,772, session=2, sequence=76, operation=PrimitiveOperation{id=DefaultOperationId{id=write, type=COMMAND}, value=byte[]{length=17, hash=-1644578928}}}}
02:47:51.055 [raft-server-2-state] TRACE i.a.p.s.impl.DefaultServiceExecutor - PrimitiveService{2}{type=io.atomix.protocols.raft.RaftTest$TestPrimitiveType@8dc7f31, name=raft-test} - Executing DefaultCommit{index=84, session=RaftSession{RaftServiceContext{server=2, type=io.atomix.protocols.raft.RaftTest$TestPrimitiveType@8dc7f31, name=raft-test, id=2}, session=2, timestamp=2018-06-09 02:47:50,772}, time=2018-06-09 02:47:50,772, operation=DefaultOperationId{id=write, type=COMMAND}, value=byte[]{length=17, hash=-1644578928}}
02:47:51.105 [raft-server-1] TRACE i.a.p.raft.roles.LeaderAppender - RaftServer{1} - Sending AppendRequest{term=1, leader=1, prevLogIndex=85, prevLogTerm=1, entries=0, commitIndex=85} to 3
02:47:51.105 [raft-server-3] TRACE i.a.p.raft.roles.FollowerRole - RaftServer{3}{role=FOLLOWER} - Received AppendRequest{term=1, leader=1, prevLogIndex=85, prevLogTerm=1, entries=0, commitIndex=85}
02:47:51.105 [raft-server-1] TRACE i.a.p.raft.roles.LeaderAppender - RaftServer{1} - Received AppendResponse{status=OK, term=1, succeeded=true, lastLogIndex=85} from 2
02:47:51.106 [raft-server-1] TRACE i.a.p.raft.roles.LeaderAppender - RaftServer{1} - Sending AppendRequest{term=1, leader=1, prevLogIndex=85, prevLogTerm=1, entries=0, commitIndex=85} to 2
02:47:51.106 [raft-server-2] TRACE i.a.p.raft.roles.FollowerRole - RaftServer{2}{role=FOLLOWER} - Received AppendRequest{term=1, leader=1, prevLogIndex=85, prevLogTerm=1, entries=0, commitIndex=85}
02:47:51.106 [raft-server-1-state] TRACE i.a.p.raft.impl.RaftServiceManager - RaftServer{1} - Applying Indexed{index=85, entry=CommandEntry{term=1, timestamp=2018-06-09 02:47:50,963, session=2, sequence=77, operation=PrimitiveOperation{id=DefaultOperationId{id=write, type=COMMAND}, value=byte[]{length=17, hash=-1644578928}}}}
02:47:51.106 [raft-server-1-state] TRACE i.a.p.s.impl.DefaultServiceExecutor - PrimitiveService{2}{type=io.atomix.protocols.raft.RaftTest$TestPrimitiveType@35843ad0, name=raft-test} - Executing DefaultCommit{index=85, session=RaftSession{RaftServiceContext{server=1, type=io.atomix.protocols.raft.RaftTest$TestPrimitiveType@35843ad0, name=raft-test, id=2}, session=2, timestamp=2018-06-09 02:47:50,963}, time=2018-06-09 02:47:50,963, operation=DefaultOperationId{id=write, type=COMMAND}, value=byte[]{length=17, hash=-1644578928}}
02:47:51.106 [raft-server-1-state] TRACE i.a.protocols.raft.roles.LeaderRole - RaftServer{1}{role=LEADER} - Sending CommandResponse{status=OK, index=85, eventIndex=2, result=byte[]{length=3, hash=35775}}
02:47:51.106 [raft-client-613ce1dd-77b1-4b52-a0bf-d277cef86e4f-2] TRACE i.a.p.r.p.impl.RaftProxyConnection - SessionClient{2}{type=io.atomix.protocols.raft.RaftTest$TestPrimitiveType@35bfa1bb, name=raft-test} - Received CommandResponse{status=OK, index=85, eventIndex=2, result=byte[]{length=3, hash=35775}} from 1
02:47:51.106 [raft-client-613ce1dd-77b1-4b52-a0bf-d277cef86e4f-2] TRACE i.a.p.r.p.impl.RaftProxySequencer - SessionClient{2}{type=io.atomix.protocols.raft.RaftTest$TestPrimitiveType@35bfa1bb, name=raft-test} - Completing response CommandResponse{status=OK, index=85, eventIndex=2, result=byte[]{length=3, hash=35775}}
02:47:51.107 [raft-client-613ce1dd-77b1-4b52-a0bf-d277cef86e4f-2] TRACE i.a.p.r.p.impl.RaftProxyConnection - SessionClient{2}{type=io.atomix.protocols.raft.RaftTest$TestPrimitiveType@35bfa1bb, name=raft-test} - Sending CommandRequest{session=2, sequence=78, operation=PrimitiveOperation{id=DefaultOperationId{id=write, type=COMMAND}, value=byte[]{length=17, hash=-1644578928}}} to 1
02:47:51.107 [raft-server-1] TRACE i.a.protocols.raft.roles.LeaderRole - RaftServer{1}{role=LEADER} - Received CommandRequest{session=2, sequence=78, operation=PrimitiveOperation{id=DefaultOperationId{id=write, type=COMMAND}, value=byte[]{length=17, hash=-1644578928}}}
02:47:51.107 [raft-server-1] TRACE i.a.protocols.raft.roles.LeaderRole - RaftServer{1}{role=LEADER} - Appended Indexed{index=86, entry=CommandEntry{term=1, timestamp=2018-06-09 02:47:51,107, session=2, sequence=78, operation=PrimitiveOperation{id=DefaultOperationId{id=write, type=COMMAND}, value=byte[]{length=17, hash=-1644578928}}}}
02:47:51.168 [raft-server-3] TRACE i.a.p.raft.roles.FollowerRole - RaftServer{3}{role=FOLLOWER} - Committed entries up to index 85
02:47:51.168 [raft-server-3] TRACE i.a.p.raft.roles.FollowerRole - RaftServer{3}{role=FOLLOWER} - Sending AppendResponse{status=OK, term=1, succeeded=true, lastLogIndex=85}
02:47:51.168 [raft-server-1] TRACE i.a.p.raft.roles.LeaderAppender - RaftServer{1} - Received AppendResponse{status=OK, term=1, succeeded=true, lastLogIndex=85} from 3
02:47:51.168 [raft-server-3-state] TRACE i.a.p.raft.impl.RaftServiceManager - RaftServer{3} - Applying Indexed{index=85, entry=CommandEntry{term=1, timestamp=2018-06-09 02:47:50,963, session=2, sequence=77, operation=PrimitiveOperation{id=DefaultOperationId{id=write, type=COMMAND}, value=byte[]{length=17, hash=-1644578928}}}}
02:47:51.168 [raft-server-1] TRACE i.a.p.raft.roles.LeaderAppender - RaftServer{1} - Sending AppendRequest{term=1, leader=1, prevLogIndex=85, prevLogTerm=1, entries=1, commitIndex=85} to 3
02:47:51.169 [raft-server-3-state] TRACE i.a.p.s.impl.DefaultServiceExecutor - PrimitiveService{2}{type=io.atomix.protocols.raft.RaftTest$TestPrimitiveType@260d6206, name=raft-test} - Executing DefaultCommit{index=85, session=RaftSession{RaftServiceContext{server=3, type=io.atomix.protocols.raft.RaftTest$TestPrimitiveType@260d6206, name=raft-test, id=2}, session=2, timestamp=2018-06-09 02:47:50,963}, time=2018-06-09 02:47:50,963, operation=DefaultOperationId{id=write, type=COMMAND}, value=byte[]{length=17, hash=-1644578928}}
02:47:51.169 [raft-server-3] TRACE i.a.p.raft.roles.FollowerRole - RaftServer{3}{role=FOLLOWER} - Received AppendRequest{term=1, leader=1, prevLogIndex=85, prevLogTerm=1, entries=1, commitIndex=85}
02:47:51.169 [raft-server-3] TRACE i.a.p.raft.roles.FollowerRole - RaftServer{3}{role=FOLLOWER} - Appended Indexed{index=86, entry=CommandEntry{term=1, timestamp=2018-06-09 02:47:51,107, session=2, sequence=78, operation=PrimitiveOperation{id=DefaultOperationId{id=write, type=COMMAND}, value=byte[]{length=17, hash=-1644578928}}}}
02:47:51.169 [raft-server-3] TRACE i.a.p.raft.roles.FollowerRole - RaftServer{3}{role=FOLLOWER} - Sending AppendResponse{status=OK, term=1, succeeded=true, lastLogIndex=86}
02:47:51.169 [raft-server-1] TRACE i.a.p.raft.roles.LeaderAppender - RaftServer{1} - Received AppendResponse{status=OK, term=1, succeeded=true, lastLogIndex=86} from 3
02:47:51.169 [raft-server-1] TRACE i.a.p.raft.roles.LeaderAppender - RaftServer{1} - Committed entries up to 86
02:47:51.210 [raft-server-2] TRACE i.a.p.raft.roles.FollowerRole - RaftServer{2}{role=FOLLOWER} - Committed entries up to index 85
02:47:51.210 [raft-server-2] TRACE i.a.p.raft.roles.FollowerRole - RaftServer{2}{role=FOLLOWER} - Sending AppendResponse{status=OK, term=1, succeeded=true, lastLogIndex=85}
02:47:51.210 [raft-server-2-state] TRACE i.a.p.raft.impl.RaftServiceManager - RaftServer{2} - Applying Indexed{index=85, entry=CommandEntry{term=1, timestamp=2018-06-09 02:47:50,963, session=2, sequence=77, operation=PrimitiveOperation{id=DefaultOperationId{id=write, type=COMMAND}, value=byte[]{length=17, hash=-1644578928}}}}
02:47:51.210 [raft-server-2-state] TRACE i.a.p.s.impl.DefaultServiceExecutor - PrimitiveService{2}{type=io.atomix.protocols.raft.RaftTest$TestPrimitiveType@8dc7f31, name=raft-test} - Executing DefaultCommit{index=85, session=RaftSession{RaftServiceContext{server=2, type=io.atomix.protocols.raft.RaftTest$TestPrimitiveType@8dc7f31, name=raft-test, id=2}, session=2, timestamp=2018-06-09 02:47:50,963}, time=2018-06-09 02:47:50,963, operation=DefaultOperationId{id=write, type=COMMAND}, value=byte[]{length=17, hash=-1644578928}}
02:47:51.235 [raft-client-613ce1dd-77b1-4b52-a0bf-d277cef86e4f-2] TRACE i.a.p.r.proxy.impl.RaftProxyManager - RaftClient{613ce1dd-77b1-4b52-a0bf-d277cef86e4f} - Keeping 1 sessions alive
02:47:51.235 [raft-client-613ce1dd-77b1-4b52-a0bf-d277cef86e4f-2] TRACE i.a.p.r.p.impl.RaftProxyConnection - RaftClient{613ce1dd-77b1-4b52-a0bf-d277cef86e4f} - Sending KeepAliveRequest{sessionIds=long[]{length=1, hash=33}, commandSequences=long[]{length=1, hash=108}, eventIndexes=long[]{length=1, hash=33}} to 3
02:47:51.236 [raft-server-3] TRACE i.a.p.raft.roles.FollowerRole - RaftServer{3}{role=FOLLOWER} - Received KeepAliveRequest{sessionIds=long[]{length=1, hash=33}, commandSequences=long[]{length=1, hash=108}, eventIndexes=long[]{length=1, hash=33}}
02:47:51.245 [raft-server-1] TRACE i.a.p.raft.roles.LeaderAppender - RaftServer{1} - Received AppendResponse{status=OK, term=1, succeeded=true, lastLogIndex=85} from 2
02:47:51.245 [raft-server-1] TRACE i.a.p.raft.roles.LeaderAppender - RaftServer{1} - Sending AppendRequest{term=1, leader=1, prevLogIndex=85, prevLogTerm=1, entries=1, commitIndex=86} to 2
02:47:51.246 [raft-server-1] TRACE i.a.p.raft.roles.LeaderAppender - RaftServer{1} - Sending AppendRequest{term=1, leader=1, prevLogIndex=86, prevLogTerm=1, entries=0, commitIndex=86} to 3
02:47:51.246 [raft-server-2] TRACE i.a.p.raft.roles.FollowerRole - RaftServer{2}{role=FOLLOWER} - Received AppendRequest{term=1, leader=1, prevLogIndex=85, prevLogTerm=1, entries=1, commitIndex=86}
02:47:51.246 [raft-server-3] TRACE i.a.p.raft.roles.FollowerRole - RaftServer{3}{role=FOLLOWER} - Received AppendRequest{term=1, leader=1, prevLogIndex=86, prevLogTerm=1, entries=0, commitIndex=86}
02:47:51.246 [raft-server-1] TRACE i.a.protocols.raft.roles.LeaderRole - RaftServer{1}{role=LEADER} - Received KeepAliveRequest{sessionIds=long[]{length=1, hash=33}, commandSequences=long[]{length=1, hash=108}, eventIndexes=long[]{length=1, hash=33}}
02:47:51.246 [raft-server-2] TRACE i.a.p.raft.roles.FollowerRole - RaftServer{2}{role=FOLLOWER} - Appended Indexed{index=86, entry=CommandEntry{term=1, timestamp=2018-06-09 02:47:51,107, session=2, sequence=78, operation=PrimitiveOperation{id=DefaultOperationId{id=write, type=COMMAND}, value=byte[]{length=17, hash=-1644578928}}}}
02:47:51.246 [raft-server-1] TRACE i.a.protocols.raft.roles.LeaderRole - RaftServer{1}{role=LEADER} - Appended Indexed{index=87, entry=KeepAliveEntry{term=1, timestamp=2018-06-09 02:47:51,246, sessionIds=long[]{length=1, hash=33}, commandSequences=long[]{length=1, hash=108}, eventIndexes=long[]{length=1, hash=33}}}
02:47:51.246 [raft-server-1-state] TRACE i.a.p.raft.impl.RaftServiceManager - RaftServer{1} - Applying Indexed{index=86, entry=CommandEntry{term=1, timestamp=2018-06-09 02:47:51,107, session=2, sequence=78, operation=PrimitiveOperation{id=DefaultOperationId{id=write, type=COMMAND}, value=byte[]{length=17, hash=-1644578928}}}}
02:47:51.246 [raft-server-1-state] TRACE i.a.p.s.impl.DefaultServiceExecutor - PrimitiveService{2}{type=io.atomix.protocols.raft.RaftTest$TestPrimitiveType@35843ad0, name=raft-test} - Executing DefaultCommit{index=86, session=RaftSession{RaftServiceContext{server=1, type=io.atomix.protocols.raft.RaftTest$TestPrimitiveType@35843ad0, name=raft-test, id=2}, session=2, timestamp=2018-06-09 02:47:51,107}, time=2018-06-09 02:47:51,107, operation=DefaultOperationId{id=write, type=COMMAND}, value=byte[]{length=17, hash=-1644578928}}
02:47:51.247 [raft-server-1-state] TRACE i.a.protocols.raft.roles.LeaderRole - RaftServer{1}{role=LEADER} - Sending CommandResponse{status=OK, index=86, eventIndex=2, result=byte[]{length=3, hash=35837}}
02:47:51.247 [raft-client-613ce1dd-77b1-4b52-a0bf-d277cef86e4f-6] TRACE i.a.p.r.p.impl.RaftProxyConnection - SessionClient{2}{type=io.atomix.protocols.raft.RaftTest$TestPrimitiveType@35bfa1bb, name=raft-test} - Received CommandResponse{status=OK, index=86, eventIndex=2, result=byte[]{length=3, hash=35837}} from 1
02:47:51.247 [raft-client-613ce1dd-77b1-4b52-a0bf-d277cef86e4f-6] TRACE i.a.p.r.p.impl.RaftProxySequencer - SessionClient{2}{type=io.atomix.protocols.raft.RaftTest$TestPrimitiveType@35bfa1bb, name=raft-test} - Completing response CommandResponse{status=OK, index=86, eventIndex=2, result=byte[]{length=3, hash=35837}}
02:47:51.247 [raft-client-613ce1dd-77b1-4b52-a0bf-d277cef86e4f-5] TRACE i.a.p.r.p.impl.RaftProxyConnection - SessionClient{2}{type=io.atomix.protocols.raft.RaftTest$TestPrimitiveType@35bfa1bb, name=raft-test} - Sending CommandRequest{session=2, sequence=79, operation=PrimitiveOperation{id=DefaultOperationId{id=write, type=COMMAND}, value=byte[]{length=17, hash=-1644578928}}} to 1
02:47:51.247 [raft-server-1] TRACE i.a.protocols.raft.roles.LeaderRole - RaftServer{1}{role=LEADER} - Received CommandRequest{session=2, sequence=79, operation=PrimitiveOperation{id=DefaultOperationId{id=write, type=COMMAND}, value=byte[]{length=17, hash=-1644578928}}}
02:47:51.247 [raft-server-1] TRACE i.a.protocols.raft.roles.LeaderRole - RaftServer{1}{role=LEADER} - Appended Indexed{index=88, entry=CommandEntry{term=1, timestamp=2018-06-09 02:47:51,247, session=2, sequence=79, operation=PrimitiveOperation{id=DefaultOperationId{id=write, type=COMMAND}, value=byte[]{length=17, hash=-1644578928}}}}
02:47:51.318 [raft-server-3] TRACE i.a.p.raft.roles.FollowerRole - RaftServer{3}{role=FOLLOWER} - Committed entries up to index 86
02:47:51.318 [raft-server-2] TRACE i.a.p.raft.roles.FollowerRole - RaftServer{2}{role=FOLLOWER} - Committed entries up to index 86
02:47:51.318 [raft-server-3] TRACE i.a.p.raft.roles.FollowerRole - RaftServer{3}{role=FOLLOWER} - Sending AppendResponse{status=OK, term=1, succeeded=true, lastLogIndex=86}
02:47:51.318 [raft-server-2] TRACE i.a.p.raft.roles.FollowerRole - RaftServer{2}{role=FOLLOWER} - Sending AppendResponse{status=OK, term=1, succeeded=true, lastLogIndex=86}
02:47:51.318 [raft-server-1] TRACE i.a.p.raft.roles.LeaderAppender - RaftServer{1} - Received AppendResponse{status=OK, term=1, succeeded=true, lastLogIndex=86} from 3
02:47:51.318 [raft-server-3-state] TRACE i.a.p.raft.impl.RaftServiceManager - RaftServer{3} - Applying Indexed{index=86, entry=CommandEntry{term=1, timestamp=2018-06-09 02:47:51,107, session=2, sequence=78, operation=PrimitiveOperation{id=DefaultOperationId{id=write, type=COMMAND}, value=byte[]{length=17, hash=-1644578928}}}}
02:47:51.319 [raft-server-2-state] TRACE i.a.p.raft.impl.RaftServiceManager - RaftServer{2} - Applying Indexed{index=86, entry=CommandEntry{term=1, timestamp=2018-06-09 02:47:51,107, session=2, sequence=78, operation=PrimitiveOperation{id=DefaultOperationId{id=write, type=COMMAND}, value=byte[]{length=17, hash=-1644578928}}}}
02:47:51.319 [raft-server-1] TRACE i.a.p.raft.roles.LeaderAppender - RaftServer{1} - Sending AppendRequest{term=1, leader=1, prevLogIndex=86, prevLogTerm=1, entries=2, commitIndex=86} to 3
02:47:51.319 [raft-server-3-state] TRACE i.a.p.s.impl.DefaultServiceExecutor - PrimitiveService{2}{type=io.atomix.protocols.raft.RaftTest$TestPrimitiveType@260d6206, name=raft-test} - Executing DefaultCommit{index=86, session=RaftSession{RaftServiceContext{server=3, type=io.atomix.protocols.raft.RaftTest$TestPrimitiveType@260d6206, name=raft-test, id=2}, session=2, timestamp=2018-06-09 02:47:51,107}, time=2018-06-09 02:47:51,107, operation=DefaultOperationId{id=write, type=COMMAND}, value=byte[]{length=17, hash=-1644578928}}
02:47:51.319 [raft-server-2-state] TRACE i.a.p.s.impl.DefaultServiceExecutor - PrimitiveService{2}{type=io.atomix.protocols.raft.RaftTest$TestPrimitiveType@8dc7f31, name=raft-test} - Executing DefaultCommit{index=86, session=RaftSession{RaftServiceContext{server=2, type=io.atomix.protocols.raft.RaftTest$TestPrimitiveType@8dc7f31, name=raft-test, id=2}, session=2, timestamp=2018-06-09 02:47:51,107}, time=2018-06-09 02:47:51,107, operation=DefaultOperationId{id=write, type=COMMAND}, value=byte[]{length=17, hash=-1644578928}}
02:47:51.319 [raft-server-1] TRACE i.a.p.raft.roles.LeaderAppender - RaftServer{1} - Sending AppendRequest{term=1, leader=1, prevLogIndex=86, prevLogTerm=1, entries=2, commitIndex=86} to 2
02:47:51.319 [raft-server-1] TRACE i.a.p.raft.roles.LeaderAppender - RaftServer{1} - Received AppendResponse{status=OK, term=1, succeeded=true, lastLogIndex=86} from 2
02:47:51.319 [raft-server-2] TRACE i.a.p.raft.roles.FollowerRole - RaftServer{2}{role=FOLLOWER} - Received AppendRequest{term=1, leader=1, prevLogIndex=86, prevLogTerm=1, entries=2, commitIndex=86}
02:47:51.319 [raft-server-3] TRACE i.a.p.raft.roles.FollowerRole - RaftServer{3}{role=FOLLOWER} - Received AppendRequest{term=1, leader=1, prevLogIndex=86, prevLogTerm=1, entries=2, commitIndex=86}
02:47:51.319 [raft-server-3] TRACE i.a.p.raft.roles.FollowerRole - RaftServer{3}{role=FOLLOWER} - Appended Indexed{index=87, entry=KeepAliveEntry{term=1, timestamp=2018-06-09 02:47:51,246, sessionIds=long[]{length=1, hash=33}, commandSequences=long[]{length=1, hash=108}, eventIndexes=long[]{length=1, hash=33}}}
02:47:51.319 [raft-server-2] TRACE i.a.p.raft.roles.FollowerRole - RaftServer{2}{role=FOLLOWER} - Appended Indexed{index=87, entry=KeepAliveEntry{term=1, timestamp=2018-06-09 02:47:51,246, sessionIds=long[]{length=1, hash=33}, commandSequences=long[]{length=1, hash=108}, eventIndexes=long[]{length=1, hash=33}}}
02:47:51.319 [raft-server-3] TRACE i.a.p.raft.roles.FollowerRole - RaftServer{3}{role=FOLLOWER} - Appended Indexed{index=88, entry=CommandEntry{term=1, timestamp=2018-06-09 02:47:51,247, session=2, sequence=79, operation=PrimitiveOperation{id=DefaultOperationId{id=write, type=COMMAND}, value=byte[]{length=17, hash=-1644578928}}}}
02:47:51.320 [raft-server-2] TRACE i.a.p.raft.roles.FollowerRole - RaftServer{2}{role=FOLLOWER} - Appended Indexed{index=88, entry=CommandEntry{term=1, timestamp=2018-06-09 02:47:51,247, session=2, sequence=79, operation=PrimitiveOperation{id=DefaultOperationId{id=write, type=COMMAND}, value=byte[]{length=17, hash=-1644578928}}}}
02:47:51.320 [raft-server-3] TRACE i.a.p.raft.roles.FollowerRole - RaftServer{3}{role=FOLLOWER} - Sending AppendResponse{status=OK, term=1, succeeded=true, lastLogIndex=88}
02:47:51.320 [raft-server-2] TRACE i.a.p.raft.roles.FollowerRole - RaftServer{2}{role=FOLLOWER} - Sending AppendResponse{status=OK, term=1, succeeded=true, lastLogIndex=88}
02:47:51.320 [raft-server-1] TRACE i.a.p.raft.roles.LeaderAppender - RaftServer{1} - Received AppendResponse{status=OK, term=1, succeeded=true, lastLogIndex=88} from 3
02:47:51.320 [raft-server-1] TRACE i.a.p.raft.roles.LeaderAppender - RaftServer{1} - Committed entries up to 88
02:47:51.387 [raft-server-1] TRACE i.a.p.raft.roles.LeaderAppender - RaftServer{1} - Received AppendResponse{status=OK, term=1, succeeded=true, lastLogIndex=88} from 2
02:47:51.388 [raft-server-1-state] TRACE i.a.p.raft.impl.RaftServiceManager - RaftServer{1} - Applying Indexed{index=87, entry=KeepAliveEntry{term=1, timestamp=2018-06-09 02:47:51,246, sessionIds=long[]{length=1, hash=33}, commandSequences=long[]{length=1, hash=108}, eventIndexes=long[]{length=1, hash=33}}}
02:47:51.388 [raft-server-1-state] TRACE i.a.p.raft.impl.RaftServiceManager - RaftServer{1} - Applying Indexed{index=88, entry=CommandEntry{term=1, timestamp=2018-06-09 02:47:51,247, session=2, sequence=79, operation=PrimitiveOperation{id=DefaultOperationId{id=write, type=COMMAND}, value=byte[]{length=17, hash=-1644578928}}}}
02:47:51.388 [raft-server-1] TRACE i.a.protocols.raft.roles.LeaderRole - RaftServer{1}{role=LEADER} - Sending KeepAliveResponse{status=OK, leader=1, members=[1, 3, 2], sessionIds=long[]{length=1, hash=33}}
02:47:51.388 [raft-server-1-state] TRACE i.a.p.s.impl.DefaultServiceExecutor - PrimitiveService{2}{type=io.atomix.protocols.raft.RaftTest$TestPrimitiveType@35843ad0, name=raft-test} - Executing DefaultCommit{index=88, session=RaftSession{RaftServiceContext{server=1, type=io.atomix.protocols.raft.RaftTest$TestPrimitiveType@35843ad0, name=raft-test, id=2}, session=2, timestamp=2018-06-09 02:47:51,247}, time=2018-06-09 02:47:51,247, operation=DefaultOperationId{id=write, type=COMMAND}, value=byte[]{length=17, hash=-1644578928}}
02:47:51.388 [raft-server-3] TRACE i.a.p.raft.roles.FollowerRole - RaftServer{3}{role=FOLLOWER} - Sending KeepAliveResponse{status=OK, leader=1, members=[1, 3, 2], sessionIds=long[]{length=1, hash=33}}
02:47:51.388 [raft-server-1-state] TRACE i.a.protocols.raft.roles.LeaderRole - RaftServer{1}{role=LEADER} - Sending CommandResponse{status=OK, index=88, eventIndex=2, result=byte[]{length=3, hash=35961}}
02:47:51.388 [raft-client-613ce1dd-77b1-4b52-a0bf-d277cef86e4f-3] TRACE i.a.p.r.p.impl.RaftProxyConnection - RaftClient{613ce1dd-77b1-4b52-a0bf-d277cef86e4f} - Received KeepAliveResponse{status=OK, leader=1, members=[1, 3, 2], sessionIds=long[]{length=1, hash=33}} from 3
02:47:51.388 [raft-client-613ce1dd-77b1-4b52-a0bf-d277cef86e4f-7] TRACE i.a.p.r.p.impl.RaftProxyConnection - SessionClient{2}{type=io.atomix.protocols.raft.RaftTest$TestPrimitiveType@35bfa1bb, name=raft-test} - Received CommandResponse{status=OK, index=88, eventIndex=2, result=byte[]{length=3, hash=35961}} from 1
02:47:51.388 [raft-client-613ce1dd-77b1-4b52-a0bf-d277cef86e4f-7] TRACE i.a.p.r.p.impl.RaftProxySequencer - SessionClient{2}{type=io.atomix.protocols.raft.RaftTest$TestPrimitiveType@35bfa1bb, name=raft-test} - Completing response CommandResponse{status=OK, index=88, eventIndex=2, result=byte[]{length=3, hash=35961}}
02:47:51.389 [raft-client-613ce1dd-77b1-4b52-a0bf-d277cef86e4f-1] TRACE i.a.p.r.p.impl.RaftProxyConnection - SessionClient{2}{type=io.atomix.protocols.raft.RaftTest$TestPrimitiveType@35bfa1bb, name=raft-test} - Sending CommandRequest{session=2, sequence=80, operation=PrimitiveOperation{id=DefaultOperationId{id=write, type=COMMAND}, value=byte[]{length=17, hash=-1644578928}}} to 1
02:47:51.389 [raft-server-1] TRACE i.a.protocols.raft.roles.LeaderRole - RaftServer{1}{role=LEADER} - Received CommandRequest{session=2, sequence=80, operation=PrimitiveOperation{id=DefaultOperationId{id=write, type=COMMAND}, value=byte[]{length=17, hash=-1644578928}}}
02:47:51.389 [raft-server-1] TRACE i.a.protocols.raft.roles.LeaderRole - RaftServer{1}{role=LEADER} - Appended Indexed{index=89, entry=CommandEntry{term=1, timestamp=2018-06-09 02:47:51,389, session=2, sequence=80, operation=PrimitiveOperation{id=DefaultOperationId{id=write, type=COMMAND}, value=byte[]{length=17, hash=-1644578928}}}}
02:47:51.389 [raft-server-1] TRACE i.a.p.raft.roles.LeaderAppender - RaftServer{1} - Sending AppendRequest{term=1, leader=1, prevLogIndex=88, prevLogTerm=1, entries=1, commitIndex=88} to 3
02:47:51.389 [raft-server-3] TRACE i.a.p.raft.roles.FollowerRole - RaftServer{3}{role=FOLLOWER} - Received AppendRequest{term=1, leader=1, prevLogIndex=88, prevLogTerm=1, entries=1, commitIndex=88}
02:47:51.389 [raft-server-1] TRACE i.a.p.raft.roles.LeaderAppender - RaftServer{1} - Sending AppendRequest{term=1, leader=1, prevLogIndex=88, prevLogTerm=1, entries=1, commitIndex=88} to 2
02:47:51.389 [raft-server-2] TRACE i.a.p.raft.roles.FollowerRole - RaftServer{2}{role=FOLLOWER} - Received AppendRequest{term=1, leader=1, prevLogIndex=88, prevLogTerm=1, entries=1, commitIndex=88}
02:47:51.389 [raft-server-3] TRACE i.a.p.raft.roles.FollowerRole - RaftServer{3}{role=FOLLOWER} - Appended Indexed{index=89, entry=CommandEntry{term=1, timestamp=2018-06-09 02:47:51,389, session=2, sequence=80, operation=PrimitiveOperation{id=DefaultOperationId{id=write, type=COMMAND}, value=byte[]{length=17, hash=-1644578928}}}}
02:47:51.389 [raft-server-2] TRACE i.a.p.raft.roles.FollowerRole - RaftServer{2}{role=FOLLOWER} - Appended Indexed{index=89, entry=CommandEntry{term=1, timestamp=2018-06-09 02:47:51,389, session=2, sequence=80, operation=PrimitiveOperation{id=DefaultOperationId{id=write, type=COMMAND}, value=byte[]{length=17, hash=-1644578928}}}}
02:47:51.472 [raft-server-2] TRACE i.a.p.raft.roles.FollowerRole - RaftServer{2}{role=FOLLOWER} - Committed entries up to index 88
02:47:51.472 [raft-server-2] TRACE i.a.p.raft.roles.FollowerRole - RaftServer{2}{role=FOLLOWER} - Sending AppendResponse{status=OK, term=1, succeeded=true, lastLogIndex=89}
02:47:51.472 [raft-server-3] TRACE i.a.p.raft.roles.FollowerRole - RaftServer{3}{role=FOLLOWER} - Committed entries up to index 88
02:47:51.473 [raft-server-2-state] TRACE i.a.p.raft.impl.RaftServiceManager - RaftServer{2} - Applying Indexed{index=87, entry=KeepAliveEntry{term=1, timestamp=2018-06-09 02:47:51,246, sessionIds=long[]{length=1, hash=33}, commandSequences=long[]{length=1, hash=108}, eventIndexes=long[]{length=1, hash=33}}}
02:47:51.473 [raft-server-3] TRACE i.a.p.raft.roles.FollowerRole - RaftServer{3}{role=FOLLOWER} - Sending AppendResponse{status=OK, term=1, succeeded=true, lastLogIndex=89}
02:47:51.473 [raft-server-1] TRACE i.a.p.raft.roles.LeaderAppender - RaftServer{1} - Received AppendResponse{status=OK, term=1, succeeded=true, lastLogIndex=89} from 2
02:47:51.473 [raft-server-1] TRACE i.a.p.raft.roles.LeaderAppender - RaftServer{1} - Committed entries up to 89
02:47:51.473 [raft-server-3-state] TRACE i.a.p.raft.impl.RaftServiceManager - RaftServer{3} - Applying Indexed{index=87, entry=KeepAliveEntry{term=1, timestamp=2018-06-09 02:47:51,246, sessionIds=long[]{length=1, hash=33}, commandSequences=long[]{length=1, hash=108}, eventIndexes=long[]{length=1, hash=33}}}
02:47:51.473 [raft-server-2-state] TRACE i.a.p.raft.impl.RaftServiceManager - RaftServer{2} - Applying Indexed{index=88, entry=CommandEntry{term=1, timestamp=2018-06-09 02:47:51,247, session=2, sequence=79, operation=PrimitiveOperation{id=DefaultOperationId{id=write, type=COMMAND}, value=byte[]{length=17, hash=-1644578928}}}}
02:47:51.473 [raft-server-3-state] TRACE i.a.p.raft.impl.RaftServiceManager - RaftServer{3} - Applying Indexed{index=88, entry=CommandEntry{term=1, timestamp=2018-06-09 02:47:51,247, session=2, sequence=79, operation=PrimitiveOperation{id=DefaultOperationId{id=write, type=COMMAND}, value=byte[]{length=17, hash=-1644578928}}}}
02:47:51.473 [raft-server-2-state] TRACE i.a.p.s.impl.DefaultServiceExecutor - PrimitiveService{2}{type=io.atomix.protocols.raft.RaftTest$TestPrimitiveType@8dc7f31, name=raft-test} - Executing DefaultCommit{index=88, session=RaftSession{RaftServiceContext{server=2, type=io.atomix.protocols.raft.RaftTest$TestPrimitiveType@8dc7f31, name=raft-test, id=2}, session=2, timestamp=2018-06-09 02:47:51,247}, time=2018-06-09 02:47:51,247, operation=DefaultOperationId{id=write, type=COMMAND}, value=byte[]{length=17, hash=-1644578928}}
02:47:51.473 [raft-server-3-state] TRACE i.a.p.s.impl.DefaultServiceExecutor - PrimitiveService{2}{type=io.atomix.protocols.raft.RaftTest$TestPrimitiveType@260d6206, name=raft-test} - Executing DefaultCommit{index=88, session=RaftSession{RaftServiceContext{server=3, type=io.atomix.protocols.raft.RaftTest$TestPrimitiveType@260d6206, name=raft-test, id=2}, session=2, timestamp=2018-06-09 02:47:51,247}, time=2018-06-09 02:47:51,247, operation=DefaultOperationId{id=write, type=COMMAND}, value=byte[]{length=17, hash=-1644578928}}
02:47:51.551 [raft-server-1] TRACE i.a.p.raft.roles.LeaderAppender - RaftServer{1} - Received AppendResponse{status=OK, term=1, succeeded=true, lastLogIndex=89} from 3
02:47:51.552 [raft-server-1] TRACE i.a.p.raft.roles.LeaderAppender - RaftServer{1} - Sending AppendRequest{term=1, leader=1, prevLogIndex=89, prevLogTerm=1, entries=0, commitIndex=89} to 3
02:47:51.552 [raft-server-1] TRACE i.a.p.raft.roles.LeaderAppender - RaftServer{1} - Sending AppendRequest{term=1, leader=1, prevLogIndex=89, prevLogTerm=1, entries=0, commitIndex=89} to 2
02:47:51.552 [raft-server-3] TRACE i.a.p.raft.roles.FollowerRole - RaftServer{3}{role=FOLLOWER} - Received AppendRequest{term=1, leader=1, prevLogIndex=89, prevLogTerm=1, entries=0, commitIndex=89}
02:47:51.552 [raft-server-1-state] TRACE i.a.p.raft.impl.RaftServiceManager - RaftServer{1} - Applying Indexed{index=89, entry=CommandEntry{term=1, timestamp=2018-06-09 02:47:51,389, session=2, sequence=80, operation=PrimitiveOperation{id=DefaultOperationId{id=write, type=COMMAND}, value=byte[]{length=17, hash=-1644578928}}}}
02:47:51.552 [raft-server-2] TRACE i.a.p.raft.roles.FollowerRole - RaftServer{2}{role=FOLLOWER} - Received AppendRequest{term=1, leader=1, prevLogIndex=89, prevLogTerm=1, entries=0, commitIndex=89}
02:47:51.552 [raft-server-1-state] TRACE i.a.p.s.impl.DefaultServiceExecutor - PrimitiveService{2}{type=io.atomix.protocols.raft.RaftTest$TestPrimitiveType@35843ad0, name=raft-test} - Executing DefaultCommit{index=89, session=RaftSession{RaftServiceContext{server=1, type=io.atomix.protocols.raft.RaftTest$TestPrimitiveType@35843ad0, name=raft-test, id=2}, session=2, timestamp=2018-06-09 02:47:51,389}, time=2018-06-09 02:47:51,389, operation=DefaultOperationId{id=write, type=COMMAND}, value=byte[]{length=17, hash=-1644578928}}
02:47:51.553 [raft-server-1-state] TRACE i.a.protocols.raft.roles.LeaderRole - RaftServer{1}{role=LEADER} - Sending CommandResponse{status=OK, index=89, eventIndex=2, result=byte[]{length=3, hash=36023}}
02:47:51.553 [raft-client-613ce1dd-77b1-4b52-a0bf-d277cef86e4f-5] TRACE i.a.p.r.p.impl.RaftProxyConnection - SessionClient{2}{type=io.atomix.protocols.raft.RaftTest$TestPrimitiveType@35bfa1bb, name=raft-test} - Received CommandResponse{status=OK, index=89, eventIndex=2, result=byte[]{length=3, hash=36023}} from 1
02:47:51.553 [raft-client-613ce1dd-77b1-4b52-a0bf-d277cef86e4f-5] TRACE i.a.p.r.p.impl.RaftProxySequencer - SessionClient{2}{type=io.atomix.protocols.raft.RaftTest$TestPrimitiveType@35bfa1bb, name=raft-test} - Completing response CommandResponse{status=OK, index=89, eventIndex=2, result=byte[]{length=3, hash=36023}}
02:47:51.553 [raft-client-613ce1dd-77b1-4b52-a0bf-d277cef86e4f-4] TRACE i.a.p.r.p.impl.RaftProxyConnection - SessionClient{2}{type=io.atomix.protocols.raft.RaftTest$TestPrimitiveType@35bfa1bb, name=raft-test} - Sending CommandRequest{session=2, sequence=81, operation=PrimitiveOperation{id=DefaultOperationId{id=write, type=COMMAND}, value=byte[]{length=17, hash=-1644578928}}} to 1
02:47:51.553 [raft-server-1] TRACE i.a.protocols.raft.roles.LeaderRole - RaftServer{1}{role=LEADER} - Received CommandRequest{session=2, sequence=81, operation=PrimitiveOperation{id=DefaultOperationId{id=write, type=COMMAND}, value=byte[]{length=17, hash=-1644578928}}}
02:47:51.553 [raft-server-1] TRACE i.a.protocols.raft.roles.LeaderRole - RaftServer{1}{role=LEADER} - Appended Indexed{index=90, entry=CommandEntry{term=1, timestamp=2018-06-09 02:47:51,553, session=2, sequence=81, operation=PrimitiveOperation{id=DefaultOperationId{id=write, type=COMMAND}, value=byte[]{length=17, hash=-1644578928}}}}
02:47:51.610 [raft-server-3] TRACE i.a.p.raft.roles.FollowerRole - RaftServer{3}{role=FOLLOWER} - Committed entries up to index 89
02:47:51.610 [raft-server-3] TRACE i.a.p.raft.roles.FollowerRole - RaftServer{3}{role=FOLLOWER} - Sending AppendResponse{status=OK, term=1, succeeded=true, lastLogIndex=89}
02:47:51.610 [raft-server-1] TRACE i.a.p.raft.roles.LeaderAppender - RaftServer{1} - Received AppendResponse{status=OK, term=1, succeeded=true, lastLogIndex=89} from 3
02:47:51.610 [raft-server-3-state] TRACE i.a.p.raft.impl.RaftServiceManager - RaftServer{3} - Applying Indexed{index=89, entry=CommandEntry{term=1, timestamp=2018-06-09 02:47:51,389, session=2, sequence=80, operation=PrimitiveOperation{id=DefaultOperationId{id=write, type=COMMAND}, value=byte[]{length=17, hash=-1644578928}}}}
02:47:51.610 [raft-server-1] TRACE i.a.p.raft.roles.LeaderAppender - RaftServer{1} - Sending AppendRequest{term=1, leader=1, prevLogIndex=89, prevLogTerm=1, entries=1, commitIndex=89} to 3
02:47:51.610 [raft-server-3-state] TRACE i.a.p.s.impl.DefaultServiceExecutor - PrimitiveService{2}{type=io.atomix.protocols.raft.RaftTest$TestPrimitiveType@260d6206, name=raft-test} - Executing DefaultCommit{index=89, session=RaftSession{RaftServiceContext{server=3, type=io.atomix.protocols.raft.RaftTest$TestPrimitiveType@260d6206, name=raft-test, id=2}, session=2, timestamp=2018-06-09 02:47:51,389}, time=2018-06-09 02:47:51,389, operation=DefaultOperationId{id=write, type=COMMAND}, value=byte[]{length=17, hash=-1644578928}}
02:47:51.611 [raft-server-1] TRACE i.a.p.raft.roles.LeaderAppender - RaftServer{1} - Sending AppendRequest{term=1, leader=1, prevLogIndex=89, prevLogTerm=1, entries=1, commitIndex=89} to 2
02:47:51.611 [raft-server-3] TRACE i.a.p.raft.roles.FollowerRole - RaftServer{3}{role=FOLLOWER} - Received AppendRequest{term=1, leader=1, prevLogIndex=89, prevLogTerm=1, entries=1, commitIndex=89}
02:47:51.611 [raft-server-3] TRACE i.a.p.raft.roles.FollowerRole - RaftServer{3}{role=FOLLOWER} - Appended Indexed{index=90, entry=CommandEntry{term=1, timestamp=2018-06-09 02:47:51,553, session=2, sequence=81, operation=PrimitiveOperation{id=DefaultOperationId{id=write, type=COMMAND}, value=byte[]{length=17, hash=-1644578928}}}}
02:47:51.611 [raft-server-3] TRACE i.a.p.raft.roles.FollowerRole - RaftServer{3}{role=FOLLOWER} - Sending AppendResponse{status=OK, term=1, succeeded=true, lastLogIndex=90}
02:47:51.611 [raft-server-1] TRACE i.a.p.raft.roles.LeaderAppender - RaftServer{1} - Received AppendResponse{status=OK, term=1, succeeded=true, lastLogIndex=90} from 3
02:47:51.611 [raft-server-1] TRACE i.a.p.raft.roles.LeaderAppender - RaftServer{1} - Committed entries up to 90
02:47:51.671 [raft-server-2] TRACE i.a.p.raft.roles.FollowerRole - RaftServer{2}{role=FOLLOWER} - Committed entries up to index 89
02:47:51.671 [raft-server-2] TRACE i.a.p.raft.roles.FollowerRole - RaftServer{2}{role=FOLLOWER} - Sending AppendResponse{status=OK, term=1, succeeded=true, lastLogIndex=89}
02:47:51.671 [raft-server-2] TRACE i.a.p.raft.roles.FollowerRole - RaftServer{2}{role=FOLLOWER} - Received AppendRequest{term=1, leader=1, prevLogIndex=89, prevLogTerm=1, entries=1, commitIndex=89}
02:47:51.671 [raft-server-2] TRACE i.a.p.raft.roles.FollowerRole - RaftServer{2}{role=FOLLOWER} - Appended Indexed{index=90, entry=CommandEntry{term=1, timestamp=2018-06-09 02:47:51,553, session=2, sequence=81, operation=PrimitiveOperation{id=DefaultOperationId{id=write, type=COMMAND}, value=byte[]{length=17, hash=-1644578928}}}}
02:47:51.671 [raft-server-2] TRACE i.a.p.raft.roles.FollowerRole - RaftServer{2}{role=FOLLOWER} - Sending AppendResponse{status=OK, term=1, succeeded=true, lastLogIndex=90}
02:47:51.671 [raft-server-2-state] TRACE i.a.p.raft.impl.RaftServiceManager - RaftServer{2} - Applying Indexed{index=89, entry=CommandEntry{term=1, timestamp=2018-06-09 02:47:51,389, session=2, sequence=80, operation=PrimitiveOperation{id=DefaultOperationId{id=write, type=COMMAND}, value=byte[]{length=17, hash=-1644578928}}}}
02:47:51.671 [raft-server-2-state] TRACE i.a.p.s.impl.DefaultServiceExecutor - PrimitiveService{2}{type=io.atomix.protocols.raft.RaftTest$TestPrimitiveType@8dc7f31, name=raft-test} - Executing DefaultCommit{index=89, session=RaftSession{RaftServiceContext{server=2, type=io.atomix.protocols.raft.RaftTest$TestPrimitiveType@8dc7f31, name=raft-test, id=2}, session=2, timestamp=2018-06-09 02:47:51,389}, time=2018-06-09 02:47:51,389, operation=DefaultOperationId{id=write, type=COMMAND}, value=byte[]{length=17, hash=-1644578928}}
02:47:51.711 [raft-server-1] TRACE i.a.p.raft.roles.LeaderAppender - RaftServer{1} - Received AppendResponse{status=OK, term=1, succeeded=true, lastLogIndex=89} from 2
02:47:51.711 [raft-server-1] TRACE i.a.p.raft.roles.LeaderAppender - RaftServer{1} - Received AppendResponse{status=OK, term=1, succeeded=true, lastLogIndex=90} from 2
02:47:51.711 [raft-server-1-state] TRACE i.a.p.raft.impl.RaftServiceManager - RaftServer{1} - Applying Indexed{index=90, entry=CommandEntry{term=1, timestamp=2018-06-09 02:47:51,553, session=2, sequence=81, operation=PrimitiveOperation{id=DefaultOperationId{id=write, type=COMMAND}, value=byte[]{length=17, hash=-1644578928}}}}
02:47:51.711 [raft-server-1-state] TRACE i.a.p.s.impl.DefaultServiceExecutor - PrimitiveService{2}{type=io.atomix.protocols.raft.RaftTest$TestPrimitiveType@35843ad0, name=raft-test} - Executing DefaultCommit{index=90, session=RaftSession{RaftServiceContext{server=1, type=io.atomix.protocols.raft.RaftTest$TestPrimitiveType@35843ad0, name=raft-test, id=2}, session=2, timestamp=2018-06-09 02:47:51,553}, time=2018-06-09 02:47:51,553, operation=DefaultOperationId{id=write, type=COMMAND}, value=byte[]{length=17, hash=-1644578928}}
02:47:51.711 [raft-server-1-state] TRACE i.a.protocols.raft.roles.LeaderRole - RaftServer{1}{role=LEADER} - Sending CommandResponse{status=OK, index=90, eventIndex=2, result=byte[]{length=3, hash=36085}}
02:47:51.712 [raft-client-613ce1dd-77b1-4b52-a0bf-d277cef86e4f-0] TRACE i.a.p.r.p.impl.RaftProxyConnection - SessionClient{2}{type=io.atomix.protocols.raft.RaftTest$TestPrimitiveType@35bfa1bb, name=raft-test} - Received CommandResponse{status=OK, index=90, eventIndex=2, result=byte[]{length=3, hash=36085}} from 1
02:47:51.712 [raft-client-613ce1dd-77b1-4b52-a0bf-d277cef86e4f-0] TRACE i.a.p.r.p.impl.RaftProxySequencer - SessionClient{2}{type=io.atomix.protocols.raft.RaftTest$TestPrimitiveType@35bfa1bb, name=raft-test} - Completing response CommandResponse{status=OK, index=90, eventIndex=2, result=byte[]{length=3, hash=36085}}
02:47:51.712 [raft-client-613ce1dd-77b1-4b52-a0bf-d277cef86e4f-1] TRACE i.a.p.r.p.impl.RaftProxyConnection - SessionClient{2}{type=io.atomix.protocols.raft.RaftTest$TestPrimitiveType@35bfa1bb, name=raft-test} - Sending CommandRequest{session=2, sequence=82, operation=PrimitiveOperation{id=DefaultOperationId{id=write, type=COMMAND}, value=byte[]{length=17, hash=-1644578928}}} to 1
02:47:51.712 [raft-server-1] TRACE i.a.protocols.raft.roles.LeaderRole - RaftServer{1}{role=LEADER} - Received CommandRequest{session=2, sequence=82, operation=PrimitiveOperation{id=DefaultOperationId{id=write, type=COMMAND}, value=byte[]{length=17, hash=-1644578928}}}
02:47:51.948 [raft-server-1] DEBUG i.a.storage.journal.SegmentedJournal - Created disk segment: JournalSegment{id=10, version=1, index=91, size=64}
02:47:51.949 [raft-server-1] TRACE i.a.protocols.raft.roles.LeaderRole - RaftServer{1}{role=LEADER} - Appended Indexed{index=91, entry=CommandEntry{term=1, timestamp=2018-06-09 02:47:51,712, session=2, sequence=82, operation=PrimitiveOperation{id=DefaultOperationId{id=write, type=COMMAND}, value=byte[]{length=17, hash=-1644578928}}}}
02:47:51.949 [raft-server-1] TRACE i.a.p.raft.roles.LeaderAppender - RaftServer{1} - Sending AppendRequest{term=1, leader=1, prevLogIndex=90, prevLogTerm=1, entries=1, commitIndex=90} to 3
02:47:51.949 [raft-server-3] TRACE i.a.p.raft.roles.FollowerRole - RaftServer{3}{role=FOLLOWER} - Received AppendRequest{term=1, leader=1, prevLogIndex=90, prevLogTerm=1, entries=1, commitIndex=90}
02:47:51.950 [raft-server-1] TRACE i.a.p.raft.roles.LeaderAppender - RaftServer{1} - Sending AppendRequest{term=1, leader=1, prevLogIndex=90, prevLogTerm=1, entries=1, commitIndex=90} to 2
02:47:51.950 [raft-server-2] TRACE i.a.p.raft.roles.FollowerRole - RaftServer{2}{role=FOLLOWER} - Received AppendRequest{term=1, leader=1, prevLogIndex=90, prevLogTerm=1, entries=1, commitIndex=90}
02:47:52.279 [raft-server-3] DEBUG i.a.storage.journal.SegmentedJournal - Created disk segment: JournalSegment{id=10, version=1, index=91, size=64}
02:47:52.279 [raft-server-3] TRACE i.a.p.raft.roles.FollowerRole - RaftServer{3}{role=FOLLOWER} - Appended Indexed{index=91, entry=CommandEntry{term=1, timestamp=2018-06-09 02:47:51,712, session=2, sequence=82, operation=PrimitiveOperation{id=DefaultOperationId{id=write, type=COMMAND}, value=byte[]{length=17, hash=-1644578928}}}}
02:47:52.351 [raft-server-2] DEBUG i.a.storage.journal.SegmentedJournal - Created disk segment: JournalSegment{id=10, version=1, index=91, size=64}
02:47:52.352 [raft-server-2] TRACE i.a.p.raft.roles.FollowerRole - RaftServer{2}{role=FOLLOWER} - Appended Indexed{index=91, entry=CommandEntry{term=1, timestamp=2018-06-09 02:47:51,712, session=2, sequence=82, operation=PrimitiveOperation{id=DefaultOperationId{id=write, type=COMMAND}, value=byte[]{length=17, hash=-1644578928}}}}
02:47:52.431 [raft-server-2] TRACE i.a.p.raft.roles.FollowerRole - RaftServer{2}{role=FOLLOWER} - Committed entries up to index 90
02:47:52.433 [raft-server-2] TRACE i.a.p.raft.roles.FollowerRole - RaftServer{2}{role=FOLLOWER} - Sending AppendResponse{status=OK, term=1, succeeded=true, lastLogIndex=91}
02:47:52.433 [raft-server-1] TRACE i.a.p.raft.roles.LeaderAppender - RaftServer{1} - Received AppendResponse{status=OK, term=1, succeeded=true, lastLogIndex=91} from 2
02:47:52.433 [raft-server-1] TRACE i.a.p.raft.roles.LeaderAppender - RaftServer{1} - Committed entries up to 91
02:47:52.433 [raft-server-3] TRACE i.a.p.raft.roles.FollowerRole - RaftServer{3}{role=FOLLOWER} - Committed entries up to index 90
02:47:52.433 [raft-server-3] TRACE i.a.p.raft.roles.FollowerRole - RaftServer{3}{role=FOLLOWER} - Sending AppendResponse{status=OK, term=1, succeeded=true, lastLogIndex=91}
02:47:52.433 [raft-server-2-state] TRACE i.a.p.raft.impl.RaftServiceManager - RaftServer{2} - Applying Indexed{index=90, entry=CommandEntry{term=1, timestamp=2018-06-09 02:47:51,553, session=2, sequence=81, operation=PrimitiveOperation{id=DefaultOperationId{id=write, type=COMMAND}, value=byte[]{length=17, hash=-1644578928}}}}
02:47:52.433 [raft-server-2-state] TRACE i.a.p.s.impl.DefaultServiceExecutor - PrimitiveService{2}{type=io.atomix.protocols.raft.RaftTest$TestPrimitiveType@8dc7f31, name=raft-test} - Executing DefaultCommit{index=90, session=RaftSession{RaftServiceContext{server=2, type=io.atomix.protocols.raft.RaftTest$TestPrimitiveType@8dc7f31, name=raft-test, id=2}, session=2, timestamp=2018-06-09 02:47:51,553}, time=2018-06-09 02:47:51,553, operation=DefaultOperationId{id=write, type=COMMAND}, value=byte[]{length=17, hash=-1644578928}}
02:47:52.434 [raft-server-3-state] TRACE i.a.p.raft.impl.RaftServiceManager - RaftServer{3} - Applying Indexed{index=90, entry=CommandEntry{term=1, timestamp=2018-06-09 02:47:51,553, session=2, sequence=81, operation=PrimitiveOperation{id=DefaultOperationId{id=write, type=COMMAND}, value=byte[]{length=17, hash=-1644578928}}}}
02:47:52.434 [raft-server-3-state] TRACE i.a.p.s.impl.DefaultServiceExecutor - PrimitiveService{2}{type=io.atomix.protocols.raft.RaftTest$TestPrimitiveType@260d6206, name=raft-test} - Executing DefaultCommit{index=90, session=RaftSession{RaftServiceContext{server=3, type=io.atomix.protocols.raft.RaftTest$TestPrimitiveType@260d6206, name=raft-test, id=2}, session=2, timestamp=2018-06-09 02:47:51,553}, time=2018-06-09 02:47:51,553, operation=DefaultOperationId{id=write, type=COMMAND}, value=byte[]{length=17, hash=-1644578928}}
02:47:52.526 [raft-server-1] TRACE i.a.p.raft.roles.LeaderAppender - RaftServer{1} - Sending AppendRequest{term=1, leader=1, prevLogIndex=91, prevLogTerm=1, entries=0, commitIndex=91} to 2
02:47:52.527 [raft-server-1] TRACE i.a.p.raft.roles.LeaderAppender - RaftServer{1} - Received AppendResponse{status=OK, term=1, succeeded=true, lastLogIndex=91} from 3
02:47:52.527 [raft-server-2] TRACE i.a.p.raft.roles.FollowerRole - RaftServer{2}{role=FOLLOWER} - Received AppendRequest{term=1, leader=1, prevLogIndex=91, prevLogTerm=1, entries=0, commitIndex=91}
02:47:52.527 [raft-server-1] TRACE i.a.p.raft.roles.LeaderAppender - RaftServer{1} - Sending AppendRequest{term=1, leader=1, prevLogIndex=91, prevLogTerm=1, entries=0, commitIndex=91} to 3
02:47:52.527 [raft-server-3] TRACE i.a.p.raft.roles.FollowerRole - RaftServer{3}{role=FOLLOWER} - Received AppendRequest{term=1, leader=1, prevLogIndex=91, prevLogTerm=1, entries=0, commitIndex=91}
02:47:52.527 [raft-server-1-state] TRACE i.a.p.raft.impl.RaftServiceManager - RaftServer{1} - Applying Indexed{index=91, entry=CommandEntry{term=1, timestamp=2018-06-09 02:47:51,712, session=2, sequence=82, operation=PrimitiveOperation{id=DefaultOperationId{id=write, type=COMMAND}, value=byte[]{length=17, hash=-1644578928}}}}
02:47:52.527 [raft-server-1-state] TRACE i.a.p.s.impl.DefaultServiceExecutor - PrimitiveService{2}{type=io.atomix.protocols.raft.RaftTest$TestPrimitiveType@35843ad0, name=raft-test} - Executing DefaultCommit{index=91, session=RaftSession{RaftServiceContext{server=1, type=io.atomix.protocols.raft.RaftTest$TestPrimitiveType@35843ad0, name=raft-test, id=2}, session=2, timestamp=2018-06-09 02:47:51,712}, time=2018-06-09 02:47:51,712, operation=DefaultOperationId{id=write, type=COMMAND}, value=byte[]{length=17, hash=-1644578928}}
02:47:52.528 [raft-server-1-state] TRACE i.a.protocols.raft.roles.LeaderRole - RaftServer{1}{role=LEADER} - Sending CommandResponse{status=OK, index=91, eventIndex=2, result=byte[]{length=3, hash=36147}}
02:47:52.528 [raft-client-613ce1dd-77b1-4b52-a0bf-d277cef86e4f-2] TRACE i.a.p.r.p.impl.RaftProxyConnection - SessionClient{2}{type=io.atomix.protocols.raft.RaftTest$TestPrimitiveType@35bfa1bb, name=raft-test} - Received CommandResponse{status=OK, index=91, eventIndex=2, result=byte[]{length=3, hash=36147}} from 1
02:47:52.528 [raft-client-613ce1dd-77b1-4b52-a0bf-d277cef86e4f-2] TRACE i.a.p.r.p.impl.RaftProxySequencer - SessionClient{2}{type=io.atomix.protocols.raft.RaftTest$TestPrimitiveType@35bfa1bb, name=raft-test} - Completing response CommandResponse{status=OK, index=91, eventIndex=2, result=byte[]{length=3, hash=36147}}
02:47:52.528 [raft-client-613ce1dd-77b1-4b52-a0bf-d277cef86e4f-2] TRACE i.a.p.r.p.impl.RaftProxyConnection - SessionClient{2}{type=io.atomix.protocols.raft.RaftTest$TestPrimitiveType@35bfa1bb, name=raft-test} - Sending CommandRequest{session=2, sequence=83, operation=PrimitiveOperation{id=DefaultOperationId{id=write, type=COMMAND}, value=byte[]{length=17, hash=-1644578928}}} to 1
02:47:52.528 [raft-server-1] TRACE i.a.protocols.raft.roles.LeaderRole - RaftServer{1}{role=LEADER} - Received CommandRequest{session=2, sequence=83, operation=PrimitiveOperation{id=DefaultOperationId{id=write, type=COMMAND}, value=byte[]{length=17, hash=-1644578928}}}
02:47:52.528 [raft-server-1] TRACE i.a.protocols.raft.roles.LeaderRole - RaftServer{1}{role=LEADER} - Appended Indexed{index=92, entry=CommandEntry{term=1, timestamp=2018-06-09 02:47:52,528, session=2, sequence=83, operation=PrimitiveOperation{id=DefaultOperationId{id=write, type=COMMAND}, value=byte[]{length=17, hash=-1644578928}}}}
02:47:52.577 [raft-server-2] TRACE i.a.p.raft.roles.FollowerRole - RaftServer{2}{role=FOLLOWER} - Committed entries up to index 91
02:47:52.577 [raft-server-2] TRACE i.a.p.raft.roles.FollowerRole - RaftServer{2}{role=FOLLOWER} - Sending AppendResponse{status=OK, term=1, succeeded=true, lastLogIndex=91}
02:47:52.577 [raft-server-1] TRACE i.a.p.raft.roles.LeaderAppender - RaftServer{1} - Received AppendResponse{status=OK, term=1, succeeded=true, lastLogIndex=91} from 2
02:47:52.577 [raft-server-2-state] TRACE i.a.p.raft.impl.RaftServiceManager - RaftServer{2} - Applying Indexed{index=91, entry=CommandEntry{term=1, timestamp=2018-06-09 02:47:51,712, session=2, sequence=82, operation=PrimitiveOperation{id=DefaultOperationId{id=write, type=COMMAND}, value=byte[]{length=17, hash=-1644578928}}}}
02:47:52.578 [raft-server-1] TRACE i.a.p.raft.roles.LeaderAppender - RaftServer{1} - Sending AppendRequest{term=1, leader=1, prevLogIndex=91, prevLogTerm=1, entries=1, commitIndex=91} to 2
02:47:52.578 [raft-server-2-state] TRACE i.a.p.s.impl.DefaultServiceExecutor - PrimitiveService{2}{type=io.atomix.protocols.raft.RaftTest$TestPrimitiveType@8dc7f31, name=raft-test} - Executing DefaultCommit{index=91, session=RaftSession{RaftServiceContext{server=2, type=io.atomix.protocols.raft.RaftTest$TestPrimitiveType@8dc7f31, name=raft-test, id=2}, session=2, timestamp=2018-06-09 02:47:51,712}, time=2018-06-09 02:47:51,712, operation=DefaultOperationId{id=write, type=COMMAND}, value=byte[]{length=17, hash=-1644578928}}
02:47:52.578 [raft-server-2] TRACE i.a.p.raft.roles.FollowerRole - RaftServer{2}{role=FOLLOWER} - Received AppendRequest{term=1, leader=1, prevLogIndex=91, prevLogTerm=1, entries=1, commitIndex=91}
02:47:52.578 [raft-server-2] TRACE i.a.p.raft.roles.FollowerRole - RaftServer{2}{role=FOLLOWER} - Appended Indexed{index=92, entry=CommandEntry{term=1, timestamp=2018-06-09 02:47:52,528, session=2, sequence=83, operation=PrimitiveOperation{id=DefaultOperationId{id=write, type=COMMAND}, value=byte[]{length=17, hash=-1644578928}}}}
02:47:52.578 [raft-server-2] TRACE i.a.p.raft.roles.FollowerRole - RaftServer{2}{role=FOLLOWER} - Sending AppendResponse{status=OK, term=1, succeeded=true, lastLogIndex=92}
02:47:52.578 [raft-server-1] TRACE i.a.p.raft.roles.LeaderAppender - RaftServer{1} - Received AppendResponse{status=OK, term=1, succeeded=true, lastLogIndex=92} from 2
02:47:52.578 [raft-server-1] TRACE i.a.p.raft.roles.LeaderAppender - RaftServer{1} - Committed entries up to 92
02:47:52.646 [raft-server-3] TRACE i.a.p.raft.roles.FollowerRole - RaftServer{3}{role=FOLLOWER} - Committed entries up to index 91
02:47:52.646 [raft-server-3] TRACE i.a.p.raft.roles.FollowerRole - RaftServer{3}{role=FOLLOWER} - Sending AppendResponse{status=OK, term=1, succeeded=true, lastLogIndex=91}
02:47:52.646 [raft-server-1-state] TRACE i.a.p.raft.impl.RaftServiceManager - RaftServer{1} - Applying Indexed{index=92, entry=CommandEntry{term=1, timestamp=2018-06-09 02:47:52,528, session=2, sequence=83, operation=PrimitiveOperation{id=DefaultOperationId{id=write, type=COMMAND}, value=byte[]{length=17, hash=-1644578928}}}}
02:47:52.646 [raft-server-1] TRACE i.a.p.raft.roles.LeaderAppender - RaftServer{1} - Received AppendResponse{status=OK, term=1, succeeded=true, lastLogIndex=91} from 3
02:47:52.646 [raft-server-3-state] TRACE i.a.p.raft.impl.RaftServiceManager - RaftServer{3} - Applying Indexed{index=91, entry=CommandEntry{term=1, timestamp=2018-06-09 02:47:51,712, session=2, sequence=82, operation=PrimitiveOperation{id=DefaultOperationId{id=write, type=COMMAND}, value=byte[]{length=17, hash=-1644578928}}}}
02:47:52.646 [raft-server-1] TRACE i.a.p.raft.roles.LeaderAppender - RaftServer{1} - Sending AppendRequest{term=1, leader=1, prevLogIndex=91, prevLogTerm=1, entries=1, commitIndex=92} to 3
02:47:52.646 [raft-server-3-state] TRACE i.a.p.s.impl.DefaultServiceExecutor - PrimitiveService{2}{type=io.atomix.protocols.raft.RaftTest$TestPrimitiveType@260d6206, name=raft-test} - Executing DefaultCommit{index=91, session=RaftSession{RaftServiceContext{server=3, type=io.atomix.protocols.raft.RaftTest$TestPrimitiveType@260d6206, name=raft-test, id=2}, session=2, timestamp=2018-06-09 02:47:51,712}, time=2018-06-09 02:47:51,712, operation=DefaultOperationId{id=write, type=COMMAND}, value=byte[]{length=17, hash=-1644578928}}
02:47:52.646 [raft-server-1-state] TRACE i.a.p.s.impl.DefaultServiceExecutor - PrimitiveService{2}{type=io.atomix.protocols.raft.RaftTest$TestPrimitiveType@35843ad0, name=raft-test} - Executing DefaultCommit{index=92, session=RaftSession{RaftServiceContext{server=1, type=io.atomix.protocols.raft.RaftTest$TestPrimitiveType@35843ad0, name=raft-test, id=2}, session=2, timestamp=2018-06-09 02:47:52,528}, time=2018-06-09 02:47:52,528, operation=DefaultOperationId{id=write, type=COMMAND}, value=byte[]{length=17, hash=-1644578928}}
02:47:52.646 [raft-server-3] TRACE i.a.p.raft.roles.FollowerRole - RaftServer{3}{role=FOLLOWER} - Received AppendRequest{term=1, leader=1, prevLogIndex=91, prevLogTerm=1, entries=1, commitIndex=92}
02:47:52.647 [raft-server-1-state] TRACE i.a.protocols.raft.roles.LeaderRole - RaftServer{1}{role=LEADER} - Sending CommandResponse{status=OK, index=92, eventIndex=2, result=byte[]{length=3, hash=36209}}
02:47:52.647 [raft-server-3] TRACE i.a.p.raft.roles.FollowerRole - RaftServer{3}{role=FOLLOWER} - Appended Indexed{index=92, entry=CommandEntry{term=1, timestamp=2018-06-09 02:47:52,528, session=2, sequence=83, operation=PrimitiveOperation{id=DefaultOperationId{id=write, type=COMMAND}, value=byte[]{length=17, hash=-1644578928}}}}
02:47:52.647 [raft-client-613ce1dd-77b1-4b52-a0bf-d277cef86e4f-5] TRACE i.a.p.r.p.impl.RaftProxyConnection - SessionClient{2}{type=io.atomix.protocols.raft.RaftTest$TestPrimitiveType@35bfa1bb, name=raft-test} - Received CommandResponse{status=OK, index=92, eventIndex=2, result=byte[]{length=3, hash=36209}} from 1
02:47:52.647 [raft-client-613ce1dd-77b1-4b52-a0bf-d277cef86e4f-5] TRACE i.a.p.r.p.impl.RaftProxySequencer - SessionClient{2}{type=io.atomix.protocols.raft.RaftTest$TestPrimitiveType@35bfa1bb, name=raft-test} - Completing response CommandResponse{status=OK, index=92, eventIndex=2, result=byte[]{length=3, hash=36209}}
02:47:52.647 [raft-client-613ce1dd-77b1-4b52-a0bf-d277cef86e4f-3] TRACE i.a.p.r.p.impl.RaftProxyConnection - SessionClient{2}{type=io.atomix.protocols.raft.RaftTest$TestPrimitiveType@35bfa1bb, name=raft-test} - Sending CommandRequest{session=2, sequence=84, operation=PrimitiveOperation{id=DefaultOperationId{id=write, type=COMMAND}, value=byte[]{length=17, hash=-1644578928}}} to 1
02:47:52.648 [raft-server-1] TRACE i.a.protocols.raft.roles.LeaderRole - RaftServer{1}{role=LEADER} - Received CommandRequest{session=2, sequence=84, operation=PrimitiveOperation{id=DefaultOperationId{id=write, type=COMMAND}, value=byte[]{length=17, hash=-1644578928}}}
02:47:52.648 [raft-server-1] TRACE i.a.protocols.raft.roles.LeaderRole - RaftServer{1}{role=LEADER} - Appended Indexed{index=93, entry=CommandEntry{term=1, timestamp=2018-06-09 02:47:52,648, session=2, sequence=84, operation=PrimitiveOperation{id=DefaultOperationId{id=write, type=COMMAND}, value=byte[]{length=17, hash=-1644578928}}}}
02:47:52.648 [raft-server-1] TRACE i.a.p.raft.roles.LeaderAppender - RaftServer{1} - Sending AppendRequest{term=1, leader=1, prevLogIndex=92, prevLogTerm=1, entries=1, commitIndex=92} to 2
02:47:52.648 [raft-server-2] TRACE i.a.p.raft.roles.FollowerRole - RaftServer{2}{role=FOLLOWER} - Received AppendRequest{term=1, leader=1, prevLogIndex=92, prevLogTerm=1, entries=1, commitIndex=92}
02:47:52.648 [raft-server-2] TRACE i.a.p.raft.roles.FollowerRole - RaftServer{2}{role=FOLLOWER} - Appended Indexed{index=93, entry=CommandEntry{term=1, timestamp=2018-06-09 02:47:52,648, session=2, sequence=84, operation=PrimitiveOperation{id=DefaultOperationId{id=write, type=COMMAND}, value=byte[]{length=17, hash=-1644578928}}}}
02:47:52.690 [raft-server-3] TRACE i.a.p.raft.roles.FollowerRole - RaftServer{3}{role=FOLLOWER} - Committed entries up to index 92
02:47:52.690 [raft-server-3] TRACE i.a.p.raft.roles.FollowerRole - RaftServer{3}{role=FOLLOWER} - Sending AppendResponse{status=OK, term=1, succeeded=true, lastLogIndex=92}
02:47:52.690 [raft-server-1] TRACE i.a.p.raft.roles.LeaderAppender - RaftServer{1} - Received AppendResponse{status=OK, term=1, succeeded=true, lastLogIndex=92} from 3
02:47:52.690 [raft-server-1] TRACE i.a.p.raft.roles.LeaderAppender - RaftServer{1} - Sending AppendRequest{term=1, leader=1, prevLogIndex=92, prevLogTerm=1, entries=1, commitIndex=92} to 3
02:47:52.690 [raft-server-3-state] TRACE i.a.p.raft.impl.RaftServiceManager - RaftServer{3} - Applying Indexed{index=92, entry=CommandEntry{term=1, timestamp=2018-06-09 02:47:52,528, session=2, sequence=83, operation=PrimitiveOperation{id=DefaultOperationId{id=write, type=COMMAND}, value=byte[]{length=17, hash=-1644578928}}}}
02:47:52.690 [raft-server-3-state] TRACE i.a.p.s.impl.DefaultServiceExecutor - PrimitiveService{2}{type=io.atomix.protocols.raft.RaftTest$TestPrimitiveType@260d6206, name=raft-test} - Executing DefaultCommit{index=92, session=RaftSession{RaftServiceContext{server=3, type=io.atomix.protocols.raft.RaftTest$TestPrimitiveType@260d6206, name=raft-test, id=2}, session=2, timestamp=2018-06-09 02:47:52,528}, time=2018-06-09 02:47:52,528, operation=DefaultOperationId{id=write, type=COMMAND}, value=byte[]{length=17, hash=-1644578928}}
02:47:52.691 [raft-server-3] TRACE i.a.p.raft.roles.FollowerRole - RaftServer{3}{role=FOLLOWER} - Received AppendRequest{term=1, leader=1, prevLogIndex=92, prevLogTerm=1, entries=1, commitIndex=92}
02:47:52.691 [raft-server-3] TRACE i.a.p.raft.roles.FollowerRole - RaftServer{3}{role=FOLLOWER} - Appended Indexed{index=93, entry=CommandEntry{term=1, timestamp=2018-06-09 02:47:52,648, session=2, sequence=84, operation=PrimitiveOperation{id=DefaultOperationId{id=write, type=COMMAND}, value=byte[]{length=17, hash=-1644578928}}}}
02:47:52.691 [raft-server-3] TRACE i.a.p.raft.roles.FollowerRole - RaftServer{3}{role=FOLLOWER} - Sending AppendResponse{status=OK, term=1, succeeded=true, lastLogIndex=93}
02:47:52.691 [raft-server-1] TRACE i.a.p.raft.roles.LeaderAppender - RaftServer{1} - Received AppendResponse{status=OK, term=1, succeeded=true, lastLogIndex=93} from 3
02:47:52.691 [raft-server-1] TRACE i.a.p.raft.roles.LeaderAppender - RaftServer{1} - Committed entries up to 93
02:47:52.740 [raft-server-2] TRACE i.a.p.raft.roles.FollowerRole - RaftServer{2}{role=FOLLOWER} - Committed entries up to index 92
02:47:52.740 [raft-server-2] TRACE i.a.p.raft.roles.FollowerRole - RaftServer{2}{role=FOLLOWER} - Sending AppendResponse{status=OK, term=1, succeeded=true, lastLogIndex=93}
02:47:52.740 [raft-server-2-state] TRACE i.a.p.raft.impl.RaftServiceManager - RaftServer{2} - Applying Indexed{index=92, entry=CommandEntry{term=1, timestamp=2018-06-09 02:47:52,528, session=2, sequence=83, operation=PrimitiveOperation{id=DefaultOperationId{id=write, type=COMMAND}, value=byte[]{length=17, hash=-1644578928}}}}
02:47:52.740 [raft-server-2-state] TRACE i.a.p.s.impl.DefaultServiceExecutor - PrimitiveService{2}{type=io.atomix.protocols.raft.RaftTest$TestPrimitiveType@8dc7f31, name=raft-test} - Executing DefaultCommit{index=92, session=RaftSession{RaftServiceContext{server=2, type=io.atomix.protocols.raft.RaftTest$TestPrimitiveType@8dc7f31, name=raft-test, id=2}, session=2, timestamp=2018-06-09 02:47:52,528}, time=2018-06-09 02:47:52,528, operation=DefaultOperationId{id=write, type=COMMAND}, value=byte[]{length=17, hash=-1644578928}}
02:47:52.801 [raft-server-1] TRACE i.a.p.raft.roles.LeaderAppender - RaftServer{1} - Sending AppendRequest{term=1, leader=1, prevLogIndex=93, prevLogTerm=1, entries=0, commitIndex=93} to 3
02:47:52.802 [raft-server-1] TRACE i.a.p.raft.roles.LeaderAppender - RaftServer{1} - Received AppendResponse{status=OK, term=1, succeeded=true, lastLogIndex=93} from 2
02:47:52.802 [raft-server-1] TRACE i.a.p.raft.roles.LeaderAppender - RaftServer{1} - Sending AppendRequest{term=1, leader=1, prevLogIndex=93, prevLogTerm=1, entries=0, commitIndex=93} to 2
02:47:52.802 [raft-server-2] TRACE i.a.p.raft.roles.FollowerRole - RaftServer{2}{role=FOLLOWER} - Received AppendRequest{term=1, leader=1, prevLogIndex=93, prevLogTerm=1, entries=0, commitIndex=93}
02:47:52.802 [raft-server-1-state] TRACE i.a.p.raft.impl.RaftServiceManager - RaftServer{1} - Applying Indexed{index=93, entry=CommandEntry{term=1, timestamp=2018-06-09 02:47:52,648, session=2, sequence=84, operation=PrimitiveOperation{id=DefaultOperationId{id=write, type=COMMAND}, value=byte[]{length=17, hash=-1644578928}}}}
02:47:52.802 [raft-server-1-state] TRACE i.a.p.s.impl.DefaultServiceExecutor - PrimitiveService{2}{type=io.atomix.protocols.raft.RaftTest$TestPrimitiveType@35843ad0, name=raft-test} - Executing DefaultCommit{index=93, session=RaftSession{RaftServiceContext{server=1, type=io.atomix.protocols.raft.RaftTest$TestPrimitiveType@35843ad0, name=raft-test, id=2}, session=2, timestamp=2018-06-09 02:47:52,648}, time=2018-06-09 02:47:52,648, operation=DefaultOperationId{id=write, type=COMMAND}, value=byte[]{length=17, hash=-1644578928}}
02:47:52.802 [raft-server-3] TRACE i.a.p.raft.roles.FollowerRole - RaftServer{3}{role=FOLLOWER} - Received AppendRequest{term=1, leader=1, prevLogIndex=93, prevLogTerm=1, entries=0, commitIndex=93}
02:47:52.802 [raft-server-1-state] TRACE i.a.protocols.raft.roles.LeaderRole - RaftServer{1}{role=LEADER} - Sending CommandResponse{status=OK, index=93, eventIndex=2, result=byte[]{length=3, hash=36271}}
02:47:52.803 [raft-client-613ce1dd-77b1-4b52-a0bf-d277cef86e4f-0] TRACE i.a.p.r.p.impl.RaftProxyConnection - SessionClient{2}{type=io.atomix.protocols.raft.RaftTest$TestPrimitiveType@35bfa1bb, name=raft-test} - Received CommandResponse{status=OK, index=93, eventIndex=2, result=byte[]{length=3, hash=36271}} from 1
02:47:52.803 [raft-client-613ce1dd-77b1-4b52-a0bf-d277cef86e4f-0] TRACE i.a.p.r.p.impl.RaftProxySequencer - SessionClient{2}{type=io.atomix.protocols.raft.RaftTest$TestPrimitiveType@35bfa1bb, name=raft-test} - Completing response CommandResponse{status=OK, index=93, eventIndex=2, result=byte[]{length=3, hash=36271}}
02:47:52.803 [raft-client-613ce1dd-77b1-4b52-a0bf-d277cef86e4f-0] TRACE i.a.p.r.p.impl.RaftProxyConnection - SessionClient{2}{type=io.atomix.protocols.raft.RaftTest$TestPrimitiveType@35bfa1bb, name=raft-test} - Sending CommandRequest{session=2, sequence=85, operation=PrimitiveOperation{id=DefaultOperationId{id=write, type=COMMAND}, value=byte[]{length=17, hash=-1644578928}}} to 1
02:47:52.803 [raft-server-1] TRACE i.a.protocols.raft.roles.LeaderRole - RaftServer{1}{role=LEADER} - Received CommandRequest{session=2, sequence=85, operation=PrimitiveOperation{id=DefaultOperationId{id=write, type=COMMAND}, value=byte[]{length=17, hash=-1644578928}}}
02:47:52.803 [raft-server-1] TRACE i.a.protocols.raft.roles.LeaderRole - RaftServer{1}{role=LEADER} - Appended Indexed{index=94, entry=CommandEntry{term=1, timestamp=2018-06-09 02:47:52,803, session=2, sequence=85, operation=PrimitiveOperation{id=DefaultOperationId{id=write, type=COMMAND}, value=byte[]{length=17, hash=-1644578928}}}}
02:47:52.937 [raft-server-2] TRACE i.a.p.raft.roles.FollowerRole - RaftServer{2}{role=FOLLOWER} - Committed entries up to index 93
02:47:52.937 [raft-server-2] TRACE i.a.p.raft.roles.FollowerRole - RaftServer{2}{role=FOLLOWER} - Sending AppendResponse{status=OK, term=1, succeeded=true, lastLogIndex=93}
02:47:52.937 [raft-server-1] TRACE i.a.p.raft.roles.LeaderAppender - RaftServer{1} - Received AppendResponse{status=OK, term=1, succeeded=true, lastLogIndex=93} from 2
02:47:52.937 [raft-server-1] TRACE i.a.p.raft.roles.LeaderAppender - RaftServer{1} - Sending AppendRequest{term=1, leader=1, prevLogIndex=93, prevLogTerm=1, entries=1, commitIndex=93} to 2
02:47:52.938 [raft-server-2] TRACE i.a.p.raft.roles.FollowerRole - RaftServer{2}{role=FOLLOWER} - Received AppendRequest{term=1, leader=1, prevLogIndex=93, prevLogTerm=1, entries=1, commitIndex=93}
02:47:52.938 [raft-server-2-state] TRACE i.a.p.raft.impl.RaftServiceManager - RaftServer{2} - Applying Indexed{index=93, entry=CommandEntry{term=1, timestamp=2018-06-09 02:47:52,648, session=2, sequence=84, operation=PrimitiveOperation{id=DefaultOperationId{id=write, type=COMMAND}, value=byte[]{length=17, hash=-1644578928}}}}
02:47:52.938 [raft-server-2] TRACE i.a.p.raft.roles.FollowerRole - RaftServer{2}{role=FOLLOWER} - Appended Indexed{index=94, entry=CommandEntry{term=1, timestamp=2018-06-09 02:47:52,803, session=2, sequence=85, operation=PrimitiveOperation{id=DefaultOperationId{id=write, type=COMMAND}, value=byte[]{length=17, hash=-1644578928}}}}
02:47:52.938 [raft-server-2-state] TRACE i.a.p.s.impl.DefaultServiceExecutor - PrimitiveService{2}{type=io.atomix.protocols.raft.RaftTest$TestPrimitiveType@8dc7f31, name=raft-test} - Executing DefaultCommit{index=93, session=RaftSession{RaftServiceContext{server=2, type=io.atomix.protocols.raft.RaftTest$TestPrimitiveType@8dc7f31, name=raft-test, id=2}, session=2, timestamp=2018-06-09 02:47:52,648}, time=2018-06-09 02:47:52,648, operation=DefaultOperationId{id=write, type=COMMAND}, value=byte[]{length=17, hash=-1644578928}}
02:47:52.938 [raft-server-2] TRACE i.a.p.raft.roles.FollowerRole - RaftServer{2}{role=FOLLOWER} - Sending AppendResponse{status=OK, term=1, succeeded=true, lastLogIndex=94}
02:47:52.938 [raft-server-1] TRACE i.a.p.raft.roles.LeaderAppender - RaftServer{1} - Received AppendResponse{status=OK, term=1, succeeded=true, lastLogIndex=94} from 2
02:47:52.938 [raft-server-1] TRACE i.a.p.raft.roles.LeaderAppender - RaftServer{1} - Committed entries up to 94
02:47:53.012 [raft-server-3] TRACE i.a.p.raft.roles.FollowerRole - RaftServer{3}{role=FOLLOWER} - Committed entries up to index 93
02:47:53.012 [raft-server-3] TRACE i.a.p.raft.roles.FollowerRole - RaftServer{3}{role=FOLLOWER} - Sending AppendResponse{status=OK, term=1, succeeded=true, lastLogIndex=93}
02:47:53.012 [raft-server-3-state] TRACE i.a.p.raft.impl.RaftServiceManager - RaftServer{3} - Applying Indexed{index=93, entry=CommandEntry{term=1, timestamp=2018-06-09 02:47:52,648, session=2, sequence=84, operation=PrimitiveOperation{id=DefaultOperationId{id=write, type=COMMAND}, value=byte[]{length=17, hash=-1644578928}}}}
02:47:53.013 [raft-server-3-state] TRACE i.a.p.s.impl.DefaultServiceExecutor - PrimitiveService{2}{type=io.atomix.protocols.raft.RaftTest$TestPrimitiveType@260d6206, name=raft-test} - Executing DefaultCommit{index=93, session=RaftSession{RaftServiceContext{server=3, type=io.atomix.protocols.raft.RaftTest$TestPrimitiveType@260d6206, name=raft-test, id=2}, session=2, timestamp=2018-06-09 02:47:52,648}, time=2018-06-09 02:47:52,648, operation=DefaultOperationId{id=write, type=COMMAND}, value=byte[]{length=17, hash=-1644578928}}
02:47:53.054 [raft-server-1] TRACE i.a.p.raft.roles.LeaderAppender - RaftServer{1} - Sending AppendRequest{term=1, leader=1, prevLogIndex=93, prevLogTerm=1, entries=1, commitIndex=94} to 3
02:47:53.054 [raft-server-1] TRACE i.a.p.raft.roles.LeaderAppender - RaftServer{1} - Sending AppendRequest{term=1, leader=1, prevLogIndex=94, prevLogTerm=1, entries=0, commitIndex=94} to 2
02:47:53.054 [raft-server-2] TRACE i.a.p.raft.roles.FollowerRole - RaftServer{2}{role=FOLLOWER} - Received AppendRequest{term=1, leader=1, prevLogIndex=94, prevLogTerm=1, entries=0, commitIndex=94}
02:47:53.055 [raft-server-1] TRACE i.a.p.raft.roles.LeaderAppender - RaftServer{1} - Received AppendResponse{status=OK, term=1, succeeded=true, lastLogIndex=93} from 3
02:47:53.055 [raft-server-3] TRACE i.a.p.raft.roles.FollowerRole - RaftServer{3}{role=FOLLOWER} - Received AppendRequest{term=1, leader=1, prevLogIndex=93, prevLogTerm=1, entries=1, commitIndex=94}
02:47:53.055 [raft-server-1-state] TRACE i.a.p.raft.impl.RaftServiceManager - RaftServer{1} - Applying Indexed{index=94, entry=CommandEntry{term=1, timestamp=2018-06-09 02:47:52,803, session=2, sequence=85, operation=PrimitiveOperation{id=DefaultOperationId{id=write, type=COMMAND}, value=byte[]{length=17, hash=-1644578928}}}}
02:47:53.055 [raft-server-3] TRACE i.a.p.raft.roles.FollowerRole - RaftServer{3}{role=FOLLOWER} - Appended Indexed{index=94, entry=CommandEntry{term=1, timestamp=2018-06-09 02:47:52,803, session=2, sequence=85, operation=PrimitiveOperation{id=DefaultOperationId{id=write, type=COMMAND}, value=byte[]{length=17, hash=-1644578928}}}}
02:47:53.055 [raft-server-1-state] TRACE i.a.p.s.impl.DefaultServiceExecutor - PrimitiveService{2}{type=io.atomix.protocols.raft.RaftTest$TestPrimitiveType@35843ad0, name=raft-test} - Executing DefaultCommit{index=94, session=RaftSession{RaftServiceContext{server=1, type=io.atomix.protocols.raft.RaftTest$TestPrimitiveType@35843ad0, name=raft-test, id=2}, session=2, timestamp=2018-06-09 02:47:52,803}, time=2018-06-09 02:47:52,803, operation=DefaultOperationId{id=write, type=COMMAND}, value=byte[]{length=17, hash=-1644578928}}
02:47:53.056 [raft-server-1-state] TRACE i.a.protocols.raft.roles.LeaderRole - RaftServer{1}{role=LEADER} - Sending CommandResponse{status=OK, index=94, eventIndex=2, result=byte[]{length=3, hash=36333}}
02:47:53.056 [raft-client-613ce1dd-77b1-4b52-a0bf-d277cef86e4f-7] TRACE i.a.p.r.p.impl.RaftProxyConnection - SessionClient{2}{type=io.atomix.protocols.raft.RaftTest$TestPrimitiveType@35bfa1bb, name=raft-test} - Received CommandResponse{status=OK, index=94, eventIndex=2, result=byte[]{length=3, hash=36333}} from 1
02:47:53.056 [raft-client-613ce1dd-77b1-4b52-a0bf-d277cef86e4f-7] TRACE i.a.p.r.p.impl.RaftProxySequencer - SessionClient{2}{type=io.atomix.protocols.raft.RaftTest$TestPrimitiveType@35bfa1bb, name=raft-test} - Completing response CommandResponse{status=OK, index=94, eventIndex=2, result=byte[]{length=3, hash=36333}}
02:47:53.056 [raft-client-613ce1dd-77b1-4b52-a0bf-d277cef86e4f-4] TRACE i.a.p.r.p.impl.RaftProxyConnection - SessionClient{2}{type=io.atomix.protocols.raft.RaftTest$TestPrimitiveType@35bfa1bb, name=raft-test} - Sending CommandRequest{session=2, sequence=86, operation=PrimitiveOperation{id=DefaultOperationId{id=write, type=COMMAND}, value=byte[]{length=17, hash=-1644578928}}} to 1
02:47:53.056 [raft-server-1] TRACE i.a.protocols.raft.roles.LeaderRole - RaftServer{1}{role=LEADER} - Received CommandRequest{session=2, sequence=86, operation=PrimitiveOperation{id=DefaultOperationId{id=write, type=COMMAND}, value=byte[]{length=17, hash=-1644578928}}}
02:47:53.056 [raft-server-1] TRACE i.a.protocols.raft.roles.LeaderRole - RaftServer{1}{role=LEADER} - Appended Indexed{index=95, entry=CommandEntry{term=1, timestamp=2018-06-09 02:47:53,056, session=2, sequence=86, operation=PrimitiveOperation{id=DefaultOperationId{id=write, type=COMMAND}, value=byte[]{length=17, hash=-1644578928}}}}
02:47:53.096 [raft-server-2] TRACE i.a.p.raft.roles.FollowerRole - RaftServer{2}{role=FOLLOWER} - Committed entries up to index 94
02:47:53.096 [raft-server-2] TRACE i.a.p.raft.roles.FollowerRole - RaftServer{2}{role=FOLLOWER} - Sending AppendResponse{status=OK, term=1, succeeded=true, lastLogIndex=94}
02:47:53.096 [raft-server-1] TRACE i.a.p.raft.roles.LeaderAppender - RaftServer{1} - Received AppendResponse{status=OK, term=1, succeeded=true, lastLogIndex=94} from 2
02:47:53.096 [raft-server-2-state] TRACE i.a.p.raft.impl.RaftServiceManager - RaftServer{2} - Applying Indexed{index=94, entry=CommandEntry{term=1, timestamp=2018-06-09 02:47:52,803, session=2, sequence=85, operation=PrimitiveOperation{id=DefaultOperationId{id=write, type=COMMAND}, value=byte[]{length=17, hash=-1644578928}}}}
02:47:53.096 [raft-server-1] TRACE i.a.p.raft.roles.LeaderAppender - RaftServer{1} - Sending AppendRequest{term=1, leader=1, prevLogIndex=94, prevLogTerm=1, entries=1, commitIndex=94} to 2
02:47:53.096 [raft-server-2-state] TRACE i.a.p.s.impl.DefaultServiceExecutor - PrimitiveService{2}{type=io.atomix.protocols.raft.RaftTest$TestPrimitiveType@8dc7f31, name=raft-test} - Executing DefaultCommit{index=94, session=RaftSession{RaftServiceContext{server=2, type=io.atomix.protocols.raft.RaftTest$TestPrimitiveType@8dc7f31, name=raft-test, id=2}, session=2, timestamp=2018-06-09 02:47:52,803}, time=2018-06-09 02:47:52,803, operation=DefaultOperationId{id=write, type=COMMAND}, value=byte[]{length=17, hash=-1644578928}}
02:47:53.096 [raft-server-2] TRACE i.a.p.raft.roles.FollowerRole - RaftServer{2}{role=FOLLOWER} - Received AppendRequest{term=1, leader=1, prevLogIndex=94, prevLogTerm=1, entries=1, commitIndex=94}
02:47:53.096 [raft-server-2] TRACE i.a.p.raft.roles.FollowerRole - RaftServer{2}{role=FOLLOWER} - Appended Indexed{index=95, entry=CommandEntry{term=1, timestamp=2018-06-09 02:47:53,056, session=2, sequence=86, operation=PrimitiveOperation{id=DefaultOperationId{id=write, type=COMMAND}, value=byte[]{length=17, hash=-1644578928}}}}
02:47:53.097 [raft-server-2] TRACE i.a.p.raft.roles.FollowerRole - RaftServer{2}{role=FOLLOWER} - Sending AppendResponse{status=OK, term=1, succeeded=true, lastLogIndex=95}
02:47:53.097 [raft-server-1] TRACE i.a.p.raft.roles.LeaderAppender - RaftServer{1} - Received AppendResponse{status=OK, term=1, succeeded=true, lastLogIndex=95} from 2
02:47:53.097 [raft-server-1] TRACE i.a.p.raft.roles.LeaderAppender - RaftServer{1} - Committed entries up to 95
02:47:53.135 [raft-server-3] TRACE i.a.p.raft.roles.FollowerRole - RaftServer{3}{role=FOLLOWER} - Committed entries up to index 94
02:47:53.135 [raft-server-3] TRACE i.a.p.raft.roles.FollowerRole - RaftServer{3}{role=FOLLOWER} - Sending AppendResponse{status=OK, term=1, succeeded=true, lastLogIndex=94}
02:47:53.135 [raft-server-3-state] TRACE i.a.p.raft.impl.RaftServiceManager - RaftServer{3} - Applying Indexed{index=94, entry=CommandEntry{term=1, timestamp=2018-06-09 02:47:52,803, session=2, sequence=85, operation=PrimitiveOperation{id=DefaultOperationId{id=write, type=COMMAND}, value=byte[]{length=17, hash=-1644578928}}}}
02:47:53.135 [raft-server-3-state] TRACE i.a.p.s.impl.DefaultServiceExecutor - PrimitiveService{2}{type=io.atomix.protocols.raft.RaftTest$TestPrimitiveType@260d6206, name=raft-test} - Executing DefaultCommit{index=94, session=RaftSession{RaftServiceContext{server=3, type=io.atomix.protocols.raft.RaftTest$TestPrimitiveType@260d6206, name=raft-test, id=2}, session=2, timestamp=2018-06-09 02:47:52,803}, time=2018-06-09 02:47:52,803, operation=DefaultOperationId{id=write, type=COMMAND}, value=byte[]{length=17, hash=-1644578928}}
02:47:53.173 [raft-server-1] TRACE i.a.p.raft.roles.LeaderAppender - RaftServer{1} - Received AppendResponse{status=OK, term=1, succeeded=true, lastLogIndex=94} from 3
02:47:53.173 [raft-server-1] TRACE i.a.p.raft.roles.LeaderAppender - RaftServer{1} - Sending AppendRequest{term=1, leader=1, prevLogIndex=94, prevLogTerm=1, entries=1, commitIndex=95} to 3
02:47:53.173 [raft-server-3] TRACE i.a.p.raft.roles.FollowerRole - RaftServer{3}{role=FOLLOWER} - Received AppendRequest{term=1, leader=1, prevLogIndex=94, prevLogTerm=1, entries=1, commitIndex=95}
02:47:53.173 [raft-server-3] TRACE i.a.p.raft.roles.FollowerRole - RaftServer{3}{role=FOLLOWER} - Appended Indexed{index=95, entry=CommandEntry{term=1, timestamp=2018-06-09 02:47:53,056, session=2, sequence=86, operation=PrimitiveOperation{id=DefaultOperationId{id=write, type=COMMAND}, value=byte[]{length=17, hash=-1644578928}}}}
02:47:53.174 [raft-server-1-state] TRACE i.a.p.raft.impl.RaftServiceManager - RaftServer{1} - Applying Indexed{index=95, entry=CommandEntry{term=1, timestamp=2018-06-09 02:47:53,056, session=2, sequence=86, operation=PrimitiveOperation{id=DefaultOperationId{id=write, type=COMMAND}, value=byte[]{length=17, hash=-1644578928}}}}
02:47:53.174 [raft-server-1-state] TRACE i.a.p.s.impl.DefaultServiceExecutor - PrimitiveService{2}{type=io.atomix.protocols.raft.RaftTest$TestPrimitiveType@35843ad0, name=raft-test} - Executing DefaultCommit{index=95, session=RaftSession{RaftServiceContext{server=1, type=io.atomix.protocols.raft.RaftTest$TestPrimitiveType@35843ad0, name=raft-test, id=2}, session=2, timestamp=2018-06-09 02:47:53,056}, time=2018-06-09 02:47:53,056, operation=DefaultOperationId{id=write, type=COMMAND}, value=byte[]{length=17, hash=-1644578928}}
02:47:53.174 [raft-server-1-state] TRACE i.a.protocols.raft.roles.LeaderRole - RaftServer{1}{role=LEADER} - Sending CommandResponse{status=OK, index=95, eventIndex=2, result=byte[]{length=3, hash=36395}}
02:47:53.174 [raft-client-613ce1dd-77b1-4b52-a0bf-d277cef86e4f-5] TRACE i.a.p.r.p.impl.RaftProxyConnection - SessionClient{2}{type=io.atomix.protocols.raft.RaftTest$TestPrimitiveType@35bfa1bb, name=raft-test} - Received CommandResponse{status=OK, index=95, eventIndex=2, result=byte[]{length=3, hash=36395}} from 1
02:47:53.174 [raft-client-613ce1dd-77b1-4b52-a0bf-d277cef86e4f-5] TRACE i.a.p.r.p.impl.RaftProxySequencer - SessionClient{2}{type=io.atomix.protocols.raft.RaftTest$TestPrimitiveType@35bfa1bb, name=raft-test} - Completing response CommandResponse{status=OK, index=95, eventIndex=2, result=byte[]{length=3, hash=36395}}
02:47:53.174 [raft-client-613ce1dd-77b1-4b52-a0bf-d277cef86e4f-1] TRACE i.a.p.r.p.impl.RaftProxyConnection - SessionClient{2}{type=io.atomix.protocols.raft.RaftTest$TestPrimitiveType@35bfa1bb, name=raft-test} - Sending CommandRequest{session=2, sequence=87, operation=PrimitiveOperation{id=DefaultOperationId{id=write, type=COMMAND}, value=byte[]{length=17, hash=-1644578928}}} to 1
02:47:53.174 [raft-server-1] TRACE i.a.protocols.raft.roles.LeaderRole - RaftServer{1}{role=LEADER} - Received CommandRequest{session=2, sequence=87, operation=PrimitiveOperation{id=DefaultOperationId{id=write, type=COMMAND}, value=byte[]{length=17, hash=-1644578928}}}
02:47:53.174 [raft-server-1] TRACE i.a.protocols.raft.roles.LeaderRole - RaftServer{1}{role=LEADER} - Appended Indexed{index=96, entry=CommandEntry{term=1, timestamp=2018-06-09 02:47:53,174, session=2, sequence=87, operation=PrimitiveOperation{id=DefaultOperationId{id=write, type=COMMAND}, value=byte[]{length=17, hash=-1644578928}}}}
02:47:53.174 [raft-server-1] TRACE i.a.p.raft.roles.LeaderAppender - RaftServer{1} - Sending AppendRequest{term=1, leader=1, prevLogIndex=95, prevLogTerm=1, entries=1, commitIndex=95} to 2
02:47:53.175 [raft-server-2] TRACE i.a.p.raft.roles.FollowerRole - RaftServer{2}{role=FOLLOWER} - Received AppendRequest{term=1, leader=1, prevLogIndex=95, prevLogTerm=1, entries=1, commitIndex=95}
02:47:53.175 [raft-server-2] TRACE i.a.p.raft.roles.FollowerRole - RaftServer{2}{role=FOLLOWER} - Appended Indexed{index=96, entry=CommandEntry{term=1, timestamp=2018-06-09 02:47:53,174, session=2, sequence=87, operation=PrimitiveOperation{id=DefaultOperationId{id=write, type=COMMAND}, value=byte[]{length=17, hash=-1644578928}}}}
02:47:53.270 [raft-server-3] TRACE i.a.p.raft.roles.FollowerRole - RaftServer{3}{role=FOLLOWER} - Committed entries up to index 95
02:47:53.270 [raft-server-2] TRACE i.a.p.raft.roles.FollowerRole - RaftServer{2}{role=FOLLOWER} - Committed entries up to index 95
02:47:53.270 [raft-server-3] TRACE i.a.p.raft.roles.FollowerRole - RaftServer{3}{role=FOLLOWER} - Sending AppendResponse{status=OK, term=1, succeeded=true, lastLogIndex=95}
02:47:53.270 [raft-server-2] TRACE i.a.p.raft.roles.FollowerRole - RaftServer{2}{role=FOLLOWER} - Sending AppendResponse{status=OK, term=1, succeeded=true, lastLogIndex=96}
02:47:53.270 [raft-server-1] TRACE i.a.p.raft.roles.LeaderAppender - RaftServer{1} - Received AppendResponse{status=OK, term=1, succeeded=true, lastLogIndex=95} from 3
02:47:53.270 [raft-server-3-state] TRACE i.a.p.raft.impl.RaftServiceManager - RaftServer{3} - Applying Indexed{index=95, entry=CommandEntry{term=1, timestamp=2018-06-09 02:47:53,056, session=2, sequence=86, operation=PrimitiveOperation{id=DefaultOperationId{id=write, type=COMMAND}, value=byte[]{length=17, hash=-1644578928}}}}
02:47:53.270 [raft-server-2-state] TRACE i.a.p.raft.impl.RaftServiceManager - RaftServer{2} - Applying Indexed{index=95, entry=CommandEntry{term=1, timestamp=2018-06-09 02:47:53,056, session=2, sequence=86, operation=PrimitiveOperation{id=DefaultOperationId{id=write, type=COMMAND}, value=byte[]{length=17, hash=-1644578928}}}}
02:47:53.270 [raft-server-1] TRACE i.a.p.raft.roles.LeaderAppender - RaftServer{1} - Sending AppendRequest{term=1, leader=1, prevLogIndex=95, prevLogTerm=1, entries=1, commitIndex=95} to 3
02:47:53.270 [raft-server-3-state] TRACE i.a.p.s.impl.DefaultServiceExecutor - PrimitiveService{2}{type=io.atomix.protocols.raft.RaftTest$TestPrimitiveType@260d6206, name=raft-test} - Executing DefaultCommit{index=95, session=RaftSession{RaftServiceContext{server=3, type=io.atomix.protocols.raft.RaftTest$TestPrimitiveType@260d6206, name=raft-test, id=2}, session=2, timestamp=2018-06-09 02:47:53,056}, time=2018-06-09 02:47:53,056, operation=DefaultOperationId{id=write, type=COMMAND}, value=byte[]{length=17, hash=-1644578928}}
02:47:53.271 [raft-server-2-state] TRACE i.a.p.s.impl.DefaultServiceExecutor - PrimitiveService{2}{type=io.atomix.protocols.raft.RaftTest$TestPrimitiveType@8dc7f31, name=raft-test} - Executing DefaultCommit{index=95, session=RaftSession{RaftServiceContext{server=2, type=io.atomix.protocols.raft.RaftTest$TestPrimitiveType@8dc7f31, name=raft-test, id=2}, session=2, timestamp=2018-06-09 02:47:53,056}, time=2018-06-09 02:47:53,056, operation=DefaultOperationId{id=write, type=COMMAND}, value=byte[]{length=17, hash=-1644578928}}
02:47:53.271 [raft-server-3] TRACE i.a.p.raft.roles.FollowerRole - RaftServer{3}{role=FOLLOWER} - Received AppendRequest{term=1, leader=1, prevLogIndex=95, prevLogTerm=1, entries=1, commitIndex=95}
02:47:53.271 [raft-server-1] TRACE i.a.p.raft.roles.LeaderAppender - RaftServer{1} - Received AppendResponse{status=OK, term=1, succeeded=true, lastLogIndex=96} from 2
02:47:53.271 [raft-server-1] TRACE i.a.p.raft.roles.LeaderAppender - RaftServer{1} - Committed entries up to 96
02:47:53.271 [raft-server-3] TRACE i.a.p.raft.roles.FollowerRole - RaftServer{3}{role=FOLLOWER} - Appended Indexed{index=96, entry=CommandEntry{term=1, timestamp=2018-06-09 02:47:53,174, session=2, sequence=87, operation=PrimitiveOperation{id=DefaultOperationId{id=write, type=COMMAND}, value=byte[]{length=17, hash=-1644578928}}}}
02:47:53.271 [raft-server-3] TRACE i.a.p.raft.roles.FollowerRole - RaftServer{3}{role=FOLLOWER} - Sending AppendResponse{status=OK, term=1, succeeded=true, lastLogIndex=96}
02:47:53.371 [raft-server-1] TRACE i.a.p.raft.roles.LeaderAppender - RaftServer{1} - Sending AppendRequest{term=1, leader=1, prevLogIndex=96, prevLogTerm=1, entries=0, commitIndex=96} to 2
02:47:53.371 [raft-server-1] TRACE i.a.p.raft.roles.LeaderAppender - RaftServer{1} - Received AppendResponse{status=OK, term=1, succeeded=true, lastLogIndex=96} from 3
02:47:53.371 [raft-server-2] TRACE i.a.p.raft.roles.FollowerRole - RaftServer{2}{role=FOLLOWER} - Received AppendRequest{term=1, leader=1, prevLogIndex=96, prevLogTerm=1, entries=0, commitIndex=96}
02:47:53.371 [raft-server-2] TRACE i.a.p.raft.roles.FollowerRole - RaftServer{2}{role=FOLLOWER} - Committed entries up to index 96
02:47:53.371 [raft-server-1-state] TRACE i.a.p.raft.impl.RaftServiceManager - RaftServer{1} - Applying Indexed{index=96, entry=CommandEntry{term=1, timestamp=2018-06-09 02:47:53,174, session=2, sequence=87, operation=PrimitiveOperation{id=DefaultOperationId{id=write, type=COMMAND}, value=byte[]{length=17, hash=-1644578928}}}}
02:47:53.372 [raft-server-2] TRACE i.a.p.raft.roles.FollowerRole - RaftServer{2}{role=FOLLOWER} - Sending AppendResponse{status=OK, term=1, succeeded=true, lastLogIndex=96}
02:47:53.372 [raft-server-1-state] TRACE i.a.p.s.impl.DefaultServiceExecutor - PrimitiveService{2}{type=io.atomix.protocols.raft.RaftTest$TestPrimitiveType@35843ad0, name=raft-test} - Executing DefaultCommit{index=96, session=RaftSession{RaftServiceContext{server=1, type=io.atomix.protocols.raft.RaftTest$TestPrimitiveType@35843ad0, name=raft-test, id=2}, session=2, timestamp=2018-06-09 02:47:53,174}, time=2018-06-09 02:47:53,174, operation=DefaultOperationId{id=write, type=COMMAND}, value=byte[]{length=17, hash=-1644578928}}
02:47:53.372 [raft-server-1] TRACE i.a.p.raft.roles.LeaderAppender - RaftServer{1} - Received AppendResponse{status=OK, term=1, succeeded=true, lastLogIndex=96} from 2
02:47:53.372 [raft-server-2-state] TRACE i.a.p.raft.impl.RaftServiceManager - RaftServer{2} - Applying Indexed{index=96, entry=CommandEntry{term=1, timestamp=2018-06-09 02:47:53,174, session=2, sequence=87, operation=PrimitiveOperation{id=DefaultOperationId{id=write, type=COMMAND}, value=byte[]{length=17, hash=-1644578928}}}}
02:47:53.372 [raft-server-2-state] TRACE i.a.p.s.impl.DefaultServiceExecutor - PrimitiveService{2}{type=io.atomix.protocols.raft.RaftTest$TestPrimitiveType@8dc7f31, name=raft-test} - Executing DefaultCommit{index=96, session=RaftSession{RaftServiceContext{server=2, type=io.atomix.protocols.raft.RaftTest$TestPrimitiveType@8dc7f31, name=raft-test, id=2}, session=2, timestamp=2018-06-09 02:47:53,174}, time=2018-06-09 02:47:53,174, operation=DefaultOperationId{id=write, type=COMMAND}, value=byte[]{length=17, hash=-1644578928}}
02:47:53.372 [raft-server-1-state] TRACE i.a.protocols.raft.roles.LeaderRole - RaftServer{1}{role=LEADER} - Sending CommandResponse{status=OK, index=96, eventIndex=2, result=byte[]{length=3, hash=36457}}
02:47:53.372 [raft-client-613ce1dd-77b1-4b52-a0bf-d277cef86e4f-6] TRACE i.a.p.r.p.impl.RaftProxyConnection - SessionClient{2}{type=io.atomix.protocols.raft.RaftTest$TestPrimitiveType@35bfa1bb, name=raft-test} - Received CommandResponse{status=OK, index=96, eventIndex=2, result=byte[]{length=3, hash=36457}} from 1
02:47:53.372 [raft-client-613ce1dd-77b1-4b52-a0bf-d277cef86e4f-6] TRACE i.a.p.r.p.impl.RaftProxySequencer - SessionClient{2}{type=io.atomix.protocols.raft.RaftTest$TestPrimitiveType@35bfa1bb, name=raft-test} - Completing response CommandResponse{status=OK, index=96, eventIndex=2, result=byte[]{length=3, hash=36457}}
02:47:53.372 [raft-client-613ce1dd-77b1-4b52-a0bf-d277cef86e4f-2] TRACE i.a.p.r.p.impl.RaftProxyConnection - SessionClient{2}{type=io.atomix.protocols.raft.RaftTest$TestPrimitiveType@35bfa1bb, name=raft-test} - Sending CommandRequest{session=2, sequence=88, operation=PrimitiveOperation{id=DefaultOperationId{id=write, type=COMMAND}, value=byte[]{length=17, hash=-1644578928}}} to 1
02:47:53.372 [raft-server-1] TRACE i.a.protocols.raft.roles.LeaderRole - RaftServer{1}{role=LEADER} - Received CommandRequest{session=2, sequence=88, operation=PrimitiveOperation{id=DefaultOperationId{id=write, type=COMMAND}, value=byte[]{length=17, hash=-1644578928}}}
02:47:53.373 [raft-server-1] TRACE i.a.protocols.raft.roles.LeaderRole - RaftServer{1}{role=LEADER} - Appended Indexed{index=97, entry=CommandEntry{term=1, timestamp=2018-06-09 02:47:53,373, session=2, sequence=88, operation=PrimitiveOperation{id=DefaultOperationId{id=write, type=COMMAND}, value=byte[]{length=17, hash=-1644578928}}}}
02:47:53.373 [raft-server-1] TRACE i.a.p.raft.roles.LeaderAppender - RaftServer{1} - Sending AppendRequest{term=1, leader=1, prevLogIndex=96, prevLogTerm=1, entries=1, commitIndex=96} to 3
02:47:53.373 [raft-server-3] TRACE i.a.p.raft.roles.FollowerRole - RaftServer{3}{role=FOLLOWER} - Received AppendRequest{term=1, leader=1, prevLogIndex=96, prevLogTerm=1, entries=1, commitIndex=96}
02:47:53.373 [raft-server-1] TRACE i.a.p.raft.roles.LeaderAppender - RaftServer{1} - Sending AppendRequest{term=1, leader=1, prevLogIndex=96, prevLogTerm=1, entries=1, commitIndex=96} to 2
02:47:53.374 [raft-server-3] TRACE i.a.p.raft.roles.FollowerRole - RaftServer{3}{role=FOLLOWER} - Appended Indexed{index=97, entry=CommandEntry{term=1, timestamp=2018-06-09 02:47:53,373, session=2, sequence=88, operation=PrimitiveOperation{id=DefaultOperationId{id=write, type=COMMAND}, value=byte[]{length=17, hash=-1644578928}}}}
02:47:53.374 [raft-server-2] TRACE i.a.p.raft.roles.FollowerRole - RaftServer{2}{role=FOLLOWER} - Received AppendRequest{term=1, leader=1, prevLogIndex=96, prevLogTerm=1, entries=1, commitIndex=96}
02:47:53.374 [raft-server-2] TRACE i.a.p.raft.roles.FollowerRole - RaftServer{2}{role=FOLLOWER} - Appended Indexed{index=97, entry=CommandEntry{term=1, timestamp=2018-06-09 02:47:53,373, session=2, sequence=88, operation=PrimitiveOperation{id=DefaultOperationId{id=write, type=COMMAND}, value=byte[]{length=17, hash=-1644578928}}}}
02:47:53.374 [raft-server-2] TRACE i.a.p.raft.roles.FollowerRole - RaftServer{2}{role=FOLLOWER} - Sending AppendResponse{status=OK, term=1, succeeded=true, lastLogIndex=97}
02:47:53.374 [raft-server-1] TRACE i.a.p.raft.roles.LeaderAppender - RaftServer{1} - Received AppendResponse{status=OK, term=1, succeeded=true, lastLogIndex=97} from 2
02:47:53.374 [raft-server-1] TRACE i.a.p.raft.roles.LeaderAppender - RaftServer{1} - Committed entries up to 97
02:47:53.471 [raft-server-3] TRACE i.a.p.raft.roles.FollowerRole - RaftServer{3}{role=FOLLOWER} - Committed entries up to index 96
02:47:53.471 [raft-server-1-state] TRACE i.a.p.raft.impl.RaftServiceManager - RaftServer{1} - Applying Indexed{index=97, entry=CommandEntry{term=1, timestamp=2018-06-09 02:47:53,373, session=2, sequence=88, operation=PrimitiveOperation{id=DefaultOperationId{id=write, type=COMMAND}, value=byte[]{length=17, hash=-1644578928}}}}
02:47:53.471 [raft-server-3] TRACE i.a.p.raft.roles.FollowerRole - RaftServer{3}{role=FOLLOWER} - Sending AppendResponse{status=OK, term=1, succeeded=true, lastLogIndex=97}
02:47:53.471 [raft-server-1-state] TRACE i.a.p.s.impl.DefaultServiceExecutor - PrimitiveService{2}{type=io.atomix.protocols.raft.RaftTest$TestPrimitiveType@35843ad0, name=raft-test} - Executing DefaultCommit{index=97, session=RaftSession{RaftServiceContext{server=1, type=io.atomix.protocols.raft.RaftTest$TestPrimitiveType@35843ad0, name=raft-test, id=2}, session=2, timestamp=2018-06-09 02:47:53,373}, time=2018-06-09 02:47:53,373, operation=DefaultOperationId{id=write, type=COMMAND}, value=byte[]{length=17, hash=-1644578928}}
02:47:53.472 [raft-server-3-state] TRACE i.a.p.raft.impl.RaftServiceManager - RaftServer{3} - Applying Indexed{index=96, entry=CommandEntry{term=1, timestamp=2018-06-09 02:47:53,174, session=2, sequence=87, operation=PrimitiveOperation{id=DefaultOperationId{id=write, type=COMMAND}, value=byte[]{length=17, hash=-1644578928}}}}
02:47:53.472 [raft-server-1] TRACE i.a.p.raft.roles.LeaderAppender - RaftServer{1} - Received AppendResponse{status=OK, term=1, succeeded=true, lastLogIndex=97} from 3
02:47:53.472 [raft-server-1-state] TRACE i.a.protocols.raft.roles.LeaderRole - RaftServer{1}{role=LEADER} - Sending CommandResponse{status=OK, index=97, eventIndex=2, result=byte[]{length=3, hash=36519}}
02:47:53.472 [raft-server-3-state] TRACE i.a.p.s.impl.DefaultServiceExecutor - PrimitiveService{2}{type=io.atomix.protocols.raft.RaftTest$TestPrimitiveType@260d6206, name=raft-test} - Executing DefaultCommit{index=96, session=RaftSession{RaftServiceContext{server=3, type=io.atomix.protocols.raft.RaftTest$TestPrimitiveType@260d6206, name=raft-test, id=2}, session=2, timestamp=2018-06-09 02:47:53,174}, time=2018-06-09 02:47:53,174, operation=DefaultOperationId{id=write, type=COMMAND}, value=byte[]{length=17, hash=-1644578928}}
02:47:53.472 [raft-client-613ce1dd-77b1-4b52-a0bf-d277cef86e4f-1] TRACE i.a.p.r.p.impl.RaftProxyConnection - SessionClient{2}{type=io.atomix.protocols.raft.RaftTest$TestPrimitiveType@35bfa1bb, name=raft-test} - Received CommandResponse{status=OK, index=97, eventIndex=2, result=byte[]{length=3, hash=36519}} from 1
02:47:53.472 [raft-client-613ce1dd-77b1-4b52-a0bf-d277cef86e4f-1] TRACE i.a.p.r.p.impl.RaftProxySequencer - SessionClient{2}{type=io.atomix.protocols.raft.RaftTest$TestPrimitiveType@35bfa1bb, name=raft-test} - Completing response CommandResponse{status=OK, index=97, eventIndex=2, result=byte[]{length=3, hash=36519}}
02:47:53.472 [raft-client-613ce1dd-77b1-4b52-a0bf-d277cef86e4f-1] TRACE i.a.p.r.p.impl.RaftProxyConnection - SessionClient{2}{type=io.atomix.protocols.raft.RaftTest$TestPrimitiveType@35bfa1bb, name=raft-test} - Sending CommandRequest{session=2, sequence=89, operation=PrimitiveOperation{id=DefaultOperationId{id=write, type=COMMAND}, value=byte[]{length=17, hash=-1644578928}}} to 1
02:47:53.472 [raft-server-1] TRACE i.a.protocols.raft.roles.LeaderRole - RaftServer{1}{role=LEADER} - Received CommandRequest{session=2, sequence=89, operation=PrimitiveOperation{id=DefaultOperationId{id=write, type=COMMAND}, value=byte[]{length=17, hash=-1644578928}}}
02:47:53.473 [raft-server-1] TRACE i.a.protocols.raft.roles.LeaderRole - RaftServer{1}{role=LEADER} - Appended Indexed{index=98, entry=CommandEntry{term=1, timestamp=2018-06-09 02:47:53,472, session=2, sequence=89, operation=PrimitiveOperation{id=DefaultOperationId{id=write, type=COMMAND}, value=byte[]{length=17, hash=-1644578928}}}}
02:47:53.473 [raft-server-1] TRACE i.a.p.raft.roles.LeaderAppender - RaftServer{1} - Sending AppendRequest{term=1, leader=1, prevLogIndex=97, prevLogTerm=1, entries=1, commitIndex=97} to 3
02:47:53.473 [raft-server-1] TRACE i.a.p.raft.roles.LeaderAppender - RaftServer{1} - Sending AppendRequest{term=1, leader=1, prevLogIndex=97, prevLogTerm=1, entries=1, commitIndex=97} to 2
02:47:53.473 [raft-server-3] TRACE i.a.p.raft.roles.FollowerRole - RaftServer{3}{role=FOLLOWER} - Received AppendRequest{term=1, leader=1, prevLogIndex=97, prevLogTerm=1, entries=1, commitIndex=97}
02:47:53.473 [raft-server-3] TRACE i.a.p.raft.roles.FollowerRole - RaftServer{3}{role=FOLLOWER} - Appended Indexed{index=98, entry=CommandEntry{term=1, timestamp=2018-06-09 02:47:53,472, session=2, sequence=89, operation=PrimitiveOperation{id=DefaultOperationId{id=write, type=COMMAND}, value=byte[]{length=17, hash=-1644578928}}}}
02:47:53.473 [raft-server-2] TRACE i.a.p.raft.roles.FollowerRole - RaftServer{2}{role=FOLLOWER} - Received AppendRequest{term=1, leader=1, prevLogIndex=97, prevLogTerm=1, entries=1, commitIndex=97}
02:47:53.474 [raft-server-2] TRACE i.a.p.raft.roles.FollowerRole - RaftServer{2}{role=FOLLOWER} - Appended Indexed{index=98, entry=CommandEntry{term=1, timestamp=2018-06-09 02:47:53,472, session=2, sequence=89, operation=PrimitiveOperation{id=DefaultOperationId{id=write, type=COMMAND}, value=byte[]{length=17, hash=-1644578928}}}}
02:47:53.546 [raft-server-2] TRACE i.a.p.raft.roles.FollowerRole - RaftServer{2}{role=FOLLOWER} - Committed entries up to index 97
02:47:53.546 [raft-server-3] TRACE i.a.p.raft.roles.FollowerRole - RaftServer{3}{role=FOLLOWER} - Committed entries up to index 97
02:47:53.546 [raft-server-2] TRACE i.a.p.raft.roles.FollowerRole - RaftServer{2}{role=FOLLOWER} - Sending AppendResponse{status=OK, term=1, succeeded=true, lastLogIndex=98}
02:47:53.550 [raft-server-3] TRACE i.a.p.raft.roles.FollowerRole - RaftServer{3}{role=FOLLOWER} - Sending AppendResponse{status=OK, term=1, succeeded=true, lastLogIndex=98}
02:47:53.551 [raft-server-1] TRACE i.a.p.raft.roles.LeaderAppender - RaftServer{1} - Received AppendResponse{status=OK, term=1, succeeded=true, lastLogIndex=98} from 2
02:47:53.551 [raft-server-2-state] TRACE i.a.p.raft.impl.RaftServiceManager - RaftServer{2} - Applying Indexed{index=97, entry=CommandEntry{term=1, timestamp=2018-06-09 02:47:53,373, session=2, sequence=88, operation=PrimitiveOperation{id=DefaultOperationId{id=write, type=COMMAND}, value=byte[]{length=17, hash=-1644578928}}}}
02:47:53.551 [raft-server-3-state] TRACE i.a.p.raft.impl.RaftServiceManager - RaftServer{3} - Applying Indexed{index=97, entry=CommandEntry{term=1, timestamp=2018-06-09 02:47:53,373, session=2, sequence=88, operation=PrimitiveOperation{id=DefaultOperationId{id=write, type=COMMAND}, value=byte[]{length=17, hash=-1644578928}}}}
02:47:53.551 [raft-server-1] TRACE i.a.p.raft.roles.LeaderAppender - RaftServer{1} - Committed entries up to 98
02:47:53.551 [raft-server-2-state] TRACE i.a.p.s.impl.DefaultServiceExecutor - PrimitiveService{2}{type=io.atomix.protocols.raft.RaftTest$TestPrimitiveType@8dc7f31, name=raft-test} - Executing DefaultCommit{index=97, session=RaftSession{RaftServiceContext{server=2, type=io.atomix.protocols.raft.RaftTest$TestPrimitiveType@8dc7f31, name=raft-test, id=2}, session=2, timestamp=2018-06-09 02:47:53,373}, time=2018-06-09 02:47:53,373, operation=DefaultOperationId{id=write, type=COMMAND}, value=byte[]{length=17, hash=-1644578928}}
02:47:53.551 [raft-server-3-state] TRACE i.a.p.s.impl.DefaultServiceExecutor - PrimitiveService{2}{type=io.atomix.protocols.raft.RaftTest$TestPrimitiveType@260d6206, name=raft-test} - Executing DefaultCommit{index=97, session=RaftSession{RaftServiceContext{server=3, type=io.atomix.protocols.raft.RaftTest$TestPrimitiveType@260d6206, name=raft-test, id=2}, session=2, timestamp=2018-06-09 02:47:53,373}, time=2018-06-09 02:47:53,373, operation=DefaultOperationId{id=write, type=COMMAND}, value=byte[]{length=17, hash=-1644578928}}
02:47:53.736 [raft-client-613ce1dd-77b1-4b52-a0bf-d277cef86e4f-7] TRACE i.a.p.r.proxy.impl.RaftProxyManager - RaftClient{613ce1dd-77b1-4b52-a0bf-d277cef86e4f} - Keeping 1 sessions alive
02:47:53.736 [raft-client-613ce1dd-77b1-4b52-a0bf-d277cef86e4f-7] TRACE i.a.p.r.p.impl.RaftProxyConnection - RaftClient{613ce1dd-77b1-4b52-a0bf-d277cef86e4f} - Sending KeepAliveRequest{sessionIds=long[]{length=1, hash=33}, commandSequences=long[]{length=1, hash=119}, eventIndexes=long[]{length=1, hash=33}} to 3
02:47:53.736 [raft-server-3] TRACE i.a.p.raft.roles.FollowerRole - RaftServer{3}{role=FOLLOWER} - Received KeepAliveRequest{sessionIds=long[]{length=1, hash=33}, commandSequences=long[]{length=1, hash=119}, eventIndexes=long[]{length=1, hash=33}}
02:47:54.114 [raft-server-1] TRACE i.a.p.raft.roles.LeaderAppender - RaftServer{1} - Sending AppendRequest{term=1, leader=1, prevLogIndex=98, prevLogTerm=1, entries=0, commitIndex=98} to 2
02:47:54.114 [raft-server-1] TRACE i.a.p.raft.roles.LeaderAppender - RaftServer{1} - Received AppendResponse{status=OK, term=1, succeeded=true, lastLogIndex=98} from 3
02:47:54.114 [raft-server-2] TRACE i.a.p.raft.roles.FollowerRole - RaftServer{2}{role=FOLLOWER} - Received AppendRequest{term=1, leader=1, prevLogIndex=98, prevLogTerm=1, entries=0, commitIndex=98}
02:47:54.114 [raft-server-1] TRACE i.a.p.raft.roles.LeaderAppender - RaftServer{1} - Sending AppendRequest{term=1, leader=1, prevLogIndex=98, prevLogTerm=1, entries=0, commitIndex=98} to 3
02:47:54.114 [raft-server-2] TRACE i.a.p.raft.roles.FollowerRole - RaftServer{2}{role=FOLLOWER} - Committed entries up to index 98
02:47:54.114 [raft-server-3] TRACE i.a.p.raft.roles.FollowerRole - RaftServer{3}{role=FOLLOWER} - Received AppendRequest{term=1, leader=1, prevLogIndex=98, prevLogTerm=1, entries=0, commitIndex=98}
02:47:54.114 [raft-server-2] TRACE i.a.p.raft.roles.FollowerRole - RaftServer{2}{role=FOLLOWER} - Sending AppendResponse{status=OK, term=1, succeeded=true, lastLogIndex=98}
02:47:54.114 [raft-server-3] TRACE i.a.p.raft.roles.FollowerRole - RaftServer{3}{role=FOLLOWER} - Committed entries up to index 98
02:47:54.114 [raft-server-1] TRACE i.a.protocols.raft.roles.LeaderRole - RaftServer{1}{role=LEADER} - Received KeepAliveRequest{sessionIds=long[]{length=1, hash=33}, commandSequences=long[]{length=1, hash=119}, eventIndexes=long[]{length=1, hash=33}}
02:47:54.115 [raft-server-3] TRACE i.a.p.raft.roles.FollowerRole - RaftServer{3}{role=FOLLOWER} - Sending AppendResponse{status=OK, term=1, succeeded=true, lastLogIndex=98}
02:47:54.115 [raft-server-2-state] TRACE i.a.p.raft.impl.RaftServiceManager - RaftServer{2} - Applying Indexed{index=98, entry=CommandEntry{term=1, timestamp=2018-06-09 02:47:53,472, session=2, sequence=89, operation=PrimitiveOperation{id=DefaultOperationId{id=write, type=COMMAND}, value=byte[]{length=17, hash=-1644578928}}}}
02:47:54.115 [raft-server-1] TRACE i.a.protocols.raft.roles.LeaderRole - RaftServer{1}{role=LEADER} - Appended Indexed{index=99, entry=KeepAliveEntry{term=1, timestamp=2018-06-09 02:47:54,114, sessionIds=long[]{length=1, hash=33}, commandSequences=long[]{length=1, hash=119}, eventIndexes=long[]{length=1, hash=33}}}
02:47:54.115 [raft-server-3-state] TRACE i.a.p.raft.impl.RaftServiceManager - RaftServer{3} - Applying Indexed{index=98, entry=CommandEntry{term=1, timestamp=2018-06-09 02:47:53,472, session=2, sequence=89, operation=PrimitiveOperation{id=DefaultOperationId{id=write, type=COMMAND}, value=byte[]{length=17, hash=-1644578928}}}}
02:47:54.115 [raft-server-1] INFO  i.a.protocols.raft.impl.RaftContext - RaftServer{1} - Transitioning to INACTIVE
02:47:54.115 [raft-server-2-state] TRACE i.a.p.s.impl.DefaultServiceExecutor - PrimitiveService{2}{type=io.atomix.protocols.raft.RaftTest$TestPrimitiveType@8dc7f31, name=raft-test} - Executing DefaultCommit{index=98, session=RaftSession{RaftServiceContext{server=2, type=io.atomix.protocols.raft.RaftTest$TestPrimitiveType@8dc7f31, name=raft-test, id=2}, session=2, timestamp=2018-06-09 02:47:53,472}, time=2018-06-09 02:47:53,472, operation=DefaultOperationId{id=write, type=COMMAND}, value=byte[]{length=17, hash=-1644578928}}
02:47:54.115 [raft-server-3-state] TRACE i.a.p.s.impl.DefaultServiceExecutor - PrimitiveService{2}{type=io.atomix.protocols.raft.RaftTest$TestPrimitiveType@260d6206, name=raft-test} - Executing DefaultCommit{index=98, session=RaftSession{RaftServiceContext{server=3, type=io.atomix.protocols.raft.RaftTest$TestPrimitiveType@260d6206, name=raft-test, id=2}, session=2, timestamp=2018-06-09 02:47:53,472}, time=2018-06-09 02:47:53,472, operation=DefaultOperationId{id=write, type=COMMAND}, value=byte[]{length=17, hash=-1644578928}}
02:47:54.115 [raft-server-1] TRACE i.a.protocols.raft.roles.LeaderRole - RaftServer{1}{role=LEADER} - Cancelling append timer
02:47:54.115 [raft-server-1] TRACE i.a.p.raft.storage.system.MetaStore - Store vote null
02:47:54.207 [ForkJoinPool.commonPool-worker-4] DEBUG i.a.storage.journal.SegmentedJournal - Closing segment: JournalSegment{id=1, version=1, index=1, size=505}
02:47:54.207 [raft-server-1-state] TRACE i.a.p.raft.impl.RaftServiceManager - RaftServer{1} - Applying Indexed{index=98, entry=CommandEntry{term=1, timestamp=2018-06-09 02:47:53,472, session=2, sequence=89, operation=PrimitiveOperation{id=DefaultOperationId{id=write, type=COMMAND}, value=byte[]{length=17, hash=-1644578928}}}}
02:47:54.207 [ForkJoinPool.commonPool-worker-4] DEBUG i.a.storage.journal.SegmentedJournal - Closing segment: JournalSegment{id=2, version=1, index=11, size=574}
02:47:54.207 [raft-server-1-state] TRACE i.a.p.s.impl.DefaultServiceExecutor - PrimitiveService{2}{type=io.atomix.protocols.raft.RaftTest$TestPrimitiveType@35843ad0, name=raft-test} - Executing DefaultCommit{index=98, session=RaftSession{RaftServiceContext{server=1, type=io.atomix.protocols.raft.RaftTest$TestPrimitiveType@35843ad0, name=raft-test, id=2}, session=2, timestamp=2018-06-09 02:47:53,472}, time=2018-06-09 02:47:53,472, operation=DefaultOperationId{id=write, type=COMMAND}, value=byte[]{length=17, hash=-1644578928}}
02:47:54.207 [ForkJoinPool.commonPool-worker-4] DEBUG i.a.storage.journal.SegmentedJournal - Closing segment: JournalSegment{id=3, version=1, index=21, size=549}
02:47:54.207 [ForkJoinPool.commonPool-worker-4] DEBUG i.a.storage.journal.SegmentedJournal - Closing segment: JournalSegment{id=4, version=1, index=31, size=574}
02:47:54.207 [raft-server-1-state] TRACE i.a.protocols.raft.roles.LeaderRole - RaftServer{1}{role=LEADER} - Sending CommandResponse{status=OK, index=98, eventIndex=2, result=byte[]{length=3, hash=36581}}
02:47:54.207 [ForkJoinPool.commonPool-worker-4] DEBUG i.a.storage.journal.SegmentedJournal - Closing segment: JournalSegment{id=5, version=1, index=41, size=549}
02:47:54.208 [ForkJoinPool.commonPool-worker-4] DEBUG i.a.storage.journal.SegmentedJournal - Closing segment: JournalSegment{id=6, version=1, index=51, size=574}
02:47:54.208 [ForkJoinPool.commonPool-worker-4] DEBUG i.a.storage.journal.SegmentedJournal - Closing segment: JournalSegment{id=7, version=1, index=61, size=549}
02:47:54.208 [ForkJoinPool.commonPool-worker-4] DEBUG i.a.storage.journal.SegmentedJournal - Closing segment: JournalSegment{id=8, version=1, index=71, size=559}
02:47:54.208 [ForkJoinPool.commonPool-worker-4] DEBUG i.a.storage.journal.SegmentedJournal - Closing segment: JournalSegment{id=9, version=1, index=81, size=559}
02:47:54.208 [ForkJoinPool.commonPool-worker-4] DEBUG i.a.storage.journal.SegmentedJournal - Closing segment: JournalSegment{id=10, version=1, index=91, size=507}
02:47:54.208 [raft-server-2] INFO  i.a.protocols.raft.impl.RaftContext - RaftServer{2} - Transitioning to INACTIVE
02:47:54.209 [raft-server-2] TRACE i.a.p.raft.roles.FollowerRole - RaftServer{2}{role=FOLLOWER} - Cancelling heartbeat timer
02:47:54.209 [ForkJoinPool.commonPool-worker-4] DEBUG i.a.storage.journal.SegmentedJournal - Closing segment: JournalSegment{id=1, version=1, index=1, size=505}
02:47:54.209 [ForkJoinPool.commonPool-worker-4] DEBUG i.a.storage.journal.SegmentedJournal - Closing segment: JournalSegment{id=2, version=1, index=11, size=574}
02:47:54.209 [ForkJoinPool.commonPool-worker-4] DEBUG i.a.storage.journal.SegmentedJournal - Closing segment: JournalSegment{id=3, version=1, index=21, size=549}
02:47:54.209 [ForkJoinPool.commonPool-worker-4] DEBUG i.a.storage.journal.SegmentedJournal - Closing segment: JournalSegment{id=4, version=1, index=31, size=574}
02:47:54.209 [ForkJoinPool.commonPool-worker-4] DEBUG i.a.storage.journal.SegmentedJournal - Closing segment: JournalSegment{id=5, version=1, index=41, size=549}
02:47:54.209 [ForkJoinPool.commonPool-worker-4] DEBUG i.a.storage.journal.SegmentedJournal - Closing segment: JournalSegment{id=6, version=1, index=51, size=574}
02:47:54.209 [ForkJoinPool.commonPool-worker-4] DEBUG i.a.storage.journal.SegmentedJournal - Closing segment: JournalSegment{id=7, version=1, index=61, size=549}
02:47:54.210 [ForkJoinPool.commonPool-worker-4] DEBUG i.a.storage.journal.SegmentedJournal - Closing segment: JournalSegment{id=8, version=1, index=71, size=559}
02:47:54.210 [ForkJoinPool.commonPool-worker-4] DEBUG i.a.storage.journal.SegmentedJournal - Closing segment: JournalSegment{id=9, version=1, index=81, size=559}
02:47:54.210 [ForkJoinPool.commonPool-worker-4] DEBUG i.a.storage.journal.SegmentedJournal - Closing segment: JournalSegment{id=10, version=1, index=91, size=480}
02:47:54.210 [raft-server-3] INFO  i.a.protocols.raft.impl.RaftContext - RaftServer{3} - Transitioning to INACTIVE
02:47:54.210 [raft-server-3] TRACE i.a.p.raft.roles.FollowerRole - RaftServer{3}{role=FOLLOWER} - Cancelling heartbeat timer
02:47:54.211 [ForkJoinPool.commonPool-worker-4] DEBUG i.a.storage.journal.SegmentedJournal - Closing segment: JournalSegment{id=1, version=1, index=1, size=505}
02:47:54.211 [ForkJoinPool.commonPool-worker-4] DEBUG i.a.storage.journal.SegmentedJournal - Closing segment: JournalSegment{id=2, version=1, index=11, size=574}
02:47:54.211 [ForkJoinPool.commonPool-worker-4] DEBUG i.a.storage.journal.SegmentedJournal - Closing segment: JournalSegment{id=3, version=1, index=21, size=549}
02:47:54.211 [ForkJoinPool.commonPool-worker-4] DEBUG i.a.storage.journal.SegmentedJournal - Closing segment: JournalSegment{id=4, version=1, index=31, size=574}
02:47:54.211 [ForkJoinPool.commonPool-worker-4] DEBUG i.a.storage.journal.SegmentedJournal - Closing segment: JournalSegment{id=5, version=1, index=41, size=549}
02:47:54.211 [ForkJoinPool.commonPool-worker-4] DEBUG i.a.storage.journal.SegmentedJournal - Closing segment: JournalSegment{id=6, version=1, index=51, size=574}
02:47:54.211 [ForkJoinPool.commonPool-worker-4] DEBUG i.a.storage.journal.SegmentedJournal - Closing segment: JournalSegment{id=7, version=1, index=61, size=549}
02:47:54.211 [ForkJoinPool.commonPool-worker-4] DEBUG i.a.storage.journal.SegmentedJournal - Closing segment: JournalSegment{id=8, version=1, index=71, size=559}
02:47:54.211 [ForkJoinPool.commonPool-worker-4] DEBUG i.a.storage.journal.SegmentedJournal - Closing segment: JournalSegment{id=9, version=1, index=81, size=559}
02:47:54.211 [ForkJoinPool.commonPool-worker-4] DEBUG i.a.storage.journal.SegmentedJournal - Closing segment: JournalSegment{id=10, version=1, index=91, size=480}
]]></system-out>
  </testcase>
  <testcase name="testThreeNodeSubmitQueryWithSequentialConsistency" classname="io.atomix.protocols.raft.RaftTest" time="3.79"/>
  <testcase name="testFiveNodeSubmitQueryWithBoundedLinearizableConsistency" classname="io.atomix.protocols.raft.RaftTest" time="4.597"/>
  <testcase name="testTwoNodeSubmitQueryWithBoundedLinearizableConsistency" classname="io.atomix.protocols.raft.RaftTest" time="4.315"/>
  <testcase name="testThreeOfFiveNodeSubmitCommand" classname="io.atomix.protocols.raft.RaftTest" time="3.15"/>
  <testcase name="testTwoNodeSubmitQueryWithSequentialConsistency" classname="io.atomix.protocols.raft.RaftTest" time="2.722"/>
  <testcase name="testActiveJoinEvent" classname="io.atomix.protocols.raft.RaftTest" time="4.018"/>
  <testcase name="testOneNodeSubmitCommand" classname="io.atomix.protocols.raft.RaftTest" time="2.29"/>
  <testcase name="testFourNodeSubmitCommand" classname="io.atomix.protocols.raft.RaftTest" time="4.027"/>
  <testcase name="testTwoNodeSequentialEvent" classname="io.atomix.protocols.raft.RaftTest" time="4.252"/>
  <testcase name="testThreeNodeCloseEvent" classname="io.atomix.protocols.raft.RaftTest" time="4.473"/>
  <testcase name="testFourNodeSubmitQueryWithBoundedLinearizableConsistency" classname="io.atomix.protocols.raft.RaftTest" time="3.473"/>
  <testcase name="testFiveNodeSubmitQueryWithLinearizableConsistency" classname="io.atomix.protocols.raft.RaftTest" time="4.227"/>
  <testcase name="testSequenceSequentialOperations" classname="io.atomix.protocols.raft.RaftTest" time="4.325"/>
  <testcase name="testSingleMemberStart" classname="io.atomix.protocols.raft.RaftTest" time="5.034"/>
  <testcase name="testThreeNodeEvents" classname="io.atomix.protocols.raft.RaftTest" time="5.019"/>
  <testcase name="testSequenceLinearizableOperations" classname="io.atomix.protocols.raft.RaftTest" time="4.671"/>
  <testcase name="testThreeNodeSubmitQueryWithLinearizableConsistency" classname="io.atomix.protocols.raft.RaftTest" time="3.956"/>
  <testcase name="testFiveNodeManyEvents" classname="io.atomix.protocols.raft.RaftTest" time="5.009"/>
  <testcase name="testOneNodeSubmitQueryWithBoundedLinearizableConsistency" classname="io.atomix.protocols.raft.RaftTest" time="1.473"/>
  <testcase name="testFiveNodeExpireEvent" classname="io.atomix.protocols.raft.RaftTest" time="11.161"/>
  <testcase name="testFiveNodeSubmitQueryWithSequentialConsistency" classname="io.atomix.protocols.raft.RaftTest" time="4.14"/>
  <testcase name="testTransferLeadership" classname="io.atomix.protocols.raft.RaftTest" time="4.142">
    <skipped/>
  </testcase>
  <testcase name="testTwoNodeSubmitQueryWithLinearizableConsistency" classname="io.atomix.protocols.raft.RaftTest" time="2.693"/>
  <testcase name="testThreeNodeSequentialEvent" classname="io.atomix.protocols.raft.RaftTest" time="4.526"/>
  <testcase name="testTwoNodeEvents" classname="io.atomix.protocols.raft.RaftTest" time="4.671"/>
  <testcase name="testActiveJoin" classname="io.atomix.protocols.raft.RaftTest" time="3.917"/>
  <testcase name="testPassiveJoinLate" classname="io.atomix.protocols.raft.RaftTest" time="19.395">
    <error message="Test timed out while waiting for an expected result" type="java.util.concurrent.TimeoutException">java.util.concurrent.TimeoutException: Test timed out while waiting for an expected result
	at net.jodah.concurrentunit.Waiter.await(Waiter.java:168)
	at net.jodah.concurrentunit.Waiter.await(Waiter.java:115)
	at net.jodah.concurrentunit.ConcurrentTestCase.await(ConcurrentTestCase.java:98)
	at io.atomix.protocols.raft.RaftTest.testServerJoinLate(RaftTest.java:204)
	at io.atomix.protocols.raft.RaftTest.testPassiveJoinLate(RaftTest.java:193)
</error>
    <system-out><![CDATA[02:49:40.524 [main] DEBUG i.a.storage.journal.SegmentedJournal - Created disk segment: JournalSegment{id=1, version=1, index=1, size=64}
02:49:40.524 [main] TRACE i.a.p.raft.storage.system.MetaStore - Store configuration Configuration{index=0, time=2018-06-09 02:49:40,524, members=[DefaultRaftMember{id=1, type=ACTIVE, updated=2018-06-09T00:49:40.524Z}, DefaultRaftMember{id=3, type=ACTIVE, updated=2018-06-09T00:49:40.524Z}, DefaultRaftMember{id=2, type=ACTIVE, updated=2018-06-09T00:49:40.524Z}]}
02:49:40.599 [raft-server-1] INFO  i.a.protocols.raft.impl.RaftContext - RaftServer{1} - Transitioning to FOLLOWER
02:49:40.599 [raft-server-1] DEBUG i.a.p.r.c.impl.RaftClusterContext - RaftServer{1} - Attempting to join via 3
02:49:40.599 [raft-server-1] TRACE i.a.p.r.c.impl.RaftClusterContext - RaftServer{1} - Cancelling join timeout
02:49:40.599 [raft-server-1] DEBUG i.a.p.r.c.impl.RaftClusterContext - RaftServer{1} - Failed to join 3
02:49:40.599 [raft-server-1] DEBUG i.a.p.r.c.impl.RaftClusterContext - RaftServer{1} - Attempting to join via 2
02:49:40.600 [raft-server-1] TRACE i.a.p.r.c.impl.RaftClusterContext - RaftServer{1} - Cancelling join timeout
02:49:40.600 [raft-server-1] DEBUG i.a.p.r.c.impl.RaftClusterContext - RaftServer{1} - Failed to join 2
02:49:40.600 [raft-server-1] DEBUG i.a.p.r.c.impl.RaftClusterContext - RaftServer{1} - Failed to join cluster, retrying...
02:49:40.916 [main] DEBUG i.a.storage.journal.SegmentedJournal - Created disk segment: JournalSegment{id=1, version=1, index=1, size=64}
02:49:40.916 [main] TRACE i.a.p.raft.storage.system.MetaStore - Store configuration Configuration{index=0, time=2018-06-09 02:49:40,916, members=[DefaultRaftMember{id=1, type=ACTIVE, updated=2018-06-09T00:49:40.916Z}, DefaultRaftMember{id=3, type=ACTIVE, updated=2018-06-09T00:49:40.916Z}, DefaultRaftMember{id=2, type=ACTIVE, updated=2018-06-09T00:49:40.916Z}]}
02:49:40.998 [raft-server-2] INFO  i.a.protocols.raft.impl.RaftContext - RaftServer{2} - Transitioning to FOLLOWER
02:49:40.998 [raft-server-2] DEBUG i.a.p.r.c.impl.RaftClusterContext - RaftServer{2} - Attempting to join via 1
02:49:40.999 [raft-server-1] TRACE i.a.p.raft.roles.FollowerRole - RaftServer{1}{role=FOLLOWER} - Received JoinRequest{member=DefaultRaftMember{id=2, type=ACTIVE, updated=2018-06-09T00:49:40.916Z}}
02:49:40.999 [raft-server-1] TRACE i.a.p.raft.roles.FollowerRole - RaftServer{1}{role=FOLLOWER} - Sending JoinResponse{status=ERROR, error=RaftError{type=NO_LEADER, message=null}}
02:49:40.999 [raft-server-2] TRACE i.a.p.r.c.impl.RaftClusterContext - RaftServer{2} - Cancelling join timeout
02:49:40.999 [raft-server-2] DEBUG i.a.p.r.c.impl.RaftClusterContext - RaftServer{2} - Failed to join 1
02:49:40.999 [raft-server-2] DEBUG i.a.p.r.c.impl.RaftClusterContext - RaftServer{2} - Attempting to join via 3
02:49:40.999 [raft-server-2] TRACE i.a.p.r.c.impl.RaftClusterContext - RaftServer{2} - Cancelling join timeout
02:49:40.999 [raft-server-2] DEBUG i.a.p.r.c.impl.RaftClusterContext - RaftServer{2} - Failed to join 3
02:49:40.999 [raft-server-2] DEBUG i.a.p.r.c.impl.RaftClusterContext - RaftServer{2} - Failed to join cluster, retrying...
02:49:41.281 [main] DEBUG i.a.storage.journal.SegmentedJournal - Created disk segment: JournalSegment{id=1, version=1, index=1, size=64}
02:49:41.282 [main] TRACE i.a.p.raft.storage.system.MetaStore - Store configuration Configuration{index=0, time=2018-06-09 02:49:41,282, members=[DefaultRaftMember{id=1, type=ACTIVE, updated=2018-06-09T00:49:41.282Z}, DefaultRaftMember{id=3, type=ACTIVE, updated=2018-06-09T00:49:41.282Z}, DefaultRaftMember{id=2, type=ACTIVE, updated=2018-06-09T00:49:41.282Z}]}
02:49:41.340 [raft-server-3] INFO  i.a.protocols.raft.impl.RaftContext - RaftServer{3} - Transitioning to FOLLOWER
02:49:41.341 [raft-server-3] DEBUG i.a.p.r.c.impl.RaftClusterContext - RaftServer{3} - Attempting to join via 1
02:49:41.341 [raft-server-1] TRACE i.a.p.raft.roles.FollowerRole - RaftServer{1}{role=FOLLOWER} - Received JoinRequest{member=DefaultRaftMember{id=3, type=ACTIVE, updated=2018-06-09T00:49:41.282Z}}
02:49:41.341 [raft-server-1] TRACE i.a.p.raft.roles.FollowerRole - RaftServer{1}{role=FOLLOWER} - Sending JoinResponse{status=ERROR, error=RaftError{type=NO_LEADER, message=null}}
02:49:41.341 [raft-server-3] TRACE i.a.p.r.c.impl.RaftClusterContext - RaftServer{3} - Cancelling join timeout
02:49:41.341 [raft-server-3] DEBUG i.a.p.r.c.impl.RaftClusterContext - RaftServer{3} - Failed to join 1
02:49:41.341 [raft-server-3] DEBUG i.a.p.r.c.impl.RaftClusterContext - RaftServer{3} - Attempting to join via 2
02:49:41.341 [raft-server-2] TRACE i.a.p.raft.roles.FollowerRole - RaftServer{2}{role=FOLLOWER} - Received JoinRequest{member=DefaultRaftMember{id=3, type=ACTIVE, updated=2018-06-09T00:49:41.282Z}}
02:49:41.341 [raft-server-2] TRACE i.a.p.raft.roles.FollowerRole - RaftServer{2}{role=FOLLOWER} - Sending JoinResponse{status=ERROR, error=RaftError{type=NO_LEADER, message=null}}
02:49:41.341 [raft-server-3] TRACE i.a.p.r.c.impl.RaftClusterContext - RaftServer{3} - Cancelling join timeout
02:49:41.341 [raft-server-3] DEBUG i.a.p.r.c.impl.RaftClusterContext - RaftServer{3} - Failed to join 2
02:49:41.341 [raft-server-3] DEBUG i.a.p.r.c.impl.RaftClusterContext - RaftServer{3} - Failed to join cluster, retrying...
02:49:42.031 [raft-server-1] DEBUG i.a.p.raft.roles.FollowerRole - RaftServer{1}{role=FOLLOWER} - Heartbeat timed out in PT1.432S
02:49:42.032 [raft-server-1] DEBUG i.a.p.raft.roles.FollowerRole - RaftServer{1}{role=FOLLOWER} - Polling members [DefaultRaftMember{id=3, type=ACTIVE, updated=2018-06-09T00:49:40.524Z}, DefaultRaftMember{id=2, type=ACTIVE, updated=2018-06-09T00:49:40.524Z}]
02:49:42.032 [raft-server-1] DEBUG i.a.p.raft.roles.FollowerRole - RaftServer{1}{role=FOLLOWER} - Polling DefaultRaftMember{id=3, type=ACTIVE, updated=2018-06-09T00:49:40.524Z} for next term 1
02:49:42.032 [raft-server-1] DEBUG i.a.p.raft.roles.FollowerRole - RaftServer{1}{role=FOLLOWER} - Polling DefaultRaftMember{id=2, type=ACTIVE, updated=2018-06-09T00:49:40.524Z} for next term 1
02:49:42.032 [raft-server-3] TRACE i.a.p.raft.roles.FollowerRole - RaftServer{3}{role=FOLLOWER} - Received PollRequest{term=0, candidate=1, lastLogIndex=0, lastLogTerm=0}
02:49:42.032 [raft-server-3] DEBUG i.a.p.raft.roles.FollowerRole - RaftServer{3}{role=FOLLOWER} - Accepted PollRequest{term=0, candidate=1, lastLogIndex=0, lastLogTerm=0}: candidate's log is up-to-date
02:49:42.032 [raft-server-2] TRACE i.a.p.raft.roles.FollowerRole - RaftServer{2}{role=FOLLOWER} - Received PollRequest{term=0, candidate=1, lastLogIndex=0, lastLogTerm=0}
02:49:42.032 [raft-server-3] TRACE i.a.p.raft.roles.FollowerRole - RaftServer{3}{role=FOLLOWER} - Sending PollResponse{status=OK, term=0, accepted=true}
02:49:42.032 [raft-server-2] DEBUG i.a.p.raft.roles.FollowerRole - RaftServer{2}{role=FOLLOWER} - Accepted PollRequest{term=0, candidate=1, lastLogIndex=0, lastLogTerm=0}: candidate's log is up-to-date
02:49:42.032 [raft-server-2] TRACE i.a.p.raft.roles.FollowerRole - RaftServer{2}{role=FOLLOWER} - Sending PollResponse{status=OK, term=0, accepted=true}
02:49:42.032 [raft-server-1] DEBUG i.a.p.raft.roles.FollowerRole - RaftServer{1}{role=FOLLOWER} - Received accepted poll from DefaultRaftMember{id=3, type=ACTIVE, updated=2018-06-09T00:49:40.524Z}
02:49:42.032 [raft-server-1] INFO  i.a.protocols.raft.impl.RaftContext - RaftServer{1} - Transitioning to CANDIDATE
02:49:42.032 [raft-server-1] TRACE i.a.p.raft.roles.FollowerRole - RaftServer{1}{role=FOLLOWER} - Cancelling heartbeat timer
02:49:42.032 [raft-server-1] INFO  i.a.p.raft.roles.CandidateRole - RaftServer{1}{role=CANDIDATE} - Starting election
02:49:42.033 [raft-server-1] TRACE i.a.p.raft.storage.system.MetaStore - Store term 1
02:49:42.081 [raft-server-1] TRACE i.a.p.raft.storage.system.MetaStore - Store vote null
02:49:42.157 [raft-server-1] DEBUG i.a.protocols.raft.impl.RaftContext - RaftServer{1} - Set term 1
02:49:42.157 [raft-server-1] TRACE i.a.p.raft.storage.system.MetaStore - Store vote 1
02:49:42.167 [raft-server-2] DEBUG i.a.p.raft.roles.FollowerRole - RaftServer{2}{role=FOLLOWER} - Heartbeat timed out in PT1.169S
02:49:42.168 [raft-server-2] DEBUG i.a.p.raft.roles.FollowerRole - RaftServer{2}{role=FOLLOWER} - Polling members [DefaultRaftMember{id=1, type=ACTIVE, updated=2018-06-09T00:49:40.916Z}, DefaultRaftMember{id=3, type=ACTIVE, updated=2018-06-09T00:49:40.916Z}]
02:49:42.168 [raft-server-2] DEBUG i.a.p.raft.roles.FollowerRole - RaftServer{2}{role=FOLLOWER} - Polling DefaultRaftMember{id=1, type=ACTIVE, updated=2018-06-09T00:49:40.916Z} for next term 1
02:49:42.168 [raft-server-2] DEBUG i.a.p.raft.roles.FollowerRole - RaftServer{2}{role=FOLLOWER} - Polling DefaultRaftMember{id=3, type=ACTIVE, updated=2018-06-09T00:49:40.916Z} for next term 1
02:49:42.168 [raft-server-3] TRACE i.a.p.raft.roles.FollowerRole - RaftServer{3}{role=FOLLOWER} - Received PollRequest{term=0, candidate=2, lastLogIndex=0, lastLogTerm=0}
02:49:42.168 [raft-server-3] DEBUG i.a.p.raft.roles.FollowerRole - RaftServer{3}{role=FOLLOWER} - Accepted PollRequest{term=0, candidate=2, lastLogIndex=0, lastLogTerm=0}: candidate's log is up-to-date
02:49:42.168 [raft-server-3] TRACE i.a.p.raft.roles.FollowerRole - RaftServer{3}{role=FOLLOWER} - Sending PollResponse{status=OK, term=0, accepted=true}
02:49:42.168 [raft-server-2] DEBUG i.a.p.raft.roles.FollowerRole - RaftServer{2}{role=FOLLOWER} - Received accepted poll from DefaultRaftMember{id=3, type=ACTIVE, updated=2018-06-09T00:49:40.916Z}
02:49:42.168 [raft-server-2] INFO  i.a.protocols.raft.impl.RaftContext - RaftServer{2} - Transitioning to CANDIDATE
02:49:42.168 [raft-server-2] TRACE i.a.p.raft.roles.FollowerRole - RaftServer{2}{role=FOLLOWER} - Cancelling heartbeat timer
02:49:42.168 [raft-server-2] INFO  i.a.p.raft.roles.CandidateRole - RaftServer{2}{role=CANDIDATE} - Starting election
02:49:42.169 [raft-server-2] TRACE i.a.p.raft.storage.system.MetaStore - Store term 1
02:49:42.260 [raft-server-1] DEBUG i.a.protocols.raft.impl.RaftContext - RaftServer{1} - Voted for 1
02:49:42.260 [raft-server-1] DEBUG i.a.p.raft.roles.CandidateRole - RaftServer{1}{role=CANDIDATE} - Requesting votes for term 1
02:49:42.260 [raft-server-1] DEBUG i.a.p.raft.roles.CandidateRole - RaftServer{1}{role=CANDIDATE} - Requesting vote from DefaultRaftMember{id=3, type=ACTIVE, updated=2018-06-09T00:49:40.524Z} for term 1
02:49:42.260 [raft-server-1] DEBUG i.a.p.raft.roles.CandidateRole - RaftServer{1}{role=CANDIDATE} - Requesting vote from DefaultRaftMember{id=2, type=ACTIVE, updated=2018-06-09T00:49:40.524Z} for term 1
02:49:42.260 [raft-server-3] TRACE i.a.p.raft.roles.FollowerRole - RaftServer{3}{role=FOLLOWER} - Received VoteRequest{term=1, candidate=1, lastLogIndex=0, lastLogTerm=0}
02:49:42.260 [raft-server-1] TRACE i.a.p.r.c.impl.RaftClusterContext - RaftServer{1} - Cancelling join timeout
02:49:42.260 [raft-server-1] DEBUG i.a.p.r.c.impl.RaftClusterContext - RaftServer{1} - Attempting to join via 3
02:49:42.261 [raft-server-1] TRACE i.a.p.raft.roles.CandidateRole - RaftServer{1}{role=CANDIDATE} - Received PollRequest{term=0, candidate=2, lastLogIndex=0, lastLogTerm=0}
02:49:42.261 [raft-server-3] TRACE i.a.p.raft.storage.system.MetaStore - Store term 1
02:49:42.261 [raft-server-1] DEBUG i.a.p.raft.roles.CandidateRole - RaftServer{1}{role=CANDIDATE} - Rejected PollRequest{term=0, candidate=2, lastLogIndex=0, lastLogTerm=0}: candidate's term is less than the current term
02:49:42.261 [raft-server-1] TRACE i.a.p.raft.roles.CandidateRole - RaftServer{1}{role=CANDIDATE} - Sending PollResponse{status=OK, term=1, accepted=false}
02:49:42.342 [raft-server-2] TRACE i.a.p.raft.storage.system.MetaStore - Store vote null
02:49:42.428 [raft-server-3] TRACE i.a.p.raft.storage.system.MetaStore - Store vote null
02:49:42.498 [raft-server-2] DEBUG i.a.protocols.raft.impl.RaftContext - RaftServer{2} - Set term 1
02:49:42.499 [raft-server-2] TRACE i.a.p.raft.storage.system.MetaStore - Store vote 2
02:49:42.585 [raft-server-3] DEBUG i.a.protocols.raft.impl.RaftContext - RaftServer{3} - Set term 1
02:49:42.586 [raft-server-3] DEBUG i.a.p.raft.roles.FollowerRole - RaftServer{3}{role=FOLLOWER} - Accepted VoteRequest{term=1, candidate=1, lastLogIndex=0, lastLogTerm=0}: candidate's log is up-to-date
02:49:42.586 [raft-server-3] TRACE i.a.p.raft.storage.system.MetaStore - Store vote 1
02:49:42.681 [raft-server-2] DEBUG i.a.protocols.raft.impl.RaftContext - RaftServer{2} - Voted for 2
02:49:42.681 [raft-server-2] DEBUG i.a.p.raft.roles.CandidateRole - RaftServer{2}{role=CANDIDATE} - Requesting votes for term 1
02:49:42.681 [raft-server-2] DEBUG i.a.p.raft.roles.CandidateRole - RaftServer{2}{role=CANDIDATE} - Requesting vote from DefaultRaftMember{id=1, type=ACTIVE, updated=2018-06-09T00:49:40.916Z} for term 1
02:49:42.681 [raft-server-2] DEBUG i.a.p.raft.roles.CandidateRole - RaftServer{2}{role=CANDIDATE} - Requesting vote from DefaultRaftMember{id=3, type=ACTIVE, updated=2018-06-09T00:49:40.916Z} for term 1
02:49:42.681 [raft-server-1] TRACE i.a.p.raft.roles.CandidateRole - RaftServer{1}{role=CANDIDATE} - Received VoteRequest{term=1, candidate=2, lastLogIndex=0, lastLogTerm=0}
02:49:42.681 [raft-server-2] TRACE i.a.p.raft.roles.CandidateRole - RaftServer{2}{role=CANDIDATE} - Received VoteRequest{term=1, candidate=1, lastLogIndex=0, lastLogTerm=0}
02:49:42.681 [raft-server-1] TRACE i.a.p.raft.roles.CandidateRole - RaftServer{1}{role=CANDIDATE} - Sending VoteResponse{status=OK, term=1, voted=false}
02:49:42.681 [raft-server-2] TRACE i.a.p.raft.roles.CandidateRole - RaftServer{2}{role=CANDIDATE} - Sending VoteResponse{status=OK, term=1, voted=false}
02:49:42.682 [raft-server-2] TRACE i.a.p.r.c.impl.RaftClusterContext - RaftServer{2} - Cancelling join timeout
02:49:42.682 [raft-server-2] DEBUG i.a.p.r.c.impl.RaftClusterContext - RaftServer{2} - Attempting to join via 1
02:49:42.682 [raft-server-2] DEBUG i.a.p.raft.roles.CandidateRole - RaftServer{2}{role=CANDIDATE} - Received rejected vote from DefaultRaftMember{id=1, type=ACTIVE, updated=2018-06-09T00:49:40.916Z}
02:49:42.682 [raft-server-1] DEBUG i.a.p.raft.roles.CandidateRole - RaftServer{1}{role=CANDIDATE} - Received rejected vote from DefaultRaftMember{id=2, type=ACTIVE, updated=2018-06-09T00:49:40.524Z}
02:49:42.682 [raft-server-1] TRACE i.a.p.raft.roles.CandidateRole - RaftServer{1}{role=CANDIDATE} - Received JoinRequest{member=DefaultRaftMember{id=2, type=ACTIVE, updated=2018-06-09T00:49:40.916Z}}
02:49:42.682 [raft-server-1] TRACE i.a.p.raft.roles.CandidateRole - RaftServer{1}{role=CANDIDATE} - Sending JoinResponse{status=ERROR, error=RaftError{type=NO_LEADER, message=null}}
02:49:42.682 [raft-server-2] TRACE i.a.p.r.c.impl.RaftClusterContext - RaftServer{2} - Cancelling join timeout
02:49:42.682 [raft-server-2] DEBUG i.a.p.r.c.impl.RaftClusterContext - RaftServer{2} - Failed to join 1
02:49:42.682 [raft-server-2] DEBUG i.a.p.r.c.impl.RaftClusterContext - RaftServer{2} - Attempting to join via 3
02:49:42.749 [raft-server-3] DEBUG i.a.protocols.raft.impl.RaftContext - RaftServer{3} - Voted for 1
02:49:42.749 [raft-server-3] TRACE i.a.p.raft.roles.FollowerRole - RaftServer{3}{role=FOLLOWER} - Sending VoteResponse{status=OK, term=1, voted=true}
02:49:42.750 [raft-server-3] TRACE i.a.p.raft.roles.FollowerRole - RaftServer{3}{role=FOLLOWER} - Received JoinRequest{member=DefaultRaftMember{id=1, type=ACTIVE, updated=2018-06-09T00:49:40.524Z}}
02:49:42.750 [raft-server-3] TRACE i.a.p.raft.roles.FollowerRole - RaftServer{3}{role=FOLLOWER} - Sending JoinResponse{status=ERROR, error=RaftError{type=NO_LEADER, message=null}}
02:49:42.750 [raft-server-1] DEBUG i.a.p.raft.roles.CandidateRole - RaftServer{1}{role=CANDIDATE} - Received successful vote from DefaultRaftMember{id=3, type=ACTIVE, updated=2018-06-09T00:49:40.524Z}
02:49:42.750 [raft-server-3] TRACE i.a.p.raft.roles.FollowerRole - RaftServer{3}{role=FOLLOWER} - Received VoteRequest{term=1, candidate=2, lastLogIndex=0, lastLogTerm=0}
02:49:42.750 [raft-server-1] INFO  i.a.protocols.raft.impl.RaftContext - RaftServer{1} - Transitioning to LEADER
02:49:42.750 [raft-server-1] DEBUG i.a.p.raft.roles.CandidateRole - RaftServer{1}{role=CANDIDATE} - Cancelling election
02:49:42.750 [raft-server-3] DEBUG i.a.p.raft.roles.FollowerRole - RaftServer{3}{role=FOLLOWER} - Rejected VoteRequest{term=1, candidate=2, lastLogIndex=0, lastLogTerm=0}: already voted for 1
02:49:42.750 [raft-server-3] TRACE i.a.p.raft.roles.FollowerRole - RaftServer{3}{role=FOLLOWER} - Sending VoteResponse{status=OK, term=1, voted=false}
02:49:42.750 [raft-server-1] INFO  i.a.protocols.raft.impl.RaftContext - RaftServer{1} - Found leader 1
02:49:42.750 [raft-server-1] TRACE i.a.p.raft.storage.system.MetaStore - Store vote null
02:49:42.751 [raft-server-3] TRACE i.a.p.raft.roles.FollowerRole - RaftServer{3}{role=FOLLOWER} - Received JoinRequest{member=DefaultRaftMember{id=2, type=ACTIVE, updated=2018-06-09T00:49:40.916Z}}
02:49:42.751 [raft-server-2] DEBUG i.a.p.raft.roles.CandidateRole - RaftServer{2}{role=CANDIDATE} - Received rejected vote from DefaultRaftMember{id=3, type=ACTIVE, updated=2018-06-09T00:49:40.916Z}
02:49:42.751 [raft-server-3] TRACE i.a.p.raft.roles.FollowerRole - RaftServer{3}{role=FOLLOWER} - Sending JoinResponse{status=ERROR, error=RaftError{type=NO_LEADER, message=null}}
02:49:42.751 [raft-server-2] INFO  i.a.protocols.raft.impl.RaftContext - RaftServer{2} - Transitioning to FOLLOWER
02:49:42.751 [raft-server-2] DEBUG i.a.p.raft.roles.CandidateRole - RaftServer{2}{role=CANDIDATE} - Cancelling election
02:49:42.751 [raft-server-2] TRACE i.a.p.r.c.impl.RaftClusterContext - RaftServer{2} - Cancelling join timeout
02:49:42.751 [raft-server-2] DEBUG i.a.p.r.c.impl.RaftClusterContext - RaftServer{2} - Failed to join 3
02:49:42.751 [raft-server-2] DEBUG i.a.p.r.c.impl.RaftClusterContext - RaftServer{2} - Failed to join cluster, retrying...
02:49:42.841 [raft-server-3] TRACE i.a.p.r.c.impl.RaftClusterContext - RaftServer{3} - Cancelling join timeout
02:49:42.841 [raft-server-3] DEBUG i.a.p.r.c.impl.RaftClusterContext - RaftServer{3} - Attempting to join via 1
02:49:42.847 [raft-server-1] TRACE i.a.protocols.raft.roles.LeaderRole - RaftServer{1}{role=LEADER} - Appended Indexed{index=1, entry=InitializeEntry{term=1, timestamp=2018-06-09 02:49:42,750}}
02:49:42.848 [raft-server-1] DEBUG i.a.p.raft.roles.LeaderAppender - RaftServer{1} - Configuring 3
02:49:42.848 [raft-server-1] TRACE i.a.p.raft.roles.LeaderAppender - RaftServer{1} - Sending ConfigureRequest{term=1, leader=1, index=0, timestamp=1528505380524, members=[DefaultRaftMember{id=1, type=ACTIVE, updated=2018-06-09T00:49:40.524Z}, DefaultRaftMember{id=3, type=ACTIVE, updated=2018-06-09T00:49:40.524Z}, DefaultRaftMember{id=2, type=ACTIVE, updated=2018-06-09T00:49:40.524Z}]} to 3
02:49:42.848 [raft-server-1] DEBUG i.a.p.raft.roles.LeaderAppender - RaftServer{1} - Configuring 2
02:49:42.848 [raft-server-1] TRACE i.a.p.raft.roles.LeaderAppender - RaftServer{1} - Sending ConfigureRequest{term=1, leader=1, index=0, timestamp=1528505380524, members=[DefaultRaftMember{id=1, type=ACTIVE, updated=2018-06-09T00:49:40.524Z}, DefaultRaftMember{id=3, type=ACTIVE, updated=2018-06-09T00:49:40.524Z}, DefaultRaftMember{id=2, type=ACTIVE, updated=2018-06-09T00:49:40.524Z}]} to 2
02:49:42.848 [raft-server-3] TRACE i.a.p.raft.roles.FollowerRole - RaftServer{3}{role=FOLLOWER} - Received ConfigureRequest{term=1, leader=1, index=0, timestamp=1528505380524, members=[DefaultRaftMember{id=1, type=ACTIVE, updated=2018-06-09T00:49:40.524Z}, DefaultRaftMember{id=3, type=ACTIVE, updated=2018-06-09T00:49:40.524Z}, DefaultRaftMember{id=2, type=ACTIVE, updated=2018-06-09T00:49:40.524Z}]}
02:49:42.848 [raft-server-3] INFO  i.a.protocols.raft.impl.RaftContext - RaftServer{3} - Found leader 1
02:49:42.848 [raft-server-3] TRACE i.a.p.raft.storage.system.MetaStore - Store vote null
02:49:42.848 [raft-server-2] TRACE i.a.p.raft.roles.FollowerRole - RaftServer{2}{role=FOLLOWER} - Received ConfigureRequest{term=1, leader=1, index=0, timestamp=1528505380524, members=[DefaultRaftMember{id=1, type=ACTIVE, updated=2018-06-09T00:49:40.524Z}, DefaultRaftMember{id=3, type=ACTIVE, updated=2018-06-09T00:49:40.524Z}, DefaultRaftMember{id=2, type=ACTIVE, updated=2018-06-09T00:49:40.524Z}]}
02:49:42.848 [raft-server-1] TRACE i.a.protocols.raft.roles.LeaderRole - RaftServer{1}{role=LEADER} - Starting append timer
02:49:42.848 [raft-server-2] INFO  i.a.protocols.raft.impl.RaftContext - RaftServer{2} - Found leader 1
02:49:42.848 [raft-server-1] TRACE i.a.p.r.c.impl.RaftClusterContext - RaftServer{1} - Cancelling join timeout
02:49:42.848 [raft-server-2] TRACE i.a.p.raft.storage.system.MetaStore - Store vote null
02:49:42.848 [raft-server-1] DEBUG i.a.p.r.c.impl.RaftClusterContext - RaftServer{1} - Failed to join 3
02:49:42.848 [raft-server-1] DEBUG i.a.p.r.c.impl.RaftClusterContext - RaftServer{1} - Attempting to join via 2
02:49:42.848 [raft-server-1] TRACE i.a.protocols.raft.roles.LeaderRole - RaftServer{1}{role=LEADER} - Received JoinRequest{member=DefaultRaftMember{id=3, type=ACTIVE, updated=2018-06-09T00:49:41.282Z}}
02:49:42.848 [raft-server-1] TRACE i.a.protocols.raft.roles.LeaderRole - RaftServer{1}{role=LEADER} - Sending JoinResponse{status=ERROR, error=null}
02:49:42.848 [raft-server-1] TRACE i.a.p.raft.roles.LeaderAppender - RaftServer{1} - Sending AppendRequest{term=1, leader=1, prevLogIndex=0, prevLogTerm=0, entries=0, commitIndex=0} to 3
02:49:42.848 [raft-server-1] TRACE i.a.p.raft.roles.LeaderAppender - RaftServer{1} - Sending AppendRequest{term=1, leader=1, prevLogIndex=0, prevLogTerm=0, entries=0, commitIndex=0} to 2
02:49:42.931 [raft-server-3] TRACE i.a.p.raft.roles.FollowerRole - RaftServer{3}{role=FOLLOWER} - Sending ConfigureResponse{status=OK}
02:49:42.932 [raft-server-3] TRACE i.a.p.r.c.impl.RaftClusterContext - RaftServer{3} - Cancelling join timeout
02:49:42.932 [raft-server-1] TRACE i.a.p.raft.roles.LeaderAppender - RaftServer{1} - Received ConfigureResponse{status=OK} from 3
02:49:42.932 [raft-server-3] DEBUG i.a.p.r.c.impl.RaftClusterContext - RaftServer{3} - Failed to join 1
02:49:42.932 [raft-server-3] TRACE i.a.p.raft.roles.FollowerRole - RaftServer{3}{role=FOLLOWER} - Received AppendRequest{term=1, leader=1, prevLogIndex=0, prevLogTerm=0, entries=0, commitIndex=0}
02:49:42.932 [raft-server-3] TRACE i.a.p.raft.roles.FollowerRole - RaftServer{3}{role=FOLLOWER} - Sending AppendResponse{status=OK, term=1, succeeded=true, lastLogIndex=0}
02:49:42.932 [raft-server-1] TRACE i.a.p.raft.roles.LeaderAppender - RaftServer{1} - Received AppendResponse{status=OK, term=1, succeeded=true, lastLogIndex=0} from 3
02:49:42.932 [raft-server-1] TRACE i.a.p.raft.roles.LeaderAppender - RaftServer{1} - Sending AppendRequest{term=1, leader=1, prevLogIndex=0, prevLogTerm=0, entries=1, commitIndex=0} to 3
02:49:42.932 [raft-server-3] TRACE i.a.p.raft.roles.FollowerRole - RaftServer{3}{role=FOLLOWER} - Received AppendRequest{term=1, leader=1, prevLogIndex=0, prevLogTerm=0, entries=1, commitIndex=0}
02:49:42.932 [raft-server-3] DEBUG i.a.p.raft.roles.FollowerRole - RaftServer{3}{role=FOLLOWER} - Reset first index to 1
02:49:42.932 [raft-server-3] TRACE i.a.p.raft.roles.FollowerRole - RaftServer{3}{role=FOLLOWER} - Appended Indexed{index=1, entry=InitializeEntry{term=1, timestamp=2018-06-09 02:49:42,750}}
02:49:42.933 [raft-server-3] TRACE i.a.p.raft.roles.FollowerRole - RaftServer{3}{role=FOLLOWER} - Sending AppendResponse{status=OK, term=1, succeeded=true, lastLogIndex=1}
02:49:42.933 [raft-server-1] TRACE i.a.p.raft.roles.LeaderAppender - RaftServer{1} - Received AppendResponse{status=OK, term=1, succeeded=true, lastLogIndex=1} from 3
02:49:42.933 [raft-server-1] TRACE i.a.p.raft.roles.LeaderAppender - RaftServer{1} - Committed entries up to 1
02:49:43.027 [raft-server-2] TRACE i.a.p.raft.roles.FollowerRole - RaftServer{2}{role=FOLLOWER} - Sending ConfigureResponse{status=OK}
02:49:43.027 [raft-server-2] TRACE i.a.p.raft.roles.FollowerRole - RaftServer{2}{role=FOLLOWER} - Received JoinRequest{member=DefaultRaftMember{id=1, type=ACTIVE, updated=2018-06-09T00:49:40.524Z}}
02:49:43.027 [raft-server-2] TRACE i.a.p.raft.roles.FollowerRole - RaftServer{2}{role=FOLLOWER} - Received AppendRequest{term=1, leader=1, prevLogIndex=0, prevLogTerm=0, entries=0, commitIndex=0}
02:49:43.027 [raft-server-2] TRACE i.a.p.raft.roles.FollowerRole - RaftServer{2}{role=FOLLOWER} - Sending AppendResponse{status=OK, term=1, succeeded=true, lastLogIndex=0}
02:49:43.090 [raft-server-1] TRACE i.a.p.raft.roles.LeaderAppender - RaftServer{1} - Received ConfigureResponse{status=OK} from 2
02:49:43.090 [raft-server-1] TRACE i.a.protocols.raft.roles.LeaderRole - RaftServer{1}{role=LEADER} - Received JoinRequest{member=DefaultRaftMember{id=1, type=ACTIVE, updated=2018-06-09T00:49:40.524Z}}
02:49:43.090 [raft-server-1] TRACE i.a.protocols.raft.roles.LeaderRole - RaftServer{1}{role=LEADER} - Sending JoinResponse{status=OK, index=0, term=0, timestamp=1528505380524, members=[DefaultRaftMember{id=1, type=ACTIVE, updated=2018-06-09T00:49:40.524Z}, DefaultRaftMember{id=3, type=ACTIVE, updated=2018-06-09T00:49:40.524Z}, DefaultRaftMember{id=2, type=ACTIVE, updated=2018-06-09T00:49:40.524Z}]}
02:49:43.090 [raft-server-1] TRACE i.a.p.raft.roles.LeaderAppender - RaftServer{1} - Received AppendResponse{status=OK, term=1, succeeded=true, lastLogIndex=0} from 2
02:49:43.090 [raft-server-2] TRACE i.a.p.raft.roles.FollowerRole - RaftServer{2}{role=FOLLOWER} - Sending JoinResponse{status=OK, index=0, term=0, timestamp=1528505380524, members=[DefaultRaftMember{id=1, type=ACTIVE, updated=2018-06-09T00:49:40.524Z}, DefaultRaftMember{id=3, type=ACTIVE, updated=2018-06-09T00:49:40.524Z}, DefaultRaftMember{id=2, type=ACTIVE, updated=2018-06-09T00:49:40.524Z}]}
02:49:43.090 [raft-server-1] TRACE i.a.p.raft.roles.LeaderAppender - RaftServer{1} - Sending AppendRequest{term=1, leader=1, prevLogIndex=0, prevLogTerm=0, entries=1, commitIndex=1} to 2
02:49:43.090 [raft-server-2] TRACE i.a.p.raft.roles.FollowerRole - RaftServer{2}{role=FOLLOWER} - Received AppendRequest{term=1, leader=1, prevLogIndex=0, prevLogTerm=0, entries=1, commitIndex=1}
02:49:43.090 [raft-server-1] TRACE i.a.p.r.c.impl.RaftClusterContext - RaftServer{1} - Cancelling join timeout
02:49:43.090 [raft-server-1-state] TRACE i.a.p.raft.impl.RaftServiceManager - RaftServer{1} - Applying Indexed{index=1, entry=InitializeEntry{term=1, timestamp=2018-06-09 02:49:42,750}}
02:49:43.090 [raft-server-2] DEBUG i.a.p.raft.roles.FollowerRole - RaftServer{2}{role=FOLLOWER} - Reset first index to 1
02:49:43.090 [raft-server-1] INFO  i.a.p.r.c.impl.RaftClusterContext - RaftServer{1} - Successfully joined via 2
02:49:43.091 [raft-server-2] TRACE i.a.p.raft.roles.FollowerRole - RaftServer{2}{role=FOLLOWER} - Appended Indexed{index=1, entry=InitializeEntry{term=1, timestamp=2018-06-09 02:49:42,750}}
02:49:43.091 [raft-server-1] INFO  i.a.p.raft.impl.DefaultRaftServer - RaftServer{1} - Server started successfully!
02:49:43.098 [raft-server-1] TRACE i.a.p.raft.roles.LeaderAppender - RaftServer{1} - Sending AppendRequest{term=1, leader=1, prevLogIndex=1, prevLogTerm=1, entries=0, commitIndex=1} to 3
02:49:43.098 [raft-server-3] TRACE i.a.p.raft.roles.FollowerRole - RaftServer{3}{role=FOLLOWER} - Received AppendRequest{term=1, leader=1, prevLogIndex=1, prevLogTerm=1, entries=0, commitIndex=1}
02:49:43.173 [raft-server-2] TRACE i.a.p.raft.roles.FollowerRole - RaftServer{2}{role=FOLLOWER} - Committed entries up to index 1
02:49:43.173 [raft-server-3] TRACE i.a.p.raft.roles.FollowerRole - RaftServer{3}{role=FOLLOWER} - Committed entries up to index 1
02:49:43.173 [raft-server-2] TRACE i.a.p.raft.roles.FollowerRole - RaftServer{2}{role=FOLLOWER} - Sending AppendResponse{status=OK, term=1, succeeded=true, lastLogIndex=1}
02:49:43.173 [raft-server-3] TRACE i.a.p.raft.roles.FollowerRole - RaftServer{3}{role=FOLLOWER} - Sending AppendResponse{status=OK, term=1, succeeded=true, lastLogIndex=1}
02:49:43.173 [raft-server-1] TRACE i.a.p.raft.roles.LeaderAppender - RaftServer{1} - Received AppendResponse{status=OK, term=1, succeeded=true, lastLogIndex=1} from 2
02:49:43.173 [raft-server-2-state] TRACE i.a.p.raft.impl.RaftServiceManager - RaftServer{2} - Applying Indexed{index=1, entry=InitializeEntry{term=1, timestamp=2018-06-09 02:49:42,750}}
02:49:43.173 [raft-server-3-state] TRACE i.a.p.raft.impl.RaftServiceManager - RaftServer{3} - Applying Indexed{index=1, entry=InitializeEntry{term=1, timestamp=2018-06-09 02:49:42,750}}
02:49:43.173 [raft-server-1] TRACE i.a.p.raft.roles.LeaderAppender - RaftServer{1} - Sending AppendRequest{term=1, leader=1, prevLogIndex=1, prevLogTerm=1, entries=0, commitIndex=1} to 2
02:49:43.173 [raft-server-1] TRACE i.a.p.raft.roles.LeaderAppender - RaftServer{1} - Received AppendResponse{status=OK, term=1, succeeded=true, lastLogIndex=1} from 3
02:49:43.173 [raft-server-2] TRACE i.a.p.raft.roles.FollowerRole - RaftServer{2}{role=FOLLOWER} - Received AppendRequest{term=1, leader=1, prevLogIndex=1, prevLogTerm=1, entries=0, commitIndex=1}
02:49:43.173 [raft-server-1] TRACE i.a.p.raft.roles.LeaderAppender - RaftServer{1} - Sending AppendRequest{term=1, leader=1, prevLogIndex=1, prevLogTerm=1, entries=0, commitIndex=1} to 3
02:49:43.174 [raft-server-2] TRACE i.a.p.raft.roles.FollowerRole - RaftServer{2}{role=FOLLOWER} - Sending AppendResponse{status=OK, term=1, succeeded=true, lastLogIndex=1}
02:49:43.174 [raft-server-3] TRACE i.a.p.raft.roles.FollowerRole - RaftServer{3}{role=FOLLOWER} - Received AppendRequest{term=1, leader=1, prevLogIndex=1, prevLogTerm=1, entries=0, commitIndex=1}
02:49:43.174 [raft-server-3] TRACE i.a.p.raft.roles.FollowerRole - RaftServer{3}{role=FOLLOWER} - Sending AppendResponse{status=OK, term=1, succeeded=true, lastLogIndex=1}
02:49:43.174 [raft-server-1] TRACE i.a.p.raft.roles.LeaderAppender - RaftServer{1} - Received AppendResponse{status=OK, term=1, succeeded=true, lastLogIndex=1} from 2
02:49:43.174 [raft-server-1] TRACE i.a.p.raft.roles.LeaderAppender - RaftServer{1} - Received AppendResponse{status=OK, term=1, succeeded=true, lastLogIndex=1} from 3
02:49:43.348 [raft-server-1] TRACE i.a.p.raft.roles.LeaderAppender - RaftServer{1} - Sending AppendRequest{term=1, leader=1, prevLogIndex=1, prevLogTerm=1, entries=0, commitIndex=1} to 3
02:49:43.348 [raft-server-1] TRACE i.a.p.raft.roles.LeaderAppender - RaftServer{1} - Sending AppendRequest{term=1, leader=1, prevLogIndex=1, prevLogTerm=1, entries=0, commitIndex=1} to 2
02:49:43.349 [raft-server-3] TRACE i.a.p.raft.roles.FollowerRole - RaftServer{3}{role=FOLLOWER} - Received AppendRequest{term=1, leader=1, prevLogIndex=1, prevLogTerm=1, entries=0, commitIndex=1}
02:49:43.349 [raft-server-2] TRACE i.a.p.raft.roles.FollowerRole - RaftServer{2}{role=FOLLOWER} - Received AppendRequest{term=1, leader=1, prevLogIndex=1, prevLogTerm=1, entries=0, commitIndex=1}
02:49:43.349 [raft-server-3] TRACE i.a.p.raft.roles.FollowerRole - RaftServer{3}{role=FOLLOWER} - Sending AppendResponse{status=OK, term=1, succeeded=true, lastLogIndex=1}
02:49:43.349 [raft-server-2] TRACE i.a.p.raft.roles.FollowerRole - RaftServer{2}{role=FOLLOWER} - Sending AppendResponse{status=OK, term=1, succeeded=true, lastLogIndex=1}
02:49:43.349 [raft-server-1] TRACE i.a.p.raft.roles.LeaderAppender - RaftServer{1} - Received AppendResponse{status=OK, term=1, succeeded=true, lastLogIndex=1} from 3
02:49:43.349 [raft-server-1] TRACE i.a.p.raft.roles.LeaderAppender - RaftServer{1} - Sending AppendRequest{term=1, leader=1, prevLogIndex=1, prevLogTerm=1, entries=0, commitIndex=1} to 3
02:49:43.349 [raft-server-1] TRACE i.a.p.raft.roles.LeaderAppender - RaftServer{1} - Received AppendResponse{status=OK, term=1, succeeded=true, lastLogIndex=1} from 2
02:49:43.349 [raft-server-3] TRACE i.a.p.raft.roles.FollowerRole - RaftServer{3}{role=FOLLOWER} - Received AppendRequest{term=1, leader=1, prevLogIndex=1, prevLogTerm=1, entries=0, commitIndex=1}
02:49:43.349 [raft-server-3] TRACE i.a.p.raft.roles.FollowerRole - RaftServer{3}{role=FOLLOWER} - Sending AppendResponse{status=OK, term=1, succeeded=true, lastLogIndex=1}
02:49:43.349 [raft-server-1] TRACE i.a.p.raft.roles.LeaderAppender - RaftServer{1} - Sending AppendRequest{term=1, leader=1, prevLogIndex=1, prevLogTerm=1, entries=0, commitIndex=1} to 2
02:49:43.349 [raft-server-1] TRACE i.a.p.raft.roles.LeaderAppender - RaftServer{1} - Received AppendResponse{status=OK, term=1, succeeded=true, lastLogIndex=1} from 3
02:49:43.349 [raft-server-2] TRACE i.a.p.raft.roles.FollowerRole - RaftServer{2}{role=FOLLOWER} - Received AppendRequest{term=1, leader=1, prevLogIndex=1, prevLogTerm=1, entries=0, commitIndex=1}
02:49:43.349 [raft-server-2] TRACE i.a.p.raft.roles.FollowerRole - RaftServer{2}{role=FOLLOWER} - Sending AppendResponse{status=OK, term=1, succeeded=true, lastLogIndex=1}
02:49:43.349 [raft-server-1] TRACE i.a.p.raft.roles.LeaderAppender - RaftServer{1} - Received AppendResponse{status=OK, term=1, succeeded=true, lastLogIndex=1} from 2
02:49:43.598 [raft-server-1] TRACE i.a.p.raft.roles.LeaderAppender - RaftServer{1} - Sending AppendRequest{term=1, leader=1, prevLogIndex=1, prevLogTerm=1, entries=0, commitIndex=1} to 3
02:49:43.598 [raft-server-1] TRACE i.a.p.raft.roles.LeaderAppender - RaftServer{1} - Sending AppendRequest{term=1, leader=1, prevLogIndex=1, prevLogTerm=1, entries=0, commitIndex=1} to 2
02:49:43.598 [raft-server-3] TRACE i.a.p.raft.roles.FollowerRole - RaftServer{3}{role=FOLLOWER} - Received AppendRequest{term=1, leader=1, prevLogIndex=1, prevLogTerm=1, entries=0, commitIndex=1}
02:49:43.598 [raft-server-2] TRACE i.a.p.raft.roles.FollowerRole - RaftServer{2}{role=FOLLOWER} - Received AppendRequest{term=1, leader=1, prevLogIndex=1, prevLogTerm=1, entries=0, commitIndex=1}
02:49:43.598 [raft-server-3] TRACE i.a.p.raft.roles.FollowerRole - RaftServer{3}{role=FOLLOWER} - Sending AppendResponse{status=OK, term=1, succeeded=true, lastLogIndex=1}
02:49:43.599 [raft-server-2] TRACE i.a.p.raft.roles.FollowerRole - RaftServer{2}{role=FOLLOWER} - Sending AppendResponse{status=OK, term=1, succeeded=true, lastLogIndex=1}
02:49:43.599 [raft-server-1] TRACE i.a.p.raft.roles.LeaderAppender - RaftServer{1} - Received AppendResponse{status=OK, term=1, succeeded=true, lastLogIndex=1} from 3
02:49:43.599 [raft-server-1] TRACE i.a.p.raft.roles.LeaderAppender - RaftServer{1} - Sending AppendRequest{term=1, leader=1, prevLogIndex=1, prevLogTerm=1, entries=0, commitIndex=1} to 3
02:49:43.599 [raft-server-1] TRACE i.a.p.raft.roles.LeaderAppender - RaftServer{1} - Received AppendResponse{status=OK, term=1, succeeded=true, lastLogIndex=1} from 2
02:49:43.599 [raft-server-3] TRACE i.a.p.raft.roles.FollowerRole - RaftServer{3}{role=FOLLOWER} - Received AppendRequest{term=1, leader=1, prevLogIndex=1, prevLogTerm=1, entries=0, commitIndex=1}
02:49:43.599 [raft-server-3] TRACE i.a.p.raft.roles.FollowerRole - RaftServer{3}{role=FOLLOWER} - Sending AppendResponse{status=OK, term=1, succeeded=true, lastLogIndex=1}
02:49:43.599 [raft-server-1] TRACE i.a.p.raft.roles.LeaderAppender - RaftServer{1} - Sending AppendRequest{term=1, leader=1, prevLogIndex=1, prevLogTerm=1, entries=0, commitIndex=1} to 2
02:49:43.599 [raft-server-1] TRACE i.a.p.raft.roles.LeaderAppender - RaftServer{1} - Received AppendResponse{status=OK, term=1, succeeded=true, lastLogIndex=1} from 3
02:49:43.599 [raft-server-2] TRACE i.a.p.raft.roles.FollowerRole - RaftServer{2}{role=FOLLOWER} - Received AppendRequest{term=1, leader=1, prevLogIndex=1, prevLogTerm=1, entries=0, commitIndex=1}
02:49:43.599 [raft-server-2] TRACE i.a.p.raft.roles.FollowerRole - RaftServer{2}{role=FOLLOWER} - Sending AppendResponse{status=OK, term=1, succeeded=true, lastLogIndex=1}
02:49:43.599 [raft-server-1] TRACE i.a.p.raft.roles.LeaderAppender - RaftServer{1} - Received AppendResponse{status=OK, term=1, succeeded=true, lastLogIndex=1} from 2
02:49:43.848 [raft-server-1] TRACE i.a.p.raft.roles.LeaderAppender - RaftServer{1} - Sending AppendRequest{term=1, leader=1, prevLogIndex=1, prevLogTerm=1, entries=0, commitIndex=1} to 3
02:49:43.848 [raft-server-1] TRACE i.a.p.raft.roles.LeaderAppender - RaftServer{1} - Sending AppendRequest{term=1, leader=1, prevLogIndex=1, prevLogTerm=1, entries=0, commitIndex=1} to 2
02:49:43.848 [raft-server-3] TRACE i.a.p.raft.roles.FollowerRole - RaftServer{3}{role=FOLLOWER} - Received AppendRequest{term=1, leader=1, prevLogIndex=1, prevLogTerm=1, entries=0, commitIndex=1}
02:49:43.848 [raft-server-2] TRACE i.a.p.raft.roles.FollowerRole - RaftServer{2}{role=FOLLOWER} - Received AppendRequest{term=1, leader=1, prevLogIndex=1, prevLogTerm=1, entries=0, commitIndex=1}
02:49:43.848 [raft-server-3] TRACE i.a.p.raft.roles.FollowerRole - RaftServer{3}{role=FOLLOWER} - Sending AppendResponse{status=OK, term=1, succeeded=true, lastLogIndex=1}
02:49:43.849 [raft-server-2] TRACE i.a.p.raft.roles.FollowerRole - RaftServer{2}{role=FOLLOWER} - Sending AppendResponse{status=OK, term=1, succeeded=true, lastLogIndex=1}
02:49:43.849 [raft-server-1] TRACE i.a.p.raft.roles.LeaderAppender - RaftServer{1} - Received AppendResponse{status=OK, term=1, succeeded=true, lastLogIndex=1} from 3
02:49:43.849 [raft-server-1] TRACE i.a.p.raft.roles.LeaderAppender - RaftServer{1} - Sending AppendRequest{term=1, leader=1, prevLogIndex=1, prevLogTerm=1, entries=0, commitIndex=1} to 3
02:49:43.849 [raft-server-1] TRACE i.a.p.raft.roles.LeaderAppender - RaftServer{1} - Received AppendResponse{status=OK, term=1, succeeded=true, lastLogIndex=1} from 2
02:49:43.849 [raft-server-3] TRACE i.a.p.raft.roles.FollowerRole - RaftServer{3}{role=FOLLOWER} - Received AppendRequest{term=1, leader=1, prevLogIndex=1, prevLogTerm=1, entries=0, commitIndex=1}
02:49:43.849 [raft-server-3] TRACE i.a.p.raft.roles.FollowerRole - RaftServer{3}{role=FOLLOWER} - Sending AppendResponse{status=OK, term=1, succeeded=true, lastLogIndex=1}
02:49:43.849 [raft-server-1] TRACE i.a.p.raft.roles.LeaderAppender - RaftServer{1} - Sending AppendRequest{term=1, leader=1, prevLogIndex=1, prevLogTerm=1, entries=0, commitIndex=1} to 2
02:49:43.849 [raft-server-1] TRACE i.a.p.raft.roles.LeaderAppender - RaftServer{1} - Received AppendResponse{status=OK, term=1, succeeded=true, lastLogIndex=1} from 3
02:49:43.849 [raft-server-2] TRACE i.a.p.raft.roles.FollowerRole - RaftServer{2}{role=FOLLOWER} - Received AppendRequest{term=1, leader=1, prevLogIndex=1, prevLogTerm=1, entries=0, commitIndex=1}
02:49:43.849 [raft-server-2] TRACE i.a.p.raft.roles.FollowerRole - RaftServer{2}{role=FOLLOWER} - Sending AppendResponse{status=OK, term=1, succeeded=true, lastLogIndex=1}
02:49:43.849 [raft-server-1] TRACE i.a.p.raft.roles.LeaderAppender - RaftServer{1} - Received AppendResponse{status=OK, term=1, succeeded=true, lastLogIndex=1} from 2
02:49:44.098 [raft-server-1] TRACE i.a.p.raft.roles.LeaderAppender - RaftServer{1} - Sending AppendRequest{term=1, leader=1, prevLogIndex=1, prevLogTerm=1, entries=0, commitIndex=1} to 3
02:49:44.098 [raft-server-3] TRACE i.a.p.raft.roles.FollowerRole - RaftServer{3}{role=FOLLOWER} - Received AppendRequest{term=1, leader=1, prevLogIndex=1, prevLogTerm=1, entries=0, commitIndex=1}
02:49:44.098 [raft-server-1] TRACE i.a.p.raft.roles.LeaderAppender - RaftServer{1} - Sending AppendRequest{term=1, leader=1, prevLogIndex=1, prevLogTerm=1, entries=0, commitIndex=1} to 2
02:49:44.098 [raft-server-3] TRACE i.a.p.raft.roles.FollowerRole - RaftServer{3}{role=FOLLOWER} - Sending AppendResponse{status=OK, term=1, succeeded=true, lastLogIndex=1}
02:49:44.099 [raft-server-2] TRACE i.a.p.raft.roles.FollowerRole - RaftServer{2}{role=FOLLOWER} - Received AppendRequest{term=1, leader=1, prevLogIndex=1, prevLogTerm=1, entries=0, commitIndex=1}
02:49:44.099 [raft-server-1] TRACE i.a.p.raft.roles.LeaderAppender - RaftServer{1} - Received AppendResponse{status=OK, term=1, succeeded=true, lastLogIndex=1} from 3
02:49:44.099 [raft-server-2] TRACE i.a.p.raft.roles.FollowerRole - RaftServer{2}{role=FOLLOWER} - Sending AppendResponse{status=OK, term=1, succeeded=true, lastLogIndex=1}
02:49:44.099 [raft-server-1] TRACE i.a.p.raft.roles.LeaderAppender - RaftServer{1} - Sending AppendRequest{term=1, leader=1, prevLogIndex=1, prevLogTerm=1, entries=0, commitIndex=1} to 3
02:49:44.099 [raft-server-1] TRACE i.a.p.raft.roles.LeaderAppender - RaftServer{1} - Received AppendResponse{status=OK, term=1, succeeded=true, lastLogIndex=1} from 2
02:49:44.099 [raft-server-3] TRACE i.a.p.raft.roles.FollowerRole - RaftServer{3}{role=FOLLOWER} - Received AppendRequest{term=1, leader=1, prevLogIndex=1, prevLogTerm=1, entries=0, commitIndex=1}
02:49:44.099 [raft-server-3] TRACE i.a.p.raft.roles.FollowerRole - RaftServer{3}{role=FOLLOWER} - Sending AppendResponse{status=OK, term=1, succeeded=true, lastLogIndex=1}
02:49:44.099 [raft-server-1] TRACE i.a.p.raft.roles.LeaderAppender - RaftServer{1} - Sending AppendRequest{term=1, leader=1, prevLogIndex=1, prevLogTerm=1, entries=0, commitIndex=1} to 2
02:49:44.099 [raft-server-1] TRACE i.a.p.raft.roles.LeaderAppender - RaftServer{1} - Received AppendResponse{status=OK, term=1, succeeded=true, lastLogIndex=1} from 3
02:49:44.099 [raft-server-2] TRACE i.a.p.raft.roles.FollowerRole - RaftServer{2}{role=FOLLOWER} - Received AppendRequest{term=1, leader=1, prevLogIndex=1, prevLogTerm=1, entries=0, commitIndex=1}
02:49:44.099 [raft-server-2] TRACE i.a.p.raft.roles.FollowerRole - RaftServer{2}{role=FOLLOWER} - Sending AppendResponse{status=OK, term=1, succeeded=true, lastLogIndex=1}
02:49:44.099 [raft-server-1] TRACE i.a.p.raft.roles.LeaderAppender - RaftServer{1} - Received AppendResponse{status=OK, term=1, succeeded=true, lastLogIndex=1} from 2
02:49:44.251 [raft-server-2] TRACE i.a.p.r.c.impl.RaftClusterContext - RaftServer{2} - Cancelling join timeout
02:49:44.251 [raft-server-2] DEBUG i.a.p.r.c.impl.RaftClusterContext - RaftServer{2} - Attempting to join via 1
02:49:44.252 [raft-server-1] TRACE i.a.protocols.raft.roles.LeaderRole - RaftServer{1}{role=LEADER} - Received JoinRequest{member=DefaultRaftMember{id=2, type=ACTIVE, updated=2018-06-09T00:49:40.916Z}}
02:49:44.252 [raft-server-1] TRACE i.a.protocols.raft.roles.LeaderRole - RaftServer{1}{role=LEADER} - Sending JoinResponse{status=OK, index=0, term=0, timestamp=1528505380524, members=[DefaultRaftMember{id=1, type=ACTIVE, updated=2018-06-09T00:49:40.524Z}, DefaultRaftMember{id=3, type=ACTIVE, updated=2018-06-09T00:49:40.524Z}, DefaultRaftMember{id=2, type=ACTIVE, updated=2018-06-09T00:49:40.524Z}]}
02:49:44.252 [raft-server-2] TRACE i.a.p.r.c.impl.RaftClusterContext - RaftServer{2} - Cancelling join timeout
02:49:44.252 [raft-server-2] INFO  i.a.p.r.c.impl.RaftClusterContext - RaftServer{2} - Successfully joined via 1
02:49:44.252 [raft-server-2] INFO  i.a.p.raft.impl.DefaultRaftServer - RaftServer{2} - Server started successfully!
02:49:44.348 [raft-server-1] TRACE i.a.p.raft.roles.LeaderAppender - RaftServer{1} - Sending AppendRequest{term=1, leader=1, prevLogIndex=1, prevLogTerm=1, entries=0, commitIndex=1} to 3
02:49:44.348 [raft-server-1] TRACE i.a.p.raft.roles.LeaderAppender - RaftServer{1} - Sending AppendRequest{term=1, leader=1, prevLogIndex=1, prevLogTerm=1, entries=0, commitIndex=1} to 2
02:49:44.348 [raft-server-3] TRACE i.a.p.raft.roles.FollowerRole - RaftServer{3}{role=FOLLOWER} - Received AppendRequest{term=1, leader=1, prevLogIndex=1, prevLogTerm=1, entries=0, commitIndex=1}
02:49:44.348 [raft-server-3] TRACE i.a.p.raft.roles.FollowerRole - RaftServer{3}{role=FOLLOWER} - Sending AppendResponse{status=OK, term=1, succeeded=true, lastLogIndex=1}
02:49:44.348 [raft-server-2] TRACE i.a.p.raft.roles.FollowerRole - RaftServer{2}{role=FOLLOWER} - Received AppendRequest{term=1, leader=1, prevLogIndex=1, prevLogTerm=1, entries=0, commitIndex=1}
02:49:44.349 [raft-server-1] TRACE i.a.p.raft.roles.LeaderAppender - RaftServer{1} - Received AppendResponse{status=OK, term=1, succeeded=true, lastLogIndex=1} from 3
02:49:44.349 [raft-server-2] TRACE i.a.p.raft.roles.FollowerRole - RaftServer{2}{role=FOLLOWER} - Sending AppendResponse{status=OK, term=1, succeeded=true, lastLogIndex=1}
02:49:44.349 [raft-server-1] TRACE i.a.p.raft.roles.LeaderAppender - RaftServer{1} - Sending AppendRequest{term=1, leader=1, prevLogIndex=1, prevLogTerm=1, entries=0, commitIndex=1} to 3
02:49:44.349 [raft-server-1] TRACE i.a.p.raft.roles.LeaderAppender - RaftServer{1} - Received AppendResponse{status=OK, term=1, succeeded=true, lastLogIndex=1} from 2
02:49:44.349 [raft-server-1] TRACE i.a.p.raft.roles.LeaderAppender - RaftServer{1} - Sending AppendRequest{term=1, leader=1, prevLogIndex=1, prevLogTerm=1, entries=0, commitIndex=1} to 2
02:49:44.349 [raft-server-3] TRACE i.a.p.raft.roles.FollowerRole - RaftServer{3}{role=FOLLOWER} - Received AppendRequest{term=1, leader=1, prevLogIndex=1, prevLogTerm=1, entries=0, commitIndex=1}
02:49:44.349 [raft-server-2] TRACE i.a.p.raft.roles.FollowerRole - RaftServer{2}{role=FOLLOWER} - Received AppendRequest{term=1, leader=1, prevLogIndex=1, prevLogTerm=1, entries=0, commitIndex=1}
02:49:44.349 [raft-server-3] TRACE i.a.p.raft.roles.FollowerRole - RaftServer{3}{role=FOLLOWER} - Sending AppendResponse{status=OK, term=1, succeeded=true, lastLogIndex=1}
02:49:44.349 [raft-server-2] TRACE i.a.p.raft.roles.FollowerRole - RaftServer{2}{role=FOLLOWER} - Sending AppendResponse{status=OK, term=1, succeeded=true, lastLogIndex=1}
02:49:44.349 [raft-server-1] TRACE i.a.p.raft.roles.LeaderAppender - RaftServer{1} - Received AppendResponse{status=OK, term=1, succeeded=true, lastLogIndex=1} from 3
02:49:44.349 [raft-server-1] TRACE i.a.p.raft.roles.LeaderAppender - RaftServer{1} - Received AppendResponse{status=OK, term=1, succeeded=true, lastLogIndex=1} from 2
02:49:44.432 [raft-server-3] TRACE i.a.p.r.c.impl.RaftClusterContext - RaftServer{3} - Cancelling join timeout
02:49:44.432 [raft-server-3] DEBUG i.a.p.r.c.impl.RaftClusterContext - RaftServer{3} - Attempting to join via 1
02:49:44.432 [raft-server-1] TRACE i.a.protocols.raft.roles.LeaderRole - RaftServer{1}{role=LEADER} - Received JoinRequest{member=DefaultRaftMember{id=3, type=ACTIVE, updated=2018-06-09T00:49:41.282Z}}
02:49:44.432 [raft-server-1] TRACE i.a.protocols.raft.roles.LeaderRole - RaftServer{1}{role=LEADER} - Sending JoinResponse{status=OK, index=0, term=0, timestamp=1528505380524, members=[DefaultRaftMember{id=1, type=ACTIVE, updated=2018-06-09T00:49:40.524Z}, DefaultRaftMember{id=3, type=ACTIVE, updated=2018-06-09T00:49:40.524Z}, DefaultRaftMember{id=2, type=ACTIVE, updated=2018-06-09T00:49:40.524Z}]}
02:49:44.432 [raft-server-3] TRACE i.a.p.r.c.impl.RaftClusterContext - RaftServer{3} - Cancelling join timeout
02:49:44.432 [raft-server-3] INFO  i.a.p.r.c.impl.RaftClusterContext - RaftServer{3} - Successfully joined via 1
02:49:44.433 [raft-server-3] INFO  i.a.p.raft.impl.DefaultRaftServer - RaftServer{3} - Server started successfully!
02:49:44.434 [main] DEBUG i.a.p.c.impl.RecoveringSessionClient - SessionClient{86eccf48-f731-4463-9ff4-1338804a1578} - Opening proxy session
02:49:44.434 [main] DEBUG i.a.p.r.proxy.impl.RaftProxyManager - RaftClient{86eccf48-f731-4463-9ff4-1338804a1578} - Opening session; name: raft-test, type: io.atomix.protocols.raft.RaftTest$TestPrimitiveType@35bfa1bb
02:49:44.434 [main] TRACE i.a.utils.serializer.KryoNamespace - Creating Kryo instance for KryoNamespace{registeredBlocks=[RegistrationBlock{begin=16, types=[([Ljava.lang.Class;@6b321262,null), ([Ljava.lang.Class;@68b11545,null), ([Ljava.lang.Class;@7d0100ea,null), ([Ljava.lang.Class;@357bc488,null), ([Ljava.lang.Class;@4ea17147,io.atomix.utils.serializer.serializers.ImmutableListSerializer@2eda4eeb), ([Ljava.lang.Class;@5ba90d8a,io.atomix.utils.serializer.serializers.ImmutableSetSerializer@309dcdf3), ([Ljava.lang.Class;@7573b9ee,io.atomix.utils.serializer.serializers.ImmutableMapSerializer@9a20cbd), ([Ljava.lang.Class;@1af4955e,null), ([Ljava.lang.Class;@445821a6,null), ([Ljava.lang.Class;@2c0c4c0a,null), ([Ljava.lang.Class;@35d26ad2,null), ([Ljava.lang.Class;@bb25753,null), ([Ljava.lang.Class;@ee21292,null), ([Ljava.lang.Class;@40c06358,null), ([Ljava.lang.Class;@66e21568,null), ([Ljava.lang.Class;@7f73ce28,null), ([Ljava.lang.Class;@611b35d6,null), ([Ljava.lang.Class;@2282400e,null), ([Ljava.lang.Class;@543d5863,null), ([Ljava.lang.Class;@35dece42,null), ([Ljava.lang.Class;@dd3f8aa,io.atomix.utils.serializer.serializers.ArraysAsListSerializer@3d615b2e), ([Ljava.lang.Class;@3a1f2a1,null), ([Ljava.lang.Class;@40ce9049,null), ([Ljava.lang.Class;@52ca2652,null), ([Ljava.lang.Class;@65c5bf0e,null), ([Ljava.lang.Class;@697d6ded,null), ([Ljava.lang.Class;@5d05f453,null), ([Ljava.lang.Class;@5efeb117,null), ([Ljava.lang.Class;@160b4809,null), ([Ljava.lang.Class;@149b4d20,null), ([Ljava.lang.Class;@664e848c,null), ([Ljava.lang.Class;@4d93f75b,null), ([Ljava.lang.Class;@114a5e0,null), ([Ljava.lang.Class;@4f281aaf,null), ([Ljava.lang.Class;@5d508d22,null), ([Ljava.lang.Class;@f2b90fc,null)]}, RegistrationBlock{begin=52, types=[([Ljava.lang.Class;@acb5508,null)]}]}
02:49:44.434 [main] TRACE i.a.utils.serializer.KryoNamespace - class [B registered as 16
02:49:44.434 [main] TRACE i.a.utils.serializer.KryoNamespace - class java.util.concurrent.atomic.AtomicBoolean registered as 17
02:49:44.434 [main] TRACE i.a.utils.serializer.KryoNamespace - class java.util.concurrent.atomic.AtomicInteger registered as 18
02:49:44.434 [main] TRACE i.a.utils.serializer.KryoNamespace - class java.util.concurrent.atomic.AtomicLong registered as 19
02:49:44.434 [main] TRACE i.a.utils.serializer.KryoNamespace - class com.google.common.collect.ImmutableList registered as 20
02:49:44.434 [main] TRACE i.a.utils.serializer.KryoNamespace - class com.google.common.collect.RegularImmutableList registered as 20
02:49:44.434 [main] TRACE i.a.utils.serializer.KryoNamespace - class com.google.common.collect.RegularImmutableList registered as 20
02:49:44.434 [main] TRACE i.a.utils.serializer.KryoNamespace - class com.google.common.collect.ImmutableList$SubList registered as 20
02:49:44.434 [main] TRACE i.a.utils.serializer.KryoNamespace - class com.google.common.collect.ImmutableSet registered as 21
02:49:44.434 [main] TRACE i.a.utils.serializer.KryoNamespace - class com.google.common.collect.RegularImmutableSet registered as 21
02:49:44.434 [main] TRACE i.a.utils.serializer.KryoNamespace - class com.google.common.collect.SingletonImmutableSet registered as 21
02:49:44.434 [main] TRACE i.a.utils.serializer.KryoNamespace - class com.google.common.collect.RegularImmutableSet registered as 21
02:49:44.434 [main] TRACE i.a.utils.serializer.KryoNamespace - class com.google.common.collect.ImmutableMap registered as 22
02:49:44.434 [main] TRACE i.a.utils.serializer.KryoNamespace - class com.google.common.collect.RegularImmutableMap registered as 22
02:49:44.434 [main] TRACE i.a.utils.serializer.KryoNamespace - class com.google.common.collect.RegularImmutableMap registered as 22
02:49:44.434 [main] TRACE i.a.utils.serializer.KryoNamespace - class com.google.common.collect.RegularImmutableMap registered as 22
02:49:44.434 [main] TRACE i.a.utils.serializer.KryoNamespace - class java.util.Collections$UnmodifiableSet registered as 23
02:49:44.434 [main] TRACE i.a.utils.serializer.KryoNamespace - class java.util.HashMap registered as 24
02:49:44.434 [main] TRACE i.a.utils.serializer.KryoNamespace - class java.util.concurrent.ConcurrentHashMap registered as 25
02:49:44.434 [main] TRACE i.a.utils.serializer.KryoNamespace - class java.util.concurrent.CopyOnWriteArraySet registered as 26
02:49:44.435 [main] TRACE i.a.utils.serializer.KryoNamespace - class java.util.ArrayList registered as 27
02:49:44.435 [main] TRACE i.a.utils.serializer.KryoNamespace - class java.util.LinkedList registered as 28
02:49:44.435 [main] TRACE i.a.utils.serializer.KryoNamespace - class java.util.HashSet registered as 29
02:49:44.435 [main] TRACE i.a.utils.serializer.KryoNamespace - class java.util.LinkedHashSet registered as 30
02:49:44.435 [main] TRACE i.a.utils.serializer.KryoNamespace - class com.sun.jmx.remote.internal.ArrayQueue registered as 31
02:49:44.435 [main] TRACE i.a.utils.serializer.KryoNamespace - class java.util.ArrayDeque registered as 32
02:49:44.435 [main] TRACE i.a.utils.serializer.KryoNamespace - class com.google.common.collect.HashMultiset registered as 33
02:49:44.435 [main] TRACE i.a.utils.serializer.KryoNamespace - class com.google.common.collect.Sets registered as 34
02:49:44.435 [main] TRACE i.a.utils.serializer.KryoNamespace - class com.google.common.collect.ImmutableEntry registered as 35
02:49:44.435 [main] TRACE i.a.utils.serializer.KryoNamespace - class java.util.Arrays$ArrayList registered as 36
02:49:44.435 [main] TRACE i.a.utils.serializer.KryoNamespace - class java.util.Collections$SingletonList registered as 37
02:49:44.435 [main] TRACE i.a.utils.serializer.KryoNamespace - class java.time.Duration registered as 38
02:49:44.435 [main] TRACE i.a.utils.serializer.KryoNamespace - class java.util.Collections$EmptySet registered as 39
02:49:44.435 [main] TRACE i.a.utils.serializer.KryoNamespace - class java.util.Optional registered as 40
02:49:44.435 [main] TRACE i.a.utils.serializer.KryoNamespace - class java.util.Collections$EmptyList registered as 41
02:49:44.435 [main] TRACE i.a.utils.serializer.KryoNamespace - class java.util.Collections$SingletonSet registered as 42
02:49:44.435 [main] TRACE i.a.utils.serializer.KryoNamespace - class [I registered as 43
02:49:44.435 [main] TRACE i.a.utils.serializer.KryoNamespace - class [J registered as 44
02:49:44.435 [main] TRACE i.a.utils.serializer.KryoNamespace - class [S registered as 45
02:49:44.435 [main] TRACE i.a.utils.serializer.KryoNamespace - class [D registered as 46
02:49:44.435 [main] TRACE i.a.utils.serializer.KryoNamespace - class [F registered as 47
02:49:44.435 [main] TRACE i.a.utils.serializer.KryoNamespace - class [C registered as 48
02:49:44.435 [main] TRACE i.a.utils.serializer.KryoNamespace - class [Ljava.lang.String; registered as 49
02:49:44.435 [main] TRACE i.a.utils.serializer.KryoNamespace - class [Z registered as 50
02:49:44.435 [main] TRACE i.a.utils.serializer.KryoNamespace - class [Ljava.lang.Object; registered as 51
02:49:44.435 [main] TRACE i.a.utils.serializer.KryoNamespace - class io.atomix.primitive.service.ServiceConfig registered as 52
02:49:44.436 [raft-client-86eccf48-f731-4463-9ff4-1338804a1578-0] TRACE i.a.p.r.p.impl.RaftProxyConnection - RaftClient{86eccf48-f731-4463-9ff4-1338804a1578} - Sending OpenSessionRequest{node=4, serviceName=raft-test, serviceType=raft-test, readConsistency=LINEARIZABLE, minTimeout=250, maxTimeout=5000} to 3
02:49:44.436 [raft-server-3] TRACE i.a.p.raft.roles.FollowerRole - RaftServer{3}{role=FOLLOWER} - Received OpenSessionRequest{node=4, serviceName=raft-test, serviceType=raft-test, readConsistency=LINEARIZABLE, minTimeout=250, maxTimeout=5000}
02:49:44.436 [raft-server-1] TRACE i.a.protocols.raft.roles.LeaderRole - RaftServer{1}{role=LEADER} - Received OpenSessionRequest{node=4, serviceName=raft-test, serviceType=raft-test, readConsistency=LINEARIZABLE, minTimeout=250, maxTimeout=5000}
02:49:44.436 [raft-server-1] TRACE i.a.protocols.raft.roles.LeaderRole - RaftServer{1}{role=LEADER} - Appended Indexed{index=2, entry=OpenSessionEntry{term=1, timestamp=2018-06-09 02:49:44,436, node=4, serviceName=raft-test, serviceType=raft-test, serviceConfig=byte[]{length=2, hash=2636}, readConsistency=LINEARIZABLE, minTimeout=250, maxTimeout=5000}}
02:49:44.436 [raft-server-1] TRACE i.a.p.raft.roles.LeaderAppender - RaftServer{1} - Sending AppendRequest{term=1, leader=1, prevLogIndex=1, prevLogTerm=1, entries=1, commitIndex=1} to 3
02:49:44.436 [raft-server-3] TRACE i.a.p.raft.roles.FollowerRole - RaftServer{3}{role=FOLLOWER} - Received AppendRequest{term=1, leader=1, prevLogIndex=1, prevLogTerm=1, entries=1, commitIndex=1}
02:49:44.436 [raft-server-1] TRACE i.a.p.raft.roles.LeaderAppender - RaftServer{1} - Sending AppendRequest{term=1, leader=1, prevLogIndex=1, prevLogTerm=1, entries=1, commitIndex=1} to 2
02:49:44.436 [raft-server-2] TRACE i.a.p.raft.roles.FollowerRole - RaftServer{2}{role=FOLLOWER} - Received AppendRequest{term=1, leader=1, prevLogIndex=1, prevLogTerm=1, entries=1, commitIndex=1}
02:49:44.436 [raft-server-3] TRACE i.a.p.raft.roles.FollowerRole - RaftServer{3}{role=FOLLOWER} - Appended Indexed{index=2, entry=OpenSessionEntry{term=1, timestamp=2018-06-09 02:49:44,436, node=4, serviceName=raft-test, serviceType=raft-test, serviceConfig=byte[]{length=2, hash=2636}, readConsistency=LINEARIZABLE, minTimeout=250, maxTimeout=5000}}
02:49:44.436 [raft-server-3] TRACE i.a.p.raft.roles.FollowerRole - RaftServer{3}{role=FOLLOWER} - Sending AppendResponse{status=OK, term=1, succeeded=true, lastLogIndex=2}
02:49:44.436 [raft-server-1] TRACE i.a.p.raft.roles.LeaderAppender - RaftServer{1} - Received AppendResponse{status=OK, term=1, succeeded=true, lastLogIndex=2} from 3
02:49:44.436 [raft-server-1] TRACE i.a.p.raft.roles.LeaderAppender - RaftServer{1} - Committed entries up to 2
02:49:44.436 [raft-server-2] TRACE i.a.p.raft.roles.FollowerRole - RaftServer{2}{role=FOLLOWER} - Appended Indexed{index=2, entry=OpenSessionEntry{term=1, timestamp=2018-06-09 02:49:44,436, node=4, serviceName=raft-test, serviceType=raft-test, serviceConfig=byte[]{length=2, hash=2636}, readConsistency=LINEARIZABLE, minTimeout=250, maxTimeout=5000}}
02:49:44.436 [raft-server-2] TRACE i.a.p.raft.roles.FollowerRole - RaftServer{2}{role=FOLLOWER} - Sending AppendResponse{status=OK, term=1, succeeded=true, lastLogIndex=2}
02:49:44.548 [raft-server-1] TRACE i.a.p.raft.roles.LeaderAppender - RaftServer{1} - Received AppendResponse{status=OK, term=1, succeeded=true, lastLogIndex=2} from 2
02:49:44.549 [raft-server-1-state] TRACE i.a.p.raft.impl.RaftServiceManager - RaftServer{1} - Applying Indexed{index=2, entry=OpenSessionEntry{term=1, timestamp=2018-06-09 02:49:44,436, node=4, serviceName=raft-test, serviceType=raft-test, serviceConfig=byte[]{length=2, hash=2636}, readConsistency=LINEARIZABLE, minTimeout=250, maxTimeout=5000}}
02:49:44.549 [raft-server-1-state] TRACE i.a.utils.serializer.KryoNamespace - Creating Kryo instance for KryoNamespace{registeredBlocks=[RegistrationBlock{begin=16, types=[([Ljava.lang.Class;@6b321262,null), ([Ljava.lang.Class;@68b11545,null), ([Ljava.lang.Class;@7d0100ea,null), ([Ljava.lang.Class;@357bc488,null), ([Ljava.lang.Class;@4ea17147,io.atomix.utils.serializer.serializers.ImmutableListSerializer@2eda4eeb), ([Ljava.lang.Class;@5ba90d8a,io.atomix.utils.serializer.serializers.ImmutableSetSerializer@309dcdf3), ([Ljava.lang.Class;@7573b9ee,io.atomix.utils.serializer.serializers.ImmutableMapSerializer@9a20cbd), ([Ljava.lang.Class;@1af4955e,null), ([Ljava.lang.Class;@445821a6,null), ([Ljava.lang.Class;@2c0c4c0a,null), ([Ljava.lang.Class;@35d26ad2,null), ([Ljava.lang.Class;@bb25753,null), ([Ljava.lang.Class;@ee21292,null), ([Ljava.lang.Class;@40c06358,null), ([Ljava.lang.Class;@66e21568,null), ([Ljava.lang.Class;@7f73ce28,null), ([Ljava.lang.Class;@611b35d6,null), ([Ljava.lang.Class;@2282400e,null), ([Ljava.lang.Class;@543d5863,null), ([Ljava.lang.Class;@35dece42,null), ([Ljava.lang.Class;@dd3f8aa,io.atomix.utils.serializer.serializers.ArraysAsListSerializer@3d615b2e), ([Ljava.lang.Class;@3a1f2a1,null), ([Ljava.lang.Class;@40ce9049,null), ([Ljava.lang.Class;@52ca2652,null), ([Ljava.lang.Class;@65c5bf0e,null), ([Ljava.lang.Class;@697d6ded,null), ([Ljava.lang.Class;@5d05f453,null), ([Ljava.lang.Class;@5efeb117,null), ([Ljava.lang.Class;@160b4809,null), ([Ljava.lang.Class;@149b4d20,null), ([Ljava.lang.Class;@664e848c,null), ([Ljava.lang.Class;@4d93f75b,null), ([Ljava.lang.Class;@114a5e0,null), ([Ljava.lang.Class;@4f281aaf,null), ([Ljava.lang.Class;@5d508d22,null), ([Ljava.lang.Class;@f2b90fc,null)]}, RegistrationBlock{begin=52, types=[([Ljava.lang.Class;@4d257e08,null)]}]}
02:49:44.549 [raft-server-1-state] TRACE i.a.utils.serializer.KryoNamespace - class [B registered as 16
02:49:44.549 [raft-server-1-state] TRACE i.a.utils.serializer.KryoNamespace - class java.util.concurrent.atomic.AtomicBoolean registered as 17
02:49:44.549 [raft-server-1-state] TRACE i.a.utils.serializer.KryoNamespace - class java.util.concurrent.atomic.AtomicInteger registered as 18
02:49:44.549 [raft-server-1-state] TRACE i.a.utils.serializer.KryoNamespace - class java.util.concurrent.atomic.AtomicLong registered as 19
02:49:44.549 [raft-server-1-state] TRACE i.a.utils.serializer.KryoNamespace - class com.google.common.collect.ImmutableList registered as 20
02:49:44.549 [raft-server-1-state] TRACE i.a.utils.serializer.KryoNamespace - class com.google.common.collect.RegularImmutableList registered as 20
02:49:44.549 [raft-server-1-state] TRACE i.a.utils.serializer.KryoNamespace - class com.google.common.collect.RegularImmutableList registered as 20
02:49:44.549 [raft-server-1-state] TRACE i.a.utils.serializer.KryoNamespace - class com.google.common.collect.ImmutableList$SubList registered as 20
02:49:44.549 [raft-server-1-state] TRACE i.a.utils.serializer.KryoNamespace - class com.google.common.collect.ImmutableSet registered as 21
02:49:44.549 [raft-server-1-state] TRACE i.a.utils.serializer.KryoNamespace - class com.google.common.collect.RegularImmutableSet registered as 21
02:49:44.549 [raft-server-1-state] TRACE i.a.utils.serializer.KryoNamespace - class com.google.common.collect.SingletonImmutableSet registered as 21
02:49:44.549 [raft-server-1-state] TRACE i.a.utils.serializer.KryoNamespace - class com.google.common.collect.RegularImmutableSet registered as 21
02:49:44.549 [raft-server-1-state] TRACE i.a.utils.serializer.KryoNamespace - class com.google.common.collect.ImmutableMap registered as 22
02:49:44.549 [raft-server-1-state] TRACE i.a.utils.serializer.KryoNamespace - class com.google.common.collect.RegularImmutableMap registered as 22
02:49:44.549 [raft-server-1-state] TRACE i.a.utils.serializer.KryoNamespace - class com.google.common.collect.RegularImmutableMap registered as 22
02:49:44.549 [raft-server-1-state] TRACE i.a.utils.serializer.KryoNamespace - class com.google.common.collect.RegularImmutableMap registered as 22
02:49:44.549 [raft-server-1-state] TRACE i.a.utils.serializer.KryoNamespace - class java.util.Collections$UnmodifiableSet registered as 23
02:49:44.549 [raft-server-1-state] TRACE i.a.utils.serializer.KryoNamespace - class java.util.HashMap registered as 24
02:49:44.549 [raft-server-1-state] TRACE i.a.utils.serializer.KryoNamespace - class java.util.concurrent.ConcurrentHashMap registered as 25
02:49:44.549 [raft-server-1-state] TRACE i.a.utils.serializer.KryoNamespace - class java.util.concurrent.CopyOnWriteArraySet registered as 26
02:49:44.550 [raft-server-1-state] TRACE i.a.utils.serializer.KryoNamespace - class java.util.ArrayList registered as 27
02:49:44.550 [raft-server-1-state] TRACE i.a.utils.serializer.KryoNamespace - class java.util.LinkedList registered as 28
02:49:44.550 [raft-server-1-state] TRACE i.a.utils.serializer.KryoNamespace - class java.util.HashSet registered as 29
02:49:44.550 [raft-server-1-state] TRACE i.a.utils.serializer.KryoNamespace - class java.util.LinkedHashSet registered as 30
02:49:44.550 [raft-server-1-state] TRACE i.a.utils.serializer.KryoNamespace - class com.sun.jmx.remote.internal.ArrayQueue registered as 31
02:49:44.550 [raft-server-1-state] TRACE i.a.utils.serializer.KryoNamespace - class java.util.ArrayDeque registered as 32
02:49:44.550 [raft-server-1-state] TRACE i.a.utils.serializer.KryoNamespace - class com.google.common.collect.HashMultiset registered as 33
02:49:44.550 [raft-server-1-state] TRACE i.a.utils.serializer.KryoNamespace - class com.google.common.collect.Sets registered as 34
02:49:44.550 [raft-server-1-state] TRACE i.a.utils.serializer.KryoNamespace - class com.google.common.collect.ImmutableEntry registered as 35
02:49:44.550 [raft-server-1-state] TRACE i.a.utils.serializer.KryoNamespace - class java.util.Arrays$ArrayList registered as 36
02:49:44.550 [raft-server-1-state] TRACE i.a.utils.serializer.KryoNamespace - class java.util.Collections$SingletonList registered as 37
02:49:44.550 [raft-server-1-state] TRACE i.a.utils.serializer.KryoNamespace - class java.time.Duration registered as 38
02:49:44.550 [raft-server-1-state] TRACE i.a.utils.serializer.KryoNamespace - class java.util.Collections$EmptySet registered as 39
02:49:44.550 [raft-server-1-state] TRACE i.a.utils.serializer.KryoNamespace - class java.util.Optional registered as 40
02:49:44.550 [raft-server-1-state] TRACE i.a.utils.serializer.KryoNamespace - class java.util.Collections$EmptyList registered as 41
02:49:44.550 [raft-server-1-state] TRACE i.a.utils.serializer.KryoNamespace - class java.util.Collections$SingletonSet registered as 42
02:49:44.550 [raft-server-1-state] TRACE i.a.utils.serializer.KryoNamespace - class [I registered as 43
02:49:44.550 [raft-server-1-state] TRACE i.a.utils.serializer.KryoNamespace - class [J registered as 44
02:49:44.550 [raft-server-1-state] TRACE i.a.utils.serializer.KryoNamespace - class [S registered as 45
02:49:44.550 [raft-server-1-state] TRACE i.a.utils.serializer.KryoNamespace - class [D registered as 46
02:49:44.550 [raft-server-1-state] TRACE i.a.utils.serializer.KryoNamespace - class [F registered as 47
02:49:44.550 [raft-server-1-state] TRACE i.a.utils.serializer.KryoNamespace - class [C registered as 48
02:49:44.550 [raft-server-1-state] TRACE i.a.utils.serializer.KryoNamespace - class [Ljava.lang.String; registered as 49
02:49:44.550 [raft-server-1-state] TRACE i.a.utils.serializer.KryoNamespace - class [Z registered as 50
02:49:44.550 [raft-server-1-state] TRACE i.a.utils.serializer.KryoNamespace - class [Ljava.lang.Object; registered as 51
02:49:44.550 [raft-server-1-state] TRACE i.a.utils.serializer.KryoNamespace - class io.atomix.primitive.service.ServiceConfig registered as 52
02:49:44.551 [raft-server-1-state] TRACE i.a.utils.serializer.KryoNamespace - Creating Kryo instance for KryoNamespace{registeredBlocks=[RegistrationBlock{begin=16, types=[([Ljava.lang.Class;@6b321262,null), ([Ljava.lang.Class;@68b11545,null), ([Ljava.lang.Class;@7d0100ea,null), ([Ljava.lang.Class;@357bc488,null), ([Ljava.lang.Class;@4ea17147,io.atomix.utils.serializer.serializers.ImmutableListSerializer@2eda4eeb), ([Ljava.lang.Class;@5ba90d8a,io.atomix.utils.serializer.serializers.ImmutableSetSerializer@309dcdf3), ([Ljava.lang.Class;@7573b9ee,io.atomix.utils.serializer.serializers.ImmutableMapSerializer@9a20cbd), ([Ljava.lang.Class;@1af4955e,null), ([Ljava.lang.Class;@445821a6,null), ([Ljava.lang.Class;@2c0c4c0a,null), ([Ljava.lang.Class;@35d26ad2,null), ([Ljava.lang.Class;@bb25753,null), ([Ljava.lang.Class;@ee21292,null), ([Ljava.lang.Class;@40c06358,null), ([Ljava.lang.Class;@66e21568,null), ([Ljava.lang.Class;@7f73ce28,null), ([Ljava.lang.Class;@611b35d6,null), ([Ljava.lang.Class;@2282400e,null), ([Ljava.lang.Class;@543d5863,null), ([Ljava.lang.Class;@35dece42,null), ([Ljava.lang.Class;@dd3f8aa,io.atomix.utils.serializer.serializers.ArraysAsListSerializer@3d615b2e), ([Ljava.lang.Class;@3a1f2a1,null), ([Ljava.lang.Class;@40ce9049,null), ([Ljava.lang.Class;@52ca2652,null), ([Ljava.lang.Class;@65c5bf0e,null), ([Ljava.lang.Class;@697d6ded,null), ([Ljava.lang.Class;@5d05f453,null), ([Ljava.lang.Class;@5efeb117,null), ([Ljava.lang.Class;@160b4809,null), ([Ljava.lang.Class;@149b4d20,null), ([Ljava.lang.Class;@664e848c,null), ([Ljava.lang.Class;@4d93f75b,null), ([Ljava.lang.Class;@114a5e0,null), ([Ljava.lang.Class;@4f281aaf,null), ([Ljava.lang.Class;@5d508d22,null), ([Ljava.lang.Class;@f2b90fc,null)]}, RegistrationBlock{begin=52, types=[([Ljava.lang.Class;@43e289dc,null)]}]}
02:49:44.551 [raft-server-1-state] TRACE i.a.utils.serializer.KryoNamespace - class [B registered as 16
02:49:44.551 [raft-server-1-state] TRACE i.a.utils.serializer.KryoNamespace - class java.util.concurrent.atomic.AtomicBoolean registered as 17
02:49:44.551 [raft-server-1-state] TRACE i.a.utils.serializer.KryoNamespace - class java.util.concurrent.atomic.AtomicInteger registered as 18
02:49:44.551 [raft-server-1-state] TRACE i.a.utils.serializer.KryoNamespace - class java.util.concurrent.atomic.AtomicLong registered as 19
02:49:44.551 [raft-server-1-state] TRACE i.a.utils.serializer.KryoNamespace - class com.google.common.collect.ImmutableList registered as 20
02:49:44.551 [raft-server-1-state] TRACE i.a.utils.serializer.KryoNamespace - class com.google.common.collect.RegularImmutableList registered as 20
02:49:44.551 [raft-server-1-state] TRACE i.a.utils.serializer.KryoNamespace - class com.google.common.collect.RegularImmutableList registered as 20
02:49:44.551 [raft-server-1-state] TRACE i.a.utils.serializer.KryoNamespace - class com.google.common.collect.ImmutableList$SubList registered as 20
02:49:44.551 [raft-server-1-state] TRACE i.a.utils.serializer.KryoNamespace - class com.google.common.collect.ImmutableSet registered as 21
02:49:44.551 [raft-server-1-state] TRACE i.a.utils.serializer.KryoNamespace - class com.google.common.collect.RegularImmutableSet registered as 21
02:49:44.551 [raft-server-1-state] TRACE i.a.utils.serializer.KryoNamespace - class com.google.common.collect.SingletonImmutableSet registered as 21
02:49:44.551 [raft-server-1-state] TRACE i.a.utils.serializer.KryoNamespace - class com.google.common.collect.RegularImmutableSet registered as 21
02:49:44.551 [raft-server-1-state] TRACE i.a.utils.serializer.KryoNamespace - class com.google.common.collect.ImmutableMap registered as 22
02:49:44.551 [raft-server-1-state] TRACE i.a.utils.serializer.KryoNamespace - class com.google.common.collect.RegularImmutableMap registered as 22
02:49:44.551 [raft-server-1-state] TRACE i.a.utils.serializer.KryoNamespace - class com.google.common.collect.RegularImmutableMap registered as 22
02:49:44.551 [raft-server-1-state] TRACE i.a.utils.serializer.KryoNamespace - class com.google.common.collect.RegularImmutableMap registered as 22
02:49:44.551 [raft-server-1-state] TRACE i.a.utils.serializer.KryoNamespace - class java.util.Collections$UnmodifiableSet registered as 23
02:49:44.551 [raft-server-1-state] TRACE i.a.utils.serializer.KryoNamespace - class java.util.HashMap registered as 24
02:49:44.551 [raft-server-1-state] TRACE i.a.utils.serializer.KryoNamespace - class java.util.concurrent.ConcurrentHashMap registered as 25
02:49:44.551 [raft-server-1-state] TRACE i.a.utils.serializer.KryoNamespace - class java.util.concurrent.CopyOnWriteArraySet registered as 26
02:49:44.551 [raft-server-1-state] TRACE i.a.utils.serializer.KryoNamespace - class java.util.ArrayList registered as 27
02:49:44.551 [raft-server-1-state] TRACE i.a.utils.serializer.KryoNamespace - class java.util.LinkedList registered as 28
02:49:44.551 [raft-server-1-state] TRACE i.a.utils.serializer.KryoNamespace - class java.util.HashSet registered as 29
02:49:44.551 [raft-server-1-state] TRACE i.a.utils.serializer.KryoNamespace - class java.util.LinkedHashSet registered as 30
02:49:44.551 [raft-server-1-state] TRACE i.a.utils.serializer.KryoNamespace - class com.sun.jmx.remote.internal.ArrayQueue registered as 31
02:49:44.551 [raft-server-1-state] TRACE i.a.utils.serializer.KryoNamespace - class java.util.ArrayDeque registered as 32
02:49:44.551 [raft-server-1-state] TRACE i.a.utils.serializer.KryoNamespace - class com.google.common.collect.HashMultiset registered as 33
02:49:44.551 [raft-server-1-state] TRACE i.a.utils.serializer.KryoNamespace - class com.google.common.collect.Sets registered as 34
02:49:44.551 [raft-server-1-state] TRACE i.a.utils.serializer.KryoNamespace - class com.google.common.collect.ImmutableEntry registered as 35
02:49:44.551 [raft-server-1-state] TRACE i.a.utils.serializer.KryoNamespace - class java.util.Arrays$ArrayList registered as 36
02:49:44.552 [raft-server-1-state] TRACE i.a.utils.serializer.KryoNamespace - class java.util.Collections$SingletonList registered as 37
02:49:44.552 [raft-server-1-state] TRACE i.a.utils.serializer.KryoNamespace - class java.time.Duration registered as 38
02:49:44.552 [raft-server-1-state] TRACE i.a.utils.serializer.KryoNamespace - class java.util.Collections$EmptySet registered as 39
02:49:44.552 [raft-server-1-state] TRACE i.a.utils.serializer.KryoNamespace - class java.util.Optional registered as 40
02:49:44.552 [raft-server-1-state] TRACE i.a.utils.serializer.KryoNamespace - class java.util.Collections$EmptyList registered as 41
02:49:44.552 [raft-server-1-state] TRACE i.a.utils.serializer.KryoNamespace - class java.util.Collections$SingletonSet registered as 42
02:49:44.552 [raft-server-1-state] TRACE i.a.utils.serializer.KryoNamespace - class [I registered as 43
02:49:44.552 [raft-server-1-state] TRACE i.a.utils.serializer.KryoNamespace - class [J registered as 44
02:49:44.552 [raft-server-1-state] TRACE i.a.utils.serializer.KryoNamespace - class [S registered as 45
02:49:44.552 [raft-server-1-state] TRACE i.a.utils.serializer.KryoNamespace - class [D registered as 46
02:49:44.552 [raft-server-1-state] TRACE i.a.utils.serializer.KryoNamespace - class [F registered as 47
02:49:44.552 [raft-server-1-state] TRACE i.a.utils.serializer.KryoNamespace - class [C registered as 48
02:49:44.552 [raft-server-1-state] TRACE i.a.utils.serializer.KryoNamespace - class [Ljava.lang.String; registered as 49
02:49:44.552 [raft-server-1-state] TRACE i.a.utils.serializer.KryoNamespace - class [Z registered as 50
02:49:44.552 [raft-server-1-state] TRACE i.a.utils.serializer.KryoNamespace - class [Ljava.lang.Object; registered as 51
02:49:44.552 [raft-server-1-state] TRACE i.a.utils.serializer.KryoNamespace - class io.atomix.primitive.service.ServiceConfig registered as 52
02:49:44.552 [raft-server-1-state] TRACE i.a.utils.serializer.KryoNamespace - Creating Kryo instance for KryoNamespace{registeredBlocks=[RegistrationBlock{begin=16, types=[([Ljava.lang.Class;@6b321262,null), ([Ljava.lang.Class;@68b11545,null), ([Ljava.lang.Class;@7d0100ea,null), ([Ljava.lang.Class;@357bc488,null), ([Ljava.lang.Class;@4ea17147,io.atomix.utils.serializer.serializers.ImmutableListSerializer@2eda4eeb), ([Ljava.lang.Class;@5ba90d8a,io.atomix.utils.serializer.serializers.ImmutableSetSerializer@309dcdf3), ([Ljava.lang.Class;@7573b9ee,io.atomix.utils.serializer.serializers.ImmutableMapSerializer@9a20cbd), ([Ljava.lang.Class;@1af4955e,null), ([Ljava.lang.Class;@445821a6,null), ([Ljava.lang.Class;@2c0c4c0a,null), ([Ljava.lang.Class;@35d26ad2,null), ([Ljava.lang.Class;@bb25753,null), ([Ljava.lang.Class;@ee21292,null), ([Ljava.lang.Class;@40c06358,null), ([Ljava.lang.Class;@66e21568,null), ([Ljava.lang.Class;@7f73ce28,null), ([Ljava.lang.Class;@611b35d6,null), ([Ljava.lang.Class;@2282400e,null), ([Ljava.lang.Class;@543d5863,null), ([Ljava.lang.Class;@35dece42,null), ([Ljava.lang.Class;@dd3f8aa,io.atomix.utils.serializer.serializers.ArraysAsListSerializer@3d615b2e), ([Ljava.lang.Class;@3a1f2a1,null), ([Ljava.lang.Class;@40ce9049,null), ([Ljava.lang.Class;@52ca2652,null), ([Ljava.lang.Class;@65c5bf0e,null), ([Ljava.lang.Class;@697d6ded,null), ([Ljava.lang.Class;@5d05f453,null), ([Ljava.lang.Class;@5efeb117,null), ([Ljava.lang.Class;@160b4809,null), ([Ljava.lang.Class;@149b4d20,null), ([Ljava.lang.Class;@664e848c,null), ([Ljava.lang.Class;@4d93f75b,null), ([Ljava.lang.Class;@114a5e0,null), ([Ljava.lang.Class;@4f281aaf,null), ([Ljava.lang.Class;@5d508d22,null), ([Ljava.lang.Class;@f2b90fc,null)]}, RegistrationBlock{begin=52, types=[([Ljava.lang.Class;@47dd1578,null)]}]}
02:49:44.552 [raft-server-1-state] TRACE i.a.utils.serializer.KryoNamespace - class [B registered as 16
02:49:44.552 [raft-server-1-state] TRACE i.a.utils.serializer.KryoNamespace - class java.util.concurrent.atomic.AtomicBoolean registered as 17
02:49:44.552 [raft-server-1-state] TRACE i.a.utils.serializer.KryoNamespace - class java.util.concurrent.atomic.AtomicInteger registered as 18
02:49:44.552 [raft-server-1-state] TRACE i.a.utils.serializer.KryoNamespace - class java.util.concurrent.atomic.AtomicLong registered as 19
02:49:44.552 [raft-server-1-state] TRACE i.a.utils.serializer.KryoNamespace - class com.google.common.collect.ImmutableList registered as 20
02:49:44.552 [raft-server-1-state] TRACE i.a.utils.serializer.KryoNamespace - class com.google.common.collect.RegularImmutableList registered as 20
02:49:44.552 [raft-server-1-state] TRACE i.a.utils.serializer.KryoNamespace - class com.google.common.collect.RegularImmutableList registered as 20
02:49:44.552 [raft-server-1-state] TRACE i.a.utils.serializer.KryoNamespace - class com.google.common.collect.ImmutableList$SubList registered as 20
02:49:44.552 [raft-server-1-state] TRACE i.a.utils.serializer.KryoNamespace - class com.google.common.collect.ImmutableSet registered as 21
02:49:44.552 [raft-server-1-state] TRACE i.a.utils.serializer.KryoNamespace - class com.google.common.collect.RegularImmutableSet registered as 21
02:49:44.552 [raft-server-1-state] TRACE i.a.utils.serializer.KryoNamespace - class com.google.common.collect.SingletonImmutableSet registered as 21
02:49:44.552 [raft-server-1-state] TRACE i.a.utils.serializer.KryoNamespace - class com.google.common.collect.RegularImmutableSet registered as 21
02:49:44.552 [raft-server-1-state] TRACE i.a.utils.serializer.KryoNamespace - class com.google.common.collect.ImmutableMap registered as 22
02:49:44.552 [raft-server-1-state] TRACE i.a.utils.serializer.KryoNamespace - class com.google.common.collect.RegularImmutableMap registered as 22
02:49:44.553 [raft-server-1-state] TRACE i.a.utils.serializer.KryoNamespace - class com.google.common.collect.RegularImmutableMap registered as 22
02:49:44.553 [raft-server-1-state] TRACE i.a.utils.serializer.KryoNamespace - class com.google.common.collect.RegularImmutableMap registered as 22
02:49:44.553 [raft-server-1-state] TRACE i.a.utils.serializer.KryoNamespace - class java.util.Collections$UnmodifiableSet registered as 23
02:49:44.553 [raft-server-1-state] TRACE i.a.utils.serializer.KryoNamespace - class java.util.HashMap registered as 24
02:49:44.553 [raft-server-1-state] TRACE i.a.utils.serializer.KryoNamespace - class java.util.concurrent.ConcurrentHashMap registered as 25
02:49:44.553 [raft-server-1-state] TRACE i.a.utils.serializer.KryoNamespace - class java.util.concurrent.CopyOnWriteArraySet registered as 26
02:49:44.553 [raft-server-1-state] TRACE i.a.utils.serializer.KryoNamespace - class java.util.ArrayList registered as 27
02:49:44.553 [raft-server-1-state] TRACE i.a.utils.serializer.KryoNamespace - class java.util.LinkedList registered as 28
02:49:44.553 [raft-server-1-state] TRACE i.a.utils.serializer.KryoNamespace - class java.util.HashSet registered as 29
02:49:44.553 [raft-server-1-state] TRACE i.a.utils.serializer.KryoNamespace - class java.util.LinkedHashSet registered as 30
02:49:44.553 [raft-server-1-state] TRACE i.a.utils.serializer.KryoNamespace - class com.sun.jmx.remote.internal.ArrayQueue registered as 31
02:49:44.553 [raft-server-1-state] TRACE i.a.utils.serializer.KryoNamespace - class java.util.ArrayDeque registered as 32
02:49:44.553 [raft-server-1-state] TRACE i.a.utils.serializer.KryoNamespace - class com.google.common.collect.HashMultiset registered as 33
02:49:44.553 [raft-server-1-state] TRACE i.a.utils.serializer.KryoNamespace - class com.google.common.collect.Sets registered as 34
02:49:44.553 [raft-server-1-state] TRACE i.a.utils.serializer.KryoNamespace - class com.google.common.collect.ImmutableEntry registered as 35
02:49:44.553 [raft-server-1-state] TRACE i.a.utils.serializer.KryoNamespace - class java.util.Arrays$ArrayList registered as 36
02:49:44.553 [raft-server-1-state] TRACE i.a.utils.serializer.KryoNamespace - class java.util.Collections$SingletonList registered as 37
02:49:44.553 [raft-server-1-state] TRACE i.a.utils.serializer.KryoNamespace - class java.time.Duration registered as 38
02:49:44.553 [raft-server-1-state] TRACE i.a.utils.serializer.KryoNamespace - class java.util.Collections$EmptySet registered as 39
02:49:44.553 [raft-server-1-state] TRACE i.a.utils.serializer.KryoNamespace - class java.util.Optional registered as 40
02:49:44.553 [raft-server-1-state] TRACE i.a.utils.serializer.KryoNamespace - class java.util.Collections$EmptyList registered as 41
02:49:44.553 [raft-server-1-state] TRACE i.a.utils.serializer.KryoNamespace - class java.util.Collections$SingletonSet registered as 42
02:49:44.554 [raft-server-1-state] TRACE i.a.utils.serializer.KryoNamespace - class [I registered as 43
02:49:44.554 [raft-server-1-state] TRACE i.a.utils.serializer.KryoNamespace - class [J registered as 44
02:49:44.554 [raft-server-1-state] TRACE i.a.utils.serializer.KryoNamespace - class [S registered as 45
02:49:44.554 [raft-server-1-state] TRACE i.a.utils.serializer.KryoNamespace - class [D registered as 46
02:49:44.554 [raft-server-1-state] TRACE i.a.utils.serializer.KryoNamespace - class [F registered as 47
02:49:44.554 [raft-server-1-state] TRACE i.a.utils.serializer.KryoNamespace - class [C registered as 48
02:49:44.554 [raft-server-1-state] TRACE i.a.utils.serializer.KryoNamespace - class [Ljava.lang.String; registered as 49
02:49:44.554 [raft-server-1-state] TRACE i.a.utils.serializer.KryoNamespace - class [Z registered as 50
02:49:44.554 [raft-server-1-state] TRACE i.a.utils.serializer.KryoNamespace - class [Ljava.lang.Object; registered as 51
02:49:44.554 [raft-server-1-state] TRACE i.a.utils.serializer.KryoNamespace - class io.atomix.primitive.service.ServiceConfig registered as 52
02:49:44.554 [raft-server-1-state] DEBUG i.a.p.s.impl.DefaultServiceExecutor - PrimitiveService{2}{type=io.atomix.protocols.raft.RaftTest$TestPrimitiveType@2df83e7, name=raft-test} - Registered operation callback DefaultOperationId{id=sendEvent, type=COMMAND}
02:49:44.554 [raft-server-1-state] DEBUG i.a.p.s.impl.DefaultServiceExecutor - PrimitiveService{2}{type=io.atomix.protocols.raft.RaftTest$TestPrimitiveType@2df83e7, name=raft-test} - Registered operation callback DefaultOperationId{id=onClose, type=COMMAND}
02:49:44.554 [raft-server-1-state] DEBUG i.a.p.s.impl.DefaultServiceExecutor - PrimitiveService{2}{type=io.atomix.protocols.raft.RaftTest$TestPrimitiveType@2df83e7, name=raft-test} - Registered operation callback DefaultOperationId{id=read, type=QUERY}
02:49:44.554 [raft-server-1-state] DEBUG i.a.p.s.impl.DefaultServiceExecutor - PrimitiveService{2}{type=io.atomix.protocols.raft.RaftTest$TestPrimitiveType@2df83e7, name=raft-test} - Registered operation callback DefaultOperationId{id=onExpire, type=COMMAND}
02:49:44.554 [raft-server-1-state] DEBUG i.a.p.s.impl.DefaultServiceExecutor - PrimitiveService{2}{type=io.atomix.protocols.raft.RaftTest$TestPrimitiveType@2df83e7, name=raft-test} - Registered operation callback DefaultOperationId{id=write, type=COMMAND}
02:49:44.554 [raft-server-1-state] TRACE i.a.utils.serializer.KryoNamespace - Creating Kryo instance for KryoNamespace{registeredBlocks=[RegistrationBlock{begin=16, types=[([Ljava.lang.Class;@6b321262,null), ([Ljava.lang.Class;@68b11545,null), ([Ljava.lang.Class;@7d0100ea,null), ([Ljava.lang.Class;@357bc488,null), ([Ljava.lang.Class;@4ea17147,io.atomix.utils.serializer.serializers.ImmutableListSerializer@2eda4eeb), ([Ljava.lang.Class;@5ba90d8a,io.atomix.utils.serializer.serializers.ImmutableSetSerializer@309dcdf3), ([Ljava.lang.Class;@7573b9ee,io.atomix.utils.serializer.serializers.ImmutableMapSerializer@9a20cbd), ([Ljava.lang.Class;@1af4955e,null), ([Ljava.lang.Class;@445821a6,null), ([Ljava.lang.Class;@2c0c4c0a,null), ([Ljava.lang.Class;@35d26ad2,null), ([Ljava.lang.Class;@bb25753,null), ([Ljava.lang.Class;@ee21292,null), ([Ljava.lang.Class;@40c06358,null), ([Ljava.lang.Class;@66e21568,null), ([Ljava.lang.Class;@7f73ce28,null), ([Ljava.lang.Class;@611b35d6,null), ([Ljava.lang.Class;@2282400e,null), ([Ljava.lang.Class;@543d5863,null), ([Ljava.lang.Class;@35dece42,null), ([Ljava.lang.Class;@dd3f8aa,io.atomix.utils.serializer.serializers.ArraysAsListSerializer@3d615b2e), ([Ljava.lang.Class;@3a1f2a1,null), ([Ljava.lang.Class;@40ce9049,null), ([Ljava.lang.Class;@52ca2652,null), ([Ljava.lang.Class;@65c5bf0e,null), ([Ljava.lang.Class;@697d6ded,null), ([Ljava.lang.Class;@5d05f453,null), ([Ljava.lang.Class;@5efeb117,null), ([Ljava.lang.Class;@160b4809,null), ([Ljava.lang.Class;@149b4d20,null), ([Ljava.lang.Class;@664e848c,null), ([Ljava.lang.Class;@4d93f75b,null), ([Ljava.lang.Class;@114a5e0,null), ([Ljava.lang.Class;@4f281aaf,null), ([Ljava.lang.Class;@5d508d22,null), ([Ljava.lang.Class;@f2b90fc,null)]}, RegistrationBlock{begin=52, types=[([Ljava.lang.Class;@646c788a,null)]}]}
02:49:44.555 [raft-server-1-state] TRACE i.a.utils.serializer.KryoNamespace - class [B registered as 16
02:49:44.555 [raft-server-1-state] TRACE i.a.utils.serializer.KryoNamespace - class java.util.concurrent.atomic.AtomicBoolean registered as 17
02:49:44.555 [raft-server-1-state] TRACE i.a.utils.serializer.KryoNamespace - class java.util.concurrent.atomic.AtomicInteger registered as 18
02:49:44.555 [raft-server-1-state] TRACE i.a.utils.serializer.KryoNamespace - class java.util.concurrent.atomic.AtomicLong registered as 19
02:49:44.555 [raft-server-1-state] TRACE i.a.utils.serializer.KryoNamespace - class com.google.common.collect.ImmutableList registered as 20
02:49:44.555 [raft-server-1-state] TRACE i.a.utils.serializer.KryoNamespace - class com.google.common.collect.RegularImmutableList registered as 20
02:49:44.555 [raft-server-1-state] TRACE i.a.utils.serializer.KryoNamespace - class com.google.common.collect.RegularImmutableList registered as 20
02:49:44.555 [raft-server-1-state] TRACE i.a.utils.serializer.KryoNamespace - class com.google.common.collect.ImmutableList$SubList registered as 20
02:49:44.555 [raft-server-1-state] TRACE i.a.utils.serializer.KryoNamespace - class com.google.common.collect.ImmutableSet registered as 21
02:49:44.555 [raft-server-1-state] TRACE i.a.utils.serializer.KryoNamespace - class com.google.common.collect.RegularImmutableSet registered as 21
02:49:44.555 [raft-server-1-state] TRACE i.a.utils.serializer.KryoNamespace - class com.google.common.collect.SingletonImmutableSet registered as 21
02:49:44.555 [raft-server-1-state] TRACE i.a.utils.serializer.KryoNamespace - class com.google.common.collect.RegularImmutableSet registered as 21
02:49:44.555 [raft-server-1-state] TRACE i.a.utils.serializer.KryoNamespace - class com.google.common.collect.ImmutableMap registered as 22
02:49:44.555 [raft-server-1-state] TRACE i.a.utils.serializer.KryoNamespace - class com.google.common.collect.RegularImmutableMap registered as 22
02:49:44.555 [raft-server-1-state] TRACE i.a.utils.serializer.KryoNamespace - class com.google.common.collect.RegularImmutableMap registered as 22
02:49:44.555 [raft-server-1-state] TRACE i.a.utils.serializer.KryoNamespace - class com.google.common.collect.RegularImmutableMap registered as 22
02:49:44.555 [raft-server-1-state] TRACE i.a.utils.serializer.KryoNamespace - class java.util.Collections$UnmodifiableSet registered as 23
02:49:44.555 [raft-server-1-state] TRACE i.a.utils.serializer.KryoNamespace - class java.util.HashMap registered as 24
02:49:44.555 [raft-server-1-state] TRACE i.a.utils.serializer.KryoNamespace - class java.util.concurrent.ConcurrentHashMap registered as 25
02:49:44.555 [raft-server-1-state] TRACE i.a.utils.serializer.KryoNamespace - class java.util.concurrent.CopyOnWriteArraySet registered as 26
02:49:44.555 [raft-server-1-state] TRACE i.a.utils.serializer.KryoNamespace - class java.util.ArrayList registered as 27
02:49:44.555 [raft-server-1-state] TRACE i.a.utils.serializer.KryoNamespace - class java.util.LinkedList registered as 28
02:49:44.556 [raft-server-1-state] TRACE i.a.utils.serializer.KryoNamespace - class java.util.HashSet registered as 29
02:49:44.556 [raft-server-1-state] TRACE i.a.utils.serializer.KryoNamespace - class java.util.LinkedHashSet registered as 30
02:49:44.556 [raft-server-1-state] TRACE i.a.utils.serializer.KryoNamespace - class com.sun.jmx.remote.internal.ArrayQueue registered as 31
02:49:44.556 [raft-server-1-state] TRACE i.a.utils.serializer.KryoNamespace - class java.util.ArrayDeque registered as 32
02:49:44.556 [raft-server-1-state] TRACE i.a.utils.serializer.KryoNamespace - class com.google.common.collect.HashMultiset registered as 33
02:49:44.556 [raft-server-1-state] TRACE i.a.utils.serializer.KryoNamespace - class com.google.common.collect.Sets registered as 34
02:49:44.556 [raft-server-1-state] TRACE i.a.utils.serializer.KryoNamespace - class com.google.common.collect.ImmutableEntry registered as 35
02:49:44.556 [raft-server-1-state] TRACE i.a.utils.serializer.KryoNamespace - class java.util.Arrays$ArrayList registered as 36
02:49:44.556 [raft-server-1-state] TRACE i.a.utils.serializer.KryoNamespace - class java.util.Collections$SingletonList registered as 37
02:49:44.556 [raft-server-1-state] TRACE i.a.utils.serializer.KryoNamespace - class java.time.Duration registered as 38
02:49:44.556 [raft-server-1-state] TRACE i.a.utils.serializer.KryoNamespace - class java.util.Collections$EmptySet registered as 39
02:49:44.556 [raft-server-1-state] TRACE i.a.utils.serializer.KryoNamespace - class java.util.Optional registered as 40
02:49:44.556 [raft-server-1-state] TRACE i.a.utils.serializer.KryoNamespace - class java.util.Collections$EmptyList registered as 41
02:49:44.556 [raft-server-1-state] TRACE i.a.utils.serializer.KryoNamespace - class java.util.Collections$SingletonSet registered as 42
02:49:44.556 [raft-server-1-state] TRACE i.a.utils.serializer.KryoNamespace - class [I registered as 43
02:49:44.556 [raft-server-1-state] TRACE i.a.utils.serializer.KryoNamespace - class [J registered as 44
02:49:44.556 [raft-server-1-state] TRACE i.a.utils.serializer.KryoNamespace - class [S registered as 45
02:49:44.557 [raft-server-1-state] TRACE i.a.utils.serializer.KryoNamespace - class [D registered as 46
02:49:44.557 [raft-server-1-state] TRACE i.a.utils.serializer.KryoNamespace - class [F registered as 47
02:49:44.557 [raft-server-1-state] TRACE i.a.utils.serializer.KryoNamespace - class [C registered as 48
02:49:44.557 [raft-server-1-state] TRACE i.a.utils.serializer.KryoNamespace - class [Ljava.lang.String; registered as 49
02:49:44.557 [raft-server-1-state] TRACE i.a.utils.serializer.KryoNamespace - class [Z registered as 50
02:49:44.557 [raft-server-1-state] TRACE i.a.utils.serializer.KryoNamespace - class [Ljava.lang.Object; registered as 51
02:49:44.557 [raft-server-1-state] TRACE i.a.utils.serializer.KryoNamespace - class io.atomix.primitive.service.ServiceConfig registered as 52
02:49:44.557 [raft-server-1-state] DEBUG i.a.p.r.service.RaftServiceContext - PrimitiveService{2}{type=io.atomix.protocols.raft.RaftTest$TestPrimitiveType@2df83e7, name=raft-test} - Opening session 2
02:49:44.557 [raft-server-1-state] DEBUG i.a.p.raft.session.RaftSession - Session{2}{type=io.atomix.protocols.raft.RaftTest$TestPrimitiveType@2df83e7, name=raft-test} - State changed: OPEN
02:49:44.557 [raft-server-1-state] TRACE i.a.protocols.raft.roles.LeaderRole - RaftServer{1}{role=LEADER} - Sending OpenSessionResponse{status=OK, session=2, timeout=5000}
02:49:44.557 [raft-server-3] TRACE i.a.p.raft.roles.FollowerRole - RaftServer{3}{role=FOLLOWER} - Sending OpenSessionResponse{status=OK, session=2, timeout=5000}
02:49:44.557 [raft-client-86eccf48-f731-4463-9ff4-1338804a1578-1] TRACE i.a.p.r.p.impl.RaftProxyConnection - RaftClient{86eccf48-f731-4463-9ff4-1338804a1578} - Received OpenSessionResponse{status=OK, session=2, timeout=5000} from 3
02:49:44.558 [raft-client-86eccf48-f731-4463-9ff4-1338804a1578-0] TRACE i.a.p.r.proxy.impl.RaftProxyManager - RaftClient{86eccf48-f731-4463-9ff4-1338804a1578} - Keeping 1 sessions alive
02:49:44.558 [raft-client-86eccf48-f731-4463-9ff4-1338804a1578-2] TRACE i.a.p.r.p.impl.RaftProxyConnection - RaftClient{86eccf48-f731-4463-9ff4-1338804a1578} - Sending KeepAliveRequest{sessionIds=long[]{length=1, hash=33}, commandSequences=long[]{length=1, hash=31}, eventIndexes=long[]{length=1, hash=33}} to 3
02:49:44.559 [raft-client-86eccf48-f731-4463-9ff4-1338804a1578-0] DEBUG i.a.p.c.impl.RecoveringSessionClient - SessionClient{2}{type=io.atomix.protocols.raft.RaftTest$TestPrimitiveType@35bfa1bb, name=raft-test} - State changed: CONNECTED
02:49:44.559 [raft-server-3] TRACE i.a.p.raft.roles.FollowerRole - RaftServer{3}{role=FOLLOWER} - Received KeepAliveRequest{sessionIds=long[]{length=1, hash=33}, commandSequences=long[]{length=1, hash=31}, eventIndexes=long[]{length=1, hash=33}}
02:49:44.559 [raft-server-1] TRACE i.a.protocols.raft.roles.LeaderRole - RaftServer{1}{role=LEADER} - Received KeepAliveRequest{sessionIds=long[]{length=1, hash=33}, commandSequences=long[]{length=1, hash=31}, eventIndexes=long[]{length=1, hash=33}}
02:49:44.559 [main] TRACE i.a.utils.serializer.KryoNamespace - Creating Kryo instance for KryoNamespace{registeredBlocks=[RegistrationBlock{begin=16, types=[([Ljava.lang.Class;@6b321262,null), ([Ljava.lang.Class;@68b11545,null), ([Ljava.lang.Class;@7d0100ea,null), ([Ljava.lang.Class;@357bc488,null), ([Ljava.lang.Class;@4ea17147,io.atomix.utils.serializer.serializers.ImmutableListSerializer@2eda4eeb), ([Ljava.lang.Class;@5ba90d8a,io.atomix.utils.serializer.serializers.ImmutableSetSerializer@309dcdf3), ([Ljava.lang.Class;@7573b9ee,io.atomix.utils.serializer.serializers.ImmutableMapSerializer@9a20cbd), ([Ljava.lang.Class;@1af4955e,null), ([Ljava.lang.Class;@445821a6,null), ([Ljava.lang.Class;@2c0c4c0a,null), ([Ljava.lang.Class;@35d26ad2,null), ([Ljava.lang.Class;@bb25753,null), ([Ljava.lang.Class;@ee21292,null), ([Ljava.lang.Class;@40c06358,null), ([Ljava.lang.Class;@66e21568,null), ([Ljava.lang.Class;@7f73ce28,null), ([Ljava.lang.Class;@611b35d6,null), ([Ljava.lang.Class;@2282400e,null), ([Ljava.lang.Class;@543d5863,null), ([Ljava.lang.Class;@35dece42,null), ([Ljava.lang.Class;@dd3f8aa,io.atomix.utils.serializer.serializers.ArraysAsListSerializer@3d615b2e), ([Ljava.lang.Class;@3a1f2a1,null), ([Ljava.lang.Class;@40ce9049,null), ([Ljava.lang.Class;@52ca2652,null), ([Ljava.lang.Class;@65c5bf0e,null), ([Ljava.lang.Class;@697d6ded,null), ([Ljava.lang.Class;@5d05f453,null), ([Ljava.lang.Class;@5efeb117,null), ([Ljava.lang.Class;@160b4809,null), ([Ljava.lang.Class;@149b4d20,null), ([Ljava.lang.Class;@664e848c,null), ([Ljava.lang.Class;@4d93f75b,null), ([Ljava.lang.Class;@114a5e0,null), ([Ljava.lang.Class;@4f281aaf,null), ([Ljava.lang.Class;@5d508d22,null), ([Ljava.lang.Class;@f2b90fc,null)]}, RegistrationBlock{begin=52, types=[([Ljava.lang.Class;@e972ee1,null)]}]}
02:49:44.559 [raft-server-1] TRACE i.a.protocols.raft.roles.LeaderRole - RaftServer{1}{role=LEADER} - Appended Indexed{index=3, entry=KeepAliveEntry{term=1, timestamp=2018-06-09 02:49:44,559, sessionIds=long[]{length=1, hash=33}, commandSequences=long[]{length=1, hash=31}, eventIndexes=long[]{length=1, hash=33}}}
02:49:44.559 [main] TRACE i.a.utils.serializer.KryoNamespace - class [B registered as 16
02:49:44.559 [raft-server-1] TRACE i.a.p.raft.roles.LeaderAppender - RaftServer{1} - Sending AppendRequest{term=1, leader=1, prevLogIndex=2, prevLogTerm=1, entries=1, commitIndex=2} to 3
02:49:44.559 [main] TRACE i.a.utils.serializer.KryoNamespace - class java.util.concurrent.atomic.AtomicBoolean registered as 17
02:49:44.559 [raft-server-3] TRACE i.a.p.raft.roles.FollowerRole - RaftServer{3}{role=FOLLOWER} - Received AppendRequest{term=1, leader=1, prevLogIndex=2, prevLogTerm=1, entries=1, commitIndex=2}
02:49:44.559 [raft-server-1] TRACE i.a.p.raft.roles.LeaderAppender - RaftServer{1} - Sending AppendRequest{term=1, leader=1, prevLogIndex=2, prevLogTerm=1, entries=1, commitIndex=2} to 2
02:49:44.559 [main] TRACE i.a.utils.serializer.KryoNamespace - class java.util.concurrent.atomic.AtomicInteger registered as 18
02:49:44.560 [raft-server-2] TRACE i.a.p.raft.roles.FollowerRole - RaftServer{2}{role=FOLLOWER} - Received AppendRequest{term=1, leader=1, prevLogIndex=2, prevLogTerm=1, entries=1, commitIndex=2}
02:49:44.560 [raft-server-3] TRACE i.a.p.raft.roles.FollowerRole - RaftServer{3}{role=FOLLOWER} - Appended Indexed{index=3, entry=KeepAliveEntry{term=1, timestamp=2018-06-09 02:49:44,559, sessionIds=long[]{length=1, hash=33}, commandSequences=long[]{length=1, hash=31}, eventIndexes=long[]{length=1, hash=33}}}
02:49:44.560 [main] TRACE i.a.utils.serializer.KryoNamespace - class java.util.concurrent.atomic.AtomicLong registered as 19
02:49:44.560 [raft-server-2] TRACE i.a.p.raft.roles.FollowerRole - RaftServer{2}{role=FOLLOWER} - Appended Indexed{index=3, entry=KeepAliveEntry{term=1, timestamp=2018-06-09 02:49:44,559, sessionIds=long[]{length=1, hash=33}, commandSequences=long[]{length=1, hash=31}, eventIndexes=long[]{length=1, hash=33}}}
02:49:44.560 [main] TRACE i.a.utils.serializer.KryoNamespace - class com.google.common.collect.ImmutableList registered as 20
02:49:44.561 [main] TRACE i.a.utils.serializer.KryoNamespace - class com.google.common.collect.RegularImmutableList registered as 20
02:49:44.561 [main] TRACE i.a.utils.serializer.KryoNamespace - class com.google.common.collect.RegularImmutableList registered as 20
02:49:44.561 [main] TRACE i.a.utils.serializer.KryoNamespace - class com.google.common.collect.ImmutableList$SubList registered as 20
02:49:44.561 [main] TRACE i.a.utils.serializer.KryoNamespace - class com.google.common.collect.ImmutableSet registered as 21
02:49:44.561 [main] TRACE i.a.utils.serializer.KryoNamespace - class com.google.common.collect.RegularImmutableSet registered as 21
02:49:44.561 [main] TRACE i.a.utils.serializer.KryoNamespace - class com.google.common.collect.SingletonImmutableSet registered as 21
02:49:44.561 [main] TRACE i.a.utils.serializer.KryoNamespace - class com.google.common.collect.RegularImmutableSet registered as 21
02:49:44.561 [main] TRACE i.a.utils.serializer.KryoNamespace - class com.google.common.collect.ImmutableMap registered as 22
02:49:44.561 [main] TRACE i.a.utils.serializer.KryoNamespace - class com.google.common.collect.RegularImmutableMap registered as 22
02:49:44.561 [main] TRACE i.a.utils.serializer.KryoNamespace - class com.google.common.collect.RegularImmutableMap registered as 22
02:49:44.561 [main] TRACE i.a.utils.serializer.KryoNamespace - class com.google.common.collect.RegularImmutableMap registered as 22
02:49:44.561 [main] TRACE i.a.utils.serializer.KryoNamespace - class java.util.Collections$UnmodifiableSet registered as 23
02:49:44.561 [main] TRACE i.a.utils.serializer.KryoNamespace - class java.util.HashMap registered as 24
02:49:44.561 [main] TRACE i.a.utils.serializer.KryoNamespace - class java.util.concurrent.ConcurrentHashMap registered as 25
02:49:44.561 [main] TRACE i.a.utils.serializer.KryoNamespace - class java.util.concurrent.CopyOnWriteArraySet registered as 26
02:49:44.561 [main] TRACE i.a.utils.serializer.KryoNamespace - class java.util.ArrayList registered as 27
02:49:44.561 [main] TRACE i.a.utils.serializer.KryoNamespace - class java.util.LinkedList registered as 28
02:49:44.561 [main] TRACE i.a.utils.serializer.KryoNamespace - class java.util.HashSet registered as 29
02:49:44.561 [main] TRACE i.a.utils.serializer.KryoNamespace - class java.util.LinkedHashSet registered as 30
02:49:44.561 [main] TRACE i.a.utils.serializer.KryoNamespace - class com.sun.jmx.remote.internal.ArrayQueue registered as 31
02:49:44.561 [main] TRACE i.a.utils.serializer.KryoNamespace - class java.util.ArrayDeque registered as 32
02:49:44.561 [main] TRACE i.a.utils.serializer.KryoNamespace - class com.google.common.collect.HashMultiset registered as 33
02:49:44.562 [main] TRACE i.a.utils.serializer.KryoNamespace - class com.google.common.collect.Sets registered as 34
02:49:44.562 [main] TRACE i.a.utils.serializer.KryoNamespace - class com.google.common.collect.ImmutableEntry registered as 35
02:49:44.562 [main] TRACE i.a.utils.serializer.KryoNamespace - class java.util.Arrays$ArrayList registered as 36
02:49:44.562 [main] TRACE i.a.utils.serializer.KryoNamespace - class java.util.Collections$SingletonList registered as 37
02:49:44.562 [main] TRACE i.a.utils.serializer.KryoNamespace - class java.time.Duration registered as 38
02:49:44.562 [main] TRACE i.a.utils.serializer.KryoNamespace - class java.util.Collections$EmptySet registered as 39
02:49:44.562 [main] TRACE i.a.utils.serializer.KryoNamespace - class java.util.Optional registered as 40
02:49:44.562 [main] TRACE i.a.utils.serializer.KryoNamespace - class java.util.Collections$EmptyList registered as 41
02:49:44.562 [main] TRACE i.a.utils.serializer.KryoNamespace - class java.util.Collections$SingletonSet registered as 42
02:49:44.562 [main] TRACE i.a.utils.serializer.KryoNamespace - class [I registered as 43
02:49:44.562 [main] TRACE i.a.utils.serializer.KryoNamespace - class [J registered as 44
02:49:44.562 [main] TRACE i.a.utils.serializer.KryoNamespace - class [S registered as 45
02:49:44.562 [main] TRACE i.a.utils.serializer.KryoNamespace - class [D registered as 46
02:49:44.562 [main] TRACE i.a.utils.serializer.KryoNamespace - class [F registered as 47
02:49:44.562 [main] TRACE i.a.utils.serializer.KryoNamespace - class [C registered as 48
02:49:44.562 [main] TRACE i.a.utils.serializer.KryoNamespace - class [Ljava.lang.String; registered as 49
02:49:44.562 [main] TRACE i.a.utils.serializer.KryoNamespace - class [Z registered as 50
02:49:44.562 [main] TRACE i.a.utils.serializer.KryoNamespace - class [Ljava.lang.Object; registered as 51
02:49:44.562 [main] TRACE i.a.utils.serializer.KryoNamespace - class io.atomix.primitive.service.ServiceConfig registered as 52
02:49:44.564 [raft-client-86eccf48-f731-4463-9ff4-1338804a1578-1] TRACE i.a.p.r.p.impl.RaftProxyConnection - SessionClient{2}{type=io.atomix.protocols.raft.RaftTest$TestPrimitiveType@35bfa1bb, name=raft-test} - Sending CommandRequest{session=2, sequence=1, operation=PrimitiveOperation{id=DefaultOperationId{id=write, type=COMMAND}, value=byte[]{length=17, hash=-1644578928}}} to 2
02:49:44.653 [raft-server-2] TRACE i.a.p.raft.roles.FollowerRole - RaftServer{2}{role=FOLLOWER} - Committed entries up to index 2
02:49:44.653 [raft-server-3] TRACE i.a.p.raft.roles.FollowerRole - RaftServer{3}{role=FOLLOWER} - Committed entries up to index 2
02:49:44.653 [raft-server-2] TRACE i.a.p.raft.roles.FollowerRole - RaftServer{2}{role=FOLLOWER} - Sending AppendResponse{status=OK, term=1, succeeded=true, lastLogIndex=3}
02:49:44.653 [raft-server-3] TRACE i.a.p.raft.roles.FollowerRole - RaftServer{3}{role=FOLLOWER} - Sending AppendResponse{status=OK, term=1, succeeded=true, lastLogIndex=3}
02:49:44.653 [raft-server-1] TRACE i.a.p.raft.roles.LeaderAppender - RaftServer{1} - Received AppendResponse{status=OK, term=1, succeeded=true, lastLogIndex=3} from 2
02:49:44.653 [raft-server-2] TRACE i.a.p.raft.roles.FollowerRole - RaftServer{2}{role=FOLLOWER} - Received CommandRequest{session=2, sequence=1, operation=PrimitiveOperation{id=DefaultOperationId{id=write, type=COMMAND}, value=byte[]{length=17, hash=-1644578928}}}
02:49:44.653 [raft-server-1] TRACE i.a.p.raft.roles.LeaderAppender - RaftServer{1} - Committed entries up to 3
02:49:44.653 [raft-server-3-state] TRACE i.a.p.raft.impl.RaftServiceManager - RaftServer{3} - Applying Indexed{index=2, entry=OpenSessionEntry{term=1, timestamp=2018-06-09 02:49:44,436, node=4, serviceName=raft-test, serviceType=raft-test, serviceConfig=byte[]{length=2, hash=2636}, readConsistency=LINEARIZABLE, minTimeout=250, maxTimeout=5000}}
02:49:44.653 [raft-server-2-state] TRACE i.a.p.raft.impl.RaftServiceManager - RaftServer{2} - Applying Indexed{index=2, entry=OpenSessionEntry{term=1, timestamp=2018-06-09 02:49:44,436, node=4, serviceName=raft-test, serviceType=raft-test, serviceConfig=byte[]{length=2, hash=2636}, readConsistency=LINEARIZABLE, minTimeout=250, maxTimeout=5000}}
02:49:44.653 [raft-server-3-state] TRACE i.a.utils.serializer.KryoNamespace - Creating Kryo instance for KryoNamespace{registeredBlocks=[RegistrationBlock{begin=16, types=[([Ljava.lang.Class;@6b321262,null), ([Ljava.lang.Class;@68b11545,null), ([Ljava.lang.Class;@7d0100ea,null), ([Ljava.lang.Class;@357bc488,null), ([Ljava.lang.Class;@4ea17147,io.atomix.utils.serializer.serializers.ImmutableListSerializer@2eda4eeb), ([Ljava.lang.Class;@5ba90d8a,io.atomix.utils.serializer.serializers.ImmutableSetSerializer@309dcdf3), ([Ljava.lang.Class;@7573b9ee,io.atomix.utils.serializer.serializers.ImmutableMapSerializer@9a20cbd), ([Ljava.lang.Class;@1af4955e,null), ([Ljava.lang.Class;@445821a6,null), ([Ljava.lang.Class;@2c0c4c0a,null), ([Ljava.lang.Class;@35d26ad2,null), ([Ljava.lang.Class;@bb25753,null), ([Ljava.lang.Class;@ee21292,null), ([Ljava.lang.Class;@40c06358,null), ([Ljava.lang.Class;@66e21568,null), ([Ljava.lang.Class;@7f73ce28,null), ([Ljava.lang.Class;@611b35d6,null), ([Ljava.lang.Class;@2282400e,null), ([Ljava.lang.Class;@543d5863,null), ([Ljava.lang.Class;@35dece42,null), ([Ljava.lang.Class;@dd3f8aa,io.atomix.utils.serializer.serializers.ArraysAsListSerializer@3d615b2e), ([Ljava.lang.Class;@3a1f2a1,null), ([Ljava.lang.Class;@40ce9049,null), ([Ljava.lang.Class;@52ca2652,null), ([Ljava.lang.Class;@65c5bf0e,null), ([Ljava.lang.Class;@697d6ded,null), ([Ljava.lang.Class;@5d05f453,null), ([Ljava.lang.Class;@5efeb117,null), ([Ljava.lang.Class;@160b4809,null), ([Ljava.lang.Class;@149b4d20,null), ([Ljava.lang.Class;@664e848c,null), ([Ljava.lang.Class;@4d93f75b,null), ([Ljava.lang.Class;@114a5e0,null), ([Ljava.lang.Class;@4f281aaf,null), ([Ljava.lang.Class;@5d508d22,null), ([Ljava.lang.Class;@f2b90fc,null)]}, RegistrationBlock{begin=52, types=[([Ljava.lang.Class;@69939075,null)]}]}
02:49:44.653 [raft-server-2-state] TRACE i.a.utils.serializer.KryoNamespace - Creating Kryo instance for KryoNamespace{registeredBlocks=[RegistrationBlock{begin=16, types=[([Ljava.lang.Class;@6b321262,null), ([Ljava.lang.Class;@68b11545,null), ([Ljava.lang.Class;@7d0100ea,null), ([Ljava.lang.Class;@357bc488,null), ([Ljava.lang.Class;@4ea17147,io.atomix.utils.serializer.serializers.ImmutableListSerializer@2eda4eeb), ([Ljava.lang.Class;@5ba90d8a,io.atomix.utils.serializer.serializers.ImmutableSetSerializer@309dcdf3), ([Ljava.lang.Class;@7573b9ee,io.atomix.utils.serializer.serializers.ImmutableMapSerializer@9a20cbd), ([Ljava.lang.Class;@1af4955e,null), ([Ljava.lang.Class;@445821a6,null), ([Ljava.lang.Class;@2c0c4c0a,null), ([Ljava.lang.Class;@35d26ad2,null), ([Ljava.lang.Class;@bb25753,null), ([Ljava.lang.Class;@ee21292,null), ([Ljava.lang.Class;@40c06358,null), ([Ljava.lang.Class;@66e21568,null), ([Ljava.lang.Class;@7f73ce28,null), ([Ljava.lang.Class;@611b35d6,null), ([Ljava.lang.Class;@2282400e,null), ([Ljava.lang.Class;@543d5863,null), ([Ljava.lang.Class;@35dece42,null), ([Ljava.lang.Class;@dd3f8aa,io.atomix.utils.serializer.serializers.ArraysAsListSerializer@3d615b2e), ([Ljava.lang.Class;@3a1f2a1,null), ([Ljava.lang.Class;@40ce9049,null), ([Ljava.lang.Class;@52ca2652,null), ([Ljava.lang.Class;@65c5bf0e,null), ([Ljava.lang.Class;@697d6ded,null), ([Ljava.lang.Class;@5d05f453,null), ([Ljava.lang.Class;@5efeb117,null), ([Ljava.lang.Class;@160b4809,null), ([Ljava.lang.Class;@149b4d20,null), ([Ljava.lang.Class;@664e848c,null), ([Ljava.lang.Class;@4d93f75b,null), ([Ljava.lang.Class;@114a5e0,null), ([Ljava.lang.Class;@4f281aaf,null), ([Ljava.lang.Class;@5d508d22,null), ([Ljava.lang.Class;@f2b90fc,null)]}, RegistrationBlock{begin=52, types=[([Ljava.lang.Class;@5f579114,null)]}]}
02:49:44.653 [raft-server-3-state] TRACE i.a.utils.serializer.KryoNamespace - class [B registered as 16
02:49:44.653 [raft-server-3-state] TRACE i.a.utils.serializer.KryoNamespace - class java.util.concurrent.atomic.AtomicBoolean registered as 17
02:49:44.653 [raft-server-2-state] TRACE i.a.utils.serializer.KryoNamespace - class [B registered as 16
02:49:44.653 [raft-server-3-state] TRACE i.a.utils.serializer.KryoNamespace - class java.util.concurrent.atomic.AtomicInteger registered as 18
02:49:44.654 [raft-server-2-state] TRACE i.a.utils.serializer.KryoNamespace - class java.util.concurrent.atomic.AtomicBoolean registered as 17
02:49:44.654 [raft-server-3-state] TRACE i.a.utils.serializer.KryoNamespace - class java.util.concurrent.atomic.AtomicLong registered as 19
02:49:44.654 [raft-server-2-state] TRACE i.a.utils.serializer.KryoNamespace - class java.util.concurrent.atomic.AtomicInteger registered as 18
02:49:44.654 [raft-server-3-state] TRACE i.a.utils.serializer.KryoNamespace - class com.google.common.collect.ImmutableList registered as 20
02:49:44.654 [raft-server-2-state] TRACE i.a.utils.serializer.KryoNamespace - class java.util.concurrent.atomic.AtomicLong registered as 19
02:49:44.654 [raft-server-3-state] TRACE i.a.utils.serializer.KryoNamespace - class com.google.common.collect.RegularImmutableList registered as 20
02:49:44.654 [raft-server-2-state] TRACE i.a.utils.serializer.KryoNamespace - class com.google.common.collect.ImmutableList registered as 20
02:49:44.654 [raft-server-3-state] TRACE i.a.utils.serializer.KryoNamespace - class com.google.common.collect.RegularImmutableList registered as 20
02:49:44.654 [raft-server-2-state] TRACE i.a.utils.serializer.KryoNamespace - class com.google.common.collect.RegularImmutableList registered as 20
02:49:44.654 [raft-server-3-state] TRACE i.a.utils.serializer.KryoNamespace - class com.google.common.collect.ImmutableList$SubList registered as 20
02:49:44.654 [raft-server-2-state] TRACE i.a.utils.serializer.KryoNamespace - class com.google.common.collect.RegularImmutableList registered as 20
02:49:44.654 [raft-server-3-state] TRACE i.a.utils.serializer.KryoNamespace - class com.google.common.collect.ImmutableSet registered as 21
02:49:44.654 [raft-server-2-state] TRACE i.a.utils.serializer.KryoNamespace - class com.google.common.collect.ImmutableList$SubList registered as 20
02:49:44.654 [raft-server-3-state] TRACE i.a.utils.serializer.KryoNamespace - class com.google.common.collect.RegularImmutableSet registered as 21
02:49:44.654 [raft-server-2-state] TRACE i.a.utils.serializer.KryoNamespace - class com.google.common.collect.ImmutableSet registered as 21
02:49:44.654 [raft-server-3-state] TRACE i.a.utils.serializer.KryoNamespace - class com.google.common.collect.SingletonImmutableSet registered as 21
02:49:44.654 [raft-server-2-state] TRACE i.a.utils.serializer.KryoNamespace - class com.google.common.collect.RegularImmutableSet registered as 21
02:49:44.654 [raft-server-3-state] TRACE i.a.utils.serializer.KryoNamespace - class com.google.common.collect.RegularImmutableSet registered as 21
02:49:44.654 [raft-server-2-state] TRACE i.a.utils.serializer.KryoNamespace - class com.google.common.collect.SingletonImmutableSet registered as 21
02:49:44.654 [raft-server-3-state] TRACE i.a.utils.serializer.KryoNamespace - class com.google.common.collect.ImmutableMap registered as 22
02:49:44.654 [raft-server-2-state] TRACE i.a.utils.serializer.KryoNamespace - class com.google.common.collect.RegularImmutableSet registered as 21
02:49:44.654 [raft-server-3-state] TRACE i.a.utils.serializer.KryoNamespace - class com.google.common.collect.RegularImmutableMap registered as 22
02:49:44.655 [raft-server-2-state] TRACE i.a.utils.serializer.KryoNamespace - class com.google.common.collect.ImmutableMap registered as 22
02:49:44.655 [raft-server-3-state] TRACE i.a.utils.serializer.KryoNamespace - class com.google.common.collect.RegularImmutableMap registered as 22
02:49:44.655 [raft-server-2-state] TRACE i.a.utils.serializer.KryoNamespace - class com.google.common.collect.RegularImmutableMap registered as 22
02:49:44.655 [raft-server-3-state] TRACE i.a.utils.serializer.KryoNamespace - class com.google.common.collect.RegularImmutableMap registered as 22
02:49:44.655 [raft-server-2-state] TRACE i.a.utils.serializer.KryoNamespace - class com.google.common.collect.RegularImmutableMap registered as 22
02:49:44.655 [raft-server-3-state] TRACE i.a.utils.serializer.KryoNamespace - class java.util.Collections$UnmodifiableSet registered as 23
02:49:44.655 [raft-server-2-state] TRACE i.a.utils.serializer.KryoNamespace - class com.google.common.collect.RegularImmutableMap registered as 22
02:49:44.655 [raft-server-3-state] TRACE i.a.utils.serializer.KryoNamespace - class java.util.HashMap registered as 24
02:49:44.655 [raft-server-3-state] TRACE i.a.utils.serializer.KryoNamespace - class java.util.concurrent.ConcurrentHashMap registered as 25
02:49:44.655 [raft-server-2-state] TRACE i.a.utils.serializer.KryoNamespace - class java.util.Collections$UnmodifiableSet registered as 23
02:49:44.655 [raft-server-3-state] TRACE i.a.utils.serializer.KryoNamespace - class java.util.concurrent.CopyOnWriteArraySet registered as 26
02:49:44.655 [raft-server-3-state] TRACE i.a.utils.serializer.KryoNamespace - class java.util.ArrayList registered as 27
02:49:44.655 [raft-server-2-state] TRACE i.a.utils.serializer.KryoNamespace - class java.util.HashMap registered as 24
02:49:44.655 [raft-server-3-state] TRACE i.a.utils.serializer.KryoNamespace - class java.util.LinkedList registered as 28
02:49:44.655 [raft-server-3-state] TRACE i.a.utils.serializer.KryoNamespace - class java.util.HashSet registered as 29
02:49:44.655 [raft-server-2-state] TRACE i.a.utils.serializer.KryoNamespace - class java.util.concurrent.ConcurrentHashMap registered as 25
02:49:44.655 [raft-server-3-state] TRACE i.a.utils.serializer.KryoNamespace - class java.util.LinkedHashSet registered as 30
02:49:44.655 [raft-server-2-state] TRACE i.a.utils.serializer.KryoNamespace - class java.util.concurrent.CopyOnWriteArraySet registered as 26
02:49:44.655 [raft-server-3-state] TRACE i.a.utils.serializer.KryoNamespace - class com.sun.jmx.remote.internal.ArrayQueue registered as 31
02:49:44.655 [raft-server-2-state] TRACE i.a.utils.serializer.KryoNamespace - class java.util.ArrayList registered as 27
02:49:44.655 [raft-server-3-state] TRACE i.a.utils.serializer.KryoNamespace - class java.util.ArrayDeque registered as 32
02:49:44.655 [raft-server-2-state] TRACE i.a.utils.serializer.KryoNamespace - class java.util.LinkedList registered as 28
02:49:44.655 [raft-server-3-state] TRACE i.a.utils.serializer.KryoNamespace - class com.google.common.collect.HashMultiset registered as 33
02:49:44.656 [raft-server-3-state] TRACE i.a.utils.serializer.KryoNamespace - class com.google.common.collect.Sets registered as 34
02:49:44.656 [raft-server-2-state] TRACE i.a.utils.serializer.KryoNamespace - class java.util.HashSet registered as 29
02:49:44.656 [raft-server-3-state] TRACE i.a.utils.serializer.KryoNamespace - class com.google.common.collect.ImmutableEntry registered as 35
02:49:44.656 [raft-server-3-state] TRACE i.a.utils.serializer.KryoNamespace - class java.util.Arrays$ArrayList registered as 36
02:49:44.656 [raft-server-2-state] TRACE i.a.utils.serializer.KryoNamespace - class java.util.LinkedHashSet registered as 30
02:49:44.656 [raft-server-3-state] TRACE i.a.utils.serializer.KryoNamespace - class java.util.Collections$SingletonList registered as 37
02:49:44.656 [raft-server-3-state] TRACE i.a.utils.serializer.KryoNamespace - class java.time.Duration registered as 38
02:49:44.656 [raft-server-2-state] TRACE i.a.utils.serializer.KryoNamespace - class com.sun.jmx.remote.internal.ArrayQueue registered as 31
02:49:44.656 [raft-server-3-state] TRACE i.a.utils.serializer.KryoNamespace - class java.util.Collections$EmptySet registered as 39
02:49:44.656 [raft-server-3-state] TRACE i.a.utils.serializer.KryoNamespace - class java.util.Optional registered as 40
02:49:44.656 [raft-server-2-state] TRACE i.a.utils.serializer.KryoNamespace - class java.util.ArrayDeque registered as 32
02:49:44.656 [raft-server-3-state] TRACE i.a.utils.serializer.KryoNamespace - class java.util.Collections$EmptyList registered as 41
02:49:44.656 [raft-server-2-state] TRACE i.a.utils.serializer.KryoNamespace - class com.google.common.collect.HashMultiset registered as 33
02:49:44.656 [raft-server-3-state] TRACE i.a.utils.serializer.KryoNamespace - class java.util.Collections$SingletonSet registered as 42
02:49:44.656 [raft-server-2-state] TRACE i.a.utils.serializer.KryoNamespace - class com.google.common.collect.Sets registered as 34
02:49:44.656 [raft-server-3-state] TRACE i.a.utils.serializer.KryoNamespace - class [I registered as 43
02:49:44.656 [raft-server-2-state] TRACE i.a.utils.serializer.KryoNamespace - class com.google.common.collect.ImmutableEntry registered as 35
02:49:44.656 [raft-server-3-state] TRACE i.a.utils.serializer.KryoNamespace - class [J registered as 44
02:49:44.656 [raft-server-2-state] TRACE i.a.utils.serializer.KryoNamespace - class java.util.Arrays$ArrayList registered as 36
02:49:44.656 [raft-server-3-state] TRACE i.a.utils.serializer.KryoNamespace - class [S registered as 45
02:49:44.656 [raft-server-2-state] TRACE i.a.utils.serializer.KryoNamespace - class java.util.Collections$SingletonList registered as 37
02:49:44.656 [raft-server-3-state] TRACE i.a.utils.serializer.KryoNamespace - class [D registered as 46
02:49:44.656 [raft-server-2-state] TRACE i.a.utils.serializer.KryoNamespace - class java.time.Duration registered as 38
02:49:44.656 [raft-server-3-state] TRACE i.a.utils.serializer.KryoNamespace - class [F registered as 47
02:49:44.656 [raft-server-2-state] TRACE i.a.utils.serializer.KryoNamespace - class java.util.Collections$EmptySet registered as 39
02:49:44.656 [raft-server-3-state] TRACE i.a.utils.serializer.KryoNamespace - class [C registered as 48
02:49:44.656 [raft-server-2-state] TRACE i.a.utils.serializer.KryoNamespace - class java.util.Optional registered as 40
02:49:44.656 [raft-server-3-state] TRACE i.a.utils.serializer.KryoNamespace - class [Ljava.lang.String; registered as 49
02:49:44.657 [raft-server-2-state] TRACE i.a.utils.serializer.KryoNamespace - class java.util.Collections$EmptyList registered as 41
02:49:44.657 [raft-server-3-state] TRACE i.a.utils.serializer.KryoNamespace - class [Z registered as 50
02:49:44.657 [raft-server-3-state] TRACE i.a.utils.serializer.KryoNamespace - class [Ljava.lang.Object; registered as 51
02:49:44.657 [raft-server-2-state] TRACE i.a.utils.serializer.KryoNamespace - class java.util.Collections$SingletonSet registered as 42
02:49:44.657 [raft-server-3-state] TRACE i.a.utils.serializer.KryoNamespace - class io.atomix.primitive.service.ServiceConfig registered as 52
02:49:44.657 [raft-server-2-state] TRACE i.a.utils.serializer.KryoNamespace - class [I registered as 43
02:49:44.657 [raft-server-2-state] TRACE i.a.utils.serializer.KryoNamespace - class [J registered as 44
02:49:44.657 [raft-server-3-state] TRACE i.a.utils.serializer.KryoNamespace - Creating Kryo instance for KryoNamespace{registeredBlocks=[RegistrationBlock{begin=16, types=[([Ljava.lang.Class;@6b321262,null), ([Ljava.lang.Class;@68b11545,null), ([Ljava.lang.Class;@7d0100ea,null), ([Ljava.lang.Class;@357bc488,null), ([Ljava.lang.Class;@4ea17147,io.atomix.utils.serializer.serializers.ImmutableListSerializer@2eda4eeb), ([Ljava.lang.Class;@5ba90d8a,io.atomix.utils.serializer.serializers.ImmutableSetSerializer@309dcdf3), ([Ljava.lang.Class;@7573b9ee,io.atomix.utils.serializer.serializers.ImmutableMapSerializer@9a20cbd), ([Ljava.lang.Class;@1af4955e,null), ([Ljava.lang.Class;@445821a6,null), ([Ljava.lang.Class;@2c0c4c0a,null), ([Ljava.lang.Class;@35d26ad2,null), ([Ljava.lang.Class;@bb25753,null), ([Ljava.lang.Class;@ee21292,null), ([Ljava.lang.Class;@40c06358,null), ([Ljava.lang.Class;@66e21568,null), ([Ljava.lang.Class;@7f73ce28,null), ([Ljava.lang.Class;@611b35d6,null), ([Ljava.lang.Class;@2282400e,null), ([Ljava.lang.Class;@543d5863,null), ([Ljava.lang.Class;@35dece42,null), ([Ljava.lang.Class;@dd3f8aa,io.atomix.utils.serializer.serializers.ArraysAsListSerializer@3d615b2e), ([Ljava.lang.Class;@3a1f2a1,null), ([Ljava.lang.Class;@40ce9049,null), ([Ljava.lang.Class;@52ca2652,null), ([Ljava.lang.Class;@65c5bf0e,null), ([Ljava.lang.Class;@697d6ded,null), ([Ljava.lang.Class;@5d05f453,null), ([Ljava.lang.Class;@5efeb117,null), ([Ljava.lang.Class;@160b4809,null), ([Ljava.lang.Class;@149b4d20,null), ([Ljava.lang.Class;@664e848c,null), ([Ljava.lang.Class;@4d93f75b,null), ([Ljava.lang.Class;@114a5e0,null), ([Ljava.lang.Class;@4f281aaf,null), ([Ljava.lang.Class;@5d508d22,null), ([Ljava.lang.Class;@f2b90fc,null)]}, RegistrationBlock{begin=52, types=[([Ljava.lang.Class;@67547337,null)]}]}
02:49:44.657 [raft-server-2-state] TRACE i.a.utils.serializer.KryoNamespace - class [S registered as 45
02:49:44.657 [raft-server-3-state] TRACE i.a.utils.serializer.KryoNamespace - class [B registered as 16
02:49:44.657 [raft-server-2-state] TRACE i.a.utils.serializer.KryoNamespace - class [D registered as 46
02:49:44.657 [raft-server-3-state] TRACE i.a.utils.serializer.KryoNamespace - class java.util.concurrent.atomic.AtomicBoolean registered as 17
02:49:44.657 [raft-server-3-state] TRACE i.a.utils.serializer.KryoNamespace - class java.util.concurrent.atomic.AtomicInteger registered as 18
02:49:44.657 [raft-server-2-state] TRACE i.a.utils.serializer.KryoNamespace - class [F registered as 47
02:49:44.657 [raft-server-3-state] TRACE i.a.utils.serializer.KryoNamespace - class java.util.concurrent.atomic.AtomicLong registered as 19
02:49:44.657 [raft-server-3-state] TRACE i.a.utils.serializer.KryoNamespace - class com.google.common.collect.ImmutableList registered as 20
02:49:44.657 [raft-server-2-state] TRACE i.a.utils.serializer.KryoNamespace - class [C registered as 48
02:49:44.657 [raft-server-3-state] TRACE i.a.utils.serializer.KryoNamespace - class com.google.common.collect.RegularImmutableList registered as 20
02:49:44.657 [raft-server-3-state] TRACE i.a.utils.serializer.KryoNamespace - class com.google.common.collect.RegularImmutableList registered as 20
02:49:44.657 [raft-server-3-state] TRACE i.a.utils.serializer.KryoNamespace - class com.google.common.collect.ImmutableList$SubList registered as 20
02:49:44.657 [raft-server-2-state] TRACE i.a.utils.serializer.KryoNamespace - class [Ljava.lang.String; registered as 49
02:49:44.657 [raft-server-3-state] TRACE i.a.utils.serializer.KryoNamespace - class com.google.common.collect.ImmutableSet registered as 21
02:49:44.657 [raft-server-3-state] TRACE i.a.utils.serializer.KryoNamespace - class com.google.common.collect.RegularImmutableSet registered as 21
02:49:44.657 [raft-server-3-state] TRACE i.a.utils.serializer.KryoNamespace - class com.google.common.collect.SingletonImmutableSet registered as 21
02:49:44.657 [raft-server-2-state] TRACE i.a.utils.serializer.KryoNamespace - class [Z registered as 50
02:49:44.657 [raft-server-3-state] TRACE i.a.utils.serializer.KryoNamespace - class com.google.common.collect.RegularImmutableSet registered as 21
02:49:44.658 [raft-server-2-state] TRACE i.a.utils.serializer.KryoNamespace - class [Ljava.lang.Object; registered as 51
02:49:44.658 [raft-server-3-state] TRACE i.a.utils.serializer.KryoNamespace - class com.google.common.collect.ImmutableMap registered as 22
02:49:44.658 [raft-server-2-state] TRACE i.a.utils.serializer.KryoNamespace - class io.atomix.primitive.service.ServiceConfig registered as 52
02:49:44.658 [raft-server-3-state] TRACE i.a.utils.serializer.KryoNamespace - class com.google.common.collect.RegularImmutableMap registered as 22
02:49:44.658 [raft-server-3-state] TRACE i.a.utils.serializer.KryoNamespace - class com.google.common.collect.RegularImmutableMap registered as 22
02:49:44.658 [raft-server-3-state] TRACE i.a.utils.serializer.KryoNamespace - class com.google.common.collect.RegularImmutableMap registered as 22
02:49:44.658 [raft-server-3-state] TRACE i.a.utils.serializer.KryoNamespace - class java.util.Collections$UnmodifiableSet registered as 23
02:49:44.658 [raft-server-3-state] TRACE i.a.utils.serializer.KryoNamespace - class java.util.HashMap registered as 24
02:49:44.658 [raft-server-2-state] TRACE i.a.utils.serializer.KryoNamespace - Creating Kryo instance for KryoNamespace{registeredBlocks=[RegistrationBlock{begin=16, types=[([Ljava.lang.Class;@6b321262,null), ([Ljava.lang.Class;@68b11545,null), ([Ljava.lang.Class;@7d0100ea,null), ([Ljava.lang.Class;@357bc488,null), ([Ljava.lang.Class;@4ea17147,io.atomix.utils.serializer.serializers.ImmutableListSerializer@2eda4eeb), ([Ljava.lang.Class;@5ba90d8a,io.atomix.utils.serializer.serializers.ImmutableSetSerializer@309dcdf3), ([Ljava.lang.Class;@7573b9ee,io.atomix.utils.serializer.serializers.ImmutableMapSerializer@9a20cbd), ([Ljava.lang.Class;@1af4955e,null), ([Ljava.lang.Class;@445821a6,null), ([Ljava.lang.Class;@2c0c4c0a,null), ([Ljava.lang.Class;@35d26ad2,null), ([Ljava.lang.Class;@bb25753,null), ([Ljava.lang.Class;@ee21292,null), ([Ljava.lang.Class;@40c06358,null), ([Ljava.lang.Class;@66e21568,null), ([Ljava.lang.Class;@7f73ce28,null), ([Ljava.lang.Class;@611b35d6,null), ([Ljava.lang.Class;@2282400e,null), ([Ljava.lang.Class;@543d5863,null), ([Ljava.lang.Class;@35dece42,null), ([Ljava.lang.Class;@dd3f8aa,io.atomix.utils.serializer.serializers.ArraysAsListSerializer@3d615b2e), ([Ljava.lang.Class;@3a1f2a1,null), ([Ljava.lang.Class;@40ce9049,null), ([Ljava.lang.Class;@52ca2652,null), ([Ljava.lang.Class;@65c5bf0e,null), ([Ljava.lang.Class;@697d6ded,null), ([Ljava.lang.Class;@5d05f453,null), ([Ljava.lang.Class;@5efeb117,null), ([Ljava.lang.Class;@160b4809,null), ([Ljava.lang.Class;@149b4d20,null), ([Ljava.lang.Class;@664e848c,null), ([Ljava.lang.Class;@4d93f75b,null), ([Ljava.lang.Class;@114a5e0,null), ([Ljava.lang.Class;@4f281aaf,null), ([Ljava.lang.Class;@5d508d22,null), ([Ljava.lang.Class;@f2b90fc,null)]}, RegistrationBlock{begin=52, types=[([Ljava.lang.Class;@5190748e,null)]}]}
02:49:44.658 [raft-server-3-state] TRACE i.a.utils.serializer.KryoNamespace - class java.util.concurrent.ConcurrentHashMap registered as 25
02:49:44.658 [raft-server-3-state] TRACE i.a.utils.serializer.KryoNamespace - class java.util.concurrent.CopyOnWriteArraySet registered as 26
02:49:44.658 [raft-server-2-state] TRACE i.a.utils.serializer.KryoNamespace - class [B registered as 16
02:49:44.658 [raft-server-3-state] TRACE i.a.utils.serializer.KryoNamespace - class java.util.ArrayList registered as 27
02:49:44.658 [raft-server-2-state] TRACE i.a.utils.serializer.KryoNamespace - class java.util.concurrent.atomic.AtomicBoolean registered as 17
02:49:44.658 [raft-server-3-state] TRACE i.a.utils.serializer.KryoNamespace - class java.util.LinkedList registered as 28
02:49:44.658 [raft-server-2-state] TRACE i.a.utils.serializer.KryoNamespace - class java.util.concurrent.atomic.AtomicInteger registered as 18
02:49:44.658 [raft-server-3-state] TRACE i.a.utils.serializer.KryoNamespace - class java.util.HashSet registered as 29
02:49:44.658 [raft-server-2-state] TRACE i.a.utils.serializer.KryoNamespace - class java.util.concurrent.atomic.AtomicLong registered as 19
02:49:44.658 [raft-server-3-state] TRACE i.a.utils.serializer.KryoNamespace - class java.util.LinkedHashSet registered as 30
02:49:44.658 [raft-server-2-state] TRACE i.a.utils.serializer.KryoNamespace - class com.google.common.collect.ImmutableList registered as 20
02:49:44.658 [raft-server-3-state] TRACE i.a.utils.serializer.KryoNamespace - class com.sun.jmx.remote.internal.ArrayQueue registered as 31
02:49:44.658 [raft-server-2-state] TRACE i.a.utils.serializer.KryoNamespace - class com.google.common.collect.RegularImmutableList registered as 20
02:49:44.659 [raft-server-3-state] TRACE i.a.utils.serializer.KryoNamespace - class java.util.ArrayDeque registered as 32
02:49:44.659 [raft-server-2-state] TRACE i.a.utils.serializer.KryoNamespace - class com.google.common.collect.RegularImmutableList registered as 20
02:49:44.659 [raft-server-3-state] TRACE i.a.utils.serializer.KryoNamespace - class com.google.common.collect.HashMultiset registered as 33
02:49:44.659 [raft-server-2-state] TRACE i.a.utils.serializer.KryoNamespace - class com.google.common.collect.ImmutableList$SubList registered as 20
02:49:44.659 [raft-server-3-state] TRACE i.a.utils.serializer.KryoNamespace - class com.google.common.collect.Sets registered as 34
02:49:44.659 [raft-server-2-state] TRACE i.a.utils.serializer.KryoNamespace - class com.google.common.collect.ImmutableSet registered as 21
02:49:44.659 [raft-server-3-state] TRACE i.a.utils.serializer.KryoNamespace - class com.google.common.collect.ImmutableEntry registered as 35
02:49:44.659 [raft-server-2-state] TRACE i.a.utils.serializer.KryoNamespace - class com.google.common.collect.RegularImmutableSet registered as 21
02:49:44.659 [raft-server-3-state] TRACE i.a.utils.serializer.KryoNamespace - class java.util.Arrays$ArrayList registered as 36
02:49:44.659 [raft-server-2-state] TRACE i.a.utils.serializer.KryoNamespace - class com.google.common.collect.SingletonImmutableSet registered as 21
02:49:44.659 [raft-server-3-state] TRACE i.a.utils.serializer.KryoNamespace - class java.util.Collections$SingletonList registered as 37
02:49:44.659 [raft-server-2-state] TRACE i.a.utils.serializer.KryoNamespace - class com.google.common.collect.RegularImmutableSet registered as 21
02:49:44.659 [raft-server-3-state] TRACE i.a.utils.serializer.KryoNamespace - class java.time.Duration registered as 38
02:49:44.659 [raft-server-2-state] TRACE i.a.utils.serializer.KryoNamespace - class com.google.common.collect.ImmutableMap registered as 22
02:49:44.659 [raft-server-3-state] TRACE i.a.utils.serializer.KryoNamespace - class java.util.Collections$EmptySet registered as 39
02:49:44.659 [raft-server-2-state] TRACE i.a.utils.serializer.KryoNamespace - class com.google.common.collect.RegularImmutableMap registered as 22
02:49:44.659 [raft-server-3-state] TRACE i.a.utils.serializer.KryoNamespace - class java.util.Optional registered as 40
02:49:44.659 [raft-server-2-state] TRACE i.a.utils.serializer.KryoNamespace - class com.google.common.collect.RegularImmutableMap registered as 22
02:49:44.659 [raft-server-3-state] TRACE i.a.utils.serializer.KryoNamespace - class java.util.Collections$EmptyList registered as 41
02:49:44.659 [raft-server-2-state] TRACE i.a.utils.serializer.KryoNamespace - class com.google.common.collect.RegularImmutableMap registered as 22
02:49:44.659 [raft-server-3-state] TRACE i.a.utils.serializer.KryoNamespace - class java.util.Collections$SingletonSet registered as 42
02:49:44.659 [raft-server-2-state] TRACE i.a.utils.serializer.KryoNamespace - class java.util.Collections$UnmodifiableSet registered as 23
02:49:44.660 [raft-server-3-state] TRACE i.a.utils.serializer.KryoNamespace - class [I registered as 43
02:49:44.660 [raft-server-2-state] TRACE i.a.utils.serializer.KryoNamespace - class java.util.HashMap registered as 24
02:49:44.660 [raft-server-3-state] TRACE i.a.utils.serializer.KryoNamespace - class [J registered as 44
02:49:44.660 [raft-server-2-state] TRACE i.a.utils.serializer.KryoNamespace - class java.util.concurrent.ConcurrentHashMap registered as 25
02:49:44.660 [raft-server-3-state] TRACE i.a.utils.serializer.KryoNamespace - class [S registered as 45
02:49:44.660 [raft-server-2-state] TRACE i.a.utils.serializer.KryoNamespace - class java.util.concurrent.CopyOnWriteArraySet registered as 26
02:49:44.660 [raft-server-3-state] TRACE i.a.utils.serializer.KryoNamespace - class [D registered as 46
02:49:44.660 [raft-server-2-state] TRACE i.a.utils.serializer.KryoNamespace - class java.util.ArrayList registered as 27
02:49:44.660 [raft-server-3-state] TRACE i.a.utils.serializer.KryoNamespace - class [F registered as 47
02:49:44.660 [raft-server-2-state] TRACE i.a.utils.serializer.KryoNamespace - class java.util.LinkedList registered as 28
02:49:44.660 [raft-server-3-state] TRACE i.a.utils.serializer.KryoNamespace - class [C registered as 48
02:49:44.660 [raft-server-2-state] TRACE i.a.utils.serializer.KryoNamespace - class java.util.HashSet registered as 29
02:49:44.660 [raft-server-3-state] TRACE i.a.utils.serializer.KryoNamespace - class [Ljava.lang.String; registered as 49
02:49:44.660 [raft-server-2-state] TRACE i.a.utils.serializer.KryoNamespace - class java.util.LinkedHashSet registered as 30
02:49:44.660 [raft-server-3-state] TRACE i.a.utils.serializer.KryoNamespace - class [Z registered as 50
02:49:44.660 [raft-server-3-state] TRACE i.a.utils.serializer.KryoNamespace - class [Ljava.lang.Object; registered as 51
02:49:44.660 [raft-server-2-state] TRACE i.a.utils.serializer.KryoNamespace - class com.sun.jmx.remote.internal.ArrayQueue registered as 31
02:49:44.660 [raft-server-3-state] TRACE i.a.utils.serializer.KryoNamespace - class io.atomix.primitive.service.ServiceConfig registered as 52
02:49:44.660 [raft-server-2-state] TRACE i.a.utils.serializer.KryoNamespace - class java.util.ArrayDeque registered as 32
02:49:44.660 [raft-server-2-state] TRACE i.a.utils.serializer.KryoNamespace - class com.google.common.collect.HashMultiset registered as 33
02:49:44.660 [raft-server-3-state] TRACE i.a.utils.serializer.KryoNamespace - Creating Kryo instance for KryoNamespace{registeredBlocks=[RegistrationBlock{begin=16, types=[([Ljava.lang.Class;@6b321262,null), ([Ljava.lang.Class;@68b11545,null), ([Ljava.lang.Class;@7d0100ea,null), ([Ljava.lang.Class;@357bc488,null), ([Ljava.lang.Class;@4ea17147,io.atomix.utils.serializer.serializers.ImmutableListSerializer@2eda4eeb), ([Ljava.lang.Class;@5ba90d8a,io.atomix.utils.serializer.serializers.ImmutableSetSerializer@309dcdf3), ([Ljava.lang.Class;@7573b9ee,io.atomix.utils.serializer.serializers.ImmutableMapSerializer@9a20cbd), ([Ljava.lang.Class;@1af4955e,null), ([Ljava.lang.Class;@445821a6,null), ([Ljava.lang.Class;@2c0c4c0a,null), ([Ljava.lang.Class;@35d26ad2,null), ([Ljava.lang.Class;@bb25753,null), ([Ljava.lang.Class;@ee21292,null), ([Ljava.lang.Class;@40c06358,null), ([Ljava.lang.Class;@66e21568,null), ([Ljava.lang.Class;@7f73ce28,null), ([Ljava.lang.Class;@611b35d6,null), ([Ljava.lang.Class;@2282400e,null), ([Ljava.lang.Class;@543d5863,null), ([Ljava.lang.Class;@35dece42,null), ([Ljava.lang.Class;@dd3f8aa,io.atomix.utils.serializer.serializers.ArraysAsListSerializer@3d615b2e), ([Ljava.lang.Class;@3a1f2a1,null), ([Ljava.lang.Class;@40ce9049,null), ([Ljava.lang.Class;@52ca2652,null), ([Ljava.lang.Class;@65c5bf0e,null), ([Ljava.lang.Class;@697d6ded,null), ([Ljava.lang.Class;@5d05f453,null), ([Ljava.lang.Class;@5efeb117,null), ([Ljava.lang.Class;@160b4809,null), ([Ljava.lang.Class;@149b4d20,null), ([Ljava.lang.Class;@664e848c,null), ([Ljava.lang.Class;@4d93f75b,null), ([Ljava.lang.Class;@114a5e0,null), ([Ljava.lang.Class;@4f281aaf,null), ([Ljava.lang.Class;@5d508d22,null), ([Ljava.lang.Class;@f2b90fc,null)]}, RegistrationBlock{begin=52, types=[([Ljava.lang.Class;@636bfb05,null)]}]}
02:49:44.660 [raft-server-2-state] TRACE i.a.utils.serializer.KryoNamespace - class com.google.common.collect.Sets registered as 34
02:49:44.660 [raft-server-2-state] TRACE i.a.utils.serializer.KryoNamespace - class com.google.common.collect.ImmutableEntry registered as 35
02:49:44.661 [raft-server-3-state] TRACE i.a.utils.serializer.KryoNamespace - class [B registered as 16
02:49:44.661 [raft-server-2-state] TRACE i.a.utils.serializer.KryoNamespace - class java.util.Arrays$ArrayList registered as 36
02:49:44.661 [raft-server-3-state] TRACE i.a.utils.serializer.KryoNamespace - class java.util.concurrent.atomic.AtomicBoolean registered as 17
02:49:44.661 [raft-server-2-state] TRACE i.a.utils.serializer.KryoNamespace - class java.util.Collections$SingletonList registered as 37
02:49:44.661 [raft-server-3-state] TRACE i.a.utils.serializer.KryoNamespace - class java.util.concurrent.atomic.AtomicInteger registered as 18
02:49:44.661 [raft-server-2-state] TRACE i.a.utils.serializer.KryoNamespace - class java.time.Duration registered as 38
02:49:44.661 [raft-server-3-state] TRACE i.a.utils.serializer.KryoNamespace - class java.util.concurrent.atomic.AtomicLong registered as 19
02:49:44.661 [raft-server-3-state] TRACE i.a.utils.serializer.KryoNamespace - class com.google.common.collect.ImmutableList registered as 20
02:49:44.661 [raft-server-2-state] TRACE i.a.utils.serializer.KryoNamespace - class java.util.Collections$EmptySet registered as 39
02:49:44.661 [raft-server-3-state] TRACE i.a.utils.serializer.KryoNamespace - class com.google.common.collect.RegularImmutableList registered as 20
02:49:44.661 [raft-server-2-state] TRACE i.a.utils.serializer.KryoNamespace - class java.util.Optional registered as 40
02:49:44.661 [raft-server-3-state] TRACE i.a.utils.serializer.KryoNamespace - class com.google.common.collect.RegularImmutableList registered as 20
02:49:44.661 [raft-server-3-state] TRACE i.a.utils.serializer.KryoNamespace - class com.google.common.collect.ImmutableList$SubList registered as 20
02:49:44.661 [raft-server-2-state] TRACE i.a.utils.serializer.KryoNamespace - class java.util.Collections$EmptyList registered as 41
02:49:44.661 [raft-server-3-state] TRACE i.a.utils.serializer.KryoNamespace - class com.google.common.collect.ImmutableSet registered as 21
02:49:44.661 [raft-server-3-state] TRACE i.a.utils.serializer.KryoNamespace - class com.google.common.collect.RegularImmutableSet registered as 21
02:49:44.661 [raft-server-2-state] TRACE i.a.utils.serializer.KryoNamespace - class java.util.Collections$SingletonSet registered as 42
02:49:44.661 [raft-server-3-state] TRACE i.a.utils.serializer.KryoNamespace - class com.google.common.collect.SingletonImmutableSet registered as 21
02:49:44.661 [raft-server-3-state] TRACE i.a.utils.serializer.KryoNamespace - class com.google.common.collect.RegularImmutableSet registered as 21
02:49:44.661 [raft-server-2-state] TRACE i.a.utils.serializer.KryoNamespace - class [I registered as 43
02:49:44.661 [raft-server-3-state] TRACE i.a.utils.serializer.KryoNamespace - class com.google.common.collect.ImmutableMap registered as 22
02:49:44.661 [raft-server-3-state] TRACE i.a.utils.serializer.KryoNamespace - class com.google.common.collect.RegularImmutableMap registered as 22
02:49:44.661 [raft-server-2-state] TRACE i.a.utils.serializer.KryoNamespace - class [J registered as 44
02:49:44.661 [raft-server-3-state] TRACE i.a.utils.serializer.KryoNamespace - class com.google.common.collect.RegularImmutableMap registered as 22
02:49:44.662 [raft-server-3-state] TRACE i.a.utils.serializer.KryoNamespace - class com.google.common.collect.RegularImmutableMap registered as 22
02:49:44.662 [raft-server-2-state] TRACE i.a.utils.serializer.KryoNamespace - class [S registered as 45
02:49:44.662 [raft-server-3-state] TRACE i.a.utils.serializer.KryoNamespace - class java.util.Collections$UnmodifiableSet registered as 23
02:49:44.662 [raft-server-2-state] TRACE i.a.utils.serializer.KryoNamespace - class [D registered as 46
02:49:44.662 [raft-server-3-state] TRACE i.a.utils.serializer.KryoNamespace - class java.util.HashMap registered as 24
02:49:44.662 [raft-server-2-state] TRACE i.a.utils.serializer.KryoNamespace - class [F registered as 47
02:49:44.662 [raft-server-3-state] TRACE i.a.utils.serializer.KryoNamespace - class java.util.concurrent.ConcurrentHashMap registered as 25
02:49:44.662 [raft-server-2-state] TRACE i.a.utils.serializer.KryoNamespace - class [C registered as 48
02:49:44.662 [raft-server-3-state] TRACE i.a.utils.serializer.KryoNamespace - class java.util.concurrent.CopyOnWriteArraySet registered as 26
02:49:44.662 [raft-server-2-state] TRACE i.a.utils.serializer.KryoNamespace - class [Ljava.lang.String; registered as 49
02:49:44.662 [raft-server-3-state] TRACE i.a.utils.serializer.KryoNamespace - class java.util.ArrayList registered as 27
02:49:44.662 [raft-server-2-state] TRACE i.a.utils.serializer.KryoNamespace - class [Z registered as 50
02:49:44.662 [raft-server-3-state] TRACE i.a.utils.serializer.KryoNamespace - class java.util.LinkedList registered as 28
02:49:44.662 [raft-server-2-state] TRACE i.a.utils.serializer.KryoNamespace - class [Ljava.lang.Object; registered as 51
02:49:44.662 [raft-server-2-state] TRACE i.a.utils.serializer.KryoNamespace - class io.atomix.primitive.service.ServiceConfig registered as 52
02:49:44.662 [raft-server-3-state] TRACE i.a.utils.serializer.KryoNamespace - class java.util.HashSet registered as 29
02:49:44.662 [raft-server-3-state] TRACE i.a.utils.serializer.KryoNamespace - class java.util.LinkedHashSet registered as 30
02:49:44.662 [raft-server-2-state] TRACE i.a.utils.serializer.KryoNamespace - Creating Kryo instance for KryoNamespace{registeredBlocks=[RegistrationBlock{begin=16, types=[([Ljava.lang.Class;@6b321262,null), ([Ljava.lang.Class;@68b11545,null), ([Ljava.lang.Class;@7d0100ea,null), ([Ljava.lang.Class;@357bc488,null), ([Ljava.lang.Class;@4ea17147,io.atomix.utils.serializer.serializers.ImmutableListSerializer@2eda4eeb), ([Ljava.lang.Class;@5ba90d8a,io.atomix.utils.serializer.serializers.ImmutableSetSerializer@309dcdf3), ([Ljava.lang.Class;@7573b9ee,io.atomix.utils.serializer.serializers.ImmutableMapSerializer@9a20cbd), ([Ljava.lang.Class;@1af4955e,null), ([Ljava.lang.Class;@445821a6,null), ([Ljava.lang.Class;@2c0c4c0a,null), ([Ljava.lang.Class;@35d26ad2,null), ([Ljava.lang.Class;@bb25753,null), ([Ljava.lang.Class;@ee21292,null), ([Ljava.lang.Class;@40c06358,null), ([Ljava.lang.Class;@66e21568,null), ([Ljava.lang.Class;@7f73ce28,null), ([Ljava.lang.Class;@611b35d6,null), ([Ljava.lang.Class;@2282400e,null), ([Ljava.lang.Class;@543d5863,null), ([Ljava.lang.Class;@35dece42,null), ([Ljava.lang.Class;@dd3f8aa,io.atomix.utils.serializer.serializers.ArraysAsListSerializer@3d615b2e), ([Ljava.lang.Class;@3a1f2a1,null), ([Ljava.lang.Class;@40ce9049,null), ([Ljava.lang.Class;@52ca2652,null), ([Ljava.lang.Class;@65c5bf0e,null), ([Ljava.lang.Class;@697d6ded,null), ([Ljava.lang.Class;@5d05f453,null), ([Ljava.lang.Class;@5efeb117,null), ([Ljava.lang.Class;@160b4809,null), ([Ljava.lang.Class;@149b4d20,null), ([Ljava.lang.Class;@664e848c,null), ([Ljava.lang.Class;@4d93f75b,null), ([Ljava.lang.Class;@114a5e0,null), ([Ljava.lang.Class;@4f281aaf,null), ([Ljava.lang.Class;@5d508d22,null), ([Ljava.lang.Class;@f2b90fc,null)]}, RegistrationBlock{begin=52, types=[([Ljava.lang.Class;@55affa64,null)]}]}
02:49:44.662 [raft-server-3-state] TRACE i.a.utils.serializer.KryoNamespace - class com.sun.jmx.remote.internal.ArrayQueue registered as 31
02:49:44.662 [raft-server-2-state] TRACE i.a.utils.serializer.KryoNamespace - class [B registered as 16
02:49:44.662 [raft-server-3-state] TRACE i.a.utils.serializer.KryoNamespace - class java.util.ArrayDeque registered as 32
02:49:44.662 [raft-server-2-state] TRACE i.a.utils.serializer.KryoNamespace - class java.util.concurrent.atomic.AtomicBoolean registered as 17
02:49:44.663 [raft-server-3-state] TRACE i.a.utils.serializer.KryoNamespace - class com.google.common.collect.HashMultiset registered as 33
02:49:44.663 [raft-server-2-state] TRACE i.a.utils.serializer.KryoNamespace - class java.util.concurrent.atomic.AtomicInteger registered as 18
02:49:44.663 [raft-server-3-state] TRACE i.a.utils.serializer.KryoNamespace - class com.google.common.collect.Sets registered as 34
02:49:44.663 [raft-server-2-state] TRACE i.a.utils.serializer.KryoNamespace - class java.util.concurrent.atomic.AtomicLong registered as 19
02:49:44.663 [raft-server-3-state] TRACE i.a.utils.serializer.KryoNamespace - class com.google.common.collect.ImmutableEntry registered as 35
02:49:44.663 [raft-server-2-state] TRACE i.a.utils.serializer.KryoNamespace - class com.google.common.collect.ImmutableList registered as 20
02:49:44.663 [raft-server-3-state] TRACE i.a.utils.serializer.KryoNamespace - class java.util.Arrays$ArrayList registered as 36
02:49:44.663 [raft-server-2-state] TRACE i.a.utils.serializer.KryoNamespace - class com.google.common.collect.RegularImmutableList registered as 20
02:49:44.663 [raft-server-2-state] TRACE i.a.utils.serializer.KryoNamespace - class com.google.common.collect.RegularImmutableList registered as 20
02:49:44.663 [raft-server-3-state] TRACE i.a.utils.serializer.KryoNamespace - class java.util.Collections$SingletonList registered as 37
02:49:44.663 [raft-server-2-state] TRACE i.a.utils.serializer.KryoNamespace - class com.google.common.collect.ImmutableList$SubList registered as 20
02:49:44.663 [raft-server-3-state] TRACE i.a.utils.serializer.KryoNamespace - class java.time.Duration registered as 38
02:49:44.663 [raft-server-2-state] TRACE i.a.utils.serializer.KryoNamespace - class com.google.common.collect.ImmutableSet registered as 21
02:49:44.663 [raft-server-2-state] TRACE i.a.utils.serializer.KryoNamespace - class com.google.common.collect.RegularImmutableSet registered as 21
02:49:44.663 [raft-server-3-state] TRACE i.a.utils.serializer.KryoNamespace - class java.util.Collections$EmptySet registered as 39
02:49:44.663 [raft-server-2-state] TRACE i.a.utils.serializer.KryoNamespace - class com.google.common.collect.SingletonImmutableSet registered as 21
02:49:44.663 [raft-server-3-state] TRACE i.a.utils.serializer.KryoNamespace - class java.util.Optional registered as 40
02:49:44.663 [raft-server-2-state] TRACE i.a.utils.serializer.KryoNamespace - class com.google.common.collect.RegularImmutableSet registered as 21
02:49:44.663 [raft-server-2-state] TRACE i.a.utils.serializer.KryoNamespace - class com.google.common.collect.ImmutableMap registered as 22
02:49:44.663 [raft-server-3-state] TRACE i.a.utils.serializer.KryoNamespace - class java.util.Collections$EmptyList registered as 41
02:49:44.663 [raft-server-2-state] TRACE i.a.utils.serializer.KryoNamespace - class com.google.common.collect.RegularImmutableMap registered as 22
02:49:44.663 [raft-server-2-state] TRACE i.a.utils.serializer.KryoNamespace - class com.google.common.collect.RegularImmutableMap registered as 22
02:49:44.663 [raft-server-3-state] TRACE i.a.utils.serializer.KryoNamespace - class java.util.Collections$SingletonSet registered as 42
02:49:44.663 [raft-server-2-state] TRACE i.a.utils.serializer.KryoNamespace - class com.google.common.collect.RegularImmutableMap registered as 22
02:49:44.664 [raft-server-3-state] TRACE i.a.utils.serializer.KryoNamespace - class [I registered as 43
02:49:44.664 [raft-server-2-state] TRACE i.a.utils.serializer.KryoNamespace - class java.util.Collections$UnmodifiableSet registered as 23
02:49:44.664 [raft-server-3-state] TRACE i.a.utils.serializer.KryoNamespace - class [J registered as 44
02:49:44.664 [raft-server-2-state] TRACE i.a.utils.serializer.KryoNamespace - class java.util.HashMap registered as 24
02:49:44.664 [raft-server-3-state] TRACE i.a.utils.serializer.KryoNamespace - class [S registered as 45
02:49:44.664 [raft-server-3-state] TRACE i.a.utils.serializer.KryoNamespace - class [D registered as 46
02:49:44.664 [raft-server-2-state] TRACE i.a.utils.serializer.KryoNamespace - class java.util.concurrent.ConcurrentHashMap registered as 25
02:49:44.664 [raft-server-3-state] TRACE i.a.utils.serializer.KryoNamespace - class [F registered as 47
02:49:44.664 [raft-server-3-state] TRACE i.a.utils.serializer.KryoNamespace - class [C registered as 48
02:49:44.664 [raft-server-2-state] TRACE i.a.utils.serializer.KryoNamespace - class java.util.concurrent.CopyOnWriteArraySet registered as 26
02:49:44.664 [raft-server-3-state] TRACE i.a.utils.serializer.KryoNamespace - class [Ljava.lang.String; registered as 49
02:49:44.664 [raft-server-2-state] TRACE i.a.utils.serializer.KryoNamespace - class java.util.ArrayList registered as 27
02:49:44.664 [raft-server-3-state] TRACE i.a.utils.serializer.KryoNamespace - class [Z registered as 50
02:49:44.664 [raft-server-3-state] TRACE i.a.utils.serializer.KryoNamespace - class [Ljava.lang.Object; registered as 51
02:49:44.664 [raft-server-2-state] TRACE i.a.utils.serializer.KryoNamespace - class java.util.LinkedList registered as 28
02:49:44.664 [raft-server-3-state] TRACE i.a.utils.serializer.KryoNamespace - class io.atomix.primitive.service.ServiceConfig registered as 52
02:49:44.664 [raft-server-2-state] TRACE i.a.utils.serializer.KryoNamespace - class java.util.HashSet registered as 29
02:49:44.664 [raft-server-2-state] TRACE i.a.utils.serializer.KryoNamespace - class java.util.LinkedHashSet registered as 30
02:49:44.664 [raft-server-2-state] TRACE i.a.utils.serializer.KryoNamespace - class com.sun.jmx.remote.internal.ArrayQueue registered as 31
02:49:44.664 [raft-server-3-state] DEBUG i.a.p.s.impl.DefaultServiceExecutor - PrimitiveService{2}{type=io.atomix.protocols.raft.RaftTest$TestPrimitiveType@2669790c, name=raft-test} - Registered operation callback DefaultOperationId{id=sendEvent, type=COMMAND}
02:49:44.665 [raft-server-2-state] TRACE i.a.utils.serializer.KryoNamespace - class java.util.ArrayDeque registered as 32
02:49:44.665 [raft-server-3-state] DEBUG i.a.p.s.impl.DefaultServiceExecutor - PrimitiveService{2}{type=io.atomix.protocols.raft.RaftTest$TestPrimitiveType@2669790c, name=raft-test} - Registered operation callback DefaultOperationId{id=onClose, type=COMMAND}
02:49:44.665 [raft-server-2-state] TRACE i.a.utils.serializer.KryoNamespace - class com.google.common.collect.HashMultiset registered as 33
02:49:44.665 [raft-server-3-state] DEBUG i.a.p.s.impl.DefaultServiceExecutor - PrimitiveService{2}{type=io.atomix.protocols.raft.RaftTest$TestPrimitiveType@2669790c, name=raft-test} - Registered operation callback DefaultOperationId{id=read, type=QUERY}
02:49:44.665 [raft-server-2-state] TRACE i.a.utils.serializer.KryoNamespace - class com.google.common.collect.Sets registered as 34
02:49:44.665 [raft-server-3-state] DEBUG i.a.p.s.impl.DefaultServiceExecutor - PrimitiveService{2}{type=io.atomix.protocols.raft.RaftTest$TestPrimitiveType@2669790c, name=raft-test} - Registered operation callback DefaultOperationId{id=onExpire, type=COMMAND}
02:49:44.665 [raft-server-2-state] TRACE i.a.utils.serializer.KryoNamespace - class com.google.common.collect.ImmutableEntry registered as 35
02:49:44.665 [raft-server-3-state] DEBUG i.a.p.s.impl.DefaultServiceExecutor - PrimitiveService{2}{type=io.atomix.protocols.raft.RaftTest$TestPrimitiveType@2669790c, name=raft-test} - Registered operation callback DefaultOperationId{id=write, type=COMMAND}
02:49:44.665 [raft-server-2-state] TRACE i.a.utils.serializer.KryoNamespace - class java.util.Arrays$ArrayList registered as 36
02:49:44.665 [raft-server-2-state] TRACE i.a.utils.serializer.KryoNamespace - class java.util.Collections$SingletonList registered as 37
02:49:44.665 [raft-server-3-state] TRACE i.a.utils.serializer.KryoNamespace - Creating Kryo instance for KryoNamespace{registeredBlocks=[RegistrationBlock{begin=16, types=[([Ljava.lang.Class;@6b321262,null), ([Ljava.lang.Class;@68b11545,null), ([Ljava.lang.Class;@7d0100ea,null), ([Ljava.lang.Class;@357bc488,null), ([Ljava.lang.Class;@4ea17147,io.atomix.utils.serializer.serializers.ImmutableListSerializer@2eda4eeb), ([Ljava.lang.Class;@5ba90d8a,io.atomix.utils.serializer.serializers.ImmutableSetSerializer@309dcdf3), ([Ljava.lang.Class;@7573b9ee,io.atomix.utils.serializer.serializers.ImmutableMapSerializer@9a20cbd), ([Ljava.lang.Class;@1af4955e,null), ([Ljava.lang.Class;@445821a6,null), ([Ljava.lang.Class;@2c0c4c0a,null), ([Ljava.lang.Class;@35d26ad2,null), ([Ljava.lang.Class;@bb25753,null), ([Ljava.lang.Class;@ee21292,null), ([Ljava.lang.Class;@40c06358,null), ([Ljava.lang.Class;@66e21568,null), ([Ljava.lang.Class;@7f73ce28,null), ([Ljava.lang.Class;@611b35d6,null), ([Ljava.lang.Class;@2282400e,null), ([Ljava.lang.Class;@543d5863,null), ([Ljava.lang.Class;@35dece42,null), ([Ljava.lang.Class;@dd3f8aa,io.atomix.utils.serializer.serializers.ArraysAsListSerializer@3d615b2e), ([Ljava.lang.Class;@3a1f2a1,null), ([Ljava.lang.Class;@40ce9049,null), ([Ljava.lang.Class;@52ca2652,null), ([Ljava.lang.Class;@65c5bf0e,null), ([Ljava.lang.Class;@697d6ded,null), ([Ljava.lang.Class;@5d05f453,null), ([Ljava.lang.Class;@5efeb117,null), ([Ljava.lang.Class;@160b4809,null), ([Ljava.lang.Class;@149b4d20,null), ([Ljava.lang.Class;@664e848c,null), ([Ljava.lang.Class;@4d93f75b,null), ([Ljava.lang.Class;@114a5e0,null), ([Ljava.lang.Class;@4f281aaf,null), ([Ljava.lang.Class;@5d508d22,null), ([Ljava.lang.Class;@f2b90fc,null)]}, RegistrationBlock{begin=52, types=[([Ljava.lang.Class;@530c558c,null)]}]}
02:49:44.665 [raft-server-2-state] TRACE i.a.utils.serializer.KryoNamespace - class java.time.Duration registered as 38
02:49:44.665 [raft-server-3-state] TRACE i.a.utils.serializer.KryoNamespace - class [B registered as 16
02:49:44.665 [raft-server-2-state] TRACE i.a.utils.serializer.KryoNamespace - class java.util.Collections$EmptySet registered as 39
02:49:44.665 [raft-server-3-state] TRACE i.a.utils.serializer.KryoNamespace - class java.util.concurrent.atomic.AtomicBoolean registered as 17
02:49:44.665 [raft-server-2-state] TRACE i.a.utils.serializer.KryoNamespace - class java.util.Optional registered as 40
02:49:44.665 [raft-server-3-state] TRACE i.a.utils.serializer.KryoNamespace - class java.util.concurrent.atomic.AtomicInteger registered as 18
02:49:44.666 [raft-server-2-state] TRACE i.a.utils.serializer.KryoNamespace - class java.util.Collections$EmptyList registered as 41
02:49:44.666 [raft-server-3-state] TRACE i.a.utils.serializer.KryoNamespace - class java.util.concurrent.atomic.AtomicLong registered as 19
02:49:44.666 [raft-server-2-state] TRACE i.a.utils.serializer.KryoNamespace - class java.util.Collections$SingletonSet registered as 42
02:49:44.666 [raft-server-3-state] TRACE i.a.utils.serializer.KryoNamespace - class com.google.common.collect.ImmutableList registered as 20
02:49:44.666 [raft-server-2-state] TRACE i.a.utils.serializer.KryoNamespace - class [I registered as 43
02:49:44.666 [raft-server-3-state] TRACE i.a.utils.serializer.KryoNamespace - class com.google.common.collect.RegularImmutableList registered as 20
02:49:44.666 [raft-server-2-state] TRACE i.a.utils.serializer.KryoNamespace - class [J registered as 44
02:49:44.666 [raft-server-3-state] TRACE i.a.utils.serializer.KryoNamespace - class com.google.common.collect.RegularImmutableList registered as 20
02:49:44.666 [raft-server-2-state] TRACE i.a.utils.serializer.KryoNamespace - class [S registered as 45
02:49:44.666 [raft-server-3-state] TRACE i.a.utils.serializer.KryoNamespace - class com.google.common.collect.ImmutableList$SubList registered as 20
02:49:44.666 [raft-server-2-state] TRACE i.a.utils.serializer.KryoNamespace - class [D registered as 46
02:49:44.666 [raft-server-3-state] TRACE i.a.utils.serializer.KryoNamespace - class com.google.common.collect.ImmutableSet registered as 21
02:49:44.666 [raft-server-3-state] TRACE i.a.utils.serializer.KryoNamespace - class com.google.common.collect.RegularImmutableSet registered as 21
02:49:44.666 [raft-server-2-state] TRACE i.a.utils.serializer.KryoNamespace - class [F registered as 47
02:49:44.666 [raft-server-3-state] TRACE i.a.utils.serializer.KryoNamespace - class com.google.common.collect.SingletonImmutableSet registered as 21
02:49:44.666 [raft-server-3-state] TRACE i.a.utils.serializer.KryoNamespace - class com.google.common.collect.RegularImmutableSet registered as 21
02:49:44.666 [raft-server-2-state] TRACE i.a.utils.serializer.KryoNamespace - class [C registered as 48
02:49:44.666 [raft-server-3-state] TRACE i.a.utils.serializer.KryoNamespace - class com.google.common.collect.ImmutableMap registered as 22
02:49:44.666 [raft-server-3-state] TRACE i.a.utils.serializer.KryoNamespace - class com.google.common.collect.RegularImmutableMap registered as 22
02:49:44.666 [raft-server-2-state] TRACE i.a.utils.serializer.KryoNamespace - class [Ljava.lang.String; registered as 49
02:49:44.666 [raft-server-3-state] TRACE i.a.utils.serializer.KryoNamespace - class com.google.common.collect.RegularImmutableMap registered as 22
02:49:44.666 [raft-server-3-state] TRACE i.a.utils.serializer.KryoNamespace - class com.google.common.collect.RegularImmutableMap registered as 22
02:49:44.666 [raft-server-2-state] TRACE i.a.utils.serializer.KryoNamespace - class [Z registered as 50
02:49:44.666 [raft-server-2-state] TRACE i.a.utils.serializer.KryoNamespace - class [Ljava.lang.Object; registered as 51
02:49:44.666 [raft-server-3-state] TRACE i.a.utils.serializer.KryoNamespace - class java.util.Collections$UnmodifiableSet registered as 23
02:49:44.667 [raft-server-2-state] TRACE i.a.utils.serializer.KryoNamespace - class io.atomix.primitive.service.ServiceConfig registered as 52
02:49:44.667 [raft-server-3-state] TRACE i.a.utils.serializer.KryoNamespace - class java.util.HashMap registered as 24
02:49:44.667 [raft-server-3-state] TRACE i.a.utils.serializer.KryoNamespace - class java.util.concurrent.ConcurrentHashMap registered as 25
02:49:44.667 [raft-server-2-state] DEBUG i.a.p.s.impl.DefaultServiceExecutor - PrimitiveService{2}{type=io.atomix.protocols.raft.RaftTest$TestPrimitiveType@10ad7eb5, name=raft-test} - Registered operation callback DefaultOperationId{id=sendEvent, type=COMMAND}
02:49:44.667 [raft-server-3-state] TRACE i.a.utils.serializer.KryoNamespace - class java.util.concurrent.CopyOnWriteArraySet registered as 26
02:49:44.667 [raft-server-2-state] DEBUG i.a.p.s.impl.DefaultServiceExecutor - PrimitiveService{2}{type=io.atomix.protocols.raft.RaftTest$TestPrimitiveType@10ad7eb5, name=raft-test} - Registered operation callback DefaultOperationId{id=onClose, type=COMMAND}
02:49:44.667 [raft-server-3-state] TRACE i.a.utils.serializer.KryoNamespace - class java.util.ArrayList registered as 27
02:49:44.667 [raft-server-2-state] DEBUG i.a.p.s.impl.DefaultServiceExecutor - PrimitiveService{2}{type=io.atomix.protocols.raft.RaftTest$TestPrimitiveType@10ad7eb5, name=raft-test} - Registered operation callback DefaultOperationId{id=read, type=QUERY}
02:49:44.667 [raft-server-3-state] TRACE i.a.utils.serializer.KryoNamespace - class java.util.LinkedList registered as 28
02:49:44.667 [raft-server-2-state] DEBUG i.a.p.s.impl.DefaultServiceExecutor - PrimitiveService{2}{type=io.atomix.protocols.raft.RaftTest$TestPrimitiveType@10ad7eb5, name=raft-test} - Registered operation callback DefaultOperationId{id=onExpire, type=COMMAND}
02:49:44.667 [raft-server-3-state] TRACE i.a.utils.serializer.KryoNamespace - class java.util.HashSet registered as 29
02:49:44.667 [raft-server-2-state] DEBUG i.a.p.s.impl.DefaultServiceExecutor - PrimitiveService{2}{type=io.atomix.protocols.raft.RaftTest$TestPrimitiveType@10ad7eb5, name=raft-test} - Registered operation callback DefaultOperationId{id=write, type=COMMAND}
02:49:44.667 [raft-server-3-state] TRACE i.a.utils.serializer.KryoNamespace - class java.util.LinkedHashSet registered as 30
02:49:44.667 [raft-server-3-state] TRACE i.a.utils.serializer.KryoNamespace - class com.sun.jmx.remote.internal.ArrayQueue registered as 31
02:49:44.667 [raft-server-2-state] TRACE i.a.utils.serializer.KryoNamespace - Creating Kryo instance for KryoNamespace{registeredBlocks=[RegistrationBlock{begin=16, types=[([Ljava.lang.Class;@6b321262,null), ([Ljava.lang.Class;@68b11545,null), ([Ljava.lang.Class;@7d0100ea,null), ([Ljava.lang.Class;@357bc488,null), ([Ljava.lang.Class;@4ea17147,io.atomix.utils.serializer.serializers.ImmutableListSerializer@2eda4eeb), ([Ljava.lang.Class;@5ba90d8a,io.atomix.utils.serializer.serializers.ImmutableSetSerializer@309dcdf3), ([Ljava.lang.Class;@7573b9ee,io.atomix.utils.serializer.serializers.ImmutableMapSerializer@9a20cbd), ([Ljava.lang.Class;@1af4955e,null), ([Ljava.lang.Class;@445821a6,null), ([Ljava.lang.Class;@2c0c4c0a,null), ([Ljava.lang.Class;@35d26ad2,null), ([Ljava.lang.Class;@bb25753,null), ([Ljava.lang.Class;@ee21292,null), ([Ljava.lang.Class;@40c06358,null), ([Ljava.lang.Class;@66e21568,null), ([Ljava.lang.Class;@7f73ce28,null), ([Ljava.lang.Class;@611b35d6,null), ([Ljava.lang.Class;@2282400e,null), ([Ljava.lang.Class;@543d5863,null), ([Ljava.lang.Class;@35dece42,null), ([Ljava.lang.Class;@dd3f8aa,io.atomix.utils.serializer.serializers.ArraysAsListSerializer@3d615b2e), ([Ljava.lang.Class;@3a1f2a1,null), ([Ljava.lang.Class;@40ce9049,null), ([Ljava.lang.Class;@52ca2652,null), ([Ljava.lang.Class;@65c5bf0e,null), ([Ljava.lang.Class;@697d6ded,null), ([Ljava.lang.Class;@5d05f453,null), ([Ljava.lang.Class;@5efeb117,null), ([Ljava.lang.Class;@160b4809,null), ([Ljava.lang.Class;@149b4d20,null), ([Ljava.lang.Class;@664e848c,null), ([Ljava.lang.Class;@4d93f75b,null), ([Ljava.lang.Class;@114a5e0,null), ([Ljava.lang.Class;@4f281aaf,null), ([Ljava.lang.Class;@5d508d22,null), ([Ljava.lang.Class;@f2b90fc,null)]}, RegistrationBlock{begin=52, types=[([Ljava.lang.Class;@73119285,null)]}]}
02:49:44.667 [raft-server-3-state] TRACE i.a.utils.serializer.KryoNamespace - class java.util.ArrayDeque registered as 32
02:49:44.667 [raft-server-2-state] TRACE i.a.utils.serializer.KryoNamespace - class [B registered as 16
02:49:44.668 [raft-server-3-state] TRACE i.a.utils.serializer.KryoNamespace - class com.google.common.collect.HashMultiset registered as 33
02:49:44.668 [raft-server-2-state] TRACE i.a.utils.serializer.KryoNamespace - class java.util.concurrent.atomic.AtomicBoolean registered as 17
02:49:44.668 [raft-server-3-state] TRACE i.a.utils.serializer.KryoNamespace - class com.google.common.collect.Sets registered as 34
02:49:44.668 [raft-server-2-state] TRACE i.a.utils.serializer.KryoNamespace - class java.util.concurrent.atomic.AtomicInteger registered as 18
02:49:44.668 [raft-server-3-state] TRACE i.a.utils.serializer.KryoNamespace - class com.google.common.collect.ImmutableEntry registered as 35
02:49:44.668 [raft-server-2-state] TRACE i.a.utils.serializer.KryoNamespace - class java.util.concurrent.atomic.AtomicLong registered as 19
02:49:44.668 [raft-server-3-state] TRACE i.a.utils.serializer.KryoNamespace - class java.util.Arrays$ArrayList registered as 36
02:49:44.668 [raft-server-2-state] TRACE i.a.utils.serializer.KryoNamespace - class com.google.common.collect.ImmutableList registered as 20
02:49:44.668 [raft-server-2-state] TRACE i.a.utils.serializer.KryoNamespace - class com.google.common.collect.RegularImmutableList registered as 20
02:49:44.668 [raft-server-3-state] TRACE i.a.utils.serializer.KryoNamespace - class java.util.Collections$SingletonList registered as 37
02:49:44.668 [raft-server-3-state] TRACE i.a.utils.serializer.KryoNamespace - class java.time.Duration registered as 38
02:49:44.668 [raft-server-2-state] TRACE i.a.utils.serializer.KryoNamespace - class com.google.common.collect.RegularImmutableList registered as 20
02:49:44.668 [raft-server-2-state] TRACE i.a.utils.serializer.KryoNamespace - class com.google.common.collect.ImmutableList$SubList registered as 20
02:49:44.668 [raft-server-3-state] TRACE i.a.utils.serializer.KryoNamespace - class java.util.Collections$EmptySet registered as 39
02:49:44.668 [raft-server-2-state] TRACE i.a.utils.serializer.KryoNamespace - class com.google.common.collect.ImmutableSet registered as 21
02:49:44.668 [raft-server-3-state] TRACE i.a.utils.serializer.KryoNamespace - class java.util.Optional registered as 40
02:49:44.668 [raft-server-2-state] TRACE i.a.utils.serializer.KryoNamespace - class com.google.common.collect.RegularImmutableSet registered as 21
02:49:44.668 [raft-server-2-state] TRACE i.a.utils.serializer.KryoNamespace - class com.google.common.collect.SingletonImmutableSet registered as 21
02:49:44.668 [raft-server-3-state] TRACE i.a.utils.serializer.KryoNamespace - class java.util.Collections$EmptyList registered as 41
02:49:44.668 [raft-server-2-state] TRACE i.a.utils.serializer.KryoNamespace - class com.google.common.collect.RegularImmutableSet registered as 21
02:49:44.669 [raft-server-2-state] TRACE i.a.utils.serializer.KryoNamespace - class com.google.common.collect.ImmutableMap registered as 22
02:49:44.669 [raft-server-3-state] TRACE i.a.utils.serializer.KryoNamespace - class java.util.Collections$SingletonSet registered as 42
02:49:44.669 [raft-server-2-state] TRACE i.a.utils.serializer.KryoNamespace - class com.google.common.collect.RegularImmutableMap registered as 22
02:49:44.669 [raft-server-2-state] TRACE i.a.utils.serializer.KryoNamespace - class com.google.common.collect.RegularImmutableMap registered as 22
02:49:44.669 [raft-server-3-state] TRACE i.a.utils.serializer.KryoNamespace - class [I registered as 43
02:49:44.669 [raft-server-2-state] TRACE i.a.utils.serializer.KryoNamespace - class com.google.common.collect.RegularImmutableMap registered as 22
02:49:44.669 [raft-server-3-state] TRACE i.a.utils.serializer.KryoNamespace - class [J registered as 44
02:49:44.669 [raft-server-2-state] TRACE i.a.utils.serializer.KryoNamespace - class java.util.Collections$UnmodifiableSet registered as 23
02:49:44.669 [raft-server-3-state] TRACE i.a.utils.serializer.KryoNamespace - class [S registered as 45
02:49:44.669 [raft-server-2-state] TRACE i.a.utils.serializer.KryoNamespace - class java.util.HashMap registered as 24
02:49:44.669 [raft-server-3-state] TRACE i.a.utils.serializer.KryoNamespace - class [D registered as 46
02:49:44.669 [raft-server-3-state] TRACE i.a.utils.serializer.KryoNamespace - class [F registered as 47
02:49:44.669 [raft-server-2-state] TRACE i.a.utils.serializer.KryoNamespace - class java.util.concurrent.ConcurrentHashMap registered as 25
02:49:44.669 [raft-server-3-state] TRACE i.a.utils.serializer.KryoNamespace - class [C registered as 48
02:49:44.669 [raft-server-2-state] TRACE i.a.utils.serializer.KryoNamespace - class java.util.concurrent.CopyOnWriteArraySet registered as 26
02:49:44.669 [raft-server-3-state] TRACE i.a.utils.serializer.KryoNamespace - class [Ljava.lang.String; registered as 49
02:49:44.669 [raft-server-2-state] TRACE i.a.utils.serializer.KryoNamespace - class java.util.ArrayList registered as 27
02:49:44.669 [raft-server-3-state] TRACE i.a.utils.serializer.KryoNamespace - class [Z registered as 50
02:49:44.669 [raft-server-3-state] TRACE i.a.utils.serializer.KryoNamespace - class [Ljava.lang.Object; registered as 51
02:49:44.669 [raft-server-2-state] TRACE i.a.utils.serializer.KryoNamespace - class java.util.LinkedList registered as 28
02:49:44.669 [raft-server-3-state] TRACE i.a.utils.serializer.KryoNamespace - class io.atomix.primitive.service.ServiceConfig registered as 52
02:49:44.669 [raft-server-2-state] TRACE i.a.utils.serializer.KryoNamespace - class java.util.HashSet registered as 29
02:49:44.669 [raft-server-3-state] DEBUG i.a.p.r.service.RaftServiceContext - PrimitiveService{2}{type=io.atomix.protocols.raft.RaftTest$TestPrimitiveType@2669790c, name=raft-test} - Opening session 2
02:49:44.669 [raft-server-2-state] TRACE i.a.utils.serializer.KryoNamespace - class java.util.LinkedHashSet registered as 30
02:49:44.669 [raft-server-3-state] DEBUG i.a.p.raft.session.RaftSession - Session{2}{type=io.atomix.protocols.raft.RaftTest$TestPrimitiveType@2669790c, name=raft-test} - State changed: OPEN
02:49:44.670 [raft-server-2-state] TRACE i.a.utils.serializer.KryoNamespace - class com.sun.jmx.remote.internal.ArrayQueue registered as 31
02:49:44.670 [raft-server-2-state] TRACE i.a.utils.serializer.KryoNamespace - class java.util.ArrayDeque registered as 32
02:49:44.670 [raft-server-2-state] TRACE i.a.utils.serializer.KryoNamespace - class com.google.common.collect.HashMultiset registered as 33
02:49:44.670 [raft-server-2-state] TRACE i.a.utils.serializer.KryoNamespace - class com.google.common.collect.Sets registered as 34
02:49:44.670 [raft-server-2-state] TRACE i.a.utils.serializer.KryoNamespace - class com.google.common.collect.ImmutableEntry registered as 35
02:49:44.670 [raft-server-2-state] TRACE i.a.utils.serializer.KryoNamespace - class java.util.Arrays$ArrayList registered as 36
02:49:44.670 [raft-server-2-state] TRACE i.a.utils.serializer.KryoNamespace - class java.util.Collections$SingletonList registered as 37
02:49:44.670 [raft-server-2-state] TRACE i.a.utils.serializer.KryoNamespace - class java.time.Duration registered as 38
02:49:44.670 [raft-server-2-state] TRACE i.a.utils.serializer.KryoNamespace - class java.util.Collections$EmptySet registered as 39
02:49:44.670 [raft-server-2-state] TRACE i.a.utils.serializer.KryoNamespace - class java.util.Optional registered as 40
02:49:44.670 [raft-server-2-state] TRACE i.a.utils.serializer.KryoNamespace - class java.util.Collections$EmptyList registered as 41
02:49:44.670 [raft-server-2-state] TRACE i.a.utils.serializer.KryoNamespace - class java.util.Collections$SingletonSet registered as 42
02:49:44.670 [raft-server-2-state] TRACE i.a.utils.serializer.KryoNamespace - class [I registered as 43
02:49:44.670 [raft-server-2-state] TRACE i.a.utils.serializer.KryoNamespace - class [J registered as 44
02:49:44.670 [raft-server-2-state] TRACE i.a.utils.serializer.KryoNamespace - class [S registered as 45
02:49:44.670 [raft-server-2-state] TRACE i.a.utils.serializer.KryoNamespace - class [D registered as 46
02:49:44.670 [raft-server-2-state] TRACE i.a.utils.serializer.KryoNamespace - class [F registered as 47
02:49:44.670 [raft-server-2-state] TRACE i.a.utils.serializer.KryoNamespace - class [C registered as 48
02:49:44.670 [raft-server-2-state] TRACE i.a.utils.serializer.KryoNamespace - class [Ljava.lang.String; registered as 49
02:49:44.670 [raft-server-2-state] TRACE i.a.utils.serializer.KryoNamespace - class [Z registered as 50
02:49:44.670 [raft-server-2-state] TRACE i.a.utils.serializer.KryoNamespace - class [Ljava.lang.Object; registered as 51
02:49:44.670 [raft-server-2-state] TRACE i.a.utils.serializer.KryoNamespace - class io.atomix.primitive.service.ServiceConfig registered as 52
02:49:44.670 [raft-server-2-state] DEBUG i.a.p.r.service.RaftServiceContext - PrimitiveService{2}{type=io.atomix.protocols.raft.RaftTest$TestPrimitiveType@10ad7eb5, name=raft-test} - Opening session 2
02:49:44.670 [raft-server-2-state] DEBUG i.a.p.raft.session.RaftSession - Session{2}{type=io.atomix.protocols.raft.RaftTest$TestPrimitiveType@10ad7eb5, name=raft-test} - State changed: OPEN
02:49:44.719 [raft-server-1] TRACE i.a.p.raft.roles.LeaderAppender - RaftServer{1} - Sending AppendRequest{term=1, leader=1, prevLogIndex=3, prevLogTerm=1, entries=0, commitIndex=3} to 2
02:49:44.719 [raft-server-1] TRACE i.a.p.raft.roles.LeaderAppender - RaftServer{1} - Received AppendResponse{status=OK, term=1, succeeded=true, lastLogIndex=3} from 3
02:49:44.719 [raft-server-2] TRACE i.a.p.raft.roles.FollowerRole - RaftServer{2}{role=FOLLOWER} - Received AppendRequest{term=1, leader=1, prevLogIndex=3, prevLogTerm=1, entries=0, commitIndex=3}
02:49:44.719 [raft-server-1] TRACE i.a.p.raft.roles.LeaderAppender - RaftServer{1} - Sending AppendRequest{term=1, leader=1, prevLogIndex=3, prevLogTerm=1, entries=0, commitIndex=3} to 3
02:49:44.719 [raft-server-3] TRACE i.a.p.raft.roles.FollowerRole - RaftServer{3}{role=FOLLOWER} - Received AppendRequest{term=1, leader=1, prevLogIndex=3, prevLogTerm=1, entries=0, commitIndex=3}
02:49:44.719 [raft-server-1] TRACE i.a.protocols.raft.roles.LeaderRole - RaftServer{1}{role=LEADER} - Received CommandRequest{session=2, sequence=1, operation=PrimitiveOperation{id=DefaultOperationId{id=write, type=COMMAND}, value=byte[]{length=17, hash=-1644578928}}}
02:49:44.720 [raft-server-1] TRACE i.a.protocols.raft.roles.LeaderRole - RaftServer{1}{role=LEADER} - Appended Indexed{index=4, entry=CommandEntry{term=1, timestamp=2018-06-09 02:49:44,719, session=2, sequence=1, operation=PrimitiveOperation{id=DefaultOperationId{id=write, type=COMMAND}, value=byte[]{length=17, hash=-1644578928}}}}
02:49:44.720 [raft-server-1-state] TRACE i.a.p.raft.impl.RaftServiceManager - RaftServer{1} - Applying Indexed{index=3, entry=KeepAliveEntry{term=1, timestamp=2018-06-09 02:49:44,559, sessionIds=long[]{length=1, hash=33}, commandSequences=long[]{length=1, hash=31}, eventIndexes=long[]{length=1, hash=33}}}
02:49:44.720 [raft-server-1] TRACE i.a.protocols.raft.roles.LeaderRole - RaftServer{1}{role=LEADER} - Sending KeepAliveResponse{status=OK, leader=1, members=[1, 3, 2], sessionIds=long[]{length=1, hash=33}}
02:49:44.811 [raft-server-2] TRACE i.a.p.raft.roles.FollowerRole - RaftServer{2}{role=FOLLOWER} - Committed entries up to index 3
02:49:44.811 [raft-server-2] TRACE i.a.p.raft.roles.FollowerRole - RaftServer{2}{role=FOLLOWER} - Sending AppendResponse{status=OK, term=1, succeeded=true, lastLogIndex=3}
02:49:44.811 [raft-server-1] TRACE i.a.p.raft.roles.LeaderAppender - RaftServer{1} - Received AppendResponse{status=OK, term=1, succeeded=true, lastLogIndex=3} from 2
02:49:44.811 [raft-server-2-state] TRACE i.a.p.raft.impl.RaftServiceManager - RaftServer{2} - Applying Indexed{index=3, entry=KeepAliveEntry{term=1, timestamp=2018-06-09 02:49:44,559, sessionIds=long[]{length=1, hash=33}, commandSequences=long[]{length=1, hash=31}, eventIndexes=long[]{length=1, hash=33}}}
02:49:44.811 [raft-server-1] TRACE i.a.p.raft.roles.LeaderAppender - RaftServer{1} - Sending AppendRequest{term=1, leader=1, prevLogIndex=3, prevLogTerm=1, entries=1, commitIndex=3} to 2
02:49:44.811 [raft-server-2] TRACE i.a.p.raft.roles.FollowerRole - RaftServer{2}{role=FOLLOWER} - Received AppendRequest{term=1, leader=1, prevLogIndex=3, prevLogTerm=1, entries=1, commitIndex=3}
02:49:44.811 [raft-server-2] TRACE i.a.p.raft.roles.FollowerRole - RaftServer{2}{role=FOLLOWER} - Appended Indexed{index=4, entry=CommandEntry{term=1, timestamp=2018-06-09 02:49:44,719, session=2, sequence=1, operation=PrimitiveOperation{id=DefaultOperationId{id=write, type=COMMAND}, value=byte[]{length=17, hash=-1644578928}}}}
02:49:44.811 [raft-server-2] TRACE i.a.p.raft.roles.FollowerRole - RaftServer{2}{role=FOLLOWER} - Sending AppendResponse{status=OK, term=1, succeeded=true, lastLogIndex=4}
02:49:44.811 [raft-server-1] TRACE i.a.p.raft.roles.LeaderAppender - RaftServer{1} - Received AppendResponse{status=OK, term=1, succeeded=true, lastLogIndex=4} from 2
02:49:44.811 [raft-server-1] TRACE i.a.p.raft.roles.LeaderAppender - RaftServer{1} - Committed entries up to 4
02:49:44.893 [raft-server-3] TRACE i.a.p.raft.roles.FollowerRole - RaftServer{3}{role=FOLLOWER} - Committed entries up to index 3
02:49:44.893 [raft-server-3] TRACE i.a.p.raft.roles.FollowerRole - RaftServer{3}{role=FOLLOWER} - Sending AppendResponse{status=OK, term=1, succeeded=true, lastLogIndex=3}
02:49:44.893 [raft-server-3] TRACE i.a.p.raft.roles.FollowerRole - RaftServer{3}{role=FOLLOWER} - Sending KeepAliveResponse{status=OK, leader=1, members=[1, 3, 2], sessionIds=long[]{length=1, hash=33}}
02:49:44.894 [raft-client-86eccf48-f731-4463-9ff4-1338804a1578-3] TRACE i.a.p.r.p.impl.RaftProxyConnection - RaftClient{86eccf48-f731-4463-9ff4-1338804a1578} - Received KeepAliveResponse{status=OK, leader=1, members=[1, 3, 2], sessionIds=long[]{length=1, hash=33}} from 3
02:49:44.894 [raft-server-3-state] TRACE i.a.p.raft.impl.RaftServiceManager - RaftServer{3} - Applying Indexed{index=3, entry=KeepAliveEntry{term=1, timestamp=2018-06-09 02:49:44,559, sessionIds=long[]{length=1, hash=33}, commandSequences=long[]{length=1, hash=31}, eventIndexes=long[]{length=1, hash=33}}}
02:49:44.895 [raft-client-86eccf48-f731-4463-9ff4-1338804a1578-4] TRACE i.a.p.r.p.impl.RaftProxyConnection - SessionClient{2}{type=io.atomix.protocols.raft.RaftTest$TestPrimitiveType@35bfa1bb, name=raft-test} - Sending CommandRequest{session=2, sequence=1, operation=PrimitiveOperation{id=DefaultOperationId{id=write, type=COMMAND}, value=byte[]{length=17, hash=-1644578928}}} to 2
02:49:44.895 [raft-server-2] TRACE i.a.p.raft.roles.FollowerRole - RaftServer{2}{role=FOLLOWER} - Received CommandRequest{session=2, sequence=1, operation=PrimitiveOperation{id=DefaultOperationId{id=write, type=COMMAND}, value=byte[]{length=17, hash=-1644578928}}}
02:49:44.960 [raft-server-1] TRACE i.a.p.raft.roles.LeaderAppender - RaftServer{1} - Sending AppendRequest{term=1, leader=1, prevLogIndex=3, prevLogTerm=1, entries=1, commitIndex=4} to 3
02:49:44.960 [raft-server-3] TRACE i.a.p.raft.roles.FollowerRole - RaftServer{3}{role=FOLLOWER} - Received AppendRequest{term=1, leader=1, prevLogIndex=3, prevLogTerm=1, entries=1, commitIndex=4}
02:49:44.960 [raft-server-1] TRACE i.a.p.raft.roles.LeaderAppender - RaftServer{1} - Sending AppendRequest{term=1, leader=1, prevLogIndex=4, prevLogTerm=1, entries=0, commitIndex=4} to 2
02:49:44.960 [raft-server-1] TRACE i.a.p.raft.roles.LeaderAppender - RaftServer{1} - Received AppendResponse{status=OK, term=1, succeeded=true, lastLogIndex=3} from 3
02:49:44.960 [raft-server-2] TRACE i.a.p.raft.roles.FollowerRole - RaftServer{2}{role=FOLLOWER} - Received AppendRequest{term=1, leader=1, prevLogIndex=4, prevLogTerm=1, entries=0, commitIndex=4}
02:49:44.960 [raft-server-1] TRACE i.a.protocols.raft.roles.LeaderRole - RaftServer{1}{role=LEADER} - Received CommandRequest{session=2, sequence=1, operation=PrimitiveOperation{id=DefaultOperationId{id=write, type=COMMAND}, value=byte[]{length=17, hash=-1644578928}}}
02:49:44.960 [raft-server-3] TRACE i.a.p.raft.roles.FollowerRole - RaftServer{3}{role=FOLLOWER} - Appended Indexed{index=4, entry=CommandEntry{term=1, timestamp=2018-06-09 02:49:44,719, session=2, sequence=1, operation=PrimitiveOperation{id=DefaultOperationId{id=write, type=COMMAND}, value=byte[]{length=17, hash=-1644578928}}}}
02:49:44.961 [raft-server-1] TRACE i.a.protocols.raft.roles.LeaderRole - RaftServer{1}{role=LEADER} - Appended Indexed{index=5, entry=CommandEntry{term=1, timestamp=2018-06-09 02:49:44,960, session=2, sequence=1, operation=PrimitiveOperation{id=DefaultOperationId{id=write, type=COMMAND}, value=byte[]{length=17, hash=-1644578928}}}}
02:49:44.961 [raft-server-1-state] TRACE i.a.p.raft.impl.RaftServiceManager - RaftServer{1} - Applying Indexed{index=4, entry=CommandEntry{term=1, timestamp=2018-06-09 02:49:44,719, session=2, sequence=1, operation=PrimitiveOperation{id=DefaultOperationId{id=write, type=COMMAND}, value=byte[]{length=17, hash=-1644578928}}}}
02:49:44.961 [raft-server-1-state] TRACE i.a.p.s.impl.DefaultServiceExecutor - PrimitiveService{2}{type=io.atomix.protocols.raft.RaftTest$TestPrimitiveType@2df83e7, name=raft-test} - Executing DefaultCommit{index=4, session=RaftSession{RaftServiceContext{server=1, type=io.atomix.protocols.raft.RaftTest$TestPrimitiveType@2df83e7, name=raft-test, id=2}, session=2, timestamp=2018-06-09 02:49:44,719}, time=2018-06-09 02:49:44,719, operation=DefaultOperationId{id=write, type=COMMAND}, value=byte[]{length=17, hash=-1644578928}}
02:49:44.961 [raft-server-1-state] TRACE i.a.protocols.raft.roles.LeaderRole - RaftServer{1}{role=LEADER} - Sending CommandResponse{status=OK, index=4, eventIndex=2, result=byte[]{length=2, hash=1248}}
02:49:45.090 [raft-server-2] TRACE i.a.p.raft.roles.FollowerRole - RaftServer{2}{role=FOLLOWER} - Committed entries up to index 4
02:49:45.090 [raft-server-3] TRACE i.a.p.raft.roles.FollowerRole - RaftServer{3}{role=FOLLOWER} - Committed entries up to index 4
02:49:45.090 [raft-server-2] TRACE i.a.p.raft.roles.FollowerRole - RaftServer{2}{role=FOLLOWER} - Sending AppendResponse{status=OK, term=1, succeeded=true, lastLogIndex=4}
02:49:45.091 [raft-server-3] TRACE i.a.p.raft.roles.FollowerRole - RaftServer{3}{role=FOLLOWER} - Sending AppendResponse{status=OK, term=1, succeeded=true, lastLogIndex=4}
02:49:45.091 [raft-server-1] TRACE i.a.p.raft.roles.LeaderAppender - RaftServer{1} - Received AppendResponse{status=OK, term=1, succeeded=true, lastLogIndex=4} from 2
02:49:45.091 [raft-server-2] TRACE i.a.p.raft.roles.FollowerRole - RaftServer{2}{role=FOLLOWER} - Sending CommandResponse{status=OK, index=4, eventIndex=2, result=byte[]{length=2, hash=1248}}
02:49:45.091 [raft-server-1] TRACE i.a.p.raft.roles.LeaderAppender - RaftServer{1} - Sending AppendRequest{term=1, leader=1, prevLogIndex=4, prevLogTerm=1, entries=1, commitIndex=4} to 2
02:49:45.091 [raft-server-3-state] TRACE i.a.p.raft.impl.RaftServiceManager - RaftServer{3} - Applying Indexed{index=4, entry=CommandEntry{term=1, timestamp=2018-06-09 02:49:44,719, session=2, sequence=1, operation=PrimitiveOperation{id=DefaultOperationId{id=write, type=COMMAND}, value=byte[]{length=17, hash=-1644578928}}}}
02:49:45.091 [raft-server-2] TRACE i.a.p.raft.roles.FollowerRole - RaftServer{2}{role=FOLLOWER} - Received AppendRequest{term=1, leader=1, prevLogIndex=4, prevLogTerm=1, entries=1, commitIndex=4}
02:49:45.091 [raft-client-86eccf48-f731-4463-9ff4-1338804a1578-0] TRACE i.a.p.r.p.impl.RaftProxyConnection - SessionClient{2}{type=io.atomix.protocols.raft.RaftTest$TestPrimitiveType@35bfa1bb, name=raft-test} - Received CommandResponse{status=OK, index=4, eventIndex=2, result=byte[]{length=2, hash=1248}} from 2
02:49:45.091 [raft-server-2-state] TRACE i.a.p.raft.impl.RaftServiceManager - RaftServer{2} - Applying Indexed{index=4, entry=CommandEntry{term=1, timestamp=2018-06-09 02:49:44,719, session=2, sequence=1, operation=PrimitiveOperation{id=DefaultOperationId{id=write, type=COMMAND}, value=byte[]{length=17, hash=-1644578928}}}}
02:49:45.091 [raft-server-1] TRACE i.a.p.raft.roles.LeaderAppender - RaftServer{1} - Sending AppendRequest{term=1, leader=1, prevLogIndex=4, prevLogTerm=1, entries=1, commitIndex=4} to 3
02:49:45.091 [raft-server-3-state] TRACE i.a.p.s.impl.DefaultServiceExecutor - PrimitiveService{2}{type=io.atomix.protocols.raft.RaftTest$TestPrimitiveType@2669790c, name=raft-test} - Executing DefaultCommit{index=4, session=RaftSession{RaftServiceContext{server=3, type=io.atomix.protocols.raft.RaftTest$TestPrimitiveType@2669790c, name=raft-test, id=2}, session=2, timestamp=2018-06-09 02:49:44,719}, time=2018-06-09 02:49:44,719, operation=DefaultOperationId{id=write, type=COMMAND}, value=byte[]{length=17, hash=-1644578928}}
02:49:45.091 [raft-client-86eccf48-f731-4463-9ff4-1338804a1578-0] TRACE i.a.p.r.p.impl.RaftProxySequencer - SessionClient{2}{type=io.atomix.protocols.raft.RaftTest$TestPrimitiveType@35bfa1bb, name=raft-test} - Completing response CommandResponse{status=OK, index=4, eventIndex=2, result=byte[]{length=2, hash=1248}}
02:49:45.091 [raft-server-2-state] TRACE i.a.p.s.impl.DefaultServiceExecutor - PrimitiveService{2}{type=io.atomix.protocols.raft.RaftTest$TestPrimitiveType@10ad7eb5, name=raft-test} - Executing DefaultCommit{index=4, session=RaftSession{RaftServiceContext{server=2, type=io.atomix.protocols.raft.RaftTest$TestPrimitiveType@10ad7eb5, name=raft-test, id=2}, session=2, timestamp=2018-06-09 02:49:44,719}, time=2018-06-09 02:49:44,719, operation=DefaultOperationId{id=write, type=COMMAND}, value=byte[]{length=17, hash=-1644578928}}
02:49:45.091 [raft-server-2] TRACE i.a.p.raft.roles.FollowerRole - RaftServer{2}{role=FOLLOWER} - Appended Indexed{index=5, entry=CommandEntry{term=1, timestamp=2018-06-09 02:49:44,960, session=2, sequence=1, operation=PrimitiveOperation{id=DefaultOperationId{id=write, type=COMMAND}, value=byte[]{length=17, hash=-1644578928}}}}
02:49:45.091 [raft-server-1] TRACE i.a.p.raft.roles.LeaderAppender - RaftServer{1} - Received AppendResponse{status=OK, term=1, succeeded=true, lastLogIndex=4} from 3
02:49:45.091 [raft-server-3] TRACE i.a.p.raft.roles.FollowerRole - RaftServer{3}{role=FOLLOWER} - Received AppendRequest{term=1, leader=1, prevLogIndex=4, prevLogTerm=1, entries=1, commitIndex=4}
02:49:45.091 [raft-server-2] TRACE i.a.p.raft.roles.FollowerRole - RaftServer{2}{role=FOLLOWER} - Sending AppendResponse{status=OK, term=1, succeeded=true, lastLogIndex=5}
02:49:45.092 [raft-client-86eccf48-f731-4463-9ff4-1338804a1578-0] TRACE i.a.p.r.p.impl.RaftProxyConnection - SessionClient{2}{type=io.atomix.protocols.raft.RaftTest$TestPrimitiveType@35bfa1bb, name=raft-test} - Sending CommandRequest{session=2, sequence=2, operation=PrimitiveOperation{id=DefaultOperationId{id=write, type=COMMAND}, value=byte[]{length=17, hash=-1644578928}}} to 2
02:49:45.092 [raft-server-1] TRACE i.a.p.raft.roles.LeaderAppender - RaftServer{1} - Received AppendResponse{status=OK, term=1, succeeded=true, lastLogIndex=5} from 2
02:49:45.092 [raft-server-1] TRACE i.a.p.raft.roles.LeaderAppender - RaftServer{1} - Committed entries up to 5
02:49:45.092 [raft-server-3] TRACE i.a.p.raft.roles.FollowerRole - RaftServer{3}{role=FOLLOWER} - Appended Indexed{index=5, entry=CommandEntry{term=1, timestamp=2018-06-09 02:49:44,960, session=2, sequence=1, operation=PrimitiveOperation{id=DefaultOperationId{id=write, type=COMMAND}, value=byte[]{length=17, hash=-1644578928}}}}
02:49:45.092 [raft-server-2] TRACE i.a.p.raft.roles.FollowerRole - RaftServer{2}{role=FOLLOWER} - Received CommandRequest{session=2, sequence=2, operation=PrimitiveOperation{id=DefaultOperationId{id=write, type=COMMAND}, value=byte[]{length=17, hash=-1644578928}}}
02:49:45.092 [raft-server-3] TRACE i.a.p.raft.roles.FollowerRole - RaftServer{3}{role=FOLLOWER} - Sending AppendResponse{status=OK, term=1, succeeded=true, lastLogIndex=5}
02:49:45.165 [raft-server-1] TRACE i.a.protocols.raft.roles.LeaderRole - RaftServer{1}{role=LEADER} - Received CommandRequest{session=2, sequence=2, operation=PrimitiveOperation{id=DefaultOperationId{id=write, type=COMMAND}, value=byte[]{length=17, hash=-1644578928}}}
02:49:45.165 [raft-server-1] TRACE i.a.protocols.raft.roles.LeaderRole - RaftServer{1}{role=LEADER} - Appended Indexed{index=6, entry=CommandEntry{term=1, timestamp=2018-06-09 02:49:45,165, session=2, sequence=2, operation=PrimitiveOperation{id=DefaultOperationId{id=write, type=COMMAND}, value=byte[]{length=17, hash=-1644578928}}}}
02:49:45.165 [raft-server-1] TRACE i.a.p.raft.roles.LeaderAppender - RaftServer{1} - Received AppendResponse{status=OK, term=1, succeeded=true, lastLogIndex=5} from 3
02:49:45.166 [raft-server-1] TRACE i.a.p.raft.roles.LeaderAppender - RaftServer{1} - Sending AppendRequest{term=1, leader=1, prevLogIndex=5, prevLogTerm=1, entries=1, commitIndex=5} to 3
02:49:45.166 [raft-server-3] TRACE i.a.p.raft.roles.FollowerRole - RaftServer{3}{role=FOLLOWER} - Received AppendRequest{term=1, leader=1, prevLogIndex=5, prevLogTerm=1, entries=1, commitIndex=5}
02:49:45.166 [raft-server-1] TRACE i.a.p.raft.roles.LeaderAppender - RaftServer{1} - Sending AppendRequest{term=1, leader=1, prevLogIndex=5, prevLogTerm=1, entries=1, commitIndex=5} to 2
02:49:45.166 [raft-server-2] TRACE i.a.p.raft.roles.FollowerRole - RaftServer{2}{role=FOLLOWER} - Received AppendRequest{term=1, leader=1, prevLogIndex=5, prevLogTerm=1, entries=1, commitIndex=5}
02:49:45.166 [raft-server-3] TRACE i.a.p.raft.roles.FollowerRole - RaftServer{3}{role=FOLLOWER} - Appended Indexed{index=6, entry=CommandEntry{term=1, timestamp=2018-06-09 02:49:45,165, session=2, sequence=2, operation=PrimitiveOperation{id=DefaultOperationId{id=write, type=COMMAND}, value=byte[]{length=17, hash=-1644578928}}}}
02:49:45.166 [raft-server-1-state] TRACE i.a.p.raft.impl.RaftServiceManager - RaftServer{1} - Applying Indexed{index=5, entry=CommandEntry{term=1, timestamp=2018-06-09 02:49:44,960, session=2, sequence=1, operation=PrimitiveOperation{id=DefaultOperationId{id=write, type=COMMAND}, value=byte[]{length=17, hash=-1644578928}}}}
02:49:45.166 [raft-server-1-state] TRACE i.a.p.r.service.RaftServiceContext - PrimitiveService{2}{type=io.atomix.protocols.raft.RaftTest$TestPrimitiveType@2df83e7, name=raft-test} - Returning cached result for command with sequence number 1 < 2
02:49:45.166 [raft-server-1] TRACE i.a.protocols.raft.roles.LeaderRole - RaftServer{1}{role=LEADER} - Sending CommandResponse{status=OK, index=4, eventIndex=2, result=byte[]{length=2, hash=1248}}
02:49:45.166 [raft-server-2] TRACE i.a.p.raft.roles.FollowerRole - RaftServer{2}{role=FOLLOWER} - Appended Indexed{index=6, entry=CommandEntry{term=1, timestamp=2018-06-09 02:49:45,165, session=2, sequence=2, operation=PrimitiveOperation{id=DefaultOperationId{id=write, type=COMMAND}, value=byte[]{length=17, hash=-1644578928}}}}
02:49:45.247 [raft-server-3] TRACE i.a.p.raft.roles.FollowerRole - RaftServer{3}{role=FOLLOWER} - Committed entries up to index 5
02:49:45.247 [raft-server-2] TRACE i.a.p.raft.roles.FollowerRole - RaftServer{2}{role=FOLLOWER} - Committed entries up to index 5
02:49:45.248 [raft-server-3] TRACE i.a.p.raft.roles.FollowerRole - RaftServer{3}{role=FOLLOWER} - Sending AppendResponse{status=OK, term=1, succeeded=true, lastLogIndex=6}
02:49:45.248 [raft-server-2] TRACE i.a.p.raft.roles.FollowerRole - RaftServer{2}{role=FOLLOWER} - Sending AppendResponse{status=OK, term=1, succeeded=true, lastLogIndex=6}
02:49:45.248 [raft-server-1] TRACE i.a.p.raft.roles.LeaderAppender - RaftServer{1} - Received AppendResponse{status=OK, term=1, succeeded=true, lastLogIndex=6} from 3
02:49:45.248 [raft-server-2] TRACE i.a.p.raft.roles.FollowerRole - RaftServer{2}{role=FOLLOWER} - Sending CommandResponse{status=OK, index=4, eventIndex=2, result=byte[]{length=2, hash=1248}}
02:49:45.248 [raft-server-1] TRACE i.a.p.raft.roles.LeaderAppender - RaftServer{1} - Committed entries up to 6
02:49:45.248 [raft-server-3-state] TRACE i.a.p.raft.impl.RaftServiceManager - RaftServer{3} - Applying Indexed{index=5, entry=CommandEntry{term=1, timestamp=2018-06-09 02:49:44,960, session=2, sequence=1, operation=PrimitiveOperation{id=DefaultOperationId{id=write, type=COMMAND}, value=byte[]{length=17, hash=-1644578928}}}}
02:49:45.248 [raft-server-2-state] TRACE i.a.p.raft.impl.RaftServiceManager - RaftServer{2} - Applying Indexed{index=5, entry=CommandEntry{term=1, timestamp=2018-06-09 02:49:44,960, session=2, sequence=1, operation=PrimitiveOperation{id=DefaultOperationId{id=write, type=COMMAND}, value=byte[]{length=17, hash=-1644578928}}}}
02:49:45.248 [raft-server-3-state] TRACE i.a.p.r.service.RaftServiceContext - PrimitiveService{2}{type=io.atomix.protocols.raft.RaftTest$TestPrimitiveType@2669790c, name=raft-test} - Returning cached result for command with sequence number 1 < 2
02:49:45.248 [raft-client-86eccf48-f731-4463-9ff4-1338804a1578-2] TRACE i.a.p.r.p.impl.RaftProxyConnection - SessionClient{2}{type=io.atomix.protocols.raft.RaftTest$TestPrimitiveType@35bfa1bb, name=raft-test} - Received CommandResponse{status=OK, index=4, eventIndex=2, result=byte[]{length=2, hash=1248}} from 2
02:49:45.248 [raft-server-2-state] TRACE i.a.p.r.service.RaftServiceContext - PrimitiveService{2}{type=io.atomix.protocols.raft.RaftTest$TestPrimitiveType@10ad7eb5, name=raft-test} - Returning cached result for command with sequence number 1 < 2
02:49:45.337 [raft-server-1] TRACE i.a.p.raft.roles.LeaderAppender - RaftServer{1} - Sending AppendRequest{term=1, leader=1, prevLogIndex=6, prevLogTerm=1, entries=0, commitIndex=6} to 3
02:49:45.337 [raft-server-1] TRACE i.a.p.raft.roles.LeaderAppender - RaftServer{1} - Received AppendResponse{status=OK, term=1, succeeded=true, lastLogIndex=6} from 2
02:49:45.338 [raft-server-1] TRACE i.a.p.raft.roles.LeaderAppender - RaftServer{1} - Sending AppendRequest{term=1, leader=1, prevLogIndex=6, prevLogTerm=1, entries=0, commitIndex=6} to 2
02:49:45.338 [raft-server-3] TRACE i.a.p.raft.roles.FollowerRole - RaftServer{3}{role=FOLLOWER} - Received AppendRequest{term=1, leader=1, prevLogIndex=6, prevLogTerm=1, entries=0, commitIndex=6}
02:49:45.338 [raft-server-2] TRACE i.a.p.raft.roles.FollowerRole - RaftServer{2}{role=FOLLOWER} - Received AppendRequest{term=1, leader=1, prevLogIndex=6, prevLogTerm=1, entries=0, commitIndex=6}
02:49:45.338 [raft-server-3] TRACE i.a.p.raft.roles.FollowerRole - RaftServer{3}{role=FOLLOWER} - Committed entries up to index 6
02:49:45.338 [raft-server-1-state] TRACE i.a.p.raft.impl.RaftServiceManager - RaftServer{1} - Applying Indexed{index=6, entry=CommandEntry{term=1, timestamp=2018-06-09 02:49:45,165, session=2, sequence=2, operation=PrimitiveOperation{id=DefaultOperationId{id=write, type=COMMAND}, value=byte[]{length=17, hash=-1644578928}}}}
02:49:45.338 [raft-server-2] TRACE i.a.p.raft.roles.FollowerRole - RaftServer{2}{role=FOLLOWER} - Committed entries up to index 6
02:49:45.338 [raft-server-3] TRACE i.a.p.raft.roles.FollowerRole - RaftServer{3}{role=FOLLOWER} - Sending AppendResponse{status=OK, term=1, succeeded=true, lastLogIndex=6}
02:49:45.338 [raft-server-1-state] TRACE i.a.p.s.impl.DefaultServiceExecutor - PrimitiveService{2}{type=io.atomix.protocols.raft.RaftTest$TestPrimitiveType@2df83e7, name=raft-test} - Executing DefaultCommit{index=6, session=RaftSession{RaftServiceContext{server=1, type=io.atomix.protocols.raft.RaftTest$TestPrimitiveType@2df83e7, name=raft-test, id=2}, session=2, timestamp=2018-06-09 02:49:45,165}, time=2018-06-09 02:49:45,165, operation=DefaultOperationId{id=write, type=COMMAND}, value=byte[]{length=17, hash=-1644578928}}
02:49:45.338 [raft-server-2] TRACE i.a.p.raft.roles.FollowerRole - RaftServer{2}{role=FOLLOWER} - Sending AppendResponse{status=OK, term=1, succeeded=true, lastLogIndex=6}
02:49:45.338 [raft-server-1] TRACE i.a.p.raft.roles.LeaderAppender - RaftServer{1} - Received AppendResponse{status=OK, term=1, succeeded=true, lastLogIndex=6} from 3
02:49:45.338 [raft-server-3-state] TRACE i.a.p.raft.impl.RaftServiceManager - RaftServer{3} - Applying Indexed{index=6, entry=CommandEntry{term=1, timestamp=2018-06-09 02:49:45,165, session=2, sequence=2, operation=PrimitiveOperation{id=DefaultOperationId{id=write, type=COMMAND}, value=byte[]{length=17, hash=-1644578928}}}}
02:49:45.338 [raft-server-1-state] TRACE i.a.protocols.raft.roles.LeaderRole - RaftServer{1}{role=LEADER} - Sending CommandResponse{status=OK, index=6, eventIndex=2, result=byte[]{length=2, hash=1252}}
02:49:45.338 [raft-server-2-state] TRACE i.a.p.raft.impl.RaftServiceManager - RaftServer{2} - Applying Indexed{index=6, entry=CommandEntry{term=1, timestamp=2018-06-09 02:49:45,165, session=2, sequence=2, operation=PrimitiveOperation{id=DefaultOperationId{id=write, type=COMMAND}, value=byte[]{length=17, hash=-1644578928}}}}
02:49:45.338 [raft-server-1] TRACE i.a.p.raft.roles.LeaderAppender - RaftServer{1} - Received AppendResponse{status=OK, term=1, succeeded=true, lastLogIndex=6} from 2
02:49:45.338 [raft-server-3-state] TRACE i.a.p.s.impl.DefaultServiceExecutor - PrimitiveService{2}{type=io.atomix.protocols.raft.RaftTest$TestPrimitiveType@2669790c, name=raft-test} - Executing DefaultCommit{index=6, session=RaftSession{RaftServiceContext{server=3, type=io.atomix.protocols.raft.RaftTest$TestPrimitiveType@2669790c, name=raft-test, id=2}, session=2, timestamp=2018-06-09 02:49:45,165}, time=2018-06-09 02:49:45,165, operation=DefaultOperationId{id=write, type=COMMAND}, value=byte[]{length=17, hash=-1644578928}}
02:49:45.338 [raft-server-2] TRACE i.a.p.raft.roles.FollowerRole - RaftServer{2}{role=FOLLOWER} - Sending CommandResponse{status=OK, index=6, eventIndex=2, result=byte[]{length=2, hash=1252}}
02:49:45.339 [raft-server-2-state] TRACE i.a.p.s.impl.DefaultServiceExecutor - PrimitiveService{2}{type=io.atomix.protocols.raft.RaftTest$TestPrimitiveType@10ad7eb5, name=raft-test} - Executing DefaultCommit{index=6, session=RaftSession{RaftServiceContext{server=2, type=io.atomix.protocols.raft.RaftTest$TestPrimitiveType@10ad7eb5, name=raft-test, id=2}, session=2, timestamp=2018-06-09 02:49:45,165}, time=2018-06-09 02:49:45,165, operation=DefaultOperationId{id=write, type=COMMAND}, value=byte[]{length=17, hash=-1644578928}}
02:49:45.339 [raft-client-86eccf48-f731-4463-9ff4-1338804a1578-5] TRACE i.a.p.r.p.impl.RaftProxyConnection - SessionClient{2}{type=io.atomix.protocols.raft.RaftTest$TestPrimitiveType@35bfa1bb, name=raft-test} - Received CommandResponse{status=OK, index=6, eventIndex=2, result=byte[]{length=2, hash=1252}} from 2
02:49:45.339 [raft-client-86eccf48-f731-4463-9ff4-1338804a1578-5] TRACE i.a.p.r.p.impl.RaftProxySequencer - SessionClient{2}{type=io.atomix.protocols.raft.RaftTest$TestPrimitiveType@35bfa1bb, name=raft-test} - Completing response CommandResponse{status=OK, index=6, eventIndex=2, result=byte[]{length=2, hash=1252}}
02:49:45.339 [raft-client-86eccf48-f731-4463-9ff4-1338804a1578-3] TRACE i.a.p.r.p.impl.RaftProxyConnection - SessionClient{2}{type=io.atomix.protocols.raft.RaftTest$TestPrimitiveType@35bfa1bb, name=raft-test} - Sending CommandRequest{session=2, sequence=3, operation=PrimitiveOperation{id=DefaultOperationId{id=write, type=COMMAND}, value=byte[]{length=17, hash=-1644578928}}} to 2
02:49:45.339 [raft-server-2] TRACE i.a.p.raft.roles.FollowerRole - RaftServer{2}{role=FOLLOWER} - Received CommandRequest{session=2, sequence=3, operation=PrimitiveOperation{id=DefaultOperationId{id=write, type=COMMAND}, value=byte[]{length=17, hash=-1644578928}}}
02:49:45.339 [raft-server-1] TRACE i.a.protocols.raft.roles.LeaderRole - RaftServer{1}{role=LEADER} - Received CommandRequest{session=2, sequence=3, operation=PrimitiveOperation{id=DefaultOperationId{id=write, type=COMMAND}, value=byte[]{length=17, hash=-1644578928}}}
02:49:45.340 [raft-server-1] TRACE i.a.protocols.raft.roles.LeaderRole - RaftServer{1}{role=LEADER} - Appended Indexed{index=7, entry=CommandEntry{term=1, timestamp=2018-06-09 02:49:45,340, session=2, sequence=3, operation=PrimitiveOperation{id=DefaultOperationId{id=write, type=COMMAND}, value=byte[]{length=17, hash=-1644578928}}}}
02:49:45.340 [raft-server-1] TRACE i.a.p.raft.roles.LeaderAppender - RaftServer{1} - Sending AppendRequest{term=1, leader=1, prevLogIndex=6, prevLogTerm=1, entries=1, commitIndex=6} to 3
02:49:45.340 [raft-server-3] TRACE i.a.p.raft.roles.FollowerRole - RaftServer{3}{role=FOLLOWER} - Received AppendRequest{term=1, leader=1, prevLogIndex=6, prevLogTerm=1, entries=1, commitIndex=6}
02:49:45.340 [raft-server-1] TRACE i.a.p.raft.roles.LeaderAppender - RaftServer{1} - Sending AppendRequest{term=1, leader=1, prevLogIndex=6, prevLogTerm=1, entries=1, commitIndex=6} to 2
02:49:45.340 [raft-server-2] TRACE i.a.p.raft.roles.FollowerRole - RaftServer{2}{role=FOLLOWER} - Received AppendRequest{term=1, leader=1, prevLogIndex=6, prevLogTerm=1, entries=1, commitIndex=6}
02:49:45.340 [raft-server-3] TRACE i.a.p.raft.roles.FollowerRole - RaftServer{3}{role=FOLLOWER} - Appended Indexed{index=7, entry=CommandEntry{term=1, timestamp=2018-06-09 02:49:45,340, session=2, sequence=3, operation=PrimitiveOperation{id=DefaultOperationId{id=write, type=COMMAND}, value=byte[]{length=17, hash=-1644578928}}}}
02:49:45.340 [raft-server-3] TRACE i.a.p.raft.roles.FollowerRole - RaftServer{3}{role=FOLLOWER} - Sending AppendResponse{status=OK, term=1, succeeded=true, lastLogIndex=7}
02:49:45.340 [raft-server-1] TRACE i.a.p.raft.roles.LeaderAppender - RaftServer{1} - Received AppendResponse{status=OK, term=1, succeeded=true, lastLogIndex=7} from 3
02:49:45.340 [raft-server-1] TRACE i.a.p.raft.roles.LeaderAppender - RaftServer{1} - Committed entries up to 7
02:49:45.340 [raft-server-2] TRACE i.a.p.raft.roles.FollowerRole - RaftServer{2}{role=FOLLOWER} - Appended Indexed{index=7, entry=CommandEntry{term=1, timestamp=2018-06-09 02:49:45,340, session=2, sequence=3, operation=PrimitiveOperation{id=DefaultOperationId{id=write, type=COMMAND}, value=byte[]{length=17, hash=-1644578928}}}}
02:49:45.340 [raft-server-2] TRACE i.a.p.raft.roles.FollowerRole - RaftServer{2}{role=FOLLOWER} - Sending AppendResponse{status=OK, term=1, succeeded=true, lastLogIndex=7}
02:49:45.439 [raft-server-1] TRACE i.a.p.raft.roles.LeaderAppender - RaftServer{1} - Received AppendResponse{status=OK, term=1, succeeded=true, lastLogIndex=7} from 2
02:49:45.439 [raft-server-1] TRACE i.a.p.raft.roles.LeaderAppender - RaftServer{1} - Sending AppendRequest{term=1, leader=1, prevLogIndex=7, prevLogTerm=1, entries=0, commitIndex=7} to 3
02:49:45.439 [raft-server-1] TRACE i.a.p.raft.roles.LeaderAppender - RaftServer{1} - Sending AppendRequest{term=1, leader=1, prevLogIndex=7, prevLogTerm=1, entries=0, commitIndex=7} to 2
02:49:45.439 [raft-server-3] TRACE i.a.p.raft.roles.FollowerRole - RaftServer{3}{role=FOLLOWER} - Received AppendRequest{term=1, leader=1, prevLogIndex=7, prevLogTerm=1, entries=0, commitIndex=7}
02:49:45.439 [raft-server-2] TRACE i.a.p.raft.roles.FollowerRole - RaftServer{2}{role=FOLLOWER} - Received AppendRequest{term=1, leader=1, prevLogIndex=7, prevLogTerm=1, entries=0, commitIndex=7}
02:49:45.440 [raft-server-1-state] TRACE i.a.p.raft.impl.RaftServiceManager - RaftServer{1} - Applying Indexed{index=7, entry=CommandEntry{term=1, timestamp=2018-06-09 02:49:45,340, session=2, sequence=3, operation=PrimitiveOperation{id=DefaultOperationId{id=write, type=COMMAND}, value=byte[]{length=17, hash=-1644578928}}}}
02:49:45.440 [raft-server-1-state] TRACE i.a.p.s.impl.DefaultServiceExecutor - PrimitiveService{2}{type=io.atomix.protocols.raft.RaftTest$TestPrimitiveType@2df83e7, name=raft-test} - Executing DefaultCommit{index=7, session=RaftSession{RaftServiceContext{server=1, type=io.atomix.protocols.raft.RaftTest$TestPrimitiveType@2df83e7, name=raft-test, id=2}, session=2, timestamp=2018-06-09 02:49:45,340}, time=2018-06-09 02:49:45,340, operation=DefaultOperationId{id=write, type=COMMAND}, value=byte[]{length=17, hash=-1644578928}}
02:49:45.440 [raft-server-1-state] TRACE i.a.protocols.raft.roles.LeaderRole - RaftServer{1}{role=LEADER} - Sending CommandResponse{status=OK, index=7, eventIndex=2, result=byte[]{length=2, hash=1254}}
02:49:45.547 [raft-server-3] TRACE i.a.p.raft.roles.FollowerRole - RaftServer{3}{role=FOLLOWER} - Committed entries up to index 7
02:49:45.547 [raft-server-2] TRACE i.a.p.raft.roles.FollowerRole - RaftServer{2}{role=FOLLOWER} - Committed entries up to index 7
02:49:45.547 [raft-server-3] TRACE i.a.p.raft.roles.FollowerRole - RaftServer{3}{role=FOLLOWER} - Sending AppendResponse{status=OK, term=1, succeeded=true, lastLogIndex=7}
02:49:45.547 [raft-server-2] TRACE i.a.p.raft.roles.FollowerRole - RaftServer{2}{role=FOLLOWER} - Sending AppendResponse{status=OK, term=1, succeeded=true, lastLogIndex=7}
02:49:45.548 [raft-server-1] TRACE i.a.p.raft.roles.LeaderAppender - RaftServer{1} - Received AppendResponse{status=OK, term=1, succeeded=true, lastLogIndex=7} from 3
02:49:45.548 [raft-server-2] TRACE i.a.p.raft.roles.FollowerRole - RaftServer{2}{role=FOLLOWER} - Sending CommandResponse{status=OK, index=7, eventIndex=2, result=byte[]{length=2, hash=1254}}
02:49:45.548 [raft-server-3-state] TRACE i.a.p.raft.impl.RaftServiceManager - RaftServer{3} - Applying Indexed{index=7, entry=CommandEntry{term=1, timestamp=2018-06-09 02:49:45,340, session=2, sequence=3, operation=PrimitiveOperation{id=DefaultOperationId{id=write, type=COMMAND}, value=byte[]{length=17, hash=-1644578928}}}}
02:49:45.548 [raft-server-1] TRACE i.a.p.raft.roles.LeaderAppender - RaftServer{1} - Sending AppendRequest{term=1, leader=1, prevLogIndex=7, prevLogTerm=1, entries=0, commitIndex=7} to 3
02:49:45.548 [raft-client-86eccf48-f731-4463-9ff4-1338804a1578-4] TRACE i.a.p.r.p.impl.RaftProxyConnection - SessionClient{2}{type=io.atomix.protocols.raft.RaftTest$TestPrimitiveType@35bfa1bb, name=raft-test} - Received CommandResponse{status=OK, index=7, eventIndex=2, result=byte[]{length=2, hash=1254}} from 2
02:49:45.548 [raft-server-3-state] TRACE i.a.p.s.impl.DefaultServiceExecutor - PrimitiveService{2}{type=io.atomix.protocols.raft.RaftTest$TestPrimitiveType@2669790c, name=raft-test} - Executing DefaultCommit{index=7, session=RaftSession{RaftServiceContext{server=3, type=io.atomix.protocols.raft.RaftTest$TestPrimitiveType@2669790c, name=raft-test, id=2}, session=2, timestamp=2018-06-09 02:49:45,340}, time=2018-06-09 02:49:45,340, operation=DefaultOperationId{id=write, type=COMMAND}, value=byte[]{length=17, hash=-1644578928}}
02:49:45.548 [raft-server-3] TRACE i.a.p.raft.roles.FollowerRole - RaftServer{3}{role=FOLLOWER} - Received AppendRequest{term=1, leader=1, prevLogIndex=7, prevLogTerm=1, entries=0, commitIndex=7}
02:49:45.548 [raft-server-1] TRACE i.a.p.raft.roles.LeaderAppender - RaftServer{1} - Received AppendResponse{status=OK, term=1, succeeded=true, lastLogIndex=7} from 2
02:49:45.548 [raft-client-86eccf48-f731-4463-9ff4-1338804a1578-4] TRACE i.a.p.r.p.impl.RaftProxySequencer - SessionClient{2}{type=io.atomix.protocols.raft.RaftTest$TestPrimitiveType@35bfa1bb, name=raft-test} - Completing response CommandResponse{status=OK, index=7, eventIndex=2, result=byte[]{length=2, hash=1254}}
02:49:45.548 [raft-server-2-state] TRACE i.a.p.raft.impl.RaftServiceManager - RaftServer{2} - Applying Indexed{index=7, entry=CommandEntry{term=1, timestamp=2018-06-09 02:49:45,340, session=2, sequence=3, operation=PrimitiveOperation{id=DefaultOperationId{id=write, type=COMMAND}, value=byte[]{length=17, hash=-1644578928}}}}
02:49:45.548 [raft-server-3] TRACE i.a.p.raft.roles.FollowerRole - RaftServer{3}{role=FOLLOWER} - Sending AppendResponse{status=OK, term=1, succeeded=true, lastLogIndex=7}
02:49:45.548 [raft-server-1] TRACE i.a.p.raft.roles.LeaderAppender - RaftServer{1} - Sending AppendRequest{term=1, leader=1, prevLogIndex=7, prevLogTerm=1, entries=0, commitIndex=7} to 2
02:49:45.548 [raft-server-2-state] TRACE i.a.p.s.impl.DefaultServiceExecutor - PrimitiveService{2}{type=io.atomix.protocols.raft.RaftTest$TestPrimitiveType@10ad7eb5, name=raft-test} - Executing DefaultCommit{index=7, session=RaftSession{RaftServiceContext{server=2, type=io.atomix.protocols.raft.RaftTest$TestPrimitiveType@10ad7eb5, name=raft-test, id=2}, session=2, timestamp=2018-06-09 02:49:45,340}, time=2018-06-09 02:49:45,340, operation=DefaultOperationId{id=write, type=COMMAND}, value=byte[]{length=17, hash=-1644578928}}
02:49:45.548 [raft-server-1] TRACE i.a.p.raft.roles.LeaderAppender - RaftServer{1} - Received AppendResponse{status=OK, term=1, succeeded=true, lastLogIndex=7} from 3
02:49:45.549 [raft-client-86eccf48-f731-4463-9ff4-1338804a1578-7] TRACE i.a.p.r.p.impl.RaftProxyConnection - SessionClient{2}{type=io.atomix.protocols.raft.RaftTest$TestPrimitiveType@35bfa1bb, name=raft-test} - Sending CommandRequest{session=2, sequence=4, operation=PrimitiveOperation{id=DefaultOperationId{id=write, type=COMMAND}, value=byte[]{length=17, hash=-1644578928}}} to 2
02:49:45.549 [raft-server-2] TRACE i.a.p.raft.roles.FollowerRole - RaftServer{2}{role=FOLLOWER} - Received AppendRequest{term=1, leader=1, prevLogIndex=7, prevLogTerm=1, entries=0, commitIndex=7}
02:49:45.549 [raft-server-2] TRACE i.a.p.raft.roles.FollowerRole - RaftServer{2}{role=FOLLOWER} - Sending AppendResponse{status=OK, term=1, succeeded=true, lastLogIndex=7}
02:49:45.549 [raft-server-2] TRACE i.a.p.raft.roles.FollowerRole - RaftServer{2}{role=FOLLOWER} - Received CommandRequest{session=2, sequence=4, operation=PrimitiveOperation{id=DefaultOperationId{id=write, type=COMMAND}, value=byte[]{length=17, hash=-1644578928}}}
02:49:45.549 [raft-server-1] TRACE i.a.p.raft.roles.LeaderAppender - RaftServer{1} - Received AppendResponse{status=OK, term=1, succeeded=true, lastLogIndex=7} from 2
02:49:45.549 [raft-server-1] TRACE i.a.protocols.raft.roles.LeaderRole - RaftServer{1}{role=LEADER} - Received CommandRequest{session=2, sequence=4, operation=PrimitiveOperation{id=DefaultOperationId{id=write, type=COMMAND}, value=byte[]{length=17, hash=-1644578928}}}
02:49:45.549 [raft-server-1] TRACE i.a.protocols.raft.roles.LeaderRole - RaftServer{1}{role=LEADER} - Appended Indexed{index=8, entry=CommandEntry{term=1, timestamp=2018-06-09 02:49:45,549, session=2, sequence=4, operation=PrimitiveOperation{id=DefaultOperationId{id=write, type=COMMAND}, value=byte[]{length=17, hash=-1644578928}}}}
02:49:45.549 [raft-server-1] TRACE i.a.p.raft.roles.LeaderAppender - RaftServer{1} - Sending AppendRequest{term=1, leader=1, prevLogIndex=7, prevLogTerm=1, entries=1, commitIndex=7} to 3
02:49:45.549 [raft-server-3] TRACE i.a.p.raft.roles.FollowerRole - RaftServer{3}{role=FOLLOWER} - Received AppendRequest{term=1, leader=1, prevLogIndex=7, prevLogTerm=1, entries=1, commitIndex=7}
02:49:45.549 [raft-server-1] TRACE i.a.p.raft.roles.LeaderAppender - RaftServer{1} - Sending AppendRequest{term=1, leader=1, prevLogIndex=7, prevLogTerm=1, entries=1, commitIndex=7} to 2
02:49:45.549 [raft-server-2] TRACE i.a.p.raft.roles.FollowerRole - RaftServer{2}{role=FOLLOWER} - Received AppendRequest{term=1, leader=1, prevLogIndex=7, prevLogTerm=1, entries=1, commitIndex=7}
02:49:45.549 [raft-server-3] TRACE i.a.p.raft.roles.FollowerRole - RaftServer{3}{role=FOLLOWER} - Appended Indexed{index=8, entry=CommandEntry{term=1, timestamp=2018-06-09 02:49:45,549, session=2, sequence=4, operation=PrimitiveOperation{id=DefaultOperationId{id=write, type=COMMAND}, value=byte[]{length=17, hash=-1644578928}}}}
02:49:45.549 [raft-server-3] TRACE i.a.p.raft.roles.FollowerRole - RaftServer{3}{role=FOLLOWER} - Sending AppendResponse{status=OK, term=1, succeeded=true, lastLogIndex=8}
02:49:45.550 [raft-server-2] TRACE i.a.p.raft.roles.FollowerRole - RaftServer{2}{role=FOLLOWER} - Appended Indexed{index=8, entry=CommandEntry{term=1, timestamp=2018-06-09 02:49:45,549, session=2, sequence=4, operation=PrimitiveOperation{id=DefaultOperationId{id=write, type=COMMAND}, value=byte[]{length=17, hash=-1644578928}}}}
02:49:45.550 [raft-server-2] TRACE i.a.p.raft.roles.FollowerRole - RaftServer{2}{role=FOLLOWER} - Sending AppendResponse{status=OK, term=1, succeeded=true, lastLogIndex=8}
02:49:45.550 [raft-server-1] TRACE i.a.p.raft.roles.LeaderAppender - RaftServer{1} - Received AppendResponse{status=OK, term=1, succeeded=true, lastLogIndex=8} from 3
02:49:45.550 [raft-server-1] TRACE i.a.p.raft.roles.LeaderAppender - RaftServer{1} - Committed entries up to 8
02:49:45.623 [raft-server-1] TRACE i.a.p.raft.roles.LeaderAppender - RaftServer{1} - Received AppendResponse{status=OK, term=1, succeeded=true, lastLogIndex=8} from 2
02:49:45.623 [raft-server-1] TRACE i.a.p.raft.roles.LeaderAppender - RaftServer{1} - Sending AppendRequest{term=1, leader=1, prevLogIndex=8, prevLogTerm=1, entries=0, commitIndex=8} to 3
02:49:45.624 [raft-server-1] TRACE i.a.p.raft.roles.LeaderAppender - RaftServer{1} - Sending AppendRequest{term=1, leader=1, prevLogIndex=8, prevLogTerm=1, entries=0, commitIndex=8} to 2
02:49:45.624 [raft-server-3] TRACE i.a.p.raft.roles.FollowerRole - RaftServer{3}{role=FOLLOWER} - Received AppendRequest{term=1, leader=1, prevLogIndex=8, prevLogTerm=1, entries=0, commitIndex=8}
02:49:45.624 [raft-server-2] TRACE i.a.p.raft.roles.FollowerRole - RaftServer{2}{role=FOLLOWER} - Received AppendRequest{term=1, leader=1, prevLogIndex=8, prevLogTerm=1, entries=0, commitIndex=8}
02:49:45.624 [raft-server-1-state] TRACE i.a.p.raft.impl.RaftServiceManager - RaftServer{1} - Applying Indexed{index=8, entry=CommandEntry{term=1, timestamp=2018-06-09 02:49:45,549, session=2, sequence=4, operation=PrimitiveOperation{id=DefaultOperationId{id=write, type=COMMAND}, value=byte[]{length=17, hash=-1644578928}}}}
02:49:45.624 [raft-server-1-state] TRACE i.a.p.s.impl.DefaultServiceExecutor - PrimitiveService{2}{type=io.atomix.protocols.raft.RaftTest$TestPrimitiveType@2df83e7, name=raft-test} - Executing DefaultCommit{index=8, session=RaftSession{RaftServiceContext{server=1, type=io.atomix.protocols.raft.RaftTest$TestPrimitiveType@2df83e7, name=raft-test, id=2}, session=2, timestamp=2018-06-09 02:49:45,549}, time=2018-06-09 02:49:45,549, operation=DefaultOperationId{id=write, type=COMMAND}, value=byte[]{length=17, hash=-1644578928}}
02:49:45.624 [raft-server-1-state] TRACE i.a.protocols.raft.roles.LeaderRole - RaftServer{1}{role=LEADER} - Sending CommandResponse{status=OK, index=8, eventIndex=2, result=byte[]{length=2, hash=1256}}
02:49:45.707 [raft-server-3] TRACE i.a.p.raft.roles.FollowerRole - RaftServer{3}{role=FOLLOWER} - Committed entries up to index 8
02:49:45.707 [raft-server-3] TRACE i.a.p.raft.roles.FollowerRole - RaftServer{3}{role=FOLLOWER} - Sending AppendResponse{status=OK, term=1, succeeded=true, lastLogIndex=8}
02:49:45.707 [raft-server-2] TRACE i.a.p.raft.roles.FollowerRole - RaftServer{2}{role=FOLLOWER} - Committed entries up to index 8
02:49:45.707 [raft-server-2] TRACE i.a.p.raft.roles.FollowerRole - RaftServer{2}{role=FOLLOWER} - Sending AppendResponse{status=OK, term=1, succeeded=true, lastLogIndex=8}
02:49:45.707 [raft-server-1] TRACE i.a.p.raft.roles.LeaderAppender - RaftServer{1} - Received AppendResponse{status=OK, term=1, succeeded=true, lastLogIndex=8} from 3
02:49:45.707 [raft-server-2] TRACE i.a.p.raft.roles.FollowerRole - RaftServer{2}{role=FOLLOWER} - Sending CommandResponse{status=OK, index=8, eventIndex=2, result=byte[]{length=2, hash=1256}}
02:49:45.707 [raft-server-3-state] TRACE i.a.p.raft.impl.RaftServiceManager - RaftServer{3} - Applying Indexed{index=8, entry=CommandEntry{term=1, timestamp=2018-06-09 02:49:45,549, session=2, sequence=4, operation=PrimitiveOperation{id=DefaultOperationId{id=write, type=COMMAND}, value=byte[]{length=17, hash=-1644578928}}}}
02:49:45.707 [raft-server-1] TRACE i.a.p.raft.roles.LeaderAppender - RaftServer{1} - Sending AppendRequest{term=1, leader=1, prevLogIndex=8, prevLogTerm=1, entries=0, commitIndex=8} to 3
02:49:45.707 [raft-client-86eccf48-f731-4463-9ff4-1338804a1578-0] TRACE i.a.p.r.p.impl.RaftProxyConnection - SessionClient{2}{type=io.atomix.protocols.raft.RaftTest$TestPrimitiveType@35bfa1bb, name=raft-test} - Received CommandResponse{status=OK, index=8, eventIndex=2, result=byte[]{length=2, hash=1256}} from 2
02:49:45.707 [raft-server-3-state] TRACE i.a.p.s.impl.DefaultServiceExecutor - PrimitiveService{2}{type=io.atomix.protocols.raft.RaftTest$TestPrimitiveType@2669790c, name=raft-test} - Executing DefaultCommit{index=8, session=RaftSession{RaftServiceContext{server=3, type=io.atomix.protocols.raft.RaftTest$TestPrimitiveType@2669790c, name=raft-test, id=2}, session=2, timestamp=2018-06-09 02:49:45,549}, time=2018-06-09 02:49:45,549, operation=DefaultOperationId{id=write, type=COMMAND}, value=byte[]{length=17, hash=-1644578928}}
02:49:45.707 [raft-server-2-state] TRACE i.a.p.raft.impl.RaftServiceManager - RaftServer{2} - Applying Indexed{index=8, entry=CommandEntry{term=1, timestamp=2018-06-09 02:49:45,549, session=2, sequence=4, operation=PrimitiveOperation{id=DefaultOperationId{id=write, type=COMMAND}, value=byte[]{length=17, hash=-1644578928}}}}
02:49:45.707 [raft-server-3] TRACE i.a.p.raft.roles.FollowerRole - RaftServer{3}{role=FOLLOWER} - Received AppendRequest{term=1, leader=1, prevLogIndex=8, prevLogTerm=1, entries=0, commitIndex=8}
02:49:45.707 [raft-server-1] TRACE i.a.p.raft.roles.LeaderAppender - RaftServer{1} - Received AppendResponse{status=OK, term=1, succeeded=true, lastLogIndex=8} from 2
02:49:45.707 [raft-client-86eccf48-f731-4463-9ff4-1338804a1578-0] TRACE i.a.p.r.p.impl.RaftProxySequencer - SessionClient{2}{type=io.atomix.protocols.raft.RaftTest$TestPrimitiveType@35bfa1bb, name=raft-test} - Completing response CommandResponse{status=OK, index=8, eventIndex=2, result=byte[]{length=2, hash=1256}}
02:49:45.707 [raft-server-3] TRACE i.a.p.raft.roles.FollowerRole - RaftServer{3}{role=FOLLOWER} - Sending AppendResponse{status=OK, term=1, succeeded=true, lastLogIndex=8}
02:49:45.707 [raft-server-2-state] TRACE i.a.p.s.impl.DefaultServiceExecutor - PrimitiveService{2}{type=io.atomix.protocols.raft.RaftTest$TestPrimitiveType@10ad7eb5, name=raft-test} - Executing DefaultCommit{index=8, session=RaftSession{RaftServiceContext{server=2, type=io.atomix.protocols.raft.RaftTest$TestPrimitiveType@10ad7eb5, name=raft-test, id=2}, session=2, timestamp=2018-06-09 02:49:45,549}, time=2018-06-09 02:49:45,549, operation=DefaultOperationId{id=write, type=COMMAND}, value=byte[]{length=17, hash=-1644578928}}
02:49:45.708 [raft-server-1] TRACE i.a.p.raft.roles.LeaderAppender - RaftServer{1} - Received AppendResponse{status=OK, term=1, succeeded=true, lastLogIndex=8} from 3
02:49:45.708 [raft-client-86eccf48-f731-4463-9ff4-1338804a1578-6] TRACE i.a.p.r.p.impl.RaftProxyConnection - SessionClient{2}{type=io.atomix.protocols.raft.RaftTest$TestPrimitiveType@35bfa1bb, name=raft-test} - Sending CommandRequest{session=2, sequence=5, operation=PrimitiveOperation{id=DefaultOperationId{id=write, type=COMMAND}, value=byte[]{length=17, hash=-1644578928}}} to 2
02:49:45.708 [raft-server-2] TRACE i.a.p.raft.roles.FollowerRole - RaftServer{2}{role=FOLLOWER} - Received CommandRequest{session=2, sequence=5, operation=PrimitiveOperation{id=DefaultOperationId{id=write, type=COMMAND}, value=byte[]{length=17, hash=-1644578928}}}
02:49:45.708 [raft-server-1] TRACE i.a.protocols.raft.roles.LeaderRole - RaftServer{1}{role=LEADER} - Received CommandRequest{session=2, sequence=5, operation=PrimitiveOperation{id=DefaultOperationId{id=write, type=COMMAND}, value=byte[]{length=17, hash=-1644578928}}}
02:49:45.708 [raft-server-1] TRACE i.a.protocols.raft.roles.LeaderRole - RaftServer{1}{role=LEADER} - Appended Indexed{index=9, entry=CommandEntry{term=1, timestamp=2018-06-09 02:49:45,708, session=2, sequence=5, operation=PrimitiveOperation{id=DefaultOperationId{id=write, type=COMMAND}, value=byte[]{length=17, hash=-1644578928}}}}
02:49:45.708 [raft-server-1] TRACE i.a.p.raft.roles.LeaderAppender - RaftServer{1} - Sending AppendRequest{term=1, leader=1, prevLogIndex=8, prevLogTerm=1, entries=1, commitIndex=8} to 3
02:49:45.708 [raft-server-3] TRACE i.a.p.raft.roles.FollowerRole - RaftServer{3}{role=FOLLOWER} - Received AppendRequest{term=1, leader=1, prevLogIndex=8, prevLogTerm=1, entries=1, commitIndex=8}
02:49:45.709 [raft-server-1] TRACE i.a.p.raft.roles.LeaderAppender - RaftServer{1} - Sending AppendRequest{term=1, leader=1, prevLogIndex=8, prevLogTerm=1, entries=1, commitIndex=8} to 2
02:49:45.709 [raft-server-2] TRACE i.a.p.raft.roles.FollowerRole - RaftServer{2}{role=FOLLOWER} - Received AppendRequest{term=1, leader=1, prevLogIndex=8, prevLogTerm=1, entries=1, commitIndex=8}
02:49:45.709 [raft-server-3] TRACE i.a.p.raft.roles.FollowerRole - RaftServer{3}{role=FOLLOWER} - Appended Indexed{index=9, entry=CommandEntry{term=1, timestamp=2018-06-09 02:49:45,708, session=2, sequence=5, operation=PrimitiveOperation{id=DefaultOperationId{id=write, type=COMMAND}, value=byte[]{length=17, hash=-1644578928}}}}
02:49:45.709 [raft-server-2] TRACE i.a.p.raft.roles.FollowerRole - RaftServer{2}{role=FOLLOWER} - Appended Indexed{index=9, entry=CommandEntry{term=1, timestamp=2018-06-09 02:49:45,708, session=2, sequence=5, operation=PrimitiveOperation{id=DefaultOperationId{id=write, type=COMMAND}, value=byte[]{length=17, hash=-1644578928}}}}
02:49:45.709 [raft-server-3] TRACE i.a.p.raft.roles.FollowerRole - RaftServer{3}{role=FOLLOWER} - Sending AppendResponse{status=OK, term=1, succeeded=true, lastLogIndex=9}
02:49:45.709 [raft-server-2] TRACE i.a.p.raft.roles.FollowerRole - RaftServer{2}{role=FOLLOWER} - Sending AppendResponse{status=OK, term=1, succeeded=true, lastLogIndex=9}
02:49:45.709 [raft-server-1] TRACE i.a.p.raft.roles.LeaderAppender - RaftServer{1} - Received AppendResponse{status=OK, term=1, succeeded=true, lastLogIndex=9} from 3
02:49:45.709 [raft-server-1] TRACE i.a.p.raft.roles.LeaderAppender - RaftServer{1} - Committed entries up to 9
02:49:45.791 [raft-server-1] TRACE i.a.p.raft.roles.LeaderAppender - RaftServer{1} - Received AppendResponse{status=OK, term=1, succeeded=true, lastLogIndex=9} from 2
02:49:45.791 [raft-server-1-state] TRACE i.a.p.raft.impl.RaftServiceManager - RaftServer{1} - Applying Indexed{index=9, entry=CommandEntry{term=1, timestamp=2018-06-09 02:49:45,708, session=2, sequence=5, operation=PrimitiveOperation{id=DefaultOperationId{id=write, type=COMMAND}, value=byte[]{length=17, hash=-1644578928}}}}
02:49:45.791 [raft-server-1-state] TRACE i.a.p.s.impl.DefaultServiceExecutor - PrimitiveService{2}{type=io.atomix.protocols.raft.RaftTest$TestPrimitiveType@2df83e7, name=raft-test} - Executing DefaultCommit{index=9, session=RaftSession{RaftServiceContext{server=1, type=io.atomix.protocols.raft.RaftTest$TestPrimitiveType@2df83e7, name=raft-test, id=2}, session=2, timestamp=2018-06-09 02:49:45,708}, time=2018-06-09 02:49:45,708, operation=DefaultOperationId{id=write, type=COMMAND}, value=byte[]{length=17, hash=-1644578928}}
02:49:45.791 [raft-server-1-state] TRACE i.a.protocols.raft.roles.LeaderRole - RaftServer{1}{role=LEADER} - Sending CommandResponse{status=OK, index=9, eventIndex=2, result=byte[]{length=2, hash=1258}}
02:49:45.791 [raft-server-2] TRACE i.a.p.raft.roles.FollowerRole - RaftServer{2}{role=FOLLOWER} - Sending CommandResponse{status=OK, index=9, eventIndex=2, result=byte[]{length=2, hash=1258}}
02:49:45.792 [raft-client-86eccf48-f731-4463-9ff4-1338804a1578-5] TRACE i.a.p.r.p.impl.RaftProxyConnection - SessionClient{2}{type=io.atomix.protocols.raft.RaftTest$TestPrimitiveType@35bfa1bb, name=raft-test} - Received CommandResponse{status=OK, index=9, eventIndex=2, result=byte[]{length=2, hash=1258}} from 2
02:49:45.792 [raft-client-86eccf48-f731-4463-9ff4-1338804a1578-5] TRACE i.a.p.r.p.impl.RaftProxySequencer - SessionClient{2}{type=io.atomix.protocols.raft.RaftTest$TestPrimitiveType@35bfa1bb, name=raft-test} - Completing response CommandResponse{status=OK, index=9, eventIndex=2, result=byte[]{length=2, hash=1258}}
02:49:45.792 [raft-client-86eccf48-f731-4463-9ff4-1338804a1578-5] TRACE i.a.p.r.p.impl.RaftProxyConnection - SessionClient{2}{type=io.atomix.protocols.raft.RaftTest$TestPrimitiveType@35bfa1bb, name=raft-test} - Sending CommandRequest{session=2, sequence=6, operation=PrimitiveOperation{id=DefaultOperationId{id=write, type=COMMAND}, value=byte[]{length=17, hash=-1644578928}}} to 2
02:49:45.792 [raft-server-2] TRACE i.a.p.raft.roles.FollowerRole - RaftServer{2}{role=FOLLOWER} - Received CommandRequest{session=2, sequence=6, operation=PrimitiveOperation{id=DefaultOperationId{id=write, type=COMMAND}, value=byte[]{length=17, hash=-1644578928}}}
02:49:45.792 [raft-server-1] TRACE i.a.protocols.raft.roles.LeaderRole - RaftServer{1}{role=LEADER} - Received CommandRequest{session=2, sequence=6, operation=PrimitiveOperation{id=DefaultOperationId{id=write, type=COMMAND}, value=byte[]{length=17, hash=-1644578928}}}
02:49:45.792 [raft-server-1] TRACE i.a.protocols.raft.roles.LeaderRole - RaftServer{1}{role=LEADER} - Appended Indexed{index=10, entry=CommandEntry{term=1, timestamp=2018-06-09 02:49:45,792, session=2, sequence=6, operation=PrimitiveOperation{id=DefaultOperationId{id=write, type=COMMAND}, value=byte[]{length=17, hash=-1644578928}}}}
02:49:45.793 [raft-server-1] TRACE i.a.p.raft.roles.LeaderAppender - RaftServer{1} - Sending AppendRequest{term=1, leader=1, prevLogIndex=9, prevLogTerm=1, entries=1, commitIndex=9} to 3
02:49:45.793 [raft-server-3] TRACE i.a.p.raft.roles.FollowerRole - RaftServer{3}{role=FOLLOWER} - Received AppendRequest{term=1, leader=1, prevLogIndex=9, prevLogTerm=1, entries=1, commitIndex=9}
02:49:45.793 [raft-server-1] TRACE i.a.p.raft.roles.LeaderAppender - RaftServer{1} - Sending AppendRequest{term=1, leader=1, prevLogIndex=9, prevLogTerm=1, entries=1, commitIndex=9} to 2
02:49:45.793 [raft-server-2] TRACE i.a.p.raft.roles.FollowerRole - RaftServer{2}{role=FOLLOWER} - Received AppendRequest{term=1, leader=1, prevLogIndex=9, prevLogTerm=1, entries=1, commitIndex=9}
02:49:45.793 [raft-server-3] TRACE i.a.p.raft.roles.FollowerRole - RaftServer{3}{role=FOLLOWER} - Appended Indexed{index=10, entry=CommandEntry{term=1, timestamp=2018-06-09 02:49:45,792, session=2, sequence=6, operation=PrimitiveOperation{id=DefaultOperationId{id=write, type=COMMAND}, value=byte[]{length=17, hash=-1644578928}}}}
02:49:45.793 [raft-server-2] TRACE i.a.p.raft.roles.FollowerRole - RaftServer{2}{role=FOLLOWER} - Appended Indexed{index=10, entry=CommandEntry{term=1, timestamp=2018-06-09 02:49:45,792, session=2, sequence=6, operation=PrimitiveOperation{id=DefaultOperationId{id=write, type=COMMAND}, value=byte[]{length=17, hash=-1644578928}}}}
02:49:45.883 [raft-server-3] TRACE i.a.p.raft.roles.FollowerRole - RaftServer{3}{role=FOLLOWER} - Committed entries up to index 9
02:49:45.883 [raft-server-2] TRACE i.a.p.raft.roles.FollowerRole - RaftServer{2}{role=FOLLOWER} - Committed entries up to index 9
02:49:45.883 [raft-server-3] TRACE i.a.p.raft.roles.FollowerRole - RaftServer{3}{role=FOLLOWER} - Sending AppendResponse{status=OK, term=1, succeeded=true, lastLogIndex=10}
02:49:45.883 [raft-server-2] TRACE i.a.p.raft.roles.FollowerRole - RaftServer{2}{role=FOLLOWER} - Sending AppendResponse{status=OK, term=1, succeeded=true, lastLogIndex=10}
02:49:45.884 [raft-server-1] TRACE i.a.p.raft.roles.LeaderAppender - RaftServer{1} - Received AppendResponse{status=OK, term=1, succeeded=true, lastLogIndex=10} from 3
02:49:45.884 [raft-server-3-state] TRACE i.a.p.raft.impl.RaftServiceManager - RaftServer{3} - Applying Indexed{index=9, entry=CommandEntry{term=1, timestamp=2018-06-09 02:49:45,708, session=2, sequence=5, operation=PrimitiveOperation{id=DefaultOperationId{id=write, type=COMMAND}, value=byte[]{length=17, hash=-1644578928}}}}
02:49:45.884 [raft-server-1] TRACE i.a.p.raft.roles.LeaderAppender - RaftServer{1} - Committed entries up to 10
02:49:45.884 [raft-server-2-state] TRACE i.a.p.raft.impl.RaftServiceManager - RaftServer{2} - Applying Indexed{index=9, entry=CommandEntry{term=1, timestamp=2018-06-09 02:49:45,708, session=2, sequence=5, operation=PrimitiveOperation{id=DefaultOperationId{id=write, type=COMMAND}, value=byte[]{length=17, hash=-1644578928}}}}
02:49:45.884 [raft-server-3-state] TRACE i.a.p.s.impl.DefaultServiceExecutor - PrimitiveService{2}{type=io.atomix.protocols.raft.RaftTest$TestPrimitiveType@2669790c, name=raft-test} - Executing DefaultCommit{index=9, session=RaftSession{RaftServiceContext{server=3, type=io.atomix.protocols.raft.RaftTest$TestPrimitiveType@2669790c, name=raft-test, id=2}, session=2, timestamp=2018-06-09 02:49:45,708}, time=2018-06-09 02:49:45,708, operation=DefaultOperationId{id=write, type=COMMAND}, value=byte[]{length=17, hash=-1644578928}}
02:49:45.884 [raft-server-2-state] TRACE i.a.p.s.impl.DefaultServiceExecutor - PrimitiveService{2}{type=io.atomix.protocols.raft.RaftTest$TestPrimitiveType@10ad7eb5, name=raft-test} - Executing DefaultCommit{index=9, session=RaftSession{RaftServiceContext{server=2, type=io.atomix.protocols.raft.RaftTest$TestPrimitiveType@10ad7eb5, name=raft-test, id=2}, session=2, timestamp=2018-06-09 02:49:45,708}, time=2018-06-09 02:49:45,708, operation=DefaultOperationId{id=write, type=COMMAND}, value=byte[]{length=17, hash=-1644578928}}
02:49:46.064 [raft-server-1] TRACE i.a.p.raft.roles.LeaderAppender - RaftServer{1} - Sending AppendRequest{term=1, leader=1, prevLogIndex=10, prevLogTerm=1, entries=0, commitIndex=10} to 3
02:49:46.064 [raft-server-3] TRACE i.a.p.raft.roles.FollowerRole - RaftServer{3}{role=FOLLOWER} - Received AppendRequest{term=1, leader=1, prevLogIndex=10, prevLogTerm=1, entries=0, commitIndex=10}
02:49:46.064 [raft-server-1] TRACE i.a.p.raft.roles.LeaderAppender - RaftServer{1} - Received AppendResponse{status=OK, term=1, succeeded=true, lastLogIndex=10} from 2
02:49:46.064 [raft-server-1] TRACE i.a.p.raft.roles.LeaderAppender - RaftServer{1} - Sending AppendRequest{term=1, leader=1, prevLogIndex=10, prevLogTerm=1, entries=0, commitIndex=10} to 2
02:49:46.064 [raft-server-2] TRACE i.a.p.raft.roles.FollowerRole - RaftServer{2}{role=FOLLOWER} - Received AppendRequest{term=1, leader=1, prevLogIndex=10, prevLogTerm=1, entries=0, commitIndex=10}
02:49:46.064 [raft-server-1-state] TRACE i.a.p.raft.impl.RaftServiceManager - RaftServer{1} - Applying Indexed{index=10, entry=CommandEntry{term=1, timestamp=2018-06-09 02:49:45,792, session=2, sequence=6, operation=PrimitiveOperation{id=DefaultOperationId{id=write, type=COMMAND}, value=byte[]{length=17, hash=-1644578928}}}}
02:49:46.065 [raft-server-1-state] TRACE i.a.p.s.impl.DefaultServiceExecutor - PrimitiveService{2}{type=io.atomix.protocols.raft.RaftTest$TestPrimitiveType@2df83e7, name=raft-test} - Executing DefaultCommit{index=10, session=RaftSession{RaftServiceContext{server=1, type=io.atomix.protocols.raft.RaftTest$TestPrimitiveType@2df83e7, name=raft-test, id=2}, session=2, timestamp=2018-06-09 02:49:45,792}, time=2018-06-09 02:49:45,792, operation=DefaultOperationId{id=write, type=COMMAND}, value=byte[]{length=17, hash=-1644578928}}
02:49:46.065 [raft-server-1-state] TRACE i.a.protocols.raft.roles.LeaderRole - RaftServer{1}{role=LEADER} - Sending CommandResponse{status=OK, index=10, eventIndex=2, result=byte[]{length=2, hash=1260}}
02:49:46.139 [raft-server-3] TRACE i.a.p.raft.roles.FollowerRole - RaftServer{3}{role=FOLLOWER} - Committed entries up to index 10
02:49:46.139 [raft-server-3] TRACE i.a.p.raft.roles.FollowerRole - RaftServer{3}{role=FOLLOWER} - Sending AppendResponse{status=OK, term=1, succeeded=true, lastLogIndex=10}
02:49:46.139 [raft-server-1] TRACE i.a.p.raft.roles.LeaderAppender - RaftServer{1} - Received AppendResponse{status=OK, term=1, succeeded=true, lastLogIndex=10} from 3
02:49:46.139 [raft-server-3-state] TRACE i.a.p.raft.impl.RaftServiceManager - RaftServer{3} - Applying Indexed{index=10, entry=CommandEntry{term=1, timestamp=2018-06-09 02:49:45,792, session=2, sequence=6, operation=PrimitiveOperation{id=DefaultOperationId{id=write, type=COMMAND}, value=byte[]{length=17, hash=-1644578928}}}}
02:49:46.139 [raft-server-1] TRACE i.a.p.raft.roles.LeaderAppender - RaftServer{1} - Sending AppendRequest{term=1, leader=1, prevLogIndex=10, prevLogTerm=1, entries=0, commitIndex=10} to 3
02:49:46.139 [raft-server-3-state] TRACE i.a.p.s.impl.DefaultServiceExecutor - PrimitiveService{2}{type=io.atomix.protocols.raft.RaftTest$TestPrimitiveType@2669790c, name=raft-test} - Executing DefaultCommit{index=10, session=RaftSession{RaftServiceContext{server=3, type=io.atomix.protocols.raft.RaftTest$TestPrimitiveType@2669790c, name=raft-test, id=2}, session=2, timestamp=2018-06-09 02:49:45,792}, time=2018-06-09 02:49:45,792, operation=DefaultOperationId{id=write, type=COMMAND}, value=byte[]{length=17, hash=-1644578928}}
02:49:46.140 [raft-server-3] TRACE i.a.p.raft.roles.FollowerRole - RaftServer{3}{role=FOLLOWER} - Received AppendRequest{term=1, leader=1, prevLogIndex=10, prevLogTerm=1, entries=0, commitIndex=10}
02:49:46.140 [raft-server-3] TRACE i.a.p.raft.roles.FollowerRole - RaftServer{3}{role=FOLLOWER} - Sending AppendResponse{status=OK, term=1, succeeded=true, lastLogIndex=10}
02:49:46.140 [raft-server-1] TRACE i.a.p.raft.roles.LeaderAppender - RaftServer{1} - Received AppendResponse{status=OK, term=1, succeeded=true, lastLogIndex=10} from 3
02:49:46.206 [raft-server-2] TRACE i.a.p.raft.roles.FollowerRole - RaftServer{2}{role=FOLLOWER} - Committed entries up to index 10
02:49:46.206 [raft-server-2] TRACE i.a.p.raft.roles.FollowerRole - RaftServer{2}{role=FOLLOWER} - Sending AppendResponse{status=OK, term=1, succeeded=true, lastLogIndex=10}
02:49:46.206 [raft-server-2] TRACE i.a.p.raft.roles.FollowerRole - RaftServer{2}{role=FOLLOWER} - Sending CommandResponse{status=OK, index=10, eventIndex=2, result=byte[]{length=2, hash=1260}}
02:49:46.206 [raft-server-1] TRACE i.a.p.raft.roles.LeaderAppender - RaftServer{1} - Received AppendResponse{status=OK, term=1, succeeded=true, lastLogIndex=10} from 2
02:49:46.206 [raft-client-86eccf48-f731-4463-9ff4-1338804a1578-4] TRACE i.a.p.r.p.impl.RaftProxyConnection - SessionClient{2}{type=io.atomix.protocols.raft.RaftTest$TestPrimitiveType@35bfa1bb, name=raft-test} - Received CommandResponse{status=OK, index=10, eventIndex=2, result=byte[]{length=2, hash=1260}} from 2
02:49:46.206 [raft-client-86eccf48-f731-4463-9ff4-1338804a1578-4] TRACE i.a.p.r.p.impl.RaftProxySequencer - SessionClient{2}{type=io.atomix.protocols.raft.RaftTest$TestPrimitiveType@35bfa1bb, name=raft-test} - Completing response CommandResponse{status=OK, index=10, eventIndex=2, result=byte[]{length=2, hash=1260}}
02:49:46.206 [raft-server-2-state] TRACE i.a.p.raft.impl.RaftServiceManager - RaftServer{2} - Applying Indexed{index=10, entry=CommandEntry{term=1, timestamp=2018-06-09 02:49:45,792, session=2, sequence=6, operation=PrimitiveOperation{id=DefaultOperationId{id=write, type=COMMAND}, value=byte[]{length=17, hash=-1644578928}}}}
02:49:46.206 [raft-server-2-state] TRACE i.a.p.s.impl.DefaultServiceExecutor - PrimitiveService{2}{type=io.atomix.protocols.raft.RaftTest$TestPrimitiveType@10ad7eb5, name=raft-test} - Executing DefaultCommit{index=10, session=RaftSession{RaftServiceContext{server=2, type=io.atomix.protocols.raft.RaftTest$TestPrimitiveType@10ad7eb5, name=raft-test, id=2}, session=2, timestamp=2018-06-09 02:49:45,792}, time=2018-06-09 02:49:45,792, operation=DefaultOperationId{id=write, type=COMMAND}, value=byte[]{length=17, hash=-1644578928}}
02:49:46.207 [raft-client-86eccf48-f731-4463-9ff4-1338804a1578-2] TRACE i.a.p.r.p.impl.RaftProxyConnection - SessionClient{2}{type=io.atomix.protocols.raft.RaftTest$TestPrimitiveType@35bfa1bb, name=raft-test} - Sending CommandRequest{session=2, sequence=7, operation=PrimitiveOperation{id=DefaultOperationId{id=write, type=COMMAND}, value=byte[]{length=17, hash=-1644578928}}} to 2
02:49:46.207 [raft-server-2] TRACE i.a.p.raft.roles.FollowerRole - RaftServer{2}{role=FOLLOWER} - Received CommandRequest{session=2, sequence=7, operation=PrimitiveOperation{id=DefaultOperationId{id=write, type=COMMAND}, value=byte[]{length=17, hash=-1644578928}}}
02:49:46.207 [raft-server-1] TRACE i.a.protocols.raft.roles.LeaderRole - RaftServer{1}{role=LEADER} - Received CommandRequest{session=2, sequence=7, operation=PrimitiveOperation{id=DefaultOperationId{id=write, type=COMMAND}, value=byte[]{length=17, hash=-1644578928}}}
02:49:46.373 [raft-server-1] DEBUG i.a.storage.journal.SegmentedJournal - Created disk segment: JournalSegment{id=2, version=1, index=11, size=64}
02:49:46.374 [raft-server-1] TRACE i.a.protocols.raft.roles.LeaderRole - RaftServer{1}{role=LEADER} - Appended Indexed{index=11, entry=CommandEntry{term=1, timestamp=2018-06-09 02:49:46,207, session=2, sequence=7, operation=PrimitiveOperation{id=DefaultOperationId{id=write, type=COMMAND}, value=byte[]{length=17, hash=-1644578928}}}}
02:49:46.374 [raft-server-1] TRACE i.a.p.raft.roles.LeaderAppender - RaftServer{1} - Sending AppendRequest{term=1, leader=1, prevLogIndex=10, prevLogTerm=1, entries=1, commitIndex=10} to 3
02:49:46.374 [raft-server-3] TRACE i.a.p.raft.roles.FollowerRole - RaftServer{3}{role=FOLLOWER} - Received AppendRequest{term=1, leader=1, prevLogIndex=10, prevLogTerm=1, entries=1, commitIndex=10}
02:49:46.374 [raft-server-1] TRACE i.a.p.raft.roles.LeaderAppender - RaftServer{1} - Sending AppendRequest{term=1, leader=1, prevLogIndex=10, prevLogTerm=1, entries=1, commitIndex=10} to 2
02:49:46.374 [raft-server-2] TRACE i.a.p.raft.roles.FollowerRole - RaftServer{2}{role=FOLLOWER} - Received AppendRequest{term=1, leader=1, prevLogIndex=10, prevLogTerm=1, entries=1, commitIndex=10}
02:49:46.615 [raft-server-3] DEBUG i.a.storage.journal.SegmentedJournal - Created disk segment: JournalSegment{id=2, version=1, index=11, size=64}
02:49:46.616 [raft-server-3] TRACE i.a.p.raft.roles.FollowerRole - RaftServer{3}{role=FOLLOWER} - Appended Indexed{index=11, entry=CommandEntry{term=1, timestamp=2018-06-09 02:49:46,207, session=2, sequence=7, operation=PrimitiveOperation{id=DefaultOperationId{id=write, type=COMMAND}, value=byte[]{length=17, hash=-1644578928}}}}
02:49:46.616 [raft-server-3] TRACE i.a.p.raft.roles.FollowerRole - RaftServer{3}{role=FOLLOWER} - Sending AppendResponse{status=OK, term=1, succeeded=true, lastLogIndex=11}
02:49:46.616 [raft-server-1] TRACE i.a.p.raft.roles.LeaderAppender - RaftServer{1} - Received AppendResponse{status=OK, term=1, succeeded=true, lastLogIndex=11} from 3
02:49:46.616 [raft-server-1] TRACE i.a.p.raft.roles.LeaderAppender - RaftServer{1} - Committed entries up to 11
02:49:46.648 [raft-server-2] DEBUG i.a.storage.journal.SegmentedJournal - Created disk segment: JournalSegment{id=2, version=1, index=11, size=64}
02:49:46.649 [raft-server-2] TRACE i.a.p.raft.roles.FollowerRole - RaftServer{2}{role=FOLLOWER} - Appended Indexed{index=11, entry=CommandEntry{term=1, timestamp=2018-06-09 02:49:46,207, session=2, sequence=7, operation=PrimitiveOperation{id=DefaultOperationId{id=write, type=COMMAND}, value=byte[]{length=17, hash=-1644578928}}}}
02:49:46.649 [raft-server-2] TRACE i.a.p.raft.roles.FollowerRole - RaftServer{2}{role=FOLLOWER} - Sending AppendResponse{status=OK, term=1, succeeded=true, lastLogIndex=11}
02:49:46.682 [raft-server-1] TRACE i.a.p.raft.roles.LeaderAppender - RaftServer{1} - Sending AppendRequest{term=1, leader=1, prevLogIndex=11, prevLogTerm=1, entries=0, commitIndex=11} to 3
02:49:46.682 [raft-server-3] TRACE i.a.p.raft.roles.FollowerRole - RaftServer{3}{role=FOLLOWER} - Received AppendRequest{term=1, leader=1, prevLogIndex=11, prevLogTerm=1, entries=0, commitIndex=11}
02:49:46.682 [raft-server-1] TRACE i.a.p.raft.roles.LeaderAppender - RaftServer{1} - Received AppendResponse{status=OK, term=1, succeeded=true, lastLogIndex=11} from 2
02:49:46.682 [raft-server-1] TRACE i.a.p.raft.roles.LeaderAppender - RaftServer{1} - Sending AppendRequest{term=1, leader=1, prevLogIndex=11, prevLogTerm=1, entries=0, commitIndex=11} to 2
02:49:46.682 [raft-server-2] TRACE i.a.p.raft.roles.FollowerRole - RaftServer{2}{role=FOLLOWER} - Received AppendRequest{term=1, leader=1, prevLogIndex=11, prevLogTerm=1, entries=0, commitIndex=11}
02:49:46.683 [raft-server-1-state] TRACE i.a.p.raft.impl.RaftServiceManager - RaftServer{1} - Applying Indexed{index=11, entry=CommandEntry{term=1, timestamp=2018-06-09 02:49:46,207, session=2, sequence=7, operation=PrimitiveOperation{id=DefaultOperationId{id=write, type=COMMAND}, value=byte[]{length=17, hash=-1644578928}}}}
02:49:46.683 [raft-server-1-state] TRACE i.a.p.s.impl.DefaultServiceExecutor - PrimitiveService{2}{type=io.atomix.protocols.raft.RaftTest$TestPrimitiveType@2df83e7, name=raft-test} - Executing DefaultCommit{index=11, session=RaftSession{RaftServiceContext{server=1, type=io.atomix.protocols.raft.RaftTest$TestPrimitiveType@2df83e7, name=raft-test, id=2}, session=2, timestamp=2018-06-09 02:49:46,207}, time=2018-06-09 02:49:46,207, operation=DefaultOperationId{id=write, type=COMMAND}, value=byte[]{length=17, hash=-1644578928}}
02:49:46.683 [raft-server-1-state] TRACE i.a.protocols.raft.roles.LeaderRole - RaftServer{1}{role=LEADER} - Sending CommandResponse{status=OK, index=11, eventIndex=2, result=byte[]{length=2, hash=1262}}
02:49:46.757 [raft-server-3] TRACE i.a.p.raft.roles.FollowerRole - RaftServer{3}{role=FOLLOWER} - Committed entries up to index 11
02:49:46.757 [raft-server-2] TRACE i.a.p.raft.roles.FollowerRole - RaftServer{2}{role=FOLLOWER} - Committed entries up to index 11
02:49:46.758 [raft-server-3] TRACE i.a.p.raft.roles.FollowerRole - RaftServer{3}{role=FOLLOWER} - Sending AppendResponse{status=OK, term=1, succeeded=true, lastLogIndex=11}
02:49:46.758 [raft-server-2] TRACE i.a.p.raft.roles.FollowerRole - RaftServer{2}{role=FOLLOWER} - Sending AppendResponse{status=OK, term=1, succeeded=true, lastLogIndex=11}
02:49:46.758 [raft-server-1] TRACE i.a.p.raft.roles.LeaderAppender - RaftServer{1} - Received AppendResponse{status=OK, term=1, succeeded=true, lastLogIndex=11} from 3
02:49:46.758 [raft-server-2] TRACE i.a.p.raft.roles.FollowerRole - RaftServer{2}{role=FOLLOWER} - Sending CommandResponse{status=OK, index=11, eventIndex=2, result=byte[]{length=2, hash=1262}}
02:49:46.758 [raft-server-1] TRACE i.a.p.raft.roles.LeaderAppender - RaftServer{1} - Received AppendResponse{status=OK, term=1, succeeded=true, lastLogIndex=11} from 2
02:49:46.758 [raft-server-3-state] TRACE i.a.p.raft.impl.RaftServiceManager - RaftServer{3} - Applying Indexed{index=11, entry=CommandEntry{term=1, timestamp=2018-06-09 02:49:46,207, session=2, sequence=7, operation=PrimitiveOperation{id=DefaultOperationId{id=write, type=COMMAND}, value=byte[]{length=17, hash=-1644578928}}}}
02:49:46.758 [raft-client-86eccf48-f731-4463-9ff4-1338804a1578-0] TRACE i.a.p.r.p.impl.RaftProxyConnection - SessionClient{2}{type=io.atomix.protocols.raft.RaftTest$TestPrimitiveType@35bfa1bb, name=raft-test} - Received CommandResponse{status=OK, index=11, eventIndex=2, result=byte[]{length=2, hash=1262}} from 2
02:49:46.758 [raft-server-2-state] TRACE i.a.p.raft.impl.RaftServiceManager - RaftServer{2} - Applying Indexed{index=11, entry=CommandEntry{term=1, timestamp=2018-06-09 02:49:46,207, session=2, sequence=7, operation=PrimitiveOperation{id=DefaultOperationId{id=write, type=COMMAND}, value=byte[]{length=17, hash=-1644578928}}}}
02:49:46.758 [raft-server-3-state] TRACE i.a.p.s.impl.DefaultServiceExecutor - PrimitiveService{2}{type=io.atomix.protocols.raft.RaftTest$TestPrimitiveType@2669790c, name=raft-test} - Executing DefaultCommit{index=11, session=RaftSession{RaftServiceContext{server=3, type=io.atomix.protocols.raft.RaftTest$TestPrimitiveType@2669790c, name=raft-test, id=2}, session=2, timestamp=2018-06-09 02:49:46,207}, time=2018-06-09 02:49:46,207, operation=DefaultOperationId{id=write, type=COMMAND}, value=byte[]{length=17, hash=-1644578928}}
02:49:46.758 [raft-client-86eccf48-f731-4463-9ff4-1338804a1578-0] TRACE i.a.p.r.p.impl.RaftProxySequencer - SessionClient{2}{type=io.atomix.protocols.raft.RaftTest$TestPrimitiveType@35bfa1bb, name=raft-test} - Completing response CommandResponse{status=OK, index=11, eventIndex=2, result=byte[]{length=2, hash=1262}}
02:49:46.758 [raft-server-2-state] TRACE i.a.p.s.impl.DefaultServiceExecutor - PrimitiveService{2}{type=io.atomix.protocols.raft.RaftTest$TestPrimitiveType@10ad7eb5, name=raft-test} - Executing DefaultCommit{index=11, session=RaftSession{RaftServiceContext{server=2, type=io.atomix.protocols.raft.RaftTest$TestPrimitiveType@10ad7eb5, name=raft-test, id=2}, session=2, timestamp=2018-06-09 02:49:46,207}, time=2018-06-09 02:49:46,207, operation=DefaultOperationId{id=write, type=COMMAND}, value=byte[]{length=17, hash=-1644578928}}
02:49:46.758 [raft-client-86eccf48-f731-4463-9ff4-1338804a1578-3] TRACE i.a.p.r.p.impl.RaftProxyConnection - SessionClient{2}{type=io.atomix.protocols.raft.RaftTest$TestPrimitiveType@35bfa1bb, name=raft-test} - Sending CommandRequest{session=2, sequence=8, operation=PrimitiveOperation{id=DefaultOperationId{id=write, type=COMMAND}, value=byte[]{length=17, hash=-1644578928}}} to 2
02:49:46.759 [raft-server-2] TRACE i.a.p.raft.roles.FollowerRole - RaftServer{2}{role=FOLLOWER} - Received CommandRequest{session=2, sequence=8, operation=PrimitiveOperation{id=DefaultOperationId{id=write, type=COMMAND}, value=byte[]{length=17, hash=-1644578928}}}
02:49:46.759 [raft-server-1] TRACE i.a.protocols.raft.roles.LeaderRole - RaftServer{1}{role=LEADER} - Received CommandRequest{session=2, sequence=8, operation=PrimitiveOperation{id=DefaultOperationId{id=write, type=COMMAND}, value=byte[]{length=17, hash=-1644578928}}}
02:49:46.759 [raft-server-1] TRACE i.a.protocols.raft.roles.LeaderRole - RaftServer{1}{role=LEADER} - Appended Indexed{index=12, entry=CommandEntry{term=1, timestamp=2018-06-09 02:49:46,759, session=2, sequence=8, operation=PrimitiveOperation{id=DefaultOperationId{id=write, type=COMMAND}, value=byte[]{length=17, hash=-1644578928}}}}
02:49:46.759 [raft-server-1] TRACE i.a.p.raft.roles.LeaderAppender - RaftServer{1} - Sending AppendRequest{term=1, leader=1, prevLogIndex=11, prevLogTerm=1, entries=1, commitIndex=11} to 3
02:49:46.759 [raft-server-3] TRACE i.a.p.raft.roles.FollowerRole - RaftServer{3}{role=FOLLOWER} - Received AppendRequest{term=1, leader=1, prevLogIndex=11, prevLogTerm=1, entries=1, commitIndex=11}
02:49:46.759 [raft-server-1] TRACE i.a.p.raft.roles.LeaderAppender - RaftServer{1} - Sending AppendRequest{term=1, leader=1, prevLogIndex=11, prevLogTerm=1, entries=1, commitIndex=11} to 2
02:49:46.759 [raft-server-2] TRACE i.a.p.raft.roles.FollowerRole - RaftServer{2}{role=FOLLOWER} - Received AppendRequest{term=1, leader=1, prevLogIndex=11, prevLogTerm=1, entries=1, commitIndex=11}
02:49:46.759 [raft-server-3] TRACE i.a.p.raft.roles.FollowerRole - RaftServer{3}{role=FOLLOWER} - Appended Indexed{index=12, entry=CommandEntry{term=1, timestamp=2018-06-09 02:49:46,759, session=2, sequence=8, operation=PrimitiveOperation{id=DefaultOperationId{id=write, type=COMMAND}, value=byte[]{length=17, hash=-1644578928}}}}
02:49:46.759 [raft-server-3] TRACE i.a.p.raft.roles.FollowerRole - RaftServer{3}{role=FOLLOWER} - Sending AppendResponse{status=OK, term=1, succeeded=true, lastLogIndex=12}
02:49:46.759 [raft-server-1] TRACE i.a.p.raft.roles.LeaderAppender - RaftServer{1} - Received AppendResponse{status=OK, term=1, succeeded=true, lastLogIndex=12} from 3
02:49:46.759 [raft-server-1] TRACE i.a.p.raft.roles.LeaderAppender - RaftServer{1} - Committed entries up to 12
02:49:46.759 [raft-server-2] TRACE i.a.p.raft.roles.FollowerRole - RaftServer{2}{role=FOLLOWER} - Appended Indexed{index=12, entry=CommandEntry{term=1, timestamp=2018-06-09 02:49:46,759, session=2, sequence=8, operation=PrimitiveOperation{id=DefaultOperationId{id=write, type=COMMAND}, value=byte[]{length=17, hash=-1644578928}}}}
02:49:46.760 [raft-server-2] TRACE i.a.p.raft.roles.FollowerRole - RaftServer{2}{role=FOLLOWER} - Sending AppendResponse{status=OK, term=1, succeeded=true, lastLogIndex=12}
02:49:46.831 [raft-server-1] TRACE i.a.p.raft.roles.LeaderAppender - RaftServer{1} - Received AppendResponse{status=OK, term=1, succeeded=true, lastLogIndex=12} from 2
02:49:46.831 [raft-server-1-state] TRACE i.a.p.raft.impl.RaftServiceManager - RaftServer{1} - Applying Indexed{index=12, entry=CommandEntry{term=1, timestamp=2018-06-09 02:49:46,759, session=2, sequence=8, operation=PrimitiveOperation{id=DefaultOperationId{id=write, type=COMMAND}, value=byte[]{length=17, hash=-1644578928}}}}
02:49:46.831 [raft-server-1-state] TRACE i.a.p.s.impl.DefaultServiceExecutor - PrimitiveService{2}{type=io.atomix.protocols.raft.RaftTest$TestPrimitiveType@2df83e7, name=raft-test} - Executing DefaultCommit{index=12, session=RaftSession{RaftServiceContext{server=1, type=io.atomix.protocols.raft.RaftTest$TestPrimitiveType@2df83e7, name=raft-test, id=2}, session=2, timestamp=2018-06-09 02:49:46,759}, time=2018-06-09 02:49:46,759, operation=DefaultOperationId{id=write, type=COMMAND}, value=byte[]{length=17, hash=-1644578928}}
02:49:46.832 [raft-server-1-state] TRACE i.a.protocols.raft.roles.LeaderRole - RaftServer{1}{role=LEADER} - Sending CommandResponse{status=OK, index=12, eventIndex=2, result=byte[]{length=2, hash=1264}}
02:49:46.832 [raft-server-2] TRACE i.a.p.raft.roles.FollowerRole - RaftServer{2}{role=FOLLOWER} - Sending CommandResponse{status=OK, index=12, eventIndex=2, result=byte[]{length=2, hash=1264}}
02:49:46.832 [raft-client-86eccf48-f731-4463-9ff4-1338804a1578-1] TRACE i.a.p.r.p.impl.RaftProxyConnection - SessionClient{2}{type=io.atomix.protocols.raft.RaftTest$TestPrimitiveType@35bfa1bb, name=raft-test} - Received CommandResponse{status=OK, index=12, eventIndex=2, result=byte[]{length=2, hash=1264}} from 2
02:49:46.832 [raft-client-86eccf48-f731-4463-9ff4-1338804a1578-1] TRACE i.a.p.r.p.impl.RaftProxySequencer - SessionClient{2}{type=io.atomix.protocols.raft.RaftTest$TestPrimitiveType@35bfa1bb, name=raft-test} - Completing response CommandResponse{status=OK, index=12, eventIndex=2, result=byte[]{length=2, hash=1264}}
02:49:46.832 [raft-client-86eccf48-f731-4463-9ff4-1338804a1578-1] TRACE i.a.p.r.p.impl.RaftProxyConnection - SessionClient{2}{type=io.atomix.protocols.raft.RaftTest$TestPrimitiveType@35bfa1bb, name=raft-test} - Sending CommandRequest{session=2, sequence=9, operation=PrimitiveOperation{id=DefaultOperationId{id=write, type=COMMAND}, value=byte[]{length=17, hash=-1644578928}}} to 2
02:49:46.832 [raft-server-2] TRACE i.a.p.raft.roles.FollowerRole - RaftServer{2}{role=FOLLOWER} - Received CommandRequest{session=2, sequence=9, operation=PrimitiveOperation{id=DefaultOperationId{id=write, type=COMMAND}, value=byte[]{length=17, hash=-1644578928}}}
02:49:46.832 [raft-server-1] TRACE i.a.protocols.raft.roles.LeaderRole - RaftServer{1}{role=LEADER} - Received CommandRequest{session=2, sequence=9, operation=PrimitiveOperation{id=DefaultOperationId{id=write, type=COMMAND}, value=byte[]{length=17, hash=-1644578928}}}
02:49:46.833 [raft-server-1] TRACE i.a.protocols.raft.roles.LeaderRole - RaftServer{1}{role=LEADER} - Appended Indexed{index=13, entry=CommandEntry{term=1, timestamp=2018-06-09 02:49:46,833, session=2, sequence=9, operation=PrimitiveOperation{id=DefaultOperationId{id=write, type=COMMAND}, value=byte[]{length=17, hash=-1644578928}}}}
02:49:46.833 [raft-server-1] TRACE i.a.p.raft.roles.LeaderAppender - RaftServer{1} - Sending AppendRequest{term=1, leader=1, prevLogIndex=12, prevLogTerm=1, entries=1, commitIndex=12} to 3
02:49:46.833 [raft-server-3] TRACE i.a.p.raft.roles.FollowerRole - RaftServer{3}{role=FOLLOWER} - Received AppendRequest{term=1, leader=1, prevLogIndex=12, prevLogTerm=1, entries=1, commitIndex=12}
02:49:46.833 [raft-server-1] TRACE i.a.p.raft.roles.LeaderAppender - RaftServer{1} - Sending AppendRequest{term=1, leader=1, prevLogIndex=12, prevLogTerm=1, entries=1, commitIndex=12} to 2
02:49:46.833 [raft-server-2] TRACE i.a.p.raft.roles.FollowerRole - RaftServer{2}{role=FOLLOWER} - Received AppendRequest{term=1, leader=1, prevLogIndex=12, prevLogTerm=1, entries=1, commitIndex=12}
02:49:46.833 [raft-server-3] TRACE i.a.p.raft.roles.FollowerRole - RaftServer{3}{role=FOLLOWER} - Appended Indexed{index=13, entry=CommandEntry{term=1, timestamp=2018-06-09 02:49:46,833, session=2, sequence=9, operation=PrimitiveOperation{id=DefaultOperationId{id=write, type=COMMAND}, value=byte[]{length=17, hash=-1644578928}}}}
02:49:46.833 [raft-server-2] TRACE i.a.p.raft.roles.FollowerRole - RaftServer{2}{role=FOLLOWER} - Appended Indexed{index=13, entry=CommandEntry{term=1, timestamp=2018-06-09 02:49:46,833, session=2, sequence=9, operation=PrimitiveOperation{id=DefaultOperationId{id=write, type=COMMAND}, value=byte[]{length=17, hash=-1644578928}}}}
02:49:46.906 [raft-server-2] TRACE i.a.p.raft.roles.FollowerRole - RaftServer{2}{role=FOLLOWER} - Committed entries up to index 12
02:49:46.906 [raft-server-3] TRACE i.a.p.raft.roles.FollowerRole - RaftServer{3}{role=FOLLOWER} - Committed entries up to index 12
02:49:46.906 [raft-server-2] TRACE i.a.p.raft.roles.FollowerRole - RaftServer{2}{role=FOLLOWER} - Sending AppendResponse{status=OK, term=1, succeeded=true, lastLogIndex=13}
02:49:46.906 [raft-server-3] TRACE i.a.p.raft.roles.FollowerRole - RaftServer{3}{role=FOLLOWER} - Sending AppendResponse{status=OK, term=1, succeeded=true, lastLogIndex=13}
02:49:46.906 [raft-server-1] TRACE i.a.p.raft.roles.LeaderAppender - RaftServer{1} - Received AppendResponse{status=OK, term=1, succeeded=true, lastLogIndex=13} from 2
02:49:46.906 [raft-server-2-state] TRACE i.a.p.raft.impl.RaftServiceManager - RaftServer{2} - Applying Indexed{index=12, entry=CommandEntry{term=1, timestamp=2018-06-09 02:49:46,759, session=2, sequence=8, operation=PrimitiveOperation{id=DefaultOperationId{id=write, type=COMMAND}, value=byte[]{length=17, hash=-1644578928}}}}
02:49:46.906 [raft-server-3-state] TRACE i.a.p.raft.impl.RaftServiceManager - RaftServer{3} - Applying Indexed{index=12, entry=CommandEntry{term=1, timestamp=2018-06-09 02:49:46,759, session=2, sequence=8, operation=PrimitiveOperation{id=DefaultOperationId{id=write, type=COMMAND}, value=byte[]{length=17, hash=-1644578928}}}}
02:49:46.907 [raft-server-1] TRACE i.a.p.raft.roles.LeaderAppender - RaftServer{1} - Committed entries up to 13
02:49:46.907 [raft-server-2-state] TRACE i.a.p.s.impl.DefaultServiceExecutor - PrimitiveService{2}{type=io.atomix.protocols.raft.RaftTest$TestPrimitiveType@10ad7eb5, name=raft-test} - Executing DefaultCommit{index=12, session=RaftSession{RaftServiceContext{server=2, type=io.atomix.protocols.raft.RaftTest$TestPrimitiveType@10ad7eb5, name=raft-test, id=2}, session=2, timestamp=2018-06-09 02:49:46,759}, time=2018-06-09 02:49:46,759, operation=DefaultOperationId{id=write, type=COMMAND}, value=byte[]{length=17, hash=-1644578928}}
02:49:46.907 [raft-server-3-state] TRACE i.a.p.s.impl.DefaultServiceExecutor - PrimitiveService{2}{type=io.atomix.protocols.raft.RaftTest$TestPrimitiveType@2669790c, name=raft-test} - Executing DefaultCommit{index=12, session=RaftSession{RaftServiceContext{server=3, type=io.atomix.protocols.raft.RaftTest$TestPrimitiveType@2669790c, name=raft-test, id=2}, session=2, timestamp=2018-06-09 02:49:46,759}, time=2018-06-09 02:49:46,759, operation=DefaultOperationId{id=write, type=COMMAND}, value=byte[]{length=17, hash=-1644578928}}
02:49:46.981 [raft-server-1] TRACE i.a.p.raft.roles.LeaderAppender - RaftServer{1} - Sending AppendRequest{term=1, leader=1, prevLogIndex=13, prevLogTerm=1, entries=0, commitIndex=13} to 2
02:49:46.981 [raft-server-1] TRACE i.a.p.raft.roles.LeaderAppender - RaftServer{1} - Received AppendResponse{status=OK, term=1, succeeded=true, lastLogIndex=13} from 3
02:49:46.981 [raft-server-2] TRACE i.a.p.raft.roles.FollowerRole - RaftServer{2}{role=FOLLOWER} - Received AppendRequest{term=1, leader=1, prevLogIndex=13, prevLogTerm=1, entries=0, commitIndex=13}
02:49:46.981 [raft-server-1] TRACE i.a.p.raft.roles.LeaderAppender - RaftServer{1} - Sending AppendRequest{term=1, leader=1, prevLogIndex=13, prevLogTerm=1, entries=0, commitIndex=13} to 3
02:49:46.981 [raft-server-3] TRACE i.a.p.raft.roles.FollowerRole - RaftServer{3}{role=FOLLOWER} - Received AppendRequest{term=1, leader=1, prevLogIndex=13, prevLogTerm=1, entries=0, commitIndex=13}
02:49:46.981 [raft-server-1-state] TRACE i.a.p.raft.impl.RaftServiceManager - RaftServer{1} - Applying Indexed{index=13, entry=CommandEntry{term=1, timestamp=2018-06-09 02:49:46,833, session=2, sequence=9, operation=PrimitiveOperation{id=DefaultOperationId{id=write, type=COMMAND}, value=byte[]{length=17, hash=-1644578928}}}}
02:49:46.981 [raft-server-1-state] TRACE i.a.p.s.impl.DefaultServiceExecutor - PrimitiveService{2}{type=io.atomix.protocols.raft.RaftTest$TestPrimitiveType@2df83e7, name=raft-test} - Executing DefaultCommit{index=13, session=RaftSession{RaftServiceContext{server=1, type=io.atomix.protocols.raft.RaftTest$TestPrimitiveType@2df83e7, name=raft-test, id=2}, session=2, timestamp=2018-06-09 02:49:46,833}, time=2018-06-09 02:49:46,833, operation=DefaultOperationId{id=write, type=COMMAND}, value=byte[]{length=17, hash=-1644578928}}
02:49:46.981 [raft-server-1-state] TRACE i.a.protocols.raft.roles.LeaderRole - RaftServer{1}{role=LEADER} - Sending CommandResponse{status=OK, index=13, eventIndex=2, result=byte[]{length=2, hash=1266}}
02:49:47.048 [raft-server-2] TRACE i.a.p.raft.roles.FollowerRole - RaftServer{2}{role=FOLLOWER} - Committed entries up to index 13
02:49:47.048 [raft-server-3] TRACE i.a.p.raft.roles.FollowerRole - RaftServer{3}{role=FOLLOWER} - Committed entries up to index 13
02:49:47.048 [raft-server-2] TRACE i.a.p.raft.roles.FollowerRole - RaftServer{2}{role=FOLLOWER} - Sending AppendResponse{status=OK, term=1, succeeded=true, lastLogIndex=13}
02:49:47.048 [raft-server-3] TRACE i.a.p.raft.roles.FollowerRole - RaftServer{3}{role=FOLLOWER} - Sending AppendResponse{status=OK, term=1, succeeded=true, lastLogIndex=13}
02:49:47.048 [raft-server-2] TRACE i.a.p.raft.roles.FollowerRole - RaftServer{2}{role=FOLLOWER} - Sending CommandResponse{status=OK, index=13, eventIndex=2, result=byte[]{length=2, hash=1266}}
02:49:47.048 [raft-server-1] TRACE i.a.p.raft.roles.LeaderAppender - RaftServer{1} - Received AppendResponse{status=OK, term=1, succeeded=true, lastLogIndex=13} from 2
02:49:47.049 [raft-server-3-state] TRACE i.a.p.raft.impl.RaftServiceManager - RaftServer{3} - Applying Indexed{index=13, entry=CommandEntry{term=1, timestamp=2018-06-09 02:49:46,833, session=2, sequence=9, operation=PrimitiveOperation{id=DefaultOperationId{id=write, type=COMMAND}, value=byte[]{length=17, hash=-1644578928}}}}
02:49:47.049 [raft-server-1] TRACE i.a.p.raft.roles.LeaderAppender - RaftServer{1} - Received AppendResponse{status=OK, term=1, succeeded=true, lastLogIndex=13} from 3
02:49:47.049 [raft-client-86eccf48-f731-4463-9ff4-1338804a1578-4] TRACE i.a.p.r.p.impl.RaftProxyConnection - SessionClient{2}{type=io.atomix.protocols.raft.RaftTest$TestPrimitiveType@35bfa1bb, name=raft-test} - Received CommandResponse{status=OK, index=13, eventIndex=2, result=byte[]{length=2, hash=1266}} from 2
02:49:47.049 [raft-server-2-state] TRACE i.a.p.raft.impl.RaftServiceManager - RaftServer{2} - Applying Indexed{index=13, entry=CommandEntry{term=1, timestamp=2018-06-09 02:49:46,833, session=2, sequence=9, operation=PrimitiveOperation{id=DefaultOperationId{id=write, type=COMMAND}, value=byte[]{length=17, hash=-1644578928}}}}
02:49:47.049 [raft-server-3-state] TRACE i.a.p.s.impl.DefaultServiceExecutor - PrimitiveService{2}{type=io.atomix.protocols.raft.RaftTest$TestPrimitiveType@2669790c, name=raft-test} - Executing DefaultCommit{index=13, session=RaftSession{RaftServiceContext{server=3, type=io.atomix.protocols.raft.RaftTest$TestPrimitiveType@2669790c, name=raft-test, id=2}, session=2, timestamp=2018-06-09 02:49:46,833}, time=2018-06-09 02:49:46,833, operation=DefaultOperationId{id=write, type=COMMAND}, value=byte[]{length=17, hash=-1644578928}}
02:49:47.049 [raft-client-86eccf48-f731-4463-9ff4-1338804a1578-4] TRACE i.a.p.r.p.impl.RaftProxySequencer - SessionClient{2}{type=io.atomix.protocols.raft.RaftTest$TestPrimitiveType@35bfa1bb, name=raft-test} - Completing response CommandResponse{status=OK, index=13, eventIndex=2, result=byte[]{length=2, hash=1266}}
02:49:47.049 [raft-server-2-state] TRACE i.a.p.s.impl.DefaultServiceExecutor - PrimitiveService{2}{type=io.atomix.protocols.raft.RaftTest$TestPrimitiveType@10ad7eb5, name=raft-test} - Executing DefaultCommit{index=13, session=RaftSession{RaftServiceContext{server=2, type=io.atomix.protocols.raft.RaftTest$TestPrimitiveType@10ad7eb5, name=raft-test, id=2}, session=2, timestamp=2018-06-09 02:49:46,833}, time=2018-06-09 02:49:46,833, operation=DefaultOperationId{id=write, type=COMMAND}, value=byte[]{length=17, hash=-1644578928}}
02:49:47.049 [raft-client-86eccf48-f731-4463-9ff4-1338804a1578-6] TRACE i.a.p.r.p.impl.RaftProxyConnection - SessionClient{2}{type=io.atomix.protocols.raft.RaftTest$TestPrimitiveType@35bfa1bb, name=raft-test} - Sending CommandRequest{session=2, sequence=10, operation=PrimitiveOperation{id=DefaultOperationId{id=write, type=COMMAND}, value=byte[]{length=17, hash=-1644578928}}} to 2
02:49:47.049 [raft-server-2] TRACE i.a.p.raft.roles.FollowerRole - RaftServer{2}{role=FOLLOWER} - Received CommandRequest{session=2, sequence=10, operation=PrimitiveOperation{id=DefaultOperationId{id=write, type=COMMAND}, value=byte[]{length=17, hash=-1644578928}}}
02:49:47.049 [raft-server-1] TRACE i.a.protocols.raft.roles.LeaderRole - RaftServer{1}{role=LEADER} - Received CommandRequest{session=2, sequence=10, operation=PrimitiveOperation{id=DefaultOperationId{id=write, type=COMMAND}, value=byte[]{length=17, hash=-1644578928}}}
02:49:47.050 [raft-server-1] TRACE i.a.protocols.raft.roles.LeaderRole - RaftServer{1}{role=LEADER} - Appended Indexed{index=14, entry=CommandEntry{term=1, timestamp=2018-06-09 02:49:47,049, session=2, sequence=10, operation=PrimitiveOperation{id=DefaultOperationId{id=write, type=COMMAND}, value=byte[]{length=17, hash=-1644578928}}}}
02:49:47.050 [raft-server-1] TRACE i.a.p.raft.roles.LeaderAppender - RaftServer{1} - Sending AppendRequest{term=1, leader=1, prevLogIndex=13, prevLogTerm=1, entries=1, commitIndex=13} to 3
02:49:47.050 [raft-server-3] TRACE i.a.p.raft.roles.FollowerRole - RaftServer{3}{role=FOLLOWER} - Received AppendRequest{term=1, leader=1, prevLogIndex=13, prevLogTerm=1, entries=1, commitIndex=13}
02:49:47.050 [raft-server-1] TRACE i.a.p.raft.roles.LeaderAppender - RaftServer{1} - Sending AppendRequest{term=1, leader=1, prevLogIndex=13, prevLogTerm=1, entries=1, commitIndex=13} to 2
02:49:47.050 [raft-server-2] TRACE i.a.p.raft.roles.FollowerRole - RaftServer{2}{role=FOLLOWER} - Received AppendRequest{term=1, leader=1, prevLogIndex=13, prevLogTerm=1, entries=1, commitIndex=13}
02:49:47.050 [raft-server-3] TRACE i.a.p.raft.roles.FollowerRole - RaftServer{3}{role=FOLLOWER} - Appended Indexed{index=14, entry=CommandEntry{term=1, timestamp=2018-06-09 02:49:47,049, session=2, sequence=10, operation=PrimitiveOperation{id=DefaultOperationId{id=write, type=COMMAND}, value=byte[]{length=17, hash=-1644578928}}}}
02:49:47.050 [raft-server-3] TRACE i.a.p.raft.roles.FollowerRole - RaftServer{3}{role=FOLLOWER} - Sending AppendResponse{status=OK, term=1, succeeded=true, lastLogIndex=14}
02:49:47.050 [raft-server-2] TRACE i.a.p.raft.roles.FollowerRole - RaftServer{2}{role=FOLLOWER} - Appended Indexed{index=14, entry=CommandEntry{term=1, timestamp=2018-06-09 02:49:47,049, session=2, sequence=10, operation=PrimitiveOperation{id=DefaultOperationId{id=write, type=COMMAND}, value=byte[]{length=17, hash=-1644578928}}}}
02:49:47.050 [raft-server-1] TRACE i.a.p.raft.roles.LeaderAppender - RaftServer{1} - Received AppendResponse{status=OK, term=1, succeeded=true, lastLogIndex=14} from 3
02:49:47.050 [raft-server-2] TRACE i.a.p.raft.roles.FollowerRole - RaftServer{2}{role=FOLLOWER} - Sending AppendResponse{status=OK, term=1, succeeded=true, lastLogIndex=14}
02:49:47.050 [raft-server-1] TRACE i.a.p.raft.roles.LeaderAppender - RaftServer{1} - Committed entries up to 14
02:49:47.059 [raft-client-86eccf48-f731-4463-9ff4-1338804a1578-4] TRACE i.a.p.r.proxy.impl.RaftProxyManager - RaftClient{86eccf48-f731-4463-9ff4-1338804a1578} - Keeping 1 sessions alive
02:49:47.059 [raft-client-86eccf48-f731-4463-9ff4-1338804a1578-4] TRACE i.a.p.r.p.impl.RaftProxyConnection - RaftClient{86eccf48-f731-4463-9ff4-1338804a1578} - Sending KeepAliveRequest{sessionIds=long[]{length=1, hash=33}, commandSequences=long[]{length=1, hash=40}, eventIndexes=long[]{length=1, hash=33}} to 3
02:49:47.059 [raft-server-3] TRACE i.a.p.raft.roles.FollowerRole - RaftServer{3}{role=FOLLOWER} - Received KeepAliveRequest{sessionIds=long[]{length=1, hash=33}, commandSequences=long[]{length=1, hash=40}, eventIndexes=long[]{length=1, hash=33}}
02:49:47.122 [raft-server-1] TRACE i.a.p.raft.roles.LeaderAppender - RaftServer{1} - Received AppendResponse{status=OK, term=1, succeeded=true, lastLogIndex=14} from 2
02:49:47.123 [raft-server-1] TRACE i.a.protocols.raft.roles.LeaderRole - RaftServer{1}{role=LEADER} - Received KeepAliveRequest{sessionIds=long[]{length=1, hash=33}, commandSequences=long[]{length=1, hash=40}, eventIndexes=long[]{length=1, hash=33}}
02:49:47.123 [raft-server-1] TRACE i.a.protocols.raft.roles.LeaderRole - RaftServer{1}{role=LEADER} - Appended Indexed{index=15, entry=KeepAliveEntry{term=1, timestamp=2018-06-09 02:49:47,123, sessionIds=long[]{length=1, hash=33}, commandSequences=long[]{length=1, hash=40}, eventIndexes=long[]{length=1, hash=33}}}
02:49:47.123 [raft-server-1] TRACE i.a.p.raft.roles.LeaderAppender - RaftServer{1} - Sending AppendRequest{term=1, leader=1, prevLogIndex=14, prevLogTerm=1, entries=1, commitIndex=14} to 3
02:49:47.123 [raft-server-3] TRACE i.a.p.raft.roles.FollowerRole - RaftServer{3}{role=FOLLOWER} - Received AppendRequest{term=1, leader=1, prevLogIndex=14, prevLogTerm=1, entries=1, commitIndex=14}
02:49:47.123 [raft-server-1] TRACE i.a.p.raft.roles.LeaderAppender - RaftServer{1} - Sending AppendRequest{term=1, leader=1, prevLogIndex=14, prevLogTerm=1, entries=1, commitIndex=14} to 2
02:49:47.123 [raft-server-2] TRACE i.a.p.raft.roles.FollowerRole - RaftServer{2}{role=FOLLOWER} - Received AppendRequest{term=1, leader=1, prevLogIndex=14, prevLogTerm=1, entries=1, commitIndex=14}
02:49:47.123 [raft-server-1-state] TRACE i.a.p.raft.impl.RaftServiceManager - RaftServer{1} - Applying Indexed{index=14, entry=CommandEntry{term=1, timestamp=2018-06-09 02:49:47,049, session=2, sequence=10, operation=PrimitiveOperation{id=DefaultOperationId{id=write, type=COMMAND}, value=byte[]{length=17, hash=-1644578928}}}}
02:49:47.123 [raft-server-3] TRACE i.a.p.raft.roles.FollowerRole - RaftServer{3}{role=FOLLOWER} - Appended Indexed{index=15, entry=KeepAliveEntry{term=1, timestamp=2018-06-09 02:49:47,123, sessionIds=long[]{length=1, hash=33}, commandSequences=long[]{length=1, hash=40}, eventIndexes=long[]{length=1, hash=33}}}
02:49:47.123 [raft-server-1-state] TRACE i.a.p.s.impl.DefaultServiceExecutor - PrimitiveService{2}{type=io.atomix.protocols.raft.RaftTest$TestPrimitiveType@2df83e7, name=raft-test} - Executing DefaultCommit{index=14, session=RaftSession{RaftServiceContext{server=1, type=io.atomix.protocols.raft.RaftTest$TestPrimitiveType@2df83e7, name=raft-test, id=2}, session=2, timestamp=2018-06-09 02:49:47,049}, time=2018-06-09 02:49:47,049, operation=DefaultOperationId{id=write, type=COMMAND}, value=byte[]{length=17, hash=-1644578928}}
02:49:47.123 [raft-server-2] TRACE i.a.p.raft.roles.FollowerRole - RaftServer{2}{role=FOLLOWER} - Appended Indexed{index=15, entry=KeepAliveEntry{term=1, timestamp=2018-06-09 02:49:47,123, sessionIds=long[]{length=1, hash=33}, commandSequences=long[]{length=1, hash=40}, eventIndexes=long[]{length=1, hash=33}}}
02:49:47.123 [raft-server-1-state] TRACE i.a.protocols.raft.roles.LeaderRole - RaftServer{1}{role=LEADER} - Sending CommandResponse{status=OK, index=14, eventIndex=2, result=byte[]{length=2, hash=1268}}
02:49:47.198 [raft-server-2] TRACE i.a.p.raft.roles.FollowerRole - RaftServer{2}{role=FOLLOWER} - Committed entries up to index 14
02:49:47.198 [raft-server-3] TRACE i.a.p.raft.roles.FollowerRole - RaftServer{3}{role=FOLLOWER} - Committed entries up to index 14
02:49:47.198 [raft-server-2] TRACE i.a.p.raft.roles.FollowerRole - RaftServer{2}{role=FOLLOWER} - Sending AppendResponse{status=OK, term=1, succeeded=true, lastLogIndex=15}
02:49:47.198 [raft-server-3] TRACE i.a.p.raft.roles.FollowerRole - RaftServer{3}{role=FOLLOWER} - Sending AppendResponse{status=OK, term=1, succeeded=true, lastLogIndex=15}
02:49:47.199 [raft-server-1] TRACE i.a.p.raft.roles.LeaderAppender - RaftServer{1} - Received AppendResponse{status=OK, term=1, succeeded=true, lastLogIndex=15} from 2
02:49:47.199 [raft-server-2] TRACE i.a.p.raft.roles.FollowerRole - RaftServer{2}{role=FOLLOWER} - Sending CommandResponse{status=OK, index=14, eventIndex=2, result=byte[]{length=2, hash=1268}}
02:49:47.199 [raft-server-1] TRACE i.a.p.raft.roles.LeaderAppender - RaftServer{1} - Committed entries up to 15
02:49:47.199 [raft-server-3-state] TRACE i.a.p.raft.impl.RaftServiceManager - RaftServer{3} - Applying Indexed{index=14, entry=CommandEntry{term=1, timestamp=2018-06-09 02:49:47,049, session=2, sequence=10, operation=PrimitiveOperation{id=DefaultOperationId{id=write, type=COMMAND}, value=byte[]{length=17, hash=-1644578928}}}}
02:49:47.199 [raft-client-86eccf48-f731-4463-9ff4-1338804a1578-5] TRACE i.a.p.r.p.impl.RaftProxyConnection - SessionClient{2}{type=io.atomix.protocols.raft.RaftTest$TestPrimitiveType@35bfa1bb, name=raft-test} - Received CommandResponse{status=OK, index=14, eventIndex=2, result=byte[]{length=2, hash=1268}} from 2
02:49:47.199 [raft-server-2-state] TRACE i.a.p.raft.impl.RaftServiceManager - RaftServer{2} - Applying Indexed{index=14, entry=CommandEntry{term=1, timestamp=2018-06-09 02:49:47,049, session=2, sequence=10, operation=PrimitiveOperation{id=DefaultOperationId{id=write, type=COMMAND}, value=byte[]{length=17, hash=-1644578928}}}}
02:49:47.199 [raft-client-86eccf48-f731-4463-9ff4-1338804a1578-5] TRACE i.a.p.r.p.impl.RaftProxySequencer - SessionClient{2}{type=io.atomix.protocols.raft.RaftTest$TestPrimitiveType@35bfa1bb, name=raft-test} - Completing response CommandResponse{status=OK, index=14, eventIndex=2, result=byte[]{length=2, hash=1268}}
02:49:47.199 [raft-server-3-state] TRACE i.a.p.s.impl.DefaultServiceExecutor - PrimitiveService{2}{type=io.atomix.protocols.raft.RaftTest$TestPrimitiveType@2669790c, name=raft-test} - Executing DefaultCommit{index=14, session=RaftSession{RaftServiceContext{server=3, type=io.atomix.protocols.raft.RaftTest$TestPrimitiveType@2669790c, name=raft-test, id=2}, session=2, timestamp=2018-06-09 02:49:47,049}, time=2018-06-09 02:49:47,049, operation=DefaultOperationId{id=write, type=COMMAND}, value=byte[]{length=17, hash=-1644578928}}
02:49:47.199 [raft-server-2-state] TRACE i.a.p.s.impl.DefaultServiceExecutor - PrimitiveService{2}{type=io.atomix.protocols.raft.RaftTest$TestPrimitiveType@10ad7eb5, name=raft-test} - Executing DefaultCommit{index=14, session=RaftSession{RaftServiceContext{server=2, type=io.atomix.protocols.raft.RaftTest$TestPrimitiveType@10ad7eb5, name=raft-test, id=2}, session=2, timestamp=2018-06-09 02:49:47,049}, time=2018-06-09 02:49:47,049, operation=DefaultOperationId{id=write, type=COMMAND}, value=byte[]{length=17, hash=-1644578928}}
02:49:47.199 [raft-client-86eccf48-f731-4463-9ff4-1338804a1578-6] TRACE i.a.p.r.p.impl.RaftProxyConnection - SessionClient{2}{type=io.atomix.protocols.raft.RaftTest$TestPrimitiveType@35bfa1bb, name=raft-test} - Sending CommandRequest{session=2, sequence=11, operation=PrimitiveOperation{id=DefaultOperationId{id=write, type=COMMAND}, value=byte[]{length=17, hash=-1644578928}}} to 2
02:49:47.199 [raft-server-2] TRACE i.a.p.raft.roles.FollowerRole - RaftServer{2}{role=FOLLOWER} - Received CommandRequest{session=2, sequence=11, operation=PrimitiveOperation{id=DefaultOperationId{id=write, type=COMMAND}, value=byte[]{length=17, hash=-1644578928}}}
02:49:47.281 [raft-server-1] TRACE i.a.p.raft.roles.LeaderAppender - RaftServer{1} - Sending AppendRequest{term=1, leader=1, prevLogIndex=15, prevLogTerm=1, entries=0, commitIndex=15} to 2
02:49:47.281 [raft-server-1] TRACE i.a.p.raft.roles.LeaderAppender - RaftServer{1} - Received AppendResponse{status=OK, term=1, succeeded=true, lastLogIndex=15} from 3
02:49:47.281 [raft-server-2] TRACE i.a.p.raft.roles.FollowerRole - RaftServer{2}{role=FOLLOWER} - Received AppendRequest{term=1, leader=1, prevLogIndex=15, prevLogTerm=1, entries=0, commitIndex=15}
02:49:47.281 [raft-server-1] TRACE i.a.p.raft.roles.LeaderAppender - RaftServer{1} - Sending AppendRequest{term=1, leader=1, prevLogIndex=15, prevLogTerm=1, entries=0, commitIndex=15} to 3
02:49:47.281 [raft-server-3] TRACE i.a.p.raft.roles.FollowerRole - RaftServer{3}{role=FOLLOWER} - Received AppendRequest{term=1, leader=1, prevLogIndex=15, prevLogTerm=1, entries=0, commitIndex=15}
02:49:47.281 [raft-server-1] TRACE i.a.protocols.raft.roles.LeaderRole - RaftServer{1}{role=LEADER} - Received CommandRequest{session=2, sequence=11, operation=PrimitiveOperation{id=DefaultOperationId{id=write, type=COMMAND}, value=byte[]{length=17, hash=-1644578928}}}
02:49:47.281 [raft-server-1] TRACE i.a.protocols.raft.roles.LeaderRole - RaftServer{1}{role=LEADER} - Appended Indexed{index=16, entry=CommandEntry{term=1, timestamp=2018-06-09 02:49:47,281, session=2, sequence=11, operation=PrimitiveOperation{id=DefaultOperationId{id=write, type=COMMAND}, value=byte[]{length=17, hash=-1644578928}}}}
02:49:47.281 [raft-server-1-state] TRACE i.a.p.raft.impl.RaftServiceManager - RaftServer{1} - Applying Indexed{index=15, entry=KeepAliveEntry{term=1, timestamp=2018-06-09 02:49:47,123, sessionIds=long[]{length=1, hash=33}, commandSequences=long[]{length=1, hash=40}, eventIndexes=long[]{length=1, hash=33}}}
02:49:47.282 [raft-server-1] TRACE i.a.protocols.raft.roles.LeaderRole - RaftServer{1}{role=LEADER} - Sending KeepAliveResponse{status=OK, leader=1, members=[1, 3, 2], sessionIds=long[]{length=1, hash=33}}
02:49:47.348 [raft-server-1] TRACE i.a.p.raft.roles.LeaderAppender - RaftServer{1} - Sending AppendRequest{term=1, leader=1, prevLogIndex=15, prevLogTerm=1, entries=1, commitIndex=15} to 3
02:49:47.348 [raft-server-1] TRACE i.a.p.raft.roles.LeaderAppender - RaftServer{1} - Sending AppendRequest{term=1, leader=1, prevLogIndex=15, prevLogTerm=1, entries=1, commitIndex=15} to 2
02:49:47.356 [raft-server-2] TRACE i.a.p.raft.roles.FollowerRole - RaftServer{2}{role=FOLLOWER} - Committed entries up to index 15
02:49:47.356 [raft-server-2] TRACE i.a.p.raft.roles.FollowerRole - RaftServer{2}{role=FOLLOWER} - Sending AppendResponse{status=OK, term=1, succeeded=true, lastLogIndex=15}
02:49:47.356 [raft-server-2] TRACE i.a.p.raft.roles.FollowerRole - RaftServer{2}{role=FOLLOWER} - Received AppendRequest{term=1, leader=1, prevLogIndex=15, prevLogTerm=1, entries=1, commitIndex=15}
02:49:47.356 [raft-server-1] TRACE i.a.p.raft.roles.LeaderAppender - RaftServer{1} - Received AppendResponse{status=OK, term=1, succeeded=true, lastLogIndex=15} from 2
02:49:47.356 [raft-server-2] TRACE i.a.p.raft.roles.FollowerRole - RaftServer{2}{role=FOLLOWER} - Appended Indexed{index=16, entry=CommandEntry{term=1, timestamp=2018-06-09 02:49:47,281, session=2, sequence=11, operation=PrimitiveOperation{id=DefaultOperationId{id=write, type=COMMAND}, value=byte[]{length=17, hash=-1644578928}}}}
02:49:47.356 [raft-server-2] TRACE i.a.p.raft.roles.FollowerRole - RaftServer{2}{role=FOLLOWER} - Sending AppendResponse{status=OK, term=1, succeeded=true, lastLogIndex=16}
02:49:47.356 [raft-server-1] TRACE i.a.p.raft.roles.LeaderAppender - RaftServer{1} - Received AppendResponse{status=OK, term=1, succeeded=true, lastLogIndex=16} from 2
02:49:47.356 [raft-server-1] TRACE i.a.p.raft.roles.LeaderAppender - RaftServer{1} - Committed entries up to 16
02:49:47.356 [raft-server-2-state] TRACE i.a.p.raft.impl.RaftServiceManager - RaftServer{2} - Applying Indexed{index=15, entry=KeepAliveEntry{term=1, timestamp=2018-06-09 02:49:47,123, sessionIds=long[]{length=1, hash=33}, commandSequences=long[]{length=1, hash=40}, eventIndexes=long[]{length=1, hash=33}}}
02:49:47.431 [raft-server-3] TRACE i.a.p.raft.roles.FollowerRole - RaftServer{3}{role=FOLLOWER} - Committed entries up to index 15
02:49:47.431 [raft-server-3] TRACE i.a.p.raft.roles.FollowerRole - RaftServer{3}{role=FOLLOWER} - Sending AppendResponse{status=OK, term=1, succeeded=true, lastLogIndex=15}
02:49:47.431 [raft-server-3] TRACE i.a.p.raft.roles.FollowerRole - RaftServer{3}{role=FOLLOWER} - Sending KeepAliveResponse{status=OK, leader=1, members=[1, 3, 2], sessionIds=long[]{length=1, hash=33}}
02:49:47.431 [raft-server-3] TRACE i.a.p.raft.roles.FollowerRole - RaftServer{3}{role=FOLLOWER} - Received AppendRequest{term=1, leader=1, prevLogIndex=15, prevLogTerm=1, entries=1, commitIndex=15}
02:49:47.431 [raft-client-86eccf48-f731-4463-9ff4-1338804a1578-0] TRACE i.a.p.r.p.impl.RaftProxyConnection - RaftClient{86eccf48-f731-4463-9ff4-1338804a1578} - Received KeepAliveResponse{status=OK, leader=1, members=[1, 3, 2], sessionIds=long[]{length=1, hash=33}} from 3
02:49:47.432 [raft-server-3] TRACE i.a.p.raft.roles.FollowerRole - RaftServer{3}{role=FOLLOWER} - Appended Indexed{index=16, entry=CommandEntry{term=1, timestamp=2018-06-09 02:49:47,281, session=2, sequence=11, operation=PrimitiveOperation{id=DefaultOperationId{id=write, type=COMMAND}, value=byte[]{length=17, hash=-1644578928}}}}
02:49:47.432 [raft-server-3] TRACE i.a.p.raft.roles.FollowerRole - RaftServer{3}{role=FOLLOWER} - Sending AppendResponse{status=OK, term=1, succeeded=true, lastLogIndex=16}
02:49:47.432 [raft-server-3-state] TRACE i.a.p.raft.impl.RaftServiceManager - RaftServer{3} - Applying Indexed{index=15, entry=KeepAliveEntry{term=1, timestamp=2018-06-09 02:49:47,123, sessionIds=long[]{length=1, hash=33}, commandSequences=long[]{length=1, hash=40}, eventIndexes=long[]{length=1, hash=33}}}
02:49:47.498 [raft-server-1] TRACE i.a.p.raft.roles.LeaderAppender - RaftServer{1} - Sending AppendRequest{term=1, leader=1, prevLogIndex=16, prevLogTerm=1, entries=0, commitIndex=16} to 2
02:49:47.498 [raft-server-1] TRACE i.a.p.raft.roles.LeaderAppender - RaftServer{1} - Received AppendResponse{status=OK, term=1, succeeded=true, lastLogIndex=15} from 3
02:49:47.498 [raft-server-2] TRACE i.a.p.raft.roles.FollowerRole - RaftServer{2}{role=FOLLOWER} - Received AppendRequest{term=1, leader=1, prevLogIndex=16, prevLogTerm=1, entries=0, commitIndex=16}
02:49:47.498 [raft-server-1] TRACE i.a.p.raft.roles.LeaderAppender - RaftServer{1} - Received AppendResponse{status=OK, term=1, succeeded=true, lastLogIndex=16} from 3
02:49:47.498 [raft-server-1] TRACE i.a.p.raft.roles.LeaderAppender - RaftServer{1} - Sending AppendRequest{term=1, leader=1, prevLogIndex=16, prevLogTerm=1, entries=0, commitIndex=16} to 3
02:49:47.498 [raft-server-3] TRACE i.a.p.raft.roles.FollowerRole - RaftServer{3}{role=FOLLOWER} - Received AppendRequest{term=1, leader=1, prevLogIndex=16, prevLogTerm=1, entries=0, commitIndex=16}
02:49:47.498 [raft-server-1-state] TRACE i.a.p.raft.impl.RaftServiceManager - RaftServer{1} - Applying Indexed{index=16, entry=CommandEntry{term=1, timestamp=2018-06-09 02:49:47,281, session=2, sequence=11, operation=PrimitiveOperation{id=DefaultOperationId{id=write, type=COMMAND}, value=byte[]{length=17, hash=-1644578928}}}}
02:49:47.498 [raft-server-1-state] TRACE i.a.p.s.impl.DefaultServiceExecutor - PrimitiveService{2}{type=io.atomix.protocols.raft.RaftTest$TestPrimitiveType@2df83e7, name=raft-test} - Executing DefaultCommit{index=16, session=RaftSession{RaftServiceContext{server=1, type=io.atomix.protocols.raft.RaftTest$TestPrimitiveType@2df83e7, name=raft-test, id=2}, session=2, timestamp=2018-06-09 02:49:47,281}, time=2018-06-09 02:49:47,281, operation=DefaultOperationId{id=write, type=COMMAND}, value=byte[]{length=17, hash=-1644578928}}
02:49:47.499 [raft-server-1-state] TRACE i.a.protocols.raft.roles.LeaderRole - RaftServer{1}{role=LEADER} - Sending CommandResponse{status=OK, index=16, eventIndex=2, result=byte[]{length=2, hash=1272}}
02:49:47.573 [raft-server-2] TRACE i.a.p.raft.roles.FollowerRole - RaftServer{2}{role=FOLLOWER} - Committed entries up to index 16
02:49:47.573 [raft-server-3] TRACE i.a.p.raft.roles.FollowerRole - RaftServer{3}{role=FOLLOWER} - Committed entries up to index 16
02:49:47.573 [raft-server-2] TRACE i.a.p.raft.roles.FollowerRole - RaftServer{2}{role=FOLLOWER} - Sending AppendResponse{status=OK, term=1, succeeded=true, lastLogIndex=16}
02:49:47.573 [raft-server-3] TRACE i.a.p.raft.roles.FollowerRole - RaftServer{3}{role=FOLLOWER} - Sending AppendResponse{status=OK, term=1, succeeded=true, lastLogIndex=16}
02:49:47.573 [raft-server-2] TRACE i.a.p.raft.roles.FollowerRole - RaftServer{2}{role=FOLLOWER} - Sending CommandResponse{status=OK, index=16, eventIndex=2, result=byte[]{length=2, hash=1272}}
02:49:47.573 [raft-server-1] TRACE i.a.p.raft.roles.LeaderAppender - RaftServer{1} - Received AppendResponse{status=OK, term=1, succeeded=true, lastLogIndex=16} from 2
02:49:47.574 [raft-client-86eccf48-f731-4463-9ff4-1338804a1578-1] TRACE i.a.p.r.p.impl.RaftProxyConnection - SessionClient{2}{type=io.atomix.protocols.raft.RaftTest$TestPrimitiveType@35bfa1bb, name=raft-test} - Received CommandResponse{status=OK, index=16, eventIndex=2, result=byte[]{length=2, hash=1272}} from 2
02:49:47.574 [raft-server-1] TRACE i.a.p.raft.roles.LeaderAppender - RaftServer{1} - Received AppendResponse{status=OK, term=1, succeeded=true, lastLogIndex=16} from 3
02:49:47.573 [raft-server-3-state] TRACE i.a.p.raft.impl.RaftServiceManager - RaftServer{3} - Applying Indexed{index=16, entry=CommandEntry{term=1, timestamp=2018-06-09 02:49:47,281, session=2, sequence=11, operation=PrimitiveOperation{id=DefaultOperationId{id=write, type=COMMAND}, value=byte[]{length=17, hash=-1644578928}}}}
02:49:47.574 [raft-server-2-state] TRACE i.a.p.raft.impl.RaftServiceManager - RaftServer{2} - Applying Indexed{index=16, entry=CommandEntry{term=1, timestamp=2018-06-09 02:49:47,281, session=2, sequence=11, operation=PrimitiveOperation{id=DefaultOperationId{id=write, type=COMMAND}, value=byte[]{length=17, hash=-1644578928}}}}
02:49:47.574 [raft-client-86eccf48-f731-4463-9ff4-1338804a1578-1] TRACE i.a.p.r.p.impl.RaftProxySequencer - SessionClient{2}{type=io.atomix.protocols.raft.RaftTest$TestPrimitiveType@35bfa1bb, name=raft-test} - Completing response CommandResponse{status=OK, index=16, eventIndex=2, result=byte[]{length=2, hash=1272}}
02:49:47.574 [raft-server-3-state] TRACE i.a.p.s.impl.DefaultServiceExecutor - PrimitiveService{2}{type=io.atomix.protocols.raft.RaftTest$TestPrimitiveType@2669790c, name=raft-test} - Executing DefaultCommit{index=16, session=RaftSession{RaftServiceContext{server=3, type=io.atomix.protocols.raft.RaftTest$TestPrimitiveType@2669790c, name=raft-test, id=2}, session=2, timestamp=2018-06-09 02:49:47,281}, time=2018-06-09 02:49:47,281, operation=DefaultOperationId{id=write, type=COMMAND}, value=byte[]{length=17, hash=-1644578928}}
02:49:47.574 [raft-server-2-state] TRACE i.a.p.s.impl.DefaultServiceExecutor - PrimitiveService{2}{type=io.atomix.protocols.raft.RaftTest$TestPrimitiveType@10ad7eb5, name=raft-test} - Executing DefaultCommit{index=16, session=RaftSession{RaftServiceContext{server=2, type=io.atomix.protocols.raft.RaftTest$TestPrimitiveType@10ad7eb5, name=raft-test, id=2}, session=2, timestamp=2018-06-09 02:49:47,281}, time=2018-06-09 02:49:47,281, operation=DefaultOperationId{id=write, type=COMMAND}, value=byte[]{length=17, hash=-1644578928}}
02:49:47.574 [raft-client-86eccf48-f731-4463-9ff4-1338804a1578-5] TRACE i.a.p.r.p.impl.RaftProxyConnection - SessionClient{2}{type=io.atomix.protocols.raft.RaftTest$TestPrimitiveType@35bfa1bb, name=raft-test} - Sending CommandRequest{session=2, sequence=12, operation=PrimitiveOperation{id=DefaultOperationId{id=write, type=COMMAND}, value=byte[]{length=17, hash=-1644578928}}} to 2
02:49:47.574 [raft-server-2] TRACE i.a.p.raft.roles.FollowerRole - RaftServer{2}{role=FOLLOWER} - Received CommandRequest{session=2, sequence=12, operation=PrimitiveOperation{id=DefaultOperationId{id=write, type=COMMAND}, value=byte[]{length=17, hash=-1644578928}}}
02:49:47.574 [raft-server-1] TRACE i.a.protocols.raft.roles.LeaderRole - RaftServer{1}{role=LEADER} - Received CommandRequest{session=2, sequence=12, operation=PrimitiveOperation{id=DefaultOperationId{id=write, type=COMMAND}, value=byte[]{length=17, hash=-1644578928}}}
02:49:47.575 [raft-server-1] TRACE i.a.protocols.raft.roles.LeaderRole - RaftServer{1}{role=LEADER} - Appended Indexed{index=17, entry=CommandEntry{term=1, timestamp=2018-06-09 02:49:47,575, session=2, sequence=12, operation=PrimitiveOperation{id=DefaultOperationId{id=write, type=COMMAND}, value=byte[]{length=17, hash=-1644578928}}}}
02:49:47.575 [raft-server-1] TRACE i.a.p.raft.roles.LeaderAppender - RaftServer{1} - Sending AppendRequest{term=1, leader=1, prevLogIndex=16, prevLogTerm=1, entries=1, commitIndex=16} to 3
02:49:47.575 [raft-server-3] TRACE i.a.p.raft.roles.FollowerRole - RaftServer{3}{role=FOLLOWER} - Received AppendRequest{term=1, leader=1, prevLogIndex=16, prevLogTerm=1, entries=1, commitIndex=16}
02:49:47.575 [raft-server-1] TRACE i.a.p.raft.roles.LeaderAppender - RaftServer{1} - Sending AppendRequest{term=1, leader=1, prevLogIndex=16, prevLogTerm=1, entries=1, commitIndex=16} to 2
02:49:47.575 [raft-server-2] TRACE i.a.p.raft.roles.FollowerRole - RaftServer{2}{role=FOLLOWER} - Received AppendRequest{term=1, leader=1, prevLogIndex=16, prevLogTerm=1, entries=1, commitIndex=16}
02:49:47.575 [raft-server-3] TRACE i.a.p.raft.roles.FollowerRole - RaftServer{3}{role=FOLLOWER} - Appended Indexed{index=17, entry=CommandEntry{term=1, timestamp=2018-06-09 02:49:47,575, session=2, sequence=12, operation=PrimitiveOperation{id=DefaultOperationId{id=write, type=COMMAND}, value=byte[]{length=17, hash=-1644578928}}}}
02:49:47.575 [raft-server-3] TRACE i.a.p.raft.roles.FollowerRole - RaftServer{3}{role=FOLLOWER} - Sending AppendResponse{status=OK, term=1, succeeded=true, lastLogIndex=17}
02:49:47.575 [raft-server-2] TRACE i.a.p.raft.roles.FollowerRole - RaftServer{2}{role=FOLLOWER} - Appended Indexed{index=17, entry=CommandEntry{term=1, timestamp=2018-06-09 02:49:47,575, session=2, sequence=12, operation=PrimitiveOperation{id=DefaultOperationId{id=write, type=COMMAND}, value=byte[]{length=17, hash=-1644578928}}}}
02:49:47.575 [raft-server-2] TRACE i.a.p.raft.roles.FollowerRole - RaftServer{2}{role=FOLLOWER} - Sending AppendResponse{status=OK, term=1, succeeded=true, lastLogIndex=17}
02:49:47.575 [raft-server-1] TRACE i.a.p.raft.roles.LeaderAppender - RaftServer{1} - Received AppendResponse{status=OK, term=1, succeeded=true, lastLogIndex=17} from 3
02:49:47.575 [raft-server-1] TRACE i.a.p.raft.roles.LeaderAppender - RaftServer{1} - Committed entries up to 17
02:49:47.657 [raft-server-1] TRACE i.a.p.raft.roles.LeaderAppender - RaftServer{1} - Received AppendResponse{status=OK, term=1, succeeded=true, lastLogIndex=17} from 2
02:49:47.657 [raft-server-1] TRACE i.a.p.raft.roles.LeaderAppender - RaftServer{1} - Sending AppendRequest{term=1, leader=1, prevLogIndex=17, prevLogTerm=1, entries=0, commitIndex=17} to 3
02:49:47.657 [raft-server-1] TRACE i.a.p.raft.roles.LeaderAppender - RaftServer{1} - Sending AppendRequest{term=1, leader=1, prevLogIndex=17, prevLogTerm=1, entries=0, commitIndex=17} to 2
02:49:47.657 [raft-server-3] TRACE i.a.p.raft.roles.FollowerRole - RaftServer{3}{role=FOLLOWER} - Received AppendRequest{term=1, leader=1, prevLogIndex=17, prevLogTerm=1, entries=0, commitIndex=17}
02:49:47.657 [raft-server-2] TRACE i.a.p.raft.roles.FollowerRole - RaftServer{2}{role=FOLLOWER} - Received AppendRequest{term=1, leader=1, prevLogIndex=17, prevLogTerm=1, entries=0, commitIndex=17}
02:49:47.658 [raft-server-1-state] TRACE i.a.p.raft.impl.RaftServiceManager - RaftServer{1} - Applying Indexed{index=17, entry=CommandEntry{term=1, timestamp=2018-06-09 02:49:47,575, session=2, sequence=12, operation=PrimitiveOperation{id=DefaultOperationId{id=write, type=COMMAND}, value=byte[]{length=17, hash=-1644578928}}}}
02:49:47.658 [raft-server-1-state] TRACE i.a.p.s.impl.DefaultServiceExecutor - PrimitiveService{2}{type=io.atomix.protocols.raft.RaftTest$TestPrimitiveType@2df83e7, name=raft-test} - Executing DefaultCommit{index=17, session=RaftSession{RaftServiceContext{server=1, type=io.atomix.protocols.raft.RaftTest$TestPrimitiveType@2df83e7, name=raft-test, id=2}, session=2, timestamp=2018-06-09 02:49:47,575}, time=2018-06-09 02:49:47,575, operation=DefaultOperationId{id=write, type=COMMAND}, value=byte[]{length=17, hash=-1644578928}}
02:49:47.658 [raft-server-1-state] TRACE i.a.protocols.raft.roles.LeaderRole - RaftServer{1}{role=LEADER} - Sending CommandResponse{status=OK, index=17, eventIndex=2, result=byte[]{length=2, hash=1274}}
02:49:47.721 [raft-server-2] TRACE i.a.p.raft.roles.FollowerRole - RaftServer{2}{role=FOLLOWER} - Committed entries up to index 17
02:49:47.721 [raft-server-3] TRACE i.a.p.raft.roles.FollowerRole - RaftServer{3}{role=FOLLOWER} - Committed entries up to index 17
02:49:47.721 [raft-server-2] TRACE i.a.p.raft.roles.FollowerRole - RaftServer{2}{role=FOLLOWER} - Sending AppendResponse{status=OK, term=1, succeeded=true, lastLogIndex=17}
02:49:47.721 [raft-server-3] TRACE i.a.p.raft.roles.FollowerRole - RaftServer{3}{role=FOLLOWER} - Sending AppendResponse{status=OK, term=1, succeeded=true, lastLogIndex=17}
02:49:47.721 [raft-server-1] TRACE i.a.p.raft.roles.LeaderAppender - RaftServer{1} - Received AppendResponse{status=OK, term=1, succeeded=true, lastLogIndex=17} from 2
02:49:47.721 [raft-server-2] TRACE i.a.p.raft.roles.FollowerRole - RaftServer{2}{role=FOLLOWER} - Sending CommandResponse{status=OK, index=17, eventIndex=2, result=byte[]{length=2, hash=1274}}
02:49:47.722 [raft-server-1] TRACE i.a.p.raft.roles.LeaderAppender - RaftServer{1} - Sending AppendRequest{term=1, leader=1, prevLogIndex=17, prevLogTerm=1, entries=0, commitIndex=17} to 2
02:49:47.722 [raft-server-3-state] TRACE i.a.p.raft.impl.RaftServiceManager - RaftServer{3} - Applying Indexed{index=17, entry=CommandEntry{term=1, timestamp=2018-06-09 02:49:47,575, session=2, sequence=12, operation=PrimitiveOperation{id=DefaultOperationId{id=write, type=COMMAND}, value=byte[]{length=17, hash=-1644578928}}}}
02:49:47.722 [raft-client-86eccf48-f731-4463-9ff4-1338804a1578-0] TRACE i.a.p.r.p.impl.RaftProxyConnection - SessionClient{2}{type=io.atomix.protocols.raft.RaftTest$TestPrimitiveType@35bfa1bb, name=raft-test} - Received CommandResponse{status=OK, index=17, eventIndex=2, result=byte[]{length=2, hash=1274}} from 2
02:49:47.722 [raft-server-1] TRACE i.a.p.raft.roles.LeaderAppender - RaftServer{1} - Received AppendResponse{status=OK, term=1, succeeded=true, lastLogIndex=17} from 3
02:49:47.722 [raft-server-2-state] TRACE i.a.p.raft.impl.RaftServiceManager - RaftServer{2} - Applying Indexed{index=17, entry=CommandEntry{term=1, timestamp=2018-06-09 02:49:47,575, session=2, sequence=12, operation=PrimitiveOperation{id=DefaultOperationId{id=write, type=COMMAND}, value=byte[]{length=17, hash=-1644578928}}}}
02:49:47.722 [raft-server-2] TRACE i.a.p.raft.roles.FollowerRole - RaftServer{2}{role=FOLLOWER} - Received AppendRequest{term=1, leader=1, prevLogIndex=17, prevLogTerm=1, entries=0, commitIndex=17}
02:49:47.722 [raft-server-3-state] TRACE i.a.p.s.impl.DefaultServiceExecutor - PrimitiveService{2}{type=io.atomix.protocols.raft.RaftTest$TestPrimitiveType@2669790c, name=raft-test} - Executing DefaultCommit{index=17, session=RaftSession{RaftServiceContext{server=3, type=io.atomix.protocols.raft.RaftTest$TestPrimitiveType@2669790c, name=raft-test, id=2}, session=2, timestamp=2018-06-09 02:49:47,575}, time=2018-06-09 02:49:47,575, operation=DefaultOperationId{id=write, type=COMMAND}, value=byte[]{length=17, hash=-1644578928}}
02:49:47.722 [raft-client-86eccf48-f731-4463-9ff4-1338804a1578-0] TRACE i.a.p.r.p.impl.RaftProxySequencer - SessionClient{2}{type=io.atomix.protocols.raft.RaftTest$TestPrimitiveType@35bfa1bb, name=raft-test} - Completing response CommandResponse{status=OK, index=17, eventIndex=2, result=byte[]{length=2, hash=1274}}
02:49:47.722 [raft-server-1] TRACE i.a.p.raft.roles.LeaderAppender - RaftServer{1} - Sending AppendRequest{term=1, leader=1, prevLogIndex=17, prevLogTerm=1, entries=0, commitIndex=17} to 3
02:49:47.722 [raft-server-2-state] TRACE i.a.p.s.impl.DefaultServiceExecutor - PrimitiveService{2}{type=io.atomix.protocols.raft.RaftTest$TestPrimitiveType@10ad7eb5, name=raft-test} - Executing DefaultCommit{index=17, session=RaftSession{RaftServiceContext{server=2, type=io.atomix.protocols.raft.RaftTest$TestPrimitiveType@10ad7eb5, name=raft-test, id=2}, session=2, timestamp=2018-06-09 02:49:47,575}, time=2018-06-09 02:49:47,575, operation=DefaultOperationId{id=write, type=COMMAND}, value=byte[]{length=17, hash=-1644578928}}
02:49:47.722 [raft-server-2] TRACE i.a.p.raft.roles.FollowerRole - RaftServer{2}{role=FOLLOWER} - Sending AppendResponse{status=OK, term=1, succeeded=true, lastLogIndex=17}
02:49:47.722 [raft-server-3] TRACE i.a.p.raft.roles.FollowerRole - RaftServer{3}{role=FOLLOWER} - Received AppendRequest{term=1, leader=1, prevLogIndex=17, prevLogTerm=1, entries=0, commitIndex=17}
02:49:47.722 [raft-client-86eccf48-f731-4463-9ff4-1338804a1578-7] TRACE i.a.p.r.p.impl.RaftProxyConnection - SessionClient{2}{type=io.atomix.protocols.raft.RaftTest$TestPrimitiveType@35bfa1bb, name=raft-test} - Sending CommandRequest{session=2, sequence=13, operation=PrimitiveOperation{id=DefaultOperationId{id=write, type=COMMAND}, value=byte[]{length=17, hash=-1644578928}}} to 2
02:49:47.726 [raft-server-1] TRACE i.a.p.raft.roles.LeaderAppender - RaftServer{1} - Received AppendResponse{status=OK, term=1, succeeded=true, lastLogIndex=17} from 2
02:49:47.726 [raft-server-3] TRACE i.a.p.raft.roles.FollowerRole - RaftServer{3}{role=FOLLOWER} - Sending AppendResponse{status=OK, term=1, succeeded=true, lastLogIndex=17}
02:49:47.726 [raft-server-2] TRACE i.a.p.raft.roles.FollowerRole - RaftServer{2}{role=FOLLOWER} - Received CommandRequest{session=2, sequence=13, operation=PrimitiveOperation{id=DefaultOperationId{id=write, type=COMMAND}, value=byte[]{length=17, hash=-1644578928}}}
02:49:47.726 [raft-server-1] TRACE i.a.p.raft.roles.LeaderAppender - RaftServer{1} - Received AppendResponse{status=OK, term=1, succeeded=true, lastLogIndex=17} from 3
02:49:47.726 [raft-server-1] TRACE i.a.protocols.raft.roles.LeaderRole - RaftServer{1}{role=LEADER} - Received CommandRequest{session=2, sequence=13, operation=PrimitiveOperation{id=DefaultOperationId{id=write, type=COMMAND}, value=byte[]{length=17, hash=-1644578928}}}
02:49:47.727 [raft-server-1] TRACE i.a.protocols.raft.roles.LeaderRole - RaftServer{1}{role=LEADER} - Appended Indexed{index=18, entry=CommandEntry{term=1, timestamp=2018-06-09 02:49:47,726, session=2, sequence=13, operation=PrimitiveOperation{id=DefaultOperationId{id=write, type=COMMAND}, value=byte[]{length=17, hash=-1644578928}}}}
02:49:47.727 [raft-server-1] TRACE i.a.p.raft.roles.LeaderAppender - RaftServer{1} - Sending AppendRequest{term=1, leader=1, prevLogIndex=17, prevLogTerm=1, entries=1, commitIndex=17} to 3
02:49:47.727 [raft-server-3] TRACE i.a.p.raft.roles.FollowerRole - RaftServer{3}{role=FOLLOWER} - Received AppendRequest{term=1, leader=1, prevLogIndex=17, prevLogTerm=1, entries=1, commitIndex=17}
02:49:47.727 [raft-server-1] TRACE i.a.p.raft.roles.LeaderAppender - RaftServer{1} - Sending AppendRequest{term=1, leader=1, prevLogIndex=17, prevLogTerm=1, entries=1, commitIndex=17} to 2
02:49:47.727 [raft-server-2] TRACE i.a.p.raft.roles.FollowerRole - RaftServer{2}{role=FOLLOWER} - Received AppendRequest{term=1, leader=1, prevLogIndex=17, prevLogTerm=1, entries=1, commitIndex=17}
02:49:47.727 [raft-server-3] TRACE i.a.p.raft.roles.FollowerRole - RaftServer{3}{role=FOLLOWER} - Appended Indexed{index=18, entry=CommandEntry{term=1, timestamp=2018-06-09 02:49:47,726, session=2, sequence=13, operation=PrimitiveOperation{id=DefaultOperationId{id=write, type=COMMAND}, value=byte[]{length=17, hash=-1644578928}}}}
02:49:47.727 [raft-server-3] TRACE i.a.p.raft.roles.FollowerRole - RaftServer{3}{role=FOLLOWER} - Sending AppendResponse{status=OK, term=1, succeeded=true, lastLogIndex=18}
02:49:47.727 [raft-server-2] TRACE i.a.p.raft.roles.FollowerRole - RaftServer{2}{role=FOLLOWER} - Appended Indexed{index=18, entry=CommandEntry{term=1, timestamp=2018-06-09 02:49:47,726, session=2, sequence=13, operation=PrimitiveOperation{id=DefaultOperationId{id=write, type=COMMAND}, value=byte[]{length=17, hash=-1644578928}}}}
02:49:47.727 [raft-server-1] TRACE i.a.p.raft.roles.LeaderAppender - RaftServer{1} - Received AppendResponse{status=OK, term=1, succeeded=true, lastLogIndex=18} from 3
02:49:47.727 [raft-server-2] TRACE i.a.p.raft.roles.FollowerRole - RaftServer{2}{role=FOLLOWER} - Sending AppendResponse{status=OK, term=1, succeeded=true, lastLogIndex=18}
02:49:47.727 [raft-server-1] TRACE i.a.p.raft.roles.LeaderAppender - RaftServer{1} - Committed entries up to 18
02:49:47.807 [raft-server-1] TRACE i.a.p.raft.roles.LeaderAppender - RaftServer{1} - Received AppendResponse{status=OK, term=1, succeeded=true, lastLogIndex=18} from 2
02:49:47.807 [raft-server-1-state] TRACE i.a.p.raft.impl.RaftServiceManager - RaftServer{1} - Applying Indexed{index=18, entry=CommandEntry{term=1, timestamp=2018-06-09 02:49:47,726, session=2, sequence=13, operation=PrimitiveOperation{id=DefaultOperationId{id=write, type=COMMAND}, value=byte[]{length=17, hash=-1644578928}}}}
02:49:47.807 [raft-server-1-state] TRACE i.a.p.s.impl.DefaultServiceExecutor - PrimitiveService{2}{type=io.atomix.protocols.raft.RaftTest$TestPrimitiveType@2df83e7, name=raft-test} - Executing DefaultCommit{index=18, session=RaftSession{RaftServiceContext{server=1, type=io.atomix.protocols.raft.RaftTest$TestPrimitiveType@2df83e7, name=raft-test, id=2}, session=2, timestamp=2018-06-09 02:49:47,726}, time=2018-06-09 02:49:47,726, operation=DefaultOperationId{id=write, type=COMMAND}, value=byte[]{length=17, hash=-1644578928}}
02:49:47.807 [raft-server-1-state] TRACE i.a.protocols.raft.roles.LeaderRole - RaftServer{1}{role=LEADER} - Sending CommandResponse{status=OK, index=18, eventIndex=2, result=byte[]{length=2, hash=1276}}
02:49:47.807 [raft-server-2] TRACE i.a.p.raft.roles.FollowerRole - RaftServer{2}{role=FOLLOWER} - Sending CommandResponse{status=OK, index=18, eventIndex=2, result=byte[]{length=2, hash=1276}}
02:49:47.808 [raft-client-86eccf48-f731-4463-9ff4-1338804a1578-1] TRACE i.a.p.r.p.impl.RaftProxyConnection - SessionClient{2}{type=io.atomix.protocols.raft.RaftTest$TestPrimitiveType@35bfa1bb, name=raft-test} - Received CommandResponse{status=OK, index=18, eventIndex=2, result=byte[]{length=2, hash=1276}} from 2
02:49:47.808 [raft-client-86eccf48-f731-4463-9ff4-1338804a1578-1] TRACE i.a.p.r.p.impl.RaftProxySequencer - SessionClient{2}{type=io.atomix.protocols.raft.RaftTest$TestPrimitiveType@35bfa1bb, name=raft-test} - Completing response CommandResponse{status=OK, index=18, eventIndex=2, result=byte[]{length=2, hash=1276}}
02:49:47.808 [raft-client-86eccf48-f731-4463-9ff4-1338804a1578-2] TRACE i.a.p.r.p.impl.RaftProxyConnection - SessionClient{2}{type=io.atomix.protocols.raft.RaftTest$TestPrimitiveType@35bfa1bb, name=raft-test} - Sending CommandRequest{session=2, sequence=14, operation=PrimitiveOperation{id=DefaultOperationId{id=write, type=COMMAND}, value=byte[]{length=17, hash=-1644578928}}} to 2
02:49:47.808 [raft-server-2] TRACE i.a.p.raft.roles.FollowerRole - RaftServer{2}{role=FOLLOWER} - Received CommandRequest{session=2, sequence=14, operation=PrimitiveOperation{id=DefaultOperationId{id=write, type=COMMAND}, value=byte[]{length=17, hash=-1644578928}}}
02:49:47.808 [raft-server-1] TRACE i.a.protocols.raft.roles.LeaderRole - RaftServer{1}{role=LEADER} - Received CommandRequest{session=2, sequence=14, operation=PrimitiveOperation{id=DefaultOperationId{id=write, type=COMMAND}, value=byte[]{length=17, hash=-1644578928}}}
02:49:47.808 [raft-server-1] TRACE i.a.protocols.raft.roles.LeaderRole - RaftServer{1}{role=LEADER} - Appended Indexed{index=19, entry=CommandEntry{term=1, timestamp=2018-06-09 02:49:47,808, session=2, sequence=14, operation=PrimitiveOperation{id=DefaultOperationId{id=write, type=COMMAND}, value=byte[]{length=17, hash=-1644578928}}}}
02:49:47.809 [raft-server-1] TRACE i.a.p.raft.roles.LeaderAppender - RaftServer{1} - Sending AppendRequest{term=1, leader=1, prevLogIndex=18, prevLogTerm=1, entries=1, commitIndex=18} to 3
02:49:47.809 [raft-server-1] TRACE i.a.p.raft.roles.LeaderAppender - RaftServer{1} - Sending AppendRequest{term=1, leader=1, prevLogIndex=18, prevLogTerm=1, entries=1, commitIndex=18} to 2
02:49:47.809 [raft-server-2] TRACE i.a.p.raft.roles.FollowerRole - RaftServer{2}{role=FOLLOWER} - Received AppendRequest{term=1, leader=1, prevLogIndex=18, prevLogTerm=1, entries=1, commitIndex=18}
02:49:47.809 [raft-server-3] TRACE i.a.p.raft.roles.FollowerRole - RaftServer{3}{role=FOLLOWER} - Received AppendRequest{term=1, leader=1, prevLogIndex=18, prevLogTerm=1, entries=1, commitIndex=18}
02:49:47.809 [raft-server-2] TRACE i.a.p.raft.roles.FollowerRole - RaftServer{2}{role=FOLLOWER} - Appended Indexed{index=19, entry=CommandEntry{term=1, timestamp=2018-06-09 02:49:47,808, session=2, sequence=14, operation=PrimitiveOperation{id=DefaultOperationId{id=write, type=COMMAND}, value=byte[]{length=17, hash=-1644578928}}}}
02:49:47.809 [raft-server-3] TRACE i.a.p.raft.roles.FollowerRole - RaftServer{3}{role=FOLLOWER} - Appended Indexed{index=19, entry=CommandEntry{term=1, timestamp=2018-06-09 02:49:47,808, session=2, sequence=14, operation=PrimitiveOperation{id=DefaultOperationId{id=write, type=COMMAND}, value=byte[]{length=17, hash=-1644578928}}}}
02:49:47.873 [raft-server-3] TRACE i.a.p.raft.roles.FollowerRole - RaftServer{3}{role=FOLLOWER} - Committed entries up to index 18
02:49:47.873 [raft-server-2] TRACE i.a.p.raft.roles.FollowerRole - RaftServer{2}{role=FOLLOWER} - Committed entries up to index 18
02:49:47.873 [raft-server-3] TRACE i.a.p.raft.roles.FollowerRole - RaftServer{3}{role=FOLLOWER} - Sending AppendResponse{status=OK, term=1, succeeded=true, lastLogIndex=19}
02:49:47.873 [raft-server-2] TRACE i.a.p.raft.roles.FollowerRole - RaftServer{2}{role=FOLLOWER} - Sending AppendResponse{status=OK, term=1, succeeded=true, lastLogIndex=19}
02:49:47.873 [raft-server-1] TRACE i.a.p.raft.roles.LeaderAppender - RaftServer{1} - Received AppendResponse{status=OK, term=1, succeeded=true, lastLogIndex=19} from 3
02:49:47.873 [raft-server-3-state] TRACE i.a.p.raft.impl.RaftServiceManager - RaftServer{3} - Applying Indexed{index=18, entry=CommandEntry{term=1, timestamp=2018-06-09 02:49:47,726, session=2, sequence=13, operation=PrimitiveOperation{id=DefaultOperationId{id=write, type=COMMAND}, value=byte[]{length=17, hash=-1644578928}}}}
02:49:47.873 [raft-server-1] TRACE i.a.p.raft.roles.LeaderAppender - RaftServer{1} - Committed entries up to 19
02:49:47.873 [raft-server-2-state] TRACE i.a.p.raft.impl.RaftServiceManager - RaftServer{2} - Applying Indexed{index=18, entry=CommandEntry{term=1, timestamp=2018-06-09 02:49:47,726, session=2, sequence=13, operation=PrimitiveOperation{id=DefaultOperationId{id=write, type=COMMAND}, value=byte[]{length=17, hash=-1644578928}}}}
02:49:47.874 [raft-server-3-state] TRACE i.a.p.s.impl.DefaultServiceExecutor - PrimitiveService{2}{type=io.atomix.protocols.raft.RaftTest$TestPrimitiveType@2669790c, name=raft-test} - Executing DefaultCommit{index=18, session=RaftSession{RaftServiceContext{server=3, type=io.atomix.protocols.raft.RaftTest$TestPrimitiveType@2669790c, name=raft-test, id=2}, session=2, timestamp=2018-06-09 02:49:47,726}, time=2018-06-09 02:49:47,726, operation=DefaultOperationId{id=write, type=COMMAND}, value=byte[]{length=17, hash=-1644578928}}
02:49:47.874 [raft-server-2-state] TRACE i.a.p.s.impl.DefaultServiceExecutor - PrimitiveService{2}{type=io.atomix.protocols.raft.RaftTest$TestPrimitiveType@10ad7eb5, name=raft-test} - Executing DefaultCommit{index=18, session=RaftSession{RaftServiceContext{server=2, type=io.atomix.protocols.raft.RaftTest$TestPrimitiveType@10ad7eb5, name=raft-test, id=2}, session=2, timestamp=2018-06-09 02:49:47,726}, time=2018-06-09 02:49:47,726, operation=DefaultOperationId{id=write, type=COMMAND}, value=byte[]{length=17, hash=-1644578928}}
02:49:47.945 [raft-server-1] TRACE i.a.p.raft.roles.LeaderAppender - RaftServer{1} - Sending AppendRequest{term=1, leader=1, prevLogIndex=19, prevLogTerm=1, entries=0, commitIndex=19} to 3
02:49:47.945 [raft-server-1] TRACE i.a.p.raft.roles.LeaderAppender - RaftServer{1} - Received AppendResponse{status=OK, term=1, succeeded=true, lastLogIndex=19} from 2
02:49:47.945 [raft-server-3] TRACE i.a.p.raft.roles.FollowerRole - RaftServer{3}{role=FOLLOWER} - Received AppendRequest{term=1, leader=1, prevLogIndex=19, prevLogTerm=1, entries=0, commitIndex=19}
02:49:47.945 [raft-server-1] TRACE i.a.p.raft.roles.LeaderAppender - RaftServer{1} - Sending AppendRequest{term=1, leader=1, prevLogIndex=19, prevLogTerm=1, entries=0, commitIndex=19} to 2
02:49:47.945 [raft-server-2] TRACE i.a.p.raft.roles.FollowerRole - RaftServer{2}{role=FOLLOWER} - Received AppendRequest{term=1, leader=1, prevLogIndex=19, prevLogTerm=1, entries=0, commitIndex=19}
02:49:47.945 [raft-server-2] TRACE i.a.p.raft.roles.FollowerRole - RaftServer{2}{role=FOLLOWER} - Committed entries up to index 19
02:49:47.945 [raft-server-2] TRACE i.a.p.raft.roles.FollowerRole - RaftServer{2}{role=FOLLOWER} - Sending AppendResponse{status=OK, term=1, succeeded=true, lastLogIndex=19}
02:49:47.945 [raft-server-1-state] TRACE i.a.p.raft.impl.RaftServiceManager - RaftServer{1} - Applying Indexed{index=19, entry=CommandEntry{term=1, timestamp=2018-06-09 02:49:47,808, session=2, sequence=14, operation=PrimitiveOperation{id=DefaultOperationId{id=write, type=COMMAND}, value=byte[]{length=17, hash=-1644578928}}}}
02:49:47.945 [raft-server-1] TRACE i.a.p.raft.roles.LeaderAppender - RaftServer{1} - Received AppendResponse{status=OK, term=1, succeeded=true, lastLogIndex=19} from 2
02:49:47.945 [raft-server-2-state] TRACE i.a.p.raft.impl.RaftServiceManager - RaftServer{2} - Applying Indexed{index=19, entry=CommandEntry{term=1, timestamp=2018-06-09 02:49:47,808, session=2, sequence=14, operation=PrimitiveOperation{id=DefaultOperationId{id=write, type=COMMAND}, value=byte[]{length=17, hash=-1644578928}}}}
02:49:47.945 [raft-server-1-state] TRACE i.a.p.s.impl.DefaultServiceExecutor - PrimitiveService{2}{type=io.atomix.protocols.raft.RaftTest$TestPrimitiveType@2df83e7, name=raft-test} - Executing DefaultCommit{index=19, session=RaftSession{RaftServiceContext{server=1, type=io.atomix.protocols.raft.RaftTest$TestPrimitiveType@2df83e7, name=raft-test, id=2}, session=2, timestamp=2018-06-09 02:49:47,808}, time=2018-06-09 02:49:47,808, operation=DefaultOperationId{id=write, type=COMMAND}, value=byte[]{length=17, hash=-1644578928}}
02:49:47.945 [raft-server-2-state] TRACE i.a.p.s.impl.DefaultServiceExecutor - PrimitiveService{2}{type=io.atomix.protocols.raft.RaftTest$TestPrimitiveType@10ad7eb5, name=raft-test} - Executing DefaultCommit{index=19, session=RaftSession{RaftServiceContext{server=2, type=io.atomix.protocols.raft.RaftTest$TestPrimitiveType@10ad7eb5, name=raft-test, id=2}, session=2, timestamp=2018-06-09 02:49:47,808}, time=2018-06-09 02:49:47,808, operation=DefaultOperationId{id=write, type=COMMAND}, value=byte[]{length=17, hash=-1644578928}}
02:49:47.946 [raft-server-1-state] TRACE i.a.protocols.raft.roles.LeaderRole - RaftServer{1}{role=LEADER} - Sending CommandResponse{status=OK, index=19, eventIndex=2, result=byte[]{length=2, hash=1278}}
02:49:47.946 [raft-server-2] TRACE i.a.p.raft.roles.FollowerRole - RaftServer{2}{role=FOLLOWER} - Sending CommandResponse{status=OK, index=19, eventIndex=2, result=byte[]{length=2, hash=1278}}
02:49:47.946 [raft-client-86eccf48-f731-4463-9ff4-1338804a1578-6] TRACE i.a.p.r.p.impl.RaftProxyConnection - SessionClient{2}{type=io.atomix.protocols.raft.RaftTest$TestPrimitiveType@35bfa1bb, name=raft-test} - Received CommandResponse{status=OK, index=19, eventIndex=2, result=byte[]{length=2, hash=1278}} from 2
02:49:47.946 [raft-client-86eccf48-f731-4463-9ff4-1338804a1578-6] TRACE i.a.p.r.p.impl.RaftProxySequencer - SessionClient{2}{type=io.atomix.protocols.raft.RaftTest$TestPrimitiveType@35bfa1bb, name=raft-test} - Completing response CommandResponse{status=OK, index=19, eventIndex=2, result=byte[]{length=2, hash=1278}}
02:49:47.946 [raft-client-86eccf48-f731-4463-9ff4-1338804a1578-4] TRACE i.a.p.r.p.impl.RaftProxyConnection - SessionClient{2}{type=io.atomix.protocols.raft.RaftTest$TestPrimitiveType@35bfa1bb, name=raft-test} - Sending CommandRequest{session=2, sequence=15, operation=PrimitiveOperation{id=DefaultOperationId{id=write, type=COMMAND}, value=byte[]{length=17, hash=-1644578928}}} to 2
02:49:47.946 [raft-server-2] TRACE i.a.p.raft.roles.FollowerRole - RaftServer{2}{role=FOLLOWER} - Received CommandRequest{session=2, sequence=15, operation=PrimitiveOperation{id=DefaultOperationId{id=write, type=COMMAND}, value=byte[]{length=17, hash=-1644578928}}}
02:49:47.946 [raft-server-1] TRACE i.a.protocols.raft.roles.LeaderRole - RaftServer{1}{role=LEADER} - Received CommandRequest{session=2, sequence=15, operation=PrimitiveOperation{id=DefaultOperationId{id=write, type=COMMAND}, value=byte[]{length=17, hash=-1644578928}}}
02:49:47.946 [raft-server-1] TRACE i.a.protocols.raft.roles.LeaderRole - RaftServer{1}{role=LEADER} - Appended Indexed{index=20, entry=CommandEntry{term=1, timestamp=2018-06-09 02:49:47,946, session=2, sequence=15, operation=PrimitiveOperation{id=DefaultOperationId{id=write, type=COMMAND}, value=byte[]{length=17, hash=-1644578928}}}}
02:49:47.946 [raft-server-1] TRACE i.a.p.raft.roles.LeaderAppender - RaftServer{1} - Sending AppendRequest{term=1, leader=1, prevLogIndex=19, prevLogTerm=1, entries=1, commitIndex=19} to 2
02:49:47.947 [raft-server-2] TRACE i.a.p.raft.roles.FollowerRole - RaftServer{2}{role=FOLLOWER} - Received AppendRequest{term=1, leader=1, prevLogIndex=19, prevLogTerm=1, entries=1, commitIndex=19}
02:49:47.947 [raft-server-2] TRACE i.a.p.raft.roles.FollowerRole - RaftServer{2}{role=FOLLOWER} - Appended Indexed{index=20, entry=CommandEntry{term=1, timestamp=2018-06-09 02:49:47,946, session=2, sequence=15, operation=PrimitiveOperation{id=DefaultOperationId{id=write, type=COMMAND}, value=byte[]{length=17, hash=-1644578928}}}}
02:49:47.947 [raft-server-2] TRACE i.a.p.raft.roles.FollowerRole - RaftServer{2}{role=FOLLOWER} - Sending AppendResponse{status=OK, term=1, succeeded=true, lastLogIndex=20}
02:49:47.947 [raft-server-1] TRACE i.a.p.raft.roles.LeaderAppender - RaftServer{1} - Received AppendResponse{status=OK, term=1, succeeded=true, lastLogIndex=20} from 2
02:49:47.947 [raft-server-1] TRACE i.a.p.raft.roles.LeaderAppender - RaftServer{1} - Committed entries up to 20
02:49:48.022 [raft-server-3] TRACE i.a.p.raft.roles.FollowerRole - RaftServer{3}{role=FOLLOWER} - Committed entries up to index 19
02:49:48.022 [raft-server-3] TRACE i.a.p.raft.roles.FollowerRole - RaftServer{3}{role=FOLLOWER} - Sending AppendResponse{status=OK, term=1, succeeded=true, lastLogIndex=19}
02:49:48.022 [raft-server-3-state] TRACE i.a.p.raft.impl.RaftServiceManager - RaftServer{3} - Applying Indexed{index=19, entry=CommandEntry{term=1, timestamp=2018-06-09 02:49:47,808, session=2, sequence=14, operation=PrimitiveOperation{id=DefaultOperationId{id=write, type=COMMAND}, value=byte[]{length=17, hash=-1644578928}}}}
02:49:48.023 [raft-server-3-state] TRACE i.a.p.s.impl.DefaultServiceExecutor - PrimitiveService{2}{type=io.atomix.protocols.raft.RaftTest$TestPrimitiveType@2669790c, name=raft-test} - Executing DefaultCommit{index=19, session=RaftSession{RaftServiceContext{server=3, type=io.atomix.protocols.raft.RaftTest$TestPrimitiveType@2669790c, name=raft-test, id=2}, session=2, timestamp=2018-06-09 02:49:47,808}, time=2018-06-09 02:49:47,808, operation=DefaultOperationId{id=write, type=COMMAND}, value=byte[]{length=17, hash=-1644578928}}
02:49:48.081 [raft-server-1] TRACE i.a.p.raft.roles.LeaderAppender - RaftServer{1} - Received AppendResponse{status=OK, term=1, succeeded=true, lastLogIndex=19} from 3
02:49:48.081 [raft-server-1] TRACE i.a.p.raft.roles.LeaderAppender - RaftServer{1} - Sending AppendRequest{term=1, leader=1, prevLogIndex=19, prevLogTerm=1, entries=1, commitIndex=20} to 3
02:49:48.081 [raft-server-3] TRACE i.a.p.raft.roles.FollowerRole - RaftServer{3}{role=FOLLOWER} - Received AppendRequest{term=1, leader=1, prevLogIndex=19, prevLogTerm=1, entries=1, commitIndex=20}
02:49:48.081 [raft-server-1-state] TRACE i.a.p.raft.impl.RaftServiceManager - RaftServer{1} - Applying Indexed{index=20, entry=CommandEntry{term=1, timestamp=2018-06-09 02:49:47,946, session=2, sequence=15, operation=PrimitiveOperation{id=DefaultOperationId{id=write, type=COMMAND}, value=byte[]{length=17, hash=-1644578928}}}}
02:49:48.081 [raft-server-3] TRACE i.a.p.raft.roles.FollowerRole - RaftServer{3}{role=FOLLOWER} - Appended Indexed{index=20, entry=CommandEntry{term=1, timestamp=2018-06-09 02:49:47,946, session=2, sequence=15, operation=PrimitiveOperation{id=DefaultOperationId{id=write, type=COMMAND}, value=byte[]{length=17, hash=-1644578928}}}}
02:49:48.081 [raft-server-1-state] TRACE i.a.p.s.impl.DefaultServiceExecutor - PrimitiveService{2}{type=io.atomix.protocols.raft.RaftTest$TestPrimitiveType@2df83e7, name=raft-test} - Executing DefaultCommit{index=20, session=RaftSession{RaftServiceContext{server=1, type=io.atomix.protocols.raft.RaftTest$TestPrimitiveType@2df83e7, name=raft-test, id=2}, session=2, timestamp=2018-06-09 02:49:47,946}, time=2018-06-09 02:49:47,946, operation=DefaultOperationId{id=write, type=COMMAND}, value=byte[]{length=17, hash=-1644578928}}
02:49:48.081 [raft-server-1-state] TRACE i.a.protocols.raft.roles.LeaderRole - RaftServer{1}{role=LEADER} - Sending CommandResponse{status=OK, index=20, eventIndex=2, result=byte[]{length=2, hash=1280}}
02:49:48.081 [raft-server-2] TRACE i.a.p.raft.roles.FollowerRole - RaftServer{2}{role=FOLLOWER} - Sending CommandResponse{status=OK, index=20, eventIndex=2, result=byte[]{length=2, hash=1280}}
02:49:48.082 [raft-client-86eccf48-f731-4463-9ff4-1338804a1578-0] TRACE i.a.p.r.p.impl.RaftProxyConnection - SessionClient{2}{type=io.atomix.protocols.raft.RaftTest$TestPrimitiveType@35bfa1bb, name=raft-test} - Received CommandResponse{status=OK, index=20, eventIndex=2, result=byte[]{length=2, hash=1280}} from 2
02:49:48.082 [raft-client-86eccf48-f731-4463-9ff4-1338804a1578-0] TRACE i.a.p.r.p.impl.RaftProxySequencer - SessionClient{2}{type=io.atomix.protocols.raft.RaftTest$TestPrimitiveType@35bfa1bb, name=raft-test} - Completing response CommandResponse{status=OK, index=20, eventIndex=2, result=byte[]{length=2, hash=1280}}
02:49:48.082 [raft-client-86eccf48-f731-4463-9ff4-1338804a1578-3] TRACE i.a.p.r.p.impl.RaftProxyConnection - SessionClient{2}{type=io.atomix.protocols.raft.RaftTest$TestPrimitiveType@35bfa1bb, name=raft-test} - Sending CommandRequest{session=2, sequence=16, operation=PrimitiveOperation{id=DefaultOperationId{id=write, type=COMMAND}, value=byte[]{length=17, hash=-1644578928}}} to 2
02:49:48.082 [raft-server-2] TRACE i.a.p.raft.roles.FollowerRole - RaftServer{2}{role=FOLLOWER} - Received CommandRequest{session=2, sequence=16, operation=PrimitiveOperation{id=DefaultOperationId{id=write, type=COMMAND}, value=byte[]{length=17, hash=-1644578928}}}
02:49:48.082 [raft-server-1] TRACE i.a.protocols.raft.roles.LeaderRole - RaftServer{1}{role=LEADER} - Received CommandRequest{session=2, sequence=16, operation=PrimitiveOperation{id=DefaultOperationId{id=write, type=COMMAND}, value=byte[]{length=17, hash=-1644578928}}}
02:49:48.165 [raft-server-3] TRACE i.a.p.raft.roles.FollowerRole - RaftServer{3}{role=FOLLOWER} - Committed entries up to index 20
02:49:48.165 [raft-server-3] TRACE i.a.p.raft.roles.FollowerRole - RaftServer{3}{role=FOLLOWER} - Sending AppendResponse{status=OK, term=1, succeeded=true, lastLogIndex=20}
02:49:48.165 [raft-server-3-state] TRACE i.a.p.raft.impl.RaftServiceManager - RaftServer{3} - Applying Indexed{index=20, entry=CommandEntry{term=1, timestamp=2018-06-09 02:49:47,946, session=2, sequence=15, operation=PrimitiveOperation{id=DefaultOperationId{id=write, type=COMMAND}, value=byte[]{length=17, hash=-1644578928}}}}
02:49:48.165 [raft-server-3-state] TRACE i.a.p.s.impl.DefaultServiceExecutor - PrimitiveService{2}{type=io.atomix.protocols.raft.RaftTest$TestPrimitiveType@2669790c, name=raft-test} - Executing DefaultCommit{index=20, session=RaftSession{RaftServiceContext{server=3, type=io.atomix.protocols.raft.RaftTest$TestPrimitiveType@2669790c, name=raft-test, id=2}, session=2, timestamp=2018-06-09 02:49:47,946}, time=2018-06-09 02:49:47,946, operation=DefaultOperationId{id=write, type=COMMAND}, value=byte[]{length=17, hash=-1644578928}}
02:49:48.240 [raft-server-1] DEBUG i.a.storage.journal.SegmentedJournal - Created disk segment: JournalSegment{id=3, version=1, index=21, size=64}
02:49:48.240 [raft-server-1] TRACE i.a.protocols.raft.roles.LeaderRole - RaftServer{1}{role=LEADER} - Appended Indexed{index=21, entry=CommandEntry{term=1, timestamp=2018-06-09 02:49:48,082, session=2, sequence=16, operation=PrimitiveOperation{id=DefaultOperationId{id=write, type=COMMAND}, value=byte[]{length=17, hash=-1644578928}}}}
02:49:48.240 [raft-server-1] TRACE i.a.p.raft.roles.LeaderAppender - RaftServer{1} - Sending AppendRequest{term=1, leader=1, prevLogIndex=20, prevLogTerm=1, entries=1, commitIndex=20} to 3
02:49:48.240 [raft-server-3] TRACE i.a.p.raft.roles.FollowerRole - RaftServer{3}{role=FOLLOWER} - Received AppendRequest{term=1, leader=1, prevLogIndex=20, prevLogTerm=1, entries=1, commitIndex=20}
02:49:48.241 [raft-server-1] TRACE i.a.p.raft.roles.LeaderAppender - RaftServer{1} - Sending AppendRequest{term=1, leader=1, prevLogIndex=20, prevLogTerm=1, entries=1, commitIndex=20} to 2
02:49:48.241 [raft-server-2] TRACE i.a.p.raft.roles.FollowerRole - RaftServer{2}{role=FOLLOWER} - Received AppendRequest{term=1, leader=1, prevLogIndex=20, prevLogTerm=1, entries=1, commitIndex=20}
02:49:48.241 [raft-server-1] TRACE i.a.p.raft.roles.LeaderAppender - RaftServer{1} - Received AppendResponse{status=OK, term=1, succeeded=true, lastLogIndex=20} from 3
02:49:48.431 [raft-server-3] DEBUG i.a.storage.journal.SegmentedJournal - Created disk segment: JournalSegment{id=3, version=1, index=21, size=64}
02:49:48.432 [raft-server-3] TRACE i.a.p.raft.roles.FollowerRole - RaftServer{3}{role=FOLLOWER} - Appended Indexed{index=21, entry=CommandEntry{term=1, timestamp=2018-06-09 02:49:48,082, session=2, sequence=16, operation=PrimitiveOperation{id=DefaultOperationId{id=write, type=COMMAND}, value=byte[]{length=17, hash=-1644578928}}}}
02:49:48.432 [raft-server-3] TRACE i.a.p.raft.roles.FollowerRole - RaftServer{3}{role=FOLLOWER} - Sending AppendResponse{status=OK, term=1, succeeded=true, lastLogIndex=21}
02:49:48.432 [raft-server-1] TRACE i.a.p.raft.roles.LeaderAppender - RaftServer{1} - Received AppendResponse{status=OK, term=1, succeeded=true, lastLogIndex=21} from 3
02:49:48.432 [raft-server-1] TRACE i.a.p.raft.roles.LeaderAppender - RaftServer{1} - Committed entries up to 21
02:49:48.474 [raft-server-2] DEBUG i.a.storage.journal.SegmentedJournal - Created disk segment: JournalSegment{id=3, version=1, index=21, size=64}
02:49:48.474 [raft-server-2] TRACE i.a.p.raft.roles.FollowerRole - RaftServer{2}{role=FOLLOWER} - Appended Indexed{index=21, entry=CommandEntry{term=1, timestamp=2018-06-09 02:49:48,082, session=2, sequence=16, operation=PrimitiveOperation{id=DefaultOperationId{id=write, type=COMMAND}, value=byte[]{length=17, hash=-1644578928}}}}
02:49:48.550 [raft-server-1] TRACE i.a.p.raft.roles.LeaderAppender - RaftServer{1} - Sending AppendRequest{term=1, leader=1, prevLogIndex=21, prevLogTerm=1, entries=0, commitIndex=21} to 3
02:49:48.550 [raft-server-3] TRACE i.a.p.raft.roles.FollowerRole - RaftServer{3}{role=FOLLOWER} - Received AppendRequest{term=1, leader=1, prevLogIndex=21, prevLogTerm=1, entries=0, commitIndex=21}
02:49:48.550 [raft-server-1-state] TRACE i.a.p.raft.impl.RaftServiceManager - RaftServer{1} - Applying Indexed{index=21, entry=CommandEntry{term=1, timestamp=2018-06-09 02:49:48,082, session=2, sequence=16, operation=PrimitiveOperation{id=DefaultOperationId{id=write, type=COMMAND}, value=byte[]{length=17, hash=-1644578928}}}}
02:49:48.550 [raft-server-1-state] TRACE i.a.p.s.impl.DefaultServiceExecutor - PrimitiveService{2}{type=io.atomix.protocols.raft.RaftTest$TestPrimitiveType@2df83e7, name=raft-test} - Executing DefaultCommit{index=21, session=RaftSession{RaftServiceContext{server=1, type=io.atomix.protocols.raft.RaftTest$TestPrimitiveType@2df83e7, name=raft-test, id=2}, session=2, timestamp=2018-06-09 02:49:48,082}, time=2018-06-09 02:49:48,082, operation=DefaultOperationId{id=write, type=COMMAND}, value=byte[]{length=17, hash=-1644578928}}
02:49:48.550 [raft-server-1-state] TRACE i.a.protocols.raft.roles.LeaderRole - RaftServer{1}{role=LEADER} - Sending CommandResponse{status=OK, index=21, eventIndex=2, result=byte[]{length=2, hash=1282}}
02:49:48.626 [raft-server-2] TRACE i.a.p.raft.roles.FollowerRole - RaftServer{2}{role=FOLLOWER} - Committed entries up to index 20
02:49:48.626 [raft-server-2] TRACE i.a.p.raft.roles.FollowerRole - RaftServer{2}{role=FOLLOWER} - Sending AppendResponse{status=OK, term=1, succeeded=true, lastLogIndex=21}
02:49:48.626 [raft-server-2] TRACE i.a.p.raft.roles.FollowerRole - RaftServer{2}{role=FOLLOWER} - Sending CommandResponse{status=OK, index=21, eventIndex=2, result=byte[]{length=2, hash=1282}}
02:49:48.626 [raft-server-1] TRACE i.a.p.raft.roles.LeaderAppender - RaftServer{1} - Received AppendResponse{status=OK, term=1, succeeded=true, lastLogIndex=21} from 2
02:49:48.626 [raft-client-86eccf48-f731-4463-9ff4-1338804a1578-1] TRACE i.a.p.r.p.impl.RaftProxyConnection - SessionClient{2}{type=io.atomix.protocols.raft.RaftTest$TestPrimitiveType@35bfa1bb, name=raft-test} - Received CommandResponse{status=OK, index=21, eventIndex=2, result=byte[]{length=2, hash=1282}} from 2
02:49:48.626 [raft-client-86eccf48-f731-4463-9ff4-1338804a1578-1] TRACE i.a.p.r.p.impl.RaftProxySequencer - SessionClient{2}{type=io.atomix.protocols.raft.RaftTest$TestPrimitiveType@35bfa1bb, name=raft-test} - Completing response CommandResponse{status=OK, index=21, eventIndex=2, result=byte[]{length=2, hash=1282}}
02:49:48.626 [raft-server-2-state] TRACE i.a.p.raft.impl.RaftServiceManager - RaftServer{2} - Applying Indexed{index=20, entry=CommandEntry{term=1, timestamp=2018-06-09 02:49:47,946, session=2, sequence=15, operation=PrimitiveOperation{id=DefaultOperationId{id=write, type=COMMAND}, value=byte[]{length=17, hash=-1644578928}}}}
02:49:48.626 [raft-server-1] TRACE i.a.p.raft.roles.LeaderAppender - RaftServer{1} - Sending AppendRequest{term=1, leader=1, prevLogIndex=21, prevLogTerm=1, entries=0, commitIndex=21} to 2
02:49:48.626 [raft-server-2-state] TRACE i.a.p.s.impl.DefaultServiceExecutor - PrimitiveService{2}{type=io.atomix.protocols.raft.RaftTest$TestPrimitiveType@10ad7eb5, name=raft-test} - Executing DefaultCommit{index=20, session=RaftSession{RaftServiceContext{server=2, type=io.atomix.protocols.raft.RaftTest$TestPrimitiveType@10ad7eb5, name=raft-test, id=2}, session=2, timestamp=2018-06-09 02:49:47,946}, time=2018-06-09 02:49:47,946, operation=DefaultOperationId{id=write, type=COMMAND}, value=byte[]{length=17, hash=-1644578928}}
02:49:48.626 [raft-client-86eccf48-f731-4463-9ff4-1338804a1578-5] TRACE i.a.p.r.p.impl.RaftProxyConnection - SessionClient{2}{type=io.atomix.protocols.raft.RaftTest$TestPrimitiveType@35bfa1bb, name=raft-test} - Sending CommandRequest{session=2, sequence=17, operation=PrimitiveOperation{id=DefaultOperationId{id=write, type=COMMAND}, value=byte[]{length=17, hash=-1644578928}}} to 2
02:49:48.627 [raft-server-2] TRACE i.a.p.raft.roles.FollowerRole - RaftServer{2}{role=FOLLOWER} - Received AppendRequest{term=1, leader=1, prevLogIndex=21, prevLogTerm=1, entries=0, commitIndex=21}
02:49:48.627 [raft-server-2] TRACE i.a.p.raft.roles.FollowerRole - RaftServer{2}{role=FOLLOWER} - Committed entries up to index 21
02:49:48.627 [raft-server-2] TRACE i.a.p.raft.roles.FollowerRole - RaftServer{2}{role=FOLLOWER} - Sending AppendResponse{status=OK, term=1, succeeded=true, lastLogIndex=21}
02:49:48.627 [raft-server-2] TRACE i.a.p.raft.roles.FollowerRole - RaftServer{2}{role=FOLLOWER} - Received CommandRequest{session=2, sequence=17, operation=PrimitiveOperation{id=DefaultOperationId{id=write, type=COMMAND}, value=byte[]{length=17, hash=-1644578928}}}
02:49:48.627 [raft-server-1] TRACE i.a.p.raft.roles.LeaderAppender - RaftServer{1} - Received AppendResponse{status=OK, term=1, succeeded=true, lastLogIndex=21} from 2
02:49:48.627 [raft-server-1] TRACE i.a.protocols.raft.roles.LeaderRole - RaftServer{1}{role=LEADER} - Received CommandRequest{session=2, sequence=17, operation=PrimitiveOperation{id=DefaultOperationId{id=write, type=COMMAND}, value=byte[]{length=17, hash=-1644578928}}}
02:49:48.627 [raft-server-2-state] TRACE i.a.p.raft.impl.RaftServiceManager - RaftServer{2} - Applying Indexed{index=21, entry=CommandEntry{term=1, timestamp=2018-06-09 02:49:48,082, session=2, sequence=16, operation=PrimitiveOperation{id=DefaultOperationId{id=write, type=COMMAND}, value=byte[]{length=17, hash=-1644578928}}}}
02:49:48.627 [raft-server-2-state] TRACE i.a.p.s.impl.DefaultServiceExecutor - PrimitiveService{2}{type=io.atomix.protocols.raft.RaftTest$TestPrimitiveType@10ad7eb5, name=raft-test} - Executing DefaultCommit{index=21, session=RaftSession{RaftServiceContext{server=2, type=io.atomix.protocols.raft.RaftTest$TestPrimitiveType@10ad7eb5, name=raft-test, id=2}, session=2, timestamp=2018-06-09 02:49:48,082}, time=2018-06-09 02:49:48,082, operation=DefaultOperationId{id=write, type=COMMAND}, value=byte[]{length=17, hash=-1644578928}}
02:49:48.627 [raft-server-1] TRACE i.a.protocols.raft.roles.LeaderRole - RaftServer{1}{role=LEADER} - Appended Indexed{index=22, entry=CommandEntry{term=1, timestamp=2018-06-09 02:49:48,627, session=2, sequence=17, operation=PrimitiveOperation{id=DefaultOperationId{id=write, type=COMMAND}, value=byte[]{length=17, hash=-1644578928}}}}
02:49:48.627 [raft-server-1] TRACE i.a.p.raft.roles.LeaderAppender - RaftServer{1} - Sending AppendRequest{term=1, leader=1, prevLogIndex=21, prevLogTerm=1, entries=1, commitIndex=21} to 3
02:49:48.627 [raft-server-1] TRACE i.a.p.raft.roles.LeaderAppender - RaftServer{1} - Sending AppendRequest{term=1, leader=1, prevLogIndex=21, prevLogTerm=1, entries=1, commitIndex=21} to 2
02:49:48.627 [raft-server-2] TRACE i.a.p.raft.roles.FollowerRole - RaftServer{2}{role=FOLLOWER} - Received AppendRequest{term=1, leader=1, prevLogIndex=21, prevLogTerm=1, entries=1, commitIndex=21}
02:49:48.627 [raft-server-2] TRACE i.a.p.raft.roles.FollowerRole - RaftServer{2}{role=FOLLOWER} - Appended Indexed{index=22, entry=CommandEntry{term=1, timestamp=2018-06-09 02:49:48,627, session=2, sequence=17, operation=PrimitiveOperation{id=DefaultOperationId{id=write, type=COMMAND}, value=byte[]{length=17, hash=-1644578928}}}}
02:49:48.628 [raft-server-2] TRACE i.a.p.raft.roles.FollowerRole - RaftServer{2}{role=FOLLOWER} - Sending AppendResponse{status=OK, term=1, succeeded=true, lastLogIndex=22}
02:49:48.628 [raft-server-1] TRACE i.a.p.raft.roles.LeaderAppender - RaftServer{1} - Received AppendResponse{status=OK, term=1, succeeded=true, lastLogIndex=22} from 2
02:49:48.628 [raft-server-1] TRACE i.a.p.raft.roles.LeaderAppender - RaftServer{1} - Committed entries up to 22
02:49:48.690 [raft-server-3] TRACE i.a.p.raft.roles.FollowerRole - RaftServer{3}{role=FOLLOWER} - Committed entries up to index 21
02:49:48.690 [raft-server-3] TRACE i.a.p.raft.roles.FollowerRole - RaftServer{3}{role=FOLLOWER} - Sending AppendResponse{status=OK, term=1, succeeded=true, lastLogIndex=21}
02:49:48.690 [raft-server-3] TRACE i.a.p.raft.roles.FollowerRole - RaftServer{3}{role=FOLLOWER} - Received AppendRequest{term=1, leader=1, prevLogIndex=21, prevLogTerm=1, entries=1, commitIndex=21}
02:49:48.690 [raft-server-3] TRACE i.a.p.raft.roles.FollowerRole - RaftServer{3}{role=FOLLOWER} - Appended Indexed{index=22, entry=CommandEntry{term=1, timestamp=2018-06-09 02:49:48,627, session=2, sequence=17, operation=PrimitiveOperation{id=DefaultOperationId{id=write, type=COMMAND}, value=byte[]{length=17, hash=-1644578928}}}}
02:49:48.690 [raft-server-3] TRACE i.a.p.raft.roles.FollowerRole - RaftServer{3}{role=FOLLOWER} - Sending AppendResponse{status=OK, term=1, succeeded=true, lastLogIndex=22}
02:49:48.690 [raft-server-3-state] TRACE i.a.p.raft.impl.RaftServiceManager - RaftServer{3} - Applying Indexed{index=21, entry=CommandEntry{term=1, timestamp=2018-06-09 02:49:48,082, session=2, sequence=16, operation=PrimitiveOperation{id=DefaultOperationId{id=write, type=COMMAND}, value=byte[]{length=17, hash=-1644578928}}}}
02:49:48.690 [raft-server-3-state] TRACE i.a.p.s.impl.DefaultServiceExecutor - PrimitiveService{2}{type=io.atomix.protocols.raft.RaftTest$TestPrimitiveType@2669790c, name=raft-test} - Executing DefaultCommit{index=21, session=RaftSession{RaftServiceContext{server=3, type=io.atomix.protocols.raft.RaftTest$TestPrimitiveType@2669790c, name=raft-test, id=2}, session=2, timestamp=2018-06-09 02:49:48,082}, time=2018-06-09 02:49:48,082, operation=DefaultOperationId{id=write, type=COMMAND}, value=byte[]{length=17, hash=-1644578928}}
02:49:48.767 [raft-server-1] TRACE i.a.p.raft.roles.LeaderAppender - RaftServer{1} - Received AppendResponse{status=OK, term=1, succeeded=true, lastLogIndex=21} from 3
02:49:48.767 [raft-server-1] TRACE i.a.p.raft.roles.LeaderAppender - RaftServer{1} - Received AppendResponse{status=OK, term=1, succeeded=true, lastLogIndex=22} from 3
02:49:48.767 [raft-server-1-state] TRACE i.a.p.raft.impl.RaftServiceManager - RaftServer{1} - Applying Indexed{index=22, entry=CommandEntry{term=1, timestamp=2018-06-09 02:49:48,627, session=2, sequence=17, operation=PrimitiveOperation{id=DefaultOperationId{id=write, type=COMMAND}, value=byte[]{length=17, hash=-1644578928}}}}
02:49:48.767 [raft-server-1-state] TRACE i.a.p.s.impl.DefaultServiceExecutor - PrimitiveService{2}{type=io.atomix.protocols.raft.RaftTest$TestPrimitiveType@2df83e7, name=raft-test} - Executing DefaultCommit{index=22, session=RaftSession{RaftServiceContext{server=1, type=io.atomix.protocols.raft.RaftTest$TestPrimitiveType@2df83e7, name=raft-test, id=2}, session=2, timestamp=2018-06-09 02:49:48,627}, time=2018-06-09 02:49:48,627, operation=DefaultOperationId{id=write, type=COMMAND}, value=byte[]{length=17, hash=-1644578928}}
02:49:48.767 [raft-server-1-state] TRACE i.a.protocols.raft.roles.LeaderRole - RaftServer{1}{role=LEADER} - Sending CommandResponse{status=OK, index=22, eventIndex=2, result=byte[]{length=2, hash=1284}}
02:49:48.768 [raft-server-2] TRACE i.a.p.raft.roles.FollowerRole - RaftServer{2}{role=FOLLOWER} - Sending CommandResponse{status=OK, index=22, eventIndex=2, result=byte[]{length=2, hash=1284}}
02:49:48.768 [raft-client-86eccf48-f731-4463-9ff4-1338804a1578-6] TRACE i.a.p.r.p.impl.RaftProxyConnection - SessionClient{2}{type=io.atomix.protocols.raft.RaftTest$TestPrimitiveType@35bfa1bb, name=raft-test} - Received CommandResponse{status=OK, index=22, eventIndex=2, result=byte[]{length=2, hash=1284}} from 2
02:49:48.768 [raft-client-86eccf48-f731-4463-9ff4-1338804a1578-6] TRACE i.a.p.r.p.impl.RaftProxySequencer - SessionClient{2}{type=io.atomix.protocols.raft.RaftTest$TestPrimitiveType@35bfa1bb, name=raft-test} - Completing response CommandResponse{status=OK, index=22, eventIndex=2, result=byte[]{length=2, hash=1284}}
02:49:48.768 [raft-client-86eccf48-f731-4463-9ff4-1338804a1578-6] TRACE i.a.p.r.p.impl.RaftProxyConnection - SessionClient{2}{type=io.atomix.protocols.raft.RaftTest$TestPrimitiveType@35bfa1bb, name=raft-test} - Sending CommandRequest{session=2, sequence=18, operation=PrimitiveOperation{id=DefaultOperationId{id=write, type=COMMAND}, value=byte[]{length=17, hash=-1644578928}}} to 2
02:49:48.768 [raft-server-2] TRACE i.a.p.raft.roles.FollowerRole - RaftServer{2}{role=FOLLOWER} - Received CommandRequest{session=2, sequence=18, operation=PrimitiveOperation{id=DefaultOperationId{id=write, type=COMMAND}, value=byte[]{length=17, hash=-1644578928}}}
02:49:48.768 [raft-server-1] TRACE i.a.protocols.raft.roles.LeaderRole - RaftServer{1}{role=LEADER} - Received CommandRequest{session=2, sequence=18, operation=PrimitiveOperation{id=DefaultOperationId{id=write, type=COMMAND}, value=byte[]{length=17, hash=-1644578928}}}
02:49:48.769 [raft-server-1] TRACE i.a.protocols.raft.roles.LeaderRole - RaftServer{1}{role=LEADER} - Appended Indexed{index=23, entry=CommandEntry{term=1, timestamp=2018-06-09 02:49:48,768, session=2, sequence=18, operation=PrimitiveOperation{id=DefaultOperationId{id=write, type=COMMAND}, value=byte[]{length=17, hash=-1644578928}}}}
02:49:48.769 [raft-server-1] TRACE i.a.p.raft.roles.LeaderAppender - RaftServer{1} - Sending AppendRequest{term=1, leader=1, prevLogIndex=22, prevLogTerm=1, entries=1, commitIndex=22} to 3
02:49:48.769 [raft-server-3] TRACE i.a.p.raft.roles.FollowerRole - RaftServer{3}{role=FOLLOWER} - Received AppendRequest{term=1, leader=1, prevLogIndex=22, prevLogTerm=1, entries=1, commitIndex=22}
02:49:48.769 [raft-server-1] TRACE i.a.p.raft.roles.LeaderAppender - RaftServer{1} - Sending AppendRequest{term=1, leader=1, prevLogIndex=22, prevLogTerm=1, entries=1, commitIndex=22} to 2
02:49:48.769 [raft-server-2] TRACE i.a.p.raft.roles.FollowerRole - RaftServer{2}{role=FOLLOWER} - Received AppendRequest{term=1, leader=1, prevLogIndex=22, prevLogTerm=1, entries=1, commitIndex=22}
02:49:48.769 [raft-server-3] TRACE i.a.p.raft.roles.FollowerRole - RaftServer{3}{role=FOLLOWER} - Appended Indexed{index=23, entry=CommandEntry{term=1, timestamp=2018-06-09 02:49:48,768, session=2, sequence=18, operation=PrimitiveOperation{id=DefaultOperationId{id=write, type=COMMAND}, value=byte[]{length=17, hash=-1644578928}}}}
02:49:48.769 [raft-server-2] TRACE i.a.p.raft.roles.FollowerRole - RaftServer{2}{role=FOLLOWER} - Appended Indexed{index=23, entry=CommandEntry{term=1, timestamp=2018-06-09 02:49:48,768, session=2, sequence=18, operation=PrimitiveOperation{id=DefaultOperationId{id=write, type=COMMAND}, value=byte[]{length=17, hash=-1644578928}}}}
02:49:48.876 [raft-server-2] TRACE i.a.p.raft.roles.FollowerRole - RaftServer{2}{role=FOLLOWER} - Committed entries up to index 22
02:49:48.876 [raft-server-3] TRACE i.a.p.raft.roles.FollowerRole - RaftServer{3}{role=FOLLOWER} - Committed entries up to index 22
02:49:48.876 [raft-server-2] TRACE i.a.p.raft.roles.FollowerRole - RaftServer{2}{role=FOLLOWER} - Sending AppendResponse{status=OK, term=1, succeeded=true, lastLogIndex=23}
02:49:48.876 [raft-server-3] TRACE i.a.p.raft.roles.FollowerRole - RaftServer{3}{role=FOLLOWER} - Sending AppendResponse{status=OK, term=1, succeeded=true, lastLogIndex=23}
02:49:48.876 [raft-server-1] TRACE i.a.p.raft.roles.LeaderAppender - RaftServer{1} - Received AppendResponse{status=OK, term=1, succeeded=true, lastLogIndex=23} from 2
02:49:48.876 [raft-server-2-state] TRACE i.a.p.raft.impl.RaftServiceManager - RaftServer{2} - Applying Indexed{index=22, entry=CommandEntry{term=1, timestamp=2018-06-09 02:49:48,627, session=2, sequence=17, operation=PrimitiveOperation{id=DefaultOperationId{id=write, type=COMMAND}, value=byte[]{length=17, hash=-1644578928}}}}
02:49:48.876 [raft-server-3-state] TRACE i.a.p.raft.impl.RaftServiceManager - RaftServer{3} - Applying Indexed{index=22, entry=CommandEntry{term=1, timestamp=2018-06-09 02:49:48,627, session=2, sequence=17, operation=PrimitiveOperation{id=DefaultOperationId{id=write, type=COMMAND}, value=byte[]{length=17, hash=-1644578928}}}}
02:49:48.876 [raft-server-1] TRACE i.a.p.raft.roles.LeaderAppender - RaftServer{1} - Committed entries up to 23
02:49:48.877 [raft-server-2-state] TRACE i.a.p.s.impl.DefaultServiceExecutor - PrimitiveService{2}{type=io.atomix.protocols.raft.RaftTest$TestPrimitiveType@10ad7eb5, name=raft-test} - Executing DefaultCommit{index=22, session=RaftSession{RaftServiceContext{server=2, type=io.atomix.protocols.raft.RaftTest$TestPrimitiveType@10ad7eb5, name=raft-test, id=2}, session=2, timestamp=2018-06-09 02:49:48,627}, time=2018-06-09 02:49:48,627, operation=DefaultOperationId{id=write, type=COMMAND}, value=byte[]{length=17, hash=-1644578928}}
02:49:48.877 [raft-server-3-state] TRACE i.a.p.s.impl.DefaultServiceExecutor - PrimitiveService{2}{type=io.atomix.protocols.raft.RaftTest$TestPrimitiveType@2669790c, name=raft-test} - Executing DefaultCommit{index=22, session=RaftSession{RaftServiceContext{server=3, type=io.atomix.protocols.raft.RaftTest$TestPrimitiveType@2669790c, name=raft-test, id=2}, session=2, timestamp=2018-06-09 02:49:48,627}, time=2018-06-09 02:49:48,627, operation=DefaultOperationId{id=write, type=COMMAND}, value=byte[]{length=17, hash=-1644578928}}
02:49:48.977 [raft-server-1] TRACE i.a.p.raft.roles.LeaderAppender - RaftServer{1} - Sending AppendRequest{term=1, leader=1, prevLogIndex=23, prevLogTerm=1, entries=0, commitIndex=23} to 2
02:49:48.977 [raft-server-1] TRACE i.a.p.raft.roles.LeaderAppender - RaftServer{1} - Received AppendResponse{status=OK, term=1, succeeded=true, lastLogIndex=23} from 3
02:49:48.977 [raft-server-2] TRACE i.a.p.raft.roles.FollowerRole - RaftServer{2}{role=FOLLOWER} - Received AppendRequest{term=1, leader=1, prevLogIndex=23, prevLogTerm=1, entries=0, commitIndex=23}
02:49:48.977 [raft-server-1] TRACE i.a.p.raft.roles.LeaderAppender - RaftServer{1} - Sending AppendRequest{term=1, leader=1, prevLogIndex=23, prevLogTerm=1, entries=0, commitIndex=23} to 3
02:49:48.977 [raft-server-3] TRACE i.a.p.raft.roles.FollowerRole - RaftServer{3}{role=FOLLOWER} - Received AppendRequest{term=1, leader=1, prevLogIndex=23, prevLogTerm=1, entries=0, commitIndex=23}
02:49:48.977 [raft-server-1-state] TRACE i.a.p.raft.impl.RaftServiceManager - RaftServer{1} - Applying Indexed{index=23, entry=CommandEntry{term=1, timestamp=2018-06-09 02:49:48,768, session=2, sequence=18, operation=PrimitiveOperation{id=DefaultOperationId{id=write, type=COMMAND}, value=byte[]{length=17, hash=-1644578928}}}}
02:49:48.977 [raft-server-1-state] TRACE i.a.p.s.impl.DefaultServiceExecutor - PrimitiveService{2}{type=io.atomix.protocols.raft.RaftTest$TestPrimitiveType@2df83e7, name=raft-test} - Executing DefaultCommit{index=23, session=RaftSession{RaftServiceContext{server=1, type=io.atomix.protocols.raft.RaftTest$TestPrimitiveType@2df83e7, name=raft-test, id=2}, session=2, timestamp=2018-06-09 02:49:48,768}, time=2018-06-09 02:49:48,768, operation=DefaultOperationId{id=write, type=COMMAND}, value=byte[]{length=17, hash=-1644578928}}
02:49:48.977 [raft-server-1-state] TRACE i.a.protocols.raft.roles.LeaderRole - RaftServer{1}{role=LEADER} - Sending CommandResponse{status=OK, index=23, eventIndex=2, result=byte[]{length=2, hash=1286}}
02:49:49.049 [raft-server-2] TRACE i.a.p.raft.roles.FollowerRole - RaftServer{2}{role=FOLLOWER} - Committed entries up to index 23
02:49:49.049 [raft-server-2] TRACE i.a.p.raft.roles.FollowerRole - RaftServer{2}{role=FOLLOWER} - Sending AppendResponse{status=OK, term=1, succeeded=true, lastLogIndex=23}
02:49:49.049 [raft-server-1] TRACE i.a.p.raft.roles.LeaderAppender - RaftServer{1} - Received AppendResponse{status=OK, term=1, succeeded=true, lastLogIndex=23} from 2
02:49:49.049 [raft-server-2] TRACE i.a.p.raft.roles.FollowerRole - RaftServer{2}{role=FOLLOWER} - Sending CommandResponse{status=OK, index=23, eventIndex=2, result=byte[]{length=2, hash=1286}}
02:49:49.049 [raft-client-86eccf48-f731-4463-9ff4-1338804a1578-0] TRACE i.a.p.r.p.impl.RaftProxyConnection - SessionClient{2}{type=io.atomix.protocols.raft.RaftTest$TestPrimitiveType@35bfa1bb, name=raft-test} - Received CommandResponse{status=OK, index=23, eventIndex=2, result=byte[]{length=2, hash=1286}} from 2
02:49:49.049 [raft-client-86eccf48-f731-4463-9ff4-1338804a1578-0] TRACE i.a.p.r.p.impl.RaftProxySequencer - SessionClient{2}{type=io.atomix.protocols.raft.RaftTest$TestPrimitiveType@35bfa1bb, name=raft-test} - Completing response CommandResponse{status=OK, index=23, eventIndex=2, result=byte[]{length=2, hash=1286}}
02:49:49.049 [raft-server-2-state] TRACE i.a.p.raft.impl.RaftServiceManager - RaftServer{2} - Applying Indexed{index=23, entry=CommandEntry{term=1, timestamp=2018-06-09 02:49:48,768, session=2, sequence=18, operation=PrimitiveOperation{id=DefaultOperationId{id=write, type=COMMAND}, value=byte[]{length=17, hash=-1644578928}}}}
02:49:49.049 [raft-server-2-state] TRACE i.a.p.s.impl.DefaultServiceExecutor - PrimitiveService{2}{type=io.atomix.protocols.raft.RaftTest$TestPrimitiveType@10ad7eb5, name=raft-test} - Executing DefaultCommit{index=23, session=RaftSession{RaftServiceContext{server=2, type=io.atomix.protocols.raft.RaftTest$TestPrimitiveType@10ad7eb5, name=raft-test, id=2}, session=2, timestamp=2018-06-09 02:49:48,768}, time=2018-06-09 02:49:48,768, operation=DefaultOperationId{id=write, type=COMMAND}, value=byte[]{length=17, hash=-1644578928}}
02:49:49.049 [raft-client-86eccf48-f731-4463-9ff4-1338804a1578-0] TRACE i.a.p.r.p.impl.RaftProxyConnection - SessionClient{2}{type=io.atomix.protocols.raft.RaftTest$TestPrimitiveType@35bfa1bb, name=raft-test} - Sending CommandRequest{session=2, sequence=19, operation=PrimitiveOperation{id=DefaultOperationId{id=write, type=COMMAND}, value=byte[]{length=17, hash=-1644578928}}} to 2
02:49:49.049 [raft-server-2] TRACE i.a.p.raft.roles.FollowerRole - RaftServer{2}{role=FOLLOWER} - Received CommandRequest{session=2, sequence=19, operation=PrimitiveOperation{id=DefaultOperationId{id=write, type=COMMAND}, value=byte[]{length=17, hash=-1644578928}}}
02:49:49.049 [raft-server-1] TRACE i.a.protocols.raft.roles.LeaderRole - RaftServer{1}{role=LEADER} - Received CommandRequest{session=2, sequence=19, operation=PrimitiveOperation{id=DefaultOperationId{id=write, type=COMMAND}, value=byte[]{length=17, hash=-1644578928}}}
02:49:49.050 [raft-server-1] TRACE i.a.protocols.raft.roles.LeaderRole - RaftServer{1}{role=LEADER} - Appended Indexed{index=24, entry=CommandEntry{term=1, timestamp=2018-06-09 02:49:49,050, session=2, sequence=19, operation=PrimitiveOperation{id=DefaultOperationId{id=write, type=COMMAND}, value=byte[]{length=17, hash=-1644578928}}}}
02:49:49.050 [raft-server-1] TRACE i.a.p.raft.roles.LeaderAppender - RaftServer{1} - Sending AppendRequest{term=1, leader=1, prevLogIndex=23, prevLogTerm=1, entries=1, commitIndex=23} to 3
02:49:49.050 [raft-server-1] TRACE i.a.p.raft.roles.LeaderAppender - RaftServer{1} - Sending AppendRequest{term=1, leader=1, prevLogIndex=23, prevLogTerm=1, entries=1, commitIndex=23} to 2
02:49:49.050 [raft-server-2] TRACE i.a.p.raft.roles.FollowerRole - RaftServer{2}{role=FOLLOWER} - Received AppendRequest{term=1, leader=1, prevLogIndex=23, prevLogTerm=1, entries=1, commitIndex=23}
02:49:49.050 [raft-server-2] TRACE i.a.p.raft.roles.FollowerRole - RaftServer{2}{role=FOLLOWER} - Appended Indexed{index=24, entry=CommandEntry{term=1, timestamp=2018-06-09 02:49:49,050, session=2, sequence=19, operation=PrimitiveOperation{id=DefaultOperationId{id=write, type=COMMAND}, value=byte[]{length=17, hash=-1644578928}}}}
02:49:49.050 [raft-server-2] TRACE i.a.p.raft.roles.FollowerRole - RaftServer{2}{role=FOLLOWER} - Sending AppendResponse{status=OK, term=1, succeeded=true, lastLogIndex=24}
02:49:49.050 [raft-server-1] TRACE i.a.p.raft.roles.LeaderAppender - RaftServer{1} - Received AppendResponse{status=OK, term=1, succeeded=true, lastLogIndex=24} from 2
02:49:49.051 [raft-server-1] TRACE i.a.p.raft.roles.LeaderAppender - RaftServer{1} - Committed entries up to 24
02:49:49.139 [raft-server-3] TRACE i.a.p.raft.roles.FollowerRole - RaftServer{3}{role=FOLLOWER} - Committed entries up to index 23
02:49:49.139 [raft-server-3] TRACE i.a.p.raft.roles.FollowerRole - RaftServer{3}{role=FOLLOWER} - Sending AppendResponse{status=OK, term=1, succeeded=true, lastLogIndex=23}
02:49:49.139 [raft-server-3] TRACE i.a.p.raft.roles.FollowerRole - RaftServer{3}{role=FOLLOWER} - Received AppendRequest{term=1, leader=1, prevLogIndex=23, prevLogTerm=1, entries=1, commitIndex=23}
02:49:49.139 [raft-server-3] TRACE i.a.p.raft.roles.FollowerRole - RaftServer{3}{role=FOLLOWER} - Appended Indexed{index=24, entry=CommandEntry{term=1, timestamp=2018-06-09 02:49:49,050, session=2, sequence=19, operation=PrimitiveOperation{id=DefaultOperationId{id=write, type=COMMAND}, value=byte[]{length=17, hash=-1644578928}}}}
02:49:49.139 [raft-server-3] TRACE i.a.p.raft.roles.FollowerRole - RaftServer{3}{role=FOLLOWER} - Sending AppendResponse{status=OK, term=1, succeeded=true, lastLogIndex=24}
02:49:49.139 [raft-server-3-state] TRACE i.a.p.raft.impl.RaftServiceManager - RaftServer{3} - Applying Indexed{index=23, entry=CommandEntry{term=1, timestamp=2018-06-09 02:49:48,768, session=2, sequence=18, operation=PrimitiveOperation{id=DefaultOperationId{id=write, type=COMMAND}, value=byte[]{length=17, hash=-1644578928}}}}
02:49:49.139 [raft-server-3-state] TRACE i.a.p.s.impl.DefaultServiceExecutor - PrimitiveService{2}{type=io.atomix.protocols.raft.RaftTest$TestPrimitiveType@2669790c, name=raft-test} - Executing DefaultCommit{index=23, session=RaftSession{RaftServiceContext{server=3, type=io.atomix.protocols.raft.RaftTest$TestPrimitiveType@2669790c, name=raft-test, id=2}, session=2, timestamp=2018-06-09 02:49:48,768}, time=2018-06-09 02:49:48,768, operation=DefaultOperationId{id=write, type=COMMAND}, value=byte[]{length=17, hash=-1644578928}}
02:49:49.209 [raft-server-1] TRACE i.a.p.raft.roles.LeaderAppender - RaftServer{1} - Sending AppendRequest{term=1, leader=1, prevLogIndex=24, prevLogTerm=1, entries=0, commitIndex=24} to 2
02:49:49.210 [raft-server-1] TRACE i.a.p.raft.roles.LeaderAppender - RaftServer{1} - Received AppendResponse{status=OK, term=1, succeeded=true, lastLogIndex=23} from 3
02:49:49.210 [raft-server-1] TRACE i.a.p.raft.roles.LeaderAppender - RaftServer{1} - Received AppendResponse{status=OK, term=1, succeeded=true, lastLogIndex=24} from 3
02:49:49.210 [raft-server-2] TRACE i.a.p.raft.roles.FollowerRole - RaftServer{2}{role=FOLLOWER} - Received AppendRequest{term=1, leader=1, prevLogIndex=24, prevLogTerm=1, entries=0, commitIndex=24}
02:49:49.210 [raft-server-1] TRACE i.a.p.raft.roles.LeaderAppender - RaftServer{1} - Sending AppendRequest{term=1, leader=1, prevLogIndex=24, prevLogTerm=1, entries=0, commitIndex=24} to 3
02:49:49.210 [raft-server-3] TRACE i.a.p.raft.roles.FollowerRole - RaftServer{3}{role=FOLLOWER} - Received AppendRequest{term=1, leader=1, prevLogIndex=24, prevLogTerm=1, entries=0, commitIndex=24}
02:49:49.210 [raft-server-1-state] TRACE i.a.p.raft.impl.RaftServiceManager - RaftServer{1} - Applying Indexed{index=24, entry=CommandEntry{term=1, timestamp=2018-06-09 02:49:49,050, session=2, sequence=19, operation=PrimitiveOperation{id=DefaultOperationId{id=write, type=COMMAND}, value=byte[]{length=17, hash=-1644578928}}}}
02:49:49.210 [raft-server-1-state] TRACE i.a.p.s.impl.DefaultServiceExecutor - PrimitiveService{2}{type=io.atomix.protocols.raft.RaftTest$TestPrimitiveType@2df83e7, name=raft-test} - Executing DefaultCommit{index=24, session=RaftSession{RaftServiceContext{server=1, type=io.atomix.protocols.raft.RaftTest$TestPrimitiveType@2df83e7, name=raft-test, id=2}, session=2, timestamp=2018-06-09 02:49:49,050}, time=2018-06-09 02:49:49,050, operation=DefaultOperationId{id=write, type=COMMAND}, value=byte[]{length=17, hash=-1644578928}}
02:49:49.210 [raft-server-1-state] TRACE i.a.protocols.raft.roles.LeaderRole - RaftServer{1}{role=LEADER} - Sending CommandResponse{status=OK, index=24, eventIndex=2, result=byte[]{length=2, hash=1288}}
02:49:49.307 [raft-server-2] TRACE i.a.p.raft.roles.FollowerRole - RaftServer{2}{role=FOLLOWER} - Committed entries up to index 24
02:49:49.307 [raft-server-2] TRACE i.a.p.raft.roles.FollowerRole - RaftServer{2}{role=FOLLOWER} - Sending AppendResponse{status=OK, term=1, succeeded=true, lastLogIndex=24}
02:49:49.307 [raft-server-3] TRACE i.a.p.raft.roles.FollowerRole - RaftServer{3}{role=FOLLOWER} - Committed entries up to index 24
02:49:49.307 [raft-server-2] TRACE i.a.p.raft.roles.FollowerRole - RaftServer{2}{role=FOLLOWER} - Sending CommandResponse{status=OK, index=24, eventIndex=2, result=byte[]{length=2, hash=1288}}
02:49:49.307 [raft-server-3] TRACE i.a.p.raft.roles.FollowerRole - RaftServer{3}{role=FOLLOWER} - Sending AppendResponse{status=OK, term=1, succeeded=true, lastLogIndex=24}
02:49:49.307 [raft-server-1] TRACE i.a.p.raft.roles.LeaderAppender - RaftServer{1} - Received AppendResponse{status=OK, term=1, succeeded=true, lastLogIndex=24} from 2
02:49:49.307 [raft-client-86eccf48-f731-4463-9ff4-1338804a1578-7] TRACE i.a.p.r.p.impl.RaftProxyConnection - SessionClient{2}{type=io.atomix.protocols.raft.RaftTest$TestPrimitiveType@35bfa1bb, name=raft-test} - Received CommandResponse{status=OK, index=24, eventIndex=2, result=byte[]{length=2, hash=1288}} from 2
02:49:49.307 [raft-server-2-state] TRACE i.a.p.raft.impl.RaftServiceManager - RaftServer{2} - Applying Indexed{index=24, entry=CommandEntry{term=1, timestamp=2018-06-09 02:49:49,050, session=2, sequence=19, operation=PrimitiveOperation{id=DefaultOperationId{id=write, type=COMMAND}, value=byte[]{length=17, hash=-1644578928}}}}
02:49:49.307 [raft-server-3-state] TRACE i.a.p.raft.impl.RaftServiceManager - RaftServer{3} - Applying Indexed{index=24, entry=CommandEntry{term=1, timestamp=2018-06-09 02:49:49,050, session=2, sequence=19, operation=PrimitiveOperation{id=DefaultOperationId{id=write, type=COMMAND}, value=byte[]{length=17, hash=-1644578928}}}}
02:49:49.307 [raft-client-86eccf48-f731-4463-9ff4-1338804a1578-7] TRACE i.a.p.r.p.impl.RaftProxySequencer - SessionClient{2}{type=io.atomix.protocols.raft.RaftTest$TestPrimitiveType@35bfa1bb, name=raft-test} - Completing response CommandResponse{status=OK, index=24, eventIndex=2, result=byte[]{length=2, hash=1288}}
02:49:49.307 [raft-server-1] TRACE i.a.p.raft.roles.LeaderAppender - RaftServer{1} - Sending AppendRequest{term=1, leader=1, prevLogIndex=24, prevLogTerm=1, entries=0, commitIndex=24} to 2
02:49:49.307 [raft-server-2-state] TRACE i.a.p.s.impl.DefaultServiceExecutor - PrimitiveService{2}{type=io.atomix.protocols.raft.RaftTest$TestPrimitiveType@10ad7eb5, name=raft-test} - Executing DefaultCommit{index=24, session=RaftSession{RaftServiceContext{server=2, type=io.atomix.protocols.raft.RaftTest$TestPrimitiveType@10ad7eb5, name=raft-test, id=2}, session=2, timestamp=2018-06-09 02:49:49,050}, time=2018-06-09 02:49:49,050, operation=DefaultOperationId{id=write, type=COMMAND}, value=byte[]{length=17, hash=-1644578928}}
02:49:49.307 [raft-server-3-state] TRACE i.a.p.s.impl.DefaultServiceExecutor - PrimitiveService{2}{type=io.atomix.protocols.raft.RaftTest$TestPrimitiveType@2669790c, name=raft-test} - Executing DefaultCommit{index=24, session=RaftSession{RaftServiceContext{server=3, type=io.atomix.protocols.raft.RaftTest$TestPrimitiveType@2669790c, name=raft-test, id=2}, session=2, timestamp=2018-06-09 02:49:49,050}, time=2018-06-09 02:49:49,050, operation=DefaultOperationId{id=write, type=COMMAND}, value=byte[]{length=17, hash=-1644578928}}
02:49:49.308 [raft-server-1] TRACE i.a.p.raft.roles.LeaderAppender - RaftServer{1} - Received AppendResponse{status=OK, term=1, succeeded=true, lastLogIndex=24} from 3
02:49:49.308 [raft-server-2] TRACE i.a.p.raft.roles.FollowerRole - RaftServer{2}{role=FOLLOWER} - Received AppendRequest{term=1, leader=1, prevLogIndex=24, prevLogTerm=1, entries=0, commitIndex=24}
02:49:49.308 [raft-client-86eccf48-f731-4463-9ff4-1338804a1578-4] TRACE i.a.p.r.p.impl.RaftProxyConnection - SessionClient{2}{type=io.atomix.protocols.raft.RaftTest$TestPrimitiveType@35bfa1bb, name=raft-test} - Sending CommandRequest{session=2, sequence=20, operation=PrimitiveOperation{id=DefaultOperationId{id=write, type=COMMAND}, value=byte[]{length=17, hash=-1644578928}}} to 2
02:49:49.308 [raft-server-2] TRACE i.a.p.raft.roles.FollowerRole - RaftServer{2}{role=FOLLOWER} - Sending AppendResponse{status=OK, term=1, succeeded=true, lastLogIndex=24}
02:49:49.308 [raft-server-1] TRACE i.a.p.raft.roles.LeaderAppender - RaftServer{1} - Received AppendResponse{status=OK, term=1, succeeded=true, lastLogIndex=24} from 2
02:49:49.308 [raft-server-2] TRACE i.a.p.raft.roles.FollowerRole - RaftServer{2}{role=FOLLOWER} - Received CommandRequest{session=2, sequence=20, operation=PrimitiveOperation{id=DefaultOperationId{id=write, type=COMMAND}, value=byte[]{length=17, hash=-1644578928}}}
02:49:49.308 [raft-server-1] TRACE i.a.protocols.raft.roles.LeaderRole - RaftServer{1}{role=LEADER} - Received CommandRequest{session=2, sequence=20, operation=PrimitiveOperation{id=DefaultOperationId{id=write, type=COMMAND}, value=byte[]{length=17, hash=-1644578928}}}
02:49:49.308 [raft-server-1] TRACE i.a.protocols.raft.roles.LeaderRole - RaftServer{1}{role=LEADER} - Appended Indexed{index=25, entry=CommandEntry{term=1, timestamp=2018-06-09 02:49:49,308, session=2, sequence=20, operation=PrimitiveOperation{id=DefaultOperationId{id=write, type=COMMAND}, value=byte[]{length=17, hash=-1644578928}}}}
02:49:49.308 [raft-server-1] TRACE i.a.p.raft.roles.LeaderAppender - RaftServer{1} - Sending AppendRequest{term=1, leader=1, prevLogIndex=24, prevLogTerm=1, entries=1, commitIndex=24} to 3
02:49:49.308 [raft-server-3] TRACE i.a.p.raft.roles.FollowerRole - RaftServer{3}{role=FOLLOWER} - Received AppendRequest{term=1, leader=1, prevLogIndex=24, prevLogTerm=1, entries=1, commitIndex=24}
02:49:49.309 [raft-server-1] TRACE i.a.p.raft.roles.LeaderAppender - RaftServer{1} - Sending AppendRequest{term=1, leader=1, prevLogIndex=24, prevLogTerm=1, entries=1, commitIndex=24} to 2
02:49:49.309 [raft-server-2] TRACE i.a.p.raft.roles.FollowerRole - RaftServer{2}{role=FOLLOWER} - Received AppendRequest{term=1, leader=1, prevLogIndex=24, prevLogTerm=1, entries=1, commitIndex=24}
02:49:49.309 [raft-server-3] TRACE i.a.p.raft.roles.FollowerRole - RaftServer{3}{role=FOLLOWER} - Appended Indexed{index=25, entry=CommandEntry{term=1, timestamp=2018-06-09 02:49:49,308, session=2, sequence=20, operation=PrimitiveOperation{id=DefaultOperationId{id=write, type=COMMAND}, value=byte[]{length=17, hash=-1644578928}}}}
02:49:49.309 [raft-server-3] TRACE i.a.p.raft.roles.FollowerRole - RaftServer{3}{role=FOLLOWER} - Sending AppendResponse{status=OK, term=1, succeeded=true, lastLogIndex=25}
02:49:49.309 [raft-server-2] TRACE i.a.p.raft.roles.FollowerRole - RaftServer{2}{role=FOLLOWER} - Appended Indexed{index=25, entry=CommandEntry{term=1, timestamp=2018-06-09 02:49:49,308, session=2, sequence=20, operation=PrimitiveOperation{id=DefaultOperationId{id=write, type=COMMAND}, value=byte[]{length=17, hash=-1644578928}}}}
02:49:49.309 [raft-server-1] TRACE i.a.p.raft.roles.LeaderAppender - RaftServer{1} - Received AppendResponse{status=OK, term=1, succeeded=true, lastLogIndex=25} from 3
02:49:49.309 [raft-server-2] TRACE i.a.p.raft.roles.FollowerRole - RaftServer{2}{role=FOLLOWER} - Sending AppendResponse{status=OK, term=1, succeeded=true, lastLogIndex=25}
02:49:49.309 [raft-server-1] TRACE i.a.p.raft.roles.LeaderAppender - RaftServer{1} - Committed entries up to 25
02:49:49.391 [raft-server-1] TRACE i.a.p.raft.roles.LeaderAppender - RaftServer{1} - Received AppendResponse{status=OK, term=1, succeeded=true, lastLogIndex=25} from 2
02:49:49.391 [raft-server-1] TRACE i.a.p.raft.roles.LeaderAppender - RaftServer{1} - Sending AppendRequest{term=1, leader=1, prevLogIndex=25, prevLogTerm=1, entries=0, commitIndex=25} to 3
02:49:49.392 [raft-server-1] TRACE i.a.p.raft.roles.LeaderAppender - RaftServer{1} - Sending AppendRequest{term=1, leader=1, prevLogIndex=25, prevLogTerm=1, entries=0, commitIndex=25} to 2
02:49:49.392 [raft-server-3] TRACE i.a.p.raft.roles.FollowerRole - RaftServer{3}{role=FOLLOWER} - Received AppendRequest{term=1, leader=1, prevLogIndex=25, prevLogTerm=1, entries=0, commitIndex=25}
02:49:49.392 [raft-server-2] TRACE i.a.p.raft.roles.FollowerRole - RaftServer{2}{role=FOLLOWER} - Received AppendRequest{term=1, leader=1, prevLogIndex=25, prevLogTerm=1, entries=0, commitIndex=25}
02:49:49.392 [raft-server-1-state] TRACE i.a.p.raft.impl.RaftServiceManager - RaftServer{1} - Applying Indexed{index=25, entry=CommandEntry{term=1, timestamp=2018-06-09 02:49:49,308, session=2, sequence=20, operation=PrimitiveOperation{id=DefaultOperationId{id=write, type=COMMAND}, value=byte[]{length=17, hash=-1644578928}}}}
02:49:49.392 [raft-server-1-state] TRACE i.a.p.s.impl.DefaultServiceExecutor - PrimitiveService{2}{type=io.atomix.protocols.raft.RaftTest$TestPrimitiveType@2df83e7, name=raft-test} - Executing DefaultCommit{index=25, session=RaftSession{RaftServiceContext{server=1, type=io.atomix.protocols.raft.RaftTest$TestPrimitiveType@2df83e7, name=raft-test, id=2}, session=2, timestamp=2018-06-09 02:49:49,308}, time=2018-06-09 02:49:49,308, operation=DefaultOperationId{id=write, type=COMMAND}, value=byte[]{length=17, hash=-1644578928}}
02:49:49.392 [raft-server-1-state] TRACE i.a.protocols.raft.roles.LeaderRole - RaftServer{1}{role=LEADER} - Sending CommandResponse{status=OK, index=25, eventIndex=2, result=byte[]{length=2, hash=1290}}
02:49:49.498 [raft-server-3] TRACE i.a.p.raft.roles.FollowerRole - RaftServer{3}{role=FOLLOWER} - Committed entries up to index 25
02:49:49.498 [raft-server-2] TRACE i.a.p.raft.roles.FollowerRole - RaftServer{2}{role=FOLLOWER} - Committed entries up to index 25
02:49:49.498 [raft-server-3] TRACE i.a.p.raft.roles.FollowerRole - RaftServer{3}{role=FOLLOWER} - Sending AppendResponse{status=OK, term=1, succeeded=true, lastLogIndex=25}
02:49:49.498 [raft-server-2] TRACE i.a.p.raft.roles.FollowerRole - RaftServer{2}{role=FOLLOWER} - Sending AppendResponse{status=OK, term=1, succeeded=true, lastLogIndex=25}
02:49:49.498 [raft-server-1] TRACE i.a.p.raft.roles.LeaderAppender - RaftServer{1} - Received AppendResponse{status=OK, term=1, succeeded=true, lastLogIndex=25} from 3
02:49:49.499 [raft-server-2] TRACE i.a.p.raft.roles.FollowerRole - RaftServer{2}{role=FOLLOWER} - Sending CommandResponse{status=OK, index=25, eventIndex=2, result=byte[]{length=2, hash=1290}}
02:49:49.499 [raft-server-3-state] TRACE i.a.p.raft.impl.RaftServiceManager - RaftServer{3} - Applying Indexed{index=25, entry=CommandEntry{term=1, timestamp=2018-06-09 02:49:49,308, session=2, sequence=20, operation=PrimitiveOperation{id=DefaultOperationId{id=write, type=COMMAND}, value=byte[]{length=17, hash=-1644578928}}}}
02:49:49.499 [raft-server-1] TRACE i.a.p.raft.roles.LeaderAppender - RaftServer{1} - Sending AppendRequest{term=1, leader=1, prevLogIndex=25, prevLogTerm=1, entries=0, commitIndex=25} to 3
02:49:49.499 [raft-client-86eccf48-f731-4463-9ff4-1338804a1578-6] TRACE i.a.p.r.p.impl.RaftProxyConnection - SessionClient{2}{type=io.atomix.protocols.raft.RaftTest$TestPrimitiveType@35bfa1bb, name=raft-test} - Received CommandResponse{status=OK, index=25, eventIndex=2, result=byte[]{length=2, hash=1290}} from 2
02:49:49.499 [raft-server-3-state] TRACE i.a.p.s.impl.DefaultServiceExecutor - PrimitiveService{2}{type=io.atomix.protocols.raft.RaftTest$TestPrimitiveType@2669790c, name=raft-test} - Executing DefaultCommit{index=25, session=RaftSession{RaftServiceContext{server=3, type=io.atomix.protocols.raft.RaftTest$TestPrimitiveType@2669790c, name=raft-test, id=2}, session=2, timestamp=2018-06-09 02:49:49,308}, time=2018-06-09 02:49:49,308, operation=DefaultOperationId{id=write, type=COMMAND}, value=byte[]{length=17, hash=-1644578928}}
02:49:49.499 [raft-server-2-state] TRACE i.a.p.raft.impl.RaftServiceManager - RaftServer{2} - Applying Indexed{index=25, entry=CommandEntry{term=1, timestamp=2018-06-09 02:49:49,308, session=2, sequence=20, operation=PrimitiveOperation{id=DefaultOperationId{id=write, type=COMMAND}, value=byte[]{length=17, hash=-1644578928}}}}
02:49:49.499 [raft-server-1] TRACE i.a.p.raft.roles.LeaderAppender - RaftServer{1} - Received AppendResponse{status=OK, term=1, succeeded=true, lastLogIndex=25} from 2
02:49:49.499 [raft-client-86eccf48-f731-4463-9ff4-1338804a1578-6] TRACE i.a.p.r.p.impl.RaftProxySequencer - SessionClient{2}{type=io.atomix.protocols.raft.RaftTest$TestPrimitiveType@35bfa1bb, name=raft-test} - Completing response CommandResponse{status=OK, index=25, eventIndex=2, result=byte[]{length=2, hash=1290}}
02:49:49.499 [raft-server-3] TRACE i.a.p.raft.roles.FollowerRole - RaftServer{3}{role=FOLLOWER} - Received AppendRequest{term=1, leader=1, prevLogIndex=25, prevLogTerm=1, entries=0, commitIndex=25}
02:49:49.499 [raft-server-2-state] TRACE i.a.p.s.impl.DefaultServiceExecutor - PrimitiveService{2}{type=io.atomix.protocols.raft.RaftTest$TestPrimitiveType@10ad7eb5, name=raft-test} - Executing DefaultCommit{index=25, session=RaftSession{RaftServiceContext{server=2, type=io.atomix.protocols.raft.RaftTest$TestPrimitiveType@10ad7eb5, name=raft-test, id=2}, session=2, timestamp=2018-06-09 02:49:49,308}, time=2018-06-09 02:49:49,308, operation=DefaultOperationId{id=write, type=COMMAND}, value=byte[]{length=17, hash=-1644578928}}
02:49:49.499 [raft-server-3] TRACE i.a.p.raft.roles.FollowerRole - RaftServer{3}{role=FOLLOWER} - Sending AppendResponse{status=OK, term=1, succeeded=true, lastLogIndex=25}
02:49:49.500 [raft-server-1] TRACE i.a.p.raft.roles.LeaderAppender - RaftServer{1} - Received AppendResponse{status=OK, term=1, succeeded=true, lastLogIndex=25} from 3
02:49:49.500 [raft-client-86eccf48-f731-4463-9ff4-1338804a1578-3] TRACE i.a.p.r.p.impl.RaftProxyConnection - SessionClient{2}{type=io.atomix.protocols.raft.RaftTest$TestPrimitiveType@35bfa1bb, name=raft-test} - Sending CommandRequest{session=2, sequence=21, operation=PrimitiveOperation{id=DefaultOperationId{id=write, type=COMMAND}, value=byte[]{length=17, hash=-1644578928}}} to 2
02:49:49.500 [raft-server-2] TRACE i.a.p.raft.roles.FollowerRole - RaftServer{2}{role=FOLLOWER} - Received CommandRequest{session=2, sequence=21, operation=PrimitiveOperation{id=DefaultOperationId{id=write, type=COMMAND}, value=byte[]{length=17, hash=-1644578928}}}
02:49:49.500 [raft-server-1] TRACE i.a.protocols.raft.roles.LeaderRole - RaftServer{1}{role=LEADER} - Received CommandRequest{session=2, sequence=21, operation=PrimitiveOperation{id=DefaultOperationId{id=write, type=COMMAND}, value=byte[]{length=17, hash=-1644578928}}}
02:49:49.500 [raft-server-1] TRACE i.a.protocols.raft.roles.LeaderRole - RaftServer{1}{role=LEADER} - Appended Indexed{index=26, entry=CommandEntry{term=1, timestamp=2018-06-09 02:49:49,500, session=2, sequence=21, operation=PrimitiveOperation{id=DefaultOperationId{id=write, type=COMMAND}, value=byte[]{length=17, hash=-1644578928}}}}
02:49:49.500 [raft-server-1] TRACE i.a.p.raft.roles.LeaderAppender - RaftServer{1} - Sending AppendRequest{term=1, leader=1, prevLogIndex=25, prevLogTerm=1, entries=1, commitIndex=25} to 3
02:49:49.500 [raft-server-3] TRACE i.a.p.raft.roles.FollowerRole - RaftServer{3}{role=FOLLOWER} - Received AppendRequest{term=1, leader=1, prevLogIndex=25, prevLogTerm=1, entries=1, commitIndex=25}
02:49:49.500 [raft-server-1] TRACE i.a.p.raft.roles.LeaderAppender - RaftServer{1} - Sending AppendRequest{term=1, leader=1, prevLogIndex=25, prevLogTerm=1, entries=1, commitIndex=25} to 2
02:49:49.500 [raft-server-2] TRACE i.a.p.raft.roles.FollowerRole - RaftServer{2}{role=FOLLOWER} - Received AppendRequest{term=1, leader=1, prevLogIndex=25, prevLogTerm=1, entries=1, commitIndex=25}
02:49:49.500 [raft-server-3] TRACE i.a.p.raft.roles.FollowerRole - RaftServer{3}{role=FOLLOWER} - Appended Indexed{index=26, entry=CommandEntry{term=1, timestamp=2018-06-09 02:49:49,500, session=2, sequence=21, operation=PrimitiveOperation{id=DefaultOperationId{id=write, type=COMMAND}, value=byte[]{length=17, hash=-1644578928}}}}
02:49:49.500 [raft-server-3] TRACE i.a.p.raft.roles.FollowerRole - RaftServer{3}{role=FOLLOWER} - Sending AppendResponse{status=OK, term=1, succeeded=true, lastLogIndex=26}
02:49:49.501 [raft-server-1] TRACE i.a.p.raft.roles.LeaderAppender - RaftServer{1} - Received AppendResponse{status=OK, term=1, succeeded=true, lastLogIndex=26} from 3
02:49:49.501 [raft-server-2] TRACE i.a.p.raft.roles.FollowerRole - RaftServer{2}{role=FOLLOWER} - Appended Indexed{index=26, entry=CommandEntry{term=1, timestamp=2018-06-09 02:49:49,500, session=2, sequence=21, operation=PrimitiveOperation{id=DefaultOperationId{id=write, type=COMMAND}, value=byte[]{length=17, hash=-1644578928}}}}
02:49:49.501 [raft-server-1] TRACE i.a.p.raft.roles.LeaderAppender - RaftServer{1} - Committed entries up to 26
02:49:49.501 [raft-server-2] TRACE i.a.p.raft.roles.FollowerRole - RaftServer{2}{role=FOLLOWER} - Sending AppendResponse{status=OK, term=1, succeeded=true, lastLogIndex=26}
02:49:49.559 [raft-client-86eccf48-f731-4463-9ff4-1338804a1578-0] TRACE i.a.p.r.proxy.impl.RaftProxyManager - RaftClient{86eccf48-f731-4463-9ff4-1338804a1578} - Keeping 1 sessions alive
02:49:49.559 [raft-client-86eccf48-f731-4463-9ff4-1338804a1578-0] TRACE i.a.p.r.p.impl.RaftProxyConnection - RaftClient{86eccf48-f731-4463-9ff4-1338804a1578} - Sending KeepAliveRequest{sessionIds=long[]{length=1, hash=33}, commandSequences=long[]{length=1, hash=51}, eventIndexes=long[]{length=1, hash=33}} to 3
02:49:49.559 [raft-server-3] TRACE i.a.p.raft.roles.FollowerRole - RaftServer{3}{role=FOLLOWER} - Received KeepAliveRequest{sessionIds=long[]{length=1, hash=33}, commandSequences=long[]{length=1, hash=51}, eventIndexes=long[]{length=1, hash=33}}
02:49:49.581 [raft-server-1] TRACE i.a.p.raft.roles.LeaderAppender - RaftServer{1} - Received AppendResponse{status=OK, term=1, succeeded=true, lastLogIndex=26} from 2
02:49:49.582 [raft-server-1] TRACE i.a.protocols.raft.roles.LeaderRole - RaftServer{1}{role=LEADER} - Received KeepAliveRequest{sessionIds=long[]{length=1, hash=33}, commandSequences=long[]{length=1, hash=51}, eventIndexes=long[]{length=1, hash=33}}
02:49:49.582 [raft-server-1] TRACE i.a.protocols.raft.roles.LeaderRole - RaftServer{1}{role=LEADER} - Appended Indexed{index=27, entry=KeepAliveEntry{term=1, timestamp=2018-06-09 02:49:49,582, sessionIds=long[]{length=1, hash=33}, commandSequences=long[]{length=1, hash=51}, eventIndexes=long[]{length=1, hash=33}}}
02:49:49.582 [raft-server-1-state] TRACE i.a.p.raft.impl.RaftServiceManager - RaftServer{1} - Applying Indexed{index=26, entry=CommandEntry{term=1, timestamp=2018-06-09 02:49:49,500, session=2, sequence=21, operation=PrimitiveOperation{id=DefaultOperationId{id=write, type=COMMAND}, value=byte[]{length=17, hash=-1644578928}}}}
02:49:49.582 [raft-server-1] TRACE i.a.p.raft.roles.LeaderAppender - RaftServer{1} - Sending AppendRequest{term=1, leader=1, prevLogIndex=26, prevLogTerm=1, entries=1, commitIndex=26} to 3
02:49:49.582 [raft-server-1-state] TRACE i.a.p.s.impl.DefaultServiceExecutor - PrimitiveService{2}{type=io.atomix.protocols.raft.RaftTest$TestPrimitiveType@2df83e7, name=raft-test} - Executing DefaultCommit{index=26, session=RaftSession{RaftServiceContext{server=1, type=io.atomix.protocols.raft.RaftTest$TestPrimitiveType@2df83e7, name=raft-test, id=2}, session=2, timestamp=2018-06-09 02:49:49,500}, time=2018-06-09 02:49:49,500, operation=DefaultOperationId{id=write, type=COMMAND}, value=byte[]{length=17, hash=-1644578928}}
02:49:49.582 [raft-server-3] TRACE i.a.p.raft.roles.FollowerRole - RaftServer{3}{role=FOLLOWER} - Received AppendRequest{term=1, leader=1, prevLogIndex=26, prevLogTerm=1, entries=1, commitIndex=26}
02:49:49.582 [raft-server-1] TRACE i.a.p.raft.roles.LeaderAppender - RaftServer{1} - Sending AppendRequest{term=1, leader=1, prevLogIndex=26, prevLogTerm=1, entries=1, commitIndex=26} to 2
02:49:49.582 [raft-server-1-state] TRACE i.a.protocols.raft.roles.LeaderRole - RaftServer{1}{role=LEADER} - Sending CommandResponse{status=OK, index=26, eventIndex=2, result=byte[]{length=2, hash=1292}}
02:49:49.582 [raft-server-2] TRACE i.a.p.raft.roles.FollowerRole - RaftServer{2}{role=FOLLOWER} - Received AppendRequest{term=1, leader=1, prevLogIndex=26, prevLogTerm=1, entries=1, commitIndex=26}
02:49:49.582 [raft-server-3] TRACE i.a.p.raft.roles.FollowerRole - RaftServer{3}{role=FOLLOWER} - Appended Indexed{index=27, entry=KeepAliveEntry{term=1, timestamp=2018-06-09 02:49:49,582, sessionIds=long[]{length=1, hash=33}, commandSequences=long[]{length=1, hash=51}, eventIndexes=long[]{length=1, hash=33}}}
02:49:49.583 [raft-server-2] TRACE i.a.p.raft.roles.FollowerRole - RaftServer{2}{role=FOLLOWER} - Appended Indexed{index=27, entry=KeepAliveEntry{term=1, timestamp=2018-06-09 02:49:49,582, sessionIds=long[]{length=1, hash=33}, commandSequences=long[]{length=1, hash=51}, eventIndexes=long[]{length=1, hash=33}}}
02:49:49.673 [raft-server-3] TRACE i.a.p.raft.roles.FollowerRole - RaftServer{3}{role=FOLLOWER} - Committed entries up to index 26
02:49:49.673 [raft-server-2] TRACE i.a.p.raft.roles.FollowerRole - RaftServer{2}{role=FOLLOWER} - Committed entries up to index 26
02:49:49.673 [raft-server-3] TRACE i.a.p.raft.roles.FollowerRole - RaftServer{3}{role=FOLLOWER} - Sending AppendResponse{status=OK, term=1, succeeded=true, lastLogIndex=27}
02:49:49.673 [raft-server-2] TRACE i.a.p.raft.roles.FollowerRole - RaftServer{2}{role=FOLLOWER} - Sending AppendResponse{status=OK, term=1, succeeded=true, lastLogIndex=27}
02:49:49.673 [raft-server-1] TRACE i.a.p.raft.roles.LeaderAppender - RaftServer{1} - Received AppendResponse{status=OK, term=1, succeeded=true, lastLogIndex=27} from 3
02:49:49.673 [raft-server-3-state] TRACE i.a.p.raft.impl.RaftServiceManager - RaftServer{3} - Applying Indexed{index=26, entry=CommandEntry{term=1, timestamp=2018-06-09 02:49:49,500, session=2, sequence=21, operation=PrimitiveOperation{id=DefaultOperationId{id=write, type=COMMAND}, value=byte[]{length=17, hash=-1644578928}}}}
02:49:49.673 [raft-server-2] TRACE i.a.p.raft.roles.FollowerRole - RaftServer{2}{role=FOLLOWER} - Sending CommandResponse{status=OK, index=26, eventIndex=2, result=byte[]{length=2, hash=1292}}
02:49:49.674 [raft-server-1] TRACE i.a.p.raft.roles.LeaderAppender - RaftServer{1} - Committed entries up to 27
02:49:49.674 [raft-server-3-state] TRACE i.a.p.s.impl.DefaultServiceExecutor - PrimitiveService{2}{type=io.atomix.protocols.raft.RaftTest$TestPrimitiveType@2669790c, name=raft-test} - Executing DefaultCommit{index=26, session=RaftSession{RaftServiceContext{server=3, type=io.atomix.protocols.raft.RaftTest$TestPrimitiveType@2669790c, name=raft-test, id=2}, session=2, timestamp=2018-06-09 02:49:49,500}, time=2018-06-09 02:49:49,500, operation=DefaultOperationId{id=write, type=COMMAND}, value=byte[]{length=17, hash=-1644578928}}
02:49:49.674 [raft-client-86eccf48-f731-4463-9ff4-1338804a1578-5] TRACE i.a.p.r.p.impl.RaftProxyConnection - SessionClient{2}{type=io.atomix.protocols.raft.RaftTest$TestPrimitiveType@35bfa1bb, name=raft-test} - Received CommandResponse{status=OK, index=26, eventIndex=2, result=byte[]{length=2, hash=1292}} from 2
02:49:49.674 [raft-server-2-state] TRACE i.a.p.raft.impl.RaftServiceManager - RaftServer{2} - Applying Indexed{index=26, entry=CommandEntry{term=1, timestamp=2018-06-09 02:49:49,500, session=2, sequence=21, operation=PrimitiveOperation{id=DefaultOperationId{id=write, type=COMMAND}, value=byte[]{length=17, hash=-1644578928}}}}
02:49:49.674 [raft-client-86eccf48-f731-4463-9ff4-1338804a1578-5] TRACE i.a.p.r.p.impl.RaftProxySequencer - SessionClient{2}{type=io.atomix.protocols.raft.RaftTest$TestPrimitiveType@35bfa1bb, name=raft-test} - Completing response CommandResponse{status=OK, index=26, eventIndex=2, result=byte[]{length=2, hash=1292}}
02:49:49.674 [raft-server-2-state] TRACE i.a.p.s.impl.DefaultServiceExecutor - PrimitiveService{2}{type=io.atomix.protocols.raft.RaftTest$TestPrimitiveType@10ad7eb5, name=raft-test} - Executing DefaultCommit{index=26, session=RaftSession{RaftServiceContext{server=2, type=io.atomix.protocols.raft.RaftTest$TestPrimitiveType@10ad7eb5, name=raft-test, id=2}, session=2, timestamp=2018-06-09 02:49:49,500}, time=2018-06-09 02:49:49,500, operation=DefaultOperationId{id=write, type=COMMAND}, value=byte[]{length=17, hash=-1644578928}}
02:49:49.674 [raft-client-86eccf48-f731-4463-9ff4-1338804a1578-3] TRACE i.a.p.r.p.impl.RaftProxyConnection - SessionClient{2}{type=io.atomix.protocols.raft.RaftTest$TestPrimitiveType@35bfa1bb, name=raft-test} - Sending CommandRequest{session=2, sequence=22, operation=PrimitiveOperation{id=DefaultOperationId{id=write, type=COMMAND}, value=byte[]{length=17, hash=-1644578928}}} to 2
02:49:49.674 [raft-server-2] TRACE i.a.p.raft.roles.FollowerRole - RaftServer{2}{role=FOLLOWER} - Received CommandRequest{session=2, sequence=22, operation=PrimitiveOperation{id=DefaultOperationId{id=write, type=COMMAND}, value=byte[]{length=17, hash=-1644578928}}}
02:49:49.763 [raft-server-1] TRACE i.a.p.raft.roles.LeaderAppender - RaftServer{1} - Sending AppendRequest{term=1, leader=1, prevLogIndex=27, prevLogTerm=1, entries=0, commitIndex=27} to 3
02:49:49.763 [raft-server-1] TRACE i.a.p.raft.roles.LeaderAppender - RaftServer{1} - Received AppendResponse{status=OK, term=1, succeeded=true, lastLogIndex=27} from 2
02:49:49.763 [raft-server-3] TRACE i.a.p.raft.roles.FollowerRole - RaftServer{3}{role=FOLLOWER} - Received AppendRequest{term=1, leader=1, prevLogIndex=27, prevLogTerm=1, entries=0, commitIndex=27}
02:49:49.763 [raft-server-1] TRACE i.a.p.raft.roles.LeaderAppender - RaftServer{1} - Sending AppendRequest{term=1, leader=1, prevLogIndex=27, prevLogTerm=1, entries=0, commitIndex=27} to 2
02:49:49.763 [raft-server-2] TRACE i.a.p.raft.roles.FollowerRole - RaftServer{2}{role=FOLLOWER} - Received AppendRequest{term=1, leader=1, prevLogIndex=27, prevLogTerm=1, entries=0, commitIndex=27}
02:49:49.763 [raft-server-1] TRACE i.a.protocols.raft.roles.LeaderRole - RaftServer{1}{role=LEADER} - Received CommandRequest{session=2, sequence=22, operation=PrimitiveOperation{id=DefaultOperationId{id=write, type=COMMAND}, value=byte[]{length=17, hash=-1644578928}}}
02:49:49.763 [raft-server-1] TRACE i.a.protocols.raft.roles.LeaderRole - RaftServer{1}{role=LEADER} - Appended Indexed{index=28, entry=CommandEntry{term=1, timestamp=2018-06-09 02:49:49,763, session=2, sequence=22, operation=PrimitiveOperation{id=DefaultOperationId{id=write, type=COMMAND}, value=byte[]{length=17, hash=-1644578928}}}}
02:49:49.764 [raft-server-1-state] TRACE i.a.p.raft.impl.RaftServiceManager - RaftServer{1} - Applying Indexed{index=27, entry=KeepAliveEntry{term=1, timestamp=2018-06-09 02:49:49,582, sessionIds=long[]{length=1, hash=33}, commandSequences=long[]{length=1, hash=51}, eventIndexes=long[]{length=1, hash=33}}}
02:49:49.764 [raft-server-1] TRACE i.a.protocols.raft.roles.LeaderRole - RaftServer{1}{role=LEADER} - Sending KeepAliveResponse{status=OK, leader=1, members=[1, 3, 2], sessionIds=long[]{length=1, hash=33}}
02:49:49.831 [raft-server-3] TRACE i.a.p.raft.roles.FollowerRole - RaftServer{3}{role=FOLLOWER} - Committed entries up to index 27
02:49:49.831 [raft-server-2] TRACE i.a.p.raft.roles.FollowerRole - RaftServer{2}{role=FOLLOWER} - Committed entries up to index 27
02:49:49.831 [raft-server-3] TRACE i.a.p.raft.roles.FollowerRole - RaftServer{3}{role=FOLLOWER} - Sending AppendResponse{status=OK, term=1, succeeded=true, lastLogIndex=27}
02:49:49.832 [raft-server-2] TRACE i.a.p.raft.roles.FollowerRole - RaftServer{2}{role=FOLLOWER} - Sending AppendResponse{status=OK, term=1, succeeded=true, lastLogIndex=27}
02:49:49.832 [raft-server-3] TRACE i.a.p.raft.roles.FollowerRole - RaftServer{3}{role=FOLLOWER} - Sending KeepAliveResponse{status=OK, leader=1, members=[1, 3, 2], sessionIds=long[]{length=1, hash=33}}
02:49:49.832 [raft-server-1] TRACE i.a.p.raft.roles.LeaderAppender - RaftServer{1} - Received AppendResponse{status=OK, term=1, succeeded=true, lastLogIndex=27} from 3
02:49:49.832 [raft-server-2-state] TRACE i.a.p.raft.impl.RaftServiceManager - RaftServer{2} - Applying Indexed{index=27, entry=KeepAliveEntry{term=1, timestamp=2018-06-09 02:49:49,582, sessionIds=long[]{length=1, hash=33}, commandSequences=long[]{length=1, hash=51}, eventIndexes=long[]{length=1, hash=33}}}
02:49:49.832 [raft-client-86eccf48-f731-4463-9ff4-1338804a1578-1] TRACE i.a.p.r.p.impl.RaftProxyConnection - RaftClient{86eccf48-f731-4463-9ff4-1338804a1578} - Received KeepAliveResponse{status=OK, leader=1, members=[1, 3, 2], sessionIds=long[]{length=1, hash=33}} from 3
02:49:49.832 [raft-server-3-state] TRACE i.a.p.raft.impl.RaftServiceManager - RaftServer{3} - Applying Indexed{index=27, entry=KeepAliveEntry{term=1, timestamp=2018-06-09 02:49:49,582, sessionIds=long[]{length=1, hash=33}, commandSequences=long[]{length=1, hash=51}, eventIndexes=long[]{length=1, hash=33}}}
02:49:49.832 [raft-server-1] TRACE i.a.p.raft.roles.LeaderAppender - RaftServer{1} - Sending AppendRequest{term=1, leader=1, prevLogIndex=27, prevLogTerm=1, entries=1, commitIndex=27} to 3
02:49:49.832 [raft-server-1] TRACE i.a.p.raft.roles.LeaderAppender - RaftServer{1} - Received AppendResponse{status=OK, term=1, succeeded=true, lastLogIndex=27} from 2
02:49:49.832 [raft-server-1] TRACE i.a.p.raft.roles.LeaderAppender - RaftServer{1} - Sending AppendRequest{term=1, leader=1, prevLogIndex=27, prevLogTerm=1, entries=1, commitIndex=27} to 2
02:49:49.832 [raft-server-2] TRACE i.a.p.raft.roles.FollowerRole - RaftServer{2}{role=FOLLOWER} - Received AppendRequest{term=1, leader=1, prevLogIndex=27, prevLogTerm=1, entries=1, commitIndex=27}
02:49:49.832 [raft-server-2] TRACE i.a.p.raft.roles.FollowerRole - RaftServer{2}{role=FOLLOWER} - Appended Indexed{index=28, entry=CommandEntry{term=1, timestamp=2018-06-09 02:49:49,763, session=2, sequence=22, operation=PrimitiveOperation{id=DefaultOperationId{id=write, type=COMMAND}, value=byte[]{length=17, hash=-1644578928}}}}
02:49:49.833 [raft-server-2] TRACE i.a.p.raft.roles.FollowerRole - RaftServer{2}{role=FOLLOWER} - Sending AppendResponse{status=OK, term=1, succeeded=true, lastLogIndex=28}
02:49:49.833 [raft-server-1] TRACE i.a.p.raft.roles.LeaderAppender - RaftServer{1} - Received AppendResponse{status=OK, term=1, succeeded=true, lastLogIndex=28} from 2
02:49:49.833 [raft-server-1] TRACE i.a.p.raft.roles.LeaderAppender - RaftServer{1} - Committed entries up to 28
02:49:49.833 [raft-server-3] TRACE i.a.p.raft.roles.FollowerRole - RaftServer{3}{role=FOLLOWER} - Received AppendRequest{term=1, leader=1, prevLogIndex=27, prevLogTerm=1, entries=1, commitIndex=27}
02:49:49.833 [raft-server-3] TRACE i.a.p.raft.roles.FollowerRole - RaftServer{3}{role=FOLLOWER} - Appended Indexed{index=28, entry=CommandEntry{term=1, timestamp=2018-06-09 02:49:49,763, session=2, sequence=22, operation=PrimitiveOperation{id=DefaultOperationId{id=write, type=COMMAND}, value=byte[]{length=17, hash=-1644578928}}}}
02:49:49.833 [raft-server-3] TRACE i.a.p.raft.roles.FollowerRole - RaftServer{3}{role=FOLLOWER} - Sending AppendResponse{status=OK, term=1, succeeded=true, lastLogIndex=28}
02:49:49.915 [raft-server-1] TRACE i.a.p.raft.roles.LeaderAppender - RaftServer{1} - Received AppendResponse{status=OK, term=1, succeeded=true, lastLogIndex=28} from 3
02:49:49.915 [raft-server-1] TRACE i.a.p.raft.roles.LeaderAppender - RaftServer{1} - Sending AppendRequest{term=1, leader=1, prevLogIndex=28, prevLogTerm=1, entries=0, commitIndex=28} to 3
02:49:49.915 [raft-server-1] TRACE i.a.p.raft.roles.LeaderAppender - RaftServer{1} - Sending AppendRequest{term=1, leader=1, prevLogIndex=28, prevLogTerm=1, entries=0, commitIndex=28} to 2
02:49:49.915 [raft-server-3] TRACE i.a.p.raft.roles.FollowerRole - RaftServer{3}{role=FOLLOWER} - Received AppendRequest{term=1, leader=1, prevLogIndex=28, prevLogTerm=1, entries=0, commitIndex=28}
02:49:49.915 [raft-server-2] TRACE i.a.p.raft.roles.FollowerRole - RaftServer{2}{role=FOLLOWER} - Received AppendRequest{term=1, leader=1, prevLogIndex=28, prevLogTerm=1, entries=0, commitIndex=28}
02:49:49.915 [raft-server-1-state] TRACE i.a.p.raft.impl.RaftServiceManager - RaftServer{1} - Applying Indexed{index=28, entry=CommandEntry{term=1, timestamp=2018-06-09 02:49:49,763, session=2, sequence=22, operation=PrimitiveOperation{id=DefaultOperationId{id=write, type=COMMAND}, value=byte[]{length=17, hash=-1644578928}}}}
02:49:49.915 [raft-server-1-state] TRACE i.a.p.s.impl.DefaultServiceExecutor - PrimitiveService{2}{type=io.atomix.protocols.raft.RaftTest$TestPrimitiveType@2df83e7, name=raft-test} - Executing DefaultCommit{index=28, session=RaftSession{RaftServiceContext{server=1, type=io.atomix.protocols.raft.RaftTest$TestPrimitiveType@2df83e7, name=raft-test, id=2}, session=2, timestamp=2018-06-09 02:49:49,763}, time=2018-06-09 02:49:49,763, operation=DefaultOperationId{id=write, type=COMMAND}, value=byte[]{length=17, hash=-1644578928}}
02:49:49.916 [raft-server-1-state] TRACE i.a.protocols.raft.roles.LeaderRole - RaftServer{1}{role=LEADER} - Sending CommandResponse{status=OK, index=28, eventIndex=2, result=byte[]{length=2, hash=1296}}
02:49:49.994 [raft-server-2] TRACE i.a.p.raft.roles.FollowerRole - RaftServer{2}{role=FOLLOWER} - Committed entries up to index 28
02:49:49.994 [raft-server-3] TRACE i.a.p.raft.roles.FollowerRole - RaftServer{3}{role=FOLLOWER} - Committed entries up to index 28
02:49:49.994 [raft-server-2] TRACE i.a.p.raft.roles.FollowerRole - RaftServer{2}{role=FOLLOWER} - Sending AppendResponse{status=OK, term=1, succeeded=true, lastLogIndex=28}
02:49:49.994 [raft-server-3] TRACE i.a.p.raft.roles.FollowerRole - RaftServer{3}{role=FOLLOWER} - Sending AppendResponse{status=OK, term=1, succeeded=true, lastLogIndex=28}
02:49:49.995 [raft-server-2] TRACE i.a.p.raft.roles.FollowerRole - RaftServer{2}{role=FOLLOWER} - Sending CommandResponse{status=OK, index=28, eventIndex=2, result=byte[]{length=2, hash=1296}}
02:49:49.995 [raft-server-1] TRACE i.a.p.raft.roles.LeaderAppender - RaftServer{1} - Received AppendResponse{status=OK, term=1, succeeded=true, lastLogIndex=28} from 2
02:49:49.995 [raft-server-3-state] TRACE i.a.p.raft.impl.RaftServiceManager - RaftServer{3} - Applying Indexed{index=28, entry=CommandEntry{term=1, timestamp=2018-06-09 02:49:49,763, session=2, sequence=22, operation=PrimitiveOperation{id=DefaultOperationId{id=write, type=COMMAND}, value=byte[]{length=17, hash=-1644578928}}}}
02:49:49.995 [raft-client-86eccf48-f731-4463-9ff4-1338804a1578-2] TRACE i.a.p.r.p.impl.RaftProxyConnection - SessionClient{2}{type=io.atomix.protocols.raft.RaftTest$TestPrimitiveType@35bfa1bb, name=raft-test} - Received CommandResponse{status=OK, index=28, eventIndex=2, result=byte[]{length=2, hash=1296}} from 2
02:49:49.995 [raft-server-1] TRACE i.a.p.raft.roles.LeaderAppender - RaftServer{1} - Sending AppendRequest{term=1, leader=1, prevLogIndex=28, prevLogTerm=1, entries=0, commitIndex=28} to 2
02:49:49.995 [raft-server-2-state] TRACE i.a.p.raft.impl.RaftServiceManager - RaftServer{2} - Applying Indexed{index=28, entry=CommandEntry{term=1, timestamp=2018-06-09 02:49:49,763, session=2, sequence=22, operation=PrimitiveOperation{id=DefaultOperationId{id=write, type=COMMAND}, value=byte[]{length=17, hash=-1644578928}}}}
02:49:49.995 [raft-server-3-state] TRACE i.a.p.s.impl.DefaultServiceExecutor - PrimitiveService{2}{type=io.atomix.protocols.raft.RaftTest$TestPrimitiveType@2669790c, name=raft-test} - Executing DefaultCommit{index=28, session=RaftSession{RaftServiceContext{server=3, type=io.atomix.protocols.raft.RaftTest$TestPrimitiveType@2669790c, name=raft-test, id=2}, session=2, timestamp=2018-06-09 02:49:49,763}, time=2018-06-09 02:49:49,763, operation=DefaultOperationId{id=write, type=COMMAND}, value=byte[]{length=17, hash=-1644578928}}
02:49:49.995 [raft-client-86eccf48-f731-4463-9ff4-1338804a1578-2] TRACE i.a.p.r.p.impl.RaftProxySequencer - SessionClient{2}{type=io.atomix.protocols.raft.RaftTest$TestPrimitiveType@35bfa1bb, name=raft-test} - Completing response CommandResponse{status=OK, index=28, eventIndex=2, result=byte[]{length=2, hash=1296}}
02:49:49.995 [raft-server-1] TRACE i.a.p.raft.roles.LeaderAppender - RaftServer{1} - Received AppendResponse{status=OK, term=1, succeeded=true, lastLogIndex=28} from 3
02:49:49.995 [raft-server-2] TRACE i.a.p.raft.roles.FollowerRole - RaftServer{2}{role=FOLLOWER} - Received AppendRequest{term=1, leader=1, prevLogIndex=28, prevLogTerm=1, entries=0, commitIndex=28}
02:49:49.995 [raft-server-2-state] TRACE i.a.p.s.impl.DefaultServiceExecutor - PrimitiveService{2}{type=io.atomix.protocols.raft.RaftTest$TestPrimitiveType@10ad7eb5, name=raft-test} - Executing DefaultCommit{index=28, session=RaftSession{RaftServiceContext{server=2, type=io.atomix.protocols.raft.RaftTest$TestPrimitiveType@10ad7eb5, name=raft-test, id=2}, session=2, timestamp=2018-06-09 02:49:49,763}, time=2018-06-09 02:49:49,763, operation=DefaultOperationId{id=write, type=COMMAND}, value=byte[]{length=17, hash=-1644578928}}
02:49:49.996 [raft-server-1] TRACE i.a.p.raft.roles.LeaderAppender - RaftServer{1} - Sending AppendRequest{term=1, leader=1, prevLogIndex=28, prevLogTerm=1, entries=0, commitIndex=28} to 3
02:49:49.996 [raft-server-2] TRACE i.a.p.raft.roles.FollowerRole - RaftServer{2}{role=FOLLOWER} - Sending AppendResponse{status=OK, term=1, succeeded=true, lastLogIndex=28}
02:49:49.996 [raft-server-3] TRACE i.a.p.raft.roles.FollowerRole - RaftServer{3}{role=FOLLOWER} - Received AppendRequest{term=1, leader=1, prevLogIndex=28, prevLogTerm=1, entries=0, commitIndex=28}
02:49:49.996 [raft-client-86eccf48-f731-4463-9ff4-1338804a1578-5] TRACE i.a.p.r.p.impl.RaftProxyConnection - SessionClient{2}{type=io.atomix.protocols.raft.RaftTest$TestPrimitiveType@35bfa1bb, name=raft-test} - Sending CommandRequest{session=2, sequence=23, operation=PrimitiveOperation{id=DefaultOperationId{id=write, type=COMMAND}, value=byte[]{length=17, hash=-1644578928}}} to 2
02:49:49.996 [raft-server-3] TRACE i.a.p.raft.roles.FollowerRole - RaftServer{3}{role=FOLLOWER} - Sending AppendResponse{status=OK, term=1, succeeded=true, lastLogIndex=28}
02:49:49.996 [raft-server-1] TRACE i.a.p.raft.roles.LeaderAppender - RaftServer{1} - Received AppendResponse{status=OK, term=1, succeeded=true, lastLogIndex=28} from 2
02:49:49.996 [raft-server-1] TRACE i.a.p.raft.roles.LeaderAppender - RaftServer{1} - Received AppendResponse{status=OK, term=1, succeeded=true, lastLogIndex=28} from 3
02:49:49.996 [raft-server-2] TRACE i.a.p.raft.roles.FollowerRole - RaftServer{2}{role=FOLLOWER} - Received CommandRequest{session=2, sequence=23, operation=PrimitiveOperation{id=DefaultOperationId{id=write, type=COMMAND}, value=byte[]{length=17, hash=-1644578928}}}
02:49:49.996 [raft-server-1] TRACE i.a.protocols.raft.roles.LeaderRole - RaftServer{1}{role=LEADER} - Received CommandRequest{session=2, sequence=23, operation=PrimitiveOperation{id=DefaultOperationId{id=write, type=COMMAND}, value=byte[]{length=17, hash=-1644578928}}}
02:49:49.997 [raft-server-1] TRACE i.a.protocols.raft.roles.LeaderRole - RaftServer{1}{role=LEADER} - Appended Indexed{index=29, entry=CommandEntry{term=1, timestamp=2018-06-09 02:49:49,997, session=2, sequence=23, operation=PrimitiveOperation{id=DefaultOperationId{id=write, type=COMMAND}, value=byte[]{length=17, hash=-1644578928}}}}
02:49:49.997 [raft-server-1] TRACE i.a.p.raft.roles.LeaderAppender - RaftServer{1} - Sending AppendRequest{term=1, leader=1, prevLogIndex=28, prevLogTerm=1, entries=1, commitIndex=28} to 3
02:49:49.997 [raft-server-3] TRACE i.a.p.raft.roles.FollowerRole - RaftServer{3}{role=FOLLOWER} - Received AppendRequest{term=1, leader=1, prevLogIndex=28, prevLogTerm=1, entries=1, commitIndex=28}
02:49:49.997 [raft-server-1] TRACE i.a.p.raft.roles.LeaderAppender - RaftServer{1} - Sending AppendRequest{term=1, leader=1, prevLogIndex=28, prevLogTerm=1, entries=1, commitIndex=28} to 2
02:49:49.997 [raft-server-2] TRACE i.a.p.raft.roles.FollowerRole - RaftServer{2}{role=FOLLOWER} - Received AppendRequest{term=1, leader=1, prevLogIndex=28, prevLogTerm=1, entries=1, commitIndex=28}
02:49:49.997 [raft-server-3] TRACE i.a.p.raft.roles.FollowerRole - RaftServer{3}{role=FOLLOWER} - Appended Indexed{index=29, entry=CommandEntry{term=1, timestamp=2018-06-09 02:49:49,997, session=2, sequence=23, operation=PrimitiveOperation{id=DefaultOperationId{id=write, type=COMMAND}, value=byte[]{length=17, hash=-1644578928}}}}
02:49:49.997 [raft-server-3] TRACE i.a.p.raft.roles.FollowerRole - RaftServer{3}{role=FOLLOWER} - Sending AppendResponse{status=OK, term=1, succeeded=true, lastLogIndex=29}
02:49:49.997 [raft-server-1] TRACE i.a.p.raft.roles.LeaderAppender - RaftServer{1} - Received AppendResponse{status=OK, term=1, succeeded=true, lastLogIndex=29} from 3
02:49:49.997 [raft-server-2] TRACE i.a.p.raft.roles.FollowerRole - RaftServer{2}{role=FOLLOWER} - Appended Indexed{index=29, entry=CommandEntry{term=1, timestamp=2018-06-09 02:49:49,997, session=2, sequence=23, operation=PrimitiveOperation{id=DefaultOperationId{id=write, type=COMMAND}, value=byte[]{length=17, hash=-1644578928}}}}
02:49:49.998 [raft-server-1] TRACE i.a.p.raft.roles.LeaderAppender - RaftServer{1} - Committed entries up to 29
02:49:49.998 [raft-server-2] TRACE i.a.p.raft.roles.FollowerRole - RaftServer{2}{role=FOLLOWER} - Sending AppendResponse{status=OK, term=1, succeeded=true, lastLogIndex=29}
02:49:50.190 [raft-server-1] TRACE i.a.p.raft.roles.LeaderAppender - RaftServer{1} - Received AppendResponse{status=OK, term=1, succeeded=true, lastLogIndex=29} from 2
02:49:50.190 [raft-server-1] TRACE i.a.p.raft.roles.LeaderAppender - RaftServer{1} - Sending AppendRequest{term=1, leader=1, prevLogIndex=29, prevLogTerm=1, entries=0, commitIndex=29} to 3
02:49:50.190 [raft-server-1] TRACE i.a.p.raft.roles.LeaderAppender - RaftServer{1} - Sending AppendRequest{term=1, leader=1, prevLogIndex=29, prevLogTerm=1, entries=0, commitIndex=29} to 2
02:49:50.190 [raft-server-3] TRACE i.a.p.raft.roles.FollowerRole - RaftServer{3}{role=FOLLOWER} - Received AppendRequest{term=1, leader=1, prevLogIndex=29, prevLogTerm=1, entries=0, commitIndex=29}
02:49:50.190 [raft-server-2] TRACE i.a.p.raft.roles.FollowerRole - RaftServer{2}{role=FOLLOWER} - Received AppendRequest{term=1, leader=1, prevLogIndex=29, prevLogTerm=1, entries=0, commitIndex=29}
02:49:50.190 [raft-server-1-state] TRACE i.a.p.raft.impl.RaftServiceManager - RaftServer{1} - Applying Indexed{index=29, entry=CommandEntry{term=1, timestamp=2018-06-09 02:49:49,997, session=2, sequence=23, operation=PrimitiveOperation{id=DefaultOperationId{id=write, type=COMMAND}, value=byte[]{length=17, hash=-1644578928}}}}
02:49:50.191 [raft-server-1-state] TRACE i.a.p.s.impl.DefaultServiceExecutor - PrimitiveService{2}{type=io.atomix.protocols.raft.RaftTest$TestPrimitiveType@2df83e7, name=raft-test} - Executing DefaultCommit{index=29, session=RaftSession{RaftServiceContext{server=1, type=io.atomix.protocols.raft.RaftTest$TestPrimitiveType@2df83e7, name=raft-test, id=2}, session=2, timestamp=2018-06-09 02:49:49,997}, time=2018-06-09 02:49:49,997, operation=DefaultOperationId{id=write, type=COMMAND}, value=byte[]{length=17, hash=-1644578928}}
02:49:50.191 [raft-server-1-state] TRACE i.a.protocols.raft.roles.LeaderRole - RaftServer{1}{role=LEADER} - Sending CommandResponse{status=OK, index=29, eventIndex=2, result=byte[]{length=2, hash=1298}}
02:49:50.265 [raft-server-2] TRACE i.a.p.raft.roles.FollowerRole - RaftServer{2}{role=FOLLOWER} - Committed entries up to index 29
02:49:50.265 [raft-server-3] TRACE i.a.p.raft.roles.FollowerRole - RaftServer{3}{role=FOLLOWER} - Committed entries up to index 29
02:49:50.265 [raft-server-2] TRACE i.a.p.raft.roles.FollowerRole - RaftServer{2}{role=FOLLOWER} - Sending AppendResponse{status=OK, term=1, succeeded=true, lastLogIndex=29}
02:49:50.265 [raft-server-3] TRACE i.a.p.raft.roles.FollowerRole - RaftServer{3}{role=FOLLOWER} - Sending AppendResponse{status=OK, term=1, succeeded=true, lastLogIndex=29}
02:49:50.265 [raft-server-2] TRACE i.a.p.raft.roles.FollowerRole - RaftServer{2}{role=FOLLOWER} - Sending CommandResponse{status=OK, index=29, eventIndex=2, result=byte[]{length=2, hash=1298}}
02:49:50.265 [raft-server-1] TRACE i.a.p.raft.roles.LeaderAppender - RaftServer{1} - Received AppendResponse{status=OK, term=1, succeeded=true, lastLogIndex=29} from 2
02:49:50.265 [raft-server-3-state] TRACE i.a.p.raft.impl.RaftServiceManager - RaftServer{3} - Applying Indexed{index=29, entry=CommandEntry{term=1, timestamp=2018-06-09 02:49:49,997, session=2, sequence=23, operation=PrimitiveOperation{id=DefaultOperationId{id=write, type=COMMAND}, value=byte[]{length=17, hash=-1644578928}}}}
02:49:50.266 [raft-client-86eccf48-f731-4463-9ff4-1338804a1578-1] TRACE i.a.p.r.p.impl.RaftProxyConnection - SessionClient{2}{type=io.atomix.protocols.raft.RaftTest$TestPrimitiveType@35bfa1bb, name=raft-test} - Received CommandResponse{status=OK, index=29, eventIndex=2, result=byte[]{length=2, hash=1298}} from 2
02:49:50.266 [raft-server-1] TRACE i.a.p.raft.roles.LeaderAppender - RaftServer{1} - Sending AppendRequest{term=1, leader=1, prevLogIndex=29, prevLogTerm=1, entries=0, commitIndex=29} to 2
02:49:50.266 [raft-server-2-state] TRACE i.a.p.raft.impl.RaftServiceManager - RaftServer{2} - Applying Indexed{index=29, entry=CommandEntry{term=1, timestamp=2018-06-09 02:49:49,997, session=2, sequence=23, operation=PrimitiveOperation{id=DefaultOperationId{id=write, type=COMMAND}, value=byte[]{length=17, hash=-1644578928}}}}
02:49:50.266 [raft-client-86eccf48-f731-4463-9ff4-1338804a1578-1] TRACE i.a.p.r.p.impl.RaftProxySequencer - SessionClient{2}{type=io.atomix.protocols.raft.RaftTest$TestPrimitiveType@35bfa1bb, name=raft-test} - Completing response CommandResponse{status=OK, index=29, eventIndex=2, result=byte[]{length=2, hash=1298}}
02:49:50.266 [raft-server-3-state] TRACE i.a.p.s.impl.DefaultServiceExecutor - PrimitiveService{2}{type=io.atomix.protocols.raft.RaftTest$TestPrimitiveType@2669790c, name=raft-test} - Executing DefaultCommit{index=29, session=RaftSession{RaftServiceContext{server=3, type=io.atomix.protocols.raft.RaftTest$TestPrimitiveType@2669790c, name=raft-test, id=2}, session=2, timestamp=2018-06-09 02:49:49,997}, time=2018-06-09 02:49:49,997, operation=DefaultOperationId{id=write, type=COMMAND}, value=byte[]{length=17, hash=-1644578928}}
02:49:50.266 [raft-server-1] TRACE i.a.p.raft.roles.LeaderAppender - RaftServer{1} - Received AppendResponse{status=OK, term=1, succeeded=true, lastLogIndex=29} from 3
02:49:50.266 [raft-server-2] TRACE i.a.p.raft.roles.FollowerRole - RaftServer{2}{role=FOLLOWER} - Received AppendRequest{term=1, leader=1, prevLogIndex=29, prevLogTerm=1, entries=0, commitIndex=29}
02:49:50.266 [raft-server-2-state] TRACE i.a.p.s.impl.DefaultServiceExecutor - PrimitiveService{2}{type=io.atomix.protocols.raft.RaftTest$TestPrimitiveType@10ad7eb5, name=raft-test} - Executing DefaultCommit{index=29, session=RaftSession{RaftServiceContext{server=2, type=io.atomix.protocols.raft.RaftTest$TestPrimitiveType@10ad7eb5, name=raft-test, id=2}, session=2, timestamp=2018-06-09 02:49:49,997}, time=2018-06-09 02:49:49,997, operation=DefaultOperationId{id=write, type=COMMAND}, value=byte[]{length=17, hash=-1644578928}}
02:49:50.266 [raft-client-86eccf48-f731-4463-9ff4-1338804a1578-7] TRACE i.a.p.r.p.impl.RaftProxyConnection - SessionClient{2}{type=io.atomix.protocols.raft.RaftTest$TestPrimitiveType@35bfa1bb, name=raft-test} - Sending CommandRequest{session=2, sequence=24, operation=PrimitiveOperation{id=DefaultOperationId{id=write, type=COMMAND}, value=byte[]{length=17, hash=-1644578928}}} to 2
02:49:50.266 [raft-server-1] TRACE i.a.p.raft.roles.LeaderAppender - RaftServer{1} - Sending AppendRequest{term=1, leader=1, prevLogIndex=29, prevLogTerm=1, entries=0, commitIndex=29} to 3
02:49:50.266 [raft-server-2] TRACE i.a.p.raft.roles.FollowerRole - RaftServer{2}{role=FOLLOWER} - Sending AppendResponse{status=OK, term=1, succeeded=true, lastLogIndex=29}
02:49:50.266 [raft-server-3] TRACE i.a.p.raft.roles.FollowerRole - RaftServer{3}{role=FOLLOWER} - Received AppendRequest{term=1, leader=1, prevLogIndex=29, prevLogTerm=1, entries=0, commitIndex=29}
02:49:50.267 [raft-server-1] TRACE i.a.p.raft.roles.LeaderAppender - RaftServer{1} - Received AppendResponse{status=OK, term=1, succeeded=true, lastLogIndex=29} from 2
02:49:50.267 [raft-server-2] TRACE i.a.p.raft.roles.FollowerRole - RaftServer{2}{role=FOLLOWER} - Received CommandRequest{session=2, sequence=24, operation=PrimitiveOperation{id=DefaultOperationId{id=write, type=COMMAND}, value=byte[]{length=17, hash=-1644578928}}}
02:49:50.267 [raft-server-3] TRACE i.a.p.raft.roles.FollowerRole - RaftServer{3}{role=FOLLOWER} - Sending AppendResponse{status=OK, term=1, succeeded=true, lastLogIndex=29}
02:49:50.267 [raft-server-1] TRACE i.a.protocols.raft.roles.LeaderRole - RaftServer{1}{role=LEADER} - Received CommandRequest{session=2, sequence=24, operation=PrimitiveOperation{id=DefaultOperationId{id=write, type=COMMAND}, value=byte[]{length=17, hash=-1644578928}}}
02:49:50.267 [raft-server-1] TRACE i.a.protocols.raft.roles.LeaderRole - RaftServer{1}{role=LEADER} - Appended Indexed{index=30, entry=CommandEntry{term=1, timestamp=2018-06-09 02:49:50,267, session=2, sequence=24, operation=PrimitiveOperation{id=DefaultOperationId{id=write, type=COMMAND}, value=byte[]{length=17, hash=-1644578928}}}}
02:49:50.267 [raft-server-1] TRACE i.a.p.raft.roles.LeaderAppender - RaftServer{1} - Received AppendResponse{status=OK, term=1, succeeded=true, lastLogIndex=29} from 3
02:49:50.267 [raft-server-1] TRACE i.a.p.raft.roles.LeaderAppender - RaftServer{1} - Sending AppendRequest{term=1, leader=1, prevLogIndex=29, prevLogTerm=1, entries=1, commitIndex=29} to 3
02:49:50.267 [raft-server-3] TRACE i.a.p.raft.roles.FollowerRole - RaftServer{3}{role=FOLLOWER} - Received AppendRequest{term=1, leader=1, prevLogIndex=29, prevLogTerm=1, entries=1, commitIndex=29}
02:49:50.267 [raft-server-1] TRACE i.a.p.raft.roles.LeaderAppender - RaftServer{1} - Sending AppendRequest{term=1, leader=1, prevLogIndex=29, prevLogTerm=1, entries=1, commitIndex=29} to 2
02:49:50.267 [raft-server-2] TRACE i.a.p.raft.roles.FollowerRole - RaftServer{2}{role=FOLLOWER} - Received AppendRequest{term=1, leader=1, prevLogIndex=29, prevLogTerm=1, entries=1, commitIndex=29}
02:49:50.267 [raft-server-3] TRACE i.a.p.raft.roles.FollowerRole - RaftServer{3}{role=FOLLOWER} - Appended Indexed{index=30, entry=CommandEntry{term=1, timestamp=2018-06-09 02:49:50,267, session=2, sequence=24, operation=PrimitiveOperation{id=DefaultOperationId{id=write, type=COMMAND}, value=byte[]{length=17, hash=-1644578928}}}}
02:49:50.267 [raft-server-3] TRACE i.a.p.raft.roles.FollowerRole - RaftServer{3}{role=FOLLOWER} - Sending AppendResponse{status=OK, term=1, succeeded=true, lastLogIndex=30}
02:49:50.268 [raft-server-1] TRACE i.a.p.raft.roles.LeaderAppender - RaftServer{1} - Received AppendResponse{status=OK, term=1, succeeded=true, lastLogIndex=30} from 3
02:49:50.267 [raft-server-2] TRACE i.a.p.raft.roles.FollowerRole - RaftServer{2}{role=FOLLOWER} - Appended Indexed{index=30, entry=CommandEntry{term=1, timestamp=2018-06-09 02:49:50,267, session=2, sequence=24, operation=PrimitiveOperation{id=DefaultOperationId{id=write, type=COMMAND}, value=byte[]{length=17, hash=-1644578928}}}}
02:49:50.268 [raft-server-1] TRACE i.a.p.raft.roles.LeaderAppender - RaftServer{1} - Committed entries up to 30
02:49:50.268 [raft-server-2] TRACE i.a.p.raft.roles.FollowerRole - RaftServer{2}{role=FOLLOWER} - Sending AppendResponse{status=OK, term=1, succeeded=true, lastLogIndex=30}
02:49:50.340 [raft-server-1] TRACE i.a.p.raft.roles.LeaderAppender - RaftServer{1} - Received AppendResponse{status=OK, term=1, succeeded=true, lastLogIndex=30} from 2
02:49:50.340 [raft-server-1-state] TRACE i.a.p.raft.impl.RaftServiceManager - RaftServer{1} - Applying Indexed{index=30, entry=CommandEntry{term=1, timestamp=2018-06-09 02:49:50,267, session=2, sequence=24, operation=PrimitiveOperation{id=DefaultOperationId{id=write, type=COMMAND}, value=byte[]{length=17, hash=-1644578928}}}}
02:49:50.341 [raft-server-1-state] TRACE i.a.p.s.impl.DefaultServiceExecutor - PrimitiveService{2}{type=io.atomix.protocols.raft.RaftTest$TestPrimitiveType@2df83e7, name=raft-test} - Executing DefaultCommit{index=30, session=RaftSession{RaftServiceContext{server=1, type=io.atomix.protocols.raft.RaftTest$TestPrimitiveType@2df83e7, name=raft-test, id=2}, session=2, timestamp=2018-06-09 02:49:50,267}, time=2018-06-09 02:49:50,267, operation=DefaultOperationId{id=write, type=COMMAND}, value=byte[]{length=17, hash=-1644578928}}
02:49:50.341 [raft-server-1-state] TRACE i.a.protocols.raft.roles.LeaderRole - RaftServer{1}{role=LEADER} - Sending CommandResponse{status=OK, index=30, eventIndex=2, result=byte[]{length=2, hash=1300}}
02:49:50.341 [raft-server-2] TRACE i.a.p.raft.roles.FollowerRole - RaftServer{2}{role=FOLLOWER} - Sending CommandResponse{status=OK, index=30, eventIndex=2, result=byte[]{length=2, hash=1300}}
02:49:50.341 [raft-client-86eccf48-f731-4463-9ff4-1338804a1578-3] TRACE i.a.p.r.p.impl.RaftProxyConnection - SessionClient{2}{type=io.atomix.protocols.raft.RaftTest$TestPrimitiveType@35bfa1bb, name=raft-test} - Received CommandResponse{status=OK, index=30, eventIndex=2, result=byte[]{length=2, hash=1300}} from 2
02:49:50.341 [raft-client-86eccf48-f731-4463-9ff4-1338804a1578-3] TRACE i.a.p.r.p.impl.RaftProxySequencer - SessionClient{2}{type=io.atomix.protocols.raft.RaftTest$TestPrimitiveType@35bfa1bb, name=raft-test} - Completing response CommandResponse{status=OK, index=30, eventIndex=2, result=byte[]{length=2, hash=1300}}
02:49:50.342 [raft-client-86eccf48-f731-4463-9ff4-1338804a1578-0] TRACE i.a.p.r.p.impl.RaftProxyConnection - SessionClient{2}{type=io.atomix.protocols.raft.RaftTest$TestPrimitiveType@35bfa1bb, name=raft-test} - Sending CommandRequest{session=2, sequence=25, operation=PrimitiveOperation{id=DefaultOperationId{id=write, type=COMMAND}, value=byte[]{length=17, hash=-1644578928}}} to 2
02:49:50.342 [raft-server-2] TRACE i.a.p.raft.roles.FollowerRole - RaftServer{2}{role=FOLLOWER} - Received CommandRequest{session=2, sequence=25, operation=PrimitiveOperation{id=DefaultOperationId{id=write, type=COMMAND}, value=byte[]{length=17, hash=-1644578928}}}
02:49:50.342 [raft-server-1] TRACE i.a.protocols.raft.roles.LeaderRole - RaftServer{1}{role=LEADER} - Received CommandRequest{session=2, sequence=25, operation=PrimitiveOperation{id=DefaultOperationId{id=write, type=COMMAND}, value=byte[]{length=17, hash=-1644578928}}}
02:49:50.526 [raft-server-1] DEBUG i.a.storage.journal.SegmentedJournal - Created disk segment: JournalSegment{id=4, version=1, index=31, size=64}
02:49:50.526 [raft-server-1] TRACE i.a.protocols.raft.roles.LeaderRole - RaftServer{1}{role=LEADER} - Appended Indexed{index=31, entry=CommandEntry{term=1, timestamp=2018-06-09 02:49:50,342, session=2, sequence=25, operation=PrimitiveOperation{id=DefaultOperationId{id=write, type=COMMAND}, value=byte[]{length=17, hash=-1644578928}}}}
02:49:50.526 [raft-server-1] TRACE i.a.p.raft.roles.LeaderAppender - RaftServer{1} - Sending AppendRequest{term=1, leader=1, prevLogIndex=30, prevLogTerm=1, entries=1, commitIndex=30} to 3
02:49:50.526 [raft-server-1] TRACE i.a.p.raft.roles.LeaderAppender - RaftServer{1} - Sending AppendRequest{term=1, leader=1, prevLogIndex=30, prevLogTerm=1, entries=1, commitIndex=30} to 2
02:49:50.526 [raft-server-3] TRACE i.a.p.raft.roles.FollowerRole - RaftServer{3}{role=FOLLOWER} - Received AppendRequest{term=1, leader=1, prevLogIndex=30, prevLogTerm=1, entries=1, commitIndex=30}
02:49:50.526 [raft-server-2] TRACE i.a.p.raft.roles.FollowerRole - RaftServer{2}{role=FOLLOWER} - Received AppendRequest{term=1, leader=1, prevLogIndex=30, prevLogTerm=1, entries=1, commitIndex=30}
02:49:50.526 [raft-server-1] DEBUG i.a.p.raft.impl.RaftServiceManager - RaftServer{1} - Snapshotting services
02:49:50.527 [raft-server-1-state] DEBUG i.a.p.r.s.snapshot.SnapshotStore - Created memory snapshot: MemorySnapshot{index=30}
02:49:50.527 [raft-server-1-state] TRACE i.a.utils.serializer.KryoNamespace - Creating Kryo instance for KryoNamespace{registeredBlocks=[RegistrationBlock{begin=16, types=[([Ljava.lang.Class;@6b321262,null), ([Ljava.lang.Class;@68b11545,null), ([Ljava.lang.Class;@7d0100ea,null), ([Ljava.lang.Class;@357bc488,null), ([Ljava.lang.Class;@4ea17147,io.atomix.utils.serializer.serializers.ImmutableListSerializer@2eda4eeb), ([Ljava.lang.Class;@5ba90d8a,io.atomix.utils.serializer.serializers.ImmutableSetSerializer@309dcdf3), ([Ljava.lang.Class;@7573b9ee,io.atomix.utils.serializer.serializers.ImmutableMapSerializer@9a20cbd), ([Ljava.lang.Class;@1af4955e,null), ([Ljava.lang.Class;@445821a6,null), ([Ljava.lang.Class;@2c0c4c0a,null), ([Ljava.lang.Class;@35d26ad2,null), ([Ljava.lang.Class;@bb25753,null), ([Ljava.lang.Class;@ee21292,null), ([Ljava.lang.Class;@40c06358,null), ([Ljava.lang.Class;@66e21568,null), ([Ljava.lang.Class;@7f73ce28,null), ([Ljava.lang.Class;@611b35d6,null), ([Ljava.lang.Class;@2282400e,null), ([Ljava.lang.Class;@543d5863,null), ([Ljava.lang.Class;@35dece42,null), ([Ljava.lang.Class;@dd3f8aa,io.atomix.utils.serializer.serializers.ArraysAsListSerializer@3d615b2e), ([Ljava.lang.Class;@3a1f2a1,null), ([Ljava.lang.Class;@40ce9049,null), ([Ljava.lang.Class;@52ca2652,null), ([Ljava.lang.Class;@65c5bf0e,null), ([Ljava.lang.Class;@697d6ded,null), ([Ljava.lang.Class;@5d05f453,null), ([Ljava.lang.Class;@5efeb117,null), ([Ljava.lang.Class;@160b4809,null), ([Ljava.lang.Class;@149b4d20,null), ([Ljava.lang.Class;@664e848c,null), ([Ljava.lang.Class;@4d93f75b,null), ([Ljava.lang.Class;@114a5e0,null), ([Ljava.lang.Class;@4f281aaf,null), ([Ljava.lang.Class;@5d508d22,null), ([Ljava.lang.Class;@f2b90fc,null)]}, RegistrationBlock{begin=52, types=[([Ljava.lang.Class;@1c4e047d,null)]}]}
02:49:50.527 [raft-server-1-state] TRACE i.a.utils.serializer.KryoNamespace - class [B registered as 16
02:49:50.527 [raft-server-1-state] TRACE i.a.utils.serializer.KryoNamespace - class java.util.concurrent.atomic.AtomicBoolean registered as 17
02:49:50.527 [raft-server-1-state] TRACE i.a.utils.serializer.KryoNamespace - class java.util.concurrent.atomic.AtomicInteger registered as 18
02:49:50.527 [raft-server-1-state] TRACE i.a.utils.serializer.KryoNamespace - class java.util.concurrent.atomic.AtomicLong registered as 19
02:49:50.527 [raft-server-1-state] TRACE i.a.utils.serializer.KryoNamespace - class com.google.common.collect.ImmutableList registered as 20
02:49:50.527 [raft-server-1-state] TRACE i.a.utils.serializer.KryoNamespace - class com.google.common.collect.RegularImmutableList registered as 20
02:49:50.527 [raft-server-1-state] TRACE i.a.utils.serializer.KryoNamespace - class com.google.common.collect.RegularImmutableList registered as 20
02:49:50.527 [raft-server-1-state] TRACE i.a.utils.serializer.KryoNamespace - class com.google.common.collect.ImmutableList$SubList registered as 20
02:49:50.527 [raft-server-1-state] TRACE i.a.utils.serializer.KryoNamespace - class com.google.common.collect.ImmutableSet registered as 21
02:49:50.527 [raft-server-1-state] TRACE i.a.utils.serializer.KryoNamespace - class com.google.common.collect.RegularImmutableSet registered as 21
02:49:50.528 [raft-server-1-state] TRACE i.a.utils.serializer.KryoNamespace - class com.google.common.collect.SingletonImmutableSet registered as 21
02:49:50.528 [raft-server-1-state] TRACE i.a.utils.serializer.KryoNamespace - class com.google.common.collect.RegularImmutableSet registered as 21
02:49:50.528 [raft-server-1-state] TRACE i.a.utils.serializer.KryoNamespace - class com.google.common.collect.ImmutableMap registered as 22
02:49:50.528 [raft-server-1-state] TRACE i.a.utils.serializer.KryoNamespace - class com.google.common.collect.RegularImmutableMap registered as 22
02:49:50.528 [raft-server-1-state] TRACE i.a.utils.serializer.KryoNamespace - class com.google.common.collect.RegularImmutableMap registered as 22
02:49:50.528 [raft-server-1-state] TRACE i.a.utils.serializer.KryoNamespace - class com.google.common.collect.RegularImmutableMap registered as 22
02:49:50.528 [raft-server-1-state] TRACE i.a.utils.serializer.KryoNamespace - class java.util.Collections$UnmodifiableSet registered as 23
02:49:50.528 [raft-server-1-state] TRACE i.a.utils.serializer.KryoNamespace - class java.util.HashMap registered as 24
02:49:50.528 [raft-server-1-state] TRACE i.a.utils.serializer.KryoNamespace - class java.util.concurrent.ConcurrentHashMap registered as 25
02:49:50.528 [raft-server-1-state] TRACE i.a.utils.serializer.KryoNamespace - class java.util.concurrent.CopyOnWriteArraySet registered as 26
02:49:50.528 [raft-server-1-state] TRACE i.a.utils.serializer.KryoNamespace - class java.util.ArrayList registered as 27
02:49:50.528 [raft-server-1-state] TRACE i.a.utils.serializer.KryoNamespace - class java.util.LinkedList registered as 28
02:49:50.528 [raft-server-1-state] TRACE i.a.utils.serializer.KryoNamespace - class java.util.HashSet registered as 29
02:49:50.528 [raft-server-1-state] TRACE i.a.utils.serializer.KryoNamespace - class java.util.LinkedHashSet registered as 30
02:49:50.528 [raft-server-1-state] TRACE i.a.utils.serializer.KryoNamespace - class com.sun.jmx.remote.internal.ArrayQueue registered as 31
02:49:50.528 [raft-server-1-state] TRACE i.a.utils.serializer.KryoNamespace - class java.util.ArrayDeque registered as 32
02:49:50.528 [raft-server-1-state] TRACE i.a.utils.serializer.KryoNamespace - class com.google.common.collect.HashMultiset registered as 33
02:49:50.528 [raft-server-1-state] TRACE i.a.utils.serializer.KryoNamespace - class com.google.common.collect.Sets registered as 34
02:49:50.528 [raft-server-1-state] TRACE i.a.utils.serializer.KryoNamespace - class com.google.common.collect.ImmutableEntry registered as 35
02:49:50.528 [raft-server-1-state] TRACE i.a.utils.serializer.KryoNamespace - class java.util.Arrays$ArrayList registered as 36
02:49:50.529 [raft-server-1-state] TRACE i.a.utils.serializer.KryoNamespace - class java.util.Collections$SingletonList registered as 37
02:49:50.529 [raft-server-1-state] TRACE i.a.utils.serializer.KryoNamespace - class java.time.Duration registered as 38
02:49:50.529 [raft-server-1-state] TRACE i.a.utils.serializer.KryoNamespace - class java.util.Collections$EmptySet registered as 39
02:49:50.529 [raft-server-1-state] TRACE i.a.utils.serializer.KryoNamespace - class java.util.Optional registered as 40
02:49:50.529 [raft-server-1-state] TRACE i.a.utils.serializer.KryoNamespace - class java.util.Collections$EmptyList registered as 41
02:49:50.529 [raft-server-1-state] TRACE i.a.utils.serializer.KryoNamespace - class java.util.Collections$SingletonSet registered as 42
02:49:50.529 [raft-server-1-state] TRACE i.a.utils.serializer.KryoNamespace - class [I registered as 43
02:49:50.529 [raft-server-1-state] TRACE i.a.utils.serializer.KryoNamespace - class [J registered as 44
02:49:50.529 [raft-server-1-state] TRACE i.a.utils.serializer.KryoNamespace - class [S registered as 45
02:49:50.529 [raft-server-1-state] TRACE i.a.utils.serializer.KryoNamespace - class [D registered as 46
02:49:50.529 [raft-server-1-state] TRACE i.a.utils.serializer.KryoNamespace - class [F registered as 47
02:49:50.529 [raft-server-1-state] TRACE i.a.utils.serializer.KryoNamespace - class [C registered as 48
02:49:50.529 [raft-server-1-state] TRACE i.a.utils.serializer.KryoNamespace - class [Ljava.lang.String; registered as 49
02:49:50.529 [raft-server-1-state] TRACE i.a.utils.serializer.KryoNamespace - class [Z registered as 50
02:49:50.529 [raft-server-1-state] TRACE i.a.utils.serializer.KryoNamespace - class [Ljava.lang.Object; registered as 51
02:49:50.529 [raft-server-1-state] TRACE i.a.utils.serializer.KryoNamespace - class io.atomix.primitive.service.ServiceConfig registered as 52
02:49:50.529 [raft-server-1-state] DEBUG i.a.p.r.service.RaftServiceContext - PrimitiveService{2}{type=io.atomix.protocols.raft.RaftTest$TestPrimitiveType@2df83e7, name=raft-test} - Taking snapshot 30
02:49:50.530 [raft-server-1-state] TRACE i.a.utils.serializer.KryoNamespace - Creating Kryo instance for KryoNamespace{registeredBlocks=[RegistrationBlock{begin=16, types=[([Ljava.lang.Class;@6b321262,null), ([Ljava.lang.Class;@68b11545,null), ([Ljava.lang.Class;@7d0100ea,null), ([Ljava.lang.Class;@357bc488,null), ([Ljava.lang.Class;@4ea17147,io.atomix.utils.serializer.serializers.ImmutableListSerializer@2eda4eeb), ([Ljava.lang.Class;@5ba90d8a,io.atomix.utils.serializer.serializers.ImmutableSetSerializer@309dcdf3), ([Ljava.lang.Class;@7573b9ee,io.atomix.utils.serializer.serializers.ImmutableMapSerializer@9a20cbd), ([Ljava.lang.Class;@1af4955e,null), ([Ljava.lang.Class;@445821a6,null), ([Ljava.lang.Class;@2c0c4c0a,null), ([Ljava.lang.Class;@35d26ad2,null), ([Ljava.lang.Class;@bb25753,null), ([Ljava.lang.Class;@ee21292,null), ([Ljava.lang.Class;@40c06358,null), ([Ljava.lang.Class;@66e21568,null), ([Ljava.lang.Class;@7f73ce28,null), ([Ljava.lang.Class;@611b35d6,null), ([Ljava.lang.Class;@2282400e,null), ([Ljava.lang.Class;@543d5863,null), ([Ljava.lang.Class;@35dece42,null), ([Ljava.lang.Class;@dd3f8aa,io.atomix.utils.serializer.serializers.ArraysAsListSerializer@3d615b2e), ([Ljava.lang.Class;@3a1f2a1,null), ([Ljava.lang.Class;@40ce9049,null), ([Ljava.lang.Class;@52ca2652,null), ([Ljava.lang.Class;@65c5bf0e,null), ([Ljava.lang.Class;@697d6ded,null), ([Ljava.lang.Class;@5d05f453,null), ([Ljava.lang.Class;@5efeb117,null), ([Ljava.lang.Class;@160b4809,null), ([Ljava.lang.Class;@149b4d20,null), ([Ljava.lang.Class;@664e848c,null), ([Ljava.lang.Class;@4d93f75b,null), ([Ljava.lang.Class;@114a5e0,null), ([Ljava.lang.Class;@4f281aaf,null), ([Ljava.lang.Class;@5d508d22,null), ([Ljava.lang.Class;@f2b90fc,null)]}, RegistrationBlock{begin=52, types=[([Ljava.lang.Class;@65dff054,null)]}]}
02:49:50.530 [raft-server-1-state] TRACE i.a.utils.serializer.KryoNamespace - class [B registered as 16
02:49:50.530 [raft-server-1-state] TRACE i.a.utils.serializer.KryoNamespace - class java.util.concurrent.atomic.AtomicBoolean registered as 17
02:49:50.530 [raft-server-1-state] TRACE i.a.utils.serializer.KryoNamespace - class java.util.concurrent.atomic.AtomicInteger registered as 18
02:49:50.530 [raft-server-1-state] TRACE i.a.utils.serializer.KryoNamespace - class java.util.concurrent.atomic.AtomicLong registered as 19
02:49:50.530 [raft-server-1-state] TRACE i.a.utils.serializer.KryoNamespace - class com.google.common.collect.ImmutableList registered as 20
02:49:50.530 [raft-server-1-state] TRACE i.a.utils.serializer.KryoNamespace - class com.google.common.collect.RegularImmutableList registered as 20
02:49:50.530 [raft-server-1-state] TRACE i.a.utils.serializer.KryoNamespace - class com.google.common.collect.RegularImmutableList registered as 20
02:49:50.530 [raft-server-1-state] TRACE i.a.utils.serializer.KryoNamespace - class com.google.common.collect.ImmutableList$SubList registered as 20
02:49:50.530 [raft-server-1-state] TRACE i.a.utils.serializer.KryoNamespace - class com.google.common.collect.ImmutableSet registered as 21
02:49:50.530 [raft-server-1-state] TRACE i.a.utils.serializer.KryoNamespace - class com.google.common.collect.RegularImmutableSet registered as 21
02:49:50.530 [raft-server-1-state] TRACE i.a.utils.serializer.KryoNamespace - class com.google.common.collect.SingletonImmutableSet registered as 21
02:49:50.530 [raft-server-1-state] TRACE i.a.utils.serializer.KryoNamespace - class com.google.common.collect.RegularImmutableSet registered as 21
02:49:50.530 [raft-server-1-state] TRACE i.a.utils.serializer.KryoNamespace - class com.google.common.collect.ImmutableMap registered as 22
02:49:50.530 [raft-server-1-state] TRACE i.a.utils.serializer.KryoNamespace - class com.google.common.collect.RegularImmutableMap registered as 22
02:49:50.530 [raft-server-1-state] TRACE i.a.utils.serializer.KryoNamespace - class com.google.common.collect.RegularImmutableMap registered as 22
02:49:50.530 [raft-server-1-state] TRACE i.a.utils.serializer.KryoNamespace - class com.google.common.collect.RegularImmutableMap registered as 22
02:49:50.530 [raft-server-1-state] TRACE i.a.utils.serializer.KryoNamespace - class java.util.Collections$UnmodifiableSet registered as 23
02:49:50.530 [raft-server-1-state] TRACE i.a.utils.serializer.KryoNamespace - class java.util.HashMap registered as 24
02:49:50.531 [raft-server-1-state] TRACE i.a.utils.serializer.KryoNamespace - class java.util.concurrent.ConcurrentHashMap registered as 25
02:49:50.531 [raft-server-1-state] TRACE i.a.utils.serializer.KryoNamespace - class java.util.concurrent.CopyOnWriteArraySet registered as 26
02:49:50.531 [raft-server-1-state] TRACE i.a.utils.serializer.KryoNamespace - class java.util.ArrayList registered as 27
02:49:50.531 [raft-server-1-state] TRACE i.a.utils.serializer.KryoNamespace - class java.util.LinkedList registered as 28
02:49:50.531 [raft-server-1-state] TRACE i.a.utils.serializer.KryoNamespace - class java.util.HashSet registered as 29
02:49:50.531 [raft-server-1-state] TRACE i.a.utils.serializer.KryoNamespace - class java.util.LinkedHashSet registered as 30
02:49:50.531 [raft-server-1-state] TRACE i.a.utils.serializer.KryoNamespace - class com.sun.jmx.remote.internal.ArrayQueue registered as 31
02:49:50.531 [raft-server-1-state] TRACE i.a.utils.serializer.KryoNamespace - class java.util.ArrayDeque registered as 32
02:49:50.531 [raft-server-1-state] TRACE i.a.utils.serializer.KryoNamespace - class com.google.common.collect.HashMultiset registered as 33
02:49:50.531 [raft-server-1-state] TRACE i.a.utils.serializer.KryoNamespace - class com.google.common.collect.Sets registered as 34
02:49:50.531 [raft-server-1-state] TRACE i.a.utils.serializer.KryoNamespace - class com.google.common.collect.ImmutableEntry registered as 35
02:49:50.531 [raft-server-1-state] TRACE i.a.utils.serializer.KryoNamespace - class java.util.Arrays$ArrayList registered as 36
02:49:50.531 [raft-server-1-state] TRACE i.a.utils.serializer.KryoNamespace - class java.util.Collections$SingletonList registered as 37
02:49:50.531 [raft-server-1-state] TRACE i.a.utils.serializer.KryoNamespace - class java.time.Duration registered as 38
02:49:50.531 [raft-server-1-state] TRACE i.a.utils.serializer.KryoNamespace - class java.util.Collections$EmptySet registered as 39
02:49:50.531 [raft-server-1-state] TRACE i.a.utils.serializer.KryoNamespace - class java.util.Optional registered as 40
02:49:50.531 [raft-server-1-state] TRACE i.a.utils.serializer.KryoNamespace - class java.util.Collections$EmptyList registered as 41
02:49:50.531 [raft-server-1-state] TRACE i.a.utils.serializer.KryoNamespace - class java.util.Collections$SingletonSet registered as 42
02:49:50.531 [raft-server-1-state] TRACE i.a.utils.serializer.KryoNamespace - class [I registered as 43
02:49:50.532 [raft-server-1-state] TRACE i.a.utils.serializer.KryoNamespace - class [J registered as 44
02:49:50.532 [raft-server-1-state] TRACE i.a.utils.serializer.KryoNamespace - class [S registered as 45
02:49:50.532 [raft-server-1-state] TRACE i.a.utils.serializer.KryoNamespace - class [D registered as 46
02:49:50.532 [raft-server-1-state] TRACE i.a.utils.serializer.KryoNamespace - class [F registered as 47
02:49:50.532 [raft-server-1-state] TRACE i.a.utils.serializer.KryoNamespace - class [C registered as 48
02:49:50.532 [raft-server-1-state] TRACE i.a.utils.serializer.KryoNamespace - class [Ljava.lang.String; registered as 49
02:49:50.532 [raft-server-1-state] TRACE i.a.utils.serializer.KryoNamespace - class [Z registered as 50
02:49:50.532 [raft-server-1-state] TRACE i.a.utils.serializer.KryoNamespace - class [Ljava.lang.Object; registered as 51
02:49:50.532 [raft-server-1-state] TRACE i.a.utils.serializer.KryoNamespace - class io.atomix.primitive.service.ServiceConfig registered as 52
02:49:50.532 [raft-server-1-compaction] DEBUG i.a.p.r.s.snapshot.SnapshotStore - Created disk snapshot: FileSnapshot{index=30}
02:49:50.768 [raft-server-2] DEBUG i.a.storage.journal.SegmentedJournal - Created disk segment: JournalSegment{id=4, version=1, index=31, size=64}
02:49:50.768 [raft-server-3] DEBUG i.a.storage.journal.SegmentedJournal - Created disk segment: JournalSegment{id=4, version=1, index=31, size=64}
02:49:50.768 [raft-server-2] TRACE i.a.p.raft.roles.FollowerRole - RaftServer{2}{role=FOLLOWER} - Appended Indexed{index=31, entry=CommandEntry{term=1, timestamp=2018-06-09 02:49:50,342, session=2, sequence=25, operation=PrimitiveOperation{id=DefaultOperationId{id=write, type=COMMAND}, value=byte[]{length=17, hash=-1644578928}}}}
02:49:50.768 [raft-server-3] TRACE i.a.p.raft.roles.FollowerRole - RaftServer{3}{role=FOLLOWER} - Appended Indexed{index=31, entry=CommandEntry{term=1, timestamp=2018-06-09 02:49:50,342, session=2, sequence=25, operation=PrimitiveOperation{id=DefaultOperationId{id=write, type=COMMAND}, value=byte[]{length=17, hash=-1644578928}}}}
02:49:50.934 [raft-server-2] TRACE i.a.p.raft.roles.FollowerRole - RaftServer{2}{role=FOLLOWER} - Committed entries up to index 30
02:49:50.935 [raft-server-3] TRACE i.a.p.raft.roles.FollowerRole - RaftServer{3}{role=FOLLOWER} - Committed entries up to index 30
02:49:50.935 [raft-server-2] TRACE i.a.p.raft.roles.FollowerRole - RaftServer{2}{role=FOLLOWER} - Sending AppendResponse{status=OK, term=1, succeeded=true, lastLogIndex=31}
02:49:50.935 [raft-server-3] TRACE i.a.p.raft.roles.FollowerRole - RaftServer{3}{role=FOLLOWER} - Sending AppendResponse{status=OK, term=1, succeeded=true, lastLogIndex=31}
02:49:50.935 [raft-server-1] TRACE i.a.p.raft.roles.LeaderAppender - RaftServer{1} - Received AppendResponse{status=OK, term=1, succeeded=true, lastLogIndex=31} from 2
02:49:50.935 [raft-server-1] TRACE i.a.p.raft.roles.LeaderAppender - RaftServer{1} - Committed entries up to 31
02:49:50.935 [raft-server-2] DEBUG i.a.p.raft.impl.RaftServiceManager - RaftServer{2} - Snapshotting services
02:49:50.935 [raft-server-3-state] TRACE i.a.p.raft.impl.RaftServiceManager - RaftServer{3} - Applying Indexed{index=30, entry=CommandEntry{term=1, timestamp=2018-06-09 02:49:50,267, session=2, sequence=24, operation=PrimitiveOperation{id=DefaultOperationId{id=write, type=COMMAND}, value=byte[]{length=17, hash=-1644578928}}}}
02:49:50.935 [raft-server-2-state] DEBUG i.a.p.r.s.snapshot.SnapshotStore - Created memory snapshot: MemorySnapshot{index=29}
02:49:50.935 [raft-server-3-state] TRACE i.a.p.s.impl.DefaultServiceExecutor - PrimitiveService{2}{type=io.atomix.protocols.raft.RaftTest$TestPrimitiveType@2669790c, name=raft-test} - Executing DefaultCommit{index=30, session=RaftSession{RaftServiceContext{server=3, type=io.atomix.protocols.raft.RaftTest$TestPrimitiveType@2669790c, name=raft-test, id=2}, session=2, timestamp=2018-06-09 02:49:50,267}, time=2018-06-09 02:49:50,267, operation=DefaultOperationId{id=write, type=COMMAND}, value=byte[]{length=17, hash=-1644578928}}
02:49:50.935 [raft-server-2-state] TRACE i.a.utils.serializer.KryoNamespace - Creating Kryo instance for KryoNamespace{registeredBlocks=[RegistrationBlock{begin=16, types=[([Ljava.lang.Class;@6b321262,null), ([Ljava.lang.Class;@68b11545,null), ([Ljava.lang.Class;@7d0100ea,null), ([Ljava.lang.Class;@357bc488,null), ([Ljava.lang.Class;@4ea17147,io.atomix.utils.serializer.serializers.ImmutableListSerializer@2eda4eeb), ([Ljava.lang.Class;@5ba90d8a,io.atomix.utils.serializer.serializers.ImmutableSetSerializer@309dcdf3), ([Ljava.lang.Class;@7573b9ee,io.atomix.utils.serializer.serializers.ImmutableMapSerializer@9a20cbd), ([Ljava.lang.Class;@1af4955e,null), ([Ljava.lang.Class;@445821a6,null), ([Ljava.lang.Class;@2c0c4c0a,null), ([Ljava.lang.Class;@35d26ad2,null), ([Ljava.lang.Class;@bb25753,null), ([Ljava.lang.Class;@ee21292,null), ([Ljava.lang.Class;@40c06358,null), ([Ljava.lang.Class;@66e21568,null), ([Ljava.lang.Class;@7f73ce28,null), ([Ljava.lang.Class;@611b35d6,null), ([Ljava.lang.Class;@2282400e,null), ([Ljava.lang.Class;@543d5863,null), ([Ljava.lang.Class;@35dece42,null), ([Ljava.lang.Class;@dd3f8aa,io.atomix.utils.serializer.serializers.ArraysAsListSerializer@3d615b2e), ([Ljava.lang.Class;@3a1f2a1,null), ([Ljava.lang.Class;@40ce9049,null), ([Ljava.lang.Class;@52ca2652,null), ([Ljava.lang.Class;@65c5bf0e,null), ([Ljava.lang.Class;@697d6ded,null), ([Ljava.lang.Class;@5d05f453,null), ([Ljava.lang.Class;@5efeb117,null), ([Ljava.lang.Class;@160b4809,null), ([Ljava.lang.Class;@149b4d20,null), ([Ljava.lang.Class;@664e848c,null), ([Ljava.lang.Class;@4d93f75b,null), ([Ljava.lang.Class;@114a5e0,null), ([Ljava.lang.Class;@4f281aaf,null), ([Ljava.lang.Class;@5d508d22,null), ([Ljava.lang.Class;@f2b90fc,null)]}, RegistrationBlock{begin=52, types=[([Ljava.lang.Class;@ba11eed,null)]}]}
02:49:50.935 [raft-server-2-state] TRACE i.a.utils.serializer.KryoNamespace - class [B registered as 16
02:49:50.935 [raft-server-2-state] TRACE i.a.utils.serializer.KryoNamespace - class java.util.concurrent.atomic.AtomicBoolean registered as 17
02:49:50.936 [raft-server-2-state] TRACE i.a.utils.serializer.KryoNamespace - class java.util.concurrent.atomic.AtomicInteger registered as 18
02:49:50.936 [raft-server-2-state] TRACE i.a.utils.serializer.KryoNamespace - class java.util.concurrent.atomic.AtomicLong registered as 19
02:49:50.936 [raft-server-2-state] TRACE i.a.utils.serializer.KryoNamespace - class com.google.common.collect.ImmutableList registered as 20
02:49:50.936 [raft-server-2-state] TRACE i.a.utils.serializer.KryoNamespace - class com.google.common.collect.RegularImmutableList registered as 20
02:49:50.936 [raft-server-2-state] TRACE i.a.utils.serializer.KryoNamespace - class com.google.common.collect.RegularImmutableList registered as 20
02:49:50.936 [raft-server-2-state] TRACE i.a.utils.serializer.KryoNamespace - class com.google.common.collect.ImmutableList$SubList registered as 20
02:49:50.936 [raft-server-2-state] TRACE i.a.utils.serializer.KryoNamespace - class com.google.common.collect.ImmutableSet registered as 21
02:49:50.936 [raft-server-2-state] TRACE i.a.utils.serializer.KryoNamespace - class com.google.common.collect.RegularImmutableSet registered as 21
02:49:50.936 [raft-server-2-state] TRACE i.a.utils.serializer.KryoNamespace - class com.google.common.collect.SingletonImmutableSet registered as 21
02:49:50.936 [raft-server-2-state] TRACE i.a.utils.serializer.KryoNamespace - class com.google.common.collect.RegularImmutableSet registered as 21
02:49:50.936 [raft-server-2-state] TRACE i.a.utils.serializer.KryoNamespace - class com.google.common.collect.ImmutableMap registered as 22
02:49:50.936 [raft-server-2-state] TRACE i.a.utils.serializer.KryoNamespace - class com.google.common.collect.RegularImmutableMap registered as 22
02:49:50.936 [raft-server-2-state] TRACE i.a.utils.serializer.KryoNamespace - class com.google.common.collect.RegularImmutableMap registered as 22
02:49:50.936 [raft-server-2-state] TRACE i.a.utils.serializer.KryoNamespace - class com.google.common.collect.RegularImmutableMap registered as 22
02:49:50.936 [raft-server-2-state] TRACE i.a.utils.serializer.KryoNamespace - class java.util.Collections$UnmodifiableSet registered as 23
02:49:50.936 [raft-server-2-state] TRACE i.a.utils.serializer.KryoNamespace - class java.util.HashMap registered as 24
02:49:50.936 [raft-server-2-state] TRACE i.a.utils.serializer.KryoNamespace - class java.util.concurrent.ConcurrentHashMap registered as 25
02:49:50.936 [raft-server-2-state] TRACE i.a.utils.serializer.KryoNamespace - class java.util.concurrent.CopyOnWriteArraySet registered as 26
02:49:50.936 [raft-server-2-state] TRACE i.a.utils.serializer.KryoNamespace - class java.util.ArrayList registered as 27
02:49:50.936 [raft-server-2-state] TRACE i.a.utils.serializer.KryoNamespace - class java.util.LinkedList registered as 28
02:49:50.936 [raft-server-2-state] TRACE i.a.utils.serializer.KryoNamespace - class java.util.HashSet registered as 29
02:49:50.936 [raft-server-2-state] TRACE i.a.utils.serializer.KryoNamespace - class java.util.LinkedHashSet registered as 30
02:49:50.936 [raft-server-2-state] TRACE i.a.utils.serializer.KryoNamespace - class com.sun.jmx.remote.internal.ArrayQueue registered as 31
02:49:50.937 [raft-server-2-state] TRACE i.a.utils.serializer.KryoNamespace - class java.util.ArrayDeque registered as 32
02:49:50.937 [raft-server-2-state] TRACE i.a.utils.serializer.KryoNamespace - class com.google.common.collect.HashMultiset registered as 33
02:49:50.937 [raft-server-2-state] TRACE i.a.utils.serializer.KryoNamespace - class com.google.common.collect.Sets registered as 34
02:49:50.937 [raft-server-2-state] TRACE i.a.utils.serializer.KryoNamespace - class com.google.common.collect.ImmutableEntry registered as 35
02:49:50.937 [raft-server-2-state] TRACE i.a.utils.serializer.KryoNamespace - class java.util.Arrays$ArrayList registered as 36
02:49:50.937 [raft-server-2-state] TRACE i.a.utils.serializer.KryoNamespace - class java.util.Collections$SingletonList registered as 37
02:49:50.937 [raft-server-2-state] TRACE i.a.utils.serializer.KryoNamespace - class java.time.Duration registered as 38
02:49:50.937 [raft-server-2-state] TRACE i.a.utils.serializer.KryoNamespace - class java.util.Collections$EmptySet registered as 39
02:49:50.937 [raft-server-2-state] TRACE i.a.utils.serializer.KryoNamespace - class java.util.Optional registered as 40
02:49:50.937 [raft-server-2-state] TRACE i.a.utils.serializer.KryoNamespace - class java.util.Collections$EmptyList registered as 41
02:49:50.937 [raft-server-2-state] TRACE i.a.utils.serializer.KryoNamespace - class java.util.Collections$SingletonSet registered as 42
02:49:50.937 [raft-server-2-state] TRACE i.a.utils.serializer.KryoNamespace - class [I registered as 43
02:49:50.937 [raft-server-2-state] TRACE i.a.utils.serializer.KryoNamespace - class [J registered as 44
02:49:50.937 [raft-server-2-state] TRACE i.a.utils.serializer.KryoNamespace - class [S registered as 45
02:49:50.937 [raft-server-2-state] TRACE i.a.utils.serializer.KryoNamespace - class [D registered as 46
02:49:50.937 [raft-server-2-state] TRACE i.a.utils.serializer.KryoNamespace - class [F registered as 47
02:49:50.937 [raft-server-2-state] TRACE i.a.utils.serializer.KryoNamespace - class [C registered as 48
02:49:50.937 [raft-server-2-state] TRACE i.a.utils.serializer.KryoNamespace - class [Ljava.lang.String; registered as 49
02:49:50.937 [raft-server-2-state] TRACE i.a.utils.serializer.KryoNamespace - class [Z registered as 50
02:49:50.938 [raft-server-2-state] TRACE i.a.utils.serializer.KryoNamespace - class [Ljava.lang.Object; registered as 51
02:49:50.938 [raft-server-2-state] TRACE i.a.utils.serializer.KryoNamespace - class io.atomix.primitive.service.ServiceConfig registered as 52
02:49:50.938 [raft-server-2-state] DEBUG i.a.p.r.service.RaftServiceContext - PrimitiveService{2}{type=io.atomix.protocols.raft.RaftTest$TestPrimitiveType@10ad7eb5, name=raft-test} - Taking snapshot 29
02:49:50.938 [raft-server-2-state] TRACE i.a.utils.serializer.KryoNamespace - Creating Kryo instance for KryoNamespace{registeredBlocks=[RegistrationBlock{begin=16, types=[([Ljava.lang.Class;@6b321262,null), ([Ljava.lang.Class;@68b11545,null), ([Ljava.lang.Class;@7d0100ea,null), ([Ljava.lang.Class;@357bc488,null), ([Ljava.lang.Class;@4ea17147,io.atomix.utils.serializer.serializers.ImmutableListSerializer@2eda4eeb), ([Ljava.lang.Class;@5ba90d8a,io.atomix.utils.serializer.serializers.ImmutableSetSerializer@309dcdf3), ([Ljava.lang.Class;@7573b9ee,io.atomix.utils.serializer.serializers.ImmutableMapSerializer@9a20cbd), ([Ljava.lang.Class;@1af4955e,null), ([Ljava.lang.Class;@445821a6,null), ([Ljava.lang.Class;@2c0c4c0a,null), ([Ljava.lang.Class;@35d26ad2,null), ([Ljava.lang.Class;@bb25753,null), ([Ljava.lang.Class;@ee21292,null), ([Ljava.lang.Class;@40c06358,null), ([Ljava.lang.Class;@66e21568,null), ([Ljava.lang.Class;@7f73ce28,null), ([Ljava.lang.Class;@611b35d6,null), ([Ljava.lang.Class;@2282400e,null), ([Ljava.lang.Class;@543d5863,null), ([Ljava.lang.Class;@35dece42,null), ([Ljava.lang.Class;@dd3f8aa,io.atomix.utils.serializer.serializers.ArraysAsListSerializer@3d615b2e), ([Ljava.lang.Class;@3a1f2a1,null), ([Ljava.lang.Class;@40ce9049,null), ([Ljava.lang.Class;@52ca2652,null), ([Ljava.lang.Class;@65c5bf0e,null), ([Ljava.lang.Class;@697d6ded,null), ([Ljava.lang.Class;@5d05f453,null), ([Ljava.lang.Class;@5efeb117,null), ([Ljava.lang.Class;@160b4809,null), ([Ljava.lang.Class;@149b4d20,null), ([Ljava.lang.Class;@664e848c,null), ([Ljava.lang.Class;@4d93f75b,null), ([Ljava.lang.Class;@114a5e0,null), ([Ljava.lang.Class;@4f281aaf,null), ([Ljava.lang.Class;@5d508d22,null), ([Ljava.lang.Class;@f2b90fc,null)]}, RegistrationBlock{begin=52, types=[([Ljava.lang.Class;@ff8a0d5,null)]}]}
02:49:50.938 [raft-server-2-state] TRACE i.a.utils.serializer.KryoNamespace - class [B registered as 16
02:49:50.938 [raft-server-2-state] TRACE i.a.utils.serializer.KryoNamespace - class java.util.concurrent.atomic.AtomicBoolean registered as 17
02:49:50.938 [raft-server-2-state] TRACE i.a.utils.serializer.KryoNamespace - class java.util.concurrent.atomic.AtomicInteger registered as 18
02:49:50.938 [raft-server-2-state] TRACE i.a.utils.serializer.KryoNamespace - class java.util.concurrent.atomic.AtomicLong registered as 19
02:49:50.938 [raft-server-2-state] TRACE i.a.utils.serializer.KryoNamespace - class com.google.common.collect.ImmutableList registered as 20
02:49:50.938 [raft-server-2-state] TRACE i.a.utils.serializer.KryoNamespace - class com.google.common.collect.RegularImmutableList registered as 20
02:49:50.938 [raft-server-2-state] TRACE i.a.utils.serializer.KryoNamespace - class com.google.common.collect.RegularImmutableList registered as 20
02:49:50.938 [raft-server-2-state] TRACE i.a.utils.serializer.KryoNamespace - class com.google.common.collect.ImmutableList$SubList registered as 20
02:49:50.938 [raft-server-2-state] TRACE i.a.utils.serializer.KryoNamespace - class com.google.common.collect.ImmutableSet registered as 21
02:49:50.938 [raft-server-2-state] TRACE i.a.utils.serializer.KryoNamespace - class com.google.common.collect.RegularImmutableSet registered as 21
02:49:50.938 [raft-server-2-state] TRACE i.a.utils.serializer.KryoNamespace - class com.google.common.collect.SingletonImmutableSet registered as 21
02:49:50.938 [raft-server-2-state] TRACE i.a.utils.serializer.KryoNamespace - class com.google.common.collect.RegularImmutableSet registered as 21
02:49:50.938 [raft-server-2-state] TRACE i.a.utils.serializer.KryoNamespace - class com.google.common.collect.ImmutableMap registered as 22
02:49:50.938 [raft-server-2-state] TRACE i.a.utils.serializer.KryoNamespace - class com.google.common.collect.RegularImmutableMap registered as 22
02:49:50.938 [raft-server-2-state] TRACE i.a.utils.serializer.KryoNamespace - class com.google.common.collect.RegularImmutableMap registered as 22
02:49:50.938 [raft-server-2-state] TRACE i.a.utils.serializer.KryoNamespace - class com.google.common.collect.RegularImmutableMap registered as 22
02:49:50.938 [raft-server-2-state] TRACE i.a.utils.serializer.KryoNamespace - class java.util.Collections$UnmodifiableSet registered as 23
02:49:50.939 [raft-server-2-state] TRACE i.a.utils.serializer.KryoNamespace - class java.util.HashMap registered as 24
02:49:50.939 [raft-server-2-state] TRACE i.a.utils.serializer.KryoNamespace - class java.util.concurrent.ConcurrentHashMap registered as 25
02:49:50.939 [raft-server-2-state] TRACE i.a.utils.serializer.KryoNamespace - class java.util.concurrent.CopyOnWriteArraySet registered as 26
02:49:50.939 [raft-server-2-state] TRACE i.a.utils.serializer.KryoNamespace - class java.util.ArrayList registered as 27
02:49:50.939 [raft-server-2-state] TRACE i.a.utils.serializer.KryoNamespace - class java.util.LinkedList registered as 28
02:49:50.939 [raft-server-2-state] TRACE i.a.utils.serializer.KryoNamespace - class java.util.HashSet registered as 29
02:49:50.939 [raft-server-2-state] TRACE i.a.utils.serializer.KryoNamespace - class java.util.LinkedHashSet registered as 30
02:49:50.939 [raft-server-2-state] TRACE i.a.utils.serializer.KryoNamespace - class com.sun.jmx.remote.internal.ArrayQueue registered as 31
02:49:50.939 [raft-server-2-state] TRACE i.a.utils.serializer.KryoNamespace - class java.util.ArrayDeque registered as 32
02:49:50.939 [raft-server-2-state] TRACE i.a.utils.serializer.KryoNamespace - class com.google.common.collect.HashMultiset registered as 33
02:49:50.939 [raft-server-2-state] TRACE i.a.utils.serializer.KryoNamespace - class com.google.common.collect.Sets registered as 34
02:49:50.939 [raft-server-2-state] TRACE i.a.utils.serializer.KryoNamespace - class com.google.common.collect.ImmutableEntry registered as 35
02:49:50.939 [raft-server-2-state] TRACE i.a.utils.serializer.KryoNamespace - class java.util.Arrays$ArrayList registered as 36
02:49:50.939 [raft-server-2-state] TRACE i.a.utils.serializer.KryoNamespace - class java.util.Collections$SingletonList registered as 37
02:49:50.939 [raft-server-2-state] TRACE i.a.utils.serializer.KryoNamespace - class java.time.Duration registered as 38
02:49:50.939 [raft-server-2-state] TRACE i.a.utils.serializer.KryoNamespace - class java.util.Collections$EmptySet registered as 39
02:49:50.939 [raft-server-2-state] TRACE i.a.utils.serializer.KryoNamespace - class java.util.Optional registered as 40
02:49:50.939 [raft-server-2-state] TRACE i.a.utils.serializer.KryoNamespace - class java.util.Collections$EmptyList registered as 41
02:49:50.939 [raft-server-2-state] TRACE i.a.utils.serializer.KryoNamespace - class java.util.Collections$SingletonSet registered as 42
02:49:50.939 [raft-server-2-state] TRACE i.a.utils.serializer.KryoNamespace - class [I registered as 43
02:49:50.940 [raft-server-2-state] TRACE i.a.utils.serializer.KryoNamespace - class [J registered as 44
02:49:50.940 [raft-server-2-state] TRACE i.a.utils.serializer.KryoNamespace - class [S registered as 45
02:49:50.940 [raft-server-2-state] TRACE i.a.utils.serializer.KryoNamespace - class [D registered as 46
02:49:50.940 [raft-server-2-state] TRACE i.a.utils.serializer.KryoNamespace - class [F registered as 47
02:49:50.940 [raft-server-2-state] TRACE i.a.utils.serializer.KryoNamespace - class [C registered as 48
02:49:50.940 [raft-server-2-state] TRACE i.a.utils.serializer.KryoNamespace - class [Ljava.lang.String; registered as 49
02:49:50.940 [raft-server-2-state] TRACE i.a.utils.serializer.KryoNamespace - class [Z registered as 50
02:49:50.940 [raft-server-2-state] TRACE i.a.utils.serializer.KryoNamespace - class [Ljava.lang.Object; registered as 51
02:49:50.940 [raft-server-2-state] TRACE i.a.utils.serializer.KryoNamespace - class io.atomix.primitive.service.ServiceConfig registered as 52
02:49:50.940 [raft-server-2-state] TRACE i.a.p.raft.impl.RaftServiceManager - RaftServer{2} - Applying Indexed{index=30, entry=CommandEntry{term=1, timestamp=2018-06-09 02:49:50,267, session=2, sequence=24, operation=PrimitiveOperation{id=DefaultOperationId{id=write, type=COMMAND}, value=byte[]{length=17, hash=-1644578928}}}}
02:49:50.940 [raft-server-2-state] TRACE i.a.p.s.impl.DefaultServiceExecutor - PrimitiveService{2}{type=io.atomix.protocols.raft.RaftTest$TestPrimitiveType@10ad7eb5, name=raft-test} - Executing DefaultCommit{index=30, session=RaftSession{RaftServiceContext{server=2, type=io.atomix.protocols.raft.RaftTest$TestPrimitiveType@10ad7eb5, name=raft-test, id=2}, session=2, timestamp=2018-06-09 02:49:50,267}, time=2018-06-09 02:49:50,267, operation=DefaultOperationId{id=write, type=COMMAND}, value=byte[]{length=17, hash=-1644578928}}
02:49:50.940 [raft-server-2-compaction] DEBUG i.a.p.r.s.snapshot.SnapshotStore - Created disk snapshot: FileSnapshot{index=29}
02:49:51.006 [raft-server-1] TRACE i.a.p.raft.roles.LeaderAppender - RaftServer{1} - Sending AppendRequest{term=1, leader=1, prevLogIndex=31, prevLogTerm=1, entries=0, commitIndex=31} to 2
02:49:51.006 [raft-server-1] TRACE i.a.p.raft.roles.LeaderAppender - RaftServer{1} - Received AppendResponse{status=OK, term=1, succeeded=true, lastLogIndex=31} from 3
02:49:51.006 [raft-server-2] TRACE i.a.p.raft.roles.FollowerRole - RaftServer{2}{role=FOLLOWER} - Received AppendRequest{term=1, leader=1, prevLogIndex=31, prevLogTerm=1, entries=0, commitIndex=31}
02:49:51.006 [raft-server-1] TRACE i.a.p.raft.roles.LeaderAppender - RaftServer{1} - Sending AppendRequest{term=1, leader=1, prevLogIndex=31, prevLogTerm=1, entries=0, commitIndex=31} to 3
02:49:51.006 [raft-server-3] TRACE i.a.p.raft.roles.FollowerRole - RaftServer{3}{role=FOLLOWER} - Received AppendRequest{term=1, leader=1, prevLogIndex=31, prevLogTerm=1, entries=0, commitIndex=31}
02:49:51.006 [raft-server-1-state] TRACE i.a.p.raft.impl.RaftServiceManager - RaftServer{1} - Applying Indexed{index=31, entry=CommandEntry{term=1, timestamp=2018-06-09 02:49:50,342, session=2, sequence=25, operation=PrimitiveOperation{id=DefaultOperationId{id=write, type=COMMAND}, value=byte[]{length=17, hash=-1644578928}}}}
02:49:51.006 [raft-server-1-state] TRACE i.a.p.s.impl.DefaultServiceExecutor - PrimitiveService{2}{type=io.atomix.protocols.raft.RaftTest$TestPrimitiveType@2df83e7, name=raft-test} - Executing DefaultCommit{index=31, session=RaftSession{RaftServiceContext{server=1, type=io.atomix.protocols.raft.RaftTest$TestPrimitiveType@2df83e7, name=raft-test, id=2}, session=2, timestamp=2018-06-09 02:49:50,342}, time=2018-06-09 02:49:50,342, operation=DefaultOperationId{id=write, type=COMMAND}, value=byte[]{length=17, hash=-1644578928}}
02:49:51.006 [raft-server-1-state] TRACE i.a.protocols.raft.roles.LeaderRole - RaftServer{1}{role=LEADER} - Sending CommandResponse{status=OK, index=31, eventIndex=2, result=byte[]{length=2, hash=1302}}
02:49:51.147 [raft-server-3] TRACE i.a.p.raft.roles.FollowerRole - RaftServer{3}{role=FOLLOWER} - Committed entries up to index 31
02:49:51.148 [raft-server-3] TRACE i.a.p.raft.roles.FollowerRole - RaftServer{3}{role=FOLLOWER} - Sending AppendResponse{status=OK, term=1, succeeded=true, lastLogIndex=31}
02:49:51.148 [raft-server-1] TRACE i.a.p.raft.roles.LeaderAppender - RaftServer{1} - Received AppendResponse{status=OK, term=1, succeeded=true, lastLogIndex=31} from 3
02:49:51.148 [raft-server-1] TRACE i.a.p.raft.roles.LeaderAppender - RaftServer{1} - Sending AppendRequest{term=1, leader=1, prevLogIndex=31, prevLogTerm=1, entries=0, commitIndex=31} to 3
02:49:51.148 [raft-server-3-state] TRACE i.a.p.raft.impl.RaftServiceManager - RaftServer{3} - Applying Indexed{index=31, entry=CommandEntry{term=1, timestamp=2018-06-09 02:49:50,342, session=2, sequence=25, operation=PrimitiveOperation{id=DefaultOperationId{id=write, type=COMMAND}, value=byte[]{length=17, hash=-1644578928}}}}
02:49:51.148 [raft-server-3] TRACE i.a.p.raft.roles.FollowerRole - RaftServer{3}{role=FOLLOWER} - Received AppendRequest{term=1, leader=1, prevLogIndex=31, prevLogTerm=1, entries=0, commitIndex=31}
02:49:51.148 [raft-server-3] TRACE i.a.p.raft.roles.FollowerRole - RaftServer{3}{role=FOLLOWER} - Sending AppendResponse{status=OK, term=1, succeeded=true, lastLogIndex=31}
02:49:51.148 [raft-server-3-state] TRACE i.a.p.s.impl.DefaultServiceExecutor - PrimitiveService{2}{type=io.atomix.protocols.raft.RaftTest$TestPrimitiveType@2669790c, name=raft-test} - Executing DefaultCommit{index=31, session=RaftSession{RaftServiceContext{server=3, type=io.atomix.protocols.raft.RaftTest$TestPrimitiveType@2669790c, name=raft-test, id=2}, session=2, timestamp=2018-06-09 02:49:50,342}, time=2018-06-09 02:49:50,342, operation=DefaultOperationId{id=write, type=COMMAND}, value=byte[]{length=17, hash=-1644578928}}
02:49:51.148 [raft-server-2] TRACE i.a.p.raft.roles.FollowerRole - RaftServer{2}{role=FOLLOWER} - Committed entries up to index 31
02:49:51.148 [raft-server-1] TRACE i.a.p.raft.roles.LeaderAppender - RaftServer{1} - Received AppendResponse{status=OK, term=1, succeeded=true, lastLogIndex=31} from 3
02:49:51.148 [raft-server-2] TRACE i.a.p.raft.roles.FollowerRole - RaftServer{2}{role=FOLLOWER} - Sending AppendResponse{status=OK, term=1, succeeded=true, lastLogIndex=31}
02:49:51.148 [raft-server-1] TRACE i.a.p.raft.roles.LeaderAppender - RaftServer{1} - Received AppendResponse{status=OK, term=1, succeeded=true, lastLogIndex=31} from 2
02:49:51.148 [raft-server-2] TRACE i.a.p.raft.roles.FollowerRole - RaftServer{2}{role=FOLLOWER} - Sending CommandResponse{status=OK, index=31, eventIndex=2, result=byte[]{length=2, hash=1302}}
02:49:51.148 [raft-server-2-state] TRACE i.a.p.raft.impl.RaftServiceManager - RaftServer{2} - Applying Indexed{index=31, entry=CommandEntry{term=1, timestamp=2018-06-09 02:49:50,342, session=2, sequence=25, operation=PrimitiveOperation{id=DefaultOperationId{id=write, type=COMMAND}, value=byte[]{length=17, hash=-1644578928}}}}
02:49:51.148 [raft-server-2-state] TRACE i.a.p.s.impl.DefaultServiceExecutor - PrimitiveService{2}{type=io.atomix.protocols.raft.RaftTest$TestPrimitiveType@10ad7eb5, name=raft-test} - Executing DefaultCommit{index=31, session=RaftSession{RaftServiceContext{server=2, type=io.atomix.protocols.raft.RaftTest$TestPrimitiveType@10ad7eb5, name=raft-test, id=2}, session=2, timestamp=2018-06-09 02:49:50,342}, time=2018-06-09 02:49:50,342, operation=DefaultOperationId{id=write, type=COMMAND}, value=byte[]{length=17, hash=-1644578928}}
02:49:51.148 [raft-client-86eccf48-f731-4463-9ff4-1338804a1578-1] TRACE i.a.p.r.p.impl.RaftProxyConnection - SessionClient{2}{type=io.atomix.protocols.raft.RaftTest$TestPrimitiveType@35bfa1bb, name=raft-test} - Received CommandResponse{status=OK, index=31, eventIndex=2, result=byte[]{length=2, hash=1302}} from 2
02:49:51.149 [raft-client-86eccf48-f731-4463-9ff4-1338804a1578-1] TRACE i.a.p.r.p.impl.RaftProxySequencer - SessionClient{2}{type=io.atomix.protocols.raft.RaftTest$TestPrimitiveType@35bfa1bb, name=raft-test} - Completing response CommandResponse{status=OK, index=31, eventIndex=2, result=byte[]{length=2, hash=1302}}
02:49:51.149 [raft-client-86eccf48-f731-4463-9ff4-1338804a1578-1] TRACE i.a.p.r.p.impl.RaftProxyConnection - SessionClient{2}{type=io.atomix.protocols.raft.RaftTest$TestPrimitiveType@35bfa1bb, name=raft-test} - Sending CommandRequest{session=2, sequence=26, operation=PrimitiveOperation{id=DefaultOperationId{id=write, type=COMMAND}, value=byte[]{length=17, hash=-1644578928}}} to 2
02:49:51.149 [raft-server-2] TRACE i.a.p.raft.roles.FollowerRole - RaftServer{2}{role=FOLLOWER} - Received CommandRequest{session=2, sequence=26, operation=PrimitiveOperation{id=DefaultOperationId{id=write, type=COMMAND}, value=byte[]{length=17, hash=-1644578928}}}
02:49:51.149 [raft-server-1] TRACE i.a.protocols.raft.roles.LeaderRole - RaftServer{1}{role=LEADER} - Received CommandRequest{session=2, sequence=26, operation=PrimitiveOperation{id=DefaultOperationId{id=write, type=COMMAND}, value=byte[]{length=17, hash=-1644578928}}}
02:49:51.149 [raft-server-1] TRACE i.a.protocols.raft.roles.LeaderRole - RaftServer{1}{role=LEADER} - Appended Indexed{index=32, entry=CommandEntry{term=1, timestamp=2018-06-09 02:49:51,149, session=2, sequence=26, operation=PrimitiveOperation{id=DefaultOperationId{id=write, type=COMMAND}, value=byte[]{length=17, hash=-1644578928}}}}
02:49:51.149 [raft-server-1] TRACE i.a.p.raft.roles.LeaderAppender - RaftServer{1} - Sending AppendRequest{term=1, leader=1, prevLogIndex=31, prevLogTerm=1, entries=1, commitIndex=31} to 3
02:49:51.149 [raft-server-1] TRACE i.a.p.raft.roles.LeaderAppender - RaftServer{1} - Sending AppendRequest{term=1, leader=1, prevLogIndex=31, prevLogTerm=1, entries=1, commitIndex=31} to 2
02:49:51.150 [raft-server-2] TRACE i.a.p.raft.roles.FollowerRole - RaftServer{2}{role=FOLLOWER} - Received AppendRequest{term=1, leader=1, prevLogIndex=31, prevLogTerm=1, entries=1, commitIndex=31}
02:49:51.150 [raft-server-3] TRACE i.a.p.raft.roles.FollowerRole - RaftServer{3}{role=FOLLOWER} - Received AppendRequest{term=1, leader=1, prevLogIndex=31, prevLogTerm=1, entries=1, commitIndex=31}
02:49:51.150 [raft-server-2] TRACE i.a.p.raft.roles.FollowerRole - RaftServer{2}{role=FOLLOWER} - Appended Indexed{index=32, entry=CommandEntry{term=1, timestamp=2018-06-09 02:49:51,149, session=2, sequence=26, operation=PrimitiveOperation{id=DefaultOperationId{id=write, type=COMMAND}, value=byte[]{length=17, hash=-1644578928}}}}
02:49:51.150 [raft-server-2] TRACE i.a.p.raft.roles.FollowerRole - RaftServer{2}{role=FOLLOWER} - Sending AppendResponse{status=OK, term=1, succeeded=true, lastLogIndex=32}
02:49:51.150 [raft-server-3] TRACE i.a.p.raft.roles.FollowerRole - RaftServer{3}{role=FOLLOWER} - Appended Indexed{index=32, entry=CommandEntry{term=1, timestamp=2018-06-09 02:49:51,149, session=2, sequence=26, operation=PrimitiveOperation{id=DefaultOperationId{id=write, type=COMMAND}, value=byte[]{length=17, hash=-1644578928}}}}
02:49:51.150 [raft-server-3] TRACE i.a.p.raft.roles.FollowerRole - RaftServer{3}{role=FOLLOWER} - Sending AppendResponse{status=OK, term=1, succeeded=true, lastLogIndex=32}
02:49:51.150 [raft-server-1] TRACE i.a.p.raft.roles.LeaderAppender - RaftServer{1} - Received AppendResponse{status=OK, term=1, succeeded=true, lastLogIndex=32} from 2
02:49:51.150 [raft-server-1] TRACE i.a.p.raft.roles.LeaderAppender - RaftServer{1} - Committed entries up to 32
02:49:51.282 [raft-server-1] TRACE i.a.p.raft.roles.LeaderAppender - RaftServer{1} - Received AppendResponse{status=OK, term=1, succeeded=true, lastLogIndex=32} from 3
02:49:51.282 [raft-server-3] DEBUG i.a.p.raft.impl.RaftServiceManager - RaftServer{3} - Snapshotting services
02:49:51.282 [raft-server-1-state] TRACE i.a.p.raft.impl.RaftServiceManager - RaftServer{1} - Applying Indexed{index=32, entry=CommandEntry{term=1, timestamp=2018-06-09 02:49:51,149, session=2, sequence=26, operation=PrimitiveOperation{id=DefaultOperationId{id=write, type=COMMAND}, value=byte[]{length=17, hash=-1644578928}}}}
02:49:51.282 [raft-server-3-state] DEBUG i.a.p.r.s.snapshot.SnapshotStore - Created memory snapshot: MemorySnapshot{index=31}
02:49:51.282 [raft-server-1-state] TRACE i.a.p.s.impl.DefaultServiceExecutor - PrimitiveService{2}{type=io.atomix.protocols.raft.RaftTest$TestPrimitiveType@2df83e7, name=raft-test} - Executing DefaultCommit{index=32, session=RaftSession{RaftServiceContext{server=1, type=io.atomix.protocols.raft.RaftTest$TestPrimitiveType@2df83e7, name=raft-test, id=2}, session=2, timestamp=2018-06-09 02:49:51,149}, time=2018-06-09 02:49:51,149, operation=DefaultOperationId{id=write, type=COMMAND}, value=byte[]{length=17, hash=-1644578928}}
02:49:51.282 [raft-server-3-state] TRACE i.a.utils.serializer.KryoNamespace - Creating Kryo instance for KryoNamespace{registeredBlocks=[RegistrationBlock{begin=16, types=[([Ljava.lang.Class;@6b321262,null), ([Ljava.lang.Class;@68b11545,null), ([Ljava.lang.Class;@7d0100ea,null), ([Ljava.lang.Class;@357bc488,null), ([Ljava.lang.Class;@4ea17147,io.atomix.utils.serializer.serializers.ImmutableListSerializer@2eda4eeb), ([Ljava.lang.Class;@5ba90d8a,io.atomix.utils.serializer.serializers.ImmutableSetSerializer@309dcdf3), ([Ljava.lang.Class;@7573b9ee,io.atomix.utils.serializer.serializers.ImmutableMapSerializer@9a20cbd), ([Ljava.lang.Class;@1af4955e,null), ([Ljava.lang.Class;@445821a6,null), ([Ljava.lang.Class;@2c0c4c0a,null), ([Ljava.lang.Class;@35d26ad2,null), ([Ljava.lang.Class;@bb25753,null), ([Ljava.lang.Class;@ee21292,null), ([Ljava.lang.Class;@40c06358,null), ([Ljava.lang.Class;@66e21568,null), ([Ljava.lang.Class;@7f73ce28,null), ([Ljava.lang.Class;@611b35d6,null), ([Ljava.lang.Class;@2282400e,null), ([Ljava.lang.Class;@543d5863,null), ([Ljava.lang.Class;@35dece42,null), ([Ljava.lang.Class;@dd3f8aa,io.atomix.utils.serializer.serializers.ArraysAsListSerializer@3d615b2e), ([Ljava.lang.Class;@3a1f2a1,null), ([Ljava.lang.Class;@40ce9049,null), ([Ljava.lang.Class;@52ca2652,null), ([Ljava.lang.Class;@65c5bf0e,null), ([Ljava.lang.Class;@697d6ded,null), ([Ljava.lang.Class;@5d05f453,null), ([Ljava.lang.Class;@5efeb117,null), ([Ljava.lang.Class;@160b4809,null), ([Ljava.lang.Class;@149b4d20,null), ([Ljava.lang.Class;@664e848c,null), ([Ljava.lang.Class;@4d93f75b,null), ([Ljava.lang.Class;@114a5e0,null), ([Ljava.lang.Class;@4f281aaf,null), ([Ljava.lang.Class;@5d508d22,null), ([Ljava.lang.Class;@f2b90fc,null)]}, RegistrationBlock{begin=52, types=[([Ljava.lang.Class;@2b8a2b27,null)]}]}
02:49:51.282 [raft-server-1-state] TRACE i.a.protocols.raft.roles.LeaderRole - RaftServer{1}{role=LEADER} - Sending CommandResponse{status=OK, index=32, eventIndex=2, result=byte[]{length=2, hash=1304}}
02:49:51.282 [raft-server-3-state] TRACE i.a.utils.serializer.KryoNamespace - class [B registered as 16
02:49:51.282 [raft-server-2] TRACE i.a.p.raft.roles.FollowerRole - RaftServer{2}{role=FOLLOWER} - Sending CommandResponse{status=OK, index=32, eventIndex=2, result=byte[]{length=2, hash=1304}}
02:49:51.282 [raft-server-3-state] TRACE i.a.utils.serializer.KryoNamespace - class java.util.concurrent.atomic.AtomicBoolean registered as 17
02:49:51.282 [raft-server-3-state] TRACE i.a.utils.serializer.KryoNamespace - class java.util.concurrent.atomic.AtomicInteger registered as 18
02:49:51.283 [raft-server-3-state] TRACE i.a.utils.serializer.KryoNamespace - class java.util.concurrent.atomic.AtomicLong registered as 19
02:49:51.282 [raft-client-86eccf48-f731-4463-9ff4-1338804a1578-2] TRACE i.a.p.r.p.impl.RaftProxyConnection - SessionClient{2}{type=io.atomix.protocols.raft.RaftTest$TestPrimitiveType@35bfa1bb, name=raft-test} - Received CommandResponse{status=OK, index=32, eventIndex=2, result=byte[]{length=2, hash=1304}} from 2
02:49:51.283 [raft-server-3-state] TRACE i.a.utils.serializer.KryoNamespace - class com.google.common.collect.ImmutableList registered as 20
02:49:51.283 [raft-client-86eccf48-f731-4463-9ff4-1338804a1578-2] TRACE i.a.p.r.p.impl.RaftProxySequencer - SessionClient{2}{type=io.atomix.protocols.raft.RaftTest$TestPrimitiveType@35bfa1bb, name=raft-test} - Completing response CommandResponse{status=OK, index=32, eventIndex=2, result=byte[]{length=2, hash=1304}}
02:49:51.283 [raft-server-3-state] TRACE i.a.utils.serializer.KryoNamespace - class com.google.common.collect.RegularImmutableList registered as 20
02:49:51.283 [raft-server-3-state] TRACE i.a.utils.serializer.KryoNamespace - class com.google.common.collect.RegularImmutableList registered as 20
02:49:51.283 [raft-server-3-state] TRACE i.a.utils.serializer.KryoNamespace - class com.google.common.collect.ImmutableList$SubList registered as 20
02:49:51.283 [raft-server-3-state] TRACE i.a.utils.serializer.KryoNamespace - class com.google.common.collect.ImmutableSet registered as 21
02:49:51.283 [raft-server-3-state] TRACE i.a.utils.serializer.KryoNamespace - class com.google.common.collect.RegularImmutableSet registered as 21
02:49:51.283 [raft-server-3-state] TRACE i.a.utils.serializer.KryoNamespace - class com.google.common.collect.SingletonImmutableSet registered as 21
02:49:51.283 [raft-server-3-state] TRACE i.a.utils.serializer.KryoNamespace - class com.google.common.collect.RegularImmutableSet registered as 21
02:49:51.283 [raft-server-3-state] TRACE i.a.utils.serializer.KryoNamespace - class com.google.common.collect.ImmutableMap registered as 22
02:49:51.283 [raft-server-3-state] TRACE i.a.utils.serializer.KryoNamespace - class com.google.common.collect.RegularImmutableMap registered as 22
02:49:51.283 [raft-client-86eccf48-f731-4463-9ff4-1338804a1578-5] TRACE i.a.p.r.p.impl.RaftProxyConnection - SessionClient{2}{type=io.atomix.protocols.raft.RaftTest$TestPrimitiveType@35bfa1bb, name=raft-test} - Sending CommandRequest{session=2, sequence=27, operation=PrimitiveOperation{id=DefaultOperationId{id=write, type=COMMAND}, value=byte[]{length=17, hash=-1644578928}}} to 2
02:49:51.283 [raft-server-3-state] TRACE i.a.utils.serializer.KryoNamespace - class com.google.common.collect.RegularImmutableMap registered as 22
02:49:51.283 [raft-server-3-state] TRACE i.a.utils.serializer.KryoNamespace - class com.google.common.collect.RegularImmutableMap registered as 22
02:49:51.283 [raft-server-2] TRACE i.a.p.raft.roles.FollowerRole - RaftServer{2}{role=FOLLOWER} - Received CommandRequest{session=2, sequence=27, operation=PrimitiveOperation{id=DefaultOperationId{id=write, type=COMMAND}, value=byte[]{length=17, hash=-1644578928}}}
02:49:51.283 [raft-server-3-state] TRACE i.a.utils.serializer.KryoNamespace - class java.util.Collections$UnmodifiableSet registered as 23
02:49:51.283 [raft-server-1] TRACE i.a.protocols.raft.roles.LeaderRole - RaftServer{1}{role=LEADER} - Received CommandRequest{session=2, sequence=27, operation=PrimitiveOperation{id=DefaultOperationId{id=write, type=COMMAND}, value=byte[]{length=17, hash=-1644578928}}}
02:49:51.283 [raft-server-3-state] TRACE i.a.utils.serializer.KryoNamespace - class java.util.HashMap registered as 24
02:49:51.283 [raft-server-3-state] TRACE i.a.utils.serializer.KryoNamespace - class java.util.concurrent.ConcurrentHashMap registered as 25
02:49:51.283 [raft-server-3-state] TRACE i.a.utils.serializer.KryoNamespace - class java.util.concurrent.CopyOnWriteArraySet registered as 26
02:49:51.283 [raft-server-1] TRACE i.a.protocols.raft.roles.LeaderRole - RaftServer{1}{role=LEADER} - Appended Indexed{index=33, entry=CommandEntry{term=1, timestamp=2018-06-09 02:49:51,283, session=2, sequence=27, operation=PrimitiveOperation{id=DefaultOperationId{id=write, type=COMMAND}, value=byte[]{length=17, hash=-1644578928}}}}
02:49:51.283 [raft-server-3-state] TRACE i.a.utils.serializer.KryoNamespace - class java.util.ArrayList registered as 27
02:49:51.283 [raft-server-3-state] TRACE i.a.utils.serializer.KryoNamespace - class java.util.LinkedList registered as 28
02:49:51.283 [raft-server-1] TRACE i.a.p.raft.roles.LeaderAppender - RaftServer{1} - Sending AppendRequest{term=1, leader=1, prevLogIndex=32, prevLogTerm=1, entries=1, commitIndex=32} to 3
02:49:51.283 [raft-server-3-state] TRACE i.a.utils.serializer.KryoNamespace - class java.util.HashSet registered as 29
02:49:51.283 [raft-server-3] TRACE i.a.p.raft.roles.FollowerRole - RaftServer{3}{role=FOLLOWER} - Received AppendRequest{term=1, leader=1, prevLogIndex=32, prevLogTerm=1, entries=1, commitIndex=32}
02:49:51.283 [raft-server-3-state] TRACE i.a.utils.serializer.KryoNamespace - class java.util.LinkedHashSet registered as 30
02:49:51.283 [raft-server-1] TRACE i.a.p.raft.roles.LeaderAppender - RaftServer{1} - Sending AppendRequest{term=1, leader=1, prevLogIndex=32, prevLogTerm=1, entries=1, commitIndex=32} to 2
02:49:51.283 [raft-server-3-state] TRACE i.a.utils.serializer.KryoNamespace - class com.sun.jmx.remote.internal.ArrayQueue registered as 31
02:49:51.283 [raft-server-3] TRACE i.a.p.raft.roles.FollowerRole - RaftServer{3}{role=FOLLOWER} - Appended Indexed{index=33, entry=CommandEntry{term=1, timestamp=2018-06-09 02:49:51,283, session=2, sequence=27, operation=PrimitiveOperation{id=DefaultOperationId{id=write, type=COMMAND}, value=byte[]{length=17, hash=-1644578928}}}}
02:49:51.283 [raft-server-2] TRACE i.a.p.raft.roles.FollowerRole - RaftServer{2}{role=FOLLOWER} - Received AppendRequest{term=1, leader=1, prevLogIndex=32, prevLogTerm=1, entries=1, commitIndex=32}
02:49:51.284 [raft-server-3-state] TRACE i.a.utils.serializer.KryoNamespace - class java.util.ArrayDeque registered as 32
02:49:51.284 [raft-server-3-state] TRACE i.a.utils.serializer.KryoNamespace - class com.google.common.collect.HashMultiset registered as 33
02:49:51.284 [raft-server-3-state] TRACE i.a.utils.serializer.KryoNamespace - class com.google.common.collect.Sets registered as 34
02:49:51.284 [raft-server-2] TRACE i.a.p.raft.roles.FollowerRole - RaftServer{2}{role=FOLLOWER} - Appended Indexed{index=33, entry=CommandEntry{term=1, timestamp=2018-06-09 02:49:51,283, session=2, sequence=27, operation=PrimitiveOperation{id=DefaultOperationId{id=write, type=COMMAND}, value=byte[]{length=17, hash=-1644578928}}}}
02:49:51.284 [raft-server-3-state] TRACE i.a.utils.serializer.KryoNamespace - class com.google.common.collect.ImmutableEntry registered as 35
02:49:51.284 [raft-server-3-state] TRACE i.a.utils.serializer.KryoNamespace - class java.util.Arrays$ArrayList registered as 36
02:49:51.284 [raft-server-3-state] TRACE i.a.utils.serializer.KryoNamespace - class java.util.Collections$SingletonList registered as 37
02:49:51.284 [raft-server-3-state] TRACE i.a.utils.serializer.KryoNamespace - class java.time.Duration registered as 38
02:49:51.284 [raft-server-3-state] TRACE i.a.utils.serializer.KryoNamespace - class java.util.Collections$EmptySet registered as 39
02:49:51.284 [raft-server-3-state] TRACE i.a.utils.serializer.KryoNamespace - class java.util.Optional registered as 40
02:49:51.284 [raft-server-3-state] TRACE i.a.utils.serializer.KryoNamespace - class java.util.Collections$EmptyList registered as 41
02:49:51.284 [raft-server-3-state] TRACE i.a.utils.serializer.KryoNamespace - class java.util.Collections$SingletonSet registered as 42
02:49:51.284 [raft-server-3-state] TRACE i.a.utils.serializer.KryoNamespace - class [I registered as 43
02:49:51.284 [raft-server-3-state] TRACE i.a.utils.serializer.KryoNamespace - class [J registered as 44
02:49:51.284 [raft-server-3-state] TRACE i.a.utils.serializer.KryoNamespace - class [S registered as 45
02:49:51.284 [raft-server-3-state] TRACE i.a.utils.serializer.KryoNamespace - class [D registered as 46
02:49:51.284 [raft-server-3-state] TRACE i.a.utils.serializer.KryoNamespace - class [F registered as 47
02:49:51.284 [raft-server-3-state] TRACE i.a.utils.serializer.KryoNamespace - class [C registered as 48
02:49:51.284 [raft-server-3-state] TRACE i.a.utils.serializer.KryoNamespace - class [Ljava.lang.String; registered as 49
02:49:51.284 [raft-server-3-state] TRACE i.a.utils.serializer.KryoNamespace - class [Z registered as 50
02:49:51.284 [raft-server-3-state] TRACE i.a.utils.serializer.KryoNamespace - class [Ljava.lang.Object; registered as 51
02:49:51.284 [raft-server-3-state] TRACE i.a.utils.serializer.KryoNamespace - class io.atomix.primitive.service.ServiceConfig registered as 52
02:49:51.285 [raft-server-3-state] DEBUG i.a.p.r.service.RaftServiceContext - PrimitiveService{2}{type=io.atomix.protocols.raft.RaftTest$TestPrimitiveType@2669790c, name=raft-test} - Taking snapshot 31
02:49:51.285 [raft-server-3-state] TRACE i.a.utils.serializer.KryoNamespace - Creating Kryo instance for KryoNamespace{registeredBlocks=[RegistrationBlock{begin=16, types=[([Ljava.lang.Class;@6b321262,null), ([Ljava.lang.Class;@68b11545,null), ([Ljava.lang.Class;@7d0100ea,null), ([Ljava.lang.Class;@357bc488,null), ([Ljava.lang.Class;@4ea17147,io.atomix.utils.serializer.serializers.ImmutableListSerializer@2eda4eeb), ([Ljava.lang.Class;@5ba90d8a,io.atomix.utils.serializer.serializers.ImmutableSetSerializer@309dcdf3), ([Ljava.lang.Class;@7573b9ee,io.atomix.utils.serializer.serializers.ImmutableMapSerializer@9a20cbd), ([Ljava.lang.Class;@1af4955e,null), ([Ljava.lang.Class;@445821a6,null), ([Ljava.lang.Class;@2c0c4c0a,null), ([Ljava.lang.Class;@35d26ad2,null), ([Ljava.lang.Class;@bb25753,null), ([Ljava.lang.Class;@ee21292,null), ([Ljava.lang.Class;@40c06358,null), ([Ljava.lang.Class;@66e21568,null), ([Ljava.lang.Class;@7f73ce28,null), ([Ljava.lang.Class;@611b35d6,null), ([Ljava.lang.Class;@2282400e,null), ([Ljava.lang.Class;@543d5863,null), ([Ljava.lang.Class;@35dece42,null), ([Ljava.lang.Class;@dd3f8aa,io.atomix.utils.serializer.serializers.ArraysAsListSerializer@3d615b2e), ([Ljava.lang.Class;@3a1f2a1,null), ([Ljava.lang.Class;@40ce9049,null), ([Ljava.lang.Class;@52ca2652,null), ([Ljava.lang.Class;@65c5bf0e,null), ([Ljava.lang.Class;@697d6ded,null), ([Ljava.lang.Class;@5d05f453,null), ([Ljava.lang.Class;@5efeb117,null), ([Ljava.lang.Class;@160b4809,null), ([Ljava.lang.Class;@149b4d20,null), ([Ljava.lang.Class;@664e848c,null), ([Ljava.lang.Class;@4d93f75b,null), ([Ljava.lang.Class;@114a5e0,null), ([Ljava.lang.Class;@4f281aaf,null), ([Ljava.lang.Class;@5d508d22,null), ([Ljava.lang.Class;@f2b90fc,null)]}, RegistrationBlock{begin=52, types=[([Ljava.lang.Class;@77d70b32,null)]}]}
02:49:51.285 [raft-server-3-state] TRACE i.a.utils.serializer.KryoNamespace - class [B registered as 16
02:49:51.285 [raft-server-3-state] TRACE i.a.utils.serializer.KryoNamespace - class java.util.concurrent.atomic.AtomicBoolean registered as 17
02:49:51.285 [raft-server-3-state] TRACE i.a.utils.serializer.KryoNamespace - class java.util.concurrent.atomic.AtomicInteger registered as 18
02:49:51.285 [raft-server-3-state] TRACE i.a.utils.serializer.KryoNamespace - class java.util.concurrent.atomic.AtomicLong registered as 19
02:49:51.285 [raft-server-3-state] TRACE i.a.utils.serializer.KryoNamespace - class com.google.common.collect.ImmutableList registered as 20
02:49:51.285 [raft-server-3-state] TRACE i.a.utils.serializer.KryoNamespace - class com.google.common.collect.RegularImmutableList registered as 20
02:49:51.285 [raft-server-3-state] TRACE i.a.utils.serializer.KryoNamespace - class com.google.common.collect.RegularImmutableList registered as 20
02:49:51.285 [raft-server-3-state] TRACE i.a.utils.serializer.KryoNamespace - class com.google.common.collect.ImmutableList$SubList registered as 20
02:49:51.285 [raft-server-3-state] TRACE i.a.utils.serializer.KryoNamespace - class com.google.common.collect.ImmutableSet registered as 21
02:49:51.285 [raft-server-3-state] TRACE i.a.utils.serializer.KryoNamespace - class com.google.common.collect.RegularImmutableSet registered as 21
02:49:51.285 [raft-server-3-state] TRACE i.a.utils.serializer.KryoNamespace - class com.google.common.collect.SingletonImmutableSet registered as 21
02:49:51.285 [raft-server-3-state] TRACE i.a.utils.serializer.KryoNamespace - class com.google.common.collect.RegularImmutableSet registered as 21
02:49:51.285 [raft-server-3-state] TRACE i.a.utils.serializer.KryoNamespace - class com.google.common.collect.ImmutableMap registered as 22
02:49:51.285 [raft-server-3-state] TRACE i.a.utils.serializer.KryoNamespace - class com.google.common.collect.RegularImmutableMap registered as 22
02:49:51.285 [raft-server-3-state] TRACE i.a.utils.serializer.KryoNamespace - class com.google.common.collect.RegularImmutableMap registered as 22
02:49:51.285 [raft-server-3-state] TRACE i.a.utils.serializer.KryoNamespace - class com.google.common.collect.RegularImmutableMap registered as 22
02:49:51.285 [raft-server-3-state] TRACE i.a.utils.serializer.KryoNamespace - class java.util.Collections$UnmodifiableSet registered as 23
02:49:51.285 [raft-server-3-state] TRACE i.a.utils.serializer.KryoNamespace - class java.util.HashMap registered as 24
02:49:51.285 [raft-server-3-state] TRACE i.a.utils.serializer.KryoNamespace - class java.util.concurrent.ConcurrentHashMap registered as 25
02:49:51.285 [raft-server-3-state] TRACE i.a.utils.serializer.KryoNamespace - class java.util.concurrent.CopyOnWriteArraySet registered as 26
02:49:51.285 [raft-server-3-state] TRACE i.a.utils.serializer.KryoNamespace - class java.util.ArrayList registered as 27
02:49:51.285 [raft-server-3-state] TRACE i.a.utils.serializer.KryoNamespace - class java.util.LinkedList registered as 28
02:49:51.285 [raft-server-3-state] TRACE i.a.utils.serializer.KryoNamespace - class java.util.HashSet registered as 29
02:49:51.285 [raft-server-3-state] TRACE i.a.utils.serializer.KryoNamespace - class java.util.LinkedHashSet registered as 30
02:49:51.285 [raft-server-3-state] TRACE i.a.utils.serializer.KryoNamespace - class com.sun.jmx.remote.internal.ArrayQueue registered as 31
02:49:51.285 [raft-server-3-state] TRACE i.a.utils.serializer.KryoNamespace - class java.util.ArrayDeque registered as 32
02:49:51.286 [raft-server-3-state] TRACE i.a.utils.serializer.KryoNamespace - class com.google.common.collect.HashMultiset registered as 33
02:49:51.286 [raft-server-3-state] TRACE i.a.utils.serializer.KryoNamespace - class com.google.common.collect.Sets registered as 34
02:49:51.286 [raft-server-3-state] TRACE i.a.utils.serializer.KryoNamespace - class com.google.common.collect.ImmutableEntry registered as 35
02:49:51.286 [raft-server-3-state] TRACE i.a.utils.serializer.KryoNamespace - class java.util.Arrays$ArrayList registered as 36
02:49:51.286 [raft-server-3-state] TRACE i.a.utils.serializer.KryoNamespace - class java.util.Collections$SingletonList registered as 37
02:49:51.286 [raft-server-3-state] TRACE i.a.utils.serializer.KryoNamespace - class java.time.Duration registered as 38
02:49:51.286 [raft-server-3-state] TRACE i.a.utils.serializer.KryoNamespace - class java.util.Collections$EmptySet registered as 39
02:49:51.286 [raft-server-3-state] TRACE i.a.utils.serializer.KryoNamespace - class java.util.Optional registered as 40
02:49:51.286 [raft-server-3-state] TRACE i.a.utils.serializer.KryoNamespace - class java.util.Collections$EmptyList registered as 41
02:49:51.286 [raft-server-3-state] TRACE i.a.utils.serializer.KryoNamespace - class java.util.Collections$SingletonSet registered as 42
02:49:51.286 [raft-server-3-state] TRACE i.a.utils.serializer.KryoNamespace - class [I registered as 43
02:49:51.286 [raft-server-3-state] TRACE i.a.utils.serializer.KryoNamespace - class [J registered as 44
02:49:51.286 [raft-server-3-state] TRACE i.a.utils.serializer.KryoNamespace - class [S registered as 45
02:49:51.286 [raft-server-3-state] TRACE i.a.utils.serializer.KryoNamespace - class [D registered as 46
02:49:51.286 [raft-server-3-state] TRACE i.a.utils.serializer.KryoNamespace - class [F registered as 47
02:49:51.286 [raft-server-3-state] TRACE i.a.utils.serializer.KryoNamespace - class [C registered as 48
02:49:51.286 [raft-server-3-state] TRACE i.a.utils.serializer.KryoNamespace - class [Ljava.lang.String; registered as 49
02:49:51.286 [raft-server-3-state] TRACE i.a.utils.serializer.KryoNamespace - class [Z registered as 50
02:49:51.286 [raft-server-3-state] TRACE i.a.utils.serializer.KryoNamespace - class [Ljava.lang.Object; registered as 51
02:49:51.286 [raft-server-3-state] TRACE i.a.utils.serializer.KryoNamespace - class io.atomix.primitive.service.ServiceConfig registered as 52
02:49:51.286 [raft-server-3-compaction] DEBUG i.a.p.r.s.snapshot.SnapshotStore - Created disk snapshot: FileSnapshot{index=31}
02:49:51.373 [raft-server-3] TRACE i.a.p.raft.roles.FollowerRole - RaftServer{3}{role=FOLLOWER} - Committed entries up to index 32
02:49:51.373 [raft-server-2] TRACE i.a.p.raft.roles.FollowerRole - RaftServer{2}{role=FOLLOWER} - Committed entries up to index 32
02:49:51.373 [raft-server-3] TRACE i.a.p.raft.roles.FollowerRole - RaftServer{3}{role=FOLLOWER} - Sending AppendResponse{status=OK, term=1, succeeded=true, lastLogIndex=33}
02:49:51.373 [raft-server-2] TRACE i.a.p.raft.roles.FollowerRole - RaftServer{2}{role=FOLLOWER} - Sending AppendResponse{status=OK, term=1, succeeded=true, lastLogIndex=33}
02:49:51.374 [raft-server-1] TRACE i.a.p.raft.roles.LeaderAppender - RaftServer{1} - Received AppendResponse{status=OK, term=1, succeeded=true, lastLogIndex=33} from 3
02:49:51.374 [raft-server-3-state] TRACE i.a.p.raft.impl.RaftServiceManager - RaftServer{3} - Applying Indexed{index=32, entry=CommandEntry{term=1, timestamp=2018-06-09 02:49:51,149, session=2, sequence=26, operation=PrimitiveOperation{id=DefaultOperationId{id=write, type=COMMAND}, value=byte[]{length=17, hash=-1644578928}}}}
02:49:51.374 [raft-server-1] TRACE i.a.p.raft.roles.LeaderAppender - RaftServer{1} - Committed entries up to 33
02:49:51.374 [raft-server-2-state] TRACE i.a.p.raft.impl.RaftServiceManager - RaftServer{2} - Applying Indexed{index=32, entry=CommandEntry{term=1, timestamp=2018-06-09 02:49:51,149, session=2, sequence=26, operation=PrimitiveOperation{id=DefaultOperationId{id=write, type=COMMAND}, value=byte[]{length=17, hash=-1644578928}}}}
02:49:51.374 [raft-server-3-state] TRACE i.a.p.s.impl.DefaultServiceExecutor - PrimitiveService{2}{type=io.atomix.protocols.raft.RaftTest$TestPrimitiveType@2669790c, name=raft-test} - Executing DefaultCommit{index=32, session=RaftSession{RaftServiceContext{server=3, type=io.atomix.protocols.raft.RaftTest$TestPrimitiveType@2669790c, name=raft-test, id=2}, session=2, timestamp=2018-06-09 02:49:51,149}, time=2018-06-09 02:49:51,149, operation=DefaultOperationId{id=write, type=COMMAND}, value=byte[]{length=17, hash=-1644578928}}
02:49:51.374 [raft-server-2-state] TRACE i.a.p.s.impl.DefaultServiceExecutor - PrimitiveService{2}{type=io.atomix.protocols.raft.RaftTest$TestPrimitiveType@10ad7eb5, name=raft-test} - Executing DefaultCommit{index=32, session=RaftSession{RaftServiceContext{server=2, type=io.atomix.protocols.raft.RaftTest$TestPrimitiveType@10ad7eb5, name=raft-test, id=2}, session=2, timestamp=2018-06-09 02:49:51,149}, time=2018-06-09 02:49:51,149, operation=DefaultOperationId{id=write, type=COMMAND}, value=byte[]{length=17, hash=-1644578928}}
02:49:51.506 [raft-server-1] TRACE i.a.p.raft.roles.LeaderAppender - RaftServer{1} - Sending AppendRequest{term=1, leader=1, prevLogIndex=33, prevLogTerm=1, entries=0, commitIndex=33} to 3
02:49:51.506 [raft-server-1] TRACE i.a.p.raft.roles.LeaderAppender - RaftServer{1} - Received AppendResponse{status=OK, term=1, succeeded=true, lastLogIndex=33} from 2
02:49:51.506 [raft-server-3] TRACE i.a.p.raft.roles.FollowerRole - RaftServer{3}{role=FOLLOWER} - Received AppendRequest{term=1, leader=1, prevLogIndex=33, prevLogTerm=1, entries=0, commitIndex=33}
02:49:51.507 [raft-server-1] TRACE i.a.p.raft.roles.LeaderAppender - RaftServer{1} - Sending AppendRequest{term=1, leader=1, prevLogIndex=33, prevLogTerm=1, entries=0, commitIndex=33} to 2
02:49:51.507 [raft-server-2] TRACE i.a.p.raft.roles.FollowerRole - RaftServer{2}{role=FOLLOWER} - Received AppendRequest{term=1, leader=1, prevLogIndex=33, prevLogTerm=1, entries=0, commitIndex=33}
02:49:51.507 [raft-server-1-state] TRACE i.a.p.raft.impl.RaftServiceManager - RaftServer{1} - Applying Indexed{index=33, entry=CommandEntry{term=1, timestamp=2018-06-09 02:49:51,283, session=2, sequence=27, operation=PrimitiveOperation{id=DefaultOperationId{id=write, type=COMMAND}, value=byte[]{length=17, hash=-1644578928}}}}
02:49:51.507 [raft-server-1-state] TRACE i.a.p.s.impl.DefaultServiceExecutor - PrimitiveService{2}{type=io.atomix.protocols.raft.RaftTest$TestPrimitiveType@2df83e7, name=raft-test} - Executing DefaultCommit{index=33, session=RaftSession{RaftServiceContext{server=1, type=io.atomix.protocols.raft.RaftTest$TestPrimitiveType@2df83e7, name=raft-test, id=2}, session=2, timestamp=2018-06-09 02:49:51,283}, time=2018-06-09 02:49:51,283, operation=DefaultOperationId{id=write, type=COMMAND}, value=byte[]{length=17, hash=-1644578928}}
02:49:51.507 [raft-server-1-state] TRACE i.a.protocols.raft.roles.LeaderRole - RaftServer{1}{role=LEADER} - Sending CommandResponse{status=OK, index=33, eventIndex=2, result=byte[]{length=2, hash=1306}}
02:49:51.665 [raft-server-3] TRACE i.a.p.raft.roles.FollowerRole - RaftServer{3}{role=FOLLOWER} - Committed entries up to index 33
02:49:51.665 [raft-server-2] TRACE i.a.p.raft.roles.FollowerRole - RaftServer{2}{role=FOLLOWER} - Committed entries up to index 33
02:49:51.665 [raft-server-3] TRACE i.a.p.raft.roles.FollowerRole - RaftServer{3}{role=FOLLOWER} - Sending AppendResponse{status=OK, term=1, succeeded=true, lastLogIndex=33}
02:49:51.665 [raft-server-2] TRACE i.a.p.raft.roles.FollowerRole - RaftServer{2}{role=FOLLOWER} - Sending AppendResponse{status=OK, term=1, succeeded=true, lastLogIndex=33}
02:49:51.665 [raft-server-1] TRACE i.a.p.raft.roles.LeaderAppender - RaftServer{1} - Received AppendResponse{status=OK, term=1, succeeded=true, lastLogIndex=33} from 3
02:49:51.665 [raft-server-2] TRACE i.a.p.raft.roles.FollowerRole - RaftServer{2}{role=FOLLOWER} - Sending CommandResponse{status=OK, index=33, eventIndex=2, result=byte[]{length=2, hash=1306}}
02:49:51.665 [raft-server-1] TRACE i.a.p.raft.roles.LeaderAppender - RaftServer{1} - Sending AppendRequest{term=1, leader=1, prevLogIndex=33, prevLogTerm=1, entries=0, commitIndex=33} to 3
02:49:51.665 [raft-server-3-state] TRACE i.a.p.raft.impl.RaftServiceManager - RaftServer{3} - Applying Indexed{index=33, entry=CommandEntry{term=1, timestamp=2018-06-09 02:49:51,283, session=2, sequence=27, operation=PrimitiveOperation{id=DefaultOperationId{id=write, type=COMMAND}, value=byte[]{length=17, hash=-1644578928}}}}
02:49:51.665 [raft-server-1] TRACE i.a.p.raft.roles.LeaderAppender - RaftServer{1} - Received AppendResponse{status=OK, term=1, succeeded=true, lastLogIndex=33} from 2
02:49:51.665 [raft-server-3] TRACE i.a.p.raft.roles.FollowerRole - RaftServer{3}{role=FOLLOWER} - Received AppendRequest{term=1, leader=1, prevLogIndex=33, prevLogTerm=1, entries=0, commitIndex=33}
02:49:51.665 [raft-server-1] TRACE i.a.p.raft.roles.LeaderAppender - RaftServer{1} - Sending AppendRequest{term=1, leader=1, prevLogIndex=33, prevLogTerm=1, entries=0, commitIndex=33} to 2
02:49:51.665 [raft-server-3] TRACE i.a.p.raft.roles.FollowerRole - RaftServer{3}{role=FOLLOWER} - Sending AppendResponse{status=OK, term=1, succeeded=true, lastLogIndex=33}
02:49:51.665 [raft-server-3-state] TRACE i.a.p.s.impl.DefaultServiceExecutor - PrimitiveService{2}{type=io.atomix.protocols.raft.RaftTest$TestPrimitiveType@2669790c, name=raft-test} - Executing DefaultCommit{index=33, session=RaftSession{RaftServiceContext{server=3, type=io.atomix.protocols.raft.RaftTest$TestPrimitiveType@2669790c, name=raft-test, id=2}, session=2, timestamp=2018-06-09 02:49:51,283}, time=2018-06-09 02:49:51,283, operation=DefaultOperationId{id=write, type=COMMAND}, value=byte[]{length=17, hash=-1644578928}}
02:49:51.666 [raft-client-86eccf48-f731-4463-9ff4-1338804a1578-4] TRACE i.a.p.r.p.impl.RaftProxyConnection - SessionClient{2}{type=io.atomix.protocols.raft.RaftTest$TestPrimitiveType@35bfa1bb, name=raft-test} - Received CommandResponse{status=OK, index=33, eventIndex=2, result=byte[]{length=2, hash=1306}} from 2
02:49:51.666 [raft-server-1] TRACE i.a.p.raft.roles.LeaderAppender - RaftServer{1} - Received AppendResponse{status=OK, term=1, succeeded=true, lastLogIndex=33} from 3
02:49:51.666 [raft-client-86eccf48-f731-4463-9ff4-1338804a1578-4] TRACE i.a.p.r.p.impl.RaftProxySequencer - SessionClient{2}{type=io.atomix.protocols.raft.RaftTest$TestPrimitiveType@35bfa1bb, name=raft-test} - Completing response CommandResponse{status=OK, index=33, eventIndex=2, result=byte[]{length=2, hash=1306}}
02:49:51.666 [raft-client-86eccf48-f731-4463-9ff4-1338804a1578-2] TRACE i.a.p.r.p.impl.RaftProxyConnection - SessionClient{2}{type=io.atomix.protocols.raft.RaftTest$TestPrimitiveType@35bfa1bb, name=raft-test} - Sending CommandRequest{session=2, sequence=28, operation=PrimitiveOperation{id=DefaultOperationId{id=write, type=COMMAND}, value=byte[]{length=17, hash=-1644578928}}} to 2
02:49:51.666 [raft-server-2] TRACE i.a.p.raft.roles.FollowerRole - RaftServer{2}{role=FOLLOWER} - Received AppendRequest{term=1, leader=1, prevLogIndex=33, prevLogTerm=1, entries=0, commitIndex=33}
02:49:51.666 [raft-server-2-state] TRACE i.a.p.raft.impl.RaftServiceManager - RaftServer{2} - Applying Indexed{index=33, entry=CommandEntry{term=1, timestamp=2018-06-09 02:49:51,283, session=2, sequence=27, operation=PrimitiveOperation{id=DefaultOperationId{id=write, type=COMMAND}, value=byte[]{length=17, hash=-1644578928}}}}
02:49:51.666 [raft-server-2] TRACE i.a.p.raft.roles.FollowerRole - RaftServer{2}{role=FOLLOWER} - Sending AppendResponse{status=OK, term=1, succeeded=true, lastLogIndex=33}
02:49:51.666 [raft-server-2-state] TRACE i.a.p.s.impl.DefaultServiceExecutor - PrimitiveService{2}{type=io.atomix.protocols.raft.RaftTest$TestPrimitiveType@10ad7eb5, name=raft-test} - Executing DefaultCommit{index=33, session=RaftSession{RaftServiceContext{server=2, type=io.atomix.protocols.raft.RaftTest$TestPrimitiveType@10ad7eb5, name=raft-test, id=2}, session=2, timestamp=2018-06-09 02:49:51,283}, time=2018-06-09 02:49:51,283, operation=DefaultOperationId{id=write, type=COMMAND}, value=byte[]{length=17, hash=-1644578928}}
02:49:51.666 [raft-server-2] TRACE i.a.p.raft.roles.FollowerRole - RaftServer{2}{role=FOLLOWER} - Received CommandRequest{session=2, sequence=28, operation=PrimitiveOperation{id=DefaultOperationId{id=write, type=COMMAND}, value=byte[]{length=17, hash=-1644578928}}}
02:49:51.666 [raft-server-1] TRACE i.a.p.raft.roles.LeaderAppender - RaftServer{1} - Received AppendResponse{status=OK, term=1, succeeded=true, lastLogIndex=33} from 2
02:49:51.666 [raft-server-1] TRACE i.a.protocols.raft.roles.LeaderRole - RaftServer{1}{role=LEADER} - Received CommandRequest{session=2, sequence=28, operation=PrimitiveOperation{id=DefaultOperationId{id=write, type=COMMAND}, value=byte[]{length=17, hash=-1644578928}}}
02:49:51.666 [raft-server-1] TRACE i.a.protocols.raft.roles.LeaderRole - RaftServer{1}{role=LEADER} - Appended Indexed{index=34, entry=CommandEntry{term=1, timestamp=2018-06-09 02:49:51,666, session=2, sequence=28, operation=PrimitiveOperation{id=DefaultOperationId{id=write, type=COMMAND}, value=byte[]{length=17, hash=-1644578928}}}}
02:49:51.666 [raft-server-1] TRACE i.a.p.raft.roles.LeaderAppender - RaftServer{1} - Sending AppendRequest{term=1, leader=1, prevLogIndex=33, prevLogTerm=1, entries=1, commitIndex=33} to 3
02:49:51.666 [raft-server-1] TRACE i.a.p.raft.roles.LeaderAppender - RaftServer{1} - Sending AppendRequest{term=1, leader=1, prevLogIndex=33, prevLogTerm=1, entries=1, commitIndex=33} to 2
02:49:51.666 [raft-server-3] TRACE i.a.p.raft.roles.FollowerRole - RaftServer{3}{role=FOLLOWER} - Received AppendRequest{term=1, leader=1, prevLogIndex=33, prevLogTerm=1, entries=1, commitIndex=33}
02:49:51.666 [raft-server-2] TRACE i.a.p.raft.roles.FollowerRole - RaftServer{2}{role=FOLLOWER} - Received AppendRequest{term=1, leader=1, prevLogIndex=33, prevLogTerm=1, entries=1, commitIndex=33}
02:49:51.667 [raft-server-3] TRACE i.a.p.raft.roles.FollowerRole - RaftServer{3}{role=FOLLOWER} - Appended Indexed{index=34, entry=CommandEntry{term=1, timestamp=2018-06-09 02:49:51,666, session=2, sequence=28, operation=PrimitiveOperation{id=DefaultOperationId{id=write, type=COMMAND}, value=byte[]{length=17, hash=-1644578928}}}}
02:49:51.667 [raft-server-2] TRACE i.a.p.raft.roles.FollowerRole - RaftServer{2}{role=FOLLOWER} - Appended Indexed{index=34, entry=CommandEntry{term=1, timestamp=2018-06-09 02:49:51,666, session=2, sequence=28, operation=PrimitiveOperation{id=DefaultOperationId{id=write, type=COMMAND}, value=byte[]{length=17, hash=-1644578928}}}}
02:49:51.667 [raft-server-3] TRACE i.a.p.raft.roles.FollowerRole - RaftServer{3}{role=FOLLOWER} - Sending AppendResponse{status=OK, term=1, succeeded=true, lastLogIndex=34}
02:49:51.667 [raft-server-2] TRACE i.a.p.raft.roles.FollowerRole - RaftServer{2}{role=FOLLOWER} - Sending AppendResponse{status=OK, term=1, succeeded=true, lastLogIndex=34}
02:49:51.667 [raft-server-1] TRACE i.a.p.raft.roles.LeaderAppender - RaftServer{1} - Received AppendResponse{status=OK, term=1, succeeded=true, lastLogIndex=34} from 3
02:49:51.667 [raft-server-1] TRACE i.a.p.raft.roles.LeaderAppender - RaftServer{1} - Committed entries up to 34
02:49:51.733 [raft-server-1] TRACE i.a.p.raft.roles.LeaderAppender - RaftServer{1} - Received AppendResponse{status=OK, term=1, succeeded=true, lastLogIndex=34} from 2
02:49:51.733 [raft-server-1-state] TRACE i.a.p.raft.impl.RaftServiceManager - RaftServer{1} - Applying Indexed{index=34, entry=CommandEntry{term=1, timestamp=2018-06-09 02:49:51,666, session=2, sequence=28, operation=PrimitiveOperation{id=DefaultOperationId{id=write, type=COMMAND}, value=byte[]{length=17, hash=-1644578928}}}}
02:49:51.733 [raft-server-1-state] TRACE i.a.p.s.impl.DefaultServiceExecutor - PrimitiveService{2}{type=io.atomix.protocols.raft.RaftTest$TestPrimitiveType@2df83e7, name=raft-test} - Executing DefaultCommit{index=34, session=RaftSession{RaftServiceContext{server=1, type=io.atomix.protocols.raft.RaftTest$TestPrimitiveType@2df83e7, name=raft-test, id=2}, session=2, timestamp=2018-06-09 02:49:51,666}, time=2018-06-09 02:49:51,666, operation=DefaultOperationId{id=write, type=COMMAND}, value=byte[]{length=17, hash=-1644578928}}
02:49:51.733 [raft-server-1-state] TRACE i.a.protocols.raft.roles.LeaderRole - RaftServer{1}{role=LEADER} - Sending CommandResponse{status=OK, index=34, eventIndex=2, result=byte[]{length=2, hash=1308}}
02:49:51.734 [raft-server-2] TRACE i.a.p.raft.roles.FollowerRole - RaftServer{2}{role=FOLLOWER} - Sending CommandResponse{status=OK, index=34, eventIndex=2, result=byte[]{length=2, hash=1308}}
02:49:51.734 [raft-client-86eccf48-f731-4463-9ff4-1338804a1578-1] TRACE i.a.p.r.p.impl.RaftProxyConnection - SessionClient{2}{type=io.atomix.protocols.raft.RaftTest$TestPrimitiveType@35bfa1bb, name=raft-test} - Received CommandResponse{status=OK, index=34, eventIndex=2, result=byte[]{length=2, hash=1308}} from 2
02:49:51.734 [raft-client-86eccf48-f731-4463-9ff4-1338804a1578-1] TRACE i.a.p.r.p.impl.RaftProxySequencer - SessionClient{2}{type=io.atomix.protocols.raft.RaftTest$TestPrimitiveType@35bfa1bb, name=raft-test} - Completing response CommandResponse{status=OK, index=34, eventIndex=2, result=byte[]{length=2, hash=1308}}
02:49:51.734 [raft-client-86eccf48-f731-4463-9ff4-1338804a1578-7] TRACE i.a.p.r.p.impl.RaftProxyConnection - SessionClient{2}{type=io.atomix.protocols.raft.RaftTest$TestPrimitiveType@35bfa1bb, name=raft-test} - Sending CommandRequest{session=2, sequence=29, operation=PrimitiveOperation{id=DefaultOperationId{id=write, type=COMMAND}, value=byte[]{length=17, hash=-1644578928}}} to 2
02:49:51.734 [raft-server-2] TRACE i.a.p.raft.roles.FollowerRole - RaftServer{2}{role=FOLLOWER} - Received CommandRequest{session=2, sequence=29, operation=PrimitiveOperation{id=DefaultOperationId{id=write, type=COMMAND}, value=byte[]{length=17, hash=-1644578928}}}
02:49:51.734 [raft-server-1] TRACE i.a.protocols.raft.roles.LeaderRole - RaftServer{1}{role=LEADER} - Received CommandRequest{session=2, sequence=29, operation=PrimitiveOperation{id=DefaultOperationId{id=write, type=COMMAND}, value=byte[]{length=17, hash=-1644578928}}}
02:49:51.734 [raft-server-1] TRACE i.a.protocols.raft.roles.LeaderRole - RaftServer{1}{role=LEADER} - Appended Indexed{index=35, entry=CommandEntry{term=1, timestamp=2018-06-09 02:49:51,734, session=2, sequence=29, operation=PrimitiveOperation{id=DefaultOperationId{id=write, type=COMMAND}, value=byte[]{length=17, hash=-1644578928}}}}
02:49:51.734 [raft-server-1] TRACE i.a.p.raft.roles.LeaderAppender - RaftServer{1} - Sending AppendRequest{term=1, leader=1, prevLogIndex=34, prevLogTerm=1, entries=1, commitIndex=34} to 3
02:49:51.734 [raft-server-3] TRACE i.a.p.raft.roles.FollowerRole - RaftServer{3}{role=FOLLOWER} - Received AppendRequest{term=1, leader=1, prevLogIndex=34, prevLogTerm=1, entries=1, commitIndex=34}
02:49:51.734 [raft-server-1] TRACE i.a.p.raft.roles.LeaderAppender - RaftServer{1} - Sending AppendRequest{term=1, leader=1, prevLogIndex=34, prevLogTerm=1, entries=1, commitIndex=34} to 2
02:49:51.734 [raft-server-2] TRACE i.a.p.raft.roles.FollowerRole - RaftServer{2}{role=FOLLOWER} - Received AppendRequest{term=1, leader=1, prevLogIndex=34, prevLogTerm=1, entries=1, commitIndex=34}
02:49:51.734 [raft-server-3] TRACE i.a.p.raft.roles.FollowerRole - RaftServer{3}{role=FOLLOWER} - Appended Indexed{index=35, entry=CommandEntry{term=1, timestamp=2018-06-09 02:49:51,734, session=2, sequence=29, operation=PrimitiveOperation{id=DefaultOperationId{id=write, type=COMMAND}, value=byte[]{length=17, hash=-1644578928}}}}
02:49:51.735 [raft-server-2] TRACE i.a.p.raft.roles.FollowerRole - RaftServer{2}{role=FOLLOWER} - Appended Indexed{index=35, entry=CommandEntry{term=1, timestamp=2018-06-09 02:49:51,734, session=2, sequence=29, operation=PrimitiveOperation{id=DefaultOperationId{id=write, type=COMMAND}, value=byte[]{length=17, hash=-1644578928}}}}
02:49:51.818 [raft-server-3] TRACE i.a.p.raft.roles.FollowerRole - RaftServer{3}{role=FOLLOWER} - Committed entries up to index 34
02:49:51.818 [raft-server-2] TRACE i.a.p.raft.roles.FollowerRole - RaftServer{2}{role=FOLLOWER} - Committed entries up to index 34
02:49:51.818 [raft-server-3] TRACE i.a.p.raft.roles.FollowerRole - RaftServer{3}{role=FOLLOWER} - Sending AppendResponse{status=OK, term=1, succeeded=true, lastLogIndex=35}
02:49:51.818 [raft-server-2] TRACE i.a.p.raft.roles.FollowerRole - RaftServer{2}{role=FOLLOWER} - Sending AppendResponse{status=OK, term=1, succeeded=true, lastLogIndex=35}
02:49:51.818 [raft-server-1] TRACE i.a.p.raft.roles.LeaderAppender - RaftServer{1} - Received AppendResponse{status=OK, term=1, succeeded=true, lastLogIndex=35} from 3
02:49:51.818 [raft-server-1] TRACE i.a.p.raft.roles.LeaderAppender - RaftServer{1} - Committed entries up to 35
02:49:51.818 [raft-server-3-state] TRACE i.a.p.raft.impl.RaftServiceManager - RaftServer{3} - Applying Indexed{index=34, entry=CommandEntry{term=1, timestamp=2018-06-09 02:49:51,666, session=2, sequence=28, operation=PrimitiveOperation{id=DefaultOperationId{id=write, type=COMMAND}, value=byte[]{length=17, hash=-1644578928}}}}
02:49:51.818 [raft-server-2-state] TRACE i.a.p.raft.impl.RaftServiceManager - RaftServer{2} - Applying Indexed{index=34, entry=CommandEntry{term=1, timestamp=2018-06-09 02:49:51,666, session=2, sequence=28, operation=PrimitiveOperation{id=DefaultOperationId{id=write, type=COMMAND}, value=byte[]{length=17, hash=-1644578928}}}}
02:49:51.818 [raft-server-3-state] TRACE i.a.p.s.impl.DefaultServiceExecutor - PrimitiveService{2}{type=io.atomix.protocols.raft.RaftTest$TestPrimitiveType@2669790c, name=raft-test} - Executing DefaultCommit{index=34, session=RaftSession{RaftServiceContext{server=3, type=io.atomix.protocols.raft.RaftTest$TestPrimitiveType@2669790c, name=raft-test, id=2}, session=2, timestamp=2018-06-09 02:49:51,666}, time=2018-06-09 02:49:51,666, operation=DefaultOperationId{id=write, type=COMMAND}, value=byte[]{length=17, hash=-1644578928}}
02:49:51.819 [raft-server-2-state] TRACE i.a.p.s.impl.DefaultServiceExecutor - PrimitiveService{2}{type=io.atomix.protocols.raft.RaftTest$TestPrimitiveType@10ad7eb5, name=raft-test} - Executing DefaultCommit{index=34, session=RaftSession{RaftServiceContext{server=2, type=io.atomix.protocols.raft.RaftTest$TestPrimitiveType@10ad7eb5, name=raft-test, id=2}, session=2, timestamp=2018-06-09 02:49:51,666}, time=2018-06-09 02:49:51,666, operation=DefaultOperationId{id=write, type=COMMAND}, value=byte[]{length=17, hash=-1644578928}}
02:49:51.984 [raft-server-1] TRACE i.a.p.raft.roles.LeaderAppender - RaftServer{1} - Received AppendResponse{status=OK, term=1, succeeded=true, lastLogIndex=35} from 2
02:49:51.984 [raft-server-1] TRACE i.a.p.raft.roles.LeaderAppender - RaftServer{1} - Sending AppendRequest{term=1, leader=1, prevLogIndex=35, prevLogTerm=1, entries=0, commitIndex=35} to 3
02:49:51.984 [raft-server-1] TRACE i.a.p.raft.roles.LeaderAppender - RaftServer{1} - Sending AppendRequest{term=1, leader=1, prevLogIndex=35, prevLogTerm=1, entries=0, commitIndex=35} to 2
02:49:51.984 [raft-server-3] TRACE i.a.p.raft.roles.FollowerRole - RaftServer{3}{role=FOLLOWER} - Received AppendRequest{term=1, leader=1, prevLogIndex=35, prevLogTerm=1, entries=0, commitIndex=35}
02:49:51.984 [raft-server-2] TRACE i.a.p.raft.roles.FollowerRole - RaftServer{2}{role=FOLLOWER} - Received AppendRequest{term=1, leader=1, prevLogIndex=35, prevLogTerm=1, entries=0, commitIndex=35}
02:49:51.984 [raft-server-1-state] TRACE i.a.p.raft.impl.RaftServiceManager - RaftServer{1} - Applying Indexed{index=35, entry=CommandEntry{term=1, timestamp=2018-06-09 02:49:51,734, session=2, sequence=29, operation=PrimitiveOperation{id=DefaultOperationId{id=write, type=COMMAND}, value=byte[]{length=17, hash=-1644578928}}}}
02:49:51.984 [raft-server-1-state] TRACE i.a.p.s.impl.DefaultServiceExecutor - PrimitiveService{2}{type=io.atomix.protocols.raft.RaftTest$TestPrimitiveType@2df83e7, name=raft-test} - Executing DefaultCommit{index=35, session=RaftSession{RaftServiceContext{server=1, type=io.atomix.protocols.raft.RaftTest$TestPrimitiveType@2df83e7, name=raft-test, id=2}, session=2, timestamp=2018-06-09 02:49:51,734}, time=2018-06-09 02:49:51,734, operation=DefaultOperationId{id=write, type=COMMAND}, value=byte[]{length=17, hash=-1644578928}}
02:49:51.984 [raft-server-1-state] TRACE i.a.protocols.raft.roles.LeaderRole - RaftServer{1}{role=LEADER} - Sending CommandResponse{status=OK, index=35, eventIndex=2, result=byte[]{length=2, hash=1310}}
02:49:52.059 [raft-client-86eccf48-f731-4463-9ff4-1338804a1578-5] TRACE i.a.p.r.proxy.impl.RaftProxyManager - RaftClient{86eccf48-f731-4463-9ff4-1338804a1578} - Keeping 1 sessions alive
02:49:52.059 [raft-client-86eccf48-f731-4463-9ff4-1338804a1578-5] TRACE i.a.p.r.p.impl.RaftProxyConnection - RaftClient{86eccf48-f731-4463-9ff4-1338804a1578} - Sending KeepAliveRequest{sessionIds=long[]{length=1, hash=33}, commandSequences=long[]{length=1, hash=59}, eventIndexes=long[]{length=1, hash=33}} to 3
02:49:52.081 [raft-server-3] TRACE i.a.p.raft.roles.FollowerRole - RaftServer{3}{role=FOLLOWER} - Committed entries up to index 35
02:49:52.081 [raft-server-2] TRACE i.a.p.raft.roles.FollowerRole - RaftServer{2}{role=FOLLOWER} - Committed entries up to index 35
02:49:52.081 [raft-server-3] TRACE i.a.p.raft.roles.FollowerRole - RaftServer{3}{role=FOLLOWER} - Sending AppendResponse{status=OK, term=1, succeeded=true, lastLogIndex=35}
02:49:52.081 [raft-server-2] TRACE i.a.p.raft.roles.FollowerRole - RaftServer{2}{role=FOLLOWER} - Sending AppendResponse{status=OK, term=1, succeeded=true, lastLogIndex=35}
02:49:52.081 [raft-server-1] TRACE i.a.p.raft.roles.LeaderAppender - RaftServer{1} - Received AppendResponse{status=OK, term=1, succeeded=true, lastLogIndex=35} from 3
02:49:52.081 [raft-server-2] TRACE i.a.p.raft.roles.FollowerRole - RaftServer{2}{role=FOLLOWER} - Sending CommandResponse{status=OK, index=35, eventIndex=2, result=byte[]{length=2, hash=1310}}
02:49:52.081 [raft-server-3] TRACE i.a.p.raft.roles.FollowerRole - RaftServer{3}{role=FOLLOWER} - Received KeepAliveRequest{sessionIds=long[]{length=1, hash=33}, commandSequences=long[]{length=1, hash=59}, eventIndexes=long[]{length=1, hash=33}}
02:49:52.081 [raft-server-1] TRACE i.a.p.raft.roles.LeaderAppender - RaftServer{1} - Sending AppendRequest{term=1, leader=1, prevLogIndex=35, prevLogTerm=1, entries=0, commitIndex=35} to 3
02:49:52.081 [raft-client-86eccf48-f731-4463-9ff4-1338804a1578-0] TRACE i.a.p.r.p.impl.RaftProxyConnection - SessionClient{2}{type=io.atomix.protocols.raft.RaftTest$TestPrimitiveType@35bfa1bb, name=raft-test} - Received CommandResponse{status=OK, index=35, eventIndex=2, result=byte[]{length=2, hash=1310}} from 2
02:49:52.081 [raft-server-2-state] TRACE i.a.p.raft.impl.RaftServiceManager - RaftServer{2} - Applying Indexed{index=35, entry=CommandEntry{term=1, timestamp=2018-06-09 02:49:51,734, session=2, sequence=29, operation=PrimitiveOperation{id=DefaultOperationId{id=write, type=COMMAND}, value=byte[]{length=17, hash=-1644578928}}}}
02:49:52.081 [raft-server-3-state] TRACE i.a.p.raft.impl.RaftServiceManager - RaftServer{3} - Applying Indexed{index=35, entry=CommandEntry{term=1, timestamp=2018-06-09 02:49:51,734, session=2, sequence=29, operation=PrimitiveOperation{id=DefaultOperationId{id=write, type=COMMAND}, value=byte[]{length=17, hash=-1644578928}}}}
02:49:52.082 [raft-server-1] TRACE i.a.p.raft.roles.LeaderAppender - RaftServer{1} - Received AppendResponse{status=OK, term=1, succeeded=true, lastLogIndex=35} from 2
02:49:52.082 [raft-client-86eccf48-f731-4463-9ff4-1338804a1578-0] TRACE i.a.p.r.p.impl.RaftProxySequencer - SessionClient{2}{type=io.atomix.protocols.raft.RaftTest$TestPrimitiveType@35bfa1bb, name=raft-test} - Completing response CommandResponse{status=OK, index=35, eventIndex=2, result=byte[]{length=2, hash=1310}}
02:49:52.082 [raft-server-3] TRACE i.a.p.raft.roles.FollowerRole - RaftServer{3}{role=FOLLOWER} - Received AppendRequest{term=1, leader=1, prevLogIndex=35, prevLogTerm=1, entries=0, commitIndex=35}
02:49:52.082 [raft-server-2-state] TRACE i.a.p.s.impl.DefaultServiceExecutor - PrimitiveService{2}{type=io.atomix.protocols.raft.RaftTest$TestPrimitiveType@10ad7eb5, name=raft-test} - Executing DefaultCommit{index=35, session=RaftSession{RaftServiceContext{server=2, type=io.atomix.protocols.raft.RaftTest$TestPrimitiveType@10ad7eb5, name=raft-test, id=2}, session=2, timestamp=2018-06-09 02:49:51,734}, time=2018-06-09 02:49:51,734, operation=DefaultOperationId{id=write, type=COMMAND}, value=byte[]{length=17, hash=-1644578928}}
02:49:52.082 [raft-server-3-state] TRACE i.a.p.s.impl.DefaultServiceExecutor - PrimitiveService{2}{type=io.atomix.protocols.raft.RaftTest$TestPrimitiveType@2669790c, name=raft-test} - Executing DefaultCommit{index=35, session=RaftSession{RaftServiceContext{server=3, type=io.atomix.protocols.raft.RaftTest$TestPrimitiveType@2669790c, name=raft-test, id=2}, session=2, timestamp=2018-06-09 02:49:51,734}, time=2018-06-09 02:49:51,734, operation=DefaultOperationId{id=write, type=COMMAND}, value=byte[]{length=17, hash=-1644578928}}
02:49:52.082 [raft-server-1] TRACE i.a.p.raft.roles.LeaderAppender - RaftServer{1} - Sending AppendRequest{term=1, leader=1, prevLogIndex=35, prevLogTerm=1, entries=0, commitIndex=35} to 2
02:49:52.082 [raft-server-3] TRACE i.a.p.raft.roles.FollowerRole - RaftServer{3}{role=FOLLOWER} - Sending AppendResponse{status=OK, term=1, succeeded=true, lastLogIndex=35}
02:49:52.082 [raft-client-86eccf48-f731-4463-9ff4-1338804a1578-0] TRACE i.a.p.r.p.impl.RaftProxyConnection - SessionClient{2}{type=io.atomix.protocols.raft.RaftTest$TestPrimitiveType@35bfa1bb, name=raft-test} - Sending CommandRequest{session=2, sequence=30, operation=PrimitiveOperation{id=DefaultOperationId{id=write, type=COMMAND}, value=byte[]{length=17, hash=-1644578928}}} to 2
02:49:52.082 [raft-server-1] TRACE i.a.protocols.raft.roles.LeaderRole - RaftServer{1}{role=LEADER} - Received KeepAliveRequest{sessionIds=long[]{length=1, hash=33}, commandSequences=long[]{length=1, hash=59}, eventIndexes=long[]{length=1, hash=33}}
02:49:52.082 [raft-server-2] TRACE i.a.p.raft.roles.FollowerRole - RaftServer{2}{role=FOLLOWER} - Received AppendRequest{term=1, leader=1, prevLogIndex=35, prevLogTerm=1, entries=0, commitIndex=35}
02:49:52.082 [raft-server-2] TRACE i.a.p.raft.roles.FollowerRole - RaftServer{2}{role=FOLLOWER} - Sending AppendResponse{status=OK, term=1, succeeded=true, lastLogIndex=35}
02:49:52.082 [raft-server-2] TRACE i.a.p.raft.roles.FollowerRole - RaftServer{2}{role=FOLLOWER} - Received CommandRequest{session=2, sequence=30, operation=PrimitiveOperation{id=DefaultOperationId{id=write, type=COMMAND}, value=byte[]{length=17, hash=-1644578928}}}
02:49:52.082 [raft-server-1] TRACE i.a.protocols.raft.roles.LeaderRole - RaftServer{1}{role=LEADER} - Appended Indexed{index=36, entry=KeepAliveEntry{term=1, timestamp=2018-06-09 02:49:52,082, sessionIds=long[]{length=1, hash=33}, commandSequences=long[]{length=1, hash=59}, eventIndexes=long[]{length=1, hash=33}}}
02:49:52.082 [raft-server-1] TRACE i.a.p.raft.roles.LeaderAppender - RaftServer{1} - Received AppendResponse{status=OK, term=1, succeeded=true, lastLogIndex=35} from 3
02:49:52.082 [raft-server-1] TRACE i.a.p.raft.roles.LeaderAppender - RaftServer{1} - Sending AppendRequest{term=1, leader=1, prevLogIndex=35, prevLogTerm=1, entries=1, commitIndex=35} to 3
02:49:52.082 [raft-server-1] TRACE i.a.p.raft.roles.LeaderAppender - RaftServer{1} - Received AppendResponse{status=OK, term=1, succeeded=true, lastLogIndex=35} from 2
02:49:52.082 [raft-server-3] TRACE i.a.p.raft.roles.FollowerRole - RaftServer{3}{role=FOLLOWER} - Received AppendRequest{term=1, leader=1, prevLogIndex=35, prevLogTerm=1, entries=1, commitIndex=35}
02:49:52.082 [raft-server-1] TRACE i.a.p.raft.roles.LeaderAppender - RaftServer{1} - Sending AppendRequest{term=1, leader=1, prevLogIndex=35, prevLogTerm=1, entries=1, commitIndex=35} to 2
02:49:52.082 [raft-server-1] TRACE i.a.protocols.raft.roles.LeaderRole - RaftServer{1}{role=LEADER} - Received CommandRequest{session=2, sequence=30, operation=PrimitiveOperation{id=DefaultOperationId{id=write, type=COMMAND}, value=byte[]{length=17, hash=-1644578928}}}
02:49:52.082 [raft-server-2] TRACE i.a.p.raft.roles.FollowerRole - RaftServer{2}{role=FOLLOWER} - Received AppendRequest{term=1, leader=1, prevLogIndex=35, prevLogTerm=1, entries=1, commitIndex=35}
02:49:52.082 [raft-server-3] TRACE i.a.p.raft.roles.FollowerRole - RaftServer{3}{role=FOLLOWER} - Appended Indexed{index=36, entry=KeepAliveEntry{term=1, timestamp=2018-06-09 02:49:52,082, sessionIds=long[]{length=1, hash=33}, commandSequences=long[]{length=1, hash=59}, eventIndexes=long[]{length=1, hash=33}}}
02:49:52.082 [raft-server-1] TRACE i.a.protocols.raft.roles.LeaderRole - RaftServer{1}{role=LEADER} - Appended Indexed{index=37, entry=CommandEntry{term=1, timestamp=2018-06-09 02:49:52,082, session=2, sequence=30, operation=PrimitiveOperation{id=DefaultOperationId{id=write, type=COMMAND}, value=byte[]{length=17, hash=-1644578928}}}}
02:49:52.082 [raft-server-3] TRACE i.a.p.raft.roles.FollowerRole - RaftServer{3}{role=FOLLOWER} - Sending AppendResponse{status=OK, term=1, succeeded=true, lastLogIndex=36}
02:49:52.083 [raft-server-1] TRACE i.a.p.raft.roles.LeaderAppender - RaftServer{1} - Received AppendResponse{status=OK, term=1, succeeded=true, lastLogIndex=36} from 3
02:49:52.083 [raft-server-1] TRACE i.a.p.raft.roles.LeaderAppender - RaftServer{1} - Committed entries up to 36
02:49:52.083 [raft-server-2] TRACE i.a.p.raft.roles.FollowerRole - RaftServer{2}{role=FOLLOWER} - Appended Indexed{index=36, entry=KeepAliveEntry{term=1, timestamp=2018-06-09 02:49:52,082, sessionIds=long[]{length=1, hash=33}, commandSequences=long[]{length=1, hash=59}, eventIndexes=long[]{length=1, hash=33}}}
02:49:52.083 [raft-server-2] TRACE i.a.p.raft.roles.FollowerRole - RaftServer{2}{role=FOLLOWER} - Sending AppendResponse{status=OK, term=1, succeeded=true, lastLogIndex=36}
02:49:52.165 [raft-server-1] TRACE i.a.p.raft.roles.LeaderAppender - RaftServer{1} - Sending AppendRequest{term=1, leader=1, prevLogIndex=36, prevLogTerm=1, entries=1, commitIndex=36} to 3
02:49:52.166 [raft-server-1] TRACE i.a.p.raft.roles.LeaderAppender - RaftServer{1} - Received AppendResponse{status=OK, term=1, succeeded=true, lastLogIndex=36} from 2
02:49:52.166 [raft-server-3] TRACE i.a.p.raft.roles.FollowerRole - RaftServer{3}{role=FOLLOWER} - Received AppendRequest{term=1, leader=1, prevLogIndex=36, prevLogTerm=1, entries=1, commitIndex=36}
02:49:52.166 [raft-server-1] TRACE i.a.p.raft.roles.LeaderAppender - RaftServer{1} - Sending AppendRequest{term=1, leader=1, prevLogIndex=36, prevLogTerm=1, entries=1, commitIndex=36} to 2
02:49:52.166 [raft-server-2] TRACE i.a.p.raft.roles.FollowerRole - RaftServer{2}{role=FOLLOWER} - Received AppendRequest{term=1, leader=1, prevLogIndex=36, prevLogTerm=1, entries=1, commitIndex=36}
02:49:52.166 [raft-server-1-state] TRACE i.a.p.raft.impl.RaftServiceManager - RaftServer{1} - Applying Indexed{index=36, entry=KeepAliveEntry{term=1, timestamp=2018-06-09 02:49:52,082, sessionIds=long[]{length=1, hash=33}, commandSequences=long[]{length=1, hash=59}, eventIndexes=long[]{length=1, hash=33}}}
02:49:52.166 [raft-server-3] TRACE i.a.p.raft.roles.FollowerRole - RaftServer{3}{role=FOLLOWER} - Appended Indexed{index=37, entry=CommandEntry{term=1, timestamp=2018-06-09 02:49:52,082, session=2, sequence=30, operation=PrimitiveOperation{id=DefaultOperationId{id=write, type=COMMAND}, value=byte[]{length=17, hash=-1644578928}}}}
02:49:52.166 [raft-server-2] TRACE i.a.p.raft.roles.FollowerRole - RaftServer{2}{role=FOLLOWER} - Appended Indexed{index=37, entry=CommandEntry{term=1, timestamp=2018-06-09 02:49:52,082, session=2, sequence=30, operation=PrimitiveOperation{id=DefaultOperationId{id=write, type=COMMAND}, value=byte[]{length=17, hash=-1644578928}}}}
02:49:52.166 [raft-server-1] TRACE i.a.protocols.raft.roles.LeaderRole - RaftServer{1}{role=LEADER} - Sending KeepAliveResponse{status=OK, leader=1, members=[1, 3, 2], sessionIds=long[]{length=1, hash=33}}
02:49:52.264 [raft-server-2] TRACE i.a.p.raft.roles.FollowerRole - RaftServer{2}{role=FOLLOWER} - Committed entries up to index 36
02:49:52.264 [raft-server-3] TRACE i.a.p.raft.roles.FollowerRole - RaftServer{3}{role=FOLLOWER} - Committed entries up to index 36
02:49:52.264 [raft-server-2] TRACE i.a.p.raft.roles.FollowerRole - RaftServer{2}{role=FOLLOWER} - Sending AppendResponse{status=OK, term=1, succeeded=true, lastLogIndex=37}
02:49:52.264 [raft-server-3] TRACE i.a.p.raft.roles.FollowerRole - RaftServer{3}{role=FOLLOWER} - Sending AppendResponse{status=OK, term=1, succeeded=true, lastLogIndex=37}
02:49:52.264 [raft-server-1] TRACE i.a.p.raft.roles.LeaderAppender - RaftServer{1} - Received AppendResponse{status=OK, term=1, succeeded=true, lastLogIndex=37} from 2
02:49:52.264 [raft-server-2-state] TRACE i.a.p.raft.impl.RaftServiceManager - RaftServer{2} - Applying Indexed{index=36, entry=KeepAliveEntry{term=1, timestamp=2018-06-09 02:49:52,082, sessionIds=long[]{length=1, hash=33}, commandSequences=long[]{length=1, hash=59}, eventIndexes=long[]{length=1, hash=33}}}
02:49:52.264 [raft-server-3] TRACE i.a.p.raft.roles.FollowerRole - RaftServer{3}{role=FOLLOWER} - Sending KeepAliveResponse{status=OK, leader=1, members=[1, 3, 2], sessionIds=long[]{length=1, hash=33}}
02:49:52.264 [raft-server-1] TRACE i.a.p.raft.roles.LeaderAppender - RaftServer{1} - Committed entries up to 37
02:49:52.264 [raft-client-86eccf48-f731-4463-9ff4-1338804a1578-3] TRACE i.a.p.r.p.impl.RaftProxyConnection - RaftClient{86eccf48-f731-4463-9ff4-1338804a1578} - Received KeepAliveResponse{status=OK, leader=1, members=[1, 3, 2], sessionIds=long[]{length=1, hash=33}} from 3
02:49:52.264 [raft-server-3-state] TRACE i.a.p.raft.impl.RaftServiceManager - RaftServer{3} - Applying Indexed{index=36, entry=KeepAliveEntry{term=1, timestamp=2018-06-09 02:49:52,082, sessionIds=long[]{length=1, hash=33}, commandSequences=long[]{length=1, hash=59}, eventIndexes=long[]{length=1, hash=33}}}
02:49:52.365 [raft-server-1] TRACE i.a.p.raft.roles.LeaderAppender - RaftServer{1} - Sending AppendRequest{term=1, leader=1, prevLogIndex=37, prevLogTerm=1, entries=0, commitIndex=37} to 2
02:49:52.365 [raft-server-1] TRACE i.a.p.raft.roles.LeaderAppender - RaftServer{1} - Received AppendResponse{status=OK, term=1, succeeded=true, lastLogIndex=37} from 3
02:49:52.365 [raft-server-2] TRACE i.a.p.raft.roles.FollowerRole - RaftServer{2}{role=FOLLOWER} - Received AppendRequest{term=1, leader=1, prevLogIndex=37, prevLogTerm=1, entries=0, commitIndex=37}
02:49:52.365 [raft-server-1] TRACE i.a.p.raft.roles.LeaderAppender - RaftServer{1} - Sending AppendRequest{term=1, leader=1, prevLogIndex=37, prevLogTerm=1, entries=0, commitIndex=37} to 3
02:49:52.365 [raft-server-3] TRACE i.a.p.raft.roles.FollowerRole - RaftServer{3}{role=FOLLOWER} - Received AppendRequest{term=1, leader=1, prevLogIndex=37, prevLogTerm=1, entries=0, commitIndex=37}
02:49:52.365 [raft-server-1-state] TRACE i.a.p.raft.impl.RaftServiceManager - RaftServer{1} - Applying Indexed{index=37, entry=CommandEntry{term=1, timestamp=2018-06-09 02:49:52,082, session=2, sequence=30, operation=PrimitiveOperation{id=DefaultOperationId{id=write, type=COMMAND}, value=byte[]{length=17, hash=-1644578928}}}}
02:49:52.365 [raft-server-1-state] TRACE i.a.p.s.impl.DefaultServiceExecutor - PrimitiveService{2}{type=io.atomix.protocols.raft.RaftTest$TestPrimitiveType@2df83e7, name=raft-test} - Executing DefaultCommit{index=37, session=RaftSession{RaftServiceContext{server=1, type=io.atomix.protocols.raft.RaftTest$TestPrimitiveType@2df83e7, name=raft-test, id=2}, session=2, timestamp=2018-06-09 02:49:52,082}, time=2018-06-09 02:49:52,082, operation=DefaultOperationId{id=write, type=COMMAND}, value=byte[]{length=17, hash=-1644578928}}
02:49:52.365 [raft-server-1-state] TRACE i.a.protocols.raft.roles.LeaderRole - RaftServer{1}{role=LEADER} - Sending CommandResponse{status=OK, index=37, eventIndex=2, result=byte[]{length=2, hash=1314}}
02:49:52.448 [raft-server-2] TRACE i.a.p.raft.roles.FollowerRole - RaftServer{2}{role=FOLLOWER} - Committed entries up to index 37
02:49:52.448 [raft-server-3] TRACE i.a.p.raft.roles.FollowerRole - RaftServer{3}{role=FOLLOWER} - Committed entries up to index 37
02:49:52.448 [raft-server-2] TRACE i.a.p.raft.roles.FollowerRole - RaftServer{2}{role=FOLLOWER} - Sending AppendResponse{status=OK, term=1, succeeded=true, lastLogIndex=37}
02:49:52.448 [raft-server-3] TRACE i.a.p.raft.roles.FollowerRole - RaftServer{3}{role=FOLLOWER} - Sending AppendResponse{status=OK, term=1, succeeded=true, lastLogIndex=37}
02:49:52.448 [raft-server-1] TRACE i.a.p.raft.roles.LeaderAppender - RaftServer{1} - Received AppendResponse{status=OK, term=1, succeeded=true, lastLogIndex=37} from 2
02:49:52.448 [raft-server-2] TRACE i.a.p.raft.roles.FollowerRole - RaftServer{2}{role=FOLLOWER} - Sending CommandResponse{status=OK, index=37, eventIndex=2, result=byte[]{length=2, hash=1314}}
02:49:52.448 [raft-server-3-state] TRACE i.a.p.raft.impl.RaftServiceManager - RaftServer{3} - Applying Indexed{index=37, entry=CommandEntry{term=1, timestamp=2018-06-09 02:49:52,082, session=2, sequence=30, operation=PrimitiveOperation{id=DefaultOperationId{id=write, type=COMMAND}, value=byte[]{length=17, hash=-1644578928}}}}
02:49:52.448 [raft-server-1] TRACE i.a.p.raft.roles.LeaderAppender - RaftServer{1} - Sending AppendRequest{term=1, leader=1, prevLogIndex=37, prevLogTerm=1, entries=0, commitIndex=37} to 2
02:49:52.448 [raft-client-86eccf48-f731-4463-9ff4-1338804a1578-1] TRACE i.a.p.r.p.impl.RaftProxyConnection - SessionClient{2}{type=io.atomix.protocols.raft.RaftTest$TestPrimitiveType@35bfa1bb, name=raft-test} - Received CommandResponse{status=OK, index=37, eventIndex=2, result=byte[]{length=2, hash=1314}} from 2
02:49:52.448 [raft-server-3-state] TRACE i.a.p.s.impl.DefaultServiceExecutor - PrimitiveService{2}{type=io.atomix.protocols.raft.RaftTest$TestPrimitiveType@2669790c, name=raft-test} - Executing DefaultCommit{index=37, session=RaftSession{RaftServiceContext{server=3, type=io.atomix.protocols.raft.RaftTest$TestPrimitiveType@2669790c, name=raft-test, id=2}, session=2, timestamp=2018-06-09 02:49:52,082}, time=2018-06-09 02:49:52,082, operation=DefaultOperationId{id=write, type=COMMAND}, value=byte[]{length=17, hash=-1644578928}}
02:49:52.448 [raft-server-2-state] TRACE i.a.p.raft.impl.RaftServiceManager - RaftServer{2} - Applying Indexed{index=37, entry=CommandEntry{term=1, timestamp=2018-06-09 02:49:52,082, session=2, sequence=30, operation=PrimitiveOperation{id=DefaultOperationId{id=write, type=COMMAND}, value=byte[]{length=17, hash=-1644578928}}}}
02:49:52.448 [raft-server-1] TRACE i.a.p.raft.roles.LeaderAppender - RaftServer{1} - Received AppendResponse{status=OK, term=1, succeeded=true, lastLogIndex=37} from 3
02:49:52.448 [raft-server-2] TRACE i.a.p.raft.roles.FollowerRole - RaftServer{2}{role=FOLLOWER} - Received AppendRequest{term=1, leader=1, prevLogIndex=37, prevLogTerm=1, entries=0, commitIndex=37}
02:49:52.448 [raft-client-86eccf48-f731-4463-9ff4-1338804a1578-1] TRACE i.a.p.r.p.impl.RaftProxySequencer - SessionClient{2}{type=io.atomix.protocols.raft.RaftTest$TestPrimitiveType@35bfa1bb, name=raft-test} - Completing response CommandResponse{status=OK, index=37, eventIndex=2, result=byte[]{length=2, hash=1314}}
02:49:52.448 [raft-server-2-state] TRACE i.a.p.s.impl.DefaultServiceExecutor - PrimitiveService{2}{type=io.atomix.protocols.raft.RaftTest$TestPrimitiveType@10ad7eb5, name=raft-test} - Executing DefaultCommit{index=37, session=RaftSession{RaftServiceContext{server=2, type=io.atomix.protocols.raft.RaftTest$TestPrimitiveType@10ad7eb5, name=raft-test, id=2}, session=2, timestamp=2018-06-09 02:49:52,082}, time=2018-06-09 02:49:52,082, operation=DefaultOperationId{id=write, type=COMMAND}, value=byte[]{length=17, hash=-1644578928}}
02:49:52.449 [raft-server-1] TRACE i.a.p.raft.roles.LeaderAppender - RaftServer{1} - Sending AppendRequest{term=1, leader=1, prevLogIndex=37, prevLogTerm=1, entries=0, commitIndex=37} to 3
02:49:52.449 [raft-server-2] TRACE i.a.p.raft.roles.FollowerRole - RaftServer{2}{role=FOLLOWER} - Sending AppendResponse{status=OK, term=1, succeeded=true, lastLogIndex=37}
02:49:52.449 [raft-server-3] TRACE i.a.p.raft.roles.FollowerRole - RaftServer{3}{role=FOLLOWER} - Received AppendRequest{term=1, leader=1, prevLogIndex=37, prevLogTerm=1, entries=0, commitIndex=37}
02:49:52.449 [raft-server-1] TRACE i.a.p.raft.roles.LeaderAppender - RaftServer{1} - Received AppendResponse{status=OK, term=1, succeeded=true, lastLogIndex=37} from 2
02:49:52.449 [raft-server-3] TRACE i.a.p.raft.roles.FollowerRole - RaftServer{3}{role=FOLLOWER} - Sending AppendResponse{status=OK, term=1, succeeded=true, lastLogIndex=37}
02:49:52.449 [raft-client-86eccf48-f731-4463-9ff4-1338804a1578-7] TRACE i.a.p.r.p.impl.RaftProxyConnection - SessionClient{2}{type=io.atomix.protocols.raft.RaftTest$TestPrimitiveType@35bfa1bb, name=raft-test} - Sending CommandRequest{session=2, sequence=31, operation=PrimitiveOperation{id=DefaultOperationId{id=write, type=COMMAND}, value=byte[]{length=17, hash=-1644578928}}} to 2
02:49:52.449 [raft-server-1] TRACE i.a.p.raft.roles.LeaderAppender - RaftServer{1} - Received AppendResponse{status=OK, term=1, succeeded=true, lastLogIndex=37} from 3
02:49:52.449 [raft-server-2] TRACE i.a.p.raft.roles.FollowerRole - RaftServer{2}{role=FOLLOWER} - Received CommandRequest{session=2, sequence=31, operation=PrimitiveOperation{id=DefaultOperationId{id=write, type=COMMAND}, value=byte[]{length=17, hash=-1644578928}}}
02:49:52.449 [raft-server-1] TRACE i.a.protocols.raft.roles.LeaderRole - RaftServer{1}{role=LEADER} - Received CommandRequest{session=2, sequence=31, operation=PrimitiveOperation{id=DefaultOperationId{id=write, type=COMMAND}, value=byte[]{length=17, hash=-1644578928}}}
02:49:52.449 [raft-server-1] TRACE i.a.protocols.raft.roles.LeaderRole - RaftServer{1}{role=LEADER} - Appended Indexed{index=38, entry=CommandEntry{term=1, timestamp=2018-06-09 02:49:52,449, session=2, sequence=31, operation=PrimitiveOperation{id=DefaultOperationId{id=write, type=COMMAND}, value=byte[]{length=17, hash=-1644578928}}}}
02:49:52.449 [raft-server-1] TRACE i.a.p.raft.roles.LeaderAppender - RaftServer{1} - Sending AppendRequest{term=1, leader=1, prevLogIndex=37, prevLogTerm=1, entries=1, commitIndex=37} to 3
02:49:52.449 [raft-server-3] TRACE i.a.p.raft.roles.FollowerRole - RaftServer{3}{role=FOLLOWER} - Received AppendRequest{term=1, leader=1, prevLogIndex=37, prevLogTerm=1, entries=1, commitIndex=37}
02:49:52.449 [raft-server-1] TRACE i.a.p.raft.roles.LeaderAppender - RaftServer{1} - Sending AppendRequest{term=1, leader=1, prevLogIndex=37, prevLogTerm=1, entries=1, commitIndex=37} to 2
02:49:52.449 [raft-server-2] TRACE i.a.p.raft.roles.FollowerRole - RaftServer{2}{role=FOLLOWER} - Received AppendRequest{term=1, leader=1, prevLogIndex=37, prevLogTerm=1, entries=1, commitIndex=37}
02:49:52.449 [raft-server-3] TRACE i.a.p.raft.roles.FollowerRole - RaftServer{3}{role=FOLLOWER} - Appended Indexed{index=38, entry=CommandEntry{term=1, timestamp=2018-06-09 02:49:52,449, session=2, sequence=31, operation=PrimitiveOperation{id=DefaultOperationId{id=write, type=COMMAND}, value=byte[]{length=17, hash=-1644578928}}}}
02:49:52.449 [raft-server-3] TRACE i.a.p.raft.roles.FollowerRole - RaftServer{3}{role=FOLLOWER} - Sending AppendResponse{status=OK, term=1, succeeded=true, lastLogIndex=38}
02:49:52.449 [raft-server-2] TRACE i.a.p.raft.roles.FollowerRole - RaftServer{2}{role=FOLLOWER} - Appended Indexed{index=38, entry=CommandEntry{term=1, timestamp=2018-06-09 02:49:52,449, session=2, sequence=31, operation=PrimitiveOperation{id=DefaultOperationId{id=write, type=COMMAND}, value=byte[]{length=17, hash=-1644578928}}}}
02:49:52.449 [raft-server-1] TRACE i.a.p.raft.roles.LeaderAppender - RaftServer{1} - Received AppendResponse{status=OK, term=1, succeeded=true, lastLogIndex=38} from 3
02:49:52.449 [raft-server-2] TRACE i.a.p.raft.roles.FollowerRole - RaftServer{2}{role=FOLLOWER} - Sending AppendResponse{status=OK, term=1, succeeded=true, lastLogIndex=38}
02:49:52.449 [raft-server-1] TRACE i.a.p.raft.roles.LeaderAppender - RaftServer{1} - Committed entries up to 38
02:49:52.535 [raft-server-1] TRACE i.a.p.raft.roles.LeaderAppender - RaftServer{1} - Received AppendResponse{status=OK, term=1, succeeded=true, lastLogIndex=38} from 2
02:49:52.535 [raft-server-1-state] TRACE i.a.p.raft.impl.RaftServiceManager - RaftServer{1} - Applying Indexed{index=38, entry=CommandEntry{term=1, timestamp=2018-06-09 02:49:52,449, session=2, sequence=31, operation=PrimitiveOperation{id=DefaultOperationId{id=write, type=COMMAND}, value=byte[]{length=17, hash=-1644578928}}}}
02:49:52.535 [raft-server-1-state] TRACE i.a.p.s.impl.DefaultServiceExecutor - PrimitiveService{2}{type=io.atomix.protocols.raft.RaftTest$TestPrimitiveType@2df83e7, name=raft-test} - Executing DefaultCommit{index=38, session=RaftSession{RaftServiceContext{server=1, type=io.atomix.protocols.raft.RaftTest$TestPrimitiveType@2df83e7, name=raft-test, id=2}, session=2, timestamp=2018-06-09 02:49:52,449}, time=2018-06-09 02:49:52,449, operation=DefaultOperationId{id=write, type=COMMAND}, value=byte[]{length=17, hash=-1644578928}}
02:49:52.535 [raft-server-1-state] TRACE i.a.protocols.raft.roles.LeaderRole - RaftServer{1}{role=LEADER} - Sending CommandResponse{status=OK, index=38, eventIndex=2, result=byte[]{length=2, hash=1316}}
02:49:52.535 [raft-server-2] TRACE i.a.p.raft.roles.FollowerRole - RaftServer{2}{role=FOLLOWER} - Sending CommandResponse{status=OK, index=38, eventIndex=2, result=byte[]{length=2, hash=1316}}
02:49:52.535 [raft-client-86eccf48-f731-4463-9ff4-1338804a1578-3] TRACE i.a.p.r.p.impl.RaftProxyConnection - SessionClient{2}{type=io.atomix.protocols.raft.RaftTest$TestPrimitiveType@35bfa1bb, name=raft-test} - Received CommandResponse{status=OK, index=38, eventIndex=2, result=byte[]{length=2, hash=1316}} from 2
02:49:52.535 [raft-client-86eccf48-f731-4463-9ff4-1338804a1578-3] TRACE i.a.p.r.p.impl.RaftProxySequencer - SessionClient{2}{type=io.atomix.protocols.raft.RaftTest$TestPrimitiveType@35bfa1bb, name=raft-test} - Completing response CommandResponse{status=OK, index=38, eventIndex=2, result=byte[]{length=2, hash=1316}}
02:49:52.535 [raft-client-86eccf48-f731-4463-9ff4-1338804a1578-4] TRACE i.a.p.r.p.impl.RaftProxyConnection - SessionClient{2}{type=io.atomix.protocols.raft.RaftTest$TestPrimitiveType@35bfa1bb, name=raft-test} - Sending CommandRequest{session=2, sequence=32, operation=PrimitiveOperation{id=DefaultOperationId{id=write, type=COMMAND}, value=byte[]{length=17, hash=-1644578928}}} to 2
02:49:52.535 [raft-server-2] TRACE i.a.p.raft.roles.FollowerRole - RaftServer{2}{role=FOLLOWER} - Received CommandRequest{session=2, sequence=32, operation=PrimitiveOperation{id=DefaultOperationId{id=write, type=COMMAND}, value=byte[]{length=17, hash=-1644578928}}}
02:49:52.536 [raft-server-1] TRACE i.a.protocols.raft.roles.LeaderRole - RaftServer{1}{role=LEADER} - Received CommandRequest{session=2, sequence=32, operation=PrimitiveOperation{id=DefaultOperationId{id=write, type=COMMAND}, value=byte[]{length=17, hash=-1644578928}}}
02:49:52.536 [raft-server-1] TRACE i.a.protocols.raft.roles.LeaderRole - RaftServer{1}{role=LEADER} - Appended Indexed{index=39, entry=CommandEntry{term=1, timestamp=2018-06-09 02:49:52,536, session=2, sequence=32, operation=PrimitiveOperation{id=DefaultOperationId{id=write, type=COMMAND}, value=byte[]{length=17, hash=-1644578928}}}}
02:49:52.536 [raft-server-1] TRACE i.a.p.raft.roles.LeaderAppender - RaftServer{1} - Sending AppendRequest{term=1, leader=1, prevLogIndex=38, prevLogTerm=1, entries=1, commitIndex=38} to 3
02:49:52.536 [raft-server-3] TRACE i.a.p.raft.roles.FollowerRole - RaftServer{3}{role=FOLLOWER} - Received AppendRequest{term=1, leader=1, prevLogIndex=38, prevLogTerm=1, entries=1, commitIndex=38}
02:49:52.536 [raft-server-1] TRACE i.a.p.raft.roles.LeaderAppender - RaftServer{1} - Sending AppendRequest{term=1, leader=1, prevLogIndex=38, prevLogTerm=1, entries=1, commitIndex=38} to 2
02:49:52.536 [raft-server-2] TRACE i.a.p.raft.roles.FollowerRole - RaftServer{2}{role=FOLLOWER} - Received AppendRequest{term=1, leader=1, prevLogIndex=38, prevLogTerm=1, entries=1, commitIndex=38}
02:49:52.536 [raft-server-3] TRACE i.a.p.raft.roles.FollowerRole - RaftServer{3}{role=FOLLOWER} - Appended Indexed{index=39, entry=CommandEntry{term=1, timestamp=2018-06-09 02:49:52,536, session=2, sequence=32, operation=PrimitiveOperation{id=DefaultOperationId{id=write, type=COMMAND}, value=byte[]{length=17, hash=-1644578928}}}}
02:49:52.536 [raft-server-2] TRACE i.a.p.raft.roles.FollowerRole - RaftServer{2}{role=FOLLOWER} - Appended Indexed{index=39, entry=CommandEntry{term=1, timestamp=2018-06-09 02:49:52,536, session=2, sequence=32, operation=PrimitiveOperation{id=DefaultOperationId{id=write, type=COMMAND}, value=byte[]{length=17, hash=-1644578928}}}}
02:49:52.624 [raft-server-3] TRACE i.a.p.raft.roles.FollowerRole - RaftServer{3}{role=FOLLOWER} - Committed entries up to index 38
02:49:52.624 [raft-server-2] TRACE i.a.p.raft.roles.FollowerRole - RaftServer{2}{role=FOLLOWER} - Committed entries up to index 38
02:49:52.624 [raft-server-3] TRACE i.a.p.raft.roles.FollowerRole - RaftServer{3}{role=FOLLOWER} - Sending AppendResponse{status=OK, term=1, succeeded=true, lastLogIndex=39}
02:49:52.624 [raft-server-2] TRACE i.a.p.raft.roles.FollowerRole - RaftServer{2}{role=FOLLOWER} - Sending AppendResponse{status=OK, term=1, succeeded=true, lastLogIndex=39}
02:49:52.624 [raft-server-1] TRACE i.a.p.raft.roles.LeaderAppender - RaftServer{1} - Received AppendResponse{status=OK, term=1, succeeded=true, lastLogIndex=39} from 3
02:49:52.624 [raft-server-2-state] TRACE i.a.p.raft.impl.RaftServiceManager - RaftServer{2} - Applying Indexed{index=38, entry=CommandEntry{term=1, timestamp=2018-06-09 02:49:52,449, session=2, sequence=31, operation=PrimitiveOperation{id=DefaultOperationId{id=write, type=COMMAND}, value=byte[]{length=17, hash=-1644578928}}}}
02:49:52.624 [raft-server-3-state] TRACE i.a.p.raft.impl.RaftServiceManager - RaftServer{3} - Applying Indexed{index=38, entry=CommandEntry{term=1, timestamp=2018-06-09 02:49:52,449, session=2, sequence=31, operation=PrimitiveOperation{id=DefaultOperationId{id=write, type=COMMAND}, value=byte[]{length=17, hash=-1644578928}}}}
02:49:52.624 [raft-server-1] TRACE i.a.p.raft.roles.LeaderAppender - RaftServer{1} - Committed entries up to 39
02:49:52.624 [raft-server-2-state] TRACE i.a.p.s.impl.DefaultServiceExecutor - PrimitiveService{2}{type=io.atomix.protocols.raft.RaftTest$TestPrimitiveType@10ad7eb5, name=raft-test} - Executing DefaultCommit{index=38, session=RaftSession{RaftServiceContext{server=2, type=io.atomix.protocols.raft.RaftTest$TestPrimitiveType@10ad7eb5, name=raft-test, id=2}, session=2, timestamp=2018-06-09 02:49:52,449}, time=2018-06-09 02:49:52,449, operation=DefaultOperationId{id=write, type=COMMAND}, value=byte[]{length=17, hash=-1644578928}}
02:49:52.624 [raft-server-3-state] TRACE i.a.p.s.impl.DefaultServiceExecutor - PrimitiveService{2}{type=io.atomix.protocols.raft.RaftTest$TestPrimitiveType@2669790c, name=raft-test} - Executing DefaultCommit{index=38, session=RaftSession{RaftServiceContext{server=3, type=io.atomix.protocols.raft.RaftTest$TestPrimitiveType@2669790c, name=raft-test, id=2}, session=2, timestamp=2018-06-09 02:49:52,449}, time=2018-06-09 02:49:52,449, operation=DefaultOperationId{id=write, type=COMMAND}, value=byte[]{length=17, hash=-1644578928}}
02:49:52.726 [raft-server-1] TRACE i.a.p.raft.roles.LeaderAppender - RaftServer{1} - Sending AppendRequest{term=1, leader=1, prevLogIndex=39, prevLogTerm=1, entries=0, commitIndex=39} to 3
02:49:52.726 [raft-server-3] TRACE i.a.p.raft.roles.FollowerRole - RaftServer{3}{role=FOLLOWER} - Received AppendRequest{term=1, leader=1, prevLogIndex=39, prevLogTerm=1, entries=0, commitIndex=39}
02:49:52.726 [raft-server-1] TRACE i.a.p.raft.roles.LeaderAppender - RaftServer{1} - Received AppendResponse{status=OK, term=1, succeeded=true, lastLogIndex=39} from 2
02:49:52.727 [raft-server-1] TRACE i.a.p.raft.roles.LeaderAppender - RaftServer{1} - Sending AppendRequest{term=1, leader=1, prevLogIndex=39, prevLogTerm=1, entries=0, commitIndex=39} to 2
02:49:52.727 [raft-server-2] TRACE i.a.p.raft.roles.FollowerRole - RaftServer{2}{role=FOLLOWER} - Received AppendRequest{term=1, leader=1, prevLogIndex=39, prevLogTerm=1, entries=0, commitIndex=39}
02:49:52.727 [raft-server-1-state] TRACE i.a.p.raft.impl.RaftServiceManager - RaftServer{1} - Applying Indexed{index=39, entry=CommandEntry{term=1, timestamp=2018-06-09 02:49:52,536, session=2, sequence=32, operation=PrimitiveOperation{id=DefaultOperationId{id=write, type=COMMAND}, value=byte[]{length=17, hash=-1644578928}}}}
02:49:52.727 [raft-server-1-state] TRACE i.a.p.s.impl.DefaultServiceExecutor - PrimitiveService{2}{type=io.atomix.protocols.raft.RaftTest$TestPrimitiveType@2df83e7, name=raft-test} - Executing DefaultCommit{index=39, session=RaftSession{RaftServiceContext{server=1, type=io.atomix.protocols.raft.RaftTest$TestPrimitiveType@2df83e7, name=raft-test, id=2}, session=2, timestamp=2018-06-09 02:49:52,536}, time=2018-06-09 02:49:52,536, operation=DefaultOperationId{id=write, type=COMMAND}, value=byte[]{length=17, hash=-1644578928}}
02:49:52.727 [raft-server-1-state] TRACE i.a.protocols.raft.roles.LeaderRole - RaftServer{1}{role=LEADER} - Sending CommandResponse{status=OK, index=39, eventIndex=2, result=byte[]{length=2, hash=1318}}
02:49:52.817 [raft-server-3] TRACE i.a.p.raft.roles.FollowerRole - RaftServer{3}{role=FOLLOWER} - Committed entries up to index 39
02:49:52.817 [raft-server-3] TRACE i.a.p.raft.roles.FollowerRole - RaftServer{3}{role=FOLLOWER} - Sending AppendResponse{status=OK, term=1, succeeded=true, lastLogIndex=39}
02:49:52.817 [raft-server-1] TRACE i.a.p.raft.roles.LeaderAppender - RaftServer{1} - Received AppendResponse{status=OK, term=1, succeeded=true, lastLogIndex=39} from 3
02:49:52.817 [raft-server-3-state] TRACE i.a.p.raft.impl.RaftServiceManager - RaftServer{3} - Applying Indexed{index=39, entry=CommandEntry{term=1, timestamp=2018-06-09 02:49:52,536, session=2, sequence=32, operation=PrimitiveOperation{id=DefaultOperationId{id=write, type=COMMAND}, value=byte[]{length=17, hash=-1644578928}}}}
02:49:52.817 [raft-server-3-state] TRACE i.a.p.s.impl.DefaultServiceExecutor - PrimitiveService{2}{type=io.atomix.protocols.raft.RaftTest$TestPrimitiveType@2669790c, name=raft-test} - Executing DefaultCommit{index=39, session=RaftSession{RaftServiceContext{server=3, type=io.atomix.protocols.raft.RaftTest$TestPrimitiveType@2669790c, name=raft-test, id=2}, session=2, timestamp=2018-06-09 02:49:52,536}, time=2018-06-09 02:49:52,536, operation=DefaultOperationId{id=write, type=COMMAND}, value=byte[]{length=17, hash=-1644578928}}
02:49:52.848 [raft-server-1] TRACE i.a.p.raft.roles.LeaderAppender - RaftServer{1} - Sending AppendRequest{term=1, leader=1, prevLogIndex=39, prevLogTerm=1, entries=0, commitIndex=39} to 3
02:49:52.848 [raft-server-3] TRACE i.a.p.raft.roles.FollowerRole - RaftServer{3}{role=FOLLOWER} - Received AppendRequest{term=1, leader=1, prevLogIndex=39, prevLogTerm=1, entries=0, commitIndex=39}
02:49:52.848 [raft-server-3] TRACE i.a.p.raft.roles.FollowerRole - RaftServer{3}{role=FOLLOWER} - Sending AppendResponse{status=OK, term=1, succeeded=true, lastLogIndex=39}
02:49:52.849 [raft-server-1] TRACE i.a.p.raft.roles.LeaderAppender - RaftServer{1} - Received AppendResponse{status=OK, term=1, succeeded=true, lastLogIndex=39} from 3
02:49:52.849 [raft-server-1] TRACE i.a.p.raft.roles.LeaderAppender - RaftServer{1} - Sending AppendRequest{term=1, leader=1, prevLogIndex=39, prevLogTerm=1, entries=0, commitIndex=39} to 3
02:49:52.849 [raft-server-3] TRACE i.a.p.raft.roles.FollowerRole - RaftServer{3}{role=FOLLOWER} - Received AppendRequest{term=1, leader=1, prevLogIndex=39, prevLogTerm=1, entries=0, commitIndex=39}
02:49:52.849 [raft-server-3] TRACE i.a.p.raft.roles.FollowerRole - RaftServer{3}{role=FOLLOWER} - Sending AppendResponse{status=OK, term=1, succeeded=true, lastLogIndex=39}
02:49:52.849 [raft-server-1] TRACE i.a.p.raft.roles.LeaderAppender - RaftServer{1} - Received AppendResponse{status=OK, term=1, succeeded=true, lastLogIndex=39} from 3
02:49:52.972 [raft-server-2] TRACE i.a.p.raft.roles.FollowerRole - RaftServer{2}{role=FOLLOWER} - Committed entries up to index 39
02:49:52.972 [raft-server-2] TRACE i.a.p.raft.roles.FollowerRole - RaftServer{2}{role=FOLLOWER} - Sending AppendResponse{status=OK, term=1, succeeded=true, lastLogIndex=39}
02:49:52.972 [raft-server-1] TRACE i.a.p.raft.roles.LeaderAppender - RaftServer{1} - Received AppendResponse{status=OK, term=1, succeeded=true, lastLogIndex=39} from 2
02:49:52.972 [raft-server-2] TRACE i.a.p.raft.roles.FollowerRole - RaftServer{2}{role=FOLLOWER} - Sending CommandResponse{status=OK, index=39, eventIndex=2, result=byte[]{length=2, hash=1318}}
02:49:52.972 [raft-client-86eccf48-f731-4463-9ff4-1338804a1578-0] TRACE i.a.p.r.p.impl.RaftProxyConnection - SessionClient{2}{type=io.atomix.protocols.raft.RaftTest$TestPrimitiveType@35bfa1bb, name=raft-test} - Received CommandResponse{status=OK, index=39, eventIndex=2, result=byte[]{length=2, hash=1318}} from 2
02:49:52.973 [raft-client-86eccf48-f731-4463-9ff4-1338804a1578-0] TRACE i.a.p.r.p.impl.RaftProxySequencer - SessionClient{2}{type=io.atomix.protocols.raft.RaftTest$TestPrimitiveType@35bfa1bb, name=raft-test} - Completing response CommandResponse{status=OK, index=39, eventIndex=2, result=byte[]{length=2, hash=1318}}
02:49:52.972 [raft-server-2-state] TRACE i.a.p.raft.impl.RaftServiceManager - RaftServer{2} - Applying Indexed{index=39, entry=CommandEntry{term=1, timestamp=2018-06-09 02:49:52,536, session=2, sequence=32, operation=PrimitiveOperation{id=DefaultOperationId{id=write, type=COMMAND}, value=byte[]{length=17, hash=-1644578928}}}}
02:49:52.973 [raft-server-2-state] TRACE i.a.p.s.impl.DefaultServiceExecutor - PrimitiveService{2}{type=io.atomix.protocols.raft.RaftTest$TestPrimitiveType@10ad7eb5, name=raft-test} - Executing DefaultCommit{index=39, session=RaftSession{RaftServiceContext{server=2, type=io.atomix.protocols.raft.RaftTest$TestPrimitiveType@10ad7eb5, name=raft-test, id=2}, session=2, timestamp=2018-06-09 02:49:52,536}, time=2018-06-09 02:49:52,536, operation=DefaultOperationId{id=write, type=COMMAND}, value=byte[]{length=17, hash=-1644578928}}
02:49:52.973 [raft-client-86eccf48-f731-4463-9ff4-1338804a1578-0] TRACE i.a.p.r.p.impl.RaftProxyConnection - SessionClient{2}{type=io.atomix.protocols.raft.RaftTest$TestPrimitiveType@35bfa1bb, name=raft-test} - Sending CommandRequest{session=2, sequence=33, operation=PrimitiveOperation{id=DefaultOperationId{id=write, type=COMMAND}, value=byte[]{length=17, hash=-1644578928}}} to 2
02:49:52.973 [raft-server-2] TRACE i.a.p.raft.roles.FollowerRole - RaftServer{2}{role=FOLLOWER} - Received CommandRequest{session=2, sequence=33, operation=PrimitiveOperation{id=DefaultOperationId{id=write, type=COMMAND}, value=byte[]{length=17, hash=-1644578928}}}
02:49:52.973 [raft-server-1] TRACE i.a.protocols.raft.roles.LeaderRole - RaftServer{1}{role=LEADER} - Received CommandRequest{session=2, sequence=33, operation=PrimitiveOperation{id=DefaultOperationId{id=write, type=COMMAND}, value=byte[]{length=17, hash=-1644578928}}}
02:49:52.973 [raft-server-1] TRACE i.a.protocols.raft.roles.LeaderRole - RaftServer{1}{role=LEADER} - Appended Indexed{index=40, entry=CommandEntry{term=1, timestamp=2018-06-09 02:49:52,973, session=2, sequence=33, operation=PrimitiveOperation{id=DefaultOperationId{id=write, type=COMMAND}, value=byte[]{length=17, hash=-1644578928}}}}
02:49:52.973 [raft-server-1] TRACE i.a.p.raft.roles.LeaderAppender - RaftServer{1} - Sending AppendRequest{term=1, leader=1, prevLogIndex=39, prevLogTerm=1, entries=1, commitIndex=39} to 3
02:49:52.973 [raft-server-3] TRACE i.a.p.raft.roles.FollowerRole - RaftServer{3}{role=FOLLOWER} - Received AppendRequest{term=1, leader=1, prevLogIndex=39, prevLogTerm=1, entries=1, commitIndex=39}
02:49:52.973 [raft-server-1] TRACE i.a.p.raft.roles.LeaderAppender - RaftServer{1} - Sending AppendRequest{term=1, leader=1, prevLogIndex=39, prevLogTerm=1, entries=1, commitIndex=39} to 2
02:49:52.973 [raft-server-2] TRACE i.a.p.raft.roles.FollowerRole - RaftServer{2}{role=FOLLOWER} - Received AppendRequest{term=1, leader=1, prevLogIndex=39, prevLogTerm=1, entries=1, commitIndex=39}
02:49:52.973 [raft-server-3] TRACE i.a.p.raft.roles.FollowerRole - RaftServer{3}{role=FOLLOWER} - Appended Indexed{index=40, entry=CommandEntry{term=1, timestamp=2018-06-09 02:49:52,973, session=2, sequence=33, operation=PrimitiveOperation{id=DefaultOperationId{id=write, type=COMMAND}, value=byte[]{length=17, hash=-1644578928}}}}
02:49:52.974 [raft-server-3] TRACE i.a.p.raft.roles.FollowerRole - RaftServer{3}{role=FOLLOWER} - Sending AppendResponse{status=OK, term=1, succeeded=true, lastLogIndex=40}
02:49:52.974 [raft-server-2] TRACE i.a.p.raft.roles.FollowerRole - RaftServer{2}{role=FOLLOWER} - Appended Indexed{index=40, entry=CommandEntry{term=1, timestamp=2018-06-09 02:49:52,973, session=2, sequence=33, operation=PrimitiveOperation{id=DefaultOperationId{id=write, type=COMMAND}, value=byte[]{length=17, hash=-1644578928}}}}
02:49:52.974 [raft-server-1] TRACE i.a.p.raft.roles.LeaderAppender - RaftServer{1} - Received AppendResponse{status=OK, term=1, succeeded=true, lastLogIndex=40} from 3
02:49:52.974 [raft-server-2] TRACE i.a.p.raft.roles.FollowerRole - RaftServer{2}{role=FOLLOWER} - Sending AppendResponse{status=OK, term=1, succeeded=true, lastLogIndex=40}
02:49:52.974 [raft-server-1] TRACE i.a.p.raft.roles.LeaderAppender - RaftServer{1} - Committed entries up to 40
02:49:53.040 [raft-server-1] TRACE i.a.p.raft.roles.LeaderAppender - RaftServer{1} - Received AppendResponse{status=OK, term=1, succeeded=true, lastLogIndex=40} from 2
02:49:53.040 [raft-server-1-state] TRACE i.a.p.raft.impl.RaftServiceManager - RaftServer{1} - Applying Indexed{index=40, entry=CommandEntry{term=1, timestamp=2018-06-09 02:49:52,973, session=2, sequence=33, operation=PrimitiveOperation{id=DefaultOperationId{id=write, type=COMMAND}, value=byte[]{length=17, hash=-1644578928}}}}
02:49:53.040 [raft-server-1-state] TRACE i.a.p.s.impl.DefaultServiceExecutor - PrimitiveService{2}{type=io.atomix.protocols.raft.RaftTest$TestPrimitiveType@2df83e7, name=raft-test} - Executing DefaultCommit{index=40, session=RaftSession{RaftServiceContext{server=1, type=io.atomix.protocols.raft.RaftTest$TestPrimitiveType@2df83e7, name=raft-test, id=2}, session=2, timestamp=2018-06-09 02:49:52,973}, time=2018-06-09 02:49:52,973, operation=DefaultOperationId{id=write, type=COMMAND}, value=byte[]{length=17, hash=-1644578928}}
02:49:53.041 [raft-server-1] TRACE i.a.protocols.raft.roles.LeaderRole - RaftServer{1}{role=LEADER} - Sending CommandResponse{status=OK, index=40, eventIndex=2, result=byte[]{length=2, hash=1320}}
02:49:53.041 [raft-server-2] TRACE i.a.p.raft.roles.FollowerRole - RaftServer{2}{role=FOLLOWER} - Sending CommandResponse{status=OK, index=40, eventIndex=2, result=byte[]{length=2, hash=1320}}
02:49:53.041 [raft-client-86eccf48-f731-4463-9ff4-1338804a1578-1] TRACE i.a.p.r.p.impl.RaftProxyConnection - SessionClient{2}{type=io.atomix.protocols.raft.RaftTest$TestPrimitiveType@35bfa1bb, name=raft-test} - Received CommandResponse{status=OK, index=40, eventIndex=2, result=byte[]{length=2, hash=1320}} from 2
02:49:53.041 [raft-client-86eccf48-f731-4463-9ff4-1338804a1578-1] TRACE i.a.p.r.p.impl.RaftProxySequencer - SessionClient{2}{type=io.atomix.protocols.raft.RaftTest$TestPrimitiveType@35bfa1bb, name=raft-test} - Completing response CommandResponse{status=OK, index=40, eventIndex=2, result=byte[]{length=2, hash=1320}}
02:49:53.041 [raft-client-86eccf48-f731-4463-9ff4-1338804a1578-1] TRACE i.a.p.r.p.impl.RaftProxyConnection - SessionClient{2}{type=io.atomix.protocols.raft.RaftTest$TestPrimitiveType@35bfa1bb, name=raft-test} - Sending CommandRequest{session=2, sequence=34, operation=PrimitiveOperation{id=DefaultOperationId{id=write, type=COMMAND}, value=byte[]{length=17, hash=-1644578928}}} to 2
02:49:53.041 [raft-server-2] TRACE i.a.p.raft.roles.FollowerRole - RaftServer{2}{role=FOLLOWER} - Received CommandRequest{session=2, sequence=34, operation=PrimitiveOperation{id=DefaultOperationId{id=write, type=COMMAND}, value=byte[]{length=17, hash=-1644578928}}}
02:49:53.042 [raft-server-1] TRACE i.a.protocols.raft.roles.LeaderRole - RaftServer{1}{role=LEADER} - Received CommandRequest{session=2, sequence=34, operation=PrimitiveOperation{id=DefaultOperationId{id=write, type=COMMAND}, value=byte[]{length=17, hash=-1644578928}}}
02:49:53.192 [raft-server-1] DEBUG i.a.storage.journal.SegmentedJournal - Created disk segment: JournalSegment{id=5, version=1, index=41, size=64}
02:49:53.192 [raft-server-1] TRACE i.a.protocols.raft.roles.LeaderRole - RaftServer{1}{role=LEADER} - Appended Indexed{index=41, entry=CommandEntry{term=1, timestamp=2018-06-09 02:49:53,042, session=2, sequence=34, operation=PrimitiveOperation{id=DefaultOperationId{id=write, type=COMMAND}, value=byte[]{length=17, hash=-1644578928}}}}
02:49:53.192 [raft-server-1] TRACE i.a.p.raft.roles.LeaderAppender - RaftServer{1} - Sending AppendRequest{term=1, leader=1, prevLogIndex=40, prevLogTerm=1, entries=1, commitIndex=40} to 3
02:49:53.192 [raft-server-3] TRACE i.a.p.raft.roles.FollowerRole - RaftServer{3}{role=FOLLOWER} - Received AppendRequest{term=1, leader=1, prevLogIndex=40, prevLogTerm=1, entries=1, commitIndex=40}
02:49:53.192 [raft-server-1] TRACE i.a.p.raft.roles.LeaderAppender - RaftServer{1} - Sending AppendRequest{term=1, leader=1, prevLogIndex=40, prevLogTerm=1, entries=1, commitIndex=40} to 2
02:49:53.192 [raft-server-2] TRACE i.a.p.raft.roles.FollowerRole - RaftServer{2}{role=FOLLOWER} - Received AppendRequest{term=1, leader=1, prevLogIndex=40, prevLogTerm=1, entries=1, commitIndex=40}
02:49:53.339 [raft-server-2] DEBUG i.a.storage.journal.SegmentedJournal - Created disk segment: JournalSegment{id=5, version=1, index=41, size=64}
02:49:53.339 [raft-server-2] TRACE i.a.p.raft.roles.FollowerRole - RaftServer{2}{role=FOLLOWER} - Appended Indexed{index=41, entry=CommandEntry{term=1, timestamp=2018-06-09 02:49:53,042, session=2, sequence=34, operation=PrimitiveOperation{id=DefaultOperationId{id=write, type=COMMAND}, value=byte[]{length=17, hash=-1644578928}}}}
02:49:53.443 [raft-server-3] DEBUG i.a.storage.journal.SegmentedJournal - Created disk segment: JournalSegment{id=5, version=1, index=41, size=64}
02:49:53.443 [raft-server-3] TRACE i.a.p.raft.roles.FollowerRole - RaftServer{3}{role=FOLLOWER} - Appended Indexed{index=41, entry=CommandEntry{term=1, timestamp=2018-06-09 02:49:53,042, session=2, sequence=34, operation=PrimitiveOperation{id=DefaultOperationId{id=write, type=COMMAND}, value=byte[]{length=17, hash=-1644578928}}}}
02:49:53.531 [raft-server-2] TRACE i.a.p.raft.roles.FollowerRole - RaftServer{2}{role=FOLLOWER} - Committed entries up to index 40
02:49:53.531 [raft-server-2] TRACE i.a.p.raft.roles.FollowerRole - RaftServer{2}{role=FOLLOWER} - Sending AppendResponse{status=OK, term=1, succeeded=true, lastLogIndex=41}
02:49:53.532 [raft-server-1] TRACE i.a.p.raft.roles.LeaderAppender - RaftServer{1} - Received AppendResponse{status=OK, term=1, succeeded=true, lastLogIndex=41} from 2
02:49:53.532 [raft-server-1] TRACE i.a.p.raft.roles.LeaderAppender - RaftServer{1} - Committed entries up to 41
02:49:53.532 [raft-server-2-state] TRACE i.a.p.raft.impl.RaftServiceManager - RaftServer{2} - Applying Indexed{index=40, entry=CommandEntry{term=1, timestamp=2018-06-09 02:49:52,973, session=2, sequence=33, operation=PrimitiveOperation{id=DefaultOperationId{id=write, type=COMMAND}, value=byte[]{length=17, hash=-1644578928}}}}
02:49:53.532 [raft-server-2-state] TRACE i.a.p.s.impl.DefaultServiceExecutor - PrimitiveService{2}{type=io.atomix.protocols.raft.RaftTest$TestPrimitiveType@10ad7eb5, name=raft-test} - Executing DefaultCommit{index=40, session=RaftSession{RaftServiceContext{server=2, type=io.atomix.protocols.raft.RaftTest$TestPrimitiveType@10ad7eb5, name=raft-test, id=2}, session=2, timestamp=2018-06-09 02:49:52,973}, time=2018-06-09 02:49:52,973, operation=DefaultOperationId{id=write, type=COMMAND}, value=byte[]{length=17, hash=-1644578928}}
02:49:53.617 [raft-server-3] TRACE i.a.p.raft.roles.FollowerRole - RaftServer{3}{role=FOLLOWER} - Committed entries up to index 40
02:49:53.617 [raft-server-3] TRACE i.a.p.raft.roles.FollowerRole - RaftServer{3}{role=FOLLOWER} - Sending AppendResponse{status=OK, term=1, succeeded=true, lastLogIndex=41}
02:49:53.617 [raft-server-3-state] TRACE i.a.p.raft.impl.RaftServiceManager - RaftServer{3} - Applying Indexed{index=40, entry=CommandEntry{term=1, timestamp=2018-06-09 02:49:52,973, session=2, sequence=33, operation=PrimitiveOperation{id=DefaultOperationId{id=write, type=COMMAND}, value=byte[]{length=17, hash=-1644578928}}}}
02:49:53.617 [raft-server-3-state] TRACE i.a.p.s.impl.DefaultServiceExecutor - PrimitiveService{2}{type=io.atomix.protocols.raft.RaftTest$TestPrimitiveType@2669790c, name=raft-test} - Executing DefaultCommit{index=40, session=RaftSession{RaftServiceContext{server=3, type=io.atomix.protocols.raft.RaftTest$TestPrimitiveType@2669790c, name=raft-test, id=2}, session=2, timestamp=2018-06-09 02:49:52,973}, time=2018-06-09 02:49:52,973, operation=DefaultOperationId{id=write, type=COMMAND}, value=byte[]{length=17, hash=-1644578928}}
02:49:53.691 [raft-server-1] TRACE i.a.p.raft.roles.LeaderAppender - RaftServer{1} - Sending AppendRequest{term=1, leader=1, prevLogIndex=41, prevLogTerm=1, entries=0, commitIndex=41} to 2
02:49:53.691 [raft-server-2] TRACE i.a.p.raft.roles.FollowerRole - RaftServer{2}{role=FOLLOWER} - Received AppendRequest{term=1, leader=1, prevLogIndex=41, prevLogTerm=1, entries=0, commitIndex=41}
02:49:53.691 [raft-server-1] TRACE i.a.p.raft.roles.LeaderAppender - RaftServer{1} - Received AppendResponse{status=OK, term=1, succeeded=true, lastLogIndex=41} from 3
02:49:53.691 [raft-server-1] TRACE i.a.p.raft.roles.LeaderAppender - RaftServer{1} - Sending AppendRequest{term=1, leader=1, prevLogIndex=41, prevLogTerm=1, entries=0, commitIndex=41} to 3
02:49:53.692 [raft-server-3] TRACE i.a.p.raft.roles.FollowerRole - RaftServer{3}{role=FOLLOWER} - Received AppendRequest{term=1, leader=1, prevLogIndex=41, prevLogTerm=1, entries=0, commitIndex=41}
02:49:53.692 [raft-server-1-state] TRACE i.a.p.raft.impl.RaftServiceManager - RaftServer{1} - Applying Indexed{index=41, entry=CommandEntry{term=1, timestamp=2018-06-09 02:49:53,042, session=2, sequence=34, operation=PrimitiveOperation{id=DefaultOperationId{id=write, type=COMMAND}, value=byte[]{length=17, hash=-1644578928}}}}
02:49:53.692 [raft-server-1-state] TRACE i.a.p.s.impl.DefaultServiceExecutor - PrimitiveService{2}{type=io.atomix.protocols.raft.RaftTest$TestPrimitiveType@2df83e7, name=raft-test} - Executing DefaultCommit{index=41, session=RaftSession{RaftServiceContext{server=1, type=io.atomix.protocols.raft.RaftTest$TestPrimitiveType@2df83e7, name=raft-test, id=2}, session=2, timestamp=2018-06-09 02:49:53,042}, time=2018-06-09 02:49:53,042, operation=DefaultOperationId{id=write, type=COMMAND}, value=byte[]{length=17, hash=-1644578928}}
02:49:53.692 [raft-server-1-state] TRACE i.a.protocols.raft.roles.LeaderRole - RaftServer{1}{role=LEADER} - Sending CommandResponse{status=OK, index=41, eventIndex=2, result=byte[]{length=2, hash=1322}}
02:49:53.765 [raft-server-2] TRACE i.a.p.raft.roles.FollowerRole - RaftServer{2}{role=FOLLOWER} - Committed entries up to index 41
02:49:53.765 [raft-server-2] TRACE i.a.p.raft.roles.FollowerRole - RaftServer{2}{role=FOLLOWER} - Sending AppendResponse{status=OK, term=1, succeeded=true, lastLogIndex=41}
02:49:53.765 [raft-server-2] TRACE i.a.p.raft.roles.FollowerRole - RaftServer{2}{role=FOLLOWER} - Sending CommandResponse{status=OK, index=41, eventIndex=2, result=byte[]{length=2, hash=1322}}
02:49:53.765 [raft-server-1] TRACE i.a.p.raft.roles.LeaderAppender - RaftServer{1} - Received AppendResponse{status=OK, term=1, succeeded=true, lastLogIndex=41} from 2
02:49:53.765 [raft-client-86eccf48-f731-4463-9ff4-1338804a1578-3] TRACE i.a.p.r.p.impl.RaftProxyConnection - SessionClient{2}{type=io.atomix.protocols.raft.RaftTest$TestPrimitiveType@35bfa1bb, name=raft-test} - Received CommandResponse{status=OK, index=41, eventIndex=2, result=byte[]{length=2, hash=1322}} from 2
02:49:53.765 [raft-client-86eccf48-f731-4463-9ff4-1338804a1578-3] TRACE i.a.p.r.p.impl.RaftProxySequencer - SessionClient{2}{type=io.atomix.protocols.raft.RaftTest$TestPrimitiveType@35bfa1bb, name=raft-test} - Completing response CommandResponse{status=OK, index=41, eventIndex=2, result=byte[]{length=2, hash=1322}}
02:49:53.765 [raft-server-1] TRACE i.a.p.raft.roles.LeaderAppender - RaftServer{1} - Sending AppendRequest{term=1, leader=1, prevLogIndex=41, prevLogTerm=1, entries=0, commitIndex=41} to 2
02:49:53.765 [raft-server-2-state] TRACE i.a.p.raft.impl.RaftServiceManager - RaftServer{2} - Applying Indexed{index=41, entry=CommandEntry{term=1, timestamp=2018-06-09 02:49:53,042, session=2, sequence=34, operation=PrimitiveOperation{id=DefaultOperationId{id=write, type=COMMAND}, value=byte[]{length=17, hash=-1644578928}}}}
02:49:53.765 [raft-server-2-state] TRACE i.a.p.s.impl.DefaultServiceExecutor - PrimitiveService{2}{type=io.atomix.protocols.raft.RaftTest$TestPrimitiveType@10ad7eb5, name=raft-test} - Executing DefaultCommit{index=41, session=RaftSession{RaftServiceContext{server=2, type=io.atomix.protocols.raft.RaftTest$TestPrimitiveType@10ad7eb5, name=raft-test, id=2}, session=2, timestamp=2018-06-09 02:49:53,042}, time=2018-06-09 02:49:53,042, operation=DefaultOperationId{id=write, type=COMMAND}, value=byte[]{length=17, hash=-1644578928}}
02:49:53.765 [raft-server-2] TRACE i.a.p.raft.roles.FollowerRole - RaftServer{2}{role=FOLLOWER} - Received AppendRequest{term=1, leader=1, prevLogIndex=41, prevLogTerm=1, entries=0, commitIndex=41}
02:49:53.765 [raft-client-86eccf48-f731-4463-9ff4-1338804a1578-7] TRACE i.a.p.r.p.impl.RaftProxyConnection - SessionClient{2}{type=io.atomix.protocols.raft.RaftTest$TestPrimitiveType@35bfa1bb, name=raft-test} - Sending CommandRequest{session=2, sequence=35, operation=PrimitiveOperation{id=DefaultOperationId{id=write, type=COMMAND}, value=byte[]{length=17, hash=-1644578928}}} to 2
02:49:53.765 [raft-server-2] TRACE i.a.p.raft.roles.FollowerRole - RaftServer{2}{role=FOLLOWER} - Sending AppendResponse{status=OK, term=1, succeeded=true, lastLogIndex=41}
02:49:53.765 [raft-server-1] TRACE i.a.p.raft.roles.LeaderAppender - RaftServer{1} - Received AppendResponse{status=OK, term=1, succeeded=true, lastLogIndex=41} from 2
02:49:53.765 [raft-server-2] TRACE i.a.p.raft.roles.FollowerRole - RaftServer{2}{role=FOLLOWER} - Received CommandRequest{session=2, sequence=35, operation=PrimitiveOperation{id=DefaultOperationId{id=write, type=COMMAND}, value=byte[]{length=17, hash=-1644578928}}}
02:49:53.766 [raft-server-1] TRACE i.a.protocols.raft.roles.LeaderRole - RaftServer{1}{role=LEADER} - Received CommandRequest{session=2, sequence=35, operation=PrimitiveOperation{id=DefaultOperationId{id=write, type=COMMAND}, value=byte[]{length=17, hash=-1644578928}}}
02:49:53.766 [raft-server-1] TRACE i.a.protocols.raft.roles.LeaderRole - RaftServer{1}{role=LEADER} - Appended Indexed{index=42, entry=CommandEntry{term=1, timestamp=2018-06-09 02:49:53,766, session=2, sequence=35, operation=PrimitiveOperation{id=DefaultOperationId{id=write, type=COMMAND}, value=byte[]{length=17, hash=-1644578928}}}}
02:49:53.766 [raft-server-1] TRACE i.a.p.raft.roles.LeaderAppender - RaftServer{1} - Sending AppendRequest{term=1, leader=1, prevLogIndex=41, prevLogTerm=1, entries=1, commitIndex=41} to 3
02:49:53.766 [raft-server-1] TRACE i.a.p.raft.roles.LeaderAppender - RaftServer{1} - Sending AppendRequest{term=1, leader=1, prevLogIndex=41, prevLogTerm=1, entries=1, commitIndex=41} to 2
02:49:53.766 [raft-server-2] TRACE i.a.p.raft.roles.FollowerRole - RaftServer{2}{role=FOLLOWER} - Received AppendRequest{term=1, leader=1, prevLogIndex=41, prevLogTerm=1, entries=1, commitIndex=41}
02:49:53.766 [raft-server-2] TRACE i.a.p.raft.roles.FollowerRole - RaftServer{2}{role=FOLLOWER} - Appended Indexed{index=42, entry=CommandEntry{term=1, timestamp=2018-06-09 02:49:53,766, session=2, sequence=35, operation=PrimitiveOperation{id=DefaultOperationId{id=write, type=COMMAND}, value=byte[]{length=17, hash=-1644578928}}}}
02:49:53.766 [raft-server-2] TRACE i.a.p.raft.roles.FollowerRole - RaftServer{2}{role=FOLLOWER} - Sending AppendResponse{status=OK, term=1, succeeded=true, lastLogIndex=42}
02:49:53.766 [raft-server-1] TRACE i.a.p.raft.roles.LeaderAppender - RaftServer{1} - Received AppendResponse{status=OK, term=1, succeeded=true, lastLogIndex=42} from 2
02:49:53.766 [raft-server-1] TRACE i.a.p.raft.roles.LeaderAppender - RaftServer{1} - Committed entries up to 42
02:49:53.832 [raft-server-3] TRACE i.a.p.raft.roles.FollowerRole - RaftServer{3}{role=FOLLOWER} - Committed entries up to index 41
02:49:53.832 [raft-server-3] TRACE i.a.p.raft.roles.FollowerRole - RaftServer{3}{role=FOLLOWER} - Sending AppendResponse{status=OK, term=1, succeeded=true, lastLogIndex=41}
02:49:53.832 [raft-server-3] TRACE i.a.p.raft.roles.FollowerRole - RaftServer{3}{role=FOLLOWER} - Received AppendRequest{term=1, leader=1, prevLogIndex=41, prevLogTerm=1, entries=1, commitIndex=41}
02:49:53.832 [raft-server-3] TRACE i.a.p.raft.roles.FollowerRole - RaftServer{3}{role=FOLLOWER} - Appended Indexed{index=42, entry=CommandEntry{term=1, timestamp=2018-06-09 02:49:53,766, session=2, sequence=35, operation=PrimitiveOperation{id=DefaultOperationId{id=write, type=COMMAND}, value=byte[]{length=17, hash=-1644578928}}}}
02:49:53.832 [raft-server-3] TRACE i.a.p.raft.roles.FollowerRole - RaftServer{3}{role=FOLLOWER} - Sending AppendResponse{status=OK, term=1, succeeded=true, lastLogIndex=42}
02:49:53.832 [raft-server-3-state] TRACE i.a.p.raft.impl.RaftServiceManager - RaftServer{3} - Applying Indexed{index=41, entry=CommandEntry{term=1, timestamp=2018-06-09 02:49:53,042, session=2, sequence=34, operation=PrimitiveOperation{id=DefaultOperationId{id=write, type=COMMAND}, value=byte[]{length=17, hash=-1644578928}}}}
02:49:53.832 [raft-server-3-state] TRACE i.a.p.s.impl.DefaultServiceExecutor - PrimitiveService{2}{type=io.atomix.protocols.raft.RaftTest$TestPrimitiveType@2669790c, name=raft-test} - Executing DefaultCommit{index=41, session=RaftSession{RaftServiceContext{server=3, type=io.atomix.protocols.raft.RaftTest$TestPrimitiveType@2669790c, name=raft-test, id=2}, session=2, timestamp=2018-06-09 02:49:53,042}, time=2018-06-09 02:49:53,042, operation=DefaultOperationId{id=write, type=COMMAND}, value=byte[]{length=17, hash=-1644578928}}
02:49:53.900 [raft-server-1] TRACE i.a.p.raft.roles.LeaderAppender - RaftServer{1} - Received AppendResponse{status=OK, term=1, succeeded=true, lastLogIndex=41} from 3
02:49:53.900 [raft-server-1] TRACE i.a.p.raft.roles.LeaderAppender - RaftServer{1} - Received AppendResponse{status=OK, term=1, succeeded=true, lastLogIndex=42} from 3
02:49:53.900 [raft-server-1] TRACE i.a.p.raft.roles.LeaderAppender - RaftServer{1} - Sending AppendRequest{term=1, leader=1, prevLogIndex=42, prevLogTerm=1, entries=0, commitIndex=42} to 3
02:49:53.901 [raft-server-1] TRACE i.a.p.raft.roles.LeaderAppender - RaftServer{1} - Sending AppendRequest{term=1, leader=1, prevLogIndex=42, prevLogTerm=1, entries=0, commitIndex=42} to 2
02:49:53.901 [raft-server-3] TRACE i.a.p.raft.roles.FollowerRole - RaftServer{3}{role=FOLLOWER} - Received AppendRequest{term=1, leader=1, prevLogIndex=42, prevLogTerm=1, entries=0, commitIndex=42}
02:49:53.901 [raft-server-2] TRACE i.a.p.raft.roles.FollowerRole - RaftServer{2}{role=FOLLOWER} - Received AppendRequest{term=1, leader=1, prevLogIndex=42, prevLogTerm=1, entries=0, commitIndex=42}
02:49:53.901 [raft-server-1-state] TRACE i.a.p.raft.impl.RaftServiceManager - RaftServer{1} - Applying Indexed{index=42, entry=CommandEntry{term=1, timestamp=2018-06-09 02:49:53,766, session=2, sequence=35, operation=PrimitiveOperation{id=DefaultOperationId{id=write, type=COMMAND}, value=byte[]{length=17, hash=-1644578928}}}}
02:49:53.901 [raft-server-1-state] TRACE i.a.p.s.impl.DefaultServiceExecutor - PrimitiveService{2}{type=io.atomix.protocols.raft.RaftTest$TestPrimitiveType@2df83e7, name=raft-test} - Executing DefaultCommit{index=42, session=RaftSession{RaftServiceContext{server=1, type=io.atomix.protocols.raft.RaftTest$TestPrimitiveType@2df83e7, name=raft-test, id=2}, session=2, timestamp=2018-06-09 02:49:53,766}, time=2018-06-09 02:49:53,766, operation=DefaultOperationId{id=write, type=COMMAND}, value=byte[]{length=17, hash=-1644578928}}
02:49:53.901 [raft-server-1-state] TRACE i.a.protocols.raft.roles.LeaderRole - RaftServer{1}{role=LEADER} - Sending CommandResponse{status=OK, index=42, eventIndex=2, result=byte[]{length=2, hash=1324}}
02:49:53.995 [raft-server-3] TRACE i.a.p.raft.roles.FollowerRole - RaftServer{3}{role=FOLLOWER} - Committed entries up to index 42
02:49:53.995 [raft-server-2] TRACE i.a.p.raft.roles.FollowerRole - RaftServer{2}{role=FOLLOWER} - Committed entries up to index 42
02:49:53.996 [raft-server-3] TRACE i.a.p.raft.roles.FollowerRole - RaftServer{3}{role=FOLLOWER} - Sending AppendResponse{status=OK, term=1, succeeded=true, lastLogIndex=42}
02:49:53.996 [raft-server-2] TRACE i.a.p.raft.roles.FollowerRole - RaftServer{2}{role=FOLLOWER} - Sending AppendResponse{status=OK, term=1, succeeded=true, lastLogIndex=42}
02:49:53.996 [raft-server-1] TRACE i.a.p.raft.roles.LeaderAppender - RaftServer{1} - Received AppendResponse{status=OK, term=1, succeeded=true, lastLogIndex=42} from 3
02:49:53.996 [raft-server-2] TRACE i.a.p.raft.roles.FollowerRole - RaftServer{2}{role=FOLLOWER} - Sending CommandResponse{status=OK, index=42, eventIndex=2, result=byte[]{length=2, hash=1324}}
02:49:53.996 [raft-server-3-state] TRACE i.a.p.raft.impl.RaftServiceManager - RaftServer{3} - Applying Indexed{index=42, entry=CommandEntry{term=1, timestamp=2018-06-09 02:49:53,766, session=2, sequence=35, operation=PrimitiveOperation{id=DefaultOperationId{id=write, type=COMMAND}, value=byte[]{length=17, hash=-1644578928}}}}
02:49:53.996 [raft-server-1] TRACE i.a.p.raft.roles.LeaderAppender - RaftServer{1} - Sending AppendRequest{term=1, leader=1, prevLogIndex=42, prevLogTerm=1, entries=0, commitIndex=42} to 3
02:49:53.996 [raft-client-86eccf48-f731-4463-9ff4-1338804a1578-2] TRACE i.a.p.r.p.impl.RaftProxyConnection - SessionClient{2}{type=io.atomix.protocols.raft.RaftTest$TestPrimitiveType@35bfa1bb, name=raft-test} - Received CommandResponse{status=OK, index=42, eventIndex=2, result=byte[]{length=2, hash=1324}} from 2
02:49:53.996 [raft-server-2-state] TRACE i.a.p.raft.impl.RaftServiceManager - RaftServer{2} - Applying Indexed{index=42, entry=CommandEntry{term=1, timestamp=2018-06-09 02:49:53,766, session=2, sequence=35, operation=PrimitiveOperation{id=DefaultOperationId{id=write, type=COMMAND}, value=byte[]{length=17, hash=-1644578928}}}}
02:49:53.996 [raft-server-3-state] TRACE i.a.p.s.impl.DefaultServiceExecutor - PrimitiveService{2}{type=io.atomix.protocols.raft.RaftTest$TestPrimitiveType@2669790c, name=raft-test} - Executing DefaultCommit{index=42, session=RaftSession{RaftServiceContext{server=3, type=io.atomix.protocols.raft.RaftTest$TestPrimitiveType@2669790c, name=raft-test, id=2}, session=2, timestamp=2018-06-09 02:49:53,766}, time=2018-06-09 02:49:53,766, operation=DefaultOperationId{id=write, type=COMMAND}, value=byte[]{length=17, hash=-1644578928}}
02:49:53.996 [raft-server-3] TRACE i.a.p.raft.roles.FollowerRole - RaftServer{3}{role=FOLLOWER} - Received AppendRequest{term=1, leader=1, prevLogIndex=42, prevLogTerm=1, entries=0, commitIndex=42}
02:49:53.996 [raft-server-1] TRACE i.a.p.raft.roles.LeaderAppender - RaftServer{1} - Received AppendResponse{status=OK, term=1, succeeded=true, lastLogIndex=42} from 2
02:49:53.996 [raft-client-86eccf48-f731-4463-9ff4-1338804a1578-2] TRACE i.a.p.r.p.impl.RaftProxySequencer - SessionClient{2}{type=io.atomix.protocols.raft.RaftTest$TestPrimitiveType@35bfa1bb, name=raft-test} - Completing response CommandResponse{status=OK, index=42, eventIndex=2, result=byte[]{length=2, hash=1324}}
02:49:53.996 [raft-server-2-state] TRACE i.a.p.s.impl.DefaultServiceExecutor - PrimitiveService{2}{type=io.atomix.protocols.raft.RaftTest$TestPrimitiveType@10ad7eb5, name=raft-test} - Executing DefaultCommit{index=42, session=RaftSession{RaftServiceContext{server=2, type=io.atomix.protocols.raft.RaftTest$TestPrimitiveType@10ad7eb5, name=raft-test, id=2}, session=2, timestamp=2018-06-09 02:49:53,766}, time=2018-06-09 02:49:53,766, operation=DefaultOperationId{id=write, type=COMMAND}, value=byte[]{length=17, hash=-1644578928}}
02:49:53.996 [raft-server-3] TRACE i.a.p.raft.roles.FollowerRole - RaftServer{3}{role=FOLLOWER} - Sending AppendResponse{status=OK, term=1, succeeded=true, lastLogIndex=42}
02:49:53.997 [raft-server-1] TRACE i.a.p.raft.roles.LeaderAppender - RaftServer{1} - Received AppendResponse{status=OK, term=1, succeeded=true, lastLogIndex=42} from 3
02:49:53.997 [raft-client-86eccf48-f731-4463-9ff4-1338804a1578-1] TRACE i.a.p.r.p.impl.RaftProxyConnection - SessionClient{2}{type=io.atomix.protocols.raft.RaftTest$TestPrimitiveType@35bfa1bb, name=raft-test} - Sending CommandRequest{session=2, sequence=36, operation=PrimitiveOperation{id=DefaultOperationId{id=write, type=COMMAND}, value=byte[]{length=17, hash=-1644578928}}} to 2
02:49:53.997 [raft-server-2] TRACE i.a.p.raft.roles.FollowerRole - RaftServer{2}{role=FOLLOWER} - Received CommandRequest{session=2, sequence=36, operation=PrimitiveOperation{id=DefaultOperationId{id=write, type=COMMAND}, value=byte[]{length=17, hash=-1644578928}}}
02:49:53.997 [raft-server-1] TRACE i.a.protocols.raft.roles.LeaderRole - RaftServer{1}{role=LEADER} - Received CommandRequest{session=2, sequence=36, operation=PrimitiveOperation{id=DefaultOperationId{id=write, type=COMMAND}, value=byte[]{length=17, hash=-1644578928}}}
02:49:53.997 [raft-server-1] TRACE i.a.protocols.raft.roles.LeaderRole - RaftServer{1}{role=LEADER} - Appended Indexed{index=43, entry=CommandEntry{term=1, timestamp=2018-06-09 02:49:53,997, session=2, sequence=36, operation=PrimitiveOperation{id=DefaultOperationId{id=write, type=COMMAND}, value=byte[]{length=17, hash=-1644578928}}}}
02:49:53.997 [raft-server-1] TRACE i.a.p.raft.roles.LeaderAppender - RaftServer{1} - Sending AppendRequest{term=1, leader=1, prevLogIndex=42, prevLogTerm=1, entries=1, commitIndex=42} to 3
02:49:53.997 [raft-server-3] TRACE i.a.p.raft.roles.FollowerRole - RaftServer{3}{role=FOLLOWER} - Received AppendRequest{term=1, leader=1, prevLogIndex=42, prevLogTerm=1, entries=1, commitIndex=42}
02:49:53.997 [raft-server-1] TRACE i.a.p.raft.roles.LeaderAppender - RaftServer{1} - Sending AppendRequest{term=1, leader=1, prevLogIndex=42, prevLogTerm=1, entries=1, commitIndex=42} to 2
02:49:53.997 [raft-server-2] TRACE i.a.p.raft.roles.FollowerRole - RaftServer{2}{role=FOLLOWER} - Received AppendRequest{term=1, leader=1, prevLogIndex=42, prevLogTerm=1, entries=1, commitIndex=42}
02:49:53.997 [raft-server-3] TRACE i.a.p.raft.roles.FollowerRole - RaftServer{3}{role=FOLLOWER} - Appended Indexed{index=43, entry=CommandEntry{term=1, timestamp=2018-06-09 02:49:53,997, session=2, sequence=36, operation=PrimitiveOperation{id=DefaultOperationId{id=write, type=COMMAND}, value=byte[]{length=17, hash=-1644578928}}}}
02:49:53.997 [raft-server-3] TRACE i.a.p.raft.roles.FollowerRole - RaftServer{3}{role=FOLLOWER} - Sending AppendResponse{status=OK, term=1, succeeded=true, lastLogIndex=43}
02:49:53.997 [raft-server-2] TRACE i.a.p.raft.roles.FollowerRole - RaftServer{2}{role=FOLLOWER} - Appended Indexed{index=43, entry=CommandEntry{term=1, timestamp=2018-06-09 02:49:53,997, session=2, sequence=36, operation=PrimitiveOperation{id=DefaultOperationId{id=write, type=COMMAND}, value=byte[]{length=17, hash=-1644578928}}}}
02:49:53.997 [raft-server-1] TRACE i.a.p.raft.roles.LeaderAppender - RaftServer{1} - Received AppendResponse{status=OK, term=1, succeeded=true, lastLogIndex=43} from 3
02:49:53.997 [raft-server-2] TRACE i.a.p.raft.roles.FollowerRole - RaftServer{2}{role=FOLLOWER} - Sending AppendResponse{status=OK, term=1, succeeded=true, lastLogIndex=43}
02:49:53.998 [raft-server-1] TRACE i.a.p.raft.roles.LeaderAppender - RaftServer{1} - Committed entries up to 43
02:49:54.081 [raft-server-1] TRACE i.a.p.raft.roles.LeaderAppender - RaftServer{1} - Received AppendResponse{status=OK, term=1, succeeded=true, lastLogIndex=43} from 2
02:49:54.081 [raft-server-1-state] TRACE i.a.p.raft.impl.RaftServiceManager - RaftServer{1} - Applying Indexed{index=43, entry=CommandEntry{term=1, timestamp=2018-06-09 02:49:53,997, session=2, sequence=36, operation=PrimitiveOperation{id=DefaultOperationId{id=write, type=COMMAND}, value=byte[]{length=17, hash=-1644578928}}}}
02:49:54.081 [raft-server-1-state] TRACE i.a.p.s.impl.DefaultServiceExecutor - PrimitiveService{2}{type=io.atomix.protocols.raft.RaftTest$TestPrimitiveType@2df83e7, name=raft-test} - Executing DefaultCommit{index=43, session=RaftSession{RaftServiceContext{server=1, type=io.atomix.protocols.raft.RaftTest$TestPrimitiveType@2df83e7, name=raft-test, id=2}, session=2, timestamp=2018-06-09 02:49:53,997}, time=2018-06-09 02:49:53,997, operation=DefaultOperationId{id=write, type=COMMAND}, value=byte[]{length=17, hash=-1644578928}}
02:49:54.081 [raft-server-1-state] TRACE i.a.protocols.raft.roles.LeaderRole - RaftServer{1}{role=LEADER} - Sending CommandResponse{status=OK, index=43, eventIndex=2, result=byte[]{length=2, hash=1326}}
02:49:54.081 [raft-server-2] TRACE i.a.p.raft.roles.FollowerRole - RaftServer{2}{role=FOLLOWER} - Sending CommandResponse{status=OK, index=43, eventIndex=2, result=byte[]{length=2, hash=1326}}
02:49:54.081 [raft-client-86eccf48-f731-4463-9ff4-1338804a1578-6] TRACE i.a.p.r.p.impl.RaftProxyConnection - SessionClient{2}{type=io.atomix.protocols.raft.RaftTest$TestPrimitiveType@35bfa1bb, name=raft-test} - Received CommandResponse{status=OK, index=43, eventIndex=2, result=byte[]{length=2, hash=1326}} from 2
02:49:54.081 [raft-client-86eccf48-f731-4463-9ff4-1338804a1578-6] TRACE i.a.p.r.p.impl.RaftProxySequencer - SessionClient{2}{type=io.atomix.protocols.raft.RaftTest$TestPrimitiveType@35bfa1bb, name=raft-test} - Completing response CommandResponse{status=OK, index=43, eventIndex=2, result=byte[]{length=2, hash=1326}}
02:49:54.081 [raft-client-86eccf48-f731-4463-9ff4-1338804a1578-5] TRACE i.a.p.r.p.impl.RaftProxyConnection - SessionClient{2}{type=io.atomix.protocols.raft.RaftTest$TestPrimitiveType@35bfa1bb, name=raft-test} - Sending CommandRequest{session=2, sequence=37, operation=PrimitiveOperation{id=DefaultOperationId{id=write, type=COMMAND}, value=byte[]{length=17, hash=-1644578928}}} to 2
02:49:54.082 [raft-server-2] TRACE i.a.p.raft.roles.FollowerRole - RaftServer{2}{role=FOLLOWER} - Received CommandRequest{session=2, sequence=37, operation=PrimitiveOperation{id=DefaultOperationId{id=write, type=COMMAND}, value=byte[]{length=17, hash=-1644578928}}}
02:49:54.082 [raft-server-1] TRACE i.a.protocols.raft.roles.LeaderRole - RaftServer{1}{role=LEADER} - Received CommandRequest{session=2, sequence=37, operation=PrimitiveOperation{id=DefaultOperationId{id=write, type=COMMAND}, value=byte[]{length=17, hash=-1644578928}}}
02:49:54.082 [raft-server-1] TRACE i.a.protocols.raft.roles.LeaderRole - RaftServer{1}{role=LEADER} - Appended Indexed{index=44, entry=CommandEntry{term=1, timestamp=2018-06-09 02:49:54,082, session=2, sequence=37, operation=PrimitiveOperation{id=DefaultOperationId{id=write, type=COMMAND}, value=byte[]{length=17, hash=-1644578928}}}}
02:49:54.082 [raft-server-1] TRACE i.a.p.raft.roles.LeaderAppender - RaftServer{1} - Sending AppendRequest{term=1, leader=1, prevLogIndex=43, prevLogTerm=1, entries=1, commitIndex=43} to 3
02:49:54.082 [raft-server-1] TRACE i.a.p.raft.roles.LeaderAppender - RaftServer{1} - Sending AppendRequest{term=1, leader=1, prevLogIndex=43, prevLogTerm=1, entries=1, commitIndex=43} to 2
02:49:54.082 [raft-server-3] TRACE i.a.p.raft.roles.FollowerRole - RaftServer{3}{role=FOLLOWER} - Received AppendRequest{term=1, leader=1, prevLogIndex=43, prevLogTerm=1, entries=1, commitIndex=43}
02:49:54.082 [raft-server-2] TRACE i.a.p.raft.roles.FollowerRole - RaftServer{2}{role=FOLLOWER} - Received AppendRequest{term=1, leader=1, prevLogIndex=43, prevLogTerm=1, entries=1, commitIndex=43}
02:49:54.082 [raft-server-3] TRACE i.a.p.raft.roles.FollowerRole - RaftServer{3}{role=FOLLOWER} - Appended Indexed{index=44, entry=CommandEntry{term=1, timestamp=2018-06-09 02:49:54,082, session=2, sequence=37, operation=PrimitiveOperation{id=DefaultOperationId{id=write, type=COMMAND}, value=byte[]{length=17, hash=-1644578928}}}}
02:49:54.082 [raft-server-2] TRACE i.a.p.raft.roles.FollowerRole - RaftServer{2}{role=FOLLOWER} - Appended Indexed{index=44, entry=CommandEntry{term=1, timestamp=2018-06-09 02:49:54,082, session=2, sequence=37, operation=PrimitiveOperation{id=DefaultOperationId{id=write, type=COMMAND}, value=byte[]{length=17, hash=-1644578928}}}}
02:49:54.189 [raft-server-2] TRACE i.a.p.raft.roles.FollowerRole - RaftServer{2}{role=FOLLOWER} - Committed entries up to index 43
02:49:54.189 [raft-server-3] TRACE i.a.p.raft.roles.FollowerRole - RaftServer{3}{role=FOLLOWER} - Committed entries up to index 43
02:49:54.189 [raft-server-2] TRACE i.a.p.raft.roles.FollowerRole - RaftServer{2}{role=FOLLOWER} - Sending AppendResponse{status=OK, term=1, succeeded=true, lastLogIndex=44}
02:49:54.189 [raft-server-3] TRACE i.a.p.raft.roles.FollowerRole - RaftServer{3}{role=FOLLOWER} - Sending AppendResponse{status=OK, term=1, succeeded=true, lastLogIndex=44}
02:49:54.189 [raft-server-1] TRACE i.a.p.raft.roles.LeaderAppender - RaftServer{1} - Received AppendResponse{status=OK, term=1, succeeded=true, lastLogIndex=44} from 2
02:49:54.189 [raft-server-2-state] TRACE i.a.p.raft.impl.RaftServiceManager - RaftServer{2} - Applying Indexed{index=43, entry=CommandEntry{term=1, timestamp=2018-06-09 02:49:53,997, session=2, sequence=36, operation=PrimitiveOperation{id=DefaultOperationId{id=write, type=COMMAND}, value=byte[]{length=17, hash=-1644578928}}}}
02:49:54.189 [raft-server-1] TRACE i.a.p.raft.roles.LeaderAppender - RaftServer{1} - Committed entries up to 44
02:49:54.189 [raft-server-3-state] TRACE i.a.p.raft.impl.RaftServiceManager - RaftServer{3} - Applying Indexed{index=43, entry=CommandEntry{term=1, timestamp=2018-06-09 02:49:53,997, session=2, sequence=36, operation=PrimitiveOperation{id=DefaultOperationId{id=write, type=COMMAND}, value=byte[]{length=17, hash=-1644578928}}}}
02:49:54.189 [raft-server-2-state] TRACE i.a.p.s.impl.DefaultServiceExecutor - PrimitiveService{2}{type=io.atomix.protocols.raft.RaftTest$TestPrimitiveType@10ad7eb5, name=raft-test} - Executing DefaultCommit{index=43, session=RaftSession{RaftServiceContext{server=2, type=io.atomix.protocols.raft.RaftTest$TestPrimitiveType@10ad7eb5, name=raft-test, id=2}, session=2, timestamp=2018-06-09 02:49:53,997}, time=2018-06-09 02:49:53,997, operation=DefaultOperationId{id=write, type=COMMAND}, value=byte[]{length=17, hash=-1644578928}}
02:49:54.190 [raft-server-3-state] TRACE i.a.p.s.impl.DefaultServiceExecutor - PrimitiveService{2}{type=io.atomix.protocols.raft.RaftTest$TestPrimitiveType@2669790c, name=raft-test} - Executing DefaultCommit{index=43, session=RaftSession{RaftServiceContext{server=3, type=io.atomix.protocols.raft.RaftTest$TestPrimitiveType@2669790c, name=raft-test, id=2}, session=2, timestamp=2018-06-09 02:49:53,997}, time=2018-06-09 02:49:53,997, operation=DefaultOperationId{id=write, type=COMMAND}, value=byte[]{length=17, hash=-1644578928}}
02:49:54.360 [raft-server-1] TRACE i.a.p.raft.roles.LeaderAppender - RaftServer{1} - Sending AppendRequest{term=1, leader=1, prevLogIndex=44, prevLogTerm=1, entries=0, commitIndex=44} to 2
02:49:54.360 [raft-server-1] TRACE i.a.p.raft.roles.LeaderAppender - RaftServer{1} - Received AppendResponse{status=OK, term=1, succeeded=true, lastLogIndex=44} from 3
02:49:54.360 [raft-server-2] TRACE i.a.p.raft.roles.FollowerRole - RaftServer{2}{role=FOLLOWER} - Received AppendRequest{term=1, leader=1, prevLogIndex=44, prevLogTerm=1, entries=0, commitIndex=44}
02:49:54.360 [raft-server-1] TRACE i.a.p.raft.roles.LeaderAppender - RaftServer{1} - Sending AppendRequest{term=1, leader=1, prevLogIndex=44, prevLogTerm=1, entries=0, commitIndex=44} to 3
02:49:54.360 [raft-server-3] TRACE i.a.p.raft.roles.FollowerRole - RaftServer{3}{role=FOLLOWER} - Received AppendRequest{term=1, leader=1, prevLogIndex=44, prevLogTerm=1, entries=0, commitIndex=44}
02:49:54.360 [raft-server-1-state] TRACE i.a.p.raft.impl.RaftServiceManager - RaftServer{1} - Applying Indexed{index=44, entry=CommandEntry{term=1, timestamp=2018-06-09 02:49:54,082, session=2, sequence=37, operation=PrimitiveOperation{id=DefaultOperationId{id=write, type=COMMAND}, value=byte[]{length=17, hash=-1644578928}}}}
02:49:54.360 [raft-server-1-state] TRACE i.a.p.s.impl.DefaultServiceExecutor - PrimitiveService{2}{type=io.atomix.protocols.raft.RaftTest$TestPrimitiveType@2df83e7, name=raft-test} - Executing DefaultCommit{index=44, session=RaftSession{RaftServiceContext{server=1, type=io.atomix.protocols.raft.RaftTest$TestPrimitiveType@2df83e7, name=raft-test, id=2}, session=2, timestamp=2018-06-09 02:49:54,082}, time=2018-06-09 02:49:54,082, operation=DefaultOperationId{id=write, type=COMMAND}, value=byte[]{length=17, hash=-1644578928}}
02:49:54.360 [raft-server-1] TRACE i.a.protocols.raft.roles.LeaderRole - RaftServer{1}{role=LEADER} - Sending CommandResponse{status=OK, index=44, eventIndex=2, result=byte[]{length=2, hash=1328}}
02:49:54.427 [raft-server-2] TRACE i.a.p.raft.roles.FollowerRole - RaftServer{2}{role=FOLLOWER} - Committed entries up to index 44
02:49:54.427 [raft-server-3] TRACE i.a.p.raft.roles.FollowerRole - RaftServer{3}{role=FOLLOWER} - Committed entries up to index 44
02:49:54.427 [raft-server-2] TRACE i.a.p.raft.roles.FollowerRole - RaftServer{2}{role=FOLLOWER} - Sending AppendResponse{status=OK, term=1, succeeded=true, lastLogIndex=44}
02:49:54.427 [raft-server-3] TRACE i.a.p.raft.roles.FollowerRole - RaftServer{3}{role=FOLLOWER} - Sending AppendResponse{status=OK, term=1, succeeded=true, lastLogIndex=44}
02:49:54.427 [raft-server-2] TRACE i.a.p.raft.roles.FollowerRole - RaftServer{2}{role=FOLLOWER} - Sending CommandResponse{status=OK, index=44, eventIndex=2, result=byte[]{length=2, hash=1328}}
02:49:54.427 [raft-server-3-state] TRACE i.a.p.raft.impl.RaftServiceManager - RaftServer{3} - Applying Indexed{index=44, entry=CommandEntry{term=1, timestamp=2018-06-09 02:49:54,082, session=2, sequence=37, operation=PrimitiveOperation{id=DefaultOperationId{id=write, type=COMMAND}, value=byte[]{length=17, hash=-1644578928}}}}
02:49:54.427 [raft-server-1] TRACE i.a.p.raft.roles.LeaderAppender - RaftServer{1} - Received AppendResponse{status=OK, term=1, succeeded=true, lastLogIndex=44} from 2
02:49:54.427 [raft-server-3-state] TRACE i.a.p.s.impl.DefaultServiceExecutor - PrimitiveService{2}{type=io.atomix.protocols.raft.RaftTest$TestPrimitiveType@2669790c, name=raft-test} - Executing DefaultCommit{index=44, session=RaftSession{RaftServiceContext{server=3, type=io.atomix.protocols.raft.RaftTest$TestPrimitiveType@2669790c, name=raft-test, id=2}, session=2, timestamp=2018-06-09 02:49:54,082}, time=2018-06-09 02:49:54,082, operation=DefaultOperationId{id=write, type=COMMAND}, value=byte[]{length=17, hash=-1644578928}}
02:49:54.427 [raft-server-1] TRACE i.a.p.raft.roles.LeaderAppender - RaftServer{1} - Sending AppendRequest{term=1, leader=1, prevLogIndex=44, prevLogTerm=1, entries=0, commitIndex=44} to 2
02:49:54.427 [raft-server-1] TRACE i.a.p.raft.roles.LeaderAppender - RaftServer{1} - Received AppendResponse{status=OK, term=1, succeeded=true, lastLogIndex=44} from 3
02:49:54.428 [raft-server-1] TRACE i.a.p.raft.roles.LeaderAppender - RaftServer{1} - Sending AppendRequest{term=1, leader=1, prevLogIndex=44, prevLogTerm=1, entries=0, commitIndex=44} to 3
02:49:54.428 [raft-client-86eccf48-f731-4463-9ff4-1338804a1578-3] TRACE i.a.p.r.p.impl.RaftProxyConnection - SessionClient{2}{type=io.atomix.protocols.raft.RaftTest$TestPrimitiveType@35bfa1bb, name=raft-test} - Received CommandResponse{status=OK, index=44, eventIndex=2, result=byte[]{length=2, hash=1328}} from 2
02:49:54.428 [raft-server-2] TRACE i.a.p.raft.roles.FollowerRole - RaftServer{2}{role=FOLLOWER} - Received AppendRequest{term=1, leader=1, prevLogIndex=44, prevLogTerm=1, entries=0, commitIndex=44}
02:49:54.428 [raft-server-2-state] TRACE i.a.p.raft.impl.RaftServiceManager - RaftServer{2} - Applying Indexed{index=44, entry=CommandEntry{term=1, timestamp=2018-06-09 02:49:54,082, session=2, sequence=37, operation=PrimitiveOperation{id=DefaultOperationId{id=write, type=COMMAND}, value=byte[]{length=17, hash=-1644578928}}}}
02:49:54.428 [raft-client-86eccf48-f731-4463-9ff4-1338804a1578-3] TRACE i.a.p.r.p.impl.RaftProxySequencer - SessionClient{2}{type=io.atomix.protocols.raft.RaftTest$TestPrimitiveType@35bfa1bb, name=raft-test} - Completing response CommandResponse{status=OK, index=44, eventIndex=2, result=byte[]{length=2, hash=1328}}
02:49:54.428 [raft-server-3] TRACE i.a.p.raft.roles.FollowerRole - RaftServer{3}{role=FOLLOWER} - Received AppendRequest{term=1, leader=1, prevLogIndex=44, prevLogTerm=1, entries=0, commitIndex=44}
02:49:54.428 [raft-server-2] TRACE i.a.p.raft.roles.FollowerRole - RaftServer{2}{role=FOLLOWER} - Sending AppendResponse{status=OK, term=1, succeeded=true, lastLogIndex=44}
02:49:54.428 [raft-server-2-state] TRACE i.a.p.s.impl.DefaultServiceExecutor - PrimitiveService{2}{type=io.atomix.protocols.raft.RaftTest$TestPrimitiveType@10ad7eb5, name=raft-test} - Executing DefaultCommit{index=44, session=RaftSession{RaftServiceContext{server=2, type=io.atomix.protocols.raft.RaftTest$TestPrimitiveType@10ad7eb5, name=raft-test, id=2}, session=2, timestamp=2018-06-09 02:49:54,082}, time=2018-06-09 02:49:54,082, operation=DefaultOperationId{id=write, type=COMMAND}, value=byte[]{length=17, hash=-1644578928}}
02:49:54.428 [raft-client-86eccf48-f731-4463-9ff4-1338804a1578-3] TRACE i.a.p.r.p.impl.RaftProxyConnection - SessionClient{2}{type=io.atomix.protocols.raft.RaftTest$TestPrimitiveType@35bfa1bb, name=raft-test} - Sending CommandRequest{session=2, sequence=38, operation=PrimitiveOperation{id=DefaultOperationId{id=write, type=COMMAND}, value=byte[]{length=17, hash=-1644578928}}} to 2
02:49:54.428 [raft-server-3] TRACE i.a.p.raft.roles.FollowerRole - RaftServer{3}{role=FOLLOWER} - Sending AppendResponse{status=OK, term=1, succeeded=true, lastLogIndex=44}
02:49:54.429 [raft-server-1] TRACE i.a.p.raft.roles.LeaderAppender - RaftServer{1} - Received AppendResponse{status=OK, term=1, succeeded=true, lastLogIndex=44} from 2
02:49:54.429 [raft-server-2] TRACE i.a.p.raft.roles.FollowerRole - RaftServer{2}{role=FOLLOWER} - Received CommandRequest{session=2, sequence=38, operation=PrimitiveOperation{id=DefaultOperationId{id=write, type=COMMAND}, value=byte[]{length=17, hash=-1644578928}}}
02:49:54.429 [raft-server-1] TRACE i.a.p.raft.roles.LeaderAppender - RaftServer{1} - Received AppendResponse{status=OK, term=1, succeeded=true, lastLogIndex=44} from 3
02:49:54.429 [raft-server-1] TRACE i.a.protocols.raft.roles.LeaderRole - RaftServer{1}{role=LEADER} - Received CommandRequest{session=2, sequence=38, operation=PrimitiveOperation{id=DefaultOperationId{id=write, type=COMMAND}, value=byte[]{length=17, hash=-1644578928}}}
02:49:54.429 [raft-server-1] TRACE i.a.protocols.raft.roles.LeaderRole - RaftServer{1}{role=LEADER} - Appended Indexed{index=45, entry=CommandEntry{term=1, timestamp=2018-06-09 02:49:54,429, session=2, sequence=38, operation=PrimitiveOperation{id=DefaultOperationId{id=write, type=COMMAND}, value=byte[]{length=17, hash=-1644578928}}}}
02:49:54.429 [raft-server-1] TRACE i.a.p.raft.roles.LeaderAppender - RaftServer{1} - Sending AppendRequest{term=1, leader=1, prevLogIndex=44, prevLogTerm=1, entries=1, commitIndex=44} to 3
02:49:54.430 [raft-server-1] TRACE i.a.p.raft.roles.LeaderAppender - RaftServer{1} - Sending AppendRequest{term=1, leader=1, prevLogIndex=44, prevLogTerm=1, entries=1, commitIndex=44} to 2
02:49:54.430 [raft-server-2] TRACE i.a.p.raft.roles.FollowerRole - RaftServer{2}{role=FOLLOWER} - Received AppendRequest{term=1, leader=1, prevLogIndex=44, prevLogTerm=1, entries=1, commitIndex=44}
02:49:54.430 [raft-server-3] TRACE i.a.p.raft.roles.FollowerRole - RaftServer{3}{role=FOLLOWER} - Received AppendRequest{term=1, leader=1, prevLogIndex=44, prevLogTerm=1, entries=1, commitIndex=44}
02:49:54.430 [raft-server-2] TRACE i.a.p.raft.roles.FollowerRole - RaftServer{2}{role=FOLLOWER} - Appended Indexed{index=45, entry=CommandEntry{term=1, timestamp=2018-06-09 02:49:54,429, session=2, sequence=38, operation=PrimitiveOperation{id=DefaultOperationId{id=write, type=COMMAND}, value=byte[]{length=17, hash=-1644578928}}}}
02:49:54.430 [raft-server-3] TRACE i.a.p.raft.roles.FollowerRole - RaftServer{3}{role=FOLLOWER} - Appended Indexed{index=45, entry=CommandEntry{term=1, timestamp=2018-06-09 02:49:54,429, session=2, sequence=38, operation=PrimitiveOperation{id=DefaultOperationId{id=write, type=COMMAND}, value=byte[]{length=17, hash=-1644578928}}}}
02:49:54.430 [raft-server-2] TRACE i.a.p.raft.roles.FollowerRole - RaftServer{2}{role=FOLLOWER} - Sending AppendResponse{status=OK, term=1, succeeded=true, lastLogIndex=45}
02:49:54.430 [raft-server-3] TRACE i.a.p.raft.roles.FollowerRole - RaftServer{3}{role=FOLLOWER} - Sending AppendResponse{status=OK, term=1, succeeded=true, lastLogIndex=45}
02:49:54.430 [raft-server-1] TRACE i.a.p.raft.roles.LeaderAppender - RaftServer{1} - Received AppendResponse{status=OK, term=1, succeeded=true, lastLogIndex=45} from 2
02:49:54.430 [raft-server-1] TRACE i.a.p.raft.roles.LeaderAppender - RaftServer{1} - Committed entries up to 45
02:49:54.527 [raft-server-1] TRACE i.a.p.raft.roles.LeaderAppender - RaftServer{1} - Received AppendResponse{status=OK, term=1, succeeded=true, lastLogIndex=45} from 3
02:49:54.527 [raft-server-1-state] TRACE i.a.p.raft.impl.RaftServiceManager - RaftServer{1} - Applying Indexed{index=45, entry=CommandEntry{term=1, timestamp=2018-06-09 02:49:54,429, session=2, sequence=38, operation=PrimitiveOperation{id=DefaultOperationId{id=write, type=COMMAND}, value=byte[]{length=17, hash=-1644578928}}}}
02:49:54.527 [raft-server-1-state] TRACE i.a.p.s.impl.DefaultServiceExecutor - PrimitiveService{2}{type=io.atomix.protocols.raft.RaftTest$TestPrimitiveType@2df83e7, name=raft-test} - Executing DefaultCommit{index=45, session=RaftSession{RaftServiceContext{server=1, type=io.atomix.protocols.raft.RaftTest$TestPrimitiveType@2df83e7, name=raft-test, id=2}, session=2, timestamp=2018-06-09 02:49:54,429}, time=2018-06-09 02:49:54,429, operation=DefaultOperationId{id=write, type=COMMAND}, value=byte[]{length=17, hash=-1644578928}}
02:49:54.527 [raft-server-1-state] TRACE i.a.protocols.raft.roles.LeaderRole - RaftServer{1}{role=LEADER} - Sending CommandResponse{status=OK, index=45, eventIndex=2, result=byte[]{length=2, hash=1330}}
02:49:54.527 [raft-server-2] TRACE i.a.p.raft.roles.FollowerRole - RaftServer{2}{role=FOLLOWER} - Sending CommandResponse{status=OK, index=45, eventIndex=2, result=byte[]{length=2, hash=1330}}
02:49:54.528 [raft-client-86eccf48-f731-4463-9ff4-1338804a1578-2] TRACE i.a.p.r.p.impl.RaftProxyConnection - SessionClient{2}{type=io.atomix.protocols.raft.RaftTest$TestPrimitiveType@35bfa1bb, name=raft-test} - Received CommandResponse{status=OK, index=45, eventIndex=2, result=byte[]{length=2, hash=1330}} from 2
02:49:54.528 [raft-client-86eccf48-f731-4463-9ff4-1338804a1578-2] TRACE i.a.p.r.p.impl.RaftProxySequencer - SessionClient{2}{type=io.atomix.protocols.raft.RaftTest$TestPrimitiveType@35bfa1bb, name=raft-test} - Completing response CommandResponse{status=OK, index=45, eventIndex=2, result=byte[]{length=2, hash=1330}}
02:49:54.528 [raft-client-86eccf48-f731-4463-9ff4-1338804a1578-2] TRACE i.a.p.r.p.impl.RaftProxyConnection - SessionClient{2}{type=io.atomix.protocols.raft.RaftTest$TestPrimitiveType@35bfa1bb, name=raft-test} - Sending CommandRequest{session=2, sequence=39, operation=PrimitiveOperation{id=DefaultOperationId{id=write, type=COMMAND}, value=byte[]{length=17, hash=-1644578928}}} to 2
02:49:54.528 [raft-server-2] TRACE i.a.p.raft.roles.FollowerRole - RaftServer{2}{role=FOLLOWER} - Received CommandRequest{session=2, sequence=39, operation=PrimitiveOperation{id=DefaultOperationId{id=write, type=COMMAND}, value=byte[]{length=17, hash=-1644578928}}}
02:49:54.528 [raft-server-1] TRACE i.a.protocols.raft.roles.LeaderRole - RaftServer{1}{role=LEADER} - Received CommandRequest{session=2, sequence=39, operation=PrimitiveOperation{id=DefaultOperationId{id=write, type=COMMAND}, value=byte[]{length=17, hash=-1644578928}}}
02:49:54.529 [raft-server-1] TRACE i.a.protocols.raft.roles.LeaderRole - RaftServer{1}{role=LEADER} - Appended Indexed{index=46, entry=CommandEntry{term=1, timestamp=2018-06-09 02:49:54,528, session=2, sequence=39, operation=PrimitiveOperation{id=DefaultOperationId{id=write, type=COMMAND}, value=byte[]{length=17, hash=-1644578928}}}}
02:49:54.529 [raft-server-1] TRACE i.a.p.raft.roles.LeaderAppender - RaftServer{1} - Sending AppendRequest{term=1, leader=1, prevLogIndex=45, prevLogTerm=1, entries=1, commitIndex=45} to 3
02:49:54.529 [raft-server-1] TRACE i.a.p.raft.roles.LeaderAppender - RaftServer{1} - Sending AppendRequest{term=1, leader=1, prevLogIndex=45, prevLogTerm=1, entries=1, commitIndex=45} to 2
02:49:54.529 [raft-server-2] TRACE i.a.p.raft.roles.FollowerRole - RaftServer{2}{role=FOLLOWER} - Received AppendRequest{term=1, leader=1, prevLogIndex=45, prevLogTerm=1, entries=1, commitIndex=45}
02:49:54.529 [raft-server-3] TRACE i.a.p.raft.roles.FollowerRole - RaftServer{3}{role=FOLLOWER} - Received AppendRequest{term=1, leader=1, prevLogIndex=45, prevLogTerm=1, entries=1, commitIndex=45}
02:49:54.529 [raft-server-2] TRACE i.a.p.raft.roles.FollowerRole - RaftServer{2}{role=FOLLOWER} - Appended Indexed{index=46, entry=CommandEntry{term=1, timestamp=2018-06-09 02:49:54,528, session=2, sequence=39, operation=PrimitiveOperation{id=DefaultOperationId{id=write, type=COMMAND}, value=byte[]{length=17, hash=-1644578928}}}}
02:49:54.529 [raft-server-3] TRACE i.a.p.raft.roles.FollowerRole - RaftServer{3}{role=FOLLOWER} - Appended Indexed{index=46, entry=CommandEntry{term=1, timestamp=2018-06-09 02:49:54,528, session=2, sequence=39, operation=PrimitiveOperation{id=DefaultOperationId{id=write, type=COMMAND}, value=byte[]{length=17, hash=-1644578928}}}}
02:49:54.560 [raft-client-86eccf48-f731-4463-9ff4-1338804a1578-5] TRACE i.a.p.r.proxy.impl.RaftProxyManager - RaftClient{86eccf48-f731-4463-9ff4-1338804a1578} - Keeping 1 sessions alive
02:49:54.560 [raft-client-86eccf48-f731-4463-9ff4-1338804a1578-5] TRACE i.a.p.r.p.impl.RaftProxyConnection - RaftClient{86eccf48-f731-4463-9ff4-1338804a1578} - Sending KeepAliveRequest{sessionIds=long[]{length=1, hash=33}, commandSequences=long[]{length=1, hash=69}, eventIndexes=long[]{length=1, hash=33}} to 3
02:49:54.639 [raft-server-3] TRACE i.a.p.raft.roles.FollowerRole - RaftServer{3}{role=FOLLOWER} - Committed entries up to index 45
02:49:54.639 [raft-server-3] TRACE i.a.p.raft.roles.FollowerRole - RaftServer{3}{role=FOLLOWER} - Sending AppendResponse{status=OK, term=1, succeeded=true, lastLogIndex=46}
02:49:54.639 [raft-server-1] TRACE i.a.p.raft.roles.LeaderAppender - RaftServer{1} - Received AppendResponse{status=OK, term=1, succeeded=true, lastLogIndex=46} from 3
02:49:54.639 [raft-server-3] TRACE i.a.p.raft.roles.FollowerRole - RaftServer{3}{role=FOLLOWER} - Received KeepAliveRequest{sessionIds=long[]{length=1, hash=33}, commandSequences=long[]{length=1, hash=69}, eventIndexes=long[]{length=1, hash=33}}
02:49:54.639 [raft-server-1] TRACE i.a.p.raft.roles.LeaderAppender - RaftServer{1} - Committed entries up to 46
02:49:54.640 [raft-server-3-state] TRACE i.a.p.raft.impl.RaftServiceManager - RaftServer{3} - Applying Indexed{index=45, entry=CommandEntry{term=1, timestamp=2018-06-09 02:49:54,429, session=2, sequence=38, operation=PrimitiveOperation{id=DefaultOperationId{id=write, type=COMMAND}, value=byte[]{length=17, hash=-1644578928}}}}
02:49:54.640 [raft-server-3-state] TRACE i.a.p.s.impl.DefaultServiceExecutor - PrimitiveService{2}{type=io.atomix.protocols.raft.RaftTest$TestPrimitiveType@2669790c, name=raft-test} - Executing DefaultCommit{index=45, session=RaftSession{RaftServiceContext{server=3, type=io.atomix.protocols.raft.RaftTest$TestPrimitiveType@2669790c, name=raft-test, id=2}, session=2, timestamp=2018-06-09 02:49:54,429}, time=2018-06-09 02:49:54,429, operation=DefaultOperationId{id=write, type=COMMAND}, value=byte[]{length=17, hash=-1644578928}}
02:49:54.640 [raft-server-2] TRACE i.a.p.raft.roles.FollowerRole - RaftServer{2}{role=FOLLOWER} - Committed entries up to index 45
02:49:54.640 [raft-server-2] TRACE i.a.p.raft.roles.FollowerRole - RaftServer{2}{role=FOLLOWER} - Sending AppendResponse{status=OK, term=1, succeeded=true, lastLogIndex=46}
02:49:54.640 [raft-server-2-state] TRACE i.a.p.raft.impl.RaftServiceManager - RaftServer{2} - Applying Indexed{index=45, entry=CommandEntry{term=1, timestamp=2018-06-09 02:49:54,429, session=2, sequence=38, operation=PrimitiveOperation{id=DefaultOperationId{id=write, type=COMMAND}, value=byte[]{length=17, hash=-1644578928}}}}
02:49:54.640 [raft-server-2-state] TRACE i.a.p.s.impl.DefaultServiceExecutor - PrimitiveService{2}{type=io.atomix.protocols.raft.RaftTest$TestPrimitiveType@10ad7eb5, name=raft-test} - Executing DefaultCommit{index=45, session=RaftSession{RaftServiceContext{server=2, type=io.atomix.protocols.raft.RaftTest$TestPrimitiveType@10ad7eb5, name=raft-test, id=2}, session=2, timestamp=2018-06-09 02:49:54,429}, time=2018-06-09 02:49:54,429, operation=DefaultOperationId{id=write, type=COMMAND}, value=byte[]{length=17, hash=-1644578928}}
02:49:54.739 [raft-server-1] TRACE i.a.p.raft.roles.LeaderAppender - RaftServer{1} - Sending AppendRequest{term=1, leader=1, prevLogIndex=46, prevLogTerm=1, entries=0, commitIndex=46} to 3
02:49:54.739 [raft-server-3] TRACE i.a.p.raft.roles.FollowerRole - RaftServer{3}{role=FOLLOWER} - Received AppendRequest{term=1, leader=1, prevLogIndex=46, prevLogTerm=1, entries=0, commitIndex=46}
02:49:54.739 [raft-server-1] TRACE i.a.protocols.raft.roles.LeaderRole - RaftServer{1}{role=LEADER} - Received KeepAliveRequest{sessionIds=long[]{length=1, hash=33}, commandSequences=long[]{length=1, hash=69}, eventIndexes=long[]{length=1, hash=33}}
02:49:54.739 [raft-server-1] TRACE i.a.protocols.raft.roles.LeaderRole - RaftServer{1}{role=LEADER} - Appended Indexed{index=47, entry=KeepAliveEntry{term=1, timestamp=2018-06-09 02:49:54,739, sessionIds=long[]{length=1, hash=33}, commandSequences=long[]{length=1, hash=69}, eventIndexes=long[]{length=1, hash=33}}}
02:49:54.739 [raft-server-1] TRACE i.a.p.raft.roles.LeaderAppender - RaftServer{1} - Received AppendResponse{status=OK, term=1, succeeded=true, lastLogIndex=46} from 2
02:49:54.740 [raft-server-1] TRACE i.a.p.raft.roles.LeaderAppender - RaftServer{1} - Sending AppendRequest{term=1, leader=1, prevLogIndex=46, prevLogTerm=1, entries=1, commitIndex=46} to 2
02:49:54.740 [raft-server-2] TRACE i.a.p.raft.roles.FollowerRole - RaftServer{2}{role=FOLLOWER} - Received AppendRequest{term=1, leader=1, prevLogIndex=46, prevLogTerm=1, entries=1, commitIndex=46}
02:49:54.740 [raft-server-1-state] TRACE i.a.p.raft.impl.RaftServiceManager - RaftServer{1} - Applying Indexed{index=46, entry=CommandEntry{term=1, timestamp=2018-06-09 02:49:54,528, session=2, sequence=39, operation=PrimitiveOperation{id=DefaultOperationId{id=write, type=COMMAND}, value=byte[]{length=17, hash=-1644578928}}}}
02:49:54.740 [raft-server-2] TRACE i.a.p.raft.roles.FollowerRole - RaftServer{2}{role=FOLLOWER} - Appended Indexed{index=47, entry=KeepAliveEntry{term=1, timestamp=2018-06-09 02:49:54,739, sessionIds=long[]{length=1, hash=33}, commandSequences=long[]{length=1, hash=69}, eventIndexes=long[]{length=1, hash=33}}}
02:49:54.740 [raft-server-1-state] TRACE i.a.p.s.impl.DefaultServiceExecutor - PrimitiveService{2}{type=io.atomix.protocols.raft.RaftTest$TestPrimitiveType@2df83e7, name=raft-test} - Executing DefaultCommit{index=46, session=RaftSession{RaftServiceContext{server=1, type=io.atomix.protocols.raft.RaftTest$TestPrimitiveType@2df83e7, name=raft-test, id=2}, session=2, timestamp=2018-06-09 02:49:54,528}, time=2018-06-09 02:49:54,528, operation=DefaultOperationId{id=write, type=COMMAND}, value=byte[]{length=17, hash=-1644578928}}
02:49:54.740 [raft-server-1-state] TRACE i.a.protocols.raft.roles.LeaderRole - RaftServer{1}{role=LEADER} - Sending CommandResponse{status=OK, index=46, eventIndex=2, result=byte[]{length=2, hash=1332}}
02:49:54.825 [raft-server-3] TRACE i.a.p.raft.roles.FollowerRole - RaftServer{3}{role=FOLLOWER} - Committed entries up to index 46
02:49:54.825 [raft-server-3] TRACE i.a.p.raft.roles.FollowerRole - RaftServer{3}{role=FOLLOWER} - Sending AppendResponse{status=OK, term=1, succeeded=true, lastLogIndex=46}
02:49:54.826 [raft-server-1] TRACE i.a.p.raft.roles.LeaderAppender - RaftServer{1} - Received AppendResponse{status=OK, term=1, succeeded=true, lastLogIndex=46} from 3
02:49:54.826 [raft-server-3-state] TRACE i.a.p.raft.impl.RaftServiceManager - RaftServer{3} - Applying Indexed{index=46, entry=CommandEntry{term=1, timestamp=2018-06-09 02:49:54,528, session=2, sequence=39, operation=PrimitiveOperation{id=DefaultOperationId{id=write, type=COMMAND}, value=byte[]{length=17, hash=-1644578928}}}}
02:49:54.826 [raft-server-1] TRACE i.a.p.raft.roles.LeaderAppender - RaftServer{1} - Sending AppendRequest{term=1, leader=1, prevLogIndex=46, prevLogTerm=1, entries=1, commitIndex=46} to 3
02:49:54.826 [raft-server-3-state] TRACE i.a.p.s.impl.DefaultServiceExecutor - PrimitiveService{2}{type=io.atomix.protocols.raft.RaftTest$TestPrimitiveType@2669790c, name=raft-test} - Executing DefaultCommit{index=46, session=RaftSession{RaftServiceContext{server=3, type=io.atomix.protocols.raft.RaftTest$TestPrimitiveType@2669790c, name=raft-test, id=2}, session=2, timestamp=2018-06-09 02:49:54,528}, time=2018-06-09 02:49:54,528, operation=DefaultOperationId{id=write, type=COMMAND}, value=byte[]{length=17, hash=-1644578928}}
02:49:54.826 [raft-server-3] TRACE i.a.p.raft.roles.FollowerRole - RaftServer{3}{role=FOLLOWER} - Received AppendRequest{term=1, leader=1, prevLogIndex=46, prevLogTerm=1, entries=1, commitIndex=46}
02:49:54.826 [raft-server-3] TRACE i.a.p.raft.roles.FollowerRole - RaftServer{3}{role=FOLLOWER} - Appended Indexed{index=47, entry=KeepAliveEntry{term=1, timestamp=2018-06-09 02:49:54,739, sessionIds=long[]{length=1, hash=33}, commandSequences=long[]{length=1, hash=69}, eventIndexes=long[]{length=1, hash=33}}}
02:49:54.826 [raft-server-3] TRACE i.a.p.raft.roles.FollowerRole - RaftServer{3}{role=FOLLOWER} - Sending AppendResponse{status=OK, term=1, succeeded=true, lastLogIndex=47}
02:49:54.826 [raft-server-1] TRACE i.a.p.raft.roles.LeaderAppender - RaftServer{1} - Received AppendResponse{status=OK, term=1, succeeded=true, lastLogIndex=47} from 3
02:49:54.826 [raft-server-1] TRACE i.a.p.raft.roles.LeaderAppender - RaftServer{1} - Committed entries up to 47
02:49:54.900 [raft-server-2] TRACE i.a.p.raft.roles.FollowerRole - RaftServer{2}{role=FOLLOWER} - Committed entries up to index 46
02:49:54.901 [raft-server-2] TRACE i.a.p.raft.roles.FollowerRole - RaftServer{2}{role=FOLLOWER} - Sending AppendResponse{status=OK, term=1, succeeded=true, lastLogIndex=47}
02:49:54.901 [raft-server-2] TRACE i.a.p.raft.roles.FollowerRole - RaftServer{2}{role=FOLLOWER} - Sending CommandResponse{status=OK, index=46, eventIndex=2, result=byte[]{length=2, hash=1332}}
02:49:54.901 [raft-client-86eccf48-f731-4463-9ff4-1338804a1578-7] TRACE i.a.p.r.p.impl.RaftProxyConnection - SessionClient{2}{type=io.atomix.protocols.raft.RaftTest$TestPrimitiveType@35bfa1bb, name=raft-test} - Received CommandResponse{status=OK, index=46, eventIndex=2, result=byte[]{length=2, hash=1332}} from 2
02:49:54.901 [raft-client-86eccf48-f731-4463-9ff4-1338804a1578-7] TRACE i.a.p.r.p.impl.RaftProxySequencer - SessionClient{2}{type=io.atomix.protocols.raft.RaftTest$TestPrimitiveType@35bfa1bb, name=raft-test} - Completing response CommandResponse{status=OK, index=46, eventIndex=2, result=byte[]{length=2, hash=1332}}
02:49:54.901 [raft-server-2-state] TRACE i.a.p.raft.impl.RaftServiceManager - RaftServer{2} - Applying Indexed{index=46, entry=CommandEntry{term=1, timestamp=2018-06-09 02:49:54,528, session=2, sequence=39, operation=PrimitiveOperation{id=DefaultOperationId{id=write, type=COMMAND}, value=byte[]{length=17, hash=-1644578928}}}}
02:49:54.901 [raft-server-2-state] TRACE i.a.p.s.impl.DefaultServiceExecutor - PrimitiveService{2}{type=io.atomix.protocols.raft.RaftTest$TestPrimitiveType@10ad7eb5, name=raft-test} - Executing DefaultCommit{index=46, session=RaftSession{RaftServiceContext{server=2, type=io.atomix.protocols.raft.RaftTest$TestPrimitiveType@10ad7eb5, name=raft-test, id=2}, session=2, timestamp=2018-06-09 02:49:54,528}, time=2018-06-09 02:49:54,528, operation=DefaultOperationId{id=write, type=COMMAND}, value=byte[]{length=17, hash=-1644578928}}
02:49:54.901 [raft-client-86eccf48-f731-4463-9ff4-1338804a1578-2] TRACE i.a.p.r.p.impl.RaftProxyConnection - SessionClient{2}{type=io.atomix.protocols.raft.RaftTest$TestPrimitiveType@35bfa1bb, name=raft-test} - Sending CommandRequest{session=2, sequence=40, operation=PrimitiveOperation{id=DefaultOperationId{id=write, type=COMMAND}, value=byte[]{length=17, hash=-1644578928}}} to 2
02:49:54.901 [raft-server-2] TRACE i.a.p.raft.roles.FollowerRole - RaftServer{2}{role=FOLLOWER} - Received CommandRequest{session=2, sequence=40, operation=PrimitiveOperation{id=DefaultOperationId{id=write, type=COMMAND}, value=byte[]{length=17, hash=-1644578928}}}
02:49:54.981 [raft-server-1] TRACE i.a.p.raft.roles.LeaderAppender - RaftServer{1} - Sending AppendRequest{term=1, leader=1, prevLogIndex=47, prevLogTerm=1, entries=0, commitIndex=47} to 3
02:49:54.981 [raft-server-1] TRACE i.a.p.raft.roles.LeaderAppender - RaftServer{1} - Received AppendResponse{status=OK, term=1, succeeded=true, lastLogIndex=47} from 2
02:49:54.981 [raft-server-3] TRACE i.a.p.raft.roles.FollowerRole - RaftServer{3}{role=FOLLOWER} - Received AppendRequest{term=1, leader=1, prevLogIndex=47, prevLogTerm=1, entries=0, commitIndex=47}
02:49:54.981 [raft-server-1] TRACE i.a.p.raft.roles.LeaderAppender - RaftServer{1} - Sending AppendRequest{term=1, leader=1, prevLogIndex=47, prevLogTerm=1, entries=0, commitIndex=47} to 2
02:49:54.981 [raft-server-1] TRACE i.a.protocols.raft.roles.LeaderRole - RaftServer{1}{role=LEADER} - Received CommandRequest{session=2, sequence=40, operation=PrimitiveOperation{id=DefaultOperationId{id=write, type=COMMAND}, value=byte[]{length=17, hash=-1644578928}}}
02:49:54.981 [raft-server-2] TRACE i.a.p.raft.roles.FollowerRole - RaftServer{2}{role=FOLLOWER} - Received AppendRequest{term=1, leader=1, prevLogIndex=47, prevLogTerm=1, entries=0, commitIndex=47}
02:49:54.982 [raft-server-1] TRACE i.a.protocols.raft.roles.LeaderRole - RaftServer{1}{role=LEADER} - Appended Indexed{index=48, entry=CommandEntry{term=1, timestamp=2018-06-09 02:49:54,981, session=2, sequence=40, operation=PrimitiveOperation{id=DefaultOperationId{id=write, type=COMMAND}, value=byte[]{length=17, hash=-1644578928}}}}
02:49:54.982 [raft-server-1-state] TRACE i.a.p.raft.impl.RaftServiceManager - RaftServer{1} - Applying Indexed{index=47, entry=KeepAliveEntry{term=1, timestamp=2018-06-09 02:49:54,739, sessionIds=long[]{length=1, hash=33}, commandSequences=long[]{length=1, hash=69}, eventIndexes=long[]{length=1, hash=33}}}
02:49:54.982 [raft-server-1] TRACE i.a.protocols.raft.roles.LeaderRole - RaftServer{1}{role=LEADER} - Sending KeepAliveResponse{status=OK, leader=1, members=[1, 3, 2], sessionIds=long[]{length=1, hash=33}}
02:49:55.098 [raft-server-1] TRACE i.a.p.raft.roles.LeaderAppender - RaftServer{1} - Sending AppendRequest{term=1, leader=1, prevLogIndex=47, prevLogTerm=1, entries=1, commitIndex=47} to 3
02:49:55.098 [raft-server-1] TRACE i.a.p.raft.roles.LeaderAppender - RaftServer{1} - Sending AppendRequest{term=1, leader=1, prevLogIndex=47, prevLogTerm=1, entries=1, commitIndex=47} to 2
02:49:55.115 [raft-server-2] TRACE i.a.p.raft.roles.FollowerRole - RaftServer{2}{role=FOLLOWER} - Committed entries up to index 47
02:49:55.115 [raft-server-3] TRACE i.a.p.raft.roles.FollowerRole - RaftServer{3}{role=FOLLOWER} - Committed entries up to index 47
02:49:55.115 [raft-server-2] TRACE i.a.p.raft.roles.FollowerRole - RaftServer{2}{role=FOLLOWER} - Sending AppendResponse{status=OK, term=1, succeeded=true, lastLogIndex=47}
02:49:55.115 [raft-server-3] TRACE i.a.p.raft.roles.FollowerRole - RaftServer{3}{role=FOLLOWER} - Sending AppendResponse{status=OK, term=1, succeeded=true, lastLogIndex=47}
02:49:55.115 [raft-server-2] TRACE i.a.p.raft.roles.FollowerRole - RaftServer{2}{role=FOLLOWER} - Received AppendRequest{term=1, leader=1, prevLogIndex=47, prevLogTerm=1, entries=1, commitIndex=47}
02:49:55.115 [raft-server-3] TRACE i.a.p.raft.roles.FollowerRole - RaftServer{3}{role=FOLLOWER} - Sending KeepAliveResponse{status=OK, leader=1, members=[1, 3, 2], sessionIds=long[]{length=1, hash=33}}
02:49:55.115 [raft-server-1] TRACE i.a.p.raft.roles.LeaderAppender - RaftServer{1} - Received AppendResponse{status=OK, term=1, succeeded=true, lastLogIndex=47} from 2
02:49:55.115 [raft-server-3] TRACE i.a.p.raft.roles.FollowerRole - RaftServer{3}{role=FOLLOWER} - Received AppendRequest{term=1, leader=1, prevLogIndex=47, prevLogTerm=1, entries=1, commitIndex=47}
02:49:55.115 [raft-client-86eccf48-f731-4463-9ff4-1338804a1578-6] TRACE i.a.p.r.p.impl.RaftProxyConnection - RaftClient{86eccf48-f731-4463-9ff4-1338804a1578} - Received KeepAliveResponse{status=OK, leader=1, members=[1, 3, 2], sessionIds=long[]{length=1, hash=33}} from 3
02:49:55.115 [raft-server-2] TRACE i.a.p.raft.roles.FollowerRole - RaftServer{2}{role=FOLLOWER} - Appended Indexed{index=48, entry=CommandEntry{term=1, timestamp=2018-06-09 02:49:54,981, session=2, sequence=40, operation=PrimitiveOperation{id=DefaultOperationId{id=write, type=COMMAND}, value=byte[]{length=17, hash=-1644578928}}}}
02:49:55.115 [raft-server-1] TRACE i.a.p.raft.roles.LeaderAppender - RaftServer{1} - Received AppendResponse{status=OK, term=1, succeeded=true, lastLogIndex=47} from 3
02:49:55.115 [raft-server-3] TRACE i.a.p.raft.roles.FollowerRole - RaftServer{3}{role=FOLLOWER} - Appended Indexed{index=48, entry=CommandEntry{term=1, timestamp=2018-06-09 02:49:54,981, session=2, sequence=40, operation=PrimitiveOperation{id=DefaultOperationId{id=write, type=COMMAND}, value=byte[]{length=17, hash=-1644578928}}}}
02:49:55.115 [raft-server-2] TRACE i.a.p.raft.roles.FollowerRole - RaftServer{2}{role=FOLLOWER} - Sending AppendResponse{status=OK, term=1, succeeded=true, lastLogIndex=48}
02:49:55.116 [raft-server-3] TRACE i.a.p.raft.roles.FollowerRole - RaftServer{3}{role=FOLLOWER} - Sending AppendResponse{status=OK, term=1, succeeded=true, lastLogIndex=48}
02:49:55.116 [raft-server-1] TRACE i.a.p.raft.roles.LeaderAppender - RaftServer{1} - Received AppendResponse{status=OK, term=1, succeeded=true, lastLogIndex=48} from 2
02:49:55.116 [raft-server-1] TRACE i.a.p.raft.roles.LeaderAppender - RaftServer{1} - Committed entries up to 48
02:49:55.116 [raft-server-2-state] TRACE i.a.p.raft.impl.RaftServiceManager - RaftServer{2} - Applying Indexed{index=47, entry=KeepAliveEntry{term=1, timestamp=2018-06-09 02:49:54,739, sessionIds=long[]{length=1, hash=33}, commandSequences=long[]{length=1, hash=69}, eventIndexes=long[]{length=1, hash=33}}}
02:49:55.116 [raft-server-3-state] TRACE i.a.p.raft.impl.RaftServiceManager - RaftServer{3} - Applying Indexed{index=47, entry=KeepAliveEntry{term=1, timestamp=2018-06-09 02:49:54,739, sessionIds=long[]{length=1, hash=33}, commandSequences=long[]{length=1, hash=69}, eventIndexes=long[]{length=1, hash=33}}}
02:49:55.181 [raft-server-1] TRACE i.a.p.raft.roles.LeaderAppender - RaftServer{1} - Sending AppendRequest{term=1, leader=1, prevLogIndex=48, prevLogTerm=1, entries=0, commitIndex=48} to 2
02:49:55.182 [raft-server-1] TRACE i.a.p.raft.roles.LeaderAppender - RaftServer{1} - Received AppendResponse{status=OK, term=1, succeeded=true, lastLogIndex=48} from 3
02:49:55.182 [raft-server-2] TRACE i.a.p.raft.roles.FollowerRole - RaftServer{2}{role=FOLLOWER} - Received AppendRequest{term=1, leader=1, prevLogIndex=48, prevLogTerm=1, entries=0, commitIndex=48}
02:49:55.182 [raft-server-1] TRACE i.a.p.raft.roles.LeaderAppender - RaftServer{1} - Sending AppendRequest{term=1, leader=1, prevLogIndex=48, prevLogTerm=1, entries=0, commitIndex=48} to 3
02:49:55.182 [raft-server-3] TRACE i.a.p.raft.roles.FollowerRole - RaftServer{3}{role=FOLLOWER} - Received AppendRequest{term=1, leader=1, prevLogIndex=48, prevLogTerm=1, entries=0, commitIndex=48}
02:49:55.182 [raft-server-1-state] TRACE i.a.p.raft.impl.RaftServiceManager - RaftServer{1} - Applying Indexed{index=48, entry=CommandEntry{term=1, timestamp=2018-06-09 02:49:54,981, session=2, sequence=40, operation=PrimitiveOperation{id=DefaultOperationId{id=write, type=COMMAND}, value=byte[]{length=17, hash=-1644578928}}}}
02:49:55.182 [raft-server-1-state] TRACE i.a.p.s.impl.DefaultServiceExecutor - PrimitiveService{2}{type=io.atomix.protocols.raft.RaftTest$TestPrimitiveType@2df83e7, name=raft-test} - Executing DefaultCommit{index=48, session=RaftSession{RaftServiceContext{server=1, type=io.atomix.protocols.raft.RaftTest$TestPrimitiveType@2df83e7, name=raft-test, id=2}, session=2, timestamp=2018-06-09 02:49:54,981}, time=2018-06-09 02:49:54,981, operation=DefaultOperationId{id=write, type=COMMAND}, value=byte[]{length=17, hash=-1644578928}}
02:49:55.182 [raft-server-1-state] TRACE i.a.protocols.raft.roles.LeaderRole - RaftServer{1}{role=LEADER} - Sending CommandResponse{status=OK, index=48, eventIndex=2, result=byte[]{length=2, hash=1336}}
02:49:55.248 [raft-server-2] TRACE i.a.p.raft.roles.FollowerRole - RaftServer{2}{role=FOLLOWER} - Committed entries up to index 48
02:49:55.248 [raft-server-3] TRACE i.a.p.raft.roles.FollowerRole - RaftServer{3}{role=FOLLOWER} - Committed entries up to index 48
02:49:55.248 [raft-server-2] TRACE i.a.p.raft.roles.FollowerRole - RaftServer{2}{role=FOLLOWER} - Sending AppendResponse{status=OK, term=1, succeeded=true, lastLogIndex=48}
02:49:55.248 [raft-server-3] TRACE i.a.p.raft.roles.FollowerRole - RaftServer{3}{role=FOLLOWER} - Sending AppendResponse{status=OK, term=1, succeeded=true, lastLogIndex=48}
02:49:55.249 [raft-server-2] TRACE i.a.p.raft.roles.FollowerRole - RaftServer{2}{role=FOLLOWER} - Sending CommandResponse{status=OK, index=48, eventIndex=2, result=byte[]{length=2, hash=1336}}
02:49:55.249 [raft-server-1] TRACE i.a.p.raft.roles.LeaderAppender - RaftServer{1} - Received AppendResponse{status=OK, term=1, succeeded=true, lastLogIndex=48} from 2
02:49:55.249 [raft-server-3-state] TRACE i.a.p.raft.impl.RaftServiceManager - RaftServer{3} - Applying Indexed{index=48, entry=CommandEntry{term=1, timestamp=2018-06-09 02:49:54,981, session=2, sequence=40, operation=PrimitiveOperation{id=DefaultOperationId{id=write, type=COMMAND}, value=byte[]{length=17, hash=-1644578928}}}}
02:49:55.249 [raft-server-1] TRACE i.a.p.raft.roles.LeaderAppender - RaftServer{1} - Received AppendResponse{status=OK, term=1, succeeded=true, lastLogIndex=48} from 3
02:49:55.249 [raft-client-86eccf48-f731-4463-9ff4-1338804a1578-4] TRACE i.a.p.r.p.impl.RaftProxyConnection - SessionClient{2}{type=io.atomix.protocols.raft.RaftTest$TestPrimitiveType@35bfa1bb, name=raft-test} - Received CommandResponse{status=OK, index=48, eventIndex=2, result=byte[]{length=2, hash=1336}} from 2
02:49:55.249 [raft-server-2-state] TRACE i.a.p.raft.impl.RaftServiceManager - RaftServer{2} - Applying Indexed{index=48, entry=CommandEntry{term=1, timestamp=2018-06-09 02:49:54,981, session=2, sequence=40, operation=PrimitiveOperation{id=DefaultOperationId{id=write, type=COMMAND}, value=byte[]{length=17, hash=-1644578928}}}}
02:49:55.249 [raft-server-3-state] TRACE i.a.p.s.impl.DefaultServiceExecutor - PrimitiveService{2}{type=io.atomix.protocols.raft.RaftTest$TestPrimitiveType@2669790c, name=raft-test} - Executing DefaultCommit{index=48, session=RaftSession{RaftServiceContext{server=3, type=io.atomix.protocols.raft.RaftTest$TestPrimitiveType@2669790c, name=raft-test, id=2}, session=2, timestamp=2018-06-09 02:49:54,981}, time=2018-06-09 02:49:54,981, operation=DefaultOperationId{id=write, type=COMMAND}, value=byte[]{length=17, hash=-1644578928}}
02:49:55.249 [raft-client-86eccf48-f731-4463-9ff4-1338804a1578-4] TRACE i.a.p.r.p.impl.RaftProxySequencer - SessionClient{2}{type=io.atomix.protocols.raft.RaftTest$TestPrimitiveType@35bfa1bb, name=raft-test} - Completing response CommandResponse{status=OK, index=48, eventIndex=2, result=byte[]{length=2, hash=1336}}
02:49:55.249 [raft-server-2-state] TRACE i.a.p.s.impl.DefaultServiceExecutor - PrimitiveService{2}{type=io.atomix.protocols.raft.RaftTest$TestPrimitiveType@10ad7eb5, name=raft-test} - Executing DefaultCommit{index=48, session=RaftSession{RaftServiceContext{server=2, type=io.atomix.protocols.raft.RaftTest$TestPrimitiveType@10ad7eb5, name=raft-test, id=2}, session=2, timestamp=2018-06-09 02:49:54,981}, time=2018-06-09 02:49:54,981, operation=DefaultOperationId{id=write, type=COMMAND}, value=byte[]{length=17, hash=-1644578928}}
02:49:55.249 [raft-client-86eccf48-f731-4463-9ff4-1338804a1578-7] TRACE i.a.p.r.p.impl.RaftProxyConnection - SessionClient{2}{type=io.atomix.protocols.raft.RaftTest$TestPrimitiveType@35bfa1bb, name=raft-test} - Sending CommandRequest{session=2, sequence=41, operation=PrimitiveOperation{id=DefaultOperationId{id=write, type=COMMAND}, value=byte[]{length=17, hash=-1644578928}}} to 2
02:49:55.249 [raft-server-2] TRACE i.a.p.raft.roles.FollowerRole - RaftServer{2}{role=FOLLOWER} - Received CommandRequest{session=2, sequence=41, operation=PrimitiveOperation{id=DefaultOperationId{id=write, type=COMMAND}, value=byte[]{length=17, hash=-1644578928}}}
02:49:55.249 [raft-server-1] TRACE i.a.protocols.raft.roles.LeaderRole - RaftServer{1}{role=LEADER} - Received CommandRequest{session=2, sequence=41, operation=PrimitiveOperation{id=DefaultOperationId{id=write, type=COMMAND}, value=byte[]{length=17, hash=-1644578928}}}
02:49:55.250 [raft-server-1] TRACE i.a.protocols.raft.roles.LeaderRole - RaftServer{1}{role=LEADER} - Appended Indexed{index=49, entry=CommandEntry{term=1, timestamp=2018-06-09 02:49:55,249, session=2, sequence=41, operation=PrimitiveOperation{id=DefaultOperationId{id=write, type=COMMAND}, value=byte[]{length=17, hash=-1644578928}}}}
02:49:55.250 [raft-server-1] TRACE i.a.p.raft.roles.LeaderAppender - RaftServer{1} - Sending AppendRequest{term=1, leader=1, prevLogIndex=48, prevLogTerm=1, entries=1, commitIndex=48} to 3
02:49:55.250 [raft-server-3] TRACE i.a.p.raft.roles.FollowerRole - RaftServer{3}{role=FOLLOWER} - Received AppendRequest{term=1, leader=1, prevLogIndex=48, prevLogTerm=1, entries=1, commitIndex=48}
02:49:55.250 [raft-server-1] TRACE i.a.p.raft.roles.LeaderAppender - RaftServer{1} - Sending AppendRequest{term=1, leader=1, prevLogIndex=48, prevLogTerm=1, entries=1, commitIndex=48} to 2
02:49:55.250 [raft-server-2] TRACE i.a.p.raft.roles.FollowerRole - RaftServer{2}{role=FOLLOWER} - Received AppendRequest{term=1, leader=1, prevLogIndex=48, prevLogTerm=1, entries=1, commitIndex=48}
02:49:55.250 [raft-server-3] TRACE i.a.p.raft.roles.FollowerRole - RaftServer{3}{role=FOLLOWER} - Appended Indexed{index=49, entry=CommandEntry{term=1, timestamp=2018-06-09 02:49:55,249, session=2, sequence=41, operation=PrimitiveOperation{id=DefaultOperationId{id=write, type=COMMAND}, value=byte[]{length=17, hash=-1644578928}}}}
02:49:55.250 [raft-server-3] TRACE i.a.p.raft.roles.FollowerRole - RaftServer{3}{role=FOLLOWER} - Sending AppendResponse{status=OK, term=1, succeeded=true, lastLogIndex=49}
02:49:55.250 [raft-server-1] TRACE i.a.p.raft.roles.LeaderAppender - RaftServer{1} - Received AppendResponse{status=OK, term=1, succeeded=true, lastLogIndex=49} from 3
02:49:55.250 [raft-server-1] TRACE i.a.p.raft.roles.LeaderAppender - RaftServer{1} - Committed entries up to 49
02:49:55.250 [raft-server-2] TRACE i.a.p.raft.roles.FollowerRole - RaftServer{2}{role=FOLLOWER} - Appended Indexed{index=49, entry=CommandEntry{term=1, timestamp=2018-06-09 02:49:55,249, session=2, sequence=41, operation=PrimitiveOperation{id=DefaultOperationId{id=write, type=COMMAND}, value=byte[]{length=17, hash=-1644578928}}}}
02:49:55.250 [raft-server-2] TRACE i.a.p.raft.roles.FollowerRole - RaftServer{2}{role=FOLLOWER} - Sending AppendResponse{status=OK, term=1, succeeded=true, lastLogIndex=49}
02:49:55.339 [raft-server-1] TRACE i.a.p.raft.roles.LeaderAppender - RaftServer{1} - Received AppendResponse{status=OK, term=1, succeeded=true, lastLogIndex=49} from 2
02:49:55.339 [raft-server-1-state] TRACE i.a.p.raft.impl.RaftServiceManager - RaftServer{1} - Applying Indexed{index=49, entry=CommandEntry{term=1, timestamp=2018-06-09 02:49:55,249, session=2, sequence=41, operation=PrimitiveOperation{id=DefaultOperationId{id=write, type=COMMAND}, value=byte[]{length=17, hash=-1644578928}}}}
02:49:55.339 [raft-server-1-state] TRACE i.a.p.s.impl.DefaultServiceExecutor - PrimitiveService{2}{type=io.atomix.protocols.raft.RaftTest$TestPrimitiveType@2df83e7, name=raft-test} - Executing DefaultCommit{index=49, session=RaftSession{RaftServiceContext{server=1, type=io.atomix.protocols.raft.RaftTest$TestPrimitiveType@2df83e7, name=raft-test, id=2}, session=2, timestamp=2018-06-09 02:49:55,249}, time=2018-06-09 02:49:55,249, operation=DefaultOperationId{id=write, type=COMMAND}, value=byte[]{length=17, hash=-1644578928}}
02:49:55.339 [raft-server-1-state] TRACE i.a.protocols.raft.roles.LeaderRole - RaftServer{1}{role=LEADER} - Sending CommandResponse{status=OK, index=49, eventIndex=2, result=byte[]{length=2, hash=1338}}
02:49:55.339 [raft-server-2] TRACE i.a.p.raft.roles.FollowerRole - RaftServer{2}{role=FOLLOWER} - Sending CommandResponse{status=OK, index=49, eventIndex=2, result=byte[]{length=2, hash=1338}}
02:49:55.340 [raft-client-86eccf48-f731-4463-9ff4-1338804a1578-6] TRACE i.a.p.r.p.impl.RaftProxyConnection - SessionClient{2}{type=io.atomix.protocols.raft.RaftTest$TestPrimitiveType@35bfa1bb, name=raft-test} - Received CommandResponse{status=OK, index=49, eventIndex=2, result=byte[]{length=2, hash=1338}} from 2
02:49:55.340 [raft-client-86eccf48-f731-4463-9ff4-1338804a1578-6] TRACE i.a.p.r.p.impl.RaftProxySequencer - SessionClient{2}{type=io.atomix.protocols.raft.RaftTest$TestPrimitiveType@35bfa1bb, name=raft-test} - Completing response CommandResponse{status=OK, index=49, eventIndex=2, result=byte[]{length=2, hash=1338}}
02:49:55.340 [raft-client-86eccf48-f731-4463-9ff4-1338804a1578-0] TRACE i.a.p.r.p.impl.RaftProxyConnection - SessionClient{2}{type=io.atomix.protocols.raft.RaftTest$TestPrimitiveType@35bfa1bb, name=raft-test} - Sending CommandRequest{session=2, sequence=42, operation=PrimitiveOperation{id=DefaultOperationId{id=write, type=COMMAND}, value=byte[]{length=17, hash=-1644578928}}} to 2
02:49:55.340 [raft-server-2] TRACE i.a.p.raft.roles.FollowerRole - RaftServer{2}{role=FOLLOWER} - Received CommandRequest{session=2, sequence=42, operation=PrimitiveOperation{id=DefaultOperationId{id=write, type=COMMAND}, value=byte[]{length=17, hash=-1644578928}}}
02:49:55.340 [raft-server-1] TRACE i.a.protocols.raft.roles.LeaderRole - RaftServer{1}{role=LEADER} - Received CommandRequest{session=2, sequence=42, operation=PrimitiveOperation{id=DefaultOperationId{id=write, type=COMMAND}, value=byte[]{length=17, hash=-1644578928}}}
02:49:55.340 [raft-server-1] TRACE i.a.protocols.raft.roles.LeaderRole - RaftServer{1}{role=LEADER} - Appended Indexed{index=50, entry=CommandEntry{term=1, timestamp=2018-06-09 02:49:55,340, session=2, sequence=42, operation=PrimitiveOperation{id=DefaultOperationId{id=write, type=COMMAND}, value=byte[]{length=17, hash=-1644578928}}}}
02:49:55.340 [raft-server-1] TRACE i.a.p.raft.roles.LeaderAppender - RaftServer{1} - Sending AppendRequest{term=1, leader=1, prevLogIndex=49, prevLogTerm=1, entries=1, commitIndex=49} to 3
02:49:55.341 [raft-server-3] TRACE i.a.p.raft.roles.FollowerRole - RaftServer{3}{role=FOLLOWER} - Received AppendRequest{term=1, leader=1, prevLogIndex=49, prevLogTerm=1, entries=1, commitIndex=49}
02:49:55.341 [raft-server-1] TRACE i.a.p.raft.roles.LeaderAppender - RaftServer{1} - Sending AppendRequest{term=1, leader=1, prevLogIndex=49, prevLogTerm=1, entries=1, commitIndex=49} to 2
02:49:55.341 [raft-server-2] TRACE i.a.p.raft.roles.FollowerRole - RaftServer{2}{role=FOLLOWER} - Received AppendRequest{term=1, leader=1, prevLogIndex=49, prevLogTerm=1, entries=1, commitIndex=49}
02:49:55.341 [raft-server-3] TRACE i.a.p.raft.roles.FollowerRole - RaftServer{3}{role=FOLLOWER} - Appended Indexed{index=50, entry=CommandEntry{term=1, timestamp=2018-06-09 02:49:55,340, session=2, sequence=42, operation=PrimitiveOperation{id=DefaultOperationId{id=write, type=COMMAND}, value=byte[]{length=17, hash=-1644578928}}}}
02:49:55.341 [raft-server-2] TRACE i.a.p.raft.roles.FollowerRole - RaftServer{2}{role=FOLLOWER} - Appended Indexed{index=50, entry=CommandEntry{term=1, timestamp=2018-06-09 02:49:55,340, session=2, sequence=42, operation=PrimitiveOperation{id=DefaultOperationId{id=write, type=COMMAND}, value=byte[]{length=17, hash=-1644578928}}}}
02:49:55.440 [raft-server-3] TRACE i.a.p.raft.roles.FollowerRole - RaftServer{3}{role=FOLLOWER} - Committed entries up to index 49
02:49:55.440 [raft-server-2] TRACE i.a.p.raft.roles.FollowerRole - RaftServer{2}{role=FOLLOWER} - Committed entries up to index 49
02:49:55.440 [raft-server-3] TRACE i.a.p.raft.roles.FollowerRole - RaftServer{3}{role=FOLLOWER} - Sending AppendResponse{status=OK, term=1, succeeded=true, lastLogIndex=50}
02:49:55.440 [raft-server-2] TRACE i.a.p.raft.roles.FollowerRole - RaftServer{2}{role=FOLLOWER} - Sending AppendResponse{status=OK, term=1, succeeded=true, lastLogIndex=50}
02:49:55.441 [raft-server-1] TRACE i.a.p.raft.roles.LeaderAppender - RaftServer{1} - Received AppendResponse{status=OK, term=1, succeeded=true, lastLogIndex=50} from 3
02:49:55.441 [raft-server-1] TRACE i.a.p.raft.roles.LeaderAppender - RaftServer{1} - Committed entries up to 50
02:49:55.441 [raft-server-2-state] TRACE i.a.p.raft.impl.RaftServiceManager - RaftServer{2} - Applying Indexed{index=49, entry=CommandEntry{term=1, timestamp=2018-06-09 02:49:55,249, session=2, sequence=41, operation=PrimitiveOperation{id=DefaultOperationId{id=write, type=COMMAND}, value=byte[]{length=17, hash=-1644578928}}}}
02:49:55.441 [raft-server-3-state] TRACE i.a.p.raft.impl.RaftServiceManager - RaftServer{3} - Applying Indexed{index=49, entry=CommandEntry{term=1, timestamp=2018-06-09 02:49:55,249, session=2, sequence=41, operation=PrimitiveOperation{id=DefaultOperationId{id=write, type=COMMAND}, value=byte[]{length=17, hash=-1644578928}}}}
02:49:55.441 [raft-server-2-state] TRACE i.a.p.s.impl.DefaultServiceExecutor - PrimitiveService{2}{type=io.atomix.protocols.raft.RaftTest$TestPrimitiveType@10ad7eb5, name=raft-test} - Executing DefaultCommit{index=49, session=RaftSession{RaftServiceContext{server=2, type=io.atomix.protocols.raft.RaftTest$TestPrimitiveType@10ad7eb5, name=raft-test, id=2}, session=2, timestamp=2018-06-09 02:49:55,249}, time=2018-06-09 02:49:55,249, operation=DefaultOperationId{id=write, type=COMMAND}, value=byte[]{length=17, hash=-1644578928}}
02:49:55.441 [raft-server-3-state] TRACE i.a.p.s.impl.DefaultServiceExecutor - PrimitiveService{2}{type=io.atomix.protocols.raft.RaftTest$TestPrimitiveType@2669790c, name=raft-test} - Executing DefaultCommit{index=49, session=RaftSession{RaftServiceContext{server=3, type=io.atomix.protocols.raft.RaftTest$TestPrimitiveType@2669790c, name=raft-test, id=2}, session=2, timestamp=2018-06-09 02:49:55,249}, time=2018-06-09 02:49:55,249, operation=DefaultOperationId{id=write, type=COMMAND}, value=byte[]{length=17, hash=-1644578928}}
02:49:55.522 [raft-server-1] TRACE i.a.p.raft.roles.LeaderAppender - RaftServer{1} - Sending AppendRequest{term=1, leader=1, prevLogIndex=50, prevLogTerm=1, entries=0, commitIndex=50} to 3
02:49:55.522 [raft-server-3] TRACE i.a.p.raft.roles.FollowerRole - RaftServer{3}{role=FOLLOWER} - Received AppendRequest{term=1, leader=1, prevLogIndex=50, prevLogTerm=1, entries=0, commitIndex=50}
02:49:55.523 [raft-server-1] TRACE i.a.p.raft.roles.LeaderAppender - RaftServer{1} - Received AppendResponse{status=OK, term=1, succeeded=true, lastLogIndex=50} from 2
02:49:55.523 [raft-server-1] TRACE i.a.p.raft.roles.LeaderAppender - RaftServer{1} - Sending AppendRequest{term=1, leader=1, prevLogIndex=50, prevLogTerm=1, entries=0, commitIndex=50} to 2
02:49:55.523 [raft-server-2] TRACE i.a.p.raft.roles.FollowerRole - RaftServer{2}{role=FOLLOWER} - Received AppendRequest{term=1, leader=1, prevLogIndex=50, prevLogTerm=1, entries=0, commitIndex=50}
02:49:55.523 [raft-server-1-state] TRACE i.a.p.raft.impl.RaftServiceManager - RaftServer{1} - Applying Indexed{index=50, entry=CommandEntry{term=1, timestamp=2018-06-09 02:49:55,340, session=2, sequence=42, operation=PrimitiveOperation{id=DefaultOperationId{id=write, type=COMMAND}, value=byte[]{length=17, hash=-1644578928}}}}
02:49:55.523 [raft-server-1-state] TRACE i.a.p.s.impl.DefaultServiceExecutor - PrimitiveService{2}{type=io.atomix.protocols.raft.RaftTest$TestPrimitiveType@2df83e7, name=raft-test} - Executing DefaultCommit{index=50, session=RaftSession{RaftServiceContext{server=1, type=io.atomix.protocols.raft.RaftTest$TestPrimitiveType@2df83e7, name=raft-test, id=2}, session=2, timestamp=2018-06-09 02:49:55,340}, time=2018-06-09 02:49:55,340, operation=DefaultOperationId{id=write, type=COMMAND}, value=byte[]{length=17, hash=-1644578928}}
02:49:55.523 [raft-server-1-state] TRACE i.a.protocols.raft.roles.LeaderRole - RaftServer{1}{role=LEADER} - Sending CommandResponse{status=OK, index=50, eventIndex=2, result=byte[]{length=2, hash=1340}}
02:49:55.598 [raft-server-3] TRACE i.a.p.raft.roles.FollowerRole - RaftServer{3}{role=FOLLOWER} - Committed entries up to index 50
02:49:55.598 [raft-server-3] TRACE i.a.p.raft.roles.FollowerRole - RaftServer{3}{role=FOLLOWER} - Sending AppendResponse{status=OK, term=1, succeeded=true, lastLogIndex=50}
02:49:55.598 [raft-server-3-state] TRACE i.a.p.raft.impl.RaftServiceManager - RaftServer{3} - Applying Indexed{index=50, entry=CommandEntry{term=1, timestamp=2018-06-09 02:49:55,340, session=2, sequence=42, operation=PrimitiveOperation{id=DefaultOperationId{id=write, type=COMMAND}, value=byte[]{length=17, hash=-1644578928}}}}
02:49:55.598 [raft-server-1] TRACE i.a.p.raft.roles.LeaderAppender - RaftServer{1} - Received AppendResponse{status=OK, term=1, succeeded=true, lastLogIndex=50} from 3
02:49:55.598 [raft-server-3-state] TRACE i.a.p.s.impl.DefaultServiceExecutor - PrimitiveService{2}{type=io.atomix.protocols.raft.RaftTest$TestPrimitiveType@2669790c, name=raft-test} - Executing DefaultCommit{index=50, session=RaftSession{RaftServiceContext{server=3, type=io.atomix.protocols.raft.RaftTest$TestPrimitiveType@2669790c, name=raft-test, id=2}, session=2, timestamp=2018-06-09 02:49:55,340}, time=2018-06-09 02:49:55,340, operation=DefaultOperationId{id=write, type=COMMAND}, value=byte[]{length=17, hash=-1644578928}}
02:49:55.598 [raft-server-1] TRACE i.a.p.raft.roles.LeaderAppender - RaftServer{1} - Sending AppendRequest{term=1, leader=1, prevLogIndex=50, prevLogTerm=1, entries=0, commitIndex=50} to 3
02:49:55.599 [raft-server-3] TRACE i.a.p.raft.roles.FollowerRole - RaftServer{3}{role=FOLLOWER} - Received AppendRequest{term=1, leader=1, prevLogIndex=50, prevLogTerm=1, entries=0, commitIndex=50}
02:49:55.599 [raft-server-3] TRACE i.a.p.raft.roles.FollowerRole - RaftServer{3}{role=FOLLOWER} - Sending AppendResponse{status=OK, term=1, succeeded=true, lastLogIndex=50}
02:49:55.599 [raft-server-1] TRACE i.a.p.raft.roles.LeaderAppender - RaftServer{1} - Received AppendResponse{status=OK, term=1, succeeded=true, lastLogIndex=50} from 3
02:49:55.599 [raft-server-1] TRACE i.a.p.raft.roles.LeaderAppender - RaftServer{1} - Sending AppendRequest{term=1, leader=1, prevLogIndex=50, prevLogTerm=1, entries=0, commitIndex=50} to 3
02:49:55.599 [raft-server-3] TRACE i.a.p.raft.roles.FollowerRole - RaftServer{3}{role=FOLLOWER} - Received AppendRequest{term=1, leader=1, prevLogIndex=50, prevLogTerm=1, entries=0, commitIndex=50}
02:49:55.599 [raft-server-3] TRACE i.a.p.raft.roles.FollowerRole - RaftServer{3}{role=FOLLOWER} - Sending AppendResponse{status=OK, term=1, succeeded=true, lastLogIndex=50}
02:49:55.599 [raft-server-1] TRACE i.a.p.raft.roles.LeaderAppender - RaftServer{1} - Received AppendResponse{status=OK, term=1, succeeded=true, lastLogIndex=50} from 3
02:49:55.672 [raft-server-2] TRACE i.a.p.raft.roles.FollowerRole - RaftServer{2}{role=FOLLOWER} - Committed entries up to index 50
02:49:55.672 [raft-server-2] TRACE i.a.p.raft.roles.FollowerRole - RaftServer{2}{role=FOLLOWER} - Sending AppendResponse{status=OK, term=1, succeeded=true, lastLogIndex=50}
02:49:55.672 [raft-server-1] TRACE i.a.p.raft.roles.LeaderAppender - RaftServer{1} - Received AppendResponse{status=OK, term=1, succeeded=true, lastLogIndex=50} from 2
02:49:55.672 [raft-server-2] TRACE i.a.p.raft.roles.FollowerRole - RaftServer{2}{role=FOLLOWER} - Sending CommandResponse{status=OK, index=50, eventIndex=2, result=byte[]{length=2, hash=1340}}
02:49:55.672 [raft-client-86eccf48-f731-4463-9ff4-1338804a1578-2] TRACE i.a.p.r.p.impl.RaftProxyConnection - SessionClient{2}{type=io.atomix.protocols.raft.RaftTest$TestPrimitiveType@35bfa1bb, name=raft-test} - Received CommandResponse{status=OK, index=50, eventIndex=2, result=byte[]{length=2, hash=1340}} from 2
02:49:55.673 [raft-client-86eccf48-f731-4463-9ff4-1338804a1578-2] TRACE i.a.p.r.p.impl.RaftProxySequencer - SessionClient{2}{type=io.atomix.protocols.raft.RaftTest$TestPrimitiveType@35bfa1bb, name=raft-test} - Completing response CommandResponse{status=OK, index=50, eventIndex=2, result=byte[]{length=2, hash=1340}}
02:49:55.673 [raft-server-2-state] TRACE i.a.p.raft.impl.RaftServiceManager - RaftServer{2} - Applying Indexed{index=50, entry=CommandEntry{term=1, timestamp=2018-06-09 02:49:55,340, session=2, sequence=42, operation=PrimitiveOperation{id=DefaultOperationId{id=write, type=COMMAND}, value=byte[]{length=17, hash=-1644578928}}}}
02:49:55.673 [raft-server-2-state] TRACE i.a.p.s.impl.DefaultServiceExecutor - PrimitiveService{2}{type=io.atomix.protocols.raft.RaftTest$TestPrimitiveType@10ad7eb5, name=raft-test} - Executing DefaultCommit{index=50, session=RaftSession{RaftServiceContext{server=2, type=io.atomix.protocols.raft.RaftTest$TestPrimitiveType@10ad7eb5, name=raft-test, id=2}, session=2, timestamp=2018-06-09 02:49:55,340}, time=2018-06-09 02:49:55,340, operation=DefaultOperationId{id=write, type=COMMAND}, value=byte[]{length=17, hash=-1644578928}}
02:49:55.673 [raft-client-86eccf48-f731-4463-9ff4-1338804a1578-5] TRACE i.a.p.r.p.impl.RaftProxyConnection - SessionClient{2}{type=io.atomix.protocols.raft.RaftTest$TestPrimitiveType@35bfa1bb, name=raft-test} - Sending CommandRequest{session=2, sequence=43, operation=PrimitiveOperation{id=DefaultOperationId{id=write, type=COMMAND}, value=byte[]{length=17, hash=-1644578928}}} to 2
02:49:55.673 [raft-server-2] TRACE i.a.p.raft.roles.FollowerRole - RaftServer{2}{role=FOLLOWER} - Received CommandRequest{session=2, sequence=43, operation=PrimitiveOperation{id=DefaultOperationId{id=write, type=COMMAND}, value=byte[]{length=17, hash=-1644578928}}}
02:49:55.673 [raft-server-1] TRACE i.a.protocols.raft.roles.LeaderRole - RaftServer{1}{role=LEADER} - Received CommandRequest{session=2, sequence=43, operation=PrimitiveOperation{id=DefaultOperationId{id=write, type=COMMAND}, value=byte[]{length=17, hash=-1644578928}}}
02:49:55.908 [raft-server-1] DEBUG i.a.storage.journal.SegmentedJournal - Created disk segment: JournalSegment{id=6, version=1, index=51, size=64}
02:49:55.908 [raft-server-1] TRACE i.a.protocols.raft.roles.LeaderRole - RaftServer{1}{role=LEADER} - Appended Indexed{index=51, entry=CommandEntry{term=1, timestamp=2018-06-09 02:49:55,673, session=2, sequence=43, operation=PrimitiveOperation{id=DefaultOperationId{id=write, type=COMMAND}, value=byte[]{length=17, hash=-1644578928}}}}
02:49:55.908 [raft-server-1] TRACE i.a.p.raft.roles.LeaderAppender - RaftServer{1} - Sending AppendRequest{term=1, leader=1, prevLogIndex=50, prevLogTerm=1, entries=1, commitIndex=50} to 3
02:49:55.908 [raft-server-3] TRACE i.a.p.raft.roles.FollowerRole - RaftServer{3}{role=FOLLOWER} - Received AppendRequest{term=1, leader=1, prevLogIndex=50, prevLogTerm=1, entries=1, commitIndex=50}
02:49:55.909 [raft-server-1] TRACE i.a.p.raft.roles.LeaderAppender - RaftServer{1} - Sending AppendRequest{term=1, leader=1, prevLogIndex=50, prevLogTerm=1, entries=1, commitIndex=50} to 2
02:49:55.909 [raft-server-2] TRACE i.a.p.raft.roles.FollowerRole - RaftServer{2}{role=FOLLOWER} - Received AppendRequest{term=1, leader=1, prevLogIndex=50, prevLogTerm=1, entries=1, commitIndex=50}
02:49:56.332 [raft-server-3] DEBUG i.a.storage.journal.SegmentedJournal - Created disk segment: JournalSegment{id=6, version=1, index=51, size=64}
02:49:56.333 [raft-server-3] TRACE i.a.p.raft.roles.FollowerRole - RaftServer{3}{role=FOLLOWER} - Appended Indexed{index=51, entry=CommandEntry{term=1, timestamp=2018-06-09 02:49:55,673, session=2, sequence=43, operation=PrimitiveOperation{id=DefaultOperationId{id=write, type=COMMAND}, value=byte[]{length=17, hash=-1644578928}}}}
02:49:56.333 [raft-server-3] TRACE i.a.p.raft.roles.FollowerRole - RaftServer{3}{role=FOLLOWER} - Sending AppendResponse{status=OK, term=1, succeeded=true, lastLogIndex=51}
02:49:56.333 [raft-server-1] TRACE i.a.p.raft.roles.LeaderAppender - RaftServer{1} - Received AppendResponse{status=OK, term=1, succeeded=true, lastLogIndex=51} from 3
02:49:56.333 [raft-server-1] TRACE i.a.p.raft.roles.LeaderAppender - RaftServer{1} - Committed entries up to 51
02:49:56.415 [raft-server-2] DEBUG i.a.storage.journal.SegmentedJournal - Created disk segment: JournalSegment{id=6, version=1, index=51, size=64}
02:49:56.415 [raft-server-2] TRACE i.a.p.raft.roles.FollowerRole - RaftServer{2}{role=FOLLOWER} - Appended Indexed{index=51, entry=CommandEntry{term=1, timestamp=2018-06-09 02:49:55,673, session=2, sequence=43, operation=PrimitiveOperation{id=DefaultOperationId{id=write, type=COMMAND}, value=byte[]{length=17, hash=-1644578928}}}}
02:49:56.415 [raft-server-2] TRACE i.a.p.raft.roles.FollowerRole - RaftServer{2}{role=FOLLOWER} - Sending AppendResponse{status=OK, term=1, succeeded=true, lastLogIndex=51}
02:49:56.489 [raft-server-1] TRACE i.a.p.raft.roles.LeaderAppender - RaftServer{1} - Sending AppendRequest{term=1, leader=1, prevLogIndex=51, prevLogTerm=1, entries=0, commitIndex=51} to 3
02:49:56.489 [raft-server-3] TRACE i.a.p.raft.roles.FollowerRole - RaftServer{3}{role=FOLLOWER} - Received AppendRequest{term=1, leader=1, prevLogIndex=51, prevLogTerm=1, entries=0, commitIndex=51}
02:49:56.489 [raft-server-1] TRACE i.a.p.raft.roles.LeaderAppender - RaftServer{1} - Received AppendResponse{status=OK, term=1, succeeded=true, lastLogIndex=51} from 2
02:49:56.490 [raft-server-1] TRACE i.a.p.raft.roles.LeaderAppender - RaftServer{1} - Sending AppendRequest{term=1, leader=1, prevLogIndex=51, prevLogTerm=1, entries=0, commitIndex=51} to 2
02:49:56.490 [raft-server-2] TRACE i.a.p.raft.roles.FollowerRole - RaftServer{2}{role=FOLLOWER} - Received AppendRequest{term=1, leader=1, prevLogIndex=51, prevLogTerm=1, entries=0, commitIndex=51}
02:49:56.490 [raft-server-1-state] TRACE i.a.p.raft.impl.RaftServiceManager - RaftServer{1} - Applying Indexed{index=51, entry=CommandEntry{term=1, timestamp=2018-06-09 02:49:55,673, session=2, sequence=43, operation=PrimitiveOperation{id=DefaultOperationId{id=write, type=COMMAND}, value=byte[]{length=17, hash=-1644578928}}}}
02:49:56.490 [raft-server-1-state] TRACE i.a.p.s.impl.DefaultServiceExecutor - PrimitiveService{2}{type=io.atomix.protocols.raft.RaftTest$TestPrimitiveType@2df83e7, name=raft-test} - Executing DefaultCommit{index=51, session=RaftSession{RaftServiceContext{server=1, type=io.atomix.protocols.raft.RaftTest$TestPrimitiveType@2df83e7, name=raft-test, id=2}, session=2, timestamp=2018-06-09 02:49:55,673}, time=2018-06-09 02:49:55,673, operation=DefaultOperationId{id=write, type=COMMAND}, value=byte[]{length=17, hash=-1644578928}}
02:49:56.490 [raft-server-1-state] TRACE i.a.protocols.raft.roles.LeaderRole - RaftServer{1}{role=LEADER} - Sending CommandResponse{status=OK, index=51, eventIndex=2, result=byte[]{length=2, hash=1342}}
02:49:56.566 [raft-server-3] TRACE i.a.p.raft.roles.FollowerRole - RaftServer{3}{role=FOLLOWER} - Committed entries up to index 51
02:49:56.566 [raft-server-3] TRACE i.a.p.raft.roles.FollowerRole - RaftServer{3}{role=FOLLOWER} - Sending AppendResponse{status=OK, term=1, succeeded=true, lastLogIndex=51}
02:49:56.566 [raft-server-1] TRACE i.a.p.raft.roles.LeaderAppender - RaftServer{1} - Received AppendResponse{status=OK, term=1, succeeded=true, lastLogIndex=51} from 3
02:49:56.566 [raft-server-1] TRACE i.a.p.raft.roles.LeaderAppender - RaftServer{1} - Sending AppendRequest{term=1, leader=1, prevLogIndex=51, prevLogTerm=1, entries=0, commitIndex=51} to 3
02:49:56.566 [raft-server-3-state] TRACE i.a.p.raft.impl.RaftServiceManager - RaftServer{3} - Applying Indexed{index=51, entry=CommandEntry{term=1, timestamp=2018-06-09 02:49:55,673, session=2, sequence=43, operation=PrimitiveOperation{id=DefaultOperationId{id=write, type=COMMAND}, value=byte[]{length=17, hash=-1644578928}}}}
02:49:56.567 [raft-server-3] TRACE i.a.p.raft.roles.FollowerRole - RaftServer{3}{role=FOLLOWER} - Received AppendRequest{term=1, leader=1, prevLogIndex=51, prevLogTerm=1, entries=0, commitIndex=51}
02:49:56.567 [raft-server-3] TRACE i.a.p.raft.roles.FollowerRole - RaftServer{3}{role=FOLLOWER} - Sending AppendResponse{status=OK, term=1, succeeded=true, lastLogIndex=51}
02:49:56.567 [raft-server-3-state] TRACE i.a.p.s.impl.DefaultServiceExecutor - PrimitiveService{2}{type=io.atomix.protocols.raft.RaftTest$TestPrimitiveType@2669790c, name=raft-test} - Executing DefaultCommit{index=51, session=RaftSession{RaftServiceContext{server=3, type=io.atomix.protocols.raft.RaftTest$TestPrimitiveType@2669790c, name=raft-test, id=2}, session=2, timestamp=2018-06-09 02:49:55,673}, time=2018-06-09 02:49:55,673, operation=DefaultOperationId{id=write, type=COMMAND}, value=byte[]{length=17, hash=-1644578928}}
02:49:56.567 [raft-server-1] TRACE i.a.p.raft.roles.LeaderAppender - RaftServer{1} - Received AppendResponse{status=OK, term=1, succeeded=true, lastLogIndex=51} from 3
02:49:56.598 [raft-server-1] TRACE i.a.p.raft.roles.LeaderAppender - RaftServer{1} - Sending AppendRequest{term=1, leader=1, prevLogIndex=51, prevLogTerm=1, entries=0, commitIndex=51} to 3
02:49:56.599 [raft-server-3] TRACE i.a.p.raft.roles.FollowerRole - RaftServer{3}{role=FOLLOWER} - Received AppendRequest{term=1, leader=1, prevLogIndex=51, prevLogTerm=1, entries=0, commitIndex=51}
02:49:56.599 [raft-server-3] TRACE i.a.p.raft.roles.FollowerRole - RaftServer{3}{role=FOLLOWER} - Sending AppendResponse{status=OK, term=1, succeeded=true, lastLogIndex=51}
02:49:56.599 [raft-server-1] TRACE i.a.p.raft.roles.LeaderAppender - RaftServer{1} - Received AppendResponse{status=OK, term=1, succeeded=true, lastLogIndex=51} from 3
02:49:56.599 [raft-server-1] TRACE i.a.p.raft.roles.LeaderAppender - RaftServer{1} - Sending AppendRequest{term=1, leader=1, prevLogIndex=51, prevLogTerm=1, entries=0, commitIndex=51} to 3
02:49:56.599 [raft-server-3] TRACE i.a.p.raft.roles.FollowerRole - RaftServer{3}{role=FOLLOWER} - Received AppendRequest{term=1, leader=1, prevLogIndex=51, prevLogTerm=1, entries=0, commitIndex=51}
02:49:56.599 [raft-server-3] TRACE i.a.p.raft.roles.FollowerRole - RaftServer{3}{role=FOLLOWER} - Sending AppendResponse{status=OK, term=1, succeeded=true, lastLogIndex=51}
02:49:56.599 [raft-server-1] TRACE i.a.p.raft.roles.LeaderAppender - RaftServer{1} - Received AppendResponse{status=OK, term=1, succeeded=true, lastLogIndex=51} from 3
02:49:56.630 [raft-server-2] TRACE i.a.p.raft.roles.FollowerRole - RaftServer{2}{role=FOLLOWER} - Committed entries up to index 51
02:49:56.630 [raft-server-2] TRACE i.a.p.raft.roles.FollowerRole - RaftServer{2}{role=FOLLOWER} - Sending AppendResponse{status=OK, term=1, succeeded=true, lastLogIndex=51}
02:49:56.630 [raft-server-2] TRACE i.a.p.raft.roles.FollowerRole - RaftServer{2}{role=FOLLOWER} - Sending CommandResponse{status=OK, index=51, eventIndex=2, result=byte[]{length=2, hash=1342}}
02:49:56.630 [raft-server-1] TRACE i.a.p.raft.roles.LeaderAppender - RaftServer{1} - Received AppendResponse{status=OK, term=1, succeeded=true, lastLogIndex=51} from 2
02:49:56.631 [raft-client-86eccf48-f731-4463-9ff4-1338804a1578-4] TRACE i.a.p.r.p.impl.RaftProxyConnection - SessionClient{2}{type=io.atomix.protocols.raft.RaftTest$TestPrimitiveType@35bfa1bb, name=raft-test} - Received CommandResponse{status=OK, index=51, eventIndex=2, result=byte[]{length=2, hash=1342}} from 2
02:49:56.631 [raft-server-2-state] TRACE i.a.p.raft.impl.RaftServiceManager - RaftServer{2} - Applying Indexed{index=51, entry=CommandEntry{term=1, timestamp=2018-06-09 02:49:55,673, session=2, sequence=43, operation=PrimitiveOperation{id=DefaultOperationId{id=write, type=COMMAND}, value=byte[]{length=17, hash=-1644578928}}}}
02:49:56.631 [raft-client-86eccf48-f731-4463-9ff4-1338804a1578-4] TRACE i.a.p.r.p.impl.RaftProxySequencer - SessionClient{2}{type=io.atomix.protocols.raft.RaftTest$TestPrimitiveType@35bfa1bb, name=raft-test} - Completing response CommandResponse{status=OK, index=51, eventIndex=2, result=byte[]{length=2, hash=1342}}
02:49:56.631 [raft-server-2-state] TRACE i.a.p.s.impl.DefaultServiceExecutor - PrimitiveService{2}{type=io.atomix.protocols.raft.RaftTest$TestPrimitiveType@10ad7eb5, name=raft-test} - Executing DefaultCommit{index=51, session=RaftSession{RaftServiceContext{server=2, type=io.atomix.protocols.raft.RaftTest$TestPrimitiveType@10ad7eb5, name=raft-test, id=2}, session=2, timestamp=2018-06-09 02:49:55,673}, time=2018-06-09 02:49:55,673, operation=DefaultOperationId{id=write, type=COMMAND}, value=byte[]{length=17, hash=-1644578928}}
02:49:56.631 [raft-client-86eccf48-f731-4463-9ff4-1338804a1578-3] TRACE i.a.p.r.p.impl.RaftProxyConnection - SessionClient{2}{type=io.atomix.protocols.raft.RaftTest$TestPrimitiveType@35bfa1bb, name=raft-test} - Sending CommandRequest{session=2, sequence=44, operation=PrimitiveOperation{id=DefaultOperationId{id=write, type=COMMAND}, value=byte[]{length=17, hash=-1644578928}}} to 2
02:49:56.631 [raft-server-2] TRACE i.a.p.raft.roles.FollowerRole - RaftServer{2}{role=FOLLOWER} - Received CommandRequest{session=2, sequence=44, operation=PrimitiveOperation{id=DefaultOperationId{id=write, type=COMMAND}, value=byte[]{length=17, hash=-1644578928}}}
02:49:56.631 [raft-server-1] TRACE i.a.protocols.raft.roles.LeaderRole - RaftServer{1}{role=LEADER} - Received CommandRequest{session=2, sequence=44, operation=PrimitiveOperation{id=DefaultOperationId{id=write, type=COMMAND}, value=byte[]{length=17, hash=-1644578928}}}
02:49:56.631 [raft-server-1] TRACE i.a.protocols.raft.roles.LeaderRole - RaftServer{1}{role=LEADER} - Appended Indexed{index=52, entry=CommandEntry{term=1, timestamp=2018-06-09 02:49:56,631, session=2, sequence=44, operation=PrimitiveOperation{id=DefaultOperationId{id=write, type=COMMAND}, value=byte[]{length=17, hash=-1644578928}}}}
02:49:56.632 [raft-server-1] TRACE i.a.p.raft.roles.LeaderAppender - RaftServer{1} - Sending AppendRequest{term=1, leader=1, prevLogIndex=51, prevLogTerm=1, entries=1, commitIndex=51} to 3
02:49:56.632 [raft-server-1] TRACE i.a.p.raft.roles.LeaderAppender - RaftServer{1} - Sending AppendRequest{term=1, leader=1, prevLogIndex=51, prevLogTerm=1, entries=1, commitIndex=51} to 2
02:49:56.632 [raft-server-3] TRACE i.a.p.raft.roles.FollowerRole - RaftServer{3}{role=FOLLOWER} - Received AppendRequest{term=1, leader=1, prevLogIndex=51, prevLogTerm=1, entries=1, commitIndex=51}
02:49:56.632 [raft-server-2] TRACE i.a.p.raft.roles.FollowerRole - RaftServer{2}{role=FOLLOWER} - Received AppendRequest{term=1, leader=1, prevLogIndex=51, prevLogTerm=1, entries=1, commitIndex=51}
02:49:56.632 [raft-server-3] TRACE i.a.p.raft.roles.FollowerRole - RaftServer{3}{role=FOLLOWER} - Appended Indexed{index=52, entry=CommandEntry{term=1, timestamp=2018-06-09 02:49:56,631, session=2, sequence=44, operation=PrimitiveOperation{id=DefaultOperationId{id=write, type=COMMAND}, value=byte[]{length=17, hash=-1644578928}}}}
02:49:56.632 [raft-server-2] TRACE i.a.p.raft.roles.FollowerRole - RaftServer{2}{role=FOLLOWER} - Appended Indexed{index=52, entry=CommandEntry{term=1, timestamp=2018-06-09 02:49:56,631, session=2, sequence=44, operation=PrimitiveOperation{id=DefaultOperationId{id=write, type=COMMAND}, value=byte[]{length=17, hash=-1644578928}}}}
02:49:56.632 [raft-server-3] TRACE i.a.p.raft.roles.FollowerRole - RaftServer{3}{role=FOLLOWER} - Sending AppendResponse{status=OK, term=1, succeeded=true, lastLogIndex=52}
02:49:56.632 [raft-server-2] TRACE i.a.p.raft.roles.FollowerRole - RaftServer{2}{role=FOLLOWER} - Sending AppendResponse{status=OK, term=1, succeeded=true, lastLogIndex=52}
02:49:56.632 [raft-server-1] TRACE i.a.p.raft.roles.LeaderAppender - RaftServer{1} - Received AppendResponse{status=OK, term=1, succeeded=true, lastLogIndex=52} from 3
02:49:56.632 [raft-server-1] TRACE i.a.p.raft.roles.LeaderAppender - RaftServer{1} - Committed entries up to 52
02:49:56.706 [raft-server-1] TRACE i.a.p.raft.roles.LeaderAppender - RaftServer{1} - Received AppendResponse{status=OK, term=1, succeeded=true, lastLogIndex=52} from 2
02:49:56.706 [raft-server-1-state] TRACE i.a.p.raft.impl.RaftServiceManager - RaftServer{1} - Applying Indexed{index=52, entry=CommandEntry{term=1, timestamp=2018-06-09 02:49:56,631, session=2, sequence=44, operation=PrimitiveOperation{id=DefaultOperationId{id=write, type=COMMAND}, value=byte[]{length=17, hash=-1644578928}}}}
02:49:56.706 [raft-server-1-state] TRACE i.a.p.s.impl.DefaultServiceExecutor - PrimitiveService{2}{type=io.atomix.protocols.raft.RaftTest$TestPrimitiveType@2df83e7, name=raft-test} - Executing DefaultCommit{index=52, session=RaftSession{RaftServiceContext{server=1, type=io.atomix.protocols.raft.RaftTest$TestPrimitiveType@2df83e7, name=raft-test, id=2}, session=2, timestamp=2018-06-09 02:49:56,631}, time=2018-06-09 02:49:56,631, operation=DefaultOperationId{id=write, type=COMMAND}, value=byte[]{length=17, hash=-1644578928}}
02:49:56.707 [raft-server-1-state] TRACE i.a.protocols.raft.roles.LeaderRole - RaftServer{1}{role=LEADER} - Sending CommandResponse{status=OK, index=52, eventIndex=2, result=byte[]{length=2, hash=1344}}
02:49:56.707 [raft-server-2] TRACE i.a.p.raft.roles.FollowerRole - RaftServer{2}{role=FOLLOWER} - Sending CommandResponse{status=OK, index=52, eventIndex=2, result=byte[]{length=2, hash=1344}}
02:49:56.707 [raft-client-86eccf48-f731-4463-9ff4-1338804a1578-6] TRACE i.a.p.r.p.impl.RaftProxyConnection - SessionClient{2}{type=io.atomix.protocols.raft.RaftTest$TestPrimitiveType@35bfa1bb, name=raft-test} - Received CommandResponse{status=OK, index=52, eventIndex=2, result=byte[]{length=2, hash=1344}} from 2
02:49:56.707 [raft-client-86eccf48-f731-4463-9ff4-1338804a1578-6] TRACE i.a.p.r.p.impl.RaftProxySequencer - SessionClient{2}{type=io.atomix.protocols.raft.RaftTest$TestPrimitiveType@35bfa1bb, name=raft-test} - Completing response CommandResponse{status=OK, index=52, eventIndex=2, result=byte[]{length=2, hash=1344}}
02:49:56.707 [raft-client-86eccf48-f731-4463-9ff4-1338804a1578-6] TRACE i.a.p.r.p.impl.RaftProxyConnection - SessionClient{2}{type=io.atomix.protocols.raft.RaftTest$TestPrimitiveType@35bfa1bb, name=raft-test} - Sending CommandRequest{session=2, sequence=45, operation=PrimitiveOperation{id=DefaultOperationId{id=write, type=COMMAND}, value=byte[]{length=17, hash=-1644578928}}} to 2
02:49:56.707 [raft-server-2] TRACE i.a.p.raft.roles.FollowerRole - RaftServer{2}{role=FOLLOWER} - Received CommandRequest{session=2, sequence=45, operation=PrimitiveOperation{id=DefaultOperationId{id=write, type=COMMAND}, value=byte[]{length=17, hash=-1644578928}}}
02:49:56.707 [raft-server-1] TRACE i.a.protocols.raft.roles.LeaderRole - RaftServer{1}{role=LEADER} - Received CommandRequest{session=2, sequence=45, operation=PrimitiveOperation{id=DefaultOperationId{id=write, type=COMMAND}, value=byte[]{length=17, hash=-1644578928}}}
02:49:56.708 [raft-server-1] TRACE i.a.protocols.raft.roles.LeaderRole - RaftServer{1}{role=LEADER} - Appended Indexed{index=53, entry=CommandEntry{term=1, timestamp=2018-06-09 02:49:56,707, session=2, sequence=45, operation=PrimitiveOperation{id=DefaultOperationId{id=write, type=COMMAND}, value=byte[]{length=17, hash=-1644578928}}}}
02:49:56.708 [raft-server-1] TRACE i.a.p.raft.roles.LeaderAppender - RaftServer{1} - Sending AppendRequest{term=1, leader=1, prevLogIndex=52, prevLogTerm=1, entries=1, commitIndex=52} to 3
02:49:56.708 [raft-server-1] TRACE i.a.p.raft.roles.LeaderAppender - RaftServer{1} - Sending AppendRequest{term=1, leader=1, prevLogIndex=52, prevLogTerm=1, entries=1, commitIndex=52} to 2
02:49:56.708 [raft-server-3] TRACE i.a.p.raft.roles.FollowerRole - RaftServer{3}{role=FOLLOWER} - Received AppendRequest{term=1, leader=1, prevLogIndex=52, prevLogTerm=1, entries=1, commitIndex=52}
02:49:56.708 [raft-server-2] TRACE i.a.p.raft.roles.FollowerRole - RaftServer{2}{role=FOLLOWER} - Received AppendRequest{term=1, leader=1, prevLogIndex=52, prevLogTerm=1, entries=1, commitIndex=52}
02:49:56.708 [raft-server-3] TRACE i.a.p.raft.roles.FollowerRole - RaftServer{3}{role=FOLLOWER} - Appended Indexed{index=53, entry=CommandEntry{term=1, timestamp=2018-06-09 02:49:56,707, session=2, sequence=45, operation=PrimitiveOperation{id=DefaultOperationId{id=write, type=COMMAND}, value=byte[]{length=17, hash=-1644578928}}}}
02:49:56.708 [raft-server-2] TRACE i.a.p.raft.roles.FollowerRole - RaftServer{2}{role=FOLLOWER} - Appended Indexed{index=53, entry=CommandEntry{term=1, timestamp=2018-06-09 02:49:56,707, session=2, sequence=45, operation=PrimitiveOperation{id=DefaultOperationId{id=write, type=COMMAND}, value=byte[]{length=17, hash=-1644578928}}}}
02:49:56.781 [raft-server-3] TRACE i.a.p.raft.roles.FollowerRole - RaftServer{3}{role=FOLLOWER} - Committed entries up to index 52
02:49:56.781 [raft-server-3] TRACE i.a.p.raft.roles.FollowerRole - RaftServer{3}{role=FOLLOWER} - Sending AppendResponse{status=OK, term=1, succeeded=true, lastLogIndex=53}
02:49:56.781 [raft-server-2] TRACE i.a.p.raft.roles.FollowerRole - RaftServer{2}{role=FOLLOWER} - Committed entries up to index 52
02:49:56.781 [raft-server-2] TRACE i.a.p.raft.roles.FollowerRole - RaftServer{2}{role=FOLLOWER} - Sending AppendResponse{status=OK, term=1, succeeded=true, lastLogIndex=53}
02:49:56.781 [raft-server-1] TRACE i.a.p.raft.roles.LeaderAppender - RaftServer{1} - Received AppendResponse{status=OK, term=1, succeeded=true, lastLogIndex=53} from 3
02:49:56.781 [raft-server-1] TRACE i.a.p.raft.roles.LeaderAppender - RaftServer{1} - Committed entries up to 53
02:49:56.781 [raft-server-3-state] TRACE i.a.p.raft.impl.RaftServiceManager - RaftServer{3} - Applying Indexed{index=52, entry=CommandEntry{term=1, timestamp=2018-06-09 02:49:56,631, session=2, sequence=44, operation=PrimitiveOperation{id=DefaultOperationId{id=write, type=COMMAND}, value=byte[]{length=17, hash=-1644578928}}}}
02:49:56.781 [raft-server-2-state] TRACE i.a.p.raft.impl.RaftServiceManager - RaftServer{2} - Applying Indexed{index=52, entry=CommandEntry{term=1, timestamp=2018-06-09 02:49:56,631, session=2, sequence=44, operation=PrimitiveOperation{id=DefaultOperationId{id=write, type=COMMAND}, value=byte[]{length=17, hash=-1644578928}}}}
02:49:56.781 [raft-server-3-state] TRACE i.a.p.s.impl.DefaultServiceExecutor - PrimitiveService{2}{type=io.atomix.protocols.raft.RaftTest$TestPrimitiveType@2669790c, name=raft-test} - Executing DefaultCommit{index=52, session=RaftSession{RaftServiceContext{server=3, type=io.atomix.protocols.raft.RaftTest$TestPrimitiveType@2669790c, name=raft-test, id=2}, session=2, timestamp=2018-06-09 02:49:56,631}, time=2018-06-09 02:49:56,631, operation=DefaultOperationId{id=write, type=COMMAND}, value=byte[]{length=17, hash=-1644578928}}
02:49:56.781 [raft-server-2-state] TRACE i.a.p.s.impl.DefaultServiceExecutor - PrimitiveService{2}{type=io.atomix.protocols.raft.RaftTest$TestPrimitiveType@10ad7eb5, name=raft-test} - Executing DefaultCommit{index=52, session=RaftSession{RaftServiceContext{server=2, type=io.atomix.protocols.raft.RaftTest$TestPrimitiveType@10ad7eb5, name=raft-test, id=2}, session=2, timestamp=2018-06-09 02:49:56,631}, time=2018-06-09 02:49:56,631, operation=DefaultOperationId{id=write, type=COMMAND}, value=byte[]{length=17, hash=-1644578928}}
02:49:56.873 [raft-server-1] TRACE i.a.p.raft.roles.LeaderAppender - RaftServer{1} - Received AppendResponse{status=OK, term=1, succeeded=true, lastLogIndex=53} from 2
02:49:56.873 [raft-server-1] TRACE i.a.p.raft.roles.LeaderAppender - RaftServer{1} - Sending AppendRequest{term=1, leader=1, prevLogIndex=53, prevLogTerm=1, entries=0, commitIndex=53} to 3
02:49:56.873 [raft-server-1] TRACE i.a.p.raft.roles.LeaderAppender - RaftServer{1} - Sending AppendRequest{term=1, leader=1, prevLogIndex=53, prevLogTerm=1, entries=0, commitIndex=53} to 2
02:49:56.874 [raft-server-3] TRACE i.a.p.raft.roles.FollowerRole - RaftServer{3}{role=FOLLOWER} - Received AppendRequest{term=1, leader=1, prevLogIndex=53, prevLogTerm=1, entries=0, commitIndex=53}
02:49:56.874 [raft-server-2] TRACE i.a.p.raft.roles.FollowerRole - RaftServer{2}{role=FOLLOWER} - Received AppendRequest{term=1, leader=1, prevLogIndex=53, prevLogTerm=1, entries=0, commitIndex=53}
02:49:56.874 [raft-server-1-state] TRACE i.a.p.raft.impl.RaftServiceManager - RaftServer{1} - Applying Indexed{index=53, entry=CommandEntry{term=1, timestamp=2018-06-09 02:49:56,707, session=2, sequence=45, operation=PrimitiveOperation{id=DefaultOperationId{id=write, type=COMMAND}, value=byte[]{length=17, hash=-1644578928}}}}
02:49:56.874 [raft-server-1-state] TRACE i.a.p.s.impl.DefaultServiceExecutor - PrimitiveService{2}{type=io.atomix.protocols.raft.RaftTest$TestPrimitiveType@2df83e7, name=raft-test} - Executing DefaultCommit{index=53, session=RaftSession{RaftServiceContext{server=1, type=io.atomix.protocols.raft.RaftTest$TestPrimitiveType@2df83e7, name=raft-test, id=2}, session=2, timestamp=2018-06-09 02:49:56,707}, time=2018-06-09 02:49:56,707, operation=DefaultOperationId{id=write, type=COMMAND}, value=byte[]{length=17, hash=-1644578928}}
02:49:56.874 [raft-server-1-state] TRACE i.a.protocols.raft.roles.LeaderRole - RaftServer{1}{role=LEADER} - Sending CommandResponse{status=OK, index=53, eventIndex=2, result=byte[]{length=2, hash=1346}}
02:49:56.940 [raft-server-3] TRACE i.a.p.raft.roles.FollowerRole - RaftServer{3}{role=FOLLOWER} - Committed entries up to index 53
02:49:56.940 [raft-server-3] TRACE i.a.p.raft.roles.FollowerRole - RaftServer{3}{role=FOLLOWER} - Sending AppendResponse{status=OK, term=1, succeeded=true, lastLogIndex=53}
02:49:56.940 [raft-server-1] TRACE i.a.p.raft.roles.LeaderAppender - RaftServer{1} - Received AppendResponse{status=OK, term=1, succeeded=true, lastLogIndex=53} from 3
02:49:56.940 [raft-server-1] TRACE i.a.p.raft.roles.LeaderAppender - RaftServer{1} - Sending AppendRequest{term=1, leader=1, prevLogIndex=53, prevLogTerm=1, entries=0, commitIndex=53} to 3
02:49:56.940 [raft-server-3-state] TRACE i.a.p.raft.impl.RaftServiceManager - RaftServer{3} - Applying Indexed{index=53, entry=CommandEntry{term=1, timestamp=2018-06-09 02:49:56,707, session=2, sequence=45, operation=PrimitiveOperation{id=DefaultOperationId{id=write, type=COMMAND}, value=byte[]{length=17, hash=-1644578928}}}}
02:49:56.940 [raft-server-3-state] TRACE i.a.p.s.impl.DefaultServiceExecutor - PrimitiveService{2}{type=io.atomix.protocols.raft.RaftTest$TestPrimitiveType@2669790c, name=raft-test} - Executing DefaultCommit{index=53, session=RaftSession{RaftServiceContext{server=3, type=io.atomix.protocols.raft.RaftTest$TestPrimitiveType@2669790c, name=raft-test, id=2}, session=2, timestamp=2018-06-09 02:49:56,707}, time=2018-06-09 02:49:56,707, operation=DefaultOperationId{id=write, type=COMMAND}, value=byte[]{length=17, hash=-1644578928}}
02:49:56.940 [raft-server-3] TRACE i.a.p.raft.roles.FollowerRole - RaftServer{3}{role=FOLLOWER} - Received AppendRequest{term=1, leader=1, prevLogIndex=53, prevLogTerm=1, entries=0, commitIndex=53}
02:49:56.940 [raft-server-3] TRACE i.a.p.raft.roles.FollowerRole - RaftServer{3}{role=FOLLOWER} - Sending AppendResponse{status=OK, term=1, succeeded=true, lastLogIndex=53}
02:49:56.940 [raft-server-1] TRACE i.a.p.raft.roles.LeaderAppender - RaftServer{1} - Received AppendResponse{status=OK, term=1, succeeded=true, lastLogIndex=53} from 3
02:49:56.972 [raft-server-2] TRACE i.a.p.raft.roles.FollowerRole - RaftServer{2}{role=FOLLOWER} - Committed entries up to index 53
02:49:56.972 [raft-server-2] TRACE i.a.p.raft.roles.FollowerRole - RaftServer{2}{role=FOLLOWER} - Sending AppendResponse{status=OK, term=1, succeeded=true, lastLogIndex=53}
02:49:56.972 [raft-server-1] TRACE i.a.p.raft.roles.LeaderAppender - RaftServer{1} - Received AppendResponse{status=OK, term=1, succeeded=true, lastLogIndex=53} from 2
02:49:56.972 [raft-server-2] TRACE i.a.p.raft.roles.FollowerRole - RaftServer{2}{role=FOLLOWER} - Sending CommandResponse{status=OK, index=53, eventIndex=2, result=byte[]{length=2, hash=1346}}
02:49:56.973 [raft-client-86eccf48-f731-4463-9ff4-1338804a1578-4] TRACE i.a.p.r.p.impl.RaftProxyConnection - SessionClient{2}{type=io.atomix.protocols.raft.RaftTest$TestPrimitiveType@35bfa1bb, name=raft-test} - Received CommandResponse{status=OK, index=53, eventIndex=2, result=byte[]{length=2, hash=1346}} from 2
02:49:56.973 [raft-server-2-state] TRACE i.a.p.raft.impl.RaftServiceManager - RaftServer{2} - Applying Indexed{index=53, entry=CommandEntry{term=1, timestamp=2018-06-09 02:49:56,707, session=2, sequence=45, operation=PrimitiveOperation{id=DefaultOperationId{id=write, type=COMMAND}, value=byte[]{length=17, hash=-1644578928}}}}
02:49:56.973 [raft-client-86eccf48-f731-4463-9ff4-1338804a1578-4] TRACE i.a.p.r.p.impl.RaftProxySequencer - SessionClient{2}{type=io.atomix.protocols.raft.RaftTest$TestPrimitiveType@35bfa1bb, name=raft-test} - Completing response CommandResponse{status=OK, index=53, eventIndex=2, result=byte[]{length=2, hash=1346}}
02:49:56.973 [raft-server-2-state] TRACE i.a.p.s.impl.DefaultServiceExecutor - PrimitiveService{2}{type=io.atomix.protocols.raft.RaftTest$TestPrimitiveType@10ad7eb5, name=raft-test} - Executing DefaultCommit{index=53, session=RaftSession{RaftServiceContext{server=2, type=io.atomix.protocols.raft.RaftTest$TestPrimitiveType@10ad7eb5, name=raft-test, id=2}, session=2, timestamp=2018-06-09 02:49:56,707}, time=2018-06-09 02:49:56,707, operation=DefaultOperationId{id=write, type=COMMAND}, value=byte[]{length=17, hash=-1644578928}}
02:49:56.973 [raft-client-86eccf48-f731-4463-9ff4-1338804a1578-7] TRACE i.a.p.r.p.impl.RaftProxyConnection - SessionClient{2}{type=io.atomix.protocols.raft.RaftTest$TestPrimitiveType@35bfa1bb, name=raft-test} - Sending CommandRequest{session=2, sequence=46, operation=PrimitiveOperation{id=DefaultOperationId{id=write, type=COMMAND}, value=byte[]{length=17, hash=-1644578928}}} to 2
02:49:56.973 [raft-server-2] TRACE i.a.p.raft.roles.FollowerRole - RaftServer{2}{role=FOLLOWER} - Received CommandRequest{session=2, sequence=46, operation=PrimitiveOperation{id=DefaultOperationId{id=write, type=COMMAND}, value=byte[]{length=17, hash=-1644578928}}}
02:49:56.973 [raft-server-1] TRACE i.a.protocols.raft.roles.LeaderRole - RaftServer{1}{role=LEADER} - Received CommandRequest{session=2, sequence=46, operation=PrimitiveOperation{id=DefaultOperationId{id=write, type=COMMAND}, value=byte[]{length=17, hash=-1644578928}}}
02:49:56.974 [raft-server-1] TRACE i.a.protocols.raft.roles.LeaderRole - RaftServer{1}{role=LEADER} - Appended Indexed{index=54, entry=CommandEntry{term=1, timestamp=2018-06-09 02:49:56,973, session=2, sequence=46, operation=PrimitiveOperation{id=DefaultOperationId{id=write, type=COMMAND}, value=byte[]{length=17, hash=-1644578928}}}}
02:49:56.974 [raft-server-1] TRACE i.a.p.raft.roles.LeaderAppender - RaftServer{1} - Sending AppendRequest{term=1, leader=1, prevLogIndex=53, prevLogTerm=1, entries=1, commitIndex=53} to 3
02:49:56.974 [raft-server-3] TRACE i.a.p.raft.roles.FollowerRole - RaftServer{3}{role=FOLLOWER} - Received AppendRequest{term=1, leader=1, prevLogIndex=53, prevLogTerm=1, entries=1, commitIndex=53}
02:49:56.974 [raft-server-1] TRACE i.a.p.raft.roles.LeaderAppender - RaftServer{1} - Sending AppendRequest{term=1, leader=1, prevLogIndex=53, prevLogTerm=1, entries=1, commitIndex=53} to 2
02:49:56.974 [raft-server-2] TRACE i.a.p.raft.roles.FollowerRole - RaftServer{2}{role=FOLLOWER} - Received AppendRequest{term=1, leader=1, prevLogIndex=53, prevLogTerm=1, entries=1, commitIndex=53}
02:49:56.974 [raft-server-3] TRACE i.a.p.raft.roles.FollowerRole - RaftServer{3}{role=FOLLOWER} - Appended Indexed{index=54, entry=CommandEntry{term=1, timestamp=2018-06-09 02:49:56,973, session=2, sequence=46, operation=PrimitiveOperation{id=DefaultOperationId{id=write, type=COMMAND}, value=byte[]{length=17, hash=-1644578928}}}}
02:49:56.974 [raft-server-3] TRACE i.a.p.raft.roles.FollowerRole - RaftServer{3}{role=FOLLOWER} - Sending AppendResponse{status=OK, term=1, succeeded=true, lastLogIndex=54}
02:49:56.974 [raft-server-2] TRACE i.a.p.raft.roles.FollowerRole - RaftServer{2}{role=FOLLOWER} - Appended Indexed{index=54, entry=CommandEntry{term=1, timestamp=2018-06-09 02:49:56,973, session=2, sequence=46, operation=PrimitiveOperation{id=DefaultOperationId{id=write, type=COMMAND}, value=byte[]{length=17, hash=-1644578928}}}}
02:49:56.974 [raft-server-2] TRACE i.a.p.raft.roles.FollowerRole - RaftServer{2}{role=FOLLOWER} - Sending AppendResponse{status=OK, term=1, succeeded=true, lastLogIndex=54}
02:49:56.974 [raft-server-1] TRACE i.a.p.raft.roles.LeaderAppender - RaftServer{1} - Received AppendResponse{status=OK, term=1, succeeded=true, lastLogIndex=54} from 3
02:49:56.974 [raft-server-1] TRACE i.a.p.raft.roles.LeaderAppender - RaftServer{1} - Committed entries up to 54
02:49:57.049 [raft-server-1] TRACE i.a.p.raft.roles.LeaderAppender - RaftServer{1} - Received AppendResponse{status=OK, term=1, succeeded=true, lastLogIndex=54} from 2
02:49:57.049 [raft-server-1-state] TRACE i.a.p.raft.impl.RaftServiceManager - RaftServer{1} - Applying Indexed{index=54, entry=CommandEntry{term=1, timestamp=2018-06-09 02:49:56,973, session=2, sequence=46, operation=PrimitiveOperation{id=DefaultOperationId{id=write, type=COMMAND}, value=byte[]{length=17, hash=-1644578928}}}}
02:49:57.049 [raft-server-1-state] TRACE i.a.p.s.impl.DefaultServiceExecutor - PrimitiveService{2}{type=io.atomix.protocols.raft.RaftTest$TestPrimitiveType@2df83e7, name=raft-test} - Executing DefaultCommit{index=54, session=RaftSession{RaftServiceContext{server=1, type=io.atomix.protocols.raft.RaftTest$TestPrimitiveType@2df83e7, name=raft-test, id=2}, session=2, timestamp=2018-06-09 02:49:56,973}, time=2018-06-09 02:49:56,973, operation=DefaultOperationId{id=write, type=COMMAND}, value=byte[]{length=17, hash=-1644578928}}
02:49:57.049 [raft-server-1-state] TRACE i.a.protocols.raft.roles.LeaderRole - RaftServer{1}{role=LEADER} - Sending CommandResponse{status=OK, index=54, eventIndex=2, result=byte[]{length=2, hash=1348}}
02:49:57.049 [raft-server-2] TRACE i.a.p.raft.roles.FollowerRole - RaftServer{2}{role=FOLLOWER} - Sending CommandResponse{status=OK, index=54, eventIndex=2, result=byte[]{length=2, hash=1348}}
02:49:57.049 [raft-client-86eccf48-f731-4463-9ff4-1338804a1578-2] TRACE i.a.p.r.p.impl.RaftProxyConnection - SessionClient{2}{type=io.atomix.protocols.raft.RaftTest$TestPrimitiveType@35bfa1bb, name=raft-test} - Received CommandResponse{status=OK, index=54, eventIndex=2, result=byte[]{length=2, hash=1348}} from 2
02:49:57.049 [raft-client-86eccf48-f731-4463-9ff4-1338804a1578-2] TRACE i.a.p.r.p.impl.RaftProxySequencer - SessionClient{2}{type=io.atomix.protocols.raft.RaftTest$TestPrimitiveType@35bfa1bb, name=raft-test} - Completing response CommandResponse{status=OK, index=54, eventIndex=2, result=byte[]{length=2, hash=1348}}
02:49:57.050 [raft-client-86eccf48-f731-4463-9ff4-1338804a1578-5] TRACE i.a.p.r.p.impl.RaftProxyConnection - SessionClient{2}{type=io.atomix.protocols.raft.RaftTest$TestPrimitiveType@35bfa1bb, name=raft-test} - Sending CommandRequest{session=2, sequence=47, operation=PrimitiveOperation{id=DefaultOperationId{id=write, type=COMMAND}, value=byte[]{length=17, hash=-1644578928}}} to 2
02:49:57.050 [raft-server-2] TRACE i.a.p.raft.roles.FollowerRole - RaftServer{2}{role=FOLLOWER} - Received CommandRequest{session=2, sequence=47, operation=PrimitiveOperation{id=DefaultOperationId{id=write, type=COMMAND}, value=byte[]{length=17, hash=-1644578928}}}
02:49:57.050 [raft-server-1] TRACE i.a.protocols.raft.roles.LeaderRole - RaftServer{1}{role=LEADER} - Received CommandRequest{session=2, sequence=47, operation=PrimitiveOperation{id=DefaultOperationId{id=write, type=COMMAND}, value=byte[]{length=17, hash=-1644578928}}}
02:49:57.050 [raft-server-1] TRACE i.a.protocols.raft.roles.LeaderRole - RaftServer{1}{role=LEADER} - Appended Indexed{index=55, entry=CommandEntry{term=1, timestamp=2018-06-09 02:49:57,050, session=2, sequence=47, operation=PrimitiveOperation{id=DefaultOperationId{id=write, type=COMMAND}, value=byte[]{length=17, hash=-1644578928}}}}
02:49:57.050 [raft-server-1] TRACE i.a.p.raft.roles.LeaderAppender - RaftServer{1} - Sending AppendRequest{term=1, leader=1, prevLogIndex=54, prevLogTerm=1, entries=1, commitIndex=54} to 3
02:49:57.050 [raft-server-3] TRACE i.a.p.raft.roles.FollowerRole - RaftServer{3}{role=FOLLOWER} - Received AppendRequest{term=1, leader=1, prevLogIndex=54, prevLogTerm=1, entries=1, commitIndex=54}
02:49:57.050 [raft-server-1] TRACE i.a.p.raft.roles.LeaderAppender - RaftServer{1} - Sending AppendRequest{term=1, leader=1, prevLogIndex=54, prevLogTerm=1, entries=1, commitIndex=54} to 2
02:49:57.051 [raft-server-3] TRACE i.a.p.raft.roles.FollowerRole - RaftServer{3}{role=FOLLOWER} - Appended Indexed{index=55, entry=CommandEntry{term=1, timestamp=2018-06-09 02:49:57,050, session=2, sequence=47, operation=PrimitiveOperation{id=DefaultOperationId{id=write, type=COMMAND}, value=byte[]{length=17, hash=-1644578928}}}}
02:49:57.051 [raft-server-2] TRACE i.a.p.raft.roles.FollowerRole - RaftServer{2}{role=FOLLOWER} - Received AppendRequest{term=1, leader=1, prevLogIndex=54, prevLogTerm=1, entries=1, commitIndex=54}
02:49:57.051 [raft-server-2] TRACE i.a.p.raft.roles.FollowerRole - RaftServer{2}{role=FOLLOWER} - Appended Indexed{index=55, entry=CommandEntry{term=1, timestamp=2018-06-09 02:49:57,050, session=2, sequence=47, operation=PrimitiveOperation{id=DefaultOperationId{id=write, type=COMMAND}, value=byte[]{length=17, hash=-1644578928}}}}
02:49:57.061 [raft-client-86eccf48-f731-4463-9ff4-1338804a1578-6] TRACE i.a.p.r.proxy.impl.RaftProxyManager - RaftClient{86eccf48-f731-4463-9ff4-1338804a1578} - Keeping 1 sessions alive
02:49:57.061 [raft-client-86eccf48-f731-4463-9ff4-1338804a1578-6] TRACE i.a.p.r.p.impl.RaftProxyConnection - RaftClient{86eccf48-f731-4463-9ff4-1338804a1578} - Sending KeepAliveRequest{sessionIds=long[]{length=1, hash=33}, commandSequences=long[]{length=1, hash=77}, eventIndexes=long[]{length=1, hash=33}} to 3
02:49:57.156 [raft-server-3] TRACE i.a.p.raft.roles.FollowerRole - RaftServer{3}{role=FOLLOWER} - Committed entries up to index 54
02:49:57.156 [raft-server-2] TRACE i.a.p.raft.roles.FollowerRole - RaftServer{2}{role=FOLLOWER} - Committed entries up to index 54
02:49:57.157 [raft-server-3] TRACE i.a.p.raft.roles.FollowerRole - RaftServer{3}{role=FOLLOWER} - Sending AppendResponse{status=OK, term=1, succeeded=true, lastLogIndex=55}
02:49:57.157 [raft-server-2] TRACE i.a.p.raft.roles.FollowerRole - RaftServer{2}{role=FOLLOWER} - Sending AppendResponse{status=OK, term=1, succeeded=true, lastLogIndex=55}
02:49:57.157 [raft-server-3] TRACE i.a.p.raft.roles.FollowerRole - RaftServer{3}{role=FOLLOWER} - Received KeepAliveRequest{sessionIds=long[]{length=1, hash=33}, commandSequences=long[]{length=1, hash=77}, eventIndexes=long[]{length=1, hash=33}}
02:49:57.157 [raft-server-1] TRACE i.a.p.raft.roles.LeaderAppender - RaftServer{1} - Received AppendResponse{status=OK, term=1, succeeded=true, lastLogIndex=55} from 3
02:49:57.157 [raft-server-2-state] TRACE i.a.p.raft.impl.RaftServiceManager - RaftServer{2} - Applying Indexed{index=54, entry=CommandEntry{term=1, timestamp=2018-06-09 02:49:56,973, session=2, sequence=46, operation=PrimitiveOperation{id=DefaultOperationId{id=write, type=COMMAND}, value=byte[]{length=17, hash=-1644578928}}}}
02:49:57.157 [raft-server-1] TRACE i.a.p.raft.roles.LeaderAppender - RaftServer{1} - Committed entries up to 55
02:49:57.157 [raft-server-3-state] TRACE i.a.p.raft.impl.RaftServiceManager - RaftServer{3} - Applying Indexed{index=54, entry=CommandEntry{term=1, timestamp=2018-06-09 02:49:56,973, session=2, sequence=46, operation=PrimitiveOperation{id=DefaultOperationId{id=write, type=COMMAND}, value=byte[]{length=17, hash=-1644578928}}}}
02:49:57.157 [raft-server-2-state] TRACE i.a.p.s.impl.DefaultServiceExecutor - PrimitiveService{2}{type=io.atomix.protocols.raft.RaftTest$TestPrimitiveType@10ad7eb5, name=raft-test} - Executing DefaultCommit{index=54, session=RaftSession{RaftServiceContext{server=2, type=io.atomix.protocols.raft.RaftTest$TestPrimitiveType@10ad7eb5, name=raft-test, id=2}, session=2, timestamp=2018-06-09 02:49:56,973}, time=2018-06-09 02:49:56,973, operation=DefaultOperationId{id=write, type=COMMAND}, value=byte[]{length=17, hash=-1644578928}}
02:49:57.157 [raft-server-3-state] TRACE i.a.p.s.impl.DefaultServiceExecutor - PrimitiveService{2}{type=io.atomix.protocols.raft.RaftTest$TestPrimitiveType@2669790c, name=raft-test} - Executing DefaultCommit{index=54, session=RaftSession{RaftServiceContext{server=3, type=io.atomix.protocols.raft.RaftTest$TestPrimitiveType@2669790c, name=raft-test, id=2}, session=2, timestamp=2018-06-09 02:49:56,973}, time=2018-06-09 02:49:56,973, operation=DefaultOperationId{id=write, type=COMMAND}, value=byte[]{length=17, hash=-1644578928}}
02:49:57.297 [raft-server-1] TRACE i.a.p.raft.roles.LeaderAppender - RaftServer{1} - Sending AppendRequest{term=1, leader=1, prevLogIndex=55, prevLogTerm=1, entries=0, commitIndex=55} to 3
02:49:57.297 [raft-server-1] TRACE i.a.p.raft.roles.LeaderAppender - RaftServer{1} - Received AppendResponse{status=OK, term=1, succeeded=true, lastLogIndex=55} from 2
02:49:57.297 [raft-server-3] TRACE i.a.p.raft.roles.FollowerRole - RaftServer{3}{role=FOLLOWER} - Received AppendRequest{term=1, leader=1, prevLogIndex=55, prevLogTerm=1, entries=0, commitIndex=55}
02:49:57.297 [raft-server-1] TRACE i.a.p.raft.roles.LeaderAppender - RaftServer{1} - Sending AppendRequest{term=1, leader=1, prevLogIndex=55, prevLogTerm=1, entries=0, commitIndex=55} to 2
02:49:57.297 [raft-server-1] TRACE i.a.protocols.raft.roles.LeaderRole - RaftServer{1}{role=LEADER} - Received KeepAliveRequest{sessionIds=long[]{length=1, hash=33}, commandSequences=long[]{length=1, hash=77}, eventIndexes=long[]{length=1, hash=33}}
02:49:57.297 [raft-server-2] TRACE i.a.p.raft.roles.FollowerRole - RaftServer{2}{role=FOLLOWER} - Received AppendRequest{term=1, leader=1, prevLogIndex=55, prevLogTerm=1, entries=0, commitIndex=55}
02:49:57.298 [raft-server-1] TRACE i.a.protocols.raft.roles.LeaderRole - RaftServer{1}{role=LEADER} - Appended Indexed{index=56, entry=KeepAliveEntry{term=1, timestamp=2018-06-09 02:49:57,297, sessionIds=long[]{length=1, hash=33}, commandSequences=long[]{length=1, hash=77}, eventIndexes=long[]{length=1, hash=33}}}
02:49:57.298 [raft-server-1-state] TRACE i.a.p.raft.impl.RaftServiceManager - RaftServer{1} - Applying Indexed{index=55, entry=CommandEntry{term=1, timestamp=2018-06-09 02:49:57,050, session=2, sequence=47, operation=PrimitiveOperation{id=DefaultOperationId{id=write, type=COMMAND}, value=byte[]{length=17, hash=-1644578928}}}}
02:49:57.298 [raft-server-1-state] TRACE i.a.p.s.impl.DefaultServiceExecutor - PrimitiveService{2}{type=io.atomix.protocols.raft.RaftTest$TestPrimitiveType@2df83e7, name=raft-test} - Executing DefaultCommit{index=55, session=RaftSession{RaftServiceContext{server=1, type=io.atomix.protocols.raft.RaftTest$TestPrimitiveType@2df83e7, name=raft-test, id=2}, session=2, timestamp=2018-06-09 02:49:57,050}, time=2018-06-09 02:49:57,050, operation=DefaultOperationId{id=write, type=COMMAND}, value=byte[]{length=17, hash=-1644578928}}
02:49:57.298 [raft-server-1-state] TRACE i.a.protocols.raft.roles.LeaderRole - RaftServer{1}{role=LEADER} - Sending CommandResponse{status=OK, index=55, eventIndex=2, result=byte[]{length=2, hash=1350}}
02:49:57.348 [raft-server-1] TRACE i.a.p.raft.roles.LeaderAppender - RaftServer{1} - Sending AppendRequest{term=1, leader=1, prevLogIndex=55, prevLogTerm=1, entries=1, commitIndex=55} to 3
02:49:57.389 [raft-server-3] TRACE i.a.p.raft.roles.FollowerRole - RaftServer{3}{role=FOLLOWER} - Committed entries up to index 55
02:49:57.389 [raft-server-3] TRACE i.a.p.raft.roles.FollowerRole - RaftServer{3}{role=FOLLOWER} - Sending AppendResponse{status=OK, term=1, succeeded=true, lastLogIndex=55}
02:49:57.389 [raft-server-1] TRACE i.a.p.raft.roles.LeaderAppender - RaftServer{1} - Received AppendResponse{status=OK, term=1, succeeded=true, lastLogIndex=55} from 3
02:49:57.389 [raft-server-3] TRACE i.a.p.raft.roles.FollowerRole - RaftServer{3}{role=FOLLOWER} - Received AppendRequest{term=1, leader=1, prevLogIndex=55, prevLogTerm=1, entries=1, commitIndex=55}
02:49:57.389 [raft-server-1] TRACE i.a.p.raft.roles.LeaderAppender - RaftServer{1} - Sending AppendRequest{term=1, leader=1, prevLogIndex=55, prevLogTerm=1, entries=1, commitIndex=55} to 2
02:49:57.389 [raft-server-3] TRACE i.a.p.raft.roles.FollowerRole - RaftServer{3}{role=FOLLOWER} - Appended Indexed{index=56, entry=KeepAliveEntry{term=1, timestamp=2018-06-09 02:49:57,297, sessionIds=long[]{length=1, hash=33}, commandSequences=long[]{length=1, hash=77}, eventIndexes=long[]{length=1, hash=33}}}
02:49:57.389 [raft-server-3] TRACE i.a.p.raft.roles.FollowerRole - RaftServer{3}{role=FOLLOWER} - Sending AppendResponse{status=OK, term=1, succeeded=true, lastLogIndex=56}
02:49:57.389 [raft-server-1] TRACE i.a.p.raft.roles.LeaderAppender - RaftServer{1} - Received AppendResponse{status=OK, term=1, succeeded=true, lastLogIndex=56} from 3
02:49:57.389 [raft-server-1] TRACE i.a.p.raft.roles.LeaderAppender - RaftServer{1} - Committed entries up to 56
02:49:57.389 [raft-server-3-state] TRACE i.a.p.raft.impl.RaftServiceManager - RaftServer{3} - Applying Indexed{index=55, entry=CommandEntry{term=1, timestamp=2018-06-09 02:49:57,050, session=2, sequence=47, operation=PrimitiveOperation{id=DefaultOperationId{id=write, type=COMMAND}, value=byte[]{length=17, hash=-1644578928}}}}
02:49:57.389 [raft-server-3-state] TRACE i.a.p.s.impl.DefaultServiceExecutor - PrimitiveService{2}{type=io.atomix.protocols.raft.RaftTest$TestPrimitiveType@2669790c, name=raft-test} - Executing DefaultCommit{index=55, session=RaftSession{RaftServiceContext{server=3, type=io.atomix.protocols.raft.RaftTest$TestPrimitiveType@2669790c, name=raft-test, id=2}, session=2, timestamp=2018-06-09 02:49:57,050}, time=2018-06-09 02:49:57,050, operation=DefaultOperationId{id=write, type=COMMAND}, value=byte[]{length=17, hash=-1644578928}}
02:49:57.456 [raft-server-2] TRACE i.a.p.raft.roles.FollowerRole - RaftServer{2}{role=FOLLOWER} - Committed entries up to index 55
02:49:57.456 [raft-server-2] TRACE i.a.p.raft.roles.FollowerRole - RaftServer{2}{role=FOLLOWER} - Sending AppendResponse{status=OK, term=1, succeeded=true, lastLogIndex=55}
02:49:57.456 [raft-server-2] TRACE i.a.p.raft.roles.FollowerRole - RaftServer{2}{role=FOLLOWER} - Sending CommandResponse{status=OK, index=55, eventIndex=2, result=byte[]{length=2, hash=1350}}
02:49:57.456 [raft-server-2] TRACE i.a.p.raft.roles.FollowerRole - RaftServer{2}{role=FOLLOWER} - Received AppendRequest{term=1, leader=1, prevLogIndex=55, prevLogTerm=1, entries=1, commitIndex=55}
02:49:57.456 [raft-client-86eccf48-f731-4463-9ff4-1338804a1578-0] TRACE i.a.p.r.p.impl.RaftProxyConnection - SessionClient{2}{type=io.atomix.protocols.raft.RaftTest$TestPrimitiveType@35bfa1bb, name=raft-test} - Received CommandResponse{status=OK, index=55, eventIndex=2, result=byte[]{length=2, hash=1350}} from 2
02:49:57.456 [raft-client-86eccf48-f731-4463-9ff4-1338804a1578-0] TRACE i.a.p.r.p.impl.RaftProxySequencer - SessionClient{2}{type=io.atomix.protocols.raft.RaftTest$TestPrimitiveType@35bfa1bb, name=raft-test} - Completing response CommandResponse{status=OK, index=55, eventIndex=2, result=byte[]{length=2, hash=1350}}
02:49:57.456 [raft-server-2] TRACE i.a.p.raft.roles.FollowerRole - RaftServer{2}{role=FOLLOWER} - Appended Indexed{index=56, entry=KeepAliveEntry{term=1, timestamp=2018-06-09 02:49:57,297, sessionIds=long[]{length=1, hash=33}, commandSequences=long[]{length=1, hash=77}, eventIndexes=long[]{length=1, hash=33}}}
02:49:57.457 [raft-server-2] TRACE i.a.p.raft.roles.FollowerRole - RaftServer{2}{role=FOLLOWER} - Sending AppendResponse{status=OK, term=1, succeeded=true, lastLogIndex=56}
02:49:57.457 [raft-client-86eccf48-f731-4463-9ff4-1338804a1578-5] TRACE i.a.p.r.p.impl.RaftProxyConnection - SessionClient{2}{type=io.atomix.protocols.raft.RaftTest$TestPrimitiveType@35bfa1bb, name=raft-test} - Sending CommandRequest{session=2, sequence=48, operation=PrimitiveOperation{id=DefaultOperationId{id=write, type=COMMAND}, value=byte[]{length=17, hash=-1644578928}}} to 2
02:49:57.457 [raft-server-2-state] TRACE i.a.p.raft.impl.RaftServiceManager - RaftServer{2} - Applying Indexed{index=55, entry=CommandEntry{term=1, timestamp=2018-06-09 02:49:57,050, session=2, sequence=47, operation=PrimitiveOperation{id=DefaultOperationId{id=write, type=COMMAND}, value=byte[]{length=17, hash=-1644578928}}}}
02:49:57.457 [raft-server-2] TRACE i.a.p.raft.roles.FollowerRole - RaftServer{2}{role=FOLLOWER} - Received CommandRequest{session=2, sequence=48, operation=PrimitiveOperation{id=DefaultOperationId{id=write, type=COMMAND}, value=byte[]{length=17, hash=-1644578928}}}
02:49:57.457 [raft-server-2-state] TRACE i.a.p.s.impl.DefaultServiceExecutor - PrimitiveService{2}{type=io.atomix.protocols.raft.RaftTest$TestPrimitiveType@10ad7eb5, name=raft-test} - Executing DefaultCommit{index=55, session=RaftSession{RaftServiceContext{server=2, type=io.atomix.protocols.raft.RaftTest$TestPrimitiveType@10ad7eb5, name=raft-test, id=2}, session=2, timestamp=2018-06-09 02:49:57,050}, time=2018-06-09 02:49:57,050, operation=DefaultOperationId{id=write, type=COMMAND}, value=byte[]{length=17, hash=-1644578928}}
02:49:57.523 [raft-server-1] TRACE i.a.p.raft.roles.LeaderAppender - RaftServer{1} - Sending AppendRequest{term=1, leader=1, prevLogIndex=56, prevLogTerm=1, entries=0, commitIndex=56} to 3
02:49:57.523 [raft-server-1] TRACE i.a.p.raft.roles.LeaderAppender - RaftServer{1} - Received AppendResponse{status=OK, term=1, succeeded=true, lastLogIndex=55} from 2
02:49:57.523 [raft-server-3] TRACE i.a.p.raft.roles.FollowerRole - RaftServer{3}{role=FOLLOWER} - Received AppendRequest{term=1, leader=1, prevLogIndex=56, prevLogTerm=1, entries=0, commitIndex=56}
02:49:57.523 [raft-server-1] TRACE i.a.p.raft.roles.LeaderAppender - RaftServer{1} - Received AppendResponse{status=OK, term=1, succeeded=true, lastLogIndex=56} from 2
02:49:57.523 [raft-server-1] TRACE i.a.protocols.raft.roles.LeaderRole - RaftServer{1}{role=LEADER} - Received CommandRequest{session=2, sequence=48, operation=PrimitiveOperation{id=DefaultOperationId{id=write, type=COMMAND}, value=byte[]{length=17, hash=-1644578928}}}
02:49:57.523 [raft-server-1] TRACE i.a.protocols.raft.roles.LeaderRole - RaftServer{1}{role=LEADER} - Appended Indexed{index=57, entry=CommandEntry{term=1, timestamp=2018-06-09 02:49:57,523, session=2, sequence=48, operation=PrimitiveOperation{id=DefaultOperationId{id=write, type=COMMAND}, value=byte[]{length=17, hash=-1644578928}}}}
02:49:57.523 [raft-server-1-state] TRACE i.a.p.raft.impl.RaftServiceManager - RaftServer{1} - Applying Indexed{index=56, entry=KeepAliveEntry{term=1, timestamp=2018-06-09 02:49:57,297, sessionIds=long[]{length=1, hash=33}, commandSequences=long[]{length=1, hash=77}, eventIndexes=long[]{length=1, hash=33}}}
02:49:57.523 [raft-server-1] TRACE i.a.p.raft.roles.LeaderAppender - RaftServer{1} - Sending AppendRequest{term=1, leader=1, prevLogIndex=56, prevLogTerm=1, entries=1, commitIndex=56} to 2
02:49:57.524 [raft-server-2] TRACE i.a.p.raft.roles.FollowerRole - RaftServer{2}{role=FOLLOWER} - Received AppendRequest{term=1, leader=1, prevLogIndex=56, prevLogTerm=1, entries=1, commitIndex=56}
02:49:57.524 [raft-server-1] TRACE i.a.protocols.raft.roles.LeaderRole - RaftServer{1}{role=LEADER} - Sending KeepAliveResponse{status=OK, leader=1, members=[1, 3, 2], sessionIds=long[]{length=1, hash=33}}
02:49:57.524 [raft-server-2] TRACE i.a.p.raft.roles.FollowerRole - RaftServer{2}{role=FOLLOWER} - Appended Indexed{index=57, entry=CommandEntry{term=1, timestamp=2018-06-09 02:49:57,523, session=2, sequence=48, operation=PrimitiveOperation{id=DefaultOperationId{id=write, type=COMMAND}, value=byte[]{length=17, hash=-1644578928}}}}
02:49:57.598 [raft-server-1] TRACE i.a.p.raft.roles.LeaderAppender - RaftServer{1} - Sending AppendRequest{term=1, leader=1, prevLogIndex=56, prevLogTerm=1, entries=1, commitIndex=56} to 3
02:49:57.614 [raft-server-3] TRACE i.a.p.raft.roles.FollowerRole - RaftServer{3}{role=FOLLOWER} - Committed entries up to index 56
02:49:57.614 [raft-server-3] TRACE i.a.p.raft.roles.FollowerRole - RaftServer{3}{role=FOLLOWER} - Sending AppendResponse{status=OK, term=1, succeeded=true, lastLogIndex=56}
02:49:57.614 [raft-server-1] TRACE i.a.p.raft.roles.LeaderAppender - RaftServer{1} - Received AppendResponse{status=OK, term=1, succeeded=true, lastLogIndex=56} from 3
02:49:57.614 [raft-server-3] TRACE i.a.p.raft.roles.FollowerRole - RaftServer{3}{role=FOLLOWER} - Sending KeepAliveResponse{status=OK, leader=1, members=[1, 3, 2], sessionIds=long[]{length=1, hash=33}}
02:49:57.615 [raft-server-3] TRACE i.a.p.raft.roles.FollowerRole - RaftServer{3}{role=FOLLOWER} - Received AppendRequest{term=1, leader=1, prevLogIndex=56, prevLogTerm=1, entries=1, commitIndex=56}
02:49:57.615 [raft-client-86eccf48-f731-4463-9ff4-1338804a1578-1] TRACE i.a.p.r.p.impl.RaftProxyConnection - RaftClient{86eccf48-f731-4463-9ff4-1338804a1578} - Received KeepAliveResponse{status=OK, leader=1, members=[1, 3, 2], sessionIds=long[]{length=1, hash=33}} from 3
02:49:57.615 [raft-server-3] TRACE i.a.p.raft.roles.FollowerRole - RaftServer{3}{role=FOLLOWER} - Appended Indexed{index=57, entry=CommandEntry{term=1, timestamp=2018-06-09 02:49:57,523, session=2, sequence=48, operation=PrimitiveOperation{id=DefaultOperationId{id=write, type=COMMAND}, value=byte[]{length=17, hash=-1644578928}}}}
02:49:57.615 [raft-server-3] TRACE i.a.p.raft.roles.FollowerRole - RaftServer{3}{role=FOLLOWER} - Sending AppendResponse{status=OK, term=1, succeeded=true, lastLogIndex=57}
02:49:57.615 [raft-server-1] TRACE i.a.p.raft.roles.LeaderAppender - RaftServer{1} - Received AppendResponse{status=OK, term=1, succeeded=true, lastLogIndex=57} from 3
02:49:57.615 [raft-server-3-state] TRACE i.a.p.raft.impl.RaftServiceManager - RaftServer{3} - Applying Indexed{index=56, entry=KeepAliveEntry{term=1, timestamp=2018-06-09 02:49:57,297, sessionIds=long[]{length=1, hash=33}, commandSequences=long[]{length=1, hash=77}, eventIndexes=long[]{length=1, hash=33}}}
02:49:57.615 [raft-server-1] TRACE i.a.p.raft.roles.LeaderAppender - RaftServer{1} - Committed entries up to 57
02:49:57.689 [raft-server-2] TRACE i.a.p.raft.roles.FollowerRole - RaftServer{2}{role=FOLLOWER} - Committed entries up to index 56
02:49:57.689 [raft-server-2] TRACE i.a.p.raft.roles.FollowerRole - RaftServer{2}{role=FOLLOWER} - Sending AppendResponse{status=OK, term=1, succeeded=true, lastLogIndex=57}
02:49:57.689 [raft-server-2-state] TRACE i.a.p.raft.impl.RaftServiceManager - RaftServer{2} - Applying Indexed{index=56, entry=KeepAliveEntry{term=1, timestamp=2018-06-09 02:49:57,297, sessionIds=long[]{length=1, hash=33}, commandSequences=long[]{length=1, hash=77}, eventIndexes=long[]{length=1, hash=33}}}
02:49:57.764 [raft-server-1] TRACE i.a.p.raft.roles.LeaderAppender - RaftServer{1} - Sending AppendRequest{term=1, leader=1, prevLogIndex=57, prevLogTerm=1, entries=0, commitIndex=57} to 3
02:49:57.764 [raft-server-3] TRACE i.a.p.raft.roles.FollowerRole - RaftServer{3}{role=FOLLOWER} - Received AppendRequest{term=1, leader=1, prevLogIndex=57, prevLogTerm=1, entries=0, commitIndex=57}
02:49:57.764 [raft-server-1] TRACE i.a.p.raft.roles.LeaderAppender - RaftServer{1} - Received AppendResponse{status=OK, term=1, succeeded=true, lastLogIndex=57} from 2
02:49:57.764 [raft-server-1] TRACE i.a.p.raft.roles.LeaderAppender - RaftServer{1} - Sending AppendRequest{term=1, leader=1, prevLogIndex=57, prevLogTerm=1, entries=0, commitIndex=57} to 2
02:49:57.765 [raft-server-2] TRACE i.a.p.raft.roles.FollowerRole - RaftServer{2}{role=FOLLOWER} - Received AppendRequest{term=1, leader=1, prevLogIndex=57, prevLogTerm=1, entries=0, commitIndex=57}
02:49:57.765 [raft-server-1-state] TRACE i.a.p.raft.impl.RaftServiceManager - RaftServer{1} - Applying Indexed{index=57, entry=CommandEntry{term=1, timestamp=2018-06-09 02:49:57,523, session=2, sequence=48, operation=PrimitiveOperation{id=DefaultOperationId{id=write, type=COMMAND}, value=byte[]{length=17, hash=-1644578928}}}}
02:49:57.765 [raft-server-1-state] TRACE i.a.p.s.impl.DefaultServiceExecutor - PrimitiveService{2}{type=io.atomix.protocols.raft.RaftTest$TestPrimitiveType@2df83e7, name=raft-test} - Executing DefaultCommit{index=57, session=RaftSession{RaftServiceContext{server=1, type=io.atomix.protocols.raft.RaftTest$TestPrimitiveType@2df83e7, name=raft-test, id=2}, session=2, timestamp=2018-06-09 02:49:57,523}, time=2018-06-09 02:49:57,523, operation=DefaultOperationId{id=write, type=COMMAND}, value=byte[]{length=17, hash=-1644578928}}
02:49:57.765 [raft-server-1] TRACE i.a.protocols.raft.roles.LeaderRole - RaftServer{1}{role=LEADER} - Sending CommandResponse{status=OK, index=57, eventIndex=2, result=byte[]{length=2, hash=1354}}
02:49:57.806 [raft-server-3] TRACE i.a.p.raft.roles.FollowerRole - RaftServer{3}{role=FOLLOWER} - Committed entries up to index 57
02:49:57.806 [raft-server-3] TRACE i.a.p.raft.roles.FollowerRole - RaftServer{3}{role=FOLLOWER} - Sending AppendResponse{status=OK, term=1, succeeded=true, lastLogIndex=57}
02:49:57.806 [raft-server-1] TRACE i.a.p.raft.roles.LeaderAppender - RaftServer{1} - Received AppendResponse{status=OK, term=1, succeeded=true, lastLogIndex=57} from 3
02:49:57.806 [raft-server-3-state] TRACE i.a.p.raft.impl.RaftServiceManager - RaftServer{3} - Applying Indexed{index=57, entry=CommandEntry{term=1, timestamp=2018-06-09 02:49:57,523, session=2, sequence=48, operation=PrimitiveOperation{id=DefaultOperationId{id=write, type=COMMAND}, value=byte[]{length=17, hash=-1644578928}}}}
02:49:57.806 [raft-server-3-state] TRACE i.a.p.s.impl.DefaultServiceExecutor - PrimitiveService{2}{type=io.atomix.protocols.raft.RaftTest$TestPrimitiveType@2669790c, name=raft-test} - Executing DefaultCommit{index=57, session=RaftSession{RaftServiceContext{server=3, type=io.atomix.protocols.raft.RaftTest$TestPrimitiveType@2669790c, name=raft-test, id=2}, session=2, timestamp=2018-06-09 02:49:57,523}, time=2018-06-09 02:49:57,523, operation=DefaultOperationId{id=write, type=COMMAND}, value=byte[]{length=17, hash=-1644578928}}
02:49:57.848 [raft-server-1] TRACE i.a.p.raft.roles.LeaderAppender - RaftServer{1} - Sending AppendRequest{term=1, leader=1, prevLogIndex=57, prevLogTerm=1, entries=0, commitIndex=57} to 3
02:49:57.848 [raft-server-3] TRACE i.a.p.raft.roles.FollowerRole - RaftServer{3}{role=FOLLOWER} - Received AppendRequest{term=1, leader=1, prevLogIndex=57, prevLogTerm=1, entries=0, commitIndex=57}
02:49:57.848 [raft-server-3] TRACE i.a.p.raft.roles.FollowerRole - RaftServer{3}{role=FOLLOWER} - Sending AppendResponse{status=OK, term=1, succeeded=true, lastLogIndex=57}
02:49:57.849 [raft-server-1] TRACE i.a.p.raft.roles.LeaderAppender - RaftServer{1} - Received AppendResponse{status=OK, term=1, succeeded=true, lastLogIndex=57} from 3
02:49:57.849 [raft-server-1] TRACE i.a.p.raft.roles.LeaderAppender - RaftServer{1} - Sending AppendRequest{term=1, leader=1, prevLogIndex=57, prevLogTerm=1, entries=0, commitIndex=57} to 3
02:49:57.849 [raft-server-3] TRACE i.a.p.raft.roles.FollowerRole - RaftServer{3}{role=FOLLOWER} - Received AppendRequest{term=1, leader=1, prevLogIndex=57, prevLogTerm=1, entries=0, commitIndex=57}
02:49:57.849 [raft-server-3] TRACE i.a.p.raft.roles.FollowerRole - RaftServer{3}{role=FOLLOWER} - Sending AppendResponse{status=OK, term=1, succeeded=true, lastLogIndex=57}
02:49:57.849 [raft-server-1] TRACE i.a.p.raft.roles.LeaderAppender - RaftServer{1} - Received AppendResponse{status=OK, term=1, succeeded=true, lastLogIndex=57} from 3
02:49:57.881 [raft-server-2] TRACE i.a.p.raft.roles.FollowerRole - RaftServer{2}{role=FOLLOWER} - Committed entries up to index 57
02:49:57.881 [raft-server-2] TRACE i.a.p.raft.roles.FollowerRole - RaftServer{2}{role=FOLLOWER} - Sending AppendResponse{status=OK, term=1, succeeded=true, lastLogIndex=57}
02:49:57.881 [raft-server-1] TRACE i.a.p.raft.roles.LeaderAppender - RaftServer{1} - Received AppendResponse{status=OK, term=1, succeeded=true, lastLogIndex=57} from 2
02:49:57.881 [raft-server-2] TRACE i.a.p.raft.roles.FollowerRole - RaftServer{2}{role=FOLLOWER} - Sending CommandResponse{status=OK, index=57, eventIndex=2, result=byte[]{length=2, hash=1354}}
02:49:57.881 [raft-client-86eccf48-f731-4463-9ff4-1338804a1578-3] TRACE i.a.p.r.p.impl.RaftProxyConnection - SessionClient{2}{type=io.atomix.protocols.raft.RaftTest$TestPrimitiveType@35bfa1bb, name=raft-test} - Received CommandResponse{status=OK, index=57, eventIndex=2, result=byte[]{length=2, hash=1354}} from 2
02:49:57.881 [raft-client-86eccf48-f731-4463-9ff4-1338804a1578-3] TRACE i.a.p.r.p.impl.RaftProxySequencer - SessionClient{2}{type=io.atomix.protocols.raft.RaftTest$TestPrimitiveType@35bfa1bb, name=raft-test} - Completing response CommandResponse{status=OK, index=57, eventIndex=2, result=byte[]{length=2, hash=1354}}
02:49:57.881 [raft-client-86eccf48-f731-4463-9ff4-1338804a1578-0] TRACE i.a.p.r.p.impl.RaftProxyConnection - SessionClient{2}{type=io.atomix.protocols.raft.RaftTest$TestPrimitiveType@35bfa1bb, name=raft-test} - Sending CommandRequest{session=2, sequence=49, operation=PrimitiveOperation{id=DefaultOperationId{id=write, type=COMMAND}, value=byte[]{length=17, hash=-1644578928}}} to 2
02:49:57.881 [raft-server-2-state] TRACE i.a.p.raft.impl.RaftServiceManager - RaftServer{2} - Applying Indexed{index=57, entry=CommandEntry{term=1, timestamp=2018-06-09 02:49:57,523, session=2, sequence=48, operation=PrimitiveOperation{id=DefaultOperationId{id=write, type=COMMAND}, value=byte[]{length=17, hash=-1644578928}}}}
02:49:57.881 [raft-server-2] TRACE i.a.p.raft.roles.FollowerRole - RaftServer{2}{role=FOLLOWER} - Received CommandRequest{session=2, sequence=49, operation=PrimitiveOperation{id=DefaultOperationId{id=write, type=COMMAND}, value=byte[]{length=17, hash=-1644578928}}}
02:49:57.881 [raft-server-2-state] TRACE i.a.p.s.impl.DefaultServiceExecutor - PrimitiveService{2}{type=io.atomix.protocols.raft.RaftTest$TestPrimitiveType@10ad7eb5, name=raft-test} - Executing DefaultCommit{index=57, session=RaftSession{RaftServiceContext{server=2, type=io.atomix.protocols.raft.RaftTest$TestPrimitiveType@10ad7eb5, name=raft-test, id=2}, session=2, timestamp=2018-06-09 02:49:57,523}, time=2018-06-09 02:49:57,523, operation=DefaultOperationId{id=write, type=COMMAND}, value=byte[]{length=17, hash=-1644578928}}
02:49:57.881 [raft-server-1] TRACE i.a.protocols.raft.roles.LeaderRole - RaftServer{1}{role=LEADER} - Received CommandRequest{session=2, sequence=49, operation=PrimitiveOperation{id=DefaultOperationId{id=write, type=COMMAND}, value=byte[]{length=17, hash=-1644578928}}}
02:49:57.881 [raft-server-1] TRACE i.a.protocols.raft.roles.LeaderRole - RaftServer{1}{role=LEADER} - Appended Indexed{index=58, entry=CommandEntry{term=1, timestamp=2018-06-09 02:49:57,881, session=2, sequence=49, operation=PrimitiveOperation{id=DefaultOperationId{id=write, type=COMMAND}, value=byte[]{length=17, hash=-1644578928}}}}
02:49:57.882 [raft-server-1] TRACE i.a.p.raft.roles.LeaderAppender - RaftServer{1} - Sending AppendRequest{term=1, leader=1, prevLogIndex=57, prevLogTerm=1, entries=1, commitIndex=57} to 3
02:49:57.882 [raft-server-3] TRACE i.a.p.raft.roles.FollowerRole - RaftServer{3}{role=FOLLOWER} - Received AppendRequest{term=1, leader=1, prevLogIndex=57, prevLogTerm=1, entries=1, commitIndex=57}
02:49:57.882 [raft-server-1] TRACE i.a.p.raft.roles.LeaderAppender - RaftServer{1} - Sending AppendRequest{term=1, leader=1, prevLogIndex=57, prevLogTerm=1, entries=1, commitIndex=57} to 2
02:49:57.882 [raft-server-2] TRACE i.a.p.raft.roles.FollowerRole - RaftServer{2}{role=FOLLOWER} - Received AppendRequest{term=1, leader=1, prevLogIndex=57, prevLogTerm=1, entries=1, commitIndex=57}
02:49:57.882 [raft-server-3] TRACE i.a.p.raft.roles.FollowerRole - RaftServer{3}{role=FOLLOWER} - Appended Indexed{index=58, entry=CommandEntry{term=1, timestamp=2018-06-09 02:49:57,881, session=2, sequence=49, operation=PrimitiveOperation{id=DefaultOperationId{id=write, type=COMMAND}, value=byte[]{length=17, hash=-1644578928}}}}
02:49:57.882 [raft-server-3] TRACE i.a.p.raft.roles.FollowerRole - RaftServer{3}{role=FOLLOWER} - Sending AppendResponse{status=OK, term=1, succeeded=true, lastLogIndex=58}
02:49:57.882 [raft-server-2] TRACE i.a.p.raft.roles.FollowerRole - RaftServer{2}{role=FOLLOWER} - Appended Indexed{index=58, entry=CommandEntry{term=1, timestamp=2018-06-09 02:49:57,881, session=2, sequence=49, operation=PrimitiveOperation{id=DefaultOperationId{id=write, type=COMMAND}, value=byte[]{length=17, hash=-1644578928}}}}
02:49:57.882 [raft-server-1] TRACE i.a.p.raft.roles.LeaderAppender - RaftServer{1} - Received AppendResponse{status=OK, term=1, succeeded=true, lastLogIndex=58} from 3
02:49:57.882 [raft-server-2] TRACE i.a.p.raft.roles.FollowerRole - RaftServer{2}{role=FOLLOWER} - Sending AppendResponse{status=OK, term=1, succeeded=true, lastLogIndex=58}
02:49:57.882 [raft-server-1] TRACE i.a.p.raft.roles.LeaderAppender - RaftServer{1} - Committed entries up to 58
02:49:57.955 [raft-server-1] TRACE i.a.p.raft.roles.LeaderAppender - RaftServer{1} - Received AppendResponse{status=OK, term=1, succeeded=true, lastLogIndex=58} from 2
02:49:57.955 [raft-server-1-state] TRACE i.a.p.raft.impl.RaftServiceManager - RaftServer{1} - Applying Indexed{index=58, entry=CommandEntry{term=1, timestamp=2018-06-09 02:49:57,881, session=2, sequence=49, operation=PrimitiveOperation{id=DefaultOperationId{id=write, type=COMMAND}, value=byte[]{length=17, hash=-1644578928}}}}
02:49:57.956 [raft-server-1-state] TRACE i.a.p.s.impl.DefaultServiceExecutor - PrimitiveService{2}{type=io.atomix.protocols.raft.RaftTest$TestPrimitiveType@2df83e7, name=raft-test} - Executing DefaultCommit{index=58, session=RaftSession{RaftServiceContext{server=1, type=io.atomix.protocols.raft.RaftTest$TestPrimitiveType@2df83e7, name=raft-test, id=2}, session=2, timestamp=2018-06-09 02:49:57,881}, time=2018-06-09 02:49:57,881, operation=DefaultOperationId{id=write, type=COMMAND}, value=byte[]{length=17, hash=-1644578928}}
02:49:57.956 [raft-server-1-state] TRACE i.a.protocols.raft.roles.LeaderRole - RaftServer{1}{role=LEADER} - Sending CommandResponse{status=OK, index=58, eventIndex=2, result=byte[]{length=2, hash=1356}}
02:49:57.956 [raft-server-2] TRACE i.a.p.raft.roles.FollowerRole - RaftServer{2}{role=FOLLOWER} - Sending CommandResponse{status=OK, index=58, eventIndex=2, result=byte[]{length=2, hash=1356}}
02:49:57.956 [raft-client-86eccf48-f731-4463-9ff4-1338804a1578-1] TRACE i.a.p.r.p.impl.RaftProxyConnection - SessionClient{2}{type=io.atomix.protocols.raft.RaftTest$TestPrimitiveType@35bfa1bb, name=raft-test} - Received CommandResponse{status=OK, index=58, eventIndex=2, result=byte[]{length=2, hash=1356}} from 2
02:49:57.956 [raft-client-86eccf48-f731-4463-9ff4-1338804a1578-1] TRACE i.a.p.r.p.impl.RaftProxySequencer - SessionClient{2}{type=io.atomix.protocols.raft.RaftTest$TestPrimitiveType@35bfa1bb, name=raft-test} - Completing response CommandResponse{status=OK, index=58, eventIndex=2, result=byte[]{length=2, hash=1356}}
02:49:57.956 [raft-client-86eccf48-f731-4463-9ff4-1338804a1578-6] TRACE i.a.p.r.p.impl.RaftProxyConnection - SessionClient{2}{type=io.atomix.protocols.raft.RaftTest$TestPrimitiveType@35bfa1bb, name=raft-test} - Sending CommandRequest{session=2, sequence=50, operation=PrimitiveOperation{id=DefaultOperationId{id=write, type=COMMAND}, value=byte[]{length=17, hash=-1644578928}}} to 2
02:49:57.956 [raft-server-2] TRACE i.a.p.raft.roles.FollowerRole - RaftServer{2}{role=FOLLOWER} - Received CommandRequest{session=2, sequence=50, operation=PrimitiveOperation{id=DefaultOperationId{id=write, type=COMMAND}, value=byte[]{length=17, hash=-1644578928}}}
02:49:57.956 [raft-server-1] TRACE i.a.protocols.raft.roles.LeaderRole - RaftServer{1}{role=LEADER} - Received CommandRequest{session=2, sequence=50, operation=PrimitiveOperation{id=DefaultOperationId{id=write, type=COMMAND}, value=byte[]{length=17, hash=-1644578928}}}
02:49:57.956 [raft-server-1] TRACE i.a.protocols.raft.roles.LeaderRole - RaftServer{1}{role=LEADER} - Appended Indexed{index=59, entry=CommandEntry{term=1, timestamp=2018-06-09 02:49:57,956, session=2, sequence=50, operation=PrimitiveOperation{id=DefaultOperationId{id=write, type=COMMAND}, value=byte[]{length=17, hash=-1644578928}}}}
02:49:57.957 [raft-server-1] TRACE i.a.p.raft.roles.LeaderAppender - RaftServer{1} - Sending AppendRequest{term=1, leader=1, prevLogIndex=58, prevLogTerm=1, entries=1, commitIndex=58} to 3
02:49:57.957 [raft-server-3] TRACE i.a.p.raft.roles.FollowerRole - RaftServer{3}{role=FOLLOWER} - Received AppendRequest{term=1, leader=1, prevLogIndex=58, prevLogTerm=1, entries=1, commitIndex=58}
02:49:57.957 [raft-server-1] TRACE i.a.p.raft.roles.LeaderAppender - RaftServer{1} - Sending AppendRequest{term=1, leader=1, prevLogIndex=58, prevLogTerm=1, entries=1, commitIndex=58} to 2
02:49:57.957 [raft-server-2] TRACE i.a.p.raft.roles.FollowerRole - RaftServer{2}{role=FOLLOWER} - Received AppendRequest{term=1, leader=1, prevLogIndex=58, prevLogTerm=1, entries=1, commitIndex=58}
02:49:57.957 [raft-server-3] TRACE i.a.p.raft.roles.FollowerRole - RaftServer{3}{role=FOLLOWER} - Appended Indexed{index=59, entry=CommandEntry{term=1, timestamp=2018-06-09 02:49:57,956, session=2, sequence=50, operation=PrimitiveOperation{id=DefaultOperationId{id=write, type=COMMAND}, value=byte[]{length=17, hash=-1644578928}}}}
02:49:57.957 [raft-server-2] TRACE i.a.p.raft.roles.FollowerRole - RaftServer{2}{role=FOLLOWER} - Appended Indexed{index=59, entry=CommandEntry{term=1, timestamp=2018-06-09 02:49:57,956, session=2, sequence=50, operation=PrimitiveOperation{id=DefaultOperationId{id=write, type=COMMAND}, value=byte[]{length=17, hash=-1644578928}}}}
02:49:58.039 [raft-server-3] TRACE i.a.p.raft.roles.FollowerRole - RaftServer{3}{role=FOLLOWER} - Committed entries up to index 58
02:49:58.039 [raft-server-2] TRACE i.a.p.raft.roles.FollowerRole - RaftServer{2}{role=FOLLOWER} - Committed entries up to index 58
02:49:58.039 [raft-server-3] TRACE i.a.p.raft.roles.FollowerRole - RaftServer{3}{role=FOLLOWER} - Sending AppendResponse{status=OK, term=1, succeeded=true, lastLogIndex=59}
02:49:58.039 [raft-server-2] TRACE i.a.p.raft.roles.FollowerRole - RaftServer{2}{role=FOLLOWER} - Sending AppendResponse{status=OK, term=1, succeeded=true, lastLogIndex=59}
02:49:58.040 [raft-server-1] TRACE i.a.p.raft.roles.LeaderAppender - RaftServer{1} - Received AppendResponse{status=OK, term=1, succeeded=true, lastLogIndex=59} from 3
02:49:58.040 [raft-server-3-state] TRACE i.a.p.raft.impl.RaftServiceManager - RaftServer{3} - Applying Indexed{index=58, entry=CommandEntry{term=1, timestamp=2018-06-09 02:49:57,881, session=2, sequence=49, operation=PrimitiveOperation{id=DefaultOperationId{id=write, type=COMMAND}, value=byte[]{length=17, hash=-1644578928}}}}
02:49:58.040 [raft-server-2-state] TRACE i.a.p.raft.impl.RaftServiceManager - RaftServer{2} - Applying Indexed{index=58, entry=CommandEntry{term=1, timestamp=2018-06-09 02:49:57,881, session=2, sequence=49, operation=PrimitiveOperation{id=DefaultOperationId{id=write, type=COMMAND}, value=byte[]{length=17, hash=-1644578928}}}}
02:49:58.040 [raft-server-1] TRACE i.a.p.raft.roles.LeaderAppender - RaftServer{1} - Committed entries up to 59
02:49:58.040 [raft-server-3-state] TRACE i.a.p.s.impl.DefaultServiceExecutor - PrimitiveService{2}{type=io.atomix.protocols.raft.RaftTest$TestPrimitiveType@2669790c, name=raft-test} - Executing DefaultCommit{index=58, session=RaftSession{RaftServiceContext{server=3, type=io.atomix.protocols.raft.RaftTest$TestPrimitiveType@2669790c, name=raft-test, id=2}, session=2, timestamp=2018-06-09 02:49:57,881}, time=2018-06-09 02:49:57,881, operation=DefaultOperationId{id=write, type=COMMAND}, value=byte[]{length=17, hash=-1644578928}}
02:49:58.040 [raft-server-2-state] TRACE i.a.p.s.impl.DefaultServiceExecutor - PrimitiveService{2}{type=io.atomix.protocols.raft.RaftTest$TestPrimitiveType@10ad7eb5, name=raft-test} - Executing DefaultCommit{index=58, session=RaftSession{RaftServiceContext{server=2, type=io.atomix.protocols.raft.RaftTest$TestPrimitiveType@10ad7eb5, name=raft-test, id=2}, session=2, timestamp=2018-06-09 02:49:57,881}, time=2018-06-09 02:49:57,881, operation=DefaultOperationId{id=write, type=COMMAND}, value=byte[]{length=17, hash=-1644578928}}
02:49:58.114 [raft-server-1] TRACE i.a.p.raft.roles.LeaderAppender - RaftServer{1} - Received AppendResponse{status=OK, term=1, succeeded=true, lastLogIndex=59} from 2
02:49:58.114 [raft-server-1] TRACE i.a.p.raft.roles.LeaderAppender - RaftServer{1} - Sending AppendRequest{term=1, leader=1, prevLogIndex=59, prevLogTerm=1, entries=0, commitIndex=59} to 3
02:49:58.115 [raft-server-1] TRACE i.a.p.raft.roles.LeaderAppender - RaftServer{1} - Sending AppendRequest{term=1, leader=1, prevLogIndex=59, prevLogTerm=1, entries=0, commitIndex=59} to 2
02:49:58.115 [raft-server-3] TRACE i.a.p.raft.roles.FollowerRole - RaftServer{3}{role=FOLLOWER} - Received AppendRequest{term=1, leader=1, prevLogIndex=59, prevLogTerm=1, entries=0, commitIndex=59}
02:49:58.115 [raft-server-2] TRACE i.a.p.raft.roles.FollowerRole - RaftServer{2}{role=FOLLOWER} - Received AppendRequest{term=1, leader=1, prevLogIndex=59, prevLogTerm=1, entries=0, commitIndex=59}
02:49:58.115 [raft-server-1-state] TRACE i.a.p.raft.impl.RaftServiceManager - RaftServer{1} - Applying Indexed{index=59, entry=CommandEntry{term=1, timestamp=2018-06-09 02:49:57,956, session=2, sequence=50, operation=PrimitiveOperation{id=DefaultOperationId{id=write, type=COMMAND}, value=byte[]{length=17, hash=-1644578928}}}}
02:49:58.115 [raft-server-1-state] TRACE i.a.p.s.impl.DefaultServiceExecutor - PrimitiveService{2}{type=io.atomix.protocols.raft.RaftTest$TestPrimitiveType@2df83e7, name=raft-test} - Executing DefaultCommit{index=59, session=RaftSession{RaftServiceContext{server=1, type=io.atomix.protocols.raft.RaftTest$TestPrimitiveType@2df83e7, name=raft-test, id=2}, session=2, timestamp=2018-06-09 02:49:57,956}, time=2018-06-09 02:49:57,956, operation=DefaultOperationId{id=write, type=COMMAND}, value=byte[]{length=17, hash=-1644578928}}
02:49:58.115 [raft-server-1-state] TRACE i.a.protocols.raft.roles.LeaderRole - RaftServer{1}{role=LEADER} - Sending CommandResponse{status=OK, index=59, eventIndex=2, result=byte[]{length=2, hash=1358}}
02:49:58.190 [raft-server-2] TRACE i.a.p.raft.roles.FollowerRole - RaftServer{2}{role=FOLLOWER} - Committed entries up to index 59
02:49:58.190 [raft-server-3] TRACE i.a.p.raft.roles.FollowerRole - RaftServer{3}{role=FOLLOWER} - Committed entries up to index 59
02:49:58.190 [raft-server-2] TRACE i.a.p.raft.roles.FollowerRole - RaftServer{2}{role=FOLLOWER} - Sending AppendResponse{status=OK, term=1, succeeded=true, lastLogIndex=59}
02:49:58.190 [raft-server-3] TRACE i.a.p.raft.roles.FollowerRole - RaftServer{3}{role=FOLLOWER} - Sending AppendResponse{status=OK, term=1, succeeded=true, lastLogIndex=59}
02:49:58.190 [raft-server-1] TRACE i.a.p.raft.roles.LeaderAppender - RaftServer{1} - Received AppendResponse{status=OK, term=1, succeeded=true, lastLogIndex=59} from 2
02:49:58.190 [raft-server-2] TRACE i.a.p.raft.roles.FollowerRole - RaftServer{2}{role=FOLLOWER} - Sending CommandResponse{status=OK, index=59, eventIndex=2, result=byte[]{length=2, hash=1358}}
02:49:58.190 [raft-server-1] TRACE i.a.p.raft.roles.LeaderAppender - RaftServer{1} - Received AppendResponse{status=OK, term=1, succeeded=true, lastLogIndex=59} from 3
02:49:58.190 [raft-client-86eccf48-f731-4463-9ff4-1338804a1578-5] TRACE i.a.p.r.p.impl.RaftProxyConnection - SessionClient{2}{type=io.atomix.protocols.raft.RaftTest$TestPrimitiveType@35bfa1bb, name=raft-test} - Received CommandResponse{status=OK, index=59, eventIndex=2, result=byte[]{length=2, hash=1358}} from 2
02:49:58.190 [raft-server-2-state] TRACE i.a.p.raft.impl.RaftServiceManager - RaftServer{2} - Applying Indexed{index=59, entry=CommandEntry{term=1, timestamp=2018-06-09 02:49:57,956, session=2, sequence=50, operation=PrimitiveOperation{id=DefaultOperationId{id=write, type=COMMAND}, value=byte[]{length=17, hash=-1644578928}}}}
02:49:58.190 [raft-server-3-state] TRACE i.a.p.raft.impl.RaftServiceManager - RaftServer{3} - Applying Indexed{index=59, entry=CommandEntry{term=1, timestamp=2018-06-09 02:49:57,956, session=2, sequence=50, operation=PrimitiveOperation{id=DefaultOperationId{id=write, type=COMMAND}, value=byte[]{length=17, hash=-1644578928}}}}
02:49:58.190 [raft-client-86eccf48-f731-4463-9ff4-1338804a1578-5] TRACE i.a.p.r.p.impl.RaftProxySequencer - SessionClient{2}{type=io.atomix.protocols.raft.RaftTest$TestPrimitiveType@35bfa1bb, name=raft-test} - Completing response CommandResponse{status=OK, index=59, eventIndex=2, result=byte[]{length=2, hash=1358}}
02:49:58.190 [raft-server-2-state] TRACE i.a.p.s.impl.DefaultServiceExecutor - PrimitiveService{2}{type=io.atomix.protocols.raft.RaftTest$TestPrimitiveType@10ad7eb5, name=raft-test} - Executing DefaultCommit{index=59, session=RaftSession{RaftServiceContext{server=2, type=io.atomix.protocols.raft.RaftTest$TestPrimitiveType@10ad7eb5, name=raft-test, id=2}, session=2, timestamp=2018-06-09 02:49:57,956}, time=2018-06-09 02:49:57,956, operation=DefaultOperationId{id=write, type=COMMAND}, value=byte[]{length=17, hash=-1644578928}}
02:49:58.190 [raft-server-3-state] TRACE i.a.p.s.impl.DefaultServiceExecutor - PrimitiveService{2}{type=io.atomix.protocols.raft.RaftTest$TestPrimitiveType@2669790c, name=raft-test} - Executing DefaultCommit{index=59, session=RaftSession{RaftServiceContext{server=3, type=io.atomix.protocols.raft.RaftTest$TestPrimitiveType@2669790c, name=raft-test, id=2}, session=2, timestamp=2018-06-09 02:49:57,956}, time=2018-06-09 02:49:57,956, operation=DefaultOperationId{id=write, type=COMMAND}, value=byte[]{length=17, hash=-1644578928}}
02:49:58.191 [raft-client-86eccf48-f731-4463-9ff4-1338804a1578-5] TRACE i.a.p.r.p.impl.RaftProxyConnection - SessionClient{2}{type=io.atomix.protocols.raft.RaftTest$TestPrimitiveType@35bfa1bb, name=raft-test} - Sending CommandRequest{session=2, sequence=51, operation=PrimitiveOperation{id=DefaultOperationId{id=write, type=COMMAND}, value=byte[]{length=17, hash=-1644578928}}} to 2
02:49:58.191 [raft-server-2] TRACE i.a.p.raft.roles.FollowerRole - RaftServer{2}{role=FOLLOWER} - Received CommandRequest{session=2, sequence=51, operation=PrimitiveOperation{id=DefaultOperationId{id=write, type=COMMAND}, value=byte[]{length=17, hash=-1644578928}}}
02:49:58.191 [raft-server-1] TRACE i.a.protocols.raft.roles.LeaderRole - RaftServer{1}{role=LEADER} - Received CommandRequest{session=2, sequence=51, operation=PrimitiveOperation{id=DefaultOperationId{id=write, type=COMMAND}, value=byte[]{length=17, hash=-1644578928}}}
02:49:58.191 [raft-server-1] TRACE i.a.protocols.raft.roles.LeaderRole - RaftServer{1}{role=LEADER} - Appended Indexed{index=60, entry=CommandEntry{term=1, timestamp=2018-06-09 02:49:58,191, session=2, sequence=51, operation=PrimitiveOperation{id=DefaultOperationId{id=write, type=COMMAND}, value=byte[]{length=17, hash=-1644578928}}}}
02:49:58.191 [raft-server-1] TRACE i.a.p.raft.roles.LeaderAppender - RaftServer{1} - Sending AppendRequest{term=1, leader=1, prevLogIndex=59, prevLogTerm=1, entries=1, commitIndex=59} to 3
02:49:58.191 [raft-server-3] TRACE i.a.p.raft.roles.FollowerRole - RaftServer{3}{role=FOLLOWER} - Received AppendRequest{term=1, leader=1, prevLogIndex=59, prevLogTerm=1, entries=1, commitIndex=59}
02:49:58.191 [raft-server-1] TRACE i.a.p.raft.roles.LeaderAppender - RaftServer{1} - Sending AppendRequest{term=1, leader=1, prevLogIndex=59, prevLogTerm=1, entries=1, commitIndex=59} to 2
02:49:58.191 [raft-server-2] TRACE i.a.p.raft.roles.FollowerRole - RaftServer{2}{role=FOLLOWER} - Received AppendRequest{term=1, leader=1, prevLogIndex=59, prevLogTerm=1, entries=1, commitIndex=59}
02:49:58.191 [raft-server-3] TRACE i.a.p.raft.roles.FollowerRole - RaftServer{3}{role=FOLLOWER} - Appended Indexed{index=60, entry=CommandEntry{term=1, timestamp=2018-06-09 02:49:58,191, session=2, sequence=51, operation=PrimitiveOperation{id=DefaultOperationId{id=write, type=COMMAND}, value=byte[]{length=17, hash=-1644578928}}}}
02:49:58.192 [raft-server-3] TRACE i.a.p.raft.roles.FollowerRole - RaftServer{3}{role=FOLLOWER} - Sending AppendResponse{status=OK, term=1, succeeded=true, lastLogIndex=60}
02:49:58.192 [raft-server-2] TRACE i.a.p.raft.roles.FollowerRole - RaftServer{2}{role=FOLLOWER} - Appended Indexed{index=60, entry=CommandEntry{term=1, timestamp=2018-06-09 02:49:58,191, session=2, sequence=51, operation=PrimitiveOperation{id=DefaultOperationId{id=write, type=COMMAND}, value=byte[]{length=17, hash=-1644578928}}}}
02:49:58.192 [raft-server-1] TRACE i.a.p.raft.roles.LeaderAppender - RaftServer{1} - Received AppendResponse{status=OK, term=1, succeeded=true, lastLogIndex=60} from 3
02:49:58.192 [raft-server-2] TRACE i.a.p.raft.roles.FollowerRole - RaftServer{2}{role=FOLLOWER} - Sending AppendResponse{status=OK, term=1, succeeded=true, lastLogIndex=60}
02:49:58.192 [raft-server-1] TRACE i.a.p.raft.roles.LeaderAppender - RaftServer{1} - Committed entries up to 60
02:49:58.256 [raft-server-1] TRACE i.a.p.raft.roles.LeaderAppender - RaftServer{1} - Received AppendResponse{status=OK, term=1, succeeded=true, lastLogIndex=60} from 2
02:49:58.256 [raft-server-1-state] TRACE i.a.p.raft.impl.RaftServiceManager - RaftServer{1} - Applying Indexed{index=60, entry=CommandEntry{term=1, timestamp=2018-06-09 02:49:58,191, session=2, sequence=51, operation=PrimitiveOperation{id=DefaultOperationId{id=write, type=COMMAND}, value=byte[]{length=17, hash=-1644578928}}}}
02:49:58.256 [raft-server-1-state] TRACE i.a.p.s.impl.DefaultServiceExecutor - PrimitiveService{2}{type=io.atomix.protocols.raft.RaftTest$TestPrimitiveType@2df83e7, name=raft-test} - Executing DefaultCommit{index=60, session=RaftSession{RaftServiceContext{server=1, type=io.atomix.protocols.raft.RaftTest$TestPrimitiveType@2df83e7, name=raft-test, id=2}, session=2, timestamp=2018-06-09 02:49:58,191}, time=2018-06-09 02:49:58,191, operation=DefaultOperationId{id=write, type=COMMAND}, value=byte[]{length=17, hash=-1644578928}}
02:49:58.257 [raft-server-1-state] TRACE i.a.protocols.raft.roles.LeaderRole - RaftServer{1}{role=LEADER} - Sending CommandResponse{status=OK, index=60, eventIndex=2, result=byte[]{length=2, hash=1360}}
02:49:58.257 [raft-server-2] TRACE i.a.p.raft.roles.FollowerRole - RaftServer{2}{role=FOLLOWER} - Sending CommandResponse{status=OK, index=60, eventIndex=2, result=byte[]{length=2, hash=1360}}
02:49:58.257 [raft-client-86eccf48-f731-4463-9ff4-1338804a1578-3] TRACE i.a.p.r.p.impl.RaftProxyConnection - SessionClient{2}{type=io.atomix.protocols.raft.RaftTest$TestPrimitiveType@35bfa1bb, name=raft-test} - Received CommandResponse{status=OK, index=60, eventIndex=2, result=byte[]{length=2, hash=1360}} from 2
02:49:58.257 [raft-client-86eccf48-f731-4463-9ff4-1338804a1578-3] TRACE i.a.p.r.p.impl.RaftProxySequencer - SessionClient{2}{type=io.atomix.protocols.raft.RaftTest$TestPrimitiveType@35bfa1bb, name=raft-test} - Completing response CommandResponse{status=OK, index=60, eventIndex=2, result=byte[]{length=2, hash=1360}}
02:49:58.257 [raft-client-86eccf48-f731-4463-9ff4-1338804a1578-7] TRACE i.a.p.r.p.impl.RaftProxyConnection - SessionClient{2}{type=io.atomix.protocols.raft.RaftTest$TestPrimitiveType@35bfa1bb, name=raft-test} - Sending CommandRequest{session=2, sequence=52, operation=PrimitiveOperation{id=DefaultOperationId{id=write, type=COMMAND}, value=byte[]{length=17, hash=-1644578928}}} to 2
02:49:58.257 [raft-server-2] TRACE i.a.p.raft.roles.FollowerRole - RaftServer{2}{role=FOLLOWER} - Received CommandRequest{session=2, sequence=52, operation=PrimitiveOperation{id=DefaultOperationId{id=write, type=COMMAND}, value=byte[]{length=17, hash=-1644578928}}}
02:49:58.257 [raft-server-1] TRACE i.a.protocols.raft.roles.LeaderRole - RaftServer{1}{role=LEADER} - Received CommandRequest{session=2, sequence=52, operation=PrimitiveOperation{id=DefaultOperationId{id=write, type=COMMAND}, value=byte[]{length=17, hash=-1644578928}}}
02:49:58.416 [raft-server-1] DEBUG i.a.storage.journal.SegmentedJournal - Created disk segment: JournalSegment{id=7, version=1, index=61, size=64}
02:49:58.417 [raft-server-1] TRACE i.a.protocols.raft.roles.LeaderRole - RaftServer{1}{role=LEADER} - Appended Indexed{index=61, entry=CommandEntry{term=1, timestamp=2018-06-09 02:49:58,257, session=2, sequence=52, operation=PrimitiveOperation{id=DefaultOperationId{id=write, type=COMMAND}, value=byte[]{length=17, hash=-1644578928}}}}
02:49:58.417 [raft-server-1] TRACE i.a.p.raft.roles.LeaderAppender - RaftServer{1} - Sending AppendRequest{term=1, leader=1, prevLogIndex=60, prevLogTerm=1, entries=1, commitIndex=60} to 3
02:49:58.417 [raft-server-3] TRACE i.a.p.raft.roles.FollowerRole - RaftServer{3}{role=FOLLOWER} - Received AppendRequest{term=1, leader=1, prevLogIndex=60, prevLogTerm=1, entries=1, commitIndex=60}
02:49:58.417 [raft-server-1] TRACE i.a.p.raft.roles.LeaderAppender - RaftServer{1} - Sending AppendRequest{term=1, leader=1, prevLogIndex=60, prevLogTerm=1, entries=1, commitIndex=60} to 2
02:49:58.417 [raft-server-2] TRACE i.a.p.raft.roles.FollowerRole - RaftServer{2}{role=FOLLOWER} - Received AppendRequest{term=1, leader=1, prevLogIndex=60, prevLogTerm=1, entries=1, commitIndex=60}
02:49:58.582 [raft-server-3] DEBUG i.a.storage.journal.SegmentedJournal - Created disk segment: JournalSegment{id=7, version=1, index=61, size=64}
02:49:58.582 [raft-server-3] TRACE i.a.p.raft.roles.FollowerRole - RaftServer{3}{role=FOLLOWER} - Appended Indexed{index=61, entry=CommandEntry{term=1, timestamp=2018-06-09 02:49:58,257, session=2, sequence=52, operation=PrimitiveOperation{id=DefaultOperationId{id=write, type=COMMAND}, value=byte[]{length=17, hash=-1644578928}}}}
02:49:58.675 [raft-server-2] DEBUG i.a.storage.journal.SegmentedJournal - Created disk segment: JournalSegment{id=7, version=1, index=61, size=64}
02:49:58.675 [raft-server-2] TRACE i.a.p.raft.roles.FollowerRole - RaftServer{2}{role=FOLLOWER} - Appended Indexed{index=61, entry=CommandEntry{term=1, timestamp=2018-06-09 02:49:58,257, session=2, sequence=52, operation=PrimitiveOperation{id=DefaultOperationId{id=write, type=COMMAND}, value=byte[]{length=17, hash=-1644578928}}}}
02:49:58.723 [raft-server-3] TRACE i.a.p.raft.roles.FollowerRole - RaftServer{3}{role=FOLLOWER} - Committed entries up to index 60
02:49:58.723 [raft-server-3] TRACE i.a.p.raft.roles.FollowerRole - RaftServer{3}{role=FOLLOWER} - Sending AppendResponse{status=OK, term=1, succeeded=true, lastLogIndex=61}
02:49:58.723 [raft-server-3-state] TRACE i.a.p.raft.impl.RaftServiceManager - RaftServer{3} - Applying Indexed{index=60, entry=CommandEntry{term=1, timestamp=2018-06-09 02:49:58,191, session=2, sequence=51, operation=PrimitiveOperation{id=DefaultOperationId{id=write, type=COMMAND}, value=byte[]{length=17, hash=-1644578928}}}}
02:49:58.723 [raft-server-3-state] TRACE i.a.p.s.impl.DefaultServiceExecutor - PrimitiveService{2}{type=io.atomix.protocols.raft.RaftTest$TestPrimitiveType@2669790c, name=raft-test} - Executing DefaultCommit{index=60, session=RaftSession{RaftServiceContext{server=3, type=io.atomix.protocols.raft.RaftTest$TestPrimitiveType@2669790c, name=raft-test, id=2}, session=2, timestamp=2018-06-09 02:49:58,191}, time=2018-06-09 02:49:58,191, operation=DefaultOperationId{id=write, type=COMMAND}, value=byte[]{length=17, hash=-1644578928}}
02:49:58.723 [raft-server-1] TRACE i.a.p.raft.roles.LeaderAppender - RaftServer{1} - Received AppendResponse{status=OK, term=1, succeeded=true, lastLogIndex=61} from 3
02:49:58.723 [raft-server-1] TRACE i.a.p.raft.roles.LeaderAppender - RaftServer{1} - Committed entries up to 61
02:49:58.769 [raft-server-2] TRACE i.a.p.raft.roles.FollowerRole - RaftServer{2}{role=FOLLOWER} - Committed entries up to index 60
02:49:58.769 [raft-server-2] TRACE i.a.p.raft.roles.FollowerRole - RaftServer{2}{role=FOLLOWER} - Sending AppendResponse{status=OK, term=1, succeeded=true, lastLogIndex=61}
02:49:58.769 [raft-server-2-state] TRACE i.a.p.raft.impl.RaftServiceManager - RaftServer{2} - Applying Indexed{index=60, entry=CommandEntry{term=1, timestamp=2018-06-09 02:49:58,191, session=2, sequence=51, operation=PrimitiveOperation{id=DefaultOperationId{id=write, type=COMMAND}, value=byte[]{length=17, hash=-1644578928}}}}
02:49:58.769 [raft-server-2-state] TRACE i.a.p.s.impl.DefaultServiceExecutor - PrimitiveService{2}{type=io.atomix.protocols.raft.RaftTest$TestPrimitiveType@10ad7eb5, name=raft-test} - Executing DefaultCommit{index=60, session=RaftSession{RaftServiceContext{server=2, type=io.atomix.protocols.raft.RaftTest$TestPrimitiveType@10ad7eb5, name=raft-test, id=2}, session=2, timestamp=2018-06-09 02:49:58,191}, time=2018-06-09 02:49:58,191, operation=DefaultOperationId{id=write, type=COMMAND}, value=byte[]{length=17, hash=-1644578928}}
02:49:58.836 [raft-server-1] TRACE i.a.p.raft.roles.LeaderAppender - RaftServer{1} - Sending AppendRequest{term=1, leader=1, prevLogIndex=61, prevLogTerm=1, entries=0, commitIndex=61} to 3
02:49:58.836 [raft-server-3] TRACE i.a.p.raft.roles.FollowerRole - RaftServer{3}{role=FOLLOWER} - Received AppendRequest{term=1, leader=1, prevLogIndex=61, prevLogTerm=1, entries=0, commitIndex=61}
02:49:58.836 [raft-server-1] TRACE i.a.p.raft.roles.LeaderAppender - RaftServer{1} - Received AppendResponse{status=OK, term=1, succeeded=true, lastLogIndex=61} from 2
02:49:58.836 [raft-server-1] TRACE i.a.p.raft.roles.LeaderAppender - RaftServer{1} - Sending AppendRequest{term=1, leader=1, prevLogIndex=61, prevLogTerm=1, entries=0, commitIndex=61} to 2
02:49:58.836 [raft-server-2] TRACE i.a.p.raft.roles.FollowerRole - RaftServer{2}{role=FOLLOWER} - Received AppendRequest{term=1, leader=1, prevLogIndex=61, prevLogTerm=1, entries=0, commitIndex=61}
02:49:58.836 [raft-server-1-state] TRACE i.a.p.raft.impl.RaftServiceManager - RaftServer{1} - Applying Indexed{index=61, entry=CommandEntry{term=1, timestamp=2018-06-09 02:49:58,257, session=2, sequence=52, operation=PrimitiveOperation{id=DefaultOperationId{id=write, type=COMMAND}, value=byte[]{length=17, hash=-1644578928}}}}
02:49:58.837 [raft-server-1-state] TRACE i.a.p.s.impl.DefaultServiceExecutor - PrimitiveService{2}{type=io.atomix.protocols.raft.RaftTest$TestPrimitiveType@2df83e7, name=raft-test} - Executing DefaultCommit{index=61, session=RaftSession{RaftServiceContext{server=1, type=io.atomix.protocols.raft.RaftTest$TestPrimitiveType@2df83e7, name=raft-test, id=2}, session=2, timestamp=2018-06-09 02:49:58,257}, time=2018-06-09 02:49:58,257, operation=DefaultOperationId{id=write, type=COMMAND}, value=byte[]{length=17, hash=-1644578928}}
02:49:58.837 [raft-server-1-state] TRACE i.a.protocols.raft.roles.LeaderRole - RaftServer{1}{role=LEADER} - Sending CommandResponse{status=OK, index=61, eventIndex=2, result=byte[]{length=2, hash=1362}}
02:49:58.915 [raft-server-3] TRACE i.a.p.raft.roles.FollowerRole - RaftServer{3}{role=FOLLOWER} - Committed entries up to index 61
02:49:58.915 [raft-server-3] TRACE i.a.p.raft.roles.FollowerRole - RaftServer{3}{role=FOLLOWER} - Sending AppendResponse{status=OK, term=1, succeeded=true, lastLogIndex=61}
02:49:58.915 [raft-server-1] TRACE i.a.p.raft.roles.LeaderAppender - RaftServer{1} - Received AppendResponse{status=OK, term=1, succeeded=true, lastLogIndex=61} from 3
02:49:58.915 [raft-server-1] TRACE i.a.p.raft.roles.LeaderAppender - RaftServer{1} - Sending AppendRequest{term=1, leader=1, prevLogIndex=61, prevLogTerm=1, entries=0, commitIndex=61} to 3
02:49:58.915 [raft-server-3-state] TRACE i.a.p.raft.impl.RaftServiceManager - RaftServer{3} - Applying Indexed{index=61, entry=CommandEntry{term=1, timestamp=2018-06-09 02:49:58,257, session=2, sequence=52, operation=PrimitiveOperation{id=DefaultOperationId{id=write, type=COMMAND}, value=byte[]{length=17, hash=-1644578928}}}}
02:49:58.915 [raft-server-3] TRACE i.a.p.raft.roles.FollowerRole - RaftServer{3}{role=FOLLOWER} - Received AppendRequest{term=1, leader=1, prevLogIndex=61, prevLogTerm=1, entries=0, commitIndex=61}
02:49:58.915 [raft-server-3] TRACE i.a.p.raft.roles.FollowerRole - RaftServer{3}{role=FOLLOWER} - Sending AppendResponse{status=OK, term=1, succeeded=true, lastLogIndex=61}
02:49:58.915 [raft-server-3-state] TRACE i.a.p.s.impl.DefaultServiceExecutor - PrimitiveService{2}{type=io.atomix.protocols.raft.RaftTest$TestPrimitiveType@2669790c, name=raft-test} - Executing DefaultCommit{index=61, session=RaftSession{RaftServiceContext{server=3, type=io.atomix.protocols.raft.RaftTest$TestPrimitiveType@2669790c, name=raft-test, id=2}, session=2, timestamp=2018-06-09 02:49:58,257}, time=2018-06-09 02:49:58,257, operation=DefaultOperationId{id=write, type=COMMAND}, value=byte[]{length=17, hash=-1644578928}}
02:49:58.915 [raft-server-1] TRACE i.a.p.raft.roles.LeaderAppender - RaftServer{1} - Received AppendResponse{status=OK, term=1, succeeded=true, lastLogIndex=61} from 3
02:49:58.985 [raft-server-2] TRACE i.a.p.raft.roles.FollowerRole - RaftServer{2}{role=FOLLOWER} - Committed entries up to index 61
02:49:58.985 [raft-server-2] TRACE i.a.p.raft.roles.FollowerRole - RaftServer{2}{role=FOLLOWER} - Sending AppendResponse{status=OK, term=1, succeeded=true, lastLogIndex=61}
02:49:58.985 [raft-server-2] TRACE i.a.p.raft.roles.FollowerRole - RaftServer{2}{role=FOLLOWER} - Sending CommandResponse{status=OK, index=61, eventIndex=2, result=byte[]{length=2, hash=1362}}
02:49:58.985 [raft-client-86eccf48-f731-4463-9ff4-1338804a1578-1] TRACE i.a.p.r.p.impl.RaftProxyConnection - SessionClient{2}{type=io.atomix.protocols.raft.RaftTest$TestPrimitiveType@35bfa1bb, name=raft-test} - Received CommandResponse{status=OK, index=61, eventIndex=2, result=byte[]{length=2, hash=1362}} from 2
02:49:58.985 [raft-client-86eccf48-f731-4463-9ff4-1338804a1578-1] TRACE i.a.p.r.p.impl.RaftProxySequencer - SessionClient{2}{type=io.atomix.protocols.raft.RaftTest$TestPrimitiveType@35bfa1bb, name=raft-test} - Completing response CommandResponse{status=OK, index=61, eventIndex=2, result=byte[]{length=2, hash=1362}}
02:49:58.985 [raft-server-1] TRACE i.a.p.raft.roles.LeaderAppender - RaftServer{1} - Received AppendResponse{status=OK, term=1, succeeded=true, lastLogIndex=61} from 2
02:49:58.985 [raft-server-2-state] TRACE i.a.p.raft.impl.RaftServiceManager - RaftServer{2} - Applying Indexed{index=61, entry=CommandEntry{term=1, timestamp=2018-06-09 02:49:58,257, session=2, sequence=52, operation=PrimitiveOperation{id=DefaultOperationId{id=write, type=COMMAND}, value=byte[]{length=17, hash=-1644578928}}}}
02:49:58.985 [raft-server-2-state] TRACE i.a.p.s.impl.DefaultServiceExecutor - PrimitiveService{2}{type=io.atomix.protocols.raft.RaftTest$TestPrimitiveType@10ad7eb5, name=raft-test} - Executing DefaultCommit{index=61, session=RaftSession{RaftServiceContext{server=2, type=io.atomix.protocols.raft.RaftTest$TestPrimitiveType@10ad7eb5, name=raft-test, id=2}, session=2, timestamp=2018-06-09 02:49:58,257}, time=2018-06-09 02:49:58,257, operation=DefaultOperationId{id=write, type=COMMAND}, value=byte[]{length=17, hash=-1644578928}}
02:49:58.985 [raft-client-86eccf48-f731-4463-9ff4-1338804a1578-2] TRACE i.a.p.r.p.impl.RaftProxyConnection - SessionClient{2}{type=io.atomix.protocols.raft.RaftTest$TestPrimitiveType@35bfa1bb, name=raft-test} - Sending CommandRequest{session=2, sequence=53, operation=PrimitiveOperation{id=DefaultOperationId{id=write, type=COMMAND}, value=byte[]{length=17, hash=-1644578928}}} to 2
02:49:58.986 [raft-server-2] TRACE i.a.p.raft.roles.FollowerRole - RaftServer{2}{role=FOLLOWER} - Received CommandRequest{session=2, sequence=53, operation=PrimitiveOperation{id=DefaultOperationId{id=write, type=COMMAND}, value=byte[]{length=17, hash=-1644578928}}}
02:49:58.986 [raft-server-1] TRACE i.a.protocols.raft.roles.LeaderRole - RaftServer{1}{role=LEADER} - Received CommandRequest{session=2, sequence=53, operation=PrimitiveOperation{id=DefaultOperationId{id=write, type=COMMAND}, value=byte[]{length=17, hash=-1644578928}}}
02:49:58.986 [raft-server-1] TRACE i.a.protocols.raft.roles.LeaderRole - RaftServer{1}{role=LEADER} - Appended Indexed{index=62, entry=CommandEntry{term=1, timestamp=2018-06-09 02:49:58,986, session=2, sequence=53, operation=PrimitiveOperation{id=DefaultOperationId{id=write, type=COMMAND}, value=byte[]{length=17, hash=-1644578928}}}}
02:49:58.986 [raft-server-1] TRACE i.a.p.raft.roles.LeaderAppender - RaftServer{1} - Sending AppendRequest{term=1, leader=1, prevLogIndex=61, prevLogTerm=1, entries=1, commitIndex=61} to 3
02:49:58.986 [raft-server-3] TRACE i.a.p.raft.roles.FollowerRole - RaftServer{3}{role=FOLLOWER} - Received AppendRequest{term=1, leader=1, prevLogIndex=61, prevLogTerm=1, entries=1, commitIndex=61}
02:49:58.986 [raft-server-1] TRACE i.a.p.raft.roles.LeaderAppender - RaftServer{1} - Sending AppendRequest{term=1, leader=1, prevLogIndex=61, prevLogTerm=1, entries=1, commitIndex=61} to 2
02:49:58.986 [raft-server-2] TRACE i.a.p.raft.roles.FollowerRole - RaftServer{2}{role=FOLLOWER} - Received AppendRequest{term=1, leader=1, prevLogIndex=61, prevLogTerm=1, entries=1, commitIndex=61}
02:49:58.986 [raft-server-3] TRACE i.a.p.raft.roles.FollowerRole - RaftServer{3}{role=FOLLOWER} - Appended Indexed{index=62, entry=CommandEntry{term=1, timestamp=2018-06-09 02:49:58,986, session=2, sequence=53, operation=PrimitiveOperation{id=DefaultOperationId{id=write, type=COMMAND}, value=byte[]{length=17, hash=-1644578928}}}}
02:49:58.986 [raft-server-2] TRACE i.a.p.raft.roles.FollowerRole - RaftServer{2}{role=FOLLOWER} - Appended Indexed{index=62, entry=CommandEntry{term=1, timestamp=2018-06-09 02:49:58,986, session=2, sequence=53, operation=PrimitiveOperation{id=DefaultOperationId{id=write, type=COMMAND}, value=byte[]{length=17, hash=-1644578928}}}}
02:49:58.986 [raft-server-3] TRACE i.a.p.raft.roles.FollowerRole - RaftServer{3}{role=FOLLOWER} - Sending AppendResponse{status=OK, term=1, succeeded=true, lastLogIndex=62}
02:49:58.986 [raft-server-2] TRACE i.a.p.raft.roles.FollowerRole - RaftServer{2}{role=FOLLOWER} - Sending AppendResponse{status=OK, term=1, succeeded=true, lastLogIndex=62}
02:49:58.987 [raft-server-1] TRACE i.a.p.raft.roles.LeaderAppender - RaftServer{1} - Received AppendResponse{status=OK, term=1, succeeded=true, lastLogIndex=62} from 3
02:49:58.987 [raft-server-1] TRACE i.a.p.raft.roles.LeaderAppender - RaftServer{1} - Committed entries up to 62
02:49:59.056 [raft-server-1] TRACE i.a.p.raft.roles.LeaderAppender - RaftServer{1} - Received AppendResponse{status=OK, term=1, succeeded=true, lastLogIndex=62} from 2
02:49:59.056 [raft-server-1-state] TRACE i.a.p.raft.impl.RaftServiceManager - RaftServer{1} - Applying Indexed{index=62, entry=CommandEntry{term=1, timestamp=2018-06-09 02:49:58,986, session=2, sequence=53, operation=PrimitiveOperation{id=DefaultOperationId{id=write, type=COMMAND}, value=byte[]{length=17, hash=-1644578928}}}}
02:49:59.056 [raft-server-1-state] TRACE i.a.p.s.impl.DefaultServiceExecutor - PrimitiveService{2}{type=io.atomix.protocols.raft.RaftTest$TestPrimitiveType@2df83e7, name=raft-test} - Executing DefaultCommit{index=62, session=RaftSession{RaftServiceContext{server=1, type=io.atomix.protocols.raft.RaftTest$TestPrimitiveType@2df83e7, name=raft-test, id=2}, session=2, timestamp=2018-06-09 02:49:58,986}, time=2018-06-09 02:49:58,986, operation=DefaultOperationId{id=write, type=COMMAND}, value=byte[]{length=17, hash=-1644578928}}
02:49:59.057 [raft-server-1-state] TRACE i.a.protocols.raft.roles.LeaderRole - RaftServer{1}{role=LEADER} - Sending CommandResponse{status=OK, index=62, eventIndex=2, result=byte[]{length=2, hash=1364}}
02:49:59.057 [raft-server-2] TRACE i.a.p.raft.roles.FollowerRole - RaftServer{2}{role=FOLLOWER} - Sending CommandResponse{status=OK, index=62, eventIndex=2, result=byte[]{length=2, hash=1364}}
02:49:59.057 [raft-client-86eccf48-f731-4463-9ff4-1338804a1578-5] TRACE i.a.p.r.p.impl.RaftProxyConnection - SessionClient{2}{type=io.atomix.protocols.raft.RaftTest$TestPrimitiveType@35bfa1bb, name=raft-test} - Received CommandResponse{status=OK, index=62, eventIndex=2, result=byte[]{length=2, hash=1364}} from 2
02:49:59.057 [raft-client-86eccf48-f731-4463-9ff4-1338804a1578-5] TRACE i.a.p.r.p.impl.RaftProxySequencer - SessionClient{2}{type=io.atomix.protocols.raft.RaftTest$TestPrimitiveType@35bfa1bb, name=raft-test} - Completing response CommandResponse{status=OK, index=62, eventIndex=2, result=byte[]{length=2, hash=1364}}
02:49:59.057 [raft-client-86eccf48-f731-4463-9ff4-1338804a1578-4] TRACE i.a.p.r.p.impl.RaftProxyConnection - SessionClient{2}{type=io.atomix.protocols.raft.RaftTest$TestPrimitiveType@35bfa1bb, name=raft-test} - Sending CommandRequest{session=2, sequence=54, operation=PrimitiveOperation{id=DefaultOperationId{id=write, type=COMMAND}, value=byte[]{length=17, hash=-1644578928}}} to 2
02:49:59.057 [raft-server-2] TRACE i.a.p.raft.roles.FollowerRole - RaftServer{2}{role=FOLLOWER} - Received CommandRequest{session=2, sequence=54, operation=PrimitiveOperation{id=DefaultOperationId{id=write, type=COMMAND}, value=byte[]{length=17, hash=-1644578928}}}
02:49:59.057 [raft-server-1] TRACE i.a.protocols.raft.roles.LeaderRole - RaftServer{1}{role=LEADER} - Received CommandRequest{session=2, sequence=54, operation=PrimitiveOperation{id=DefaultOperationId{id=write, type=COMMAND}, value=byte[]{length=17, hash=-1644578928}}}
02:49:59.058 [raft-server-1] TRACE i.a.protocols.raft.roles.LeaderRole - RaftServer{1}{role=LEADER} - Appended Indexed{index=63, entry=CommandEntry{term=1, timestamp=2018-06-09 02:49:59,057, session=2, sequence=54, operation=PrimitiveOperation{id=DefaultOperationId{id=write, type=COMMAND}, value=byte[]{length=17, hash=-1644578928}}}}
02:49:59.058 [raft-server-1] TRACE i.a.p.raft.roles.LeaderAppender - RaftServer{1} - Sending AppendRequest{term=1, leader=1, prevLogIndex=62, prevLogTerm=1, entries=1, commitIndex=62} to 3
02:49:59.058 [raft-server-3] TRACE i.a.p.raft.roles.FollowerRole - RaftServer{3}{role=FOLLOWER} - Received AppendRequest{term=1, leader=1, prevLogIndex=62, prevLogTerm=1, entries=1, commitIndex=62}
02:49:59.058 [raft-server-1] TRACE i.a.p.raft.roles.LeaderAppender - RaftServer{1} - Sending AppendRequest{term=1, leader=1, prevLogIndex=62, prevLogTerm=1, entries=1, commitIndex=62} to 2
02:49:59.058 [raft-server-2] TRACE i.a.p.raft.roles.FollowerRole - RaftServer{2}{role=FOLLOWER} - Received AppendRequest{term=1, leader=1, prevLogIndex=62, prevLogTerm=1, entries=1, commitIndex=62}
02:49:59.058 [raft-server-3] TRACE i.a.p.raft.roles.FollowerRole - RaftServer{3}{role=FOLLOWER} - Appended Indexed{index=63, entry=CommandEntry{term=1, timestamp=2018-06-09 02:49:59,057, session=2, sequence=54, operation=PrimitiveOperation{id=DefaultOperationId{id=write, type=COMMAND}, value=byte[]{length=17, hash=-1644578928}}}}
02:49:59.058 [raft-server-2] TRACE i.a.p.raft.roles.FollowerRole - RaftServer{2}{role=FOLLOWER} - Appended Indexed{index=63, entry=CommandEntry{term=1, timestamp=2018-06-09 02:49:59,057, session=2, sequence=54, operation=PrimitiveOperation{id=DefaultOperationId{id=write, type=COMMAND}, value=byte[]{length=17, hash=-1644578928}}}}
02:49:59.140 [raft-server-2] TRACE i.a.p.raft.roles.FollowerRole - RaftServer{2}{role=FOLLOWER} - Committed entries up to index 62
02:49:59.140 [raft-server-3] TRACE i.a.p.raft.roles.FollowerRole - RaftServer{3}{role=FOLLOWER} - Committed entries up to index 62
02:49:59.140 [raft-server-2] TRACE i.a.p.raft.roles.FollowerRole - RaftServer{2}{role=FOLLOWER} - Sending AppendResponse{status=OK, term=1, succeeded=true, lastLogIndex=63}
02:49:59.140 [raft-server-3] TRACE i.a.p.raft.roles.FollowerRole - RaftServer{3}{role=FOLLOWER} - Sending AppendResponse{status=OK, term=1, succeeded=true, lastLogIndex=63}
02:49:59.140 [raft-server-2-state] TRACE i.a.p.raft.impl.RaftServiceManager - RaftServer{2} - Applying Indexed{index=62, entry=CommandEntry{term=1, timestamp=2018-06-09 02:49:58,986, session=2, sequence=53, operation=PrimitiveOperation{id=DefaultOperationId{id=write, type=COMMAND}, value=byte[]{length=17, hash=-1644578928}}}}
02:49:59.140 [raft-server-3-state] TRACE i.a.p.raft.impl.RaftServiceManager - RaftServer{3} - Applying Indexed{index=62, entry=CommandEntry{term=1, timestamp=2018-06-09 02:49:58,986, session=2, sequence=53, operation=PrimitiveOperation{id=DefaultOperationId{id=write, type=COMMAND}, value=byte[]{length=17, hash=-1644578928}}}}
02:49:59.140 [raft-server-1] TRACE i.a.p.raft.roles.LeaderAppender - RaftServer{1} - Received AppendResponse{status=OK, term=1, succeeded=true, lastLogIndex=63} from 2
02:49:59.140 [raft-server-2-state] TRACE i.a.p.s.impl.DefaultServiceExecutor - PrimitiveService{2}{type=io.atomix.protocols.raft.RaftTest$TestPrimitiveType@10ad7eb5, name=raft-test} - Executing DefaultCommit{index=62, session=RaftSession{RaftServiceContext{server=2, type=io.atomix.protocols.raft.RaftTest$TestPrimitiveType@10ad7eb5, name=raft-test, id=2}, session=2, timestamp=2018-06-09 02:49:58,986}, time=2018-06-09 02:49:58,986, operation=DefaultOperationId{id=write, type=COMMAND}, value=byte[]{length=17, hash=-1644578928}}
02:49:59.140 [raft-server-3-state] TRACE i.a.p.s.impl.DefaultServiceExecutor - PrimitiveService{2}{type=io.atomix.protocols.raft.RaftTest$TestPrimitiveType@2669790c, name=raft-test} - Executing DefaultCommit{index=62, session=RaftSession{RaftServiceContext{server=3, type=io.atomix.protocols.raft.RaftTest$TestPrimitiveType@2669790c, name=raft-test, id=2}, session=2, timestamp=2018-06-09 02:49:58,986}, time=2018-06-09 02:49:58,986, operation=DefaultOperationId{id=write, type=COMMAND}, value=byte[]{length=17, hash=-1644578928}}
02:49:59.140 [raft-server-1] TRACE i.a.p.raft.roles.LeaderAppender - RaftServer{1} - Committed entries up to 63
02:49:59.215 [raft-server-1] TRACE i.a.p.raft.roles.LeaderAppender - RaftServer{1} - Sending AppendRequest{term=1, leader=1, prevLogIndex=63, prevLogTerm=1, entries=0, commitIndex=63} to 2
02:49:59.215 [raft-server-1] TRACE i.a.p.raft.roles.LeaderAppender - RaftServer{1} - Received AppendResponse{status=OK, term=1, succeeded=true, lastLogIndex=63} from 3
02:49:59.215 [raft-server-1] TRACE i.a.p.raft.roles.LeaderAppender - RaftServer{1} - Sending AppendRequest{term=1, leader=1, prevLogIndex=63, prevLogTerm=1, entries=0, commitIndex=63} to 3
02:49:59.215 [raft-server-2] TRACE i.a.p.raft.roles.FollowerRole - RaftServer{2}{role=FOLLOWER} - Received AppendRequest{term=1, leader=1, prevLogIndex=63, prevLogTerm=1, entries=0, commitIndex=63}
02:49:59.215 [raft-server-3] TRACE i.a.p.raft.roles.FollowerRole - RaftServer{3}{role=FOLLOWER} - Received AppendRequest{term=1, leader=1, prevLogIndex=63, prevLogTerm=1, entries=0, commitIndex=63}
02:49:59.215 [raft-server-1-state] TRACE i.a.p.raft.impl.RaftServiceManager - RaftServer{1} - Applying Indexed{index=63, entry=CommandEntry{term=1, timestamp=2018-06-09 02:49:59,057, session=2, sequence=54, operation=PrimitiveOperation{id=DefaultOperationId{id=write, type=COMMAND}, value=byte[]{length=17, hash=-1644578928}}}}
02:49:59.215 [raft-server-1-state] TRACE i.a.p.s.impl.DefaultServiceExecutor - PrimitiveService{2}{type=io.atomix.protocols.raft.RaftTest$TestPrimitiveType@2df83e7, name=raft-test} - Executing DefaultCommit{index=63, session=RaftSession{RaftServiceContext{server=1, type=io.atomix.protocols.raft.RaftTest$TestPrimitiveType@2df83e7, name=raft-test, id=2}, session=2, timestamp=2018-06-09 02:49:59,057}, time=2018-06-09 02:49:59,057, operation=DefaultOperationId{id=write, type=COMMAND}, value=byte[]{length=17, hash=-1644578928}}
02:49:59.215 [raft-server-1-state] TRACE i.a.protocols.raft.roles.LeaderRole - RaftServer{1}{role=LEADER} - Sending CommandResponse{status=OK, index=63, eventIndex=2, result=byte[]{length=2, hash=1366}}
02:49:59.302 [raft-server-3] TRACE i.a.p.raft.roles.FollowerRole - RaftServer{3}{role=FOLLOWER} - Committed entries up to index 63
02:49:59.302 [raft-server-2] TRACE i.a.p.raft.roles.FollowerRole - RaftServer{2}{role=FOLLOWER} - Committed entries up to index 63
02:49:59.302 [raft-server-3] TRACE i.a.p.raft.roles.FollowerRole - RaftServer{3}{role=FOLLOWER} - Sending AppendResponse{status=OK, term=1, succeeded=true, lastLogIndex=63}
02:49:59.302 [raft-server-2] TRACE i.a.p.raft.roles.FollowerRole - RaftServer{2}{role=FOLLOWER} - Sending AppendResponse{status=OK, term=1, succeeded=true, lastLogIndex=63}
02:49:59.302 [raft-server-2] TRACE i.a.p.raft.roles.FollowerRole - RaftServer{2}{role=FOLLOWER} - Sending CommandResponse{status=OK, index=63, eventIndex=2, result=byte[]{length=2, hash=1366}}
02:49:59.302 [raft-server-3-state] TRACE i.a.p.raft.impl.RaftServiceManager - RaftServer{3} - Applying Indexed{index=63, entry=CommandEntry{term=1, timestamp=2018-06-09 02:49:59,057, session=2, sequence=54, operation=PrimitiveOperation{id=DefaultOperationId{id=write, type=COMMAND}, value=byte[]{length=17, hash=-1644578928}}}}
02:49:59.302 [raft-client-86eccf48-f731-4463-9ff4-1338804a1578-3] TRACE i.a.p.r.p.impl.RaftProxyConnection - SessionClient{2}{type=io.atomix.protocols.raft.RaftTest$TestPrimitiveType@35bfa1bb, name=raft-test} - Received CommandResponse{status=OK, index=63, eventIndex=2, result=byte[]{length=2, hash=1366}} from 2
02:49:59.302 [raft-server-2-state] TRACE i.a.p.raft.impl.RaftServiceManager - RaftServer{2} - Applying Indexed{index=63, entry=CommandEntry{term=1, timestamp=2018-06-09 02:49:59,057, session=2, sequence=54, operation=PrimitiveOperation{id=DefaultOperationId{id=write, type=COMMAND}, value=byte[]{length=17, hash=-1644578928}}}}
02:49:59.302 [raft-client-86eccf48-f731-4463-9ff4-1338804a1578-3] TRACE i.a.p.r.p.impl.RaftProxySequencer - SessionClient{2}{type=io.atomix.protocols.raft.RaftTest$TestPrimitiveType@35bfa1bb, name=raft-test} - Completing response CommandResponse{status=OK, index=63, eventIndex=2, result=byte[]{length=2, hash=1366}}
02:49:59.302 [raft-server-3-state] TRACE i.a.p.s.impl.DefaultServiceExecutor - PrimitiveService{2}{type=io.atomix.protocols.raft.RaftTest$TestPrimitiveType@2669790c, name=raft-test} - Executing DefaultCommit{index=63, session=RaftSession{RaftServiceContext{server=3, type=io.atomix.protocols.raft.RaftTest$TestPrimitiveType@2669790c, name=raft-test, id=2}, session=2, timestamp=2018-06-09 02:49:59,057}, time=2018-06-09 02:49:59,057, operation=DefaultOperationId{id=write, type=COMMAND}, value=byte[]{length=17, hash=-1644578928}}
02:49:59.302 [raft-server-2-state] TRACE i.a.p.s.impl.DefaultServiceExecutor - PrimitiveService{2}{type=io.atomix.protocols.raft.RaftTest$TestPrimitiveType@10ad7eb5, name=raft-test} - Executing DefaultCommit{index=63, session=RaftSession{RaftServiceContext{server=2, type=io.atomix.protocols.raft.RaftTest$TestPrimitiveType@10ad7eb5, name=raft-test, id=2}, session=2, timestamp=2018-06-09 02:49:59,057}, time=2018-06-09 02:49:59,057, operation=DefaultOperationId{id=write, type=COMMAND}, value=byte[]{length=17, hash=-1644578928}}
02:49:59.302 [raft-client-86eccf48-f731-4463-9ff4-1338804a1578-3] TRACE i.a.p.r.p.impl.RaftProxyConnection - SessionClient{2}{type=io.atomix.protocols.raft.RaftTest$TestPrimitiveType@35bfa1bb, name=raft-test} - Sending CommandRequest{session=2, sequence=55, operation=PrimitiveOperation{id=DefaultOperationId{id=write, type=COMMAND}, value=byte[]{length=17, hash=-1644578928}}} to 2
02:49:59.302 [raft-server-1] TRACE i.a.p.raft.roles.LeaderAppender - RaftServer{1} - Received AppendResponse{status=OK, term=1, succeeded=true, lastLogIndex=63} from 3
02:49:59.302 [raft-server-1] TRACE i.a.p.raft.roles.LeaderAppender - RaftServer{1} - Received AppendResponse{status=OK, term=1, succeeded=true, lastLogIndex=63} from 2
02:49:59.302 [raft-server-2] TRACE i.a.p.raft.roles.FollowerRole - RaftServer{2}{role=FOLLOWER} - Received CommandRequest{session=2, sequence=55, operation=PrimitiveOperation{id=DefaultOperationId{id=write, type=COMMAND}, value=byte[]{length=17, hash=-1644578928}}}
02:49:59.302 [raft-server-1] TRACE i.a.protocols.raft.roles.LeaderRole - RaftServer{1}{role=LEADER} - Received CommandRequest{session=2, sequence=55, operation=PrimitiveOperation{id=DefaultOperationId{id=write, type=COMMAND}, value=byte[]{length=17, hash=-1644578928}}}
02:49:59.303 [raft-server-1] TRACE i.a.protocols.raft.roles.LeaderRole - RaftServer{1}{role=LEADER} - Appended Indexed{index=64, entry=CommandEntry{term=1, timestamp=2018-06-09 02:49:59,302, session=2, sequence=55, operation=PrimitiveOperation{id=DefaultOperationId{id=write, type=COMMAND}, value=byte[]{length=17, hash=-1644578928}}}}
02:49:59.303 [raft-server-1] TRACE i.a.p.raft.roles.LeaderAppender - RaftServer{1} - Sending AppendRequest{term=1, leader=1, prevLogIndex=63, prevLogTerm=1, entries=1, commitIndex=63} to 3
02:49:59.303 [raft-server-3] TRACE i.a.p.raft.roles.FollowerRole - RaftServer{3}{role=FOLLOWER} - Received AppendRequest{term=1, leader=1, prevLogIndex=63, prevLogTerm=1, entries=1, commitIndex=63}
02:49:59.303 [raft-server-1] TRACE i.a.p.raft.roles.LeaderAppender - RaftServer{1} - Sending AppendRequest{term=1, leader=1, prevLogIndex=63, prevLogTerm=1, entries=1, commitIndex=63} to 2
02:49:59.303 [raft-server-2] TRACE i.a.p.raft.roles.FollowerRole - RaftServer{2}{role=FOLLOWER} - Received AppendRequest{term=1, leader=1, prevLogIndex=63, prevLogTerm=1, entries=1, commitIndex=63}
02:49:59.303 [raft-server-3] TRACE i.a.p.raft.roles.FollowerRole - RaftServer{3}{role=FOLLOWER} - Appended Indexed{index=64, entry=CommandEntry{term=1, timestamp=2018-06-09 02:49:59,302, session=2, sequence=55, operation=PrimitiveOperation{id=DefaultOperationId{id=write, type=COMMAND}, value=byte[]{length=17, hash=-1644578928}}}}
02:49:59.303 [raft-server-2] TRACE i.a.p.raft.roles.FollowerRole - RaftServer{2}{role=FOLLOWER} - Appended Indexed{index=64, entry=CommandEntry{term=1, timestamp=2018-06-09 02:49:59,302, session=2, sequence=55, operation=PrimitiveOperation{id=DefaultOperationId{id=write, type=COMMAND}, value=byte[]{length=17, hash=-1644578928}}}}
02:49:59.303 [raft-server-3] TRACE i.a.p.raft.roles.FollowerRole - RaftServer{3}{role=FOLLOWER} - Sending AppendResponse{status=OK, term=1, succeeded=true, lastLogIndex=64}
02:49:59.303 [raft-server-2] TRACE i.a.p.raft.roles.FollowerRole - RaftServer{2}{role=FOLLOWER} - Sending AppendResponse{status=OK, term=1, succeeded=true, lastLogIndex=64}
02:49:59.303 [raft-server-1] TRACE i.a.p.raft.roles.LeaderAppender - RaftServer{1} - Received AppendResponse{status=OK, term=1, succeeded=true, lastLogIndex=64} from 3
02:49:59.303 [raft-server-1] TRACE i.a.p.raft.roles.LeaderAppender - RaftServer{1} - Committed entries up to 64
02:49:59.366 [raft-server-1] TRACE i.a.p.raft.roles.LeaderAppender - RaftServer{1} - Received AppendResponse{status=OK, term=1, succeeded=true, lastLogIndex=64} from 2
02:49:59.367 [raft-server-1] TRACE i.a.p.raft.roles.LeaderAppender - RaftServer{1} - Sending AppendRequest{term=1, leader=1, prevLogIndex=64, prevLogTerm=1, entries=0, commitIndex=64} to 3
02:49:59.367 [raft-server-1] TRACE i.a.p.raft.roles.LeaderAppender - RaftServer{1} - Sending AppendRequest{term=1, leader=1, prevLogIndex=64, prevLogTerm=1, entries=0, commitIndex=64} to 2
02:49:59.367 [raft-server-3] TRACE i.a.p.raft.roles.FollowerRole - RaftServer{3}{role=FOLLOWER} - Received AppendRequest{term=1, leader=1, prevLogIndex=64, prevLogTerm=1, entries=0, commitIndex=64}
02:49:59.367 [raft-server-2] TRACE i.a.p.raft.roles.FollowerRole - RaftServer{2}{role=FOLLOWER} - Received AppendRequest{term=1, leader=1, prevLogIndex=64, prevLogTerm=1, entries=0, commitIndex=64}
02:49:59.367 [raft-server-1-state] TRACE i.a.p.raft.impl.RaftServiceManager - RaftServer{1} - Applying Indexed{index=64, entry=CommandEntry{term=1, timestamp=2018-06-09 02:49:59,302, session=2, sequence=55, operation=PrimitiveOperation{id=DefaultOperationId{id=write, type=COMMAND}, value=byte[]{length=17, hash=-1644578928}}}}
02:49:59.367 [raft-server-1-state] TRACE i.a.p.s.impl.DefaultServiceExecutor - PrimitiveService{2}{type=io.atomix.protocols.raft.RaftTest$TestPrimitiveType@2df83e7, name=raft-test} - Executing DefaultCommit{index=64, session=RaftSession{RaftServiceContext{server=1, type=io.atomix.protocols.raft.RaftTest$TestPrimitiveType@2df83e7, name=raft-test, id=2}, session=2, timestamp=2018-06-09 02:49:59,302}, time=2018-06-09 02:49:59,302, operation=DefaultOperationId{id=write, type=COMMAND}, value=byte[]{length=17, hash=-1644578928}}
02:49:59.367 [raft-server-1-state] TRACE i.a.protocols.raft.roles.LeaderRole - RaftServer{1}{role=LEADER} - Sending CommandResponse{status=OK, index=64, eventIndex=2, result=byte[]{length=3, hash=34473}}
02:49:59.480 [raft-server-2] TRACE i.a.p.raft.roles.FollowerRole - RaftServer{2}{role=FOLLOWER} - Committed entries up to index 64
02:49:59.480 [raft-server-2] TRACE i.a.p.raft.roles.FollowerRole - RaftServer{2}{role=FOLLOWER} - Sending AppendResponse{status=OK, term=1, succeeded=true, lastLogIndex=64}
02:49:59.480 [raft-server-2] TRACE i.a.p.raft.roles.FollowerRole - RaftServer{2}{role=FOLLOWER} - Sending CommandResponse{status=OK, index=64, eventIndex=2, result=byte[]{length=3, hash=34473}}
02:49:59.480 [raft-client-86eccf48-f731-4463-9ff4-1338804a1578-1] TRACE i.a.p.r.p.impl.RaftProxyConnection - SessionClient{2}{type=io.atomix.protocols.raft.RaftTest$TestPrimitiveType@35bfa1bb, name=raft-test} - Received CommandResponse{status=OK, index=64, eventIndex=2, result=byte[]{length=3, hash=34473}} from 2
02:49:59.480 [raft-server-3] TRACE i.a.p.raft.roles.FollowerRole - RaftServer{3}{role=FOLLOWER} - Committed entries up to index 64
02:49:59.481 [raft-client-86eccf48-f731-4463-9ff4-1338804a1578-1] TRACE i.a.p.r.p.impl.RaftProxySequencer - SessionClient{2}{type=io.atomix.protocols.raft.RaftTest$TestPrimitiveType@35bfa1bb, name=raft-test} - Completing response CommandResponse{status=OK, index=64, eventIndex=2, result=byte[]{length=3, hash=34473}}
02:49:59.481 [raft-server-3] TRACE i.a.p.raft.roles.FollowerRole - RaftServer{3}{role=FOLLOWER} - Sending AppendResponse{status=OK, term=1, succeeded=true, lastLogIndex=64}
02:49:59.481 [raft-server-1] TRACE i.a.p.raft.roles.LeaderAppender - RaftServer{1} - Received AppendResponse{status=OK, term=1, succeeded=true, lastLogIndex=64} from 2
02:49:59.481 [raft-server-2-state] TRACE i.a.p.raft.impl.RaftServiceManager - RaftServer{2} - Applying Indexed{index=64, entry=CommandEntry{term=1, timestamp=2018-06-09 02:49:59,302, session=2, sequence=55, operation=PrimitiveOperation{id=DefaultOperationId{id=write, type=COMMAND}, value=byte[]{length=17, hash=-1644578928}}}}
02:49:59.481 [raft-client-86eccf48-f731-4463-9ff4-1338804a1578-5] TRACE i.a.p.r.p.impl.RaftProxyConnection - SessionClient{2}{type=io.atomix.protocols.raft.RaftTest$TestPrimitiveType@35bfa1bb, name=raft-test} - Sending CommandRequest{session=2, sequence=56, operation=PrimitiveOperation{id=DefaultOperationId{id=write, type=COMMAND}, value=byte[]{length=17, hash=-1644578928}}} to 2
02:49:59.481 [raft-server-3-state] TRACE i.a.p.raft.impl.RaftServiceManager - RaftServer{3} - Applying Indexed{index=64, entry=CommandEntry{term=1, timestamp=2018-06-09 02:49:59,302, session=2, sequence=55, operation=PrimitiveOperation{id=DefaultOperationId{id=write, type=COMMAND}, value=byte[]{length=17, hash=-1644578928}}}}
02:49:59.481 [raft-server-1] TRACE i.a.p.raft.roles.LeaderAppender - RaftServer{1} - Received AppendResponse{status=OK, term=1, succeeded=true, lastLogIndex=64} from 3
02:49:59.481 [raft-server-2-state] TRACE i.a.p.s.impl.DefaultServiceExecutor - PrimitiveService{2}{type=io.atomix.protocols.raft.RaftTest$TestPrimitiveType@10ad7eb5, name=raft-test} - Executing DefaultCommit{index=64, session=RaftSession{RaftServiceContext{server=2, type=io.atomix.protocols.raft.RaftTest$TestPrimitiveType@10ad7eb5, name=raft-test, id=2}, session=2, timestamp=2018-06-09 02:49:59,302}, time=2018-06-09 02:49:59,302, operation=DefaultOperationId{id=write, type=COMMAND}, value=byte[]{length=17, hash=-1644578928}}
02:49:59.481 [raft-server-3-state] TRACE i.a.p.s.impl.DefaultServiceExecutor - PrimitiveService{2}{type=io.atomix.protocols.raft.RaftTest$TestPrimitiveType@2669790c, name=raft-test} - Executing DefaultCommit{index=64, session=RaftSession{RaftServiceContext{server=3, type=io.atomix.protocols.raft.RaftTest$TestPrimitiveType@2669790c, name=raft-test, id=2}, session=2, timestamp=2018-06-09 02:49:59,302}, time=2018-06-09 02:49:59,302, operation=DefaultOperationId{id=write, type=COMMAND}, value=byte[]{length=17, hash=-1644578928}}
02:49:59.481 [raft-server-2] TRACE i.a.p.raft.roles.FollowerRole - RaftServer{2}{role=FOLLOWER} - Received CommandRequest{session=2, sequence=56, operation=PrimitiveOperation{id=DefaultOperationId{id=write, type=COMMAND}, value=byte[]{length=17, hash=-1644578928}}}
02:49:59.482 [raft-server-1] TRACE i.a.protocols.raft.roles.LeaderRole - RaftServer{1}{role=LEADER} - Received CommandRequest{session=2, sequence=56, operation=PrimitiveOperation{id=DefaultOperationId{id=write, type=COMMAND}, value=byte[]{length=17, hash=-1644578928}}}
02:49:59.482 [raft-server-1] TRACE i.a.protocols.raft.roles.LeaderRole - RaftServer{1}{role=LEADER} - Appended Indexed{index=65, entry=CommandEntry{term=1, timestamp=2018-06-09 02:49:59,482, session=2, sequence=56, operation=PrimitiveOperation{id=DefaultOperationId{id=write, type=COMMAND}, value=byte[]{length=17, hash=-1644578928}}}}
02:49:59.482 [raft-server-1] TRACE i.a.p.raft.roles.LeaderAppender - RaftServer{1} - Sending AppendRequest{term=1, leader=1, prevLogIndex=64, prevLogTerm=1, entries=1, commitIndex=64} to 3
02:49:59.482 [raft-server-1] TRACE i.a.p.raft.roles.LeaderAppender - RaftServer{1} - Sending AppendRequest{term=1, leader=1, prevLogIndex=64, prevLogTerm=1, entries=1, commitIndex=64} to 2
02:49:59.482 [raft-server-3] TRACE i.a.p.raft.roles.FollowerRole - RaftServer{3}{role=FOLLOWER} - Received AppendRequest{term=1, leader=1, prevLogIndex=64, prevLogTerm=1, entries=1, commitIndex=64}
02:49:59.482 [raft-server-3] TRACE i.a.p.raft.roles.FollowerRole - RaftServer{3}{role=FOLLOWER} - Appended Indexed{index=65, entry=CommandEntry{term=1, timestamp=2018-06-09 02:49:59,482, session=2, sequence=56, operation=PrimitiveOperation{id=DefaultOperationId{id=write, type=COMMAND}, value=byte[]{length=17, hash=-1644578928}}}}
02:49:59.482 [raft-server-3] TRACE i.a.p.raft.roles.FollowerRole - RaftServer{3}{role=FOLLOWER} - Sending AppendResponse{status=OK, term=1, succeeded=true, lastLogIndex=65}
02:49:59.483 [raft-server-2] TRACE i.a.p.raft.roles.FollowerRole - RaftServer{2}{role=FOLLOWER} - Received AppendRequest{term=1, leader=1, prevLogIndex=64, prevLogTerm=1, entries=1, commitIndex=64}
02:49:59.483 [raft-server-2] TRACE i.a.p.raft.roles.FollowerRole - RaftServer{2}{role=FOLLOWER} - Appended Indexed{index=65, entry=CommandEntry{term=1, timestamp=2018-06-09 02:49:59,482, session=2, sequence=56, operation=PrimitiveOperation{id=DefaultOperationId{id=write, type=COMMAND}, value=byte[]{length=17, hash=-1644578928}}}}
02:49:59.483 [raft-server-2] TRACE i.a.p.raft.roles.FollowerRole - RaftServer{2}{role=FOLLOWER} - Sending AppendResponse{status=OK, term=1, succeeded=true, lastLogIndex=65}
02:49:59.483 [raft-server-1] TRACE i.a.p.raft.roles.LeaderAppender - RaftServer{1} - Received AppendResponse{status=OK, term=1, succeeded=true, lastLogIndex=65} from 3
02:49:59.483 [raft-server-1] TRACE i.a.p.raft.roles.LeaderAppender - RaftServer{1} - Committed entries up to 65
02:49:59.561 [raft-client-86eccf48-f731-4463-9ff4-1338804a1578-4] TRACE i.a.p.r.proxy.impl.RaftProxyManager - RaftClient{86eccf48-f731-4463-9ff4-1338804a1578} - Keeping 1 sessions alive
02:49:59.561 [raft-client-86eccf48-f731-4463-9ff4-1338804a1578-4] TRACE i.a.p.r.p.impl.RaftProxyConnection - RaftClient{86eccf48-f731-4463-9ff4-1338804a1578} - Sending KeepAliveRequest{sessionIds=long[]{length=1, hash=33}, commandSequences=long[]{length=1, hash=86}, eventIndexes=long[]{length=1, hash=33}} to 3
02:49:59.561 [raft-server-3] TRACE i.a.p.raft.roles.FollowerRole - RaftServer{3}{role=FOLLOWER} - Received KeepAliveRequest{sessionIds=long[]{length=1, hash=33}, commandSequences=long[]{length=1, hash=86}, eventIndexes=long[]{length=1, hash=33}}
02:49:59.574 [raft-server-1] TRACE i.a.p.raft.roles.LeaderAppender - RaftServer{1} - Received AppendResponse{status=OK, term=1, succeeded=true, lastLogIndex=65} from 2
02:49:59.574 [raft-server-1] TRACE i.a.protocols.raft.roles.LeaderRole - RaftServer{1}{role=LEADER} - Received KeepAliveRequest{sessionIds=long[]{length=1, hash=33}, commandSequences=long[]{length=1, hash=86}, eventIndexes=long[]{length=1, hash=33}}
02:49:59.575 [raft-server-1] TRACE i.a.protocols.raft.roles.LeaderRole - RaftServer{1}{role=LEADER} - Appended Indexed{index=66, entry=KeepAliveEntry{term=1, timestamp=2018-06-09 02:49:59,574, sessionIds=long[]{length=1, hash=33}, commandSequences=long[]{length=1, hash=86}, eventIndexes=long[]{length=1, hash=33}}}
02:49:59.575 [raft-server-1] INFO  i.a.protocols.raft.impl.RaftContext - RaftServer{1} - Transitioning to INACTIVE
02:49:59.575 [raft-server-1] TRACE i.a.protocols.raft.roles.LeaderRole - RaftServer{1}{role=LEADER} - Cancelling append timer
02:49:59.575 [raft-server-1] TRACE i.a.p.raft.storage.system.MetaStore - Store vote null
02:49:59.668 [ForkJoinPool.commonPool-worker-5] DEBUG i.a.storage.journal.SegmentedJournal - Closing segment: JournalSegment{id=1, version=1, index=1, size=505}
02:49:59.668 [raft-server-1-state] TRACE i.a.p.raft.impl.RaftServiceManager - RaftServer{1} - Applying Indexed{index=65, entry=CommandEntry{term=1, timestamp=2018-06-09 02:49:59,482, session=2, sequence=56, operation=PrimitiveOperation{id=DefaultOperationId{id=write, type=COMMAND}, value=byte[]{length=17, hash=-1644578928}}}}
02:49:59.669 [ForkJoinPool.commonPool-worker-5] DEBUG i.a.storage.journal.SegmentedJournal - Closing segment: JournalSegment{id=2, version=1, index=11, size=549}
02:49:59.669 [ForkJoinPool.commonPool-worker-5] DEBUG i.a.storage.journal.SegmentedJournal - Closing segment: JournalSegment{id=3, version=1, index=21, size=549}
02:49:59.669 [raft-server-1-state] TRACE i.a.p.s.impl.DefaultServiceExecutor - PrimitiveService{2}{type=io.atomix.protocols.raft.RaftTest$TestPrimitiveType@2df83e7, name=raft-test} - Executing DefaultCommit{index=65, session=RaftSession{RaftServiceContext{server=1, type=io.atomix.protocols.raft.RaftTest$TestPrimitiveType@2df83e7, name=raft-test, id=2}, session=2, timestamp=2018-06-09 02:49:59,482}, time=2018-06-09 02:49:59,482, operation=DefaultOperationId{id=write, type=COMMAND}, value=byte[]{length=17, hash=-1644578928}}
02:49:59.669 [ForkJoinPool.commonPool-worker-5] DEBUG i.a.storage.journal.SegmentedJournal - Closing segment: JournalSegment{id=4, version=1, index=31, size=549}
02:49:59.669 [ForkJoinPool.commonPool-worker-5] DEBUG i.a.storage.journal.SegmentedJournal - Closing segment: JournalSegment{id=5, version=1, index=41, size=549}
02:49:59.669 [ForkJoinPool.commonPool-worker-5] DEBUG i.a.storage.journal.SegmentedJournal - Closing segment: JournalSegment{id=6, version=1, index=51, size=549}
02:49:59.669 [raft-server-1-state] TRACE i.a.protocols.raft.roles.LeaderRole - RaftServer{1}{role=LEADER} - Sending CommandResponse{status=OK, index=65, eventIndex=2, result=byte[]{length=3, hash=34535}}
02:49:59.669 [ForkJoinPool.commonPool-worker-5] DEBUG i.a.storage.journal.SegmentedJournal - Closing segment: JournalSegment{id=7, version=1, index=61, size=345}
02:49:59.669 [raft-server-2] TRACE i.a.p.raft.roles.FollowerRole - RaftServer{2}{role=FOLLOWER} - Sending CommandResponse{status=OK, index=65, eventIndex=2, result=byte[]{length=3, hash=34535}}
02:49:59.670 [raft-server-2] INFO  i.a.protocols.raft.impl.RaftContext - RaftServer{2} - Transitioning to INACTIVE
02:49:59.670 [raft-server-2] TRACE i.a.p.raft.roles.FollowerRole - RaftServer{2}{role=FOLLOWER} - Cancelling heartbeat timer
02:49:59.670 [ForkJoinPool.commonPool-worker-5] DEBUG i.a.storage.journal.SegmentedJournal - Closing segment: JournalSegment{id=1, version=1, index=1, size=505}
02:49:59.670 [ForkJoinPool.commonPool-worker-5] DEBUG i.a.storage.journal.SegmentedJournal - Closing segment: JournalSegment{id=2, version=1, index=11, size=549}
02:49:59.670 [ForkJoinPool.commonPool-worker-5] DEBUG i.a.storage.journal.SegmentedJournal - Closing segment: JournalSegment{id=3, version=1, index=21, size=549}
02:49:59.670 [ForkJoinPool.commonPool-worker-5] DEBUG i.a.storage.journal.SegmentedJournal - Closing segment: JournalSegment{id=4, version=1, index=31, size=549}
02:49:59.670 [ForkJoinPool.commonPool-worker-5] DEBUG i.a.storage.journal.SegmentedJournal - Closing segment: JournalSegment{id=5, version=1, index=41, size=549}
02:49:59.670 [ForkJoinPool.commonPool-worker-5] DEBUG i.a.storage.journal.SegmentedJournal - Closing segment: JournalSegment{id=6, version=1, index=51, size=549}
02:49:59.670 [ForkJoinPool.commonPool-worker-5] DEBUG i.a.storage.journal.SegmentedJournal - Closing segment: JournalSegment{id=7, version=1, index=61, size=319}
02:49:59.670 [raft-server-3] INFO  i.a.protocols.raft.impl.RaftContext - RaftServer{3} - Transitioning to INACTIVE
02:49:59.670 [raft-server-3] TRACE i.a.p.raft.roles.FollowerRole - RaftServer{3}{role=FOLLOWER} - Cancelling heartbeat timer
02:49:59.670 [ForkJoinPool.commonPool-worker-5] DEBUG i.a.storage.journal.SegmentedJournal - Closing segment: JournalSegment{id=1, version=1, index=1, size=505}
02:49:59.670 [ForkJoinPool.commonPool-worker-5] DEBUG i.a.storage.journal.SegmentedJournal - Closing segment: JournalSegment{id=2, version=1, index=11, size=549}
02:49:59.670 [ForkJoinPool.commonPool-worker-5] DEBUG i.a.storage.journal.SegmentedJournal - Closing segment: JournalSegment{id=3, version=1, index=21, size=549}
02:49:59.670 [ForkJoinPool.commonPool-worker-5] DEBUG i.a.storage.journal.SegmentedJournal - Closing segment: JournalSegment{id=4, version=1, index=31, size=549}
02:49:59.670 [ForkJoinPool.commonPool-worker-5] DEBUG i.a.storage.journal.SegmentedJournal - Closing segment: JournalSegment{id=5, version=1, index=41, size=549}
02:49:59.671 [ForkJoinPool.commonPool-worker-5] DEBUG i.a.storage.journal.SegmentedJournal - Closing segment: JournalSegment{id=6, version=1, index=51, size=549}
02:49:59.671 [ForkJoinPool.commonPool-worker-5] DEBUG i.a.storage.journal.SegmentedJournal - Closing segment: JournalSegment{id=7, version=1, index=61, size=319}
]]></system-out>
  </testcase>
  <testcase name="testPassiveJoin" classname="io.atomix.protocols.raft.RaftTest" time="4.091"/>
  <testcase name="testFiveNodesManyEventsAfterLeaderShutdown" classname="io.atomix.protocols.raft.RaftTest" time="14.07"/>
  <testcase name="testFiveNodeSubmitCommand" classname="io.atomix.protocols.raft.RaftTest" time="4.493"/>
  <testcase name="testOneNodeExpireEvent" classname="io.atomix.protocols.raft.RaftTest" time="10.22"/>
  <testcase name="testFiveNodesEventsAfterLeaderKill" classname="io.atomix.protocols.raft.RaftTest" time="14.6"/>
  <testcase name="testTwoNodeSubmitCommand" classname="io.atomix.protocols.raft.RaftTest" time="2.796"/>
  <testcase name="testThreeNodeExpireEvent" classname="io.atomix.protocols.raft.RaftTest" time="11.865"/>
  <testcase name="testResize" classname="io.atomix.protocols.raft.RaftTest" time="3.173"/>
  <testcase name="testFiveNodeCloseEvent" classname="io.atomix.protocols.raft.RaftTest" time="4.653"/>
  <testcase name="testOneNodeSubmitQueryWithLinearizableConsistency" classname="io.atomix.protocols.raft.RaftTest" time="1.656"/>
  <testcase name="testThreeNodeSubmitQueryWithBoundedLinearizableConsistency" classname="io.atomix.protocols.raft.RaftTest" time="4.163"/>
  <testcase name="testLeaderLeave" classname="io.atomix.protocols.raft.RaftTest" time="2.805"/>
  <testcase name="testFiveNodesEventsAfterFollowerKill" classname="io.atomix.protocols.raft.RaftTest" time="10.588"/>
  <testcase name="testThreeNodesEventsAfterFollowerKill" classname="io.atomix.protocols.raft.RaftTest" time="9.676"/>
  <testcase name="testFiveNodeEvents" classname="io.atomix.protocols.raft.RaftTest" time="4.578"/>
</testsuite>