<?xml version="1.0" encoding="UTF-8"?>
<testsuite name="io.atomix.protocols.raft.RaftTest" time="313.073" tests="65" errors="1" skipped="1" failures="0">
  <properties>
    <property name="java.runtime.name" value="OpenJDK Runtime Environment"/>
    <property name="sun.boot.library.path" value="/usr/lib/jvm/java-8-openjdk-amd64/jre/lib/amd64"/>
    <property name="java.vm.version" value="25.121-b13"/>
    <property name="java.vm.vendor" value="Oracle Corporation"/>
    <property name="maven.multiModuleProjectDirectory" value="/root/workspace/atomix/atomix/390643509"/>
    <property name="java.vendor.url" value="http://java.oracle.com/"/>
    <property name="path.separator" value=":"/>
    <property name="guice.disable.misplaced.annotation.check" value="true"/>
    <property name="skip.gulp" value="true"/>
    <property name="java.vm.name" value="OpenJDK 64-Bit Server VM"/>
    <property name="file.encoding.pkg" value="sun.io"/>
    <property name="sun.java.launcher" value="SUN_STANDARD"/>
    <property name="sun.os.patch.level" value="unknown"/>
    <property name="findbugs.skip" value="true"/>
    <property name="java.vm.specification.name" value="Java Virtual Machine Specification"/>
    <property name="user.dir" value="/root/workspace/atomix/atomix/390643509"/>
    <property name="checkstyle.skip" value="true"/>
    <property name="java.runtime.version" value="1.8.0_121-8u121-b13-1~bpo8+1-b13"/>
    <property name="java.awt.graphicsenv" value="sun.awt.X11GraphicsEnvironment"/>
    <property name="skip.npm" value="true"/>
    <property name="java.endorsed.dirs" value="/usr/lib/jvm/java-8-openjdk-amd64/jre/lib/endorsed"/>
    <property name="os.arch" value="amd64"/>
    <property name="java.io.tmpdir" value="/tmp"/>
    <property name="gpg.skip" value="true"/>
    <property name="line.separator" value="&#10;"/>
    <property name="java.vm.specification.vendor" value="Oracle Corporation"/>
    <property name="cobertura.skip" value="true"/>
    <property name="os.name" value="Linux"/>
    <property name="classworlds.conf" value="/usr/share/maven/bin/m2.conf"/>
    <property name="sun.jnu.encoding" value="UTF-8"/>
    <property name="java.library.path" value="/usr/java/packages/lib/amd64:/usr/lib/x86_64-linux-gnu/jni:/lib/x86_64-linux-gnu:/usr/lib/x86_64-linux-gnu:/usr/lib/jni:/lib:/usr/lib"/>
    <property name="license.skip" value="true"/>
    <property name="java.specification.name" value="Java Platform API Specification"/>
    <property name="java.class.version" value="52.0"/>
    <property name="sun.management.compiler" value="HotSpot 64-Bit Tiered Compilers"/>
    <property name="skip.bower" value="true"/>
    <property name="maven.repo.local" value="/root/./workspace/atomix/atomix/390643509/.m2"/>
    <property name="os.version" value="3.10.0-862.3.2.el7.x86_64"/>
    <property name="user.home" value="/root"/>
    <property name="user.timezone" value="Europe/Paris"/>
    <property name="java.awt.printerjob" value="sun.print.PSPrinterJob"/>
    <property name="java.specification.version" value="1.8"/>
    <property name="file.encoding" value="UTF-8"/>
    <property name="user.name" value="root"/>
    <property name="java.class.path" value="/usr/share/maven/boot/plexus-classworlds-2.5.2.jar"/>
    <property name="skipITs" value="true"/>
    <property name="java.vm.specification.version" value="1.8"/>
    <property name="sun.arch.data.model" value="64"/>
    <property name="java.home" value="/usr/lib/jvm/java-8-openjdk-amd64/jre"/>
    <property name="sun.java.command" value="org.codehaus.plexus.classworlds.launcher.Launcher -B -D enforcer.skip=true -D dependency-check.skip=true -D skipITs=true -D cobertura.skip=true -D maven.repo.local=/root/./workspace/atomix/atomix/390643509/.m2 -D rat.skip=true -D findbugs.skip=true -D skip.bower=true -D gpg.skip=true -D checkstyle.skip=true -D skip.gulp=true -D license.skip=true -D skip.npm=true test"/>
    <property name="java.specification.vendor" value="Oracle Corporation"/>
    <property name="user.language" value="en"/>
    <property name="awt.toolkit" value="sun.awt.X11.XToolkit"/>
    <property name="dependency-check.skip" value="true"/>
    <property name="java.vm.info" value="mixed mode"/>
    <property name="java.version" value="1.8.0_121"/>
    <property name="java.ext.dirs" value="/usr/lib/jvm/java-8-openjdk-amd64/jre/lib/ext:/usr/java/packages/lib/ext"/>
    <property name="securerandom.source" value="file:/dev/./urandom"/>
    <property name="sun.boot.class.path" value="/usr/lib/jvm/java-8-openjdk-amd64/jre/lib/resources.jar:/usr/lib/jvm/java-8-openjdk-amd64/jre/lib/rt.jar:/usr/lib/jvm/java-8-openjdk-amd64/jre/lib/sunrsasign.jar:/usr/lib/jvm/java-8-openjdk-amd64/jre/lib/jsse.jar:/usr/lib/jvm/java-8-openjdk-amd64/jre/lib/jce.jar:/usr/lib/jvm/java-8-openjdk-amd64/jre/lib/charsets.jar:/usr/lib/jvm/java-8-openjdk-amd64/jre/lib/jfr.jar:/usr/lib/jvm/java-8-openjdk-amd64/jre/classes"/>
    <property name="java.vendor" value="Oracle Corporation"/>
    <property name="enforcer.skip" value="true"/>
    <property name="rat.skip" value="true"/>
    <property name="maven.home" value="/usr/share/maven"/>
    <property name="file.separator" value="/"/>
    <property name="java.vendor.url.bug" value="http://bugreport.sun.com/bugreport/"/>
    <property name="sun.cpu.endian" value="little"/>
    <property name="sun.io.unicode.encoding" value="UnicodeLittle"/>
    <property name="sun.cpu.isalist" value=""/>
  </properties>
  <testcase name="testFourNodeSequentialEvent" classname="io.atomix.protocols.raft.RaftTest" time="4.18"/>
  <testcase name="testCrashRecover" classname="io.atomix.protocols.raft.RaftTest" time="43.485"/>
  <testcase name="testSequenceBoundedLinearizableOperations" classname="io.atomix.protocols.raft.RaftTest" time="3.051"/>
  <testcase name="testThreeOfFourNodeSubmitCommand" classname="io.atomix.protocols.raft.RaftTest" time="2.684"/>
  <testcase name="testFourNodeSubmitQueryWithLinearizableConsistency" classname="io.atomix.protocols.raft.RaftTest" time="2.716"/>
  <testcase name="testOneNodeEvents" classname="io.atomix.protocols.raft.RaftTest" time="2.484"/>
  <testcase name="testThreeNodesManyEventsAfterLeaderShutdown" classname="io.atomix.protocols.raft.RaftTest" time="5.976"/>
  <testcase name="testClientKeepAlive" classname="io.atomix.protocols.raft.RaftTest" time="12.878"/>
  <testcase name="testFiveNodeManySessionsManyEvents" classname="io.atomix.protocols.raft.RaftTest" time="4.718"/>
  <testcase name="testFourNodeEvents" classname="io.atomix.protocols.raft.RaftTest" time="3.483"/>
  <testcase name="testPassiveJoinEvent" classname="io.atomix.protocols.raft.RaftTest" time="2.946"/>
  <testcase name="testSessionMetadata" classname="io.atomix.protocols.raft.RaftTest" time="2.749"/>
  <testcase name="testFiveNodeSequentialEvent" classname="io.atomix.protocols.raft.RaftTest" time="3.387"/>
  <testcase name="testServerLeave" classname="io.atomix.protocols.raft.RaftTest" time="2.272"/>
  <testcase name="testOneNodeSubmitQueryWithSequentialConsistency" classname="io.atomix.protocols.raft.RaftTest" time="1.446"/>
  <testcase name="testFourNodeSubmitQueryWithSequentialConsistency" classname="io.atomix.protocols.raft.RaftTest" time="2.733"/>
  <testcase name="testBlockOnEvent" classname="io.atomix.protocols.raft.RaftTest" time="3.558"/>
  <testcase name="testDemoteLeader" classname="io.atomix.protocols.raft.RaftTest" time="4.081"/>
  <testcase name="testTwoOfThreeNodeSubmitCommand" classname="io.atomix.protocols.raft.RaftTest" time="2.124"/>
  <testcase name="testOneNodeCloseEvent" classname="io.atomix.protocols.raft.RaftTest" time="1.462"/>
  <testcase name="testOneNodeSequentialEvent" classname="io.atomix.protocols.raft.RaftTest" time="1.434"/>
  <testcase name="testThreeNodeSubmitCommand" classname="io.atomix.protocols.raft.RaftTest" time="3.08"/>
  <testcase name="testActiveJoinLate" classname="io.atomix.protocols.raft.RaftTest" time="17.347">
    <error message="Test timed out while waiting for an expected result" type="java.util.concurrent.TimeoutException">java.util.concurrent.TimeoutException: Test timed out while waiting for an expected result
	at net.jodah.concurrentunit.Waiter.await(Waiter.java:168)
	at net.jodah.concurrentunit.Waiter.await(Waiter.java:115)
	at net.jodah.concurrentunit.ConcurrentTestCase.await(ConcurrentTestCase.java:98)
	at io.atomix.protocols.raft.RaftTest.testServerJoinLate(RaftTest.java:204)
	at io.atomix.protocols.raft.RaftTest.testActiveJoinLate(RaftTest.java:185)
</error>
    <system-out><![CDATA[10:08:01.148 [main] DEBUG i.a.storage.journal.SegmentedJournal - Created disk segment: JournalSegment{id=1, version=1, index=1, size=64}
10:08:01.148 [main] TRACE i.a.p.raft.storage.system.MetaStore - Store configuration Configuration{index=0, time=2018-06-11 10:08:01,148, members=[DefaultRaftMember{id=2, type=ACTIVE, updated=2018-06-11T08:08:01.148Z}, DefaultRaftMember{id=1, type=ACTIVE, updated=2018-06-11T08:08:01.148Z}, DefaultRaftMember{id=3, type=ACTIVE, updated=2018-06-11T08:08:01.148Z}]}
10:08:01.164 [raft-server-1] INFO  i.a.protocols.raft.impl.RaftContext - RaftServer{1} - Transitioning to FOLLOWER
10:08:01.165 [raft-server-1] DEBUG i.a.p.r.c.impl.RaftClusterContext - RaftServer{1} - Attempting to join via 2
10:08:01.165 [raft-server-1] TRACE i.a.p.r.c.impl.RaftClusterContext - RaftServer{1} - Cancelling join timeout
10:08:01.165 [raft-server-1] DEBUG i.a.p.r.c.impl.RaftClusterContext - RaftServer{1} - Failed to join 2
10:08:01.165 [raft-server-1] DEBUG i.a.p.r.c.impl.RaftClusterContext - RaftServer{1} - Attempting to join via 3
10:08:01.165 [raft-server-1] TRACE i.a.p.r.c.impl.RaftClusterContext - RaftServer{1} - Cancelling join timeout
10:08:01.165 [raft-server-1] DEBUG i.a.p.r.c.impl.RaftClusterContext - RaftServer{1} - Failed to join 3
10:08:01.165 [raft-server-1] DEBUG i.a.p.r.c.impl.RaftClusterContext - RaftServer{1} - Failed to join cluster, retrying...
10:08:01.364 [main] DEBUG i.a.storage.journal.SegmentedJournal - Created disk segment: JournalSegment{id=1, version=1, index=1, size=64}
10:08:01.365 [main] TRACE i.a.p.raft.storage.system.MetaStore - Store configuration Configuration{index=0, time=2018-06-11 10:08:01,364, members=[DefaultRaftMember{id=2, type=ACTIVE, updated=2018-06-11T08:08:01.364Z}, DefaultRaftMember{id=1, type=ACTIVE, updated=2018-06-11T08:08:01.364Z}, DefaultRaftMember{id=3, type=ACTIVE, updated=2018-06-11T08:08:01.364Z}]}
10:08:01.387 [raft-server-2] INFO  i.a.protocols.raft.impl.RaftContext - RaftServer{2} - Transitioning to FOLLOWER
10:08:01.387 [raft-server-2] DEBUG i.a.p.r.c.impl.RaftClusterContext - RaftServer{2} - Attempting to join via 1
10:08:01.387 [raft-server-1] TRACE i.a.p.raft.roles.FollowerRole - RaftServer{1}{role=FOLLOWER} - Received JoinRequest{member=DefaultRaftMember{id=2, type=ACTIVE, updated=2018-06-11T08:08:01.364Z}}
10:08:01.387 [raft-server-1] TRACE i.a.p.raft.roles.FollowerRole - RaftServer{1}{role=FOLLOWER} - Sending JoinResponse{status=ERROR, error=RaftError{type=NO_LEADER, message=null}}
10:08:01.387 [raft-server-2] TRACE i.a.p.r.c.impl.RaftClusterContext - RaftServer{2} - Cancelling join timeout
10:08:01.387 [raft-server-2] DEBUG i.a.p.r.c.impl.RaftClusterContext - RaftServer{2} - Failed to join 1
10:08:01.387 [raft-server-2] DEBUG i.a.p.r.c.impl.RaftClusterContext - RaftServer{2} - Attempting to join via 3
10:08:01.388 [raft-server-2] TRACE i.a.p.r.c.impl.RaftClusterContext - RaftServer{2} - Cancelling join timeout
10:08:01.388 [raft-server-2] DEBUG i.a.p.r.c.impl.RaftClusterContext - RaftServer{2} - Failed to join 3
10:08:01.388 [raft-server-2] DEBUG i.a.p.r.c.impl.RaftClusterContext - RaftServer{2} - Failed to join cluster, retrying...
10:08:01.572 [main] DEBUG i.a.storage.journal.SegmentedJournal - Created disk segment: JournalSegment{id=1, version=1, index=1, size=64}
10:08:01.573 [main] TRACE i.a.p.raft.storage.system.MetaStore - Store configuration Configuration{index=0, time=2018-06-11 10:08:01,573, members=[DefaultRaftMember{id=2, type=ACTIVE, updated=2018-06-11T08:08:01.573Z}, DefaultRaftMember{id=1, type=ACTIVE, updated=2018-06-11T08:08:01.573Z}, DefaultRaftMember{id=3, type=ACTIVE, updated=2018-06-11T08:08:01.573Z}]}
10:08:01.595 [raft-server-3] INFO  i.a.protocols.raft.impl.RaftContext - RaftServer{3} - Transitioning to FOLLOWER
10:08:01.596 [raft-server-3] DEBUG i.a.p.r.c.impl.RaftClusterContext - RaftServer{3} - Attempting to join via 2
10:08:01.596 [raft-server-2] TRACE i.a.p.raft.roles.FollowerRole - RaftServer{2}{role=FOLLOWER} - Received JoinRequest{member=DefaultRaftMember{id=3, type=ACTIVE, updated=2018-06-11T08:08:01.573Z}}
10:08:01.596 [raft-server-2] TRACE i.a.p.raft.roles.FollowerRole - RaftServer{2}{role=FOLLOWER} - Sending JoinResponse{status=ERROR, error=RaftError{type=NO_LEADER, message=null}}
10:08:01.596 [raft-server-3] TRACE i.a.p.r.c.impl.RaftClusterContext - RaftServer{3} - Cancelling join timeout
10:08:01.596 [raft-server-3] DEBUG i.a.p.r.c.impl.RaftClusterContext - RaftServer{3} - Failed to join 2
10:08:01.596 [raft-server-3] DEBUG i.a.p.r.c.impl.RaftClusterContext - RaftServer{3} - Attempting to join via 1
10:08:01.596 [raft-server-1] TRACE i.a.p.raft.roles.FollowerRole - RaftServer{1}{role=FOLLOWER} - Received JoinRequest{member=DefaultRaftMember{id=3, type=ACTIVE, updated=2018-06-11T08:08:01.573Z}}
10:08:01.596 [raft-server-1] TRACE i.a.p.raft.roles.FollowerRole - RaftServer{1}{role=FOLLOWER} - Sending JoinResponse{status=ERROR, error=RaftError{type=NO_LEADER, message=null}}
10:08:01.596 [raft-server-3] TRACE i.a.p.r.c.impl.RaftClusterContext - RaftServer{3} - Cancelling join timeout
10:08:01.596 [raft-server-3] DEBUG i.a.p.r.c.impl.RaftClusterContext - RaftServer{3} - Failed to join 1
10:08:01.596 [raft-server-3] DEBUG i.a.p.r.c.impl.RaftClusterContext - RaftServer{3} - Failed to join cluster, retrying...
10:08:02.409 [raft-server-1] DEBUG i.a.p.raft.roles.FollowerRole - RaftServer{1}{role=FOLLOWER} - Heartbeat timed out in PT1.244S
10:08:02.409 [raft-server-1] DEBUG i.a.p.raft.roles.FollowerRole - RaftServer{1}{role=FOLLOWER} - Polling members [DefaultRaftMember{id=2, type=ACTIVE, updated=2018-06-11T08:08:01.148Z}, DefaultRaftMember{id=3, type=ACTIVE, updated=2018-06-11T08:08:01.148Z}]
10:08:02.409 [raft-server-1] DEBUG i.a.p.raft.roles.FollowerRole - RaftServer{1}{role=FOLLOWER} - Polling DefaultRaftMember{id=2, type=ACTIVE, updated=2018-06-11T08:08:01.148Z} for next term 1
10:08:02.409 [raft-server-1] DEBUG i.a.p.raft.roles.FollowerRole - RaftServer{1}{role=FOLLOWER} - Polling DefaultRaftMember{id=3, type=ACTIVE, updated=2018-06-11T08:08:01.148Z} for next term 1
10:08:02.409 [raft-server-2] TRACE i.a.p.raft.roles.FollowerRole - RaftServer{2}{role=FOLLOWER} - Received PollRequest{term=0, candidate=1, lastLogIndex=0, lastLogTerm=0}
10:08:02.409 [raft-server-3] TRACE i.a.p.raft.roles.FollowerRole - RaftServer{3}{role=FOLLOWER} - Received PollRequest{term=0, candidate=1, lastLogIndex=0, lastLogTerm=0}
10:08:02.409 [raft-server-2] DEBUG i.a.p.raft.roles.FollowerRole - RaftServer{2}{role=FOLLOWER} - Accepted PollRequest{term=0, candidate=1, lastLogIndex=0, lastLogTerm=0}: candidate's log is up-to-date
10:08:02.409 [raft-server-3] DEBUG i.a.p.raft.roles.FollowerRole - RaftServer{3}{role=FOLLOWER} - Accepted PollRequest{term=0, candidate=1, lastLogIndex=0, lastLogTerm=0}: candidate's log is up-to-date
10:08:02.409 [raft-server-2] TRACE i.a.p.raft.roles.FollowerRole - RaftServer{2}{role=FOLLOWER} - Sending PollResponse{status=OK, term=0, accepted=true}
10:08:02.409 [raft-server-3] TRACE i.a.p.raft.roles.FollowerRole - RaftServer{3}{role=FOLLOWER} - Sending PollResponse{status=OK, term=0, accepted=true}
10:08:02.409 [raft-server-1] DEBUG i.a.p.raft.roles.FollowerRole - RaftServer{1}{role=FOLLOWER} - Received accepted poll from DefaultRaftMember{id=2, type=ACTIVE, updated=2018-06-11T08:08:01.148Z}
10:08:02.409 [raft-server-1] INFO  i.a.protocols.raft.impl.RaftContext - RaftServer{1} - Transitioning to CANDIDATE
10:08:02.410 [raft-server-1] TRACE i.a.p.raft.roles.FollowerRole - RaftServer{1}{role=FOLLOWER} - Cancelling heartbeat timer
10:08:02.410 [raft-server-1] INFO  i.a.p.raft.roles.CandidateRole - RaftServer{1}{role=CANDIDATE} - Starting election
10:08:02.410 [raft-server-1] TRACE i.a.p.raft.storage.system.MetaStore - Store term 1
10:08:02.431 [raft-server-1] TRACE i.a.p.raft.storage.system.MetaStore - Store vote null
10:08:02.453 [raft-server-1] DEBUG i.a.protocols.raft.impl.RaftContext - RaftServer{1} - Set term 1
10:08:02.453 [raft-server-1] TRACE i.a.p.raft.storage.system.MetaStore - Store vote 1
10:08:02.472 [raft-server-1] DEBUG i.a.protocols.raft.impl.RaftContext - RaftServer{1} - Voted for 1
10:08:02.473 [raft-server-1] DEBUG i.a.p.raft.roles.CandidateRole - RaftServer{1}{role=CANDIDATE} - Requesting votes for term 1
10:08:02.473 [raft-server-1] DEBUG i.a.p.raft.roles.CandidateRole - RaftServer{1}{role=CANDIDATE} - Requesting vote from DefaultRaftMember{id=2, type=ACTIVE, updated=2018-06-11T08:08:01.148Z} for term 1
10:08:02.473 [raft-server-1] DEBUG i.a.p.raft.roles.CandidateRole - RaftServer{1}{role=CANDIDATE} - Requesting vote from DefaultRaftMember{id=3, type=ACTIVE, updated=2018-06-11T08:08:01.148Z} for term 1
10:08:02.473 [raft-server-2] TRACE i.a.p.raft.roles.FollowerRole - RaftServer{2}{role=FOLLOWER} - Received VoteRequest{term=1, candidate=1, lastLogIndex=0, lastLogTerm=0}
10:08:02.473 [raft-server-3] TRACE i.a.p.raft.roles.FollowerRole - RaftServer{3}{role=FOLLOWER} - Received VoteRequest{term=1, candidate=1, lastLogIndex=0, lastLogTerm=0}
10:08:02.473 [raft-server-2] TRACE i.a.p.raft.storage.system.MetaStore - Store term 1
10:08:02.473 [raft-server-3] TRACE i.a.p.raft.storage.system.MetaStore - Store term 1
10:08:02.497 [raft-server-3] TRACE i.a.p.raft.storage.system.MetaStore - Store vote null
10:08:02.498 [raft-server-2] TRACE i.a.p.raft.storage.system.MetaStore - Store vote null
10:08:02.522 [raft-server-3] DEBUG i.a.protocols.raft.impl.RaftContext - RaftServer{3} - Set term 1
10:08:02.523 [raft-server-2] DEBUG i.a.protocols.raft.impl.RaftContext - RaftServer{2} - Set term 1
10:08:02.523 [raft-server-3] DEBUG i.a.p.raft.roles.FollowerRole - RaftServer{3}{role=FOLLOWER} - Accepted VoteRequest{term=1, candidate=1, lastLogIndex=0, lastLogTerm=0}: candidate's log is up-to-date
10:08:02.523 [raft-server-3] TRACE i.a.p.raft.storage.system.MetaStore - Store vote 1
10:08:02.523 [raft-server-2] DEBUG i.a.p.raft.roles.FollowerRole - RaftServer{2}{role=FOLLOWER} - Accepted VoteRequest{term=1, candidate=1, lastLogIndex=0, lastLogTerm=0}: candidate's log is up-to-date
10:08:02.523 [raft-server-2] TRACE i.a.p.raft.storage.system.MetaStore - Store vote 1
10:08:02.547 [raft-server-3] DEBUG i.a.protocols.raft.impl.RaftContext - RaftServer{3} - Voted for 1
10:08:02.547 [raft-server-3] TRACE i.a.p.raft.roles.FollowerRole - RaftServer{3}{role=FOLLOWER} - Sending VoteResponse{status=OK, term=1, voted=true}
10:08:02.547 [raft-server-2] DEBUG i.a.protocols.raft.impl.RaftContext - RaftServer{2} - Voted for 1
10:08:02.548 [raft-server-2] TRACE i.a.p.raft.roles.FollowerRole - RaftServer{2}{role=FOLLOWER} - Sending VoteResponse{status=OK, term=1, voted=true}
10:08:02.548 [raft-server-1] DEBUG i.a.p.raft.roles.CandidateRole - RaftServer{1}{role=CANDIDATE} - Received successful vote from DefaultRaftMember{id=3, type=ACTIVE, updated=2018-06-11T08:08:01.148Z}
10:08:02.548 [raft-server-1] INFO  i.a.protocols.raft.impl.RaftContext - RaftServer{1} - Transitioning to LEADER
10:08:02.548 [raft-server-1] DEBUG i.a.p.raft.roles.CandidateRole - RaftServer{1}{role=CANDIDATE} - Cancelling election
10:08:02.548 [raft-server-1] INFO  i.a.protocols.raft.impl.RaftContext - RaftServer{1} - Found leader 1
10:08:02.548 [raft-server-1] TRACE i.a.p.raft.storage.system.MetaStore - Store vote null
10:08:02.573 [raft-server-1] TRACE i.a.protocols.raft.roles.LeaderRole - RaftServer{1}{role=LEADER} - Appended Indexed{index=1, entry=InitializeEntry{term=1, timestamp=2018-06-11 10:08:02,548}}
10:08:02.573 [raft-server-1] DEBUG i.a.p.raft.roles.LeaderAppender - RaftServer{1} - Configuring 2
10:08:02.573 [raft-server-1] TRACE i.a.p.raft.roles.LeaderAppender - RaftServer{1} - Sending ConfigureRequest{term=1, leader=1, index=0, timestamp=1528704481148, members=[DefaultRaftMember{id=2, type=ACTIVE, updated=2018-06-11T08:08:01.148Z}, DefaultRaftMember{id=1, type=ACTIVE, updated=2018-06-11T08:08:01.148Z}, DefaultRaftMember{id=3, type=ACTIVE, updated=2018-06-11T08:08:01.148Z}]} to 2
10:08:02.573 [raft-server-1] DEBUG i.a.p.raft.roles.LeaderAppender - RaftServer{1} - Configuring 3
10:08:02.573 [raft-server-1] TRACE i.a.p.raft.roles.LeaderAppender - RaftServer{1} - Sending ConfigureRequest{term=1, leader=1, index=0, timestamp=1528704481148, members=[DefaultRaftMember{id=2, type=ACTIVE, updated=2018-06-11T08:08:01.148Z}, DefaultRaftMember{id=1, type=ACTIVE, updated=2018-06-11T08:08:01.148Z}, DefaultRaftMember{id=3, type=ACTIVE, updated=2018-06-11T08:08:01.148Z}]} to 3
10:08:02.573 [raft-server-2] TRACE i.a.p.raft.roles.FollowerRole - RaftServer{2}{role=FOLLOWER} - Received ConfigureRequest{term=1, leader=1, index=0, timestamp=1528704481148, members=[DefaultRaftMember{id=2, type=ACTIVE, updated=2018-06-11T08:08:01.148Z}, DefaultRaftMember{id=1, type=ACTIVE, updated=2018-06-11T08:08:01.148Z}, DefaultRaftMember{id=3, type=ACTIVE, updated=2018-06-11T08:08:01.148Z}]}
10:08:02.573 [raft-server-3] TRACE i.a.p.raft.roles.FollowerRole - RaftServer{3}{role=FOLLOWER} - Received ConfigureRequest{term=1, leader=1, index=0, timestamp=1528704481148, members=[DefaultRaftMember{id=2, type=ACTIVE, updated=2018-06-11T08:08:01.148Z}, DefaultRaftMember{id=1, type=ACTIVE, updated=2018-06-11T08:08:01.148Z}, DefaultRaftMember{id=3, type=ACTIVE, updated=2018-06-11T08:08:01.148Z}]}
10:08:02.573 [raft-server-2] INFO  i.a.protocols.raft.impl.RaftContext - RaftServer{2} - Found leader 1
10:08:02.573 [raft-server-1] TRACE i.a.protocols.raft.roles.LeaderRole - RaftServer{1}{role=LEADER} - Starting append timer
10:08:02.573 [raft-server-3] INFO  i.a.protocols.raft.impl.RaftContext - RaftServer{3} - Found leader 1
10:08:02.574 [raft-server-2] TRACE i.a.p.raft.storage.system.MetaStore - Store vote null
10:08:02.574 [raft-server-1] TRACE i.a.p.raft.roles.LeaderAppender - RaftServer{1} - Sending AppendRequest{term=1, leader=1, prevLogIndex=0, prevLogTerm=0, entries=0, commitIndex=0} to 2
10:08:02.574 [raft-server-3] TRACE i.a.p.raft.storage.system.MetaStore - Store vote null
10:08:02.574 [raft-server-1] TRACE i.a.p.raft.roles.LeaderAppender - RaftServer{1} - Sending AppendRequest{term=1, leader=1, prevLogIndex=0, prevLogTerm=0, entries=0, commitIndex=0} to 3
10:08:02.598 [raft-server-3] TRACE i.a.p.raft.roles.FollowerRole - RaftServer{3}{role=FOLLOWER} - Sending ConfigureResponse{status=OK}
10:08:02.598 [raft-server-2] TRACE i.a.p.raft.roles.FollowerRole - RaftServer{2}{role=FOLLOWER} - Sending ConfigureResponse{status=OK}
10:08:02.598 [raft-server-3] TRACE i.a.p.raft.roles.FollowerRole - RaftServer{3}{role=FOLLOWER} - Received AppendRequest{term=1, leader=1, prevLogIndex=0, prevLogTerm=0, entries=0, commitIndex=0}
10:08:02.598 [raft-server-1] TRACE i.a.p.raft.roles.LeaderAppender - RaftServer{1} - Received ConfigureResponse{status=OK} from 3
10:08:02.598 [raft-server-2] TRACE i.a.p.raft.roles.FollowerRole - RaftServer{2}{role=FOLLOWER} - Received AppendRequest{term=1, leader=1, prevLogIndex=0, prevLogTerm=0, entries=0, commitIndex=0}
10:08:02.598 [raft-server-3] TRACE i.a.p.raft.roles.FollowerRole - RaftServer{3}{role=FOLLOWER} - Sending AppendResponse{status=OK, term=1, succeeded=true, lastLogIndex=0}
10:08:02.598 [raft-server-1] TRACE i.a.p.raft.roles.LeaderAppender - RaftServer{1} - Received ConfigureResponse{status=OK} from 2
10:08:02.598 [raft-server-2] TRACE i.a.p.raft.roles.FollowerRole - RaftServer{2}{role=FOLLOWER} - Sending AppendResponse{status=OK, term=1, succeeded=true, lastLogIndex=0}
10:08:02.598 [raft-server-1] TRACE i.a.p.raft.roles.LeaderAppender - RaftServer{1} - Received AppendResponse{status=OK, term=1, succeeded=true, lastLogIndex=0} from 3
10:08:02.598 [raft-server-1] TRACE i.a.p.raft.roles.LeaderAppender - RaftServer{1} - Sending AppendRequest{term=1, leader=1, prevLogIndex=0, prevLogTerm=0, entries=1, commitIndex=0} to 3
10:08:02.598 [raft-server-3] TRACE i.a.p.raft.roles.FollowerRole - RaftServer{3}{role=FOLLOWER} - Received AppendRequest{term=1, leader=1, prevLogIndex=0, prevLogTerm=0, entries=1, commitIndex=0}
10:08:02.598 [raft-server-1] TRACE i.a.p.raft.roles.LeaderAppender - RaftServer{1} - Received AppendResponse{status=OK, term=1, succeeded=true, lastLogIndex=0} from 2
10:08:02.598 [raft-server-3] DEBUG i.a.p.raft.roles.FollowerRole - RaftServer{3}{role=FOLLOWER} - Reset first index to 1
10:08:02.598 [raft-server-1] TRACE i.a.p.raft.roles.LeaderAppender - RaftServer{1} - Sending AppendRequest{term=1, leader=1, prevLogIndex=0, prevLogTerm=0, entries=1, commitIndex=0} to 2
10:08:02.598 [raft-server-2] TRACE i.a.p.raft.roles.FollowerRole - RaftServer{2}{role=FOLLOWER} - Received AppendRequest{term=1, leader=1, prevLogIndex=0, prevLogTerm=0, entries=1, commitIndex=0}
10:08:02.598 [raft-server-2] DEBUG i.a.p.raft.roles.FollowerRole - RaftServer{2}{role=FOLLOWER} - Reset first index to 1
10:08:02.598 [raft-server-3] TRACE i.a.p.raft.roles.FollowerRole - RaftServer{3}{role=FOLLOWER} - Appended Indexed{index=1, entry=InitializeEntry{term=1, timestamp=2018-06-11 10:08:02,548}}
10:08:02.598 [raft-server-3] TRACE i.a.p.raft.roles.FollowerRole - RaftServer{3}{role=FOLLOWER} - Sending AppendResponse{status=OK, term=1, succeeded=true, lastLogIndex=1}
10:08:02.598 [raft-server-1] TRACE i.a.p.raft.roles.LeaderAppender - RaftServer{1} - Received AppendResponse{status=OK, term=1, succeeded=true, lastLogIndex=1} from 3
10:08:02.598 [raft-server-2] TRACE i.a.p.raft.roles.FollowerRole - RaftServer{2}{role=FOLLOWER} - Appended Indexed{index=1, entry=InitializeEntry{term=1, timestamp=2018-06-11 10:08:02,548}}
10:08:02.598 [raft-server-1] TRACE i.a.p.raft.roles.LeaderAppender - RaftServer{1} - Committed entries up to 1
10:08:02.598 [raft-server-2] TRACE i.a.p.raft.roles.FollowerRole - RaftServer{2}{role=FOLLOWER} - Sending AppendResponse{status=OK, term=1, succeeded=true, lastLogIndex=1}
10:08:02.631 [raft-server-1] TRACE i.a.p.raft.roles.LeaderAppender - RaftServer{1} - Received AppendResponse{status=OK, term=1, succeeded=true, lastLogIndex=1} from 2
10:08:02.631 [raft-server-1-state] TRACE i.a.p.raft.impl.RaftServiceManager - RaftServer{1} - Applying Indexed{index=1, entry=InitializeEntry{term=1, timestamp=2018-06-11 10:08:02,548}}
10:08:02.665 [raft-server-1] TRACE i.a.p.r.c.impl.RaftClusterContext - RaftServer{1} - Cancelling join timeout
10:08:02.665 [raft-server-1] DEBUG i.a.p.r.c.impl.RaftClusterContext - RaftServer{1} - Attempting to join via 2
10:08:02.665 [raft-server-2] TRACE i.a.p.raft.roles.FollowerRole - RaftServer{2}{role=FOLLOWER} - Received JoinRequest{member=DefaultRaftMember{id=1, type=ACTIVE, updated=2018-06-11T08:08:01.148Z}}
10:08:02.666 [raft-server-1] TRACE i.a.protocols.raft.roles.LeaderRole - RaftServer{1}{role=LEADER} - Received JoinRequest{member=DefaultRaftMember{id=1, type=ACTIVE, updated=2018-06-11T08:08:01.148Z}}
10:08:02.666 [raft-server-1] TRACE i.a.protocols.raft.roles.LeaderRole - RaftServer{1}{role=LEADER} - Sending JoinResponse{status=OK, index=0, term=0, timestamp=1528704481148, members=[DefaultRaftMember{id=2, type=ACTIVE, updated=2018-06-11T08:08:01.148Z}, DefaultRaftMember{id=1, type=ACTIVE, updated=2018-06-11T08:08:01.148Z}, DefaultRaftMember{id=3, type=ACTIVE, updated=2018-06-11T08:08:01.148Z}]}
10:08:02.666 [raft-server-2] TRACE i.a.p.raft.roles.FollowerRole - RaftServer{2}{role=FOLLOWER} - Sending JoinResponse{status=OK, index=0, term=0, timestamp=1528704481148, members=[DefaultRaftMember{id=2, type=ACTIVE, updated=2018-06-11T08:08:01.148Z}, DefaultRaftMember{id=1, type=ACTIVE, updated=2018-06-11T08:08:01.148Z}, DefaultRaftMember{id=3, type=ACTIVE, updated=2018-06-11T08:08:01.148Z}]}
10:08:02.666 [raft-server-1] TRACE i.a.p.r.c.impl.RaftClusterContext - RaftServer{1} - Cancelling join timeout
10:08:02.666 [raft-server-1] INFO  i.a.p.r.c.impl.RaftClusterContext - RaftServer{1} - Successfully joined via 2
10:08:02.666 [raft-server-1] INFO  i.a.p.raft.impl.DefaultRaftServer - RaftServer{1} - Server started successfully!
10:08:02.824 [raft-server-1] TRACE i.a.p.raft.roles.LeaderAppender - RaftServer{1} - Sending AppendRequest{term=1, leader=1, prevLogIndex=1, prevLogTerm=1, entries=0, commitIndex=1} to 2
10:08:02.824 [raft-server-1] TRACE i.a.p.raft.roles.LeaderAppender - RaftServer{1} - Sending AppendRequest{term=1, leader=1, prevLogIndex=1, prevLogTerm=1, entries=0, commitIndex=1} to 3
10:08:02.824 [raft-server-3] TRACE i.a.p.raft.roles.FollowerRole - RaftServer{3}{role=FOLLOWER} - Received AppendRequest{term=1, leader=1, prevLogIndex=1, prevLogTerm=1, entries=0, commitIndex=1}
10:08:02.824 [raft-server-2] TRACE i.a.p.raft.roles.FollowerRole - RaftServer{2}{role=FOLLOWER} - Received AppendRequest{term=1, leader=1, prevLogIndex=1, prevLogTerm=1, entries=0, commitIndex=1}
10:08:02.856 [raft-server-3] TRACE i.a.p.raft.roles.FollowerRole - RaftServer{3}{role=FOLLOWER} - Committed entries up to index 1
10:08:02.856 [raft-server-2] TRACE i.a.p.raft.roles.FollowerRole - RaftServer{2}{role=FOLLOWER} - Committed entries up to index 1
10:08:02.856 [raft-server-3] TRACE i.a.p.raft.roles.FollowerRole - RaftServer{3}{role=FOLLOWER} - Sending AppendResponse{status=OK, term=1, succeeded=true, lastLogIndex=1}
10:08:02.856 [raft-server-2] TRACE i.a.p.raft.roles.FollowerRole - RaftServer{2}{role=FOLLOWER} - Sending AppendResponse{status=OK, term=1, succeeded=true, lastLogIndex=1}
10:08:02.856 [raft-server-1] TRACE i.a.p.raft.roles.LeaderAppender - RaftServer{1} - Received AppendResponse{status=OK, term=1, succeeded=true, lastLogIndex=1} from 3
10:08:02.856 [raft-server-1] TRACE i.a.p.raft.roles.LeaderAppender - RaftServer{1} - Sending AppendRequest{term=1, leader=1, prevLogIndex=1, prevLogTerm=1, entries=0, commitIndex=1} to 3
10:08:02.856 [raft-server-1] TRACE i.a.p.raft.roles.LeaderAppender - RaftServer{1} - Received AppendResponse{status=OK, term=1, succeeded=true, lastLogIndex=1} from 2
10:08:02.856 [raft-server-3] TRACE i.a.p.raft.roles.FollowerRole - RaftServer{3}{role=FOLLOWER} - Received AppendRequest{term=1, leader=1, prevLogIndex=1, prevLogTerm=1, entries=0, commitIndex=1}
10:08:02.856 [raft-server-2-state] TRACE i.a.p.raft.impl.RaftServiceManager - RaftServer{2} - Applying Indexed{index=1, entry=InitializeEntry{term=1, timestamp=2018-06-11 10:08:02,548}}
10:08:02.856 [raft-server-3-state] TRACE i.a.p.raft.impl.RaftServiceManager - RaftServer{3} - Applying Indexed{index=1, entry=InitializeEntry{term=1, timestamp=2018-06-11 10:08:02,548}}
10:08:02.856 [raft-server-1] TRACE i.a.p.raft.roles.LeaderAppender - RaftServer{1} - Sending AppendRequest{term=1, leader=1, prevLogIndex=1, prevLogTerm=1, entries=0, commitIndex=1} to 2
10:08:02.856 [raft-server-3] TRACE i.a.p.raft.roles.FollowerRole - RaftServer{3}{role=FOLLOWER} - Sending AppendResponse{status=OK, term=1, succeeded=true, lastLogIndex=1}
10:08:02.856 [raft-server-2] TRACE i.a.p.raft.roles.FollowerRole - RaftServer{2}{role=FOLLOWER} - Received AppendRequest{term=1, leader=1, prevLogIndex=1, prevLogTerm=1, entries=0, commitIndex=1}
10:08:02.856 [raft-server-1] TRACE i.a.p.raft.roles.LeaderAppender - RaftServer{1} - Received AppendResponse{status=OK, term=1, succeeded=true, lastLogIndex=1} from 3
10:08:02.856 [raft-server-2] TRACE i.a.p.raft.roles.FollowerRole - RaftServer{2}{role=FOLLOWER} - Sending AppendResponse{status=OK, term=1, succeeded=true, lastLogIndex=1}
10:08:02.856 [raft-server-1] TRACE i.a.p.raft.roles.LeaderAppender - RaftServer{1} - Received AppendResponse{status=OK, term=1, succeeded=true, lastLogIndex=1} from 2
10:08:02.888 [raft-server-2] TRACE i.a.p.r.c.impl.RaftClusterContext - RaftServer{2} - Cancelling join timeout
10:08:02.888 [raft-server-2] DEBUG i.a.p.r.c.impl.RaftClusterContext - RaftServer{2} - Attempting to join via 1
10:08:02.888 [raft-server-1] TRACE i.a.protocols.raft.roles.LeaderRole - RaftServer{1}{role=LEADER} - Received JoinRequest{member=DefaultRaftMember{id=2, type=ACTIVE, updated=2018-06-11T08:08:01.364Z}}
10:08:02.888 [raft-server-1] TRACE i.a.protocols.raft.roles.LeaderRole - RaftServer{1}{role=LEADER} - Sending JoinResponse{status=OK, index=0, term=0, timestamp=1528704481148, members=[DefaultRaftMember{id=2, type=ACTIVE, updated=2018-06-11T08:08:01.148Z}, DefaultRaftMember{id=1, type=ACTIVE, updated=2018-06-11T08:08:01.148Z}, DefaultRaftMember{id=3, type=ACTIVE, updated=2018-06-11T08:08:01.148Z}]}
10:08:02.888 [raft-server-2] TRACE i.a.p.r.c.impl.RaftClusterContext - RaftServer{2} - Cancelling join timeout
10:08:02.888 [raft-server-2] INFO  i.a.p.r.c.impl.RaftClusterContext - RaftServer{2} - Successfully joined via 1
10:08:02.888 [raft-server-2] INFO  i.a.p.raft.impl.DefaultRaftServer - RaftServer{2} - Server started successfully!
10:08:03.074 [raft-server-1] TRACE i.a.p.raft.roles.LeaderAppender - RaftServer{1} - Sending AppendRequest{term=1, leader=1, prevLogIndex=1, prevLogTerm=1, entries=0, commitIndex=1} to 2
10:08:03.074 [raft-server-1] TRACE i.a.p.raft.roles.LeaderAppender - RaftServer{1} - Sending AppendRequest{term=1, leader=1, prevLogIndex=1, prevLogTerm=1, entries=0, commitIndex=1} to 3
10:08:03.074 [raft-server-2] TRACE i.a.p.raft.roles.FollowerRole - RaftServer{2}{role=FOLLOWER} - Received AppendRequest{term=1, leader=1, prevLogIndex=1, prevLogTerm=1, entries=0, commitIndex=1}
10:08:03.074 [raft-server-3] TRACE i.a.p.raft.roles.FollowerRole - RaftServer{3}{role=FOLLOWER} - Received AppendRequest{term=1, leader=1, prevLogIndex=1, prevLogTerm=1, entries=0, commitIndex=1}
10:08:03.074 [raft-server-2] TRACE i.a.p.raft.roles.FollowerRole - RaftServer{2}{role=FOLLOWER} - Sending AppendResponse{status=OK, term=1, succeeded=true, lastLogIndex=1}
10:08:03.074 [raft-server-3] TRACE i.a.p.raft.roles.FollowerRole - RaftServer{3}{role=FOLLOWER} - Sending AppendResponse{status=OK, term=1, succeeded=true, lastLogIndex=1}
10:08:03.074 [raft-server-1] TRACE i.a.p.raft.roles.LeaderAppender - RaftServer{1} - Received AppendResponse{status=OK, term=1, succeeded=true, lastLogIndex=1} from 2
10:08:03.074 [raft-server-1] TRACE i.a.p.raft.roles.LeaderAppender - RaftServer{1} - Sending AppendRequest{term=1, leader=1, prevLogIndex=1, prevLogTerm=1, entries=0, commitIndex=1} to 2
10:08:03.074 [raft-server-1] TRACE i.a.p.raft.roles.LeaderAppender - RaftServer{1} - Received AppendResponse{status=OK, term=1, succeeded=true, lastLogIndex=1} from 3
10:08:03.074 [raft-server-2] TRACE i.a.p.raft.roles.FollowerRole - RaftServer{2}{role=FOLLOWER} - Received AppendRequest{term=1, leader=1, prevLogIndex=1, prevLogTerm=1, entries=0, commitIndex=1}
10:08:03.074 [raft-server-1] TRACE i.a.p.raft.roles.LeaderAppender - RaftServer{1} - Sending AppendRequest{term=1, leader=1, prevLogIndex=1, prevLogTerm=1, entries=0, commitIndex=1} to 3
10:08:03.074 [raft-server-2] TRACE i.a.p.raft.roles.FollowerRole - RaftServer{2}{role=FOLLOWER} - Sending AppendResponse{status=OK, term=1, succeeded=true, lastLogIndex=1}
10:08:03.074 [raft-server-3] TRACE i.a.p.raft.roles.FollowerRole - RaftServer{3}{role=FOLLOWER} - Received AppendRequest{term=1, leader=1, prevLogIndex=1, prevLogTerm=1, entries=0, commitIndex=1}
10:08:03.074 [raft-server-3] TRACE i.a.p.raft.roles.FollowerRole - RaftServer{3}{role=FOLLOWER} - Sending AppendResponse{status=OK, term=1, succeeded=true, lastLogIndex=1}
10:08:03.074 [raft-server-1] TRACE i.a.p.raft.roles.LeaderAppender - RaftServer{1} - Received AppendResponse{status=OK, term=1, succeeded=true, lastLogIndex=1} from 2
10:08:03.074 [raft-server-1] TRACE i.a.p.raft.roles.LeaderAppender - RaftServer{1} - Sending AppendRequest{term=1, leader=1, prevLogIndex=1, prevLogTerm=1, entries=0, commitIndex=1} to 2
10:08:03.074 [raft-server-2] TRACE i.a.p.raft.roles.FollowerRole - RaftServer{2}{role=FOLLOWER} - Received AppendRequest{term=1, leader=1, prevLogIndex=1, prevLogTerm=1, entries=0, commitIndex=1}
10:08:03.074 [raft-server-1] TRACE i.a.p.raft.roles.LeaderAppender - RaftServer{1} - Received AppendResponse{status=OK, term=1, succeeded=true, lastLogIndex=1} from 3
10:08:03.074 [raft-server-2] TRACE i.a.p.raft.roles.FollowerRole - RaftServer{2}{role=FOLLOWER} - Sending AppendResponse{status=OK, term=1, succeeded=true, lastLogIndex=1}
10:08:03.074 [raft-server-1] TRACE i.a.p.raft.roles.LeaderAppender - RaftServer{1} - Sending AppendRequest{term=1, leader=1, prevLogIndex=1, prevLogTerm=1, entries=0, commitIndex=1} to 3
10:08:03.075 [raft-server-1] TRACE i.a.p.raft.roles.LeaderAppender - RaftServer{1} - Received AppendResponse{status=OK, term=1, succeeded=true, lastLogIndex=1} from 2
10:08:03.075 [raft-server-3] TRACE i.a.p.raft.roles.FollowerRole - RaftServer{3}{role=FOLLOWER} - Received AppendRequest{term=1, leader=1, prevLogIndex=1, prevLogTerm=1, entries=0, commitIndex=1}
10:08:03.075 [raft-server-3] TRACE i.a.p.raft.roles.FollowerRole - RaftServer{3}{role=FOLLOWER} - Sending AppendResponse{status=OK, term=1, succeeded=true, lastLogIndex=1}
10:08:03.075 [raft-server-1] TRACE i.a.p.raft.roles.LeaderAppender - RaftServer{1} - Sending AppendRequest{term=1, leader=1, prevLogIndex=1, prevLogTerm=1, entries=0, commitIndex=1} to 2
10:08:03.075 [raft-server-2] TRACE i.a.p.raft.roles.FollowerRole - RaftServer{2}{role=FOLLOWER} - Received AppendRequest{term=1, leader=1, prevLogIndex=1, prevLogTerm=1, entries=0, commitIndex=1}
10:08:03.075 [raft-server-1] TRACE i.a.p.raft.roles.LeaderAppender - RaftServer{1} - Received AppendResponse{status=OK, term=1, succeeded=true, lastLogIndex=1} from 3
10:08:03.075 [raft-server-2] TRACE i.a.p.raft.roles.FollowerRole - RaftServer{2}{role=FOLLOWER} - Sending AppendResponse{status=OK, term=1, succeeded=true, lastLogIndex=1}
10:08:03.075 [raft-server-1] TRACE i.a.p.raft.roles.LeaderAppender - RaftServer{1} - Sending AppendRequest{term=1, leader=1, prevLogIndex=1, prevLogTerm=1, entries=0, commitIndex=1} to 3
10:08:03.075 [raft-server-1] TRACE i.a.p.raft.roles.LeaderAppender - RaftServer{1} - Received AppendResponse{status=OK, term=1, succeeded=true, lastLogIndex=1} from 2
10:08:03.075 [raft-server-3] TRACE i.a.p.raft.roles.FollowerRole - RaftServer{3}{role=FOLLOWER} - Received AppendRequest{term=1, leader=1, prevLogIndex=1, prevLogTerm=1, entries=0, commitIndex=1}
10:08:03.075 [raft-server-3] TRACE i.a.p.raft.roles.FollowerRole - RaftServer{3}{role=FOLLOWER} - Sending AppendResponse{status=OK, term=1, succeeded=true, lastLogIndex=1}
10:08:03.075 [raft-server-1] TRACE i.a.p.raft.roles.LeaderAppender - RaftServer{1} - Received AppendResponse{status=OK, term=1, succeeded=true, lastLogIndex=1} from 3
10:08:03.096 [raft-server-3] TRACE i.a.p.r.c.impl.RaftClusterContext - RaftServer{3} - Cancelling join timeout
10:08:03.096 [raft-server-3] DEBUG i.a.p.r.c.impl.RaftClusterContext - RaftServer{3} - Attempting to join via 2
10:08:03.096 [raft-server-2] TRACE i.a.p.raft.roles.FollowerRole - RaftServer{2}{role=FOLLOWER} - Received JoinRequest{member=DefaultRaftMember{id=3, type=ACTIVE, updated=2018-06-11T08:08:01.573Z}}
10:08:03.097 [raft-server-1] TRACE i.a.protocols.raft.roles.LeaderRole - RaftServer{1}{role=LEADER} - Received JoinRequest{member=DefaultRaftMember{id=3, type=ACTIVE, updated=2018-06-11T08:08:01.573Z}}
10:08:03.097 [raft-server-1] TRACE i.a.protocols.raft.roles.LeaderRole - RaftServer{1}{role=LEADER} - Sending JoinResponse{status=OK, index=0, term=0, timestamp=1528704481148, members=[DefaultRaftMember{id=2, type=ACTIVE, updated=2018-06-11T08:08:01.148Z}, DefaultRaftMember{id=1, type=ACTIVE, updated=2018-06-11T08:08:01.148Z}, DefaultRaftMember{id=3, type=ACTIVE, updated=2018-06-11T08:08:01.148Z}]}
10:08:03.097 [raft-server-2] TRACE i.a.p.raft.roles.FollowerRole - RaftServer{2}{role=FOLLOWER} - Sending JoinResponse{status=OK, index=0, term=0, timestamp=1528704481148, members=[DefaultRaftMember{id=2, type=ACTIVE, updated=2018-06-11T08:08:01.148Z}, DefaultRaftMember{id=1, type=ACTIVE, updated=2018-06-11T08:08:01.148Z}, DefaultRaftMember{id=3, type=ACTIVE, updated=2018-06-11T08:08:01.148Z}]}
10:08:03.097 [raft-server-3] TRACE i.a.p.r.c.impl.RaftClusterContext - RaftServer{3} - Cancelling join timeout
10:08:03.097 [raft-server-3] INFO  i.a.p.r.c.impl.RaftClusterContext - RaftServer{3} - Successfully joined via 2
10:08:03.097 [raft-server-3] INFO  i.a.p.raft.impl.DefaultRaftServer - RaftServer{3} - Server started successfully!
10:08:03.098 [main] DEBUG i.a.p.s.impl.RecoveringSessionClient - SessionClient{995c025b-ba21-4dd3-828a-0c3e52b0447e} - Opening proxy session
10:08:03.098 [main] DEBUG i.a.p.r.s.impl.RaftSessionManager - RaftClient{995c025b-ba21-4dd3-828a-0c3e52b0447e} - Opening session; name: raft-test, type: io.atomix.protocols.raft.RaftTest$TestPrimitiveType@6b321262
10:08:03.098 [main] TRACE io.atomix.utils.serializer.Namespace - Creating Kryo instance for Namespace{registeredBlocks=[RegistrationBlock{begin=16, types=[([Ljava.lang.Class;@68b11545,null), ([Ljava.lang.Class;@7d0100ea,null), ([Ljava.lang.Class;@357bc488,null), ([Ljava.lang.Class;@4ea17147,null), ([Ljava.lang.Class;@2eda4eeb,io.atomix.utils.serializer.serializers.ImmutableListSerializer@5ba90d8a), ([Ljava.lang.Class;@309dcdf3,io.atomix.utils.serializer.serializers.ImmutableSetSerializer@7573b9ee), ([Ljava.lang.Class;@9a20cbd,io.atomix.utils.serializer.serializers.ImmutableMapSerializer@1af4955e), ([Ljava.lang.Class;@445821a6,null), ([Ljava.lang.Class;@2c0c4c0a,null), ([Ljava.lang.Class;@35d26ad2,null), ([Ljava.lang.Class;@bb25753,null), ([Ljava.lang.Class;@ee21292,null), ([Ljava.lang.Class;@40c06358,null), ([Ljava.lang.Class;@66e21568,null), ([Ljava.lang.Class;@7f73ce28,null), ([Ljava.lang.Class;@611b35d6,null), ([Ljava.lang.Class;@2282400e,null), ([Ljava.lang.Class;@543d5863,null), ([Ljava.lang.Class;@35dece42,null), ([Ljava.lang.Class;@dd3f8aa,io.atomix.utils.serializer.serializers.ArraysAsListSerializer@3d615b2e), ([Ljava.lang.Class;@3a1f2a1,null), ([Ljava.lang.Class;@40ce9049,null), ([Ljava.lang.Class;@52ca2652,null), ([Ljava.lang.Class;@65c5bf0e,null), ([Ljava.lang.Class;@697d6ded,null), ([Ljava.lang.Class;@5d05f453,null), ([Ljava.lang.Class;@5efeb117,null), ([Ljava.lang.Class;@160b4809,null), ([Ljava.lang.Class;@149b4d20,null), ([Ljava.lang.Class;@664e848c,null), ([Ljava.lang.Class;@4d93f75b,null), ([Ljava.lang.Class;@114a5e0,null), ([Ljava.lang.Class;@4f281aaf,null), ([Ljava.lang.Class;@5d508d22,null), ([Ljava.lang.Class;@f2b90fc,null)]}, RegistrationBlock{begin=51, types=[([Ljava.lang.Class;@325162e9,null)]}]}
10:08:03.098 [main] TRACE io.atomix.utils.serializer.Namespace - class [B registered as 16
10:08:03.098 [main] TRACE io.atomix.utils.serializer.Namespace - class java.util.concurrent.atomic.AtomicBoolean registered as 17
10:08:03.098 [main] TRACE io.atomix.utils.serializer.Namespace - class java.util.concurrent.atomic.AtomicInteger registered as 18
10:08:03.098 [main] TRACE io.atomix.utils.serializer.Namespace - class java.util.concurrent.atomic.AtomicLong registered as 19
10:08:03.098 [main] TRACE io.atomix.utils.serializer.Namespace - class com.google.common.collect.ImmutableList registered as 20
10:08:03.098 [main] TRACE io.atomix.utils.serializer.Namespace - class com.google.common.collect.RegularImmutableList registered as 20
10:08:03.098 [main] TRACE io.atomix.utils.serializer.Namespace - class com.google.common.collect.RegularImmutableList registered as 20
10:08:03.098 [main] TRACE io.atomix.utils.serializer.Namespace - class com.google.common.collect.ImmutableList$SubList registered as 20
10:08:03.098 [main] TRACE io.atomix.utils.serializer.Namespace - class com.google.common.collect.ImmutableSet registered as 21
10:08:03.098 [main] TRACE io.atomix.utils.serializer.Namespace - class com.google.common.collect.RegularImmutableSet registered as 21
10:08:03.098 [main] TRACE io.atomix.utils.serializer.Namespace - class com.google.common.collect.SingletonImmutableSet registered as 21
10:08:03.098 [main] TRACE io.atomix.utils.serializer.Namespace - class com.google.common.collect.RegularImmutableSet registered as 21
10:08:03.098 [main] TRACE io.atomix.utils.serializer.Namespace - class com.google.common.collect.ImmutableMap registered as 22
10:08:03.098 [main] TRACE io.atomix.utils.serializer.Namespace - class com.google.common.collect.RegularImmutableMap registered as 22
10:08:03.098 [main] TRACE io.atomix.utils.serializer.Namespace - class com.google.common.collect.RegularImmutableMap registered as 22
10:08:03.098 [main] TRACE io.atomix.utils.serializer.Namespace - class com.google.common.collect.RegularImmutableMap registered as 22
10:08:03.098 [main] TRACE io.atomix.utils.serializer.Namespace - class java.util.Collections$UnmodifiableSet registered as 23
10:08:03.098 [main] TRACE io.atomix.utils.serializer.Namespace - class java.util.HashMap registered as 24
10:08:03.098 [main] TRACE io.atomix.utils.serializer.Namespace - class java.util.concurrent.ConcurrentHashMap registered as 25
10:08:03.098 [main] TRACE io.atomix.utils.serializer.Namespace - class java.util.concurrent.CopyOnWriteArraySet registered as 26
10:08:03.098 [main] TRACE io.atomix.utils.serializer.Namespace - class java.util.ArrayList registered as 27
10:08:03.098 [main] TRACE io.atomix.utils.serializer.Namespace - class java.util.LinkedList registered as 28
10:08:03.098 [main] TRACE io.atomix.utils.serializer.Namespace - class java.util.HashSet registered as 29
10:08:03.099 [main] TRACE io.atomix.utils.serializer.Namespace - class java.util.LinkedHashSet registered as 30
10:08:03.099 [main] TRACE io.atomix.utils.serializer.Namespace - class java.util.ArrayDeque registered as 31
10:08:03.099 [main] TRACE io.atomix.utils.serializer.Namespace - class com.google.common.collect.HashMultiset registered as 32
10:08:03.099 [main] TRACE io.atomix.utils.serializer.Namespace - class com.google.common.collect.Sets registered as 33
10:08:03.099 [main] TRACE io.atomix.utils.serializer.Namespace - class com.google.common.collect.ImmutableEntry registered as 34
10:08:03.099 [main] TRACE io.atomix.utils.serializer.Namespace - class java.util.Arrays$ArrayList registered as 35
10:08:03.099 [main] TRACE io.atomix.utils.serializer.Namespace - class java.util.Collections$SingletonList registered as 36
10:08:03.099 [main] TRACE io.atomix.utils.serializer.Namespace - class java.time.Duration registered as 37
10:08:03.099 [main] TRACE io.atomix.utils.serializer.Namespace - class java.util.Collections$EmptySet registered as 38
10:08:03.099 [main] TRACE io.atomix.utils.serializer.Namespace - class java.util.Optional registered as 39
10:08:03.099 [main] TRACE io.atomix.utils.serializer.Namespace - class java.util.Collections$EmptyList registered as 40
10:08:03.099 [main] TRACE io.atomix.utils.serializer.Namespace - class java.util.Collections$SingletonSet registered as 41
10:08:03.099 [main] TRACE io.atomix.utils.serializer.Namespace - class [I registered as 42
10:08:03.099 [main] TRACE io.atomix.utils.serializer.Namespace - class [J registered as 43
10:08:03.099 [main] TRACE io.atomix.utils.serializer.Namespace - class [S registered as 44
10:08:03.099 [main] TRACE io.atomix.utils.serializer.Namespace - class [D registered as 45
10:08:03.099 [main] TRACE io.atomix.utils.serializer.Namespace - class [F registered as 46
10:08:03.099 [main] TRACE io.atomix.utils.serializer.Namespace - class [C registered as 47
10:08:03.099 [main] TRACE io.atomix.utils.serializer.Namespace - class [Ljava.lang.String; registered as 48
10:08:03.099 [main] TRACE io.atomix.utils.serializer.Namespace - class [Z registered as 49
10:08:03.099 [main] TRACE io.atomix.utils.serializer.Namespace - class [Ljava.lang.Object; registered as 50
10:08:03.099 [main] TRACE io.atomix.utils.serializer.Namespace - class io.atomix.primitive.service.ServiceConfig registered as 51
10:08:03.099 [raft-client-995c025b-ba21-4dd3-828a-0c3e52b0447e-0] TRACE i.a.p.r.s.impl.RaftSessionConnection - RaftClient{995c025b-ba21-4dd3-828a-0c3e52b0447e} - Sending OpenSessionRequest{node=4, serviceName=raft-test, serviceType=raft-test, readConsistency=LINEARIZABLE, minTimeout=250, maxTimeout=5000} to 1
10:08:03.099 [raft-server-1] TRACE i.a.protocols.raft.roles.LeaderRole - RaftServer{1}{role=LEADER} - Received OpenSessionRequest{node=4, serviceName=raft-test, serviceType=raft-test, readConsistency=LINEARIZABLE, minTimeout=250, maxTimeout=5000}
10:08:03.100 [raft-server-1] TRACE i.a.protocols.raft.roles.LeaderRole - RaftServer{1}{role=LEADER} - Appended Indexed{index=2, entry=OpenSessionEntry{term=1, timestamp=2018-06-11 10:08:03,099, node=4, serviceName=raft-test, serviceType=raft-test, serviceConfig=byte[]{length=2, hash=2605}, readConsistency=LINEARIZABLE, minTimeout=250, maxTimeout=5000}}
10:08:03.100 [raft-server-1] TRACE i.a.p.raft.roles.LeaderAppender - RaftServer{1} - Sending AppendRequest{term=1, leader=1, prevLogIndex=1, prevLogTerm=1, entries=1, commitIndex=1} to 2
10:08:03.100 [raft-server-2] TRACE i.a.p.raft.roles.FollowerRole - RaftServer{2}{role=FOLLOWER} - Received AppendRequest{term=1, leader=1, prevLogIndex=1, prevLogTerm=1, entries=1, commitIndex=1}
10:08:03.100 [raft-server-1] TRACE i.a.p.raft.roles.LeaderAppender - RaftServer{1} - Sending AppendRequest{term=1, leader=1, prevLogIndex=1, prevLogTerm=1, entries=1, commitIndex=1} to 3
10:08:03.100 [raft-server-3] TRACE i.a.p.raft.roles.FollowerRole - RaftServer{3}{role=FOLLOWER} - Received AppendRequest{term=1, leader=1, prevLogIndex=1, prevLogTerm=1, entries=1, commitIndex=1}
10:08:03.100 [raft-server-2] TRACE i.a.p.raft.roles.FollowerRole - RaftServer{2}{role=FOLLOWER} - Appended Indexed{index=2, entry=OpenSessionEntry{term=1, timestamp=2018-06-11 10:08:03,099, node=4, serviceName=raft-test, serviceType=raft-test, serviceConfig=byte[]{length=2, hash=2605}, readConsistency=LINEARIZABLE, minTimeout=250, maxTimeout=5000}}
10:08:03.100 [raft-server-2] TRACE i.a.p.raft.roles.FollowerRole - RaftServer{2}{role=FOLLOWER} - Sending AppendResponse{status=OK, term=1, succeeded=true, lastLogIndex=2}
10:08:03.100 [raft-server-3] TRACE i.a.p.raft.roles.FollowerRole - RaftServer{3}{role=FOLLOWER} - Appended Indexed{index=2, entry=OpenSessionEntry{term=1, timestamp=2018-06-11 10:08:03,099, node=4, serviceName=raft-test, serviceType=raft-test, serviceConfig=byte[]{length=2, hash=2605}, readConsistency=LINEARIZABLE, minTimeout=250, maxTimeout=5000}}
10:08:03.100 [raft-server-3] TRACE i.a.p.raft.roles.FollowerRole - RaftServer{3}{role=FOLLOWER} - Sending AppendResponse{status=OK, term=1, succeeded=true, lastLogIndex=2}
10:08:03.100 [raft-server-1] TRACE i.a.p.raft.roles.LeaderAppender - RaftServer{1} - Received AppendResponse{status=OK, term=1, succeeded=true, lastLogIndex=2} from 2
10:08:03.100 [raft-server-1] TRACE i.a.p.raft.roles.LeaderAppender - RaftServer{1} - Committed entries up to 2
10:08:03.131 [raft-server-1] TRACE i.a.p.raft.roles.LeaderAppender - RaftServer{1} - Received AppendResponse{status=OK, term=1, succeeded=true, lastLogIndex=2} from 3
10:08:03.131 [raft-server-1-state] TRACE i.a.p.raft.impl.RaftServiceManager - RaftServer{1} - Applying Indexed{index=2, entry=OpenSessionEntry{term=1, timestamp=2018-06-11 10:08:03,099, node=4, serviceName=raft-test, serviceType=raft-test, serviceConfig=byte[]{length=2, hash=2605}, readConsistency=LINEARIZABLE, minTimeout=250, maxTimeout=5000}}
10:08:03.131 [raft-server-1-state] TRACE io.atomix.utils.serializer.Namespace - Creating Kryo instance for Namespace{registeredBlocks=[RegistrationBlock{begin=16, types=[([Ljava.lang.Class;@68b11545,null), ([Ljava.lang.Class;@7d0100ea,null), ([Ljava.lang.Class;@357bc488,null), ([Ljava.lang.Class;@4ea17147,null), ([Ljava.lang.Class;@2eda4eeb,io.atomix.utils.serializer.serializers.ImmutableListSerializer@5ba90d8a), ([Ljava.lang.Class;@309dcdf3,io.atomix.utils.serializer.serializers.ImmutableSetSerializer@7573b9ee), ([Ljava.lang.Class;@9a20cbd,io.atomix.utils.serializer.serializers.ImmutableMapSerializer@1af4955e), ([Ljava.lang.Class;@445821a6,null), ([Ljava.lang.Class;@2c0c4c0a,null), ([Ljava.lang.Class;@35d26ad2,null), ([Ljava.lang.Class;@bb25753,null), ([Ljava.lang.Class;@ee21292,null), ([Ljava.lang.Class;@40c06358,null), ([Ljava.lang.Class;@66e21568,null), ([Ljava.lang.Class;@7f73ce28,null), ([Ljava.lang.Class;@611b35d6,null), ([Ljava.lang.Class;@2282400e,null), ([Ljava.lang.Class;@543d5863,null), ([Ljava.lang.Class;@35dece42,null), ([Ljava.lang.Class;@dd3f8aa,io.atomix.utils.serializer.serializers.ArraysAsListSerializer@3d615b2e), ([Ljava.lang.Class;@3a1f2a1,null), ([Ljava.lang.Class;@40ce9049,null), ([Ljava.lang.Class;@52ca2652,null), ([Ljava.lang.Class;@65c5bf0e,null), ([Ljava.lang.Class;@697d6ded,null), ([Ljava.lang.Class;@5d05f453,null), ([Ljava.lang.Class;@5efeb117,null), ([Ljava.lang.Class;@160b4809,null), ([Ljava.lang.Class;@149b4d20,null), ([Ljava.lang.Class;@664e848c,null), ([Ljava.lang.Class;@4d93f75b,null), ([Ljava.lang.Class;@114a5e0,null), ([Ljava.lang.Class;@4f281aaf,null), ([Ljava.lang.Class;@5d508d22,null), ([Ljava.lang.Class;@f2b90fc,null)]}, RegistrationBlock{begin=51, types=[([Ljava.lang.Class;@1fab1da0,null)]}]}
10:08:03.131 [raft-server-1-state] TRACE io.atomix.utils.serializer.Namespace - class [B registered as 16
10:08:03.131 [raft-server-1-state] TRACE io.atomix.utils.serializer.Namespace - class java.util.concurrent.atomic.AtomicBoolean registered as 17
10:08:03.131 [raft-server-1-state] TRACE io.atomix.utils.serializer.Namespace - class java.util.concurrent.atomic.AtomicInteger registered as 18
10:08:03.131 [raft-server-1-state] TRACE io.atomix.utils.serializer.Namespace - class java.util.concurrent.atomic.AtomicLong registered as 19
10:08:03.131 [raft-server-1-state] TRACE io.atomix.utils.serializer.Namespace - class com.google.common.collect.ImmutableList registered as 20
10:08:03.131 [raft-server-1-state] TRACE io.atomix.utils.serializer.Namespace - class com.google.common.collect.RegularImmutableList registered as 20
10:08:03.131 [raft-server-1-state] TRACE io.atomix.utils.serializer.Namespace - class com.google.common.collect.RegularImmutableList registered as 20
10:08:03.131 [raft-server-1-state] TRACE io.atomix.utils.serializer.Namespace - class com.google.common.collect.ImmutableList$SubList registered as 20
10:08:03.131 [raft-server-1-state] TRACE io.atomix.utils.serializer.Namespace - class com.google.common.collect.ImmutableSet registered as 21
10:08:03.131 [raft-server-1-state] TRACE io.atomix.utils.serializer.Namespace - class com.google.common.collect.RegularImmutableSet registered as 21
10:08:03.131 [raft-server-1-state] TRACE io.atomix.utils.serializer.Namespace - class com.google.common.collect.SingletonImmutableSet registered as 21
10:08:03.131 [raft-server-1-state] TRACE io.atomix.utils.serializer.Namespace - class com.google.common.collect.RegularImmutableSet registered as 21
10:08:03.131 [raft-server-1-state] TRACE io.atomix.utils.serializer.Namespace - class com.google.common.collect.ImmutableMap registered as 22
10:08:03.131 [raft-server-1-state] TRACE io.atomix.utils.serializer.Namespace - class com.google.common.collect.RegularImmutableMap registered as 22
10:08:03.131 [raft-server-1-state] TRACE io.atomix.utils.serializer.Namespace - class com.google.common.collect.RegularImmutableMap registered as 22
10:08:03.131 [raft-server-1-state] TRACE io.atomix.utils.serializer.Namespace - class com.google.common.collect.RegularImmutableMap registered as 22
10:08:03.131 [raft-server-1-state] TRACE io.atomix.utils.serializer.Namespace - class java.util.Collections$UnmodifiableSet registered as 23
10:08:03.131 [raft-server-1-state] TRACE io.atomix.utils.serializer.Namespace - class java.util.HashMap registered as 24
10:08:03.131 [raft-server-1-state] TRACE io.atomix.utils.serializer.Namespace - class java.util.concurrent.ConcurrentHashMap registered as 25
10:08:03.132 [raft-server-1-state] TRACE io.atomix.utils.serializer.Namespace - class java.util.concurrent.CopyOnWriteArraySet registered as 26
10:08:03.132 [raft-server-1-state] TRACE io.atomix.utils.serializer.Namespace - class java.util.ArrayList registered as 27
10:08:03.132 [raft-server-1-state] TRACE io.atomix.utils.serializer.Namespace - class java.util.LinkedList registered as 28
10:08:03.132 [raft-server-1-state] TRACE io.atomix.utils.serializer.Namespace - class java.util.HashSet registered as 29
10:08:03.132 [raft-server-1-state] TRACE io.atomix.utils.serializer.Namespace - class java.util.LinkedHashSet registered as 30
10:08:03.132 [raft-server-1-state] TRACE io.atomix.utils.serializer.Namespace - class java.util.ArrayDeque registered as 31
10:08:03.132 [raft-server-1-state] TRACE io.atomix.utils.serializer.Namespace - class com.google.common.collect.HashMultiset registered as 32
10:08:03.132 [raft-server-1-state] TRACE io.atomix.utils.serializer.Namespace - class com.google.common.collect.Sets registered as 33
10:08:03.132 [raft-server-1-state] TRACE io.atomix.utils.serializer.Namespace - class com.google.common.collect.ImmutableEntry registered as 34
10:08:03.132 [raft-server-1-state] TRACE io.atomix.utils.serializer.Namespace - class java.util.Arrays$ArrayList registered as 35
10:08:03.132 [raft-server-1-state] TRACE io.atomix.utils.serializer.Namespace - class java.util.Collections$SingletonList registered as 36
10:08:03.132 [raft-server-1-state] TRACE io.atomix.utils.serializer.Namespace - class java.time.Duration registered as 37
10:08:03.132 [raft-server-1-state] TRACE io.atomix.utils.serializer.Namespace - class java.util.Collections$EmptySet registered as 38
10:08:03.132 [raft-server-1-state] TRACE io.atomix.utils.serializer.Namespace - class java.util.Optional registered as 39
10:08:03.132 [raft-server-1-state] TRACE io.atomix.utils.serializer.Namespace - class java.util.Collections$EmptyList registered as 40
10:08:03.132 [raft-server-1-state] TRACE io.atomix.utils.serializer.Namespace - class java.util.Collections$SingletonSet registered as 41
10:08:03.132 [raft-server-1-state] TRACE io.atomix.utils.serializer.Namespace - class [I registered as 42
10:08:03.132 [raft-server-1-state] TRACE io.atomix.utils.serializer.Namespace - class [J registered as 43
10:08:03.132 [raft-server-1-state] TRACE io.atomix.utils.serializer.Namespace - class [S registered as 44
10:08:03.132 [raft-server-1-state] TRACE io.atomix.utils.serializer.Namespace - class [D registered as 45
10:08:03.132 [raft-server-1-state] TRACE io.atomix.utils.serializer.Namespace - class [F registered as 46
10:08:03.132 [raft-server-1-state] TRACE io.atomix.utils.serializer.Namespace - class [C registered as 47
10:08:03.132 [raft-server-1-state] TRACE io.atomix.utils.serializer.Namespace - class [Ljava.lang.String; registered as 48
10:08:03.132 [raft-server-1-state] TRACE io.atomix.utils.serializer.Namespace - class [Z registered as 49
10:08:03.132 [raft-server-1-state] TRACE io.atomix.utils.serializer.Namespace - class [Ljava.lang.Object; registered as 50
10:08:03.132 [raft-server-1-state] TRACE io.atomix.utils.serializer.Namespace - class io.atomix.primitive.service.ServiceConfig registered as 51
10:08:03.132 [raft-server-1-state] TRACE io.atomix.utils.serializer.Namespace - Creating Kryo instance for Namespace{registeredBlocks=[RegistrationBlock{begin=16, types=[([Ljava.lang.Class;@68b11545,null), ([Ljava.lang.Class;@7d0100ea,null), ([Ljava.lang.Class;@357bc488,null), ([Ljava.lang.Class;@4ea17147,null), ([Ljava.lang.Class;@2eda4eeb,io.atomix.utils.serializer.serializers.ImmutableListSerializer@5ba90d8a), ([Ljava.lang.Class;@309dcdf3,io.atomix.utils.serializer.serializers.ImmutableSetSerializer@7573b9ee), ([Ljava.lang.Class;@9a20cbd,io.atomix.utils.serializer.serializers.ImmutableMapSerializer@1af4955e), ([Ljava.lang.Class;@445821a6,null), ([Ljava.lang.Class;@2c0c4c0a,null), ([Ljava.lang.Class;@35d26ad2,null), ([Ljava.lang.Class;@bb25753,null), ([Ljava.lang.Class;@ee21292,null), ([Ljava.lang.Class;@40c06358,null), ([Ljava.lang.Class;@66e21568,null), ([Ljava.lang.Class;@7f73ce28,null), ([Ljava.lang.Class;@611b35d6,null), ([Ljava.lang.Class;@2282400e,null), ([Ljava.lang.Class;@543d5863,null), ([Ljava.lang.Class;@35dece42,null), ([Ljava.lang.Class;@dd3f8aa,io.atomix.utils.serializer.serializers.ArraysAsListSerializer@3d615b2e), ([Ljava.lang.Class;@3a1f2a1,null), ([Ljava.lang.Class;@40ce9049,null), ([Ljava.lang.Class;@52ca2652,null), ([Ljava.lang.Class;@65c5bf0e,null), ([Ljava.lang.Class;@697d6ded,null), ([Ljava.lang.Class;@5d05f453,null), ([Ljava.lang.Class;@5efeb117,null), ([Ljava.lang.Class;@160b4809,null), ([Ljava.lang.Class;@149b4d20,null), ([Ljava.lang.Class;@664e848c,null), ([Ljava.lang.Class;@4d93f75b,null), ([Ljava.lang.Class;@114a5e0,null), ([Ljava.lang.Class;@4f281aaf,null), ([Ljava.lang.Class;@5d508d22,null), ([Ljava.lang.Class;@f2b90fc,null)]}, RegistrationBlock{begin=51, types=[([Ljava.lang.Class;@116ce025,null)]}]}
10:08:03.132 [raft-server-1-state] TRACE io.atomix.utils.serializer.Namespace - class [B registered as 16
10:08:03.132 [raft-server-1-state] TRACE io.atomix.utils.serializer.Namespace - class java.util.concurrent.atomic.AtomicBoolean registered as 17
10:08:03.132 [raft-server-1-state] TRACE io.atomix.utils.serializer.Namespace - class java.util.concurrent.atomic.AtomicInteger registered as 18
10:08:03.132 [raft-server-1-state] TRACE io.atomix.utils.serializer.Namespace - class java.util.concurrent.atomic.AtomicLong registered as 19
10:08:03.132 [raft-server-1-state] TRACE io.atomix.utils.serializer.Namespace - class com.google.common.collect.ImmutableList registered as 20
10:08:03.132 [raft-server-1-state] TRACE io.atomix.utils.serializer.Namespace - class com.google.common.collect.RegularImmutableList registered as 20
10:08:03.132 [raft-server-1-state] TRACE io.atomix.utils.serializer.Namespace - class com.google.common.collect.RegularImmutableList registered as 20
10:08:03.132 [raft-server-1-state] TRACE io.atomix.utils.serializer.Namespace - class com.google.common.collect.ImmutableList$SubList registered as 20
10:08:03.132 [raft-server-1-state] TRACE io.atomix.utils.serializer.Namespace - class com.google.common.collect.ImmutableSet registered as 21
10:08:03.133 [raft-server-1-state] TRACE io.atomix.utils.serializer.Namespace - class com.google.common.collect.RegularImmutableSet registered as 21
10:08:03.133 [raft-server-1-state] TRACE io.atomix.utils.serializer.Namespace - class com.google.common.collect.SingletonImmutableSet registered as 21
10:08:03.133 [raft-server-1-state] TRACE io.atomix.utils.serializer.Namespace - class com.google.common.collect.RegularImmutableSet registered as 21
10:08:03.133 [raft-server-1-state] TRACE io.atomix.utils.serializer.Namespace - class com.google.common.collect.ImmutableMap registered as 22
10:08:03.133 [raft-server-1-state] TRACE io.atomix.utils.serializer.Namespace - class com.google.common.collect.RegularImmutableMap registered as 22
10:08:03.133 [raft-server-1-state] TRACE io.atomix.utils.serializer.Namespace - class com.google.common.collect.RegularImmutableMap registered as 22
10:08:03.133 [raft-server-1-state] TRACE io.atomix.utils.serializer.Namespace - class com.google.common.collect.RegularImmutableMap registered as 22
10:08:03.133 [raft-server-1-state] TRACE io.atomix.utils.serializer.Namespace - class java.util.Collections$UnmodifiableSet registered as 23
10:08:03.133 [raft-server-1-state] TRACE io.atomix.utils.serializer.Namespace - class java.util.HashMap registered as 24
10:08:03.133 [raft-server-1-state] TRACE io.atomix.utils.serializer.Namespace - class java.util.concurrent.ConcurrentHashMap registered as 25
10:08:03.133 [raft-server-1-state] TRACE io.atomix.utils.serializer.Namespace - class java.util.concurrent.CopyOnWriteArraySet registered as 26
10:08:03.133 [raft-server-1-state] TRACE io.atomix.utils.serializer.Namespace - class java.util.ArrayList registered as 27
10:08:03.133 [raft-server-1-state] TRACE io.atomix.utils.serializer.Namespace - class java.util.LinkedList registered as 28
10:08:03.133 [raft-server-1-state] TRACE io.atomix.utils.serializer.Namespace - class java.util.HashSet registered as 29
10:08:03.133 [raft-server-1-state] TRACE io.atomix.utils.serializer.Namespace - class java.util.LinkedHashSet registered as 30
10:08:03.133 [raft-server-1-state] TRACE io.atomix.utils.serializer.Namespace - class java.util.ArrayDeque registered as 31
10:08:03.133 [raft-server-1-state] TRACE io.atomix.utils.serializer.Namespace - class com.google.common.collect.HashMultiset registered as 32
10:08:03.133 [raft-server-1-state] TRACE io.atomix.utils.serializer.Namespace - class com.google.common.collect.Sets registered as 33
10:08:03.133 [raft-server-1-state] TRACE io.atomix.utils.serializer.Namespace - class com.google.common.collect.ImmutableEntry registered as 34
10:08:03.133 [raft-server-1-state] TRACE io.atomix.utils.serializer.Namespace - class java.util.Arrays$ArrayList registered as 35
10:08:03.133 [raft-server-1-state] TRACE io.atomix.utils.serializer.Namespace - class java.util.Collections$SingletonList registered as 36
10:08:03.133 [raft-server-1-state] TRACE io.atomix.utils.serializer.Namespace - class java.time.Duration registered as 37
10:08:03.133 [raft-server-1-state] TRACE io.atomix.utils.serializer.Namespace - class java.util.Collections$EmptySet registered as 38
10:08:03.133 [raft-server-1-state] TRACE io.atomix.utils.serializer.Namespace - class java.util.Optional registered as 39
10:08:03.133 [raft-server-1-state] TRACE io.atomix.utils.serializer.Namespace - class java.util.Collections$EmptyList registered as 40
10:08:03.133 [raft-server-1-state] TRACE io.atomix.utils.serializer.Namespace - class java.util.Collections$SingletonSet registered as 41
10:08:03.133 [raft-server-1-state] TRACE io.atomix.utils.serializer.Namespace - class [I registered as 42
10:08:03.133 [raft-server-1-state] TRACE io.atomix.utils.serializer.Namespace - class [J registered as 43
10:08:03.133 [raft-server-1-state] TRACE io.atomix.utils.serializer.Namespace - class [S registered as 44
10:08:03.133 [raft-server-1-state] TRACE io.atomix.utils.serializer.Namespace - class [D registered as 45
10:08:03.133 [raft-server-1-state] TRACE io.atomix.utils.serializer.Namespace - class [F registered as 46
10:08:03.133 [raft-server-1-state] TRACE io.atomix.utils.serializer.Namespace - class [C registered as 47
10:08:03.133 [raft-server-1-state] TRACE io.atomix.utils.serializer.Namespace - class [Ljava.lang.String; registered as 48
10:08:03.133 [raft-server-1-state] TRACE io.atomix.utils.serializer.Namespace - class [Z registered as 49
10:08:03.133 [raft-server-1-state] TRACE io.atomix.utils.serializer.Namespace - class [Ljava.lang.Object; registered as 50
10:08:03.133 [raft-server-1-state] TRACE io.atomix.utils.serializer.Namespace - class io.atomix.primitive.service.ServiceConfig registered as 51
10:08:03.133 [raft-server-1-state] TRACE io.atomix.utils.serializer.Namespace - Creating Kryo instance for Namespace{registeredBlocks=[RegistrationBlock{begin=16, types=[([Ljava.lang.Class;@68b11545,null), ([Ljava.lang.Class;@7d0100ea,null), ([Ljava.lang.Class;@357bc488,null), ([Ljava.lang.Class;@4ea17147,null), ([Ljava.lang.Class;@2eda4eeb,io.atomix.utils.serializer.serializers.ImmutableListSerializer@5ba90d8a), ([Ljava.lang.Class;@309dcdf3,io.atomix.utils.serializer.serializers.ImmutableSetSerializer@7573b9ee), ([Ljava.lang.Class;@9a20cbd,io.atomix.utils.serializer.serializers.ImmutableMapSerializer@1af4955e), ([Ljava.lang.Class;@445821a6,null), ([Ljava.lang.Class;@2c0c4c0a,null), ([Ljava.lang.Class;@35d26ad2,null), ([Ljava.lang.Class;@bb25753,null), ([Ljava.lang.Class;@ee21292,null), ([Ljava.lang.Class;@40c06358,null), ([Ljava.lang.Class;@66e21568,null), ([Ljava.lang.Class;@7f73ce28,null), ([Ljava.lang.Class;@611b35d6,null), ([Ljava.lang.Class;@2282400e,null), ([Ljava.lang.Class;@543d5863,null), ([Ljava.lang.Class;@35dece42,null), ([Ljava.lang.Class;@dd3f8aa,io.atomix.utils.serializer.serializers.ArraysAsListSerializer@3d615b2e), ([Ljava.lang.Class;@3a1f2a1,null), ([Ljava.lang.Class;@40ce9049,null), ([Ljava.lang.Class;@52ca2652,null), ([Ljava.lang.Class;@65c5bf0e,null), ([Ljava.lang.Class;@697d6ded,null), ([Ljava.lang.Class;@5d05f453,null), ([Ljava.lang.Class;@5efeb117,null), ([Ljava.lang.Class;@160b4809,null), ([Ljava.lang.Class;@149b4d20,null), ([Ljava.lang.Class;@664e848c,null), ([Ljava.lang.Class;@4d93f75b,null), ([Ljava.lang.Class;@114a5e0,null), ([Ljava.lang.Class;@4f281aaf,null), ([Ljava.lang.Class;@5d508d22,null), ([Ljava.lang.Class;@f2b90fc,null)]}, RegistrationBlock{begin=51, types=[([Ljava.lang.Class;@155376d0,null)]}]}
10:08:03.133 [raft-server-1-state] TRACE io.atomix.utils.serializer.Namespace - class [B registered as 16
10:08:03.134 [raft-server-1-state] TRACE io.atomix.utils.serializer.Namespace - class java.util.concurrent.atomic.AtomicBoolean registered as 17
10:08:03.134 [raft-server-1-state] TRACE io.atomix.utils.serializer.Namespace - class java.util.concurrent.atomic.AtomicInteger registered as 18
10:08:03.134 [raft-server-1-state] TRACE io.atomix.utils.serializer.Namespace - class java.util.concurrent.atomic.AtomicLong registered as 19
10:08:03.134 [raft-server-1-state] TRACE io.atomix.utils.serializer.Namespace - class com.google.common.collect.ImmutableList registered as 20
10:08:03.134 [raft-server-1-state] TRACE io.atomix.utils.serializer.Namespace - class com.google.common.collect.RegularImmutableList registered as 20
10:08:03.134 [raft-server-1-state] TRACE io.atomix.utils.serializer.Namespace - class com.google.common.collect.RegularImmutableList registered as 20
10:08:03.134 [raft-server-1-state] TRACE io.atomix.utils.serializer.Namespace - class com.google.common.collect.ImmutableList$SubList registered as 20
10:08:03.134 [raft-server-1-state] TRACE io.atomix.utils.serializer.Namespace - class com.google.common.collect.ImmutableSet registered as 21
10:08:03.134 [raft-server-1-state] TRACE io.atomix.utils.serializer.Namespace - class com.google.common.collect.RegularImmutableSet registered as 21
10:08:03.134 [raft-server-1-state] TRACE io.atomix.utils.serializer.Namespace - class com.google.common.collect.SingletonImmutableSet registered as 21
10:08:03.134 [raft-server-1-state] TRACE io.atomix.utils.serializer.Namespace - class com.google.common.collect.RegularImmutableSet registered as 21
10:08:03.134 [raft-server-1-state] TRACE io.atomix.utils.serializer.Namespace - class com.google.common.collect.ImmutableMap registered as 22
10:08:03.134 [raft-server-1-state] TRACE io.atomix.utils.serializer.Namespace - class com.google.common.collect.RegularImmutableMap registered as 22
10:08:03.134 [raft-server-1-state] TRACE io.atomix.utils.serializer.Namespace - class com.google.common.collect.RegularImmutableMap registered as 22
10:08:03.134 [raft-server-1-state] TRACE io.atomix.utils.serializer.Namespace - class com.google.common.collect.RegularImmutableMap registered as 22
10:08:03.134 [raft-server-1-state] TRACE io.atomix.utils.serializer.Namespace - class java.util.Collections$UnmodifiableSet registered as 23
10:08:03.134 [raft-server-1-state] TRACE io.atomix.utils.serializer.Namespace - class java.util.HashMap registered as 24
10:08:03.134 [raft-server-1-state] TRACE io.atomix.utils.serializer.Namespace - class java.util.concurrent.ConcurrentHashMap registered as 25
10:08:03.134 [raft-server-1-state] TRACE io.atomix.utils.serializer.Namespace - class java.util.concurrent.CopyOnWriteArraySet registered as 26
10:08:03.134 [raft-server-1-state] TRACE io.atomix.utils.serializer.Namespace - class java.util.ArrayList registered as 27
10:08:03.134 [raft-server-1-state] TRACE io.atomix.utils.serializer.Namespace - class java.util.LinkedList registered as 28
10:08:03.134 [raft-server-1-state] TRACE io.atomix.utils.serializer.Namespace - class java.util.HashSet registered as 29
10:08:03.134 [raft-server-1-state] TRACE io.atomix.utils.serializer.Namespace - class java.util.LinkedHashSet registered as 30
10:08:03.134 [raft-server-1-state] TRACE io.atomix.utils.serializer.Namespace - class java.util.ArrayDeque registered as 31
10:08:03.134 [raft-server-1-state] TRACE io.atomix.utils.serializer.Namespace - class com.google.common.collect.HashMultiset registered as 32
10:08:03.134 [raft-server-1-state] TRACE io.atomix.utils.serializer.Namespace - class com.google.common.collect.Sets registered as 33
10:08:03.134 [raft-server-1-state] TRACE io.atomix.utils.serializer.Namespace - class com.google.common.collect.ImmutableEntry registered as 34
10:08:03.134 [raft-server-1-state] TRACE io.atomix.utils.serializer.Namespace - class java.util.Arrays$ArrayList registered as 35
10:08:03.134 [raft-server-1-state] TRACE io.atomix.utils.serializer.Namespace - class java.util.Collections$SingletonList registered as 36
10:08:03.134 [raft-server-1-state] TRACE io.atomix.utils.serializer.Namespace - class java.time.Duration registered as 37
10:08:03.134 [raft-server-1-state] TRACE io.atomix.utils.serializer.Namespace - class java.util.Collections$EmptySet registered as 38
10:08:03.134 [raft-server-1-state] TRACE io.atomix.utils.serializer.Namespace - class java.util.Optional registered as 39
10:08:03.134 [raft-server-1-state] TRACE io.atomix.utils.serializer.Namespace - class java.util.Collections$EmptyList registered as 40
10:08:03.134 [raft-server-1-state] TRACE io.atomix.utils.serializer.Namespace - class java.util.Collections$SingletonSet registered as 41
10:08:03.134 [raft-server-1-state] TRACE io.atomix.utils.serializer.Namespace - class [I registered as 42
10:08:03.134 [raft-server-1-state] TRACE io.atomix.utils.serializer.Namespace - class [J registered as 43
10:08:03.134 [raft-server-1-state] TRACE io.atomix.utils.serializer.Namespace - class [S registered as 44
10:08:03.134 [raft-server-1-state] TRACE io.atomix.utils.serializer.Namespace - class [D registered as 45
10:08:03.134 [raft-server-1-state] TRACE io.atomix.utils.serializer.Namespace - class [F registered as 46
10:08:03.134 [raft-server-1-state] TRACE io.atomix.utils.serializer.Namespace - class [C registered as 47
10:08:03.134 [raft-server-1-state] TRACE io.atomix.utils.serializer.Namespace - class [Ljava.lang.String; registered as 48
10:08:03.134 [raft-server-1-state] TRACE io.atomix.utils.serializer.Namespace - class [Z registered as 49
10:08:03.134 [raft-server-1-state] TRACE io.atomix.utils.serializer.Namespace - class [Ljava.lang.Object; registered as 50
10:08:03.134 [raft-server-1-state] TRACE io.atomix.utils.serializer.Namespace - class io.atomix.primitive.service.ServiceConfig registered as 51
10:08:03.135 [raft-server-1-state] DEBUG i.a.p.s.impl.DefaultServiceExecutor - PrimitiveService{2}{type=io.atomix.protocols.raft.RaftTest$TestPrimitiveType@5051ea1e, name=raft-test} - Registered operation callback DefaultOperationId{id=sendEvent, type=COMMAND}
10:08:03.135 [raft-server-1-state] DEBUG i.a.p.s.impl.DefaultServiceExecutor - PrimitiveService{2}{type=io.atomix.protocols.raft.RaftTest$TestPrimitiveType@5051ea1e, name=raft-test} - Registered operation callback DefaultOperationId{id=onClose, type=COMMAND}
10:08:03.135 [raft-server-1-state] DEBUG i.a.p.s.impl.DefaultServiceExecutor - PrimitiveService{2}{type=io.atomix.protocols.raft.RaftTest$TestPrimitiveType@5051ea1e, name=raft-test} - Registered operation callback DefaultOperationId{id=read, type=QUERY}
10:08:03.135 [raft-server-1-state] DEBUG i.a.p.s.impl.DefaultServiceExecutor - PrimitiveService{2}{type=io.atomix.protocols.raft.RaftTest$TestPrimitiveType@5051ea1e, name=raft-test} - Registered operation callback DefaultOperationId{id=onExpire, type=COMMAND}
10:08:03.135 [raft-server-1-state] DEBUG i.a.p.s.impl.DefaultServiceExecutor - PrimitiveService{2}{type=io.atomix.protocols.raft.RaftTest$TestPrimitiveType@5051ea1e, name=raft-test} - Registered operation callback DefaultOperationId{id=write, type=COMMAND}
10:08:03.135 [raft-server-1-state] TRACE io.atomix.utils.serializer.Namespace - Creating Kryo instance for Namespace{registeredBlocks=[RegistrationBlock{begin=16, types=[([Ljava.lang.Class;@68b11545,null), ([Ljava.lang.Class;@7d0100ea,null), ([Ljava.lang.Class;@357bc488,null), ([Ljava.lang.Class;@4ea17147,null), ([Ljava.lang.Class;@2eda4eeb,io.atomix.utils.serializer.serializers.ImmutableListSerializer@5ba90d8a), ([Ljava.lang.Class;@309dcdf3,io.atomix.utils.serializer.serializers.ImmutableSetSerializer@7573b9ee), ([Ljava.lang.Class;@9a20cbd,io.atomix.utils.serializer.serializers.ImmutableMapSerializer@1af4955e), ([Ljava.lang.Class;@445821a6,null), ([Ljava.lang.Class;@2c0c4c0a,null), ([Ljava.lang.Class;@35d26ad2,null), ([Ljava.lang.Class;@bb25753,null), ([Ljava.lang.Class;@ee21292,null), ([Ljava.lang.Class;@40c06358,null), ([Ljava.lang.Class;@66e21568,null), ([Ljava.lang.Class;@7f73ce28,null), ([Ljava.lang.Class;@611b35d6,null), ([Ljava.lang.Class;@2282400e,null), ([Ljava.lang.Class;@543d5863,null), ([Ljava.lang.Class;@35dece42,null), ([Ljava.lang.Class;@dd3f8aa,io.atomix.utils.serializer.serializers.ArraysAsListSerializer@3d615b2e), ([Ljava.lang.Class;@3a1f2a1,null), ([Ljava.lang.Class;@40ce9049,null), ([Ljava.lang.Class;@52ca2652,null), ([Ljava.lang.Class;@65c5bf0e,null), ([Ljava.lang.Class;@697d6ded,null), ([Ljava.lang.Class;@5d05f453,null), ([Ljava.lang.Class;@5efeb117,null), ([Ljava.lang.Class;@160b4809,null), ([Ljava.lang.Class;@149b4d20,null), ([Ljava.lang.Class;@664e848c,null), ([Ljava.lang.Class;@4d93f75b,null), ([Ljava.lang.Class;@114a5e0,null), ([Ljava.lang.Class;@4f281aaf,null), ([Ljava.lang.Class;@5d508d22,null), ([Ljava.lang.Class;@f2b90fc,null)]}, RegistrationBlock{begin=51, types=[([Ljava.lang.Class;@1750aba9,null)]}]}
10:08:03.135 [raft-server-1-state] TRACE io.atomix.utils.serializer.Namespace - class [B registered as 16
10:08:03.135 [raft-server-1-state] TRACE io.atomix.utils.serializer.Namespace - class java.util.concurrent.atomic.AtomicBoolean registered as 17
10:08:03.135 [raft-server-1-state] TRACE io.atomix.utils.serializer.Namespace - class java.util.concurrent.atomic.AtomicInteger registered as 18
10:08:03.135 [raft-server-1-state] TRACE io.atomix.utils.serializer.Namespace - class java.util.concurrent.atomic.AtomicLong registered as 19
10:08:03.135 [raft-server-1-state] TRACE io.atomix.utils.serializer.Namespace - class com.google.common.collect.ImmutableList registered as 20
10:08:03.135 [raft-server-1-state] TRACE io.atomix.utils.serializer.Namespace - class com.google.common.collect.RegularImmutableList registered as 20
10:08:03.135 [raft-server-1-state] TRACE io.atomix.utils.serializer.Namespace - class com.google.common.collect.RegularImmutableList registered as 20
10:08:03.135 [raft-server-1-state] TRACE io.atomix.utils.serializer.Namespace - class com.google.common.collect.ImmutableList$SubList registered as 20
10:08:03.135 [raft-server-1-state] TRACE io.atomix.utils.serializer.Namespace - class com.google.common.collect.ImmutableSet registered as 21
10:08:03.135 [raft-server-1-state] TRACE io.atomix.utils.serializer.Namespace - class com.google.common.collect.RegularImmutableSet registered as 21
10:08:03.135 [raft-server-1-state] TRACE io.atomix.utils.serializer.Namespace - class com.google.common.collect.SingletonImmutableSet registered as 21
10:08:03.135 [raft-server-1-state] TRACE io.atomix.utils.serializer.Namespace - class com.google.common.collect.RegularImmutableSet registered as 21
10:08:03.135 [raft-server-1-state] TRACE io.atomix.utils.serializer.Namespace - class com.google.common.collect.ImmutableMap registered as 22
10:08:03.135 [raft-server-1-state] TRACE io.atomix.utils.serializer.Namespace - class com.google.common.collect.RegularImmutableMap registered as 22
10:08:03.135 [raft-server-1-state] TRACE io.atomix.utils.serializer.Namespace - class com.google.common.collect.RegularImmutableMap registered as 22
10:08:03.135 [raft-server-1-state] TRACE io.atomix.utils.serializer.Namespace - class com.google.common.collect.RegularImmutableMap registered as 22
10:08:03.135 [raft-server-1-state] TRACE io.atomix.utils.serializer.Namespace - class java.util.Collections$UnmodifiableSet registered as 23
10:08:03.135 [raft-server-1-state] TRACE io.atomix.utils.serializer.Namespace - class java.util.HashMap registered as 24
10:08:03.135 [raft-server-1-state] TRACE io.atomix.utils.serializer.Namespace - class java.util.concurrent.ConcurrentHashMap registered as 25
10:08:03.135 [raft-server-1-state] TRACE io.atomix.utils.serializer.Namespace - class java.util.concurrent.CopyOnWriteArraySet registered as 26
10:08:03.135 [raft-server-1-state] TRACE io.atomix.utils.serializer.Namespace - class java.util.ArrayList registered as 27
10:08:03.135 [raft-server-1-state] TRACE io.atomix.utils.serializer.Namespace - class java.util.LinkedList registered as 28
10:08:03.135 [raft-server-1-state] TRACE io.atomix.utils.serializer.Namespace - class java.util.HashSet registered as 29
10:08:03.135 [raft-server-1-state] TRACE io.atomix.utils.serializer.Namespace - class java.util.LinkedHashSet registered as 30
10:08:03.135 [raft-server-1-state] TRACE io.atomix.utils.serializer.Namespace - class java.util.ArrayDeque registered as 31
10:08:03.135 [raft-server-1-state] TRACE io.atomix.utils.serializer.Namespace - class com.google.common.collect.HashMultiset registered as 32
10:08:03.135 [raft-server-1-state] TRACE io.atomix.utils.serializer.Namespace - class com.google.common.collect.Sets registered as 33
10:08:03.135 [raft-server-1-state] TRACE io.atomix.utils.serializer.Namespace - class com.google.common.collect.ImmutableEntry registered as 34
10:08:03.135 [raft-server-1-state] TRACE io.atomix.utils.serializer.Namespace - class java.util.Arrays$ArrayList registered as 35
10:08:03.135 [raft-server-1-state] TRACE io.atomix.utils.serializer.Namespace - class java.util.Collections$SingletonList registered as 36
10:08:03.135 [raft-server-1-state] TRACE io.atomix.utils.serializer.Namespace - class java.time.Duration registered as 37
10:08:03.135 [raft-server-1-state] TRACE io.atomix.utils.serializer.Namespace - class java.util.Collections$EmptySet registered as 38
10:08:03.135 [raft-server-1-state] TRACE io.atomix.utils.serializer.Namespace - class java.util.Optional registered as 39
10:08:03.135 [raft-server-1-state] TRACE io.atomix.utils.serializer.Namespace - class java.util.Collections$EmptyList registered as 40
10:08:03.135 [raft-server-1-state] TRACE io.atomix.utils.serializer.Namespace - class java.util.Collections$SingletonSet registered as 41
10:08:03.135 [raft-server-1-state] TRACE io.atomix.utils.serializer.Namespace - class [I registered as 42
10:08:03.136 [raft-server-1-state] TRACE io.atomix.utils.serializer.Namespace - class [J registered as 43
10:08:03.136 [raft-server-1-state] TRACE io.atomix.utils.serializer.Namespace - class [S registered as 44
10:08:03.136 [raft-server-1-state] TRACE io.atomix.utils.serializer.Namespace - class [D registered as 45
10:08:03.136 [raft-server-1-state] TRACE io.atomix.utils.serializer.Namespace - class [F registered as 46
10:08:03.136 [raft-server-1-state] TRACE io.atomix.utils.serializer.Namespace - class [C registered as 47
10:08:03.136 [raft-server-1-state] TRACE io.atomix.utils.serializer.Namespace - class [Ljava.lang.String; registered as 48
10:08:03.136 [raft-server-1-state] TRACE io.atomix.utils.serializer.Namespace - class [Z registered as 49
10:08:03.136 [raft-server-1-state] TRACE io.atomix.utils.serializer.Namespace - class [Ljava.lang.Object; registered as 50
10:08:03.136 [raft-server-1-state] TRACE io.atomix.utils.serializer.Namespace - class io.atomix.primitive.service.ServiceConfig registered as 51
10:08:03.136 [raft-server-1-state] DEBUG i.a.p.r.service.RaftServiceContext - PrimitiveService{2}{type=io.atomix.protocols.raft.RaftTest$TestPrimitiveType@5051ea1e, name=raft-test} - Opening session 2
10:08:03.136 [raft-server-1-state] DEBUG i.a.p.raft.session.RaftSession - Session{2}{type=io.atomix.protocols.raft.RaftTest$TestPrimitiveType@5051ea1e, name=raft-test} - State changed: OPEN
10:08:03.136 [raft-server-1-state] TRACE i.a.protocols.raft.roles.LeaderRole - RaftServer{1}{role=LEADER} - Sending OpenSessionResponse{status=OK, session=2, timeout=5000}
10:08:03.136 [raft-client-995c025b-ba21-4dd3-828a-0c3e52b0447e-1] TRACE i.a.p.r.s.impl.RaftSessionConnection - RaftClient{995c025b-ba21-4dd3-828a-0c3e52b0447e} - Received OpenSessionResponse{status=OK, session=2, timeout=5000} from 1
10:08:03.136 [raft-client-995c025b-ba21-4dd3-828a-0c3e52b0447e-0] TRACE i.a.p.r.s.impl.RaftSessionManager - RaftClient{995c025b-ba21-4dd3-828a-0c3e52b0447e} - Keeping 1 sessions alive
10:08:03.137 [raft-client-995c025b-ba21-4dd3-828a-0c3e52b0447e-2] TRACE i.a.p.r.s.impl.RaftSessionConnection - RaftClient{995c025b-ba21-4dd3-828a-0c3e52b0447e} - Sending KeepAliveRequest{sessionIds=long[]{length=1, hash=33}, commandSequences=long[]{length=1, hash=31}, eventIndexes=long[]{length=1, hash=33}} to 1
10:08:03.137 [raft-server-1] TRACE i.a.protocols.raft.roles.LeaderRole - RaftServer{1}{role=LEADER} - Received KeepAliveRequest{sessionIds=long[]{length=1, hash=33}, commandSequences=long[]{length=1, hash=31}, eventIndexes=long[]{length=1, hash=33}}
10:08:03.137 [raft-client-995c025b-ba21-4dd3-828a-0c3e52b0447e-0] DEBUG i.a.p.s.impl.RecoveringSessionClient - SessionClient{2}{type=io.atomix.protocols.raft.RaftTest$TestPrimitiveType@6b321262, name=raft-test} - State changed: CONNECTED
10:08:03.137 [raft-server-1] TRACE i.a.protocols.raft.roles.LeaderRole - RaftServer{1}{role=LEADER} - Appended Indexed{index=3, entry=KeepAliveEntry{term=1, timestamp=2018-06-11 10:08:03,137, sessionIds=long[]{length=1, hash=33}, commandSequences=long[]{length=1, hash=31}, eventIndexes=long[]{length=1, hash=33}}}
10:08:03.137 [raft-server-1] TRACE i.a.p.raft.roles.LeaderAppender - RaftServer{1} - Sending AppendRequest{term=1, leader=1, prevLogIndex=2, prevLogTerm=1, entries=1, commitIndex=2} to 2
10:08:03.137 [raft-server-1] TRACE i.a.p.raft.roles.LeaderAppender - RaftServer{1} - Sending AppendRequest{term=1, leader=1, prevLogIndex=2, prevLogTerm=1, entries=1, commitIndex=2} to 3
10:08:03.137 [main] TRACE io.atomix.utils.serializer.Namespace - Creating Kryo instance for Namespace{registeredBlocks=[RegistrationBlock{begin=16, types=[([Ljava.lang.Class;@68b11545,null), ([Ljava.lang.Class;@7d0100ea,null), ([Ljava.lang.Class;@357bc488,null), ([Ljava.lang.Class;@4ea17147,null), ([Ljava.lang.Class;@2eda4eeb,io.atomix.utils.serializer.serializers.ImmutableListSerializer@5ba90d8a), ([Ljava.lang.Class;@309dcdf3,io.atomix.utils.serializer.serializers.ImmutableSetSerializer@7573b9ee), ([Ljava.lang.Class;@9a20cbd,io.atomix.utils.serializer.serializers.ImmutableMapSerializer@1af4955e), ([Ljava.lang.Class;@445821a6,null), ([Ljava.lang.Class;@2c0c4c0a,null), ([Ljava.lang.Class;@35d26ad2,null), ([Ljava.lang.Class;@bb25753,null), ([Ljava.lang.Class;@ee21292,null), ([Ljava.lang.Class;@40c06358,null), ([Ljava.lang.Class;@66e21568,null), ([Ljava.lang.Class;@7f73ce28,null), ([Ljava.lang.Class;@611b35d6,null), ([Ljava.lang.Class;@2282400e,null), ([Ljava.lang.Class;@543d5863,null), ([Ljava.lang.Class;@35dece42,null), ([Ljava.lang.Class;@dd3f8aa,io.atomix.utils.serializer.serializers.ArraysAsListSerializer@3d615b2e), ([Ljava.lang.Class;@3a1f2a1,null), ([Ljava.lang.Class;@40ce9049,null), ([Ljava.lang.Class;@52ca2652,null), ([Ljava.lang.Class;@65c5bf0e,null), ([Ljava.lang.Class;@697d6ded,null), ([Ljava.lang.Class;@5d05f453,null), ([Ljava.lang.Class;@5efeb117,null), ([Ljava.lang.Class;@160b4809,null), ([Ljava.lang.Class;@149b4d20,null), ([Ljava.lang.Class;@664e848c,null), ([Ljava.lang.Class;@4d93f75b,null), ([Ljava.lang.Class;@114a5e0,null), ([Ljava.lang.Class;@4f281aaf,null), ([Ljava.lang.Class;@5d508d22,null), ([Ljava.lang.Class;@f2b90fc,null)]}, RegistrationBlock{begin=51, types=[([Ljava.lang.Class;@703e8050,null)]}]}
10:08:03.137 [raft-server-2] TRACE i.a.p.raft.roles.FollowerRole - RaftServer{2}{role=FOLLOWER} - Received AppendRequest{term=1, leader=1, prevLogIndex=2, prevLogTerm=1, entries=1, commitIndex=2}
10:08:03.137 [raft-server-3] TRACE i.a.p.raft.roles.FollowerRole - RaftServer{3}{role=FOLLOWER} - Received AppendRequest{term=1, leader=1, prevLogIndex=2, prevLogTerm=1, entries=1, commitIndex=2}
10:08:03.138 [main] TRACE io.atomix.utils.serializer.Namespace - class [B registered as 16
10:08:03.138 [main] TRACE io.atomix.utils.serializer.Namespace - class java.util.concurrent.atomic.AtomicBoolean registered as 17
10:08:03.138 [raft-server-2] TRACE i.a.p.raft.roles.FollowerRole - RaftServer{2}{role=FOLLOWER} - Appended Indexed{index=3, entry=KeepAliveEntry{term=1, timestamp=2018-06-11 10:08:03,137, sessionIds=long[]{length=1, hash=33}, commandSequences=long[]{length=1, hash=31}, eventIndexes=long[]{length=1, hash=33}}}
10:08:03.138 [main] TRACE io.atomix.utils.serializer.Namespace - class java.util.concurrent.atomic.AtomicInteger registered as 18
10:08:03.138 [raft-server-3] TRACE i.a.p.raft.roles.FollowerRole - RaftServer{3}{role=FOLLOWER} - Appended Indexed{index=3, entry=KeepAliveEntry{term=1, timestamp=2018-06-11 10:08:03,137, sessionIds=long[]{length=1, hash=33}, commandSequences=long[]{length=1, hash=31}, eventIndexes=long[]{length=1, hash=33}}}
10:08:03.138 [main] TRACE io.atomix.utils.serializer.Namespace - class java.util.concurrent.atomic.AtomicLong registered as 19
10:08:03.138 [main] TRACE io.atomix.utils.serializer.Namespace - class com.google.common.collect.ImmutableList registered as 20
10:08:03.138 [main] TRACE io.atomix.utils.serializer.Namespace - class com.google.common.collect.RegularImmutableList registered as 20
10:08:03.138 [main] TRACE io.atomix.utils.serializer.Namespace - class com.google.common.collect.RegularImmutableList registered as 20
10:08:03.138 [main] TRACE io.atomix.utils.serializer.Namespace - class com.google.common.collect.ImmutableList$SubList registered as 20
10:08:03.138 [main] TRACE io.atomix.utils.serializer.Namespace - class com.google.common.collect.ImmutableSet registered as 21
10:08:03.138 [main] TRACE io.atomix.utils.serializer.Namespace - class com.google.common.collect.RegularImmutableSet registered as 21
10:08:03.138 [main] TRACE io.atomix.utils.serializer.Namespace - class com.google.common.collect.SingletonImmutableSet registered as 21
10:08:03.138 [main] TRACE io.atomix.utils.serializer.Namespace - class com.google.common.collect.RegularImmutableSet registered as 21
10:08:03.138 [main] TRACE io.atomix.utils.serializer.Namespace - class com.google.common.collect.ImmutableMap registered as 22
10:08:03.138 [main] TRACE io.atomix.utils.serializer.Namespace - class com.google.common.collect.RegularImmutableMap registered as 22
10:08:03.138 [main] TRACE io.atomix.utils.serializer.Namespace - class com.google.common.collect.RegularImmutableMap registered as 22
10:08:03.138 [main] TRACE io.atomix.utils.serializer.Namespace - class com.google.common.collect.RegularImmutableMap registered as 22
10:08:03.138 [main] TRACE io.atomix.utils.serializer.Namespace - class java.util.Collections$UnmodifiableSet registered as 23
10:08:03.138 [main] TRACE io.atomix.utils.serializer.Namespace - class java.util.HashMap registered as 24
10:08:03.138 [main] TRACE io.atomix.utils.serializer.Namespace - class java.util.concurrent.ConcurrentHashMap registered as 25
10:08:03.138 [main] TRACE io.atomix.utils.serializer.Namespace - class java.util.concurrent.CopyOnWriteArraySet registered as 26
10:08:03.138 [main] TRACE io.atomix.utils.serializer.Namespace - class java.util.ArrayList registered as 27
10:08:03.138 [main] TRACE io.atomix.utils.serializer.Namespace - class java.util.LinkedList registered as 28
10:08:03.138 [main] TRACE io.atomix.utils.serializer.Namespace - class java.util.HashSet registered as 29
10:08:03.138 [main] TRACE io.atomix.utils.serializer.Namespace - class java.util.LinkedHashSet registered as 30
10:08:03.138 [main] TRACE io.atomix.utils.serializer.Namespace - class java.util.ArrayDeque registered as 31
10:08:03.138 [main] TRACE io.atomix.utils.serializer.Namespace - class com.google.common.collect.HashMultiset registered as 32
10:08:03.139 [main] TRACE io.atomix.utils.serializer.Namespace - class com.google.common.collect.Sets registered as 33
10:08:03.139 [main] TRACE io.atomix.utils.serializer.Namespace - class com.google.common.collect.ImmutableEntry registered as 34
10:08:03.139 [main] TRACE io.atomix.utils.serializer.Namespace - class java.util.Arrays$ArrayList registered as 35
10:08:03.139 [main] TRACE io.atomix.utils.serializer.Namespace - class java.util.Collections$SingletonList registered as 36
10:08:03.139 [main] TRACE io.atomix.utils.serializer.Namespace - class java.time.Duration registered as 37
10:08:03.139 [main] TRACE io.atomix.utils.serializer.Namespace - class java.util.Collections$EmptySet registered as 38
10:08:03.139 [main] TRACE io.atomix.utils.serializer.Namespace - class java.util.Optional registered as 39
10:08:03.139 [main] TRACE io.atomix.utils.serializer.Namespace - class java.util.Collections$EmptyList registered as 40
10:08:03.139 [main] TRACE io.atomix.utils.serializer.Namespace - class java.util.Collections$SingletonSet registered as 41
10:08:03.139 [main] TRACE io.atomix.utils.serializer.Namespace - class [I registered as 42
10:08:03.139 [main] TRACE io.atomix.utils.serializer.Namespace - class [J registered as 43
10:08:03.139 [main] TRACE io.atomix.utils.serializer.Namespace - class [S registered as 44
10:08:03.139 [main] TRACE io.atomix.utils.serializer.Namespace - class [D registered as 45
10:08:03.139 [main] TRACE io.atomix.utils.serializer.Namespace - class [F registered as 46
10:08:03.139 [main] TRACE io.atomix.utils.serializer.Namespace - class [C registered as 47
10:08:03.139 [main] TRACE io.atomix.utils.serializer.Namespace - class [Ljava.lang.String; registered as 48
10:08:03.139 [main] TRACE io.atomix.utils.serializer.Namespace - class [Z registered as 49
10:08:03.139 [main] TRACE io.atomix.utils.serializer.Namespace - class [Ljava.lang.Object; registered as 50
10:08:03.139 [main] TRACE io.atomix.utils.serializer.Namespace - class io.atomix.primitive.service.ServiceConfig registered as 51
10:08:03.141 [raft-client-995c025b-ba21-4dd3-828a-0c3e52b0447e-3] TRACE i.a.p.r.s.impl.RaftSessionConnection - SessionClient{2}{type=io.atomix.protocols.raft.RaftTest$TestPrimitiveType@6b321262, name=raft-test} - Sending CommandRequest{session=2, sequence=1, operation=PrimitiveOperation{id=DefaultOperationId{id=write, type=COMMAND}, value=byte[]{length=17, hash=1297078671}}} to 1
10:08:03.141 [raft-server-1] TRACE i.a.protocols.raft.roles.LeaderRole - RaftServer{1}{role=LEADER} - Received CommandRequest{session=2, sequence=1, operation=PrimitiveOperation{id=DefaultOperationId{id=write, type=COMMAND}, value=byte[]{length=17, hash=1297078671}}}
10:08:03.141 [raft-server-1] TRACE i.a.protocols.raft.roles.LeaderRole - RaftServer{1}{role=LEADER} - Appended Indexed{index=4, entry=CommandEntry{term=1, timestamp=2018-06-11 10:08:03,141, session=2, sequence=1, operation=PrimitiveOperation{id=DefaultOperationId{id=write, type=COMMAND}, value=byte[]{length=17, hash=1297078671}}}}
10:08:03.172 [raft-server-2] TRACE i.a.p.raft.roles.FollowerRole - RaftServer{2}{role=FOLLOWER} - Committed entries up to index 2
10:08:03.172 [raft-server-3] TRACE i.a.p.raft.roles.FollowerRole - RaftServer{3}{role=FOLLOWER} - Committed entries up to index 2
10:08:03.172 [raft-server-2] TRACE i.a.p.raft.roles.FollowerRole - RaftServer{2}{role=FOLLOWER} - Sending AppendResponse{status=OK, term=1, succeeded=true, lastLogIndex=3}
10:08:03.172 [raft-server-3] TRACE i.a.p.raft.roles.FollowerRole - RaftServer{3}{role=FOLLOWER} - Sending AppendResponse{status=OK, term=1, succeeded=true, lastLogIndex=3}
10:08:03.173 [raft-server-1] TRACE i.a.p.raft.roles.LeaderAppender - RaftServer{1} - Received AppendResponse{status=OK, term=1, succeeded=true, lastLogIndex=3} from 2
10:08:03.173 [raft-server-1] TRACE i.a.p.raft.roles.LeaderAppender - RaftServer{1} - Committed entries up to 3
10:08:03.173 [raft-server-2-state] TRACE i.a.p.raft.impl.RaftServiceManager - RaftServer{2} - Applying Indexed{index=2, entry=OpenSessionEntry{term=1, timestamp=2018-06-11 10:08:03,099, node=4, serviceName=raft-test, serviceType=raft-test, serviceConfig=byte[]{length=2, hash=2605}, readConsistency=LINEARIZABLE, minTimeout=250, maxTimeout=5000}}
10:08:03.173 [raft-server-3-state] TRACE i.a.p.raft.impl.RaftServiceManager - RaftServer{3} - Applying Indexed{index=2, entry=OpenSessionEntry{term=1, timestamp=2018-06-11 10:08:03,099, node=4, serviceName=raft-test, serviceType=raft-test, serviceConfig=byte[]{length=2, hash=2605}, readConsistency=LINEARIZABLE, minTimeout=250, maxTimeout=5000}}
10:08:03.173 [raft-server-2-state] TRACE io.atomix.utils.serializer.Namespace - Creating Kryo instance for Namespace{registeredBlocks=[RegistrationBlock{begin=16, types=[([Ljava.lang.Class;@68b11545,null), ([Ljava.lang.Class;@7d0100ea,null), ([Ljava.lang.Class;@357bc488,null), ([Ljava.lang.Class;@4ea17147,null), ([Ljava.lang.Class;@2eda4eeb,io.atomix.utils.serializer.serializers.ImmutableListSerializer@5ba90d8a), ([Ljava.lang.Class;@309dcdf3,io.atomix.utils.serializer.serializers.ImmutableSetSerializer@7573b9ee), ([Ljava.lang.Class;@9a20cbd,io.atomix.utils.serializer.serializers.ImmutableMapSerializer@1af4955e), ([Ljava.lang.Class;@445821a6,null), ([Ljava.lang.Class;@2c0c4c0a,null), ([Ljava.lang.Class;@35d26ad2,null), ([Ljava.lang.Class;@bb25753,null), ([Ljava.lang.Class;@ee21292,null), ([Ljava.lang.Class;@40c06358,null), ([Ljava.lang.Class;@66e21568,null), ([Ljava.lang.Class;@7f73ce28,null), ([Ljava.lang.Class;@611b35d6,null), ([Ljava.lang.Class;@2282400e,null), ([Ljava.lang.Class;@543d5863,null), ([Ljava.lang.Class;@35dece42,null), ([Ljava.lang.Class;@dd3f8aa,io.atomix.utils.serializer.serializers.ArraysAsListSerializer@3d615b2e), ([Ljava.lang.Class;@3a1f2a1,null), ([Ljava.lang.Class;@40ce9049,null), ([Ljava.lang.Class;@52ca2652,null), ([Ljava.lang.Class;@65c5bf0e,null), ([Ljava.lang.Class;@697d6ded,null), ([Ljava.lang.Class;@5d05f453,null), ([Ljava.lang.Class;@5efeb117,null), ([Ljava.lang.Class;@160b4809,null), ([Ljava.lang.Class;@149b4d20,null), ([Ljava.lang.Class;@664e848c,null), ([Ljava.lang.Class;@4d93f75b,null), ([Ljava.lang.Class;@114a5e0,null), ([Ljava.lang.Class;@4f281aaf,null), ([Ljava.lang.Class;@5d508d22,null), ([Ljava.lang.Class;@f2b90fc,null)]}, RegistrationBlock{begin=51, types=[([Ljava.lang.Class;@6a3ec283,null)]}]}
10:08:03.173 [raft-server-3-state] TRACE io.atomix.utils.serializer.Namespace - Creating Kryo instance for Namespace{registeredBlocks=[RegistrationBlock{begin=16, types=[([Ljava.lang.Class;@68b11545,null), ([Ljava.lang.Class;@7d0100ea,null), ([Ljava.lang.Class;@357bc488,null), ([Ljava.lang.Class;@4ea17147,null), ([Ljava.lang.Class;@2eda4eeb,io.atomix.utils.serializer.serializers.ImmutableListSerializer@5ba90d8a), ([Ljava.lang.Class;@309dcdf3,io.atomix.utils.serializer.serializers.ImmutableSetSerializer@7573b9ee), ([Ljava.lang.Class;@9a20cbd,io.atomix.utils.serializer.serializers.ImmutableMapSerializer@1af4955e), ([Ljava.lang.Class;@445821a6,null), ([Ljava.lang.Class;@2c0c4c0a,null), ([Ljava.lang.Class;@35d26ad2,null), ([Ljava.lang.Class;@bb25753,null), ([Ljava.lang.Class;@ee21292,null), ([Ljava.lang.Class;@40c06358,null), ([Ljava.lang.Class;@66e21568,null), ([Ljava.lang.Class;@7f73ce28,null), ([Ljava.lang.Class;@611b35d6,null), ([Ljava.lang.Class;@2282400e,null), ([Ljava.lang.Class;@543d5863,null), ([Ljava.lang.Class;@35dece42,null), ([Ljava.lang.Class;@dd3f8aa,io.atomix.utils.serializer.serializers.ArraysAsListSerializer@3d615b2e), ([Ljava.lang.Class;@3a1f2a1,null), ([Ljava.lang.Class;@40ce9049,null), ([Ljava.lang.Class;@52ca2652,null), ([Ljava.lang.Class;@65c5bf0e,null), ([Ljava.lang.Class;@697d6ded,null), ([Ljava.lang.Class;@5d05f453,null), ([Ljava.lang.Class;@5efeb117,null), ([Ljava.lang.Class;@160b4809,null), ([Ljava.lang.Class;@149b4d20,null), ([Ljava.lang.Class;@664e848c,null), ([Ljava.lang.Class;@4d93f75b,null), ([Ljava.lang.Class;@114a5e0,null), ([Ljava.lang.Class;@4f281aaf,null), ([Ljava.lang.Class;@5d508d22,null), ([Ljava.lang.Class;@f2b90fc,null)]}, RegistrationBlock{begin=51, types=[([Ljava.lang.Class;@148d4345,null)]}]}
10:08:03.173 [raft-server-3-state] TRACE io.atomix.utils.serializer.Namespace - class [B registered as 16
10:08:03.173 [raft-server-2-state] TRACE io.atomix.utils.serializer.Namespace - class [B registered as 16
10:08:03.173 [raft-server-3-state] TRACE io.atomix.utils.serializer.Namespace - class java.util.concurrent.atomic.AtomicBoolean registered as 17
10:08:03.173 [raft-server-2-state] TRACE io.atomix.utils.serializer.Namespace - class java.util.concurrent.atomic.AtomicBoolean registered as 17
10:08:03.173 [raft-server-3-state] TRACE io.atomix.utils.serializer.Namespace - class java.util.concurrent.atomic.AtomicInteger registered as 18
10:08:03.173 [raft-server-2-state] TRACE io.atomix.utils.serializer.Namespace - class java.util.concurrent.atomic.AtomicInteger registered as 18
10:08:03.173 [raft-server-3-state] TRACE io.atomix.utils.serializer.Namespace - class java.util.concurrent.atomic.AtomicLong registered as 19
10:08:03.173 [raft-server-2-state] TRACE io.atomix.utils.serializer.Namespace - class java.util.concurrent.atomic.AtomicLong registered as 19
10:08:03.173 [raft-server-3-state] TRACE io.atomix.utils.serializer.Namespace - class com.google.common.collect.ImmutableList registered as 20
10:08:03.173 [raft-server-2-state] TRACE io.atomix.utils.serializer.Namespace - class com.google.common.collect.ImmutableList registered as 20
10:08:03.173 [raft-server-3-state] TRACE io.atomix.utils.serializer.Namespace - class com.google.common.collect.RegularImmutableList registered as 20
10:08:03.173 [raft-server-2-state] TRACE io.atomix.utils.serializer.Namespace - class com.google.common.collect.RegularImmutableList registered as 20
10:08:03.173 [raft-server-3-state] TRACE io.atomix.utils.serializer.Namespace - class com.google.common.collect.RegularImmutableList registered as 20
10:08:03.173 [raft-server-2-state] TRACE io.atomix.utils.serializer.Namespace - class com.google.common.collect.RegularImmutableList registered as 20
10:08:03.173 [raft-server-3-state] TRACE io.atomix.utils.serializer.Namespace - class com.google.common.collect.ImmutableList$SubList registered as 20
10:08:03.173 [raft-server-2-state] TRACE io.atomix.utils.serializer.Namespace - class com.google.common.collect.ImmutableList$SubList registered as 20
10:08:03.173 [raft-server-3-state] TRACE io.atomix.utils.serializer.Namespace - class com.google.common.collect.ImmutableSet registered as 21
10:08:03.173 [raft-server-2-state] TRACE io.atomix.utils.serializer.Namespace - class com.google.common.collect.ImmutableSet registered as 21
10:08:03.174 [raft-server-3-state] TRACE io.atomix.utils.serializer.Namespace - class com.google.common.collect.RegularImmutableSet registered as 21
10:08:03.174 [raft-server-2-state] TRACE io.atomix.utils.serializer.Namespace - class com.google.common.collect.RegularImmutableSet registered as 21
10:08:03.174 [raft-server-3-state] TRACE io.atomix.utils.serializer.Namespace - class com.google.common.collect.SingletonImmutableSet registered as 21
10:08:03.174 [raft-server-2-state] TRACE io.atomix.utils.serializer.Namespace - class com.google.common.collect.SingletonImmutableSet registered as 21
10:08:03.174 [raft-server-3-state] TRACE io.atomix.utils.serializer.Namespace - class com.google.common.collect.RegularImmutableSet registered as 21
10:08:03.174 [raft-server-2-state] TRACE io.atomix.utils.serializer.Namespace - class com.google.common.collect.RegularImmutableSet registered as 21
10:08:03.174 [raft-server-3-state] TRACE io.atomix.utils.serializer.Namespace - class com.google.common.collect.ImmutableMap registered as 22
10:08:03.174 [raft-server-2-state] TRACE io.atomix.utils.serializer.Namespace - class com.google.common.collect.ImmutableMap registered as 22
10:08:03.174 [raft-server-3-state] TRACE io.atomix.utils.serializer.Namespace - class com.google.common.collect.RegularImmutableMap registered as 22
10:08:03.174 [raft-server-2-state] TRACE io.atomix.utils.serializer.Namespace - class com.google.common.collect.RegularImmutableMap registered as 22
10:08:03.174 [raft-server-3-state] TRACE io.atomix.utils.serializer.Namespace - class com.google.common.collect.RegularImmutableMap registered as 22
10:08:03.174 [raft-server-2-state] TRACE io.atomix.utils.serializer.Namespace - class com.google.common.collect.RegularImmutableMap registered as 22
10:08:03.174 [raft-server-3-state] TRACE io.atomix.utils.serializer.Namespace - class com.google.common.collect.RegularImmutableMap registered as 22
10:08:03.174 [raft-server-2-state] TRACE io.atomix.utils.serializer.Namespace - class com.google.common.collect.RegularImmutableMap registered as 22
10:08:03.174 [raft-server-3-state] TRACE io.atomix.utils.serializer.Namespace - class java.util.Collections$UnmodifiableSet registered as 23
10:08:03.174 [raft-server-2-state] TRACE io.atomix.utils.serializer.Namespace - class java.util.Collections$UnmodifiableSet registered as 23
10:08:03.174 [raft-server-3-state] TRACE io.atomix.utils.serializer.Namespace - class java.util.HashMap registered as 24
10:08:03.174 [raft-server-2-state] TRACE io.atomix.utils.serializer.Namespace - class java.util.HashMap registered as 24
10:08:03.174 [raft-server-3-state] TRACE io.atomix.utils.serializer.Namespace - class java.util.concurrent.ConcurrentHashMap registered as 25
10:08:03.174 [raft-server-3-state] TRACE io.atomix.utils.serializer.Namespace - class java.util.concurrent.CopyOnWriteArraySet registered as 26
10:08:03.174 [raft-server-2-state] TRACE io.atomix.utils.serializer.Namespace - class java.util.concurrent.ConcurrentHashMap registered as 25
10:08:03.174 [raft-server-3-state] TRACE io.atomix.utils.serializer.Namespace - class java.util.ArrayList registered as 27
10:08:03.174 [raft-server-2-state] TRACE io.atomix.utils.serializer.Namespace - class java.util.concurrent.CopyOnWriteArraySet registered as 26
10:08:03.174 [raft-server-3-state] TRACE io.atomix.utils.serializer.Namespace - class java.util.LinkedList registered as 28
10:08:03.174 [raft-server-2-state] TRACE io.atomix.utils.serializer.Namespace - class java.util.ArrayList registered as 27
10:08:03.174 [raft-server-3-state] TRACE io.atomix.utils.serializer.Namespace - class java.util.HashSet registered as 29
10:08:03.174 [raft-server-2-state] TRACE io.atomix.utils.serializer.Namespace - class java.util.LinkedList registered as 28
10:08:03.174 [raft-server-3-state] TRACE io.atomix.utils.serializer.Namespace - class java.util.LinkedHashSet registered as 30
10:08:03.174 [raft-server-2-state] TRACE io.atomix.utils.serializer.Namespace - class java.util.HashSet registered as 29
10:08:03.174 [raft-server-3-state] TRACE io.atomix.utils.serializer.Namespace - class java.util.ArrayDeque registered as 31
10:08:03.174 [raft-server-2-state] TRACE io.atomix.utils.serializer.Namespace - class java.util.LinkedHashSet registered as 30
10:08:03.174 [raft-server-3-state] TRACE io.atomix.utils.serializer.Namespace - class com.google.common.collect.HashMultiset registered as 32
10:08:03.174 [raft-server-2-state] TRACE io.atomix.utils.serializer.Namespace - class java.util.ArrayDeque registered as 31
10:08:03.174 [raft-server-3-state] TRACE io.atomix.utils.serializer.Namespace - class com.google.common.collect.Sets registered as 33
10:08:03.174 [raft-server-2-state] TRACE io.atomix.utils.serializer.Namespace - class com.google.common.collect.HashMultiset registered as 32
10:08:03.175 [raft-server-3-state] TRACE io.atomix.utils.serializer.Namespace - class com.google.common.collect.ImmutableEntry registered as 34
10:08:03.175 [raft-server-2-state] TRACE io.atomix.utils.serializer.Namespace - class com.google.common.collect.Sets registered as 33
10:08:03.175 [raft-server-3-state] TRACE io.atomix.utils.serializer.Namespace - class java.util.Arrays$ArrayList registered as 35
10:08:03.175 [raft-server-2-state] TRACE io.atomix.utils.serializer.Namespace - class com.google.common.collect.ImmutableEntry registered as 34
10:08:03.175 [raft-server-2-state] TRACE io.atomix.utils.serializer.Namespace - class java.util.Arrays$ArrayList registered as 35
10:08:03.175 [raft-server-3-state] TRACE io.atomix.utils.serializer.Namespace - class java.util.Collections$SingletonList registered as 36
10:08:03.175 [raft-server-3-state] TRACE io.atomix.utils.serializer.Namespace - class java.time.Duration registered as 37
10:08:03.175 [raft-server-2-state] TRACE io.atomix.utils.serializer.Namespace - class java.util.Collections$SingletonList registered as 36
10:08:03.175 [raft-server-2-state] TRACE io.atomix.utils.serializer.Namespace - class java.time.Duration registered as 37
10:08:03.175 [raft-server-3-state] TRACE io.atomix.utils.serializer.Namespace - class java.util.Collections$EmptySet registered as 38
10:08:03.175 [raft-server-3-state] TRACE io.atomix.utils.serializer.Namespace - class java.util.Optional registered as 39
10:08:03.175 [raft-server-2-state] TRACE io.atomix.utils.serializer.Namespace - class java.util.Collections$EmptySet registered as 38
10:08:03.175 [raft-server-2-state] TRACE io.atomix.utils.serializer.Namespace - class java.util.Optional registered as 39
10:08:03.175 [raft-server-3-state] TRACE io.atomix.utils.serializer.Namespace - class java.util.Collections$EmptyList registered as 40
10:08:03.175 [raft-server-2-state] TRACE io.atomix.utils.serializer.Namespace - class java.util.Collections$EmptyList registered as 40
10:08:03.175 [raft-server-3-state] TRACE io.atomix.utils.serializer.Namespace - class java.util.Collections$SingletonSet registered as 41
10:08:03.175 [raft-server-2-state] TRACE io.atomix.utils.serializer.Namespace - class java.util.Collections$SingletonSet registered as 41
10:08:03.175 [raft-server-3-state] TRACE io.atomix.utils.serializer.Namespace - class [I registered as 42
10:08:03.175 [raft-server-2-state] TRACE io.atomix.utils.serializer.Namespace - class [I registered as 42
10:08:03.175 [raft-server-3-state] TRACE io.atomix.utils.serializer.Namespace - class [J registered as 43
10:08:03.175 [raft-server-2-state] TRACE io.atomix.utils.serializer.Namespace - class [J registered as 43
10:08:03.175 [raft-server-3-state] TRACE io.atomix.utils.serializer.Namespace - class [S registered as 44
10:08:03.175 [raft-server-2-state] TRACE io.atomix.utils.serializer.Namespace - class [S registered as 44
10:08:03.175 [raft-server-3-state] TRACE io.atomix.utils.serializer.Namespace - class [D registered as 45
10:08:03.175 [raft-server-2-state] TRACE io.atomix.utils.serializer.Namespace - class [D registered as 45
10:08:03.175 [raft-server-3-state] TRACE io.atomix.utils.serializer.Namespace - class [F registered as 46
10:08:03.175 [raft-server-2-state] TRACE io.atomix.utils.serializer.Namespace - class [F registered as 46
10:08:03.175 [raft-server-3-state] TRACE io.atomix.utils.serializer.Namespace - class [C registered as 47
10:08:03.175 [raft-server-2-state] TRACE io.atomix.utils.serializer.Namespace - class [C registered as 47
10:08:03.175 [raft-server-3-state] TRACE io.atomix.utils.serializer.Namespace - class [Ljava.lang.String; registered as 48
10:08:03.175 [raft-server-2-state] TRACE io.atomix.utils.serializer.Namespace - class [Ljava.lang.String; registered as 48
10:08:03.175 [raft-server-3-state] TRACE io.atomix.utils.serializer.Namespace - class [Z registered as 49
10:08:03.175 [raft-server-2-state] TRACE io.atomix.utils.serializer.Namespace - class [Z registered as 49
10:08:03.175 [raft-server-3-state] TRACE io.atomix.utils.serializer.Namespace - class [Ljava.lang.Object; registered as 50
10:08:03.175 [raft-server-2-state] TRACE io.atomix.utils.serializer.Namespace - class [Ljava.lang.Object; registered as 50
10:08:03.175 [raft-server-3-state] TRACE io.atomix.utils.serializer.Namespace - class io.atomix.primitive.service.ServiceConfig registered as 51
10:08:03.175 [raft-server-2-state] TRACE io.atomix.utils.serializer.Namespace - class io.atomix.primitive.service.ServiceConfig registered as 51
10:08:03.175 [raft-server-3-state] TRACE io.atomix.utils.serializer.Namespace - Creating Kryo instance for Namespace{registeredBlocks=[RegistrationBlock{begin=16, types=[([Ljava.lang.Class;@68b11545,null), ([Ljava.lang.Class;@7d0100ea,null), ([Ljava.lang.Class;@357bc488,null), ([Ljava.lang.Class;@4ea17147,null), ([Ljava.lang.Class;@2eda4eeb,io.atomix.utils.serializer.serializers.ImmutableListSerializer@5ba90d8a), ([Ljava.lang.Class;@309dcdf3,io.atomix.utils.serializer.serializers.ImmutableSetSerializer@7573b9ee), ([Ljava.lang.Class;@9a20cbd,io.atomix.utils.serializer.serializers.ImmutableMapSerializer@1af4955e), ([Ljava.lang.Class;@445821a6,null), ([Ljava.lang.Class;@2c0c4c0a,null), ([Ljava.lang.Class;@35d26ad2,null), ([Ljava.lang.Class;@bb25753,null), ([Ljava.lang.Class;@ee21292,null), ([Ljava.lang.Class;@40c06358,null), ([Ljava.lang.Class;@66e21568,null), ([Ljava.lang.Class;@7f73ce28,null), ([Ljava.lang.Class;@611b35d6,null), ([Ljava.lang.Class;@2282400e,null), ([Ljava.lang.Class;@543d5863,null), ([Ljava.lang.Class;@35dece42,null), ([Ljava.lang.Class;@dd3f8aa,io.atomix.utils.serializer.serializers.ArraysAsListSerializer@3d615b2e), ([Ljava.lang.Class;@3a1f2a1,null), ([Ljava.lang.Class;@40ce9049,null), ([Ljava.lang.Class;@52ca2652,null), ([Ljava.lang.Class;@65c5bf0e,null), ([Ljava.lang.Class;@697d6ded,null), ([Ljava.lang.Class;@5d05f453,null), ([Ljava.lang.Class;@5efeb117,null), ([Ljava.lang.Class;@160b4809,null), ([Ljava.lang.Class;@149b4d20,null), ([Ljava.lang.Class;@664e848c,null), ([Ljava.lang.Class;@4d93f75b,null), ([Ljava.lang.Class;@114a5e0,null), ([Ljava.lang.Class;@4f281aaf,null), ([Ljava.lang.Class;@5d508d22,null), ([Ljava.lang.Class;@f2b90fc,null)]}, RegistrationBlock{begin=51, types=[([Ljava.lang.Class;@1a4aafa4,null)]}]}
10:08:03.176 [raft-server-2-state] TRACE io.atomix.utils.serializer.Namespace - Creating Kryo instance for Namespace{registeredBlocks=[RegistrationBlock{begin=16, types=[([Ljava.lang.Class;@68b11545,null), ([Ljava.lang.Class;@7d0100ea,null), ([Ljava.lang.Class;@357bc488,null), ([Ljava.lang.Class;@4ea17147,null), ([Ljava.lang.Class;@2eda4eeb,io.atomix.utils.serializer.serializers.ImmutableListSerializer@5ba90d8a), ([Ljava.lang.Class;@309dcdf3,io.atomix.utils.serializer.serializers.ImmutableSetSerializer@7573b9ee), ([Ljava.lang.Class;@9a20cbd,io.atomix.utils.serializer.serializers.ImmutableMapSerializer@1af4955e), ([Ljava.lang.Class;@445821a6,null), ([Ljava.lang.Class;@2c0c4c0a,null), ([Ljava.lang.Class;@35d26ad2,null), ([Ljava.lang.Class;@bb25753,null), ([Ljava.lang.Class;@ee21292,null), ([Ljava.lang.Class;@40c06358,null), ([Ljava.lang.Class;@66e21568,null), ([Ljava.lang.Class;@7f73ce28,null), ([Ljava.lang.Class;@611b35d6,null), ([Ljava.lang.Class;@2282400e,null), ([Ljava.lang.Class;@543d5863,null), ([Ljava.lang.Class;@35dece42,null), ([Ljava.lang.Class;@dd3f8aa,io.atomix.utils.serializer.serializers.ArraysAsListSerializer@3d615b2e), ([Ljava.lang.Class;@3a1f2a1,null), ([Ljava.lang.Class;@40ce9049,null), ([Ljava.lang.Class;@52ca2652,null), ([Ljava.lang.Class;@65c5bf0e,null), ([Ljava.lang.Class;@697d6ded,null), ([Ljava.lang.Class;@5d05f453,null), ([Ljava.lang.Class;@5efeb117,null), ([Ljava.lang.Class;@160b4809,null), ([Ljava.lang.Class;@149b4d20,null), ([Ljava.lang.Class;@664e848c,null), ([Ljava.lang.Class;@4d93f75b,null), ([Ljava.lang.Class;@114a5e0,null), ([Ljava.lang.Class;@4f281aaf,null), ([Ljava.lang.Class;@5d508d22,null), ([Ljava.lang.Class;@f2b90fc,null)]}, RegistrationBlock{begin=51, types=[([Ljava.lang.Class;@64f921b4,null)]}]}
10:08:03.176 [raft-server-3-state] TRACE io.atomix.utils.serializer.Namespace - class [B registered as 16
10:08:03.176 [raft-server-3-state] TRACE io.atomix.utils.serializer.Namespace - class java.util.concurrent.atomic.AtomicBoolean registered as 17
10:08:03.176 [raft-server-2-state] TRACE io.atomix.utils.serializer.Namespace - class [B registered as 16
10:08:03.176 [raft-server-3-state] TRACE io.atomix.utils.serializer.Namespace - class java.util.concurrent.atomic.AtomicInteger registered as 18
10:08:03.176 [raft-server-2-state] TRACE io.atomix.utils.serializer.Namespace - class java.util.concurrent.atomic.AtomicBoolean registered as 17
10:08:03.176 [raft-server-3-state] TRACE io.atomix.utils.serializer.Namespace - class java.util.concurrent.atomic.AtomicLong registered as 19
10:08:03.176 [raft-server-3-state] TRACE io.atomix.utils.serializer.Namespace - class com.google.common.collect.ImmutableList registered as 20
10:08:03.176 [raft-server-2-state] TRACE io.atomix.utils.serializer.Namespace - class java.util.concurrent.atomic.AtomicInteger registered as 18
10:08:03.176 [raft-server-3-state] TRACE io.atomix.utils.serializer.Namespace - class com.google.common.collect.RegularImmutableList registered as 20
10:08:03.176 [raft-server-3-state] TRACE io.atomix.utils.serializer.Namespace - class com.google.common.collect.RegularImmutableList registered as 20
10:08:03.176 [raft-server-2-state] TRACE io.atomix.utils.serializer.Namespace - class java.util.concurrent.atomic.AtomicLong registered as 19
10:08:03.176 [raft-server-2-state] TRACE io.atomix.utils.serializer.Namespace - class com.google.common.collect.ImmutableList registered as 20
10:08:03.176 [raft-server-3-state] TRACE io.atomix.utils.serializer.Namespace - class com.google.common.collect.ImmutableList$SubList registered as 20
10:08:03.176 [raft-server-2-state] TRACE io.atomix.utils.serializer.Namespace - class com.google.common.collect.RegularImmutableList registered as 20
10:08:03.176 [raft-server-3-state] TRACE io.atomix.utils.serializer.Namespace - class com.google.common.collect.ImmutableSet registered as 21
10:08:03.176 [raft-server-2-state] TRACE io.atomix.utils.serializer.Namespace - class com.google.common.collect.RegularImmutableList registered as 20
10:08:03.176 [raft-server-3-state] TRACE io.atomix.utils.serializer.Namespace - class com.google.common.collect.RegularImmutableSet registered as 21
10:08:03.176 [raft-server-2-state] TRACE io.atomix.utils.serializer.Namespace - class com.google.common.collect.ImmutableList$SubList registered as 20
10:08:03.176 [raft-server-3-state] TRACE io.atomix.utils.serializer.Namespace - class com.google.common.collect.SingletonImmutableSet registered as 21
10:08:03.176 [raft-server-2-state] TRACE io.atomix.utils.serializer.Namespace - class com.google.common.collect.ImmutableSet registered as 21
10:08:03.176 [raft-server-3-state] TRACE io.atomix.utils.serializer.Namespace - class com.google.common.collect.RegularImmutableSet registered as 21
10:08:03.176 [raft-server-2-state] TRACE io.atomix.utils.serializer.Namespace - class com.google.common.collect.RegularImmutableSet registered as 21
10:08:03.176 [raft-server-3-state] TRACE io.atomix.utils.serializer.Namespace - class com.google.common.collect.ImmutableMap registered as 22
10:08:03.176 [raft-server-2-state] TRACE io.atomix.utils.serializer.Namespace - class com.google.common.collect.SingletonImmutableSet registered as 21
10:08:03.176 [raft-server-3-state] TRACE io.atomix.utils.serializer.Namespace - class com.google.common.collect.RegularImmutableMap registered as 22
10:08:03.176 [raft-server-2-state] TRACE io.atomix.utils.serializer.Namespace - class com.google.common.collect.RegularImmutableSet registered as 21
10:08:03.176 [raft-server-3-state] TRACE io.atomix.utils.serializer.Namespace - class com.google.common.collect.RegularImmutableMap registered as 22
10:08:03.176 [raft-server-2-state] TRACE io.atomix.utils.serializer.Namespace - class com.google.common.collect.ImmutableMap registered as 22
10:08:03.176 [raft-server-3-state] TRACE io.atomix.utils.serializer.Namespace - class com.google.common.collect.RegularImmutableMap registered as 22
10:08:03.176 [raft-server-2-state] TRACE io.atomix.utils.serializer.Namespace - class com.google.common.collect.RegularImmutableMap registered as 22
10:08:03.177 [raft-server-2-state] TRACE io.atomix.utils.serializer.Namespace - class com.google.common.collect.RegularImmutableMap registered as 22
10:08:03.177 [raft-server-3-state] TRACE io.atomix.utils.serializer.Namespace - class java.util.Collections$UnmodifiableSet registered as 23
10:08:03.177 [raft-server-2-state] TRACE io.atomix.utils.serializer.Namespace - class com.google.common.collect.RegularImmutableMap registered as 22
10:08:03.177 [raft-server-3-state] TRACE io.atomix.utils.serializer.Namespace - class java.util.HashMap registered as 24
10:08:03.177 [raft-server-2-state] TRACE io.atomix.utils.serializer.Namespace - class java.util.Collections$UnmodifiableSet registered as 23
10:08:03.177 [raft-server-3-state] TRACE io.atomix.utils.serializer.Namespace - class java.util.concurrent.ConcurrentHashMap registered as 25
10:08:03.177 [raft-server-3-state] TRACE io.atomix.utils.serializer.Namespace - class java.util.concurrent.CopyOnWriteArraySet registered as 26
10:08:03.177 [raft-server-2-state] TRACE io.atomix.utils.serializer.Namespace - class java.util.HashMap registered as 24
10:08:03.177 [raft-server-3-state] TRACE io.atomix.utils.serializer.Namespace - class java.util.ArrayList registered as 27
10:08:03.177 [raft-server-2-state] TRACE io.atomix.utils.serializer.Namespace - class java.util.concurrent.ConcurrentHashMap registered as 25
10:08:03.177 [raft-server-3-state] TRACE io.atomix.utils.serializer.Namespace - class java.util.LinkedList registered as 28
10:08:03.177 [raft-server-2-state] TRACE io.atomix.utils.serializer.Namespace - class java.util.concurrent.CopyOnWriteArraySet registered as 26
10:08:03.177 [raft-server-3-state] TRACE io.atomix.utils.serializer.Namespace - class java.util.HashSet registered as 29
10:08:03.177 [raft-server-2-state] TRACE io.atomix.utils.serializer.Namespace - class java.util.ArrayList registered as 27
10:08:03.177 [raft-server-3-state] TRACE io.atomix.utils.serializer.Namespace - class java.util.LinkedHashSet registered as 30
10:08:03.177 [raft-server-2-state] TRACE io.atomix.utils.serializer.Namespace - class java.util.LinkedList registered as 28
10:08:03.177 [raft-server-3-state] TRACE io.atomix.utils.serializer.Namespace - class java.util.ArrayDeque registered as 31
10:08:03.177 [raft-server-2-state] TRACE io.atomix.utils.serializer.Namespace - class java.util.HashSet registered as 29
10:08:03.177 [raft-server-3-state] TRACE io.atomix.utils.serializer.Namespace - class com.google.common.collect.HashMultiset registered as 32
10:08:03.177 [raft-server-2-state] TRACE io.atomix.utils.serializer.Namespace - class java.util.LinkedHashSet registered as 30
10:08:03.177 [raft-server-3-state] TRACE io.atomix.utils.serializer.Namespace - class com.google.common.collect.Sets registered as 33
10:08:03.177 [raft-server-2-state] TRACE io.atomix.utils.serializer.Namespace - class java.util.ArrayDeque registered as 31
10:08:03.177 [raft-server-3-state] TRACE io.atomix.utils.serializer.Namespace - class com.google.common.collect.ImmutableEntry registered as 34
10:08:03.177 [raft-server-2-state] TRACE io.atomix.utils.serializer.Namespace - class com.google.common.collect.HashMultiset registered as 32
10:08:03.177 [raft-server-3-state] TRACE io.atomix.utils.serializer.Namespace - class java.util.Arrays$ArrayList registered as 35
10:08:03.177 [raft-server-2-state] TRACE io.atomix.utils.serializer.Namespace - class com.google.common.collect.Sets registered as 33
10:08:03.177 [raft-server-3-state] TRACE io.atomix.utils.serializer.Namespace - class java.util.Collections$SingletonList registered as 36
10:08:03.177 [raft-server-3-state] TRACE io.atomix.utils.serializer.Namespace - class java.time.Duration registered as 37
10:08:03.177 [raft-server-2-state] TRACE io.atomix.utils.serializer.Namespace - class com.google.common.collect.ImmutableEntry registered as 34
10:08:03.177 [raft-server-3-state] TRACE io.atomix.utils.serializer.Namespace - class java.util.Collections$EmptySet registered as 38
10:08:03.177 [raft-server-2-state] TRACE io.atomix.utils.serializer.Namespace - class java.util.Arrays$ArrayList registered as 35
10:08:03.177 [raft-server-3-state] TRACE io.atomix.utils.serializer.Namespace - class java.util.Optional registered as 39
10:08:03.177 [raft-server-2-state] TRACE io.atomix.utils.serializer.Namespace - class java.util.Collections$SingletonList registered as 36
10:08:03.177 [raft-server-3-state] TRACE io.atomix.utils.serializer.Namespace - class java.util.Collections$EmptyList registered as 40
10:08:03.177 [raft-server-2-state] TRACE io.atomix.utils.serializer.Namespace - class java.time.Duration registered as 37
10:08:03.178 [raft-server-3-state] TRACE io.atomix.utils.serializer.Namespace - class java.util.Collections$SingletonSet registered as 41
10:08:03.178 [raft-server-2-state] TRACE io.atomix.utils.serializer.Namespace - class java.util.Collections$EmptySet registered as 38
10:08:03.178 [raft-server-2-state] TRACE io.atomix.utils.serializer.Namespace - class java.util.Optional registered as 39
10:08:03.178 [raft-server-3-state] TRACE io.atomix.utils.serializer.Namespace - class [I registered as 42
10:08:03.178 [raft-server-2-state] TRACE io.atomix.utils.serializer.Namespace - class java.util.Collections$EmptyList registered as 40
10:08:03.178 [raft-server-3-state] TRACE io.atomix.utils.serializer.Namespace - class [J registered as 43
10:08:03.178 [raft-server-2-state] TRACE io.atomix.utils.serializer.Namespace - class java.util.Collections$SingletonSet registered as 41
10:08:03.178 [raft-server-3-state] TRACE io.atomix.utils.serializer.Namespace - class [S registered as 44
10:08:03.178 [raft-server-2-state] TRACE io.atomix.utils.serializer.Namespace - class [I registered as 42
10:08:03.178 [raft-server-3-state] TRACE io.atomix.utils.serializer.Namespace - class [D registered as 45
10:08:03.178 [raft-server-2-state] TRACE io.atomix.utils.serializer.Namespace - class [J registered as 43
10:08:03.178 [raft-server-3-state] TRACE io.atomix.utils.serializer.Namespace - class [F registered as 46
10:08:03.178 [raft-server-2-state] TRACE io.atomix.utils.serializer.Namespace - class [S registered as 44
10:08:03.178 [raft-server-3-state] TRACE io.atomix.utils.serializer.Namespace - class [C registered as 47
10:08:03.178 [raft-server-2-state] TRACE io.atomix.utils.serializer.Namespace - class [D registered as 45
10:08:03.178 [raft-server-3-state] TRACE io.atomix.utils.serializer.Namespace - class [Ljava.lang.String; registered as 48
10:08:03.178 [raft-server-2-state] TRACE io.atomix.utils.serializer.Namespace - class [F registered as 46
10:08:03.178 [raft-server-3-state] TRACE io.atomix.utils.serializer.Namespace - class [Z registered as 49
10:08:03.178 [raft-server-3-state] TRACE io.atomix.utils.serializer.Namespace - class [Ljava.lang.Object; registered as 50
10:08:03.178 [raft-server-2-state] TRACE io.atomix.utils.serializer.Namespace - class [C registered as 47
10:08:03.178 [raft-server-3-state] TRACE io.atomix.utils.serializer.Namespace - class io.atomix.primitive.service.ServiceConfig registered as 51
10:08:03.178 [raft-server-2-state] TRACE io.atomix.utils.serializer.Namespace - class [Ljava.lang.String; registered as 48
10:08:03.178 [raft-server-2-state] TRACE io.atomix.utils.serializer.Namespace - class [Z registered as 49
10:08:03.178 [raft-server-3-state] TRACE io.atomix.utils.serializer.Namespace - Creating Kryo instance for Namespace{registeredBlocks=[RegistrationBlock{begin=16, types=[([Ljava.lang.Class;@68b11545,null), ([Ljava.lang.Class;@7d0100ea,null), ([Ljava.lang.Class;@357bc488,null), ([Ljava.lang.Class;@4ea17147,null), ([Ljava.lang.Class;@2eda4eeb,io.atomix.utils.serializer.serializers.ImmutableListSerializer@5ba90d8a), ([Ljava.lang.Class;@309dcdf3,io.atomix.utils.serializer.serializers.ImmutableSetSerializer@7573b9ee), ([Ljava.lang.Class;@9a20cbd,io.atomix.utils.serializer.serializers.ImmutableMapSerializer@1af4955e), ([Ljava.lang.Class;@445821a6,null), ([Ljava.lang.Class;@2c0c4c0a,null), ([Ljava.lang.Class;@35d26ad2,null), ([Ljava.lang.Class;@bb25753,null), ([Ljava.lang.Class;@ee21292,null), ([Ljava.lang.Class;@40c06358,null), ([Ljava.lang.Class;@66e21568,null), ([Ljava.lang.Class;@7f73ce28,null), ([Ljava.lang.Class;@611b35d6,null), ([Ljava.lang.Class;@2282400e,null), ([Ljava.lang.Class;@543d5863,null), ([Ljava.lang.Class;@35dece42,null), ([Ljava.lang.Class;@dd3f8aa,io.atomix.utils.serializer.serializers.ArraysAsListSerializer@3d615b2e), ([Ljava.lang.Class;@3a1f2a1,null), ([Ljava.lang.Class;@40ce9049,null), ([Ljava.lang.Class;@52ca2652,null), ([Ljava.lang.Class;@65c5bf0e,null), ([Ljava.lang.Class;@697d6ded,null), ([Ljava.lang.Class;@5d05f453,null), ([Ljava.lang.Class;@5efeb117,null), ([Ljava.lang.Class;@160b4809,null), ([Ljava.lang.Class;@149b4d20,null), ([Ljava.lang.Class;@664e848c,null), ([Ljava.lang.Class;@4d93f75b,null), ([Ljava.lang.Class;@114a5e0,null), ([Ljava.lang.Class;@4f281aaf,null), ([Ljava.lang.Class;@5d508d22,null), ([Ljava.lang.Class;@f2b90fc,null)]}, RegistrationBlock{begin=51, types=[([Ljava.lang.Class;@1e752835,null)]}]}
10:08:03.178 [raft-server-2-state] TRACE io.atomix.utils.serializer.Namespace - class [Ljava.lang.Object; registered as 50
10:08:03.178 [raft-server-2-state] TRACE io.atomix.utils.serializer.Namespace - class io.atomix.primitive.service.ServiceConfig registered as 51
10:08:03.178 [raft-server-3-state] TRACE io.atomix.utils.serializer.Namespace - class [B registered as 16
10:08:03.178 [raft-server-2-state] TRACE io.atomix.utils.serializer.Namespace - Creating Kryo instance for Namespace{registeredBlocks=[RegistrationBlock{begin=16, types=[([Ljava.lang.Class;@68b11545,null), ([Ljava.lang.Class;@7d0100ea,null), ([Ljava.lang.Class;@357bc488,null), ([Ljava.lang.Class;@4ea17147,null), ([Ljava.lang.Class;@2eda4eeb,io.atomix.utils.serializer.serializers.ImmutableListSerializer@5ba90d8a), ([Ljava.lang.Class;@309dcdf3,io.atomix.utils.serializer.serializers.ImmutableSetSerializer@7573b9ee), ([Ljava.lang.Class;@9a20cbd,io.atomix.utils.serializer.serializers.ImmutableMapSerializer@1af4955e), ([Ljava.lang.Class;@445821a6,null), ([Ljava.lang.Class;@2c0c4c0a,null), ([Ljava.lang.Class;@35d26ad2,null), ([Ljava.lang.Class;@bb25753,null), ([Ljava.lang.Class;@ee21292,null), ([Ljava.lang.Class;@40c06358,null), ([Ljava.lang.Class;@66e21568,null), ([Ljava.lang.Class;@7f73ce28,null), ([Ljava.lang.Class;@611b35d6,null), ([Ljava.lang.Class;@2282400e,null), ([Ljava.lang.Class;@543d5863,null), ([Ljava.lang.Class;@35dece42,null), ([Ljava.lang.Class;@dd3f8aa,io.atomix.utils.serializer.serializers.ArraysAsListSerializer@3d615b2e), ([Ljava.lang.Class;@3a1f2a1,null), ([Ljava.lang.Class;@40ce9049,null), ([Ljava.lang.Class;@52ca2652,null), ([Ljava.lang.Class;@65c5bf0e,null), ([Ljava.lang.Class;@697d6ded,null), ([Ljava.lang.Class;@5d05f453,null), ([Ljava.lang.Class;@5efeb117,null), ([Ljava.lang.Class;@160b4809,null), ([Ljava.lang.Class;@149b4d20,null), ([Ljava.lang.Class;@664e848c,null), ([Ljava.lang.Class;@4d93f75b,null), ([Ljava.lang.Class;@114a5e0,null), ([Ljava.lang.Class;@4f281aaf,null), ([Ljava.lang.Class;@5d508d22,null), ([Ljava.lang.Class;@f2b90fc,null)]}, RegistrationBlock{begin=51, types=[([Ljava.lang.Class;@60c6a9f3,null)]}]}
10:08:03.178 [raft-server-3-state] TRACE io.atomix.utils.serializer.Namespace - class java.util.concurrent.atomic.AtomicBoolean registered as 17
10:08:03.178 [raft-server-3-state] TRACE io.atomix.utils.serializer.Namespace - class java.util.concurrent.atomic.AtomicInteger registered as 18
10:08:03.178 [raft-server-3-state] TRACE io.atomix.utils.serializer.Namespace - class java.util.concurrent.atomic.AtomicLong registered as 19
10:08:03.178 [raft-server-3-state] TRACE io.atomix.utils.serializer.Namespace - class com.google.common.collect.ImmutableList registered as 20
10:08:03.179 [raft-server-3-state] TRACE io.atomix.utils.serializer.Namespace - class com.google.common.collect.RegularImmutableList registered as 20
10:08:03.179 [raft-server-2-state] TRACE io.atomix.utils.serializer.Namespace - class [B registered as 16
10:08:03.179 [raft-server-3-state] TRACE io.atomix.utils.serializer.Namespace - class com.google.common.collect.RegularImmutableList registered as 20
10:08:03.179 [raft-server-2-state] TRACE io.atomix.utils.serializer.Namespace - class java.util.concurrent.atomic.AtomicBoolean registered as 17
10:08:03.179 [raft-server-3-state] TRACE io.atomix.utils.serializer.Namespace - class com.google.common.collect.ImmutableList$SubList registered as 20
10:08:03.179 [raft-server-2-state] TRACE io.atomix.utils.serializer.Namespace - class java.util.concurrent.atomic.AtomicInteger registered as 18
10:08:03.179 [raft-server-3-state] TRACE io.atomix.utils.serializer.Namespace - class com.google.common.collect.ImmutableSet registered as 21
10:08:03.179 [raft-server-3-state] TRACE io.atomix.utils.serializer.Namespace - class com.google.common.collect.RegularImmutableSet registered as 21
10:08:03.179 [raft-server-2-state] TRACE io.atomix.utils.serializer.Namespace - class java.util.concurrent.atomic.AtomicLong registered as 19
10:08:03.179 [raft-server-3-state] TRACE io.atomix.utils.serializer.Namespace - class com.google.common.collect.SingletonImmutableSet registered as 21
10:08:03.179 [raft-server-2-state] TRACE io.atomix.utils.serializer.Namespace - class com.google.common.collect.ImmutableList registered as 20
10:08:03.179 [raft-server-3-state] TRACE io.atomix.utils.serializer.Namespace - class com.google.common.collect.RegularImmutableSet registered as 21
10:08:03.179 [raft-server-2-state] TRACE io.atomix.utils.serializer.Namespace - class com.google.common.collect.RegularImmutableList registered as 20
10:08:03.179 [raft-server-3-state] TRACE io.atomix.utils.serializer.Namespace - class com.google.common.collect.ImmutableMap registered as 22
10:08:03.179 [raft-server-2-state] TRACE io.atomix.utils.serializer.Namespace - class com.google.common.collect.RegularImmutableList registered as 20
10:08:03.179 [raft-server-3-state] TRACE io.atomix.utils.serializer.Namespace - class com.google.common.collect.RegularImmutableMap registered as 22
10:08:03.179 [raft-server-2-state] TRACE io.atomix.utils.serializer.Namespace - class com.google.common.collect.ImmutableList$SubList registered as 20
10:08:03.179 [raft-server-3-state] TRACE io.atomix.utils.serializer.Namespace - class com.google.common.collect.RegularImmutableMap registered as 22
10:08:03.179 [raft-server-2-state] TRACE io.atomix.utils.serializer.Namespace - class com.google.common.collect.ImmutableSet registered as 21
10:08:03.179 [raft-server-3-state] TRACE io.atomix.utils.serializer.Namespace - class com.google.common.collect.RegularImmutableMap registered as 22
10:08:03.179 [raft-server-2-state] TRACE io.atomix.utils.serializer.Namespace - class com.google.common.collect.RegularImmutableSet registered as 21
10:08:03.179 [raft-server-2-state] TRACE io.atomix.utils.serializer.Namespace - class com.google.common.collect.SingletonImmutableSet registered as 21
10:08:03.179 [raft-server-3-state] TRACE io.atomix.utils.serializer.Namespace - class java.util.Collections$UnmodifiableSet registered as 23
10:08:03.179 [raft-server-2-state] TRACE io.atomix.utils.serializer.Namespace - class com.google.common.collect.RegularImmutableSet registered as 21
10:08:03.179 [raft-server-3-state] TRACE io.atomix.utils.serializer.Namespace - class java.util.HashMap registered as 24
10:08:03.179 [raft-server-2-state] TRACE io.atomix.utils.serializer.Namespace - class com.google.common.collect.ImmutableMap registered as 22
10:08:03.179 [raft-server-3-state] TRACE io.atomix.utils.serializer.Namespace - class java.util.concurrent.ConcurrentHashMap registered as 25
10:08:03.179 [raft-server-2-state] TRACE io.atomix.utils.serializer.Namespace - class com.google.common.collect.RegularImmutableMap registered as 22
10:08:03.179 [raft-server-2-state] TRACE io.atomix.utils.serializer.Namespace - class com.google.common.collect.RegularImmutableMap registered as 22
10:08:03.179 [raft-server-3-state] TRACE io.atomix.utils.serializer.Namespace - class java.util.concurrent.CopyOnWriteArraySet registered as 26
10:08:03.179 [raft-server-2-state] TRACE io.atomix.utils.serializer.Namespace - class com.google.common.collect.RegularImmutableMap registered as 22
10:08:03.179 [raft-server-3-state] TRACE io.atomix.utils.serializer.Namespace - class java.util.ArrayList registered as 27
10:08:03.179 [raft-server-3-state] TRACE io.atomix.utils.serializer.Namespace - class java.util.LinkedList registered as 28
10:08:03.179 [raft-server-2-state] TRACE io.atomix.utils.serializer.Namespace - class java.util.Collections$UnmodifiableSet registered as 23
10:08:03.179 [raft-server-3-state] TRACE io.atomix.utils.serializer.Namespace - class java.util.HashSet registered as 29
10:08:03.179 [raft-server-3-state] TRACE io.atomix.utils.serializer.Namespace - class java.util.LinkedHashSet registered as 30
10:08:03.179 [raft-server-2-state] TRACE io.atomix.utils.serializer.Namespace - class java.util.HashMap registered as 24
10:08:03.180 [raft-server-3-state] TRACE io.atomix.utils.serializer.Namespace - class java.util.ArrayDeque registered as 31
10:08:03.180 [raft-server-2-state] TRACE io.atomix.utils.serializer.Namespace - class java.util.concurrent.ConcurrentHashMap registered as 25
10:08:03.180 [raft-server-3-state] TRACE io.atomix.utils.serializer.Namespace - class com.google.common.collect.HashMultiset registered as 32
10:08:03.180 [raft-server-3-state] TRACE io.atomix.utils.serializer.Namespace - class com.google.common.collect.Sets registered as 33
10:08:03.180 [raft-server-2-state] TRACE io.atomix.utils.serializer.Namespace - class java.util.concurrent.CopyOnWriteArraySet registered as 26
10:08:03.180 [raft-server-3-state] TRACE io.atomix.utils.serializer.Namespace - class com.google.common.collect.ImmutableEntry registered as 34
10:08:03.180 [raft-server-3-state] TRACE io.atomix.utils.serializer.Namespace - class java.util.Arrays$ArrayList registered as 35
10:08:03.180 [raft-server-2-state] TRACE io.atomix.utils.serializer.Namespace - class java.util.ArrayList registered as 27
10:08:03.180 [raft-server-3-state] TRACE io.atomix.utils.serializer.Namespace - class java.util.Collections$SingletonList registered as 36
10:08:03.180 [raft-server-3-state] TRACE io.atomix.utils.serializer.Namespace - class java.time.Duration registered as 37
10:08:03.180 [raft-server-2-state] TRACE io.atomix.utils.serializer.Namespace - class java.util.LinkedList registered as 28
10:08:03.180 [raft-server-3-state] TRACE io.atomix.utils.serializer.Namespace - class java.util.Collections$EmptySet registered as 38
10:08:03.180 [raft-server-3-state] TRACE io.atomix.utils.serializer.Namespace - class java.util.Optional registered as 39
10:08:03.180 [raft-server-2-state] TRACE io.atomix.utils.serializer.Namespace - class java.util.HashSet registered as 29
10:08:03.180 [raft-server-3-state] TRACE io.atomix.utils.serializer.Namespace - class java.util.Collections$EmptyList registered as 40
10:08:03.180 [raft-server-2-state] TRACE io.atomix.utils.serializer.Namespace - class java.util.LinkedHashSet registered as 30
10:08:03.180 [raft-server-3-state] TRACE io.atomix.utils.serializer.Namespace - class java.util.Collections$SingletonSet registered as 41
10:08:03.180 [raft-server-3-state] TRACE io.atomix.utils.serializer.Namespace - class [I registered as 42
10:08:03.180 [raft-server-2-state] TRACE io.atomix.utils.serializer.Namespace - class java.util.ArrayDeque registered as 31
10:08:03.180 [raft-server-3-state] TRACE io.atomix.utils.serializer.Namespace - class [J registered as 43
10:08:03.180 [raft-server-2-state] TRACE io.atomix.utils.serializer.Namespace - class com.google.common.collect.HashMultiset registered as 32
10:08:03.180 [raft-server-3-state] TRACE io.atomix.utils.serializer.Namespace - class [S registered as 44
10:08:03.180 [raft-server-2-state] TRACE io.atomix.utils.serializer.Namespace - class com.google.common.collect.Sets registered as 33
10:08:03.180 [raft-server-3-state] TRACE io.atomix.utils.serializer.Namespace - class [D registered as 45
10:08:03.180 [raft-server-3-state] TRACE io.atomix.utils.serializer.Namespace - class [F registered as 46
10:08:03.180 [raft-server-2-state] TRACE io.atomix.utils.serializer.Namespace - class com.google.common.collect.ImmutableEntry registered as 34
10:08:03.180 [raft-server-3-state] TRACE io.atomix.utils.serializer.Namespace - class [C registered as 47
10:08:03.180 [raft-server-2-state] TRACE io.atomix.utils.serializer.Namespace - class java.util.Arrays$ArrayList registered as 35
10:08:03.180 [raft-server-3-state] TRACE io.atomix.utils.serializer.Namespace - class [Ljava.lang.String; registered as 48
10:08:03.180 [raft-server-3-state] TRACE io.atomix.utils.serializer.Namespace - class [Z registered as 49
10:08:03.180 [raft-server-2-state] TRACE io.atomix.utils.serializer.Namespace - class java.util.Collections$SingletonList registered as 36
10:08:03.180 [raft-server-3-state] TRACE io.atomix.utils.serializer.Namespace - class [Ljava.lang.Object; registered as 50
10:08:03.180 [raft-server-2-state] TRACE io.atomix.utils.serializer.Namespace - class java.time.Duration registered as 37
10:08:03.180 [raft-server-3-state] TRACE io.atomix.utils.serializer.Namespace - class io.atomix.primitive.service.ServiceConfig registered as 51
10:08:03.180 [raft-server-2-state] TRACE io.atomix.utils.serializer.Namespace - class java.util.Collections$EmptySet registered as 38
10:08:03.180 [raft-server-2-state] TRACE io.atomix.utils.serializer.Namespace - class java.util.Optional registered as 39
10:08:03.180 [raft-server-2-state] TRACE io.atomix.utils.serializer.Namespace - class java.util.Collections$EmptyList registered as 40
10:08:03.180 [raft-server-3-state] DEBUG i.a.p.s.impl.DefaultServiceExecutor - PrimitiveService{2}{type=io.atomix.protocols.raft.RaftTest$TestPrimitiveType@5b77a59f, name=raft-test} - Registered operation callback DefaultOperationId{id=sendEvent, type=COMMAND}
10:08:03.180 [raft-server-2-state] TRACE io.atomix.utils.serializer.Namespace - class java.util.Collections$SingletonSet registered as 41
10:08:03.180 [raft-server-3-state] DEBUG i.a.p.s.impl.DefaultServiceExecutor - PrimitiveService{2}{type=io.atomix.protocols.raft.RaftTest$TestPrimitiveType@5b77a59f, name=raft-test} - Registered operation callback DefaultOperationId{id=onClose, type=COMMAND}
10:08:03.181 [raft-server-3-state] DEBUG i.a.p.s.impl.DefaultServiceExecutor - PrimitiveService{2}{type=io.atomix.protocols.raft.RaftTest$TestPrimitiveType@5b77a59f, name=raft-test} - Registered operation callback DefaultOperationId{id=read, type=QUERY}
10:08:03.181 [raft-server-2-state] TRACE io.atomix.utils.serializer.Namespace - class [I registered as 42
10:08:03.181 [raft-server-3-state] DEBUG i.a.p.s.impl.DefaultServiceExecutor - PrimitiveService{2}{type=io.atomix.protocols.raft.RaftTest$TestPrimitiveType@5b77a59f, name=raft-test} - Registered operation callback DefaultOperationId{id=onExpire, type=COMMAND}
10:08:03.181 [raft-server-3-state] DEBUG i.a.p.s.impl.DefaultServiceExecutor - PrimitiveService{2}{type=io.atomix.protocols.raft.RaftTest$TestPrimitiveType@5b77a59f, name=raft-test} - Registered operation callback DefaultOperationId{id=write, type=COMMAND}
10:08:03.181 [raft-server-2-state] TRACE io.atomix.utils.serializer.Namespace - class [J registered as 43
10:08:03.181 [raft-server-3-state] TRACE io.atomix.utils.serializer.Namespace - Creating Kryo instance for Namespace{registeredBlocks=[RegistrationBlock{begin=16, types=[([Ljava.lang.Class;@68b11545,null), ([Ljava.lang.Class;@7d0100ea,null), ([Ljava.lang.Class;@357bc488,null), ([Ljava.lang.Class;@4ea17147,null), ([Ljava.lang.Class;@2eda4eeb,io.atomix.utils.serializer.serializers.ImmutableListSerializer@5ba90d8a), ([Ljava.lang.Class;@309dcdf3,io.atomix.utils.serializer.serializers.ImmutableSetSerializer@7573b9ee), ([Ljava.lang.Class;@9a20cbd,io.atomix.utils.serializer.serializers.ImmutableMapSerializer@1af4955e), ([Ljava.lang.Class;@445821a6,null), ([Ljava.lang.Class;@2c0c4c0a,null), ([Ljava.lang.Class;@35d26ad2,null), ([Ljava.lang.Class;@bb25753,null), ([Ljava.lang.Class;@ee21292,null), ([Ljava.lang.Class;@40c06358,null), ([Ljava.lang.Class;@66e21568,null), ([Ljava.lang.Class;@7f73ce28,null), ([Ljava.lang.Class;@611b35d6,null), ([Ljava.lang.Class;@2282400e,null), ([Ljava.lang.Class;@543d5863,null), ([Ljava.lang.Class;@35dece42,null), ([Ljava.lang.Class;@dd3f8aa,io.atomix.utils.serializer.serializers.ArraysAsListSerializer@3d615b2e), ([Ljava.lang.Class;@3a1f2a1,null), ([Ljava.lang.Class;@40ce9049,null), ([Ljava.lang.Class;@52ca2652,null), ([Ljava.lang.Class;@65c5bf0e,null), ([Ljava.lang.Class;@697d6ded,null), ([Ljava.lang.Class;@5d05f453,null), ([Ljava.lang.Class;@5efeb117,null), ([Ljava.lang.Class;@160b4809,null), ([Ljava.lang.Class;@149b4d20,null), ([Ljava.lang.Class;@664e848c,null), ([Ljava.lang.Class;@4d93f75b,null), ([Ljava.lang.Class;@114a5e0,null), ([Ljava.lang.Class;@4f281aaf,null), ([Ljava.lang.Class;@5d508d22,null), ([Ljava.lang.Class;@f2b90fc,null)]}, RegistrationBlock{begin=51, types=[([Ljava.lang.Class;@251e52df,null)]}]}
10:08:03.181 [raft-server-2-state] TRACE io.atomix.utils.serializer.Namespace - class [S registered as 44
10:08:03.181 [raft-server-2-state] TRACE io.atomix.utils.serializer.Namespace - class [D registered as 45
10:08:03.181 [raft-server-3-state] TRACE io.atomix.utils.serializer.Namespace - class [B registered as 16
10:08:03.181 [raft-server-2-state] TRACE io.atomix.utils.serializer.Namespace - class [F registered as 46
10:08:03.181 [raft-server-3-state] TRACE io.atomix.utils.serializer.Namespace - class java.util.concurrent.atomic.AtomicBoolean registered as 17
10:08:03.181 [raft-server-2-state] TRACE io.atomix.utils.serializer.Namespace - class [C registered as 47
10:08:03.181 [raft-server-3-state] TRACE io.atomix.utils.serializer.Namespace - class java.util.concurrent.atomic.AtomicInteger registered as 18
10:08:03.181 [raft-server-2-state] TRACE io.atomix.utils.serializer.Namespace - class [Ljava.lang.String; registered as 48
10:08:03.181 [raft-server-3-state] TRACE io.atomix.utils.serializer.Namespace - class java.util.concurrent.atomic.AtomicLong registered as 19
10:08:03.181 [raft-server-3-state] TRACE io.atomix.utils.serializer.Namespace - class com.google.common.collect.ImmutableList registered as 20
10:08:03.181 [raft-server-3-state] TRACE io.atomix.utils.serializer.Namespace - class com.google.common.collect.RegularImmutableList registered as 20
10:08:03.181 [raft-server-2-state] TRACE io.atomix.utils.serializer.Namespace - class [Z registered as 49
10:08:03.181 [raft-server-3-state] TRACE io.atomix.utils.serializer.Namespace - class com.google.common.collect.RegularImmutableList registered as 20
10:08:03.181 [raft-server-2-state] TRACE io.atomix.utils.serializer.Namespace - class [Ljava.lang.Object; registered as 50
10:08:03.181 [raft-server-3-state] TRACE io.atomix.utils.serializer.Namespace - class com.google.common.collect.ImmutableList$SubList registered as 20
10:08:03.181 [raft-server-3-state] TRACE io.atomix.utils.serializer.Namespace - class com.google.common.collect.ImmutableSet registered as 21
10:08:03.181 [raft-server-2-state] TRACE io.atomix.utils.serializer.Namespace - class io.atomix.primitive.service.ServiceConfig registered as 51
10:08:03.181 [raft-server-3-state] TRACE io.atomix.utils.serializer.Namespace - class com.google.common.collect.RegularImmutableSet registered as 21
10:08:03.181 [raft-server-3-state] TRACE io.atomix.utils.serializer.Namespace - class com.google.common.collect.SingletonImmutableSet registered as 21
10:08:03.181 [raft-server-3-state] TRACE io.atomix.utils.serializer.Namespace - class com.google.common.collect.RegularImmutableSet registered as 21
10:08:03.181 [raft-server-3-state] TRACE io.atomix.utils.serializer.Namespace - class com.google.common.collect.ImmutableMap registered as 22
10:08:03.181 [raft-server-3-state] TRACE io.atomix.utils.serializer.Namespace - class com.google.common.collect.RegularImmutableMap registered as 22
10:08:03.181 [raft-server-3-state] TRACE io.atomix.utils.serializer.Namespace - class com.google.common.collect.RegularImmutableMap registered as 22
10:08:03.181 [raft-server-3-state] TRACE io.atomix.utils.serializer.Namespace - class com.google.common.collect.RegularImmutableMap registered as 22
10:08:03.181 [raft-server-3-state] TRACE io.atomix.utils.serializer.Namespace - class java.util.Collections$UnmodifiableSet registered as 23
10:08:03.181 [raft-server-3-state] TRACE io.atomix.utils.serializer.Namespace - class java.util.HashMap registered as 24
10:08:03.181 [raft-server-2-state] DEBUG i.a.p.s.impl.DefaultServiceExecutor - PrimitiveService{2}{type=io.atomix.protocols.raft.RaftTest$TestPrimitiveType@25c42b8f, name=raft-test} - Registered operation callback DefaultOperationId{id=sendEvent, type=COMMAND}
10:08:03.181 [raft-server-3-state] TRACE io.atomix.utils.serializer.Namespace - class java.util.concurrent.ConcurrentHashMap registered as 25
10:08:03.181 [raft-server-2-state] DEBUG i.a.p.s.impl.DefaultServiceExecutor - PrimitiveService{2}{type=io.atomix.protocols.raft.RaftTest$TestPrimitiveType@25c42b8f, name=raft-test} - Registered operation callback DefaultOperationId{id=onClose, type=COMMAND}
10:08:03.181 [raft-server-3-state] TRACE io.atomix.utils.serializer.Namespace - class java.util.concurrent.CopyOnWriteArraySet registered as 26
10:08:03.181 [raft-server-2-state] DEBUG i.a.p.s.impl.DefaultServiceExecutor - PrimitiveService{2}{type=io.atomix.protocols.raft.RaftTest$TestPrimitiveType@25c42b8f, name=raft-test} - Registered operation callback DefaultOperationId{id=read, type=QUERY}
10:08:03.181 [raft-server-3-state] TRACE io.atomix.utils.serializer.Namespace - class java.util.ArrayList registered as 27
10:08:03.181 [raft-server-2-state] DEBUG i.a.p.s.impl.DefaultServiceExecutor - PrimitiveService{2}{type=io.atomix.protocols.raft.RaftTest$TestPrimitiveType@25c42b8f, name=raft-test} - Registered operation callback DefaultOperationId{id=onExpire, type=COMMAND}
10:08:03.181 [raft-server-3-state] TRACE io.atomix.utils.serializer.Namespace - class java.util.LinkedList registered as 28
10:08:03.182 [raft-server-2-state] DEBUG i.a.p.s.impl.DefaultServiceExecutor - PrimitiveService{2}{type=io.atomix.protocols.raft.RaftTest$TestPrimitiveType@25c42b8f, name=raft-test} - Registered operation callback DefaultOperationId{id=write, type=COMMAND}
10:08:03.182 [raft-server-3-state] TRACE io.atomix.utils.serializer.Namespace - class java.util.HashSet registered as 29
10:08:03.182 [raft-server-3-state] TRACE io.atomix.utils.serializer.Namespace - class java.util.LinkedHashSet registered as 30
10:08:03.182 [raft-server-3-state] TRACE io.atomix.utils.serializer.Namespace - class java.util.ArrayDeque registered as 31
10:08:03.182 [raft-server-2-state] TRACE io.atomix.utils.serializer.Namespace - Creating Kryo instance for Namespace{registeredBlocks=[RegistrationBlock{begin=16, types=[([Ljava.lang.Class;@68b11545,null), ([Ljava.lang.Class;@7d0100ea,null), ([Ljava.lang.Class;@357bc488,null), ([Ljava.lang.Class;@4ea17147,null), ([Ljava.lang.Class;@2eda4eeb,io.atomix.utils.serializer.serializers.ImmutableListSerializer@5ba90d8a), ([Ljava.lang.Class;@309dcdf3,io.atomix.utils.serializer.serializers.ImmutableSetSerializer@7573b9ee), ([Ljava.lang.Class;@9a20cbd,io.atomix.utils.serializer.serializers.ImmutableMapSerializer@1af4955e), ([Ljava.lang.Class;@445821a6,null), ([Ljava.lang.Class;@2c0c4c0a,null), ([Ljava.lang.Class;@35d26ad2,null), ([Ljava.lang.Class;@bb25753,null), ([Ljava.lang.Class;@ee21292,null), ([Ljava.lang.Class;@40c06358,null), ([Ljava.lang.Class;@66e21568,null), ([Ljava.lang.Class;@7f73ce28,null), ([Ljava.lang.Class;@611b35d6,null), ([Ljava.lang.Class;@2282400e,null), ([Ljava.lang.Class;@543d5863,null), ([Ljava.lang.Class;@35dece42,null), ([Ljava.lang.Class;@dd3f8aa,io.atomix.utils.serializer.serializers.ArraysAsListSerializer@3d615b2e), ([Ljava.lang.Class;@3a1f2a1,null), ([Ljava.lang.Class;@40ce9049,null), ([Ljava.lang.Class;@52ca2652,null), ([Ljava.lang.Class;@65c5bf0e,null), ([Ljava.lang.Class;@697d6ded,null), ([Ljava.lang.Class;@5d05f453,null), ([Ljava.lang.Class;@5efeb117,null), ([Ljava.lang.Class;@160b4809,null), ([Ljava.lang.Class;@149b4d20,null), ([Ljava.lang.Class;@664e848c,null), ([Ljava.lang.Class;@4d93f75b,null), ([Ljava.lang.Class;@114a5e0,null), ([Ljava.lang.Class;@4f281aaf,null), ([Ljava.lang.Class;@5d508d22,null), ([Ljava.lang.Class;@f2b90fc,null)]}, RegistrationBlock{begin=51, types=[([Ljava.lang.Class;@39f2df6e,null)]}]}
10:08:03.182 [raft-server-3-state] TRACE io.atomix.utils.serializer.Namespace - class com.google.common.collect.HashMultiset registered as 32
10:08:03.182 [raft-server-3-state] TRACE io.atomix.utils.serializer.Namespace - class com.google.common.collect.Sets registered as 33
10:08:03.182 [raft-server-3-state] TRACE io.atomix.utils.serializer.Namespace - class com.google.common.collect.ImmutableEntry registered as 34
10:08:03.182 [raft-server-3-state] TRACE io.atomix.utils.serializer.Namespace - class java.util.Arrays$ArrayList registered as 35
10:08:03.182 [raft-server-2-state] TRACE io.atomix.utils.serializer.Namespace - class [B registered as 16
10:08:03.182 [raft-server-3-state] TRACE io.atomix.utils.serializer.Namespace - class java.util.Collections$SingletonList registered as 36
10:08:03.182 [raft-server-3-state] TRACE io.atomix.utils.serializer.Namespace - class java.time.Duration registered as 37
10:08:03.182 [raft-server-2-state] TRACE io.atomix.utils.serializer.Namespace - class java.util.concurrent.atomic.AtomicBoolean registered as 17
10:08:03.182 [raft-server-3-state] TRACE io.atomix.utils.serializer.Namespace - class java.util.Collections$EmptySet registered as 38
10:08:03.182 [raft-server-3-state] TRACE io.atomix.utils.serializer.Namespace - class java.util.Optional registered as 39
10:08:03.182 [raft-server-2-state] TRACE io.atomix.utils.serializer.Namespace - class java.util.concurrent.atomic.AtomicInteger registered as 18
10:08:03.182 [raft-server-3-state] TRACE io.atomix.utils.serializer.Namespace - class java.util.Collections$EmptyList registered as 40
10:08:03.182 [raft-server-2-state] TRACE io.atomix.utils.serializer.Namespace - class java.util.concurrent.atomic.AtomicLong registered as 19
10:08:03.182 [raft-server-3-state] TRACE io.atomix.utils.serializer.Namespace - class java.util.Collections$SingletonSet registered as 41
10:08:03.182 [raft-server-2-state] TRACE io.atomix.utils.serializer.Namespace - class com.google.common.collect.ImmutableList registered as 20
10:08:03.182 [raft-server-3-state] TRACE io.atomix.utils.serializer.Namespace - class [I registered as 42
10:08:03.182 [raft-server-2-state] TRACE io.atomix.utils.serializer.Namespace - class com.google.common.collect.RegularImmutableList registered as 20
10:08:03.182 [raft-server-3-state] TRACE io.atomix.utils.serializer.Namespace - class [J registered as 43
10:08:03.182 [raft-server-2-state] TRACE io.atomix.utils.serializer.Namespace - class com.google.common.collect.RegularImmutableList registered as 20
10:08:03.182 [raft-server-3-state] TRACE io.atomix.utils.serializer.Namespace - class [S registered as 44
10:08:03.182 [raft-server-2-state] TRACE io.atomix.utils.serializer.Namespace - class com.google.common.collect.ImmutableList$SubList registered as 20
10:08:03.182 [raft-server-3-state] TRACE io.atomix.utils.serializer.Namespace - class [D registered as 45
10:08:03.182 [raft-server-2-state] TRACE io.atomix.utils.serializer.Namespace - class com.google.common.collect.ImmutableSet registered as 21
10:08:03.182 [raft-server-3-state] TRACE io.atomix.utils.serializer.Namespace - class [F registered as 46
10:08:03.182 [raft-server-2-state] TRACE io.atomix.utils.serializer.Namespace - class com.google.common.collect.RegularImmutableSet registered as 21
10:08:03.182 [raft-server-3-state] TRACE io.atomix.utils.serializer.Namespace - class [C registered as 47
10:08:03.182 [raft-server-2-state] TRACE io.atomix.utils.serializer.Namespace - class com.google.common.collect.SingletonImmutableSet registered as 21
10:08:03.182 [raft-server-3-state] TRACE io.atomix.utils.serializer.Namespace - class [Ljava.lang.String; registered as 48
10:08:03.182 [raft-server-2-state] TRACE io.atomix.utils.serializer.Namespace - class com.google.common.collect.RegularImmutableSet registered as 21
10:08:03.182 [raft-server-3-state] TRACE io.atomix.utils.serializer.Namespace - class [Z registered as 49
10:08:03.182 [raft-server-2-state] TRACE io.atomix.utils.serializer.Namespace - class com.google.common.collect.ImmutableMap registered as 22
10:08:03.182 [raft-server-3-state] TRACE io.atomix.utils.serializer.Namespace - class [Ljava.lang.Object; registered as 50
10:08:03.182 [raft-server-2-state] TRACE io.atomix.utils.serializer.Namespace - class com.google.common.collect.RegularImmutableMap registered as 22
10:08:03.182 [raft-server-3-state] TRACE io.atomix.utils.serializer.Namespace - class io.atomix.primitive.service.ServiceConfig registered as 51
10:08:03.183 [raft-server-2-state] TRACE io.atomix.utils.serializer.Namespace - class com.google.common.collect.RegularImmutableMap registered as 22
10:08:03.183 [raft-server-3-state] DEBUG i.a.p.r.service.RaftServiceContext - PrimitiveService{2}{type=io.atomix.protocols.raft.RaftTest$TestPrimitiveType@5b77a59f, name=raft-test} - Opening session 2
10:08:03.183 [raft-server-2-state] TRACE io.atomix.utils.serializer.Namespace - class com.google.common.collect.RegularImmutableMap registered as 22
10:08:03.183 [raft-server-3-state] DEBUG i.a.p.raft.session.RaftSession - Session{2}{type=io.atomix.protocols.raft.RaftTest$TestPrimitiveType@5b77a59f, name=raft-test} - State changed: OPEN
10:08:03.183 [raft-server-2-state] TRACE io.atomix.utils.serializer.Namespace - class java.util.Collections$UnmodifiableSet registered as 23
10:08:03.183 [raft-server-2-state] TRACE io.atomix.utils.serializer.Namespace - class java.util.HashMap registered as 24
10:08:03.183 [raft-server-2-state] TRACE io.atomix.utils.serializer.Namespace - class java.util.concurrent.ConcurrentHashMap registered as 25
10:08:03.183 [raft-server-2-state] TRACE io.atomix.utils.serializer.Namespace - class java.util.concurrent.CopyOnWriteArraySet registered as 26
10:08:03.183 [raft-server-2-state] TRACE io.atomix.utils.serializer.Namespace - class java.util.ArrayList registered as 27
10:08:03.183 [raft-server-2-state] TRACE io.atomix.utils.serializer.Namespace - class java.util.LinkedList registered as 28
10:08:03.183 [raft-server-2-state] TRACE io.atomix.utils.serializer.Namespace - class java.util.HashSet registered as 29
10:08:03.183 [raft-server-2-state] TRACE io.atomix.utils.serializer.Namespace - class java.util.LinkedHashSet registered as 30
10:08:03.183 [raft-server-2-state] TRACE io.atomix.utils.serializer.Namespace - class java.util.ArrayDeque registered as 31
10:08:03.183 [raft-server-2-state] TRACE io.atomix.utils.serializer.Namespace - class com.google.common.collect.HashMultiset registered as 32
10:08:03.183 [raft-server-2-state] TRACE io.atomix.utils.serializer.Namespace - class com.google.common.collect.Sets registered as 33
10:08:03.183 [raft-server-2-state] TRACE io.atomix.utils.serializer.Namespace - class com.google.common.collect.ImmutableEntry registered as 34
10:08:03.183 [raft-server-2-state] TRACE io.atomix.utils.serializer.Namespace - class java.util.Arrays$ArrayList registered as 35
10:08:03.183 [raft-server-2-state] TRACE io.atomix.utils.serializer.Namespace - class java.util.Collections$SingletonList registered as 36
10:08:03.183 [raft-server-2-state] TRACE io.atomix.utils.serializer.Namespace - class java.time.Duration registered as 37
10:08:03.183 [raft-server-2-state] TRACE io.atomix.utils.serializer.Namespace - class java.util.Collections$EmptySet registered as 38
10:08:03.183 [raft-server-2-state] TRACE io.atomix.utils.serializer.Namespace - class java.util.Optional registered as 39
10:08:03.183 [raft-server-2-state] TRACE io.atomix.utils.serializer.Namespace - class java.util.Collections$EmptyList registered as 40
10:08:03.183 [raft-server-2-state] TRACE io.atomix.utils.serializer.Namespace - class java.util.Collections$SingletonSet registered as 41
10:08:03.183 [raft-server-2-state] TRACE io.atomix.utils.serializer.Namespace - class [I registered as 42
10:08:03.183 [raft-server-2-state] TRACE io.atomix.utils.serializer.Namespace - class [J registered as 43
10:08:03.184 [raft-server-2-state] TRACE io.atomix.utils.serializer.Namespace - class [S registered as 44
10:08:03.184 [raft-server-2-state] TRACE io.atomix.utils.serializer.Namespace - class [D registered as 45
10:08:03.184 [raft-server-2-state] TRACE io.atomix.utils.serializer.Namespace - class [F registered as 46
10:08:03.184 [raft-server-2-state] TRACE io.atomix.utils.serializer.Namespace - class [C registered as 47
10:08:03.184 [raft-server-2-state] TRACE io.atomix.utils.serializer.Namespace - class [Ljava.lang.String; registered as 48
10:08:03.184 [raft-server-2-state] TRACE io.atomix.utils.serializer.Namespace - class [Z registered as 49
10:08:03.184 [raft-server-2-state] TRACE io.atomix.utils.serializer.Namespace - class [Ljava.lang.Object; registered as 50
10:08:03.184 [raft-server-2-state] TRACE io.atomix.utils.serializer.Namespace - class io.atomix.primitive.service.ServiceConfig registered as 51
10:08:03.184 [raft-server-2-state] DEBUG i.a.p.r.service.RaftServiceContext - PrimitiveService{2}{type=io.atomix.protocols.raft.RaftTest$TestPrimitiveType@25c42b8f, name=raft-test} - Opening session 2
10:08:03.184 [raft-server-2-state] DEBUG i.a.p.raft.session.RaftSession - Session{2}{type=io.atomix.protocols.raft.RaftTest$TestPrimitiveType@25c42b8f, name=raft-test} - State changed: OPEN
10:08:03.206 [raft-server-1] TRACE i.a.p.raft.roles.LeaderAppender - RaftServer{1} - Sending AppendRequest{term=1, leader=1, prevLogIndex=3, prevLogTerm=1, entries=1, commitIndex=3} to 2
10:08:03.206 [raft-server-1] TRACE i.a.p.raft.roles.LeaderAppender - RaftServer{1} - Received AppendResponse{status=OK, term=1, succeeded=true, lastLogIndex=3} from 3
10:08:03.206 [raft-server-1] TRACE i.a.p.raft.roles.LeaderAppender - RaftServer{1} - Sending AppendRequest{term=1, leader=1, prevLogIndex=3, prevLogTerm=1, entries=1, commitIndex=3} to 3
10:08:03.206 [raft-server-2] TRACE i.a.p.raft.roles.FollowerRole - RaftServer{2}{role=FOLLOWER} - Received AppendRequest{term=1, leader=1, prevLogIndex=3, prevLogTerm=1, entries=1, commitIndex=3}
10:08:03.206 [raft-server-3] TRACE i.a.p.raft.roles.FollowerRole - RaftServer{3}{role=FOLLOWER} - Received AppendRequest{term=1, leader=1, prevLogIndex=3, prevLogTerm=1, entries=1, commitIndex=3}
10:08:03.206 [raft-server-1-state] TRACE i.a.p.raft.impl.RaftServiceManager - RaftServer{1} - Applying Indexed{index=3, entry=KeepAliveEntry{term=1, timestamp=2018-06-11 10:08:03,137, sessionIds=long[]{length=1, hash=33}, commandSequences=long[]{length=1, hash=31}, eventIndexes=long[]{length=1, hash=33}}}
10:08:03.206 [raft-server-2] TRACE i.a.p.raft.roles.FollowerRole - RaftServer{2}{role=FOLLOWER} - Appended Indexed{index=4, entry=CommandEntry{term=1, timestamp=2018-06-11 10:08:03,141, session=2, sequence=1, operation=PrimitiveOperation{id=DefaultOperationId{id=write, type=COMMAND}, value=byte[]{length=17, hash=1297078671}}}}
10:08:03.206 [raft-server-3] TRACE i.a.p.raft.roles.FollowerRole - RaftServer{3}{role=FOLLOWER} - Appended Indexed{index=4, entry=CommandEntry{term=1, timestamp=2018-06-11 10:08:03,141, session=2, sequence=1, operation=PrimitiveOperation{id=DefaultOperationId{id=write, type=COMMAND}, value=byte[]{length=17, hash=1297078671}}}}
10:08:03.206 [raft-server-1] TRACE i.a.protocols.raft.roles.LeaderRole - RaftServer{1}{role=LEADER} - Sending KeepAliveResponse{status=OK, leader=1, members=[2, 1, 3], sessionIds=long[]{length=1, hash=33}}
10:08:03.207 [raft-client-995c025b-ba21-4dd3-828a-0c3e52b0447e-4] TRACE i.a.p.r.s.impl.RaftSessionConnection - RaftClient{995c025b-ba21-4dd3-828a-0c3e52b0447e} - Received KeepAliveResponse{status=OK, leader=1, members=[2, 1, 3], sessionIds=long[]{length=1, hash=33}} from 1
10:08:03.207 [raft-client-995c025b-ba21-4dd3-828a-0c3e52b0447e-2] TRACE i.a.p.r.s.impl.RaftSessionConnection - SessionClient{2}{type=io.atomix.protocols.raft.RaftTest$TestPrimitiveType@6b321262, name=raft-test} - Sending CommandRequest{session=2, sequence=1, operation=PrimitiveOperation{id=DefaultOperationId{id=write, type=COMMAND}, value=byte[]{length=17, hash=1297078671}}} to 1
10:08:03.207 [raft-server-1] TRACE i.a.protocols.raft.roles.LeaderRole - RaftServer{1}{role=LEADER} - Received CommandRequest{session=2, sequence=1, operation=PrimitiveOperation{id=DefaultOperationId{id=write, type=COMMAND}, value=byte[]{length=17, hash=1297078671}}}
10:08:03.207 [raft-server-1] TRACE i.a.protocols.raft.roles.LeaderRole - RaftServer{1}{role=LEADER} - Appended Indexed{index=5, entry=CommandEntry{term=1, timestamp=2018-06-11 10:08:03,207, session=2, sequence=1, operation=PrimitiveOperation{id=DefaultOperationId{id=write, type=COMMAND}, value=byte[]{length=17, hash=1297078671}}}}
10:08:03.239 [raft-server-2] TRACE i.a.p.raft.roles.FollowerRole - RaftServer{2}{role=FOLLOWER} - Committed entries up to index 3
10:08:03.239 [raft-server-3] TRACE i.a.p.raft.roles.FollowerRole - RaftServer{3}{role=FOLLOWER} - Committed entries up to index 3
10:08:03.239 [raft-server-2] TRACE i.a.p.raft.roles.FollowerRole - RaftServer{2}{role=FOLLOWER} - Sending AppendResponse{status=OK, term=1, succeeded=true, lastLogIndex=4}
10:08:03.239 [raft-server-3] TRACE i.a.p.raft.roles.FollowerRole - RaftServer{3}{role=FOLLOWER} - Sending AppendResponse{status=OK, term=1, succeeded=true, lastLogIndex=4}
10:08:03.239 [raft-server-1] TRACE i.a.p.raft.roles.LeaderAppender - RaftServer{1} - Received AppendResponse{status=OK, term=1, succeeded=true, lastLogIndex=4} from 2
10:08:03.239 [raft-server-2-state] TRACE i.a.p.raft.impl.RaftServiceManager - RaftServer{2} - Applying Indexed{index=3, entry=KeepAliveEntry{term=1, timestamp=2018-06-11 10:08:03,137, sessionIds=long[]{length=1, hash=33}, commandSequences=long[]{length=1, hash=31}, eventIndexes=long[]{length=1, hash=33}}}
10:08:03.239 [raft-server-1] TRACE i.a.p.raft.roles.LeaderAppender - RaftServer{1} - Committed entries up to 4
10:08:03.239 [raft-server-3-state] TRACE i.a.p.raft.impl.RaftServiceManager - RaftServer{3} - Applying Indexed{index=3, entry=KeepAliveEntry{term=1, timestamp=2018-06-11 10:08:03,137, sessionIds=long[]{length=1, hash=33}, commandSequences=long[]{length=1, hash=31}, eventIndexes=long[]{length=1, hash=33}}}
10:08:03.272 [raft-server-1] TRACE i.a.p.raft.roles.LeaderAppender - RaftServer{1} - Sending AppendRequest{term=1, leader=1, prevLogIndex=4, prevLogTerm=1, entries=1, commitIndex=4} to 2
10:08:03.273 [raft-server-2] TRACE i.a.p.raft.roles.FollowerRole - RaftServer{2}{role=FOLLOWER} - Received AppendRequest{term=1, leader=1, prevLogIndex=4, prevLogTerm=1, entries=1, commitIndex=4}
10:08:03.273 [raft-server-1] TRACE i.a.p.raft.roles.LeaderAppender - RaftServer{1} - Received AppendResponse{status=OK, term=1, succeeded=true, lastLogIndex=4} from 3
10:08:03.273 [raft-server-1] TRACE i.a.p.raft.roles.LeaderAppender - RaftServer{1} - Sending AppendRequest{term=1, leader=1, prevLogIndex=4, prevLogTerm=1, entries=1, commitIndex=4} to 3
10:08:03.273 [raft-server-3] TRACE i.a.p.raft.roles.FollowerRole - RaftServer{3}{role=FOLLOWER} - Received AppendRequest{term=1, leader=1, prevLogIndex=4, prevLogTerm=1, entries=1, commitIndex=4}
10:08:03.273 [raft-server-1-state] TRACE i.a.p.raft.impl.RaftServiceManager - RaftServer{1} - Applying Indexed{index=4, entry=CommandEntry{term=1, timestamp=2018-06-11 10:08:03,141, session=2, sequence=1, operation=PrimitiveOperation{id=DefaultOperationId{id=write, type=COMMAND}, value=byte[]{length=17, hash=1297078671}}}}
10:08:03.273 [raft-server-3] TRACE i.a.p.raft.roles.FollowerRole - RaftServer{3}{role=FOLLOWER} - Appended Indexed{index=5, entry=CommandEntry{term=1, timestamp=2018-06-11 10:08:03,207, session=2, sequence=1, operation=PrimitiveOperation{id=DefaultOperationId{id=write, type=COMMAND}, value=byte[]{length=17, hash=1297078671}}}}
10:08:03.273 [raft-server-1-state] TRACE i.a.p.s.impl.DefaultServiceExecutor - PrimitiveService{2}{type=io.atomix.protocols.raft.RaftTest$TestPrimitiveType@5051ea1e, name=raft-test} - Executing DefaultCommit{index=4, session=RaftSession{RaftServiceContext{server=1, type=io.atomix.protocols.raft.RaftTest$TestPrimitiveType@5051ea1e, name=raft-test, id=2}, session=2, timestamp=2018-06-11 10:08:03,141}, time=2018-06-11 10:08:03,141, operation=DefaultOperationId{id=write, type=COMMAND}, value=byte[]{length=17, hash=1297078671}}
10:08:03.273 [raft-server-2] TRACE i.a.p.raft.roles.FollowerRole - RaftServer{2}{role=FOLLOWER} - Appended Indexed{index=5, entry=CommandEntry{term=1, timestamp=2018-06-11 10:08:03,207, session=2, sequence=1, operation=PrimitiveOperation{id=DefaultOperationId{id=write, type=COMMAND}, value=byte[]{length=17, hash=1297078671}}}}
10:08:03.273 [raft-server-1-state] TRACE i.a.protocols.raft.roles.LeaderRole - RaftServer{1}{role=LEADER} - Sending CommandResponse{status=OK, index=4, eventIndex=2, result=byte[]{length=2, hash=1248}}
10:08:03.273 [raft-client-995c025b-ba21-4dd3-828a-0c3e52b0447e-5] TRACE i.a.p.r.s.impl.RaftSessionConnection - SessionClient{2}{type=io.atomix.protocols.raft.RaftTest$TestPrimitiveType@6b321262, name=raft-test} - Received CommandResponse{status=OK, index=4, eventIndex=2, result=byte[]{length=2, hash=1248}} from 1
10:08:03.273 [raft-client-995c025b-ba21-4dd3-828a-0c3e52b0447e-5] TRACE i.a.p.r.s.impl.RaftSessionSequencer - SessionClient{2}{type=io.atomix.protocols.raft.RaftTest$TestPrimitiveType@6b321262, name=raft-test} - Completing response CommandResponse{status=OK, index=4, eventIndex=2, result=byte[]{length=2, hash=1248}}
10:08:03.274 [raft-client-995c025b-ba21-4dd3-828a-0c3e52b0447e-5] TRACE i.a.p.r.s.impl.RaftSessionConnection - SessionClient{2}{type=io.atomix.protocols.raft.RaftTest$TestPrimitiveType@6b321262, name=raft-test} - Sending CommandRequest{session=2, sequence=2, operation=PrimitiveOperation{id=DefaultOperationId{id=write, type=COMMAND}, value=byte[]{length=17, hash=1297078671}}} to 1
10:08:03.274 [raft-server-1] TRACE i.a.protocols.raft.roles.LeaderRole - RaftServer{1}{role=LEADER} - Received CommandRequest{session=2, sequence=2, operation=PrimitiveOperation{id=DefaultOperationId{id=write, type=COMMAND}, value=byte[]{length=17, hash=1297078671}}}
10:08:03.274 [raft-server-1] TRACE i.a.protocols.raft.roles.LeaderRole - RaftServer{1}{role=LEADER} - Appended Indexed{index=6, entry=CommandEntry{term=1, timestamp=2018-06-11 10:08:03,274, session=2, sequence=2, operation=PrimitiveOperation{id=DefaultOperationId{id=write, type=COMMAND}, value=byte[]{length=17, hash=1297078671}}}}
10:08:03.306 [raft-server-3] TRACE i.a.p.raft.roles.FollowerRole - RaftServer{3}{role=FOLLOWER} - Committed entries up to index 4
10:08:03.306 [raft-server-3] TRACE i.a.p.raft.roles.FollowerRole - RaftServer{3}{role=FOLLOWER} - Sending AppendResponse{status=OK, term=1, succeeded=true, lastLogIndex=5}
10:08:03.306 [raft-server-2] TRACE i.a.p.raft.roles.FollowerRole - RaftServer{2}{role=FOLLOWER} - Committed entries up to index 4
10:08:03.306 [raft-server-1] TRACE i.a.p.raft.roles.LeaderAppender - RaftServer{1} - Received AppendResponse{status=OK, term=1, succeeded=true, lastLogIndex=5} from 3
10:08:03.306 [raft-server-2] TRACE i.a.p.raft.roles.FollowerRole - RaftServer{2}{role=FOLLOWER} - Sending AppendResponse{status=OK, term=1, succeeded=true, lastLogIndex=5}
10:08:03.306 [raft-server-1] TRACE i.a.p.raft.roles.LeaderAppender - RaftServer{1} - Committed entries up to 5
10:08:03.306 [raft-server-3-state] TRACE i.a.p.raft.impl.RaftServiceManager - RaftServer{3} - Applying Indexed{index=4, entry=CommandEntry{term=1, timestamp=2018-06-11 10:08:03,141, session=2, sequence=1, operation=PrimitiveOperation{id=DefaultOperationId{id=write, type=COMMAND}, value=byte[]{length=17, hash=1297078671}}}}
10:08:03.306 [raft-server-2-state] TRACE i.a.p.raft.impl.RaftServiceManager - RaftServer{2} - Applying Indexed{index=4, entry=CommandEntry{term=1, timestamp=2018-06-11 10:08:03,141, session=2, sequence=1, operation=PrimitiveOperation{id=DefaultOperationId{id=write, type=COMMAND}, value=byte[]{length=17, hash=1297078671}}}}
10:08:03.306 [raft-server-3-state] TRACE i.a.p.s.impl.DefaultServiceExecutor - PrimitiveService{2}{type=io.atomix.protocols.raft.RaftTest$TestPrimitiveType@5b77a59f, name=raft-test} - Executing DefaultCommit{index=4, session=RaftSession{RaftServiceContext{server=3, type=io.atomix.protocols.raft.RaftTest$TestPrimitiveType@5b77a59f, name=raft-test, id=2}, session=2, timestamp=2018-06-11 10:08:03,141}, time=2018-06-11 10:08:03,141, operation=DefaultOperationId{id=write, type=COMMAND}, value=byte[]{length=17, hash=1297078671}}
10:08:03.306 [raft-server-2-state] TRACE i.a.p.s.impl.DefaultServiceExecutor - PrimitiveService{2}{type=io.atomix.protocols.raft.RaftTest$TestPrimitiveType@25c42b8f, name=raft-test} - Executing DefaultCommit{index=4, session=RaftSession{RaftServiceContext{server=2, type=io.atomix.protocols.raft.RaftTest$TestPrimitiveType@25c42b8f, name=raft-test, id=2}, session=2, timestamp=2018-06-11 10:08:03,141}, time=2018-06-11 10:08:03,141, operation=DefaultOperationId{id=write, type=COMMAND}, value=byte[]{length=17, hash=1297078671}}
10:08:03.337 [raft-server-1] TRACE i.a.p.raft.roles.LeaderAppender - RaftServer{1} - Sending AppendRequest{term=1, leader=1, prevLogIndex=5, prevLogTerm=1, entries=1, commitIndex=5} to 3
10:08:03.337 [raft-server-1] TRACE i.a.p.raft.roles.LeaderAppender - RaftServer{1} - Received AppendResponse{status=OK, term=1, succeeded=true, lastLogIndex=5} from 2
10:08:03.337 [raft-server-1] TRACE i.a.p.raft.roles.LeaderAppender - RaftServer{1} - Sending AppendRequest{term=1, leader=1, prevLogIndex=5, prevLogTerm=1, entries=1, commitIndex=5} to 2
10:08:03.337 [raft-server-3] TRACE i.a.p.raft.roles.FollowerRole - RaftServer{3}{role=FOLLOWER} - Received AppendRequest{term=1, leader=1, prevLogIndex=5, prevLogTerm=1, entries=1, commitIndex=5}
10:08:03.337 [raft-server-2] TRACE i.a.p.raft.roles.FollowerRole - RaftServer{2}{role=FOLLOWER} - Received AppendRequest{term=1, leader=1, prevLogIndex=5, prevLogTerm=1, entries=1, commitIndex=5}
10:08:03.337 [raft-server-1-state] TRACE i.a.p.raft.impl.RaftServiceManager - RaftServer{1} - Applying Indexed{index=5, entry=CommandEntry{term=1, timestamp=2018-06-11 10:08:03,207, session=2, sequence=1, operation=PrimitiveOperation{id=DefaultOperationId{id=write, type=COMMAND}, value=byte[]{length=17, hash=1297078671}}}}
10:08:03.337 [raft-server-1-state] TRACE i.a.p.r.service.RaftServiceContext - PrimitiveService{2}{type=io.atomix.protocols.raft.RaftTest$TestPrimitiveType@5051ea1e, name=raft-test} - Returning cached result for command with sequence number 1 < 2
10:08:03.337 [raft-server-3] TRACE i.a.p.raft.roles.FollowerRole - RaftServer{3}{role=FOLLOWER} - Appended Indexed{index=6, entry=CommandEntry{term=1, timestamp=2018-06-11 10:08:03,274, session=2, sequence=2, operation=PrimitiveOperation{id=DefaultOperationId{id=write, type=COMMAND}, value=byte[]{length=17, hash=1297078671}}}}
10:08:03.337 [raft-server-2] TRACE i.a.p.raft.roles.FollowerRole - RaftServer{2}{role=FOLLOWER} - Appended Indexed{index=6, entry=CommandEntry{term=1, timestamp=2018-06-11 10:08:03,274, session=2, sequence=2, operation=PrimitiveOperation{id=DefaultOperationId{id=write, type=COMMAND}, value=byte[]{length=17, hash=1297078671}}}}
10:08:03.337 [raft-server-1-state] TRACE i.a.protocols.raft.roles.LeaderRole - RaftServer{1}{role=LEADER} - Sending CommandResponse{status=OK, index=4, eventIndex=2, result=byte[]{length=2, hash=1248}}
10:08:03.337 [raft-client-995c025b-ba21-4dd3-828a-0c3e52b0447e-0] TRACE i.a.p.r.s.impl.RaftSessionConnection - SessionClient{2}{type=io.atomix.protocols.raft.RaftTest$TestPrimitiveType@6b321262, name=raft-test} - Received CommandResponse{status=OK, index=4, eventIndex=2, result=byte[]{length=2, hash=1248}} from 1
10:08:03.362 [raft-server-3] TRACE i.a.p.raft.roles.FollowerRole - RaftServer{3}{role=FOLLOWER} - Committed entries up to index 5
10:08:03.362 [raft-server-2] TRACE i.a.p.raft.roles.FollowerRole - RaftServer{2}{role=FOLLOWER} - Committed entries up to index 5
10:08:03.362 [raft-server-3] TRACE i.a.p.raft.roles.FollowerRole - RaftServer{3}{role=FOLLOWER} - Sending AppendResponse{status=OK, term=1, succeeded=true, lastLogIndex=6}
10:08:03.362 [raft-server-2] TRACE i.a.p.raft.roles.FollowerRole - RaftServer{2}{role=FOLLOWER} - Sending AppendResponse{status=OK, term=1, succeeded=true, lastLogIndex=6}
10:08:03.362 [raft-server-1] TRACE i.a.p.raft.roles.LeaderAppender - RaftServer{1} - Received AppendResponse{status=OK, term=1, succeeded=true, lastLogIndex=6} from 3
10:08:03.362 [raft-server-1] TRACE i.a.p.raft.roles.LeaderAppender - RaftServer{1} - Committed entries up to 6
10:08:03.362 [raft-server-2-state] TRACE i.a.p.raft.impl.RaftServiceManager - RaftServer{2} - Applying Indexed{index=5, entry=CommandEntry{term=1, timestamp=2018-06-11 10:08:03,207, session=2, sequence=1, operation=PrimitiveOperation{id=DefaultOperationId{id=write, type=COMMAND}, value=byte[]{length=17, hash=1297078671}}}}
10:08:03.362 [raft-server-3-state] TRACE i.a.p.raft.impl.RaftServiceManager - RaftServer{3} - Applying Indexed{index=5, entry=CommandEntry{term=1, timestamp=2018-06-11 10:08:03,207, session=2, sequence=1, operation=PrimitiveOperation{id=DefaultOperationId{id=write, type=COMMAND}, value=byte[]{length=17, hash=1297078671}}}}
10:08:03.362 [raft-server-2-state] TRACE i.a.p.r.service.RaftServiceContext - PrimitiveService{2}{type=io.atomix.protocols.raft.RaftTest$TestPrimitiveType@25c42b8f, name=raft-test} - Returning cached result for command with sequence number 1 < 2
10:08:03.362 [raft-server-3-state] TRACE i.a.p.r.service.RaftServiceContext - PrimitiveService{2}{type=io.atomix.protocols.raft.RaftTest$TestPrimitiveType@5b77a59f, name=raft-test} - Returning cached result for command with sequence number 1 < 2
10:08:03.381 [raft-server-1] TRACE i.a.p.raft.roles.LeaderAppender - RaftServer{1} - Sending AppendRequest{term=1, leader=1, prevLogIndex=6, prevLogTerm=1, entries=0, commitIndex=6} to 3
10:08:03.381 [raft-server-1] TRACE i.a.p.raft.roles.LeaderAppender - RaftServer{1} - Received AppendResponse{status=OK, term=1, succeeded=true, lastLogIndex=6} from 2
10:08:03.381 [raft-server-1] TRACE i.a.p.raft.roles.LeaderAppender - RaftServer{1} - Sending AppendRequest{term=1, leader=1, prevLogIndex=6, prevLogTerm=1, entries=0, commitIndex=6} to 2
10:08:03.381 [raft-server-3] TRACE i.a.p.raft.roles.FollowerRole - RaftServer{3}{role=FOLLOWER} - Received AppendRequest{term=1, leader=1, prevLogIndex=6, prevLogTerm=1, entries=0, commitIndex=6}
10:08:03.381 [raft-server-2] TRACE i.a.p.raft.roles.FollowerRole - RaftServer{2}{role=FOLLOWER} - Received AppendRequest{term=1, leader=1, prevLogIndex=6, prevLogTerm=1, entries=0, commitIndex=6}
10:08:03.381 [raft-server-3] TRACE i.a.p.raft.roles.FollowerRole - RaftServer{3}{role=FOLLOWER} - Committed entries up to index 6
10:08:03.381 [raft-server-3] TRACE i.a.p.raft.roles.FollowerRole - RaftServer{3}{role=FOLLOWER} - Sending AppendResponse{status=OK, term=1, succeeded=true, lastLogIndex=6}
10:08:03.381 [raft-server-1-state] TRACE i.a.p.raft.impl.RaftServiceManager - RaftServer{1} - Applying Indexed{index=6, entry=CommandEntry{term=1, timestamp=2018-06-11 10:08:03,274, session=2, sequence=2, operation=PrimitiveOperation{id=DefaultOperationId{id=write, type=COMMAND}, value=byte[]{length=17, hash=1297078671}}}}
10:08:03.381 [raft-server-1] TRACE i.a.p.raft.roles.LeaderAppender - RaftServer{1} - Received AppendResponse{status=OK, term=1, succeeded=true, lastLogIndex=6} from 3
10:08:03.381 [raft-server-3-state] TRACE i.a.p.raft.impl.RaftServiceManager - RaftServer{3} - Applying Indexed{index=6, entry=CommandEntry{term=1, timestamp=2018-06-11 10:08:03,274, session=2, sequence=2, operation=PrimitiveOperation{id=DefaultOperationId{id=write, type=COMMAND}, value=byte[]{length=17, hash=1297078671}}}}
10:08:03.381 [raft-server-1-state] TRACE i.a.p.s.impl.DefaultServiceExecutor - PrimitiveService{2}{type=io.atomix.protocols.raft.RaftTest$TestPrimitiveType@5051ea1e, name=raft-test} - Executing DefaultCommit{index=6, session=RaftSession{RaftServiceContext{server=1, type=io.atomix.protocols.raft.RaftTest$TestPrimitiveType@5051ea1e, name=raft-test, id=2}, session=2, timestamp=2018-06-11 10:08:03,274}, time=2018-06-11 10:08:03,274, operation=DefaultOperationId{id=write, type=COMMAND}, value=byte[]{length=17, hash=1297078671}}
10:08:03.381 [raft-server-3-state] TRACE i.a.p.s.impl.DefaultServiceExecutor - PrimitiveService{2}{type=io.atomix.protocols.raft.RaftTest$TestPrimitiveType@5b77a59f, name=raft-test} - Executing DefaultCommit{index=6, session=RaftSession{RaftServiceContext{server=3, type=io.atomix.protocols.raft.RaftTest$TestPrimitiveType@5b77a59f, name=raft-test, id=2}, session=2, timestamp=2018-06-11 10:08:03,274}, time=2018-06-11 10:08:03,274, operation=DefaultOperationId{id=write, type=COMMAND}, value=byte[]{length=17, hash=1297078671}}
10:08:03.381 [raft-server-1-state] TRACE i.a.protocols.raft.roles.LeaderRole - RaftServer{1}{role=LEADER} - Sending CommandResponse{status=OK, index=6, eventIndex=2, result=byte[]{length=2, hash=1252}}
10:08:03.381 [raft-client-995c025b-ba21-4dd3-828a-0c3e52b0447e-1] TRACE i.a.p.r.s.impl.RaftSessionConnection - SessionClient{2}{type=io.atomix.protocols.raft.RaftTest$TestPrimitiveType@6b321262, name=raft-test} - Received CommandResponse{status=OK, index=6, eventIndex=2, result=byte[]{length=2, hash=1252}} from 1
10:08:03.381 [raft-client-995c025b-ba21-4dd3-828a-0c3e52b0447e-1] TRACE i.a.p.r.s.impl.RaftSessionSequencer - SessionClient{2}{type=io.atomix.protocols.raft.RaftTest$TestPrimitiveType@6b321262, name=raft-test} - Completing response CommandResponse{status=OK, index=6, eventIndex=2, result=byte[]{length=2, hash=1252}}
10:08:03.382 [raft-client-995c025b-ba21-4dd3-828a-0c3e52b0447e-1] TRACE i.a.p.r.s.impl.RaftSessionConnection - SessionClient{2}{type=io.atomix.protocols.raft.RaftTest$TestPrimitiveType@6b321262, name=raft-test} - Sending CommandRequest{session=2, sequence=3, operation=PrimitiveOperation{id=DefaultOperationId{id=write, type=COMMAND}, value=byte[]{length=17, hash=1297078671}}} to 1
10:08:03.382 [raft-server-1] TRACE i.a.protocols.raft.roles.LeaderRole - RaftServer{1}{role=LEADER} - Received CommandRequest{session=2, sequence=3, operation=PrimitiveOperation{id=DefaultOperationId{id=write, type=COMMAND}, value=byte[]{length=17, hash=1297078671}}}
10:08:03.382 [raft-server-1] TRACE i.a.protocols.raft.roles.LeaderRole - RaftServer{1}{role=LEADER} - Appended Indexed{index=7, entry=CommandEntry{term=1, timestamp=2018-06-11 10:08:03,382, session=2, sequence=3, operation=PrimitiveOperation{id=DefaultOperationId{id=write, type=COMMAND}, value=byte[]{length=17, hash=1297078671}}}}
10:08:03.382 [raft-server-1] TRACE i.a.p.raft.roles.LeaderAppender - RaftServer{1} - Sending AppendRequest{term=1, leader=1, prevLogIndex=6, prevLogTerm=1, entries=1, commitIndex=6} to 3
10:08:03.382 [raft-server-3] TRACE i.a.p.raft.roles.FollowerRole - RaftServer{3}{role=FOLLOWER} - Received AppendRequest{term=1, leader=1, prevLogIndex=6, prevLogTerm=1, entries=1, commitIndex=6}
10:08:03.382 [raft-server-3] TRACE i.a.p.raft.roles.FollowerRole - RaftServer{3}{role=FOLLOWER} - Appended Indexed{index=7, entry=CommandEntry{term=1, timestamp=2018-06-11 10:08:03,382, session=2, sequence=3, operation=PrimitiveOperation{id=DefaultOperationId{id=write, type=COMMAND}, value=byte[]{length=17, hash=1297078671}}}}
10:08:03.382 [raft-server-3] TRACE i.a.p.raft.roles.FollowerRole - RaftServer{3}{role=FOLLOWER} - Sending AppendResponse{status=OK, term=1, succeeded=true, lastLogIndex=7}
10:08:03.382 [raft-server-1] TRACE i.a.p.raft.roles.LeaderAppender - RaftServer{1} - Received AppendResponse{status=OK, term=1, succeeded=true, lastLogIndex=7} from 3
10:08:03.382 [raft-server-1] TRACE i.a.p.raft.roles.LeaderAppender - RaftServer{1} - Committed entries up to 7
10:08:03.409 [raft-server-2] TRACE i.a.p.raft.roles.FollowerRole - RaftServer{2}{role=FOLLOWER} - Committed entries up to index 6
10:08:03.409 [raft-server-2] TRACE i.a.p.raft.roles.FollowerRole - RaftServer{2}{role=FOLLOWER} - Sending AppendResponse{status=OK, term=1, succeeded=true, lastLogIndex=6}
10:08:03.410 [raft-server-2-state] TRACE i.a.p.raft.impl.RaftServiceManager - RaftServer{2} - Applying Indexed{index=6, entry=CommandEntry{term=1, timestamp=2018-06-11 10:08:03,274, session=2, sequence=2, operation=PrimitiveOperation{id=DefaultOperationId{id=write, type=COMMAND}, value=byte[]{length=17, hash=1297078671}}}}
10:08:03.410 [raft-server-2-state] TRACE i.a.p.s.impl.DefaultServiceExecutor - PrimitiveService{2}{type=io.atomix.protocols.raft.RaftTest$TestPrimitiveType@25c42b8f, name=raft-test} - Executing DefaultCommit{index=6, session=RaftSession{RaftServiceContext{server=2, type=io.atomix.protocols.raft.RaftTest$TestPrimitiveType@25c42b8f, name=raft-test, id=2}, session=2, timestamp=2018-06-11 10:08:03,274}, time=2018-06-11 10:08:03,274, operation=DefaultOperationId{id=write, type=COMMAND}, value=byte[]{length=17, hash=1297078671}}
10:08:03.431 [raft-server-1] TRACE i.a.p.raft.roles.LeaderAppender - RaftServer{1} - Received AppendResponse{status=OK, term=1, succeeded=true, lastLogIndex=6} from 2
10:08:03.431 [raft-server-1] TRACE i.a.p.raft.roles.LeaderAppender - RaftServer{1} - Sending AppendRequest{term=1, leader=1, prevLogIndex=6, prevLogTerm=1, entries=1, commitIndex=7} to 2
10:08:03.431 [raft-server-1-state] TRACE i.a.p.raft.impl.RaftServiceManager - RaftServer{1} - Applying Indexed{index=7, entry=CommandEntry{term=1, timestamp=2018-06-11 10:08:03,382, session=2, sequence=3, operation=PrimitiveOperation{id=DefaultOperationId{id=write, type=COMMAND}, value=byte[]{length=17, hash=1297078671}}}}
10:08:03.431 [raft-server-2] TRACE i.a.p.raft.roles.FollowerRole - RaftServer{2}{role=FOLLOWER} - Received AppendRequest{term=1, leader=1, prevLogIndex=6, prevLogTerm=1, entries=1, commitIndex=7}
10:08:03.431 [raft-server-1-state] TRACE i.a.p.s.impl.DefaultServiceExecutor - PrimitiveService{2}{type=io.atomix.protocols.raft.RaftTest$TestPrimitiveType@5051ea1e, name=raft-test} - Executing DefaultCommit{index=7, session=RaftSession{RaftServiceContext{server=1, type=io.atomix.protocols.raft.RaftTest$TestPrimitiveType@5051ea1e, name=raft-test, id=2}, session=2, timestamp=2018-06-11 10:08:03,382}, time=2018-06-11 10:08:03,382, operation=DefaultOperationId{id=write, type=COMMAND}, value=byte[]{length=17, hash=1297078671}}
10:08:03.431 [raft-server-2] TRACE i.a.p.raft.roles.FollowerRole - RaftServer{2}{role=FOLLOWER} - Appended Indexed{index=7, entry=CommandEntry{term=1, timestamp=2018-06-11 10:08:03,382, session=2, sequence=3, operation=PrimitiveOperation{id=DefaultOperationId{id=write, type=COMMAND}, value=byte[]{length=17, hash=1297078671}}}}
10:08:03.431 [raft-server-1-state] TRACE i.a.protocols.raft.roles.LeaderRole - RaftServer{1}{role=LEADER} - Sending CommandResponse{status=OK, index=7, eventIndex=2, result=byte[]{length=2, hash=1254}}
10:08:03.431 [raft-client-995c025b-ba21-4dd3-828a-0c3e52b0447e-2] TRACE i.a.p.r.s.impl.RaftSessionConnection - SessionClient{2}{type=io.atomix.protocols.raft.RaftTest$TestPrimitiveType@6b321262, name=raft-test} - Received CommandResponse{status=OK, index=7, eventIndex=2, result=byte[]{length=2, hash=1254}} from 1
10:08:03.431 [raft-client-995c025b-ba21-4dd3-828a-0c3e52b0447e-2] TRACE i.a.p.r.s.impl.RaftSessionSequencer - SessionClient{2}{type=io.atomix.protocols.raft.RaftTest$TestPrimitiveType@6b321262, name=raft-test} - Completing response CommandResponse{status=OK, index=7, eventIndex=2, result=byte[]{length=2, hash=1254}}
10:08:03.431 [raft-client-995c025b-ba21-4dd3-828a-0c3e52b0447e-7] TRACE i.a.p.r.s.impl.RaftSessionConnection - SessionClient{2}{type=io.atomix.protocols.raft.RaftTest$TestPrimitiveType@6b321262, name=raft-test} - Sending CommandRequest{session=2, sequence=4, operation=PrimitiveOperation{id=DefaultOperationId{id=write, type=COMMAND}, value=byte[]{length=17, hash=1297078671}}} to 1
10:08:03.432 [raft-server-1] TRACE i.a.protocols.raft.roles.LeaderRole - RaftServer{1}{role=LEADER} - Received CommandRequest{session=2, sequence=4, operation=PrimitiveOperation{id=DefaultOperationId{id=write, type=COMMAND}, value=byte[]{length=17, hash=1297078671}}}
10:08:03.432 [raft-server-1] TRACE i.a.protocols.raft.roles.LeaderRole - RaftServer{1}{role=LEADER} - Appended Indexed{index=8, entry=CommandEntry{term=1, timestamp=2018-06-11 10:08:03,432, session=2, sequence=4, operation=PrimitiveOperation{id=DefaultOperationId{id=write, type=COMMAND}, value=byte[]{length=17, hash=1297078671}}}}
10:08:03.432 [raft-server-1] TRACE i.a.p.raft.roles.LeaderAppender - RaftServer{1} - Sending AppendRequest{term=1, leader=1, prevLogIndex=7, prevLogTerm=1, entries=1, commitIndex=7} to 3
10:08:03.432 [raft-server-3] TRACE i.a.p.raft.roles.FollowerRole - RaftServer{3}{role=FOLLOWER} - Received AppendRequest{term=1, leader=1, prevLogIndex=7, prevLogTerm=1, entries=1, commitIndex=7}
10:08:03.432 [raft-server-3] TRACE i.a.p.raft.roles.FollowerRole - RaftServer{3}{role=FOLLOWER} - Appended Indexed{index=8, entry=CommandEntry{term=1, timestamp=2018-06-11 10:08:03,432, session=2, sequence=4, operation=PrimitiveOperation{id=DefaultOperationId{id=write, type=COMMAND}, value=byte[]{length=17, hash=1297078671}}}}
10:08:03.470 [raft-server-2] TRACE i.a.p.raft.roles.FollowerRole - RaftServer{2}{role=FOLLOWER} - Committed entries up to index 7
10:08:03.470 [raft-server-2] TRACE i.a.p.raft.roles.FollowerRole - RaftServer{2}{role=FOLLOWER} - Sending AppendResponse{status=OK, term=1, succeeded=true, lastLogIndex=7}
10:08:03.470 [raft-server-1] TRACE i.a.p.raft.roles.LeaderAppender - RaftServer{1} - Received AppendResponse{status=OK, term=1, succeeded=true, lastLogIndex=7} from 2
10:08:03.470 [raft-server-1] TRACE i.a.p.raft.roles.LeaderAppender - RaftServer{1} - Sending AppendRequest{term=1, leader=1, prevLogIndex=7, prevLogTerm=1, entries=1, commitIndex=7} to 2
10:08:03.470 [raft-server-2-state] TRACE i.a.p.raft.impl.RaftServiceManager - RaftServer{2} - Applying Indexed{index=7, entry=CommandEntry{term=1, timestamp=2018-06-11 10:08:03,382, session=2, sequence=3, operation=PrimitiveOperation{id=DefaultOperationId{id=write, type=COMMAND}, value=byte[]{length=17, hash=1297078671}}}}
10:08:03.470 [raft-server-2] TRACE i.a.p.raft.roles.FollowerRole - RaftServer{2}{role=FOLLOWER} - Received AppendRequest{term=1, leader=1, prevLogIndex=7, prevLogTerm=1, entries=1, commitIndex=7}
10:08:03.470 [raft-server-2-state] TRACE i.a.p.s.impl.DefaultServiceExecutor - PrimitiveService{2}{type=io.atomix.protocols.raft.RaftTest$TestPrimitiveType@25c42b8f, name=raft-test} - Executing DefaultCommit{index=7, session=RaftSession{RaftServiceContext{server=2, type=io.atomix.protocols.raft.RaftTest$TestPrimitiveType@25c42b8f, name=raft-test, id=2}, session=2, timestamp=2018-06-11 10:08:03,382}, time=2018-06-11 10:08:03,382, operation=DefaultOperationId{id=write, type=COMMAND}, value=byte[]{length=17, hash=1297078671}}
10:08:03.470 [raft-server-2] TRACE i.a.p.raft.roles.FollowerRole - RaftServer{2}{role=FOLLOWER} - Appended Indexed{index=8, entry=CommandEntry{term=1, timestamp=2018-06-11 10:08:03,432, session=2, sequence=4, operation=PrimitiveOperation{id=DefaultOperationId{id=write, type=COMMAND}, value=byte[]{length=17, hash=1297078671}}}}
10:08:03.470 [raft-server-2] TRACE i.a.p.raft.roles.FollowerRole - RaftServer{2}{role=FOLLOWER} - Sending AppendResponse{status=OK, term=1, succeeded=true, lastLogIndex=8}
10:08:03.470 [raft-server-1] TRACE i.a.p.raft.roles.LeaderAppender - RaftServer{1} - Received AppendResponse{status=OK, term=1, succeeded=true, lastLogIndex=8} from 2
10:08:03.470 [raft-server-1] TRACE i.a.p.raft.roles.LeaderAppender - RaftServer{1} - Committed entries up to 8
10:08:03.502 [raft-server-3] TRACE i.a.p.raft.roles.FollowerRole - RaftServer{3}{role=FOLLOWER} - Committed entries up to index 7
10:08:03.502 [raft-server-3] TRACE i.a.p.raft.roles.FollowerRole - RaftServer{3}{role=FOLLOWER} - Sending AppendResponse{status=OK, term=1, succeeded=true, lastLogIndex=8}
10:08:03.502 [raft-server-3-state] TRACE i.a.p.raft.impl.RaftServiceManager - RaftServer{3} - Applying Indexed{index=7, entry=CommandEntry{term=1, timestamp=2018-06-11 10:08:03,382, session=2, sequence=3, operation=PrimitiveOperation{id=DefaultOperationId{id=write, type=COMMAND}, value=byte[]{length=17, hash=1297078671}}}}
10:08:03.502 [raft-server-3-state] TRACE i.a.p.s.impl.DefaultServiceExecutor - PrimitiveService{2}{type=io.atomix.protocols.raft.RaftTest$TestPrimitiveType@5b77a59f, name=raft-test} - Executing DefaultCommit{index=7, session=RaftSession{RaftServiceContext{server=3, type=io.atomix.protocols.raft.RaftTest$TestPrimitiveType@5b77a59f, name=raft-test, id=2}, session=2, timestamp=2018-06-11 10:08:03,382}, time=2018-06-11 10:08:03,382, operation=DefaultOperationId{id=write, type=COMMAND}, value=byte[]{length=17, hash=1297078671}}
10:08:03.531 [raft-server-1] TRACE i.a.p.raft.roles.LeaderAppender - RaftServer{1} - Received AppendResponse{status=OK, term=1, succeeded=true, lastLogIndex=8} from 3
10:08:03.531 [raft-server-1-state] TRACE i.a.p.raft.impl.RaftServiceManager - RaftServer{1} - Applying Indexed{index=8, entry=CommandEntry{term=1, timestamp=2018-06-11 10:08:03,432, session=2, sequence=4, operation=PrimitiveOperation{id=DefaultOperationId{id=write, type=COMMAND}, value=byte[]{length=17, hash=1297078671}}}}
10:08:03.531 [raft-server-1-state] TRACE i.a.p.s.impl.DefaultServiceExecutor - PrimitiveService{2}{type=io.atomix.protocols.raft.RaftTest$TestPrimitiveType@5051ea1e, name=raft-test} - Executing DefaultCommit{index=8, session=RaftSession{RaftServiceContext{server=1, type=io.atomix.protocols.raft.RaftTest$TestPrimitiveType@5051ea1e, name=raft-test, id=2}, session=2, timestamp=2018-06-11 10:08:03,432}, time=2018-06-11 10:08:03,432, operation=DefaultOperationId{id=write, type=COMMAND}, value=byte[]{length=17, hash=1297078671}}
10:08:03.531 [raft-server-1-state] TRACE i.a.protocols.raft.roles.LeaderRole - RaftServer{1}{role=LEADER} - Sending CommandResponse{status=OK, index=8, eventIndex=2, result=byte[]{length=2, hash=1256}}
10:08:03.531 [raft-client-995c025b-ba21-4dd3-828a-0c3e52b0447e-5] TRACE i.a.p.r.s.impl.RaftSessionConnection - SessionClient{2}{type=io.atomix.protocols.raft.RaftTest$TestPrimitiveType@6b321262, name=raft-test} - Received CommandResponse{status=OK, index=8, eventIndex=2, result=byte[]{length=2, hash=1256}} from 1
10:08:03.531 [raft-client-995c025b-ba21-4dd3-828a-0c3e52b0447e-5] TRACE i.a.p.r.s.impl.RaftSessionSequencer - SessionClient{2}{type=io.atomix.protocols.raft.RaftTest$TestPrimitiveType@6b321262, name=raft-test} - Completing response CommandResponse{status=OK, index=8, eventIndex=2, result=byte[]{length=2, hash=1256}}
10:08:03.532 [raft-client-995c025b-ba21-4dd3-828a-0c3e52b0447e-6] TRACE i.a.p.r.s.impl.RaftSessionConnection - SessionClient{2}{type=io.atomix.protocols.raft.RaftTest$TestPrimitiveType@6b321262, name=raft-test} - Sending CommandRequest{session=2, sequence=5, operation=PrimitiveOperation{id=DefaultOperationId{id=write, type=COMMAND}, value=byte[]{length=17, hash=1297078671}}} to 1
10:08:03.532 [raft-server-1] TRACE i.a.protocols.raft.roles.LeaderRole - RaftServer{1}{role=LEADER} - Received CommandRequest{session=2, sequence=5, operation=PrimitiveOperation{id=DefaultOperationId{id=write, type=COMMAND}, value=byte[]{length=17, hash=1297078671}}}
10:08:03.532 [raft-server-1] TRACE i.a.protocols.raft.roles.LeaderRole - RaftServer{1}{role=LEADER} - Appended Indexed{index=9, entry=CommandEntry{term=1, timestamp=2018-06-11 10:08:03,532, session=2, sequence=5, operation=PrimitiveOperation{id=DefaultOperationId{id=write, type=COMMAND}, value=byte[]{length=17, hash=1297078671}}}}
10:08:03.532 [raft-server-1] TRACE i.a.p.raft.roles.LeaderAppender - RaftServer{1} - Sending AppendRequest{term=1, leader=1, prevLogIndex=8, prevLogTerm=1, entries=1, commitIndex=8} to 2
10:08:03.532 [raft-server-1] TRACE i.a.p.raft.roles.LeaderAppender - RaftServer{1} - Sending AppendRequest{term=1, leader=1, prevLogIndex=8, prevLogTerm=1, entries=1, commitIndex=8} to 3
10:08:03.532 [raft-server-2] TRACE i.a.p.raft.roles.FollowerRole - RaftServer{2}{role=FOLLOWER} - Received AppendRequest{term=1, leader=1, prevLogIndex=8, prevLogTerm=1, entries=1, commitIndex=8}
10:08:03.532 [raft-server-3] TRACE i.a.p.raft.roles.FollowerRole - RaftServer{3}{role=FOLLOWER} - Received AppendRequest{term=1, leader=1, prevLogIndex=8, prevLogTerm=1, entries=1, commitIndex=8}
10:08:03.532 [raft-server-2] TRACE i.a.p.raft.roles.FollowerRole - RaftServer{2}{role=FOLLOWER} - Appended Indexed{index=9, entry=CommandEntry{term=1, timestamp=2018-06-11 10:08:03,532, session=2, sequence=5, operation=PrimitiveOperation{id=DefaultOperationId{id=write, type=COMMAND}, value=byte[]{length=17, hash=1297078671}}}}
10:08:03.532 [raft-server-3] TRACE i.a.p.raft.roles.FollowerRole - RaftServer{3}{role=FOLLOWER} - Appended Indexed{index=9, entry=CommandEntry{term=1, timestamp=2018-06-11 10:08:03,532, session=2, sequence=5, operation=PrimitiveOperation{id=DefaultOperationId{id=write, type=COMMAND}, value=byte[]{length=17, hash=1297078671}}}}
10:08:03.589 [raft-server-2] TRACE i.a.p.raft.roles.FollowerRole - RaftServer{2}{role=FOLLOWER} - Committed entries up to index 8
10:08:03.589 [raft-server-2] TRACE i.a.p.raft.roles.FollowerRole - RaftServer{2}{role=FOLLOWER} - Sending AppendResponse{status=OK, term=1, succeeded=true, lastLogIndex=9}
10:08:03.589 [raft-server-3] TRACE i.a.p.raft.roles.FollowerRole - RaftServer{3}{role=FOLLOWER} - Committed entries up to index 8
10:08:03.589 [raft-server-3] TRACE i.a.p.raft.roles.FollowerRole - RaftServer{3}{role=FOLLOWER} - Sending AppendResponse{status=OK, term=1, succeeded=true, lastLogIndex=9}
10:08:03.589 [raft-server-1] TRACE i.a.p.raft.roles.LeaderAppender - RaftServer{1} - Received AppendResponse{status=OK, term=1, succeeded=true, lastLogIndex=9} from 2
10:08:03.589 [raft-server-1] TRACE i.a.p.raft.roles.LeaderAppender - RaftServer{1} - Committed entries up to 9
10:08:03.589 [raft-server-2-state] TRACE i.a.p.raft.impl.RaftServiceManager - RaftServer{2} - Applying Indexed{index=8, entry=CommandEntry{term=1, timestamp=2018-06-11 10:08:03,432, session=2, sequence=4, operation=PrimitiveOperation{id=DefaultOperationId{id=write, type=COMMAND}, value=byte[]{length=17, hash=1297078671}}}}
10:08:03.589 [raft-server-3-state] TRACE i.a.p.raft.impl.RaftServiceManager - RaftServer{3} - Applying Indexed{index=8, entry=CommandEntry{term=1, timestamp=2018-06-11 10:08:03,432, session=2, sequence=4, operation=PrimitiveOperation{id=DefaultOperationId{id=write, type=COMMAND}, value=byte[]{length=17, hash=1297078671}}}}
10:08:03.589 [raft-server-3-state] TRACE i.a.p.s.impl.DefaultServiceExecutor - PrimitiveService{2}{type=io.atomix.protocols.raft.RaftTest$TestPrimitiveType@5b77a59f, name=raft-test} - Executing DefaultCommit{index=8, session=RaftSession{RaftServiceContext{server=3, type=io.atomix.protocols.raft.RaftTest$TestPrimitiveType@5b77a59f, name=raft-test, id=2}, session=2, timestamp=2018-06-11 10:08:03,432}, time=2018-06-11 10:08:03,432, operation=DefaultOperationId{id=write, type=COMMAND}, value=byte[]{length=17, hash=1297078671}}
10:08:03.589 [raft-server-2-state] TRACE i.a.p.s.impl.DefaultServiceExecutor - PrimitiveService{2}{type=io.atomix.protocols.raft.RaftTest$TestPrimitiveType@25c42b8f, name=raft-test} - Executing DefaultCommit{index=8, session=RaftSession{RaftServiceContext{server=2, type=io.atomix.protocols.raft.RaftTest$TestPrimitiveType@25c42b8f, name=raft-test, id=2}, session=2, timestamp=2018-06-11 10:08:03,432}, time=2018-06-11 10:08:03,432, operation=DefaultOperationId{id=write, type=COMMAND}, value=byte[]{length=17, hash=1297078671}}
10:08:03.648 [raft-server-1] TRACE i.a.p.raft.roles.LeaderAppender - RaftServer{1} - Sending AppendRequest{term=1, leader=1, prevLogIndex=9, prevLogTerm=1, entries=0, commitIndex=9} to 2
10:08:03.648 [raft-server-1] TRACE i.a.p.raft.roles.LeaderAppender - RaftServer{1} - Received AppendResponse{status=OK, term=1, succeeded=true, lastLogIndex=9} from 3
10:08:03.648 [raft-server-2] TRACE i.a.p.raft.roles.FollowerRole - RaftServer{2}{role=FOLLOWER} - Received AppendRequest{term=1, leader=1, prevLogIndex=9, prevLogTerm=1, entries=0, commitIndex=9}
10:08:03.648 [raft-server-1] TRACE i.a.p.raft.roles.LeaderAppender - RaftServer{1} - Sending AppendRequest{term=1, leader=1, prevLogIndex=9, prevLogTerm=1, entries=0, commitIndex=9} to 3
10:08:03.648 [raft-server-3] TRACE i.a.p.raft.roles.FollowerRole - RaftServer{3}{role=FOLLOWER} - Received AppendRequest{term=1, leader=1, prevLogIndex=9, prevLogTerm=1, entries=0, commitIndex=9}
10:08:03.648 [raft-server-1-state] TRACE i.a.p.raft.impl.RaftServiceManager - RaftServer{1} - Applying Indexed{index=9, entry=CommandEntry{term=1, timestamp=2018-06-11 10:08:03,532, session=2, sequence=5, operation=PrimitiveOperation{id=DefaultOperationId{id=write, type=COMMAND}, value=byte[]{length=17, hash=1297078671}}}}
10:08:03.648 [raft-server-1-state] TRACE i.a.p.s.impl.DefaultServiceExecutor - PrimitiveService{2}{type=io.atomix.protocols.raft.RaftTest$TestPrimitiveType@5051ea1e, name=raft-test} - Executing DefaultCommit{index=9, session=RaftSession{RaftServiceContext{server=1, type=io.atomix.protocols.raft.RaftTest$TestPrimitiveType@5051ea1e, name=raft-test, id=2}, session=2, timestamp=2018-06-11 10:08:03,532}, time=2018-06-11 10:08:03,532, operation=DefaultOperationId{id=write, type=COMMAND}, value=byte[]{length=17, hash=1297078671}}
10:08:03.648 [raft-server-1-state] TRACE i.a.protocols.raft.roles.LeaderRole - RaftServer{1}{role=LEADER} - Sending CommandResponse{status=OK, index=9, eventIndex=2, result=byte[]{length=2, hash=1258}}
10:08:03.649 [raft-client-995c025b-ba21-4dd3-828a-0c3e52b0447e-4] TRACE i.a.p.r.s.impl.RaftSessionConnection - SessionClient{2}{type=io.atomix.protocols.raft.RaftTest$TestPrimitiveType@6b321262, name=raft-test} - Received CommandResponse{status=OK, index=9, eventIndex=2, result=byte[]{length=2, hash=1258}} from 1
10:08:03.649 [raft-client-995c025b-ba21-4dd3-828a-0c3e52b0447e-4] TRACE i.a.p.r.s.impl.RaftSessionSequencer - SessionClient{2}{type=io.atomix.protocols.raft.RaftTest$TestPrimitiveType@6b321262, name=raft-test} - Completing response CommandResponse{status=OK, index=9, eventIndex=2, result=byte[]{length=2, hash=1258}}
10:08:03.649 [raft-client-995c025b-ba21-4dd3-828a-0c3e52b0447e-3] TRACE i.a.p.r.s.impl.RaftSessionConnection - SessionClient{2}{type=io.atomix.protocols.raft.RaftTest$TestPrimitiveType@6b321262, name=raft-test} - Sending CommandRequest{session=2, sequence=6, operation=PrimitiveOperation{id=DefaultOperationId{id=write, type=COMMAND}, value=byte[]{length=17, hash=1297078671}}} to 1
10:08:03.649 [raft-server-1] TRACE i.a.protocols.raft.roles.LeaderRole - RaftServer{1}{role=LEADER} - Received CommandRequest{session=2, sequence=6, operation=PrimitiveOperation{id=DefaultOperationId{id=write, type=COMMAND}, value=byte[]{length=17, hash=1297078671}}}
10:08:03.649 [raft-server-1] TRACE i.a.protocols.raft.roles.LeaderRole - RaftServer{1}{role=LEADER} - Appended Indexed{index=10, entry=CommandEntry{term=1, timestamp=2018-06-11 10:08:03,649, session=2, sequence=6, operation=PrimitiveOperation{id=DefaultOperationId{id=write, type=COMMAND}, value=byte[]{length=17, hash=1297078671}}}}
10:08:03.697 [raft-server-2] TRACE i.a.p.raft.roles.FollowerRole - RaftServer{2}{role=FOLLOWER} - Committed entries up to index 9
10:08:03.697 [raft-server-2] TRACE i.a.p.raft.roles.FollowerRole - RaftServer{2}{role=FOLLOWER} - Sending AppendResponse{status=OK, term=1, succeeded=true, lastLogIndex=9}
10:08:03.697 [raft-server-3] TRACE i.a.p.raft.roles.FollowerRole - RaftServer{3}{role=FOLLOWER} - Committed entries up to index 9
10:08:03.697 [raft-server-3] TRACE i.a.p.raft.roles.FollowerRole - RaftServer{3}{role=FOLLOWER} - Sending AppendResponse{status=OK, term=1, succeeded=true, lastLogIndex=9}
10:08:03.698 [raft-server-1] TRACE i.a.p.raft.roles.LeaderAppender - RaftServer{1} - Received AppendResponse{status=OK, term=1, succeeded=true, lastLogIndex=9} from 2
10:08:03.698 [raft-server-1] TRACE i.a.p.raft.roles.LeaderAppender - RaftServer{1} - Sending AppendRequest{term=1, leader=1, prevLogIndex=9, prevLogTerm=1, entries=1, commitIndex=9} to 2
10:08:03.698 [raft-server-3-state] TRACE i.a.p.raft.impl.RaftServiceManager - RaftServer{3} - Applying Indexed{index=9, entry=CommandEntry{term=1, timestamp=2018-06-11 10:08:03,532, session=2, sequence=5, operation=PrimitiveOperation{id=DefaultOperationId{id=write, type=COMMAND}, value=byte[]{length=17, hash=1297078671}}}}
10:08:03.698 [raft-server-1] TRACE i.a.p.raft.roles.LeaderAppender - RaftServer{1} - Received AppendResponse{status=OK, term=1, succeeded=true, lastLogIndex=9} from 3
10:08:03.698 [raft-server-2] TRACE i.a.p.raft.roles.FollowerRole - RaftServer{2}{role=FOLLOWER} - Received AppendRequest{term=1, leader=1, prevLogIndex=9, prevLogTerm=1, entries=1, commitIndex=9}
10:08:03.698 [raft-server-1] TRACE i.a.p.raft.roles.LeaderAppender - RaftServer{1} - Sending AppendRequest{term=1, leader=1, prevLogIndex=9, prevLogTerm=1, entries=1, commitIndex=9} to 3
10:08:03.698 [raft-server-3-state] TRACE i.a.p.s.impl.DefaultServiceExecutor - PrimitiveService{2}{type=io.atomix.protocols.raft.RaftTest$TestPrimitiveType@5b77a59f, name=raft-test} - Executing DefaultCommit{index=9, session=RaftSession{RaftServiceContext{server=3, type=io.atomix.protocols.raft.RaftTest$TestPrimitiveType@5b77a59f, name=raft-test, id=2}, session=2, timestamp=2018-06-11 10:08:03,532}, time=2018-06-11 10:08:03,532, operation=DefaultOperationId{id=write, type=COMMAND}, value=byte[]{length=17, hash=1297078671}}
10:08:03.698 [raft-server-2] TRACE i.a.p.raft.roles.FollowerRole - RaftServer{2}{role=FOLLOWER} - Appended Indexed{index=10, entry=CommandEntry{term=1, timestamp=2018-06-11 10:08:03,649, session=2, sequence=6, operation=PrimitiveOperation{id=DefaultOperationId{id=write, type=COMMAND}, value=byte[]{length=17, hash=1297078671}}}}
10:08:03.698 [raft-server-3] TRACE i.a.p.raft.roles.FollowerRole - RaftServer{3}{role=FOLLOWER} - Received AppendRequest{term=1, leader=1, prevLogIndex=9, prevLogTerm=1, entries=1, commitIndex=9}
10:08:03.698 [raft-server-2] TRACE i.a.p.raft.roles.FollowerRole - RaftServer{2}{role=FOLLOWER} - Sending AppendResponse{status=OK, term=1, succeeded=true, lastLogIndex=10}
10:08:03.698 [raft-server-2-state] TRACE i.a.p.raft.impl.RaftServiceManager - RaftServer{2} - Applying Indexed{index=9, entry=CommandEntry{term=1, timestamp=2018-06-11 10:08:03,532, session=2, sequence=5, operation=PrimitiveOperation{id=DefaultOperationId{id=write, type=COMMAND}, value=byte[]{length=17, hash=1297078671}}}}
10:08:03.698 [raft-server-3] TRACE i.a.p.raft.roles.FollowerRole - RaftServer{3}{role=FOLLOWER} - Appended Indexed{index=10, entry=CommandEntry{term=1, timestamp=2018-06-11 10:08:03,649, session=2, sequence=6, operation=PrimitiveOperation{id=DefaultOperationId{id=write, type=COMMAND}, value=byte[]{length=17, hash=1297078671}}}}
10:08:03.698 [raft-server-1] TRACE i.a.p.raft.roles.LeaderAppender - RaftServer{1} - Received AppendResponse{status=OK, term=1, succeeded=true, lastLogIndex=10} from 2
10:08:03.698 [raft-server-2-state] TRACE i.a.p.s.impl.DefaultServiceExecutor - PrimitiveService{2}{type=io.atomix.protocols.raft.RaftTest$TestPrimitiveType@25c42b8f, name=raft-test} - Executing DefaultCommit{index=9, session=RaftSession{RaftServiceContext{server=2, type=io.atomix.protocols.raft.RaftTest$TestPrimitiveType@25c42b8f, name=raft-test, id=2}, session=2, timestamp=2018-06-11 10:08:03,532}, time=2018-06-11 10:08:03,532, operation=DefaultOperationId{id=write, type=COMMAND}, value=byte[]{length=17, hash=1297078671}}
10:08:03.698 [raft-server-3] TRACE i.a.p.raft.roles.FollowerRole - RaftServer{3}{role=FOLLOWER} - Sending AppendResponse{status=OK, term=1, succeeded=true, lastLogIndex=10}
10:08:03.698 [raft-server-1] TRACE i.a.p.raft.roles.LeaderAppender - RaftServer{1} - Committed entries up to 10
10:08:03.761 [raft-server-1] TRACE i.a.p.raft.roles.LeaderAppender - RaftServer{1} - Received AppendResponse{status=OK, term=1, succeeded=true, lastLogIndex=10} from 3
10:08:03.761 [raft-server-1-state] TRACE i.a.p.raft.impl.RaftServiceManager - RaftServer{1} - Applying Indexed{index=10, entry=CommandEntry{term=1, timestamp=2018-06-11 10:08:03,649, session=2, sequence=6, operation=PrimitiveOperation{id=DefaultOperationId{id=write, type=COMMAND}, value=byte[]{length=17, hash=1297078671}}}}
10:08:03.761 [raft-server-1-state] TRACE i.a.p.s.impl.DefaultServiceExecutor - PrimitiveService{2}{type=io.atomix.protocols.raft.RaftTest$TestPrimitiveType@5051ea1e, name=raft-test} - Executing DefaultCommit{index=10, session=RaftSession{RaftServiceContext{server=1, type=io.atomix.protocols.raft.RaftTest$TestPrimitiveType@5051ea1e, name=raft-test, id=2}, session=2, timestamp=2018-06-11 10:08:03,649}, time=2018-06-11 10:08:03,649, operation=DefaultOperationId{id=write, type=COMMAND}, value=byte[]{length=17, hash=1297078671}}
10:08:03.761 [raft-server-1-state] TRACE i.a.protocols.raft.roles.LeaderRole - RaftServer{1}{role=LEADER} - Sending CommandResponse{status=OK, index=10, eventIndex=2, result=byte[]{length=2, hash=1260}}
10:08:03.761 [raft-client-995c025b-ba21-4dd3-828a-0c3e52b0447e-2] TRACE i.a.p.r.s.impl.RaftSessionConnection - SessionClient{2}{type=io.atomix.protocols.raft.RaftTest$TestPrimitiveType@6b321262, name=raft-test} - Received CommandResponse{status=OK, index=10, eventIndex=2, result=byte[]{length=2, hash=1260}} from 1
10:08:03.761 [raft-client-995c025b-ba21-4dd3-828a-0c3e52b0447e-2] TRACE i.a.p.r.s.impl.RaftSessionSequencer - SessionClient{2}{type=io.atomix.protocols.raft.RaftTest$TestPrimitiveType@6b321262, name=raft-test} - Completing response CommandResponse{status=OK, index=10, eventIndex=2, result=byte[]{length=2, hash=1260}}
10:08:03.761 [raft-client-995c025b-ba21-4dd3-828a-0c3e52b0447e-0] TRACE i.a.p.r.s.impl.RaftSessionConnection - SessionClient{2}{type=io.atomix.protocols.raft.RaftTest$TestPrimitiveType@6b321262, name=raft-test} - Sending CommandRequest{session=2, sequence=7, operation=PrimitiveOperation{id=DefaultOperationId{id=write, type=COMMAND}, value=byte[]{length=17, hash=1297078671}}} to 1
10:08:03.762 [raft-server-1] TRACE i.a.protocols.raft.roles.LeaderRole - RaftServer{1}{role=LEADER} - Received CommandRequest{session=2, sequence=7, operation=PrimitiveOperation{id=DefaultOperationId{id=write, type=COMMAND}, value=byte[]{length=17, hash=1297078671}}}
10:08:03.866 [raft-server-1] DEBUG i.a.storage.journal.SegmentedJournal - Created disk segment: JournalSegment{id=2, version=1, index=11, size=64}
10:08:03.867 [raft-server-1] TRACE i.a.protocols.raft.roles.LeaderRole - RaftServer{1}{role=LEADER} - Appended Indexed{index=11, entry=CommandEntry{term=1, timestamp=2018-06-11 10:08:03,762, session=2, sequence=7, operation=PrimitiveOperation{id=DefaultOperationId{id=write, type=COMMAND}, value=byte[]{length=17, hash=1297078671}}}}
10:08:03.867 [raft-server-1] TRACE i.a.p.raft.roles.LeaderAppender - RaftServer{1} - Sending AppendRequest{term=1, leader=1, prevLogIndex=10, prevLogTerm=1, entries=1, commitIndex=10} to 2
10:08:03.867 [raft-server-2] TRACE i.a.p.raft.roles.FollowerRole - RaftServer{2}{role=FOLLOWER} - Received AppendRequest{term=1, leader=1, prevLogIndex=10, prevLogTerm=1, entries=1, commitIndex=10}
10:08:03.867 [raft-server-1] TRACE i.a.p.raft.roles.LeaderAppender - RaftServer{1} - Sending AppendRequest{term=1, leader=1, prevLogIndex=10, prevLogTerm=1, entries=1, commitIndex=10} to 3
10:08:03.867 [raft-server-3] TRACE i.a.p.raft.roles.FollowerRole - RaftServer{3}{role=FOLLOWER} - Received AppendRequest{term=1, leader=1, prevLogIndex=10, prevLogTerm=1, entries=1, commitIndex=10}
10:08:03.995 [raft-server-2] DEBUG i.a.storage.journal.SegmentedJournal - Created disk segment: JournalSegment{id=2, version=1, index=11, size=64}
10:08:03.995 [raft-server-3] DEBUG i.a.storage.journal.SegmentedJournal - Created disk segment: JournalSegment{id=2, version=1, index=11, size=64}
10:08:03.995 [raft-server-2] TRACE i.a.p.raft.roles.FollowerRole - RaftServer{2}{role=FOLLOWER} - Appended Indexed{index=11, entry=CommandEntry{term=1, timestamp=2018-06-11 10:08:03,762, session=2, sequence=7, operation=PrimitiveOperation{id=DefaultOperationId{id=write, type=COMMAND}, value=byte[]{length=17, hash=1297078671}}}}
10:08:03.995 [raft-server-3] TRACE i.a.p.raft.roles.FollowerRole - RaftServer{3}{role=FOLLOWER} - Appended Indexed{index=11, entry=CommandEntry{term=1, timestamp=2018-06-11 10:08:03,762, session=2, sequence=7, operation=PrimitiveOperation{id=DefaultOperationId{id=write, type=COMMAND}, value=byte[]{length=17, hash=1297078671}}}}
10:08:04.042 [raft-server-2] TRACE i.a.p.raft.roles.FollowerRole - RaftServer{2}{role=FOLLOWER} - Committed entries up to index 10
10:08:04.042 [raft-server-2] TRACE i.a.p.raft.roles.FollowerRole - RaftServer{2}{role=FOLLOWER} - Sending AppendResponse{status=OK, term=1, succeeded=true, lastLogIndex=11}
10:08:04.042 [raft-server-3] TRACE i.a.p.raft.roles.FollowerRole - RaftServer{3}{role=FOLLOWER} - Committed entries up to index 10
10:08:04.042 [raft-server-3] TRACE i.a.p.raft.roles.FollowerRole - RaftServer{3}{role=FOLLOWER} - Sending AppendResponse{status=OK, term=1, succeeded=true, lastLogIndex=11}
10:08:04.042 [raft-server-1] TRACE i.a.p.raft.roles.LeaderAppender - RaftServer{1} - Received AppendResponse{status=OK, term=1, succeeded=true, lastLogIndex=11} from 2
10:08:04.042 [raft-server-1] TRACE i.a.p.raft.roles.LeaderAppender - RaftServer{1} - Committed entries up to 11
10:08:04.042 [raft-server-2-state] TRACE i.a.p.raft.impl.RaftServiceManager - RaftServer{2} - Applying Indexed{index=10, entry=CommandEntry{term=1, timestamp=2018-06-11 10:08:03,649, session=2, sequence=6, operation=PrimitiveOperation{id=DefaultOperationId{id=write, type=COMMAND}, value=byte[]{length=17, hash=1297078671}}}}
10:08:04.042 [raft-server-3-state] TRACE i.a.p.raft.impl.RaftServiceManager - RaftServer{3} - Applying Indexed{index=10, entry=CommandEntry{term=1, timestamp=2018-06-11 10:08:03,649, session=2, sequence=6, operation=PrimitiveOperation{id=DefaultOperationId{id=write, type=COMMAND}, value=byte[]{length=17, hash=1297078671}}}}
10:08:04.042 [raft-server-2-state] TRACE i.a.p.s.impl.DefaultServiceExecutor - PrimitiveService{2}{type=io.atomix.protocols.raft.RaftTest$TestPrimitiveType@25c42b8f, name=raft-test} - Executing DefaultCommit{index=10, session=RaftSession{RaftServiceContext{server=2, type=io.atomix.protocols.raft.RaftTest$TestPrimitiveType@25c42b8f, name=raft-test, id=2}, session=2, timestamp=2018-06-11 10:08:03,649}, time=2018-06-11 10:08:03,649, operation=DefaultOperationId{id=write, type=COMMAND}, value=byte[]{length=17, hash=1297078671}}
10:08:04.042 [raft-server-3-state] TRACE i.a.p.s.impl.DefaultServiceExecutor - PrimitiveService{2}{type=io.atomix.protocols.raft.RaftTest$TestPrimitiveType@5b77a59f, name=raft-test} - Executing DefaultCommit{index=10, session=RaftSession{RaftServiceContext{server=3, type=io.atomix.protocols.raft.RaftTest$TestPrimitiveType@5b77a59f, name=raft-test, id=2}, session=2, timestamp=2018-06-11 10:08:03,649}, time=2018-06-11 10:08:03,649, operation=DefaultOperationId{id=write, type=COMMAND}, value=byte[]{length=17, hash=1297078671}}
10:08:04.097 [raft-server-1] TRACE i.a.p.raft.roles.LeaderAppender - RaftServer{1} - Sending AppendRequest{term=1, leader=1, prevLogIndex=11, prevLogTerm=1, entries=0, commitIndex=11} to 2
10:08:04.097 [raft-server-1] TRACE i.a.p.raft.roles.LeaderAppender - RaftServer{1} - Received AppendResponse{status=OK, term=1, succeeded=true, lastLogIndex=11} from 3
10:08:04.098 [raft-server-1] TRACE i.a.p.raft.roles.LeaderAppender - RaftServer{1} - Sending AppendRequest{term=1, leader=1, prevLogIndex=11, prevLogTerm=1, entries=0, commitIndex=11} to 3
10:08:04.098 [raft-server-3] TRACE i.a.p.raft.roles.FollowerRole - RaftServer{3}{role=FOLLOWER} - Received AppendRequest{term=1, leader=1, prevLogIndex=11, prevLogTerm=1, entries=0, commitIndex=11}
10:08:04.098 [raft-server-2] TRACE i.a.p.raft.roles.FollowerRole - RaftServer{2}{role=FOLLOWER} - Received AppendRequest{term=1, leader=1, prevLogIndex=11, prevLogTerm=1, entries=0, commitIndex=11}
10:08:04.098 [raft-server-1-state] TRACE i.a.p.raft.impl.RaftServiceManager - RaftServer{1} - Applying Indexed{index=11, entry=CommandEntry{term=1, timestamp=2018-06-11 10:08:03,762, session=2, sequence=7, operation=PrimitiveOperation{id=DefaultOperationId{id=write, type=COMMAND}, value=byte[]{length=17, hash=1297078671}}}}
10:08:04.098 [raft-server-1-state] TRACE i.a.p.s.impl.DefaultServiceExecutor - PrimitiveService{2}{type=io.atomix.protocols.raft.RaftTest$TestPrimitiveType@5051ea1e, name=raft-test} - Executing DefaultCommit{index=11, session=RaftSession{RaftServiceContext{server=1, type=io.atomix.protocols.raft.RaftTest$TestPrimitiveType@5051ea1e, name=raft-test, id=2}, session=2, timestamp=2018-06-11 10:08:03,762}, time=2018-06-11 10:08:03,762, operation=DefaultOperationId{id=write, type=COMMAND}, value=byte[]{length=17, hash=1297078671}}
10:08:04.098 [raft-server-1-state] TRACE i.a.protocols.raft.roles.LeaderRole - RaftServer{1}{role=LEADER} - Sending CommandResponse{status=OK, index=11, eventIndex=2, result=byte[]{length=2, hash=1262}}
10:08:04.098 [raft-client-995c025b-ba21-4dd3-828a-0c3e52b0447e-5] TRACE i.a.p.r.s.impl.RaftSessionConnection - SessionClient{2}{type=io.atomix.protocols.raft.RaftTest$TestPrimitiveType@6b321262, name=raft-test} - Received CommandResponse{status=OK, index=11, eventIndex=2, result=byte[]{length=2, hash=1262}} from 1
10:08:04.098 [raft-client-995c025b-ba21-4dd3-828a-0c3e52b0447e-5] TRACE i.a.p.r.s.impl.RaftSessionSequencer - SessionClient{2}{type=io.atomix.protocols.raft.RaftTest$TestPrimitiveType@6b321262, name=raft-test} - Completing response CommandResponse{status=OK, index=11, eventIndex=2, result=byte[]{length=2, hash=1262}}
10:08:04.098 [raft-client-995c025b-ba21-4dd3-828a-0c3e52b0447e-1] TRACE i.a.p.r.s.impl.RaftSessionConnection - SessionClient{2}{type=io.atomix.protocols.raft.RaftTest$TestPrimitiveType@6b321262, name=raft-test} - Sending CommandRequest{session=2, sequence=8, operation=PrimitiveOperation{id=DefaultOperationId{id=write, type=COMMAND}, value=byte[]{length=17, hash=1297078671}}} to 1
10:08:04.099 [raft-server-1] TRACE i.a.protocols.raft.roles.LeaderRole - RaftServer{1}{role=LEADER} - Received CommandRequest{session=2, sequence=8, operation=PrimitiveOperation{id=DefaultOperationId{id=write, type=COMMAND}, value=byte[]{length=17, hash=1297078671}}}
10:08:04.099 [raft-server-1] TRACE i.a.protocols.raft.roles.LeaderRole - RaftServer{1}{role=LEADER} - Appended Indexed{index=12, entry=CommandEntry{term=1, timestamp=2018-06-11 10:08:04,099, session=2, sequence=8, operation=PrimitiveOperation{id=DefaultOperationId{id=write, type=COMMAND}, value=byte[]{length=17, hash=1297078671}}}}
10:08:04.164 [raft-server-2] TRACE i.a.p.raft.roles.FollowerRole - RaftServer{2}{role=FOLLOWER} - Committed entries up to index 11
10:08:04.164 [raft-server-3] TRACE i.a.p.raft.roles.FollowerRole - RaftServer{3}{role=FOLLOWER} - Committed entries up to index 11
10:08:04.164 [raft-server-2] TRACE i.a.p.raft.roles.FollowerRole - RaftServer{2}{role=FOLLOWER} - Sending AppendResponse{status=OK, term=1, succeeded=true, lastLogIndex=11}
10:08:04.164 [raft-server-3] TRACE i.a.p.raft.roles.FollowerRole - RaftServer{3}{role=FOLLOWER} - Sending AppendResponse{status=OK, term=1, succeeded=true, lastLogIndex=11}
10:08:04.164 [raft-server-1] TRACE i.a.p.raft.roles.LeaderAppender - RaftServer{1} - Received AppendResponse{status=OK, term=1, succeeded=true, lastLogIndex=11} from 2
10:08:04.164 [raft-server-1] TRACE i.a.p.raft.roles.LeaderAppender - RaftServer{1} - Sending AppendRequest{term=1, leader=1, prevLogIndex=11, prevLogTerm=1, entries=1, commitIndex=11} to 2
10:08:04.164 [raft-server-3-state] TRACE i.a.p.raft.impl.RaftServiceManager - RaftServer{3} - Applying Indexed{index=11, entry=CommandEntry{term=1, timestamp=2018-06-11 10:08:03,762, session=2, sequence=7, operation=PrimitiveOperation{id=DefaultOperationId{id=write, type=COMMAND}, value=byte[]{length=17, hash=1297078671}}}}
10:08:04.164 [raft-server-2-state] TRACE i.a.p.raft.impl.RaftServiceManager - RaftServer{2} - Applying Indexed{index=11, entry=CommandEntry{term=1, timestamp=2018-06-11 10:08:03,762, session=2, sequence=7, operation=PrimitiveOperation{id=DefaultOperationId{id=write, type=COMMAND}, value=byte[]{length=17, hash=1297078671}}}}
10:08:04.164 [raft-server-2] TRACE i.a.p.raft.roles.FollowerRole - RaftServer{2}{role=FOLLOWER} - Received AppendRequest{term=1, leader=1, prevLogIndex=11, prevLogTerm=1, entries=1, commitIndex=11}
10:08:04.164 [raft-server-3-state] TRACE i.a.p.s.impl.DefaultServiceExecutor - PrimitiveService{2}{type=io.atomix.protocols.raft.RaftTest$TestPrimitiveType@5b77a59f, name=raft-test} - Executing DefaultCommit{index=11, session=RaftSession{RaftServiceContext{server=3, type=io.atomix.protocols.raft.RaftTest$TestPrimitiveType@5b77a59f, name=raft-test, id=2}, session=2, timestamp=2018-06-11 10:08:03,762}, time=2018-06-11 10:08:03,762, operation=DefaultOperationId{id=write, type=COMMAND}, value=byte[]{length=17, hash=1297078671}}
10:08:04.164 [raft-server-1] TRACE i.a.p.raft.roles.LeaderAppender - RaftServer{1} - Sending AppendRequest{term=1, leader=1, prevLogIndex=11, prevLogTerm=1, entries=1, commitIndex=11} to 3
10:08:04.164 [raft-server-2-state] TRACE i.a.p.s.impl.DefaultServiceExecutor - PrimitiveService{2}{type=io.atomix.protocols.raft.RaftTest$TestPrimitiveType@25c42b8f, name=raft-test} - Executing DefaultCommit{index=11, session=RaftSession{RaftServiceContext{server=2, type=io.atomix.protocols.raft.RaftTest$TestPrimitiveType@25c42b8f, name=raft-test, id=2}, session=2, timestamp=2018-06-11 10:08:03,762}, time=2018-06-11 10:08:03,762, operation=DefaultOperationId{id=write, type=COMMAND}, value=byte[]{length=17, hash=1297078671}}
10:08:04.164 [raft-server-2] TRACE i.a.p.raft.roles.FollowerRole - RaftServer{2}{role=FOLLOWER} - Appended Indexed{index=12, entry=CommandEntry{term=1, timestamp=2018-06-11 10:08:04,099, session=2, sequence=8, operation=PrimitiveOperation{id=DefaultOperationId{id=write, type=COMMAND}, value=byte[]{length=17, hash=1297078671}}}}
10:08:04.165 [raft-server-3] TRACE i.a.p.raft.roles.FollowerRole - RaftServer{3}{role=FOLLOWER} - Received AppendRequest{term=1, leader=1, prevLogIndex=11, prevLogTerm=1, entries=1, commitIndex=11}
10:08:04.165 [raft-server-1] TRACE i.a.p.raft.roles.LeaderAppender - RaftServer{1} - Received AppendResponse{status=OK, term=1, succeeded=true, lastLogIndex=11} from 3
10:08:04.165 [raft-server-2] TRACE i.a.p.raft.roles.FollowerRole - RaftServer{2}{role=FOLLOWER} - Sending AppendResponse{status=OK, term=1, succeeded=true, lastLogIndex=12}
10:08:04.165 [raft-server-3] TRACE i.a.p.raft.roles.FollowerRole - RaftServer{3}{role=FOLLOWER} - Appended Indexed{index=12, entry=CommandEntry{term=1, timestamp=2018-06-11 10:08:04,099, session=2, sequence=8, operation=PrimitiveOperation{id=DefaultOperationId{id=write, type=COMMAND}, value=byte[]{length=17, hash=1297078671}}}}
10:08:04.165 [raft-server-1] TRACE i.a.p.raft.roles.LeaderAppender - RaftServer{1} - Received AppendResponse{status=OK, term=1, succeeded=true, lastLogIndex=12} from 2
10:08:04.165 [raft-server-3] TRACE i.a.p.raft.roles.FollowerRole - RaftServer{3}{role=FOLLOWER} - Sending AppendResponse{status=OK, term=1, succeeded=true, lastLogIndex=12}
10:08:04.165 [raft-server-1] TRACE i.a.p.raft.roles.LeaderAppender - RaftServer{1} - Committed entries up to 12
10:08:04.214 [raft-server-1] TRACE i.a.p.raft.roles.LeaderAppender - RaftServer{1} - Received AppendResponse{status=OK, term=1, succeeded=true, lastLogIndex=12} from 3
10:08:04.214 [raft-server-1-state] TRACE i.a.p.raft.impl.RaftServiceManager - RaftServer{1} - Applying Indexed{index=12, entry=CommandEntry{term=1, timestamp=2018-06-11 10:08:04,099, session=2, sequence=8, operation=PrimitiveOperation{id=DefaultOperationId{id=write, type=COMMAND}, value=byte[]{length=17, hash=1297078671}}}}
10:08:04.214 [raft-server-1-state] TRACE i.a.p.s.impl.DefaultServiceExecutor - PrimitiveService{2}{type=io.atomix.protocols.raft.RaftTest$TestPrimitiveType@5051ea1e, name=raft-test} - Executing DefaultCommit{index=12, session=RaftSession{RaftServiceContext{server=1, type=io.atomix.protocols.raft.RaftTest$TestPrimitiveType@5051ea1e, name=raft-test, id=2}, session=2, timestamp=2018-06-11 10:08:04,099}, time=2018-06-11 10:08:04,099, operation=DefaultOperationId{id=write, type=COMMAND}, value=byte[]{length=17, hash=1297078671}}
10:08:04.214 [raft-server-1-state] TRACE i.a.protocols.raft.roles.LeaderRole - RaftServer{1}{role=LEADER} - Sending CommandResponse{status=OK, index=12, eventIndex=2, result=byte[]{length=2, hash=1264}}
10:08:04.214 [raft-client-995c025b-ba21-4dd3-828a-0c3e52b0447e-2] TRACE i.a.p.r.s.impl.RaftSessionConnection - SessionClient{2}{type=io.atomix.protocols.raft.RaftTest$TestPrimitiveType@6b321262, name=raft-test} - Received CommandResponse{status=OK, index=12, eventIndex=2, result=byte[]{length=2, hash=1264}} from 1
10:08:04.214 [raft-client-995c025b-ba21-4dd3-828a-0c3e52b0447e-2] TRACE i.a.p.r.s.impl.RaftSessionSequencer - SessionClient{2}{type=io.atomix.protocols.raft.RaftTest$TestPrimitiveType@6b321262, name=raft-test} - Completing response CommandResponse{status=OK, index=12, eventIndex=2, result=byte[]{length=2, hash=1264}}
10:08:04.215 [raft-client-995c025b-ba21-4dd3-828a-0c3e52b0447e-2] TRACE i.a.p.r.s.impl.RaftSessionConnection - SessionClient{2}{type=io.atomix.protocols.raft.RaftTest$TestPrimitiveType@6b321262, name=raft-test} - Sending CommandRequest{session=2, sequence=9, operation=PrimitiveOperation{id=DefaultOperationId{id=write, type=COMMAND}, value=byte[]{length=17, hash=1297078671}}} to 1
10:08:04.215 [raft-server-1] TRACE i.a.protocols.raft.roles.LeaderRole - RaftServer{1}{role=LEADER} - Received CommandRequest{session=2, sequence=9, operation=PrimitiveOperation{id=DefaultOperationId{id=write, type=COMMAND}, value=byte[]{length=17, hash=1297078671}}}
10:08:04.215 [raft-server-1] TRACE i.a.protocols.raft.roles.LeaderRole - RaftServer{1}{role=LEADER} - Appended Indexed{index=13, entry=CommandEntry{term=1, timestamp=2018-06-11 10:08:04,215, session=2, sequence=9, operation=PrimitiveOperation{id=DefaultOperationId{id=write, type=COMMAND}, value=byte[]{length=17, hash=1297078671}}}}
10:08:04.215 [raft-server-1] TRACE i.a.p.raft.roles.LeaderAppender - RaftServer{1} - Sending AppendRequest{term=1, leader=1, prevLogIndex=12, prevLogTerm=1, entries=1, commitIndex=12} to 2
10:08:04.215 [raft-server-2] TRACE i.a.p.raft.roles.FollowerRole - RaftServer{2}{role=FOLLOWER} - Received AppendRequest{term=1, leader=1, prevLogIndex=12, prevLogTerm=1, entries=1, commitIndex=12}
10:08:04.215 [raft-server-1] TRACE i.a.p.raft.roles.LeaderAppender - RaftServer{1} - Sending AppendRequest{term=1, leader=1, prevLogIndex=12, prevLogTerm=1, entries=1, commitIndex=12} to 3
10:08:04.215 [raft-server-3] TRACE i.a.p.raft.roles.FollowerRole - RaftServer{3}{role=FOLLOWER} - Received AppendRequest{term=1, leader=1, prevLogIndex=12, prevLogTerm=1, entries=1, commitIndex=12}
10:08:04.215 [raft-server-2] TRACE i.a.p.raft.roles.FollowerRole - RaftServer{2}{role=FOLLOWER} - Appended Indexed{index=13, entry=CommandEntry{term=1, timestamp=2018-06-11 10:08:04,215, session=2, sequence=9, operation=PrimitiveOperation{id=DefaultOperationId{id=write, type=COMMAND}, value=byte[]{length=17, hash=1297078671}}}}
10:08:04.215 [raft-server-3] TRACE i.a.p.raft.roles.FollowerRole - RaftServer{3}{role=FOLLOWER} - Appended Indexed{index=13, entry=CommandEntry{term=1, timestamp=2018-06-11 10:08:04,215, session=2, sequence=9, operation=PrimitiveOperation{id=DefaultOperationId{id=write, type=COMMAND}, value=byte[]{length=17, hash=1297078671}}}}
10:08:04.259 [raft-server-2] TRACE i.a.p.raft.roles.FollowerRole - RaftServer{2}{role=FOLLOWER} - Committed entries up to index 12
10:08:04.259 [raft-server-2] TRACE i.a.p.raft.roles.FollowerRole - RaftServer{2}{role=FOLLOWER} - Sending AppendResponse{status=OK, term=1, succeeded=true, lastLogIndex=13}
10:08:04.259 [raft-server-3] TRACE i.a.p.raft.roles.FollowerRole - RaftServer{3}{role=FOLLOWER} - Committed entries up to index 12
10:08:04.259 [raft-server-3] TRACE i.a.p.raft.roles.FollowerRole - RaftServer{3}{role=FOLLOWER} - Sending AppendResponse{status=OK, term=1, succeeded=true, lastLogIndex=13}
10:08:04.259 [raft-server-1] TRACE i.a.p.raft.roles.LeaderAppender - RaftServer{1} - Received AppendResponse{status=OK, term=1, succeeded=true, lastLogIndex=13} from 2
10:08:04.259 [raft-server-1] TRACE i.a.p.raft.roles.LeaderAppender - RaftServer{1} - Committed entries up to 13
10:08:04.259 [raft-server-2-state] TRACE i.a.p.raft.impl.RaftServiceManager - RaftServer{2} - Applying Indexed{index=12, entry=CommandEntry{term=1, timestamp=2018-06-11 10:08:04,099, session=2, sequence=8, operation=PrimitiveOperation{id=DefaultOperationId{id=write, type=COMMAND}, value=byte[]{length=17, hash=1297078671}}}}
10:08:04.259 [raft-server-3-state] TRACE i.a.p.raft.impl.RaftServiceManager - RaftServer{3} - Applying Indexed{index=12, entry=CommandEntry{term=1, timestamp=2018-06-11 10:08:04,099, session=2, sequence=8, operation=PrimitiveOperation{id=DefaultOperationId{id=write, type=COMMAND}, value=byte[]{length=17, hash=1297078671}}}}
10:08:04.259 [raft-server-2-state] TRACE i.a.p.s.impl.DefaultServiceExecutor - PrimitiveService{2}{type=io.atomix.protocols.raft.RaftTest$TestPrimitiveType@25c42b8f, name=raft-test} - Executing DefaultCommit{index=12, session=RaftSession{RaftServiceContext{server=2, type=io.atomix.protocols.raft.RaftTest$TestPrimitiveType@25c42b8f, name=raft-test, id=2}, session=2, timestamp=2018-06-11 10:08:04,099}, time=2018-06-11 10:08:04,099, operation=DefaultOperationId{id=write, type=COMMAND}, value=byte[]{length=17, hash=1297078671}}
10:08:04.259 [raft-server-3-state] TRACE i.a.p.s.impl.DefaultServiceExecutor - PrimitiveService{2}{type=io.atomix.protocols.raft.RaftTest$TestPrimitiveType@5b77a59f, name=raft-test} - Executing DefaultCommit{index=12, session=RaftSession{RaftServiceContext{server=3, type=io.atomix.protocols.raft.RaftTest$TestPrimitiveType@5b77a59f, name=raft-test, id=2}, session=2, timestamp=2018-06-11 10:08:04,099}, time=2018-06-11 10:08:04,099, operation=DefaultOperationId{id=write, type=COMMAND}, value=byte[]{length=17, hash=1297078671}}
10:08:04.314 [raft-server-1] TRACE i.a.p.raft.roles.LeaderAppender - RaftServer{1} - Received AppendResponse{status=OK, term=1, succeeded=true, lastLogIndex=13} from 3
10:08:04.314 [raft-server-1-state] TRACE i.a.p.raft.impl.RaftServiceManager - RaftServer{1} - Applying Indexed{index=13, entry=CommandEntry{term=1, timestamp=2018-06-11 10:08:04,215, session=2, sequence=9, operation=PrimitiveOperation{id=DefaultOperationId{id=write, type=COMMAND}, value=byte[]{length=17, hash=1297078671}}}}
10:08:04.314 [raft-server-1-state] TRACE i.a.p.s.impl.DefaultServiceExecutor - PrimitiveService{2}{type=io.atomix.protocols.raft.RaftTest$TestPrimitiveType@5051ea1e, name=raft-test} - Executing DefaultCommit{index=13, session=RaftSession{RaftServiceContext{server=1, type=io.atomix.protocols.raft.RaftTest$TestPrimitiveType@5051ea1e, name=raft-test, id=2}, session=2, timestamp=2018-06-11 10:08:04,215}, time=2018-06-11 10:08:04,215, operation=DefaultOperationId{id=write, type=COMMAND}, value=byte[]{length=17, hash=1297078671}}
10:08:04.314 [raft-server-1-state] TRACE i.a.protocols.raft.roles.LeaderRole - RaftServer{1}{role=LEADER} - Sending CommandResponse{status=OK, index=13, eventIndex=2, result=byte[]{length=2, hash=1266}}
10:08:04.314 [raft-client-995c025b-ba21-4dd3-828a-0c3e52b0447e-5] TRACE i.a.p.r.s.impl.RaftSessionConnection - SessionClient{2}{type=io.atomix.protocols.raft.RaftTest$TestPrimitiveType@6b321262, name=raft-test} - Received CommandResponse{status=OK, index=13, eventIndex=2, result=byte[]{length=2, hash=1266}} from 1
10:08:04.314 [raft-client-995c025b-ba21-4dd3-828a-0c3e52b0447e-5] TRACE i.a.p.r.s.impl.RaftSessionSequencer - SessionClient{2}{type=io.atomix.protocols.raft.RaftTest$TestPrimitiveType@6b321262, name=raft-test} - Completing response CommandResponse{status=OK, index=13, eventIndex=2, result=byte[]{length=2, hash=1266}}
10:08:04.315 [raft-client-995c025b-ba21-4dd3-828a-0c3e52b0447e-5] TRACE i.a.p.r.s.impl.RaftSessionConnection - SessionClient{2}{type=io.atomix.protocols.raft.RaftTest$TestPrimitiveType@6b321262, name=raft-test} - Sending CommandRequest{session=2, sequence=10, operation=PrimitiveOperation{id=DefaultOperationId{id=write, type=COMMAND}, value=byte[]{length=17, hash=1297078671}}} to 1
10:08:04.315 [raft-server-1] TRACE i.a.protocols.raft.roles.LeaderRole - RaftServer{1}{role=LEADER} - Received CommandRequest{session=2, sequence=10, operation=PrimitiveOperation{id=DefaultOperationId{id=write, type=COMMAND}, value=byte[]{length=17, hash=1297078671}}}
10:08:04.315 [raft-server-1] TRACE i.a.protocols.raft.roles.LeaderRole - RaftServer{1}{role=LEADER} - Appended Indexed{index=14, entry=CommandEntry{term=1, timestamp=2018-06-11 10:08:04,315, session=2, sequence=10, operation=PrimitiveOperation{id=DefaultOperationId{id=write, type=COMMAND}, value=byte[]{length=17, hash=1297078671}}}}
10:08:04.315 [raft-server-1] TRACE i.a.p.raft.roles.LeaderAppender - RaftServer{1} - Sending AppendRequest{term=1, leader=1, prevLogIndex=13, prevLogTerm=1, entries=1, commitIndex=13} to 2
10:08:04.315 [raft-server-1] TRACE i.a.p.raft.roles.LeaderAppender - RaftServer{1} - Sending AppendRequest{term=1, leader=1, prevLogIndex=13, prevLogTerm=1, entries=1, commitIndex=13} to 3
10:08:04.315 [raft-server-2] TRACE i.a.p.raft.roles.FollowerRole - RaftServer{2}{role=FOLLOWER} - Received AppendRequest{term=1, leader=1, prevLogIndex=13, prevLogTerm=1, entries=1, commitIndex=13}
10:08:04.315 [raft-server-3] TRACE i.a.p.raft.roles.FollowerRole - RaftServer{3}{role=FOLLOWER} - Received AppendRequest{term=1, leader=1, prevLogIndex=13, prevLogTerm=1, entries=1, commitIndex=13}
10:08:04.315 [raft-server-2] TRACE i.a.p.raft.roles.FollowerRole - RaftServer{2}{role=FOLLOWER} - Appended Indexed{index=14, entry=CommandEntry{term=1, timestamp=2018-06-11 10:08:04,315, session=2, sequence=10, operation=PrimitiveOperation{id=DefaultOperationId{id=write, type=COMMAND}, value=byte[]{length=17, hash=1297078671}}}}
10:08:04.315 [raft-server-3] TRACE i.a.p.raft.roles.FollowerRole - RaftServer{3}{role=FOLLOWER} - Appended Indexed{index=14, entry=CommandEntry{term=1, timestamp=2018-06-11 10:08:04,315, session=2, sequence=10, operation=PrimitiveOperation{id=DefaultOperationId{id=write, type=COMMAND}, value=byte[]{length=17, hash=1297078671}}}}
10:08:04.378 [raft-server-3] TRACE i.a.p.raft.roles.FollowerRole - RaftServer{3}{role=FOLLOWER} - Committed entries up to index 13
10:08:04.378 [raft-server-2] TRACE i.a.p.raft.roles.FollowerRole - RaftServer{2}{role=FOLLOWER} - Committed entries up to index 13
10:08:04.378 [raft-server-3] TRACE i.a.p.raft.roles.FollowerRole - RaftServer{3}{role=FOLLOWER} - Sending AppendResponse{status=OK, term=1, succeeded=true, lastLogIndex=14}
10:08:04.378 [raft-server-2] TRACE i.a.p.raft.roles.FollowerRole - RaftServer{2}{role=FOLLOWER} - Sending AppendResponse{status=OK, term=1, succeeded=true, lastLogIndex=14}
10:08:04.378 [raft-server-1] TRACE i.a.p.raft.roles.LeaderAppender - RaftServer{1} - Received AppendResponse{status=OK, term=1, succeeded=true, lastLogIndex=14} from 3
10:08:04.379 [raft-server-1] TRACE i.a.p.raft.roles.LeaderAppender - RaftServer{1} - Committed entries up to 14
10:08:04.378 [raft-server-3-state] TRACE i.a.p.raft.impl.RaftServiceManager - RaftServer{3} - Applying Indexed{index=13, entry=CommandEntry{term=1, timestamp=2018-06-11 10:08:04,215, session=2, sequence=9, operation=PrimitiveOperation{id=DefaultOperationId{id=write, type=COMMAND}, value=byte[]{length=17, hash=1297078671}}}}
10:08:04.378 [raft-server-2-state] TRACE i.a.p.raft.impl.RaftServiceManager - RaftServer{2} - Applying Indexed{index=13, entry=CommandEntry{term=1, timestamp=2018-06-11 10:08:04,215, session=2, sequence=9, operation=PrimitiveOperation{id=DefaultOperationId{id=write, type=COMMAND}, value=byte[]{length=17, hash=1297078671}}}}
10:08:04.379 [raft-server-3-state] TRACE i.a.p.s.impl.DefaultServiceExecutor - PrimitiveService{2}{type=io.atomix.protocols.raft.RaftTest$TestPrimitiveType@5b77a59f, name=raft-test} - Executing DefaultCommit{index=13, session=RaftSession{RaftServiceContext{server=3, type=io.atomix.protocols.raft.RaftTest$TestPrimitiveType@5b77a59f, name=raft-test, id=2}, session=2, timestamp=2018-06-11 10:08:04,215}, time=2018-06-11 10:08:04,215, operation=DefaultOperationId{id=write, type=COMMAND}, value=byte[]{length=17, hash=1297078671}}
10:08:04.379 [raft-server-2-state] TRACE i.a.p.s.impl.DefaultServiceExecutor - PrimitiveService{2}{type=io.atomix.protocols.raft.RaftTest$TestPrimitiveType@25c42b8f, name=raft-test} - Executing DefaultCommit{index=13, session=RaftSession{RaftServiceContext{server=2, type=io.atomix.protocols.raft.RaftTest$TestPrimitiveType@25c42b8f, name=raft-test, id=2}, session=2, timestamp=2018-06-11 10:08:04,215}, time=2018-06-11 10:08:04,215, operation=DefaultOperationId{id=write, type=COMMAND}, value=byte[]{length=17, hash=1297078671}}
10:08:04.437 [raft-server-1] TRACE i.a.p.raft.roles.LeaderAppender - RaftServer{1} - Sending AppendRequest{term=1, leader=1, prevLogIndex=14, prevLogTerm=1, entries=0, commitIndex=14} to 3
10:08:04.437 [raft-server-1] TRACE i.a.p.raft.roles.LeaderAppender - RaftServer{1} - Received AppendResponse{status=OK, term=1, succeeded=true, lastLogIndex=14} from 2
10:08:04.437 [raft-server-3] TRACE i.a.p.raft.roles.FollowerRole - RaftServer{3}{role=FOLLOWER} - Received AppendRequest{term=1, leader=1, prevLogIndex=14, prevLogTerm=1, entries=0, commitIndex=14}
10:08:04.437 [raft-server-1] TRACE i.a.p.raft.roles.LeaderAppender - RaftServer{1} - Sending AppendRequest{term=1, leader=1, prevLogIndex=14, prevLogTerm=1, entries=0, commitIndex=14} to 2
10:08:04.437 [raft-server-2] TRACE i.a.p.raft.roles.FollowerRole - RaftServer{2}{role=FOLLOWER} - Received AppendRequest{term=1, leader=1, prevLogIndex=14, prevLogTerm=1, entries=0, commitIndex=14}
10:08:04.437 [raft-server-2] TRACE i.a.p.raft.roles.FollowerRole - RaftServer{2}{role=FOLLOWER} - Committed entries up to index 14
10:08:04.437 [raft-server-2] TRACE i.a.p.raft.roles.FollowerRole - RaftServer{2}{role=FOLLOWER} - Sending AppendResponse{status=OK, term=1, succeeded=true, lastLogIndex=14}
10:08:04.437 [raft-server-1-state] TRACE i.a.p.raft.impl.RaftServiceManager - RaftServer{1} - Applying Indexed{index=14, entry=CommandEntry{term=1, timestamp=2018-06-11 10:08:04,315, session=2, sequence=10, operation=PrimitiveOperation{id=DefaultOperationId{id=write, type=COMMAND}, value=byte[]{length=17, hash=1297078671}}}}
10:08:04.437 [raft-server-1] TRACE i.a.p.raft.roles.LeaderAppender - RaftServer{1} - Received AppendResponse{status=OK, term=1, succeeded=true, lastLogIndex=14} from 2
10:08:04.437 [raft-server-1-state] TRACE i.a.p.s.impl.DefaultServiceExecutor - PrimitiveService{2}{type=io.atomix.protocols.raft.RaftTest$TestPrimitiveType@5051ea1e, name=raft-test} - Executing DefaultCommit{index=14, session=RaftSession{RaftServiceContext{server=1, type=io.atomix.protocols.raft.RaftTest$TestPrimitiveType@5051ea1e, name=raft-test, id=2}, session=2, timestamp=2018-06-11 10:08:04,315}, time=2018-06-11 10:08:04,315, operation=DefaultOperationId{id=write, type=COMMAND}, value=byte[]{length=17, hash=1297078671}}
10:08:04.437 [raft-server-2-state] TRACE i.a.p.raft.impl.RaftServiceManager - RaftServer{2} - Applying Indexed{index=14, entry=CommandEntry{term=1, timestamp=2018-06-11 10:08:04,315, session=2, sequence=10, operation=PrimitiveOperation{id=DefaultOperationId{id=write, type=COMMAND}, value=byte[]{length=17, hash=1297078671}}}}
10:08:04.437 [raft-server-1-state] TRACE i.a.protocols.raft.roles.LeaderRole - RaftServer{1}{role=LEADER} - Sending CommandResponse{status=OK, index=14, eventIndex=2, result=byte[]{length=2, hash=1268}}
10:08:04.437 [raft-server-2-state] TRACE i.a.p.s.impl.DefaultServiceExecutor - PrimitiveService{2}{type=io.atomix.protocols.raft.RaftTest$TestPrimitiveType@25c42b8f, name=raft-test} - Executing DefaultCommit{index=14, session=RaftSession{RaftServiceContext{server=2, type=io.atomix.protocols.raft.RaftTest$TestPrimitiveType@25c42b8f, name=raft-test, id=2}, session=2, timestamp=2018-06-11 10:08:04,315}, time=2018-06-11 10:08:04,315, operation=DefaultOperationId{id=write, type=COMMAND}, value=byte[]{length=17, hash=1297078671}}
10:08:04.437 [raft-client-995c025b-ba21-4dd3-828a-0c3e52b0447e-4] TRACE i.a.p.r.s.impl.RaftSessionConnection - SessionClient{2}{type=io.atomix.protocols.raft.RaftTest$TestPrimitiveType@6b321262, name=raft-test} - Received CommandResponse{status=OK, index=14, eventIndex=2, result=byte[]{length=2, hash=1268}} from 1
10:08:04.437 [raft-client-995c025b-ba21-4dd3-828a-0c3e52b0447e-4] TRACE i.a.p.r.s.impl.RaftSessionSequencer - SessionClient{2}{type=io.atomix.protocols.raft.RaftTest$TestPrimitiveType@6b321262, name=raft-test} - Completing response CommandResponse{status=OK, index=14, eventIndex=2, result=byte[]{length=2, hash=1268}}
10:08:04.437 [raft-client-995c025b-ba21-4dd3-828a-0c3e52b0447e-3] TRACE i.a.p.r.s.impl.RaftSessionConnection - SessionClient{2}{type=io.atomix.protocols.raft.RaftTest$TestPrimitiveType@6b321262, name=raft-test} - Sending CommandRequest{session=2, sequence=11, operation=PrimitiveOperation{id=DefaultOperationId{id=write, type=COMMAND}, value=byte[]{length=17, hash=1297078671}}} to 1
10:08:04.437 [raft-server-1] TRACE i.a.protocols.raft.roles.LeaderRole - RaftServer{1}{role=LEADER} - Received CommandRequest{session=2, sequence=11, operation=PrimitiveOperation{id=DefaultOperationId{id=write, type=COMMAND}, value=byte[]{length=17, hash=1297078671}}}
10:08:04.438 [raft-server-1] TRACE i.a.protocols.raft.roles.LeaderRole - RaftServer{1}{role=LEADER} - Appended Indexed{index=15, entry=CommandEntry{term=1, timestamp=2018-06-11 10:08:04,438, session=2, sequence=11, operation=PrimitiveOperation{id=DefaultOperationId{id=write, type=COMMAND}, value=byte[]{length=17, hash=1297078671}}}}
10:08:04.438 [raft-server-1] TRACE i.a.p.raft.roles.LeaderAppender - RaftServer{1} - Sending AppendRequest{term=1, leader=1, prevLogIndex=14, prevLogTerm=1, entries=1, commitIndex=14} to 2
10:08:04.438 [raft-server-2] TRACE i.a.p.raft.roles.FollowerRole - RaftServer{2}{role=FOLLOWER} - Received AppendRequest{term=1, leader=1, prevLogIndex=14, prevLogTerm=1, entries=1, commitIndex=14}
10:08:04.438 [raft-server-2] TRACE i.a.p.raft.roles.FollowerRole - RaftServer{2}{role=FOLLOWER} - Appended Indexed{index=15, entry=CommandEntry{term=1, timestamp=2018-06-11 10:08:04,438, session=2, sequence=11, operation=PrimitiveOperation{id=DefaultOperationId{id=write, type=COMMAND}, value=byte[]{length=17, hash=1297078671}}}}
10:08:04.438 [raft-server-2] TRACE i.a.p.raft.roles.FollowerRole - RaftServer{2}{role=FOLLOWER} - Sending AppendResponse{status=OK, term=1, succeeded=true, lastLogIndex=15}
10:08:04.438 [raft-server-1] TRACE i.a.p.raft.roles.LeaderAppender - RaftServer{1} - Received AppendResponse{status=OK, term=1, succeeded=true, lastLogIndex=15} from 2
10:08:04.438 [raft-server-1] TRACE i.a.p.raft.roles.LeaderAppender - RaftServer{1} - Committed entries up to 15
10:08:04.495 [raft-server-3] TRACE i.a.p.raft.roles.FollowerRole - RaftServer{3}{role=FOLLOWER} - Committed entries up to index 14
10:08:04.495 [raft-server-3] TRACE i.a.p.raft.roles.FollowerRole - RaftServer{3}{role=FOLLOWER} - Sending AppendResponse{status=OK, term=1, succeeded=true, lastLogIndex=14}
10:08:04.495 [raft-server-3-state] TRACE i.a.p.raft.impl.RaftServiceManager - RaftServer{3} - Applying Indexed{index=14, entry=CommandEntry{term=1, timestamp=2018-06-11 10:08:04,315, session=2, sequence=10, operation=PrimitiveOperation{id=DefaultOperationId{id=write, type=COMMAND}, value=byte[]{length=17, hash=1297078671}}}}
10:08:04.495 [raft-server-3-state] TRACE i.a.p.s.impl.DefaultServiceExecutor - PrimitiveService{2}{type=io.atomix.protocols.raft.RaftTest$TestPrimitiveType@5b77a59f, name=raft-test} - Executing DefaultCommit{index=14, session=RaftSession{RaftServiceContext{server=3, type=io.atomix.protocols.raft.RaftTest$TestPrimitiveType@5b77a59f, name=raft-test, id=2}, session=2, timestamp=2018-06-11 10:08:04,315}, time=2018-06-11 10:08:04,315, operation=DefaultOperationId{id=write, type=COMMAND}, value=byte[]{length=17, hash=1297078671}}
10:08:04.537 [raft-server-1] TRACE i.a.p.raft.roles.LeaderAppender - RaftServer{1} - Received AppendResponse{status=OK, term=1, succeeded=true, lastLogIndex=14} from 3
10:08:04.537 [raft-server-1] TRACE i.a.p.raft.roles.LeaderAppender - RaftServer{1} - Sending AppendRequest{term=1, leader=1, prevLogIndex=14, prevLogTerm=1, entries=1, commitIndex=15} to 3
10:08:04.537 [raft-server-3] TRACE i.a.p.raft.roles.FollowerRole - RaftServer{3}{role=FOLLOWER} - Received AppendRequest{term=1, leader=1, prevLogIndex=14, prevLogTerm=1, entries=1, commitIndex=15}
10:08:04.537 [raft-server-1-state] TRACE i.a.p.raft.impl.RaftServiceManager - RaftServer{1} - Applying Indexed{index=15, entry=CommandEntry{term=1, timestamp=2018-06-11 10:08:04,438, session=2, sequence=11, operation=PrimitiveOperation{id=DefaultOperationId{id=write, type=COMMAND}, value=byte[]{length=17, hash=1297078671}}}}
10:08:04.537 [raft-server-1-state] TRACE i.a.p.s.impl.DefaultServiceExecutor - PrimitiveService{2}{type=io.atomix.protocols.raft.RaftTest$TestPrimitiveType@5051ea1e, name=raft-test} - Executing DefaultCommit{index=15, session=RaftSession{RaftServiceContext{server=1, type=io.atomix.protocols.raft.RaftTest$TestPrimitiveType@5051ea1e, name=raft-test, id=2}, session=2, timestamp=2018-06-11 10:08:04,438}, time=2018-06-11 10:08:04,438, operation=DefaultOperationId{id=write, type=COMMAND}, value=byte[]{length=17, hash=1297078671}}
10:08:04.537 [raft-server-3] TRACE i.a.p.raft.roles.FollowerRole - RaftServer{3}{role=FOLLOWER} - Appended Indexed{index=15, entry=CommandEntry{term=1, timestamp=2018-06-11 10:08:04,438, session=2, sequence=11, operation=PrimitiveOperation{id=DefaultOperationId{id=write, type=COMMAND}, value=byte[]{length=17, hash=1297078671}}}}
10:08:04.537 [raft-server-1-state] TRACE i.a.protocols.raft.roles.LeaderRole - RaftServer{1}{role=LEADER} - Sending CommandResponse{status=OK, index=15, eventIndex=2, result=byte[]{length=2, hash=1270}}
10:08:04.537 [raft-client-995c025b-ba21-4dd3-828a-0c3e52b0447e-7] TRACE i.a.p.r.s.impl.RaftSessionConnection - SessionClient{2}{type=io.atomix.protocols.raft.RaftTest$TestPrimitiveType@6b321262, name=raft-test} - Received CommandResponse{status=OK, index=15, eventIndex=2, result=byte[]{length=2, hash=1270}} from 1
10:08:04.537 [raft-client-995c025b-ba21-4dd3-828a-0c3e52b0447e-7] TRACE i.a.p.r.s.impl.RaftSessionSequencer - SessionClient{2}{type=io.atomix.protocols.raft.RaftTest$TestPrimitiveType@6b321262, name=raft-test} - Completing response CommandResponse{status=OK, index=15, eventIndex=2, result=byte[]{length=2, hash=1270}}
10:08:04.537 [raft-client-995c025b-ba21-4dd3-828a-0c3e52b0447e-0] TRACE i.a.p.r.s.impl.RaftSessionConnection - SessionClient{2}{type=io.atomix.protocols.raft.RaftTest$TestPrimitiveType@6b321262, name=raft-test} - Sending CommandRequest{session=2, sequence=12, operation=PrimitiveOperation{id=DefaultOperationId{id=write, type=COMMAND}, value=byte[]{length=17, hash=1297078671}}} to 1
10:08:04.537 [raft-server-1] TRACE i.a.protocols.raft.roles.LeaderRole - RaftServer{1}{role=LEADER} - Received CommandRequest{session=2, sequence=12, operation=PrimitiveOperation{id=DefaultOperationId{id=write, type=COMMAND}, value=byte[]{length=17, hash=1297078671}}}
10:08:04.537 [raft-server-1] TRACE i.a.protocols.raft.roles.LeaderRole - RaftServer{1}{role=LEADER} - Appended Indexed{index=16, entry=CommandEntry{term=1, timestamp=2018-06-11 10:08:04,537, session=2, sequence=12, operation=PrimitiveOperation{id=DefaultOperationId{id=write, type=COMMAND}, value=byte[]{length=17, hash=1297078671}}}}
10:08:04.538 [raft-server-1] TRACE i.a.p.raft.roles.LeaderAppender - RaftServer{1} - Sending AppendRequest{term=1, leader=1, prevLogIndex=15, prevLogTerm=1, entries=1, commitIndex=15} to 2
10:08:04.538 [raft-server-2] TRACE i.a.p.raft.roles.FollowerRole - RaftServer{2}{role=FOLLOWER} - Received AppendRequest{term=1, leader=1, prevLogIndex=15, prevLogTerm=1, entries=1, commitIndex=15}
10:08:04.538 [raft-server-2] TRACE i.a.p.raft.roles.FollowerRole - RaftServer{2}{role=FOLLOWER} - Appended Indexed{index=16, entry=CommandEntry{term=1, timestamp=2018-06-11 10:08:04,537, session=2, sequence=12, operation=PrimitiveOperation{id=DefaultOperationId{id=write, type=COMMAND}, value=byte[]{length=17, hash=1297078671}}}}
10:08:04.595 [raft-server-3] TRACE i.a.p.raft.roles.FollowerRole - RaftServer{3}{role=FOLLOWER} - Committed entries up to index 15
10:08:04.595 [raft-server-2] TRACE i.a.p.raft.roles.FollowerRole - RaftServer{2}{role=FOLLOWER} - Committed entries up to index 15
10:08:04.595 [raft-server-3] TRACE i.a.p.raft.roles.FollowerRole - RaftServer{3}{role=FOLLOWER} - Sending AppendResponse{status=OK, term=1, succeeded=true, lastLogIndex=15}
10:08:04.595 [raft-server-2] TRACE i.a.p.raft.roles.FollowerRole - RaftServer{2}{role=FOLLOWER} - Sending AppendResponse{status=OK, term=1, succeeded=true, lastLogIndex=16}
10:08:04.596 [raft-server-1] TRACE i.a.p.raft.roles.LeaderAppender - RaftServer{1} - Received AppendResponse{status=OK, term=1, succeeded=true, lastLogIndex=15} from 3
10:08:04.596 [raft-server-1] TRACE i.a.p.raft.roles.LeaderAppender - RaftServer{1} - Sending AppendRequest{term=1, leader=1, prevLogIndex=15, prevLogTerm=1, entries=1, commitIndex=15} to 3
10:08:04.596 [raft-server-3-state] TRACE i.a.p.raft.impl.RaftServiceManager - RaftServer{3} - Applying Indexed{index=15, entry=CommandEntry{term=1, timestamp=2018-06-11 10:08:04,438, session=2, sequence=11, operation=PrimitiveOperation{id=DefaultOperationId{id=write, type=COMMAND}, value=byte[]{length=17, hash=1297078671}}}}
10:08:04.596 [raft-server-2-state] TRACE i.a.p.raft.impl.RaftServiceManager - RaftServer{2} - Applying Indexed{index=15, entry=CommandEntry{term=1, timestamp=2018-06-11 10:08:04,438, session=2, sequence=11, operation=PrimitiveOperation{id=DefaultOperationId{id=write, type=COMMAND}, value=byte[]{length=17, hash=1297078671}}}}
10:08:04.596 [raft-server-3] TRACE i.a.p.raft.roles.FollowerRole - RaftServer{3}{role=FOLLOWER} - Received AppendRequest{term=1, leader=1, prevLogIndex=15, prevLogTerm=1, entries=1, commitIndex=15}
10:08:04.596 [raft-server-1] TRACE i.a.p.raft.roles.LeaderAppender - RaftServer{1} - Received AppendResponse{status=OK, term=1, succeeded=true, lastLogIndex=16} from 2
10:08:04.596 [raft-server-3-state] TRACE i.a.p.s.impl.DefaultServiceExecutor - PrimitiveService{2}{type=io.atomix.protocols.raft.RaftTest$TestPrimitiveType@5b77a59f, name=raft-test} - Executing DefaultCommit{index=15, session=RaftSession{RaftServiceContext{server=3, type=io.atomix.protocols.raft.RaftTest$TestPrimitiveType@5b77a59f, name=raft-test, id=2}, session=2, timestamp=2018-06-11 10:08:04,438}, time=2018-06-11 10:08:04,438, operation=DefaultOperationId{id=write, type=COMMAND}, value=byte[]{length=17, hash=1297078671}}
10:08:04.596 [raft-server-2-state] TRACE i.a.p.s.impl.DefaultServiceExecutor - PrimitiveService{2}{type=io.atomix.protocols.raft.RaftTest$TestPrimitiveType@25c42b8f, name=raft-test} - Executing DefaultCommit{index=15, session=RaftSession{RaftServiceContext{server=2, type=io.atomix.protocols.raft.RaftTest$TestPrimitiveType@25c42b8f, name=raft-test, id=2}, session=2, timestamp=2018-06-11 10:08:04,438}, time=2018-06-11 10:08:04,438, operation=DefaultOperationId{id=write, type=COMMAND}, value=byte[]{length=17, hash=1297078671}}
10:08:04.596 [raft-server-1] TRACE i.a.p.raft.roles.LeaderAppender - RaftServer{1} - Committed entries up to 16
10:08:04.596 [raft-server-3] TRACE i.a.p.raft.roles.FollowerRole - RaftServer{3}{role=FOLLOWER} - Appended Indexed{index=16, entry=CommandEntry{term=1, timestamp=2018-06-11 10:08:04,537, session=2, sequence=12, operation=PrimitiveOperation{id=DefaultOperationId{id=write, type=COMMAND}, value=byte[]{length=17, hash=1297078671}}}}
10:08:04.596 [raft-server-3] TRACE i.a.p.raft.roles.FollowerRole - RaftServer{3}{role=FOLLOWER} - Sending AppendResponse{status=OK, term=1, succeeded=true, lastLogIndex=16}
10:08:04.645 [raft-server-1] TRACE i.a.p.raft.roles.LeaderAppender - RaftServer{1} - Sending AppendRequest{term=1, leader=1, prevLogIndex=16, prevLogTerm=1, entries=0, commitIndex=16} to 2
10:08:04.645 [raft-server-2] TRACE i.a.p.raft.roles.FollowerRole - RaftServer{2}{role=FOLLOWER} - Received AppendRequest{term=1, leader=1, prevLogIndex=16, prevLogTerm=1, entries=0, commitIndex=16}
10:08:04.645 [raft-server-1] TRACE i.a.p.raft.roles.LeaderAppender - RaftServer{1} - Received AppendResponse{status=OK, term=1, succeeded=true, lastLogIndex=16} from 3
10:08:04.645 [raft-server-1-state] TRACE i.a.p.raft.impl.RaftServiceManager - RaftServer{1} - Applying Indexed{index=16, entry=CommandEntry{term=1, timestamp=2018-06-11 10:08:04,537, session=2, sequence=12, operation=PrimitiveOperation{id=DefaultOperationId{id=write, type=COMMAND}, value=byte[]{length=17, hash=1297078671}}}}
10:08:04.645 [raft-server-1-state] TRACE i.a.p.s.impl.DefaultServiceExecutor - PrimitiveService{2}{type=io.atomix.protocols.raft.RaftTest$TestPrimitiveType@5051ea1e, name=raft-test} - Executing DefaultCommit{index=16, session=RaftSession{RaftServiceContext{server=1, type=io.atomix.protocols.raft.RaftTest$TestPrimitiveType@5051ea1e, name=raft-test, id=2}, session=2, timestamp=2018-06-11 10:08:04,537}, time=2018-06-11 10:08:04,537, operation=DefaultOperationId{id=write, type=COMMAND}, value=byte[]{length=17, hash=1297078671}}
10:08:04.645 [raft-server-1-state] TRACE i.a.protocols.raft.roles.LeaderRole - RaftServer{1}{role=LEADER} - Sending CommandResponse{status=OK, index=16, eventIndex=2, result=byte[]{length=2, hash=1272}}
10:08:04.646 [raft-client-995c025b-ba21-4dd3-828a-0c3e52b0447e-6] TRACE i.a.p.r.s.impl.RaftSessionConnection - SessionClient{2}{type=io.atomix.protocols.raft.RaftTest$TestPrimitiveType@6b321262, name=raft-test} - Received CommandResponse{status=OK, index=16, eventIndex=2, result=byte[]{length=2, hash=1272}} from 1
10:08:04.646 [raft-client-995c025b-ba21-4dd3-828a-0c3e52b0447e-6] TRACE i.a.p.r.s.impl.RaftSessionSequencer - SessionClient{2}{type=io.atomix.protocols.raft.RaftTest$TestPrimitiveType@6b321262, name=raft-test} - Completing response CommandResponse{status=OK, index=16, eventIndex=2, result=byte[]{length=2, hash=1272}}
10:08:04.646 [raft-client-995c025b-ba21-4dd3-828a-0c3e52b0447e-1] TRACE i.a.p.r.s.impl.RaftSessionConnection - SessionClient{2}{type=io.atomix.protocols.raft.RaftTest$TestPrimitiveType@6b321262, name=raft-test} - Sending CommandRequest{session=2, sequence=13, operation=PrimitiveOperation{id=DefaultOperationId{id=write, type=COMMAND}, value=byte[]{length=17, hash=1297078671}}} to 1
10:08:04.646 [raft-server-1] TRACE i.a.protocols.raft.roles.LeaderRole - RaftServer{1}{role=LEADER} - Received CommandRequest{session=2, sequence=13, operation=PrimitiveOperation{id=DefaultOperationId{id=write, type=COMMAND}, value=byte[]{length=17, hash=1297078671}}}
10:08:04.646 [raft-server-1] TRACE i.a.protocols.raft.roles.LeaderRole - RaftServer{1}{role=LEADER} - Appended Indexed{index=17, entry=CommandEntry{term=1, timestamp=2018-06-11 10:08:04,646, session=2, sequence=13, operation=PrimitiveOperation{id=DefaultOperationId{id=write, type=COMMAND}, value=byte[]{length=17, hash=1297078671}}}}
10:08:04.646 [raft-server-1] TRACE i.a.p.raft.roles.LeaderAppender - RaftServer{1} - Sending AppendRequest{term=1, leader=1, prevLogIndex=16, prevLogTerm=1, entries=1, commitIndex=16} to 3
10:08:04.646 [raft-server-3] TRACE i.a.p.raft.roles.FollowerRole - RaftServer{3}{role=FOLLOWER} - Received AppendRequest{term=1, leader=1, prevLogIndex=16, prevLogTerm=1, entries=1, commitIndex=16}
10:08:04.646 [raft-server-3] TRACE i.a.p.raft.roles.FollowerRole - RaftServer{3}{role=FOLLOWER} - Appended Indexed{index=17, entry=CommandEntry{term=1, timestamp=2018-06-11 10:08:04,646, session=2, sequence=13, operation=PrimitiveOperation{id=DefaultOperationId{id=write, type=COMMAND}, value=byte[]{length=17, hash=1297078671}}}}
10:08:04.706 [raft-server-2] TRACE i.a.p.raft.roles.FollowerRole - RaftServer{2}{role=FOLLOWER} - Committed entries up to index 16
10:08:04.706 [raft-server-2] TRACE i.a.p.raft.roles.FollowerRole - RaftServer{2}{role=FOLLOWER} - Sending AppendResponse{status=OK, term=1, succeeded=true, lastLogIndex=16}
10:08:04.706 [raft-server-1] TRACE i.a.p.raft.roles.LeaderAppender - RaftServer{1} - Received AppendResponse{status=OK, term=1, succeeded=true, lastLogIndex=16} from 2
10:08:04.706 [raft-server-1] TRACE i.a.p.raft.roles.LeaderAppender - RaftServer{1} - Sending AppendRequest{term=1, leader=1, prevLogIndex=16, prevLogTerm=1, entries=1, commitIndex=16} to 2
10:08:04.706 [raft-server-2-state] TRACE i.a.p.raft.impl.RaftServiceManager - RaftServer{2} - Applying Indexed{index=16, entry=CommandEntry{term=1, timestamp=2018-06-11 10:08:04,537, session=2, sequence=12, operation=PrimitiveOperation{id=DefaultOperationId{id=write, type=COMMAND}, value=byte[]{length=17, hash=1297078671}}}}
10:08:04.706 [raft-server-2] TRACE i.a.p.raft.roles.FollowerRole - RaftServer{2}{role=FOLLOWER} - Received AppendRequest{term=1, leader=1, prevLogIndex=16, prevLogTerm=1, entries=1, commitIndex=16}
10:08:04.706 [raft-server-2-state] TRACE i.a.p.s.impl.DefaultServiceExecutor - PrimitiveService{2}{type=io.atomix.protocols.raft.RaftTest$TestPrimitiveType@25c42b8f, name=raft-test} - Executing DefaultCommit{index=16, session=RaftSession{RaftServiceContext{server=2, type=io.atomix.protocols.raft.RaftTest$TestPrimitiveType@25c42b8f, name=raft-test, id=2}, session=2, timestamp=2018-06-11 10:08:04,537}, time=2018-06-11 10:08:04,537, operation=DefaultOperationId{id=write, type=COMMAND}, value=byte[]{length=17, hash=1297078671}}
10:08:04.706 [raft-server-2] TRACE i.a.p.raft.roles.FollowerRole - RaftServer{2}{role=FOLLOWER} - Appended Indexed{index=17, entry=CommandEntry{term=1, timestamp=2018-06-11 10:08:04,646, session=2, sequence=13, operation=PrimitiveOperation{id=DefaultOperationId{id=write, type=COMMAND}, value=byte[]{length=17, hash=1297078671}}}}
10:08:04.706 [raft-server-2] TRACE i.a.p.raft.roles.FollowerRole - RaftServer{2}{role=FOLLOWER} - Sending AppendResponse{status=OK, term=1, succeeded=true, lastLogIndex=17}
10:08:04.706 [raft-server-1] TRACE i.a.p.raft.roles.LeaderAppender - RaftServer{1} - Received AppendResponse{status=OK, term=1, succeeded=true, lastLogIndex=17} from 2
10:08:04.706 [raft-server-1] TRACE i.a.p.raft.roles.LeaderAppender - RaftServer{1} - Committed entries up to 17
10:08:04.756 [raft-server-3] TRACE i.a.p.raft.roles.FollowerRole - RaftServer{3}{role=FOLLOWER} - Committed entries up to index 16
10:08:04.756 [raft-server-3] TRACE i.a.p.raft.roles.FollowerRole - RaftServer{3}{role=FOLLOWER} - Sending AppendResponse{status=OK, term=1, succeeded=true, lastLogIndex=17}
10:08:04.756 [raft-server-3-state] TRACE i.a.p.raft.impl.RaftServiceManager - RaftServer{3} - Applying Indexed{index=16, entry=CommandEntry{term=1, timestamp=2018-06-11 10:08:04,537, session=2, sequence=12, operation=PrimitiveOperation{id=DefaultOperationId{id=write, type=COMMAND}, value=byte[]{length=17, hash=1297078671}}}}
10:08:04.756 [raft-server-3-state] TRACE i.a.p.s.impl.DefaultServiceExecutor - PrimitiveService{2}{type=io.atomix.protocols.raft.RaftTest$TestPrimitiveType@5b77a59f, name=raft-test} - Executing DefaultCommit{index=16, session=RaftSession{RaftServiceContext{server=3, type=io.atomix.protocols.raft.RaftTest$TestPrimitiveType@5b77a59f, name=raft-test, id=2}, session=2, timestamp=2018-06-11 10:08:04,537}, time=2018-06-11 10:08:04,537, operation=DefaultOperationId{id=write, type=COMMAND}, value=byte[]{length=17, hash=1297078671}}
10:08:04.806 [raft-server-1] TRACE i.a.p.raft.roles.LeaderAppender - RaftServer{1} - Received AppendResponse{status=OK, term=1, succeeded=true, lastLogIndex=17} from 3
10:08:04.806 [raft-server-1-state] TRACE i.a.p.raft.impl.RaftServiceManager - RaftServer{1} - Applying Indexed{index=17, entry=CommandEntry{term=1, timestamp=2018-06-11 10:08:04,646, session=2, sequence=13, operation=PrimitiveOperation{id=DefaultOperationId{id=write, type=COMMAND}, value=byte[]{length=17, hash=1297078671}}}}
10:08:04.806 [raft-server-1-state] TRACE i.a.p.s.impl.DefaultServiceExecutor - PrimitiveService{2}{type=io.atomix.protocols.raft.RaftTest$TestPrimitiveType@5051ea1e, name=raft-test} - Executing DefaultCommit{index=17, session=RaftSession{RaftServiceContext{server=1, type=io.atomix.protocols.raft.RaftTest$TestPrimitiveType@5051ea1e, name=raft-test, id=2}, session=2, timestamp=2018-06-11 10:08:04,646}, time=2018-06-11 10:08:04,646, operation=DefaultOperationId{id=write, type=COMMAND}, value=byte[]{length=17, hash=1297078671}}
10:08:04.806 [raft-server-1-state] TRACE i.a.protocols.raft.roles.LeaderRole - RaftServer{1}{role=LEADER} - Sending CommandResponse{status=OK, index=17, eventIndex=2, result=byte[]{length=2, hash=1274}}
10:08:04.806 [raft-client-995c025b-ba21-4dd3-828a-0c3e52b0447e-4] TRACE i.a.p.r.s.impl.RaftSessionConnection - SessionClient{2}{type=io.atomix.protocols.raft.RaftTest$TestPrimitiveType@6b321262, name=raft-test} - Received CommandResponse{status=OK, index=17, eventIndex=2, result=byte[]{length=2, hash=1274}} from 1
10:08:04.806 [raft-client-995c025b-ba21-4dd3-828a-0c3e52b0447e-4] TRACE i.a.p.r.s.impl.RaftSessionSequencer - SessionClient{2}{type=io.atomix.protocols.raft.RaftTest$TestPrimitiveType@6b321262, name=raft-test} - Completing response CommandResponse{status=OK, index=17, eventIndex=2, result=byte[]{length=2, hash=1274}}
10:08:04.806 [raft-client-995c025b-ba21-4dd3-828a-0c3e52b0447e-5] TRACE i.a.p.r.s.impl.RaftSessionConnection - SessionClient{2}{type=io.atomix.protocols.raft.RaftTest$TestPrimitiveType@6b321262, name=raft-test} - Sending CommandRequest{session=2, sequence=14, operation=PrimitiveOperation{id=DefaultOperationId{id=write, type=COMMAND}, value=byte[]{length=17, hash=1297078671}}} to 1
10:08:04.807 [raft-server-1] TRACE i.a.protocols.raft.roles.LeaderRole - RaftServer{1}{role=LEADER} - Received CommandRequest{session=2, sequence=14, operation=PrimitiveOperation{id=DefaultOperationId{id=write, type=COMMAND}, value=byte[]{length=17, hash=1297078671}}}
10:08:04.807 [raft-server-1] TRACE i.a.protocols.raft.roles.LeaderRole - RaftServer{1}{role=LEADER} - Appended Indexed{index=18, entry=CommandEntry{term=1, timestamp=2018-06-11 10:08:04,807, session=2, sequence=14, operation=PrimitiveOperation{id=DefaultOperationId{id=write, type=COMMAND}, value=byte[]{length=17, hash=1297078671}}}}
10:08:04.807 [raft-server-1] TRACE i.a.p.raft.roles.LeaderAppender - RaftServer{1} - Sending AppendRequest{term=1, leader=1, prevLogIndex=17, prevLogTerm=1, entries=1, commitIndex=17} to 2
10:08:04.807 [raft-server-2] TRACE i.a.p.raft.roles.FollowerRole - RaftServer{2}{role=FOLLOWER} - Received AppendRequest{term=1, leader=1, prevLogIndex=17, prevLogTerm=1, entries=1, commitIndex=17}
10:08:04.807 [raft-server-1] TRACE i.a.p.raft.roles.LeaderAppender - RaftServer{1} - Sending AppendRequest{term=1, leader=1, prevLogIndex=17, prevLogTerm=1, entries=1, commitIndex=17} to 3
10:08:04.807 [raft-server-3] TRACE i.a.p.raft.roles.FollowerRole - RaftServer{3}{role=FOLLOWER} - Received AppendRequest{term=1, leader=1, prevLogIndex=17, prevLogTerm=1, entries=1, commitIndex=17}
10:08:04.807 [raft-server-2] TRACE i.a.p.raft.roles.FollowerRole - RaftServer{2}{role=FOLLOWER} - Appended Indexed{index=18, entry=CommandEntry{term=1, timestamp=2018-06-11 10:08:04,807, session=2, sequence=14, operation=PrimitiveOperation{id=DefaultOperationId{id=write, type=COMMAND}, value=byte[]{length=17, hash=1297078671}}}}
10:08:04.807 [raft-server-3] TRACE i.a.p.raft.roles.FollowerRole - RaftServer{3}{role=FOLLOWER} - Appended Indexed{index=18, entry=CommandEntry{term=1, timestamp=2018-06-11 10:08:04,807, session=2, sequence=14, operation=PrimitiveOperation{id=DefaultOperationId{id=write, type=COMMAND}, value=byte[]{length=17, hash=1297078671}}}}
10:08:04.865 [raft-server-2] TRACE i.a.p.raft.roles.FollowerRole - RaftServer{2}{role=FOLLOWER} - Committed entries up to index 17
10:08:04.865 [raft-server-3] TRACE i.a.p.raft.roles.FollowerRole - RaftServer{3}{role=FOLLOWER} - Committed entries up to index 17
10:08:04.865 [raft-server-2] TRACE i.a.p.raft.roles.FollowerRole - RaftServer{2}{role=FOLLOWER} - Sending AppendResponse{status=OK, term=1, succeeded=true, lastLogIndex=18}
10:08:04.865 [raft-server-3] TRACE i.a.p.raft.roles.FollowerRole - RaftServer{3}{role=FOLLOWER} - Sending AppendResponse{status=OK, term=1, succeeded=true, lastLogIndex=18}
10:08:04.865 [raft-server-1] TRACE i.a.p.raft.roles.LeaderAppender - RaftServer{1} - Received AppendResponse{status=OK, term=1, succeeded=true, lastLogIndex=18} from 2
10:08:04.865 [raft-server-1] TRACE i.a.p.raft.roles.LeaderAppender - RaftServer{1} - Committed entries up to 18
10:08:04.865 [raft-server-3-state] TRACE i.a.p.raft.impl.RaftServiceManager - RaftServer{3} - Applying Indexed{index=17, entry=CommandEntry{term=1, timestamp=2018-06-11 10:08:04,646, session=2, sequence=13, operation=PrimitiveOperation{id=DefaultOperationId{id=write, type=COMMAND}, value=byte[]{length=17, hash=1297078671}}}}
10:08:04.865 [raft-server-2-state] TRACE i.a.p.raft.impl.RaftServiceManager - RaftServer{2} - Applying Indexed{index=17, entry=CommandEntry{term=1, timestamp=2018-06-11 10:08:04,646, session=2, sequence=13, operation=PrimitiveOperation{id=DefaultOperationId{id=write, type=COMMAND}, value=byte[]{length=17, hash=1297078671}}}}
10:08:04.865 [raft-server-2-state] TRACE i.a.p.s.impl.DefaultServiceExecutor - PrimitiveService{2}{type=io.atomix.protocols.raft.RaftTest$TestPrimitiveType@25c42b8f, name=raft-test} - Executing DefaultCommit{index=17, session=RaftSession{RaftServiceContext{server=2, type=io.atomix.protocols.raft.RaftTest$TestPrimitiveType@25c42b8f, name=raft-test, id=2}, session=2, timestamp=2018-06-11 10:08:04,646}, time=2018-06-11 10:08:04,646, operation=DefaultOperationId{id=write, type=COMMAND}, value=byte[]{length=17, hash=1297078671}}
10:08:04.865 [raft-server-3-state] TRACE i.a.p.s.impl.DefaultServiceExecutor - PrimitiveService{2}{type=io.atomix.protocols.raft.RaftTest$TestPrimitiveType@5b77a59f, name=raft-test} - Executing DefaultCommit{index=17, session=RaftSession{RaftServiceContext{server=3, type=io.atomix.protocols.raft.RaftTest$TestPrimitiveType@5b77a59f, name=raft-test, id=2}, session=2, timestamp=2018-06-11 10:08:04,646}, time=2018-06-11 10:08:04,646, operation=DefaultOperationId{id=write, type=COMMAND}, value=byte[]{length=17, hash=1297078671}}
10:08:04.914 [raft-server-1] TRACE i.a.p.raft.roles.LeaderAppender - RaftServer{1} - Sending AppendRequest{term=1, leader=1, prevLogIndex=18, prevLogTerm=1, entries=0, commitIndex=18} to 2
10:08:04.914 [raft-server-1] TRACE i.a.p.raft.roles.LeaderAppender - RaftServer{1} - Received AppendResponse{status=OK, term=1, succeeded=true, lastLogIndex=18} from 3
10:08:04.914 [raft-server-2] TRACE i.a.p.raft.roles.FollowerRole - RaftServer{2}{role=FOLLOWER} - Received AppendRequest{term=1, leader=1, prevLogIndex=18, prevLogTerm=1, entries=0, commitIndex=18}
10:08:04.914 [raft-server-1] TRACE i.a.p.raft.roles.LeaderAppender - RaftServer{1} - Sending AppendRequest{term=1, leader=1, prevLogIndex=18, prevLogTerm=1, entries=0, commitIndex=18} to 3
10:08:04.914 [raft-server-3] TRACE i.a.p.raft.roles.FollowerRole - RaftServer{3}{role=FOLLOWER} - Received AppendRequest{term=1, leader=1, prevLogIndex=18, prevLogTerm=1, entries=0, commitIndex=18}
10:08:04.914 [raft-server-3] TRACE i.a.p.raft.roles.FollowerRole - RaftServer{3}{role=FOLLOWER} - Committed entries up to index 18
10:08:04.914 [raft-server-3] TRACE i.a.p.raft.roles.FollowerRole - RaftServer{3}{role=FOLLOWER} - Sending AppendResponse{status=OK, term=1, succeeded=true, lastLogIndex=18}
10:08:04.914 [raft-server-1-state] TRACE i.a.p.raft.impl.RaftServiceManager - RaftServer{1} - Applying Indexed{index=18, entry=CommandEntry{term=1, timestamp=2018-06-11 10:08:04,807, session=2, sequence=14, operation=PrimitiveOperation{id=DefaultOperationId{id=write, type=COMMAND}, value=byte[]{length=17, hash=1297078671}}}}
10:08:04.914 [raft-server-1-state] TRACE i.a.p.s.impl.DefaultServiceExecutor - PrimitiveService{2}{type=io.atomix.protocols.raft.RaftTest$TestPrimitiveType@5051ea1e, name=raft-test} - Executing DefaultCommit{index=18, session=RaftSession{RaftServiceContext{server=1, type=io.atomix.protocols.raft.RaftTest$TestPrimitiveType@5051ea1e, name=raft-test, id=2}, session=2, timestamp=2018-06-11 10:08:04,807}, time=2018-06-11 10:08:04,807, operation=DefaultOperationId{id=write, type=COMMAND}, value=byte[]{length=17, hash=1297078671}}
10:08:04.914 [raft-server-3-state] TRACE i.a.p.raft.impl.RaftServiceManager - RaftServer{3} - Applying Indexed{index=18, entry=CommandEntry{term=1, timestamp=2018-06-11 10:08:04,807, session=2, sequence=14, operation=PrimitiveOperation{id=DefaultOperationId{id=write, type=COMMAND}, value=byte[]{length=17, hash=1297078671}}}}
10:08:04.914 [raft-server-3-state] TRACE i.a.p.s.impl.DefaultServiceExecutor - PrimitiveService{2}{type=io.atomix.protocols.raft.RaftTest$TestPrimitiveType@5b77a59f, name=raft-test} - Executing DefaultCommit{index=18, session=RaftSession{RaftServiceContext{server=3, type=io.atomix.protocols.raft.RaftTest$TestPrimitiveType@5b77a59f, name=raft-test, id=2}, session=2, timestamp=2018-06-11 10:08:04,807}, time=2018-06-11 10:08:04,807, operation=DefaultOperationId{id=write, type=COMMAND}, value=byte[]{length=17, hash=1297078671}}
10:08:04.915 [raft-server-1] TRACE i.a.protocols.raft.roles.LeaderRole - RaftServer{1}{role=LEADER} - Sending CommandResponse{status=OK, index=18, eventIndex=2, result=byte[]{length=2, hash=1276}}
10:08:04.915 [raft-server-1] TRACE i.a.p.raft.roles.LeaderAppender - RaftServer{1} - Received AppendResponse{status=OK, term=1, succeeded=true, lastLogIndex=18} from 3
10:08:04.915 [raft-client-995c025b-ba21-4dd3-828a-0c3e52b0447e-7] TRACE i.a.p.r.s.impl.RaftSessionConnection - SessionClient{2}{type=io.atomix.protocols.raft.RaftTest$TestPrimitiveType@6b321262, name=raft-test} - Received CommandResponse{status=OK, index=18, eventIndex=2, result=byte[]{length=2, hash=1276}} from 1
10:08:04.915 [raft-client-995c025b-ba21-4dd3-828a-0c3e52b0447e-7] TRACE i.a.p.r.s.impl.RaftSessionSequencer - SessionClient{2}{type=io.atomix.protocols.raft.RaftTest$TestPrimitiveType@6b321262, name=raft-test} - Completing response CommandResponse{status=OK, index=18, eventIndex=2, result=byte[]{length=2, hash=1276}}
10:08:04.915 [raft-client-995c025b-ba21-4dd3-828a-0c3e52b0447e-4] TRACE i.a.p.r.s.impl.RaftSessionConnection - SessionClient{2}{type=io.atomix.protocols.raft.RaftTest$TestPrimitiveType@6b321262, name=raft-test} - Sending CommandRequest{session=2, sequence=15, operation=PrimitiveOperation{id=DefaultOperationId{id=write, type=COMMAND}, value=byte[]{length=17, hash=1297078671}}} to 1
10:08:04.915 [raft-server-1] TRACE i.a.protocols.raft.roles.LeaderRole - RaftServer{1}{role=LEADER} - Received CommandRequest{session=2, sequence=15, operation=PrimitiveOperation{id=DefaultOperationId{id=write, type=COMMAND}, value=byte[]{length=17, hash=1297078671}}}
10:08:04.915 [raft-server-1] TRACE i.a.protocols.raft.roles.LeaderRole - RaftServer{1}{role=LEADER} - Appended Indexed{index=19, entry=CommandEntry{term=1, timestamp=2018-06-11 10:08:04,915, session=2, sequence=15, operation=PrimitiveOperation{id=DefaultOperationId{id=write, type=COMMAND}, value=byte[]{length=17, hash=1297078671}}}}
10:08:04.915 [raft-server-1] TRACE i.a.p.raft.roles.LeaderAppender - RaftServer{1} - Sending AppendRequest{term=1, leader=1, prevLogIndex=18, prevLogTerm=1, entries=1, commitIndex=18} to 3
10:08:04.915 [raft-server-3] TRACE i.a.p.raft.roles.FollowerRole - RaftServer{3}{role=FOLLOWER} - Received AppendRequest{term=1, leader=1, prevLogIndex=18, prevLogTerm=1, entries=1, commitIndex=18}
10:08:04.915 [raft-server-3] TRACE i.a.p.raft.roles.FollowerRole - RaftServer{3}{role=FOLLOWER} - Appended Indexed{index=19, entry=CommandEntry{term=1, timestamp=2018-06-11 10:08:04,915, session=2, sequence=15, operation=PrimitiveOperation{id=DefaultOperationId{id=write, type=COMMAND}, value=byte[]{length=17, hash=1297078671}}}}
10:08:04.915 [raft-server-3] TRACE i.a.p.raft.roles.FollowerRole - RaftServer{3}{role=FOLLOWER} - Sending AppendResponse{status=OK, term=1, succeeded=true, lastLogIndex=19}
10:08:04.915 [raft-server-1] TRACE i.a.p.raft.roles.LeaderAppender - RaftServer{1} - Received AppendResponse{status=OK, term=1, succeeded=true, lastLogIndex=19} from 3
10:08:04.915 [raft-server-1] TRACE i.a.p.raft.roles.LeaderAppender - RaftServer{1} - Committed entries up to 19
10:08:04.939 [raft-server-2] TRACE i.a.p.raft.roles.FollowerRole - RaftServer{2}{role=FOLLOWER} - Committed entries up to index 18
10:08:04.939 [raft-server-2] TRACE i.a.p.raft.roles.FollowerRole - RaftServer{2}{role=FOLLOWER} - Sending AppendResponse{status=OK, term=1, succeeded=true, lastLogIndex=18}
10:08:04.939 [raft-server-2-state] TRACE i.a.p.raft.impl.RaftServiceManager - RaftServer{2} - Applying Indexed{index=18, entry=CommandEntry{term=1, timestamp=2018-06-11 10:08:04,807, session=2, sequence=14, operation=PrimitiveOperation{id=DefaultOperationId{id=write, type=COMMAND}, value=byte[]{length=17, hash=1297078671}}}}
10:08:04.939 [raft-server-2-state] TRACE i.a.p.s.impl.DefaultServiceExecutor - PrimitiveService{2}{type=io.atomix.protocols.raft.RaftTest$TestPrimitiveType@25c42b8f, name=raft-test} - Executing DefaultCommit{index=18, session=RaftSession{RaftServiceContext{server=2, type=io.atomix.protocols.raft.RaftTest$TestPrimitiveType@25c42b8f, name=raft-test, id=2}, session=2, timestamp=2018-06-11 10:08:04,807}, time=2018-06-11 10:08:04,807, operation=DefaultOperationId{id=write, type=COMMAND}, value=byte[]{length=17, hash=1297078671}}
10:08:04.962 [raft-server-1] TRACE i.a.p.raft.roles.LeaderAppender - RaftServer{1} - Received AppendResponse{status=OK, term=1, succeeded=true, lastLogIndex=18} from 2
10:08:04.962 [raft-server-1] TRACE i.a.p.raft.roles.LeaderAppender - RaftServer{1} - Sending AppendRequest{term=1, leader=1, prevLogIndex=18, prevLogTerm=1, entries=1, commitIndex=19} to 2
10:08:04.962 [raft-server-2] TRACE i.a.p.raft.roles.FollowerRole - RaftServer{2}{role=FOLLOWER} - Received AppendRequest{term=1, leader=1, prevLogIndex=18, prevLogTerm=1, entries=1, commitIndex=19}
10:08:04.962 [raft-server-1-state] TRACE i.a.p.raft.impl.RaftServiceManager - RaftServer{1} - Applying Indexed{index=19, entry=CommandEntry{term=1, timestamp=2018-06-11 10:08:04,915, session=2, sequence=15, operation=PrimitiveOperation{id=DefaultOperationId{id=write, type=COMMAND}, value=byte[]{length=17, hash=1297078671}}}}
10:08:04.962 [raft-server-1-state] TRACE i.a.p.s.impl.DefaultServiceExecutor - PrimitiveService{2}{type=io.atomix.protocols.raft.RaftTest$TestPrimitiveType@5051ea1e, name=raft-test} - Executing DefaultCommit{index=19, session=RaftSession{RaftServiceContext{server=1, type=io.atomix.protocols.raft.RaftTest$TestPrimitiveType@5051ea1e, name=raft-test, id=2}, session=2, timestamp=2018-06-11 10:08:04,915}, time=2018-06-11 10:08:04,915, operation=DefaultOperationId{id=write, type=COMMAND}, value=byte[]{length=17, hash=1297078671}}
10:08:04.962 [raft-server-2] TRACE i.a.p.raft.roles.FollowerRole - RaftServer{2}{role=FOLLOWER} - Appended Indexed{index=19, entry=CommandEntry{term=1, timestamp=2018-06-11 10:08:04,915, session=2, sequence=15, operation=PrimitiveOperation{id=DefaultOperationId{id=write, type=COMMAND}, value=byte[]{length=17, hash=1297078671}}}}
10:08:04.962 [raft-server-1-state] TRACE i.a.protocols.raft.roles.LeaderRole - RaftServer{1}{role=LEADER} - Sending CommandResponse{status=OK, index=19, eventIndex=2, result=byte[]{length=2, hash=1278}}
10:08:04.962 [raft-client-995c025b-ba21-4dd3-828a-0c3e52b0447e-5] TRACE i.a.p.r.s.impl.RaftSessionConnection - SessionClient{2}{type=io.atomix.protocols.raft.RaftTest$TestPrimitiveType@6b321262, name=raft-test} - Received CommandResponse{status=OK, index=19, eventIndex=2, result=byte[]{length=2, hash=1278}} from 1
10:08:04.962 [raft-client-995c025b-ba21-4dd3-828a-0c3e52b0447e-5] TRACE i.a.p.r.s.impl.RaftSessionSequencer - SessionClient{2}{type=io.atomix.protocols.raft.RaftTest$TestPrimitiveType@6b321262, name=raft-test} - Completing response CommandResponse{status=OK, index=19, eventIndex=2, result=byte[]{length=2, hash=1278}}
10:08:04.962 [raft-client-995c025b-ba21-4dd3-828a-0c3e52b0447e-3] TRACE i.a.p.r.s.impl.RaftSessionConnection - SessionClient{2}{type=io.atomix.protocols.raft.RaftTest$TestPrimitiveType@6b321262, name=raft-test} - Sending CommandRequest{session=2, sequence=16, operation=PrimitiveOperation{id=DefaultOperationId{id=write, type=COMMAND}, value=byte[]{length=17, hash=1297078671}}} to 1
10:08:04.962 [raft-server-1] TRACE i.a.protocols.raft.roles.LeaderRole - RaftServer{1}{role=LEADER} - Received CommandRequest{session=2, sequence=16, operation=PrimitiveOperation{id=DefaultOperationId{id=write, type=COMMAND}, value=byte[]{length=17, hash=1297078671}}}
10:08:04.962 [raft-server-1] TRACE i.a.protocols.raft.roles.LeaderRole - RaftServer{1}{role=LEADER} - Appended Indexed{index=20, entry=CommandEntry{term=1, timestamp=2018-06-11 10:08:04,962, session=2, sequence=16, operation=PrimitiveOperation{id=DefaultOperationId{id=write, type=COMMAND}, value=byte[]{length=17, hash=1297078671}}}}
10:08:04.963 [raft-server-1] TRACE i.a.p.raft.roles.LeaderAppender - RaftServer{1} - Sending AppendRequest{term=1, leader=1, prevLogIndex=19, prevLogTerm=1, entries=1, commitIndex=19} to 3
10:08:04.963 [raft-server-3] TRACE i.a.p.raft.roles.FollowerRole - RaftServer{3}{role=FOLLOWER} - Received AppendRequest{term=1, leader=1, prevLogIndex=19, prevLogTerm=1, entries=1, commitIndex=19}
10:08:04.963 [raft-server-3] TRACE i.a.p.raft.roles.FollowerRole - RaftServer{3}{role=FOLLOWER} - Appended Indexed{index=20, entry=CommandEntry{term=1, timestamp=2018-06-11 10:08:04,962, session=2, sequence=16, operation=PrimitiveOperation{id=DefaultOperationId{id=write, type=COMMAND}, value=byte[]{length=17, hash=1297078671}}}}
10:08:05.006 [raft-server-2] TRACE i.a.p.raft.roles.FollowerRole - RaftServer{2}{role=FOLLOWER} - Committed entries up to index 19
10:08:05.006 [raft-server-2] TRACE i.a.p.raft.roles.FollowerRole - RaftServer{2}{role=FOLLOWER} - Sending AppendResponse{status=OK, term=1, succeeded=true, lastLogIndex=19}
10:08:05.006 [raft-server-1] TRACE i.a.p.raft.roles.LeaderAppender - RaftServer{1} - Received AppendResponse{status=OK, term=1, succeeded=true, lastLogIndex=19} from 2
10:08:05.006 [raft-server-2-state] TRACE i.a.p.raft.impl.RaftServiceManager - RaftServer{2} - Applying Indexed{index=19, entry=CommandEntry{term=1, timestamp=2018-06-11 10:08:04,915, session=2, sequence=15, operation=PrimitiveOperation{id=DefaultOperationId{id=write, type=COMMAND}, value=byte[]{length=17, hash=1297078671}}}}
10:08:05.007 [raft-server-1] TRACE i.a.p.raft.roles.LeaderAppender - RaftServer{1} - Sending AppendRequest{term=1, leader=1, prevLogIndex=19, prevLogTerm=1, entries=1, commitIndex=19} to 2
10:08:05.007 [raft-server-2] TRACE i.a.p.raft.roles.FollowerRole - RaftServer{2}{role=FOLLOWER} - Received AppendRequest{term=1, leader=1, prevLogIndex=19, prevLogTerm=1, entries=1, commitIndex=19}
10:08:05.007 [raft-server-2-state] TRACE i.a.p.s.impl.DefaultServiceExecutor - PrimitiveService{2}{type=io.atomix.protocols.raft.RaftTest$TestPrimitiveType@25c42b8f, name=raft-test} - Executing DefaultCommit{index=19, session=RaftSession{RaftServiceContext{server=2, type=io.atomix.protocols.raft.RaftTest$TestPrimitiveType@25c42b8f, name=raft-test, id=2}, session=2, timestamp=2018-06-11 10:08:04,915}, time=2018-06-11 10:08:04,915, operation=DefaultOperationId{id=write, type=COMMAND}, value=byte[]{length=17, hash=1297078671}}
10:08:05.007 [raft-server-2] TRACE i.a.p.raft.roles.FollowerRole - RaftServer{2}{role=FOLLOWER} - Appended Indexed{index=20, entry=CommandEntry{term=1, timestamp=2018-06-11 10:08:04,962, session=2, sequence=16, operation=PrimitiveOperation{id=DefaultOperationId{id=write, type=COMMAND}, value=byte[]{length=17, hash=1297078671}}}}
10:08:05.007 [raft-server-2] TRACE i.a.p.raft.roles.FollowerRole - RaftServer{2}{role=FOLLOWER} - Sending AppendResponse{status=OK, term=1, succeeded=true, lastLogIndex=20}
10:08:05.007 [raft-server-1] TRACE i.a.p.raft.roles.LeaderAppender - RaftServer{1} - Received AppendResponse{status=OK, term=1, succeeded=true, lastLogIndex=20} from 2
10:08:05.007 [raft-server-1] TRACE i.a.p.raft.roles.LeaderAppender - RaftServer{1} - Committed entries up to 20
10:08:05.062 [raft-server-3] TRACE i.a.p.raft.roles.FollowerRole - RaftServer{3}{role=FOLLOWER} - Committed entries up to index 19
10:08:05.062 [raft-server-3] TRACE i.a.p.raft.roles.FollowerRole - RaftServer{3}{role=FOLLOWER} - Sending AppendResponse{status=OK, term=1, succeeded=true, lastLogIndex=20}
10:08:05.062 [raft-server-3-state] TRACE i.a.p.raft.impl.RaftServiceManager - RaftServer{3} - Applying Indexed{index=19, entry=CommandEntry{term=1, timestamp=2018-06-11 10:08:04,915, session=2, sequence=15, operation=PrimitiveOperation{id=DefaultOperationId{id=write, type=COMMAND}, value=byte[]{length=17, hash=1297078671}}}}
10:08:05.062 [raft-server-3-state] TRACE i.a.p.s.impl.DefaultServiceExecutor - PrimitiveService{2}{type=io.atomix.protocols.raft.RaftTest$TestPrimitiveType@5b77a59f, name=raft-test} - Executing DefaultCommit{index=19, session=RaftSession{RaftServiceContext{server=3, type=io.atomix.protocols.raft.RaftTest$TestPrimitiveType@5b77a59f, name=raft-test, id=2}, session=2, timestamp=2018-06-11 10:08:04,915}, time=2018-06-11 10:08:04,915, operation=DefaultOperationId{id=write, type=COMMAND}, value=byte[]{length=17, hash=1297078671}}
10:08:05.103 [raft-server-1] TRACE i.a.p.raft.roles.LeaderAppender - RaftServer{1} - Received AppendResponse{status=OK, term=1, succeeded=true, lastLogIndex=20} from 3
10:08:05.103 [raft-server-1] TRACE i.a.p.raft.roles.LeaderAppender - RaftServer{1} - Sending AppendRequest{term=1, leader=1, prevLogIndex=20, prevLogTerm=1, entries=0, commitIndex=20} to 2
10:08:05.103 [raft-server-1] TRACE i.a.p.raft.roles.LeaderAppender - RaftServer{1} - Sending AppendRequest{term=1, leader=1, prevLogIndex=20, prevLogTerm=1, entries=0, commitIndex=20} to 3
10:08:05.103 [raft-server-2] TRACE i.a.p.raft.roles.FollowerRole - RaftServer{2}{role=FOLLOWER} - Received AppendRequest{term=1, leader=1, prevLogIndex=20, prevLogTerm=1, entries=0, commitIndex=20}
10:08:05.103 [raft-server-3] TRACE i.a.p.raft.roles.FollowerRole - RaftServer{3}{role=FOLLOWER} - Received AppendRequest{term=1, leader=1, prevLogIndex=20, prevLogTerm=1, entries=0, commitIndex=20}
10:08:05.104 [raft-server-3] TRACE i.a.p.raft.roles.FollowerRole - RaftServer{3}{role=FOLLOWER} - Committed entries up to index 20
10:08:05.104 [raft-server-3] TRACE i.a.p.raft.roles.FollowerRole - RaftServer{3}{role=FOLLOWER} - Sending AppendResponse{status=OK, term=1, succeeded=true, lastLogIndex=20}
10:08:05.103 [raft-server-1-state] TRACE i.a.p.raft.impl.RaftServiceManager - RaftServer{1} - Applying Indexed{index=20, entry=CommandEntry{term=1, timestamp=2018-06-11 10:08:04,962, session=2, sequence=16, operation=PrimitiveOperation{id=DefaultOperationId{id=write, type=COMMAND}, value=byte[]{length=17, hash=1297078671}}}}
10:08:05.104 [raft-server-1] TRACE i.a.p.raft.roles.LeaderAppender - RaftServer{1} - Received AppendResponse{status=OK, term=1, succeeded=true, lastLogIndex=20} from 3
10:08:05.104 [raft-server-3-state] TRACE i.a.p.raft.impl.RaftServiceManager - RaftServer{3} - Applying Indexed{index=20, entry=CommandEntry{term=1, timestamp=2018-06-11 10:08:04,962, session=2, sequence=16, operation=PrimitiveOperation{id=DefaultOperationId{id=write, type=COMMAND}, value=byte[]{length=17, hash=1297078671}}}}
10:08:05.104 [raft-server-1] TRACE i.a.p.raft.roles.LeaderAppender - RaftServer{1} - Sending AppendRequest{term=1, leader=1, prevLogIndex=20, prevLogTerm=1, entries=0, commitIndex=20} to 3
10:08:05.104 [raft-server-1-state] TRACE i.a.p.s.impl.DefaultServiceExecutor - PrimitiveService{2}{type=io.atomix.protocols.raft.RaftTest$TestPrimitiveType@5051ea1e, name=raft-test} - Executing DefaultCommit{index=20, session=RaftSession{RaftServiceContext{server=1, type=io.atomix.protocols.raft.RaftTest$TestPrimitiveType@5051ea1e, name=raft-test, id=2}, session=2, timestamp=2018-06-11 10:08:04,962}, time=2018-06-11 10:08:04,962, operation=DefaultOperationId{id=write, type=COMMAND}, value=byte[]{length=17, hash=1297078671}}
10:08:05.104 [raft-server-3-state] TRACE i.a.p.s.impl.DefaultServiceExecutor - PrimitiveService{2}{type=io.atomix.protocols.raft.RaftTest$TestPrimitiveType@5b77a59f, name=raft-test} - Executing DefaultCommit{index=20, session=RaftSession{RaftServiceContext{server=3, type=io.atomix.protocols.raft.RaftTest$TestPrimitiveType@5b77a59f, name=raft-test, id=2}, session=2, timestamp=2018-06-11 10:08:04,962}, time=2018-06-11 10:08:04,962, operation=DefaultOperationId{id=write, type=COMMAND}, value=byte[]{length=17, hash=1297078671}}
10:08:05.104 [raft-server-3] TRACE i.a.p.raft.roles.FollowerRole - RaftServer{3}{role=FOLLOWER} - Received AppendRequest{term=1, leader=1, prevLogIndex=20, prevLogTerm=1, entries=0, commitIndex=20}
10:08:05.104 [raft-server-3] TRACE i.a.p.raft.roles.FollowerRole - RaftServer{3}{role=FOLLOWER} - Sending AppendResponse{status=OK, term=1, succeeded=true, lastLogIndex=20}
10:08:05.104 [raft-server-1-state] TRACE i.a.protocols.raft.roles.LeaderRole - RaftServer{1}{role=LEADER} - Sending CommandResponse{status=OK, index=20, eventIndex=2, result=byte[]{length=2, hash=1280}}
10:08:05.104 [raft-server-1] TRACE i.a.p.raft.roles.LeaderAppender - RaftServer{1} - Received AppendResponse{status=OK, term=1, succeeded=true, lastLogIndex=20} from 3
10:08:05.104 [raft-client-995c025b-ba21-4dd3-828a-0c3e52b0447e-7] TRACE i.a.p.r.s.impl.RaftSessionConnection - SessionClient{2}{type=io.atomix.protocols.raft.RaftTest$TestPrimitiveType@6b321262, name=raft-test} - Received CommandResponse{status=OK, index=20, eventIndex=2, result=byte[]{length=2, hash=1280}} from 1
10:08:05.104 [raft-client-995c025b-ba21-4dd3-828a-0c3e52b0447e-7] TRACE i.a.p.r.s.impl.RaftSessionSequencer - SessionClient{2}{type=io.atomix.protocols.raft.RaftTest$TestPrimitiveType@6b321262, name=raft-test} - Completing response CommandResponse{status=OK, index=20, eventIndex=2, result=byte[]{length=2, hash=1280}}
10:08:05.104 [raft-client-995c025b-ba21-4dd3-828a-0c3e52b0447e-0] TRACE i.a.p.r.s.impl.RaftSessionConnection - SessionClient{2}{type=io.atomix.protocols.raft.RaftTest$TestPrimitiveType@6b321262, name=raft-test} - Sending CommandRequest{session=2, sequence=17, operation=PrimitiveOperation{id=DefaultOperationId{id=write, type=COMMAND}, value=byte[]{length=17, hash=1297078671}}} to 1
10:08:05.104 [raft-server-1] TRACE i.a.protocols.raft.roles.LeaderRole - RaftServer{1}{role=LEADER} - Received CommandRequest{session=2, sequence=17, operation=PrimitiveOperation{id=DefaultOperationId{id=write, type=COMMAND}, value=byte[]{length=17, hash=1297078671}}}
10:08:05.137 [raft-server-2] TRACE i.a.p.raft.roles.FollowerRole - RaftServer{2}{role=FOLLOWER} - Committed entries up to index 20
10:08:05.137 [raft-server-2] TRACE i.a.p.raft.roles.FollowerRole - RaftServer{2}{role=FOLLOWER} - Sending AppendResponse{status=OK, term=1, succeeded=true, lastLogIndex=20}
10:08:05.137 [raft-server-2-state] TRACE i.a.p.raft.impl.RaftServiceManager - RaftServer{2} - Applying Indexed{index=20, entry=CommandEntry{term=1, timestamp=2018-06-11 10:08:04,962, session=2, sequence=16, operation=PrimitiveOperation{id=DefaultOperationId{id=write, type=COMMAND}, value=byte[]{length=17, hash=1297078671}}}}
10:08:05.137 [raft-server-2-state] TRACE i.a.p.s.impl.DefaultServiceExecutor - PrimitiveService{2}{type=io.atomix.protocols.raft.RaftTest$TestPrimitiveType@25c42b8f, name=raft-test} - Executing DefaultCommit{index=20, session=RaftSession{RaftServiceContext{server=2, type=io.atomix.protocols.raft.RaftTest$TestPrimitiveType@25c42b8f, name=raft-test, id=2}, session=2, timestamp=2018-06-11 10:08:04,962}, time=2018-06-11 10:08:04,962, operation=DefaultOperationId{id=write, type=COMMAND}, value=byte[]{length=17, hash=1297078671}}
10:08:05.189 [raft-server-1] DEBUG i.a.storage.journal.SegmentedJournal - Created disk segment: JournalSegment{id=3, version=1, index=21, size=64}
10:08:05.189 [raft-server-1] TRACE i.a.protocols.raft.roles.LeaderRole - RaftServer{1}{role=LEADER} - Appended Indexed{index=21, entry=CommandEntry{term=1, timestamp=2018-06-11 10:08:05,104, session=2, sequence=17, operation=PrimitiveOperation{id=DefaultOperationId{id=write, type=COMMAND}, value=byte[]{length=17, hash=1297078671}}}}
10:08:05.189 [raft-server-1] TRACE i.a.p.raft.roles.LeaderAppender - RaftServer{1} - Received AppendResponse{status=OK, term=1, succeeded=true, lastLogIndex=20} from 2
10:08:05.189 [raft-server-1] TRACE i.a.p.raft.roles.LeaderAppender - RaftServer{1} - Sending AppendRequest{term=1, leader=1, prevLogIndex=20, prevLogTerm=1, entries=1, commitIndex=20} to 2
10:08:05.189 [raft-server-2] TRACE i.a.p.raft.roles.FollowerRole - RaftServer{2}{role=FOLLOWER} - Received AppendRequest{term=1, leader=1, prevLogIndex=20, prevLogTerm=1, entries=1, commitIndex=20}
10:08:05.189 [raft-server-1] TRACE i.a.p.raft.roles.LeaderAppender - RaftServer{1} - Sending AppendRequest{term=1, leader=1, prevLogIndex=20, prevLogTerm=1, entries=1, commitIndex=20} to 3
10:08:05.189 [raft-server-3] TRACE i.a.p.raft.roles.FollowerRole - RaftServer{3}{role=FOLLOWER} - Received AppendRequest{term=1, leader=1, prevLogIndex=20, prevLogTerm=1, entries=1, commitIndex=20}
10:08:05.247 [raft-server-2] DEBUG i.a.storage.journal.SegmentedJournal - Created disk segment: JournalSegment{id=3, version=1, index=21, size=64}
10:08:05.247 [raft-server-3] DEBUG i.a.storage.journal.SegmentedJournal - Created disk segment: JournalSegment{id=3, version=1, index=21, size=64}
10:08:05.247 [raft-server-2] TRACE i.a.p.raft.roles.FollowerRole - RaftServer{2}{role=FOLLOWER} - Appended Indexed{index=21, entry=CommandEntry{term=1, timestamp=2018-06-11 10:08:05,104, session=2, sequence=17, operation=PrimitiveOperation{id=DefaultOperationId{id=write, type=COMMAND}, value=byte[]{length=17, hash=1297078671}}}}
10:08:05.248 [raft-server-3] TRACE i.a.p.raft.roles.FollowerRole - RaftServer{3}{role=FOLLOWER} - Appended Indexed{index=21, entry=CommandEntry{term=1, timestamp=2018-06-11 10:08:05,104, session=2, sequence=17, operation=PrimitiveOperation{id=DefaultOperationId{id=write, type=COMMAND}, value=byte[]{length=17, hash=1297078671}}}}
10:08:05.248 [raft-server-2] TRACE i.a.p.raft.roles.FollowerRole - RaftServer{2}{role=FOLLOWER} - Sending AppendResponse{status=OK, term=1, succeeded=true, lastLogIndex=21}
10:08:05.248 [raft-server-3] TRACE i.a.p.raft.roles.FollowerRole - RaftServer{3}{role=FOLLOWER} - Sending AppendResponse{status=OK, term=1, succeeded=true, lastLogIndex=21}
10:08:05.248 [raft-server-1] TRACE i.a.p.raft.roles.LeaderAppender - RaftServer{1} - Received AppendResponse{status=OK, term=1, succeeded=true, lastLogIndex=21} from 2
10:08:05.248 [raft-server-1] TRACE i.a.p.raft.roles.LeaderAppender - RaftServer{1} - Committed entries up to 21
10:08:05.281 [raft-server-1] TRACE i.a.p.raft.roles.LeaderAppender - RaftServer{1} - Received AppendResponse{status=OK, term=1, succeeded=true, lastLogIndex=21} from 3
10:08:05.281 [raft-server-1-state] TRACE i.a.p.raft.impl.RaftServiceManager - RaftServer{1} - Applying Indexed{index=21, entry=CommandEntry{term=1, timestamp=2018-06-11 10:08:05,104, session=2, sequence=17, operation=PrimitiveOperation{id=DefaultOperationId{id=write, type=COMMAND}, value=byte[]{length=17, hash=1297078671}}}}
10:08:05.281 [raft-server-1-state] TRACE i.a.p.s.impl.DefaultServiceExecutor - PrimitiveService{2}{type=io.atomix.protocols.raft.RaftTest$TestPrimitiveType@5051ea1e, name=raft-test} - Executing DefaultCommit{index=21, session=RaftSession{RaftServiceContext{server=1, type=io.atomix.protocols.raft.RaftTest$TestPrimitiveType@5051ea1e, name=raft-test, id=2}, session=2, timestamp=2018-06-11 10:08:05,104}, time=2018-06-11 10:08:05,104, operation=DefaultOperationId{id=write, type=COMMAND}, value=byte[]{length=17, hash=1297078671}}
10:08:05.281 [raft-server-1-state] TRACE i.a.protocols.raft.roles.LeaderRole - RaftServer{1}{role=LEADER} - Sending CommandResponse{status=OK, index=21, eventIndex=2, result=byte[]{length=2, hash=1282}}
10:08:05.281 [raft-client-995c025b-ba21-4dd3-828a-0c3e52b0447e-2] TRACE i.a.p.r.s.impl.RaftSessionConnection - SessionClient{2}{type=io.atomix.protocols.raft.RaftTest$TestPrimitiveType@6b321262, name=raft-test} - Received CommandResponse{status=OK, index=21, eventIndex=2, result=byte[]{length=2, hash=1282}} from 1
10:08:05.281 [raft-client-995c025b-ba21-4dd3-828a-0c3e52b0447e-2] TRACE i.a.p.r.s.impl.RaftSessionSequencer - SessionClient{2}{type=io.atomix.protocols.raft.RaftTest$TestPrimitiveType@6b321262, name=raft-test} - Completing response CommandResponse{status=OK, index=21, eventIndex=2, result=byte[]{length=2, hash=1282}}
10:08:05.281 [raft-client-995c025b-ba21-4dd3-828a-0c3e52b0447e-2] TRACE i.a.p.r.s.impl.RaftSessionConnection - SessionClient{2}{type=io.atomix.protocols.raft.RaftTest$TestPrimitiveType@6b321262, name=raft-test} - Sending CommandRequest{session=2, sequence=18, operation=PrimitiveOperation{id=DefaultOperationId{id=write, type=COMMAND}, value=byte[]{length=17, hash=1297078671}}} to 1
10:08:05.282 [raft-server-1] TRACE i.a.protocols.raft.roles.LeaderRole - RaftServer{1}{role=LEADER} - Received CommandRequest{session=2, sequence=18, operation=PrimitiveOperation{id=DefaultOperationId{id=write, type=COMMAND}, value=byte[]{length=17, hash=1297078671}}}
10:08:05.282 [raft-server-1] TRACE i.a.protocols.raft.roles.LeaderRole - RaftServer{1}{role=LEADER} - Appended Indexed{index=22, entry=CommandEntry{term=1, timestamp=2018-06-11 10:08:05,282, session=2, sequence=18, operation=PrimitiveOperation{id=DefaultOperationId{id=write, type=COMMAND}, value=byte[]{length=17, hash=1297078671}}}}
10:08:05.282 [raft-server-1] TRACE i.a.p.raft.roles.LeaderAppender - RaftServer{1} - Sending AppendRequest{term=1, leader=1, prevLogIndex=21, prevLogTerm=1, entries=1, commitIndex=21} to 2
10:08:05.282 [raft-server-2] TRACE i.a.p.raft.roles.FollowerRole - RaftServer{2}{role=FOLLOWER} - Received AppendRequest{term=1, leader=1, prevLogIndex=21, prevLogTerm=1, entries=1, commitIndex=21}
10:08:05.282 [raft-server-1] TRACE i.a.p.raft.roles.LeaderAppender - RaftServer{1} - Sending AppendRequest{term=1, leader=1, prevLogIndex=21, prevLogTerm=1, entries=1, commitIndex=21} to 3
10:08:05.282 [raft-server-3] TRACE i.a.p.raft.roles.FollowerRole - RaftServer{3}{role=FOLLOWER} - Received AppendRequest{term=1, leader=1, prevLogIndex=21, prevLogTerm=1, entries=1, commitIndex=21}
10:08:05.282 [raft-server-2] TRACE i.a.p.raft.roles.FollowerRole - RaftServer{2}{role=FOLLOWER} - Appended Indexed{index=22, entry=CommandEntry{term=1, timestamp=2018-06-11 10:08:05,282, session=2, sequence=18, operation=PrimitiveOperation{id=DefaultOperationId{id=write, type=COMMAND}, value=byte[]{length=17, hash=1297078671}}}}
10:08:05.282 [raft-server-3] TRACE i.a.p.raft.roles.FollowerRole - RaftServer{3}{role=FOLLOWER} - Appended Indexed{index=22, entry=CommandEntry{term=1, timestamp=2018-06-11 10:08:05,282, session=2, sequence=18, operation=PrimitiveOperation{id=DefaultOperationId{id=write, type=COMMAND}, value=byte[]{length=17, hash=1297078671}}}}
10:08:05.314 [raft-server-2] TRACE i.a.p.raft.roles.FollowerRole - RaftServer{2}{role=FOLLOWER} - Committed entries up to index 21
10:08:05.314 [raft-server-2] TRACE i.a.p.raft.roles.FollowerRole - RaftServer{2}{role=FOLLOWER} - Sending AppendResponse{status=OK, term=1, succeeded=true, lastLogIndex=22}
10:08:05.314 [raft-server-1] TRACE i.a.p.raft.roles.LeaderAppender - RaftServer{1} - Received AppendResponse{status=OK, term=1, succeeded=true, lastLogIndex=22} from 2
10:08:05.314 [raft-server-3] TRACE i.a.p.raft.roles.FollowerRole - RaftServer{3}{role=FOLLOWER} - Committed entries up to index 21
10:08:05.314 [raft-server-1] TRACE i.a.p.raft.roles.LeaderAppender - RaftServer{1} - Committed entries up to 22
10:08:05.314 [raft-server-2-state] TRACE i.a.p.raft.impl.RaftServiceManager - RaftServer{2} - Applying Indexed{index=21, entry=CommandEntry{term=1, timestamp=2018-06-11 10:08:05,104, session=2, sequence=17, operation=PrimitiveOperation{id=DefaultOperationId{id=write, type=COMMAND}, value=byte[]{length=17, hash=1297078671}}}}
10:08:05.314 [raft-server-3] TRACE i.a.p.raft.roles.FollowerRole - RaftServer{3}{role=FOLLOWER} - Sending AppendResponse{status=OK, term=1, succeeded=true, lastLogIndex=22}
10:08:05.314 [raft-server-2-state] TRACE i.a.p.s.impl.DefaultServiceExecutor - PrimitiveService{2}{type=io.atomix.protocols.raft.RaftTest$TestPrimitiveType@25c42b8f, name=raft-test} - Executing DefaultCommit{index=21, session=RaftSession{RaftServiceContext{server=2, type=io.atomix.protocols.raft.RaftTest$TestPrimitiveType@25c42b8f, name=raft-test, id=2}, session=2, timestamp=2018-06-11 10:08:05,104}, time=2018-06-11 10:08:05,104, operation=DefaultOperationId{id=write, type=COMMAND}, value=byte[]{length=17, hash=1297078671}}
10:08:05.314 [raft-server-3-state] TRACE i.a.p.raft.impl.RaftServiceManager - RaftServer{3} - Applying Indexed{index=21, entry=CommandEntry{term=1, timestamp=2018-06-11 10:08:05,104, session=2, sequence=17, operation=PrimitiveOperation{id=DefaultOperationId{id=write, type=COMMAND}, value=byte[]{length=17, hash=1297078671}}}}
10:08:05.314 [raft-server-3-state] TRACE i.a.p.s.impl.DefaultServiceExecutor - PrimitiveService{2}{type=io.atomix.protocols.raft.RaftTest$TestPrimitiveType@5b77a59f, name=raft-test} - Executing DefaultCommit{index=21, session=RaftSession{RaftServiceContext{server=3, type=io.atomix.protocols.raft.RaftTest$TestPrimitiveType@5b77a59f, name=raft-test, id=2}, session=2, timestamp=2018-06-11 10:08:05,104}, time=2018-06-11 10:08:05,104, operation=DefaultOperationId{id=write, type=COMMAND}, value=byte[]{length=17, hash=1297078671}}
10:08:05.339 [raft-server-1] TRACE i.a.p.raft.roles.LeaderAppender - RaftServer{1} - Received AppendResponse{status=OK, term=1, succeeded=true, lastLogIndex=22} from 3
10:08:05.339 [raft-server-1] TRACE i.a.p.raft.roles.LeaderAppender - RaftServer{1} - Sending AppendRequest{term=1, leader=1, prevLogIndex=22, prevLogTerm=1, entries=0, commitIndex=22} to 2
10:08:05.339 [raft-server-1] TRACE i.a.p.raft.roles.LeaderAppender - RaftServer{1} - Sending AppendRequest{term=1, leader=1, prevLogIndex=22, prevLogTerm=1, entries=0, commitIndex=22} to 3
10:08:05.339 [raft-server-3] TRACE i.a.p.raft.roles.FollowerRole - RaftServer{3}{role=FOLLOWER} - Received AppendRequest{term=1, leader=1, prevLogIndex=22, prevLogTerm=1, entries=0, commitIndex=22}
10:08:05.339 [raft-server-2] TRACE i.a.p.raft.roles.FollowerRole - RaftServer{2}{role=FOLLOWER} - Received AppendRequest{term=1, leader=1, prevLogIndex=22, prevLogTerm=1, entries=0, commitIndex=22}
10:08:05.339 [raft-server-3] TRACE i.a.p.raft.roles.FollowerRole - RaftServer{3}{role=FOLLOWER} - Committed entries up to index 22
10:08:05.339 [raft-server-1-state] TRACE i.a.p.raft.impl.RaftServiceManager - RaftServer{1} - Applying Indexed{index=22, entry=CommandEntry{term=1, timestamp=2018-06-11 10:08:05,282, session=2, sequence=18, operation=PrimitiveOperation{id=DefaultOperationId{id=write, type=COMMAND}, value=byte[]{length=17, hash=1297078671}}}}
10:08:05.339 [raft-server-3] TRACE i.a.p.raft.roles.FollowerRole - RaftServer{3}{role=FOLLOWER} - Sending AppendResponse{status=OK, term=1, succeeded=true, lastLogIndex=22}
10:08:05.339 [raft-server-1-state] TRACE i.a.p.s.impl.DefaultServiceExecutor - PrimitiveService{2}{type=io.atomix.protocols.raft.RaftTest$TestPrimitiveType@5051ea1e, name=raft-test} - Executing DefaultCommit{index=22, session=RaftSession{RaftServiceContext{server=1, type=io.atomix.protocols.raft.RaftTest$TestPrimitiveType@5051ea1e, name=raft-test, id=2}, session=2, timestamp=2018-06-11 10:08:05,282}, time=2018-06-11 10:08:05,282, operation=DefaultOperationId{id=write, type=COMMAND}, value=byte[]{length=17, hash=1297078671}}
10:08:05.339 [raft-server-1] TRACE i.a.p.raft.roles.LeaderAppender - RaftServer{1} - Received AppendResponse{status=OK, term=1, succeeded=true, lastLogIndex=22} from 3
10:08:05.339 [raft-server-3-state] TRACE i.a.p.raft.impl.RaftServiceManager - RaftServer{3} - Applying Indexed{index=22, entry=CommandEntry{term=1, timestamp=2018-06-11 10:08:05,282, session=2, sequence=18, operation=PrimitiveOperation{id=DefaultOperationId{id=write, type=COMMAND}, value=byte[]{length=17, hash=1297078671}}}}
10:08:05.339 [raft-server-1-state] TRACE i.a.protocols.raft.roles.LeaderRole - RaftServer{1}{role=LEADER} - Sending CommandResponse{status=OK, index=22, eventIndex=2, result=byte[]{length=2, hash=1284}}
10:08:05.339 [raft-server-1] TRACE i.a.p.raft.roles.LeaderAppender - RaftServer{1} - Sending AppendRequest{term=1, leader=1, prevLogIndex=22, prevLogTerm=1, entries=0, commitIndex=22} to 3
10:08:05.339 [raft-server-3-state] TRACE i.a.p.s.impl.DefaultServiceExecutor - PrimitiveService{2}{type=io.atomix.protocols.raft.RaftTest$TestPrimitiveType@5b77a59f, name=raft-test} - Executing DefaultCommit{index=22, session=RaftSession{RaftServiceContext{server=3, type=io.atomix.protocols.raft.RaftTest$TestPrimitiveType@5b77a59f, name=raft-test, id=2}, session=2, timestamp=2018-06-11 10:08:05,282}, time=2018-06-11 10:08:05,282, operation=DefaultOperationId{id=write, type=COMMAND}, value=byte[]{length=17, hash=1297078671}}
10:08:05.340 [raft-client-995c025b-ba21-4dd3-828a-0c3e52b0447e-5] TRACE i.a.p.r.s.impl.RaftSessionConnection - SessionClient{2}{type=io.atomix.protocols.raft.RaftTest$TestPrimitiveType@6b321262, name=raft-test} - Received CommandResponse{status=OK, index=22, eventIndex=2, result=byte[]{length=2, hash=1284}} from 1
10:08:05.340 [raft-client-995c025b-ba21-4dd3-828a-0c3e52b0447e-5] TRACE i.a.p.r.s.impl.RaftSessionSequencer - SessionClient{2}{type=io.atomix.protocols.raft.RaftTest$TestPrimitiveType@6b321262, name=raft-test} - Completing response CommandResponse{status=OK, index=22, eventIndex=2, result=byte[]{length=2, hash=1284}}
10:08:05.340 [raft-server-3] TRACE i.a.p.raft.roles.FollowerRole - RaftServer{3}{role=FOLLOWER} - Received AppendRequest{term=1, leader=1, prevLogIndex=22, prevLogTerm=1, entries=0, commitIndex=22}
10:08:05.340 [raft-server-3] TRACE i.a.p.raft.roles.FollowerRole - RaftServer{3}{role=FOLLOWER} - Sending AppendResponse{status=OK, term=1, succeeded=true, lastLogIndex=22}
10:08:05.340 [raft-server-1] TRACE i.a.p.raft.roles.LeaderAppender - RaftServer{1} - Received AppendResponse{status=OK, term=1, succeeded=true, lastLogIndex=22} from 3
10:08:05.340 [raft-client-995c025b-ba21-4dd3-828a-0c3e52b0447e-6] TRACE i.a.p.r.s.impl.RaftSessionConnection - SessionClient{2}{type=io.atomix.protocols.raft.RaftTest$TestPrimitiveType@6b321262, name=raft-test} - Sending CommandRequest{session=2, sequence=19, operation=PrimitiveOperation{id=DefaultOperationId{id=write, type=COMMAND}, value=byte[]{length=17, hash=1297078671}}} to 1
10:08:05.340 [raft-server-1] TRACE i.a.p.raft.roles.LeaderAppender - RaftServer{1} - Sending AppendRequest{term=1, leader=1, prevLogIndex=22, prevLogTerm=1, entries=0, commitIndex=22} to 3
10:08:05.340 [raft-server-3] TRACE i.a.p.raft.roles.FollowerRole - RaftServer{3}{role=FOLLOWER} - Received AppendRequest{term=1, leader=1, prevLogIndex=22, prevLogTerm=1, entries=0, commitIndex=22}
10:08:05.340 [raft-server-1] TRACE i.a.protocols.raft.roles.LeaderRole - RaftServer{1}{role=LEADER} - Received CommandRequest{session=2, sequence=19, operation=PrimitiveOperation{id=DefaultOperationId{id=write, type=COMMAND}, value=byte[]{length=17, hash=1297078671}}}
10:08:05.341 [raft-server-3] TRACE i.a.p.raft.roles.FollowerRole - RaftServer{3}{role=FOLLOWER} - Sending AppendResponse{status=OK, term=1, succeeded=true, lastLogIndex=22}
10:08:05.341 [raft-server-1] TRACE i.a.protocols.raft.roles.LeaderRole - RaftServer{1}{role=LEADER} - Appended Indexed{index=23, entry=CommandEntry{term=1, timestamp=2018-06-11 10:08:05,341, session=2, sequence=19, operation=PrimitiveOperation{id=DefaultOperationId{id=write, type=COMMAND}, value=byte[]{length=17, hash=1297078671}}}}
10:08:05.341 [raft-server-1] TRACE i.a.p.raft.roles.LeaderAppender - RaftServer{1} - Received AppendResponse{status=OK, term=1, succeeded=true, lastLogIndex=22} from 3
10:08:05.341 [raft-server-1] TRACE i.a.p.raft.roles.LeaderAppender - RaftServer{1} - Sending AppendRequest{term=1, leader=1, prevLogIndex=22, prevLogTerm=1, entries=1, commitIndex=22} to 3
10:08:05.341 [raft-server-3] TRACE i.a.p.raft.roles.FollowerRole - RaftServer{3}{role=FOLLOWER} - Received AppendRequest{term=1, leader=1, prevLogIndex=22, prevLogTerm=1, entries=1, commitIndex=22}
10:08:05.341 [raft-server-3] TRACE i.a.p.raft.roles.FollowerRole - RaftServer{3}{role=FOLLOWER} - Appended Indexed{index=23, entry=CommandEntry{term=1, timestamp=2018-06-11 10:08:05,341, session=2, sequence=19, operation=PrimitiveOperation{id=DefaultOperationId{id=write, type=COMMAND}, value=byte[]{length=17, hash=1297078671}}}}
10:08:05.341 [raft-server-3] TRACE i.a.p.raft.roles.FollowerRole - RaftServer{3}{role=FOLLOWER} - Sending AppendResponse{status=OK, term=1, succeeded=true, lastLogIndex=23}
10:08:05.341 [raft-server-1] TRACE i.a.p.raft.roles.LeaderAppender - RaftServer{1} - Received AppendResponse{status=OK, term=1, succeeded=true, lastLogIndex=23} from 3
10:08:05.342 [raft-server-1] TRACE i.a.p.raft.roles.LeaderAppender - RaftServer{1} - Committed entries up to 23
10:08:05.364 [raft-server-2] TRACE i.a.p.raft.roles.FollowerRole - RaftServer{2}{role=FOLLOWER} - Committed entries up to index 22
10:08:05.364 [raft-server-2] TRACE i.a.p.raft.roles.FollowerRole - RaftServer{2}{role=FOLLOWER} - Sending AppendResponse{status=OK, term=1, succeeded=true, lastLogIndex=22}
10:08:05.365 [raft-server-2-state] TRACE i.a.p.raft.impl.RaftServiceManager - RaftServer{2} - Applying Indexed{index=22, entry=CommandEntry{term=1, timestamp=2018-06-11 10:08:05,282, session=2, sequence=18, operation=PrimitiveOperation{id=DefaultOperationId{id=write, type=COMMAND}, value=byte[]{length=17, hash=1297078671}}}}
10:08:05.365 [raft-server-2-state] TRACE i.a.p.s.impl.DefaultServiceExecutor - PrimitiveService{2}{type=io.atomix.protocols.raft.RaftTest$TestPrimitiveType@25c42b8f, name=raft-test} - Executing DefaultCommit{index=22, session=RaftSession{RaftServiceContext{server=2, type=io.atomix.protocols.raft.RaftTest$TestPrimitiveType@25c42b8f, name=raft-test, id=2}, session=2, timestamp=2018-06-11 10:08:05,282}, time=2018-06-11 10:08:05,282, operation=DefaultOperationId{id=write, type=COMMAND}, value=byte[]{length=17, hash=1297078671}}
10:08:05.381 [raft-server-1] TRACE i.a.p.raft.roles.LeaderAppender - RaftServer{1} - Received AppendResponse{status=OK, term=1, succeeded=true, lastLogIndex=22} from 2
10:08:05.381 [raft-server-1] TRACE i.a.p.raft.roles.LeaderAppender - RaftServer{1} - Sending AppendRequest{term=1, leader=1, prevLogIndex=22, prevLogTerm=1, entries=1, commitIndex=23} to 2
10:08:05.381 [raft-server-2] TRACE i.a.p.raft.roles.FollowerRole - RaftServer{2}{role=FOLLOWER} - Received AppendRequest{term=1, leader=1, prevLogIndex=22, prevLogTerm=1, entries=1, commitIndex=23}
10:08:05.381 [raft-server-1-state] TRACE i.a.p.raft.impl.RaftServiceManager - RaftServer{1} - Applying Indexed{index=23, entry=CommandEntry{term=1, timestamp=2018-06-11 10:08:05,341, session=2, sequence=19, operation=PrimitiveOperation{id=DefaultOperationId{id=write, type=COMMAND}, value=byte[]{length=17, hash=1297078671}}}}
10:08:05.381 [raft-server-1-state] TRACE i.a.p.s.impl.DefaultServiceExecutor - PrimitiveService{2}{type=io.atomix.protocols.raft.RaftTest$TestPrimitiveType@5051ea1e, name=raft-test} - Executing DefaultCommit{index=23, session=RaftSession{RaftServiceContext{server=1, type=io.atomix.protocols.raft.RaftTest$TestPrimitiveType@5051ea1e, name=raft-test, id=2}, session=2, timestamp=2018-06-11 10:08:05,341}, time=2018-06-11 10:08:05,341, operation=DefaultOperationId{id=write, type=COMMAND}, value=byte[]{length=17, hash=1297078671}}
10:08:05.381 [raft-server-2] TRACE i.a.p.raft.roles.FollowerRole - RaftServer{2}{role=FOLLOWER} - Appended Indexed{index=23, entry=CommandEntry{term=1, timestamp=2018-06-11 10:08:05,341, session=2, sequence=19, operation=PrimitiveOperation{id=DefaultOperationId{id=write, type=COMMAND}, value=byte[]{length=17, hash=1297078671}}}}
10:08:05.381 [raft-server-1-state] TRACE i.a.protocols.raft.roles.LeaderRole - RaftServer{1}{role=LEADER} - Sending CommandResponse{status=OK, index=23, eventIndex=2, result=byte[]{length=2, hash=1286}}
10:08:05.381 [raft-client-995c025b-ba21-4dd3-828a-0c3e52b0447e-7] TRACE i.a.p.r.s.impl.RaftSessionConnection - SessionClient{2}{type=io.atomix.protocols.raft.RaftTest$TestPrimitiveType@6b321262, name=raft-test} - Received CommandResponse{status=OK, index=23, eventIndex=2, result=byte[]{length=2, hash=1286}} from 1
10:08:05.381 [raft-client-995c025b-ba21-4dd3-828a-0c3e52b0447e-7] TRACE i.a.p.r.s.impl.RaftSessionSequencer - SessionClient{2}{type=io.atomix.protocols.raft.RaftTest$TestPrimitiveType@6b321262, name=raft-test} - Completing response CommandResponse{status=OK, index=23, eventIndex=2, result=byte[]{length=2, hash=1286}}
10:08:05.381 [raft-client-995c025b-ba21-4dd3-828a-0c3e52b0447e-4] TRACE i.a.p.r.s.impl.RaftSessionConnection - SessionClient{2}{type=io.atomix.protocols.raft.RaftTest$TestPrimitiveType@6b321262, name=raft-test} - Sending CommandRequest{session=2, sequence=20, operation=PrimitiveOperation{id=DefaultOperationId{id=write, type=COMMAND}, value=byte[]{length=17, hash=1297078671}}} to 1
10:08:05.381 [raft-server-1] TRACE i.a.protocols.raft.roles.LeaderRole - RaftServer{1}{role=LEADER} - Received CommandRequest{session=2, sequence=20, operation=PrimitiveOperation{id=DefaultOperationId{id=write, type=COMMAND}, value=byte[]{length=17, hash=1297078671}}}
10:08:05.382 [raft-server-1] TRACE i.a.protocols.raft.roles.LeaderRole - RaftServer{1}{role=LEADER} - Appended Indexed{index=24, entry=CommandEntry{term=1, timestamp=2018-06-11 10:08:05,381, session=2, sequence=20, operation=PrimitiveOperation{id=DefaultOperationId{id=write, type=COMMAND}, value=byte[]{length=17, hash=1297078671}}}}
10:08:05.382 [raft-server-1] TRACE i.a.p.raft.roles.LeaderAppender - RaftServer{1} - Sending AppendRequest{term=1, leader=1, prevLogIndex=23, prevLogTerm=1, entries=1, commitIndex=23} to 3
10:08:05.382 [raft-server-3] TRACE i.a.p.raft.roles.FollowerRole - RaftServer{3}{role=FOLLOWER} - Received AppendRequest{term=1, leader=1, prevLogIndex=23, prevLogTerm=1, entries=1, commitIndex=23}
10:08:05.382 [raft-server-3] TRACE i.a.p.raft.roles.FollowerRole - RaftServer{3}{role=FOLLOWER} - Appended Indexed{index=24, entry=CommandEntry{term=1, timestamp=2018-06-11 10:08:05,381, session=2, sequence=20, operation=PrimitiveOperation{id=DefaultOperationId{id=write, type=COMMAND}, value=byte[]{length=17, hash=1297078671}}}}
10:08:05.414 [raft-server-2] TRACE i.a.p.raft.roles.FollowerRole - RaftServer{2}{role=FOLLOWER} - Committed entries up to index 23
10:08:05.414 [raft-server-2] TRACE i.a.p.raft.roles.FollowerRole - RaftServer{2}{role=FOLLOWER} - Sending AppendResponse{status=OK, term=1, succeeded=true, lastLogIndex=23}
10:08:05.414 [raft-server-1] TRACE i.a.p.raft.roles.LeaderAppender - RaftServer{1} - Received AppendResponse{status=OK, term=1, succeeded=true, lastLogIndex=23} from 2
10:08:05.415 [raft-server-1] TRACE i.a.p.raft.roles.LeaderAppender - RaftServer{1} - Sending AppendRequest{term=1, leader=1, prevLogIndex=23, prevLogTerm=1, entries=1, commitIndex=23} to 2
10:08:05.415 [raft-server-2-state] TRACE i.a.p.raft.impl.RaftServiceManager - RaftServer{2} - Applying Indexed{index=23, entry=CommandEntry{term=1, timestamp=2018-06-11 10:08:05,341, session=2, sequence=19, operation=PrimitiveOperation{id=DefaultOperationId{id=write, type=COMMAND}, value=byte[]{length=17, hash=1297078671}}}}
10:08:05.415 [raft-server-2] TRACE i.a.p.raft.roles.FollowerRole - RaftServer{2}{role=FOLLOWER} - Received AppendRequest{term=1, leader=1, prevLogIndex=23, prevLogTerm=1, entries=1, commitIndex=23}
10:08:05.415 [raft-server-2-state] TRACE i.a.p.s.impl.DefaultServiceExecutor - PrimitiveService{2}{type=io.atomix.protocols.raft.RaftTest$TestPrimitiveType@25c42b8f, name=raft-test} - Executing DefaultCommit{index=23, session=RaftSession{RaftServiceContext{server=2, type=io.atomix.protocols.raft.RaftTest$TestPrimitiveType@25c42b8f, name=raft-test, id=2}, session=2, timestamp=2018-06-11 10:08:05,341}, time=2018-06-11 10:08:05,341, operation=DefaultOperationId{id=write, type=COMMAND}, value=byte[]{length=17, hash=1297078671}}
10:08:05.415 [raft-server-2] TRACE i.a.p.raft.roles.FollowerRole - RaftServer{2}{role=FOLLOWER} - Appended Indexed{index=24, entry=CommandEntry{term=1, timestamp=2018-06-11 10:08:05,381, session=2, sequence=20, operation=PrimitiveOperation{id=DefaultOperationId{id=write, type=COMMAND}, value=byte[]{length=17, hash=1297078671}}}}
10:08:05.415 [raft-server-2] TRACE i.a.p.raft.roles.FollowerRole - RaftServer{2}{role=FOLLOWER} - Sending AppendResponse{status=OK, term=1, succeeded=true, lastLogIndex=24}
10:08:05.415 [raft-server-1] TRACE i.a.p.raft.roles.LeaderAppender - RaftServer{1} - Received AppendResponse{status=OK, term=1, succeeded=true, lastLogIndex=24} from 2
10:08:05.415 [raft-server-1] TRACE i.a.p.raft.roles.LeaderAppender - RaftServer{1} - Committed entries up to 24
10:08:05.439 [raft-server-3] TRACE i.a.p.raft.roles.FollowerRole - RaftServer{3}{role=FOLLOWER} - Committed entries up to index 23
10:08:05.439 [raft-server-3] TRACE i.a.p.raft.roles.FollowerRole - RaftServer{3}{role=FOLLOWER} - Sending AppendResponse{status=OK, term=1, succeeded=true, lastLogIndex=24}
10:08:05.439 [raft-server-3-state] TRACE i.a.p.raft.impl.RaftServiceManager - RaftServer{3} - Applying Indexed{index=23, entry=CommandEntry{term=1, timestamp=2018-06-11 10:08:05,341, session=2, sequence=19, operation=PrimitiveOperation{id=DefaultOperationId{id=write, type=COMMAND}, value=byte[]{length=17, hash=1297078671}}}}
10:08:05.439 [raft-server-3-state] TRACE i.a.p.s.impl.DefaultServiceExecutor - PrimitiveService{2}{type=io.atomix.protocols.raft.RaftTest$TestPrimitiveType@5b77a59f, name=raft-test} - Executing DefaultCommit{index=23, session=RaftSession{RaftServiceContext{server=3, type=io.atomix.protocols.raft.RaftTest$TestPrimitiveType@5b77a59f, name=raft-test, id=2}, session=2, timestamp=2018-06-11 10:08:05,341}, time=2018-06-11 10:08:05,341, operation=DefaultOperationId{id=write, type=COMMAND}, value=byte[]{length=17, hash=1297078671}}
10:08:05.462 [raft-server-1] TRACE i.a.p.raft.roles.LeaderAppender - RaftServer{1} - Received AppendResponse{status=OK, term=1, succeeded=true, lastLogIndex=24} from 3
10:08:05.462 [raft-server-1-state] TRACE i.a.p.raft.impl.RaftServiceManager - RaftServer{1} - Applying Indexed{index=24, entry=CommandEntry{term=1, timestamp=2018-06-11 10:08:05,381, session=2, sequence=20, operation=PrimitiveOperation{id=DefaultOperationId{id=write, type=COMMAND}, value=byte[]{length=17, hash=1297078671}}}}
10:08:05.462 [raft-server-1-state] TRACE i.a.p.s.impl.DefaultServiceExecutor - PrimitiveService{2}{type=io.atomix.protocols.raft.RaftTest$TestPrimitiveType@5051ea1e, name=raft-test} - Executing DefaultCommit{index=24, session=RaftSession{RaftServiceContext{server=1, type=io.atomix.protocols.raft.RaftTest$TestPrimitiveType@5051ea1e, name=raft-test, id=2}, session=2, timestamp=2018-06-11 10:08:05,381}, time=2018-06-11 10:08:05,381, operation=DefaultOperationId{id=write, type=COMMAND}, value=byte[]{length=17, hash=1297078671}}
10:08:05.462 [raft-server-1-state] TRACE i.a.protocols.raft.roles.LeaderRole - RaftServer{1}{role=LEADER} - Sending CommandResponse{status=OK, index=24, eventIndex=2, result=byte[]{length=2, hash=1288}}
10:08:05.462 [raft-client-995c025b-ba21-4dd3-828a-0c3e52b0447e-5] TRACE i.a.p.r.s.impl.RaftSessionConnection - SessionClient{2}{type=io.atomix.protocols.raft.RaftTest$TestPrimitiveType@6b321262, name=raft-test} - Received CommandResponse{status=OK, index=24, eventIndex=2, result=byte[]{length=2, hash=1288}} from 1
10:08:05.462 [raft-client-995c025b-ba21-4dd3-828a-0c3e52b0447e-5] TRACE i.a.p.r.s.impl.RaftSessionSequencer - SessionClient{2}{type=io.atomix.protocols.raft.RaftTest$TestPrimitiveType@6b321262, name=raft-test} - Completing response CommandResponse{status=OK, index=24, eventIndex=2, result=byte[]{length=2, hash=1288}}
10:08:05.462 [raft-client-995c025b-ba21-4dd3-828a-0c3e52b0447e-3] TRACE i.a.p.r.s.impl.RaftSessionConnection - SessionClient{2}{type=io.atomix.protocols.raft.RaftTest$TestPrimitiveType@6b321262, name=raft-test} - Sending CommandRequest{session=2, sequence=21, operation=PrimitiveOperation{id=DefaultOperationId{id=write, type=COMMAND}, value=byte[]{length=17, hash=1297078671}}} to 1
10:08:05.462 [raft-server-1] TRACE i.a.protocols.raft.roles.LeaderRole - RaftServer{1}{role=LEADER} - Received CommandRequest{session=2, sequence=21, operation=PrimitiveOperation{id=DefaultOperationId{id=write, type=COMMAND}, value=byte[]{length=17, hash=1297078671}}}
10:08:05.462 [raft-server-1] TRACE i.a.protocols.raft.roles.LeaderRole - RaftServer{1}{role=LEADER} - Appended Indexed{index=25, entry=CommandEntry{term=1, timestamp=2018-06-11 10:08:05,462, session=2, sequence=21, operation=PrimitiveOperation{id=DefaultOperationId{id=write, type=COMMAND}, value=byte[]{length=17, hash=1297078671}}}}
10:08:05.462 [raft-server-1] TRACE i.a.p.raft.roles.LeaderAppender - RaftServer{1} - Sending AppendRequest{term=1, leader=1, prevLogIndex=24, prevLogTerm=1, entries=1, commitIndex=24} to 2
10:08:05.463 [raft-server-2] TRACE i.a.p.raft.roles.FollowerRole - RaftServer{2}{role=FOLLOWER} - Received AppendRequest{term=1, leader=1, prevLogIndex=24, prevLogTerm=1, entries=1, commitIndex=24}
10:08:05.463 [raft-server-1] TRACE i.a.p.raft.roles.LeaderAppender - RaftServer{1} - Sending AppendRequest{term=1, leader=1, prevLogIndex=24, prevLogTerm=1, entries=1, commitIndex=24} to 3
10:08:05.463 [raft-server-3] TRACE i.a.p.raft.roles.FollowerRole - RaftServer{3}{role=FOLLOWER} - Received AppendRequest{term=1, leader=1, prevLogIndex=24, prevLogTerm=1, entries=1, commitIndex=24}
10:08:05.463 [raft-server-2] TRACE i.a.p.raft.roles.FollowerRole - RaftServer{2}{role=FOLLOWER} - Appended Indexed{index=25, entry=CommandEntry{term=1, timestamp=2018-06-11 10:08:05,462, session=2, sequence=21, operation=PrimitiveOperation{id=DefaultOperationId{id=write, type=COMMAND}, value=byte[]{length=17, hash=1297078671}}}}
10:08:05.463 [raft-server-3] TRACE i.a.p.raft.roles.FollowerRole - RaftServer{3}{role=FOLLOWER} - Appended Indexed{index=25, entry=CommandEntry{term=1, timestamp=2018-06-11 10:08:05,462, session=2, sequence=21, operation=PrimitiveOperation{id=DefaultOperationId{id=write, type=COMMAND}, value=byte[]{length=17, hash=1297078671}}}}
10:08:05.489 [raft-server-2] TRACE i.a.p.raft.roles.FollowerRole - RaftServer{2}{role=FOLLOWER} - Committed entries up to index 24
10:08:05.489 [raft-server-3] TRACE i.a.p.raft.roles.FollowerRole - RaftServer{3}{role=FOLLOWER} - Committed entries up to index 24
10:08:05.489 [raft-server-2] TRACE i.a.p.raft.roles.FollowerRole - RaftServer{2}{role=FOLLOWER} - Sending AppendResponse{status=OK, term=1, succeeded=true, lastLogIndex=25}
10:08:05.489 [raft-server-3] TRACE i.a.p.raft.roles.FollowerRole - RaftServer{3}{role=FOLLOWER} - Sending AppendResponse{status=OK, term=1, succeeded=true, lastLogIndex=25}
10:08:05.489 [raft-server-1] TRACE i.a.p.raft.roles.LeaderAppender - RaftServer{1} - Received AppendResponse{status=OK, term=1, succeeded=true, lastLogIndex=25} from 2
10:08:05.489 [raft-server-1] TRACE i.a.p.raft.roles.LeaderAppender - RaftServer{1} - Committed entries up to 25
10:08:05.489 [raft-server-3-state] TRACE i.a.p.raft.impl.RaftServiceManager - RaftServer{3} - Applying Indexed{index=24, entry=CommandEntry{term=1, timestamp=2018-06-11 10:08:05,381, session=2, sequence=20, operation=PrimitiveOperation{id=DefaultOperationId{id=write, type=COMMAND}, value=byte[]{length=17, hash=1297078671}}}}
10:08:05.489 [raft-server-2-state] TRACE i.a.p.raft.impl.RaftServiceManager - RaftServer{2} - Applying Indexed{index=24, entry=CommandEntry{term=1, timestamp=2018-06-11 10:08:05,381, session=2, sequence=20, operation=PrimitiveOperation{id=DefaultOperationId{id=write, type=COMMAND}, value=byte[]{length=17, hash=1297078671}}}}
10:08:05.489 [raft-server-3-state] TRACE i.a.p.s.impl.DefaultServiceExecutor - PrimitiveService{2}{type=io.atomix.protocols.raft.RaftTest$TestPrimitiveType@5b77a59f, name=raft-test} - Executing DefaultCommit{index=24, session=RaftSession{RaftServiceContext{server=3, type=io.atomix.protocols.raft.RaftTest$TestPrimitiveType@5b77a59f, name=raft-test, id=2}, session=2, timestamp=2018-06-11 10:08:05,381}, time=2018-06-11 10:08:05,381, operation=DefaultOperationId{id=write, type=COMMAND}, value=byte[]{length=17, hash=1297078671}}
10:08:05.489 [raft-server-2-state] TRACE i.a.p.s.impl.DefaultServiceExecutor - PrimitiveService{2}{type=io.atomix.protocols.raft.RaftTest$TestPrimitiveType@25c42b8f, name=raft-test} - Executing DefaultCommit{index=24, session=RaftSession{RaftServiceContext{server=2, type=io.atomix.protocols.raft.RaftTest$TestPrimitiveType@25c42b8f, name=raft-test, id=2}, session=2, timestamp=2018-06-11 10:08:05,381}, time=2018-06-11 10:08:05,381, operation=DefaultOperationId{id=write, type=COMMAND}, value=byte[]{length=17, hash=1297078671}}
10:08:05.514 [raft-server-1] TRACE i.a.p.raft.roles.LeaderAppender - RaftServer{1} - Received AppendResponse{status=OK, term=1, succeeded=true, lastLogIndex=25} from 3
10:08:05.514 [raft-server-1-state] TRACE i.a.p.raft.impl.RaftServiceManager - RaftServer{1} - Applying Indexed{index=25, entry=CommandEntry{term=1, timestamp=2018-06-11 10:08:05,462, session=2, sequence=21, operation=PrimitiveOperation{id=DefaultOperationId{id=write, type=COMMAND}, value=byte[]{length=17, hash=1297078671}}}}
10:08:05.514 [raft-server-1-state] TRACE i.a.p.s.impl.DefaultServiceExecutor - PrimitiveService{2}{type=io.atomix.protocols.raft.RaftTest$TestPrimitiveType@5051ea1e, name=raft-test} - Executing DefaultCommit{index=25, session=RaftSession{RaftServiceContext{server=1, type=io.atomix.protocols.raft.RaftTest$TestPrimitiveType@5051ea1e, name=raft-test, id=2}, session=2, timestamp=2018-06-11 10:08:05,462}, time=2018-06-11 10:08:05,462, operation=DefaultOperationId{id=write, type=COMMAND}, value=byte[]{length=17, hash=1297078671}}
10:08:05.514 [raft-server-1-state] TRACE i.a.protocols.raft.roles.LeaderRole - RaftServer{1}{role=LEADER} - Sending CommandResponse{status=OK, index=25, eventIndex=2, result=byte[]{length=2, hash=1290}}
10:08:05.514 [raft-client-995c025b-ba21-4dd3-828a-0c3e52b0447e-7] TRACE i.a.p.r.s.impl.RaftSessionConnection - SessionClient{2}{type=io.atomix.protocols.raft.RaftTest$TestPrimitiveType@6b321262, name=raft-test} - Received CommandResponse{status=OK, index=25, eventIndex=2, result=byte[]{length=2, hash=1290}} from 1
10:08:05.514 [raft-client-995c025b-ba21-4dd3-828a-0c3e52b0447e-7] TRACE i.a.p.r.s.impl.RaftSessionSequencer - SessionClient{2}{type=io.atomix.protocols.raft.RaftTest$TestPrimitiveType@6b321262, name=raft-test} - Completing response CommandResponse{status=OK, index=25, eventIndex=2, result=byte[]{length=2, hash=1290}}
10:08:05.515 [raft-client-995c025b-ba21-4dd3-828a-0c3e52b0447e-0] TRACE i.a.p.r.s.impl.RaftSessionConnection - SessionClient{2}{type=io.atomix.protocols.raft.RaftTest$TestPrimitiveType@6b321262, name=raft-test} - Sending CommandRequest{session=2, sequence=22, operation=PrimitiveOperation{id=DefaultOperationId{id=write, type=COMMAND}, value=byte[]{length=17, hash=1297078671}}} to 1
10:08:05.515 [raft-server-1] TRACE i.a.protocols.raft.roles.LeaderRole - RaftServer{1}{role=LEADER} - Received CommandRequest{session=2, sequence=22, operation=PrimitiveOperation{id=DefaultOperationId{id=write, type=COMMAND}, value=byte[]{length=17, hash=1297078671}}}
10:08:05.515 [raft-server-1] TRACE i.a.protocols.raft.roles.LeaderRole - RaftServer{1}{role=LEADER} - Appended Indexed{index=26, entry=CommandEntry{term=1, timestamp=2018-06-11 10:08:05,515, session=2, sequence=22, operation=PrimitiveOperation{id=DefaultOperationId{id=write, type=COMMAND}, value=byte[]{length=17, hash=1297078671}}}}
10:08:05.515 [raft-server-1] TRACE i.a.p.raft.roles.LeaderAppender - RaftServer{1} - Sending AppendRequest{term=1, leader=1, prevLogIndex=25, prevLogTerm=1, entries=1, commitIndex=25} to 2
10:08:05.515 [raft-server-2] TRACE i.a.p.raft.roles.FollowerRole - RaftServer{2}{role=FOLLOWER} - Received AppendRequest{term=1, leader=1, prevLogIndex=25, prevLogTerm=1, entries=1, commitIndex=25}
10:08:05.515 [raft-server-1] TRACE i.a.p.raft.roles.LeaderAppender - RaftServer{1} - Sending AppendRequest{term=1, leader=1, prevLogIndex=25, prevLogTerm=1, entries=1, commitIndex=25} to 3
10:08:05.515 [raft-server-3] TRACE i.a.p.raft.roles.FollowerRole - RaftServer{3}{role=FOLLOWER} - Received AppendRequest{term=1, leader=1, prevLogIndex=25, prevLogTerm=1, entries=1, commitIndex=25}
10:08:05.515 [raft-server-2] TRACE i.a.p.raft.roles.FollowerRole - RaftServer{2}{role=FOLLOWER} - Appended Indexed{index=26, entry=CommandEntry{term=1, timestamp=2018-06-11 10:08:05,515, session=2, sequence=22, operation=PrimitiveOperation{id=DefaultOperationId{id=write, type=COMMAND}, value=byte[]{length=17, hash=1297078671}}}}
10:08:05.515 [raft-server-3] TRACE i.a.p.raft.roles.FollowerRole - RaftServer{3}{role=FOLLOWER} - Appended Indexed{index=26, entry=CommandEntry{term=1, timestamp=2018-06-11 10:08:05,515, session=2, sequence=22, operation=PrimitiveOperation{id=DefaultOperationId{id=write, type=COMMAND}, value=byte[]{length=17, hash=1297078671}}}}
10:08:05.547 [raft-server-2] TRACE i.a.p.raft.roles.FollowerRole - RaftServer{2}{role=FOLLOWER} - Committed entries up to index 25
10:08:05.547 [raft-server-2] TRACE i.a.p.raft.roles.FollowerRole - RaftServer{2}{role=FOLLOWER} - Sending AppendResponse{status=OK, term=1, succeeded=true, lastLogIndex=26}
10:08:05.547 [raft-server-3] TRACE i.a.p.raft.roles.FollowerRole - RaftServer{3}{role=FOLLOWER} - Committed entries up to index 25
10:08:05.547 [raft-server-3] TRACE i.a.p.raft.roles.FollowerRole - RaftServer{3}{role=FOLLOWER} - Sending AppendResponse{status=OK, term=1, succeeded=true, lastLogIndex=26}
10:08:05.547 [raft-server-1] TRACE i.a.p.raft.roles.LeaderAppender - RaftServer{1} - Received AppendResponse{status=OK, term=1, succeeded=true, lastLogIndex=26} from 2
10:08:05.547 [raft-server-2-state] TRACE i.a.p.raft.impl.RaftServiceManager - RaftServer{2} - Applying Indexed{index=25, entry=CommandEntry{term=1, timestamp=2018-06-11 10:08:05,462, session=2, sequence=21, operation=PrimitiveOperation{id=DefaultOperationId{id=write, type=COMMAND}, value=byte[]{length=17, hash=1297078671}}}}
10:08:05.547 [raft-server-1] TRACE i.a.p.raft.roles.LeaderAppender - RaftServer{1} - Committed entries up to 26
10:08:05.547 [raft-server-3-state] TRACE i.a.p.raft.impl.RaftServiceManager - RaftServer{3} - Applying Indexed{index=25, entry=CommandEntry{term=1, timestamp=2018-06-11 10:08:05,462, session=2, sequence=21, operation=PrimitiveOperation{id=DefaultOperationId{id=write, type=COMMAND}, value=byte[]{length=17, hash=1297078671}}}}
10:08:05.548 [raft-server-2-state] TRACE i.a.p.s.impl.DefaultServiceExecutor - PrimitiveService{2}{type=io.atomix.protocols.raft.RaftTest$TestPrimitiveType@25c42b8f, name=raft-test} - Executing DefaultCommit{index=25, session=RaftSession{RaftServiceContext{server=2, type=io.atomix.protocols.raft.RaftTest$TestPrimitiveType@25c42b8f, name=raft-test, id=2}, session=2, timestamp=2018-06-11 10:08:05,462}, time=2018-06-11 10:08:05,462, operation=DefaultOperationId{id=write, type=COMMAND}, value=byte[]{length=17, hash=1297078671}}
10:08:05.548 [raft-server-3-state] TRACE i.a.p.s.impl.DefaultServiceExecutor - PrimitiveService{2}{type=io.atomix.protocols.raft.RaftTest$TestPrimitiveType@5b77a59f, name=raft-test} - Executing DefaultCommit{index=25, session=RaftSession{RaftServiceContext{server=3, type=io.atomix.protocols.raft.RaftTest$TestPrimitiveType@5b77a59f, name=raft-test, id=2}, session=2, timestamp=2018-06-11 10:08:05,462}, time=2018-06-11 10:08:05,462, operation=DefaultOperationId{id=write, type=COMMAND}, value=byte[]{length=17, hash=1297078671}}
10:08:05.578 [raft-server-1] TRACE i.a.p.raft.roles.LeaderAppender - RaftServer{1} - Received AppendResponse{status=OK, term=1, succeeded=true, lastLogIndex=26} from 3
10:08:05.578 [raft-server-1] TRACE i.a.p.raft.roles.LeaderAppender - RaftServer{1} - Sending AppendRequest{term=1, leader=1, prevLogIndex=26, prevLogTerm=1, entries=0, commitIndex=26} to 2
10:08:05.578 [raft-server-1] TRACE i.a.p.raft.roles.LeaderAppender - RaftServer{1} - Sending AppendRequest{term=1, leader=1, prevLogIndex=26, prevLogTerm=1, entries=0, commitIndex=26} to 3
10:08:05.578 [raft-server-3] TRACE i.a.p.raft.roles.FollowerRole - RaftServer{3}{role=FOLLOWER} - Received AppendRequest{term=1, leader=1, prevLogIndex=26, prevLogTerm=1, entries=0, commitIndex=26}
10:08:05.578 [raft-server-2] TRACE i.a.p.raft.roles.FollowerRole - RaftServer{2}{role=FOLLOWER} - Received AppendRequest{term=1, leader=1, prevLogIndex=26, prevLogTerm=1, entries=0, commitIndex=26}
10:08:05.578 [raft-server-1-state] TRACE i.a.p.raft.impl.RaftServiceManager - RaftServer{1} - Applying Indexed{index=26, entry=CommandEntry{term=1, timestamp=2018-06-11 10:08:05,515, session=2, sequence=22, operation=PrimitiveOperation{id=DefaultOperationId{id=write, type=COMMAND}, value=byte[]{length=17, hash=1297078671}}}}
10:08:05.578 [raft-server-1-state] TRACE i.a.p.s.impl.DefaultServiceExecutor - PrimitiveService{2}{type=io.atomix.protocols.raft.RaftTest$TestPrimitiveType@5051ea1e, name=raft-test} - Executing DefaultCommit{index=26, session=RaftSession{RaftServiceContext{server=1, type=io.atomix.protocols.raft.RaftTest$TestPrimitiveType@5051ea1e, name=raft-test, id=2}, session=2, timestamp=2018-06-11 10:08:05,515}, time=2018-06-11 10:08:05,515, operation=DefaultOperationId{id=write, type=COMMAND}, value=byte[]{length=17, hash=1297078671}}
10:08:05.579 [raft-server-1-state] TRACE i.a.protocols.raft.roles.LeaderRole - RaftServer{1}{role=LEADER} - Sending CommandResponse{status=OK, index=26, eventIndex=2, result=byte[]{length=2, hash=1292}}
10:08:05.579 [raft-client-995c025b-ba21-4dd3-828a-0c3e52b0447e-1] TRACE i.a.p.r.s.impl.RaftSessionConnection - SessionClient{2}{type=io.atomix.protocols.raft.RaftTest$TestPrimitiveType@6b321262, name=raft-test} - Received CommandResponse{status=OK, index=26, eventIndex=2, result=byte[]{length=2, hash=1292}} from 1
10:08:05.579 [raft-client-995c025b-ba21-4dd3-828a-0c3e52b0447e-1] TRACE i.a.p.r.s.impl.RaftSessionSequencer - SessionClient{2}{type=io.atomix.protocols.raft.RaftTest$TestPrimitiveType@6b321262, name=raft-test} - Completing response CommandResponse{status=OK, index=26, eventIndex=2, result=byte[]{length=2, hash=1292}}
10:08:05.579 [raft-client-995c025b-ba21-4dd3-828a-0c3e52b0447e-2] TRACE i.a.p.r.s.impl.RaftSessionConnection - SessionClient{2}{type=io.atomix.protocols.raft.RaftTest$TestPrimitiveType@6b321262, name=raft-test} - Sending CommandRequest{session=2, sequence=23, operation=PrimitiveOperation{id=DefaultOperationId{id=write, type=COMMAND}, value=byte[]{length=17, hash=1297078671}}} to 1
10:08:05.579 [raft-server-1] TRACE i.a.protocols.raft.roles.LeaderRole - RaftServer{1}{role=LEADER} - Received CommandRequest{session=2, sequence=23, operation=PrimitiveOperation{id=DefaultOperationId{id=write, type=COMMAND}, value=byte[]{length=17, hash=1297078671}}}
10:08:05.579 [raft-server-1] TRACE i.a.protocols.raft.roles.LeaderRole - RaftServer{1}{role=LEADER} - Appended Indexed{index=27, entry=CommandEntry{term=1, timestamp=2018-06-11 10:08:05,579, session=2, sequence=23, operation=PrimitiveOperation{id=DefaultOperationId{id=write, type=COMMAND}, value=byte[]{length=17, hash=1297078671}}}}
10:08:05.603 [raft-server-3] TRACE i.a.p.raft.roles.FollowerRole - RaftServer{3}{role=FOLLOWER} - Committed entries up to index 26
10:08:05.603 [raft-server-2] TRACE i.a.p.raft.roles.FollowerRole - RaftServer{2}{role=FOLLOWER} - Committed entries up to index 26
10:08:05.603 [raft-server-3] TRACE i.a.p.raft.roles.FollowerRole - RaftServer{3}{role=FOLLOWER} - Sending AppendResponse{status=OK, term=1, succeeded=true, lastLogIndex=26}
10:08:05.603 [raft-server-2] TRACE i.a.p.raft.roles.FollowerRole - RaftServer{2}{role=FOLLOWER} - Sending AppendResponse{status=OK, term=1, succeeded=true, lastLogIndex=26}
10:08:05.603 [raft-server-1] TRACE i.a.p.raft.roles.LeaderAppender - RaftServer{1} - Received AppendResponse{status=OK, term=1, succeeded=true, lastLogIndex=26} from 3
10:08:05.603 [raft-server-1] TRACE i.a.p.raft.roles.LeaderAppender - RaftServer{1} - Sending AppendRequest{term=1, leader=1, prevLogIndex=26, prevLogTerm=1, entries=1, commitIndex=26} to 3
10:08:05.603 [raft-server-3-state] TRACE i.a.p.raft.impl.RaftServiceManager - RaftServer{3} - Applying Indexed{index=26, entry=CommandEntry{term=1, timestamp=2018-06-11 10:08:05,515, session=2, sequence=22, operation=PrimitiveOperation{id=DefaultOperationId{id=write, type=COMMAND}, value=byte[]{length=17, hash=1297078671}}}}
10:08:05.603 [raft-server-2-state] TRACE i.a.p.raft.impl.RaftServiceManager - RaftServer{2} - Applying Indexed{index=26, entry=CommandEntry{term=1, timestamp=2018-06-11 10:08:05,515, session=2, sequence=22, operation=PrimitiveOperation{id=DefaultOperationId{id=write, type=COMMAND}, value=byte[]{length=17, hash=1297078671}}}}
10:08:05.604 [raft-server-3] TRACE i.a.p.raft.roles.FollowerRole - RaftServer{3}{role=FOLLOWER} - Received AppendRequest{term=1, leader=1, prevLogIndex=26, prevLogTerm=1, entries=1, commitIndex=26}
10:08:05.604 [raft-server-1] TRACE i.a.p.raft.roles.LeaderAppender - RaftServer{1} - Sending AppendRequest{term=1, leader=1, prevLogIndex=26, prevLogTerm=1, entries=1, commitIndex=26} to 2
10:08:05.604 [raft-server-3-state] TRACE i.a.p.s.impl.DefaultServiceExecutor - PrimitiveService{2}{type=io.atomix.protocols.raft.RaftTest$TestPrimitiveType@5b77a59f, name=raft-test} - Executing DefaultCommit{index=26, session=RaftSession{RaftServiceContext{server=3, type=io.atomix.protocols.raft.RaftTest$TestPrimitiveType@5b77a59f, name=raft-test, id=2}, session=2, timestamp=2018-06-11 10:08:05,515}, time=2018-06-11 10:08:05,515, operation=DefaultOperationId{id=write, type=COMMAND}, value=byte[]{length=17, hash=1297078671}}
10:08:05.604 [raft-server-2-state] TRACE i.a.p.s.impl.DefaultServiceExecutor - PrimitiveService{2}{type=io.atomix.protocols.raft.RaftTest$TestPrimitiveType@25c42b8f, name=raft-test} - Executing DefaultCommit{index=26, session=RaftSession{RaftServiceContext{server=2, type=io.atomix.protocols.raft.RaftTest$TestPrimitiveType@25c42b8f, name=raft-test, id=2}, session=2, timestamp=2018-06-11 10:08:05,515}, time=2018-06-11 10:08:05,515, operation=DefaultOperationId{id=write, type=COMMAND}, value=byte[]{length=17, hash=1297078671}}
10:08:05.604 [raft-server-3] TRACE i.a.p.raft.roles.FollowerRole - RaftServer{3}{role=FOLLOWER} - Appended Indexed{index=27, entry=CommandEntry{term=1, timestamp=2018-06-11 10:08:05,579, session=2, sequence=23, operation=PrimitiveOperation{id=DefaultOperationId{id=write, type=COMMAND}, value=byte[]{length=17, hash=1297078671}}}}
10:08:05.604 [raft-server-2] TRACE i.a.p.raft.roles.FollowerRole - RaftServer{2}{role=FOLLOWER} - Received AppendRequest{term=1, leader=1, prevLogIndex=26, prevLogTerm=1, entries=1, commitIndex=26}
10:08:05.604 [raft-server-1] TRACE i.a.p.raft.roles.LeaderAppender - RaftServer{1} - Received AppendResponse{status=OK, term=1, succeeded=true, lastLogIndex=26} from 2
10:08:05.604 [raft-server-3] TRACE i.a.p.raft.roles.FollowerRole - RaftServer{3}{role=FOLLOWER} - Sending AppendResponse{status=OK, term=1, succeeded=true, lastLogIndex=27}
10:08:05.604 [raft-server-1] TRACE i.a.p.raft.roles.LeaderAppender - RaftServer{1} - Received AppendResponse{status=OK, term=1, succeeded=true, lastLogIndex=27} from 3
10:08:05.604 [raft-server-1] TRACE i.a.p.raft.roles.LeaderAppender - RaftServer{1} - Committed entries up to 27
10:08:05.604 [raft-server-2] TRACE i.a.p.raft.roles.FollowerRole - RaftServer{2}{role=FOLLOWER} - Appended Indexed{index=27, entry=CommandEntry{term=1, timestamp=2018-06-11 10:08:05,579, session=2, sequence=23, operation=PrimitiveOperation{id=DefaultOperationId{id=write, type=COMMAND}, value=byte[]{length=17, hash=1297078671}}}}
10:08:05.604 [raft-server-2] TRACE i.a.p.raft.roles.FollowerRole - RaftServer{2}{role=FOLLOWER} - Sending AppendResponse{status=OK, term=1, succeeded=true, lastLogIndex=27}
10:08:05.637 [raft-client-995c025b-ba21-4dd3-828a-0c3e52b0447e-7] TRACE i.a.p.r.s.impl.RaftSessionManager - RaftClient{995c025b-ba21-4dd3-828a-0c3e52b0447e} - Keeping 1 sessions alive
10:08:05.637 [raft-client-995c025b-ba21-4dd3-828a-0c3e52b0447e-7] TRACE i.a.p.r.s.impl.RaftSessionConnection - RaftClient{995c025b-ba21-4dd3-828a-0c3e52b0447e} - Sending KeepAliveRequest{sessionIds=long[]{length=1, hash=33}, commandSequences=long[]{length=1, hash=53}, eventIndexes=long[]{length=1, hash=33}} to 1
10:08:05.664 [raft-server-1] TRACE i.a.p.raft.roles.LeaderAppender - RaftServer{1} - Received AppendResponse{status=OK, term=1, succeeded=true, lastLogIndex=27} from 2
10:08:05.664 [raft-server-1] TRACE i.a.protocols.raft.roles.LeaderRole - RaftServer{1}{role=LEADER} - Received KeepAliveRequest{sessionIds=long[]{length=1, hash=33}, commandSequences=long[]{length=1, hash=53}, eventIndexes=long[]{length=1, hash=33}}
10:08:05.664 [raft-server-1] TRACE i.a.protocols.raft.roles.LeaderRole - RaftServer{1}{role=LEADER} - Appended Indexed{index=28, entry=KeepAliveEntry{term=1, timestamp=2018-06-11 10:08:05,664, sessionIds=long[]{length=1, hash=33}, commandSequences=long[]{length=1, hash=53}, eventIndexes=long[]{length=1, hash=33}}}
10:08:05.664 [raft-server-1-state] TRACE i.a.p.raft.impl.RaftServiceManager - RaftServer{1} - Applying Indexed{index=27, entry=CommandEntry{term=1, timestamp=2018-06-11 10:08:05,579, session=2, sequence=23, operation=PrimitiveOperation{id=DefaultOperationId{id=write, type=COMMAND}, value=byte[]{length=17, hash=1297078671}}}}
10:08:05.664 [raft-server-1] TRACE i.a.p.raft.roles.LeaderAppender - RaftServer{1} - Sending AppendRequest{term=1, leader=1, prevLogIndex=27, prevLogTerm=1, entries=1, commitIndex=27} to 2
10:08:05.664 [raft-server-1-state] TRACE i.a.p.s.impl.DefaultServiceExecutor - PrimitiveService{2}{type=io.atomix.protocols.raft.RaftTest$TestPrimitiveType@5051ea1e, name=raft-test} - Executing DefaultCommit{index=27, session=RaftSession{RaftServiceContext{server=1, type=io.atomix.protocols.raft.RaftTest$TestPrimitiveType@5051ea1e, name=raft-test, id=2}, session=2, timestamp=2018-06-11 10:08:05,579}, time=2018-06-11 10:08:05,579, operation=DefaultOperationId{id=write, type=COMMAND}, value=byte[]{length=17, hash=1297078671}}
10:08:05.665 [raft-server-2] TRACE i.a.p.raft.roles.FollowerRole - RaftServer{2}{role=FOLLOWER} - Received AppendRequest{term=1, leader=1, prevLogIndex=27, prevLogTerm=1, entries=1, commitIndex=27}
10:08:05.665 [raft-server-1] TRACE i.a.p.raft.roles.LeaderAppender - RaftServer{1} - Sending AppendRequest{term=1, leader=1, prevLogIndex=27, prevLogTerm=1, entries=1, commitIndex=27} to 3
10:08:05.665 [raft-server-1-state] TRACE i.a.protocols.raft.roles.LeaderRole - RaftServer{1}{role=LEADER} - Sending CommandResponse{status=OK, index=27, eventIndex=2, result=byte[]{length=2, hash=1294}}
10:08:05.665 [raft-server-3] TRACE i.a.p.raft.roles.FollowerRole - RaftServer{3}{role=FOLLOWER} - Received AppendRequest{term=1, leader=1, prevLogIndex=27, prevLogTerm=1, entries=1, commitIndex=27}
10:08:05.665 [raft-server-2] TRACE i.a.p.raft.roles.FollowerRole - RaftServer{2}{role=FOLLOWER} - Appended Indexed{index=28, entry=KeepAliveEntry{term=1, timestamp=2018-06-11 10:08:05,664, sessionIds=long[]{length=1, hash=33}, commandSequences=long[]{length=1, hash=53}, eventIndexes=long[]{length=1, hash=33}}}
10:08:05.665 [raft-client-995c025b-ba21-4dd3-828a-0c3e52b0447e-6] TRACE i.a.p.r.s.impl.RaftSessionConnection - SessionClient{2}{type=io.atomix.protocols.raft.RaftTest$TestPrimitiveType@6b321262, name=raft-test} - Received CommandResponse{status=OK, index=27, eventIndex=2, result=byte[]{length=2, hash=1294}} from 1
10:08:05.665 [raft-client-995c025b-ba21-4dd3-828a-0c3e52b0447e-6] TRACE i.a.p.r.s.impl.RaftSessionSequencer - SessionClient{2}{type=io.atomix.protocols.raft.RaftTest$TestPrimitiveType@6b321262, name=raft-test} - Completing response CommandResponse{status=OK, index=27, eventIndex=2, result=byte[]{length=2, hash=1294}}
10:08:05.665 [raft-server-3] TRACE i.a.p.raft.roles.FollowerRole - RaftServer{3}{role=FOLLOWER} - Appended Indexed{index=28, entry=KeepAliveEntry{term=1, timestamp=2018-06-11 10:08:05,664, sessionIds=long[]{length=1, hash=33}, commandSequences=long[]{length=1, hash=53}, eventIndexes=long[]{length=1, hash=33}}}
10:08:05.665 [raft-client-995c025b-ba21-4dd3-828a-0c3e52b0447e-2] TRACE i.a.p.r.s.impl.RaftSessionConnection - SessionClient{2}{type=io.atomix.protocols.raft.RaftTest$TestPrimitiveType@6b321262, name=raft-test} - Sending CommandRequest{session=2, sequence=24, operation=PrimitiveOperation{id=DefaultOperationId{id=write, type=COMMAND}, value=byte[]{length=17, hash=1297078671}}} to 1
10:08:05.665 [raft-server-1] TRACE i.a.protocols.raft.roles.LeaderRole - RaftServer{1}{role=LEADER} - Received CommandRequest{session=2, sequence=24, operation=PrimitiveOperation{id=DefaultOperationId{id=write, type=COMMAND}, value=byte[]{length=17, hash=1297078671}}}
10:08:05.665 [raft-server-1] TRACE i.a.protocols.raft.roles.LeaderRole - RaftServer{1}{role=LEADER} - Appended Indexed{index=29, entry=CommandEntry{term=1, timestamp=2018-06-11 10:08:05,665, session=2, sequence=24, operation=PrimitiveOperation{id=DefaultOperationId{id=write, type=COMMAND}, value=byte[]{length=17, hash=1297078671}}}}
10:08:05.722 [raft-server-2] TRACE i.a.p.raft.roles.FollowerRole - RaftServer{2}{role=FOLLOWER} - Committed entries up to index 27
10:08:05.722 [raft-server-2] TRACE i.a.p.raft.roles.FollowerRole - RaftServer{2}{role=FOLLOWER} - Sending AppendResponse{status=OK, term=1, succeeded=true, lastLogIndex=28}
10:08:05.722 [raft-server-3] TRACE i.a.p.raft.roles.FollowerRole - RaftServer{3}{role=FOLLOWER} - Committed entries up to index 27
10:08:05.722 [raft-server-3] TRACE i.a.p.raft.roles.FollowerRole - RaftServer{3}{role=FOLLOWER} - Sending AppendResponse{status=OK, term=1, succeeded=true, lastLogIndex=28}
10:08:05.722 [raft-server-2-state] TRACE i.a.p.raft.impl.RaftServiceManager - RaftServer{2} - Applying Indexed{index=27, entry=CommandEntry{term=1, timestamp=2018-06-11 10:08:05,579, session=2, sequence=23, operation=PrimitiveOperation{id=DefaultOperationId{id=write, type=COMMAND}, value=byte[]{length=17, hash=1297078671}}}}
10:08:05.722 [raft-server-1] TRACE i.a.p.raft.roles.LeaderAppender - RaftServer{1} - Received AppendResponse{status=OK, term=1, succeeded=true, lastLogIndex=28} from 2
10:08:05.722 [raft-server-3-state] TRACE i.a.p.raft.impl.RaftServiceManager - RaftServer{3} - Applying Indexed{index=27, entry=CommandEntry{term=1, timestamp=2018-06-11 10:08:05,579, session=2, sequence=23, operation=PrimitiveOperation{id=DefaultOperationId{id=write, type=COMMAND}, value=byte[]{length=17, hash=1297078671}}}}
10:08:05.722 [raft-server-1] TRACE i.a.p.raft.roles.LeaderAppender - RaftServer{1} - Committed entries up to 28
10:08:05.722 [raft-server-2-state] TRACE i.a.p.s.impl.DefaultServiceExecutor - PrimitiveService{2}{type=io.atomix.protocols.raft.RaftTest$TestPrimitiveType@25c42b8f, name=raft-test} - Executing DefaultCommit{index=27, session=RaftSession{RaftServiceContext{server=2, type=io.atomix.protocols.raft.RaftTest$TestPrimitiveType@25c42b8f, name=raft-test, id=2}, session=2, timestamp=2018-06-11 10:08:05,579}, time=2018-06-11 10:08:05,579, operation=DefaultOperationId{id=write, type=COMMAND}, value=byte[]{length=17, hash=1297078671}}
10:08:05.723 [raft-server-3-state] TRACE i.a.p.s.impl.DefaultServiceExecutor - PrimitiveService{2}{type=io.atomix.protocols.raft.RaftTest$TestPrimitiveType@5b77a59f, name=raft-test} - Executing DefaultCommit{index=27, session=RaftSession{RaftServiceContext{server=3, type=io.atomix.protocols.raft.RaftTest$TestPrimitiveType@5b77a59f, name=raft-test, id=2}, session=2, timestamp=2018-06-11 10:08:05,579}, time=2018-06-11 10:08:05,579, operation=DefaultOperationId{id=write, type=COMMAND}, value=byte[]{length=17, hash=1297078671}}
10:08:05.747 [raft-server-1] TRACE i.a.p.raft.roles.LeaderAppender - RaftServer{1} - Sending AppendRequest{term=1, leader=1, prevLogIndex=28, prevLogTerm=1, entries=1, commitIndex=28} to 2
10:08:05.747 [raft-server-1] TRACE i.a.p.raft.roles.LeaderAppender - RaftServer{1} - Received AppendResponse{status=OK, term=1, succeeded=true, lastLogIndex=28} from 3
10:08:05.747 [raft-server-2] TRACE i.a.p.raft.roles.FollowerRole - RaftServer{2}{role=FOLLOWER} - Received AppendRequest{term=1, leader=1, prevLogIndex=28, prevLogTerm=1, entries=1, commitIndex=28}
10:08:05.747 [raft-server-1] TRACE i.a.p.raft.roles.LeaderAppender - RaftServer{1} - Sending AppendRequest{term=1, leader=1, prevLogIndex=28, prevLogTerm=1, entries=1, commitIndex=28} to 3
10:08:05.748 [raft-server-3] TRACE i.a.p.raft.roles.FollowerRole - RaftServer{3}{role=FOLLOWER} - Received AppendRequest{term=1, leader=1, prevLogIndex=28, prevLogTerm=1, entries=1, commitIndex=28}
10:08:05.748 [raft-server-1-state] TRACE i.a.p.raft.impl.RaftServiceManager - RaftServer{1} - Applying Indexed{index=28, entry=KeepAliveEntry{term=1, timestamp=2018-06-11 10:08:05,664, sessionIds=long[]{length=1, hash=33}, commandSequences=long[]{length=1, hash=53}, eventIndexes=long[]{length=1, hash=33}}}
10:08:05.748 [raft-server-2] TRACE i.a.p.raft.roles.FollowerRole - RaftServer{2}{role=FOLLOWER} - Appended Indexed{index=29, entry=CommandEntry{term=1, timestamp=2018-06-11 10:08:05,665, session=2, sequence=24, operation=PrimitiveOperation{id=DefaultOperationId{id=write, type=COMMAND}, value=byte[]{length=17, hash=1297078671}}}}
10:08:05.748 [raft-server-3] TRACE i.a.p.raft.roles.FollowerRole - RaftServer{3}{role=FOLLOWER} - Appended Indexed{index=29, entry=CommandEntry{term=1, timestamp=2018-06-11 10:08:05,665, session=2, sequence=24, operation=PrimitiveOperation{id=DefaultOperationId{id=write, type=COMMAND}, value=byte[]{length=17, hash=1297078671}}}}
10:08:05.748 [raft-server-1] TRACE i.a.protocols.raft.roles.LeaderRole - RaftServer{1}{role=LEADER} - Sending KeepAliveResponse{status=OK, leader=1, members=[2, 1, 3], sessionIds=long[]{length=1, hash=33}}
10:08:05.748 [raft-client-995c025b-ba21-4dd3-828a-0c3e52b0447e-5] TRACE i.a.p.r.s.impl.RaftSessionConnection - RaftClient{995c025b-ba21-4dd3-828a-0c3e52b0447e} - Received KeepAliveResponse{status=OK, leader=1, members=[2, 1, 3], sessionIds=long[]{length=1, hash=33}} from 1
10:08:05.781 [raft-server-2] TRACE i.a.p.raft.roles.FollowerRole - RaftServer{2}{role=FOLLOWER} - Committed entries up to index 28
10:08:05.781 [raft-server-2] TRACE i.a.p.raft.roles.FollowerRole - RaftServer{2}{role=FOLLOWER} - Sending AppendResponse{status=OK, term=1, succeeded=true, lastLogIndex=29}
10:08:05.781 [raft-server-3] TRACE i.a.p.raft.roles.FollowerRole - RaftServer{3}{role=FOLLOWER} - Committed entries up to index 28
10:08:05.781 [raft-server-1] TRACE i.a.p.raft.roles.LeaderAppender - RaftServer{1} - Received AppendResponse{status=OK, term=1, succeeded=true, lastLogIndex=29} from 2
10:08:05.781 [raft-server-3] TRACE i.a.p.raft.roles.FollowerRole - RaftServer{3}{role=FOLLOWER} - Sending AppendResponse{status=OK, term=1, succeeded=true, lastLogIndex=29}
10:08:05.781 [raft-server-1] TRACE i.a.p.raft.roles.LeaderAppender - RaftServer{1} - Committed entries up to 29
10:08:05.781 [raft-server-2-state] TRACE i.a.p.raft.impl.RaftServiceManager - RaftServer{2} - Applying Indexed{index=28, entry=KeepAliveEntry{term=1, timestamp=2018-06-11 10:08:05,664, sessionIds=long[]{length=1, hash=33}, commandSequences=long[]{length=1, hash=53}, eventIndexes=long[]{length=1, hash=33}}}
10:08:05.781 [raft-server-3-state] TRACE i.a.p.raft.impl.RaftServiceManager - RaftServer{3} - Applying Indexed{index=28, entry=KeepAliveEntry{term=1, timestamp=2018-06-11 10:08:05,664, sessionIds=long[]{length=1, hash=33}, commandSequences=long[]{length=1, hash=53}, eventIndexes=long[]{length=1, hash=33}}}
10:08:05.797 [raft-server-1] TRACE i.a.p.raft.roles.LeaderAppender - RaftServer{1} - Received AppendResponse{status=OK, term=1, succeeded=true, lastLogIndex=29} from 3
10:08:05.797 [raft-server-1-state] TRACE i.a.p.raft.impl.RaftServiceManager - RaftServer{1} - Applying Indexed{index=29, entry=CommandEntry{term=1, timestamp=2018-06-11 10:08:05,665, session=2, sequence=24, operation=PrimitiveOperation{id=DefaultOperationId{id=write, type=COMMAND}, value=byte[]{length=17, hash=1297078671}}}}
10:08:05.797 [raft-server-1-state] TRACE i.a.p.s.impl.DefaultServiceExecutor - PrimitiveService{2}{type=io.atomix.protocols.raft.RaftTest$TestPrimitiveType@5051ea1e, name=raft-test} - Executing DefaultCommit{index=29, session=RaftSession{RaftServiceContext{server=1, type=io.atomix.protocols.raft.RaftTest$TestPrimitiveType@5051ea1e, name=raft-test, id=2}, session=2, timestamp=2018-06-11 10:08:05,665}, time=2018-06-11 10:08:05,665, operation=DefaultOperationId{id=write, type=COMMAND}, value=byte[]{length=17, hash=1297078671}}
10:08:05.798 [raft-server-1-state] TRACE i.a.protocols.raft.roles.LeaderRole - RaftServer{1}{role=LEADER} - Sending CommandResponse{status=OK, index=29, eventIndex=2, result=byte[]{length=2, hash=1298}}
10:08:05.798 [raft-client-995c025b-ba21-4dd3-828a-0c3e52b0447e-3] TRACE i.a.p.r.s.impl.RaftSessionConnection - SessionClient{2}{type=io.atomix.protocols.raft.RaftTest$TestPrimitiveType@6b321262, name=raft-test} - Received CommandResponse{status=OK, index=29, eventIndex=2, result=byte[]{length=2, hash=1298}} from 1
10:08:05.798 [raft-client-995c025b-ba21-4dd3-828a-0c3e52b0447e-3] TRACE i.a.p.r.s.impl.RaftSessionSequencer - SessionClient{2}{type=io.atomix.protocols.raft.RaftTest$TestPrimitiveType@6b321262, name=raft-test} - Completing response CommandResponse{status=OK, index=29, eventIndex=2, result=byte[]{length=2, hash=1298}}
10:08:05.798 [raft-client-995c025b-ba21-4dd3-828a-0c3e52b0447e-1] TRACE i.a.p.r.s.impl.RaftSessionConnection - SessionClient{2}{type=io.atomix.protocols.raft.RaftTest$TestPrimitiveType@6b321262, name=raft-test} - Sending CommandRequest{session=2, sequence=25, operation=PrimitiveOperation{id=DefaultOperationId{id=write, type=COMMAND}, value=byte[]{length=17, hash=1297078671}}} to 1
10:08:05.798 [raft-server-1] TRACE i.a.protocols.raft.roles.LeaderRole - RaftServer{1}{role=LEADER} - Received CommandRequest{session=2, sequence=25, operation=PrimitiveOperation{id=DefaultOperationId{id=write, type=COMMAND}, value=byte[]{length=17, hash=1297078671}}}
10:08:05.798 [raft-server-1] TRACE i.a.protocols.raft.roles.LeaderRole - RaftServer{1}{role=LEADER} - Appended Indexed{index=30, entry=CommandEntry{term=1, timestamp=2018-06-11 10:08:05,798, session=2, sequence=25, operation=PrimitiveOperation{id=DefaultOperationId{id=write, type=COMMAND}, value=byte[]{length=17, hash=1297078671}}}}
10:08:05.798 [raft-server-1] TRACE i.a.p.raft.roles.LeaderAppender - RaftServer{1} - Sending AppendRequest{term=1, leader=1, prevLogIndex=29, prevLogTerm=1, entries=1, commitIndex=29} to 2
10:08:05.798 [raft-server-1] TRACE i.a.p.raft.roles.LeaderAppender - RaftServer{1} - Sending AppendRequest{term=1, leader=1, prevLogIndex=29, prevLogTerm=1, entries=1, commitIndex=29} to 3
10:08:05.798 [raft-server-2] TRACE i.a.p.raft.roles.FollowerRole - RaftServer{2}{role=FOLLOWER} - Received AppendRequest{term=1, leader=1, prevLogIndex=29, prevLogTerm=1, entries=1, commitIndex=29}
10:08:05.798 [raft-server-3] TRACE i.a.p.raft.roles.FollowerRole - RaftServer{3}{role=FOLLOWER} - Received AppendRequest{term=1, leader=1, prevLogIndex=29, prevLogTerm=1, entries=1, commitIndex=29}
10:08:05.798 [raft-server-2] TRACE i.a.p.raft.roles.FollowerRole - RaftServer{2}{role=FOLLOWER} - Appended Indexed{index=30, entry=CommandEntry{term=1, timestamp=2018-06-11 10:08:05,798, session=2, sequence=25, operation=PrimitiveOperation{id=DefaultOperationId{id=write, type=COMMAND}, value=byte[]{length=17, hash=1297078671}}}}
10:08:05.799 [raft-server-3] TRACE i.a.p.raft.roles.FollowerRole - RaftServer{3}{role=FOLLOWER} - Appended Indexed{index=30, entry=CommandEntry{term=1, timestamp=2018-06-11 10:08:05,798, session=2, sequence=25, operation=PrimitiveOperation{id=DefaultOperationId{id=write, type=COMMAND}, value=byte[]{length=17, hash=1297078671}}}}
10:08:05.822 [raft-server-2] TRACE i.a.p.raft.roles.FollowerRole - RaftServer{2}{role=FOLLOWER} - Committed entries up to index 29
10:08:05.822 [raft-server-2] TRACE i.a.p.raft.roles.FollowerRole - RaftServer{2}{role=FOLLOWER} - Sending AppendResponse{status=OK, term=1, succeeded=true, lastLogIndex=30}
10:08:05.822 [raft-server-3] TRACE i.a.p.raft.roles.FollowerRole - RaftServer{3}{role=FOLLOWER} - Committed entries up to index 29
10:08:05.822 [raft-server-3] TRACE i.a.p.raft.roles.FollowerRole - RaftServer{3}{role=FOLLOWER} - Sending AppendResponse{status=OK, term=1, succeeded=true, lastLogIndex=30}
10:08:05.822 [raft-server-1] TRACE i.a.p.raft.roles.LeaderAppender - RaftServer{1} - Received AppendResponse{status=OK, term=1, succeeded=true, lastLogIndex=30} from 2
10:08:05.822 [raft-server-1] TRACE i.a.p.raft.roles.LeaderAppender - RaftServer{1} - Committed entries up to 30
10:08:05.822 [raft-server-2-state] TRACE i.a.p.raft.impl.RaftServiceManager - RaftServer{2} - Applying Indexed{index=29, entry=CommandEntry{term=1, timestamp=2018-06-11 10:08:05,665, session=2, sequence=24, operation=PrimitiveOperation{id=DefaultOperationId{id=write, type=COMMAND}, value=byte[]{length=17, hash=1297078671}}}}
10:08:05.822 [raft-server-3-state] TRACE i.a.p.raft.impl.RaftServiceManager - RaftServer{3} - Applying Indexed{index=29, entry=CommandEntry{term=1, timestamp=2018-06-11 10:08:05,665, session=2, sequence=24, operation=PrimitiveOperation{id=DefaultOperationId{id=write, type=COMMAND}, value=byte[]{length=17, hash=1297078671}}}}
10:08:05.823 [raft-server-2-state] TRACE i.a.p.s.impl.DefaultServiceExecutor - PrimitiveService{2}{type=io.atomix.protocols.raft.RaftTest$TestPrimitiveType@25c42b8f, name=raft-test} - Executing DefaultCommit{index=29, session=RaftSession{RaftServiceContext{server=2, type=io.atomix.protocols.raft.RaftTest$TestPrimitiveType@25c42b8f, name=raft-test, id=2}, session=2, timestamp=2018-06-11 10:08:05,665}, time=2018-06-11 10:08:05,665, operation=DefaultOperationId{id=write, type=COMMAND}, value=byte[]{length=17, hash=1297078671}}
10:08:05.823 [raft-server-3-state] TRACE i.a.p.s.impl.DefaultServiceExecutor - PrimitiveService{2}{type=io.atomix.protocols.raft.RaftTest$TestPrimitiveType@5b77a59f, name=raft-test} - Executing DefaultCommit{index=29, session=RaftSession{RaftServiceContext{server=3, type=io.atomix.protocols.raft.RaftTest$TestPrimitiveType@5b77a59f, name=raft-test, id=2}, session=2, timestamp=2018-06-11 10:08:05,665}, time=2018-06-11 10:08:05,665, operation=DefaultOperationId{id=write, type=COMMAND}, value=byte[]{length=17, hash=1297078671}}
10:08:05.847 [raft-server-1] TRACE i.a.p.raft.roles.LeaderAppender - RaftServer{1} - Received AppendResponse{status=OK, term=1, succeeded=true, lastLogIndex=30} from 3
10:08:05.847 [raft-server-1] TRACE i.a.p.raft.roles.LeaderAppender - RaftServer{1} - Sending AppendRequest{term=1, leader=1, prevLogIndex=30, prevLogTerm=1, entries=0, commitIndex=30} to 2
10:08:05.847 [raft-server-1] TRACE i.a.p.raft.roles.LeaderAppender - RaftServer{1} - Sending AppendRequest{term=1, leader=1, prevLogIndex=30, prevLogTerm=1, entries=0, commitIndex=30} to 3
10:08:05.847 [raft-server-2] TRACE i.a.p.raft.roles.FollowerRole - RaftServer{2}{role=FOLLOWER} - Received AppendRequest{term=1, leader=1, prevLogIndex=30, prevLogTerm=1, entries=0, commitIndex=30}
10:08:05.847 [raft-server-1-state] TRACE i.a.p.raft.impl.RaftServiceManager - RaftServer{1} - Applying Indexed{index=30, entry=CommandEntry{term=1, timestamp=2018-06-11 10:08:05,798, session=2, sequence=25, operation=PrimitiveOperation{id=DefaultOperationId{id=write, type=COMMAND}, value=byte[]{length=17, hash=1297078671}}}}
10:08:05.847 [raft-server-1-state] TRACE i.a.p.s.impl.DefaultServiceExecutor - PrimitiveService{2}{type=io.atomix.protocols.raft.RaftTest$TestPrimitiveType@5051ea1e, name=raft-test} - Executing DefaultCommit{index=30, session=RaftSession{RaftServiceContext{server=1, type=io.atomix.protocols.raft.RaftTest$TestPrimitiveType@5051ea1e, name=raft-test, id=2}, session=2, timestamp=2018-06-11 10:08:05,798}, time=2018-06-11 10:08:05,798, operation=DefaultOperationId{id=write, type=COMMAND}, value=byte[]{length=17, hash=1297078671}}
10:08:05.848 [raft-server-1-state] TRACE i.a.protocols.raft.roles.LeaderRole - RaftServer{1}{role=LEADER} - Sending CommandResponse{status=OK, index=30, eventIndex=2, result=byte[]{length=2, hash=1300}}
10:08:05.848 [raft-server-3] TRACE i.a.p.raft.roles.FollowerRole - RaftServer{3}{role=FOLLOWER} - Received AppendRequest{term=1, leader=1, prevLogIndex=30, prevLogTerm=1, entries=0, commitIndex=30}
10:08:05.848 [raft-client-995c025b-ba21-4dd3-828a-0c3e52b0447e-5] TRACE i.a.p.r.s.impl.RaftSessionConnection - SessionClient{2}{type=io.atomix.protocols.raft.RaftTest$TestPrimitiveType@6b321262, name=raft-test} - Received CommandResponse{status=OK, index=30, eventIndex=2, result=byte[]{length=2, hash=1300}} from 1
10:08:05.848 [raft-server-3] TRACE i.a.p.raft.roles.FollowerRole - RaftServer{3}{role=FOLLOWER} - Committed entries up to index 30
10:08:05.848 [raft-client-995c025b-ba21-4dd3-828a-0c3e52b0447e-5] TRACE i.a.p.r.s.impl.RaftSessionSequencer - SessionClient{2}{type=io.atomix.protocols.raft.RaftTest$TestPrimitiveType@6b321262, name=raft-test} - Completing response CommandResponse{status=OK, index=30, eventIndex=2, result=byte[]{length=2, hash=1300}}
10:08:05.848 [raft-server-3] TRACE i.a.p.raft.roles.FollowerRole - RaftServer{3}{role=FOLLOWER} - Sending AppendResponse{status=OK, term=1, succeeded=true, lastLogIndex=30}
10:08:05.848 [raft-server-1] TRACE i.a.p.raft.roles.LeaderAppender - RaftServer{1} - Received AppendResponse{status=OK, term=1, succeeded=true, lastLogIndex=30} from 3
10:08:05.848 [raft-server-3-state] TRACE i.a.p.raft.impl.RaftServiceManager - RaftServer{3} - Applying Indexed{index=30, entry=CommandEntry{term=1, timestamp=2018-06-11 10:08:05,798, session=2, sequence=25, operation=PrimitiveOperation{id=DefaultOperationId{id=write, type=COMMAND}, value=byte[]{length=17, hash=1297078671}}}}
10:08:05.848 [raft-server-1] TRACE i.a.p.raft.roles.LeaderAppender - RaftServer{1} - Sending AppendRequest{term=1, leader=1, prevLogIndex=30, prevLogTerm=1, entries=0, commitIndex=30} to 3
10:08:05.848 [raft-server-3-state] TRACE i.a.p.s.impl.DefaultServiceExecutor - PrimitiveService{2}{type=io.atomix.protocols.raft.RaftTest$TestPrimitiveType@5b77a59f, name=raft-test} - Executing DefaultCommit{index=30, session=RaftSession{RaftServiceContext{server=3, type=io.atomix.protocols.raft.RaftTest$TestPrimitiveType@5b77a59f, name=raft-test, id=2}, session=2, timestamp=2018-06-11 10:08:05,798}, time=2018-06-11 10:08:05,798, operation=DefaultOperationId{id=write, type=COMMAND}, value=byte[]{length=17, hash=1297078671}}
10:08:05.848 [raft-server-3] TRACE i.a.p.raft.roles.FollowerRole - RaftServer{3}{role=FOLLOWER} - Received AppendRequest{term=1, leader=1, prevLogIndex=30, prevLogTerm=1, entries=0, commitIndex=30}
10:08:05.848 [raft-server-3] TRACE i.a.p.raft.roles.FollowerRole - RaftServer{3}{role=FOLLOWER} - Sending AppendResponse{status=OK, term=1, succeeded=true, lastLogIndex=30}
10:08:05.848 [raft-server-1] TRACE i.a.p.raft.roles.LeaderAppender - RaftServer{1} - Received AppendResponse{status=OK, term=1, succeeded=true, lastLogIndex=30} from 3
10:08:05.848 [raft-client-995c025b-ba21-4dd3-828a-0c3e52b0447e-3] TRACE i.a.p.r.s.impl.RaftSessionConnection - SessionClient{2}{type=io.atomix.protocols.raft.RaftTest$TestPrimitiveType@6b321262, name=raft-test} - Sending CommandRequest{session=2, sequence=26, operation=PrimitiveOperation{id=DefaultOperationId{id=write, type=COMMAND}, value=byte[]{length=17, hash=1297078671}}} to 1
10:08:05.848 [raft-server-1] TRACE i.a.protocols.raft.roles.LeaderRole - RaftServer{1}{role=LEADER} - Received CommandRequest{session=2, sequence=26, operation=PrimitiveOperation{id=DefaultOperationId{id=write, type=COMMAND}, value=byte[]{length=17, hash=1297078671}}}
10:08:05.864 [raft-server-2] TRACE i.a.p.raft.roles.FollowerRole - RaftServer{2}{role=FOLLOWER} - Committed entries up to index 30
10:08:05.864 [raft-server-2] TRACE i.a.p.raft.roles.FollowerRole - RaftServer{2}{role=FOLLOWER} - Sending AppendResponse{status=OK, term=1, succeeded=true, lastLogIndex=30}
10:08:05.864 [raft-server-2-state] TRACE i.a.p.raft.impl.RaftServiceManager - RaftServer{2} - Applying Indexed{index=30, entry=CommandEntry{term=1, timestamp=2018-06-11 10:08:05,798, session=2, sequence=25, operation=PrimitiveOperation{id=DefaultOperationId{id=write, type=COMMAND}, value=byte[]{length=17, hash=1297078671}}}}
10:08:05.864 [raft-server-2-state] TRACE i.a.p.s.impl.DefaultServiceExecutor - PrimitiveService{2}{type=io.atomix.protocols.raft.RaftTest$TestPrimitiveType@25c42b8f, name=raft-test} - Executing DefaultCommit{index=30, session=RaftSession{RaftServiceContext{server=2, type=io.atomix.protocols.raft.RaftTest$TestPrimitiveType@25c42b8f, name=raft-test, id=2}, session=2, timestamp=2018-06-11 10:08:05,798}, time=2018-06-11 10:08:05,798, operation=DefaultOperationId{id=write, type=COMMAND}, value=byte[]{length=17, hash=1297078671}}
10:08:05.920 [raft-server-1] DEBUG i.a.storage.journal.SegmentedJournal - Created disk segment: JournalSegment{id=4, version=1, index=31, size=64}
10:08:05.920 [raft-server-1] TRACE i.a.protocols.raft.roles.LeaderRole - RaftServer{1}{role=LEADER} - Appended Indexed{index=31, entry=CommandEntry{term=1, timestamp=2018-06-11 10:08:05,848, session=2, sequence=26, operation=PrimitiveOperation{id=DefaultOperationId{id=write, type=COMMAND}, value=byte[]{length=17, hash=1297078671}}}}
10:08:05.920 [raft-server-1] TRACE i.a.p.raft.roles.LeaderAppender - RaftServer{1} - Received AppendResponse{status=OK, term=1, succeeded=true, lastLogIndex=30} from 2
10:08:05.920 [raft-server-1] TRACE i.a.p.raft.roles.LeaderAppender - RaftServer{1} - Sending AppendRequest{term=1, leader=1, prevLogIndex=30, prevLogTerm=1, entries=1, commitIndex=30} to 2
10:08:05.920 [raft-server-2] TRACE i.a.p.raft.roles.FollowerRole - RaftServer{2}{role=FOLLOWER} - Received AppendRequest{term=1, leader=1, prevLogIndex=30, prevLogTerm=1, entries=1, commitIndex=30}
10:08:05.920 [raft-server-1] TRACE i.a.p.raft.roles.LeaderAppender - RaftServer{1} - Sending AppendRequest{term=1, leader=1, prevLogIndex=30, prevLogTerm=1, entries=1, commitIndex=30} to 3
10:08:05.920 [raft-server-3] TRACE i.a.p.raft.roles.FollowerRole - RaftServer{3}{role=FOLLOWER} - Received AppendRequest{term=1, leader=1, prevLogIndex=30, prevLogTerm=1, entries=1, commitIndex=30}
10:08:06.012 [raft-server-2] DEBUG i.a.storage.journal.SegmentedJournal - Created disk segment: JournalSegment{id=4, version=1, index=31, size=64}
10:08:06.012 [raft-server-2] TRACE i.a.p.raft.roles.FollowerRole - RaftServer{2}{role=FOLLOWER} - Appended Indexed{index=31, entry=CommandEntry{term=1, timestamp=2018-06-11 10:08:05,848, session=2, sequence=26, operation=PrimitiveOperation{id=DefaultOperationId{id=write, type=COMMAND}, value=byte[]{length=17, hash=1297078671}}}}
10:08:06.012 [raft-server-2] TRACE i.a.p.raft.roles.FollowerRole - RaftServer{2}{role=FOLLOWER} - Sending AppendResponse{status=OK, term=1, succeeded=true, lastLogIndex=31}
10:08:06.012 [raft-server-1] TRACE i.a.p.raft.roles.LeaderAppender - RaftServer{1} - Received AppendResponse{status=OK, term=1, succeeded=true, lastLogIndex=31} from 2
10:08:06.012 [raft-server-1] TRACE i.a.p.raft.roles.LeaderAppender - RaftServer{1} - Committed entries up to 31
10:08:06.039 [raft-server-3] DEBUG i.a.storage.journal.SegmentedJournal - Created disk segment: JournalSegment{id=4, version=1, index=31, size=64}
10:08:06.039 [raft-server-3] TRACE i.a.p.raft.roles.FollowerRole - RaftServer{3}{role=FOLLOWER} - Appended Indexed{index=31, entry=CommandEntry{term=1, timestamp=2018-06-11 10:08:05,848, session=2, sequence=26, operation=PrimitiveOperation{id=DefaultOperationId{id=write, type=COMMAND}, value=byte[]{length=17, hash=1297078671}}}}
10:08:06.039 [raft-server-3] TRACE i.a.p.raft.roles.FollowerRole - RaftServer{3}{role=FOLLOWER} - Sending AppendResponse{status=OK, term=1, succeeded=true, lastLogIndex=31}
10:08:06.062 [raft-server-1] TRACE i.a.p.raft.roles.LeaderAppender - RaftServer{1} - Received AppendResponse{status=OK, term=1, succeeded=true, lastLogIndex=31} from 3
10:08:06.062 [raft-server-1-state] TRACE i.a.p.raft.impl.RaftServiceManager - RaftServer{1} - Applying Indexed{index=31, entry=CommandEntry{term=1, timestamp=2018-06-11 10:08:05,848, session=2, sequence=26, operation=PrimitiveOperation{id=DefaultOperationId{id=write, type=COMMAND}, value=byte[]{length=17, hash=1297078671}}}}
10:08:06.062 [raft-server-1-state] TRACE i.a.p.s.impl.DefaultServiceExecutor - PrimitiveService{2}{type=io.atomix.protocols.raft.RaftTest$TestPrimitiveType@5051ea1e, name=raft-test} - Executing DefaultCommit{index=31, session=RaftSession{RaftServiceContext{server=1, type=io.atomix.protocols.raft.RaftTest$TestPrimitiveType@5051ea1e, name=raft-test, id=2}, session=2, timestamp=2018-06-11 10:08:05,848}, time=2018-06-11 10:08:05,848, operation=DefaultOperationId{id=write, type=COMMAND}, value=byte[]{length=17, hash=1297078671}}
10:08:06.062 [raft-server-1-state] TRACE i.a.protocols.raft.roles.LeaderRole - RaftServer{1}{role=LEADER} - Sending CommandResponse{status=OK, index=31, eventIndex=2, result=byte[]{length=2, hash=1302}}
10:08:06.062 [raft-client-995c025b-ba21-4dd3-828a-0c3e52b0447e-2] TRACE i.a.p.r.s.impl.RaftSessionConnection - SessionClient{2}{type=io.atomix.protocols.raft.RaftTest$TestPrimitiveType@6b321262, name=raft-test} - Received CommandResponse{status=OK, index=31, eventIndex=2, result=byte[]{length=2, hash=1302}} from 1
10:08:06.062 [raft-client-995c025b-ba21-4dd3-828a-0c3e52b0447e-2] TRACE i.a.p.r.s.impl.RaftSessionSequencer - SessionClient{2}{type=io.atomix.protocols.raft.RaftTest$TestPrimitiveType@6b321262, name=raft-test} - Completing response CommandResponse{status=OK, index=31, eventIndex=2, result=byte[]{length=2, hash=1302}}
10:08:06.062 [raft-client-995c025b-ba21-4dd3-828a-0c3e52b0447e-2] TRACE i.a.p.r.s.impl.RaftSessionConnection - SessionClient{2}{type=io.atomix.protocols.raft.RaftTest$TestPrimitiveType@6b321262, name=raft-test} - Sending CommandRequest{session=2, sequence=27, operation=PrimitiveOperation{id=DefaultOperationId{id=write, type=COMMAND}, value=byte[]{length=17, hash=1297078671}}} to 1
10:08:06.062 [raft-server-1] TRACE i.a.protocols.raft.roles.LeaderRole - RaftServer{1}{role=LEADER} - Received CommandRequest{session=2, sequence=27, operation=PrimitiveOperation{id=DefaultOperationId{id=write, type=COMMAND}, value=byte[]{length=17, hash=1297078671}}}
10:08:06.062 [raft-server-1] TRACE i.a.protocols.raft.roles.LeaderRole - RaftServer{1}{role=LEADER} - Appended Indexed{index=32, entry=CommandEntry{term=1, timestamp=2018-06-11 10:08:06,062, session=2, sequence=27, operation=PrimitiveOperation{id=DefaultOperationId{id=write, type=COMMAND}, value=byte[]{length=17, hash=1297078671}}}}
10:08:06.063 [raft-server-1] TRACE i.a.p.raft.roles.LeaderAppender - RaftServer{1} - Sending AppendRequest{term=1, leader=1, prevLogIndex=31, prevLogTerm=1, entries=1, commitIndex=31} to 2
10:08:06.063 [raft-server-2] TRACE i.a.p.raft.roles.FollowerRole - RaftServer{2}{role=FOLLOWER} - Received AppendRequest{term=1, leader=1, prevLogIndex=31, prevLogTerm=1, entries=1, commitIndex=31}
10:08:06.063 [raft-server-1] TRACE i.a.p.raft.roles.LeaderAppender - RaftServer{1} - Sending AppendRequest{term=1, leader=1, prevLogIndex=31, prevLogTerm=1, entries=1, commitIndex=31} to 3
10:08:06.063 [raft-server-3] TRACE i.a.p.raft.roles.FollowerRole - RaftServer{3}{role=FOLLOWER} - Received AppendRequest{term=1, leader=1, prevLogIndex=31, prevLogTerm=1, entries=1, commitIndex=31}
10:08:06.063 [raft-server-2] TRACE i.a.p.raft.roles.FollowerRole - RaftServer{2}{role=FOLLOWER} - Appended Indexed{index=32, entry=CommandEntry{term=1, timestamp=2018-06-11 10:08:06,062, session=2, sequence=27, operation=PrimitiveOperation{id=DefaultOperationId{id=write, type=COMMAND}, value=byte[]{length=17, hash=1297078671}}}}
10:08:06.063 [raft-server-3] TRACE i.a.p.raft.roles.FollowerRole - RaftServer{3}{role=FOLLOWER} - Appended Indexed{index=32, entry=CommandEntry{term=1, timestamp=2018-06-11 10:08:06,062, session=2, sequence=27, operation=PrimitiveOperation{id=DefaultOperationId{id=write, type=COMMAND}, value=byte[]{length=17, hash=1297078671}}}}
10:08:06.103 [raft-server-2] TRACE i.a.p.raft.roles.FollowerRole - RaftServer{2}{role=FOLLOWER} - Committed entries up to index 31
10:08:06.103 [raft-server-3] TRACE i.a.p.raft.roles.FollowerRole - RaftServer{3}{role=FOLLOWER} - Committed entries up to index 31
10:08:06.103 [raft-server-2] TRACE i.a.p.raft.roles.FollowerRole - RaftServer{2}{role=FOLLOWER} - Sending AppendResponse{status=OK, term=1, succeeded=true, lastLogIndex=32}
10:08:06.103 [raft-server-3] TRACE i.a.p.raft.roles.FollowerRole - RaftServer{3}{role=FOLLOWER} - Sending AppendResponse{status=OK, term=1, succeeded=true, lastLogIndex=32}
10:08:06.103 [raft-server-1] TRACE i.a.p.raft.roles.LeaderAppender - RaftServer{1} - Received AppendResponse{status=OK, term=1, succeeded=true, lastLogIndex=32} from 2
10:08:06.103 [raft-server-2-state] TRACE i.a.p.raft.impl.RaftServiceManager - RaftServer{2} - Applying Indexed{index=31, entry=CommandEntry{term=1, timestamp=2018-06-11 10:08:05,848, session=2, sequence=26, operation=PrimitiveOperation{id=DefaultOperationId{id=write, type=COMMAND}, value=byte[]{length=17, hash=1297078671}}}}
10:08:06.103 [raft-server-3-state] TRACE i.a.p.raft.impl.RaftServiceManager - RaftServer{3} - Applying Indexed{index=31, entry=CommandEntry{term=1, timestamp=2018-06-11 10:08:05,848, session=2, sequence=26, operation=PrimitiveOperation{id=DefaultOperationId{id=write, type=COMMAND}, value=byte[]{length=17, hash=1297078671}}}}
10:08:06.103 [raft-server-1] TRACE i.a.p.raft.roles.LeaderAppender - RaftServer{1} - Committed entries up to 32
10:08:06.103 [raft-server-2-state] TRACE i.a.p.s.impl.DefaultServiceExecutor - PrimitiveService{2}{type=io.atomix.protocols.raft.RaftTest$TestPrimitiveType@25c42b8f, name=raft-test} - Executing DefaultCommit{index=31, session=RaftSession{RaftServiceContext{server=2, type=io.atomix.protocols.raft.RaftTest$TestPrimitiveType@25c42b8f, name=raft-test, id=2}, session=2, timestamp=2018-06-11 10:08:05,848}, time=2018-06-11 10:08:05,848, operation=DefaultOperationId{id=write, type=COMMAND}, value=byte[]{length=17, hash=1297078671}}
10:08:06.104 [raft-server-3-state] TRACE i.a.p.s.impl.DefaultServiceExecutor - PrimitiveService{2}{type=io.atomix.protocols.raft.RaftTest$TestPrimitiveType@5b77a59f, name=raft-test} - Executing DefaultCommit{index=31, session=RaftSession{RaftServiceContext{server=3, type=io.atomix.protocols.raft.RaftTest$TestPrimitiveType@5b77a59f, name=raft-test, id=2}, session=2, timestamp=2018-06-11 10:08:05,848}, time=2018-06-11 10:08:05,848, operation=DefaultOperationId{id=write, type=COMMAND}, value=byte[]{length=17, hash=1297078671}}
10:08:06.164 [raft-server-1] TRACE i.a.p.raft.roles.LeaderAppender - RaftServer{1} - Sending AppendRequest{term=1, leader=1, prevLogIndex=32, prevLogTerm=1, entries=0, commitIndex=32} to 2
10:08:06.164 [raft-server-1] TRACE i.a.p.raft.roles.LeaderAppender - RaftServer{1} - Received AppendResponse{status=OK, term=1, succeeded=true, lastLogIndex=32} from 3
10:08:06.164 [raft-server-2] TRACE i.a.p.raft.roles.FollowerRole - RaftServer{2}{role=FOLLOWER} - Received AppendRequest{term=1, leader=1, prevLogIndex=32, prevLogTerm=1, entries=0, commitIndex=32}
10:08:06.164 [raft-server-1] TRACE i.a.p.raft.roles.LeaderAppender - RaftServer{1} - Sending AppendRequest{term=1, leader=1, prevLogIndex=32, prevLogTerm=1, entries=0, commitIndex=32} to 3
10:08:06.164 [raft-server-3] TRACE i.a.p.raft.roles.FollowerRole - RaftServer{3}{role=FOLLOWER} - Received AppendRequest{term=1, leader=1, prevLogIndex=32, prevLogTerm=1, entries=0, commitIndex=32}
10:08:06.164 [raft-server-1-state] TRACE i.a.p.raft.impl.RaftServiceManager - RaftServer{1} - Applying Indexed{index=32, entry=CommandEntry{term=1, timestamp=2018-06-11 10:08:06,062, session=2, sequence=27, operation=PrimitiveOperation{id=DefaultOperationId{id=write, type=COMMAND}, value=byte[]{length=17, hash=1297078671}}}}
10:08:06.164 [raft-server-1-state] TRACE i.a.p.s.impl.DefaultServiceExecutor - PrimitiveService{2}{type=io.atomix.protocols.raft.RaftTest$TestPrimitiveType@5051ea1e, name=raft-test} - Executing DefaultCommit{index=32, session=RaftSession{RaftServiceContext{server=1, type=io.atomix.protocols.raft.RaftTest$TestPrimitiveType@5051ea1e, name=raft-test, id=2}, session=2, timestamp=2018-06-11 10:08:06,062}, time=2018-06-11 10:08:06,062, operation=DefaultOperationId{id=write, type=COMMAND}, value=byte[]{length=17, hash=1297078671}}
10:08:06.164 [raft-server-1-state] TRACE i.a.protocols.raft.roles.LeaderRole - RaftServer{1}{role=LEADER} - Sending CommandResponse{status=OK, index=32, eventIndex=2, result=byte[]{length=2, hash=1304}}
10:08:06.165 [raft-client-995c025b-ba21-4dd3-828a-0c3e52b0447e-5] TRACE i.a.p.r.s.impl.RaftSessionConnection - SessionClient{2}{type=io.atomix.protocols.raft.RaftTest$TestPrimitiveType@6b321262, name=raft-test} - Received CommandResponse{status=OK, index=32, eventIndex=2, result=byte[]{length=2, hash=1304}} from 1
10:08:06.165 [raft-client-995c025b-ba21-4dd3-828a-0c3e52b0447e-5] TRACE i.a.p.r.s.impl.RaftSessionSequencer - SessionClient{2}{type=io.atomix.protocols.raft.RaftTest$TestPrimitiveType@6b321262, name=raft-test} - Completing response CommandResponse{status=OK, index=32, eventIndex=2, result=byte[]{length=2, hash=1304}}
10:08:06.165 [raft-client-995c025b-ba21-4dd3-828a-0c3e52b0447e-5] TRACE i.a.p.r.s.impl.RaftSessionConnection - SessionClient{2}{type=io.atomix.protocols.raft.RaftTest$TestPrimitiveType@6b321262, name=raft-test} - Sending CommandRequest{session=2, sequence=28, operation=PrimitiveOperation{id=DefaultOperationId{id=write, type=COMMAND}, value=byte[]{length=17, hash=1297078671}}} to 1
10:08:06.165 [raft-server-1] TRACE i.a.protocols.raft.roles.LeaderRole - RaftServer{1}{role=LEADER} - Received CommandRequest{session=2, sequence=28, operation=PrimitiveOperation{id=DefaultOperationId{id=write, type=COMMAND}, value=byte[]{length=17, hash=1297078671}}}
10:08:06.165 [raft-server-1] TRACE i.a.protocols.raft.roles.LeaderRole - RaftServer{1}{role=LEADER} - Appended Indexed{index=33, entry=CommandEntry{term=1, timestamp=2018-06-11 10:08:06,165, session=2, sequence=28, operation=PrimitiveOperation{id=DefaultOperationId{id=write, type=COMMAND}, value=byte[]{length=17, hash=1297078671}}}}
10:08:06.214 [raft-server-3] TRACE i.a.p.raft.roles.FollowerRole - RaftServer{3}{role=FOLLOWER} - Committed entries up to index 32
10:08:06.214 [raft-server-3] TRACE i.a.p.raft.roles.FollowerRole - RaftServer{3}{role=FOLLOWER} - Sending AppendResponse{status=OK, term=1, succeeded=true, lastLogIndex=32}
10:08:06.214 [raft-server-2] TRACE i.a.p.raft.roles.FollowerRole - RaftServer{2}{role=FOLLOWER} - Committed entries up to index 32
10:08:06.214 [raft-server-2] TRACE i.a.p.raft.roles.FollowerRole - RaftServer{2}{role=FOLLOWER} - Sending AppendResponse{status=OK, term=1, succeeded=true, lastLogIndex=32}
10:08:06.214 [raft-server-1] TRACE i.a.p.raft.roles.LeaderAppender - RaftServer{1} - Received AppendResponse{status=OK, term=1, succeeded=true, lastLogIndex=32} from 3
10:08:06.214 [raft-server-3-state] TRACE i.a.p.raft.impl.RaftServiceManager - RaftServer{3} - Applying Indexed{index=32, entry=CommandEntry{term=1, timestamp=2018-06-11 10:08:06,062, session=2, sequence=27, operation=PrimitiveOperation{id=DefaultOperationId{id=write, type=COMMAND}, value=byte[]{length=17, hash=1297078671}}}}
10:08:06.214 [raft-server-1] TRACE i.a.p.raft.roles.LeaderAppender - RaftServer{1} - Sending AppendRequest{term=1, leader=1, prevLogIndex=32, prevLogTerm=1, entries=1, commitIndex=32} to 3
10:08:06.214 [raft-server-3-state] TRACE i.a.p.s.impl.DefaultServiceExecutor - PrimitiveService{2}{type=io.atomix.protocols.raft.RaftTest$TestPrimitiveType@5b77a59f, name=raft-test} - Executing DefaultCommit{index=32, session=RaftSession{RaftServiceContext{server=3, type=io.atomix.protocols.raft.RaftTest$TestPrimitiveType@5b77a59f, name=raft-test, id=2}, session=2, timestamp=2018-06-11 10:08:06,062}, time=2018-06-11 10:08:06,062, operation=DefaultOperationId{id=write, type=COMMAND}, value=byte[]{length=17, hash=1297078671}}
10:08:06.214 [raft-server-3] TRACE i.a.p.raft.roles.FollowerRole - RaftServer{3}{role=FOLLOWER} - Received AppendRequest{term=1, leader=1, prevLogIndex=32, prevLogTerm=1, entries=1, commitIndex=32}
10:08:06.214 [raft-server-2-state] TRACE i.a.p.raft.impl.RaftServiceManager - RaftServer{2} - Applying Indexed{index=32, entry=CommandEntry{term=1, timestamp=2018-06-11 10:08:06,062, session=2, sequence=27, operation=PrimitiveOperation{id=DefaultOperationId{id=write, type=COMMAND}, value=byte[]{length=17, hash=1297078671}}}}
10:08:06.214 [raft-server-1] TRACE i.a.p.raft.roles.LeaderAppender - RaftServer{1} - Received AppendResponse{status=OK, term=1, succeeded=true, lastLogIndex=32} from 2
10:08:06.214 [raft-server-2-state] TRACE i.a.p.s.impl.DefaultServiceExecutor - PrimitiveService{2}{type=io.atomix.protocols.raft.RaftTest$TestPrimitiveType@25c42b8f, name=raft-test} - Executing DefaultCommit{index=32, session=RaftSession{RaftServiceContext{server=2, type=io.atomix.protocols.raft.RaftTest$TestPrimitiveType@25c42b8f, name=raft-test, id=2}, session=2, timestamp=2018-06-11 10:08:06,062}, time=2018-06-11 10:08:06,062, operation=DefaultOperationId{id=write, type=COMMAND}, value=byte[]{length=17, hash=1297078671}}
10:08:06.214 [raft-server-3] TRACE i.a.p.raft.roles.FollowerRole - RaftServer{3}{role=FOLLOWER} - Appended Indexed{index=33, entry=CommandEntry{term=1, timestamp=2018-06-11 10:08:06,165, session=2, sequence=28, operation=PrimitiveOperation{id=DefaultOperationId{id=write, type=COMMAND}, value=byte[]{length=17, hash=1297078671}}}}
10:08:06.214 [raft-server-1] TRACE i.a.p.raft.roles.LeaderAppender - RaftServer{1} - Sending AppendRequest{term=1, leader=1, prevLogIndex=32, prevLogTerm=1, entries=1, commitIndex=32} to 2
10:08:06.214 [raft-server-3] TRACE i.a.p.raft.roles.FollowerRole - RaftServer{3}{role=FOLLOWER} - Sending AppendResponse{status=OK, term=1, succeeded=true, lastLogIndex=33}
10:08:06.215 [raft-server-1] TRACE i.a.p.raft.roles.LeaderAppender - RaftServer{1} - Received AppendResponse{status=OK, term=1, succeeded=true, lastLogIndex=33} from 3
10:08:06.215 [raft-server-1] TRACE i.a.p.raft.roles.LeaderAppender - RaftServer{1} - Committed entries up to 33
10:08:06.215 [raft-server-2] TRACE i.a.p.raft.roles.FollowerRole - RaftServer{2}{role=FOLLOWER} - Received AppendRequest{term=1, leader=1, prevLogIndex=32, prevLogTerm=1, entries=1, commitIndex=32}
10:08:06.215 [raft-server-2] TRACE i.a.p.raft.roles.FollowerRole - RaftServer{2}{role=FOLLOWER} - Appended Indexed{index=33, entry=CommandEntry{term=1, timestamp=2018-06-11 10:08:06,165, session=2, sequence=28, operation=PrimitiveOperation{id=DefaultOperationId{id=write, type=COMMAND}, value=byte[]{length=17, hash=1297078671}}}}
10:08:06.215 [raft-server-2] TRACE i.a.p.raft.roles.FollowerRole - RaftServer{2}{role=FOLLOWER} - Sending AppendResponse{status=OK, term=1, succeeded=true, lastLogIndex=33}
10:08:06.245 [raft-server-1] TRACE i.a.p.raft.roles.LeaderAppender - RaftServer{1} - Received AppendResponse{status=OK, term=1, succeeded=true, lastLogIndex=33} from 2
10:08:06.245 [raft-server-1-state] TRACE i.a.p.raft.impl.RaftServiceManager - RaftServer{1} - Applying Indexed{index=33, entry=CommandEntry{term=1, timestamp=2018-06-11 10:08:06,165, session=2, sequence=28, operation=PrimitiveOperation{id=DefaultOperationId{id=write, type=COMMAND}, value=byte[]{length=17, hash=1297078671}}}}
10:08:06.245 [raft-server-1-state] TRACE i.a.p.s.impl.DefaultServiceExecutor - PrimitiveService{2}{type=io.atomix.protocols.raft.RaftTest$TestPrimitiveType@5051ea1e, name=raft-test} - Executing DefaultCommit{index=33, session=RaftSession{RaftServiceContext{server=1, type=io.atomix.protocols.raft.RaftTest$TestPrimitiveType@5051ea1e, name=raft-test, id=2}, session=2, timestamp=2018-06-11 10:08:06,165}, time=2018-06-11 10:08:06,165, operation=DefaultOperationId{id=write, type=COMMAND}, value=byte[]{length=17, hash=1297078671}}
10:08:06.245 [raft-server-1-state] TRACE i.a.protocols.raft.roles.LeaderRole - RaftServer{1}{role=LEADER} - Sending CommandResponse{status=OK, index=33, eventIndex=2, result=byte[]{length=2, hash=1306}}
10:08:06.245 [raft-client-995c025b-ba21-4dd3-828a-0c3e52b0447e-6] TRACE i.a.p.r.s.impl.RaftSessionConnection - SessionClient{2}{type=io.atomix.protocols.raft.RaftTest$TestPrimitiveType@6b321262, name=raft-test} - Received CommandResponse{status=OK, index=33, eventIndex=2, result=byte[]{length=2, hash=1306}} from 1
10:08:06.245 [raft-client-995c025b-ba21-4dd3-828a-0c3e52b0447e-6] TRACE i.a.p.r.s.impl.RaftSessionSequencer - SessionClient{2}{type=io.atomix.protocols.raft.RaftTest$TestPrimitiveType@6b321262, name=raft-test} - Completing response CommandResponse{status=OK, index=33, eventIndex=2, result=byte[]{length=2, hash=1306}}
10:08:06.245 [raft-client-995c025b-ba21-4dd3-828a-0c3e52b0447e-6] TRACE i.a.p.r.s.impl.RaftSessionConnection - SessionClient{2}{type=io.atomix.protocols.raft.RaftTest$TestPrimitiveType@6b321262, name=raft-test} - Sending CommandRequest{session=2, sequence=29, operation=PrimitiveOperation{id=DefaultOperationId{id=write, type=COMMAND}, value=byte[]{length=17, hash=1297078671}}} to 1
10:08:06.246 [raft-server-1] TRACE i.a.protocols.raft.roles.LeaderRole - RaftServer{1}{role=LEADER} - Received CommandRequest{session=2, sequence=29, operation=PrimitiveOperation{id=DefaultOperationId{id=write, type=COMMAND}, value=byte[]{length=17, hash=1297078671}}}
10:08:06.246 [raft-server-1] TRACE i.a.protocols.raft.roles.LeaderRole - RaftServer{1}{role=LEADER} - Appended Indexed{index=34, entry=CommandEntry{term=1, timestamp=2018-06-11 10:08:06,246, session=2, sequence=29, operation=PrimitiveOperation{id=DefaultOperationId{id=write, type=COMMAND}, value=byte[]{length=17, hash=1297078671}}}}
10:08:06.246 [raft-server-1] TRACE i.a.p.raft.roles.LeaderAppender - RaftServer{1} - Sending AppendRequest{term=1, leader=1, prevLogIndex=33, prevLogTerm=1, entries=1, commitIndex=33} to 2
10:08:06.246 [raft-server-2] TRACE i.a.p.raft.roles.FollowerRole - RaftServer{2}{role=FOLLOWER} - Received AppendRequest{term=1, leader=1, prevLogIndex=33, prevLogTerm=1, entries=1, commitIndex=33}
10:08:06.246 [raft-server-1] TRACE i.a.p.raft.roles.LeaderAppender - RaftServer{1} - Sending AppendRequest{term=1, leader=1, prevLogIndex=33, prevLogTerm=1, entries=1, commitIndex=33} to 3
10:08:06.246 [raft-server-3] TRACE i.a.p.raft.roles.FollowerRole - RaftServer{3}{role=FOLLOWER} - Received AppendRequest{term=1, leader=1, prevLogIndex=33, prevLogTerm=1, entries=1, commitIndex=33}
10:08:06.246 [raft-server-2] TRACE i.a.p.raft.roles.FollowerRole - RaftServer{2}{role=FOLLOWER} - Appended Indexed{index=34, entry=CommandEntry{term=1, timestamp=2018-06-11 10:08:06,246, session=2, sequence=29, operation=PrimitiveOperation{id=DefaultOperationId{id=write, type=COMMAND}, value=byte[]{length=17, hash=1297078671}}}}
10:08:06.246 [raft-server-3] TRACE i.a.p.raft.roles.FollowerRole - RaftServer{3}{role=FOLLOWER} - Appended Indexed{index=34, entry=CommandEntry{term=1, timestamp=2018-06-11 10:08:06,246, session=2, sequence=29, operation=PrimitiveOperation{id=DefaultOperationId{id=write, type=COMMAND}, value=byte[]{length=17, hash=1297078671}}}}
10:08:06.278 [raft-server-2] TRACE i.a.p.raft.roles.FollowerRole - RaftServer{2}{role=FOLLOWER} - Committed entries up to index 33
10:08:06.278 [raft-server-2] TRACE i.a.p.raft.roles.FollowerRole - RaftServer{2}{role=FOLLOWER} - Sending AppendResponse{status=OK, term=1, succeeded=true, lastLogIndex=34}
10:08:06.278 [raft-server-3] TRACE i.a.p.raft.roles.FollowerRole - RaftServer{3}{role=FOLLOWER} - Committed entries up to index 33
10:08:06.278 [raft-server-3] TRACE i.a.p.raft.roles.FollowerRole - RaftServer{3}{role=FOLLOWER} - Sending AppendResponse{status=OK, term=1, succeeded=true, lastLogIndex=34}
10:08:06.278 [raft-server-1] TRACE i.a.p.raft.roles.LeaderAppender - RaftServer{1} - Received AppendResponse{status=OK, term=1, succeeded=true, lastLogIndex=34} from 2
10:08:06.278 [raft-server-2-state] TRACE i.a.p.raft.impl.RaftServiceManager - RaftServer{2} - Applying Indexed{index=33, entry=CommandEntry{term=1, timestamp=2018-06-11 10:08:06,165, session=2, sequence=28, operation=PrimitiveOperation{id=DefaultOperationId{id=write, type=COMMAND}, value=byte[]{length=17, hash=1297078671}}}}
10:08:06.278 [raft-server-1] TRACE i.a.p.raft.roles.LeaderAppender - RaftServer{1} - Committed entries up to 34
10:08:06.278 [raft-server-3-state] TRACE i.a.p.raft.impl.RaftServiceManager - RaftServer{3} - Applying Indexed{index=33, entry=CommandEntry{term=1, timestamp=2018-06-11 10:08:06,165, session=2, sequence=28, operation=PrimitiveOperation{id=DefaultOperationId{id=write, type=COMMAND}, value=byte[]{length=17, hash=1297078671}}}}
10:08:06.278 [raft-server-2-state] TRACE i.a.p.s.impl.DefaultServiceExecutor - PrimitiveService{2}{type=io.atomix.protocols.raft.RaftTest$TestPrimitiveType@25c42b8f, name=raft-test} - Executing DefaultCommit{index=33, session=RaftSession{RaftServiceContext{server=2, type=io.atomix.protocols.raft.RaftTest$TestPrimitiveType@25c42b8f, name=raft-test, id=2}, session=2, timestamp=2018-06-11 10:08:06,165}, time=2018-06-11 10:08:06,165, operation=DefaultOperationId{id=write, type=COMMAND}, value=byte[]{length=17, hash=1297078671}}
10:08:06.278 [raft-server-3-state] TRACE i.a.p.s.impl.DefaultServiceExecutor - PrimitiveService{2}{type=io.atomix.protocols.raft.RaftTest$TestPrimitiveType@5b77a59f, name=raft-test} - Executing DefaultCommit{index=33, session=RaftSession{RaftServiceContext{server=3, type=io.atomix.protocols.raft.RaftTest$TestPrimitiveType@5b77a59f, name=raft-test, id=2}, session=2, timestamp=2018-06-11 10:08:06,165}, time=2018-06-11 10:08:06,165, operation=DefaultOperationId{id=write, type=COMMAND}, value=byte[]{length=17, hash=1297078671}}
10:08:06.312 [raft-server-1] TRACE i.a.p.raft.roles.LeaderAppender - RaftServer{1} - Received AppendResponse{status=OK, term=1, succeeded=true, lastLogIndex=34} from 3
10:08:06.312 [raft-server-1-state] TRACE i.a.p.raft.impl.RaftServiceManager - RaftServer{1} - Applying Indexed{index=34, entry=CommandEntry{term=1, timestamp=2018-06-11 10:08:06,246, session=2, sequence=29, operation=PrimitiveOperation{id=DefaultOperationId{id=write, type=COMMAND}, value=byte[]{length=17, hash=1297078671}}}}
10:08:06.312 [raft-server-1-state] TRACE i.a.p.s.impl.DefaultServiceExecutor - PrimitiveService{2}{type=io.atomix.protocols.raft.RaftTest$TestPrimitiveType@5051ea1e, name=raft-test} - Executing DefaultCommit{index=34, session=RaftSession{RaftServiceContext{server=1, type=io.atomix.protocols.raft.RaftTest$TestPrimitiveType@5051ea1e, name=raft-test, id=2}, session=2, timestamp=2018-06-11 10:08:06,246}, time=2018-06-11 10:08:06,246, operation=DefaultOperationId{id=write, type=COMMAND}, value=byte[]{length=17, hash=1297078671}}
10:08:06.312 [raft-server-1-state] TRACE i.a.protocols.raft.roles.LeaderRole - RaftServer{1}{role=LEADER} - Sending CommandResponse{status=OK, index=34, eventIndex=2, result=byte[]{length=2, hash=1308}}
10:08:06.312 [raft-client-995c025b-ba21-4dd3-828a-0c3e52b0447e-5] TRACE i.a.p.r.s.impl.RaftSessionConnection - SessionClient{2}{type=io.atomix.protocols.raft.RaftTest$TestPrimitiveType@6b321262, name=raft-test} - Received CommandResponse{status=OK, index=34, eventIndex=2, result=byte[]{length=2, hash=1308}} from 1
10:08:06.312 [raft-client-995c025b-ba21-4dd3-828a-0c3e52b0447e-5] TRACE i.a.p.r.s.impl.RaftSessionSequencer - SessionClient{2}{type=io.atomix.protocols.raft.RaftTest$TestPrimitiveType@6b321262, name=raft-test} - Completing response CommandResponse{status=OK, index=34, eventIndex=2, result=byte[]{length=2, hash=1308}}
10:08:06.312 [raft-client-995c025b-ba21-4dd3-828a-0c3e52b0447e-1] TRACE i.a.p.r.s.impl.RaftSessionConnection - SessionClient{2}{type=io.atomix.protocols.raft.RaftTest$TestPrimitiveType@6b321262, name=raft-test} - Sending CommandRequest{session=2, sequence=30, operation=PrimitiveOperation{id=DefaultOperationId{id=write, type=COMMAND}, value=byte[]{length=17, hash=1297078671}}} to 1
10:08:06.312 [raft-server-1] TRACE i.a.protocols.raft.roles.LeaderRole - RaftServer{1}{role=LEADER} - Received CommandRequest{session=2, sequence=30, operation=PrimitiveOperation{id=DefaultOperationId{id=write, type=COMMAND}, value=byte[]{length=17, hash=1297078671}}}
10:08:06.312 [raft-server-1] TRACE i.a.protocols.raft.roles.LeaderRole - RaftServer{1}{role=LEADER} - Appended Indexed{index=35, entry=CommandEntry{term=1, timestamp=2018-06-11 10:08:06,312, session=2, sequence=30, operation=PrimitiveOperation{id=DefaultOperationId{id=write, type=COMMAND}, value=byte[]{length=17, hash=1297078671}}}}
10:08:06.313 [raft-server-1] TRACE i.a.p.raft.roles.LeaderAppender - RaftServer{1} - Sending AppendRequest{term=1, leader=1, prevLogIndex=34, prevLogTerm=1, entries=1, commitIndex=34} to 2
10:08:06.313 [raft-server-2] TRACE i.a.p.raft.roles.FollowerRole - RaftServer{2}{role=FOLLOWER} - Received AppendRequest{term=1, leader=1, prevLogIndex=34, prevLogTerm=1, entries=1, commitIndex=34}
10:08:06.313 [raft-server-1] TRACE i.a.p.raft.roles.LeaderAppender - RaftServer{1} - Sending AppendRequest{term=1, leader=1, prevLogIndex=34, prevLogTerm=1, entries=1, commitIndex=34} to 3
10:08:06.313 [raft-server-3] TRACE i.a.p.raft.roles.FollowerRole - RaftServer{3}{role=FOLLOWER} - Received AppendRequest{term=1, leader=1, prevLogIndex=34, prevLogTerm=1, entries=1, commitIndex=34}
10:08:06.313 [raft-server-2] TRACE i.a.p.raft.roles.FollowerRole - RaftServer{2}{role=FOLLOWER} - Appended Indexed{index=35, entry=CommandEntry{term=1, timestamp=2018-06-11 10:08:06,312, session=2, sequence=30, operation=PrimitiveOperation{id=DefaultOperationId{id=write, type=COMMAND}, value=byte[]{length=17, hash=1297078671}}}}
10:08:06.313 [raft-server-3] TRACE i.a.p.raft.roles.FollowerRole - RaftServer{3}{role=FOLLOWER} - Appended Indexed{index=35, entry=CommandEntry{term=1, timestamp=2018-06-11 10:08:06,312, session=2, sequence=30, operation=PrimitiveOperation{id=DefaultOperationId{id=write, type=COMMAND}, value=byte[]{length=17, hash=1297078671}}}}
10:08:06.345 [raft-server-2] TRACE i.a.p.raft.roles.FollowerRole - RaftServer{2}{role=FOLLOWER} - Committed entries up to index 34
10:08:06.345 [raft-server-3] TRACE i.a.p.raft.roles.FollowerRole - RaftServer{3}{role=FOLLOWER} - Committed entries up to index 34
10:08:06.345 [raft-server-2] TRACE i.a.p.raft.roles.FollowerRole - RaftServer{2}{role=FOLLOWER} - Sending AppendResponse{status=OK, term=1, succeeded=true, lastLogIndex=35}
10:08:06.345 [raft-server-3] TRACE i.a.p.raft.roles.FollowerRole - RaftServer{3}{role=FOLLOWER} - Sending AppendResponse{status=OK, term=1, succeeded=true, lastLogIndex=35}
10:08:06.345 [raft-server-1] TRACE i.a.p.raft.roles.LeaderAppender - RaftServer{1} - Received AppendResponse{status=OK, term=1, succeeded=true, lastLogIndex=35} from 2
10:08:06.345 [raft-server-1] TRACE i.a.p.raft.roles.LeaderAppender - RaftServer{1} - Committed entries up to 35
10:08:06.345 [raft-server-3-state] TRACE i.a.p.raft.impl.RaftServiceManager - RaftServer{3} - Applying Indexed{index=34, entry=CommandEntry{term=1, timestamp=2018-06-11 10:08:06,246, session=2, sequence=29, operation=PrimitiveOperation{id=DefaultOperationId{id=write, type=COMMAND}, value=byte[]{length=17, hash=1297078671}}}}
10:08:06.345 [raft-server-3-state] TRACE i.a.p.s.impl.DefaultServiceExecutor - PrimitiveService{2}{type=io.atomix.protocols.raft.RaftTest$TestPrimitiveType@5b77a59f, name=raft-test} - Executing DefaultCommit{index=34, session=RaftSession{RaftServiceContext{server=3, type=io.atomix.protocols.raft.RaftTest$TestPrimitiveType@5b77a59f, name=raft-test, id=2}, session=2, timestamp=2018-06-11 10:08:06,246}, time=2018-06-11 10:08:06,246, operation=DefaultOperationId{id=write, type=COMMAND}, value=byte[]{length=17, hash=1297078671}}
10:08:06.345 [raft-server-2-state] TRACE i.a.p.raft.impl.RaftServiceManager - RaftServer{2} - Applying Indexed{index=34, entry=CommandEntry{term=1, timestamp=2018-06-11 10:08:06,246, session=2, sequence=29, operation=PrimitiveOperation{id=DefaultOperationId{id=write, type=COMMAND}, value=byte[]{length=17, hash=1297078671}}}}
10:08:06.345 [raft-server-2-state] TRACE i.a.p.s.impl.DefaultServiceExecutor - PrimitiveService{2}{type=io.atomix.protocols.raft.RaftTest$TestPrimitiveType@25c42b8f, name=raft-test} - Executing DefaultCommit{index=34, session=RaftSession{RaftServiceContext{server=2, type=io.atomix.protocols.raft.RaftTest$TestPrimitiveType@25c42b8f, name=raft-test, id=2}, session=2, timestamp=2018-06-11 10:08:06,246}, time=2018-06-11 10:08:06,246, operation=DefaultOperationId{id=write, type=COMMAND}, value=byte[]{length=17, hash=1297078671}}
10:08:06.370 [raft-server-1] TRACE i.a.p.raft.roles.LeaderAppender - RaftServer{1} - Sending AppendRequest{term=1, leader=1, prevLogIndex=35, prevLogTerm=1, entries=0, commitIndex=35} to 2
10:08:06.370 [raft-server-1] TRACE i.a.p.raft.roles.LeaderAppender - RaftServer{1} - Received AppendResponse{status=OK, term=1, succeeded=true, lastLogIndex=35} from 3
10:08:06.370 [raft-server-2] TRACE i.a.p.raft.roles.FollowerRole - RaftServer{2}{role=FOLLOWER} - Received AppendRequest{term=1, leader=1, prevLogIndex=35, prevLogTerm=1, entries=0, commitIndex=35}
10:08:06.370 [raft-server-1] TRACE i.a.p.raft.roles.LeaderAppender - RaftServer{1} - Sending AppendRequest{term=1, leader=1, prevLogIndex=35, prevLogTerm=1, entries=0, commitIndex=35} to 3
10:08:06.370 [raft-server-3] TRACE i.a.p.raft.roles.FollowerRole - RaftServer{3}{role=FOLLOWER} - Received AppendRequest{term=1, leader=1, prevLogIndex=35, prevLogTerm=1, entries=0, commitIndex=35}
10:08:06.370 [raft-server-1-state] TRACE i.a.p.raft.impl.RaftServiceManager - RaftServer{1} - Applying Indexed{index=35, entry=CommandEntry{term=1, timestamp=2018-06-11 10:08:06,312, session=2, sequence=30, operation=PrimitiveOperation{id=DefaultOperationId{id=write, type=COMMAND}, value=byte[]{length=17, hash=1297078671}}}}
10:08:06.370 [raft-server-1-state] TRACE i.a.p.s.impl.DefaultServiceExecutor - PrimitiveService{2}{type=io.atomix.protocols.raft.RaftTest$TestPrimitiveType@5051ea1e, name=raft-test} - Executing DefaultCommit{index=35, session=RaftSession{RaftServiceContext{server=1, type=io.atomix.protocols.raft.RaftTest$TestPrimitiveType@5051ea1e, name=raft-test, id=2}, session=2, timestamp=2018-06-11 10:08:06,312}, time=2018-06-11 10:08:06,312, operation=DefaultOperationId{id=write, type=COMMAND}, value=byte[]{length=17, hash=1297078671}}
10:08:06.370 [raft-server-1-state] TRACE i.a.protocols.raft.roles.LeaderRole - RaftServer{1}{role=LEADER} - Sending CommandResponse{status=OK, index=35, eventIndex=2, result=byte[]{length=2, hash=1310}}
10:08:06.370 [raft-client-995c025b-ba21-4dd3-828a-0c3e52b0447e-0] TRACE i.a.p.r.s.impl.RaftSessionConnection - SessionClient{2}{type=io.atomix.protocols.raft.RaftTest$TestPrimitiveType@6b321262, name=raft-test} - Received CommandResponse{status=OK, index=35, eventIndex=2, result=byte[]{length=2, hash=1310}} from 1
10:08:06.370 [raft-client-995c025b-ba21-4dd3-828a-0c3e52b0447e-0] TRACE i.a.p.r.s.impl.RaftSessionSequencer - SessionClient{2}{type=io.atomix.protocols.raft.RaftTest$TestPrimitiveType@6b321262, name=raft-test} - Completing response CommandResponse{status=OK, index=35, eventIndex=2, result=byte[]{length=2, hash=1310}}
10:08:06.371 [raft-client-995c025b-ba21-4dd3-828a-0c3e52b0447e-3] TRACE i.a.p.r.s.impl.RaftSessionConnection - SessionClient{2}{type=io.atomix.protocols.raft.RaftTest$TestPrimitiveType@6b321262, name=raft-test} - Sending CommandRequest{session=2, sequence=31, operation=PrimitiveOperation{id=DefaultOperationId{id=write, type=COMMAND}, value=byte[]{length=17, hash=1297078671}}} to 1
10:08:06.371 [raft-server-1] TRACE i.a.protocols.raft.roles.LeaderRole - RaftServer{1}{role=LEADER} - Received CommandRequest{session=2, sequence=31, operation=PrimitiveOperation{id=DefaultOperationId{id=write, type=COMMAND}, value=byte[]{length=17, hash=1297078671}}}
10:08:06.371 [raft-server-1] TRACE i.a.protocols.raft.roles.LeaderRole - RaftServer{1}{role=LEADER} - Appended Indexed{index=36, entry=CommandEntry{term=1, timestamp=2018-06-11 10:08:06,371, session=2, sequence=31, operation=PrimitiveOperation{id=DefaultOperationId{id=write, type=COMMAND}, value=byte[]{length=17, hash=1297078671}}}}
10:08:06.395 [raft-server-2] TRACE i.a.p.raft.roles.FollowerRole - RaftServer{2}{role=FOLLOWER} - Committed entries up to index 35
10:08:06.395 [raft-server-2] TRACE i.a.p.raft.roles.FollowerRole - RaftServer{2}{role=FOLLOWER} - Sending AppendResponse{status=OK, term=1, succeeded=true, lastLogIndex=35}
10:08:06.395 [raft-server-1] TRACE i.a.p.raft.roles.LeaderAppender - RaftServer{1} - Received AppendResponse{status=OK, term=1, succeeded=true, lastLogIndex=35} from 2
10:08:06.395 [raft-server-2-state] TRACE i.a.p.raft.impl.RaftServiceManager - RaftServer{2} - Applying Indexed{index=35, entry=CommandEntry{term=1, timestamp=2018-06-11 10:08:06,312, session=2, sequence=30, operation=PrimitiveOperation{id=DefaultOperationId{id=write, type=COMMAND}, value=byte[]{length=17, hash=1297078671}}}}
10:08:06.395 [raft-server-1] TRACE i.a.p.raft.roles.LeaderAppender - RaftServer{1} - Sending AppendRequest{term=1, leader=1, prevLogIndex=35, prevLogTerm=1, entries=1, commitIndex=35} to 2
10:08:06.395 [raft-server-2-state] TRACE i.a.p.s.impl.DefaultServiceExecutor - PrimitiveService{2}{type=io.atomix.protocols.raft.RaftTest$TestPrimitiveType@25c42b8f, name=raft-test} - Executing DefaultCommit{index=35, session=RaftSession{RaftServiceContext{server=2, type=io.atomix.protocols.raft.RaftTest$TestPrimitiveType@25c42b8f, name=raft-test, id=2}, session=2, timestamp=2018-06-11 10:08:06,312}, time=2018-06-11 10:08:06,312, operation=DefaultOperationId{id=write, type=COMMAND}, value=byte[]{length=17, hash=1297078671}}
10:08:06.395 [raft-server-2] TRACE i.a.p.raft.roles.FollowerRole - RaftServer{2}{role=FOLLOWER} - Received AppendRequest{term=1, leader=1, prevLogIndex=35, prevLogTerm=1, entries=1, commitIndex=35}
10:08:06.395 [raft-server-2] TRACE i.a.p.raft.roles.FollowerRole - RaftServer{2}{role=FOLLOWER} - Appended Indexed{index=36, entry=CommandEntry{term=1, timestamp=2018-06-11 10:08:06,371, session=2, sequence=31, operation=PrimitiveOperation{id=DefaultOperationId{id=write, type=COMMAND}, value=byte[]{length=17, hash=1297078671}}}}
10:08:06.395 [raft-server-2] TRACE i.a.p.raft.roles.FollowerRole - RaftServer{2}{role=FOLLOWER} - Sending AppendResponse{status=OK, term=1, succeeded=true, lastLogIndex=36}
10:08:06.395 [raft-server-1] TRACE i.a.p.raft.roles.LeaderAppender - RaftServer{1} - Received AppendResponse{status=OK, term=1, succeeded=true, lastLogIndex=36} from 2
10:08:06.395 [raft-server-1] TRACE i.a.p.raft.roles.LeaderAppender - RaftServer{1} - Committed entries up to 36
10:08:06.420 [raft-server-3] TRACE i.a.p.raft.roles.FollowerRole - RaftServer{3}{role=FOLLOWER} - Committed entries up to index 35
10:08:06.420 [raft-server-3] TRACE i.a.p.raft.roles.FollowerRole - RaftServer{3}{role=FOLLOWER} - Sending AppendResponse{status=OK, term=1, succeeded=true, lastLogIndex=35}
10:08:06.420 [raft-server-3-state] TRACE i.a.p.raft.impl.RaftServiceManager - RaftServer{3} - Applying Indexed{index=35, entry=CommandEntry{term=1, timestamp=2018-06-11 10:08:06,312, session=2, sequence=30, operation=PrimitiveOperation{id=DefaultOperationId{id=write, type=COMMAND}, value=byte[]{length=17, hash=1297078671}}}}
10:08:06.420 [raft-server-3-state] TRACE i.a.p.s.impl.DefaultServiceExecutor - PrimitiveService{2}{type=io.atomix.protocols.raft.RaftTest$TestPrimitiveType@5b77a59f, name=raft-test} - Executing DefaultCommit{index=35, session=RaftSession{RaftServiceContext{server=3, type=io.atomix.protocols.raft.RaftTest$TestPrimitiveType@5b77a59f, name=raft-test, id=2}, session=2, timestamp=2018-06-11 10:08:06,312}, time=2018-06-11 10:08:06,312, operation=DefaultOperationId{id=write, type=COMMAND}, value=byte[]{length=17, hash=1297078671}}
10:08:06.439 [raft-server-1] TRACE i.a.p.raft.roles.LeaderAppender - RaftServer{1} - Received AppendResponse{status=OK, term=1, succeeded=true, lastLogIndex=35} from 3
10:08:06.439 [raft-server-1] TRACE i.a.p.raft.roles.LeaderAppender - RaftServer{1} - Sending AppendRequest{term=1, leader=1, prevLogIndex=35, prevLogTerm=1, entries=1, commitIndex=36} to 3
10:08:06.439 [raft-server-3] TRACE i.a.p.raft.roles.FollowerRole - RaftServer{3}{role=FOLLOWER} - Received AppendRequest{term=1, leader=1, prevLogIndex=35, prevLogTerm=1, entries=1, commitIndex=36}
10:08:06.439 [raft-server-1-state] TRACE i.a.p.raft.impl.RaftServiceManager - RaftServer{1} - Applying Indexed{index=36, entry=CommandEntry{term=1, timestamp=2018-06-11 10:08:06,371, session=2, sequence=31, operation=PrimitiveOperation{id=DefaultOperationId{id=write, type=COMMAND}, value=byte[]{length=17, hash=1297078671}}}}
10:08:06.439 [raft-server-1-state] TRACE i.a.p.s.impl.DefaultServiceExecutor - PrimitiveService{2}{type=io.atomix.protocols.raft.RaftTest$TestPrimitiveType@5051ea1e, name=raft-test} - Executing DefaultCommit{index=36, session=RaftSession{RaftServiceContext{server=1, type=io.atomix.protocols.raft.RaftTest$TestPrimitiveType@5051ea1e, name=raft-test, id=2}, session=2, timestamp=2018-06-11 10:08:06,371}, time=2018-06-11 10:08:06,371, operation=DefaultOperationId{id=write, type=COMMAND}, value=byte[]{length=17, hash=1297078671}}
10:08:06.439 [raft-server-3] TRACE i.a.p.raft.roles.FollowerRole - RaftServer{3}{role=FOLLOWER} - Appended Indexed{index=36, entry=CommandEntry{term=1, timestamp=2018-06-11 10:08:06,371, session=2, sequence=31, operation=PrimitiveOperation{id=DefaultOperationId{id=write, type=COMMAND}, value=byte[]{length=17, hash=1297078671}}}}
10:08:06.439 [raft-server-1-state] TRACE i.a.protocols.raft.roles.LeaderRole - RaftServer{1}{role=LEADER} - Sending CommandResponse{status=OK, index=36, eventIndex=2, result=byte[]{length=2, hash=1312}}
10:08:06.439 [raft-client-995c025b-ba21-4dd3-828a-0c3e52b0447e-4] TRACE i.a.p.r.s.impl.RaftSessionConnection - SessionClient{2}{type=io.atomix.protocols.raft.RaftTest$TestPrimitiveType@6b321262, name=raft-test} - Received CommandResponse{status=OK, index=36, eventIndex=2, result=byte[]{length=2, hash=1312}} from 1
10:08:06.439 [raft-client-995c025b-ba21-4dd3-828a-0c3e52b0447e-4] TRACE i.a.p.r.s.impl.RaftSessionSequencer - SessionClient{2}{type=io.atomix.protocols.raft.RaftTest$TestPrimitiveType@6b321262, name=raft-test} - Completing response CommandResponse{status=OK, index=36, eventIndex=2, result=byte[]{length=2, hash=1312}}
10:08:06.440 [raft-client-995c025b-ba21-4dd3-828a-0c3e52b0447e-7] TRACE i.a.p.r.s.impl.RaftSessionConnection - SessionClient{2}{type=io.atomix.protocols.raft.RaftTest$TestPrimitiveType@6b321262, name=raft-test} - Sending CommandRequest{session=2, sequence=32, operation=PrimitiveOperation{id=DefaultOperationId{id=write, type=COMMAND}, value=byte[]{length=17, hash=1297078671}}} to 1
10:08:06.440 [raft-server-1] TRACE i.a.protocols.raft.roles.LeaderRole - RaftServer{1}{role=LEADER} - Received CommandRequest{session=2, sequence=32, operation=PrimitiveOperation{id=DefaultOperationId{id=write, type=COMMAND}, value=byte[]{length=17, hash=1297078671}}}
10:08:06.440 [raft-server-1] TRACE i.a.protocols.raft.roles.LeaderRole - RaftServer{1}{role=LEADER} - Appended Indexed{index=37, entry=CommandEntry{term=1, timestamp=2018-06-11 10:08:06,440, session=2, sequence=32, operation=PrimitiveOperation{id=DefaultOperationId{id=write, type=COMMAND}, value=byte[]{length=17, hash=1297078671}}}}
10:08:06.440 [raft-server-1] TRACE i.a.p.raft.roles.LeaderAppender - RaftServer{1} - Sending AppendRequest{term=1, leader=1, prevLogIndex=36, prevLogTerm=1, entries=1, commitIndex=36} to 2
10:08:06.440 [raft-server-2] TRACE i.a.p.raft.roles.FollowerRole - RaftServer{2}{role=FOLLOWER} - Received AppendRequest{term=1, leader=1, prevLogIndex=36, prevLogTerm=1, entries=1, commitIndex=36}
10:08:06.440 [raft-server-2] TRACE i.a.p.raft.roles.FollowerRole - RaftServer{2}{role=FOLLOWER} - Appended Indexed{index=37, entry=CommandEntry{term=1, timestamp=2018-06-11 10:08:06,440, session=2, sequence=32, operation=PrimitiveOperation{id=DefaultOperationId{id=write, type=COMMAND}, value=byte[]{length=17, hash=1297078671}}}}
10:08:06.472 [raft-server-3] TRACE i.a.p.raft.roles.FollowerRole - RaftServer{3}{role=FOLLOWER} - Committed entries up to index 36
10:08:06.472 [raft-server-3] TRACE i.a.p.raft.roles.FollowerRole - RaftServer{3}{role=FOLLOWER} - Sending AppendResponse{status=OK, term=1, succeeded=true, lastLogIndex=36}
10:08:06.472 [raft-server-1] TRACE i.a.p.raft.roles.LeaderAppender - RaftServer{1} - Received AppendResponse{status=OK, term=1, succeeded=true, lastLogIndex=36} from 3
10:08:06.472 [raft-server-3-state] TRACE i.a.p.raft.impl.RaftServiceManager - RaftServer{3} - Applying Indexed{index=36, entry=CommandEntry{term=1, timestamp=2018-06-11 10:08:06,371, session=2, sequence=31, operation=PrimitiveOperation{id=DefaultOperationId{id=write, type=COMMAND}, value=byte[]{length=17, hash=1297078671}}}}
10:08:06.472 [raft-server-1] TRACE i.a.p.raft.roles.LeaderAppender - RaftServer{1} - Sending AppendRequest{term=1, leader=1, prevLogIndex=36, prevLogTerm=1, entries=1, commitIndex=36} to 3
10:08:06.472 [raft-server-3-state] TRACE i.a.p.s.impl.DefaultServiceExecutor - PrimitiveService{2}{type=io.atomix.protocols.raft.RaftTest$TestPrimitiveType@5b77a59f, name=raft-test} - Executing DefaultCommit{index=36, session=RaftSession{RaftServiceContext{server=3, type=io.atomix.protocols.raft.RaftTest$TestPrimitiveType@5b77a59f, name=raft-test, id=2}, session=2, timestamp=2018-06-11 10:08:06,371}, time=2018-06-11 10:08:06,371, operation=DefaultOperationId{id=write, type=COMMAND}, value=byte[]{length=17, hash=1297078671}}
10:08:06.472 [raft-server-3] TRACE i.a.p.raft.roles.FollowerRole - RaftServer{3}{role=FOLLOWER} - Received AppendRequest{term=1, leader=1, prevLogIndex=36, prevLogTerm=1, entries=1, commitIndex=36}
10:08:06.473 [raft-server-3] TRACE i.a.p.raft.roles.FollowerRole - RaftServer{3}{role=FOLLOWER} - Appended Indexed{index=37, entry=CommandEntry{term=1, timestamp=2018-06-11 10:08:06,440, session=2, sequence=32, operation=PrimitiveOperation{id=DefaultOperationId{id=write, type=COMMAND}, value=byte[]{length=17, hash=1297078671}}}}
10:08:06.473 [raft-server-3] TRACE i.a.p.raft.roles.FollowerRole - RaftServer{3}{role=FOLLOWER} - Sending AppendResponse{status=OK, term=1, succeeded=true, lastLogIndex=37}
10:08:06.473 [raft-server-1] TRACE i.a.p.raft.roles.LeaderAppender - RaftServer{1} - Received AppendResponse{status=OK, term=1, succeeded=true, lastLogIndex=37} from 3
10:08:06.473 [raft-server-1] TRACE i.a.p.raft.roles.LeaderAppender - RaftServer{1} - Committed entries up to 37
10:08:06.503 [raft-server-2] TRACE i.a.p.raft.roles.FollowerRole - RaftServer{2}{role=FOLLOWER} - Committed entries up to index 36
10:08:06.503 [raft-server-2] TRACE i.a.p.raft.roles.FollowerRole - RaftServer{2}{role=FOLLOWER} - Sending AppendResponse{status=OK, term=1, succeeded=true, lastLogIndex=37}
10:08:06.503 [raft-server-2-state] TRACE i.a.p.raft.impl.RaftServiceManager - RaftServer{2} - Applying Indexed{index=36, entry=CommandEntry{term=1, timestamp=2018-06-11 10:08:06,371, session=2, sequence=31, operation=PrimitiveOperation{id=DefaultOperationId{id=write, type=COMMAND}, value=byte[]{length=17, hash=1297078671}}}}
10:08:06.503 [raft-server-2-state] TRACE i.a.p.s.impl.DefaultServiceExecutor - PrimitiveService{2}{type=io.atomix.protocols.raft.RaftTest$TestPrimitiveType@25c42b8f, name=raft-test} - Executing DefaultCommit{index=36, session=RaftSession{RaftServiceContext{server=2, type=io.atomix.protocols.raft.RaftTest$TestPrimitiveType@25c42b8f, name=raft-test, id=2}, session=2, timestamp=2018-06-11 10:08:06,371}, time=2018-06-11 10:08:06,371, operation=DefaultOperationId{id=write, type=COMMAND}, value=byte[]{length=17, hash=1297078671}}
10:08:06.522 [raft-server-1] TRACE i.a.p.raft.roles.LeaderAppender - RaftServer{1} - Received AppendResponse{status=OK, term=1, succeeded=true, lastLogIndex=37} from 2
10:08:06.522 [raft-server-1-state] TRACE i.a.p.raft.impl.RaftServiceManager - RaftServer{1} - Applying Indexed{index=37, entry=CommandEntry{term=1, timestamp=2018-06-11 10:08:06,440, session=2, sequence=32, operation=PrimitiveOperation{id=DefaultOperationId{id=write, type=COMMAND}, value=byte[]{length=17, hash=1297078671}}}}
10:08:06.522 [raft-server-1-state] TRACE i.a.p.s.impl.DefaultServiceExecutor - PrimitiveService{2}{type=io.atomix.protocols.raft.RaftTest$TestPrimitiveType@5051ea1e, name=raft-test} - Executing DefaultCommit{index=37, session=RaftSession{RaftServiceContext{server=1, type=io.atomix.protocols.raft.RaftTest$TestPrimitiveType@5051ea1e, name=raft-test, id=2}, session=2, timestamp=2018-06-11 10:08:06,440}, time=2018-06-11 10:08:06,440, operation=DefaultOperationId{id=write, type=COMMAND}, value=byte[]{length=17, hash=1297078671}}
10:08:06.523 [raft-server-1-state] TRACE i.a.protocols.raft.roles.LeaderRole - RaftServer{1}{role=LEADER} - Sending CommandResponse{status=OK, index=37, eventIndex=2, result=byte[]{length=2, hash=1314}}
10:08:06.523 [raft-client-995c025b-ba21-4dd3-828a-0c3e52b0447e-5] TRACE i.a.p.r.s.impl.RaftSessionConnection - SessionClient{2}{type=io.atomix.protocols.raft.RaftTest$TestPrimitiveType@6b321262, name=raft-test} - Received CommandResponse{status=OK, index=37, eventIndex=2, result=byte[]{length=2, hash=1314}} from 1
10:08:06.523 [raft-client-995c025b-ba21-4dd3-828a-0c3e52b0447e-5] TRACE i.a.p.r.s.impl.RaftSessionSequencer - SessionClient{2}{type=io.atomix.protocols.raft.RaftTest$TestPrimitiveType@6b321262, name=raft-test} - Completing response CommandResponse{status=OK, index=37, eventIndex=2, result=byte[]{length=2, hash=1314}}
10:08:06.523 [raft-client-995c025b-ba21-4dd3-828a-0c3e52b0447e-4] TRACE i.a.p.r.s.impl.RaftSessionConnection - SessionClient{2}{type=io.atomix.protocols.raft.RaftTest$TestPrimitiveType@6b321262, name=raft-test} - Sending CommandRequest{session=2, sequence=33, operation=PrimitiveOperation{id=DefaultOperationId{id=write, type=COMMAND}, value=byte[]{length=17, hash=1297078671}}} to 1
10:08:06.523 [raft-server-1] TRACE i.a.protocols.raft.roles.LeaderRole - RaftServer{1}{role=LEADER} - Received CommandRequest{session=2, sequence=33, operation=PrimitiveOperation{id=DefaultOperationId{id=write, type=COMMAND}, value=byte[]{length=17, hash=1297078671}}}
10:08:06.523 [raft-server-1] TRACE i.a.protocols.raft.roles.LeaderRole - RaftServer{1}{role=LEADER} - Appended Indexed{index=38, entry=CommandEntry{term=1, timestamp=2018-06-11 10:08:06,523, session=2, sequence=33, operation=PrimitiveOperation{id=DefaultOperationId{id=write, type=COMMAND}, value=byte[]{length=17, hash=1297078671}}}}
10:08:06.523 [raft-server-1] TRACE i.a.p.raft.roles.LeaderAppender - RaftServer{1} - Sending AppendRequest{term=1, leader=1, prevLogIndex=37, prevLogTerm=1, entries=1, commitIndex=37} to 2
10:08:06.523 [raft-server-2] TRACE i.a.p.raft.roles.FollowerRole - RaftServer{2}{role=FOLLOWER} - Received AppendRequest{term=1, leader=1, prevLogIndex=37, prevLogTerm=1, entries=1, commitIndex=37}
10:08:06.523 [raft-server-1] TRACE i.a.p.raft.roles.LeaderAppender - RaftServer{1} - Sending AppendRequest{term=1, leader=1, prevLogIndex=37, prevLogTerm=1, entries=1, commitIndex=37} to 3
10:08:06.523 [raft-server-3] TRACE i.a.p.raft.roles.FollowerRole - RaftServer{3}{role=FOLLOWER} - Received AppendRequest{term=1, leader=1, prevLogIndex=37, prevLogTerm=1, entries=1, commitIndex=37}
10:08:06.523 [raft-server-2] TRACE i.a.p.raft.roles.FollowerRole - RaftServer{2}{role=FOLLOWER} - Appended Indexed{index=38, entry=CommandEntry{term=1, timestamp=2018-06-11 10:08:06,523, session=2, sequence=33, operation=PrimitiveOperation{id=DefaultOperationId{id=write, type=COMMAND}, value=byte[]{length=17, hash=1297078671}}}}
10:08:06.524 [raft-server-3] TRACE i.a.p.raft.roles.FollowerRole - RaftServer{3}{role=FOLLOWER} - Appended Indexed{index=38, entry=CommandEntry{term=1, timestamp=2018-06-11 10:08:06,523, session=2, sequence=33, operation=PrimitiveOperation{id=DefaultOperationId{id=write, type=COMMAND}, value=byte[]{length=17, hash=1297078671}}}}
10:08:06.556 [raft-server-2] TRACE i.a.p.raft.roles.FollowerRole - RaftServer{2}{role=FOLLOWER} - Committed entries up to index 37
10:08:06.556 [raft-server-3] TRACE i.a.p.raft.roles.FollowerRole - RaftServer{3}{role=FOLLOWER} - Committed entries up to index 37
10:08:06.556 [raft-server-2] TRACE i.a.p.raft.roles.FollowerRole - RaftServer{2}{role=FOLLOWER} - Sending AppendResponse{status=OK, term=1, succeeded=true, lastLogIndex=38}
10:08:06.556 [raft-server-3] TRACE i.a.p.raft.roles.FollowerRole - RaftServer{3}{role=FOLLOWER} - Sending AppendResponse{status=OK, term=1, succeeded=true, lastLogIndex=38}
10:08:06.556 [raft-server-2-state] TRACE i.a.p.raft.impl.RaftServiceManager - RaftServer{2} - Applying Indexed{index=37, entry=CommandEntry{term=1, timestamp=2018-06-11 10:08:06,440, session=2, sequence=32, operation=PrimitiveOperation{id=DefaultOperationId{id=write, type=COMMAND}, value=byte[]{length=17, hash=1297078671}}}}
10:08:06.556 [raft-server-2-state] TRACE i.a.p.s.impl.DefaultServiceExecutor - PrimitiveService{2}{type=io.atomix.protocols.raft.RaftTest$TestPrimitiveType@25c42b8f, name=raft-test} - Executing DefaultCommit{index=37, session=RaftSession{RaftServiceContext{server=2, type=io.atomix.protocols.raft.RaftTest$TestPrimitiveType@25c42b8f, name=raft-test, id=2}, session=2, timestamp=2018-06-11 10:08:06,440}, time=2018-06-11 10:08:06,440, operation=DefaultOperationId{id=write, type=COMMAND}, value=byte[]{length=17, hash=1297078671}}
10:08:06.556 [raft-server-1] TRACE i.a.p.raft.roles.LeaderAppender - RaftServer{1} - Received AppendResponse{status=OK, term=1, succeeded=true, lastLogIndex=38} from 2
10:08:06.556 [raft-server-1] TRACE i.a.p.raft.roles.LeaderAppender - RaftServer{1} - Committed entries up to 38
10:08:06.556 [raft-server-3-state] TRACE i.a.p.raft.impl.RaftServiceManager - RaftServer{3} - Applying Indexed{index=37, entry=CommandEntry{term=1, timestamp=2018-06-11 10:08:06,440, session=2, sequence=32, operation=PrimitiveOperation{id=DefaultOperationId{id=write, type=COMMAND}, value=byte[]{length=17, hash=1297078671}}}}
10:08:06.556 [raft-server-3-state] TRACE i.a.p.s.impl.DefaultServiceExecutor - PrimitiveService{2}{type=io.atomix.protocols.raft.RaftTest$TestPrimitiveType@5b77a59f, name=raft-test} - Executing DefaultCommit{index=37, session=RaftSession{RaftServiceContext{server=3, type=io.atomix.protocols.raft.RaftTest$TestPrimitiveType@5b77a59f, name=raft-test, id=2}, session=2, timestamp=2018-06-11 10:08:06,440}, time=2018-06-11 10:08:06,440, operation=DefaultOperationId{id=write, type=COMMAND}, value=byte[]{length=17, hash=1297078671}}
10:08:06.589 [raft-server-1] TRACE i.a.p.raft.roles.LeaderAppender - RaftServer{1} - Received AppendResponse{status=OK, term=1, succeeded=true, lastLogIndex=38} from 3
10:08:06.589 [raft-server-1] TRACE i.a.p.raft.roles.LeaderAppender - RaftServer{1} - Sending AppendRequest{term=1, leader=1, prevLogIndex=38, prevLogTerm=1, entries=0, commitIndex=38} to 2
10:08:06.589 [raft-server-1] TRACE i.a.p.raft.roles.LeaderAppender - RaftServer{1} - Sending AppendRequest{term=1, leader=1, prevLogIndex=38, prevLogTerm=1, entries=0, commitIndex=38} to 3
10:08:06.589 [raft-server-2] TRACE i.a.p.raft.roles.FollowerRole - RaftServer{2}{role=FOLLOWER} - Received AppendRequest{term=1, leader=1, prevLogIndex=38, prevLogTerm=1, entries=0, commitIndex=38}
10:08:06.589 [raft-server-3] TRACE i.a.p.raft.roles.FollowerRole - RaftServer{3}{role=FOLLOWER} - Received AppendRequest{term=1, leader=1, prevLogIndex=38, prevLogTerm=1, entries=0, commitIndex=38}
10:08:06.589 [raft-server-1-state] TRACE i.a.p.raft.impl.RaftServiceManager - RaftServer{1} - Applying Indexed{index=38, entry=CommandEntry{term=1, timestamp=2018-06-11 10:08:06,523, session=2, sequence=33, operation=PrimitiveOperation{id=DefaultOperationId{id=write, type=COMMAND}, value=byte[]{length=17, hash=1297078671}}}}
10:08:06.589 [raft-server-1-state] TRACE i.a.p.s.impl.DefaultServiceExecutor - PrimitiveService{2}{type=io.atomix.protocols.raft.RaftTest$TestPrimitiveType@5051ea1e, name=raft-test} - Executing DefaultCommit{index=38, session=RaftSession{RaftServiceContext{server=1, type=io.atomix.protocols.raft.RaftTest$TestPrimitiveType@5051ea1e, name=raft-test, id=2}, session=2, timestamp=2018-06-11 10:08:06,523}, time=2018-06-11 10:08:06,523, operation=DefaultOperationId{id=write, type=COMMAND}, value=byte[]{length=17, hash=1297078671}}
10:08:06.589 [raft-server-1-state] TRACE i.a.protocols.raft.roles.LeaderRole - RaftServer{1}{role=LEADER} - Sending CommandResponse{status=OK, index=38, eventIndex=2, result=byte[]{length=2, hash=1316}}
10:08:06.589 [raft-client-995c025b-ba21-4dd3-828a-0c3e52b0447e-0] TRACE i.a.p.r.s.impl.RaftSessionConnection - SessionClient{2}{type=io.atomix.protocols.raft.RaftTest$TestPrimitiveType@6b321262, name=raft-test} - Received CommandResponse{status=OK, index=38, eventIndex=2, result=byte[]{length=2, hash=1316}} from 1
10:08:06.589 [raft-client-995c025b-ba21-4dd3-828a-0c3e52b0447e-0] TRACE i.a.p.r.s.impl.RaftSessionSequencer - SessionClient{2}{type=io.atomix.protocols.raft.RaftTest$TestPrimitiveType@6b321262, name=raft-test} - Completing response CommandResponse{status=OK, index=38, eventIndex=2, result=byte[]{length=2, hash=1316}}
10:08:06.590 [raft-client-995c025b-ba21-4dd3-828a-0c3e52b0447e-6] TRACE i.a.p.r.s.impl.RaftSessionConnection - SessionClient{2}{type=io.atomix.protocols.raft.RaftTest$TestPrimitiveType@6b321262, name=raft-test} - Sending CommandRequest{session=2, sequence=34, operation=PrimitiveOperation{id=DefaultOperationId{id=write, type=COMMAND}, value=byte[]{length=17, hash=1297078671}}} to 1
10:08:06.590 [raft-server-1] TRACE i.a.protocols.raft.roles.LeaderRole - RaftServer{1}{role=LEADER} - Received CommandRequest{session=2, sequence=34, operation=PrimitiveOperation{id=DefaultOperationId{id=write, type=COMMAND}, value=byte[]{length=17, hash=1297078671}}}
10:08:06.590 [raft-server-1] TRACE i.a.protocols.raft.roles.LeaderRole - RaftServer{1}{role=LEADER} - Appended Indexed{index=39, entry=CommandEntry{term=1, timestamp=2018-06-11 10:08:06,590, session=2, sequence=34, operation=PrimitiveOperation{id=DefaultOperationId{id=write, type=COMMAND}, value=byte[]{length=17, hash=1297078671}}}}
10:08:06.614 [raft-server-2] TRACE i.a.p.raft.roles.FollowerRole - RaftServer{2}{role=FOLLOWER} - Committed entries up to index 38
10:08:06.614 [raft-server-3] TRACE i.a.p.raft.roles.FollowerRole - RaftServer{3}{role=FOLLOWER} - Committed entries up to index 38
10:08:06.614 [raft-server-2] TRACE i.a.p.raft.roles.FollowerRole - RaftServer{2}{role=FOLLOWER} - Sending AppendResponse{status=OK, term=1, succeeded=true, lastLogIndex=38}
10:08:06.614 [raft-server-3] TRACE i.a.p.raft.roles.FollowerRole - RaftServer{3}{role=FOLLOWER} - Sending AppendResponse{status=OK, term=1, succeeded=true, lastLogIndex=38}
10:08:06.614 [raft-server-1] TRACE i.a.p.raft.roles.LeaderAppender - RaftServer{1} - Received AppendResponse{status=OK, term=1, succeeded=true, lastLogIndex=38} from 2
10:08:06.614 [raft-server-2-state] TRACE i.a.p.raft.impl.RaftServiceManager - RaftServer{2} - Applying Indexed{index=38, entry=CommandEntry{term=1, timestamp=2018-06-11 10:08:06,523, session=2, sequence=33, operation=PrimitiveOperation{id=DefaultOperationId{id=write, type=COMMAND}, value=byte[]{length=17, hash=1297078671}}}}
10:08:06.614 [raft-server-1] TRACE i.a.p.raft.roles.LeaderAppender - RaftServer{1} - Sending AppendRequest{term=1, leader=1, prevLogIndex=38, prevLogTerm=1, entries=1, commitIndex=38} to 2
10:08:06.614 [raft-server-2-state] TRACE i.a.p.s.impl.DefaultServiceExecutor - PrimitiveService{2}{type=io.atomix.protocols.raft.RaftTest$TestPrimitiveType@25c42b8f, name=raft-test} - Executing DefaultCommit{index=38, session=RaftSession{RaftServiceContext{server=2, type=io.atomix.protocols.raft.RaftTest$TestPrimitiveType@25c42b8f, name=raft-test, id=2}, session=2, timestamp=2018-06-11 10:08:06,523}, time=2018-06-11 10:08:06,523, operation=DefaultOperationId{id=write, type=COMMAND}, value=byte[]{length=17, hash=1297078671}}
10:08:06.614 [raft-server-2] TRACE i.a.p.raft.roles.FollowerRole - RaftServer{2}{role=FOLLOWER} - Received AppendRequest{term=1, leader=1, prevLogIndex=38, prevLogTerm=1, entries=1, commitIndex=38}
10:08:06.614 [raft-server-1] TRACE i.a.p.raft.roles.LeaderAppender - RaftServer{1} - Received AppendResponse{status=OK, term=1, succeeded=true, lastLogIndex=38} from 3
10:08:06.614 [raft-server-3-state] TRACE i.a.p.raft.impl.RaftServiceManager - RaftServer{3} - Applying Indexed{index=38, entry=CommandEntry{term=1, timestamp=2018-06-11 10:08:06,523, session=2, sequence=33, operation=PrimitiveOperation{id=DefaultOperationId{id=write, type=COMMAND}, value=byte[]{length=17, hash=1297078671}}}}
10:08:06.614 [raft-server-2] TRACE i.a.p.raft.roles.FollowerRole - RaftServer{2}{role=FOLLOWER} - Appended Indexed{index=39, entry=CommandEntry{term=1, timestamp=2018-06-11 10:08:06,590, session=2, sequence=34, operation=PrimitiveOperation{id=DefaultOperationId{id=write, type=COMMAND}, value=byte[]{length=17, hash=1297078671}}}}
10:08:06.614 [raft-server-1] TRACE i.a.p.raft.roles.LeaderAppender - RaftServer{1} - Sending AppendRequest{term=1, leader=1, prevLogIndex=38, prevLogTerm=1, entries=1, commitIndex=38} to 3
10:08:06.614 [raft-server-3-state] TRACE i.a.p.s.impl.DefaultServiceExecutor - PrimitiveService{2}{type=io.atomix.protocols.raft.RaftTest$TestPrimitiveType@5b77a59f, name=raft-test} - Executing DefaultCommit{index=38, session=RaftSession{RaftServiceContext{server=3, type=io.atomix.protocols.raft.RaftTest$TestPrimitiveType@5b77a59f, name=raft-test, id=2}, session=2, timestamp=2018-06-11 10:08:06,523}, time=2018-06-11 10:08:06,523, operation=DefaultOperationId{id=write, type=COMMAND}, value=byte[]{length=17, hash=1297078671}}
10:08:06.614 [raft-server-2] TRACE i.a.p.raft.roles.FollowerRole - RaftServer{2}{role=FOLLOWER} - Sending AppendResponse{status=OK, term=1, succeeded=true, lastLogIndex=39}
10:08:06.614 [raft-server-3] TRACE i.a.p.raft.roles.FollowerRole - RaftServer{3}{role=FOLLOWER} - Received AppendRequest{term=1, leader=1, prevLogIndex=38, prevLogTerm=1, entries=1, commitIndex=38}
10:08:06.615 [raft-server-1] TRACE i.a.p.raft.roles.LeaderAppender - RaftServer{1} - Received AppendResponse{status=OK, term=1, succeeded=true, lastLogIndex=39} from 2
10:08:06.615 [raft-server-1] TRACE i.a.p.raft.roles.LeaderAppender - RaftServer{1} - Committed entries up to 39
10:08:06.615 [raft-server-3] TRACE i.a.p.raft.roles.FollowerRole - RaftServer{3}{role=FOLLOWER} - Appended Indexed{index=39, entry=CommandEntry{term=1, timestamp=2018-06-11 10:08:06,590, session=2, sequence=34, operation=PrimitiveOperation{id=DefaultOperationId{id=write, type=COMMAND}, value=byte[]{length=17, hash=1297078671}}}}
10:08:06.615 [raft-server-3] TRACE i.a.p.raft.roles.FollowerRole - RaftServer{3}{role=FOLLOWER} - Sending AppendResponse{status=OK, term=1, succeeded=true, lastLogIndex=39}
10:08:06.647 [raft-server-1] TRACE i.a.p.raft.roles.LeaderAppender - RaftServer{1} - Received AppendResponse{status=OK, term=1, succeeded=true, lastLogIndex=39} from 3
10:08:06.647 [raft-server-1-state] TRACE i.a.p.raft.impl.RaftServiceManager - RaftServer{1} - Applying Indexed{index=39, entry=CommandEntry{term=1, timestamp=2018-06-11 10:08:06,590, session=2, sequence=34, operation=PrimitiveOperation{id=DefaultOperationId{id=write, type=COMMAND}, value=byte[]{length=17, hash=1297078671}}}}
10:08:06.647 [raft-server-1-state] TRACE i.a.p.s.impl.DefaultServiceExecutor - PrimitiveService{2}{type=io.atomix.protocols.raft.RaftTest$TestPrimitiveType@5051ea1e, name=raft-test} - Executing DefaultCommit{index=39, session=RaftSession{RaftServiceContext{server=1, type=io.atomix.protocols.raft.RaftTest$TestPrimitiveType@5051ea1e, name=raft-test, id=2}, session=2, timestamp=2018-06-11 10:08:06,590}, time=2018-06-11 10:08:06,590, operation=DefaultOperationId{id=write, type=COMMAND}, value=byte[]{length=17, hash=1297078671}}
10:08:06.647 [raft-server-1-state] TRACE i.a.protocols.raft.roles.LeaderRole - RaftServer{1}{role=LEADER} - Sending CommandResponse{status=OK, index=39, eventIndex=2, result=byte[]{length=2, hash=1318}}
10:08:06.648 [raft-client-995c025b-ba21-4dd3-828a-0c3e52b0447e-2] TRACE i.a.p.r.s.impl.RaftSessionConnection - SessionClient{2}{type=io.atomix.protocols.raft.RaftTest$TestPrimitiveType@6b321262, name=raft-test} - Received CommandResponse{status=OK, index=39, eventIndex=2, result=byte[]{length=2, hash=1318}} from 1
10:08:06.648 [raft-client-995c025b-ba21-4dd3-828a-0c3e52b0447e-2] TRACE i.a.p.r.s.impl.RaftSessionSequencer - SessionClient{2}{type=io.atomix.protocols.raft.RaftTest$TestPrimitiveType@6b321262, name=raft-test} - Completing response CommandResponse{status=OK, index=39, eventIndex=2, result=byte[]{length=2, hash=1318}}
10:08:06.648 [raft-client-995c025b-ba21-4dd3-828a-0c3e52b0447e-3] TRACE i.a.p.r.s.impl.RaftSessionConnection - SessionClient{2}{type=io.atomix.protocols.raft.RaftTest$TestPrimitiveType@6b321262, name=raft-test} - Sending CommandRequest{session=2, sequence=35, operation=PrimitiveOperation{id=DefaultOperationId{id=write, type=COMMAND}, value=byte[]{length=17, hash=1297078671}}} to 1
10:08:06.648 [raft-server-1] TRACE i.a.protocols.raft.roles.LeaderRole - RaftServer{1}{role=LEADER} - Received CommandRequest{session=2, sequence=35, operation=PrimitiveOperation{id=DefaultOperationId{id=write, type=COMMAND}, value=byte[]{length=17, hash=1297078671}}}
10:08:06.648 [raft-server-1] TRACE i.a.protocols.raft.roles.LeaderRole - RaftServer{1}{role=LEADER} - Appended Indexed{index=40, entry=CommandEntry{term=1, timestamp=2018-06-11 10:08:06,648, session=2, sequence=35, operation=PrimitiveOperation{id=DefaultOperationId{id=write, type=COMMAND}, value=byte[]{length=17, hash=1297078671}}}}
10:08:06.648 [raft-server-1] TRACE i.a.p.raft.roles.LeaderAppender - RaftServer{1} - Sending AppendRequest{term=1, leader=1, prevLogIndex=39, prevLogTerm=1, entries=1, commitIndex=39} to 2
10:08:06.648 [raft-server-1] TRACE i.a.p.raft.roles.LeaderAppender - RaftServer{1} - Sending AppendRequest{term=1, leader=1, prevLogIndex=39, prevLogTerm=1, entries=1, commitIndex=39} to 3
10:08:06.648 [raft-server-2] TRACE i.a.p.raft.roles.FollowerRole - RaftServer{2}{role=FOLLOWER} - Received AppendRequest{term=1, leader=1, prevLogIndex=39, prevLogTerm=1, entries=1, commitIndex=39}
10:08:06.648 [raft-server-3] TRACE i.a.p.raft.roles.FollowerRole - RaftServer{3}{role=FOLLOWER} - Received AppendRequest{term=1, leader=1, prevLogIndex=39, prevLogTerm=1, entries=1, commitIndex=39}
10:08:06.648 [raft-server-2] TRACE i.a.p.raft.roles.FollowerRole - RaftServer{2}{role=FOLLOWER} - Appended Indexed{index=40, entry=CommandEntry{term=1, timestamp=2018-06-11 10:08:06,648, session=2, sequence=35, operation=PrimitiveOperation{id=DefaultOperationId{id=write, type=COMMAND}, value=byte[]{length=17, hash=1297078671}}}}
10:08:06.648 [raft-server-3] TRACE i.a.p.raft.roles.FollowerRole - RaftServer{3}{role=FOLLOWER} - Appended Indexed{index=40, entry=CommandEntry{term=1, timestamp=2018-06-11 10:08:06,648, session=2, sequence=35, operation=PrimitiveOperation{id=DefaultOperationId{id=write, type=COMMAND}, value=byte[]{length=17, hash=1297078671}}}}
10:08:06.681 [raft-server-2] TRACE i.a.p.raft.roles.FollowerRole - RaftServer{2}{role=FOLLOWER} - Committed entries up to index 39
10:08:06.681 [raft-server-2] TRACE i.a.p.raft.roles.FollowerRole - RaftServer{2}{role=FOLLOWER} - Sending AppendResponse{status=OK, term=1, succeeded=true, lastLogIndex=40}
10:08:06.681 [raft-server-3] TRACE i.a.p.raft.roles.FollowerRole - RaftServer{3}{role=FOLLOWER} - Committed entries up to index 39
10:08:06.681 [raft-server-3] TRACE i.a.p.raft.roles.FollowerRole - RaftServer{3}{role=FOLLOWER} - Sending AppendResponse{status=OK, term=1, succeeded=true, lastLogIndex=40}
10:08:06.681 [raft-server-2-state] TRACE i.a.p.raft.impl.RaftServiceManager - RaftServer{2} - Applying Indexed{index=39, entry=CommandEntry{term=1, timestamp=2018-06-11 10:08:06,590, session=2, sequence=34, operation=PrimitiveOperation{id=DefaultOperationId{id=write, type=COMMAND}, value=byte[]{length=17, hash=1297078671}}}}
10:08:06.681 [raft-server-3-state] TRACE i.a.p.raft.impl.RaftServiceManager - RaftServer{3} - Applying Indexed{index=39, entry=CommandEntry{term=1, timestamp=2018-06-11 10:08:06,590, session=2, sequence=34, operation=PrimitiveOperation{id=DefaultOperationId{id=write, type=COMMAND}, value=byte[]{length=17, hash=1297078671}}}}
10:08:06.681 [raft-server-2-state] TRACE i.a.p.s.impl.DefaultServiceExecutor - PrimitiveService{2}{type=io.atomix.protocols.raft.RaftTest$TestPrimitiveType@25c42b8f, name=raft-test} - Executing DefaultCommit{index=39, session=RaftSession{RaftServiceContext{server=2, type=io.atomix.protocols.raft.RaftTest$TestPrimitiveType@25c42b8f, name=raft-test, id=2}, session=2, timestamp=2018-06-11 10:08:06,590}, time=2018-06-11 10:08:06,590, operation=DefaultOperationId{id=write, type=COMMAND}, value=byte[]{length=17, hash=1297078671}}
10:08:06.681 [raft-server-3-state] TRACE i.a.p.s.impl.DefaultServiceExecutor - PrimitiveService{2}{type=io.atomix.protocols.raft.RaftTest$TestPrimitiveType@5b77a59f, name=raft-test} - Executing DefaultCommit{index=39, session=RaftSession{RaftServiceContext{server=3, type=io.atomix.protocols.raft.RaftTest$TestPrimitiveType@5b77a59f, name=raft-test, id=2}, session=2, timestamp=2018-06-11 10:08:06,590}, time=2018-06-11 10:08:06,590, operation=DefaultOperationId{id=write, type=COMMAND}, value=byte[]{length=17, hash=1297078671}}
10:08:06.681 [raft-server-1] TRACE i.a.p.raft.roles.LeaderAppender - RaftServer{1} - Received AppendResponse{status=OK, term=1, succeeded=true, lastLogIndex=40} from 2
10:08:06.681 [raft-server-1] TRACE i.a.p.raft.roles.LeaderAppender - RaftServer{1} - Committed entries up to 40
10:08:06.714 [raft-server-1] TRACE i.a.p.raft.roles.LeaderAppender - RaftServer{1} - Received AppendResponse{status=OK, term=1, succeeded=true, lastLogIndex=40} from 3
10:08:06.714 [raft-server-1-state] TRACE i.a.p.raft.impl.RaftServiceManager - RaftServer{1} - Applying Indexed{index=40, entry=CommandEntry{term=1, timestamp=2018-06-11 10:08:06,648, session=2, sequence=35, operation=PrimitiveOperation{id=DefaultOperationId{id=write, type=COMMAND}, value=byte[]{length=17, hash=1297078671}}}}
10:08:06.714 [raft-server-1-state] TRACE i.a.p.s.impl.DefaultServiceExecutor - PrimitiveService{2}{type=io.atomix.protocols.raft.RaftTest$TestPrimitiveType@5051ea1e, name=raft-test} - Executing DefaultCommit{index=40, session=RaftSession{RaftServiceContext{server=1, type=io.atomix.protocols.raft.RaftTest$TestPrimitiveType@5051ea1e, name=raft-test, id=2}, session=2, timestamp=2018-06-11 10:08:06,648}, time=2018-06-11 10:08:06,648, operation=DefaultOperationId{id=write, type=COMMAND}, value=byte[]{length=17, hash=1297078671}}
10:08:06.714 [raft-server-1-state] TRACE i.a.protocols.raft.roles.LeaderRole - RaftServer{1}{role=LEADER} - Sending CommandResponse{status=OK, index=40, eventIndex=2, result=byte[]{length=2, hash=1320}}
10:08:06.714 [raft-client-995c025b-ba21-4dd3-828a-0c3e52b0447e-1] TRACE i.a.p.r.s.impl.RaftSessionConnection - SessionClient{2}{type=io.atomix.protocols.raft.RaftTest$TestPrimitiveType@6b321262, name=raft-test} - Received CommandResponse{status=OK, index=40, eventIndex=2, result=byte[]{length=2, hash=1320}} from 1
10:08:06.714 [raft-client-995c025b-ba21-4dd3-828a-0c3e52b0447e-1] TRACE i.a.p.r.s.impl.RaftSessionSequencer - SessionClient{2}{type=io.atomix.protocols.raft.RaftTest$TestPrimitiveType@6b321262, name=raft-test} - Completing response CommandResponse{status=OK, index=40, eventIndex=2, result=byte[]{length=2, hash=1320}}
10:08:06.715 [raft-client-995c025b-ba21-4dd3-828a-0c3e52b0447e-2] TRACE i.a.p.r.s.impl.RaftSessionConnection - SessionClient{2}{type=io.atomix.protocols.raft.RaftTest$TestPrimitiveType@6b321262, name=raft-test} - Sending CommandRequest{session=2, sequence=36, operation=PrimitiveOperation{id=DefaultOperationId{id=write, type=COMMAND}, value=byte[]{length=17, hash=1297078671}}} to 1
10:08:06.715 [raft-server-1] TRACE i.a.protocols.raft.roles.LeaderRole - RaftServer{1}{role=LEADER} - Received CommandRequest{session=2, sequence=36, operation=PrimitiveOperation{id=DefaultOperationId{id=write, type=COMMAND}, value=byte[]{length=17, hash=1297078671}}}
10:08:06.764 [raft-server-1] DEBUG i.a.storage.journal.SegmentedJournal - Created disk segment: JournalSegment{id=5, version=1, index=41, size=64}
10:08:06.764 [raft-server-1] TRACE i.a.protocols.raft.roles.LeaderRole - RaftServer{1}{role=LEADER} - Appended Indexed{index=41, entry=CommandEntry{term=1, timestamp=2018-06-11 10:08:06,715, session=2, sequence=36, operation=PrimitiveOperation{id=DefaultOperationId{id=write, type=COMMAND}, value=byte[]{length=17, hash=1297078671}}}}
10:08:06.764 [raft-server-1] TRACE i.a.p.raft.roles.LeaderAppender - RaftServer{1} - Sending AppendRequest{term=1, leader=1, prevLogIndex=40, prevLogTerm=1, entries=1, commitIndex=40} to 2
10:08:06.764 [raft-server-2] TRACE i.a.p.raft.roles.FollowerRole - RaftServer{2}{role=FOLLOWER} - Received AppendRequest{term=1, leader=1, prevLogIndex=40, prevLogTerm=1, entries=1, commitIndex=40}
10:08:06.764 [raft-server-1] TRACE i.a.p.raft.roles.LeaderAppender - RaftServer{1} - Sending AppendRequest{term=1, leader=1, prevLogIndex=40, prevLogTerm=1, entries=1, commitIndex=40} to 3
10:08:06.764 [raft-server-3] TRACE i.a.p.raft.roles.FollowerRole - RaftServer{3}{role=FOLLOWER} - Received AppendRequest{term=1, leader=1, prevLogIndex=40, prevLogTerm=1, entries=1, commitIndex=40}
10:08:06.870 [raft-server-2] DEBUG i.a.storage.journal.SegmentedJournal - Created disk segment: JournalSegment{id=5, version=1, index=41, size=64}
10:08:06.870 [raft-server-2] TRACE i.a.p.raft.roles.FollowerRole - RaftServer{2}{role=FOLLOWER} - Appended Indexed{index=41, entry=CommandEntry{term=1, timestamp=2018-06-11 10:08:06,715, session=2, sequence=36, operation=PrimitiveOperation{id=DefaultOperationId{id=write, type=COMMAND}, value=byte[]{length=17, hash=1297078671}}}}
10:08:06.906 [raft-server-3] DEBUG i.a.storage.journal.SegmentedJournal - Created disk segment: JournalSegment{id=5, version=1, index=41, size=64}
10:08:06.906 [raft-server-3] TRACE i.a.p.raft.roles.FollowerRole - RaftServer{3}{role=FOLLOWER} - Appended Indexed{index=41, entry=CommandEntry{term=1, timestamp=2018-06-11 10:08:06,715, session=2, sequence=36, operation=PrimitiveOperation{id=DefaultOperationId{id=write, type=COMMAND}, value=byte[]{length=17, hash=1297078671}}}}
10:08:06.947 [raft-server-2] TRACE i.a.p.raft.roles.FollowerRole - RaftServer{2}{role=FOLLOWER} - Committed entries up to index 40
10:08:06.947 [raft-server-2] TRACE i.a.p.raft.roles.FollowerRole - RaftServer{2}{role=FOLLOWER} - Sending AppendResponse{status=OK, term=1, succeeded=true, lastLogIndex=41}
10:08:06.947 [raft-server-2-state] TRACE i.a.p.raft.impl.RaftServiceManager - RaftServer{2} - Applying Indexed{index=40, entry=CommandEntry{term=1, timestamp=2018-06-11 10:08:06,648, session=2, sequence=35, operation=PrimitiveOperation{id=DefaultOperationId{id=write, type=COMMAND}, value=byte[]{length=17, hash=1297078671}}}}
10:08:06.947 [raft-server-2-state] TRACE i.a.p.s.impl.DefaultServiceExecutor - PrimitiveService{2}{type=io.atomix.protocols.raft.RaftTest$TestPrimitiveType@25c42b8f, name=raft-test} - Executing DefaultCommit{index=40, session=RaftSession{RaftServiceContext{server=2, type=io.atomix.protocols.raft.RaftTest$TestPrimitiveType@25c42b8f, name=raft-test, id=2}, session=2, timestamp=2018-06-11 10:08:06,648}, time=2018-06-11 10:08:06,648, operation=DefaultOperationId{id=write, type=COMMAND}, value=byte[]{length=17, hash=1297078671}}
10:08:06.948 [raft-server-1] TRACE i.a.p.raft.roles.LeaderAppender - RaftServer{1} - Received AppendResponse{status=OK, term=1, succeeded=true, lastLogIndex=41} from 2
10:08:06.948 [raft-server-1] TRACE i.a.p.raft.roles.LeaderAppender - RaftServer{1} - Committed entries up to 41
10:08:06.986 [raft-server-3] TRACE i.a.p.raft.roles.FollowerRole - RaftServer{3}{role=FOLLOWER} - Committed entries up to index 40
10:08:06.986 [raft-server-3] TRACE i.a.p.raft.roles.FollowerRole - RaftServer{3}{role=FOLLOWER} - Sending AppendResponse{status=OK, term=1, succeeded=true, lastLogIndex=41}
10:08:06.987 [raft-server-3-state] TRACE i.a.p.raft.impl.RaftServiceManager - RaftServer{3} - Applying Indexed{index=40, entry=CommandEntry{term=1, timestamp=2018-06-11 10:08:06,648, session=2, sequence=35, operation=PrimitiveOperation{id=DefaultOperationId{id=write, type=COMMAND}, value=byte[]{length=17, hash=1297078671}}}}
10:08:06.987 [raft-server-3-state] TRACE i.a.p.s.impl.DefaultServiceExecutor - PrimitiveService{2}{type=io.atomix.protocols.raft.RaftTest$TestPrimitiveType@5b77a59f, name=raft-test} - Executing DefaultCommit{index=40, session=RaftSession{RaftServiceContext{server=3, type=io.atomix.protocols.raft.RaftTest$TestPrimitiveType@5b77a59f, name=raft-test, id=2}, session=2, timestamp=2018-06-11 10:08:06,648}, time=2018-06-11 10:08:06,648, operation=DefaultOperationId{id=write, type=COMMAND}, value=byte[]{length=17, hash=1297078671}}
10:08:07.006 [raft-server-1] TRACE i.a.p.raft.roles.LeaderAppender - RaftServer{1} - Sending AppendRequest{term=1, leader=1, prevLogIndex=41, prevLogTerm=1, entries=0, commitIndex=41} to 2
10:08:07.006 [raft-server-1] TRACE i.a.p.raft.roles.LeaderAppender - RaftServer{1} - Received AppendResponse{status=OK, term=1, succeeded=true, lastLogIndex=41} from 3
10:08:07.006 [raft-server-1] TRACE i.a.p.raft.roles.LeaderAppender - RaftServer{1} - Sending AppendRequest{term=1, leader=1, prevLogIndex=41, prevLogTerm=1, entries=0, commitIndex=41} to 3
10:08:07.006 [raft-server-2] TRACE i.a.p.raft.roles.FollowerRole - RaftServer{2}{role=FOLLOWER} - Received AppendRequest{term=1, leader=1, prevLogIndex=41, prevLogTerm=1, entries=0, commitIndex=41}
10:08:07.006 [raft-server-3] TRACE i.a.p.raft.roles.FollowerRole - RaftServer{3}{role=FOLLOWER} - Received AppendRequest{term=1, leader=1, prevLogIndex=41, prevLogTerm=1, entries=0, commitIndex=41}
10:08:07.006 [raft-server-3] TRACE i.a.p.raft.roles.FollowerRole - RaftServer{3}{role=FOLLOWER} - Committed entries up to index 41
10:08:07.006 [raft-server-3] TRACE i.a.p.raft.roles.FollowerRole - RaftServer{3}{role=FOLLOWER} - Sending AppendResponse{status=OK, term=1, succeeded=true, lastLogIndex=41}
10:08:07.006 [raft-server-1-state] TRACE i.a.p.raft.impl.RaftServiceManager - RaftServer{1} - Applying Indexed{index=41, entry=CommandEntry{term=1, timestamp=2018-06-11 10:08:06,715, session=2, sequence=36, operation=PrimitiveOperation{id=DefaultOperationId{id=write, type=COMMAND}, value=byte[]{length=17, hash=1297078671}}}}
10:08:07.006 [raft-server-1] TRACE i.a.p.raft.roles.LeaderAppender - RaftServer{1} - Received AppendResponse{status=OK, term=1, succeeded=true, lastLogIndex=41} from 3
10:08:07.006 [raft-server-1-state] TRACE i.a.p.s.impl.DefaultServiceExecutor - PrimitiveService{2}{type=io.atomix.protocols.raft.RaftTest$TestPrimitiveType@5051ea1e, name=raft-test} - Executing DefaultCommit{index=41, session=RaftSession{RaftServiceContext{server=1, type=io.atomix.protocols.raft.RaftTest$TestPrimitiveType@5051ea1e, name=raft-test, id=2}, session=2, timestamp=2018-06-11 10:08:06,715}, time=2018-06-11 10:08:06,715, operation=DefaultOperationId{id=write, type=COMMAND}, value=byte[]{length=17, hash=1297078671}}
10:08:07.006 [raft-server-3-state] TRACE i.a.p.raft.impl.RaftServiceManager - RaftServer{3} - Applying Indexed{index=41, entry=CommandEntry{term=1, timestamp=2018-06-11 10:08:06,715, session=2, sequence=36, operation=PrimitiveOperation{id=DefaultOperationId{id=write, type=COMMAND}, value=byte[]{length=17, hash=1297078671}}}}
10:08:07.006 [raft-server-1-state] TRACE i.a.protocols.raft.roles.LeaderRole - RaftServer{1}{role=LEADER} - Sending CommandResponse{status=OK, index=41, eventIndex=2, result=byte[]{length=2, hash=1322}}
10:08:07.006 [raft-server-3-state] TRACE i.a.p.s.impl.DefaultServiceExecutor - PrimitiveService{2}{type=io.atomix.protocols.raft.RaftTest$TestPrimitiveType@5b77a59f, name=raft-test} - Executing DefaultCommit{index=41, session=RaftSession{RaftServiceContext{server=3, type=io.atomix.protocols.raft.RaftTest$TestPrimitiveType@5b77a59f, name=raft-test, id=2}, session=2, timestamp=2018-06-11 10:08:06,715}, time=2018-06-11 10:08:06,715, operation=DefaultOperationId{id=write, type=COMMAND}, value=byte[]{length=17, hash=1297078671}}
10:08:07.006 [raft-client-995c025b-ba21-4dd3-828a-0c3e52b0447e-0] TRACE i.a.p.r.s.impl.RaftSessionConnection - SessionClient{2}{type=io.atomix.protocols.raft.RaftTest$TestPrimitiveType@6b321262, name=raft-test} - Received CommandResponse{status=OK, index=41, eventIndex=2, result=byte[]{length=2, hash=1322}} from 1
10:08:07.006 [raft-client-995c025b-ba21-4dd3-828a-0c3e52b0447e-0] TRACE i.a.p.r.s.impl.RaftSessionSequencer - SessionClient{2}{type=io.atomix.protocols.raft.RaftTest$TestPrimitiveType@6b321262, name=raft-test} - Completing response CommandResponse{status=OK, index=41, eventIndex=2, result=byte[]{length=2, hash=1322}}
10:08:07.006 [raft-client-995c025b-ba21-4dd3-828a-0c3e52b0447e-7] TRACE i.a.p.r.s.impl.RaftSessionConnection - SessionClient{2}{type=io.atomix.protocols.raft.RaftTest$TestPrimitiveType@6b321262, name=raft-test} - Sending CommandRequest{session=2, sequence=37, operation=PrimitiveOperation{id=DefaultOperationId{id=write, type=COMMAND}, value=byte[]{length=17, hash=1297078671}}} to 1
10:08:07.006 [raft-server-1] TRACE i.a.protocols.raft.roles.LeaderRole - RaftServer{1}{role=LEADER} - Received CommandRequest{session=2, sequence=37, operation=PrimitiveOperation{id=DefaultOperationId{id=write, type=COMMAND}, value=byte[]{length=17, hash=1297078671}}}
10:08:07.007 [raft-server-1] TRACE i.a.protocols.raft.roles.LeaderRole - RaftServer{1}{role=LEADER} - Appended Indexed{index=42, entry=CommandEntry{term=1, timestamp=2018-06-11 10:08:07,006, session=2, sequence=37, operation=PrimitiveOperation{id=DefaultOperationId{id=write, type=COMMAND}, value=byte[]{length=17, hash=1297078671}}}}
10:08:07.007 [raft-server-1] TRACE i.a.p.raft.roles.LeaderAppender - RaftServer{1} - Sending AppendRequest{term=1, leader=1, prevLogIndex=41, prevLogTerm=1, entries=1, commitIndex=41} to 3
10:08:07.007 [raft-server-3] TRACE i.a.p.raft.roles.FollowerRole - RaftServer{3}{role=FOLLOWER} - Received AppendRequest{term=1, leader=1, prevLogIndex=41, prevLogTerm=1, entries=1, commitIndex=41}
10:08:07.007 [raft-server-3] TRACE i.a.p.raft.roles.FollowerRole - RaftServer{3}{role=FOLLOWER} - Appended Indexed{index=42, entry=CommandEntry{term=1, timestamp=2018-06-11 10:08:07,006, session=2, sequence=37, operation=PrimitiveOperation{id=DefaultOperationId{id=write, type=COMMAND}, value=byte[]{length=17, hash=1297078671}}}}
10:08:07.007 [raft-server-3] TRACE i.a.p.raft.roles.FollowerRole - RaftServer{3}{role=FOLLOWER} - Sending AppendResponse{status=OK, term=1, succeeded=true, lastLogIndex=42}
10:08:07.007 [raft-server-1] TRACE i.a.p.raft.roles.LeaderAppender - RaftServer{1} - Received AppendResponse{status=OK, term=1, succeeded=true, lastLogIndex=42} from 3
10:08:07.007 [raft-server-1] TRACE i.a.p.raft.roles.LeaderAppender - RaftServer{1} - Committed entries up to 42
10:08:07.034 [raft-server-2] TRACE i.a.p.raft.roles.FollowerRole - RaftServer{2}{role=FOLLOWER} - Committed entries up to index 41
10:08:07.035 [raft-server-2] TRACE i.a.p.raft.roles.FollowerRole - RaftServer{2}{role=FOLLOWER} - Sending AppendResponse{status=OK, term=1, succeeded=true, lastLogIndex=41}
10:08:07.035 [raft-server-2-state] TRACE i.a.p.raft.impl.RaftServiceManager - RaftServer{2} - Applying Indexed{index=41, entry=CommandEntry{term=1, timestamp=2018-06-11 10:08:06,715, session=2, sequence=36, operation=PrimitiveOperation{id=DefaultOperationId{id=write, type=COMMAND}, value=byte[]{length=17, hash=1297078671}}}}
10:08:07.035 [raft-server-2-state] TRACE i.a.p.s.impl.DefaultServiceExecutor - PrimitiveService{2}{type=io.atomix.protocols.raft.RaftTest$TestPrimitiveType@25c42b8f, name=raft-test} - Executing DefaultCommit{index=41, session=RaftSession{RaftServiceContext{server=2, type=io.atomix.protocols.raft.RaftTest$TestPrimitiveType@25c42b8f, name=raft-test, id=2}, session=2, timestamp=2018-06-11 10:08:06,715}, time=2018-06-11 10:08:06,715, operation=DefaultOperationId{id=write, type=COMMAND}, value=byte[]{length=17, hash=1297078671}}
10:08:07.056 [raft-server-1] TRACE i.a.p.raft.roles.LeaderAppender - RaftServer{1} - Received AppendResponse{status=OK, term=1, succeeded=true, lastLogIndex=41} from 2
10:08:07.056 [raft-server-1] TRACE i.a.p.raft.roles.LeaderAppender - RaftServer{1} - Sending AppendRequest{term=1, leader=1, prevLogIndex=41, prevLogTerm=1, entries=1, commitIndex=42} to 2
10:08:07.056 [raft-server-2] TRACE i.a.p.raft.roles.FollowerRole - RaftServer{2}{role=FOLLOWER} - Received AppendRequest{term=1, leader=1, prevLogIndex=41, prevLogTerm=1, entries=1, commitIndex=42}
10:08:07.056 [raft-server-1-state] TRACE i.a.p.raft.impl.RaftServiceManager - RaftServer{1} - Applying Indexed{index=42, entry=CommandEntry{term=1, timestamp=2018-06-11 10:08:07,006, session=2, sequence=37, operation=PrimitiveOperation{id=DefaultOperationId{id=write, type=COMMAND}, value=byte[]{length=17, hash=1297078671}}}}
10:08:07.056 [raft-server-2] TRACE i.a.p.raft.roles.FollowerRole - RaftServer{2}{role=FOLLOWER} - Appended Indexed{index=42, entry=CommandEntry{term=1, timestamp=2018-06-11 10:08:07,006, session=2, sequence=37, operation=PrimitiveOperation{id=DefaultOperationId{id=write, type=COMMAND}, value=byte[]{length=17, hash=1297078671}}}}
10:08:07.056 [raft-server-1-state] TRACE i.a.p.s.impl.DefaultServiceExecutor - PrimitiveService{2}{type=io.atomix.protocols.raft.RaftTest$TestPrimitiveType@5051ea1e, name=raft-test} - Executing DefaultCommit{index=42, session=RaftSession{RaftServiceContext{server=1, type=io.atomix.protocols.raft.RaftTest$TestPrimitiveType@5051ea1e, name=raft-test, id=2}, session=2, timestamp=2018-06-11 10:08:07,006}, time=2018-06-11 10:08:07,006, operation=DefaultOperationId{id=write, type=COMMAND}, value=byte[]{length=17, hash=1297078671}}
10:08:07.056 [raft-server-1-state] TRACE i.a.protocols.raft.roles.LeaderRole - RaftServer{1}{role=LEADER} - Sending CommandResponse{status=OK, index=42, eventIndex=2, result=byte[]{length=2, hash=1324}}
10:08:07.056 [raft-client-995c025b-ba21-4dd3-828a-0c3e52b0447e-5] TRACE i.a.p.r.s.impl.RaftSessionConnection - SessionClient{2}{type=io.atomix.protocols.raft.RaftTest$TestPrimitiveType@6b321262, name=raft-test} - Received CommandResponse{status=OK, index=42, eventIndex=2, result=byte[]{length=2, hash=1324}} from 1
10:08:07.056 [raft-client-995c025b-ba21-4dd3-828a-0c3e52b0447e-5] TRACE i.a.p.r.s.impl.RaftSessionSequencer - SessionClient{2}{type=io.atomix.protocols.raft.RaftTest$TestPrimitiveType@6b321262, name=raft-test} - Completing response CommandResponse{status=OK, index=42, eventIndex=2, result=byte[]{length=2, hash=1324}}
10:08:07.056 [raft-client-995c025b-ba21-4dd3-828a-0c3e52b0447e-5] TRACE i.a.p.r.s.impl.RaftSessionConnection - SessionClient{2}{type=io.atomix.protocols.raft.RaftTest$TestPrimitiveType@6b321262, name=raft-test} - Sending CommandRequest{session=2, sequence=38, operation=PrimitiveOperation{id=DefaultOperationId{id=write, type=COMMAND}, value=byte[]{length=17, hash=1297078671}}} to 1
10:08:07.056 [raft-server-1] TRACE i.a.protocols.raft.roles.LeaderRole - RaftServer{1}{role=LEADER} - Received CommandRequest{session=2, sequence=38, operation=PrimitiveOperation{id=DefaultOperationId{id=write, type=COMMAND}, value=byte[]{length=17, hash=1297078671}}}
10:08:07.057 [raft-server-1] TRACE i.a.protocols.raft.roles.LeaderRole - RaftServer{1}{role=LEADER} - Appended Indexed{index=43, entry=CommandEntry{term=1, timestamp=2018-06-11 10:08:07,056, session=2, sequence=38, operation=PrimitiveOperation{id=DefaultOperationId{id=write, type=COMMAND}, value=byte[]{length=17, hash=1297078671}}}}
10:08:07.057 [raft-server-1] TRACE i.a.p.raft.roles.LeaderAppender - RaftServer{1} - Sending AppendRequest{term=1, leader=1, prevLogIndex=42, prevLogTerm=1, entries=1, commitIndex=42} to 3
10:08:07.057 [raft-server-3] TRACE i.a.p.raft.roles.FollowerRole - RaftServer{3}{role=FOLLOWER} - Received AppendRequest{term=1, leader=1, prevLogIndex=42, prevLogTerm=1, entries=1, commitIndex=42}
10:08:07.057 [raft-server-3] TRACE i.a.p.raft.roles.FollowerRole - RaftServer{3}{role=FOLLOWER} - Appended Indexed{index=43, entry=CommandEntry{term=1, timestamp=2018-06-11 10:08:07,056, session=2, sequence=38, operation=PrimitiveOperation{id=DefaultOperationId{id=write, type=COMMAND}, value=byte[]{length=17, hash=1297078671}}}}
10:08:07.089 [raft-server-2] TRACE i.a.p.raft.roles.FollowerRole - RaftServer{2}{role=FOLLOWER} - Committed entries up to index 42
10:08:07.089 [raft-server-2] TRACE i.a.p.raft.roles.FollowerRole - RaftServer{2}{role=FOLLOWER} - Sending AppendResponse{status=OK, term=1, succeeded=true, lastLogIndex=42}
10:08:07.089 [raft-server-1] TRACE i.a.p.raft.roles.LeaderAppender - RaftServer{1} - Received AppendResponse{status=OK, term=1, succeeded=true, lastLogIndex=42} from 2
10:08:07.089 [raft-server-1] TRACE i.a.p.raft.roles.LeaderAppender - RaftServer{1} - Sending AppendRequest{term=1, leader=1, prevLogIndex=42, prevLogTerm=1, entries=1, commitIndex=42} to 2
10:08:07.089 [raft-server-2-state] TRACE i.a.p.raft.impl.RaftServiceManager - RaftServer{2} - Applying Indexed{index=42, entry=CommandEntry{term=1, timestamp=2018-06-11 10:08:07,006, session=2, sequence=37, operation=PrimitiveOperation{id=DefaultOperationId{id=write, type=COMMAND}, value=byte[]{length=17, hash=1297078671}}}}
10:08:07.089 [raft-server-2] TRACE i.a.p.raft.roles.FollowerRole - RaftServer{2}{role=FOLLOWER} - Received AppendRequest{term=1, leader=1, prevLogIndex=42, prevLogTerm=1, entries=1, commitIndex=42}
10:08:07.089 [raft-server-2-state] TRACE i.a.p.s.impl.DefaultServiceExecutor - PrimitiveService{2}{type=io.atomix.protocols.raft.RaftTest$TestPrimitiveType@25c42b8f, name=raft-test} - Executing DefaultCommit{index=42, session=RaftSession{RaftServiceContext{server=2, type=io.atomix.protocols.raft.RaftTest$TestPrimitiveType@25c42b8f, name=raft-test, id=2}, session=2, timestamp=2018-06-11 10:08:07,006}, time=2018-06-11 10:08:07,006, operation=DefaultOperationId{id=write, type=COMMAND}, value=byte[]{length=17, hash=1297078671}}
10:08:07.089 [raft-server-2] TRACE i.a.p.raft.roles.FollowerRole - RaftServer{2}{role=FOLLOWER} - Appended Indexed{index=43, entry=CommandEntry{term=1, timestamp=2018-06-11 10:08:07,056, session=2, sequence=38, operation=PrimitiveOperation{id=DefaultOperationId{id=write, type=COMMAND}, value=byte[]{length=17, hash=1297078671}}}}
10:08:07.089 [raft-server-2] TRACE i.a.p.raft.roles.FollowerRole - RaftServer{2}{role=FOLLOWER} - Sending AppendResponse{status=OK, term=1, succeeded=true, lastLogIndex=43}
10:08:07.089 [raft-server-1] TRACE i.a.p.raft.roles.LeaderAppender - RaftServer{1} - Received AppendResponse{status=OK, term=1, succeeded=true, lastLogIndex=43} from 2
10:08:07.089 [raft-server-1] TRACE i.a.p.raft.roles.LeaderAppender - RaftServer{1} - Committed entries up to 43
10:08:07.133 [raft-server-3] TRACE i.a.p.raft.roles.FollowerRole - RaftServer{3}{role=FOLLOWER} - Committed entries up to index 42
10:08:07.133 [raft-server-3] TRACE i.a.p.raft.roles.FollowerRole - RaftServer{3}{role=FOLLOWER} - Sending AppendResponse{status=OK, term=1, succeeded=true, lastLogIndex=43}
10:08:07.133 [raft-server-3-state] TRACE i.a.p.raft.impl.RaftServiceManager - RaftServer{3} - Applying Indexed{index=42, entry=CommandEntry{term=1, timestamp=2018-06-11 10:08:07,006, session=2, sequence=37, operation=PrimitiveOperation{id=DefaultOperationId{id=write, type=COMMAND}, value=byte[]{length=17, hash=1297078671}}}}
10:08:07.133 [raft-server-3-state] TRACE i.a.p.s.impl.DefaultServiceExecutor - PrimitiveService{2}{type=io.atomix.protocols.raft.RaftTest$TestPrimitiveType@5b77a59f, name=raft-test} - Executing DefaultCommit{index=42, session=RaftSession{RaftServiceContext{server=3, type=io.atomix.protocols.raft.RaftTest$TestPrimitiveType@5b77a59f, name=raft-test, id=2}, session=2, timestamp=2018-06-11 10:08:07,006}, time=2018-06-11 10:08:07,006, operation=DefaultOperationId{id=write, type=COMMAND}, value=byte[]{length=17, hash=1297078671}}
10:08:07.189 [raft-server-1] TRACE i.a.p.raft.roles.LeaderAppender - RaftServer{1} - Received AppendResponse{status=OK, term=1, succeeded=true, lastLogIndex=43} from 3
10:08:07.189 [raft-server-1-state] TRACE i.a.p.raft.impl.RaftServiceManager - RaftServer{1} - Applying Indexed{index=43, entry=CommandEntry{term=1, timestamp=2018-06-11 10:08:07,056, session=2, sequence=38, operation=PrimitiveOperation{id=DefaultOperationId{id=write, type=COMMAND}, value=byte[]{length=17, hash=1297078671}}}}
10:08:07.189 [raft-server-1-state] TRACE i.a.p.s.impl.DefaultServiceExecutor - PrimitiveService{2}{type=io.atomix.protocols.raft.RaftTest$TestPrimitiveType@5051ea1e, name=raft-test} - Executing DefaultCommit{index=43, session=RaftSession{RaftServiceContext{server=1, type=io.atomix.protocols.raft.RaftTest$TestPrimitiveType@5051ea1e, name=raft-test, id=2}, session=2, timestamp=2018-06-11 10:08:07,056}, time=2018-06-11 10:08:07,056, operation=DefaultOperationId{id=write, type=COMMAND}, value=byte[]{length=17, hash=1297078671}}
10:08:07.189 [raft-server-1-state] TRACE i.a.protocols.raft.roles.LeaderRole - RaftServer{1}{role=LEADER} - Sending CommandResponse{status=OK, index=43, eventIndex=2, result=byte[]{length=2, hash=1326}}
10:08:07.189 [raft-client-995c025b-ba21-4dd3-828a-0c3e52b0447e-1] TRACE i.a.p.r.s.impl.RaftSessionConnection - SessionClient{2}{type=io.atomix.protocols.raft.RaftTest$TestPrimitiveType@6b321262, name=raft-test} - Received CommandResponse{status=OK, index=43, eventIndex=2, result=byte[]{length=2, hash=1326}} from 1
10:08:07.189 [raft-client-995c025b-ba21-4dd3-828a-0c3e52b0447e-1] TRACE i.a.p.r.s.impl.RaftSessionSequencer - SessionClient{2}{type=io.atomix.protocols.raft.RaftTest$TestPrimitiveType@6b321262, name=raft-test} - Completing response CommandResponse{status=OK, index=43, eventIndex=2, result=byte[]{length=2, hash=1326}}
10:08:07.190 [raft-client-995c025b-ba21-4dd3-828a-0c3e52b0447e-1] TRACE i.a.p.r.s.impl.RaftSessionConnection - SessionClient{2}{type=io.atomix.protocols.raft.RaftTest$TestPrimitiveType@6b321262, name=raft-test} - Sending CommandRequest{session=2, sequence=39, operation=PrimitiveOperation{id=DefaultOperationId{id=write, type=COMMAND}, value=byte[]{length=17, hash=1297078671}}} to 1
10:08:07.190 [raft-server-1] TRACE i.a.protocols.raft.roles.LeaderRole - RaftServer{1}{role=LEADER} - Received CommandRequest{session=2, sequence=39, operation=PrimitiveOperation{id=DefaultOperationId{id=write, type=COMMAND}, value=byte[]{length=17, hash=1297078671}}}
10:08:07.190 [raft-server-1] TRACE i.a.protocols.raft.roles.LeaderRole - RaftServer{1}{role=LEADER} - Appended Indexed{index=44, entry=CommandEntry{term=1, timestamp=2018-06-11 10:08:07,190, session=2, sequence=39, operation=PrimitiveOperation{id=DefaultOperationId{id=write, type=COMMAND}, value=byte[]{length=17, hash=1297078671}}}}
10:08:07.190 [raft-server-1] TRACE i.a.p.raft.roles.LeaderAppender - RaftServer{1} - Sending AppendRequest{term=1, leader=1, prevLogIndex=43, prevLogTerm=1, entries=1, commitIndex=43} to 2
10:08:07.190 [raft-server-2] TRACE i.a.p.raft.roles.FollowerRole - RaftServer{2}{role=FOLLOWER} - Received AppendRequest{term=1, leader=1, prevLogIndex=43, prevLogTerm=1, entries=1, commitIndex=43}
10:08:07.190 [raft-server-1] TRACE i.a.p.raft.roles.LeaderAppender - RaftServer{1} - Sending AppendRequest{term=1, leader=1, prevLogIndex=43, prevLogTerm=1, entries=1, commitIndex=43} to 3
10:08:07.190 [raft-server-3] TRACE i.a.p.raft.roles.FollowerRole - RaftServer{3}{role=FOLLOWER} - Received AppendRequest{term=1, leader=1, prevLogIndex=43, prevLogTerm=1, entries=1, commitIndex=43}
10:08:07.190 [raft-server-2] TRACE i.a.p.raft.roles.FollowerRole - RaftServer{2}{role=FOLLOWER} - Appended Indexed{index=44, entry=CommandEntry{term=1, timestamp=2018-06-11 10:08:07,190, session=2, sequence=39, operation=PrimitiveOperation{id=DefaultOperationId{id=write, type=COMMAND}, value=byte[]{length=17, hash=1297078671}}}}
10:08:07.190 [raft-server-3] TRACE i.a.p.raft.roles.FollowerRole - RaftServer{3}{role=FOLLOWER} - Appended Indexed{index=44, entry=CommandEntry{term=1, timestamp=2018-06-11 10:08:07,190, session=2, sequence=39, operation=PrimitiveOperation{id=DefaultOperationId{id=write, type=COMMAND}, value=byte[]{length=17, hash=1297078671}}}}
10:08:07.345 [raft-server-2] TRACE i.a.p.raft.roles.FollowerRole - RaftServer{2}{role=FOLLOWER} - Committed entries up to index 43
10:08:07.345 [raft-server-2] TRACE i.a.p.raft.roles.FollowerRole - RaftServer{2}{role=FOLLOWER} - Sending AppendResponse{status=OK, term=1, succeeded=true, lastLogIndex=44}
10:08:07.345 [raft-server-3] TRACE i.a.p.raft.roles.FollowerRole - RaftServer{3}{role=FOLLOWER} - Committed entries up to index 43
10:08:07.345 [raft-server-3] TRACE i.a.p.raft.roles.FollowerRole - RaftServer{3}{role=FOLLOWER} - Sending AppendResponse{status=OK, term=1, succeeded=true, lastLogIndex=44}
10:08:07.345 [raft-server-1] TRACE i.a.p.raft.roles.LeaderAppender - RaftServer{1} - Received AppendResponse{status=OK, term=1, succeeded=true, lastLogIndex=44} from 2
10:08:07.345 [raft-server-2-state] TRACE i.a.p.raft.impl.RaftServiceManager - RaftServer{2} - Applying Indexed{index=43, entry=CommandEntry{term=1, timestamp=2018-06-11 10:08:07,056, session=2, sequence=38, operation=PrimitiveOperation{id=DefaultOperationId{id=write, type=COMMAND}, value=byte[]{length=17, hash=1297078671}}}}
10:08:07.345 [raft-server-3-state] TRACE i.a.p.raft.impl.RaftServiceManager - RaftServer{3} - Applying Indexed{index=43, entry=CommandEntry{term=1, timestamp=2018-06-11 10:08:07,056, session=2, sequence=38, operation=PrimitiveOperation{id=DefaultOperationId{id=write, type=COMMAND}, value=byte[]{length=17, hash=1297078671}}}}
10:08:07.345 [raft-server-1] TRACE i.a.p.raft.roles.LeaderAppender - RaftServer{1} - Committed entries up to 44
10:08:07.345 [raft-server-2-state] TRACE i.a.p.s.impl.DefaultServiceExecutor - PrimitiveService{2}{type=io.atomix.protocols.raft.RaftTest$TestPrimitiveType@25c42b8f, name=raft-test} - Executing DefaultCommit{index=43, session=RaftSession{RaftServiceContext{server=2, type=io.atomix.protocols.raft.RaftTest$TestPrimitiveType@25c42b8f, name=raft-test, id=2}, session=2, timestamp=2018-06-11 10:08:07,056}, time=2018-06-11 10:08:07,056, operation=DefaultOperationId{id=write, type=COMMAND}, value=byte[]{length=17, hash=1297078671}}
10:08:07.345 [raft-server-3-state] TRACE i.a.p.s.impl.DefaultServiceExecutor - PrimitiveService{2}{type=io.atomix.protocols.raft.RaftTest$TestPrimitiveType@5b77a59f, name=raft-test} - Executing DefaultCommit{index=43, session=RaftSession{RaftServiceContext{server=3, type=io.atomix.protocols.raft.RaftTest$TestPrimitiveType@5b77a59f, name=raft-test, id=2}, session=2, timestamp=2018-06-11 10:08:07,056}, time=2018-06-11 10:08:07,056, operation=DefaultOperationId{id=write, type=COMMAND}, value=byte[]{length=17, hash=1297078671}}
10:08:07.406 [raft-server-1] TRACE i.a.p.raft.roles.LeaderAppender - RaftServer{1} - Sending AppendRequest{term=1, leader=1, prevLogIndex=44, prevLogTerm=1, entries=0, commitIndex=44} to 2
10:08:07.406 [raft-server-2] TRACE i.a.p.raft.roles.FollowerRole - RaftServer{2}{role=FOLLOWER} - Received AppendRequest{term=1, leader=1, prevLogIndex=44, prevLogTerm=1, entries=0, commitIndex=44}
10:08:07.406 [raft-server-1] TRACE i.a.p.raft.roles.LeaderAppender - RaftServer{1} - Received AppendResponse{status=OK, term=1, succeeded=true, lastLogIndex=44} from 3
10:08:07.406 [raft-server-1] TRACE i.a.p.raft.roles.LeaderAppender - RaftServer{1} - Sending AppendRequest{term=1, leader=1, prevLogIndex=44, prevLogTerm=1, entries=0, commitIndex=44} to 3
10:08:07.406 [raft-server-3] TRACE i.a.p.raft.roles.FollowerRole - RaftServer{3}{role=FOLLOWER} - Received AppendRequest{term=1, leader=1, prevLogIndex=44, prevLogTerm=1, entries=0, commitIndex=44}
10:08:07.406 [raft-server-1-state] TRACE i.a.p.raft.impl.RaftServiceManager - RaftServer{1} - Applying Indexed{index=44, entry=CommandEntry{term=1, timestamp=2018-06-11 10:08:07,190, session=2, sequence=39, operation=PrimitiveOperation{id=DefaultOperationId{id=write, type=COMMAND}, value=byte[]{length=17, hash=1297078671}}}}
10:08:07.406 [raft-server-1-state] TRACE i.a.p.s.impl.DefaultServiceExecutor - PrimitiveService{2}{type=io.atomix.protocols.raft.RaftTest$TestPrimitiveType@5051ea1e, name=raft-test} - Executing DefaultCommit{index=44, session=RaftSession{RaftServiceContext{server=1, type=io.atomix.protocols.raft.RaftTest$TestPrimitiveType@5051ea1e, name=raft-test, id=2}, session=2, timestamp=2018-06-11 10:08:07,190}, time=2018-06-11 10:08:07,190, operation=DefaultOperationId{id=write, type=COMMAND}, value=byte[]{length=17, hash=1297078671}}
10:08:07.406 [raft-server-1-state] TRACE i.a.protocols.raft.roles.LeaderRole - RaftServer{1}{role=LEADER} - Sending CommandResponse{status=OK, index=44, eventIndex=2, result=byte[]{length=2, hash=1328}}
10:08:07.406 [raft-client-995c025b-ba21-4dd3-828a-0c3e52b0447e-4] TRACE i.a.p.r.s.impl.RaftSessionConnection - SessionClient{2}{type=io.atomix.protocols.raft.RaftTest$TestPrimitiveType@6b321262, name=raft-test} - Received CommandResponse{status=OK, index=44, eventIndex=2, result=byte[]{length=2, hash=1328}} from 1
10:08:07.406 [raft-client-995c025b-ba21-4dd3-828a-0c3e52b0447e-4] TRACE i.a.p.r.s.impl.RaftSessionSequencer - SessionClient{2}{type=io.atomix.protocols.raft.RaftTest$TestPrimitiveType@6b321262, name=raft-test} - Completing response CommandResponse{status=OK, index=44, eventIndex=2, result=byte[]{length=2, hash=1328}}
10:08:07.407 [raft-client-995c025b-ba21-4dd3-828a-0c3e52b0447e-2] TRACE i.a.p.r.s.impl.RaftSessionConnection - SessionClient{2}{type=io.atomix.protocols.raft.RaftTest$TestPrimitiveType@6b321262, name=raft-test} - Sending CommandRequest{session=2, sequence=40, operation=PrimitiveOperation{id=DefaultOperationId{id=write, type=COMMAND}, value=byte[]{length=17, hash=1297078671}}} to 1
10:08:07.407 [raft-server-1] TRACE i.a.protocols.raft.roles.LeaderRole - RaftServer{1}{role=LEADER} - Received CommandRequest{session=2, sequence=40, operation=PrimitiveOperation{id=DefaultOperationId{id=write, type=COMMAND}, value=byte[]{length=17, hash=1297078671}}}
10:08:07.407 [raft-server-1] TRACE i.a.protocols.raft.roles.LeaderRole - RaftServer{1}{role=LEADER} - Appended Indexed{index=45, entry=CommandEntry{term=1, timestamp=2018-06-11 10:08:07,407, session=2, sequence=40, operation=PrimitiveOperation{id=DefaultOperationId{id=write, type=COMMAND}, value=byte[]{length=17, hash=1297078671}}}}
10:08:07.461 [raft-server-2] TRACE i.a.p.raft.roles.FollowerRole - RaftServer{2}{role=FOLLOWER} - Committed entries up to index 44
10:08:07.462 [raft-server-2] TRACE i.a.p.raft.roles.FollowerRole - RaftServer{2}{role=FOLLOWER} - Sending AppendResponse{status=OK, term=1, succeeded=true, lastLogIndex=44}
10:08:07.462 [raft-server-1] TRACE i.a.p.raft.roles.LeaderAppender - RaftServer{1} - Received AppendResponse{status=OK, term=1, succeeded=true, lastLogIndex=44} from 2
10:08:07.462 [raft-server-1] TRACE i.a.p.raft.roles.LeaderAppender - RaftServer{1} - Sending AppendRequest{term=1, leader=1, prevLogIndex=44, prevLogTerm=1, entries=1, commitIndex=44} to 2
10:08:07.462 [raft-server-2-state] TRACE i.a.p.raft.impl.RaftServiceManager - RaftServer{2} - Applying Indexed{index=44, entry=CommandEntry{term=1, timestamp=2018-06-11 10:08:07,190, session=2, sequence=39, operation=PrimitiveOperation{id=DefaultOperationId{id=write, type=COMMAND}, value=byte[]{length=17, hash=1297078671}}}}
10:08:07.462 [raft-server-2-state] TRACE i.a.p.s.impl.DefaultServiceExecutor - PrimitiveService{2}{type=io.atomix.protocols.raft.RaftTest$TestPrimitiveType@25c42b8f, name=raft-test} - Executing DefaultCommit{index=44, session=RaftSession{RaftServiceContext{server=2, type=io.atomix.protocols.raft.RaftTest$TestPrimitiveType@25c42b8f, name=raft-test, id=2}, session=2, timestamp=2018-06-11 10:08:07,190}, time=2018-06-11 10:08:07,190, operation=DefaultOperationId{id=write, type=COMMAND}, value=byte[]{length=17, hash=1297078671}}
10:08:07.462 [raft-server-2] TRACE i.a.p.raft.roles.FollowerRole - RaftServer{2}{role=FOLLOWER} - Received AppendRequest{term=1, leader=1, prevLogIndex=44, prevLogTerm=1, entries=1, commitIndex=44}
10:08:07.462 [raft-server-2] TRACE i.a.p.raft.roles.FollowerRole - RaftServer{2}{role=FOLLOWER} - Appended Indexed{index=45, entry=CommandEntry{term=1, timestamp=2018-06-11 10:08:07,407, session=2, sequence=40, operation=PrimitiveOperation{id=DefaultOperationId{id=write, type=COMMAND}, value=byte[]{length=17, hash=1297078671}}}}
10:08:07.462 [raft-server-2] TRACE i.a.p.raft.roles.FollowerRole - RaftServer{2}{role=FOLLOWER} - Sending AppendResponse{status=OK, term=1, succeeded=true, lastLogIndex=45}
10:08:07.462 [raft-server-1] TRACE i.a.p.raft.roles.LeaderAppender - RaftServer{1} - Received AppendResponse{status=OK, term=1, succeeded=true, lastLogIndex=45} from 2
10:08:07.463 [raft-server-1] TRACE i.a.p.raft.roles.LeaderAppender - RaftServer{1} - Committed entries up to 45
10:08:07.656 [raft-server-3] TRACE i.a.p.raft.roles.FollowerRole - RaftServer{3}{role=FOLLOWER} - Committed entries up to index 44
10:08:07.656 [raft-server-3] TRACE i.a.p.raft.roles.FollowerRole - RaftServer{3}{role=FOLLOWER} - Sending AppendResponse{status=OK, term=1, succeeded=true, lastLogIndex=44}
10:08:07.656 [raft-server-3-state] TRACE i.a.p.raft.impl.RaftServiceManager - RaftServer{3} - Applying Indexed{index=44, entry=CommandEntry{term=1, timestamp=2018-06-11 10:08:07,190, session=2, sequence=39, operation=PrimitiveOperation{id=DefaultOperationId{id=write, type=COMMAND}, value=byte[]{length=17, hash=1297078671}}}}
10:08:07.657 [raft-server-3-state] TRACE i.a.p.s.impl.DefaultServiceExecutor - PrimitiveService{2}{type=io.atomix.protocols.raft.RaftTest$TestPrimitiveType@5b77a59f, name=raft-test} - Executing DefaultCommit{index=44, session=RaftSession{RaftServiceContext{server=3, type=io.atomix.protocols.raft.RaftTest$TestPrimitiveType@5b77a59f, name=raft-test, id=2}, session=2, timestamp=2018-06-11 10:08:07,190}, time=2018-06-11 10:08:07,190, operation=DefaultOperationId{id=write, type=COMMAND}, value=byte[]{length=17, hash=1297078671}}
10:08:08.045 [raft-server-1] TRACE i.a.p.raft.roles.LeaderAppender - RaftServer{1} - Sending AppendRequest{term=1, leader=1, prevLogIndex=45, prevLogTerm=1, entries=0, commitIndex=45} to 2
10:08:08.045 [raft-server-1] TRACE i.a.p.raft.roles.LeaderAppender - RaftServer{1} - Sending AppendRequest{term=1, leader=1, prevLogIndex=44, prevLogTerm=1, entries=1, commitIndex=45} to 3
10:08:08.045 [raft-server-3] TRACE i.a.p.raft.roles.FollowerRole - RaftServer{3}{role=FOLLOWER} - Received AppendRequest{term=1, leader=1, prevLogIndex=44, prevLogTerm=1, entries=1, commitIndex=45}
10:08:08.045 [raft-server-1] TRACE i.a.p.raft.roles.LeaderAppender - RaftServer{1} - Received AppendResponse{status=OK, term=1, succeeded=true, lastLogIndex=44} from 3
10:08:08.045 [raft-server-2] TRACE i.a.p.raft.roles.FollowerRole - RaftServer{2}{role=FOLLOWER} - Received AppendRequest{term=1, leader=1, prevLogIndex=45, prevLogTerm=1, entries=0, commitIndex=45}
10:08:08.045 [raft-server-3] TRACE i.a.p.raft.roles.FollowerRole - RaftServer{3}{role=FOLLOWER} - Appended Indexed{index=45, entry=CommandEntry{term=1, timestamp=2018-06-11 10:08:07,407, session=2, sequence=40, operation=PrimitiveOperation{id=DefaultOperationId{id=write, type=COMMAND}, value=byte[]{length=17, hash=1297078671}}}}
10:08:08.045 [raft-server-1-state] TRACE i.a.p.raft.impl.RaftServiceManager - RaftServer{1} - Applying Indexed{index=45, entry=CommandEntry{term=1, timestamp=2018-06-11 10:08:07,407, session=2, sequence=40, operation=PrimitiveOperation{id=DefaultOperationId{id=write, type=COMMAND}, value=byte[]{length=17, hash=1297078671}}}}
10:08:08.045 [raft-server-1-state] TRACE i.a.p.s.impl.DefaultServiceExecutor - PrimitiveService{2}{type=io.atomix.protocols.raft.RaftTest$TestPrimitiveType@5051ea1e, name=raft-test} - Executing DefaultCommit{index=45, session=RaftSession{RaftServiceContext{server=1, type=io.atomix.protocols.raft.RaftTest$TestPrimitiveType@5051ea1e, name=raft-test, id=2}, session=2, timestamp=2018-06-11 10:08:07,407}, time=2018-06-11 10:08:07,407, operation=DefaultOperationId{id=write, type=COMMAND}, value=byte[]{length=17, hash=1297078671}}
10:08:08.046 [raft-server-1] TRACE i.a.protocols.raft.roles.LeaderRole - RaftServer{1}{role=LEADER} - Sending CommandResponse{status=OK, index=45, eventIndex=2, result=byte[]{length=2, hash=1330}}
10:08:08.046 [raft-client-995c025b-ba21-4dd3-828a-0c3e52b0447e-6] TRACE i.a.p.r.s.impl.RaftSessionConnection - SessionClient{2}{type=io.atomix.protocols.raft.RaftTest$TestPrimitiveType@6b321262, name=raft-test} - Received CommandResponse{status=OK, index=45, eventIndex=2, result=byte[]{length=2, hash=1330}} from 1
10:08:08.046 [raft-client-995c025b-ba21-4dd3-828a-0c3e52b0447e-6] TRACE i.a.p.r.s.impl.RaftSessionSequencer - SessionClient{2}{type=io.atomix.protocols.raft.RaftTest$TestPrimitiveType@6b321262, name=raft-test} - Completing response CommandResponse{status=OK, index=45, eventIndex=2, result=byte[]{length=2, hash=1330}}
10:08:08.046 [raft-client-995c025b-ba21-4dd3-828a-0c3e52b0447e-6] TRACE i.a.p.r.s.impl.RaftSessionConnection - SessionClient{2}{type=io.atomix.protocols.raft.RaftTest$TestPrimitiveType@6b321262, name=raft-test} - Sending CommandRequest{session=2, sequence=41, operation=PrimitiveOperation{id=DefaultOperationId{id=write, type=COMMAND}, value=byte[]{length=17, hash=1297078671}}} to 1
10:08:08.046 [raft-server-1] TRACE i.a.protocols.raft.roles.LeaderRole - RaftServer{1}{role=LEADER} - Received CommandRequest{session=2, sequence=41, operation=PrimitiveOperation{id=DefaultOperationId{id=write, type=COMMAND}, value=byte[]{length=17, hash=1297078671}}}
10:08:08.047 [raft-server-1] TRACE i.a.protocols.raft.roles.LeaderRole - RaftServer{1}{role=LEADER} - Appended Indexed{index=46, entry=CommandEntry{term=1, timestamp=2018-06-11 10:08:08,046, session=2, sequence=41, operation=PrimitiveOperation{id=DefaultOperationId{id=write, type=COMMAND}, value=byte[]{length=17, hash=1297078671}}}}
10:08:08.074 [raft-server-1] TRACE i.a.p.raft.roles.LeaderAppender - RaftServer{1} - Sending AppendRequest{term=1, leader=1, prevLogIndex=45, prevLogTerm=1, entries=1, commitIndex=45} to 2
10:08:08.137 [raft-client-995c025b-ba21-4dd3-828a-0c3e52b0447e-1] TRACE i.a.p.r.s.impl.RaftSessionManager - RaftClient{995c025b-ba21-4dd3-828a-0c3e52b0447e} - Keeping 1 sessions alive
10:08:08.137 [raft-client-995c025b-ba21-4dd3-828a-0c3e52b0447e-1] TRACE i.a.p.r.s.impl.RaftSessionConnection - RaftClient{995c025b-ba21-4dd3-828a-0c3e52b0447e} - Sending KeepAliveRequest{sessionIds=long[]{length=1, hash=33}, commandSequences=long[]{length=1, hash=71}, eventIndexes=long[]{length=1, hash=33}} to 1
10:08:08.138 [raft-server-1] TRACE i.a.protocols.raft.roles.LeaderRole - RaftServer{1}{role=LEADER} - Received KeepAliveRequest{sessionIds=long[]{length=1, hash=33}, commandSequences=long[]{length=1, hash=71}, eventIndexes=long[]{length=1, hash=33}}
10:08:08.138 [raft-server-1] TRACE i.a.protocols.raft.roles.LeaderRole - RaftServer{1}{role=LEADER} - Appended Indexed{index=47, entry=KeepAliveEntry{term=1, timestamp=2018-06-11 10:08:08,138, sessionIds=long[]{length=1, hash=33}, commandSequences=long[]{length=1, hash=71}, eventIndexes=long[]{length=1, hash=33}}}
10:08:08.138 [raft-server-1] TRACE i.a.p.raft.roles.LeaderAppender - RaftServer{1} - Sending AppendRequest{term=1, leader=1, prevLogIndex=45, prevLogTerm=1, entries=2, commitIndex=45} to 3
10:08:08.647 [raft-server-3] TRACE i.a.p.raft.roles.FollowerRole - RaftServer{3}{role=FOLLOWER} - Committed entries up to index 45
10:08:08.647 [raft-server-2] TRACE i.a.p.raft.roles.FollowerRole - RaftServer{2}{role=FOLLOWER} - Committed entries up to index 45
10:08:08.647 [raft-server-3] TRACE i.a.p.raft.roles.FollowerRole - RaftServer{3}{role=FOLLOWER} - Sending AppendResponse{status=OK, term=1, succeeded=true, lastLogIndex=45}
10:08:08.647 [raft-server-2] TRACE i.a.p.raft.roles.FollowerRole - RaftServer{2}{role=FOLLOWER} - Sending AppendResponse{status=OK, term=1, succeeded=true, lastLogIndex=45}
10:08:08.647 [raft-server-3] TRACE i.a.p.raft.roles.FollowerRole - RaftServer{3}{role=FOLLOWER} - Received AppendRequest{term=1, leader=1, prevLogIndex=45, prevLogTerm=1, entries=2, commitIndex=45}
10:08:08.647 [raft-server-1] TRACE i.a.p.raft.roles.LeaderAppender - RaftServer{1} - Received AppendResponse{status=OK, term=1, succeeded=true, lastLogIndex=45} from 3
10:08:08.647 [raft-server-2] TRACE i.a.p.raft.roles.FollowerRole - RaftServer{2}{role=FOLLOWER} - Received AppendRequest{term=1, leader=1, prevLogIndex=45, prevLogTerm=1, entries=1, commitIndex=45}
10:08:08.648 [raft-server-3] TRACE i.a.p.raft.roles.FollowerRole - RaftServer{3}{role=FOLLOWER} - Appended Indexed{index=46, entry=CommandEntry{term=1, timestamp=2018-06-11 10:08:08,046, session=2, sequence=41, operation=PrimitiveOperation{id=DefaultOperationId{id=write, type=COMMAND}, value=byte[]{length=17, hash=1297078671}}}}
10:08:08.648 [raft-server-2] TRACE i.a.p.raft.roles.FollowerRole - RaftServer{2}{role=FOLLOWER} - Appended Indexed{index=46, entry=CommandEntry{term=1, timestamp=2018-06-11 10:08:08,046, session=2, sequence=41, operation=PrimitiveOperation{id=DefaultOperationId{id=write, type=COMMAND}, value=byte[]{length=17, hash=1297078671}}}}
10:08:08.648 [raft-server-2] TRACE i.a.p.raft.roles.FollowerRole - RaftServer{2}{role=FOLLOWER} - Sending AppendResponse{status=OK, term=1, succeeded=true, lastLogIndex=46}
10:08:08.648 [raft-server-3] TRACE i.a.p.raft.roles.FollowerRole - RaftServer{3}{role=FOLLOWER} - Appended Indexed{index=47, entry=KeepAliveEntry{term=1, timestamp=2018-06-11 10:08:08,138, sessionIds=long[]{length=1, hash=33}, commandSequences=long[]{length=1, hash=71}, eventIndexes=long[]{length=1, hash=33}}}
10:08:08.648 [raft-server-3] TRACE i.a.p.raft.roles.FollowerRole - RaftServer{3}{role=FOLLOWER} - Sending AppendResponse{status=OK, term=1, succeeded=true, lastLogIndex=47}
10:08:08.648 [raft-server-2-state] TRACE i.a.p.raft.impl.RaftServiceManager - RaftServer{2} - Applying Indexed{index=45, entry=CommandEntry{term=1, timestamp=2018-06-11 10:08:07,407, session=2, sequence=40, operation=PrimitiveOperation{id=DefaultOperationId{id=write, type=COMMAND}, value=byte[]{length=17, hash=1297078671}}}}
10:08:08.648 [raft-server-3-state] TRACE i.a.p.raft.impl.RaftServiceManager - RaftServer{3} - Applying Indexed{index=45, entry=CommandEntry{term=1, timestamp=2018-06-11 10:08:07,407, session=2, sequence=40, operation=PrimitiveOperation{id=DefaultOperationId{id=write, type=COMMAND}, value=byte[]{length=17, hash=1297078671}}}}
10:08:08.648 [raft-server-2-state] TRACE i.a.p.s.impl.DefaultServiceExecutor - PrimitiveService{2}{type=io.atomix.protocols.raft.RaftTest$TestPrimitiveType@25c42b8f, name=raft-test} - Executing DefaultCommit{index=45, session=RaftSession{RaftServiceContext{server=2, type=io.atomix.protocols.raft.RaftTest$TestPrimitiveType@25c42b8f, name=raft-test, id=2}, session=2, timestamp=2018-06-11 10:08:07,407}, time=2018-06-11 10:08:07,407, operation=DefaultOperationId{id=write, type=COMMAND}, value=byte[]{length=17, hash=1297078671}}
10:08:08.648 [raft-server-3-state] TRACE i.a.p.s.impl.DefaultServiceExecutor - PrimitiveService{2}{type=io.atomix.protocols.raft.RaftTest$TestPrimitiveType@5b77a59f, name=raft-test} - Executing DefaultCommit{index=45, session=RaftSession{RaftServiceContext{server=3, type=io.atomix.protocols.raft.RaftTest$TestPrimitiveType@5b77a59f, name=raft-test, id=2}, session=2, timestamp=2018-06-11 10:08:07,407}, time=2018-06-11 10:08:07,407, operation=DefaultOperationId{id=write, type=COMMAND}, value=byte[]{length=17, hash=1297078671}}
10:08:08.656 [raft-server-1] TRACE i.a.p.raft.roles.LeaderAppender - RaftServer{1} - Received AppendResponse{status=OK, term=1, succeeded=true, lastLogIndex=45} from 2
10:08:08.656 [raft-server-1] TRACE i.a.p.raft.roles.LeaderAppender - RaftServer{1} - Sending AppendRequest{term=1, leader=1, prevLogIndex=46, prevLogTerm=1, entries=1, commitIndex=45} to 2
10:08:08.656 [raft-server-1] TRACE i.a.p.raft.roles.LeaderAppender - RaftServer{1} - Received AppendResponse{status=OK, term=1, succeeded=true, lastLogIndex=46} from 2
10:08:08.656 [raft-server-1] TRACE i.a.p.raft.roles.LeaderAppender - RaftServer{1} - Committed entries up to 46
10:08:08.657 [raft-server-2] TRACE i.a.p.raft.roles.FollowerRole - RaftServer{2}{role=FOLLOWER} - Received AppendRequest{term=1, leader=1, prevLogIndex=46, prevLogTerm=1, entries=1, commitIndex=45}
10:08:08.657 [raft-server-2] TRACE i.a.p.raft.roles.FollowerRole - RaftServer{2}{role=FOLLOWER} - Appended Indexed{index=47, entry=KeepAliveEntry{term=1, timestamp=2018-06-11 10:08:08,138, sessionIds=long[]{length=1, hash=33}, commandSequences=long[]{length=1, hash=71}, eventIndexes=long[]{length=1, hash=33}}}
10:08:08.657 [raft-server-2] TRACE i.a.p.raft.roles.FollowerRole - RaftServer{2}{role=FOLLOWER} - Sending AppendResponse{status=OK, term=1, succeeded=true, lastLogIndex=47}
10:08:09.047 [raft-client-995c025b-ba21-4dd3-828a-0c3e52b0447e-7] DEBUG i.a.p.r.s.impl.RaftSessionConnection - SessionClient{2}{type=io.atomix.protocols.raft.RaftTest$TestPrimitiveType@6b321262, name=raft-test} - CommandRequest{session=2, sequence=41, operation=PrimitiveOperation{id=DefaultOperationId{id=write, type=COMMAND}, value=byte[]{length=17, hash=1297078671}}} failed! Reason: {}
java.util.concurrent.TimeoutException: null
	at io.atomix.protocols.raft.protocol.TestRaftProtocol.lambda$scheduleTimeout$0(TestRaftProtocol.java:48) ~[test-classes/:na]
	at java.util.concurrent.Executors$RunnableAdapter.call(Executors.java:511) ~[na:1.8.0_121]
	at java.util.concurrent.FutureTask.run(FutureTask.java:266) ~[na:1.8.0_121]
	at java.util.concurrent.ScheduledThreadPoolExecutor$ScheduledFutureTask.access$201(ScheduledThreadPoolExecutor.java:180) ~[na:1.8.0_121]
	at java.util.concurrent.ScheduledThreadPoolExecutor$ScheduledFutureTask.run(ScheduledThreadPoolExecutor.java:293) ~[na:1.8.0_121]
	at java.util.concurrent.ThreadPoolExecutor.runWorker(ThreadPoolExecutor.java:1142) ~[na:1.8.0_121]
	at java.util.concurrent.ThreadPoolExecutor$Worker.run(ThreadPoolExecutor.java:617) ~[na:1.8.0_121]
	at java.lang.Thread.run(Thread.java:745) ~[na:1.8.0_121]
10:08:09.048 [raft-client-995c025b-ba21-4dd3-828a-0c3e52b0447e-7] TRACE i.a.p.r.s.impl.RaftSessionConnection - SessionClient{2}{type=io.atomix.protocols.raft.RaftTest$TestPrimitiveType@6b321262, name=raft-test} - Resetting connection. Reason: null
10:08:09.048 [raft-client-995c025b-ba21-4dd3-828a-0c3e52b0447e-7] TRACE i.a.p.r.s.impl.RaftSessionConnection - SessionClient{2}{type=io.atomix.protocols.raft.RaftTest$TestPrimitiveType@6b321262, name=raft-test} - Sending CommandRequest{session=2, sequence=41, operation=PrimitiveOperation{id=DefaultOperationId{id=write, type=COMMAND}, value=byte[]{length=17, hash=1297078671}}} to 1
10:08:09.138 [raft-client-995c025b-ba21-4dd3-828a-0c3e52b0447e-3] DEBUG i.a.p.r.s.impl.RaftSessionConnection - RaftClient{995c025b-ba21-4dd3-828a-0c3e52b0447e} - KeepAliveRequest{sessionIds=long[]{length=1, hash=33}, commandSequences=long[]{length=1, hash=71}, eventIndexes=long[]{length=1, hash=33}} failed! Reason: {}
java.util.concurrent.TimeoutException: null
	at io.atomix.protocols.raft.protocol.TestRaftProtocol.lambda$scheduleTimeout$0(TestRaftProtocol.java:48) ~[test-classes/:na]
	at java.util.concurrent.Executors$RunnableAdapter.call(Executors.java:511) ~[na:1.8.0_121]
	at java.util.concurrent.FutureTask.run(FutureTask.java:266) ~[na:1.8.0_121]
	at java.util.concurrent.ScheduledThreadPoolExecutor$ScheduledFutureTask.access$201(ScheduledThreadPoolExecutor.java:180) ~[na:1.8.0_121]
	at java.util.concurrent.ScheduledThreadPoolExecutor$ScheduledFutureTask.run(ScheduledThreadPoolExecutor.java:293) ~[na:1.8.0_121]
	at java.util.concurrent.ThreadPoolExecutor.runWorker(ThreadPoolExecutor.java:1142) ~[na:1.8.0_121]
	at java.util.concurrent.ThreadPoolExecutor$Worker.run(ThreadPoolExecutor.java:617) ~[na:1.8.0_121]
	at java.lang.Thread.run(Thread.java:745) ~[na:1.8.0_121]
10:08:09.139 [raft-client-995c025b-ba21-4dd3-828a-0c3e52b0447e-3] TRACE i.a.p.r.s.impl.RaftSessionConnection - RaftClient{995c025b-ba21-4dd3-828a-0c3e52b0447e} - Resetting connection. Reason: null
10:08:09.139 [raft-client-995c025b-ba21-4dd3-828a-0c3e52b0447e-3] TRACE i.a.p.r.s.impl.RaftSessionConnection - RaftClient{995c025b-ba21-4dd3-828a-0c3e52b0447e} - Sending KeepAliveRequest{sessionIds=long[]{length=1, hash=33}, commandSequences=long[]{length=1, hash=71}, eventIndexes=long[]{length=1, hash=33}} to 1
10:08:09.179 [raft-server-1] TRACE i.a.p.raft.roles.LeaderAppender - RaftServer{1} - Received AppendResponse{status=OK, term=1, succeeded=true, lastLogIndex=47} from 3
10:08:09.179 [raft-server-1] TRACE i.a.p.raft.roles.LeaderAppender - RaftServer{1} - Committed entries up to 47
10:08:09.236 [raft-server-1] TRACE i.a.p.raft.roles.LeaderAppender - RaftServer{1} - Sending AppendRequest{term=1, leader=1, prevLogIndex=47, prevLogTerm=1, entries=0, commitIndex=47} to 3
10:08:09.237 [raft-server-1] TRACE i.a.p.raft.roles.LeaderAppender - RaftServer{1} - Received AppendResponse{status=OK, term=1, succeeded=true, lastLogIndex=47} from 2
10:08:09.237 [raft-server-3] TRACE i.a.p.raft.roles.FollowerRole - RaftServer{3}{role=FOLLOWER} - Received AppendRequest{term=1, leader=1, prevLogIndex=47, prevLogTerm=1, entries=0, commitIndex=47}
10:08:09.237 [raft-server-1] TRACE i.a.p.raft.roles.LeaderAppender - RaftServer{1} - Sending AppendRequest{term=1, leader=1, prevLogIndex=47, prevLogTerm=1, entries=0, commitIndex=47} to 2
10:08:09.237 [raft-server-2] TRACE i.a.p.raft.roles.FollowerRole - RaftServer{2}{role=FOLLOWER} - Received AppendRequest{term=1, leader=1, prevLogIndex=47, prevLogTerm=1, entries=0, commitIndex=47}
10:08:09.237 [raft-server-1] TRACE i.a.protocols.raft.roles.LeaderRole - RaftServer{1}{role=LEADER} - Received CommandRequest{session=2, sequence=41, operation=PrimitiveOperation{id=DefaultOperationId{id=write, type=COMMAND}, value=byte[]{length=17, hash=1297078671}}}
10:08:09.237 [raft-server-1] TRACE i.a.protocols.raft.roles.LeaderRole - RaftServer{1}{role=LEADER} - Appended Indexed{index=48, entry=CommandEntry{term=1, timestamp=2018-06-11 10:08:09,237, session=2, sequence=41, operation=PrimitiveOperation{id=DefaultOperationId{id=write, type=COMMAND}, value=byte[]{length=17, hash=1297078671}}}}
10:08:09.237 [raft-server-1] TRACE i.a.protocols.raft.roles.LeaderRole - RaftServer{1}{role=LEADER} - Received KeepAliveRequest{sessionIds=long[]{length=1, hash=33}, commandSequences=long[]{length=1, hash=71}, eventIndexes=long[]{length=1, hash=33}}
10:08:09.237 [raft-server-1] TRACE i.a.protocols.raft.roles.LeaderRole - RaftServer{1}{role=LEADER} - Appended Indexed{index=49, entry=KeepAliveEntry{term=1, timestamp=2018-06-11 10:08:09,237, sessionIds=long[]{length=1, hash=33}, commandSequences=long[]{length=1, hash=71}, eventIndexes=long[]{length=1, hash=33}}}
10:08:09.237 [raft-server-1-state] TRACE i.a.p.raft.impl.RaftServiceManager - RaftServer{1} - Applying Indexed{index=46, entry=CommandEntry{term=1, timestamp=2018-06-11 10:08:08,046, session=2, sequence=41, operation=PrimitiveOperation{id=DefaultOperationId{id=write, type=COMMAND}, value=byte[]{length=17, hash=1297078671}}}}
10:08:09.237 [raft-server-1-state] TRACE i.a.p.s.impl.DefaultServiceExecutor - PrimitiveService{2}{type=io.atomix.protocols.raft.RaftTest$TestPrimitiveType@5051ea1e, name=raft-test} - Executing DefaultCommit{index=46, session=RaftSession{RaftServiceContext{server=1, type=io.atomix.protocols.raft.RaftTest$TestPrimitiveType@5051ea1e, name=raft-test, id=2}, session=2, timestamp=2018-06-11 10:08:08,046}, time=2018-06-11 10:08:08,046, operation=DefaultOperationId{id=write, type=COMMAND}, value=byte[]{length=17, hash=1297078671}}
10:08:09.238 [raft-server-1] TRACE i.a.protocols.raft.roles.LeaderRole - RaftServer{1}{role=LEADER} - Sending CommandResponse{status=OK, index=46, eventIndex=2, result=byte[]{length=2, hash=1332}}
10:08:09.238 [raft-server-1-state] TRACE i.a.p.raft.impl.RaftServiceManager - RaftServer{1} - Applying Indexed{index=47, entry=KeepAliveEntry{term=1, timestamp=2018-06-11 10:08:08,138, sessionIds=long[]{length=1, hash=33}, commandSequences=long[]{length=1, hash=71}, eventIndexes=long[]{length=1, hash=33}}}
10:08:09.238 [raft-server-1] TRACE i.a.protocols.raft.roles.LeaderRole - RaftServer{1}{role=LEADER} - Sending KeepAliveResponse{status=OK, leader=1, members=[2, 1, 3], sessionIds=long[]{length=1, hash=33}}
10:08:09.311 [raft-server-2] TRACE i.a.p.raft.roles.FollowerRole - RaftServer{2}{role=FOLLOWER} - Committed entries up to index 47
10:08:09.311 [raft-server-3] TRACE i.a.p.raft.roles.FollowerRole - RaftServer{3}{role=FOLLOWER} - Committed entries up to index 47
10:08:09.311 [raft-server-2] TRACE i.a.p.raft.roles.FollowerRole - RaftServer{2}{role=FOLLOWER} - Sending AppendResponse{status=OK, term=1, succeeded=true, lastLogIndex=47}
10:08:09.311 [raft-server-3] TRACE i.a.p.raft.roles.FollowerRole - RaftServer{3}{role=FOLLOWER} - Sending AppendResponse{status=OK, term=1, succeeded=true, lastLogIndex=47}
10:08:09.312 [raft-server-3-state] TRACE i.a.p.raft.impl.RaftServiceManager - RaftServer{3} - Applying Indexed{index=46, entry=CommandEntry{term=1, timestamp=2018-06-11 10:08:08,046, session=2, sequence=41, operation=PrimitiveOperation{id=DefaultOperationId{id=write, type=COMMAND}, value=byte[]{length=17, hash=1297078671}}}}
10:08:09.312 [raft-server-1] TRACE i.a.p.raft.roles.LeaderAppender - RaftServer{1} - Received AppendResponse{status=OK, term=1, succeeded=true, lastLogIndex=47} from 2
10:08:09.312 [raft-server-2-state] TRACE i.a.p.raft.impl.RaftServiceManager - RaftServer{2} - Applying Indexed{index=46, entry=CommandEntry{term=1, timestamp=2018-06-11 10:08:08,046, session=2, sequence=41, operation=PrimitiveOperation{id=DefaultOperationId{id=write, type=COMMAND}, value=byte[]{length=17, hash=1297078671}}}}
10:08:09.312 [raft-server-3-state] TRACE i.a.p.s.impl.DefaultServiceExecutor - PrimitiveService{2}{type=io.atomix.protocols.raft.RaftTest$TestPrimitiveType@5b77a59f, name=raft-test} - Executing DefaultCommit{index=46, session=RaftSession{RaftServiceContext{server=3, type=io.atomix.protocols.raft.RaftTest$TestPrimitiveType@5b77a59f, name=raft-test, id=2}, session=2, timestamp=2018-06-11 10:08:08,046}, time=2018-06-11 10:08:08,046, operation=DefaultOperationId{id=write, type=COMMAND}, value=byte[]{length=17, hash=1297078671}}
10:08:09.312 [raft-server-1] TRACE i.a.p.raft.roles.LeaderAppender - RaftServer{1} - Sending AppendRequest{term=1, leader=1, prevLogIndex=47, prevLogTerm=1, entries=2, commitIndex=47} to 2
10:08:09.312 [raft-server-2-state] TRACE i.a.p.s.impl.DefaultServiceExecutor - PrimitiveService{2}{type=io.atomix.protocols.raft.RaftTest$TestPrimitiveType@25c42b8f, name=raft-test} - Executing DefaultCommit{index=46, session=RaftSession{RaftServiceContext{server=2, type=io.atomix.protocols.raft.RaftTest$TestPrimitiveType@25c42b8f, name=raft-test, id=2}, session=2, timestamp=2018-06-11 10:08:08,046}, time=2018-06-11 10:08:08,046, operation=DefaultOperationId{id=write, type=COMMAND}, value=byte[]{length=17, hash=1297078671}}
10:08:09.312 [raft-server-1] TRACE i.a.p.raft.roles.LeaderAppender - RaftServer{1} - Received AppendResponse{status=OK, term=1, succeeded=true, lastLogIndex=47} from 3
10:08:09.312 [raft-server-3-state] TRACE i.a.p.raft.impl.RaftServiceManager - RaftServer{3} - Applying Indexed{index=47, entry=KeepAliveEntry{term=1, timestamp=2018-06-11 10:08:08,138, sessionIds=long[]{length=1, hash=33}, commandSequences=long[]{length=1, hash=71}, eventIndexes=long[]{length=1, hash=33}}}
10:08:09.312 [raft-server-2-state] TRACE i.a.p.raft.impl.RaftServiceManager - RaftServer{2} - Applying Indexed{index=47, entry=KeepAliveEntry{term=1, timestamp=2018-06-11 10:08:08,138, sessionIds=long[]{length=1, hash=33}, commandSequences=long[]{length=1, hash=71}, eventIndexes=long[]{length=1, hash=33}}}
10:08:09.312 [raft-server-1] TRACE i.a.p.raft.roles.LeaderAppender - RaftServer{1} - Sending AppendRequest{term=1, leader=1, prevLogIndex=47, prevLogTerm=1, entries=2, commitIndex=47} to 3
10:08:09.312 [raft-server-3] TRACE i.a.p.raft.roles.FollowerRole - RaftServer{3}{role=FOLLOWER} - Received AppendRequest{term=1, leader=1, prevLogIndex=47, prevLogTerm=1, entries=2, commitIndex=47}
10:08:09.312 [raft-server-2] TRACE i.a.p.raft.roles.FollowerRole - RaftServer{2}{role=FOLLOWER} - Received AppendRequest{term=1, leader=1, prevLogIndex=47, prevLogTerm=1, entries=2, commitIndex=47}
10:08:09.312 [raft-server-3] TRACE i.a.p.raft.roles.FollowerRole - RaftServer{3}{role=FOLLOWER} - Appended Indexed{index=48, entry=CommandEntry{term=1, timestamp=2018-06-11 10:08:09,237, session=2, sequence=41, operation=PrimitiveOperation{id=DefaultOperationId{id=write, type=COMMAND}, value=byte[]{length=17, hash=1297078671}}}}
10:08:09.312 [raft-server-2] TRACE i.a.p.raft.roles.FollowerRole - RaftServer{2}{role=FOLLOWER} - Appended Indexed{index=48, entry=CommandEntry{term=1, timestamp=2018-06-11 10:08:09,237, session=2, sequence=41, operation=PrimitiveOperation{id=DefaultOperationId{id=write, type=COMMAND}, value=byte[]{length=17, hash=1297078671}}}}
10:08:09.312 [raft-server-3] TRACE i.a.p.raft.roles.FollowerRole - RaftServer{3}{role=FOLLOWER} - Appended Indexed{index=49, entry=KeepAliveEntry{term=1, timestamp=2018-06-11 10:08:09,237, sessionIds=long[]{length=1, hash=33}, commandSequences=long[]{length=1, hash=71}, eventIndexes=long[]{length=1, hash=33}}}
10:08:09.312 [raft-server-2] TRACE i.a.p.raft.roles.FollowerRole - RaftServer{2}{role=FOLLOWER} - Appended Indexed{index=49, entry=KeepAliveEntry{term=1, timestamp=2018-06-11 10:08:09,237, sessionIds=long[]{length=1, hash=33}, commandSequences=long[]{length=1, hash=71}, eventIndexes=long[]{length=1, hash=33}}}
10:08:09.313 [raft-server-3] TRACE i.a.p.raft.roles.FollowerRole - RaftServer{3}{role=FOLLOWER} - Sending AppendResponse{status=OK, term=1, succeeded=true, lastLogIndex=49}
10:08:09.313 [raft-server-2] TRACE i.a.p.raft.roles.FollowerRole - RaftServer{2}{role=FOLLOWER} - Sending AppendResponse{status=OK, term=1, succeeded=true, lastLogIndex=49}
10:08:09.313 [raft-server-1] TRACE i.a.p.raft.roles.LeaderAppender - RaftServer{1} - Received AppendResponse{status=OK, term=1, succeeded=true, lastLogIndex=49} from 3
10:08:09.313 [raft-server-1] TRACE i.a.p.raft.roles.LeaderAppender - RaftServer{1} - Committed entries up to 49
10:08:09.378 [raft-server-1] TRACE i.a.p.raft.roles.LeaderAppender - RaftServer{1} - Received AppendResponse{status=OK, term=1, succeeded=true, lastLogIndex=49} from 2
10:08:09.378 [raft-server-1] TRACE i.a.p.raft.roles.LeaderAppender - RaftServer{1} - Sending AppendRequest{term=1, leader=1, prevLogIndex=49, prevLogTerm=1, entries=0, commitIndex=49} to 2
10:08:09.378 [raft-server-1] TRACE i.a.p.raft.roles.LeaderAppender - RaftServer{1} - Sending AppendRequest{term=1, leader=1, prevLogIndex=49, prevLogTerm=1, entries=0, commitIndex=49} to 3
10:08:09.378 [raft-server-2] TRACE i.a.p.raft.roles.FollowerRole - RaftServer{2}{role=FOLLOWER} - Received AppendRequest{term=1, leader=1, prevLogIndex=49, prevLogTerm=1, entries=0, commitIndex=49}
10:08:09.378 [raft-server-3] TRACE i.a.p.raft.roles.FollowerRole - RaftServer{3}{role=FOLLOWER} - Received AppendRequest{term=1, leader=1, prevLogIndex=49, prevLogTerm=1, entries=0, commitIndex=49}
10:08:09.378 [raft-server-1-state] TRACE i.a.p.raft.impl.RaftServiceManager - RaftServer{1} - Applying Indexed{index=48, entry=CommandEntry{term=1, timestamp=2018-06-11 10:08:09,237, session=2, sequence=41, operation=PrimitiveOperation{id=DefaultOperationId{id=write, type=COMMAND}, value=byte[]{length=17, hash=1297078671}}}}
10:08:09.379 [raft-server-1-state] TRACE i.a.p.r.service.RaftServiceContext - PrimitiveService{2}{type=io.atomix.protocols.raft.RaftTest$TestPrimitiveType@5051ea1e, name=raft-test} - Returning cached result for command with sequence number 41 < 42
10:08:09.379 [raft-server-1] TRACE i.a.protocols.raft.roles.LeaderRole - RaftServer{1}{role=LEADER} - Sending CommandResponse{status=OK, index=46, eventIndex=2, result=byte[]{length=2, hash=1332}}
10:08:09.379 [raft-client-995c025b-ba21-4dd3-828a-0c3e52b0447e-6] TRACE i.a.p.r.s.impl.RaftSessionConnection - SessionClient{2}{type=io.atomix.protocols.raft.RaftTest$TestPrimitiveType@6b321262, name=raft-test} - Received CommandResponse{status=OK, index=46, eventIndex=2, result=byte[]{length=2, hash=1332}} from 1
10:08:09.379 [raft-server-1-state] TRACE i.a.p.raft.impl.RaftServiceManager - RaftServer{1} - Applying Indexed{index=49, entry=KeepAliveEntry{term=1, timestamp=2018-06-11 10:08:09,237, sessionIds=long[]{length=1, hash=33}, commandSequences=long[]{length=1, hash=71}, eventIndexes=long[]{length=1, hash=33}}}
10:08:09.379 [raft-client-995c025b-ba21-4dd3-828a-0c3e52b0447e-6] TRACE i.a.p.r.s.impl.RaftSessionSequencer - SessionClient{2}{type=io.atomix.protocols.raft.RaftTest$TestPrimitiveType@6b321262, name=raft-test} - Completing response CommandResponse{status=OK, index=46, eventIndex=2, result=byte[]{length=2, hash=1332}}
10:08:09.379 [raft-server-1] TRACE i.a.protocols.raft.roles.LeaderRole - RaftServer{1}{role=LEADER} - Sending KeepAliveResponse{status=OK, leader=1, members=[2, 1, 3], sessionIds=long[]{length=1, hash=33}}
10:08:09.379 [raft-client-995c025b-ba21-4dd3-828a-0c3e52b0447e-4] TRACE i.a.p.r.s.impl.RaftSessionConnection - RaftClient{995c025b-ba21-4dd3-828a-0c3e52b0447e} - Received KeepAliveResponse{status=OK, leader=1, members=[2, 1, 3], sessionIds=long[]{length=1, hash=33}} from 1
10:08:09.379 [raft-client-995c025b-ba21-4dd3-828a-0c3e52b0447e-5] TRACE i.a.p.r.s.impl.RaftSessionConnection - SessionClient{2}{type=io.atomix.protocols.raft.RaftTest$TestPrimitiveType@6b321262, name=raft-test} - Sending CommandRequest{session=2, sequence=42, operation=PrimitiveOperation{id=DefaultOperationId{id=write, type=COMMAND}, value=byte[]{length=17, hash=1297078671}}} to 1
10:08:09.379 [raft-server-1] TRACE i.a.protocols.raft.roles.LeaderRole - RaftServer{1}{role=LEADER} - Received CommandRequest{session=2, sequence=42, operation=PrimitiveOperation{id=DefaultOperationId{id=write, type=COMMAND}, value=byte[]{length=17, hash=1297078671}}}
10:08:09.379 [raft-server-1] TRACE i.a.protocols.raft.roles.LeaderRole - RaftServer{1}{role=LEADER} - Appended Indexed{index=50, entry=CommandEntry{term=1, timestamp=2018-06-11 10:08:09,379, session=2, sequence=42, operation=PrimitiveOperation{id=DefaultOperationId{id=write, type=COMMAND}, value=byte[]{length=17, hash=1297078671}}}}
10:08:09.440 [raft-server-2] TRACE i.a.p.raft.roles.FollowerRole - RaftServer{2}{role=FOLLOWER} - Committed entries up to index 49
10:08:09.440 [raft-server-3] TRACE i.a.p.raft.roles.FollowerRole - RaftServer{3}{role=FOLLOWER} - Committed entries up to index 49
10:08:09.440 [raft-server-2] TRACE i.a.p.raft.roles.FollowerRole - RaftServer{2}{role=FOLLOWER} - Sending AppendResponse{status=OK, term=1, succeeded=true, lastLogIndex=49}
10:08:09.440 [raft-server-3] TRACE i.a.p.raft.roles.FollowerRole - RaftServer{3}{role=FOLLOWER} - Sending AppendResponse{status=OK, term=1, succeeded=true, lastLogIndex=49}
10:08:09.440 [raft-server-1] TRACE i.a.p.raft.roles.LeaderAppender - RaftServer{1} - Received AppendResponse{status=OK, term=1, succeeded=true, lastLogIndex=49} from 2
10:08:09.440 [raft-server-1] TRACE i.a.p.raft.roles.LeaderAppender - RaftServer{1} - Sending AppendRequest{term=1, leader=1, prevLogIndex=49, prevLogTerm=1, entries=1, commitIndex=49} to 2
10:08:09.440 [raft-server-2-state] TRACE i.a.p.raft.impl.RaftServiceManager - RaftServer{2} - Applying Indexed{index=48, entry=CommandEntry{term=1, timestamp=2018-06-11 10:08:09,237, session=2, sequence=41, operation=PrimitiveOperation{id=DefaultOperationId{id=write, type=COMMAND}, value=byte[]{length=17, hash=1297078671}}}}
10:08:09.440 [raft-server-2] TRACE i.a.p.raft.roles.FollowerRole - RaftServer{2}{role=FOLLOWER} - Received AppendRequest{term=1, leader=1, prevLogIndex=49, prevLogTerm=1, entries=1, commitIndex=49}
10:08:09.440 [raft-server-1] TRACE i.a.p.raft.roles.LeaderAppender - RaftServer{1} - Received AppendResponse{status=OK, term=1, succeeded=true, lastLogIndex=49} from 3
10:08:09.440 [raft-server-2-state] TRACE i.a.p.r.service.RaftServiceContext - PrimitiveService{2}{type=io.atomix.protocols.raft.RaftTest$TestPrimitiveType@25c42b8f, name=raft-test} - Returning cached result for command with sequence number 41 < 42
10:08:09.440 [raft-server-3-state] TRACE i.a.p.raft.impl.RaftServiceManager - RaftServer{3} - Applying Indexed{index=48, entry=CommandEntry{term=1, timestamp=2018-06-11 10:08:09,237, session=2, sequence=41, operation=PrimitiveOperation{id=DefaultOperationId{id=write, type=COMMAND}, value=byte[]{length=17, hash=1297078671}}}}
10:08:09.440 [raft-server-1] TRACE i.a.p.raft.roles.LeaderAppender - RaftServer{1} - Sending AppendRequest{term=1, leader=1, prevLogIndex=49, prevLogTerm=1, entries=1, commitIndex=49} to 3
10:08:09.440 [raft-server-2-state] TRACE i.a.p.raft.impl.RaftServiceManager - RaftServer{2} - Applying Indexed{index=49, entry=KeepAliveEntry{term=1, timestamp=2018-06-11 10:08:09,237, sessionIds=long[]{length=1, hash=33}, commandSequences=long[]{length=1, hash=71}, eventIndexes=long[]{length=1, hash=33}}}
10:08:09.440 [raft-server-3-state] TRACE i.a.p.r.service.RaftServiceContext - PrimitiveService{2}{type=io.atomix.protocols.raft.RaftTest$TestPrimitiveType@5b77a59f, name=raft-test} - Returning cached result for command with sequence number 41 < 42
10:08:09.440 [raft-server-2] TRACE i.a.p.raft.roles.FollowerRole - RaftServer{2}{role=FOLLOWER} - Appended Indexed{index=50, entry=CommandEntry{term=1, timestamp=2018-06-11 10:08:09,379, session=2, sequence=42, operation=PrimitiveOperation{id=DefaultOperationId{id=write, type=COMMAND}, value=byte[]{length=17, hash=1297078671}}}}
10:08:09.440 [raft-server-3-state] TRACE i.a.p.raft.impl.RaftServiceManager - RaftServer{3} - Applying Indexed{index=49, entry=KeepAliveEntry{term=1, timestamp=2018-06-11 10:08:09,237, sessionIds=long[]{length=1, hash=33}, commandSequences=long[]{length=1, hash=71}, eventIndexes=long[]{length=1, hash=33}}}
10:08:09.440 [raft-server-3] TRACE i.a.p.raft.roles.FollowerRole - RaftServer{3}{role=FOLLOWER} - Received AppendRequest{term=1, leader=1, prevLogIndex=49, prevLogTerm=1, entries=1, commitIndex=49}
10:08:09.440 [raft-server-2] TRACE i.a.p.raft.roles.FollowerRole - RaftServer{2}{role=FOLLOWER} - Sending AppendResponse{status=OK, term=1, succeeded=true, lastLogIndex=50}
10:08:09.440 [raft-server-1] TRACE i.a.p.raft.roles.LeaderAppender - RaftServer{1} - Received AppendResponse{status=OK, term=1, succeeded=true, lastLogIndex=50} from 2
10:08:09.440 [raft-server-1] TRACE i.a.p.raft.roles.LeaderAppender - RaftServer{1} - Committed entries up to 50
10:08:09.440 [raft-server-3] TRACE i.a.p.raft.roles.FollowerRole - RaftServer{3}{role=FOLLOWER} - Appended Indexed{index=50, entry=CommandEntry{term=1, timestamp=2018-06-11 10:08:09,379, session=2, sequence=42, operation=PrimitiveOperation{id=DefaultOperationId{id=write, type=COMMAND}, value=byte[]{length=17, hash=1297078671}}}}
10:08:09.441 [raft-server-3] TRACE i.a.p.raft.roles.FollowerRole - RaftServer{3}{role=FOLLOWER} - Sending AppendResponse{status=OK, term=1, succeeded=true, lastLogIndex=50}
10:08:09.520 [raft-server-1] TRACE i.a.p.raft.roles.LeaderAppender - RaftServer{1} - Received AppendResponse{status=OK, term=1, succeeded=true, lastLogIndex=50} from 3
10:08:09.520 [raft-server-1-state] TRACE i.a.p.raft.impl.RaftServiceManager - RaftServer{1} - Applying Indexed{index=50, entry=CommandEntry{term=1, timestamp=2018-06-11 10:08:09,379, session=2, sequence=42, operation=PrimitiveOperation{id=DefaultOperationId{id=write, type=COMMAND}, value=byte[]{length=17, hash=1297078671}}}}
10:08:09.520 [raft-server-1-state] TRACE i.a.p.s.impl.DefaultServiceExecutor - PrimitiveService{2}{type=io.atomix.protocols.raft.RaftTest$TestPrimitiveType@5051ea1e, name=raft-test} - Executing DefaultCommit{index=50, session=RaftSession{RaftServiceContext{server=1, type=io.atomix.protocols.raft.RaftTest$TestPrimitiveType@5051ea1e, name=raft-test, id=2}, session=2, timestamp=2018-06-11 10:08:09,379}, time=2018-06-11 10:08:09,379, operation=DefaultOperationId{id=write, type=COMMAND}, value=byte[]{length=17, hash=1297078671}}
10:08:09.520 [raft-server-1-state] TRACE i.a.protocols.raft.roles.LeaderRole - RaftServer{1}{role=LEADER} - Sending CommandResponse{status=OK, index=50, eventIndex=2, result=byte[]{length=2, hash=1340}}
10:08:09.520 [raft-client-995c025b-ba21-4dd3-828a-0c3e52b0447e-1] TRACE i.a.p.r.s.impl.RaftSessionConnection - SessionClient{2}{type=io.atomix.protocols.raft.RaftTest$TestPrimitiveType@6b321262, name=raft-test} - Received CommandResponse{status=OK, index=50, eventIndex=2, result=byte[]{length=2, hash=1340}} from 1
10:08:09.520 [raft-client-995c025b-ba21-4dd3-828a-0c3e52b0447e-1] TRACE i.a.p.r.s.impl.RaftSessionSequencer - SessionClient{2}{type=io.atomix.protocols.raft.RaftTest$TestPrimitiveType@6b321262, name=raft-test} - Completing response CommandResponse{status=OK, index=50, eventIndex=2, result=byte[]{length=2, hash=1340}}
10:08:09.521 [raft-client-995c025b-ba21-4dd3-828a-0c3e52b0447e-0] TRACE i.a.p.r.s.impl.RaftSessionConnection - SessionClient{2}{type=io.atomix.protocols.raft.RaftTest$TestPrimitiveType@6b321262, name=raft-test} - Sending CommandRequest{session=2, sequence=43, operation=PrimitiveOperation{id=DefaultOperationId{id=write, type=COMMAND}, value=byte[]{length=17, hash=1297078671}}} to 1
10:08:09.521 [raft-server-1] TRACE i.a.protocols.raft.roles.LeaderRole - RaftServer{1}{role=LEADER} - Received CommandRequest{session=2, sequence=43, operation=PrimitiveOperation{id=DefaultOperationId{id=write, type=COMMAND}, value=byte[]{length=17, hash=1297078671}}}
10:08:09.603 [raft-server-1] DEBUG i.a.storage.journal.SegmentedJournal - Created disk segment: JournalSegment{id=6, version=1, index=51, size=64}
10:08:09.603 [raft-server-1] TRACE i.a.protocols.raft.roles.LeaderRole - RaftServer{1}{role=LEADER} - Appended Indexed{index=51, entry=CommandEntry{term=1, timestamp=2018-06-11 10:08:09,521, session=2, sequence=43, operation=PrimitiveOperation{id=DefaultOperationId{id=write, type=COMMAND}, value=byte[]{length=17, hash=1297078671}}}}
10:08:09.603 [raft-server-1] TRACE i.a.p.raft.roles.LeaderAppender - RaftServer{1} - Sending AppendRequest{term=1, leader=1, prevLogIndex=50, prevLogTerm=1, entries=1, commitIndex=50} to 2
10:08:09.604 [raft-server-2] TRACE i.a.p.raft.roles.FollowerRole - RaftServer{2}{role=FOLLOWER} - Received AppendRequest{term=1, leader=1, prevLogIndex=50, prevLogTerm=1, entries=1, commitIndex=50}
10:08:09.604 [raft-server-1] TRACE i.a.p.raft.roles.LeaderAppender - RaftServer{1} - Sending AppendRequest{term=1, leader=1, prevLogIndex=50, prevLogTerm=1, entries=1, commitIndex=50} to 3
10:08:09.604 [raft-server-3] TRACE i.a.p.raft.roles.FollowerRole - RaftServer{3}{role=FOLLOWER} - Received AppendRequest{term=1, leader=1, prevLogIndex=50, prevLogTerm=1, entries=1, commitIndex=50}
10:08:09.689 [raft-server-2] DEBUG i.a.storage.journal.SegmentedJournal - Created disk segment: JournalSegment{id=6, version=1, index=51, size=64}
10:08:09.689 [raft-server-3] DEBUG i.a.storage.journal.SegmentedJournal - Created disk segment: JournalSegment{id=6, version=1, index=51, size=64}
10:08:09.689 [raft-server-3] TRACE i.a.p.raft.roles.FollowerRole - RaftServer{3}{role=FOLLOWER} - Appended Indexed{index=51, entry=CommandEntry{term=1, timestamp=2018-06-11 10:08:09,521, session=2, sequence=43, operation=PrimitiveOperation{id=DefaultOperationId{id=write, type=COMMAND}, value=byte[]{length=17, hash=1297078671}}}}
10:08:09.689 [raft-server-2] TRACE i.a.p.raft.roles.FollowerRole - RaftServer{2}{role=FOLLOWER} - Appended Indexed{index=51, entry=CommandEntry{term=1, timestamp=2018-06-11 10:08:09,521, session=2, sequence=43, operation=PrimitiveOperation{id=DefaultOperationId{id=write, type=COMMAND}, value=byte[]{length=17, hash=1297078671}}}}
10:08:09.722 [raft-server-3] TRACE i.a.p.raft.roles.FollowerRole - RaftServer{3}{role=FOLLOWER} - Committed entries up to index 50
10:08:09.722 [raft-server-2] TRACE i.a.p.raft.roles.FollowerRole - RaftServer{2}{role=FOLLOWER} - Committed entries up to index 50
10:08:09.722 [raft-server-3] TRACE i.a.p.raft.roles.FollowerRole - RaftServer{3}{role=FOLLOWER} - Sending AppendResponse{status=OK, term=1, succeeded=true, lastLogIndex=51}
10:08:09.722 [raft-server-2] TRACE i.a.p.raft.roles.FollowerRole - RaftServer{2}{role=FOLLOWER} - Sending AppendResponse{status=OK, term=1, succeeded=true, lastLogIndex=51}
10:08:09.722 [raft-server-1] TRACE i.a.p.raft.roles.LeaderAppender - RaftServer{1} - Received AppendResponse{status=OK, term=1, succeeded=true, lastLogIndex=51} from 3
10:08:09.722 [raft-server-1] TRACE i.a.p.raft.roles.LeaderAppender - RaftServer{1} - Committed entries up to 51
10:08:09.722 [raft-server-2-state] TRACE i.a.p.raft.impl.RaftServiceManager - RaftServer{2} - Applying Indexed{index=50, entry=CommandEntry{term=1, timestamp=2018-06-11 10:08:09,379, session=2, sequence=42, operation=PrimitiveOperation{id=DefaultOperationId{id=write, type=COMMAND}, value=byte[]{length=17, hash=1297078671}}}}
10:08:09.722 [raft-server-3-state] TRACE i.a.p.raft.impl.RaftServiceManager - RaftServer{3} - Applying Indexed{index=50, entry=CommandEntry{term=1, timestamp=2018-06-11 10:08:09,379, session=2, sequence=42, operation=PrimitiveOperation{id=DefaultOperationId{id=write, type=COMMAND}, value=byte[]{length=17, hash=1297078671}}}}
10:08:09.722 [raft-server-2-state] TRACE i.a.p.s.impl.DefaultServiceExecutor - PrimitiveService{2}{type=io.atomix.protocols.raft.RaftTest$TestPrimitiveType@25c42b8f, name=raft-test} - Executing DefaultCommit{index=50, session=RaftSession{RaftServiceContext{server=2, type=io.atomix.protocols.raft.RaftTest$TestPrimitiveType@25c42b8f, name=raft-test, id=2}, session=2, timestamp=2018-06-11 10:08:09,379}, time=2018-06-11 10:08:09,379, operation=DefaultOperationId{id=write, type=COMMAND}, value=byte[]{length=17, hash=1297078671}}
10:08:09.722 [raft-server-3-state] TRACE i.a.p.s.impl.DefaultServiceExecutor - PrimitiveService{2}{type=io.atomix.protocols.raft.RaftTest$TestPrimitiveType@5b77a59f, name=raft-test} - Executing DefaultCommit{index=50, session=RaftSession{RaftServiceContext{server=3, type=io.atomix.protocols.raft.RaftTest$TestPrimitiveType@5b77a59f, name=raft-test, id=2}, session=2, timestamp=2018-06-11 10:08:09,379}, time=2018-06-11 10:08:09,379, operation=DefaultOperationId{id=write, type=COMMAND}, value=byte[]{length=17, hash=1297078671}}
10:08:09.789 [raft-server-1] TRACE i.a.p.raft.roles.LeaderAppender - RaftServer{1} - Received AppendResponse{status=OK, term=1, succeeded=true, lastLogIndex=51} from 2
10:08:09.789 [raft-server-1-state] TRACE i.a.p.raft.impl.RaftServiceManager - RaftServer{1} - Applying Indexed{index=51, entry=CommandEntry{term=1, timestamp=2018-06-11 10:08:09,521, session=2, sequence=43, operation=PrimitiveOperation{id=DefaultOperationId{id=write, type=COMMAND}, value=byte[]{length=17, hash=1297078671}}}}
10:08:09.789 [raft-server-1-state] TRACE i.a.p.s.impl.DefaultServiceExecutor - PrimitiveService{2}{type=io.atomix.protocols.raft.RaftTest$TestPrimitiveType@5051ea1e, name=raft-test} - Executing DefaultCommit{index=51, session=RaftSession{RaftServiceContext{server=1, type=io.atomix.protocols.raft.RaftTest$TestPrimitiveType@5051ea1e, name=raft-test, id=2}, session=2, timestamp=2018-06-11 10:08:09,521}, time=2018-06-11 10:08:09,521, operation=DefaultOperationId{id=write, type=COMMAND}, value=byte[]{length=17, hash=1297078671}}
10:08:09.789 [raft-server-1-state] TRACE i.a.protocols.raft.roles.LeaderRole - RaftServer{1}{role=LEADER} - Sending CommandResponse{status=OK, index=51, eventIndex=2, result=byte[]{length=2, hash=1342}}
10:08:09.789 [raft-client-995c025b-ba21-4dd3-828a-0c3e52b0447e-4] TRACE i.a.p.r.s.impl.RaftSessionConnection - SessionClient{2}{type=io.atomix.protocols.raft.RaftTest$TestPrimitiveType@6b321262, name=raft-test} - Received CommandResponse{status=OK, index=51, eventIndex=2, result=byte[]{length=2, hash=1342}} from 1
10:08:09.789 [raft-client-995c025b-ba21-4dd3-828a-0c3e52b0447e-4] TRACE i.a.p.r.s.impl.RaftSessionSequencer - SessionClient{2}{type=io.atomix.protocols.raft.RaftTest$TestPrimitiveType@6b321262, name=raft-test} - Completing response CommandResponse{status=OK, index=51, eventIndex=2, result=byte[]{length=2, hash=1342}}
10:08:09.790 [raft-client-995c025b-ba21-4dd3-828a-0c3e52b0447e-3] TRACE i.a.p.r.s.impl.RaftSessionConnection - SessionClient{2}{type=io.atomix.protocols.raft.RaftTest$TestPrimitiveType@6b321262, name=raft-test} - Sending CommandRequest{session=2, sequence=44, operation=PrimitiveOperation{id=DefaultOperationId{id=write, type=COMMAND}, value=byte[]{length=17, hash=1297078671}}} to 1
10:08:09.790 [raft-server-1] TRACE i.a.protocols.raft.roles.LeaderRole - RaftServer{1}{role=LEADER} - Received CommandRequest{session=2, sequence=44, operation=PrimitiveOperation{id=DefaultOperationId{id=write, type=COMMAND}, value=byte[]{length=17, hash=1297078671}}}
10:08:09.790 [raft-server-1] TRACE i.a.protocols.raft.roles.LeaderRole - RaftServer{1}{role=LEADER} - Appended Indexed{index=52, entry=CommandEntry{term=1, timestamp=2018-06-11 10:08:09,790, session=2, sequence=44, operation=PrimitiveOperation{id=DefaultOperationId{id=write, type=COMMAND}, value=byte[]{length=17, hash=1297078671}}}}
10:08:09.790 [raft-server-1] TRACE i.a.p.raft.roles.LeaderAppender - RaftServer{1} - Sending AppendRequest{term=1, leader=1, prevLogIndex=51, prevLogTerm=1, entries=1, commitIndex=51} to 2
10:08:09.790 [raft-server-1] TRACE i.a.p.raft.roles.LeaderAppender - RaftServer{1} - Sending AppendRequest{term=1, leader=1, prevLogIndex=51, prevLogTerm=1, entries=1, commitIndex=51} to 3
10:08:09.790 [raft-server-2] TRACE i.a.p.raft.roles.FollowerRole - RaftServer{2}{role=FOLLOWER} - Received AppendRequest{term=1, leader=1, prevLogIndex=51, prevLogTerm=1, entries=1, commitIndex=51}
10:08:09.790 [raft-server-3] TRACE i.a.p.raft.roles.FollowerRole - RaftServer{3}{role=FOLLOWER} - Received AppendRequest{term=1, leader=1, prevLogIndex=51, prevLogTerm=1, entries=1, commitIndex=51}
10:08:09.790 [raft-server-2] TRACE i.a.p.raft.roles.FollowerRole - RaftServer{2}{role=FOLLOWER} - Appended Indexed{index=52, entry=CommandEntry{term=1, timestamp=2018-06-11 10:08:09,790, session=2, sequence=44, operation=PrimitiveOperation{id=DefaultOperationId{id=write, type=COMMAND}, value=byte[]{length=17, hash=1297078671}}}}
10:08:09.790 [raft-server-3] TRACE i.a.p.raft.roles.FollowerRole - RaftServer{3}{role=FOLLOWER} - Appended Indexed{index=52, entry=CommandEntry{term=1, timestamp=2018-06-11 10:08:09,790, session=2, sequence=44, operation=PrimitiveOperation{id=DefaultOperationId{id=write, type=COMMAND}, value=byte[]{length=17, hash=1297078671}}}}
10:08:09.839 [raft-server-3] TRACE i.a.p.raft.roles.FollowerRole - RaftServer{3}{role=FOLLOWER} - Committed entries up to index 51
10:08:09.839 [raft-server-2] TRACE i.a.p.raft.roles.FollowerRole - RaftServer{2}{role=FOLLOWER} - Committed entries up to index 51
10:08:09.839 [raft-server-3] TRACE i.a.p.raft.roles.FollowerRole - RaftServer{3}{role=FOLLOWER} - Sending AppendResponse{status=OK, term=1, succeeded=true, lastLogIndex=52}
10:08:09.839 [raft-server-2] TRACE i.a.p.raft.roles.FollowerRole - RaftServer{2}{role=FOLLOWER} - Sending AppendResponse{status=OK, term=1, succeeded=true, lastLogIndex=52}
10:08:09.839 [raft-server-1] TRACE i.a.p.raft.roles.LeaderAppender - RaftServer{1} - Received AppendResponse{status=OK, term=1, succeeded=true, lastLogIndex=52} from 3
10:08:09.839 [raft-server-2-state] TRACE i.a.p.raft.impl.RaftServiceManager - RaftServer{2} - Applying Indexed{index=51, entry=CommandEntry{term=1, timestamp=2018-06-11 10:08:09,521, session=2, sequence=43, operation=PrimitiveOperation{id=DefaultOperationId{id=write, type=COMMAND}, value=byte[]{length=17, hash=1297078671}}}}
10:08:09.839 [raft-server-3-state] TRACE i.a.p.raft.impl.RaftServiceManager - RaftServer{3} - Applying Indexed{index=51, entry=CommandEntry{term=1, timestamp=2018-06-11 10:08:09,521, session=2, sequence=43, operation=PrimitiveOperation{id=DefaultOperationId{id=write, type=COMMAND}, value=byte[]{length=17, hash=1297078671}}}}
10:08:09.839 [raft-server-1] TRACE i.a.p.raft.roles.LeaderAppender - RaftServer{1} - Committed entries up to 52
10:08:09.839 [raft-server-2-state] TRACE i.a.p.s.impl.DefaultServiceExecutor - PrimitiveService{2}{type=io.atomix.protocols.raft.RaftTest$TestPrimitiveType@25c42b8f, name=raft-test} - Executing DefaultCommit{index=51, session=RaftSession{RaftServiceContext{server=2, type=io.atomix.protocols.raft.RaftTest$TestPrimitiveType@25c42b8f, name=raft-test, id=2}, session=2, timestamp=2018-06-11 10:08:09,521}, time=2018-06-11 10:08:09,521, operation=DefaultOperationId{id=write, type=COMMAND}, value=byte[]{length=17, hash=1297078671}}
10:08:09.839 [raft-server-3-state] TRACE i.a.p.s.impl.DefaultServiceExecutor - PrimitiveService{2}{type=io.atomix.protocols.raft.RaftTest$TestPrimitiveType@5b77a59f, name=raft-test} - Executing DefaultCommit{index=51, session=RaftSession{RaftServiceContext{server=3, type=io.atomix.protocols.raft.RaftTest$TestPrimitiveType@5b77a59f, name=raft-test, id=2}, session=2, timestamp=2018-06-11 10:08:09,521}, time=2018-06-11 10:08:09,521, operation=DefaultOperationId{id=write, type=COMMAND}, value=byte[]{length=17, hash=1297078671}}
10:08:09.881 [raft-server-1] TRACE i.a.p.raft.roles.LeaderAppender - RaftServer{1} - Sending AppendRequest{term=1, leader=1, prevLogIndex=52, prevLogTerm=1, entries=0, commitIndex=52} to 3
10:08:09.881 [raft-server-3] TRACE i.a.p.raft.roles.FollowerRole - RaftServer{3}{role=FOLLOWER} - Received AppendRequest{term=1, leader=1, prevLogIndex=52, prevLogTerm=1, entries=0, commitIndex=52}
10:08:09.881 [raft-server-1] TRACE i.a.p.raft.roles.LeaderAppender - RaftServer{1} - Received AppendResponse{status=OK, term=1, succeeded=true, lastLogIndex=52} from 2
10:08:09.881 [raft-server-1] TRACE i.a.p.raft.roles.LeaderAppender - RaftServer{1} - Sending AppendRequest{term=1, leader=1, prevLogIndex=52, prevLogTerm=1, entries=0, commitIndex=52} to 2
10:08:09.881 [raft-server-2] TRACE i.a.p.raft.roles.FollowerRole - RaftServer{2}{role=FOLLOWER} - Received AppendRequest{term=1, leader=1, prevLogIndex=52, prevLogTerm=1, entries=0, commitIndex=52}
10:08:09.881 [raft-server-1-state] TRACE i.a.p.raft.impl.RaftServiceManager - RaftServer{1} - Applying Indexed{index=52, entry=CommandEntry{term=1, timestamp=2018-06-11 10:08:09,790, session=2, sequence=44, operation=PrimitiveOperation{id=DefaultOperationId{id=write, type=COMMAND}, value=byte[]{length=17, hash=1297078671}}}}
10:08:09.881 [raft-server-1-state] TRACE i.a.p.s.impl.DefaultServiceExecutor - PrimitiveService{2}{type=io.atomix.protocols.raft.RaftTest$TestPrimitiveType@5051ea1e, name=raft-test} - Executing DefaultCommit{index=52, session=RaftSession{RaftServiceContext{server=1, type=io.atomix.protocols.raft.RaftTest$TestPrimitiveType@5051ea1e, name=raft-test, id=2}, session=2, timestamp=2018-06-11 10:08:09,790}, time=2018-06-11 10:08:09,790, operation=DefaultOperationId{id=write, type=COMMAND}, value=byte[]{length=17, hash=1297078671}}
10:08:09.881 [raft-server-1-state] TRACE i.a.protocols.raft.roles.LeaderRole - RaftServer{1}{role=LEADER} - Sending CommandResponse{status=OK, index=52, eventIndex=2, result=byte[]{length=2, hash=1344}}
10:08:09.881 [raft-client-995c025b-ba21-4dd3-828a-0c3e52b0447e-1] TRACE i.a.p.r.s.impl.RaftSessionConnection - SessionClient{2}{type=io.atomix.protocols.raft.RaftTest$TestPrimitiveType@6b321262, name=raft-test} - Received CommandResponse{status=OK, index=52, eventIndex=2, result=byte[]{length=2, hash=1344}} from 1
10:08:09.881 [raft-client-995c025b-ba21-4dd3-828a-0c3e52b0447e-1] TRACE i.a.p.r.s.impl.RaftSessionSequencer - SessionClient{2}{type=io.atomix.protocols.raft.RaftTest$TestPrimitiveType@6b321262, name=raft-test} - Completing response CommandResponse{status=OK, index=52, eventIndex=2, result=byte[]{length=2, hash=1344}}
10:08:09.882 [raft-client-995c025b-ba21-4dd3-828a-0c3e52b0447e-1] TRACE i.a.p.r.s.impl.RaftSessionConnection - SessionClient{2}{type=io.atomix.protocols.raft.RaftTest$TestPrimitiveType@6b321262, name=raft-test} - Sending CommandRequest{session=2, sequence=45, operation=PrimitiveOperation{id=DefaultOperationId{id=write, type=COMMAND}, value=byte[]{length=17, hash=1297078671}}} to 1
10:08:09.882 [raft-server-1] TRACE i.a.protocols.raft.roles.LeaderRole - RaftServer{1}{role=LEADER} - Received CommandRequest{session=2, sequence=45, operation=PrimitiveOperation{id=DefaultOperationId{id=write, type=COMMAND}, value=byte[]{length=17, hash=1297078671}}}
10:08:09.882 [raft-server-1] TRACE i.a.protocols.raft.roles.LeaderRole - RaftServer{1}{role=LEADER} - Appended Indexed{index=53, entry=CommandEntry{term=1, timestamp=2018-06-11 10:08:09,882, session=2, sequence=45, operation=PrimitiveOperation{id=DefaultOperationId{id=write, type=COMMAND}, value=byte[]{length=17, hash=1297078671}}}}
10:08:09.922 [raft-server-3] TRACE i.a.p.raft.roles.FollowerRole - RaftServer{3}{role=FOLLOWER} - Committed entries up to index 52
10:08:09.922 [raft-server-3] TRACE i.a.p.raft.roles.FollowerRole - RaftServer{3}{role=FOLLOWER} - Sending AppendResponse{status=OK, term=1, succeeded=true, lastLogIndex=52}
10:08:09.922 [raft-server-1] TRACE i.a.p.raft.roles.LeaderAppender - RaftServer{1} - Received AppendResponse{status=OK, term=1, succeeded=true, lastLogIndex=52} from 3
10:08:09.922 [raft-server-3-state] TRACE i.a.p.raft.impl.RaftServiceManager - RaftServer{3} - Applying Indexed{index=52, entry=CommandEntry{term=1, timestamp=2018-06-11 10:08:09,790, session=2, sequence=44, operation=PrimitiveOperation{id=DefaultOperationId{id=write, type=COMMAND}, value=byte[]{length=17, hash=1297078671}}}}
10:08:09.922 [raft-server-3-state] TRACE i.a.p.s.impl.DefaultServiceExecutor - PrimitiveService{2}{type=io.atomix.protocols.raft.RaftTest$TestPrimitiveType@5b77a59f, name=raft-test} - Executing DefaultCommit{index=52, session=RaftSession{RaftServiceContext{server=3, type=io.atomix.protocols.raft.RaftTest$TestPrimitiveType@5b77a59f, name=raft-test, id=2}, session=2, timestamp=2018-06-11 10:08:09,790}, time=2018-06-11 10:08:09,790, operation=DefaultOperationId{id=write, type=COMMAND}, value=byte[]{length=17, hash=1297078671}}
10:08:09.922 [raft-server-1] TRACE i.a.p.raft.roles.LeaderAppender - RaftServer{1} - Sending AppendRequest{term=1, leader=1, prevLogIndex=52, prevLogTerm=1, entries=1, commitIndex=52} to 3
10:08:09.923 [raft-server-3] TRACE i.a.p.raft.roles.FollowerRole - RaftServer{3}{role=FOLLOWER} - Received AppendRequest{term=1, leader=1, prevLogIndex=52, prevLogTerm=1, entries=1, commitIndex=52}
10:08:09.923 [raft-server-3] TRACE i.a.p.raft.roles.FollowerRole - RaftServer{3}{role=FOLLOWER} - Appended Indexed{index=53, entry=CommandEntry{term=1, timestamp=2018-06-11 10:08:09,882, session=2, sequence=45, operation=PrimitiveOperation{id=DefaultOperationId{id=write, type=COMMAND}, value=byte[]{length=17, hash=1297078671}}}}
10:08:09.923 [raft-server-3] TRACE i.a.p.raft.roles.FollowerRole - RaftServer{3}{role=FOLLOWER} - Sending AppendResponse{status=OK, term=1, succeeded=true, lastLogIndex=53}
10:08:09.923 [raft-server-1] TRACE i.a.p.raft.roles.LeaderAppender - RaftServer{1} - Received AppendResponse{status=OK, term=1, succeeded=true, lastLogIndex=53} from 3
10:08:09.924 [raft-server-1] TRACE i.a.p.raft.roles.LeaderAppender - RaftServer{1} - Committed entries up to 53
10:08:09.957 [raft-server-2] TRACE i.a.p.raft.roles.FollowerRole - RaftServer{2}{role=FOLLOWER} - Committed entries up to index 52
10:08:09.957 [raft-server-2] TRACE i.a.p.raft.roles.FollowerRole - RaftServer{2}{role=FOLLOWER} - Sending AppendResponse{status=OK, term=1, succeeded=true, lastLogIndex=52}
10:08:09.957 [raft-server-2-state] TRACE i.a.p.raft.impl.RaftServiceManager - RaftServer{2} - Applying Indexed{index=52, entry=CommandEntry{term=1, timestamp=2018-06-11 10:08:09,790, session=2, sequence=44, operation=PrimitiveOperation{id=DefaultOperationId{id=write, type=COMMAND}, value=byte[]{length=17, hash=1297078671}}}}
10:08:09.957 [raft-server-2-state] TRACE i.a.p.s.impl.DefaultServiceExecutor - PrimitiveService{2}{type=io.atomix.protocols.raft.RaftTest$TestPrimitiveType@25c42b8f, name=raft-test} - Executing DefaultCommit{index=52, session=RaftSession{RaftServiceContext{server=2, type=io.atomix.protocols.raft.RaftTest$TestPrimitiveType@25c42b8f, name=raft-test, id=2}, session=2, timestamp=2018-06-11 10:08:09,790}, time=2018-06-11 10:08:09,790, operation=DefaultOperationId{id=write, type=COMMAND}, value=byte[]{length=17, hash=1297078671}}
10:08:10.005 [raft-server-1] TRACE i.a.p.raft.roles.LeaderAppender - RaftServer{1} - Received AppendResponse{status=OK, term=1, succeeded=true, lastLogIndex=52} from 2
10:08:10.005 [raft-server-1] TRACE i.a.p.raft.roles.LeaderAppender - RaftServer{1} - Sending AppendRequest{term=1, leader=1, prevLogIndex=52, prevLogTerm=1, entries=1, commitIndex=53} to 2
10:08:10.006 [raft-server-2] TRACE i.a.p.raft.roles.FollowerRole - RaftServer{2}{role=FOLLOWER} - Received AppendRequest{term=1, leader=1, prevLogIndex=52, prevLogTerm=1, entries=1, commitIndex=53}
10:08:10.006 [raft-server-1-state] TRACE i.a.p.raft.impl.RaftServiceManager - RaftServer{1} - Applying Indexed{index=53, entry=CommandEntry{term=1, timestamp=2018-06-11 10:08:09,882, session=2, sequence=45, operation=PrimitiveOperation{id=DefaultOperationId{id=write, type=COMMAND}, value=byte[]{length=17, hash=1297078671}}}}
10:08:10.006 [raft-server-1-state] TRACE i.a.p.s.impl.DefaultServiceExecutor - PrimitiveService{2}{type=io.atomix.protocols.raft.RaftTest$TestPrimitiveType@5051ea1e, name=raft-test} - Executing DefaultCommit{index=53, session=RaftSession{RaftServiceContext{server=1, type=io.atomix.protocols.raft.RaftTest$TestPrimitiveType@5051ea1e, name=raft-test, id=2}, session=2, timestamp=2018-06-11 10:08:09,882}, time=2018-06-11 10:08:09,882, operation=DefaultOperationId{id=write, type=COMMAND}, value=byte[]{length=17, hash=1297078671}}
10:08:10.006 [raft-server-2] TRACE i.a.p.raft.roles.FollowerRole - RaftServer{2}{role=FOLLOWER} - Appended Indexed{index=53, entry=CommandEntry{term=1, timestamp=2018-06-11 10:08:09,882, session=2, sequence=45, operation=PrimitiveOperation{id=DefaultOperationId{id=write, type=COMMAND}, value=byte[]{length=17, hash=1297078671}}}}
10:08:10.006 [raft-server-1-state] TRACE i.a.protocols.raft.roles.LeaderRole - RaftServer{1}{role=LEADER} - Sending CommandResponse{status=OK, index=53, eventIndex=2, result=byte[]{length=2, hash=1346}}
10:08:10.006 [raft-client-995c025b-ba21-4dd3-828a-0c3e52b0447e-5] TRACE i.a.p.r.s.impl.RaftSessionConnection - SessionClient{2}{type=io.atomix.protocols.raft.RaftTest$TestPrimitiveType@6b321262, name=raft-test} - Received CommandResponse{status=OK, index=53, eventIndex=2, result=byte[]{length=2, hash=1346}} from 1
10:08:10.006 [raft-client-995c025b-ba21-4dd3-828a-0c3e52b0447e-5] TRACE i.a.p.r.s.impl.RaftSessionSequencer - SessionClient{2}{type=io.atomix.protocols.raft.RaftTest$TestPrimitiveType@6b321262, name=raft-test} - Completing response CommandResponse{status=OK, index=53, eventIndex=2, result=byte[]{length=2, hash=1346}}
10:08:10.006 [raft-client-995c025b-ba21-4dd3-828a-0c3e52b0447e-5] TRACE i.a.p.r.s.impl.RaftSessionConnection - SessionClient{2}{type=io.atomix.protocols.raft.RaftTest$TestPrimitiveType@6b321262, name=raft-test} - Sending CommandRequest{session=2, sequence=46, operation=PrimitiveOperation{id=DefaultOperationId{id=write, type=COMMAND}, value=byte[]{length=17, hash=1297078671}}} to 1
10:08:10.006 [raft-server-1] TRACE i.a.protocols.raft.roles.LeaderRole - RaftServer{1}{role=LEADER} - Received CommandRequest{session=2, sequence=46, operation=PrimitiveOperation{id=DefaultOperationId{id=write, type=COMMAND}, value=byte[]{length=17, hash=1297078671}}}
10:08:10.006 [raft-server-1] TRACE i.a.protocols.raft.roles.LeaderRole - RaftServer{1}{role=LEADER} - Appended Indexed{index=54, entry=CommandEntry{term=1, timestamp=2018-06-11 10:08:10,006, session=2, sequence=46, operation=PrimitiveOperation{id=DefaultOperationId{id=write, type=COMMAND}, value=byte[]{length=17, hash=1297078671}}}}
10:08:10.007 [raft-server-1] TRACE i.a.p.raft.roles.LeaderAppender - RaftServer{1} - Sending AppendRequest{term=1, leader=1, prevLogIndex=53, prevLogTerm=1, entries=1, commitIndex=53} to 3
10:08:10.007 [raft-server-3] TRACE i.a.p.raft.roles.FollowerRole - RaftServer{3}{role=FOLLOWER} - Received AppendRequest{term=1, leader=1, prevLogIndex=53, prevLogTerm=1, entries=1, commitIndex=53}
10:08:10.007 [raft-server-3] TRACE i.a.p.raft.roles.FollowerRole - RaftServer{3}{role=FOLLOWER} - Appended Indexed{index=54, entry=CommandEntry{term=1, timestamp=2018-06-11 10:08:10,006, session=2, sequence=46, operation=PrimitiveOperation{id=DefaultOperationId{id=write, type=COMMAND}, value=byte[]{length=17, hash=1297078671}}}}
10:08:10.064 [raft-server-2] TRACE i.a.p.raft.roles.FollowerRole - RaftServer{2}{role=FOLLOWER} - Committed entries up to index 53
10:08:10.064 [raft-server-2] TRACE i.a.p.raft.roles.FollowerRole - RaftServer{2}{role=FOLLOWER} - Sending AppendResponse{status=OK, term=1, succeeded=true, lastLogIndex=53}
10:08:10.064 [raft-server-1] TRACE i.a.p.raft.roles.LeaderAppender - RaftServer{1} - Received AppendResponse{status=OK, term=1, succeeded=true, lastLogIndex=53} from 2
10:08:10.064 [raft-server-1] TRACE i.a.p.raft.roles.LeaderAppender - RaftServer{1} - Sending AppendRequest{term=1, leader=1, prevLogIndex=53, prevLogTerm=1, entries=1, commitIndex=53} to 2
10:08:10.064 [raft-server-2-state] TRACE i.a.p.raft.impl.RaftServiceManager - RaftServer{2} - Applying Indexed{index=53, entry=CommandEntry{term=1, timestamp=2018-06-11 10:08:09,882, session=2, sequence=45, operation=PrimitiveOperation{id=DefaultOperationId{id=write, type=COMMAND}, value=byte[]{length=17, hash=1297078671}}}}
10:08:10.064 [raft-server-2] TRACE i.a.p.raft.roles.FollowerRole - RaftServer{2}{role=FOLLOWER} - Received AppendRequest{term=1, leader=1, prevLogIndex=53, prevLogTerm=1, entries=1, commitIndex=53}
10:08:10.064 [raft-server-2-state] TRACE i.a.p.s.impl.DefaultServiceExecutor - PrimitiveService{2}{type=io.atomix.protocols.raft.RaftTest$TestPrimitiveType@25c42b8f, name=raft-test} - Executing DefaultCommit{index=53, session=RaftSession{RaftServiceContext{server=2, type=io.atomix.protocols.raft.RaftTest$TestPrimitiveType@25c42b8f, name=raft-test, id=2}, session=2, timestamp=2018-06-11 10:08:09,882}, time=2018-06-11 10:08:09,882, operation=DefaultOperationId{id=write, type=COMMAND}, value=byte[]{length=17, hash=1297078671}}
10:08:10.064 [raft-server-2] TRACE i.a.p.raft.roles.FollowerRole - RaftServer{2}{role=FOLLOWER} - Appended Indexed{index=54, entry=CommandEntry{term=1, timestamp=2018-06-11 10:08:10,006, session=2, sequence=46, operation=PrimitiveOperation{id=DefaultOperationId{id=write, type=COMMAND}, value=byte[]{length=17, hash=1297078671}}}}
10:08:10.064 [raft-server-2] TRACE i.a.p.raft.roles.FollowerRole - RaftServer{2}{role=FOLLOWER} - Sending AppendResponse{status=OK, term=1, succeeded=true, lastLogIndex=54}
10:08:10.064 [raft-server-1] TRACE i.a.p.raft.roles.LeaderAppender - RaftServer{1} - Received AppendResponse{status=OK, term=1, succeeded=true, lastLogIndex=54} from 2
10:08:10.064 [raft-server-1] TRACE i.a.p.raft.roles.LeaderAppender - RaftServer{1} - Committed entries up to 54
10:08:10.095 [raft-server-3] TRACE i.a.p.raft.roles.FollowerRole - RaftServer{3}{role=FOLLOWER} - Committed entries up to index 53
10:08:10.095 [raft-server-3] TRACE i.a.p.raft.roles.FollowerRole - RaftServer{3}{role=FOLLOWER} - Sending AppendResponse{status=OK, term=1, succeeded=true, lastLogIndex=54}
10:08:10.095 [raft-server-3-state] TRACE i.a.p.raft.impl.RaftServiceManager - RaftServer{3} - Applying Indexed{index=53, entry=CommandEntry{term=1, timestamp=2018-06-11 10:08:09,882, session=2, sequence=45, operation=PrimitiveOperation{id=DefaultOperationId{id=write, type=COMMAND}, value=byte[]{length=17, hash=1297078671}}}}
10:08:10.095 [raft-server-3-state] TRACE i.a.p.s.impl.DefaultServiceExecutor - PrimitiveService{2}{type=io.atomix.protocols.raft.RaftTest$TestPrimitiveType@5b77a59f, name=raft-test} - Executing DefaultCommit{index=53, session=RaftSession{RaftServiceContext{server=3, type=io.atomix.protocols.raft.RaftTest$TestPrimitiveType@5b77a59f, name=raft-test, id=2}, session=2, timestamp=2018-06-11 10:08:09,882}, time=2018-06-11 10:08:09,882, operation=DefaultOperationId{id=write, type=COMMAND}, value=byte[]{length=17, hash=1297078671}}
10:08:10.114 [raft-server-1] TRACE i.a.p.raft.roles.LeaderAppender - RaftServer{1} - Sending AppendRequest{term=1, leader=1, prevLogIndex=54, prevLogTerm=1, entries=0, commitIndex=54} to 2
10:08:10.114 [raft-server-2] TRACE i.a.p.raft.roles.FollowerRole - RaftServer{2}{role=FOLLOWER} - Received AppendRequest{term=1, leader=1, prevLogIndex=54, prevLogTerm=1, entries=0, commitIndex=54}
10:08:10.114 [raft-server-1] TRACE i.a.p.raft.roles.LeaderAppender - RaftServer{1} - Received AppendResponse{status=OK, term=1, succeeded=true, lastLogIndex=54} from 3
10:08:10.114 [raft-server-1] TRACE i.a.p.raft.roles.LeaderAppender - RaftServer{1} - Sending AppendRequest{term=1, leader=1, prevLogIndex=54, prevLogTerm=1, entries=0, commitIndex=54} to 3
10:08:10.114 [raft-server-1-state] TRACE i.a.p.raft.impl.RaftServiceManager - RaftServer{1} - Applying Indexed{index=54, entry=CommandEntry{term=1, timestamp=2018-06-11 10:08:10,006, session=2, sequence=46, operation=PrimitiveOperation{id=DefaultOperationId{id=write, type=COMMAND}, value=byte[]{length=17, hash=1297078671}}}}
10:08:10.114 [raft-server-1-state] TRACE i.a.p.s.impl.DefaultServiceExecutor - PrimitiveService{2}{type=io.atomix.protocols.raft.RaftTest$TestPrimitiveType@5051ea1e, name=raft-test} - Executing DefaultCommit{index=54, session=RaftSession{RaftServiceContext{server=1, type=io.atomix.protocols.raft.RaftTest$TestPrimitiveType@5051ea1e, name=raft-test, id=2}, session=2, timestamp=2018-06-11 10:08:10,006}, time=2018-06-11 10:08:10,006, operation=DefaultOperationId{id=write, type=COMMAND}, value=byte[]{length=17, hash=1297078671}}
10:08:10.114 [raft-server-1-state] TRACE i.a.protocols.raft.roles.LeaderRole - RaftServer{1}{role=LEADER} - Sending CommandResponse{status=OK, index=54, eventIndex=2, result=byte[]{length=2, hash=1348}}
10:08:10.114 [raft-server-3] TRACE i.a.p.raft.roles.FollowerRole - RaftServer{3}{role=FOLLOWER} - Received AppendRequest{term=1, leader=1, prevLogIndex=54, prevLogTerm=1, entries=0, commitIndex=54}
10:08:10.115 [raft-client-995c025b-ba21-4dd3-828a-0c3e52b0447e-6] TRACE i.a.p.r.s.impl.RaftSessionConnection - SessionClient{2}{type=io.atomix.protocols.raft.RaftTest$TestPrimitiveType@6b321262, name=raft-test} - Received CommandResponse{status=OK, index=54, eventIndex=2, result=byte[]{length=2, hash=1348}} from 1
10:08:10.115 [raft-client-995c025b-ba21-4dd3-828a-0c3e52b0447e-6] TRACE i.a.p.r.s.impl.RaftSessionSequencer - SessionClient{2}{type=io.atomix.protocols.raft.RaftTest$TestPrimitiveType@6b321262, name=raft-test} - Completing response CommandResponse{status=OK, index=54, eventIndex=2, result=byte[]{length=2, hash=1348}}
10:08:10.115 [raft-client-995c025b-ba21-4dd3-828a-0c3e52b0447e-2] TRACE i.a.p.r.s.impl.RaftSessionConnection - SessionClient{2}{type=io.atomix.protocols.raft.RaftTest$TestPrimitiveType@6b321262, name=raft-test} - Sending CommandRequest{session=2, sequence=47, operation=PrimitiveOperation{id=DefaultOperationId{id=write, type=COMMAND}, value=byte[]{length=17, hash=1297078671}}} to 1
10:08:10.115 [raft-server-1] TRACE i.a.protocols.raft.roles.LeaderRole - RaftServer{1}{role=LEADER} - Received CommandRequest{session=2, sequence=47, operation=PrimitiveOperation{id=DefaultOperationId{id=write, type=COMMAND}, value=byte[]{length=17, hash=1297078671}}}
10:08:10.115 [raft-server-1] TRACE i.a.protocols.raft.roles.LeaderRole - RaftServer{1}{role=LEADER} - Appended Indexed{index=55, entry=CommandEntry{term=1, timestamp=2018-06-11 10:08:10,115, session=2, sequence=47, operation=PrimitiveOperation{id=DefaultOperationId{id=write, type=COMMAND}, value=byte[]{length=17, hash=1297078671}}}}
10:08:10.296 [raft-server-2] TRACE i.a.p.raft.roles.FollowerRole - RaftServer{2}{role=FOLLOWER} - Committed entries up to index 54
10:08:10.296 [raft-server-2] TRACE i.a.p.raft.roles.FollowerRole - RaftServer{2}{role=FOLLOWER} - Sending AppendResponse{status=OK, term=1, succeeded=true, lastLogIndex=54}
10:08:10.296 [raft-server-1] TRACE i.a.p.raft.roles.LeaderAppender - RaftServer{1} - Received AppendResponse{status=OK, term=1, succeeded=true, lastLogIndex=54} from 2
10:08:10.297 [raft-server-1] TRACE i.a.p.raft.roles.LeaderAppender - RaftServer{1} - Sending AppendRequest{term=1, leader=1, prevLogIndex=54, prevLogTerm=1, entries=1, commitIndex=54} to 2
10:08:10.296 [raft-server-2-state] TRACE i.a.p.raft.impl.RaftServiceManager - RaftServer{2} - Applying Indexed{index=54, entry=CommandEntry{term=1, timestamp=2018-06-11 10:08:10,006, session=2, sequence=46, operation=PrimitiveOperation{id=DefaultOperationId{id=write, type=COMMAND}, value=byte[]{length=17, hash=1297078671}}}}
10:08:10.297 [raft-server-1] TRACE i.a.p.raft.roles.LeaderAppender - RaftServer{1} - Sending AppendRequest{term=1, leader=1, prevLogIndex=54, prevLogTerm=1, entries=1, commitIndex=54} to 3
10:08:10.297 [raft-server-2-state] TRACE i.a.p.s.impl.DefaultServiceExecutor - PrimitiveService{2}{type=io.atomix.protocols.raft.RaftTest$TestPrimitiveType@25c42b8f, name=raft-test} - Executing DefaultCommit{index=54, session=RaftSession{RaftServiceContext{server=2, type=io.atomix.protocols.raft.RaftTest$TestPrimitiveType@25c42b8f, name=raft-test, id=2}, session=2, timestamp=2018-06-11 10:08:10,006}, time=2018-06-11 10:08:10,006, operation=DefaultOperationId{id=write, type=COMMAND}, value=byte[]{length=17, hash=1297078671}}
10:08:10.297 [raft-server-2] TRACE i.a.p.raft.roles.FollowerRole - RaftServer{2}{role=FOLLOWER} - Received AppendRequest{term=1, leader=1, prevLogIndex=54, prevLogTerm=1, entries=1, commitIndex=54}
10:08:10.297 [raft-server-2] TRACE i.a.p.raft.roles.FollowerRole - RaftServer{2}{role=FOLLOWER} - Appended Indexed{index=55, entry=CommandEntry{term=1, timestamp=2018-06-11 10:08:10,115, session=2, sequence=47, operation=PrimitiveOperation{id=DefaultOperationId{id=write, type=COMMAND}, value=byte[]{length=17, hash=1297078671}}}}
10:08:10.297 [raft-server-2] TRACE i.a.p.raft.roles.FollowerRole - RaftServer{2}{role=FOLLOWER} - Sending AppendResponse{status=OK, term=1, succeeded=true, lastLogIndex=55}
10:08:10.297 [raft-server-1] TRACE i.a.p.raft.roles.LeaderAppender - RaftServer{1} - Received AppendResponse{status=OK, term=1, succeeded=true, lastLogIndex=55} from 2
10:08:10.297 [raft-server-1] TRACE i.a.p.raft.roles.LeaderAppender - RaftServer{1} - Committed entries up to 55
10:08:10.372 [raft-server-3] TRACE i.a.p.raft.roles.FollowerRole - RaftServer{3}{role=FOLLOWER} - Committed entries up to index 54
10:08:10.372 [raft-server-3] TRACE i.a.p.raft.roles.FollowerRole - RaftServer{3}{role=FOLLOWER} - Sending AppendResponse{status=OK, term=1, succeeded=true, lastLogIndex=54}
10:08:10.372 [raft-server-3] TRACE i.a.p.raft.roles.FollowerRole - RaftServer{3}{role=FOLLOWER} - Received AppendRequest{term=1, leader=1, prevLogIndex=54, prevLogTerm=1, entries=1, commitIndex=54}
10:08:10.372 [raft-server-3] TRACE i.a.p.raft.roles.FollowerRole - RaftServer{3}{role=FOLLOWER} - Appended Indexed{index=55, entry=CommandEntry{term=1, timestamp=2018-06-11 10:08:10,115, session=2, sequence=47, operation=PrimitiveOperation{id=DefaultOperationId{id=write, type=COMMAND}, value=byte[]{length=17, hash=1297078671}}}}
10:08:10.372 [raft-server-3] TRACE i.a.p.raft.roles.FollowerRole - RaftServer{3}{role=FOLLOWER} - Sending AppendResponse{status=OK, term=1, succeeded=true, lastLogIndex=55}
10:08:10.372 [raft-server-3-state] TRACE i.a.p.raft.impl.RaftServiceManager - RaftServer{3} - Applying Indexed{index=54, entry=CommandEntry{term=1, timestamp=2018-06-11 10:08:10,006, session=2, sequence=46, operation=PrimitiveOperation{id=DefaultOperationId{id=write, type=COMMAND}, value=byte[]{length=17, hash=1297078671}}}}
10:08:10.372 [raft-server-3-state] TRACE i.a.p.s.impl.DefaultServiceExecutor - PrimitiveService{2}{type=io.atomix.protocols.raft.RaftTest$TestPrimitiveType@5b77a59f, name=raft-test} - Executing DefaultCommit{index=54, session=RaftSession{RaftServiceContext{server=3, type=io.atomix.protocols.raft.RaftTest$TestPrimitiveType@5b77a59f, name=raft-test, id=2}, session=2, timestamp=2018-06-11 10:08:10,006}, time=2018-06-11 10:08:10,006, operation=DefaultOperationId{id=write, type=COMMAND}, value=byte[]{length=17, hash=1297078671}}
10:08:10.473 [raft-server-1] TRACE i.a.p.raft.roles.LeaderAppender - RaftServer{1} - Sending AppendRequest{term=1, leader=1, prevLogIndex=55, prevLogTerm=1, entries=0, commitIndex=55} to 2
10:08:10.473 [raft-server-1] TRACE i.a.p.raft.roles.LeaderAppender - RaftServer{1} - Received AppendResponse{status=OK, term=1, succeeded=true, lastLogIndex=54} from 3
10:08:10.473 [raft-server-2] TRACE i.a.p.raft.roles.FollowerRole - RaftServer{2}{role=FOLLOWER} - Received AppendRequest{term=1, leader=1, prevLogIndex=55, prevLogTerm=1, entries=0, commitIndex=55}
10:08:10.473 [raft-server-1] TRACE i.a.p.raft.roles.LeaderAppender - RaftServer{1} - Received AppendResponse{status=OK, term=1, succeeded=true, lastLogIndex=55} from 3
10:08:10.473 [raft-server-1] TRACE i.a.p.raft.roles.LeaderAppender - RaftServer{1} - Sending AppendRequest{term=1, leader=1, prevLogIndex=55, prevLogTerm=1, entries=0, commitIndex=55} to 3
10:08:10.473 [raft-server-3] TRACE i.a.p.raft.roles.FollowerRole - RaftServer{3}{role=FOLLOWER} - Received AppendRequest{term=1, leader=1, prevLogIndex=55, prevLogTerm=1, entries=0, commitIndex=55}
10:08:10.473 [raft-server-1-state] TRACE i.a.p.raft.impl.RaftServiceManager - RaftServer{1} - Applying Indexed{index=55, entry=CommandEntry{term=1, timestamp=2018-06-11 10:08:10,115, session=2, sequence=47, operation=PrimitiveOperation{id=DefaultOperationId{id=write, type=COMMAND}, value=byte[]{length=17, hash=1297078671}}}}
10:08:10.473 [raft-server-1-state] TRACE i.a.p.s.impl.DefaultServiceExecutor - PrimitiveService{2}{type=io.atomix.protocols.raft.RaftTest$TestPrimitiveType@5051ea1e, name=raft-test} - Executing DefaultCommit{index=55, session=RaftSession{RaftServiceContext{server=1, type=io.atomix.protocols.raft.RaftTest$TestPrimitiveType@5051ea1e, name=raft-test, id=2}, session=2, timestamp=2018-06-11 10:08:10,115}, time=2018-06-11 10:08:10,115, operation=DefaultOperationId{id=write, type=COMMAND}, value=byte[]{length=17, hash=1297078671}}
10:08:10.473 [raft-server-1-state] TRACE i.a.protocols.raft.roles.LeaderRole - RaftServer{1}{role=LEADER} - Sending CommandResponse{status=OK, index=55, eventIndex=2, result=byte[]{length=2, hash=1350}}
10:08:10.473 [raft-client-995c025b-ba21-4dd3-828a-0c3e52b0447e-4] TRACE i.a.p.r.s.impl.RaftSessionConnection - SessionClient{2}{type=io.atomix.protocols.raft.RaftTest$TestPrimitiveType@6b321262, name=raft-test} - Received CommandResponse{status=OK, index=55, eventIndex=2, result=byte[]{length=2, hash=1350}} from 1
10:08:10.473 [raft-client-995c025b-ba21-4dd3-828a-0c3e52b0447e-4] TRACE i.a.p.r.s.impl.RaftSessionSequencer - SessionClient{2}{type=io.atomix.protocols.raft.RaftTest$TestPrimitiveType@6b321262, name=raft-test} - Completing response CommandResponse{status=OK, index=55, eventIndex=2, result=byte[]{length=2, hash=1350}}
10:08:10.474 [raft-client-995c025b-ba21-4dd3-828a-0c3e52b0447e-4] TRACE i.a.p.r.s.impl.RaftSessionConnection - SessionClient{2}{type=io.atomix.protocols.raft.RaftTest$TestPrimitiveType@6b321262, name=raft-test} - Sending CommandRequest{session=2, sequence=48, operation=PrimitiveOperation{id=DefaultOperationId{id=write, type=COMMAND}, value=byte[]{length=17, hash=1297078671}}} to 1
10:08:10.474 [raft-server-1] TRACE i.a.protocols.raft.roles.LeaderRole - RaftServer{1}{role=LEADER} - Received CommandRequest{session=2, sequence=48, operation=PrimitiveOperation{id=DefaultOperationId{id=write, type=COMMAND}, value=byte[]{length=17, hash=1297078671}}}
10:08:10.474 [raft-server-1] TRACE i.a.protocols.raft.roles.LeaderRole - RaftServer{1}{role=LEADER} - Appended Indexed{index=56, entry=CommandEntry{term=1, timestamp=2018-06-11 10:08:10,474, session=2, sequence=48, operation=PrimitiveOperation{id=DefaultOperationId{id=write, type=COMMAND}, value=byte[]{length=17, hash=1297078671}}}}
10:08:10.514 [raft-server-2] TRACE i.a.p.raft.roles.FollowerRole - RaftServer{2}{role=FOLLOWER} - Committed entries up to index 55
10:08:10.514 [raft-server-2] TRACE i.a.p.raft.roles.FollowerRole - RaftServer{2}{role=FOLLOWER} - Sending AppendResponse{status=OK, term=1, succeeded=true, lastLogIndex=55}
10:08:10.514 [raft-server-1] TRACE i.a.p.raft.roles.LeaderAppender - RaftServer{1} - Received AppendResponse{status=OK, term=1, succeeded=true, lastLogIndex=55} from 2
10:08:10.514 [raft-server-1] TRACE i.a.p.raft.roles.LeaderAppender - RaftServer{1} - Sending AppendRequest{term=1, leader=1, prevLogIndex=55, prevLogTerm=1, entries=1, commitIndex=55} to 2
10:08:10.514 [raft-server-2-state] TRACE i.a.p.raft.impl.RaftServiceManager - RaftServer{2} - Applying Indexed{index=55, entry=CommandEntry{term=1, timestamp=2018-06-11 10:08:10,115, session=2, sequence=47, operation=PrimitiveOperation{id=DefaultOperationId{id=write, type=COMMAND}, value=byte[]{length=17, hash=1297078671}}}}
10:08:10.514 [raft-server-2] TRACE i.a.p.raft.roles.FollowerRole - RaftServer{2}{role=FOLLOWER} - Received AppendRequest{term=1, leader=1, prevLogIndex=55, prevLogTerm=1, entries=1, commitIndex=55}
10:08:10.514 [raft-server-2-state] TRACE i.a.p.s.impl.DefaultServiceExecutor - PrimitiveService{2}{type=io.atomix.protocols.raft.RaftTest$TestPrimitiveType@25c42b8f, name=raft-test} - Executing DefaultCommit{index=55, session=RaftSession{RaftServiceContext{server=2, type=io.atomix.protocols.raft.RaftTest$TestPrimitiveType@25c42b8f, name=raft-test, id=2}, session=2, timestamp=2018-06-11 10:08:10,115}, time=2018-06-11 10:08:10,115, operation=DefaultOperationId{id=write, type=COMMAND}, value=byte[]{length=17, hash=1297078671}}
10:08:10.514 [raft-server-2] TRACE i.a.p.raft.roles.FollowerRole - RaftServer{2}{role=FOLLOWER} - Appended Indexed{index=56, entry=CommandEntry{term=1, timestamp=2018-06-11 10:08:10,474, session=2, sequence=48, operation=PrimitiveOperation{id=DefaultOperationId{id=write, type=COMMAND}, value=byte[]{length=17, hash=1297078671}}}}
10:08:10.514 [raft-server-2] TRACE i.a.p.raft.roles.FollowerRole - RaftServer{2}{role=FOLLOWER} - Sending AppendResponse{status=OK, term=1, succeeded=true, lastLogIndex=56}
10:08:10.514 [raft-server-1] TRACE i.a.p.raft.roles.LeaderAppender - RaftServer{1} - Received AppendResponse{status=OK, term=1, succeeded=true, lastLogIndex=56} from 2
10:08:10.514 [raft-server-1] TRACE i.a.p.raft.roles.LeaderAppender - RaftServer{1} - Committed entries up to 56
10:08:10.553 [raft-server-3] TRACE i.a.p.raft.roles.FollowerRole - RaftServer{3}{role=FOLLOWER} - Committed entries up to index 55
10:08:10.553 [raft-server-3] TRACE i.a.p.raft.roles.FollowerRole - RaftServer{3}{role=FOLLOWER} - Sending AppendResponse{status=OK, term=1, succeeded=true, lastLogIndex=55}
10:08:10.553 [raft-server-3-state] TRACE i.a.p.raft.impl.RaftServiceManager - RaftServer{3} - Applying Indexed{index=55, entry=CommandEntry{term=1, timestamp=2018-06-11 10:08:10,115, session=2, sequence=47, operation=PrimitiveOperation{id=DefaultOperationId{id=write, type=COMMAND}, value=byte[]{length=17, hash=1297078671}}}}
10:08:10.553 [raft-server-3-state] TRACE i.a.p.s.impl.DefaultServiceExecutor - PrimitiveService{2}{type=io.atomix.protocols.raft.RaftTest$TestPrimitiveType@5b77a59f, name=raft-test} - Executing DefaultCommit{index=55, session=RaftSession{RaftServiceContext{server=3, type=io.atomix.protocols.raft.RaftTest$TestPrimitiveType@5b77a59f, name=raft-test, id=2}, session=2, timestamp=2018-06-11 10:08:10,115}, time=2018-06-11 10:08:10,115, operation=DefaultOperationId{id=write, type=COMMAND}, value=byte[]{length=17, hash=1297078671}}
10:08:10.598 [raft-server-1] TRACE i.a.p.raft.roles.LeaderAppender - RaftServer{1} - Received AppendResponse{status=OK, term=1, succeeded=true, lastLogIndex=55} from 3
10:08:10.598 [raft-server-1] TRACE i.a.p.raft.roles.LeaderAppender - RaftServer{1} - Sending AppendRequest{term=1, leader=1, prevLogIndex=55, prevLogTerm=1, entries=1, commitIndex=56} to 3
10:08:10.598 [raft-server-3] TRACE i.a.p.raft.roles.FollowerRole - RaftServer{3}{role=FOLLOWER} - Received AppendRequest{term=1, leader=1, prevLogIndex=55, prevLogTerm=1, entries=1, commitIndex=56}
10:08:10.598 [raft-server-1] TRACE i.a.p.raft.roles.LeaderAppender - RaftServer{1} - Sending AppendRequest{term=1, leader=1, prevLogIndex=56, prevLogTerm=1, entries=0, commitIndex=56} to 2
10:08:10.598 [raft-server-2] TRACE i.a.p.raft.roles.FollowerRole - RaftServer{2}{role=FOLLOWER} - Received AppendRequest{term=1, leader=1, prevLogIndex=56, prevLogTerm=1, entries=0, commitIndex=56}
10:08:10.598 [raft-server-3] TRACE i.a.p.raft.roles.FollowerRole - RaftServer{3}{role=FOLLOWER} - Appended Indexed{index=56, entry=CommandEntry{term=1, timestamp=2018-06-11 10:08:10,474, session=2, sequence=48, operation=PrimitiveOperation{id=DefaultOperationId{id=write, type=COMMAND}, value=byte[]{length=17, hash=1297078671}}}}
10:08:10.598 [raft-server-1-state] TRACE i.a.p.raft.impl.RaftServiceManager - RaftServer{1} - Applying Indexed{index=56, entry=CommandEntry{term=1, timestamp=2018-06-11 10:08:10,474, session=2, sequence=48, operation=PrimitiveOperation{id=DefaultOperationId{id=write, type=COMMAND}, value=byte[]{length=17, hash=1297078671}}}}
10:08:10.598 [raft-server-1-state] TRACE i.a.p.s.impl.DefaultServiceExecutor - PrimitiveService{2}{type=io.atomix.protocols.raft.RaftTest$TestPrimitiveType@5051ea1e, name=raft-test} - Executing DefaultCommit{index=56, session=RaftSession{RaftServiceContext{server=1, type=io.atomix.protocols.raft.RaftTest$TestPrimitiveType@5051ea1e, name=raft-test, id=2}, session=2, timestamp=2018-06-11 10:08:10,474}, time=2018-06-11 10:08:10,474, operation=DefaultOperationId{id=write, type=COMMAND}, value=byte[]{length=17, hash=1297078671}}
10:08:10.598 [raft-server-1-state] TRACE i.a.protocols.raft.roles.LeaderRole - RaftServer{1}{role=LEADER} - Sending CommandResponse{status=OK, index=56, eventIndex=2, result=byte[]{length=2, hash=1352}}
10:08:10.598 [raft-client-995c025b-ba21-4dd3-828a-0c3e52b0447e-7] TRACE i.a.p.r.s.impl.RaftSessionConnection - SessionClient{2}{type=io.atomix.protocols.raft.RaftTest$TestPrimitiveType@6b321262, name=raft-test} - Received CommandResponse{status=OK, index=56, eventIndex=2, result=byte[]{length=2, hash=1352}} from 1
10:08:10.598 [raft-client-995c025b-ba21-4dd3-828a-0c3e52b0447e-7] TRACE i.a.p.r.s.impl.RaftSessionSequencer - SessionClient{2}{type=io.atomix.protocols.raft.RaftTest$TestPrimitiveType@6b321262, name=raft-test} - Completing response CommandResponse{status=OK, index=56, eventIndex=2, result=byte[]{length=2, hash=1352}}
10:08:10.599 [raft-client-995c025b-ba21-4dd3-828a-0c3e52b0447e-7] TRACE i.a.p.r.s.impl.RaftSessionConnection - SessionClient{2}{type=io.atomix.protocols.raft.RaftTest$TestPrimitiveType@6b321262, name=raft-test} - Sending CommandRequest{session=2, sequence=49, operation=PrimitiveOperation{id=DefaultOperationId{id=write, type=COMMAND}, value=byte[]{length=17, hash=1297078671}}} to 1
10:08:10.599 [raft-server-1] TRACE i.a.protocols.raft.roles.LeaderRole - RaftServer{1}{role=LEADER} - Received CommandRequest{session=2, sequence=49, operation=PrimitiveOperation{id=DefaultOperationId{id=write, type=COMMAND}, value=byte[]{length=17, hash=1297078671}}}
10:08:10.599 [raft-server-1] TRACE i.a.protocols.raft.roles.LeaderRole - RaftServer{1}{role=LEADER} - Appended Indexed{index=57, entry=CommandEntry{term=1, timestamp=2018-06-11 10:08:10,599, session=2, sequence=49, operation=PrimitiveOperation{id=DefaultOperationId{id=write, type=COMMAND}, value=byte[]{length=17, hash=1297078671}}}}
10:08:10.637 [raft-client-995c025b-ba21-4dd3-828a-0c3e52b0447e-2] TRACE i.a.p.r.s.impl.RaftSessionManager - RaftClient{995c025b-ba21-4dd3-828a-0c3e52b0447e} - Keeping 1 sessions alive
10:08:10.637 [raft-client-995c025b-ba21-4dd3-828a-0c3e52b0447e-2] TRACE i.a.p.r.s.impl.RaftSessionConnection - RaftClient{995c025b-ba21-4dd3-828a-0c3e52b0447e} - Sending KeepAliveRequest{sessionIds=long[]{length=1, hash=33}, commandSequences=long[]{length=1, hash=79}, eventIndexes=long[]{length=1, hash=33}} to 1
10:08:10.637 [raft-server-1] TRACE i.a.protocols.raft.roles.LeaderRole - RaftServer{1}{role=LEADER} - Received KeepAliveRequest{sessionIds=long[]{length=1, hash=33}, commandSequences=long[]{length=1, hash=79}, eventIndexes=long[]{length=1, hash=33}}
10:08:10.638 [raft-server-1] TRACE i.a.protocols.raft.roles.LeaderRole - RaftServer{1}{role=LEADER} - Appended Indexed{index=58, entry=KeepAliveEntry{term=1, timestamp=2018-06-11 10:08:10,637, sessionIds=long[]{length=1, hash=33}, commandSequences=long[]{length=1, hash=79}, eventIndexes=long[]{length=1, hash=33}}}
10:08:10.638 [raft-server-1] TRACE i.a.p.raft.roles.LeaderAppender - RaftServer{1} - Sending AppendRequest{term=1, leader=1, prevLogIndex=56, prevLogTerm=1, entries=2, commitIndex=56} to 2
10:08:10.653 [raft-server-2] TRACE i.a.p.raft.roles.FollowerRole - RaftServer{2}{role=FOLLOWER} - Committed entries up to index 56
10:08:10.653 [raft-server-3] TRACE i.a.p.raft.roles.FollowerRole - RaftServer{3}{role=FOLLOWER} - Committed entries up to index 56
10:08:10.653 [raft-server-2] TRACE i.a.p.raft.roles.FollowerRole - RaftServer{2}{role=FOLLOWER} - Sending AppendResponse{status=OK, term=1, succeeded=true, lastLogIndex=56}
10:08:10.653 [raft-server-3] TRACE i.a.p.raft.roles.FollowerRole - RaftServer{3}{role=FOLLOWER} - Sending AppendResponse{status=OK, term=1, succeeded=true, lastLogIndex=56}
10:08:10.653 [raft-server-2] TRACE i.a.p.raft.roles.FollowerRole - RaftServer{2}{role=FOLLOWER} - Received AppendRequest{term=1, leader=1, prevLogIndex=56, prevLogTerm=1, entries=2, commitIndex=56}
10:08:10.653 [raft-server-1] TRACE i.a.p.raft.roles.LeaderAppender - RaftServer{1} - Received AppendResponse{status=OK, term=1, succeeded=true, lastLogIndex=56} from 2
10:08:10.653 [raft-server-1] TRACE i.a.p.raft.roles.LeaderAppender - RaftServer{1} - Received AppendResponse{status=OK, term=1, succeeded=true, lastLogIndex=56} from 3
10:08:10.653 [raft-server-1] TRACE i.a.p.raft.roles.LeaderAppender - RaftServer{1} - Sending AppendRequest{term=1, leader=1, prevLogIndex=56, prevLogTerm=1, entries=2, commitIndex=56} to 3
10:08:10.653 [raft-server-2] TRACE i.a.p.raft.roles.FollowerRole - RaftServer{2}{role=FOLLOWER} - Appended Indexed{index=57, entry=CommandEntry{term=1, timestamp=2018-06-11 10:08:10,599, session=2, sequence=49, operation=PrimitiveOperation{id=DefaultOperationId{id=write, type=COMMAND}, value=byte[]{length=17, hash=1297078671}}}}
10:08:10.653 [raft-server-3-state] TRACE i.a.p.raft.impl.RaftServiceManager - RaftServer{3} - Applying Indexed{index=56, entry=CommandEntry{term=1, timestamp=2018-06-11 10:08:10,474, session=2, sequence=48, operation=PrimitiveOperation{id=DefaultOperationId{id=write, type=COMMAND}, value=byte[]{length=17, hash=1297078671}}}}
10:08:10.653 [raft-server-3] TRACE i.a.p.raft.roles.FollowerRole - RaftServer{3}{role=FOLLOWER} - Received AppendRequest{term=1, leader=1, prevLogIndex=56, prevLogTerm=1, entries=2, commitIndex=56}
10:08:10.654 [raft-server-2] TRACE i.a.p.raft.roles.FollowerRole - RaftServer{2}{role=FOLLOWER} - Appended Indexed{index=58, entry=KeepAliveEntry{term=1, timestamp=2018-06-11 10:08:10,637, sessionIds=long[]{length=1, hash=33}, commandSequences=long[]{length=1, hash=79}, eventIndexes=long[]{length=1, hash=33}}}
10:08:10.654 [raft-server-2] TRACE i.a.p.raft.roles.FollowerRole - RaftServer{2}{role=FOLLOWER} - Sending AppendResponse{status=OK, term=1, succeeded=true, lastLogIndex=58}
10:08:10.654 [raft-server-3-state] TRACE i.a.p.s.impl.DefaultServiceExecutor - PrimitiveService{2}{type=io.atomix.protocols.raft.RaftTest$TestPrimitiveType@5b77a59f, name=raft-test} - Executing DefaultCommit{index=56, session=RaftSession{RaftServiceContext{server=3, type=io.atomix.protocols.raft.RaftTest$TestPrimitiveType@5b77a59f, name=raft-test, id=2}, session=2, timestamp=2018-06-11 10:08:10,474}, time=2018-06-11 10:08:10,474, operation=DefaultOperationId{id=write, type=COMMAND}, value=byte[]{length=17, hash=1297078671}}
10:08:10.654 [raft-server-1] TRACE i.a.p.raft.roles.LeaderAppender - RaftServer{1} - Received AppendResponse{status=OK, term=1, succeeded=true, lastLogIndex=58} from 2
10:08:10.654 [raft-server-1] TRACE i.a.p.raft.roles.LeaderAppender - RaftServer{1} - Committed entries up to 58
10:08:10.654 [raft-server-3] TRACE i.a.p.raft.roles.FollowerRole - RaftServer{3}{role=FOLLOWER} - Appended Indexed{index=57, entry=CommandEntry{term=1, timestamp=2018-06-11 10:08:10,599, session=2, sequence=49, operation=PrimitiveOperation{id=DefaultOperationId{id=write, type=COMMAND}, value=byte[]{length=17, hash=1297078671}}}}
10:08:10.654 [raft-server-2-state] TRACE i.a.p.raft.impl.RaftServiceManager - RaftServer{2} - Applying Indexed{index=56, entry=CommandEntry{term=1, timestamp=2018-06-11 10:08:10,474, session=2, sequence=48, operation=PrimitiveOperation{id=DefaultOperationId{id=write, type=COMMAND}, value=byte[]{length=17, hash=1297078671}}}}
10:08:10.654 [raft-server-2-state] TRACE i.a.p.s.impl.DefaultServiceExecutor - PrimitiveService{2}{type=io.atomix.protocols.raft.RaftTest$TestPrimitiveType@25c42b8f, name=raft-test} - Executing DefaultCommit{index=56, session=RaftSession{RaftServiceContext{server=2, type=io.atomix.protocols.raft.RaftTest$TestPrimitiveType@25c42b8f, name=raft-test, id=2}, session=2, timestamp=2018-06-11 10:08:10,474}, time=2018-06-11 10:08:10,474, operation=DefaultOperationId{id=write, type=COMMAND}, value=byte[]{length=17, hash=1297078671}}
10:08:10.654 [raft-server-3] TRACE i.a.p.raft.roles.FollowerRole - RaftServer{3}{role=FOLLOWER} - Appended Indexed{index=58, entry=KeepAliveEntry{term=1, timestamp=2018-06-11 10:08:10,637, sessionIds=long[]{length=1, hash=33}, commandSequences=long[]{length=1, hash=79}, eventIndexes=long[]{length=1, hash=33}}}
10:08:10.654 [raft-server-3] TRACE i.a.p.raft.roles.FollowerRole - RaftServer{3}{role=FOLLOWER} - Sending AppendResponse{status=OK, term=1, succeeded=true, lastLogIndex=58}
10:08:10.697 [raft-server-1] TRACE i.a.p.raft.roles.LeaderAppender - RaftServer{1} - Received AppendResponse{status=OK, term=1, succeeded=true, lastLogIndex=58} from 3
10:08:10.697 [raft-server-1-state] TRACE i.a.p.raft.impl.RaftServiceManager - RaftServer{1} - Applying Indexed{index=57, entry=CommandEntry{term=1, timestamp=2018-06-11 10:08:10,599, session=2, sequence=49, operation=PrimitiveOperation{id=DefaultOperationId{id=write, type=COMMAND}, value=byte[]{length=17, hash=1297078671}}}}
10:08:10.697 [raft-server-1-state] TRACE i.a.p.s.impl.DefaultServiceExecutor - PrimitiveService{2}{type=io.atomix.protocols.raft.RaftTest$TestPrimitiveType@5051ea1e, name=raft-test} - Executing DefaultCommit{index=57, session=RaftSession{RaftServiceContext{server=1, type=io.atomix.protocols.raft.RaftTest$TestPrimitiveType@5051ea1e, name=raft-test, id=2}, session=2, timestamp=2018-06-11 10:08:10,599}, time=2018-06-11 10:08:10,599, operation=DefaultOperationId{id=write, type=COMMAND}, value=byte[]{length=17, hash=1297078671}}
10:08:10.697 [raft-server-1-state] TRACE i.a.protocols.raft.roles.LeaderRole - RaftServer{1}{role=LEADER} - Sending CommandResponse{status=OK, index=57, eventIndex=2, result=byte[]{length=2, hash=1354}}
10:08:10.697 [raft-server-1-state] TRACE i.a.p.raft.impl.RaftServiceManager - RaftServer{1} - Applying Indexed{index=58, entry=KeepAliveEntry{term=1, timestamp=2018-06-11 10:08:10,637, sessionIds=long[]{length=1, hash=33}, commandSequences=long[]{length=1, hash=79}, eventIndexes=long[]{length=1, hash=33}}}
10:08:10.697 [raft-client-995c025b-ba21-4dd3-828a-0c3e52b0447e-4] TRACE i.a.p.r.s.impl.RaftSessionConnection - SessionClient{2}{type=io.atomix.protocols.raft.RaftTest$TestPrimitiveType@6b321262, name=raft-test} - Received CommandResponse{status=OK, index=57, eventIndex=2, result=byte[]{length=2, hash=1354}} from 1
10:08:10.698 [raft-client-995c025b-ba21-4dd3-828a-0c3e52b0447e-4] TRACE i.a.p.r.s.impl.RaftSessionSequencer - SessionClient{2}{type=io.atomix.protocols.raft.RaftTest$TestPrimitiveType@6b321262, name=raft-test} - Completing response CommandResponse{status=OK, index=57, eventIndex=2, result=byte[]{length=2, hash=1354}}
10:08:10.698 [raft-server-1] TRACE i.a.protocols.raft.roles.LeaderRole - RaftServer{1}{role=LEADER} - Sending KeepAliveResponse{status=OK, leader=1, members=[2, 1, 3], sessionIds=long[]{length=1, hash=33}}
10:08:10.698 [raft-client-995c025b-ba21-4dd3-828a-0c3e52b0447e-7] TRACE i.a.p.r.s.impl.RaftSessionConnection - RaftClient{995c025b-ba21-4dd3-828a-0c3e52b0447e} - Received KeepAliveResponse{status=OK, leader=1, members=[2, 1, 3], sessionIds=long[]{length=1, hash=33}} from 1
10:08:10.698 [raft-client-995c025b-ba21-4dd3-828a-0c3e52b0447e-4] TRACE i.a.p.r.s.impl.RaftSessionConnection - SessionClient{2}{type=io.atomix.protocols.raft.RaftTest$TestPrimitiveType@6b321262, name=raft-test} - Sending CommandRequest{session=2, sequence=50, operation=PrimitiveOperation{id=DefaultOperationId{id=write, type=COMMAND}, value=byte[]{length=17, hash=1297078671}}} to 1
10:08:10.698 [raft-server-1] TRACE i.a.protocols.raft.roles.LeaderRole - RaftServer{1}{role=LEADER} - Received CommandRequest{session=2, sequence=50, operation=PrimitiveOperation{id=DefaultOperationId{id=write, type=COMMAND}, value=byte[]{length=17, hash=1297078671}}}
10:08:10.698 [raft-server-1] TRACE i.a.protocols.raft.roles.LeaderRole - RaftServer{1}{role=LEADER} - Appended Indexed{index=59, entry=CommandEntry{term=1, timestamp=2018-06-11 10:08:10,698, session=2, sequence=50, operation=PrimitiveOperation{id=DefaultOperationId{id=write, type=COMMAND}, value=byte[]{length=17, hash=1297078671}}}}
10:08:10.698 [raft-server-1] TRACE i.a.p.raft.roles.LeaderAppender - RaftServer{1} - Sending AppendRequest{term=1, leader=1, prevLogIndex=58, prevLogTerm=1, entries=1, commitIndex=58} to 2
10:08:10.698 [raft-server-1] TRACE i.a.p.raft.roles.LeaderAppender - RaftServer{1} - Sending AppendRequest{term=1, leader=1, prevLogIndex=58, prevLogTerm=1, entries=1, commitIndex=58} to 3
10:08:10.699 [raft-server-2] TRACE i.a.p.raft.roles.FollowerRole - RaftServer{2}{role=FOLLOWER} - Received AppendRequest{term=1, leader=1, prevLogIndex=58, prevLogTerm=1, entries=1, commitIndex=58}
10:08:10.699 [raft-server-3] TRACE i.a.p.raft.roles.FollowerRole - RaftServer{3}{role=FOLLOWER} - Received AppendRequest{term=1, leader=1, prevLogIndex=58, prevLogTerm=1, entries=1, commitIndex=58}
10:08:10.699 [raft-server-2] TRACE i.a.p.raft.roles.FollowerRole - RaftServer{2}{role=FOLLOWER} - Appended Indexed{index=59, entry=CommandEntry{term=1, timestamp=2018-06-11 10:08:10,698, session=2, sequence=50, operation=PrimitiveOperation{id=DefaultOperationId{id=write, type=COMMAND}, value=byte[]{length=17, hash=1297078671}}}}
10:08:10.699 [raft-server-3] TRACE i.a.p.raft.roles.FollowerRole - RaftServer{3}{role=FOLLOWER} - Appended Indexed{index=59, entry=CommandEntry{term=1, timestamp=2018-06-11 10:08:10,698, session=2, sequence=50, operation=PrimitiveOperation{id=DefaultOperationId{id=write, type=COMMAND}, value=byte[]{length=17, hash=1297078671}}}}
10:08:10.751 [raft-server-3] TRACE i.a.p.raft.roles.FollowerRole - RaftServer{3}{role=FOLLOWER} - Committed entries up to index 58
10:08:10.751 [raft-server-2] TRACE i.a.p.raft.roles.FollowerRole - RaftServer{2}{role=FOLLOWER} - Committed entries up to index 58
10:08:10.751 [raft-server-2] TRACE i.a.p.raft.roles.FollowerRole - RaftServer{2}{role=FOLLOWER} - Sending AppendResponse{status=OK, term=1, succeeded=true, lastLogIndex=59}
10:08:10.751 [raft-server-3] TRACE i.a.p.raft.roles.FollowerRole - RaftServer{3}{role=FOLLOWER} - Sending AppendResponse{status=OK, term=1, succeeded=true, lastLogIndex=59}
10:08:10.751 [raft-server-1] TRACE i.a.p.raft.roles.LeaderAppender - RaftServer{1} - Received AppendResponse{status=OK, term=1, succeeded=true, lastLogIndex=59} from 2
10:08:10.751 [raft-server-1] TRACE i.a.p.raft.roles.LeaderAppender - RaftServer{1} - Committed entries up to 59
10:08:10.751 [raft-server-2-state] TRACE i.a.p.raft.impl.RaftServiceManager - RaftServer{2} - Applying Indexed{index=57, entry=CommandEntry{term=1, timestamp=2018-06-11 10:08:10,599, session=2, sequence=49, operation=PrimitiveOperation{id=DefaultOperationId{id=write, type=COMMAND}, value=byte[]{length=17, hash=1297078671}}}}
10:08:10.751 [raft-server-3-state] TRACE i.a.p.raft.impl.RaftServiceManager - RaftServer{3} - Applying Indexed{index=57, entry=CommandEntry{term=1, timestamp=2018-06-11 10:08:10,599, session=2, sequence=49, operation=PrimitiveOperation{id=DefaultOperationId{id=write, type=COMMAND}, value=byte[]{length=17, hash=1297078671}}}}
10:08:10.751 [raft-server-2-state] TRACE i.a.p.s.impl.DefaultServiceExecutor - PrimitiveService{2}{type=io.atomix.protocols.raft.RaftTest$TestPrimitiveType@25c42b8f, name=raft-test} - Executing DefaultCommit{index=57, session=RaftSession{RaftServiceContext{server=2, type=io.atomix.protocols.raft.RaftTest$TestPrimitiveType@25c42b8f, name=raft-test, id=2}, session=2, timestamp=2018-06-11 10:08:10,599}, time=2018-06-11 10:08:10,599, operation=DefaultOperationId{id=write, type=COMMAND}, value=byte[]{length=17, hash=1297078671}}
10:08:10.751 [raft-server-3-state] TRACE i.a.p.s.impl.DefaultServiceExecutor - PrimitiveService{2}{type=io.atomix.protocols.raft.RaftTest$TestPrimitiveType@5b77a59f, name=raft-test} - Executing DefaultCommit{index=57, session=RaftSession{RaftServiceContext{server=3, type=io.atomix.protocols.raft.RaftTest$TestPrimitiveType@5b77a59f, name=raft-test, id=2}, session=2, timestamp=2018-06-11 10:08:10,599}, time=2018-06-11 10:08:10,599, operation=DefaultOperationId{id=write, type=COMMAND}, value=byte[]{length=17, hash=1297078671}}
10:08:10.752 [raft-server-3-state] TRACE i.a.p.raft.impl.RaftServiceManager - RaftServer{3} - Applying Indexed{index=58, entry=KeepAliveEntry{term=1, timestamp=2018-06-11 10:08:10,637, sessionIds=long[]{length=1, hash=33}, commandSequences=long[]{length=1, hash=79}, eventIndexes=long[]{length=1, hash=33}}}
10:08:10.752 [raft-server-2-state] TRACE i.a.p.raft.impl.RaftServiceManager - RaftServer{2} - Applying Indexed{index=58, entry=KeepAliveEntry{term=1, timestamp=2018-06-11 10:08:10,637, sessionIds=long[]{length=1, hash=33}, commandSequences=long[]{length=1, hash=79}, eventIndexes=long[]{length=1, hash=33}}}
10:08:10.805 [raft-server-1] TRACE i.a.p.raft.roles.LeaderAppender - RaftServer{1} - Received AppendResponse{status=OK, term=1, succeeded=true, lastLogIndex=59} from 3
10:08:10.805 [raft-server-1-state] TRACE i.a.p.raft.impl.RaftServiceManager - RaftServer{1} - Applying Indexed{index=59, entry=CommandEntry{term=1, timestamp=2018-06-11 10:08:10,698, session=2, sequence=50, operation=PrimitiveOperation{id=DefaultOperationId{id=write, type=COMMAND}, value=byte[]{length=17, hash=1297078671}}}}
10:08:10.806 [raft-server-1-state] TRACE i.a.p.s.impl.DefaultServiceExecutor - PrimitiveService{2}{type=io.atomix.protocols.raft.RaftTest$TestPrimitiveType@5051ea1e, name=raft-test} - Executing DefaultCommit{index=59, session=RaftSession{RaftServiceContext{server=1, type=io.atomix.protocols.raft.RaftTest$TestPrimitiveType@5051ea1e, name=raft-test, id=2}, session=2, timestamp=2018-06-11 10:08:10,698}, time=2018-06-11 10:08:10,698, operation=DefaultOperationId{id=write, type=COMMAND}, value=byte[]{length=17, hash=1297078671}}
10:08:10.806 [raft-server-1-state] TRACE i.a.protocols.raft.roles.LeaderRole - RaftServer{1}{role=LEADER} - Sending CommandResponse{status=OK, index=59, eventIndex=2, result=byte[]{length=2, hash=1358}}
10:08:10.806 [raft-client-995c025b-ba21-4dd3-828a-0c3e52b0447e-0] TRACE i.a.p.r.s.impl.RaftSessionConnection - SessionClient{2}{type=io.atomix.protocols.raft.RaftTest$TestPrimitiveType@6b321262, name=raft-test} - Received CommandResponse{status=OK, index=59, eventIndex=2, result=byte[]{length=2, hash=1358}} from 1
10:08:10.806 [raft-client-995c025b-ba21-4dd3-828a-0c3e52b0447e-0] TRACE i.a.p.r.s.impl.RaftSessionSequencer - SessionClient{2}{type=io.atomix.protocols.raft.RaftTest$TestPrimitiveType@6b321262, name=raft-test} - Completing response CommandResponse{status=OK, index=59, eventIndex=2, result=byte[]{length=2, hash=1358}}
10:08:10.806 [raft-client-995c025b-ba21-4dd3-828a-0c3e52b0447e-7] TRACE i.a.p.r.s.impl.RaftSessionConnection - SessionClient{2}{type=io.atomix.protocols.raft.RaftTest$TestPrimitiveType@6b321262, name=raft-test} - Sending CommandRequest{session=2, sequence=51, operation=PrimitiveOperation{id=DefaultOperationId{id=write, type=COMMAND}, value=byte[]{length=17, hash=1297078671}}} to 1
10:08:10.806 [raft-server-1] TRACE i.a.protocols.raft.roles.LeaderRole - RaftServer{1}{role=LEADER} - Received CommandRequest{session=2, sequence=51, operation=PrimitiveOperation{id=DefaultOperationId{id=write, type=COMMAND}, value=byte[]{length=17, hash=1297078671}}}
10:08:10.807 [raft-server-1] TRACE i.a.protocols.raft.roles.LeaderRole - RaftServer{1}{role=LEADER} - Appended Indexed{index=60, entry=CommandEntry{term=1, timestamp=2018-06-11 10:08:10,806, session=2, sequence=51, operation=PrimitiveOperation{id=DefaultOperationId{id=write, type=COMMAND}, value=byte[]{length=17, hash=1297078671}}}}
10:08:10.807 [raft-server-1] TRACE i.a.p.raft.roles.LeaderAppender - RaftServer{1} - Sending AppendRequest{term=1, leader=1, prevLogIndex=59, prevLogTerm=1, entries=1, commitIndex=59} to 2
10:08:10.807 [raft-server-2] TRACE i.a.p.raft.roles.FollowerRole - RaftServer{2}{role=FOLLOWER} - Received AppendRequest{term=1, leader=1, prevLogIndex=59, prevLogTerm=1, entries=1, commitIndex=59}
10:08:10.807 [raft-server-1] TRACE i.a.p.raft.roles.LeaderAppender - RaftServer{1} - Sending AppendRequest{term=1, leader=1, prevLogIndex=59, prevLogTerm=1, entries=1, commitIndex=59} to 3
10:08:10.807 [raft-server-3] TRACE i.a.p.raft.roles.FollowerRole - RaftServer{3}{role=FOLLOWER} - Received AppendRequest{term=1, leader=1, prevLogIndex=59, prevLogTerm=1, entries=1, commitIndex=59}
10:08:10.807 [raft-server-2] TRACE i.a.p.raft.roles.FollowerRole - RaftServer{2}{role=FOLLOWER} - Appended Indexed{index=60, entry=CommandEntry{term=1, timestamp=2018-06-11 10:08:10,806, session=2, sequence=51, operation=PrimitiveOperation{id=DefaultOperationId{id=write, type=COMMAND}, value=byte[]{length=17, hash=1297078671}}}}
10:08:10.807 [raft-server-3] TRACE i.a.p.raft.roles.FollowerRole - RaftServer{3}{role=FOLLOWER} - Appended Indexed{index=60, entry=CommandEntry{term=1, timestamp=2018-06-11 10:08:10,806, session=2, sequence=51, operation=PrimitiveOperation{id=DefaultOperationId{id=write, type=COMMAND}, value=byte[]{length=17, hash=1297078671}}}}
10:08:10.850 [raft-server-2] TRACE i.a.p.raft.roles.FollowerRole - RaftServer{2}{role=FOLLOWER} - Committed entries up to index 59
10:08:10.850 [raft-server-3] TRACE i.a.p.raft.roles.FollowerRole - RaftServer{3}{role=FOLLOWER} - Committed entries up to index 59
10:08:10.850 [raft-server-2] TRACE i.a.p.raft.roles.FollowerRole - RaftServer{2}{role=FOLLOWER} - Sending AppendResponse{status=OK, term=1, succeeded=true, lastLogIndex=60}
10:08:10.850 [raft-server-3] TRACE i.a.p.raft.roles.FollowerRole - RaftServer{3}{role=FOLLOWER} - Sending AppendResponse{status=OK, term=1, succeeded=true, lastLogIndex=60}
10:08:10.850 [raft-server-3-state] TRACE i.a.p.raft.impl.RaftServiceManager - RaftServer{3} - Applying Indexed{index=59, entry=CommandEntry{term=1, timestamp=2018-06-11 10:08:10,698, session=2, sequence=50, operation=PrimitiveOperation{id=DefaultOperationId{id=write, type=COMMAND}, value=byte[]{length=17, hash=1297078671}}}}
10:08:10.850 [raft-server-1] TRACE i.a.p.raft.roles.LeaderAppender - RaftServer{1} - Received AppendResponse{status=OK, term=1, succeeded=true, lastLogIndex=60} from 2
10:08:10.850 [raft-server-2-state] TRACE i.a.p.raft.impl.RaftServiceManager - RaftServer{2} - Applying Indexed{index=59, entry=CommandEntry{term=1, timestamp=2018-06-11 10:08:10,698, session=2, sequence=50, operation=PrimitiveOperation{id=DefaultOperationId{id=write, type=COMMAND}, value=byte[]{length=17, hash=1297078671}}}}
10:08:10.850 [raft-server-3-state] TRACE i.a.p.s.impl.DefaultServiceExecutor - PrimitiveService{2}{type=io.atomix.protocols.raft.RaftTest$TestPrimitiveType@5b77a59f, name=raft-test} - Executing DefaultCommit{index=59, session=RaftSession{RaftServiceContext{server=3, type=io.atomix.protocols.raft.RaftTest$TestPrimitiveType@5b77a59f, name=raft-test, id=2}, session=2, timestamp=2018-06-11 10:08:10,698}, time=2018-06-11 10:08:10,698, operation=DefaultOperationId{id=write, type=COMMAND}, value=byte[]{length=17, hash=1297078671}}
10:08:10.850 [raft-server-1] TRACE i.a.p.raft.roles.LeaderAppender - RaftServer{1} - Committed entries up to 60
10:08:10.850 [raft-server-2-state] TRACE i.a.p.s.impl.DefaultServiceExecutor - PrimitiveService{2}{type=io.atomix.protocols.raft.RaftTest$TestPrimitiveType@25c42b8f, name=raft-test} - Executing DefaultCommit{index=59, session=RaftSession{RaftServiceContext{server=2, type=io.atomix.protocols.raft.RaftTest$TestPrimitiveType@25c42b8f, name=raft-test, id=2}, session=2, timestamp=2018-06-11 10:08:10,698}, time=2018-06-11 10:08:10,698, operation=DefaultOperationId{id=write, type=COMMAND}, value=byte[]{length=17, hash=1297078671}}
10:08:10.911 [raft-server-1] TRACE i.a.p.raft.roles.LeaderAppender - RaftServer{1} - Sending AppendRequest{term=1, leader=1, prevLogIndex=60, prevLogTerm=1, entries=0, commitIndex=60} to 2
10:08:10.911 [raft-server-1] TRACE i.a.p.raft.roles.LeaderAppender - RaftServer{1} - Received AppendResponse{status=OK, term=1, succeeded=true, lastLogIndex=60} from 3
10:08:10.911 [raft-server-2] TRACE i.a.p.raft.roles.FollowerRole - RaftServer{2}{role=FOLLOWER} - Received AppendRequest{term=1, leader=1, prevLogIndex=60, prevLogTerm=1, entries=0, commitIndex=60}
10:08:10.911 [raft-server-1] TRACE i.a.p.raft.roles.LeaderAppender - RaftServer{1} - Sending AppendRequest{term=1, leader=1, prevLogIndex=60, prevLogTerm=1, entries=0, commitIndex=60} to 3
10:08:10.912 [raft-server-3] TRACE i.a.p.raft.roles.FollowerRole - RaftServer{3}{role=FOLLOWER} - Received AppendRequest{term=1, leader=1, prevLogIndex=60, prevLogTerm=1, entries=0, commitIndex=60}
10:08:10.912 [raft-server-1-state] TRACE i.a.p.raft.impl.RaftServiceManager - RaftServer{1} - Applying Indexed{index=60, entry=CommandEntry{term=1, timestamp=2018-06-11 10:08:10,806, session=2, sequence=51, operation=PrimitiveOperation{id=DefaultOperationId{id=write, type=COMMAND}, value=byte[]{length=17, hash=1297078671}}}}
10:08:10.912 [raft-server-1-state] TRACE i.a.p.s.impl.DefaultServiceExecutor - PrimitiveService{2}{type=io.atomix.protocols.raft.RaftTest$TestPrimitiveType@5051ea1e, name=raft-test} - Executing DefaultCommit{index=60, session=RaftSession{RaftServiceContext{server=1, type=io.atomix.protocols.raft.RaftTest$TestPrimitiveType@5051ea1e, name=raft-test, id=2}, session=2, timestamp=2018-06-11 10:08:10,806}, time=2018-06-11 10:08:10,806, operation=DefaultOperationId{id=write, type=COMMAND}, value=byte[]{length=17, hash=1297078671}}
10:08:10.912 [raft-server-1-state] TRACE i.a.protocols.raft.roles.LeaderRole - RaftServer{1}{role=LEADER} - Sending CommandResponse{status=OK, index=60, eventIndex=2, result=byte[]{length=2, hash=1360}}
10:08:10.912 [raft-client-995c025b-ba21-4dd3-828a-0c3e52b0447e-5] TRACE i.a.p.r.s.impl.RaftSessionConnection - SessionClient{2}{type=io.atomix.protocols.raft.RaftTest$TestPrimitiveType@6b321262, name=raft-test} - Received CommandResponse{status=OK, index=60, eventIndex=2, result=byte[]{length=2, hash=1360}} from 1
10:08:10.912 [raft-client-995c025b-ba21-4dd3-828a-0c3e52b0447e-5] TRACE i.a.p.r.s.impl.RaftSessionSequencer - SessionClient{2}{type=io.atomix.protocols.raft.RaftTest$TestPrimitiveType@6b321262, name=raft-test} - Completing response CommandResponse{status=OK, index=60, eventIndex=2, result=byte[]{length=2, hash=1360}}
10:08:10.912 [raft-client-995c025b-ba21-4dd3-828a-0c3e52b0447e-3] TRACE i.a.p.r.s.impl.RaftSessionConnection - SessionClient{2}{type=io.atomix.protocols.raft.RaftTest$TestPrimitiveType@6b321262, name=raft-test} - Sending CommandRequest{session=2, sequence=52, operation=PrimitiveOperation{id=DefaultOperationId{id=write, type=COMMAND}, value=byte[]{length=17, hash=1297078671}}} to 1
10:08:10.912 [raft-server-1] TRACE i.a.protocols.raft.roles.LeaderRole - RaftServer{1}{role=LEADER} - Received CommandRequest{session=2, sequence=52, operation=PrimitiveOperation{id=DefaultOperationId{id=write, type=COMMAND}, value=byte[]{length=17, hash=1297078671}}}
10:08:11.001 [raft-server-2] TRACE i.a.p.raft.roles.FollowerRole - RaftServer{2}{role=FOLLOWER} - Committed entries up to index 60
10:08:11.001 [raft-server-2] TRACE i.a.p.raft.roles.FollowerRole - RaftServer{2}{role=FOLLOWER} - Sending AppendResponse{status=OK, term=1, succeeded=true, lastLogIndex=60}
10:08:11.001 [raft-server-2-state] TRACE i.a.p.raft.impl.RaftServiceManager - RaftServer{2} - Applying Indexed{index=60, entry=CommandEntry{term=1, timestamp=2018-06-11 10:08:10,806, session=2, sequence=51, operation=PrimitiveOperation{id=DefaultOperationId{id=write, type=COMMAND}, value=byte[]{length=17, hash=1297078671}}}}
10:08:11.001 [raft-server-2-state] TRACE i.a.p.s.impl.DefaultServiceExecutor - PrimitiveService{2}{type=io.atomix.protocols.raft.RaftTest$TestPrimitiveType@25c42b8f, name=raft-test} - Executing DefaultCommit{index=60, session=RaftSession{RaftServiceContext{server=2, type=io.atomix.protocols.raft.RaftTest$TestPrimitiveType@25c42b8f, name=raft-test, id=2}, session=2, timestamp=2018-06-11 10:08:10,806}, time=2018-06-11 10:08:10,806, operation=DefaultOperationId{id=write, type=COMMAND}, value=byte[]{length=17, hash=1297078671}}
10:08:11.153 [raft-server-3] TRACE i.a.p.raft.roles.FollowerRole - RaftServer{3}{role=FOLLOWER} - Committed entries up to index 60
10:08:11.153 [raft-server-3] TRACE i.a.p.raft.roles.FollowerRole - RaftServer{3}{role=FOLLOWER} - Sending AppendResponse{status=OK, term=1, succeeded=true, lastLogIndex=60}
10:08:11.153 [raft-server-3-state] TRACE i.a.p.raft.impl.RaftServiceManager - RaftServer{3} - Applying Indexed{index=60, entry=CommandEntry{term=1, timestamp=2018-06-11 10:08:10,806, session=2, sequence=51, operation=PrimitiveOperation{id=DefaultOperationId{id=write, type=COMMAND}, value=byte[]{length=17, hash=1297078671}}}}
10:08:11.153 [raft-server-3-state] TRACE i.a.p.s.impl.DefaultServiceExecutor - PrimitiveService{2}{type=io.atomix.protocols.raft.RaftTest$TestPrimitiveType@5b77a59f, name=raft-test} - Executing DefaultCommit{index=60, session=RaftSession{RaftServiceContext{server=3, type=io.atomix.protocols.raft.RaftTest$TestPrimitiveType@5b77a59f, name=raft-test, id=2}, session=2, timestamp=2018-06-11 10:08:10,806}, time=2018-06-11 10:08:10,806, operation=DefaultOperationId{id=write, type=COMMAND}, value=byte[]{length=17, hash=1297078671}}
10:08:11.255 [raft-server-1] DEBUG i.a.storage.journal.SegmentedJournal - Created disk segment: JournalSegment{id=7, version=1, index=61, size=64}
10:08:11.255 [raft-server-1] TRACE i.a.protocols.raft.roles.LeaderRole - RaftServer{1}{role=LEADER} - Appended Indexed{index=61, entry=CommandEntry{term=1, timestamp=2018-06-11 10:08:10,912, session=2, sequence=52, operation=PrimitiveOperation{id=DefaultOperationId{id=write, type=COMMAND}, value=byte[]{length=17, hash=1297078671}}}}
10:08:11.255 [raft-server-1] TRACE i.a.p.raft.roles.LeaderAppender - RaftServer{1} - Received AppendResponse{status=OK, term=1, succeeded=true, lastLogIndex=60} from 2
10:08:11.255 [raft-server-1] TRACE i.a.p.raft.roles.LeaderAppender - RaftServer{1} - Sending AppendRequest{term=1, leader=1, prevLogIndex=60, prevLogTerm=1, entries=1, commitIndex=60} to 2
10:08:11.255 [raft-server-2] TRACE i.a.p.raft.roles.FollowerRole - RaftServer{2}{role=FOLLOWER} - Received AppendRequest{term=1, leader=1, prevLogIndex=60, prevLogTerm=1, entries=1, commitIndex=60}
10:08:11.255 [raft-server-1] TRACE i.a.p.raft.roles.LeaderAppender - RaftServer{1} - Sending AppendRequest{term=1, leader=1, prevLogIndex=60, prevLogTerm=1, entries=1, commitIndex=60} to 3
10:08:11.255 [raft-server-3] TRACE i.a.p.raft.roles.FollowerRole - RaftServer{3}{role=FOLLOWER} - Received AppendRequest{term=1, leader=1, prevLogIndex=60, prevLogTerm=1, entries=1, commitIndex=60}
10:08:11.256 [raft-server-1] DEBUG i.a.p.raft.impl.RaftServiceManager - RaftServer{1} - Snapshotting services
10:08:11.256 [raft-server-1] TRACE i.a.p.raft.roles.LeaderAppender - RaftServer{1} - Received AppendResponse{status=OK, term=1, succeeded=true, lastLogIndex=60} from 3
10:08:11.256 [raft-server-1-state] DEBUG i.a.p.r.s.snapshot.SnapshotStore - Created memory snapshot: MemorySnapshot{index=60}
10:08:11.256 [raft-server-1-state] TRACE io.atomix.utils.serializer.Namespace - Creating Kryo instance for Namespace{registeredBlocks=[RegistrationBlock{begin=16, types=[([Ljava.lang.Class;@68b11545,null), ([Ljava.lang.Class;@7d0100ea,null), ([Ljava.lang.Class;@357bc488,null), ([Ljava.lang.Class;@4ea17147,null), ([Ljava.lang.Class;@2eda4eeb,io.atomix.utils.serializer.serializers.ImmutableListSerializer@5ba90d8a), ([Ljava.lang.Class;@309dcdf3,io.atomix.utils.serializer.serializers.ImmutableSetSerializer@7573b9ee), ([Ljava.lang.Class;@9a20cbd,io.atomix.utils.serializer.serializers.ImmutableMapSerializer@1af4955e), ([Ljava.lang.Class;@445821a6,null), ([Ljava.lang.Class;@2c0c4c0a,null), ([Ljava.lang.Class;@35d26ad2,null), ([Ljava.lang.Class;@bb25753,null), ([Ljava.lang.Class;@ee21292,null), ([Ljava.lang.Class;@40c06358,null), ([Ljava.lang.Class;@66e21568,null), ([Ljava.lang.Class;@7f73ce28,null), ([Ljava.lang.Class;@611b35d6,null), ([Ljava.lang.Class;@2282400e,null), ([Ljava.lang.Class;@543d5863,null), ([Ljava.lang.Class;@35dece42,null), ([Ljava.lang.Class;@dd3f8aa,io.atomix.utils.serializer.serializers.ArraysAsListSerializer@3d615b2e), ([Ljava.lang.Class;@3a1f2a1,null), ([Ljava.lang.Class;@40ce9049,null), ([Ljava.lang.Class;@52ca2652,null), ([Ljava.lang.Class;@65c5bf0e,null), ([Ljava.lang.Class;@697d6ded,null), ([Ljava.lang.Class;@5d05f453,null), ([Ljava.lang.Class;@5efeb117,null), ([Ljava.lang.Class;@160b4809,null), ([Ljava.lang.Class;@149b4d20,null), ([Ljava.lang.Class;@664e848c,null), ([Ljava.lang.Class;@4d93f75b,null), ([Ljava.lang.Class;@114a5e0,null), ([Ljava.lang.Class;@4f281aaf,null), ([Ljava.lang.Class;@5d508d22,null), ([Ljava.lang.Class;@f2b90fc,null)]}, RegistrationBlock{begin=51, types=[([Ljava.lang.Class;@307e1551,null)]}]}
10:08:11.256 [raft-server-1-state] TRACE io.atomix.utils.serializer.Namespace - class [B registered as 16
10:08:11.256 [raft-server-1-state] TRACE io.atomix.utils.serializer.Namespace - class java.util.concurrent.atomic.AtomicBoolean registered as 17
10:08:11.256 [raft-server-1-state] TRACE io.atomix.utils.serializer.Namespace - class java.util.concurrent.atomic.AtomicInteger registered as 18
10:08:11.256 [raft-server-1-state] TRACE io.atomix.utils.serializer.Namespace - class java.util.concurrent.atomic.AtomicLong registered as 19
10:08:11.256 [raft-server-1-state] TRACE io.atomix.utils.serializer.Namespace - class com.google.common.collect.ImmutableList registered as 20
10:08:11.256 [raft-server-1-state] TRACE io.atomix.utils.serializer.Namespace - class com.google.common.collect.RegularImmutableList registered as 20
10:08:11.256 [raft-server-1-state] TRACE io.atomix.utils.serializer.Namespace - class com.google.common.collect.RegularImmutableList registered as 20
10:08:11.256 [raft-server-1-state] TRACE io.atomix.utils.serializer.Namespace - class com.google.common.collect.ImmutableList$SubList registered as 20
10:08:11.256 [raft-server-1-state] TRACE io.atomix.utils.serializer.Namespace - class com.google.common.collect.ImmutableSet registered as 21
10:08:11.256 [raft-server-1-state] TRACE io.atomix.utils.serializer.Namespace - class com.google.common.collect.RegularImmutableSet registered as 21
10:08:11.256 [raft-server-1-state] TRACE io.atomix.utils.serializer.Namespace - class com.google.common.collect.SingletonImmutableSet registered as 21
10:08:11.256 [raft-server-1-state] TRACE io.atomix.utils.serializer.Namespace - class com.google.common.collect.RegularImmutableSet registered as 21
10:08:11.257 [raft-server-1-state] TRACE io.atomix.utils.serializer.Namespace - class com.google.common.collect.ImmutableMap registered as 22
10:08:11.257 [raft-server-1-state] TRACE io.atomix.utils.serializer.Namespace - class com.google.common.collect.RegularImmutableMap registered as 22
10:08:11.257 [raft-server-1-state] TRACE io.atomix.utils.serializer.Namespace - class com.google.common.collect.RegularImmutableMap registered as 22
10:08:11.257 [raft-server-1-state] TRACE io.atomix.utils.serializer.Namespace - class com.google.common.collect.RegularImmutableMap registered as 22
10:08:11.257 [raft-server-1-state] TRACE io.atomix.utils.serializer.Namespace - class java.util.Collections$UnmodifiableSet registered as 23
10:08:11.257 [raft-server-1-state] TRACE io.atomix.utils.serializer.Namespace - class java.util.HashMap registered as 24
10:08:11.257 [raft-server-1-state] TRACE io.atomix.utils.serializer.Namespace - class java.util.concurrent.ConcurrentHashMap registered as 25
10:08:11.257 [raft-server-1-state] TRACE io.atomix.utils.serializer.Namespace - class java.util.concurrent.CopyOnWriteArraySet registered as 26
10:08:11.257 [raft-server-1-state] TRACE io.atomix.utils.serializer.Namespace - class java.util.ArrayList registered as 27
10:08:11.257 [raft-server-1-state] TRACE io.atomix.utils.serializer.Namespace - class java.util.LinkedList registered as 28
10:08:11.257 [raft-server-1-state] TRACE io.atomix.utils.serializer.Namespace - class java.util.HashSet registered as 29
10:08:11.257 [raft-server-1-state] TRACE io.atomix.utils.serializer.Namespace - class java.util.LinkedHashSet registered as 30
10:08:11.257 [raft-server-1-state] TRACE io.atomix.utils.serializer.Namespace - class java.util.ArrayDeque registered as 31
10:08:11.257 [raft-server-1-state] TRACE io.atomix.utils.serializer.Namespace - class com.google.common.collect.HashMultiset registered as 32
10:08:11.257 [raft-server-1-state] TRACE io.atomix.utils.serializer.Namespace - class com.google.common.collect.Sets registered as 33
10:08:11.257 [raft-server-1-state] TRACE io.atomix.utils.serializer.Namespace - class com.google.common.collect.ImmutableEntry registered as 34
10:08:11.257 [raft-server-1-state] TRACE io.atomix.utils.serializer.Namespace - class java.util.Arrays$ArrayList registered as 35
10:08:11.257 [raft-server-1-state] TRACE io.atomix.utils.serializer.Namespace - class java.util.Collections$SingletonList registered as 36
10:08:11.257 [raft-server-1-state] TRACE io.atomix.utils.serializer.Namespace - class java.time.Duration registered as 37
10:08:11.257 [raft-server-1-state] TRACE io.atomix.utils.serializer.Namespace - class java.util.Collections$EmptySet registered as 38
10:08:11.257 [raft-server-1-state] TRACE io.atomix.utils.serializer.Namespace - class java.util.Optional registered as 39
10:08:11.257 [raft-server-1-state] TRACE io.atomix.utils.serializer.Namespace - class java.util.Collections$EmptyList registered as 40
10:08:11.257 [raft-server-1-state] TRACE io.atomix.utils.serializer.Namespace - class java.util.Collections$SingletonSet registered as 41
10:08:11.257 [raft-server-1-state] TRACE io.atomix.utils.serializer.Namespace - class [I registered as 42
10:08:11.257 [raft-server-1-state] TRACE io.atomix.utils.serializer.Namespace - class [J registered as 43
10:08:11.257 [raft-server-1-state] TRACE io.atomix.utils.serializer.Namespace - class [S registered as 44
10:08:11.258 [raft-server-1-state] TRACE io.atomix.utils.serializer.Namespace - class [D registered as 45
10:08:11.258 [raft-server-1-state] TRACE io.atomix.utils.serializer.Namespace - class [F registered as 46
10:08:11.258 [raft-server-1-state] TRACE io.atomix.utils.serializer.Namespace - class [C registered as 47
10:08:11.258 [raft-server-1-state] TRACE io.atomix.utils.serializer.Namespace - class [Ljava.lang.String; registered as 48
10:08:11.258 [raft-server-1-state] TRACE io.atomix.utils.serializer.Namespace - class [Z registered as 49
10:08:11.258 [raft-server-1-state] TRACE io.atomix.utils.serializer.Namespace - class [Ljava.lang.Object; registered as 50
10:08:11.258 [raft-server-1-state] TRACE io.atomix.utils.serializer.Namespace - class io.atomix.primitive.service.ServiceConfig registered as 51
10:08:11.258 [raft-server-1-state] DEBUG i.a.p.r.service.RaftServiceContext - PrimitiveService{2}{type=io.atomix.protocols.raft.RaftTest$TestPrimitiveType@5051ea1e, name=raft-test} - Taking snapshot 60
10:08:11.258 [raft-server-1-state] TRACE io.atomix.utils.serializer.Namespace - Creating Kryo instance for Namespace{registeredBlocks=[RegistrationBlock{begin=16, types=[([Ljava.lang.Class;@68b11545,null), ([Ljava.lang.Class;@7d0100ea,null), ([Ljava.lang.Class;@357bc488,null), ([Ljava.lang.Class;@4ea17147,null), ([Ljava.lang.Class;@2eda4eeb,io.atomix.utils.serializer.serializers.ImmutableListSerializer@5ba90d8a), ([Ljava.lang.Class;@309dcdf3,io.atomix.utils.serializer.serializers.ImmutableSetSerializer@7573b9ee), ([Ljava.lang.Class;@9a20cbd,io.atomix.utils.serializer.serializers.ImmutableMapSerializer@1af4955e), ([Ljava.lang.Class;@445821a6,null), ([Ljava.lang.Class;@2c0c4c0a,null), ([Ljava.lang.Class;@35d26ad2,null), ([Ljava.lang.Class;@bb25753,null), ([Ljava.lang.Class;@ee21292,null), ([Ljava.lang.Class;@40c06358,null), ([Ljava.lang.Class;@66e21568,null), ([Ljava.lang.Class;@7f73ce28,null), ([Ljava.lang.Class;@611b35d6,null), ([Ljava.lang.Class;@2282400e,null), ([Ljava.lang.Class;@543d5863,null), ([Ljava.lang.Class;@35dece42,null), ([Ljava.lang.Class;@dd3f8aa,io.atomix.utils.serializer.serializers.ArraysAsListSerializer@3d615b2e), ([Ljava.lang.Class;@3a1f2a1,null), ([Ljava.lang.Class;@40ce9049,null), ([Ljava.lang.Class;@52ca2652,null), ([Ljava.lang.Class;@65c5bf0e,null), ([Ljava.lang.Class;@697d6ded,null), ([Ljava.lang.Class;@5d05f453,null), ([Ljava.lang.Class;@5efeb117,null), ([Ljava.lang.Class;@160b4809,null), ([Ljava.lang.Class;@149b4d20,null), ([Ljava.lang.Class;@664e848c,null), ([Ljava.lang.Class;@4d93f75b,null), ([Ljava.lang.Class;@114a5e0,null), ([Ljava.lang.Class;@4f281aaf,null), ([Ljava.lang.Class;@5d508d22,null), ([Ljava.lang.Class;@f2b90fc,null)]}, RegistrationBlock{begin=51, types=[([Ljava.lang.Class;@1b76bb9a,null)]}]}
10:08:11.258 [raft-server-1-state] TRACE io.atomix.utils.serializer.Namespace - class [B registered as 16
10:08:11.258 [raft-server-1-state] TRACE io.atomix.utils.serializer.Namespace - class java.util.concurrent.atomic.AtomicBoolean registered as 17
10:08:11.258 [raft-server-1-state] TRACE io.atomix.utils.serializer.Namespace - class java.util.concurrent.atomic.AtomicInteger registered as 18
10:08:11.258 [raft-server-1-state] TRACE io.atomix.utils.serializer.Namespace - class java.util.concurrent.atomic.AtomicLong registered as 19
10:08:11.258 [raft-server-1-state] TRACE io.atomix.utils.serializer.Namespace - class com.google.common.collect.ImmutableList registered as 20
10:08:11.258 [raft-server-1-state] TRACE io.atomix.utils.serializer.Namespace - class com.google.common.collect.RegularImmutableList registered as 20
10:08:11.258 [raft-server-1-state] TRACE io.atomix.utils.serializer.Namespace - class com.google.common.collect.RegularImmutableList registered as 20
10:08:11.258 [raft-server-1-state] TRACE io.atomix.utils.serializer.Namespace - class com.google.common.collect.ImmutableList$SubList registered as 20
10:08:11.258 [raft-server-1-state] TRACE io.atomix.utils.serializer.Namespace - class com.google.common.collect.ImmutableSet registered as 21
10:08:11.258 [raft-server-1-state] TRACE io.atomix.utils.serializer.Namespace - class com.google.common.collect.RegularImmutableSet registered as 21
10:08:11.258 [raft-server-1-state] TRACE io.atomix.utils.serializer.Namespace - class com.google.common.collect.SingletonImmutableSet registered as 21
10:08:11.258 [raft-server-1-state] TRACE io.atomix.utils.serializer.Namespace - class com.google.common.collect.RegularImmutableSet registered as 21
10:08:11.258 [raft-server-1-state] TRACE io.atomix.utils.serializer.Namespace - class com.google.common.collect.ImmutableMap registered as 22
10:08:11.258 [raft-server-1-state] TRACE io.atomix.utils.serializer.Namespace - class com.google.common.collect.RegularImmutableMap registered as 22
10:08:11.258 [raft-server-1-state] TRACE io.atomix.utils.serializer.Namespace - class com.google.common.collect.RegularImmutableMap registered as 22
10:08:11.258 [raft-server-1-state] TRACE io.atomix.utils.serializer.Namespace - class com.google.common.collect.RegularImmutableMap registered as 22
10:08:11.259 [raft-server-1-state] TRACE io.atomix.utils.serializer.Namespace - class java.util.Collections$UnmodifiableSet registered as 23
10:08:11.259 [raft-server-1-state] TRACE io.atomix.utils.serializer.Namespace - class java.util.HashMap registered as 24
10:08:11.259 [raft-server-1-state] TRACE io.atomix.utils.serializer.Namespace - class java.util.concurrent.ConcurrentHashMap registered as 25
10:08:11.259 [raft-server-1-state] TRACE io.atomix.utils.serializer.Namespace - class java.util.concurrent.CopyOnWriteArraySet registered as 26
10:08:11.259 [raft-server-1-state] TRACE io.atomix.utils.serializer.Namespace - class java.util.ArrayList registered as 27
10:08:11.259 [raft-server-1-state] TRACE io.atomix.utils.serializer.Namespace - class java.util.LinkedList registered as 28
10:08:11.259 [raft-server-1-state] TRACE io.atomix.utils.serializer.Namespace - class java.util.HashSet registered as 29
10:08:11.259 [raft-server-1-state] TRACE io.atomix.utils.serializer.Namespace - class java.util.LinkedHashSet registered as 30
10:08:11.259 [raft-server-1-state] TRACE io.atomix.utils.serializer.Namespace - class java.util.ArrayDeque registered as 31
10:08:11.259 [raft-server-1-state] TRACE io.atomix.utils.serializer.Namespace - class com.google.common.collect.HashMultiset registered as 32
10:08:11.259 [raft-server-1-state] TRACE io.atomix.utils.serializer.Namespace - class com.google.common.collect.Sets registered as 33
10:08:11.259 [raft-server-1-state] TRACE io.atomix.utils.serializer.Namespace - class com.google.common.collect.ImmutableEntry registered as 34
10:08:11.259 [raft-server-1-state] TRACE io.atomix.utils.serializer.Namespace - class java.util.Arrays$ArrayList registered as 35
10:08:11.259 [raft-server-1-state] TRACE io.atomix.utils.serializer.Namespace - class java.util.Collections$SingletonList registered as 36
10:08:11.259 [raft-server-1-state] TRACE io.atomix.utils.serializer.Namespace - class java.time.Duration registered as 37
10:08:11.259 [raft-server-1-state] TRACE io.atomix.utils.serializer.Namespace - class java.util.Collections$EmptySet registered as 38
10:08:11.259 [raft-server-1-state] TRACE io.atomix.utils.serializer.Namespace - class java.util.Optional registered as 39
10:08:11.259 [raft-server-1-state] TRACE io.atomix.utils.serializer.Namespace - class java.util.Collections$EmptyList registered as 40
10:08:11.259 [raft-server-1-state] TRACE io.atomix.utils.serializer.Namespace - class java.util.Collections$SingletonSet registered as 41
10:08:11.259 [raft-server-1-state] TRACE io.atomix.utils.serializer.Namespace - class [I registered as 42
10:08:11.259 [raft-server-1-state] TRACE io.atomix.utils.serializer.Namespace - class [J registered as 43
10:08:11.259 [raft-server-1-state] TRACE io.atomix.utils.serializer.Namespace - class [S registered as 44
10:08:11.259 [raft-server-1-state] TRACE io.atomix.utils.serializer.Namespace - class [D registered as 45
10:08:11.260 [raft-server-1-state] TRACE io.atomix.utils.serializer.Namespace - class [F registered as 46
10:08:11.260 [raft-server-1-state] TRACE io.atomix.utils.serializer.Namespace - class [C registered as 47
10:08:11.260 [raft-server-1-state] TRACE io.atomix.utils.serializer.Namespace - class [Ljava.lang.String; registered as 48
10:08:11.260 [raft-server-1-state] TRACE io.atomix.utils.serializer.Namespace - class [Z registered as 49
10:08:11.260 [raft-server-1-state] TRACE io.atomix.utils.serializer.Namespace - class [Ljava.lang.Object; registered as 50
10:08:11.260 [raft-server-1-state] TRACE io.atomix.utils.serializer.Namespace - class io.atomix.primitive.service.ServiceConfig registered as 51
10:08:11.260 [raft-server-1-compaction] DEBUG i.a.p.r.s.snapshot.SnapshotStore - Created disk snapshot: FileSnapshot{index=60}
10:08:11.428 [raft-server-3] DEBUG i.a.storage.journal.SegmentedJournal - Created disk segment: JournalSegment{id=7, version=1, index=61, size=64}
10:08:11.428 [raft-server-3] TRACE i.a.p.raft.roles.FollowerRole - RaftServer{3}{role=FOLLOWER} - Appended Indexed{index=61, entry=CommandEntry{term=1, timestamp=2018-06-11 10:08:10,912, session=2, sequence=52, operation=PrimitiveOperation{id=DefaultOperationId{id=write, type=COMMAND}, value=byte[]{length=17, hash=1297078671}}}}
10:08:11.428 [raft-server-2] DEBUG i.a.storage.journal.SegmentedJournal - Created disk segment: JournalSegment{id=7, version=1, index=61, size=64}
10:08:11.428 [raft-server-3] TRACE i.a.p.raft.roles.FollowerRole - RaftServer{3}{role=FOLLOWER} - Sending AppendResponse{status=OK, term=1, succeeded=true, lastLogIndex=61}
10:08:11.429 [raft-server-1] TRACE i.a.p.raft.roles.LeaderAppender - RaftServer{1} - Received AppendResponse{status=OK, term=1, succeeded=true, lastLogIndex=61} from 3
10:08:11.429 [raft-server-1] TRACE i.a.p.raft.roles.LeaderAppender - RaftServer{1} - Committed entries up to 61
10:08:11.429 [raft-server-2] TRACE i.a.p.raft.roles.FollowerRole - RaftServer{2}{role=FOLLOWER} - Appended Indexed{index=61, entry=CommandEntry{term=1, timestamp=2018-06-11 10:08:10,912, session=2, sequence=52, operation=PrimitiveOperation{id=DefaultOperationId{id=write, type=COMMAND}, value=byte[]{length=17, hash=1297078671}}}}
10:08:11.429 [raft-server-2] TRACE i.a.p.raft.roles.FollowerRole - RaftServer{2}{role=FOLLOWER} - Sending AppendResponse{status=OK, term=1, succeeded=true, lastLogIndex=61}
10:08:11.429 [raft-server-2] DEBUG i.a.p.raft.impl.RaftServiceManager - RaftServer{2} - Snapshotting services
10:08:11.429 [raft-server-2-state] DEBUG i.a.p.r.s.snapshot.SnapshotStore - Created memory snapshot: MemorySnapshot{index=60}
10:08:11.429 [raft-server-2-state] TRACE io.atomix.utils.serializer.Namespace - Creating Kryo instance for Namespace{registeredBlocks=[RegistrationBlock{begin=16, types=[([Ljava.lang.Class;@68b11545,null), ([Ljava.lang.Class;@7d0100ea,null), ([Ljava.lang.Class;@357bc488,null), ([Ljava.lang.Class;@4ea17147,null), ([Ljava.lang.Class;@2eda4eeb,io.atomix.utils.serializer.serializers.ImmutableListSerializer@5ba90d8a), ([Ljava.lang.Class;@309dcdf3,io.atomix.utils.serializer.serializers.ImmutableSetSerializer@7573b9ee), ([Ljava.lang.Class;@9a20cbd,io.atomix.utils.serializer.serializers.ImmutableMapSerializer@1af4955e), ([Ljava.lang.Class;@445821a6,null), ([Ljava.lang.Class;@2c0c4c0a,null), ([Ljava.lang.Class;@35d26ad2,null), ([Ljava.lang.Class;@bb25753,null), ([Ljava.lang.Class;@ee21292,null), ([Ljava.lang.Class;@40c06358,null), ([Ljava.lang.Class;@66e21568,null), ([Ljava.lang.Class;@7f73ce28,null), ([Ljava.lang.Class;@611b35d6,null), ([Ljava.lang.Class;@2282400e,null), ([Ljava.lang.Class;@543d5863,null), ([Ljava.lang.Class;@35dece42,null), ([Ljava.lang.Class;@dd3f8aa,io.atomix.utils.serializer.serializers.ArraysAsListSerializer@3d615b2e), ([Ljava.lang.Class;@3a1f2a1,null), ([Ljava.lang.Class;@40ce9049,null), ([Ljava.lang.Class;@52ca2652,null), ([Ljava.lang.Class;@65c5bf0e,null), ([Ljava.lang.Class;@697d6ded,null), ([Ljava.lang.Class;@5d05f453,null), ([Ljava.lang.Class;@5efeb117,null), ([Ljava.lang.Class;@160b4809,null), ([Ljava.lang.Class;@149b4d20,null), ([Ljava.lang.Class;@664e848c,null), ([Ljava.lang.Class;@4d93f75b,null), ([Ljava.lang.Class;@114a5e0,null), ([Ljava.lang.Class;@4f281aaf,null), ([Ljava.lang.Class;@5d508d22,null), ([Ljava.lang.Class;@f2b90fc,null)]}, RegistrationBlock{begin=51, types=[([Ljava.lang.Class;@41770732,null)]}]}
10:08:11.429 [raft-server-2-state] TRACE io.atomix.utils.serializer.Namespace - class [B registered as 16
10:08:11.430 [raft-server-2-state] TRACE io.atomix.utils.serializer.Namespace - class java.util.concurrent.atomic.AtomicBoolean registered as 17
10:08:11.430 [raft-server-2-state] TRACE io.atomix.utils.serializer.Namespace - class java.util.concurrent.atomic.AtomicInteger registered as 18
10:08:11.430 [raft-server-2-state] TRACE io.atomix.utils.serializer.Namespace - class java.util.concurrent.atomic.AtomicLong registered as 19
10:08:11.430 [raft-server-2-state] TRACE io.atomix.utils.serializer.Namespace - class com.google.common.collect.ImmutableList registered as 20
10:08:11.430 [raft-server-2-state] TRACE io.atomix.utils.serializer.Namespace - class com.google.common.collect.RegularImmutableList registered as 20
10:08:11.430 [raft-server-2-state] TRACE io.atomix.utils.serializer.Namespace - class com.google.common.collect.RegularImmutableList registered as 20
10:08:11.430 [raft-server-2-state] TRACE io.atomix.utils.serializer.Namespace - class com.google.common.collect.ImmutableList$SubList registered as 20
10:08:11.430 [raft-server-2-state] TRACE io.atomix.utils.serializer.Namespace - class com.google.common.collect.ImmutableSet registered as 21
10:08:11.430 [raft-server-2-state] TRACE io.atomix.utils.serializer.Namespace - class com.google.common.collect.RegularImmutableSet registered as 21
10:08:11.430 [raft-server-2-state] TRACE io.atomix.utils.serializer.Namespace - class com.google.common.collect.SingletonImmutableSet registered as 21
10:08:11.430 [raft-server-2-state] TRACE io.atomix.utils.serializer.Namespace - class com.google.common.collect.RegularImmutableSet registered as 21
10:08:11.430 [raft-server-2-state] TRACE io.atomix.utils.serializer.Namespace - class com.google.common.collect.ImmutableMap registered as 22
10:08:11.430 [raft-server-2-state] TRACE io.atomix.utils.serializer.Namespace - class com.google.common.collect.RegularImmutableMap registered as 22
10:08:11.430 [raft-server-2-state] TRACE io.atomix.utils.serializer.Namespace - class com.google.common.collect.RegularImmutableMap registered as 22
10:08:11.430 [raft-server-2-state] TRACE io.atomix.utils.serializer.Namespace - class com.google.common.collect.RegularImmutableMap registered as 22
10:08:11.430 [raft-server-2-state] TRACE io.atomix.utils.serializer.Namespace - class java.util.Collections$UnmodifiableSet registered as 23
10:08:11.430 [raft-server-2-state] TRACE io.atomix.utils.serializer.Namespace - class java.util.HashMap registered as 24
10:08:11.430 [raft-server-2-state] TRACE io.atomix.utils.serializer.Namespace - class java.util.concurrent.ConcurrentHashMap registered as 25
10:08:11.430 [raft-server-2-state] TRACE io.atomix.utils.serializer.Namespace - class java.util.concurrent.CopyOnWriteArraySet registered as 26
10:08:11.430 [raft-server-2-state] TRACE io.atomix.utils.serializer.Namespace - class java.util.ArrayList registered as 27
10:08:11.430 [raft-server-2-state] TRACE io.atomix.utils.serializer.Namespace - class java.util.LinkedList registered as 28
10:08:11.430 [raft-server-2-state] TRACE io.atomix.utils.serializer.Namespace - class java.util.HashSet registered as 29
10:08:11.430 [raft-server-2-state] TRACE io.atomix.utils.serializer.Namespace - class java.util.LinkedHashSet registered as 30
10:08:11.430 [raft-server-2-state] TRACE io.atomix.utils.serializer.Namespace - class java.util.ArrayDeque registered as 31
10:08:11.430 [raft-server-2-state] TRACE io.atomix.utils.serializer.Namespace - class com.google.common.collect.HashMultiset registered as 32
10:08:11.430 [raft-server-2-state] TRACE io.atomix.utils.serializer.Namespace - class com.google.common.collect.Sets registered as 33
10:08:11.430 [raft-server-2-state] TRACE io.atomix.utils.serializer.Namespace - class com.google.common.collect.ImmutableEntry registered as 34
10:08:11.430 [raft-server-2-state] TRACE io.atomix.utils.serializer.Namespace - class java.util.Arrays$ArrayList registered as 35
10:08:11.430 [raft-server-2-state] TRACE io.atomix.utils.serializer.Namespace - class java.util.Collections$SingletonList registered as 36
10:08:11.430 [raft-server-2-state] TRACE io.atomix.utils.serializer.Namespace - class java.time.Duration registered as 37
10:08:11.430 [raft-server-2-state] TRACE io.atomix.utils.serializer.Namespace - class java.util.Collections$EmptySet registered as 38
10:08:11.431 [raft-server-2-state] TRACE io.atomix.utils.serializer.Namespace - class java.util.Optional registered as 39
10:08:11.431 [raft-server-2-state] TRACE io.atomix.utils.serializer.Namespace - class java.util.Collections$EmptyList registered as 40
10:08:11.431 [raft-server-2-state] TRACE io.atomix.utils.serializer.Namespace - class java.util.Collections$SingletonSet registered as 41
10:08:11.431 [raft-server-2-state] TRACE io.atomix.utils.serializer.Namespace - class [I registered as 42
10:08:11.431 [raft-server-2-state] TRACE io.atomix.utils.serializer.Namespace - class [J registered as 43
10:08:11.431 [raft-server-2-state] TRACE io.atomix.utils.serializer.Namespace - class [S registered as 44
10:08:11.431 [raft-server-2-state] TRACE io.atomix.utils.serializer.Namespace - class [D registered as 45
10:08:11.431 [raft-server-2-state] TRACE io.atomix.utils.serializer.Namespace - class [F registered as 46
10:08:11.431 [raft-server-2-state] TRACE io.atomix.utils.serializer.Namespace - class [C registered as 47
10:08:11.431 [raft-server-2-state] TRACE io.atomix.utils.serializer.Namespace - class [Ljava.lang.String; registered as 48
10:08:11.431 [raft-server-2-state] TRACE io.atomix.utils.serializer.Namespace - class [Z registered as 49
10:08:11.431 [raft-server-2-state] TRACE io.atomix.utils.serializer.Namespace - class [Ljava.lang.Object; registered as 50
10:08:11.431 [raft-server-2-state] TRACE io.atomix.utils.serializer.Namespace - class io.atomix.primitive.service.ServiceConfig registered as 51
10:08:11.431 [raft-server-2-state] DEBUG i.a.p.r.service.RaftServiceContext - PrimitiveService{2}{type=io.atomix.protocols.raft.RaftTest$TestPrimitiveType@25c42b8f, name=raft-test} - Taking snapshot 60
10:08:11.431 [raft-server-2-state] TRACE io.atomix.utils.serializer.Namespace - Creating Kryo instance for Namespace{registeredBlocks=[RegistrationBlock{begin=16, types=[([Ljava.lang.Class;@68b11545,null), ([Ljava.lang.Class;@7d0100ea,null), ([Ljava.lang.Class;@357bc488,null), ([Ljava.lang.Class;@4ea17147,null), ([Ljava.lang.Class;@2eda4eeb,io.atomix.utils.serializer.serializers.ImmutableListSerializer@5ba90d8a), ([Ljava.lang.Class;@309dcdf3,io.atomix.utils.serializer.serializers.ImmutableSetSerializer@7573b9ee), ([Ljava.lang.Class;@9a20cbd,io.atomix.utils.serializer.serializers.ImmutableMapSerializer@1af4955e), ([Ljava.lang.Class;@445821a6,null), ([Ljava.lang.Class;@2c0c4c0a,null), ([Ljava.lang.Class;@35d26ad2,null), ([Ljava.lang.Class;@bb25753,null), ([Ljava.lang.Class;@ee21292,null), ([Ljava.lang.Class;@40c06358,null), ([Ljava.lang.Class;@66e21568,null), ([Ljava.lang.Class;@7f73ce28,null), ([Ljava.lang.Class;@611b35d6,null), ([Ljava.lang.Class;@2282400e,null), ([Ljava.lang.Class;@543d5863,null), ([Ljava.lang.Class;@35dece42,null), ([Ljava.lang.Class;@dd3f8aa,io.atomix.utils.serializer.serializers.ArraysAsListSerializer@3d615b2e), ([Ljava.lang.Class;@3a1f2a1,null), ([Ljava.lang.Class;@40ce9049,null), ([Ljava.lang.Class;@52ca2652,null), ([Ljava.lang.Class;@65c5bf0e,null), ([Ljava.lang.Class;@697d6ded,null), ([Ljava.lang.Class;@5d05f453,null), ([Ljava.lang.Class;@5efeb117,null), ([Ljava.lang.Class;@160b4809,null), ([Ljava.lang.Class;@149b4d20,null), ([Ljava.lang.Class;@664e848c,null), ([Ljava.lang.Class;@4d93f75b,null), ([Ljava.lang.Class;@114a5e0,null), ([Ljava.lang.Class;@4f281aaf,null), ([Ljava.lang.Class;@5d508d22,null), ([Ljava.lang.Class;@f2b90fc,null)]}, RegistrationBlock{begin=51, types=[([Ljava.lang.Class;@6a4d6abc,null)]}]}
10:08:11.431 [raft-server-2-state] TRACE io.atomix.utils.serializer.Namespace - class [B registered as 16
10:08:11.431 [raft-server-2-state] TRACE io.atomix.utils.serializer.Namespace - class java.util.concurrent.atomic.AtomicBoolean registered as 17
10:08:11.431 [raft-server-2-state] TRACE io.atomix.utils.serializer.Namespace - class java.util.concurrent.atomic.AtomicInteger registered as 18
10:08:11.432 [raft-server-2-state] TRACE io.atomix.utils.serializer.Namespace - class java.util.concurrent.atomic.AtomicLong registered as 19
10:08:11.432 [raft-server-2-state] TRACE io.atomix.utils.serializer.Namespace - class com.google.common.collect.ImmutableList registered as 20
10:08:11.432 [raft-server-2-state] TRACE io.atomix.utils.serializer.Namespace - class com.google.common.collect.RegularImmutableList registered as 20
10:08:11.432 [raft-server-2-state] TRACE io.atomix.utils.serializer.Namespace - class com.google.common.collect.RegularImmutableList registered as 20
10:08:11.432 [raft-server-2-state] TRACE io.atomix.utils.serializer.Namespace - class com.google.common.collect.ImmutableList$SubList registered as 20
10:08:11.432 [raft-server-2-state] TRACE io.atomix.utils.serializer.Namespace - class com.google.common.collect.ImmutableSet registered as 21
10:08:11.432 [raft-server-2-state] TRACE io.atomix.utils.serializer.Namespace - class com.google.common.collect.RegularImmutableSet registered as 21
10:08:11.432 [raft-server-2-state] TRACE io.atomix.utils.serializer.Namespace - class com.google.common.collect.SingletonImmutableSet registered as 21
10:08:11.432 [raft-server-2-state] TRACE io.atomix.utils.serializer.Namespace - class com.google.common.collect.RegularImmutableSet registered as 21
10:08:11.432 [raft-server-2-state] TRACE io.atomix.utils.serializer.Namespace - class com.google.common.collect.ImmutableMap registered as 22
10:08:11.432 [raft-server-2-state] TRACE io.atomix.utils.serializer.Namespace - class com.google.common.collect.RegularImmutableMap registered as 22
10:08:11.432 [raft-server-2-state] TRACE io.atomix.utils.serializer.Namespace - class com.google.common.collect.RegularImmutableMap registered as 22
10:08:11.432 [raft-server-2-state] TRACE io.atomix.utils.serializer.Namespace - class com.google.common.collect.RegularImmutableMap registered as 22
10:08:11.432 [raft-server-2-state] TRACE io.atomix.utils.serializer.Namespace - class java.util.Collections$UnmodifiableSet registered as 23
10:08:11.432 [raft-server-2-state] TRACE io.atomix.utils.serializer.Namespace - class java.util.HashMap registered as 24
10:08:11.432 [raft-server-2-state] TRACE io.atomix.utils.serializer.Namespace - class java.util.concurrent.ConcurrentHashMap registered as 25
10:08:11.432 [raft-server-2-state] TRACE io.atomix.utils.serializer.Namespace - class java.util.concurrent.CopyOnWriteArraySet registered as 26
10:08:11.432 [raft-server-2-state] TRACE io.atomix.utils.serializer.Namespace - class java.util.ArrayList registered as 27
10:08:11.432 [raft-server-2-state] TRACE io.atomix.utils.serializer.Namespace - class java.util.LinkedList registered as 28
10:08:11.432 [raft-server-2-state] TRACE io.atomix.utils.serializer.Namespace - class java.util.HashSet registered as 29
10:08:11.432 [raft-server-2-state] TRACE io.atomix.utils.serializer.Namespace - class java.util.LinkedHashSet registered as 30
10:08:11.432 [raft-server-2-state] TRACE io.atomix.utils.serializer.Namespace - class java.util.ArrayDeque registered as 31
10:08:11.432 [raft-server-2-state] TRACE io.atomix.utils.serializer.Namespace - class com.google.common.collect.HashMultiset registered as 32
10:08:11.432 [raft-server-2-state] TRACE io.atomix.utils.serializer.Namespace - class com.google.common.collect.Sets registered as 33
10:08:11.432 [raft-server-2-state] TRACE io.atomix.utils.serializer.Namespace - class com.google.common.collect.ImmutableEntry registered as 34
10:08:11.432 [raft-server-2-state] TRACE io.atomix.utils.serializer.Namespace - class java.util.Arrays$ArrayList registered as 35
10:08:11.432 [raft-server-2-state] TRACE io.atomix.utils.serializer.Namespace - class java.util.Collections$SingletonList registered as 36
10:08:11.432 [raft-server-2-state] TRACE io.atomix.utils.serializer.Namespace - class java.time.Duration registered as 37
10:08:11.432 [raft-server-2-state] TRACE io.atomix.utils.serializer.Namespace - class java.util.Collections$EmptySet registered as 38
10:08:11.432 [raft-server-2-state] TRACE io.atomix.utils.serializer.Namespace - class java.util.Optional registered as 39
10:08:11.432 [raft-server-2-state] TRACE io.atomix.utils.serializer.Namespace - class java.util.Collections$EmptyList registered as 40
10:08:11.432 [raft-server-2-state] TRACE io.atomix.utils.serializer.Namespace - class java.util.Collections$SingletonSet registered as 41
10:08:11.432 [raft-server-2-state] TRACE io.atomix.utils.serializer.Namespace - class [I registered as 42
10:08:11.433 [raft-server-2-state] TRACE io.atomix.utils.serializer.Namespace - class [J registered as 43
10:08:11.433 [raft-server-2-state] TRACE io.atomix.utils.serializer.Namespace - class [S registered as 44
10:08:11.433 [raft-server-2-state] TRACE io.atomix.utils.serializer.Namespace - class [D registered as 45
10:08:11.433 [raft-server-2-state] TRACE io.atomix.utils.serializer.Namespace - class [F registered as 46
10:08:11.433 [raft-server-2-state] TRACE io.atomix.utils.serializer.Namespace - class [C registered as 47
10:08:11.433 [raft-server-2-state] TRACE io.atomix.utils.serializer.Namespace - class [Ljava.lang.String; registered as 48
10:08:11.433 [raft-server-2-state] TRACE io.atomix.utils.serializer.Namespace - class [Z registered as 49
10:08:11.433 [raft-server-2-state] TRACE io.atomix.utils.serializer.Namespace - class [Ljava.lang.Object; registered as 50
10:08:11.433 [raft-server-2-state] TRACE io.atomix.utils.serializer.Namespace - class io.atomix.primitive.service.ServiceConfig registered as 51
10:08:11.433 [raft-server-2-compaction] DEBUG i.a.p.r.s.snapshot.SnapshotStore - Created disk snapshot: FileSnapshot{index=60}
10:08:11.546 [raft-server-1] TRACE i.a.p.raft.roles.LeaderAppender - RaftServer{1} - Sending AppendRequest{term=1, leader=1, prevLogIndex=61, prevLogTerm=1, entries=0, commitIndex=61} to 3
10:08:11.546 [raft-server-1] TRACE i.a.p.raft.roles.LeaderAppender - RaftServer{1} - Received AppendResponse{status=OK, term=1, succeeded=true, lastLogIndex=61} from 2
10:08:11.546 [raft-server-3] TRACE i.a.p.raft.roles.FollowerRole - RaftServer{3}{role=FOLLOWER} - Received AppendRequest{term=1, leader=1, prevLogIndex=61, prevLogTerm=1, entries=0, commitIndex=61}
10:08:11.546 [raft-server-1] TRACE i.a.p.raft.roles.LeaderAppender - RaftServer{1} - Sending AppendRequest{term=1, leader=1, prevLogIndex=61, prevLogTerm=1, entries=0, commitIndex=61} to 2
10:08:11.546 [raft-server-2] TRACE i.a.p.raft.roles.FollowerRole - RaftServer{2}{role=FOLLOWER} - Received AppendRequest{term=1, leader=1, prevLogIndex=61, prevLogTerm=1, entries=0, commitIndex=61}
10:08:11.546 [raft-server-1-state] TRACE i.a.p.raft.impl.RaftServiceManager - RaftServer{1} - Applying Indexed{index=61, entry=CommandEntry{term=1, timestamp=2018-06-11 10:08:10,912, session=2, sequence=52, operation=PrimitiveOperation{id=DefaultOperationId{id=write, type=COMMAND}, value=byte[]{length=17, hash=1297078671}}}}
10:08:11.546 [raft-server-1-state] TRACE i.a.p.s.impl.DefaultServiceExecutor - PrimitiveService{2}{type=io.atomix.protocols.raft.RaftTest$TestPrimitiveType@5051ea1e, name=raft-test} - Executing DefaultCommit{index=61, session=RaftSession{RaftServiceContext{server=1, type=io.atomix.protocols.raft.RaftTest$TestPrimitiveType@5051ea1e, name=raft-test, id=2}, session=2, timestamp=2018-06-11 10:08:10,912}, time=2018-06-11 10:08:10,912, operation=DefaultOperationId{id=write, type=COMMAND}, value=byte[]{length=17, hash=1297078671}}
10:08:11.547 [raft-server-1-state] TRACE i.a.protocols.raft.roles.LeaderRole - RaftServer{1}{role=LEADER} - Sending CommandResponse{status=OK, index=61, eventIndex=2, result=byte[]{length=2, hash=1362}}
10:08:11.547 [raft-client-995c025b-ba21-4dd3-828a-0c3e52b0447e-1] TRACE i.a.p.r.s.impl.RaftSessionConnection - SessionClient{2}{type=io.atomix.protocols.raft.RaftTest$TestPrimitiveType@6b321262, name=raft-test} - Received CommandResponse{status=OK, index=61, eventIndex=2, result=byte[]{length=2, hash=1362}} from 1
10:08:11.547 [raft-client-995c025b-ba21-4dd3-828a-0c3e52b0447e-1] TRACE i.a.p.r.s.impl.RaftSessionSequencer - SessionClient{2}{type=io.atomix.protocols.raft.RaftTest$TestPrimitiveType@6b321262, name=raft-test} - Completing response CommandResponse{status=OK, index=61, eventIndex=2, result=byte[]{length=2, hash=1362}}
10:08:11.547 [raft-client-995c025b-ba21-4dd3-828a-0c3e52b0447e-2] TRACE i.a.p.r.s.impl.RaftSessionConnection - SessionClient{2}{type=io.atomix.protocols.raft.RaftTest$TestPrimitiveType@6b321262, name=raft-test} - Sending CommandRequest{session=2, sequence=53, operation=PrimitiveOperation{id=DefaultOperationId{id=write, type=COMMAND}, value=byte[]{length=17, hash=1297078671}}} to 1
10:08:11.547 [raft-server-1] TRACE i.a.protocols.raft.roles.LeaderRole - RaftServer{1}{role=LEADER} - Received CommandRequest{session=2, sequence=53, operation=PrimitiveOperation{id=DefaultOperationId{id=write, type=COMMAND}, value=byte[]{length=17, hash=1297078671}}}
10:08:11.547 [raft-server-1] TRACE i.a.protocols.raft.roles.LeaderRole - RaftServer{1}{role=LEADER} - Appended Indexed{index=62, entry=CommandEntry{term=1, timestamp=2018-06-11 10:08:11,547, session=2, sequence=53, operation=PrimitiveOperation{id=DefaultOperationId{id=write, type=COMMAND}, value=byte[]{length=17, hash=1297078671}}}}
10:08:11.636 [raft-server-2] TRACE i.a.p.raft.roles.FollowerRole - RaftServer{2}{role=FOLLOWER} - Committed entries up to index 61
10:08:11.636 [raft-server-3] TRACE i.a.p.raft.roles.FollowerRole - RaftServer{3}{role=FOLLOWER} - Committed entries up to index 61
10:08:11.636 [raft-server-2] TRACE i.a.p.raft.roles.FollowerRole - RaftServer{2}{role=FOLLOWER} - Sending AppendResponse{status=OK, term=1, succeeded=true, lastLogIndex=61}
10:08:11.636 [raft-server-3] TRACE i.a.p.raft.roles.FollowerRole - RaftServer{3}{role=FOLLOWER} - Sending AppendResponse{status=OK, term=1, succeeded=true, lastLogIndex=61}
10:08:11.636 [raft-server-1] TRACE i.a.p.raft.roles.LeaderAppender - RaftServer{1} - Received AppendResponse{status=OK, term=1, succeeded=true, lastLogIndex=61} from 2
10:08:11.637 [raft-server-1] TRACE i.a.p.raft.roles.LeaderAppender - RaftServer{1} - Sending AppendRequest{term=1, leader=1, prevLogIndex=61, prevLogTerm=1, entries=1, commitIndex=61} to 2
10:08:11.637 [raft-server-2-state] TRACE i.a.p.raft.impl.RaftServiceManager - RaftServer{2} - Applying Indexed{index=61, entry=CommandEntry{term=1, timestamp=2018-06-11 10:08:10,912, session=2, sequence=52, operation=PrimitiveOperation{id=DefaultOperationId{id=write, type=COMMAND}, value=byte[]{length=17, hash=1297078671}}}}
10:08:11.637 [raft-server-2] TRACE i.a.p.raft.roles.FollowerRole - RaftServer{2}{role=FOLLOWER} - Received AppendRequest{term=1, leader=1, prevLogIndex=61, prevLogTerm=1, entries=1, commitIndex=61}
10:08:11.637 [raft-server-1] TRACE i.a.p.raft.roles.LeaderAppender - RaftServer{1} - Sending AppendRequest{term=1, leader=1, prevLogIndex=61, prevLogTerm=1, entries=1, commitIndex=61} to 3
10:08:11.637 [raft-server-2-state] TRACE i.a.p.s.impl.DefaultServiceExecutor - PrimitiveService{2}{type=io.atomix.protocols.raft.RaftTest$TestPrimitiveType@25c42b8f, name=raft-test} - Executing DefaultCommit{index=61, session=RaftSession{RaftServiceContext{server=2, type=io.atomix.protocols.raft.RaftTest$TestPrimitiveType@25c42b8f, name=raft-test, id=2}, session=2, timestamp=2018-06-11 10:08:10,912}, time=2018-06-11 10:08:10,912, operation=DefaultOperationId{id=write, type=COMMAND}, value=byte[]{length=17, hash=1297078671}}
10:08:11.637 [raft-server-1] TRACE i.a.p.raft.roles.LeaderAppender - RaftServer{1} - Received AppendResponse{status=OK, term=1, succeeded=true, lastLogIndex=61} from 3
10:08:11.637 [raft-server-2] TRACE i.a.p.raft.roles.FollowerRole - RaftServer{2}{role=FOLLOWER} - Appended Indexed{index=62, entry=CommandEntry{term=1, timestamp=2018-06-11 10:08:11,547, session=2, sequence=53, operation=PrimitiveOperation{id=DefaultOperationId{id=write, type=COMMAND}, value=byte[]{length=17, hash=1297078671}}}}
10:08:11.637 [raft-server-2] TRACE i.a.p.raft.roles.FollowerRole - RaftServer{2}{role=FOLLOWER} - Sending AppendResponse{status=OK, term=1, succeeded=true, lastLogIndex=62}
10:08:11.637 [raft-server-3] DEBUG i.a.p.raft.impl.RaftServiceManager - RaftServer{3} - Snapshotting services
10:08:11.637 [raft-server-1] TRACE i.a.p.raft.roles.LeaderAppender - RaftServer{1} - Received AppendResponse{status=OK, term=1, succeeded=true, lastLogIndex=62} from 2
10:08:11.637 [raft-server-1] TRACE i.a.p.raft.roles.LeaderAppender - RaftServer{1} - Committed entries up to 62
10:08:11.637 [raft-server-3] TRACE i.a.p.raft.roles.FollowerRole - RaftServer{3}{role=FOLLOWER} - Received AppendRequest{term=1, leader=1, prevLogIndex=61, prevLogTerm=1, entries=1, commitIndex=61}
10:08:11.637 [raft-server-3-state] DEBUG i.a.p.r.s.snapshot.SnapshotStore - Created memory snapshot: MemorySnapshot{index=60}
10:08:11.637 [raft-server-3] TRACE i.a.p.raft.roles.FollowerRole - RaftServer{3}{role=FOLLOWER} - Appended Indexed{index=62, entry=CommandEntry{term=1, timestamp=2018-06-11 10:08:11,547, session=2, sequence=53, operation=PrimitiveOperation{id=DefaultOperationId{id=write, type=COMMAND}, value=byte[]{length=17, hash=1297078671}}}}
10:08:11.637 [raft-server-3] TRACE i.a.p.raft.roles.FollowerRole - RaftServer{3}{role=FOLLOWER} - Sending AppendResponse{status=OK, term=1, succeeded=true, lastLogIndex=62}
10:08:11.637 [raft-server-3-state] TRACE io.atomix.utils.serializer.Namespace - Creating Kryo instance for Namespace{registeredBlocks=[RegistrationBlock{begin=16, types=[([Ljava.lang.Class;@68b11545,null), ([Ljava.lang.Class;@7d0100ea,null), ([Ljava.lang.Class;@357bc488,null), ([Ljava.lang.Class;@4ea17147,null), ([Ljava.lang.Class;@2eda4eeb,io.atomix.utils.serializer.serializers.ImmutableListSerializer@5ba90d8a), ([Ljava.lang.Class;@309dcdf3,io.atomix.utils.serializer.serializers.ImmutableSetSerializer@7573b9ee), ([Ljava.lang.Class;@9a20cbd,io.atomix.utils.serializer.serializers.ImmutableMapSerializer@1af4955e), ([Ljava.lang.Class;@445821a6,null), ([Ljava.lang.Class;@2c0c4c0a,null), ([Ljava.lang.Class;@35d26ad2,null), ([Ljava.lang.Class;@bb25753,null), ([Ljava.lang.Class;@ee21292,null), ([Ljava.lang.Class;@40c06358,null), ([Ljava.lang.Class;@66e21568,null), ([Ljava.lang.Class;@7f73ce28,null), ([Ljava.lang.Class;@611b35d6,null), ([Ljava.lang.Class;@2282400e,null), ([Ljava.lang.Class;@543d5863,null), ([Ljava.lang.Class;@35dece42,null), ([Ljava.lang.Class;@dd3f8aa,io.atomix.utils.serializer.serializers.ArraysAsListSerializer@3d615b2e), ([Ljava.lang.Class;@3a1f2a1,null), ([Ljava.lang.Class;@40ce9049,null), ([Ljava.lang.Class;@52ca2652,null), ([Ljava.lang.Class;@65c5bf0e,null), ([Ljava.lang.Class;@697d6ded,null), ([Ljava.lang.Class;@5d05f453,null), ([Ljava.lang.Class;@5efeb117,null), ([Ljava.lang.Class;@160b4809,null), ([Ljava.lang.Class;@149b4d20,null), ([Ljava.lang.Class;@664e848c,null), ([Ljava.lang.Class;@4d93f75b,null), ([Ljava.lang.Class;@114a5e0,null), ([Ljava.lang.Class;@4f281aaf,null), ([Ljava.lang.Class;@5d508d22,null), ([Ljava.lang.Class;@f2b90fc,null)]}, RegistrationBlock{begin=51, types=[([Ljava.lang.Class;@5de557ae,null)]}]}
10:08:11.637 [raft-server-3-state] TRACE io.atomix.utils.serializer.Namespace - class [B registered as 16
10:08:11.638 [raft-server-3-state] TRACE io.atomix.utils.serializer.Namespace - class java.util.concurrent.atomic.AtomicBoolean registered as 17
10:08:11.638 [raft-server-3-state] TRACE io.atomix.utils.serializer.Namespace - class java.util.concurrent.atomic.AtomicInteger registered as 18
10:08:11.638 [raft-server-3-state] TRACE io.atomix.utils.serializer.Namespace - class java.util.concurrent.atomic.AtomicLong registered as 19
10:08:11.638 [raft-server-3-state] TRACE io.atomix.utils.serializer.Namespace - class com.google.common.collect.ImmutableList registered as 20
10:08:11.638 [raft-server-3-state] TRACE io.atomix.utils.serializer.Namespace - class com.google.common.collect.RegularImmutableList registered as 20
10:08:11.638 [raft-server-3-state] TRACE io.atomix.utils.serializer.Namespace - class com.google.common.collect.RegularImmutableList registered as 20
10:08:11.638 [raft-server-3-state] TRACE io.atomix.utils.serializer.Namespace - class com.google.common.collect.ImmutableList$SubList registered as 20
10:08:11.638 [raft-server-3-state] TRACE io.atomix.utils.serializer.Namespace - class com.google.common.collect.ImmutableSet registered as 21
10:08:11.638 [raft-server-3-state] TRACE io.atomix.utils.serializer.Namespace - class com.google.common.collect.RegularImmutableSet registered as 21
10:08:11.638 [raft-server-3-state] TRACE io.atomix.utils.serializer.Namespace - class com.google.common.collect.SingletonImmutableSet registered as 21
10:08:11.638 [raft-server-3-state] TRACE io.atomix.utils.serializer.Namespace - class com.google.common.collect.RegularImmutableSet registered as 21
10:08:11.638 [raft-server-3-state] TRACE io.atomix.utils.serializer.Namespace - class com.google.common.collect.ImmutableMap registered as 22
10:08:11.638 [raft-server-3-state] TRACE io.atomix.utils.serializer.Namespace - class com.google.common.collect.RegularImmutableMap registered as 22
10:08:11.638 [raft-server-3-state] TRACE io.atomix.utils.serializer.Namespace - class com.google.common.collect.RegularImmutableMap registered as 22
10:08:11.638 [raft-server-3-state] TRACE io.atomix.utils.serializer.Namespace - class com.google.common.collect.RegularImmutableMap registered as 22
10:08:11.638 [raft-server-3-state] TRACE io.atomix.utils.serializer.Namespace - class java.util.Collections$UnmodifiableSet registered as 23
10:08:11.638 [raft-server-3-state] TRACE io.atomix.utils.serializer.Namespace - class java.util.HashMap registered as 24
10:08:11.638 [raft-server-3-state] TRACE io.atomix.utils.serializer.Namespace - class java.util.concurrent.ConcurrentHashMap registered as 25
10:08:11.638 [raft-server-3-state] TRACE io.atomix.utils.serializer.Namespace - class java.util.concurrent.CopyOnWriteArraySet registered as 26
10:08:11.638 [raft-server-3-state] TRACE io.atomix.utils.serializer.Namespace - class java.util.ArrayList registered as 27
10:08:11.638 [raft-server-3-state] TRACE io.atomix.utils.serializer.Namespace - class java.util.LinkedList registered as 28
10:08:11.638 [raft-server-3-state] TRACE io.atomix.utils.serializer.Namespace - class java.util.HashSet registered as 29
10:08:11.638 [raft-server-3-state] TRACE io.atomix.utils.serializer.Namespace - class java.util.LinkedHashSet registered as 30
10:08:11.638 [raft-server-3-state] TRACE io.atomix.utils.serializer.Namespace - class java.util.ArrayDeque registered as 31
10:08:11.638 [raft-server-3-state] TRACE io.atomix.utils.serializer.Namespace - class com.google.common.collect.HashMultiset registered as 32
10:08:11.638 [raft-server-3-state] TRACE io.atomix.utils.serializer.Namespace - class com.google.common.collect.Sets registered as 33
10:08:11.638 [raft-server-3-state] TRACE io.atomix.utils.serializer.Namespace - class com.google.common.collect.ImmutableEntry registered as 34
10:08:11.638 [raft-server-3-state] TRACE io.atomix.utils.serializer.Namespace - class java.util.Arrays$ArrayList registered as 35
10:08:11.638 [raft-server-3-state] TRACE io.atomix.utils.serializer.Namespace - class java.util.Collections$SingletonList registered as 36
10:08:11.638 [raft-server-3-state] TRACE io.atomix.utils.serializer.Namespace - class java.time.Duration registered as 37
10:08:11.638 [raft-server-3-state] TRACE io.atomix.utils.serializer.Namespace - class java.util.Collections$EmptySet registered as 38
10:08:11.638 [raft-server-3-state] TRACE io.atomix.utils.serializer.Namespace - class java.util.Optional registered as 39
10:08:11.638 [raft-server-3-state] TRACE io.atomix.utils.serializer.Namespace - class java.util.Collections$EmptyList registered as 40
10:08:11.638 [raft-server-3-state] TRACE io.atomix.utils.serializer.Namespace - class java.util.Collections$SingletonSet registered as 41
10:08:11.639 [raft-server-3-state] TRACE io.atomix.utils.serializer.Namespace - class [I registered as 42
10:08:11.639 [raft-server-3-state] TRACE io.atomix.utils.serializer.Namespace - class [J registered as 43
10:08:11.639 [raft-server-3-state] TRACE io.atomix.utils.serializer.Namespace - class [S registered as 44
10:08:11.639 [raft-server-3-state] TRACE io.atomix.utils.serializer.Namespace - class [D registered as 45
10:08:11.639 [raft-server-3-state] TRACE io.atomix.utils.serializer.Namespace - class [F registered as 46
10:08:11.639 [raft-server-3-state] TRACE io.atomix.utils.serializer.Namespace - class [C registered as 47
10:08:11.639 [raft-server-3-state] TRACE io.atomix.utils.serializer.Namespace - class [Ljava.lang.String; registered as 48
10:08:11.639 [raft-server-3-state] TRACE io.atomix.utils.serializer.Namespace - class [Z registered as 49
10:08:11.639 [raft-server-3-state] TRACE io.atomix.utils.serializer.Namespace - class [Ljava.lang.Object; registered as 50
10:08:11.639 [raft-server-3-state] TRACE io.atomix.utils.serializer.Namespace - class io.atomix.primitive.service.ServiceConfig registered as 51
10:08:11.639 [raft-server-3-state] DEBUG i.a.p.r.service.RaftServiceContext - PrimitiveService{2}{type=io.atomix.protocols.raft.RaftTest$TestPrimitiveType@5b77a59f, name=raft-test} - Taking snapshot 60
10:08:11.639 [raft-server-3-state] TRACE io.atomix.utils.serializer.Namespace - Creating Kryo instance for Namespace{registeredBlocks=[RegistrationBlock{begin=16, types=[([Ljava.lang.Class;@68b11545,null), ([Ljava.lang.Class;@7d0100ea,null), ([Ljava.lang.Class;@357bc488,null), ([Ljava.lang.Class;@4ea17147,null), ([Ljava.lang.Class;@2eda4eeb,io.atomix.utils.serializer.serializers.ImmutableListSerializer@5ba90d8a), ([Ljava.lang.Class;@309dcdf3,io.atomix.utils.serializer.serializers.ImmutableSetSerializer@7573b9ee), ([Ljava.lang.Class;@9a20cbd,io.atomix.utils.serializer.serializers.ImmutableMapSerializer@1af4955e), ([Ljava.lang.Class;@445821a6,null), ([Ljava.lang.Class;@2c0c4c0a,null), ([Ljava.lang.Class;@35d26ad2,null), ([Ljava.lang.Class;@bb25753,null), ([Ljava.lang.Class;@ee21292,null), ([Ljava.lang.Class;@40c06358,null), ([Ljava.lang.Class;@66e21568,null), ([Ljava.lang.Class;@7f73ce28,null), ([Ljava.lang.Class;@611b35d6,null), ([Ljava.lang.Class;@2282400e,null), ([Ljava.lang.Class;@543d5863,null), ([Ljava.lang.Class;@35dece42,null), ([Ljava.lang.Class;@dd3f8aa,io.atomix.utils.serializer.serializers.ArraysAsListSerializer@3d615b2e), ([Ljava.lang.Class;@3a1f2a1,null), ([Ljava.lang.Class;@40ce9049,null), ([Ljava.lang.Class;@52ca2652,null), ([Ljava.lang.Class;@65c5bf0e,null), ([Ljava.lang.Class;@697d6ded,null), ([Ljava.lang.Class;@5d05f453,null), ([Ljava.lang.Class;@5efeb117,null), ([Ljava.lang.Class;@160b4809,null), ([Ljava.lang.Class;@149b4d20,null), ([Ljava.lang.Class;@664e848c,null), ([Ljava.lang.Class;@4d93f75b,null), ([Ljava.lang.Class;@114a5e0,null), ([Ljava.lang.Class;@4f281aaf,null), ([Ljava.lang.Class;@5d508d22,null), ([Ljava.lang.Class;@f2b90fc,null)]}, RegistrationBlock{begin=51, types=[([Ljava.lang.Class;@6c876fce,null)]}]}
10:08:11.639 [raft-server-3-state] TRACE io.atomix.utils.serializer.Namespace - class [B registered as 16
10:08:11.639 [raft-server-3-state] TRACE io.atomix.utils.serializer.Namespace - class java.util.concurrent.atomic.AtomicBoolean registered as 17
10:08:11.639 [raft-server-3-state] TRACE io.atomix.utils.serializer.Namespace - class java.util.concurrent.atomic.AtomicInteger registered as 18
10:08:11.639 [raft-server-3-state] TRACE io.atomix.utils.serializer.Namespace - class java.util.concurrent.atomic.AtomicLong registered as 19
10:08:11.639 [raft-server-3-state] TRACE io.atomix.utils.serializer.Namespace - class com.google.common.collect.ImmutableList registered as 20
10:08:11.639 [raft-server-3-state] TRACE io.atomix.utils.serializer.Namespace - class com.google.common.collect.RegularImmutableList registered as 20
10:08:11.639 [raft-server-3-state] TRACE io.atomix.utils.serializer.Namespace - class com.google.common.collect.RegularImmutableList registered as 20
10:08:11.639 [raft-server-3-state] TRACE io.atomix.utils.serializer.Namespace - class com.google.common.collect.ImmutableList$SubList registered as 20
10:08:11.639 [raft-server-3-state] TRACE io.atomix.utils.serializer.Namespace - class com.google.common.collect.ImmutableSet registered as 21
10:08:11.639 [raft-server-3-state] TRACE io.atomix.utils.serializer.Namespace - class com.google.common.collect.RegularImmutableSet registered as 21
10:08:11.640 [raft-server-3-state] TRACE io.atomix.utils.serializer.Namespace - class com.google.common.collect.SingletonImmutableSet registered as 21
10:08:11.640 [raft-server-3-state] TRACE io.atomix.utils.serializer.Namespace - class com.google.common.collect.RegularImmutableSet registered as 21
10:08:11.640 [raft-server-3-state] TRACE io.atomix.utils.serializer.Namespace - class com.google.common.collect.ImmutableMap registered as 22
10:08:11.640 [raft-server-3-state] TRACE io.atomix.utils.serializer.Namespace - class com.google.common.collect.RegularImmutableMap registered as 22
10:08:11.640 [raft-server-3-state] TRACE io.atomix.utils.serializer.Namespace - class com.google.common.collect.RegularImmutableMap registered as 22
10:08:11.640 [raft-server-3-state] TRACE io.atomix.utils.serializer.Namespace - class com.google.common.collect.RegularImmutableMap registered as 22
10:08:11.640 [raft-server-3-state] TRACE io.atomix.utils.serializer.Namespace - class java.util.Collections$UnmodifiableSet registered as 23
10:08:11.640 [raft-server-3-state] TRACE io.atomix.utils.serializer.Namespace - class java.util.HashMap registered as 24
10:08:11.640 [raft-server-3-state] TRACE io.atomix.utils.serializer.Namespace - class java.util.concurrent.ConcurrentHashMap registered as 25
10:08:11.640 [raft-server-3-state] TRACE io.atomix.utils.serializer.Namespace - class java.util.concurrent.CopyOnWriteArraySet registered as 26
10:08:11.640 [raft-server-3-state] TRACE io.atomix.utils.serializer.Namespace - class java.util.ArrayList registered as 27
10:08:11.640 [raft-server-3-state] TRACE io.atomix.utils.serializer.Namespace - class java.util.LinkedList registered as 28
10:08:11.640 [raft-server-3-state] TRACE io.atomix.utils.serializer.Namespace - class java.util.HashSet registered as 29
10:08:11.640 [raft-server-3-state] TRACE io.atomix.utils.serializer.Namespace - class java.util.LinkedHashSet registered as 30
10:08:11.640 [raft-server-3-state] TRACE io.atomix.utils.serializer.Namespace - class java.util.ArrayDeque registered as 31
10:08:11.640 [raft-server-3-state] TRACE io.atomix.utils.serializer.Namespace - class com.google.common.collect.HashMultiset registered as 32
10:08:11.640 [raft-server-3-state] TRACE io.atomix.utils.serializer.Namespace - class com.google.common.collect.Sets registered as 33
10:08:11.640 [raft-server-3-state] TRACE io.atomix.utils.serializer.Namespace - class com.google.common.collect.ImmutableEntry registered as 34
10:08:11.640 [raft-server-3-state] TRACE io.atomix.utils.serializer.Namespace - class java.util.Arrays$ArrayList registered as 35
10:08:11.640 [raft-server-3-state] TRACE io.atomix.utils.serializer.Namespace - class java.util.Collections$SingletonList registered as 36
10:08:11.640 [raft-server-3-state] TRACE io.atomix.utils.serializer.Namespace - class java.time.Duration registered as 37
10:08:11.640 [raft-server-3-state] TRACE io.atomix.utils.serializer.Namespace - class java.util.Collections$EmptySet registered as 38
10:08:11.640 [raft-server-3-state] TRACE io.atomix.utils.serializer.Namespace - class java.util.Optional registered as 39
10:08:11.640 [raft-server-3-state] TRACE io.atomix.utils.serializer.Namespace - class java.util.Collections$EmptyList registered as 40
10:08:11.640 [raft-server-3-state] TRACE io.atomix.utils.serializer.Namespace - class java.util.Collections$SingletonSet registered as 41
10:08:11.640 [raft-server-3-state] TRACE io.atomix.utils.serializer.Namespace - class [I registered as 42
10:08:11.640 [raft-server-3-state] TRACE io.atomix.utils.serializer.Namespace - class [J registered as 43
10:08:11.641 [raft-server-3-state] TRACE io.atomix.utils.serializer.Namespace - class [S registered as 44
10:08:11.641 [raft-server-3-state] TRACE io.atomix.utils.serializer.Namespace - class [D registered as 45
10:08:11.641 [raft-server-3-state] TRACE io.atomix.utils.serializer.Namespace - class [F registered as 46
10:08:11.641 [raft-server-3-state] TRACE io.atomix.utils.serializer.Namespace - class [C registered as 47
10:08:11.641 [raft-server-3-state] TRACE io.atomix.utils.serializer.Namespace - class [Ljava.lang.String; registered as 48
10:08:11.641 [raft-server-3-state] TRACE io.atomix.utils.serializer.Namespace - class [Z registered as 49
10:08:11.641 [raft-server-3-state] TRACE io.atomix.utils.serializer.Namespace - class [Ljava.lang.Object; registered as 50
10:08:11.641 [raft-server-3-state] TRACE io.atomix.utils.serializer.Namespace - class io.atomix.primitive.service.ServiceConfig registered as 51
10:08:11.641 [raft-server-3-state] TRACE i.a.p.raft.impl.RaftServiceManager - RaftServer{3} - Applying Indexed{index=61, entry=CommandEntry{term=1, timestamp=2018-06-11 10:08:10,912, session=2, sequence=52, operation=PrimitiveOperation{id=DefaultOperationId{id=write, type=COMMAND}, value=byte[]{length=17, hash=1297078671}}}}
10:08:11.641 [raft-server-3-state] TRACE i.a.p.s.impl.DefaultServiceExecutor - PrimitiveService{2}{type=io.atomix.protocols.raft.RaftTest$TestPrimitiveType@5b77a59f, name=raft-test} - Executing DefaultCommit{index=61, session=RaftSession{RaftServiceContext{server=3, type=io.atomix.protocols.raft.RaftTest$TestPrimitiveType@5b77a59f, name=raft-test, id=2}, session=2, timestamp=2018-06-11 10:08:10,912}, time=2018-06-11 10:08:10,912, operation=DefaultOperationId{id=write, type=COMMAND}, value=byte[]{length=17, hash=1297078671}}
10:08:11.641 [raft-server-3-compaction] DEBUG i.a.p.r.s.snapshot.SnapshotStore - Created disk snapshot: FileSnapshot{index=60}
10:08:11.664 [raft-server-1] TRACE i.a.p.raft.roles.LeaderAppender - RaftServer{1} - Received AppendResponse{status=OK, term=1, succeeded=true, lastLogIndex=62} from 3
10:08:11.664 [raft-server-1-state] TRACE i.a.p.raft.impl.RaftServiceManager - RaftServer{1} - Applying Indexed{index=62, entry=CommandEntry{term=1, timestamp=2018-06-11 10:08:11,547, session=2, sequence=53, operation=PrimitiveOperation{id=DefaultOperationId{id=write, type=COMMAND}, value=byte[]{length=17, hash=1297078671}}}}
10:08:11.664 [raft-server-1-state] TRACE i.a.p.s.impl.DefaultServiceExecutor - PrimitiveService{2}{type=io.atomix.protocols.raft.RaftTest$TestPrimitiveType@5051ea1e, name=raft-test} - Executing DefaultCommit{index=62, session=RaftSession{RaftServiceContext{server=1, type=io.atomix.protocols.raft.RaftTest$TestPrimitiveType@5051ea1e, name=raft-test, id=2}, session=2, timestamp=2018-06-11 10:08:11,547}, time=2018-06-11 10:08:11,547, operation=DefaultOperationId{id=write, type=COMMAND}, value=byte[]{length=17, hash=1297078671}}
10:08:11.664 [raft-server-1-state] TRACE i.a.protocols.raft.roles.LeaderRole - RaftServer{1}{role=LEADER} - Sending CommandResponse{status=OK, index=62, eventIndex=2, result=byte[]{length=2, hash=1364}}
10:08:11.664 [raft-client-995c025b-ba21-4dd3-828a-0c3e52b0447e-0] TRACE i.a.p.r.s.impl.RaftSessionConnection - SessionClient{2}{type=io.atomix.protocols.raft.RaftTest$TestPrimitiveType@6b321262, name=raft-test} - Received CommandResponse{status=OK, index=62, eventIndex=2, result=byte[]{length=2, hash=1364}} from 1
10:08:11.664 [raft-client-995c025b-ba21-4dd3-828a-0c3e52b0447e-0] TRACE i.a.p.r.s.impl.RaftSessionSequencer - SessionClient{2}{type=io.atomix.protocols.raft.RaftTest$TestPrimitiveType@6b321262, name=raft-test} - Completing response CommandResponse{status=OK, index=62, eventIndex=2, result=byte[]{length=2, hash=1364}}
10:08:11.665 [raft-client-995c025b-ba21-4dd3-828a-0c3e52b0447e-0] TRACE i.a.p.r.s.impl.RaftSessionConnection - SessionClient{2}{type=io.atomix.protocols.raft.RaftTest$TestPrimitiveType@6b321262, name=raft-test} - Sending CommandRequest{session=2, sequence=54, operation=PrimitiveOperation{id=DefaultOperationId{id=write, type=COMMAND}, value=byte[]{length=17, hash=1297078671}}} to 1
10:08:11.665 [raft-server-1] TRACE i.a.protocols.raft.roles.LeaderRole - RaftServer{1}{role=LEADER} - Received CommandRequest{session=2, sequence=54, operation=PrimitiveOperation{id=DefaultOperationId{id=write, type=COMMAND}, value=byte[]{length=17, hash=1297078671}}}
10:08:11.665 [raft-server-1] TRACE i.a.protocols.raft.roles.LeaderRole - RaftServer{1}{role=LEADER} - Appended Indexed{index=63, entry=CommandEntry{term=1, timestamp=2018-06-11 10:08:11,665, session=2, sequence=54, operation=PrimitiveOperation{id=DefaultOperationId{id=write, type=COMMAND}, value=byte[]{length=17, hash=1297078671}}}}
10:08:11.665 [raft-server-1] TRACE i.a.p.raft.roles.LeaderAppender - RaftServer{1} - Sending AppendRequest{term=1, leader=1, prevLogIndex=62, prevLogTerm=1, entries=1, commitIndex=62} to 2
10:08:11.665 [raft-server-1] TRACE i.a.p.raft.roles.LeaderAppender - RaftServer{1} - Sending AppendRequest{term=1, leader=1, prevLogIndex=62, prevLogTerm=1, entries=1, commitIndex=62} to 3
10:08:11.665 [raft-server-3] TRACE i.a.p.raft.roles.FollowerRole - RaftServer{3}{role=FOLLOWER} - Received AppendRequest{term=1, leader=1, prevLogIndex=62, prevLogTerm=1, entries=1, commitIndex=62}
10:08:11.665 [raft-server-2] TRACE i.a.p.raft.roles.FollowerRole - RaftServer{2}{role=FOLLOWER} - Received AppendRequest{term=1, leader=1, prevLogIndex=62, prevLogTerm=1, entries=1, commitIndex=62}
10:08:11.665 [raft-server-3] TRACE i.a.p.raft.roles.FollowerRole - RaftServer{3}{role=FOLLOWER} - Appended Indexed{index=63, entry=CommandEntry{term=1, timestamp=2018-06-11 10:08:11,665, session=2, sequence=54, operation=PrimitiveOperation{id=DefaultOperationId{id=write, type=COMMAND}, value=byte[]{length=17, hash=1297078671}}}}
10:08:11.665 [raft-server-2] TRACE i.a.p.raft.roles.FollowerRole - RaftServer{2}{role=FOLLOWER} - Appended Indexed{index=63, entry=CommandEntry{term=1, timestamp=2018-06-11 10:08:11,665, session=2, sequence=54, operation=PrimitiveOperation{id=DefaultOperationId{id=write, type=COMMAND}, value=byte[]{length=17, hash=1297078671}}}}
10:08:11.720 [raft-server-3] TRACE i.a.p.raft.roles.FollowerRole - RaftServer{3}{role=FOLLOWER} - Committed entries up to index 62
10:08:11.720 [raft-server-3] TRACE i.a.p.raft.roles.FollowerRole - RaftServer{3}{role=FOLLOWER} - Sending AppendResponse{status=OK, term=1, succeeded=true, lastLogIndex=63}
10:08:11.720 [raft-server-1] TRACE i.a.p.raft.roles.LeaderAppender - RaftServer{1} - Received AppendResponse{status=OK, term=1, succeeded=true, lastLogIndex=63} from 3
10:08:11.720 [raft-server-2] TRACE i.a.p.raft.roles.FollowerRole - RaftServer{2}{role=FOLLOWER} - Committed entries up to index 62
10:08:11.720 [raft-server-1] TRACE i.a.p.raft.roles.LeaderAppender - RaftServer{1} - Committed entries up to 63
10:08:11.720 [raft-server-2] TRACE i.a.p.raft.roles.FollowerRole - RaftServer{2}{role=FOLLOWER} - Sending AppendResponse{status=OK, term=1, succeeded=true, lastLogIndex=63}
10:08:11.720 [raft-server-3-state] TRACE i.a.p.raft.impl.RaftServiceManager - RaftServer{3} - Applying Indexed{index=62, entry=CommandEntry{term=1, timestamp=2018-06-11 10:08:11,547, session=2, sequence=53, operation=PrimitiveOperation{id=DefaultOperationId{id=write, type=COMMAND}, value=byte[]{length=17, hash=1297078671}}}}
10:08:11.720 [raft-server-2-state] TRACE i.a.p.raft.impl.RaftServiceManager - RaftServer{2} - Applying Indexed{index=62, entry=CommandEntry{term=1, timestamp=2018-06-11 10:08:11,547, session=2, sequence=53, operation=PrimitiveOperation{id=DefaultOperationId{id=write, type=COMMAND}, value=byte[]{length=17, hash=1297078671}}}}
10:08:11.720 [raft-server-3-state] TRACE i.a.p.s.impl.DefaultServiceExecutor - PrimitiveService{2}{type=io.atomix.protocols.raft.RaftTest$TestPrimitiveType@5b77a59f, name=raft-test} - Executing DefaultCommit{index=62, session=RaftSession{RaftServiceContext{server=3, type=io.atomix.protocols.raft.RaftTest$TestPrimitiveType@5b77a59f, name=raft-test, id=2}, session=2, timestamp=2018-06-11 10:08:11,547}, time=2018-06-11 10:08:11,547, operation=DefaultOperationId{id=write, type=COMMAND}, value=byte[]{length=17, hash=1297078671}}
10:08:11.720 [raft-server-2-state] TRACE i.a.p.s.impl.DefaultServiceExecutor - PrimitiveService{2}{type=io.atomix.protocols.raft.RaftTest$TestPrimitiveType@25c42b8f, name=raft-test} - Executing DefaultCommit{index=62, session=RaftSession{RaftServiceContext{server=2, type=io.atomix.protocols.raft.RaftTest$TestPrimitiveType@25c42b8f, name=raft-test, id=2}, session=2, timestamp=2018-06-11 10:08:11,547}, time=2018-06-11 10:08:11,547, operation=DefaultOperationId{id=write, type=COMMAND}, value=byte[]{length=17, hash=1297078671}}
10:08:11.764 [raft-server-1] TRACE i.a.p.raft.roles.LeaderAppender - RaftServer{1} - Received AppendResponse{status=OK, term=1, succeeded=true, lastLogIndex=63} from 2
10:08:11.764 [raft-server-1-state] TRACE i.a.p.raft.impl.RaftServiceManager - RaftServer{1} - Applying Indexed{index=63, entry=CommandEntry{term=1, timestamp=2018-06-11 10:08:11,665, session=2, sequence=54, operation=PrimitiveOperation{id=DefaultOperationId{id=write, type=COMMAND}, value=byte[]{length=17, hash=1297078671}}}}
10:08:11.764 [raft-server-1-state] TRACE i.a.p.s.impl.DefaultServiceExecutor - PrimitiveService{2}{type=io.atomix.protocols.raft.RaftTest$TestPrimitiveType@5051ea1e, name=raft-test} - Executing DefaultCommit{index=63, session=RaftSession{RaftServiceContext{server=1, type=io.atomix.protocols.raft.RaftTest$TestPrimitiveType@5051ea1e, name=raft-test, id=2}, session=2, timestamp=2018-06-11 10:08:11,665}, time=2018-06-11 10:08:11,665, operation=DefaultOperationId{id=write, type=COMMAND}, value=byte[]{length=17, hash=1297078671}}
10:08:11.764 [raft-server-1-state] TRACE i.a.protocols.raft.roles.LeaderRole - RaftServer{1}{role=LEADER} - Sending CommandResponse{status=OK, index=63, eventIndex=2, result=byte[]{length=2, hash=1366}}
10:08:11.764 [raft-client-995c025b-ba21-4dd3-828a-0c3e52b0447e-5] TRACE i.a.p.r.s.impl.RaftSessionConnection - SessionClient{2}{type=io.atomix.protocols.raft.RaftTest$TestPrimitiveType@6b321262, name=raft-test} - Received CommandResponse{status=OK, index=63, eventIndex=2, result=byte[]{length=2, hash=1366}} from 1
10:08:11.764 [raft-client-995c025b-ba21-4dd3-828a-0c3e52b0447e-5] TRACE i.a.p.r.s.impl.RaftSessionSequencer - SessionClient{2}{type=io.atomix.protocols.raft.RaftTest$TestPrimitiveType@6b321262, name=raft-test} - Completing response CommandResponse{status=OK, index=63, eventIndex=2, result=byte[]{length=2, hash=1366}}
10:08:11.764 [raft-client-995c025b-ba21-4dd3-828a-0c3e52b0447e-4] TRACE i.a.p.r.s.impl.RaftSessionConnection - SessionClient{2}{type=io.atomix.protocols.raft.RaftTest$TestPrimitiveType@6b321262, name=raft-test} - Sending CommandRequest{session=2, sequence=55, operation=PrimitiveOperation{id=DefaultOperationId{id=write, type=COMMAND}, value=byte[]{length=17, hash=1297078671}}} to 1
10:08:11.765 [raft-server-1] TRACE i.a.protocols.raft.roles.LeaderRole - RaftServer{1}{role=LEADER} - Received CommandRequest{session=2, sequence=55, operation=PrimitiveOperation{id=DefaultOperationId{id=write, type=COMMAND}, value=byte[]{length=17, hash=1297078671}}}
10:08:11.765 [raft-server-1] TRACE i.a.protocols.raft.roles.LeaderRole - RaftServer{1}{role=LEADER} - Appended Indexed{index=64, entry=CommandEntry{term=1, timestamp=2018-06-11 10:08:11,765, session=2, sequence=55, operation=PrimitiveOperation{id=DefaultOperationId{id=write, type=COMMAND}, value=byte[]{length=17, hash=1297078671}}}}
10:08:11.765 [raft-server-1] TRACE i.a.p.raft.roles.LeaderAppender - RaftServer{1} - Sending AppendRequest{term=1, leader=1, prevLogIndex=63, prevLogTerm=1, entries=1, commitIndex=63} to 2
10:08:11.765 [raft-server-1] TRACE i.a.p.raft.roles.LeaderAppender - RaftServer{1} - Sending AppendRequest{term=1, leader=1, prevLogIndex=63, prevLogTerm=1, entries=1, commitIndex=63} to 3
10:08:11.765 [raft-server-3] TRACE i.a.p.raft.roles.FollowerRole - RaftServer{3}{role=FOLLOWER} - Received AppendRequest{term=1, leader=1, prevLogIndex=63, prevLogTerm=1, entries=1, commitIndex=63}
10:08:11.765 [raft-server-2] TRACE i.a.p.raft.roles.FollowerRole - RaftServer{2}{role=FOLLOWER} - Received AppendRequest{term=1, leader=1, prevLogIndex=63, prevLogTerm=1, entries=1, commitIndex=63}
10:08:11.765 [raft-server-3] TRACE i.a.p.raft.roles.FollowerRole - RaftServer{3}{role=FOLLOWER} - Appended Indexed{index=64, entry=CommandEntry{term=1, timestamp=2018-06-11 10:08:11,765, session=2, sequence=55, operation=PrimitiveOperation{id=DefaultOperationId{id=write, type=COMMAND}, value=byte[]{length=17, hash=1297078671}}}}
10:08:11.765 [raft-server-2] TRACE i.a.p.raft.roles.FollowerRole - RaftServer{2}{role=FOLLOWER} - Appended Indexed{index=64, entry=CommandEntry{term=1, timestamp=2018-06-11 10:08:11,765, session=2, sequence=55, operation=PrimitiveOperation{id=DefaultOperationId{id=write, type=COMMAND}, value=byte[]{length=17, hash=1297078671}}}}
10:08:11.811 [raft-server-2] TRACE i.a.p.raft.roles.FollowerRole - RaftServer{2}{role=FOLLOWER} - Committed entries up to index 63
10:08:11.811 [raft-server-2] TRACE i.a.p.raft.roles.FollowerRole - RaftServer{2}{role=FOLLOWER} - Sending AppendResponse{status=OK, term=1, succeeded=true, lastLogIndex=64}
10:08:11.811 [raft-server-3] TRACE i.a.p.raft.roles.FollowerRole - RaftServer{3}{role=FOLLOWER} - Committed entries up to index 63
10:08:11.811 [raft-server-3] TRACE i.a.p.raft.roles.FollowerRole - RaftServer{3}{role=FOLLOWER} - Sending AppendResponse{status=OK, term=1, succeeded=true, lastLogIndex=64}
10:08:11.811 [raft-server-1] TRACE i.a.p.raft.roles.LeaderAppender - RaftServer{1} - Received AppendResponse{status=OK, term=1, succeeded=true, lastLogIndex=64} from 2
10:08:11.811 [raft-server-1] TRACE i.a.p.raft.roles.LeaderAppender - RaftServer{1} - Committed entries up to 64
10:08:11.811 [raft-server-2-state] TRACE i.a.p.raft.impl.RaftServiceManager - RaftServer{2} - Applying Indexed{index=63, entry=CommandEntry{term=1, timestamp=2018-06-11 10:08:11,665, session=2, sequence=54, operation=PrimitiveOperation{id=DefaultOperationId{id=write, type=COMMAND}, value=byte[]{length=17, hash=1297078671}}}}
10:08:11.812 [raft-server-3-state] TRACE i.a.p.raft.impl.RaftServiceManager - RaftServer{3} - Applying Indexed{index=63, entry=CommandEntry{term=1, timestamp=2018-06-11 10:08:11,665, session=2, sequence=54, operation=PrimitiveOperation{id=DefaultOperationId{id=write, type=COMMAND}, value=byte[]{length=17, hash=1297078671}}}}
10:08:11.812 [raft-server-2-state] TRACE i.a.p.s.impl.DefaultServiceExecutor - PrimitiveService{2}{type=io.atomix.protocols.raft.RaftTest$TestPrimitiveType@25c42b8f, name=raft-test} - Executing DefaultCommit{index=63, session=RaftSession{RaftServiceContext{server=2, type=io.atomix.protocols.raft.RaftTest$TestPrimitiveType@25c42b8f, name=raft-test, id=2}, session=2, timestamp=2018-06-11 10:08:11,665}, time=2018-06-11 10:08:11,665, operation=DefaultOperationId{id=write, type=COMMAND}, value=byte[]{length=17, hash=1297078671}}
10:08:11.812 [raft-server-3-state] TRACE i.a.p.s.impl.DefaultServiceExecutor - PrimitiveService{2}{type=io.atomix.protocols.raft.RaftTest$TestPrimitiveType@5b77a59f, name=raft-test} - Executing DefaultCommit{index=63, session=RaftSession{RaftServiceContext{server=3, type=io.atomix.protocols.raft.RaftTest$TestPrimitiveType@5b77a59f, name=raft-test, id=2}, session=2, timestamp=2018-06-11 10:08:11,665}, time=2018-06-11 10:08:11,665, operation=DefaultOperationId{id=write, type=COMMAND}, value=byte[]{length=17, hash=1297078671}}
10:08:11.845 [raft-server-1] TRACE i.a.p.raft.roles.LeaderAppender - RaftServer{1} - Received AppendResponse{status=OK, term=1, succeeded=true, lastLogIndex=64} from 3
10:08:11.845 [raft-server-1] TRACE i.a.p.raft.roles.LeaderAppender - RaftServer{1} - Sending AppendRequest{term=1, leader=1, prevLogIndex=64, prevLogTerm=1, entries=0, commitIndex=64} to 2
10:08:11.845 [raft-server-1] TRACE i.a.p.raft.roles.LeaderAppender - RaftServer{1} - Sending AppendRequest{term=1, leader=1, prevLogIndex=64, prevLogTerm=1, entries=0, commitIndex=64} to 3
10:08:11.845 [raft-server-2] TRACE i.a.p.raft.roles.FollowerRole - RaftServer{2}{role=FOLLOWER} - Received AppendRequest{term=1, leader=1, prevLogIndex=64, prevLogTerm=1, entries=0, commitIndex=64}
10:08:11.845 [raft-server-3] TRACE i.a.p.raft.roles.FollowerRole - RaftServer{3}{role=FOLLOWER} - Received AppendRequest{term=1, leader=1, prevLogIndex=64, prevLogTerm=1, entries=0, commitIndex=64}
10:08:11.845 [raft-server-1-state] TRACE i.a.p.raft.impl.RaftServiceManager - RaftServer{1} - Applying Indexed{index=64, entry=CommandEntry{term=1, timestamp=2018-06-11 10:08:11,765, session=2, sequence=55, operation=PrimitiveOperation{id=DefaultOperationId{id=write, type=COMMAND}, value=byte[]{length=17, hash=1297078671}}}}
10:08:11.845 [raft-server-1-state] TRACE i.a.p.s.impl.DefaultServiceExecutor - PrimitiveService{2}{type=io.atomix.protocols.raft.RaftTest$TestPrimitiveType@5051ea1e, name=raft-test} - Executing DefaultCommit{index=64, session=RaftSession{RaftServiceContext{server=1, type=io.atomix.protocols.raft.RaftTest$TestPrimitiveType@5051ea1e, name=raft-test, id=2}, session=2, timestamp=2018-06-11 10:08:11,765}, time=2018-06-11 10:08:11,765, operation=DefaultOperationId{id=write, type=COMMAND}, value=byte[]{length=17, hash=1297078671}}
10:08:11.845 [raft-server-1-state] TRACE i.a.protocols.raft.roles.LeaderRole - RaftServer{1}{role=LEADER} - Sending CommandResponse{status=OK, index=64, eventIndex=2, result=byte[]{length=3, hash=34473}}
10:08:11.845 [raft-client-995c025b-ba21-4dd3-828a-0c3e52b0447e-1] TRACE i.a.p.r.s.impl.RaftSessionConnection - SessionClient{2}{type=io.atomix.protocols.raft.RaftTest$TestPrimitiveType@6b321262, name=raft-test} - Received CommandResponse{status=OK, index=64, eventIndex=2, result=byte[]{length=3, hash=34473}} from 1
10:08:11.845 [raft-client-995c025b-ba21-4dd3-828a-0c3e52b0447e-1] TRACE i.a.p.r.s.impl.RaftSessionSequencer - SessionClient{2}{type=io.atomix.protocols.raft.RaftTest$TestPrimitiveType@6b321262, name=raft-test} - Completing response CommandResponse{status=OK, index=64, eventIndex=2, result=byte[]{length=3, hash=34473}}
10:08:11.846 [raft-client-995c025b-ba21-4dd3-828a-0c3e52b0447e-7] TRACE i.a.p.r.s.impl.RaftSessionConnection - SessionClient{2}{type=io.atomix.protocols.raft.RaftTest$TestPrimitiveType@6b321262, name=raft-test} - Sending CommandRequest{session=2, sequence=56, operation=PrimitiveOperation{id=DefaultOperationId{id=write, type=COMMAND}, value=byte[]{length=17, hash=1297078671}}} to 1
10:08:11.846 [raft-server-1] TRACE i.a.protocols.raft.roles.LeaderRole - RaftServer{1}{role=LEADER} - Received CommandRequest{session=2, sequence=56, operation=PrimitiveOperation{id=DefaultOperationId{id=write, type=COMMAND}, value=byte[]{length=17, hash=1297078671}}}
10:08:11.846 [raft-server-1] TRACE i.a.protocols.raft.roles.LeaderRole - RaftServer{1}{role=LEADER} - Appended Indexed{index=65, entry=CommandEntry{term=1, timestamp=2018-06-11 10:08:11,846, session=2, sequence=56, operation=PrimitiveOperation{id=DefaultOperationId{id=write, type=COMMAND}, value=byte[]{length=17, hash=1297078671}}}}
10:08:11.864 [raft-server-2] TRACE i.a.p.raft.roles.FollowerRole - RaftServer{2}{role=FOLLOWER} - Committed entries up to index 64
10:08:11.864 [raft-server-2] TRACE i.a.p.raft.roles.FollowerRole - RaftServer{2}{role=FOLLOWER} - Sending AppendResponse{status=OK, term=1, succeeded=true, lastLogIndex=64}
10:08:11.864 [raft-server-1] TRACE i.a.p.raft.roles.LeaderAppender - RaftServer{1} - Received AppendResponse{status=OK, term=1, succeeded=true, lastLogIndex=64} from 2
10:08:11.864 [raft-server-2-state] TRACE i.a.p.raft.impl.RaftServiceManager - RaftServer{2} - Applying Indexed{index=64, entry=CommandEntry{term=1, timestamp=2018-06-11 10:08:11,765, session=2, sequence=55, operation=PrimitiveOperation{id=DefaultOperationId{id=write, type=COMMAND}, value=byte[]{length=17, hash=1297078671}}}}
10:08:11.864 [raft-server-1] TRACE i.a.p.raft.roles.LeaderAppender - RaftServer{1} - Sending AppendRequest{term=1, leader=1, prevLogIndex=64, prevLogTerm=1, entries=1, commitIndex=64} to 2
10:08:11.864 [raft-server-2-state] TRACE i.a.p.s.impl.DefaultServiceExecutor - PrimitiveService{2}{type=io.atomix.protocols.raft.RaftTest$TestPrimitiveType@25c42b8f, name=raft-test} - Executing DefaultCommit{index=64, session=RaftSession{RaftServiceContext{server=2, type=io.atomix.protocols.raft.RaftTest$TestPrimitiveType@25c42b8f, name=raft-test, id=2}, session=2, timestamp=2018-06-11 10:08:11,765}, time=2018-06-11 10:08:11,765, operation=DefaultOperationId{id=write, type=COMMAND}, value=byte[]{length=17, hash=1297078671}}
10:08:11.864 [raft-server-2] TRACE i.a.p.raft.roles.FollowerRole - RaftServer{2}{role=FOLLOWER} - Received AppendRequest{term=1, leader=1, prevLogIndex=64, prevLogTerm=1, entries=1, commitIndex=64}
10:08:11.864 [raft-server-2] TRACE i.a.p.raft.roles.FollowerRole - RaftServer{2}{role=FOLLOWER} - Appended Indexed{index=65, entry=CommandEntry{term=1, timestamp=2018-06-11 10:08:11,846, session=2, sequence=56, operation=PrimitiveOperation{id=DefaultOperationId{id=write, type=COMMAND}, value=byte[]{length=17, hash=1297078671}}}}
10:08:11.864 [raft-server-2] TRACE i.a.p.raft.roles.FollowerRole - RaftServer{2}{role=FOLLOWER} - Sending AppendResponse{status=OK, term=1, succeeded=true, lastLogIndex=65}
10:08:11.864 [raft-server-1] TRACE i.a.p.raft.roles.LeaderAppender - RaftServer{1} - Received AppendResponse{status=OK, term=1, succeeded=true, lastLogIndex=65} from 2
10:08:11.864 [raft-server-1] TRACE i.a.p.raft.roles.LeaderAppender - RaftServer{1} - Committed entries up to 65
10:08:11.886 [raft-server-3] TRACE i.a.p.raft.roles.FollowerRole - RaftServer{3}{role=FOLLOWER} - Committed entries up to index 64
10:08:11.886 [raft-server-3] TRACE i.a.p.raft.roles.FollowerRole - RaftServer{3}{role=FOLLOWER} - Sending AppendResponse{status=OK, term=1, succeeded=true, lastLogIndex=64}
10:08:11.886 [raft-server-3-state] TRACE i.a.p.raft.impl.RaftServiceManager - RaftServer{3} - Applying Indexed{index=64, entry=CommandEntry{term=1, timestamp=2018-06-11 10:08:11,765, session=2, sequence=55, operation=PrimitiveOperation{id=DefaultOperationId{id=write, type=COMMAND}, value=byte[]{length=17, hash=1297078671}}}}
10:08:11.886 [raft-server-3-state] TRACE i.a.p.s.impl.DefaultServiceExecutor - PrimitiveService{2}{type=io.atomix.protocols.raft.RaftTest$TestPrimitiveType@5b77a59f, name=raft-test} - Executing DefaultCommit{index=64, session=RaftSession{RaftServiceContext{server=3, type=io.atomix.protocols.raft.RaftTest$TestPrimitiveType@5b77a59f, name=raft-test, id=2}, session=2, timestamp=2018-06-11 10:08:11,765}, time=2018-06-11 10:08:11,765, operation=DefaultOperationId{id=write, type=COMMAND}, value=byte[]{length=17, hash=1297078671}}
10:08:11.914 [raft-server-1] TRACE i.a.p.raft.roles.LeaderAppender - RaftServer{1} - Received AppendResponse{status=OK, term=1, succeeded=true, lastLogIndex=64} from 3
10:08:11.914 [raft-server-1] TRACE i.a.p.raft.roles.LeaderAppender - RaftServer{1} - Sending AppendRequest{term=1, leader=1, prevLogIndex=64, prevLogTerm=1, entries=1, commitIndex=65} to 3
10:08:11.914 [raft-server-3] TRACE i.a.p.raft.roles.FollowerRole - RaftServer{3}{role=FOLLOWER} - Received AppendRequest{term=1, leader=1, prevLogIndex=64, prevLogTerm=1, entries=1, commitIndex=65}
10:08:11.914 [raft-server-1-state] TRACE i.a.p.raft.impl.RaftServiceManager - RaftServer{1} - Applying Indexed{index=65, entry=CommandEntry{term=1, timestamp=2018-06-11 10:08:11,846, session=2, sequence=56, operation=PrimitiveOperation{id=DefaultOperationId{id=write, type=COMMAND}, value=byte[]{length=17, hash=1297078671}}}}
10:08:11.914 [raft-server-3] TRACE i.a.p.raft.roles.FollowerRole - RaftServer{3}{role=FOLLOWER} - Appended Indexed{index=65, entry=CommandEntry{term=1, timestamp=2018-06-11 10:08:11,846, session=2, sequence=56, operation=PrimitiveOperation{id=DefaultOperationId{id=write, type=COMMAND}, value=byte[]{length=17, hash=1297078671}}}}
10:08:11.914 [raft-server-1-state] TRACE i.a.p.s.impl.DefaultServiceExecutor - PrimitiveService{2}{type=io.atomix.protocols.raft.RaftTest$TestPrimitiveType@5051ea1e, name=raft-test} - Executing DefaultCommit{index=65, session=RaftSession{RaftServiceContext{server=1, type=io.atomix.protocols.raft.RaftTest$TestPrimitiveType@5051ea1e, name=raft-test, id=2}, session=2, timestamp=2018-06-11 10:08:11,846}, time=2018-06-11 10:08:11,846, operation=DefaultOperationId{id=write, type=COMMAND}, value=byte[]{length=17, hash=1297078671}}
10:08:11.914 [raft-server-1-state] TRACE i.a.protocols.raft.roles.LeaderRole - RaftServer{1}{role=LEADER} - Sending CommandResponse{status=OK, index=65, eventIndex=2, result=byte[]{length=3, hash=34535}}
10:08:11.914 [raft-client-995c025b-ba21-4dd3-828a-0c3e52b0447e-5] TRACE i.a.p.r.s.impl.RaftSessionConnection - SessionClient{2}{type=io.atomix.protocols.raft.RaftTest$TestPrimitiveType@6b321262, name=raft-test} - Received CommandResponse{status=OK, index=65, eventIndex=2, result=byte[]{length=3, hash=34535}} from 1
10:08:11.914 [raft-client-995c025b-ba21-4dd3-828a-0c3e52b0447e-5] TRACE i.a.p.r.s.impl.RaftSessionSequencer - SessionClient{2}{type=io.atomix.protocols.raft.RaftTest$TestPrimitiveType@6b321262, name=raft-test} - Completing response CommandResponse{status=OK, index=65, eventIndex=2, result=byte[]{length=3, hash=34535}}
10:08:11.914 [raft-client-995c025b-ba21-4dd3-828a-0c3e52b0447e-5] TRACE i.a.p.r.s.impl.RaftSessionConnection - SessionClient{2}{type=io.atomix.protocols.raft.RaftTest$TestPrimitiveType@6b321262, name=raft-test} - Sending CommandRequest{session=2, sequence=57, operation=PrimitiveOperation{id=DefaultOperationId{id=write, type=COMMAND}, value=byte[]{length=17, hash=1297078671}}} to 1
10:08:11.915 [raft-server-1] TRACE i.a.protocols.raft.roles.LeaderRole - RaftServer{1}{role=LEADER} - Received CommandRequest{session=2, sequence=57, operation=PrimitiveOperation{id=DefaultOperationId{id=write, type=COMMAND}, value=byte[]{length=17, hash=1297078671}}}
10:08:11.915 [raft-server-1] TRACE i.a.protocols.raft.roles.LeaderRole - RaftServer{1}{role=LEADER} - Appended Indexed{index=66, entry=CommandEntry{term=1, timestamp=2018-06-11 10:08:11,915, session=2, sequence=57, operation=PrimitiveOperation{id=DefaultOperationId{id=write, type=COMMAND}, value=byte[]{length=17, hash=1297078671}}}}
10:08:11.915 [raft-server-1] TRACE i.a.p.raft.roles.LeaderAppender - RaftServer{1} - Sending AppendRequest{term=1, leader=1, prevLogIndex=65, prevLogTerm=1, entries=1, commitIndex=65} to 2
10:08:11.915 [raft-server-2] TRACE i.a.p.raft.roles.FollowerRole - RaftServer{2}{role=FOLLOWER} - Received AppendRequest{term=1, leader=1, prevLogIndex=65, prevLogTerm=1, entries=1, commitIndex=65}
10:08:11.915 [raft-server-2] TRACE i.a.p.raft.roles.FollowerRole - RaftServer{2}{role=FOLLOWER} - Appended Indexed{index=66, entry=CommandEntry{term=1, timestamp=2018-06-11 10:08:11,915, session=2, sequence=57, operation=PrimitiveOperation{id=DefaultOperationId{id=write, type=COMMAND}, value=byte[]{length=17, hash=1297078671}}}}
10:08:11.939 [raft-server-3] TRACE i.a.p.raft.roles.FollowerRole - RaftServer{3}{role=FOLLOWER} - Committed entries up to index 65
10:08:11.939 [raft-server-3] TRACE i.a.p.raft.roles.FollowerRole - RaftServer{3}{role=FOLLOWER} - Sending AppendResponse{status=OK, term=1, succeeded=true, lastLogIndex=65}
10:08:11.939 [raft-server-1] TRACE i.a.p.raft.roles.LeaderAppender - RaftServer{1} - Received AppendResponse{status=OK, term=1, succeeded=true, lastLogIndex=65} from 3
10:08:11.939 [raft-server-1] TRACE i.a.p.raft.roles.LeaderAppender - RaftServer{1} - Sending AppendRequest{term=1, leader=1, prevLogIndex=65, prevLogTerm=1, entries=1, commitIndex=65} to 3
10:08:11.939 [raft-server-3] TRACE i.a.p.raft.roles.FollowerRole - RaftServer{3}{role=FOLLOWER} - Received AppendRequest{term=1, leader=1, prevLogIndex=65, prevLogTerm=1, entries=1, commitIndex=65}
10:08:11.939 [raft-server-3-state] TRACE i.a.p.raft.impl.RaftServiceManager - RaftServer{3} - Applying Indexed{index=65, entry=CommandEntry{term=1, timestamp=2018-06-11 10:08:11,846, session=2, sequence=56, operation=PrimitiveOperation{id=DefaultOperationId{id=write, type=COMMAND}, value=byte[]{length=17, hash=1297078671}}}}
10:08:11.940 [raft-server-3] TRACE i.a.p.raft.roles.FollowerRole - RaftServer{3}{role=FOLLOWER} - Appended Indexed{index=66, entry=CommandEntry{term=1, timestamp=2018-06-11 10:08:11,915, session=2, sequence=57, operation=PrimitiveOperation{id=DefaultOperationId{id=write, type=COMMAND}, value=byte[]{length=17, hash=1297078671}}}}
10:08:11.940 [raft-server-3-state] TRACE i.a.p.s.impl.DefaultServiceExecutor - PrimitiveService{2}{type=io.atomix.protocols.raft.RaftTest$TestPrimitiveType@5b77a59f, name=raft-test} - Executing DefaultCommit{index=65, session=RaftSession{RaftServiceContext{server=3, type=io.atomix.protocols.raft.RaftTest$TestPrimitiveType@5b77a59f, name=raft-test, id=2}, session=2, timestamp=2018-06-11 10:08:11,846}, time=2018-06-11 10:08:11,846, operation=DefaultOperationId{id=write, type=COMMAND}, value=byte[]{length=17, hash=1297078671}}
10:08:11.940 [raft-server-3] TRACE i.a.p.raft.roles.FollowerRole - RaftServer{3}{role=FOLLOWER} - Sending AppendResponse{status=OK, term=1, succeeded=true, lastLogIndex=66}
10:08:11.940 [raft-server-1] TRACE i.a.p.raft.roles.LeaderAppender - RaftServer{1} - Received AppendResponse{status=OK, term=1, succeeded=true, lastLogIndex=66} from 3
10:08:11.940 [raft-server-1] TRACE i.a.p.raft.roles.LeaderAppender - RaftServer{1} - Committed entries up to 66
10:08:11.970 [raft-server-2] TRACE i.a.p.raft.roles.FollowerRole - RaftServer{2}{role=FOLLOWER} - Committed entries up to index 65
10:08:11.970 [raft-server-2] TRACE i.a.p.raft.roles.FollowerRole - RaftServer{2}{role=FOLLOWER} - Sending AppendResponse{status=OK, term=1, succeeded=true, lastLogIndex=66}
10:08:11.970 [raft-server-2-state] TRACE i.a.p.raft.impl.RaftServiceManager - RaftServer{2} - Applying Indexed{index=65, entry=CommandEntry{term=1, timestamp=2018-06-11 10:08:11,846, session=2, sequence=56, operation=PrimitiveOperation{id=DefaultOperationId{id=write, type=COMMAND}, value=byte[]{length=17, hash=1297078671}}}}
10:08:11.970 [raft-server-2-state] TRACE i.a.p.s.impl.DefaultServiceExecutor - PrimitiveService{2}{type=io.atomix.protocols.raft.RaftTest$TestPrimitiveType@25c42b8f, name=raft-test} - Executing DefaultCommit{index=65, session=RaftSession{RaftServiceContext{server=2, type=io.atomix.protocols.raft.RaftTest$TestPrimitiveType@25c42b8f, name=raft-test, id=2}, session=2, timestamp=2018-06-11 10:08:11,846}, time=2018-06-11 10:08:11,846, operation=DefaultOperationId{id=write, type=COMMAND}, value=byte[]{length=17, hash=1297078671}}
10:08:11.995 [raft-server-1] TRACE i.a.p.raft.roles.LeaderAppender - RaftServer{1} - Received AppendResponse{status=OK, term=1, succeeded=true, lastLogIndex=66} from 2
10:08:11.995 [raft-server-1-state] TRACE i.a.p.raft.impl.RaftServiceManager - RaftServer{1} - Applying Indexed{index=66, entry=CommandEntry{term=1, timestamp=2018-06-11 10:08:11,915, session=2, sequence=57, operation=PrimitiveOperation{id=DefaultOperationId{id=write, type=COMMAND}, value=byte[]{length=17, hash=1297078671}}}}
10:08:11.995 [raft-server-1-state] TRACE i.a.p.s.impl.DefaultServiceExecutor - PrimitiveService{2}{type=io.atomix.protocols.raft.RaftTest$TestPrimitiveType@5051ea1e, name=raft-test} - Executing DefaultCommit{index=66, session=RaftSession{RaftServiceContext{server=1, type=io.atomix.protocols.raft.RaftTest$TestPrimitiveType@5051ea1e, name=raft-test, id=2}, session=2, timestamp=2018-06-11 10:08:11,915}, time=2018-06-11 10:08:11,915, operation=DefaultOperationId{id=write, type=COMMAND}, value=byte[]{length=17, hash=1297078671}}
10:08:11.995 [raft-server-1-state] TRACE i.a.protocols.raft.roles.LeaderRole - RaftServer{1}{role=LEADER} - Sending CommandResponse{status=OK, index=66, eventIndex=2, result=byte[]{length=3, hash=34597}}
10:08:11.995 [raft-client-995c025b-ba21-4dd3-828a-0c3e52b0447e-6] TRACE i.a.p.r.s.impl.RaftSessionConnection - SessionClient{2}{type=io.atomix.protocols.raft.RaftTest$TestPrimitiveType@6b321262, name=raft-test} - Received CommandResponse{status=OK, index=66, eventIndex=2, result=byte[]{length=3, hash=34597}} from 1
10:08:11.995 [raft-client-995c025b-ba21-4dd3-828a-0c3e52b0447e-6] TRACE i.a.p.r.s.impl.RaftSessionSequencer - SessionClient{2}{type=io.atomix.protocols.raft.RaftTest$TestPrimitiveType@6b321262, name=raft-test} - Completing response CommandResponse{status=OK, index=66, eventIndex=2, result=byte[]{length=3, hash=34597}}
10:08:11.995 [raft-client-995c025b-ba21-4dd3-828a-0c3e52b0447e-6] TRACE i.a.p.r.s.impl.RaftSessionConnection - SessionClient{2}{type=io.atomix.protocols.raft.RaftTest$TestPrimitiveType@6b321262, name=raft-test} - Sending CommandRequest{session=2, sequence=58, operation=PrimitiveOperation{id=DefaultOperationId{id=write, type=COMMAND}, value=byte[]{length=17, hash=1297078671}}} to 1
10:08:11.995 [raft-server-1] TRACE i.a.protocols.raft.roles.LeaderRole - RaftServer{1}{role=LEADER} - Received CommandRequest{session=2, sequence=58, operation=PrimitiveOperation{id=DefaultOperationId{id=write, type=COMMAND}, value=byte[]{length=17, hash=1297078671}}}
10:08:11.996 [raft-server-1] TRACE i.a.protocols.raft.roles.LeaderRole - RaftServer{1}{role=LEADER} - Appended Indexed{index=67, entry=CommandEntry{term=1, timestamp=2018-06-11 10:08:11,996, session=2, sequence=58, operation=PrimitiveOperation{id=DefaultOperationId{id=write, type=COMMAND}, value=byte[]{length=17, hash=1297078671}}}}
10:08:11.996 [raft-server-1] TRACE i.a.p.raft.roles.LeaderAppender - RaftServer{1} - Sending AppendRequest{term=1, leader=1, prevLogIndex=66, prevLogTerm=1, entries=1, commitIndex=66} to 2
10:08:11.996 [raft-server-2] TRACE i.a.p.raft.roles.FollowerRole - RaftServer{2}{role=FOLLOWER} - Received AppendRequest{term=1, leader=1, prevLogIndex=66, prevLogTerm=1, entries=1, commitIndex=66}
10:08:11.996 [raft-server-1] TRACE i.a.p.raft.roles.LeaderAppender - RaftServer{1} - Sending AppendRequest{term=1, leader=1, prevLogIndex=66, prevLogTerm=1, entries=1, commitIndex=66} to 3
10:08:11.996 [raft-server-3] TRACE i.a.p.raft.roles.FollowerRole - RaftServer{3}{role=FOLLOWER} - Received AppendRequest{term=1, leader=1, prevLogIndex=66, prevLogTerm=1, entries=1, commitIndex=66}
10:08:11.996 [raft-server-2] TRACE i.a.p.raft.roles.FollowerRole - RaftServer{2}{role=FOLLOWER} - Appended Indexed{index=67, entry=CommandEntry{term=1, timestamp=2018-06-11 10:08:11,996, session=2, sequence=58, operation=PrimitiveOperation{id=DefaultOperationId{id=write, type=COMMAND}, value=byte[]{length=17, hash=1297078671}}}}
10:08:11.996 [raft-server-3] TRACE i.a.p.raft.roles.FollowerRole - RaftServer{3}{role=FOLLOWER} - Appended Indexed{index=67, entry=CommandEntry{term=1, timestamp=2018-06-11 10:08:11,996, session=2, sequence=58, operation=PrimitiveOperation{id=DefaultOperationId{id=write, type=COMMAND}, value=byte[]{length=17, hash=1297078671}}}}
10:08:12.050 [raft-server-2] TRACE i.a.p.raft.roles.FollowerRole - RaftServer{2}{role=FOLLOWER} - Committed entries up to index 66
10:08:12.050 [raft-server-3] TRACE i.a.p.raft.roles.FollowerRole - RaftServer{3}{role=FOLLOWER} - Committed entries up to index 66
10:08:12.050 [raft-server-2] TRACE i.a.p.raft.roles.FollowerRole - RaftServer{2}{role=FOLLOWER} - Sending AppendResponse{status=OK, term=1, succeeded=true, lastLogIndex=67}
10:08:12.050 [raft-server-3] TRACE i.a.p.raft.roles.FollowerRole - RaftServer{3}{role=FOLLOWER} - Sending AppendResponse{status=OK, term=1, succeeded=true, lastLogIndex=67}
10:08:12.050 [raft-server-1] TRACE i.a.p.raft.roles.LeaderAppender - RaftServer{1} - Received AppendResponse{status=OK, term=1, succeeded=true, lastLogIndex=67} from 2
10:08:12.050 [raft-server-1] TRACE i.a.p.raft.roles.LeaderAppender - RaftServer{1} - Committed entries up to 67
10:08:12.050 [raft-server-2-state] TRACE i.a.p.raft.impl.RaftServiceManager - RaftServer{2} - Applying Indexed{index=66, entry=CommandEntry{term=1, timestamp=2018-06-11 10:08:11,915, session=2, sequence=57, operation=PrimitiveOperation{id=DefaultOperationId{id=write, type=COMMAND}, value=byte[]{length=17, hash=1297078671}}}}
10:08:12.050 [raft-server-2-state] TRACE i.a.p.s.impl.DefaultServiceExecutor - PrimitiveService{2}{type=io.atomix.protocols.raft.RaftTest$TestPrimitiveType@25c42b8f, name=raft-test} - Executing DefaultCommit{index=66, session=RaftSession{RaftServiceContext{server=2, type=io.atomix.protocols.raft.RaftTest$TestPrimitiveType@25c42b8f, name=raft-test, id=2}, session=2, timestamp=2018-06-11 10:08:11,915}, time=2018-06-11 10:08:11,915, operation=DefaultOperationId{id=write, type=COMMAND}, value=byte[]{length=17, hash=1297078671}}
10:08:12.050 [raft-server-3-state] TRACE i.a.p.raft.impl.RaftServiceManager - RaftServer{3} - Applying Indexed{index=66, entry=CommandEntry{term=1, timestamp=2018-06-11 10:08:11,915, session=2, sequence=57, operation=PrimitiveOperation{id=DefaultOperationId{id=write, type=COMMAND}, value=byte[]{length=17, hash=1297078671}}}}
10:08:12.051 [raft-server-3-state] TRACE i.a.p.s.impl.DefaultServiceExecutor - PrimitiveService{2}{type=io.atomix.protocols.raft.RaftTest$TestPrimitiveType@5b77a59f, name=raft-test} - Executing DefaultCommit{index=66, session=RaftSession{RaftServiceContext{server=3, type=io.atomix.protocols.raft.RaftTest$TestPrimitiveType@5b77a59f, name=raft-test, id=2}, session=2, timestamp=2018-06-11 10:08:11,915}, time=2018-06-11 10:08:11,915, operation=DefaultOperationId{id=write, type=COMMAND}, value=byte[]{length=17, hash=1297078671}}
10:08:12.112 [raft-server-1] TRACE i.a.p.raft.roles.LeaderAppender - RaftServer{1} - Received AppendResponse{status=OK, term=1, succeeded=true, lastLogIndex=67} from 3
10:08:12.112 [raft-server-1] TRACE i.a.p.raft.roles.LeaderAppender - RaftServer{1} - Sending AppendRequest{term=1, leader=1, prevLogIndex=67, prevLogTerm=1, entries=0, commitIndex=67} to 2
10:08:12.112 [raft-server-1] TRACE i.a.p.raft.roles.LeaderAppender - RaftServer{1} - Sending AppendRequest{term=1, leader=1, prevLogIndex=67, prevLogTerm=1, entries=0, commitIndex=67} to 3
10:08:12.112 [raft-server-1-state] TRACE i.a.p.raft.impl.RaftServiceManager - RaftServer{1} - Applying Indexed{index=67, entry=CommandEntry{term=1, timestamp=2018-06-11 10:08:11,996, session=2, sequence=58, operation=PrimitiveOperation{id=DefaultOperationId{id=write, type=COMMAND}, value=byte[]{length=17, hash=1297078671}}}}
10:08:12.112 [raft-server-1-state] TRACE i.a.p.s.impl.DefaultServiceExecutor - PrimitiveService{2}{type=io.atomix.protocols.raft.RaftTest$TestPrimitiveType@5051ea1e, name=raft-test} - Executing DefaultCommit{index=67, session=RaftSession{RaftServiceContext{server=1, type=io.atomix.protocols.raft.RaftTest$TestPrimitiveType@5051ea1e, name=raft-test, id=2}, session=2, timestamp=2018-06-11 10:08:11,996}, time=2018-06-11 10:08:11,996, operation=DefaultOperationId{id=write, type=COMMAND}, value=byte[]{length=17, hash=1297078671}}
10:08:12.113 [raft-server-2] TRACE i.a.p.raft.roles.FollowerRole - RaftServer{2}{role=FOLLOWER} - Received AppendRequest{term=1, leader=1, prevLogIndex=67, prevLogTerm=1, entries=0, commitIndex=67}
10:08:12.113 [raft-server-1-state] TRACE i.a.protocols.raft.roles.LeaderRole - RaftServer{1}{role=LEADER} - Sending CommandResponse{status=OK, index=67, eventIndex=2, result=byte[]{length=3, hash=34659}}
10:08:12.113 [raft-server-3] TRACE i.a.p.raft.roles.FollowerRole - RaftServer{3}{role=FOLLOWER} - Received AppendRequest{term=1, leader=1, prevLogIndex=67, prevLogTerm=1, entries=0, commitIndex=67}
10:08:12.113 [raft-client-995c025b-ba21-4dd3-828a-0c3e52b0447e-1] TRACE i.a.p.r.s.impl.RaftSessionConnection - SessionClient{2}{type=io.atomix.protocols.raft.RaftTest$TestPrimitiveType@6b321262, name=raft-test} - Received CommandResponse{status=OK, index=67, eventIndex=2, result=byte[]{length=3, hash=34659}} from 1
10:08:12.113 [raft-client-995c025b-ba21-4dd3-828a-0c3e52b0447e-1] TRACE i.a.p.r.s.impl.RaftSessionSequencer - SessionClient{2}{type=io.atomix.protocols.raft.RaftTest$TestPrimitiveType@6b321262, name=raft-test} - Completing response CommandResponse{status=OK, index=67, eventIndex=2, result=byte[]{length=3, hash=34659}}
10:08:12.113 [raft-client-995c025b-ba21-4dd3-828a-0c3e52b0447e-4] TRACE i.a.p.r.s.impl.RaftSessionConnection - SessionClient{2}{type=io.atomix.protocols.raft.RaftTest$TestPrimitiveType@6b321262, name=raft-test} - Sending CommandRequest{session=2, sequence=59, operation=PrimitiveOperation{id=DefaultOperationId{id=write, type=COMMAND}, value=byte[]{length=17, hash=1297078671}}} to 1
10:08:12.113 [raft-server-1] TRACE i.a.protocols.raft.roles.LeaderRole - RaftServer{1}{role=LEADER} - Received CommandRequest{session=2, sequence=59, operation=PrimitiveOperation{id=DefaultOperationId{id=write, type=COMMAND}, value=byte[]{length=17, hash=1297078671}}}
10:08:12.113 [raft-server-1] TRACE i.a.protocols.raft.roles.LeaderRole - RaftServer{1}{role=LEADER} - Appended Indexed{index=68, entry=CommandEntry{term=1, timestamp=2018-06-11 10:08:12,113, session=2, sequence=59, operation=PrimitiveOperation{id=DefaultOperationId{id=write, type=COMMAND}, value=byte[]{length=17, hash=1297078671}}}}
10:08:12.189 [raft-server-2] TRACE i.a.p.raft.roles.FollowerRole - RaftServer{2}{role=FOLLOWER} - Committed entries up to index 67
10:08:12.189 [raft-server-2] TRACE i.a.p.raft.roles.FollowerRole - RaftServer{2}{role=FOLLOWER} - Sending AppendResponse{status=OK, term=1, succeeded=true, lastLogIndex=67}
10:08:12.189 [raft-server-1] TRACE i.a.p.raft.roles.LeaderAppender - RaftServer{1} - Received AppendResponse{status=OK, term=1, succeeded=true, lastLogIndex=67} from 2
10:08:12.189 [raft-server-1] TRACE i.a.p.raft.roles.LeaderAppender - RaftServer{1} - Sending AppendRequest{term=1, leader=1, prevLogIndex=67, prevLogTerm=1, entries=1, commitIndex=67} to 2
10:08:12.189 [raft-server-1] TRACE i.a.p.raft.roles.LeaderAppender - RaftServer{1} - Sending AppendRequest{term=1, leader=1, prevLogIndex=67, prevLogTerm=1, entries=1, commitIndex=67} to 3
10:08:12.189 [raft-server-2-state] TRACE i.a.p.raft.impl.RaftServiceManager - RaftServer{2} - Applying Indexed{index=67, entry=CommandEntry{term=1, timestamp=2018-06-11 10:08:11,996, session=2, sequence=58, operation=PrimitiveOperation{id=DefaultOperationId{id=write, type=COMMAND}, value=byte[]{length=17, hash=1297078671}}}}
10:08:12.189 [raft-server-2] TRACE i.a.p.raft.roles.FollowerRole - RaftServer{2}{role=FOLLOWER} - Received AppendRequest{term=1, leader=1, prevLogIndex=67, prevLogTerm=1, entries=1, commitIndex=67}
10:08:12.189 [raft-server-2-state] TRACE i.a.p.s.impl.DefaultServiceExecutor - PrimitiveService{2}{type=io.atomix.protocols.raft.RaftTest$TestPrimitiveType@25c42b8f, name=raft-test} - Executing DefaultCommit{index=67, session=RaftSession{RaftServiceContext{server=2, type=io.atomix.protocols.raft.RaftTest$TestPrimitiveType@25c42b8f, name=raft-test, id=2}, session=2, timestamp=2018-06-11 10:08:11,996}, time=2018-06-11 10:08:11,996, operation=DefaultOperationId{id=write, type=COMMAND}, value=byte[]{length=17, hash=1297078671}}
10:08:12.189 [raft-server-2] TRACE i.a.p.raft.roles.FollowerRole - RaftServer{2}{role=FOLLOWER} - Appended Indexed{index=68, entry=CommandEntry{term=1, timestamp=2018-06-11 10:08:12,113, session=2, sequence=59, operation=PrimitiveOperation{id=DefaultOperationId{id=write, type=COMMAND}, value=byte[]{length=17, hash=1297078671}}}}
10:08:12.189 [raft-server-2] TRACE i.a.p.raft.roles.FollowerRole - RaftServer{2}{role=FOLLOWER} - Sending AppendResponse{status=OK, term=1, succeeded=true, lastLogIndex=68}
10:08:12.189 [raft-server-1] TRACE i.a.p.raft.roles.LeaderAppender - RaftServer{1} - Received AppendResponse{status=OK, term=1, succeeded=true, lastLogIndex=68} from 2
10:08:12.189 [raft-server-1] TRACE i.a.p.raft.roles.LeaderAppender - RaftServer{1} - Committed entries up to 68
10:08:12.253 [raft-server-3] TRACE i.a.p.raft.roles.FollowerRole - RaftServer{3}{role=FOLLOWER} - Committed entries up to index 67
10:08:12.253 [raft-server-3] TRACE i.a.p.raft.roles.FollowerRole - RaftServer{3}{role=FOLLOWER} - Sending AppendResponse{status=OK, term=1, succeeded=true, lastLogIndex=67}
10:08:12.253 [raft-server-3] TRACE i.a.p.raft.roles.FollowerRole - RaftServer{3}{role=FOLLOWER} - Received AppendRequest{term=1, leader=1, prevLogIndex=67, prevLogTerm=1, entries=1, commitIndex=67}
10:08:12.253 [raft-server-3] TRACE i.a.p.raft.roles.FollowerRole - RaftServer{3}{role=FOLLOWER} - Appended Indexed{index=68, entry=CommandEntry{term=1, timestamp=2018-06-11 10:08:12,113, session=2, sequence=59, operation=PrimitiveOperation{id=DefaultOperationId{id=write, type=COMMAND}, value=byte[]{length=17, hash=1297078671}}}}
10:08:12.253 [raft-server-3] TRACE i.a.p.raft.roles.FollowerRole - RaftServer{3}{role=FOLLOWER} - Sending AppendResponse{status=OK, term=1, succeeded=true, lastLogIndex=68}
10:08:12.253 [raft-server-3-state] TRACE i.a.p.raft.impl.RaftServiceManager - RaftServer{3} - Applying Indexed{index=67, entry=CommandEntry{term=1, timestamp=2018-06-11 10:08:11,996, session=2, sequence=58, operation=PrimitiveOperation{id=DefaultOperationId{id=write, type=COMMAND}, value=byte[]{length=17, hash=1297078671}}}}
10:08:12.254 [raft-server-3-state] TRACE i.a.p.s.impl.DefaultServiceExecutor - PrimitiveService{2}{type=io.atomix.protocols.raft.RaftTest$TestPrimitiveType@5b77a59f, name=raft-test} - Executing DefaultCommit{index=67, session=RaftSession{RaftServiceContext{server=3, type=io.atomix.protocols.raft.RaftTest$TestPrimitiveType@5b77a59f, name=raft-test, id=2}, session=2, timestamp=2018-06-11 10:08:11,996}, time=2018-06-11 10:08:11,996, operation=DefaultOperationId{id=write, type=COMMAND}, value=byte[]{length=17, hash=1297078671}}
10:08:12.295 [raft-server-1] TRACE i.a.p.raft.roles.LeaderAppender - RaftServer{1} - Received AppendResponse{status=OK, term=1, succeeded=true, lastLogIndex=67} from 3
10:08:12.295 [raft-server-1] TRACE i.a.p.raft.roles.LeaderAppender - RaftServer{1} - Received AppendResponse{status=OK, term=1, succeeded=true, lastLogIndex=68} from 3
10:08:12.295 [raft-server-1-state] TRACE i.a.p.raft.impl.RaftServiceManager - RaftServer{1} - Applying Indexed{index=68, entry=CommandEntry{term=1, timestamp=2018-06-11 10:08:12,113, session=2, sequence=59, operation=PrimitiveOperation{id=DefaultOperationId{id=write, type=COMMAND}, value=byte[]{length=17, hash=1297078671}}}}
10:08:12.295 [raft-server-1-state] TRACE i.a.p.s.impl.DefaultServiceExecutor - PrimitiveService{2}{type=io.atomix.protocols.raft.RaftTest$TestPrimitiveType@5051ea1e, name=raft-test} - Executing DefaultCommit{index=68, session=RaftSession{RaftServiceContext{server=1, type=io.atomix.protocols.raft.RaftTest$TestPrimitiveType@5051ea1e, name=raft-test, id=2}, session=2, timestamp=2018-06-11 10:08:12,113}, time=2018-06-11 10:08:12,113, operation=DefaultOperationId{id=write, type=COMMAND}, value=byte[]{length=17, hash=1297078671}}
10:08:12.295 [raft-server-1-state] TRACE i.a.protocols.raft.roles.LeaderRole - RaftServer{1}{role=LEADER} - Sending CommandResponse{status=OK, index=68, eventIndex=2, result=byte[]{length=3, hash=34721}}
10:08:12.295 [raft-client-995c025b-ba21-4dd3-828a-0c3e52b0447e-2] TRACE i.a.p.r.s.impl.RaftSessionConnection - SessionClient{2}{type=io.atomix.protocols.raft.RaftTest$TestPrimitiveType@6b321262, name=raft-test} - Received CommandResponse{status=OK, index=68, eventIndex=2, result=byte[]{length=3, hash=34721}} from 1
10:08:12.295 [raft-client-995c025b-ba21-4dd3-828a-0c3e52b0447e-2] TRACE i.a.p.r.s.impl.RaftSessionSequencer - SessionClient{2}{type=io.atomix.protocols.raft.RaftTest$TestPrimitiveType@6b321262, name=raft-test} - Completing response CommandResponse{status=OK, index=68, eventIndex=2, result=byte[]{length=3, hash=34721}}
10:08:12.296 [raft-client-995c025b-ba21-4dd3-828a-0c3e52b0447e-6] TRACE i.a.p.r.s.impl.RaftSessionConnection - SessionClient{2}{type=io.atomix.protocols.raft.RaftTest$TestPrimitiveType@6b321262, name=raft-test} - Sending CommandRequest{session=2, sequence=60, operation=PrimitiveOperation{id=DefaultOperationId{id=write, type=COMMAND}, value=byte[]{length=17, hash=1297078671}}} to 1
10:08:12.296 [raft-server-1] TRACE i.a.protocols.raft.roles.LeaderRole - RaftServer{1}{role=LEADER} - Received CommandRequest{session=2, sequence=60, operation=PrimitiveOperation{id=DefaultOperationId{id=write, type=COMMAND}, value=byte[]{length=17, hash=1297078671}}}
10:08:12.296 [raft-server-1] TRACE i.a.protocols.raft.roles.LeaderRole - RaftServer{1}{role=LEADER} - Appended Indexed{index=69, entry=CommandEntry{term=1, timestamp=2018-06-11 10:08:12,296, session=2, sequence=60, operation=PrimitiveOperation{id=DefaultOperationId{id=write, type=COMMAND}, value=byte[]{length=17, hash=1297078671}}}}
10:08:12.296 [raft-server-1] TRACE i.a.p.raft.roles.LeaderAppender - RaftServer{1} - Sending AppendRequest{term=1, leader=1, prevLogIndex=68, prevLogTerm=1, entries=1, commitIndex=68} to 2
10:08:12.296 [raft-server-1] TRACE i.a.p.raft.roles.LeaderAppender - RaftServer{1} - Sending AppendRequest{term=1, leader=1, prevLogIndex=68, prevLogTerm=1, entries=1, commitIndex=68} to 3
10:08:12.296 [raft-server-2] TRACE i.a.p.raft.roles.FollowerRole - RaftServer{2}{role=FOLLOWER} - Received AppendRequest{term=1, leader=1, prevLogIndex=68, prevLogTerm=1, entries=1, commitIndex=68}
10:08:12.296 [raft-server-3] TRACE i.a.p.raft.roles.FollowerRole - RaftServer{3}{role=FOLLOWER} - Received AppendRequest{term=1, leader=1, prevLogIndex=68, prevLogTerm=1, entries=1, commitIndex=68}
10:08:12.296 [raft-server-2] TRACE i.a.p.raft.roles.FollowerRole - RaftServer{2}{role=FOLLOWER} - Appended Indexed{index=69, entry=CommandEntry{term=1, timestamp=2018-06-11 10:08:12,296, session=2, sequence=60, operation=PrimitiveOperation{id=DefaultOperationId{id=write, type=COMMAND}, value=byte[]{length=17, hash=1297078671}}}}
10:08:12.296 [raft-server-3] TRACE i.a.p.raft.roles.FollowerRole - RaftServer{3}{role=FOLLOWER} - Appended Indexed{index=69, entry=CommandEntry{term=1, timestamp=2018-06-11 10:08:12,296, session=2, sequence=60, operation=PrimitiveOperation{id=DefaultOperationId{id=write, type=COMMAND}, value=byte[]{length=17, hash=1297078671}}}}
10:08:12.328 [raft-server-3] TRACE i.a.p.raft.roles.FollowerRole - RaftServer{3}{role=FOLLOWER} - Committed entries up to index 68
10:08:12.328 [raft-server-2] TRACE i.a.p.raft.roles.FollowerRole - RaftServer{2}{role=FOLLOWER} - Committed entries up to index 68
10:08:12.328 [raft-server-3] TRACE i.a.p.raft.roles.FollowerRole - RaftServer{3}{role=FOLLOWER} - Sending AppendResponse{status=OK, term=1, succeeded=true, lastLogIndex=69}
10:08:12.328 [raft-server-2] TRACE i.a.p.raft.roles.FollowerRole - RaftServer{2}{role=FOLLOWER} - Sending AppendResponse{status=OK, term=1, succeeded=true, lastLogIndex=69}
10:08:12.328 [raft-server-1] TRACE i.a.p.raft.roles.LeaderAppender - RaftServer{1} - Received AppendResponse{status=OK, term=1, succeeded=true, lastLogIndex=69} from 3
10:08:12.328 [raft-server-3-state] TRACE i.a.p.raft.impl.RaftServiceManager - RaftServer{3} - Applying Indexed{index=68, entry=CommandEntry{term=1, timestamp=2018-06-11 10:08:12,113, session=2, sequence=59, operation=PrimitiveOperation{id=DefaultOperationId{id=write, type=COMMAND}, value=byte[]{length=17, hash=1297078671}}}}
10:08:12.328 [raft-server-1] TRACE i.a.p.raft.roles.LeaderAppender - RaftServer{1} - Committed entries up to 69
10:08:12.328 [raft-server-2-state] TRACE i.a.p.raft.impl.RaftServiceManager - RaftServer{2} - Applying Indexed{index=68, entry=CommandEntry{term=1, timestamp=2018-06-11 10:08:12,113, session=2, sequence=59, operation=PrimitiveOperation{id=DefaultOperationId{id=write, type=COMMAND}, value=byte[]{length=17, hash=1297078671}}}}
10:08:12.328 [raft-server-3-state] TRACE i.a.p.s.impl.DefaultServiceExecutor - PrimitiveService{2}{type=io.atomix.protocols.raft.RaftTest$TestPrimitiveType@5b77a59f, name=raft-test} - Executing DefaultCommit{index=68, session=RaftSession{RaftServiceContext{server=3, type=io.atomix.protocols.raft.RaftTest$TestPrimitiveType@5b77a59f, name=raft-test, id=2}, session=2, timestamp=2018-06-11 10:08:12,113}, time=2018-06-11 10:08:12,113, operation=DefaultOperationId{id=write, type=COMMAND}, value=byte[]{length=17, hash=1297078671}}
10:08:12.328 [raft-server-2-state] TRACE i.a.p.s.impl.DefaultServiceExecutor - PrimitiveService{2}{type=io.atomix.protocols.raft.RaftTest$TestPrimitiveType@25c42b8f, name=raft-test} - Executing DefaultCommit{index=68, session=RaftSession{RaftServiceContext{server=2, type=io.atomix.protocols.raft.RaftTest$TestPrimitiveType@25c42b8f, name=raft-test, id=2}, session=2, timestamp=2018-06-11 10:08:12,113}, time=2018-06-11 10:08:12,113, operation=DefaultOperationId{id=write, type=COMMAND}, value=byte[]{length=17, hash=1297078671}}
10:08:12.355 [raft-server-1] TRACE i.a.p.raft.roles.LeaderAppender - RaftServer{1} - Sending AppendRequest{term=1, leader=1, prevLogIndex=69, prevLogTerm=1, entries=0, commitIndex=69} to 3
10:08:12.355 [raft-server-1] TRACE i.a.p.raft.roles.LeaderAppender - RaftServer{1} - Received AppendResponse{status=OK, term=1, succeeded=true, lastLogIndex=69} from 2
10:08:12.355 [raft-server-3] TRACE i.a.p.raft.roles.FollowerRole - RaftServer{3}{role=FOLLOWER} - Received AppendRequest{term=1, leader=1, prevLogIndex=69, prevLogTerm=1, entries=0, commitIndex=69}
10:08:12.355 [raft-server-1] TRACE i.a.p.raft.roles.LeaderAppender - RaftServer{1} - Sending AppendRequest{term=1, leader=1, prevLogIndex=69, prevLogTerm=1, entries=0, commitIndex=69} to 2
10:08:12.356 [raft-server-3] TRACE i.a.p.raft.roles.FollowerRole - RaftServer{3}{role=FOLLOWER} - Committed entries up to index 69
10:08:12.356 [raft-server-2] TRACE i.a.p.raft.roles.FollowerRole - RaftServer{2}{role=FOLLOWER} - Received AppendRequest{term=1, leader=1, prevLogIndex=69, prevLogTerm=1, entries=0, commitIndex=69}
10:08:12.356 [raft-server-3] TRACE i.a.p.raft.roles.FollowerRole - RaftServer{3}{role=FOLLOWER} - Sending AppendResponse{status=OK, term=1, succeeded=true, lastLogIndex=69}
10:08:12.356 [raft-server-1-state] TRACE i.a.p.raft.impl.RaftServiceManager - RaftServer{1} - Applying Indexed{index=69, entry=CommandEntry{term=1, timestamp=2018-06-11 10:08:12,296, session=2, sequence=60, operation=PrimitiveOperation{id=DefaultOperationId{id=write, type=COMMAND}, value=byte[]{length=17, hash=1297078671}}}}
10:08:12.356 [raft-server-1] TRACE i.a.p.raft.roles.LeaderAppender - RaftServer{1} - Received AppendResponse{status=OK, term=1, succeeded=true, lastLogIndex=69} from 3
10:08:12.356 [raft-server-1-state] TRACE i.a.p.s.impl.DefaultServiceExecutor - PrimitiveService{2}{type=io.atomix.protocols.raft.RaftTest$TestPrimitiveType@5051ea1e, name=raft-test} - Executing DefaultCommit{index=69, session=RaftSession{RaftServiceContext{server=1, type=io.atomix.protocols.raft.RaftTest$TestPrimitiveType@5051ea1e, name=raft-test, id=2}, session=2, timestamp=2018-06-11 10:08:12,296}, time=2018-06-11 10:08:12,296, operation=DefaultOperationId{id=write, type=COMMAND}, value=byte[]{length=17, hash=1297078671}}
10:08:12.356 [raft-server-3-state] TRACE i.a.p.raft.impl.RaftServiceManager - RaftServer{3} - Applying Indexed{index=69, entry=CommandEntry{term=1, timestamp=2018-06-11 10:08:12,296, session=2, sequence=60, operation=PrimitiveOperation{id=DefaultOperationId{id=write, type=COMMAND}, value=byte[]{length=17, hash=1297078671}}}}
10:08:12.356 [raft-server-3-state] TRACE i.a.p.s.impl.DefaultServiceExecutor - PrimitiveService{2}{type=io.atomix.protocols.raft.RaftTest$TestPrimitiveType@5b77a59f, name=raft-test} - Executing DefaultCommit{index=69, session=RaftSession{RaftServiceContext{server=3, type=io.atomix.protocols.raft.RaftTest$TestPrimitiveType@5b77a59f, name=raft-test, id=2}, session=2, timestamp=2018-06-11 10:08:12,296}, time=2018-06-11 10:08:12,296, operation=DefaultOperationId{id=write, type=COMMAND}, value=byte[]{length=17, hash=1297078671}}
10:08:12.356 [raft-server-1-state] TRACE i.a.protocols.raft.roles.LeaderRole - RaftServer{1}{role=LEADER} - Sending CommandResponse{status=OK, index=69, eventIndex=2, result=byte[]{length=3, hash=34783}}
10:08:12.356 [raft-client-995c025b-ba21-4dd3-828a-0c3e52b0447e-0] TRACE i.a.p.r.s.impl.RaftSessionConnection - SessionClient{2}{type=io.atomix.protocols.raft.RaftTest$TestPrimitiveType@6b321262, name=raft-test} - Received CommandResponse{status=OK, index=69, eventIndex=2, result=byte[]{length=3, hash=34783}} from 1
10:08:12.356 [raft-client-995c025b-ba21-4dd3-828a-0c3e52b0447e-0] TRACE i.a.p.r.s.impl.RaftSessionSequencer - SessionClient{2}{type=io.atomix.protocols.raft.RaftTest$TestPrimitiveType@6b321262, name=raft-test} - Completing response CommandResponse{status=OK, index=69, eventIndex=2, result=byte[]{length=3, hash=34783}}
10:08:12.356 [raft-client-995c025b-ba21-4dd3-828a-0c3e52b0447e-7] TRACE i.a.p.r.s.impl.RaftSessionConnection - SessionClient{2}{type=io.atomix.protocols.raft.RaftTest$TestPrimitiveType@6b321262, name=raft-test} - Sending CommandRequest{session=2, sequence=61, operation=PrimitiveOperation{id=DefaultOperationId{id=write, type=COMMAND}, value=byte[]{length=17, hash=1297078671}}} to 1
10:08:12.356 [raft-server-1] TRACE i.a.protocols.raft.roles.LeaderRole - RaftServer{1}{role=LEADER} - Received CommandRequest{session=2, sequence=61, operation=PrimitiveOperation{id=DefaultOperationId{id=write, type=COMMAND}, value=byte[]{length=17, hash=1297078671}}}
10:08:12.357 [raft-server-1] TRACE i.a.protocols.raft.roles.LeaderRole - RaftServer{1}{role=LEADER} - Appended Indexed{index=70, entry=CommandEntry{term=1, timestamp=2018-06-11 10:08:12,357, session=2, sequence=61, operation=PrimitiveOperation{id=DefaultOperationId{id=write, type=COMMAND}, value=byte[]{length=17, hash=1297078671}}}}
10:08:12.357 [raft-server-1] TRACE i.a.p.raft.roles.LeaderAppender - RaftServer{1} - Sending AppendRequest{term=1, leader=1, prevLogIndex=69, prevLogTerm=1, entries=1, commitIndex=69} to 3
10:08:12.357 [raft-server-3] TRACE i.a.p.raft.roles.FollowerRole - RaftServer{3}{role=FOLLOWER} - Received AppendRequest{term=1, leader=1, prevLogIndex=69, prevLogTerm=1, entries=1, commitIndex=69}
10:08:12.357 [raft-server-3] TRACE i.a.p.raft.roles.FollowerRole - RaftServer{3}{role=FOLLOWER} - Appended Indexed{index=70, entry=CommandEntry{term=1, timestamp=2018-06-11 10:08:12,357, session=2, sequence=61, operation=PrimitiveOperation{id=DefaultOperationId{id=write, type=COMMAND}, value=byte[]{length=17, hash=1297078671}}}}
10:08:12.357 [raft-server-3] TRACE i.a.p.raft.roles.FollowerRole - RaftServer{3}{role=FOLLOWER} - Sending AppendResponse{status=OK, term=1, succeeded=true, lastLogIndex=70}
10:08:12.357 [raft-server-1] TRACE i.a.p.raft.roles.LeaderAppender - RaftServer{1} - Received AppendResponse{status=OK, term=1, succeeded=true, lastLogIndex=70} from 3
10:08:12.357 [raft-server-1] TRACE i.a.p.raft.roles.LeaderAppender - RaftServer{1} - Committed entries up to 70
10:08:12.399 [raft-server-2] TRACE i.a.p.raft.roles.FollowerRole - RaftServer{2}{role=FOLLOWER} - Committed entries up to index 69
10:08:12.399 [raft-server-2] TRACE i.a.p.raft.roles.FollowerRole - RaftServer{2}{role=FOLLOWER} - Sending AppendResponse{status=OK, term=1, succeeded=true, lastLogIndex=69}
10:08:12.399 [raft-server-2-state] TRACE i.a.p.raft.impl.RaftServiceManager - RaftServer{2} - Applying Indexed{index=69, entry=CommandEntry{term=1, timestamp=2018-06-11 10:08:12,296, session=2, sequence=60, operation=PrimitiveOperation{id=DefaultOperationId{id=write, type=COMMAND}, value=byte[]{length=17, hash=1297078671}}}}
10:08:12.399 [raft-server-2-state] TRACE i.a.p.s.impl.DefaultServiceExecutor - PrimitiveService{2}{type=io.atomix.protocols.raft.RaftTest$TestPrimitiveType@25c42b8f, name=raft-test} - Executing DefaultCommit{index=69, session=RaftSession{RaftServiceContext{server=2, type=io.atomix.protocols.raft.RaftTest$TestPrimitiveType@25c42b8f, name=raft-test, id=2}, session=2, timestamp=2018-06-11 10:08:12,296}, time=2018-06-11 10:08:12,296, operation=DefaultOperationId{id=write, type=COMMAND}, value=byte[]{length=17, hash=1297078671}}
10:08:12.430 [raft-server-1] TRACE i.a.p.raft.roles.LeaderAppender - RaftServer{1} - Received AppendResponse{status=OK, term=1, succeeded=true, lastLogIndex=69} from 2
10:08:12.430 [raft-server-1] TRACE i.a.p.raft.roles.LeaderAppender - RaftServer{1} - Sending AppendRequest{term=1, leader=1, prevLogIndex=69, prevLogTerm=1, entries=1, commitIndex=70} to 2
10:08:12.430 [raft-server-2] TRACE i.a.p.raft.roles.FollowerRole - RaftServer{2}{role=FOLLOWER} - Received AppendRequest{term=1, leader=1, prevLogIndex=69, prevLogTerm=1, entries=1, commitIndex=70}
10:08:12.431 [raft-server-1-state] TRACE i.a.p.raft.impl.RaftServiceManager - RaftServer{1} - Applying Indexed{index=70, entry=CommandEntry{term=1, timestamp=2018-06-11 10:08:12,357, session=2, sequence=61, operation=PrimitiveOperation{id=DefaultOperationId{id=write, type=COMMAND}, value=byte[]{length=17, hash=1297078671}}}}
10:08:12.431 [raft-server-2] TRACE i.a.p.raft.roles.FollowerRole - RaftServer{2}{role=FOLLOWER} - Appended Indexed{index=70, entry=CommandEntry{term=1, timestamp=2018-06-11 10:08:12,357, session=2, sequence=61, operation=PrimitiveOperation{id=DefaultOperationId{id=write, type=COMMAND}, value=byte[]{length=17, hash=1297078671}}}}
10:08:12.431 [raft-server-1-state] TRACE i.a.p.s.impl.DefaultServiceExecutor - PrimitiveService{2}{type=io.atomix.protocols.raft.RaftTest$TestPrimitiveType@5051ea1e, name=raft-test} - Executing DefaultCommit{index=70, session=RaftSession{RaftServiceContext{server=1, type=io.atomix.protocols.raft.RaftTest$TestPrimitiveType@5051ea1e, name=raft-test, id=2}, session=2, timestamp=2018-06-11 10:08:12,357}, time=2018-06-11 10:08:12,357, operation=DefaultOperationId{id=write, type=COMMAND}, value=byte[]{length=17, hash=1297078671}}
10:08:12.431 [raft-server-1-state] TRACE i.a.protocols.raft.roles.LeaderRole - RaftServer{1}{role=LEADER} - Sending CommandResponse{status=OK, index=70, eventIndex=2, result=byte[]{length=3, hash=34845}}
10:08:12.431 [raft-client-995c025b-ba21-4dd3-828a-0c3e52b0447e-1] TRACE i.a.p.r.s.impl.RaftSessionConnection - SessionClient{2}{type=io.atomix.protocols.raft.RaftTest$TestPrimitiveType@6b321262, name=raft-test} - Received CommandResponse{status=OK, index=70, eventIndex=2, result=byte[]{length=3, hash=34845}} from 1
10:08:12.431 [raft-client-995c025b-ba21-4dd3-828a-0c3e52b0447e-1] TRACE i.a.p.r.s.impl.RaftSessionSequencer - SessionClient{2}{type=io.atomix.protocols.raft.RaftTest$TestPrimitiveType@6b321262, name=raft-test} - Completing response CommandResponse{status=OK, index=70, eventIndex=2, result=byte[]{length=3, hash=34845}}
10:08:12.431 [raft-client-995c025b-ba21-4dd3-828a-0c3e52b0447e-1] TRACE i.a.p.r.s.impl.RaftSessionConnection - SessionClient{2}{type=io.atomix.protocols.raft.RaftTest$TestPrimitiveType@6b321262, name=raft-test} - Sending CommandRequest{session=2, sequence=62, operation=PrimitiveOperation{id=DefaultOperationId{id=write, type=COMMAND}, value=byte[]{length=17, hash=1297078671}}} to 1
10:08:12.431 [raft-server-1] TRACE i.a.protocols.raft.roles.LeaderRole - RaftServer{1}{role=LEADER} - Received CommandRequest{session=2, sequence=62, operation=PrimitiveOperation{id=DefaultOperationId{id=write, type=COMMAND}, value=byte[]{length=17, hash=1297078671}}}
10:08:12.488 [raft-server-2] TRACE i.a.p.raft.roles.FollowerRole - RaftServer{2}{role=FOLLOWER} - Committed entries up to index 70
10:08:12.488 [raft-server-2] TRACE i.a.p.raft.roles.FollowerRole - RaftServer{2}{role=FOLLOWER} - Sending AppendResponse{status=OK, term=1, succeeded=true, lastLogIndex=70}
10:08:12.488 [raft-server-2-state] TRACE i.a.p.raft.impl.RaftServiceManager - RaftServer{2} - Applying Indexed{index=70, entry=CommandEntry{term=1, timestamp=2018-06-11 10:08:12,357, session=2, sequence=61, operation=PrimitiveOperation{id=DefaultOperationId{id=write, type=COMMAND}, value=byte[]{length=17, hash=1297078671}}}}
10:08:12.488 [raft-server-2-state] TRACE i.a.p.s.impl.DefaultServiceExecutor - PrimitiveService{2}{type=io.atomix.protocols.raft.RaftTest$TestPrimitiveType@25c42b8f, name=raft-test} - Executing DefaultCommit{index=70, session=RaftSession{RaftServiceContext{server=2, type=io.atomix.protocols.raft.RaftTest$TestPrimitiveType@25c42b8f, name=raft-test, id=2}, session=2, timestamp=2018-06-11 10:08:12,357}, time=2018-06-11 10:08:12,357, operation=DefaultOperationId{id=write, type=COMMAND}, value=byte[]{length=17, hash=1297078671}}
10:08:13.137 [raft-client-995c025b-ba21-4dd3-828a-0c3e52b0447e-6] TRACE i.a.p.r.s.impl.RaftSessionManager - RaftClient{995c025b-ba21-4dd3-828a-0c3e52b0447e} - Keeping 1 sessions alive
10:08:13.137 [raft-client-995c025b-ba21-4dd3-828a-0c3e52b0447e-6] TRACE i.a.p.r.s.impl.RaftSessionConnection - RaftClient{995c025b-ba21-4dd3-828a-0c3e52b0447e} - Sending KeepAliveRequest{sessionIds=long[]{length=1, hash=33}, commandSequences=long[]{length=1, hash=92}, eventIndexes=long[]{length=1, hash=33}} to 1
10:08:13.257 [raft-server-3] TRACE i.a.p.raft.storage.system.MetaStore - Store vote null
10:08:13.297 [raft-server-1] DEBUG i.a.storage.journal.SegmentedJournal - Created disk segment: JournalSegment{id=8, version=1, index=71, size=64}
10:08:13.298 [raft-server-1] TRACE i.a.protocols.raft.roles.LeaderRole - RaftServer{1}{role=LEADER} - Appended Indexed{index=71, entry=CommandEntry{term=1, timestamp=2018-06-11 10:08:12,431, session=2, sequence=62, operation=PrimitiveOperation{id=DefaultOperationId{id=write, type=COMMAND}, value=byte[]{length=17, hash=1297078671}}}}
10:08:13.298 [raft-server-1] TRACE i.a.p.raft.roles.LeaderAppender - RaftServer{1} - Received AppendResponse{status=OK, term=1, succeeded=true, lastLogIndex=70} from 2
10:08:13.298 [raft-server-1] TRACE i.a.p.raft.roles.LeaderAppender - RaftServer{1} - Sending AppendRequest{term=1, leader=1, prevLogIndex=70, prevLogTerm=1, entries=1, commitIndex=70} to 2
10:08:13.298 [raft-server-2] TRACE i.a.p.raft.roles.FollowerRole - RaftServer{2}{role=FOLLOWER} - Received AppendRequest{term=1, leader=1, prevLogIndex=70, prevLogTerm=1, entries=1, commitIndex=70}
10:08:13.298 [raft-server-1] TRACE i.a.p.raft.roles.LeaderAppender - RaftServer{1} - Sending AppendRequest{term=1, leader=1, prevLogIndex=70, prevLogTerm=1, entries=1, commitIndex=70} to 3
10:08:13.298 [raft-server-1] TRACE i.a.protocols.raft.roles.LeaderRole - RaftServer{1}{role=LEADER} - Received KeepAliveRequest{sessionIds=long[]{length=1, hash=33}, commandSequences=long[]{length=1, hash=92}, eventIndexes=long[]{length=1, hash=33}}
10:08:13.299 [raft-server-1] TRACE i.a.protocols.raft.roles.LeaderRole - RaftServer{1}{role=LEADER} - Appended Indexed{index=72, entry=KeepAliveEntry{term=1, timestamp=2018-06-11 10:08:13,298, sessionIds=long[]{length=1, hash=33}, commandSequences=long[]{length=1, hash=92}, eventIndexes=long[]{length=1, hash=33}}}
10:08:13.324 [raft-server-1] TRACE i.a.p.raft.roles.LeaderAppender - RaftServer{1} - Sending AppendRequest{term=1, leader=1, prevLogIndex=71, prevLogTerm=1, entries=1, commitIndex=70} to 3
10:08:13.432 [raft-client-995c025b-ba21-4dd3-828a-0c3e52b0447e-3] DEBUG i.a.p.r.s.impl.RaftSessionConnection - SessionClient{2}{type=io.atomix.protocols.raft.RaftTest$TestPrimitiveType@6b321262, name=raft-test} - CommandRequest{session=2, sequence=62, operation=PrimitiveOperation{id=DefaultOperationId{id=write, type=COMMAND}, value=byte[]{length=17, hash=1297078671}}} failed! Reason: {}
java.util.concurrent.TimeoutException: null
	at io.atomix.protocols.raft.protocol.TestRaftProtocol.lambda$scheduleTimeout$0(TestRaftProtocol.java:48) ~[test-classes/:na]
	at java.util.concurrent.Executors$RunnableAdapter.call(Executors.java:511) ~[na:1.8.0_121]
	at java.util.concurrent.FutureTask.run(FutureTask.java:266) ~[na:1.8.0_121]
	at java.util.concurrent.ScheduledThreadPoolExecutor$ScheduledFutureTask.access$201(ScheduledThreadPoolExecutor.java:180) ~[na:1.8.0_121]
	at java.util.concurrent.ScheduledThreadPoolExecutor$ScheduledFutureTask.run(ScheduledThreadPoolExecutor.java:293) ~[na:1.8.0_121]
	at java.util.concurrent.ThreadPoolExecutor.runWorker(ThreadPoolExecutor.java:1142) ~[na:1.8.0_121]
	at java.util.concurrent.ThreadPoolExecutor$Worker.run(ThreadPoolExecutor.java:617) ~[na:1.8.0_121]
	at java.lang.Thread.run(Thread.java:745) ~[na:1.8.0_121]
10:08:13.432 [raft-client-995c025b-ba21-4dd3-828a-0c3e52b0447e-3] TRACE i.a.p.r.s.impl.RaftSessionConnection - SessionClient{2}{type=io.atomix.protocols.raft.RaftTest$TestPrimitiveType@6b321262, name=raft-test} - Resetting connection. Reason: null
10:08:13.432 [raft-client-995c025b-ba21-4dd3-828a-0c3e52b0447e-3] TRACE i.a.p.r.s.impl.RaftSessionConnection - SessionClient{2}{type=io.atomix.protocols.raft.RaftTest$TestPrimitiveType@6b321262, name=raft-test} - Sending CommandRequest{session=2, sequence=62, operation=PrimitiveOperation{id=DefaultOperationId{id=write, type=COMMAND}, value=byte[]{length=17, hash=1297078671}}} to 1
10:08:13.432 [raft-server-1] TRACE i.a.protocols.raft.roles.LeaderRole - RaftServer{1}{role=LEADER} - Received CommandRequest{session=2, sequence=62, operation=PrimitiveOperation{id=DefaultOperationId{id=write, type=COMMAND}, value=byte[]{length=17, hash=1297078671}}}
10:08:13.432 [raft-server-1] TRACE i.a.protocols.raft.roles.LeaderRole - RaftServer{1}{role=LEADER} - Appended Indexed{index=73, entry=CommandEntry{term=1, timestamp=2018-06-11 10:08:13,432, session=2, sequence=62, operation=PrimitiveOperation{id=DefaultOperationId{id=write, type=COMMAND}, value=byte[]{length=17, hash=1297078671}}}}
10:08:13.433 [raft-server-1] TRACE i.a.p.raft.roles.LeaderAppender - RaftServer{1} - Sending AppendRequest{term=1, leader=1, prevLogIndex=71, prevLogTerm=1, entries=2, commitIndex=70} to 2
10:08:13.895 [raft-server-3] DEBUG i.a.p.raft.roles.FollowerRole - RaftServer{3}{role=FOLLOWER} - Heartbeat timed out in PT0.9S
10:08:13.895 [raft-server-3] DEBUG i.a.p.raft.roles.FollowerRole - RaftServer{3}{role=FOLLOWER} - Polling members [DefaultRaftMember{id=2, type=ACTIVE, updated=2018-06-11T08:08:01.573Z}, DefaultRaftMember{id=1, type=ACTIVE, updated=2018-06-11T08:08:01.573Z}]
10:08:13.895 [raft-server-3] DEBUG i.a.p.raft.roles.FollowerRole - RaftServer{3}{role=FOLLOWER} - Polling DefaultRaftMember{id=2, type=ACTIVE, updated=2018-06-11T08:08:01.573Z} for next term 2
10:08:13.895 [raft-server-3] DEBUG i.a.p.raft.roles.FollowerRole - RaftServer{3}{role=FOLLOWER} - Polling DefaultRaftMember{id=1, type=ACTIVE, updated=2018-06-11T08:08:01.573Z} for next term 2
10:08:13.895 [raft-server-3] TRACE i.a.p.raft.roles.FollowerRole - RaftServer{3}{role=FOLLOWER} - Received AppendRequest{term=1, leader=1, prevLogIndex=70, prevLogTerm=1, entries=1, commitIndex=70}
10:08:13.895 [raft-server-1] TRACE i.a.protocols.raft.roles.LeaderRole - RaftServer{1}{role=LEADER} - Received PollRequest{term=1, candidate=3, lastLogIndex=70, lastLogTerm=1}
10:08:13.895 [raft-server-3] INFO  i.a.protocols.raft.impl.RaftContext - RaftServer{3} - Found leader 1
10:08:13.895 [raft-server-1] TRACE i.a.protocols.raft.roles.LeaderRole - RaftServer{1}{role=LEADER} - Sending PollResponse{status=OK, term=1, accepted=false}
10:08:13.895 [raft-server-3] TRACE i.a.p.raft.storage.system.MetaStore - Store vote null
10:08:14.047 [raft-server-2] DEBUG i.a.storage.journal.SegmentedJournal - Created disk segment: JournalSegment{id=8, version=1, index=71, size=64}
10:08:14.047 [raft-server-2] TRACE i.a.p.raft.roles.FollowerRole - RaftServer{2}{role=FOLLOWER} - Appended Indexed{index=71, entry=CommandEntry{term=1, timestamp=2018-06-11 10:08:12,431, session=2, sequence=62, operation=PrimitiveOperation{id=DefaultOperationId{id=write, type=COMMAND}, value=byte[]{length=17, hash=1297078671}}}}
10:08:14.047 [raft-server-2] TRACE i.a.p.raft.roles.FollowerRole - RaftServer{2}{role=FOLLOWER} - Sending AppendResponse{status=OK, term=1, succeeded=true, lastLogIndex=71}
10:08:14.047 [raft-server-2] TRACE i.a.p.raft.roles.FollowerRole - RaftServer{2}{role=FOLLOWER} - Received AppendRequest{term=1, leader=1, prevLogIndex=71, prevLogTerm=1, entries=2, commitIndex=70}
10:08:14.047 [raft-server-1] TRACE i.a.p.raft.roles.LeaderAppender - RaftServer{1} - Received AppendResponse{status=OK, term=1, succeeded=true, lastLogIndex=71} from 2
10:08:14.047 [raft-server-1] TRACE i.a.p.raft.roles.LeaderAppender - RaftServer{1} - Committed entries up to 71
10:08:14.047 [raft-server-2] TRACE i.a.p.raft.roles.FollowerRole - RaftServer{2}{role=FOLLOWER} - Appended Indexed{index=72, entry=KeepAliveEntry{term=1, timestamp=2018-06-11 10:08:13,298, sessionIds=long[]{length=1, hash=33}, commandSequences=long[]{length=1, hash=92}, eventIndexes=long[]{length=1, hash=33}}}
10:08:14.047 [raft-server-2] TRACE i.a.p.raft.roles.FollowerRole - RaftServer{2}{role=FOLLOWER} - Appended Indexed{index=73, entry=CommandEntry{term=1, timestamp=2018-06-11 10:08:13,432, session=2, sequence=62, operation=PrimitiveOperation{id=DefaultOperationId{id=write, type=COMMAND}, value=byte[]{length=17, hash=1297078671}}}}
10:08:14.048 [raft-server-2] TRACE i.a.p.raft.roles.FollowerRole - RaftServer{2}{role=FOLLOWER} - Sending AppendResponse{status=OK, term=1, succeeded=true, lastLogIndex=73}
10:08:14.048 [raft-server-2] TRACE i.a.p.raft.roles.FollowerRole - RaftServer{2}{role=FOLLOWER} - Received PollRequest{term=1, candidate=3, lastLogIndex=70, lastLogTerm=1}
10:08:14.048 [raft-server-2] DEBUG i.a.p.raft.roles.FollowerRole - RaftServer{2}{role=FOLLOWER} - Rejected PollRequest{term=1, candidate=3, lastLogIndex=70, lastLogTerm=1}: candidate's last log entry (70) is at a lower index than the local log (73)
10:08:14.048 [raft-server-2] TRACE i.a.p.raft.roles.FollowerRole - RaftServer{2}{role=FOLLOWER} - Sending PollResponse{status=OK, term=1, accepted=false}
10:08:14.114 [raft-server-1] TRACE i.a.p.raft.roles.LeaderAppender - RaftServer{1} - Received AppendResponse{status=OK, term=1, succeeded=true, lastLogIndex=73} from 2
10:08:14.114 [raft-server-1] TRACE i.a.p.raft.roles.LeaderAppender - RaftServer{1} - Committed entries up to 73
10:08:14.138 [raft-client-995c025b-ba21-4dd3-828a-0c3e52b0447e-5] DEBUG i.a.p.r.s.impl.RaftSessionConnection - RaftClient{995c025b-ba21-4dd3-828a-0c3e52b0447e} - KeepAliveRequest{sessionIds=long[]{length=1, hash=33}, commandSequences=long[]{length=1, hash=92}, eventIndexes=long[]{length=1, hash=33}} failed! Reason: {}
java.util.concurrent.TimeoutException: null
	at io.atomix.protocols.raft.protocol.TestRaftProtocol.lambda$scheduleTimeout$0(TestRaftProtocol.java:48) ~[test-classes/:na]
	at java.util.concurrent.Executors$RunnableAdapter.call(Executors.java:511) ~[na:1.8.0_121]
	at java.util.concurrent.FutureTask.run(FutureTask.java:266) ~[na:1.8.0_121]
	at java.util.concurrent.ScheduledThreadPoolExecutor$ScheduledFutureTask.access$201(ScheduledThreadPoolExecutor.java:180) ~[na:1.8.0_121]
	at java.util.concurrent.ScheduledThreadPoolExecutor$ScheduledFutureTask.run(ScheduledThreadPoolExecutor.java:293) ~[na:1.8.0_121]
	at java.util.concurrent.ThreadPoolExecutor.runWorker(ThreadPoolExecutor.java:1142) ~[na:1.8.0_121]
	at java.util.concurrent.ThreadPoolExecutor$Worker.run(ThreadPoolExecutor.java:617) ~[na:1.8.0_121]
	at java.lang.Thread.run(Thread.java:745) ~[na:1.8.0_121]
10:08:14.138 [raft-client-995c025b-ba21-4dd3-828a-0c3e52b0447e-5] TRACE i.a.p.r.s.impl.RaftSessionConnection - RaftClient{995c025b-ba21-4dd3-828a-0c3e52b0447e} - Resetting connection. Reason: null
10:08:14.138 [raft-client-995c025b-ba21-4dd3-828a-0c3e52b0447e-5] TRACE i.a.p.r.s.impl.RaftSessionConnection - RaftClient{995c025b-ba21-4dd3-828a-0c3e52b0447e} - Sending KeepAliveRequest{sessionIds=long[]{length=1, hash=33}, commandSequences=long[]{length=1, hash=92}, eventIndexes=long[]{length=1, hash=33}} to 1
10:08:14.139 [raft-server-3] DEBUG i.a.storage.journal.SegmentedJournal - Created disk segment: JournalSegment{id=8, version=1, index=71, size=64}
10:08:14.139 [raft-server-3] TRACE i.a.p.raft.roles.FollowerRole - RaftServer{3}{role=FOLLOWER} - Appended Indexed{index=71, entry=CommandEntry{term=1, timestamp=2018-06-11 10:08:12,431, session=2, sequence=62, operation=PrimitiveOperation{id=DefaultOperationId{id=write, type=COMMAND}, value=byte[]{length=17, hash=1297078671}}}}
10:08:14.164 [raft-server-1] TRACE i.a.p.raft.roles.LeaderAppender - RaftServer{1} - Sending AppendRequest{term=1, leader=1, prevLogIndex=73, prevLogTerm=1, entries=0, commitIndex=73} to 2
10:08:14.164 [raft-server-2] TRACE i.a.p.raft.roles.FollowerRole - RaftServer{2}{role=FOLLOWER} - Received AppendRequest{term=1, leader=1, prevLogIndex=73, prevLogTerm=1, entries=0, commitIndex=73}
10:08:14.164 [raft-server-1-state] TRACE i.a.p.raft.impl.RaftServiceManager - RaftServer{1} - Applying Indexed{index=71, entry=CommandEntry{term=1, timestamp=2018-06-11 10:08:12,431, session=2, sequence=62, operation=PrimitiveOperation{id=DefaultOperationId{id=write, type=COMMAND}, value=byte[]{length=17, hash=1297078671}}}}
10:08:14.164 [raft-server-1-state] TRACE i.a.p.s.impl.DefaultServiceExecutor - PrimitiveService{2}{type=io.atomix.protocols.raft.RaftTest$TestPrimitiveType@5051ea1e, name=raft-test} - Executing DefaultCommit{index=71, session=RaftSession{RaftServiceContext{server=1, type=io.atomix.protocols.raft.RaftTest$TestPrimitiveType@5051ea1e, name=raft-test, id=2}, session=2, timestamp=2018-06-11 10:08:12,431}, time=2018-06-11 10:08:12,431, operation=DefaultOperationId{id=write, type=COMMAND}, value=byte[]{length=17, hash=1297078671}}
10:08:14.164 [raft-server-1] TRACE i.a.protocols.raft.roles.LeaderRole - RaftServer{1}{role=LEADER} - Sending CommandResponse{status=OK, index=71, eventIndex=2, result=byte[]{length=3, hash=34907}}
10:08:14.164 [raft-server-1] TRACE i.a.protocols.raft.roles.LeaderRole - RaftServer{1}{role=LEADER} - Received KeepAliveRequest{sessionIds=long[]{length=1, hash=33}, commandSequences=long[]{length=1, hash=92}, eventIndexes=long[]{length=1, hash=33}}
10:08:14.164 [raft-server-1] TRACE i.a.protocols.raft.roles.LeaderRole - RaftServer{1}{role=LEADER} - Appended Indexed{index=74, entry=KeepAliveEntry{term=1, timestamp=2018-06-11 10:08:14,164, sessionIds=long[]{length=1, hash=33}, commandSequences=long[]{length=1, hash=92}, eventIndexes=long[]{length=1, hash=33}}}
10:08:14.164 [raft-server-1-state] TRACE i.a.p.raft.impl.RaftServiceManager - RaftServer{1} - Applying Indexed{index=72, entry=KeepAliveEntry{term=1, timestamp=2018-06-11 10:08:13,298, sessionIds=long[]{length=1, hash=33}, commandSequences=long[]{length=1, hash=92}, eventIndexes=long[]{length=1, hash=33}}}
10:08:14.164 [raft-server-1-state] TRACE i.a.p.raft.impl.RaftServiceManager - RaftServer{1} - Applying Indexed{index=73, entry=CommandEntry{term=1, timestamp=2018-06-11 10:08:13,432, session=2, sequence=62, operation=PrimitiveOperation{id=DefaultOperationId{id=write, type=COMMAND}, value=byte[]{length=17, hash=1297078671}}}}
10:08:14.164 [raft-server-1] TRACE i.a.protocols.raft.roles.LeaderRole - RaftServer{1}{role=LEADER} - Sending KeepAliveResponse{status=OK, leader=1, members=[2, 1, 3], sessionIds=long[]{length=1, hash=33}}
10:08:14.164 [raft-server-1-state] TRACE i.a.p.r.service.RaftServiceContext - PrimitiveService{2}{type=io.atomix.protocols.raft.RaftTest$TestPrimitiveType@5051ea1e, name=raft-test} - Returning cached result for command with sequence number 62 < 63
10:08:14.164 [raft-server-1-state] TRACE i.a.protocols.raft.roles.LeaderRole - RaftServer{1}{role=LEADER} - Sending CommandResponse{status=OK, index=71, eventIndex=2, result=byte[]{length=3, hash=34907}}
10:08:14.164 [raft-client-995c025b-ba21-4dd3-828a-0c3e52b0447e-0] TRACE i.a.p.r.s.impl.RaftSessionConnection - SessionClient{2}{type=io.atomix.protocols.raft.RaftTest$TestPrimitiveType@6b321262, name=raft-test} - Received CommandResponse{status=OK, index=71, eventIndex=2, result=byte[]{length=3, hash=34907}} from 1
10:08:14.165 [raft-client-995c025b-ba21-4dd3-828a-0c3e52b0447e-0] TRACE i.a.p.r.s.impl.RaftSessionSequencer - SessionClient{2}{type=io.atomix.protocols.raft.RaftTest$TestPrimitiveType@6b321262, name=raft-test} - Completing response CommandResponse{status=OK, index=71, eventIndex=2, result=byte[]{length=3, hash=34907}}
10:08:14.165 [raft-client-995c025b-ba21-4dd3-828a-0c3e52b0447e-2] TRACE i.a.p.r.s.impl.RaftSessionConnection - SessionClient{2}{type=io.atomix.protocols.raft.RaftTest$TestPrimitiveType@6b321262, name=raft-test} - Sending CommandRequest{session=2, sequence=63, operation=PrimitiveOperation{id=DefaultOperationId{id=write, type=COMMAND}, value=byte[]{length=17, hash=1297078671}}} to 1
10:08:14.165 [raft-server-1] TRACE i.a.protocols.raft.roles.LeaderRole - RaftServer{1}{role=LEADER} - Received CommandRequest{session=2, sequence=63, operation=PrimitiveOperation{id=DefaultOperationId{id=write, type=COMMAND}, value=byte[]{length=17, hash=1297078671}}}
10:08:14.165 [raft-server-1] TRACE i.a.protocols.raft.roles.LeaderRole - RaftServer{1}{role=LEADER} - Appended Indexed{index=75, entry=CommandEntry{term=1, timestamp=2018-06-11 10:08:14,165, session=2, sequence=63, operation=PrimitiveOperation{id=DefaultOperationId{id=write, type=COMMAND}, value=byte[]{length=17, hash=1297078671}}}}
10:08:14.197 [raft-server-3] TRACE i.a.p.raft.roles.FollowerRole - RaftServer{3}{role=FOLLOWER} - Committed entries up to index 70
10:08:14.197 [raft-server-3] TRACE i.a.p.raft.roles.FollowerRole - RaftServer{3}{role=FOLLOWER} - Sending AppendResponse{status=OK, term=1, succeeded=true, lastLogIndex=71}
10:08:14.197 [raft-server-3] TRACE i.a.p.raft.roles.FollowerRole - RaftServer{3}{role=FOLLOWER} - Received AppendRequest{term=1, leader=1, prevLogIndex=71, prevLogTerm=1, entries=1, commitIndex=70}
10:08:14.197 [raft-server-1] TRACE i.a.p.raft.roles.LeaderAppender - RaftServer{1} - Received AppendResponse{status=OK, term=1, succeeded=true, lastLogIndex=71} from 3
10:08:14.197 [raft-server-1] TRACE i.a.p.raft.roles.LeaderAppender - RaftServer{1} - Sending AppendRequest{term=1, leader=1, prevLogIndex=72, prevLogTerm=1, entries=3, commitIndex=73} to 3
10:08:14.197 [raft-server-3] TRACE i.a.p.raft.roles.FollowerRole - RaftServer{3}{role=FOLLOWER} - Appended Indexed{index=72, entry=KeepAliveEntry{term=1, timestamp=2018-06-11 10:08:13,298, sessionIds=long[]{length=1, hash=33}, commandSequences=long[]{length=1, hash=92}, eventIndexes=long[]{length=1, hash=33}}}
10:08:14.197 [raft-server-3] TRACE i.a.p.raft.roles.FollowerRole - RaftServer{3}{role=FOLLOWER} - Sending AppendResponse{status=OK, term=1, succeeded=true, lastLogIndex=72}
10:08:14.197 [raft-server-1] TRACE i.a.p.raft.roles.LeaderAppender - RaftServer{1} - Received AppendResponse{status=OK, term=1, succeeded=true, lastLogIndex=72} from 3
10:08:14.197 [raft-server-3] DEBUG i.a.p.raft.roles.FollowerRole - RaftServer{3}{role=FOLLOWER} - Received rejected poll from DefaultRaftMember{id=1, type=ACTIVE, updated=2018-06-11T08:08:01.573Z}
10:08:14.197 [raft-server-3] DEBUG i.a.p.raft.roles.FollowerRole - RaftServer{3}{role=FOLLOWER} - Received rejected poll from DefaultRaftMember{id=2, type=ACTIVE, updated=2018-06-11T08:08:01.573Z}
10:08:14.197 [raft-server-3] TRACE i.a.p.raft.roles.FollowerRole - RaftServer{3}{role=FOLLOWER} - Received AppendRequest{term=1, leader=1, prevLogIndex=72, prevLogTerm=1, entries=3, commitIndex=73}
10:08:14.197 [raft-server-3-state] TRACE i.a.p.raft.impl.RaftServiceManager - RaftServer{3} - Applying Indexed{index=70, entry=CommandEntry{term=1, timestamp=2018-06-11 10:08:12,357, session=2, sequence=61, operation=PrimitiveOperation{id=DefaultOperationId{id=write, type=COMMAND}, value=byte[]{length=17, hash=1297078671}}}}
10:08:14.197 [raft-server-3-state] TRACE i.a.p.s.impl.DefaultServiceExecutor - PrimitiveService{2}{type=io.atomix.protocols.raft.RaftTest$TestPrimitiveType@5b77a59f, name=raft-test} - Executing DefaultCommit{index=70, session=RaftSession{RaftServiceContext{server=3, type=io.atomix.protocols.raft.RaftTest$TestPrimitiveType@5b77a59f, name=raft-test, id=2}, session=2, timestamp=2018-06-11 10:08:12,357}, time=2018-06-11 10:08:12,357, operation=DefaultOperationId{id=write, type=COMMAND}, value=byte[]{length=17, hash=1297078671}}
10:08:14.197 [raft-server-3] TRACE i.a.p.raft.roles.FollowerRole - RaftServer{3}{role=FOLLOWER} - Appended Indexed{index=73, entry=CommandEntry{term=1, timestamp=2018-06-11 10:08:13,432, session=2, sequence=62, operation=PrimitiveOperation{id=DefaultOperationId{id=write, type=COMMAND}, value=byte[]{length=17, hash=1297078671}}}}
10:08:14.198 [raft-server-3] TRACE i.a.p.raft.roles.FollowerRole - RaftServer{3}{role=FOLLOWER} - Appended Indexed{index=74, entry=KeepAliveEntry{term=1, timestamp=2018-06-11 10:08:14,164, sessionIds=long[]{length=1, hash=33}, commandSequences=long[]{length=1, hash=92}, eventIndexes=long[]{length=1, hash=33}}}
10:08:14.198 [raft-server-3] TRACE i.a.p.raft.roles.FollowerRole - RaftServer{3}{role=FOLLOWER} - Appended Indexed{index=75, entry=CommandEntry{term=1, timestamp=2018-06-11 10:08:14,165, session=2, sequence=63, operation=PrimitiveOperation{id=DefaultOperationId{id=write, type=COMMAND}, value=byte[]{length=17, hash=1297078671}}}}
10:08:14.222 [raft-server-2] TRACE i.a.p.raft.roles.FollowerRole - RaftServer{2}{role=FOLLOWER} - Committed entries up to index 73
10:08:14.222 [raft-server-2] TRACE i.a.p.raft.roles.FollowerRole - RaftServer{2}{role=FOLLOWER} - Sending AppendResponse{status=OK, term=1, succeeded=true, lastLogIndex=73}
10:08:14.222 [raft-server-1] TRACE i.a.p.raft.roles.LeaderAppender - RaftServer{1} - Received AppendResponse{status=OK, term=1, succeeded=true, lastLogIndex=73} from 2
10:08:14.222 [raft-server-1] TRACE i.a.p.raft.roles.LeaderAppender - RaftServer{1} - Sending AppendRequest{term=1, leader=1, prevLogIndex=73, prevLogTerm=1, entries=2, commitIndex=73} to 2
10:08:14.222 [raft-server-2-state] TRACE i.a.p.raft.impl.RaftServiceManager - RaftServer{2} - Applying Indexed{index=71, entry=CommandEntry{term=1, timestamp=2018-06-11 10:08:12,431, session=2, sequence=62, operation=PrimitiveOperation{id=DefaultOperationId{id=write, type=COMMAND}, value=byte[]{length=17, hash=1297078671}}}}
10:08:14.222 [raft-server-2-state] TRACE i.a.p.s.impl.DefaultServiceExecutor - PrimitiveService{2}{type=io.atomix.protocols.raft.RaftTest$TestPrimitiveType@25c42b8f, name=raft-test} - Executing DefaultCommit{index=71, session=RaftSession{RaftServiceContext{server=2, type=io.atomix.protocols.raft.RaftTest$TestPrimitiveType@25c42b8f, name=raft-test, id=2}, session=2, timestamp=2018-06-11 10:08:12,431}, time=2018-06-11 10:08:12,431, operation=DefaultOperationId{id=write, type=COMMAND}, value=byte[]{length=17, hash=1297078671}}
10:08:14.222 [raft-server-2-state] TRACE i.a.p.raft.impl.RaftServiceManager - RaftServer{2} - Applying Indexed{index=72, entry=KeepAliveEntry{term=1, timestamp=2018-06-11 10:08:13,298, sessionIds=long[]{length=1, hash=33}, commandSequences=long[]{length=1, hash=92}, eventIndexes=long[]{length=1, hash=33}}}
10:08:14.222 [raft-server-2-state] TRACE i.a.p.raft.impl.RaftServiceManager - RaftServer{2} - Applying Indexed{index=73, entry=CommandEntry{term=1, timestamp=2018-06-11 10:08:13,432, session=2, sequence=62, operation=PrimitiveOperation{id=DefaultOperationId{id=write, type=COMMAND}, value=byte[]{length=17, hash=1297078671}}}}
10:08:14.222 [raft-server-2-state] TRACE i.a.p.r.service.RaftServiceContext - PrimitiveService{2}{type=io.atomix.protocols.raft.RaftTest$TestPrimitiveType@25c42b8f, name=raft-test} - Returning cached result for command with sequence number 62 < 63
10:08:14.222 [raft-server-2] TRACE i.a.p.raft.roles.FollowerRole - RaftServer{2}{role=FOLLOWER} - Received AppendRequest{term=1, leader=1, prevLogIndex=73, prevLogTerm=1, entries=2, commitIndex=73}
10:08:14.223 [raft-server-2] TRACE i.a.p.raft.roles.FollowerRole - RaftServer{2}{role=FOLLOWER} - Appended Indexed{index=74, entry=KeepAliveEntry{term=1, timestamp=2018-06-11 10:08:14,164, sessionIds=long[]{length=1, hash=33}, commandSequences=long[]{length=1, hash=92}, eventIndexes=long[]{length=1, hash=33}}}
10:08:14.223 [raft-server-2] TRACE i.a.p.raft.roles.FollowerRole - RaftServer{2}{role=FOLLOWER} - Appended Indexed{index=75, entry=CommandEntry{term=1, timestamp=2018-06-11 10:08:14,165, session=2, sequence=63, operation=PrimitiveOperation{id=DefaultOperationId{id=write, type=COMMAND}, value=byte[]{length=17, hash=1297078671}}}}
10:08:14.223 [raft-server-2] TRACE i.a.p.raft.roles.FollowerRole - RaftServer{2}{role=FOLLOWER} - Sending AppendResponse{status=OK, term=1, succeeded=true, lastLogIndex=75}
10:08:14.223 [raft-server-1] TRACE i.a.p.raft.roles.LeaderAppender - RaftServer{1} - Received AppendResponse{status=OK, term=1, succeeded=true, lastLogIndex=75} from 2
10:08:14.223 [raft-server-1] TRACE i.a.p.raft.roles.LeaderAppender - RaftServer{1} - Committed entries up to 75
10:08:14.248 [raft-server-3] TRACE i.a.p.raft.roles.FollowerRole - RaftServer{3}{role=FOLLOWER} - Committed entries up to index 73
10:08:14.248 [raft-server-3] TRACE i.a.p.raft.roles.FollowerRole - RaftServer{3}{role=FOLLOWER} - Sending AppendResponse{status=OK, term=1, succeeded=true, lastLogIndex=75}
10:08:14.249 [raft-server-3-state] TRACE i.a.p.raft.impl.RaftServiceManager - RaftServer{3} - Applying Indexed{index=71, entry=CommandEntry{term=1, timestamp=2018-06-11 10:08:12,431, session=2, sequence=62, operation=PrimitiveOperation{id=DefaultOperationId{id=write, type=COMMAND}, value=byte[]{length=17, hash=1297078671}}}}
10:08:14.249 [raft-server-3-state] TRACE i.a.p.s.impl.DefaultServiceExecutor - PrimitiveService{2}{type=io.atomix.protocols.raft.RaftTest$TestPrimitiveType@5b77a59f, name=raft-test} - Executing DefaultCommit{index=71, session=RaftSession{RaftServiceContext{server=3, type=io.atomix.protocols.raft.RaftTest$TestPrimitiveType@5b77a59f, name=raft-test, id=2}, session=2, timestamp=2018-06-11 10:08:12,431}, time=2018-06-11 10:08:12,431, operation=DefaultOperationId{id=write, type=COMMAND}, value=byte[]{length=17, hash=1297078671}}
10:08:14.249 [raft-server-3-state] TRACE i.a.p.raft.impl.RaftServiceManager - RaftServer{3} - Applying Indexed{index=72, entry=KeepAliveEntry{term=1, timestamp=2018-06-11 10:08:13,298, sessionIds=long[]{length=1, hash=33}, commandSequences=long[]{length=1, hash=92}, eventIndexes=long[]{length=1, hash=33}}}
10:08:14.249 [raft-server-3-state] TRACE i.a.p.raft.impl.RaftServiceManager - RaftServer{3} - Applying Indexed{index=73, entry=CommandEntry{term=1, timestamp=2018-06-11 10:08:13,432, session=2, sequence=62, operation=PrimitiveOperation{id=DefaultOperationId{id=write, type=COMMAND}, value=byte[]{length=17, hash=1297078671}}}}
10:08:14.249 [raft-server-3-state] TRACE i.a.p.r.service.RaftServiceContext - PrimitiveService{2}{type=io.atomix.protocols.raft.RaftTest$TestPrimitiveType@5b77a59f, name=raft-test} - Returning cached result for command with sequence number 62 < 63
10:08:14.272 [raft-server-1] TRACE i.a.p.raft.roles.LeaderAppender - RaftServer{1} - Received AppendResponse{status=OK, term=1, succeeded=true, lastLogIndex=75} from 3
10:08:14.272 [raft-server-1-state] TRACE i.a.p.raft.impl.RaftServiceManager - RaftServer{1} - Applying Indexed{index=74, entry=KeepAliveEntry{term=1, timestamp=2018-06-11 10:08:14,164, sessionIds=long[]{length=1, hash=33}, commandSequences=long[]{length=1, hash=92}, eventIndexes=long[]{length=1, hash=33}}}
10:08:14.272 [raft-server-1-state] TRACE i.a.p.raft.impl.RaftServiceManager - RaftServer{1} - Applying Indexed{index=75, entry=CommandEntry{term=1, timestamp=2018-06-11 10:08:14,165, session=2, sequence=63, operation=PrimitiveOperation{id=DefaultOperationId{id=write, type=COMMAND}, value=byte[]{length=17, hash=1297078671}}}}
10:08:14.272 [raft-server-1] TRACE i.a.protocols.raft.roles.LeaderRole - RaftServer{1}{role=LEADER} - Sending KeepAliveResponse{status=OK, leader=1, members=[2, 1, 3], sessionIds=long[]{length=1, hash=33}}
10:08:14.272 [raft-server-1-state] TRACE i.a.p.s.impl.DefaultServiceExecutor - PrimitiveService{2}{type=io.atomix.protocols.raft.RaftTest$TestPrimitiveType@5051ea1e, name=raft-test} - Executing DefaultCommit{index=75, session=RaftSession{RaftServiceContext{server=1, type=io.atomix.protocols.raft.RaftTest$TestPrimitiveType@5051ea1e, name=raft-test, id=2}, session=2, timestamp=2018-06-11 10:08:14,165}, time=2018-06-11 10:08:14,165, operation=DefaultOperationId{id=write, type=COMMAND}, value=byte[]{length=17, hash=1297078671}}
10:08:14.272 [raft-client-995c025b-ba21-4dd3-828a-0c3e52b0447e-1] TRACE i.a.p.r.s.impl.RaftSessionConnection - RaftClient{995c025b-ba21-4dd3-828a-0c3e52b0447e} - Received KeepAliveResponse{status=OK, leader=1, members=[2, 1, 3], sessionIds=long[]{length=1, hash=33}} from 1
10:08:14.272 [raft-server-1-state] TRACE i.a.protocols.raft.roles.LeaderRole - RaftServer{1}{role=LEADER} - Sending CommandResponse{status=OK, index=75, eventIndex=2, result=byte[]{length=3, hash=35155}}
10:08:14.272 [raft-client-995c025b-ba21-4dd3-828a-0c3e52b0447e-6] TRACE i.a.p.r.s.impl.RaftSessionConnection - SessionClient{2}{type=io.atomix.protocols.raft.RaftTest$TestPrimitiveType@6b321262, name=raft-test} - Received CommandResponse{status=OK, index=75, eventIndex=2, result=byte[]{length=3, hash=35155}} from 1
10:08:14.272 [raft-client-995c025b-ba21-4dd3-828a-0c3e52b0447e-6] TRACE i.a.p.r.s.impl.RaftSessionSequencer - SessionClient{2}{type=io.atomix.protocols.raft.RaftTest$TestPrimitiveType@6b321262, name=raft-test} - Completing response CommandResponse{status=OK, index=75, eventIndex=2, result=byte[]{length=3, hash=35155}}
10:08:14.273 [raft-client-995c025b-ba21-4dd3-828a-0c3e52b0447e-0] TRACE i.a.p.r.s.impl.RaftSessionConnection - SessionClient{2}{type=io.atomix.protocols.raft.RaftTest$TestPrimitiveType@6b321262, name=raft-test} - Sending CommandRequest{session=2, sequence=64, operation=PrimitiveOperation{id=DefaultOperationId{id=write, type=COMMAND}, value=byte[]{length=17, hash=1297078671}}} to 1
10:08:14.273 [raft-server-1] TRACE i.a.protocols.raft.roles.LeaderRole - RaftServer{1}{role=LEADER} - Received CommandRequest{session=2, sequence=64, operation=PrimitiveOperation{id=DefaultOperationId{id=write, type=COMMAND}, value=byte[]{length=17, hash=1297078671}}}
10:08:14.273 [raft-server-1] TRACE i.a.protocols.raft.roles.LeaderRole - RaftServer{1}{role=LEADER} - Appended Indexed{index=76, entry=CommandEntry{term=1, timestamp=2018-06-11 10:08:14,273, session=2, sequence=64, operation=PrimitiveOperation{id=DefaultOperationId{id=write, type=COMMAND}, value=byte[]{length=17, hash=1297078671}}}}
10:08:14.273 [raft-server-1] TRACE i.a.p.raft.roles.LeaderAppender - RaftServer{1} - Sending AppendRequest{term=1, leader=1, prevLogIndex=75, prevLogTerm=1, entries=1, commitIndex=75} to 2
10:08:14.273 [raft-server-2] TRACE i.a.p.raft.roles.FollowerRole - RaftServer{2}{role=FOLLOWER} - Received AppendRequest{term=1, leader=1, prevLogIndex=75, prevLogTerm=1, entries=1, commitIndex=75}
10:08:14.273 [raft-server-1] TRACE i.a.p.raft.roles.LeaderAppender - RaftServer{1} - Sending AppendRequest{term=1, leader=1, prevLogIndex=75, prevLogTerm=1, entries=1, commitIndex=75} to 3
10:08:14.273 [raft-server-3] TRACE i.a.p.raft.roles.FollowerRole - RaftServer{3}{role=FOLLOWER} - Received AppendRequest{term=1, leader=1, prevLogIndex=75, prevLogTerm=1, entries=1, commitIndex=75}
10:08:14.273 [raft-server-2] TRACE i.a.p.raft.roles.FollowerRole - RaftServer{2}{role=FOLLOWER} - Appended Indexed{index=76, entry=CommandEntry{term=1, timestamp=2018-06-11 10:08:14,273, session=2, sequence=64, operation=PrimitiveOperation{id=DefaultOperationId{id=write, type=COMMAND}, value=byte[]{length=17, hash=1297078671}}}}
10:08:14.273 [raft-server-3] TRACE i.a.p.raft.roles.FollowerRole - RaftServer{3}{role=FOLLOWER} - Appended Indexed{index=76, entry=CommandEntry{term=1, timestamp=2018-06-11 10:08:14,273, session=2, sequence=64, operation=PrimitiveOperation{id=DefaultOperationId{id=write, type=COMMAND}, value=byte[]{length=17, hash=1297078671}}}}
10:08:14.305 [raft-server-2] TRACE i.a.p.raft.roles.FollowerRole - RaftServer{2}{role=FOLLOWER} - Committed entries up to index 75
10:08:14.305 [raft-server-2] TRACE i.a.p.raft.roles.FollowerRole - RaftServer{2}{role=FOLLOWER} - Sending AppendResponse{status=OK, term=1, succeeded=true, lastLogIndex=76}
10:08:14.305 [raft-server-3] TRACE i.a.p.raft.roles.FollowerRole - RaftServer{3}{role=FOLLOWER} - Committed entries up to index 75
10:08:14.305 [raft-server-1] TRACE i.a.p.raft.roles.LeaderAppender - RaftServer{1} - Received AppendResponse{status=OK, term=1, succeeded=true, lastLogIndex=76} from 2
10:08:14.305 [raft-server-1] TRACE i.a.p.raft.roles.LeaderAppender - RaftServer{1} - Committed entries up to 76
10:08:14.305 [raft-server-2-state] TRACE i.a.p.raft.impl.RaftServiceManager - RaftServer{2} - Applying Indexed{index=74, entry=KeepAliveEntry{term=1, timestamp=2018-06-11 10:08:14,164, sessionIds=long[]{length=1, hash=33}, commandSequences=long[]{length=1, hash=92}, eventIndexes=long[]{length=1, hash=33}}}
10:08:14.305 [raft-server-2-state] TRACE i.a.p.raft.impl.RaftServiceManager - RaftServer{2} - Applying Indexed{index=75, entry=CommandEntry{term=1, timestamp=2018-06-11 10:08:14,165, session=2, sequence=63, operation=PrimitiveOperation{id=DefaultOperationId{id=write, type=COMMAND}, value=byte[]{length=17, hash=1297078671}}}}
10:08:14.305 [raft-server-2-state] TRACE i.a.p.s.impl.DefaultServiceExecutor - PrimitiveService{2}{type=io.atomix.protocols.raft.RaftTest$TestPrimitiveType@25c42b8f, name=raft-test} - Executing DefaultCommit{index=75, session=RaftSession{RaftServiceContext{server=2, type=io.atomix.protocols.raft.RaftTest$TestPrimitiveType@25c42b8f, name=raft-test, id=2}, session=2, timestamp=2018-06-11 10:08:14,165}, time=2018-06-11 10:08:14,165, operation=DefaultOperationId{id=write, type=COMMAND}, value=byte[]{length=17, hash=1297078671}}
10:08:14.306 [raft-server-3] TRACE i.a.p.raft.roles.FollowerRole - RaftServer{3}{role=FOLLOWER} - Sending AppendResponse{status=OK, term=1, succeeded=true, lastLogIndex=76}
10:08:14.306 [raft-server-3-state] TRACE i.a.p.raft.impl.RaftServiceManager - RaftServer{3} - Applying Indexed{index=74, entry=KeepAliveEntry{term=1, timestamp=2018-06-11 10:08:14,164, sessionIds=long[]{length=1, hash=33}, commandSequences=long[]{length=1, hash=92}, eventIndexes=long[]{length=1, hash=33}}}
10:08:14.306 [raft-server-3-state] TRACE i.a.p.raft.impl.RaftServiceManager - RaftServer{3} - Applying Indexed{index=75, entry=CommandEntry{term=1, timestamp=2018-06-11 10:08:14,165, session=2, sequence=63, operation=PrimitiveOperation{id=DefaultOperationId{id=write, type=COMMAND}, value=byte[]{length=17, hash=1297078671}}}}
10:08:14.306 [raft-server-3-state] TRACE i.a.p.s.impl.DefaultServiceExecutor - PrimitiveService{2}{type=io.atomix.protocols.raft.RaftTest$TestPrimitiveType@5b77a59f, name=raft-test} - Executing DefaultCommit{index=75, session=RaftSession{RaftServiceContext{server=3, type=io.atomix.protocols.raft.RaftTest$TestPrimitiveType@5b77a59f, name=raft-test, id=2}, session=2, timestamp=2018-06-11 10:08:14,165}, time=2018-06-11 10:08:14,165, operation=DefaultOperationId{id=write, type=COMMAND}, value=byte[]{length=17, hash=1297078671}}
10:08:14.330 [raft-server-1] TRACE i.a.p.raft.roles.LeaderAppender - RaftServer{1} - Received AppendResponse{status=OK, term=1, succeeded=true, lastLogIndex=76} from 3
10:08:14.330 [raft-server-1] TRACE i.a.p.raft.roles.LeaderAppender - RaftServer{1} - Sending AppendRequest{term=1, leader=1, prevLogIndex=76, prevLogTerm=1, entries=0, commitIndex=76} to 2
10:08:14.330 [raft-server-1] TRACE i.a.p.raft.roles.LeaderAppender - RaftServer{1} - Sending AppendRequest{term=1, leader=1, prevLogIndex=76, prevLogTerm=1, entries=0, commitIndex=76} to 3
10:08:14.330 [raft-server-2] TRACE i.a.p.raft.roles.FollowerRole - RaftServer{2}{role=FOLLOWER} - Received AppendRequest{term=1, leader=1, prevLogIndex=76, prevLogTerm=1, entries=0, commitIndex=76}
10:08:14.330 [raft-server-3] TRACE i.a.p.raft.roles.FollowerRole - RaftServer{3}{role=FOLLOWER} - Received AppendRequest{term=1, leader=1, prevLogIndex=76, prevLogTerm=1, entries=0, commitIndex=76}
10:08:14.330 [raft-server-1-state] TRACE i.a.p.raft.impl.RaftServiceManager - RaftServer{1} - Applying Indexed{index=76, entry=CommandEntry{term=1, timestamp=2018-06-11 10:08:14,273, session=2, sequence=64, operation=PrimitiveOperation{id=DefaultOperationId{id=write, type=COMMAND}, value=byte[]{length=17, hash=1297078671}}}}
10:08:14.331 [raft-server-1-state] TRACE i.a.p.s.impl.DefaultServiceExecutor - PrimitiveService{2}{type=io.atomix.protocols.raft.RaftTest$TestPrimitiveType@5051ea1e, name=raft-test} - Executing DefaultCommit{index=76, session=RaftSession{RaftServiceContext{server=1, type=io.atomix.protocols.raft.RaftTest$TestPrimitiveType@5051ea1e, name=raft-test, id=2}, session=2, timestamp=2018-06-11 10:08:14,273}, time=2018-06-11 10:08:14,273, operation=DefaultOperationId{id=write, type=COMMAND}, value=byte[]{length=17, hash=1297078671}}
10:08:14.331 [raft-server-1-state] TRACE i.a.protocols.raft.roles.LeaderRole - RaftServer{1}{role=LEADER} - Sending CommandResponse{status=OK, index=76, eventIndex=2, result=byte[]{length=3, hash=35217}}
10:08:14.331 [raft-client-995c025b-ba21-4dd3-828a-0c3e52b0447e-2] TRACE i.a.p.r.s.impl.RaftSessionConnection - SessionClient{2}{type=io.atomix.protocols.raft.RaftTest$TestPrimitiveType@6b321262, name=raft-test} - Received CommandResponse{status=OK, index=76, eventIndex=2, result=byte[]{length=3, hash=35217}} from 1
10:08:14.331 [raft-client-995c025b-ba21-4dd3-828a-0c3e52b0447e-2] TRACE i.a.p.r.s.impl.RaftSessionSequencer - SessionClient{2}{type=io.atomix.protocols.raft.RaftTest$TestPrimitiveType@6b321262, name=raft-test} - Completing response CommandResponse{status=OK, index=76, eventIndex=2, result=byte[]{length=3, hash=35217}}
10:08:14.331 [raft-client-995c025b-ba21-4dd3-828a-0c3e52b0447e-5] TRACE i.a.p.r.s.impl.RaftSessionConnection - SessionClient{2}{type=io.atomix.protocols.raft.RaftTest$TestPrimitiveType@6b321262, name=raft-test} - Sending CommandRequest{session=2, sequence=65, operation=PrimitiveOperation{id=DefaultOperationId{id=write, type=COMMAND}, value=byte[]{length=17, hash=1297078671}}} to 1
10:08:14.331 [raft-server-1] TRACE i.a.protocols.raft.roles.LeaderRole - RaftServer{1}{role=LEADER} - Received CommandRequest{session=2, sequence=65, operation=PrimitiveOperation{id=DefaultOperationId{id=write, type=COMMAND}, value=byte[]{length=17, hash=1297078671}}}
10:08:14.331 [raft-server-1] TRACE i.a.protocols.raft.roles.LeaderRole - RaftServer{1}{role=LEADER} - Appended Indexed{index=77, entry=CommandEntry{term=1, timestamp=2018-06-11 10:08:14,331, session=2, sequence=65, operation=PrimitiveOperation{id=DefaultOperationId{id=write, type=COMMAND}, value=byte[]{length=17, hash=1297078671}}}}
10:08:14.347 [raft-server-2] TRACE i.a.p.raft.roles.FollowerRole - RaftServer{2}{role=FOLLOWER} - Committed entries up to index 76
10:08:14.347 [raft-server-2] TRACE i.a.p.raft.roles.FollowerRole - RaftServer{2}{role=FOLLOWER} - Sending AppendResponse{status=OK, term=1, succeeded=true, lastLogIndex=76}
10:08:14.347 [raft-server-1] TRACE i.a.p.raft.roles.LeaderAppender - RaftServer{1} - Received AppendResponse{status=OK, term=1, succeeded=true, lastLogIndex=76} from 2
10:08:14.347 [raft-server-1] TRACE i.a.p.raft.roles.LeaderAppender - RaftServer{1} - Sending AppendRequest{term=1, leader=1, prevLogIndex=76, prevLogTerm=1, entries=1, commitIndex=76} to 2
10:08:14.347 [raft-server-2-state] TRACE i.a.p.raft.impl.RaftServiceManager - RaftServer{2} - Applying Indexed{index=76, entry=CommandEntry{term=1, timestamp=2018-06-11 10:08:14,273, session=2, sequence=64, operation=PrimitiveOperation{id=DefaultOperationId{id=write, type=COMMAND}, value=byte[]{length=17, hash=1297078671}}}}
10:08:14.347 [raft-server-2] TRACE i.a.p.raft.roles.FollowerRole - RaftServer{2}{role=FOLLOWER} - Received AppendRequest{term=1, leader=1, prevLogIndex=76, prevLogTerm=1, entries=1, commitIndex=76}
10:08:14.347 [raft-server-2-state] TRACE i.a.p.s.impl.DefaultServiceExecutor - PrimitiveService{2}{type=io.atomix.protocols.raft.RaftTest$TestPrimitiveType@25c42b8f, name=raft-test} - Executing DefaultCommit{index=76, session=RaftSession{RaftServiceContext{server=2, type=io.atomix.protocols.raft.RaftTest$TestPrimitiveType@25c42b8f, name=raft-test, id=2}, session=2, timestamp=2018-06-11 10:08:14,273}, time=2018-06-11 10:08:14,273, operation=DefaultOperationId{id=write, type=COMMAND}, value=byte[]{length=17, hash=1297078671}}
10:08:14.347 [raft-server-2] TRACE i.a.p.raft.roles.FollowerRole - RaftServer{2}{role=FOLLOWER} - Appended Indexed{index=77, entry=CommandEntry{term=1, timestamp=2018-06-11 10:08:14,331, session=2, sequence=65, operation=PrimitiveOperation{id=DefaultOperationId{id=write, type=COMMAND}, value=byte[]{length=17, hash=1297078671}}}}
10:08:14.347 [raft-server-2] TRACE i.a.p.raft.roles.FollowerRole - RaftServer{2}{role=FOLLOWER} - Sending AppendResponse{status=OK, term=1, succeeded=true, lastLogIndex=77}
10:08:14.347 [raft-server-1] TRACE i.a.p.raft.roles.LeaderAppender - RaftServer{1} - Received AppendResponse{status=OK, term=1, succeeded=true, lastLogIndex=77} from 2
10:08:14.347 [raft-server-1] TRACE i.a.p.raft.roles.LeaderAppender - RaftServer{1} - Committed entries up to 77
10:08:14.372 [raft-server-3] TRACE i.a.p.raft.roles.FollowerRole - RaftServer{3}{role=FOLLOWER} - Committed entries up to index 76
10:08:14.372 [raft-server-3] TRACE i.a.p.raft.roles.FollowerRole - RaftServer{3}{role=FOLLOWER} - Sending AppendResponse{status=OK, term=1, succeeded=true, lastLogIndex=76}
10:08:14.372 [raft-server-3-state] TRACE i.a.p.raft.impl.RaftServiceManager - RaftServer{3} - Applying Indexed{index=76, entry=CommandEntry{term=1, timestamp=2018-06-11 10:08:14,273, session=2, sequence=64, operation=PrimitiveOperation{id=DefaultOperationId{id=write, type=COMMAND}, value=byte[]{length=17, hash=1297078671}}}}
10:08:14.372 [raft-server-3-state] TRACE i.a.p.s.impl.DefaultServiceExecutor - PrimitiveService{2}{type=io.atomix.protocols.raft.RaftTest$TestPrimitiveType@5b77a59f, name=raft-test} - Executing DefaultCommit{index=76, session=RaftSession{RaftServiceContext{server=3, type=io.atomix.protocols.raft.RaftTest$TestPrimitiveType@5b77a59f, name=raft-test, id=2}, session=2, timestamp=2018-06-11 10:08:14,273}, time=2018-06-11 10:08:14,273, operation=DefaultOperationId{id=write, type=COMMAND}, value=byte[]{length=17, hash=1297078671}}
10:08:14.389 [raft-server-1] TRACE i.a.p.raft.roles.LeaderAppender - RaftServer{1} - Received AppendResponse{status=OK, term=1, succeeded=true, lastLogIndex=76} from 3
10:08:14.389 [raft-server-1] TRACE i.a.p.raft.roles.LeaderAppender - RaftServer{1} - Sending AppendRequest{term=1, leader=1, prevLogIndex=76, prevLogTerm=1, entries=1, commitIndex=77} to 3
10:08:14.389 [raft-server-3] TRACE i.a.p.raft.roles.FollowerRole - RaftServer{3}{role=FOLLOWER} - Received AppendRequest{term=1, leader=1, prevLogIndex=76, prevLogTerm=1, entries=1, commitIndex=77}
10:08:14.389 [raft-server-1-state] TRACE i.a.p.raft.impl.RaftServiceManager - RaftServer{1} - Applying Indexed{index=77, entry=CommandEntry{term=1, timestamp=2018-06-11 10:08:14,331, session=2, sequence=65, operation=PrimitiveOperation{id=DefaultOperationId{id=write, type=COMMAND}, value=byte[]{length=17, hash=1297078671}}}}
10:08:14.389 [raft-server-1-state] TRACE i.a.p.s.impl.DefaultServiceExecutor - PrimitiveService{2}{type=io.atomix.protocols.raft.RaftTest$TestPrimitiveType@5051ea1e, name=raft-test} - Executing DefaultCommit{index=77, session=RaftSession{RaftServiceContext{server=1, type=io.atomix.protocols.raft.RaftTest$TestPrimitiveType@5051ea1e, name=raft-test, id=2}, session=2, timestamp=2018-06-11 10:08:14,331}, time=2018-06-11 10:08:14,331, operation=DefaultOperationId{id=write, type=COMMAND}, value=byte[]{length=17, hash=1297078671}}
10:08:14.389 [raft-server-3] TRACE i.a.p.raft.roles.FollowerRole - RaftServer{3}{role=FOLLOWER} - Appended Indexed{index=77, entry=CommandEntry{term=1, timestamp=2018-06-11 10:08:14,331, session=2, sequence=65, operation=PrimitiveOperation{id=DefaultOperationId{id=write, type=COMMAND}, value=byte[]{length=17, hash=1297078671}}}}
10:08:14.389 [raft-server-1-state] TRACE i.a.protocols.raft.roles.LeaderRole - RaftServer{1}{role=LEADER} - Sending CommandResponse{status=OK, index=77, eventIndex=2, result=byte[]{length=3, hash=35279}}
10:08:14.389 [raft-client-995c025b-ba21-4dd3-828a-0c3e52b0447e-4] TRACE i.a.p.r.s.impl.RaftSessionConnection - SessionClient{2}{type=io.atomix.protocols.raft.RaftTest$TestPrimitiveType@6b321262, name=raft-test} - Received CommandResponse{status=OK, index=77, eventIndex=2, result=byte[]{length=3, hash=35279}} from 1
10:08:14.389 [raft-client-995c025b-ba21-4dd3-828a-0c3e52b0447e-4] TRACE i.a.p.r.s.impl.RaftSessionSequencer - SessionClient{2}{type=io.atomix.protocols.raft.RaftTest$TestPrimitiveType@6b321262, name=raft-test} - Completing response CommandResponse{status=OK, index=77, eventIndex=2, result=byte[]{length=3, hash=35279}}
10:08:14.389 [raft-client-995c025b-ba21-4dd3-828a-0c3e52b0447e-3] TRACE i.a.p.r.s.impl.RaftSessionConnection - SessionClient{2}{type=io.atomix.protocols.raft.RaftTest$TestPrimitiveType@6b321262, name=raft-test} - Sending CommandRequest{session=2, sequence=66, operation=PrimitiveOperation{id=DefaultOperationId{id=write, type=COMMAND}, value=byte[]{length=17, hash=1297078671}}} to 1
10:08:14.389 [raft-server-1] TRACE i.a.protocols.raft.roles.LeaderRole - RaftServer{1}{role=LEADER} - Received CommandRequest{session=2, sequence=66, operation=PrimitiveOperation{id=DefaultOperationId{id=write, type=COMMAND}, value=byte[]{length=17, hash=1297078671}}}
10:08:14.389 [raft-server-1] TRACE i.a.protocols.raft.roles.LeaderRole - RaftServer{1}{role=LEADER} - Appended Indexed{index=78, entry=CommandEntry{term=1, timestamp=2018-06-11 10:08:14,389, session=2, sequence=66, operation=PrimitiveOperation{id=DefaultOperationId{id=write, type=COMMAND}, value=byte[]{length=17, hash=1297078671}}}}
10:08:14.390 [raft-server-1] TRACE i.a.p.raft.roles.LeaderAppender - RaftServer{1} - Sending AppendRequest{term=1, leader=1, prevLogIndex=77, prevLogTerm=1, entries=1, commitIndex=77} to 2
10:08:14.390 [raft-server-2] TRACE i.a.p.raft.roles.FollowerRole - RaftServer{2}{role=FOLLOWER} - Received AppendRequest{term=1, leader=1, prevLogIndex=77, prevLogTerm=1, entries=1, commitIndex=77}
10:08:14.390 [raft-server-2] TRACE i.a.p.raft.roles.FollowerRole - RaftServer{2}{role=FOLLOWER} - Appended Indexed{index=78, entry=CommandEntry{term=1, timestamp=2018-06-11 10:08:14,389, session=2, sequence=66, operation=PrimitiveOperation{id=DefaultOperationId{id=write, type=COMMAND}, value=byte[]{length=17, hash=1297078671}}}}
10:08:14.428 [raft-server-3] TRACE i.a.p.raft.roles.FollowerRole - RaftServer{3}{role=FOLLOWER} - Committed entries up to index 77
10:08:14.428 [raft-server-3] TRACE i.a.p.raft.roles.FollowerRole - RaftServer{3}{role=FOLLOWER} - Sending AppendResponse{status=OK, term=1, succeeded=true, lastLogIndex=77}
10:08:14.428 [raft-server-1] TRACE i.a.p.raft.roles.LeaderAppender - RaftServer{1} - Received AppendResponse{status=OK, term=1, succeeded=true, lastLogIndex=77} from 3
10:08:14.428 [raft-server-1] TRACE i.a.p.raft.roles.LeaderAppender - RaftServer{1} - Sending AppendRequest{term=1, leader=1, prevLogIndex=77, prevLogTerm=1, entries=1, commitIndex=77} to 3
10:08:14.428 [raft-server-3-state] TRACE i.a.p.raft.impl.RaftServiceManager - RaftServer{3} - Applying Indexed{index=77, entry=CommandEntry{term=1, timestamp=2018-06-11 10:08:14,331, session=2, sequence=65, operation=PrimitiveOperation{id=DefaultOperationId{id=write, type=COMMAND}, value=byte[]{length=17, hash=1297078671}}}}
10:08:14.428 [raft-server-3-state] TRACE i.a.p.s.impl.DefaultServiceExecutor - PrimitiveService{2}{type=io.atomix.protocols.raft.RaftTest$TestPrimitiveType@5b77a59f, name=raft-test} - Executing DefaultCommit{index=77, session=RaftSession{RaftServiceContext{server=3, type=io.atomix.protocols.raft.RaftTest$TestPrimitiveType@5b77a59f, name=raft-test, id=2}, session=2, timestamp=2018-06-11 10:08:14,331}, time=2018-06-11 10:08:14,331, operation=DefaultOperationId{id=write, type=COMMAND}, value=byte[]{length=17, hash=1297078671}}
10:08:14.428 [raft-server-3] TRACE i.a.p.raft.roles.FollowerRole - RaftServer{3}{role=FOLLOWER} - Received AppendRequest{term=1, leader=1, prevLogIndex=77, prevLogTerm=1, entries=1, commitIndex=77}
10:08:14.428 [raft-server-3] TRACE i.a.p.raft.roles.FollowerRole - RaftServer{3}{role=FOLLOWER} - Appended Indexed{index=78, entry=CommandEntry{term=1, timestamp=2018-06-11 10:08:14,389, session=2, sequence=66, operation=PrimitiveOperation{id=DefaultOperationId{id=write, type=COMMAND}, value=byte[]{length=17, hash=1297078671}}}}
10:08:14.428 [raft-server-3] TRACE i.a.p.raft.roles.FollowerRole - RaftServer{3}{role=FOLLOWER} - Sending AppendResponse{status=OK, term=1, succeeded=true, lastLogIndex=78}
10:08:14.428 [raft-server-1] TRACE i.a.p.raft.roles.LeaderAppender - RaftServer{1} - Received AppendResponse{status=OK, term=1, succeeded=true, lastLogIndex=78} from 3
10:08:14.429 [raft-server-1] TRACE i.a.p.raft.roles.LeaderAppender - RaftServer{1} - Committed entries up to 78
10:08:14.455 [raft-server-2] TRACE i.a.p.raft.roles.FollowerRole - RaftServer{2}{role=FOLLOWER} - Committed entries up to index 77
10:08:14.455 [raft-server-2] TRACE i.a.p.raft.roles.FollowerRole - RaftServer{2}{role=FOLLOWER} - Sending AppendResponse{status=OK, term=1, succeeded=true, lastLogIndex=78}
10:08:14.455 [raft-server-2-state] TRACE i.a.p.raft.impl.RaftServiceManager - RaftServer{2} - Applying Indexed{index=77, entry=CommandEntry{term=1, timestamp=2018-06-11 10:08:14,331, session=2, sequence=65, operation=PrimitiveOperation{id=DefaultOperationId{id=write, type=COMMAND}, value=byte[]{length=17, hash=1297078671}}}}
10:08:14.455 [raft-server-2-state] TRACE i.a.p.s.impl.DefaultServiceExecutor - PrimitiveService{2}{type=io.atomix.protocols.raft.RaftTest$TestPrimitiveType@25c42b8f, name=raft-test} - Executing DefaultCommit{index=77, session=RaftSession{RaftServiceContext{server=2, type=io.atomix.protocols.raft.RaftTest$TestPrimitiveType@25c42b8f, name=raft-test, id=2}, session=2, timestamp=2018-06-11 10:08:14,331}, time=2018-06-11 10:08:14,331, operation=DefaultOperationId{id=write, type=COMMAND}, value=byte[]{length=17, hash=1297078671}}
10:08:14.572 [raft-server-1] TRACE i.a.p.raft.roles.LeaderAppender - RaftServer{1} - Received AppendResponse{status=OK, term=1, succeeded=true, lastLogIndex=78} from 2
10:08:14.572 [raft-server-1-state] TRACE i.a.p.raft.impl.RaftServiceManager - RaftServer{1} - Applying Indexed{index=78, entry=CommandEntry{term=1, timestamp=2018-06-11 10:08:14,389, session=2, sequence=66, operation=PrimitiveOperation{id=DefaultOperationId{id=write, type=COMMAND}, value=byte[]{length=17, hash=1297078671}}}}
10:08:14.572 [raft-server-1-state] TRACE i.a.p.s.impl.DefaultServiceExecutor - PrimitiveService{2}{type=io.atomix.protocols.raft.RaftTest$TestPrimitiveType@5051ea1e, name=raft-test} - Executing DefaultCommit{index=78, session=RaftSession{RaftServiceContext{server=1, type=io.atomix.protocols.raft.RaftTest$TestPrimitiveType@5051ea1e, name=raft-test, id=2}, session=2, timestamp=2018-06-11 10:08:14,389}, time=2018-06-11 10:08:14,389, operation=DefaultOperationId{id=write, type=COMMAND}, value=byte[]{length=17, hash=1297078671}}
10:08:14.572 [raft-server-1-state] TRACE i.a.protocols.raft.roles.LeaderRole - RaftServer{1}{role=LEADER} - Sending CommandResponse{status=OK, index=78, eventIndex=2, result=byte[]{length=3, hash=35341}}
10:08:14.572 [raft-client-995c025b-ba21-4dd3-828a-0c3e52b0447e-2] TRACE i.a.p.r.s.impl.RaftSessionConnection - SessionClient{2}{type=io.atomix.protocols.raft.RaftTest$TestPrimitiveType@6b321262, name=raft-test} - Received CommandResponse{status=OK, index=78, eventIndex=2, result=byte[]{length=3, hash=35341}} from 1
10:08:14.572 [raft-client-995c025b-ba21-4dd3-828a-0c3e52b0447e-2] TRACE i.a.p.r.s.impl.RaftSessionSequencer - SessionClient{2}{type=io.atomix.protocols.raft.RaftTest$TestPrimitiveType@6b321262, name=raft-test} - Completing response CommandResponse{status=OK, index=78, eventIndex=2, result=byte[]{length=3, hash=35341}}
10:08:14.573 [raft-client-995c025b-ba21-4dd3-828a-0c3e52b0447e-2] TRACE i.a.p.r.s.impl.RaftSessionConnection - SessionClient{2}{type=io.atomix.protocols.raft.RaftTest$TestPrimitiveType@6b321262, name=raft-test} - Sending CommandRequest{session=2, sequence=67, operation=PrimitiveOperation{id=DefaultOperationId{id=write, type=COMMAND}, value=byte[]{length=17, hash=1297078671}}} to 1
10:08:14.573 [raft-server-1] TRACE i.a.protocols.raft.roles.LeaderRole - RaftServer{1}{role=LEADER} - Received CommandRequest{session=2, sequence=67, operation=PrimitiveOperation{id=DefaultOperationId{id=write, type=COMMAND}, value=byte[]{length=17, hash=1297078671}}}
10:08:14.573 [raft-server-1] TRACE i.a.protocols.raft.roles.LeaderRole - RaftServer{1}{role=LEADER} - Appended Indexed{index=79, entry=CommandEntry{term=1, timestamp=2018-06-11 10:08:14,573, session=2, sequence=67, operation=PrimitiveOperation{id=DefaultOperationId{id=write, type=COMMAND}, value=byte[]{length=17, hash=1297078671}}}}
10:08:14.573 [raft-server-1] TRACE i.a.p.raft.roles.LeaderAppender - RaftServer{1} - Sending AppendRequest{term=1, leader=1, prevLogIndex=78, prevLogTerm=1, entries=1, commitIndex=78} to 2
10:08:14.573 [raft-server-2] TRACE i.a.p.raft.roles.FollowerRole - RaftServer{2}{role=FOLLOWER} - Received AppendRequest{term=1, leader=1, prevLogIndex=78, prevLogTerm=1, entries=1, commitIndex=78}
10:08:14.573 [raft-server-1] TRACE i.a.p.raft.roles.LeaderAppender - RaftServer{1} - Sending AppendRequest{term=1, leader=1, prevLogIndex=78, prevLogTerm=1, entries=1, commitIndex=78} to 3
10:08:14.573 [raft-server-3] TRACE i.a.p.raft.roles.FollowerRole - RaftServer{3}{role=FOLLOWER} - Received AppendRequest{term=1, leader=1, prevLogIndex=78, prevLogTerm=1, entries=1, commitIndex=78}
10:08:14.573 [raft-server-2] TRACE i.a.p.raft.roles.FollowerRole - RaftServer{2}{role=FOLLOWER} - Appended Indexed{index=79, entry=CommandEntry{term=1, timestamp=2018-06-11 10:08:14,573, session=2, sequence=67, operation=PrimitiveOperation{id=DefaultOperationId{id=write, type=COMMAND}, value=byte[]{length=17, hash=1297078671}}}}
10:08:14.573 [raft-server-3] TRACE i.a.p.raft.roles.FollowerRole - RaftServer{3}{role=FOLLOWER} - Appended Indexed{index=79, entry=CommandEntry{term=1, timestamp=2018-06-11 10:08:14,573, session=2, sequence=67, operation=PrimitiveOperation{id=DefaultOperationId{id=write, type=COMMAND}, value=byte[]{length=17, hash=1297078671}}}}
10:08:14.626 [raft-server-2] TRACE i.a.p.raft.roles.FollowerRole - RaftServer{2}{role=FOLLOWER} - Committed entries up to index 78
10:08:14.626 [raft-server-2] TRACE i.a.p.raft.roles.FollowerRole - RaftServer{2}{role=FOLLOWER} - Sending AppendResponse{status=OK, term=1, succeeded=true, lastLogIndex=79}
10:08:14.626 [raft-server-1] TRACE i.a.p.raft.roles.LeaderAppender - RaftServer{1} - Received AppendResponse{status=OK, term=1, succeeded=true, lastLogIndex=79} from 2
10:08:14.626 [raft-server-3] TRACE i.a.p.raft.roles.FollowerRole - RaftServer{3}{role=FOLLOWER} - Committed entries up to index 78
10:08:14.626 [raft-server-1] TRACE i.a.p.raft.roles.LeaderAppender - RaftServer{1} - Committed entries up to 79
10:08:14.627 [raft-server-3] TRACE i.a.p.raft.roles.FollowerRole - RaftServer{3}{role=FOLLOWER} - Sending AppendResponse{status=OK, term=1, succeeded=true, lastLogIndex=79}
10:08:14.627 [raft-server-2-state] TRACE i.a.p.raft.impl.RaftServiceManager - RaftServer{2} - Applying Indexed{index=78, entry=CommandEntry{term=1, timestamp=2018-06-11 10:08:14,389, session=2, sequence=66, operation=PrimitiveOperation{id=DefaultOperationId{id=write, type=COMMAND}, value=byte[]{length=17, hash=1297078671}}}}
10:08:14.627 [raft-server-2-state] TRACE i.a.p.s.impl.DefaultServiceExecutor - PrimitiveService{2}{type=io.atomix.protocols.raft.RaftTest$TestPrimitiveType@25c42b8f, name=raft-test} - Executing DefaultCommit{index=78, session=RaftSession{RaftServiceContext{server=2, type=io.atomix.protocols.raft.RaftTest$TestPrimitiveType@25c42b8f, name=raft-test, id=2}, session=2, timestamp=2018-06-11 10:08:14,389}, time=2018-06-11 10:08:14,389, operation=DefaultOperationId{id=write, type=COMMAND}, value=byte[]{length=17, hash=1297078671}}
10:08:14.627 [raft-server-3-state] TRACE i.a.p.raft.impl.RaftServiceManager - RaftServer{3} - Applying Indexed{index=78, entry=CommandEntry{term=1, timestamp=2018-06-11 10:08:14,389, session=2, sequence=66, operation=PrimitiveOperation{id=DefaultOperationId{id=write, type=COMMAND}, value=byte[]{length=17, hash=1297078671}}}}
10:08:14.627 [raft-server-3-state] TRACE i.a.p.s.impl.DefaultServiceExecutor - PrimitiveService{2}{type=io.atomix.protocols.raft.RaftTest$TestPrimitiveType@5b77a59f, name=raft-test} - Executing DefaultCommit{index=78, session=RaftSession{RaftServiceContext{server=3, type=io.atomix.protocols.raft.RaftTest$TestPrimitiveType@5b77a59f, name=raft-test, id=2}, session=2, timestamp=2018-06-11 10:08:14,389}, time=2018-06-11 10:08:14,389, operation=DefaultOperationId{id=write, type=COMMAND}, value=byte[]{length=17, hash=1297078671}}
10:08:14.663 [raft-server-1] TRACE i.a.p.raft.roles.LeaderAppender - RaftServer{1} - Sending AppendRequest{term=1, leader=1, prevLogIndex=79, prevLogTerm=1, entries=0, commitIndex=79} to 2
10:08:14.664 [raft-server-1] TRACE i.a.p.raft.roles.LeaderAppender - RaftServer{1} - Received AppendResponse{status=OK, term=1, succeeded=true, lastLogIndex=79} from 3
10:08:14.664 [raft-server-2] TRACE i.a.p.raft.roles.FollowerRole - RaftServer{2}{role=FOLLOWER} - Received AppendRequest{term=1, leader=1, prevLogIndex=79, prevLogTerm=1, entries=0, commitIndex=79}
10:08:14.664 [raft-server-1] TRACE i.a.p.raft.roles.LeaderAppender - RaftServer{1} - Sending AppendRequest{term=1, leader=1, prevLogIndex=79, prevLogTerm=1, entries=0, commitIndex=79} to 3
10:08:14.664 [raft-server-3] TRACE i.a.p.raft.roles.FollowerRole - RaftServer{3}{role=FOLLOWER} - Received AppendRequest{term=1, leader=1, prevLogIndex=79, prevLogTerm=1, entries=0, commitIndex=79}
10:08:14.664 [raft-server-1-state] TRACE i.a.p.raft.impl.RaftServiceManager - RaftServer{1} - Applying Indexed{index=79, entry=CommandEntry{term=1, timestamp=2018-06-11 10:08:14,573, session=2, sequence=67, operation=PrimitiveOperation{id=DefaultOperationId{id=write, type=COMMAND}, value=byte[]{length=17, hash=1297078671}}}}
10:08:14.664 [raft-server-1-state] TRACE i.a.p.s.impl.DefaultServiceExecutor - PrimitiveService{2}{type=io.atomix.protocols.raft.RaftTest$TestPrimitiveType@5051ea1e, name=raft-test} - Executing DefaultCommit{index=79, session=RaftSession{RaftServiceContext{server=1, type=io.atomix.protocols.raft.RaftTest$TestPrimitiveType@5051ea1e, name=raft-test, id=2}, session=2, timestamp=2018-06-11 10:08:14,573}, time=2018-06-11 10:08:14,573, operation=DefaultOperationId{id=write, type=COMMAND}, value=byte[]{length=17, hash=1297078671}}
10:08:14.664 [raft-server-1-state] TRACE i.a.protocols.raft.roles.LeaderRole - RaftServer{1}{role=LEADER} - Sending CommandResponse{status=OK, index=79, eventIndex=2, result=byte[]{length=3, hash=35403}}
10:08:14.664 [raft-client-995c025b-ba21-4dd3-828a-0c3e52b0447e-6] TRACE i.a.p.r.s.impl.RaftSessionConnection - SessionClient{2}{type=io.atomix.protocols.raft.RaftTest$TestPrimitiveType@6b321262, name=raft-test} - Received CommandResponse{status=OK, index=79, eventIndex=2, result=byte[]{length=3, hash=35403}} from 1
10:08:14.664 [raft-client-995c025b-ba21-4dd3-828a-0c3e52b0447e-6] TRACE i.a.p.r.s.impl.RaftSessionSequencer - SessionClient{2}{type=io.atomix.protocols.raft.RaftTest$TestPrimitiveType@6b321262, name=raft-test} - Completing response CommandResponse{status=OK, index=79, eventIndex=2, result=byte[]{length=3, hash=35403}}
10:08:14.665 [raft-client-995c025b-ba21-4dd3-828a-0c3e52b0447e-0] TRACE i.a.p.r.s.impl.RaftSessionConnection - SessionClient{2}{type=io.atomix.protocols.raft.RaftTest$TestPrimitiveType@6b321262, name=raft-test} - Sending CommandRequest{session=2, sequence=68, operation=PrimitiveOperation{id=DefaultOperationId{id=write, type=COMMAND}, value=byte[]{length=17, hash=1297078671}}} to 1
10:08:14.665 [raft-server-1] TRACE i.a.protocols.raft.roles.LeaderRole - RaftServer{1}{role=LEADER} - Received CommandRequest{session=2, sequence=68, operation=PrimitiveOperation{id=DefaultOperationId{id=write, type=COMMAND}, value=byte[]{length=17, hash=1297078671}}}
10:08:14.665 [raft-server-1] TRACE i.a.protocols.raft.roles.LeaderRole - RaftServer{1}{role=LEADER} - Appended Indexed{index=80, entry=CommandEntry{term=1, timestamp=2018-06-11 10:08:14,665, session=2, sequence=68, operation=PrimitiveOperation{id=DefaultOperationId{id=write, type=COMMAND}, value=byte[]{length=17, hash=1297078671}}}}
10:08:14.705 [raft-server-2] TRACE i.a.p.raft.roles.FollowerRole - RaftServer{2}{role=FOLLOWER} - Committed entries up to index 79
10:08:14.705 [raft-server-2] TRACE i.a.p.raft.roles.FollowerRole - RaftServer{2}{role=FOLLOWER} - Sending AppendResponse{status=OK, term=1, succeeded=true, lastLogIndex=79}
10:08:14.705 [raft-server-1] TRACE i.a.p.raft.roles.LeaderAppender - RaftServer{1} - Received AppendResponse{status=OK, term=1, succeeded=true, lastLogIndex=79} from 2
10:08:14.705 [raft-server-1] TRACE i.a.p.raft.roles.LeaderAppender - RaftServer{1} - Sending AppendRequest{term=1, leader=1, prevLogIndex=79, prevLogTerm=1, entries=1, commitIndex=79} to 2
10:08:14.705 [raft-server-2-state] TRACE i.a.p.raft.impl.RaftServiceManager - RaftServer{2} - Applying Indexed{index=79, entry=CommandEntry{term=1, timestamp=2018-06-11 10:08:14,573, session=2, sequence=67, operation=PrimitiveOperation{id=DefaultOperationId{id=write, type=COMMAND}, value=byte[]{length=17, hash=1297078671}}}}
10:08:14.705 [raft-server-2] TRACE i.a.p.raft.roles.FollowerRole - RaftServer{2}{role=FOLLOWER} - Received AppendRequest{term=1, leader=1, prevLogIndex=79, prevLogTerm=1, entries=1, commitIndex=79}
10:08:14.705 [raft-server-2-state] TRACE i.a.p.s.impl.DefaultServiceExecutor - PrimitiveService{2}{type=io.atomix.protocols.raft.RaftTest$TestPrimitiveType@25c42b8f, name=raft-test} - Executing DefaultCommit{index=79, session=RaftSession{RaftServiceContext{server=2, type=io.atomix.protocols.raft.RaftTest$TestPrimitiveType@25c42b8f, name=raft-test, id=2}, session=2, timestamp=2018-06-11 10:08:14,573}, time=2018-06-11 10:08:14,573, operation=DefaultOperationId{id=write, type=COMMAND}, value=byte[]{length=17, hash=1297078671}}
10:08:14.706 [raft-server-2] TRACE i.a.p.raft.roles.FollowerRole - RaftServer{2}{role=FOLLOWER} - Appended Indexed{index=80, entry=CommandEntry{term=1, timestamp=2018-06-11 10:08:14,665, session=2, sequence=68, operation=PrimitiveOperation{id=DefaultOperationId{id=write, type=COMMAND}, value=byte[]{length=17, hash=1297078671}}}}
10:08:14.706 [raft-server-2] TRACE i.a.p.raft.roles.FollowerRole - RaftServer{2}{role=FOLLOWER} - Sending AppendResponse{status=OK, term=1, succeeded=true, lastLogIndex=80}
10:08:14.706 [raft-server-1] TRACE i.a.p.raft.roles.LeaderAppender - RaftServer{1} - Received AppendResponse{status=OK, term=1, succeeded=true, lastLogIndex=80} from 2
10:08:14.706 [raft-server-1] TRACE i.a.p.raft.roles.LeaderAppender - RaftServer{1} - Committed entries up to 80
10:08:14.747 [raft-server-3] TRACE i.a.p.raft.roles.FollowerRole - RaftServer{3}{role=FOLLOWER} - Committed entries up to index 79
10:08:14.747 [raft-server-3] TRACE i.a.p.raft.roles.FollowerRole - RaftServer{3}{role=FOLLOWER} - Sending AppendResponse{status=OK, term=1, succeeded=true, lastLogIndex=79}
10:08:14.747 [raft-server-3-state] TRACE i.a.p.raft.impl.RaftServiceManager - RaftServer{3} - Applying Indexed{index=79, entry=CommandEntry{term=1, timestamp=2018-06-11 10:08:14,573, session=2, sequence=67, operation=PrimitiveOperation{id=DefaultOperationId{id=write, type=COMMAND}, value=byte[]{length=17, hash=1297078671}}}}
10:08:14.747 [raft-server-3-state] TRACE i.a.p.s.impl.DefaultServiceExecutor - PrimitiveService{2}{type=io.atomix.protocols.raft.RaftTest$TestPrimitiveType@5b77a59f, name=raft-test} - Executing DefaultCommit{index=79, session=RaftSession{RaftServiceContext{server=3, type=io.atomix.protocols.raft.RaftTest$TestPrimitiveType@5b77a59f, name=raft-test, id=2}, session=2, timestamp=2018-06-11 10:08:14,573}, time=2018-06-11 10:08:14,573, operation=DefaultOperationId{id=write, type=COMMAND}, value=byte[]{length=17, hash=1297078671}}
10:08:14.790 [raft-server-1] TRACE i.a.p.raft.roles.LeaderAppender - RaftServer{1} - Received AppendResponse{status=OK, term=1, succeeded=true, lastLogIndex=79} from 3
10:08:14.790 [raft-server-1] TRACE i.a.p.raft.roles.LeaderAppender - RaftServer{1} - Sending AppendRequest{term=1, leader=1, prevLogIndex=79, prevLogTerm=1, entries=1, commitIndex=80} to 3
10:08:14.790 [raft-server-3] TRACE i.a.p.raft.roles.FollowerRole - RaftServer{3}{role=FOLLOWER} - Received AppendRequest{term=1, leader=1, prevLogIndex=79, prevLogTerm=1, entries=1, commitIndex=80}
10:08:14.790 [raft-server-1-state] TRACE i.a.p.raft.impl.RaftServiceManager - RaftServer{1} - Applying Indexed{index=80, entry=CommandEntry{term=1, timestamp=2018-06-11 10:08:14,665, session=2, sequence=68, operation=PrimitiveOperation{id=DefaultOperationId{id=write, type=COMMAND}, value=byte[]{length=17, hash=1297078671}}}}
10:08:14.791 [raft-server-1-state] TRACE i.a.p.s.impl.DefaultServiceExecutor - PrimitiveService{2}{type=io.atomix.protocols.raft.RaftTest$TestPrimitiveType@5051ea1e, name=raft-test} - Executing DefaultCommit{index=80, session=RaftSession{RaftServiceContext{server=1, type=io.atomix.protocols.raft.RaftTest$TestPrimitiveType@5051ea1e, name=raft-test, id=2}, session=2, timestamp=2018-06-11 10:08:14,665}, time=2018-06-11 10:08:14,665, operation=DefaultOperationId{id=write, type=COMMAND}, value=byte[]{length=17, hash=1297078671}}
10:08:14.791 [raft-server-3] TRACE i.a.p.raft.roles.FollowerRole - RaftServer{3}{role=FOLLOWER} - Appended Indexed{index=80, entry=CommandEntry{term=1, timestamp=2018-06-11 10:08:14,665, session=2, sequence=68, operation=PrimitiveOperation{id=DefaultOperationId{id=write, type=COMMAND}, value=byte[]{length=17, hash=1297078671}}}}
10:08:14.791 [raft-server-1-state] TRACE i.a.protocols.raft.roles.LeaderRole - RaftServer{1}{role=LEADER} - Sending CommandResponse{status=OK, index=80, eventIndex=2, result=byte[]{length=3, hash=35465}}
10:08:14.791 [raft-client-995c025b-ba21-4dd3-828a-0c3e52b0447e-7] TRACE i.a.p.r.s.impl.RaftSessionConnection - SessionClient{2}{type=io.atomix.protocols.raft.RaftTest$TestPrimitiveType@6b321262, name=raft-test} - Received CommandResponse{status=OK, index=80, eventIndex=2, result=byte[]{length=3, hash=35465}} from 1
10:08:14.791 [raft-client-995c025b-ba21-4dd3-828a-0c3e52b0447e-7] TRACE i.a.p.r.s.impl.RaftSessionSequencer - SessionClient{2}{type=io.atomix.protocols.raft.RaftTest$TestPrimitiveType@6b321262, name=raft-test} - Completing response CommandResponse{status=OK, index=80, eventIndex=2, result=byte[]{length=3, hash=35465}}
10:08:14.791 [raft-client-995c025b-ba21-4dd3-828a-0c3e52b0447e-2] TRACE i.a.p.r.s.impl.RaftSessionConnection - SessionClient{2}{type=io.atomix.protocols.raft.RaftTest$TestPrimitiveType@6b321262, name=raft-test} - Sending CommandRequest{session=2, sequence=69, operation=PrimitiveOperation{id=DefaultOperationId{id=write, type=COMMAND}, value=byte[]{length=17, hash=1297078671}}} to 1
10:08:14.791 [raft-server-1] TRACE i.a.protocols.raft.roles.LeaderRole - RaftServer{1}{role=LEADER} - Received CommandRequest{session=2, sequence=69, operation=PrimitiveOperation{id=DefaultOperationId{id=write, type=COMMAND}, value=byte[]{length=17, hash=1297078671}}}
10:08:14.830 [raft-server-3] TRACE i.a.p.raft.roles.FollowerRole - RaftServer{3}{role=FOLLOWER} - Committed entries up to index 80
10:08:14.830 [raft-server-3] TRACE i.a.p.raft.roles.FollowerRole - RaftServer{3}{role=FOLLOWER} - Sending AppendResponse{status=OK, term=1, succeeded=true, lastLogIndex=80}
10:08:14.830 [raft-server-3-state] TRACE i.a.p.raft.impl.RaftServiceManager - RaftServer{3} - Applying Indexed{index=80, entry=CommandEntry{term=1, timestamp=2018-06-11 10:08:14,665, session=2, sequence=68, operation=PrimitiveOperation{id=DefaultOperationId{id=write, type=COMMAND}, value=byte[]{length=17, hash=1297078671}}}}
10:08:14.830 [raft-server-3-state] TRACE i.a.p.s.impl.DefaultServiceExecutor - PrimitiveService{2}{type=io.atomix.protocols.raft.RaftTest$TestPrimitiveType@5b77a59f, name=raft-test} - Executing DefaultCommit{index=80, session=RaftSession{RaftServiceContext{server=3, type=io.atomix.protocols.raft.RaftTest$TestPrimitiveType@5b77a59f, name=raft-test, id=2}, session=2, timestamp=2018-06-11 10:08:14,665}, time=2018-06-11 10:08:14,665, operation=DefaultOperationId{id=write, type=COMMAND}, value=byte[]{length=17, hash=1297078671}}
10:08:14.907 [raft-server-1] DEBUG i.a.storage.journal.SegmentedJournal - Created disk segment: JournalSegment{id=9, version=1, index=81, size=64}
10:08:14.907 [raft-server-1] TRACE i.a.protocols.raft.roles.LeaderRole - RaftServer{1}{role=LEADER} - Appended Indexed{index=81, entry=CommandEntry{term=1, timestamp=2018-06-11 10:08:14,791, session=2, sequence=69, operation=PrimitiveOperation{id=DefaultOperationId{id=write, type=COMMAND}, value=byte[]{length=17, hash=1297078671}}}}
10:08:14.907 [raft-server-1] TRACE i.a.p.raft.roles.LeaderAppender - RaftServer{1} - Sending AppendRequest{term=1, leader=1, prevLogIndex=80, prevLogTerm=1, entries=1, commitIndex=80} to 2
10:08:14.907 [raft-server-2] TRACE i.a.p.raft.roles.FollowerRole - RaftServer{2}{role=FOLLOWER} - Received AppendRequest{term=1, leader=1, prevLogIndex=80, prevLogTerm=1, entries=1, commitIndex=80}
10:08:14.907 [raft-server-1] TRACE i.a.p.raft.roles.LeaderAppender - RaftServer{1} - Received AppendResponse{status=OK, term=1, succeeded=true, lastLogIndex=80} from 3
10:08:14.908 [raft-server-1] TRACE i.a.p.raft.roles.LeaderAppender - RaftServer{1} - Sending AppendRequest{term=1, leader=1, prevLogIndex=80, prevLogTerm=1, entries=1, commitIndex=80} to 3
10:08:14.908 [raft-server-3] TRACE i.a.p.raft.roles.FollowerRole - RaftServer{3}{role=FOLLOWER} - Received AppendRequest{term=1, leader=1, prevLogIndex=80, prevLogTerm=1, entries=1, commitIndex=80}
10:08:15.097 [raft-server-3] DEBUG i.a.storage.journal.SegmentedJournal - Created disk segment: JournalSegment{id=9, version=1, index=81, size=64}
10:08:15.097 [raft-server-3] TRACE i.a.p.raft.roles.FollowerRole - RaftServer{3}{role=FOLLOWER} - Appended Indexed{index=81, entry=CommandEntry{term=1, timestamp=2018-06-11 10:08:14,791, session=2, sequence=69, operation=PrimitiveOperation{id=DefaultOperationId{id=write, type=COMMAND}, value=byte[]{length=17, hash=1297078671}}}}
10:08:15.097 [raft-server-3] TRACE i.a.p.raft.roles.FollowerRole - RaftServer{3}{role=FOLLOWER} - Sending AppendResponse{status=OK, term=1, succeeded=true, lastLogIndex=81}
10:08:15.097 [raft-server-1] TRACE i.a.p.raft.roles.LeaderAppender - RaftServer{1} - Received AppendResponse{status=OK, term=1, succeeded=true, lastLogIndex=81} from 3
10:08:15.097 [raft-server-1] TRACE i.a.p.raft.roles.LeaderAppender - RaftServer{1} - Committed entries up to 81
10:08:15.138 [raft-server-2] DEBUG i.a.storage.journal.SegmentedJournal - Created disk segment: JournalSegment{id=9, version=1, index=81, size=64}
10:08:15.139 [raft-server-2] TRACE i.a.p.raft.roles.FollowerRole - RaftServer{2}{role=FOLLOWER} - Appended Indexed{index=81, entry=CommandEntry{term=1, timestamp=2018-06-11 10:08:14,791, session=2, sequence=69, operation=PrimitiveOperation{id=DefaultOperationId{id=write, type=COMMAND}, value=byte[]{length=17, hash=1297078671}}}}
10:08:15.180 [raft-server-1] TRACE i.a.p.raft.roles.LeaderAppender - RaftServer{1} - Sending AppendRequest{term=1, leader=1, prevLogIndex=81, prevLogTerm=1, entries=0, commitIndex=81} to 3
10:08:15.180 [raft-server-3] TRACE i.a.p.raft.roles.FollowerRole - RaftServer{3}{role=FOLLOWER} - Received AppendRequest{term=1, leader=1, prevLogIndex=81, prevLogTerm=1, entries=0, commitIndex=81}
10:08:15.180 [raft-server-1-state] TRACE i.a.p.raft.impl.RaftServiceManager - RaftServer{1} - Applying Indexed{index=81, entry=CommandEntry{term=1, timestamp=2018-06-11 10:08:14,791, session=2, sequence=69, operation=PrimitiveOperation{id=DefaultOperationId{id=write, type=COMMAND}, value=byte[]{length=17, hash=1297078671}}}}
10:08:15.181 [raft-server-1-state] TRACE i.a.p.s.impl.DefaultServiceExecutor - PrimitiveService{2}{type=io.atomix.protocols.raft.RaftTest$TestPrimitiveType@5051ea1e, name=raft-test} - Executing DefaultCommit{index=81, session=RaftSession{RaftServiceContext{server=1, type=io.atomix.protocols.raft.RaftTest$TestPrimitiveType@5051ea1e, name=raft-test, id=2}, session=2, timestamp=2018-06-11 10:08:14,791}, time=2018-06-11 10:08:14,791, operation=DefaultOperationId{id=write, type=COMMAND}, value=byte[]{length=17, hash=1297078671}}
10:08:15.181 [raft-server-1-state] TRACE i.a.protocols.raft.roles.LeaderRole - RaftServer{1}{role=LEADER} - Sending CommandResponse{status=OK, index=81, eventIndex=2, result=byte[]{length=3, hash=35527}}
10:08:15.181 [raft-client-995c025b-ba21-4dd3-828a-0c3e52b0447e-1] TRACE i.a.p.r.s.impl.RaftSessionConnection - SessionClient{2}{type=io.atomix.protocols.raft.RaftTest$TestPrimitiveType@6b321262, name=raft-test} - Received CommandResponse{status=OK, index=81, eventIndex=2, result=byte[]{length=3, hash=35527}} from 1
10:08:15.181 [raft-client-995c025b-ba21-4dd3-828a-0c3e52b0447e-1] TRACE i.a.p.r.s.impl.RaftSessionSequencer - SessionClient{2}{type=io.atomix.protocols.raft.RaftTest$TestPrimitiveType@6b321262, name=raft-test} - Completing response CommandResponse{status=OK, index=81, eventIndex=2, result=byte[]{length=3, hash=35527}}
10:08:15.181 [raft-client-995c025b-ba21-4dd3-828a-0c3e52b0447e-5] TRACE i.a.p.r.s.impl.RaftSessionConnection - SessionClient{2}{type=io.atomix.protocols.raft.RaftTest$TestPrimitiveType@6b321262, name=raft-test} - Sending CommandRequest{session=2, sequence=70, operation=PrimitiveOperation{id=DefaultOperationId{id=write, type=COMMAND}, value=byte[]{length=17, hash=1297078671}}} to 1
10:08:15.181 [raft-server-1] TRACE i.a.protocols.raft.roles.LeaderRole - RaftServer{1}{role=LEADER} - Received CommandRequest{session=2, sequence=70, operation=PrimitiveOperation{id=DefaultOperationId{id=write, type=COMMAND}, value=byte[]{length=17, hash=1297078671}}}
10:08:15.181 [raft-server-1] TRACE i.a.protocols.raft.roles.LeaderRole - RaftServer{1}{role=LEADER} - Appended Indexed{index=82, entry=CommandEntry{term=1, timestamp=2018-06-11 10:08:15,181, session=2, sequence=70, operation=PrimitiveOperation{id=DefaultOperationId{id=write, type=COMMAND}, value=byte[]{length=17, hash=1297078671}}}}
10:08:15.181 [raft-server-1] TRACE i.a.p.raft.roles.LeaderAppender - RaftServer{1} - Sending AppendRequest{term=1, leader=1, prevLogIndex=81, prevLogTerm=1, entries=1, commitIndex=81} to 2
10:08:15.205 [raft-server-2] TRACE i.a.p.raft.roles.FollowerRole - RaftServer{2}{role=FOLLOWER} - Committed entries up to index 80
10:08:15.205 [raft-server-2] TRACE i.a.p.raft.roles.FollowerRole - RaftServer{2}{role=FOLLOWER} - Sending AppendResponse{status=OK, term=1, succeeded=true, lastLogIndex=81}
10:08:15.205 [raft-server-2] TRACE i.a.p.raft.roles.FollowerRole - RaftServer{2}{role=FOLLOWER} - Received AppendRequest{term=1, leader=1, prevLogIndex=81, prevLogTerm=1, entries=1, commitIndex=81}
10:08:15.205 [raft-server-1] TRACE i.a.p.raft.roles.LeaderAppender - RaftServer{1} - Received AppendResponse{status=OK, term=1, succeeded=true, lastLogIndex=81} from 2
10:08:15.205 [raft-server-2] TRACE i.a.p.raft.roles.FollowerRole - RaftServer{2}{role=FOLLOWER} - Appended Indexed{index=82, entry=CommandEntry{term=1, timestamp=2018-06-11 10:08:15,181, session=2, sequence=70, operation=PrimitiveOperation{id=DefaultOperationId{id=write, type=COMMAND}, value=byte[]{length=17, hash=1297078671}}}}
10:08:15.255 [raft-server-3] TRACE i.a.p.raft.roles.FollowerRole - RaftServer{3}{role=FOLLOWER} - Committed entries up to index 81
10:08:15.255 [raft-server-3] TRACE i.a.p.raft.roles.FollowerRole - RaftServer{3}{role=FOLLOWER} - Sending AppendResponse{status=OK, term=1, succeeded=true, lastLogIndex=81}
10:08:15.255 [raft-server-1] TRACE i.a.p.raft.roles.LeaderAppender - RaftServer{1} - Received AppendResponse{status=OK, term=1, succeeded=true, lastLogIndex=81} from 3
10:08:15.255 [raft-server-1] TRACE i.a.p.raft.roles.LeaderAppender - RaftServer{1} - Sending AppendRequest{term=1, leader=1, prevLogIndex=81, prevLogTerm=1, entries=1, commitIndex=81} to 3
10:08:15.255 [raft-server-3-state] TRACE i.a.p.raft.impl.RaftServiceManager - RaftServer{3} - Applying Indexed{index=81, entry=CommandEntry{term=1, timestamp=2018-06-11 10:08:14,791, session=2, sequence=69, operation=PrimitiveOperation{id=DefaultOperationId{id=write, type=COMMAND}, value=byte[]{length=17, hash=1297078671}}}}
10:08:15.255 [raft-server-3] TRACE i.a.p.raft.roles.FollowerRole - RaftServer{3}{role=FOLLOWER} - Received AppendRequest{term=1, leader=1, prevLogIndex=81, prevLogTerm=1, entries=1, commitIndex=81}
10:08:15.255 [raft-server-3-state] TRACE i.a.p.s.impl.DefaultServiceExecutor - PrimitiveService{2}{type=io.atomix.protocols.raft.RaftTest$TestPrimitiveType@5b77a59f, name=raft-test} - Executing DefaultCommit{index=81, session=RaftSession{RaftServiceContext{server=3, type=io.atomix.protocols.raft.RaftTest$TestPrimitiveType@5b77a59f, name=raft-test, id=2}, session=2, timestamp=2018-06-11 10:08:14,791}, time=2018-06-11 10:08:14,791, operation=DefaultOperationId{id=write, type=COMMAND}, value=byte[]{length=17, hash=1297078671}}
10:08:15.256 [raft-server-3] TRACE i.a.p.raft.roles.FollowerRole - RaftServer{3}{role=FOLLOWER} - Appended Indexed{index=82, entry=CommandEntry{term=1, timestamp=2018-06-11 10:08:15,181, session=2, sequence=70, operation=PrimitiveOperation{id=DefaultOperationId{id=write, type=COMMAND}, value=byte[]{length=17, hash=1297078671}}}}
10:08:15.256 [raft-server-3] TRACE i.a.p.raft.roles.FollowerRole - RaftServer{3}{role=FOLLOWER} - Sending AppendResponse{status=OK, term=1, succeeded=true, lastLogIndex=82}
10:08:15.256 [raft-server-1] TRACE i.a.p.raft.roles.LeaderAppender - RaftServer{1} - Received AppendResponse{status=OK, term=1, succeeded=true, lastLogIndex=82} from 3
10:08:15.256 [raft-server-1] TRACE i.a.p.raft.roles.LeaderAppender - RaftServer{1} - Committed entries up to 82
10:08:15.303 [raft-server-2] TRACE i.a.p.raft.roles.FollowerRole - RaftServer{2}{role=FOLLOWER} - Committed entries up to index 81
10:08:15.303 [raft-server-2] TRACE i.a.p.raft.roles.FollowerRole - RaftServer{2}{role=FOLLOWER} - Sending AppendResponse{status=OK, term=1, succeeded=true, lastLogIndex=82}
10:08:15.303 [raft-server-2-state] TRACE i.a.p.raft.impl.RaftServiceManager - RaftServer{2} - Applying Indexed{index=80, entry=CommandEntry{term=1, timestamp=2018-06-11 10:08:14,665, session=2, sequence=68, operation=PrimitiveOperation{id=DefaultOperationId{id=write, type=COMMAND}, value=byte[]{length=17, hash=1297078671}}}}
10:08:15.303 [raft-server-2-state] TRACE i.a.p.s.impl.DefaultServiceExecutor - PrimitiveService{2}{type=io.atomix.protocols.raft.RaftTest$TestPrimitiveType@25c42b8f, name=raft-test} - Executing DefaultCommit{index=80, session=RaftSession{RaftServiceContext{server=2, type=io.atomix.protocols.raft.RaftTest$TestPrimitiveType@25c42b8f, name=raft-test, id=2}, session=2, timestamp=2018-06-11 10:08:14,665}, time=2018-06-11 10:08:14,665, operation=DefaultOperationId{id=write, type=COMMAND}, value=byte[]{length=17, hash=1297078671}}
10:08:15.303 [raft-server-2-state] TRACE i.a.p.raft.impl.RaftServiceManager - RaftServer{2} - Applying Indexed{index=81, entry=CommandEntry{term=1, timestamp=2018-06-11 10:08:14,791, session=2, sequence=69, operation=PrimitiveOperation{id=DefaultOperationId{id=write, type=COMMAND}, value=byte[]{length=17, hash=1297078671}}}}
10:08:15.303 [raft-server-2-state] TRACE i.a.p.s.impl.DefaultServiceExecutor - PrimitiveService{2}{type=io.atomix.protocols.raft.RaftTest$TestPrimitiveType@25c42b8f, name=raft-test} - Executing DefaultCommit{index=81, session=RaftSession{RaftServiceContext{server=2, type=io.atomix.protocols.raft.RaftTest$TestPrimitiveType@25c42b8f, name=raft-test, id=2}, session=2, timestamp=2018-06-11 10:08:14,791}, time=2018-06-11 10:08:14,791, operation=DefaultOperationId{id=write, type=COMMAND}, value=byte[]{length=17, hash=1297078671}}
10:08:15.353 [raft-server-1] TRACE i.a.p.raft.roles.LeaderAppender - RaftServer{1} - Received AppendResponse{status=OK, term=1, succeeded=true, lastLogIndex=82} from 2
10:08:15.353 [raft-server-1] TRACE i.a.p.raft.roles.LeaderAppender - RaftServer{1} - Sending AppendRequest{term=1, leader=1, prevLogIndex=82, prevLogTerm=1, entries=0, commitIndex=82} to 2
10:08:15.353 [raft-server-2] TRACE i.a.p.raft.roles.FollowerRole - RaftServer{2}{role=FOLLOWER} - Received AppendRequest{term=1, leader=1, prevLogIndex=82, prevLogTerm=1, entries=0, commitIndex=82}
10:08:15.353 [raft-server-1] TRACE i.a.p.raft.roles.LeaderAppender - RaftServer{1} - Sending AppendRequest{term=1, leader=1, prevLogIndex=82, prevLogTerm=1, entries=0, commitIndex=82} to 3
10:08:15.353 [raft-server-3] TRACE i.a.p.raft.roles.FollowerRole - RaftServer{3}{role=FOLLOWER} - Received AppendRequest{term=1, leader=1, prevLogIndex=82, prevLogTerm=1, entries=0, commitIndex=82}
10:08:15.353 [raft-server-1-state] TRACE i.a.p.raft.impl.RaftServiceManager - RaftServer{1} - Applying Indexed{index=82, entry=CommandEntry{term=1, timestamp=2018-06-11 10:08:15,181, session=2, sequence=70, operation=PrimitiveOperation{id=DefaultOperationId{id=write, type=COMMAND}, value=byte[]{length=17, hash=1297078671}}}}
10:08:15.353 [raft-server-1-state] TRACE i.a.p.s.impl.DefaultServiceExecutor - PrimitiveService{2}{type=io.atomix.protocols.raft.RaftTest$TestPrimitiveType@5051ea1e, name=raft-test} - Executing DefaultCommit{index=82, session=RaftSession{RaftServiceContext{server=1, type=io.atomix.protocols.raft.RaftTest$TestPrimitiveType@5051ea1e, name=raft-test, id=2}, session=2, timestamp=2018-06-11 10:08:15,181}, time=2018-06-11 10:08:15,181, operation=DefaultOperationId{id=write, type=COMMAND}, value=byte[]{length=17, hash=1297078671}}
10:08:15.354 [raft-server-1-state] TRACE i.a.protocols.raft.roles.LeaderRole - RaftServer{1}{role=LEADER} - Sending CommandResponse{status=OK, index=82, eventIndex=2, result=byte[]{length=3, hash=35589}}
10:08:15.354 [raft-client-995c025b-ba21-4dd3-828a-0c3e52b0447e-6] TRACE i.a.p.r.s.impl.RaftSessionConnection - SessionClient{2}{type=io.atomix.protocols.raft.RaftTest$TestPrimitiveType@6b321262, name=raft-test} - Received CommandResponse{status=OK, index=82, eventIndex=2, result=byte[]{length=3, hash=35589}} from 1
10:08:15.354 [raft-client-995c025b-ba21-4dd3-828a-0c3e52b0447e-6] TRACE i.a.p.r.s.impl.RaftSessionSequencer - SessionClient{2}{type=io.atomix.protocols.raft.RaftTest$TestPrimitiveType@6b321262, name=raft-test} - Completing response CommandResponse{status=OK, index=82, eventIndex=2, result=byte[]{length=3, hash=35589}}
10:08:15.354 [raft-client-995c025b-ba21-4dd3-828a-0c3e52b0447e-6] TRACE i.a.p.r.s.impl.RaftSessionConnection - SessionClient{2}{type=io.atomix.protocols.raft.RaftTest$TestPrimitiveType@6b321262, name=raft-test} - Sending CommandRequest{session=2, sequence=71, operation=PrimitiveOperation{id=DefaultOperationId{id=write, type=COMMAND}, value=byte[]{length=17, hash=1297078671}}} to 1
10:08:15.354 [raft-server-1] TRACE i.a.protocols.raft.roles.LeaderRole - RaftServer{1}{role=LEADER} - Received CommandRequest{session=2, sequence=71, operation=PrimitiveOperation{id=DefaultOperationId{id=write, type=COMMAND}, value=byte[]{length=17, hash=1297078671}}}
10:08:15.354 [raft-server-1] TRACE i.a.protocols.raft.roles.LeaderRole - RaftServer{1}{role=LEADER} - Appended Indexed{index=83, entry=CommandEntry{term=1, timestamp=2018-06-11 10:08:15,354, session=2, sequence=71, operation=PrimitiveOperation{id=DefaultOperationId{id=write, type=COMMAND}, value=byte[]{length=17, hash=1297078671}}}}
10:08:15.394 [raft-server-2] TRACE i.a.p.raft.roles.FollowerRole - RaftServer{2}{role=FOLLOWER} - Committed entries up to index 82
10:08:15.395 [raft-server-2] TRACE i.a.p.raft.roles.FollowerRole - RaftServer{2}{role=FOLLOWER} - Sending AppendResponse{status=OK, term=1, succeeded=true, lastLogIndex=82}
10:08:15.395 [raft-server-1] TRACE i.a.p.raft.roles.LeaderAppender - RaftServer{1} - Received AppendResponse{status=OK, term=1, succeeded=true, lastLogIndex=82} from 2
10:08:15.395 [raft-server-1] TRACE i.a.p.raft.roles.LeaderAppender - RaftServer{1} - Sending AppendRequest{term=1, leader=1, prevLogIndex=82, prevLogTerm=1, entries=1, commitIndex=82} to 2
10:08:15.395 [raft-server-2-state] TRACE i.a.p.raft.impl.RaftServiceManager - RaftServer{2} - Applying Indexed{index=82, entry=CommandEntry{term=1, timestamp=2018-06-11 10:08:15,181, session=2, sequence=70, operation=PrimitiveOperation{id=DefaultOperationId{id=write, type=COMMAND}, value=byte[]{length=17, hash=1297078671}}}}
10:08:15.395 [raft-server-2-state] TRACE i.a.p.s.impl.DefaultServiceExecutor - PrimitiveService{2}{type=io.atomix.protocols.raft.RaftTest$TestPrimitiveType@25c42b8f, name=raft-test} - Executing DefaultCommit{index=82, session=RaftSession{RaftServiceContext{server=2, type=io.atomix.protocols.raft.RaftTest$TestPrimitiveType@25c42b8f, name=raft-test, id=2}, session=2, timestamp=2018-06-11 10:08:15,181}, time=2018-06-11 10:08:15,181, operation=DefaultOperationId{id=write, type=COMMAND}, value=byte[]{length=17, hash=1297078671}}
10:08:15.395 [raft-server-2] TRACE i.a.p.raft.roles.FollowerRole - RaftServer{2}{role=FOLLOWER} - Received AppendRequest{term=1, leader=1, prevLogIndex=82, prevLogTerm=1, entries=1, commitIndex=82}
10:08:15.395 [raft-server-2] TRACE i.a.p.raft.roles.FollowerRole - RaftServer{2}{role=FOLLOWER} - Appended Indexed{index=83, entry=CommandEntry{term=1, timestamp=2018-06-11 10:08:15,354, session=2, sequence=71, operation=PrimitiveOperation{id=DefaultOperationId{id=write, type=COMMAND}, value=byte[]{length=17, hash=1297078671}}}}
10:08:15.395 [raft-server-2] TRACE i.a.p.raft.roles.FollowerRole - RaftServer{2}{role=FOLLOWER} - Sending AppendResponse{status=OK, term=1, succeeded=true, lastLogIndex=83}
10:08:15.395 [raft-server-1] TRACE i.a.p.raft.roles.LeaderAppender - RaftServer{1} - Sending AppendRequest{term=1, leader=1, prevLogIndex=82, prevLogTerm=1, entries=1, commitIndex=82} to 3
10:08:15.395 [raft-server-1] TRACE i.a.p.raft.roles.LeaderAppender - RaftServer{1} - Received AppendResponse{status=OK, term=1, succeeded=true, lastLogIndex=83} from 2
10:08:15.395 [raft-server-1] TRACE i.a.p.raft.roles.LeaderAppender - RaftServer{1} - Committed entries up to 83
10:08:15.425 [raft-server-3] TRACE i.a.p.raft.roles.FollowerRole - RaftServer{3}{role=FOLLOWER} - Committed entries up to index 82
10:08:15.425 [raft-server-3] TRACE i.a.p.raft.roles.FollowerRole - RaftServer{3}{role=FOLLOWER} - Sending AppendResponse{status=OK, term=1, succeeded=true, lastLogIndex=82}
10:08:15.425 [raft-server-3] TRACE i.a.p.raft.roles.FollowerRole - RaftServer{3}{role=FOLLOWER} - Received AppendRequest{term=1, leader=1, prevLogIndex=82, prevLogTerm=1, entries=1, commitIndex=82}
10:08:15.426 [raft-server-3] TRACE i.a.p.raft.roles.FollowerRole - RaftServer{3}{role=FOLLOWER} - Appended Indexed{index=83, entry=CommandEntry{term=1, timestamp=2018-06-11 10:08:15,354, session=2, sequence=71, operation=PrimitiveOperation{id=DefaultOperationId{id=write, type=COMMAND}, value=byte[]{length=17, hash=1297078671}}}}
10:08:15.426 [raft-server-3] TRACE i.a.p.raft.roles.FollowerRole - RaftServer{3}{role=FOLLOWER} - Sending AppendResponse{status=OK, term=1, succeeded=true, lastLogIndex=83}
10:08:15.426 [raft-server-3-state] TRACE i.a.p.raft.impl.RaftServiceManager - RaftServer{3} - Applying Indexed{index=82, entry=CommandEntry{term=1, timestamp=2018-06-11 10:08:15,181, session=2, sequence=70, operation=PrimitiveOperation{id=DefaultOperationId{id=write, type=COMMAND}, value=byte[]{length=17, hash=1297078671}}}}
10:08:15.426 [raft-server-3-state] TRACE i.a.p.s.impl.DefaultServiceExecutor - PrimitiveService{2}{type=io.atomix.protocols.raft.RaftTest$TestPrimitiveType@5b77a59f, name=raft-test} - Executing DefaultCommit{index=82, session=RaftSession{RaftServiceContext{server=3, type=io.atomix.protocols.raft.RaftTest$TestPrimitiveType@5b77a59f, name=raft-test, id=2}, session=2, timestamp=2018-06-11 10:08:15,181}, time=2018-06-11 10:08:15,181, operation=DefaultOperationId{id=write, type=COMMAND}, value=byte[]{length=17, hash=1297078671}}
10:08:15.467 [raft-server-1] TRACE i.a.p.raft.roles.LeaderAppender - RaftServer{1} - Received AppendResponse{status=OK, term=1, succeeded=true, lastLogIndex=82} from 3
10:08:15.467 [raft-server-1] TRACE i.a.p.raft.roles.LeaderAppender - RaftServer{1} - Received AppendResponse{status=OK, term=1, succeeded=true, lastLogIndex=83} from 3
10:08:15.467 [raft-server-1-state] TRACE i.a.p.raft.impl.RaftServiceManager - RaftServer{1} - Applying Indexed{index=83, entry=CommandEntry{term=1, timestamp=2018-06-11 10:08:15,354, session=2, sequence=71, operation=PrimitiveOperation{id=DefaultOperationId{id=write, type=COMMAND}, value=byte[]{length=17, hash=1297078671}}}}
10:08:15.467 [raft-server-1-state] TRACE i.a.p.s.impl.DefaultServiceExecutor - PrimitiveService{2}{type=io.atomix.protocols.raft.RaftTest$TestPrimitiveType@5051ea1e, name=raft-test} - Executing DefaultCommit{index=83, session=RaftSession{RaftServiceContext{server=1, type=io.atomix.protocols.raft.RaftTest$TestPrimitiveType@5051ea1e, name=raft-test, id=2}, session=2, timestamp=2018-06-11 10:08:15,354}, time=2018-06-11 10:08:15,354, operation=DefaultOperationId{id=write, type=COMMAND}, value=byte[]{length=17, hash=1297078671}}
10:08:15.467 [raft-server-1-state] TRACE i.a.protocols.raft.roles.LeaderRole - RaftServer{1}{role=LEADER} - Sending CommandResponse{status=OK, index=83, eventIndex=2, result=byte[]{length=3, hash=35651}}
10:08:15.467 [raft-client-995c025b-ba21-4dd3-828a-0c3e52b0447e-7] TRACE i.a.p.r.s.impl.RaftSessionConnection - SessionClient{2}{type=io.atomix.protocols.raft.RaftTest$TestPrimitiveType@6b321262, name=raft-test} - Received CommandResponse{status=OK, index=83, eventIndex=2, result=byte[]{length=3, hash=35651}} from 1
10:08:15.467 [raft-client-995c025b-ba21-4dd3-828a-0c3e52b0447e-7] TRACE i.a.p.r.s.impl.RaftSessionSequencer - SessionClient{2}{type=io.atomix.protocols.raft.RaftTest$TestPrimitiveType@6b321262, name=raft-test} - Completing response CommandResponse{status=OK, index=83, eventIndex=2, result=byte[]{length=3, hash=35651}}
10:08:15.467 [raft-client-995c025b-ba21-4dd3-828a-0c3e52b0447e-2] TRACE i.a.p.r.s.impl.RaftSessionConnection - SessionClient{2}{type=io.atomix.protocols.raft.RaftTest$TestPrimitiveType@6b321262, name=raft-test} - Sending CommandRequest{session=2, sequence=72, operation=PrimitiveOperation{id=DefaultOperationId{id=write, type=COMMAND}, value=byte[]{length=17, hash=1297078671}}} to 1
10:08:15.468 [raft-server-1] TRACE i.a.protocols.raft.roles.LeaderRole - RaftServer{1}{role=LEADER} - Received CommandRequest{session=2, sequence=72, operation=PrimitiveOperation{id=DefaultOperationId{id=write, type=COMMAND}, value=byte[]{length=17, hash=1297078671}}}
10:08:15.468 [raft-server-1] TRACE i.a.protocols.raft.roles.LeaderRole - RaftServer{1}{role=LEADER} - Appended Indexed{index=84, entry=CommandEntry{term=1, timestamp=2018-06-11 10:08:15,468, session=2, sequence=72, operation=PrimitiveOperation{id=DefaultOperationId{id=write, type=COMMAND}, value=byte[]{length=17, hash=1297078671}}}}
10:08:15.468 [raft-server-1] TRACE i.a.p.raft.roles.LeaderAppender - RaftServer{1} - Sending AppendRequest{term=1, leader=1, prevLogIndex=83, prevLogTerm=1, entries=1, commitIndex=83} to 2
10:08:15.468 [raft-server-2] TRACE i.a.p.raft.roles.FollowerRole - RaftServer{2}{role=FOLLOWER} - Received AppendRequest{term=1, leader=1, prevLogIndex=83, prevLogTerm=1, entries=1, commitIndex=83}
10:08:15.468 [raft-server-1] TRACE i.a.p.raft.roles.LeaderAppender - RaftServer{1} - Sending AppendRequest{term=1, leader=1, prevLogIndex=83, prevLogTerm=1, entries=1, commitIndex=83} to 3
10:08:15.468 [raft-server-3] TRACE i.a.p.raft.roles.FollowerRole - RaftServer{3}{role=FOLLOWER} - Received AppendRequest{term=1, leader=1, prevLogIndex=83, prevLogTerm=1, entries=1, commitIndex=83}
10:08:15.468 [raft-server-2] TRACE i.a.p.raft.roles.FollowerRole - RaftServer{2}{role=FOLLOWER} - Appended Indexed{index=84, entry=CommandEntry{term=1, timestamp=2018-06-11 10:08:15,468, session=2, sequence=72, operation=PrimitiveOperation{id=DefaultOperationId{id=write, type=COMMAND}, value=byte[]{length=17, hash=1297078671}}}}
10:08:15.468 [raft-server-3] TRACE i.a.p.raft.roles.FollowerRole - RaftServer{3}{role=FOLLOWER} - Appended Indexed{index=84, entry=CommandEntry{term=1, timestamp=2018-06-11 10:08:15,468, session=2, sequence=72, operation=PrimitiveOperation{id=DefaultOperationId{id=write, type=COMMAND}, value=byte[]{length=17, hash=1297078671}}}}
10:08:15.522 [raft-server-2] TRACE i.a.p.raft.roles.FollowerRole - RaftServer{2}{role=FOLLOWER} - Committed entries up to index 83
10:08:15.522 [raft-server-2] TRACE i.a.p.raft.roles.FollowerRole - RaftServer{2}{role=FOLLOWER} - Sending AppendResponse{status=OK, term=1, succeeded=true, lastLogIndex=84}
10:08:15.522 [raft-server-2-state] TRACE i.a.p.raft.impl.RaftServiceManager - RaftServer{2} - Applying Indexed{index=83, entry=CommandEntry{term=1, timestamp=2018-06-11 10:08:15,354, session=2, sequence=71, operation=PrimitiveOperation{id=DefaultOperationId{id=write, type=COMMAND}, value=byte[]{length=17, hash=1297078671}}}}
10:08:15.522 [raft-server-2-state] TRACE i.a.p.s.impl.DefaultServiceExecutor - PrimitiveService{2}{type=io.atomix.protocols.raft.RaftTest$TestPrimitiveType@25c42b8f, name=raft-test} - Executing DefaultCommit{index=83, session=RaftSession{RaftServiceContext{server=2, type=io.atomix.protocols.raft.RaftTest$TestPrimitiveType@25c42b8f, name=raft-test, id=2}, session=2, timestamp=2018-06-11 10:08:15,354}, time=2018-06-11 10:08:15,354, operation=DefaultOperationId{id=write, type=COMMAND}, value=byte[]{length=17, hash=1297078671}}
10:08:15.522 [raft-server-1] TRACE i.a.p.raft.roles.LeaderAppender - RaftServer{1} - Received AppendResponse{status=OK, term=1, succeeded=true, lastLogIndex=84} from 2
10:08:15.522 [raft-server-1] TRACE i.a.p.raft.roles.LeaderAppender - RaftServer{1} - Committed entries up to 84
10:08:15.563 [raft-server-3] TRACE i.a.p.raft.roles.FollowerRole - RaftServer{3}{role=FOLLOWER} - Committed entries up to index 83
10:08:15.563 [raft-server-3] TRACE i.a.p.raft.roles.FollowerRole - RaftServer{3}{role=FOLLOWER} - Sending AppendResponse{status=OK, term=1, succeeded=true, lastLogIndex=84}
10:08:15.564 [raft-server-3-state] TRACE i.a.p.raft.impl.RaftServiceManager - RaftServer{3} - Applying Indexed{index=83, entry=CommandEntry{term=1, timestamp=2018-06-11 10:08:15,354, session=2, sequence=71, operation=PrimitiveOperation{id=DefaultOperationId{id=write, type=COMMAND}, value=byte[]{length=17, hash=1297078671}}}}
10:08:15.564 [raft-server-3-state] TRACE i.a.p.s.impl.DefaultServiceExecutor - PrimitiveService{2}{type=io.atomix.protocols.raft.RaftTest$TestPrimitiveType@5b77a59f, name=raft-test} - Executing DefaultCommit{index=83, session=RaftSession{RaftServiceContext{server=3, type=io.atomix.protocols.raft.RaftTest$TestPrimitiveType@5b77a59f, name=raft-test, id=2}, session=2, timestamp=2018-06-11 10:08:15,354}, time=2018-06-11 10:08:15,354, operation=DefaultOperationId{id=write, type=COMMAND}, value=byte[]{length=17, hash=1297078671}}
10:08:15.595 [raft-server-1] TRACE i.a.p.raft.roles.LeaderAppender - RaftServer{1} - Received AppendResponse{status=OK, term=1, succeeded=true, lastLogIndex=84} from 3
10:08:15.595 [raft-server-1] TRACE i.a.p.raft.roles.LeaderAppender - RaftServer{1} - Sending AppendRequest{term=1, leader=1, prevLogIndex=84, prevLogTerm=1, entries=0, commitIndex=84} to 2
10:08:15.595 [raft-server-1] TRACE i.a.p.raft.roles.LeaderAppender - RaftServer{1} - Sending AppendRequest{term=1, leader=1, prevLogIndex=84, prevLogTerm=1, entries=0, commitIndex=84} to 3
10:08:15.595 [raft-server-2] TRACE i.a.p.raft.roles.FollowerRole - RaftServer{2}{role=FOLLOWER} - Received AppendRequest{term=1, leader=1, prevLogIndex=84, prevLogTerm=1, entries=0, commitIndex=84}
10:08:15.595 [raft-server-3] TRACE i.a.p.raft.roles.FollowerRole - RaftServer{3}{role=FOLLOWER} - Received AppendRequest{term=1, leader=1, prevLogIndex=84, prevLogTerm=1, entries=0, commitIndex=84}
10:08:15.595 [raft-server-1-state] TRACE i.a.p.raft.impl.RaftServiceManager - RaftServer{1} - Applying Indexed{index=84, entry=CommandEntry{term=1, timestamp=2018-06-11 10:08:15,468, session=2, sequence=72, operation=PrimitiveOperation{id=DefaultOperationId{id=write, type=COMMAND}, value=byte[]{length=17, hash=1297078671}}}}
10:08:15.595 [raft-server-1-state] TRACE i.a.p.s.impl.DefaultServiceExecutor - PrimitiveService{2}{type=io.atomix.protocols.raft.RaftTest$TestPrimitiveType@5051ea1e, name=raft-test} - Executing DefaultCommit{index=84, session=RaftSession{RaftServiceContext{server=1, type=io.atomix.protocols.raft.RaftTest$TestPrimitiveType@5051ea1e, name=raft-test, id=2}, session=2, timestamp=2018-06-11 10:08:15,468}, time=2018-06-11 10:08:15,468, operation=DefaultOperationId{id=write, type=COMMAND}, value=byte[]{length=17, hash=1297078671}}
10:08:15.595 [raft-server-1-state] TRACE i.a.protocols.raft.roles.LeaderRole - RaftServer{1}{role=LEADER} - Sending CommandResponse{status=OK, index=84, eventIndex=2, result=byte[]{length=3, hash=35713}}
10:08:15.595 [raft-client-995c025b-ba21-4dd3-828a-0c3e52b0447e-3] TRACE i.a.p.r.s.impl.RaftSessionConnection - SessionClient{2}{type=io.atomix.protocols.raft.RaftTest$TestPrimitiveType@6b321262, name=raft-test} - Received CommandResponse{status=OK, index=84, eventIndex=2, result=byte[]{length=3, hash=35713}} from 1
10:08:15.595 [raft-client-995c025b-ba21-4dd3-828a-0c3e52b0447e-3] TRACE i.a.p.r.s.impl.RaftSessionSequencer - SessionClient{2}{type=io.atomix.protocols.raft.RaftTest$TestPrimitiveType@6b321262, name=raft-test} - Completing response CommandResponse{status=OK, index=84, eventIndex=2, result=byte[]{length=3, hash=35713}}
10:08:15.596 [raft-client-995c025b-ba21-4dd3-828a-0c3e52b0447e-7] TRACE i.a.p.r.s.impl.RaftSessionConnection - SessionClient{2}{type=io.atomix.protocols.raft.RaftTest$TestPrimitiveType@6b321262, name=raft-test} - Sending CommandRequest{session=2, sequence=73, operation=PrimitiveOperation{id=DefaultOperationId{id=write, type=COMMAND}, value=byte[]{length=17, hash=1297078671}}} to 1
10:08:15.596 [raft-server-1] TRACE i.a.protocols.raft.roles.LeaderRole - RaftServer{1}{role=LEADER} - Received CommandRequest{session=2, sequence=73, operation=PrimitiveOperation{id=DefaultOperationId{id=write, type=COMMAND}, value=byte[]{length=17, hash=1297078671}}}
10:08:15.596 [raft-server-1] TRACE i.a.protocols.raft.roles.LeaderRole - RaftServer{1}{role=LEADER} - Appended Indexed{index=85, entry=CommandEntry{term=1, timestamp=2018-06-11 10:08:15,596, session=2, sequence=73, operation=PrimitiveOperation{id=DefaultOperationId{id=write, type=COMMAND}, value=byte[]{length=17, hash=1297078671}}}}
10:08:15.620 [raft-server-2] TRACE i.a.p.raft.roles.FollowerRole - RaftServer{2}{role=FOLLOWER} - Committed entries up to index 84
10:08:15.620 [raft-server-2] TRACE i.a.p.raft.roles.FollowerRole - RaftServer{2}{role=FOLLOWER} - Sending AppendResponse{status=OK, term=1, succeeded=true, lastLogIndex=84}
10:08:15.620 [raft-server-1] TRACE i.a.p.raft.roles.LeaderAppender - RaftServer{1} - Received AppendResponse{status=OK, term=1, succeeded=true, lastLogIndex=84} from 2
10:08:15.620 [raft-server-1] TRACE i.a.p.raft.roles.LeaderAppender - RaftServer{1} - Sending AppendRequest{term=1, leader=1, prevLogIndex=84, prevLogTerm=1, entries=1, commitIndex=84} to 2
10:08:15.620 [raft-server-2-state] TRACE i.a.p.raft.impl.RaftServiceManager - RaftServer{2} - Applying Indexed{index=84, entry=CommandEntry{term=1, timestamp=2018-06-11 10:08:15,468, session=2, sequence=72, operation=PrimitiveOperation{id=DefaultOperationId{id=write, type=COMMAND}, value=byte[]{length=17, hash=1297078671}}}}
10:08:15.620 [raft-server-2] TRACE i.a.p.raft.roles.FollowerRole - RaftServer{2}{role=FOLLOWER} - Received AppendRequest{term=1, leader=1, prevLogIndex=84, prevLogTerm=1, entries=1, commitIndex=84}
10:08:15.620 [raft-server-2-state] TRACE i.a.p.s.impl.DefaultServiceExecutor - PrimitiveService{2}{type=io.atomix.protocols.raft.RaftTest$TestPrimitiveType@25c42b8f, name=raft-test} - Executing DefaultCommit{index=84, session=RaftSession{RaftServiceContext{server=2, type=io.atomix.protocols.raft.RaftTest$TestPrimitiveType@25c42b8f, name=raft-test, id=2}, session=2, timestamp=2018-06-11 10:08:15,468}, time=2018-06-11 10:08:15,468, operation=DefaultOperationId{id=write, type=COMMAND}, value=byte[]{length=17, hash=1297078671}}
10:08:15.620 [raft-server-2] TRACE i.a.p.raft.roles.FollowerRole - RaftServer{2}{role=FOLLOWER} - Appended Indexed{index=85, entry=CommandEntry{term=1, timestamp=2018-06-11 10:08:15,596, session=2, sequence=73, operation=PrimitiveOperation{id=DefaultOperationId{id=write, type=COMMAND}, value=byte[]{length=17, hash=1297078671}}}}
10:08:15.620 [raft-server-2] TRACE i.a.p.raft.roles.FollowerRole - RaftServer{2}{role=FOLLOWER} - Sending AppendResponse{status=OK, term=1, succeeded=true, lastLogIndex=85}
10:08:15.620 [raft-server-1] TRACE i.a.p.raft.roles.LeaderAppender - RaftServer{1} - Received AppendResponse{status=OK, term=1, succeeded=true, lastLogIndex=85} from 2
10:08:15.620 [raft-server-1] TRACE i.a.p.raft.roles.LeaderAppender - RaftServer{1} - Committed entries up to 85
10:08:15.638 [raft-client-995c025b-ba21-4dd3-828a-0c3e52b0447e-1] TRACE i.a.p.r.s.impl.RaftSessionManager - RaftClient{995c025b-ba21-4dd3-828a-0c3e52b0447e} - Keeping 1 sessions alive
10:08:15.638 [raft-client-995c025b-ba21-4dd3-828a-0c3e52b0447e-1] TRACE i.a.p.r.s.impl.RaftSessionConnection - RaftClient{995c025b-ba21-4dd3-828a-0c3e52b0447e} - Sending KeepAliveRequest{sessionIds=long[]{length=1, hash=33}, commandSequences=long[]{length=1, hash=103}, eventIndexes=long[]{length=1, hash=33}} to 1
10:08:15.653 [raft-server-3] TRACE i.a.p.raft.roles.FollowerRole - RaftServer{3}{role=FOLLOWER} - Committed entries up to index 84
10:08:15.653 [raft-server-3] TRACE i.a.p.raft.roles.FollowerRole - RaftServer{3}{role=FOLLOWER} - Sending AppendResponse{status=OK, term=1, succeeded=true, lastLogIndex=84}
10:08:15.653 [raft-server-3-state] TRACE i.a.p.raft.impl.RaftServiceManager - RaftServer{3} - Applying Indexed{index=84, entry=CommandEntry{term=1, timestamp=2018-06-11 10:08:15,468, session=2, sequence=72, operation=PrimitiveOperation{id=DefaultOperationId{id=write, type=COMMAND}, value=byte[]{length=17, hash=1297078671}}}}
10:08:15.653 [raft-server-3-state] TRACE i.a.p.s.impl.DefaultServiceExecutor - PrimitiveService{2}{type=io.atomix.protocols.raft.RaftTest$TestPrimitiveType@5b77a59f, name=raft-test} - Executing DefaultCommit{index=84, session=RaftSession{RaftServiceContext{server=3, type=io.atomix.protocols.raft.RaftTest$TestPrimitiveType@5b77a59f, name=raft-test, id=2}, session=2, timestamp=2018-06-11 10:08:15,468}, time=2018-06-11 10:08:15,468, operation=DefaultOperationId{id=write, type=COMMAND}, value=byte[]{length=17, hash=1297078671}}
10:08:15.678 [raft-server-1] TRACE i.a.protocols.raft.roles.LeaderRole - RaftServer{1}{role=LEADER} - Received KeepAliveRequest{sessionIds=long[]{length=1, hash=33}, commandSequences=long[]{length=1, hash=103}, eventIndexes=long[]{length=1, hash=33}}
10:08:15.678 [raft-server-1] TRACE i.a.protocols.raft.roles.LeaderRole - RaftServer{1}{role=LEADER} - Appended Indexed{index=86, entry=KeepAliveEntry{term=1, timestamp=2018-06-11 10:08:15,678, sessionIds=long[]{length=1, hash=33}, commandSequences=long[]{length=1, hash=103}, eventIndexes=long[]{length=1, hash=33}}}
10:08:15.678 [raft-server-1] TRACE i.a.p.raft.roles.LeaderAppender - RaftServer{1} - Received AppendResponse{status=OK, term=1, succeeded=true, lastLogIndex=84} from 3
10:08:15.678 [raft-server-1] TRACE i.a.p.raft.roles.LeaderAppender - RaftServer{1} - Sending AppendRequest{term=1, leader=1, prevLogIndex=84, prevLogTerm=1, entries=2, commitIndex=85} to 3
10:08:15.678 [raft-server-3] TRACE i.a.p.raft.roles.FollowerRole - RaftServer{3}{role=FOLLOWER} - Received AppendRequest{term=1, leader=1, prevLogIndex=84, prevLogTerm=1, entries=2, commitIndex=85}
10:08:15.678 [raft-server-1] TRACE i.a.p.raft.roles.LeaderAppender - RaftServer{1} - Sending AppendRequest{term=1, leader=1, prevLogIndex=85, prevLogTerm=1, entries=1, commitIndex=85} to 2
10:08:15.678 [raft-server-1-state] TRACE i.a.p.raft.impl.RaftServiceManager - RaftServer{1} - Applying Indexed{index=85, entry=CommandEntry{term=1, timestamp=2018-06-11 10:08:15,596, session=2, sequence=73, operation=PrimitiveOperation{id=DefaultOperationId{id=write, type=COMMAND}, value=byte[]{length=17, hash=1297078671}}}}
10:08:15.678 [raft-server-2] TRACE i.a.p.raft.roles.FollowerRole - RaftServer{2}{role=FOLLOWER} - Received AppendRequest{term=1, leader=1, prevLogIndex=85, prevLogTerm=1, entries=1, commitIndex=85}
10:08:15.678 [raft-server-3] TRACE i.a.p.raft.roles.FollowerRole - RaftServer{3}{role=FOLLOWER} - Appended Indexed{index=85, entry=CommandEntry{term=1, timestamp=2018-06-11 10:08:15,596, session=2, sequence=73, operation=PrimitiveOperation{id=DefaultOperationId{id=write, type=COMMAND}, value=byte[]{length=17, hash=1297078671}}}}
10:08:15.678 [raft-server-1-state] TRACE i.a.p.s.impl.DefaultServiceExecutor - PrimitiveService{2}{type=io.atomix.protocols.raft.RaftTest$TestPrimitiveType@5051ea1e, name=raft-test} - Executing DefaultCommit{index=85, session=RaftSession{RaftServiceContext{server=1, type=io.atomix.protocols.raft.RaftTest$TestPrimitiveType@5051ea1e, name=raft-test, id=2}, session=2, timestamp=2018-06-11 10:08:15,596}, time=2018-06-11 10:08:15,596, operation=DefaultOperationId{id=write, type=COMMAND}, value=byte[]{length=17, hash=1297078671}}
10:08:15.679 [raft-server-2] TRACE i.a.p.raft.roles.FollowerRole - RaftServer{2}{role=FOLLOWER} - Appended Indexed{index=86, entry=KeepAliveEntry{term=1, timestamp=2018-06-11 10:08:15,678, sessionIds=long[]{length=1, hash=33}, commandSequences=long[]{length=1, hash=103}, eventIndexes=long[]{length=1, hash=33}}}
10:08:15.679 [raft-server-1-state] TRACE i.a.protocols.raft.roles.LeaderRole - RaftServer{1}{role=LEADER} - Sending CommandResponse{status=OK, index=85, eventIndex=2, result=byte[]{length=3, hash=35775}}
10:08:15.679 [raft-server-3] TRACE i.a.p.raft.roles.FollowerRole - RaftServer{3}{role=FOLLOWER} - Appended Indexed{index=86, entry=KeepAliveEntry{term=1, timestamp=2018-06-11 10:08:15,678, sessionIds=long[]{length=1, hash=33}, commandSequences=long[]{length=1, hash=103}, eventIndexes=long[]{length=1, hash=33}}}
10:08:15.679 [raft-client-995c025b-ba21-4dd3-828a-0c3e52b0447e-6] TRACE i.a.p.r.s.impl.RaftSessionConnection - SessionClient{2}{type=io.atomix.protocols.raft.RaftTest$TestPrimitiveType@6b321262, name=raft-test} - Received CommandResponse{status=OK, index=85, eventIndex=2, result=byte[]{length=3, hash=35775}} from 1
10:08:15.679 [raft-client-995c025b-ba21-4dd3-828a-0c3e52b0447e-6] TRACE i.a.p.r.s.impl.RaftSessionSequencer - SessionClient{2}{type=io.atomix.protocols.raft.RaftTest$TestPrimitiveType@6b321262, name=raft-test} - Completing response CommandResponse{status=OK, index=85, eventIndex=2, result=byte[]{length=3, hash=35775}}
10:08:15.679 [raft-client-995c025b-ba21-4dd3-828a-0c3e52b0447e-7] TRACE i.a.p.r.s.impl.RaftSessionConnection - SessionClient{2}{type=io.atomix.protocols.raft.RaftTest$TestPrimitiveType@6b321262, name=raft-test} - Sending CommandRequest{session=2, sequence=74, operation=PrimitiveOperation{id=DefaultOperationId{id=write, type=COMMAND}, value=byte[]{length=17, hash=1297078671}}} to 1
10:08:15.679 [raft-server-1] TRACE i.a.protocols.raft.roles.LeaderRole - RaftServer{1}{role=LEADER} - Received CommandRequest{session=2, sequence=74, operation=PrimitiveOperation{id=DefaultOperationId{id=write, type=COMMAND}, value=byte[]{length=17, hash=1297078671}}}
10:08:15.679 [raft-server-1] TRACE i.a.protocols.raft.roles.LeaderRole - RaftServer{1}{role=LEADER} - Appended Indexed{index=87, entry=CommandEntry{term=1, timestamp=2018-06-11 10:08:15,679, session=2, sequence=74, operation=PrimitiveOperation{id=DefaultOperationId{id=write, type=COMMAND}, value=byte[]{length=17, hash=1297078671}}}}
10:08:15.711 [raft-server-2] TRACE i.a.p.raft.roles.FollowerRole - RaftServer{2}{role=FOLLOWER} - Committed entries up to index 85
10:08:15.711 [raft-server-3] TRACE i.a.p.raft.roles.FollowerRole - RaftServer{3}{role=FOLLOWER} - Committed entries up to index 85
10:08:15.711 [raft-server-2] TRACE i.a.p.raft.roles.FollowerRole - RaftServer{2}{role=FOLLOWER} - Sending AppendResponse{status=OK, term=1, succeeded=true, lastLogIndex=86}
10:08:15.711 [raft-server-3] TRACE i.a.p.raft.roles.FollowerRole - RaftServer{3}{role=FOLLOWER} - Sending AppendResponse{status=OK, term=1, succeeded=true, lastLogIndex=86}
10:08:15.711 [raft-server-1] TRACE i.a.p.raft.roles.LeaderAppender - RaftServer{1} - Received AppendResponse{status=OK, term=1, succeeded=true, lastLogIndex=86} from 2
10:08:15.711 [raft-server-2-state] TRACE i.a.p.raft.impl.RaftServiceManager - RaftServer{2} - Applying Indexed{index=85, entry=CommandEntry{term=1, timestamp=2018-06-11 10:08:15,596, session=2, sequence=73, operation=PrimitiveOperation{id=DefaultOperationId{id=write, type=COMMAND}, value=byte[]{length=17, hash=1297078671}}}}
10:08:15.711 [raft-server-3-state] TRACE i.a.p.raft.impl.RaftServiceManager - RaftServer{3} - Applying Indexed{index=85, entry=CommandEntry{term=1, timestamp=2018-06-11 10:08:15,596, session=2, sequence=73, operation=PrimitiveOperation{id=DefaultOperationId{id=write, type=COMMAND}, value=byte[]{length=17, hash=1297078671}}}}
10:08:15.711 [raft-server-1] TRACE i.a.p.raft.roles.LeaderAppender - RaftServer{1} - Committed entries up to 86
10:08:15.711 [raft-server-2-state] TRACE i.a.p.s.impl.DefaultServiceExecutor - PrimitiveService{2}{type=io.atomix.protocols.raft.RaftTest$TestPrimitiveType@25c42b8f, name=raft-test} - Executing DefaultCommit{index=85, session=RaftSession{RaftServiceContext{server=2, type=io.atomix.protocols.raft.RaftTest$TestPrimitiveType@25c42b8f, name=raft-test, id=2}, session=2, timestamp=2018-06-11 10:08:15,596}, time=2018-06-11 10:08:15,596, operation=DefaultOperationId{id=write, type=COMMAND}, value=byte[]{length=17, hash=1297078671}}
10:08:15.712 [raft-server-3-state] TRACE i.a.p.s.impl.DefaultServiceExecutor - PrimitiveService{2}{type=io.atomix.protocols.raft.RaftTest$TestPrimitiveType@5b77a59f, name=raft-test} - Executing DefaultCommit{index=85, session=RaftSession{RaftServiceContext{server=3, type=io.atomix.protocols.raft.RaftTest$TestPrimitiveType@5b77a59f, name=raft-test, id=2}, session=2, timestamp=2018-06-11 10:08:15,596}, time=2018-06-11 10:08:15,596, operation=DefaultOperationId{id=write, type=COMMAND}, value=byte[]{length=17, hash=1297078671}}
10:08:15.745 [raft-server-1] TRACE i.a.p.raft.roles.LeaderAppender - RaftServer{1} - Sending AppendRequest{term=1, leader=1, prevLogIndex=86, prevLogTerm=1, entries=1, commitIndex=86} to 2
10:08:15.745 [raft-server-2] TRACE i.a.p.raft.roles.FollowerRole - RaftServer{2}{role=FOLLOWER} - Received AppendRequest{term=1, leader=1, prevLogIndex=86, prevLogTerm=1, entries=1, commitIndex=86}
10:08:15.745 [raft-server-1] TRACE i.a.p.raft.roles.LeaderAppender - RaftServer{1} - Received AppendResponse{status=OK, term=1, succeeded=true, lastLogIndex=86} from 3
10:08:15.745 [raft-server-1] TRACE i.a.p.raft.roles.LeaderAppender - RaftServer{1} - Sending AppendRequest{term=1, leader=1, prevLogIndex=86, prevLogTerm=1, entries=1, commitIndex=86} to 3
10:08:15.745 [raft-server-1-state] TRACE i.a.p.raft.impl.RaftServiceManager - RaftServer{1} - Applying Indexed{index=86, entry=KeepAliveEntry{term=1, timestamp=2018-06-11 10:08:15,678, sessionIds=long[]{length=1, hash=33}, commandSequences=long[]{length=1, hash=103}, eventIndexes=long[]{length=1, hash=33}}}
10:08:15.745 [raft-server-2] TRACE i.a.p.raft.roles.FollowerRole - RaftServer{2}{role=FOLLOWER} - Appended Indexed{index=87, entry=CommandEntry{term=1, timestamp=2018-06-11 10:08:15,679, session=2, sequence=74, operation=PrimitiveOperation{id=DefaultOperationId{id=write, type=COMMAND}, value=byte[]{length=17, hash=1297078671}}}}
10:08:15.745 [raft-server-3] TRACE i.a.p.raft.roles.FollowerRole - RaftServer{3}{role=FOLLOWER} - Received AppendRequest{term=1, leader=1, prevLogIndex=86, prevLogTerm=1, entries=1, commitIndex=86}
10:08:15.745 [raft-server-1] TRACE i.a.protocols.raft.roles.LeaderRole - RaftServer{1}{role=LEADER} - Sending KeepAliveResponse{status=OK, leader=1, members=[2, 1, 3], sessionIds=long[]{length=1, hash=33}}
10:08:15.745 [raft-client-995c025b-ba21-4dd3-828a-0c3e52b0447e-3] TRACE i.a.p.r.s.impl.RaftSessionConnection - RaftClient{995c025b-ba21-4dd3-828a-0c3e52b0447e} - Received KeepAliveResponse{status=OK, leader=1, members=[2, 1, 3], sessionIds=long[]{length=1, hash=33}} from 1
10:08:15.745 [raft-server-3] TRACE i.a.p.raft.roles.FollowerRole - RaftServer{3}{role=FOLLOWER} - Appended Indexed{index=87, entry=CommandEntry{term=1, timestamp=2018-06-11 10:08:15,679, session=2, sequence=74, operation=PrimitiveOperation{id=DefaultOperationId{id=write, type=COMMAND}, value=byte[]{length=17, hash=1297078671}}}}
10:08:15.778 [raft-server-2] TRACE i.a.p.raft.roles.FollowerRole - RaftServer{2}{role=FOLLOWER} - Committed entries up to index 86
10:08:15.778 [raft-server-2] TRACE i.a.p.raft.roles.FollowerRole - RaftServer{2}{role=FOLLOWER} - Sending AppendResponse{status=OK, term=1, succeeded=true, lastLogIndex=87}
10:08:15.778 [raft-server-1] TRACE i.a.p.raft.roles.LeaderAppender - RaftServer{1} - Received AppendResponse{status=OK, term=1, succeeded=true, lastLogIndex=87} from 2
10:08:15.778 [raft-server-1] TRACE i.a.p.raft.roles.LeaderAppender - RaftServer{1} - Committed entries up to 87
10:08:15.778 [raft-server-2-state] TRACE i.a.p.raft.impl.RaftServiceManager - RaftServer{2} - Applying Indexed{index=86, entry=KeepAliveEntry{term=1, timestamp=2018-06-11 10:08:15,678, sessionIds=long[]{length=1, hash=33}, commandSequences=long[]{length=1, hash=103}, eventIndexes=long[]{length=1, hash=33}}}
10:08:15.797 [raft-server-3] TRACE i.a.p.raft.roles.FollowerRole - RaftServer{3}{role=FOLLOWER} - Committed entries up to index 86
10:08:15.797 [raft-server-3] TRACE i.a.p.raft.roles.FollowerRole - RaftServer{3}{role=FOLLOWER} - Sending AppendResponse{status=OK, term=1, succeeded=true, lastLogIndex=87}
10:08:15.797 [raft-server-3-state] TRACE i.a.p.raft.impl.RaftServiceManager - RaftServer{3} - Applying Indexed{index=86, entry=KeepAliveEntry{term=1, timestamp=2018-06-11 10:08:15,678, sessionIds=long[]{length=1, hash=33}, commandSequences=long[]{length=1, hash=103}, eventIndexes=long[]{length=1, hash=33}}}
10:08:15.813 [raft-server-1] TRACE i.a.p.raft.roles.LeaderAppender - RaftServer{1} - Received AppendResponse{status=OK, term=1, succeeded=true, lastLogIndex=87} from 3
10:08:15.814 [raft-server-1-state] TRACE i.a.p.raft.impl.RaftServiceManager - RaftServer{1} - Applying Indexed{index=87, entry=CommandEntry{term=1, timestamp=2018-06-11 10:08:15,679, session=2, sequence=74, operation=PrimitiveOperation{id=DefaultOperationId{id=write, type=COMMAND}, value=byte[]{length=17, hash=1297078671}}}}
10:08:15.814 [raft-server-1-state] TRACE i.a.p.s.impl.DefaultServiceExecutor - PrimitiveService{2}{type=io.atomix.protocols.raft.RaftTest$TestPrimitiveType@5051ea1e, name=raft-test} - Executing DefaultCommit{index=87, session=RaftSession{RaftServiceContext{server=1, type=io.atomix.protocols.raft.RaftTest$TestPrimitiveType@5051ea1e, name=raft-test, id=2}, session=2, timestamp=2018-06-11 10:08:15,679}, time=2018-06-11 10:08:15,679, operation=DefaultOperationId{id=write, type=COMMAND}, value=byte[]{length=17, hash=1297078671}}
10:08:15.814 [raft-server-1-state] TRACE i.a.protocols.raft.roles.LeaderRole - RaftServer{1}{role=LEADER} - Sending CommandResponse{status=OK, index=87, eventIndex=2, result=byte[]{length=3, hash=35899}}
10:08:15.814 [raft-client-995c025b-ba21-4dd3-828a-0c3e52b0447e-4] TRACE i.a.p.r.s.impl.RaftSessionConnection - SessionClient{2}{type=io.atomix.protocols.raft.RaftTest$TestPrimitiveType@6b321262, name=raft-test} - Received CommandResponse{status=OK, index=87, eventIndex=2, result=byte[]{length=3, hash=35899}} from 1
10:08:15.814 [raft-client-995c025b-ba21-4dd3-828a-0c3e52b0447e-4] TRACE i.a.p.r.s.impl.RaftSessionSequencer - SessionClient{2}{type=io.atomix.protocols.raft.RaftTest$TestPrimitiveType@6b321262, name=raft-test} - Completing response CommandResponse{status=OK, index=87, eventIndex=2, result=byte[]{length=3, hash=35899}}
10:08:15.814 [raft-client-995c025b-ba21-4dd3-828a-0c3e52b0447e-6] TRACE i.a.p.r.s.impl.RaftSessionConnection - SessionClient{2}{type=io.atomix.protocols.raft.RaftTest$TestPrimitiveType@6b321262, name=raft-test} - Sending CommandRequest{session=2, sequence=75, operation=PrimitiveOperation{id=DefaultOperationId{id=write, type=COMMAND}, value=byte[]{length=17, hash=1297078671}}} to 1
10:08:15.814 [raft-server-1] TRACE i.a.protocols.raft.roles.LeaderRole - RaftServer{1}{role=LEADER} - Received CommandRequest{session=2, sequence=75, operation=PrimitiveOperation{id=DefaultOperationId{id=write, type=COMMAND}, value=byte[]{length=17, hash=1297078671}}}
10:08:15.814 [raft-server-1] TRACE i.a.protocols.raft.roles.LeaderRole - RaftServer{1}{role=LEADER} - Appended Indexed{index=88, entry=CommandEntry{term=1, timestamp=2018-06-11 10:08:15,814, session=2, sequence=75, operation=PrimitiveOperation{id=DefaultOperationId{id=write, type=COMMAND}, value=byte[]{length=17, hash=1297078671}}}}
10:08:15.814 [raft-server-1] TRACE i.a.p.raft.roles.LeaderAppender - RaftServer{1} - Sending AppendRequest{term=1, leader=1, prevLogIndex=87, prevLogTerm=1, entries=1, commitIndex=87} to 2
10:08:15.814 [raft-server-2] TRACE i.a.p.raft.roles.FollowerRole - RaftServer{2}{role=FOLLOWER} - Received AppendRequest{term=1, leader=1, prevLogIndex=87, prevLogTerm=1, entries=1, commitIndex=87}
10:08:15.814 [raft-server-1] TRACE i.a.p.raft.roles.LeaderAppender - RaftServer{1} - Sending AppendRequest{term=1, leader=1, prevLogIndex=87, prevLogTerm=1, entries=1, commitIndex=87} to 3
10:08:15.815 [raft-server-3] TRACE i.a.p.raft.roles.FollowerRole - RaftServer{3}{role=FOLLOWER} - Received AppendRequest{term=1, leader=1, prevLogIndex=87, prevLogTerm=1, entries=1, commitIndex=87}
10:08:15.815 [raft-server-2] TRACE i.a.p.raft.roles.FollowerRole - RaftServer{2}{role=FOLLOWER} - Appended Indexed{index=88, entry=CommandEntry{term=1, timestamp=2018-06-11 10:08:15,814, session=2, sequence=75, operation=PrimitiveOperation{id=DefaultOperationId{id=write, type=COMMAND}, value=byte[]{length=17, hash=1297078671}}}}
10:08:15.815 [raft-server-3] TRACE i.a.p.raft.roles.FollowerRole - RaftServer{3}{role=FOLLOWER} - Appended Indexed{index=88, entry=CommandEntry{term=1, timestamp=2018-06-11 10:08:15,814, session=2, sequence=75, operation=PrimitiveOperation{id=DefaultOperationId{id=write, type=COMMAND}, value=byte[]{length=17, hash=1297078671}}}}
10:08:15.847 [raft-server-2] TRACE i.a.p.raft.roles.FollowerRole - RaftServer{2}{role=FOLLOWER} - Committed entries up to index 87
10:08:15.847 [raft-server-3] TRACE i.a.p.raft.roles.FollowerRole - RaftServer{3}{role=FOLLOWER} - Committed entries up to index 87
10:08:15.847 [raft-server-2] TRACE i.a.p.raft.roles.FollowerRole - RaftServer{2}{role=FOLLOWER} - Sending AppendResponse{status=OK, term=1, succeeded=true, lastLogIndex=88}
10:08:15.847 [raft-server-3] TRACE i.a.p.raft.roles.FollowerRole - RaftServer{3}{role=FOLLOWER} - Sending AppendResponse{status=OK, term=1, succeeded=true, lastLogIndex=88}
10:08:15.847 [raft-server-1] TRACE i.a.p.raft.roles.LeaderAppender - RaftServer{1} - Received AppendResponse{status=OK, term=1, succeeded=true, lastLogIndex=88} from 2
10:08:15.847 [raft-server-1] TRACE i.a.p.raft.roles.LeaderAppender - RaftServer{1} - Committed entries up to 88
10:08:15.847 [raft-server-2-state] TRACE i.a.p.raft.impl.RaftServiceManager - RaftServer{2} - Applying Indexed{index=87, entry=CommandEntry{term=1, timestamp=2018-06-11 10:08:15,679, session=2, sequence=74, operation=PrimitiveOperation{id=DefaultOperationId{id=write, type=COMMAND}, value=byte[]{length=17, hash=1297078671}}}}
10:08:15.847 [raft-server-3-state] TRACE i.a.p.raft.impl.RaftServiceManager - RaftServer{3} - Applying Indexed{index=87, entry=CommandEntry{term=1, timestamp=2018-06-11 10:08:15,679, session=2, sequence=74, operation=PrimitiveOperation{id=DefaultOperationId{id=write, type=COMMAND}, value=byte[]{length=17, hash=1297078671}}}}
10:08:15.847 [raft-server-2-state] TRACE i.a.p.s.impl.DefaultServiceExecutor - PrimitiveService{2}{type=io.atomix.protocols.raft.RaftTest$TestPrimitiveType@25c42b8f, name=raft-test} - Executing DefaultCommit{index=87, session=RaftSession{RaftServiceContext{server=2, type=io.atomix.protocols.raft.RaftTest$TestPrimitiveType@25c42b8f, name=raft-test, id=2}, session=2, timestamp=2018-06-11 10:08:15,679}, time=2018-06-11 10:08:15,679, operation=DefaultOperationId{id=write, type=COMMAND}, value=byte[]{length=17, hash=1297078671}}
10:08:15.847 [raft-server-3-state] TRACE i.a.p.s.impl.DefaultServiceExecutor - PrimitiveService{2}{type=io.atomix.protocols.raft.RaftTest$TestPrimitiveType@5b77a59f, name=raft-test} - Executing DefaultCommit{index=87, session=RaftSession{RaftServiceContext{server=3, type=io.atomix.protocols.raft.RaftTest$TestPrimitiveType@5b77a59f, name=raft-test, id=2}, session=2, timestamp=2018-06-11 10:08:15,679}, time=2018-06-11 10:08:15,679, operation=DefaultOperationId{id=write, type=COMMAND}, value=byte[]{length=17, hash=1297078671}}
10:08:15.880 [raft-server-1] TRACE i.a.p.raft.roles.LeaderAppender - RaftServer{1} - Sending AppendRequest{term=1, leader=1, prevLogIndex=88, prevLogTerm=1, entries=0, commitIndex=88} to 2
10:08:15.880 [raft-server-2] TRACE i.a.p.raft.roles.FollowerRole - RaftServer{2}{role=FOLLOWER} - Received AppendRequest{term=1, leader=1, prevLogIndex=88, prevLogTerm=1, entries=0, commitIndex=88}
10:08:15.880 [raft-server-1] TRACE i.a.p.raft.roles.LeaderAppender - RaftServer{1} - Received AppendResponse{status=OK, term=1, succeeded=true, lastLogIndex=88} from 3
10:08:15.880 [raft-server-1] TRACE i.a.p.raft.roles.LeaderAppender - RaftServer{1} - Sending AppendRequest{term=1, leader=1, prevLogIndex=88, prevLogTerm=1, entries=0, commitIndex=88} to 3
10:08:15.880 [raft-server-3] TRACE i.a.p.raft.roles.FollowerRole - RaftServer{3}{role=FOLLOWER} - Received AppendRequest{term=1, leader=1, prevLogIndex=88, prevLogTerm=1, entries=0, commitIndex=88}
10:08:15.880 [raft-server-1-state] TRACE i.a.p.raft.impl.RaftServiceManager - RaftServer{1} - Applying Indexed{index=88, entry=CommandEntry{term=1, timestamp=2018-06-11 10:08:15,814, session=2, sequence=75, operation=PrimitiveOperation{id=DefaultOperationId{id=write, type=COMMAND}, value=byte[]{length=17, hash=1297078671}}}}
10:08:15.881 [raft-server-1-state] TRACE i.a.p.s.impl.DefaultServiceExecutor - PrimitiveService{2}{type=io.atomix.protocols.raft.RaftTest$TestPrimitiveType@5051ea1e, name=raft-test} - Executing DefaultCommit{index=88, session=RaftSession{RaftServiceContext{server=1, type=io.atomix.protocols.raft.RaftTest$TestPrimitiveType@5051ea1e, name=raft-test, id=2}, session=2, timestamp=2018-06-11 10:08:15,814}, time=2018-06-11 10:08:15,814, operation=DefaultOperationId{id=write, type=COMMAND}, value=byte[]{length=17, hash=1297078671}}
10:08:15.881 [raft-server-1-state] TRACE i.a.protocols.raft.roles.LeaderRole - RaftServer{1}{role=LEADER} - Sending CommandResponse{status=OK, index=88, eventIndex=2, result=byte[]{length=3, hash=35961}}
10:08:15.881 [raft-client-995c025b-ba21-4dd3-828a-0c3e52b0447e-3] TRACE i.a.p.r.s.impl.RaftSessionConnection - SessionClient{2}{type=io.atomix.protocols.raft.RaftTest$TestPrimitiveType@6b321262, name=raft-test} - Received CommandResponse{status=OK, index=88, eventIndex=2, result=byte[]{length=3, hash=35961}} from 1
10:08:15.881 [raft-client-995c025b-ba21-4dd3-828a-0c3e52b0447e-3] TRACE i.a.p.r.s.impl.RaftSessionSequencer - SessionClient{2}{type=io.atomix.protocols.raft.RaftTest$TestPrimitiveType@6b321262, name=raft-test} - Completing response CommandResponse{status=OK, index=88, eventIndex=2, result=byte[]{length=3, hash=35961}}
10:08:15.881 [raft-client-995c025b-ba21-4dd3-828a-0c3e52b0447e-0] TRACE i.a.p.r.s.impl.RaftSessionConnection - SessionClient{2}{type=io.atomix.protocols.raft.RaftTest$TestPrimitiveType@6b321262, name=raft-test} - Sending CommandRequest{session=2, sequence=76, operation=PrimitiveOperation{id=DefaultOperationId{id=write, type=COMMAND}, value=byte[]{length=17, hash=1297078671}}} to 1
10:08:15.881 [raft-server-1] TRACE i.a.protocols.raft.roles.LeaderRole - RaftServer{1}{role=LEADER} - Received CommandRequest{session=2, sequence=76, operation=PrimitiveOperation{id=DefaultOperationId{id=write, type=COMMAND}, value=byte[]{length=17, hash=1297078671}}}
10:08:15.881 [raft-server-1] TRACE i.a.protocols.raft.roles.LeaderRole - RaftServer{1}{role=LEADER} - Appended Indexed{index=89, entry=CommandEntry{term=1, timestamp=2018-06-11 10:08:15,881, session=2, sequence=76, operation=PrimitiveOperation{id=DefaultOperationId{id=write, type=COMMAND}, value=byte[]{length=17, hash=1297078671}}}}
10:08:15.903 [raft-server-2] TRACE i.a.p.raft.roles.FollowerRole - RaftServer{2}{role=FOLLOWER} - Committed entries up to index 88
10:08:15.903 [raft-server-2] TRACE i.a.p.raft.roles.FollowerRole - RaftServer{2}{role=FOLLOWER} - Sending AppendResponse{status=OK, term=1, succeeded=true, lastLogIndex=88}
10:08:15.903 [raft-server-1] TRACE i.a.p.raft.roles.LeaderAppender - RaftServer{1} - Received AppendResponse{status=OK, term=1, succeeded=true, lastLogIndex=88} from 2
10:08:15.903 [raft-server-1] TRACE i.a.p.raft.roles.LeaderAppender - RaftServer{1} - Sending AppendRequest{term=1, leader=1, prevLogIndex=88, prevLogTerm=1, entries=1, commitIndex=88} to 2
10:08:15.903 [raft-server-2-state] TRACE i.a.p.raft.impl.RaftServiceManager - RaftServer{2} - Applying Indexed{index=88, entry=CommandEntry{term=1, timestamp=2018-06-11 10:08:15,814, session=2, sequence=75, operation=PrimitiveOperation{id=DefaultOperationId{id=write, type=COMMAND}, value=byte[]{length=17, hash=1297078671}}}}
10:08:15.903 [raft-server-2-state] TRACE i.a.p.s.impl.DefaultServiceExecutor - PrimitiveService{2}{type=io.atomix.protocols.raft.RaftTest$TestPrimitiveType@25c42b8f, name=raft-test} - Executing DefaultCommit{index=88, session=RaftSession{RaftServiceContext{server=2, type=io.atomix.protocols.raft.RaftTest$TestPrimitiveType@25c42b8f, name=raft-test, id=2}, session=2, timestamp=2018-06-11 10:08:15,814}, time=2018-06-11 10:08:15,814, operation=DefaultOperationId{id=write, type=COMMAND}, value=byte[]{length=17, hash=1297078671}}
10:08:15.903 [raft-server-2] TRACE i.a.p.raft.roles.FollowerRole - RaftServer{2}{role=FOLLOWER} - Received AppendRequest{term=1, leader=1, prevLogIndex=88, prevLogTerm=1, entries=1, commitIndex=88}
10:08:15.904 [raft-server-2] TRACE i.a.p.raft.roles.FollowerRole - RaftServer{2}{role=FOLLOWER} - Appended Indexed{index=89, entry=CommandEntry{term=1, timestamp=2018-06-11 10:08:15,881, session=2, sequence=76, operation=PrimitiveOperation{id=DefaultOperationId{id=write, type=COMMAND}, value=byte[]{length=17, hash=1297078671}}}}
10:08:15.904 [raft-server-2] TRACE i.a.p.raft.roles.FollowerRole - RaftServer{2}{role=FOLLOWER} - Sending AppendResponse{status=OK, term=1, succeeded=true, lastLogIndex=89}
10:08:15.904 [raft-server-1] TRACE i.a.p.raft.roles.LeaderAppender - RaftServer{1} - Received AppendResponse{status=OK, term=1, succeeded=true, lastLogIndex=89} from 2
10:08:15.904 [raft-server-1] TRACE i.a.p.raft.roles.LeaderAppender - RaftServer{1} - Committed entries up to 89
10:08:15.930 [raft-server-3] TRACE i.a.p.raft.roles.FollowerRole - RaftServer{3}{role=FOLLOWER} - Committed entries up to index 88
10:08:15.930 [raft-server-3] TRACE i.a.p.raft.roles.FollowerRole - RaftServer{3}{role=FOLLOWER} - Sending AppendResponse{status=OK, term=1, succeeded=true, lastLogIndex=88}
10:08:15.930 [raft-server-3-state] TRACE i.a.p.raft.impl.RaftServiceManager - RaftServer{3} - Applying Indexed{index=88, entry=CommandEntry{term=1, timestamp=2018-06-11 10:08:15,814, session=2, sequence=75, operation=PrimitiveOperation{id=DefaultOperationId{id=write, type=COMMAND}, value=byte[]{length=17, hash=1297078671}}}}
10:08:15.930 [raft-server-3-state] TRACE i.a.p.s.impl.DefaultServiceExecutor - PrimitiveService{2}{type=io.atomix.protocols.raft.RaftTest$TestPrimitiveType@5b77a59f, name=raft-test} - Executing DefaultCommit{index=88, session=RaftSession{RaftServiceContext{server=3, type=io.atomix.protocols.raft.RaftTest$TestPrimitiveType@5b77a59f, name=raft-test, id=2}, session=2, timestamp=2018-06-11 10:08:15,814}, time=2018-06-11 10:08:15,814, operation=DefaultOperationId{id=write, type=COMMAND}, value=byte[]{length=17, hash=1297078671}}
10:08:15.953 [raft-server-1] TRACE i.a.p.raft.roles.LeaderAppender - RaftServer{1} - Received AppendResponse{status=OK, term=1, succeeded=true, lastLogIndex=88} from 3
10:08:15.953 [raft-server-1] TRACE i.a.p.raft.roles.LeaderAppender - RaftServer{1} - Sending AppendRequest{term=1, leader=1, prevLogIndex=88, prevLogTerm=1, entries=1, commitIndex=89} to 3
10:08:15.953 [raft-server-3] TRACE i.a.p.raft.roles.FollowerRole - RaftServer{3}{role=FOLLOWER} - Received AppendRequest{term=1, leader=1, prevLogIndex=88, prevLogTerm=1, entries=1, commitIndex=89}
10:08:15.953 [raft-server-1-state] TRACE i.a.p.raft.impl.RaftServiceManager - RaftServer{1} - Applying Indexed{index=89, entry=CommandEntry{term=1, timestamp=2018-06-11 10:08:15,881, session=2, sequence=76, operation=PrimitiveOperation{id=DefaultOperationId{id=write, type=COMMAND}, value=byte[]{length=17, hash=1297078671}}}}
10:08:15.953 [raft-server-1-state] TRACE i.a.p.s.impl.DefaultServiceExecutor - PrimitiveService{2}{type=io.atomix.protocols.raft.RaftTest$TestPrimitiveType@5051ea1e, name=raft-test} - Executing DefaultCommit{index=89, session=RaftSession{RaftServiceContext{server=1, type=io.atomix.protocols.raft.RaftTest$TestPrimitiveType@5051ea1e, name=raft-test, id=2}, session=2, timestamp=2018-06-11 10:08:15,881}, time=2018-06-11 10:08:15,881, operation=DefaultOperationId{id=write, type=COMMAND}, value=byte[]{length=17, hash=1297078671}}
10:08:15.953 [raft-server-3] TRACE i.a.p.raft.roles.FollowerRole - RaftServer{3}{role=FOLLOWER} - Appended Indexed{index=89, entry=CommandEntry{term=1, timestamp=2018-06-11 10:08:15,881, session=2, sequence=76, operation=PrimitiveOperation{id=DefaultOperationId{id=write, type=COMMAND}, value=byte[]{length=17, hash=1297078671}}}}
10:08:15.953 [raft-server-1-state] TRACE i.a.protocols.raft.roles.LeaderRole - RaftServer{1}{role=LEADER} - Sending CommandResponse{status=OK, index=89, eventIndex=2, result=byte[]{length=3, hash=36023}}
10:08:15.953 [raft-client-995c025b-ba21-4dd3-828a-0c3e52b0447e-7] TRACE i.a.p.r.s.impl.RaftSessionConnection - SessionClient{2}{type=io.atomix.protocols.raft.RaftTest$TestPrimitiveType@6b321262, name=raft-test} - Received CommandResponse{status=OK, index=89, eventIndex=2, result=byte[]{length=3, hash=36023}} from 1
10:08:15.953 [raft-client-995c025b-ba21-4dd3-828a-0c3e52b0447e-7] TRACE i.a.p.r.s.impl.RaftSessionSequencer - SessionClient{2}{type=io.atomix.protocols.raft.RaftTest$TestPrimitiveType@6b321262, name=raft-test} - Completing response CommandResponse{status=OK, index=89, eventIndex=2, result=byte[]{length=3, hash=36023}}
10:08:15.954 [raft-client-995c025b-ba21-4dd3-828a-0c3e52b0447e-2] TRACE i.a.p.r.s.impl.RaftSessionConnection - SessionClient{2}{type=io.atomix.protocols.raft.RaftTest$TestPrimitiveType@6b321262, name=raft-test} - Sending CommandRequest{session=2, sequence=77, operation=PrimitiveOperation{id=DefaultOperationId{id=write, type=COMMAND}, value=byte[]{length=17, hash=1297078671}}} to 1
10:08:15.954 [raft-server-1] TRACE i.a.protocols.raft.roles.LeaderRole - RaftServer{1}{role=LEADER} - Received CommandRequest{session=2, sequence=77, operation=PrimitiveOperation{id=DefaultOperationId{id=write, type=COMMAND}, value=byte[]{length=17, hash=1297078671}}}
10:08:15.954 [raft-server-1] TRACE i.a.protocols.raft.roles.LeaderRole - RaftServer{1}{role=LEADER} - Appended Indexed{index=90, entry=CommandEntry{term=1, timestamp=2018-06-11 10:08:15,954, session=2, sequence=77, operation=PrimitiveOperation{id=DefaultOperationId{id=write, type=COMMAND}, value=byte[]{length=17, hash=1297078671}}}}
10:08:15.954 [raft-server-1] TRACE i.a.p.raft.roles.LeaderAppender - RaftServer{1} - Sending AppendRequest{term=1, leader=1, prevLogIndex=89, prevLogTerm=1, entries=1, commitIndex=89} to 2
10:08:15.954 [raft-server-2] TRACE i.a.p.raft.roles.FollowerRole - RaftServer{2}{role=FOLLOWER} - Received AppendRequest{term=1, leader=1, prevLogIndex=89, prevLogTerm=1, entries=1, commitIndex=89}
10:08:15.954 [raft-server-2] TRACE i.a.p.raft.roles.FollowerRole - RaftServer{2}{role=FOLLOWER} - Appended Indexed{index=90, entry=CommandEntry{term=1, timestamp=2018-06-11 10:08:15,954, session=2, sequence=77, operation=PrimitiveOperation{id=DefaultOperationId{id=write, type=COMMAND}, value=byte[]{length=17, hash=1297078671}}}}
10:08:15.999 [raft-server-3] TRACE i.a.p.raft.roles.FollowerRole - RaftServer{3}{role=FOLLOWER} - Committed entries up to index 89
10:08:15.999 [raft-server-3] TRACE i.a.p.raft.roles.FollowerRole - RaftServer{3}{role=FOLLOWER} - Sending AppendResponse{status=OK, term=1, succeeded=true, lastLogIndex=89}
10:08:15.999 [raft-server-1] TRACE i.a.p.raft.roles.LeaderAppender - RaftServer{1} - Received AppendResponse{status=OK, term=1, succeeded=true, lastLogIndex=89} from 3
10:08:15.999 [raft-server-3-state] TRACE i.a.p.raft.impl.RaftServiceManager - RaftServer{3} - Applying Indexed{index=89, entry=CommandEntry{term=1, timestamp=2018-06-11 10:08:15,881, session=2, sequence=76, operation=PrimitiveOperation{id=DefaultOperationId{id=write, type=COMMAND}, value=byte[]{length=17, hash=1297078671}}}}
10:08:15.999 [raft-server-1] TRACE i.a.p.raft.roles.LeaderAppender - RaftServer{1} - Sending AppendRequest{term=1, leader=1, prevLogIndex=89, prevLogTerm=1, entries=1, commitIndex=89} to 3
10:08:15.999 [raft-server-3-state] TRACE i.a.p.s.impl.DefaultServiceExecutor - PrimitiveService{2}{type=io.atomix.protocols.raft.RaftTest$TestPrimitiveType@5b77a59f, name=raft-test} - Executing DefaultCommit{index=89, session=RaftSession{RaftServiceContext{server=3, type=io.atomix.protocols.raft.RaftTest$TestPrimitiveType@5b77a59f, name=raft-test, id=2}, session=2, timestamp=2018-06-11 10:08:15,881}, time=2018-06-11 10:08:15,881, operation=DefaultOperationId{id=write, type=COMMAND}, value=byte[]{length=17, hash=1297078671}}
10:08:15.999 [raft-server-3] TRACE i.a.p.raft.roles.FollowerRole - RaftServer{3}{role=FOLLOWER} - Received AppendRequest{term=1, leader=1, prevLogIndex=89, prevLogTerm=1, entries=1, commitIndex=89}
10:08:16.000 [raft-server-3] TRACE i.a.p.raft.roles.FollowerRole - RaftServer{3}{role=FOLLOWER} - Appended Indexed{index=90, entry=CommandEntry{term=1, timestamp=2018-06-11 10:08:15,954, session=2, sequence=77, operation=PrimitiveOperation{id=DefaultOperationId{id=write, type=COMMAND}, value=byte[]{length=17, hash=1297078671}}}}
10:08:16.000 [raft-server-3] TRACE i.a.p.raft.roles.FollowerRole - RaftServer{3}{role=FOLLOWER} - Sending AppendResponse{status=OK, term=1, succeeded=true, lastLogIndex=90}
10:08:16.000 [raft-server-1] TRACE i.a.p.raft.roles.LeaderAppender - RaftServer{1} - Received AppendResponse{status=OK, term=1, succeeded=true, lastLogIndex=90} from 3
10:08:16.000 [raft-server-1] TRACE i.a.p.raft.roles.LeaderAppender - RaftServer{1} - Committed entries up to 90
10:08:16.032 [raft-server-2] TRACE i.a.p.raft.roles.FollowerRole - RaftServer{2}{role=FOLLOWER} - Committed entries up to index 89
10:08:16.032 [raft-server-2] TRACE i.a.p.raft.roles.FollowerRole - RaftServer{2}{role=FOLLOWER} - Sending AppendResponse{status=OK, term=1, succeeded=true, lastLogIndex=90}
10:08:16.033 [raft-server-2-state] TRACE i.a.p.raft.impl.RaftServiceManager - RaftServer{2} - Applying Indexed{index=89, entry=CommandEntry{term=1, timestamp=2018-06-11 10:08:15,881, session=2, sequence=76, operation=PrimitiveOperation{id=DefaultOperationId{id=write, type=COMMAND}, value=byte[]{length=17, hash=1297078671}}}}
10:08:16.033 [raft-server-2-state] TRACE i.a.p.s.impl.DefaultServiceExecutor - PrimitiveService{2}{type=io.atomix.protocols.raft.RaftTest$TestPrimitiveType@25c42b8f, name=raft-test} - Executing DefaultCommit{index=89, session=RaftSession{RaftServiceContext{server=2, type=io.atomix.protocols.raft.RaftTest$TestPrimitiveType@25c42b8f, name=raft-test, id=2}, session=2, timestamp=2018-06-11 10:08:15,881}, time=2018-06-11 10:08:15,881, operation=DefaultOperationId{id=write, type=COMMAND}, value=byte[]{length=17, hash=1297078671}}
10:08:16.055 [raft-server-1] TRACE i.a.p.raft.roles.LeaderAppender - RaftServer{1} - Received AppendResponse{status=OK, term=1, succeeded=true, lastLogIndex=90} from 2
10:08:16.055 [raft-server-1-state] TRACE i.a.p.raft.impl.RaftServiceManager - RaftServer{1} - Applying Indexed{index=90, entry=CommandEntry{term=1, timestamp=2018-06-11 10:08:15,954, session=2, sequence=77, operation=PrimitiveOperation{id=DefaultOperationId{id=write, type=COMMAND}, value=byte[]{length=17, hash=1297078671}}}}
10:08:16.055 [raft-server-1-state] TRACE i.a.p.s.impl.DefaultServiceExecutor - PrimitiveService{2}{type=io.atomix.protocols.raft.RaftTest$TestPrimitiveType@5051ea1e, name=raft-test} - Executing DefaultCommit{index=90, session=RaftSession{RaftServiceContext{server=1, type=io.atomix.protocols.raft.RaftTest$TestPrimitiveType@5051ea1e, name=raft-test, id=2}, session=2, timestamp=2018-06-11 10:08:15,954}, time=2018-06-11 10:08:15,954, operation=DefaultOperationId{id=write, type=COMMAND}, value=byte[]{length=17, hash=1297078671}}
10:08:16.056 [raft-server-1-state] TRACE i.a.protocols.raft.roles.LeaderRole - RaftServer{1}{role=LEADER} - Sending CommandResponse{status=OK, index=90, eventIndex=2, result=byte[]{length=3, hash=36085}}
10:08:16.056 [raft-client-995c025b-ba21-4dd3-828a-0c3e52b0447e-4] TRACE i.a.p.r.s.impl.RaftSessionConnection - SessionClient{2}{type=io.atomix.protocols.raft.RaftTest$TestPrimitiveType@6b321262, name=raft-test} - Received CommandResponse{status=OK, index=90, eventIndex=2, result=byte[]{length=3, hash=36085}} from 1
10:08:16.056 [raft-client-995c025b-ba21-4dd3-828a-0c3e52b0447e-4] TRACE i.a.p.r.s.impl.RaftSessionSequencer - SessionClient{2}{type=io.atomix.protocols.raft.RaftTest$TestPrimitiveType@6b321262, name=raft-test} - Completing response CommandResponse{status=OK, index=90, eventIndex=2, result=byte[]{length=3, hash=36085}}
10:08:16.056 [raft-client-995c025b-ba21-4dd3-828a-0c3e52b0447e-1] TRACE i.a.p.r.s.impl.RaftSessionConnection - SessionClient{2}{type=io.atomix.protocols.raft.RaftTest$TestPrimitiveType@6b321262, name=raft-test} - Sending CommandRequest{session=2, sequence=78, operation=PrimitiveOperation{id=DefaultOperationId{id=write, type=COMMAND}, value=byte[]{length=17, hash=1297078671}}} to 1
10:08:16.056 [raft-server-1] TRACE i.a.protocols.raft.roles.LeaderRole - RaftServer{1}{role=LEADER} - Received CommandRequest{session=2, sequence=78, operation=PrimitiveOperation{id=DefaultOperationId{id=write, type=COMMAND}, value=byte[]{length=17, hash=1297078671}}}
10:08:16.136 [raft-server-1] DEBUG i.a.storage.journal.SegmentedJournal - Created disk segment: JournalSegment{id=10, version=1, index=91, size=64}
10:08:16.136 [raft-server-1] TRACE i.a.protocols.raft.roles.LeaderRole - RaftServer{1}{role=LEADER} - Appended Indexed{index=91, entry=CommandEntry{term=1, timestamp=2018-06-11 10:08:16,056, session=2, sequence=78, operation=PrimitiveOperation{id=DefaultOperationId{id=write, type=COMMAND}, value=byte[]{length=17, hash=1297078671}}}}
10:08:16.136 [raft-server-1] TRACE i.a.p.raft.roles.LeaderAppender - RaftServer{1} - Sending AppendRequest{term=1, leader=1, prevLogIndex=90, prevLogTerm=1, entries=1, commitIndex=90} to 2
10:08:16.136 [raft-server-2] TRACE i.a.p.raft.roles.FollowerRole - RaftServer{2}{role=FOLLOWER} - Received AppendRequest{term=1, leader=1, prevLogIndex=90, prevLogTerm=1, entries=1, commitIndex=90}
10:08:16.137 [raft-server-1] TRACE i.a.p.raft.roles.LeaderAppender - RaftServer{1} - Sending AppendRequest{term=1, leader=1, prevLogIndex=90, prevLogTerm=1, entries=1, commitIndex=90} to 3
10:08:16.137 [raft-server-3] TRACE i.a.p.raft.roles.FollowerRole - RaftServer{3}{role=FOLLOWER} - Received AppendRequest{term=1, leader=1, prevLogIndex=90, prevLogTerm=1, entries=1, commitIndex=90}
10:08:16.232 [raft-server-2] DEBUG i.a.storage.journal.SegmentedJournal - Created disk segment: JournalSegment{id=10, version=1, index=91, size=64}
10:08:16.233 [raft-server-2] TRACE i.a.p.raft.roles.FollowerRole - RaftServer{2}{role=FOLLOWER} - Appended Indexed{index=91, entry=CommandEntry{term=1, timestamp=2018-06-11 10:08:16,056, session=2, sequence=78, operation=PrimitiveOperation{id=DefaultOperationId{id=write, type=COMMAND}, value=byte[]{length=17, hash=1297078671}}}}
10:08:16.295 [raft-server-3] DEBUG i.a.storage.journal.SegmentedJournal - Created disk segment: JournalSegment{id=10, version=1, index=91, size=64}
10:08:16.295 [raft-server-3] TRACE i.a.p.raft.roles.FollowerRole - RaftServer{3}{role=FOLLOWER} - Appended Indexed{index=91, entry=CommandEntry{term=1, timestamp=2018-06-11 10:08:16,056, session=2, sequence=78, operation=PrimitiveOperation{id=DefaultOperationId{id=write, type=COMMAND}, value=byte[]{length=17, hash=1297078671}}}}
10:08:16.343 [raft-server-2] TRACE i.a.p.raft.roles.FollowerRole - RaftServer{2}{role=FOLLOWER} - Committed entries up to index 90
10:08:16.343 [raft-server-2] TRACE i.a.p.raft.roles.FollowerRole - RaftServer{2}{role=FOLLOWER} - Sending AppendResponse{status=OK, term=1, succeeded=true, lastLogIndex=91}
10:08:16.343 [raft-server-1] TRACE i.a.p.raft.roles.LeaderAppender - RaftServer{1} - Received AppendResponse{status=OK, term=1, succeeded=true, lastLogIndex=91} from 2
10:08:16.343 [raft-server-1] TRACE i.a.p.raft.roles.LeaderAppender - RaftServer{1} - Committed entries up to 91
10:08:16.343 [raft-server-2-state] TRACE i.a.p.raft.impl.RaftServiceManager - RaftServer{2} - Applying Indexed{index=90, entry=CommandEntry{term=1, timestamp=2018-06-11 10:08:15,954, session=2, sequence=77, operation=PrimitiveOperation{id=DefaultOperationId{id=write, type=COMMAND}, value=byte[]{length=17, hash=1297078671}}}}
10:08:16.343 [raft-server-2-state] TRACE i.a.p.s.impl.DefaultServiceExecutor - PrimitiveService{2}{type=io.atomix.protocols.raft.RaftTest$TestPrimitiveType@25c42b8f, name=raft-test} - Executing DefaultCommit{index=90, session=RaftSession{RaftServiceContext{server=2, type=io.atomix.protocols.raft.RaftTest$TestPrimitiveType@25c42b8f, name=raft-test, id=2}, session=2, timestamp=2018-06-11 10:08:15,954}, time=2018-06-11 10:08:15,954, operation=DefaultOperationId{id=write, type=COMMAND}, value=byte[]{length=17, hash=1297078671}}
10:08:16.378 [raft-server-3] TRACE i.a.p.raft.roles.FollowerRole - RaftServer{3}{role=FOLLOWER} - Committed entries up to index 90
10:08:16.378 [raft-server-3] TRACE i.a.p.raft.roles.FollowerRole - RaftServer{3}{role=FOLLOWER} - Sending AppendResponse{status=OK, term=1, succeeded=true, lastLogIndex=91}
10:08:16.378 [raft-server-3-state] TRACE i.a.p.raft.impl.RaftServiceManager - RaftServer{3} - Applying Indexed{index=90, entry=CommandEntry{term=1, timestamp=2018-06-11 10:08:15,954, session=2, sequence=77, operation=PrimitiveOperation{id=DefaultOperationId{id=write, type=COMMAND}, value=byte[]{length=17, hash=1297078671}}}}
10:08:16.378 [raft-server-3-state] TRACE i.a.p.s.impl.DefaultServiceExecutor - PrimitiveService{2}{type=io.atomix.protocols.raft.RaftTest$TestPrimitiveType@5b77a59f, name=raft-test} - Executing DefaultCommit{index=90, session=RaftSession{RaftServiceContext{server=3, type=io.atomix.protocols.raft.RaftTest$TestPrimitiveType@5b77a59f, name=raft-test, id=2}, session=2, timestamp=2018-06-11 10:08:15,954}, time=2018-06-11 10:08:15,954, operation=DefaultOperationId{id=write, type=COMMAND}, value=byte[]{length=17, hash=1297078671}}
10:08:16.411 [raft-server-1] TRACE i.a.p.raft.roles.LeaderAppender - RaftServer{1} - Sending AppendRequest{term=1, leader=1, prevLogIndex=91, prevLogTerm=1, entries=0, commitIndex=91} to 2
10:08:16.411 [raft-server-1] TRACE i.a.p.raft.roles.LeaderAppender - RaftServer{1} - Received AppendResponse{status=OK, term=1, succeeded=true, lastLogIndex=91} from 3
10:08:16.411 [raft-server-2] TRACE i.a.p.raft.roles.FollowerRole - RaftServer{2}{role=FOLLOWER} - Received AppendRequest{term=1, leader=1, prevLogIndex=91, prevLogTerm=1, entries=0, commitIndex=91}
10:08:16.411 [raft-server-1] TRACE i.a.p.raft.roles.LeaderAppender - RaftServer{1} - Sending AppendRequest{term=1, leader=1, prevLogIndex=91, prevLogTerm=1, entries=0, commitIndex=91} to 3
10:08:16.411 [raft-server-3] TRACE i.a.p.raft.roles.FollowerRole - RaftServer{3}{role=FOLLOWER} - Received AppendRequest{term=1, leader=1, prevLogIndex=91, prevLogTerm=1, entries=0, commitIndex=91}
10:08:16.411 [raft-server-1-state] TRACE i.a.p.raft.impl.RaftServiceManager - RaftServer{1} - Applying Indexed{index=91, entry=CommandEntry{term=1, timestamp=2018-06-11 10:08:16,056, session=2, sequence=78, operation=PrimitiveOperation{id=DefaultOperationId{id=write, type=COMMAND}, value=byte[]{length=17, hash=1297078671}}}}
10:08:16.412 [raft-server-1-state] TRACE i.a.p.s.impl.DefaultServiceExecutor - PrimitiveService{2}{type=io.atomix.protocols.raft.RaftTest$TestPrimitiveType@5051ea1e, name=raft-test} - Executing DefaultCommit{index=91, session=RaftSession{RaftServiceContext{server=1, type=io.atomix.protocols.raft.RaftTest$TestPrimitiveType@5051ea1e, name=raft-test, id=2}, session=2, timestamp=2018-06-11 10:08:16,056}, time=2018-06-11 10:08:16,056, operation=DefaultOperationId{id=write, type=COMMAND}, value=byte[]{length=17, hash=1297078671}}
10:08:16.412 [raft-server-1-state] TRACE i.a.protocols.raft.roles.LeaderRole - RaftServer{1}{role=LEADER} - Sending CommandResponse{status=OK, index=91, eventIndex=2, result=byte[]{length=3, hash=36147}}
10:08:16.412 [raft-client-995c025b-ba21-4dd3-828a-0c3e52b0447e-7] TRACE i.a.p.r.s.impl.RaftSessionConnection - SessionClient{2}{type=io.atomix.protocols.raft.RaftTest$TestPrimitiveType@6b321262, name=raft-test} - Received CommandResponse{status=OK, index=91, eventIndex=2, result=byte[]{length=3, hash=36147}} from 1
10:08:16.412 [raft-client-995c025b-ba21-4dd3-828a-0c3e52b0447e-7] TRACE i.a.p.r.s.impl.RaftSessionSequencer - SessionClient{2}{type=io.atomix.protocols.raft.RaftTest$TestPrimitiveType@6b321262, name=raft-test} - Completing response CommandResponse{status=OK, index=91, eventIndex=2, result=byte[]{length=3, hash=36147}}
10:08:16.412 [raft-client-995c025b-ba21-4dd3-828a-0c3e52b0447e-5] TRACE i.a.p.r.s.impl.RaftSessionConnection - SessionClient{2}{type=io.atomix.protocols.raft.RaftTest$TestPrimitiveType@6b321262, name=raft-test} - Sending CommandRequest{session=2, sequence=79, operation=PrimitiveOperation{id=DefaultOperationId{id=write, type=COMMAND}, value=byte[]{length=17, hash=1297078671}}} to 1
10:08:16.412 [raft-server-1] TRACE i.a.protocols.raft.roles.LeaderRole - RaftServer{1}{role=LEADER} - Received CommandRequest{session=2, sequence=79, operation=PrimitiveOperation{id=DefaultOperationId{id=write, type=COMMAND}, value=byte[]{length=17, hash=1297078671}}}
10:08:16.412 [raft-server-1] TRACE i.a.protocols.raft.roles.LeaderRole - RaftServer{1}{role=LEADER} - Appended Indexed{index=92, entry=CommandEntry{term=1, timestamp=2018-06-11 10:08:16,412, session=2, sequence=79, operation=PrimitiveOperation{id=DefaultOperationId{id=write, type=COMMAND}, value=byte[]{length=17, hash=1297078671}}}}
10:08:16.455 [raft-server-2] TRACE i.a.p.raft.roles.FollowerRole - RaftServer{2}{role=FOLLOWER} - Committed entries up to index 91
10:08:16.455 [raft-server-2] TRACE i.a.p.raft.roles.FollowerRole - RaftServer{2}{role=FOLLOWER} - Sending AppendResponse{status=OK, term=1, succeeded=true, lastLogIndex=91}
10:08:16.455 [raft-server-1] TRACE i.a.p.raft.roles.LeaderAppender - RaftServer{1} - Received AppendResponse{status=OK, term=1, succeeded=true, lastLogIndex=91} from 2
10:08:16.455 [raft-server-1] TRACE i.a.p.raft.roles.LeaderAppender - RaftServer{1} - Sending AppendRequest{term=1, leader=1, prevLogIndex=91, prevLogTerm=1, entries=1, commitIndex=91} to 2
10:08:16.455 [raft-server-2-state] TRACE i.a.p.raft.impl.RaftServiceManager - RaftServer{2} - Applying Indexed{index=91, entry=CommandEntry{term=1, timestamp=2018-06-11 10:08:16,056, session=2, sequence=78, operation=PrimitiveOperation{id=DefaultOperationId{id=write, type=COMMAND}, value=byte[]{length=17, hash=1297078671}}}}
10:08:16.455 [raft-server-2-state] TRACE i.a.p.s.impl.DefaultServiceExecutor - PrimitiveService{2}{type=io.atomix.protocols.raft.RaftTest$TestPrimitiveType@25c42b8f, name=raft-test} - Executing DefaultCommit{index=91, session=RaftSession{RaftServiceContext{server=2, type=io.atomix.protocols.raft.RaftTest$TestPrimitiveType@25c42b8f, name=raft-test, id=2}, session=2, timestamp=2018-06-11 10:08:16,056}, time=2018-06-11 10:08:16,056, operation=DefaultOperationId{id=write, type=COMMAND}, value=byte[]{length=17, hash=1297078671}}
10:08:16.456 [raft-server-2] TRACE i.a.p.raft.roles.FollowerRole - RaftServer{2}{role=FOLLOWER} - Received AppendRequest{term=1, leader=1, prevLogIndex=91, prevLogTerm=1, entries=1, commitIndex=91}
10:08:16.456 [raft-server-2] TRACE i.a.p.raft.roles.FollowerRole - RaftServer{2}{role=FOLLOWER} - Appended Indexed{index=92, entry=CommandEntry{term=1, timestamp=2018-06-11 10:08:16,412, session=2, sequence=79, operation=PrimitiveOperation{id=DefaultOperationId{id=write, type=COMMAND}, value=byte[]{length=17, hash=1297078671}}}}
10:08:16.456 [raft-server-2] TRACE i.a.p.raft.roles.FollowerRole - RaftServer{2}{role=FOLLOWER} - Sending AppendResponse{status=OK, term=1, succeeded=true, lastLogIndex=92}
10:08:16.456 [raft-server-1] TRACE i.a.p.raft.roles.LeaderAppender - RaftServer{1} - Received AppendResponse{status=OK, term=1, succeeded=true, lastLogIndex=92} from 2
10:08:16.456 [raft-server-1] TRACE i.a.p.raft.roles.LeaderAppender - RaftServer{1} - Committed entries up to 92
10:08:16.497 [raft-server-3] TRACE i.a.p.raft.roles.FollowerRole - RaftServer{3}{role=FOLLOWER} - Committed entries up to index 91
10:08:16.497 [raft-server-3] TRACE i.a.p.raft.roles.FollowerRole - RaftServer{3}{role=FOLLOWER} - Sending AppendResponse{status=OK, term=1, succeeded=true, lastLogIndex=91}
10:08:16.497 [raft-server-3-state] TRACE i.a.p.raft.impl.RaftServiceManager - RaftServer{3} - Applying Indexed{index=91, entry=CommandEntry{term=1, timestamp=2018-06-11 10:08:16,056, session=2, sequence=78, operation=PrimitiveOperation{id=DefaultOperationId{id=write, type=COMMAND}, value=byte[]{length=17, hash=1297078671}}}}
10:08:16.497 [raft-server-3-state] TRACE i.a.p.s.impl.DefaultServiceExecutor - PrimitiveService{2}{type=io.atomix.protocols.raft.RaftTest$TestPrimitiveType@5b77a59f, name=raft-test} - Executing DefaultCommit{index=91, session=RaftSession{RaftServiceContext{server=3, type=io.atomix.protocols.raft.RaftTest$TestPrimitiveType@5b77a59f, name=raft-test, id=2}, session=2, timestamp=2018-06-11 10:08:16,056}, time=2018-06-11 10:08:16,056, operation=DefaultOperationId{id=write, type=COMMAND}, value=byte[]{length=17, hash=1297078671}}
10:08:16.513 [raft-server-1] TRACE i.a.p.raft.roles.LeaderAppender - RaftServer{1} - Received AppendResponse{status=OK, term=1, succeeded=true, lastLogIndex=91} from 3
10:08:16.514 [raft-server-1] TRACE i.a.p.raft.roles.LeaderAppender - RaftServer{1} - Sending AppendRequest{term=1, leader=1, prevLogIndex=91, prevLogTerm=1, entries=1, commitIndex=92} to 3
10:08:16.514 [raft-server-3] TRACE i.a.p.raft.roles.FollowerRole - RaftServer{3}{role=FOLLOWER} - Received AppendRequest{term=1, leader=1, prevLogIndex=91, prevLogTerm=1, entries=1, commitIndex=92}
10:08:16.514 [raft-server-1-state] TRACE i.a.p.raft.impl.RaftServiceManager - RaftServer{1} - Applying Indexed{index=92, entry=CommandEntry{term=1, timestamp=2018-06-11 10:08:16,412, session=2, sequence=79, operation=PrimitiveOperation{id=DefaultOperationId{id=write, type=COMMAND}, value=byte[]{length=17, hash=1297078671}}}}
10:08:16.514 [raft-server-1-state] TRACE i.a.p.s.impl.DefaultServiceExecutor - PrimitiveService{2}{type=io.atomix.protocols.raft.RaftTest$TestPrimitiveType@5051ea1e, name=raft-test} - Executing DefaultCommit{index=92, session=RaftSession{RaftServiceContext{server=1, type=io.atomix.protocols.raft.RaftTest$TestPrimitiveType@5051ea1e, name=raft-test, id=2}, session=2, timestamp=2018-06-11 10:08:16,412}, time=2018-06-11 10:08:16,412, operation=DefaultOperationId{id=write, type=COMMAND}, value=byte[]{length=17, hash=1297078671}}
10:08:16.514 [raft-server-3] TRACE i.a.p.raft.roles.FollowerRole - RaftServer{3}{role=FOLLOWER} - Appended Indexed{index=92, entry=CommandEntry{term=1, timestamp=2018-06-11 10:08:16,412, session=2, sequence=79, operation=PrimitiveOperation{id=DefaultOperationId{id=write, type=COMMAND}, value=byte[]{length=17, hash=1297078671}}}}
10:08:16.514 [raft-server-1-state] TRACE i.a.protocols.raft.roles.LeaderRole - RaftServer{1}{role=LEADER} - Sending CommandResponse{status=OK, index=92, eventIndex=2, result=byte[]{length=3, hash=36209}}
10:08:16.514 [raft-client-995c025b-ba21-4dd3-828a-0c3e52b0447e-3] TRACE i.a.p.r.s.impl.RaftSessionConnection - SessionClient{2}{type=io.atomix.protocols.raft.RaftTest$TestPrimitiveType@6b321262, name=raft-test} - Received CommandResponse{status=OK, index=92, eventIndex=2, result=byte[]{length=3, hash=36209}} from 1
10:08:16.514 [raft-client-995c025b-ba21-4dd3-828a-0c3e52b0447e-3] TRACE i.a.p.r.s.impl.RaftSessionSequencer - SessionClient{2}{type=io.atomix.protocols.raft.RaftTest$TestPrimitiveType@6b321262, name=raft-test} - Completing response CommandResponse{status=OK, index=92, eventIndex=2, result=byte[]{length=3, hash=36209}}
10:08:16.514 [raft-client-995c025b-ba21-4dd3-828a-0c3e52b0447e-6] TRACE i.a.p.r.s.impl.RaftSessionConnection - SessionClient{2}{type=io.atomix.protocols.raft.RaftTest$TestPrimitiveType@6b321262, name=raft-test} - Sending CommandRequest{session=2, sequence=80, operation=PrimitiveOperation{id=DefaultOperationId{id=write, type=COMMAND}, value=byte[]{length=17, hash=1297078671}}} to 1
10:08:16.514 [raft-server-1] TRACE i.a.protocols.raft.roles.LeaderRole - RaftServer{1}{role=LEADER} - Received CommandRequest{session=2, sequence=80, operation=PrimitiveOperation{id=DefaultOperationId{id=write, type=COMMAND}, value=byte[]{length=17, hash=1297078671}}}
10:08:16.514 [raft-server-1] TRACE i.a.protocols.raft.roles.LeaderRole - RaftServer{1}{role=LEADER} - Appended Indexed{index=93, entry=CommandEntry{term=1, timestamp=2018-06-11 10:08:16,514, session=2, sequence=80, operation=PrimitiveOperation{id=DefaultOperationId{id=write, type=COMMAND}, value=byte[]{length=17, hash=1297078671}}}}
10:08:16.515 [raft-server-1] TRACE i.a.p.raft.roles.LeaderAppender - RaftServer{1} - Sending AppendRequest{term=1, leader=1, prevLogIndex=92, prevLogTerm=1, entries=1, commitIndex=92} to 2
10:08:16.515 [raft-server-2] TRACE i.a.p.raft.roles.FollowerRole - RaftServer{2}{role=FOLLOWER} - Received AppendRequest{term=1, leader=1, prevLogIndex=92, prevLogTerm=1, entries=1, commitIndex=92}
10:08:16.515 [raft-server-2] TRACE i.a.p.raft.roles.FollowerRole - RaftServer{2}{role=FOLLOWER} - Appended Indexed{index=93, entry=CommandEntry{term=1, timestamp=2018-06-11 10:08:16,514, session=2, sequence=80, operation=PrimitiveOperation{id=DefaultOperationId{id=write, type=COMMAND}, value=byte[]{length=17, hash=1297078671}}}}
10:08:16.546 [raft-server-3] TRACE i.a.p.raft.roles.FollowerRole - RaftServer{3}{role=FOLLOWER} - Committed entries up to index 92
10:08:16.546 [raft-server-3] TRACE i.a.p.raft.roles.FollowerRole - RaftServer{3}{role=FOLLOWER} - Sending AppendResponse{status=OK, term=1, succeeded=true, lastLogIndex=92}
10:08:16.546 [raft-server-1] TRACE i.a.p.raft.roles.LeaderAppender - RaftServer{1} - Received AppendResponse{status=OK, term=1, succeeded=true, lastLogIndex=92} from 3
10:08:16.546 [raft-server-3-state] TRACE i.a.p.raft.impl.RaftServiceManager - RaftServer{3} - Applying Indexed{index=92, entry=CommandEntry{term=1, timestamp=2018-06-11 10:08:16,412, session=2, sequence=79, operation=PrimitiveOperation{id=DefaultOperationId{id=write, type=COMMAND}, value=byte[]{length=17, hash=1297078671}}}}
10:08:16.546 [raft-server-1] TRACE i.a.p.raft.roles.LeaderAppender - RaftServer{1} - Sending AppendRequest{term=1, leader=1, prevLogIndex=92, prevLogTerm=1, entries=1, commitIndex=92} to 3
10:08:16.546 [raft-server-3-state] TRACE i.a.p.s.impl.DefaultServiceExecutor - PrimitiveService{2}{type=io.atomix.protocols.raft.RaftTest$TestPrimitiveType@5b77a59f, name=raft-test} - Executing DefaultCommit{index=92, session=RaftSession{RaftServiceContext{server=3, type=io.atomix.protocols.raft.RaftTest$TestPrimitiveType@5b77a59f, name=raft-test, id=2}, session=2, timestamp=2018-06-11 10:08:16,412}, time=2018-06-11 10:08:16,412, operation=DefaultOperationId{id=write, type=COMMAND}, value=byte[]{length=17, hash=1297078671}}
10:08:16.547 [raft-server-3] TRACE i.a.p.raft.roles.FollowerRole - RaftServer{3}{role=FOLLOWER} - Received AppendRequest{term=1, leader=1, prevLogIndex=92, prevLogTerm=1, entries=1, commitIndex=92}
10:08:16.547 [raft-server-3] TRACE i.a.p.raft.roles.FollowerRole - RaftServer{3}{role=FOLLOWER} - Appended Indexed{index=93, entry=CommandEntry{term=1, timestamp=2018-06-11 10:08:16,514, session=2, sequence=80, operation=PrimitiveOperation{id=DefaultOperationId{id=write, type=COMMAND}, value=byte[]{length=17, hash=1297078671}}}}
10:08:16.547 [raft-server-3] TRACE i.a.p.raft.roles.FollowerRole - RaftServer{3}{role=FOLLOWER} - Sending AppendResponse{status=OK, term=1, succeeded=true, lastLogIndex=93}
10:08:16.547 [raft-server-1] TRACE i.a.p.raft.roles.LeaderAppender - RaftServer{1} - Received AppendResponse{status=OK, term=1, succeeded=true, lastLogIndex=93} from 3
10:08:16.547 [raft-server-1] TRACE i.a.p.raft.roles.LeaderAppender - RaftServer{1} - Committed entries up to 93
10:08:16.580 [raft-server-2] TRACE i.a.p.raft.roles.FollowerRole - RaftServer{2}{role=FOLLOWER} - Committed entries up to index 92
10:08:16.580 [raft-server-2] TRACE i.a.p.raft.roles.FollowerRole - RaftServer{2}{role=FOLLOWER} - Sending AppendResponse{status=OK, term=1, succeeded=true, lastLogIndex=93}
10:08:16.580 [raft-server-2-state] TRACE i.a.p.raft.impl.RaftServiceManager - RaftServer{2} - Applying Indexed{index=92, entry=CommandEntry{term=1, timestamp=2018-06-11 10:08:16,412, session=2, sequence=79, operation=PrimitiveOperation{id=DefaultOperationId{id=write, type=COMMAND}, value=byte[]{length=17, hash=1297078671}}}}
10:08:16.580 [raft-server-2-state] TRACE i.a.p.s.impl.DefaultServiceExecutor - PrimitiveService{2}{type=io.atomix.protocols.raft.RaftTest$TestPrimitiveType@25c42b8f, name=raft-test} - Executing DefaultCommit{index=92, session=RaftSession{RaftServiceContext{server=2, type=io.atomix.protocols.raft.RaftTest$TestPrimitiveType@25c42b8f, name=raft-test, id=2}, session=2, timestamp=2018-06-11 10:08:16,412}, time=2018-06-11 10:08:16,412, operation=DefaultOperationId{id=write, type=COMMAND}, value=byte[]{length=17, hash=1297078671}}
10:08:16.647 [raft-server-1] TRACE i.a.p.raft.roles.LeaderAppender - RaftServer{1} - Sending AppendRequest{term=1, leader=1, prevLogIndex=93, prevLogTerm=1, entries=0, commitIndex=93} to 3
10:08:16.647 [raft-server-1] TRACE i.a.p.raft.roles.LeaderAppender - RaftServer{1} - Received AppendResponse{status=OK, term=1, succeeded=true, lastLogIndex=93} from 2
10:08:16.647 [raft-server-1] TRACE i.a.p.raft.roles.LeaderAppender - RaftServer{1} - Sending AppendRequest{term=1, leader=1, prevLogIndex=93, prevLogTerm=1, entries=0, commitIndex=93} to 2
10:08:16.647 [raft-server-3] TRACE i.a.p.raft.roles.FollowerRole - RaftServer{3}{role=FOLLOWER} - Received AppendRequest{term=1, leader=1, prevLogIndex=93, prevLogTerm=1, entries=0, commitIndex=93}
10:08:16.647 [raft-server-2] TRACE i.a.p.raft.roles.FollowerRole - RaftServer{2}{role=FOLLOWER} - Received AppendRequest{term=1, leader=1, prevLogIndex=93, prevLogTerm=1, entries=0, commitIndex=93}
10:08:16.647 [raft-server-1-state] TRACE i.a.p.raft.impl.RaftServiceManager - RaftServer{1} - Applying Indexed{index=93, entry=CommandEntry{term=1, timestamp=2018-06-11 10:08:16,514, session=2, sequence=80, operation=PrimitiveOperation{id=DefaultOperationId{id=write, type=COMMAND}, value=byte[]{length=17, hash=1297078671}}}}
10:08:16.647 [raft-server-1-state] TRACE i.a.p.s.impl.DefaultServiceExecutor - PrimitiveService{2}{type=io.atomix.protocols.raft.RaftTest$TestPrimitiveType@5051ea1e, name=raft-test} - Executing DefaultCommit{index=93, session=RaftSession{RaftServiceContext{server=1, type=io.atomix.protocols.raft.RaftTest$TestPrimitiveType@5051ea1e, name=raft-test, id=2}, session=2, timestamp=2018-06-11 10:08:16,514}, time=2018-06-11 10:08:16,514, operation=DefaultOperationId{id=write, type=COMMAND}, value=byte[]{length=17, hash=1297078671}}
10:08:16.647 [raft-server-1-state] TRACE i.a.protocols.raft.roles.LeaderRole - RaftServer{1}{role=LEADER} - Sending CommandResponse{status=OK, index=93, eventIndex=2, result=byte[]{length=3, hash=36271}}
10:08:16.647 [raft-client-995c025b-ba21-4dd3-828a-0c3e52b0447e-4] TRACE i.a.p.r.s.impl.RaftSessionConnection - SessionClient{2}{type=io.atomix.protocols.raft.RaftTest$TestPrimitiveType@6b321262, name=raft-test} - Received CommandResponse{status=OK, index=93, eventIndex=2, result=byte[]{length=3, hash=36271}} from 1
10:08:16.647 [raft-client-995c025b-ba21-4dd3-828a-0c3e52b0447e-4] TRACE i.a.p.r.s.impl.RaftSessionSequencer - SessionClient{2}{type=io.atomix.protocols.raft.RaftTest$TestPrimitiveType@6b321262, name=raft-test} - Completing response CommandResponse{status=OK, index=93, eventIndex=2, result=byte[]{length=3, hash=36271}}
10:08:16.648 [raft-client-995c025b-ba21-4dd3-828a-0c3e52b0447e-0] TRACE i.a.p.r.s.impl.RaftSessionConnection - SessionClient{2}{type=io.atomix.protocols.raft.RaftTest$TestPrimitiveType@6b321262, name=raft-test} - Sending CommandRequest{session=2, sequence=81, operation=PrimitiveOperation{id=DefaultOperationId{id=write, type=COMMAND}, value=byte[]{length=17, hash=1297078671}}} to 1
10:08:16.648 [raft-server-1] TRACE i.a.protocols.raft.roles.LeaderRole - RaftServer{1}{role=LEADER} - Received CommandRequest{session=2, sequence=81, operation=PrimitiveOperation{id=DefaultOperationId{id=write, type=COMMAND}, value=byte[]{length=17, hash=1297078671}}}
10:08:16.648 [raft-server-1] TRACE i.a.protocols.raft.roles.LeaderRole - RaftServer{1}{role=LEADER} - Appended Indexed{index=94, entry=CommandEntry{term=1, timestamp=2018-06-11 10:08:16,648, session=2, sequence=81, operation=PrimitiveOperation{id=DefaultOperationId{id=write, type=COMMAND}, value=byte[]{length=17, hash=1297078671}}}}
10:08:16.688 [raft-server-3] TRACE i.a.p.raft.roles.FollowerRole - RaftServer{3}{role=FOLLOWER} - Committed entries up to index 93
10:08:16.688 [raft-server-2] TRACE i.a.p.raft.roles.FollowerRole - RaftServer{2}{role=FOLLOWER} - Committed entries up to index 93
10:08:16.688 [raft-server-3] TRACE i.a.p.raft.roles.FollowerRole - RaftServer{3}{role=FOLLOWER} - Sending AppendResponse{status=OK, term=1, succeeded=true, lastLogIndex=93}
10:08:16.688 [raft-server-2] TRACE i.a.p.raft.roles.FollowerRole - RaftServer{2}{role=FOLLOWER} - Sending AppendResponse{status=OK, term=1, succeeded=true, lastLogIndex=93}
10:08:16.689 [raft-server-1] TRACE i.a.p.raft.roles.LeaderAppender - RaftServer{1} - Received AppendResponse{status=OK, term=1, succeeded=true, lastLogIndex=93} from 3
10:08:16.690 [raft-server-2-state] TRACE i.a.p.raft.impl.RaftServiceManager - RaftServer{2} - Applying Indexed{index=93, entry=CommandEntry{term=1, timestamp=2018-06-11 10:08:16,514, session=2, sequence=80, operation=PrimitiveOperation{id=DefaultOperationId{id=write, type=COMMAND}, value=byte[]{length=17, hash=1297078671}}}}
10:08:16.690 [raft-server-3-state] TRACE i.a.p.raft.impl.RaftServiceManager - RaftServer{3} - Applying Indexed{index=93, entry=CommandEntry{term=1, timestamp=2018-06-11 10:08:16,514, session=2, sequence=80, operation=PrimitiveOperation{id=DefaultOperationId{id=write, type=COMMAND}, value=byte[]{length=17, hash=1297078671}}}}
10:08:16.690 [raft-server-2-state] TRACE i.a.p.s.impl.DefaultServiceExecutor - PrimitiveService{2}{type=io.atomix.protocols.raft.RaftTest$TestPrimitiveType@25c42b8f, name=raft-test} - Executing DefaultCommit{index=93, session=RaftSession{RaftServiceContext{server=2, type=io.atomix.protocols.raft.RaftTest$TestPrimitiveType@25c42b8f, name=raft-test, id=2}, session=2, timestamp=2018-06-11 10:08:16,514}, time=2018-06-11 10:08:16,514, operation=DefaultOperationId{id=write, type=COMMAND}, value=byte[]{length=17, hash=1297078671}}
10:08:16.690 [raft-server-3-state] TRACE i.a.p.s.impl.DefaultServiceExecutor - PrimitiveService{2}{type=io.atomix.protocols.raft.RaftTest$TestPrimitiveType@5b77a59f, name=raft-test} - Executing DefaultCommit{index=93, session=RaftSession{RaftServiceContext{server=3, type=io.atomix.protocols.raft.RaftTest$TestPrimitiveType@5b77a59f, name=raft-test, id=2}, session=2, timestamp=2018-06-11 10:08:16,514}, time=2018-06-11 10:08:16,514, operation=DefaultOperationId{id=write, type=COMMAND}, value=byte[]{length=17, hash=1297078671}}
10:08:16.690 [raft-server-1] TRACE i.a.p.raft.roles.LeaderAppender - RaftServer{1} - Sending AppendRequest{term=1, leader=1, prevLogIndex=93, prevLogTerm=1, entries=1, commitIndex=93} to 3
10:08:16.690 [raft-server-3] TRACE i.a.p.raft.roles.FollowerRole - RaftServer{3}{role=FOLLOWER} - Received AppendRequest{term=1, leader=1, prevLogIndex=93, prevLogTerm=1, entries=1, commitIndex=93}
10:08:16.690 [raft-server-1] TRACE i.a.p.raft.roles.LeaderAppender - RaftServer{1} - Sending AppendRequest{term=1, leader=1, prevLogIndex=93, prevLogTerm=1, entries=1, commitIndex=93} to 2
10:08:16.690 [raft-server-1] TRACE i.a.p.raft.roles.LeaderAppender - RaftServer{1} - Received AppendResponse{status=OK, term=1, succeeded=true, lastLogIndex=93} from 2
10:08:16.690 [raft-server-3] TRACE i.a.p.raft.roles.FollowerRole - RaftServer{3}{role=FOLLOWER} - Appended Indexed{index=94, entry=CommandEntry{term=1, timestamp=2018-06-11 10:08:16,648, session=2, sequence=81, operation=PrimitiveOperation{id=DefaultOperationId{id=write, type=COMMAND}, value=byte[]{length=17, hash=1297078671}}}}
10:08:16.691 [raft-server-3] TRACE i.a.p.raft.roles.FollowerRole - RaftServer{3}{role=FOLLOWER} - Sending AppendResponse{status=OK, term=1, succeeded=true, lastLogIndex=94}
10:08:16.691 [raft-server-1] TRACE i.a.p.raft.roles.LeaderAppender - RaftServer{1} - Received AppendResponse{status=OK, term=1, succeeded=true, lastLogIndex=94} from 3
10:08:16.691 [raft-server-1] TRACE i.a.p.raft.roles.LeaderAppender - RaftServer{1} - Committed entries up to 94
10:08:16.691 [raft-server-2] TRACE i.a.p.raft.roles.FollowerRole - RaftServer{2}{role=FOLLOWER} - Received AppendRequest{term=1, leader=1, prevLogIndex=93, prevLogTerm=1, entries=1, commitIndex=93}
10:08:16.691 [raft-server-2] TRACE i.a.p.raft.roles.FollowerRole - RaftServer{2}{role=FOLLOWER} - Appended Indexed{index=94, entry=CommandEntry{term=1, timestamp=2018-06-11 10:08:16,648, session=2, sequence=81, operation=PrimitiveOperation{id=DefaultOperationId{id=write, type=COMMAND}, value=byte[]{length=17, hash=1297078671}}}}
10:08:16.691 [raft-server-2] TRACE i.a.p.raft.roles.FollowerRole - RaftServer{2}{role=FOLLOWER} - Sending AppendResponse{status=OK, term=1, succeeded=true, lastLogIndex=94}
10:08:16.739 [raft-server-1] TRACE i.a.p.raft.roles.LeaderAppender - RaftServer{1} - Received AppendResponse{status=OK, term=1, succeeded=true, lastLogIndex=94} from 2
10:08:16.739 [raft-server-1-state] TRACE i.a.p.raft.impl.RaftServiceManager - RaftServer{1} - Applying Indexed{index=94, entry=CommandEntry{term=1, timestamp=2018-06-11 10:08:16,648, session=2, sequence=81, operation=PrimitiveOperation{id=DefaultOperationId{id=write, type=COMMAND}, value=byte[]{length=17, hash=1297078671}}}}
10:08:16.739 [raft-server-1-state] TRACE i.a.p.s.impl.DefaultServiceExecutor - PrimitiveService{2}{type=io.atomix.protocols.raft.RaftTest$TestPrimitiveType@5051ea1e, name=raft-test} - Executing DefaultCommit{index=94, session=RaftSession{RaftServiceContext{server=1, type=io.atomix.protocols.raft.RaftTest$TestPrimitiveType@5051ea1e, name=raft-test, id=2}, session=2, timestamp=2018-06-11 10:08:16,648}, time=2018-06-11 10:08:16,648, operation=DefaultOperationId{id=write, type=COMMAND}, value=byte[]{length=17, hash=1297078671}}
10:08:16.739 [raft-server-1-state] TRACE i.a.protocols.raft.roles.LeaderRole - RaftServer{1}{role=LEADER} - Sending CommandResponse{status=OK, index=94, eventIndex=2, result=byte[]{length=3, hash=36333}}
10:08:16.739 [raft-client-995c025b-ba21-4dd3-828a-0c3e52b0447e-7] TRACE i.a.p.r.s.impl.RaftSessionConnection - SessionClient{2}{type=io.atomix.protocols.raft.RaftTest$TestPrimitiveType@6b321262, name=raft-test} - Received CommandResponse{status=OK, index=94, eventIndex=2, result=byte[]{length=3, hash=36333}} from 1
10:08:16.739 [raft-client-995c025b-ba21-4dd3-828a-0c3e52b0447e-7] TRACE i.a.p.r.s.impl.RaftSessionSequencer - SessionClient{2}{type=io.atomix.protocols.raft.RaftTest$TestPrimitiveType@6b321262, name=raft-test} - Completing response CommandResponse{status=OK, index=94, eventIndex=2, result=byte[]{length=3, hash=36333}}
10:08:16.739 [raft-client-995c025b-ba21-4dd3-828a-0c3e52b0447e-2] TRACE i.a.p.r.s.impl.RaftSessionConnection - SessionClient{2}{type=io.atomix.protocols.raft.RaftTest$TestPrimitiveType@6b321262, name=raft-test} - Sending CommandRequest{session=2, sequence=82, operation=PrimitiveOperation{id=DefaultOperationId{id=write, type=COMMAND}, value=byte[]{length=17, hash=1297078671}}} to 1
10:08:16.739 [raft-server-1] TRACE i.a.protocols.raft.roles.LeaderRole - RaftServer{1}{role=LEADER} - Received CommandRequest{session=2, sequence=82, operation=PrimitiveOperation{id=DefaultOperationId{id=write, type=COMMAND}, value=byte[]{length=17, hash=1297078671}}}
10:08:16.740 [raft-server-1] TRACE i.a.protocols.raft.roles.LeaderRole - RaftServer{1}{role=LEADER} - Appended Indexed{index=95, entry=CommandEntry{term=1, timestamp=2018-06-11 10:08:16,739, session=2, sequence=82, operation=PrimitiveOperation{id=DefaultOperationId{id=write, type=COMMAND}, value=byte[]{length=17, hash=1297078671}}}}
10:08:16.740 [raft-server-1] TRACE i.a.p.raft.roles.LeaderAppender - RaftServer{1} - Sending AppendRequest{term=1, leader=1, prevLogIndex=94, prevLogTerm=1, entries=1, commitIndex=94} to 2
10:08:16.740 [raft-server-2] TRACE i.a.p.raft.roles.FollowerRole - RaftServer{2}{role=FOLLOWER} - Received AppendRequest{term=1, leader=1, prevLogIndex=94, prevLogTerm=1, entries=1, commitIndex=94}
10:08:16.740 [raft-server-1] TRACE i.a.p.raft.roles.LeaderAppender - RaftServer{1} - Sending AppendRequest{term=1, leader=1, prevLogIndex=94, prevLogTerm=1, entries=1, commitIndex=94} to 3
10:08:16.740 [raft-server-3] TRACE i.a.p.raft.roles.FollowerRole - RaftServer{3}{role=FOLLOWER} - Received AppendRequest{term=1, leader=1, prevLogIndex=94, prevLogTerm=1, entries=1, commitIndex=94}
10:08:16.740 [raft-server-2] TRACE i.a.p.raft.roles.FollowerRole - RaftServer{2}{role=FOLLOWER} - Appended Indexed{index=95, entry=CommandEntry{term=1, timestamp=2018-06-11 10:08:16,739, session=2, sequence=82, operation=PrimitiveOperation{id=DefaultOperationId{id=write, type=COMMAND}, value=byte[]{length=17, hash=1297078671}}}}
10:08:16.740 [raft-server-3] TRACE i.a.p.raft.roles.FollowerRole - RaftServer{3}{role=FOLLOWER} - Appended Indexed{index=95, entry=CommandEntry{term=1, timestamp=2018-06-11 10:08:16,739, session=2, sequence=82, operation=PrimitiveOperation{id=DefaultOperationId{id=write, type=COMMAND}, value=byte[]{length=17, hash=1297078671}}}}
10:08:16.788 [raft-server-2] TRACE i.a.p.raft.roles.FollowerRole - RaftServer{2}{role=FOLLOWER} - Committed entries up to index 94
10:08:16.788 [raft-server-3] TRACE i.a.p.raft.roles.FollowerRole - RaftServer{3}{role=FOLLOWER} - Committed entries up to index 94
10:08:16.788 [raft-server-2] TRACE i.a.p.raft.roles.FollowerRole - RaftServer{2}{role=FOLLOWER} - Sending AppendResponse{status=OK, term=1, succeeded=true, lastLogIndex=95}
10:08:16.788 [raft-server-3] TRACE i.a.p.raft.roles.FollowerRole - RaftServer{3}{role=FOLLOWER} - Sending AppendResponse{status=OK, term=1, succeeded=true, lastLogIndex=95}
10:08:16.789 [raft-server-1] TRACE i.a.p.raft.roles.LeaderAppender - RaftServer{1} - Received AppendResponse{status=OK, term=1, succeeded=true, lastLogIndex=95} from 2
10:08:16.789 [raft-server-1] TRACE i.a.p.raft.roles.LeaderAppender - RaftServer{1} - Committed entries up to 95
10:08:16.789 [raft-server-3-state] TRACE i.a.p.raft.impl.RaftServiceManager - RaftServer{3} - Applying Indexed{index=94, entry=CommandEntry{term=1, timestamp=2018-06-11 10:08:16,648, session=2, sequence=81, operation=PrimitiveOperation{id=DefaultOperationId{id=write, type=COMMAND}, value=byte[]{length=17, hash=1297078671}}}}
10:08:16.789 [raft-server-2-state] TRACE i.a.p.raft.impl.RaftServiceManager - RaftServer{2} - Applying Indexed{index=94, entry=CommandEntry{term=1, timestamp=2018-06-11 10:08:16,648, session=2, sequence=81, operation=PrimitiveOperation{id=DefaultOperationId{id=write, type=COMMAND}, value=byte[]{length=17, hash=1297078671}}}}
10:08:16.789 [raft-server-2-state] TRACE i.a.p.s.impl.DefaultServiceExecutor - PrimitiveService{2}{type=io.atomix.protocols.raft.RaftTest$TestPrimitiveType@25c42b8f, name=raft-test} - Executing DefaultCommit{index=94, session=RaftSession{RaftServiceContext{server=2, type=io.atomix.protocols.raft.RaftTest$TestPrimitiveType@25c42b8f, name=raft-test, id=2}, session=2, timestamp=2018-06-11 10:08:16,648}, time=2018-06-11 10:08:16,648, operation=DefaultOperationId{id=write, type=COMMAND}, value=byte[]{length=17, hash=1297078671}}
10:08:16.789 [raft-server-3-state] TRACE i.a.p.s.impl.DefaultServiceExecutor - PrimitiveService{2}{type=io.atomix.protocols.raft.RaftTest$TestPrimitiveType@5b77a59f, name=raft-test} - Executing DefaultCommit{index=94, session=RaftSession{RaftServiceContext{server=3, type=io.atomix.protocols.raft.RaftTest$TestPrimitiveType@5b77a59f, name=raft-test, id=2}, session=2, timestamp=2018-06-11 10:08:16,648}, time=2018-06-11 10:08:16,648, operation=DefaultOperationId{id=write, type=COMMAND}, value=byte[]{length=17, hash=1297078671}}
10:08:16.822 [raft-server-1] TRACE i.a.p.raft.roles.LeaderAppender - RaftServer{1} - Received AppendResponse{status=OK, term=1, succeeded=true, lastLogIndex=95} from 3
10:08:16.822 [raft-server-1-state] TRACE i.a.p.raft.impl.RaftServiceManager - RaftServer{1} - Applying Indexed{index=95, entry=CommandEntry{term=1, timestamp=2018-06-11 10:08:16,739, session=2, sequence=82, operation=PrimitiveOperation{id=DefaultOperationId{id=write, type=COMMAND}, value=byte[]{length=17, hash=1297078671}}}}
10:08:16.822 [raft-server-1-state] TRACE i.a.p.s.impl.DefaultServiceExecutor - PrimitiveService{2}{type=io.atomix.protocols.raft.RaftTest$TestPrimitiveType@5051ea1e, name=raft-test} - Executing DefaultCommit{index=95, session=RaftSession{RaftServiceContext{server=1, type=io.atomix.protocols.raft.RaftTest$TestPrimitiveType@5051ea1e, name=raft-test, id=2}, session=2, timestamp=2018-06-11 10:08:16,739}, time=2018-06-11 10:08:16,739, operation=DefaultOperationId{id=write, type=COMMAND}, value=byte[]{length=17, hash=1297078671}}
10:08:16.822 [raft-server-1-state] TRACE i.a.protocols.raft.roles.LeaderRole - RaftServer{1}{role=LEADER} - Sending CommandResponse{status=OK, index=95, eventIndex=2, result=byte[]{length=3, hash=36395}}
10:08:16.822 [raft-client-995c025b-ba21-4dd3-828a-0c3e52b0447e-3] TRACE i.a.p.r.s.impl.RaftSessionConnection - SessionClient{2}{type=io.atomix.protocols.raft.RaftTest$TestPrimitiveType@6b321262, name=raft-test} - Received CommandResponse{status=OK, index=95, eventIndex=2, result=byte[]{length=3, hash=36395}} from 1
10:08:16.822 [raft-client-995c025b-ba21-4dd3-828a-0c3e52b0447e-3] TRACE i.a.p.r.s.impl.RaftSessionSequencer - SessionClient{2}{type=io.atomix.protocols.raft.RaftTest$TestPrimitiveType@6b321262, name=raft-test} - Completing response CommandResponse{status=OK, index=95, eventIndex=2, result=byte[]{length=3, hash=36395}}
10:08:16.823 [raft-client-995c025b-ba21-4dd3-828a-0c3e52b0447e-1] TRACE i.a.p.r.s.impl.RaftSessionConnection - SessionClient{2}{type=io.atomix.protocols.raft.RaftTest$TestPrimitiveType@6b321262, name=raft-test} - Sending CommandRequest{session=2, sequence=83, operation=PrimitiveOperation{id=DefaultOperationId{id=write, type=COMMAND}, value=byte[]{length=17, hash=1297078671}}} to 1
10:08:16.823 [raft-server-1] TRACE i.a.protocols.raft.roles.LeaderRole - RaftServer{1}{role=LEADER} - Received CommandRequest{session=2, sequence=83, operation=PrimitiveOperation{id=DefaultOperationId{id=write, type=COMMAND}, value=byte[]{length=17, hash=1297078671}}}
10:08:16.823 [raft-server-1] TRACE i.a.protocols.raft.roles.LeaderRole - RaftServer{1}{role=LEADER} - Appended Indexed{index=96, entry=CommandEntry{term=1, timestamp=2018-06-11 10:08:16,823, session=2, sequence=83, operation=PrimitiveOperation{id=DefaultOperationId{id=write, type=COMMAND}, value=byte[]{length=17, hash=1297078671}}}}
10:08:16.823 [raft-server-1] TRACE i.a.p.raft.roles.LeaderAppender - RaftServer{1} - Sending AppendRequest{term=1, leader=1, prevLogIndex=95, prevLogTerm=1, entries=1, commitIndex=95} to 2
10:08:16.823 [raft-server-1] TRACE i.a.p.raft.roles.LeaderAppender - RaftServer{1} - Sending AppendRequest{term=1, leader=1, prevLogIndex=95, prevLogTerm=1, entries=1, commitIndex=95} to 3
10:08:16.823 [raft-server-2] TRACE i.a.p.raft.roles.FollowerRole - RaftServer{2}{role=FOLLOWER} - Received AppendRequest{term=1, leader=1, prevLogIndex=95, prevLogTerm=1, entries=1, commitIndex=95}
10:08:16.823 [raft-server-3] TRACE i.a.p.raft.roles.FollowerRole - RaftServer{3}{role=FOLLOWER} - Received AppendRequest{term=1, leader=1, prevLogIndex=95, prevLogTerm=1, entries=1, commitIndex=95}
10:08:16.823 [raft-server-2] TRACE i.a.p.raft.roles.FollowerRole - RaftServer{2}{role=FOLLOWER} - Appended Indexed{index=96, entry=CommandEntry{term=1, timestamp=2018-06-11 10:08:16,823, session=2, sequence=83, operation=PrimitiveOperation{id=DefaultOperationId{id=write, type=COMMAND}, value=byte[]{length=17, hash=1297078671}}}}
10:08:16.823 [raft-server-3] TRACE i.a.p.raft.roles.FollowerRole - RaftServer{3}{role=FOLLOWER} - Appended Indexed{index=96, entry=CommandEntry{term=1, timestamp=2018-06-11 10:08:16,823, session=2, sequence=83, operation=PrimitiveOperation{id=DefaultOperationId{id=write, type=COMMAND}, value=byte[]{length=17, hash=1297078671}}}}
10:08:16.855 [raft-server-2] TRACE i.a.p.raft.roles.FollowerRole - RaftServer{2}{role=FOLLOWER} - Committed entries up to index 95
10:08:16.855 [raft-server-3] TRACE i.a.p.raft.roles.FollowerRole - RaftServer{3}{role=FOLLOWER} - Committed entries up to index 95
10:08:16.855 [raft-server-2] TRACE i.a.p.raft.roles.FollowerRole - RaftServer{2}{role=FOLLOWER} - Sending AppendResponse{status=OK, term=1, succeeded=true, lastLogIndex=96}
10:08:16.855 [raft-server-3] TRACE i.a.p.raft.roles.FollowerRole - RaftServer{3}{role=FOLLOWER} - Sending AppendResponse{status=OK, term=1, succeeded=true, lastLogIndex=96}
10:08:16.855 [raft-server-1] TRACE i.a.p.raft.roles.LeaderAppender - RaftServer{1} - Received AppendResponse{status=OK, term=1, succeeded=true, lastLogIndex=96} from 2
10:08:16.855 [raft-server-1] TRACE i.a.p.raft.roles.LeaderAppender - RaftServer{1} - Committed entries up to 96
10:08:16.855 [raft-server-3-state] TRACE i.a.p.raft.impl.RaftServiceManager - RaftServer{3} - Applying Indexed{index=95, entry=CommandEntry{term=1, timestamp=2018-06-11 10:08:16,739, session=2, sequence=82, operation=PrimitiveOperation{id=DefaultOperationId{id=write, type=COMMAND}, value=byte[]{length=17, hash=1297078671}}}}
10:08:16.855 [raft-server-2-state] TRACE i.a.p.raft.impl.RaftServiceManager - RaftServer{2} - Applying Indexed{index=95, entry=CommandEntry{term=1, timestamp=2018-06-11 10:08:16,739, session=2, sequence=82, operation=PrimitiveOperation{id=DefaultOperationId{id=write, type=COMMAND}, value=byte[]{length=17, hash=1297078671}}}}
10:08:16.855 [raft-server-3-state] TRACE i.a.p.s.impl.DefaultServiceExecutor - PrimitiveService{2}{type=io.atomix.protocols.raft.RaftTest$TestPrimitiveType@5b77a59f, name=raft-test} - Executing DefaultCommit{index=95, session=RaftSession{RaftServiceContext{server=3, type=io.atomix.protocols.raft.RaftTest$TestPrimitiveType@5b77a59f, name=raft-test, id=2}, session=2, timestamp=2018-06-11 10:08:16,739}, time=2018-06-11 10:08:16,739, operation=DefaultOperationId{id=write, type=COMMAND}, value=byte[]{length=17, hash=1297078671}}
10:08:16.855 [raft-server-2-state] TRACE i.a.p.s.impl.DefaultServiceExecutor - PrimitiveService{2}{type=io.atomix.protocols.raft.RaftTest$TestPrimitiveType@25c42b8f, name=raft-test} - Executing DefaultCommit{index=95, session=RaftSession{RaftServiceContext{server=2, type=io.atomix.protocols.raft.RaftTest$TestPrimitiveType@25c42b8f, name=raft-test, id=2}, session=2, timestamp=2018-06-11 10:08:16,739}, time=2018-06-11 10:08:16,739, operation=DefaultOperationId{id=write, type=COMMAND}, value=byte[]{length=17, hash=1297078671}}
10:08:16.880 [raft-server-1] TRACE i.a.p.raft.roles.LeaderAppender - RaftServer{1} - Sending AppendRequest{term=1, leader=1, prevLogIndex=96, prevLogTerm=1, entries=0, commitIndex=96} to 2
10:08:16.880 [raft-server-1] TRACE i.a.p.raft.roles.LeaderAppender - RaftServer{1} - Received AppendResponse{status=OK, term=1, succeeded=true, lastLogIndex=96} from 3
10:08:16.880 [raft-server-1] TRACE i.a.p.raft.roles.LeaderAppender - RaftServer{1} - Sending AppendRequest{term=1, leader=1, prevLogIndex=96, prevLogTerm=1, entries=0, commitIndex=96} to 3
10:08:16.880 [raft-server-3] TRACE i.a.p.raft.roles.FollowerRole - RaftServer{3}{role=FOLLOWER} - Received AppendRequest{term=1, leader=1, prevLogIndex=96, prevLogTerm=1, entries=0, commitIndex=96}
10:08:16.880 [raft-server-2] TRACE i.a.p.raft.roles.FollowerRole - RaftServer{2}{role=FOLLOWER} - Received AppendRequest{term=1, leader=1, prevLogIndex=96, prevLogTerm=1, entries=0, commitIndex=96}
10:08:16.880 [raft-server-1-state] TRACE i.a.p.raft.impl.RaftServiceManager - RaftServer{1} - Applying Indexed{index=96, entry=CommandEntry{term=1, timestamp=2018-06-11 10:08:16,823, session=2, sequence=83, operation=PrimitiveOperation{id=DefaultOperationId{id=write, type=COMMAND}, value=byte[]{length=17, hash=1297078671}}}}
10:08:16.880 [raft-server-1-state] TRACE i.a.p.s.impl.DefaultServiceExecutor - PrimitiveService{2}{type=io.atomix.protocols.raft.RaftTest$TestPrimitiveType@5051ea1e, name=raft-test} - Executing DefaultCommit{index=96, session=RaftSession{RaftServiceContext{server=1, type=io.atomix.protocols.raft.RaftTest$TestPrimitiveType@5051ea1e, name=raft-test, id=2}, session=2, timestamp=2018-06-11 10:08:16,823}, time=2018-06-11 10:08:16,823, operation=DefaultOperationId{id=write, type=COMMAND}, value=byte[]{length=17, hash=1297078671}}
10:08:16.881 [raft-server-1-state] TRACE i.a.protocols.raft.roles.LeaderRole - RaftServer{1}{role=LEADER} - Sending CommandResponse{status=OK, index=96, eventIndex=2, result=byte[]{length=3, hash=36457}}
10:08:16.881 [raft-client-995c025b-ba21-4dd3-828a-0c3e52b0447e-7] TRACE i.a.p.r.s.impl.RaftSessionConnection - SessionClient{2}{type=io.atomix.protocols.raft.RaftTest$TestPrimitiveType@6b321262, name=raft-test} - Received CommandResponse{status=OK, index=96, eventIndex=2, result=byte[]{length=3, hash=36457}} from 1
10:08:16.881 [raft-client-995c025b-ba21-4dd3-828a-0c3e52b0447e-7] TRACE i.a.p.r.s.impl.RaftSessionSequencer - SessionClient{2}{type=io.atomix.protocols.raft.RaftTest$TestPrimitiveType@6b321262, name=raft-test} - Completing response CommandResponse{status=OK, index=96, eventIndex=2, result=byte[]{length=3, hash=36457}}
10:08:16.881 [raft-client-995c025b-ba21-4dd3-828a-0c3e52b0447e-7] TRACE i.a.p.r.s.impl.RaftSessionConnection - SessionClient{2}{type=io.atomix.protocols.raft.RaftTest$TestPrimitiveType@6b321262, name=raft-test} - Sending CommandRequest{session=2, sequence=84, operation=PrimitiveOperation{id=DefaultOperationId{id=write, type=COMMAND}, value=byte[]{length=17, hash=1297078671}}} to 1
10:08:16.881 [raft-server-1] TRACE i.a.protocols.raft.roles.LeaderRole - RaftServer{1}{role=LEADER} - Received CommandRequest{session=2, sequence=84, operation=PrimitiveOperation{id=DefaultOperationId{id=write, type=COMMAND}, value=byte[]{length=17, hash=1297078671}}}
10:08:16.881 [raft-server-1] TRACE i.a.protocols.raft.roles.LeaderRole - RaftServer{1}{role=LEADER} - Appended Indexed{index=97, entry=CommandEntry{term=1, timestamp=2018-06-11 10:08:16,881, session=2, sequence=84, operation=PrimitiveOperation{id=DefaultOperationId{id=write, type=COMMAND}, value=byte[]{length=17, hash=1297078671}}}}
10:08:16.905 [raft-server-3] TRACE i.a.p.raft.roles.FollowerRole - RaftServer{3}{role=FOLLOWER} - Committed entries up to index 96
10:08:16.905 [raft-server-2] TRACE i.a.p.raft.roles.FollowerRole - RaftServer{2}{role=FOLLOWER} - Committed entries up to index 96
10:08:16.905 [raft-server-3] TRACE i.a.p.raft.roles.FollowerRole - RaftServer{3}{role=FOLLOWER} - Sending AppendResponse{status=OK, term=1, succeeded=true, lastLogIndex=96}
10:08:16.905 [raft-server-2] TRACE i.a.p.raft.roles.FollowerRole - RaftServer{2}{role=FOLLOWER} - Sending AppendResponse{status=OK, term=1, succeeded=true, lastLogIndex=96}
10:08:16.905 [raft-server-1] TRACE i.a.p.raft.roles.LeaderAppender - RaftServer{1} - Received AppendResponse{status=OK, term=1, succeeded=true, lastLogIndex=96} from 3
10:08:16.905 [raft-server-1] TRACE i.a.p.raft.roles.LeaderAppender - RaftServer{1} - Sending AppendRequest{term=1, leader=1, prevLogIndex=96, prevLogTerm=1, entries=1, commitIndex=96} to 3
10:08:16.905 [raft-server-2-state] TRACE i.a.p.raft.impl.RaftServiceManager - RaftServer{2} - Applying Indexed{index=96, entry=CommandEntry{term=1, timestamp=2018-06-11 10:08:16,823, session=2, sequence=83, operation=PrimitiveOperation{id=DefaultOperationId{id=write, type=COMMAND}, value=byte[]{length=17, hash=1297078671}}}}
10:08:16.905 [raft-server-3-state] TRACE i.a.p.raft.impl.RaftServiceManager - RaftServer{3} - Applying Indexed{index=96, entry=CommandEntry{term=1, timestamp=2018-06-11 10:08:16,823, session=2, sequence=83, operation=PrimitiveOperation{id=DefaultOperationId{id=write, type=COMMAND}, value=byte[]{length=17, hash=1297078671}}}}
10:08:16.905 [raft-server-3] TRACE i.a.p.raft.roles.FollowerRole - RaftServer{3}{role=FOLLOWER} - Received AppendRequest{term=1, leader=1, prevLogIndex=96, prevLogTerm=1, entries=1, commitIndex=96}
10:08:16.905 [raft-server-1] TRACE i.a.p.raft.roles.LeaderAppender - RaftServer{1} - Received AppendResponse{status=OK, term=1, succeeded=true, lastLogIndex=96} from 2
10:08:16.905 [raft-server-2-state] TRACE i.a.p.s.impl.DefaultServiceExecutor - PrimitiveService{2}{type=io.atomix.protocols.raft.RaftTest$TestPrimitiveType@25c42b8f, name=raft-test} - Executing DefaultCommit{index=96, session=RaftSession{RaftServiceContext{server=2, type=io.atomix.protocols.raft.RaftTest$TestPrimitiveType@25c42b8f, name=raft-test, id=2}, session=2, timestamp=2018-06-11 10:08:16,823}, time=2018-06-11 10:08:16,823, operation=DefaultOperationId{id=write, type=COMMAND}, value=byte[]{length=17, hash=1297078671}}
10:08:16.905 [raft-server-3-state] TRACE i.a.p.s.impl.DefaultServiceExecutor - PrimitiveService{2}{type=io.atomix.protocols.raft.RaftTest$TestPrimitiveType@5b77a59f, name=raft-test} - Executing DefaultCommit{index=96, session=RaftSession{RaftServiceContext{server=3, type=io.atomix.protocols.raft.RaftTest$TestPrimitiveType@5b77a59f, name=raft-test, id=2}, session=2, timestamp=2018-06-11 10:08:16,823}, time=2018-06-11 10:08:16,823, operation=DefaultOperationId{id=write, type=COMMAND}, value=byte[]{length=17, hash=1297078671}}
10:08:16.906 [raft-server-1] TRACE i.a.p.raft.roles.LeaderAppender - RaftServer{1} - Sending AppendRequest{term=1, leader=1, prevLogIndex=96, prevLogTerm=1, entries=1, commitIndex=96} to 2
10:08:16.906 [raft-server-3] TRACE i.a.p.raft.roles.FollowerRole - RaftServer{3}{role=FOLLOWER} - Appended Indexed{index=97, entry=CommandEntry{term=1, timestamp=2018-06-11 10:08:16,881, session=2, sequence=84, operation=PrimitiveOperation{id=DefaultOperationId{id=write, type=COMMAND}, value=byte[]{length=17, hash=1297078671}}}}
10:08:16.906 [raft-server-3] TRACE i.a.p.raft.roles.FollowerRole - RaftServer{3}{role=FOLLOWER} - Sending AppendResponse{status=OK, term=1, succeeded=true, lastLogIndex=97}
10:08:16.906 [raft-server-2] TRACE i.a.p.raft.roles.FollowerRole - RaftServer{2}{role=FOLLOWER} - Received AppendRequest{term=1, leader=1, prevLogIndex=96, prevLogTerm=1, entries=1, commitIndex=96}
10:08:16.906 [raft-server-1] TRACE i.a.p.raft.roles.LeaderAppender - RaftServer{1} - Received AppendResponse{status=OK, term=1, succeeded=true, lastLogIndex=97} from 3
10:08:16.906 [raft-server-1] TRACE i.a.p.raft.roles.LeaderAppender - RaftServer{1} - Committed entries up to 97
10:08:16.906 [raft-server-2] TRACE i.a.p.raft.roles.FollowerRole - RaftServer{2}{role=FOLLOWER} - Appended Indexed{index=97, entry=CommandEntry{term=1, timestamp=2018-06-11 10:08:16,881, session=2, sequence=84, operation=PrimitiveOperation{id=DefaultOperationId{id=write, type=COMMAND}, value=byte[]{length=17, hash=1297078671}}}}
10:08:16.906 [raft-server-2] TRACE i.a.p.raft.roles.FollowerRole - RaftServer{2}{role=FOLLOWER} - Sending AppendResponse{status=OK, term=1, succeeded=true, lastLogIndex=97}
10:08:16.930 [raft-server-1] TRACE i.a.p.raft.roles.LeaderAppender - RaftServer{1} - Received AppendResponse{status=OK, term=1, succeeded=true, lastLogIndex=97} from 2
10:08:16.930 [raft-server-1-state] TRACE i.a.p.raft.impl.RaftServiceManager - RaftServer{1} - Applying Indexed{index=97, entry=CommandEntry{term=1, timestamp=2018-06-11 10:08:16,881, session=2, sequence=84, operation=PrimitiveOperation{id=DefaultOperationId{id=write, type=COMMAND}, value=byte[]{length=17, hash=1297078671}}}}
10:08:16.930 [raft-server-1-state] TRACE i.a.p.s.impl.DefaultServiceExecutor - PrimitiveService{2}{type=io.atomix.protocols.raft.RaftTest$TestPrimitiveType@5051ea1e, name=raft-test} - Executing DefaultCommit{index=97, session=RaftSession{RaftServiceContext{server=1, type=io.atomix.protocols.raft.RaftTest$TestPrimitiveType@5051ea1e, name=raft-test, id=2}, session=2, timestamp=2018-06-11 10:08:16,881}, time=2018-06-11 10:08:16,881, operation=DefaultOperationId{id=write, type=COMMAND}, value=byte[]{length=17, hash=1297078671}}
10:08:16.930 [raft-server-1-state] TRACE i.a.protocols.raft.roles.LeaderRole - RaftServer{1}{role=LEADER} - Sending CommandResponse{status=OK, index=97, eventIndex=2, result=byte[]{length=3, hash=36519}}
10:08:16.931 [raft-client-995c025b-ba21-4dd3-828a-0c3e52b0447e-4] TRACE i.a.p.r.s.impl.RaftSessionConnection - SessionClient{2}{type=io.atomix.protocols.raft.RaftTest$TestPrimitiveType@6b321262, name=raft-test} - Received CommandResponse{status=OK, index=97, eventIndex=2, result=byte[]{length=3, hash=36519}} from 1
10:08:16.931 [raft-client-995c025b-ba21-4dd3-828a-0c3e52b0447e-4] TRACE i.a.p.r.s.impl.RaftSessionSequencer - SessionClient{2}{type=io.atomix.protocols.raft.RaftTest$TestPrimitiveType@6b321262, name=raft-test} - Completing response CommandResponse{status=OK, index=97, eventIndex=2, result=byte[]{length=3, hash=36519}}
10:08:16.931 [raft-client-995c025b-ba21-4dd3-828a-0c3e52b0447e-4] TRACE i.a.p.r.s.impl.RaftSessionConnection - SessionClient{2}{type=io.atomix.protocols.raft.RaftTest$TestPrimitiveType@6b321262, name=raft-test} - Sending CommandRequest{session=2, sequence=85, operation=PrimitiveOperation{id=DefaultOperationId{id=write, type=COMMAND}, value=byte[]{length=17, hash=1297078671}}} to 1
10:08:16.931 [raft-server-1] TRACE i.a.protocols.raft.roles.LeaderRole - RaftServer{1}{role=LEADER} - Received CommandRequest{session=2, sequence=85, operation=PrimitiveOperation{id=DefaultOperationId{id=write, type=COMMAND}, value=byte[]{length=17, hash=1297078671}}}
10:08:16.931 [raft-server-1] TRACE i.a.protocols.raft.roles.LeaderRole - RaftServer{1}{role=LEADER} - Appended Indexed{index=98, entry=CommandEntry{term=1, timestamp=2018-06-11 10:08:16,931, session=2, sequence=85, operation=PrimitiveOperation{id=DefaultOperationId{id=write, type=COMMAND}, value=byte[]{length=17, hash=1297078671}}}}
10:08:16.931 [raft-server-1] TRACE i.a.p.raft.roles.LeaderAppender - RaftServer{1} - Sending AppendRequest{term=1, leader=1, prevLogIndex=97, prevLogTerm=1, entries=1, commitIndex=97} to 2
10:08:16.931 [raft-server-1] TRACE i.a.p.raft.roles.LeaderAppender - RaftServer{1} - Sending AppendRequest{term=1, leader=1, prevLogIndex=97, prevLogTerm=1, entries=1, commitIndex=97} to 3
10:08:16.931 [raft-server-2] TRACE i.a.p.raft.roles.FollowerRole - RaftServer{2}{role=FOLLOWER} - Received AppendRequest{term=1, leader=1, prevLogIndex=97, prevLogTerm=1, entries=1, commitIndex=97}
10:08:16.931 [raft-server-3] TRACE i.a.p.raft.roles.FollowerRole - RaftServer{3}{role=FOLLOWER} - Received AppendRequest{term=1, leader=1, prevLogIndex=97, prevLogTerm=1, entries=1, commitIndex=97}
10:08:16.931 [raft-server-2] TRACE i.a.p.raft.roles.FollowerRole - RaftServer{2}{role=FOLLOWER} - Appended Indexed{index=98, entry=CommandEntry{term=1, timestamp=2018-06-11 10:08:16,931, session=2, sequence=85, operation=PrimitiveOperation{id=DefaultOperationId{id=write, type=COMMAND}, value=byte[]{length=17, hash=1297078671}}}}
10:08:16.931 [raft-server-3] TRACE i.a.p.raft.roles.FollowerRole - RaftServer{3}{role=FOLLOWER} - Appended Indexed{index=98, entry=CommandEntry{term=1, timestamp=2018-06-11 10:08:16,931, session=2, sequence=85, operation=PrimitiveOperation{id=DefaultOperationId{id=write, type=COMMAND}, value=byte[]{length=17, hash=1297078671}}}}
10:08:16.961 [raft-server-2] TRACE i.a.p.raft.roles.FollowerRole - RaftServer{2}{role=FOLLOWER} - Committed entries up to index 97
10:08:16.961 [raft-server-2] TRACE i.a.p.raft.roles.FollowerRole - RaftServer{2}{role=FOLLOWER} - Sending AppendResponse{status=OK, term=1, succeeded=true, lastLogIndex=98}
10:08:16.961 [raft-server-3] TRACE i.a.p.raft.roles.FollowerRole - RaftServer{3}{role=FOLLOWER} - Committed entries up to index 97
10:08:16.961 [raft-server-3] TRACE i.a.p.raft.roles.FollowerRole - RaftServer{3}{role=FOLLOWER} - Sending AppendResponse{status=OK, term=1, succeeded=true, lastLogIndex=98}
10:08:16.961 [raft-server-3-state] TRACE i.a.p.raft.impl.RaftServiceManager - RaftServer{3} - Applying Indexed{index=97, entry=CommandEntry{term=1, timestamp=2018-06-11 10:08:16,881, session=2, sequence=84, operation=PrimitiveOperation{id=DefaultOperationId{id=write, type=COMMAND}, value=byte[]{length=17, hash=1297078671}}}}
10:08:16.961 [raft-server-2-state] TRACE i.a.p.raft.impl.RaftServiceManager - RaftServer{2} - Applying Indexed{index=97, entry=CommandEntry{term=1, timestamp=2018-06-11 10:08:16,881, session=2, sequence=84, operation=PrimitiveOperation{id=DefaultOperationId{id=write, type=COMMAND}, value=byte[]{length=17, hash=1297078671}}}}
10:08:16.961 [raft-server-1] TRACE i.a.p.raft.roles.LeaderAppender - RaftServer{1} - Received AppendResponse{status=OK, term=1, succeeded=true, lastLogIndex=98} from 2
10:08:16.961 [raft-server-3-state] TRACE i.a.p.s.impl.DefaultServiceExecutor - PrimitiveService{2}{type=io.atomix.protocols.raft.RaftTest$TestPrimitiveType@5b77a59f, name=raft-test} - Executing DefaultCommit{index=97, session=RaftSession{RaftServiceContext{server=3, type=io.atomix.protocols.raft.RaftTest$TestPrimitiveType@5b77a59f, name=raft-test, id=2}, session=2, timestamp=2018-06-11 10:08:16,881}, time=2018-06-11 10:08:16,881, operation=DefaultOperationId{id=write, type=COMMAND}, value=byte[]{length=17, hash=1297078671}}
10:08:16.961 [raft-server-1] TRACE i.a.p.raft.roles.LeaderAppender - RaftServer{1} - Committed entries up to 98
10:08:16.961 [raft-server-2-state] TRACE i.a.p.s.impl.DefaultServiceExecutor - PrimitiveService{2}{type=io.atomix.protocols.raft.RaftTest$TestPrimitiveType@25c42b8f, name=raft-test} - Executing DefaultCommit{index=97, session=RaftSession{RaftServiceContext{server=2, type=io.atomix.protocols.raft.RaftTest$TestPrimitiveType@25c42b8f, name=raft-test, id=2}, session=2, timestamp=2018-06-11 10:08:16,881}, time=2018-06-11 10:08:16,881, operation=DefaultOperationId{id=write, type=COMMAND}, value=byte[]{length=17, hash=1297078671}}
10:08:16.988 [raft-server-1] TRACE i.a.p.raft.roles.LeaderAppender - RaftServer{1} - Received AppendResponse{status=OK, term=1, succeeded=true, lastLogIndex=98} from 3
10:08:16.989 [raft-server-1-state] TRACE i.a.p.raft.impl.RaftServiceManager - RaftServer{1} - Applying Indexed{index=98, entry=CommandEntry{term=1, timestamp=2018-06-11 10:08:16,931, session=2, sequence=85, operation=PrimitiveOperation{id=DefaultOperationId{id=write, type=COMMAND}, value=byte[]{length=17, hash=1297078671}}}}
10:08:16.989 [raft-server-1-state] TRACE i.a.p.s.impl.DefaultServiceExecutor - PrimitiveService{2}{type=io.atomix.protocols.raft.RaftTest$TestPrimitiveType@5051ea1e, name=raft-test} - Executing DefaultCommit{index=98, session=RaftSession{RaftServiceContext{server=1, type=io.atomix.protocols.raft.RaftTest$TestPrimitiveType@5051ea1e, name=raft-test, id=2}, session=2, timestamp=2018-06-11 10:08:16,931}, time=2018-06-11 10:08:16,931, operation=DefaultOperationId{id=write, type=COMMAND}, value=byte[]{length=17, hash=1297078671}}
10:08:16.989 [raft-server-1-state] TRACE i.a.protocols.raft.roles.LeaderRole - RaftServer{1}{role=LEADER} - Sending CommandResponse{status=OK, index=98, eventIndex=2, result=byte[]{length=3, hash=36581}}
10:08:16.989 [raft-client-995c025b-ba21-4dd3-828a-0c3e52b0447e-5] TRACE i.a.p.r.s.impl.RaftSessionConnection - SessionClient{2}{type=io.atomix.protocols.raft.RaftTest$TestPrimitiveType@6b321262, name=raft-test} - Received CommandResponse{status=OK, index=98, eventIndex=2, result=byte[]{length=3, hash=36581}} from 1
10:08:16.989 [raft-client-995c025b-ba21-4dd3-828a-0c3e52b0447e-5] TRACE i.a.p.r.s.impl.RaftSessionSequencer - SessionClient{2}{type=io.atomix.protocols.raft.RaftTest$TestPrimitiveType@6b321262, name=raft-test} - Completing response CommandResponse{status=OK, index=98, eventIndex=2, result=byte[]{length=3, hash=36581}}
10:08:16.989 [raft-client-995c025b-ba21-4dd3-828a-0c3e52b0447e-0] TRACE i.a.p.r.s.impl.RaftSessionConnection - SessionClient{2}{type=io.atomix.protocols.raft.RaftTest$TestPrimitiveType@6b321262, name=raft-test} - Sending CommandRequest{session=2, sequence=86, operation=PrimitiveOperation{id=DefaultOperationId{id=write, type=COMMAND}, value=byte[]{length=17, hash=1297078671}}} to 1
10:08:16.989 [raft-server-1] TRACE i.a.protocols.raft.roles.LeaderRole - RaftServer{1}{role=LEADER} - Received CommandRequest{session=2, sequence=86, operation=PrimitiveOperation{id=DefaultOperationId{id=write, type=COMMAND}, value=byte[]{length=17, hash=1297078671}}}
10:08:16.989 [raft-server-1] TRACE i.a.protocols.raft.roles.LeaderRole - RaftServer{1}{role=LEADER} - Appended Indexed{index=99, entry=CommandEntry{term=1, timestamp=2018-06-11 10:08:16,989, session=2, sequence=86, operation=PrimitiveOperation{id=DefaultOperationId{id=write, type=COMMAND}, value=byte[]{length=17, hash=1297078671}}}}
10:08:16.989 [raft-server-1] TRACE i.a.p.raft.roles.LeaderAppender - RaftServer{1} - Sending AppendRequest{term=1, leader=1, prevLogIndex=98, prevLogTerm=1, entries=1, commitIndex=98} to 2
10:08:16.990 [raft-server-2] TRACE i.a.p.raft.roles.FollowerRole - RaftServer{2}{role=FOLLOWER} - Received AppendRequest{term=1, leader=1, prevLogIndex=98, prevLogTerm=1, entries=1, commitIndex=98}
10:08:16.990 [raft-server-1] TRACE i.a.p.raft.roles.LeaderAppender - RaftServer{1} - Sending AppendRequest{term=1, leader=1, prevLogIndex=98, prevLogTerm=1, entries=1, commitIndex=98} to 3
10:08:16.990 [raft-server-3] TRACE i.a.p.raft.roles.FollowerRole - RaftServer{3}{role=FOLLOWER} - Received AppendRequest{term=1, leader=1, prevLogIndex=98, prevLogTerm=1, entries=1, commitIndex=98}
10:08:16.990 [raft-server-2] TRACE i.a.p.raft.roles.FollowerRole - RaftServer{2}{role=FOLLOWER} - Appended Indexed{index=99, entry=CommandEntry{term=1, timestamp=2018-06-11 10:08:16,989, session=2, sequence=86, operation=PrimitiveOperation{id=DefaultOperationId{id=write, type=COMMAND}, value=byte[]{length=17, hash=1297078671}}}}
10:08:16.990 [raft-server-3] TRACE i.a.p.raft.roles.FollowerRole - RaftServer{3}{role=FOLLOWER} - Appended Indexed{index=99, entry=CommandEntry{term=1, timestamp=2018-06-11 10:08:16,989, session=2, sequence=86, operation=PrimitiveOperation{id=DefaultOperationId{id=write, type=COMMAND}, value=byte[]{length=17, hash=1297078671}}}}
10:08:17.019 [raft-server-2] TRACE i.a.p.raft.roles.FollowerRole - RaftServer{2}{role=FOLLOWER} - Committed entries up to index 98
10:08:17.019 [raft-server-3] TRACE i.a.p.raft.roles.FollowerRole - RaftServer{3}{role=FOLLOWER} - Committed entries up to index 98
10:08:17.019 [raft-server-2] TRACE i.a.p.raft.roles.FollowerRole - RaftServer{2}{role=FOLLOWER} - Sending AppendResponse{status=OK, term=1, succeeded=true, lastLogIndex=99}
10:08:17.019 [raft-server-3] TRACE i.a.p.raft.roles.FollowerRole - RaftServer{3}{role=FOLLOWER} - Sending AppendResponse{status=OK, term=1, succeeded=true, lastLogIndex=99}
10:08:17.020 [raft-server-1] TRACE i.a.p.raft.roles.LeaderAppender - RaftServer{1} - Received AppendResponse{status=OK, term=1, succeeded=true, lastLogIndex=99} from 2
10:08:17.020 [raft-server-1] TRACE i.a.p.raft.roles.LeaderAppender - RaftServer{1} - Committed entries up to 99
10:08:17.020 [raft-server-3-state] TRACE i.a.p.raft.impl.RaftServiceManager - RaftServer{3} - Applying Indexed{index=98, entry=CommandEntry{term=1, timestamp=2018-06-11 10:08:16,931, session=2, sequence=85, operation=PrimitiveOperation{id=DefaultOperationId{id=write, type=COMMAND}, value=byte[]{length=17, hash=1297078671}}}}
10:08:17.020 [raft-server-2-state] TRACE i.a.p.raft.impl.RaftServiceManager - RaftServer{2} - Applying Indexed{index=98, entry=CommandEntry{term=1, timestamp=2018-06-11 10:08:16,931, session=2, sequence=85, operation=PrimitiveOperation{id=DefaultOperationId{id=write, type=COMMAND}, value=byte[]{length=17, hash=1297078671}}}}
10:08:17.020 [raft-server-3-state] TRACE i.a.p.s.impl.DefaultServiceExecutor - PrimitiveService{2}{type=io.atomix.protocols.raft.RaftTest$TestPrimitiveType@5b77a59f, name=raft-test} - Executing DefaultCommit{index=98, session=RaftSession{RaftServiceContext{server=3, type=io.atomix.protocols.raft.RaftTest$TestPrimitiveType@5b77a59f, name=raft-test, id=2}, session=2, timestamp=2018-06-11 10:08:16,931}, time=2018-06-11 10:08:16,931, operation=DefaultOperationId{id=write, type=COMMAND}, value=byte[]{length=17, hash=1297078671}}
10:08:17.020 [raft-server-2-state] TRACE i.a.p.s.impl.DefaultServiceExecutor - PrimitiveService{2}{type=io.atomix.protocols.raft.RaftTest$TestPrimitiveType@25c42b8f, name=raft-test} - Executing DefaultCommit{index=98, session=RaftSession{RaftServiceContext{server=2, type=io.atomix.protocols.raft.RaftTest$TestPrimitiveType@25c42b8f, name=raft-test, id=2}, session=2, timestamp=2018-06-11 10:08:16,931}, time=2018-06-11 10:08:16,931, operation=DefaultOperationId{id=write, type=COMMAND}, value=byte[]{length=17, hash=1297078671}}
10:08:17.053 [raft-server-1] TRACE i.a.p.raft.roles.LeaderAppender - RaftServer{1} - Received AppendResponse{status=OK, term=1, succeeded=true, lastLogIndex=99} from 3
10:08:17.053 [raft-server-1-state] TRACE i.a.p.raft.impl.RaftServiceManager - RaftServer{1} - Applying Indexed{index=99, entry=CommandEntry{term=1, timestamp=2018-06-11 10:08:16,989, session=2, sequence=86, operation=PrimitiveOperation{id=DefaultOperationId{id=write, type=COMMAND}, value=byte[]{length=17, hash=1297078671}}}}
10:08:17.053 [raft-server-1-state] TRACE i.a.p.s.impl.DefaultServiceExecutor - PrimitiveService{2}{type=io.atomix.protocols.raft.RaftTest$TestPrimitiveType@5051ea1e, name=raft-test} - Executing DefaultCommit{index=99, session=RaftSession{RaftServiceContext{server=1, type=io.atomix.protocols.raft.RaftTest$TestPrimitiveType@5051ea1e, name=raft-test, id=2}, session=2, timestamp=2018-06-11 10:08:16,989}, time=2018-06-11 10:08:16,989, operation=DefaultOperationId{id=write, type=COMMAND}, value=byte[]{length=17, hash=1297078671}}
10:08:17.053 [raft-server-1-state] TRACE i.a.protocols.raft.roles.LeaderRole - RaftServer{1}{role=LEADER} - Sending CommandResponse{status=OK, index=99, eventIndex=2, result=byte[]{length=3, hash=36643}}
10:08:17.053 [raft-client-995c025b-ba21-4dd3-828a-0c3e52b0447e-6] TRACE i.a.p.r.s.impl.RaftSessionConnection - SessionClient{2}{type=io.atomix.protocols.raft.RaftTest$TestPrimitiveType@6b321262, name=raft-test} - Received CommandResponse{status=OK, index=99, eventIndex=2, result=byte[]{length=3, hash=36643}} from 1
10:08:17.053 [raft-client-995c025b-ba21-4dd3-828a-0c3e52b0447e-6] TRACE i.a.p.r.s.impl.RaftSessionSequencer - SessionClient{2}{type=io.atomix.protocols.raft.RaftTest$TestPrimitiveType@6b321262, name=raft-test} - Completing response CommandResponse{status=OK, index=99, eventIndex=2, result=byte[]{length=3, hash=36643}}
10:08:17.054 [raft-client-995c025b-ba21-4dd3-828a-0c3e52b0447e-2] TRACE i.a.p.r.s.impl.RaftSessionConnection - SessionClient{2}{type=io.atomix.protocols.raft.RaftTest$TestPrimitiveType@6b321262, name=raft-test} - Sending CommandRequest{session=2, sequence=87, operation=PrimitiveOperation{id=DefaultOperationId{id=write, type=COMMAND}, value=byte[]{length=17, hash=1297078671}}} to 1
10:08:17.054 [raft-server-1] TRACE i.a.protocols.raft.roles.LeaderRole - RaftServer{1}{role=LEADER} - Received CommandRequest{session=2, sequence=87, operation=PrimitiveOperation{id=DefaultOperationId{id=write, type=COMMAND}, value=byte[]{length=17, hash=1297078671}}}
10:08:17.054 [raft-server-1] TRACE i.a.protocols.raft.roles.LeaderRole - RaftServer{1}{role=LEADER} - Appended Indexed{index=100, entry=CommandEntry{term=1, timestamp=2018-06-11 10:08:17,054, session=2, sequence=87, operation=PrimitiveOperation{id=DefaultOperationId{id=write, type=COMMAND}, value=byte[]{length=17, hash=1297078671}}}}
10:08:17.054 [raft-server-1] TRACE i.a.p.raft.roles.LeaderAppender - RaftServer{1} - Sending AppendRequest{term=1, leader=1, prevLogIndex=99, prevLogTerm=1, entries=1, commitIndex=99} to 2
10:08:17.054 [raft-server-2] TRACE i.a.p.raft.roles.FollowerRole - RaftServer{2}{role=FOLLOWER} - Received AppendRequest{term=1, leader=1, prevLogIndex=99, prevLogTerm=1, entries=1, commitIndex=99}
10:08:17.054 [raft-server-1] TRACE i.a.p.raft.roles.LeaderAppender - RaftServer{1} - Sending AppendRequest{term=1, leader=1, prevLogIndex=99, prevLogTerm=1, entries=1, commitIndex=99} to 3
10:08:17.054 [raft-server-3] TRACE i.a.p.raft.roles.FollowerRole - RaftServer{3}{role=FOLLOWER} - Received AppendRequest{term=1, leader=1, prevLogIndex=99, prevLogTerm=1, entries=1, commitIndex=99}
10:08:17.054 [raft-server-2] TRACE i.a.p.raft.roles.FollowerRole - RaftServer{2}{role=FOLLOWER} - Appended Indexed{index=100, entry=CommandEntry{term=1, timestamp=2018-06-11 10:08:17,054, session=2, sequence=87, operation=PrimitiveOperation{id=DefaultOperationId{id=write, type=COMMAND}, value=byte[]{length=17, hash=1297078671}}}}
10:08:17.054 [raft-server-3] TRACE i.a.p.raft.roles.FollowerRole - RaftServer{3}{role=FOLLOWER} - Appended Indexed{index=100, entry=CommandEntry{term=1, timestamp=2018-06-11 10:08:17,054, session=2, sequence=87, operation=PrimitiveOperation{id=DefaultOperationId{id=write, type=COMMAND}, value=byte[]{length=17, hash=1297078671}}}}
10:08:17.086 [raft-server-2] TRACE i.a.p.raft.roles.FollowerRole - RaftServer{2}{role=FOLLOWER} - Committed entries up to index 99
10:08:17.086 [raft-server-3] TRACE i.a.p.raft.roles.FollowerRole - RaftServer{3}{role=FOLLOWER} - Committed entries up to index 99
10:08:17.086 [raft-server-2] TRACE i.a.p.raft.roles.FollowerRole - RaftServer{2}{role=FOLLOWER} - Sending AppendResponse{status=OK, term=1, succeeded=true, lastLogIndex=100}
10:08:17.086 [raft-server-3] TRACE i.a.p.raft.roles.FollowerRole - RaftServer{3}{role=FOLLOWER} - Sending AppendResponse{status=OK, term=1, succeeded=true, lastLogIndex=100}
10:08:17.087 [raft-server-1] TRACE i.a.p.raft.roles.LeaderAppender - RaftServer{1} - Received AppendResponse{status=OK, term=1, succeeded=true, lastLogIndex=100} from 2
10:08:17.087 [raft-server-2-state] TRACE i.a.p.raft.impl.RaftServiceManager - RaftServer{2} - Applying Indexed{index=99, entry=CommandEntry{term=1, timestamp=2018-06-11 10:08:16,989, session=2, sequence=86, operation=PrimitiveOperation{id=DefaultOperationId{id=write, type=COMMAND}, value=byte[]{length=17, hash=1297078671}}}}
10:08:17.087 [raft-server-1] TRACE i.a.p.raft.roles.LeaderAppender - RaftServer{1} - Committed entries up to 100
10:08:17.087 [raft-server-2-state] TRACE i.a.p.s.impl.DefaultServiceExecutor - PrimitiveService{2}{type=io.atomix.protocols.raft.RaftTest$TestPrimitiveType@25c42b8f, name=raft-test} - Executing DefaultCommit{index=99, session=RaftSession{RaftServiceContext{server=2, type=io.atomix.protocols.raft.RaftTest$TestPrimitiveType@25c42b8f, name=raft-test, id=2}, session=2, timestamp=2018-06-11 10:08:16,989}, time=2018-06-11 10:08:16,989, operation=DefaultOperationId{id=write, type=COMMAND}, value=byte[]{length=17, hash=1297078671}}
10:08:17.087 [raft-server-3-state] TRACE i.a.p.raft.impl.RaftServiceManager - RaftServer{3} - Applying Indexed{index=99, entry=CommandEntry{term=1, timestamp=2018-06-11 10:08:16,989, session=2, sequence=86, operation=PrimitiveOperation{id=DefaultOperationId{id=write, type=COMMAND}, value=byte[]{length=17, hash=1297078671}}}}
10:08:17.087 [raft-server-3-state] TRACE i.a.p.s.impl.DefaultServiceExecutor - PrimitiveService{2}{type=io.atomix.protocols.raft.RaftTest$TestPrimitiveType@5b77a59f, name=raft-test} - Executing DefaultCommit{index=99, session=RaftSession{RaftServiceContext{server=3, type=io.atomix.protocols.raft.RaftTest$TestPrimitiveType@5b77a59f, name=raft-test, id=2}, session=2, timestamp=2018-06-11 10:08:16,989}, time=2018-06-11 10:08:16,989, operation=DefaultOperationId{id=write, type=COMMAND}, value=byte[]{length=17, hash=1297078671}}
10:08:17.122 [raft-server-1] TRACE i.a.p.raft.roles.LeaderAppender - RaftServer{1} - Sending AppendRequest{term=1, leader=1, prevLogIndex=100, prevLogTerm=1, entries=0, commitIndex=100} to 2
10:08:17.122 [raft-server-2] TRACE i.a.p.raft.roles.FollowerRole - RaftServer{2}{role=FOLLOWER} - Received AppendRequest{term=1, leader=1, prevLogIndex=100, prevLogTerm=1, entries=0, commitIndex=100}
10:08:17.122 [raft-server-1] TRACE i.a.p.raft.roles.LeaderAppender - RaftServer{1} - Received AppendResponse{status=OK, term=1, succeeded=true, lastLogIndex=100} from 3
10:08:17.122 [raft-server-1] TRACE i.a.p.raft.roles.LeaderAppender - RaftServer{1} - Sending AppendRequest{term=1, leader=1, prevLogIndex=100, prevLogTerm=1, entries=0, commitIndex=100} to 3
10:08:17.123 [raft-server-3] TRACE i.a.p.raft.roles.FollowerRole - RaftServer{3}{role=FOLLOWER} - Received AppendRequest{term=1, leader=1, prevLogIndex=100, prevLogTerm=1, entries=0, commitIndex=100}
10:08:17.123 [raft-server-3] TRACE i.a.p.raft.roles.FollowerRole - RaftServer{3}{role=FOLLOWER} - Committed entries up to index 100
10:08:17.123 [raft-server-3] TRACE i.a.p.raft.roles.FollowerRole - RaftServer{3}{role=FOLLOWER} - Sending AppendResponse{status=OK, term=1, succeeded=true, lastLogIndex=100}
10:08:17.123 [raft-server-1] TRACE i.a.p.raft.roles.LeaderAppender - RaftServer{1} - Received AppendResponse{status=OK, term=1, succeeded=true, lastLogIndex=100} from 3
10:08:17.123 [raft-server-1-state] TRACE i.a.p.raft.impl.RaftServiceManager - RaftServer{1} - Applying Indexed{index=100, entry=CommandEntry{term=1, timestamp=2018-06-11 10:08:17,054, session=2, sequence=87, operation=PrimitiveOperation{id=DefaultOperationId{id=write, type=COMMAND}, value=byte[]{length=17, hash=1297078671}}}}
10:08:17.123 [raft-server-3-state] TRACE i.a.p.raft.impl.RaftServiceManager - RaftServer{3} - Applying Indexed{index=100, entry=CommandEntry{term=1, timestamp=2018-06-11 10:08:17,054, session=2, sequence=87, operation=PrimitiveOperation{id=DefaultOperationId{id=write, type=COMMAND}, value=byte[]{length=17, hash=1297078671}}}}
10:08:17.123 [raft-server-1-state] TRACE i.a.p.s.impl.DefaultServiceExecutor - PrimitiveService{2}{type=io.atomix.protocols.raft.RaftTest$TestPrimitiveType@5051ea1e, name=raft-test} - Executing DefaultCommit{index=100, session=RaftSession{RaftServiceContext{server=1, type=io.atomix.protocols.raft.RaftTest$TestPrimitiveType@5051ea1e, name=raft-test, id=2}, session=2, timestamp=2018-06-11 10:08:17,054}, time=2018-06-11 10:08:17,054, operation=DefaultOperationId{id=write, type=COMMAND}, value=byte[]{length=17, hash=1297078671}}
10:08:17.123 [raft-server-3-state] TRACE i.a.p.s.impl.DefaultServiceExecutor - PrimitiveService{2}{type=io.atomix.protocols.raft.RaftTest$TestPrimitiveType@5b77a59f, name=raft-test} - Executing DefaultCommit{index=100, session=RaftSession{RaftServiceContext{server=3, type=io.atomix.protocols.raft.RaftTest$TestPrimitiveType@5b77a59f, name=raft-test, id=2}, session=2, timestamp=2018-06-11 10:08:17,054}, time=2018-06-11 10:08:17,054, operation=DefaultOperationId{id=write, type=COMMAND}, value=byte[]{length=17, hash=1297078671}}
10:08:17.123 [raft-server-1-state] TRACE i.a.protocols.raft.roles.LeaderRole - RaftServer{1}{role=LEADER} - Sending CommandResponse{status=OK, index=100, eventIndex=2, result=byte[]{length=3, hash=36705}}
10:08:17.123 [raft-client-995c025b-ba21-4dd3-828a-0c3e52b0447e-7] TRACE i.a.p.r.s.impl.RaftSessionConnection - SessionClient{2}{type=io.atomix.protocols.raft.RaftTest$TestPrimitiveType@6b321262, name=raft-test} - Received CommandResponse{status=OK, index=100, eventIndex=2, result=byte[]{length=3, hash=36705}} from 1
10:08:17.123 [raft-client-995c025b-ba21-4dd3-828a-0c3e52b0447e-7] TRACE i.a.p.r.s.impl.RaftSessionSequencer - SessionClient{2}{type=io.atomix.protocols.raft.RaftTest$TestPrimitiveType@6b321262, name=raft-test} - Completing response CommandResponse{status=OK, index=100, eventIndex=2, result=byte[]{length=3, hash=36705}}
10:08:17.123 [raft-client-995c025b-ba21-4dd3-828a-0c3e52b0447e-1] TRACE i.a.p.r.s.impl.RaftSessionConnection - SessionClient{2}{type=io.atomix.protocols.raft.RaftTest$TestPrimitiveType@6b321262, name=raft-test} - Sending CommandRequest{session=2, sequence=88, operation=PrimitiveOperation{id=DefaultOperationId{id=write, type=COMMAND}, value=byte[]{length=17, hash=1297078671}}} to 1
10:08:17.123 [raft-server-1] TRACE i.a.protocols.raft.roles.LeaderRole - RaftServer{1}{role=LEADER} - Received CommandRequest{session=2, sequence=88, operation=PrimitiveOperation{id=DefaultOperationId{id=write, type=COMMAND}, value=byte[]{length=17, hash=1297078671}}}
10:08:17.172 [raft-server-2] TRACE i.a.p.raft.roles.FollowerRole - RaftServer{2}{role=FOLLOWER} - Committed entries up to index 100
10:08:17.172 [raft-server-2] TRACE i.a.p.raft.roles.FollowerRole - RaftServer{2}{role=FOLLOWER} - Sending AppendResponse{status=OK, term=1, succeeded=true, lastLogIndex=100}
10:08:17.173 [raft-server-2-state] TRACE i.a.p.raft.impl.RaftServiceManager - RaftServer{2} - Applying Indexed{index=100, entry=CommandEntry{term=1, timestamp=2018-06-11 10:08:17,054, session=2, sequence=87, operation=PrimitiveOperation{id=DefaultOperationId{id=write, type=COMMAND}, value=byte[]{length=17, hash=1297078671}}}}
10:08:17.173 [raft-server-2-state] TRACE i.a.p.s.impl.DefaultServiceExecutor - PrimitiveService{2}{type=io.atomix.protocols.raft.RaftTest$TestPrimitiveType@25c42b8f, name=raft-test} - Executing DefaultCommit{index=100, session=RaftSession{RaftServiceContext{server=2, type=io.atomix.protocols.raft.RaftTest$TestPrimitiveType@25c42b8f, name=raft-test, id=2}, session=2, timestamp=2018-06-11 10:08:17,054}, time=2018-06-11 10:08:17,054, operation=DefaultOperationId{id=write, type=COMMAND}, value=byte[]{length=17, hash=1297078671}}
10:08:17.220 [raft-server-1] DEBUG i.a.storage.journal.SegmentedJournal - Created disk segment: JournalSegment{id=11, version=1, index=101, size=64}
10:08:17.220 [raft-server-1] TRACE i.a.protocols.raft.roles.LeaderRole - RaftServer{1}{role=LEADER} - Appended Indexed{index=101, entry=CommandEntry{term=1, timestamp=2018-06-11 10:08:17,123, session=2, sequence=88, operation=PrimitiveOperation{id=DefaultOperationId{id=write, type=COMMAND}, value=byte[]{length=17, hash=1297078671}}}}
10:08:17.220 [raft-server-1] TRACE i.a.p.raft.roles.LeaderAppender - RaftServer{1} - Received AppendResponse{status=OK, term=1, succeeded=true, lastLogIndex=100} from 2
10:08:17.220 [raft-server-1] TRACE i.a.p.raft.roles.LeaderAppender - RaftServer{1} - Sending AppendRequest{term=1, leader=1, prevLogIndex=100, prevLogTerm=1, entries=1, commitIndex=100} to 2
10:08:17.220 [raft-server-2] TRACE i.a.p.raft.roles.FollowerRole - RaftServer{2}{role=FOLLOWER} - Received AppendRequest{term=1, leader=1, prevLogIndex=100, prevLogTerm=1, entries=1, commitIndex=100}
10:08:17.220 [raft-server-1] TRACE i.a.p.raft.roles.LeaderAppender - RaftServer{1} - Sending AppendRequest{term=1, leader=1, prevLogIndex=100, prevLogTerm=1, entries=1, commitIndex=100} to 3
10:08:17.220 [raft-server-3] TRACE i.a.p.raft.roles.FollowerRole - RaftServer{3}{role=FOLLOWER} - Received AppendRequest{term=1, leader=1, prevLogIndex=100, prevLogTerm=1, entries=1, commitIndex=100}
10:08:17.296 [raft-server-2] DEBUG i.a.storage.journal.SegmentedJournal - Created disk segment: JournalSegment{id=11, version=1, index=101, size=64}
10:08:17.297 [raft-server-2] TRACE i.a.p.raft.roles.FollowerRole - RaftServer{2}{role=FOLLOWER} - Appended Indexed{index=101, entry=CommandEntry{term=1, timestamp=2018-06-11 10:08:17,123, session=2, sequence=88, operation=PrimitiveOperation{id=DefaultOperationId{id=write, type=COMMAND}, value=byte[]{length=17, hash=1297078671}}}}
10:08:17.297 [raft-server-2] TRACE i.a.p.raft.roles.FollowerRole - RaftServer{2}{role=FOLLOWER} - Sending AppendResponse{status=OK, term=1, succeeded=true, lastLogIndex=101}
10:08:17.297 [raft-server-1] TRACE i.a.p.raft.roles.LeaderAppender - RaftServer{1} - Received AppendResponse{status=OK, term=1, succeeded=true, lastLogIndex=101} from 2
10:08:17.297 [raft-server-1] TRACE i.a.p.raft.roles.LeaderAppender - RaftServer{1} - Committed entries up to 101
10:08:17.319 [raft-server-3] DEBUG i.a.storage.journal.SegmentedJournal - Created disk segment: JournalSegment{id=11, version=1, index=101, size=64}
10:08:17.320 [raft-server-3] TRACE i.a.p.raft.roles.FollowerRole - RaftServer{3}{role=FOLLOWER} - Appended Indexed{index=101, entry=CommandEntry{term=1, timestamp=2018-06-11 10:08:17,123, session=2, sequence=88, operation=PrimitiveOperation{id=DefaultOperationId{id=write, type=COMMAND}, value=byte[]{length=17, hash=1297078671}}}}
10:08:17.320 [raft-server-3] TRACE i.a.p.raft.roles.FollowerRole - RaftServer{3}{role=FOLLOWER} - Sending AppendResponse{status=OK, term=1, succeeded=true, lastLogIndex=101}
10:08:17.338 [raft-server-1] TRACE i.a.p.raft.roles.LeaderAppender - RaftServer{1} - Received AppendResponse{status=OK, term=1, succeeded=true, lastLogIndex=101} from 3
10:08:17.338 [raft-server-1] TRACE i.a.p.raft.roles.LeaderAppender - RaftServer{1} - Sending AppendRequest{term=1, leader=1, prevLogIndex=101, prevLogTerm=1, entries=0, commitIndex=101} to 2
10:08:17.338 [raft-server-1] TRACE i.a.p.raft.roles.LeaderAppender - RaftServer{1} - Sending AppendRequest{term=1, leader=1, prevLogIndex=101, prevLogTerm=1, entries=0, commitIndex=101} to 3
10:08:17.338 [raft-server-2] TRACE i.a.p.raft.roles.FollowerRole - RaftServer{2}{role=FOLLOWER} - Received AppendRequest{term=1, leader=1, prevLogIndex=101, prevLogTerm=1, entries=0, commitIndex=101}
10:08:17.339 [raft-server-3] TRACE i.a.p.raft.roles.FollowerRole - RaftServer{3}{role=FOLLOWER} - Received AppendRequest{term=1, leader=1, prevLogIndex=101, prevLogTerm=1, entries=0, commitIndex=101}
10:08:17.339 [raft-server-1-state] TRACE i.a.p.raft.impl.RaftServiceManager - RaftServer{1} - Applying Indexed{index=101, entry=CommandEntry{term=1, timestamp=2018-06-11 10:08:17,123, session=2, sequence=88, operation=PrimitiveOperation{id=DefaultOperationId{id=write, type=COMMAND}, value=byte[]{length=17, hash=1297078671}}}}
10:08:17.339 [raft-server-1-state] TRACE i.a.p.s.impl.DefaultServiceExecutor - PrimitiveService{2}{type=io.atomix.protocols.raft.RaftTest$TestPrimitiveType@5051ea1e, name=raft-test} - Executing DefaultCommit{index=101, session=RaftSession{RaftServiceContext{server=1, type=io.atomix.protocols.raft.RaftTest$TestPrimitiveType@5051ea1e, name=raft-test, id=2}, session=2, timestamp=2018-06-11 10:08:17,123}, time=2018-06-11 10:08:17,123, operation=DefaultOperationId{id=write, type=COMMAND}, value=byte[]{length=17, hash=1297078671}}
10:08:17.339 [raft-server-1-state] TRACE i.a.protocols.raft.roles.LeaderRole - RaftServer{1}{role=LEADER} - Sending CommandResponse{status=OK, index=101, eventIndex=2, result=byte[]{length=3, hash=36767}}
10:08:17.339 [raft-client-995c025b-ba21-4dd3-828a-0c3e52b0447e-5] TRACE i.a.p.r.s.impl.RaftSessionConnection - SessionClient{2}{type=io.atomix.protocols.raft.RaftTest$TestPrimitiveType@6b321262, name=raft-test} - Received CommandResponse{status=OK, index=101, eventIndex=2, result=byte[]{length=3, hash=36767}} from 1
10:08:17.339 [raft-client-995c025b-ba21-4dd3-828a-0c3e52b0447e-5] TRACE i.a.p.r.s.impl.RaftSessionSequencer - SessionClient{2}{type=io.atomix.protocols.raft.RaftTest$TestPrimitiveType@6b321262, name=raft-test} - Completing response CommandResponse{status=OK, index=101, eventIndex=2, result=byte[]{length=3, hash=36767}}
10:08:17.339 [raft-client-995c025b-ba21-4dd3-828a-0c3e52b0447e-4] TRACE i.a.p.r.s.impl.RaftSessionConnection - SessionClient{2}{type=io.atomix.protocols.raft.RaftTest$TestPrimitiveType@6b321262, name=raft-test} - Sending CommandRequest{session=2, sequence=89, operation=PrimitiveOperation{id=DefaultOperationId{id=write, type=COMMAND}, value=byte[]{length=17, hash=1297078671}}} to 1
10:08:17.339 [raft-server-1] TRACE i.a.protocols.raft.roles.LeaderRole - RaftServer{1}{role=LEADER} - Received CommandRequest{session=2, sequence=89, operation=PrimitiveOperation{id=DefaultOperationId{id=write, type=COMMAND}, value=byte[]{length=17, hash=1297078671}}}
10:08:17.339 [raft-server-1] TRACE i.a.protocols.raft.roles.LeaderRole - RaftServer{1}{role=LEADER} - Appended Indexed{index=102, entry=CommandEntry{term=1, timestamp=2018-06-11 10:08:17,339, session=2, sequence=89, operation=PrimitiveOperation{id=DefaultOperationId{id=write, type=COMMAND}, value=byte[]{length=17, hash=1297078671}}}}
10:08:17.369 [raft-server-2] TRACE i.a.p.raft.roles.FollowerRole - RaftServer{2}{role=FOLLOWER} - Committed entries up to index 101
10:08:17.369 [raft-server-3] TRACE i.a.p.raft.roles.FollowerRole - RaftServer{3}{role=FOLLOWER} - Committed entries up to index 101
10:08:17.369 [raft-server-2] TRACE i.a.p.raft.roles.FollowerRole - RaftServer{2}{role=FOLLOWER} - Sending AppendResponse{status=OK, term=1, succeeded=true, lastLogIndex=101}
10:08:17.369 [raft-server-3] TRACE i.a.p.raft.roles.FollowerRole - RaftServer{3}{role=FOLLOWER} - Sending AppendResponse{status=OK, term=1, succeeded=true, lastLogIndex=101}
10:08:17.370 [raft-server-1] TRACE i.a.p.raft.roles.LeaderAppender - RaftServer{1} - Received AppendResponse{status=OK, term=1, succeeded=true, lastLogIndex=101} from 2
10:08:17.370 [raft-server-1] TRACE i.a.p.raft.roles.LeaderAppender - RaftServer{1} - Sending AppendRequest{term=1, leader=1, prevLogIndex=101, prevLogTerm=1, entries=1, commitIndex=101} to 2
10:08:17.370 [raft-server-2-state] TRACE i.a.p.raft.impl.RaftServiceManager - RaftServer{2} - Applying Indexed{index=101, entry=CommandEntry{term=1, timestamp=2018-06-11 10:08:17,123, session=2, sequence=88, operation=PrimitiveOperation{id=DefaultOperationId{id=write, type=COMMAND}, value=byte[]{length=17, hash=1297078671}}}}
10:08:17.370 [raft-server-2] TRACE i.a.p.raft.roles.FollowerRole - RaftServer{2}{role=FOLLOWER} - Received AppendRequest{term=1, leader=1, prevLogIndex=101, prevLogTerm=1, entries=1, commitIndex=101}
10:08:17.370 [raft-server-1] TRACE i.a.p.raft.roles.LeaderAppender - RaftServer{1} - Sending AppendRequest{term=1, leader=1, prevLogIndex=101, prevLogTerm=1, entries=1, commitIndex=101} to 3
10:08:17.370 [raft-server-3-state] TRACE i.a.p.raft.impl.RaftServiceManager - RaftServer{3} - Applying Indexed{index=101, entry=CommandEntry{term=1, timestamp=2018-06-11 10:08:17,123, session=2, sequence=88, operation=PrimitiveOperation{id=DefaultOperationId{id=write, type=COMMAND}, value=byte[]{length=17, hash=1297078671}}}}
10:08:17.370 [raft-server-2-state] TRACE i.a.p.s.impl.DefaultServiceExecutor - PrimitiveService{2}{type=io.atomix.protocols.raft.RaftTest$TestPrimitiveType@25c42b8f, name=raft-test} - Executing DefaultCommit{index=101, session=RaftSession{RaftServiceContext{server=2, type=io.atomix.protocols.raft.RaftTest$TestPrimitiveType@25c42b8f, name=raft-test, id=2}, session=2, timestamp=2018-06-11 10:08:17,123}, time=2018-06-11 10:08:17,123, operation=DefaultOperationId{id=write, type=COMMAND}, value=byte[]{length=17, hash=1297078671}}
10:08:17.370 [raft-server-1] TRACE i.a.p.raft.roles.LeaderAppender - RaftServer{1} - Received AppendResponse{status=OK, term=1, succeeded=true, lastLogIndex=101} from 3
10:08:17.370 [raft-server-3] TRACE i.a.p.raft.roles.FollowerRole - RaftServer{3}{role=FOLLOWER} - Received AppendRequest{term=1, leader=1, prevLogIndex=101, prevLogTerm=1, entries=1, commitIndex=101}
10:08:17.370 [raft-server-3-state] TRACE i.a.p.s.impl.DefaultServiceExecutor - PrimitiveService{2}{type=io.atomix.protocols.raft.RaftTest$TestPrimitiveType@5b77a59f, name=raft-test} - Executing DefaultCommit{index=101, session=RaftSession{RaftServiceContext{server=3, type=io.atomix.protocols.raft.RaftTest$TestPrimitiveType@5b77a59f, name=raft-test, id=2}, session=2, timestamp=2018-06-11 10:08:17,123}, time=2018-06-11 10:08:17,123, operation=DefaultOperationId{id=write, type=COMMAND}, value=byte[]{length=17, hash=1297078671}}
10:08:17.370 [raft-server-2] TRACE i.a.p.raft.roles.FollowerRole - RaftServer{2}{role=FOLLOWER} - Appended Indexed{index=102, entry=CommandEntry{term=1, timestamp=2018-06-11 10:08:17,339, session=2, sequence=89, operation=PrimitiveOperation{id=DefaultOperationId{id=write, type=COMMAND}, value=byte[]{length=17, hash=1297078671}}}}
10:08:17.370 [raft-server-2] TRACE i.a.p.raft.roles.FollowerRole - RaftServer{2}{role=FOLLOWER} - Sending AppendResponse{status=OK, term=1, succeeded=true, lastLogIndex=102}
10:08:17.370 [raft-server-1] TRACE i.a.p.raft.roles.LeaderAppender - RaftServer{1} - Received AppendResponse{status=OK, term=1, succeeded=true, lastLogIndex=102} from 2
10:08:17.370 [raft-server-3] TRACE i.a.p.raft.roles.FollowerRole - RaftServer{3}{role=FOLLOWER} - Appended Indexed{index=102, entry=CommandEntry{term=1, timestamp=2018-06-11 10:08:17,339, session=2, sequence=89, operation=PrimitiveOperation{id=DefaultOperationId{id=write, type=COMMAND}, value=byte[]{length=17, hash=1297078671}}}}
10:08:17.370 [raft-server-1] TRACE i.a.p.raft.roles.LeaderAppender - RaftServer{1} - Committed entries up to 102
10:08:17.370 [raft-server-3] TRACE i.a.p.raft.roles.FollowerRole - RaftServer{3}{role=FOLLOWER} - Sending AppendResponse{status=OK, term=1, succeeded=true, lastLogIndex=102}
10:08:17.397 [raft-server-1] TRACE i.a.p.raft.roles.LeaderAppender - RaftServer{1} - Received AppendResponse{status=OK, term=1, succeeded=true, lastLogIndex=102} from 3
10:08:17.397 [raft-server-1-state] TRACE i.a.p.raft.impl.RaftServiceManager - RaftServer{1} - Applying Indexed{index=102, entry=CommandEntry{term=1, timestamp=2018-06-11 10:08:17,339, session=2, sequence=89, operation=PrimitiveOperation{id=DefaultOperationId{id=write, type=COMMAND}, value=byte[]{length=17, hash=1297078671}}}}
10:08:17.397 [raft-server-1-state] TRACE i.a.p.s.impl.DefaultServiceExecutor - PrimitiveService{2}{type=io.atomix.protocols.raft.RaftTest$TestPrimitiveType@5051ea1e, name=raft-test} - Executing DefaultCommit{index=102, session=RaftSession{RaftServiceContext{server=1, type=io.atomix.protocols.raft.RaftTest$TestPrimitiveType@5051ea1e, name=raft-test, id=2}, session=2, timestamp=2018-06-11 10:08:17,339}, time=2018-06-11 10:08:17,339, operation=DefaultOperationId{id=write, type=COMMAND}, value=byte[]{length=17, hash=1297078671}}
10:08:17.397 [raft-server-1-state] TRACE i.a.protocols.raft.roles.LeaderRole - RaftServer{1}{role=LEADER} - Sending CommandResponse{status=OK, index=102, eventIndex=2, result=byte[]{length=3, hash=36829}}
10:08:17.397 [raft-client-995c025b-ba21-4dd3-828a-0c3e52b0447e-6] TRACE i.a.p.r.s.impl.RaftSessionConnection - SessionClient{2}{type=io.atomix.protocols.raft.RaftTest$TestPrimitiveType@6b321262, name=raft-test} - Received CommandResponse{status=OK, index=102, eventIndex=2, result=byte[]{length=3, hash=36829}} from 1
10:08:17.397 [raft-client-995c025b-ba21-4dd3-828a-0c3e52b0447e-6] TRACE i.a.p.r.s.impl.RaftSessionSequencer - SessionClient{2}{type=io.atomix.protocols.raft.RaftTest$TestPrimitiveType@6b321262, name=raft-test} - Completing response CommandResponse{status=OK, index=102, eventIndex=2, result=byte[]{length=3, hash=36829}}
10:08:17.397 [raft-client-995c025b-ba21-4dd3-828a-0c3e52b0447e-3] TRACE i.a.p.r.s.impl.RaftSessionConnection - SessionClient{2}{type=io.atomix.protocols.raft.RaftTest$TestPrimitiveType@6b321262, name=raft-test} - Sending CommandRequest{session=2, sequence=90, operation=PrimitiveOperation{id=DefaultOperationId{id=write, type=COMMAND}, value=byte[]{length=17, hash=1297078671}}} to 1
10:08:17.397 [raft-server-1] TRACE i.a.protocols.raft.roles.LeaderRole - RaftServer{1}{role=LEADER} - Received CommandRequest{session=2, sequence=90, operation=PrimitiveOperation{id=DefaultOperationId{id=write, type=COMMAND}, value=byte[]{length=17, hash=1297078671}}}
10:08:17.397 [raft-server-1] TRACE i.a.protocols.raft.roles.LeaderRole - RaftServer{1}{role=LEADER} - Appended Indexed{index=103, entry=CommandEntry{term=1, timestamp=2018-06-11 10:08:17,397, session=2, sequence=90, operation=PrimitiveOperation{id=DefaultOperationId{id=write, type=COMMAND}, value=byte[]{length=17, hash=1297078671}}}}
10:08:17.398 [raft-server-1] TRACE i.a.p.raft.roles.LeaderAppender - RaftServer{1} - Sending AppendRequest{term=1, leader=1, prevLogIndex=102, prevLogTerm=1, entries=1, commitIndex=102} to 2
10:08:17.398 [raft-server-1] TRACE i.a.p.raft.roles.LeaderAppender - RaftServer{1} - Sending AppendRequest{term=1, leader=1, prevLogIndex=102, prevLogTerm=1, entries=1, commitIndex=102} to 3
10:08:17.398 [raft-server-2] TRACE i.a.p.raft.roles.FollowerRole - RaftServer{2}{role=FOLLOWER} - Received AppendRequest{term=1, leader=1, prevLogIndex=102, prevLogTerm=1, entries=1, commitIndex=102}
10:08:17.398 [raft-server-3] TRACE i.a.p.raft.roles.FollowerRole - RaftServer{3}{role=FOLLOWER} - Received AppendRequest{term=1, leader=1, prevLogIndex=102, prevLogTerm=1, entries=1, commitIndex=102}
10:08:17.398 [raft-server-2] TRACE i.a.p.raft.roles.FollowerRole - RaftServer{2}{role=FOLLOWER} - Appended Indexed{index=103, entry=CommandEntry{term=1, timestamp=2018-06-11 10:08:17,397, session=2, sequence=90, operation=PrimitiveOperation{id=DefaultOperationId{id=write, type=COMMAND}, value=byte[]{length=17, hash=1297078671}}}}
10:08:17.398 [raft-server-3] TRACE i.a.p.raft.roles.FollowerRole - RaftServer{3}{role=FOLLOWER} - Appended Indexed{index=103, entry=CommandEntry{term=1, timestamp=2018-06-11 10:08:17,397, session=2, sequence=90, operation=PrimitiveOperation{id=DefaultOperationId{id=write, type=COMMAND}, value=byte[]{length=17, hash=1297078671}}}}
10:08:17.430 [raft-server-2] TRACE i.a.p.raft.roles.FollowerRole - RaftServer{2}{role=FOLLOWER} - Committed entries up to index 102
10:08:17.430 [raft-server-3] TRACE i.a.p.raft.roles.FollowerRole - RaftServer{3}{role=FOLLOWER} - Committed entries up to index 102
10:08:17.430 [raft-server-2] TRACE i.a.p.raft.roles.FollowerRole - RaftServer{2}{role=FOLLOWER} - Sending AppendResponse{status=OK, term=1, succeeded=true, lastLogIndex=103}
10:08:17.430 [raft-server-3] TRACE i.a.p.raft.roles.FollowerRole - RaftServer{3}{role=FOLLOWER} - Sending AppendResponse{status=OK, term=1, succeeded=true, lastLogIndex=103}
10:08:17.430 [raft-server-1] TRACE i.a.p.raft.roles.LeaderAppender - RaftServer{1} - Received AppendResponse{status=OK, term=1, succeeded=true, lastLogIndex=103} from 2
10:08:17.430 [raft-server-1] TRACE i.a.p.raft.roles.LeaderAppender - RaftServer{1} - Committed entries up to 103
10:08:17.430 [raft-server-2-state] TRACE i.a.p.raft.impl.RaftServiceManager - RaftServer{2} - Applying Indexed{index=102, entry=CommandEntry{term=1, timestamp=2018-06-11 10:08:17,339, session=2, sequence=89, operation=PrimitiveOperation{id=DefaultOperationId{id=write, type=COMMAND}, value=byte[]{length=17, hash=1297078671}}}}
10:08:17.430 [raft-server-3-state] TRACE i.a.p.raft.impl.RaftServiceManager - RaftServer{3} - Applying Indexed{index=102, entry=CommandEntry{term=1, timestamp=2018-06-11 10:08:17,339, session=2, sequence=89, operation=PrimitiveOperation{id=DefaultOperationId{id=write, type=COMMAND}, value=byte[]{length=17, hash=1297078671}}}}
10:08:17.430 [raft-server-2-state] TRACE i.a.p.s.impl.DefaultServiceExecutor - PrimitiveService{2}{type=io.atomix.protocols.raft.RaftTest$TestPrimitiveType@25c42b8f, name=raft-test} - Executing DefaultCommit{index=102, session=RaftSession{RaftServiceContext{server=2, type=io.atomix.protocols.raft.RaftTest$TestPrimitiveType@25c42b8f, name=raft-test, id=2}, session=2, timestamp=2018-06-11 10:08:17,339}, time=2018-06-11 10:08:17,339, operation=DefaultOperationId{id=write, type=COMMAND}, value=byte[]{length=17, hash=1297078671}}
10:08:17.430 [raft-server-3-state] TRACE i.a.p.s.impl.DefaultServiceExecutor - PrimitiveService{2}{type=io.atomix.protocols.raft.RaftTest$TestPrimitiveType@5b77a59f, name=raft-test} - Executing DefaultCommit{index=102, session=RaftSession{RaftServiceContext{server=3, type=io.atomix.protocols.raft.RaftTest$TestPrimitiveType@5b77a59f, name=raft-test, id=2}, session=2, timestamp=2018-06-11 10:08:17,339}, time=2018-06-11 10:08:17,339, operation=DefaultOperationId{id=write, type=COMMAND}, value=byte[]{length=17, hash=1297078671}}
10:08:17.463 [raft-server-1] TRACE i.a.p.raft.roles.LeaderAppender - RaftServer{1} - Received AppendResponse{status=OK, term=1, succeeded=true, lastLogIndex=103} from 3
10:08:17.463 [raft-server-1-state] TRACE i.a.p.raft.impl.RaftServiceManager - RaftServer{1} - Applying Indexed{index=103, entry=CommandEntry{term=1, timestamp=2018-06-11 10:08:17,397, session=2, sequence=90, operation=PrimitiveOperation{id=DefaultOperationId{id=write, type=COMMAND}, value=byte[]{length=17, hash=1297078671}}}}
10:08:17.464 [raft-server-1-state] TRACE i.a.p.s.impl.DefaultServiceExecutor - PrimitiveService{2}{type=io.atomix.protocols.raft.RaftTest$TestPrimitiveType@5051ea1e, name=raft-test} - Executing DefaultCommit{index=103, session=RaftSession{RaftServiceContext{server=1, type=io.atomix.protocols.raft.RaftTest$TestPrimitiveType@5051ea1e, name=raft-test, id=2}, session=2, timestamp=2018-06-11 10:08:17,397}, time=2018-06-11 10:08:17,397, operation=DefaultOperationId{id=write, type=COMMAND}, value=byte[]{length=17, hash=1297078671}}
10:08:17.464 [raft-server-1-state] TRACE i.a.protocols.raft.roles.LeaderRole - RaftServer{1}{role=LEADER} - Sending CommandResponse{status=OK, index=103, eventIndex=2, result=byte[]{length=3, hash=36891}}
10:08:17.464 [raft-client-995c025b-ba21-4dd3-828a-0c3e52b0447e-7] TRACE i.a.p.r.s.impl.RaftSessionConnection - SessionClient{2}{type=io.atomix.protocols.raft.RaftTest$TestPrimitiveType@6b321262, name=raft-test} - Received CommandResponse{status=OK, index=103, eventIndex=2, result=byte[]{length=3, hash=36891}} from 1
10:08:17.464 [raft-client-995c025b-ba21-4dd3-828a-0c3e52b0447e-7] TRACE i.a.p.r.s.impl.RaftSessionSequencer - SessionClient{2}{type=io.atomix.protocols.raft.RaftTest$TestPrimitiveType@6b321262, name=raft-test} - Completing response CommandResponse{status=OK, index=103, eventIndex=2, result=byte[]{length=3, hash=36891}}
10:08:17.464 [raft-client-995c025b-ba21-4dd3-828a-0c3e52b0447e-2] TRACE i.a.p.r.s.impl.RaftSessionConnection - SessionClient{2}{type=io.atomix.protocols.raft.RaftTest$TestPrimitiveType@6b321262, name=raft-test} - Sending CommandRequest{session=2, sequence=91, operation=PrimitiveOperation{id=DefaultOperationId{id=write, type=COMMAND}, value=byte[]{length=17, hash=1297078671}}} to 1
10:08:17.464 [raft-server-1] TRACE i.a.protocols.raft.roles.LeaderRole - RaftServer{1}{role=LEADER} - Received CommandRequest{session=2, sequence=91, operation=PrimitiveOperation{id=DefaultOperationId{id=write, type=COMMAND}, value=byte[]{length=17, hash=1297078671}}}
10:08:17.464 [raft-server-1] TRACE i.a.protocols.raft.roles.LeaderRole - RaftServer{1}{role=LEADER} - Appended Indexed{index=104, entry=CommandEntry{term=1, timestamp=2018-06-11 10:08:17,464, session=2, sequence=91, operation=PrimitiveOperation{id=DefaultOperationId{id=write, type=COMMAND}, value=byte[]{length=17, hash=1297078671}}}}
10:08:17.464 [raft-server-1] TRACE i.a.p.raft.roles.LeaderAppender - RaftServer{1} - Sending AppendRequest{term=1, leader=1, prevLogIndex=103, prevLogTerm=1, entries=1, commitIndex=103} to 2
10:08:17.464 [raft-server-1] TRACE i.a.p.raft.roles.LeaderAppender - RaftServer{1} - Sending AppendRequest{term=1, leader=1, prevLogIndex=103, prevLogTerm=1, entries=1, commitIndex=103} to 3
10:08:17.464 [raft-server-2] TRACE i.a.p.raft.roles.FollowerRole - RaftServer{2}{role=FOLLOWER} - Received AppendRequest{term=1, leader=1, prevLogIndex=103, prevLogTerm=1, entries=1, commitIndex=103}
10:08:17.464 [raft-server-3] TRACE i.a.p.raft.roles.FollowerRole - RaftServer{3}{role=FOLLOWER} - Received AppendRequest{term=1, leader=1, prevLogIndex=103, prevLogTerm=1, entries=1, commitIndex=103}
10:08:17.464 [raft-server-2] TRACE i.a.p.raft.roles.FollowerRole - RaftServer{2}{role=FOLLOWER} - Appended Indexed{index=104, entry=CommandEntry{term=1, timestamp=2018-06-11 10:08:17,464, session=2, sequence=91, operation=PrimitiveOperation{id=DefaultOperationId{id=write, type=COMMAND}, value=byte[]{length=17, hash=1297078671}}}}
10:08:17.464 [raft-server-3] TRACE i.a.p.raft.roles.FollowerRole - RaftServer{3}{role=FOLLOWER} - Appended Indexed{index=104, entry=CommandEntry{term=1, timestamp=2018-06-11 10:08:17,464, session=2, sequence=91, operation=PrimitiveOperation{id=DefaultOperationId{id=write, type=COMMAND}, value=byte[]{length=17, hash=1297078671}}}}
10:08:17.497 [raft-server-3] TRACE i.a.p.raft.roles.FollowerRole - RaftServer{3}{role=FOLLOWER} - Committed entries up to index 103
10:08:17.497 [raft-server-2] TRACE i.a.p.raft.roles.FollowerRole - RaftServer{2}{role=FOLLOWER} - Committed entries up to index 103
10:08:17.497 [raft-server-3] TRACE i.a.p.raft.roles.FollowerRole - RaftServer{3}{role=FOLLOWER} - Sending AppendResponse{status=OK, term=1, succeeded=true, lastLogIndex=104}
10:08:17.497 [raft-server-2] TRACE i.a.p.raft.roles.FollowerRole - RaftServer{2}{role=FOLLOWER} - Sending AppendResponse{status=OK, term=1, succeeded=true, lastLogIndex=104}
10:08:17.497 [raft-server-1] TRACE i.a.p.raft.roles.LeaderAppender - RaftServer{1} - Received AppendResponse{status=OK, term=1, succeeded=true, lastLogIndex=104} from 3
10:08:17.497 [raft-server-1] TRACE i.a.p.raft.roles.LeaderAppender - RaftServer{1} - Committed entries up to 104
10:08:17.497 [raft-server-3-state] TRACE i.a.p.raft.impl.RaftServiceManager - RaftServer{3} - Applying Indexed{index=103, entry=CommandEntry{term=1, timestamp=2018-06-11 10:08:17,397, session=2, sequence=90, operation=PrimitiveOperation{id=DefaultOperationId{id=write, type=COMMAND}, value=byte[]{length=17, hash=1297078671}}}}
10:08:17.497 [raft-server-2-state] TRACE i.a.p.raft.impl.RaftServiceManager - RaftServer{2} - Applying Indexed{index=103, entry=CommandEntry{term=1, timestamp=2018-06-11 10:08:17,397, session=2, sequence=90, operation=PrimitiveOperation{id=DefaultOperationId{id=write, type=COMMAND}, value=byte[]{length=17, hash=1297078671}}}}
10:08:17.497 [raft-server-3-state] TRACE i.a.p.s.impl.DefaultServiceExecutor - PrimitiveService{2}{type=io.atomix.protocols.raft.RaftTest$TestPrimitiveType@5b77a59f, name=raft-test} - Executing DefaultCommit{index=103, session=RaftSession{RaftServiceContext{server=3, type=io.atomix.protocols.raft.RaftTest$TestPrimitiveType@5b77a59f, name=raft-test, id=2}, session=2, timestamp=2018-06-11 10:08:17,397}, time=2018-06-11 10:08:17,397, operation=DefaultOperationId{id=write, type=COMMAND}, value=byte[]{length=17, hash=1297078671}}
10:08:17.497 [raft-server-2-state] TRACE i.a.p.s.impl.DefaultServiceExecutor - PrimitiveService{2}{type=io.atomix.protocols.raft.RaftTest$TestPrimitiveType@25c42b8f, name=raft-test} - Executing DefaultCommit{index=103, session=RaftSession{RaftServiceContext{server=2, type=io.atomix.protocols.raft.RaftTest$TestPrimitiveType@25c42b8f, name=raft-test, id=2}, session=2, timestamp=2018-06-11 10:08:17,397}, time=2018-06-11 10:08:17,397, operation=DefaultOperationId{id=write, type=COMMAND}, value=byte[]{length=17, hash=1297078671}}
10:08:17.530 [raft-server-1] TRACE i.a.p.raft.roles.LeaderAppender - RaftServer{1} - Received AppendResponse{status=OK, term=1, succeeded=true, lastLogIndex=104} from 2
10:08:17.530 [raft-server-1-state] TRACE i.a.p.raft.impl.RaftServiceManager - RaftServer{1} - Applying Indexed{index=104, entry=CommandEntry{term=1, timestamp=2018-06-11 10:08:17,464, session=2, sequence=91, operation=PrimitiveOperation{id=DefaultOperationId{id=write, type=COMMAND}, value=byte[]{length=17, hash=1297078671}}}}
10:08:17.530 [raft-server-1-state] TRACE i.a.p.s.impl.DefaultServiceExecutor - PrimitiveService{2}{type=io.atomix.protocols.raft.RaftTest$TestPrimitiveType@5051ea1e, name=raft-test} - Executing DefaultCommit{index=104, session=RaftSession{RaftServiceContext{server=1, type=io.atomix.protocols.raft.RaftTest$TestPrimitiveType@5051ea1e, name=raft-test, id=2}, session=2, timestamp=2018-06-11 10:08:17,464}, time=2018-06-11 10:08:17,464, operation=DefaultOperationId{id=write, type=COMMAND}, value=byte[]{length=17, hash=1297078671}}
10:08:17.530 [raft-server-1-state] TRACE i.a.protocols.raft.roles.LeaderRole - RaftServer{1}{role=LEADER} - Sending CommandResponse{status=OK, index=104, eventIndex=2, result=byte[]{length=3, hash=36953}}
10:08:17.530 [raft-client-995c025b-ba21-4dd3-828a-0c3e52b0447e-5] TRACE i.a.p.r.s.impl.RaftSessionConnection - SessionClient{2}{type=io.atomix.protocols.raft.RaftTest$TestPrimitiveType@6b321262, name=raft-test} - Received CommandResponse{status=OK, index=104, eventIndex=2, result=byte[]{length=3, hash=36953}} from 1
10:08:17.531 [raft-client-995c025b-ba21-4dd3-828a-0c3e52b0447e-5] TRACE i.a.p.r.s.impl.RaftSessionSequencer - SessionClient{2}{type=io.atomix.protocols.raft.RaftTest$TestPrimitiveType@6b321262, name=raft-test} - Completing response CommandResponse{status=OK, index=104, eventIndex=2, result=byte[]{length=3, hash=36953}}
10:08:17.531 [raft-client-995c025b-ba21-4dd3-828a-0c3e52b0447e-1] TRACE i.a.p.r.s.impl.RaftSessionConnection - SessionClient{2}{type=io.atomix.protocols.raft.RaftTest$TestPrimitiveType@6b321262, name=raft-test} - Sending CommandRequest{session=2, sequence=92, operation=PrimitiveOperation{id=DefaultOperationId{id=write, type=COMMAND}, value=byte[]{length=17, hash=1297078671}}} to 1
10:08:17.531 [raft-server-1] TRACE i.a.protocols.raft.roles.LeaderRole - RaftServer{1}{role=LEADER} - Received CommandRequest{session=2, sequence=92, operation=PrimitiveOperation{id=DefaultOperationId{id=write, type=COMMAND}, value=byte[]{length=17, hash=1297078671}}}
10:08:17.531 [raft-server-1] TRACE i.a.protocols.raft.roles.LeaderRole - RaftServer{1}{role=LEADER} - Appended Indexed{index=105, entry=CommandEntry{term=1, timestamp=2018-06-11 10:08:17,531, session=2, sequence=92, operation=PrimitiveOperation{id=DefaultOperationId{id=write, type=COMMAND}, value=byte[]{length=17, hash=1297078671}}}}
10:08:17.531 [raft-server-1] TRACE i.a.p.raft.roles.LeaderAppender - RaftServer{1} - Sending AppendRequest{term=1, leader=1, prevLogIndex=104, prevLogTerm=1, entries=1, commitIndex=104} to 2
10:08:17.531 [raft-server-1] TRACE i.a.p.raft.roles.LeaderAppender - RaftServer{1} - Sending AppendRequest{term=1, leader=1, prevLogIndex=104, prevLogTerm=1, entries=1, commitIndex=104} to 3
10:08:17.531 [raft-server-3] TRACE i.a.p.raft.roles.FollowerRole - RaftServer{3}{role=FOLLOWER} - Received AppendRequest{term=1, leader=1, prevLogIndex=104, prevLogTerm=1, entries=1, commitIndex=104}
10:08:17.531 [raft-server-2] TRACE i.a.p.raft.roles.FollowerRole - RaftServer{2}{role=FOLLOWER} - Received AppendRequest{term=1, leader=1, prevLogIndex=104, prevLogTerm=1, entries=1, commitIndex=104}
10:08:17.531 [raft-server-3] TRACE i.a.p.raft.roles.FollowerRole - RaftServer{3}{role=FOLLOWER} - Appended Indexed{index=105, entry=CommandEntry{term=1, timestamp=2018-06-11 10:08:17,531, session=2, sequence=92, operation=PrimitiveOperation{id=DefaultOperationId{id=write, type=COMMAND}, value=byte[]{length=17, hash=1297078671}}}}
10:08:17.531 [raft-server-2] TRACE i.a.p.raft.roles.FollowerRole - RaftServer{2}{role=FOLLOWER} - Appended Indexed{index=105, entry=CommandEntry{term=1, timestamp=2018-06-11 10:08:17,531, session=2, sequence=92, operation=PrimitiveOperation{id=DefaultOperationId{id=write, type=COMMAND}, value=byte[]{length=17, hash=1297078671}}}}
10:08:17.563 [raft-server-3] TRACE i.a.p.raft.roles.FollowerRole - RaftServer{3}{role=FOLLOWER} - Committed entries up to index 104
10:08:17.563 [raft-server-2] TRACE i.a.p.raft.roles.FollowerRole - RaftServer{2}{role=FOLLOWER} - Committed entries up to index 104
10:08:17.563 [raft-server-3] TRACE i.a.p.raft.roles.FollowerRole - RaftServer{3}{role=FOLLOWER} - Sending AppendResponse{status=OK, term=1, succeeded=true, lastLogIndex=105}
10:08:17.563 [raft-server-2] TRACE i.a.p.raft.roles.FollowerRole - RaftServer{2}{role=FOLLOWER} - Sending AppendResponse{status=OK, term=1, succeeded=true, lastLogIndex=105}
10:08:17.563 [raft-server-1] TRACE i.a.p.raft.roles.LeaderAppender - RaftServer{1} - Received AppendResponse{status=OK, term=1, succeeded=true, lastLogIndex=105} from 3
10:08:17.563 [raft-server-1] TRACE i.a.p.raft.roles.LeaderAppender - RaftServer{1} - Committed entries up to 105
10:08:17.563 [raft-server-3-state] TRACE i.a.p.raft.impl.RaftServiceManager - RaftServer{3} - Applying Indexed{index=104, entry=CommandEntry{term=1, timestamp=2018-06-11 10:08:17,464, session=2, sequence=91, operation=PrimitiveOperation{id=DefaultOperationId{id=write, type=COMMAND}, value=byte[]{length=17, hash=1297078671}}}}
10:08:17.563 [raft-server-2-state] TRACE i.a.p.raft.impl.RaftServiceManager - RaftServer{2} - Applying Indexed{index=104, entry=CommandEntry{term=1, timestamp=2018-06-11 10:08:17,464, session=2, sequence=91, operation=PrimitiveOperation{id=DefaultOperationId{id=write, type=COMMAND}, value=byte[]{length=17, hash=1297078671}}}}
10:08:17.563 [raft-server-3-state] TRACE i.a.p.s.impl.DefaultServiceExecutor - PrimitiveService{2}{type=io.atomix.protocols.raft.RaftTest$TestPrimitiveType@5b77a59f, name=raft-test} - Executing DefaultCommit{index=104, session=RaftSession{RaftServiceContext{server=3, type=io.atomix.protocols.raft.RaftTest$TestPrimitiveType@5b77a59f, name=raft-test, id=2}, session=2, timestamp=2018-06-11 10:08:17,464}, time=2018-06-11 10:08:17,464, operation=DefaultOperationId{id=write, type=COMMAND}, value=byte[]{length=17, hash=1297078671}}
10:08:17.564 [raft-server-2-state] TRACE i.a.p.s.impl.DefaultServiceExecutor - PrimitiveService{2}{type=io.atomix.protocols.raft.RaftTest$TestPrimitiveType@25c42b8f, name=raft-test} - Executing DefaultCommit{index=104, session=RaftSession{RaftServiceContext{server=2, type=io.atomix.protocols.raft.RaftTest$TestPrimitiveType@25c42b8f, name=raft-test, id=2}, session=2, timestamp=2018-06-11 10:08:17,464}, time=2018-06-11 10:08:17,464, operation=DefaultOperationId{id=write, type=COMMAND}, value=byte[]{length=17, hash=1297078671}}
10:08:17.597 [raft-server-1] TRACE i.a.p.raft.roles.LeaderAppender - RaftServer{1} - Received AppendResponse{status=OK, term=1, succeeded=true, lastLogIndex=105} from 2
10:08:17.597 [raft-server-1] TRACE i.a.p.raft.roles.LeaderAppender - RaftServer{1} - Sending AppendRequest{term=1, leader=1, prevLogIndex=105, prevLogTerm=1, entries=0, commitIndex=105} to 2
10:08:17.597 [raft-server-1] TRACE i.a.p.raft.roles.LeaderAppender - RaftServer{1} - Sending AppendRequest{term=1, leader=1, prevLogIndex=105, prevLogTerm=1, entries=0, commitIndex=105} to 3
10:08:17.597 [raft-server-2] TRACE i.a.p.raft.roles.FollowerRole - RaftServer{2}{role=FOLLOWER} - Received AppendRequest{term=1, leader=1, prevLogIndex=105, prevLogTerm=1, entries=0, commitIndex=105}
10:08:17.597 [raft-server-1-state] TRACE i.a.p.raft.impl.RaftServiceManager - RaftServer{1} - Applying Indexed{index=105, entry=CommandEntry{term=1, timestamp=2018-06-11 10:08:17,531, session=2, sequence=92, operation=PrimitiveOperation{id=DefaultOperationId{id=write, type=COMMAND}, value=byte[]{length=17, hash=1297078671}}}}
10:08:17.597 [raft-server-3] TRACE i.a.p.raft.roles.FollowerRole - RaftServer{3}{role=FOLLOWER} - Received AppendRequest{term=1, leader=1, prevLogIndex=105, prevLogTerm=1, entries=0, commitIndex=105}
10:08:17.597 [raft-server-1-state] TRACE i.a.p.s.impl.DefaultServiceExecutor - PrimitiveService{2}{type=io.atomix.protocols.raft.RaftTest$TestPrimitiveType@5051ea1e, name=raft-test} - Executing DefaultCommit{index=105, session=RaftSession{RaftServiceContext{server=1, type=io.atomix.protocols.raft.RaftTest$TestPrimitiveType@5051ea1e, name=raft-test, id=2}, session=2, timestamp=2018-06-11 10:08:17,531}, time=2018-06-11 10:08:17,531, operation=DefaultOperationId{id=write, type=COMMAND}, value=byte[]{length=17, hash=1297078671}}
10:08:17.597 [raft-server-1-state] TRACE i.a.protocols.raft.roles.LeaderRole - RaftServer{1}{role=LEADER} - Sending CommandResponse{status=OK, index=105, eventIndex=2, result=byte[]{length=3, hash=37015}}
10:08:17.597 [raft-client-995c025b-ba21-4dd3-828a-0c3e52b0447e-6] TRACE i.a.p.r.s.impl.RaftSessionConnection - SessionClient{2}{type=io.atomix.protocols.raft.RaftTest$TestPrimitiveType@6b321262, name=raft-test} - Received CommandResponse{status=OK, index=105, eventIndex=2, result=byte[]{length=3, hash=37015}} from 1
10:08:17.597 [raft-client-995c025b-ba21-4dd3-828a-0c3e52b0447e-6] TRACE i.a.p.r.s.impl.RaftSessionSequencer - SessionClient{2}{type=io.atomix.protocols.raft.RaftTest$TestPrimitiveType@6b321262, name=raft-test} - Completing response CommandResponse{status=OK, index=105, eventIndex=2, result=byte[]{length=3, hash=37015}}
10:08:17.597 [raft-client-995c025b-ba21-4dd3-828a-0c3e52b0447e-7] TRACE i.a.p.r.s.impl.RaftSessionConnection - SessionClient{2}{type=io.atomix.protocols.raft.RaftTest$TestPrimitiveType@6b321262, name=raft-test} - Sending CommandRequest{session=2, sequence=93, operation=PrimitiveOperation{id=DefaultOperationId{id=write, type=COMMAND}, value=byte[]{length=17, hash=1297078671}}} to 1
10:08:17.597 [raft-server-1] TRACE i.a.protocols.raft.roles.LeaderRole - RaftServer{1}{role=LEADER} - Received CommandRequest{session=2, sequence=93, operation=PrimitiveOperation{id=DefaultOperationId{id=write, type=COMMAND}, value=byte[]{length=17, hash=1297078671}}}
10:08:17.598 [raft-server-1] TRACE i.a.protocols.raft.roles.LeaderRole - RaftServer{1}{role=LEADER} - Appended Indexed{index=106, entry=CommandEntry{term=1, timestamp=2018-06-11 10:08:17,597, session=2, sequence=93, operation=PrimitiveOperation{id=DefaultOperationId{id=write, type=COMMAND}, value=byte[]{length=17, hash=1297078671}}}}
10:08:17.613 [raft-server-2] TRACE i.a.p.raft.roles.FollowerRole - RaftServer{2}{role=FOLLOWER} - Committed entries up to index 105
10:08:17.613 [raft-server-2] TRACE i.a.p.raft.roles.FollowerRole - RaftServer{2}{role=FOLLOWER} - Sending AppendResponse{status=OK, term=1, succeeded=true, lastLogIndex=105}
10:08:17.613 [raft-server-1] TRACE i.a.p.raft.roles.LeaderAppender - RaftServer{1} - Received AppendResponse{status=OK, term=1, succeeded=true, lastLogIndex=105} from 2
10:08:17.613 [raft-server-2-state] TRACE i.a.p.raft.impl.RaftServiceManager - RaftServer{2} - Applying Indexed{index=105, entry=CommandEntry{term=1, timestamp=2018-06-11 10:08:17,531, session=2, sequence=92, operation=PrimitiveOperation{id=DefaultOperationId{id=write, type=COMMAND}, value=byte[]{length=17, hash=1297078671}}}}
10:08:17.613 [raft-server-1] TRACE i.a.p.raft.roles.LeaderAppender - RaftServer{1} - Sending AppendRequest{term=1, leader=1, prevLogIndex=105, prevLogTerm=1, entries=1, commitIndex=105} to 2
10:08:17.613 [raft-server-2-state] TRACE i.a.p.s.impl.DefaultServiceExecutor - PrimitiveService{2}{type=io.atomix.protocols.raft.RaftTest$TestPrimitiveType@25c42b8f, name=raft-test} - Executing DefaultCommit{index=105, session=RaftSession{RaftServiceContext{server=2, type=io.atomix.protocols.raft.RaftTest$TestPrimitiveType@25c42b8f, name=raft-test, id=2}, session=2, timestamp=2018-06-11 10:08:17,531}, time=2018-06-11 10:08:17,531, operation=DefaultOperationId{id=write, type=COMMAND}, value=byte[]{length=17, hash=1297078671}}
10:08:17.613 [raft-server-2] TRACE i.a.p.raft.roles.FollowerRole - RaftServer{2}{role=FOLLOWER} - Received AppendRequest{term=1, leader=1, prevLogIndex=105, prevLogTerm=1, entries=1, commitIndex=105}
10:08:17.614 [raft-server-2] TRACE i.a.p.raft.roles.FollowerRole - RaftServer{2}{role=FOLLOWER} - Appended Indexed{index=106, entry=CommandEntry{term=1, timestamp=2018-06-11 10:08:17,597, session=2, sequence=93, operation=PrimitiveOperation{id=DefaultOperationId{id=write, type=COMMAND}, value=byte[]{length=17, hash=1297078671}}}}
10:08:17.614 [raft-server-2] TRACE i.a.p.raft.roles.FollowerRole - RaftServer{2}{role=FOLLOWER} - Sending AppendResponse{status=OK, term=1, succeeded=true, lastLogIndex=106}
10:08:17.614 [raft-server-1] TRACE i.a.p.raft.roles.LeaderAppender - RaftServer{1} - Received AppendResponse{status=OK, term=1, succeeded=true, lastLogIndex=106} from 2
10:08:17.614 [raft-server-1] TRACE i.a.p.raft.roles.LeaderAppender - RaftServer{1} - Committed entries up to 106
10:08:17.640 [raft-server-3] TRACE i.a.p.raft.roles.FollowerRole - RaftServer{3}{role=FOLLOWER} - Committed entries up to index 105
10:08:17.640 [raft-server-3] TRACE i.a.p.raft.roles.FollowerRole - RaftServer{3}{role=FOLLOWER} - Sending AppendResponse{status=OK, term=1, succeeded=true, lastLogIndex=105}
10:08:17.640 [raft-server-3-state] TRACE i.a.p.raft.impl.RaftServiceManager - RaftServer{3} - Applying Indexed{index=105, entry=CommandEntry{term=1, timestamp=2018-06-11 10:08:17,531, session=2, sequence=92, operation=PrimitiveOperation{id=DefaultOperationId{id=write, type=COMMAND}, value=byte[]{length=17, hash=1297078671}}}}
10:08:17.640 [raft-server-3-state] TRACE i.a.p.s.impl.DefaultServiceExecutor - PrimitiveService{2}{type=io.atomix.protocols.raft.RaftTest$TestPrimitiveType@5b77a59f, name=raft-test} - Executing DefaultCommit{index=105, session=RaftSession{RaftServiceContext{server=3, type=io.atomix.protocols.raft.RaftTest$TestPrimitiveType@5b77a59f, name=raft-test, id=2}, session=2, timestamp=2018-06-11 10:08:17,531}, time=2018-06-11 10:08:17,531, operation=DefaultOperationId{id=write, type=COMMAND}, value=byte[]{length=17, hash=1297078671}}
10:08:17.663 [raft-server-1] TRACE i.a.p.raft.roles.LeaderAppender - RaftServer{1} - Received AppendResponse{status=OK, term=1, succeeded=true, lastLogIndex=105} from 3
10:08:17.663 [raft-server-1] TRACE i.a.p.raft.roles.LeaderAppender - RaftServer{1} - Sending AppendRequest{term=1, leader=1, prevLogIndex=105, prevLogTerm=1, entries=1, commitIndex=106} to 3
10:08:17.663 [raft-server-3] TRACE i.a.p.raft.roles.FollowerRole - RaftServer{3}{role=FOLLOWER} - Received AppendRequest{term=1, leader=1, prevLogIndex=105, prevLogTerm=1, entries=1, commitIndex=106}
10:08:17.663 [raft-server-1-state] TRACE i.a.p.raft.impl.RaftServiceManager - RaftServer{1} - Applying Indexed{index=106, entry=CommandEntry{term=1, timestamp=2018-06-11 10:08:17,597, session=2, sequence=93, operation=PrimitiveOperation{id=DefaultOperationId{id=write, type=COMMAND}, value=byte[]{length=17, hash=1297078671}}}}
10:08:17.664 [raft-server-1-state] TRACE i.a.p.s.impl.DefaultServiceExecutor - PrimitiveService{2}{type=io.atomix.protocols.raft.RaftTest$TestPrimitiveType@5051ea1e, name=raft-test} - Executing DefaultCommit{index=106, session=RaftSession{RaftServiceContext{server=1, type=io.atomix.protocols.raft.RaftTest$TestPrimitiveType@5051ea1e, name=raft-test, id=2}, session=2, timestamp=2018-06-11 10:08:17,597}, time=2018-06-11 10:08:17,597, operation=DefaultOperationId{id=write, type=COMMAND}, value=byte[]{length=17, hash=1297078671}}
10:08:17.664 [raft-server-3] TRACE i.a.p.raft.roles.FollowerRole - RaftServer{3}{role=FOLLOWER} - Appended Indexed{index=106, entry=CommandEntry{term=1, timestamp=2018-06-11 10:08:17,597, session=2, sequence=93, operation=PrimitiveOperation{id=DefaultOperationId{id=write, type=COMMAND}, value=byte[]{length=17, hash=1297078671}}}}
10:08:17.664 [raft-server-1-state] TRACE i.a.protocols.raft.roles.LeaderRole - RaftServer{1}{role=LEADER} - Sending CommandResponse{status=OK, index=106, eventIndex=2, result=byte[]{length=3, hash=37077}}
10:08:17.664 [raft-client-995c025b-ba21-4dd3-828a-0c3e52b0447e-0] TRACE i.a.p.r.s.impl.RaftSessionConnection - SessionClient{2}{type=io.atomix.protocols.raft.RaftTest$TestPrimitiveType@6b321262, name=raft-test} - Received CommandResponse{status=OK, index=106, eventIndex=2, result=byte[]{length=3, hash=37077}} from 1
10:08:17.664 [raft-client-995c025b-ba21-4dd3-828a-0c3e52b0447e-0] TRACE i.a.p.r.s.impl.RaftSessionSequencer - SessionClient{2}{type=io.atomix.protocols.raft.RaftTest$TestPrimitiveType@6b321262, name=raft-test} - Completing response CommandResponse{status=OK, index=106, eventIndex=2, result=byte[]{length=3, hash=37077}}
10:08:17.664 [raft-client-995c025b-ba21-4dd3-828a-0c3e52b0447e-4] TRACE i.a.p.r.s.impl.RaftSessionConnection - SessionClient{2}{type=io.atomix.protocols.raft.RaftTest$TestPrimitiveType@6b321262, name=raft-test} - Sending CommandRequest{session=2, sequence=94, operation=PrimitiveOperation{id=DefaultOperationId{id=write, type=COMMAND}, value=byte[]{length=17, hash=1297078671}}} to 1
10:08:17.664 [raft-server-1] TRACE i.a.protocols.raft.roles.LeaderRole - RaftServer{1}{role=LEADER} - Received CommandRequest{session=2, sequence=94, operation=PrimitiveOperation{id=DefaultOperationId{id=write, type=COMMAND}, value=byte[]{length=17, hash=1297078671}}}
10:08:17.664 [raft-server-1] TRACE i.a.protocols.raft.roles.LeaderRole - RaftServer{1}{role=LEADER} - Appended Indexed{index=107, entry=CommandEntry{term=1, timestamp=2018-06-11 10:08:17,664, session=2, sequence=94, operation=PrimitiveOperation{id=DefaultOperationId{id=write, type=COMMAND}, value=byte[]{length=17, hash=1297078671}}}}
10:08:17.664 [raft-server-1] TRACE i.a.p.raft.roles.LeaderAppender - RaftServer{1} - Sending AppendRequest{term=1, leader=1, prevLogIndex=106, prevLogTerm=1, entries=1, commitIndex=106} to 2
10:08:17.664 [raft-server-2] TRACE i.a.p.raft.roles.FollowerRole - RaftServer{2}{role=FOLLOWER} - Received AppendRequest{term=1, leader=1, prevLogIndex=106, prevLogTerm=1, entries=1, commitIndex=106}
10:08:17.664 [raft-server-2] TRACE i.a.p.raft.roles.FollowerRole - RaftServer{2}{role=FOLLOWER} - Appended Indexed{index=107, entry=CommandEntry{term=1, timestamp=2018-06-11 10:08:17,664, session=2, sequence=94, operation=PrimitiveOperation{id=DefaultOperationId{id=write, type=COMMAND}, value=byte[]{length=17, hash=1297078671}}}}
10:08:17.698 [raft-server-3] TRACE i.a.p.raft.roles.FollowerRole - RaftServer{3}{role=FOLLOWER} - Committed entries up to index 106
10:08:17.699 [raft-server-3] TRACE i.a.p.raft.roles.FollowerRole - RaftServer{3}{role=FOLLOWER} - Sending AppendResponse{status=OK, term=1, succeeded=true, lastLogIndex=106}
10:08:17.699 [raft-server-1] TRACE i.a.p.raft.roles.LeaderAppender - RaftServer{1} - Received AppendResponse{status=OK, term=1, succeeded=true, lastLogIndex=106} from 3
10:08:17.699 [raft-server-1] TRACE i.a.p.raft.roles.LeaderAppender - RaftServer{1} - Sending AppendRequest{term=1, leader=1, prevLogIndex=106, prevLogTerm=1, entries=1, commitIndex=106} to 3
10:08:17.699 [raft-server-3-state] TRACE i.a.p.raft.impl.RaftServiceManager - RaftServer{3} - Applying Indexed{index=106, entry=CommandEntry{term=1, timestamp=2018-06-11 10:08:17,597, session=2, sequence=93, operation=PrimitiveOperation{id=DefaultOperationId{id=write, type=COMMAND}, value=byte[]{length=17, hash=1297078671}}}}
10:08:17.699 [raft-server-3] TRACE i.a.p.raft.roles.FollowerRole - RaftServer{3}{role=FOLLOWER} - Received AppendRequest{term=1, leader=1, prevLogIndex=106, prevLogTerm=1, entries=1, commitIndex=106}
10:08:17.699 [raft-server-3-state] TRACE i.a.p.s.impl.DefaultServiceExecutor - PrimitiveService{2}{type=io.atomix.protocols.raft.RaftTest$TestPrimitiveType@5b77a59f, name=raft-test} - Executing DefaultCommit{index=106, session=RaftSession{RaftServiceContext{server=3, type=io.atomix.protocols.raft.RaftTest$TestPrimitiveType@5b77a59f, name=raft-test, id=2}, session=2, timestamp=2018-06-11 10:08:17,597}, time=2018-06-11 10:08:17,597, operation=DefaultOperationId{id=write, type=COMMAND}, value=byte[]{length=17, hash=1297078671}}
10:08:17.699 [raft-server-3] TRACE i.a.p.raft.roles.FollowerRole - RaftServer{3}{role=FOLLOWER} - Appended Indexed{index=107, entry=CommandEntry{term=1, timestamp=2018-06-11 10:08:17,664, session=2, sequence=94, operation=PrimitiveOperation{id=DefaultOperationId{id=write, type=COMMAND}, value=byte[]{length=17, hash=1297078671}}}}
10:08:17.699 [raft-server-3] TRACE i.a.p.raft.roles.FollowerRole - RaftServer{3}{role=FOLLOWER} - Sending AppendResponse{status=OK, term=1, succeeded=true, lastLogIndex=107}
10:08:17.699 [raft-server-1] TRACE i.a.p.raft.roles.LeaderAppender - RaftServer{1} - Received AppendResponse{status=OK, term=1, succeeded=true, lastLogIndex=107} from 3
10:08:17.699 [raft-server-1] TRACE i.a.p.raft.roles.LeaderAppender - RaftServer{1} - Committed entries up to 107
10:08:17.723 [raft-server-2] TRACE i.a.p.raft.roles.FollowerRole - RaftServer{2}{role=FOLLOWER} - Committed entries up to index 106
10:08:17.724 [raft-server-2] TRACE i.a.p.raft.roles.FollowerRole - RaftServer{2}{role=FOLLOWER} - Sending AppendResponse{status=OK, term=1, succeeded=true, lastLogIndex=107}
10:08:17.724 [raft-server-2-state] TRACE i.a.p.raft.impl.RaftServiceManager - RaftServer{2} - Applying Indexed{index=106, entry=CommandEntry{term=1, timestamp=2018-06-11 10:08:17,597, session=2, sequence=93, operation=PrimitiveOperation{id=DefaultOperationId{id=write, type=COMMAND}, value=byte[]{length=17, hash=1297078671}}}}
10:08:17.724 [raft-server-2-state] TRACE i.a.p.s.impl.DefaultServiceExecutor - PrimitiveService{2}{type=io.atomix.protocols.raft.RaftTest$TestPrimitiveType@25c42b8f, name=raft-test} - Executing DefaultCommit{index=106, session=RaftSession{RaftServiceContext{server=2, type=io.atomix.protocols.raft.RaftTest$TestPrimitiveType@25c42b8f, name=raft-test, id=2}, session=2, timestamp=2018-06-11 10:08:17,597}, time=2018-06-11 10:08:17,597, operation=DefaultOperationId{id=write, type=COMMAND}, value=byte[]{length=17, hash=1297078671}}
10:08:17.738 [raft-server-1] TRACE i.a.p.raft.roles.LeaderAppender - RaftServer{1} - Received AppendResponse{status=OK, term=1, succeeded=true, lastLogIndex=107} from 2
10:08:17.738 [raft-server-1-state] TRACE i.a.p.raft.impl.RaftServiceManager - RaftServer{1} - Applying Indexed{index=107, entry=CommandEntry{term=1, timestamp=2018-06-11 10:08:17,664, session=2, sequence=94, operation=PrimitiveOperation{id=DefaultOperationId{id=write, type=COMMAND}, value=byte[]{length=17, hash=1297078671}}}}
10:08:17.739 [raft-server-1-state] TRACE i.a.p.s.impl.DefaultServiceExecutor - PrimitiveService{2}{type=io.atomix.protocols.raft.RaftTest$TestPrimitiveType@5051ea1e, name=raft-test} - Executing DefaultCommit{index=107, session=RaftSession{RaftServiceContext{server=1, type=io.atomix.protocols.raft.RaftTest$TestPrimitiveType@5051ea1e, name=raft-test, id=2}, session=2, timestamp=2018-06-11 10:08:17,664}, time=2018-06-11 10:08:17,664, operation=DefaultOperationId{id=write, type=COMMAND}, value=byte[]{length=17, hash=1297078671}}
10:08:17.739 [raft-server-1-state] TRACE i.a.protocols.raft.roles.LeaderRole - RaftServer{1}{role=LEADER} - Sending CommandResponse{status=OK, index=107, eventIndex=2, result=byte[]{length=3, hash=37139}}
10:08:17.739 [raft-client-995c025b-ba21-4dd3-828a-0c3e52b0447e-5] TRACE i.a.p.r.s.impl.RaftSessionConnection - SessionClient{2}{type=io.atomix.protocols.raft.RaftTest$TestPrimitiveType@6b321262, name=raft-test} - Received CommandResponse{status=OK, index=107, eventIndex=2, result=byte[]{length=3, hash=37139}} from 1
10:08:17.739 [raft-client-995c025b-ba21-4dd3-828a-0c3e52b0447e-5] TRACE i.a.p.r.s.impl.RaftSessionSequencer - SessionClient{2}{type=io.atomix.protocols.raft.RaftTest$TestPrimitiveType@6b321262, name=raft-test} - Completing response CommandResponse{status=OK, index=107, eventIndex=2, result=byte[]{length=3, hash=37139}}
10:08:17.739 [raft-client-995c025b-ba21-4dd3-828a-0c3e52b0447e-3] TRACE i.a.p.r.s.impl.RaftSessionConnection - SessionClient{2}{type=io.atomix.protocols.raft.RaftTest$TestPrimitiveType@6b321262, name=raft-test} - Sending CommandRequest{session=2, sequence=95, operation=PrimitiveOperation{id=DefaultOperationId{id=write, type=COMMAND}, value=byte[]{length=17, hash=1297078671}}} to 1
10:08:17.739 [raft-server-1] TRACE i.a.protocols.raft.roles.LeaderRole - RaftServer{1}{role=LEADER} - Received CommandRequest{session=2, sequence=95, operation=PrimitiveOperation{id=DefaultOperationId{id=write, type=COMMAND}, value=byte[]{length=17, hash=1297078671}}}
10:08:17.739 [raft-server-1] TRACE i.a.protocols.raft.roles.LeaderRole - RaftServer{1}{role=LEADER} - Appended Indexed{index=108, entry=CommandEntry{term=1, timestamp=2018-06-11 10:08:17,739, session=2, sequence=95, operation=PrimitiveOperation{id=DefaultOperationId{id=write, type=COMMAND}, value=byte[]{length=17, hash=1297078671}}}}
10:08:17.739 [raft-server-1] TRACE i.a.p.raft.roles.LeaderAppender - RaftServer{1} - Sending AppendRequest{term=1, leader=1, prevLogIndex=107, prevLogTerm=1, entries=1, commitIndex=107} to 2
10:08:17.739 [raft-server-2] TRACE i.a.p.raft.roles.FollowerRole - RaftServer{2}{role=FOLLOWER} - Received AppendRequest{term=1, leader=1, prevLogIndex=107, prevLogTerm=1, entries=1, commitIndex=107}
10:08:17.739 [raft-server-1] TRACE i.a.p.raft.roles.LeaderAppender - RaftServer{1} - Sending AppendRequest{term=1, leader=1, prevLogIndex=107, prevLogTerm=1, entries=1, commitIndex=107} to 3
10:08:17.739 [raft-server-2] TRACE i.a.p.raft.roles.FollowerRole - RaftServer{2}{role=FOLLOWER} - Appended Indexed{index=108, entry=CommandEntry{term=1, timestamp=2018-06-11 10:08:17,739, session=2, sequence=95, operation=PrimitiveOperation{id=DefaultOperationId{id=write, type=COMMAND}, value=byte[]{length=17, hash=1297078671}}}}
10:08:17.740 [raft-server-3] TRACE i.a.p.raft.roles.FollowerRole - RaftServer{3}{role=FOLLOWER} - Received AppendRequest{term=1, leader=1, prevLogIndex=107, prevLogTerm=1, entries=1, commitIndex=107}
10:08:17.740 [raft-server-3] TRACE i.a.p.raft.roles.FollowerRole - RaftServer{3}{role=FOLLOWER} - Appended Indexed{index=108, entry=CommandEntry{term=1, timestamp=2018-06-11 10:08:17,739, session=2, sequence=95, operation=PrimitiveOperation{id=DefaultOperationId{id=write, type=COMMAND}, value=byte[]{length=17, hash=1297078671}}}}
10:08:17.763 [raft-server-2] TRACE i.a.p.raft.roles.FollowerRole - RaftServer{2}{role=FOLLOWER} - Committed entries up to index 107
10:08:17.763 [raft-server-2] TRACE i.a.p.raft.roles.FollowerRole - RaftServer{2}{role=FOLLOWER} - Sending AppendResponse{status=OK, term=1, succeeded=true, lastLogIndex=108}
10:08:17.763 [raft-server-1] TRACE i.a.p.raft.roles.LeaderAppender - RaftServer{1} - Received AppendResponse{status=OK, term=1, succeeded=true, lastLogIndex=108} from 2
10:08:17.763 [raft-server-1] TRACE i.a.p.raft.roles.LeaderAppender - RaftServer{1} - Committed entries up to 108
10:08:17.763 [raft-server-2-state] TRACE i.a.p.raft.impl.RaftServiceManager - RaftServer{2} - Applying Indexed{index=107, entry=CommandEntry{term=1, timestamp=2018-06-11 10:08:17,664, session=2, sequence=94, operation=PrimitiveOperation{id=DefaultOperationId{id=write, type=COMMAND}, value=byte[]{length=17, hash=1297078671}}}}
10:08:17.764 [raft-server-2-state] TRACE i.a.p.s.impl.DefaultServiceExecutor - PrimitiveService{2}{type=io.atomix.protocols.raft.RaftTest$TestPrimitiveType@25c42b8f, name=raft-test} - Executing DefaultCommit{index=107, session=RaftSession{RaftServiceContext{server=2, type=io.atomix.protocols.raft.RaftTest$TestPrimitiveType@25c42b8f, name=raft-test, id=2}, session=2, timestamp=2018-06-11 10:08:17,664}, time=2018-06-11 10:08:17,664, operation=DefaultOperationId{id=write, type=COMMAND}, value=byte[]{length=17, hash=1297078671}}
10:08:17.788 [raft-server-3] TRACE i.a.p.raft.roles.FollowerRole - RaftServer{3}{role=FOLLOWER} - Committed entries up to index 107
10:08:17.788 [raft-server-3] TRACE i.a.p.raft.roles.FollowerRole - RaftServer{3}{role=FOLLOWER} - Sending AppendResponse{status=OK, term=1, succeeded=true, lastLogIndex=108}
10:08:17.788 [raft-server-3-state] TRACE i.a.p.raft.impl.RaftServiceManager - RaftServer{3} - Applying Indexed{index=107, entry=CommandEntry{term=1, timestamp=2018-06-11 10:08:17,664, session=2, sequence=94, operation=PrimitiveOperation{id=DefaultOperationId{id=write, type=COMMAND}, value=byte[]{length=17, hash=1297078671}}}}
10:08:17.789 [raft-server-3-state] TRACE i.a.p.s.impl.DefaultServiceExecutor - PrimitiveService{2}{type=io.atomix.protocols.raft.RaftTest$TestPrimitiveType@5b77a59f, name=raft-test} - Executing DefaultCommit{index=107, session=RaftSession{RaftServiceContext{server=3, type=io.atomix.protocols.raft.RaftTest$TestPrimitiveType@5b77a59f, name=raft-test, id=2}, session=2, timestamp=2018-06-11 10:08:17,664}, time=2018-06-11 10:08:17,664, operation=DefaultOperationId{id=write, type=COMMAND}, value=byte[]{length=17, hash=1297078671}}
10:08:17.811 [raft-server-1] TRACE i.a.p.raft.roles.LeaderAppender - RaftServer{1} - Received AppendResponse{status=OK, term=1, succeeded=true, lastLogIndex=108} from 3
10:08:17.811 [raft-server-1-state] TRACE i.a.p.raft.impl.RaftServiceManager - RaftServer{1} - Applying Indexed{index=108, entry=CommandEntry{term=1, timestamp=2018-06-11 10:08:17,739, session=2, sequence=95, operation=PrimitiveOperation{id=DefaultOperationId{id=write, type=COMMAND}, value=byte[]{length=17, hash=1297078671}}}}
10:08:17.811 [raft-server-1-state] TRACE i.a.p.s.impl.DefaultServiceExecutor - PrimitiveService{2}{type=io.atomix.protocols.raft.RaftTest$TestPrimitiveType@5051ea1e, name=raft-test} - Executing DefaultCommit{index=108, session=RaftSession{RaftServiceContext{server=1, type=io.atomix.protocols.raft.RaftTest$TestPrimitiveType@5051ea1e, name=raft-test, id=2}, session=2, timestamp=2018-06-11 10:08:17,739}, time=2018-06-11 10:08:17,739, operation=DefaultOperationId{id=write, type=COMMAND}, value=byte[]{length=17, hash=1297078671}}
10:08:17.811 [raft-server-1-state] TRACE i.a.protocols.raft.roles.LeaderRole - RaftServer{1}{role=LEADER} - Sending CommandResponse{status=OK, index=108, eventIndex=2, result=byte[]{length=3, hash=37201}}
10:08:17.812 [raft-client-995c025b-ba21-4dd3-828a-0c3e52b0447e-6] TRACE i.a.p.r.s.impl.RaftSessionConnection - SessionClient{2}{type=io.atomix.protocols.raft.RaftTest$TestPrimitiveType@6b321262, name=raft-test} - Received CommandResponse{status=OK, index=108, eventIndex=2, result=byte[]{length=3, hash=37201}} from 1
10:08:17.812 [raft-client-995c025b-ba21-4dd3-828a-0c3e52b0447e-6] TRACE i.a.p.r.s.impl.RaftSessionSequencer - SessionClient{2}{type=io.atomix.protocols.raft.RaftTest$TestPrimitiveType@6b321262, name=raft-test} - Completing response CommandResponse{status=OK, index=108, eventIndex=2, result=byte[]{length=3, hash=37201}}
10:08:17.812 [raft-client-995c025b-ba21-4dd3-828a-0c3e52b0447e-6] TRACE i.a.p.r.s.impl.RaftSessionConnection - SessionClient{2}{type=io.atomix.protocols.raft.RaftTest$TestPrimitiveType@6b321262, name=raft-test} - Sending CommandRequest{session=2, sequence=96, operation=PrimitiveOperation{id=DefaultOperationId{id=write, type=COMMAND}, value=byte[]{length=17, hash=1297078671}}} to 1
10:08:17.812 [raft-server-1] TRACE i.a.protocols.raft.roles.LeaderRole - RaftServer{1}{role=LEADER} - Received CommandRequest{session=2, sequence=96, operation=PrimitiveOperation{id=DefaultOperationId{id=write, type=COMMAND}, value=byte[]{length=17, hash=1297078671}}}
10:08:17.812 [raft-server-1] TRACE i.a.protocols.raft.roles.LeaderRole - RaftServer{1}{role=LEADER} - Appended Indexed{index=109, entry=CommandEntry{term=1, timestamp=2018-06-11 10:08:17,812, session=2, sequence=96, operation=PrimitiveOperation{id=DefaultOperationId{id=write, type=COMMAND}, value=byte[]{length=17, hash=1297078671}}}}
10:08:17.812 [raft-server-1] TRACE i.a.p.raft.roles.LeaderAppender - RaftServer{1} - Sending AppendRequest{term=1, leader=1, prevLogIndex=108, prevLogTerm=1, entries=1, commitIndex=108} to 2
10:08:17.812 [raft-server-1] TRACE i.a.p.raft.roles.LeaderAppender - RaftServer{1} - Sending AppendRequest{term=1, leader=1, prevLogIndex=108, prevLogTerm=1, entries=1, commitIndex=108} to 3
10:08:17.812 [raft-server-2] TRACE i.a.p.raft.roles.FollowerRole - RaftServer{2}{role=FOLLOWER} - Received AppendRequest{term=1, leader=1, prevLogIndex=108, prevLogTerm=1, entries=1, commitIndex=108}
10:08:17.812 [raft-server-3] TRACE i.a.p.raft.roles.FollowerRole - RaftServer{3}{role=FOLLOWER} - Received AppendRequest{term=1, leader=1, prevLogIndex=108, prevLogTerm=1, entries=1, commitIndex=108}
10:08:17.812 [raft-server-2] TRACE i.a.p.raft.roles.FollowerRole - RaftServer{2}{role=FOLLOWER} - Appended Indexed{index=109, entry=CommandEntry{term=1, timestamp=2018-06-11 10:08:17,812, session=2, sequence=96, operation=PrimitiveOperation{id=DefaultOperationId{id=write, type=COMMAND}, value=byte[]{length=17, hash=1297078671}}}}
10:08:17.812 [raft-server-3] TRACE i.a.p.raft.roles.FollowerRole - RaftServer{3}{role=FOLLOWER} - Appended Indexed{index=109, entry=CommandEntry{term=1, timestamp=2018-06-11 10:08:17,812, session=2, sequence=96, operation=PrimitiveOperation{id=DefaultOperationId{id=write, type=COMMAND}, value=byte[]{length=17, hash=1297078671}}}}
10:08:17.844 [raft-server-2] TRACE i.a.p.raft.roles.FollowerRole - RaftServer{2}{role=FOLLOWER} - Committed entries up to index 108
10:08:17.844 [raft-server-3] TRACE i.a.p.raft.roles.FollowerRole - RaftServer{3}{role=FOLLOWER} - Committed entries up to index 108
10:08:17.844 [raft-server-2] TRACE i.a.p.raft.roles.FollowerRole - RaftServer{2}{role=FOLLOWER} - Sending AppendResponse{status=OK, term=1, succeeded=true, lastLogIndex=109}
10:08:17.844 [raft-server-3] TRACE i.a.p.raft.roles.FollowerRole - RaftServer{3}{role=FOLLOWER} - Sending AppendResponse{status=OK, term=1, succeeded=true, lastLogIndex=109}
10:08:17.845 [raft-server-1] TRACE i.a.p.raft.roles.LeaderAppender - RaftServer{1} - Received AppendResponse{status=OK, term=1, succeeded=true, lastLogIndex=109} from 2
10:08:17.845 [raft-server-1] TRACE i.a.p.raft.roles.LeaderAppender - RaftServer{1} - Committed entries up to 109
10:08:17.845 [raft-server-3-state] TRACE i.a.p.raft.impl.RaftServiceManager - RaftServer{3} - Applying Indexed{index=108, entry=CommandEntry{term=1, timestamp=2018-06-11 10:08:17,739, session=2, sequence=95, operation=PrimitiveOperation{id=DefaultOperationId{id=write, type=COMMAND}, value=byte[]{length=17, hash=1297078671}}}}
10:08:17.845 [raft-server-3-state] TRACE i.a.p.s.impl.DefaultServiceExecutor - PrimitiveService{2}{type=io.atomix.protocols.raft.RaftTest$TestPrimitiveType@5b77a59f, name=raft-test} - Executing DefaultCommit{index=108, session=RaftSession{RaftServiceContext{server=3, type=io.atomix.protocols.raft.RaftTest$TestPrimitiveType@5b77a59f, name=raft-test, id=2}, session=2, timestamp=2018-06-11 10:08:17,739}, time=2018-06-11 10:08:17,739, operation=DefaultOperationId{id=write, type=COMMAND}, value=byte[]{length=17, hash=1297078671}}
10:08:17.845 [raft-server-2-state] TRACE i.a.p.raft.impl.RaftServiceManager - RaftServer{2} - Applying Indexed{index=108, entry=CommandEntry{term=1, timestamp=2018-06-11 10:08:17,739, session=2, sequence=95, operation=PrimitiveOperation{id=DefaultOperationId{id=write, type=COMMAND}, value=byte[]{length=17, hash=1297078671}}}}
10:08:17.845 [raft-server-2-state] TRACE i.a.p.s.impl.DefaultServiceExecutor - PrimitiveService{2}{type=io.atomix.protocols.raft.RaftTest$TestPrimitiveType@25c42b8f, name=raft-test} - Executing DefaultCommit{index=108, session=RaftSession{RaftServiceContext{server=2, type=io.atomix.protocols.raft.RaftTest$TestPrimitiveType@25c42b8f, name=raft-test, id=2}, session=2, timestamp=2018-06-11 10:08:17,739}, time=2018-06-11 10:08:17,739, operation=DefaultOperationId{id=write, type=COMMAND}, value=byte[]{length=17, hash=1297078671}}
10:08:17.878 [raft-server-1] TRACE i.a.p.raft.roles.LeaderAppender - RaftServer{1} - Sending AppendRequest{term=1, leader=1, prevLogIndex=109, prevLogTerm=1, entries=0, commitIndex=109} to 2
10:08:17.878 [raft-server-1] TRACE i.a.p.raft.roles.LeaderAppender - RaftServer{1} - Received AppendResponse{status=OK, term=1, succeeded=true, lastLogIndex=109} from 3
10:08:17.878 [raft-server-2] TRACE i.a.p.raft.roles.FollowerRole - RaftServer{2}{role=FOLLOWER} - Received AppendRequest{term=1, leader=1, prevLogIndex=109, prevLogTerm=1, entries=0, commitIndex=109}
10:08:17.878 [raft-server-1] TRACE i.a.p.raft.roles.LeaderAppender - RaftServer{1} - Sending AppendRequest{term=1, leader=1, prevLogIndex=109, prevLogTerm=1, entries=0, commitIndex=109} to 3
10:08:17.878 [raft-server-3] TRACE i.a.p.raft.roles.FollowerRole - RaftServer{3}{role=FOLLOWER} - Received AppendRequest{term=1, leader=1, prevLogIndex=109, prevLogTerm=1, entries=0, commitIndex=109}
10:08:17.878 [raft-server-1-state] TRACE i.a.p.raft.impl.RaftServiceManager - RaftServer{1} - Applying Indexed{index=109, entry=CommandEntry{term=1, timestamp=2018-06-11 10:08:17,812, session=2, sequence=96, operation=PrimitiveOperation{id=DefaultOperationId{id=write, type=COMMAND}, value=byte[]{length=17, hash=1297078671}}}}
10:08:17.878 [raft-server-3] TRACE i.a.p.raft.roles.FollowerRole - RaftServer{3}{role=FOLLOWER} - Committed entries up to index 109
10:08:17.878 [raft-server-3] TRACE i.a.p.raft.roles.FollowerRole - RaftServer{3}{role=FOLLOWER} - Sending AppendResponse{status=OK, term=1, succeeded=true, lastLogIndex=109}
10:08:17.878 [raft-server-1-state] TRACE i.a.p.s.impl.DefaultServiceExecutor - PrimitiveService{2}{type=io.atomix.protocols.raft.RaftTest$TestPrimitiveType@5051ea1e, name=raft-test} - Executing DefaultCommit{index=109, session=RaftSession{RaftServiceContext{server=1, type=io.atomix.protocols.raft.RaftTest$TestPrimitiveType@5051ea1e, name=raft-test, id=2}, session=2, timestamp=2018-06-11 10:08:17,812}, time=2018-06-11 10:08:17,812, operation=DefaultOperationId{id=write, type=COMMAND}, value=byte[]{length=17, hash=1297078671}}
10:08:17.878 [raft-server-1] TRACE i.a.p.raft.roles.LeaderAppender - RaftServer{1} - Received AppendResponse{status=OK, term=1, succeeded=true, lastLogIndex=109} from 3
10:08:17.878 [raft-server-3-state] TRACE i.a.p.raft.impl.RaftServiceManager - RaftServer{3} - Applying Indexed{index=109, entry=CommandEntry{term=1, timestamp=2018-06-11 10:08:17,812, session=2, sequence=96, operation=PrimitiveOperation{id=DefaultOperationId{id=write, type=COMMAND}, value=byte[]{length=17, hash=1297078671}}}}
10:08:17.878 [raft-server-1-state] TRACE i.a.protocols.raft.roles.LeaderRole - RaftServer{1}{role=LEADER} - Sending CommandResponse{status=OK, index=109, eventIndex=2, result=byte[]{length=3, hash=37263}}
10:08:17.878 [raft-server-3-state] TRACE i.a.p.s.impl.DefaultServiceExecutor - PrimitiveService{2}{type=io.atomix.protocols.raft.RaftTest$TestPrimitiveType@5b77a59f, name=raft-test} - Executing DefaultCommit{index=109, session=RaftSession{RaftServiceContext{server=3, type=io.atomix.protocols.raft.RaftTest$TestPrimitiveType@5b77a59f, name=raft-test, id=2}, session=2, timestamp=2018-06-11 10:08:17,812}, time=2018-06-11 10:08:17,812, operation=DefaultOperationId{id=write, type=COMMAND}, value=byte[]{length=17, hash=1297078671}}
10:08:17.878 [raft-client-995c025b-ba21-4dd3-828a-0c3e52b0447e-0] TRACE i.a.p.r.s.impl.RaftSessionConnection - SessionClient{2}{type=io.atomix.protocols.raft.RaftTest$TestPrimitiveType@6b321262, name=raft-test} - Received CommandResponse{status=OK, index=109, eventIndex=2, result=byte[]{length=3, hash=37263}} from 1
10:08:17.878 [raft-client-995c025b-ba21-4dd3-828a-0c3e52b0447e-0] TRACE i.a.p.r.s.impl.RaftSessionSequencer - SessionClient{2}{type=io.atomix.protocols.raft.RaftTest$TestPrimitiveType@6b321262, name=raft-test} - Completing response CommandResponse{status=OK, index=109, eventIndex=2, result=byte[]{length=3, hash=37263}}
10:08:17.879 [raft-client-995c025b-ba21-4dd3-828a-0c3e52b0447e-1] TRACE i.a.p.r.s.impl.RaftSessionConnection - SessionClient{2}{type=io.atomix.protocols.raft.RaftTest$TestPrimitiveType@6b321262, name=raft-test} - Sending CommandRequest{session=2, sequence=97, operation=PrimitiveOperation{id=DefaultOperationId{id=write, type=COMMAND}, value=byte[]{length=17, hash=1297078671}}} to 1
10:08:17.879 [raft-server-1] TRACE i.a.protocols.raft.roles.LeaderRole - RaftServer{1}{role=LEADER} - Received CommandRequest{session=2, sequence=97, operation=PrimitiveOperation{id=DefaultOperationId{id=write, type=COMMAND}, value=byte[]{length=17, hash=1297078671}}}
10:08:17.879 [raft-server-1] TRACE i.a.protocols.raft.roles.LeaderRole - RaftServer{1}{role=LEADER} - Appended Indexed{index=110, entry=CommandEntry{term=1, timestamp=2018-06-11 10:08:17,879, session=2, sequence=97, operation=PrimitiveOperation{id=DefaultOperationId{id=write, type=COMMAND}, value=byte[]{length=17, hash=1297078671}}}}
10:08:17.879 [raft-server-1] TRACE i.a.p.raft.roles.LeaderAppender - RaftServer{1} - Sending AppendRequest{term=1, leader=1, prevLogIndex=109, prevLogTerm=1, entries=1, commitIndex=109} to 3
10:08:17.879 [raft-server-3] TRACE i.a.p.raft.roles.FollowerRole - RaftServer{3}{role=FOLLOWER} - Received AppendRequest{term=1, leader=1, prevLogIndex=109, prevLogTerm=1, entries=1, commitIndex=109}
10:08:17.879 [raft-server-3] TRACE i.a.p.raft.roles.FollowerRole - RaftServer{3}{role=FOLLOWER} - Appended Indexed{index=110, entry=CommandEntry{term=1, timestamp=2018-06-11 10:08:17,879, session=2, sequence=97, operation=PrimitiveOperation{id=DefaultOperationId{id=write, type=COMMAND}, value=byte[]{length=17, hash=1297078671}}}}
10:08:17.879 [raft-server-3] TRACE i.a.p.raft.roles.FollowerRole - RaftServer{3}{role=FOLLOWER} - Sending AppendResponse{status=OK, term=1, succeeded=true, lastLogIndex=110}
10:08:17.879 [raft-server-1] TRACE i.a.p.raft.roles.LeaderAppender - RaftServer{1} - Received AppendResponse{status=OK, term=1, succeeded=true, lastLogIndex=110} from 3
10:08:17.879 [raft-server-1] TRACE i.a.p.raft.roles.LeaderAppender - RaftServer{1} - Committed entries up to 110
10:08:17.911 [raft-server-2] TRACE i.a.p.raft.roles.FollowerRole - RaftServer{2}{role=FOLLOWER} - Committed entries up to index 109
10:08:17.911 [raft-server-2] TRACE i.a.p.raft.roles.FollowerRole - RaftServer{2}{role=FOLLOWER} - Sending AppendResponse{status=OK, term=1, succeeded=true, lastLogIndex=109}
10:08:17.911 [raft-server-2-state] TRACE i.a.p.raft.impl.RaftServiceManager - RaftServer{2} - Applying Indexed{index=109, entry=CommandEntry{term=1, timestamp=2018-06-11 10:08:17,812, session=2, sequence=96, operation=PrimitiveOperation{id=DefaultOperationId{id=write, type=COMMAND}, value=byte[]{length=17, hash=1297078671}}}}
10:08:17.911 [raft-server-2-state] TRACE i.a.p.s.impl.DefaultServiceExecutor - PrimitiveService{2}{type=io.atomix.protocols.raft.RaftTest$TestPrimitiveType@25c42b8f, name=raft-test} - Executing DefaultCommit{index=109, session=RaftSession{RaftServiceContext{server=2, type=io.atomix.protocols.raft.RaftTest$TestPrimitiveType@25c42b8f, name=raft-test, id=2}, session=2, timestamp=2018-06-11 10:08:17,812}, time=2018-06-11 10:08:17,812, operation=DefaultOperationId{id=write, type=COMMAND}, value=byte[]{length=17, hash=1297078671}}
10:08:17.930 [raft-server-1] TRACE i.a.p.raft.roles.LeaderAppender - RaftServer{1} - Received AppendResponse{status=OK, term=1, succeeded=true, lastLogIndex=109} from 2
10:08:17.930 [raft-server-1] TRACE i.a.p.raft.roles.LeaderAppender - RaftServer{1} - Sending AppendRequest{term=1, leader=1, prevLogIndex=109, prevLogTerm=1, entries=1, commitIndex=110} to 2
10:08:17.930 [raft-server-2] TRACE i.a.p.raft.roles.FollowerRole - RaftServer{2}{role=FOLLOWER} - Received AppendRequest{term=1, leader=1, prevLogIndex=109, prevLogTerm=1, entries=1, commitIndex=110}
10:08:17.930 [raft-server-1-state] TRACE i.a.p.raft.impl.RaftServiceManager - RaftServer{1} - Applying Indexed{index=110, entry=CommandEntry{term=1, timestamp=2018-06-11 10:08:17,879, session=2, sequence=97, operation=PrimitiveOperation{id=DefaultOperationId{id=write, type=COMMAND}, value=byte[]{length=17, hash=1297078671}}}}
10:08:17.930 [raft-server-2] TRACE i.a.p.raft.roles.FollowerRole - RaftServer{2}{role=FOLLOWER} - Appended Indexed{index=110, entry=CommandEntry{term=1, timestamp=2018-06-11 10:08:17,879, session=2, sequence=97, operation=PrimitiveOperation{id=DefaultOperationId{id=write, type=COMMAND}, value=byte[]{length=17, hash=1297078671}}}}
10:08:17.930 [raft-server-1-state] TRACE i.a.p.s.impl.DefaultServiceExecutor - PrimitiveService{2}{type=io.atomix.protocols.raft.RaftTest$TestPrimitiveType@5051ea1e, name=raft-test} - Executing DefaultCommit{index=110, session=RaftSession{RaftServiceContext{server=1, type=io.atomix.protocols.raft.RaftTest$TestPrimitiveType@5051ea1e, name=raft-test, id=2}, session=2, timestamp=2018-06-11 10:08:17,879}, time=2018-06-11 10:08:17,879, operation=DefaultOperationId{id=write, type=COMMAND}, value=byte[]{length=17, hash=1297078671}}
10:08:17.930 [raft-server-1-state] TRACE i.a.protocols.raft.roles.LeaderRole - RaftServer{1}{role=LEADER} - Sending CommandResponse{status=OK, index=110, eventIndex=2, result=byte[]{length=3, hash=37325}}
10:08:17.930 [raft-client-995c025b-ba21-4dd3-828a-0c3e52b0447e-6] TRACE i.a.p.r.s.impl.RaftSessionConnection - SessionClient{2}{type=io.atomix.protocols.raft.RaftTest$TestPrimitiveType@6b321262, name=raft-test} - Received CommandResponse{status=OK, index=110, eventIndex=2, result=byte[]{length=3, hash=37325}} from 1
10:08:17.930 [raft-client-995c025b-ba21-4dd3-828a-0c3e52b0447e-6] TRACE i.a.p.r.s.impl.RaftSessionSequencer - SessionClient{2}{type=io.atomix.protocols.raft.RaftTest$TestPrimitiveType@6b321262, name=raft-test} - Completing response CommandResponse{status=OK, index=110, eventIndex=2, result=byte[]{length=3, hash=37325}}
10:08:17.931 [raft-client-995c025b-ba21-4dd3-828a-0c3e52b0447e-7] TRACE i.a.p.r.s.impl.RaftSessionConnection - SessionClient{2}{type=io.atomix.protocols.raft.RaftTest$TestPrimitiveType@6b321262, name=raft-test} - Sending CommandRequest{session=2, sequence=98, operation=PrimitiveOperation{id=DefaultOperationId{id=write, type=COMMAND}, value=byte[]{length=17, hash=1297078671}}} to 1
10:08:17.931 [raft-server-1] TRACE i.a.protocols.raft.roles.LeaderRole - RaftServer{1}{role=LEADER} - Received CommandRequest{session=2, sequence=98, operation=PrimitiveOperation{id=DefaultOperationId{id=write, type=COMMAND}, value=byte[]{length=17, hash=1297078671}}}
10:08:17.961 [raft-server-2] TRACE i.a.p.raft.roles.FollowerRole - RaftServer{2}{role=FOLLOWER} - Committed entries up to index 110
10:08:17.961 [raft-server-2] TRACE i.a.p.raft.roles.FollowerRole - RaftServer{2}{role=FOLLOWER} - Sending AppendResponse{status=OK, term=1, succeeded=true, lastLogIndex=110}
10:08:17.961 [raft-server-2-state] TRACE i.a.p.raft.impl.RaftServiceManager - RaftServer{2} - Applying Indexed{index=110, entry=CommandEntry{term=1, timestamp=2018-06-11 10:08:17,879, session=2, sequence=97, operation=PrimitiveOperation{id=DefaultOperationId{id=write, type=COMMAND}, value=byte[]{length=17, hash=1297078671}}}}
10:08:17.961 [raft-server-2-state] TRACE i.a.p.s.impl.DefaultServiceExecutor - PrimitiveService{2}{type=io.atomix.protocols.raft.RaftTest$TestPrimitiveType@25c42b8f, name=raft-test} - Executing DefaultCommit{index=110, session=RaftSession{RaftServiceContext{server=2, type=io.atomix.protocols.raft.RaftTest$TestPrimitiveType@25c42b8f, name=raft-test, id=2}, session=2, timestamp=2018-06-11 10:08:17,879}, time=2018-06-11 10:08:17,879, operation=DefaultOperationId{id=write, type=COMMAND}, value=byte[]{length=17, hash=1297078671}}
10:08:18.011 [raft-server-1] DEBUG i.a.storage.journal.SegmentedJournal - Created disk segment: JournalSegment{id=12, version=1, index=111, size=64}
10:08:18.011 [raft-server-1] TRACE i.a.protocols.raft.roles.LeaderRole - RaftServer{1}{role=LEADER} - Appended Indexed{index=111, entry=CommandEntry{term=1, timestamp=2018-06-11 10:08:17,931, session=2, sequence=98, operation=PrimitiveOperation{id=DefaultOperationId{id=write, type=COMMAND}, value=byte[]{length=17, hash=1297078671}}}}
10:08:18.011 [raft-server-1] TRACE i.a.p.raft.roles.LeaderAppender - RaftServer{1} - Received AppendResponse{status=OK, term=1, succeeded=true, lastLogIndex=110} from 2
10:08:18.011 [raft-server-1] TRACE i.a.p.raft.roles.LeaderAppender - RaftServer{1} - Sending AppendRequest{term=1, leader=1, prevLogIndex=110, prevLogTerm=1, entries=1, commitIndex=110} to 2
10:08:18.012 [raft-server-2] TRACE i.a.p.raft.roles.FollowerRole - RaftServer{2}{role=FOLLOWER} - Received AppendRequest{term=1, leader=1, prevLogIndex=110, prevLogTerm=1, entries=1, commitIndex=110}
10:08:18.012 [raft-server-1] TRACE i.a.p.raft.roles.LeaderAppender - RaftServer{1} - Sending AppendRequest{term=1, leader=1, prevLogIndex=110, prevLogTerm=1, entries=1, commitIndex=110} to 3
10:08:18.012 [raft-server-3] TRACE i.a.p.raft.roles.FollowerRole - RaftServer{3}{role=FOLLOWER} - Received AppendRequest{term=1, leader=1, prevLogIndex=110, prevLogTerm=1, entries=1, commitIndex=110}
10:08:18.128 [raft-server-2] DEBUG i.a.storage.journal.SegmentedJournal - Created disk segment: JournalSegment{id=12, version=1, index=111, size=64}
10:08:18.128 [raft-server-2] TRACE i.a.p.raft.roles.FollowerRole - RaftServer{2}{role=FOLLOWER} - Appended Indexed{index=111, entry=CommandEntry{term=1, timestamp=2018-06-11 10:08:17,931, session=2, sequence=98, operation=PrimitiveOperation{id=DefaultOperationId{id=write, type=COMMAND}, value=byte[]{length=17, hash=1297078671}}}}
10:08:18.128 [raft-server-2] TRACE i.a.p.raft.roles.FollowerRole - RaftServer{2}{role=FOLLOWER} - Sending AppendResponse{status=OK, term=1, succeeded=true, lastLogIndex=111}
10:08:18.128 [raft-server-1] TRACE i.a.p.raft.roles.LeaderAppender - RaftServer{1} - Received AppendResponse{status=OK, term=1, succeeded=true, lastLogIndex=111} from 2
10:08:18.128 [raft-server-1] TRACE i.a.p.raft.roles.LeaderAppender - RaftServer{1} - Committed entries up to 111
10:08:18.138 [raft-client-995c025b-ba21-4dd3-828a-0c3e52b0447e-6] TRACE i.a.p.r.s.impl.RaftSessionManager - RaftClient{995c025b-ba21-4dd3-828a-0c3e52b0447e} - Keeping 1 sessions alive
10:08:18.139 [raft-client-995c025b-ba21-4dd3-828a-0c3e52b0447e-6] TRACE i.a.p.r.s.impl.RaftSessionConnection - RaftClient{995c025b-ba21-4dd3-828a-0c3e52b0447e} - Sending KeepAliveRequest{sessionIds=long[]{length=1, hash=33}, commandSequences=long[]{length=1, hash=128}, eventIndexes=long[]{length=1, hash=33}} to 1
10:08:18.161 [raft-server-3] DEBUG i.a.storage.journal.SegmentedJournal - Created disk segment: JournalSegment{id=12, version=1, index=111, size=64}
10:08:18.161 [raft-server-3] TRACE i.a.p.raft.roles.FollowerRole - RaftServer{3}{role=FOLLOWER} - Appended Indexed{index=111, entry=CommandEntry{term=1, timestamp=2018-06-11 10:08:17,931, session=2, sequence=98, operation=PrimitiveOperation{id=DefaultOperationId{id=write, type=COMMAND}, value=byte[]{length=17, hash=1297078671}}}}
10:08:18.194 [raft-server-1] TRACE i.a.p.raft.roles.LeaderAppender - RaftServer{1} - Sending AppendRequest{term=1, leader=1, prevLogIndex=111, prevLogTerm=1, entries=0, commitIndex=111} to 2
10:08:18.195 [raft-server-2] TRACE i.a.p.raft.roles.FollowerRole - RaftServer{2}{role=FOLLOWER} - Received AppendRequest{term=1, leader=1, prevLogIndex=111, prevLogTerm=1, entries=0, commitIndex=111}
10:08:18.195 [raft-server-1] TRACE i.a.protocols.raft.roles.LeaderRole - RaftServer{1}{role=LEADER} - Received KeepAliveRequest{sessionIds=long[]{length=1, hash=33}, commandSequences=long[]{length=1, hash=128}, eventIndexes=long[]{length=1, hash=33}}
10:08:18.195 [raft-server-1] TRACE i.a.protocols.raft.roles.LeaderRole - RaftServer{1}{role=LEADER} - Appended Indexed{index=112, entry=KeepAliveEntry{term=1, timestamp=2018-06-11 10:08:18,195, sessionIds=long[]{length=1, hash=33}, commandSequences=long[]{length=1, hash=128}, eventIndexes=long[]{length=1, hash=33}}}
10:08:18.195 [raft-server-1] INFO  i.a.protocols.raft.impl.RaftContext - RaftServer{1} - Transitioning to INACTIVE
10:08:18.195 [raft-server-1] TRACE i.a.protocols.raft.roles.LeaderRole - RaftServer{1}{role=LEADER} - Cancelling append timer
10:08:18.195 [raft-server-1] TRACE i.a.p.raft.storage.system.MetaStore - Store vote null
10:08:18.236 [raft-server-3] TRACE i.a.p.raft.roles.FollowerRole - RaftServer{3}{role=FOLLOWER} - Committed entries up to index 110
10:08:18.236 [raft-server-3] TRACE i.a.p.raft.roles.FollowerRole - RaftServer{3}{role=FOLLOWER} - Sending AppendResponse{status=OK, term=1, succeeded=true, lastLogIndex=111}
10:08:18.236 [raft-server-3-state] TRACE i.a.p.raft.impl.RaftServiceManager - RaftServer{3} - Applying Indexed{index=110, entry=CommandEntry{term=1, timestamp=2018-06-11 10:08:17,879, session=2, sequence=97, operation=PrimitiveOperation{id=DefaultOperationId{id=write, type=COMMAND}, value=byte[]{length=17, hash=1297078671}}}}
10:08:18.236 [raft-server-3-state] TRACE i.a.p.s.impl.DefaultServiceExecutor - PrimitiveService{2}{type=io.atomix.protocols.raft.RaftTest$TestPrimitiveType@5b77a59f, name=raft-test} - Executing DefaultCommit{index=110, session=RaftSession{RaftServiceContext{server=3, type=io.atomix.protocols.raft.RaftTest$TestPrimitiveType@5b77a59f, name=raft-test, id=2}, session=2, timestamp=2018-06-11 10:08:17,879}, time=2018-06-11 10:08:17,879, operation=DefaultOperationId{id=write, type=COMMAND}, value=byte[]{length=17, hash=1297078671}}
10:08:18.294 [raft-server-2] TRACE i.a.p.raft.roles.FollowerRole - RaftServer{2}{role=FOLLOWER} - Committed entries up to index 111
10:08:18.295 [ForkJoinPool.commonPool-worker-3] DEBUG i.a.storage.journal.SegmentedJournal - Closing segment: JournalSegment{id=1, version=1, index=1, size=505}
10:08:18.295 [raft-server-1-state] TRACE i.a.p.raft.impl.RaftServiceManager - RaftServer{1} - Applying Indexed{index=111, entry=CommandEntry{term=1, timestamp=2018-06-11 10:08:17,931, session=2, sequence=98, operation=PrimitiveOperation{id=DefaultOperationId{id=write, type=COMMAND}, value=byte[]{length=17, hash=1297078671}}}}
10:08:18.295 [raft-server-2] TRACE i.a.p.raft.roles.FollowerRole - RaftServer{2}{role=FOLLOWER} - Sending AppendResponse{status=OK, term=1, succeeded=true, lastLogIndex=111}
10:08:18.295 [ForkJoinPool.commonPool-worker-3] DEBUG i.a.storage.journal.SegmentedJournal - Closing segment: JournalSegment{id=2, version=1, index=11, size=574}
10:08:18.295 [raft-server-1-state] TRACE i.a.p.s.impl.DefaultServiceExecutor - PrimitiveService{2}{type=io.atomix.protocols.raft.RaftTest$TestPrimitiveType@5051ea1e, name=raft-test} - Executing DefaultCommit{index=111, session=RaftSession{RaftServiceContext{server=1, type=io.atomix.protocols.raft.RaftTest$TestPrimitiveType@5051ea1e, name=raft-test, id=2}, session=2, timestamp=2018-06-11 10:08:17,931}, time=2018-06-11 10:08:17,931, operation=DefaultOperationId{id=write, type=COMMAND}, value=byte[]{length=17, hash=1297078671}}
10:08:18.295 [raft-server-2-state] TRACE i.a.p.raft.impl.RaftServiceManager - RaftServer{2} - Applying Indexed{index=111, entry=CommandEntry{term=1, timestamp=2018-06-11 10:08:17,931, session=2, sequence=98, operation=PrimitiveOperation{id=DefaultOperationId{id=write, type=COMMAND}, value=byte[]{length=17, hash=1297078671}}}}
10:08:18.295 [ForkJoinPool.commonPool-worker-3] DEBUG i.a.storage.journal.SegmentedJournal - Closing segment: JournalSegment{id=3, version=1, index=21, size=549}
10:08:18.295 [raft-server-2-state] TRACE i.a.p.s.impl.DefaultServiceExecutor - PrimitiveService{2}{type=io.atomix.protocols.raft.RaftTest$TestPrimitiveType@25c42b8f, name=raft-test} - Executing DefaultCommit{index=111, session=RaftSession{RaftServiceContext{server=2, type=io.atomix.protocols.raft.RaftTest$TestPrimitiveType@25c42b8f, name=raft-test, id=2}, session=2, timestamp=2018-06-11 10:08:17,931}, time=2018-06-11 10:08:17,931, operation=DefaultOperationId{id=write, type=COMMAND}, value=byte[]{length=17, hash=1297078671}}
10:08:18.295 [raft-server-1-state] TRACE i.a.protocols.raft.roles.LeaderRole - RaftServer{1}{role=LEADER} - Sending CommandResponse{status=OK, index=111, eventIndex=2, result=byte[]{length=3, hash=37387}}
10:08:18.295 [ForkJoinPool.commonPool-worker-3] DEBUG i.a.storage.journal.SegmentedJournal - Closing segment: JournalSegment{id=4, version=1, index=31, size=574}
10:08:18.295 [ForkJoinPool.commonPool-worker-3] DEBUG i.a.storage.journal.SegmentedJournal - Closing segment: JournalSegment{id=5, version=1, index=41, size=524}
10:08:18.296 [ForkJoinPool.commonPool-worker-3] DEBUG i.a.storage.journal.SegmentedJournal - Closing segment: JournalSegment{id=6, version=1, index=51, size=549}
10:08:18.296 [ForkJoinPool.commonPool-worker-3] DEBUG i.a.storage.journal.SegmentedJournal - Closing segment: JournalSegment{id=7, version=1, index=61, size=574}
10:08:18.296 [ForkJoinPool.commonPool-worker-3] DEBUG i.a.storage.journal.SegmentedJournal - Closing segment: JournalSegment{id=8, version=1, index=71, size=529}
10:08:18.296 [ForkJoinPool.commonPool-worker-3] DEBUG i.a.storage.journal.SegmentedJournal - Closing segment: JournalSegment{id=9, version=1, index=81, size=559}
10:08:18.296 [ForkJoinPool.commonPool-worker-3] DEBUG i.a.storage.journal.SegmentedJournal - Closing segment: JournalSegment{id=10, version=1, index=91, size=584}
10:08:18.296 [ForkJoinPool.commonPool-worker-3] DEBUG i.a.storage.journal.SegmentedJournal - Closing segment: JournalSegment{id=11, version=1, index=101, size=584}
10:08:18.296 [ForkJoinPool.commonPool-worker-3] DEBUG i.a.storage.journal.SegmentedJournal - Closing segment: JournalSegment{id=12, version=1, index=111, size=143}
10:08:18.297 [raft-server-2] INFO  i.a.protocols.raft.impl.RaftContext - RaftServer{2} - Transitioning to INACTIVE
10:08:18.297 [raft-server-2] TRACE i.a.p.raft.roles.FollowerRole - RaftServer{2}{role=FOLLOWER} - Cancelling heartbeat timer
10:08:18.297 [ForkJoinPool.commonPool-worker-3] DEBUG i.a.storage.journal.SegmentedJournal - Closing segment: JournalSegment{id=1, version=1, index=1, size=505}
10:08:18.297 [ForkJoinPool.commonPool-worker-3] DEBUG i.a.storage.journal.SegmentedJournal - Closing segment: JournalSegment{id=2, version=1, index=11, size=574}
10:08:18.298 [ForkJoinPool.commonPool-worker-3] DEBUG i.a.storage.journal.SegmentedJournal - Closing segment: JournalSegment{id=3, version=1, index=21, size=549}
10:08:18.298 [ForkJoinPool.commonPool-worker-3] DEBUG i.a.storage.journal.SegmentedJournal - Closing segment: JournalSegment{id=4, version=1, index=31, size=574}
10:08:18.298 [ForkJoinPool.commonPool-worker-3] DEBUG i.a.storage.journal.SegmentedJournal - Closing segment: JournalSegment{id=5, version=1, index=41, size=524}
10:08:18.298 [ForkJoinPool.commonPool-worker-3] DEBUG i.a.storage.journal.SegmentedJournal - Closing segment: JournalSegment{id=6, version=1, index=51, size=549}
10:08:18.298 [ForkJoinPool.commonPool-worker-3] DEBUG i.a.storage.journal.SegmentedJournal - Closing segment: JournalSegment{id=7, version=1, index=61, size=574}
10:08:18.298 [ForkJoinPool.commonPool-worker-3] DEBUG i.a.storage.journal.SegmentedJournal - Closing segment: JournalSegment{id=8, version=1, index=71, size=529}
10:08:18.298 [ForkJoinPool.commonPool-worker-3] DEBUG i.a.storage.journal.SegmentedJournal - Closing segment: JournalSegment{id=9, version=1, index=81, size=559}
10:08:18.298 [ForkJoinPool.commonPool-worker-3] DEBUG i.a.storage.journal.SegmentedJournal - Closing segment: JournalSegment{id=10, version=1, index=91, size=584}
10:08:18.298 [ForkJoinPool.commonPool-worker-3] DEBUG i.a.storage.journal.SegmentedJournal - Closing segment: JournalSegment{id=11, version=1, index=101, size=584}
10:08:18.298 [ForkJoinPool.commonPool-worker-3] DEBUG i.a.storage.journal.SegmentedJournal - Closing segment: JournalSegment{id=12, version=1, index=111, size=116}
10:08:18.299 [raft-server-3] INFO  i.a.protocols.raft.impl.RaftContext - RaftServer{3} - Transitioning to INACTIVE
10:08:18.299 [raft-server-3] TRACE i.a.p.raft.roles.FollowerRole - RaftServer{3}{role=FOLLOWER} - Cancelling heartbeat timer
10:08:18.299 [ForkJoinPool.commonPool-worker-3] DEBUG i.a.storage.journal.SegmentedJournal - Closing segment: JournalSegment{id=1, version=1, index=1, size=505}
10:08:18.299 [ForkJoinPool.commonPool-worker-3] DEBUG i.a.storage.journal.SegmentedJournal - Closing segment: JournalSegment{id=2, version=1, index=11, size=574}
10:08:18.299 [ForkJoinPool.commonPool-worker-3] DEBUG i.a.storage.journal.SegmentedJournal - Closing segment: JournalSegment{id=3, version=1, index=21, size=549}
10:08:18.300 [ForkJoinPool.commonPool-worker-3] DEBUG i.a.storage.journal.SegmentedJournal - Closing segment: JournalSegment{id=4, version=1, index=31, size=574}
10:08:18.300 [ForkJoinPool.commonPool-worker-3] DEBUG i.a.storage.journal.SegmentedJournal - Closing segment: JournalSegment{id=5, version=1, index=41, size=524}
10:08:18.300 [ForkJoinPool.commonPool-worker-3] DEBUG i.a.storage.journal.SegmentedJournal - Closing segment: JournalSegment{id=6, version=1, index=51, size=549}
10:08:18.300 [ForkJoinPool.commonPool-worker-3] DEBUG i.a.storage.journal.SegmentedJournal - Closing segment: JournalSegment{id=7, version=1, index=61, size=574}
10:08:18.300 [ForkJoinPool.commonPool-worker-3] DEBUG i.a.storage.journal.SegmentedJournal - Closing segment: JournalSegment{id=8, version=1, index=71, size=529}
10:08:18.300 [ForkJoinPool.commonPool-worker-3] DEBUG i.a.storage.journal.SegmentedJournal - Closing segment: JournalSegment{id=9, version=1, index=81, size=559}
10:08:18.300 [ForkJoinPool.commonPool-worker-3] DEBUG i.a.storage.journal.SegmentedJournal - Closing segment: JournalSegment{id=10, version=1, index=91, size=584}
10:08:18.300 [ForkJoinPool.commonPool-worker-3] DEBUG i.a.storage.journal.SegmentedJournal - Closing segment: JournalSegment{id=11, version=1, index=101, size=584}
10:08:18.300 [ForkJoinPool.commonPool-worker-3] DEBUG i.a.storage.journal.SegmentedJournal - Closing segment: JournalSegment{id=12, version=1, index=111, size=116}
]]></system-out>
  </testcase>
  <testcase name="testThreeNodeSubmitQueryWithSequentialConsistency" classname="io.atomix.protocols.raft.RaftTest" time="3.22"/>
  <testcase name="testFiveNodeSubmitQueryWithBoundedLinearizableConsistency" classname="io.atomix.protocols.raft.RaftTest" time="3.24"/>
  <testcase name="testTwoNodeSubmitQueryWithBoundedLinearizableConsistency" classname="io.atomix.protocols.raft.RaftTest" time="3.373"/>
  <testcase name="testThreeOfFiveNodeSubmitCommand" classname="io.atomix.protocols.raft.RaftTest" time="2.309"/>
  <testcase name="testTwoNodeSubmitQueryWithSequentialConsistency" classname="io.atomix.protocols.raft.RaftTest" time="2.223"/>
  <testcase name="testActiveJoinEvent" classname="io.atomix.protocols.raft.RaftTest" time="3.959"/>
  <testcase name="testOneNodeSubmitCommand" classname="io.atomix.protocols.raft.RaftTest" time="1.697"/>
  <testcase name="testFourNodeSubmitCommand" classname="io.atomix.protocols.raft.RaftTest" time="2.812"/>
  <testcase name="testTwoNodeSequentialEvent" classname="io.atomix.protocols.raft.RaftTest" time="2.204"/>
  <testcase name="testThreeNodeCloseEvent" classname="io.atomix.protocols.raft.RaftTest" time="3.983"/>
  <testcase name="testFourNodeSubmitQueryWithBoundedLinearizableConsistency" classname="io.atomix.protocols.raft.RaftTest" time="2.424"/>
  <testcase name="testFiveNodeSubmitQueryWithLinearizableConsistency" classname="io.atomix.protocols.raft.RaftTest" time="2.858"/>
  <testcase name="testSequenceSequentialOperations" classname="io.atomix.protocols.raft.RaftTest" time="3.181"/>
  <testcase name="testSingleMemberStart" classname="io.atomix.protocols.raft.RaftTest" time="3.705"/>
  <testcase name="testThreeNodeEvents" classname="io.atomix.protocols.raft.RaftTest" time="2.617"/>
  <testcase name="testSequenceLinearizableOperations" classname="io.atomix.protocols.raft.RaftTest" time="2.99"/>
  <testcase name="testThreeNodeSubmitQueryWithLinearizableConsistency" classname="io.atomix.protocols.raft.RaftTest" time="2.43"/>
  <testcase name="testFiveNodeManyEvents" classname="io.atomix.protocols.raft.RaftTest" time="3.695"/>
  <testcase name="testOneNodeSubmitQueryWithBoundedLinearizableConsistency" classname="io.atomix.protocols.raft.RaftTest" time="1.859"/>
  <testcase name="testFiveNodeExpireEvent" classname="io.atomix.protocols.raft.RaftTest" time="10.368"/>
  <testcase name="testFiveNodeSubmitQueryWithSequentialConsistency" classname="io.atomix.protocols.raft.RaftTest" time="3.065"/>
  <testcase name="testTransferLeadership" classname="io.atomix.protocols.raft.RaftTest" time="3.067">
    <skipped/>
  </testcase>
  <testcase name="testTwoNodeSubmitQueryWithLinearizableConsistency" classname="io.atomix.protocols.raft.RaftTest" time="2.079"/>
  <testcase name="testThreeNodeSequentialEvent" classname="io.atomix.protocols.raft.RaftTest" time="2.87"/>
  <testcase name="testTwoNodeEvents" classname="io.atomix.protocols.raft.RaftTest" time="4.496"/>
  <testcase name="testActiveJoin" classname="io.atomix.protocols.raft.RaftTest" time="5.976"/>
  <testcase name="testPassiveJoinLate" classname="io.atomix.protocols.raft.RaftTest" time="17.928"/>
  <testcase name="testPassiveJoin" classname="io.atomix.protocols.raft.RaftTest" time="2.802"/>
  <testcase name="testFiveNodesManyEventsAfterLeaderShutdown" classname="io.atomix.protocols.raft.RaftTest" time="5.676"/>
  <testcase name="testFiveNodeSubmitCommand" classname="io.atomix.protocols.raft.RaftTest" time="3.454"/>
  <testcase name="testOneNodeExpireEvent" classname="io.atomix.protocols.raft.RaftTest" time="9.054"/>
  <testcase name="testFiveNodesEventsAfterLeaderKill" classname="io.atomix.protocols.raft.RaftTest" time="7.02"/>
  <testcase name="testTwoNodeSubmitCommand" classname="io.atomix.protocols.raft.RaftTest" time="3.561"/>
  <testcase name="testThreeNodeExpireEvent" classname="io.atomix.protocols.raft.RaftTest" time="10.199"/>
  <testcase name="testResize" classname="io.atomix.protocols.raft.RaftTest" time="2.066"/>
  <testcase name="testFiveNodeCloseEvent" classname="io.atomix.protocols.raft.RaftTest" time="4.126"/>
  <testcase name="testOneNodeSubmitQueryWithLinearizableConsistency" classname="io.atomix.protocols.raft.RaftTest" time="2.28"/>
  <testcase name="testThreeNodeSubmitQueryWithBoundedLinearizableConsistency" classname="io.atomix.protocols.raft.RaftTest" time="3.242"/>
  <testcase name="testLeaderLeave" classname="io.atomix.protocols.raft.RaftTest" time="3.549"/>
  <testcase name="testFiveNodesEventsAfterFollowerKill" classname="io.atomix.protocols.raft.RaftTest" time="8.905"/>
  <testcase name="testThreeNodesEventsAfterFollowerKill" classname="io.atomix.protocols.raft.RaftTest" time="4.112"/>
  <testcase name="testFiveNodeEvents" classname="io.atomix.protocols.raft.RaftTest" time="4.125"/>
</testsuite>