<?xml version="1.0" encoding="UTF-8"?>
<testsuite name="io.atomix.protocols.raft.RaftTest" time="260.749" tests="65" errors="0" skipped="1" failures="1">
  <properties>
    <property name="java.runtime.name" value="OpenJDK Runtime Environment"/>
    <property name="sun.boot.library.path" value="/usr/lib/jvm/java-8-openjdk-amd64/jre/lib/amd64"/>
    <property name="java.vm.version" value="25.121-b13"/>
    <property name="java.vm.vendor" value="Oracle Corporation"/>
    <property name="maven.multiModuleProjectDirectory" value="/root/workspace/atomix/atomix/385585770"/>
    <property name="java.vendor.url" value="http://java.oracle.com/"/>
    <property name="path.separator" value=":"/>
    <property name="guice.disable.misplaced.annotation.check" value="true"/>
    <property name="skip.gulp" value="true"/>
    <property name="java.vm.name" value="OpenJDK 64-Bit Server VM"/>
    <property name="file.encoding.pkg" value="sun.io"/>
    <property name="sun.java.launcher" value="SUN_STANDARD"/>
    <property name="sun.os.patch.level" value="unknown"/>
    <property name="findbugs.skip" value="true"/>
    <property name="java.vm.specification.name" value="Java Virtual Machine Specification"/>
    <property name="user.dir" value="/root/workspace/atomix/atomix/385585770"/>
    <property name="checkstyle.skip" value="true"/>
    <property name="java.runtime.version" value="1.8.0_121-8u121-b13-1~bpo8+1-b13"/>
    <property name="java.awt.graphicsenv" value="sun.awt.X11GraphicsEnvironment"/>
    <property name="skip.npm" value="true"/>
    <property name="java.endorsed.dirs" value="/usr/lib/jvm/java-8-openjdk-amd64/jre/lib/endorsed"/>
    <property name="os.arch" value="amd64"/>
    <property name="java.io.tmpdir" value="/tmp"/>
    <property name="gpg.skip" value="true"/>
    <property name="line.separator" value="&#10;"/>
    <property name="java.vm.specification.vendor" value="Oracle Corporation"/>
    <property name="cobertura.skip" value="true"/>
    <property name="os.name" value="Linux"/>
    <property name="classworlds.conf" value="/usr/share/maven/bin/m2.conf"/>
    <property name="sun.jnu.encoding" value="UTF-8"/>
    <property name="java.library.path" value="/usr/java/packages/lib/amd64:/usr/lib/x86_64-linux-gnu/jni:/lib/x86_64-linux-gnu:/usr/lib/x86_64-linux-gnu:/usr/lib/jni:/lib:/usr/lib"/>
    <property name="license.skip" value="true"/>
    <property name="java.specification.name" value="Java Platform API Specification"/>
    <property name="java.class.version" value="52.0"/>
    <property name="sun.management.compiler" value="HotSpot 64-Bit Tiered Compilers"/>
    <property name="skip.bower" value="true"/>
    <property name="maven.repo.local" value="/root/./workspace/atomix/atomix/385585770/.m2"/>
    <property name="os.version" value="3.10.0-862.3.2.el7.x86_64"/>
    <property name="user.home" value="/root"/>
    <property name="user.timezone" value="Europe/Paris"/>
    <property name="java.awt.printerjob" value="sun.print.PSPrinterJob"/>
    <property name="java.specification.version" value="1.8"/>
    <property name="file.encoding" value="UTF-8"/>
    <property name="user.name" value="root"/>
    <property name="java.class.path" value="/usr/share/maven/boot/plexus-classworlds-2.5.2.jar"/>
    <property name="skipITs" value="true"/>
    <property name="java.vm.specification.version" value="1.8"/>
    <property name="sun.arch.data.model" value="64"/>
    <property name="java.home" value="/usr/lib/jvm/java-8-openjdk-amd64/jre"/>
    <property name="sun.java.command" value="org.codehaus.plexus.classworlds.launcher.Launcher -B -D enforcer.skip=true -D dependency-check.skip=true -D skipITs=true -D cobertura.skip=true -D maven.repo.local=/root/./workspace/atomix/atomix/385585770/.m2 -D rat.skip=true -D findbugs.skip=true -D skip.bower=true -D gpg.skip=true -D checkstyle.skip=true -D skip.gulp=true -D license.skip=true -D skip.npm=true test"/>
    <property name="java.specification.vendor" value="Oracle Corporation"/>
    <property name="user.language" value="en"/>
    <property name="awt.toolkit" value="sun.awt.X11.XToolkit"/>
    <property name="dependency-check.skip" value="true"/>
    <property name="java.vm.info" value="mixed mode"/>
    <property name="java.version" value="1.8.0_121"/>
    <property name="java.ext.dirs" value="/usr/lib/jvm/java-8-openjdk-amd64/jre/lib/ext:/usr/java/packages/lib/ext"/>
    <property name="securerandom.source" value="file:/dev/./urandom"/>
    <property name="sun.boot.class.path" value="/usr/lib/jvm/java-8-openjdk-amd64/jre/lib/resources.jar:/usr/lib/jvm/java-8-openjdk-amd64/jre/lib/rt.jar:/usr/lib/jvm/java-8-openjdk-amd64/jre/lib/sunrsasign.jar:/usr/lib/jvm/java-8-openjdk-amd64/jre/lib/jsse.jar:/usr/lib/jvm/java-8-openjdk-amd64/jre/lib/jce.jar:/usr/lib/jvm/java-8-openjdk-amd64/jre/lib/charsets.jar:/usr/lib/jvm/java-8-openjdk-amd64/jre/lib/jfr.jar:/usr/lib/jvm/java-8-openjdk-amd64/jre/classes"/>
    <property name="java.vendor" value="Oracle Corporation"/>
    <property name="enforcer.skip" value="true"/>
    <property name="rat.skip" value="true"/>
    <property name="maven.home" value="/usr/share/maven"/>
    <property name="file.separator" value="/"/>
    <property name="java.vendor.url.bug" value="http://bugreport.sun.com/bugreport/"/>
    <property name="sun.cpu.endian" value="little"/>
    <property name="sun.io.unicode.encoding" value="UnicodeLittle"/>
    <property name="sun.cpu.isalist" value=""/>
  </properties>
  <testcase name="testFourNodeSequentialEvent" classname="io.atomix.protocols.raft.RaftTest" time="2.204"/>
  <testcase name="testCrashRecover" classname="io.atomix.protocols.raft.RaftTest" time="34.222">
    <failure message="expected:&lt;null&gt; but was:&lt;java.util.concurrent.CompletionException: io.atomix.primitive.PrimitiveException$ClosedSession: session closed&gt;" type="java.lang.AssertionError"><![CDATA[java.lang.AssertionError: expected:<null> but was:<java.util.concurrent.CompletionException: io.atomix.primitive.PrimitiveException$ClosedSession: session closed>
	at net.jodah.concurrentunit.Waiter.fail(Waiter.java:205)
	at net.jodah.concurrentunit.Waiter.assertNull(Waiter.java:70)
	at net.jodah.concurrentunit.ConcurrentTestCase.threadAssertNull(ConcurrentTestCase.java:41)
	at io.atomix.protocols.raft.RaftTest.lambda$submit$1(RaftTest.java:220)
]]></failure>
    <system-out><![CDATA[11:13:30.743 [main] DEBUG i.a.storage.journal.SegmentedJournal - Created disk segment: JournalSegment{id=1, version=1, index=1, size=64}
11:13:30.744 [main] TRACE i.a.p.raft.storage.system.MetaStore - Store configuration Configuration{index=0, time=2018-05-30 11:13:30,744, members=[DefaultRaftMember{id=1, type=ACTIVE, updated=2018-05-30T09:13:30.744Z}, DefaultRaftMember{id=2, type=ACTIVE, updated=2018-05-30T09:13:30.744Z}, DefaultRaftMember{id=3, type=ACTIVE, updated=2018-05-30T09:13:30.744Z}]}
11:13:30.768 [raft-server-1] INFO  i.a.protocols.raft.impl.RaftContext - RaftServer{1} - Transitioning to FOLLOWER
11:13:30.769 [raft-server-1] DEBUG i.a.p.r.c.impl.RaftClusterContext - RaftServer{1} - Attempting to join via 2
11:13:30.769 [raft-server-1] TRACE i.a.p.r.c.impl.RaftClusterContext - RaftServer{1} - Cancelling join timeout
11:13:30.769 [raft-server-1] DEBUG i.a.p.r.c.impl.RaftClusterContext - RaftServer{1} - Failed to join 2
11:13:30.769 [raft-server-1] DEBUG i.a.p.r.c.impl.RaftClusterContext - RaftServer{1} - Attempting to join via 3
11:13:30.769 [raft-server-1] TRACE i.a.p.r.c.impl.RaftClusterContext - RaftServer{1} - Cancelling join timeout
11:13:30.769 [raft-server-1] DEBUG i.a.p.r.c.impl.RaftClusterContext - RaftServer{1} - Failed to join 3
11:13:30.769 [raft-server-1] DEBUG i.a.p.r.c.impl.RaftClusterContext - RaftServer{1} - Failed to join cluster, retrying...
11:13:30.801 [main] DEBUG i.a.storage.journal.SegmentedJournal - Created disk segment: JournalSegment{id=1, version=1, index=1, size=64}
11:13:30.803 [main] TRACE i.a.p.raft.storage.system.MetaStore - Store configuration Configuration{index=0, time=2018-05-30 11:13:30,802, members=[DefaultRaftMember{id=1, type=ACTIVE, updated=2018-05-30T09:13:30.802Z}, DefaultRaftMember{id=2, type=ACTIVE, updated=2018-05-30T09:13:30.802Z}, DefaultRaftMember{id=3, type=ACTIVE, updated=2018-05-30T09:13:30.802Z}]}
11:13:30.830 [raft-server-2] INFO  i.a.protocols.raft.impl.RaftContext - RaftServer{2} - Transitioning to FOLLOWER
11:13:30.831 [raft-server-2] DEBUG i.a.p.r.c.impl.RaftClusterContext - RaftServer{2} - Attempting to join via 1
11:13:30.831 [raft-server-1] TRACE i.a.p.raft.roles.FollowerRole - RaftServer{1}{role=FOLLOWER} - Received JoinRequest{member=DefaultRaftMember{id=2, type=ACTIVE, updated=2018-05-30T09:13:30.802Z}}
11:13:30.831 [raft-server-1] TRACE i.a.p.raft.roles.FollowerRole - RaftServer{1}{role=FOLLOWER} - Sending JoinResponse{status=ERROR, error=RaftError{type=NO_LEADER, message=null}}
11:13:30.831 [raft-server-2] TRACE i.a.p.r.c.impl.RaftClusterContext - RaftServer{2} - Cancelling join timeout
11:13:30.831 [raft-server-2] DEBUG i.a.p.r.c.impl.RaftClusterContext - RaftServer{2} - Failed to join 1
11:13:30.831 [raft-server-2] DEBUG i.a.p.r.c.impl.RaftClusterContext - RaftServer{2} - Attempting to join via 3
11:13:30.869 [raft-server-2] TRACE i.a.p.r.c.impl.RaftClusterContext - RaftServer{2} - Cancelling join timeout
11:13:30.869 [raft-server-2] DEBUG i.a.p.r.c.impl.RaftClusterContext - RaftServer{2} - Failed to join 3
11:13:30.869 [raft-server-2] DEBUG i.a.p.r.c.impl.RaftClusterContext - RaftServer{2} - Failed to join cluster, retrying...
11:13:30.905 [main] DEBUG i.a.storage.journal.SegmentedJournal - Created disk segment: JournalSegment{id=1, version=1, index=1, size=64}
11:13:30.906 [main] TRACE i.a.p.raft.storage.system.MetaStore - Store configuration Configuration{index=0, time=2018-05-30 11:13:30,905, members=[DefaultRaftMember{id=1, type=ACTIVE, updated=2018-05-30T09:13:30.905Z}, DefaultRaftMember{id=2, type=ACTIVE, updated=2018-05-30T09:13:30.905Z}, DefaultRaftMember{id=3, type=ACTIVE, updated=2018-05-30T09:13:30.905Z}]}
11:13:30.930 [raft-server-3] INFO  i.a.protocols.raft.impl.RaftContext - RaftServer{3} - Transitioning to FOLLOWER
11:13:30.931 [raft-server-3] DEBUG i.a.p.r.c.impl.RaftClusterContext - RaftServer{3} - Attempting to join via 1
11:13:30.931 [raft-server-1] TRACE i.a.p.raft.roles.FollowerRole - RaftServer{1}{role=FOLLOWER} - Received JoinRequest{member=DefaultRaftMember{id=3, type=ACTIVE, updated=2018-05-30T09:13:30.905Z}}
11:13:30.931 [raft-server-1] TRACE i.a.p.raft.roles.FollowerRole - RaftServer{1}{role=FOLLOWER} - Sending JoinResponse{status=ERROR, error=RaftError{type=NO_LEADER, message=null}}
11:13:30.932 [raft-server-3] TRACE i.a.p.r.c.impl.RaftClusterContext - RaftServer{3} - Cancelling join timeout
11:13:30.932 [raft-server-3] DEBUG i.a.p.r.c.impl.RaftClusterContext - RaftServer{3} - Failed to join 1
11:13:30.932 [raft-server-3] DEBUG i.a.p.r.c.impl.RaftClusterContext - RaftServer{3} - Attempting to join via 2
11:13:30.932 [raft-server-2] TRACE i.a.p.raft.roles.FollowerRole - RaftServer{2}{role=FOLLOWER} - Received JoinRequest{member=DefaultRaftMember{id=3, type=ACTIVE, updated=2018-05-30T09:13:30.905Z}}
11:13:30.932 [raft-server-2] TRACE i.a.p.raft.roles.FollowerRole - RaftServer{2}{role=FOLLOWER} - Sending JoinResponse{status=ERROR, error=RaftError{type=NO_LEADER, message=null}}
11:13:30.932 [raft-server-3] TRACE i.a.p.r.c.impl.RaftClusterContext - RaftServer{3} - Cancelling join timeout
11:13:30.932 [raft-server-3] DEBUG i.a.p.r.c.impl.RaftClusterContext - RaftServer{3} - Failed to join 2
11:13:30.932 [raft-server-3] DEBUG i.a.p.r.c.impl.RaftClusterContext - RaftServer{3} - Failed to join cluster, retrying...
11:13:31.596 [raft-server-1] DEBUG i.a.p.raft.roles.FollowerRole - RaftServer{1}{role=FOLLOWER} - Heartbeat timed out in PT0.827S
11:13:31.597 [raft-server-1] DEBUG i.a.p.raft.roles.FollowerRole - RaftServer{1}{role=FOLLOWER} - Polling members [DefaultRaftMember{id=2, type=ACTIVE, updated=2018-05-30T09:13:30.744Z}, DefaultRaftMember{id=3, type=ACTIVE, updated=2018-05-30T09:13:30.744Z}]
11:13:31.597 [raft-server-1] DEBUG i.a.p.raft.roles.FollowerRole - RaftServer{1}{role=FOLLOWER} - Polling DefaultRaftMember{id=2, type=ACTIVE, updated=2018-05-30T09:13:30.744Z} for next term 1
11:13:31.597 [raft-server-1] DEBUG i.a.p.raft.roles.FollowerRole - RaftServer{1}{role=FOLLOWER} - Polling DefaultRaftMember{id=3, type=ACTIVE, updated=2018-05-30T09:13:30.744Z} for next term 1
11:13:31.597 [raft-server-2] TRACE i.a.p.raft.roles.FollowerRole - RaftServer{2}{role=FOLLOWER} - Received PollRequest{term=0, candidate=1, lastLogIndex=0, lastLogTerm=0}
11:13:31.597 [raft-server-2] DEBUG i.a.p.raft.roles.FollowerRole - RaftServer{2}{role=FOLLOWER} - Accepted PollRequest{term=0, candidate=1, lastLogIndex=0, lastLogTerm=0}: candidate's log is up-to-date
11:13:31.597 [raft-server-3] TRACE i.a.p.raft.roles.FollowerRole - RaftServer{3}{role=FOLLOWER} - Received PollRequest{term=0, candidate=1, lastLogIndex=0, lastLogTerm=0}
11:13:31.597 [raft-server-2] TRACE i.a.p.raft.roles.FollowerRole - RaftServer{2}{role=FOLLOWER} - Sending PollResponse{status=OK, term=0, accepted=true}
11:13:31.597 [raft-server-3] DEBUG i.a.p.raft.roles.FollowerRole - RaftServer{3}{role=FOLLOWER} - Accepted PollRequest{term=0, candidate=1, lastLogIndex=0, lastLogTerm=0}: candidate's log is up-to-date
11:13:31.597 [raft-server-1] DEBUG i.a.p.raft.roles.FollowerRole - RaftServer{1}{role=FOLLOWER} - Received accepted poll from DefaultRaftMember{id=2, type=ACTIVE, updated=2018-05-30T09:13:30.744Z}
11:13:31.598 [raft-server-3] TRACE i.a.p.raft.roles.FollowerRole - RaftServer{3}{role=FOLLOWER} - Sending PollResponse{status=OK, term=0, accepted=true}
11:13:31.598 [raft-server-1] INFO  i.a.protocols.raft.impl.RaftContext - RaftServer{1} - Transitioning to CANDIDATE
11:13:31.598 [raft-server-1] TRACE i.a.p.raft.roles.FollowerRole - RaftServer{1}{role=FOLLOWER} - Cancelling heartbeat timer
11:13:31.598 [raft-server-1] INFO  i.a.p.raft.roles.CandidateRole - RaftServer{1}{role=CANDIDATE} - Starting election
11:13:31.598 [raft-server-1] TRACE i.a.p.raft.storage.system.MetaStore - Store term 1
11:13:31.621 [raft-server-1] TRACE i.a.p.raft.storage.system.MetaStore - Store vote null
11:13:31.647 [raft-server-1] DEBUG i.a.protocols.raft.impl.RaftContext - RaftServer{1} - Set term 1
11:13:31.647 [raft-server-1] TRACE i.a.p.raft.storage.system.MetaStore - Store vote 1
11:13:31.671 [raft-server-1] DEBUG i.a.protocols.raft.impl.RaftContext - RaftServer{1} - Voted for 1
11:13:31.672 [raft-server-1] DEBUG i.a.p.raft.roles.CandidateRole - RaftServer{1}{role=CANDIDATE} - Requesting votes for term 1
11:13:31.672 [raft-server-1] DEBUG i.a.p.raft.roles.CandidateRole - RaftServer{1}{role=CANDIDATE} - Requesting vote from DefaultRaftMember{id=2, type=ACTIVE, updated=2018-05-30T09:13:30.744Z} for term 1
11:13:31.672 [raft-server-1] DEBUG i.a.p.raft.roles.CandidateRole - RaftServer{1}{role=CANDIDATE} - Requesting vote from DefaultRaftMember{id=3, type=ACTIVE, updated=2018-05-30T09:13:30.744Z} for term 1
11:13:31.672 [raft-server-2] TRACE i.a.p.raft.roles.FollowerRole - RaftServer{2}{role=FOLLOWER} - Received VoteRequest{term=1, candidate=1, lastLogIndex=0, lastLogTerm=0}
11:13:31.672 [raft-server-3] TRACE i.a.p.raft.roles.FollowerRole - RaftServer{3}{role=FOLLOWER} - Received VoteRequest{term=1, candidate=1, lastLogIndex=0, lastLogTerm=0}
11:13:31.672 [raft-server-2] TRACE i.a.p.raft.storage.system.MetaStore - Store term 1
11:13:31.673 [raft-server-3] TRACE i.a.p.raft.storage.system.MetaStore - Store term 1
11:13:31.696 [raft-server-3] TRACE i.a.p.raft.storage.system.MetaStore - Store vote null
11:13:31.696 [raft-server-2] TRACE i.a.p.raft.storage.system.MetaStore - Store vote null
11:13:31.721 [raft-server-3] DEBUG i.a.protocols.raft.impl.RaftContext - RaftServer{3} - Set term 1
11:13:31.721 [raft-server-2] DEBUG i.a.protocols.raft.impl.RaftContext - RaftServer{2} - Set term 1
11:13:31.722 [raft-server-2] DEBUG i.a.p.raft.roles.FollowerRole - RaftServer{2}{role=FOLLOWER} - Accepted VoteRequest{term=1, candidate=1, lastLogIndex=0, lastLogTerm=0}: candidate's log is up-to-date
11:13:31.722 [raft-server-3] DEBUG i.a.p.raft.roles.FollowerRole - RaftServer{3}{role=FOLLOWER} - Accepted VoteRequest{term=1, candidate=1, lastLogIndex=0, lastLogTerm=0}: candidate's log is up-to-date
11:13:31.722 [raft-server-2] TRACE i.a.p.raft.storage.system.MetaStore - Store vote 1
11:13:31.722 [raft-server-3] TRACE i.a.p.raft.storage.system.MetaStore - Store vote 1
11:13:31.746 [raft-server-2] DEBUG i.a.protocols.raft.impl.RaftContext - RaftServer{2} - Voted for 1
11:13:31.746 [raft-server-3] DEBUG i.a.protocols.raft.impl.RaftContext - RaftServer{3} - Voted for 1
11:13:31.747 [raft-server-2] TRACE i.a.p.raft.roles.FollowerRole - RaftServer{2}{role=FOLLOWER} - Sending VoteResponse{status=OK, term=1, voted=true}
11:13:31.747 [raft-server-3] TRACE i.a.p.raft.roles.FollowerRole - RaftServer{3}{role=FOLLOWER} - Sending VoteResponse{status=OK, term=1, voted=true}
11:13:31.747 [raft-server-1] DEBUG i.a.p.raft.roles.CandidateRole - RaftServer{1}{role=CANDIDATE} - Received successful vote from DefaultRaftMember{id=2, type=ACTIVE, updated=2018-05-30T09:13:30.744Z}
11:13:31.747 [raft-server-1] INFO  i.a.protocols.raft.impl.RaftContext - RaftServer{1} - Transitioning to LEADER
11:13:31.747 [raft-server-1] DEBUG i.a.p.raft.roles.CandidateRole - RaftServer{1}{role=CANDIDATE} - Cancelling election
11:13:31.747 [raft-server-1] INFO  i.a.protocols.raft.impl.RaftContext - RaftServer{1} - Found leader 1
11:13:31.747 [raft-server-1] TRACE i.a.p.raft.storage.system.MetaStore - Store vote null
11:13:31.772 [raft-server-1] TRACE i.a.protocols.raft.roles.LeaderRole - RaftServer{1}{role=LEADER} - Appended Indexed{index=1, entry=InitializeEntry{term=1, timestamp=2018-05-30 11:13:31,747}}
11:13:31.773 [raft-server-1] DEBUG i.a.p.raft.roles.LeaderAppender - RaftServer{1} - Configuring 2
11:13:31.773 [raft-server-1] TRACE i.a.p.raft.roles.LeaderAppender - RaftServer{1} - Sending ConfigureRequest{term=1, leader=1, index=0, timestamp=1527671610744, members=[DefaultRaftMember{id=1, type=ACTIVE, updated=2018-05-30T09:13:30.744Z}, DefaultRaftMember{id=2, type=ACTIVE, updated=2018-05-30T09:13:30.744Z}, DefaultRaftMember{id=3, type=ACTIVE, updated=2018-05-30T09:13:30.744Z}]} to 2
11:13:31.773 [raft-server-1] DEBUG i.a.p.raft.roles.LeaderAppender - RaftServer{1} - Configuring 3
11:13:31.773 [raft-server-2] TRACE i.a.p.raft.roles.FollowerRole - RaftServer{2}{role=FOLLOWER} - Received ConfigureRequest{term=1, leader=1, index=0, timestamp=1527671610744, members=[DefaultRaftMember{id=1, type=ACTIVE, updated=2018-05-30T09:13:30.744Z}, DefaultRaftMember{id=2, type=ACTIVE, updated=2018-05-30T09:13:30.744Z}, DefaultRaftMember{id=3, type=ACTIVE, updated=2018-05-30T09:13:30.744Z}]}
11:13:31.773 [raft-server-2] INFO  i.a.protocols.raft.impl.RaftContext - RaftServer{2} - Found leader 1
11:13:31.773 [raft-server-2] TRACE i.a.p.raft.storage.system.MetaStore - Store vote null
11:13:31.773 [raft-server-1] TRACE i.a.p.raft.roles.LeaderAppender - RaftServer{1} - Sending ConfigureRequest{term=1, leader=1, index=0, timestamp=1527671610744, members=[DefaultRaftMember{id=1, type=ACTIVE, updated=2018-05-30T09:13:30.744Z}, DefaultRaftMember{id=2, type=ACTIVE, updated=2018-05-30T09:13:30.744Z}, DefaultRaftMember{id=3, type=ACTIVE, updated=2018-05-30T09:13:30.744Z}]} to 3
11:13:31.773 [raft-server-3] TRACE i.a.p.raft.roles.FollowerRole - RaftServer{3}{role=FOLLOWER} - Received ConfigureRequest{term=1, leader=1, index=0, timestamp=1527671610744, members=[DefaultRaftMember{id=1, type=ACTIVE, updated=2018-05-30T09:13:30.744Z}, DefaultRaftMember{id=2, type=ACTIVE, updated=2018-05-30T09:13:30.744Z}, DefaultRaftMember{id=3, type=ACTIVE, updated=2018-05-30T09:13:30.744Z}]}
11:13:31.773 [raft-server-1] TRACE i.a.protocols.raft.roles.LeaderRole - RaftServer{1}{role=LEADER} - Starting append timer
11:13:31.773 [raft-server-3] INFO  i.a.protocols.raft.impl.RaftContext - RaftServer{3} - Found leader 1
11:13:31.773 [raft-server-3] TRACE i.a.p.raft.storage.system.MetaStore - Store vote null
11:13:31.774 [raft-server-1] TRACE i.a.p.raft.roles.LeaderAppender - RaftServer{1} - Sending AppendRequest{term=1, leader=1, prevLogIndex=0, prevLogTerm=0, entries=0, commitIndex=0} to 2
11:13:31.774 [raft-server-1] TRACE i.a.p.raft.roles.LeaderAppender - RaftServer{1} - Sending AppendRequest{term=1, leader=1, prevLogIndex=0, prevLogTerm=0, entries=0, commitIndex=0} to 3
11:13:31.797 [raft-server-2] TRACE i.a.p.raft.roles.FollowerRole - RaftServer{2}{role=FOLLOWER} - Sending ConfigureResponse{status=OK}
11:13:31.797 [raft-server-2] TRACE i.a.p.raft.roles.FollowerRole - RaftServer{2}{role=FOLLOWER} - Received AppendRequest{term=1, leader=1, prevLogIndex=0, prevLogTerm=0, entries=0, commitIndex=0}
11:13:31.797 [raft-server-1] TRACE i.a.p.raft.roles.LeaderAppender - RaftServer{1} - Received ConfigureResponse{status=OK} from 2
11:13:31.797 [raft-server-2] TRACE i.a.p.raft.roles.FollowerRole - RaftServer{2}{role=FOLLOWER} - Sending AppendResponse{status=OK, term=1, succeeded=true, lastLogIndex=0}
11:13:31.797 [raft-server-1] TRACE i.a.p.raft.roles.LeaderAppender - RaftServer{1} - Received AppendResponse{status=OK, term=1, succeeded=true, lastLogIndex=0} from 2
11:13:31.797 [raft-server-1] TRACE i.a.p.raft.roles.LeaderAppender - RaftServer{1} - Sending AppendRequest{term=1, leader=1, prevLogIndex=0, prevLogTerm=0, entries=1, commitIndex=0} to 2
11:13:31.798 [raft-server-2] TRACE i.a.p.raft.roles.FollowerRole - RaftServer{2}{role=FOLLOWER} - Received AppendRequest{term=1, leader=1, prevLogIndex=0, prevLogTerm=0, entries=1, commitIndex=0}
11:13:31.798 [raft-server-2] DEBUG i.a.p.raft.roles.FollowerRole - RaftServer{2}{role=FOLLOWER} - Reset first index to 1
11:13:31.798 [raft-server-2] TRACE i.a.p.raft.roles.FollowerRole - RaftServer{2}{role=FOLLOWER} - Appended Indexed{index=1, entry=InitializeEntry{term=1, timestamp=2018-05-30 11:13:31,747}}
11:13:31.798 [raft-server-2] TRACE i.a.p.raft.roles.FollowerRole - RaftServer{2}{role=FOLLOWER} - Sending AppendResponse{status=OK, term=1, succeeded=true, lastLogIndex=1}
11:13:31.798 [raft-server-1] TRACE i.a.p.raft.roles.LeaderAppender - RaftServer{1} - Received AppendResponse{status=OK, term=1, succeeded=true, lastLogIndex=1} from 2
11:13:31.798 [raft-server-1] TRACE i.a.p.raft.roles.LeaderAppender - RaftServer{1} - Committed entries up to 1
11:13:31.823 [raft-server-3] TRACE i.a.p.raft.roles.FollowerRole - RaftServer{3}{role=FOLLOWER} - Sending ConfigureResponse{status=OK}
11:13:31.824 [raft-server-3] TRACE i.a.p.raft.roles.FollowerRole - RaftServer{3}{role=FOLLOWER} - Received AppendRequest{term=1, leader=1, prevLogIndex=0, prevLogTerm=0, entries=0, commitIndex=0}
11:13:31.824 [raft-server-3] TRACE i.a.p.raft.roles.FollowerRole - RaftServer{3}{role=FOLLOWER} - Sending AppendResponse{status=OK, term=1, succeeded=true, lastLogIndex=0}
11:13:31.847 [raft-server-1] TRACE i.a.p.raft.roles.LeaderAppender - RaftServer{1} - Received ConfigureResponse{status=OK} from 3
11:13:31.847 [raft-server-1] TRACE i.a.p.raft.roles.LeaderAppender - RaftServer{1} - Received AppendResponse{status=OK, term=1, succeeded=true, lastLogIndex=0} from 3
11:13:31.847 [raft-server-1] TRACE i.a.p.raft.roles.LeaderAppender - RaftServer{1} - Sending AppendRequest{term=1, leader=1, prevLogIndex=0, prevLogTerm=0, entries=1, commitIndex=1} to 3
11:13:31.847 [raft-server-3] TRACE i.a.p.raft.roles.FollowerRole - RaftServer{3}{role=FOLLOWER} - Received AppendRequest{term=1, leader=1, prevLogIndex=0, prevLogTerm=0, entries=1, commitIndex=1}
11:13:31.847 [raft-server-3] DEBUG i.a.p.raft.roles.FollowerRole - RaftServer{3}{role=FOLLOWER} - Reset first index to 1
11:13:31.847 [raft-server-1-state] TRACE i.a.p.raft.impl.RaftServiceManager - RaftServer{1} - Applying Indexed{index=1, entry=InitializeEntry{term=1, timestamp=2018-05-30 11:13:31,747}}
11:13:31.848 [raft-server-3] TRACE i.a.p.raft.roles.FollowerRole - RaftServer{3}{role=FOLLOWER} - Appended Indexed{index=1, entry=InitializeEntry{term=1, timestamp=2018-05-30 11:13:31,747}}
11:13:31.880 [raft-server-3] TRACE i.a.p.raft.roles.FollowerRole - RaftServer{3}{role=FOLLOWER} - Committed entries up to index 1
11:13:31.880 [raft-server-3] TRACE i.a.p.raft.roles.FollowerRole - RaftServer{3}{role=FOLLOWER} - Sending AppendResponse{status=OK, term=1, succeeded=true, lastLogIndex=1}
11:13:31.880 [raft-server-1] TRACE i.a.p.raft.roles.LeaderAppender - RaftServer{1} - Received AppendResponse{status=OK, term=1, succeeded=true, lastLogIndex=1} from 3
11:13:31.880 [raft-server-3-state] TRACE i.a.p.raft.impl.RaftServiceManager - RaftServer{3} - Applying Indexed{index=1, entry=InitializeEntry{term=1, timestamp=2018-05-30 11:13:31,747}}
11:13:32.024 [raft-server-1] TRACE i.a.p.raft.roles.LeaderAppender - RaftServer{1} - Sending AppendRequest{term=1, leader=1, prevLogIndex=1, prevLogTerm=1, entries=0, commitIndex=1} to 2
11:13:32.024 [raft-server-2] TRACE i.a.p.raft.roles.FollowerRole - RaftServer{2}{role=FOLLOWER} - Received AppendRequest{term=1, leader=1, prevLogIndex=1, prevLogTerm=1, entries=0, commitIndex=1}
11:13:32.024 [raft-server-1] TRACE i.a.p.raft.roles.LeaderAppender - RaftServer{1} - Sending AppendRequest{term=1, leader=1, prevLogIndex=1, prevLogTerm=1, entries=0, commitIndex=1} to 3
11:13:32.024 [raft-server-3] TRACE i.a.p.raft.roles.FollowerRole - RaftServer{3}{role=FOLLOWER} - Received AppendRequest{term=1, leader=1, prevLogIndex=1, prevLogTerm=1, entries=0, commitIndex=1}
11:13:32.024 [raft-server-3] TRACE i.a.p.raft.roles.FollowerRole - RaftServer{3}{role=FOLLOWER} - Sending AppendResponse{status=OK, term=1, succeeded=true, lastLogIndex=1}
11:13:32.024 [raft-server-1] TRACE i.a.p.raft.roles.LeaderAppender - RaftServer{1} - Received AppendResponse{status=OK, term=1, succeeded=true, lastLogIndex=1} from 3
11:13:32.025 [raft-server-1] TRACE i.a.p.raft.roles.LeaderAppender - RaftServer{1} - Sending AppendRequest{term=1, leader=1, prevLogIndex=1, prevLogTerm=1, entries=0, commitIndex=1} to 3
11:13:32.025 [raft-server-3] TRACE i.a.p.raft.roles.FollowerRole - RaftServer{3}{role=FOLLOWER} - Received AppendRequest{term=1, leader=1, prevLogIndex=1, prevLogTerm=1, entries=0, commitIndex=1}
11:13:32.025 [raft-server-3] TRACE i.a.p.raft.roles.FollowerRole - RaftServer{3}{role=FOLLOWER} - Sending AppendResponse{status=OK, term=1, succeeded=true, lastLogIndex=1}
11:13:32.025 [raft-server-1] TRACE i.a.p.raft.roles.LeaderAppender - RaftServer{1} - Received AppendResponse{status=OK, term=1, succeeded=true, lastLogIndex=1} from 3
11:13:32.046 [raft-server-2] TRACE i.a.p.raft.roles.FollowerRole - RaftServer{2}{role=FOLLOWER} - Committed entries up to index 1
11:13:32.047 [raft-server-2] TRACE i.a.p.raft.roles.FollowerRole - RaftServer{2}{role=FOLLOWER} - Sending AppendResponse{status=OK, term=1, succeeded=true, lastLogIndex=1}
11:13:32.047 [raft-server-1] TRACE i.a.p.raft.roles.LeaderAppender - RaftServer{1} - Received AppendResponse{status=OK, term=1, succeeded=true, lastLogIndex=1} from 2
11:13:32.047 [raft-server-2-state] TRACE i.a.p.raft.impl.RaftServiceManager - RaftServer{2} - Applying Indexed{index=1, entry=InitializeEntry{term=1, timestamp=2018-05-30 11:13:31,747}}
11:13:32.270 [raft-server-1] TRACE i.a.p.r.c.impl.RaftClusterContext - RaftServer{1} - Cancelling join timeout
11:13:32.270 [raft-server-1] DEBUG i.a.p.r.c.impl.RaftClusterContext - RaftServer{1} - Attempting to join via 2
11:13:32.270 [raft-server-2] TRACE i.a.p.raft.roles.FollowerRole - RaftServer{2}{role=FOLLOWER} - Received JoinRequest{member=DefaultRaftMember{id=1, type=ACTIVE, updated=2018-05-30T09:13:30.744Z}}
11:13:32.270 [raft-server-1] TRACE i.a.protocols.raft.roles.LeaderRole - RaftServer{1}{role=LEADER} - Received JoinRequest{member=DefaultRaftMember{id=1, type=ACTIVE, updated=2018-05-30T09:13:30.744Z}}
11:13:32.270 [raft-server-1] TRACE i.a.protocols.raft.roles.LeaderRole - RaftServer{1}{role=LEADER} - Sending JoinResponse{status=OK, index=0, term=0, timestamp=1527671610744, members=[DefaultRaftMember{id=1, type=ACTIVE, updated=2018-05-30T09:13:30.744Z}, DefaultRaftMember{id=2, type=ACTIVE, updated=2018-05-30T09:13:30.744Z}, DefaultRaftMember{id=3, type=ACTIVE, updated=2018-05-30T09:13:30.744Z}]}
11:13:32.271 [raft-server-2] TRACE i.a.p.raft.roles.FollowerRole - RaftServer{2}{role=FOLLOWER} - Sending JoinResponse{status=OK, index=0, term=0, timestamp=1527671610744, members=[DefaultRaftMember{id=1, type=ACTIVE, updated=2018-05-30T09:13:30.744Z}, DefaultRaftMember{id=2, type=ACTIVE, updated=2018-05-30T09:13:30.744Z}, DefaultRaftMember{id=3, type=ACTIVE, updated=2018-05-30T09:13:30.744Z}]}
11:13:32.271 [raft-server-1] TRACE i.a.p.r.c.impl.RaftClusterContext - RaftServer{1} - Cancelling join timeout
11:13:32.271 [raft-server-1] INFO  i.a.p.r.c.impl.RaftClusterContext - RaftServer{1} - Successfully joined via 2
11:13:32.271 [raft-server-1] INFO  i.a.p.raft.impl.DefaultRaftServer - RaftServer{1} - Server started successfully!
11:13:32.274 [raft-server-1] TRACE i.a.p.raft.roles.LeaderAppender - RaftServer{1} - Sending AppendRequest{term=1, leader=1, prevLogIndex=1, prevLogTerm=1, entries=0, commitIndex=1} to 2
11:13:32.274 [raft-server-2] TRACE i.a.p.raft.roles.FollowerRole - RaftServer{2}{role=FOLLOWER} - Received AppendRequest{term=1, leader=1, prevLogIndex=1, prevLogTerm=1, entries=0, commitIndex=1}
11:13:32.274 [raft-server-1] TRACE i.a.p.raft.roles.LeaderAppender - RaftServer{1} - Sending AppendRequest{term=1, leader=1, prevLogIndex=1, prevLogTerm=1, entries=0, commitIndex=1} to 3
11:13:32.274 [raft-server-2] TRACE i.a.p.raft.roles.FollowerRole - RaftServer{2}{role=FOLLOWER} - Sending AppendResponse{status=OK, term=1, succeeded=true, lastLogIndex=1}
11:13:32.274 [raft-server-3] TRACE i.a.p.raft.roles.FollowerRole - RaftServer{3}{role=FOLLOWER} - Received AppendRequest{term=1, leader=1, prevLogIndex=1, prevLogTerm=1, entries=0, commitIndex=1}
11:13:32.274 [raft-server-1] TRACE i.a.p.raft.roles.LeaderAppender - RaftServer{1} - Received AppendResponse{status=OK, term=1, succeeded=true, lastLogIndex=1} from 2
11:13:32.274 [raft-server-3] TRACE i.a.p.raft.roles.FollowerRole - RaftServer{3}{role=FOLLOWER} - Sending AppendResponse{status=OK, term=1, succeeded=true, lastLogIndex=1}
11:13:32.274 [raft-server-1] TRACE i.a.p.raft.roles.LeaderAppender - RaftServer{1} - Sending AppendRequest{term=1, leader=1, prevLogIndex=1, prevLogTerm=1, entries=0, commitIndex=1} to 2
11:13:32.274 [raft-server-2] TRACE i.a.p.raft.roles.FollowerRole - RaftServer{2}{role=FOLLOWER} - Received AppendRequest{term=1, leader=1, prevLogIndex=1, prevLogTerm=1, entries=0, commitIndex=1}
11:13:32.274 [raft-server-2] TRACE i.a.p.raft.roles.FollowerRole - RaftServer{2}{role=FOLLOWER} - Sending AppendResponse{status=OK, term=1, succeeded=true, lastLogIndex=1}
11:13:32.274 [raft-server-1] TRACE i.a.p.raft.roles.LeaderAppender - RaftServer{1} - Received AppendResponse{status=OK, term=1, succeeded=true, lastLogIndex=1} from 3
11:13:32.275 [raft-server-1] TRACE i.a.p.raft.roles.LeaderAppender - RaftServer{1} - Sending AppendRequest{term=1, leader=1, prevLogIndex=1, prevLogTerm=1, entries=0, commitIndex=1} to 3
11:13:32.275 [raft-server-1] TRACE i.a.p.raft.roles.LeaderAppender - RaftServer{1} - Received AppendResponse{status=OK, term=1, succeeded=true, lastLogIndex=1} from 2
11:13:32.275 [raft-server-3] TRACE i.a.p.raft.roles.FollowerRole - RaftServer{3}{role=FOLLOWER} - Received AppendRequest{term=1, leader=1, prevLogIndex=1, prevLogTerm=1, entries=0, commitIndex=1}
11:13:32.275 [raft-server-3] TRACE i.a.p.raft.roles.FollowerRole - RaftServer{3}{role=FOLLOWER} - Sending AppendResponse{status=OK, term=1, succeeded=true, lastLogIndex=1}
11:13:32.275 [raft-server-1] TRACE i.a.p.raft.roles.LeaderAppender - RaftServer{1} - Sending AppendRequest{term=1, leader=1, prevLogIndex=1, prevLogTerm=1, entries=0, commitIndex=1} to 2
11:13:32.275 [raft-server-1] TRACE i.a.p.raft.roles.LeaderAppender - RaftServer{1} - Received AppendResponse{status=OK, term=1, succeeded=true, lastLogIndex=1} from 3
11:13:32.275 [raft-server-2] TRACE i.a.p.raft.roles.FollowerRole - RaftServer{2}{role=FOLLOWER} - Received AppendRequest{term=1, leader=1, prevLogIndex=1, prevLogTerm=1, entries=0, commitIndex=1}
11:13:32.275 [raft-server-2] TRACE i.a.p.raft.roles.FollowerRole - RaftServer{2}{role=FOLLOWER} - Sending AppendResponse{status=OK, term=1, succeeded=true, lastLogIndex=1}
11:13:32.276 [raft-server-1] TRACE i.a.p.raft.roles.LeaderAppender - RaftServer{1} - Received AppendResponse{status=OK, term=1, succeeded=true, lastLogIndex=1} from 2
11:13:32.369 [raft-server-2] TRACE i.a.p.r.c.impl.RaftClusterContext - RaftServer{2} - Cancelling join timeout
11:13:32.369 [raft-server-2] DEBUG i.a.p.r.c.impl.RaftClusterContext - RaftServer{2} - Attempting to join via 1
11:13:32.369 [raft-server-1] TRACE i.a.protocols.raft.roles.LeaderRole - RaftServer{1}{role=LEADER} - Received JoinRequest{member=DefaultRaftMember{id=2, type=ACTIVE, updated=2018-05-30T09:13:30.802Z}}
11:13:32.370 [raft-server-1] TRACE i.a.protocols.raft.roles.LeaderRole - RaftServer{1}{role=LEADER} - Sending JoinResponse{status=OK, index=0, term=0, timestamp=1527671610744, members=[DefaultRaftMember{id=1, type=ACTIVE, updated=2018-05-30T09:13:30.744Z}, DefaultRaftMember{id=2, type=ACTIVE, updated=2018-05-30T09:13:30.744Z}, DefaultRaftMember{id=3, type=ACTIVE, updated=2018-05-30T09:13:30.744Z}]}
11:13:32.370 [raft-server-2] TRACE i.a.p.r.c.impl.RaftClusterContext - RaftServer{2} - Cancelling join timeout
11:13:32.370 [raft-server-2] INFO  i.a.p.r.c.impl.RaftClusterContext - RaftServer{2} - Successfully joined via 1
11:13:32.370 [raft-server-2] INFO  i.a.p.raft.impl.DefaultRaftServer - RaftServer{2} - Server started successfully!
11:13:32.433 [raft-server-3] TRACE i.a.p.r.c.impl.RaftClusterContext - RaftServer{3} - Cancelling join timeout
11:13:32.433 [raft-server-3] DEBUG i.a.p.r.c.impl.RaftClusterContext - RaftServer{3} - Attempting to join via 1
11:13:32.433 [raft-server-1] TRACE i.a.protocols.raft.roles.LeaderRole - RaftServer{1}{role=LEADER} - Received JoinRequest{member=DefaultRaftMember{id=3, type=ACTIVE, updated=2018-05-30T09:13:30.905Z}}
11:13:32.433 [raft-server-1] TRACE i.a.protocols.raft.roles.LeaderRole - RaftServer{1}{role=LEADER} - Sending JoinResponse{status=OK, index=0, term=0, timestamp=1527671610744, members=[DefaultRaftMember{id=1, type=ACTIVE, updated=2018-05-30T09:13:30.744Z}, DefaultRaftMember{id=2, type=ACTIVE, updated=2018-05-30T09:13:30.744Z}, DefaultRaftMember{id=3, type=ACTIVE, updated=2018-05-30T09:13:30.744Z}]}
11:13:32.433 [raft-server-3] TRACE i.a.p.r.c.impl.RaftClusterContext - RaftServer{3} - Cancelling join timeout
11:13:32.433 [raft-server-3] INFO  i.a.p.r.c.impl.RaftClusterContext - RaftServer{3} - Successfully joined via 1
11:13:32.433 [raft-server-3] INFO  i.a.p.raft.impl.DefaultRaftServer - RaftServer{3} - Server started successfully!
11:13:32.435 [main] DEBUG i.a.p.p.i.RecoveringPartitionProxy - PartitionProxy{a5a0def7-e1df-4503-b1c6-00519ae66cf7} - Opening proxy session
11:13:32.435 [main] DEBUG i.a.p.r.proxy.impl.RaftProxyManager - RaftClient{a5a0def7-e1df-4503-b1c6-00519ae66cf7} - Opening session; name: test, type: PrimitiveType{name=test}
11:13:32.435 [raft-client-a5a0def7-e1df-4503-b1c6-00519ae66cf7-1] TRACE i.a.p.r.p.impl.RaftProxyConnection - RaftClient{a5a0def7-e1df-4503-b1c6-00519ae66cf7} - Sending OpenSessionRequest{node=4, serviceName=test, serviceType=test, readConsistency=LINEARIZABLE, minTimeout=250, maxTimeout=5000} to 1
11:13:32.436 [raft-server-1] TRACE i.a.protocols.raft.roles.LeaderRole - RaftServer{1}{role=LEADER} - Received OpenSessionRequest{node=4, serviceName=test, serviceType=test, readConsistency=LINEARIZABLE, minTimeout=250, maxTimeout=5000}
11:13:32.436 [raft-server-1] TRACE i.a.protocols.raft.roles.LeaderRole - RaftServer{1}{role=LEADER} - Appended Indexed{index=2, entry=OpenSessionEntry{term=1, timestamp=2018-05-30 11:13:32,436, node=4, serviceName=test, serviceType=test, serviceConfig=byte[]{length=2, hash=2636}, readConsistency=LINEARIZABLE, minTimeout=250, maxTimeout=5000}}
11:13:32.436 [raft-server-1] TRACE i.a.p.raft.roles.LeaderAppender - RaftServer{1} - Sending AppendRequest{term=1, leader=1, prevLogIndex=1, prevLogTerm=1, entries=1, commitIndex=1} to 2
11:13:32.436 [raft-server-2] TRACE i.a.p.raft.roles.FollowerRole - RaftServer{2}{role=FOLLOWER} - Received AppendRequest{term=1, leader=1, prevLogIndex=1, prevLogTerm=1, entries=1, commitIndex=1}
11:13:32.436 [raft-server-1] TRACE i.a.p.raft.roles.LeaderAppender - RaftServer{1} - Sending AppendRequest{term=1, leader=1, prevLogIndex=1, prevLogTerm=1, entries=1, commitIndex=1} to 3
11:13:32.436 [raft-server-3] TRACE i.a.p.raft.roles.FollowerRole - RaftServer{3}{role=FOLLOWER} - Received AppendRequest{term=1, leader=1, prevLogIndex=1, prevLogTerm=1, entries=1, commitIndex=1}
11:13:32.436 [raft-server-2] TRACE i.a.p.raft.roles.FollowerRole - RaftServer{2}{role=FOLLOWER} - Appended Indexed{index=2, entry=OpenSessionEntry{term=1, timestamp=2018-05-30 11:13:32,436, node=4, serviceName=test, serviceType=test, serviceConfig=byte[]{length=2, hash=2636}, readConsistency=LINEARIZABLE, minTimeout=250, maxTimeout=5000}}
11:13:32.437 [raft-server-2] TRACE i.a.p.raft.roles.FollowerRole - RaftServer{2}{role=FOLLOWER} - Sending AppendResponse{status=OK, term=1, succeeded=true, lastLogIndex=2}
11:13:32.437 [raft-server-3] TRACE i.a.p.raft.roles.FollowerRole - RaftServer{3}{role=FOLLOWER} - Appended Indexed{index=2, entry=OpenSessionEntry{term=1, timestamp=2018-05-30 11:13:32,436, node=4, serviceName=test, serviceType=test, serviceConfig=byte[]{length=2, hash=2636}, readConsistency=LINEARIZABLE, minTimeout=250, maxTimeout=5000}}
11:13:32.437 [raft-server-3] TRACE i.a.p.raft.roles.FollowerRole - RaftServer{3}{role=FOLLOWER} - Sending AppendResponse{status=OK, term=1, succeeded=true, lastLogIndex=2}
11:13:32.437 [raft-server-1] TRACE i.a.p.raft.roles.LeaderAppender - RaftServer{1} - Received AppendResponse{status=OK, term=1, succeeded=true, lastLogIndex=2} from 2
11:13:32.437 [raft-server-1] TRACE i.a.p.raft.roles.LeaderAppender - RaftServer{1} - Committed entries up to 2
11:13:32.460 [raft-server-1] TRACE i.a.p.raft.roles.LeaderAppender - RaftServer{1} - Received AppendResponse{status=OK, term=1, succeeded=true, lastLogIndex=2} from 3
11:13:32.460 [raft-server-1-state] TRACE i.a.p.raft.impl.RaftServiceManager - RaftServer{1} - Applying Indexed{index=2, entry=OpenSessionEntry{term=1, timestamp=2018-05-30 11:13:32,436, node=4, serviceName=test, serviceType=test, serviceConfig=byte[]{length=2, hash=2636}, readConsistency=LINEARIZABLE, minTimeout=250, maxTimeout=5000}}
11:13:32.461 [raft-server-1-state] DEBUG i.a.p.s.impl.DefaultServiceExecutor - PrimitiveService{2}{type=PrimitiveType{name=test}, name=test} - Registered operation callback DefaultOperationId{id=sendEvent, type=COMMAND}
11:13:32.461 [raft-server-1-state] DEBUG i.a.p.s.impl.DefaultServiceExecutor - PrimitiveService{2}{type=PrimitiveType{name=test}, name=test} - Registered operation callback DefaultOperationId{id=onClose, type=COMMAND}
11:13:32.461 [raft-server-1-state] DEBUG i.a.p.s.impl.DefaultServiceExecutor - PrimitiveService{2}{type=PrimitiveType{name=test}, name=test} - Registered operation callback DefaultOperationId{id=read, type=QUERY}
11:13:32.461 [raft-server-1-state] DEBUG i.a.p.s.impl.DefaultServiceExecutor - PrimitiveService{2}{type=PrimitiveType{name=test}, name=test} - Registered operation callback DefaultOperationId{id=onExpire, type=COMMAND}
11:13:32.461 [raft-server-1-state] DEBUG i.a.p.s.impl.DefaultServiceExecutor - PrimitiveService{2}{type=PrimitiveType{name=test}, name=test} - Registered operation callback DefaultOperationId{id=write, type=COMMAND}
11:13:32.461 [raft-server-1-state] DEBUG i.a.p.r.service.RaftServiceContext - PrimitiveService{2}{type=PrimitiveType{name=test}, name=test} - Opening session 2
11:13:32.461 [raft-server-1-state] DEBUG i.a.p.raft.session.RaftSession - PrimitiveSession{2}{type=PrimitiveType{name=test}, name=test} - State changed: OPEN
11:13:32.461 [raft-server-1-state] TRACE i.a.protocols.raft.roles.LeaderRole - RaftServer{1}{role=LEADER} - Sending OpenSessionResponse{status=OK, session=2, timeout=5000}
11:13:32.462 [raft-client-a5a0def7-e1df-4503-b1c6-00519ae66cf7-0] TRACE i.a.p.r.p.impl.RaftProxyConnection - RaftClient{a5a0def7-e1df-4503-b1c6-00519ae66cf7} - Received OpenSessionResponse{status=OK, session=2, timeout=5000} from 1
11:13:32.462 [raft-client-a5a0def7-e1df-4503-b1c6-00519ae66cf7-1] TRACE i.a.p.r.proxy.impl.RaftProxyManager - RaftClient{a5a0def7-e1df-4503-b1c6-00519ae66cf7} - Keeping 1 sessions alive
11:13:32.463 [raft-client-a5a0def7-e1df-4503-b1c6-00519ae66cf7-2] TRACE i.a.p.r.p.impl.RaftProxyConnection - RaftClient{a5a0def7-e1df-4503-b1c6-00519ae66cf7} - Sending KeepAliveRequest{sessionIds=long[]{length=1, hash=33}, commandSequences=long[]{length=1, hash=31}, eventIndexes=long[]{length=1, hash=33}} to 1
11:13:32.463 [raft-client-a5a0def7-e1df-4503-b1c6-00519ae66cf7-1] DEBUG i.a.p.p.i.RecoveringPartitionProxy - PartitionProxy{2}{type=PrimitiveType{name=test}, name=test} - State changed: CONNECTED
11:13:32.463 [raft-server-1] TRACE i.a.protocols.raft.roles.LeaderRole - RaftServer{1}{role=LEADER} - Received KeepAliveRequest{sessionIds=long[]{length=1, hash=33}, commandSequences=long[]{length=1, hash=31}, eventIndexes=long[]{length=1, hash=33}}
11:13:32.464 [raft-server-1] TRACE i.a.protocols.raft.roles.LeaderRole - RaftServer{1}{role=LEADER} - Appended Indexed{index=3, entry=KeepAliveEntry{term=1, timestamp=2018-05-30 11:13:32,463, sessionIds=long[]{length=1, hash=33}, commandSequences=long[]{length=1, hash=31}, eventIndexes=long[]{length=1, hash=33}}}
11:13:32.464 [raft-server-1] TRACE i.a.p.raft.roles.LeaderAppender - RaftServer{1} - Sending AppendRequest{term=1, leader=1, prevLogIndex=2, prevLogTerm=1, entries=1, commitIndex=2} to 2
11:13:32.464 [raft-server-2] TRACE i.a.p.raft.roles.FollowerRole - RaftServer{2}{role=FOLLOWER} - Received AppendRequest{term=1, leader=1, prevLogIndex=2, prevLogTerm=1, entries=1, commitIndex=2}
11:13:32.464 [raft-server-1] TRACE i.a.p.raft.roles.LeaderAppender - RaftServer{1} - Sending AppendRequest{term=1, leader=1, prevLogIndex=2, prevLogTerm=1, entries=1, commitIndex=2} to 3
11:13:32.464 [raft-server-3] TRACE i.a.p.raft.roles.FollowerRole - RaftServer{3}{role=FOLLOWER} - Received AppendRequest{term=1, leader=1, prevLogIndex=2, prevLogTerm=1, entries=1, commitIndex=2}
11:13:32.464 [raft-server-2] TRACE i.a.p.raft.roles.FollowerRole - RaftServer{2}{role=FOLLOWER} - Appended Indexed{index=3, entry=KeepAliveEntry{term=1, timestamp=2018-05-30 11:13:32,463, sessionIds=long[]{length=1, hash=33}, commandSequences=long[]{length=1, hash=31}, eventIndexes=long[]{length=1, hash=33}}}
11:13:32.464 [raft-server-3] TRACE i.a.p.raft.roles.FollowerRole - RaftServer{3}{role=FOLLOWER} - Appended Indexed{index=3, entry=KeepAliveEntry{term=1, timestamp=2018-05-30 11:13:32,463, sessionIds=long[]{length=1, hash=33}, commandSequences=long[]{length=1, hash=31}, eventIndexes=long[]{length=1, hash=33}}}
11:13:32.468 [raft-client-a5a0def7-e1df-4503-b1c6-00519ae66cf7-2] TRACE i.a.p.r.p.impl.RaftProxyConnection - PartitionProxy{2}{type=PrimitiveType{name=test}, name=test} - Sending CommandRequest{session=2, sequence=1, operation=PrimitiveOperation{id=DefaultOperationId{id=write, type=COMMAND}, value=byte[]{length=17, hash=-1644578928}}} to 2
11:13:32.496 [raft-server-3] TRACE i.a.p.raft.roles.FollowerRole - RaftServer{3}{role=FOLLOWER} - Committed entries up to index 2
11:13:32.496 [raft-server-2] TRACE i.a.p.raft.roles.FollowerRole - RaftServer{2}{role=FOLLOWER} - Committed entries up to index 2
11:13:32.497 [raft-server-3] TRACE i.a.p.raft.roles.FollowerRole - RaftServer{3}{role=FOLLOWER} - Sending AppendResponse{status=OK, term=1, succeeded=true, lastLogIndex=3}
11:13:32.497 [raft-server-2] TRACE i.a.p.raft.roles.FollowerRole - RaftServer{2}{role=FOLLOWER} - Sending AppendResponse{status=OK, term=1, succeeded=true, lastLogIndex=3}
11:13:32.497 [raft-server-2] TRACE i.a.p.raft.roles.FollowerRole - RaftServer{2}{role=FOLLOWER} - Received CommandRequest{session=2, sequence=1, operation=PrimitiveOperation{id=DefaultOperationId{id=write, type=COMMAND}, value=byte[]{length=17, hash=-1644578928}}}
11:13:32.497 [raft-server-1] TRACE i.a.p.raft.roles.LeaderAppender - RaftServer{1} - Received AppendResponse{status=OK, term=1, succeeded=true, lastLogIndex=3} from 3
11:13:32.497 [raft-server-1] TRACE i.a.p.raft.roles.LeaderAppender - RaftServer{1} - Committed entries up to 3
11:13:32.497 [raft-server-3-state] TRACE i.a.p.raft.impl.RaftServiceManager - RaftServer{3} - Applying Indexed{index=2, entry=OpenSessionEntry{term=1, timestamp=2018-05-30 11:13:32,436, node=4, serviceName=test, serviceType=test, serviceConfig=byte[]{length=2, hash=2636}, readConsistency=LINEARIZABLE, minTimeout=250, maxTimeout=5000}}
11:13:32.497 [raft-server-2-state] TRACE i.a.p.raft.impl.RaftServiceManager - RaftServer{2} - Applying Indexed{index=2, entry=OpenSessionEntry{term=1, timestamp=2018-05-30 11:13:32,436, node=4, serviceName=test, serviceType=test, serviceConfig=byte[]{length=2, hash=2636}, readConsistency=LINEARIZABLE, minTimeout=250, maxTimeout=5000}}
11:13:32.498 [raft-server-2-state] DEBUG i.a.p.s.impl.DefaultServiceExecutor - PrimitiveService{2}{type=PrimitiveType{name=test}, name=test} - Registered operation callback DefaultOperationId{id=sendEvent, type=COMMAND}
11:13:32.498 [raft-server-2-state] DEBUG i.a.p.s.impl.DefaultServiceExecutor - PrimitiveService{2}{type=PrimitiveType{name=test}, name=test} - Registered operation callback DefaultOperationId{id=onClose, type=COMMAND}
11:13:32.498 [raft-server-3-state] DEBUG i.a.p.s.impl.DefaultServiceExecutor - PrimitiveService{2}{type=PrimitiveType{name=test}, name=test} - Registered operation callback DefaultOperationId{id=sendEvent, type=COMMAND}
11:13:32.498 [raft-server-2-state] DEBUG i.a.p.s.impl.DefaultServiceExecutor - PrimitiveService{2}{type=PrimitiveType{name=test}, name=test} - Registered operation callback DefaultOperationId{id=read, type=QUERY}
11:13:32.498 [raft-server-3-state] DEBUG i.a.p.s.impl.DefaultServiceExecutor - PrimitiveService{2}{type=PrimitiveType{name=test}, name=test} - Registered operation callback DefaultOperationId{id=onClose, type=COMMAND}
11:13:32.498 [raft-server-2-state] DEBUG i.a.p.s.impl.DefaultServiceExecutor - PrimitiveService{2}{type=PrimitiveType{name=test}, name=test} - Registered operation callback DefaultOperationId{id=onExpire, type=COMMAND}
11:13:32.498 [raft-server-3-state] DEBUG i.a.p.s.impl.DefaultServiceExecutor - PrimitiveService{2}{type=PrimitiveType{name=test}, name=test} - Registered operation callback DefaultOperationId{id=read, type=QUERY}
11:13:32.498 [raft-server-2-state] DEBUG i.a.p.s.impl.DefaultServiceExecutor - PrimitiveService{2}{type=PrimitiveType{name=test}, name=test} - Registered operation callback DefaultOperationId{id=write, type=COMMAND}
11:13:32.498 [raft-server-3-state] DEBUG i.a.p.s.impl.DefaultServiceExecutor - PrimitiveService{2}{type=PrimitiveType{name=test}, name=test} - Registered operation callback DefaultOperationId{id=onExpire, type=COMMAND}
11:13:32.498 [raft-server-2-state] DEBUG i.a.p.r.service.RaftServiceContext - PrimitiveService{2}{type=PrimitiveType{name=test}, name=test} - Opening session 2
11:13:32.498 [raft-server-3-state] DEBUG i.a.p.s.impl.DefaultServiceExecutor - PrimitiveService{2}{type=PrimitiveType{name=test}, name=test} - Registered operation callback DefaultOperationId{id=write, type=COMMAND}
11:13:32.498 [raft-server-2-state] DEBUG i.a.p.raft.session.RaftSession - PrimitiveSession{2}{type=PrimitiveType{name=test}, name=test} - State changed: OPEN
11:13:32.498 [raft-server-3-state] DEBUG i.a.p.r.service.RaftServiceContext - PrimitiveService{2}{type=PrimitiveType{name=test}, name=test} - Opening session 2
11:13:32.498 [raft-server-3-state] DEBUG i.a.p.raft.session.RaftSession - PrimitiveSession{2}{type=PrimitiveType{name=test}, name=test} - State changed: OPEN
11:13:32.530 [raft-server-1] TRACE i.a.p.raft.roles.LeaderAppender - RaftServer{1} - Received AppendResponse{status=OK, term=1, succeeded=true, lastLogIndex=3} from 2
11:13:32.530 [raft-server-1] TRACE i.a.protocols.raft.roles.LeaderRole - RaftServer{1}{role=LEADER} - Received CommandRequest{session=2, sequence=1, operation=PrimitiveOperation{id=DefaultOperationId{id=write, type=COMMAND}, value=byte[]{length=17, hash=-1644578928}}}
11:13:32.531 [raft-server-1] TRACE i.a.protocols.raft.roles.LeaderRole - RaftServer{1}{role=LEADER} - Appended Indexed{index=4, entry=CommandEntry{term=1, timestamp=2018-05-30 11:13:32,531, session=2, sequence=1, operation=PrimitiveOperation{id=DefaultOperationId{id=write, type=COMMAND}, value=byte[]{length=17, hash=-1644578928}}}}
11:13:32.531 [raft-server-1] TRACE i.a.p.raft.roles.LeaderAppender - RaftServer{1} - Sending AppendRequest{term=1, leader=1, prevLogIndex=3, prevLogTerm=1, entries=1, commitIndex=3} to 2
11:13:32.531 [raft-server-2] TRACE i.a.p.raft.roles.FollowerRole - RaftServer{2}{role=FOLLOWER} - Received AppendRequest{term=1, leader=1, prevLogIndex=3, prevLogTerm=1, entries=1, commitIndex=3}
11:13:32.531 [raft-server-1] TRACE i.a.p.raft.roles.LeaderAppender - RaftServer{1} - Sending AppendRequest{term=1, leader=1, prevLogIndex=3, prevLogTerm=1, entries=1, commitIndex=3} to 3
11:13:32.532 [raft-server-3] TRACE i.a.p.raft.roles.FollowerRole - RaftServer{3}{role=FOLLOWER} - Received AppendRequest{term=1, leader=1, prevLogIndex=3, prevLogTerm=1, entries=1, commitIndex=3}
11:13:32.532 [raft-server-1-state] TRACE i.a.p.raft.impl.RaftServiceManager - RaftServer{1} - Applying Indexed{index=3, entry=KeepAliveEntry{term=1, timestamp=2018-05-30 11:13:32,463, sessionIds=long[]{length=1, hash=33}, commandSequences=long[]{length=1, hash=31}, eventIndexes=long[]{length=1, hash=33}}}
11:13:32.532 [raft-server-2] TRACE i.a.p.raft.roles.FollowerRole - RaftServer{2}{role=FOLLOWER} - Appended Indexed{index=4, entry=CommandEntry{term=1, timestamp=2018-05-30 11:13:32,531, session=2, sequence=1, operation=PrimitiveOperation{id=DefaultOperationId{id=write, type=COMMAND}, value=byte[]{length=17, hash=-1644578928}}}}
11:13:32.532 [raft-server-3] TRACE i.a.p.raft.roles.FollowerRole - RaftServer{3}{role=FOLLOWER} - Appended Indexed{index=4, entry=CommandEntry{term=1, timestamp=2018-05-30 11:13:32,531, session=2, sequence=1, operation=PrimitiveOperation{id=DefaultOperationId{id=write, type=COMMAND}, value=byte[]{length=17, hash=-1644578928}}}}
11:13:32.532 [raft-server-1] TRACE i.a.protocols.raft.roles.LeaderRole - RaftServer{1}{role=LEADER} - Sending KeepAliveResponse{status=OK, leader=1, members=[1, 2, 3], sessionIds=long[]{length=1, hash=33}}
11:13:32.532 [raft-client-a5a0def7-e1df-4503-b1c6-00519ae66cf7-1] TRACE i.a.p.r.p.impl.RaftProxyConnection - RaftClient{a5a0def7-e1df-4503-b1c6-00519ae66cf7} - Received KeepAliveResponse{status=OK, leader=1, members=[1, 2, 3], sessionIds=long[]{length=1, hash=33}} from 1
11:13:32.533 [raft-client-a5a0def7-e1df-4503-b1c6-00519ae66cf7-0] TRACE i.a.p.r.p.impl.RaftProxyConnection - PartitionProxy{2}{type=PrimitiveType{name=test}, name=test} - Sending CommandRequest{session=2, sequence=1, operation=PrimitiveOperation{id=DefaultOperationId{id=write, type=COMMAND}, value=byte[]{length=17, hash=-1644578928}}} to 2
11:13:32.563 [raft-server-2] TRACE i.a.p.raft.roles.FollowerRole - RaftServer{2}{role=FOLLOWER} - Committed entries up to index 3
11:13:32.563 [raft-server-3] TRACE i.a.p.raft.roles.FollowerRole - RaftServer{3}{role=FOLLOWER} - Committed entries up to index 3
11:13:32.563 [raft-server-2] TRACE i.a.p.raft.roles.FollowerRole - RaftServer{2}{role=FOLLOWER} - Sending AppendResponse{status=OK, term=1, succeeded=true, lastLogIndex=4}
11:13:32.563 [raft-server-3] TRACE i.a.p.raft.roles.FollowerRole - RaftServer{3}{role=FOLLOWER} - Sending AppendResponse{status=OK, term=1, succeeded=true, lastLogIndex=4}
11:13:32.563 [raft-server-1] TRACE i.a.p.raft.roles.LeaderAppender - RaftServer{1} - Received AppendResponse{status=OK, term=1, succeeded=true, lastLogIndex=4} from 2
11:13:32.563 [raft-server-2] TRACE i.a.p.raft.roles.FollowerRole - RaftServer{2}{role=FOLLOWER} - Received CommandRequest{session=2, sequence=1, operation=PrimitiveOperation{id=DefaultOperationId{id=write, type=COMMAND}, value=byte[]{length=17, hash=-1644578928}}}
11:13:32.563 [raft-server-1] TRACE i.a.p.raft.roles.LeaderAppender - RaftServer{1} - Committed entries up to 4
11:13:32.563 [raft-server-3-state] TRACE i.a.p.raft.impl.RaftServiceManager - RaftServer{3} - Applying Indexed{index=3, entry=KeepAliveEntry{term=1, timestamp=2018-05-30 11:13:32,463, sessionIds=long[]{length=1, hash=33}, commandSequences=long[]{length=1, hash=31}, eventIndexes=long[]{length=1, hash=33}}}
11:13:32.564 [raft-server-2-state] TRACE i.a.p.raft.impl.RaftServiceManager - RaftServer{2} - Applying Indexed{index=3, entry=KeepAliveEntry{term=1, timestamp=2018-05-30 11:13:32,463, sessionIds=long[]{length=1, hash=33}, commandSequences=long[]{length=1, hash=31}, eventIndexes=long[]{length=1, hash=33}}}
11:13:32.597 [raft-server-1] TRACE i.a.p.raft.roles.LeaderAppender - RaftServer{1} - Sending AppendRequest{term=1, leader=1, prevLogIndex=4, prevLogTerm=1, entries=0, commitIndex=4} to 2
11:13:32.597 [raft-server-2] TRACE i.a.p.raft.roles.FollowerRole - RaftServer{2}{role=FOLLOWER} - Received AppendRequest{term=1, leader=1, prevLogIndex=4, prevLogTerm=1, entries=0, commitIndex=4}
11:13:32.597 [raft-server-1] TRACE i.a.p.raft.roles.LeaderAppender - RaftServer{1} - Received AppendResponse{status=OK, term=1, succeeded=true, lastLogIndex=4} from 3
11:13:32.597 [raft-server-1] TRACE i.a.p.raft.roles.LeaderAppender - RaftServer{1} - Sending AppendRequest{term=1, leader=1, prevLogIndex=4, prevLogTerm=1, entries=0, commitIndex=4} to 3
11:13:32.597 [raft-server-3] TRACE i.a.p.raft.roles.FollowerRole - RaftServer{3}{role=FOLLOWER} - Received AppendRequest{term=1, leader=1, prevLogIndex=4, prevLogTerm=1, entries=0, commitIndex=4}
11:13:32.597 [raft-server-1] TRACE i.a.protocols.raft.roles.LeaderRole - RaftServer{1}{role=LEADER} - Received CommandRequest{session=2, sequence=1, operation=PrimitiveOperation{id=DefaultOperationId{id=write, type=COMMAND}, value=byte[]{length=17, hash=-1644578928}}}
11:13:32.597 [raft-server-3] TRACE i.a.p.raft.roles.FollowerRole - RaftServer{3}{role=FOLLOWER} - Committed entries up to index 4
11:13:32.597 [raft-server-3] TRACE i.a.p.raft.roles.FollowerRole - RaftServer{3}{role=FOLLOWER} - Sending AppendResponse{status=OK, term=1, succeeded=true, lastLogIndex=4}
11:13:32.597 [raft-server-1] TRACE i.a.protocols.raft.roles.LeaderRole - RaftServer{1}{role=LEADER} - Appended Indexed{index=5, entry=CommandEntry{term=1, timestamp=2018-05-30 11:13:32,597, session=2, sequence=1, operation=PrimitiveOperation{id=DefaultOperationId{id=write, type=COMMAND}, value=byte[]{length=17, hash=-1644578928}}}}
11:13:32.597 [raft-server-3-state] TRACE i.a.p.raft.impl.RaftServiceManager - RaftServer{3} - Applying Indexed{index=4, entry=CommandEntry{term=1, timestamp=2018-05-30 11:13:32,531, session=2, sequence=1, operation=PrimitiveOperation{id=DefaultOperationId{id=write, type=COMMAND}, value=byte[]{length=17, hash=-1644578928}}}}
11:13:32.598 [raft-server-1] TRACE i.a.p.raft.roles.LeaderAppender - RaftServer{1} - Received AppendResponse{status=OK, term=1, succeeded=true, lastLogIndex=4} from 3
11:13:32.598 [raft-server-1-state] TRACE i.a.p.raft.impl.RaftServiceManager - RaftServer{1} - Applying Indexed{index=4, entry=CommandEntry{term=1, timestamp=2018-05-30 11:13:32,531, session=2, sequence=1, operation=PrimitiveOperation{id=DefaultOperationId{id=write, type=COMMAND}, value=byte[]{length=17, hash=-1644578928}}}}
11:13:32.598 [raft-server-1] TRACE i.a.p.raft.roles.LeaderAppender - RaftServer{1} - Sending AppendRequest{term=1, leader=1, prevLogIndex=4, prevLogTerm=1, entries=1, commitIndex=4} to 3
11:13:32.598 [raft-server-3-state] TRACE i.a.p.s.impl.DefaultServiceExecutor - PrimitiveService{2}{type=PrimitiveType{name=test}, name=test} - Executing DefaultCommit{index=4, session=RaftSession{RaftServiceContext{server=3, type=PrimitiveType{name=test}, name=test, id=2}, session=2, timestamp=2018-05-30 11:13:32,531}, time=2018-05-30 11:13:32,531, operation=DefaultOperationId{id=write, type=COMMAND}, value=byte[]{length=17, hash=-1644578928}}
11:13:32.598 [raft-server-3] TRACE i.a.p.raft.roles.FollowerRole - RaftServer{3}{role=FOLLOWER} - Received AppendRequest{term=1, leader=1, prevLogIndex=4, prevLogTerm=1, entries=1, commitIndex=4}
11:13:32.598 [raft-server-1-state] TRACE i.a.p.s.impl.DefaultServiceExecutor - PrimitiveService{2}{type=PrimitiveType{name=test}, name=test} - Executing DefaultCommit{index=4, session=RaftSession{RaftServiceContext{server=1, type=PrimitiveType{name=test}, name=test, id=2}, session=2, timestamp=2018-05-30 11:13:32,531}, time=2018-05-30 11:13:32,531, operation=DefaultOperationId{id=write, type=COMMAND}, value=byte[]{length=17, hash=-1644578928}}
11:13:32.598 [raft-server-1-state] TRACE i.a.protocols.raft.roles.LeaderRole - RaftServer{1}{role=LEADER} - Sending CommandResponse{status=OK, index=4, eventIndex=2, result=byte[]{length=2, hash=1248}}
11:13:32.598 [raft-server-3] TRACE i.a.p.raft.roles.FollowerRole - RaftServer{3}{role=FOLLOWER} - Appended Indexed{index=5, entry=CommandEntry{term=1, timestamp=2018-05-30 11:13:32,597, session=2, sequence=1, operation=PrimitiveOperation{id=DefaultOperationId{id=write, type=COMMAND}, value=byte[]{length=17, hash=-1644578928}}}}
11:13:32.598 [raft-server-3] TRACE i.a.p.raft.roles.FollowerRole - RaftServer{3}{role=FOLLOWER} - Sending AppendResponse{status=OK, term=1, succeeded=true, lastLogIndex=5}
11:13:32.598 [raft-server-1] TRACE i.a.p.raft.roles.LeaderAppender - RaftServer{1} - Received AppendResponse{status=OK, term=1, succeeded=true, lastLogIndex=5} from 3
11:13:32.598 [raft-server-1] TRACE i.a.p.raft.roles.LeaderAppender - RaftServer{1} - Committed entries up to 5
11:13:32.630 [raft-server-2] TRACE i.a.p.raft.roles.FollowerRole - RaftServer{2}{role=FOLLOWER} - Committed entries up to index 4
11:13:32.630 [raft-server-2] TRACE i.a.p.raft.roles.FollowerRole - RaftServer{2}{role=FOLLOWER} - Sending AppendResponse{status=OK, term=1, succeeded=true, lastLogIndex=4}
11:13:32.630 [raft-server-2] TRACE i.a.p.raft.roles.FollowerRole - RaftServer{2}{role=FOLLOWER} - Sending CommandResponse{status=OK, index=4, eventIndex=2, result=byte[]{length=2, hash=1248}}
11:13:32.630 [raft-client-a5a0def7-e1df-4503-b1c6-00519ae66cf7-3] TRACE i.a.p.r.p.impl.RaftProxyConnection - PartitionProxy{2}{type=PrimitiveType{name=test}, name=test} - Received CommandResponse{status=OK, index=4, eventIndex=2, result=byte[]{length=2, hash=1248}} from 2
11:13:32.630 [raft-client-a5a0def7-e1df-4503-b1c6-00519ae66cf7-3] TRACE i.a.p.r.p.impl.RaftProxySequencer - PartitionProxy{2}{type=PrimitiveType{name=test}, name=test} - Completing response CommandResponse{status=OK, index=4, eventIndex=2, result=byte[]{length=2, hash=1248}}
11:13:32.630 [raft-server-2-state] TRACE i.a.p.raft.impl.RaftServiceManager - RaftServer{2} - Applying Indexed{index=4, entry=CommandEntry{term=1, timestamp=2018-05-30 11:13:32,531, session=2, sequence=1, operation=PrimitiveOperation{id=DefaultOperationId{id=write, type=COMMAND}, value=byte[]{length=17, hash=-1644578928}}}}
11:13:32.631 [raft-server-2-state] TRACE i.a.p.s.impl.DefaultServiceExecutor - PrimitiveService{2}{type=PrimitiveType{name=test}, name=test} - Executing DefaultCommit{index=4, session=RaftSession{RaftServiceContext{server=2, type=PrimitiveType{name=test}, name=test, id=2}, session=2, timestamp=2018-05-30 11:13:32,531}, time=2018-05-30 11:13:32,531, operation=DefaultOperationId{id=write, type=COMMAND}, value=byte[]{length=17, hash=-1644578928}}
11:13:32.632 [raft-client-a5a0def7-e1df-4503-b1c6-00519ae66cf7-2] TRACE i.a.p.r.p.impl.RaftProxyConnection - PartitionProxy{2}{type=PrimitiveType{name=test}, name=test} - Sending CommandRequest{session=2, sequence=2, operation=PrimitiveOperation{id=DefaultOperationId{id=write, type=COMMAND}, value=byte[]{length=17, hash=-1644578928}}} to 2
11:13:32.632 [raft-server-2] TRACE i.a.p.raft.roles.FollowerRole - RaftServer{2}{role=FOLLOWER} - Received CommandRequest{session=2, sequence=2, operation=PrimitiveOperation{id=DefaultOperationId{id=write, type=COMMAND}, value=byte[]{length=17, hash=-1644578928}}}
11:13:32.647 [raft-server-1] TRACE i.a.p.raft.roles.LeaderAppender - RaftServer{1} - Received AppendResponse{status=OK, term=1, succeeded=true, lastLogIndex=4} from 2
11:13:32.647 [raft-server-1] TRACE i.a.p.raft.roles.LeaderAppender - RaftServer{1} - Sending AppendRequest{term=1, leader=1, prevLogIndex=4, prevLogTerm=1, entries=1, commitIndex=5} to 2
11:13:32.647 [raft-server-2] TRACE i.a.p.raft.roles.FollowerRole - RaftServer{2}{role=FOLLOWER} - Received AppendRequest{term=1, leader=1, prevLogIndex=4, prevLogTerm=1, entries=1, commitIndex=5}
11:13:32.647 [raft-server-1] TRACE i.a.protocols.raft.roles.LeaderRole - RaftServer{1}{role=LEADER} - Received CommandRequest{session=2, sequence=2, operation=PrimitiveOperation{id=DefaultOperationId{id=write, type=COMMAND}, value=byte[]{length=17, hash=-1644578928}}}
11:13:32.647 [raft-server-2] TRACE i.a.p.raft.roles.FollowerRole - RaftServer{2}{role=FOLLOWER} - Appended Indexed{index=5, entry=CommandEntry{term=1, timestamp=2018-05-30 11:13:32,597, session=2, sequence=1, operation=PrimitiveOperation{id=DefaultOperationId{id=write, type=COMMAND}, value=byte[]{length=17, hash=-1644578928}}}}
11:13:32.647 [raft-server-1] TRACE i.a.protocols.raft.roles.LeaderRole - RaftServer{1}{role=LEADER} - Appended Indexed{index=6, entry=CommandEntry{term=1, timestamp=2018-05-30 11:13:32,647, session=2, sequence=2, operation=PrimitiveOperation{id=DefaultOperationId{id=write, type=COMMAND}, value=byte[]{length=17, hash=-1644578928}}}}
11:13:32.647 [raft-server-1] TRACE i.a.p.raft.roles.LeaderAppender - RaftServer{1} - Sending AppendRequest{term=1, leader=1, prevLogIndex=5, prevLogTerm=1, entries=1, commitIndex=5} to 3
11:13:32.647 [raft-server-1-state] TRACE i.a.p.raft.impl.RaftServiceManager - RaftServer{1} - Applying Indexed{index=5, entry=CommandEntry{term=1, timestamp=2018-05-30 11:13:32,597, session=2, sequence=1, operation=PrimitiveOperation{id=DefaultOperationId{id=write, type=COMMAND}, value=byte[]{length=17, hash=-1644578928}}}}
11:13:32.648 [raft-server-3] TRACE i.a.p.raft.roles.FollowerRole - RaftServer{3}{role=FOLLOWER} - Received AppendRequest{term=1, leader=1, prevLogIndex=5, prevLogTerm=1, entries=1, commitIndex=5}
11:13:32.648 [raft-server-1-state] TRACE i.a.p.r.service.RaftServiceContext - PrimitiveService{2}{type=PrimitiveType{name=test}, name=test} - Returning cached result for command with sequence number 1 < 2
11:13:32.648 [raft-server-1-state] TRACE i.a.protocols.raft.roles.LeaderRole - RaftServer{1}{role=LEADER} - Sending CommandResponse{status=OK, index=4, eventIndex=2, result=byte[]{length=2, hash=1248}}
11:13:32.648 [raft-server-3] TRACE i.a.p.raft.roles.FollowerRole - RaftServer{3}{role=FOLLOWER} - Appended Indexed{index=6, entry=CommandEntry{term=1, timestamp=2018-05-30 11:13:32,647, session=2, sequence=2, operation=PrimitiveOperation{id=DefaultOperationId{id=write, type=COMMAND}, value=byte[]{length=17, hash=-1644578928}}}}
11:13:32.680 [raft-server-2] TRACE i.a.p.raft.roles.FollowerRole - RaftServer{2}{role=FOLLOWER} - Committed entries up to index 5
11:13:32.680 [raft-server-2] TRACE i.a.p.raft.roles.FollowerRole - RaftServer{2}{role=FOLLOWER} - Sending AppendResponse{status=OK, term=1, succeeded=true, lastLogIndex=5}
11:13:32.680 [raft-server-1] TRACE i.a.p.raft.roles.LeaderAppender - RaftServer{1} - Received AppendResponse{status=OK, term=1, succeeded=true, lastLogIndex=5} from 2
11:13:32.680 [raft-server-2] TRACE i.a.p.raft.roles.FollowerRole - RaftServer{2}{role=FOLLOWER} - Sending CommandResponse{status=OK, index=4, eventIndex=2, result=byte[]{length=2, hash=1248}}
11:13:32.680 [raft-server-1] TRACE i.a.p.raft.roles.LeaderAppender - RaftServer{1} - Sending AppendRequest{term=1, leader=1, prevLogIndex=5, prevLogTerm=1, entries=1, commitIndex=5} to 2
11:13:32.680 [raft-client-a5a0def7-e1df-4503-b1c6-00519ae66cf7-5] TRACE i.a.p.r.p.impl.RaftProxyConnection - PartitionProxy{2}{type=PrimitiveType{name=test}, name=test} - Received CommandResponse{status=OK, index=4, eventIndex=2, result=byte[]{length=2, hash=1248}} from 2
11:13:32.680 [raft-server-2-state] TRACE i.a.p.raft.impl.RaftServiceManager - RaftServer{2} - Applying Indexed{index=5, entry=CommandEntry{term=1, timestamp=2018-05-30 11:13:32,597, session=2, sequence=1, operation=PrimitiveOperation{id=DefaultOperationId{id=write, type=COMMAND}, value=byte[]{length=17, hash=-1644578928}}}}
11:13:32.680 [raft-server-2] TRACE i.a.p.raft.roles.FollowerRole - RaftServer{2}{role=FOLLOWER} - Received AppendRequest{term=1, leader=1, prevLogIndex=5, prevLogTerm=1, entries=1, commitIndex=5}
11:13:32.681 [raft-server-2-state] TRACE i.a.p.r.service.RaftServiceContext - PrimitiveService{2}{type=PrimitiveType{name=test}, name=test} - Returning cached result for command with sequence number 1 < 2
11:13:32.681 [raft-server-2] TRACE i.a.p.raft.roles.FollowerRole - RaftServer{2}{role=FOLLOWER} - Appended Indexed{index=6, entry=CommandEntry{term=1, timestamp=2018-05-30 11:13:32,647, session=2, sequence=2, operation=PrimitiveOperation{id=DefaultOperationId{id=write, type=COMMAND}, value=byte[]{length=17, hash=-1644578928}}}}
11:13:32.681 [raft-server-2] TRACE i.a.p.raft.roles.FollowerRole - RaftServer{2}{role=FOLLOWER} - Sending AppendResponse{status=OK, term=1, succeeded=true, lastLogIndex=6}
11:13:32.681 [raft-server-1] TRACE i.a.p.raft.roles.LeaderAppender - RaftServer{1} - Received AppendResponse{status=OK, term=1, succeeded=true, lastLogIndex=6} from 2
11:13:32.681 [raft-server-1] TRACE i.a.p.raft.roles.LeaderAppender - RaftServer{1} - Committed entries up to 6
11:13:32.705 [raft-server-3] TRACE i.a.p.raft.roles.FollowerRole - RaftServer{3}{role=FOLLOWER} - Committed entries up to index 5
11:13:32.705 [raft-server-3] TRACE i.a.p.raft.roles.FollowerRole - RaftServer{3}{role=FOLLOWER} - Sending AppendResponse{status=OK, term=1, succeeded=true, lastLogIndex=6}
11:13:32.705 [raft-server-3-state] TRACE i.a.p.raft.impl.RaftServiceManager - RaftServer{3} - Applying Indexed{index=5, entry=CommandEntry{term=1, timestamp=2018-05-30 11:13:32,597, session=2, sequence=1, operation=PrimitiveOperation{id=DefaultOperationId{id=write, type=COMMAND}, value=byte[]{length=17, hash=-1644578928}}}}
11:13:32.705 [raft-server-3-state] TRACE i.a.p.r.service.RaftServiceContext - PrimitiveService{2}{type=PrimitiveType{name=test}, name=test} - Returning cached result for command with sequence number 1 < 2
11:13:32.726 [raft-server-1] TRACE i.a.p.raft.roles.LeaderAppender - RaftServer{1} - Received AppendResponse{status=OK, term=1, succeeded=true, lastLogIndex=6} from 3
11:13:32.727 [raft-server-1-state] TRACE i.a.p.raft.impl.RaftServiceManager - RaftServer{1} - Applying Indexed{index=6, entry=CommandEntry{term=1, timestamp=2018-05-30 11:13:32,647, session=2, sequence=2, operation=PrimitiveOperation{id=DefaultOperationId{id=write, type=COMMAND}, value=byte[]{length=17, hash=-1644578928}}}}
11:13:32.727 [raft-server-1-state] TRACE i.a.p.s.impl.DefaultServiceExecutor - PrimitiveService{2}{type=PrimitiveType{name=test}, name=test} - Executing DefaultCommit{index=6, session=RaftSession{RaftServiceContext{server=1, type=PrimitiveType{name=test}, name=test, id=2}, session=2, timestamp=2018-05-30 11:13:32,647}, time=2018-05-30 11:13:32,647, operation=DefaultOperationId{id=write, type=COMMAND}, value=byte[]{length=17, hash=-1644578928}}
11:13:32.727 [raft-server-1-state] TRACE i.a.protocols.raft.roles.LeaderRole - RaftServer{1}{role=LEADER} - Sending CommandResponse{status=OK, index=6, eventIndex=2, result=byte[]{length=2, hash=1252}}
11:13:32.727 [raft-server-2] TRACE i.a.p.raft.roles.FollowerRole - RaftServer{2}{role=FOLLOWER} - Sending CommandResponse{status=OK, index=6, eventIndex=2, result=byte[]{length=2, hash=1252}}
11:13:32.728 [raft-client-a5a0def7-e1df-4503-b1c6-00519ae66cf7-6] TRACE i.a.p.r.p.impl.RaftProxyConnection - PartitionProxy{2}{type=PrimitiveType{name=test}, name=test} - Received CommandResponse{status=OK, index=6, eventIndex=2, result=byte[]{length=2, hash=1252}} from 2
11:13:32.728 [raft-client-a5a0def7-e1df-4503-b1c6-00519ae66cf7-6] TRACE i.a.p.r.p.impl.RaftProxySequencer - PartitionProxy{2}{type=PrimitiveType{name=test}, name=test} - Completing response CommandResponse{status=OK, index=6, eventIndex=2, result=byte[]{length=2, hash=1252}}
11:13:32.729 [raft-client-a5a0def7-e1df-4503-b1c6-00519ae66cf7-1] TRACE i.a.p.r.p.impl.RaftProxyConnection - PartitionProxy{2}{type=PrimitiveType{name=test}, name=test} - Sending CommandRequest{session=2, sequence=3, operation=PrimitiveOperation{id=DefaultOperationId{id=write, type=COMMAND}, value=byte[]{length=17, hash=-1644578928}}} to 2
11:13:32.729 [raft-server-2] TRACE i.a.p.raft.roles.FollowerRole - RaftServer{2}{role=FOLLOWER} - Received CommandRequest{session=2, sequence=3, operation=PrimitiveOperation{id=DefaultOperationId{id=write, type=COMMAND}, value=byte[]{length=17, hash=-1644578928}}}
11:13:32.729 [raft-server-1] TRACE i.a.protocols.raft.roles.LeaderRole - RaftServer{1}{role=LEADER} - Received CommandRequest{session=2, sequence=3, operation=PrimitiveOperation{id=DefaultOperationId{id=write, type=COMMAND}, value=byte[]{length=17, hash=-1644578928}}}
11:13:32.729 [raft-server-1] TRACE i.a.protocols.raft.roles.LeaderRole - RaftServer{1}{role=LEADER} - Appended Indexed{index=7, entry=CommandEntry{term=1, timestamp=2018-05-30 11:13:32,729, session=2, sequence=3, operation=PrimitiveOperation{id=DefaultOperationId{id=write, type=COMMAND}, value=byte[]{length=17, hash=-1644578928}}}}
11:13:32.729 [raft-server-1] TRACE i.a.p.raft.roles.LeaderAppender - RaftServer{1} - Sending AppendRequest{term=1, leader=1, prevLogIndex=6, prevLogTerm=1, entries=1, commitIndex=6} to 2
11:13:32.730 [raft-server-2] TRACE i.a.p.raft.roles.FollowerRole - RaftServer{2}{role=FOLLOWER} - Received AppendRequest{term=1, leader=1, prevLogIndex=6, prevLogTerm=1, entries=1, commitIndex=6}
11:13:32.730 [raft-server-1] TRACE i.a.p.raft.roles.LeaderAppender - RaftServer{1} - Sending AppendRequest{term=1, leader=1, prevLogIndex=6, prevLogTerm=1, entries=1, commitIndex=6} to 3
11:13:32.730 [raft-server-2] TRACE i.a.p.raft.roles.FollowerRole - RaftServer{2}{role=FOLLOWER} - Appended Indexed{index=7, entry=CommandEntry{term=1, timestamp=2018-05-30 11:13:32,729, session=2, sequence=3, operation=PrimitiveOperation{id=DefaultOperationId{id=write, type=COMMAND}, value=byte[]{length=17, hash=-1644578928}}}}
11:13:32.730 [raft-server-3] TRACE i.a.p.raft.roles.FollowerRole - RaftServer{3}{role=FOLLOWER} - Received AppendRequest{term=1, leader=1, prevLogIndex=6, prevLogTerm=1, entries=1, commitIndex=6}
11:13:32.730 [raft-server-3] TRACE i.a.p.raft.roles.FollowerRole - RaftServer{3}{role=FOLLOWER} - Appended Indexed{index=7, entry=CommandEntry{term=1, timestamp=2018-05-30 11:13:32,729, session=2, sequence=3, operation=PrimitiveOperation{id=DefaultOperationId{id=write, type=COMMAND}, value=byte[]{length=17, hash=-1644578928}}}}
11:13:32.755 [raft-server-2] TRACE i.a.p.raft.roles.FollowerRole - RaftServer{2}{role=FOLLOWER} - Committed entries up to index 6
11:13:32.755 [raft-server-2] TRACE i.a.p.raft.roles.FollowerRole - RaftServer{2}{role=FOLLOWER} - Sending AppendResponse{status=OK, term=1, succeeded=true, lastLogIndex=7}
11:13:32.755 [raft-server-1] TRACE i.a.p.raft.roles.LeaderAppender - RaftServer{1} - Received AppendResponse{status=OK, term=1, succeeded=true, lastLogIndex=7} from 2
11:13:32.755 [raft-server-1] TRACE i.a.p.raft.roles.LeaderAppender - RaftServer{1} - Committed entries up to 7
11:13:32.755 [raft-server-2-state] TRACE i.a.p.raft.impl.RaftServiceManager - RaftServer{2} - Applying Indexed{index=6, entry=CommandEntry{term=1, timestamp=2018-05-30 11:13:32,647, session=2, sequence=2, operation=PrimitiveOperation{id=DefaultOperationId{id=write, type=COMMAND}, value=byte[]{length=17, hash=-1644578928}}}}
11:13:32.755 [raft-server-2-state] TRACE i.a.p.s.impl.DefaultServiceExecutor - PrimitiveService{2}{type=PrimitiveType{name=test}, name=test} - Executing DefaultCommit{index=6, session=RaftSession{RaftServiceContext{server=2, type=PrimitiveType{name=test}, name=test, id=2}, session=2, timestamp=2018-05-30 11:13:32,647}, time=2018-05-30 11:13:32,647, operation=DefaultOperationId{id=write, type=COMMAND}, value=byte[]{length=17, hash=-1644578928}}
11:13:32.778 [raft-server-3] TRACE i.a.p.raft.roles.FollowerRole - RaftServer{3}{role=FOLLOWER} - Committed entries up to index 6
11:13:32.778 [raft-server-3] TRACE i.a.p.raft.roles.FollowerRole - RaftServer{3}{role=FOLLOWER} - Sending AppendResponse{status=OK, term=1, succeeded=true, lastLogIndex=7}
11:13:32.778 [raft-server-3-state] TRACE i.a.p.raft.impl.RaftServiceManager - RaftServer{3} - Applying Indexed{index=6, entry=CommandEntry{term=1, timestamp=2018-05-30 11:13:32,647, session=2, sequence=2, operation=PrimitiveOperation{id=DefaultOperationId{id=write, type=COMMAND}, value=byte[]{length=17, hash=-1644578928}}}}
11:13:32.779 [raft-server-3-state] TRACE i.a.p.s.impl.DefaultServiceExecutor - PrimitiveService{2}{type=PrimitiveType{name=test}, name=test} - Executing DefaultCommit{index=6, session=RaftSession{RaftServiceContext{server=3, type=PrimitiveType{name=test}, name=test, id=2}, session=2, timestamp=2018-05-30 11:13:32,647}, time=2018-05-30 11:13:32,647, operation=DefaultOperationId{id=write, type=COMMAND}, value=byte[]{length=17, hash=-1644578928}}
11:13:32.802 [raft-server-1] TRACE i.a.p.raft.roles.LeaderAppender - RaftServer{1} - Sending AppendRequest{term=1, leader=1, prevLogIndex=7, prevLogTerm=1, entries=0, commitIndex=7} to 2
11:13:32.802 [raft-server-1] TRACE i.a.p.raft.roles.LeaderAppender - RaftServer{1} - Received AppendResponse{status=OK, term=1, succeeded=true, lastLogIndex=7} from 3
11:13:32.802 [raft-server-2] TRACE i.a.p.raft.roles.FollowerRole - RaftServer{2}{role=FOLLOWER} - Received AppendRequest{term=1, leader=1, prevLogIndex=7, prevLogTerm=1, entries=0, commitIndex=7}
11:13:32.802 [raft-server-1] TRACE i.a.p.raft.roles.LeaderAppender - RaftServer{1} - Sending AppendRequest{term=1, leader=1, prevLogIndex=7, prevLogTerm=1, entries=0, commitIndex=7} to 3
11:13:32.802 [raft-server-3] TRACE i.a.p.raft.roles.FollowerRole - RaftServer{3}{role=FOLLOWER} - Received AppendRequest{term=1, leader=1, prevLogIndex=7, prevLogTerm=1, entries=0, commitIndex=7}
11:13:32.802 [raft-server-1-state] TRACE i.a.p.raft.impl.RaftServiceManager - RaftServer{1} - Applying Indexed{index=7, entry=CommandEntry{term=1, timestamp=2018-05-30 11:13:32,729, session=2, sequence=3, operation=PrimitiveOperation{id=DefaultOperationId{id=write, type=COMMAND}, value=byte[]{length=17, hash=-1644578928}}}}
11:13:32.803 [raft-server-1-state] TRACE i.a.p.s.impl.DefaultServiceExecutor - PrimitiveService{2}{type=PrimitiveType{name=test}, name=test} - Executing DefaultCommit{index=7, session=RaftSession{RaftServiceContext{server=1, type=PrimitiveType{name=test}, name=test, id=2}, session=2, timestamp=2018-05-30 11:13:32,729}, time=2018-05-30 11:13:32,729, operation=DefaultOperationId{id=write, type=COMMAND}, value=byte[]{length=17, hash=-1644578928}}
11:13:32.803 [raft-server-1-state] TRACE i.a.protocols.raft.roles.LeaderRole - RaftServer{1}{role=LEADER} - Sending CommandResponse{status=OK, index=7, eventIndex=2, result=byte[]{length=2, hash=1254}}
11:13:32.821 [raft-server-2] TRACE i.a.p.raft.roles.FollowerRole - RaftServer{2}{role=FOLLOWER} - Committed entries up to index 7
11:13:32.822 [raft-server-2] TRACE i.a.p.raft.roles.FollowerRole - RaftServer{2}{role=FOLLOWER} - Sending AppendResponse{status=OK, term=1, succeeded=true, lastLogIndex=7}
11:13:32.822 [raft-server-1] TRACE i.a.p.raft.roles.LeaderAppender - RaftServer{1} - Received AppendResponse{status=OK, term=1, succeeded=true, lastLogIndex=7} from 2
11:13:32.822 [raft-server-2] TRACE i.a.p.raft.roles.FollowerRole - RaftServer{2}{role=FOLLOWER} - Sending CommandResponse{status=OK, index=7, eventIndex=2, result=byte[]{length=2, hash=1254}}
11:13:32.822 [raft-client-a5a0def7-e1df-4503-b1c6-00519ae66cf7-0] TRACE i.a.p.r.p.impl.RaftProxyConnection - PartitionProxy{2}{type=PrimitiveType{name=test}, name=test} - Received CommandResponse{status=OK, index=7, eventIndex=2, result=byte[]{length=2, hash=1254}} from 2
11:13:32.822 [raft-server-2-state] TRACE i.a.p.raft.impl.RaftServiceManager - RaftServer{2} - Applying Indexed{index=7, entry=CommandEntry{term=1, timestamp=2018-05-30 11:13:32,729, session=2, sequence=3, operation=PrimitiveOperation{id=DefaultOperationId{id=write, type=COMMAND}, value=byte[]{length=17, hash=-1644578928}}}}
11:13:32.822 [raft-client-a5a0def7-e1df-4503-b1c6-00519ae66cf7-0] TRACE i.a.p.r.p.impl.RaftProxySequencer - PartitionProxy{2}{type=PrimitiveType{name=test}, name=test} - Completing response CommandResponse{status=OK, index=7, eventIndex=2, result=byte[]{length=2, hash=1254}}
11:13:32.822 [raft-server-2-state] TRACE i.a.p.s.impl.DefaultServiceExecutor - PrimitiveService{2}{type=PrimitiveType{name=test}, name=test} - Executing DefaultCommit{index=7, session=RaftSession{RaftServiceContext{server=2, type=PrimitiveType{name=test}, name=test, id=2}, session=2, timestamp=2018-05-30 11:13:32,729}, time=2018-05-30 11:13:32,729, operation=DefaultOperationId{id=write, type=COMMAND}, value=byte[]{length=17, hash=-1644578928}}
11:13:32.823 [raft-client-a5a0def7-e1df-4503-b1c6-00519ae66cf7-3] TRACE i.a.p.r.p.impl.RaftProxyConnection - PartitionProxy{2}{type=PrimitiveType{name=test}, name=test} - Sending CommandRequest{session=2, sequence=4, operation=PrimitiveOperation{id=DefaultOperationId{id=write, type=COMMAND}, value=byte[]{length=17, hash=-1644578928}}} to 2
11:13:32.823 [raft-server-2] TRACE i.a.p.raft.roles.FollowerRole - RaftServer{2}{role=FOLLOWER} - Received CommandRequest{session=2, sequence=4, operation=PrimitiveOperation{id=DefaultOperationId{id=write, type=COMMAND}, value=byte[]{length=17, hash=-1644578928}}}
11:13:32.823 [raft-server-1] TRACE i.a.protocols.raft.roles.LeaderRole - RaftServer{1}{role=LEADER} - Received CommandRequest{session=2, sequence=4, operation=PrimitiveOperation{id=DefaultOperationId{id=write, type=COMMAND}, value=byte[]{length=17, hash=-1644578928}}}
11:13:32.824 [raft-server-1] TRACE i.a.protocols.raft.roles.LeaderRole - RaftServer{1}{role=LEADER} - Appended Indexed{index=8, entry=CommandEntry{term=1, timestamp=2018-05-30 11:13:32,823, session=2, sequence=4, operation=PrimitiveOperation{id=DefaultOperationId{id=write, type=COMMAND}, value=byte[]{length=17, hash=-1644578928}}}}
11:13:32.824 [raft-server-1] TRACE i.a.p.raft.roles.LeaderAppender - RaftServer{1} - Sending AppendRequest{term=1, leader=1, prevLogIndex=7, prevLogTerm=1, entries=1, commitIndex=7} to 2
11:13:32.824 [raft-server-2] TRACE i.a.p.raft.roles.FollowerRole - RaftServer{2}{role=FOLLOWER} - Received AppendRequest{term=1, leader=1, prevLogIndex=7, prevLogTerm=1, entries=1, commitIndex=7}
11:13:32.824 [raft-server-1] TRACE i.a.p.raft.roles.LeaderAppender - RaftServer{1} - Sending AppendRequest{term=1, leader=1, prevLogIndex=7, prevLogTerm=1, entries=1, commitIndex=7} to 3
11:13:32.824 [raft-server-2] TRACE i.a.p.raft.roles.FollowerRole - RaftServer{2}{role=FOLLOWER} - Appended Indexed{index=8, entry=CommandEntry{term=1, timestamp=2018-05-30 11:13:32,823, session=2, sequence=4, operation=PrimitiveOperation{id=DefaultOperationId{id=write, type=COMMAND}, value=byte[]{length=17, hash=-1644578928}}}}
11:13:32.824 [raft-server-2] TRACE i.a.p.raft.roles.FollowerRole - RaftServer{2}{role=FOLLOWER} - Sending AppendResponse{status=OK, term=1, succeeded=true, lastLogIndex=8}
11:13:32.824 [raft-server-1] TRACE i.a.p.raft.roles.LeaderAppender - RaftServer{1} - Received AppendResponse{status=OK, term=1, succeeded=true, lastLogIndex=8} from 2
11:13:32.824 [raft-server-1] TRACE i.a.p.raft.roles.LeaderAppender - RaftServer{1} - Committed entries up to 8
11:13:32.855 [raft-server-3] TRACE i.a.p.raft.roles.FollowerRole - RaftServer{3}{role=FOLLOWER} - Committed entries up to index 7
11:13:32.855 [raft-server-3] TRACE i.a.p.raft.roles.FollowerRole - RaftServer{3}{role=FOLLOWER} - Sending AppendResponse{status=OK, term=1, succeeded=true, lastLogIndex=7}
11:13:32.855 [raft-server-3] TRACE i.a.p.raft.roles.FollowerRole - RaftServer{3}{role=FOLLOWER} - Received AppendRequest{term=1, leader=1, prevLogIndex=7, prevLogTerm=1, entries=1, commitIndex=7}
11:13:32.855 [raft-server-3] TRACE i.a.p.raft.roles.FollowerRole - RaftServer{3}{role=FOLLOWER} - Appended Indexed{index=8, entry=CommandEntry{term=1, timestamp=2018-05-30 11:13:32,823, session=2, sequence=4, operation=PrimitiveOperation{id=DefaultOperationId{id=write, type=COMMAND}, value=byte[]{length=17, hash=-1644578928}}}}
11:13:32.856 [raft-server-3] TRACE i.a.p.raft.roles.FollowerRole - RaftServer{3}{role=FOLLOWER} - Sending AppendResponse{status=OK, term=1, succeeded=true, lastLogIndex=8}
11:13:32.856 [raft-server-3-state] TRACE i.a.p.raft.impl.RaftServiceManager - RaftServer{3} - Applying Indexed{index=7, entry=CommandEntry{term=1, timestamp=2018-05-30 11:13:32,729, session=2, sequence=3, operation=PrimitiveOperation{id=DefaultOperationId{id=write, type=COMMAND}, value=byte[]{length=17, hash=-1644578928}}}}
11:13:32.856 [raft-server-3-state] TRACE i.a.p.s.impl.DefaultServiceExecutor - PrimitiveService{2}{type=PrimitiveType{name=test}, name=test} - Executing DefaultCommit{index=7, session=RaftSession{RaftServiceContext{server=3, type=PrimitiveType{name=test}, name=test, id=2}, session=2, timestamp=2018-05-30 11:13:32,729}, time=2018-05-30 11:13:32,729, operation=DefaultOperationId{id=write, type=COMMAND}, value=byte[]{length=17, hash=-1644578928}}
11:13:32.880 [raft-server-1] TRACE i.a.p.raft.roles.LeaderAppender - RaftServer{1} - Received AppendResponse{status=OK, term=1, succeeded=true, lastLogIndex=7} from 3
11:13:32.880 [raft-server-1] TRACE i.a.p.raft.roles.LeaderAppender - RaftServer{1} - Received AppendResponse{status=OK, term=1, succeeded=true, lastLogIndex=8} from 3
11:13:32.880 [raft-server-1-state] TRACE i.a.p.raft.impl.RaftServiceManager - RaftServer{1} - Applying Indexed{index=8, entry=CommandEntry{term=1, timestamp=2018-05-30 11:13:32,823, session=2, sequence=4, operation=PrimitiveOperation{id=DefaultOperationId{id=write, type=COMMAND}, value=byte[]{length=17, hash=-1644578928}}}}
11:13:32.880 [raft-server-1-state] TRACE i.a.p.s.impl.DefaultServiceExecutor - PrimitiveService{2}{type=PrimitiveType{name=test}, name=test} - Executing DefaultCommit{index=8, session=RaftSession{RaftServiceContext{server=1, type=PrimitiveType{name=test}, name=test, id=2}, session=2, timestamp=2018-05-30 11:13:32,823}, time=2018-05-30 11:13:32,823, operation=DefaultOperationId{id=write, type=COMMAND}, value=byte[]{length=17, hash=-1644578928}}
11:13:32.881 [raft-server-1-state] TRACE i.a.protocols.raft.roles.LeaderRole - RaftServer{1}{role=LEADER} - Sending CommandResponse{status=OK, index=8, eventIndex=2, result=byte[]{length=2, hash=1256}}
11:13:32.881 [raft-server-2] TRACE i.a.p.raft.roles.FollowerRole - RaftServer{2}{role=FOLLOWER} - Sending CommandResponse{status=OK, index=8, eventIndex=2, result=byte[]{length=2, hash=1256}}
11:13:32.881 [raft-client-a5a0def7-e1df-4503-b1c6-00519ae66cf7-2] TRACE i.a.p.r.p.impl.RaftProxyConnection - PartitionProxy{2}{type=PrimitiveType{name=test}, name=test} - Received CommandResponse{status=OK, index=8, eventIndex=2, result=byte[]{length=2, hash=1256}} from 2
11:13:32.881 [raft-client-a5a0def7-e1df-4503-b1c6-00519ae66cf7-2] TRACE i.a.p.r.p.impl.RaftProxySequencer - PartitionProxy{2}{type=PrimitiveType{name=test}, name=test} - Completing response CommandResponse{status=OK, index=8, eventIndex=2, result=byte[]{length=2, hash=1256}}
11:13:32.882 [raft-client-a5a0def7-e1df-4503-b1c6-00519ae66cf7-7] TRACE i.a.p.r.p.impl.RaftProxyConnection - PartitionProxy{2}{type=PrimitiveType{name=test}, name=test} - Sending CommandRequest{session=2, sequence=5, operation=PrimitiveOperation{id=DefaultOperationId{id=write, type=COMMAND}, value=byte[]{length=17, hash=-1644578928}}} to 2
11:13:32.883 [raft-server-2] TRACE i.a.p.raft.roles.FollowerRole - RaftServer{2}{role=FOLLOWER} - Received CommandRequest{session=2, sequence=5, operation=PrimitiveOperation{id=DefaultOperationId{id=write, type=COMMAND}, value=byte[]{length=17, hash=-1644578928}}}
11:13:32.883 [raft-server-1] TRACE i.a.protocols.raft.roles.LeaderRole - RaftServer{1}{role=LEADER} - Received CommandRequest{session=2, sequence=5, operation=PrimitiveOperation{id=DefaultOperationId{id=write, type=COMMAND}, value=byte[]{length=17, hash=-1644578928}}}
11:13:32.883 [raft-server-1] TRACE i.a.protocols.raft.roles.LeaderRole - RaftServer{1}{role=LEADER} - Appended Indexed{index=9, entry=CommandEntry{term=1, timestamp=2018-05-30 11:13:32,883, session=2, sequence=5, operation=PrimitiveOperation{id=DefaultOperationId{id=write, type=COMMAND}, value=byte[]{length=17, hash=-1644578928}}}}
11:13:32.883 [raft-server-1] TRACE i.a.p.raft.roles.LeaderAppender - RaftServer{1} - Sending AppendRequest{term=1, leader=1, prevLogIndex=8, prevLogTerm=1, entries=1, commitIndex=8} to 2
11:13:32.883 [raft-server-2] TRACE i.a.p.raft.roles.FollowerRole - RaftServer{2}{role=FOLLOWER} - Received AppendRequest{term=1, leader=1, prevLogIndex=8, prevLogTerm=1, entries=1, commitIndex=8}
11:13:32.883 [raft-server-1] TRACE i.a.p.raft.roles.LeaderAppender - RaftServer{1} - Sending AppendRequest{term=1, leader=1, prevLogIndex=8, prevLogTerm=1, entries=1, commitIndex=8} to 3
11:13:32.884 [raft-server-2] TRACE i.a.p.raft.roles.FollowerRole - RaftServer{2}{role=FOLLOWER} - Appended Indexed{index=9, entry=CommandEntry{term=1, timestamp=2018-05-30 11:13:32,883, session=2, sequence=5, operation=PrimitiveOperation{id=DefaultOperationId{id=write, type=COMMAND}, value=byte[]{length=17, hash=-1644578928}}}}
11:13:32.884 [raft-server-3] TRACE i.a.p.raft.roles.FollowerRole - RaftServer{3}{role=FOLLOWER} - Received AppendRequest{term=1, leader=1, prevLogIndex=8, prevLogTerm=1, entries=1, commitIndex=8}
11:13:32.884 [raft-server-3] TRACE i.a.p.raft.roles.FollowerRole - RaftServer{3}{role=FOLLOWER} - Appended Indexed{index=9, entry=CommandEntry{term=1, timestamp=2018-05-30 11:13:32,883, session=2, sequence=5, operation=PrimitiveOperation{id=DefaultOperationId{id=write, type=COMMAND}, value=byte[]{length=17, hash=-1644578928}}}}
11:13:32.918 [raft-server-2] TRACE i.a.p.raft.roles.FollowerRole - RaftServer{2}{role=FOLLOWER} - Committed entries up to index 8
11:13:32.918 [raft-server-2] TRACE i.a.p.raft.roles.FollowerRole - RaftServer{2}{role=FOLLOWER} - Sending AppendResponse{status=OK, term=1, succeeded=true, lastLogIndex=9}
11:13:32.918 [raft-server-1] TRACE i.a.p.raft.roles.LeaderAppender - RaftServer{1} - Received AppendResponse{status=OK, term=1, succeeded=true, lastLogIndex=9} from 2
11:13:32.918 [raft-server-1] TRACE i.a.p.raft.roles.LeaderAppender - RaftServer{1} - Committed entries up to 9
11:13:32.918 [raft-server-2-state] TRACE i.a.p.raft.impl.RaftServiceManager - RaftServer{2} - Applying Indexed{index=8, entry=CommandEntry{term=1, timestamp=2018-05-30 11:13:32,823, session=2, sequence=4, operation=PrimitiveOperation{id=DefaultOperationId{id=write, type=COMMAND}, value=byte[]{length=17, hash=-1644578928}}}}
11:13:32.919 [raft-server-2-state] TRACE i.a.p.s.impl.DefaultServiceExecutor - PrimitiveService{2}{type=PrimitiveType{name=test}, name=test} - Executing DefaultCommit{index=8, session=RaftSession{RaftServiceContext{server=2, type=PrimitiveType{name=test}, name=test, id=2}, session=2, timestamp=2018-05-30 11:13:32,823}, time=2018-05-30 11:13:32,823, operation=DefaultOperationId{id=write, type=COMMAND}, value=byte[]{length=17, hash=-1644578928}}
11:13:32.951 [raft-server-3] TRACE i.a.p.raft.roles.FollowerRole - RaftServer{3}{role=FOLLOWER} - Committed entries up to index 8
11:13:32.952 [raft-server-3] TRACE i.a.p.raft.roles.FollowerRole - RaftServer{3}{role=FOLLOWER} - Sending AppendResponse{status=OK, term=1, succeeded=true, lastLogIndex=9}
11:13:32.952 [raft-server-3-state] TRACE i.a.p.raft.impl.RaftServiceManager - RaftServer{3} - Applying Indexed{index=8, entry=CommandEntry{term=1, timestamp=2018-05-30 11:13:32,823, session=2, sequence=4, operation=PrimitiveOperation{id=DefaultOperationId{id=write, type=COMMAND}, value=byte[]{length=17, hash=-1644578928}}}}
11:13:32.952 [raft-server-3-state] TRACE i.a.p.s.impl.DefaultServiceExecutor - PrimitiveService{2}{type=PrimitiveType{name=test}, name=test} - Executing DefaultCommit{index=8, session=RaftSession{RaftServiceContext{server=3, type=PrimitiveType{name=test}, name=test, id=2}, session=2, timestamp=2018-05-30 11:13:32,823}, time=2018-05-30 11:13:32,823, operation=DefaultOperationId{id=write, type=COMMAND}, value=byte[]{length=17, hash=-1644578928}}
11:13:32.971 [raft-server-1] TRACE i.a.p.raft.roles.LeaderAppender - RaftServer{1} - Received AppendResponse{status=OK, term=1, succeeded=true, lastLogIndex=9} from 3
11:13:32.972 [raft-server-1-state] TRACE i.a.p.raft.impl.RaftServiceManager - RaftServer{1} - Applying Indexed{index=9, entry=CommandEntry{term=1, timestamp=2018-05-30 11:13:32,883, session=2, sequence=5, operation=PrimitiveOperation{id=DefaultOperationId{id=write, type=COMMAND}, value=byte[]{length=17, hash=-1644578928}}}}
11:13:32.972 [raft-server-1-state] TRACE i.a.p.s.impl.DefaultServiceExecutor - PrimitiveService{2}{type=PrimitiveType{name=test}, name=test} - Executing DefaultCommit{index=9, session=RaftSession{RaftServiceContext{server=1, type=PrimitiveType{name=test}, name=test, id=2}, session=2, timestamp=2018-05-30 11:13:32,883}, time=2018-05-30 11:13:32,883, operation=DefaultOperationId{id=write, type=COMMAND}, value=byte[]{length=17, hash=-1644578928}}
11:13:32.972 [raft-server-1-state] TRACE i.a.protocols.raft.roles.LeaderRole - RaftServer{1}{role=LEADER} - Sending CommandResponse{status=OK, index=9, eventIndex=2, result=byte[]{length=2, hash=1258}}
11:13:32.973 [raft-server-2] TRACE i.a.p.raft.roles.FollowerRole - RaftServer{2}{role=FOLLOWER} - Sending CommandResponse{status=OK, index=9, eventIndex=2, result=byte[]{length=2, hash=1258}}
11:13:32.973 [raft-client-a5a0def7-e1df-4503-b1c6-00519ae66cf7-6] TRACE i.a.p.r.p.impl.RaftProxyConnection - PartitionProxy{2}{type=PrimitiveType{name=test}, name=test} - Received CommandResponse{status=OK, index=9, eventIndex=2, result=byte[]{length=2, hash=1258}} from 2
11:13:32.973 [raft-client-a5a0def7-e1df-4503-b1c6-00519ae66cf7-6] TRACE i.a.p.r.p.impl.RaftProxySequencer - PartitionProxy{2}{type=PrimitiveType{name=test}, name=test} - Completing response CommandResponse{status=OK, index=9, eventIndex=2, result=byte[]{length=2, hash=1258}}
11:13:32.974 [raft-client-a5a0def7-e1df-4503-b1c6-00519ae66cf7-2] TRACE i.a.p.r.p.impl.RaftProxyConnection - PartitionProxy{2}{type=PrimitiveType{name=test}, name=test} - Sending CommandRequest{session=2, sequence=6, operation=PrimitiveOperation{id=DefaultOperationId{id=write, type=COMMAND}, value=byte[]{length=17, hash=-1644578928}}} to 2
11:13:32.974 [raft-server-2] TRACE i.a.p.raft.roles.FollowerRole - RaftServer{2}{role=FOLLOWER} - Received CommandRequest{session=2, sequence=6, operation=PrimitiveOperation{id=DefaultOperationId{id=write, type=COMMAND}, value=byte[]{length=17, hash=-1644578928}}}
11:13:32.974 [raft-server-1] TRACE i.a.protocols.raft.roles.LeaderRole - RaftServer{1}{role=LEADER} - Received CommandRequest{session=2, sequence=6, operation=PrimitiveOperation{id=DefaultOperationId{id=write, type=COMMAND}, value=byte[]{length=17, hash=-1644578928}}}
11:13:32.974 [raft-server-1] TRACE i.a.protocols.raft.roles.LeaderRole - RaftServer{1}{role=LEADER} - Appended Indexed{index=10, entry=CommandEntry{term=1, timestamp=2018-05-30 11:13:32,974, session=2, sequence=6, operation=PrimitiveOperation{id=DefaultOperationId{id=write, type=COMMAND}, value=byte[]{length=17, hash=-1644578928}}}}
11:13:32.974 [raft-server-1] TRACE i.a.p.raft.roles.LeaderAppender - RaftServer{1} - Sending AppendRequest{term=1, leader=1, prevLogIndex=9, prevLogTerm=1, entries=1, commitIndex=9} to 2
11:13:32.974 [raft-server-2] TRACE i.a.p.raft.roles.FollowerRole - RaftServer{2}{role=FOLLOWER} - Received AppendRequest{term=1, leader=1, prevLogIndex=9, prevLogTerm=1, entries=1, commitIndex=9}
11:13:32.974 [raft-server-1] TRACE i.a.p.raft.roles.LeaderAppender - RaftServer{1} - Sending AppendRequest{term=1, leader=1, prevLogIndex=9, prevLogTerm=1, entries=1, commitIndex=9} to 3
11:13:32.975 [raft-server-2] TRACE i.a.p.raft.roles.FollowerRole - RaftServer{2}{role=FOLLOWER} - Appended Indexed{index=10, entry=CommandEntry{term=1, timestamp=2018-05-30 11:13:32,974, session=2, sequence=6, operation=PrimitiveOperation{id=DefaultOperationId{id=write, type=COMMAND}, value=byte[]{length=17, hash=-1644578928}}}}
11:13:32.975 [raft-server-3] TRACE i.a.p.raft.roles.FollowerRole - RaftServer{3}{role=FOLLOWER} - Received AppendRequest{term=1, leader=1, prevLogIndex=9, prevLogTerm=1, entries=1, commitIndex=9}
11:13:32.975 [raft-server-3] TRACE i.a.p.raft.roles.FollowerRole - RaftServer{3}{role=FOLLOWER} - Appended Indexed{index=10, entry=CommandEntry{term=1, timestamp=2018-05-30 11:13:32,974, session=2, sequence=6, operation=PrimitiveOperation{id=DefaultOperationId{id=write, type=COMMAND}, value=byte[]{length=17, hash=-1644578928}}}}
11:13:33.010 [raft-server-3] TRACE i.a.p.raft.roles.FollowerRole - RaftServer{3}{role=FOLLOWER} - Committed entries up to index 9
11:13:33.010 [raft-server-2] TRACE i.a.p.raft.roles.FollowerRole - RaftServer{2}{role=FOLLOWER} - Committed entries up to index 9
11:13:33.010 [raft-server-3] TRACE i.a.p.raft.roles.FollowerRole - RaftServer{3}{role=FOLLOWER} - Sending AppendResponse{status=OK, term=1, succeeded=true, lastLogIndex=10}
11:13:33.010 [raft-server-2] TRACE i.a.p.raft.roles.FollowerRole - RaftServer{2}{role=FOLLOWER} - Sending AppendResponse{status=OK, term=1, succeeded=true, lastLogIndex=10}
11:13:33.010 [raft-server-1] TRACE i.a.p.raft.roles.LeaderAppender - RaftServer{1} - Received AppendResponse{status=OK, term=1, succeeded=true, lastLogIndex=10} from 3
11:13:33.010 [raft-server-1] TRACE i.a.p.raft.roles.LeaderAppender - RaftServer{1} - Committed entries up to 10
11:13:33.010 [raft-server-3-state] TRACE i.a.p.raft.impl.RaftServiceManager - RaftServer{3} - Applying Indexed{index=9, entry=CommandEntry{term=1, timestamp=2018-05-30 11:13:32,883, session=2, sequence=5, operation=PrimitiveOperation{id=DefaultOperationId{id=write, type=COMMAND}, value=byte[]{length=17, hash=-1644578928}}}}
11:13:33.010 [raft-server-2-state] TRACE i.a.p.raft.impl.RaftServiceManager - RaftServer{2} - Applying Indexed{index=9, entry=CommandEntry{term=1, timestamp=2018-05-30 11:13:32,883, session=2, sequence=5, operation=PrimitiveOperation{id=DefaultOperationId{id=write, type=COMMAND}, value=byte[]{length=17, hash=-1644578928}}}}
11:13:33.010 [raft-server-3-state] TRACE i.a.p.s.impl.DefaultServiceExecutor - PrimitiveService{2}{type=PrimitiveType{name=test}, name=test} - Executing DefaultCommit{index=9, session=RaftSession{RaftServiceContext{server=3, type=PrimitiveType{name=test}, name=test, id=2}, session=2, timestamp=2018-05-30 11:13:32,883}, time=2018-05-30 11:13:32,883, operation=DefaultOperationId{id=write, type=COMMAND}, value=byte[]{length=17, hash=-1644578928}}
11:13:33.010 [raft-server-2-state] TRACE i.a.p.s.impl.DefaultServiceExecutor - PrimitiveService{2}{type=PrimitiveType{name=test}, name=test} - Executing DefaultCommit{index=9, session=RaftSession{RaftServiceContext{server=2, type=PrimitiveType{name=test}, name=test, id=2}, session=2, timestamp=2018-05-30 11:13:32,883}, time=2018-05-30 11:13:32,883, operation=DefaultOperationId{id=write, type=COMMAND}, value=byte[]{length=17, hash=-1644578928}}
11:13:33.043 [raft-server-1] TRACE i.a.p.raft.roles.LeaderAppender - RaftServer{1} - Received AppendResponse{status=OK, term=1, succeeded=true, lastLogIndex=10} from 2
11:13:33.043 [raft-server-1] TRACE i.a.p.raft.roles.LeaderAppender - RaftServer{1} - Sending AppendRequest{term=1, leader=1, prevLogIndex=10, prevLogTerm=1, entries=0, commitIndex=10} to 2
11:13:33.044 [raft-server-2] TRACE i.a.p.raft.roles.FollowerRole - RaftServer{2}{role=FOLLOWER} - Received AppendRequest{term=1, leader=1, prevLogIndex=10, prevLogTerm=1, entries=0, commitIndex=10}
11:13:33.044 [raft-server-1] TRACE i.a.p.raft.roles.LeaderAppender - RaftServer{1} - Sending AppendRequest{term=1, leader=1, prevLogIndex=10, prevLogTerm=1, entries=0, commitIndex=10} to 3
11:13:33.044 [raft-server-2] TRACE i.a.p.raft.roles.FollowerRole - RaftServer{2}{role=FOLLOWER} - Committed entries up to index 10
11:13:33.044 [raft-server-2] TRACE i.a.p.raft.roles.FollowerRole - RaftServer{2}{role=FOLLOWER} - Sending AppendResponse{status=OK, term=1, succeeded=true, lastLogIndex=10}
11:13:33.044 [raft-server-3] TRACE i.a.p.raft.roles.FollowerRole - RaftServer{3}{role=FOLLOWER} - Received AppendRequest{term=1, leader=1, prevLogIndex=10, prevLogTerm=1, entries=0, commitIndex=10}
11:13:33.044 [raft-server-1] TRACE i.a.p.raft.roles.LeaderAppender - RaftServer{1} - Received AppendResponse{status=OK, term=1, succeeded=true, lastLogIndex=10} from 2
11:13:33.044 [raft-server-1] TRACE i.a.p.raft.roles.LeaderAppender - RaftServer{1} - Sending AppendRequest{term=1, leader=1, prevLogIndex=10, prevLogTerm=1, entries=0, commitIndex=10} to 2
11:13:33.044 [raft-server-1-state] TRACE i.a.p.raft.impl.RaftServiceManager - RaftServer{1} - Applying Indexed{index=10, entry=CommandEntry{term=1, timestamp=2018-05-30 11:13:32,974, session=2, sequence=6, operation=PrimitiveOperation{id=DefaultOperationId{id=write, type=COMMAND}, value=byte[]{length=17, hash=-1644578928}}}}
11:13:33.044 [raft-server-2-state] TRACE i.a.p.raft.impl.RaftServiceManager - RaftServer{2} - Applying Indexed{index=10, entry=CommandEntry{term=1, timestamp=2018-05-30 11:13:32,974, session=2, sequence=6, operation=PrimitiveOperation{id=DefaultOperationId{id=write, type=COMMAND}, value=byte[]{length=17, hash=-1644578928}}}}
11:13:33.044 [raft-server-2] TRACE i.a.p.raft.roles.FollowerRole - RaftServer{2}{role=FOLLOWER} - Received AppendRequest{term=1, leader=1, prevLogIndex=10, prevLogTerm=1, entries=0, commitIndex=10}
11:13:33.044 [raft-server-2] TRACE i.a.p.raft.roles.FollowerRole - RaftServer{2}{role=FOLLOWER} - Sending AppendResponse{status=OK, term=1, succeeded=true, lastLogIndex=10}
11:13:33.044 [raft-server-1-state] TRACE i.a.p.s.impl.DefaultServiceExecutor - PrimitiveService{2}{type=PrimitiveType{name=test}, name=test} - Executing DefaultCommit{index=10, session=RaftSession{RaftServiceContext{server=1, type=PrimitiveType{name=test}, name=test, id=2}, session=2, timestamp=2018-05-30 11:13:32,974}, time=2018-05-30 11:13:32,974, operation=DefaultOperationId{id=write, type=COMMAND}, value=byte[]{length=17, hash=-1644578928}}
11:13:33.044 [raft-server-1] TRACE i.a.p.raft.roles.LeaderAppender - RaftServer{1} - Received AppendResponse{status=OK, term=1, succeeded=true, lastLogIndex=10} from 2
11:13:33.044 [raft-server-2-state] TRACE i.a.p.s.impl.DefaultServiceExecutor - PrimitiveService{2}{type=PrimitiveType{name=test}, name=test} - Executing DefaultCommit{index=10, session=RaftSession{RaftServiceContext{server=2, type=PrimitiveType{name=test}, name=test, id=2}, session=2, timestamp=2018-05-30 11:13:32,974}, time=2018-05-30 11:13:32,974, operation=DefaultOperationId{id=write, type=COMMAND}, value=byte[]{length=17, hash=-1644578928}}
11:13:33.045 [raft-server-1-state] TRACE i.a.protocols.raft.roles.LeaderRole - RaftServer{1}{role=LEADER} - Sending CommandResponse{status=OK, index=10, eventIndex=2, result=byte[]{length=2, hash=1260}}
11:13:33.045 [raft-server-2] TRACE i.a.p.raft.roles.FollowerRole - RaftServer{2}{role=FOLLOWER} - Sending CommandResponse{status=OK, index=10, eventIndex=2, result=byte[]{length=2, hash=1260}}
11:13:33.045 [raft-client-a5a0def7-e1df-4503-b1c6-00519ae66cf7-7] TRACE i.a.p.r.p.impl.RaftProxyConnection - PartitionProxy{2}{type=PrimitiveType{name=test}, name=test} - Received CommandResponse{status=OK, index=10, eventIndex=2, result=byte[]{length=2, hash=1260}} from 2
11:13:33.045 [raft-client-a5a0def7-e1df-4503-b1c6-00519ae66cf7-7] TRACE i.a.p.r.p.impl.RaftProxySequencer - PartitionProxy{2}{type=PrimitiveType{name=test}, name=test} - Completing response CommandResponse{status=OK, index=10, eventIndex=2, result=byte[]{length=2, hash=1260}}
11:13:33.046 [raft-client-a5a0def7-e1df-4503-b1c6-00519ae66cf7-4] TRACE i.a.p.r.p.impl.RaftProxyConnection - PartitionProxy{2}{type=PrimitiveType{name=test}, name=test} - Sending CommandRequest{session=2, sequence=7, operation=PrimitiveOperation{id=DefaultOperationId{id=write, type=COMMAND}, value=byte[]{length=17, hash=-1644578928}}} to 2
11:13:33.046 [raft-server-2] TRACE i.a.p.raft.roles.FollowerRole - RaftServer{2}{role=FOLLOWER} - Received CommandRequest{session=2, sequence=7, operation=PrimitiveOperation{id=DefaultOperationId{id=write, type=COMMAND}, value=byte[]{length=17, hash=-1644578928}}}
11:13:33.047 [raft-server-1] TRACE i.a.protocols.raft.roles.LeaderRole - RaftServer{1}{role=LEADER} - Received CommandRequest{session=2, sequence=7, operation=PrimitiveOperation{id=DefaultOperationId{id=write, type=COMMAND}, value=byte[]{length=17, hash=-1644578928}}}
11:13:33.063 [raft-server-3] TRACE i.a.p.raft.roles.FollowerRole - RaftServer{3}{role=FOLLOWER} - Committed entries up to index 10
11:13:33.063 [raft-server-3] TRACE i.a.p.raft.roles.FollowerRole - RaftServer{3}{role=FOLLOWER} - Sending AppendResponse{status=OK, term=1, succeeded=true, lastLogIndex=10}
11:13:33.063 [raft-server-3-state] TRACE i.a.p.raft.impl.RaftServiceManager - RaftServer{3} - Applying Indexed{index=10, entry=CommandEntry{term=1, timestamp=2018-05-30 11:13:32,974, session=2, sequence=6, operation=PrimitiveOperation{id=DefaultOperationId{id=write, type=COMMAND}, value=byte[]{length=17, hash=-1644578928}}}}
11:13:33.064 [raft-server-3-state] TRACE i.a.p.s.impl.DefaultServiceExecutor - PrimitiveService{2}{type=PrimitiveType{name=test}, name=test} - Executing DefaultCommit{index=10, session=RaftSession{RaftServiceContext{server=3, type=PrimitiveType{name=test}, name=test, id=2}, session=2, timestamp=2018-05-30 11:13:32,974}, time=2018-05-30 11:13:32,974, operation=DefaultOperationId{id=write, type=COMMAND}, value=byte[]{length=17, hash=-1644578928}}
11:13:33.118 [raft-server-1] DEBUG i.a.storage.journal.SegmentedJournal - Created disk segment: JournalSegment{id=2, version=1, index=11, size=64}
11:13:33.118 [raft-server-1] TRACE i.a.protocols.raft.roles.LeaderRole - RaftServer{1}{role=LEADER} - Appended Indexed{index=11, entry=CommandEntry{term=1, timestamp=2018-05-30 11:13:33,047, session=2, sequence=7, operation=PrimitiveOperation{id=DefaultOperationId{id=write, type=COMMAND}, value=byte[]{length=17, hash=-1644578928}}}}
11:13:33.119 [raft-server-1] TRACE i.a.p.raft.roles.LeaderAppender - RaftServer{1} - Received AppendResponse{status=OK, term=1, succeeded=true, lastLogIndex=10} from 3
11:13:33.119 [raft-server-1] TRACE i.a.p.raft.roles.LeaderAppender - RaftServer{1} - Sending AppendRequest{term=1, leader=1, prevLogIndex=10, prevLogTerm=1, entries=1, commitIndex=10} to 3
11:13:33.119 [raft-server-3] TRACE i.a.p.raft.roles.FollowerRole - RaftServer{3}{role=FOLLOWER} - Received AppendRequest{term=1, leader=1, prevLogIndex=10, prevLogTerm=1, entries=1, commitIndex=10}
11:13:33.119 [raft-server-1] TRACE i.a.p.raft.roles.LeaderAppender - RaftServer{1} - Sending AppendRequest{term=1, leader=1, prevLogIndex=10, prevLogTerm=1, entries=1, commitIndex=10} to 2
11:13:33.119 [raft-server-2] TRACE i.a.p.raft.roles.FollowerRole - RaftServer{2}{role=FOLLOWER} - Received AppendRequest{term=1, leader=1, prevLogIndex=10, prevLogTerm=1, entries=1, commitIndex=10}
11:13:33.201 [raft-server-3] DEBUG i.a.storage.journal.SegmentedJournal - Created disk segment: JournalSegment{id=2, version=1, index=11, size=64}
11:13:33.202 [raft-server-3] TRACE i.a.p.raft.roles.FollowerRole - RaftServer{3}{role=FOLLOWER} - Appended Indexed{index=11, entry=CommandEntry{term=1, timestamp=2018-05-30 11:13:33,047, session=2, sequence=7, operation=PrimitiveOperation{id=DefaultOperationId{id=write, type=COMMAND}, value=byte[]{length=17, hash=-1644578928}}}}
11:13:33.202 [raft-server-3] TRACE i.a.p.raft.roles.FollowerRole - RaftServer{3}{role=FOLLOWER} - Sending AppendResponse{status=OK, term=1, succeeded=true, lastLogIndex=11}
11:13:33.202 [raft-server-1] TRACE i.a.p.raft.roles.LeaderAppender - RaftServer{1} - Received AppendResponse{status=OK, term=1, succeeded=true, lastLogIndex=11} from 3
11:13:33.202 [raft-server-1] TRACE i.a.p.raft.roles.LeaderAppender - RaftServer{1} - Committed entries up to 11
11:13:33.235 [raft-server-2] DEBUG i.a.storage.journal.SegmentedJournal - Created disk segment: JournalSegment{id=2, version=1, index=11, size=64}
11:13:33.235 [raft-server-2] TRACE i.a.p.raft.roles.FollowerRole - RaftServer{2}{role=FOLLOWER} - Appended Indexed{index=11, entry=CommandEntry{term=1, timestamp=2018-05-30 11:13:33,047, session=2, sequence=7, operation=PrimitiveOperation{id=DefaultOperationId{id=write, type=COMMAND}, value=byte[]{length=17, hash=-1644578928}}}}
11:13:33.235 [raft-server-2] TRACE i.a.p.raft.roles.FollowerRole - RaftServer{2}{role=FOLLOWER} - Sending AppendResponse{status=OK, term=1, succeeded=true, lastLogIndex=11}
11:13:33.260 [raft-server-1] TRACE i.a.p.raft.roles.LeaderAppender - RaftServer{1} - Received AppendResponse{status=OK, term=1, succeeded=true, lastLogIndex=11} from 2
11:13:33.260 [raft-server-1-state] TRACE i.a.p.raft.impl.RaftServiceManager - RaftServer{1} - Applying Indexed{index=11, entry=CommandEntry{term=1, timestamp=2018-05-30 11:13:33,047, session=2, sequence=7, operation=PrimitiveOperation{id=DefaultOperationId{id=write, type=COMMAND}, value=byte[]{length=17, hash=-1644578928}}}}
11:13:33.260 [raft-server-1-state] TRACE i.a.p.s.impl.DefaultServiceExecutor - PrimitiveService{2}{type=PrimitiveType{name=test}, name=test} - Executing DefaultCommit{index=11, session=RaftSession{RaftServiceContext{server=1, type=PrimitiveType{name=test}, name=test, id=2}, session=2, timestamp=2018-05-30 11:13:33,047}, time=2018-05-30 11:13:33,047, operation=DefaultOperationId{id=write, type=COMMAND}, value=byte[]{length=17, hash=-1644578928}}
11:13:33.261 [raft-server-1] TRACE i.a.protocols.raft.roles.LeaderRole - RaftServer{1}{role=LEADER} - Sending CommandResponse{status=OK, index=11, eventIndex=2, result=byte[]{length=2, hash=1262}}
11:13:33.261 [raft-server-2] TRACE i.a.p.raft.roles.FollowerRole - RaftServer{2}{role=FOLLOWER} - Sending CommandResponse{status=OK, index=11, eventIndex=2, result=byte[]{length=2, hash=1262}}
11:13:33.261 [raft-client-a5a0def7-e1df-4503-b1c6-00519ae66cf7-5] TRACE i.a.p.r.p.impl.RaftProxyConnection - PartitionProxy{2}{type=PrimitiveType{name=test}, name=test} - Received CommandResponse{status=OK, index=11, eventIndex=2, result=byte[]{length=2, hash=1262}} from 2
11:13:33.261 [raft-client-a5a0def7-e1df-4503-b1c6-00519ae66cf7-5] TRACE i.a.p.r.p.impl.RaftProxySequencer - PartitionProxy{2}{type=PrimitiveType{name=test}, name=test} - Completing response CommandResponse{status=OK, index=11, eventIndex=2, result=byte[]{length=2, hash=1262}}
11:13:33.262 [raft-client-a5a0def7-e1df-4503-b1c6-00519ae66cf7-1] TRACE i.a.p.r.p.impl.RaftProxyConnection - PartitionProxy{2}{type=PrimitiveType{name=test}, name=test} - Sending CommandRequest{session=2, sequence=8, operation=PrimitiveOperation{id=DefaultOperationId{id=write, type=COMMAND}, value=byte[]{length=17, hash=-1644578928}}} to 2
11:13:33.262 [raft-server-2] TRACE i.a.p.raft.roles.FollowerRole - RaftServer{2}{role=FOLLOWER} - Received CommandRequest{session=2, sequence=8, operation=PrimitiveOperation{id=DefaultOperationId{id=write, type=COMMAND}, value=byte[]{length=17, hash=-1644578928}}}
11:13:33.262 [raft-server-1] TRACE i.a.protocols.raft.roles.LeaderRole - RaftServer{1}{role=LEADER} - Received CommandRequest{session=2, sequence=8, operation=PrimitiveOperation{id=DefaultOperationId{id=write, type=COMMAND}, value=byte[]{length=17, hash=-1644578928}}}
11:13:33.263 [raft-server-1] TRACE i.a.protocols.raft.roles.LeaderRole - RaftServer{1}{role=LEADER} - Appended Indexed{index=12, entry=CommandEntry{term=1, timestamp=2018-05-30 11:13:33,262, session=2, sequence=8, operation=PrimitiveOperation{id=DefaultOperationId{id=write, type=COMMAND}, value=byte[]{length=17, hash=-1644578928}}}}
11:13:33.263 [raft-server-1] TRACE i.a.p.raft.roles.LeaderAppender - RaftServer{1} - Sending AppendRequest{term=1, leader=1, prevLogIndex=11, prevLogTerm=1, entries=1, commitIndex=11} to 2
11:13:33.263 [raft-server-1] TRACE i.a.p.raft.roles.LeaderAppender - RaftServer{1} - Sending AppendRequest{term=1, leader=1, prevLogIndex=11, prevLogTerm=1, entries=1, commitIndex=11} to 3
11:13:33.263 [raft-server-3] TRACE i.a.p.raft.roles.FollowerRole - RaftServer{3}{role=FOLLOWER} - Received AppendRequest{term=1, leader=1, prevLogIndex=11, prevLogTerm=1, entries=1, commitIndex=11}
11:13:33.263 [raft-server-3] TRACE i.a.p.raft.roles.FollowerRole - RaftServer{3}{role=FOLLOWER} - Appended Indexed{index=12, entry=CommandEntry{term=1, timestamp=2018-05-30 11:13:33,262, session=2, sequence=8, operation=PrimitiveOperation{id=DefaultOperationId{id=write, type=COMMAND}, value=byte[]{length=17, hash=-1644578928}}}}
11:13:33.264 [raft-server-2] TRACE i.a.p.raft.roles.FollowerRole - RaftServer{2}{role=FOLLOWER} - Received AppendRequest{term=1, leader=1, prevLogIndex=11, prevLogTerm=1, entries=1, commitIndex=11}
11:13:33.264 [raft-server-2] TRACE i.a.p.raft.roles.FollowerRole - RaftServer{2}{role=FOLLOWER} - Appended Indexed{index=12, entry=CommandEntry{term=1, timestamp=2018-05-30 11:13:33,262, session=2, sequence=8, operation=PrimitiveOperation{id=DefaultOperationId{id=write, type=COMMAND}, value=byte[]{length=17, hash=-1644578928}}}}
11:13:33.301 [raft-server-3] TRACE i.a.p.raft.roles.FollowerRole - RaftServer{3}{role=FOLLOWER} - Committed entries up to index 11
11:13:33.302 [raft-server-3] TRACE i.a.p.raft.roles.FollowerRole - RaftServer{3}{role=FOLLOWER} - Sending AppendResponse{status=OK, term=1, succeeded=true, lastLogIndex=12}
11:13:33.302 [raft-server-1] TRACE i.a.p.raft.roles.LeaderAppender - RaftServer{1} - Received AppendResponse{status=OK, term=1, succeeded=true, lastLogIndex=12} from 3
11:13:33.302 [raft-server-1] TRACE i.a.p.raft.roles.LeaderAppender - RaftServer{1} - Committed entries up to 12
11:13:33.302 [raft-server-3-state] TRACE i.a.p.raft.impl.RaftServiceManager - RaftServer{3} - Applying Indexed{index=11, entry=CommandEntry{term=1, timestamp=2018-05-30 11:13:33,047, session=2, sequence=7, operation=PrimitiveOperation{id=DefaultOperationId{id=write, type=COMMAND}, value=byte[]{length=17, hash=-1644578928}}}}
11:13:33.302 [raft-server-3-state] TRACE i.a.p.s.impl.DefaultServiceExecutor - PrimitiveService{2}{type=PrimitiveType{name=test}, name=test} - Executing DefaultCommit{index=11, session=RaftSession{RaftServiceContext{server=3, type=PrimitiveType{name=test}, name=test, id=2}, session=2, timestamp=2018-05-30 11:13:33,047}, time=2018-05-30 11:13:33,047, operation=DefaultOperationId{id=write, type=COMMAND}, value=byte[]{length=17, hash=-1644578928}}
11:13:33.324 [raft-server-2] TRACE i.a.p.raft.roles.FollowerRole - RaftServer{2}{role=FOLLOWER} - Committed entries up to index 11
11:13:33.324 [raft-server-2] TRACE i.a.p.raft.roles.FollowerRole - RaftServer{2}{role=FOLLOWER} - Sending AppendResponse{status=OK, term=1, succeeded=true, lastLogIndex=12}
11:13:33.324 [raft-server-2-state] TRACE i.a.p.raft.impl.RaftServiceManager - RaftServer{2} - Applying Indexed{index=11, entry=CommandEntry{term=1, timestamp=2018-05-30 11:13:33,047, session=2, sequence=7, operation=PrimitiveOperation{id=DefaultOperationId{id=write, type=COMMAND}, value=byte[]{length=17, hash=-1644578928}}}}
11:13:33.324 [raft-server-2-state] TRACE i.a.p.s.impl.DefaultServiceExecutor - PrimitiveService{2}{type=PrimitiveType{name=test}, name=test} - Executing DefaultCommit{index=11, session=RaftSession{RaftServiceContext{server=2, type=PrimitiveType{name=test}, name=test, id=2}, session=2, timestamp=2018-05-30 11:13:33,047}, time=2018-05-30 11:13:33,047, operation=DefaultOperationId{id=write, type=COMMAND}, value=byte[]{length=17, hash=-1644578928}}
11:13:33.347 [raft-server-1] TRACE i.a.p.raft.roles.LeaderAppender - RaftServer{1} - Sending AppendRequest{term=1, leader=1, prevLogIndex=12, prevLogTerm=1, entries=0, commitIndex=12} to 3
11:13:33.347 [raft-server-1] TRACE i.a.p.raft.roles.LeaderAppender - RaftServer{1} - Received AppendResponse{status=OK, term=1, succeeded=true, lastLogIndex=12} from 2
11:13:33.347 [raft-server-3] TRACE i.a.p.raft.roles.FollowerRole - RaftServer{3}{role=FOLLOWER} - Received AppendRequest{term=1, leader=1, prevLogIndex=12, prevLogTerm=1, entries=0, commitIndex=12}
11:13:33.347 [raft-server-1] TRACE i.a.p.raft.roles.LeaderAppender - RaftServer{1} - Sending AppendRequest{term=1, leader=1, prevLogIndex=12, prevLogTerm=1, entries=0, commitIndex=12} to 2
11:13:33.347 [raft-server-2] TRACE i.a.p.raft.roles.FollowerRole - RaftServer{2}{role=FOLLOWER} - Received AppendRequest{term=1, leader=1, prevLogIndex=12, prevLogTerm=1, entries=0, commitIndex=12}
11:13:33.347 [raft-server-1-state] TRACE i.a.p.raft.impl.RaftServiceManager - RaftServer{1} - Applying Indexed{index=12, entry=CommandEntry{term=1, timestamp=2018-05-30 11:13:33,262, session=2, sequence=8, operation=PrimitiveOperation{id=DefaultOperationId{id=write, type=COMMAND}, value=byte[]{length=17, hash=-1644578928}}}}
11:13:33.347 [raft-server-1-state] TRACE i.a.p.s.impl.DefaultServiceExecutor - PrimitiveService{2}{type=PrimitiveType{name=test}, name=test} - Executing DefaultCommit{index=12, session=RaftSession{RaftServiceContext{server=1, type=PrimitiveType{name=test}, name=test, id=2}, session=2, timestamp=2018-05-30 11:13:33,262}, time=2018-05-30 11:13:33,262, operation=DefaultOperationId{id=write, type=COMMAND}, value=byte[]{length=17, hash=-1644578928}}
11:13:33.348 [raft-server-1-state] TRACE i.a.protocols.raft.roles.LeaderRole - RaftServer{1}{role=LEADER} - Sending CommandResponse{status=OK, index=12, eventIndex=2, result=byte[]{length=2, hash=1264}}
11:13:33.371 [raft-server-3] TRACE i.a.p.raft.roles.FollowerRole - RaftServer{3}{role=FOLLOWER} - Committed entries up to index 12
11:13:33.371 [raft-server-3] TRACE i.a.p.raft.roles.FollowerRole - RaftServer{3}{role=FOLLOWER} - Sending AppendResponse{status=OK, term=1, succeeded=true, lastLogIndex=12}
11:13:33.372 [raft-server-1] TRACE i.a.p.raft.roles.LeaderAppender - RaftServer{1} - Received AppendResponse{status=OK, term=1, succeeded=true, lastLogIndex=12} from 3
11:13:33.372 [raft-server-3-state] TRACE i.a.p.raft.impl.RaftServiceManager - RaftServer{3} - Applying Indexed{index=12, entry=CommandEntry{term=1, timestamp=2018-05-30 11:13:33,262, session=2, sequence=8, operation=PrimitiveOperation{id=DefaultOperationId{id=write, type=COMMAND}, value=byte[]{length=17, hash=-1644578928}}}}
11:13:33.372 [raft-server-3-state] TRACE i.a.p.s.impl.DefaultServiceExecutor - PrimitiveService{2}{type=PrimitiveType{name=test}, name=test} - Executing DefaultCommit{index=12, session=RaftSession{RaftServiceContext{server=3, type=PrimitiveType{name=test}, name=test, id=2}, session=2, timestamp=2018-05-30 11:13:33,262}, time=2018-05-30 11:13:33,262, operation=DefaultOperationId{id=write, type=COMMAND}, value=byte[]{length=17, hash=-1644578928}}
11:13:33.396 [raft-server-2] TRACE i.a.p.raft.roles.FollowerRole - RaftServer{2}{role=FOLLOWER} - Committed entries up to index 12
11:13:33.397 [raft-server-2] TRACE i.a.p.raft.roles.FollowerRole - RaftServer{2}{role=FOLLOWER} - Sending AppendResponse{status=OK, term=1, succeeded=true, lastLogIndex=12}
11:13:33.397 [raft-server-1] TRACE i.a.p.raft.roles.LeaderAppender - RaftServer{1} - Received AppendResponse{status=OK, term=1, succeeded=true, lastLogIndex=12} from 2
11:13:33.397 [raft-server-2] TRACE i.a.p.raft.roles.FollowerRole - RaftServer{2}{role=FOLLOWER} - Sending CommandResponse{status=OK, index=12, eventIndex=2, result=byte[]{length=2, hash=1264}}
11:13:33.397 [raft-client-a5a0def7-e1df-4503-b1c6-00519ae66cf7-6] TRACE i.a.p.r.p.impl.RaftProxyConnection - PartitionProxy{2}{type=PrimitiveType{name=test}, name=test} - Received CommandResponse{status=OK, index=12, eventIndex=2, result=byte[]{length=2, hash=1264}} from 2
11:13:33.397 [raft-client-a5a0def7-e1df-4503-b1c6-00519ae66cf7-6] TRACE i.a.p.r.p.impl.RaftProxySequencer - PartitionProxy{2}{type=PrimitiveType{name=test}, name=test} - Completing response CommandResponse{status=OK, index=12, eventIndex=2, result=byte[]{length=2, hash=1264}}
11:13:33.397 [raft-server-2-state] TRACE i.a.p.raft.impl.RaftServiceManager - RaftServer{2} - Applying Indexed{index=12, entry=CommandEntry{term=1, timestamp=2018-05-30 11:13:33,262, session=2, sequence=8, operation=PrimitiveOperation{id=DefaultOperationId{id=write, type=COMMAND}, value=byte[]{length=17, hash=-1644578928}}}}
11:13:33.397 [raft-server-2-state] TRACE i.a.p.s.impl.DefaultServiceExecutor - PrimitiveService{2}{type=PrimitiveType{name=test}, name=test} - Executing DefaultCommit{index=12, session=RaftSession{RaftServiceContext{server=2, type=PrimitiveType{name=test}, name=test, id=2}, session=2, timestamp=2018-05-30 11:13:33,262}, time=2018-05-30 11:13:33,262, operation=DefaultOperationId{id=write, type=COMMAND}, value=byte[]{length=17, hash=-1644578928}}
11:13:33.398 [raft-client-a5a0def7-e1df-4503-b1c6-00519ae66cf7-3] TRACE i.a.p.r.p.impl.RaftProxyConnection - PartitionProxy{2}{type=PrimitiveType{name=test}, name=test} - Sending CommandRequest{session=2, sequence=9, operation=PrimitiveOperation{id=DefaultOperationId{id=write, type=COMMAND}, value=byte[]{length=17, hash=-1644578928}}} to 2
11:13:33.398 [raft-server-2] TRACE i.a.p.raft.roles.FollowerRole - RaftServer{2}{role=FOLLOWER} - Received CommandRequest{session=2, sequence=9, operation=PrimitiveOperation{id=DefaultOperationId{id=write, type=COMMAND}, value=byte[]{length=17, hash=-1644578928}}}
11:13:33.398 [raft-server-1] TRACE i.a.protocols.raft.roles.LeaderRole - RaftServer{1}{role=LEADER} - Received CommandRequest{session=2, sequence=9, operation=PrimitiveOperation{id=DefaultOperationId{id=write, type=COMMAND}, value=byte[]{length=17, hash=-1644578928}}}
11:13:33.398 [raft-server-1] TRACE i.a.protocols.raft.roles.LeaderRole - RaftServer{1}{role=LEADER} - Appended Indexed{index=13, entry=CommandEntry{term=1, timestamp=2018-05-30 11:13:33,398, session=2, sequence=9, operation=PrimitiveOperation{id=DefaultOperationId{id=write, type=COMMAND}, value=byte[]{length=17, hash=-1644578928}}}}
11:13:33.398 [raft-server-1] TRACE i.a.p.raft.roles.LeaderAppender - RaftServer{1} - Sending AppendRequest{term=1, leader=1, prevLogIndex=12, prevLogTerm=1, entries=1, commitIndex=12} to 2
11:13:33.398 [raft-server-2] TRACE i.a.p.raft.roles.FollowerRole - RaftServer{2}{role=FOLLOWER} - Received AppendRequest{term=1, leader=1, prevLogIndex=12, prevLogTerm=1, entries=1, commitIndex=12}
11:13:33.398 [raft-server-1] TRACE i.a.p.raft.roles.LeaderAppender - RaftServer{1} - Sending AppendRequest{term=1, leader=1, prevLogIndex=12, prevLogTerm=1, entries=1, commitIndex=12} to 3
11:13:33.399 [raft-server-2] TRACE i.a.p.raft.roles.FollowerRole - RaftServer{2}{role=FOLLOWER} - Appended Indexed{index=13, entry=CommandEntry{term=1, timestamp=2018-05-30 11:13:33,398, session=2, sequence=9, operation=PrimitiveOperation{id=DefaultOperationId{id=write, type=COMMAND}, value=byte[]{length=17, hash=-1644578928}}}}
11:13:33.399 [raft-server-2] TRACE i.a.p.raft.roles.FollowerRole - RaftServer{2}{role=FOLLOWER} - Sending AppendResponse{status=OK, term=1, succeeded=true, lastLogIndex=13}
11:13:33.399 [raft-server-1] TRACE i.a.p.raft.roles.LeaderAppender - RaftServer{1} - Received AppendResponse{status=OK, term=1, succeeded=true, lastLogIndex=13} from 2
11:13:33.399 [raft-server-3] TRACE i.a.p.raft.roles.FollowerRole - RaftServer{3}{role=FOLLOWER} - Received AppendRequest{term=1, leader=1, prevLogIndex=12, prevLogTerm=1, entries=1, commitIndex=12}
11:13:33.399 [raft-server-1] TRACE i.a.p.raft.roles.LeaderAppender - RaftServer{1} - Committed entries up to 13
11:13:33.399 [raft-server-3] TRACE i.a.p.raft.roles.FollowerRole - RaftServer{3}{role=FOLLOWER} - Appended Indexed{index=13, entry=CommandEntry{term=1, timestamp=2018-05-30 11:13:33,398, session=2, sequence=9, operation=PrimitiveOperation{id=DefaultOperationId{id=write, type=COMMAND}, value=byte[]{length=17, hash=-1644578928}}}}
11:13:33.399 [raft-server-3] TRACE i.a.p.raft.roles.FollowerRole - RaftServer{3}{role=FOLLOWER} - Sending AppendResponse{status=OK, term=1, succeeded=true, lastLogIndex=13}
11:13:33.430 [raft-server-1] TRACE i.a.p.raft.roles.LeaderAppender - RaftServer{1} - Received AppendResponse{status=OK, term=1, succeeded=true, lastLogIndex=13} from 3
11:13:33.430 [raft-server-1-state] TRACE i.a.p.raft.impl.RaftServiceManager - RaftServer{1} - Applying Indexed{index=13, entry=CommandEntry{term=1, timestamp=2018-05-30 11:13:33,398, session=2, sequence=9, operation=PrimitiveOperation{id=DefaultOperationId{id=write, type=COMMAND}, value=byte[]{length=17, hash=-1644578928}}}}
11:13:33.430 [raft-server-1-state] TRACE i.a.p.s.impl.DefaultServiceExecutor - PrimitiveService{2}{type=PrimitiveType{name=test}, name=test} - Executing DefaultCommit{index=13, session=RaftSession{RaftServiceContext{server=1, type=PrimitiveType{name=test}, name=test, id=2}, session=2, timestamp=2018-05-30 11:13:33,398}, time=2018-05-30 11:13:33,398, operation=DefaultOperationId{id=write, type=COMMAND}, value=byte[]{length=17, hash=-1644578928}}
11:13:33.431 [raft-server-1-state] TRACE i.a.protocols.raft.roles.LeaderRole - RaftServer{1}{role=LEADER} - Sending CommandResponse{status=OK, index=13, eventIndex=2, result=byte[]{length=2, hash=1266}}
11:13:33.431 [raft-server-2] TRACE i.a.p.raft.roles.FollowerRole - RaftServer{2}{role=FOLLOWER} - Sending CommandResponse{status=OK, index=13, eventIndex=2, result=byte[]{length=2, hash=1266}}
11:13:33.431 [raft-client-a5a0def7-e1df-4503-b1c6-00519ae66cf7-7] TRACE i.a.p.r.p.impl.RaftProxyConnection - PartitionProxy{2}{type=PrimitiveType{name=test}, name=test} - Received CommandResponse{status=OK, index=13, eventIndex=2, result=byte[]{length=2, hash=1266}} from 2
11:13:33.431 [raft-client-a5a0def7-e1df-4503-b1c6-00519ae66cf7-7] TRACE i.a.p.r.p.impl.RaftProxySequencer - PartitionProxy{2}{type=PrimitiveType{name=test}, name=test} - Completing response CommandResponse{status=OK, index=13, eventIndex=2, result=byte[]{length=2, hash=1266}}
11:13:33.431 [raft-client-a5a0def7-e1df-4503-b1c6-00519ae66cf7-0] TRACE i.a.p.r.p.impl.RaftProxyConnection - PartitionProxy{2}{type=PrimitiveType{name=test}, name=test} - Sending CommandRequest{session=2, sequence=10, operation=PrimitiveOperation{id=DefaultOperationId{id=write, type=COMMAND}, value=byte[]{length=17, hash=-1644578928}}} to 2
11:13:33.432 [raft-server-2] TRACE i.a.p.raft.roles.FollowerRole - RaftServer{2}{role=FOLLOWER} - Received CommandRequest{session=2, sequence=10, operation=PrimitiveOperation{id=DefaultOperationId{id=write, type=COMMAND}, value=byte[]{length=17, hash=-1644578928}}}
11:13:33.432 [raft-server-1] TRACE i.a.protocols.raft.roles.LeaderRole - RaftServer{1}{role=LEADER} - Received CommandRequest{session=2, sequence=10, operation=PrimitiveOperation{id=DefaultOperationId{id=write, type=COMMAND}, value=byte[]{length=17, hash=-1644578928}}}
11:13:33.432 [raft-server-1] TRACE i.a.protocols.raft.roles.LeaderRole - RaftServer{1}{role=LEADER} - Appended Indexed{index=14, entry=CommandEntry{term=1, timestamp=2018-05-30 11:13:33,432, session=2, sequence=10, operation=PrimitiveOperation{id=DefaultOperationId{id=write, type=COMMAND}, value=byte[]{length=17, hash=-1644578928}}}}
11:13:33.432 [raft-server-1] TRACE i.a.p.raft.roles.LeaderAppender - RaftServer{1} - Sending AppendRequest{term=1, leader=1, prevLogIndex=13, prevLogTerm=1, entries=1, commitIndex=13} to 2
11:13:33.432 [raft-server-2] TRACE i.a.p.raft.roles.FollowerRole - RaftServer{2}{role=FOLLOWER} - Received AppendRequest{term=1, leader=1, prevLogIndex=13, prevLogTerm=1, entries=1, commitIndex=13}
11:13:33.432 [raft-server-1] TRACE i.a.p.raft.roles.LeaderAppender - RaftServer{1} - Sending AppendRequest{term=1, leader=1, prevLogIndex=13, prevLogTerm=1, entries=1, commitIndex=13} to 3
11:13:33.432 [raft-server-3] TRACE i.a.p.raft.roles.FollowerRole - RaftServer{3}{role=FOLLOWER} - Received AppendRequest{term=1, leader=1, prevLogIndex=13, prevLogTerm=1, entries=1, commitIndex=13}
11:13:33.432 [raft-server-2] TRACE i.a.p.raft.roles.FollowerRole - RaftServer{2}{role=FOLLOWER} - Appended Indexed{index=14, entry=CommandEntry{term=1, timestamp=2018-05-30 11:13:33,432, session=2, sequence=10, operation=PrimitiveOperation{id=DefaultOperationId{id=write, type=COMMAND}, value=byte[]{length=17, hash=-1644578928}}}}
11:13:33.432 [raft-server-3] TRACE i.a.p.raft.roles.FollowerRole - RaftServer{3}{role=FOLLOWER} - Appended Indexed{index=14, entry=CommandEntry{term=1, timestamp=2018-05-30 11:13:33,432, session=2, sequence=10, operation=PrimitiveOperation{id=DefaultOperationId{id=write, type=COMMAND}, value=byte[]{length=17, hash=-1644578928}}}}
11:13:33.455 [raft-server-2] TRACE i.a.p.raft.roles.FollowerRole - RaftServer{2}{role=FOLLOWER} - Committed entries up to index 13
11:13:33.455 [raft-server-3] TRACE i.a.p.raft.roles.FollowerRole - RaftServer{3}{role=FOLLOWER} - Committed entries up to index 13
11:13:33.455 [raft-server-2] TRACE i.a.p.raft.roles.FollowerRole - RaftServer{2}{role=FOLLOWER} - Sending AppendResponse{status=OK, term=1, succeeded=true, lastLogIndex=14}
11:13:33.455 [raft-server-3] TRACE i.a.p.raft.roles.FollowerRole - RaftServer{3}{role=FOLLOWER} - Sending AppendResponse{status=OK, term=1, succeeded=true, lastLogIndex=14}
11:13:33.455 [raft-server-1] TRACE i.a.p.raft.roles.LeaderAppender - RaftServer{1} - Received AppendResponse{status=OK, term=1, succeeded=true, lastLogIndex=14} from 2
11:13:33.455 [raft-server-1] TRACE i.a.p.raft.roles.LeaderAppender - RaftServer{1} - Committed entries up to 14
11:13:33.455 [raft-server-2-state] TRACE i.a.p.raft.impl.RaftServiceManager - RaftServer{2} - Applying Indexed{index=13, entry=CommandEntry{term=1, timestamp=2018-05-30 11:13:33,398, session=2, sequence=9, operation=PrimitiveOperation{id=DefaultOperationId{id=write, type=COMMAND}, value=byte[]{length=17, hash=-1644578928}}}}
11:13:33.455 [raft-server-3-state] TRACE i.a.p.raft.impl.RaftServiceManager - RaftServer{3} - Applying Indexed{index=13, entry=CommandEntry{term=1, timestamp=2018-05-30 11:13:33,398, session=2, sequence=9, operation=PrimitiveOperation{id=DefaultOperationId{id=write, type=COMMAND}, value=byte[]{length=17, hash=-1644578928}}}}
11:13:33.455 [raft-server-2-state] TRACE i.a.p.s.impl.DefaultServiceExecutor - PrimitiveService{2}{type=PrimitiveType{name=test}, name=test} - Executing DefaultCommit{index=13, session=RaftSession{RaftServiceContext{server=2, type=PrimitiveType{name=test}, name=test, id=2}, session=2, timestamp=2018-05-30 11:13:33,398}, time=2018-05-30 11:13:33,398, operation=DefaultOperationId{id=write, type=COMMAND}, value=byte[]{length=17, hash=-1644578928}}
11:13:33.455 [raft-server-3-state] TRACE i.a.p.s.impl.DefaultServiceExecutor - PrimitiveService{2}{type=PrimitiveType{name=test}, name=test} - Executing DefaultCommit{index=13, session=RaftSession{RaftServiceContext{server=3, type=PrimitiveType{name=test}, name=test, id=2}, session=2, timestamp=2018-05-30 11:13:33,398}, time=2018-05-30 11:13:33,398, operation=DefaultOperationId{id=write, type=COMMAND}, value=byte[]{length=17, hash=-1644578928}}
11:13:33.488 [raft-server-1] TRACE i.a.p.raft.roles.LeaderAppender - RaftServer{1} - Received AppendResponse{status=OK, term=1, succeeded=true, lastLogIndex=14} from 3
11:13:33.488 [raft-server-1-state] TRACE i.a.p.raft.impl.RaftServiceManager - RaftServer{1} - Applying Indexed{index=14, entry=CommandEntry{term=1, timestamp=2018-05-30 11:13:33,432, session=2, sequence=10, operation=PrimitiveOperation{id=DefaultOperationId{id=write, type=COMMAND}, value=byte[]{length=17, hash=-1644578928}}}}
11:13:33.489 [raft-server-1-state] TRACE i.a.p.s.impl.DefaultServiceExecutor - PrimitiveService{2}{type=PrimitiveType{name=test}, name=test} - Executing DefaultCommit{index=14, session=RaftSession{RaftServiceContext{server=1, type=PrimitiveType{name=test}, name=test, id=2}, session=2, timestamp=2018-05-30 11:13:33,432}, time=2018-05-30 11:13:33,432, operation=DefaultOperationId{id=write, type=COMMAND}, value=byte[]{length=17, hash=-1644578928}}
11:13:33.489 [raft-server-1-state] TRACE i.a.protocols.raft.roles.LeaderRole - RaftServer{1}{role=LEADER} - Sending CommandResponse{status=OK, index=14, eventIndex=2, result=byte[]{length=2, hash=1268}}
11:13:33.489 [raft-server-2] TRACE i.a.p.raft.roles.FollowerRole - RaftServer{2}{role=FOLLOWER} - Sending CommandResponse{status=OK, index=14, eventIndex=2, result=byte[]{length=2, hash=1268}}
11:13:33.489 [raft-client-a5a0def7-e1df-4503-b1c6-00519ae66cf7-5] TRACE i.a.p.r.p.impl.RaftProxyConnection - PartitionProxy{2}{type=PrimitiveType{name=test}, name=test} - Received CommandResponse{status=OK, index=14, eventIndex=2, result=byte[]{length=2, hash=1268}} from 2
11:13:33.489 [raft-client-a5a0def7-e1df-4503-b1c6-00519ae66cf7-5] TRACE i.a.p.r.p.impl.RaftProxySequencer - PartitionProxy{2}{type=PrimitiveType{name=test}, name=test} - Completing response CommandResponse{status=OK, index=14, eventIndex=2, result=byte[]{length=2, hash=1268}}
11:13:33.490 [raft-client-a5a0def7-e1df-4503-b1c6-00519ae66cf7-5] TRACE i.a.p.r.p.impl.RaftProxyConnection - PartitionProxy{2}{type=PrimitiveType{name=test}, name=test} - Sending CommandRequest{session=2, sequence=11, operation=PrimitiveOperation{id=DefaultOperationId{id=write, type=COMMAND}, value=byte[]{length=17, hash=-1644578928}}} to 2
11:13:33.490 [raft-server-2] TRACE i.a.p.raft.roles.FollowerRole - RaftServer{2}{role=FOLLOWER} - Received CommandRequest{session=2, sequence=11, operation=PrimitiveOperation{id=DefaultOperationId{id=write, type=COMMAND}, value=byte[]{length=17, hash=-1644578928}}}
11:13:33.490 [raft-server-1] TRACE i.a.protocols.raft.roles.LeaderRole - RaftServer{1}{role=LEADER} - Received CommandRequest{session=2, sequence=11, operation=PrimitiveOperation{id=DefaultOperationId{id=write, type=COMMAND}, value=byte[]{length=17, hash=-1644578928}}}
11:13:33.491 [raft-server-1] TRACE i.a.protocols.raft.roles.LeaderRole - RaftServer{1}{role=LEADER} - Appended Indexed{index=15, entry=CommandEntry{term=1, timestamp=2018-05-30 11:13:33,490, session=2, sequence=11, operation=PrimitiveOperation{id=DefaultOperationId{id=write, type=COMMAND}, value=byte[]{length=17, hash=-1644578928}}}}
11:13:33.491 [raft-server-1] TRACE i.a.p.raft.roles.LeaderAppender - RaftServer{1} - Sending AppendRequest{term=1, leader=1, prevLogIndex=14, prevLogTerm=1, entries=1, commitIndex=14} to 2
11:13:33.491 [raft-server-2] TRACE i.a.p.raft.roles.FollowerRole - RaftServer{2}{role=FOLLOWER} - Received AppendRequest{term=1, leader=1, prevLogIndex=14, prevLogTerm=1, entries=1, commitIndex=14}
11:13:33.491 [raft-server-1] TRACE i.a.p.raft.roles.LeaderAppender - RaftServer{1} - Sending AppendRequest{term=1, leader=1, prevLogIndex=14, prevLogTerm=1, entries=1, commitIndex=14} to 3
11:13:33.491 [raft-server-3] TRACE i.a.p.raft.roles.FollowerRole - RaftServer{3}{role=FOLLOWER} - Received AppendRequest{term=1, leader=1, prevLogIndex=14, prevLogTerm=1, entries=1, commitIndex=14}
11:13:33.491 [raft-server-2] TRACE i.a.p.raft.roles.FollowerRole - RaftServer{2}{role=FOLLOWER} - Appended Indexed{index=15, entry=CommandEntry{term=1, timestamp=2018-05-30 11:13:33,490, session=2, sequence=11, operation=PrimitiveOperation{id=DefaultOperationId{id=write, type=COMMAND}, value=byte[]{length=17, hash=-1644578928}}}}
11:13:33.491 [raft-server-3] TRACE i.a.p.raft.roles.FollowerRole - RaftServer{3}{role=FOLLOWER} - Appended Indexed{index=15, entry=CommandEntry{term=1, timestamp=2018-05-30 11:13:33,490, session=2, sequence=11, operation=PrimitiveOperation{id=DefaultOperationId{id=write, type=COMMAND}, value=byte[]{length=17, hash=-1644578928}}}}
11:13:33.521 [raft-server-2] TRACE i.a.p.raft.roles.FollowerRole - RaftServer{2}{role=FOLLOWER} - Committed entries up to index 14
11:13:33.521 [raft-server-3] TRACE i.a.p.raft.roles.FollowerRole - RaftServer{3}{role=FOLLOWER} - Committed entries up to index 14
11:13:33.522 [raft-server-2] TRACE i.a.p.raft.roles.FollowerRole - RaftServer{2}{role=FOLLOWER} - Sending AppendResponse{status=OK, term=1, succeeded=true, lastLogIndex=15}
11:13:33.522 [raft-server-3] TRACE i.a.p.raft.roles.FollowerRole - RaftServer{3}{role=FOLLOWER} - Sending AppendResponse{status=OK, term=1, succeeded=true, lastLogIndex=15}
11:13:33.522 [raft-server-1] TRACE i.a.p.raft.roles.LeaderAppender - RaftServer{1} - Received AppendResponse{status=OK, term=1, succeeded=true, lastLogIndex=15} from 2
11:13:33.522 [raft-server-1] TRACE i.a.p.raft.roles.LeaderAppender - RaftServer{1} - Committed entries up to 15
11:13:33.522 [raft-server-3-state] TRACE i.a.p.raft.impl.RaftServiceManager - RaftServer{3} - Applying Indexed{index=14, entry=CommandEntry{term=1, timestamp=2018-05-30 11:13:33,432, session=2, sequence=10, operation=PrimitiveOperation{id=DefaultOperationId{id=write, type=COMMAND}, value=byte[]{length=17, hash=-1644578928}}}}
11:13:33.522 [raft-server-2-state] TRACE i.a.p.raft.impl.RaftServiceManager - RaftServer{2} - Applying Indexed{index=14, entry=CommandEntry{term=1, timestamp=2018-05-30 11:13:33,432, session=2, sequence=10, operation=PrimitiveOperation{id=DefaultOperationId{id=write, type=COMMAND}, value=byte[]{length=17, hash=-1644578928}}}}
11:13:33.522 [raft-server-3-state] TRACE i.a.p.s.impl.DefaultServiceExecutor - PrimitiveService{2}{type=PrimitiveType{name=test}, name=test} - Executing DefaultCommit{index=14, session=RaftSession{RaftServiceContext{server=3, type=PrimitiveType{name=test}, name=test, id=2}, session=2, timestamp=2018-05-30 11:13:33,432}, time=2018-05-30 11:13:33,432, operation=DefaultOperationId{id=write, type=COMMAND}, value=byte[]{length=17, hash=-1644578928}}
11:13:33.522 [raft-server-2-state] TRACE i.a.p.s.impl.DefaultServiceExecutor - PrimitiveService{2}{type=PrimitiveType{name=test}, name=test} - Executing DefaultCommit{index=14, session=RaftSession{RaftServiceContext{server=2, type=PrimitiveType{name=test}, name=test, id=2}, session=2, timestamp=2018-05-30 11:13:33,432}, time=2018-05-30 11:13:33,432, operation=DefaultOperationId{id=write, type=COMMAND}, value=byte[]{length=17, hash=-1644578928}}
11:13:33.555 [raft-server-1] TRACE i.a.p.raft.roles.LeaderAppender - RaftServer{1} - Received AppendResponse{status=OK, term=1, succeeded=true, lastLogIndex=15} from 3
11:13:33.555 [raft-server-1] TRACE i.a.p.raft.roles.LeaderAppender - RaftServer{1} - Sending AppendRequest{term=1, leader=1, prevLogIndex=15, prevLogTerm=1, entries=0, commitIndex=15} to 2
11:13:33.555 [raft-server-1] TRACE i.a.p.raft.roles.LeaderAppender - RaftServer{1} - Sending AppendRequest{term=1, leader=1, prevLogIndex=15, prevLogTerm=1, entries=0, commitIndex=15} to 3
11:13:33.555 [raft-server-2] TRACE i.a.p.raft.roles.FollowerRole - RaftServer{2}{role=FOLLOWER} - Received AppendRequest{term=1, leader=1, prevLogIndex=15, prevLogTerm=1, entries=0, commitIndex=15}
11:13:33.555 [raft-server-3] TRACE i.a.p.raft.roles.FollowerRole - RaftServer{3}{role=FOLLOWER} - Received AppendRequest{term=1, leader=1, prevLogIndex=15, prevLogTerm=1, entries=0, commitIndex=15}
11:13:33.555 [raft-server-1-state] TRACE i.a.p.raft.impl.RaftServiceManager - RaftServer{1} - Applying Indexed{index=15, entry=CommandEntry{term=1, timestamp=2018-05-30 11:13:33,490, session=2, sequence=11, operation=PrimitiveOperation{id=DefaultOperationId{id=write, type=COMMAND}, value=byte[]{length=17, hash=-1644578928}}}}
11:13:33.556 [raft-server-1-state] TRACE i.a.p.s.impl.DefaultServiceExecutor - PrimitiveService{2}{type=PrimitiveType{name=test}, name=test} - Executing DefaultCommit{index=15, session=RaftSession{RaftServiceContext{server=1, type=PrimitiveType{name=test}, name=test, id=2}, session=2, timestamp=2018-05-30 11:13:33,490}, time=2018-05-30 11:13:33,490, operation=DefaultOperationId{id=write, type=COMMAND}, value=byte[]{length=17, hash=-1644578928}}
11:13:33.556 [raft-server-1-state] TRACE i.a.protocols.raft.roles.LeaderRole - RaftServer{1}{role=LEADER} - Sending CommandResponse{status=OK, index=15, eventIndex=2, result=byte[]{length=2, hash=1270}}
11:13:33.580 [raft-server-2] TRACE i.a.p.raft.roles.FollowerRole - RaftServer{2}{role=FOLLOWER} - Committed entries up to index 15
11:13:33.580 [raft-server-2] TRACE i.a.p.raft.roles.FollowerRole - RaftServer{2}{role=FOLLOWER} - Sending AppendResponse{status=OK, term=1, succeeded=true, lastLogIndex=15}
11:13:33.580 [raft-server-1] TRACE i.a.p.raft.roles.LeaderAppender - RaftServer{1} - Received AppendResponse{status=OK, term=1, succeeded=true, lastLogIndex=15} from 2
11:13:33.580 [raft-server-2] TRACE i.a.p.raft.roles.FollowerRole - RaftServer{2}{role=FOLLOWER} - Sending CommandResponse{status=OK, index=15, eventIndex=2, result=byte[]{length=2, hash=1270}}
11:13:33.580 [raft-server-1] TRACE i.a.p.raft.roles.LeaderAppender - RaftServer{1} - Sending AppendRequest{term=1, leader=1, prevLogIndex=15, prevLogTerm=1, entries=0, commitIndex=15} to 2
11:13:33.580 [raft-client-a5a0def7-e1df-4503-b1c6-00519ae66cf7-6] TRACE i.a.p.r.p.impl.RaftProxyConnection - PartitionProxy{2}{type=PrimitiveType{name=test}, name=test} - Received CommandResponse{status=OK, index=15, eventIndex=2, result=byte[]{length=2, hash=1270}} from 2
11:13:33.580 [raft-server-2] TRACE i.a.p.raft.roles.FollowerRole - RaftServer{2}{role=FOLLOWER} - Received AppendRequest{term=1, leader=1, prevLogIndex=15, prevLogTerm=1, entries=0, commitIndex=15}
11:13:33.580 [raft-client-a5a0def7-e1df-4503-b1c6-00519ae66cf7-6] TRACE i.a.p.r.p.impl.RaftProxySequencer - PartitionProxy{2}{type=PrimitiveType{name=test}, name=test} - Completing response CommandResponse{status=OK, index=15, eventIndex=2, result=byte[]{length=2, hash=1270}}
11:13:33.580 [raft-server-2] TRACE i.a.p.raft.roles.FollowerRole - RaftServer{2}{role=FOLLOWER} - Sending AppendResponse{status=OK, term=1, succeeded=true, lastLogIndex=15}
11:13:33.580 [raft-server-2-state] TRACE i.a.p.raft.impl.RaftServiceManager - RaftServer{2} - Applying Indexed{index=15, entry=CommandEntry{term=1, timestamp=2018-05-30 11:13:33,490, session=2, sequence=11, operation=PrimitiveOperation{id=DefaultOperationId{id=write, type=COMMAND}, value=byte[]{length=17, hash=-1644578928}}}}
11:13:33.581 [raft-server-1] TRACE i.a.p.raft.roles.LeaderAppender - RaftServer{1} - Received AppendResponse{status=OK, term=1, succeeded=true, lastLogIndex=15} from 2
11:13:33.581 [raft-server-2-state] TRACE i.a.p.s.impl.DefaultServiceExecutor - PrimitiveService{2}{type=PrimitiveType{name=test}, name=test} - Executing DefaultCommit{index=15, session=RaftSession{RaftServiceContext{server=2, type=PrimitiveType{name=test}, name=test, id=2}, session=2, timestamp=2018-05-30 11:13:33,490}, time=2018-05-30 11:13:33,490, operation=DefaultOperationId{id=write, type=COMMAND}, value=byte[]{length=17, hash=-1644578928}}
11:13:33.581 [raft-client-a5a0def7-e1df-4503-b1c6-00519ae66cf7-4] TRACE i.a.p.r.p.impl.RaftProxyConnection - PartitionProxy{2}{type=PrimitiveType{name=test}, name=test} - Sending CommandRequest{session=2, sequence=12, operation=PrimitiveOperation{id=DefaultOperationId{id=write, type=COMMAND}, value=byte[]{length=17, hash=-1644578928}}} to 2
11:13:33.581 [raft-server-2] TRACE i.a.p.raft.roles.FollowerRole - RaftServer{2}{role=FOLLOWER} - Received CommandRequest{session=2, sequence=12, operation=PrimitiveOperation{id=DefaultOperationId{id=write, type=COMMAND}, value=byte[]{length=17, hash=-1644578928}}}
11:13:33.581 [raft-server-1] TRACE i.a.protocols.raft.roles.LeaderRole - RaftServer{1}{role=LEADER} - Received CommandRequest{session=2, sequence=12, operation=PrimitiveOperation{id=DefaultOperationId{id=write, type=COMMAND}, value=byte[]{length=17, hash=-1644578928}}}
11:13:33.582 [raft-server-1] TRACE i.a.protocols.raft.roles.LeaderRole - RaftServer{1}{role=LEADER} - Appended Indexed{index=16, entry=CommandEntry{term=1, timestamp=2018-05-30 11:13:33,581, session=2, sequence=12, operation=PrimitiveOperation{id=DefaultOperationId{id=write, type=COMMAND}, value=byte[]{length=17, hash=-1644578928}}}}
11:13:33.582 [raft-server-1] TRACE i.a.p.raft.roles.LeaderAppender - RaftServer{1} - Sending AppendRequest{term=1, leader=1, prevLogIndex=15, prevLogTerm=1, entries=1, commitIndex=15} to 2
11:13:33.582 [raft-server-2] TRACE i.a.p.raft.roles.FollowerRole - RaftServer{2}{role=FOLLOWER} - Received AppendRequest{term=1, leader=1, prevLogIndex=15, prevLogTerm=1, entries=1, commitIndex=15}
11:13:33.582 [raft-server-2] TRACE i.a.p.raft.roles.FollowerRole - RaftServer{2}{role=FOLLOWER} - Appended Indexed{index=16, entry=CommandEntry{term=1, timestamp=2018-05-30 11:13:33,581, session=2, sequence=12, operation=PrimitiveOperation{id=DefaultOperationId{id=write, type=COMMAND}, value=byte[]{length=17, hash=-1644578928}}}}
11:13:33.582 [raft-server-2] TRACE i.a.p.raft.roles.FollowerRole - RaftServer{2}{role=FOLLOWER} - Sending AppendResponse{status=OK, term=1, succeeded=true, lastLogIndex=16}
11:13:33.582 [raft-server-1] TRACE i.a.p.raft.roles.LeaderAppender - RaftServer{1} - Received AppendResponse{status=OK, term=1, succeeded=true, lastLogIndex=16} from 2
11:13:33.582 [raft-server-1] TRACE i.a.p.raft.roles.LeaderAppender - RaftServer{1} - Committed entries up to 16
11:13:33.605 [raft-server-3] TRACE i.a.p.raft.roles.FollowerRole - RaftServer{3}{role=FOLLOWER} - Committed entries up to index 15
11:13:33.605 [raft-server-3] TRACE i.a.p.raft.roles.FollowerRole - RaftServer{3}{role=FOLLOWER} - Sending AppendResponse{status=OK, term=1, succeeded=true, lastLogIndex=15}
11:13:33.605 [raft-server-3-state] TRACE i.a.p.raft.impl.RaftServiceManager - RaftServer{3} - Applying Indexed{index=15, entry=CommandEntry{term=1, timestamp=2018-05-30 11:13:33,490, session=2, sequence=11, operation=PrimitiveOperation{id=DefaultOperationId{id=write, type=COMMAND}, value=byte[]{length=17, hash=-1644578928}}}}
11:13:33.605 [raft-server-3-state] TRACE i.a.p.s.impl.DefaultServiceExecutor - PrimitiveService{2}{type=PrimitiveType{name=test}, name=test} - Executing DefaultCommit{index=15, session=RaftSession{RaftServiceContext{server=3, type=PrimitiveType{name=test}, name=test, id=2}, session=2, timestamp=2018-05-30 11:13:33,490}, time=2018-05-30 11:13:33,490, operation=DefaultOperationId{id=write, type=COMMAND}, value=byte[]{length=17, hash=-1644578928}}
11:13:33.621 [raft-server-1] TRACE i.a.p.raft.roles.LeaderAppender - RaftServer{1} - Received AppendResponse{status=OK, term=1, succeeded=true, lastLogIndex=15} from 3
11:13:33.622 [raft-server-1] TRACE i.a.p.raft.roles.LeaderAppender - RaftServer{1} - Sending AppendRequest{term=1, leader=1, prevLogIndex=15, prevLogTerm=1, entries=1, commitIndex=16} to 3
11:13:33.622 [raft-server-3] TRACE i.a.p.raft.roles.FollowerRole - RaftServer{3}{role=FOLLOWER} - Received AppendRequest{term=1, leader=1, prevLogIndex=15, prevLogTerm=1, entries=1, commitIndex=16}
11:13:33.622 [raft-server-1-state] TRACE i.a.p.raft.impl.RaftServiceManager - RaftServer{1} - Applying Indexed{index=16, entry=CommandEntry{term=1, timestamp=2018-05-30 11:13:33,581, session=2, sequence=12, operation=PrimitiveOperation{id=DefaultOperationId{id=write, type=COMMAND}, value=byte[]{length=17, hash=-1644578928}}}}
11:13:33.622 [raft-server-3] TRACE i.a.p.raft.roles.FollowerRole - RaftServer{3}{role=FOLLOWER} - Appended Indexed{index=16, entry=CommandEntry{term=1, timestamp=2018-05-30 11:13:33,581, session=2, sequence=12, operation=PrimitiveOperation{id=DefaultOperationId{id=write, type=COMMAND}, value=byte[]{length=17, hash=-1644578928}}}}
11:13:33.622 [raft-server-1-state] TRACE i.a.p.s.impl.DefaultServiceExecutor - PrimitiveService{2}{type=PrimitiveType{name=test}, name=test} - Executing DefaultCommit{index=16, session=RaftSession{RaftServiceContext{server=1, type=PrimitiveType{name=test}, name=test, id=2}, session=2, timestamp=2018-05-30 11:13:33,581}, time=2018-05-30 11:13:33,581, operation=DefaultOperationId{id=write, type=COMMAND}, value=byte[]{length=17, hash=-1644578928}}
11:13:33.622 [raft-server-1-state] TRACE i.a.protocols.raft.roles.LeaderRole - RaftServer{1}{role=LEADER} - Sending CommandResponse{status=OK, index=16, eventIndex=2, result=byte[]{length=2, hash=1272}}
11:13:33.622 [raft-server-2] TRACE i.a.p.raft.roles.FollowerRole - RaftServer{2}{role=FOLLOWER} - Sending CommandResponse{status=OK, index=16, eventIndex=2, result=byte[]{length=2, hash=1272}}
11:13:33.623 [raft-client-a5a0def7-e1df-4503-b1c6-00519ae66cf7-7] TRACE i.a.p.r.p.impl.RaftProxyConnection - PartitionProxy{2}{type=PrimitiveType{name=test}, name=test} - Received CommandResponse{status=OK, index=16, eventIndex=2, result=byte[]{length=2, hash=1272}} from 2
11:13:33.623 [raft-client-a5a0def7-e1df-4503-b1c6-00519ae66cf7-7] TRACE i.a.p.r.p.impl.RaftProxySequencer - PartitionProxy{2}{type=PrimitiveType{name=test}, name=test} - Completing response CommandResponse{status=OK, index=16, eventIndex=2, result=byte[]{length=2, hash=1272}}
11:13:33.623 [raft-client-a5a0def7-e1df-4503-b1c6-00519ae66cf7-1] TRACE i.a.p.r.p.impl.RaftProxyConnection - PartitionProxy{2}{type=PrimitiveType{name=test}, name=test} - Sending CommandRequest{session=2, sequence=13, operation=PrimitiveOperation{id=DefaultOperationId{id=write, type=COMMAND}, value=byte[]{length=17, hash=-1644578928}}} to 2
11:13:33.623 [raft-server-2] TRACE i.a.p.raft.roles.FollowerRole - RaftServer{2}{role=FOLLOWER} - Received CommandRequest{session=2, sequence=13, operation=PrimitiveOperation{id=DefaultOperationId{id=write, type=COMMAND}, value=byte[]{length=17, hash=-1644578928}}}
11:13:33.623 [raft-server-1] TRACE i.a.protocols.raft.roles.LeaderRole - RaftServer{1}{role=LEADER} - Received CommandRequest{session=2, sequence=13, operation=PrimitiveOperation{id=DefaultOperationId{id=write, type=COMMAND}, value=byte[]{length=17, hash=-1644578928}}}
11:13:33.624 [raft-server-1] TRACE i.a.protocols.raft.roles.LeaderRole - RaftServer{1}{role=LEADER} - Appended Indexed{index=17, entry=CommandEntry{term=1, timestamp=2018-05-30 11:13:33,624, session=2, sequence=13, operation=PrimitiveOperation{id=DefaultOperationId{id=write, type=COMMAND}, value=byte[]{length=17, hash=-1644578928}}}}
11:13:33.624 [raft-server-1] TRACE i.a.p.raft.roles.LeaderAppender - RaftServer{1} - Sending AppendRequest{term=1, leader=1, prevLogIndex=16, prevLogTerm=1, entries=1, commitIndex=16} to 2
11:13:33.624 [raft-server-2] TRACE i.a.p.raft.roles.FollowerRole - RaftServer{2}{role=FOLLOWER} - Received AppendRequest{term=1, leader=1, prevLogIndex=16, prevLogTerm=1, entries=1, commitIndex=16}
11:13:33.624 [raft-server-2] TRACE i.a.p.raft.roles.FollowerRole - RaftServer{2}{role=FOLLOWER} - Appended Indexed{index=17, entry=CommandEntry{term=1, timestamp=2018-05-30 11:13:33,624, session=2, sequence=13, operation=PrimitiveOperation{id=DefaultOperationId{id=write, type=COMMAND}, value=byte[]{length=17, hash=-1644578928}}}}
11:13:33.655 [raft-server-3] TRACE i.a.p.raft.roles.FollowerRole - RaftServer{3}{role=FOLLOWER} - Committed entries up to index 16
11:13:33.655 [raft-server-3] TRACE i.a.p.raft.roles.FollowerRole - RaftServer{3}{role=FOLLOWER} - Sending AppendResponse{status=OK, term=1, succeeded=true, lastLogIndex=16}
11:13:33.655 [raft-server-1] TRACE i.a.p.raft.roles.LeaderAppender - RaftServer{1} - Received AppendResponse{status=OK, term=1, succeeded=true, lastLogIndex=16} from 3
11:13:33.655 [raft-server-1] TRACE i.a.p.raft.roles.LeaderAppender - RaftServer{1} - Sending AppendRequest{term=1, leader=1, prevLogIndex=16, prevLogTerm=1, entries=1, commitIndex=16} to 3
11:13:33.655 [raft-server-3-state] TRACE i.a.p.raft.impl.RaftServiceManager - RaftServer{3} - Applying Indexed{index=16, entry=CommandEntry{term=1, timestamp=2018-05-30 11:13:33,581, session=2, sequence=12, operation=PrimitiveOperation{id=DefaultOperationId{id=write, type=COMMAND}, value=byte[]{length=17, hash=-1644578928}}}}
11:13:33.655 [raft-server-3] TRACE i.a.p.raft.roles.FollowerRole - RaftServer{3}{role=FOLLOWER} - Received AppendRequest{term=1, leader=1, prevLogIndex=16, prevLogTerm=1, entries=1, commitIndex=16}
11:13:33.655 [raft-server-3-state] TRACE i.a.p.s.impl.DefaultServiceExecutor - PrimitiveService{2}{type=PrimitiveType{name=test}, name=test} - Executing DefaultCommit{index=16, session=RaftSession{RaftServiceContext{server=3, type=PrimitiveType{name=test}, name=test, id=2}, session=2, timestamp=2018-05-30 11:13:33,581}, time=2018-05-30 11:13:33,581, operation=DefaultOperationId{id=write, type=COMMAND}, value=byte[]{length=17, hash=-1644578928}}
11:13:33.656 [raft-server-3] TRACE i.a.p.raft.roles.FollowerRole - RaftServer{3}{role=FOLLOWER} - Appended Indexed{index=17, entry=CommandEntry{term=1, timestamp=2018-05-30 11:13:33,624, session=2, sequence=13, operation=PrimitiveOperation{id=DefaultOperationId{id=write, type=COMMAND}, value=byte[]{length=17, hash=-1644578928}}}}
11:13:33.656 [raft-server-3] TRACE i.a.p.raft.roles.FollowerRole - RaftServer{3}{role=FOLLOWER} - Sending AppendResponse{status=OK, term=1, succeeded=true, lastLogIndex=17}
11:13:33.660 [raft-server-1] TRACE i.a.p.raft.roles.LeaderAppender - RaftServer{1} - Received AppendResponse{status=OK, term=1, succeeded=true, lastLogIndex=17} from 3
11:13:33.660 [raft-server-1] TRACE i.a.p.raft.roles.LeaderAppender - RaftServer{1} - Committed entries up to 17
11:13:33.685 [raft-server-2] TRACE i.a.p.raft.roles.FollowerRole - RaftServer{2}{role=FOLLOWER} - Committed entries up to index 16
11:13:33.685 [raft-server-2] TRACE i.a.p.raft.roles.FollowerRole - RaftServer{2}{role=FOLLOWER} - Sending AppendResponse{status=OK, term=1, succeeded=true, lastLogIndex=17}
11:13:33.685 [raft-server-2-state] TRACE i.a.p.raft.impl.RaftServiceManager - RaftServer{2} - Applying Indexed{index=16, entry=CommandEntry{term=1, timestamp=2018-05-30 11:13:33,581, session=2, sequence=12, operation=PrimitiveOperation{id=DefaultOperationId{id=write, type=COMMAND}, value=byte[]{length=17, hash=-1644578928}}}}
11:13:33.685 [raft-server-2-state] TRACE i.a.p.s.impl.DefaultServiceExecutor - PrimitiveService{2}{type=PrimitiveType{name=test}, name=test} - Executing DefaultCommit{index=16, session=RaftSession{RaftServiceContext{server=2, type=PrimitiveType{name=test}, name=test, id=2}, session=2, timestamp=2018-05-30 11:13:33,581}, time=2018-05-30 11:13:33,581, operation=DefaultOperationId{id=write, type=COMMAND}, value=byte[]{length=17, hash=-1644578928}}
11:13:33.710 [raft-server-1] TRACE i.a.p.raft.roles.LeaderAppender - RaftServer{1} - Received AppendResponse{status=OK, term=1, succeeded=true, lastLogIndex=17} from 2
11:13:33.710 [raft-server-1-state] TRACE i.a.p.raft.impl.RaftServiceManager - RaftServer{1} - Applying Indexed{index=17, entry=CommandEntry{term=1, timestamp=2018-05-30 11:13:33,624, session=2, sequence=13, operation=PrimitiveOperation{id=DefaultOperationId{id=write, type=COMMAND}, value=byte[]{length=17, hash=-1644578928}}}}
11:13:33.710 [raft-server-1-state] TRACE i.a.p.s.impl.DefaultServiceExecutor - PrimitiveService{2}{type=PrimitiveType{name=test}, name=test} - Executing DefaultCommit{index=17, session=RaftSession{RaftServiceContext{server=1, type=PrimitiveType{name=test}, name=test, id=2}, session=2, timestamp=2018-05-30 11:13:33,624}, time=2018-05-30 11:13:33,624, operation=DefaultOperationId{id=write, type=COMMAND}, value=byte[]{length=17, hash=-1644578928}}
11:13:33.711 [raft-server-1-state] TRACE i.a.protocols.raft.roles.LeaderRole - RaftServer{1}{role=LEADER} - Sending CommandResponse{status=OK, index=17, eventIndex=2, result=byte[]{length=2, hash=1274}}
11:13:33.711 [raft-server-2] TRACE i.a.p.raft.roles.FollowerRole - RaftServer{2}{role=FOLLOWER} - Sending CommandResponse{status=OK, index=17, eventIndex=2, result=byte[]{length=2, hash=1274}}
11:13:33.711 [raft-client-a5a0def7-e1df-4503-b1c6-00519ae66cf7-2] TRACE i.a.p.r.p.impl.RaftProxyConnection - PartitionProxy{2}{type=PrimitiveType{name=test}, name=test} - Received CommandResponse{status=OK, index=17, eventIndex=2, result=byte[]{length=2, hash=1274}} from 2
11:13:33.711 [raft-client-a5a0def7-e1df-4503-b1c6-00519ae66cf7-2] TRACE i.a.p.r.p.impl.RaftProxySequencer - PartitionProxy{2}{type=PrimitiveType{name=test}, name=test} - Completing response CommandResponse{status=OK, index=17, eventIndex=2, result=byte[]{length=2, hash=1274}}
11:13:33.712 [raft-client-a5a0def7-e1df-4503-b1c6-00519ae66cf7-3] TRACE i.a.p.r.p.impl.RaftProxyConnection - PartitionProxy{2}{type=PrimitiveType{name=test}, name=test} - Sending CommandRequest{session=2, sequence=14, operation=PrimitiveOperation{id=DefaultOperationId{id=write, type=COMMAND}, value=byte[]{length=17, hash=-1644578928}}} to 2
11:13:33.712 [raft-server-2] TRACE i.a.p.raft.roles.FollowerRole - RaftServer{2}{role=FOLLOWER} - Received CommandRequest{session=2, sequence=14, operation=PrimitiveOperation{id=DefaultOperationId{id=write, type=COMMAND}, value=byte[]{length=17, hash=-1644578928}}}
11:13:33.712 [raft-server-1] TRACE i.a.protocols.raft.roles.LeaderRole - RaftServer{1}{role=LEADER} - Received CommandRequest{session=2, sequence=14, operation=PrimitiveOperation{id=DefaultOperationId{id=write, type=COMMAND}, value=byte[]{length=17, hash=-1644578928}}}
11:13:33.712 [raft-server-1] TRACE i.a.protocols.raft.roles.LeaderRole - RaftServer{1}{role=LEADER} - Appended Indexed{index=18, entry=CommandEntry{term=1, timestamp=2018-05-30 11:13:33,712, session=2, sequence=14, operation=PrimitiveOperation{id=DefaultOperationId{id=write, type=COMMAND}, value=byte[]{length=17, hash=-1644578928}}}}
11:13:33.713 [raft-server-1] TRACE i.a.p.raft.roles.LeaderAppender - RaftServer{1} - Sending AppendRequest{term=1, leader=1, prevLogIndex=17, prevLogTerm=1, entries=1, commitIndex=17} to 2
11:13:33.713 [raft-server-2] TRACE i.a.p.raft.roles.FollowerRole - RaftServer{2}{role=FOLLOWER} - Received AppendRequest{term=1, leader=1, prevLogIndex=17, prevLogTerm=1, entries=1, commitIndex=17}
11:13:33.713 [raft-server-1] TRACE i.a.p.raft.roles.LeaderAppender - RaftServer{1} - Sending AppendRequest{term=1, leader=1, prevLogIndex=17, prevLogTerm=1, entries=1, commitIndex=17} to 3
11:13:33.713 [raft-server-3] TRACE i.a.p.raft.roles.FollowerRole - RaftServer{3}{role=FOLLOWER} - Received AppendRequest{term=1, leader=1, prevLogIndex=17, prevLogTerm=1, entries=1, commitIndex=17}
11:13:33.713 [raft-server-2] TRACE i.a.p.raft.roles.FollowerRole - RaftServer{2}{role=FOLLOWER} - Appended Indexed{index=18, entry=CommandEntry{term=1, timestamp=2018-05-30 11:13:33,712, session=2, sequence=14, operation=PrimitiveOperation{id=DefaultOperationId{id=write, type=COMMAND}, value=byte[]{length=17, hash=-1644578928}}}}
11:13:33.713 [raft-server-3] TRACE i.a.p.raft.roles.FollowerRole - RaftServer{3}{role=FOLLOWER} - Appended Indexed{index=18, entry=CommandEntry{term=1, timestamp=2018-05-30 11:13:33,712, session=2, sequence=14, operation=PrimitiveOperation{id=DefaultOperationId{id=write, type=COMMAND}, value=byte[]{length=17, hash=-1644578928}}}}
11:13:33.743 [raft-server-2] TRACE i.a.p.raft.roles.FollowerRole - RaftServer{2}{role=FOLLOWER} - Committed entries up to index 17
11:13:33.743 [raft-server-2] TRACE i.a.p.raft.roles.FollowerRole - RaftServer{2}{role=FOLLOWER} - Sending AppendResponse{status=OK, term=1, succeeded=true, lastLogIndex=18}
11:13:33.743 [raft-server-1] TRACE i.a.p.raft.roles.LeaderAppender - RaftServer{1} - Received AppendResponse{status=OK, term=1, succeeded=true, lastLogIndex=18} from 2
11:13:33.743 [raft-server-1] TRACE i.a.p.raft.roles.LeaderAppender - RaftServer{1} - Committed entries up to 18
11:13:33.743 [raft-server-2-state] TRACE i.a.p.raft.impl.RaftServiceManager - RaftServer{2} - Applying Indexed{index=17, entry=CommandEntry{term=1, timestamp=2018-05-30 11:13:33,624, session=2, sequence=13, operation=PrimitiveOperation{id=DefaultOperationId{id=write, type=COMMAND}, value=byte[]{length=17, hash=-1644578928}}}}
11:13:33.744 [raft-server-2-state] TRACE i.a.p.s.impl.DefaultServiceExecutor - PrimitiveService{2}{type=PrimitiveType{name=test}, name=test} - Executing DefaultCommit{index=17, session=RaftSession{RaftServiceContext{server=2, type=PrimitiveType{name=test}, name=test, id=2}, session=2, timestamp=2018-05-30 11:13:33,624}, time=2018-05-30 11:13:33,624, operation=DefaultOperationId{id=write, type=COMMAND}, value=byte[]{length=17, hash=-1644578928}}
11:13:33.768 [raft-server-3] TRACE i.a.p.raft.roles.FollowerRole - RaftServer{3}{role=FOLLOWER} - Committed entries up to index 17
11:13:33.768 [raft-server-3] TRACE i.a.p.raft.roles.FollowerRole - RaftServer{3}{role=FOLLOWER} - Sending AppendResponse{status=OK, term=1, succeeded=true, lastLogIndex=18}
11:13:33.768 [raft-server-3-state] TRACE i.a.p.raft.impl.RaftServiceManager - RaftServer{3} - Applying Indexed{index=17, entry=CommandEntry{term=1, timestamp=2018-05-30 11:13:33,624, session=2, sequence=13, operation=PrimitiveOperation{id=DefaultOperationId{id=write, type=COMMAND}, value=byte[]{length=17, hash=-1644578928}}}}
11:13:33.769 [raft-server-3-state] TRACE i.a.p.s.impl.DefaultServiceExecutor - PrimitiveService{2}{type=PrimitiveType{name=test}, name=test} - Executing DefaultCommit{index=17, session=RaftSession{RaftServiceContext{server=3, type=PrimitiveType{name=test}, name=test, id=2}, session=2, timestamp=2018-05-30 11:13:33,624}, time=2018-05-30 11:13:33,624, operation=DefaultOperationId{id=write, type=COMMAND}, value=byte[]{length=17, hash=-1644578928}}
11:13:33.788 [raft-server-1] TRACE i.a.p.raft.roles.LeaderAppender - RaftServer{1} - Received AppendResponse{status=OK, term=1, succeeded=true, lastLogIndex=18} from 3
11:13:33.788 [raft-server-1] TRACE i.a.p.raft.roles.LeaderAppender - RaftServer{1} - Sending AppendRequest{term=1, leader=1, prevLogIndex=18, prevLogTerm=1, entries=0, commitIndex=18} to 2
11:13:33.789 [raft-server-1] TRACE i.a.p.raft.roles.LeaderAppender - RaftServer{1} - Sending AppendRequest{term=1, leader=1, prevLogIndex=18, prevLogTerm=1, entries=0, commitIndex=18} to 3
11:13:33.789 [raft-server-2] TRACE i.a.p.raft.roles.FollowerRole - RaftServer{2}{role=FOLLOWER} - Received AppendRequest{term=1, leader=1, prevLogIndex=18, prevLogTerm=1, entries=0, commitIndex=18}
11:13:33.789 [raft-server-3] TRACE i.a.p.raft.roles.FollowerRole - RaftServer{3}{role=FOLLOWER} - Received AppendRequest{term=1, leader=1, prevLogIndex=18, prevLogTerm=1, entries=0, commitIndex=18}
11:13:33.789 [raft-server-1-state] TRACE i.a.p.raft.impl.RaftServiceManager - RaftServer{1} - Applying Indexed{index=18, entry=CommandEntry{term=1, timestamp=2018-05-30 11:13:33,712, session=2, sequence=14, operation=PrimitiveOperation{id=DefaultOperationId{id=write, type=COMMAND}, value=byte[]{length=17, hash=-1644578928}}}}
11:13:33.789 [raft-server-1-state] TRACE i.a.p.s.impl.DefaultServiceExecutor - PrimitiveService{2}{type=PrimitiveType{name=test}, name=test} - Executing DefaultCommit{index=18, session=RaftSession{RaftServiceContext{server=1, type=PrimitiveType{name=test}, name=test, id=2}, session=2, timestamp=2018-05-30 11:13:33,712}, time=2018-05-30 11:13:33,712, operation=DefaultOperationId{id=write, type=COMMAND}, value=byte[]{length=17, hash=-1644578928}}
11:13:33.789 [raft-server-1-state] TRACE i.a.protocols.raft.roles.LeaderRole - RaftServer{1}{role=LEADER} - Sending CommandResponse{status=OK, index=18, eventIndex=2, result=byte[]{length=2, hash=1276}}
11:13:33.810 [raft-server-2] TRACE i.a.p.raft.roles.FollowerRole - RaftServer{2}{role=FOLLOWER} - Committed entries up to index 18
11:13:33.810 [raft-server-3] TRACE i.a.p.raft.roles.FollowerRole - RaftServer{3}{role=FOLLOWER} - Committed entries up to index 18
11:13:33.810 [raft-server-2] TRACE i.a.p.raft.roles.FollowerRole - RaftServer{2}{role=FOLLOWER} - Sending AppendResponse{status=OK, term=1, succeeded=true, lastLogIndex=18}
11:13:33.810 [raft-server-3] TRACE i.a.p.raft.roles.FollowerRole - RaftServer{3}{role=FOLLOWER} - Sending AppendResponse{status=OK, term=1, succeeded=true, lastLogIndex=18}
11:13:33.810 [raft-server-1] TRACE i.a.p.raft.roles.LeaderAppender - RaftServer{1} - Received AppendResponse{status=OK, term=1, succeeded=true, lastLogIndex=18} from 2
11:13:33.810 [raft-server-1] TRACE i.a.p.raft.roles.LeaderAppender - RaftServer{1} - Sending AppendRequest{term=1, leader=1, prevLogIndex=18, prevLogTerm=1, entries=0, commitIndex=18} to 2
11:13:33.810 [raft-server-3-state] TRACE i.a.p.raft.impl.RaftServiceManager - RaftServer{3} - Applying Indexed{index=18, entry=CommandEntry{term=1, timestamp=2018-05-30 11:13:33,712, session=2, sequence=14, operation=PrimitiveOperation{id=DefaultOperationId{id=write, type=COMMAND}, value=byte[]{length=17, hash=-1644578928}}}}
11:13:33.810 [raft-server-1] TRACE i.a.p.raft.roles.LeaderAppender - RaftServer{1} - Received AppendResponse{status=OK, term=1, succeeded=true, lastLogIndex=18} from 3
11:13:33.810 [raft-server-3-state] TRACE i.a.p.s.impl.DefaultServiceExecutor - PrimitiveService{2}{type=PrimitiveType{name=test}, name=test} - Executing DefaultCommit{index=18, session=RaftSession{RaftServiceContext{server=3, type=PrimitiveType{name=test}, name=test, id=2}, session=2, timestamp=2018-05-30 11:13:33,712}, time=2018-05-30 11:13:33,712, operation=DefaultOperationId{id=write, type=COMMAND}, value=byte[]{length=17, hash=-1644578928}}
11:13:33.810 [raft-server-2] TRACE i.a.p.raft.roles.FollowerRole - RaftServer{2}{role=FOLLOWER} - Sending CommandResponse{status=OK, index=18, eventIndex=2, result=byte[]{length=2, hash=1276}}
11:13:33.811 [raft-client-a5a0def7-e1df-4503-b1c6-00519ae66cf7-6] TRACE i.a.p.r.p.impl.RaftProxyConnection - PartitionProxy{2}{type=PrimitiveType{name=test}, name=test} - Received CommandResponse{status=OK, index=18, eventIndex=2, result=byte[]{length=2, hash=1276}} from 2
11:13:33.811 [raft-server-2] TRACE i.a.p.raft.roles.FollowerRole - RaftServer{2}{role=FOLLOWER} - Received AppendRequest{term=1, leader=1, prevLogIndex=18, prevLogTerm=1, entries=0, commitIndex=18}
11:13:33.811 [raft-client-a5a0def7-e1df-4503-b1c6-00519ae66cf7-6] TRACE i.a.p.r.p.impl.RaftProxySequencer - PartitionProxy{2}{type=PrimitiveType{name=test}, name=test} - Completing response CommandResponse{status=OK, index=18, eventIndex=2, result=byte[]{length=2, hash=1276}}
11:13:33.811 [raft-server-2] TRACE i.a.p.raft.roles.FollowerRole - RaftServer{2}{role=FOLLOWER} - Sending AppendResponse{status=OK, term=1, succeeded=true, lastLogIndex=18}
11:13:33.811 [raft-server-2-state] TRACE i.a.p.raft.impl.RaftServiceManager - RaftServer{2} - Applying Indexed{index=18, entry=CommandEntry{term=1, timestamp=2018-05-30 11:13:33,712, session=2, sequence=14, operation=PrimitiveOperation{id=DefaultOperationId{id=write, type=COMMAND}, value=byte[]{length=17, hash=-1644578928}}}}
11:13:33.811 [raft-server-1] TRACE i.a.p.raft.roles.LeaderAppender - RaftServer{1} - Received AppendResponse{status=OK, term=1, succeeded=true, lastLogIndex=18} from 2
11:13:33.811 [raft-server-2-state] TRACE i.a.p.s.impl.DefaultServiceExecutor - PrimitiveService{2}{type=PrimitiveType{name=test}, name=test} - Executing DefaultCommit{index=18, session=RaftSession{RaftServiceContext{server=2, type=PrimitiveType{name=test}, name=test, id=2}, session=2, timestamp=2018-05-30 11:13:33,712}, time=2018-05-30 11:13:33,712, operation=DefaultOperationId{id=write, type=COMMAND}, value=byte[]{length=17, hash=-1644578928}}
11:13:33.811 [raft-client-a5a0def7-e1df-4503-b1c6-00519ae66cf7-0] TRACE i.a.p.r.p.impl.RaftProxyConnection - PartitionProxy{2}{type=PrimitiveType{name=test}, name=test} - Sending CommandRequest{session=2, sequence=15, operation=PrimitiveOperation{id=DefaultOperationId{id=write, type=COMMAND}, value=byte[]{length=17, hash=-1644578928}}} to 2
11:13:33.811 [raft-server-2] TRACE i.a.p.raft.roles.FollowerRole - RaftServer{2}{role=FOLLOWER} - Received CommandRequest{session=2, sequence=15, operation=PrimitiveOperation{id=DefaultOperationId{id=write, type=COMMAND}, value=byte[]{length=17, hash=-1644578928}}}
11:13:33.812 [raft-server-1] TRACE i.a.protocols.raft.roles.LeaderRole - RaftServer{1}{role=LEADER} - Received CommandRequest{session=2, sequence=15, operation=PrimitiveOperation{id=DefaultOperationId{id=write, type=COMMAND}, value=byte[]{length=17, hash=-1644578928}}}
11:13:33.812 [raft-server-1] TRACE i.a.protocols.raft.roles.LeaderRole - RaftServer{1}{role=LEADER} - Appended Indexed{index=19, entry=CommandEntry{term=1, timestamp=2018-05-30 11:13:33,812, session=2, sequence=15, operation=PrimitiveOperation{id=DefaultOperationId{id=write, type=COMMAND}, value=byte[]{length=17, hash=-1644578928}}}}
11:13:33.812 [raft-server-1] TRACE i.a.p.raft.roles.LeaderAppender - RaftServer{1} - Sending AppendRequest{term=1, leader=1, prevLogIndex=18, prevLogTerm=1, entries=1, commitIndex=18} to 2
11:13:33.812 [raft-server-2] TRACE i.a.p.raft.roles.FollowerRole - RaftServer{2}{role=FOLLOWER} - Received AppendRequest{term=1, leader=1, prevLogIndex=18, prevLogTerm=1, entries=1, commitIndex=18}
11:13:33.812 [raft-server-1] TRACE i.a.p.raft.roles.LeaderAppender - RaftServer{1} - Sending AppendRequest{term=1, leader=1, prevLogIndex=18, prevLogTerm=1, entries=1, commitIndex=18} to 3
11:13:33.812 [raft-server-3] TRACE i.a.p.raft.roles.FollowerRole - RaftServer{3}{role=FOLLOWER} - Received AppendRequest{term=1, leader=1, prevLogIndex=18, prevLogTerm=1, entries=1, commitIndex=18}
11:13:33.812 [raft-server-2] TRACE i.a.p.raft.roles.FollowerRole - RaftServer{2}{role=FOLLOWER} - Appended Indexed{index=19, entry=CommandEntry{term=1, timestamp=2018-05-30 11:13:33,812, session=2, sequence=15, operation=PrimitiveOperation{id=DefaultOperationId{id=write, type=COMMAND}, value=byte[]{length=17, hash=-1644578928}}}}
11:13:33.812 [raft-server-2] TRACE i.a.p.raft.roles.FollowerRole - RaftServer{2}{role=FOLLOWER} - Sending AppendResponse{status=OK, term=1, succeeded=true, lastLogIndex=19}
11:13:33.813 [raft-server-3] TRACE i.a.p.raft.roles.FollowerRole - RaftServer{3}{role=FOLLOWER} - Appended Indexed{index=19, entry=CommandEntry{term=1, timestamp=2018-05-30 11:13:33,812, session=2, sequence=15, operation=PrimitiveOperation{id=DefaultOperationId{id=write, type=COMMAND}, value=byte[]{length=17, hash=-1644578928}}}}
11:13:33.813 [raft-server-3] TRACE i.a.p.raft.roles.FollowerRole - RaftServer{3}{role=FOLLOWER} - Sending AppendResponse{status=OK, term=1, succeeded=true, lastLogIndex=19}
11:13:33.813 [raft-server-1] TRACE i.a.p.raft.roles.LeaderAppender - RaftServer{1} - Received AppendResponse{status=OK, term=1, succeeded=true, lastLogIndex=19} from 2
11:13:33.813 [raft-server-1] TRACE i.a.p.raft.roles.LeaderAppender - RaftServer{1} - Committed entries up to 19
11:13:33.843 [raft-server-1] TRACE i.a.p.raft.roles.LeaderAppender - RaftServer{1} - Received AppendResponse{status=OK, term=1, succeeded=true, lastLogIndex=19} from 3
11:13:33.843 [raft-server-1-state] TRACE i.a.p.raft.impl.RaftServiceManager - RaftServer{1} - Applying Indexed{index=19, entry=CommandEntry{term=1, timestamp=2018-05-30 11:13:33,812, session=2, sequence=15, operation=PrimitiveOperation{id=DefaultOperationId{id=write, type=COMMAND}, value=byte[]{length=17, hash=-1644578928}}}}
11:13:33.844 [raft-server-1-state] TRACE i.a.p.s.impl.DefaultServiceExecutor - PrimitiveService{2}{type=PrimitiveType{name=test}, name=test} - Executing DefaultCommit{index=19, session=RaftSession{RaftServiceContext{server=1, type=PrimitiveType{name=test}, name=test, id=2}, session=2, timestamp=2018-05-30 11:13:33,812}, time=2018-05-30 11:13:33,812, operation=DefaultOperationId{id=write, type=COMMAND}, value=byte[]{length=17, hash=-1644578928}}
11:13:33.844 [raft-server-1-state] TRACE i.a.protocols.raft.roles.LeaderRole - RaftServer{1}{role=LEADER} - Sending CommandResponse{status=OK, index=19, eventIndex=2, result=byte[]{length=2, hash=1278}}
11:13:33.844 [raft-server-2] TRACE i.a.p.raft.roles.FollowerRole - RaftServer{2}{role=FOLLOWER} - Sending CommandResponse{status=OK, index=19, eventIndex=2, result=byte[]{length=2, hash=1278}}
11:13:33.844 [raft-client-a5a0def7-e1df-4503-b1c6-00519ae66cf7-7] TRACE i.a.p.r.p.impl.RaftProxyConnection - PartitionProxy{2}{type=PrimitiveType{name=test}, name=test} - Received CommandResponse{status=OK, index=19, eventIndex=2, result=byte[]{length=2, hash=1278}} from 2
11:13:33.844 [raft-client-a5a0def7-e1df-4503-b1c6-00519ae66cf7-7] TRACE i.a.p.r.p.impl.RaftProxySequencer - PartitionProxy{2}{type=PrimitiveType{name=test}, name=test} - Completing response CommandResponse{status=OK, index=19, eventIndex=2, result=byte[]{length=2, hash=1278}}
11:13:33.845 [raft-client-a5a0def7-e1df-4503-b1c6-00519ae66cf7-5] TRACE i.a.p.r.p.impl.RaftProxyConnection - PartitionProxy{2}{type=PrimitiveType{name=test}, name=test} - Sending CommandRequest{session=2, sequence=16, operation=PrimitiveOperation{id=DefaultOperationId{id=write, type=COMMAND}, value=byte[]{length=17, hash=-1644578928}}} to 2
11:13:33.845 [raft-server-2] TRACE i.a.p.raft.roles.FollowerRole - RaftServer{2}{role=FOLLOWER} - Received CommandRequest{session=2, sequence=16, operation=PrimitiveOperation{id=DefaultOperationId{id=write, type=COMMAND}, value=byte[]{length=17, hash=-1644578928}}}
11:13:33.845 [raft-server-1] TRACE i.a.protocols.raft.roles.LeaderRole - RaftServer{1}{role=LEADER} - Received CommandRequest{session=2, sequence=16, operation=PrimitiveOperation{id=DefaultOperationId{id=write, type=COMMAND}, value=byte[]{length=17, hash=-1644578928}}}
11:13:33.845 [raft-server-1] TRACE i.a.protocols.raft.roles.LeaderRole - RaftServer{1}{role=LEADER} - Appended Indexed{index=20, entry=CommandEntry{term=1, timestamp=2018-05-30 11:13:33,845, session=2, sequence=16, operation=PrimitiveOperation{id=DefaultOperationId{id=write, type=COMMAND}, value=byte[]{length=17, hash=-1644578928}}}}
11:13:33.846 [raft-server-1] TRACE i.a.p.raft.roles.LeaderAppender - RaftServer{1} - Sending AppendRequest{term=1, leader=1, prevLogIndex=19, prevLogTerm=1, entries=1, commitIndex=19} to 2
11:13:33.846 [raft-server-2] TRACE i.a.p.raft.roles.FollowerRole - RaftServer{2}{role=FOLLOWER} - Received AppendRequest{term=1, leader=1, prevLogIndex=19, prevLogTerm=1, entries=1, commitIndex=19}
11:13:33.846 [raft-server-1] TRACE i.a.p.raft.roles.LeaderAppender - RaftServer{1} - Sending AppendRequest{term=1, leader=1, prevLogIndex=19, prevLogTerm=1, entries=1, commitIndex=19} to 3
11:13:33.846 [raft-server-3] TRACE i.a.p.raft.roles.FollowerRole - RaftServer{3}{role=FOLLOWER} - Received AppendRequest{term=1, leader=1, prevLogIndex=19, prevLogTerm=1, entries=1, commitIndex=19}
11:13:33.846 [raft-server-2] TRACE i.a.p.raft.roles.FollowerRole - RaftServer{2}{role=FOLLOWER} - Appended Indexed{index=20, entry=CommandEntry{term=1, timestamp=2018-05-30 11:13:33,845, session=2, sequence=16, operation=PrimitiveOperation{id=DefaultOperationId{id=write, type=COMMAND}, value=byte[]{length=17, hash=-1644578928}}}}
11:13:33.846 [raft-server-3] TRACE i.a.p.raft.roles.FollowerRole - RaftServer{3}{role=FOLLOWER} - Appended Indexed{index=20, entry=CommandEntry{term=1, timestamp=2018-05-30 11:13:33,845, session=2, sequence=16, operation=PrimitiveOperation{id=DefaultOperationId{id=write, type=COMMAND}, value=byte[]{length=17, hash=-1644578928}}}}
11:13:33.876 [raft-server-2] TRACE i.a.p.raft.roles.FollowerRole - RaftServer{2}{role=FOLLOWER} - Committed entries up to index 19
11:13:33.876 [raft-server-3] TRACE i.a.p.raft.roles.FollowerRole - RaftServer{3}{role=FOLLOWER} - Committed entries up to index 19
11:13:33.877 [raft-server-2] TRACE i.a.p.raft.roles.FollowerRole - RaftServer{2}{role=FOLLOWER} - Sending AppendResponse{status=OK, term=1, succeeded=true, lastLogIndex=20}
11:13:33.877 [raft-server-3] TRACE i.a.p.raft.roles.FollowerRole - RaftServer{3}{role=FOLLOWER} - Sending AppendResponse{status=OK, term=1, succeeded=true, lastLogIndex=20}
11:13:33.877 [raft-server-1] TRACE i.a.p.raft.roles.LeaderAppender - RaftServer{1} - Received AppendResponse{status=OK, term=1, succeeded=true, lastLogIndex=20} from 2
11:13:33.877 [raft-server-1] TRACE i.a.p.raft.roles.LeaderAppender - RaftServer{1} - Committed entries up to 20
11:13:33.877 [raft-server-3-state] TRACE i.a.p.raft.impl.RaftServiceManager - RaftServer{3} - Applying Indexed{index=19, entry=CommandEntry{term=1, timestamp=2018-05-30 11:13:33,812, session=2, sequence=15, operation=PrimitiveOperation{id=DefaultOperationId{id=write, type=COMMAND}, value=byte[]{length=17, hash=-1644578928}}}}
11:13:33.877 [raft-server-2-state] TRACE i.a.p.raft.impl.RaftServiceManager - RaftServer{2} - Applying Indexed{index=19, entry=CommandEntry{term=1, timestamp=2018-05-30 11:13:33,812, session=2, sequence=15, operation=PrimitiveOperation{id=DefaultOperationId{id=write, type=COMMAND}, value=byte[]{length=17, hash=-1644578928}}}}
11:13:33.877 [raft-server-2-state] TRACE i.a.p.s.impl.DefaultServiceExecutor - PrimitiveService{2}{type=PrimitiveType{name=test}, name=test} - Executing DefaultCommit{index=19, session=RaftSession{RaftServiceContext{server=2, type=PrimitiveType{name=test}, name=test, id=2}, session=2, timestamp=2018-05-30 11:13:33,812}, time=2018-05-30 11:13:33,812, operation=DefaultOperationId{id=write, type=COMMAND}, value=byte[]{length=17, hash=-1644578928}}
11:13:33.877 [raft-server-3-state] TRACE i.a.p.s.impl.DefaultServiceExecutor - PrimitiveService{2}{type=PrimitiveType{name=test}, name=test} - Executing DefaultCommit{index=19, session=RaftSession{RaftServiceContext{server=3, type=PrimitiveType{name=test}, name=test, id=2}, session=2, timestamp=2018-05-30 11:13:33,812}, time=2018-05-30 11:13:33,812, operation=DefaultOperationId{id=write, type=COMMAND}, value=byte[]{length=17, hash=-1644578928}}
11:13:33.902 [raft-server-1] TRACE i.a.p.raft.roles.LeaderAppender - RaftServer{1} - Received AppendResponse{status=OK, term=1, succeeded=true, lastLogIndex=20} from 3
11:13:33.902 [raft-server-1-state] TRACE i.a.p.raft.impl.RaftServiceManager - RaftServer{1} - Applying Indexed{index=20, entry=CommandEntry{term=1, timestamp=2018-05-30 11:13:33,845, session=2, sequence=16, operation=PrimitiveOperation{id=DefaultOperationId{id=write, type=COMMAND}, value=byte[]{length=17, hash=-1644578928}}}}
11:13:33.902 [raft-server-1-state] TRACE i.a.p.s.impl.DefaultServiceExecutor - PrimitiveService{2}{type=PrimitiveType{name=test}, name=test} - Executing DefaultCommit{index=20, session=RaftSession{RaftServiceContext{server=1, type=PrimitiveType{name=test}, name=test, id=2}, session=2, timestamp=2018-05-30 11:13:33,845}, time=2018-05-30 11:13:33,845, operation=DefaultOperationId{id=write, type=COMMAND}, value=byte[]{length=17, hash=-1644578928}}
11:13:33.903 [raft-server-1-state] TRACE i.a.protocols.raft.roles.LeaderRole - RaftServer{1}{role=LEADER} - Sending CommandResponse{status=OK, index=20, eventIndex=2, result=byte[]{length=2, hash=1280}}
11:13:33.903 [raft-server-2] TRACE i.a.p.raft.roles.FollowerRole - RaftServer{2}{role=FOLLOWER} - Sending CommandResponse{status=OK, index=20, eventIndex=2, result=byte[]{length=2, hash=1280}}
11:13:33.903 [raft-client-a5a0def7-e1df-4503-b1c6-00519ae66cf7-2] TRACE i.a.p.r.p.impl.RaftProxyConnection - PartitionProxy{2}{type=PrimitiveType{name=test}, name=test} - Received CommandResponse{status=OK, index=20, eventIndex=2, result=byte[]{length=2, hash=1280}} from 2
11:13:33.903 [raft-client-a5a0def7-e1df-4503-b1c6-00519ae66cf7-2] TRACE i.a.p.r.p.impl.RaftProxySequencer - PartitionProxy{2}{type=PrimitiveType{name=test}, name=test} - Completing response CommandResponse{status=OK, index=20, eventIndex=2, result=byte[]{length=2, hash=1280}}
11:13:33.904 [raft-client-a5a0def7-e1df-4503-b1c6-00519ae66cf7-4] TRACE i.a.p.r.p.impl.RaftProxyConnection - PartitionProxy{2}{type=PrimitiveType{name=test}, name=test} - Sending CommandRequest{session=2, sequence=17, operation=PrimitiveOperation{id=DefaultOperationId{id=write, type=COMMAND}, value=byte[]{length=17, hash=-1644578928}}} to 2
11:13:33.904 [raft-server-2] TRACE i.a.p.raft.roles.FollowerRole - RaftServer{2}{role=FOLLOWER} - Received CommandRequest{session=2, sequence=17, operation=PrimitiveOperation{id=DefaultOperationId{id=write, type=COMMAND}, value=byte[]{length=17, hash=-1644578928}}}
11:13:33.904 [raft-server-1] TRACE i.a.protocols.raft.roles.LeaderRole - RaftServer{1}{role=LEADER} - Received CommandRequest{session=2, sequence=17, operation=PrimitiveOperation{id=DefaultOperationId{id=write, type=COMMAND}, value=byte[]{length=17, hash=-1644578928}}}
11:13:33.951 [raft-server-1] DEBUG i.a.storage.journal.SegmentedJournal - Created disk segment: JournalSegment{id=3, version=1, index=21, size=64}
11:13:33.952 [raft-server-1] TRACE i.a.protocols.raft.roles.LeaderRole - RaftServer{1}{role=LEADER} - Appended Indexed{index=21, entry=CommandEntry{term=1, timestamp=2018-05-30 11:13:33,904, session=2, sequence=17, operation=PrimitiveOperation{id=DefaultOperationId{id=write, type=COMMAND}, value=byte[]{length=17, hash=-1644578928}}}}
11:13:33.952 [raft-server-1] TRACE i.a.p.raft.roles.LeaderAppender - RaftServer{1} - Sending AppendRequest{term=1, leader=1, prevLogIndex=20, prevLogTerm=1, entries=1, commitIndex=20} to 2
11:13:33.953 [raft-server-2] TRACE i.a.p.raft.roles.FollowerRole - RaftServer{2}{role=FOLLOWER} - Received AppendRequest{term=1, leader=1, prevLogIndex=20, prevLogTerm=1, entries=1, commitIndex=20}
11:13:33.953 [raft-server-1] TRACE i.a.p.raft.roles.LeaderAppender - RaftServer{1} - Sending AppendRequest{term=1, leader=1, prevLogIndex=20, prevLogTerm=1, entries=1, commitIndex=20} to 3
11:13:33.953 [raft-server-3] TRACE i.a.p.raft.roles.FollowerRole - RaftServer{3}{role=FOLLOWER} - Received AppendRequest{term=1, leader=1, prevLogIndex=20, prevLogTerm=1, entries=1, commitIndex=20}
11:13:34.010 [raft-server-2] DEBUG i.a.storage.journal.SegmentedJournal - Created disk segment: JournalSegment{id=3, version=1, index=21, size=64}
11:13:34.010 [raft-server-3] DEBUG i.a.storage.journal.SegmentedJournal - Created disk segment: JournalSegment{id=3, version=1, index=21, size=64}
11:13:34.010 [raft-server-2] TRACE i.a.p.raft.roles.FollowerRole - RaftServer{2}{role=FOLLOWER} - Appended Indexed{index=21, entry=CommandEntry{term=1, timestamp=2018-05-30 11:13:33,904, session=2, sequence=17, operation=PrimitiveOperation{id=DefaultOperationId{id=write, type=COMMAND}, value=byte[]{length=17, hash=-1644578928}}}}
11:13:34.010 [raft-server-3] TRACE i.a.p.raft.roles.FollowerRole - RaftServer{3}{role=FOLLOWER} - Appended Indexed{index=21, entry=CommandEntry{term=1, timestamp=2018-05-30 11:13:33,904, session=2, sequence=17, operation=PrimitiveOperation{id=DefaultOperationId{id=write, type=COMMAND}, value=byte[]{length=17, hash=-1644578928}}}}
11:13:34.043 [raft-server-2] TRACE i.a.p.raft.roles.FollowerRole - RaftServer{2}{role=FOLLOWER} - Committed entries up to index 20
11:13:34.043 [raft-server-3] TRACE i.a.p.raft.roles.FollowerRole - RaftServer{3}{role=FOLLOWER} - Committed entries up to index 20
11:13:34.043 [raft-server-2] TRACE i.a.p.raft.roles.FollowerRole - RaftServer{2}{role=FOLLOWER} - Sending AppendResponse{status=OK, term=1, succeeded=true, lastLogIndex=21}
11:13:34.043 [raft-server-3] TRACE i.a.p.raft.roles.FollowerRole - RaftServer{3}{role=FOLLOWER} - Sending AppendResponse{status=OK, term=1, succeeded=true, lastLogIndex=21}
11:13:34.044 [raft-server-1] TRACE i.a.p.raft.roles.LeaderAppender - RaftServer{1} - Received AppendResponse{status=OK, term=1, succeeded=true, lastLogIndex=21} from 2
11:13:34.044 [raft-server-1] TRACE i.a.p.raft.roles.LeaderAppender - RaftServer{1} - Committed entries up to 21
11:13:34.044 [raft-server-2-state] TRACE i.a.p.raft.impl.RaftServiceManager - RaftServer{2} - Applying Indexed{index=20, entry=CommandEntry{term=1, timestamp=2018-05-30 11:13:33,845, session=2, sequence=16, operation=PrimitiveOperation{id=DefaultOperationId{id=write, type=COMMAND}, value=byte[]{length=17, hash=-1644578928}}}}
11:13:34.044 [raft-server-3-state] TRACE i.a.p.raft.impl.RaftServiceManager - RaftServer{3} - Applying Indexed{index=20, entry=CommandEntry{term=1, timestamp=2018-05-30 11:13:33,845, session=2, sequence=16, operation=PrimitiveOperation{id=DefaultOperationId{id=write, type=COMMAND}, value=byte[]{length=17, hash=-1644578928}}}}
11:13:34.044 [raft-server-2-state] TRACE i.a.p.s.impl.DefaultServiceExecutor - PrimitiveService{2}{type=PrimitiveType{name=test}, name=test} - Executing DefaultCommit{index=20, session=RaftSession{RaftServiceContext{server=2, type=PrimitiveType{name=test}, name=test, id=2}, session=2, timestamp=2018-05-30 11:13:33,845}, time=2018-05-30 11:13:33,845, operation=DefaultOperationId{id=write, type=COMMAND}, value=byte[]{length=17, hash=-1644578928}}
11:13:34.044 [raft-server-3-state] TRACE i.a.p.s.impl.DefaultServiceExecutor - PrimitiveService{2}{type=PrimitiveType{name=test}, name=test} - Executing DefaultCommit{index=20, session=RaftSession{RaftServiceContext{server=3, type=PrimitiveType{name=test}, name=test, id=2}, session=2, timestamp=2018-05-30 11:13:33,845}, time=2018-05-30 11:13:33,845, operation=DefaultOperationId{id=write, type=COMMAND}, value=byte[]{length=17, hash=-1644578928}}
11:13:34.076 [raft-server-1] TRACE i.a.p.raft.roles.LeaderAppender - RaftServer{1} - Sending AppendRequest{term=1, leader=1, prevLogIndex=21, prevLogTerm=1, entries=0, commitIndex=21} to 2
11:13:34.077 [raft-server-2] TRACE i.a.p.raft.roles.FollowerRole - RaftServer{2}{role=FOLLOWER} - Received AppendRequest{term=1, leader=1, prevLogIndex=21, prevLogTerm=1, entries=0, commitIndex=21}
11:13:34.077 [raft-server-1] TRACE i.a.p.raft.roles.LeaderAppender - RaftServer{1} - Received AppendResponse{status=OK, term=1, succeeded=true, lastLogIndex=21} from 3
11:13:34.077 [raft-server-2] TRACE i.a.p.raft.roles.FollowerRole - RaftServer{2}{role=FOLLOWER} - Committed entries up to index 21
11:13:34.077 [raft-server-2] TRACE i.a.p.raft.roles.FollowerRole - RaftServer{2}{role=FOLLOWER} - Sending AppendResponse{status=OK, term=1, succeeded=true, lastLogIndex=21}
11:13:34.077 [raft-server-1] TRACE i.a.p.raft.roles.LeaderAppender - RaftServer{1} - Sending AppendRequest{term=1, leader=1, prevLogIndex=21, prevLogTerm=1, entries=0, commitIndex=21} to 3
11:13:34.077 [raft-server-1] TRACE i.a.p.raft.roles.LeaderAppender - RaftServer{1} - Received AppendResponse{status=OK, term=1, succeeded=true, lastLogIndex=21} from 2
11:13:34.077 [raft-server-1-state] TRACE i.a.p.raft.impl.RaftServiceManager - RaftServer{1} - Applying Indexed{index=21, entry=CommandEntry{term=1, timestamp=2018-05-30 11:13:33,904, session=2, sequence=17, operation=PrimitiveOperation{id=DefaultOperationId{id=write, type=COMMAND}, value=byte[]{length=17, hash=-1644578928}}}}
11:13:34.077 [raft-server-2-state] TRACE i.a.p.raft.impl.RaftServiceManager - RaftServer{2} - Applying Indexed{index=21, entry=CommandEntry{term=1, timestamp=2018-05-30 11:13:33,904, session=2, sequence=17, operation=PrimitiveOperation{id=DefaultOperationId{id=write, type=COMMAND}, value=byte[]{length=17, hash=-1644578928}}}}
11:13:34.077 [raft-server-3] TRACE i.a.p.raft.roles.FollowerRole - RaftServer{3}{role=FOLLOWER} - Received AppendRequest{term=1, leader=1, prevLogIndex=21, prevLogTerm=1, entries=0, commitIndex=21}
11:13:34.077 [raft-server-1-state] TRACE i.a.p.s.impl.DefaultServiceExecutor - PrimitiveService{2}{type=PrimitiveType{name=test}, name=test} - Executing DefaultCommit{index=21, session=RaftSession{RaftServiceContext{server=1, type=PrimitiveType{name=test}, name=test, id=2}, session=2, timestamp=2018-05-30 11:13:33,904}, time=2018-05-30 11:13:33,904, operation=DefaultOperationId{id=write, type=COMMAND}, value=byte[]{length=17, hash=-1644578928}}
11:13:34.077 [raft-server-2-state] TRACE i.a.p.s.impl.DefaultServiceExecutor - PrimitiveService{2}{type=PrimitiveType{name=test}, name=test} - Executing DefaultCommit{index=21, session=RaftSession{RaftServiceContext{server=2, type=PrimitiveType{name=test}, name=test, id=2}, session=2, timestamp=2018-05-30 11:13:33,904}, time=2018-05-30 11:13:33,904, operation=DefaultOperationId{id=write, type=COMMAND}, value=byte[]{length=17, hash=-1644578928}}
11:13:34.078 [raft-server-1-state] TRACE i.a.protocols.raft.roles.LeaderRole - RaftServer{1}{role=LEADER} - Sending CommandResponse{status=OK, index=21, eventIndex=2, result=byte[]{length=2, hash=1282}}
11:13:34.078 [raft-server-2] TRACE i.a.p.raft.roles.FollowerRole - RaftServer{2}{role=FOLLOWER} - Sending CommandResponse{status=OK, index=21, eventIndex=2, result=byte[]{length=2, hash=1282}}
11:13:34.078 [raft-client-a5a0def7-e1df-4503-b1c6-00519ae66cf7-6] TRACE i.a.p.r.p.impl.RaftProxyConnection - PartitionProxy{2}{type=PrimitiveType{name=test}, name=test} - Received CommandResponse{status=OK, index=21, eventIndex=2, result=byte[]{length=2, hash=1282}} from 2
11:13:34.078 [raft-client-a5a0def7-e1df-4503-b1c6-00519ae66cf7-6] TRACE i.a.p.r.p.impl.RaftProxySequencer - PartitionProxy{2}{type=PrimitiveType{name=test}, name=test} - Completing response CommandResponse{status=OK, index=21, eventIndex=2, result=byte[]{length=2, hash=1282}}
11:13:34.079 [raft-client-a5a0def7-e1df-4503-b1c6-00519ae66cf7-1] TRACE i.a.p.r.p.impl.RaftProxyConnection - PartitionProxy{2}{type=PrimitiveType{name=test}, name=test} - Sending CommandRequest{session=2, sequence=18, operation=PrimitiveOperation{id=DefaultOperationId{id=write, type=COMMAND}, value=byte[]{length=17, hash=-1644578928}}} to 2
11:13:34.079 [raft-server-2] TRACE i.a.p.raft.roles.FollowerRole - RaftServer{2}{role=FOLLOWER} - Received CommandRequest{session=2, sequence=18, operation=PrimitiveOperation{id=DefaultOperationId{id=write, type=COMMAND}, value=byte[]{length=17, hash=-1644578928}}}
11:13:34.079 [raft-server-1] TRACE i.a.protocols.raft.roles.LeaderRole - RaftServer{1}{role=LEADER} - Received CommandRequest{session=2, sequence=18, operation=PrimitiveOperation{id=DefaultOperationId{id=write, type=COMMAND}, value=byte[]{length=17, hash=-1644578928}}}
11:13:34.079 [raft-server-1] TRACE i.a.protocols.raft.roles.LeaderRole - RaftServer{1}{role=LEADER} - Appended Indexed{index=22, entry=CommandEntry{term=1, timestamp=2018-05-30 11:13:34,079, session=2, sequence=18, operation=PrimitiveOperation{id=DefaultOperationId{id=write, type=COMMAND}, value=byte[]{length=17, hash=-1644578928}}}}
11:13:34.079 [raft-server-1] TRACE i.a.p.raft.roles.LeaderAppender - RaftServer{1} - Sending AppendRequest{term=1, leader=1, prevLogIndex=21, prevLogTerm=1, entries=1, commitIndex=21} to 2
11:13:34.080 [raft-server-2] TRACE i.a.p.raft.roles.FollowerRole - RaftServer{2}{role=FOLLOWER} - Received AppendRequest{term=1, leader=1, prevLogIndex=21, prevLogTerm=1, entries=1, commitIndex=21}
11:13:34.080 [raft-server-2] TRACE i.a.p.raft.roles.FollowerRole - RaftServer{2}{role=FOLLOWER} - Appended Indexed{index=22, entry=CommandEntry{term=1, timestamp=2018-05-30 11:13:34,079, session=2, sequence=18, operation=PrimitiveOperation{id=DefaultOperationId{id=write, type=COMMAND}, value=byte[]{length=17, hash=-1644578928}}}}
11:13:34.080 [raft-server-2] TRACE i.a.p.raft.roles.FollowerRole - RaftServer{2}{role=FOLLOWER} - Sending AppendResponse{status=OK, term=1, succeeded=true, lastLogIndex=22}
11:13:34.080 [raft-server-1] TRACE i.a.p.raft.roles.LeaderAppender - RaftServer{1} - Received AppendResponse{status=OK, term=1, succeeded=true, lastLogIndex=22} from 2
11:13:34.080 [raft-server-1] TRACE i.a.p.raft.roles.LeaderAppender - RaftServer{1} - Committed entries up to 22
11:13:34.099 [raft-server-3] TRACE i.a.p.raft.roles.FollowerRole - RaftServer{3}{role=FOLLOWER} - Committed entries up to index 21
11:13:34.099 [raft-server-3] TRACE i.a.p.raft.roles.FollowerRole - RaftServer{3}{role=FOLLOWER} - Sending AppendResponse{status=OK, term=1, succeeded=true, lastLogIndex=21}
11:13:34.100 [raft-server-3-state] TRACE i.a.p.raft.impl.RaftServiceManager - RaftServer{3} - Applying Indexed{index=21, entry=CommandEntry{term=1, timestamp=2018-05-30 11:13:33,904, session=2, sequence=17, operation=PrimitiveOperation{id=DefaultOperationId{id=write, type=COMMAND}, value=byte[]{length=17, hash=-1644578928}}}}
11:13:34.100 [raft-server-3-state] TRACE i.a.p.s.impl.DefaultServiceExecutor - PrimitiveService{2}{type=PrimitiveType{name=test}, name=test} - Executing DefaultCommit{index=21, session=RaftSession{RaftServiceContext{server=3, type=PrimitiveType{name=test}, name=test, id=2}, session=2, timestamp=2018-05-30 11:13:33,904}, time=2018-05-30 11:13:33,904, operation=DefaultOperationId{id=write, type=COMMAND}, value=byte[]{length=17, hash=-1644578928}}
11:13:34.121 [raft-server-1] TRACE i.a.p.raft.roles.LeaderAppender - RaftServer{1} - Received AppendResponse{status=OK, term=1, succeeded=true, lastLogIndex=21} from 3
11:13:34.122 [raft-server-1] TRACE i.a.p.raft.roles.LeaderAppender - RaftServer{1} - Sending AppendRequest{term=1, leader=1, prevLogIndex=21, prevLogTerm=1, entries=1, commitIndex=22} to 3
11:13:34.122 [raft-server-3] TRACE i.a.p.raft.roles.FollowerRole - RaftServer{3}{role=FOLLOWER} - Received AppendRequest{term=1, leader=1, prevLogIndex=21, prevLogTerm=1, entries=1, commitIndex=22}
11:13:34.122 [raft-server-1-state] TRACE i.a.p.raft.impl.RaftServiceManager - RaftServer{1} - Applying Indexed{index=22, entry=CommandEntry{term=1, timestamp=2018-05-30 11:13:34,079, session=2, sequence=18, operation=PrimitiveOperation{id=DefaultOperationId{id=write, type=COMMAND}, value=byte[]{length=17, hash=-1644578928}}}}
11:13:34.122 [raft-server-3] TRACE i.a.p.raft.roles.FollowerRole - RaftServer{3}{role=FOLLOWER} - Appended Indexed{index=22, entry=CommandEntry{term=1, timestamp=2018-05-30 11:13:34,079, session=2, sequence=18, operation=PrimitiveOperation{id=DefaultOperationId{id=write, type=COMMAND}, value=byte[]{length=17, hash=-1644578928}}}}
11:13:34.122 [raft-server-1-state] TRACE i.a.p.s.impl.DefaultServiceExecutor - PrimitiveService{2}{type=PrimitiveType{name=test}, name=test} - Executing DefaultCommit{index=22, session=RaftSession{RaftServiceContext{server=1, type=PrimitiveType{name=test}, name=test, id=2}, session=2, timestamp=2018-05-30 11:13:34,079}, time=2018-05-30 11:13:34,079, operation=DefaultOperationId{id=write, type=COMMAND}, value=byte[]{length=17, hash=-1644578928}}
11:13:34.122 [raft-server-1-state] TRACE i.a.protocols.raft.roles.LeaderRole - RaftServer{1}{role=LEADER} - Sending CommandResponse{status=OK, index=22, eventIndex=2, result=byte[]{length=2, hash=1284}}
11:13:34.123 [raft-server-2] TRACE i.a.p.raft.roles.FollowerRole - RaftServer{2}{role=FOLLOWER} - Sending CommandResponse{status=OK, index=22, eventIndex=2, result=byte[]{length=2, hash=1284}}
11:13:34.123 [raft-client-a5a0def7-e1df-4503-b1c6-00519ae66cf7-4] TRACE i.a.p.r.p.impl.RaftProxyConnection - PartitionProxy{2}{type=PrimitiveType{name=test}, name=test} - Received CommandResponse{status=OK, index=22, eventIndex=2, result=byte[]{length=2, hash=1284}} from 2
11:13:34.123 [raft-client-a5a0def7-e1df-4503-b1c6-00519ae66cf7-4] TRACE i.a.p.r.p.impl.RaftProxySequencer - PartitionProxy{2}{type=PrimitiveType{name=test}, name=test} - Completing response CommandResponse{status=OK, index=22, eventIndex=2, result=byte[]{length=2, hash=1284}}
11:13:34.124 [raft-client-a5a0def7-e1df-4503-b1c6-00519ae66cf7-3] TRACE i.a.p.r.p.impl.RaftProxyConnection - PartitionProxy{2}{type=PrimitiveType{name=test}, name=test} - Sending CommandRequest{session=2, sequence=19, operation=PrimitiveOperation{id=DefaultOperationId{id=write, type=COMMAND}, value=byte[]{length=17, hash=-1644578928}}} to 2
11:13:34.124 [raft-server-2] TRACE i.a.p.raft.roles.FollowerRole - RaftServer{2}{role=FOLLOWER} - Received CommandRequest{session=2, sequence=19, operation=PrimitiveOperation{id=DefaultOperationId{id=write, type=COMMAND}, value=byte[]{length=17, hash=-1644578928}}}
11:13:34.124 [raft-server-1] TRACE i.a.protocols.raft.roles.LeaderRole - RaftServer{1}{role=LEADER} - Received CommandRequest{session=2, sequence=19, operation=PrimitiveOperation{id=DefaultOperationId{id=write, type=COMMAND}, value=byte[]{length=17, hash=-1644578928}}}
11:13:34.124 [raft-server-1] TRACE i.a.protocols.raft.roles.LeaderRole - RaftServer{1}{role=LEADER} - Appended Indexed{index=23, entry=CommandEntry{term=1, timestamp=2018-05-30 11:13:34,124, session=2, sequence=19, operation=PrimitiveOperation{id=DefaultOperationId{id=write, type=COMMAND}, value=byte[]{length=17, hash=-1644578928}}}}
11:13:34.125 [raft-server-1] TRACE i.a.p.raft.roles.LeaderAppender - RaftServer{1} - Sending AppendRequest{term=1, leader=1, prevLogIndex=22, prevLogTerm=1, entries=1, commitIndex=22} to 2
11:13:34.125 [raft-server-2] TRACE i.a.p.raft.roles.FollowerRole - RaftServer{2}{role=FOLLOWER} - Received AppendRequest{term=1, leader=1, prevLogIndex=22, prevLogTerm=1, entries=1, commitIndex=22}
11:13:34.125 [raft-server-2] TRACE i.a.p.raft.roles.FollowerRole - RaftServer{2}{role=FOLLOWER} - Appended Indexed{index=23, entry=CommandEntry{term=1, timestamp=2018-05-30 11:13:34,124, session=2, sequence=19, operation=PrimitiveOperation{id=DefaultOperationId{id=write, type=COMMAND}, value=byte[]{length=17, hash=-1644578928}}}}
11:13:34.163 [raft-server-3] TRACE i.a.p.raft.roles.FollowerRole - RaftServer{3}{role=FOLLOWER} - Committed entries up to index 22
11:13:34.163 [raft-server-3] TRACE i.a.p.raft.roles.FollowerRole - RaftServer{3}{role=FOLLOWER} - Sending AppendResponse{status=OK, term=1, succeeded=true, lastLogIndex=22}
11:13:34.163 [raft-server-1] TRACE i.a.p.raft.roles.LeaderAppender - RaftServer{1} - Received AppendResponse{status=OK, term=1, succeeded=true, lastLogIndex=22} from 3
11:13:34.164 [raft-server-1] TRACE i.a.p.raft.roles.LeaderAppender - RaftServer{1} - Sending AppendRequest{term=1, leader=1, prevLogIndex=22, prevLogTerm=1, entries=1, commitIndex=22} to 3
11:13:34.163 [raft-server-3-state] TRACE i.a.p.raft.impl.RaftServiceManager - RaftServer{3} - Applying Indexed{index=22, entry=CommandEntry{term=1, timestamp=2018-05-30 11:13:34,079, session=2, sequence=18, operation=PrimitiveOperation{id=DefaultOperationId{id=write, type=COMMAND}, value=byte[]{length=17, hash=-1644578928}}}}
11:13:34.164 [raft-server-3] TRACE i.a.p.raft.roles.FollowerRole - RaftServer{3}{role=FOLLOWER} - Received AppendRequest{term=1, leader=1, prevLogIndex=22, prevLogTerm=1, entries=1, commitIndex=22}
11:13:34.164 [raft-server-3-state] TRACE i.a.p.s.impl.DefaultServiceExecutor - PrimitiveService{2}{type=PrimitiveType{name=test}, name=test} - Executing DefaultCommit{index=22, session=RaftSession{RaftServiceContext{server=3, type=PrimitiveType{name=test}, name=test, id=2}, session=2, timestamp=2018-05-30 11:13:34,079}, time=2018-05-30 11:13:34,079, operation=DefaultOperationId{id=write, type=COMMAND}, value=byte[]{length=17, hash=-1644578928}}
11:13:34.164 [raft-server-3] TRACE i.a.p.raft.roles.FollowerRole - RaftServer{3}{role=FOLLOWER} - Appended Indexed{index=23, entry=CommandEntry{term=1, timestamp=2018-05-30 11:13:34,124, session=2, sequence=19, operation=PrimitiveOperation{id=DefaultOperationId{id=write, type=COMMAND}, value=byte[]{length=17, hash=-1644578928}}}}
11:13:34.164 [raft-server-3] TRACE i.a.p.raft.roles.FollowerRole - RaftServer{3}{role=FOLLOWER} - Sending AppendResponse{status=OK, term=1, succeeded=true, lastLogIndex=23}
11:13:34.164 [raft-server-1] TRACE i.a.p.raft.roles.LeaderAppender - RaftServer{1} - Received AppendResponse{status=OK, term=1, succeeded=true, lastLogIndex=23} from 3
11:13:34.164 [raft-server-1] TRACE i.a.p.raft.roles.LeaderAppender - RaftServer{1} - Committed entries up to 23
11:13:34.188 [raft-server-2] TRACE i.a.p.raft.roles.FollowerRole - RaftServer{2}{role=FOLLOWER} - Committed entries up to index 22
11:13:34.188 [raft-server-2] TRACE i.a.p.raft.roles.FollowerRole - RaftServer{2}{role=FOLLOWER} - Sending AppendResponse{status=OK, term=1, succeeded=true, lastLogIndex=23}
11:13:34.188 [raft-server-2-state] TRACE i.a.p.raft.impl.RaftServiceManager - RaftServer{2} - Applying Indexed{index=22, entry=CommandEntry{term=1, timestamp=2018-05-30 11:13:34,079, session=2, sequence=18, operation=PrimitiveOperation{id=DefaultOperationId{id=write, type=COMMAND}, value=byte[]{length=17, hash=-1644578928}}}}
11:13:34.189 [raft-server-2-state] TRACE i.a.p.s.impl.DefaultServiceExecutor - PrimitiveService{2}{type=PrimitiveType{name=test}, name=test} - Executing DefaultCommit{index=22, session=RaftSession{RaftServiceContext{server=2, type=PrimitiveType{name=test}, name=test, id=2}, session=2, timestamp=2018-05-30 11:13:34,079}, time=2018-05-30 11:13:34,079, operation=DefaultOperationId{id=write, type=COMMAND}, value=byte[]{length=17, hash=-1644578928}}
11:13:34.210 [raft-server-1] TRACE i.a.p.raft.roles.LeaderAppender - RaftServer{1} - Received AppendResponse{status=OK, term=1, succeeded=true, lastLogIndex=23} from 2
11:13:34.210 [raft-server-1-state] TRACE i.a.p.raft.impl.RaftServiceManager - RaftServer{1} - Applying Indexed{index=23, entry=CommandEntry{term=1, timestamp=2018-05-30 11:13:34,124, session=2, sequence=19, operation=PrimitiveOperation{id=DefaultOperationId{id=write, type=COMMAND}, value=byte[]{length=17, hash=-1644578928}}}}
11:13:34.210 [raft-server-1-state] TRACE i.a.p.s.impl.DefaultServiceExecutor - PrimitiveService{2}{type=PrimitiveType{name=test}, name=test} - Executing DefaultCommit{index=23, session=RaftSession{RaftServiceContext{server=1, type=PrimitiveType{name=test}, name=test, id=2}, session=2, timestamp=2018-05-30 11:13:34,124}, time=2018-05-30 11:13:34,124, operation=DefaultOperationId{id=write, type=COMMAND}, value=byte[]{length=17, hash=-1644578928}}
11:13:34.211 [raft-server-1-state] TRACE i.a.protocols.raft.roles.LeaderRole - RaftServer{1}{role=LEADER} - Sending CommandResponse{status=OK, index=23, eventIndex=2, result=byte[]{length=2, hash=1286}}
11:13:34.211 [raft-server-2] TRACE i.a.p.raft.roles.FollowerRole - RaftServer{2}{role=FOLLOWER} - Sending CommandResponse{status=OK, index=23, eventIndex=2, result=byte[]{length=2, hash=1286}}
11:13:34.211 [raft-client-a5a0def7-e1df-4503-b1c6-00519ae66cf7-2] TRACE i.a.p.r.p.impl.RaftProxyConnection - PartitionProxy{2}{type=PrimitiveType{name=test}, name=test} - Received CommandResponse{status=OK, index=23, eventIndex=2, result=byte[]{length=2, hash=1286}} from 2
11:13:34.211 [raft-client-a5a0def7-e1df-4503-b1c6-00519ae66cf7-2] TRACE i.a.p.r.p.impl.RaftProxySequencer - PartitionProxy{2}{type=PrimitiveType{name=test}, name=test} - Completing response CommandResponse{status=OK, index=23, eventIndex=2, result=byte[]{length=2, hash=1286}}
11:13:34.212 [raft-client-a5a0def7-e1df-4503-b1c6-00519ae66cf7-0] TRACE i.a.p.r.p.impl.RaftProxyConnection - PartitionProxy{2}{type=PrimitiveType{name=test}, name=test} - Sending CommandRequest{session=2, sequence=20, operation=PrimitiveOperation{id=DefaultOperationId{id=write, type=COMMAND}, value=byte[]{length=17, hash=-1644578928}}} to 2
11:13:34.212 [raft-server-2] TRACE i.a.p.raft.roles.FollowerRole - RaftServer{2}{role=FOLLOWER} - Received CommandRequest{session=2, sequence=20, operation=PrimitiveOperation{id=DefaultOperationId{id=write, type=COMMAND}, value=byte[]{length=17, hash=-1644578928}}}
11:13:34.212 [raft-server-1] TRACE i.a.protocols.raft.roles.LeaderRole - RaftServer{1}{role=LEADER} - Received CommandRequest{session=2, sequence=20, operation=PrimitiveOperation{id=DefaultOperationId{id=write, type=COMMAND}, value=byte[]{length=17, hash=-1644578928}}}
11:13:34.212 [raft-server-1] TRACE i.a.protocols.raft.roles.LeaderRole - RaftServer{1}{role=LEADER} - Appended Indexed{index=24, entry=CommandEntry{term=1, timestamp=2018-05-30 11:13:34,212, session=2, sequence=20, operation=PrimitiveOperation{id=DefaultOperationId{id=write, type=COMMAND}, value=byte[]{length=17, hash=-1644578928}}}}
11:13:34.212 [raft-server-1] TRACE i.a.p.raft.roles.LeaderAppender - RaftServer{1} - Sending AppendRequest{term=1, leader=1, prevLogIndex=23, prevLogTerm=1, entries=1, commitIndex=23} to 2
11:13:34.212 [raft-server-1] TRACE i.a.p.raft.roles.LeaderAppender - RaftServer{1} - Sending AppendRequest{term=1, leader=1, prevLogIndex=23, prevLogTerm=1, entries=1, commitIndex=23} to 3
11:13:34.212 [raft-server-2] TRACE i.a.p.raft.roles.FollowerRole - RaftServer{2}{role=FOLLOWER} - Received AppendRequest{term=1, leader=1, prevLogIndex=23, prevLogTerm=1, entries=1, commitIndex=23}
11:13:34.213 [raft-server-3] TRACE i.a.p.raft.roles.FollowerRole - RaftServer{3}{role=FOLLOWER} - Received AppendRequest{term=1, leader=1, prevLogIndex=23, prevLogTerm=1, entries=1, commitIndex=23}
11:13:34.213 [raft-server-3] TRACE i.a.p.raft.roles.FollowerRole - RaftServer{3}{role=FOLLOWER} - Appended Indexed{index=24, entry=CommandEntry{term=1, timestamp=2018-05-30 11:13:34,212, session=2, sequence=20, operation=PrimitiveOperation{id=DefaultOperationId{id=write, type=COMMAND}, value=byte[]{length=17, hash=-1644578928}}}}
11:13:34.213 [raft-server-2] TRACE i.a.p.raft.roles.FollowerRole - RaftServer{2}{role=FOLLOWER} - Appended Indexed{index=24, entry=CommandEntry{term=1, timestamp=2018-05-30 11:13:34,212, session=2, sequence=20, operation=PrimitiveOperation{id=DefaultOperationId{id=write, type=COMMAND}, value=byte[]{length=17, hash=-1644578928}}}}
11:13:34.238 [raft-server-3] TRACE i.a.p.raft.roles.FollowerRole - RaftServer{3}{role=FOLLOWER} - Committed entries up to index 23
11:13:34.238 [raft-server-2] TRACE i.a.p.raft.roles.FollowerRole - RaftServer{2}{role=FOLLOWER} - Committed entries up to index 23
11:13:34.238 [raft-server-3] TRACE i.a.p.raft.roles.FollowerRole - RaftServer{3}{role=FOLLOWER} - Sending AppendResponse{status=OK, term=1, succeeded=true, lastLogIndex=24}
11:13:34.238 [raft-server-2] TRACE i.a.p.raft.roles.FollowerRole - RaftServer{2}{role=FOLLOWER} - Sending AppendResponse{status=OK, term=1, succeeded=true, lastLogIndex=24}
11:13:34.238 [raft-server-1] TRACE i.a.p.raft.roles.LeaderAppender - RaftServer{1} - Received AppendResponse{status=OK, term=1, succeeded=true, lastLogIndex=24} from 3
11:13:34.238 [raft-server-2-state] TRACE i.a.p.raft.impl.RaftServiceManager - RaftServer{2} - Applying Indexed{index=23, entry=CommandEntry{term=1, timestamp=2018-05-30 11:13:34,124, session=2, sequence=19, operation=PrimitiveOperation{id=DefaultOperationId{id=write, type=COMMAND}, value=byte[]{length=17, hash=-1644578928}}}}
11:13:34.238 [raft-server-3-state] TRACE i.a.p.raft.impl.RaftServiceManager - RaftServer{3} - Applying Indexed{index=23, entry=CommandEntry{term=1, timestamp=2018-05-30 11:13:34,124, session=2, sequence=19, operation=PrimitiveOperation{id=DefaultOperationId{id=write, type=COMMAND}, value=byte[]{length=17, hash=-1644578928}}}}
11:13:34.239 [raft-server-2-state] TRACE i.a.p.s.impl.DefaultServiceExecutor - PrimitiveService{2}{type=PrimitiveType{name=test}, name=test} - Executing DefaultCommit{index=23, session=RaftSession{RaftServiceContext{server=2, type=PrimitiveType{name=test}, name=test, id=2}, session=2, timestamp=2018-05-30 11:13:34,124}, time=2018-05-30 11:13:34,124, operation=DefaultOperationId{id=write, type=COMMAND}, value=byte[]{length=17, hash=-1644578928}}
11:13:34.239 [raft-server-3-state] TRACE i.a.p.s.impl.DefaultServiceExecutor - PrimitiveService{2}{type=PrimitiveType{name=test}, name=test} - Executing DefaultCommit{index=23, session=RaftSession{RaftServiceContext{server=3, type=PrimitiveType{name=test}, name=test, id=2}, session=2, timestamp=2018-05-30 11:13:34,124}, time=2018-05-30 11:13:34,124, operation=DefaultOperationId{id=write, type=COMMAND}, value=byte[]{length=17, hash=-1644578928}}
11:13:34.239 [raft-server-1] TRACE i.a.p.raft.roles.LeaderAppender - RaftServer{1} - Committed entries up to 24
11:13:34.263 [raft-server-1] TRACE i.a.p.raft.roles.LeaderAppender - RaftServer{1} - Received AppendResponse{status=OK, term=1, succeeded=true, lastLogIndex=24} from 2
11:13:34.263 [raft-server-1-state] TRACE i.a.p.raft.impl.RaftServiceManager - RaftServer{1} - Applying Indexed{index=24, entry=CommandEntry{term=1, timestamp=2018-05-30 11:13:34,212, session=2, sequence=20, operation=PrimitiveOperation{id=DefaultOperationId{id=write, type=COMMAND}, value=byte[]{length=17, hash=-1644578928}}}}
11:13:34.264 [raft-server-1-state] TRACE i.a.p.s.impl.DefaultServiceExecutor - PrimitiveService{2}{type=PrimitiveType{name=test}, name=test} - Executing DefaultCommit{index=24, session=RaftSession{RaftServiceContext{server=1, type=PrimitiveType{name=test}, name=test, id=2}, session=2, timestamp=2018-05-30 11:13:34,212}, time=2018-05-30 11:13:34,212, operation=DefaultOperationId{id=write, type=COMMAND}, value=byte[]{length=17, hash=-1644578928}}
11:13:34.264 [raft-server-1-state] TRACE i.a.protocols.raft.roles.LeaderRole - RaftServer{1}{role=LEADER} - Sending CommandResponse{status=OK, index=24, eventIndex=2, result=byte[]{length=2, hash=1288}}
11:13:34.264 [raft-server-2] TRACE i.a.p.raft.roles.FollowerRole - RaftServer{2}{role=FOLLOWER} - Sending CommandResponse{status=OK, index=24, eventIndex=2, result=byte[]{length=2, hash=1288}}
11:13:34.264 [raft-client-a5a0def7-e1df-4503-b1c6-00519ae66cf7-4] TRACE i.a.p.r.p.impl.RaftProxyConnection - PartitionProxy{2}{type=PrimitiveType{name=test}, name=test} - Received CommandResponse{status=OK, index=24, eventIndex=2, result=byte[]{length=2, hash=1288}} from 2
11:13:34.264 [raft-client-a5a0def7-e1df-4503-b1c6-00519ae66cf7-4] TRACE i.a.p.r.p.impl.RaftProxySequencer - PartitionProxy{2}{type=PrimitiveType{name=test}, name=test} - Completing response CommandResponse{status=OK, index=24, eventIndex=2, result=byte[]{length=2, hash=1288}}
11:13:34.265 [raft-client-a5a0def7-e1df-4503-b1c6-00519ae66cf7-5] TRACE i.a.p.r.p.impl.RaftProxyConnection - PartitionProxy{2}{type=PrimitiveType{name=test}, name=test} - Sending CommandRequest{session=2, sequence=21, operation=PrimitiveOperation{id=DefaultOperationId{id=write, type=COMMAND}, value=byte[]{length=17, hash=-1644578928}}} to 2
11:13:34.265 [raft-server-2] TRACE i.a.p.raft.roles.FollowerRole - RaftServer{2}{role=FOLLOWER} - Received CommandRequest{session=2, sequence=21, operation=PrimitiveOperation{id=DefaultOperationId{id=write, type=COMMAND}, value=byte[]{length=17, hash=-1644578928}}}
11:13:34.265 [raft-server-1] TRACE i.a.protocols.raft.roles.LeaderRole - RaftServer{1}{role=LEADER} - Received CommandRequest{session=2, sequence=21, operation=PrimitiveOperation{id=DefaultOperationId{id=write, type=COMMAND}, value=byte[]{length=17, hash=-1644578928}}}
11:13:34.265 [raft-server-1] TRACE i.a.protocols.raft.roles.LeaderRole - RaftServer{1}{role=LEADER} - Appended Indexed{index=25, entry=CommandEntry{term=1, timestamp=2018-05-30 11:13:34,265, session=2, sequence=21, operation=PrimitiveOperation{id=DefaultOperationId{id=write, type=COMMAND}, value=byte[]{length=17, hash=-1644578928}}}}
11:13:34.265 [raft-server-1] TRACE i.a.p.raft.roles.LeaderAppender - RaftServer{1} - Sending AppendRequest{term=1, leader=1, prevLogIndex=24, prevLogTerm=1, entries=1, commitIndex=24} to 2
11:13:34.266 [raft-server-2] TRACE i.a.p.raft.roles.FollowerRole - RaftServer{2}{role=FOLLOWER} - Received AppendRequest{term=1, leader=1, prevLogIndex=24, prevLogTerm=1, entries=1, commitIndex=24}
11:13:34.266 [raft-server-1] TRACE i.a.p.raft.roles.LeaderAppender - RaftServer{1} - Sending AppendRequest{term=1, leader=1, prevLogIndex=24, prevLogTerm=1, entries=1, commitIndex=24} to 3
11:13:34.266 [raft-server-3] TRACE i.a.p.raft.roles.FollowerRole - RaftServer{3}{role=FOLLOWER} - Received AppendRequest{term=1, leader=1, prevLogIndex=24, prevLogTerm=1, entries=1, commitIndex=24}
11:13:34.266 [raft-server-2] TRACE i.a.p.raft.roles.FollowerRole - RaftServer{2}{role=FOLLOWER} - Appended Indexed{index=25, entry=CommandEntry{term=1, timestamp=2018-05-30 11:13:34,265, session=2, sequence=21, operation=PrimitiveOperation{id=DefaultOperationId{id=write, type=COMMAND}, value=byte[]{length=17, hash=-1644578928}}}}
11:13:34.266 [raft-server-3] TRACE i.a.p.raft.roles.FollowerRole - RaftServer{3}{role=FOLLOWER} - Appended Indexed{index=25, entry=CommandEntry{term=1, timestamp=2018-05-30 11:13:34,265, session=2, sequence=21, operation=PrimitiveOperation{id=DefaultOperationId{id=write, type=COMMAND}, value=byte[]{length=17, hash=-1644578928}}}}
11:13:34.296 [raft-server-2] TRACE i.a.p.raft.roles.FollowerRole - RaftServer{2}{role=FOLLOWER} - Committed entries up to index 24
11:13:34.296 [raft-server-3] TRACE i.a.p.raft.roles.FollowerRole - RaftServer{3}{role=FOLLOWER} - Committed entries up to index 24
11:13:34.296 [raft-server-2] TRACE i.a.p.raft.roles.FollowerRole - RaftServer{2}{role=FOLLOWER} - Sending AppendResponse{status=OK, term=1, succeeded=true, lastLogIndex=25}
11:13:34.296 [raft-server-3] TRACE i.a.p.raft.roles.FollowerRole - RaftServer{3}{role=FOLLOWER} - Sending AppendResponse{status=OK, term=1, succeeded=true, lastLogIndex=25}
11:13:34.297 [raft-server-3-state] TRACE i.a.p.raft.impl.RaftServiceManager - RaftServer{3} - Applying Indexed{index=24, entry=CommandEntry{term=1, timestamp=2018-05-30 11:13:34,212, session=2, sequence=20, operation=PrimitiveOperation{id=DefaultOperationId{id=write, type=COMMAND}, value=byte[]{length=17, hash=-1644578928}}}}
11:13:34.297 [raft-server-2-state] TRACE i.a.p.raft.impl.RaftServiceManager - RaftServer{2} - Applying Indexed{index=24, entry=CommandEntry{term=1, timestamp=2018-05-30 11:13:34,212, session=2, sequence=20, operation=PrimitiveOperation{id=DefaultOperationId{id=write, type=COMMAND}, value=byte[]{length=17, hash=-1644578928}}}}
11:13:34.297 [raft-server-1] TRACE i.a.p.raft.roles.LeaderAppender - RaftServer{1} - Received AppendResponse{status=OK, term=1, succeeded=true, lastLogIndex=25} from 2
11:13:34.297 [raft-server-3-state] TRACE i.a.p.s.impl.DefaultServiceExecutor - PrimitiveService{2}{type=PrimitiveType{name=test}, name=test} - Executing DefaultCommit{index=24, session=RaftSession{RaftServiceContext{server=3, type=PrimitiveType{name=test}, name=test, id=2}, session=2, timestamp=2018-05-30 11:13:34,212}, time=2018-05-30 11:13:34,212, operation=DefaultOperationId{id=write, type=COMMAND}, value=byte[]{length=17, hash=-1644578928}}
11:13:34.297 [raft-server-1] TRACE i.a.p.raft.roles.LeaderAppender - RaftServer{1} - Committed entries up to 25
11:13:34.297 [raft-server-2-state] TRACE i.a.p.s.impl.DefaultServiceExecutor - PrimitiveService{2}{type=PrimitiveType{name=test}, name=test} - Executing DefaultCommit{index=24, session=RaftSession{RaftServiceContext{server=2, type=PrimitiveType{name=test}, name=test, id=2}, session=2, timestamp=2018-05-30 11:13:34,212}, time=2018-05-30 11:13:34,212, operation=DefaultOperationId{id=write, type=COMMAND}, value=byte[]{length=17, hash=-1644578928}}
11:13:34.321 [raft-server-1] TRACE i.a.p.raft.roles.LeaderAppender - RaftServer{1} - Sending AppendRequest{term=1, leader=1, prevLogIndex=25, prevLogTerm=1, entries=0, commitIndex=25} to 2
11:13:34.322 [raft-server-2] TRACE i.a.p.raft.roles.FollowerRole - RaftServer{2}{role=FOLLOWER} - Received AppendRequest{term=1, leader=1, prevLogIndex=25, prevLogTerm=1, entries=0, commitIndex=25}
11:13:34.322 [raft-server-1] TRACE i.a.p.raft.roles.LeaderAppender - RaftServer{1} - Received AppendResponse{status=OK, term=1, succeeded=true, lastLogIndex=25} from 3
11:13:34.322 [raft-server-1] TRACE i.a.p.raft.roles.LeaderAppender - RaftServer{1} - Sending AppendRequest{term=1, leader=1, prevLogIndex=25, prevLogTerm=1, entries=0, commitIndex=25} to 3
11:13:34.322 [raft-server-3] TRACE i.a.p.raft.roles.FollowerRole - RaftServer{3}{role=FOLLOWER} - Received AppendRequest{term=1, leader=1, prevLogIndex=25, prevLogTerm=1, entries=0, commitIndex=25}
11:13:34.322 [raft-server-3] TRACE i.a.p.raft.roles.FollowerRole - RaftServer{3}{role=FOLLOWER} - Committed entries up to index 25
11:13:34.322 [raft-server-3] TRACE i.a.p.raft.roles.FollowerRole - RaftServer{3}{role=FOLLOWER} - Sending AppendResponse{status=OK, term=1, succeeded=true, lastLogIndex=25}
11:13:34.322 [raft-server-1-state] TRACE i.a.p.raft.impl.RaftServiceManager - RaftServer{1} - Applying Indexed{index=25, entry=CommandEntry{term=1, timestamp=2018-05-30 11:13:34,265, session=2, sequence=21, operation=PrimitiveOperation{id=DefaultOperationId{id=write, type=COMMAND}, value=byte[]{length=17, hash=-1644578928}}}}
11:13:34.322 [raft-server-1] TRACE i.a.p.raft.roles.LeaderAppender - RaftServer{1} - Received AppendResponse{status=OK, term=1, succeeded=true, lastLogIndex=25} from 3
11:13:34.322 [raft-server-3-state] TRACE i.a.p.raft.impl.RaftServiceManager - RaftServer{3} - Applying Indexed{index=25, entry=CommandEntry{term=1, timestamp=2018-05-30 11:13:34,265, session=2, sequence=21, operation=PrimitiveOperation{id=DefaultOperationId{id=write, type=COMMAND}, value=byte[]{length=17, hash=-1644578928}}}}
11:13:34.322 [raft-server-1-state] TRACE i.a.p.s.impl.DefaultServiceExecutor - PrimitiveService{2}{type=PrimitiveType{name=test}, name=test} - Executing DefaultCommit{index=25, session=RaftSession{RaftServiceContext{server=1, type=PrimitiveType{name=test}, name=test, id=2}, session=2, timestamp=2018-05-30 11:13:34,265}, time=2018-05-30 11:13:34,265, operation=DefaultOperationId{id=write, type=COMMAND}, value=byte[]{length=17, hash=-1644578928}}
11:13:34.322 [raft-server-3-state] TRACE i.a.p.s.impl.DefaultServiceExecutor - PrimitiveService{2}{type=PrimitiveType{name=test}, name=test} - Executing DefaultCommit{index=25, session=RaftSession{RaftServiceContext{server=3, type=PrimitiveType{name=test}, name=test, id=2}, session=2, timestamp=2018-05-30 11:13:34,265}, time=2018-05-30 11:13:34,265, operation=DefaultOperationId{id=write, type=COMMAND}, value=byte[]{length=17, hash=-1644578928}}
11:13:34.323 [raft-server-1-state] TRACE i.a.protocols.raft.roles.LeaderRole - RaftServer{1}{role=LEADER} - Sending CommandResponse{status=OK, index=25, eventIndex=2, result=byte[]{length=2, hash=1290}}
11:13:34.343 [raft-server-2] TRACE i.a.p.raft.roles.FollowerRole - RaftServer{2}{role=FOLLOWER} - Committed entries up to index 25
11:13:34.343 [raft-server-2] TRACE i.a.p.raft.roles.FollowerRole - RaftServer{2}{role=FOLLOWER} - Sending AppendResponse{status=OK, term=1, succeeded=true, lastLogIndex=25}
11:13:34.343 [raft-server-2] TRACE i.a.p.raft.roles.FollowerRole - RaftServer{2}{role=FOLLOWER} - Sending CommandResponse{status=OK, index=25, eventIndex=2, result=byte[]{length=2, hash=1290}}
11:13:34.343 [raft-server-1] TRACE i.a.p.raft.roles.LeaderAppender - RaftServer{1} - Received AppendResponse{status=OK, term=1, succeeded=true, lastLogIndex=25} from 2
11:13:34.344 [raft-client-a5a0def7-e1df-4503-b1c6-00519ae66cf7-6] TRACE i.a.p.r.p.impl.RaftProxyConnection - PartitionProxy{2}{type=PrimitiveType{name=test}, name=test} - Received CommandResponse{status=OK, index=25, eventIndex=2, result=byte[]{length=2, hash=1290}} from 2
11:13:34.344 [raft-client-a5a0def7-e1df-4503-b1c6-00519ae66cf7-6] TRACE i.a.p.r.p.impl.RaftProxySequencer - PartitionProxy{2}{type=PrimitiveType{name=test}, name=test} - Completing response CommandResponse{status=OK, index=25, eventIndex=2, result=byte[]{length=2, hash=1290}}
11:13:34.344 [raft-server-2-state] TRACE i.a.p.raft.impl.RaftServiceManager - RaftServer{2} - Applying Indexed{index=25, entry=CommandEntry{term=1, timestamp=2018-05-30 11:13:34,265, session=2, sequence=21, operation=PrimitiveOperation{id=DefaultOperationId{id=write, type=COMMAND}, value=byte[]{length=17, hash=-1644578928}}}}
11:13:34.344 [raft-server-2-state] TRACE i.a.p.s.impl.DefaultServiceExecutor - PrimitiveService{2}{type=PrimitiveType{name=test}, name=test} - Executing DefaultCommit{index=25, session=RaftSession{RaftServiceContext{server=2, type=PrimitiveType{name=test}, name=test, id=2}, session=2, timestamp=2018-05-30 11:13:34,265}, time=2018-05-30 11:13:34,265, operation=DefaultOperationId{id=write, type=COMMAND}, value=byte[]{length=17, hash=-1644578928}}
11:13:34.344 [raft-client-a5a0def7-e1df-4503-b1c6-00519ae66cf7-7] TRACE i.a.p.r.p.impl.RaftProxyConnection - PartitionProxy{2}{type=PrimitiveType{name=test}, name=test} - Sending CommandRequest{session=2, sequence=22, operation=PrimitiveOperation{id=DefaultOperationId{id=write, type=COMMAND}, value=byte[]{length=17, hash=-1644578928}}} to 2
11:13:34.344 [raft-server-2] TRACE i.a.p.raft.roles.FollowerRole - RaftServer{2}{role=FOLLOWER} - Received CommandRequest{session=2, sequence=22, operation=PrimitiveOperation{id=DefaultOperationId{id=write, type=COMMAND}, value=byte[]{length=17, hash=-1644578928}}}
11:13:34.345 [raft-server-1] TRACE i.a.protocols.raft.roles.LeaderRole - RaftServer{1}{role=LEADER} - Received CommandRequest{session=2, sequence=22, operation=PrimitiveOperation{id=DefaultOperationId{id=write, type=COMMAND}, value=byte[]{length=17, hash=-1644578928}}}
11:13:34.345 [raft-server-1] TRACE i.a.protocols.raft.roles.LeaderRole - RaftServer{1}{role=LEADER} - Appended Indexed{index=26, entry=CommandEntry{term=1, timestamp=2018-05-30 11:13:34,345, session=2, sequence=22, operation=PrimitiveOperation{id=DefaultOperationId{id=write, type=COMMAND}, value=byte[]{length=17, hash=-1644578928}}}}
11:13:34.345 [raft-server-1] TRACE i.a.p.raft.roles.LeaderAppender - RaftServer{1} - Sending AppendRequest{term=1, leader=1, prevLogIndex=25, prevLogTerm=1, entries=1, commitIndex=25} to 2
11:13:34.345 [raft-server-2] TRACE i.a.p.raft.roles.FollowerRole - RaftServer{2}{role=FOLLOWER} - Received AppendRequest{term=1, leader=1, prevLogIndex=25, prevLogTerm=1, entries=1, commitIndex=25}
11:13:34.345 [raft-server-1] TRACE i.a.p.raft.roles.LeaderAppender - RaftServer{1} - Sending AppendRequest{term=1, leader=1, prevLogIndex=25, prevLogTerm=1, entries=1, commitIndex=25} to 3
11:13:34.345 [raft-server-3] TRACE i.a.p.raft.roles.FollowerRole - RaftServer{3}{role=FOLLOWER} - Received AppendRequest{term=1, leader=1, prevLogIndex=25, prevLogTerm=1, entries=1, commitIndex=25}
11:13:34.345 [raft-server-2] TRACE i.a.p.raft.roles.FollowerRole - RaftServer{2}{role=FOLLOWER} - Appended Indexed{index=26, entry=CommandEntry{term=1, timestamp=2018-05-30 11:13:34,345, session=2, sequence=22, operation=PrimitiveOperation{id=DefaultOperationId{id=write, type=COMMAND}, value=byte[]{length=17, hash=-1644578928}}}}
11:13:34.345 [raft-server-2] TRACE i.a.p.raft.roles.FollowerRole - RaftServer{2}{role=FOLLOWER} - Sending AppendResponse{status=OK, term=1, succeeded=true, lastLogIndex=26}
11:13:34.345 [raft-server-3] TRACE i.a.p.raft.roles.FollowerRole - RaftServer{3}{role=FOLLOWER} - Appended Indexed{index=26, entry=CommandEntry{term=1, timestamp=2018-05-30 11:13:34,345, session=2, sequence=22, operation=PrimitiveOperation{id=DefaultOperationId{id=write, type=COMMAND}, value=byte[]{length=17, hash=-1644578928}}}}
11:13:34.346 [raft-server-3] TRACE i.a.p.raft.roles.FollowerRole - RaftServer{3}{role=FOLLOWER} - Sending AppendResponse{status=OK, term=1, succeeded=true, lastLogIndex=26}
11:13:34.346 [raft-server-1] TRACE i.a.p.raft.roles.LeaderAppender - RaftServer{1} - Received AppendResponse{status=OK, term=1, succeeded=true, lastLogIndex=26} from 2
11:13:34.346 [raft-server-1] TRACE i.a.p.raft.roles.LeaderAppender - RaftServer{1} - Committed entries up to 26
11:13:34.376 [raft-server-1] TRACE i.a.p.raft.roles.LeaderAppender - RaftServer{1} - Received AppendResponse{status=OK, term=1, succeeded=true, lastLogIndex=26} from 3
11:13:34.377 [raft-server-1-state] TRACE i.a.p.raft.impl.RaftServiceManager - RaftServer{1} - Applying Indexed{index=26, entry=CommandEntry{term=1, timestamp=2018-05-30 11:13:34,345, session=2, sequence=22, operation=PrimitiveOperation{id=DefaultOperationId{id=write, type=COMMAND}, value=byte[]{length=17, hash=-1644578928}}}}
11:13:34.377 [raft-server-1-state] TRACE i.a.p.s.impl.DefaultServiceExecutor - PrimitiveService{2}{type=PrimitiveType{name=test}, name=test} - Executing DefaultCommit{index=26, session=RaftSession{RaftServiceContext{server=1, type=PrimitiveType{name=test}, name=test, id=2}, session=2, timestamp=2018-05-30 11:13:34,345}, time=2018-05-30 11:13:34,345, operation=DefaultOperationId{id=write, type=COMMAND}, value=byte[]{length=17, hash=-1644578928}}
11:13:34.377 [raft-server-1-state] TRACE i.a.protocols.raft.roles.LeaderRole - RaftServer{1}{role=LEADER} - Sending CommandResponse{status=OK, index=26, eventIndex=2, result=byte[]{length=2, hash=1292}}
11:13:34.377 [raft-server-2] TRACE i.a.p.raft.roles.FollowerRole - RaftServer{2}{role=FOLLOWER} - Sending CommandResponse{status=OK, index=26, eventIndex=2, result=byte[]{length=2, hash=1292}}
11:13:34.378 [raft-client-a5a0def7-e1df-4503-b1c6-00519ae66cf7-2] TRACE i.a.p.r.p.impl.RaftProxyConnection - PartitionProxy{2}{type=PrimitiveType{name=test}, name=test} - Received CommandResponse{status=OK, index=26, eventIndex=2, result=byte[]{length=2, hash=1292}} from 2
11:13:34.378 [raft-client-a5a0def7-e1df-4503-b1c6-00519ae66cf7-2] TRACE i.a.p.r.p.impl.RaftProxySequencer - PartitionProxy{2}{type=PrimitiveType{name=test}, name=test} - Completing response CommandResponse{status=OK, index=26, eventIndex=2, result=byte[]{length=2, hash=1292}}
11:13:34.378 [raft-client-a5a0def7-e1df-4503-b1c6-00519ae66cf7-1] TRACE i.a.p.r.p.impl.RaftProxyConnection - PartitionProxy{2}{type=PrimitiveType{name=test}, name=test} - Sending CommandRequest{session=2, sequence=23, operation=PrimitiveOperation{id=DefaultOperationId{id=write, type=COMMAND}, value=byte[]{length=17, hash=-1644578928}}} to 2
11:13:34.379 [raft-server-2] TRACE i.a.p.raft.roles.FollowerRole - RaftServer{2}{role=FOLLOWER} - Received CommandRequest{session=2, sequence=23, operation=PrimitiveOperation{id=DefaultOperationId{id=write, type=COMMAND}, value=byte[]{length=17, hash=-1644578928}}}
11:13:34.379 [raft-server-1] TRACE i.a.protocols.raft.roles.LeaderRole - RaftServer{1}{role=LEADER} - Received CommandRequest{session=2, sequence=23, operation=PrimitiveOperation{id=DefaultOperationId{id=write, type=COMMAND}, value=byte[]{length=17, hash=-1644578928}}}
11:13:34.379 [raft-server-1] TRACE i.a.protocols.raft.roles.LeaderRole - RaftServer{1}{role=LEADER} - Appended Indexed{index=27, entry=CommandEntry{term=1, timestamp=2018-05-30 11:13:34,379, session=2, sequence=23, operation=PrimitiveOperation{id=DefaultOperationId{id=write, type=COMMAND}, value=byte[]{length=17, hash=-1644578928}}}}
11:13:34.379 [raft-server-1] TRACE i.a.p.raft.roles.LeaderAppender - RaftServer{1} - Sending AppendRequest{term=1, leader=1, prevLogIndex=26, prevLogTerm=1, entries=1, commitIndex=26} to 2
11:13:34.379 [raft-server-1] TRACE i.a.p.raft.roles.LeaderAppender - RaftServer{1} - Sending AppendRequest{term=1, leader=1, prevLogIndex=26, prevLogTerm=1, entries=1, commitIndex=26} to 3
11:13:34.379 [raft-server-2] TRACE i.a.p.raft.roles.FollowerRole - RaftServer{2}{role=FOLLOWER} - Received AppendRequest{term=1, leader=1, prevLogIndex=26, prevLogTerm=1, entries=1, commitIndex=26}
11:13:34.379 [raft-server-3] TRACE i.a.p.raft.roles.FollowerRole - RaftServer{3}{role=FOLLOWER} - Received AppendRequest{term=1, leader=1, prevLogIndex=26, prevLogTerm=1, entries=1, commitIndex=26}
11:13:34.380 [raft-server-3] TRACE i.a.p.raft.roles.FollowerRole - RaftServer{3}{role=FOLLOWER} - Appended Indexed{index=27, entry=CommandEntry{term=1, timestamp=2018-05-30 11:13:34,379, session=2, sequence=23, operation=PrimitiveOperation{id=DefaultOperationId{id=write, type=COMMAND}, value=byte[]{length=17, hash=-1644578928}}}}
11:13:34.380 [raft-server-2] TRACE i.a.p.raft.roles.FollowerRole - RaftServer{2}{role=FOLLOWER} - Appended Indexed{index=27, entry=CommandEntry{term=1, timestamp=2018-05-30 11:13:34,379, session=2, sequence=23, operation=PrimitiveOperation{id=DefaultOperationId{id=write, type=COMMAND}, value=byte[]{length=17, hash=-1644578928}}}}
11:13:34.405 [raft-server-3] TRACE i.a.p.raft.roles.FollowerRole - RaftServer{3}{role=FOLLOWER} - Committed entries up to index 26
11:13:34.405 [raft-server-2] TRACE i.a.p.raft.roles.FollowerRole - RaftServer{2}{role=FOLLOWER} - Committed entries up to index 26
11:13:34.405 [raft-server-2] TRACE i.a.p.raft.roles.FollowerRole - RaftServer{2}{role=FOLLOWER} - Sending AppendResponse{status=OK, term=1, succeeded=true, lastLogIndex=27}
11:13:34.405 [raft-server-3] TRACE i.a.p.raft.roles.FollowerRole - RaftServer{3}{role=FOLLOWER} - Sending AppendResponse{status=OK, term=1, succeeded=true, lastLogIndex=27}
11:13:34.405 [raft-server-1] TRACE i.a.p.raft.roles.LeaderAppender - RaftServer{1} - Received AppendResponse{status=OK, term=1, succeeded=true, lastLogIndex=27} from 2
11:13:34.405 [raft-server-3-state] TRACE i.a.p.raft.impl.RaftServiceManager - RaftServer{3} - Applying Indexed{index=26, entry=CommandEntry{term=1, timestamp=2018-05-30 11:13:34,345, session=2, sequence=22, operation=PrimitiveOperation{id=DefaultOperationId{id=write, type=COMMAND}, value=byte[]{length=17, hash=-1644578928}}}}
11:13:34.405 [raft-server-2-state] TRACE i.a.p.raft.impl.RaftServiceManager - RaftServer{2} - Applying Indexed{index=26, entry=CommandEntry{term=1, timestamp=2018-05-30 11:13:34,345, session=2, sequence=22, operation=PrimitiveOperation{id=DefaultOperationId{id=write, type=COMMAND}, value=byte[]{length=17, hash=-1644578928}}}}
11:13:34.405 [raft-server-1] TRACE i.a.p.raft.roles.LeaderAppender - RaftServer{1} - Committed entries up to 27
11:13:34.405 [raft-server-3-state] TRACE i.a.p.s.impl.DefaultServiceExecutor - PrimitiveService{2}{type=PrimitiveType{name=test}, name=test} - Executing DefaultCommit{index=26, session=RaftSession{RaftServiceContext{server=3, type=PrimitiveType{name=test}, name=test, id=2}, session=2, timestamp=2018-05-30 11:13:34,345}, time=2018-05-30 11:13:34,345, operation=DefaultOperationId{id=write, type=COMMAND}, value=byte[]{length=17, hash=-1644578928}}
11:13:34.405 [raft-server-2-state] TRACE i.a.p.s.impl.DefaultServiceExecutor - PrimitiveService{2}{type=PrimitiveType{name=test}, name=test} - Executing DefaultCommit{index=26, session=RaftSession{RaftServiceContext{server=2, type=PrimitiveType{name=test}, name=test, id=2}, session=2, timestamp=2018-05-30 11:13:34,345}, time=2018-05-30 11:13:34,345, operation=DefaultOperationId{id=write, type=COMMAND}, value=byte[]{length=17, hash=-1644578928}}
11:13:34.430 [raft-server-1] TRACE i.a.p.raft.roles.LeaderAppender - RaftServer{1} - Received AppendResponse{status=OK, term=1, succeeded=true, lastLogIndex=27} from 3
11:13:34.430 [raft-server-1-state] TRACE i.a.p.raft.impl.RaftServiceManager - RaftServer{1} - Applying Indexed{index=27, entry=CommandEntry{term=1, timestamp=2018-05-30 11:13:34,379, session=2, sequence=23, operation=PrimitiveOperation{id=DefaultOperationId{id=write, type=COMMAND}, value=byte[]{length=17, hash=-1644578928}}}}
11:13:34.430 [raft-server-1-state] TRACE i.a.p.s.impl.DefaultServiceExecutor - PrimitiveService{2}{type=PrimitiveType{name=test}, name=test} - Executing DefaultCommit{index=27, session=RaftSession{RaftServiceContext{server=1, type=PrimitiveType{name=test}, name=test, id=2}, session=2, timestamp=2018-05-30 11:13:34,379}, time=2018-05-30 11:13:34,379, operation=DefaultOperationId{id=write, type=COMMAND}, value=byte[]{length=17, hash=-1644578928}}
11:13:34.431 [raft-server-1-state] TRACE i.a.protocols.raft.roles.LeaderRole - RaftServer{1}{role=LEADER} - Sending CommandResponse{status=OK, index=27, eventIndex=2, result=byte[]{length=2, hash=1294}}
11:13:34.431 [raft-server-2] TRACE i.a.p.raft.roles.FollowerRole - RaftServer{2}{role=FOLLOWER} - Sending CommandResponse{status=OK, index=27, eventIndex=2, result=byte[]{length=2, hash=1294}}
11:13:34.431 [raft-client-a5a0def7-e1df-4503-b1c6-00519ae66cf7-4] TRACE i.a.p.r.p.impl.RaftProxyConnection - PartitionProxy{2}{type=PrimitiveType{name=test}, name=test} - Received CommandResponse{status=OK, index=27, eventIndex=2, result=byte[]{length=2, hash=1294}} from 2
11:13:34.431 [raft-client-a5a0def7-e1df-4503-b1c6-00519ae66cf7-4] TRACE i.a.p.r.p.impl.RaftProxySequencer - PartitionProxy{2}{type=PrimitiveType{name=test}, name=test} - Completing response CommandResponse{status=OK, index=27, eventIndex=2, result=byte[]{length=2, hash=1294}}
11:13:34.431 [raft-client-a5a0def7-e1df-4503-b1c6-00519ae66cf7-3] TRACE i.a.p.r.p.impl.RaftProxyConnection - PartitionProxy{2}{type=PrimitiveType{name=test}, name=test} - Sending CommandRequest{session=2, sequence=24, operation=PrimitiveOperation{id=DefaultOperationId{id=write, type=COMMAND}, value=byte[]{length=17, hash=-1644578928}}} to 2
11:13:34.432 [raft-server-2] TRACE i.a.p.raft.roles.FollowerRole - RaftServer{2}{role=FOLLOWER} - Received CommandRequest{session=2, sequence=24, operation=PrimitiveOperation{id=DefaultOperationId{id=write, type=COMMAND}, value=byte[]{length=17, hash=-1644578928}}}
11:13:34.432 [raft-server-1] TRACE i.a.protocols.raft.roles.LeaderRole - RaftServer{1}{role=LEADER} - Received CommandRequest{session=2, sequence=24, operation=PrimitiveOperation{id=DefaultOperationId{id=write, type=COMMAND}, value=byte[]{length=17, hash=-1644578928}}}
11:13:34.432 [raft-server-1] TRACE i.a.protocols.raft.roles.LeaderRole - RaftServer{1}{role=LEADER} - Appended Indexed{index=28, entry=CommandEntry{term=1, timestamp=2018-05-30 11:13:34,432, session=2, sequence=24, operation=PrimitiveOperation{id=DefaultOperationId{id=write, type=COMMAND}, value=byte[]{length=17, hash=-1644578928}}}}
11:13:34.432 [raft-server-1] TRACE i.a.p.raft.roles.LeaderAppender - RaftServer{1} - Sending AppendRequest{term=1, leader=1, prevLogIndex=27, prevLogTerm=1, entries=1, commitIndex=27} to 2
11:13:34.432 [raft-server-2] TRACE i.a.p.raft.roles.FollowerRole - RaftServer{2}{role=FOLLOWER} - Received AppendRequest{term=1, leader=1, prevLogIndex=27, prevLogTerm=1, entries=1, commitIndex=27}
11:13:34.432 [raft-server-1] TRACE i.a.p.raft.roles.LeaderAppender - RaftServer{1} - Sending AppendRequest{term=1, leader=1, prevLogIndex=27, prevLogTerm=1, entries=1, commitIndex=27} to 3
11:13:34.432 [raft-server-3] TRACE i.a.p.raft.roles.FollowerRole - RaftServer{3}{role=FOLLOWER} - Received AppendRequest{term=1, leader=1, prevLogIndex=27, prevLogTerm=1, entries=1, commitIndex=27}
11:13:34.433 [raft-server-3] TRACE i.a.p.raft.roles.FollowerRole - RaftServer{3}{role=FOLLOWER} - Appended Indexed{index=28, entry=CommandEntry{term=1, timestamp=2018-05-30 11:13:34,432, session=2, sequence=24, operation=PrimitiveOperation{id=DefaultOperationId{id=write, type=COMMAND}, value=byte[]{length=17, hash=-1644578928}}}}
11:13:34.433 [raft-server-2] TRACE i.a.p.raft.roles.FollowerRole - RaftServer{2}{role=FOLLOWER} - Appended Indexed{index=28, entry=CommandEntry{term=1, timestamp=2018-05-30 11:13:34,432, session=2, sequence=24, operation=PrimitiveOperation{id=DefaultOperationId{id=write, type=COMMAND}, value=byte[]{length=17, hash=-1644578928}}}}
11:13:34.455 [raft-server-3] TRACE i.a.p.raft.roles.FollowerRole - RaftServer{3}{role=FOLLOWER} - Committed entries up to index 27
11:13:34.455 [raft-server-3] TRACE i.a.p.raft.roles.FollowerRole - RaftServer{3}{role=FOLLOWER} - Sending AppendResponse{status=OK, term=1, succeeded=true, lastLogIndex=28}
11:13:34.455 [raft-server-1] TRACE i.a.p.raft.roles.LeaderAppender - RaftServer{1} - Received AppendResponse{status=OK, term=1, succeeded=true, lastLogIndex=28} from 3
11:13:34.455 [raft-server-1] TRACE i.a.p.raft.roles.LeaderAppender - RaftServer{1} - Committed entries up to 28
11:13:34.455 [raft-server-3-state] TRACE i.a.p.raft.impl.RaftServiceManager - RaftServer{3} - Applying Indexed{index=27, entry=CommandEntry{term=1, timestamp=2018-05-30 11:13:34,379, session=2, sequence=23, operation=PrimitiveOperation{id=DefaultOperationId{id=write, type=COMMAND}, value=byte[]{length=17, hash=-1644578928}}}}
11:13:34.455 [raft-server-3-state] TRACE i.a.p.s.impl.DefaultServiceExecutor - PrimitiveService{2}{type=PrimitiveType{name=test}, name=test} - Executing DefaultCommit{index=27, session=RaftSession{RaftServiceContext{server=3, type=PrimitiveType{name=test}, name=test, id=2}, session=2, timestamp=2018-05-30 11:13:34,379}, time=2018-05-30 11:13:34,379, operation=DefaultOperationId{id=write, type=COMMAND}, value=byte[]{length=17, hash=-1644578928}}
11:13:34.479 [raft-server-2] TRACE i.a.p.raft.roles.FollowerRole - RaftServer{2}{role=FOLLOWER} - Committed entries up to index 27
11:13:34.479 [raft-server-2] TRACE i.a.p.raft.roles.FollowerRole - RaftServer{2}{role=FOLLOWER} - Sending AppendResponse{status=OK, term=1, succeeded=true, lastLogIndex=28}
11:13:34.479 [raft-server-2-state] TRACE i.a.p.raft.impl.RaftServiceManager - RaftServer{2} - Applying Indexed{index=27, entry=CommandEntry{term=1, timestamp=2018-05-30 11:13:34,379, session=2, sequence=23, operation=PrimitiveOperation{id=DefaultOperationId{id=write, type=COMMAND}, value=byte[]{length=17, hash=-1644578928}}}}
11:13:34.479 [raft-server-2-state] TRACE i.a.p.s.impl.DefaultServiceExecutor - PrimitiveService{2}{type=PrimitiveType{name=test}, name=test} - Executing DefaultCommit{index=27, session=RaftSession{RaftServiceContext{server=2, type=PrimitiveType{name=test}, name=test, id=2}, session=2, timestamp=2018-05-30 11:13:34,379}, time=2018-05-30 11:13:34,379, operation=DefaultOperationId{id=write, type=COMMAND}, value=byte[]{length=17, hash=-1644578928}}
11:13:34.501 [raft-server-1] TRACE i.a.p.raft.roles.LeaderAppender - RaftServer{1} - Received AppendResponse{status=OK, term=1, succeeded=true, lastLogIndex=28} from 2
11:13:34.502 [raft-server-1-state] TRACE i.a.p.raft.impl.RaftServiceManager - RaftServer{1} - Applying Indexed{index=28, entry=CommandEntry{term=1, timestamp=2018-05-30 11:13:34,432, session=2, sequence=24, operation=PrimitiveOperation{id=DefaultOperationId{id=write, type=COMMAND}, value=byte[]{length=17, hash=-1644578928}}}}
11:13:34.502 [raft-server-1-state] TRACE i.a.p.s.impl.DefaultServiceExecutor - PrimitiveService{2}{type=PrimitiveType{name=test}, name=test} - Executing DefaultCommit{index=28, session=RaftSession{RaftServiceContext{server=1, type=PrimitiveType{name=test}, name=test, id=2}, session=2, timestamp=2018-05-30 11:13:34,432}, time=2018-05-30 11:13:34,432, operation=DefaultOperationId{id=write, type=COMMAND}, value=byte[]{length=17, hash=-1644578928}}
11:13:34.502 [raft-server-1-state] TRACE i.a.protocols.raft.roles.LeaderRole - RaftServer{1}{role=LEADER} - Sending CommandResponse{status=OK, index=28, eventIndex=2, result=byte[]{length=2, hash=1296}}
11:13:34.502 [raft-server-2] TRACE i.a.p.raft.roles.FollowerRole - RaftServer{2}{role=FOLLOWER} - Sending CommandResponse{status=OK, index=28, eventIndex=2, result=byte[]{length=2, hash=1296}}
11:13:34.503 [raft-client-a5a0def7-e1df-4503-b1c6-00519ae66cf7-6] TRACE i.a.p.r.p.impl.RaftProxyConnection - PartitionProxy{2}{type=PrimitiveType{name=test}, name=test} - Received CommandResponse{status=OK, index=28, eventIndex=2, result=byte[]{length=2, hash=1296}} from 2
11:13:34.503 [raft-client-a5a0def7-e1df-4503-b1c6-00519ae66cf7-6] TRACE i.a.p.r.p.impl.RaftProxySequencer - PartitionProxy{2}{type=PrimitiveType{name=test}, name=test} - Completing response CommandResponse{status=OK, index=28, eventIndex=2, result=byte[]{length=2, hash=1296}}
11:13:34.503 [raft-client-a5a0def7-e1df-4503-b1c6-00519ae66cf7-0] TRACE i.a.p.r.p.impl.RaftProxyConnection - PartitionProxy{2}{type=PrimitiveType{name=test}, name=test} - Sending CommandRequest{session=2, sequence=25, operation=PrimitiveOperation{id=DefaultOperationId{id=write, type=COMMAND}, value=byte[]{length=17, hash=-1644578928}}} to 2
11:13:34.503 [raft-server-2] TRACE i.a.p.raft.roles.FollowerRole - RaftServer{2}{role=FOLLOWER} - Received CommandRequest{session=2, sequence=25, operation=PrimitiveOperation{id=DefaultOperationId{id=write, type=COMMAND}, value=byte[]{length=17, hash=-1644578928}}}
11:13:34.504 [raft-server-1] TRACE i.a.protocols.raft.roles.LeaderRole - RaftServer{1}{role=LEADER} - Received CommandRequest{session=2, sequence=25, operation=PrimitiveOperation{id=DefaultOperationId{id=write, type=COMMAND}, value=byte[]{length=17, hash=-1644578928}}}
11:13:34.504 [raft-server-1] TRACE i.a.protocols.raft.roles.LeaderRole - RaftServer{1}{role=LEADER} - Appended Indexed{index=29, entry=CommandEntry{term=1, timestamp=2018-05-30 11:13:34,504, session=2, sequence=25, operation=PrimitiveOperation{id=DefaultOperationId{id=write, type=COMMAND}, value=byte[]{length=17, hash=-1644578928}}}}
11:13:34.504 [raft-server-1] TRACE i.a.p.raft.roles.LeaderAppender - RaftServer{1} - Sending AppendRequest{term=1, leader=1, prevLogIndex=28, prevLogTerm=1, entries=1, commitIndex=28} to 2
11:13:34.504 [raft-server-2] TRACE i.a.p.raft.roles.FollowerRole - RaftServer{2}{role=FOLLOWER} - Received AppendRequest{term=1, leader=1, prevLogIndex=28, prevLogTerm=1, entries=1, commitIndex=28}
11:13:34.504 [raft-server-1] TRACE i.a.p.raft.roles.LeaderAppender - RaftServer{1} - Sending AppendRequest{term=1, leader=1, prevLogIndex=28, prevLogTerm=1, entries=1, commitIndex=28} to 3
11:13:34.504 [raft-server-3] TRACE i.a.p.raft.roles.FollowerRole - RaftServer{3}{role=FOLLOWER} - Received AppendRequest{term=1, leader=1, prevLogIndex=28, prevLogTerm=1, entries=1, commitIndex=28}
11:13:34.504 [raft-server-3] TRACE i.a.p.raft.roles.FollowerRole - RaftServer{3}{role=FOLLOWER} - Appended Indexed{index=29, entry=CommandEntry{term=1, timestamp=2018-05-30 11:13:34,504, session=2, sequence=25, operation=PrimitiveOperation{id=DefaultOperationId{id=write, type=COMMAND}, value=byte[]{length=17, hash=-1644578928}}}}
11:13:34.505 [raft-server-2] TRACE i.a.p.raft.roles.FollowerRole - RaftServer{2}{role=FOLLOWER} - Appended Indexed{index=29, entry=CommandEntry{term=1, timestamp=2018-05-30 11:13:34,504, session=2, sequence=25, operation=PrimitiveOperation{id=DefaultOperationId{id=write, type=COMMAND}, value=byte[]{length=17, hash=-1644578928}}}}
11:13:34.535 [raft-server-3] TRACE i.a.p.raft.roles.FollowerRole - RaftServer{3}{role=FOLLOWER} - Committed entries up to index 28
11:13:34.535 [raft-server-3] TRACE i.a.p.raft.roles.FollowerRole - RaftServer{3}{role=FOLLOWER} - Sending AppendResponse{status=OK, term=1, succeeded=true, lastLogIndex=29}
11:13:34.535 [raft-server-1] TRACE i.a.p.raft.roles.LeaderAppender - RaftServer{1} - Received AppendResponse{status=OK, term=1, succeeded=true, lastLogIndex=29} from 3
11:13:34.535 [raft-server-1] TRACE i.a.p.raft.roles.LeaderAppender - RaftServer{1} - Committed entries up to 29
11:13:34.535 [raft-server-3-state] TRACE i.a.p.raft.impl.RaftServiceManager - RaftServer{3} - Applying Indexed{index=28, entry=CommandEntry{term=1, timestamp=2018-05-30 11:13:34,432, session=2, sequence=24, operation=PrimitiveOperation{id=DefaultOperationId{id=write, type=COMMAND}, value=byte[]{length=17, hash=-1644578928}}}}
11:13:34.535 [raft-server-3-state] TRACE i.a.p.s.impl.DefaultServiceExecutor - PrimitiveService{2}{type=PrimitiveType{name=test}, name=test} - Executing DefaultCommit{index=28, session=RaftSession{RaftServiceContext{server=3, type=PrimitiveType{name=test}, name=test, id=2}, session=2, timestamp=2018-05-30 11:13:34,432}, time=2018-05-30 11:13:34,432, operation=DefaultOperationId{id=write, type=COMMAND}, value=byte[]{length=17, hash=-1644578928}}
11:13:34.557 [raft-server-2] TRACE i.a.p.raft.roles.FollowerRole - RaftServer{2}{role=FOLLOWER} - Committed entries up to index 28
11:13:34.558 [raft-server-2] TRACE i.a.p.raft.roles.FollowerRole - RaftServer{2}{role=FOLLOWER} - Sending AppendResponse{status=OK, term=1, succeeded=true, lastLogIndex=29}
11:13:34.558 [raft-server-2-state] TRACE i.a.p.raft.impl.RaftServiceManager - RaftServer{2} - Applying Indexed{index=28, entry=CommandEntry{term=1, timestamp=2018-05-30 11:13:34,432, session=2, sequence=24, operation=PrimitiveOperation{id=DefaultOperationId{id=write, type=COMMAND}, value=byte[]{length=17, hash=-1644578928}}}}
11:13:34.558 [raft-server-2-state] TRACE i.a.p.s.impl.DefaultServiceExecutor - PrimitiveService{2}{type=PrimitiveType{name=test}, name=test} - Executing DefaultCommit{index=28, session=RaftSession{RaftServiceContext{server=2, type=PrimitiveType{name=test}, name=test, id=2}, session=2, timestamp=2018-05-30 11:13:34,432}, time=2018-05-30 11:13:34,432, operation=DefaultOperationId{id=write, type=COMMAND}, value=byte[]{length=17, hash=-1644578928}}
11:13:34.596 [raft-server-1] TRACE i.a.p.raft.roles.LeaderAppender - RaftServer{1} - Sending AppendRequest{term=1, leader=1, prevLogIndex=29, prevLogTerm=1, entries=0, commitIndex=29} to 3
11:13:34.597 [raft-server-1] TRACE i.a.p.raft.roles.LeaderAppender - RaftServer{1} - Received AppendResponse{status=OK, term=1, succeeded=true, lastLogIndex=29} from 2
11:13:34.597 [raft-server-3] TRACE i.a.p.raft.roles.FollowerRole - RaftServer{3}{role=FOLLOWER} - Received AppendRequest{term=1, leader=1, prevLogIndex=29, prevLogTerm=1, entries=0, commitIndex=29}
11:13:34.597 [raft-server-1] TRACE i.a.p.raft.roles.LeaderAppender - RaftServer{1} - Sending AppendRequest{term=1, leader=1, prevLogIndex=29, prevLogTerm=1, entries=0, commitIndex=29} to 2
11:13:34.597 [raft-server-2] TRACE i.a.p.raft.roles.FollowerRole - RaftServer{2}{role=FOLLOWER} - Received AppendRequest{term=1, leader=1, prevLogIndex=29, prevLogTerm=1, entries=0, commitIndex=29}
11:13:34.597 [raft-server-1-state] TRACE i.a.p.raft.impl.RaftServiceManager - RaftServer{1} - Applying Indexed{index=29, entry=CommandEntry{term=1, timestamp=2018-05-30 11:13:34,504, session=2, sequence=25, operation=PrimitiveOperation{id=DefaultOperationId{id=write, type=COMMAND}, value=byte[]{length=17, hash=-1644578928}}}}
11:13:34.597 [raft-server-1-state] TRACE i.a.p.s.impl.DefaultServiceExecutor - PrimitiveService{2}{type=PrimitiveType{name=test}, name=test} - Executing DefaultCommit{index=29, session=RaftSession{RaftServiceContext{server=1, type=PrimitiveType{name=test}, name=test, id=2}, session=2, timestamp=2018-05-30 11:13:34,504}, time=2018-05-30 11:13:34,504, operation=DefaultOperationId{id=write, type=COMMAND}, value=byte[]{length=17, hash=-1644578928}}
11:13:34.597 [raft-server-1-state] TRACE i.a.protocols.raft.roles.LeaderRole - RaftServer{1}{role=LEADER} - Sending CommandResponse{status=OK, index=29, eventIndex=2, result=byte[]{length=2, hash=1298}}
11:13:34.621 [raft-server-3] TRACE i.a.p.raft.roles.FollowerRole - RaftServer{3}{role=FOLLOWER} - Committed entries up to index 29
11:13:34.621 [raft-server-3] TRACE i.a.p.raft.roles.FollowerRole - RaftServer{3}{role=FOLLOWER} - Sending AppendResponse{status=OK, term=1, succeeded=true, lastLogIndex=29}
11:13:34.622 [raft-server-1] TRACE i.a.p.raft.roles.LeaderAppender - RaftServer{1} - Received AppendResponse{status=OK, term=1, succeeded=true, lastLogIndex=29} from 3
11:13:34.622 [raft-server-3-state] TRACE i.a.p.raft.impl.RaftServiceManager - RaftServer{3} - Applying Indexed{index=29, entry=CommandEntry{term=1, timestamp=2018-05-30 11:13:34,504, session=2, sequence=25, operation=PrimitiveOperation{id=DefaultOperationId{id=write, type=COMMAND}, value=byte[]{length=17, hash=-1644578928}}}}
11:13:34.622 [raft-server-3-state] TRACE i.a.p.s.impl.DefaultServiceExecutor - PrimitiveService{2}{type=PrimitiveType{name=test}, name=test} - Executing DefaultCommit{index=29, session=RaftSession{RaftServiceContext{server=3, type=PrimitiveType{name=test}, name=test, id=2}, session=2, timestamp=2018-05-30 11:13:34,504}, time=2018-05-30 11:13:34,504, operation=DefaultOperationId{id=write, type=COMMAND}, value=byte[]{length=17, hash=-1644578928}}
11:13:34.646 [raft-server-2] TRACE i.a.p.raft.roles.FollowerRole - RaftServer{2}{role=FOLLOWER} - Committed entries up to index 29
11:13:34.646 [raft-server-2] TRACE i.a.p.raft.roles.FollowerRole - RaftServer{2}{role=FOLLOWER} - Sending AppendResponse{status=OK, term=1, succeeded=true, lastLogIndex=29}
11:13:34.647 [raft-server-1] TRACE i.a.p.raft.roles.LeaderAppender - RaftServer{1} - Received AppendResponse{status=OK, term=1, succeeded=true, lastLogIndex=29} from 2
11:13:34.647 [raft-server-2] TRACE i.a.p.raft.roles.FollowerRole - RaftServer{2}{role=FOLLOWER} - Sending CommandResponse{status=OK, index=29, eventIndex=2, result=byte[]{length=2, hash=1298}}
11:13:34.647 [raft-client-a5a0def7-e1df-4503-b1c6-00519ae66cf7-2] TRACE i.a.p.r.p.impl.RaftProxyConnection - PartitionProxy{2}{type=PrimitiveType{name=test}, name=test} - Received CommandResponse{status=OK, index=29, eventIndex=2, result=byte[]{length=2, hash=1298}} from 2
11:13:34.647 [raft-client-a5a0def7-e1df-4503-b1c6-00519ae66cf7-2] TRACE i.a.p.r.p.impl.RaftProxySequencer - PartitionProxy{2}{type=PrimitiveType{name=test}, name=test} - Completing response CommandResponse{status=OK, index=29, eventIndex=2, result=byte[]{length=2, hash=1298}}
11:13:34.647 [raft-server-2-state] TRACE i.a.p.raft.impl.RaftServiceManager - RaftServer{2} - Applying Indexed{index=29, entry=CommandEntry{term=1, timestamp=2018-05-30 11:13:34,504, session=2, sequence=25, operation=PrimitiveOperation{id=DefaultOperationId{id=write, type=COMMAND}, value=byte[]{length=17, hash=-1644578928}}}}
11:13:34.647 [raft-server-2-state] TRACE i.a.p.s.impl.DefaultServiceExecutor - PrimitiveService{2}{type=PrimitiveType{name=test}, name=test} - Executing DefaultCommit{index=29, session=RaftSession{RaftServiceContext{server=2, type=PrimitiveType{name=test}, name=test, id=2}, session=2, timestamp=2018-05-30 11:13:34,504}, time=2018-05-30 11:13:34,504, operation=DefaultOperationId{id=write, type=COMMAND}, value=byte[]{length=17, hash=-1644578928}}
11:13:34.648 [raft-client-a5a0def7-e1df-4503-b1c6-00519ae66cf7-5] TRACE i.a.p.r.p.impl.RaftProxyConnection - PartitionProxy{2}{type=PrimitiveType{name=test}, name=test} - Sending CommandRequest{session=2, sequence=26, operation=PrimitiveOperation{id=DefaultOperationId{id=write, type=COMMAND}, value=byte[]{length=17, hash=-1644578928}}} to 2
11:13:34.648 [raft-server-2] TRACE i.a.p.raft.roles.FollowerRole - RaftServer{2}{role=FOLLOWER} - Received CommandRequest{session=2, sequence=26, operation=PrimitiveOperation{id=DefaultOperationId{id=write, type=COMMAND}, value=byte[]{length=17, hash=-1644578928}}}
11:13:34.648 [raft-server-1] TRACE i.a.protocols.raft.roles.LeaderRole - RaftServer{1}{role=LEADER} - Received CommandRequest{session=2, sequence=26, operation=PrimitiveOperation{id=DefaultOperationId{id=write, type=COMMAND}, value=byte[]{length=17, hash=-1644578928}}}
11:13:34.648 [raft-server-1] TRACE i.a.protocols.raft.roles.LeaderRole - RaftServer{1}{role=LEADER} - Appended Indexed{index=30, entry=CommandEntry{term=1, timestamp=2018-05-30 11:13:34,648, session=2, sequence=26, operation=PrimitiveOperation{id=DefaultOperationId{id=write, type=COMMAND}, value=byte[]{length=17, hash=-1644578928}}}}
11:13:34.648 [raft-server-1] TRACE i.a.p.raft.roles.LeaderAppender - RaftServer{1} - Sending AppendRequest{term=1, leader=1, prevLogIndex=29, prevLogTerm=1, entries=1, commitIndex=29} to 2
11:13:34.649 [raft-server-2] TRACE i.a.p.raft.roles.FollowerRole - RaftServer{2}{role=FOLLOWER} - Received AppendRequest{term=1, leader=1, prevLogIndex=29, prevLogTerm=1, entries=1, commitIndex=29}
11:13:34.649 [raft-server-1] TRACE i.a.p.raft.roles.LeaderAppender - RaftServer{1} - Sending AppendRequest{term=1, leader=1, prevLogIndex=29, prevLogTerm=1, entries=1, commitIndex=29} to 3
11:13:34.649 [raft-server-3] TRACE i.a.p.raft.roles.FollowerRole - RaftServer{3}{role=FOLLOWER} - Received AppendRequest{term=1, leader=1, prevLogIndex=29, prevLogTerm=1, entries=1, commitIndex=29}
11:13:34.649 [raft-server-2] TRACE i.a.p.raft.roles.FollowerRole - RaftServer{2}{role=FOLLOWER} - Appended Indexed{index=30, entry=CommandEntry{term=1, timestamp=2018-05-30 11:13:34,648, session=2, sequence=26, operation=PrimitiveOperation{id=DefaultOperationId{id=write, type=COMMAND}, value=byte[]{length=17, hash=-1644578928}}}}
11:13:34.649 [raft-server-2] TRACE i.a.p.raft.roles.FollowerRole - RaftServer{2}{role=FOLLOWER} - Sending AppendResponse{status=OK, term=1, succeeded=true, lastLogIndex=30}
11:13:34.649 [raft-server-3] TRACE i.a.p.raft.roles.FollowerRole - RaftServer{3}{role=FOLLOWER} - Appended Indexed{index=30, entry=CommandEntry{term=1, timestamp=2018-05-30 11:13:34,648, session=2, sequence=26, operation=PrimitiveOperation{id=DefaultOperationId{id=write, type=COMMAND}, value=byte[]{length=17, hash=-1644578928}}}}
11:13:34.649 [raft-server-3] TRACE i.a.p.raft.roles.FollowerRole - RaftServer{3}{role=FOLLOWER} - Sending AppendResponse{status=OK, term=1, succeeded=true, lastLogIndex=30}
11:13:34.649 [raft-server-1] TRACE i.a.p.raft.roles.LeaderAppender - RaftServer{1} - Received AppendResponse{status=OK, term=1, succeeded=true, lastLogIndex=30} from 2
11:13:34.649 [raft-server-1] TRACE i.a.p.raft.roles.LeaderAppender - RaftServer{1} - Committed entries up to 30
11:13:34.676 [raft-server-1] TRACE i.a.p.raft.roles.LeaderAppender - RaftServer{1} - Received AppendResponse{status=OK, term=1, succeeded=true, lastLogIndex=30} from 3
11:13:34.677 [raft-server-1-state] TRACE i.a.p.raft.impl.RaftServiceManager - RaftServer{1} - Applying Indexed{index=30, entry=CommandEntry{term=1, timestamp=2018-05-30 11:13:34,648, session=2, sequence=26, operation=PrimitiveOperation{id=DefaultOperationId{id=write, type=COMMAND}, value=byte[]{length=17, hash=-1644578928}}}}
11:13:34.677 [raft-server-1-state] TRACE i.a.p.s.impl.DefaultServiceExecutor - PrimitiveService{2}{type=PrimitiveType{name=test}, name=test} - Executing DefaultCommit{index=30, session=RaftSession{RaftServiceContext{server=1, type=PrimitiveType{name=test}, name=test, id=2}, session=2, timestamp=2018-05-30 11:13:34,648}, time=2018-05-30 11:13:34,648, operation=DefaultOperationId{id=write, type=COMMAND}, value=byte[]{length=17, hash=-1644578928}}
11:13:34.677 [raft-server-1-state] TRACE i.a.protocols.raft.roles.LeaderRole - RaftServer{1}{role=LEADER} - Sending CommandResponse{status=OK, index=30, eventIndex=2, result=byte[]{length=2, hash=1300}}
11:13:34.677 [raft-server-2] TRACE i.a.p.raft.roles.FollowerRole - RaftServer{2}{role=FOLLOWER} - Sending CommandResponse{status=OK, index=30, eventIndex=2, result=byte[]{length=2, hash=1300}}
11:13:34.677 [raft-client-a5a0def7-e1df-4503-b1c6-00519ae66cf7-4] TRACE i.a.p.r.p.impl.RaftProxyConnection - PartitionProxy{2}{type=PrimitiveType{name=test}, name=test} - Received CommandResponse{status=OK, index=30, eventIndex=2, result=byte[]{length=2, hash=1300}} from 2
11:13:34.677 [raft-client-a5a0def7-e1df-4503-b1c6-00519ae66cf7-4] TRACE i.a.p.r.p.impl.RaftProxySequencer - PartitionProxy{2}{type=PrimitiveType{name=test}, name=test} - Completing response CommandResponse{status=OK, index=30, eventIndex=2, result=byte[]{length=2, hash=1300}}
11:13:34.678 [raft-client-a5a0def7-e1df-4503-b1c6-00519ae66cf7-2] TRACE i.a.p.r.p.impl.RaftProxyConnection - PartitionProxy{2}{type=PrimitiveType{name=test}, name=test} - Sending CommandRequest{session=2, sequence=27, operation=PrimitiveOperation{id=DefaultOperationId{id=write, type=COMMAND}, value=byte[]{length=17, hash=-1644578928}}} to 2
11:13:34.678 [raft-server-2] TRACE i.a.p.raft.roles.FollowerRole - RaftServer{2}{role=FOLLOWER} - Received CommandRequest{session=2, sequence=27, operation=PrimitiveOperation{id=DefaultOperationId{id=write, type=COMMAND}, value=byte[]{length=17, hash=-1644578928}}}
11:13:34.678 [raft-server-1] TRACE i.a.protocols.raft.roles.LeaderRole - RaftServer{1}{role=LEADER} - Received CommandRequest{session=2, sequence=27, operation=PrimitiveOperation{id=DefaultOperationId{id=write, type=COMMAND}, value=byte[]{length=17, hash=-1644578928}}}
11:13:34.735 [raft-server-1] DEBUG i.a.storage.journal.SegmentedJournal - Created disk segment: JournalSegment{id=4, version=1, index=31, size=64}
11:13:34.735 [raft-server-1] TRACE i.a.protocols.raft.roles.LeaderRole - RaftServer{1}{role=LEADER} - Appended Indexed{index=31, entry=CommandEntry{term=1, timestamp=2018-05-30 11:13:34,678, session=2, sequence=27, operation=PrimitiveOperation{id=DefaultOperationId{id=write, type=COMMAND}, value=byte[]{length=17, hash=-1644578928}}}}
11:13:34.735 [raft-server-1] TRACE i.a.p.raft.roles.LeaderAppender - RaftServer{1} - Sending AppendRequest{term=1, leader=1, prevLogIndex=30, prevLogTerm=1, entries=1, commitIndex=30} to 2
11:13:34.735 [raft-server-2] TRACE i.a.p.raft.roles.FollowerRole - RaftServer{2}{role=FOLLOWER} - Received AppendRequest{term=1, leader=1, prevLogIndex=30, prevLogTerm=1, entries=1, commitIndex=30}
11:13:34.735 [raft-server-1] TRACE i.a.p.raft.roles.LeaderAppender - RaftServer{1} - Sending AppendRequest{term=1, leader=1, prevLogIndex=30, prevLogTerm=1, entries=1, commitIndex=30} to 3
11:13:34.735 [raft-server-3] TRACE i.a.p.raft.roles.FollowerRole - RaftServer{3}{role=FOLLOWER} - Received AppendRequest{term=1, leader=1, prevLogIndex=30, prevLogTerm=1, entries=1, commitIndex=30}
11:13:34.801 [raft-server-2] DEBUG i.a.storage.journal.SegmentedJournal - Created disk segment: JournalSegment{id=4, version=1, index=31, size=64}
11:13:34.801 [raft-server-3] DEBUG i.a.storage.journal.SegmentedJournal - Created disk segment: JournalSegment{id=4, version=1, index=31, size=64}
11:13:34.802 [raft-server-3] TRACE i.a.p.raft.roles.FollowerRole - RaftServer{3}{role=FOLLOWER} - Appended Indexed{index=31, entry=CommandEntry{term=1, timestamp=2018-05-30 11:13:34,678, session=2, sequence=27, operation=PrimitiveOperation{id=DefaultOperationId{id=write, type=COMMAND}, value=byte[]{length=17, hash=-1644578928}}}}
11:13:34.802 [raft-server-2] TRACE i.a.p.raft.roles.FollowerRole - RaftServer{2}{role=FOLLOWER} - Appended Indexed{index=31, entry=CommandEntry{term=1, timestamp=2018-05-30 11:13:34,678, session=2, sequence=27, operation=PrimitiveOperation{id=DefaultOperationId{id=write, type=COMMAND}, value=byte[]{length=17, hash=-1644578928}}}}
11:13:34.826 [raft-server-2] TRACE i.a.p.raft.roles.FollowerRole - RaftServer{2}{role=FOLLOWER} - Committed entries up to index 30
11:13:34.826 [raft-server-2] TRACE i.a.p.raft.roles.FollowerRole - RaftServer{2}{role=FOLLOWER} - Sending AppendResponse{status=OK, term=1, succeeded=true, lastLogIndex=31}
11:13:34.827 [raft-server-1] TRACE i.a.p.raft.roles.LeaderAppender - RaftServer{1} - Received AppendResponse{status=OK, term=1, succeeded=true, lastLogIndex=31} from 2
11:13:34.827 [raft-server-1] TRACE i.a.p.raft.roles.LeaderAppender - RaftServer{1} - Committed entries up to 31
11:13:34.827 [raft-server-2-state] TRACE i.a.p.raft.impl.RaftServiceManager - RaftServer{2} - Applying Indexed{index=30, entry=CommandEntry{term=1, timestamp=2018-05-30 11:13:34,648, session=2, sequence=26, operation=PrimitiveOperation{id=DefaultOperationId{id=write, type=COMMAND}, value=byte[]{length=17, hash=-1644578928}}}}
11:13:34.827 [raft-server-2-state] TRACE i.a.p.s.impl.DefaultServiceExecutor - PrimitiveService{2}{type=PrimitiveType{name=test}, name=test} - Executing DefaultCommit{index=30, session=RaftSession{RaftServiceContext{server=2, type=PrimitiveType{name=test}, name=test, id=2}, session=2, timestamp=2018-05-30 11:13:34,648}, time=2018-05-30 11:13:34,648, operation=DefaultOperationId{id=write, type=COMMAND}, value=byte[]{length=17, hash=-1644578928}}
11:13:34.851 [raft-server-3] TRACE i.a.p.raft.roles.FollowerRole - RaftServer{3}{role=FOLLOWER} - Committed entries up to index 30
11:13:34.852 [raft-server-3] TRACE i.a.p.raft.roles.FollowerRole - RaftServer{3}{role=FOLLOWER} - Sending AppendResponse{status=OK, term=1, succeeded=true, lastLogIndex=31}
11:13:34.852 [raft-server-3-state] TRACE i.a.p.raft.impl.RaftServiceManager - RaftServer{3} - Applying Indexed{index=30, entry=CommandEntry{term=1, timestamp=2018-05-30 11:13:34,648, session=2, sequence=26, operation=PrimitiveOperation{id=DefaultOperationId{id=write, type=COMMAND}, value=byte[]{length=17, hash=-1644578928}}}}
11:13:34.852 [raft-server-3-state] TRACE i.a.p.s.impl.DefaultServiceExecutor - PrimitiveService{2}{type=PrimitiveType{name=test}, name=test} - Executing DefaultCommit{index=30, session=RaftSession{RaftServiceContext{server=3, type=PrimitiveType{name=test}, name=test, id=2}, session=2, timestamp=2018-05-30 11:13:34,648}, time=2018-05-30 11:13:34,648, operation=DefaultOperationId{id=write, type=COMMAND}, value=byte[]{length=17, hash=-1644578928}}
11:13:34.876 [raft-server-1] TRACE i.a.p.raft.roles.LeaderAppender - RaftServer{1} - Sending AppendRequest{term=1, leader=1, prevLogIndex=31, prevLogTerm=1, entries=0, commitIndex=31} to 2
11:13:34.877 [raft-server-2] TRACE i.a.p.raft.roles.FollowerRole - RaftServer{2}{role=FOLLOWER} - Received AppendRequest{term=1, leader=1, prevLogIndex=31, prevLogTerm=1, entries=0, commitIndex=31}
11:13:34.877 [raft-server-1] TRACE i.a.p.raft.roles.LeaderAppender - RaftServer{1} - Received AppendResponse{status=OK, term=1, succeeded=true, lastLogIndex=31} from 3
11:13:34.877 [raft-server-1] TRACE i.a.p.raft.roles.LeaderAppender - RaftServer{1} - Sending AppendRequest{term=1, leader=1, prevLogIndex=31, prevLogTerm=1, entries=0, commitIndex=31} to 3
11:13:34.877 [raft-server-3] TRACE i.a.p.raft.roles.FollowerRole - RaftServer{3}{role=FOLLOWER} - Received AppendRequest{term=1, leader=1, prevLogIndex=31, prevLogTerm=1, entries=0, commitIndex=31}
11:13:34.877 [raft-server-3] TRACE i.a.p.raft.roles.FollowerRole - RaftServer{3}{role=FOLLOWER} - Committed entries up to index 31
11:13:34.877 [raft-server-3] TRACE i.a.p.raft.roles.FollowerRole - RaftServer{3}{role=FOLLOWER} - Sending AppendResponse{status=OK, term=1, succeeded=true, lastLogIndex=31}
11:13:34.877 [raft-server-1] TRACE i.a.p.raft.roles.LeaderAppender - RaftServer{1} - Received AppendResponse{status=OK, term=1, succeeded=true, lastLogIndex=31} from 3
11:13:34.877 [raft-server-1-state] TRACE i.a.p.raft.impl.RaftServiceManager - RaftServer{1} - Applying Indexed{index=31, entry=CommandEntry{term=1, timestamp=2018-05-30 11:13:34,678, session=2, sequence=27, operation=PrimitiveOperation{id=DefaultOperationId{id=write, type=COMMAND}, value=byte[]{length=17, hash=-1644578928}}}}
11:13:34.877 [raft-server-3-state] TRACE i.a.p.raft.impl.RaftServiceManager - RaftServer{3} - Applying Indexed{index=31, entry=CommandEntry{term=1, timestamp=2018-05-30 11:13:34,678, session=2, sequence=27, operation=PrimitiveOperation{id=DefaultOperationId{id=write, type=COMMAND}, value=byte[]{length=17, hash=-1644578928}}}}
11:13:34.877 [raft-server-1-state] TRACE i.a.p.s.impl.DefaultServiceExecutor - PrimitiveService{2}{type=PrimitiveType{name=test}, name=test} - Executing DefaultCommit{index=31, session=RaftSession{RaftServiceContext{server=1, type=PrimitiveType{name=test}, name=test, id=2}, session=2, timestamp=2018-05-30 11:13:34,678}, time=2018-05-30 11:13:34,678, operation=DefaultOperationId{id=write, type=COMMAND}, value=byte[]{length=17, hash=-1644578928}}
11:13:34.877 [raft-server-3-state] TRACE i.a.p.s.impl.DefaultServiceExecutor - PrimitiveService{2}{type=PrimitiveType{name=test}, name=test} - Executing DefaultCommit{index=31, session=RaftSession{RaftServiceContext{server=3, type=PrimitiveType{name=test}, name=test, id=2}, session=2, timestamp=2018-05-30 11:13:34,678}, time=2018-05-30 11:13:34,678, operation=DefaultOperationId{id=write, type=COMMAND}, value=byte[]{length=17, hash=-1644578928}}
11:13:34.878 [raft-server-1-state] TRACE i.a.protocols.raft.roles.LeaderRole - RaftServer{1}{role=LEADER} - Sending CommandResponse{status=OK, index=31, eventIndex=2, result=byte[]{length=2, hash=1302}}
11:13:34.901 [raft-server-2] TRACE i.a.p.raft.roles.FollowerRole - RaftServer{2}{role=FOLLOWER} - Committed entries up to index 31
11:13:34.901 [raft-server-2] TRACE i.a.p.raft.roles.FollowerRole - RaftServer{2}{role=FOLLOWER} - Sending AppendResponse{status=OK, term=1, succeeded=true, lastLogIndex=31}
11:13:34.902 [raft-server-2] TRACE i.a.p.raft.roles.FollowerRole - RaftServer{2}{role=FOLLOWER} - Sending CommandResponse{status=OK, index=31, eventIndex=2, result=byte[]{length=2, hash=1302}}
11:13:34.902 [raft-server-1] TRACE i.a.p.raft.roles.LeaderAppender - RaftServer{1} - Received AppendResponse{status=OK, term=1, succeeded=true, lastLogIndex=31} from 2
11:13:34.902 [raft-client-a5a0def7-e1df-4503-b1c6-00519ae66cf7-1] TRACE i.a.p.r.p.impl.RaftProxyConnection - PartitionProxy{2}{type=PrimitiveType{name=test}, name=test} - Received CommandResponse{status=OK, index=31, eventIndex=2, result=byte[]{length=2, hash=1302}} from 2
11:13:34.902 [raft-client-a5a0def7-e1df-4503-b1c6-00519ae66cf7-1] TRACE i.a.p.r.p.impl.RaftProxySequencer - PartitionProxy{2}{type=PrimitiveType{name=test}, name=test} - Completing response CommandResponse{status=OK, index=31, eventIndex=2, result=byte[]{length=2, hash=1302}}
11:13:34.902 [raft-server-2-state] TRACE i.a.p.raft.impl.RaftServiceManager - RaftServer{2} - Applying Indexed{index=31, entry=CommandEntry{term=1, timestamp=2018-05-30 11:13:34,678, session=2, sequence=27, operation=PrimitiveOperation{id=DefaultOperationId{id=write, type=COMMAND}, value=byte[]{length=17, hash=-1644578928}}}}
11:13:34.902 [raft-server-2-state] TRACE i.a.p.s.impl.DefaultServiceExecutor - PrimitiveService{2}{type=PrimitiveType{name=test}, name=test} - Executing DefaultCommit{index=31, session=RaftSession{RaftServiceContext{server=2, type=PrimitiveType{name=test}, name=test, id=2}, session=2, timestamp=2018-05-30 11:13:34,678}, time=2018-05-30 11:13:34,678, operation=DefaultOperationId{id=write, type=COMMAND}, value=byte[]{length=17, hash=-1644578928}}
11:13:34.902 [raft-client-a5a0def7-e1df-4503-b1c6-00519ae66cf7-7] TRACE i.a.p.r.p.impl.RaftProxyConnection - PartitionProxy{2}{type=PrimitiveType{name=test}, name=test} - Sending CommandRequest{session=2, sequence=28, operation=PrimitiveOperation{id=DefaultOperationId{id=write, type=COMMAND}, value=byte[]{length=17, hash=-1644578928}}} to 2
11:13:34.903 [raft-server-2] TRACE i.a.p.raft.roles.FollowerRole - RaftServer{2}{role=FOLLOWER} - Received CommandRequest{session=2, sequence=28, operation=PrimitiveOperation{id=DefaultOperationId{id=write, type=COMMAND}, value=byte[]{length=17, hash=-1644578928}}}
11:13:34.903 [raft-server-1] TRACE i.a.protocols.raft.roles.LeaderRole - RaftServer{1}{role=LEADER} - Received CommandRequest{session=2, sequence=28, operation=PrimitiveOperation{id=DefaultOperationId{id=write, type=COMMAND}, value=byte[]{length=17, hash=-1644578928}}}
11:13:34.903 [raft-server-1] TRACE i.a.protocols.raft.roles.LeaderRole - RaftServer{1}{role=LEADER} - Appended Indexed{index=32, entry=CommandEntry{term=1, timestamp=2018-05-30 11:13:34,903, session=2, sequence=28, operation=PrimitiveOperation{id=DefaultOperationId{id=write, type=COMMAND}, value=byte[]{length=17, hash=-1644578928}}}}
11:13:34.903 [raft-server-1] TRACE i.a.p.raft.roles.LeaderAppender - RaftServer{1} - Sending AppendRequest{term=1, leader=1, prevLogIndex=31, prevLogTerm=1, entries=1, commitIndex=31} to 2
11:13:34.903 [raft-server-2] TRACE i.a.p.raft.roles.FollowerRole - RaftServer{2}{role=FOLLOWER} - Received AppendRequest{term=1, leader=1, prevLogIndex=31, prevLogTerm=1, entries=1, commitIndex=31}
11:13:34.903 [raft-server-1] TRACE i.a.p.raft.roles.LeaderAppender - RaftServer{1} - Sending AppendRequest{term=1, leader=1, prevLogIndex=31, prevLogTerm=1, entries=1, commitIndex=31} to 3
11:13:34.903 [raft-server-3] TRACE i.a.p.raft.roles.FollowerRole - RaftServer{3}{role=FOLLOWER} - Received AppendRequest{term=1, leader=1, prevLogIndex=31, prevLogTerm=1, entries=1, commitIndex=31}
11:13:34.903 [raft-server-2] TRACE i.a.p.raft.roles.FollowerRole - RaftServer{2}{role=FOLLOWER} - Appended Indexed{index=32, entry=CommandEntry{term=1, timestamp=2018-05-30 11:13:34,903, session=2, sequence=28, operation=PrimitiveOperation{id=DefaultOperationId{id=write, type=COMMAND}, value=byte[]{length=17, hash=-1644578928}}}}
11:13:34.904 [raft-server-2] TRACE i.a.p.raft.roles.FollowerRole - RaftServer{2}{role=FOLLOWER} - Sending AppendResponse{status=OK, term=1, succeeded=true, lastLogIndex=32}
11:13:34.904 [raft-server-1] TRACE i.a.p.raft.roles.LeaderAppender - RaftServer{1} - Received AppendResponse{status=OK, term=1, succeeded=true, lastLogIndex=32} from 2
11:13:34.904 [raft-server-1] TRACE i.a.p.raft.roles.LeaderAppender - RaftServer{1} - Committed entries up to 32
11:13:34.904 [raft-server-3] TRACE i.a.p.raft.roles.FollowerRole - RaftServer{3}{role=FOLLOWER} - Appended Indexed{index=32, entry=CommandEntry{term=1, timestamp=2018-05-30 11:13:34,903, session=2, sequence=28, operation=PrimitiveOperation{id=DefaultOperationId{id=write, type=COMMAND}, value=byte[]{length=17, hash=-1644578928}}}}
11:13:34.905 [raft-server-3] TRACE i.a.p.raft.roles.FollowerRole - RaftServer{3}{role=FOLLOWER} - Sending AppendResponse{status=OK, term=1, succeeded=true, lastLogIndex=32}
11:13:34.938 [raft-server-1] TRACE i.a.p.raft.roles.LeaderAppender - RaftServer{1} - Received AppendResponse{status=OK, term=1, succeeded=true, lastLogIndex=32} from 3
11:13:34.938 [raft-server-1-state] TRACE i.a.p.raft.impl.RaftServiceManager - RaftServer{1} - Applying Indexed{index=32, entry=CommandEntry{term=1, timestamp=2018-05-30 11:13:34,903, session=2, sequence=28, operation=PrimitiveOperation{id=DefaultOperationId{id=write, type=COMMAND}, value=byte[]{length=17, hash=-1644578928}}}}
11:13:34.939 [raft-server-1-state] TRACE i.a.p.s.impl.DefaultServiceExecutor - PrimitiveService{2}{type=PrimitiveType{name=test}, name=test} - Executing DefaultCommit{index=32, session=RaftSession{RaftServiceContext{server=1, type=PrimitiveType{name=test}, name=test, id=2}, session=2, timestamp=2018-05-30 11:13:34,903}, time=2018-05-30 11:13:34,903, operation=DefaultOperationId{id=write, type=COMMAND}, value=byte[]{length=17, hash=-1644578928}}
11:13:34.939 [raft-server-1-state] TRACE i.a.protocols.raft.roles.LeaderRole - RaftServer{1}{role=LEADER} - Sending CommandResponse{status=OK, index=32, eventIndex=2, result=byte[]{length=2, hash=1304}}
11:13:34.939 [raft-server-2] TRACE i.a.p.raft.roles.FollowerRole - RaftServer{2}{role=FOLLOWER} - Sending CommandResponse{status=OK, index=32, eventIndex=2, result=byte[]{length=2, hash=1304}}
11:13:34.939 [raft-client-a5a0def7-e1df-4503-b1c6-00519ae66cf7-6] TRACE i.a.p.r.p.impl.RaftProxyConnection - PartitionProxy{2}{type=PrimitiveType{name=test}, name=test} - Received CommandResponse{status=OK, index=32, eventIndex=2, result=byte[]{length=2, hash=1304}} from 2
11:13:34.939 [raft-client-a5a0def7-e1df-4503-b1c6-00519ae66cf7-6] TRACE i.a.p.r.p.impl.RaftProxySequencer - PartitionProxy{2}{type=PrimitiveType{name=test}, name=test} - Completing response CommandResponse{status=OK, index=32, eventIndex=2, result=byte[]{length=2, hash=1304}}
11:13:34.940 [raft-client-a5a0def7-e1df-4503-b1c6-00519ae66cf7-1] TRACE i.a.p.r.p.impl.RaftProxyConnection - PartitionProxy{2}{type=PrimitiveType{name=test}, name=test} - Sending CommandRequest{session=2, sequence=29, operation=PrimitiveOperation{id=DefaultOperationId{id=write, type=COMMAND}, value=byte[]{length=17, hash=-1644578928}}} to 2
11:13:34.940 [raft-server-2] TRACE i.a.p.raft.roles.FollowerRole - RaftServer{2}{role=FOLLOWER} - Received CommandRequest{session=2, sequence=29, operation=PrimitiveOperation{id=DefaultOperationId{id=write, type=COMMAND}, value=byte[]{length=17, hash=-1644578928}}}
11:13:34.940 [raft-server-1] TRACE i.a.protocols.raft.roles.LeaderRole - RaftServer{1}{role=LEADER} - Received CommandRequest{session=2, sequence=29, operation=PrimitiveOperation{id=DefaultOperationId{id=write, type=COMMAND}, value=byte[]{length=17, hash=-1644578928}}}
11:13:34.940 [raft-server-1] TRACE i.a.protocols.raft.roles.LeaderRole - RaftServer{1}{role=LEADER} - Appended Indexed{index=33, entry=CommandEntry{term=1, timestamp=2018-05-30 11:13:34,940, session=2, sequence=29, operation=PrimitiveOperation{id=DefaultOperationId{id=write, type=COMMAND}, value=byte[]{length=17, hash=-1644578928}}}}
11:13:34.940 [raft-server-1] TRACE i.a.p.raft.roles.LeaderAppender - RaftServer{1} - Sending AppendRequest{term=1, leader=1, prevLogIndex=32, prevLogTerm=1, entries=1, commitIndex=32} to 2
11:13:34.941 [raft-server-2] TRACE i.a.p.raft.roles.FollowerRole - RaftServer{2}{role=FOLLOWER} - Received AppendRequest{term=1, leader=1, prevLogIndex=32, prevLogTerm=1, entries=1, commitIndex=32}
11:13:34.941 [raft-server-1] TRACE i.a.p.raft.roles.LeaderAppender - RaftServer{1} - Sending AppendRequest{term=1, leader=1, prevLogIndex=32, prevLogTerm=1, entries=1, commitIndex=32} to 3
11:13:34.941 [raft-server-3] TRACE i.a.p.raft.roles.FollowerRole - RaftServer{3}{role=FOLLOWER} - Received AppendRequest{term=1, leader=1, prevLogIndex=32, prevLogTerm=1, entries=1, commitIndex=32}
11:13:34.941 [raft-server-2] TRACE i.a.p.raft.roles.FollowerRole - RaftServer{2}{role=FOLLOWER} - Appended Indexed{index=33, entry=CommandEntry{term=1, timestamp=2018-05-30 11:13:34,940, session=2, sequence=29, operation=PrimitiveOperation{id=DefaultOperationId{id=write, type=COMMAND}, value=byte[]{length=17, hash=-1644578928}}}}
11:13:34.941 [raft-server-3] TRACE i.a.p.raft.roles.FollowerRole - RaftServer{3}{role=FOLLOWER} - Appended Indexed{index=33, entry=CommandEntry{term=1, timestamp=2018-05-30 11:13:34,940, session=2, sequence=29, operation=PrimitiveOperation{id=DefaultOperationId{id=write, type=COMMAND}, value=byte[]{length=17, hash=-1644578928}}}}
11:13:34.964 [raft-client-a5a0def7-e1df-4503-b1c6-00519ae66cf7-2] TRACE i.a.p.r.proxy.impl.RaftProxyManager - RaftClient{a5a0def7-e1df-4503-b1c6-00519ae66cf7} - Keeping 1 sessions alive
11:13:34.964 [raft-client-a5a0def7-e1df-4503-b1c6-00519ae66cf7-2] TRACE i.a.p.r.p.impl.RaftProxyConnection - RaftClient{a5a0def7-e1df-4503-b1c6-00519ae66cf7} - Sending KeepAliveRequest{sessionIds=long[]{length=1, hash=33}, commandSequences=long[]{length=1, hash=59}, eventIndexes=long[]{length=1, hash=33}} to 1
11:13:34.965 [raft-server-1] TRACE i.a.protocols.raft.roles.LeaderRole - RaftServer{1}{role=LEADER} - Received KeepAliveRequest{sessionIds=long[]{length=1, hash=33}, commandSequences=long[]{length=1, hash=59}, eventIndexes=long[]{length=1, hash=33}}
11:13:34.965 [raft-server-1] TRACE i.a.protocols.raft.roles.LeaderRole - RaftServer{1}{role=LEADER} - Appended Indexed{index=34, entry=KeepAliveEntry{term=1, timestamp=2018-05-30 11:13:34,965, sessionIds=long[]{length=1, hash=33}, commandSequences=long[]{length=1, hash=59}, eventIndexes=long[]{length=1, hash=33}}}
11:13:34.965 [raft-server-1] TRACE i.a.p.raft.roles.LeaderAppender - RaftServer{1} - Sending AppendRequest{term=1, leader=1, prevLogIndex=33, prevLogTerm=1, entries=1, commitIndex=32} to 2
11:13:34.971 [raft-server-2] TRACE i.a.p.raft.roles.FollowerRole - RaftServer{2}{role=FOLLOWER} - Committed entries up to index 32
11:13:34.971 [raft-server-3] TRACE i.a.p.raft.roles.FollowerRole - RaftServer{3}{role=FOLLOWER} - Committed entries up to index 32
11:13:34.971 [raft-server-3] TRACE i.a.p.raft.roles.FollowerRole - RaftServer{3}{role=FOLLOWER} - Sending AppendResponse{status=OK, term=1, succeeded=true, lastLogIndex=33}
11:13:34.971 [raft-server-2] TRACE i.a.p.raft.roles.FollowerRole - RaftServer{2}{role=FOLLOWER} - Sending AppendResponse{status=OK, term=1, succeeded=true, lastLogIndex=33}
11:13:34.972 [raft-server-1] TRACE i.a.p.raft.roles.LeaderAppender - RaftServer{1} - Received AppendResponse{status=OK, term=1, succeeded=true, lastLogIndex=33} from 3
11:13:34.972 [raft-server-2] TRACE i.a.p.raft.roles.FollowerRole - RaftServer{2}{role=FOLLOWER} - Received AppendRequest{term=1, leader=1, prevLogIndex=33, prevLogTerm=1, entries=1, commitIndex=32}
11:13:34.972 [raft-server-1] TRACE i.a.p.raft.roles.LeaderAppender - RaftServer{1} - Committed entries up to 33
11:13:34.972 [raft-server-3-state] TRACE i.a.p.raft.impl.RaftServiceManager - RaftServer{3} - Applying Indexed{index=32, entry=CommandEntry{term=1, timestamp=2018-05-30 11:13:34,903, session=2, sequence=28, operation=PrimitiveOperation{id=DefaultOperationId{id=write, type=COMMAND}, value=byte[]{length=17, hash=-1644578928}}}}
11:13:34.972 [raft-server-2] TRACE i.a.p.raft.roles.FollowerRole - RaftServer{2}{role=FOLLOWER} - Appended Indexed{index=34, entry=KeepAliveEntry{term=1, timestamp=2018-05-30 11:13:34,965, sessionIds=long[]{length=1, hash=33}, commandSequences=long[]{length=1, hash=59}, eventIndexes=long[]{length=1, hash=33}}}
11:13:34.972 [raft-server-3-state] TRACE i.a.p.s.impl.DefaultServiceExecutor - PrimitiveService{2}{type=PrimitiveType{name=test}, name=test} - Executing DefaultCommit{index=32, session=RaftSession{RaftServiceContext{server=3, type=PrimitiveType{name=test}, name=test, id=2}, session=2, timestamp=2018-05-30 11:13:34,903}, time=2018-05-30 11:13:34,903, operation=DefaultOperationId{id=write, type=COMMAND}, value=byte[]{length=17, hash=-1644578928}}
11:13:34.972 [raft-server-2] TRACE i.a.p.raft.roles.FollowerRole - RaftServer{2}{role=FOLLOWER} - Sending AppendResponse{status=OK, term=1, succeeded=true, lastLogIndex=34}
11:13:34.972 [raft-server-2-state] TRACE i.a.p.raft.impl.RaftServiceManager - RaftServer{2} - Applying Indexed{index=32, entry=CommandEntry{term=1, timestamp=2018-05-30 11:13:34,903, session=2, sequence=28, operation=PrimitiveOperation{id=DefaultOperationId{id=write, type=COMMAND}, value=byte[]{length=17, hash=-1644578928}}}}
11:13:34.972 [raft-server-2-state] TRACE i.a.p.s.impl.DefaultServiceExecutor - PrimitiveService{2}{type=PrimitiveType{name=test}, name=test} - Executing DefaultCommit{index=32, session=RaftSession{RaftServiceContext{server=2, type=PrimitiveType{name=test}, name=test, id=2}, session=2, timestamp=2018-05-30 11:13:34,903}, time=2018-05-30 11:13:34,903, operation=DefaultOperationId{id=write, type=COMMAND}, value=byte[]{length=17, hash=-1644578928}}
11:13:35.005 [raft-server-1] TRACE i.a.p.raft.roles.LeaderAppender - RaftServer{1} - Sending AppendRequest{term=1, leader=1, prevLogIndex=33, prevLogTerm=1, entries=1, commitIndex=33} to 3
11:13:35.005 [raft-server-3] TRACE i.a.p.raft.roles.FollowerRole - RaftServer{3}{role=FOLLOWER} - Received AppendRequest{term=1, leader=1, prevLogIndex=33, prevLogTerm=1, entries=1, commitIndex=33}
11:13:35.005 [raft-server-1] TRACE i.a.p.raft.roles.LeaderAppender - RaftServer{1} - Received AppendResponse{status=OK, term=1, succeeded=true, lastLogIndex=33} from 2
11:13:35.005 [raft-server-1] TRACE i.a.p.raft.roles.LeaderAppender - RaftServer{1} - Received AppendResponse{status=OK, term=1, succeeded=true, lastLogIndex=34} from 2
11:13:35.005 [raft-server-1] TRACE i.a.p.raft.roles.LeaderAppender - RaftServer{1} - Committed entries up to 34
11:13:35.005 [raft-server-3] TRACE i.a.p.raft.roles.FollowerRole - RaftServer{3}{role=FOLLOWER} - Appended Indexed{index=34, entry=KeepAliveEntry{term=1, timestamp=2018-05-30 11:13:34,965, sessionIds=long[]{length=1, hash=33}, commandSequences=long[]{length=1, hash=59}, eventIndexes=long[]{length=1, hash=33}}}
11:13:35.035 [raft-server-1] TRACE i.a.p.raft.roles.LeaderAppender - RaftServer{1} - Sending AppendRequest{term=1, leader=1, prevLogIndex=34, prevLogTerm=1, entries=0, commitIndex=34} to 2
11:13:35.035 [raft-server-1-state] TRACE i.a.p.raft.impl.RaftServiceManager - RaftServer{1} - Applying Indexed{index=33, entry=CommandEntry{term=1, timestamp=2018-05-30 11:13:34,940, session=2, sequence=29, operation=PrimitiveOperation{id=DefaultOperationId{id=write, type=COMMAND}, value=byte[]{length=17, hash=-1644578928}}}}
11:13:35.035 [raft-server-1-state] TRACE i.a.p.s.impl.DefaultServiceExecutor - PrimitiveService{2}{type=PrimitiveType{name=test}, name=test} - Executing DefaultCommit{index=33, session=RaftSession{RaftServiceContext{server=1, type=PrimitiveType{name=test}, name=test, id=2}, session=2, timestamp=2018-05-30 11:13:34,940}, time=2018-05-30 11:13:34,940, operation=DefaultOperationId{id=write, type=COMMAND}, value=byte[]{length=17, hash=-1644578928}}
11:13:35.036 [raft-server-2] TRACE i.a.p.raft.roles.FollowerRole - RaftServer{2}{role=FOLLOWER} - Received AppendRequest{term=1, leader=1, prevLogIndex=34, prevLogTerm=1, entries=0, commitIndex=34}
11:13:35.036 [raft-server-1-state] TRACE i.a.protocols.raft.roles.LeaderRole - RaftServer{1}{role=LEADER} - Sending CommandResponse{status=OK, index=33, eventIndex=2, result=byte[]{length=2, hash=1306}}
11:13:35.036 [raft-server-1-state] TRACE i.a.p.raft.impl.RaftServiceManager - RaftServer{1} - Applying Indexed{index=34, entry=KeepAliveEntry{term=1, timestamp=2018-05-30 11:13:34,965, sessionIds=long[]{length=1, hash=33}, commandSequences=long[]{length=1, hash=59}, eventIndexes=long[]{length=1, hash=33}}}
11:13:35.036 [raft-server-1] TRACE i.a.protocols.raft.roles.LeaderRole - RaftServer{1}{role=LEADER} - Sending KeepAliveResponse{status=OK, leader=1, members=[1, 2, 3], sessionIds=long[]{length=1, hash=33}}
11:13:35.036 [raft-client-a5a0def7-e1df-4503-b1c6-00519ae66cf7-3] TRACE i.a.p.r.p.impl.RaftProxyConnection - RaftClient{a5a0def7-e1df-4503-b1c6-00519ae66cf7} - Received KeepAliveResponse{status=OK, leader=1, members=[1, 2, 3], sessionIds=long[]{length=1, hash=33}} from 1
11:13:35.063 [raft-server-3] TRACE i.a.p.raft.roles.FollowerRole - RaftServer{3}{role=FOLLOWER} - Committed entries up to index 33
11:13:35.063 [raft-server-3] TRACE i.a.p.raft.roles.FollowerRole - RaftServer{3}{role=FOLLOWER} - Sending AppendResponse{status=OK, term=1, succeeded=true, lastLogIndex=34}
11:13:35.063 [raft-server-1] TRACE i.a.p.raft.roles.LeaderAppender - RaftServer{1} - Received AppendResponse{status=OK, term=1, succeeded=true, lastLogIndex=34} from 3
11:13:35.063 [raft-server-3-state] TRACE i.a.p.raft.impl.RaftServiceManager - RaftServer{3} - Applying Indexed{index=33, entry=CommandEntry{term=1, timestamp=2018-05-30 11:13:34,940, session=2, sequence=29, operation=PrimitiveOperation{id=DefaultOperationId{id=write, type=COMMAND}, value=byte[]{length=17, hash=-1644578928}}}}
11:13:35.064 [raft-server-3-state] TRACE i.a.p.s.impl.DefaultServiceExecutor - PrimitiveService{2}{type=PrimitiveType{name=test}, name=test} - Executing DefaultCommit{index=33, session=RaftSession{RaftServiceContext{server=3, type=PrimitiveType{name=test}, name=test, id=2}, session=2, timestamp=2018-05-30 11:13:34,940}, time=2018-05-30 11:13:34,940, operation=DefaultOperationId{id=write, type=COMMAND}, value=byte[]{length=17, hash=-1644578928}}
11:13:35.064 [raft-server-1] TRACE i.a.p.raft.roles.LeaderAppender - RaftServer{1} - Sending AppendRequest{term=1, leader=1, prevLogIndex=34, prevLogTerm=1, entries=0, commitIndex=34} to 3
11:13:35.064 [raft-server-3] TRACE i.a.p.raft.roles.FollowerRole - RaftServer{3}{role=FOLLOWER} - Received AppendRequest{term=1, leader=1, prevLogIndex=34, prevLogTerm=1, entries=0, commitIndex=34}
11:13:35.088 [raft-server-2] TRACE i.a.p.raft.roles.FollowerRole - RaftServer{2}{role=FOLLOWER} - Committed entries up to index 34
11:13:35.088 [raft-server-2] TRACE i.a.p.raft.roles.FollowerRole - RaftServer{2}{role=FOLLOWER} - Sending AppendResponse{status=OK, term=1, succeeded=true, lastLogIndex=34}
11:13:35.088 [raft-server-1] TRACE i.a.p.raft.roles.LeaderAppender - RaftServer{1} - Received AppendResponse{status=OK, term=1, succeeded=true, lastLogIndex=34} from 2
11:13:35.088 [raft-server-2] TRACE i.a.p.raft.roles.FollowerRole - RaftServer{2}{role=FOLLOWER} - Sending CommandResponse{status=OK, index=33, eventIndex=2, result=byte[]{length=2, hash=1306}}
11:13:35.088 [raft-client-a5a0def7-e1df-4503-b1c6-00519ae66cf7-1] TRACE i.a.p.r.p.impl.RaftProxyConnection - PartitionProxy{2}{type=PrimitiveType{name=test}, name=test} - Received CommandResponse{status=OK, index=33, eventIndex=2, result=byte[]{length=2, hash=1306}} from 2
11:13:35.088 [raft-server-1] TRACE i.a.p.raft.roles.LeaderAppender - RaftServer{1} - Sending AppendRequest{term=1, leader=1, prevLogIndex=34, prevLogTerm=1, entries=0, commitIndex=34} to 2
11:13:35.089 [raft-client-a5a0def7-e1df-4503-b1c6-00519ae66cf7-1] TRACE i.a.p.r.p.impl.RaftProxySequencer - PartitionProxy{2}{type=PrimitiveType{name=test}, name=test} - Completing response CommandResponse{status=OK, index=33, eventIndex=2, result=byte[]{length=2, hash=1306}}
11:13:35.088 [raft-server-2-state] TRACE i.a.p.raft.impl.RaftServiceManager - RaftServer{2} - Applying Indexed{index=33, entry=CommandEntry{term=1, timestamp=2018-05-30 11:13:34,940, session=2, sequence=29, operation=PrimitiveOperation{id=DefaultOperationId{id=write, type=COMMAND}, value=byte[]{length=17, hash=-1644578928}}}}
11:13:35.089 [raft-server-2-state] TRACE i.a.p.s.impl.DefaultServiceExecutor - PrimitiveService{2}{type=PrimitiveType{name=test}, name=test} - Executing DefaultCommit{index=33, session=RaftSession{RaftServiceContext{server=2, type=PrimitiveType{name=test}, name=test, id=2}, session=2, timestamp=2018-05-30 11:13:34,940}, time=2018-05-30 11:13:34,940, operation=DefaultOperationId{id=write, type=COMMAND}, value=byte[]{length=17, hash=-1644578928}}
11:13:35.089 [raft-server-2] TRACE i.a.p.raft.roles.FollowerRole - RaftServer{2}{role=FOLLOWER} - Received AppendRequest{term=1, leader=1, prevLogIndex=34, prevLogTerm=1, entries=0, commitIndex=34}
11:13:35.089 [raft-server-2-state] TRACE i.a.p.raft.impl.RaftServiceManager - RaftServer{2} - Applying Indexed{index=34, entry=KeepAliveEntry{term=1, timestamp=2018-05-30 11:13:34,965, sessionIds=long[]{length=1, hash=33}, commandSequences=long[]{length=1, hash=59}, eventIndexes=long[]{length=1, hash=33}}}
11:13:35.089 [raft-server-2] TRACE i.a.p.raft.roles.FollowerRole - RaftServer{2}{role=FOLLOWER} - Sending AppendResponse{status=OK, term=1, succeeded=true, lastLogIndex=34}
11:13:35.089 [raft-client-a5a0def7-e1df-4503-b1c6-00519ae66cf7-1] TRACE i.a.p.r.p.impl.RaftProxyConnection - PartitionProxy{2}{type=PrimitiveType{name=test}, name=test} - Sending CommandRequest{session=2, sequence=30, operation=PrimitiveOperation{id=DefaultOperationId{id=write, type=COMMAND}, value=byte[]{length=17, hash=-1644578928}}} to 2
11:13:35.089 [raft-server-1] TRACE i.a.p.raft.roles.LeaderAppender - RaftServer{1} - Received AppendResponse{status=OK, term=1, succeeded=true, lastLogIndex=34} from 2
11:13:35.089 [raft-server-2] TRACE i.a.p.raft.roles.FollowerRole - RaftServer{2}{role=FOLLOWER} - Received CommandRequest{session=2, sequence=30, operation=PrimitiveOperation{id=DefaultOperationId{id=write, type=COMMAND}, value=byte[]{length=17, hash=-1644578928}}}
11:13:35.089 [raft-server-1] TRACE i.a.protocols.raft.roles.LeaderRole - RaftServer{1}{role=LEADER} - Received CommandRequest{session=2, sequence=30, operation=PrimitiveOperation{id=DefaultOperationId{id=write, type=COMMAND}, value=byte[]{length=17, hash=-1644578928}}}
11:13:35.090 [raft-server-1] TRACE i.a.protocols.raft.roles.LeaderRole - RaftServer{1}{role=LEADER} - Appended Indexed{index=35, entry=CommandEntry{term=1, timestamp=2018-05-30 11:13:35,090, session=2, sequence=30, operation=PrimitiveOperation{id=DefaultOperationId{id=write, type=COMMAND}, value=byte[]{length=17, hash=-1644578928}}}}
11:13:35.090 [raft-server-1] TRACE i.a.p.raft.roles.LeaderAppender - RaftServer{1} - Sending AppendRequest{term=1, leader=1, prevLogIndex=34, prevLogTerm=1, entries=1, commitIndex=34} to 2
11:13:35.090 [raft-server-1] TRACE i.a.p.raft.roles.LeaderAppender - RaftServer{1} - Sending AppendRequest{term=1, leader=1, prevLogIndex=34, prevLogTerm=1, entries=1, commitIndex=34} to 3
11:13:35.090 [raft-server-2] TRACE i.a.p.raft.roles.FollowerRole - RaftServer{2}{role=FOLLOWER} - Received AppendRequest{term=1, leader=1, prevLogIndex=34, prevLogTerm=1, entries=1, commitIndex=34}
11:13:35.090 [raft-server-2] TRACE i.a.p.raft.roles.FollowerRole - RaftServer{2}{role=FOLLOWER} - Appended Indexed{index=35, entry=CommandEntry{term=1, timestamp=2018-05-30 11:13:35,090, session=2, sequence=30, operation=PrimitiveOperation{id=DefaultOperationId{id=write, type=COMMAND}, value=byte[]{length=17, hash=-1644578928}}}}
11:13:35.090 [raft-server-2] TRACE i.a.p.raft.roles.FollowerRole - RaftServer{2}{role=FOLLOWER} - Sending AppendResponse{status=OK, term=1, succeeded=true, lastLogIndex=35}
11:13:35.091 [raft-server-1] TRACE i.a.p.raft.roles.LeaderAppender - RaftServer{1} - Received AppendResponse{status=OK, term=1, succeeded=true, lastLogIndex=35} from 2
11:13:35.091 [raft-server-1] TRACE i.a.p.raft.roles.LeaderAppender - RaftServer{1} - Committed entries up to 35
11:13:35.121 [raft-server-3] TRACE i.a.p.raft.roles.FollowerRole - RaftServer{3}{role=FOLLOWER} - Committed entries up to index 34
11:13:35.121 [raft-server-3] TRACE i.a.p.raft.roles.FollowerRole - RaftServer{3}{role=FOLLOWER} - Sending AppendResponse{status=OK, term=1, succeeded=true, lastLogIndex=34}
11:13:35.122 [raft-server-3] TRACE i.a.p.raft.roles.FollowerRole - RaftServer{3}{role=FOLLOWER} - Received AppendRequest{term=1, leader=1, prevLogIndex=34, prevLogTerm=1, entries=1, commitIndex=34}
11:13:35.122 [raft-server-3] TRACE i.a.p.raft.roles.FollowerRole - RaftServer{3}{role=FOLLOWER} - Appended Indexed{index=35, entry=CommandEntry{term=1, timestamp=2018-05-30 11:13:35,090, session=2, sequence=30, operation=PrimitiveOperation{id=DefaultOperationId{id=write, type=COMMAND}, value=byte[]{length=17, hash=-1644578928}}}}
11:13:35.122 [raft-server-3] TRACE i.a.p.raft.roles.FollowerRole - RaftServer{3}{role=FOLLOWER} - Sending AppendResponse{status=OK, term=1, succeeded=true, lastLogIndex=35}
11:13:35.122 [raft-server-3-state] TRACE i.a.p.raft.impl.RaftServiceManager - RaftServer{3} - Applying Indexed{index=34, entry=KeepAliveEntry{term=1, timestamp=2018-05-30 11:13:34,965, sessionIds=long[]{length=1, hash=33}, commandSequences=long[]{length=1, hash=59}, eventIndexes=long[]{length=1, hash=33}}}
11:13:35.146 [raft-server-1] TRACE i.a.p.raft.roles.LeaderAppender - RaftServer{1} - Received AppendResponse{status=OK, term=1, succeeded=true, lastLogIndex=34} from 3
11:13:35.147 [raft-server-1] TRACE i.a.p.raft.roles.LeaderAppender - RaftServer{1} - Received AppendResponse{status=OK, term=1, succeeded=true, lastLogIndex=35} from 3
11:13:35.147 [raft-server-1-state] TRACE i.a.p.raft.impl.RaftServiceManager - RaftServer{1} - Applying Indexed{index=35, entry=CommandEntry{term=1, timestamp=2018-05-30 11:13:35,090, session=2, sequence=30, operation=PrimitiveOperation{id=DefaultOperationId{id=write, type=COMMAND}, value=byte[]{length=17, hash=-1644578928}}}}
11:13:35.147 [raft-server-1-state] TRACE i.a.p.s.impl.DefaultServiceExecutor - PrimitiveService{2}{type=PrimitiveType{name=test}, name=test} - Executing DefaultCommit{index=35, session=RaftSession{RaftServiceContext{server=1, type=PrimitiveType{name=test}, name=test, id=2}, session=2, timestamp=2018-05-30 11:13:35,090}, time=2018-05-30 11:13:35,090, operation=DefaultOperationId{id=write, type=COMMAND}, value=byte[]{length=17, hash=-1644578928}}
11:13:35.147 [raft-server-1-state] TRACE i.a.protocols.raft.roles.LeaderRole - RaftServer{1}{role=LEADER} - Sending CommandResponse{status=OK, index=35, eventIndex=2, result=byte[]{length=2, hash=1310}}
11:13:35.147 [raft-server-2] TRACE i.a.p.raft.roles.FollowerRole - RaftServer{2}{role=FOLLOWER} - Sending CommandResponse{status=OK, index=35, eventIndex=2, result=byte[]{length=2, hash=1310}}
11:13:35.148 [raft-client-a5a0def7-e1df-4503-b1c6-00519ae66cf7-3] TRACE i.a.p.r.p.impl.RaftProxyConnection - PartitionProxy{2}{type=PrimitiveType{name=test}, name=test} - Received CommandResponse{status=OK, index=35, eventIndex=2, result=byte[]{length=2, hash=1310}} from 2
11:13:35.148 [raft-client-a5a0def7-e1df-4503-b1c6-00519ae66cf7-3] TRACE i.a.p.r.p.impl.RaftProxySequencer - PartitionProxy{2}{type=PrimitiveType{name=test}, name=test} - Completing response CommandResponse{status=OK, index=35, eventIndex=2, result=byte[]{length=2, hash=1310}}
11:13:35.148 [raft-client-a5a0def7-e1df-4503-b1c6-00519ae66cf7-4] TRACE i.a.p.r.p.impl.RaftProxyConnection - PartitionProxy{2}{type=PrimitiveType{name=test}, name=test} - Sending CommandRequest{session=2, sequence=31, operation=PrimitiveOperation{id=DefaultOperationId{id=write, type=COMMAND}, value=byte[]{length=17, hash=-1644578928}}} to 2
11:13:35.148 [raft-server-2] TRACE i.a.p.raft.roles.FollowerRole - RaftServer{2}{role=FOLLOWER} - Received CommandRequest{session=2, sequence=31, operation=PrimitiveOperation{id=DefaultOperationId{id=write, type=COMMAND}, value=byte[]{length=17, hash=-1644578928}}}
11:13:35.148 [raft-server-1] TRACE i.a.protocols.raft.roles.LeaderRole - RaftServer{1}{role=LEADER} - Received CommandRequest{session=2, sequence=31, operation=PrimitiveOperation{id=DefaultOperationId{id=write, type=COMMAND}, value=byte[]{length=17, hash=-1644578928}}}
11:13:35.149 [raft-server-1] TRACE i.a.protocols.raft.roles.LeaderRole - RaftServer{1}{role=LEADER} - Appended Indexed{index=36, entry=CommandEntry{term=1, timestamp=2018-05-30 11:13:35,148, session=2, sequence=31, operation=PrimitiveOperation{id=DefaultOperationId{id=write, type=COMMAND}, value=byte[]{length=17, hash=-1644578928}}}}
11:13:35.149 [raft-server-1] TRACE i.a.p.raft.roles.LeaderAppender - RaftServer{1} - Sending AppendRequest{term=1, leader=1, prevLogIndex=35, prevLogTerm=1, entries=1, commitIndex=35} to 2
11:13:35.149 [raft-server-1] TRACE i.a.p.raft.roles.LeaderAppender - RaftServer{1} - Sending AppendRequest{term=1, leader=1, prevLogIndex=35, prevLogTerm=1, entries=1, commitIndex=35} to 3
11:13:35.149 [raft-server-2] TRACE i.a.p.raft.roles.FollowerRole - RaftServer{2}{role=FOLLOWER} - Received AppendRequest{term=1, leader=1, prevLogIndex=35, prevLogTerm=1, entries=1, commitIndex=35}
11:13:35.149 [raft-server-3] TRACE i.a.p.raft.roles.FollowerRole - RaftServer{3}{role=FOLLOWER} - Received AppendRequest{term=1, leader=1, prevLogIndex=35, prevLogTerm=1, entries=1, commitIndex=35}
11:13:35.149 [raft-server-2] TRACE i.a.p.raft.roles.FollowerRole - RaftServer{2}{role=FOLLOWER} - Appended Indexed{index=36, entry=CommandEntry{term=1, timestamp=2018-05-30 11:13:35,148, session=2, sequence=31, operation=PrimitiveOperation{id=DefaultOperationId{id=write, type=COMMAND}, value=byte[]{length=17, hash=-1644578928}}}}
11:13:35.150 [raft-server-3] TRACE i.a.p.raft.roles.FollowerRole - RaftServer{3}{role=FOLLOWER} - Appended Indexed{index=36, entry=CommandEntry{term=1, timestamp=2018-05-30 11:13:35,148, session=2, sequence=31, operation=PrimitiveOperation{id=DefaultOperationId{id=write, type=COMMAND}, value=byte[]{length=17, hash=-1644578928}}}}
11:13:35.180 [raft-server-2] TRACE i.a.p.raft.roles.FollowerRole - RaftServer{2}{role=FOLLOWER} - Committed entries up to index 35
11:13:35.180 [raft-server-3] TRACE i.a.p.raft.roles.FollowerRole - RaftServer{3}{role=FOLLOWER} - Committed entries up to index 35
11:13:35.180 [raft-server-2] TRACE i.a.p.raft.roles.FollowerRole - RaftServer{2}{role=FOLLOWER} - Sending AppendResponse{status=OK, term=1, succeeded=true, lastLogIndex=36}
11:13:35.180 [raft-server-3] TRACE i.a.p.raft.roles.FollowerRole - RaftServer{3}{role=FOLLOWER} - Sending AppendResponse{status=OK, term=1, succeeded=true, lastLogIndex=36}
11:13:35.180 [raft-server-1] TRACE i.a.p.raft.roles.LeaderAppender - RaftServer{1} - Received AppendResponse{status=OK, term=1, succeeded=true, lastLogIndex=36} from 3
11:13:35.180 [raft-server-1] TRACE i.a.p.raft.roles.LeaderAppender - RaftServer{1} - Committed entries up to 36
11:13:35.180 [raft-server-3-state] TRACE i.a.p.raft.impl.RaftServiceManager - RaftServer{3} - Applying Indexed{index=35, entry=CommandEntry{term=1, timestamp=2018-05-30 11:13:35,090, session=2, sequence=30, operation=PrimitiveOperation{id=DefaultOperationId{id=write, type=COMMAND}, value=byte[]{length=17, hash=-1644578928}}}}
11:13:35.180 [raft-server-3-state] TRACE i.a.p.s.impl.DefaultServiceExecutor - PrimitiveService{2}{type=PrimitiveType{name=test}, name=test} - Executing DefaultCommit{index=35, session=RaftSession{RaftServiceContext{server=3, type=PrimitiveType{name=test}, name=test, id=2}, session=2, timestamp=2018-05-30 11:13:35,090}, time=2018-05-30 11:13:35,090, operation=DefaultOperationId{id=write, type=COMMAND}, value=byte[]{length=17, hash=-1644578928}}
11:13:35.181 [raft-server-2-state] TRACE i.a.p.raft.impl.RaftServiceManager - RaftServer{2} - Applying Indexed{index=35, entry=CommandEntry{term=1, timestamp=2018-05-30 11:13:35,090, session=2, sequence=30, operation=PrimitiveOperation{id=DefaultOperationId{id=write, type=COMMAND}, value=byte[]{length=17, hash=-1644578928}}}}
11:13:35.181 [raft-server-2-state] TRACE i.a.p.s.impl.DefaultServiceExecutor - PrimitiveService{2}{type=PrimitiveType{name=test}, name=test} - Executing DefaultCommit{index=35, session=RaftSession{RaftServiceContext{server=2, type=PrimitiveType{name=test}, name=test, id=2}, session=2, timestamp=2018-05-30 11:13:35,090}, time=2018-05-30 11:13:35,090, operation=DefaultOperationId{id=write, type=COMMAND}, value=byte[]{length=17, hash=-1644578928}}
11:13:35.205 [raft-server-1] TRACE i.a.p.raft.roles.LeaderAppender - RaftServer{1} - Received AppendResponse{status=OK, term=1, succeeded=true, lastLogIndex=36} from 2
11:13:35.205 [raft-server-1-state] TRACE i.a.p.raft.impl.RaftServiceManager - RaftServer{1} - Applying Indexed{index=36, entry=CommandEntry{term=1, timestamp=2018-05-30 11:13:35,148, session=2, sequence=31, operation=PrimitiveOperation{id=DefaultOperationId{id=write, type=COMMAND}, value=byte[]{length=17, hash=-1644578928}}}}
11:13:35.206 [raft-server-1-state] TRACE i.a.p.s.impl.DefaultServiceExecutor - PrimitiveService{2}{type=PrimitiveType{name=test}, name=test} - Executing DefaultCommit{index=36, session=RaftSession{RaftServiceContext{server=1, type=PrimitiveType{name=test}, name=test, id=2}, session=2, timestamp=2018-05-30 11:13:35,148}, time=2018-05-30 11:13:35,148, operation=DefaultOperationId{id=write, type=COMMAND}, value=byte[]{length=17, hash=-1644578928}}
11:13:35.206 [raft-server-1-state] TRACE i.a.protocols.raft.roles.LeaderRole - RaftServer{1}{role=LEADER} - Sending CommandResponse{status=OK, index=36, eventIndex=2, result=byte[]{length=2, hash=1312}}
11:13:35.206 [raft-server-2] TRACE i.a.p.raft.roles.FollowerRole - RaftServer{2}{role=FOLLOWER} - Sending CommandResponse{status=OK, index=36, eventIndex=2, result=byte[]{length=2, hash=1312}}
11:13:35.206 [raft-client-a5a0def7-e1df-4503-b1c6-00519ae66cf7-2] TRACE i.a.p.r.p.impl.RaftProxyConnection - PartitionProxy{2}{type=PrimitiveType{name=test}, name=test} - Received CommandResponse{status=OK, index=36, eventIndex=2, result=byte[]{length=2, hash=1312}} from 2
11:13:35.207 [raft-client-a5a0def7-e1df-4503-b1c6-00519ae66cf7-2] TRACE i.a.p.r.p.impl.RaftProxySequencer - PartitionProxy{2}{type=PrimitiveType{name=test}, name=test} - Completing response CommandResponse{status=OK, index=36, eventIndex=2, result=byte[]{length=2, hash=1312}}
11:13:35.208 [raft-client-a5a0def7-e1df-4503-b1c6-00519ae66cf7-6] TRACE i.a.p.r.p.impl.RaftProxyConnection - PartitionProxy{2}{type=PrimitiveType{name=test}, name=test} - Sending CommandRequest{session=2, sequence=32, operation=PrimitiveOperation{id=DefaultOperationId{id=write, type=COMMAND}, value=byte[]{length=17, hash=-1644578928}}} to 2
11:13:35.208 [raft-server-2] TRACE i.a.p.raft.roles.FollowerRole - RaftServer{2}{role=FOLLOWER} - Received CommandRequest{session=2, sequence=32, operation=PrimitiveOperation{id=DefaultOperationId{id=write, type=COMMAND}, value=byte[]{length=17, hash=-1644578928}}}
11:13:35.208 [raft-server-1] TRACE i.a.protocols.raft.roles.LeaderRole - RaftServer{1}{role=LEADER} - Received CommandRequest{session=2, sequence=32, operation=PrimitiveOperation{id=DefaultOperationId{id=write, type=COMMAND}, value=byte[]{length=17, hash=-1644578928}}}
11:13:35.208 [raft-server-1] TRACE i.a.protocols.raft.roles.LeaderRole - RaftServer{1}{role=LEADER} - Appended Indexed{index=37, entry=CommandEntry{term=1, timestamp=2018-05-30 11:13:35,208, session=2, sequence=32, operation=PrimitiveOperation{id=DefaultOperationId{id=write, type=COMMAND}, value=byte[]{length=17, hash=-1644578928}}}}
11:13:35.209 [raft-server-1] TRACE i.a.p.raft.roles.LeaderAppender - RaftServer{1} - Sending AppendRequest{term=1, leader=1, prevLogIndex=36, prevLogTerm=1, entries=1, commitIndex=36} to 2
11:13:35.209 [raft-server-2] TRACE i.a.p.raft.roles.FollowerRole - RaftServer{2}{role=FOLLOWER} - Received AppendRequest{term=1, leader=1, prevLogIndex=36, prevLogTerm=1, entries=1, commitIndex=36}
11:13:35.209 [raft-server-1] TRACE i.a.p.raft.roles.LeaderAppender - RaftServer{1} - Sending AppendRequest{term=1, leader=1, prevLogIndex=36, prevLogTerm=1, entries=1, commitIndex=36} to 3
11:13:35.209 [raft-server-3] TRACE i.a.p.raft.roles.FollowerRole - RaftServer{3}{role=FOLLOWER} - Received AppendRequest{term=1, leader=1, prevLogIndex=36, prevLogTerm=1, entries=1, commitIndex=36}
11:13:35.209 [raft-server-2] TRACE i.a.p.raft.roles.FollowerRole - RaftServer{2}{role=FOLLOWER} - Appended Indexed{index=37, entry=CommandEntry{term=1, timestamp=2018-05-30 11:13:35,208, session=2, sequence=32, operation=PrimitiveOperation{id=DefaultOperationId{id=write, type=COMMAND}, value=byte[]{length=17, hash=-1644578928}}}}
11:13:35.209 [raft-server-3] TRACE i.a.p.raft.roles.FollowerRole - RaftServer{3}{role=FOLLOWER} - Appended Indexed{index=37, entry=CommandEntry{term=1, timestamp=2018-05-30 11:13:35,208, session=2, sequence=32, operation=PrimitiveOperation{id=DefaultOperationId{id=write, type=COMMAND}, value=byte[]{length=17, hash=-1644578928}}}}
11:13:35.238 [raft-server-2] TRACE i.a.p.raft.roles.FollowerRole - RaftServer{2}{role=FOLLOWER} - Committed entries up to index 36
11:13:35.238 [raft-server-3] TRACE i.a.p.raft.roles.FollowerRole - RaftServer{3}{role=FOLLOWER} - Committed entries up to index 36
11:13:35.238 [raft-server-2] TRACE i.a.p.raft.roles.FollowerRole - RaftServer{2}{role=FOLLOWER} - Sending AppendResponse{status=OK, term=1, succeeded=true, lastLogIndex=37}
11:13:35.238 [raft-server-3] TRACE i.a.p.raft.roles.FollowerRole - RaftServer{3}{role=FOLLOWER} - Sending AppendResponse{status=OK, term=1, succeeded=true, lastLogIndex=37}
11:13:35.238 [raft-server-1] TRACE i.a.p.raft.roles.LeaderAppender - RaftServer{1} - Received AppendResponse{status=OK, term=1, succeeded=true, lastLogIndex=37} from 2
11:13:35.238 [raft-server-1] TRACE i.a.p.raft.roles.LeaderAppender - RaftServer{1} - Committed entries up to 37
11:13:35.238 [raft-server-3-state] TRACE i.a.p.raft.impl.RaftServiceManager - RaftServer{3} - Applying Indexed{index=36, entry=CommandEntry{term=1, timestamp=2018-05-30 11:13:35,148, session=2, sequence=31, operation=PrimitiveOperation{id=DefaultOperationId{id=write, type=COMMAND}, value=byte[]{length=17, hash=-1644578928}}}}
11:13:35.238 [raft-server-2-state] TRACE i.a.p.raft.impl.RaftServiceManager - RaftServer{2} - Applying Indexed{index=36, entry=CommandEntry{term=1, timestamp=2018-05-30 11:13:35,148, session=2, sequence=31, operation=PrimitiveOperation{id=DefaultOperationId{id=write, type=COMMAND}, value=byte[]{length=17, hash=-1644578928}}}}
11:13:35.239 [raft-server-2-state] TRACE i.a.p.s.impl.DefaultServiceExecutor - PrimitiveService{2}{type=PrimitiveType{name=test}, name=test} - Executing DefaultCommit{index=36, session=RaftSession{RaftServiceContext{server=2, type=PrimitiveType{name=test}, name=test, id=2}, session=2, timestamp=2018-05-30 11:13:35,148}, time=2018-05-30 11:13:35,148, operation=DefaultOperationId{id=write, type=COMMAND}, value=byte[]{length=17, hash=-1644578928}}
11:13:35.238 [raft-server-3-state] TRACE i.a.p.s.impl.DefaultServiceExecutor - PrimitiveService{2}{type=PrimitiveType{name=test}, name=test} - Executing DefaultCommit{index=36, session=RaftSession{RaftServiceContext{server=3, type=PrimitiveType{name=test}, name=test, id=2}, session=2, timestamp=2018-05-30 11:13:35,148}, time=2018-05-30 11:13:35,148, operation=DefaultOperationId{id=write, type=COMMAND}, value=byte[]{length=17, hash=-1644578928}}
11:13:35.263 [raft-server-1] TRACE i.a.p.raft.roles.LeaderAppender - RaftServer{1} - Received AppendResponse{status=OK, term=1, succeeded=true, lastLogIndex=37} from 3
11:13:35.263 [raft-server-1-state] TRACE i.a.p.raft.impl.RaftServiceManager - RaftServer{1} - Applying Indexed{index=37, entry=CommandEntry{term=1, timestamp=2018-05-30 11:13:35,208, session=2, sequence=32, operation=PrimitiveOperation{id=DefaultOperationId{id=write, type=COMMAND}, value=byte[]{length=17, hash=-1644578928}}}}
11:13:35.264 [raft-server-1-state] TRACE i.a.p.s.impl.DefaultServiceExecutor - PrimitiveService{2}{type=PrimitiveType{name=test}, name=test} - Executing DefaultCommit{index=37, session=RaftSession{RaftServiceContext{server=1, type=PrimitiveType{name=test}, name=test, id=2}, session=2, timestamp=2018-05-30 11:13:35,208}, time=2018-05-30 11:13:35,208, operation=DefaultOperationId{id=write, type=COMMAND}, value=byte[]{length=17, hash=-1644578928}}
11:13:35.264 [raft-server-1-state] TRACE i.a.protocols.raft.roles.LeaderRole - RaftServer{1}{role=LEADER} - Sending CommandResponse{status=OK, index=37, eventIndex=2, result=byte[]{length=2, hash=1314}}
11:13:35.264 [raft-server-2] TRACE i.a.p.raft.roles.FollowerRole - RaftServer{2}{role=FOLLOWER} - Sending CommandResponse{status=OK, index=37, eventIndex=2, result=byte[]{length=2, hash=1314}}
11:13:35.264 [raft-client-a5a0def7-e1df-4503-b1c6-00519ae66cf7-7] TRACE i.a.p.r.p.impl.RaftProxyConnection - PartitionProxy{2}{type=PrimitiveType{name=test}, name=test} - Received CommandResponse{status=OK, index=37, eventIndex=2, result=byte[]{length=2, hash=1314}} from 2
11:13:35.264 [raft-client-a5a0def7-e1df-4503-b1c6-00519ae66cf7-7] TRACE i.a.p.r.p.impl.RaftProxySequencer - PartitionProxy{2}{type=PrimitiveType{name=test}, name=test} - Completing response CommandResponse{status=OK, index=37, eventIndex=2, result=byte[]{length=2, hash=1314}}
11:13:35.265 [raft-client-a5a0def7-e1df-4503-b1c6-00519ae66cf7-7] TRACE i.a.p.r.p.impl.RaftProxyConnection - PartitionProxy{2}{type=PrimitiveType{name=test}, name=test} - Sending CommandRequest{session=2, sequence=33, operation=PrimitiveOperation{id=DefaultOperationId{id=write, type=COMMAND}, value=byte[]{length=17, hash=-1644578928}}} to 2
11:13:35.265 [raft-server-2] TRACE i.a.p.raft.roles.FollowerRole - RaftServer{2}{role=FOLLOWER} - Received CommandRequest{session=2, sequence=33, operation=PrimitiveOperation{id=DefaultOperationId{id=write, type=COMMAND}, value=byte[]{length=17, hash=-1644578928}}}
11:13:35.265 [raft-server-1] TRACE i.a.protocols.raft.roles.LeaderRole - RaftServer{1}{role=LEADER} - Received CommandRequest{session=2, sequence=33, operation=PrimitiveOperation{id=DefaultOperationId{id=write, type=COMMAND}, value=byte[]{length=17, hash=-1644578928}}}
11:13:35.265 [raft-server-1] TRACE i.a.protocols.raft.roles.LeaderRole - RaftServer{1}{role=LEADER} - Appended Indexed{index=38, entry=CommandEntry{term=1, timestamp=2018-05-30 11:13:35,265, session=2, sequence=33, operation=PrimitiveOperation{id=DefaultOperationId{id=write, type=COMMAND}, value=byte[]{length=17, hash=-1644578928}}}}
11:13:35.266 [raft-server-1] TRACE i.a.p.raft.roles.LeaderAppender - RaftServer{1} - Sending AppendRequest{term=1, leader=1, prevLogIndex=37, prevLogTerm=1, entries=1, commitIndex=37} to 2
11:13:35.266 [raft-server-2] TRACE i.a.p.raft.roles.FollowerRole - RaftServer{2}{role=FOLLOWER} - Received AppendRequest{term=1, leader=1, prevLogIndex=37, prevLogTerm=1, entries=1, commitIndex=37}
11:13:35.266 [raft-server-1] TRACE i.a.p.raft.roles.LeaderAppender - RaftServer{1} - Sending AppendRequest{term=1, leader=1, prevLogIndex=37, prevLogTerm=1, entries=1, commitIndex=37} to 3
11:13:35.266 [raft-server-3] TRACE i.a.p.raft.roles.FollowerRole - RaftServer{3}{role=FOLLOWER} - Received AppendRequest{term=1, leader=1, prevLogIndex=37, prevLogTerm=1, entries=1, commitIndex=37}
11:13:35.266 [raft-server-2] TRACE i.a.p.raft.roles.FollowerRole - RaftServer{2}{role=FOLLOWER} - Appended Indexed{index=38, entry=CommandEntry{term=1, timestamp=2018-05-30 11:13:35,265, session=2, sequence=33, operation=PrimitiveOperation{id=DefaultOperationId{id=write, type=COMMAND}, value=byte[]{length=17, hash=-1644578928}}}}
11:13:35.266 [raft-server-3] TRACE i.a.p.raft.roles.FollowerRole - RaftServer{3}{role=FOLLOWER} - Appended Indexed{index=38, entry=CommandEntry{term=1, timestamp=2018-05-30 11:13:35,265, session=2, sequence=33, operation=PrimitiveOperation{id=DefaultOperationId{id=write, type=COMMAND}, value=byte[]{length=17, hash=-1644578928}}}}
11:13:35.296 [raft-server-2] TRACE i.a.p.raft.roles.FollowerRole - RaftServer{2}{role=FOLLOWER} - Committed entries up to index 37
11:13:35.296 [raft-server-3] TRACE i.a.p.raft.roles.FollowerRole - RaftServer{3}{role=FOLLOWER} - Committed entries up to index 37
11:13:35.296 [raft-server-2] TRACE i.a.p.raft.roles.FollowerRole - RaftServer{2}{role=FOLLOWER} - Sending AppendResponse{status=OK, term=1, succeeded=true, lastLogIndex=38}
11:13:35.297 [raft-server-3] TRACE i.a.p.raft.roles.FollowerRole - RaftServer{3}{role=FOLLOWER} - Sending AppendResponse{status=OK, term=1, succeeded=true, lastLogIndex=38}
11:13:35.297 [raft-server-1] TRACE i.a.p.raft.roles.LeaderAppender - RaftServer{1} - Received AppendResponse{status=OK, term=1, succeeded=true, lastLogIndex=38} from 2
11:13:35.297 [raft-server-1] TRACE i.a.p.raft.roles.LeaderAppender - RaftServer{1} - Committed entries up to 38
11:13:35.297 [raft-server-2-state] TRACE i.a.p.raft.impl.RaftServiceManager - RaftServer{2} - Applying Indexed{index=37, entry=CommandEntry{term=1, timestamp=2018-05-30 11:13:35,208, session=2, sequence=32, operation=PrimitiveOperation{id=DefaultOperationId{id=write, type=COMMAND}, value=byte[]{length=17, hash=-1644578928}}}}
11:13:35.297 [raft-server-3-state] TRACE i.a.p.raft.impl.RaftServiceManager - RaftServer{3} - Applying Indexed{index=37, entry=CommandEntry{term=1, timestamp=2018-05-30 11:13:35,208, session=2, sequence=32, operation=PrimitiveOperation{id=DefaultOperationId{id=write, type=COMMAND}, value=byte[]{length=17, hash=-1644578928}}}}
11:13:35.297 [raft-server-2-state] TRACE i.a.p.s.impl.DefaultServiceExecutor - PrimitiveService{2}{type=PrimitiveType{name=test}, name=test} - Executing DefaultCommit{index=37, session=RaftSession{RaftServiceContext{server=2, type=PrimitiveType{name=test}, name=test, id=2}, session=2, timestamp=2018-05-30 11:13:35,208}, time=2018-05-30 11:13:35,208, operation=DefaultOperationId{id=write, type=COMMAND}, value=byte[]{length=17, hash=-1644578928}}
11:13:35.297 [raft-server-3-state] TRACE i.a.p.s.impl.DefaultServiceExecutor - PrimitiveService{2}{type=PrimitiveType{name=test}, name=test} - Executing DefaultCommit{index=37, session=RaftSession{RaftServiceContext{server=3, type=PrimitiveType{name=test}, name=test, id=2}, session=2, timestamp=2018-05-30 11:13:35,208}, time=2018-05-30 11:13:35,208, operation=DefaultOperationId{id=write, type=COMMAND}, value=byte[]{length=17, hash=-1644578928}}
11:13:35.321 [raft-server-1] TRACE i.a.p.raft.roles.LeaderAppender - RaftServer{1} - Sending AppendRequest{term=1, leader=1, prevLogIndex=38, prevLogTerm=1, entries=0, commitIndex=38} to 2
11:13:35.322 [raft-server-2] TRACE i.a.p.raft.roles.FollowerRole - RaftServer{2}{role=FOLLOWER} - Received AppendRequest{term=1, leader=1, prevLogIndex=38, prevLogTerm=1, entries=0, commitIndex=38}
11:13:35.322 [raft-server-1] TRACE i.a.p.raft.roles.LeaderAppender - RaftServer{1} - Received AppendResponse{status=OK, term=1, succeeded=true, lastLogIndex=38} from 3
11:13:35.322 [raft-server-1] TRACE i.a.p.raft.roles.LeaderAppender - RaftServer{1} - Sending AppendRequest{term=1, leader=1, prevLogIndex=38, prevLogTerm=1, entries=0, commitIndex=38} to 3
11:13:35.322 [raft-server-3] TRACE i.a.p.raft.roles.FollowerRole - RaftServer{3}{role=FOLLOWER} - Received AppendRequest{term=1, leader=1, prevLogIndex=38, prevLogTerm=1, entries=0, commitIndex=38}
11:13:35.322 [raft-server-3] TRACE i.a.p.raft.roles.FollowerRole - RaftServer{3}{role=FOLLOWER} - Committed entries up to index 38
11:13:35.322 [raft-server-3] TRACE i.a.p.raft.roles.FollowerRole - RaftServer{3}{role=FOLLOWER} - Sending AppendResponse{status=OK, term=1, succeeded=true, lastLogIndex=38}
11:13:35.322 [raft-server-1-state] TRACE i.a.p.raft.impl.RaftServiceManager - RaftServer{1} - Applying Indexed{index=38, entry=CommandEntry{term=1, timestamp=2018-05-30 11:13:35,265, session=2, sequence=33, operation=PrimitiveOperation{id=DefaultOperationId{id=write, type=COMMAND}, value=byte[]{length=17, hash=-1644578928}}}}
11:13:35.322 [raft-server-3-state] TRACE i.a.p.raft.impl.RaftServiceManager - RaftServer{3} - Applying Indexed{index=38, entry=CommandEntry{term=1, timestamp=2018-05-30 11:13:35,265, session=2, sequence=33, operation=PrimitiveOperation{id=DefaultOperationId{id=write, type=COMMAND}, value=byte[]{length=17, hash=-1644578928}}}}
11:13:35.322 [raft-server-1-state] TRACE i.a.p.s.impl.DefaultServiceExecutor - PrimitiveService{2}{type=PrimitiveType{name=test}, name=test} - Executing DefaultCommit{index=38, session=RaftSession{RaftServiceContext{server=1, type=PrimitiveType{name=test}, name=test, id=2}, session=2, timestamp=2018-05-30 11:13:35,265}, time=2018-05-30 11:13:35,265, operation=DefaultOperationId{id=write, type=COMMAND}, value=byte[]{length=17, hash=-1644578928}}
11:13:35.322 [raft-server-1] TRACE i.a.p.raft.roles.LeaderAppender - RaftServer{1} - Received AppendResponse{status=OK, term=1, succeeded=true, lastLogIndex=38} from 3
11:13:35.322 [raft-server-3-state] TRACE i.a.p.s.impl.DefaultServiceExecutor - PrimitiveService{2}{type=PrimitiveType{name=test}, name=test} - Executing DefaultCommit{index=38, session=RaftSession{RaftServiceContext{server=3, type=PrimitiveType{name=test}, name=test, id=2}, session=2, timestamp=2018-05-30 11:13:35,265}, time=2018-05-30 11:13:35,265, operation=DefaultOperationId{id=write, type=COMMAND}, value=byte[]{length=17, hash=-1644578928}}
11:13:35.323 [raft-server-1-state] TRACE i.a.protocols.raft.roles.LeaderRole - RaftServer{1}{role=LEADER} - Sending CommandResponse{status=OK, index=38, eventIndex=2, result=byte[]{length=2, hash=1316}}
11:13:35.346 [raft-server-2] TRACE i.a.p.raft.roles.FollowerRole - RaftServer{2}{role=FOLLOWER} - Committed entries up to index 38
11:13:35.346 [raft-server-2] TRACE i.a.p.raft.roles.FollowerRole - RaftServer{2}{role=FOLLOWER} - Sending AppendResponse{status=OK, term=1, succeeded=true, lastLogIndex=38}
11:13:35.347 [raft-server-2] TRACE i.a.p.raft.roles.FollowerRole - RaftServer{2}{role=FOLLOWER} - Sending CommandResponse{status=OK, index=38, eventIndex=2, result=byte[]{length=2, hash=1316}}
11:13:35.347 [raft-server-1] TRACE i.a.p.raft.roles.LeaderAppender - RaftServer{1} - Received AppendResponse{status=OK, term=1, succeeded=true, lastLogIndex=38} from 2
11:13:35.347 [raft-client-a5a0def7-e1df-4503-b1c6-00519ae66cf7-3] TRACE i.a.p.r.p.impl.RaftProxyConnection - PartitionProxy{2}{type=PrimitiveType{name=test}, name=test} - Received CommandResponse{status=OK, index=38, eventIndex=2, result=byte[]{length=2, hash=1316}} from 2
11:13:35.347 [raft-client-a5a0def7-e1df-4503-b1c6-00519ae66cf7-3] TRACE i.a.p.r.p.impl.RaftProxySequencer - PartitionProxy{2}{type=PrimitiveType{name=test}, name=test} - Completing response CommandResponse{status=OK, index=38, eventIndex=2, result=byte[]{length=2, hash=1316}}
11:13:35.347 [raft-server-2-state] TRACE i.a.p.raft.impl.RaftServiceManager - RaftServer{2} - Applying Indexed{index=38, entry=CommandEntry{term=1, timestamp=2018-05-30 11:13:35,265, session=2, sequence=33, operation=PrimitiveOperation{id=DefaultOperationId{id=write, type=COMMAND}, value=byte[]{length=17, hash=-1644578928}}}}
11:13:35.347 [raft-server-2-state] TRACE i.a.p.s.impl.DefaultServiceExecutor - PrimitiveService{2}{type=PrimitiveType{name=test}, name=test} - Executing DefaultCommit{index=38, session=RaftSession{RaftServiceContext{server=2, type=PrimitiveType{name=test}, name=test, id=2}, session=2, timestamp=2018-05-30 11:13:35,265}, time=2018-05-30 11:13:35,265, operation=DefaultOperationId{id=write, type=COMMAND}, value=byte[]{length=17, hash=-1644578928}}
11:13:35.347 [raft-client-a5a0def7-e1df-4503-b1c6-00519ae66cf7-2] TRACE i.a.p.r.p.impl.RaftProxyConnection - PartitionProxy{2}{type=PrimitiveType{name=test}, name=test} - Sending CommandRequest{session=2, sequence=34, operation=PrimitiveOperation{id=DefaultOperationId{id=write, type=COMMAND}, value=byte[]{length=17, hash=-1644578928}}} to 2
11:13:35.347 [raft-server-2] TRACE i.a.p.raft.roles.FollowerRole - RaftServer{2}{role=FOLLOWER} - Received CommandRequest{session=2, sequence=34, operation=PrimitiveOperation{id=DefaultOperationId{id=write, type=COMMAND}, value=byte[]{length=17, hash=-1644578928}}}
11:13:35.348 [raft-server-1] TRACE i.a.protocols.raft.roles.LeaderRole - RaftServer{1}{role=LEADER} - Received CommandRequest{session=2, sequence=34, operation=PrimitiveOperation{id=DefaultOperationId{id=write, type=COMMAND}, value=byte[]{length=17, hash=-1644578928}}}
11:13:35.348 [raft-server-1] TRACE i.a.protocols.raft.roles.LeaderRole - RaftServer{1}{role=LEADER} - Appended Indexed{index=39, entry=CommandEntry{term=1, timestamp=2018-05-30 11:13:35,348, session=2, sequence=34, operation=PrimitiveOperation{id=DefaultOperationId{id=write, type=COMMAND}, value=byte[]{length=17, hash=-1644578928}}}}
11:13:35.348 [raft-server-1] TRACE i.a.p.raft.roles.LeaderAppender - RaftServer{1} - Sending AppendRequest{term=1, leader=1, prevLogIndex=38, prevLogTerm=1, entries=1, commitIndex=38} to 2
11:13:35.348 [raft-server-2] TRACE i.a.p.raft.roles.FollowerRole - RaftServer{2}{role=FOLLOWER} - Received AppendRequest{term=1, leader=1, prevLogIndex=38, prevLogTerm=1, entries=1, commitIndex=38}
11:13:35.348 [raft-server-1] TRACE i.a.p.raft.roles.LeaderAppender - RaftServer{1} - Sending AppendRequest{term=1, leader=1, prevLogIndex=38, prevLogTerm=1, entries=1, commitIndex=38} to 3
11:13:35.348 [raft-server-3] TRACE i.a.p.raft.roles.FollowerRole - RaftServer{3}{role=FOLLOWER} - Received AppendRequest{term=1, leader=1, prevLogIndex=38, prevLogTerm=1, entries=1, commitIndex=38}
11:13:35.348 [raft-server-2] TRACE i.a.p.raft.roles.FollowerRole - RaftServer{2}{role=FOLLOWER} - Appended Indexed{index=39, entry=CommandEntry{term=1, timestamp=2018-05-30 11:13:35,348, session=2, sequence=34, operation=PrimitiveOperation{id=DefaultOperationId{id=write, type=COMMAND}, value=byte[]{length=17, hash=-1644578928}}}}
11:13:35.348 [raft-server-2] TRACE i.a.p.raft.roles.FollowerRole - RaftServer{2}{role=FOLLOWER} - Sending AppendResponse{status=OK, term=1, succeeded=true, lastLogIndex=39}
11:13:35.349 [raft-server-1] TRACE i.a.p.raft.roles.LeaderAppender - RaftServer{1} - Received AppendResponse{status=OK, term=1, succeeded=true, lastLogIndex=39} from 2
11:13:35.349 [raft-server-1] TRACE i.a.p.raft.roles.LeaderAppender - RaftServer{1} - Committed entries up to 39
11:13:35.349 [raft-server-3] TRACE i.a.p.raft.roles.FollowerRole - RaftServer{3}{role=FOLLOWER} - Appended Indexed{index=39, entry=CommandEntry{term=1, timestamp=2018-05-30 11:13:35,348, session=2, sequence=34, operation=PrimitiveOperation{id=DefaultOperationId{id=write, type=COMMAND}, value=byte[]{length=17, hash=-1644578928}}}}
11:13:35.349 [raft-server-3] TRACE i.a.p.raft.roles.FollowerRole - RaftServer{3}{role=FOLLOWER} - Sending AppendResponse{status=OK, term=1, succeeded=true, lastLogIndex=39}
11:13:35.371 [raft-server-1] TRACE i.a.p.raft.roles.LeaderAppender - RaftServer{1} - Received AppendResponse{status=OK, term=1, succeeded=true, lastLogIndex=39} from 3
11:13:35.372 [raft-server-1-state] TRACE i.a.p.raft.impl.RaftServiceManager - RaftServer{1} - Applying Indexed{index=39, entry=CommandEntry{term=1, timestamp=2018-05-30 11:13:35,348, session=2, sequence=34, operation=PrimitiveOperation{id=DefaultOperationId{id=write, type=COMMAND}, value=byte[]{length=17, hash=-1644578928}}}}
11:13:35.372 [raft-server-1-state] TRACE i.a.p.s.impl.DefaultServiceExecutor - PrimitiveService{2}{type=PrimitiveType{name=test}, name=test} - Executing DefaultCommit{index=39, session=RaftSession{RaftServiceContext{server=1, type=PrimitiveType{name=test}, name=test, id=2}, session=2, timestamp=2018-05-30 11:13:35,348}, time=2018-05-30 11:13:35,348, operation=DefaultOperationId{id=write, type=COMMAND}, value=byte[]{length=17, hash=-1644578928}}
11:13:35.372 [raft-server-1-state] TRACE i.a.protocols.raft.roles.LeaderRole - RaftServer{1}{role=LEADER} - Sending CommandResponse{status=OK, index=39, eventIndex=2, result=byte[]{length=2, hash=1318}}
11:13:35.372 [raft-server-2] TRACE i.a.p.raft.roles.FollowerRole - RaftServer{2}{role=FOLLOWER} - Sending CommandResponse{status=OK, index=39, eventIndex=2, result=byte[]{length=2, hash=1318}}
11:13:35.373 [raft-client-a5a0def7-e1df-4503-b1c6-00519ae66cf7-0] TRACE i.a.p.r.p.impl.RaftProxyConnection - PartitionProxy{2}{type=PrimitiveType{name=test}, name=test} - Received CommandResponse{status=OK, index=39, eventIndex=2, result=byte[]{length=2, hash=1318}} from 2
11:13:35.373 [raft-client-a5a0def7-e1df-4503-b1c6-00519ae66cf7-0] TRACE i.a.p.r.p.impl.RaftProxySequencer - PartitionProxy{2}{type=PrimitiveType{name=test}, name=test} - Completing response CommandResponse{status=OK, index=39, eventIndex=2, result=byte[]{length=2, hash=1318}}
11:13:35.373 [raft-client-a5a0def7-e1df-4503-b1c6-00519ae66cf7-1] TRACE i.a.p.r.p.impl.RaftProxyConnection - PartitionProxy{2}{type=PrimitiveType{name=test}, name=test} - Sending CommandRequest{session=2, sequence=35, operation=PrimitiveOperation{id=DefaultOperationId{id=write, type=COMMAND}, value=byte[]{length=17, hash=-1644578928}}} to 2
11:13:35.373 [raft-server-2] TRACE i.a.p.raft.roles.FollowerRole - RaftServer{2}{role=FOLLOWER} - Received CommandRequest{session=2, sequence=35, operation=PrimitiveOperation{id=DefaultOperationId{id=write, type=COMMAND}, value=byte[]{length=17, hash=-1644578928}}}
11:13:35.373 [raft-server-1] TRACE i.a.protocols.raft.roles.LeaderRole - RaftServer{1}{role=LEADER} - Received CommandRequest{session=2, sequence=35, operation=PrimitiveOperation{id=DefaultOperationId{id=write, type=COMMAND}, value=byte[]{length=17, hash=-1644578928}}}
11:13:35.374 [raft-server-1] TRACE i.a.protocols.raft.roles.LeaderRole - RaftServer{1}{role=LEADER} - Appended Indexed{index=40, entry=CommandEntry{term=1, timestamp=2018-05-30 11:13:35,373, session=2, sequence=35, operation=PrimitiveOperation{id=DefaultOperationId{id=write, type=COMMAND}, value=byte[]{length=17, hash=-1644578928}}}}
11:13:35.374 [raft-server-1] TRACE i.a.p.raft.roles.LeaderAppender - RaftServer{1} - Sending AppendRequest{term=1, leader=1, prevLogIndex=39, prevLogTerm=1, entries=1, commitIndex=39} to 2
11:13:35.374 [raft-server-2] TRACE i.a.p.raft.roles.FollowerRole - RaftServer{2}{role=FOLLOWER} - Received AppendRequest{term=1, leader=1, prevLogIndex=39, prevLogTerm=1, entries=1, commitIndex=39}
11:13:35.374 [raft-server-1] TRACE i.a.p.raft.roles.LeaderAppender - RaftServer{1} - Sending AppendRequest{term=1, leader=1, prevLogIndex=39, prevLogTerm=1, entries=1, commitIndex=39} to 3
11:13:35.374 [raft-server-3] TRACE i.a.p.raft.roles.FollowerRole - RaftServer{3}{role=FOLLOWER} - Received AppendRequest{term=1, leader=1, prevLogIndex=39, prevLogTerm=1, entries=1, commitIndex=39}
11:13:35.374 [raft-server-2] TRACE i.a.p.raft.roles.FollowerRole - RaftServer{2}{role=FOLLOWER} - Appended Indexed{index=40, entry=CommandEntry{term=1, timestamp=2018-05-30 11:13:35,373, session=2, sequence=35, operation=PrimitiveOperation{id=DefaultOperationId{id=write, type=COMMAND}, value=byte[]{length=17, hash=-1644578928}}}}
11:13:35.374 [raft-server-3] TRACE i.a.p.raft.roles.FollowerRole - RaftServer{3}{role=FOLLOWER} - Appended Indexed{index=40, entry=CommandEntry{term=1, timestamp=2018-05-30 11:13:35,373, session=2, sequence=35, operation=PrimitiveOperation{id=DefaultOperationId{id=write, type=COMMAND}, value=byte[]{length=17, hash=-1644578928}}}}
11:13:35.405 [raft-server-2] TRACE i.a.p.raft.roles.FollowerRole - RaftServer{2}{role=FOLLOWER} - Committed entries up to index 39
11:13:35.405 [raft-server-3] TRACE i.a.p.raft.roles.FollowerRole - RaftServer{3}{role=FOLLOWER} - Committed entries up to index 39
11:13:35.405 [raft-server-2] TRACE i.a.p.raft.roles.FollowerRole - RaftServer{2}{role=FOLLOWER} - Sending AppendResponse{status=OK, term=1, succeeded=true, lastLogIndex=40}
11:13:35.405 [raft-server-3] TRACE i.a.p.raft.roles.FollowerRole - RaftServer{3}{role=FOLLOWER} - Sending AppendResponse{status=OK, term=1, succeeded=true, lastLogIndex=40}
11:13:35.405 [raft-server-1] TRACE i.a.p.raft.roles.LeaderAppender - RaftServer{1} - Received AppendResponse{status=OK, term=1, succeeded=true, lastLogIndex=40} from 2
11:13:35.405 [raft-server-1] TRACE i.a.p.raft.roles.LeaderAppender - RaftServer{1} - Committed entries up to 40
11:13:35.405 [raft-server-3-state] TRACE i.a.p.raft.impl.RaftServiceManager - RaftServer{3} - Applying Indexed{index=39, entry=CommandEntry{term=1, timestamp=2018-05-30 11:13:35,348, session=2, sequence=34, operation=PrimitiveOperation{id=DefaultOperationId{id=write, type=COMMAND}, value=byte[]{length=17, hash=-1644578928}}}}
11:13:35.405 [raft-server-2-state] TRACE i.a.p.raft.impl.RaftServiceManager - RaftServer{2} - Applying Indexed{index=39, entry=CommandEntry{term=1, timestamp=2018-05-30 11:13:35,348, session=2, sequence=34, operation=PrimitiveOperation{id=DefaultOperationId{id=write, type=COMMAND}, value=byte[]{length=17, hash=-1644578928}}}}
11:13:35.405 [raft-server-3-state] TRACE i.a.p.s.impl.DefaultServiceExecutor - PrimitiveService{2}{type=PrimitiveType{name=test}, name=test} - Executing DefaultCommit{index=39, session=RaftSession{RaftServiceContext{server=3, type=PrimitiveType{name=test}, name=test, id=2}, session=2, timestamp=2018-05-30 11:13:35,348}, time=2018-05-30 11:13:35,348, operation=DefaultOperationId{id=write, type=COMMAND}, value=byte[]{length=17, hash=-1644578928}}
11:13:35.405 [raft-server-2-state] TRACE i.a.p.s.impl.DefaultServiceExecutor - PrimitiveService{2}{type=PrimitiveType{name=test}, name=test} - Executing DefaultCommit{index=39, session=RaftSession{RaftServiceContext{server=2, type=PrimitiveType{name=test}, name=test, id=2}, session=2, timestamp=2018-05-30 11:13:35,348}, time=2018-05-30 11:13:35,348, operation=DefaultOperationId{id=write, type=COMMAND}, value=byte[]{length=17, hash=-1644578928}}
11:13:35.438 [raft-server-1] TRACE i.a.p.raft.roles.LeaderAppender - RaftServer{1} - Received AppendResponse{status=OK, term=1, succeeded=true, lastLogIndex=40} from 3
11:13:35.438 [raft-server-1-state] TRACE i.a.p.raft.impl.RaftServiceManager - RaftServer{1} - Applying Indexed{index=40, entry=CommandEntry{term=1, timestamp=2018-05-30 11:13:35,373, session=2, sequence=35, operation=PrimitiveOperation{id=DefaultOperationId{id=write, type=COMMAND}, value=byte[]{length=17, hash=-1644578928}}}}
11:13:35.439 [raft-server-1-state] TRACE i.a.p.s.impl.DefaultServiceExecutor - PrimitiveService{2}{type=PrimitiveType{name=test}, name=test} - Executing DefaultCommit{index=40, session=RaftSession{RaftServiceContext{server=1, type=PrimitiveType{name=test}, name=test, id=2}, session=2, timestamp=2018-05-30 11:13:35,373}, time=2018-05-30 11:13:35,373, operation=DefaultOperationId{id=write, type=COMMAND}, value=byte[]{length=17, hash=-1644578928}}
11:13:35.439 [raft-server-1-state] TRACE i.a.protocols.raft.roles.LeaderRole - RaftServer{1}{role=LEADER} - Sending CommandResponse{status=OK, index=40, eventIndex=2, result=byte[]{length=2, hash=1320}}
11:13:35.439 [raft-server-2] TRACE i.a.p.raft.roles.FollowerRole - RaftServer{2}{role=FOLLOWER} - Sending CommandResponse{status=OK, index=40, eventIndex=2, result=byte[]{length=2, hash=1320}}
11:13:35.439 [raft-client-a5a0def7-e1df-4503-b1c6-00519ae66cf7-5] TRACE i.a.p.r.p.impl.RaftProxyConnection - PartitionProxy{2}{type=PrimitiveType{name=test}, name=test} - Received CommandResponse{status=OK, index=40, eventIndex=2, result=byte[]{length=2, hash=1320}} from 2
11:13:35.439 [raft-client-a5a0def7-e1df-4503-b1c6-00519ae66cf7-5] TRACE i.a.p.r.p.impl.RaftProxySequencer - PartitionProxy{2}{type=PrimitiveType{name=test}, name=test} - Completing response CommandResponse{status=OK, index=40, eventIndex=2, result=byte[]{length=2, hash=1320}}
11:13:35.440 [raft-client-a5a0def7-e1df-4503-b1c6-00519ae66cf7-5] TRACE i.a.p.r.p.impl.RaftProxyConnection - PartitionProxy{2}{type=PrimitiveType{name=test}, name=test} - Sending CommandRequest{session=2, sequence=36, operation=PrimitiveOperation{id=DefaultOperationId{id=write, type=COMMAND}, value=byte[]{length=17, hash=-1644578928}}} to 2
11:13:35.440 [raft-server-2] TRACE i.a.p.raft.roles.FollowerRole - RaftServer{2}{role=FOLLOWER} - Received CommandRequest{session=2, sequence=36, operation=PrimitiveOperation{id=DefaultOperationId{id=write, type=COMMAND}, value=byte[]{length=17, hash=-1644578928}}}
11:13:35.440 [raft-server-1] TRACE i.a.protocols.raft.roles.LeaderRole - RaftServer{1}{role=LEADER} - Received CommandRequest{session=2, sequence=36, operation=PrimitiveOperation{id=DefaultOperationId{id=write, type=COMMAND}, value=byte[]{length=17, hash=-1644578928}}}
11:13:35.496 [raft-server-1] DEBUG i.a.storage.journal.SegmentedJournal - Created disk segment: JournalSegment{id=5, version=1, index=41, size=64}
11:13:35.497 [raft-server-1] TRACE i.a.protocols.raft.roles.LeaderRole - RaftServer{1}{role=LEADER} - Appended Indexed{index=41, entry=CommandEntry{term=1, timestamp=2018-05-30 11:13:35,440, session=2, sequence=36, operation=PrimitiveOperation{id=DefaultOperationId{id=write, type=COMMAND}, value=byte[]{length=17, hash=-1644578928}}}}
11:13:35.497 [raft-server-1] TRACE i.a.p.raft.roles.LeaderAppender - RaftServer{1} - Sending AppendRequest{term=1, leader=1, prevLogIndex=40, prevLogTerm=1, entries=1, commitIndex=40} to 2
11:13:35.497 [raft-server-2] TRACE i.a.p.raft.roles.FollowerRole - RaftServer{2}{role=FOLLOWER} - Received AppendRequest{term=1, leader=1, prevLogIndex=40, prevLogTerm=1, entries=1, commitIndex=40}
11:13:35.497 [raft-server-1] TRACE i.a.p.raft.roles.LeaderAppender - RaftServer{1} - Sending AppendRequest{term=1, leader=1, prevLogIndex=40, prevLogTerm=1, entries=1, commitIndex=40} to 3
11:13:35.497 [raft-server-3] TRACE i.a.p.raft.roles.FollowerRole - RaftServer{3}{role=FOLLOWER} - Received AppendRequest{term=1, leader=1, prevLogIndex=40, prevLogTerm=1, entries=1, commitIndex=40}
11:13:35.571 [raft-server-2] DEBUG i.a.storage.journal.SegmentedJournal - Created disk segment: JournalSegment{id=5, version=1, index=41, size=64}
11:13:35.572 [raft-server-2] TRACE i.a.p.raft.roles.FollowerRole - RaftServer{2}{role=FOLLOWER} - Appended Indexed{index=41, entry=CommandEntry{term=1, timestamp=2018-05-30 11:13:35,440, session=2, sequence=36, operation=PrimitiveOperation{id=DefaultOperationId{id=write, type=COMMAND}, value=byte[]{length=17, hash=-1644578928}}}}
11:13:35.601 [raft-server-3] DEBUG i.a.storage.journal.SegmentedJournal - Created disk segment: JournalSegment{id=5, version=1, index=41, size=64}
11:13:35.602 [raft-server-3] TRACE i.a.p.raft.roles.FollowerRole - RaftServer{3}{role=FOLLOWER} - Appended Indexed{index=41, entry=CommandEntry{term=1, timestamp=2018-05-30 11:13:35,440, session=2, sequence=36, operation=PrimitiveOperation{id=DefaultOperationId{id=write, type=COMMAND}, value=byte[]{length=17, hash=-1644578928}}}}
11:13:35.635 [raft-server-2] TRACE i.a.p.raft.roles.FollowerRole - RaftServer{2}{role=FOLLOWER} - Committed entries up to index 40
11:13:35.635 [raft-server-2] TRACE i.a.p.raft.roles.FollowerRole - RaftServer{2}{role=FOLLOWER} - Sending AppendResponse{status=OK, term=1, succeeded=true, lastLogIndex=41}
11:13:35.635 [raft-server-1] TRACE i.a.p.raft.roles.LeaderAppender - RaftServer{1} - Received AppendResponse{status=OK, term=1, succeeded=true, lastLogIndex=41} from 2
11:13:35.635 [raft-server-1] TRACE i.a.p.raft.roles.LeaderAppender - RaftServer{1} - Committed entries up to 41
11:13:35.635 [raft-server-2-state] TRACE i.a.p.raft.impl.RaftServiceManager - RaftServer{2} - Applying Indexed{index=40, entry=CommandEntry{term=1, timestamp=2018-05-30 11:13:35,373, session=2, sequence=35, operation=PrimitiveOperation{id=DefaultOperationId{id=write, type=COMMAND}, value=byte[]{length=17, hash=-1644578928}}}}
11:13:35.635 [raft-server-2-state] TRACE i.a.p.s.impl.DefaultServiceExecutor - PrimitiveService{2}{type=PrimitiveType{name=test}, name=test} - Executing DefaultCommit{index=40, session=RaftSession{RaftServiceContext{server=2, type=PrimitiveType{name=test}, name=test, id=2}, session=2, timestamp=2018-05-30 11:13:35,373}, time=2018-05-30 11:13:35,373, operation=DefaultOperationId{id=write, type=COMMAND}, value=byte[]{length=17, hash=-1644578928}}
11:13:35.671 [raft-server-3] TRACE i.a.p.raft.roles.FollowerRole - RaftServer{3}{role=FOLLOWER} - Committed entries up to index 40
11:13:35.671 [raft-server-3] TRACE i.a.p.raft.roles.FollowerRole - RaftServer{3}{role=FOLLOWER} - Sending AppendResponse{status=OK, term=1, succeeded=true, lastLogIndex=41}
11:13:35.672 [raft-server-3-state] TRACE i.a.p.raft.impl.RaftServiceManager - RaftServer{3} - Applying Indexed{index=40, entry=CommandEntry{term=1, timestamp=2018-05-30 11:13:35,373, session=2, sequence=35, operation=PrimitiveOperation{id=DefaultOperationId{id=write, type=COMMAND}, value=byte[]{length=17, hash=-1644578928}}}}
11:13:35.672 [raft-server-3-state] TRACE i.a.p.s.impl.DefaultServiceExecutor - PrimitiveService{2}{type=PrimitiveType{name=test}, name=test} - Executing DefaultCommit{index=40, session=RaftSession{RaftServiceContext{server=3, type=PrimitiveType{name=test}, name=test, id=2}, session=2, timestamp=2018-05-30 11:13:35,373}, time=2018-05-30 11:13:35,373, operation=DefaultOperationId{id=write, type=COMMAND}, value=byte[]{length=17, hash=-1644578928}}
11:13:35.693 [raft-server-1] TRACE i.a.p.raft.roles.LeaderAppender - RaftServer{1} - Sending AppendRequest{term=1, leader=1, prevLogIndex=41, prevLogTerm=1, entries=0, commitIndex=41} to 2
11:13:35.693 [raft-server-2] TRACE i.a.p.raft.roles.FollowerRole - RaftServer{2}{role=FOLLOWER} - Received AppendRequest{term=1, leader=1, prevLogIndex=41, prevLogTerm=1, entries=0, commitIndex=41}
11:13:35.693 [raft-server-1] TRACE i.a.p.raft.roles.LeaderAppender - RaftServer{1} - Received AppendResponse{status=OK, term=1, succeeded=true, lastLogIndex=41} from 3
11:13:35.694 [raft-server-1] TRACE i.a.p.raft.roles.LeaderAppender - RaftServer{1} - Sending AppendRequest{term=1, leader=1, prevLogIndex=41, prevLogTerm=1, entries=0, commitIndex=41} to 3
11:13:35.694 [raft-server-3] TRACE i.a.p.raft.roles.FollowerRole - RaftServer{3}{role=FOLLOWER} - Received AppendRequest{term=1, leader=1, prevLogIndex=41, prevLogTerm=1, entries=0, commitIndex=41}
11:13:35.694 [raft-server-1-state] TRACE i.a.p.raft.impl.RaftServiceManager - RaftServer{1} - Applying Indexed{index=41, entry=CommandEntry{term=1, timestamp=2018-05-30 11:13:35,440, session=2, sequence=36, operation=PrimitiveOperation{id=DefaultOperationId{id=write, type=COMMAND}, value=byte[]{length=17, hash=-1644578928}}}}
11:13:35.694 [raft-server-1-state] TRACE i.a.p.s.impl.DefaultServiceExecutor - PrimitiveService{2}{type=PrimitiveType{name=test}, name=test} - Executing DefaultCommit{index=41, session=RaftSession{RaftServiceContext{server=1, type=PrimitiveType{name=test}, name=test, id=2}, session=2, timestamp=2018-05-30 11:13:35,440}, time=2018-05-30 11:13:35,440, operation=DefaultOperationId{id=write, type=COMMAND}, value=byte[]{length=17, hash=-1644578928}}
11:13:35.694 [raft-server-1-state] TRACE i.a.protocols.raft.roles.LeaderRole - RaftServer{1}{role=LEADER} - Sending CommandResponse{status=OK, index=41, eventIndex=2, result=byte[]{length=2, hash=1322}}
11:13:35.718 [raft-server-2] TRACE i.a.p.raft.roles.FollowerRole - RaftServer{2}{role=FOLLOWER} - Committed entries up to index 41
11:13:35.718 [raft-server-2] TRACE i.a.p.raft.roles.FollowerRole - RaftServer{2}{role=FOLLOWER} - Sending AppendResponse{status=OK, term=1, succeeded=true, lastLogIndex=41}
11:13:35.718 [raft-server-1] TRACE i.a.p.raft.roles.LeaderAppender - RaftServer{1} - Received AppendResponse{status=OK, term=1, succeeded=true, lastLogIndex=41} from 2
11:13:35.718 [raft-server-2] TRACE i.a.p.raft.roles.FollowerRole - RaftServer{2}{role=FOLLOWER} - Sending CommandResponse{status=OK, index=41, eventIndex=2, result=byte[]{length=2, hash=1322}}
11:13:35.719 [raft-client-a5a0def7-e1df-4503-b1c6-00519ae66cf7-3] TRACE i.a.p.r.p.impl.RaftProxyConnection - PartitionProxy{2}{type=PrimitiveType{name=test}, name=test} - Received CommandResponse{status=OK, index=41, eventIndex=2, result=byte[]{length=2, hash=1322}} from 2
11:13:35.719 [raft-client-a5a0def7-e1df-4503-b1c6-00519ae66cf7-3] TRACE i.a.p.r.p.impl.RaftProxySequencer - PartitionProxy{2}{type=PrimitiveType{name=test}, name=test} - Completing response CommandResponse{status=OK, index=41, eventIndex=2, result=byte[]{length=2, hash=1322}}
11:13:35.719 [raft-server-2-state] TRACE i.a.p.raft.impl.RaftServiceManager - RaftServer{2} - Applying Indexed{index=41, entry=CommandEntry{term=1, timestamp=2018-05-30 11:13:35,440, session=2, sequence=36, operation=PrimitiveOperation{id=DefaultOperationId{id=write, type=COMMAND}, value=byte[]{length=17, hash=-1644578928}}}}
11:13:35.719 [raft-server-2-state] TRACE i.a.p.s.impl.DefaultServiceExecutor - PrimitiveService{2}{type=PrimitiveType{name=test}, name=test} - Executing DefaultCommit{index=41, session=RaftSession{RaftServiceContext{server=2, type=PrimitiveType{name=test}, name=test, id=2}, session=2, timestamp=2018-05-30 11:13:35,440}, time=2018-05-30 11:13:35,440, operation=DefaultOperationId{id=write, type=COMMAND}, value=byte[]{length=17, hash=-1644578928}}
11:13:35.719 [raft-client-a5a0def7-e1df-4503-b1c6-00519ae66cf7-6] TRACE i.a.p.r.p.impl.RaftProxyConnection - PartitionProxy{2}{type=PrimitiveType{name=test}, name=test} - Sending CommandRequest{session=2, sequence=37, operation=PrimitiveOperation{id=DefaultOperationId{id=write, type=COMMAND}, value=byte[]{length=17, hash=-1644578928}}} to 2
11:13:35.719 [raft-server-2] TRACE i.a.p.raft.roles.FollowerRole - RaftServer{2}{role=FOLLOWER} - Received CommandRequest{session=2, sequence=37, operation=PrimitiveOperation{id=DefaultOperationId{id=write, type=COMMAND}, value=byte[]{length=17, hash=-1644578928}}}
11:13:35.719 [raft-server-1] TRACE i.a.protocols.raft.roles.LeaderRole - RaftServer{1}{role=LEADER} - Received CommandRequest{session=2, sequence=37, operation=PrimitiveOperation{id=DefaultOperationId{id=write, type=COMMAND}, value=byte[]{length=17, hash=-1644578928}}}
11:13:35.720 [raft-server-1] TRACE i.a.protocols.raft.roles.LeaderRole - RaftServer{1}{role=LEADER} - Appended Indexed{index=42, entry=CommandEntry{term=1, timestamp=2018-05-30 11:13:35,720, session=2, sequence=37, operation=PrimitiveOperation{id=DefaultOperationId{id=write, type=COMMAND}, value=byte[]{length=17, hash=-1644578928}}}}
11:13:35.720 [raft-server-1] TRACE i.a.p.raft.roles.LeaderAppender - RaftServer{1} - Sending AppendRequest{term=1, leader=1, prevLogIndex=41, prevLogTerm=1, entries=1, commitIndex=41} to 2
11:13:35.720 [raft-server-2] TRACE i.a.p.raft.roles.FollowerRole - RaftServer{2}{role=FOLLOWER} - Received AppendRequest{term=1, leader=1, prevLogIndex=41, prevLogTerm=1, entries=1, commitIndex=41}
11:13:35.720 [raft-server-2] TRACE i.a.p.raft.roles.FollowerRole - RaftServer{2}{role=FOLLOWER} - Appended Indexed{index=42, entry=CommandEntry{term=1, timestamp=2018-05-30 11:13:35,720, session=2, sequence=37, operation=PrimitiveOperation{id=DefaultOperationId{id=write, type=COMMAND}, value=byte[]{length=17, hash=-1644578928}}}}
11:13:35.720 [raft-server-2] TRACE i.a.p.raft.roles.FollowerRole - RaftServer{2}{role=FOLLOWER} - Sending AppendResponse{status=OK, term=1, succeeded=true, lastLogIndex=42}
11:13:35.720 [raft-server-1] TRACE i.a.p.raft.roles.LeaderAppender - RaftServer{1} - Received AppendResponse{status=OK, term=1, succeeded=true, lastLogIndex=42} from 2
11:13:35.720 [raft-server-1] TRACE i.a.p.raft.roles.LeaderAppender - RaftServer{1} - Committed entries up to 42
11:13:35.741 [raft-server-3] TRACE i.a.p.raft.roles.FollowerRole - RaftServer{3}{role=FOLLOWER} - Committed entries up to index 41
11:13:35.741 [raft-server-3] TRACE i.a.p.raft.roles.FollowerRole - RaftServer{3}{role=FOLLOWER} - Sending AppendResponse{status=OK, term=1, succeeded=true, lastLogIndex=41}
11:13:35.742 [raft-server-3-state] TRACE i.a.p.raft.impl.RaftServiceManager - RaftServer{3} - Applying Indexed{index=41, entry=CommandEntry{term=1, timestamp=2018-05-30 11:13:35,440, session=2, sequence=36, operation=PrimitiveOperation{id=DefaultOperationId{id=write, type=COMMAND}, value=byte[]{length=17, hash=-1644578928}}}}
11:13:35.742 [raft-server-3-state] TRACE i.a.p.s.impl.DefaultServiceExecutor - PrimitiveService{2}{type=PrimitiveType{name=test}, name=test} - Executing DefaultCommit{index=41, session=RaftSession{RaftServiceContext{server=3, type=PrimitiveType{name=test}, name=test, id=2}, session=2, timestamp=2018-05-30 11:13:35,440}, time=2018-05-30 11:13:35,440, operation=DefaultOperationId{id=write, type=COMMAND}, value=byte[]{length=17, hash=-1644578928}}
11:13:35.763 [raft-server-1] TRACE i.a.p.raft.roles.LeaderAppender - RaftServer{1} - Received AppendResponse{status=OK, term=1, succeeded=true, lastLogIndex=41} from 3
11:13:35.763 [raft-server-1] TRACE i.a.p.raft.roles.LeaderAppender - RaftServer{1} - Sending AppendRequest{term=1, leader=1, prevLogIndex=41, prevLogTerm=1, entries=1, commitIndex=42} to 3
11:13:35.763 [raft-server-3] TRACE i.a.p.raft.roles.FollowerRole - RaftServer{3}{role=FOLLOWER} - Received AppendRequest{term=1, leader=1, prevLogIndex=41, prevLogTerm=1, entries=1, commitIndex=42}
11:13:35.764 [raft-server-1-state] TRACE i.a.p.raft.impl.RaftServiceManager - RaftServer{1} - Applying Indexed{index=42, entry=CommandEntry{term=1, timestamp=2018-05-30 11:13:35,720, session=2, sequence=37, operation=PrimitiveOperation{id=DefaultOperationId{id=write, type=COMMAND}, value=byte[]{length=17, hash=-1644578928}}}}
11:13:35.764 [raft-server-3] TRACE i.a.p.raft.roles.FollowerRole - RaftServer{3}{role=FOLLOWER} - Appended Indexed{index=42, entry=CommandEntry{term=1, timestamp=2018-05-30 11:13:35,720, session=2, sequence=37, operation=PrimitiveOperation{id=DefaultOperationId{id=write, type=COMMAND}, value=byte[]{length=17, hash=-1644578928}}}}
11:13:35.764 [raft-server-1-state] TRACE i.a.p.s.impl.DefaultServiceExecutor - PrimitiveService{2}{type=PrimitiveType{name=test}, name=test} - Executing DefaultCommit{index=42, session=RaftSession{RaftServiceContext{server=1, type=PrimitiveType{name=test}, name=test, id=2}, session=2, timestamp=2018-05-30 11:13:35,720}, time=2018-05-30 11:13:35,720, operation=DefaultOperationId{id=write, type=COMMAND}, value=byte[]{length=17, hash=-1644578928}}
11:13:35.764 [raft-server-1-state] TRACE i.a.protocols.raft.roles.LeaderRole - RaftServer{1}{role=LEADER} - Sending CommandResponse{status=OK, index=42, eventIndex=2, result=byte[]{length=2, hash=1324}}
11:13:35.764 [raft-server-2] TRACE i.a.p.raft.roles.FollowerRole - RaftServer{2}{role=FOLLOWER} - Sending CommandResponse{status=OK, index=42, eventIndex=2, result=byte[]{length=2, hash=1324}}
11:13:35.765 [raft-client-a5a0def7-e1df-4503-b1c6-00519ae66cf7-0] TRACE i.a.p.r.p.impl.RaftProxyConnection - PartitionProxy{2}{type=PrimitiveType{name=test}, name=test} - Received CommandResponse{status=OK, index=42, eventIndex=2, result=byte[]{length=2, hash=1324}} from 2
11:13:35.765 [raft-client-a5a0def7-e1df-4503-b1c6-00519ae66cf7-0] TRACE i.a.p.r.p.impl.RaftProxySequencer - PartitionProxy{2}{type=PrimitiveType{name=test}, name=test} - Completing response CommandResponse{status=OK, index=42, eventIndex=2, result=byte[]{length=2, hash=1324}}
11:13:35.765 [raft-client-a5a0def7-e1df-4503-b1c6-00519ae66cf7-7] TRACE i.a.p.r.p.impl.RaftProxyConnection - PartitionProxy{2}{type=PrimitiveType{name=test}, name=test} - Sending CommandRequest{session=2, sequence=38, operation=PrimitiveOperation{id=DefaultOperationId{id=write, type=COMMAND}, value=byte[]{length=17, hash=-1644578928}}} to 2
11:13:35.766 [raft-server-2] TRACE i.a.p.raft.roles.FollowerRole - RaftServer{2}{role=FOLLOWER} - Received CommandRequest{session=2, sequence=38, operation=PrimitiveOperation{id=DefaultOperationId{id=write, type=COMMAND}, value=byte[]{length=17, hash=-1644578928}}}
11:13:35.766 [raft-server-1] TRACE i.a.protocols.raft.roles.LeaderRole - RaftServer{1}{role=LEADER} - Received CommandRequest{session=2, sequence=38, operation=PrimitiveOperation{id=DefaultOperationId{id=write, type=COMMAND}, value=byte[]{length=17, hash=-1644578928}}}
11:13:35.766 [raft-server-1] TRACE i.a.protocols.raft.roles.LeaderRole - RaftServer{1}{role=LEADER} - Appended Indexed{index=43, entry=CommandEntry{term=1, timestamp=2018-05-30 11:13:35,766, session=2, sequence=38, operation=PrimitiveOperation{id=DefaultOperationId{id=write, type=COMMAND}, value=byte[]{length=17, hash=-1644578928}}}}
11:13:35.766 [raft-server-1] TRACE i.a.p.raft.roles.LeaderAppender - RaftServer{1} - Sending AppendRequest{term=1, leader=1, prevLogIndex=42, prevLogTerm=1, entries=1, commitIndex=42} to 2
11:13:35.766 [raft-server-2] TRACE i.a.p.raft.roles.FollowerRole - RaftServer{2}{role=FOLLOWER} - Received AppendRequest{term=1, leader=1, prevLogIndex=42, prevLogTerm=1, entries=1, commitIndex=42}
11:13:35.767 [raft-server-2] TRACE i.a.p.raft.roles.FollowerRole - RaftServer{2}{role=FOLLOWER} - Appended Indexed{index=43, entry=CommandEntry{term=1, timestamp=2018-05-30 11:13:35,766, session=2, sequence=38, operation=PrimitiveOperation{id=DefaultOperationId{id=write, type=COMMAND}, value=byte[]{length=17, hash=-1644578928}}}}
11:13:35.801 [raft-server-3] TRACE i.a.p.raft.roles.FollowerRole - RaftServer{3}{role=FOLLOWER} - Committed entries up to index 42
11:13:35.801 [raft-server-3] TRACE i.a.p.raft.roles.FollowerRole - RaftServer{3}{role=FOLLOWER} - Sending AppendResponse{status=OK, term=1, succeeded=true, lastLogIndex=42}
11:13:35.802 [raft-server-1] TRACE i.a.p.raft.roles.LeaderAppender - RaftServer{1} - Received AppendResponse{status=OK, term=1, succeeded=true, lastLogIndex=42} from 3
11:13:35.802 [raft-server-3-state] TRACE i.a.p.raft.impl.RaftServiceManager - RaftServer{3} - Applying Indexed{index=42, entry=CommandEntry{term=1, timestamp=2018-05-30 11:13:35,720, session=2, sequence=37, operation=PrimitiveOperation{id=DefaultOperationId{id=write, type=COMMAND}, value=byte[]{length=17, hash=-1644578928}}}}
11:13:35.802 [raft-server-1] TRACE i.a.p.raft.roles.LeaderAppender - RaftServer{1} - Sending AppendRequest{term=1, leader=1, prevLogIndex=42, prevLogTerm=1, entries=1, commitIndex=42} to 3
11:13:35.802 [raft-server-3-state] TRACE i.a.p.s.impl.DefaultServiceExecutor - PrimitiveService{2}{type=PrimitiveType{name=test}, name=test} - Executing DefaultCommit{index=42, session=RaftSession{RaftServiceContext{server=3, type=PrimitiveType{name=test}, name=test, id=2}, session=2, timestamp=2018-05-30 11:13:35,720}, time=2018-05-30 11:13:35,720, operation=DefaultOperationId{id=write, type=COMMAND}, value=byte[]{length=17, hash=-1644578928}}
11:13:35.802 [raft-server-3] TRACE i.a.p.raft.roles.FollowerRole - RaftServer{3}{role=FOLLOWER} - Received AppendRequest{term=1, leader=1, prevLogIndex=42, prevLogTerm=1, entries=1, commitIndex=42}
11:13:35.802 [raft-server-3] TRACE i.a.p.raft.roles.FollowerRole - RaftServer{3}{role=FOLLOWER} - Appended Indexed{index=43, entry=CommandEntry{term=1, timestamp=2018-05-30 11:13:35,766, session=2, sequence=38, operation=PrimitiveOperation{id=DefaultOperationId{id=write, type=COMMAND}, value=byte[]{length=17, hash=-1644578928}}}}
11:13:35.803 [raft-server-3] TRACE i.a.p.raft.roles.FollowerRole - RaftServer{3}{role=FOLLOWER} - Sending AppendResponse{status=OK, term=1, succeeded=true, lastLogIndex=43}
11:13:35.803 [raft-server-1] TRACE i.a.p.raft.roles.LeaderAppender - RaftServer{1} - Received AppendResponse{status=OK, term=1, succeeded=true, lastLogIndex=43} from 3
11:13:35.803 [raft-server-1] TRACE i.a.p.raft.roles.LeaderAppender - RaftServer{1} - Committed entries up to 43
11:13:35.835 [raft-server-2] TRACE i.a.p.raft.roles.FollowerRole - RaftServer{2}{role=FOLLOWER} - Committed entries up to index 42
11:13:35.835 [raft-server-2] TRACE i.a.p.raft.roles.FollowerRole - RaftServer{2}{role=FOLLOWER} - Sending AppendResponse{status=OK, term=1, succeeded=true, lastLogIndex=43}
11:13:35.835 [raft-server-2-state] TRACE i.a.p.raft.impl.RaftServiceManager - RaftServer{2} - Applying Indexed{index=42, entry=CommandEntry{term=1, timestamp=2018-05-30 11:13:35,720, session=2, sequence=37, operation=PrimitiveOperation{id=DefaultOperationId{id=write, type=COMMAND}, value=byte[]{length=17, hash=-1644578928}}}}
11:13:35.835 [raft-server-2-state] TRACE i.a.p.s.impl.DefaultServiceExecutor - PrimitiveService{2}{type=PrimitiveType{name=test}, name=test} - Executing DefaultCommit{index=42, session=RaftSession{RaftServiceContext{server=2, type=PrimitiveType{name=test}, name=test, id=2}, session=2, timestamp=2018-05-30 11:13:35,720}, time=2018-05-30 11:13:35,720, operation=DefaultOperationId{id=write, type=COMMAND}, value=byte[]{length=17, hash=-1644578928}}
11:13:35.860 [raft-server-1] TRACE i.a.p.raft.roles.LeaderAppender - RaftServer{1} - Received AppendResponse{status=OK, term=1, succeeded=true, lastLogIndex=43} from 2
11:13:35.860 [raft-server-1-state] TRACE i.a.p.raft.impl.RaftServiceManager - RaftServer{1} - Applying Indexed{index=43, entry=CommandEntry{term=1, timestamp=2018-05-30 11:13:35,766, session=2, sequence=38, operation=PrimitiveOperation{id=DefaultOperationId{id=write, type=COMMAND}, value=byte[]{length=17, hash=-1644578928}}}}
11:13:35.860 [raft-server-1-state] TRACE i.a.p.s.impl.DefaultServiceExecutor - PrimitiveService{2}{type=PrimitiveType{name=test}, name=test} - Executing DefaultCommit{index=43, session=RaftSession{RaftServiceContext{server=1, type=PrimitiveType{name=test}, name=test, id=2}, session=2, timestamp=2018-05-30 11:13:35,766}, time=2018-05-30 11:13:35,766, operation=DefaultOperationId{id=write, type=COMMAND}, value=byte[]{length=17, hash=-1644578928}}
11:13:35.861 [raft-server-1-state] TRACE i.a.protocols.raft.roles.LeaderRole - RaftServer{1}{role=LEADER} - Sending CommandResponse{status=OK, index=43, eventIndex=2, result=byte[]{length=2, hash=1326}}
11:13:35.861 [raft-server-2] TRACE i.a.p.raft.roles.FollowerRole - RaftServer{2}{role=FOLLOWER} - Sending CommandResponse{status=OK, index=43, eventIndex=2, result=byte[]{length=2, hash=1326}}
11:13:35.861 [raft-client-a5a0def7-e1df-4503-b1c6-00519ae66cf7-4] TRACE i.a.p.r.p.impl.RaftProxyConnection - PartitionProxy{2}{type=PrimitiveType{name=test}, name=test} - Received CommandResponse{status=OK, index=43, eventIndex=2, result=byte[]{length=2, hash=1326}} from 2
11:13:35.861 [raft-client-a5a0def7-e1df-4503-b1c6-00519ae66cf7-4] TRACE i.a.p.r.p.impl.RaftProxySequencer - PartitionProxy{2}{type=PrimitiveType{name=test}, name=test} - Completing response CommandResponse{status=OK, index=43, eventIndex=2, result=byte[]{length=2, hash=1326}}
11:13:35.861 [raft-client-a5a0def7-e1df-4503-b1c6-00519ae66cf7-0] TRACE i.a.p.r.p.impl.RaftProxyConnection - PartitionProxy{2}{type=PrimitiveType{name=test}, name=test} - Sending CommandRequest{session=2, sequence=39, operation=PrimitiveOperation{id=DefaultOperationId{id=write, type=COMMAND}, value=byte[]{length=17, hash=-1644578928}}} to 2
11:13:35.861 [raft-server-2] TRACE i.a.p.raft.roles.FollowerRole - RaftServer{2}{role=FOLLOWER} - Received CommandRequest{session=2, sequence=39, operation=PrimitiveOperation{id=DefaultOperationId{id=write, type=COMMAND}, value=byte[]{length=17, hash=-1644578928}}}
11:13:35.861 [raft-server-1] TRACE i.a.protocols.raft.roles.LeaderRole - RaftServer{1}{role=LEADER} - Received CommandRequest{session=2, sequence=39, operation=PrimitiveOperation{id=DefaultOperationId{id=write, type=COMMAND}, value=byte[]{length=17, hash=-1644578928}}}
11:13:35.862 [raft-server-1] TRACE i.a.protocols.raft.roles.LeaderRole - RaftServer{1}{role=LEADER} - Appended Indexed{index=44, entry=CommandEntry{term=1, timestamp=2018-05-30 11:13:35,862, session=2, sequence=39, operation=PrimitiveOperation{id=DefaultOperationId{id=write, type=COMMAND}, value=byte[]{length=17, hash=-1644578928}}}}
11:13:35.862 [raft-server-1] TRACE i.a.p.raft.roles.LeaderAppender - RaftServer{1} - Sending AppendRequest{term=1, leader=1, prevLogIndex=43, prevLogTerm=1, entries=1, commitIndex=43} to 2
11:13:35.862 [raft-server-2] TRACE i.a.p.raft.roles.FollowerRole - RaftServer{2}{role=FOLLOWER} - Received AppendRequest{term=1, leader=1, prevLogIndex=43, prevLogTerm=1, entries=1, commitIndex=43}
11:13:35.862 [raft-server-1] TRACE i.a.p.raft.roles.LeaderAppender - RaftServer{1} - Sending AppendRequest{term=1, leader=1, prevLogIndex=43, prevLogTerm=1, entries=1, commitIndex=43} to 3
11:13:35.862 [raft-server-3] TRACE i.a.p.raft.roles.FollowerRole - RaftServer{3}{role=FOLLOWER} - Received AppendRequest{term=1, leader=1, prevLogIndex=43, prevLogTerm=1, entries=1, commitIndex=43}
11:13:35.862 [raft-server-2] TRACE i.a.p.raft.roles.FollowerRole - RaftServer{2}{role=FOLLOWER} - Appended Indexed{index=44, entry=CommandEntry{term=1, timestamp=2018-05-30 11:13:35,862, session=2, sequence=39, operation=PrimitiveOperation{id=DefaultOperationId{id=write, type=COMMAND}, value=byte[]{length=17, hash=-1644578928}}}}
11:13:35.862 [raft-server-3] TRACE i.a.p.raft.roles.FollowerRole - RaftServer{3}{role=FOLLOWER} - Appended Indexed{index=44, entry=CommandEntry{term=1, timestamp=2018-05-30 11:13:35,862, session=2, sequence=39, operation=PrimitiveOperation{id=DefaultOperationId{id=write, type=COMMAND}, value=byte[]{length=17, hash=-1644578928}}}}
11:13:35.896 [raft-server-2] TRACE i.a.p.raft.roles.FollowerRole - RaftServer{2}{role=FOLLOWER} - Committed entries up to index 43
11:13:35.896 [raft-server-3] TRACE i.a.p.raft.roles.FollowerRole - RaftServer{3}{role=FOLLOWER} - Committed entries up to index 43
11:13:35.896 [raft-server-2] TRACE i.a.p.raft.roles.FollowerRole - RaftServer{2}{role=FOLLOWER} - Sending AppendResponse{status=OK, term=1, succeeded=true, lastLogIndex=44}
11:13:35.896 [raft-server-3] TRACE i.a.p.raft.roles.FollowerRole - RaftServer{3}{role=FOLLOWER} - Sending AppendResponse{status=OK, term=1, succeeded=true, lastLogIndex=44}
11:13:35.897 [raft-server-1] TRACE i.a.p.raft.roles.LeaderAppender - RaftServer{1} - Received AppendResponse{status=OK, term=1, succeeded=true, lastLogIndex=44} from 3
11:13:35.897 [raft-server-2-state] TRACE i.a.p.raft.impl.RaftServiceManager - RaftServer{2} - Applying Indexed{index=43, entry=CommandEntry{term=1, timestamp=2018-05-30 11:13:35,766, session=2, sequence=38, operation=PrimitiveOperation{id=DefaultOperationId{id=write, type=COMMAND}, value=byte[]{length=17, hash=-1644578928}}}}
11:13:35.897 [raft-server-1] TRACE i.a.p.raft.roles.LeaderAppender - RaftServer{1} - Committed entries up to 44
11:13:35.897 [raft-server-2-state] TRACE i.a.p.s.impl.DefaultServiceExecutor - PrimitiveService{2}{type=PrimitiveType{name=test}, name=test} - Executing DefaultCommit{index=43, session=RaftSession{RaftServiceContext{server=2, type=PrimitiveType{name=test}, name=test, id=2}, session=2, timestamp=2018-05-30 11:13:35,766}, time=2018-05-30 11:13:35,766, operation=DefaultOperationId{id=write, type=COMMAND}, value=byte[]{length=17, hash=-1644578928}}
11:13:35.897 [raft-server-3-state] TRACE i.a.p.raft.impl.RaftServiceManager - RaftServer{3} - Applying Indexed{index=43, entry=CommandEntry{term=1, timestamp=2018-05-30 11:13:35,766, session=2, sequence=38, operation=PrimitiveOperation{id=DefaultOperationId{id=write, type=COMMAND}, value=byte[]{length=17, hash=-1644578928}}}}
11:13:35.897 [raft-server-3-state] TRACE i.a.p.s.impl.DefaultServiceExecutor - PrimitiveService{2}{type=PrimitiveType{name=test}, name=test} - Executing DefaultCommit{index=43, session=RaftSession{RaftServiceContext{server=3, type=PrimitiveType{name=test}, name=test, id=2}, session=2, timestamp=2018-05-30 11:13:35,766}, time=2018-05-30 11:13:35,766, operation=DefaultOperationId{id=write, type=COMMAND}, value=byte[]{length=17, hash=-1644578928}}
11:13:35.930 [raft-server-1] TRACE i.a.p.raft.roles.LeaderAppender - RaftServer{1} - Received AppendResponse{status=OK, term=1, succeeded=true, lastLogIndex=44} from 2
11:13:35.930 [raft-server-1-state] TRACE i.a.p.raft.impl.RaftServiceManager - RaftServer{1} - Applying Indexed{index=44, entry=CommandEntry{term=1, timestamp=2018-05-30 11:13:35,862, session=2, sequence=39, operation=PrimitiveOperation{id=DefaultOperationId{id=write, type=COMMAND}, value=byte[]{length=17, hash=-1644578928}}}}
11:13:35.930 [raft-server-1-state] TRACE i.a.p.s.impl.DefaultServiceExecutor - PrimitiveService{2}{type=PrimitiveType{name=test}, name=test} - Executing DefaultCommit{index=44, session=RaftSession{RaftServiceContext{server=1, type=PrimitiveType{name=test}, name=test, id=2}, session=2, timestamp=2018-05-30 11:13:35,862}, time=2018-05-30 11:13:35,862, operation=DefaultOperationId{id=write, type=COMMAND}, value=byte[]{length=17, hash=-1644578928}}
11:13:35.931 [raft-server-1-state] TRACE i.a.protocols.raft.roles.LeaderRole - RaftServer{1}{role=LEADER} - Sending CommandResponse{status=OK, index=44, eventIndex=2, result=byte[]{length=2, hash=1328}}
11:13:35.931 [raft-server-2] TRACE i.a.p.raft.roles.FollowerRole - RaftServer{2}{role=FOLLOWER} - Sending CommandResponse{status=OK, index=44, eventIndex=2, result=byte[]{length=2, hash=1328}}
11:13:35.931 [raft-client-a5a0def7-e1df-4503-b1c6-00519ae66cf7-3] TRACE i.a.p.r.p.impl.RaftProxyConnection - PartitionProxy{2}{type=PrimitiveType{name=test}, name=test} - Received CommandResponse{status=OK, index=44, eventIndex=2, result=byte[]{length=2, hash=1328}} from 2
11:13:35.931 [raft-client-a5a0def7-e1df-4503-b1c6-00519ae66cf7-3] TRACE i.a.p.r.p.impl.RaftProxySequencer - PartitionProxy{2}{type=PrimitiveType{name=test}, name=test} - Completing response CommandResponse{status=OK, index=44, eventIndex=2, result=byte[]{length=2, hash=1328}}
11:13:35.931 [raft-client-a5a0def7-e1df-4503-b1c6-00519ae66cf7-2] TRACE i.a.p.r.p.impl.RaftProxyConnection - PartitionProxy{2}{type=PrimitiveType{name=test}, name=test} - Sending CommandRequest{session=2, sequence=40, operation=PrimitiveOperation{id=DefaultOperationId{id=write, type=COMMAND}, value=byte[]{length=17, hash=-1644578928}}} to 2
11:13:35.932 [raft-server-2] TRACE i.a.p.raft.roles.FollowerRole - RaftServer{2}{role=FOLLOWER} - Received CommandRequest{session=2, sequence=40, operation=PrimitiveOperation{id=DefaultOperationId{id=write, type=COMMAND}, value=byte[]{length=17, hash=-1644578928}}}
11:13:35.932 [raft-server-1] TRACE i.a.protocols.raft.roles.LeaderRole - RaftServer{1}{role=LEADER} - Received CommandRequest{session=2, sequence=40, operation=PrimitiveOperation{id=DefaultOperationId{id=write, type=COMMAND}, value=byte[]{length=17, hash=-1644578928}}}
11:13:35.932 [raft-server-1] TRACE i.a.protocols.raft.roles.LeaderRole - RaftServer{1}{role=LEADER} - Appended Indexed{index=45, entry=CommandEntry{term=1, timestamp=2018-05-30 11:13:35,932, session=2, sequence=40, operation=PrimitiveOperation{id=DefaultOperationId{id=write, type=COMMAND}, value=byte[]{length=17, hash=-1644578928}}}}
11:13:35.932 [raft-server-1] TRACE i.a.p.raft.roles.LeaderAppender - RaftServer{1} - Sending AppendRequest{term=1, leader=1, prevLogIndex=44, prevLogTerm=1, entries=1, commitIndex=44} to 2
11:13:35.932 [raft-server-1] TRACE i.a.p.raft.roles.LeaderAppender - RaftServer{1} - Sending AppendRequest{term=1, leader=1, prevLogIndex=44, prevLogTerm=1, entries=1, commitIndex=44} to 3
11:13:35.932 [raft-server-2] TRACE i.a.p.raft.roles.FollowerRole - RaftServer{2}{role=FOLLOWER} - Received AppendRequest{term=1, leader=1, prevLogIndex=44, prevLogTerm=1, entries=1, commitIndex=44}
11:13:35.932 [raft-server-3] TRACE i.a.p.raft.roles.FollowerRole - RaftServer{3}{role=FOLLOWER} - Received AppendRequest{term=1, leader=1, prevLogIndex=44, prevLogTerm=1, entries=1, commitIndex=44}
11:13:35.933 [raft-server-2] TRACE i.a.p.raft.roles.FollowerRole - RaftServer{2}{role=FOLLOWER} - Appended Indexed{index=45, entry=CommandEntry{term=1, timestamp=2018-05-30 11:13:35,932, session=2, sequence=40, operation=PrimitiveOperation{id=DefaultOperationId{id=write, type=COMMAND}, value=byte[]{length=17, hash=-1644578928}}}}
11:13:35.933 [raft-server-3] TRACE i.a.p.raft.roles.FollowerRole - RaftServer{3}{role=FOLLOWER} - Appended Indexed{index=45, entry=CommandEntry{term=1, timestamp=2018-05-30 11:13:35,932, session=2, sequence=40, operation=PrimitiveOperation{id=DefaultOperationId{id=write, type=COMMAND}, value=byte[]{length=17, hash=-1644578928}}}}
11:13:35.963 [raft-server-2] TRACE i.a.p.raft.roles.FollowerRole - RaftServer{2}{role=FOLLOWER} - Committed entries up to index 44
11:13:35.963 [raft-server-3] TRACE i.a.p.raft.roles.FollowerRole - RaftServer{3}{role=FOLLOWER} - Committed entries up to index 44
11:13:35.963 [raft-server-2] TRACE i.a.p.raft.roles.FollowerRole - RaftServer{2}{role=FOLLOWER} - Sending AppendResponse{status=OK, term=1, succeeded=true, lastLogIndex=45}
11:13:35.963 [raft-server-3] TRACE i.a.p.raft.roles.FollowerRole - RaftServer{3}{role=FOLLOWER} - Sending AppendResponse{status=OK, term=1, succeeded=true, lastLogIndex=45}
11:13:35.963 [raft-server-3-state] TRACE i.a.p.raft.impl.RaftServiceManager - RaftServer{3} - Applying Indexed{index=44, entry=CommandEntry{term=1, timestamp=2018-05-30 11:13:35,862, session=2, sequence=39, operation=PrimitiveOperation{id=DefaultOperationId{id=write, type=COMMAND}, value=byte[]{length=17, hash=-1644578928}}}}
11:13:35.963 [raft-server-2-state] TRACE i.a.p.raft.impl.RaftServiceManager - RaftServer{2} - Applying Indexed{index=44, entry=CommandEntry{term=1, timestamp=2018-05-30 11:13:35,862, session=2, sequence=39, operation=PrimitiveOperation{id=DefaultOperationId{id=write, type=COMMAND}, value=byte[]{length=17, hash=-1644578928}}}}
11:13:35.964 [raft-server-2-state] TRACE i.a.p.s.impl.DefaultServiceExecutor - PrimitiveService{2}{type=PrimitiveType{name=test}, name=test} - Executing DefaultCommit{index=44, session=RaftSession{RaftServiceContext{server=2, type=PrimitiveType{name=test}, name=test, id=2}, session=2, timestamp=2018-05-30 11:13:35,862}, time=2018-05-30 11:13:35,862, operation=DefaultOperationId{id=write, type=COMMAND}, value=byte[]{length=17, hash=-1644578928}}
11:13:35.964 [raft-server-3-state] TRACE i.a.p.s.impl.DefaultServiceExecutor - PrimitiveService{2}{type=PrimitiveType{name=test}, name=test} - Executing DefaultCommit{index=44, session=RaftSession{RaftServiceContext{server=3, type=PrimitiveType{name=test}, name=test, id=2}, session=2, timestamp=2018-05-30 11:13:35,862}, time=2018-05-30 11:13:35,862, operation=DefaultOperationId{id=write, type=COMMAND}, value=byte[]{length=17, hash=-1644578928}}
11:13:35.964 [raft-server-1] TRACE i.a.p.raft.roles.LeaderAppender - RaftServer{1} - Received AppendResponse{status=OK, term=1, succeeded=true, lastLogIndex=45} from 2
11:13:35.964 [raft-server-1] TRACE i.a.p.raft.roles.LeaderAppender - RaftServer{1} - Committed entries up to 45
11:13:35.996 [raft-server-1] TRACE i.a.p.raft.roles.LeaderAppender - RaftServer{1} - Received AppendResponse{status=OK, term=1, succeeded=true, lastLogIndex=45} from 3
11:13:35.997 [raft-server-1-state] TRACE i.a.p.raft.impl.RaftServiceManager - RaftServer{1} - Applying Indexed{index=45, entry=CommandEntry{term=1, timestamp=2018-05-30 11:13:35,932, session=2, sequence=40, operation=PrimitiveOperation{id=DefaultOperationId{id=write, type=COMMAND}, value=byte[]{length=17, hash=-1644578928}}}}
11:13:35.997 [raft-server-1-state] TRACE i.a.p.s.impl.DefaultServiceExecutor - PrimitiveService{2}{type=PrimitiveType{name=test}, name=test} - Executing DefaultCommit{index=45, session=RaftSession{RaftServiceContext{server=1, type=PrimitiveType{name=test}, name=test, id=2}, session=2, timestamp=2018-05-30 11:13:35,932}, time=2018-05-30 11:13:35,932, operation=DefaultOperationId{id=write, type=COMMAND}, value=byte[]{length=17, hash=-1644578928}}
11:13:35.997 [raft-server-1-state] TRACE i.a.protocols.raft.roles.LeaderRole - RaftServer{1}{role=LEADER} - Sending CommandResponse{status=OK, index=45, eventIndex=2, result=byte[]{length=2, hash=1330}}
11:13:35.997 [raft-server-2] TRACE i.a.p.raft.roles.FollowerRole - RaftServer{2}{role=FOLLOWER} - Sending CommandResponse{status=OK, index=45, eventIndex=2, result=byte[]{length=2, hash=1330}}
11:13:35.997 [raft-client-a5a0def7-e1df-4503-b1c6-00519ae66cf7-1] TRACE i.a.p.r.p.impl.RaftProxyConnection - PartitionProxy{2}{type=PrimitiveType{name=test}, name=test} - Received CommandResponse{status=OK, index=45, eventIndex=2, result=byte[]{length=2, hash=1330}} from 2
11:13:35.997 [raft-client-a5a0def7-e1df-4503-b1c6-00519ae66cf7-1] TRACE i.a.p.r.p.impl.RaftProxySequencer - PartitionProxy{2}{type=PrimitiveType{name=test}, name=test} - Completing response CommandResponse{status=OK, index=45, eventIndex=2, result=byte[]{length=2, hash=1330}}
11:13:35.998 [raft-client-a5a0def7-e1df-4503-b1c6-00519ae66cf7-1] TRACE i.a.p.r.p.impl.RaftProxyConnection - PartitionProxy{2}{type=PrimitiveType{name=test}, name=test} - Sending CommandRequest{session=2, sequence=41, operation=PrimitiveOperation{id=DefaultOperationId{id=write, type=COMMAND}, value=byte[]{length=17, hash=-1644578928}}} to 2
11:13:35.998 [raft-server-2] TRACE i.a.p.raft.roles.FollowerRole - RaftServer{2}{role=FOLLOWER} - Received CommandRequest{session=2, sequence=41, operation=PrimitiveOperation{id=DefaultOperationId{id=write, type=COMMAND}, value=byte[]{length=17, hash=-1644578928}}}
11:13:35.998 [raft-server-1] TRACE i.a.protocols.raft.roles.LeaderRole - RaftServer{1}{role=LEADER} - Received CommandRequest{session=2, sequence=41, operation=PrimitiveOperation{id=DefaultOperationId{id=write, type=COMMAND}, value=byte[]{length=17, hash=-1644578928}}}
11:13:35.999 [raft-server-1] TRACE i.a.protocols.raft.roles.LeaderRole - RaftServer{1}{role=LEADER} - Appended Indexed{index=46, entry=CommandEntry{term=1, timestamp=2018-05-30 11:13:35,998, session=2, sequence=41, operation=PrimitiveOperation{id=DefaultOperationId{id=write, type=COMMAND}, value=byte[]{length=17, hash=-1644578928}}}}
11:13:35.999 [raft-server-1] TRACE i.a.p.raft.roles.LeaderAppender - RaftServer{1} - Sending AppendRequest{term=1, leader=1, prevLogIndex=45, prevLogTerm=1, entries=1, commitIndex=45} to 2
11:13:35.999 [raft-server-2] TRACE i.a.p.raft.roles.FollowerRole - RaftServer{2}{role=FOLLOWER} - Received AppendRequest{term=1, leader=1, prevLogIndex=45, prevLogTerm=1, entries=1, commitIndex=45}
11:13:35.999 [raft-server-1] TRACE i.a.p.raft.roles.LeaderAppender - RaftServer{1} - Sending AppendRequest{term=1, leader=1, prevLogIndex=45, prevLogTerm=1, entries=1, commitIndex=45} to 3
11:13:35.999 [raft-server-2] TRACE i.a.p.raft.roles.FollowerRole - RaftServer{2}{role=FOLLOWER} - Appended Indexed{index=46, entry=CommandEntry{term=1, timestamp=2018-05-30 11:13:35,998, session=2, sequence=41, operation=PrimitiveOperation{id=DefaultOperationId{id=write, type=COMMAND}, value=byte[]{length=17, hash=-1644578928}}}}
11:13:35.999 [raft-server-3] TRACE i.a.p.raft.roles.FollowerRole - RaftServer{3}{role=FOLLOWER} - Received AppendRequest{term=1, leader=1, prevLogIndex=45, prevLogTerm=1, entries=1, commitIndex=45}
11:13:35.999 [raft-server-3] TRACE i.a.p.raft.roles.FollowerRole - RaftServer{3}{role=FOLLOWER} - Appended Indexed{index=46, entry=CommandEntry{term=1, timestamp=2018-05-30 11:13:35,998, session=2, sequence=41, operation=PrimitiveOperation{id=DefaultOperationId{id=write, type=COMMAND}, value=byte[]{length=17, hash=-1644578928}}}}
11:13:36.038 [raft-server-2] TRACE i.a.p.raft.roles.FollowerRole - RaftServer{2}{role=FOLLOWER} - Committed entries up to index 45
11:13:36.038 [raft-server-3] TRACE i.a.p.raft.roles.FollowerRole - RaftServer{3}{role=FOLLOWER} - Committed entries up to index 45
11:13:36.038 [raft-server-2] TRACE i.a.p.raft.roles.FollowerRole - RaftServer{2}{role=FOLLOWER} - Sending AppendResponse{status=OK, term=1, succeeded=true, lastLogIndex=46}
11:13:36.038 [raft-server-3] TRACE i.a.p.raft.roles.FollowerRole - RaftServer{3}{role=FOLLOWER} - Sending AppendResponse{status=OK, term=1, succeeded=true, lastLogIndex=46}
11:13:36.038 [raft-server-3-state] TRACE i.a.p.raft.impl.RaftServiceManager - RaftServer{3} - Applying Indexed{index=45, entry=CommandEntry{term=1, timestamp=2018-05-30 11:13:35,932, session=2, sequence=40, operation=PrimitiveOperation{id=DefaultOperationId{id=write, type=COMMAND}, value=byte[]{length=17, hash=-1644578928}}}}
11:13:36.038 [raft-server-2-state] TRACE i.a.p.raft.impl.RaftServiceManager - RaftServer{2} - Applying Indexed{index=45, entry=CommandEntry{term=1, timestamp=2018-05-30 11:13:35,932, session=2, sequence=40, operation=PrimitiveOperation{id=DefaultOperationId{id=write, type=COMMAND}, value=byte[]{length=17, hash=-1644578928}}}}
11:13:36.039 [raft-server-3-state] TRACE i.a.p.s.impl.DefaultServiceExecutor - PrimitiveService{2}{type=PrimitiveType{name=test}, name=test} - Executing DefaultCommit{index=45, session=RaftSession{RaftServiceContext{server=3, type=PrimitiveType{name=test}, name=test, id=2}, session=2, timestamp=2018-05-30 11:13:35,932}, time=2018-05-30 11:13:35,932, operation=DefaultOperationId{id=write, type=COMMAND}, value=byte[]{length=17, hash=-1644578928}}
11:13:36.039 [raft-server-2-state] TRACE i.a.p.s.impl.DefaultServiceExecutor - PrimitiveService{2}{type=PrimitiveType{name=test}, name=test} - Executing DefaultCommit{index=45, session=RaftSession{RaftServiceContext{server=2, type=PrimitiveType{name=test}, name=test, id=2}, session=2, timestamp=2018-05-30 11:13:35,932}, time=2018-05-30 11:13:35,932, operation=DefaultOperationId{id=write, type=COMMAND}, value=byte[]{length=17, hash=-1644578928}}
11:13:36.039 [raft-server-1] TRACE i.a.p.raft.roles.LeaderAppender - RaftServer{1} - Received AppendResponse{status=OK, term=1, succeeded=true, lastLogIndex=46} from 3
11:13:36.039 [raft-server-1] TRACE i.a.p.raft.roles.LeaderAppender - RaftServer{1} - Committed entries up to 46
11:13:36.063 [raft-server-1] TRACE i.a.p.raft.roles.LeaderAppender - RaftServer{1} - Sending AppendRequest{term=1, leader=1, prevLogIndex=46, prevLogTerm=1, entries=0, commitIndex=46} to 3
11:13:36.063 [raft-server-3] TRACE i.a.p.raft.roles.FollowerRole - RaftServer{3}{role=FOLLOWER} - Received AppendRequest{term=1, leader=1, prevLogIndex=46, prevLogTerm=1, entries=0, commitIndex=46}
11:13:36.063 [raft-server-1] TRACE i.a.p.raft.roles.LeaderAppender - RaftServer{1} - Received AppendResponse{status=OK, term=1, succeeded=true, lastLogIndex=46} from 2
11:13:36.063 [raft-server-1] TRACE i.a.p.raft.roles.LeaderAppender - RaftServer{1} - Sending AppendRequest{term=1, leader=1, prevLogIndex=46, prevLogTerm=1, entries=0, commitIndex=46} to 2
11:13:36.064 [raft-server-2] TRACE i.a.p.raft.roles.FollowerRole - RaftServer{2}{role=FOLLOWER} - Received AppendRequest{term=1, leader=1, prevLogIndex=46, prevLogTerm=1, entries=0, commitIndex=46}
11:13:36.064 [raft-server-2] TRACE i.a.p.raft.roles.FollowerRole - RaftServer{2}{role=FOLLOWER} - Committed entries up to index 46
11:13:36.064 [raft-server-2] TRACE i.a.p.raft.roles.FollowerRole - RaftServer{2}{role=FOLLOWER} - Sending AppendResponse{status=OK, term=1, succeeded=true, lastLogIndex=46}
11:13:36.064 [raft-server-1-state] TRACE i.a.p.raft.impl.RaftServiceManager - RaftServer{1} - Applying Indexed{index=46, entry=CommandEntry{term=1, timestamp=2018-05-30 11:13:35,998, session=2, sequence=41, operation=PrimitiveOperation{id=DefaultOperationId{id=write, type=COMMAND}, value=byte[]{length=17, hash=-1644578928}}}}
11:13:36.064 [raft-server-1-state] TRACE i.a.p.s.impl.DefaultServiceExecutor - PrimitiveService{2}{type=PrimitiveType{name=test}, name=test} - Executing DefaultCommit{index=46, session=RaftSession{RaftServiceContext{server=1, type=PrimitiveType{name=test}, name=test, id=2}, session=2, timestamp=2018-05-30 11:13:35,998}, time=2018-05-30 11:13:35,998, operation=DefaultOperationId{id=write, type=COMMAND}, value=byte[]{length=17, hash=-1644578928}}
11:13:36.064 [raft-server-2-state] TRACE i.a.p.raft.impl.RaftServiceManager - RaftServer{2} - Applying Indexed{index=46, entry=CommandEntry{term=1, timestamp=2018-05-30 11:13:35,998, session=2, sequence=41, operation=PrimitiveOperation{id=DefaultOperationId{id=write, type=COMMAND}, value=byte[]{length=17, hash=-1644578928}}}}
11:13:36.064 [raft-server-2-state] TRACE i.a.p.s.impl.DefaultServiceExecutor - PrimitiveService{2}{type=PrimitiveType{name=test}, name=test} - Executing DefaultCommit{index=46, session=RaftSession{RaftServiceContext{server=2, type=PrimitiveType{name=test}, name=test, id=2}, session=2, timestamp=2018-05-30 11:13:35,998}, time=2018-05-30 11:13:35,998, operation=DefaultOperationId{id=write, type=COMMAND}, value=byte[]{length=17, hash=-1644578928}}
11:13:36.064 [raft-server-1] TRACE i.a.protocols.raft.roles.LeaderRole - RaftServer{1}{role=LEADER} - Sending CommandResponse{status=OK, index=46, eventIndex=2, result=byte[]{length=2, hash=1332}}
11:13:36.064 [raft-server-1] TRACE i.a.p.raft.roles.LeaderAppender - RaftServer{1} - Received AppendResponse{status=OK, term=1, succeeded=true, lastLogIndex=46} from 2
11:13:36.064 [raft-server-2] TRACE i.a.p.raft.roles.FollowerRole - RaftServer{2}{role=FOLLOWER} - Sending CommandResponse{status=OK, index=46, eventIndex=2, result=byte[]{length=2, hash=1332}}
11:13:36.064 [raft-client-a5a0def7-e1df-4503-b1c6-00519ae66cf7-4] TRACE i.a.p.r.p.impl.RaftProxyConnection - PartitionProxy{2}{type=PrimitiveType{name=test}, name=test} - Received CommandResponse{status=OK, index=46, eventIndex=2, result=byte[]{length=2, hash=1332}} from 2
11:13:36.065 [raft-client-a5a0def7-e1df-4503-b1c6-00519ae66cf7-4] TRACE i.a.p.r.p.impl.RaftProxySequencer - PartitionProxy{2}{type=PrimitiveType{name=test}, name=test} - Completing response CommandResponse{status=OK, index=46, eventIndex=2, result=byte[]{length=2, hash=1332}}
11:13:36.065 [raft-client-a5a0def7-e1df-4503-b1c6-00519ae66cf7-6] TRACE i.a.p.r.p.impl.RaftProxyConnection - PartitionProxy{2}{type=PrimitiveType{name=test}, name=test} - Sending CommandRequest{session=2, sequence=42, operation=PrimitiveOperation{id=DefaultOperationId{id=write, type=COMMAND}, value=byte[]{length=17, hash=-1644578928}}} to 2
11:13:36.065 [raft-server-2] TRACE i.a.p.raft.roles.FollowerRole - RaftServer{2}{role=FOLLOWER} - Received CommandRequest{session=2, sequence=42, operation=PrimitiveOperation{id=DefaultOperationId{id=write, type=COMMAND}, value=byte[]{length=17, hash=-1644578928}}}
11:13:36.065 [raft-server-1] TRACE i.a.protocols.raft.roles.LeaderRole - RaftServer{1}{role=LEADER} - Received CommandRequest{session=2, sequence=42, operation=PrimitiveOperation{id=DefaultOperationId{id=write, type=COMMAND}, value=byte[]{length=17, hash=-1644578928}}}
11:13:36.065 [raft-server-1] TRACE i.a.protocols.raft.roles.LeaderRole - RaftServer{1}{role=LEADER} - Appended Indexed{index=47, entry=CommandEntry{term=1, timestamp=2018-05-30 11:13:36,065, session=2, sequence=42, operation=PrimitiveOperation{id=DefaultOperationId{id=write, type=COMMAND}, value=byte[]{length=17, hash=-1644578928}}}}
11:13:36.066 [raft-server-1] TRACE i.a.p.raft.roles.LeaderAppender - RaftServer{1} - Sending AppendRequest{term=1, leader=1, prevLogIndex=46, prevLogTerm=1, entries=1, commitIndex=46} to 2
11:13:36.066 [raft-server-2] TRACE i.a.p.raft.roles.FollowerRole - RaftServer{2}{role=FOLLOWER} - Received AppendRequest{term=1, leader=1, prevLogIndex=46, prevLogTerm=1, entries=1, commitIndex=46}
11:13:36.066 [raft-server-2] TRACE i.a.p.raft.roles.FollowerRole - RaftServer{2}{role=FOLLOWER} - Appended Indexed{index=47, entry=CommandEntry{term=1, timestamp=2018-05-30 11:13:36,065, session=2, sequence=42, operation=PrimitiveOperation{id=DefaultOperationId{id=write, type=COMMAND}, value=byte[]{length=17, hash=-1644578928}}}}
11:13:36.066 [raft-server-2] TRACE i.a.p.raft.roles.FollowerRole - RaftServer{2}{role=FOLLOWER} - Sending AppendResponse{status=OK, term=1, succeeded=true, lastLogIndex=47}
11:13:36.066 [raft-server-1] TRACE i.a.p.raft.roles.LeaderAppender - RaftServer{1} - Received AppendResponse{status=OK, term=1, succeeded=true, lastLogIndex=47} from 2
11:13:36.066 [raft-server-1] TRACE i.a.p.raft.roles.LeaderAppender - RaftServer{1} - Committed entries up to 47
11:13:36.096 [raft-server-3] TRACE i.a.p.raft.roles.FollowerRole - RaftServer{3}{role=FOLLOWER} - Committed entries up to index 46
11:13:36.096 [raft-server-3] TRACE i.a.p.raft.roles.FollowerRole - RaftServer{3}{role=FOLLOWER} - Sending AppendResponse{status=OK, term=1, succeeded=true, lastLogIndex=46}
11:13:36.097 [raft-server-3-state] TRACE i.a.p.raft.impl.RaftServiceManager - RaftServer{3} - Applying Indexed{index=46, entry=CommandEntry{term=1, timestamp=2018-05-30 11:13:35,998, session=2, sequence=41, operation=PrimitiveOperation{id=DefaultOperationId{id=write, type=COMMAND}, value=byte[]{length=17, hash=-1644578928}}}}
11:13:36.097 [raft-server-3-state] TRACE i.a.p.s.impl.DefaultServiceExecutor - PrimitiveService{2}{type=PrimitiveType{name=test}, name=test} - Executing DefaultCommit{index=46, session=RaftSession{RaftServiceContext{server=3, type=PrimitiveType{name=test}, name=test, id=2}, session=2, timestamp=2018-05-30 11:13:35,998}, time=2018-05-30 11:13:35,998, operation=DefaultOperationId{id=write, type=COMMAND}, value=byte[]{length=17, hash=-1644578928}}
11:13:36.118 [raft-server-1] TRACE i.a.p.raft.roles.LeaderAppender - RaftServer{1} - Received AppendResponse{status=OK, term=1, succeeded=true, lastLogIndex=46} from 3
11:13:36.118 [raft-server-1] TRACE i.a.p.raft.roles.LeaderAppender - RaftServer{1} - Sending AppendRequest{term=1, leader=1, prevLogIndex=46, prevLogTerm=1, entries=1, commitIndex=47} to 3
11:13:36.118 [raft-server-3] TRACE i.a.p.raft.roles.FollowerRole - RaftServer{3}{role=FOLLOWER} - Received AppendRequest{term=1, leader=1, prevLogIndex=46, prevLogTerm=1, entries=1, commitIndex=47}
11:13:36.119 [raft-server-1-state] TRACE i.a.p.raft.impl.RaftServiceManager - RaftServer{1} - Applying Indexed{index=47, entry=CommandEntry{term=1, timestamp=2018-05-30 11:13:36,065, session=2, sequence=42, operation=PrimitiveOperation{id=DefaultOperationId{id=write, type=COMMAND}, value=byte[]{length=17, hash=-1644578928}}}}
11:13:36.119 [raft-server-3] TRACE i.a.p.raft.roles.FollowerRole - RaftServer{3}{role=FOLLOWER} - Appended Indexed{index=47, entry=CommandEntry{term=1, timestamp=2018-05-30 11:13:36,065, session=2, sequence=42, operation=PrimitiveOperation{id=DefaultOperationId{id=write, type=COMMAND}, value=byte[]{length=17, hash=-1644578928}}}}
11:13:36.119 [raft-server-1-state] TRACE i.a.p.s.impl.DefaultServiceExecutor - PrimitiveService{2}{type=PrimitiveType{name=test}, name=test} - Executing DefaultCommit{index=47, session=RaftSession{RaftServiceContext{server=1, type=PrimitiveType{name=test}, name=test, id=2}, session=2, timestamp=2018-05-30 11:13:36,065}, time=2018-05-30 11:13:36,065, operation=DefaultOperationId{id=write, type=COMMAND}, value=byte[]{length=17, hash=-1644578928}}
11:13:36.119 [raft-server-1-state] TRACE i.a.protocols.raft.roles.LeaderRole - RaftServer{1}{role=LEADER} - Sending CommandResponse{status=OK, index=47, eventIndex=2, result=byte[]{length=2, hash=1334}}
11:13:36.119 [raft-server-2] TRACE i.a.p.raft.roles.FollowerRole - RaftServer{2}{role=FOLLOWER} - Sending CommandResponse{status=OK, index=47, eventIndex=2, result=byte[]{length=2, hash=1334}}
11:13:36.119 [raft-client-a5a0def7-e1df-4503-b1c6-00519ae66cf7-1] TRACE i.a.p.r.p.impl.RaftProxyConnection - PartitionProxy{2}{type=PrimitiveType{name=test}, name=test} - Received CommandResponse{status=OK, index=47, eventIndex=2, result=byte[]{length=2, hash=1334}} from 2
11:13:36.119 [raft-client-a5a0def7-e1df-4503-b1c6-00519ae66cf7-1] TRACE i.a.p.r.p.impl.RaftProxySequencer - PartitionProxy{2}{type=PrimitiveType{name=test}, name=test} - Completing response CommandResponse{status=OK, index=47, eventIndex=2, result=byte[]{length=2, hash=1334}}
11:13:36.120 [raft-client-a5a0def7-e1df-4503-b1c6-00519ae66cf7-7] TRACE i.a.p.r.p.impl.RaftProxyConnection - PartitionProxy{2}{type=PrimitiveType{name=test}, name=test} - Sending CommandRequest{session=2, sequence=43, operation=PrimitiveOperation{id=DefaultOperationId{id=write, type=COMMAND}, value=byte[]{length=17, hash=-1644578928}}} to 2
11:13:36.120 [raft-server-2] TRACE i.a.p.raft.roles.FollowerRole - RaftServer{2}{role=FOLLOWER} - Received CommandRequest{session=2, sequence=43, operation=PrimitiveOperation{id=DefaultOperationId{id=write, type=COMMAND}, value=byte[]{length=17, hash=-1644578928}}}
11:13:36.120 [raft-server-1] TRACE i.a.protocols.raft.roles.LeaderRole - RaftServer{1}{role=LEADER} - Received CommandRequest{session=2, sequence=43, operation=PrimitiveOperation{id=DefaultOperationId{id=write, type=COMMAND}, value=byte[]{length=17, hash=-1644578928}}}
11:13:36.120 [raft-server-1] TRACE i.a.protocols.raft.roles.LeaderRole - RaftServer{1}{role=LEADER} - Appended Indexed{index=48, entry=CommandEntry{term=1, timestamp=2018-05-30 11:13:36,120, session=2, sequence=43, operation=PrimitiveOperation{id=DefaultOperationId{id=write, type=COMMAND}, value=byte[]{length=17, hash=-1644578928}}}}
11:13:36.120 [raft-server-1] TRACE i.a.p.raft.roles.LeaderAppender - RaftServer{1} - Sending AppendRequest{term=1, leader=1, prevLogIndex=47, prevLogTerm=1, entries=1, commitIndex=47} to 2
11:13:36.121 [raft-server-2] TRACE i.a.p.raft.roles.FollowerRole - RaftServer{2}{role=FOLLOWER} - Received AppendRequest{term=1, leader=1, prevLogIndex=47, prevLogTerm=1, entries=1, commitIndex=47}
11:13:36.121 [raft-server-2] TRACE i.a.p.raft.roles.FollowerRole - RaftServer{2}{role=FOLLOWER} - Appended Indexed{index=48, entry=CommandEntry{term=1, timestamp=2018-05-30 11:13:36,120, session=2, sequence=43, operation=PrimitiveOperation{id=DefaultOperationId{id=write, type=COMMAND}, value=byte[]{length=17, hash=-1644578928}}}}
11:13:36.196 [raft-server-2] TRACE i.a.p.raft.roles.FollowerRole - RaftServer{2}{role=FOLLOWER} - Committed entries up to index 47
11:13:36.196 [raft-server-3] TRACE i.a.p.raft.roles.FollowerRole - RaftServer{3}{role=FOLLOWER} - Committed entries up to index 47
11:13:36.196 [raft-server-2] TRACE i.a.p.raft.roles.FollowerRole - RaftServer{2}{role=FOLLOWER} - Sending AppendResponse{status=OK, term=1, succeeded=true, lastLogIndex=48}
11:13:36.196 [raft-server-3] TRACE i.a.p.raft.roles.FollowerRole - RaftServer{3}{role=FOLLOWER} - Sending AppendResponse{status=OK, term=1, succeeded=true, lastLogIndex=47}
11:13:36.197 [raft-server-2-state] TRACE i.a.p.raft.impl.RaftServiceManager - RaftServer{2} - Applying Indexed{index=47, entry=CommandEntry{term=1, timestamp=2018-05-30 11:13:36,065, session=2, sequence=42, operation=PrimitiveOperation{id=DefaultOperationId{id=write, type=COMMAND}, value=byte[]{length=17, hash=-1644578928}}}}
11:13:36.197 [raft-server-3-state] TRACE i.a.p.raft.impl.RaftServiceManager - RaftServer{3} - Applying Indexed{index=47, entry=CommandEntry{term=1, timestamp=2018-05-30 11:13:36,065, session=2, sequence=42, operation=PrimitiveOperation{id=DefaultOperationId{id=write, type=COMMAND}, value=byte[]{length=17, hash=-1644578928}}}}
11:13:36.197 [raft-server-2-state] TRACE i.a.p.s.impl.DefaultServiceExecutor - PrimitiveService{2}{type=PrimitiveType{name=test}, name=test} - Executing DefaultCommit{index=47, session=RaftSession{RaftServiceContext{server=2, type=PrimitiveType{name=test}, name=test, id=2}, session=2, timestamp=2018-05-30 11:13:36,065}, time=2018-05-30 11:13:36,065, operation=DefaultOperationId{id=write, type=COMMAND}, value=byte[]{length=17, hash=-1644578928}}
11:13:36.197 [raft-server-3-state] TRACE i.a.p.s.impl.DefaultServiceExecutor - PrimitiveService{2}{type=PrimitiveType{name=test}, name=test} - Executing DefaultCommit{index=47, session=RaftSession{RaftServiceContext{server=3, type=PrimitiveType{name=test}, name=test, id=2}, session=2, timestamp=2018-05-30 11:13:36,065}, time=2018-05-30 11:13:36,065, operation=DefaultOperationId{id=write, type=COMMAND}, value=byte[]{length=17, hash=-1644578928}}
11:13:36.197 [raft-server-1] TRACE i.a.p.raft.roles.LeaderAppender - RaftServer{1} - Received AppendResponse{status=OK, term=1, succeeded=true, lastLogIndex=48} from 2
11:13:36.197 [raft-server-1] TRACE i.a.p.raft.roles.LeaderAppender - RaftServer{1} - Committed entries up to 48
11:13:36.255 [raft-server-1] TRACE i.a.p.raft.roles.LeaderAppender - RaftServer{1} - Received AppendResponse{status=OK, term=1, succeeded=true, lastLogIndex=47} from 3
11:13:36.255 [raft-server-1] TRACE i.a.p.raft.roles.LeaderAppender - RaftServer{1} - Sending AppendRequest{term=1, leader=1, prevLogIndex=47, prevLogTerm=1, entries=1, commitIndex=48} to 3
11:13:36.255 [raft-server-3] TRACE i.a.p.raft.roles.FollowerRole - RaftServer{3}{role=FOLLOWER} - Received AppendRequest{term=1, leader=1, prevLogIndex=47, prevLogTerm=1, entries=1, commitIndex=48}
11:13:36.255 [raft-server-1-state] TRACE i.a.p.raft.impl.RaftServiceManager - RaftServer{1} - Applying Indexed{index=48, entry=CommandEntry{term=1, timestamp=2018-05-30 11:13:36,120, session=2, sequence=43, operation=PrimitiveOperation{id=DefaultOperationId{id=write, type=COMMAND}, value=byte[]{length=17, hash=-1644578928}}}}
11:13:36.255 [raft-server-1-state] TRACE i.a.p.s.impl.DefaultServiceExecutor - PrimitiveService{2}{type=PrimitiveType{name=test}, name=test} - Executing DefaultCommit{index=48, session=RaftSession{RaftServiceContext{server=1, type=PrimitiveType{name=test}, name=test, id=2}, session=2, timestamp=2018-05-30 11:13:36,120}, time=2018-05-30 11:13:36,120, operation=DefaultOperationId{id=write, type=COMMAND}, value=byte[]{length=17, hash=-1644578928}}
11:13:36.255 [raft-server-3] TRACE i.a.p.raft.roles.FollowerRole - RaftServer{3}{role=FOLLOWER} - Appended Indexed{index=48, entry=CommandEntry{term=1, timestamp=2018-05-30 11:13:36,120, session=2, sequence=43, operation=PrimitiveOperation{id=DefaultOperationId{id=write, type=COMMAND}, value=byte[]{length=17, hash=-1644578928}}}}
11:13:36.256 [raft-server-1-state] TRACE i.a.protocols.raft.roles.LeaderRole - RaftServer{1}{role=LEADER} - Sending CommandResponse{status=OK, index=48, eventIndex=2, result=byte[]{length=2, hash=1336}}
11:13:36.256 [raft-server-2] TRACE i.a.p.raft.roles.FollowerRole - RaftServer{2}{role=FOLLOWER} - Sending CommandResponse{status=OK, index=48, eventIndex=2, result=byte[]{length=2, hash=1336}}
11:13:36.256 [raft-client-a5a0def7-e1df-4503-b1c6-00519ae66cf7-5] TRACE i.a.p.r.p.impl.RaftProxyConnection - PartitionProxy{2}{type=PrimitiveType{name=test}, name=test} - Received CommandResponse{status=OK, index=48, eventIndex=2, result=byte[]{length=2, hash=1336}} from 2
11:13:36.256 [raft-client-a5a0def7-e1df-4503-b1c6-00519ae66cf7-5] TRACE i.a.p.r.p.impl.RaftProxySequencer - PartitionProxy{2}{type=PrimitiveType{name=test}, name=test} - Completing response CommandResponse{status=OK, index=48, eventIndex=2, result=byte[]{length=2, hash=1336}}
11:13:36.256 [raft-client-a5a0def7-e1df-4503-b1c6-00519ae66cf7-0] TRACE i.a.p.r.p.impl.RaftProxyConnection - PartitionProxy{2}{type=PrimitiveType{name=test}, name=test} - Sending CommandRequest{session=2, sequence=44, operation=PrimitiveOperation{id=DefaultOperationId{id=write, type=COMMAND}, value=byte[]{length=17, hash=-1644578928}}} to 2
11:13:36.256 [raft-server-2] TRACE i.a.p.raft.roles.FollowerRole - RaftServer{2}{role=FOLLOWER} - Received CommandRequest{session=2, sequence=44, operation=PrimitiveOperation{id=DefaultOperationId{id=write, type=COMMAND}, value=byte[]{length=17, hash=-1644578928}}}
11:13:36.256 [raft-server-1] TRACE i.a.protocols.raft.roles.LeaderRole - RaftServer{1}{role=LEADER} - Received CommandRequest{session=2, sequence=44, operation=PrimitiveOperation{id=DefaultOperationId{id=write, type=COMMAND}, value=byte[]{length=17, hash=-1644578928}}}
11:13:36.257 [raft-server-1] TRACE i.a.protocols.raft.roles.LeaderRole - RaftServer{1}{role=LEADER} - Appended Indexed{index=49, entry=CommandEntry{term=1, timestamp=2018-05-30 11:13:36,256, session=2, sequence=44, operation=PrimitiveOperation{id=DefaultOperationId{id=write, type=COMMAND}, value=byte[]{length=17, hash=-1644578928}}}}
11:13:36.257 [raft-server-1] TRACE i.a.p.raft.roles.LeaderAppender - RaftServer{1} - Sending AppendRequest{term=1, leader=1, prevLogIndex=48, prevLogTerm=1, entries=1, commitIndex=48} to 2
11:13:36.257 [raft-server-2] TRACE i.a.p.raft.roles.FollowerRole - RaftServer{2}{role=FOLLOWER} - Received AppendRequest{term=1, leader=1, prevLogIndex=48, prevLogTerm=1, entries=1, commitIndex=48}
11:13:36.257 [raft-server-2] TRACE i.a.p.raft.roles.FollowerRole - RaftServer{2}{role=FOLLOWER} - Appended Indexed{index=49, entry=CommandEntry{term=1, timestamp=2018-05-30 11:13:36,256, session=2, sequence=44, operation=PrimitiveOperation{id=DefaultOperationId{id=write, type=COMMAND}, value=byte[]{length=17, hash=-1644578928}}}}
11:13:36.313 [raft-server-2] TRACE i.a.p.raft.roles.FollowerRole - RaftServer{2}{role=FOLLOWER} - Committed entries up to index 48
11:13:36.313 [raft-server-3] TRACE i.a.p.raft.roles.FollowerRole - RaftServer{3}{role=FOLLOWER} - Committed entries up to index 48
11:13:36.313 [raft-server-2] TRACE i.a.p.raft.roles.FollowerRole - RaftServer{2}{role=FOLLOWER} - Sending AppendResponse{status=OK, term=1, succeeded=true, lastLogIndex=49}
11:13:36.313 [raft-server-3] TRACE i.a.p.raft.roles.FollowerRole - RaftServer{3}{role=FOLLOWER} - Sending AppendResponse{status=OK, term=1, succeeded=true, lastLogIndex=48}
11:13:36.313 [raft-server-1] TRACE i.a.p.raft.roles.LeaderAppender - RaftServer{1} - Received AppendResponse{status=OK, term=1, succeeded=true, lastLogIndex=48} from 3
11:13:36.313 [raft-server-2-state] TRACE i.a.p.raft.impl.RaftServiceManager - RaftServer{2} - Applying Indexed{index=48, entry=CommandEntry{term=1, timestamp=2018-05-30 11:13:36,120, session=2, sequence=43, operation=PrimitiveOperation{id=DefaultOperationId{id=write, type=COMMAND}, value=byte[]{length=17, hash=-1644578928}}}}
11:13:36.313 [raft-server-1] TRACE i.a.p.raft.roles.LeaderAppender - RaftServer{1} - Sending AppendRequest{term=1, leader=1, prevLogIndex=48, prevLogTerm=1, entries=1, commitIndex=48} to 3
11:13:36.313 [raft-server-2-state] TRACE i.a.p.s.impl.DefaultServiceExecutor - PrimitiveService{2}{type=PrimitiveType{name=test}, name=test} - Executing DefaultCommit{index=48, session=RaftSession{RaftServiceContext{server=2, type=PrimitiveType{name=test}, name=test, id=2}, session=2, timestamp=2018-05-30 11:13:36,120}, time=2018-05-30 11:13:36,120, operation=DefaultOperationId{id=write, type=COMMAND}, value=byte[]{length=17, hash=-1644578928}}
11:13:36.314 [raft-server-1] TRACE i.a.p.raft.roles.LeaderAppender - RaftServer{1} - Received AppendResponse{status=OK, term=1, succeeded=true, lastLogIndex=49} from 2
11:13:36.314 [raft-server-1] TRACE i.a.p.raft.roles.LeaderAppender - RaftServer{1} - Committed entries up to 49
11:13:36.314 [raft-server-3] TRACE i.a.p.raft.roles.FollowerRole - RaftServer{3}{role=FOLLOWER} - Received AppendRequest{term=1, leader=1, prevLogIndex=48, prevLogTerm=1, entries=1, commitIndex=48}
11:13:36.314 [raft-server-3-state] TRACE i.a.p.raft.impl.RaftServiceManager - RaftServer{3} - Applying Indexed{index=48, entry=CommandEntry{term=1, timestamp=2018-05-30 11:13:36,120, session=2, sequence=43, operation=PrimitiveOperation{id=DefaultOperationId{id=write, type=COMMAND}, value=byte[]{length=17, hash=-1644578928}}}}
11:13:36.314 [raft-server-3-state] TRACE i.a.p.s.impl.DefaultServiceExecutor - PrimitiveService{2}{type=PrimitiveType{name=test}, name=test} - Executing DefaultCommit{index=48, session=RaftSession{RaftServiceContext{server=3, type=PrimitiveType{name=test}, name=test, id=2}, session=2, timestamp=2018-05-30 11:13:36,120}, time=2018-05-30 11:13:36,120, operation=DefaultOperationId{id=write, type=COMMAND}, value=byte[]{length=17, hash=-1644578928}}
11:13:36.314 [raft-server-3] TRACE i.a.p.raft.roles.FollowerRole - RaftServer{3}{role=FOLLOWER} - Appended Indexed{index=49, entry=CommandEntry{term=1, timestamp=2018-05-30 11:13:36,256, session=2, sequence=44, operation=PrimitiveOperation{id=DefaultOperationId{id=write, type=COMMAND}, value=byte[]{length=17, hash=-1644578928}}}}
11:13:36.314 [raft-server-3] TRACE i.a.p.raft.roles.FollowerRole - RaftServer{3}{role=FOLLOWER} - Sending AppendResponse{status=OK, term=1, succeeded=true, lastLogIndex=49}
11:13:36.390 [raft-server-1] TRACE i.a.p.raft.roles.LeaderAppender - RaftServer{1} - Sending AppendRequest{term=1, leader=1, prevLogIndex=49, prevLogTerm=1, entries=0, commitIndex=49} to 2
11:13:36.390 [raft-server-2] TRACE i.a.p.raft.roles.FollowerRole - RaftServer{2}{role=FOLLOWER} - Received AppendRequest{term=1, leader=1, prevLogIndex=49, prevLogTerm=1, entries=0, commitIndex=49}
11:13:36.390 [raft-server-1] TRACE i.a.p.raft.roles.LeaderAppender - RaftServer{1} - Received AppendResponse{status=OK, term=1, succeeded=true, lastLogIndex=49} from 3
11:13:36.390 [raft-server-2] TRACE i.a.p.raft.roles.FollowerRole - RaftServer{2}{role=FOLLOWER} - Committed entries up to index 49
11:13:36.390 [raft-server-2] TRACE i.a.p.raft.roles.FollowerRole - RaftServer{2}{role=FOLLOWER} - Sending AppendResponse{status=OK, term=1, succeeded=true, lastLogIndex=49}
11:13:36.390 [raft-server-1] TRACE i.a.p.raft.roles.LeaderAppender - RaftServer{1} - Received AppendResponse{status=OK, term=1, succeeded=true, lastLogIndex=49} from 2
11:13:36.390 [raft-server-1-state] TRACE i.a.p.raft.impl.RaftServiceManager - RaftServer{1} - Applying Indexed{index=49, entry=CommandEntry{term=1, timestamp=2018-05-30 11:13:36,256, session=2, sequence=44, operation=PrimitiveOperation{id=DefaultOperationId{id=write, type=COMMAND}, value=byte[]{length=17, hash=-1644578928}}}}
11:13:36.390 [raft-server-2-state] TRACE i.a.p.raft.impl.RaftServiceManager - RaftServer{2} - Applying Indexed{index=49, entry=CommandEntry{term=1, timestamp=2018-05-30 11:13:36,256, session=2, sequence=44, operation=PrimitiveOperation{id=DefaultOperationId{id=write, type=COMMAND}, value=byte[]{length=17, hash=-1644578928}}}}
11:13:36.390 [raft-server-1-state] TRACE i.a.p.s.impl.DefaultServiceExecutor - PrimitiveService{2}{type=PrimitiveType{name=test}, name=test} - Executing DefaultCommit{index=49, session=RaftSession{RaftServiceContext{server=1, type=PrimitiveType{name=test}, name=test, id=2}, session=2, timestamp=2018-05-30 11:13:36,256}, time=2018-05-30 11:13:36,256, operation=DefaultOperationId{id=write, type=COMMAND}, value=byte[]{length=17, hash=-1644578928}}
11:13:36.390 [raft-server-2-state] TRACE i.a.p.s.impl.DefaultServiceExecutor - PrimitiveService{2}{type=PrimitiveType{name=test}, name=test} - Executing DefaultCommit{index=49, session=RaftSession{RaftServiceContext{server=2, type=PrimitiveType{name=test}, name=test, id=2}, session=2, timestamp=2018-05-30 11:13:36,256}, time=2018-05-30 11:13:36,256, operation=DefaultOperationId{id=write, type=COMMAND}, value=byte[]{length=17, hash=-1644578928}}
11:13:36.391 [raft-server-1-state] TRACE i.a.protocols.raft.roles.LeaderRole - RaftServer{1}{role=LEADER} - Sending CommandResponse{status=OK, index=49, eventIndex=2, result=byte[]{length=2, hash=1338}}
11:13:36.391 [raft-server-2] TRACE i.a.p.raft.roles.FollowerRole - RaftServer{2}{role=FOLLOWER} - Sending CommandResponse{status=OK, index=49, eventIndex=2, result=byte[]{length=2, hash=1338}}
11:13:36.391 [raft-client-a5a0def7-e1df-4503-b1c6-00519ae66cf7-4] TRACE i.a.p.r.p.impl.RaftProxyConnection - PartitionProxy{2}{type=PrimitiveType{name=test}, name=test} - Received CommandResponse{status=OK, index=49, eventIndex=2, result=byte[]{length=2, hash=1338}} from 2
11:13:36.391 [raft-client-a5a0def7-e1df-4503-b1c6-00519ae66cf7-4] TRACE i.a.p.r.p.impl.RaftProxySequencer - PartitionProxy{2}{type=PrimitiveType{name=test}, name=test} - Completing response CommandResponse{status=OK, index=49, eventIndex=2, result=byte[]{length=2, hash=1338}}
11:13:36.391 [raft-client-a5a0def7-e1df-4503-b1c6-00519ae66cf7-2] TRACE i.a.p.r.p.impl.RaftProxyConnection - PartitionProxy{2}{type=PrimitiveType{name=test}, name=test} - Sending CommandRequest{session=2, sequence=45, operation=PrimitiveOperation{id=DefaultOperationId{id=write, type=COMMAND}, value=byte[]{length=17, hash=-1644578928}}} to 2
11:13:36.391 [raft-server-2] TRACE i.a.p.raft.roles.FollowerRole - RaftServer{2}{role=FOLLOWER} - Received CommandRequest{session=2, sequence=45, operation=PrimitiveOperation{id=DefaultOperationId{id=write, type=COMMAND}, value=byte[]{length=17, hash=-1644578928}}}
11:13:36.392 [raft-server-1] TRACE i.a.protocols.raft.roles.LeaderRole - RaftServer{1}{role=LEADER} - Received CommandRequest{session=2, sequence=45, operation=PrimitiveOperation{id=DefaultOperationId{id=write, type=COMMAND}, value=byte[]{length=17, hash=-1644578928}}}
11:13:36.392 [raft-server-1] TRACE i.a.protocols.raft.roles.LeaderRole - RaftServer{1}{role=LEADER} - Appended Indexed{index=50, entry=CommandEntry{term=1, timestamp=2018-05-30 11:13:36,392, session=2, sequence=45, operation=PrimitiveOperation{id=DefaultOperationId{id=write, type=COMMAND}, value=byte[]{length=17, hash=-1644578928}}}}
11:13:36.392 [raft-server-1] TRACE i.a.p.raft.roles.LeaderAppender - RaftServer{1} - Sending AppendRequest{term=1, leader=1, prevLogIndex=49, prevLogTerm=1, entries=1, commitIndex=49} to 2
11:13:36.392 [raft-server-2] TRACE i.a.p.raft.roles.FollowerRole - RaftServer{2}{role=FOLLOWER} - Received AppendRequest{term=1, leader=1, prevLogIndex=49, prevLogTerm=1, entries=1, commitIndex=49}
11:13:36.392 [raft-server-1] TRACE i.a.p.raft.roles.LeaderAppender - RaftServer{1} - Sending AppendRequest{term=1, leader=1, prevLogIndex=49, prevLogTerm=1, entries=1, commitIndex=49} to 3
11:13:36.392 [raft-server-2] TRACE i.a.p.raft.roles.FollowerRole - RaftServer{2}{role=FOLLOWER} - Appended Indexed{index=50, entry=CommandEntry{term=1, timestamp=2018-05-30 11:13:36,392, session=2, sequence=45, operation=PrimitiveOperation{id=DefaultOperationId{id=write, type=COMMAND}, value=byte[]{length=17, hash=-1644578928}}}}
11:13:36.392 [raft-server-2] TRACE i.a.p.raft.roles.FollowerRole - RaftServer{2}{role=FOLLOWER} - Sending AppendResponse{status=OK, term=1, succeeded=true, lastLogIndex=50}
11:13:36.392 [raft-server-1] TRACE i.a.p.raft.roles.LeaderAppender - RaftServer{1} - Received AppendResponse{status=OK, term=1, succeeded=true, lastLogIndex=50} from 2
11:13:36.392 [raft-server-1] TRACE i.a.p.raft.roles.LeaderAppender - RaftServer{1} - Committed entries up to 50
11:13:36.394 [raft-server-3] TRACE i.a.p.raft.roles.FollowerRole - RaftServer{3}{role=FOLLOWER} - Received AppendRequest{term=1, leader=1, prevLogIndex=49, prevLogTerm=1, entries=1, commitIndex=49}
11:13:36.394 [raft-server-3] TRACE i.a.p.raft.roles.FollowerRole - RaftServer{3}{role=FOLLOWER} - Appended Indexed{index=50, entry=CommandEntry{term=1, timestamp=2018-05-30 11:13:36,392, session=2, sequence=45, operation=PrimitiveOperation{id=DefaultOperationId{id=write, type=COMMAND}, value=byte[]{length=17, hash=-1644578928}}}}
11:13:36.455 [raft-server-3] TRACE i.a.p.raft.roles.FollowerRole - RaftServer{3}{role=FOLLOWER} - Committed entries up to index 49
11:13:36.455 [raft-server-3] TRACE i.a.p.raft.roles.FollowerRole - RaftServer{3}{role=FOLLOWER} - Sending AppendResponse{status=OK, term=1, succeeded=true, lastLogIndex=50}
11:13:36.455 [raft-server-1] TRACE i.a.p.raft.roles.LeaderAppender - RaftServer{1} - Received AppendResponse{status=OK, term=1, succeeded=true, lastLogIndex=50} from 3
11:13:36.455 [raft-server-1-state] TRACE i.a.p.raft.impl.RaftServiceManager - RaftServer{1} - Applying Indexed{index=50, entry=CommandEntry{term=1, timestamp=2018-05-30 11:13:36,392, session=2, sequence=45, operation=PrimitiveOperation{id=DefaultOperationId{id=write, type=COMMAND}, value=byte[]{length=17, hash=-1644578928}}}}
11:13:36.455 [raft-server-3-state] TRACE i.a.p.raft.impl.RaftServiceManager - RaftServer{3} - Applying Indexed{index=49, entry=CommandEntry{term=1, timestamp=2018-05-30 11:13:36,256, session=2, sequence=44, operation=PrimitiveOperation{id=DefaultOperationId{id=write, type=COMMAND}, value=byte[]{length=17, hash=-1644578928}}}}
11:13:36.455 [raft-server-1-state] TRACE i.a.p.s.impl.DefaultServiceExecutor - PrimitiveService{2}{type=PrimitiveType{name=test}, name=test} - Executing DefaultCommit{index=50, session=RaftSession{RaftServiceContext{server=1, type=PrimitiveType{name=test}, name=test, id=2}, session=2, timestamp=2018-05-30 11:13:36,392}, time=2018-05-30 11:13:36,392, operation=DefaultOperationId{id=write, type=COMMAND}, value=byte[]{length=17, hash=-1644578928}}
11:13:36.455 [raft-server-3-state] TRACE i.a.p.s.impl.DefaultServiceExecutor - PrimitiveService{2}{type=PrimitiveType{name=test}, name=test} - Executing DefaultCommit{index=49, session=RaftSession{RaftServiceContext{server=3, type=PrimitiveType{name=test}, name=test, id=2}, session=2, timestamp=2018-05-30 11:13:36,256}, time=2018-05-30 11:13:36,256, operation=DefaultOperationId{id=write, type=COMMAND}, value=byte[]{length=17, hash=-1644578928}}
11:13:36.455 [raft-server-1-state] TRACE i.a.protocols.raft.roles.LeaderRole - RaftServer{1}{role=LEADER} - Sending CommandResponse{status=OK, index=50, eventIndex=2, result=byte[]{length=2, hash=1340}}
11:13:36.455 [raft-server-2] TRACE i.a.p.raft.roles.FollowerRole - RaftServer{2}{role=FOLLOWER} - Sending CommandResponse{status=OK, index=50, eventIndex=2, result=byte[]{length=2, hash=1340}}
11:13:36.456 [raft-client-a5a0def7-e1df-4503-b1c6-00519ae66cf7-1] TRACE i.a.p.r.p.impl.RaftProxyConnection - PartitionProxy{2}{type=PrimitiveType{name=test}, name=test} - Received CommandResponse{status=OK, index=50, eventIndex=2, result=byte[]{length=2, hash=1340}} from 2
11:13:36.456 [raft-client-a5a0def7-e1df-4503-b1c6-00519ae66cf7-1] TRACE i.a.p.r.p.impl.RaftProxySequencer - PartitionProxy{2}{type=PrimitiveType{name=test}, name=test} - Completing response CommandResponse{status=OK, index=50, eventIndex=2, result=byte[]{length=2, hash=1340}}
11:13:36.456 [raft-client-a5a0def7-e1df-4503-b1c6-00519ae66cf7-4] TRACE i.a.p.r.p.impl.RaftProxyConnection - PartitionProxy{2}{type=PrimitiveType{name=test}, name=test} - Sending CommandRequest{session=2, sequence=46, operation=PrimitiveOperation{id=DefaultOperationId{id=write, type=COMMAND}, value=byte[]{length=17, hash=-1644578928}}} to 2
11:13:36.456 [raft-server-2] TRACE i.a.p.raft.roles.FollowerRole - RaftServer{2}{role=FOLLOWER} - Received CommandRequest{session=2, sequence=46, operation=PrimitiveOperation{id=DefaultOperationId{id=write, type=COMMAND}, value=byte[]{length=17, hash=-1644578928}}}
11:13:36.456 [raft-server-1] TRACE i.a.protocols.raft.roles.LeaderRole - RaftServer{1}{role=LEADER} - Received CommandRequest{session=2, sequence=46, operation=PrimitiveOperation{id=DefaultOperationId{id=write, type=COMMAND}, value=byte[]{length=17, hash=-1644578928}}}
11:13:36.813 [raft-server-1] DEBUG i.a.storage.journal.SegmentedJournal - Created disk segment: JournalSegment{id=6, version=1, index=51, size=64}
11:13:36.813 [raft-server-1] TRACE i.a.protocols.raft.roles.LeaderRole - RaftServer{1}{role=LEADER} - Appended Indexed{index=51, entry=CommandEntry{term=1, timestamp=2018-05-30 11:13:36,456, session=2, sequence=46, operation=PrimitiveOperation{id=DefaultOperationId{id=write, type=COMMAND}, value=byte[]{length=17, hash=-1644578928}}}}
11:13:36.813 [raft-server-1] TRACE i.a.p.raft.roles.LeaderAppender - RaftServer{1} - Sending AppendRequest{term=1, leader=1, prevLogIndex=50, prevLogTerm=1, entries=1, commitIndex=50} to 2
11:13:36.814 [raft-server-2] TRACE i.a.p.raft.roles.FollowerRole - RaftServer{2}{role=FOLLOWER} - Received AppendRequest{term=1, leader=1, prevLogIndex=50, prevLogTerm=1, entries=1, commitIndex=50}
11:13:36.814 [raft-server-1] TRACE i.a.p.raft.roles.LeaderAppender - RaftServer{1} - Sending AppendRequest{term=1, leader=1, prevLogIndex=50, prevLogTerm=1, entries=1, commitIndex=50} to 3
11:13:36.814 [raft-server-3] TRACE i.a.p.raft.roles.FollowerRole - RaftServer{3}{role=FOLLOWER} - Received AppendRequest{term=1, leader=1, prevLogIndex=50, prevLogTerm=1, entries=1, commitIndex=50}
11:13:36.910 [raft-server-3] DEBUG i.a.storage.journal.SegmentedJournal - Created disk segment: JournalSegment{id=6, version=1, index=51, size=64}
11:13:36.910 [raft-server-3] TRACE i.a.p.raft.roles.FollowerRole - RaftServer{3}{role=FOLLOWER} - Appended Indexed{index=51, entry=CommandEntry{term=1, timestamp=2018-05-30 11:13:36,456, session=2, sequence=46, operation=PrimitiveOperation{id=DefaultOperationId{id=write, type=COMMAND}, value=byte[]{length=17, hash=-1644578928}}}}
11:13:36.940 [raft-server-2] DEBUG i.a.storage.journal.SegmentedJournal - Created disk segment: JournalSegment{id=6, version=1, index=51, size=64}
11:13:36.940 [raft-server-2] TRACE i.a.p.raft.roles.FollowerRole - RaftServer{2}{role=FOLLOWER} - Appended Indexed{index=51, entry=CommandEntry{term=1, timestamp=2018-05-30 11:13:36,456, session=2, sequence=46, operation=PrimitiveOperation{id=DefaultOperationId{id=write, type=COMMAND}, value=byte[]{length=17, hash=-1644578928}}}}
11:13:36.971 [raft-server-3] TRACE i.a.p.raft.roles.FollowerRole - RaftServer{3}{role=FOLLOWER} - Committed entries up to index 50
11:13:36.971 [raft-server-3] TRACE i.a.p.raft.roles.FollowerRole - RaftServer{3}{role=FOLLOWER} - Sending AppendResponse{status=OK, term=1, succeeded=true, lastLogIndex=51}
11:13:36.972 [raft-server-1] TRACE i.a.p.raft.roles.LeaderAppender - RaftServer{1} - Received AppendResponse{status=OK, term=1, succeeded=true, lastLogIndex=51} from 3
11:13:36.972 [raft-server-1] TRACE i.a.p.raft.roles.LeaderAppender - RaftServer{1} - Committed entries up to 51
11:13:36.972 [raft-server-3-state] TRACE i.a.p.raft.impl.RaftServiceManager - RaftServer{3} - Applying Indexed{index=50, entry=CommandEntry{term=1, timestamp=2018-05-30 11:13:36,392, session=2, sequence=45, operation=PrimitiveOperation{id=DefaultOperationId{id=write, type=COMMAND}, value=byte[]{length=17, hash=-1644578928}}}}
11:13:36.972 [raft-server-3-state] TRACE i.a.p.s.impl.DefaultServiceExecutor - PrimitiveService{2}{type=PrimitiveType{name=test}, name=test} - Executing DefaultCommit{index=50, session=RaftSession{RaftServiceContext{server=3, type=PrimitiveType{name=test}, name=test, id=2}, session=2, timestamp=2018-05-30 11:13:36,392}, time=2018-05-30 11:13:36,392, operation=DefaultOperationId{id=write, type=COMMAND}, value=byte[]{length=17, hash=-1644578928}}
11:13:37.005 [raft-server-2] TRACE i.a.p.raft.roles.FollowerRole - RaftServer{2}{role=FOLLOWER} - Committed entries up to index 50
11:13:37.005 [raft-server-2] TRACE i.a.p.raft.roles.FollowerRole - RaftServer{2}{role=FOLLOWER} - Sending AppendResponse{status=OK, term=1, succeeded=true, lastLogIndex=51}
11:13:37.005 [raft-server-2-state] TRACE i.a.p.raft.impl.RaftServiceManager - RaftServer{2} - Applying Indexed{index=50, entry=CommandEntry{term=1, timestamp=2018-05-30 11:13:36,392, session=2, sequence=45, operation=PrimitiveOperation{id=DefaultOperationId{id=write, type=COMMAND}, value=byte[]{length=17, hash=-1644578928}}}}
11:13:37.005 [raft-server-2-state] TRACE i.a.p.s.impl.DefaultServiceExecutor - PrimitiveService{2}{type=PrimitiveType{name=test}, name=test} - Executing DefaultCommit{index=50, session=RaftSession{RaftServiceContext{server=2, type=PrimitiveType{name=test}, name=test, id=2}, session=2, timestamp=2018-05-30 11:13:36,392}, time=2018-05-30 11:13:36,392, operation=DefaultOperationId{id=write, type=COMMAND}, value=byte[]{length=17, hash=-1644578928}}
11:13:37.030 [raft-server-1] TRACE i.a.p.raft.roles.LeaderAppender - RaftServer{1} - Sending AppendRequest{term=1, leader=1, prevLogIndex=51, prevLogTerm=1, entries=0, commitIndex=51} to 3
11:13:37.030 [raft-server-3] TRACE i.a.p.raft.roles.FollowerRole - RaftServer{3}{role=FOLLOWER} - Received AppendRequest{term=1, leader=1, prevLogIndex=51, prevLogTerm=1, entries=0, commitIndex=51}
11:13:37.030 [raft-server-1] TRACE i.a.p.raft.roles.LeaderAppender - RaftServer{1} - Received AppendResponse{status=OK, term=1, succeeded=true, lastLogIndex=51} from 2
11:13:37.031 [raft-server-1] TRACE i.a.p.raft.roles.LeaderAppender - RaftServer{1} - Sending AppendRequest{term=1, leader=1, prevLogIndex=51, prevLogTerm=1, entries=0, commitIndex=51} to 2
11:13:37.031 [raft-server-2] TRACE i.a.p.raft.roles.FollowerRole - RaftServer{2}{role=FOLLOWER} - Received AppendRequest{term=1, leader=1, prevLogIndex=51, prevLogTerm=1, entries=0, commitIndex=51}
11:13:37.031 [raft-server-1-state] TRACE i.a.p.raft.impl.RaftServiceManager - RaftServer{1} - Applying Indexed{index=51, entry=CommandEntry{term=1, timestamp=2018-05-30 11:13:36,456, session=2, sequence=46, operation=PrimitiveOperation{id=DefaultOperationId{id=write, type=COMMAND}, value=byte[]{length=17, hash=-1644578928}}}}
11:13:37.031 [raft-server-1-state] TRACE i.a.p.s.impl.DefaultServiceExecutor - PrimitiveService{2}{type=PrimitiveType{name=test}, name=test} - Executing DefaultCommit{index=51, session=RaftSession{RaftServiceContext{server=1, type=PrimitiveType{name=test}, name=test, id=2}, session=2, timestamp=2018-05-30 11:13:36,456}, time=2018-05-30 11:13:36,456, operation=DefaultOperationId{id=write, type=COMMAND}, value=byte[]{length=17, hash=-1644578928}}
11:13:37.032 [raft-server-1-state] TRACE i.a.protocols.raft.roles.LeaderRole - RaftServer{1}{role=LEADER} - Sending CommandResponse{status=OK, index=51, eventIndex=2, result=byte[]{length=2, hash=1342}}
11:13:37.055 [raft-server-3] TRACE i.a.p.raft.roles.FollowerRole - RaftServer{3}{role=FOLLOWER} - Committed entries up to index 51
11:13:37.055 [raft-server-3] TRACE i.a.p.raft.roles.FollowerRole - RaftServer{3}{role=FOLLOWER} - Sending AppendResponse{status=OK, term=1, succeeded=true, lastLogIndex=51}
11:13:37.055 [raft-server-1] TRACE i.a.p.raft.roles.LeaderAppender - RaftServer{1} - Received AppendResponse{status=OK, term=1, succeeded=true, lastLogIndex=51} from 3
11:13:37.055 [raft-server-1] TRACE i.a.p.raft.roles.LeaderAppender - RaftServer{1} - Sending AppendRequest{term=1, leader=1, prevLogIndex=51, prevLogTerm=1, entries=0, commitIndex=51} to 3
11:13:37.055 [raft-server-3-state] TRACE i.a.p.raft.impl.RaftServiceManager - RaftServer{3} - Applying Indexed{index=51, entry=CommandEntry{term=1, timestamp=2018-05-30 11:13:36,456, session=2, sequence=46, operation=PrimitiveOperation{id=DefaultOperationId{id=write, type=COMMAND}, value=byte[]{length=17, hash=-1644578928}}}}
11:13:37.055 [raft-server-3] TRACE i.a.p.raft.roles.FollowerRole - RaftServer{3}{role=FOLLOWER} - Received AppendRequest{term=1, leader=1, prevLogIndex=51, prevLogTerm=1, entries=0, commitIndex=51}
11:13:37.055 [raft-server-3] TRACE i.a.p.raft.roles.FollowerRole - RaftServer{3}{role=FOLLOWER} - Sending AppendResponse{status=OK, term=1, succeeded=true, lastLogIndex=51}
11:13:37.055 [raft-server-3-state] TRACE i.a.p.s.impl.DefaultServiceExecutor - PrimitiveService{2}{type=PrimitiveType{name=test}, name=test} - Executing DefaultCommit{index=51, session=RaftSession{RaftServiceContext{server=3, type=PrimitiveType{name=test}, name=test, id=2}, session=2, timestamp=2018-05-30 11:13:36,456}, time=2018-05-30 11:13:36,456, operation=DefaultOperationId{id=write, type=COMMAND}, value=byte[]{length=17, hash=-1644578928}}
11:13:37.055 [raft-server-1] TRACE i.a.p.raft.roles.LeaderAppender - RaftServer{1} - Received AppendResponse{status=OK, term=1, succeeded=true, lastLogIndex=51} from 3
11:13:37.080 [raft-server-2] TRACE i.a.p.raft.roles.FollowerRole - RaftServer{2}{role=FOLLOWER} - Committed entries up to index 51
11:13:37.080 [raft-server-2] TRACE i.a.p.raft.roles.FollowerRole - RaftServer{2}{role=FOLLOWER} - Sending AppendResponse{status=OK, term=1, succeeded=true, lastLogIndex=51}
11:13:37.080 [raft-server-1] TRACE i.a.p.raft.roles.LeaderAppender - RaftServer{1} - Received AppendResponse{status=OK, term=1, succeeded=true, lastLogIndex=51} from 2
11:13:37.080 [raft-server-2] TRACE i.a.p.raft.roles.FollowerRole - RaftServer{2}{role=FOLLOWER} - Sending CommandResponse{status=OK, index=51, eventIndex=2, result=byte[]{length=2, hash=1342}}
11:13:37.080 [raft-client-a5a0def7-e1df-4503-b1c6-00519ae66cf7-5] TRACE i.a.p.r.p.impl.RaftProxyConnection - PartitionProxy{2}{type=PrimitiveType{name=test}, name=test} - Received CommandResponse{status=OK, index=51, eventIndex=2, result=byte[]{length=2, hash=1342}} from 2
11:13:37.080 [raft-client-a5a0def7-e1df-4503-b1c6-00519ae66cf7-5] TRACE i.a.p.r.p.impl.RaftProxySequencer - PartitionProxy{2}{type=PrimitiveType{name=test}, name=test} - Completing response CommandResponse{status=OK, index=51, eventIndex=2, result=byte[]{length=2, hash=1342}}
11:13:37.080 [raft-server-2-state] TRACE i.a.p.raft.impl.RaftServiceManager - RaftServer{2} - Applying Indexed{index=51, entry=CommandEntry{term=1, timestamp=2018-05-30 11:13:36,456, session=2, sequence=46, operation=PrimitiveOperation{id=DefaultOperationId{id=write, type=COMMAND}, value=byte[]{length=17, hash=-1644578928}}}}
11:13:37.080 [raft-server-2-state] TRACE i.a.p.s.impl.DefaultServiceExecutor - PrimitiveService{2}{type=PrimitiveType{name=test}, name=test} - Executing DefaultCommit{index=51, session=RaftSession{RaftServiceContext{server=2, type=PrimitiveType{name=test}, name=test, id=2}, session=2, timestamp=2018-05-30 11:13:36,456}, time=2018-05-30 11:13:36,456, operation=DefaultOperationId{id=write, type=COMMAND}, value=byte[]{length=17, hash=-1644578928}}
11:13:37.081 [raft-client-a5a0def7-e1df-4503-b1c6-00519ae66cf7-3] TRACE i.a.p.r.p.impl.RaftProxyConnection - PartitionProxy{2}{type=PrimitiveType{name=test}, name=test} - Sending CommandRequest{session=2, sequence=47, operation=PrimitiveOperation{id=DefaultOperationId{id=write, type=COMMAND}, value=byte[]{length=17, hash=-1644578928}}} to 2
11:13:37.081 [raft-server-2] TRACE i.a.p.raft.roles.FollowerRole - RaftServer{2}{role=FOLLOWER} - Received CommandRequest{session=2, sequence=47, operation=PrimitiveOperation{id=DefaultOperationId{id=write, type=COMMAND}, value=byte[]{length=17, hash=-1644578928}}}
11:13:37.081 [raft-server-1] TRACE i.a.protocols.raft.roles.LeaderRole - RaftServer{1}{role=LEADER} - Received CommandRequest{session=2, sequence=47, operation=PrimitiveOperation{id=DefaultOperationId{id=write, type=COMMAND}, value=byte[]{length=17, hash=-1644578928}}}
11:13:37.081 [raft-server-1] TRACE i.a.protocols.raft.roles.LeaderRole - RaftServer{1}{role=LEADER} - Appended Indexed{index=52, entry=CommandEntry{term=1, timestamp=2018-05-30 11:13:37,081, session=2, sequence=47, operation=PrimitiveOperation{id=DefaultOperationId{id=write, type=COMMAND}, value=byte[]{length=17, hash=-1644578928}}}}
11:13:37.081 [raft-server-1] TRACE i.a.p.raft.roles.LeaderAppender - RaftServer{1} - Sending AppendRequest{term=1, leader=1, prevLogIndex=51, prevLogTerm=1, entries=1, commitIndex=51} to 2
11:13:37.081 [raft-server-2] TRACE i.a.p.raft.roles.FollowerRole - RaftServer{2}{role=FOLLOWER} - Received AppendRequest{term=1, leader=1, prevLogIndex=51, prevLogTerm=1, entries=1, commitIndex=51}
11:13:37.081 [raft-server-1] TRACE i.a.p.raft.roles.LeaderAppender - RaftServer{1} - Sending AppendRequest{term=1, leader=1, prevLogIndex=51, prevLogTerm=1, entries=1, commitIndex=51} to 3
11:13:37.081 [raft-server-3] TRACE i.a.p.raft.roles.FollowerRole - RaftServer{3}{role=FOLLOWER} - Received AppendRequest{term=1, leader=1, prevLogIndex=51, prevLogTerm=1, entries=1, commitIndex=51}
11:13:37.081 [raft-server-2] TRACE i.a.p.raft.roles.FollowerRole - RaftServer{2}{role=FOLLOWER} - Appended Indexed{index=52, entry=CommandEntry{term=1, timestamp=2018-05-30 11:13:37,081, session=2, sequence=47, operation=PrimitiveOperation{id=DefaultOperationId{id=write, type=COMMAND}, value=byte[]{length=17, hash=-1644578928}}}}
11:13:37.081 [raft-server-2] TRACE i.a.p.raft.roles.FollowerRole - RaftServer{2}{role=FOLLOWER} - Sending AppendResponse{status=OK, term=1, succeeded=true, lastLogIndex=52}
11:13:37.081 [raft-server-3] TRACE i.a.p.raft.roles.FollowerRole - RaftServer{3}{role=FOLLOWER} - Appended Indexed{index=52, entry=CommandEntry{term=1, timestamp=2018-05-30 11:13:37,081, session=2, sequence=47, operation=PrimitiveOperation{id=DefaultOperationId{id=write, type=COMMAND}, value=byte[]{length=17, hash=-1644578928}}}}
11:13:37.082 [raft-server-3] TRACE i.a.p.raft.roles.FollowerRole - RaftServer{3}{role=FOLLOWER} - Sending AppendResponse{status=OK, term=1, succeeded=true, lastLogIndex=52}
11:13:37.082 [raft-server-1] TRACE i.a.p.raft.roles.LeaderAppender - RaftServer{1} - Received AppendResponse{status=OK, term=1, succeeded=true, lastLogIndex=52} from 2
11:13:37.082 [raft-server-1] TRACE i.a.p.raft.roles.LeaderAppender - RaftServer{1} - Committed entries up to 52
11:13:37.113 [raft-server-1] TRACE i.a.p.raft.roles.LeaderAppender - RaftServer{1} - Received AppendResponse{status=OK, term=1, succeeded=true, lastLogIndex=52} from 3
11:13:37.113 [raft-server-1-state] TRACE i.a.p.raft.impl.RaftServiceManager - RaftServer{1} - Applying Indexed{index=52, entry=CommandEntry{term=1, timestamp=2018-05-30 11:13:37,081, session=2, sequence=47, operation=PrimitiveOperation{id=DefaultOperationId{id=write, type=COMMAND}, value=byte[]{length=17, hash=-1644578928}}}}
11:13:37.113 [raft-server-1-state] TRACE i.a.p.s.impl.DefaultServiceExecutor - PrimitiveService{2}{type=PrimitiveType{name=test}, name=test} - Executing DefaultCommit{index=52, session=RaftSession{RaftServiceContext{server=1, type=PrimitiveType{name=test}, name=test, id=2}, session=2, timestamp=2018-05-30 11:13:37,081}, time=2018-05-30 11:13:37,081, operation=DefaultOperationId{id=write, type=COMMAND}, value=byte[]{length=17, hash=-1644578928}}
11:13:37.114 [raft-server-1-state] TRACE i.a.protocols.raft.roles.LeaderRole - RaftServer{1}{role=LEADER} - Sending CommandResponse{status=OK, index=52, eventIndex=2, result=byte[]{length=2, hash=1344}}
11:13:37.114 [raft-server-2] TRACE i.a.p.raft.roles.FollowerRole - RaftServer{2}{role=FOLLOWER} - Sending CommandResponse{status=OK, index=52, eventIndex=2, result=byte[]{length=2, hash=1344}}
11:13:37.114 [raft-client-a5a0def7-e1df-4503-b1c6-00519ae66cf7-6] TRACE i.a.p.r.p.impl.RaftProxyConnection - PartitionProxy{2}{type=PrimitiveType{name=test}, name=test} - Received CommandResponse{status=OK, index=52, eventIndex=2, result=byte[]{length=2, hash=1344}} from 2
11:13:37.114 [raft-client-a5a0def7-e1df-4503-b1c6-00519ae66cf7-6] TRACE i.a.p.r.p.impl.RaftProxySequencer - PartitionProxy{2}{type=PrimitiveType{name=test}, name=test} - Completing response CommandResponse{status=OK, index=52, eventIndex=2, result=byte[]{length=2, hash=1344}}
11:13:37.114 [raft-client-a5a0def7-e1df-4503-b1c6-00519ae66cf7-7] TRACE i.a.p.r.p.impl.RaftProxyConnection - PartitionProxy{2}{type=PrimitiveType{name=test}, name=test} - Sending CommandRequest{session=2, sequence=48, operation=PrimitiveOperation{id=DefaultOperationId{id=write, type=COMMAND}, value=byte[]{length=17, hash=-1644578928}}} to 2
11:13:37.115 [raft-server-2] TRACE i.a.p.raft.roles.FollowerRole - RaftServer{2}{role=FOLLOWER} - Received CommandRequest{session=2, sequence=48, operation=PrimitiveOperation{id=DefaultOperationId{id=write, type=COMMAND}, value=byte[]{length=17, hash=-1644578928}}}
11:13:37.115 [raft-server-1] TRACE i.a.protocols.raft.roles.LeaderRole - RaftServer{1}{role=LEADER} - Received CommandRequest{session=2, sequence=48, operation=PrimitiveOperation{id=DefaultOperationId{id=write, type=COMMAND}, value=byte[]{length=17, hash=-1644578928}}}
11:13:37.115 [raft-server-1] TRACE i.a.protocols.raft.roles.LeaderRole - RaftServer{1}{role=LEADER} - Appended Indexed{index=53, entry=CommandEntry{term=1, timestamp=2018-05-30 11:13:37,115, session=2, sequence=48, operation=PrimitiveOperation{id=DefaultOperationId{id=write, type=COMMAND}, value=byte[]{length=17, hash=-1644578928}}}}
11:13:37.115 [raft-server-1] TRACE i.a.p.raft.roles.LeaderAppender - RaftServer{1} - Sending AppendRequest{term=1, leader=1, prevLogIndex=52, prevLogTerm=1, entries=1, commitIndex=52} to 2
11:13:37.115 [raft-server-1] TRACE i.a.p.raft.roles.LeaderAppender - RaftServer{1} - Sending AppendRequest{term=1, leader=1, prevLogIndex=52, prevLogTerm=1, entries=1, commitIndex=52} to 3
11:13:37.115 [raft-server-2] TRACE i.a.p.raft.roles.FollowerRole - RaftServer{2}{role=FOLLOWER} - Received AppendRequest{term=1, leader=1, prevLogIndex=52, prevLogTerm=1, entries=1, commitIndex=52}
11:13:37.115 [raft-server-3] TRACE i.a.p.raft.roles.FollowerRole - RaftServer{3}{role=FOLLOWER} - Received AppendRequest{term=1, leader=1, prevLogIndex=52, prevLogTerm=1, entries=1, commitIndex=52}
11:13:37.115 [raft-server-2] TRACE i.a.p.raft.roles.FollowerRole - RaftServer{2}{role=FOLLOWER} - Appended Indexed{index=53, entry=CommandEntry{term=1, timestamp=2018-05-30 11:13:37,115, session=2, sequence=48, operation=PrimitiveOperation{id=DefaultOperationId{id=write, type=COMMAND}, value=byte[]{length=17, hash=-1644578928}}}}
11:13:37.115 [raft-server-3] TRACE i.a.p.raft.roles.FollowerRole - RaftServer{3}{role=FOLLOWER} - Appended Indexed{index=53, entry=CommandEntry{term=1, timestamp=2018-05-30 11:13:37,115, session=2, sequence=48, operation=PrimitiveOperation{id=DefaultOperationId{id=write, type=COMMAND}, value=byte[]{length=17, hash=-1644578928}}}}
11:13:37.163 [raft-server-2] TRACE i.a.p.raft.roles.FollowerRole - RaftServer{2}{role=FOLLOWER} - Committed entries up to index 52
11:13:37.163 [raft-server-3] TRACE i.a.p.raft.roles.FollowerRole - RaftServer{3}{role=FOLLOWER} - Committed entries up to index 52
11:13:37.163 [raft-server-3] TRACE i.a.p.raft.roles.FollowerRole - RaftServer{3}{role=FOLLOWER} - Sending AppendResponse{status=OK, term=1, succeeded=true, lastLogIndex=53}
11:13:37.163 [raft-server-2] TRACE i.a.p.raft.roles.FollowerRole - RaftServer{2}{role=FOLLOWER} - Sending AppendResponse{status=OK, term=1, succeeded=true, lastLogIndex=53}
11:13:37.163 [raft-server-1] TRACE i.a.p.raft.roles.LeaderAppender - RaftServer{1} - Received AppendResponse{status=OK, term=1, succeeded=true, lastLogIndex=53} from 3
11:13:37.163 [raft-server-1] TRACE i.a.p.raft.roles.LeaderAppender - RaftServer{1} - Committed entries up to 53
11:13:37.163 [raft-server-2-state] TRACE i.a.p.raft.impl.RaftServiceManager - RaftServer{2} - Applying Indexed{index=52, entry=CommandEntry{term=1, timestamp=2018-05-30 11:13:37,081, session=2, sequence=47, operation=PrimitiveOperation{id=DefaultOperationId{id=write, type=COMMAND}, value=byte[]{length=17, hash=-1644578928}}}}
11:13:37.163 [raft-server-3-state] TRACE i.a.p.raft.impl.RaftServiceManager - RaftServer{3} - Applying Indexed{index=52, entry=CommandEntry{term=1, timestamp=2018-05-30 11:13:37,081, session=2, sequence=47, operation=PrimitiveOperation{id=DefaultOperationId{id=write, type=COMMAND}, value=byte[]{length=17, hash=-1644578928}}}}
11:13:37.163 [raft-server-2-state] TRACE i.a.p.s.impl.DefaultServiceExecutor - PrimitiveService{2}{type=PrimitiveType{name=test}, name=test} - Executing DefaultCommit{index=52, session=RaftSession{RaftServiceContext{server=2, type=PrimitiveType{name=test}, name=test, id=2}, session=2, timestamp=2018-05-30 11:13:37,081}, time=2018-05-30 11:13:37,081, operation=DefaultOperationId{id=write, type=COMMAND}, value=byte[]{length=17, hash=-1644578928}}
11:13:37.164 [raft-server-3-state] TRACE i.a.p.s.impl.DefaultServiceExecutor - PrimitiveService{2}{type=PrimitiveType{name=test}, name=test} - Executing DefaultCommit{index=52, session=RaftSession{RaftServiceContext{server=3, type=PrimitiveType{name=test}, name=test, id=2}, session=2, timestamp=2018-05-30 11:13:37,081}, time=2018-05-30 11:13:37,081, operation=DefaultOperationId{id=write, type=COMMAND}, value=byte[]{length=17, hash=-1644578928}}
11:13:37.230 [raft-server-1] TRACE i.a.p.raft.roles.LeaderAppender - RaftServer{1} - Received AppendResponse{status=OK, term=1, succeeded=true, lastLogIndex=53} from 2
11:13:37.230 [raft-server-1-state] TRACE i.a.p.raft.impl.RaftServiceManager - RaftServer{1} - Applying Indexed{index=53, entry=CommandEntry{term=1, timestamp=2018-05-30 11:13:37,115, session=2, sequence=48, operation=PrimitiveOperation{id=DefaultOperationId{id=write, type=COMMAND}, value=byte[]{length=17, hash=-1644578928}}}}
11:13:37.230 [raft-server-1-state] TRACE i.a.p.s.impl.DefaultServiceExecutor - PrimitiveService{2}{type=PrimitiveType{name=test}, name=test} - Executing DefaultCommit{index=53, session=RaftSession{RaftServiceContext{server=1, type=PrimitiveType{name=test}, name=test, id=2}, session=2, timestamp=2018-05-30 11:13:37,115}, time=2018-05-30 11:13:37,115, operation=DefaultOperationId{id=write, type=COMMAND}, value=byte[]{length=17, hash=-1644578928}}
11:13:37.230 [raft-server-1-state] TRACE i.a.protocols.raft.roles.LeaderRole - RaftServer{1}{role=LEADER} - Sending CommandResponse{status=OK, index=53, eventIndex=2, result=byte[]{length=2, hash=1346}}
11:13:37.230 [raft-server-2] TRACE i.a.p.raft.roles.FollowerRole - RaftServer{2}{role=FOLLOWER} - Sending CommandResponse{status=OK, index=53, eventIndex=2, result=byte[]{length=2, hash=1346}}
11:13:37.230 [raft-client-a5a0def7-e1df-4503-b1c6-00519ae66cf7-1] TRACE i.a.p.r.p.impl.RaftProxyConnection - PartitionProxy{2}{type=PrimitiveType{name=test}, name=test} - Received CommandResponse{status=OK, index=53, eventIndex=2, result=byte[]{length=2, hash=1346}} from 2
11:13:37.231 [raft-client-a5a0def7-e1df-4503-b1c6-00519ae66cf7-1] TRACE i.a.p.r.p.impl.RaftProxySequencer - PartitionProxy{2}{type=PrimitiveType{name=test}, name=test} - Completing response CommandResponse{status=OK, index=53, eventIndex=2, result=byte[]{length=2, hash=1346}}
11:13:37.231 [raft-client-a5a0def7-e1df-4503-b1c6-00519ae66cf7-1] TRACE i.a.p.r.p.impl.RaftProxyConnection - PartitionProxy{2}{type=PrimitiveType{name=test}, name=test} - Sending CommandRequest{session=2, sequence=49, operation=PrimitiveOperation{id=DefaultOperationId{id=write, type=COMMAND}, value=byte[]{length=17, hash=-1644578928}}} to 2
11:13:37.231 [raft-server-2] TRACE i.a.p.raft.roles.FollowerRole - RaftServer{2}{role=FOLLOWER} - Received CommandRequest{session=2, sequence=49, operation=PrimitiveOperation{id=DefaultOperationId{id=write, type=COMMAND}, value=byte[]{length=17, hash=-1644578928}}}
11:13:37.231 [raft-server-1] TRACE i.a.protocols.raft.roles.LeaderRole - RaftServer{1}{role=LEADER} - Received CommandRequest{session=2, sequence=49, operation=PrimitiveOperation{id=DefaultOperationId{id=write, type=COMMAND}, value=byte[]{length=17, hash=-1644578928}}}
11:13:37.231 [raft-server-1] TRACE i.a.protocols.raft.roles.LeaderRole - RaftServer{1}{role=LEADER} - Appended Indexed{index=54, entry=CommandEntry{term=1, timestamp=2018-05-30 11:13:37,231, session=2, sequence=49, operation=PrimitiveOperation{id=DefaultOperationId{id=write, type=COMMAND}, value=byte[]{length=17, hash=-1644578928}}}}
11:13:37.232 [raft-server-1] TRACE i.a.p.raft.roles.LeaderAppender - RaftServer{1} - Sending AppendRequest{term=1, leader=1, prevLogIndex=53, prevLogTerm=1, entries=1, commitIndex=53} to 2
11:13:37.232 [raft-server-2] TRACE i.a.p.raft.roles.FollowerRole - RaftServer{2}{role=FOLLOWER} - Received AppendRequest{term=1, leader=1, prevLogIndex=53, prevLogTerm=1, entries=1, commitIndex=53}
11:13:37.232 [raft-server-1] TRACE i.a.p.raft.roles.LeaderAppender - RaftServer{1} - Sending AppendRequest{term=1, leader=1, prevLogIndex=53, prevLogTerm=1, entries=1, commitIndex=53} to 3
11:13:37.232 [raft-server-3] TRACE i.a.p.raft.roles.FollowerRole - RaftServer{3}{role=FOLLOWER} - Received AppendRequest{term=1, leader=1, prevLogIndex=53, prevLogTerm=1, entries=1, commitIndex=53}
11:13:37.232 [raft-server-2] TRACE i.a.p.raft.roles.FollowerRole - RaftServer{2}{role=FOLLOWER} - Appended Indexed{index=54, entry=CommandEntry{term=1, timestamp=2018-05-30 11:13:37,231, session=2, sequence=49, operation=PrimitiveOperation{id=DefaultOperationId{id=write, type=COMMAND}, value=byte[]{length=17, hash=-1644578928}}}}
11:13:37.232 [raft-server-3] TRACE i.a.p.raft.roles.FollowerRole - RaftServer{3}{role=FOLLOWER} - Appended Indexed{index=54, entry=CommandEntry{term=1, timestamp=2018-05-30 11:13:37,231, session=2, sequence=49, operation=PrimitiveOperation{id=DefaultOperationId{id=write, type=COMMAND}, value=byte[]{length=17, hash=-1644578928}}}}
11:13:37.255 [raft-server-2] TRACE i.a.p.raft.roles.FollowerRole - RaftServer{2}{role=FOLLOWER} - Committed entries up to index 53
11:13:37.255 [raft-server-3] TRACE i.a.p.raft.roles.FollowerRole - RaftServer{3}{role=FOLLOWER} - Committed entries up to index 53
11:13:37.255 [raft-server-2] TRACE i.a.p.raft.roles.FollowerRole - RaftServer{2}{role=FOLLOWER} - Sending AppendResponse{status=OK, term=1, succeeded=true, lastLogIndex=54}
11:13:37.255 [raft-server-3] TRACE i.a.p.raft.roles.FollowerRole - RaftServer{3}{role=FOLLOWER} - Sending AppendResponse{status=OK, term=1, succeeded=true, lastLogIndex=54}
11:13:37.255 [raft-server-1] TRACE i.a.p.raft.roles.LeaderAppender - RaftServer{1} - Received AppendResponse{status=OK, term=1, succeeded=true, lastLogIndex=54} from 2
11:13:37.255 [raft-server-1] TRACE i.a.p.raft.roles.LeaderAppender - RaftServer{1} - Committed entries up to 54
11:13:37.255 [raft-server-2-state] TRACE i.a.p.raft.impl.RaftServiceManager - RaftServer{2} - Applying Indexed{index=53, entry=CommandEntry{term=1, timestamp=2018-05-30 11:13:37,115, session=2, sequence=48, operation=PrimitiveOperation{id=DefaultOperationId{id=write, type=COMMAND}, value=byte[]{length=17, hash=-1644578928}}}}
11:13:37.255 [raft-server-3-state] TRACE i.a.p.raft.impl.RaftServiceManager - RaftServer{3} - Applying Indexed{index=53, entry=CommandEntry{term=1, timestamp=2018-05-30 11:13:37,115, session=2, sequence=48, operation=PrimitiveOperation{id=DefaultOperationId{id=write, type=COMMAND}, value=byte[]{length=17, hash=-1644578928}}}}
11:13:37.255 [raft-server-2-state] TRACE i.a.p.s.impl.DefaultServiceExecutor - PrimitiveService{2}{type=PrimitiveType{name=test}, name=test} - Executing DefaultCommit{index=53, session=RaftSession{RaftServiceContext{server=2, type=PrimitiveType{name=test}, name=test, id=2}, session=2, timestamp=2018-05-30 11:13:37,115}, time=2018-05-30 11:13:37,115, operation=DefaultOperationId{id=write, type=COMMAND}, value=byte[]{length=17, hash=-1644578928}}
11:13:37.255 [raft-server-3-state] TRACE i.a.p.s.impl.DefaultServiceExecutor - PrimitiveService{2}{type=PrimitiveType{name=test}, name=test} - Executing DefaultCommit{index=53, session=RaftSession{RaftServiceContext{server=3, type=PrimitiveType{name=test}, name=test, id=2}, session=2, timestamp=2018-05-30 11:13:37,115}, time=2018-05-30 11:13:37,115, operation=DefaultOperationId{id=write, type=COMMAND}, value=byte[]{length=17, hash=-1644578928}}
11:13:37.293 [raft-server-1] TRACE i.a.p.raft.roles.LeaderAppender - RaftServer{1} - Received AppendResponse{status=OK, term=1, succeeded=true, lastLogIndex=54} from 3
11:13:37.293 [raft-server-1] TRACE i.a.p.raft.roles.LeaderAppender - RaftServer{1} - Sending AppendRequest{term=1, leader=1, prevLogIndex=54, prevLogTerm=1, entries=0, commitIndex=54} to 2
11:13:37.293 [raft-server-1] TRACE i.a.p.raft.roles.LeaderAppender - RaftServer{1} - Sending AppendRequest{term=1, leader=1, prevLogIndex=54, prevLogTerm=1, entries=0, commitIndex=54} to 3
11:13:37.293 [raft-server-2] TRACE i.a.p.raft.roles.FollowerRole - RaftServer{2}{role=FOLLOWER} - Received AppendRequest{term=1, leader=1, prevLogIndex=54, prevLogTerm=1, entries=0, commitIndex=54}
11:13:37.293 [raft-server-3] TRACE i.a.p.raft.roles.FollowerRole - RaftServer{3}{role=FOLLOWER} - Received AppendRequest{term=1, leader=1, prevLogIndex=54, prevLogTerm=1, entries=0, commitIndex=54}
11:13:37.294 [raft-server-1-state] TRACE i.a.p.raft.impl.RaftServiceManager - RaftServer{1} - Applying Indexed{index=54, entry=CommandEntry{term=1, timestamp=2018-05-30 11:13:37,231, session=2, sequence=49, operation=PrimitiveOperation{id=DefaultOperationId{id=write, type=COMMAND}, value=byte[]{length=17, hash=-1644578928}}}}
11:13:37.294 [raft-server-1-state] TRACE i.a.p.s.impl.DefaultServiceExecutor - PrimitiveService{2}{type=PrimitiveType{name=test}, name=test} - Executing DefaultCommit{index=54, session=RaftSession{RaftServiceContext{server=1, type=PrimitiveType{name=test}, name=test, id=2}, session=2, timestamp=2018-05-30 11:13:37,231}, time=2018-05-30 11:13:37,231, operation=DefaultOperationId{id=write, type=COMMAND}, value=byte[]{length=17, hash=-1644578928}}
11:13:37.294 [raft-server-1-state] TRACE i.a.protocols.raft.roles.LeaderRole - RaftServer{1}{role=LEADER} - Sending CommandResponse{status=OK, index=54, eventIndex=2, result=byte[]{length=2, hash=1348}}
11:13:37.318 [raft-server-2] TRACE i.a.p.raft.roles.FollowerRole - RaftServer{2}{role=FOLLOWER} - Committed entries up to index 54
11:13:37.318 [raft-server-3] TRACE i.a.p.raft.roles.FollowerRole - RaftServer{3}{role=FOLLOWER} - Committed entries up to index 54
11:13:37.318 [raft-server-2] TRACE i.a.p.raft.roles.FollowerRole - RaftServer{2}{role=FOLLOWER} - Sending AppendResponse{status=OK, term=1, succeeded=true, lastLogIndex=54}
11:13:37.318 [raft-server-3] TRACE i.a.p.raft.roles.FollowerRole - RaftServer{3}{role=FOLLOWER} - Sending AppendResponse{status=OK, term=1, succeeded=true, lastLogIndex=54}
11:13:37.318 [raft-server-2] TRACE i.a.p.raft.roles.FollowerRole - RaftServer{2}{role=FOLLOWER} - Sending CommandResponse{status=OK, index=54, eventIndex=2, result=byte[]{length=2, hash=1348}}
11:13:37.318 [raft-server-1] TRACE i.a.p.raft.roles.LeaderAppender - RaftServer{1} - Received AppendResponse{status=OK, term=1, succeeded=true, lastLogIndex=54} from 2
11:13:37.318 [raft-server-1] TRACE i.a.p.raft.roles.LeaderAppender - RaftServer{1} - Sending AppendRequest{term=1, leader=1, prevLogIndex=54, prevLogTerm=1, entries=0, commitIndex=54} to 2
11:13:37.318 [raft-server-3-state] TRACE i.a.p.raft.impl.RaftServiceManager - RaftServer{3} - Applying Indexed{index=54, entry=CommandEntry{term=1, timestamp=2018-05-30 11:13:37,231, session=2, sequence=49, operation=PrimitiveOperation{id=DefaultOperationId{id=write, type=COMMAND}, value=byte[]{length=17, hash=-1644578928}}}}
11:13:37.319 [raft-server-1] TRACE i.a.p.raft.roles.LeaderAppender - RaftServer{1} - Received AppendResponse{status=OK, term=1, succeeded=true, lastLogIndex=54} from 3
11:13:37.319 [raft-client-a5a0def7-e1df-4503-b1c6-00519ae66cf7-5] TRACE i.a.p.r.p.impl.RaftProxyConnection - PartitionProxy{2}{type=PrimitiveType{name=test}, name=test} - Received CommandResponse{status=OK, index=54, eventIndex=2, result=byte[]{length=2, hash=1348}} from 2
11:13:37.319 [raft-client-a5a0def7-e1df-4503-b1c6-00519ae66cf7-5] TRACE i.a.p.r.p.impl.RaftProxySequencer - PartitionProxy{2}{type=PrimitiveType{name=test}, name=test} - Completing response CommandResponse{status=OK, index=54, eventIndex=2, result=byte[]{length=2, hash=1348}}
11:13:37.319 [raft-server-3-state] TRACE i.a.p.s.impl.DefaultServiceExecutor - PrimitiveService{2}{type=PrimitiveType{name=test}, name=test} - Executing DefaultCommit{index=54, session=RaftSession{RaftServiceContext{server=3, type=PrimitiveType{name=test}, name=test, id=2}, session=2, timestamp=2018-05-30 11:13:37,231}, time=2018-05-30 11:13:37,231, operation=DefaultOperationId{id=write, type=COMMAND}, value=byte[]{length=17, hash=-1644578928}}
11:13:37.319 [raft-server-1] TRACE i.a.p.raft.roles.LeaderAppender - RaftServer{1} - Sending AppendRequest{term=1, leader=1, prevLogIndex=54, prevLogTerm=1, entries=0, commitIndex=54} to 3
11:13:37.319 [raft-server-3] TRACE i.a.p.raft.roles.FollowerRole - RaftServer{3}{role=FOLLOWER} - Received AppendRequest{term=1, leader=1, prevLogIndex=54, prevLogTerm=1, entries=0, commitIndex=54}
11:13:37.319 [raft-server-3] TRACE i.a.p.raft.roles.FollowerRole - RaftServer{3}{role=FOLLOWER} - Sending AppendResponse{status=OK, term=1, succeeded=true, lastLogIndex=54}
11:13:37.319 [raft-server-1] TRACE i.a.p.raft.roles.LeaderAppender - RaftServer{1} - Received AppendResponse{status=OK, term=1, succeeded=true, lastLogIndex=54} from 3
11:13:37.319 [raft-client-a5a0def7-e1df-4503-b1c6-00519ae66cf7-5] TRACE i.a.p.r.p.impl.RaftProxyConnection - PartitionProxy{2}{type=PrimitiveType{name=test}, name=test} - Sending CommandRequest{session=2, sequence=50, operation=PrimitiveOperation{id=DefaultOperationId{id=write, type=COMMAND}, value=byte[]{length=17, hash=-1644578928}}} to 2
11:13:37.319 [raft-server-2] TRACE i.a.p.raft.roles.FollowerRole - RaftServer{2}{role=FOLLOWER} - Received AppendRequest{term=1, leader=1, prevLogIndex=54, prevLogTerm=1, entries=0, commitIndex=54}
11:13:37.319 [raft-server-2] TRACE i.a.p.raft.roles.FollowerRole - RaftServer{2}{role=FOLLOWER} - Sending AppendResponse{status=OK, term=1, succeeded=true, lastLogIndex=54}
11:13:37.319 [raft-server-2-state] TRACE i.a.p.raft.impl.RaftServiceManager - RaftServer{2} - Applying Indexed{index=54, entry=CommandEntry{term=1, timestamp=2018-05-30 11:13:37,231, session=2, sequence=49, operation=PrimitiveOperation{id=DefaultOperationId{id=write, type=COMMAND}, value=byte[]{length=17, hash=-1644578928}}}}
11:13:37.320 [raft-server-1] TRACE i.a.p.raft.roles.LeaderAppender - RaftServer{1} - Received AppendResponse{status=OK, term=1, succeeded=true, lastLogIndex=54} from 2
11:13:37.320 [raft-server-2] TRACE i.a.p.raft.roles.FollowerRole - RaftServer{2}{role=FOLLOWER} - Received CommandRequest{session=2, sequence=50, operation=PrimitiveOperation{id=DefaultOperationId{id=write, type=COMMAND}, value=byte[]{length=17, hash=-1644578928}}}
11:13:37.320 [raft-server-2-state] TRACE i.a.p.s.impl.DefaultServiceExecutor - PrimitiveService{2}{type=PrimitiveType{name=test}, name=test} - Executing DefaultCommit{index=54, session=RaftSession{RaftServiceContext{server=2, type=PrimitiveType{name=test}, name=test, id=2}, session=2, timestamp=2018-05-30 11:13:37,231}, time=2018-05-30 11:13:37,231, operation=DefaultOperationId{id=write, type=COMMAND}, value=byte[]{length=17, hash=-1644578928}}
11:13:37.320 [raft-server-1] TRACE i.a.protocols.raft.roles.LeaderRole - RaftServer{1}{role=LEADER} - Received CommandRequest{session=2, sequence=50, operation=PrimitiveOperation{id=DefaultOperationId{id=write, type=COMMAND}, value=byte[]{length=17, hash=-1644578928}}}
11:13:37.320 [raft-server-1] TRACE i.a.protocols.raft.roles.LeaderRole - RaftServer{1}{role=LEADER} - Appended Indexed{index=55, entry=CommandEntry{term=1, timestamp=2018-05-30 11:13:37,320, session=2, sequence=50, operation=PrimitiveOperation{id=DefaultOperationId{id=write, type=COMMAND}, value=byte[]{length=17, hash=-1644578928}}}}
11:13:37.320 [raft-server-1] TRACE i.a.p.raft.roles.LeaderAppender - RaftServer{1} - Sending AppendRequest{term=1, leader=1, prevLogIndex=54, prevLogTerm=1, entries=1, commitIndex=54} to 2
11:13:37.320 [raft-server-2] TRACE i.a.p.raft.roles.FollowerRole - RaftServer{2}{role=FOLLOWER} - Received AppendRequest{term=1, leader=1, prevLogIndex=54, prevLogTerm=1, entries=1, commitIndex=54}
11:13:37.320 [raft-server-1] TRACE i.a.p.raft.roles.LeaderAppender - RaftServer{1} - Sending AppendRequest{term=1, leader=1, prevLogIndex=54, prevLogTerm=1, entries=1, commitIndex=54} to 3
11:13:37.320 [raft-server-3] TRACE i.a.p.raft.roles.FollowerRole - RaftServer{3}{role=FOLLOWER} - Received AppendRequest{term=1, leader=1, prevLogIndex=54, prevLogTerm=1, entries=1, commitIndex=54}
11:13:37.320 [raft-server-2] TRACE i.a.p.raft.roles.FollowerRole - RaftServer{2}{role=FOLLOWER} - Appended Indexed{index=55, entry=CommandEntry{term=1, timestamp=2018-05-30 11:13:37,320, session=2, sequence=50, operation=PrimitiveOperation{id=DefaultOperationId{id=write, type=COMMAND}, value=byte[]{length=17, hash=-1644578928}}}}
11:13:37.320 [raft-server-2] TRACE i.a.p.raft.roles.FollowerRole - RaftServer{2}{role=FOLLOWER} - Sending AppendResponse{status=OK, term=1, succeeded=true, lastLogIndex=55}
11:13:37.320 [raft-server-3] TRACE i.a.p.raft.roles.FollowerRole - RaftServer{3}{role=FOLLOWER} - Appended Indexed{index=55, entry=CommandEntry{term=1, timestamp=2018-05-30 11:13:37,320, session=2, sequence=50, operation=PrimitiveOperation{id=DefaultOperationId{id=write, type=COMMAND}, value=byte[]{length=17, hash=-1644578928}}}}
11:13:37.321 [raft-server-3] TRACE i.a.p.raft.roles.FollowerRole - RaftServer{3}{role=FOLLOWER} - Sending AppendResponse{status=OK, term=1, succeeded=true, lastLogIndex=55}
11:13:37.321 [raft-server-1] TRACE i.a.p.raft.roles.LeaderAppender - RaftServer{1} - Received AppendResponse{status=OK, term=1, succeeded=true, lastLogIndex=55} from 2
11:13:37.321 [raft-server-1] TRACE i.a.p.raft.roles.LeaderAppender - RaftServer{1} - Committed entries up to 55
11:13:37.360 [raft-server-1] TRACE i.a.p.raft.roles.LeaderAppender - RaftServer{1} - Received AppendResponse{status=OK, term=1, succeeded=true, lastLogIndex=55} from 3
11:13:37.360 [raft-server-1-state] TRACE i.a.p.raft.impl.RaftServiceManager - RaftServer{1} - Applying Indexed{index=55, entry=CommandEntry{term=1, timestamp=2018-05-30 11:13:37,320, session=2, sequence=50, operation=PrimitiveOperation{id=DefaultOperationId{id=write, type=COMMAND}, value=byte[]{length=17, hash=-1644578928}}}}
11:13:37.360 [raft-server-1-state] TRACE i.a.p.s.impl.DefaultServiceExecutor - PrimitiveService{2}{type=PrimitiveType{name=test}, name=test} - Executing DefaultCommit{index=55, session=RaftSession{RaftServiceContext{server=1, type=PrimitiveType{name=test}, name=test, id=2}, session=2, timestamp=2018-05-30 11:13:37,320}, time=2018-05-30 11:13:37,320, operation=DefaultOperationId{id=write, type=COMMAND}, value=byte[]{length=17, hash=-1644578928}}
11:13:37.361 [raft-server-1-state] TRACE i.a.protocols.raft.roles.LeaderRole - RaftServer{1}{role=LEADER} - Sending CommandResponse{status=OK, index=55, eventIndex=2, result=byte[]{length=2, hash=1350}}
11:13:37.361 [raft-server-2] TRACE i.a.p.raft.roles.FollowerRole - RaftServer{2}{role=FOLLOWER} - Sending CommandResponse{status=OK, index=55, eventIndex=2, result=byte[]{length=2, hash=1350}}
11:13:37.361 [raft-client-a5a0def7-e1df-4503-b1c6-00519ae66cf7-6] TRACE i.a.p.r.p.impl.RaftProxyConnection - PartitionProxy{2}{type=PrimitiveType{name=test}, name=test} - Received CommandResponse{status=OK, index=55, eventIndex=2, result=byte[]{length=2, hash=1350}} from 2
11:13:37.361 [raft-client-a5a0def7-e1df-4503-b1c6-00519ae66cf7-6] TRACE i.a.p.r.p.impl.RaftProxySequencer - PartitionProxy{2}{type=PrimitiveType{name=test}, name=test} - Completing response CommandResponse{status=OK, index=55, eventIndex=2, result=byte[]{length=2, hash=1350}}
11:13:37.362 [raft-client-a5a0def7-e1df-4503-b1c6-00519ae66cf7-4] TRACE i.a.p.r.p.impl.RaftProxyConnection - PartitionProxy{2}{type=PrimitiveType{name=test}, name=test} - Sending CommandRequest{session=2, sequence=51, operation=PrimitiveOperation{id=DefaultOperationId{id=write, type=COMMAND}, value=byte[]{length=17, hash=-1644578928}}} to 2
11:13:37.362 [raft-server-2] TRACE i.a.p.raft.roles.FollowerRole - RaftServer{2}{role=FOLLOWER} - Received CommandRequest{session=2, sequence=51, operation=PrimitiveOperation{id=DefaultOperationId{id=write, type=COMMAND}, value=byte[]{length=17, hash=-1644578928}}}
11:13:37.362 [raft-server-1] TRACE i.a.protocols.raft.roles.LeaderRole - RaftServer{1}{role=LEADER} - Received CommandRequest{session=2, sequence=51, operation=PrimitiveOperation{id=DefaultOperationId{id=write, type=COMMAND}, value=byte[]{length=17, hash=-1644578928}}}
11:13:37.363 [raft-server-1] TRACE i.a.protocols.raft.roles.LeaderRole - RaftServer{1}{role=LEADER} - Appended Indexed{index=56, entry=CommandEntry{term=1, timestamp=2018-05-30 11:13:37,363, session=2, sequence=51, operation=PrimitiveOperation{id=DefaultOperationId{id=write, type=COMMAND}, value=byte[]{length=17, hash=-1644578928}}}}
11:13:37.363 [raft-server-1] TRACE i.a.p.raft.roles.LeaderAppender - RaftServer{1} - Sending AppendRequest{term=1, leader=1, prevLogIndex=55, prevLogTerm=1, entries=1, commitIndex=55} to 2
11:13:37.363 [raft-server-2] TRACE i.a.p.raft.roles.FollowerRole - RaftServer{2}{role=FOLLOWER} - Received AppendRequest{term=1, leader=1, prevLogIndex=55, prevLogTerm=1, entries=1, commitIndex=55}
11:13:37.363 [raft-server-1] TRACE i.a.p.raft.roles.LeaderAppender - RaftServer{1} - Sending AppendRequest{term=1, leader=1, prevLogIndex=55, prevLogTerm=1, entries=1, commitIndex=55} to 3
11:13:37.364 [raft-server-3] TRACE i.a.p.raft.roles.FollowerRole - RaftServer{3}{role=FOLLOWER} - Received AppendRequest{term=1, leader=1, prevLogIndex=55, prevLogTerm=1, entries=1, commitIndex=55}
11:13:37.364 [raft-server-2] TRACE i.a.p.raft.roles.FollowerRole - RaftServer{2}{role=FOLLOWER} - Appended Indexed{index=56, entry=CommandEntry{term=1, timestamp=2018-05-30 11:13:37,363, session=2, sequence=51, operation=PrimitiveOperation{id=DefaultOperationId{id=write, type=COMMAND}, value=byte[]{length=17, hash=-1644578928}}}}
11:13:37.364 [raft-server-3] TRACE i.a.p.raft.roles.FollowerRole - RaftServer{3}{role=FOLLOWER} - Appended Indexed{index=56, entry=CommandEntry{term=1, timestamp=2018-05-30 11:13:37,363, session=2, sequence=51, operation=PrimitiveOperation{id=DefaultOperationId{id=write, type=COMMAND}, value=byte[]{length=17, hash=-1644578928}}}}
11:13:37.410 [raft-server-2] TRACE i.a.p.raft.roles.FollowerRole - RaftServer{2}{role=FOLLOWER} - Committed entries up to index 55
11:13:37.410 [raft-server-3] TRACE i.a.p.raft.roles.FollowerRole - RaftServer{3}{role=FOLLOWER} - Committed entries up to index 55
11:13:37.410 [raft-server-2] TRACE i.a.p.raft.roles.FollowerRole - RaftServer{2}{role=FOLLOWER} - Sending AppendResponse{status=OK, term=1, succeeded=true, lastLogIndex=56}
11:13:37.410 [raft-server-3] TRACE i.a.p.raft.roles.FollowerRole - RaftServer{3}{role=FOLLOWER} - Sending AppendResponse{status=OK, term=1, succeeded=true, lastLogIndex=56}
11:13:37.410 [raft-server-1] TRACE i.a.p.raft.roles.LeaderAppender - RaftServer{1} - Received AppendResponse{status=OK, term=1, succeeded=true, lastLogIndex=56} from 2
11:13:37.410 [raft-server-2-state] TRACE i.a.p.raft.impl.RaftServiceManager - RaftServer{2} - Applying Indexed{index=55, entry=CommandEntry{term=1, timestamp=2018-05-30 11:13:37,320, session=2, sequence=50, operation=PrimitiveOperation{id=DefaultOperationId{id=write, type=COMMAND}, value=byte[]{length=17, hash=-1644578928}}}}
11:13:37.410 [raft-server-1] TRACE i.a.p.raft.roles.LeaderAppender - RaftServer{1} - Committed entries up to 56
11:13:37.410 [raft-server-2-state] TRACE i.a.p.s.impl.DefaultServiceExecutor - PrimitiveService{2}{type=PrimitiveType{name=test}, name=test} - Executing DefaultCommit{index=55, session=RaftSession{RaftServiceContext{server=2, type=PrimitiveType{name=test}, name=test, id=2}, session=2, timestamp=2018-05-30 11:13:37,320}, time=2018-05-30 11:13:37,320, operation=DefaultOperationId{id=write, type=COMMAND}, value=byte[]{length=17, hash=-1644578928}}
11:13:37.411 [raft-server-3-state] TRACE i.a.p.raft.impl.RaftServiceManager - RaftServer{3} - Applying Indexed{index=55, entry=CommandEntry{term=1, timestamp=2018-05-30 11:13:37,320, session=2, sequence=50, operation=PrimitiveOperation{id=DefaultOperationId{id=write, type=COMMAND}, value=byte[]{length=17, hash=-1644578928}}}}
11:13:37.411 [raft-server-3-state] TRACE i.a.p.s.impl.DefaultServiceExecutor - PrimitiveService{2}{type=PrimitiveType{name=test}, name=test} - Executing DefaultCommit{index=55, session=RaftSession{RaftServiceContext{server=3, type=PrimitiveType{name=test}, name=test, id=2}, session=2, timestamp=2018-05-30 11:13:37,320}, time=2018-05-30 11:13:37,320, operation=DefaultOperationId{id=write, type=COMMAND}, value=byte[]{length=17, hash=-1644578928}}
11:13:37.443 [raft-server-1] TRACE i.a.p.raft.roles.LeaderAppender - RaftServer{1} - Received AppendResponse{status=OK, term=1, succeeded=true, lastLogIndex=56} from 3
11:13:37.443 [raft-server-1-state] TRACE i.a.p.raft.impl.RaftServiceManager - RaftServer{1} - Applying Indexed{index=56, entry=CommandEntry{term=1, timestamp=2018-05-30 11:13:37,363, session=2, sequence=51, operation=PrimitiveOperation{id=DefaultOperationId{id=write, type=COMMAND}, value=byte[]{length=17, hash=-1644578928}}}}
11:13:37.443 [raft-server-1-state] TRACE i.a.p.s.impl.DefaultServiceExecutor - PrimitiveService{2}{type=PrimitiveType{name=test}, name=test} - Executing DefaultCommit{index=56, session=RaftSession{RaftServiceContext{server=1, type=PrimitiveType{name=test}, name=test, id=2}, session=2, timestamp=2018-05-30 11:13:37,363}, time=2018-05-30 11:13:37,363, operation=DefaultOperationId{id=write, type=COMMAND}, value=byte[]{length=17, hash=-1644578928}}
11:13:37.444 [raft-server-1-state] TRACE i.a.protocols.raft.roles.LeaderRole - RaftServer{1}{role=LEADER} - Sending CommandResponse{status=OK, index=56, eventIndex=2, result=byte[]{length=2, hash=1352}}
11:13:37.444 [raft-server-2] TRACE i.a.p.raft.roles.FollowerRole - RaftServer{2}{role=FOLLOWER} - Sending CommandResponse{status=OK, index=56, eventIndex=2, result=byte[]{length=2, hash=1352}}
11:13:37.444 [raft-client-a5a0def7-e1df-4503-b1c6-00519ae66cf7-5] TRACE i.a.p.r.p.impl.RaftProxyConnection - PartitionProxy{2}{type=PrimitiveType{name=test}, name=test} - Received CommandResponse{status=OK, index=56, eventIndex=2, result=byte[]{length=2, hash=1352}} from 2
11:13:37.444 [raft-client-a5a0def7-e1df-4503-b1c6-00519ae66cf7-5] TRACE i.a.p.r.p.impl.RaftProxySequencer - PartitionProxy{2}{type=PrimitiveType{name=test}, name=test} - Completing response CommandResponse{status=OK, index=56, eventIndex=2, result=byte[]{length=2, hash=1352}}
11:13:37.444 [raft-client-a5a0def7-e1df-4503-b1c6-00519ae66cf7-3] TRACE i.a.p.r.p.impl.RaftProxyConnection - PartitionProxy{2}{type=PrimitiveType{name=test}, name=test} - Sending CommandRequest{session=2, sequence=52, operation=PrimitiveOperation{id=DefaultOperationId{id=write, type=COMMAND}, value=byte[]{length=17, hash=-1644578928}}} to 2
11:13:37.445 [raft-server-2] TRACE i.a.p.raft.roles.FollowerRole - RaftServer{2}{role=FOLLOWER} - Received CommandRequest{session=2, sequence=52, operation=PrimitiveOperation{id=DefaultOperationId{id=write, type=COMMAND}, value=byte[]{length=17, hash=-1644578928}}}
11:13:37.445 [raft-server-1] TRACE i.a.protocols.raft.roles.LeaderRole - RaftServer{1}{role=LEADER} - Received CommandRequest{session=2, sequence=52, operation=PrimitiveOperation{id=DefaultOperationId{id=write, type=COMMAND}, value=byte[]{length=17, hash=-1644578928}}}
11:13:37.445 [raft-server-1] TRACE i.a.protocols.raft.roles.LeaderRole - RaftServer{1}{role=LEADER} - Appended Indexed{index=57, entry=CommandEntry{term=1, timestamp=2018-05-30 11:13:37,445, session=2, sequence=52, operation=PrimitiveOperation{id=DefaultOperationId{id=write, type=COMMAND}, value=byte[]{length=17, hash=-1644578928}}}}
11:13:37.445 [raft-server-1] TRACE i.a.p.raft.roles.LeaderAppender - RaftServer{1} - Sending AppendRequest{term=1, leader=1, prevLogIndex=56, prevLogTerm=1, entries=1, commitIndex=56} to 2
11:13:37.445 [raft-server-2] TRACE i.a.p.raft.roles.FollowerRole - RaftServer{2}{role=FOLLOWER} - Received AppendRequest{term=1, leader=1, prevLogIndex=56, prevLogTerm=1, entries=1, commitIndex=56}
11:13:37.445 [raft-server-1] TRACE i.a.p.raft.roles.LeaderAppender - RaftServer{1} - Sending AppendRequest{term=1, leader=1, prevLogIndex=56, prevLogTerm=1, entries=1, commitIndex=56} to 3
11:13:37.445 [raft-server-3] TRACE i.a.p.raft.roles.FollowerRole - RaftServer{3}{role=FOLLOWER} - Received AppendRequest{term=1, leader=1, prevLogIndex=56, prevLogTerm=1, entries=1, commitIndex=56}
11:13:37.445 [raft-server-2] TRACE i.a.p.raft.roles.FollowerRole - RaftServer{2}{role=FOLLOWER} - Appended Indexed{index=57, entry=CommandEntry{term=1, timestamp=2018-05-30 11:13:37,445, session=2, sequence=52, operation=PrimitiveOperation{id=DefaultOperationId{id=write, type=COMMAND}, value=byte[]{length=17, hash=-1644578928}}}}
11:13:37.445 [raft-server-3] TRACE i.a.p.raft.roles.FollowerRole - RaftServer{3}{role=FOLLOWER} - Appended Indexed{index=57, entry=CommandEntry{term=1, timestamp=2018-05-30 11:13:37,445, session=2, sequence=52, operation=PrimitiveOperation{id=DefaultOperationId{id=write, type=COMMAND}, value=byte[]{length=17, hash=-1644578928}}}}
11:13:37.465 [raft-client-a5a0def7-e1df-4503-b1c6-00519ae66cf7-1] TRACE i.a.p.r.proxy.impl.RaftProxyManager - RaftClient{a5a0def7-e1df-4503-b1c6-00519ae66cf7} - Keeping 1 sessions alive
11:13:37.465 [raft-client-a5a0def7-e1df-4503-b1c6-00519ae66cf7-1] TRACE i.a.p.r.p.impl.RaftProxyConnection - RaftClient{a5a0def7-e1df-4503-b1c6-00519ae66cf7} - Sending KeepAliveRequest{sessionIds=long[]{length=1, hash=33}, commandSequences=long[]{length=1, hash=82}, eventIndexes=long[]{length=1, hash=33}} to 1
11:13:37.465 [raft-server-1] TRACE i.a.protocols.raft.roles.LeaderRole - RaftServer{1}{role=LEADER} - Received KeepAliveRequest{sessionIds=long[]{length=1, hash=33}, commandSequences=long[]{length=1, hash=82}, eventIndexes=long[]{length=1, hash=33}}
11:13:37.465 [raft-server-1] TRACE i.a.protocols.raft.roles.LeaderRole - RaftServer{1}{role=LEADER} - Appended Indexed{index=58, entry=KeepAliveEntry{term=1, timestamp=2018-05-30 11:13:37,465, sessionIds=long[]{length=1, hash=33}, commandSequences=long[]{length=1, hash=82}, eventIndexes=long[]{length=1, hash=33}}}
11:13:37.488 [raft-server-2] TRACE i.a.p.raft.roles.FollowerRole - RaftServer{2}{role=FOLLOWER} - Committed entries up to index 56
11:13:37.488 [raft-server-3] TRACE i.a.p.raft.roles.FollowerRole - RaftServer{3}{role=FOLLOWER} - Committed entries up to index 56
11:13:37.488 [raft-server-3] TRACE i.a.p.raft.roles.FollowerRole - RaftServer{3}{role=FOLLOWER} - Sending AppendResponse{status=OK, term=1, succeeded=true, lastLogIndex=57}
11:13:37.488 [raft-server-2] TRACE i.a.p.raft.roles.FollowerRole - RaftServer{2}{role=FOLLOWER} - Sending AppendResponse{status=OK, term=1, succeeded=true, lastLogIndex=57}
11:13:37.488 [raft-server-3-state] TRACE i.a.p.raft.impl.RaftServiceManager - RaftServer{3} - Applying Indexed{index=56, entry=CommandEntry{term=1, timestamp=2018-05-30 11:13:37,363, session=2, sequence=51, operation=PrimitiveOperation{id=DefaultOperationId{id=write, type=COMMAND}, value=byte[]{length=17, hash=-1644578928}}}}
11:13:37.488 [raft-server-2-state] TRACE i.a.p.raft.impl.RaftServiceManager - RaftServer{2} - Applying Indexed{index=56, entry=CommandEntry{term=1, timestamp=2018-05-30 11:13:37,363, session=2, sequence=51, operation=PrimitiveOperation{id=DefaultOperationId{id=write, type=COMMAND}, value=byte[]{length=17, hash=-1644578928}}}}
11:13:37.488 [raft-server-1] TRACE i.a.p.raft.roles.LeaderAppender - RaftServer{1} - Received AppendResponse{status=OK, term=1, succeeded=true, lastLogIndex=57} from 3
11:13:37.488 [raft-server-3-state] TRACE i.a.p.s.impl.DefaultServiceExecutor - PrimitiveService{2}{type=PrimitiveType{name=test}, name=test} - Executing DefaultCommit{index=56, session=RaftSession{RaftServiceContext{server=3, type=PrimitiveType{name=test}, name=test, id=2}, session=2, timestamp=2018-05-30 11:13:37,363}, time=2018-05-30 11:13:37,363, operation=DefaultOperationId{id=write, type=COMMAND}, value=byte[]{length=17, hash=-1644578928}}
11:13:37.488 [raft-server-1] TRACE i.a.p.raft.roles.LeaderAppender - RaftServer{1} - Committed entries up to 57
11:13:37.488 [raft-server-2-state] TRACE i.a.p.s.impl.DefaultServiceExecutor - PrimitiveService{2}{type=PrimitiveType{name=test}, name=test} - Executing DefaultCommit{index=56, session=RaftSession{RaftServiceContext{server=2, type=PrimitiveType{name=test}, name=test, id=2}, session=2, timestamp=2018-05-30 11:13:37,363}, time=2018-05-30 11:13:37,363, operation=DefaultOperationId{id=write, type=COMMAND}, value=byte[]{length=17, hash=-1644578928}}
11:13:37.521 [raft-server-1] TRACE i.a.p.raft.roles.LeaderAppender - RaftServer{1} - Sending AppendRequest{term=1, leader=1, prevLogIndex=57, prevLogTerm=1, entries=1, commitIndex=57} to 3
11:13:37.522 [raft-server-3] TRACE i.a.p.raft.roles.FollowerRole - RaftServer{3}{role=FOLLOWER} - Received AppendRequest{term=1, leader=1, prevLogIndex=57, prevLogTerm=1, entries=1, commitIndex=57}
11:13:37.522 [raft-server-1] TRACE i.a.p.raft.roles.LeaderAppender - RaftServer{1} - Received AppendResponse{status=OK, term=1, succeeded=true, lastLogIndex=57} from 2
11:13:37.522 [raft-server-1] TRACE i.a.p.raft.roles.LeaderAppender - RaftServer{1} - Sending AppendRequest{term=1, leader=1, prevLogIndex=57, prevLogTerm=1, entries=1, commitIndex=57} to 2
11:13:37.522 [raft-server-3] TRACE i.a.p.raft.roles.FollowerRole - RaftServer{3}{role=FOLLOWER} - Appended Indexed{index=58, entry=KeepAliveEntry{term=1, timestamp=2018-05-30 11:13:37,465, sessionIds=long[]{length=1, hash=33}, commandSequences=long[]{length=1, hash=82}, eventIndexes=long[]{length=1, hash=33}}}
11:13:37.522 [raft-server-2] TRACE i.a.p.raft.roles.FollowerRole - RaftServer{2}{role=FOLLOWER} - Received AppendRequest{term=1, leader=1, prevLogIndex=57, prevLogTerm=1, entries=1, commitIndex=57}
11:13:37.522 [raft-server-2] TRACE i.a.p.raft.roles.FollowerRole - RaftServer{2}{role=FOLLOWER} - Appended Indexed{index=58, entry=KeepAliveEntry{term=1, timestamp=2018-05-30 11:13:37,465, sessionIds=long[]{length=1, hash=33}, commandSequences=long[]{length=1, hash=82}, eventIndexes=long[]{length=1, hash=33}}}
11:13:37.522 [raft-server-1-state] TRACE i.a.p.raft.impl.RaftServiceManager - RaftServer{1} - Applying Indexed{index=57, entry=CommandEntry{term=1, timestamp=2018-05-30 11:13:37,445, session=2, sequence=52, operation=PrimitiveOperation{id=DefaultOperationId{id=write, type=COMMAND}, value=byte[]{length=17, hash=-1644578928}}}}
11:13:37.522 [raft-server-1-state] TRACE i.a.p.s.impl.DefaultServiceExecutor - PrimitiveService{2}{type=PrimitiveType{name=test}, name=test} - Executing DefaultCommit{index=57, session=RaftSession{RaftServiceContext{server=1, type=PrimitiveType{name=test}, name=test, id=2}, session=2, timestamp=2018-05-30 11:13:37,445}, time=2018-05-30 11:13:37,445, operation=DefaultOperationId{id=write, type=COMMAND}, value=byte[]{length=17, hash=-1644578928}}
11:13:37.523 [raft-server-1-state] TRACE i.a.protocols.raft.roles.LeaderRole - RaftServer{1}{role=LEADER} - Sending CommandResponse{status=OK, index=57, eventIndex=2, result=byte[]{length=2, hash=1354}}
11:13:37.555 [raft-server-3] TRACE i.a.p.raft.roles.FollowerRole - RaftServer{3}{role=FOLLOWER} - Committed entries up to index 57
11:13:37.555 [raft-server-3] TRACE i.a.p.raft.roles.FollowerRole - RaftServer{3}{role=FOLLOWER} - Sending AppendResponse{status=OK, term=1, succeeded=true, lastLogIndex=58}
11:13:37.555 [raft-server-1] TRACE i.a.p.raft.roles.LeaderAppender - RaftServer{1} - Received AppendResponse{status=OK, term=1, succeeded=true, lastLogIndex=58} from 3
11:13:37.555 [raft-server-1] TRACE i.a.p.raft.roles.LeaderAppender - RaftServer{1} - Committed entries up to 58
11:13:37.555 [raft-server-3-state] TRACE i.a.p.raft.impl.RaftServiceManager - RaftServer{3} - Applying Indexed{index=57, entry=CommandEntry{term=1, timestamp=2018-05-30 11:13:37,445, session=2, sequence=52, operation=PrimitiveOperation{id=DefaultOperationId{id=write, type=COMMAND}, value=byte[]{length=17, hash=-1644578928}}}}
11:13:37.555 [raft-server-3-state] TRACE i.a.p.s.impl.DefaultServiceExecutor - PrimitiveService{2}{type=PrimitiveType{name=test}, name=test} - Executing DefaultCommit{index=57, session=RaftSession{RaftServiceContext{server=3, type=PrimitiveType{name=test}, name=test, id=2}, session=2, timestamp=2018-05-30 11:13:37,445}, time=2018-05-30 11:13:37,445, operation=DefaultOperationId{id=write, type=COMMAND}, value=byte[]{length=17, hash=-1644578928}}
11:13:37.580 [raft-server-2] TRACE i.a.p.raft.roles.FollowerRole - RaftServer{2}{role=FOLLOWER} - Committed entries up to index 57
11:13:37.580 [raft-server-2] TRACE i.a.p.raft.roles.FollowerRole - RaftServer{2}{role=FOLLOWER} - Sending AppendResponse{status=OK, term=1, succeeded=true, lastLogIndex=58}
11:13:37.580 [raft-server-2] TRACE i.a.p.raft.roles.FollowerRole - RaftServer{2}{role=FOLLOWER} - Sending CommandResponse{status=OK, index=57, eventIndex=2, result=byte[]{length=2, hash=1354}}
11:13:37.580 [raft-client-a5a0def7-e1df-4503-b1c6-00519ae66cf7-7] TRACE i.a.p.r.p.impl.RaftProxyConnection - PartitionProxy{2}{type=PrimitiveType{name=test}, name=test} - Received CommandResponse{status=OK, index=57, eventIndex=2, result=byte[]{length=2, hash=1354}} from 2
11:13:37.580 [raft-client-a5a0def7-e1df-4503-b1c6-00519ae66cf7-7] TRACE i.a.p.r.p.impl.RaftProxySequencer - PartitionProxy{2}{type=PrimitiveType{name=test}, name=test} - Completing response CommandResponse{status=OK, index=57, eventIndex=2, result=byte[]{length=2, hash=1354}}
11:13:37.580 [raft-server-2-state] TRACE i.a.p.raft.impl.RaftServiceManager - RaftServer{2} - Applying Indexed{index=57, entry=CommandEntry{term=1, timestamp=2018-05-30 11:13:37,445, session=2, sequence=52, operation=PrimitiveOperation{id=DefaultOperationId{id=write, type=COMMAND}, value=byte[]{length=17, hash=-1644578928}}}}
11:13:37.580 [raft-server-2-state] TRACE i.a.p.s.impl.DefaultServiceExecutor - PrimitiveService{2}{type=PrimitiveType{name=test}, name=test} - Executing DefaultCommit{index=57, session=RaftSession{RaftServiceContext{server=2, type=PrimitiveType{name=test}, name=test, id=2}, session=2, timestamp=2018-05-30 11:13:37,445}, time=2018-05-30 11:13:37,445, operation=DefaultOperationId{id=write, type=COMMAND}, value=byte[]{length=17, hash=-1644578928}}
11:13:37.581 [raft-client-a5a0def7-e1df-4503-b1c6-00519ae66cf7-7] TRACE i.a.p.r.p.impl.RaftProxyConnection - PartitionProxy{2}{type=PrimitiveType{name=test}, name=test} - Sending CommandRequest{session=2, sequence=53, operation=PrimitiveOperation{id=DefaultOperationId{id=write, type=COMMAND}, value=byte[]{length=17, hash=-1644578928}}} to 2
11:13:37.581 [raft-server-2] TRACE i.a.p.raft.roles.FollowerRole - RaftServer{2}{role=FOLLOWER} - Received CommandRequest{session=2, sequence=53, operation=PrimitiveOperation{id=DefaultOperationId{id=write, type=COMMAND}, value=byte[]{length=17, hash=-1644578928}}}
11:13:37.596 [raft-server-1] TRACE i.a.p.raft.roles.LeaderAppender - RaftServer{1} - Sending AppendRequest{term=1, leader=1, prevLogIndex=58, prevLogTerm=1, entries=0, commitIndex=58} to 3
11:13:37.597 [raft-server-1] TRACE i.a.p.raft.roles.LeaderAppender - RaftServer{1} - Received AppendResponse{status=OK, term=1, succeeded=true, lastLogIndex=58} from 2
11:13:37.597 [raft-server-1] TRACE i.a.p.raft.roles.LeaderAppender - RaftServer{1} - Sending AppendRequest{term=1, leader=1, prevLogIndex=58, prevLogTerm=1, entries=0, commitIndex=58} to 2
11:13:37.597 [raft-server-2] TRACE i.a.p.raft.roles.FollowerRole - RaftServer{2}{role=FOLLOWER} - Received AppendRequest{term=1, leader=1, prevLogIndex=58, prevLogTerm=1, entries=0, commitIndex=58}
11:13:37.597 [raft-server-1] TRACE i.a.protocols.raft.roles.LeaderRole - RaftServer{1}{role=LEADER} - Received CommandRequest{session=2, sequence=53, operation=PrimitiveOperation{id=DefaultOperationId{id=write, type=COMMAND}, value=byte[]{length=17, hash=-1644578928}}}
11:13:37.597 [raft-server-1] TRACE i.a.protocols.raft.roles.LeaderRole - RaftServer{1}{role=LEADER} - Appended Indexed{index=59, entry=CommandEntry{term=1, timestamp=2018-05-30 11:13:37,597, session=2, sequence=53, operation=PrimitiveOperation{id=DefaultOperationId{id=write, type=COMMAND}, value=byte[]{length=17, hash=-1644578928}}}}
11:13:37.597 [raft-server-3] TRACE i.a.p.raft.roles.FollowerRole - RaftServer{3}{role=FOLLOWER} - Received AppendRequest{term=1, leader=1, prevLogIndex=58, prevLogTerm=1, entries=0, commitIndex=58}
11:13:37.597 [raft-server-3] TRACE i.a.p.raft.roles.FollowerRole - RaftServer{3}{role=FOLLOWER} - Committed entries up to index 58
11:13:37.597 [raft-server-1-state] TRACE i.a.p.raft.impl.RaftServiceManager - RaftServer{1} - Applying Indexed{index=58, entry=KeepAliveEntry{term=1, timestamp=2018-05-30 11:13:37,465, sessionIds=long[]{length=1, hash=33}, commandSequences=long[]{length=1, hash=82}, eventIndexes=long[]{length=1, hash=33}}}
11:13:37.597 [raft-server-3] TRACE i.a.p.raft.roles.FollowerRole - RaftServer{3}{role=FOLLOWER} - Sending AppendResponse{status=OK, term=1, succeeded=true, lastLogIndex=58}
11:13:37.597 [raft-server-1] TRACE i.a.p.raft.roles.LeaderAppender - RaftServer{1} - Received AppendResponse{status=OK, term=1, succeeded=true, lastLogIndex=58} from 3
11:13:37.597 [raft-server-1] TRACE i.a.p.raft.roles.LeaderAppender - RaftServer{1} - Sending AppendRequest{term=1, leader=1, prevLogIndex=58, prevLogTerm=1, entries=1, commitIndex=58} to 3
11:13:37.597 [raft-server-3-state] TRACE i.a.p.raft.impl.RaftServiceManager - RaftServer{3} - Applying Indexed{index=58, entry=KeepAliveEntry{term=1, timestamp=2018-05-30 11:13:37,465, sessionIds=long[]{length=1, hash=33}, commandSequences=long[]{length=1, hash=82}, eventIndexes=long[]{length=1, hash=33}}}
11:13:37.598 [raft-server-1] TRACE i.a.protocols.raft.roles.LeaderRole - RaftServer{1}{role=LEADER} - Sending KeepAliveResponse{status=OK, leader=1, members=[1, 2, 3], sessionIds=long[]{length=1, hash=33}}
11:13:37.598 [raft-server-3] TRACE i.a.p.raft.roles.FollowerRole - RaftServer{3}{role=FOLLOWER} - Received AppendRequest{term=1, leader=1, prevLogIndex=58, prevLogTerm=1, entries=1, commitIndex=58}
11:13:37.598 [raft-client-a5a0def7-e1df-4503-b1c6-00519ae66cf7-0] TRACE i.a.p.r.p.impl.RaftProxyConnection - RaftClient{a5a0def7-e1df-4503-b1c6-00519ae66cf7} - Received KeepAliveResponse{status=OK, leader=1, members=[1, 2, 3], sessionIds=long[]{length=1, hash=33}} from 1
11:13:37.598 [raft-server-3] TRACE i.a.p.raft.roles.FollowerRole - RaftServer{3}{role=FOLLOWER} - Appended Indexed{index=59, entry=CommandEntry{term=1, timestamp=2018-05-30 11:13:37,597, session=2, sequence=53, operation=PrimitiveOperation{id=DefaultOperationId{id=write, type=COMMAND}, value=byte[]{length=17, hash=-1644578928}}}}
11:13:37.598 [raft-server-3] TRACE i.a.p.raft.roles.FollowerRole - RaftServer{3}{role=FOLLOWER} - Sending AppendResponse{status=OK, term=1, succeeded=true, lastLogIndex=59}
11:13:37.598 [raft-server-1] TRACE i.a.p.raft.roles.LeaderAppender - RaftServer{1} - Received AppendResponse{status=OK, term=1, succeeded=true, lastLogIndex=59} from 3
11:13:37.598 [raft-server-1] TRACE i.a.p.raft.roles.LeaderAppender - RaftServer{1} - Committed entries up to 59
11:13:37.630 [raft-server-2] TRACE i.a.p.raft.roles.FollowerRole - RaftServer{2}{role=FOLLOWER} - Committed entries up to index 58
11:13:37.630 [raft-server-2] TRACE i.a.p.raft.roles.FollowerRole - RaftServer{2}{role=FOLLOWER} - Sending AppendResponse{status=OK, term=1, succeeded=true, lastLogIndex=58}
11:13:37.630 [raft-server-2-state] TRACE i.a.p.raft.impl.RaftServiceManager - RaftServer{2} - Applying Indexed{index=58, entry=KeepAliveEntry{term=1, timestamp=2018-05-30 11:13:37,465, sessionIds=long[]{length=1, hash=33}, commandSequences=long[]{length=1, hash=82}, eventIndexes=long[]{length=1, hash=33}}}
11:13:37.651 [raft-server-1] TRACE i.a.p.raft.roles.LeaderAppender - RaftServer{1} - Received AppendResponse{status=OK, term=1, succeeded=true, lastLogIndex=58} from 2
11:13:37.652 [raft-server-1] TRACE i.a.p.raft.roles.LeaderAppender - RaftServer{1} - Sending AppendRequest{term=1, leader=1, prevLogIndex=58, prevLogTerm=1, entries=1, commitIndex=59} to 2
11:13:37.652 [raft-server-2] TRACE i.a.p.raft.roles.FollowerRole - RaftServer{2}{role=FOLLOWER} - Received AppendRequest{term=1, leader=1, prevLogIndex=58, prevLogTerm=1, entries=1, commitIndex=59}
11:13:37.652 [raft-server-1-state] TRACE i.a.p.raft.impl.RaftServiceManager - RaftServer{1} - Applying Indexed{index=59, entry=CommandEntry{term=1, timestamp=2018-05-30 11:13:37,597, session=2, sequence=53, operation=PrimitiveOperation{id=DefaultOperationId{id=write, type=COMMAND}, value=byte[]{length=17, hash=-1644578928}}}}
11:13:37.652 [raft-server-2] TRACE i.a.p.raft.roles.FollowerRole - RaftServer{2}{role=FOLLOWER} - Appended Indexed{index=59, entry=CommandEntry{term=1, timestamp=2018-05-30 11:13:37,597, session=2, sequence=53, operation=PrimitiveOperation{id=DefaultOperationId{id=write, type=COMMAND}, value=byte[]{length=17, hash=-1644578928}}}}
11:13:37.652 [raft-server-1-state] TRACE i.a.p.s.impl.DefaultServiceExecutor - PrimitiveService{2}{type=PrimitiveType{name=test}, name=test} - Executing DefaultCommit{index=59, session=RaftSession{RaftServiceContext{server=1, type=PrimitiveType{name=test}, name=test, id=2}, session=2, timestamp=2018-05-30 11:13:37,597}, time=2018-05-30 11:13:37,597, operation=DefaultOperationId{id=write, type=COMMAND}, value=byte[]{length=17, hash=-1644578928}}
11:13:37.652 [raft-server-1-state] TRACE i.a.protocols.raft.roles.LeaderRole - RaftServer{1}{role=LEADER} - Sending CommandResponse{status=OK, index=59, eventIndex=2, result=byte[]{length=2, hash=1358}}
11:13:37.680 [raft-server-2] TRACE i.a.p.raft.roles.FollowerRole - RaftServer{2}{role=FOLLOWER} - Committed entries up to index 59
11:13:37.680 [raft-server-2] TRACE i.a.p.raft.roles.FollowerRole - RaftServer{2}{role=FOLLOWER} - Sending AppendResponse{status=OK, term=1, succeeded=true, lastLogIndex=59}
11:13:37.680 [raft-server-1] TRACE i.a.p.raft.roles.LeaderAppender - RaftServer{1} - Received AppendResponse{status=OK, term=1, succeeded=true, lastLogIndex=59} from 2
11:13:37.680 [raft-server-2] TRACE i.a.p.raft.roles.FollowerRole - RaftServer{2}{role=FOLLOWER} - Sending CommandResponse{status=OK, index=59, eventIndex=2, result=byte[]{length=2, hash=1358}}
11:13:37.680 [raft-client-a5a0def7-e1df-4503-b1c6-00519ae66cf7-2] TRACE i.a.p.r.p.impl.RaftProxyConnection - PartitionProxy{2}{type=PrimitiveType{name=test}, name=test} - Received CommandResponse{status=OK, index=59, eventIndex=2, result=byte[]{length=2, hash=1358}} from 2
11:13:37.680 [raft-client-a5a0def7-e1df-4503-b1c6-00519ae66cf7-2] TRACE i.a.p.r.p.impl.RaftProxySequencer - PartitionProxy{2}{type=PrimitiveType{name=test}, name=test} - Completing response CommandResponse{status=OK, index=59, eventIndex=2, result=byte[]{length=2, hash=1358}}
11:13:37.680 [raft-server-2-state] TRACE i.a.p.raft.impl.RaftServiceManager - RaftServer{2} - Applying Indexed{index=59, entry=CommandEntry{term=1, timestamp=2018-05-30 11:13:37,597, session=2, sequence=53, operation=PrimitiveOperation{id=DefaultOperationId{id=write, type=COMMAND}, value=byte[]{length=17, hash=-1644578928}}}}
11:13:37.680 [raft-server-2-state] TRACE i.a.p.s.impl.DefaultServiceExecutor - PrimitiveService{2}{type=PrimitiveType{name=test}, name=test} - Executing DefaultCommit{index=59, session=RaftSession{RaftServiceContext{server=2, type=PrimitiveType{name=test}, name=test, id=2}, session=2, timestamp=2018-05-30 11:13:37,597}, time=2018-05-30 11:13:37,597, operation=DefaultOperationId{id=write, type=COMMAND}, value=byte[]{length=17, hash=-1644578928}}
11:13:37.681 [raft-client-a5a0def7-e1df-4503-b1c6-00519ae66cf7-2] TRACE i.a.p.r.p.impl.RaftProxyConnection - PartitionProxy{2}{type=PrimitiveType{name=test}, name=test} - Sending CommandRequest{session=2, sequence=54, operation=PrimitiveOperation{id=DefaultOperationId{id=write, type=COMMAND}, value=byte[]{length=17, hash=-1644578928}}} to 2
11:13:37.681 [raft-server-2] TRACE i.a.p.raft.roles.FollowerRole - RaftServer{2}{role=FOLLOWER} - Received CommandRequest{session=2, sequence=54, operation=PrimitiveOperation{id=DefaultOperationId{id=write, type=COMMAND}, value=byte[]{length=17, hash=-1644578928}}}
11:13:37.681 [raft-server-1] TRACE i.a.protocols.raft.roles.LeaderRole - RaftServer{1}{role=LEADER} - Received CommandRequest{session=2, sequence=54, operation=PrimitiveOperation{id=DefaultOperationId{id=write, type=COMMAND}, value=byte[]{length=17, hash=-1644578928}}}
11:13:37.681 [raft-server-1] TRACE i.a.protocols.raft.roles.LeaderRole - RaftServer{1}{role=LEADER} - Appended Indexed{index=60, entry=CommandEntry{term=1, timestamp=2018-05-30 11:13:37,681, session=2, sequence=54, operation=PrimitiveOperation{id=DefaultOperationId{id=write, type=COMMAND}, value=byte[]{length=17, hash=-1644578928}}}}
11:13:37.681 [raft-server-1] TRACE i.a.p.raft.roles.LeaderAppender - RaftServer{1} - Sending AppendRequest{term=1, leader=1, prevLogIndex=59, prevLogTerm=1, entries=1, commitIndex=59} to 2
11:13:37.681 [raft-server-1] TRACE i.a.p.raft.roles.LeaderAppender - RaftServer{1} - Sending AppendRequest{term=1, leader=1, prevLogIndex=59, prevLogTerm=1, entries=1, commitIndex=59} to 3
11:13:37.682 [raft-server-3] TRACE i.a.p.raft.roles.FollowerRole - RaftServer{3}{role=FOLLOWER} - Received AppendRequest{term=1, leader=1, prevLogIndex=59, prevLogTerm=1, entries=1, commitIndex=59}
11:13:37.682 [raft-server-2] TRACE i.a.p.raft.roles.FollowerRole - RaftServer{2}{role=FOLLOWER} - Received AppendRequest{term=1, leader=1, prevLogIndex=59, prevLogTerm=1, entries=1, commitIndex=59}
11:13:37.682 [raft-server-3] TRACE i.a.p.raft.roles.FollowerRole - RaftServer{3}{role=FOLLOWER} - Appended Indexed{index=60, entry=CommandEntry{term=1, timestamp=2018-05-30 11:13:37,681, session=2, sequence=54, operation=PrimitiveOperation{id=DefaultOperationId{id=write, type=COMMAND}, value=byte[]{length=17, hash=-1644578928}}}}
11:13:37.682 [raft-server-2] TRACE i.a.p.raft.roles.FollowerRole - RaftServer{2}{role=FOLLOWER} - Appended Indexed{index=60, entry=CommandEntry{term=1, timestamp=2018-05-30 11:13:37,681, session=2, sequence=54, operation=PrimitiveOperation{id=DefaultOperationId{id=write, type=COMMAND}, value=byte[]{length=17, hash=-1644578928}}}}
11:13:37.682 [raft-server-2] TRACE i.a.p.raft.roles.FollowerRole - RaftServer{2}{role=FOLLOWER} - Sending AppendResponse{status=OK, term=1, succeeded=true, lastLogIndex=60}
11:13:37.682 [raft-server-1] TRACE i.a.p.raft.roles.LeaderAppender - RaftServer{1} - Received AppendResponse{status=OK, term=1, succeeded=true, lastLogIndex=60} from 2
11:13:37.682 [raft-server-1] TRACE i.a.p.raft.roles.LeaderAppender - RaftServer{1} - Committed entries up to 60
11:13:37.726 [raft-server-3] TRACE i.a.p.raft.roles.FollowerRole - RaftServer{3}{role=FOLLOWER} - Committed entries up to index 59
11:13:37.726 [raft-server-3] TRACE i.a.p.raft.roles.FollowerRole - RaftServer{3}{role=FOLLOWER} - Sending AppendResponse{status=OK, term=1, succeeded=true, lastLogIndex=60}
11:13:37.726 [raft-server-1-state] TRACE i.a.p.raft.impl.RaftServiceManager - RaftServer{1} - Applying Indexed{index=60, entry=CommandEntry{term=1, timestamp=2018-05-30 11:13:37,681, session=2, sequence=54, operation=PrimitiveOperation{id=DefaultOperationId{id=write, type=COMMAND}, value=byte[]{length=17, hash=-1644578928}}}}
11:13:37.727 [raft-server-3-state] TRACE i.a.p.raft.impl.RaftServiceManager - RaftServer{3} - Applying Indexed{index=59, entry=CommandEntry{term=1, timestamp=2018-05-30 11:13:37,597, session=2, sequence=53, operation=PrimitiveOperation{id=DefaultOperationId{id=write, type=COMMAND}, value=byte[]{length=17, hash=-1644578928}}}}
11:13:37.727 [raft-server-1-state] TRACE i.a.p.s.impl.DefaultServiceExecutor - PrimitiveService{2}{type=PrimitiveType{name=test}, name=test} - Executing DefaultCommit{index=60, session=RaftSession{RaftServiceContext{server=1, type=PrimitiveType{name=test}, name=test, id=2}, session=2, timestamp=2018-05-30 11:13:37,681}, time=2018-05-30 11:13:37,681, operation=DefaultOperationId{id=write, type=COMMAND}, value=byte[]{length=17, hash=-1644578928}}
11:13:37.727 [raft-server-3-state] TRACE i.a.p.s.impl.DefaultServiceExecutor - PrimitiveService{2}{type=PrimitiveType{name=test}, name=test} - Executing DefaultCommit{index=59, session=RaftSession{RaftServiceContext{server=3, type=PrimitiveType{name=test}, name=test, id=2}, session=2, timestamp=2018-05-30 11:13:37,597}, time=2018-05-30 11:13:37,597, operation=DefaultOperationId{id=write, type=COMMAND}, value=byte[]{length=17, hash=-1644578928}}
11:13:37.727 [raft-server-1-state] TRACE i.a.protocols.raft.roles.LeaderRole - RaftServer{1}{role=LEADER} - Sending CommandResponse{status=OK, index=60, eventIndex=2, result=byte[]{length=2, hash=1360}}
11:13:37.727 [raft-server-1] TRACE i.a.p.raft.roles.LeaderAppender - RaftServer{1} - Received AppendResponse{status=OK, term=1, succeeded=true, lastLogIndex=60} from 3
11:13:37.727 [raft-server-2] TRACE i.a.p.raft.roles.FollowerRole - RaftServer{2}{role=FOLLOWER} - Sending CommandResponse{status=OK, index=60, eventIndex=2, result=byte[]{length=2, hash=1360}}
11:13:37.727 [raft-client-a5a0def7-e1df-4503-b1c6-00519ae66cf7-0] TRACE i.a.p.r.p.impl.RaftProxyConnection - PartitionProxy{2}{type=PrimitiveType{name=test}, name=test} - Received CommandResponse{status=OK, index=60, eventIndex=2, result=byte[]{length=2, hash=1360}} from 2
11:13:37.727 [raft-client-a5a0def7-e1df-4503-b1c6-00519ae66cf7-0] TRACE i.a.p.r.p.impl.RaftProxySequencer - PartitionProxy{2}{type=PrimitiveType{name=test}, name=test} - Completing response CommandResponse{status=OK, index=60, eventIndex=2, result=byte[]{length=2, hash=1360}}
11:13:37.728 [raft-client-a5a0def7-e1df-4503-b1c6-00519ae66cf7-7] TRACE i.a.p.r.p.impl.RaftProxyConnection - PartitionProxy{2}{type=PrimitiveType{name=test}, name=test} - Sending CommandRequest{session=2, sequence=55, operation=PrimitiveOperation{id=DefaultOperationId{id=write, type=COMMAND}, value=byte[]{length=17, hash=-1644578928}}} to 2
11:13:37.728 [raft-server-2] TRACE i.a.p.raft.roles.FollowerRole - RaftServer{2}{role=FOLLOWER} - Received CommandRequest{session=2, sequence=55, operation=PrimitiveOperation{id=DefaultOperationId{id=write, type=COMMAND}, value=byte[]{length=17, hash=-1644578928}}}
11:13:37.728 [raft-server-1] TRACE i.a.protocols.raft.roles.LeaderRole - RaftServer{1}{role=LEADER} - Received CommandRequest{session=2, sequence=55, operation=PrimitiveOperation{id=DefaultOperationId{id=write, type=COMMAND}, value=byte[]{length=17, hash=-1644578928}}}
11:13:37.793 [raft-server-1] DEBUG i.a.storage.journal.SegmentedJournal - Created disk segment: JournalSegment{id=7, version=1, index=61, size=64}
11:13:37.793 [raft-server-1] TRACE i.a.protocols.raft.roles.LeaderRole - RaftServer{1}{role=LEADER} - Appended Indexed{index=61, entry=CommandEntry{term=1, timestamp=2018-05-30 11:13:37,728, session=2, sequence=55, operation=PrimitiveOperation{id=DefaultOperationId{id=write, type=COMMAND}, value=byte[]{length=17, hash=-1644578928}}}}
11:13:37.794 [raft-server-1] TRACE i.a.p.raft.roles.LeaderAppender - RaftServer{1} - Sending AppendRequest{term=1, leader=1, prevLogIndex=60, prevLogTerm=1, entries=1, commitIndex=60} to 2
11:13:37.794 [raft-server-2] TRACE i.a.p.raft.roles.FollowerRole - RaftServer{2}{role=FOLLOWER} - Received AppendRequest{term=1, leader=1, prevLogIndex=60, prevLogTerm=1, entries=1, commitIndex=60}
11:13:37.794 [raft-server-1] TRACE i.a.p.raft.roles.LeaderAppender - RaftServer{1} - Sending AppendRequest{term=1, leader=1, prevLogIndex=60, prevLogTerm=1, entries=1, commitIndex=60} to 3
11:13:37.794 [raft-server-3] TRACE i.a.p.raft.roles.FollowerRole - RaftServer{3}{role=FOLLOWER} - Received AppendRequest{term=1, leader=1, prevLogIndex=60, prevLogTerm=1, entries=1, commitIndex=60}
11:13:37.863 [raft-server-3] DEBUG i.a.storage.journal.SegmentedJournal - Created disk segment: JournalSegment{id=7, version=1, index=61, size=64}
11:13:37.863 [raft-server-3] TRACE i.a.p.raft.roles.FollowerRole - RaftServer{3}{role=FOLLOWER} - Appended Indexed{index=61, entry=CommandEntry{term=1, timestamp=2018-05-30 11:13:37,728, session=2, sequence=55, operation=PrimitiveOperation{id=DefaultOperationId{id=write, type=COMMAND}, value=byte[]{length=17, hash=-1644578928}}}}
11:13:37.905 [raft-server-2] DEBUG i.a.storage.journal.SegmentedJournal - Created disk segment: JournalSegment{id=7, version=1, index=61, size=64}
11:13:37.905 [raft-server-2] TRACE i.a.p.raft.roles.FollowerRole - RaftServer{2}{role=FOLLOWER} - Appended Indexed{index=61, entry=CommandEntry{term=1, timestamp=2018-05-30 11:13:37,728, session=2, sequence=55, operation=PrimitiveOperation{id=DefaultOperationId{id=write, type=COMMAND}, value=byte[]{length=17, hash=-1644578928}}}}
11:13:37.946 [raft-server-3] TRACE i.a.p.raft.roles.FollowerRole - RaftServer{3}{role=FOLLOWER} - Committed entries up to index 60
11:13:37.946 [raft-server-3] TRACE i.a.p.raft.roles.FollowerRole - RaftServer{3}{role=FOLLOWER} - Sending AppendResponse{status=OK, term=1, succeeded=true, lastLogIndex=61}
11:13:37.946 [raft-server-1] TRACE i.a.p.raft.roles.LeaderAppender - RaftServer{1} - Received AppendResponse{status=OK, term=1, succeeded=true, lastLogIndex=61} from 3
11:13:37.947 [raft-server-1] TRACE i.a.p.raft.roles.LeaderAppender - RaftServer{1} - Committed entries up to 61
11:13:37.947 [raft-server-3-state] TRACE i.a.p.raft.impl.RaftServiceManager - RaftServer{3} - Applying Indexed{index=60, entry=CommandEntry{term=1, timestamp=2018-05-30 11:13:37,681, session=2, sequence=54, operation=PrimitiveOperation{id=DefaultOperationId{id=write, type=COMMAND}, value=byte[]{length=17, hash=-1644578928}}}}
11:13:37.947 [raft-server-3-state] TRACE i.a.p.s.impl.DefaultServiceExecutor - PrimitiveService{2}{type=PrimitiveType{name=test}, name=test} - Executing DefaultCommit{index=60, session=RaftSession{RaftServiceContext{server=3, type=PrimitiveType{name=test}, name=test, id=2}, session=2, timestamp=2018-05-30 11:13:37,681}, time=2018-05-30 11:13:37,681, operation=DefaultOperationId{id=write, type=COMMAND}, value=byte[]{length=17, hash=-1644578928}}
11:13:37.977 [raft-server-2] TRACE i.a.p.raft.roles.FollowerRole - RaftServer{2}{role=FOLLOWER} - Committed entries up to index 60
11:13:37.977 [raft-server-2] TRACE i.a.p.raft.roles.FollowerRole - RaftServer{2}{role=FOLLOWER} - Sending AppendResponse{status=OK, term=1, succeeded=true, lastLogIndex=61}
11:13:37.977 [raft-server-2-state] TRACE i.a.p.raft.impl.RaftServiceManager - RaftServer{2} - Applying Indexed{index=60, entry=CommandEntry{term=1, timestamp=2018-05-30 11:13:37,681, session=2, sequence=54, operation=PrimitiveOperation{id=DefaultOperationId{id=write, type=COMMAND}, value=byte[]{length=17, hash=-1644578928}}}}
11:13:37.977 [raft-server-2-state] TRACE i.a.p.s.impl.DefaultServiceExecutor - PrimitiveService{2}{type=PrimitiveType{name=test}, name=test} - Executing DefaultCommit{index=60, session=RaftSession{RaftServiceContext{server=2, type=PrimitiveType{name=test}, name=test, id=2}, session=2, timestamp=2018-05-30 11:13:37,681}, time=2018-05-30 11:13:37,681, operation=DefaultOperationId{id=write, type=COMMAND}, value=byte[]{length=17, hash=-1644578928}}
11:13:37.996 [raft-server-1] TRACE i.a.p.raft.roles.LeaderAppender - RaftServer{1} - Received AppendResponse{status=OK, term=1, succeeded=true, lastLogIndex=61} from 2
11:13:37.997 [raft-server-1-state] TRACE i.a.p.raft.impl.RaftServiceManager - RaftServer{1} - Applying Indexed{index=61, entry=CommandEntry{term=1, timestamp=2018-05-30 11:13:37,728, session=2, sequence=55, operation=PrimitiveOperation{id=DefaultOperationId{id=write, type=COMMAND}, value=byte[]{length=17, hash=-1644578928}}}}
11:13:37.997 [raft-server-1-state] TRACE i.a.p.s.impl.DefaultServiceExecutor - PrimitiveService{2}{type=PrimitiveType{name=test}, name=test} - Executing DefaultCommit{index=61, session=RaftSession{RaftServiceContext{server=1, type=PrimitiveType{name=test}, name=test, id=2}, session=2, timestamp=2018-05-30 11:13:37,728}, time=2018-05-30 11:13:37,728, operation=DefaultOperationId{id=write, type=COMMAND}, value=byte[]{length=17, hash=-1644578928}}
11:13:37.997 [raft-server-1-state] TRACE i.a.protocols.raft.roles.LeaderRole - RaftServer{1}{role=LEADER} - Sending CommandResponse{status=OK, index=61, eventIndex=2, result=byte[]{length=2, hash=1362}}
11:13:37.997 [raft-server-2] TRACE i.a.p.raft.roles.FollowerRole - RaftServer{2}{role=FOLLOWER} - Sending CommandResponse{status=OK, index=61, eventIndex=2, result=byte[]{length=2, hash=1362}}
11:13:37.997 [raft-client-a5a0def7-e1df-4503-b1c6-00519ae66cf7-3] TRACE i.a.p.r.p.impl.RaftProxyConnection - PartitionProxy{2}{type=PrimitiveType{name=test}, name=test} - Received CommandResponse{status=OK, index=61, eventIndex=2, result=byte[]{length=2, hash=1362}} from 2
11:13:37.997 [raft-client-a5a0def7-e1df-4503-b1c6-00519ae66cf7-3] TRACE i.a.p.r.p.impl.RaftProxySequencer - PartitionProxy{2}{type=PrimitiveType{name=test}, name=test} - Completing response CommandResponse{status=OK, index=61, eventIndex=2, result=byte[]{length=2, hash=1362}}
11:13:37.998 [raft-client-a5a0def7-e1df-4503-b1c6-00519ae66cf7-1] TRACE i.a.p.r.p.impl.RaftProxyConnection - PartitionProxy{2}{type=PrimitiveType{name=test}, name=test} - Sending CommandRequest{session=2, sequence=56, operation=PrimitiveOperation{id=DefaultOperationId{id=write, type=COMMAND}, value=byte[]{length=17, hash=-1644578928}}} to 2
11:13:37.998 [raft-server-2] TRACE i.a.p.raft.roles.FollowerRole - RaftServer{2}{role=FOLLOWER} - Received CommandRequest{session=2, sequence=56, operation=PrimitiveOperation{id=DefaultOperationId{id=write, type=COMMAND}, value=byte[]{length=17, hash=-1644578928}}}
11:13:37.998 [raft-server-1] TRACE i.a.protocols.raft.roles.LeaderRole - RaftServer{1}{role=LEADER} - Received CommandRequest{session=2, sequence=56, operation=PrimitiveOperation{id=DefaultOperationId{id=write, type=COMMAND}, value=byte[]{length=17, hash=-1644578928}}}
11:13:37.998 [raft-server-1] TRACE i.a.protocols.raft.roles.LeaderRole - RaftServer{1}{role=LEADER} - Appended Indexed{index=62, entry=CommandEntry{term=1, timestamp=2018-05-30 11:13:37,998, session=2, sequence=56, operation=PrimitiveOperation{id=DefaultOperationId{id=write, type=COMMAND}, value=byte[]{length=17, hash=-1644578928}}}}
11:13:37.998 [raft-server-1] TRACE i.a.p.raft.roles.LeaderAppender - RaftServer{1} - Sending AppendRequest{term=1, leader=1, prevLogIndex=61, prevLogTerm=1, entries=1, commitIndex=61} to 2
11:13:37.998 [raft-server-1] TRACE i.a.p.raft.roles.LeaderAppender - RaftServer{1} - Sending AppendRequest{term=1, leader=1, prevLogIndex=61, prevLogTerm=1, entries=1, commitIndex=61} to 3
11:13:37.998 [raft-server-2] TRACE i.a.p.raft.roles.FollowerRole - RaftServer{2}{role=FOLLOWER} - Received AppendRequest{term=1, leader=1, prevLogIndex=61, prevLogTerm=1, entries=1, commitIndex=61}
11:13:37.998 [raft-server-2] TRACE i.a.p.raft.roles.FollowerRole - RaftServer{2}{role=FOLLOWER} - Appended Indexed{index=62, entry=CommandEntry{term=1, timestamp=2018-05-30 11:13:37,998, session=2, sequence=56, operation=PrimitiveOperation{id=DefaultOperationId{id=write, type=COMMAND}, value=byte[]{length=17, hash=-1644578928}}}}
11:13:37.999 [raft-server-3] TRACE i.a.p.raft.roles.FollowerRole - RaftServer{3}{role=FOLLOWER} - Received AppendRequest{term=1, leader=1, prevLogIndex=61, prevLogTerm=1, entries=1, commitIndex=61}
11:13:37.999 [raft-server-3] TRACE i.a.p.raft.roles.FollowerRole - RaftServer{3}{role=FOLLOWER} - Appended Indexed{index=62, entry=CommandEntry{term=1, timestamp=2018-05-30 11:13:37,998, session=2, sequence=56, operation=PrimitiveOperation{id=DefaultOperationId{id=write, type=COMMAND}, value=byte[]{length=17, hash=-1644578928}}}}
11:13:38.038 [raft-server-2] TRACE i.a.p.raft.roles.FollowerRole - RaftServer{2}{role=FOLLOWER} - Committed entries up to index 61
11:13:38.038 [raft-server-2] TRACE i.a.p.raft.roles.FollowerRole - RaftServer{2}{role=FOLLOWER} - Sending AppendResponse{status=OK, term=1, succeeded=true, lastLogIndex=62}
11:13:38.038 [raft-server-1] TRACE i.a.p.raft.roles.LeaderAppender - RaftServer{1} - Received AppendResponse{status=OK, term=1, succeeded=true, lastLogIndex=62} from 2
11:13:38.038 [raft-server-1] TRACE i.a.p.raft.roles.LeaderAppender - RaftServer{1} - Committed entries up to 62
11:13:38.038 [raft-server-2-state] TRACE i.a.p.raft.impl.RaftServiceManager - RaftServer{2} - Applying Indexed{index=61, entry=CommandEntry{term=1, timestamp=2018-05-30 11:13:37,728, session=2, sequence=55, operation=PrimitiveOperation{id=DefaultOperationId{id=write, type=COMMAND}, value=byte[]{length=17, hash=-1644578928}}}}
11:13:38.038 [raft-server-2-state] TRACE i.a.p.s.impl.DefaultServiceExecutor - PrimitiveService{2}{type=PrimitiveType{name=test}, name=test} - Executing DefaultCommit{index=61, session=RaftSession{RaftServiceContext{server=2, type=PrimitiveType{name=test}, name=test, id=2}, session=2, timestamp=2018-05-30 11:13:37,728}, time=2018-05-30 11:13:37,728, operation=DefaultOperationId{id=write, type=COMMAND}, value=byte[]{length=17, hash=-1644578928}}
11:13:38.071 [raft-server-3] TRACE i.a.p.raft.roles.FollowerRole - RaftServer{3}{role=FOLLOWER} - Committed entries up to index 61
11:13:38.071 [raft-server-3] TRACE i.a.p.raft.roles.FollowerRole - RaftServer{3}{role=FOLLOWER} - Sending AppendResponse{status=OK, term=1, succeeded=true, lastLogIndex=62}
11:13:38.072 [raft-server-3-state] TRACE i.a.p.raft.impl.RaftServiceManager - RaftServer{3} - Applying Indexed{index=61, entry=CommandEntry{term=1, timestamp=2018-05-30 11:13:37,728, session=2, sequence=55, operation=PrimitiveOperation{id=DefaultOperationId{id=write, type=COMMAND}, value=byte[]{length=17, hash=-1644578928}}}}
11:13:38.072 [raft-server-3-state] TRACE i.a.p.s.impl.DefaultServiceExecutor - PrimitiveService{2}{type=PrimitiveType{name=test}, name=test} - Executing DefaultCommit{index=61, session=RaftSession{RaftServiceContext{server=3, type=PrimitiveType{name=test}, name=test, id=2}, session=2, timestamp=2018-05-30 11:13:37,728}, time=2018-05-30 11:13:37,728, operation=DefaultOperationId{id=write, type=COMMAND}, value=byte[]{length=17, hash=-1644578928}}
11:13:38.096 [raft-server-1] TRACE i.a.p.raft.roles.LeaderAppender - RaftServer{1} - Sending AppendRequest{term=1, leader=1, prevLogIndex=62, prevLogTerm=1, entries=0, commitIndex=62} to 2
11:13:38.097 [raft-server-2] TRACE i.a.p.raft.roles.FollowerRole - RaftServer{2}{role=FOLLOWER} - Received AppendRequest{term=1, leader=1, prevLogIndex=62, prevLogTerm=1, entries=0, commitIndex=62}
11:13:38.097 [raft-server-1] TRACE i.a.p.raft.roles.LeaderAppender - RaftServer{1} - Received AppendResponse{status=OK, term=1, succeeded=true, lastLogIndex=62} from 3
11:13:38.097 [raft-server-1] TRACE i.a.p.raft.roles.LeaderAppender - RaftServer{1} - Sending AppendRequest{term=1, leader=1, prevLogIndex=62, prevLogTerm=1, entries=0, commitIndex=62} to 3
11:13:38.097 [raft-server-3] TRACE i.a.p.raft.roles.FollowerRole - RaftServer{3}{role=FOLLOWER} - Received AppendRequest{term=1, leader=1, prevLogIndex=62, prevLogTerm=1, entries=0, commitIndex=62}
11:13:38.097 [raft-server-1-state] TRACE i.a.p.raft.impl.RaftServiceManager - RaftServer{1} - Applying Indexed{index=62, entry=CommandEntry{term=1, timestamp=2018-05-30 11:13:37,998, session=2, sequence=56, operation=PrimitiveOperation{id=DefaultOperationId{id=write, type=COMMAND}, value=byte[]{length=17, hash=-1644578928}}}}
11:13:38.097 [raft-server-1-state] TRACE i.a.p.s.impl.DefaultServiceExecutor - PrimitiveService{2}{type=PrimitiveType{name=test}, name=test} - Executing DefaultCommit{index=62, session=RaftSession{RaftServiceContext{server=1, type=PrimitiveType{name=test}, name=test, id=2}, session=2, timestamp=2018-05-30 11:13:37,998}, time=2018-05-30 11:13:37,998, operation=DefaultOperationId{id=write, type=COMMAND}, value=byte[]{length=17, hash=-1644578928}}
11:13:38.097 [raft-server-1-state] TRACE i.a.protocols.raft.roles.LeaderRole - RaftServer{1}{role=LEADER} - Sending CommandResponse{status=OK, index=62, eventIndex=2, result=byte[]{length=2, hash=1364}}
11:13:38.130 [raft-server-2] TRACE i.a.p.raft.roles.FollowerRole - RaftServer{2}{role=FOLLOWER} - Committed entries up to index 62
11:13:38.130 [raft-server-2] TRACE i.a.p.raft.roles.FollowerRole - RaftServer{2}{role=FOLLOWER} - Sending AppendResponse{status=OK, term=1, succeeded=true, lastLogIndex=62}
11:13:38.130 [raft-server-1] TRACE i.a.p.raft.roles.LeaderAppender - RaftServer{1} - Received AppendResponse{status=OK, term=1, succeeded=true, lastLogIndex=62} from 2
11:13:38.130 [raft-server-2] TRACE i.a.p.raft.roles.FollowerRole - RaftServer{2}{role=FOLLOWER} - Sending CommandResponse{status=OK, index=62, eventIndex=2, result=byte[]{length=2, hash=1364}}
11:13:38.130 [raft-client-a5a0def7-e1df-4503-b1c6-00519ae66cf7-6] TRACE i.a.p.r.p.impl.RaftProxyConnection - PartitionProxy{2}{type=PrimitiveType{name=test}, name=test} - Received CommandResponse{status=OK, index=62, eventIndex=2, result=byte[]{length=2, hash=1364}} from 2
11:13:38.130 [raft-client-a5a0def7-e1df-4503-b1c6-00519ae66cf7-6] TRACE i.a.p.r.p.impl.RaftProxySequencer - PartitionProxy{2}{type=PrimitiveType{name=test}, name=test} - Completing response CommandResponse{status=OK, index=62, eventIndex=2, result=byte[]{length=2, hash=1364}}
11:13:38.130 [raft-server-2-state] TRACE i.a.p.raft.impl.RaftServiceManager - RaftServer{2} - Applying Indexed{index=62, entry=CommandEntry{term=1, timestamp=2018-05-30 11:13:37,998, session=2, sequence=56, operation=PrimitiveOperation{id=DefaultOperationId{id=write, type=COMMAND}, value=byte[]{length=17, hash=-1644578928}}}}
11:13:38.130 [raft-server-2-state] TRACE i.a.p.s.impl.DefaultServiceExecutor - PrimitiveService{2}{type=PrimitiveType{name=test}, name=test} - Executing DefaultCommit{index=62, session=RaftSession{RaftServiceContext{server=2, type=PrimitiveType{name=test}, name=test, id=2}, session=2, timestamp=2018-05-30 11:13:37,998}, time=2018-05-30 11:13:37,998, operation=DefaultOperationId{id=write, type=COMMAND}, value=byte[]{length=17, hash=-1644578928}}
11:13:38.131 [raft-client-a5a0def7-e1df-4503-b1c6-00519ae66cf7-6] TRACE i.a.p.r.p.impl.RaftProxyConnection - PartitionProxy{2}{type=PrimitiveType{name=test}, name=test} - Sending CommandRequest{session=2, sequence=57, operation=PrimitiveOperation{id=DefaultOperationId{id=write, type=COMMAND}, value=byte[]{length=17, hash=-1644578928}}} to 2
11:13:38.131 [raft-server-2] TRACE i.a.p.raft.roles.FollowerRole - RaftServer{2}{role=FOLLOWER} - Received CommandRequest{session=2, sequence=57, operation=PrimitiveOperation{id=DefaultOperationId{id=write, type=COMMAND}, value=byte[]{length=17, hash=-1644578928}}}
11:13:38.131 [raft-server-1] TRACE i.a.protocols.raft.roles.LeaderRole - RaftServer{1}{role=LEADER} - Received CommandRequest{session=2, sequence=57, operation=PrimitiveOperation{id=DefaultOperationId{id=write, type=COMMAND}, value=byte[]{length=17, hash=-1644578928}}}
11:13:38.131 [raft-server-1] TRACE i.a.protocols.raft.roles.LeaderRole - RaftServer{1}{role=LEADER} - Appended Indexed{index=63, entry=CommandEntry{term=1, timestamp=2018-05-30 11:13:38,131, session=2, sequence=57, operation=PrimitiveOperation{id=DefaultOperationId{id=write, type=COMMAND}, value=byte[]{length=17, hash=-1644578928}}}}
11:13:38.131 [raft-server-1] TRACE i.a.p.raft.roles.LeaderAppender - RaftServer{1} - Sending AppendRequest{term=1, leader=1, prevLogIndex=62, prevLogTerm=1, entries=1, commitIndex=62} to 2
11:13:38.131 [raft-server-2] TRACE i.a.p.raft.roles.FollowerRole - RaftServer{2}{role=FOLLOWER} - Received AppendRequest{term=1, leader=1, prevLogIndex=62, prevLogTerm=1, entries=1, commitIndex=62}
11:13:38.131 [raft-server-1] TRACE i.a.p.raft.roles.LeaderAppender - RaftServer{1} - Sending AppendRequest{term=1, leader=1, prevLogIndex=62, prevLogTerm=1, entries=1, commitIndex=62} to 3
11:13:38.131 [raft-server-2] TRACE i.a.p.raft.roles.FollowerRole - RaftServer{2}{role=FOLLOWER} - Appended Indexed{index=63, entry=CommandEntry{term=1, timestamp=2018-05-30 11:13:38,131, session=2, sequence=57, operation=PrimitiveOperation{id=DefaultOperationId{id=write, type=COMMAND}, value=byte[]{length=17, hash=-1644578928}}}}
11:13:38.132 [raft-server-2] TRACE i.a.p.raft.roles.FollowerRole - RaftServer{2}{role=FOLLOWER} - Sending AppendResponse{status=OK, term=1, succeeded=true, lastLogIndex=63}
11:13:38.132 [raft-server-1] TRACE i.a.p.raft.roles.LeaderAppender - RaftServer{1} - Received AppendResponse{status=OK, term=1, succeeded=true, lastLogIndex=63} from 2
11:13:38.132 [raft-server-1] TRACE i.a.p.raft.roles.LeaderAppender - RaftServer{1} - Committed entries up to 63
11:13:38.163 [raft-server-3] TRACE i.a.p.raft.roles.FollowerRole - RaftServer{3}{role=FOLLOWER} - Committed entries up to index 62
11:13:38.163 [raft-server-3] TRACE i.a.p.raft.roles.FollowerRole - RaftServer{3}{role=FOLLOWER} - Sending AppendResponse{status=OK, term=1, succeeded=true, lastLogIndex=62}
11:13:38.163 [raft-server-3] TRACE i.a.p.raft.roles.FollowerRole - RaftServer{3}{role=FOLLOWER} - Received AppendRequest{term=1, leader=1, prevLogIndex=62, prevLogTerm=1, entries=1, commitIndex=62}
11:13:38.163 [raft-server-3] TRACE i.a.p.raft.roles.FollowerRole - RaftServer{3}{role=FOLLOWER} - Appended Indexed{index=63, entry=CommandEntry{term=1, timestamp=2018-05-30 11:13:38,131, session=2, sequence=57, operation=PrimitiveOperation{id=DefaultOperationId{id=write, type=COMMAND}, value=byte[]{length=17, hash=-1644578928}}}}
11:13:38.163 [raft-server-3] TRACE i.a.p.raft.roles.FollowerRole - RaftServer{3}{role=FOLLOWER} - Sending AppendResponse{status=OK, term=1, succeeded=true, lastLogIndex=63}
11:13:38.163 [raft-server-3-state] TRACE i.a.p.raft.impl.RaftServiceManager - RaftServer{3} - Applying Indexed{index=62, entry=CommandEntry{term=1, timestamp=2018-05-30 11:13:37,998, session=2, sequence=56, operation=PrimitiveOperation{id=DefaultOperationId{id=write, type=COMMAND}, value=byte[]{length=17, hash=-1644578928}}}}
11:13:38.164 [raft-server-3-state] TRACE i.a.p.s.impl.DefaultServiceExecutor - PrimitiveService{2}{type=PrimitiveType{name=test}, name=test} - Executing DefaultCommit{index=62, session=RaftSession{RaftServiceContext{server=3, type=PrimitiveType{name=test}, name=test, id=2}, session=2, timestamp=2018-05-30 11:13:37,998}, time=2018-05-30 11:13:37,998, operation=DefaultOperationId{id=write, type=COMMAND}, value=byte[]{length=17, hash=-1644578928}}
11:13:38.188 [raft-server-1] TRACE i.a.p.raft.roles.LeaderAppender - RaftServer{1} - Received AppendResponse{status=OK, term=1, succeeded=true, lastLogIndex=62} from 3
11:13:38.188 [raft-server-1] TRACE i.a.p.raft.roles.LeaderAppender - RaftServer{1} - Received AppendResponse{status=OK, term=1, succeeded=true, lastLogIndex=63} from 3
11:13:38.188 [raft-server-1-state] TRACE i.a.p.raft.impl.RaftServiceManager - RaftServer{1} - Applying Indexed{index=63, entry=CommandEntry{term=1, timestamp=2018-05-30 11:13:38,131, session=2, sequence=57, operation=PrimitiveOperation{id=DefaultOperationId{id=write, type=COMMAND}, value=byte[]{length=17, hash=-1644578928}}}}
11:13:38.188 [raft-server-1-state] TRACE i.a.p.s.impl.DefaultServiceExecutor - PrimitiveService{2}{type=PrimitiveType{name=test}, name=test} - Executing DefaultCommit{index=63, session=RaftSession{RaftServiceContext{server=1, type=PrimitiveType{name=test}, name=test, id=2}, session=2, timestamp=2018-05-30 11:13:38,131}, time=2018-05-30 11:13:38,131, operation=DefaultOperationId{id=write, type=COMMAND}, value=byte[]{length=17, hash=-1644578928}}
11:13:38.189 [raft-server-1-state] TRACE i.a.protocols.raft.roles.LeaderRole - RaftServer{1}{role=LEADER} - Sending CommandResponse{status=OK, index=63, eventIndex=2, result=byte[]{length=2, hash=1366}}
11:13:38.189 [raft-server-2] TRACE i.a.p.raft.roles.FollowerRole - RaftServer{2}{role=FOLLOWER} - Sending CommandResponse{status=OK, index=63, eventIndex=2, result=byte[]{length=2, hash=1366}}
11:13:38.189 [raft-client-a5a0def7-e1df-4503-b1c6-00519ae66cf7-0] TRACE i.a.p.r.p.impl.RaftProxyConnection - PartitionProxy{2}{type=PrimitiveType{name=test}, name=test} - Received CommandResponse{status=OK, index=63, eventIndex=2, result=byte[]{length=2, hash=1366}} from 2
11:13:38.189 [raft-client-a5a0def7-e1df-4503-b1c6-00519ae66cf7-0] TRACE i.a.p.r.p.impl.RaftProxySequencer - PartitionProxy{2}{type=PrimitiveType{name=test}, name=test} - Completing response CommandResponse{status=OK, index=63, eventIndex=2, result=byte[]{length=2, hash=1366}}
11:13:38.189 [raft-client-a5a0def7-e1df-4503-b1c6-00519ae66cf7-5] TRACE i.a.p.r.p.impl.RaftProxyConnection - PartitionProxy{2}{type=PrimitiveType{name=test}, name=test} - Sending CommandRequest{session=2, sequence=58, operation=PrimitiveOperation{id=DefaultOperationId{id=write, type=COMMAND}, value=byte[]{length=17, hash=-1644578928}}} to 2
11:13:38.190 [raft-server-2] TRACE i.a.p.raft.roles.FollowerRole - RaftServer{2}{role=FOLLOWER} - Received CommandRequest{session=2, sequence=58, operation=PrimitiveOperation{id=DefaultOperationId{id=write, type=COMMAND}, value=byte[]{length=17, hash=-1644578928}}}
11:13:38.190 [raft-server-1] TRACE i.a.protocols.raft.roles.LeaderRole - RaftServer{1}{role=LEADER} - Received CommandRequest{session=2, sequence=58, operation=PrimitiveOperation{id=DefaultOperationId{id=write, type=COMMAND}, value=byte[]{length=17, hash=-1644578928}}}
11:13:38.190 [raft-server-1] TRACE i.a.protocols.raft.roles.LeaderRole - RaftServer{1}{role=LEADER} - Appended Indexed{index=64, entry=CommandEntry{term=1, timestamp=2018-05-30 11:13:38,190, session=2, sequence=58, operation=PrimitiveOperation{id=DefaultOperationId{id=write, type=COMMAND}, value=byte[]{length=17, hash=-1644578928}}}}
11:13:38.190 [raft-server-1] TRACE i.a.p.raft.roles.LeaderAppender - RaftServer{1} - Sending AppendRequest{term=1, leader=1, prevLogIndex=63, prevLogTerm=1, entries=1, commitIndex=63} to 2
11:13:38.190 [raft-server-2] TRACE i.a.p.raft.roles.FollowerRole - RaftServer{2}{role=FOLLOWER} - Received AppendRequest{term=1, leader=1, prevLogIndex=63, prevLogTerm=1, entries=1, commitIndex=63}
11:13:38.190 [raft-server-1] TRACE i.a.p.raft.roles.LeaderAppender - RaftServer{1} - Sending AppendRequest{term=1, leader=1, prevLogIndex=63, prevLogTerm=1, entries=1, commitIndex=63} to 3
11:13:38.190 [raft-server-3] TRACE i.a.p.raft.roles.FollowerRole - RaftServer{3}{role=FOLLOWER} - Received AppendRequest{term=1, leader=1, prevLogIndex=63, prevLogTerm=1, entries=1, commitIndex=63}
11:13:38.190 [raft-server-2] TRACE i.a.p.raft.roles.FollowerRole - RaftServer{2}{role=FOLLOWER} - Appended Indexed{index=64, entry=CommandEntry{term=1, timestamp=2018-05-30 11:13:38,190, session=2, sequence=58, operation=PrimitiveOperation{id=DefaultOperationId{id=write, type=COMMAND}, value=byte[]{length=17, hash=-1644578928}}}}
11:13:38.190 [raft-server-3] TRACE i.a.p.raft.roles.FollowerRole - RaftServer{3}{role=FOLLOWER} - Appended Indexed{index=64, entry=CommandEntry{term=1, timestamp=2018-05-30 11:13:38,190, session=2, sequence=58, operation=PrimitiveOperation{id=DefaultOperationId{id=write, type=COMMAND}, value=byte[]{length=17, hash=-1644578928}}}}
11:13:38.213 [raft-server-3] TRACE i.a.p.raft.roles.FollowerRole - RaftServer{3}{role=FOLLOWER} - Committed entries up to index 63
11:13:38.213 [raft-server-2] TRACE i.a.p.raft.roles.FollowerRole - RaftServer{2}{role=FOLLOWER} - Committed entries up to index 63
11:13:38.213 [raft-server-3] TRACE i.a.p.raft.roles.FollowerRole - RaftServer{3}{role=FOLLOWER} - Sending AppendResponse{status=OK, term=1, succeeded=true, lastLogIndex=64}
11:13:38.213 [raft-server-2] TRACE i.a.p.raft.roles.FollowerRole - RaftServer{2}{role=FOLLOWER} - Sending AppendResponse{status=OK, term=1, succeeded=true, lastLogIndex=64}
11:13:38.213 [raft-server-1] TRACE i.a.p.raft.roles.LeaderAppender - RaftServer{1} - Received AppendResponse{status=OK, term=1, succeeded=true, lastLogIndex=64} from 3
11:13:38.213 [raft-server-2-state] TRACE i.a.p.raft.impl.RaftServiceManager - RaftServer{2} - Applying Indexed{index=63, entry=CommandEntry{term=1, timestamp=2018-05-30 11:13:38,131, session=2, sequence=57, operation=PrimitiveOperation{id=DefaultOperationId{id=write, type=COMMAND}, value=byte[]{length=17, hash=-1644578928}}}}
11:13:38.213 [raft-server-1] TRACE i.a.p.raft.roles.LeaderAppender - RaftServer{1} - Committed entries up to 64
11:13:38.213 [raft-server-2-state] TRACE i.a.p.s.impl.DefaultServiceExecutor - PrimitiveService{2}{type=PrimitiveType{name=test}, name=test} - Executing DefaultCommit{index=63, session=RaftSession{RaftServiceContext{server=2, type=PrimitiveType{name=test}, name=test, id=2}, session=2, timestamp=2018-05-30 11:13:38,131}, time=2018-05-30 11:13:38,131, operation=DefaultOperationId{id=write, type=COMMAND}, value=byte[]{length=17, hash=-1644578928}}
11:13:38.213 [raft-server-3-state] TRACE i.a.p.raft.impl.RaftServiceManager - RaftServer{3} - Applying Indexed{index=63, entry=CommandEntry{term=1, timestamp=2018-05-30 11:13:38,131, session=2, sequence=57, operation=PrimitiveOperation{id=DefaultOperationId{id=write, type=COMMAND}, value=byte[]{length=17, hash=-1644578928}}}}
11:13:38.213 [raft-server-3-state] TRACE i.a.p.s.impl.DefaultServiceExecutor - PrimitiveService{2}{type=PrimitiveType{name=test}, name=test} - Executing DefaultCommit{index=63, session=RaftSession{RaftServiceContext{server=3, type=PrimitiveType{name=test}, name=test, id=2}, session=2, timestamp=2018-05-30 11:13:38,131}, time=2018-05-30 11:13:38,131, operation=DefaultOperationId{id=write, type=COMMAND}, value=byte[]{length=17, hash=-1644578928}}
11:13:38.243 [raft-server-1] TRACE i.a.p.raft.roles.LeaderAppender - RaftServer{1} - Received AppendResponse{status=OK, term=1, succeeded=true, lastLogIndex=64} from 2
11:13:38.243 [raft-server-1-state] TRACE i.a.p.raft.impl.RaftServiceManager - RaftServer{1} - Applying Indexed{index=64, entry=CommandEntry{term=1, timestamp=2018-05-30 11:13:38,190, session=2, sequence=58, operation=PrimitiveOperation{id=DefaultOperationId{id=write, type=COMMAND}, value=byte[]{length=17, hash=-1644578928}}}}
11:13:38.243 [raft-server-1-state] TRACE i.a.p.s.impl.DefaultServiceExecutor - PrimitiveService{2}{type=PrimitiveType{name=test}, name=test} - Executing DefaultCommit{index=64, session=RaftSession{RaftServiceContext{server=1, type=PrimitiveType{name=test}, name=test, id=2}, session=2, timestamp=2018-05-30 11:13:38,190}, time=2018-05-30 11:13:38,190, operation=DefaultOperationId{id=write, type=COMMAND}, value=byte[]{length=17, hash=-1644578928}}
11:13:38.244 [raft-server-1-state] TRACE i.a.protocols.raft.roles.LeaderRole - RaftServer{1}{role=LEADER} - Sending CommandResponse{status=OK, index=64, eventIndex=2, result=byte[]{length=3, hash=34473}}
11:13:38.244 [raft-server-2] TRACE i.a.p.raft.roles.FollowerRole - RaftServer{2}{role=FOLLOWER} - Sending CommandResponse{status=OK, index=64, eventIndex=2, result=byte[]{length=3, hash=34473}}
11:13:38.244 [raft-client-a5a0def7-e1df-4503-b1c6-00519ae66cf7-3] TRACE i.a.p.r.p.impl.RaftProxyConnection - PartitionProxy{2}{type=PrimitiveType{name=test}, name=test} - Received CommandResponse{status=OK, index=64, eventIndex=2, result=byte[]{length=3, hash=34473}} from 2
11:13:38.244 [raft-client-a5a0def7-e1df-4503-b1c6-00519ae66cf7-3] TRACE i.a.p.r.p.impl.RaftProxySequencer - PartitionProxy{2}{type=PrimitiveType{name=test}, name=test} - Completing response CommandResponse{status=OK, index=64, eventIndex=2, result=byte[]{length=3, hash=34473}}
11:13:38.245 [raft-client-a5a0def7-e1df-4503-b1c6-00519ae66cf7-3] TRACE i.a.p.r.p.impl.RaftProxyConnection - PartitionProxy{2}{type=PrimitiveType{name=test}, name=test} - Sending CommandRequest{session=2, sequence=59, operation=PrimitiveOperation{id=DefaultOperationId{id=write, type=COMMAND}, value=byte[]{length=17, hash=-1644578928}}} to 2
11:13:38.245 [raft-server-2] TRACE i.a.p.raft.roles.FollowerRole - RaftServer{2}{role=FOLLOWER} - Received CommandRequest{session=2, sequence=59, operation=PrimitiveOperation{id=DefaultOperationId{id=write, type=COMMAND}, value=byte[]{length=17, hash=-1644578928}}}
11:13:38.245 [raft-server-1] TRACE i.a.protocols.raft.roles.LeaderRole - RaftServer{1}{role=LEADER} - Received CommandRequest{session=2, sequence=59, operation=PrimitiveOperation{id=DefaultOperationId{id=write, type=COMMAND}, value=byte[]{length=17, hash=-1644578928}}}
11:13:38.245 [raft-server-1] TRACE i.a.protocols.raft.roles.LeaderRole - RaftServer{1}{role=LEADER} - Appended Indexed{index=65, entry=CommandEntry{term=1, timestamp=2018-05-30 11:13:38,245, session=2, sequence=59, operation=PrimitiveOperation{id=DefaultOperationId{id=write, type=COMMAND}, value=byte[]{length=17, hash=-1644578928}}}}
11:13:38.245 [raft-server-1] TRACE i.a.p.raft.roles.LeaderAppender - RaftServer{1} - Sending AppendRequest{term=1, leader=1, prevLogIndex=64, prevLogTerm=1, entries=1, commitIndex=64} to 2
11:13:38.245 [raft-server-1] TRACE i.a.p.raft.roles.LeaderAppender - RaftServer{1} - Sending AppendRequest{term=1, leader=1, prevLogIndex=64, prevLogTerm=1, entries=1, commitIndex=64} to 3
11:13:38.247 [raft-server-3] TRACE i.a.p.raft.roles.FollowerRole - RaftServer{3}{role=FOLLOWER} - Received AppendRequest{term=1, leader=1, prevLogIndex=64, prevLogTerm=1, entries=1, commitIndex=64}
11:13:38.247 [raft-server-2] TRACE i.a.p.raft.roles.FollowerRole - RaftServer{2}{role=FOLLOWER} - Received AppendRequest{term=1, leader=1, prevLogIndex=64, prevLogTerm=1, entries=1, commitIndex=64}
11:13:38.247 [raft-server-3] TRACE i.a.p.raft.roles.FollowerRole - RaftServer{3}{role=FOLLOWER} - Appended Indexed{index=65, entry=CommandEntry{term=1, timestamp=2018-05-30 11:13:38,245, session=2, sequence=59, operation=PrimitiveOperation{id=DefaultOperationId{id=write, type=COMMAND}, value=byte[]{length=17, hash=-1644578928}}}}
11:13:38.247 [raft-server-2] TRACE i.a.p.raft.roles.FollowerRole - RaftServer{2}{role=FOLLOWER} - Appended Indexed{index=65, entry=CommandEntry{term=1, timestamp=2018-05-30 11:13:38,245, session=2, sequence=59, operation=PrimitiveOperation{id=DefaultOperationId{id=write, type=COMMAND}, value=byte[]{length=17, hash=-1644578928}}}}
11:13:38.276 [raft-server-3] TRACE i.a.p.raft.roles.FollowerRole - RaftServer{3}{role=FOLLOWER} - Committed entries up to index 64
11:13:38.276 [raft-server-2] TRACE i.a.p.raft.roles.FollowerRole - RaftServer{2}{role=FOLLOWER} - Committed entries up to index 64
11:13:38.276 [raft-server-3] TRACE i.a.p.raft.roles.FollowerRole - RaftServer{3}{role=FOLLOWER} - Sending AppendResponse{status=OK, term=1, succeeded=true, lastLogIndex=65}
11:13:38.276 [raft-server-2] TRACE i.a.p.raft.roles.FollowerRole - RaftServer{2}{role=FOLLOWER} - Sending AppendResponse{status=OK, term=1, succeeded=true, lastLogIndex=65}
11:13:38.277 [raft-server-1] TRACE i.a.p.raft.roles.LeaderAppender - RaftServer{1} - Received AppendResponse{status=OK, term=1, succeeded=true, lastLogIndex=65} from 3
11:13:38.277 [raft-server-1] TRACE i.a.p.raft.roles.LeaderAppender - RaftServer{1} - Committed entries up to 65
11:13:38.277 [raft-server-3-state] TRACE i.a.p.raft.impl.RaftServiceManager - RaftServer{3} - Applying Indexed{index=64, entry=CommandEntry{term=1, timestamp=2018-05-30 11:13:38,190, session=2, sequence=58, operation=PrimitiveOperation{id=DefaultOperationId{id=write, type=COMMAND}, value=byte[]{length=17, hash=-1644578928}}}}
11:13:38.277 [raft-server-2-state] TRACE i.a.p.raft.impl.RaftServiceManager - RaftServer{2} - Applying Indexed{index=64, entry=CommandEntry{term=1, timestamp=2018-05-30 11:13:38,190, session=2, sequence=58, operation=PrimitiveOperation{id=DefaultOperationId{id=write, type=COMMAND}, value=byte[]{length=17, hash=-1644578928}}}}
11:13:38.277 [raft-server-3-state] TRACE i.a.p.s.impl.DefaultServiceExecutor - PrimitiveService{2}{type=PrimitiveType{name=test}, name=test} - Executing DefaultCommit{index=64, session=RaftSession{RaftServiceContext{server=3, type=PrimitiveType{name=test}, name=test, id=2}, session=2, timestamp=2018-05-30 11:13:38,190}, time=2018-05-30 11:13:38,190, operation=DefaultOperationId{id=write, type=COMMAND}, value=byte[]{length=17, hash=-1644578928}}
11:13:38.277 [raft-server-2-state] TRACE i.a.p.s.impl.DefaultServiceExecutor - PrimitiveService{2}{type=PrimitiveType{name=test}, name=test} - Executing DefaultCommit{index=64, session=RaftSession{RaftServiceContext{server=2, type=PrimitiveType{name=test}, name=test, id=2}, session=2, timestamp=2018-05-30 11:13:38,190}, time=2018-05-30 11:13:38,190, operation=DefaultOperationId{id=write, type=COMMAND}, value=byte[]{length=17, hash=-1644578928}}
11:13:38.310 [raft-server-1] TRACE i.a.p.raft.roles.LeaderAppender - RaftServer{1} - Sending AppendRequest{term=1, leader=1, prevLogIndex=65, prevLogTerm=1, entries=0, commitIndex=65} to 3
11:13:38.310 [raft-server-1] TRACE i.a.p.raft.roles.LeaderAppender - RaftServer{1} - Received AppendResponse{status=OK, term=1, succeeded=true, lastLogIndex=65} from 2
11:13:38.310 [raft-server-3] TRACE i.a.p.raft.roles.FollowerRole - RaftServer{3}{role=FOLLOWER} - Received AppendRequest{term=1, leader=1, prevLogIndex=65, prevLogTerm=1, entries=0, commitIndex=65}
11:13:38.310 [raft-server-1] TRACE i.a.p.raft.roles.LeaderAppender - RaftServer{1} - Sending AppendRequest{term=1, leader=1, prevLogIndex=65, prevLogTerm=1, entries=0, commitIndex=65} to 2
11:13:38.310 [raft-server-3] TRACE i.a.p.raft.roles.FollowerRole - RaftServer{3}{role=FOLLOWER} - Committed entries up to index 65
11:13:38.310 [raft-server-3] TRACE i.a.p.raft.roles.FollowerRole - RaftServer{3}{role=FOLLOWER} - Sending AppendResponse{status=OK, term=1, succeeded=true, lastLogIndex=65}
11:13:38.310 [raft-server-2] TRACE i.a.p.raft.roles.FollowerRole - RaftServer{2}{role=FOLLOWER} - Received AppendRequest{term=1, leader=1, prevLogIndex=65, prevLogTerm=1, entries=0, commitIndex=65}
11:13:38.310 [raft-server-1] TRACE i.a.p.raft.roles.LeaderAppender - RaftServer{1} - Received AppendResponse{status=OK, term=1, succeeded=true, lastLogIndex=65} from 3
11:13:38.310 [raft-server-1-state] TRACE i.a.p.raft.impl.RaftServiceManager - RaftServer{1} - Applying Indexed{index=65, entry=CommandEntry{term=1, timestamp=2018-05-30 11:13:38,245, session=2, sequence=59, operation=PrimitiveOperation{id=DefaultOperationId{id=write, type=COMMAND}, value=byte[]{length=17, hash=-1644578928}}}}
11:13:38.310 [raft-server-3-state] TRACE i.a.p.raft.impl.RaftServiceManager - RaftServer{3} - Applying Indexed{index=65, entry=CommandEntry{term=1, timestamp=2018-05-30 11:13:38,245, session=2, sequence=59, operation=PrimitiveOperation{id=DefaultOperationId{id=write, type=COMMAND}, value=byte[]{length=17, hash=-1644578928}}}}
11:13:38.310 [raft-server-3-state] TRACE i.a.p.s.impl.DefaultServiceExecutor - PrimitiveService{2}{type=PrimitiveType{name=test}, name=test} - Executing DefaultCommit{index=65, session=RaftSession{RaftServiceContext{server=3, type=PrimitiveType{name=test}, name=test, id=2}, session=2, timestamp=2018-05-30 11:13:38,245}, time=2018-05-30 11:13:38,245, operation=DefaultOperationId{id=write, type=COMMAND}, value=byte[]{length=17, hash=-1644578928}}
11:13:38.310 [raft-server-1-state] TRACE i.a.p.s.impl.DefaultServiceExecutor - PrimitiveService{2}{type=PrimitiveType{name=test}, name=test} - Executing DefaultCommit{index=65, session=RaftSession{RaftServiceContext{server=1, type=PrimitiveType{name=test}, name=test, id=2}, session=2, timestamp=2018-05-30 11:13:38,245}, time=2018-05-30 11:13:38,245, operation=DefaultOperationId{id=write, type=COMMAND}, value=byte[]{length=17, hash=-1644578928}}
11:13:38.311 [raft-server-1-state] TRACE i.a.protocols.raft.roles.LeaderRole - RaftServer{1}{role=LEADER} - Sending CommandResponse{status=OK, index=65, eventIndex=2, result=byte[]{length=3, hash=34535}}
11:13:38.335 [raft-server-2] TRACE i.a.p.raft.roles.FollowerRole - RaftServer{2}{role=FOLLOWER} - Committed entries up to index 65
11:13:38.335 [raft-server-2] TRACE i.a.p.raft.roles.FollowerRole - RaftServer{2}{role=FOLLOWER} - Sending AppendResponse{status=OK, term=1, succeeded=true, lastLogIndex=65}
11:13:38.335 [raft-server-1] TRACE i.a.p.raft.roles.LeaderAppender - RaftServer{1} - Received AppendResponse{status=OK, term=1, succeeded=true, lastLogIndex=65} from 2
11:13:38.335 [raft-server-2] TRACE i.a.p.raft.roles.FollowerRole - RaftServer{2}{role=FOLLOWER} - Sending CommandResponse{status=OK, index=65, eventIndex=2, result=byte[]{length=3, hash=34535}}
11:13:38.335 [raft-client-a5a0def7-e1df-4503-b1c6-00519ae66cf7-4] TRACE i.a.p.r.p.impl.RaftProxyConnection - PartitionProxy{2}{type=PrimitiveType{name=test}, name=test} - Received CommandResponse{status=OK, index=65, eventIndex=2, result=byte[]{length=3, hash=34535}} from 2
11:13:38.335 [raft-client-a5a0def7-e1df-4503-b1c6-00519ae66cf7-4] TRACE i.a.p.r.p.impl.RaftProxySequencer - PartitionProxy{2}{type=PrimitiveType{name=test}, name=test} - Completing response CommandResponse{status=OK, index=65, eventIndex=2, result=byte[]{length=3, hash=34535}}
11:13:38.335 [raft-server-2-state] TRACE i.a.p.raft.impl.RaftServiceManager - RaftServer{2} - Applying Indexed{index=65, entry=CommandEntry{term=1, timestamp=2018-05-30 11:13:38,245, session=2, sequence=59, operation=PrimitiveOperation{id=DefaultOperationId{id=write, type=COMMAND}, value=byte[]{length=17, hash=-1644578928}}}}
11:13:38.335 [raft-server-2-state] TRACE i.a.p.s.impl.DefaultServiceExecutor - PrimitiveService{2}{type=PrimitiveType{name=test}, name=test} - Executing DefaultCommit{index=65, session=RaftSession{RaftServiceContext{server=2, type=PrimitiveType{name=test}, name=test, id=2}, session=2, timestamp=2018-05-30 11:13:38,245}, time=2018-05-30 11:13:38,245, operation=DefaultOperationId{id=write, type=COMMAND}, value=byte[]{length=17, hash=-1644578928}}
11:13:38.336 [raft-client-a5a0def7-e1df-4503-b1c6-00519ae66cf7-1] TRACE i.a.p.r.p.impl.RaftProxyConnection - PartitionProxy{2}{type=PrimitiveType{name=test}, name=test} - Sending CommandRequest{session=2, sequence=60, operation=PrimitiveOperation{id=DefaultOperationId{id=write, type=COMMAND}, value=byte[]{length=17, hash=-1644578928}}} to 2
11:13:38.336 [raft-server-2] TRACE i.a.p.raft.roles.FollowerRole - RaftServer{2}{role=FOLLOWER} - Received CommandRequest{session=2, sequence=60, operation=PrimitiveOperation{id=DefaultOperationId{id=write, type=COMMAND}, value=byte[]{length=17, hash=-1644578928}}}
11:13:38.336 [raft-server-1] TRACE i.a.protocols.raft.roles.LeaderRole - RaftServer{1}{role=LEADER} - Received CommandRequest{session=2, sequence=60, operation=PrimitiveOperation{id=DefaultOperationId{id=write, type=COMMAND}, value=byte[]{length=17, hash=-1644578928}}}
11:13:38.336 [raft-server-1] TRACE i.a.protocols.raft.roles.LeaderRole - RaftServer{1}{role=LEADER} - Appended Indexed{index=66, entry=CommandEntry{term=1, timestamp=2018-05-30 11:13:38,336, session=2, sequence=60, operation=PrimitiveOperation{id=DefaultOperationId{id=write, type=COMMAND}, value=byte[]{length=17, hash=-1644578928}}}}
11:13:38.336 [raft-server-1] TRACE i.a.p.raft.roles.LeaderAppender - RaftServer{1} - Sending AppendRequest{term=1, leader=1, prevLogIndex=65, prevLogTerm=1, entries=1, commitIndex=65} to 2
11:13:38.336 [raft-server-2] TRACE i.a.p.raft.roles.FollowerRole - RaftServer{2}{role=FOLLOWER} - Received AppendRequest{term=1, leader=1, prevLogIndex=65, prevLogTerm=1, entries=1, commitIndex=65}
11:13:38.336 [raft-server-1] TRACE i.a.p.raft.roles.LeaderAppender - RaftServer{1} - Sending AppendRequest{term=1, leader=1, prevLogIndex=65, prevLogTerm=1, entries=1, commitIndex=65} to 3
11:13:38.336 [raft-server-3] TRACE i.a.p.raft.roles.FollowerRole - RaftServer{3}{role=FOLLOWER} - Received AppendRequest{term=1, leader=1, prevLogIndex=65, prevLogTerm=1, entries=1, commitIndex=65}
11:13:38.336 [raft-server-2] TRACE i.a.p.raft.roles.FollowerRole - RaftServer{2}{role=FOLLOWER} - Appended Indexed{index=66, entry=CommandEntry{term=1, timestamp=2018-05-30 11:13:38,336, session=2, sequence=60, operation=PrimitiveOperation{id=DefaultOperationId{id=write, type=COMMAND}, value=byte[]{length=17, hash=-1644578928}}}}
11:13:38.336 [raft-server-2] TRACE i.a.p.raft.roles.FollowerRole - RaftServer{2}{role=FOLLOWER} - Sending AppendResponse{status=OK, term=1, succeeded=true, lastLogIndex=66}
11:13:38.337 [raft-server-3] TRACE i.a.p.raft.roles.FollowerRole - RaftServer{3}{role=FOLLOWER} - Appended Indexed{index=66, entry=CommandEntry{term=1, timestamp=2018-05-30 11:13:38,336, session=2, sequence=60, operation=PrimitiveOperation{id=DefaultOperationId{id=write, type=COMMAND}, value=byte[]{length=17, hash=-1644578928}}}}
11:13:38.337 [raft-server-3] TRACE i.a.p.raft.roles.FollowerRole - RaftServer{3}{role=FOLLOWER} - Sending AppendResponse{status=OK, term=1, succeeded=true, lastLogIndex=66}
11:13:38.337 [raft-server-1] TRACE i.a.p.raft.roles.LeaderAppender - RaftServer{1} - Received AppendResponse{status=OK, term=1, succeeded=true, lastLogIndex=66} from 2
11:13:38.337 [raft-server-1] TRACE i.a.p.raft.roles.LeaderAppender - RaftServer{1} - Committed entries up to 66
11:13:38.368 [raft-server-1] TRACE i.a.p.raft.roles.LeaderAppender - RaftServer{1} - Received AppendResponse{status=OK, term=1, succeeded=true, lastLogIndex=66} from 3
11:13:38.368 [raft-server-1-state] TRACE i.a.p.raft.impl.RaftServiceManager - RaftServer{1} - Applying Indexed{index=66, entry=CommandEntry{term=1, timestamp=2018-05-30 11:13:38,336, session=2, sequence=60, operation=PrimitiveOperation{id=DefaultOperationId{id=write, type=COMMAND}, value=byte[]{length=17, hash=-1644578928}}}}
11:13:38.368 [raft-server-1-state] TRACE i.a.p.s.impl.DefaultServiceExecutor - PrimitiveService{2}{type=PrimitiveType{name=test}, name=test} - Executing DefaultCommit{index=66, session=RaftSession{RaftServiceContext{server=1, type=PrimitiveType{name=test}, name=test, id=2}, session=2, timestamp=2018-05-30 11:13:38,336}, time=2018-05-30 11:13:38,336, operation=DefaultOperationId{id=write, type=COMMAND}, value=byte[]{length=17, hash=-1644578928}}
11:13:38.369 [raft-server-1-state] TRACE i.a.protocols.raft.roles.LeaderRole - RaftServer{1}{role=LEADER} - Sending CommandResponse{status=OK, index=66, eventIndex=2, result=byte[]{length=3, hash=34597}}
11:13:38.369 [raft-server-2] TRACE i.a.p.raft.roles.FollowerRole - RaftServer{2}{role=FOLLOWER} - Sending CommandResponse{status=OK, index=66, eventIndex=2, result=byte[]{length=3, hash=34597}}
11:13:38.369 [raft-client-a5a0def7-e1df-4503-b1c6-00519ae66cf7-0] TRACE i.a.p.r.p.impl.RaftProxyConnection - PartitionProxy{2}{type=PrimitiveType{name=test}, name=test} - Received CommandResponse{status=OK, index=66, eventIndex=2, result=byte[]{length=3, hash=34597}} from 2
11:13:38.369 [raft-client-a5a0def7-e1df-4503-b1c6-00519ae66cf7-0] TRACE i.a.p.r.p.impl.RaftProxySequencer - PartitionProxy{2}{type=PrimitiveType{name=test}, name=test} - Completing response CommandResponse{status=OK, index=66, eventIndex=2, result=byte[]{length=3, hash=34597}}
11:13:38.369 [raft-client-a5a0def7-e1df-4503-b1c6-00519ae66cf7-4] TRACE i.a.p.r.p.impl.RaftProxyConnection - PartitionProxy{2}{type=PrimitiveType{name=test}, name=test} - Sending CommandRequest{session=2, sequence=61, operation=PrimitiveOperation{id=DefaultOperationId{id=write, type=COMMAND}, value=byte[]{length=17, hash=-1644578928}}} to 2
11:13:38.370 [raft-server-2] TRACE i.a.p.raft.roles.FollowerRole - RaftServer{2}{role=FOLLOWER} - Received CommandRequest{session=2, sequence=61, operation=PrimitiveOperation{id=DefaultOperationId{id=write, type=COMMAND}, value=byte[]{length=17, hash=-1644578928}}}
11:13:38.370 [raft-server-1] TRACE i.a.protocols.raft.roles.LeaderRole - RaftServer{1}{role=LEADER} - Received CommandRequest{session=2, sequence=61, operation=PrimitiveOperation{id=DefaultOperationId{id=write, type=COMMAND}, value=byte[]{length=17, hash=-1644578928}}}
11:13:38.370 [raft-server-1] TRACE i.a.protocols.raft.roles.LeaderRole - RaftServer{1}{role=LEADER} - Appended Indexed{index=67, entry=CommandEntry{term=1, timestamp=2018-05-30 11:13:38,370, session=2, sequence=61, operation=PrimitiveOperation{id=DefaultOperationId{id=write, type=COMMAND}, value=byte[]{length=17, hash=-1644578928}}}}
11:13:38.370 [raft-server-1] TRACE i.a.p.raft.roles.LeaderAppender - RaftServer{1} - Sending AppendRequest{term=1, leader=1, prevLogIndex=66, prevLogTerm=1, entries=1, commitIndex=66} to 2
11:13:38.370 [raft-server-2] TRACE i.a.p.raft.roles.FollowerRole - RaftServer{2}{role=FOLLOWER} - Received AppendRequest{term=1, leader=1, prevLogIndex=66, prevLogTerm=1, entries=1, commitIndex=66}
11:13:38.370 [raft-server-1] TRACE i.a.p.raft.roles.LeaderAppender - RaftServer{1} - Sending AppendRequest{term=1, leader=1, prevLogIndex=66, prevLogTerm=1, entries=1, commitIndex=66} to 3
11:13:38.370 [raft-server-3] TRACE i.a.p.raft.roles.FollowerRole - RaftServer{3}{role=FOLLOWER} - Received AppendRequest{term=1, leader=1, prevLogIndex=66, prevLogTerm=1, entries=1, commitIndex=66}
11:13:38.370 [raft-server-2] TRACE i.a.p.raft.roles.FollowerRole - RaftServer{2}{role=FOLLOWER} - Appended Indexed{index=67, entry=CommandEntry{term=1, timestamp=2018-05-30 11:13:38,370, session=2, sequence=61, operation=PrimitiveOperation{id=DefaultOperationId{id=write, type=COMMAND}, value=byte[]{length=17, hash=-1644578928}}}}
11:13:38.370 [raft-server-3] TRACE i.a.p.raft.roles.FollowerRole - RaftServer{3}{role=FOLLOWER} - Appended Indexed{index=67, entry=CommandEntry{term=1, timestamp=2018-05-30 11:13:38,370, session=2, sequence=61, operation=PrimitiveOperation{id=DefaultOperationId{id=write, type=COMMAND}, value=byte[]{length=17, hash=-1644578928}}}}
11:13:38.401 [raft-server-2] TRACE i.a.p.raft.roles.FollowerRole - RaftServer{2}{role=FOLLOWER} - Committed entries up to index 66
11:13:38.401 [raft-server-3] TRACE i.a.p.raft.roles.FollowerRole - RaftServer{3}{role=FOLLOWER} - Committed entries up to index 66
11:13:38.401 [raft-server-2] TRACE i.a.p.raft.roles.FollowerRole - RaftServer{2}{role=FOLLOWER} - Sending AppendResponse{status=OK, term=1, succeeded=true, lastLogIndex=67}
11:13:38.401 [raft-server-3] TRACE i.a.p.raft.roles.FollowerRole - RaftServer{3}{role=FOLLOWER} - Sending AppendResponse{status=OK, term=1, succeeded=true, lastLogIndex=67}
11:13:38.402 [raft-server-1] TRACE i.a.p.raft.roles.LeaderAppender - RaftServer{1} - Received AppendResponse{status=OK, term=1, succeeded=true, lastLogIndex=67} from 2
11:13:38.402 [raft-server-1] TRACE i.a.p.raft.roles.LeaderAppender - RaftServer{1} - Committed entries up to 67
11:13:38.402 [raft-server-2-state] TRACE i.a.p.raft.impl.RaftServiceManager - RaftServer{2} - Applying Indexed{index=66, entry=CommandEntry{term=1, timestamp=2018-05-30 11:13:38,336, session=2, sequence=60, operation=PrimitiveOperation{id=DefaultOperationId{id=write, type=COMMAND}, value=byte[]{length=17, hash=-1644578928}}}}
11:13:38.402 [raft-server-3-state] TRACE i.a.p.raft.impl.RaftServiceManager - RaftServer{3} - Applying Indexed{index=66, entry=CommandEntry{term=1, timestamp=2018-05-30 11:13:38,336, session=2, sequence=60, operation=PrimitiveOperation{id=DefaultOperationId{id=write, type=COMMAND}, value=byte[]{length=17, hash=-1644578928}}}}
11:13:38.402 [raft-server-3-state] TRACE i.a.p.s.impl.DefaultServiceExecutor - PrimitiveService{2}{type=PrimitiveType{name=test}, name=test} - Executing DefaultCommit{index=66, session=RaftSession{RaftServiceContext{server=3, type=PrimitiveType{name=test}, name=test, id=2}, session=2, timestamp=2018-05-30 11:13:38,336}, time=2018-05-30 11:13:38,336, operation=DefaultOperationId{id=write, type=COMMAND}, value=byte[]{length=17, hash=-1644578928}}
11:13:38.402 [raft-server-2-state] TRACE i.a.p.s.impl.DefaultServiceExecutor - PrimitiveService{2}{type=PrimitiveType{name=test}, name=test} - Executing DefaultCommit{index=66, session=RaftSession{RaftServiceContext{server=2, type=PrimitiveType{name=test}, name=test, id=2}, session=2, timestamp=2018-05-30 11:13:38,336}, time=2018-05-30 11:13:38,336, operation=DefaultOperationId{id=write, type=COMMAND}, value=byte[]{length=17, hash=-1644578928}}
11:13:38.435 [raft-server-1] TRACE i.a.p.raft.roles.LeaderAppender - RaftServer{1} - Received AppendResponse{status=OK, term=1, succeeded=true, lastLogIndex=67} from 3
11:13:38.435 [raft-server-1-state] TRACE i.a.p.raft.impl.RaftServiceManager - RaftServer{1} - Applying Indexed{index=67, entry=CommandEntry{term=1, timestamp=2018-05-30 11:13:38,370, session=2, sequence=61, operation=PrimitiveOperation{id=DefaultOperationId{id=write, type=COMMAND}, value=byte[]{length=17, hash=-1644578928}}}}
11:13:38.435 [raft-server-1-state] TRACE i.a.p.s.impl.DefaultServiceExecutor - PrimitiveService{2}{type=PrimitiveType{name=test}, name=test} - Executing DefaultCommit{index=67, session=RaftSession{RaftServiceContext{server=1, type=PrimitiveType{name=test}, name=test, id=2}, session=2, timestamp=2018-05-30 11:13:38,370}, time=2018-05-30 11:13:38,370, operation=DefaultOperationId{id=write, type=COMMAND}, value=byte[]{length=17, hash=-1644578928}}
11:13:38.435 [raft-server-1-state] TRACE i.a.protocols.raft.roles.LeaderRole - RaftServer{1}{role=LEADER} - Sending CommandResponse{status=OK, index=67, eventIndex=2, result=byte[]{length=3, hash=34659}}
11:13:38.435 [raft-server-2] TRACE i.a.p.raft.roles.FollowerRole - RaftServer{2}{role=FOLLOWER} - Sending CommandResponse{status=OK, index=67, eventIndex=2, result=byte[]{length=3, hash=34659}}
11:13:38.436 [raft-client-a5a0def7-e1df-4503-b1c6-00519ae66cf7-2] TRACE i.a.p.r.p.impl.RaftProxyConnection - PartitionProxy{2}{type=PrimitiveType{name=test}, name=test} - Received CommandResponse{status=OK, index=67, eventIndex=2, result=byte[]{length=3, hash=34659}} from 2
11:13:38.436 [raft-client-a5a0def7-e1df-4503-b1c6-00519ae66cf7-2] TRACE i.a.p.r.p.impl.RaftProxySequencer - PartitionProxy{2}{type=PrimitiveType{name=test}, name=test} - Completing response CommandResponse{status=OK, index=67, eventIndex=2, result=byte[]{length=3, hash=34659}}
11:13:38.436 [raft-client-a5a0def7-e1df-4503-b1c6-00519ae66cf7-2] TRACE i.a.p.r.p.impl.RaftProxyConnection - PartitionProxy{2}{type=PrimitiveType{name=test}, name=test} - Sending CommandRequest{session=2, sequence=62, operation=PrimitiveOperation{id=DefaultOperationId{id=write, type=COMMAND}, value=byte[]{length=17, hash=-1644578928}}} to 2
11:13:38.436 [raft-server-2] TRACE i.a.p.raft.roles.FollowerRole - RaftServer{2}{role=FOLLOWER} - Received CommandRequest{session=2, sequence=62, operation=PrimitiveOperation{id=DefaultOperationId{id=write, type=COMMAND}, value=byte[]{length=17, hash=-1644578928}}}
11:13:38.436 [raft-server-1] TRACE i.a.protocols.raft.roles.LeaderRole - RaftServer{1}{role=LEADER} - Received CommandRequest{session=2, sequence=62, operation=PrimitiveOperation{id=DefaultOperationId{id=write, type=COMMAND}, value=byte[]{length=17, hash=-1644578928}}}
11:13:38.436 [raft-server-1] TRACE i.a.protocols.raft.roles.LeaderRole - RaftServer{1}{role=LEADER} - Appended Indexed{index=68, entry=CommandEntry{term=1, timestamp=2018-05-30 11:13:38,436, session=2, sequence=62, operation=PrimitiveOperation{id=DefaultOperationId{id=write, type=COMMAND}, value=byte[]{length=17, hash=-1644578928}}}}
11:13:38.437 [raft-server-1] TRACE i.a.p.raft.roles.LeaderAppender - RaftServer{1} - Sending AppendRequest{term=1, leader=1, prevLogIndex=67, prevLogTerm=1, entries=1, commitIndex=67} to 2
11:13:38.437 [raft-server-2] TRACE i.a.p.raft.roles.FollowerRole - RaftServer{2}{role=FOLLOWER} - Received AppendRequest{term=1, leader=1, prevLogIndex=67, prevLogTerm=1, entries=1, commitIndex=67}
11:13:38.437 [raft-server-1] TRACE i.a.p.raft.roles.LeaderAppender - RaftServer{1} - Sending AppendRequest{term=1, leader=1, prevLogIndex=67, prevLogTerm=1, entries=1, commitIndex=67} to 3
11:13:38.437 [raft-server-3] TRACE i.a.p.raft.roles.FollowerRole - RaftServer{3}{role=FOLLOWER} - Received AppendRequest{term=1, leader=1, prevLogIndex=67, prevLogTerm=1, entries=1, commitIndex=67}
11:13:38.437 [raft-server-2] TRACE i.a.p.raft.roles.FollowerRole - RaftServer{2}{role=FOLLOWER} - Appended Indexed{index=68, entry=CommandEntry{term=1, timestamp=2018-05-30 11:13:38,436, session=2, sequence=62, operation=PrimitiveOperation{id=DefaultOperationId{id=write, type=COMMAND}, value=byte[]{length=17, hash=-1644578928}}}}
11:13:38.437 [raft-server-3] TRACE i.a.p.raft.roles.FollowerRole - RaftServer{3}{role=FOLLOWER} - Appended Indexed{index=68, entry=CommandEntry{term=1, timestamp=2018-05-30 11:13:38,436, session=2, sequence=62, operation=PrimitiveOperation{id=DefaultOperationId{id=write, type=COMMAND}, value=byte[]{length=17, hash=-1644578928}}}}
11:13:38.463 [raft-server-3] TRACE i.a.p.raft.roles.FollowerRole - RaftServer{3}{role=FOLLOWER} - Committed entries up to index 67
11:13:38.463 [raft-server-2] TRACE i.a.p.raft.roles.FollowerRole - RaftServer{2}{role=FOLLOWER} - Committed entries up to index 67
11:13:38.463 [raft-server-3] TRACE i.a.p.raft.roles.FollowerRole - RaftServer{3}{role=FOLLOWER} - Sending AppendResponse{status=OK, term=1, succeeded=true, lastLogIndex=68}
11:13:38.463 [raft-server-2] TRACE i.a.p.raft.roles.FollowerRole - RaftServer{2}{role=FOLLOWER} - Sending AppendResponse{status=OK, term=1, succeeded=true, lastLogIndex=68}
11:13:38.463 [raft-server-1] TRACE i.a.p.raft.roles.LeaderAppender - RaftServer{1} - Received AppendResponse{status=OK, term=1, succeeded=true, lastLogIndex=68} from 3
11:13:38.463 [raft-server-1] TRACE i.a.p.raft.roles.LeaderAppender - RaftServer{1} - Committed entries up to 68
11:13:38.463 [raft-server-3-state] TRACE i.a.p.raft.impl.RaftServiceManager - RaftServer{3} - Applying Indexed{index=67, entry=CommandEntry{term=1, timestamp=2018-05-30 11:13:38,370, session=2, sequence=61, operation=PrimitiveOperation{id=DefaultOperationId{id=write, type=COMMAND}, value=byte[]{length=17, hash=-1644578928}}}}
11:13:38.463 [raft-server-2-state] TRACE i.a.p.raft.impl.RaftServiceManager - RaftServer{2} - Applying Indexed{index=67, entry=CommandEntry{term=1, timestamp=2018-05-30 11:13:38,370, session=2, sequence=61, operation=PrimitiveOperation{id=DefaultOperationId{id=write, type=COMMAND}, value=byte[]{length=17, hash=-1644578928}}}}
11:13:38.463 [raft-server-2-state] TRACE i.a.p.s.impl.DefaultServiceExecutor - PrimitiveService{2}{type=PrimitiveType{name=test}, name=test} - Executing DefaultCommit{index=67, session=RaftSession{RaftServiceContext{server=2, type=PrimitiveType{name=test}, name=test, id=2}, session=2, timestamp=2018-05-30 11:13:38,370}, time=2018-05-30 11:13:38,370, operation=DefaultOperationId{id=write, type=COMMAND}, value=byte[]{length=17, hash=-1644578928}}
11:13:38.463 [raft-server-3-state] TRACE i.a.p.s.impl.DefaultServiceExecutor - PrimitiveService{2}{type=PrimitiveType{name=test}, name=test} - Executing DefaultCommit{index=67, session=RaftSession{RaftServiceContext{server=3, type=PrimitiveType{name=test}, name=test, id=2}, session=2, timestamp=2018-05-30 11:13:38,370}, time=2018-05-30 11:13:38,370, operation=DefaultOperationId{id=write, type=COMMAND}, value=byte[]{length=17, hash=-1644578928}}
11:13:38.493 [raft-server-1] TRACE i.a.p.raft.roles.LeaderAppender - RaftServer{1} - Received AppendResponse{status=OK, term=1, succeeded=true, lastLogIndex=68} from 2
11:13:38.493 [raft-server-1-state] TRACE i.a.p.raft.impl.RaftServiceManager - RaftServer{1} - Applying Indexed{index=68, entry=CommandEntry{term=1, timestamp=2018-05-30 11:13:38,436, session=2, sequence=62, operation=PrimitiveOperation{id=DefaultOperationId{id=write, type=COMMAND}, value=byte[]{length=17, hash=-1644578928}}}}
11:13:38.493 [raft-server-1-state] TRACE i.a.p.s.impl.DefaultServiceExecutor - PrimitiveService{2}{type=PrimitiveType{name=test}, name=test} - Executing DefaultCommit{index=68, session=RaftSession{RaftServiceContext{server=1, type=PrimitiveType{name=test}, name=test, id=2}, session=2, timestamp=2018-05-30 11:13:38,436}, time=2018-05-30 11:13:38,436, operation=DefaultOperationId{id=write, type=COMMAND}, value=byte[]{length=17, hash=-1644578928}}
11:13:38.494 [raft-server-1-state] TRACE i.a.protocols.raft.roles.LeaderRole - RaftServer{1}{role=LEADER} - Sending CommandResponse{status=OK, index=68, eventIndex=2, result=byte[]{length=3, hash=34721}}
11:13:38.494 [raft-server-2] TRACE i.a.p.raft.roles.FollowerRole - RaftServer{2}{role=FOLLOWER} - Sending CommandResponse{status=OK, index=68, eventIndex=2, result=byte[]{length=3, hash=34721}}
11:13:38.494 [raft-client-a5a0def7-e1df-4503-b1c6-00519ae66cf7-7] TRACE i.a.p.r.p.impl.RaftProxyConnection - PartitionProxy{2}{type=PrimitiveType{name=test}, name=test} - Received CommandResponse{status=OK, index=68, eventIndex=2, result=byte[]{length=3, hash=34721}} from 2
11:13:38.494 [raft-client-a5a0def7-e1df-4503-b1c6-00519ae66cf7-7] TRACE i.a.p.r.p.impl.RaftProxySequencer - PartitionProxy{2}{type=PrimitiveType{name=test}, name=test} - Completing response CommandResponse{status=OK, index=68, eventIndex=2, result=byte[]{length=3, hash=34721}}
11:13:38.494 [raft-client-a5a0def7-e1df-4503-b1c6-00519ae66cf7-7] TRACE i.a.p.r.p.impl.RaftProxyConnection - PartitionProxy{2}{type=PrimitiveType{name=test}, name=test} - Sending CommandRequest{session=2, sequence=63, operation=PrimitiveOperation{id=DefaultOperationId{id=write, type=COMMAND}, value=byte[]{length=17, hash=-1644578928}}} to 2
11:13:38.494 [raft-server-2] TRACE i.a.p.raft.roles.FollowerRole - RaftServer{2}{role=FOLLOWER} - Received CommandRequest{session=2, sequence=63, operation=PrimitiveOperation{id=DefaultOperationId{id=write, type=COMMAND}, value=byte[]{length=17, hash=-1644578928}}}
11:13:38.495 [raft-server-1] TRACE i.a.protocols.raft.roles.LeaderRole - RaftServer{1}{role=LEADER} - Received CommandRequest{session=2, sequence=63, operation=PrimitiveOperation{id=DefaultOperationId{id=write, type=COMMAND}, value=byte[]{length=17, hash=-1644578928}}}
11:13:38.495 [raft-server-1] TRACE i.a.protocols.raft.roles.LeaderRole - RaftServer{1}{role=LEADER} - Appended Indexed{index=69, entry=CommandEntry{term=1, timestamp=2018-05-30 11:13:38,495, session=2, sequence=63, operation=PrimitiveOperation{id=DefaultOperationId{id=write, type=COMMAND}, value=byte[]{length=17, hash=-1644578928}}}}
11:13:38.495 [raft-server-1] TRACE i.a.p.raft.roles.LeaderAppender - RaftServer{1} - Sending AppendRequest{term=1, leader=1, prevLogIndex=68, prevLogTerm=1, entries=1, commitIndex=68} to 2
11:13:38.495 [raft-server-2] TRACE i.a.p.raft.roles.FollowerRole - RaftServer{2}{role=FOLLOWER} - Received AppendRequest{term=1, leader=1, prevLogIndex=68, prevLogTerm=1, entries=1, commitIndex=68}
11:13:38.495 [raft-server-1] TRACE i.a.p.raft.roles.LeaderAppender - RaftServer{1} - Sending AppendRequest{term=1, leader=1, prevLogIndex=68, prevLogTerm=1, entries=1, commitIndex=68} to 3
11:13:38.495 [raft-server-3] TRACE i.a.p.raft.roles.FollowerRole - RaftServer{3}{role=FOLLOWER} - Received AppendRequest{term=1, leader=1, prevLogIndex=68, prevLogTerm=1, entries=1, commitIndex=68}
11:13:38.495 [raft-server-2] TRACE i.a.p.raft.roles.FollowerRole - RaftServer{2}{role=FOLLOWER} - Appended Indexed{index=69, entry=CommandEntry{term=1, timestamp=2018-05-30 11:13:38,495, session=2, sequence=63, operation=PrimitiveOperation{id=DefaultOperationId{id=write, type=COMMAND}, value=byte[]{length=17, hash=-1644578928}}}}
11:13:38.495 [raft-server-3] TRACE i.a.p.raft.roles.FollowerRole - RaftServer{3}{role=FOLLOWER} - Appended Indexed{index=69, entry=CommandEntry{term=1, timestamp=2018-05-30 11:13:38,495, session=2, sequence=63, operation=PrimitiveOperation{id=DefaultOperationId{id=write, type=COMMAND}, value=byte[]{length=17, hash=-1644578928}}}}
11:13:38.526 [raft-server-3] TRACE i.a.p.raft.roles.FollowerRole - RaftServer{3}{role=FOLLOWER} - Committed entries up to index 68
11:13:38.526 [raft-server-2] TRACE i.a.p.raft.roles.FollowerRole - RaftServer{2}{role=FOLLOWER} - Committed entries up to index 68
11:13:38.526 [raft-server-3] TRACE i.a.p.raft.roles.FollowerRole - RaftServer{3}{role=FOLLOWER} - Sending AppendResponse{status=OK, term=1, succeeded=true, lastLogIndex=69}
11:13:38.526 [raft-server-2] TRACE i.a.p.raft.roles.FollowerRole - RaftServer{2}{role=FOLLOWER} - Sending AppendResponse{status=OK, term=1, succeeded=true, lastLogIndex=69}
11:13:38.526 [raft-server-1] TRACE i.a.p.raft.roles.LeaderAppender - RaftServer{1} - Received AppendResponse{status=OK, term=1, succeeded=true, lastLogIndex=69} from 3
11:13:38.527 [raft-server-1] TRACE i.a.p.raft.roles.LeaderAppender - RaftServer{1} - Committed entries up to 69
11:13:38.526 [raft-server-3-state] TRACE i.a.p.raft.impl.RaftServiceManager - RaftServer{3} - Applying Indexed{index=68, entry=CommandEntry{term=1, timestamp=2018-05-30 11:13:38,436, session=2, sequence=62, operation=PrimitiveOperation{id=DefaultOperationId{id=write, type=COMMAND}, value=byte[]{length=17, hash=-1644578928}}}}
11:13:38.526 [raft-server-2-state] TRACE i.a.p.raft.impl.RaftServiceManager - RaftServer{2} - Applying Indexed{index=68, entry=CommandEntry{term=1, timestamp=2018-05-30 11:13:38,436, session=2, sequence=62, operation=PrimitiveOperation{id=DefaultOperationId{id=write, type=COMMAND}, value=byte[]{length=17, hash=-1644578928}}}}
11:13:38.527 [raft-server-3-state] TRACE i.a.p.s.impl.DefaultServiceExecutor - PrimitiveService{2}{type=PrimitiveType{name=test}, name=test} - Executing DefaultCommit{index=68, session=RaftSession{RaftServiceContext{server=3, type=PrimitiveType{name=test}, name=test, id=2}, session=2, timestamp=2018-05-30 11:13:38,436}, time=2018-05-30 11:13:38,436, operation=DefaultOperationId{id=write, type=COMMAND}, value=byte[]{length=17, hash=-1644578928}}
11:13:38.527 [raft-server-2-state] TRACE i.a.p.s.impl.DefaultServiceExecutor - PrimitiveService{2}{type=PrimitiveType{name=test}, name=test} - Executing DefaultCommit{index=68, session=RaftSession{RaftServiceContext{server=2, type=PrimitiveType{name=test}, name=test, id=2}, session=2, timestamp=2018-05-30 11:13:38,436}, time=2018-05-30 11:13:38,436, operation=DefaultOperationId{id=write, type=COMMAND}, value=byte[]{length=17, hash=-1644578928}}
11:13:38.551 [raft-server-1] TRACE i.a.p.raft.roles.LeaderAppender - RaftServer{1} - Sending AppendRequest{term=1, leader=1, prevLogIndex=69, prevLogTerm=1, entries=0, commitIndex=69} to 3
11:13:38.552 [raft-server-3] TRACE i.a.p.raft.roles.FollowerRole - RaftServer{3}{role=FOLLOWER} - Received AppendRequest{term=1, leader=1, prevLogIndex=69, prevLogTerm=1, entries=0, commitIndex=69}
11:13:38.552 [raft-server-1] TRACE i.a.p.raft.roles.LeaderAppender - RaftServer{1} - Received AppendResponse{status=OK, term=1, succeeded=true, lastLogIndex=69} from 2
11:13:38.552 [raft-server-1] TRACE i.a.p.raft.roles.LeaderAppender - RaftServer{1} - Sending AppendRequest{term=1, leader=1, prevLogIndex=69, prevLogTerm=1, entries=0, commitIndex=69} to 2
11:13:38.552 [raft-server-2] TRACE i.a.p.raft.roles.FollowerRole - RaftServer{2}{role=FOLLOWER} - Received AppendRequest{term=1, leader=1, prevLogIndex=69, prevLogTerm=1, entries=0, commitIndex=69}
11:13:38.552 [raft-server-2] TRACE i.a.p.raft.roles.FollowerRole - RaftServer{2}{role=FOLLOWER} - Committed entries up to index 69
11:13:38.552 [raft-server-2] TRACE i.a.p.raft.roles.FollowerRole - RaftServer{2}{role=FOLLOWER} - Sending AppendResponse{status=OK, term=1, succeeded=true, lastLogIndex=69}
11:13:38.552 [raft-server-1-state] TRACE i.a.p.raft.impl.RaftServiceManager - RaftServer{1} - Applying Indexed{index=69, entry=CommandEntry{term=1, timestamp=2018-05-30 11:13:38,495, session=2, sequence=63, operation=PrimitiveOperation{id=DefaultOperationId{id=write, type=COMMAND}, value=byte[]{length=17, hash=-1644578928}}}}
11:13:38.552 [raft-server-1] TRACE i.a.p.raft.roles.LeaderAppender - RaftServer{1} - Received AppendResponse{status=OK, term=1, succeeded=true, lastLogIndex=69} from 2
11:13:38.552 [raft-server-1-state] TRACE i.a.p.s.impl.DefaultServiceExecutor - PrimitiveService{2}{type=PrimitiveType{name=test}, name=test} - Executing DefaultCommit{index=69, session=RaftSession{RaftServiceContext{server=1, type=PrimitiveType{name=test}, name=test, id=2}, session=2, timestamp=2018-05-30 11:13:38,495}, time=2018-05-30 11:13:38,495, operation=DefaultOperationId{id=write, type=COMMAND}, value=byte[]{length=17, hash=-1644578928}}
11:13:38.552 [raft-server-2-state] TRACE i.a.p.raft.impl.RaftServiceManager - RaftServer{2} - Applying Indexed{index=69, entry=CommandEntry{term=1, timestamp=2018-05-30 11:13:38,495, session=2, sequence=63, operation=PrimitiveOperation{id=DefaultOperationId{id=write, type=COMMAND}, value=byte[]{length=17, hash=-1644578928}}}}
11:13:38.552 [raft-server-2-state] TRACE i.a.p.s.impl.DefaultServiceExecutor - PrimitiveService{2}{type=PrimitiveType{name=test}, name=test} - Executing DefaultCommit{index=69, session=RaftSession{RaftServiceContext{server=2, type=PrimitiveType{name=test}, name=test, id=2}, session=2, timestamp=2018-05-30 11:13:38,495}, time=2018-05-30 11:13:38,495, operation=DefaultOperationId{id=write, type=COMMAND}, value=byte[]{length=17, hash=-1644578928}}
11:13:38.552 [raft-server-1-state] TRACE i.a.protocols.raft.roles.LeaderRole - RaftServer{1}{role=LEADER} - Sending CommandResponse{status=OK, index=69, eventIndex=2, result=byte[]{length=3, hash=34783}}
11:13:38.552 [raft-server-2] TRACE i.a.p.raft.roles.FollowerRole - RaftServer{2}{role=FOLLOWER} - Sending CommandResponse{status=OK, index=69, eventIndex=2, result=byte[]{length=3, hash=34783}}
11:13:38.553 [raft-client-a5a0def7-e1df-4503-b1c6-00519ae66cf7-0] TRACE i.a.p.r.p.impl.RaftProxyConnection - PartitionProxy{2}{type=PrimitiveType{name=test}, name=test} - Received CommandResponse{status=OK, index=69, eventIndex=2, result=byte[]{length=3, hash=34783}} from 2
11:13:38.553 [raft-client-a5a0def7-e1df-4503-b1c6-00519ae66cf7-0] TRACE i.a.p.r.p.impl.RaftProxySequencer - PartitionProxy{2}{type=PrimitiveType{name=test}, name=test} - Completing response CommandResponse{status=OK, index=69, eventIndex=2, result=byte[]{length=3, hash=34783}}
11:13:38.553 [raft-client-a5a0def7-e1df-4503-b1c6-00519ae66cf7-3] TRACE i.a.p.r.p.impl.RaftProxyConnection - PartitionProxy{2}{type=PrimitiveType{name=test}, name=test} - Sending CommandRequest{session=2, sequence=64, operation=PrimitiveOperation{id=DefaultOperationId{id=write, type=COMMAND}, value=byte[]{length=17, hash=-1644578928}}} to 2
11:13:38.553 [raft-server-2] TRACE i.a.p.raft.roles.FollowerRole - RaftServer{2}{role=FOLLOWER} - Received CommandRequest{session=2, sequence=64, operation=PrimitiveOperation{id=DefaultOperationId{id=write, type=COMMAND}, value=byte[]{length=17, hash=-1644578928}}}
11:13:38.553 [raft-server-1] TRACE i.a.protocols.raft.roles.LeaderRole - RaftServer{1}{role=LEADER} - Received CommandRequest{session=2, sequence=64, operation=PrimitiveOperation{id=DefaultOperationId{id=write, type=COMMAND}, value=byte[]{length=17, hash=-1644578928}}}
11:13:38.553 [raft-server-1] TRACE i.a.protocols.raft.roles.LeaderRole - RaftServer{1}{role=LEADER} - Appended Indexed{index=70, entry=CommandEntry{term=1, timestamp=2018-05-30 11:13:38,553, session=2, sequence=64, operation=PrimitiveOperation{id=DefaultOperationId{id=write, type=COMMAND}, value=byte[]{length=17, hash=-1644578928}}}}
11:13:38.554 [raft-server-1] TRACE i.a.p.raft.roles.LeaderAppender - RaftServer{1} - Sending AppendRequest{term=1, leader=1, prevLogIndex=69, prevLogTerm=1, entries=1, commitIndex=69} to 2
11:13:38.554 [raft-server-2] TRACE i.a.p.raft.roles.FollowerRole - RaftServer{2}{role=FOLLOWER} - Received AppendRequest{term=1, leader=1, prevLogIndex=69, prevLogTerm=1, entries=1, commitIndex=69}
11:13:38.554 [raft-server-2] TRACE i.a.p.raft.roles.FollowerRole - RaftServer{2}{role=FOLLOWER} - Appended Indexed{index=70, entry=CommandEntry{term=1, timestamp=2018-05-30 11:13:38,553, session=2, sequence=64, operation=PrimitiveOperation{id=DefaultOperationId{id=write, type=COMMAND}, value=byte[]{length=17, hash=-1644578928}}}}
11:13:38.554 [raft-server-2] TRACE i.a.p.raft.roles.FollowerRole - RaftServer{2}{role=FOLLOWER} - Sending AppendResponse{status=OK, term=1, succeeded=true, lastLogIndex=70}
11:13:38.554 [raft-server-1] TRACE i.a.p.raft.roles.LeaderAppender - RaftServer{1} - Received AppendResponse{status=OK, term=1, succeeded=true, lastLogIndex=70} from 2
11:13:38.554 [raft-server-1] TRACE i.a.p.raft.roles.LeaderAppender - RaftServer{1} - Committed entries up to 70
11:13:38.581 [raft-server-3] TRACE i.a.p.raft.roles.FollowerRole - RaftServer{3}{role=FOLLOWER} - Committed entries up to index 69
11:13:38.582 [raft-server-3] TRACE i.a.p.raft.roles.FollowerRole - RaftServer{3}{role=FOLLOWER} - Sending AppendResponse{status=OK, term=1, succeeded=true, lastLogIndex=69}
11:13:38.582 [raft-server-3-state] TRACE i.a.p.raft.impl.RaftServiceManager - RaftServer{3} - Applying Indexed{index=69, entry=CommandEntry{term=1, timestamp=2018-05-30 11:13:38,495, session=2, sequence=63, operation=PrimitiveOperation{id=DefaultOperationId{id=write, type=COMMAND}, value=byte[]{length=17, hash=-1644578928}}}}
11:13:38.582 [raft-server-3-state] TRACE i.a.p.s.impl.DefaultServiceExecutor - PrimitiveService{2}{type=PrimitiveType{name=test}, name=test} - Executing DefaultCommit{index=69, session=RaftSession{RaftServiceContext{server=3, type=PrimitiveType{name=test}, name=test, id=2}, session=2, timestamp=2018-05-30 11:13:38,495}, time=2018-05-30 11:13:38,495, operation=DefaultOperationId{id=write, type=COMMAND}, value=byte[]{length=17, hash=-1644578928}}
11:13:38.605 [raft-server-1] TRACE i.a.p.raft.roles.LeaderAppender - RaftServer{1} - Received AppendResponse{status=OK, term=1, succeeded=true, lastLogIndex=69} from 3
11:13:38.605 [raft-server-1] TRACE i.a.p.raft.roles.LeaderAppender - RaftServer{1} - Sending AppendRequest{term=1, leader=1, prevLogIndex=69, prevLogTerm=1, entries=1, commitIndex=70} to 3
11:13:38.605 [raft-server-3] TRACE i.a.p.raft.roles.FollowerRole - RaftServer{3}{role=FOLLOWER} - Received AppendRequest{term=1, leader=1, prevLogIndex=69, prevLogTerm=1, entries=1, commitIndex=70}
11:13:38.605 [raft-server-1-state] TRACE i.a.p.raft.impl.RaftServiceManager - RaftServer{1} - Applying Indexed{index=70, entry=CommandEntry{term=1, timestamp=2018-05-30 11:13:38,553, session=2, sequence=64, operation=PrimitiveOperation{id=DefaultOperationId{id=write, type=COMMAND}, value=byte[]{length=17, hash=-1644578928}}}}
11:13:38.605 [raft-server-1-state] TRACE i.a.p.s.impl.DefaultServiceExecutor - PrimitiveService{2}{type=PrimitiveType{name=test}, name=test} - Executing DefaultCommit{index=70, session=RaftSession{RaftServiceContext{server=1, type=PrimitiveType{name=test}, name=test, id=2}, session=2, timestamp=2018-05-30 11:13:38,553}, time=2018-05-30 11:13:38,553, operation=DefaultOperationId{id=write, type=COMMAND}, value=byte[]{length=17, hash=-1644578928}}
11:13:38.605 [raft-server-3] TRACE i.a.p.raft.roles.FollowerRole - RaftServer{3}{role=FOLLOWER} - Appended Indexed{index=70, entry=CommandEntry{term=1, timestamp=2018-05-30 11:13:38,553, session=2, sequence=64, operation=PrimitiveOperation{id=DefaultOperationId{id=write, type=COMMAND}, value=byte[]{length=17, hash=-1644578928}}}}
11:13:38.605 [raft-server-1-state] TRACE i.a.protocols.raft.roles.LeaderRole - RaftServer{1}{role=LEADER} - Sending CommandResponse{status=OK, index=70, eventIndex=2, result=byte[]{length=3, hash=34845}}
11:13:38.605 [raft-server-2] TRACE i.a.p.raft.roles.FollowerRole - RaftServer{2}{role=FOLLOWER} - Sending CommandResponse{status=OK, index=70, eventIndex=2, result=byte[]{length=3, hash=34845}}
11:13:38.606 [raft-client-a5a0def7-e1df-4503-b1c6-00519ae66cf7-6] TRACE i.a.p.r.p.impl.RaftProxyConnection - PartitionProxy{2}{type=PrimitiveType{name=test}, name=test} - Received CommandResponse{status=OK, index=70, eventIndex=2, result=byte[]{length=3, hash=34845}} from 2
11:13:38.606 [raft-client-a5a0def7-e1df-4503-b1c6-00519ae66cf7-6] TRACE i.a.p.r.p.impl.RaftProxySequencer - PartitionProxy{2}{type=PrimitiveType{name=test}, name=test} - Completing response CommandResponse{status=OK, index=70, eventIndex=2, result=byte[]{length=3, hash=34845}}
11:13:38.606 [raft-client-a5a0def7-e1df-4503-b1c6-00519ae66cf7-1] TRACE i.a.p.r.p.impl.RaftProxyConnection - PartitionProxy{2}{type=PrimitiveType{name=test}, name=test} - Sending CommandRequest{session=2, sequence=65, operation=PrimitiveOperation{id=DefaultOperationId{id=write, type=COMMAND}, value=byte[]{length=17, hash=-1644578928}}} to 2
11:13:38.606 [raft-server-2] TRACE i.a.p.raft.roles.FollowerRole - RaftServer{2}{role=FOLLOWER} - Received CommandRequest{session=2, sequence=65, operation=PrimitiveOperation{id=DefaultOperationId{id=write, type=COMMAND}, value=byte[]{length=17, hash=-1644578928}}}
11:13:38.606 [raft-server-1] TRACE i.a.protocols.raft.roles.LeaderRole - RaftServer{1}{role=LEADER} - Received CommandRequest{session=2, sequence=65, operation=PrimitiveOperation{id=DefaultOperationId{id=write, type=COMMAND}, value=byte[]{length=17, hash=-1644578928}}}
11:13:38.629 [raft-server-3] TRACE i.a.p.raft.roles.FollowerRole - RaftServer{3}{role=FOLLOWER} - Committed entries up to index 70
11:13:38.630 [raft-server-3] TRACE i.a.p.raft.roles.FollowerRole - RaftServer{3}{role=FOLLOWER} - Sending AppendResponse{status=OK, term=1, succeeded=true, lastLogIndex=70}
11:13:38.630 [raft-server-3-state] TRACE i.a.p.raft.impl.RaftServiceManager - RaftServer{3} - Applying Indexed{index=70, entry=CommandEntry{term=1, timestamp=2018-05-30 11:13:38,553, session=2, sequence=64, operation=PrimitiveOperation{id=DefaultOperationId{id=write, type=COMMAND}, value=byte[]{length=17, hash=-1644578928}}}}
11:13:38.630 [raft-server-3-state] TRACE i.a.p.s.impl.DefaultServiceExecutor - PrimitiveService{2}{type=PrimitiveType{name=test}, name=test} - Executing DefaultCommit{index=70, session=RaftSession{RaftServiceContext{server=3, type=PrimitiveType{name=test}, name=test, id=2}, session=2, timestamp=2018-05-30 11:13:38,553}, time=2018-05-30 11:13:38,553, operation=DefaultOperationId{id=write, type=COMMAND}, value=byte[]{length=17, hash=-1644578928}}
11:13:38.680 [raft-server-1] DEBUG i.a.storage.journal.SegmentedJournal - Created disk segment: JournalSegment{id=8, version=1, index=71, size=64}
11:13:38.680 [raft-server-1] TRACE i.a.protocols.raft.roles.LeaderRole - RaftServer{1}{role=LEADER} - Appended Indexed{index=71, entry=CommandEntry{term=1, timestamp=2018-05-30 11:13:38,606, session=2, sequence=65, operation=PrimitiveOperation{id=DefaultOperationId{id=write, type=COMMAND}, value=byte[]{length=17, hash=-1644578928}}}}
11:13:38.680 [raft-server-1] TRACE i.a.p.raft.roles.LeaderAppender - RaftServer{1} - Received AppendResponse{status=OK, term=1, succeeded=true, lastLogIndex=70} from 3
11:13:38.680 [raft-server-1] TRACE i.a.p.raft.roles.LeaderAppender - RaftServer{1} - Sending AppendRequest{term=1, leader=1, prevLogIndex=70, prevLogTerm=1, entries=1, commitIndex=70} to 3
11:13:38.680 [raft-server-1] TRACE i.a.p.raft.roles.LeaderAppender - RaftServer{1} - Sending AppendRequest{term=1, leader=1, prevLogIndex=70, prevLogTerm=1, entries=1, commitIndex=70} to 2
11:13:38.680 [raft-server-3] TRACE i.a.p.raft.roles.FollowerRole - RaftServer{3}{role=FOLLOWER} - Received AppendRequest{term=1, leader=1, prevLogIndex=70, prevLogTerm=1, entries=1, commitIndex=70}
11:13:38.680 [raft-server-2] TRACE i.a.p.raft.roles.FollowerRole - RaftServer{2}{role=FOLLOWER} - Received AppendRequest{term=1, leader=1, prevLogIndex=70, prevLogTerm=1, entries=1, commitIndex=70}
11:13:38.780 [raft-server-3] DEBUG i.a.storage.journal.SegmentedJournal - Created disk segment: JournalSegment{id=8, version=1, index=71, size=64}
11:13:38.780 [raft-server-3] TRACE i.a.p.raft.roles.FollowerRole - RaftServer{3}{role=FOLLOWER} - Appended Indexed{index=71, entry=CommandEntry{term=1, timestamp=2018-05-30 11:13:38,606, session=2, sequence=65, operation=PrimitiveOperation{id=DefaultOperationId{id=write, type=COMMAND}, value=byte[]{length=17, hash=-1644578928}}}}
11:13:38.780 [raft-server-3] TRACE i.a.p.raft.roles.FollowerRole - RaftServer{3}{role=FOLLOWER} - Sending AppendResponse{status=OK, term=1, succeeded=true, lastLogIndex=71}
11:13:38.780 [raft-server-1] TRACE i.a.p.raft.roles.LeaderAppender - RaftServer{1} - Received AppendResponse{status=OK, term=1, succeeded=true, lastLogIndex=71} from 3
11:13:38.780 [raft-server-1] TRACE i.a.p.raft.roles.LeaderAppender - RaftServer{1} - Committed entries up to 71
11:13:38.808 [raft-server-2] DEBUG i.a.storage.journal.SegmentedJournal - Created disk segment: JournalSegment{id=8, version=1, index=71, size=64}
11:13:38.809 [raft-server-2] TRACE i.a.p.raft.roles.FollowerRole - RaftServer{2}{role=FOLLOWER} - Appended Indexed{index=71, entry=CommandEntry{term=1, timestamp=2018-05-30 11:13:38,606, session=2, sequence=65, operation=PrimitiveOperation{id=DefaultOperationId{id=write, type=COMMAND}, value=byte[]{length=17, hash=-1644578928}}}}
11:13:38.838 [raft-server-1] TRACE i.a.p.raft.roles.LeaderAppender - RaftServer{1} - Sending AppendRequest{term=1, leader=1, prevLogIndex=71, prevLogTerm=1, entries=0, commitIndex=71} to 3
11:13:38.838 [raft-server-3] TRACE i.a.p.raft.roles.FollowerRole - RaftServer{3}{role=FOLLOWER} - Received AppendRequest{term=1, leader=1, prevLogIndex=71, prevLogTerm=1, entries=0, commitIndex=71}
11:13:38.838 [raft-server-1-state] TRACE i.a.p.raft.impl.RaftServiceManager - RaftServer{1} - Applying Indexed{index=71, entry=CommandEntry{term=1, timestamp=2018-05-30 11:13:38,606, session=2, sequence=65, operation=PrimitiveOperation{id=DefaultOperationId{id=write, type=COMMAND}, value=byte[]{length=17, hash=-1644578928}}}}
11:13:38.838 [raft-server-1-state] TRACE i.a.p.s.impl.DefaultServiceExecutor - PrimitiveService{2}{type=PrimitiveType{name=test}, name=test} - Executing DefaultCommit{index=71, session=RaftSession{RaftServiceContext{server=1, type=PrimitiveType{name=test}, name=test, id=2}, session=2, timestamp=2018-05-30 11:13:38,606}, time=2018-05-30 11:13:38,606, operation=DefaultOperationId{id=write, type=COMMAND}, value=byte[]{length=17, hash=-1644578928}}
11:13:38.839 [raft-server-1-state] TRACE i.a.protocols.raft.roles.LeaderRole - RaftServer{1}{role=LEADER} - Sending CommandResponse{status=OK, index=71, eventIndex=2, result=byte[]{length=3, hash=34907}}
11:13:38.867 [raft-server-2] TRACE i.a.p.raft.roles.FollowerRole - RaftServer{2}{role=FOLLOWER} - Committed entries up to index 70
11:13:38.867 [raft-server-2] TRACE i.a.p.raft.roles.FollowerRole - RaftServer{2}{role=FOLLOWER} - Sending AppendResponse{status=OK, term=1, succeeded=true, lastLogIndex=71}
11:13:38.867 [raft-server-1] TRACE i.a.p.raft.roles.LeaderAppender - RaftServer{1} - Received AppendResponse{status=OK, term=1, succeeded=true, lastLogIndex=71} from 2
11:13:38.867 [raft-server-2] TRACE i.a.p.raft.roles.FollowerRole - RaftServer{2}{role=FOLLOWER} - Sending CommandResponse{status=OK, index=71, eventIndex=2, result=byte[]{length=3, hash=34907}}
11:13:38.867 [raft-server-1] TRACE i.a.p.raft.roles.LeaderAppender - RaftServer{1} - Sending AppendRequest{term=1, leader=1, prevLogIndex=71, prevLogTerm=1, entries=0, commitIndex=71} to 2
11:13:38.867 [raft-client-a5a0def7-e1df-4503-b1c6-00519ae66cf7-5] TRACE i.a.p.r.p.impl.RaftProxyConnection - PartitionProxy{2}{type=PrimitiveType{name=test}, name=test} - Received CommandResponse{status=OK, index=71, eventIndex=2, result=byte[]{length=3, hash=34907}} from 2
11:13:38.867 [raft-client-a5a0def7-e1df-4503-b1c6-00519ae66cf7-5] TRACE i.a.p.r.p.impl.RaftProxySequencer - PartitionProxy{2}{type=PrimitiveType{name=test}, name=test} - Completing response CommandResponse{status=OK, index=71, eventIndex=2, result=byte[]{length=3, hash=34907}}
11:13:38.867 [raft-server-2-state] TRACE i.a.p.raft.impl.RaftServiceManager - RaftServer{2} - Applying Indexed{index=70, entry=CommandEntry{term=1, timestamp=2018-05-30 11:13:38,553, session=2, sequence=64, operation=PrimitiveOperation{id=DefaultOperationId{id=write, type=COMMAND}, value=byte[]{length=17, hash=-1644578928}}}}
11:13:38.867 [raft-server-2] TRACE i.a.p.raft.roles.FollowerRole - RaftServer{2}{role=FOLLOWER} - Received AppendRequest{term=1, leader=1, prevLogIndex=71, prevLogTerm=1, entries=0, commitIndex=71}
11:13:38.867 [raft-server-2-state] TRACE i.a.p.s.impl.DefaultServiceExecutor - PrimitiveService{2}{type=PrimitiveType{name=test}, name=test} - Executing DefaultCommit{index=70, session=RaftSession{RaftServiceContext{server=2, type=PrimitiveType{name=test}, name=test, id=2}, session=2, timestamp=2018-05-30 11:13:38,553}, time=2018-05-30 11:13:38,553, operation=DefaultOperationId{id=write, type=COMMAND}, value=byte[]{length=17, hash=-1644578928}}
11:13:38.868 [raft-client-a5a0def7-e1df-4503-b1c6-00519ae66cf7-5] TRACE i.a.p.r.p.impl.RaftProxyConnection - PartitionProxy{2}{type=PrimitiveType{name=test}, name=test} - Sending CommandRequest{session=2, sequence=66, operation=PrimitiveOperation{id=DefaultOperationId{id=write, type=COMMAND}, value=byte[]{length=17, hash=-1644578928}}} to 2
11:13:38.888 [raft-server-3] TRACE i.a.p.raft.roles.FollowerRole - RaftServer{3}{role=FOLLOWER} - Committed entries up to index 71
11:13:38.888 [raft-server-3] TRACE i.a.p.raft.roles.FollowerRole - RaftServer{3}{role=FOLLOWER} - Sending AppendResponse{status=OK, term=1, succeeded=true, lastLogIndex=71}
11:13:38.888 [raft-server-1] TRACE i.a.p.raft.roles.LeaderAppender - RaftServer{1} - Received AppendResponse{status=OK, term=1, succeeded=true, lastLogIndex=71} from 3
11:13:38.888 [raft-server-3-state] TRACE i.a.p.raft.impl.RaftServiceManager - RaftServer{3} - Applying Indexed{index=71, entry=CommandEntry{term=1, timestamp=2018-05-30 11:13:38,606, session=2, sequence=65, operation=PrimitiveOperation{id=DefaultOperationId{id=write, type=COMMAND}, value=byte[]{length=17, hash=-1644578928}}}}
11:13:38.888 [raft-server-3-state] TRACE i.a.p.s.impl.DefaultServiceExecutor - PrimitiveService{2}{type=PrimitiveType{name=test}, name=test} - Executing DefaultCommit{index=71, session=RaftSession{RaftServiceContext{server=3, type=PrimitiveType{name=test}, name=test, id=2}, session=2, timestamp=2018-05-30 11:13:38,606}, time=2018-05-30 11:13:38,606, operation=DefaultOperationId{id=write, type=COMMAND}, value=byte[]{length=17, hash=-1644578928}}
11:13:38.910 [raft-server-2] TRACE i.a.p.raft.roles.FollowerRole - RaftServer{2}{role=FOLLOWER} - Committed entries up to index 71
11:13:38.910 [raft-server-2] TRACE i.a.p.raft.roles.FollowerRole - RaftServer{2}{role=FOLLOWER} - Sending AppendResponse{status=OK, term=1, succeeded=true, lastLogIndex=71}
11:13:38.910 [raft-server-1] TRACE i.a.p.raft.roles.LeaderAppender - RaftServer{1} - Received AppendResponse{status=OK, term=1, succeeded=true, lastLogIndex=71} from 2
11:13:38.910 [raft-server-2] TRACE i.a.p.raft.roles.FollowerRole - RaftServer{2}{role=FOLLOWER} - Received CommandRequest{session=2, sequence=66, operation=PrimitiveOperation{id=DefaultOperationId{id=write, type=COMMAND}, value=byte[]{length=17, hash=-1644578928}}}
11:13:38.910 [raft-server-1] TRACE i.a.protocols.raft.roles.LeaderRole - RaftServer{1}{role=LEADER} - Received CommandRequest{session=2, sequence=66, operation=PrimitiveOperation{id=DefaultOperationId{id=write, type=COMMAND}, value=byte[]{length=17, hash=-1644578928}}}
11:13:38.910 [raft-server-2-state] TRACE i.a.p.raft.impl.RaftServiceManager - RaftServer{2} - Applying Indexed{index=71, entry=CommandEntry{term=1, timestamp=2018-05-30 11:13:38,606, session=2, sequence=65, operation=PrimitiveOperation{id=DefaultOperationId{id=write, type=COMMAND}, value=byte[]{length=17, hash=-1644578928}}}}
11:13:38.910 [raft-server-1] TRACE i.a.protocols.raft.roles.LeaderRole - RaftServer{1}{role=LEADER} - Appended Indexed{index=72, entry=CommandEntry{term=1, timestamp=2018-05-30 11:13:38,910, session=2, sequence=66, operation=PrimitiveOperation{id=DefaultOperationId{id=write, type=COMMAND}, value=byte[]{length=17, hash=-1644578928}}}}
11:13:38.910 [raft-server-2-state] TRACE i.a.p.s.impl.DefaultServiceExecutor - PrimitiveService{2}{type=PrimitiveType{name=test}, name=test} - Executing DefaultCommit{index=71, session=RaftSession{RaftServiceContext{server=2, type=PrimitiveType{name=test}, name=test, id=2}, session=2, timestamp=2018-05-30 11:13:38,606}, time=2018-05-30 11:13:38,606, operation=DefaultOperationId{id=write, type=COMMAND}, value=byte[]{length=17, hash=-1644578928}}
11:13:38.910 [raft-server-1] TRACE i.a.p.raft.roles.LeaderAppender - RaftServer{1} - Sending AppendRequest{term=1, leader=1, prevLogIndex=71, prevLogTerm=1, entries=1, commitIndex=71} to 2
11:13:38.910 [raft-server-2] TRACE i.a.p.raft.roles.FollowerRole - RaftServer{2}{role=FOLLOWER} - Received AppendRequest{term=1, leader=1, prevLogIndex=71, prevLogTerm=1, entries=1, commitIndex=71}
11:13:38.910 [raft-server-1] TRACE i.a.p.raft.roles.LeaderAppender - RaftServer{1} - Sending AppendRequest{term=1, leader=1, prevLogIndex=71, prevLogTerm=1, entries=1, commitIndex=71} to 3
11:13:38.911 [raft-server-3] TRACE i.a.p.raft.roles.FollowerRole - RaftServer{3}{role=FOLLOWER} - Received AppendRequest{term=1, leader=1, prevLogIndex=71, prevLogTerm=1, entries=1, commitIndex=71}
11:13:38.911 [raft-server-2] TRACE i.a.p.raft.roles.FollowerRole - RaftServer{2}{role=FOLLOWER} - Appended Indexed{index=72, entry=CommandEntry{term=1, timestamp=2018-05-30 11:13:38,910, session=2, sequence=66, operation=PrimitiveOperation{id=DefaultOperationId{id=write, type=COMMAND}, value=byte[]{length=17, hash=-1644578928}}}}
11:13:38.911 [raft-server-2] TRACE i.a.p.raft.roles.FollowerRole - RaftServer{2}{role=FOLLOWER} - Sending AppendResponse{status=OK, term=1, succeeded=true, lastLogIndex=72}
11:13:38.911 [raft-server-3] TRACE i.a.p.raft.roles.FollowerRole - RaftServer{3}{role=FOLLOWER} - Appended Indexed{index=72, entry=CommandEntry{term=1, timestamp=2018-05-30 11:13:38,910, session=2, sequence=66, operation=PrimitiveOperation{id=DefaultOperationId{id=write, type=COMMAND}, value=byte[]{length=17, hash=-1644578928}}}}
11:13:38.911 [raft-server-1] TRACE i.a.p.raft.roles.LeaderAppender - RaftServer{1} - Received AppendResponse{status=OK, term=1, succeeded=true, lastLogIndex=72} from 2
11:13:38.911 [raft-server-3] TRACE i.a.p.raft.roles.FollowerRole - RaftServer{3}{role=FOLLOWER} - Sending AppendResponse{status=OK, term=1, succeeded=true, lastLogIndex=72}
11:13:38.911 [raft-server-1] TRACE i.a.p.raft.roles.LeaderAppender - RaftServer{1} - Committed entries up to 72
11:13:38.946 [raft-server-1] TRACE i.a.p.raft.roles.LeaderAppender - RaftServer{1} - Received AppendResponse{status=OK, term=1, succeeded=true, lastLogIndex=72} from 3
11:13:38.946 [raft-server-1-state] TRACE i.a.p.raft.impl.RaftServiceManager - RaftServer{1} - Applying Indexed{index=72, entry=CommandEntry{term=1, timestamp=2018-05-30 11:13:38,910, session=2, sequence=66, operation=PrimitiveOperation{id=DefaultOperationId{id=write, type=COMMAND}, value=byte[]{length=17, hash=-1644578928}}}}
11:13:38.947 [raft-server-1-state] TRACE i.a.p.s.impl.DefaultServiceExecutor - PrimitiveService{2}{type=PrimitiveType{name=test}, name=test} - Executing DefaultCommit{index=72, session=RaftSession{RaftServiceContext{server=1, type=PrimitiveType{name=test}, name=test, id=2}, session=2, timestamp=2018-05-30 11:13:38,910}, time=2018-05-30 11:13:38,910, operation=DefaultOperationId{id=write, type=COMMAND}, value=byte[]{length=17, hash=-1644578928}}
11:13:38.947 [raft-server-1-state] TRACE i.a.protocols.raft.roles.LeaderRole - RaftServer{1}{role=LEADER} - Sending CommandResponse{status=OK, index=72, eventIndex=2, result=byte[]{length=3, hash=34969}}
11:13:38.947 [raft-server-2] TRACE i.a.p.raft.roles.FollowerRole - RaftServer{2}{role=FOLLOWER} - Sending CommandResponse{status=OK, index=72, eventIndex=2, result=byte[]{length=3, hash=34969}}
11:13:38.947 [raft-client-a5a0def7-e1df-4503-b1c6-00519ae66cf7-0] TRACE i.a.p.r.p.impl.RaftProxyConnection - PartitionProxy{2}{type=PrimitiveType{name=test}, name=test} - Received CommandResponse{status=OK, index=72, eventIndex=2, result=byte[]{length=3, hash=34969}} from 2
11:13:38.947 [raft-client-a5a0def7-e1df-4503-b1c6-00519ae66cf7-0] TRACE i.a.p.r.p.impl.RaftProxySequencer - PartitionProxy{2}{type=PrimitiveType{name=test}, name=test} - Completing response CommandResponse{status=OK, index=72, eventIndex=2, result=byte[]{length=3, hash=34969}}
11:13:38.948 [raft-client-a5a0def7-e1df-4503-b1c6-00519ae66cf7-0] TRACE i.a.p.r.p.impl.RaftProxyConnection - PartitionProxy{2}{type=PrimitiveType{name=test}, name=test} - Sending CommandRequest{session=2, sequence=67, operation=PrimitiveOperation{id=DefaultOperationId{id=write, type=COMMAND}, value=byte[]{length=17, hash=-1644578928}}} to 2
11:13:38.948 [raft-server-2] TRACE i.a.p.raft.roles.FollowerRole - RaftServer{2}{role=FOLLOWER} - Received CommandRequest{session=2, sequence=67, operation=PrimitiveOperation{id=DefaultOperationId{id=write, type=COMMAND}, value=byte[]{length=17, hash=-1644578928}}}
11:13:38.948 [raft-server-1] TRACE i.a.protocols.raft.roles.LeaderRole - RaftServer{1}{role=LEADER} - Received CommandRequest{session=2, sequence=67, operation=PrimitiveOperation{id=DefaultOperationId{id=write, type=COMMAND}, value=byte[]{length=17, hash=-1644578928}}}
11:13:38.948 [raft-server-1] TRACE i.a.protocols.raft.roles.LeaderRole - RaftServer{1}{role=LEADER} - Appended Indexed{index=73, entry=CommandEntry{term=1, timestamp=2018-05-30 11:13:38,948, session=2, sequence=67, operation=PrimitiveOperation{id=DefaultOperationId{id=write, type=COMMAND}, value=byte[]{length=17, hash=-1644578928}}}}
11:13:38.948 [raft-server-1] TRACE i.a.p.raft.roles.LeaderAppender - RaftServer{1} - Sending AppendRequest{term=1, leader=1, prevLogIndex=72, prevLogTerm=1, entries=1, commitIndex=72} to 2
11:13:38.948 [raft-server-2] TRACE i.a.p.raft.roles.FollowerRole - RaftServer{2}{role=FOLLOWER} - Received AppendRequest{term=1, leader=1, prevLogIndex=72, prevLogTerm=1, entries=1, commitIndex=72}
11:13:38.948 [raft-server-1] TRACE i.a.p.raft.roles.LeaderAppender - RaftServer{1} - Sending AppendRequest{term=1, leader=1, prevLogIndex=72, prevLogTerm=1, entries=1, commitIndex=72} to 3
11:13:38.948 [raft-server-3] TRACE i.a.p.raft.roles.FollowerRole - RaftServer{3}{role=FOLLOWER} - Received AppendRequest{term=1, leader=1, prevLogIndex=72, prevLogTerm=1, entries=1, commitIndex=72}
11:13:38.948 [raft-server-2] TRACE i.a.p.raft.roles.FollowerRole - RaftServer{2}{role=FOLLOWER} - Appended Indexed{index=73, entry=CommandEntry{term=1, timestamp=2018-05-30 11:13:38,948, session=2, sequence=67, operation=PrimitiveOperation{id=DefaultOperationId{id=write, type=COMMAND}, value=byte[]{length=17, hash=-1644578928}}}}
11:13:38.948 [raft-server-3] TRACE i.a.p.raft.roles.FollowerRole - RaftServer{3}{role=FOLLOWER} - Appended Indexed{index=73, entry=CommandEntry{term=1, timestamp=2018-05-30 11:13:38,948, session=2, sequence=67, operation=PrimitiveOperation{id=DefaultOperationId{id=write, type=COMMAND}, value=byte[]{length=17, hash=-1644578928}}}}
11:13:38.985 [raft-server-2] TRACE i.a.p.raft.roles.FollowerRole - RaftServer{2}{role=FOLLOWER} - Committed entries up to index 72
11:13:38.985 [raft-server-3] TRACE i.a.p.raft.roles.FollowerRole - RaftServer{3}{role=FOLLOWER} - Committed entries up to index 72
11:13:38.985 [raft-server-2] TRACE i.a.p.raft.roles.FollowerRole - RaftServer{2}{role=FOLLOWER} - Sending AppendResponse{status=OK, term=1, succeeded=true, lastLogIndex=73}
11:13:38.985 [raft-server-3] TRACE i.a.p.raft.roles.FollowerRole - RaftServer{3}{role=FOLLOWER} - Sending AppendResponse{status=OK, term=1, succeeded=true, lastLogIndex=73}
11:13:38.985 [raft-server-1] TRACE i.a.p.raft.roles.LeaderAppender - RaftServer{1} - Received AppendResponse{status=OK, term=1, succeeded=true, lastLogIndex=73} from 2
11:13:38.985 [raft-server-1] TRACE i.a.p.raft.roles.LeaderAppender - RaftServer{1} - Committed entries up to 73
11:13:38.985 [raft-server-3-state] TRACE i.a.p.raft.impl.RaftServiceManager - RaftServer{3} - Applying Indexed{index=72, entry=CommandEntry{term=1, timestamp=2018-05-30 11:13:38,910, session=2, sequence=66, operation=PrimitiveOperation{id=DefaultOperationId{id=write, type=COMMAND}, value=byte[]{length=17, hash=-1644578928}}}}
11:13:38.985 [raft-server-2-state] TRACE i.a.p.raft.impl.RaftServiceManager - RaftServer{2} - Applying Indexed{index=72, entry=CommandEntry{term=1, timestamp=2018-05-30 11:13:38,910, session=2, sequence=66, operation=PrimitiveOperation{id=DefaultOperationId{id=write, type=COMMAND}, value=byte[]{length=17, hash=-1644578928}}}}
11:13:38.985 [raft-server-3-state] TRACE i.a.p.s.impl.DefaultServiceExecutor - PrimitiveService{2}{type=PrimitiveType{name=test}, name=test} - Executing DefaultCommit{index=72, session=RaftSession{RaftServiceContext{server=3, type=PrimitiveType{name=test}, name=test, id=2}, session=2, timestamp=2018-05-30 11:13:38,910}, time=2018-05-30 11:13:38,910, operation=DefaultOperationId{id=write, type=COMMAND}, value=byte[]{length=17, hash=-1644578928}}
11:13:38.985 [raft-server-2-state] TRACE i.a.p.s.impl.DefaultServiceExecutor - PrimitiveService{2}{type=PrimitiveType{name=test}, name=test} - Executing DefaultCommit{index=72, session=RaftSession{RaftServiceContext{server=2, type=PrimitiveType{name=test}, name=test, id=2}, session=2, timestamp=2018-05-30 11:13:38,910}, time=2018-05-30 11:13:38,910, operation=DefaultOperationId{id=write, type=COMMAND}, value=byte[]{length=17, hash=-1644578928}}
11:13:39.018 [raft-server-1] TRACE i.a.p.raft.roles.LeaderAppender - RaftServer{1} - Received AppendResponse{status=OK, term=1, succeeded=true, lastLogIndex=73} from 3
11:13:39.018 [raft-server-1-state] TRACE i.a.p.raft.impl.RaftServiceManager - RaftServer{1} - Applying Indexed{index=73, entry=CommandEntry{term=1, timestamp=2018-05-30 11:13:38,948, session=2, sequence=67, operation=PrimitiveOperation{id=DefaultOperationId{id=write, type=COMMAND}, value=byte[]{length=17, hash=-1644578928}}}}
11:13:39.018 [raft-server-1-state] TRACE i.a.p.s.impl.DefaultServiceExecutor - PrimitiveService{2}{type=PrimitiveType{name=test}, name=test} - Executing DefaultCommit{index=73, session=RaftSession{RaftServiceContext{server=1, type=PrimitiveType{name=test}, name=test, id=2}, session=2, timestamp=2018-05-30 11:13:38,948}, time=2018-05-30 11:13:38,948, operation=DefaultOperationId{id=write, type=COMMAND}, value=byte[]{length=17, hash=-1644578928}}
11:13:39.019 [raft-server-1-state] TRACE i.a.protocols.raft.roles.LeaderRole - RaftServer{1}{role=LEADER} - Sending CommandResponse{status=OK, index=73, eventIndex=2, result=byte[]{length=3, hash=35031}}
11:13:39.019 [raft-server-2] TRACE i.a.p.raft.roles.FollowerRole - RaftServer{2}{role=FOLLOWER} - Sending CommandResponse{status=OK, index=73, eventIndex=2, result=byte[]{length=3, hash=35031}}
11:13:39.019 [raft-client-a5a0def7-e1df-4503-b1c6-00519ae66cf7-4] TRACE i.a.p.r.p.impl.RaftProxyConnection - PartitionProxy{2}{type=PrimitiveType{name=test}, name=test} - Received CommandResponse{status=OK, index=73, eventIndex=2, result=byte[]{length=3, hash=35031}} from 2
11:13:39.019 [raft-client-a5a0def7-e1df-4503-b1c6-00519ae66cf7-4] TRACE i.a.p.r.p.impl.RaftProxySequencer - PartitionProxy{2}{type=PrimitiveType{name=test}, name=test} - Completing response CommandResponse{status=OK, index=73, eventIndex=2, result=byte[]{length=3, hash=35031}}
11:13:39.019 [raft-client-a5a0def7-e1df-4503-b1c6-00519ae66cf7-4] TRACE i.a.p.r.p.impl.RaftProxyConnection - PartitionProxy{2}{type=PrimitiveType{name=test}, name=test} - Sending CommandRequest{session=2, sequence=68, operation=PrimitiveOperation{id=DefaultOperationId{id=write, type=COMMAND}, value=byte[]{length=17, hash=-1644578928}}} to 2
11:13:39.020 [raft-server-2] TRACE i.a.p.raft.roles.FollowerRole - RaftServer{2}{role=FOLLOWER} - Received CommandRequest{session=2, sequence=68, operation=PrimitiveOperation{id=DefaultOperationId{id=write, type=COMMAND}, value=byte[]{length=17, hash=-1644578928}}}
11:13:39.020 [raft-server-1] TRACE i.a.protocols.raft.roles.LeaderRole - RaftServer{1}{role=LEADER} - Received CommandRequest{session=2, sequence=68, operation=PrimitiveOperation{id=DefaultOperationId{id=write, type=COMMAND}, value=byte[]{length=17, hash=-1644578928}}}
11:13:39.020 [raft-server-1] TRACE i.a.protocols.raft.roles.LeaderRole - RaftServer{1}{role=LEADER} - Appended Indexed{index=74, entry=CommandEntry{term=1, timestamp=2018-05-30 11:13:39,020, session=2, sequence=68, operation=PrimitiveOperation{id=DefaultOperationId{id=write, type=COMMAND}, value=byte[]{length=17, hash=-1644578928}}}}
11:13:39.020 [raft-server-1] TRACE i.a.p.raft.roles.LeaderAppender - RaftServer{1} - Sending AppendRequest{term=1, leader=1, prevLogIndex=73, prevLogTerm=1, entries=1, commitIndex=73} to 2
11:13:39.020 [raft-server-2] TRACE i.a.p.raft.roles.FollowerRole - RaftServer{2}{role=FOLLOWER} - Received AppendRequest{term=1, leader=1, prevLogIndex=73, prevLogTerm=1, entries=1, commitIndex=73}
11:13:39.020 [raft-server-1] TRACE i.a.p.raft.roles.LeaderAppender - RaftServer{1} - Sending AppendRequest{term=1, leader=1, prevLogIndex=73, prevLogTerm=1, entries=1, commitIndex=73} to 3
11:13:39.020 [raft-server-3] TRACE i.a.p.raft.roles.FollowerRole - RaftServer{3}{role=FOLLOWER} - Received AppendRequest{term=1, leader=1, prevLogIndex=73, prevLogTerm=1, entries=1, commitIndex=73}
11:13:39.020 [raft-server-2] TRACE i.a.p.raft.roles.FollowerRole - RaftServer{2}{role=FOLLOWER} - Appended Indexed{index=74, entry=CommandEntry{term=1, timestamp=2018-05-30 11:13:39,020, session=2, sequence=68, operation=PrimitiveOperation{id=DefaultOperationId{id=write, type=COMMAND}, value=byte[]{length=17, hash=-1644578928}}}}
11:13:39.020 [raft-server-3] TRACE i.a.p.raft.roles.FollowerRole - RaftServer{3}{role=FOLLOWER} - Appended Indexed{index=74, entry=CommandEntry{term=1, timestamp=2018-05-30 11:13:39,020, session=2, sequence=68, operation=PrimitiveOperation{id=DefaultOperationId{id=write, type=COMMAND}, value=byte[]{length=17, hash=-1644578928}}}}
11:13:39.051 [raft-server-2] TRACE i.a.p.raft.roles.FollowerRole - RaftServer{2}{role=FOLLOWER} - Committed entries up to index 73
11:13:39.051 [raft-server-3] TRACE i.a.p.raft.roles.FollowerRole - RaftServer{3}{role=FOLLOWER} - Committed entries up to index 73
11:13:39.051 [raft-server-2] TRACE i.a.p.raft.roles.FollowerRole - RaftServer{2}{role=FOLLOWER} - Sending AppendResponse{status=OK, term=1, succeeded=true, lastLogIndex=74}
11:13:39.051 [raft-server-3] TRACE i.a.p.raft.roles.FollowerRole - RaftServer{3}{role=FOLLOWER} - Sending AppendResponse{status=OK, term=1, succeeded=true, lastLogIndex=74}
11:13:39.052 [raft-server-1] TRACE i.a.p.raft.roles.LeaderAppender - RaftServer{1} - Received AppendResponse{status=OK, term=1, succeeded=true, lastLogIndex=74} from 2
11:13:39.052 [raft-server-1] TRACE i.a.p.raft.roles.LeaderAppender - RaftServer{1} - Committed entries up to 74
11:13:39.052 [raft-server-3-state] TRACE i.a.p.raft.impl.RaftServiceManager - RaftServer{3} - Applying Indexed{index=73, entry=CommandEntry{term=1, timestamp=2018-05-30 11:13:38,948, session=2, sequence=67, operation=PrimitiveOperation{id=DefaultOperationId{id=write, type=COMMAND}, value=byte[]{length=17, hash=-1644578928}}}}
11:13:39.052 [raft-server-2-state] TRACE i.a.p.raft.impl.RaftServiceManager - RaftServer{2} - Applying Indexed{index=73, entry=CommandEntry{term=1, timestamp=2018-05-30 11:13:38,948, session=2, sequence=67, operation=PrimitiveOperation{id=DefaultOperationId{id=write, type=COMMAND}, value=byte[]{length=17, hash=-1644578928}}}}
11:13:39.052 [raft-server-3-state] TRACE i.a.p.s.impl.DefaultServiceExecutor - PrimitiveService{2}{type=PrimitiveType{name=test}, name=test} - Executing DefaultCommit{index=73, session=RaftSession{RaftServiceContext{server=3, type=PrimitiveType{name=test}, name=test, id=2}, session=2, timestamp=2018-05-30 11:13:38,948}, time=2018-05-30 11:13:38,948, operation=DefaultOperationId{id=write, type=COMMAND}, value=byte[]{length=17, hash=-1644578928}}
11:13:39.052 [raft-server-2-state] TRACE i.a.p.s.impl.DefaultServiceExecutor - PrimitiveService{2}{type=PrimitiveType{name=test}, name=test} - Executing DefaultCommit{index=73, session=RaftSession{RaftServiceContext{server=2, type=PrimitiveType{name=test}, name=test, id=2}, session=2, timestamp=2018-05-30 11:13:38,948}, time=2018-05-30 11:13:38,948, operation=DefaultOperationId{id=write, type=COMMAND}, value=byte[]{length=17, hash=-1644578928}}
11:13:39.085 [raft-server-1] TRACE i.a.p.raft.roles.LeaderAppender - RaftServer{1} - Sending AppendRequest{term=1, leader=1, prevLogIndex=74, prevLogTerm=1, entries=0, commitIndex=74} to 2
11:13:39.085 [raft-server-2] TRACE i.a.p.raft.roles.FollowerRole - RaftServer{2}{role=FOLLOWER} - Received AppendRequest{term=1, leader=1, prevLogIndex=74, prevLogTerm=1, entries=0, commitIndex=74}
11:13:39.085 [raft-server-1] TRACE i.a.p.raft.roles.LeaderAppender - RaftServer{1} - Received AppendResponse{status=OK, term=1, succeeded=true, lastLogIndex=74} from 3
11:13:39.085 [raft-server-1] TRACE i.a.p.raft.roles.LeaderAppender - RaftServer{1} - Sending AppendRequest{term=1, leader=1, prevLogIndex=74, prevLogTerm=1, entries=0, commitIndex=74} to 3
11:13:39.085 [raft-server-3] TRACE i.a.p.raft.roles.FollowerRole - RaftServer{3}{role=FOLLOWER} - Received AppendRequest{term=1, leader=1, prevLogIndex=74, prevLogTerm=1, entries=0, commitIndex=74}
11:13:39.085 [raft-server-1-state] TRACE i.a.p.raft.impl.RaftServiceManager - RaftServer{1} - Applying Indexed{index=74, entry=CommandEntry{term=1, timestamp=2018-05-30 11:13:39,020, session=2, sequence=68, operation=PrimitiveOperation{id=DefaultOperationId{id=write, type=COMMAND}, value=byte[]{length=17, hash=-1644578928}}}}
11:13:39.085 [raft-server-1-state] TRACE i.a.p.s.impl.DefaultServiceExecutor - PrimitiveService{2}{type=PrimitiveType{name=test}, name=test} - Executing DefaultCommit{index=74, session=RaftSession{RaftServiceContext{server=1, type=PrimitiveType{name=test}, name=test, id=2}, session=2, timestamp=2018-05-30 11:13:39,020}, time=2018-05-30 11:13:39,020, operation=DefaultOperationId{id=write, type=COMMAND}, value=byte[]{length=17, hash=-1644578928}}
11:13:39.086 [raft-server-1-state] TRACE i.a.protocols.raft.roles.LeaderRole - RaftServer{1}{role=LEADER} - Sending CommandResponse{status=OK, index=74, eventIndex=2, result=byte[]{length=3, hash=35093}}
11:13:39.086 [raft-server-3] TRACE i.a.p.raft.roles.FollowerRole - RaftServer{3}{role=FOLLOWER} - Committed entries up to index 74
11:13:39.086 [raft-server-3] TRACE i.a.p.raft.roles.FollowerRole - RaftServer{3}{role=FOLLOWER} - Sending AppendResponse{status=OK, term=1, succeeded=true, lastLogIndex=74}
11:13:39.086 [raft-server-1] TRACE i.a.p.raft.roles.LeaderAppender - RaftServer{1} - Received AppendResponse{status=OK, term=1, succeeded=true, lastLogIndex=74} from 3
11:13:39.086 [raft-server-3-state] TRACE i.a.p.raft.impl.RaftServiceManager - RaftServer{3} - Applying Indexed{index=74, entry=CommandEntry{term=1, timestamp=2018-05-30 11:13:39,020, session=2, sequence=68, operation=PrimitiveOperation{id=DefaultOperationId{id=write, type=COMMAND}, value=byte[]{length=17, hash=-1644578928}}}}
11:13:39.086 [raft-server-3-state] TRACE i.a.p.s.impl.DefaultServiceExecutor - PrimitiveService{2}{type=PrimitiveType{name=test}, name=test} - Executing DefaultCommit{index=74, session=RaftSession{RaftServiceContext{server=3, type=PrimitiveType{name=test}, name=test, id=2}, session=2, timestamp=2018-05-30 11:13:39,020}, time=2018-05-30 11:13:39,020, operation=DefaultOperationId{id=write, type=COMMAND}, value=byte[]{length=17, hash=-1644578928}}
11:13:39.104 [raft-server-2] TRACE i.a.p.raft.roles.FollowerRole - RaftServer{2}{role=FOLLOWER} - Committed entries up to index 74
11:13:39.105 [raft-server-2] TRACE i.a.p.raft.roles.FollowerRole - RaftServer{2}{role=FOLLOWER} - Sending AppendResponse{status=OK, term=1, succeeded=true, lastLogIndex=74}
11:13:39.105 [raft-server-1] TRACE i.a.p.raft.roles.LeaderAppender - RaftServer{1} - Received AppendResponse{status=OK, term=1, succeeded=true, lastLogIndex=74} from 2
11:13:39.105 [raft-server-2] TRACE i.a.p.raft.roles.FollowerRole - RaftServer{2}{role=FOLLOWER} - Sending CommandResponse{status=OK, index=74, eventIndex=2, result=byte[]{length=3, hash=35093}}
11:13:39.105 [raft-client-a5a0def7-e1df-4503-b1c6-00519ae66cf7-2] TRACE i.a.p.r.p.impl.RaftProxyConnection - PartitionProxy{2}{type=PrimitiveType{name=test}, name=test} - Received CommandResponse{status=OK, index=74, eventIndex=2, result=byte[]{length=3, hash=35093}} from 2
11:13:39.105 [raft-client-a5a0def7-e1df-4503-b1c6-00519ae66cf7-2] TRACE i.a.p.r.p.impl.RaftProxySequencer - PartitionProxy{2}{type=PrimitiveType{name=test}, name=test} - Completing response CommandResponse{status=OK, index=74, eventIndex=2, result=byte[]{length=3, hash=35093}}
11:13:39.105 [raft-server-2-state] TRACE i.a.p.raft.impl.RaftServiceManager - RaftServer{2} - Applying Indexed{index=74, entry=CommandEntry{term=1, timestamp=2018-05-30 11:13:39,020, session=2, sequence=68, operation=PrimitiveOperation{id=DefaultOperationId{id=write, type=COMMAND}, value=byte[]{length=17, hash=-1644578928}}}}
11:13:39.105 [raft-server-2-state] TRACE i.a.p.s.impl.DefaultServiceExecutor - PrimitiveService{2}{type=PrimitiveType{name=test}, name=test} - Executing DefaultCommit{index=74, session=RaftSession{RaftServiceContext{server=2, type=PrimitiveType{name=test}, name=test, id=2}, session=2, timestamp=2018-05-30 11:13:39,020}, time=2018-05-30 11:13:39,020, operation=DefaultOperationId{id=write, type=COMMAND}, value=byte[]{length=17, hash=-1644578928}}
11:13:39.105 [raft-client-a5a0def7-e1df-4503-b1c6-00519ae66cf7-2] TRACE i.a.p.r.p.impl.RaftProxyConnection - PartitionProxy{2}{type=PrimitiveType{name=test}, name=test} - Sending CommandRequest{session=2, sequence=69, operation=PrimitiveOperation{id=DefaultOperationId{id=write, type=COMMAND}, value=byte[]{length=17, hash=-1644578928}}} to 2
11:13:39.105 [raft-server-2] TRACE i.a.p.raft.roles.FollowerRole - RaftServer{2}{role=FOLLOWER} - Received CommandRequest{session=2, sequence=69, operation=PrimitiveOperation{id=DefaultOperationId{id=write, type=COMMAND}, value=byte[]{length=17, hash=-1644578928}}}
11:13:39.106 [raft-server-1] TRACE i.a.protocols.raft.roles.LeaderRole - RaftServer{1}{role=LEADER} - Received CommandRequest{session=2, sequence=69, operation=PrimitiveOperation{id=DefaultOperationId{id=write, type=COMMAND}, value=byte[]{length=17, hash=-1644578928}}}
11:13:39.106 [raft-server-1] TRACE i.a.protocols.raft.roles.LeaderRole - RaftServer{1}{role=LEADER} - Appended Indexed{index=75, entry=CommandEntry{term=1, timestamp=2018-05-30 11:13:39,106, session=2, sequence=69, operation=PrimitiveOperation{id=DefaultOperationId{id=write, type=COMMAND}, value=byte[]{length=17, hash=-1644578928}}}}
11:13:39.106 [raft-server-1] TRACE i.a.p.raft.roles.LeaderAppender - RaftServer{1} - Sending AppendRequest{term=1, leader=1, prevLogIndex=74, prevLogTerm=1, entries=1, commitIndex=74} to 2
11:13:39.106 [raft-server-2] TRACE i.a.p.raft.roles.FollowerRole - RaftServer{2}{role=FOLLOWER} - Received AppendRequest{term=1, leader=1, prevLogIndex=74, prevLogTerm=1, entries=1, commitIndex=74}
11:13:39.106 [raft-server-1] TRACE i.a.p.raft.roles.LeaderAppender - RaftServer{1} - Sending AppendRequest{term=1, leader=1, prevLogIndex=74, prevLogTerm=1, entries=1, commitIndex=74} to 3
11:13:39.106 [raft-server-3] TRACE i.a.p.raft.roles.FollowerRole - RaftServer{3}{role=FOLLOWER} - Received AppendRequest{term=1, leader=1, prevLogIndex=74, prevLogTerm=1, entries=1, commitIndex=74}
11:13:39.106 [raft-server-2] TRACE i.a.p.raft.roles.FollowerRole - RaftServer{2}{role=FOLLOWER} - Appended Indexed{index=75, entry=CommandEntry{term=1, timestamp=2018-05-30 11:13:39,106, session=2, sequence=69, operation=PrimitiveOperation{id=DefaultOperationId{id=write, type=COMMAND}, value=byte[]{length=17, hash=-1644578928}}}}
11:13:39.106 [raft-server-2] TRACE i.a.p.raft.roles.FollowerRole - RaftServer{2}{role=FOLLOWER} - Sending AppendResponse{status=OK, term=1, succeeded=true, lastLogIndex=75}
11:13:39.106 [raft-server-3] TRACE i.a.p.raft.roles.FollowerRole - RaftServer{3}{role=FOLLOWER} - Appended Indexed{index=75, entry=CommandEntry{term=1, timestamp=2018-05-30 11:13:39,106, session=2, sequence=69, operation=PrimitiveOperation{id=DefaultOperationId{id=write, type=COMMAND}, value=byte[]{length=17, hash=-1644578928}}}}
11:13:39.106 [raft-server-1] TRACE i.a.p.raft.roles.LeaderAppender - RaftServer{1} - Received AppendResponse{status=OK, term=1, succeeded=true, lastLogIndex=75} from 2
11:13:39.106 [raft-server-3] TRACE i.a.p.raft.roles.FollowerRole - RaftServer{3}{role=FOLLOWER} - Sending AppendResponse{status=OK, term=1, succeeded=true, lastLogIndex=75}
11:13:39.106 [raft-server-1] TRACE i.a.p.raft.roles.LeaderAppender - RaftServer{1} - Committed entries up to 75
11:13:39.138 [raft-server-1] TRACE i.a.p.raft.roles.LeaderAppender - RaftServer{1} - Received AppendResponse{status=OK, term=1, succeeded=true, lastLogIndex=75} from 3
11:13:39.138 [raft-server-1-state] TRACE i.a.p.raft.impl.RaftServiceManager - RaftServer{1} - Applying Indexed{index=75, entry=CommandEntry{term=1, timestamp=2018-05-30 11:13:39,106, session=2, sequence=69, operation=PrimitiveOperation{id=DefaultOperationId{id=write, type=COMMAND}, value=byte[]{length=17, hash=-1644578928}}}}
11:13:39.138 [raft-server-1-state] TRACE i.a.p.s.impl.DefaultServiceExecutor - PrimitiveService{2}{type=PrimitiveType{name=test}, name=test} - Executing DefaultCommit{index=75, session=RaftSession{RaftServiceContext{server=1, type=PrimitiveType{name=test}, name=test, id=2}, session=2, timestamp=2018-05-30 11:13:39,106}, time=2018-05-30 11:13:39,106, operation=DefaultOperationId{id=write, type=COMMAND}, value=byte[]{length=17, hash=-1644578928}}
11:13:39.139 [raft-server-1-state] TRACE i.a.protocols.raft.roles.LeaderRole - RaftServer{1}{role=LEADER} - Sending CommandResponse{status=OK, index=75, eventIndex=2, result=byte[]{length=3, hash=35155}}
11:13:39.139 [raft-server-2] TRACE i.a.p.raft.roles.FollowerRole - RaftServer{2}{role=FOLLOWER} - Sending CommandResponse{status=OK, index=75, eventIndex=2, result=byte[]{length=3, hash=35155}}
11:13:39.139 [raft-client-a5a0def7-e1df-4503-b1c6-00519ae66cf7-7] TRACE i.a.p.r.p.impl.RaftProxyConnection - PartitionProxy{2}{type=PrimitiveType{name=test}, name=test} - Received CommandResponse{status=OK, index=75, eventIndex=2, result=byte[]{length=3, hash=35155}} from 2
11:13:39.139 [raft-client-a5a0def7-e1df-4503-b1c6-00519ae66cf7-7] TRACE i.a.p.r.p.impl.RaftProxySequencer - PartitionProxy{2}{type=PrimitiveType{name=test}, name=test} - Completing response CommandResponse{status=OK, index=75, eventIndex=2, result=byte[]{length=3, hash=35155}}
11:13:39.140 [raft-client-a5a0def7-e1df-4503-b1c6-00519ae66cf7-1] TRACE i.a.p.r.p.impl.RaftProxyConnection - PartitionProxy{2}{type=PrimitiveType{name=test}, name=test} - Sending CommandRequest{session=2, sequence=70, operation=PrimitiveOperation{id=DefaultOperationId{id=write, type=COMMAND}, value=byte[]{length=17, hash=-1644578928}}} to 2
11:13:39.140 [raft-server-2] TRACE i.a.p.raft.roles.FollowerRole - RaftServer{2}{role=FOLLOWER} - Received CommandRequest{session=2, sequence=70, operation=PrimitiveOperation{id=DefaultOperationId{id=write, type=COMMAND}, value=byte[]{length=17, hash=-1644578928}}}
11:13:39.140 [raft-server-1] TRACE i.a.protocols.raft.roles.LeaderRole - RaftServer{1}{role=LEADER} - Received CommandRequest{session=2, sequence=70, operation=PrimitiveOperation{id=DefaultOperationId{id=write, type=COMMAND}, value=byte[]{length=17, hash=-1644578928}}}
11:13:39.140 [raft-server-1] TRACE i.a.protocols.raft.roles.LeaderRole - RaftServer{1}{role=LEADER} - Appended Indexed{index=76, entry=CommandEntry{term=1, timestamp=2018-05-30 11:13:39,140, session=2, sequence=70, operation=PrimitiveOperation{id=DefaultOperationId{id=write, type=COMMAND}, value=byte[]{length=17, hash=-1644578928}}}}
11:13:39.140 [raft-server-1] TRACE i.a.p.raft.roles.LeaderAppender - RaftServer{1} - Sending AppendRequest{term=1, leader=1, prevLogIndex=75, prevLogTerm=1, entries=1, commitIndex=75} to 2
11:13:39.140 [raft-server-2] TRACE i.a.p.raft.roles.FollowerRole - RaftServer{2}{role=FOLLOWER} - Received AppendRequest{term=1, leader=1, prevLogIndex=75, prevLogTerm=1, entries=1, commitIndex=75}
11:13:39.140 [raft-server-1] TRACE i.a.p.raft.roles.LeaderAppender - RaftServer{1} - Sending AppendRequest{term=1, leader=1, prevLogIndex=75, prevLogTerm=1, entries=1, commitIndex=75} to 3
11:13:39.140 [raft-server-3] TRACE i.a.p.raft.roles.FollowerRole - RaftServer{3}{role=FOLLOWER} - Received AppendRequest{term=1, leader=1, prevLogIndex=75, prevLogTerm=1, entries=1, commitIndex=75}
11:13:39.140 [raft-server-2] TRACE i.a.p.raft.roles.FollowerRole - RaftServer{2}{role=FOLLOWER} - Appended Indexed{index=76, entry=CommandEntry{term=1, timestamp=2018-05-30 11:13:39,140, session=2, sequence=70, operation=PrimitiveOperation{id=DefaultOperationId{id=write, type=COMMAND}, value=byte[]{length=17, hash=-1644578928}}}}
11:13:39.140 [raft-server-3] TRACE i.a.p.raft.roles.FollowerRole - RaftServer{3}{role=FOLLOWER} - Appended Indexed{index=76, entry=CommandEntry{term=1, timestamp=2018-05-30 11:13:39,140, session=2, sequence=70, operation=PrimitiveOperation{id=DefaultOperationId{id=write, type=COMMAND}, value=byte[]{length=17, hash=-1644578928}}}}
11:13:39.171 [raft-server-2] TRACE i.a.p.raft.roles.FollowerRole - RaftServer{2}{role=FOLLOWER} - Committed entries up to index 75
11:13:39.171 [raft-server-3] TRACE i.a.p.raft.roles.FollowerRole - RaftServer{3}{role=FOLLOWER} - Committed entries up to index 75
11:13:39.171 [raft-server-2] TRACE i.a.p.raft.roles.FollowerRole - RaftServer{2}{role=FOLLOWER} - Sending AppendResponse{status=OK, term=1, succeeded=true, lastLogIndex=76}
11:13:39.171 [raft-server-3] TRACE i.a.p.raft.roles.FollowerRole - RaftServer{3}{role=FOLLOWER} - Sending AppendResponse{status=OK, term=1, succeeded=true, lastLogIndex=76}
11:13:39.171 [raft-server-1] TRACE i.a.p.raft.roles.LeaderAppender - RaftServer{1} - Received AppendResponse{status=OK, term=1, succeeded=true, lastLogIndex=76} from 3
11:13:39.171 [raft-server-1] TRACE i.a.p.raft.roles.LeaderAppender - RaftServer{1} - Committed entries up to 76
11:13:39.171 [raft-server-3-state] TRACE i.a.p.raft.impl.RaftServiceManager - RaftServer{3} - Applying Indexed{index=75, entry=CommandEntry{term=1, timestamp=2018-05-30 11:13:39,106, session=2, sequence=69, operation=PrimitiveOperation{id=DefaultOperationId{id=write, type=COMMAND}, value=byte[]{length=17, hash=-1644578928}}}}
11:13:39.172 [raft-server-2-state] TRACE i.a.p.raft.impl.RaftServiceManager - RaftServer{2} - Applying Indexed{index=75, entry=CommandEntry{term=1, timestamp=2018-05-30 11:13:39,106, session=2, sequence=69, operation=PrimitiveOperation{id=DefaultOperationId{id=write, type=COMMAND}, value=byte[]{length=17, hash=-1644578928}}}}
11:13:39.172 [raft-server-3-state] TRACE i.a.p.s.impl.DefaultServiceExecutor - PrimitiveService{2}{type=PrimitiveType{name=test}, name=test} - Executing DefaultCommit{index=75, session=RaftSession{RaftServiceContext{server=3, type=PrimitiveType{name=test}, name=test, id=2}, session=2, timestamp=2018-05-30 11:13:39,106}, time=2018-05-30 11:13:39,106, operation=DefaultOperationId{id=write, type=COMMAND}, value=byte[]{length=17, hash=-1644578928}}
11:13:39.172 [raft-server-2-state] TRACE i.a.p.s.impl.DefaultServiceExecutor - PrimitiveService{2}{type=PrimitiveType{name=test}, name=test} - Executing DefaultCommit{index=75, session=RaftSession{RaftServiceContext{server=2, type=PrimitiveType{name=test}, name=test, id=2}, session=2, timestamp=2018-05-30 11:13:39,106}, time=2018-05-30 11:13:39,106, operation=DefaultOperationId{id=write, type=COMMAND}, value=byte[]{length=17, hash=-1644578928}}
11:13:39.210 [raft-server-1] TRACE i.a.p.raft.roles.LeaderAppender - RaftServer{1} - Received AppendResponse{status=OK, term=1, succeeded=true, lastLogIndex=76} from 2
11:13:39.210 [raft-server-1-state] TRACE i.a.p.raft.impl.RaftServiceManager - RaftServer{1} - Applying Indexed{index=76, entry=CommandEntry{term=1, timestamp=2018-05-30 11:13:39,140, session=2, sequence=70, operation=PrimitiveOperation{id=DefaultOperationId{id=write, type=COMMAND}, value=byte[]{length=17, hash=-1644578928}}}}
11:13:39.210 [raft-server-1-state] TRACE i.a.p.s.impl.DefaultServiceExecutor - PrimitiveService{2}{type=PrimitiveType{name=test}, name=test} - Executing DefaultCommit{index=76, session=RaftSession{RaftServiceContext{server=1, type=PrimitiveType{name=test}, name=test, id=2}, session=2, timestamp=2018-05-30 11:13:39,140}, time=2018-05-30 11:13:39,140, operation=DefaultOperationId{id=write, type=COMMAND}, value=byte[]{length=17, hash=-1644578928}}
11:13:39.210 [raft-server-1-state] TRACE i.a.protocols.raft.roles.LeaderRole - RaftServer{1}{role=LEADER} - Sending CommandResponse{status=OK, index=76, eventIndex=2, result=byte[]{length=3, hash=35217}}
11:13:39.210 [raft-server-2] TRACE i.a.p.raft.roles.FollowerRole - RaftServer{2}{role=FOLLOWER} - Sending CommandResponse{status=OK, index=76, eventIndex=2, result=byte[]{length=3, hash=35217}}
11:13:39.211 [raft-client-a5a0def7-e1df-4503-b1c6-00519ae66cf7-5] TRACE i.a.p.r.p.impl.RaftProxyConnection - PartitionProxy{2}{type=PrimitiveType{name=test}, name=test} - Received CommandResponse{status=OK, index=76, eventIndex=2, result=byte[]{length=3, hash=35217}} from 2
11:13:39.211 [raft-client-a5a0def7-e1df-4503-b1c6-00519ae66cf7-5] TRACE i.a.p.r.p.impl.RaftProxySequencer - PartitionProxy{2}{type=PrimitiveType{name=test}, name=test} - Completing response CommandResponse{status=OK, index=76, eventIndex=2, result=byte[]{length=3, hash=35217}}
11:13:39.211 [raft-client-a5a0def7-e1df-4503-b1c6-00519ae66cf7-5] TRACE i.a.p.r.p.impl.RaftProxyConnection - PartitionProxy{2}{type=PrimitiveType{name=test}, name=test} - Sending CommandRequest{session=2, sequence=71, operation=PrimitiveOperation{id=DefaultOperationId{id=write, type=COMMAND}, value=byte[]{length=17, hash=-1644578928}}} to 2
11:13:39.211 [raft-server-2] TRACE i.a.p.raft.roles.FollowerRole - RaftServer{2}{role=FOLLOWER} - Received CommandRequest{session=2, sequence=71, operation=PrimitiveOperation{id=DefaultOperationId{id=write, type=COMMAND}, value=byte[]{length=17, hash=-1644578928}}}
11:13:39.211 [raft-server-1] TRACE i.a.protocols.raft.roles.LeaderRole - RaftServer{1}{role=LEADER} - Received CommandRequest{session=2, sequence=71, operation=PrimitiveOperation{id=DefaultOperationId{id=write, type=COMMAND}, value=byte[]{length=17, hash=-1644578928}}}
11:13:39.212 [raft-server-1] TRACE i.a.protocols.raft.roles.LeaderRole - RaftServer{1}{role=LEADER} - Appended Indexed{index=77, entry=CommandEntry{term=1, timestamp=2018-05-30 11:13:39,211, session=2, sequence=71, operation=PrimitiveOperation{id=DefaultOperationId{id=write, type=COMMAND}, value=byte[]{length=17, hash=-1644578928}}}}
11:13:39.212 [raft-server-1] TRACE i.a.p.raft.roles.LeaderAppender - RaftServer{1} - Sending AppendRequest{term=1, leader=1, prevLogIndex=76, prevLogTerm=1, entries=1, commitIndex=76} to 2
11:13:39.212 [raft-server-1] TRACE i.a.p.raft.roles.LeaderAppender - RaftServer{1} - Sending AppendRequest{term=1, leader=1, prevLogIndex=76, prevLogTerm=1, entries=1, commitIndex=76} to 3
11:13:39.212 [raft-server-3] TRACE i.a.p.raft.roles.FollowerRole - RaftServer{3}{role=FOLLOWER} - Received AppendRequest{term=1, leader=1, prevLogIndex=76, prevLogTerm=1, entries=1, commitIndex=76}
11:13:39.212 [raft-server-3] TRACE i.a.p.raft.roles.FollowerRole - RaftServer{3}{role=FOLLOWER} - Appended Indexed{index=77, entry=CommandEntry{term=1, timestamp=2018-05-30 11:13:39,211, session=2, sequence=71, operation=PrimitiveOperation{id=DefaultOperationId{id=write, type=COMMAND}, value=byte[]{length=17, hash=-1644578928}}}}
11:13:39.212 [raft-server-2] TRACE i.a.p.raft.roles.FollowerRole - RaftServer{2}{role=FOLLOWER} - Received AppendRequest{term=1, leader=1, prevLogIndex=76, prevLogTerm=1, entries=1, commitIndex=76}
11:13:39.212 [raft-server-2] TRACE i.a.p.raft.roles.FollowerRole - RaftServer{2}{role=FOLLOWER} - Appended Indexed{index=77, entry=CommandEntry{term=1, timestamp=2018-05-30 11:13:39,211, session=2, sequence=71, operation=PrimitiveOperation{id=DefaultOperationId{id=write, type=COMMAND}, value=byte[]{length=17, hash=-1644578928}}}}
11:13:39.243 [raft-server-3] TRACE i.a.p.raft.roles.FollowerRole - RaftServer{3}{role=FOLLOWER} - Committed entries up to index 76
11:13:39.243 [raft-server-3] TRACE i.a.p.raft.roles.FollowerRole - RaftServer{3}{role=FOLLOWER} - Sending AppendResponse{status=OK, term=1, succeeded=true, lastLogIndex=77}
11:13:39.243 [raft-server-1] TRACE i.a.p.raft.roles.LeaderAppender - RaftServer{1} - Received AppendResponse{status=OK, term=1, succeeded=true, lastLogIndex=77} from 3
11:13:39.243 [raft-server-1] TRACE i.a.p.raft.roles.LeaderAppender - RaftServer{1} - Committed entries up to 77
11:13:39.243 [raft-server-3-state] TRACE i.a.p.raft.impl.RaftServiceManager - RaftServer{3} - Applying Indexed{index=76, entry=CommandEntry{term=1, timestamp=2018-05-30 11:13:39,140, session=2, sequence=70, operation=PrimitiveOperation{id=DefaultOperationId{id=write, type=COMMAND}, value=byte[]{length=17, hash=-1644578928}}}}
11:13:39.243 [raft-server-3-state] TRACE i.a.p.s.impl.DefaultServiceExecutor - PrimitiveService{2}{type=PrimitiveType{name=test}, name=test} - Executing DefaultCommit{index=76, session=RaftSession{RaftServiceContext{server=3, type=PrimitiveType{name=test}, name=test, id=2}, session=2, timestamp=2018-05-30 11:13:39,140}, time=2018-05-30 11:13:39,140, operation=DefaultOperationId{id=write, type=COMMAND}, value=byte[]{length=17, hash=-1644578928}}
11:13:39.276 [raft-server-2] TRACE i.a.p.raft.roles.FollowerRole - RaftServer{2}{role=FOLLOWER} - Committed entries up to index 76
11:13:39.276 [raft-server-2] TRACE i.a.p.raft.roles.FollowerRole - RaftServer{2}{role=FOLLOWER} - Sending AppendResponse{status=OK, term=1, succeeded=true, lastLogIndex=77}
11:13:39.276 [raft-server-2-state] TRACE i.a.p.raft.impl.RaftServiceManager - RaftServer{2} - Applying Indexed{index=76, entry=CommandEntry{term=1, timestamp=2018-05-30 11:13:39,140, session=2, sequence=70, operation=PrimitiveOperation{id=DefaultOperationId{id=write, type=COMMAND}, value=byte[]{length=17, hash=-1644578928}}}}
11:13:39.277 [raft-server-2-state] TRACE i.a.p.s.impl.DefaultServiceExecutor - PrimitiveService{2}{type=PrimitiveType{name=test}, name=test} - Executing DefaultCommit{index=76, session=RaftSession{RaftServiceContext{server=2, type=PrimitiveType{name=test}, name=test, id=2}, session=2, timestamp=2018-05-30 11:13:39,140}, time=2018-05-30 11:13:39,140, operation=DefaultOperationId{id=write, type=COMMAND}, value=byte[]{length=17, hash=-1644578928}}
11:13:39.301 [raft-server-1] TRACE i.a.p.raft.roles.LeaderAppender - RaftServer{1} - Sending AppendRequest{term=1, leader=1, prevLogIndex=77, prevLogTerm=1, entries=0, commitIndex=77} to 3
11:13:39.301 [raft-server-1] TRACE i.a.p.raft.roles.LeaderAppender - RaftServer{1} - Received AppendResponse{status=OK, term=1, succeeded=true, lastLogIndex=77} from 2
11:13:39.302 [raft-server-3] TRACE i.a.p.raft.roles.FollowerRole - RaftServer{3}{role=FOLLOWER} - Received AppendRequest{term=1, leader=1, prevLogIndex=77, prevLogTerm=1, entries=0, commitIndex=77}
11:13:39.302 [raft-server-1] TRACE i.a.p.raft.roles.LeaderAppender - RaftServer{1} - Sending AppendRequest{term=1, leader=1, prevLogIndex=77, prevLogTerm=1, entries=0, commitIndex=77} to 2
11:13:39.302 [raft-server-2] TRACE i.a.p.raft.roles.FollowerRole - RaftServer{2}{role=FOLLOWER} - Received AppendRequest{term=1, leader=1, prevLogIndex=77, prevLogTerm=1, entries=0, commitIndex=77}
11:13:39.302 [raft-server-1-state] TRACE i.a.p.raft.impl.RaftServiceManager - RaftServer{1} - Applying Indexed{index=77, entry=CommandEntry{term=1, timestamp=2018-05-30 11:13:39,211, session=2, sequence=71, operation=PrimitiveOperation{id=DefaultOperationId{id=write, type=COMMAND}, value=byte[]{length=17, hash=-1644578928}}}}
11:13:39.302 [raft-server-1-state] TRACE i.a.p.s.impl.DefaultServiceExecutor - PrimitiveService{2}{type=PrimitiveType{name=test}, name=test} - Executing DefaultCommit{index=77, session=RaftSession{RaftServiceContext{server=1, type=PrimitiveType{name=test}, name=test, id=2}, session=2, timestamp=2018-05-30 11:13:39,211}, time=2018-05-30 11:13:39,211, operation=DefaultOperationId{id=write, type=COMMAND}, value=byte[]{length=17, hash=-1644578928}}
11:13:39.302 [raft-server-1-state] TRACE i.a.protocols.raft.roles.LeaderRole - RaftServer{1}{role=LEADER} - Sending CommandResponse{status=OK, index=77, eventIndex=2, result=byte[]{length=3, hash=35279}}
11:13:39.326 [raft-server-3] TRACE i.a.p.raft.roles.FollowerRole - RaftServer{3}{role=FOLLOWER} - Committed entries up to index 77
11:13:39.326 [raft-server-3] TRACE i.a.p.raft.roles.FollowerRole - RaftServer{3}{role=FOLLOWER} - Sending AppendResponse{status=OK, term=1, succeeded=true, lastLogIndex=77}
11:13:39.326 [raft-server-1] TRACE i.a.p.raft.roles.LeaderAppender - RaftServer{1} - Received AppendResponse{status=OK, term=1, succeeded=true, lastLogIndex=77} from 3
11:13:39.326 [raft-server-3-state] TRACE i.a.p.raft.impl.RaftServiceManager - RaftServer{3} - Applying Indexed{index=77, entry=CommandEntry{term=1, timestamp=2018-05-30 11:13:39,211, session=2, sequence=71, operation=PrimitiveOperation{id=DefaultOperationId{id=write, type=COMMAND}, value=byte[]{length=17, hash=-1644578928}}}}
11:13:39.327 [raft-server-1] TRACE i.a.p.raft.roles.LeaderAppender - RaftServer{1} - Sending AppendRequest{term=1, leader=1, prevLogIndex=77, prevLogTerm=1, entries=0, commitIndex=77} to 3
11:13:39.327 [raft-server-3] TRACE i.a.p.raft.roles.FollowerRole - RaftServer{3}{role=FOLLOWER} - Received AppendRequest{term=1, leader=1, prevLogIndex=77, prevLogTerm=1, entries=0, commitIndex=77}
11:13:39.327 [raft-server-3-state] TRACE i.a.p.s.impl.DefaultServiceExecutor - PrimitiveService{2}{type=PrimitiveType{name=test}, name=test} - Executing DefaultCommit{index=77, session=RaftSession{RaftServiceContext{server=3, type=PrimitiveType{name=test}, name=test, id=2}, session=2, timestamp=2018-05-30 11:13:39,211}, time=2018-05-30 11:13:39,211, operation=DefaultOperationId{id=write, type=COMMAND}, value=byte[]{length=17, hash=-1644578928}}
11:13:39.327 [raft-server-3] TRACE i.a.p.raft.roles.FollowerRole - RaftServer{3}{role=FOLLOWER} - Sending AppendResponse{status=OK, term=1, succeeded=true, lastLogIndex=77}
11:13:39.327 [raft-server-1] TRACE i.a.p.raft.roles.LeaderAppender - RaftServer{1} - Received AppendResponse{status=OK, term=1, succeeded=true, lastLogIndex=77} from 3
11:13:39.346 [raft-server-2] TRACE i.a.p.raft.roles.FollowerRole - RaftServer{2}{role=FOLLOWER} - Committed entries up to index 77
11:13:39.346 [raft-server-2] TRACE i.a.p.raft.roles.FollowerRole - RaftServer{2}{role=FOLLOWER} - Sending AppendResponse{status=OK, term=1, succeeded=true, lastLogIndex=77}
11:13:39.346 [raft-server-1] TRACE i.a.p.raft.roles.LeaderAppender - RaftServer{1} - Received AppendResponse{status=OK, term=1, succeeded=true, lastLogIndex=77} from 2
11:13:39.346 [raft-server-2] TRACE i.a.p.raft.roles.FollowerRole - RaftServer{2}{role=FOLLOWER} - Sending CommandResponse{status=OK, index=77, eventIndex=2, result=byte[]{length=3, hash=35279}}
11:13:39.346 [raft-client-a5a0def7-e1df-4503-b1c6-00519ae66cf7-3] TRACE i.a.p.r.p.impl.RaftProxyConnection - PartitionProxy{2}{type=PrimitiveType{name=test}, name=test} - Received CommandResponse{status=OK, index=77, eventIndex=2, result=byte[]{length=3, hash=35279}} from 2
11:13:39.346 [raft-server-2-state] TRACE i.a.p.raft.impl.RaftServiceManager - RaftServer{2} - Applying Indexed{index=77, entry=CommandEntry{term=1, timestamp=2018-05-30 11:13:39,211, session=2, sequence=71, operation=PrimitiveOperation{id=DefaultOperationId{id=write, type=COMMAND}, value=byte[]{length=17, hash=-1644578928}}}}
11:13:39.347 [raft-client-a5a0def7-e1df-4503-b1c6-00519ae66cf7-3] TRACE i.a.p.r.p.impl.RaftProxySequencer - PartitionProxy{2}{type=PrimitiveType{name=test}, name=test} - Completing response CommandResponse{status=OK, index=77, eventIndex=2, result=byte[]{length=3, hash=35279}}
11:13:39.347 [raft-server-2-state] TRACE i.a.p.s.impl.DefaultServiceExecutor - PrimitiveService{2}{type=PrimitiveType{name=test}, name=test} - Executing DefaultCommit{index=77, session=RaftSession{RaftServiceContext{server=2, type=PrimitiveType{name=test}, name=test, id=2}, session=2, timestamp=2018-05-30 11:13:39,211}, time=2018-05-30 11:13:39,211, operation=DefaultOperationId{id=write, type=COMMAND}, value=byte[]{length=17, hash=-1644578928}}
11:13:39.347 [raft-client-a5a0def7-e1df-4503-b1c6-00519ae66cf7-0] TRACE i.a.p.r.p.impl.RaftProxyConnection - PartitionProxy{2}{type=PrimitiveType{name=test}, name=test} - Sending CommandRequest{session=2, sequence=72, operation=PrimitiveOperation{id=DefaultOperationId{id=write, type=COMMAND}, value=byte[]{length=17, hash=-1644578928}}} to 2
11:13:39.347 [raft-server-2] TRACE i.a.p.raft.roles.FollowerRole - RaftServer{2}{role=FOLLOWER} - Received CommandRequest{session=2, sequence=72, operation=PrimitiveOperation{id=DefaultOperationId{id=write, type=COMMAND}, value=byte[]{length=17, hash=-1644578928}}}
11:13:39.347 [raft-server-1] TRACE i.a.protocols.raft.roles.LeaderRole - RaftServer{1}{role=LEADER} - Received CommandRequest{session=2, sequence=72, operation=PrimitiveOperation{id=DefaultOperationId{id=write, type=COMMAND}, value=byte[]{length=17, hash=-1644578928}}}
11:13:39.347 [raft-server-1] TRACE i.a.protocols.raft.roles.LeaderRole - RaftServer{1}{role=LEADER} - Appended Indexed{index=78, entry=CommandEntry{term=1, timestamp=2018-05-30 11:13:39,347, session=2, sequence=72, operation=PrimitiveOperation{id=DefaultOperationId{id=write, type=COMMAND}, value=byte[]{length=17, hash=-1644578928}}}}
11:13:39.348 [raft-server-1] TRACE i.a.p.raft.roles.LeaderAppender - RaftServer{1} - Sending AppendRequest{term=1, leader=1, prevLogIndex=77, prevLogTerm=1, entries=1, commitIndex=77} to 2
11:13:39.348 [raft-server-1] TRACE i.a.p.raft.roles.LeaderAppender - RaftServer{1} - Sending AppendRequest{term=1, leader=1, prevLogIndex=77, prevLogTerm=1, entries=1, commitIndex=77} to 3
11:13:39.348 [raft-server-2] TRACE i.a.p.raft.roles.FollowerRole - RaftServer{2}{role=FOLLOWER} - Received AppendRequest{term=1, leader=1, prevLogIndex=77, prevLogTerm=1, entries=1, commitIndex=77}
11:13:39.348 [raft-server-3] TRACE i.a.p.raft.roles.FollowerRole - RaftServer{3}{role=FOLLOWER} - Received AppendRequest{term=1, leader=1, prevLogIndex=77, prevLogTerm=1, entries=1, commitIndex=77}
11:13:39.348 [raft-server-2] TRACE i.a.p.raft.roles.FollowerRole - RaftServer{2}{role=FOLLOWER} - Appended Indexed{index=78, entry=CommandEntry{term=1, timestamp=2018-05-30 11:13:39,347, session=2, sequence=72, operation=PrimitiveOperation{id=DefaultOperationId{id=write, type=COMMAND}, value=byte[]{length=17, hash=-1644578928}}}}
11:13:39.348 [raft-server-3] TRACE i.a.p.raft.roles.FollowerRole - RaftServer{3}{role=FOLLOWER} - Appended Indexed{index=78, entry=CommandEntry{term=1, timestamp=2018-05-30 11:13:39,347, session=2, sequence=72, operation=PrimitiveOperation{id=DefaultOperationId{id=write, type=COMMAND}, value=byte[]{length=17, hash=-1644578928}}}}
11:13:39.348 [raft-server-2] TRACE i.a.p.raft.roles.FollowerRole - RaftServer{2}{role=FOLLOWER} - Sending AppendResponse{status=OK, term=1, succeeded=true, lastLogIndex=78}
11:13:39.348 [raft-server-3] TRACE i.a.p.raft.roles.FollowerRole - RaftServer{3}{role=FOLLOWER} - Sending AppendResponse{status=OK, term=1, succeeded=true, lastLogIndex=78}
11:13:39.348 [raft-server-1] TRACE i.a.p.raft.roles.LeaderAppender - RaftServer{1} - Received AppendResponse{status=OK, term=1, succeeded=true, lastLogIndex=78} from 2
11:13:39.348 [raft-server-1] TRACE i.a.p.raft.roles.LeaderAppender - RaftServer{1} - Committed entries up to 78
11:13:39.380 [raft-server-1] TRACE i.a.p.raft.roles.LeaderAppender - RaftServer{1} - Received AppendResponse{status=OK, term=1, succeeded=true, lastLogIndex=78} from 3
11:13:39.380 [raft-server-1-state] TRACE i.a.p.raft.impl.RaftServiceManager - RaftServer{1} - Applying Indexed{index=78, entry=CommandEntry{term=1, timestamp=2018-05-30 11:13:39,347, session=2, sequence=72, operation=PrimitiveOperation{id=DefaultOperationId{id=write, type=COMMAND}, value=byte[]{length=17, hash=-1644578928}}}}
11:13:39.380 [raft-server-1-state] TRACE i.a.p.s.impl.DefaultServiceExecutor - PrimitiveService{2}{type=PrimitiveType{name=test}, name=test} - Executing DefaultCommit{index=78, session=RaftSession{RaftServiceContext{server=1, type=PrimitiveType{name=test}, name=test, id=2}, session=2, timestamp=2018-05-30 11:13:39,347}, time=2018-05-30 11:13:39,347, operation=DefaultOperationId{id=write, type=COMMAND}, value=byte[]{length=17, hash=-1644578928}}
11:13:39.380 [raft-server-1-state] TRACE i.a.protocols.raft.roles.LeaderRole - RaftServer{1}{role=LEADER} - Sending CommandResponse{status=OK, index=78, eventIndex=2, result=byte[]{length=3, hash=35341}}
11:13:39.380 [raft-server-2] TRACE i.a.p.raft.roles.FollowerRole - RaftServer{2}{role=FOLLOWER} - Sending CommandResponse{status=OK, index=78, eventIndex=2, result=byte[]{length=3, hash=35341}}
11:13:39.380 [raft-client-a5a0def7-e1df-4503-b1c6-00519ae66cf7-7] TRACE i.a.p.r.p.impl.RaftProxyConnection - PartitionProxy{2}{type=PrimitiveType{name=test}, name=test} - Received CommandResponse{status=OK, index=78, eventIndex=2, result=byte[]{length=3, hash=35341}} from 2
11:13:39.380 [raft-client-a5a0def7-e1df-4503-b1c6-00519ae66cf7-7] TRACE i.a.p.r.p.impl.RaftProxySequencer - PartitionProxy{2}{type=PrimitiveType{name=test}, name=test} - Completing response CommandResponse{status=OK, index=78, eventIndex=2, result=byte[]{length=3, hash=35341}}
11:13:39.381 [raft-client-a5a0def7-e1df-4503-b1c6-00519ae66cf7-4] TRACE i.a.p.r.p.impl.RaftProxyConnection - PartitionProxy{2}{type=PrimitiveType{name=test}, name=test} - Sending CommandRequest{session=2, sequence=73, operation=PrimitiveOperation{id=DefaultOperationId{id=write, type=COMMAND}, value=byte[]{length=17, hash=-1644578928}}} to 2
11:13:39.381 [raft-server-2] TRACE i.a.p.raft.roles.FollowerRole - RaftServer{2}{role=FOLLOWER} - Received CommandRequest{session=2, sequence=73, operation=PrimitiveOperation{id=DefaultOperationId{id=write, type=COMMAND}, value=byte[]{length=17, hash=-1644578928}}}
11:13:39.381 [raft-server-1] TRACE i.a.protocols.raft.roles.LeaderRole - RaftServer{1}{role=LEADER} - Received CommandRequest{session=2, sequence=73, operation=PrimitiveOperation{id=DefaultOperationId{id=write, type=COMMAND}, value=byte[]{length=17, hash=-1644578928}}}
11:13:39.381 [raft-server-1] TRACE i.a.protocols.raft.roles.LeaderRole - RaftServer{1}{role=LEADER} - Appended Indexed{index=79, entry=CommandEntry{term=1, timestamp=2018-05-30 11:13:39,381, session=2, sequence=73, operation=PrimitiveOperation{id=DefaultOperationId{id=write, type=COMMAND}, value=byte[]{length=17, hash=-1644578928}}}}
11:13:39.381 [raft-server-1] TRACE i.a.p.raft.roles.LeaderAppender - RaftServer{1} - Sending AppendRequest{term=1, leader=1, prevLogIndex=78, prevLogTerm=1, entries=1, commitIndex=78} to 2
11:13:39.382 [raft-server-2] TRACE i.a.p.raft.roles.FollowerRole - RaftServer{2}{role=FOLLOWER} - Received AppendRequest{term=1, leader=1, prevLogIndex=78, prevLogTerm=1, entries=1, commitIndex=78}
11:13:39.382 [raft-server-1] TRACE i.a.p.raft.roles.LeaderAppender - RaftServer{1} - Sending AppendRequest{term=1, leader=1, prevLogIndex=78, prevLogTerm=1, entries=1, commitIndex=78} to 3
11:13:39.382 [raft-server-2] TRACE i.a.p.raft.roles.FollowerRole - RaftServer{2}{role=FOLLOWER} - Appended Indexed{index=79, entry=CommandEntry{term=1, timestamp=2018-05-30 11:13:39,381, session=2, sequence=73, operation=PrimitiveOperation{id=DefaultOperationId{id=write, type=COMMAND}, value=byte[]{length=17, hash=-1644578928}}}}
11:13:39.382 [raft-server-3] TRACE i.a.p.raft.roles.FollowerRole - RaftServer{3}{role=FOLLOWER} - Received AppendRequest{term=1, leader=1, prevLogIndex=78, prevLogTerm=1, entries=1, commitIndex=78}
11:13:39.382 [raft-server-3] TRACE i.a.p.raft.roles.FollowerRole - RaftServer{3}{role=FOLLOWER} - Appended Indexed{index=79, entry=CommandEntry{term=1, timestamp=2018-05-30 11:13:39,381, session=2, sequence=73, operation=PrimitiveOperation{id=DefaultOperationId{id=write, type=COMMAND}, value=byte[]{length=17, hash=-1644578928}}}}
11:13:39.413 [raft-server-2] TRACE i.a.p.raft.roles.FollowerRole - RaftServer{2}{role=FOLLOWER} - Committed entries up to index 78
11:13:39.413 [raft-server-2] TRACE i.a.p.raft.roles.FollowerRole - RaftServer{2}{role=FOLLOWER} - Sending AppendResponse{status=OK, term=1, succeeded=true, lastLogIndex=79}
11:13:39.413 [raft-server-1] TRACE i.a.p.raft.roles.LeaderAppender - RaftServer{1} - Received AppendResponse{status=OK, term=1, succeeded=true, lastLogIndex=79} from 2
11:13:39.413 [raft-server-1] TRACE i.a.p.raft.roles.LeaderAppender - RaftServer{1} - Committed entries up to 79
11:13:39.413 [raft-server-2-state] TRACE i.a.p.raft.impl.RaftServiceManager - RaftServer{2} - Applying Indexed{index=78, entry=CommandEntry{term=1, timestamp=2018-05-30 11:13:39,347, session=2, sequence=72, operation=PrimitiveOperation{id=DefaultOperationId{id=write, type=COMMAND}, value=byte[]{length=17, hash=-1644578928}}}}
11:13:39.413 [raft-server-2-state] TRACE i.a.p.s.impl.DefaultServiceExecutor - PrimitiveService{2}{type=PrimitiveType{name=test}, name=test} - Executing DefaultCommit{index=78, session=RaftSession{RaftServiceContext{server=2, type=PrimitiveType{name=test}, name=test, id=2}, session=2, timestamp=2018-05-30 11:13:39,347}, time=2018-05-30 11:13:39,347, operation=DefaultOperationId{id=write, type=COMMAND}, value=byte[]{length=17, hash=-1644578928}}
11:13:39.443 [raft-server-3] TRACE i.a.p.raft.roles.FollowerRole - RaftServer{3}{role=FOLLOWER} - Committed entries up to index 78
11:13:39.443 [raft-server-3] TRACE i.a.p.raft.roles.FollowerRole - RaftServer{3}{role=FOLLOWER} - Sending AppendResponse{status=OK, term=1, succeeded=true, lastLogIndex=79}
11:13:39.443 [raft-server-3-state] TRACE i.a.p.raft.impl.RaftServiceManager - RaftServer{3} - Applying Indexed{index=78, entry=CommandEntry{term=1, timestamp=2018-05-30 11:13:39,347, session=2, sequence=72, operation=PrimitiveOperation{id=DefaultOperationId{id=write, type=COMMAND}, value=byte[]{length=17, hash=-1644578928}}}}
11:13:39.443 [raft-server-3-state] TRACE i.a.p.s.impl.DefaultServiceExecutor - PrimitiveService{2}{type=PrimitiveType{name=test}, name=test} - Executing DefaultCommit{index=78, session=RaftSession{RaftServiceContext{server=3, type=PrimitiveType{name=test}, name=test, id=2}, session=2, timestamp=2018-05-30 11:13:39,347}, time=2018-05-30 11:13:39,347, operation=DefaultOperationId{id=write, type=COMMAND}, value=byte[]{length=17, hash=-1644578928}}
11:13:39.463 [raft-server-1] TRACE i.a.p.raft.roles.LeaderAppender - RaftServer{1} - Received AppendResponse{status=OK, term=1, succeeded=true, lastLogIndex=79} from 3
11:13:39.463 [raft-server-1-state] TRACE i.a.p.raft.impl.RaftServiceManager - RaftServer{1} - Applying Indexed{index=79, entry=CommandEntry{term=1, timestamp=2018-05-30 11:13:39,381, session=2, sequence=73, operation=PrimitiveOperation{id=DefaultOperationId{id=write, type=COMMAND}, value=byte[]{length=17, hash=-1644578928}}}}
11:13:39.463 [raft-server-1-state] TRACE i.a.p.s.impl.DefaultServiceExecutor - PrimitiveService{2}{type=PrimitiveType{name=test}, name=test} - Executing DefaultCommit{index=79, session=RaftSession{RaftServiceContext{server=1, type=PrimitiveType{name=test}, name=test, id=2}, session=2, timestamp=2018-05-30 11:13:39,381}, time=2018-05-30 11:13:39,381, operation=DefaultOperationId{id=write, type=COMMAND}, value=byte[]{length=17, hash=-1644578928}}
11:13:39.463 [raft-server-1-state] TRACE i.a.protocols.raft.roles.LeaderRole - RaftServer{1}{role=LEADER} - Sending CommandResponse{status=OK, index=79, eventIndex=2, result=byte[]{length=3, hash=35403}}
11:13:39.463 [raft-server-2] TRACE i.a.p.raft.roles.FollowerRole - RaftServer{2}{role=FOLLOWER} - Sending CommandResponse{status=OK, index=79, eventIndex=2, result=byte[]{length=3, hash=35403}}
11:13:39.464 [raft-client-a5a0def7-e1df-4503-b1c6-00519ae66cf7-6] TRACE i.a.p.r.p.impl.RaftProxyConnection - PartitionProxy{2}{type=PrimitiveType{name=test}, name=test} - Received CommandResponse{status=OK, index=79, eventIndex=2, result=byte[]{length=3, hash=35403}} from 2
11:13:39.464 [raft-client-a5a0def7-e1df-4503-b1c6-00519ae66cf7-6] TRACE i.a.p.r.p.impl.RaftProxySequencer - PartitionProxy{2}{type=PrimitiveType{name=test}, name=test} - Completing response CommandResponse{status=OK, index=79, eventIndex=2, result=byte[]{length=3, hash=35403}}
11:13:39.464 [raft-client-a5a0def7-e1df-4503-b1c6-00519ae66cf7-6] TRACE i.a.p.r.p.impl.RaftProxyConnection - PartitionProxy{2}{type=PrimitiveType{name=test}, name=test} - Sending CommandRequest{session=2, sequence=74, operation=PrimitiveOperation{id=DefaultOperationId{id=write, type=COMMAND}, value=byte[]{length=17, hash=-1644578928}}} to 2
11:13:39.464 [raft-server-2] TRACE i.a.p.raft.roles.FollowerRole - RaftServer{2}{role=FOLLOWER} - Received CommandRequest{session=2, sequence=74, operation=PrimitiveOperation{id=DefaultOperationId{id=write, type=COMMAND}, value=byte[]{length=17, hash=-1644578928}}}
11:13:39.464 [raft-server-1] TRACE i.a.protocols.raft.roles.LeaderRole - RaftServer{1}{role=LEADER} - Received CommandRequest{session=2, sequence=74, operation=PrimitiveOperation{id=DefaultOperationId{id=write, type=COMMAND}, value=byte[]{length=17, hash=-1644578928}}}
11:13:39.465 [raft-server-1] TRACE i.a.protocols.raft.roles.LeaderRole - RaftServer{1}{role=LEADER} - Appended Indexed{index=80, entry=CommandEntry{term=1, timestamp=2018-05-30 11:13:39,464, session=2, sequence=74, operation=PrimitiveOperation{id=DefaultOperationId{id=write, type=COMMAND}, value=byte[]{length=17, hash=-1644578928}}}}
11:13:39.465 [raft-server-1] TRACE i.a.p.raft.roles.LeaderAppender - RaftServer{1} - Sending AppendRequest{term=1, leader=1, prevLogIndex=79, prevLogTerm=1, entries=1, commitIndex=79} to 2
11:13:39.465 [raft-server-1] TRACE i.a.p.raft.roles.LeaderAppender - RaftServer{1} - Sending AppendRequest{term=1, leader=1, prevLogIndex=79, prevLogTerm=1, entries=1, commitIndex=79} to 3
11:13:39.465 [raft-server-2] TRACE i.a.p.raft.roles.FollowerRole - RaftServer{2}{role=FOLLOWER} - Received AppendRequest{term=1, leader=1, prevLogIndex=79, prevLogTerm=1, entries=1, commitIndex=79}
11:13:39.465 [raft-server-2] TRACE i.a.p.raft.roles.FollowerRole - RaftServer{2}{role=FOLLOWER} - Appended Indexed{index=80, entry=CommandEntry{term=1, timestamp=2018-05-30 11:13:39,464, session=2, sequence=74, operation=PrimitiveOperation{id=DefaultOperationId{id=write, type=COMMAND}, value=byte[]{length=17, hash=-1644578928}}}}
11:13:39.465 [raft-server-3] TRACE i.a.p.raft.roles.FollowerRole - RaftServer{3}{role=FOLLOWER} - Received AppendRequest{term=1, leader=1, prevLogIndex=79, prevLogTerm=1, entries=1, commitIndex=79}
11:13:39.465 [raft-server-3] TRACE i.a.p.raft.roles.FollowerRole - RaftServer{3}{role=FOLLOWER} - Appended Indexed{index=80, entry=CommandEntry{term=1, timestamp=2018-05-30 11:13:39,464, session=2, sequence=74, operation=PrimitiveOperation{id=DefaultOperationId{id=write, type=COMMAND}, value=byte[]{length=17, hash=-1644578928}}}}
11:13:39.496 [raft-server-2] TRACE i.a.p.raft.roles.FollowerRole - RaftServer{2}{role=FOLLOWER} - Committed entries up to index 79
11:13:39.496 [raft-server-2] TRACE i.a.p.raft.roles.FollowerRole - RaftServer{2}{role=FOLLOWER} - Sending AppendResponse{status=OK, term=1, succeeded=true, lastLogIndex=80}
11:13:39.496 [raft-server-1] TRACE i.a.p.raft.roles.LeaderAppender - RaftServer{1} - Received AppendResponse{status=OK, term=1, succeeded=true, lastLogIndex=80} from 2
11:13:39.496 [raft-server-1] TRACE i.a.p.raft.roles.LeaderAppender - RaftServer{1} - Committed entries up to 80
11:13:39.496 [raft-server-2-state] TRACE i.a.p.raft.impl.RaftServiceManager - RaftServer{2} - Applying Indexed{index=79, entry=CommandEntry{term=1, timestamp=2018-05-30 11:13:39,381, session=2, sequence=73, operation=PrimitiveOperation{id=DefaultOperationId{id=write, type=COMMAND}, value=byte[]{length=17, hash=-1644578928}}}}
11:13:39.497 [raft-server-2-state] TRACE i.a.p.s.impl.DefaultServiceExecutor - PrimitiveService{2}{type=PrimitiveType{name=test}, name=test} - Executing DefaultCommit{index=79, session=RaftSession{RaftServiceContext{server=2, type=PrimitiveType{name=test}, name=test, id=2}, session=2, timestamp=2018-05-30 11:13:39,381}, time=2018-05-30 11:13:39,381, operation=DefaultOperationId{id=write, type=COMMAND}, value=byte[]{length=17, hash=-1644578928}}
11:13:39.529 [raft-server-3] TRACE i.a.p.raft.roles.FollowerRole - RaftServer{3}{role=FOLLOWER} - Committed entries up to index 79
11:13:39.529 [raft-server-3] TRACE i.a.p.raft.roles.FollowerRole - RaftServer{3}{role=FOLLOWER} - Sending AppendResponse{status=OK, term=1, succeeded=true, lastLogIndex=80}
11:13:39.530 [raft-server-3-state] TRACE i.a.p.raft.impl.RaftServiceManager - RaftServer{3} - Applying Indexed{index=79, entry=CommandEntry{term=1, timestamp=2018-05-30 11:13:39,381, session=2, sequence=73, operation=PrimitiveOperation{id=DefaultOperationId{id=write, type=COMMAND}, value=byte[]{length=17, hash=-1644578928}}}}
11:13:39.530 [raft-server-3-state] TRACE i.a.p.s.impl.DefaultServiceExecutor - PrimitiveService{2}{type=PrimitiveType{name=test}, name=test} - Executing DefaultCommit{index=79, session=RaftSession{RaftServiceContext{server=3, type=PrimitiveType{name=test}, name=test, id=2}, session=2, timestamp=2018-05-30 11:13:39,381}, time=2018-05-30 11:13:39,381, operation=DefaultOperationId{id=write, type=COMMAND}, value=byte[]{length=17, hash=-1644578928}}
11:13:39.555 [raft-server-1] TRACE i.a.p.raft.roles.LeaderAppender - RaftServer{1} - Sending AppendRequest{term=1, leader=1, prevLogIndex=80, prevLogTerm=1, entries=0, commitIndex=80} to 2
11:13:39.555 [raft-server-2] TRACE i.a.p.raft.roles.FollowerRole - RaftServer{2}{role=FOLLOWER} - Received AppendRequest{term=1, leader=1, prevLogIndex=80, prevLogTerm=1, entries=0, commitIndex=80}
11:13:39.555 [raft-server-1] TRACE i.a.p.raft.roles.LeaderAppender - RaftServer{1} - Received AppendResponse{status=OK, term=1, succeeded=true, lastLogIndex=80} from 3
11:13:39.555 [raft-server-1] TRACE i.a.p.raft.roles.LeaderAppender - RaftServer{1} - Sending AppendRequest{term=1, leader=1, prevLogIndex=80, prevLogTerm=1, entries=0, commitIndex=80} to 3
11:13:39.555 [raft-server-3] TRACE i.a.p.raft.roles.FollowerRole - RaftServer{3}{role=FOLLOWER} - Received AppendRequest{term=1, leader=1, prevLogIndex=80, prevLogTerm=1, entries=0, commitIndex=80}
11:13:39.555 [raft-server-1-state] TRACE i.a.p.raft.impl.RaftServiceManager - RaftServer{1} - Applying Indexed{index=80, entry=CommandEntry{term=1, timestamp=2018-05-30 11:13:39,464, session=2, sequence=74, operation=PrimitiveOperation{id=DefaultOperationId{id=write, type=COMMAND}, value=byte[]{length=17, hash=-1644578928}}}}
11:13:39.555 [raft-server-1-state] TRACE i.a.p.s.impl.DefaultServiceExecutor - PrimitiveService{2}{type=PrimitiveType{name=test}, name=test} - Executing DefaultCommit{index=80, session=RaftSession{RaftServiceContext{server=1, type=PrimitiveType{name=test}, name=test, id=2}, session=2, timestamp=2018-05-30 11:13:39,464}, time=2018-05-30 11:13:39,464, operation=DefaultOperationId{id=write, type=COMMAND}, value=byte[]{length=17, hash=-1644578928}}
11:13:39.556 [raft-server-1-state] TRACE i.a.protocols.raft.roles.LeaderRole - RaftServer{1}{role=LEADER} - Sending CommandResponse{status=OK, index=80, eventIndex=2, result=byte[]{length=3, hash=35465}}
11:13:39.579 [raft-server-2] TRACE i.a.p.raft.roles.FollowerRole - RaftServer{2}{role=FOLLOWER} - Committed entries up to index 80
11:13:39.580 [raft-server-2] TRACE i.a.p.raft.roles.FollowerRole - RaftServer{2}{role=FOLLOWER} - Sending AppendResponse{status=OK, term=1, succeeded=true, lastLogIndex=80}
11:13:39.580 [raft-server-1] TRACE i.a.p.raft.roles.LeaderAppender - RaftServer{1} - Received AppendResponse{status=OK, term=1, succeeded=true, lastLogIndex=80} from 2
11:13:39.580 [raft-server-2] TRACE i.a.p.raft.roles.FollowerRole - RaftServer{2}{role=FOLLOWER} - Sending CommandResponse{status=OK, index=80, eventIndex=2, result=byte[]{length=3, hash=35465}}
11:13:39.580 [raft-client-a5a0def7-e1df-4503-b1c6-00519ae66cf7-3] TRACE i.a.p.r.p.impl.RaftProxyConnection - PartitionProxy{2}{type=PrimitiveType{name=test}, name=test} - Received CommandResponse{status=OK, index=80, eventIndex=2, result=byte[]{length=3, hash=35465}} from 2
11:13:39.580 [raft-client-a5a0def7-e1df-4503-b1c6-00519ae66cf7-3] TRACE i.a.p.r.p.impl.RaftProxySequencer - PartitionProxy{2}{type=PrimitiveType{name=test}, name=test} - Completing response CommandResponse{status=OK, index=80, eventIndex=2, result=byte[]{length=3, hash=35465}}
11:13:39.580 [raft-server-2-state] TRACE i.a.p.raft.impl.RaftServiceManager - RaftServer{2} - Applying Indexed{index=80, entry=CommandEntry{term=1, timestamp=2018-05-30 11:13:39,464, session=2, sequence=74, operation=PrimitiveOperation{id=DefaultOperationId{id=write, type=COMMAND}, value=byte[]{length=17, hash=-1644578928}}}}
11:13:39.580 [raft-server-2-state] TRACE i.a.p.s.impl.DefaultServiceExecutor - PrimitiveService{2}{type=PrimitiveType{name=test}, name=test} - Executing DefaultCommit{index=80, session=RaftSession{RaftServiceContext{server=2, type=PrimitiveType{name=test}, name=test, id=2}, session=2, timestamp=2018-05-30 11:13:39,464}, time=2018-05-30 11:13:39,464, operation=DefaultOperationId{id=write, type=COMMAND}, value=byte[]{length=17, hash=-1644578928}}
11:13:39.580 [raft-client-a5a0def7-e1df-4503-b1c6-00519ae66cf7-3] TRACE i.a.p.r.p.impl.RaftProxyConnection - PartitionProxy{2}{type=PrimitiveType{name=test}, name=test} - Sending CommandRequest{session=2, sequence=75, operation=PrimitiveOperation{id=DefaultOperationId{id=write, type=COMMAND}, value=byte[]{length=17, hash=-1644578928}}} to 2
11:13:39.581 [raft-server-2] TRACE i.a.p.raft.roles.FollowerRole - RaftServer{2}{role=FOLLOWER} - Received CommandRequest{session=2, sequence=75, operation=PrimitiveOperation{id=DefaultOperationId{id=write, type=COMMAND}, value=byte[]{length=17, hash=-1644578928}}}
11:13:39.581 [raft-server-1] TRACE i.a.p.raft.roles.LeaderAppender - RaftServer{1} - Sending AppendRequest{term=1, leader=1, prevLogIndex=80, prevLogTerm=1, entries=0, commitIndex=80} to 2
11:13:39.581 [raft-server-1] TRACE i.a.protocols.raft.roles.LeaderRole - RaftServer{1}{role=LEADER} - Received CommandRequest{session=2, sequence=75, operation=PrimitiveOperation{id=DefaultOperationId{id=write, type=COMMAND}, value=byte[]{length=17, hash=-1644578928}}}
11:13:39.581 [raft-server-2] TRACE i.a.p.raft.roles.FollowerRole - RaftServer{2}{role=FOLLOWER} - Received AppendRequest{term=1, leader=1, prevLogIndex=80, prevLogTerm=1, entries=0, commitIndex=80}
11:13:39.581 [raft-server-2] TRACE i.a.p.raft.roles.FollowerRole - RaftServer{2}{role=FOLLOWER} - Sending AppendResponse{status=OK, term=1, succeeded=true, lastLogIndex=80}
11:13:39.604 [raft-server-3] TRACE i.a.p.raft.roles.FollowerRole - RaftServer{3}{role=FOLLOWER} - Committed entries up to index 80
11:13:39.605 [raft-server-3] TRACE i.a.p.raft.roles.FollowerRole - RaftServer{3}{role=FOLLOWER} - Sending AppendResponse{status=OK, term=1, succeeded=true, lastLogIndex=80}
11:13:39.605 [raft-server-3-state] TRACE i.a.p.raft.impl.RaftServiceManager - RaftServer{3} - Applying Indexed{index=80, entry=CommandEntry{term=1, timestamp=2018-05-30 11:13:39,464, session=2, sequence=74, operation=PrimitiveOperation{id=DefaultOperationId{id=write, type=COMMAND}, value=byte[]{length=17, hash=-1644578928}}}}
11:13:39.605 [raft-server-3-state] TRACE i.a.p.s.impl.DefaultServiceExecutor - PrimitiveService{2}{type=PrimitiveType{name=test}, name=test} - Executing DefaultCommit{index=80, session=RaftSession{RaftServiceContext{server=3, type=PrimitiveType{name=test}, name=test, id=2}, session=2, timestamp=2018-05-30 11:13:39,464}, time=2018-05-30 11:13:39,464, operation=DefaultOperationId{id=write, type=COMMAND}, value=byte[]{length=17, hash=-1644578928}}
11:13:39.663 [raft-server-1] DEBUG i.a.storage.journal.SegmentedJournal - Created disk segment: JournalSegment{id=9, version=1, index=81, size=64}
11:13:39.663 [raft-server-1] TRACE i.a.protocols.raft.roles.LeaderRole - RaftServer{1}{role=LEADER} - Appended Indexed{index=81, entry=CommandEntry{term=1, timestamp=2018-05-30 11:13:39,581, session=2, sequence=75, operation=PrimitiveOperation{id=DefaultOperationId{id=write, type=COMMAND}, value=byte[]{length=17, hash=-1644578928}}}}
11:13:39.663 [raft-server-1] TRACE i.a.p.raft.roles.LeaderAppender - RaftServer{1} - Received AppendResponse{status=OK, term=1, succeeded=true, lastLogIndex=80} from 2
11:13:39.663 [raft-server-1] TRACE i.a.p.raft.roles.LeaderAppender - RaftServer{1} - Sending AppendRequest{term=1, leader=1, prevLogIndex=80, prevLogTerm=1, entries=1, commitIndex=80} to 2
11:13:39.663 [raft-server-2] TRACE i.a.p.raft.roles.FollowerRole - RaftServer{2}{role=FOLLOWER} - Received AppendRequest{term=1, leader=1, prevLogIndex=80, prevLogTerm=1, entries=1, commitIndex=80}
11:13:39.663 [raft-server-1] TRACE i.a.p.raft.roles.LeaderAppender - RaftServer{1} - Received AppendResponse{status=OK, term=1, succeeded=true, lastLogIndex=80} from 3
11:13:39.664 [raft-server-1] TRACE i.a.p.raft.roles.LeaderAppender - RaftServer{1} - Sending AppendRequest{term=1, leader=1, prevLogIndex=80, prevLogTerm=1, entries=1, commitIndex=80} to 3
11:13:39.664 [raft-server-3] TRACE i.a.p.raft.roles.FollowerRole - RaftServer{3}{role=FOLLOWER} - Received AppendRequest{term=1, leader=1, prevLogIndex=80, prevLogTerm=1, entries=1, commitIndex=80}
11:13:39.754 [raft-server-2] DEBUG i.a.storage.journal.SegmentedJournal - Created disk segment: JournalSegment{id=9, version=1, index=81, size=64}
11:13:39.754 [raft-server-2] TRACE i.a.p.raft.roles.FollowerRole - RaftServer{2}{role=FOLLOWER} - Appended Indexed{index=81, entry=CommandEntry{term=1, timestamp=2018-05-30 11:13:39,581, session=2, sequence=75, operation=PrimitiveOperation{id=DefaultOperationId{id=write, type=COMMAND}, value=byte[]{length=17, hash=-1644578928}}}}
11:13:39.755 [raft-server-2] TRACE i.a.p.raft.roles.FollowerRole - RaftServer{2}{role=FOLLOWER} - Sending AppendResponse{status=OK, term=1, succeeded=true, lastLogIndex=81}
11:13:39.755 [raft-server-1] TRACE i.a.p.raft.roles.LeaderAppender - RaftServer{1} - Received AppendResponse{status=OK, term=1, succeeded=true, lastLogIndex=81} from 2
11:13:39.755 [raft-server-1] TRACE i.a.p.raft.roles.LeaderAppender - RaftServer{1} - Committed entries up to 81
11:13:39.777 [raft-server-3] DEBUG i.a.storage.journal.SegmentedJournal - Created disk segment: JournalSegment{id=9, version=1, index=81, size=64}
11:13:39.777 [raft-server-3] TRACE i.a.p.raft.roles.FollowerRole - RaftServer{3}{role=FOLLOWER} - Appended Indexed{index=81, entry=CommandEntry{term=1, timestamp=2018-05-30 11:13:39,581, session=2, sequence=75, operation=PrimitiveOperation{id=DefaultOperationId{id=write, type=COMMAND}, value=byte[]{length=17, hash=-1644578928}}}}
11:13:39.777 [raft-server-3] TRACE i.a.p.raft.roles.FollowerRole - RaftServer{3}{role=FOLLOWER} - Sending AppendResponse{status=OK, term=1, succeeded=true, lastLogIndex=81}
11:13:39.796 [raft-server-1] TRACE i.a.p.raft.roles.LeaderAppender - RaftServer{1} - Sending AppendRequest{term=1, leader=1, prevLogIndex=81, prevLogTerm=1, entries=0, commitIndex=81} to 2
11:13:39.796 [raft-server-2] TRACE i.a.p.raft.roles.FollowerRole - RaftServer{2}{role=FOLLOWER} - Received AppendRequest{term=1, leader=1, prevLogIndex=81, prevLogTerm=1, entries=0, commitIndex=81}
11:13:39.796 [raft-server-1] TRACE i.a.p.raft.roles.LeaderAppender - RaftServer{1} - Received AppendResponse{status=OK, term=1, succeeded=true, lastLogIndex=81} from 3
11:13:39.797 [raft-server-1] TRACE i.a.p.raft.roles.LeaderAppender - RaftServer{1} - Sending AppendRequest{term=1, leader=1, prevLogIndex=81, prevLogTerm=1, entries=0, commitIndex=81} to 3
11:13:39.797 [raft-server-3] TRACE i.a.p.raft.roles.FollowerRole - RaftServer{3}{role=FOLLOWER} - Received AppendRequest{term=1, leader=1, prevLogIndex=81, prevLogTerm=1, entries=0, commitIndex=81}
11:13:39.797 [raft-server-1-state] TRACE i.a.p.raft.impl.RaftServiceManager - RaftServer{1} - Applying Indexed{index=81, entry=CommandEntry{term=1, timestamp=2018-05-30 11:13:39,581, session=2, sequence=75, operation=PrimitiveOperation{id=DefaultOperationId{id=write, type=COMMAND}, value=byte[]{length=17, hash=-1644578928}}}}
11:13:39.797 [raft-server-1-state] TRACE i.a.p.s.impl.DefaultServiceExecutor - PrimitiveService{2}{type=PrimitiveType{name=test}, name=test} - Executing DefaultCommit{index=81, session=RaftSession{RaftServiceContext{server=1, type=PrimitiveType{name=test}, name=test, id=2}, session=2, timestamp=2018-05-30 11:13:39,581}, time=2018-05-30 11:13:39,581, operation=DefaultOperationId{id=write, type=COMMAND}, value=byte[]{length=17, hash=-1644578928}}
11:13:39.797 [raft-server-1-state] TRACE i.a.protocols.raft.roles.LeaderRole - RaftServer{1}{role=LEADER} - Sending CommandResponse{status=OK, index=81, eventIndex=2, result=byte[]{length=3, hash=35527}}
11:13:39.829 [raft-server-2] TRACE i.a.p.raft.roles.FollowerRole - RaftServer{2}{role=FOLLOWER} - Committed entries up to index 81
11:13:39.829 [raft-server-2] TRACE i.a.p.raft.roles.FollowerRole - RaftServer{2}{role=FOLLOWER} - Sending AppendResponse{status=OK, term=1, succeeded=true, lastLogIndex=81}
11:13:39.830 [raft-server-1] TRACE i.a.p.raft.roles.LeaderAppender - RaftServer{1} - Received AppendResponse{status=OK, term=1, succeeded=true, lastLogIndex=81} from 2
11:13:39.830 [raft-server-2] TRACE i.a.p.raft.roles.FollowerRole - RaftServer{2}{role=FOLLOWER} - Sending CommandResponse{status=OK, index=81, eventIndex=2, result=byte[]{length=3, hash=35527}}
11:13:39.830 [raft-server-1] TRACE i.a.p.raft.roles.LeaderAppender - RaftServer{1} - Sending AppendRequest{term=1, leader=1, prevLogIndex=81, prevLogTerm=1, entries=0, commitIndex=81} to 2
11:13:39.830 [raft-client-a5a0def7-e1df-4503-b1c6-00519ae66cf7-7] TRACE i.a.p.r.p.impl.RaftProxyConnection - PartitionProxy{2}{type=PrimitiveType{name=test}, name=test} - Received CommandResponse{status=OK, index=81, eventIndex=2, result=byte[]{length=3, hash=35527}} from 2
11:13:39.830 [raft-client-a5a0def7-e1df-4503-b1c6-00519ae66cf7-7] TRACE i.a.p.r.p.impl.RaftProxySequencer - PartitionProxy{2}{type=PrimitiveType{name=test}, name=test} - Completing response CommandResponse{status=OK, index=81, eventIndex=2, result=byte[]{length=3, hash=35527}}
11:13:39.830 [raft-server-2] TRACE i.a.p.raft.roles.FollowerRole - RaftServer{2}{role=FOLLOWER} - Received AppendRequest{term=1, leader=1, prevLogIndex=81, prevLogTerm=1, entries=0, commitIndex=81}
11:13:39.830 [raft-server-2] TRACE i.a.p.raft.roles.FollowerRole - RaftServer{2}{role=FOLLOWER} - Sending AppendResponse{status=OK, term=1, succeeded=true, lastLogIndex=81}
11:13:39.830 [raft-server-1] TRACE i.a.p.raft.roles.LeaderAppender - RaftServer{1} - Received AppendResponse{status=OK, term=1, succeeded=true, lastLogIndex=81} from 2
11:13:39.830 [raft-server-2-state] TRACE i.a.p.raft.impl.RaftServiceManager - RaftServer{2} - Applying Indexed{index=81, entry=CommandEntry{term=1, timestamp=2018-05-30 11:13:39,581, session=2, sequence=75, operation=PrimitiveOperation{id=DefaultOperationId{id=write, type=COMMAND}, value=byte[]{length=17, hash=-1644578928}}}}
11:13:39.830 [raft-server-2-state] TRACE i.a.p.s.impl.DefaultServiceExecutor - PrimitiveService{2}{type=PrimitiveType{name=test}, name=test} - Executing DefaultCommit{index=81, session=RaftSession{RaftServiceContext{server=2, type=PrimitiveType{name=test}, name=test, id=2}, session=2, timestamp=2018-05-30 11:13:39,581}, time=2018-05-30 11:13:39,581, operation=DefaultOperationId{id=write, type=COMMAND}, value=byte[]{length=17, hash=-1644578928}}
11:13:39.830 [raft-client-a5a0def7-e1df-4503-b1c6-00519ae66cf7-5] TRACE i.a.p.r.p.impl.RaftProxyConnection - PartitionProxy{2}{type=PrimitiveType{name=test}, name=test} - Sending CommandRequest{session=2, sequence=76, operation=PrimitiveOperation{id=DefaultOperationId{id=write, type=COMMAND}, value=byte[]{length=17, hash=-1644578928}}} to 2
11:13:39.831 [raft-server-2] TRACE i.a.p.raft.roles.FollowerRole - RaftServer{2}{role=FOLLOWER} - Received CommandRequest{session=2, sequence=76, operation=PrimitiveOperation{id=DefaultOperationId{id=write, type=COMMAND}, value=byte[]{length=17, hash=-1644578928}}}
11:13:39.831 [raft-server-1] TRACE i.a.protocols.raft.roles.LeaderRole - RaftServer{1}{role=LEADER} - Received CommandRequest{session=2, sequence=76, operation=PrimitiveOperation{id=DefaultOperationId{id=write, type=COMMAND}, value=byte[]{length=17, hash=-1644578928}}}
11:13:39.831 [raft-server-1] TRACE i.a.protocols.raft.roles.LeaderRole - RaftServer{1}{role=LEADER} - Appended Indexed{index=82, entry=CommandEntry{term=1, timestamp=2018-05-30 11:13:39,831, session=2, sequence=76, operation=PrimitiveOperation{id=DefaultOperationId{id=write, type=COMMAND}, value=byte[]{length=17, hash=-1644578928}}}}
11:13:39.831 [raft-server-1] TRACE i.a.p.raft.roles.LeaderAppender - RaftServer{1} - Sending AppendRequest{term=1, leader=1, prevLogIndex=81, prevLogTerm=1, entries=1, commitIndex=81} to 2
11:13:39.831 [raft-server-1] TRACE i.a.p.raft.roles.LeaderAppender - RaftServer{1} - Sending AppendRequest{term=1, leader=1, prevLogIndex=81, prevLogTerm=1, entries=1, commitIndex=81} to 3
11:13:39.831 [raft-server-2] TRACE i.a.p.raft.roles.FollowerRole - RaftServer{2}{role=FOLLOWER} - Received AppendRequest{term=1, leader=1, prevLogIndex=81, prevLogTerm=1, entries=1, commitIndex=81}
11:13:39.831 [raft-server-2] TRACE i.a.p.raft.roles.FollowerRole - RaftServer{2}{role=FOLLOWER} - Appended Indexed{index=82, entry=CommandEntry{term=1, timestamp=2018-05-30 11:13:39,831, session=2, sequence=76, operation=PrimitiveOperation{id=DefaultOperationId{id=write, type=COMMAND}, value=byte[]{length=17, hash=-1644578928}}}}
11:13:39.832 [raft-server-2] TRACE i.a.p.raft.roles.FollowerRole - RaftServer{2}{role=FOLLOWER} - Sending AppendResponse{status=OK, term=1, succeeded=true, lastLogIndex=82}
11:13:39.832 [raft-server-1] TRACE i.a.p.raft.roles.LeaderAppender - RaftServer{1} - Received AppendResponse{status=OK, term=1, succeeded=true, lastLogIndex=82} from 2
11:13:39.832 [raft-server-1] TRACE i.a.p.raft.roles.LeaderAppender - RaftServer{1} - Committed entries up to 82
11:13:39.855 [raft-server-3] TRACE i.a.p.raft.roles.FollowerRole - RaftServer{3}{role=FOLLOWER} - Committed entries up to index 81
11:13:39.855 [raft-server-3] TRACE i.a.p.raft.roles.FollowerRole - RaftServer{3}{role=FOLLOWER} - Sending AppendResponse{status=OK, term=1, succeeded=true, lastLogIndex=81}
11:13:39.855 [raft-server-3] TRACE i.a.p.raft.roles.FollowerRole - RaftServer{3}{role=FOLLOWER} - Received AppendRequest{term=1, leader=1, prevLogIndex=81, prevLogTerm=1, entries=1, commitIndex=81}
11:13:39.855 [raft-server-3] TRACE i.a.p.raft.roles.FollowerRole - RaftServer{3}{role=FOLLOWER} - Appended Indexed{index=82, entry=CommandEntry{term=1, timestamp=2018-05-30 11:13:39,831, session=2, sequence=76, operation=PrimitiveOperation{id=DefaultOperationId{id=write, type=COMMAND}, value=byte[]{length=17, hash=-1644578928}}}}
11:13:39.855 [raft-server-3] TRACE i.a.p.raft.roles.FollowerRole - RaftServer{3}{role=FOLLOWER} - Sending AppendResponse{status=OK, term=1, succeeded=true, lastLogIndex=82}
11:13:39.856 [raft-server-3-state] TRACE i.a.p.raft.impl.RaftServiceManager - RaftServer{3} - Applying Indexed{index=81, entry=CommandEntry{term=1, timestamp=2018-05-30 11:13:39,581, session=2, sequence=75, operation=PrimitiveOperation{id=DefaultOperationId{id=write, type=COMMAND}, value=byte[]{length=17, hash=-1644578928}}}}
11:13:39.856 [raft-server-3-state] TRACE i.a.p.s.impl.DefaultServiceExecutor - PrimitiveService{2}{type=PrimitiveType{name=test}, name=test} - Executing DefaultCommit{index=81, session=RaftSession{RaftServiceContext{server=3, type=PrimitiveType{name=test}, name=test, id=2}, session=2, timestamp=2018-05-30 11:13:39,581}, time=2018-05-30 11:13:39,581, operation=DefaultOperationId{id=write, type=COMMAND}, value=byte[]{length=17, hash=-1644578928}}
11:13:39.888 [raft-server-1] TRACE i.a.p.raft.roles.LeaderAppender - RaftServer{1} - Received AppendResponse{status=OK, term=1, succeeded=true, lastLogIndex=81} from 3
11:13:39.888 [raft-server-1] TRACE i.a.p.raft.roles.LeaderAppender - RaftServer{1} - Received AppendResponse{status=OK, term=1, succeeded=true, lastLogIndex=82} from 3
11:13:39.888 [raft-server-1-state] TRACE i.a.p.raft.impl.RaftServiceManager - RaftServer{1} - Applying Indexed{index=82, entry=CommandEntry{term=1, timestamp=2018-05-30 11:13:39,831, session=2, sequence=76, operation=PrimitiveOperation{id=DefaultOperationId{id=write, type=COMMAND}, value=byte[]{length=17, hash=-1644578928}}}}
11:13:39.888 [raft-server-1-state] TRACE i.a.p.s.impl.DefaultServiceExecutor - PrimitiveService{2}{type=PrimitiveType{name=test}, name=test} - Executing DefaultCommit{index=82, session=RaftSession{RaftServiceContext{server=1, type=PrimitiveType{name=test}, name=test, id=2}, session=2, timestamp=2018-05-30 11:13:39,831}, time=2018-05-30 11:13:39,831, operation=DefaultOperationId{id=write, type=COMMAND}, value=byte[]{length=17, hash=-1644578928}}
11:13:39.889 [raft-server-1-state] TRACE i.a.protocols.raft.roles.LeaderRole - RaftServer{1}{role=LEADER} - Sending CommandResponse{status=OK, index=82, eventIndex=2, result=byte[]{length=3, hash=35589}}
11:13:39.889 [raft-server-2] TRACE i.a.p.raft.roles.FollowerRole - RaftServer{2}{role=FOLLOWER} - Sending CommandResponse{status=OK, index=82, eventIndex=2, result=byte[]{length=3, hash=35589}}
11:13:39.889 [raft-client-a5a0def7-e1df-4503-b1c6-00519ae66cf7-3] TRACE i.a.p.r.p.impl.RaftProxyConnection - PartitionProxy{2}{type=PrimitiveType{name=test}, name=test} - Received CommandResponse{status=OK, index=82, eventIndex=2, result=byte[]{length=3, hash=35589}} from 2
11:13:39.889 [raft-client-a5a0def7-e1df-4503-b1c6-00519ae66cf7-3] TRACE i.a.p.r.p.impl.RaftProxySequencer - PartitionProxy{2}{type=PrimitiveType{name=test}, name=test} - Completing response CommandResponse{status=OK, index=82, eventIndex=2, result=byte[]{length=3, hash=35589}}
11:13:39.890 [raft-client-a5a0def7-e1df-4503-b1c6-00519ae66cf7-0] TRACE i.a.p.r.p.impl.RaftProxyConnection - PartitionProxy{2}{type=PrimitiveType{name=test}, name=test} - Sending CommandRequest{session=2, sequence=77, operation=PrimitiveOperation{id=DefaultOperationId{id=write, type=COMMAND}, value=byte[]{length=17, hash=-1644578928}}} to 2
11:13:39.890 [raft-server-2] TRACE i.a.p.raft.roles.FollowerRole - RaftServer{2}{role=FOLLOWER} - Received CommandRequest{session=2, sequence=77, operation=PrimitiveOperation{id=DefaultOperationId{id=write, type=COMMAND}, value=byte[]{length=17, hash=-1644578928}}}
11:13:39.890 [raft-server-1] TRACE i.a.protocols.raft.roles.LeaderRole - RaftServer{1}{role=LEADER} - Received CommandRequest{session=2, sequence=77, operation=PrimitiveOperation{id=DefaultOperationId{id=write, type=COMMAND}, value=byte[]{length=17, hash=-1644578928}}}
11:13:39.890 [raft-server-1] TRACE i.a.protocols.raft.roles.LeaderRole - RaftServer{1}{role=LEADER} - Appended Indexed{index=83, entry=CommandEntry{term=1, timestamp=2018-05-30 11:13:39,890, session=2, sequence=77, operation=PrimitiveOperation{id=DefaultOperationId{id=write, type=COMMAND}, value=byte[]{length=17, hash=-1644578928}}}}
11:13:39.890 [raft-server-1] TRACE i.a.p.raft.roles.LeaderAppender - RaftServer{1} - Sending AppendRequest{term=1, leader=1, prevLogIndex=82, prevLogTerm=1, entries=1, commitIndex=82} to 2
11:13:39.890 [raft-server-2] TRACE i.a.p.raft.roles.FollowerRole - RaftServer{2}{role=FOLLOWER} - Received AppendRequest{term=1, leader=1, prevLogIndex=82, prevLogTerm=1, entries=1, commitIndex=82}
11:13:39.890 [raft-server-1] TRACE i.a.p.raft.roles.LeaderAppender - RaftServer{1} - Sending AppendRequest{term=1, leader=1, prevLogIndex=82, prevLogTerm=1, entries=1, commitIndex=82} to 3
11:13:39.890 [raft-server-3] TRACE i.a.p.raft.roles.FollowerRole - RaftServer{3}{role=FOLLOWER} - Received AppendRequest{term=1, leader=1, prevLogIndex=82, prevLogTerm=1, entries=1, commitIndex=82}
11:13:39.890 [raft-server-2] TRACE i.a.p.raft.roles.FollowerRole - RaftServer{2}{role=FOLLOWER} - Appended Indexed{index=83, entry=CommandEntry{term=1, timestamp=2018-05-30 11:13:39,890, session=2, sequence=77, operation=PrimitiveOperation{id=DefaultOperationId{id=write, type=COMMAND}, value=byte[]{length=17, hash=-1644578928}}}}
11:13:39.890 [raft-server-3] TRACE i.a.p.raft.roles.FollowerRole - RaftServer{3}{role=FOLLOWER} - Appended Indexed{index=83, entry=CommandEntry{term=1, timestamp=2018-05-30 11:13:39,890, session=2, sequence=77, operation=PrimitiveOperation{id=DefaultOperationId{id=write, type=COMMAND}, value=byte[]{length=17, hash=-1644578928}}}}
11:13:39.934 [raft-server-2] TRACE i.a.p.raft.roles.FollowerRole - RaftServer{2}{role=FOLLOWER} - Committed entries up to index 82
11:13:39.935 [raft-server-3] TRACE i.a.p.raft.roles.FollowerRole - RaftServer{3}{role=FOLLOWER} - Committed entries up to index 82
11:13:39.935 [raft-server-2] TRACE i.a.p.raft.roles.FollowerRole - RaftServer{2}{role=FOLLOWER} - Sending AppendResponse{status=OK, term=1, succeeded=true, lastLogIndex=83}
11:13:39.935 [raft-server-3] TRACE i.a.p.raft.roles.FollowerRole - RaftServer{3}{role=FOLLOWER} - Sending AppendResponse{status=OK, term=1, succeeded=true, lastLogIndex=83}
11:13:39.935 [raft-server-3-state] TRACE i.a.p.raft.impl.RaftServiceManager - RaftServer{3} - Applying Indexed{index=82, entry=CommandEntry{term=1, timestamp=2018-05-30 11:13:39,831, session=2, sequence=76, operation=PrimitiveOperation{id=DefaultOperationId{id=write, type=COMMAND}, value=byte[]{length=17, hash=-1644578928}}}}
11:13:39.935 [raft-server-2-state] TRACE i.a.p.raft.impl.RaftServiceManager - RaftServer{2} - Applying Indexed{index=82, entry=CommandEntry{term=1, timestamp=2018-05-30 11:13:39,831, session=2, sequence=76, operation=PrimitiveOperation{id=DefaultOperationId{id=write, type=COMMAND}, value=byte[]{length=17, hash=-1644578928}}}}
11:13:39.935 [raft-server-3-state] TRACE i.a.p.s.impl.DefaultServiceExecutor - PrimitiveService{2}{type=PrimitiveType{name=test}, name=test} - Executing DefaultCommit{index=82, session=RaftSession{RaftServiceContext{server=3, type=PrimitiveType{name=test}, name=test, id=2}, session=2, timestamp=2018-05-30 11:13:39,831}, time=2018-05-30 11:13:39,831, operation=DefaultOperationId{id=write, type=COMMAND}, value=byte[]{length=17, hash=-1644578928}}
11:13:39.935 [raft-server-2-state] TRACE i.a.p.s.impl.DefaultServiceExecutor - PrimitiveService{2}{type=PrimitiveType{name=test}, name=test} - Executing DefaultCommit{index=82, session=RaftSession{RaftServiceContext{server=2, type=PrimitiveType{name=test}, name=test, id=2}, session=2, timestamp=2018-05-30 11:13:39,831}, time=2018-05-30 11:13:39,831, operation=DefaultOperationId{id=write, type=COMMAND}, value=byte[]{length=17, hash=-1644578928}}
11:13:39.935 [raft-server-1] TRACE i.a.p.raft.roles.LeaderAppender - RaftServer{1} - Received AppendResponse{status=OK, term=1, succeeded=true, lastLogIndex=83} from 2
11:13:39.935 [raft-server-1] TRACE i.a.p.raft.roles.LeaderAppender - RaftServer{1} - Committed entries up to 83
11:13:39.960 [raft-server-1] TRACE i.a.p.raft.roles.LeaderAppender - RaftServer{1} - Received AppendResponse{status=OK, term=1, succeeded=true, lastLogIndex=83} from 3
11:13:39.960 [raft-server-1-state] TRACE i.a.p.raft.impl.RaftServiceManager - RaftServer{1} - Applying Indexed{index=83, entry=CommandEntry{term=1, timestamp=2018-05-30 11:13:39,890, session=2, sequence=77, operation=PrimitiveOperation{id=DefaultOperationId{id=write, type=COMMAND}, value=byte[]{length=17, hash=-1644578928}}}}
11:13:39.960 [raft-server-1-state] TRACE i.a.p.s.impl.DefaultServiceExecutor - PrimitiveService{2}{type=PrimitiveType{name=test}, name=test} - Executing DefaultCommit{index=83, session=RaftSession{RaftServiceContext{server=1, type=PrimitiveType{name=test}, name=test, id=2}, session=2, timestamp=2018-05-30 11:13:39,890}, time=2018-05-30 11:13:39,890, operation=DefaultOperationId{id=write, type=COMMAND}, value=byte[]{length=17, hash=-1644578928}}
11:13:39.960 [raft-server-1-state] TRACE i.a.protocols.raft.roles.LeaderRole - RaftServer{1}{role=LEADER} - Sending CommandResponse{status=OK, index=83, eventIndex=2, result=byte[]{length=3, hash=35651}}
11:13:39.960 [raft-server-2] TRACE i.a.p.raft.roles.FollowerRole - RaftServer{2}{role=FOLLOWER} - Sending CommandResponse{status=OK, index=83, eventIndex=2, result=byte[]{length=3, hash=35651}}
11:13:39.960 [raft-client-a5a0def7-e1df-4503-b1c6-00519ae66cf7-5] TRACE i.a.p.r.p.impl.RaftProxyConnection - PartitionProxy{2}{type=PrimitiveType{name=test}, name=test} - Received CommandResponse{status=OK, index=83, eventIndex=2, result=byte[]{length=3, hash=35651}} from 2
11:13:39.961 [raft-client-a5a0def7-e1df-4503-b1c6-00519ae66cf7-5] TRACE i.a.p.r.p.impl.RaftProxySequencer - PartitionProxy{2}{type=PrimitiveType{name=test}, name=test} - Completing response CommandResponse{status=OK, index=83, eventIndex=2, result=byte[]{length=3, hash=35651}}
11:13:39.961 [raft-client-a5a0def7-e1df-4503-b1c6-00519ae66cf7-5] TRACE i.a.p.r.p.impl.RaftProxyConnection - PartitionProxy{2}{type=PrimitiveType{name=test}, name=test} - Sending CommandRequest{session=2, sequence=78, operation=PrimitiveOperation{id=DefaultOperationId{id=write, type=COMMAND}, value=byte[]{length=17, hash=-1644578928}}} to 2
11:13:39.961 [raft-server-2] TRACE i.a.p.raft.roles.FollowerRole - RaftServer{2}{role=FOLLOWER} - Received CommandRequest{session=2, sequence=78, operation=PrimitiveOperation{id=DefaultOperationId{id=write, type=COMMAND}, value=byte[]{length=17, hash=-1644578928}}}
11:13:39.961 [raft-server-1] TRACE i.a.protocols.raft.roles.LeaderRole - RaftServer{1}{role=LEADER} - Received CommandRequest{session=2, sequence=78, operation=PrimitiveOperation{id=DefaultOperationId{id=write, type=COMMAND}, value=byte[]{length=17, hash=-1644578928}}}
11:13:39.961 [raft-server-1] TRACE i.a.protocols.raft.roles.LeaderRole - RaftServer{1}{role=LEADER} - Appended Indexed{index=84, entry=CommandEntry{term=1, timestamp=2018-05-30 11:13:39,961, session=2, sequence=78, operation=PrimitiveOperation{id=DefaultOperationId{id=write, type=COMMAND}, value=byte[]{length=17, hash=-1644578928}}}}
11:13:39.961 [raft-server-1] TRACE i.a.p.raft.roles.LeaderAppender - RaftServer{1} - Sending AppendRequest{term=1, leader=1, prevLogIndex=83, prevLogTerm=1, entries=1, commitIndex=83} to 2
11:13:39.962 [raft-server-1] TRACE i.a.p.raft.roles.LeaderAppender - RaftServer{1} - Sending AppendRequest{term=1, leader=1, prevLogIndex=83, prevLogTerm=1, entries=1, commitIndex=83} to 3
11:13:39.962 [raft-server-2] TRACE i.a.p.raft.roles.FollowerRole - RaftServer{2}{role=FOLLOWER} - Received AppendRequest{term=1, leader=1, prevLogIndex=83, prevLogTerm=1, entries=1, commitIndex=83}
11:13:39.962 [raft-server-3] TRACE i.a.p.raft.roles.FollowerRole - RaftServer{3}{role=FOLLOWER} - Received AppendRequest{term=1, leader=1, prevLogIndex=83, prevLogTerm=1, entries=1, commitIndex=83}
11:13:39.962 [raft-server-2] TRACE i.a.p.raft.roles.FollowerRole - RaftServer{2}{role=FOLLOWER} - Appended Indexed{index=84, entry=CommandEntry{term=1, timestamp=2018-05-30 11:13:39,961, session=2, sequence=78, operation=PrimitiveOperation{id=DefaultOperationId{id=write, type=COMMAND}, value=byte[]{length=17, hash=-1644578928}}}}
11:13:39.962 [raft-server-3] TRACE i.a.p.raft.roles.FollowerRole - RaftServer{3}{role=FOLLOWER} - Appended Indexed{index=84, entry=CommandEntry{term=1, timestamp=2018-05-30 11:13:39,961, session=2, sequence=78, operation=PrimitiveOperation{id=DefaultOperationId{id=write, type=COMMAND}, value=byte[]{length=17, hash=-1644578928}}}}
11:13:39.965 [raft-client-a5a0def7-e1df-4503-b1c6-00519ae66cf7-1] TRACE i.a.p.r.proxy.impl.RaftProxyManager - RaftClient{a5a0def7-e1df-4503-b1c6-00519ae66cf7} - Keeping 1 sessions alive
11:13:39.965 [raft-client-a5a0def7-e1df-4503-b1c6-00519ae66cf7-1] TRACE i.a.p.r.p.impl.RaftProxyConnection - RaftClient{a5a0def7-e1df-4503-b1c6-00519ae66cf7} - Sending KeepAliveRequest{sessionIds=long[]{length=1, hash=33}, commandSequences=long[]{length=1, hash=108}, eventIndexes=long[]{length=1, hash=33}} to 1
11:13:39.965 [raft-server-1] TRACE i.a.protocols.raft.roles.LeaderRole - RaftServer{1}{role=LEADER} - Received KeepAliveRequest{sessionIds=long[]{length=1, hash=33}, commandSequences=long[]{length=1, hash=108}, eventIndexes=long[]{length=1, hash=33}}
11:13:39.965 [raft-server-1] TRACE i.a.protocols.raft.roles.LeaderRole - RaftServer{1}{role=LEADER} - Appended Indexed{index=85, entry=KeepAliveEntry{term=1, timestamp=2018-05-30 11:13:39,965, sessionIds=long[]{length=1, hash=33}, commandSequences=long[]{length=1, hash=108}, eventIndexes=long[]{length=1, hash=33}}}
11:13:40.010 [raft-server-2] TRACE i.a.p.raft.roles.FollowerRole - RaftServer{2}{role=FOLLOWER} - Committed entries up to index 83
11:13:40.010 [raft-server-3] TRACE i.a.p.raft.roles.FollowerRole - RaftServer{3}{role=FOLLOWER} - Committed entries up to index 83
11:13:40.010 [raft-server-2] TRACE i.a.p.raft.roles.FollowerRole - RaftServer{2}{role=FOLLOWER} - Sending AppendResponse{status=OK, term=1, succeeded=true, lastLogIndex=84}
11:13:40.010 [raft-server-3] TRACE i.a.p.raft.roles.FollowerRole - RaftServer{3}{role=FOLLOWER} - Sending AppendResponse{status=OK, term=1, succeeded=true, lastLogIndex=84}
11:13:40.010 [raft-server-3-state] TRACE i.a.p.raft.impl.RaftServiceManager - RaftServer{3} - Applying Indexed{index=83, entry=CommandEntry{term=1, timestamp=2018-05-30 11:13:39,890, session=2, sequence=77, operation=PrimitiveOperation{id=DefaultOperationId{id=write, type=COMMAND}, value=byte[]{length=17, hash=-1644578928}}}}
11:13:40.010 [raft-server-2-state] TRACE i.a.p.raft.impl.RaftServiceManager - RaftServer{2} - Applying Indexed{index=83, entry=CommandEntry{term=1, timestamp=2018-05-30 11:13:39,890, session=2, sequence=77, operation=PrimitiveOperation{id=DefaultOperationId{id=write, type=COMMAND}, value=byte[]{length=17, hash=-1644578928}}}}
11:13:40.010 [raft-server-1] TRACE i.a.p.raft.roles.LeaderAppender - RaftServer{1} - Received AppendResponse{status=OK, term=1, succeeded=true, lastLogIndex=84} from 2
11:13:40.010 [raft-server-3-state] TRACE i.a.p.s.impl.DefaultServiceExecutor - PrimitiveService{2}{type=PrimitiveType{name=test}, name=test} - Executing DefaultCommit{index=83, session=RaftSession{RaftServiceContext{server=3, type=PrimitiveType{name=test}, name=test, id=2}, session=2, timestamp=2018-05-30 11:13:39,890}, time=2018-05-30 11:13:39,890, operation=DefaultOperationId{id=write, type=COMMAND}, value=byte[]{length=17, hash=-1644578928}}
11:13:40.010 [raft-server-2-state] TRACE i.a.p.s.impl.DefaultServiceExecutor - PrimitiveService{2}{type=PrimitiveType{name=test}, name=test} - Executing DefaultCommit{index=83, session=RaftSession{RaftServiceContext{server=2, type=PrimitiveType{name=test}, name=test, id=2}, session=2, timestamp=2018-05-30 11:13:39,890}, time=2018-05-30 11:13:39,890, operation=DefaultOperationId{id=write, type=COMMAND}, value=byte[]{length=17, hash=-1644578928}}
11:13:40.010 [raft-server-1] TRACE i.a.p.raft.roles.LeaderAppender - RaftServer{1} - Committed entries up to 84
11:13:40.046 [raft-server-1] TRACE i.a.p.raft.roles.LeaderAppender - RaftServer{1} - Sending AppendRequest{term=1, leader=1, prevLogIndex=84, prevLogTerm=1, entries=1, commitIndex=84} to 2
11:13:40.046 [raft-server-2] TRACE i.a.p.raft.roles.FollowerRole - RaftServer{2}{role=FOLLOWER} - Received AppendRequest{term=1, leader=1, prevLogIndex=84, prevLogTerm=1, entries=1, commitIndex=84}
11:13:40.046 [raft-server-1] TRACE i.a.p.raft.roles.LeaderAppender - RaftServer{1} - Received AppendResponse{status=OK, term=1, succeeded=true, lastLogIndex=84} from 3
11:13:40.047 [raft-server-1] TRACE i.a.p.raft.roles.LeaderAppender - RaftServer{1} - Sending AppendRequest{term=1, leader=1, prevLogIndex=84, prevLogTerm=1, entries=1, commitIndex=84} to 3
11:13:40.047 [raft-server-3] TRACE i.a.p.raft.roles.FollowerRole - RaftServer{3}{role=FOLLOWER} - Received AppendRequest{term=1, leader=1, prevLogIndex=84, prevLogTerm=1, entries=1, commitIndex=84}
11:13:40.047 [raft-server-2] TRACE i.a.p.raft.roles.FollowerRole - RaftServer{2}{role=FOLLOWER} - Appended Indexed{index=85, entry=KeepAliveEntry{term=1, timestamp=2018-05-30 11:13:39,965, sessionIds=long[]{length=1, hash=33}, commandSequences=long[]{length=1, hash=108}, eventIndexes=long[]{length=1, hash=33}}}
11:13:40.047 [raft-server-1-state] TRACE i.a.p.raft.impl.RaftServiceManager - RaftServer{1} - Applying Indexed{index=84, entry=CommandEntry{term=1, timestamp=2018-05-30 11:13:39,961, session=2, sequence=78, operation=PrimitiveOperation{id=DefaultOperationId{id=write, type=COMMAND}, value=byte[]{length=17, hash=-1644578928}}}}
11:13:40.047 [raft-server-3] TRACE i.a.p.raft.roles.FollowerRole - RaftServer{3}{role=FOLLOWER} - Appended Indexed{index=85, entry=KeepAliveEntry{term=1, timestamp=2018-05-30 11:13:39,965, sessionIds=long[]{length=1, hash=33}, commandSequences=long[]{length=1, hash=108}, eventIndexes=long[]{length=1, hash=33}}}
11:13:40.047 [raft-server-1-state] TRACE i.a.p.s.impl.DefaultServiceExecutor - PrimitiveService{2}{type=PrimitiveType{name=test}, name=test} - Executing DefaultCommit{index=84, session=RaftSession{RaftServiceContext{server=1, type=PrimitiveType{name=test}, name=test, id=2}, session=2, timestamp=2018-05-30 11:13:39,961}, time=2018-05-30 11:13:39,961, operation=DefaultOperationId{id=write, type=COMMAND}, value=byte[]{length=17, hash=-1644578928}}
11:13:40.047 [raft-server-1-state] TRACE i.a.protocols.raft.roles.LeaderRole - RaftServer{1}{role=LEADER} - Sending CommandResponse{status=OK, index=84, eventIndex=2, result=byte[]{length=3, hash=35713}}
11:13:40.079 [raft-server-2] TRACE i.a.p.raft.roles.FollowerRole - RaftServer{2}{role=FOLLOWER} - Committed entries up to index 84
11:13:40.079 [raft-server-3] TRACE i.a.p.raft.roles.FollowerRole - RaftServer{3}{role=FOLLOWER} - Committed entries up to index 84
11:13:40.079 [raft-server-2] TRACE i.a.p.raft.roles.FollowerRole - RaftServer{2}{role=FOLLOWER} - Sending AppendResponse{status=OK, term=1, succeeded=true, lastLogIndex=85}
11:13:40.080 [raft-server-3] TRACE i.a.p.raft.roles.FollowerRole - RaftServer{3}{role=FOLLOWER} - Sending AppendResponse{status=OK, term=1, succeeded=true, lastLogIndex=85}
11:13:40.080 [raft-server-2] TRACE i.a.p.raft.roles.FollowerRole - RaftServer{2}{role=FOLLOWER} - Sending CommandResponse{status=OK, index=84, eventIndex=2, result=byte[]{length=3, hash=35713}}
11:13:40.080 [raft-client-a5a0def7-e1df-4503-b1c6-00519ae66cf7-6] TRACE i.a.p.r.p.impl.RaftProxyConnection - PartitionProxy{2}{type=PrimitiveType{name=test}, name=test} - Received CommandResponse{status=OK, index=84, eventIndex=2, result=byte[]{length=3, hash=35713}} from 2
11:13:40.080 [raft-server-3-state] TRACE i.a.p.raft.impl.RaftServiceManager - RaftServer{3} - Applying Indexed{index=84, entry=CommandEntry{term=1, timestamp=2018-05-30 11:13:39,961, session=2, sequence=78, operation=PrimitiveOperation{id=DefaultOperationId{id=write, type=COMMAND}, value=byte[]{length=17, hash=-1644578928}}}}
11:13:40.080 [raft-server-2-state] TRACE i.a.p.raft.impl.RaftServiceManager - RaftServer{2} - Applying Indexed{index=84, entry=CommandEntry{term=1, timestamp=2018-05-30 11:13:39,961, session=2, sequence=78, operation=PrimitiveOperation{id=DefaultOperationId{id=write, type=COMMAND}, value=byte[]{length=17, hash=-1644578928}}}}
11:13:40.080 [raft-client-a5a0def7-e1df-4503-b1c6-00519ae66cf7-6] TRACE i.a.p.r.p.impl.RaftProxySequencer - PartitionProxy{2}{type=PrimitiveType{name=test}, name=test} - Completing response CommandResponse{status=OK, index=84, eventIndex=2, result=byte[]{length=3, hash=35713}}
11:13:40.080 [raft-server-2-state] TRACE i.a.p.s.impl.DefaultServiceExecutor - PrimitiveService{2}{type=PrimitiveType{name=test}, name=test} - Executing DefaultCommit{index=84, session=RaftSession{RaftServiceContext{server=2, type=PrimitiveType{name=test}, name=test, id=2}, session=2, timestamp=2018-05-30 11:13:39,961}, time=2018-05-30 11:13:39,961, operation=DefaultOperationId{id=write, type=COMMAND}, value=byte[]{length=17, hash=-1644578928}}
11:13:40.080 [raft-server-3-state] TRACE i.a.p.s.impl.DefaultServiceExecutor - PrimitiveService{2}{type=PrimitiveType{name=test}, name=test} - Executing DefaultCommit{index=84, session=RaftSession{RaftServiceContext{server=3, type=PrimitiveType{name=test}, name=test, id=2}, session=2, timestamp=2018-05-30 11:13:39,961}, time=2018-05-30 11:13:39,961, operation=DefaultOperationId{id=write, type=COMMAND}, value=byte[]{length=17, hash=-1644578928}}
11:13:40.080 [raft-server-1] TRACE i.a.p.raft.roles.LeaderAppender - RaftServer{1} - Received AppendResponse{status=OK, term=1, succeeded=true, lastLogIndex=85} from 2
11:13:40.080 [raft-server-1] TRACE i.a.p.raft.roles.LeaderAppender - RaftServer{1} - Committed entries up to 85
11:13:40.080 [raft-client-a5a0def7-e1df-4503-b1c6-00519ae66cf7-5] TRACE i.a.p.r.p.impl.RaftProxyConnection - PartitionProxy{2}{type=PrimitiveType{name=test}, name=test} - Sending CommandRequest{session=2, sequence=79, operation=PrimitiveOperation{id=DefaultOperationId{id=write, type=COMMAND}, value=byte[]{length=17, hash=-1644578928}}} to 2
11:13:40.081 [raft-server-2] TRACE i.a.p.raft.roles.FollowerRole - RaftServer{2}{role=FOLLOWER} - Received CommandRequest{session=2, sequence=79, operation=PrimitiveOperation{id=DefaultOperationId{id=write, type=COMMAND}, value=byte[]{length=17, hash=-1644578928}}}
11:13:40.105 [raft-server-1] TRACE i.a.p.raft.roles.LeaderAppender - RaftServer{1} - Sending AppendRequest{term=1, leader=1, prevLogIndex=85, prevLogTerm=1, entries=0, commitIndex=85} to 2
11:13:40.105 [raft-server-2] TRACE i.a.p.raft.roles.FollowerRole - RaftServer{2}{role=FOLLOWER} - Received AppendRequest{term=1, leader=1, prevLogIndex=85, prevLogTerm=1, entries=0, commitIndex=85}
11:13:40.105 [raft-server-1] TRACE i.a.p.raft.roles.LeaderAppender - RaftServer{1} - Received AppendResponse{status=OK, term=1, succeeded=true, lastLogIndex=85} from 3
11:13:40.105 [raft-server-1] TRACE i.a.p.raft.roles.LeaderAppender - RaftServer{1} - Sending AppendRequest{term=1, leader=1, prevLogIndex=85, prevLogTerm=1, entries=0, commitIndex=85} to 3
11:13:40.105 [raft-server-1] TRACE i.a.protocols.raft.roles.LeaderRole - RaftServer{1}{role=LEADER} - Received CommandRequest{session=2, sequence=79, operation=PrimitiveOperation{id=DefaultOperationId{id=write, type=COMMAND}, value=byte[]{length=17, hash=-1644578928}}}
11:13:40.105 [raft-server-3] TRACE i.a.p.raft.roles.FollowerRole - RaftServer{3}{role=FOLLOWER} - Received AppendRequest{term=1, leader=1, prevLogIndex=85, prevLogTerm=1, entries=0, commitIndex=85}
11:13:40.105 [raft-server-1] TRACE i.a.protocols.raft.roles.LeaderRole - RaftServer{1}{role=LEADER} - Appended Indexed{index=86, entry=CommandEntry{term=1, timestamp=2018-05-30 11:13:40,105, session=2, sequence=79, operation=PrimitiveOperation{id=DefaultOperationId{id=write, type=COMMAND}, value=byte[]{length=17, hash=-1644578928}}}}
11:13:40.105 [raft-server-1-state] TRACE i.a.p.raft.impl.RaftServiceManager - RaftServer{1} - Applying Indexed{index=85, entry=KeepAliveEntry{term=1, timestamp=2018-05-30 11:13:39,965, sessionIds=long[]{length=1, hash=33}, commandSequences=long[]{length=1, hash=108}, eventIndexes=long[]{length=1, hash=33}}}
11:13:40.106 [raft-server-1] TRACE i.a.protocols.raft.roles.LeaderRole - RaftServer{1}{role=LEADER} - Sending KeepAliveResponse{status=OK, leader=1, members=[1, 2, 3], sessionIds=long[]{length=1, hash=33}}
11:13:40.106 [raft-client-a5a0def7-e1df-4503-b1c6-00519ae66cf7-7] TRACE i.a.p.r.p.impl.RaftProxyConnection - RaftClient{a5a0def7-e1df-4503-b1c6-00519ae66cf7} - Received KeepAliveResponse{status=OK, leader=1, members=[1, 2, 3], sessionIds=long[]{length=1, hash=33}} from 1
11:13:40.129 [raft-server-2] TRACE i.a.p.raft.roles.FollowerRole - RaftServer{2}{role=FOLLOWER} - Committed entries up to index 85
11:13:40.129 [raft-server-2] TRACE i.a.p.raft.roles.FollowerRole - RaftServer{2}{role=FOLLOWER} - Sending AppendResponse{status=OK, term=1, succeeded=true, lastLogIndex=85}
11:13:40.130 [raft-server-1] TRACE i.a.p.raft.roles.LeaderAppender - RaftServer{1} - Received AppendResponse{status=OK, term=1, succeeded=true, lastLogIndex=85} from 2
11:13:40.130 [raft-server-1] TRACE i.a.p.raft.roles.LeaderAppender - RaftServer{1} - Sending AppendRequest{term=1, leader=1, prevLogIndex=85, prevLogTerm=1, entries=1, commitIndex=85} to 2
11:13:40.130 [raft-server-2-state] TRACE i.a.p.raft.impl.RaftServiceManager - RaftServer{2} - Applying Indexed{index=85, entry=KeepAliveEntry{term=1, timestamp=2018-05-30 11:13:39,965, sessionIds=long[]{length=1, hash=33}, commandSequences=long[]{length=1, hash=108}, eventIndexes=long[]{length=1, hash=33}}}
11:13:40.130 [raft-server-2] TRACE i.a.p.raft.roles.FollowerRole - RaftServer{2}{role=FOLLOWER} - Received AppendRequest{term=1, leader=1, prevLogIndex=85, prevLogTerm=1, entries=1, commitIndex=85}
11:13:40.130 [raft-server-2] TRACE i.a.p.raft.roles.FollowerRole - RaftServer{2}{role=FOLLOWER} - Appended Indexed{index=86, entry=CommandEntry{term=1, timestamp=2018-05-30 11:13:40,105, session=2, sequence=79, operation=PrimitiveOperation{id=DefaultOperationId{id=write, type=COMMAND}, value=byte[]{length=17, hash=-1644578928}}}}
11:13:40.130 [raft-server-2] TRACE i.a.p.raft.roles.FollowerRole - RaftServer{2}{role=FOLLOWER} - Sending AppendResponse{status=OK, term=1, succeeded=true, lastLogIndex=86}
11:13:40.130 [raft-server-1] TRACE i.a.p.raft.roles.LeaderAppender - RaftServer{1} - Received AppendResponse{status=OK, term=1, succeeded=true, lastLogIndex=86} from 2
11:13:40.130 [raft-server-1] TRACE i.a.p.raft.roles.LeaderAppender - RaftServer{1} - Committed entries up to 86
11:13:40.164 [raft-server-3] TRACE i.a.p.raft.roles.FollowerRole - RaftServer{3}{role=FOLLOWER} - Committed entries up to index 85
11:13:40.164 [raft-server-3] TRACE i.a.p.raft.roles.FollowerRole - RaftServer{3}{role=FOLLOWER} - Sending AppendResponse{status=OK, term=1, succeeded=true, lastLogIndex=85}
11:13:40.164 [raft-server-3-state] TRACE i.a.p.raft.impl.RaftServiceManager - RaftServer{3} - Applying Indexed{index=85, entry=KeepAliveEntry{term=1, timestamp=2018-05-30 11:13:39,965, sessionIds=long[]{length=1, hash=33}, commandSequences=long[]{length=1, hash=108}, eventIndexes=long[]{length=1, hash=33}}}
11:13:40.188 [raft-server-1] TRACE i.a.p.raft.roles.LeaderAppender - RaftServer{1} - Received AppendResponse{status=OK, term=1, succeeded=true, lastLogIndex=85} from 3
11:13:40.188 [raft-server-1] TRACE i.a.p.raft.roles.LeaderAppender - RaftServer{1} - Sending AppendRequest{term=1, leader=1, prevLogIndex=85, prevLogTerm=1, entries=1, commitIndex=86} to 3
11:13:40.188 [raft-server-3] TRACE i.a.p.raft.roles.FollowerRole - RaftServer{3}{role=FOLLOWER} - Received AppendRequest{term=1, leader=1, prevLogIndex=85, prevLogTerm=1, entries=1, commitIndex=86}
11:13:40.188 [raft-server-1-state] TRACE i.a.p.raft.impl.RaftServiceManager - RaftServer{1} - Applying Indexed{index=86, entry=CommandEntry{term=1, timestamp=2018-05-30 11:13:40,105, session=2, sequence=79, operation=PrimitiveOperation{id=DefaultOperationId{id=write, type=COMMAND}, value=byte[]{length=17, hash=-1644578928}}}}
11:13:40.188 [raft-server-3] TRACE i.a.p.raft.roles.FollowerRole - RaftServer{3}{role=FOLLOWER} - Appended Indexed{index=86, entry=CommandEntry{term=1, timestamp=2018-05-30 11:13:40,105, session=2, sequence=79, operation=PrimitiveOperation{id=DefaultOperationId{id=write, type=COMMAND}, value=byte[]{length=17, hash=-1644578928}}}}
11:13:40.188 [raft-server-1-state] TRACE i.a.p.s.impl.DefaultServiceExecutor - PrimitiveService{2}{type=PrimitiveType{name=test}, name=test} - Executing DefaultCommit{index=86, session=RaftSession{RaftServiceContext{server=1, type=PrimitiveType{name=test}, name=test, id=2}, session=2, timestamp=2018-05-30 11:13:40,105}, time=2018-05-30 11:13:40,105, operation=DefaultOperationId{id=write, type=COMMAND}, value=byte[]{length=17, hash=-1644578928}}
11:13:40.189 [raft-server-1-state] TRACE i.a.protocols.raft.roles.LeaderRole - RaftServer{1}{role=LEADER} - Sending CommandResponse{status=OK, index=86, eventIndex=2, result=byte[]{length=3, hash=35837}}
11:13:40.189 [raft-server-2] TRACE i.a.p.raft.roles.FollowerRole - RaftServer{2}{role=FOLLOWER} - Sending CommandResponse{status=OK, index=86, eventIndex=2, result=byte[]{length=3, hash=35837}}
11:13:40.189 [raft-client-a5a0def7-e1df-4503-b1c6-00519ae66cf7-4] TRACE i.a.p.r.p.impl.RaftProxyConnection - PartitionProxy{2}{type=PrimitiveType{name=test}, name=test} - Received CommandResponse{status=OK, index=86, eventIndex=2, result=byte[]{length=3, hash=35837}} from 2
11:13:40.189 [raft-client-a5a0def7-e1df-4503-b1c6-00519ae66cf7-4] TRACE i.a.p.r.p.impl.RaftProxySequencer - PartitionProxy{2}{type=PrimitiveType{name=test}, name=test} - Completing response CommandResponse{status=OK, index=86, eventIndex=2, result=byte[]{length=3, hash=35837}}
11:13:40.189 [raft-client-a5a0def7-e1df-4503-b1c6-00519ae66cf7-4] TRACE i.a.p.r.p.impl.RaftProxyConnection - PartitionProxy{2}{type=PrimitiveType{name=test}, name=test} - Sending CommandRequest{session=2, sequence=80, operation=PrimitiveOperation{id=DefaultOperationId{id=write, type=COMMAND}, value=byte[]{length=17, hash=-1644578928}}} to 2
11:13:40.189 [raft-server-2] TRACE i.a.p.raft.roles.FollowerRole - RaftServer{2}{role=FOLLOWER} - Received CommandRequest{session=2, sequence=80, operation=PrimitiveOperation{id=DefaultOperationId{id=write, type=COMMAND}, value=byte[]{length=17, hash=-1644578928}}}
11:13:40.190 [raft-server-1] TRACE i.a.protocols.raft.roles.LeaderRole - RaftServer{1}{role=LEADER} - Received CommandRequest{session=2, sequence=80, operation=PrimitiveOperation{id=DefaultOperationId{id=write, type=COMMAND}, value=byte[]{length=17, hash=-1644578928}}}
11:13:40.190 [raft-server-1] TRACE i.a.protocols.raft.roles.LeaderRole - RaftServer{1}{role=LEADER} - Appended Indexed{index=87, entry=CommandEntry{term=1, timestamp=2018-05-30 11:13:40,190, session=2, sequence=80, operation=PrimitiveOperation{id=DefaultOperationId{id=write, type=COMMAND}, value=byte[]{length=17, hash=-1644578928}}}}
11:13:40.190 [raft-server-1] TRACE i.a.p.raft.roles.LeaderAppender - RaftServer{1} - Sending AppendRequest{term=1, leader=1, prevLogIndex=86, prevLogTerm=1, entries=1, commitIndex=86} to 2
11:13:40.190 [raft-server-2] TRACE i.a.p.raft.roles.FollowerRole - RaftServer{2}{role=FOLLOWER} - Received AppendRequest{term=1, leader=1, prevLogIndex=86, prevLogTerm=1, entries=1, commitIndex=86}
11:13:40.190 [raft-server-2] TRACE i.a.p.raft.roles.FollowerRole - RaftServer{2}{role=FOLLOWER} - Appended Indexed{index=87, entry=CommandEntry{term=1, timestamp=2018-05-30 11:13:40,190, session=2, sequence=80, operation=PrimitiveOperation{id=DefaultOperationId{id=write, type=COMMAND}, value=byte[]{length=17, hash=-1644578928}}}}
11:13:40.230 [raft-server-3] TRACE i.a.p.raft.roles.FollowerRole - RaftServer{3}{role=FOLLOWER} - Committed entries up to index 86
11:13:40.230 [raft-server-3] TRACE i.a.p.raft.roles.FollowerRole - RaftServer{3}{role=FOLLOWER} - Sending AppendResponse{status=OK, term=1, succeeded=true, lastLogIndex=86}
11:13:40.231 [raft-server-1] TRACE i.a.p.raft.roles.LeaderAppender - RaftServer{1} - Received AppendResponse{status=OK, term=1, succeeded=true, lastLogIndex=86} from 3
11:13:40.231 [raft-server-1] TRACE i.a.p.raft.roles.LeaderAppender - RaftServer{1} - Sending AppendRequest{term=1, leader=1, prevLogIndex=86, prevLogTerm=1, entries=1, commitIndex=86} to 3
11:13:40.231 [raft-server-3-state] TRACE i.a.p.raft.impl.RaftServiceManager - RaftServer{3} - Applying Indexed{index=86, entry=CommandEntry{term=1, timestamp=2018-05-30 11:13:40,105, session=2, sequence=79, operation=PrimitiveOperation{id=DefaultOperationId{id=write, type=COMMAND}, value=byte[]{length=17, hash=-1644578928}}}}
11:13:40.231 [raft-server-3] TRACE i.a.p.raft.roles.FollowerRole - RaftServer{3}{role=FOLLOWER} - Received AppendRequest{term=1, leader=1, prevLogIndex=86, prevLogTerm=1, entries=1, commitIndex=86}
11:13:40.231 [raft-server-3-state] TRACE i.a.p.s.impl.DefaultServiceExecutor - PrimitiveService{2}{type=PrimitiveType{name=test}, name=test} - Executing DefaultCommit{index=86, session=RaftSession{RaftServiceContext{server=3, type=PrimitiveType{name=test}, name=test, id=2}, session=2, timestamp=2018-05-30 11:13:40,105}, time=2018-05-30 11:13:40,105, operation=DefaultOperationId{id=write, type=COMMAND}, value=byte[]{length=17, hash=-1644578928}}
11:13:40.231 [raft-server-3] TRACE i.a.p.raft.roles.FollowerRole - RaftServer{3}{role=FOLLOWER} - Appended Indexed{index=87, entry=CommandEntry{term=1, timestamp=2018-05-30 11:13:40,190, session=2, sequence=80, operation=PrimitiveOperation{id=DefaultOperationId{id=write, type=COMMAND}, value=byte[]{length=17, hash=-1644578928}}}}
11:13:40.231 [raft-server-3] TRACE i.a.p.raft.roles.FollowerRole - RaftServer{3}{role=FOLLOWER} - Sending AppendResponse{status=OK, term=1, succeeded=true, lastLogIndex=87}
11:13:40.231 [raft-server-1] TRACE i.a.p.raft.roles.LeaderAppender - RaftServer{1} - Received AppendResponse{status=OK, term=1, succeeded=true, lastLogIndex=87} from 3
11:13:40.231 [raft-server-1] TRACE i.a.p.raft.roles.LeaderAppender - RaftServer{1} - Committed entries up to 87
11:13:40.263 [raft-server-2] TRACE i.a.p.raft.roles.FollowerRole - RaftServer{2}{role=FOLLOWER} - Committed entries up to index 86
11:13:40.263 [raft-server-2] TRACE i.a.p.raft.roles.FollowerRole - RaftServer{2}{role=FOLLOWER} - Sending AppendResponse{status=OK, term=1, succeeded=true, lastLogIndex=87}
11:13:40.263 [raft-server-2-state] TRACE i.a.p.raft.impl.RaftServiceManager - RaftServer{2} - Applying Indexed{index=86, entry=CommandEntry{term=1, timestamp=2018-05-30 11:13:40,105, session=2, sequence=79, operation=PrimitiveOperation{id=DefaultOperationId{id=write, type=COMMAND}, value=byte[]{length=17, hash=-1644578928}}}}
11:13:40.263 [raft-server-2-state] TRACE i.a.p.s.impl.DefaultServiceExecutor - PrimitiveService{2}{type=PrimitiveType{name=test}, name=test} - Executing DefaultCommit{index=86, session=RaftSession{RaftServiceContext{server=2, type=PrimitiveType{name=test}, name=test, id=2}, session=2, timestamp=2018-05-30 11:13:40,105}, time=2018-05-30 11:13:40,105, operation=DefaultOperationId{id=write, type=COMMAND}, value=byte[]{length=17, hash=-1644578928}}
11:13:40.285 [raft-server-1] TRACE i.a.p.raft.roles.LeaderAppender - RaftServer{1} - Received AppendResponse{status=OK, term=1, succeeded=true, lastLogIndex=87} from 2
11:13:40.285 [raft-server-1] TRACE i.a.p.raft.roles.LeaderAppender - RaftServer{1} - Sending AppendRequest{term=1, leader=1, prevLogIndex=87, prevLogTerm=1, entries=0, commitIndex=87} to 2
11:13:40.285 [raft-server-2] TRACE i.a.p.raft.roles.FollowerRole - RaftServer{2}{role=FOLLOWER} - Received AppendRequest{term=1, leader=1, prevLogIndex=87, prevLogTerm=1, entries=0, commitIndex=87}
11:13:40.285 [raft-server-1] TRACE i.a.p.raft.roles.LeaderAppender - RaftServer{1} - Sending AppendRequest{term=1, leader=1, prevLogIndex=87, prevLogTerm=1, entries=0, commitIndex=87} to 3
11:13:40.285 [raft-server-3] TRACE i.a.p.raft.roles.FollowerRole - RaftServer{3}{role=FOLLOWER} - Received AppendRequest{term=1, leader=1, prevLogIndex=87, prevLogTerm=1, entries=0, commitIndex=87}
11:13:40.285 [raft-server-1-state] TRACE i.a.p.raft.impl.RaftServiceManager - RaftServer{1} - Applying Indexed{index=87, entry=CommandEntry{term=1, timestamp=2018-05-30 11:13:40,190, session=2, sequence=80, operation=PrimitiveOperation{id=DefaultOperationId{id=write, type=COMMAND}, value=byte[]{length=17, hash=-1644578928}}}}
11:13:40.285 [raft-server-1-state] TRACE i.a.p.s.impl.DefaultServiceExecutor - PrimitiveService{2}{type=PrimitiveType{name=test}, name=test} - Executing DefaultCommit{index=87, session=RaftSession{RaftServiceContext{server=1, type=PrimitiveType{name=test}, name=test, id=2}, session=2, timestamp=2018-05-30 11:13:40,190}, time=2018-05-30 11:13:40,190, operation=DefaultOperationId{id=write, type=COMMAND}, value=byte[]{length=17, hash=-1644578928}}
11:13:40.285 [raft-server-1-state] TRACE i.a.protocols.raft.roles.LeaderRole - RaftServer{1}{role=LEADER} - Sending CommandResponse{status=OK, index=87, eventIndex=2, result=byte[]{length=3, hash=35899}}
11:13:40.318 [raft-server-2] TRACE i.a.p.raft.roles.FollowerRole - RaftServer{2}{role=FOLLOWER} - Committed entries up to index 87
11:13:40.318 [raft-server-2] TRACE i.a.p.raft.roles.FollowerRole - RaftServer{2}{role=FOLLOWER} - Sending AppendResponse{status=OK, term=1, succeeded=true, lastLogIndex=87}
11:13:40.318 [raft-server-1] TRACE i.a.p.raft.roles.LeaderAppender - RaftServer{1} - Received AppendResponse{status=OK, term=1, succeeded=true, lastLogIndex=87} from 2
11:13:40.318 [raft-server-2] TRACE i.a.p.raft.roles.FollowerRole - RaftServer{2}{role=FOLLOWER} - Sending CommandResponse{status=OK, index=87, eventIndex=2, result=byte[]{length=3, hash=35899}}
11:13:40.318 [raft-client-a5a0def7-e1df-4503-b1c6-00519ae66cf7-2] TRACE i.a.p.r.p.impl.RaftProxyConnection - PartitionProxy{2}{type=PrimitiveType{name=test}, name=test} - Received CommandResponse{status=OK, index=87, eventIndex=2, result=byte[]{length=3, hash=35899}} from 2
11:13:40.318 [raft-server-1] TRACE i.a.p.raft.roles.LeaderAppender - RaftServer{1} - Sending AppendRequest{term=1, leader=1, prevLogIndex=87, prevLogTerm=1, entries=0, commitIndex=87} to 2
11:13:40.318 [raft-client-a5a0def7-e1df-4503-b1c6-00519ae66cf7-2] TRACE i.a.p.r.p.impl.RaftProxySequencer - PartitionProxy{2}{type=PrimitiveType{name=test}, name=test} - Completing response CommandResponse{status=OK, index=87, eventIndex=2, result=byte[]{length=3, hash=35899}}
11:13:40.318 [raft-server-2] TRACE i.a.p.raft.roles.FollowerRole - RaftServer{2}{role=FOLLOWER} - Received AppendRequest{term=1, leader=1, prevLogIndex=87, prevLogTerm=1, entries=0, commitIndex=87}
11:13:40.318 [raft-server-2-state] TRACE i.a.p.raft.impl.RaftServiceManager - RaftServer{2} - Applying Indexed{index=87, entry=CommandEntry{term=1, timestamp=2018-05-30 11:13:40,190, session=2, sequence=80, operation=PrimitiveOperation{id=DefaultOperationId{id=write, type=COMMAND}, value=byte[]{length=17, hash=-1644578928}}}}
11:13:40.318 [raft-server-2] TRACE i.a.p.raft.roles.FollowerRole - RaftServer{2}{role=FOLLOWER} - Sending AppendResponse{status=OK, term=1, succeeded=true, lastLogIndex=87}
11:13:40.318 [raft-server-1] TRACE i.a.p.raft.roles.LeaderAppender - RaftServer{1} - Received AppendResponse{status=OK, term=1, succeeded=true, lastLogIndex=87} from 2
11:13:40.318 [raft-server-2-state] TRACE i.a.p.s.impl.DefaultServiceExecutor - PrimitiveService{2}{type=PrimitiveType{name=test}, name=test} - Executing DefaultCommit{index=87, session=RaftSession{RaftServiceContext{server=2, type=PrimitiveType{name=test}, name=test, id=2}, session=2, timestamp=2018-05-30 11:13:40,190}, time=2018-05-30 11:13:40,190, operation=DefaultOperationId{id=write, type=COMMAND}, value=byte[]{length=17, hash=-1644578928}}
11:13:40.319 [raft-client-a5a0def7-e1df-4503-b1c6-00519ae66cf7-2] TRACE i.a.p.r.p.impl.RaftProxyConnection - PartitionProxy{2}{type=PrimitiveType{name=test}, name=test} - Sending CommandRequest{session=2, sequence=81, operation=PrimitiveOperation{id=DefaultOperationId{id=write, type=COMMAND}, value=byte[]{length=17, hash=-1644578928}}} to 2
11:13:40.319 [raft-server-2] TRACE i.a.p.raft.roles.FollowerRole - RaftServer{2}{role=FOLLOWER} - Received CommandRequest{session=2, sequence=81, operation=PrimitiveOperation{id=DefaultOperationId{id=write, type=COMMAND}, value=byte[]{length=17, hash=-1644578928}}}
11:13:40.319 [raft-server-1] TRACE i.a.protocols.raft.roles.LeaderRole - RaftServer{1}{role=LEADER} - Received CommandRequest{session=2, sequence=81, operation=PrimitiveOperation{id=DefaultOperationId{id=write, type=COMMAND}, value=byte[]{length=17, hash=-1644578928}}}
11:13:40.319 [raft-server-1] TRACE i.a.protocols.raft.roles.LeaderRole - RaftServer{1}{role=LEADER} - Appended Indexed{index=88, entry=CommandEntry{term=1, timestamp=2018-05-30 11:13:40,319, session=2, sequence=81, operation=PrimitiveOperation{id=DefaultOperationId{id=write, type=COMMAND}, value=byte[]{length=17, hash=-1644578928}}}}
11:13:40.319 [raft-server-1] TRACE i.a.p.raft.roles.LeaderAppender - RaftServer{1} - Sending AppendRequest{term=1, leader=1, prevLogIndex=87, prevLogTerm=1, entries=1, commitIndex=87} to 2
11:13:40.319 [raft-server-2] TRACE i.a.p.raft.roles.FollowerRole - RaftServer{2}{role=FOLLOWER} - Received AppendRequest{term=1, leader=1, prevLogIndex=87, prevLogTerm=1, entries=1, commitIndex=87}
11:13:40.319 [raft-server-1] TRACE i.a.p.raft.roles.LeaderAppender - RaftServer{1} - Sending AppendRequest{term=1, leader=1, prevLogIndex=87, prevLogTerm=1, entries=1, commitIndex=87} to 3
11:13:40.319 [raft-server-2] TRACE i.a.p.raft.roles.FollowerRole - RaftServer{2}{role=FOLLOWER} - Appended Indexed{index=88, entry=CommandEntry{term=1, timestamp=2018-05-30 11:13:40,319, session=2, sequence=81, operation=PrimitiveOperation{id=DefaultOperationId{id=write, type=COMMAND}, value=byte[]{length=17, hash=-1644578928}}}}
11:13:40.320 [raft-server-2] TRACE i.a.p.raft.roles.FollowerRole - RaftServer{2}{role=FOLLOWER} - Sending AppendResponse{status=OK, term=1, succeeded=true, lastLogIndex=88}
11:13:40.320 [raft-server-1] TRACE i.a.p.raft.roles.LeaderAppender - RaftServer{1} - Received AppendResponse{status=OK, term=1, succeeded=true, lastLogIndex=88} from 2
11:13:40.320 [raft-server-1] TRACE i.a.p.raft.roles.LeaderAppender - RaftServer{1} - Committed entries up to 88
11:13:40.345 [raft-server-3] TRACE i.a.p.raft.roles.FollowerRole - RaftServer{3}{role=FOLLOWER} - Committed entries up to index 87
11:13:40.345 [raft-server-3] TRACE i.a.p.raft.roles.FollowerRole - RaftServer{3}{role=FOLLOWER} - Sending AppendResponse{status=OK, term=1, succeeded=true, lastLogIndex=87}
11:13:40.345 [raft-server-3] TRACE i.a.p.raft.roles.FollowerRole - RaftServer{3}{role=FOLLOWER} - Received AppendRequest{term=1, leader=1, prevLogIndex=87, prevLogTerm=1, entries=1, commitIndex=87}
11:13:40.345 [raft-server-3] TRACE i.a.p.raft.roles.FollowerRole - RaftServer{3}{role=FOLLOWER} - Appended Indexed{index=88, entry=CommandEntry{term=1, timestamp=2018-05-30 11:13:40,319, session=2, sequence=81, operation=PrimitiveOperation{id=DefaultOperationId{id=write, type=COMMAND}, value=byte[]{length=17, hash=-1644578928}}}}
11:13:40.345 [raft-server-3] TRACE i.a.p.raft.roles.FollowerRole - RaftServer{3}{role=FOLLOWER} - Sending AppendResponse{status=OK, term=1, succeeded=true, lastLogIndex=88}
11:13:40.345 [raft-server-3-state] TRACE i.a.p.raft.impl.RaftServiceManager - RaftServer{3} - Applying Indexed{index=87, entry=CommandEntry{term=1, timestamp=2018-05-30 11:13:40,190, session=2, sequence=80, operation=PrimitiveOperation{id=DefaultOperationId{id=write, type=COMMAND}, value=byte[]{length=17, hash=-1644578928}}}}
11:13:40.345 [raft-server-3-state] TRACE i.a.p.s.impl.DefaultServiceExecutor - PrimitiveService{2}{type=PrimitiveType{name=test}, name=test} - Executing DefaultCommit{index=87, session=RaftSession{RaftServiceContext{server=3, type=PrimitiveType{name=test}, name=test, id=2}, session=2, timestamp=2018-05-30 11:13:40,190}, time=2018-05-30 11:13:40,190, operation=DefaultOperationId{id=write, type=COMMAND}, value=byte[]{length=17, hash=-1644578928}}
11:13:40.368 [raft-server-1] TRACE i.a.p.raft.roles.LeaderAppender - RaftServer{1} - Received AppendResponse{status=OK, term=1, succeeded=true, lastLogIndex=87} from 3
11:13:40.368 [raft-server-1] TRACE i.a.p.raft.roles.LeaderAppender - RaftServer{1} - Received AppendResponse{status=OK, term=1, succeeded=true, lastLogIndex=88} from 3
11:13:40.368 [raft-server-1-state] TRACE i.a.p.raft.impl.RaftServiceManager - RaftServer{1} - Applying Indexed{index=88, entry=CommandEntry{term=1, timestamp=2018-05-30 11:13:40,319, session=2, sequence=81, operation=PrimitiveOperation{id=DefaultOperationId{id=write, type=COMMAND}, value=byte[]{length=17, hash=-1644578928}}}}
11:13:40.368 [raft-server-1-state] TRACE i.a.p.s.impl.DefaultServiceExecutor - PrimitiveService{2}{type=PrimitiveType{name=test}, name=test} - Executing DefaultCommit{index=88, session=RaftSession{RaftServiceContext{server=1, type=PrimitiveType{name=test}, name=test, id=2}, session=2, timestamp=2018-05-30 11:13:40,319}, time=2018-05-30 11:13:40,319, operation=DefaultOperationId{id=write, type=COMMAND}, value=byte[]{length=17, hash=-1644578928}}
11:13:40.369 [raft-server-1-state] TRACE i.a.protocols.raft.roles.LeaderRole - RaftServer{1}{role=LEADER} - Sending CommandResponse{status=OK, index=88, eventIndex=2, result=byte[]{length=3, hash=35961}}
11:13:40.369 [raft-server-2] TRACE i.a.p.raft.roles.FollowerRole - RaftServer{2}{role=FOLLOWER} - Sending CommandResponse{status=OK, index=88, eventIndex=2, result=byte[]{length=3, hash=35961}}
11:13:40.369 [raft-client-a5a0def7-e1df-4503-b1c6-00519ae66cf7-5] TRACE i.a.p.r.p.impl.RaftProxyConnection - PartitionProxy{2}{type=PrimitiveType{name=test}, name=test} - Received CommandResponse{status=OK, index=88, eventIndex=2, result=byte[]{length=3, hash=35961}} from 2
11:13:40.369 [raft-client-a5a0def7-e1df-4503-b1c6-00519ae66cf7-5] TRACE i.a.p.r.p.impl.RaftProxySequencer - PartitionProxy{2}{type=PrimitiveType{name=test}, name=test} - Completing response CommandResponse{status=OK, index=88, eventIndex=2, result=byte[]{length=3, hash=35961}}
11:13:40.369 [raft-client-a5a0def7-e1df-4503-b1c6-00519ae66cf7-1] TRACE i.a.p.r.p.impl.RaftProxyConnection - PartitionProxy{2}{type=PrimitiveType{name=test}, name=test} - Sending CommandRequest{session=2, sequence=82, operation=PrimitiveOperation{id=DefaultOperationId{id=write, type=COMMAND}, value=byte[]{length=17, hash=-1644578928}}} to 2
11:13:40.369 [raft-server-2] TRACE i.a.p.raft.roles.FollowerRole - RaftServer{2}{role=FOLLOWER} - Received CommandRequest{session=2, sequence=82, operation=PrimitiveOperation{id=DefaultOperationId{id=write, type=COMMAND}, value=byte[]{length=17, hash=-1644578928}}}
11:13:40.369 [raft-server-1] TRACE i.a.protocols.raft.roles.LeaderRole - RaftServer{1}{role=LEADER} - Received CommandRequest{session=2, sequence=82, operation=PrimitiveOperation{id=DefaultOperationId{id=write, type=COMMAND}, value=byte[]{length=17, hash=-1644578928}}}
11:13:40.370 [raft-server-1] TRACE i.a.protocols.raft.roles.LeaderRole - RaftServer{1}{role=LEADER} - Appended Indexed{index=89, entry=CommandEntry{term=1, timestamp=2018-05-30 11:13:40,369, session=2, sequence=82, operation=PrimitiveOperation{id=DefaultOperationId{id=write, type=COMMAND}, value=byte[]{length=17, hash=-1644578928}}}}
11:13:40.370 [raft-server-1] TRACE i.a.p.raft.roles.LeaderAppender - RaftServer{1} - Sending AppendRequest{term=1, leader=1, prevLogIndex=88, prevLogTerm=1, entries=1, commitIndex=88} to 2
11:13:40.370 [raft-server-1] TRACE i.a.p.raft.roles.LeaderAppender - RaftServer{1} - Sending AppendRequest{term=1, leader=1, prevLogIndex=88, prevLogTerm=1, entries=1, commitIndex=88} to 3
11:13:40.370 [raft-server-2] TRACE i.a.p.raft.roles.FollowerRole - RaftServer{2}{role=FOLLOWER} - Received AppendRequest{term=1, leader=1, prevLogIndex=88, prevLogTerm=1, entries=1, commitIndex=88}
11:13:40.370 [raft-server-3] TRACE i.a.p.raft.roles.FollowerRole - RaftServer{3}{role=FOLLOWER} - Received AppendRequest{term=1, leader=1, prevLogIndex=88, prevLogTerm=1, entries=1, commitIndex=88}
11:13:40.370 [raft-server-2] TRACE i.a.p.raft.roles.FollowerRole - RaftServer{2}{role=FOLLOWER} - Appended Indexed{index=89, entry=CommandEntry{term=1, timestamp=2018-05-30 11:13:40,369, session=2, sequence=82, operation=PrimitiveOperation{id=DefaultOperationId{id=write, type=COMMAND}, value=byte[]{length=17, hash=-1644578928}}}}
11:13:40.370 [raft-server-3] TRACE i.a.p.raft.roles.FollowerRole - RaftServer{3}{role=FOLLOWER} - Appended Indexed{index=89, entry=CommandEntry{term=1, timestamp=2018-05-30 11:13:40,369, session=2, sequence=82, operation=PrimitiveOperation{id=DefaultOperationId{id=write, type=COMMAND}, value=byte[]{length=17, hash=-1644578928}}}}
11:13:40.396 [raft-server-2] TRACE i.a.p.raft.roles.FollowerRole - RaftServer{2}{role=FOLLOWER} - Committed entries up to index 88
11:13:40.396 [raft-server-3] TRACE i.a.p.raft.roles.FollowerRole - RaftServer{3}{role=FOLLOWER} - Committed entries up to index 88
11:13:40.396 [raft-server-2] TRACE i.a.p.raft.roles.FollowerRole - RaftServer{2}{role=FOLLOWER} - Sending AppendResponse{status=OK, term=1, succeeded=true, lastLogIndex=89}
11:13:40.396 [raft-server-3] TRACE i.a.p.raft.roles.FollowerRole - RaftServer{3}{role=FOLLOWER} - Sending AppendResponse{status=OK, term=1, succeeded=true, lastLogIndex=89}
11:13:40.396 [raft-server-3-state] TRACE i.a.p.raft.impl.RaftServiceManager - RaftServer{3} - Applying Indexed{index=88, entry=CommandEntry{term=1, timestamp=2018-05-30 11:13:40,319, session=2, sequence=81, operation=PrimitiveOperation{id=DefaultOperationId{id=write, type=COMMAND}, value=byte[]{length=17, hash=-1644578928}}}}
11:13:40.396 [raft-server-2-state] TRACE i.a.p.raft.impl.RaftServiceManager - RaftServer{2} - Applying Indexed{index=88, entry=CommandEntry{term=1, timestamp=2018-05-30 11:13:40,319, session=2, sequence=81, operation=PrimitiveOperation{id=DefaultOperationId{id=write, type=COMMAND}, value=byte[]{length=17, hash=-1644578928}}}}
11:13:40.396 [raft-server-3-state] TRACE i.a.p.s.impl.DefaultServiceExecutor - PrimitiveService{2}{type=PrimitiveType{name=test}, name=test} - Executing DefaultCommit{index=88, session=RaftSession{RaftServiceContext{server=3, type=PrimitiveType{name=test}, name=test, id=2}, session=2, timestamp=2018-05-30 11:13:40,319}, time=2018-05-30 11:13:40,319, operation=DefaultOperationId{id=write, type=COMMAND}, value=byte[]{length=17, hash=-1644578928}}
11:13:40.396 [raft-server-2-state] TRACE i.a.p.s.impl.DefaultServiceExecutor - PrimitiveService{2}{type=PrimitiveType{name=test}, name=test} - Executing DefaultCommit{index=88, session=RaftSession{RaftServiceContext{server=2, type=PrimitiveType{name=test}, name=test, id=2}, session=2, timestamp=2018-05-30 11:13:40,319}, time=2018-05-30 11:13:40,319, operation=DefaultOperationId{id=write, type=COMMAND}, value=byte[]{length=17, hash=-1644578928}}
11:13:40.397 [raft-server-1] TRACE i.a.p.raft.roles.LeaderAppender - RaftServer{1} - Received AppendResponse{status=OK, term=1, succeeded=true, lastLogIndex=89} from 2
11:13:40.397 [raft-server-1] TRACE i.a.p.raft.roles.LeaderAppender - RaftServer{1} - Committed entries up to 89
11:13:40.421 [raft-server-1] TRACE i.a.p.raft.roles.LeaderAppender - RaftServer{1} - Received AppendResponse{status=OK, term=1, succeeded=true, lastLogIndex=89} from 3
11:13:40.421 [raft-server-1-state] TRACE i.a.p.raft.impl.RaftServiceManager - RaftServer{1} - Applying Indexed{index=89, entry=CommandEntry{term=1, timestamp=2018-05-30 11:13:40,369, session=2, sequence=82, operation=PrimitiveOperation{id=DefaultOperationId{id=write, type=COMMAND}, value=byte[]{length=17, hash=-1644578928}}}}
11:13:40.422 [raft-server-1-state] TRACE i.a.p.s.impl.DefaultServiceExecutor - PrimitiveService{2}{type=PrimitiveType{name=test}, name=test} - Executing DefaultCommit{index=89, session=RaftSession{RaftServiceContext{server=1, type=PrimitiveType{name=test}, name=test, id=2}, session=2, timestamp=2018-05-30 11:13:40,369}, time=2018-05-30 11:13:40,369, operation=DefaultOperationId{id=write, type=COMMAND}, value=byte[]{length=17, hash=-1644578928}}
11:13:40.422 [raft-server-1-state] TRACE i.a.protocols.raft.roles.LeaderRole - RaftServer{1}{role=LEADER} - Sending CommandResponse{status=OK, index=89, eventIndex=2, result=byte[]{length=3, hash=36023}}
11:13:40.422 [raft-server-2] TRACE i.a.p.raft.roles.FollowerRole - RaftServer{2}{role=FOLLOWER} - Sending CommandResponse{status=OK, index=89, eventIndex=2, result=byte[]{length=3, hash=36023}}
11:13:40.422 [raft-client-a5a0def7-e1df-4503-b1c6-00519ae66cf7-6] TRACE i.a.p.r.p.impl.RaftProxyConnection - PartitionProxy{2}{type=PrimitiveType{name=test}, name=test} - Received CommandResponse{status=OK, index=89, eventIndex=2, result=byte[]{length=3, hash=36023}} from 2
11:13:40.422 [raft-client-a5a0def7-e1df-4503-b1c6-00519ae66cf7-6] TRACE i.a.p.r.p.impl.RaftProxySequencer - PartitionProxy{2}{type=PrimitiveType{name=test}, name=test} - Completing response CommandResponse{status=OK, index=89, eventIndex=2, result=byte[]{length=3, hash=36023}}
11:13:40.423 [raft-client-a5a0def7-e1df-4503-b1c6-00519ae66cf7-0] TRACE i.a.p.r.p.impl.RaftProxyConnection - PartitionProxy{2}{type=PrimitiveType{name=test}, name=test} - Sending CommandRequest{session=2, sequence=83, operation=PrimitiveOperation{id=DefaultOperationId{id=write, type=COMMAND}, value=byte[]{length=17, hash=-1644578928}}} to 2
11:13:40.423 [raft-server-2] TRACE i.a.p.raft.roles.FollowerRole - RaftServer{2}{role=FOLLOWER} - Received CommandRequest{session=2, sequence=83, operation=PrimitiveOperation{id=DefaultOperationId{id=write, type=COMMAND}, value=byte[]{length=17, hash=-1644578928}}}
11:13:40.423 [raft-server-1] TRACE i.a.protocols.raft.roles.LeaderRole - RaftServer{1}{role=LEADER} - Received CommandRequest{session=2, sequence=83, operation=PrimitiveOperation{id=DefaultOperationId{id=write, type=COMMAND}, value=byte[]{length=17, hash=-1644578928}}}
11:13:40.423 [raft-server-1] TRACE i.a.protocols.raft.roles.LeaderRole - RaftServer{1}{role=LEADER} - Appended Indexed{index=90, entry=CommandEntry{term=1, timestamp=2018-05-30 11:13:40,423, session=2, sequence=83, operation=PrimitiveOperation{id=DefaultOperationId{id=write, type=COMMAND}, value=byte[]{length=17, hash=-1644578928}}}}
11:13:40.423 [raft-server-1] TRACE i.a.p.raft.roles.LeaderAppender - RaftServer{1} - Sending AppendRequest{term=1, leader=1, prevLogIndex=89, prevLogTerm=1, entries=1, commitIndex=89} to 2
11:13:40.423 [raft-server-1] TRACE i.a.p.raft.roles.LeaderAppender - RaftServer{1} - Sending AppendRequest{term=1, leader=1, prevLogIndex=89, prevLogTerm=1, entries=1, commitIndex=89} to 3
11:13:40.424 [raft-server-2] TRACE i.a.p.raft.roles.FollowerRole - RaftServer{2}{role=FOLLOWER} - Received AppendRequest{term=1, leader=1, prevLogIndex=89, prevLogTerm=1, entries=1, commitIndex=89}
11:13:40.424 [raft-server-2] TRACE i.a.p.raft.roles.FollowerRole - RaftServer{2}{role=FOLLOWER} - Appended Indexed{index=90, entry=CommandEntry{term=1, timestamp=2018-05-30 11:13:40,423, session=2, sequence=83, operation=PrimitiveOperation{id=DefaultOperationId{id=write, type=COMMAND}, value=byte[]{length=17, hash=-1644578928}}}}
11:13:40.424 [raft-server-3] TRACE i.a.p.raft.roles.FollowerRole - RaftServer{3}{role=FOLLOWER} - Received AppendRequest{term=1, leader=1, prevLogIndex=89, prevLogTerm=1, entries=1, commitIndex=89}
11:13:40.424 [raft-server-3] TRACE i.a.p.raft.roles.FollowerRole - RaftServer{3}{role=FOLLOWER} - Appended Indexed{index=90, entry=CommandEntry{term=1, timestamp=2018-05-30 11:13:40,423, session=2, sequence=83, operation=PrimitiveOperation{id=DefaultOperationId{id=write, type=COMMAND}, value=byte[]{length=17, hash=-1644578928}}}}
11:13:40.454 [raft-server-2] TRACE i.a.p.raft.roles.FollowerRole - RaftServer{2}{role=FOLLOWER} - Committed entries up to index 89
11:13:40.454 [raft-server-3] TRACE i.a.p.raft.roles.FollowerRole - RaftServer{3}{role=FOLLOWER} - Committed entries up to index 89
11:13:40.454 [raft-server-2] TRACE i.a.p.raft.roles.FollowerRole - RaftServer{2}{role=FOLLOWER} - Sending AppendResponse{status=OK, term=1, succeeded=true, lastLogIndex=90}
11:13:40.454 [raft-server-3] TRACE i.a.p.raft.roles.FollowerRole - RaftServer{3}{role=FOLLOWER} - Sending AppendResponse{status=OK, term=1, succeeded=true, lastLogIndex=90}
11:13:40.455 [raft-server-3-state] TRACE i.a.p.raft.impl.RaftServiceManager - RaftServer{3} - Applying Indexed{index=89, entry=CommandEntry{term=1, timestamp=2018-05-30 11:13:40,369, session=2, sequence=82, operation=PrimitiveOperation{id=DefaultOperationId{id=write, type=COMMAND}, value=byte[]{length=17, hash=-1644578928}}}}
11:13:40.455 [raft-server-2-state] TRACE i.a.p.raft.impl.RaftServiceManager - RaftServer{2} - Applying Indexed{index=89, entry=CommandEntry{term=1, timestamp=2018-05-30 11:13:40,369, session=2, sequence=82, operation=PrimitiveOperation{id=DefaultOperationId{id=write, type=COMMAND}, value=byte[]{length=17, hash=-1644578928}}}}
11:13:40.455 [raft-server-3-state] TRACE i.a.p.s.impl.DefaultServiceExecutor - PrimitiveService{2}{type=PrimitiveType{name=test}, name=test} - Executing DefaultCommit{index=89, session=RaftSession{RaftServiceContext{server=3, type=PrimitiveType{name=test}, name=test, id=2}, session=2, timestamp=2018-05-30 11:13:40,369}, time=2018-05-30 11:13:40,369, operation=DefaultOperationId{id=write, type=COMMAND}, value=byte[]{length=17, hash=-1644578928}}
11:13:40.455 [raft-server-2-state] TRACE i.a.p.s.impl.DefaultServiceExecutor - PrimitiveService{2}{type=PrimitiveType{name=test}, name=test} - Executing DefaultCommit{index=89, session=RaftSession{RaftServiceContext{server=2, type=PrimitiveType{name=test}, name=test, id=2}, session=2, timestamp=2018-05-30 11:13:40,369}, time=2018-05-30 11:13:40,369, operation=DefaultOperationId{id=write, type=COMMAND}, value=byte[]{length=17, hash=-1644578928}}
11:13:40.455 [raft-server-1] TRACE i.a.p.raft.roles.LeaderAppender - RaftServer{1} - Received AppendResponse{status=OK, term=1, succeeded=true, lastLogIndex=90} from 2
11:13:40.455 [raft-server-1] TRACE i.a.p.raft.roles.LeaderAppender - RaftServer{1} - Committed entries up to 90
11:13:40.479 [raft-server-1] TRACE i.a.p.raft.roles.LeaderAppender - RaftServer{1} - Received AppendResponse{status=OK, term=1, succeeded=true, lastLogIndex=90} from 3
11:13:40.480 [raft-server-1-state] TRACE i.a.p.raft.impl.RaftServiceManager - RaftServer{1} - Applying Indexed{index=90, entry=CommandEntry{term=1, timestamp=2018-05-30 11:13:40,423, session=2, sequence=83, operation=PrimitiveOperation{id=DefaultOperationId{id=write, type=COMMAND}, value=byte[]{length=17, hash=-1644578928}}}}
11:13:40.480 [raft-server-1-state] TRACE i.a.p.s.impl.DefaultServiceExecutor - PrimitiveService{2}{type=PrimitiveType{name=test}, name=test} - Executing DefaultCommit{index=90, session=RaftSession{RaftServiceContext{server=1, type=PrimitiveType{name=test}, name=test, id=2}, session=2, timestamp=2018-05-30 11:13:40,423}, time=2018-05-30 11:13:40,423, operation=DefaultOperationId{id=write, type=COMMAND}, value=byte[]{length=17, hash=-1644578928}}
11:13:40.480 [raft-server-1-state] TRACE i.a.protocols.raft.roles.LeaderRole - RaftServer{1}{role=LEADER} - Sending CommandResponse{status=OK, index=90, eventIndex=2, result=byte[]{length=3, hash=36085}}
11:13:40.480 [raft-server-2] TRACE i.a.p.raft.roles.FollowerRole - RaftServer{2}{role=FOLLOWER} - Sending CommandResponse{status=OK, index=90, eventIndex=2, result=byte[]{length=3, hash=36085}}
11:13:40.480 [raft-client-a5a0def7-e1df-4503-b1c6-00519ae66cf7-3] TRACE i.a.p.r.p.impl.RaftProxyConnection - PartitionProxy{2}{type=PrimitiveType{name=test}, name=test} - Received CommandResponse{status=OK, index=90, eventIndex=2, result=byte[]{length=3, hash=36085}} from 2
11:13:40.480 [raft-client-a5a0def7-e1df-4503-b1c6-00519ae66cf7-3] TRACE i.a.p.r.p.impl.RaftProxySequencer - PartitionProxy{2}{type=PrimitiveType{name=test}, name=test} - Completing response CommandResponse{status=OK, index=90, eventIndex=2, result=byte[]{length=3, hash=36085}}
11:13:40.481 [raft-client-a5a0def7-e1df-4503-b1c6-00519ae66cf7-3] TRACE i.a.p.r.p.impl.RaftProxyConnection - PartitionProxy{2}{type=PrimitiveType{name=test}, name=test} - Sending CommandRequest{session=2, sequence=84, operation=PrimitiveOperation{id=DefaultOperationId{id=write, type=COMMAND}, value=byte[]{length=17, hash=-1644578928}}} to 2
11:13:40.481 [raft-server-2] TRACE i.a.p.raft.roles.FollowerRole - RaftServer{2}{role=FOLLOWER} - Received CommandRequest{session=2, sequence=84, operation=PrimitiveOperation{id=DefaultOperationId{id=write, type=COMMAND}, value=byte[]{length=17, hash=-1644578928}}}
11:13:40.481 [raft-server-1] TRACE i.a.protocols.raft.roles.LeaderRole - RaftServer{1}{role=LEADER} - Received CommandRequest{session=2, sequence=84, operation=PrimitiveOperation{id=DefaultOperationId{id=write, type=COMMAND}, value=byte[]{length=17, hash=-1644578928}}}
11:13:40.538 [raft-server-1] DEBUG i.a.storage.journal.SegmentedJournal - Created disk segment: JournalSegment{id=10, version=1, index=91, size=64}
11:13:40.538 [raft-server-1] TRACE i.a.protocols.raft.roles.LeaderRole - RaftServer{1}{role=LEADER} - Appended Indexed{index=91, entry=CommandEntry{term=1, timestamp=2018-05-30 11:13:40,481, session=2, sequence=84, operation=PrimitiveOperation{id=DefaultOperationId{id=write, type=COMMAND}, value=byte[]{length=17, hash=-1644578928}}}}
11:13:40.538 [raft-server-1] TRACE i.a.p.raft.roles.LeaderAppender - RaftServer{1} - Sending AppendRequest{term=1, leader=1, prevLogIndex=90, prevLogTerm=1, entries=1, commitIndex=90} to 2
11:13:40.538 [raft-server-2] TRACE i.a.p.raft.roles.FollowerRole - RaftServer{2}{role=FOLLOWER} - Received AppendRequest{term=1, leader=1, prevLogIndex=90, prevLogTerm=1, entries=1, commitIndex=90}
11:13:40.538 [raft-server-1] TRACE i.a.p.raft.roles.LeaderAppender - RaftServer{1} - Sending AppendRequest{term=1, leader=1, prevLogIndex=90, prevLogTerm=1, entries=1, commitIndex=90} to 3
11:13:40.539 [raft-server-3] TRACE i.a.p.raft.roles.FollowerRole - RaftServer{3}{role=FOLLOWER} - Received AppendRequest{term=1, leader=1, prevLogIndex=90, prevLogTerm=1, entries=1, commitIndex=90}
11:13:40.604 [raft-server-2] DEBUG i.a.storage.journal.SegmentedJournal - Created disk segment: JournalSegment{id=10, version=1, index=91, size=64}
11:13:40.605 [raft-server-2] TRACE i.a.p.raft.roles.FollowerRole - RaftServer{2}{role=FOLLOWER} - Appended Indexed{index=91, entry=CommandEntry{term=1, timestamp=2018-05-30 11:13:40,481, session=2, sequence=84, operation=PrimitiveOperation{id=DefaultOperationId{id=write, type=COMMAND}, value=byte[]{length=17, hash=-1644578928}}}}
11:13:40.638 [raft-server-3] DEBUG i.a.storage.journal.SegmentedJournal - Created disk segment: JournalSegment{id=10, version=1, index=91, size=64}
11:13:40.638 [raft-server-3] TRACE i.a.p.raft.roles.FollowerRole - RaftServer{3}{role=FOLLOWER} - Appended Indexed{index=91, entry=CommandEntry{term=1, timestamp=2018-05-30 11:13:40,481, session=2, sequence=84, operation=PrimitiveOperation{id=DefaultOperationId{id=write, type=COMMAND}, value=byte[]{length=17, hash=-1644578928}}}}
11:13:40.671 [raft-server-2] TRACE i.a.p.raft.roles.FollowerRole - RaftServer{2}{role=FOLLOWER} - Committed entries up to index 90
11:13:40.671 [raft-server-2] TRACE i.a.p.raft.roles.FollowerRole - RaftServer{2}{role=FOLLOWER} - Sending AppendResponse{status=OK, term=1, succeeded=true, lastLogIndex=91}
11:13:40.671 [raft-server-1] TRACE i.a.p.raft.roles.LeaderAppender - RaftServer{1} - Received AppendResponse{status=OK, term=1, succeeded=true, lastLogIndex=91} from 2
11:13:40.671 [raft-server-1] TRACE i.a.p.raft.roles.LeaderAppender - RaftServer{1} - Committed entries up to 91
11:13:40.671 [raft-server-2-state] TRACE i.a.p.raft.impl.RaftServiceManager - RaftServer{2} - Applying Indexed{index=90, entry=CommandEntry{term=1, timestamp=2018-05-30 11:13:40,423, session=2, sequence=83, operation=PrimitiveOperation{id=DefaultOperationId{id=write, type=COMMAND}, value=byte[]{length=17, hash=-1644578928}}}}
11:13:40.671 [raft-server-2-state] TRACE i.a.p.s.impl.DefaultServiceExecutor - PrimitiveService{2}{type=PrimitiveType{name=test}, name=test} - Executing DefaultCommit{index=90, session=RaftSession{RaftServiceContext{server=2, type=PrimitiveType{name=test}, name=test, id=2}, session=2, timestamp=2018-05-30 11:13:40,423}, time=2018-05-30 11:13:40,423, operation=DefaultOperationId{id=write, type=COMMAND}, value=byte[]{length=17, hash=-1644578928}}
11:13:40.704 [raft-server-3] TRACE i.a.p.raft.roles.FollowerRole - RaftServer{3}{role=FOLLOWER} - Committed entries up to index 90
11:13:40.704 [raft-server-3] TRACE i.a.p.raft.roles.FollowerRole - RaftServer{3}{role=FOLLOWER} - Sending AppendResponse{status=OK, term=1, succeeded=true, lastLogIndex=91}
11:13:40.705 [raft-server-3-state] TRACE i.a.p.raft.impl.RaftServiceManager - RaftServer{3} - Applying Indexed{index=90, entry=CommandEntry{term=1, timestamp=2018-05-30 11:13:40,423, session=2, sequence=83, operation=PrimitiveOperation{id=DefaultOperationId{id=write, type=COMMAND}, value=byte[]{length=17, hash=-1644578928}}}}
11:13:40.705 [raft-server-3-state] TRACE i.a.p.s.impl.DefaultServiceExecutor - PrimitiveService{2}{type=PrimitiveType{name=test}, name=test} - Executing DefaultCommit{index=90, session=RaftSession{RaftServiceContext{server=3, type=PrimitiveType{name=test}, name=test, id=2}, session=2, timestamp=2018-05-30 11:13:40,423}, time=2018-05-30 11:13:40,423, operation=DefaultOperationId{id=write, type=COMMAND}, value=byte[]{length=17, hash=-1644578928}}
11:13:40.729 [raft-server-1] TRACE i.a.p.raft.roles.LeaderAppender - RaftServer{1} - Sending AppendRequest{term=1, leader=1, prevLogIndex=91, prevLogTerm=1, entries=0, commitIndex=91} to 2
11:13:40.730 [raft-server-2] TRACE i.a.p.raft.roles.FollowerRole - RaftServer{2}{role=FOLLOWER} - Received AppendRequest{term=1, leader=1, prevLogIndex=91, prevLogTerm=1, entries=0, commitIndex=91}
11:13:40.730 [raft-server-1] TRACE i.a.p.raft.roles.LeaderAppender - RaftServer{1} - Received AppendResponse{status=OK, term=1, succeeded=true, lastLogIndex=91} from 3
11:13:40.730 [raft-server-1] TRACE i.a.p.raft.roles.LeaderAppender - RaftServer{1} - Sending AppendRequest{term=1, leader=1, prevLogIndex=91, prevLogTerm=1, entries=0, commitIndex=91} to 3
11:13:40.730 [raft-server-3] TRACE i.a.p.raft.roles.FollowerRole - RaftServer{3}{role=FOLLOWER} - Received AppendRequest{term=1, leader=1, prevLogIndex=91, prevLogTerm=1, entries=0, commitIndex=91}
11:13:40.730 [raft-server-1-state] TRACE i.a.p.raft.impl.RaftServiceManager - RaftServer{1} - Applying Indexed{index=91, entry=CommandEntry{term=1, timestamp=2018-05-30 11:13:40,481, session=2, sequence=84, operation=PrimitiveOperation{id=DefaultOperationId{id=write, type=COMMAND}, value=byte[]{length=17, hash=-1644578928}}}}
11:13:40.730 [raft-server-1-state] TRACE i.a.p.s.impl.DefaultServiceExecutor - PrimitiveService{2}{type=PrimitiveType{name=test}, name=test} - Executing DefaultCommit{index=91, session=RaftSession{RaftServiceContext{server=1, type=PrimitiveType{name=test}, name=test, id=2}, session=2, timestamp=2018-05-30 11:13:40,481}, time=2018-05-30 11:13:40,481, operation=DefaultOperationId{id=write, type=COMMAND}, value=byte[]{length=17, hash=-1644578928}}
11:13:40.730 [raft-server-1-state] TRACE i.a.protocols.raft.roles.LeaderRole - RaftServer{1}{role=LEADER} - Sending CommandResponse{status=OK, index=91, eventIndex=2, result=byte[]{length=3, hash=36147}}
11:13:40.744 [raft-server-1] DEBUG i.a.p.raft.impl.RaftServiceManager - RaftServer{1} - Snapshotting services
11:13:40.746 [raft-server-1-state] DEBUG i.a.p.r.s.snapshot.SnapshotStore - Created memory snapshot: MemorySnapshot{index=91}
11:13:40.746 [raft-server-1-state] DEBUG i.a.p.r.service.RaftServiceContext - PrimitiveService{2}{type=PrimitiveType{name=test}, name=test} - Taking snapshot 91
11:13:40.748 [raft-server-1-compaction] DEBUG i.a.p.r.s.snapshot.SnapshotStore - Created disk snapshot: FileSnapshot{index=91}
11:13:40.754 [raft-server-2] TRACE i.a.p.raft.roles.FollowerRole - RaftServer{2}{role=FOLLOWER} - Committed entries up to index 91
11:13:40.754 [raft-server-2] TRACE i.a.p.raft.roles.FollowerRole - RaftServer{2}{role=FOLLOWER} - Sending AppendResponse{status=OK, term=1, succeeded=true, lastLogIndex=91}
11:13:40.755 [raft-server-2] TRACE i.a.p.raft.roles.FollowerRole - RaftServer{2}{role=FOLLOWER} - Sending CommandResponse{status=OK, index=91, eventIndex=2, result=byte[]{length=3, hash=36147}}
11:13:40.755 [raft-server-1] TRACE i.a.p.raft.roles.LeaderAppender - RaftServer{1} - Received AppendResponse{status=OK, term=1, succeeded=true, lastLogIndex=91} from 2
11:13:40.755 [raft-client-a5a0def7-e1df-4503-b1c6-00519ae66cf7-5] TRACE i.a.p.r.p.impl.RaftProxyConnection - PartitionProxy{2}{type=PrimitiveType{name=test}, name=test} - Received CommandResponse{status=OK, index=91, eventIndex=2, result=byte[]{length=3, hash=36147}} from 2
11:13:40.755 [raft-client-a5a0def7-e1df-4503-b1c6-00519ae66cf7-5] TRACE i.a.p.r.p.impl.RaftProxySequencer - PartitionProxy{2}{type=PrimitiveType{name=test}, name=test} - Completing response CommandResponse{status=OK, index=91, eventIndex=2, result=byte[]{length=3, hash=36147}}
11:13:40.755 [raft-client-a5a0def7-e1df-4503-b1c6-00519ae66cf7-4] TRACE i.a.p.r.p.impl.RaftProxyConnection - PartitionProxy{2}{type=PrimitiveType{name=test}, name=test} - Sending CommandRequest{session=2, sequence=85, operation=PrimitiveOperation{id=DefaultOperationId{id=write, type=COMMAND}, value=byte[]{length=17, hash=-1644578928}}} to 2
11:13:40.756 [raft-server-2] TRACE i.a.p.raft.roles.FollowerRole - RaftServer{2}{role=FOLLOWER} - Received CommandRequest{session=2, sequence=85, operation=PrimitiveOperation{id=DefaultOperationId{id=write, type=COMMAND}, value=byte[]{length=17, hash=-1644578928}}}
11:13:40.756 [raft-server-2-state] TRACE i.a.p.raft.impl.RaftServiceManager - RaftServer{2} - Applying Indexed{index=91, entry=CommandEntry{term=1, timestamp=2018-05-30 11:13:40,481, session=2, sequence=84, operation=PrimitiveOperation{id=DefaultOperationId{id=write, type=COMMAND}, value=byte[]{length=17, hash=-1644578928}}}}
11:13:40.756 [raft-server-1] TRACE i.a.protocols.raft.roles.LeaderRole - RaftServer{1}{role=LEADER} - Received CommandRequest{session=2, sequence=85, operation=PrimitiveOperation{id=DefaultOperationId{id=write, type=COMMAND}, value=byte[]{length=17, hash=-1644578928}}}
11:13:40.756 [raft-server-2-state] TRACE i.a.p.s.impl.DefaultServiceExecutor - PrimitiveService{2}{type=PrimitiveType{name=test}, name=test} - Executing DefaultCommit{index=91, session=RaftSession{RaftServiceContext{server=2, type=PrimitiveType{name=test}, name=test, id=2}, session=2, timestamp=2018-05-30 11:13:40,481}, time=2018-05-30 11:13:40,481, operation=DefaultOperationId{id=write, type=COMMAND}, value=byte[]{length=17, hash=-1644578928}}
11:13:40.756 [raft-server-1] TRACE i.a.protocols.raft.roles.LeaderRole - RaftServer{1}{role=LEADER} - Appended Indexed{index=92, entry=CommandEntry{term=1, timestamp=2018-05-30 11:13:40,756, session=2, sequence=85, operation=PrimitiveOperation{id=DefaultOperationId{id=write, type=COMMAND}, value=byte[]{length=17, hash=-1644578928}}}}
11:13:40.756 [raft-server-1] TRACE i.a.p.raft.roles.LeaderAppender - RaftServer{1} - Sending AppendRequest{term=1, leader=1, prevLogIndex=91, prevLogTerm=1, entries=1, commitIndex=91} to 2
11:13:40.756 [raft-server-2] TRACE i.a.p.raft.roles.FollowerRole - RaftServer{2}{role=FOLLOWER} - Received AppendRequest{term=1, leader=1, prevLogIndex=91, prevLogTerm=1, entries=1, commitIndex=91}
11:13:40.756 [raft-server-2] TRACE i.a.p.raft.roles.FollowerRole - RaftServer{2}{role=FOLLOWER} - Appended Indexed{index=92, entry=CommandEntry{term=1, timestamp=2018-05-30 11:13:40,756, session=2, sequence=85, operation=PrimitiveOperation{id=DefaultOperationId{id=write, type=COMMAND}, value=byte[]{length=17, hash=-1644578928}}}}
11:13:40.756 [raft-server-2] TRACE i.a.p.raft.roles.FollowerRole - RaftServer{2}{role=FOLLOWER} - Sending AppendResponse{status=OK, term=1, succeeded=true, lastLogIndex=92}
11:13:40.757 [raft-server-1] TRACE i.a.p.raft.roles.LeaderAppender - RaftServer{1} - Received AppendResponse{status=OK, term=1, succeeded=true, lastLogIndex=92} from 2
11:13:40.757 [raft-server-1] TRACE i.a.p.raft.roles.LeaderAppender - RaftServer{1} - Committed entries up to 92
11:13:40.788 [raft-server-3] TRACE i.a.p.raft.roles.FollowerRole - RaftServer{3}{role=FOLLOWER} - Committed entries up to index 91
11:13:40.788 [raft-server-3] TRACE i.a.p.raft.roles.FollowerRole - RaftServer{3}{role=FOLLOWER} - Sending AppendResponse{status=OK, term=1, succeeded=true, lastLogIndex=91}
11:13:40.788 [raft-server-3-state] TRACE i.a.p.raft.impl.RaftServiceManager - RaftServer{3} - Applying Indexed{index=91, entry=CommandEntry{term=1, timestamp=2018-05-30 11:13:40,481, session=2, sequence=84, operation=PrimitiveOperation{id=DefaultOperationId{id=write, type=COMMAND}, value=byte[]{length=17, hash=-1644578928}}}}
11:13:40.788 [raft-server-3-state] TRACE i.a.p.s.impl.DefaultServiceExecutor - PrimitiveService{2}{type=PrimitiveType{name=test}, name=test} - Executing DefaultCommit{index=91, session=RaftSession{RaftServiceContext{server=3, type=PrimitiveType{name=test}, name=test, id=2}, session=2, timestamp=2018-05-30 11:13:40,481}, time=2018-05-30 11:13:40,481, operation=DefaultOperationId{id=write, type=COMMAND}, value=byte[]{length=17, hash=-1644578928}}
11:13:40.802 [raft-server-2] DEBUG i.a.p.raft.impl.RaftServiceManager - RaftServer{2} - Snapshotting services
11:13:40.802 [raft-server-2-state] DEBUG i.a.p.r.s.snapshot.SnapshotStore - Created memory snapshot: MemorySnapshot{index=91}
11:13:40.803 [raft-server-2-state] DEBUG i.a.p.r.service.RaftServiceContext - PrimitiveService{2}{type=PrimitiveType{name=test}, name=test} - Taking snapshot 91
11:13:40.803 [raft-server-2-compaction] DEBUG i.a.p.r.s.snapshot.SnapshotStore - Created disk snapshot: FileSnapshot{index=91}
11:13:40.813 [raft-server-1] TRACE i.a.p.raft.roles.LeaderAppender - RaftServer{1} - Sending AppendRequest{term=1, leader=1, prevLogIndex=92, prevLogTerm=1, entries=0, commitIndex=92} to 2
11:13:40.813 [raft-server-1] TRACE i.a.p.raft.roles.LeaderAppender - RaftServer{1} - Sending AppendRequest{term=1, leader=1, prevLogIndex=91, prevLogTerm=1, entries=1, commitIndex=92} to 3
11:13:40.813 [raft-server-2] TRACE i.a.p.raft.roles.FollowerRole - RaftServer{2}{role=FOLLOWER} - Received AppendRequest{term=1, leader=1, prevLogIndex=92, prevLogTerm=1, entries=0, commitIndex=92}
11:13:40.813 [raft-server-3] TRACE i.a.p.raft.roles.FollowerRole - RaftServer{3}{role=FOLLOWER} - Received AppendRequest{term=1, leader=1, prevLogIndex=91, prevLogTerm=1, entries=1, commitIndex=92}
11:13:40.813 [raft-server-3] TRACE i.a.p.raft.roles.FollowerRole - RaftServer{3}{role=FOLLOWER} - Appended Indexed{index=92, entry=CommandEntry{term=1, timestamp=2018-05-30 11:13:40,756, session=2, sequence=85, operation=PrimitiveOperation{id=DefaultOperationId{id=write, type=COMMAND}, value=byte[]{length=17, hash=-1644578928}}}}
11:13:40.813 [raft-server-1] TRACE i.a.p.raft.roles.LeaderAppender - RaftServer{1} - Received AppendResponse{status=OK, term=1, succeeded=true, lastLogIndex=91} from 3
11:13:40.814 [raft-server-1-state] TRACE i.a.p.raft.impl.RaftServiceManager - RaftServer{1} - Applying Indexed{index=92, entry=CommandEntry{term=1, timestamp=2018-05-30 11:13:40,756, session=2, sequence=85, operation=PrimitiveOperation{id=DefaultOperationId{id=write, type=COMMAND}, value=byte[]{length=17, hash=-1644578928}}}}
11:13:40.814 [raft-server-1-state] TRACE i.a.p.s.impl.DefaultServiceExecutor - PrimitiveService{2}{type=PrimitiveType{name=test}, name=test} - Executing DefaultCommit{index=92, session=RaftSession{RaftServiceContext{server=1, type=PrimitiveType{name=test}, name=test, id=2}, session=2, timestamp=2018-05-30 11:13:40,756}, time=2018-05-30 11:13:40,756, operation=DefaultOperationId{id=write, type=COMMAND}, value=byte[]{length=17, hash=-1644578928}}
11:13:40.814 [raft-server-1-state] TRACE i.a.protocols.raft.roles.LeaderRole - RaftServer{1}{role=LEADER} - Sending CommandResponse{status=OK, index=92, eventIndex=2, result=byte[]{length=3, hash=36209}}
11:13:40.871 [raft-server-2] TRACE i.a.p.raft.roles.FollowerRole - RaftServer{2}{role=FOLLOWER} - Committed entries up to index 92
11:13:40.871 [raft-server-3] TRACE i.a.p.raft.roles.FollowerRole - RaftServer{3}{role=FOLLOWER} - Committed entries up to index 92
11:13:40.871 [raft-server-2] TRACE i.a.p.raft.roles.FollowerRole - RaftServer{2}{role=FOLLOWER} - Sending AppendResponse{status=OK, term=1, succeeded=true, lastLogIndex=92}
11:13:40.871 [raft-server-3] TRACE i.a.p.raft.roles.FollowerRole - RaftServer{3}{role=FOLLOWER} - Sending AppendResponse{status=OK, term=1, succeeded=true, lastLogIndex=92}
11:13:40.871 [raft-server-2] TRACE i.a.p.raft.roles.FollowerRole - RaftServer{2}{role=FOLLOWER} - Sending CommandResponse{status=OK, index=92, eventIndex=2, result=byte[]{length=3, hash=36209}}
11:13:40.871 [raft-server-1] TRACE i.a.p.raft.roles.LeaderAppender - RaftServer{1} - Received AppendResponse{status=OK, term=1, succeeded=true, lastLogIndex=92} from 2
11:13:40.872 [raft-server-1] TRACE i.a.p.raft.roles.LeaderAppender - RaftServer{1} - Sending AppendRequest{term=1, leader=1, prevLogIndex=92, prevLogTerm=1, entries=0, commitIndex=92} to 2
11:13:40.872 [raft-client-a5a0def7-e1df-4503-b1c6-00519ae66cf7-6] TRACE i.a.p.r.p.impl.RaftProxyConnection - PartitionProxy{2}{type=PrimitiveType{name=test}, name=test} - Received CommandResponse{status=OK, index=92, eventIndex=2, result=byte[]{length=3, hash=36209}} from 2
11:13:40.872 [raft-server-1] TRACE i.a.p.raft.roles.LeaderAppender - RaftServer{1} - Received AppendResponse{status=OK, term=1, succeeded=true, lastLogIndex=92} from 3
11:13:40.872 [raft-client-a5a0def7-e1df-4503-b1c6-00519ae66cf7-6] TRACE i.a.p.r.p.impl.RaftProxySequencer - PartitionProxy{2}{type=PrimitiveType{name=test}, name=test} - Completing response CommandResponse{status=OK, index=92, eventIndex=2, result=byte[]{length=3, hash=36209}}
11:13:40.872 [raft-server-1] TRACE i.a.p.raft.roles.LeaderAppender - RaftServer{1} - Sending AppendRequest{term=1, leader=1, prevLogIndex=92, prevLogTerm=1, entries=0, commitIndex=92} to 3
11:13:40.872 [raft-server-3] TRACE i.a.p.raft.roles.FollowerRole - RaftServer{3}{role=FOLLOWER} - Received AppendRequest{term=1, leader=1, prevLogIndex=92, prevLogTerm=1, entries=0, commitIndex=92}
11:13:40.872 [raft-server-3-state] TRACE i.a.p.raft.impl.RaftServiceManager - RaftServer{3} - Applying Indexed{index=92, entry=CommandEntry{term=1, timestamp=2018-05-30 11:13:40,756, session=2, sequence=85, operation=PrimitiveOperation{id=DefaultOperationId{id=write, type=COMMAND}, value=byte[]{length=17, hash=-1644578928}}}}
11:13:40.872 [raft-server-3] TRACE i.a.p.raft.roles.FollowerRole - RaftServer{3}{role=FOLLOWER} - Sending AppendResponse{status=OK, term=1, succeeded=true, lastLogIndex=92}
11:13:40.872 [raft-server-2] TRACE i.a.p.raft.roles.FollowerRole - RaftServer{2}{role=FOLLOWER} - Received AppendRequest{term=1, leader=1, prevLogIndex=92, prevLogTerm=1, entries=0, commitIndex=92}
11:13:40.872 [raft-server-2-state] TRACE i.a.p.raft.impl.RaftServiceManager - RaftServer{2} - Applying Indexed{index=92, entry=CommandEntry{term=1, timestamp=2018-05-30 11:13:40,756, session=2, sequence=85, operation=PrimitiveOperation{id=DefaultOperationId{id=write, type=COMMAND}, value=byte[]{length=17, hash=-1644578928}}}}
11:13:40.872 [raft-server-2] TRACE i.a.p.raft.roles.FollowerRole - RaftServer{2}{role=FOLLOWER} - Sending AppendResponse{status=OK, term=1, succeeded=true, lastLogIndex=92}
11:13:40.872 [raft-server-2-state] TRACE i.a.p.s.impl.DefaultServiceExecutor - PrimitiveService{2}{type=PrimitiveType{name=test}, name=test} - Executing DefaultCommit{index=92, session=RaftSession{RaftServiceContext{server=2, type=PrimitiveType{name=test}, name=test, id=2}, session=2, timestamp=2018-05-30 11:13:40,756}, time=2018-05-30 11:13:40,756, operation=DefaultOperationId{id=write, type=COMMAND}, value=byte[]{length=17, hash=-1644578928}}
11:13:40.872 [raft-server-3-state] TRACE i.a.p.s.impl.DefaultServiceExecutor - PrimitiveService{2}{type=PrimitiveType{name=test}, name=test} - Executing DefaultCommit{index=92, session=RaftSession{RaftServiceContext{server=3, type=PrimitiveType{name=test}, name=test, id=2}, session=2, timestamp=2018-05-30 11:13:40,756}, time=2018-05-30 11:13:40,756, operation=DefaultOperationId{id=write, type=COMMAND}, value=byte[]{length=17, hash=-1644578928}}
11:13:40.872 [raft-client-a5a0def7-e1df-4503-b1c6-00519ae66cf7-2] TRACE i.a.p.r.p.impl.RaftProxyConnection - PartitionProxy{2}{type=PrimitiveType{name=test}, name=test} - Sending CommandRequest{session=2, sequence=86, operation=PrimitiveOperation{id=DefaultOperationId{id=write, type=COMMAND}, value=byte[]{length=17, hash=-1644578928}}} to 2
11:13:40.872 [raft-server-2] TRACE i.a.p.raft.roles.FollowerRole - RaftServer{2}{role=FOLLOWER} - Received CommandRequest{session=2, sequence=86, operation=PrimitiveOperation{id=DefaultOperationId{id=write, type=COMMAND}, value=byte[]{length=17, hash=-1644578928}}}
11:13:40.872 [raft-server-1] TRACE i.a.p.raft.roles.LeaderAppender - RaftServer{1} - Received AppendResponse{status=OK, term=1, succeeded=true, lastLogIndex=92} from 3
11:13:40.873 [raft-server-1] TRACE i.a.p.raft.roles.LeaderAppender - RaftServer{1} - Received AppendResponse{status=OK, term=1, succeeded=true, lastLogIndex=92} from 2
11:13:40.873 [raft-server-1] TRACE i.a.protocols.raft.roles.LeaderRole - RaftServer{1}{role=LEADER} - Received CommandRequest{session=2, sequence=86, operation=PrimitiveOperation{id=DefaultOperationId{id=write, type=COMMAND}, value=byte[]{length=17, hash=-1644578928}}}
11:13:40.873 [raft-server-1] TRACE i.a.protocols.raft.roles.LeaderRole - RaftServer{1}{role=LEADER} - Appended Indexed{index=93, entry=CommandEntry{term=1, timestamp=2018-05-30 11:13:40,873, session=2, sequence=86, operation=PrimitiveOperation{id=DefaultOperationId{id=write, type=COMMAND}, value=byte[]{length=17, hash=-1644578928}}}}
11:13:40.873 [raft-server-1] TRACE i.a.p.raft.roles.LeaderAppender - RaftServer{1} - Sending AppendRequest{term=1, leader=1, prevLogIndex=92, prevLogTerm=1, entries=1, commitIndex=92} to 2
11:13:40.873 [raft-server-2] TRACE i.a.p.raft.roles.FollowerRole - RaftServer{2}{role=FOLLOWER} - Received AppendRequest{term=1, leader=1, prevLogIndex=92, prevLogTerm=1, entries=1, commitIndex=92}
11:13:40.873 [raft-server-1] TRACE i.a.p.raft.roles.LeaderAppender - RaftServer{1} - Sending AppendRequest{term=1, leader=1, prevLogIndex=92, prevLogTerm=1, entries=1, commitIndex=92} to 3
11:13:40.873 [raft-server-3] TRACE i.a.p.raft.roles.FollowerRole - RaftServer{3}{role=FOLLOWER} - Received AppendRequest{term=1, leader=1, prevLogIndex=92, prevLogTerm=1, entries=1, commitIndex=92}
11:13:40.873 [raft-server-2] TRACE i.a.p.raft.roles.FollowerRole - RaftServer{2}{role=FOLLOWER} - Appended Indexed{index=93, entry=CommandEntry{term=1, timestamp=2018-05-30 11:13:40,873, session=2, sequence=86, operation=PrimitiveOperation{id=DefaultOperationId{id=write, type=COMMAND}, value=byte[]{length=17, hash=-1644578928}}}}
11:13:40.873 [raft-server-2] TRACE i.a.p.raft.roles.FollowerRole - RaftServer{2}{role=FOLLOWER} - Sending AppendResponse{status=OK, term=1, succeeded=true, lastLogIndex=93}
11:13:40.873 [raft-server-3] TRACE i.a.p.raft.roles.FollowerRole - RaftServer{3}{role=FOLLOWER} - Appended Indexed{index=93, entry=CommandEntry{term=1, timestamp=2018-05-30 11:13:40,873, session=2, sequence=86, operation=PrimitiveOperation{id=DefaultOperationId{id=write, type=COMMAND}, value=byte[]{length=17, hash=-1644578928}}}}
11:13:40.873 [raft-server-3] TRACE i.a.p.raft.roles.FollowerRole - RaftServer{3}{role=FOLLOWER} - Sending AppendResponse{status=OK, term=1, succeeded=true, lastLogIndex=93}
11:13:40.873 [raft-server-1] TRACE i.a.p.raft.roles.LeaderAppender - RaftServer{1} - Received AppendResponse{status=OK, term=1, succeeded=true, lastLogIndex=93} from 2
11:13:40.873 [raft-server-1] TRACE i.a.p.raft.roles.LeaderAppender - RaftServer{1} - Committed entries up to 93
11:13:40.906 [raft-server-3] DEBUG i.a.p.raft.impl.RaftServiceManager - RaftServer{3} - Snapshotting services
11:13:40.906 [raft-server-3-state] DEBUG i.a.p.r.s.snapshot.SnapshotStore - Created memory snapshot: MemorySnapshot{index=92}
11:13:40.906 [raft-server-3-state] DEBUG i.a.p.r.service.RaftServiceContext - PrimitiveService{2}{type=PrimitiveType{name=test}, name=test} - Taking snapshot 92
11:13:40.906 [raft-server-3-compaction] DEBUG i.a.p.r.s.snapshot.SnapshotStore - Created disk snapshot: FileSnapshot{index=92}
11:13:40.921 [raft-server-1] TRACE i.a.p.raft.roles.LeaderAppender - RaftServer{1} - Received AppendResponse{status=OK, term=1, succeeded=true, lastLogIndex=93} from 3
11:13:40.921 [raft-server-1-state] TRACE i.a.p.raft.impl.RaftServiceManager - RaftServer{1} - Applying Indexed{index=93, entry=CommandEntry{term=1, timestamp=2018-05-30 11:13:40,873, session=2, sequence=86, operation=PrimitiveOperation{id=DefaultOperationId{id=write, type=COMMAND}, value=byte[]{length=17, hash=-1644578928}}}}
11:13:40.921 [raft-server-1-state] TRACE i.a.p.s.impl.DefaultServiceExecutor - PrimitiveService{2}{type=PrimitiveType{name=test}, name=test} - Executing DefaultCommit{index=93, session=RaftSession{RaftServiceContext{server=1, type=PrimitiveType{name=test}, name=test, id=2}, session=2, timestamp=2018-05-30 11:13:40,873}, time=2018-05-30 11:13:40,873, operation=DefaultOperationId{id=write, type=COMMAND}, value=byte[]{length=17, hash=-1644578928}}
11:13:40.922 [raft-server-1-state] TRACE i.a.protocols.raft.roles.LeaderRole - RaftServer{1}{role=LEADER} - Sending CommandResponse{status=OK, index=93, eventIndex=2, result=byte[]{length=3, hash=36271}}
11:13:40.922 [raft-server-2] TRACE i.a.p.raft.roles.FollowerRole - RaftServer{2}{role=FOLLOWER} - Sending CommandResponse{status=OK, index=93, eventIndex=2, result=byte[]{length=3, hash=36271}}
11:13:40.922 [raft-client-a5a0def7-e1df-4503-b1c6-00519ae66cf7-5] TRACE i.a.p.r.p.impl.RaftProxyConnection - PartitionProxy{2}{type=PrimitiveType{name=test}, name=test} - Received CommandResponse{status=OK, index=93, eventIndex=2, result=byte[]{length=3, hash=36271}} from 2
11:13:40.922 [raft-client-a5a0def7-e1df-4503-b1c6-00519ae66cf7-5] TRACE i.a.p.r.p.impl.RaftProxySequencer - PartitionProxy{2}{type=PrimitiveType{name=test}, name=test} - Completing response CommandResponse{status=OK, index=93, eventIndex=2, result=byte[]{length=3, hash=36271}}
11:13:40.922 [raft-client-a5a0def7-e1df-4503-b1c6-00519ae66cf7-3] TRACE i.a.p.r.p.impl.RaftProxyConnection - PartitionProxy{2}{type=PrimitiveType{name=test}, name=test} - Sending CommandRequest{session=2, sequence=87, operation=PrimitiveOperation{id=DefaultOperationId{id=write, type=COMMAND}, value=byte[]{length=17, hash=-1644578928}}} to 2
11:13:40.923 [raft-server-2] TRACE i.a.p.raft.roles.FollowerRole - RaftServer{2}{role=FOLLOWER} - Received CommandRequest{session=2, sequence=87, operation=PrimitiveOperation{id=DefaultOperationId{id=write, type=COMMAND}, value=byte[]{length=17, hash=-1644578928}}}
11:13:40.923 [raft-server-1] TRACE i.a.protocols.raft.roles.LeaderRole - RaftServer{1}{role=LEADER} - Received CommandRequest{session=2, sequence=87, operation=PrimitiveOperation{id=DefaultOperationId{id=write, type=COMMAND}, value=byte[]{length=17, hash=-1644578928}}}
11:13:40.923 [raft-server-1] TRACE i.a.protocols.raft.roles.LeaderRole - RaftServer{1}{role=LEADER} - Appended Indexed{index=94, entry=CommandEntry{term=1, timestamp=2018-05-30 11:13:40,923, session=2, sequence=87, operation=PrimitiveOperation{id=DefaultOperationId{id=write, type=COMMAND}, value=byte[]{length=17, hash=-1644578928}}}}
11:13:40.923 [raft-server-1] TRACE i.a.p.raft.roles.LeaderAppender - RaftServer{1} - Sending AppendRequest{term=1, leader=1, prevLogIndex=93, prevLogTerm=1, entries=1, commitIndex=93} to 2
11:13:40.923 [raft-server-2] TRACE i.a.p.raft.roles.FollowerRole - RaftServer{2}{role=FOLLOWER} - Received AppendRequest{term=1, leader=1, prevLogIndex=93, prevLogTerm=1, entries=1, commitIndex=93}
11:13:40.923 [raft-server-1] TRACE i.a.p.raft.roles.LeaderAppender - RaftServer{1} - Sending AppendRequest{term=1, leader=1, prevLogIndex=93, prevLogTerm=1, entries=1, commitIndex=93} to 3
11:13:40.923 [raft-server-3] TRACE i.a.p.raft.roles.FollowerRole - RaftServer{3}{role=FOLLOWER} - Received AppendRequest{term=1, leader=1, prevLogIndex=93, prevLogTerm=1, entries=1, commitIndex=93}
11:13:40.923 [raft-server-2] TRACE i.a.p.raft.roles.FollowerRole - RaftServer{2}{role=FOLLOWER} - Appended Indexed{index=94, entry=CommandEntry{term=1, timestamp=2018-05-30 11:13:40,923, session=2, sequence=87, operation=PrimitiveOperation{id=DefaultOperationId{id=write, type=COMMAND}, value=byte[]{length=17, hash=-1644578928}}}}
11:13:40.923 [raft-server-3] TRACE i.a.p.raft.roles.FollowerRole - RaftServer{3}{role=FOLLOWER} - Appended Indexed{index=94, entry=CommandEntry{term=1, timestamp=2018-05-30 11:13:40,923, session=2, sequence=87, operation=PrimitiveOperation{id=DefaultOperationId{id=write, type=COMMAND}, value=byte[]{length=17, hash=-1644578928}}}}
11:13:40.979 [raft-server-2] TRACE i.a.p.raft.roles.FollowerRole - RaftServer{2}{role=FOLLOWER} - Committed entries up to index 93
11:13:40.979 [raft-server-3] TRACE i.a.p.raft.roles.FollowerRole - RaftServer{3}{role=FOLLOWER} - Committed entries up to index 93
11:13:40.979 [raft-server-2] TRACE i.a.p.raft.roles.FollowerRole - RaftServer{2}{role=FOLLOWER} - Sending AppendResponse{status=OK, term=1, succeeded=true, lastLogIndex=94}
11:13:40.979 [raft-server-3] TRACE i.a.p.raft.roles.FollowerRole - RaftServer{3}{role=FOLLOWER} - Sending AppendResponse{status=OK, term=1, succeeded=true, lastLogIndex=94}
11:13:40.980 [raft-server-1] TRACE i.a.p.raft.roles.LeaderAppender - RaftServer{1} - Received AppendResponse{status=OK, term=1, succeeded=true, lastLogIndex=94} from 3
11:13:40.980 [raft-server-2-state] TRACE i.a.p.raft.impl.RaftServiceManager - RaftServer{2} - Applying Indexed{index=93, entry=CommandEntry{term=1, timestamp=2018-05-30 11:13:40,873, session=2, sequence=86, operation=PrimitiveOperation{id=DefaultOperationId{id=write, type=COMMAND}, value=byte[]{length=17, hash=-1644578928}}}}
11:13:40.980 [raft-server-3-state] TRACE i.a.p.raft.impl.RaftServiceManager - RaftServer{3} - Applying Indexed{index=93, entry=CommandEntry{term=1, timestamp=2018-05-30 11:13:40,873, session=2, sequence=86, operation=PrimitiveOperation{id=DefaultOperationId{id=write, type=COMMAND}, value=byte[]{length=17, hash=-1644578928}}}}
11:13:40.980 [raft-server-1] TRACE i.a.p.raft.roles.LeaderAppender - RaftServer{1} - Committed entries up to 94
11:13:40.980 [raft-server-2-state] TRACE i.a.p.s.impl.DefaultServiceExecutor - PrimitiveService{2}{type=PrimitiveType{name=test}, name=test} - Executing DefaultCommit{index=93, session=RaftSession{RaftServiceContext{server=2, type=PrimitiveType{name=test}, name=test, id=2}, session=2, timestamp=2018-05-30 11:13:40,873}, time=2018-05-30 11:13:40,873, operation=DefaultOperationId{id=write, type=COMMAND}, value=byte[]{length=17, hash=-1644578928}}
11:13:40.980 [raft-server-3-state] TRACE i.a.p.s.impl.DefaultServiceExecutor - PrimitiveService{2}{type=PrimitiveType{name=test}, name=test} - Executing DefaultCommit{index=93, session=RaftSession{RaftServiceContext{server=3, type=PrimitiveType{name=test}, name=test, id=2}, session=2, timestamp=2018-05-30 11:13:40,873}, time=2018-05-30 11:13:40,873, operation=DefaultOperationId{id=write, type=COMMAND}, value=byte[]{length=17, hash=-1644578928}}
11:13:41.046 [raft-server-1] TRACE i.a.p.raft.roles.LeaderAppender - RaftServer{1} - Received AppendResponse{status=OK, term=1, succeeded=true, lastLogIndex=94} from 2
11:13:41.046 [raft-server-1] TRACE i.a.p.raft.roles.LeaderAppender - RaftServer{1} - Sending AppendRequest{term=1, leader=1, prevLogIndex=94, prevLogTerm=1, entries=0, commitIndex=94} to 2
11:13:41.046 [raft-server-2] TRACE i.a.p.raft.roles.FollowerRole - RaftServer{2}{role=FOLLOWER} - Received AppendRequest{term=1, leader=1, prevLogIndex=94, prevLogTerm=1, entries=0, commitIndex=94}
11:13:41.046 [raft-server-1] TRACE i.a.p.raft.roles.LeaderAppender - RaftServer{1} - Sending AppendRequest{term=1, leader=1, prevLogIndex=94, prevLogTerm=1, entries=0, commitIndex=94} to 3
11:13:41.047 [raft-server-3] TRACE i.a.p.raft.roles.FollowerRole - RaftServer{3}{role=FOLLOWER} - Received AppendRequest{term=1, leader=1, prevLogIndex=94, prevLogTerm=1, entries=0, commitIndex=94}
11:13:41.047 [raft-server-1-state] TRACE i.a.p.raft.impl.RaftServiceManager - RaftServer{1} - Applying Indexed{index=94, entry=CommandEntry{term=1, timestamp=2018-05-30 11:13:40,923, session=2, sequence=87, operation=PrimitiveOperation{id=DefaultOperationId{id=write, type=COMMAND}, value=byte[]{length=17, hash=-1644578928}}}}
11:13:41.047 [raft-server-1-state] TRACE i.a.p.s.impl.DefaultServiceExecutor - PrimitiveService{2}{type=PrimitiveType{name=test}, name=test} - Executing DefaultCommit{index=94, session=RaftSession{RaftServiceContext{server=1, type=PrimitiveType{name=test}, name=test, id=2}, session=2, timestamp=2018-05-30 11:13:40,923}, time=2018-05-30 11:13:40,923, operation=DefaultOperationId{id=write, type=COMMAND}, value=byte[]{length=17, hash=-1644578928}}
11:13:41.047 [raft-server-1-state] TRACE i.a.protocols.raft.roles.LeaderRole - RaftServer{1}{role=LEADER} - Sending CommandResponse{status=OK, index=94, eventIndex=2, result=byte[]{length=3, hash=36333}}
11:13:41.071 [raft-server-2] TRACE i.a.p.raft.roles.FollowerRole - RaftServer{2}{role=FOLLOWER} - Committed entries up to index 94
11:13:41.071 [raft-server-2] TRACE i.a.p.raft.roles.FollowerRole - RaftServer{2}{role=FOLLOWER} - Sending AppendResponse{status=OK, term=1, succeeded=true, lastLogIndex=94}
11:13:41.071 [raft-server-2] TRACE i.a.p.raft.roles.FollowerRole - RaftServer{2}{role=FOLLOWER} - Sending CommandResponse{status=OK, index=94, eventIndex=2, result=byte[]{length=3, hash=36333}}
11:13:41.071 [raft-server-1] TRACE i.a.p.raft.roles.LeaderAppender - RaftServer{1} - Received AppendResponse{status=OK, term=1, succeeded=true, lastLogIndex=94} from 2
11:13:41.071 [raft-client-a5a0def7-e1df-4503-b1c6-00519ae66cf7-2] TRACE i.a.p.r.p.impl.RaftProxyConnection - PartitionProxy{2}{type=PrimitiveType{name=test}, name=test} - Received CommandResponse{status=OK, index=94, eventIndex=2, result=byte[]{length=3, hash=36333}} from 2
11:13:41.071 [raft-server-2-state] TRACE i.a.p.raft.impl.RaftServiceManager - RaftServer{2} - Applying Indexed{index=94, entry=CommandEntry{term=1, timestamp=2018-05-30 11:13:40,923, session=2, sequence=87, operation=PrimitiveOperation{id=DefaultOperationId{id=write, type=COMMAND}, value=byte[]{length=17, hash=-1644578928}}}}
11:13:41.072 [raft-client-a5a0def7-e1df-4503-b1c6-00519ae66cf7-2] TRACE i.a.p.r.p.impl.RaftProxySequencer - PartitionProxy{2}{type=PrimitiveType{name=test}, name=test} - Completing response CommandResponse{status=OK, index=94, eventIndex=2, result=byte[]{length=3, hash=36333}}
11:13:41.072 [raft-server-2-state] TRACE i.a.p.s.impl.DefaultServiceExecutor - PrimitiveService{2}{type=PrimitiveType{name=test}, name=test} - Executing DefaultCommit{index=94, session=RaftSession{RaftServiceContext{server=2, type=PrimitiveType{name=test}, name=test, id=2}, session=2, timestamp=2018-05-30 11:13:40,923}, time=2018-05-30 11:13:40,923, operation=DefaultOperationId{id=write, type=COMMAND}, value=byte[]{length=17, hash=-1644578928}}
11:13:41.072 [raft-server-1] TRACE i.a.p.raft.roles.LeaderAppender - RaftServer{1} - Sending AppendRequest{term=1, leader=1, prevLogIndex=94, prevLogTerm=1, entries=0, commitIndex=94} to 2
11:13:41.072 [raft-server-2] TRACE i.a.p.raft.roles.FollowerRole - RaftServer{2}{role=FOLLOWER} - Received AppendRequest{term=1, leader=1, prevLogIndex=94, prevLogTerm=1, entries=0, commitIndex=94}
11:13:41.072 [raft-client-a5a0def7-e1df-4503-b1c6-00519ae66cf7-0] TRACE i.a.p.r.p.impl.RaftProxyConnection - PartitionProxy{2}{type=PrimitiveType{name=test}, name=test} - Sending CommandRequest{session=2, sequence=88, operation=PrimitiveOperation{id=DefaultOperationId{id=write, type=COMMAND}, value=byte[]{length=17, hash=-1644578928}}} to 2
11:13:41.072 [raft-server-2] TRACE i.a.p.raft.roles.FollowerRole - RaftServer{2}{role=FOLLOWER} - Sending AppendResponse{status=OK, term=1, succeeded=true, lastLogIndex=94}
11:13:41.072 [raft-server-2] TRACE i.a.p.raft.roles.FollowerRole - RaftServer{2}{role=FOLLOWER} - Received CommandRequest{session=2, sequence=88, operation=PrimitiveOperation{id=DefaultOperationId{id=write, type=COMMAND}, value=byte[]{length=17, hash=-1644578928}}}
11:13:41.072 [raft-server-1] TRACE i.a.p.raft.roles.LeaderAppender - RaftServer{1} - Received AppendResponse{status=OK, term=1, succeeded=true, lastLogIndex=94} from 2
11:13:41.072 [raft-server-1] TRACE i.a.protocols.raft.roles.LeaderRole - RaftServer{1}{role=LEADER} - Received CommandRequest{session=2, sequence=88, operation=PrimitiveOperation{id=DefaultOperationId{id=write, type=COMMAND}, value=byte[]{length=17, hash=-1644578928}}}
11:13:41.073 [raft-server-1] TRACE i.a.protocols.raft.roles.LeaderRole - RaftServer{1}{role=LEADER} - Appended Indexed{index=95, entry=CommandEntry{term=1, timestamp=2018-05-30 11:13:41,073, session=2, sequence=88, operation=PrimitiveOperation{id=DefaultOperationId{id=write, type=COMMAND}, value=byte[]{length=17, hash=-1644578928}}}}
11:13:41.073 [raft-server-1] TRACE i.a.p.raft.roles.LeaderAppender - RaftServer{1} - Sending AppendRequest{term=1, leader=1, prevLogIndex=94, prevLogTerm=1, entries=1, commitIndex=94} to 2
11:13:41.073 [raft-server-2] TRACE i.a.p.raft.roles.FollowerRole - RaftServer{2}{role=FOLLOWER} - Received AppendRequest{term=1, leader=1, prevLogIndex=94, prevLogTerm=1, entries=1, commitIndex=94}
11:13:41.073 [raft-server-2] TRACE i.a.p.raft.roles.FollowerRole - RaftServer{2}{role=FOLLOWER} - Appended Indexed{index=95, entry=CommandEntry{term=1, timestamp=2018-05-30 11:13:41,073, session=2, sequence=88, operation=PrimitiveOperation{id=DefaultOperationId{id=write, type=COMMAND}, value=byte[]{length=17, hash=-1644578928}}}}
11:13:41.073 [raft-server-2] TRACE i.a.p.raft.roles.FollowerRole - RaftServer{2}{role=FOLLOWER} - Sending AppendResponse{status=OK, term=1, succeeded=true, lastLogIndex=95}
11:13:41.073 [raft-server-1] TRACE i.a.p.raft.roles.LeaderAppender - RaftServer{1} - Received AppendResponse{status=OK, term=1, succeeded=true, lastLogIndex=95} from 2
11:13:41.073 [raft-server-1] TRACE i.a.p.raft.roles.LeaderAppender - RaftServer{1} - Committed entries up to 95
11:13:41.105 [raft-server-3] TRACE i.a.p.raft.roles.FollowerRole - RaftServer{3}{role=FOLLOWER} - Committed entries up to index 94
11:13:41.105 [raft-server-3] TRACE i.a.p.raft.roles.FollowerRole - RaftServer{3}{role=FOLLOWER} - Sending AppendResponse{status=OK, term=1, succeeded=true, lastLogIndex=94}
11:13:41.105 [raft-server-3-state] TRACE i.a.p.raft.impl.RaftServiceManager - RaftServer{3} - Applying Indexed{index=94, entry=CommandEntry{term=1, timestamp=2018-05-30 11:13:40,923, session=2, sequence=87, operation=PrimitiveOperation{id=DefaultOperationId{id=write, type=COMMAND}, value=byte[]{length=17, hash=-1644578928}}}}
11:13:41.105 [raft-server-3-state] TRACE i.a.p.s.impl.DefaultServiceExecutor - PrimitiveService{2}{type=PrimitiveType{name=test}, name=test} - Executing DefaultCommit{index=94, session=RaftSession{RaftServiceContext{server=3, type=PrimitiveType{name=test}, name=test, id=2}, session=2, timestamp=2018-05-30 11:13:40,923}, time=2018-05-30 11:13:40,923, operation=DefaultOperationId{id=write, type=COMMAND}, value=byte[]{length=17, hash=-1644578928}}
11:13:41.129 [raft-server-1] TRACE i.a.p.raft.roles.LeaderAppender - RaftServer{1} - Received AppendResponse{status=OK, term=1, succeeded=true, lastLogIndex=94} from 3
11:13:41.130 [raft-server-1] TRACE i.a.p.raft.roles.LeaderAppender - RaftServer{1} - Sending AppendRequest{term=1, leader=1, prevLogIndex=94, prevLogTerm=1, entries=1, commitIndex=95} to 3
11:13:41.130 [raft-server-3] TRACE i.a.p.raft.roles.FollowerRole - RaftServer{3}{role=FOLLOWER} - Received AppendRequest{term=1, leader=1, prevLogIndex=94, prevLogTerm=1, entries=1, commitIndex=95}
11:13:41.130 [raft-server-1-state] TRACE i.a.p.raft.impl.RaftServiceManager - RaftServer{1} - Applying Indexed{index=95, entry=CommandEntry{term=1, timestamp=2018-05-30 11:13:41,073, session=2, sequence=88, operation=PrimitiveOperation{id=DefaultOperationId{id=write, type=COMMAND}, value=byte[]{length=17, hash=-1644578928}}}}
11:13:41.130 [raft-server-3] TRACE i.a.p.raft.roles.FollowerRole - RaftServer{3}{role=FOLLOWER} - Appended Indexed{index=95, entry=CommandEntry{term=1, timestamp=2018-05-30 11:13:41,073, session=2, sequence=88, operation=PrimitiveOperation{id=DefaultOperationId{id=write, type=COMMAND}, value=byte[]{length=17, hash=-1644578928}}}}
11:13:41.130 [raft-server-1-state] TRACE i.a.p.s.impl.DefaultServiceExecutor - PrimitiveService{2}{type=PrimitiveType{name=test}, name=test} - Executing DefaultCommit{index=95, session=RaftSession{RaftServiceContext{server=1, type=PrimitiveType{name=test}, name=test, id=2}, session=2, timestamp=2018-05-30 11:13:41,073}, time=2018-05-30 11:13:41,073, operation=DefaultOperationId{id=write, type=COMMAND}, value=byte[]{length=17, hash=-1644578928}}
11:13:41.130 [raft-server-1-state] TRACE i.a.protocols.raft.roles.LeaderRole - RaftServer{1}{role=LEADER} - Sending CommandResponse{status=OK, index=95, eventIndex=2, result=byte[]{length=3, hash=36395}}
11:13:41.130 [raft-server-2] TRACE i.a.p.raft.roles.FollowerRole - RaftServer{2}{role=FOLLOWER} - Sending CommandResponse{status=OK, index=95, eventIndex=2, result=byte[]{length=3, hash=36395}}
11:13:41.130 [raft-client-a5a0def7-e1df-4503-b1c6-00519ae66cf7-6] TRACE i.a.p.r.p.impl.RaftProxyConnection - PartitionProxy{2}{type=PrimitiveType{name=test}, name=test} - Received CommandResponse{status=OK, index=95, eventIndex=2, result=byte[]{length=3, hash=36395}} from 2
11:13:41.130 [raft-client-a5a0def7-e1df-4503-b1c6-00519ae66cf7-6] TRACE i.a.p.r.p.impl.RaftProxySequencer - PartitionProxy{2}{type=PrimitiveType{name=test}, name=test} - Completing response CommandResponse{status=OK, index=95, eventIndex=2, result=byte[]{length=3, hash=36395}}
11:13:41.131 [raft-client-a5a0def7-e1df-4503-b1c6-00519ae66cf7-6] TRACE i.a.p.r.p.impl.RaftProxyConnection - PartitionProxy{2}{type=PrimitiveType{name=test}, name=test} - Sending CommandRequest{session=2, sequence=89, operation=PrimitiveOperation{id=DefaultOperationId{id=write, type=COMMAND}, value=byte[]{length=17, hash=-1644578928}}} to 2
11:13:41.131 [raft-server-2] TRACE i.a.p.raft.roles.FollowerRole - RaftServer{2}{role=FOLLOWER} - Received CommandRequest{session=2, sequence=89, operation=PrimitiveOperation{id=DefaultOperationId{id=write, type=COMMAND}, value=byte[]{length=17, hash=-1644578928}}}
11:13:41.131 [raft-server-1] TRACE i.a.protocols.raft.roles.LeaderRole - RaftServer{1}{role=LEADER} - Received CommandRequest{session=2, sequence=89, operation=PrimitiveOperation{id=DefaultOperationId{id=write, type=COMMAND}, value=byte[]{length=17, hash=-1644578928}}}
11:13:41.131 [raft-server-1] TRACE i.a.protocols.raft.roles.LeaderRole - RaftServer{1}{role=LEADER} - Appended Indexed{index=96, entry=CommandEntry{term=1, timestamp=2018-05-30 11:13:41,131, session=2, sequence=89, operation=PrimitiveOperation{id=DefaultOperationId{id=write, type=COMMAND}, value=byte[]{length=17, hash=-1644578928}}}}
11:13:41.131 [raft-server-1] TRACE i.a.p.raft.roles.LeaderAppender - RaftServer{1} - Sending AppendRequest{term=1, leader=1, prevLogIndex=95, prevLogTerm=1, entries=1, commitIndex=95} to 2
11:13:41.131 [raft-server-2] TRACE i.a.p.raft.roles.FollowerRole - RaftServer{2}{role=FOLLOWER} - Received AppendRequest{term=1, leader=1, prevLogIndex=95, prevLogTerm=1, entries=1, commitIndex=95}
11:13:41.131 [raft-server-2] TRACE i.a.p.raft.roles.FollowerRole - RaftServer{2}{role=FOLLOWER} - Appended Indexed{index=96, entry=CommandEntry{term=1, timestamp=2018-05-30 11:13:41,131, session=2, sequence=89, operation=PrimitiveOperation{id=DefaultOperationId{id=write, type=COMMAND}, value=byte[]{length=17, hash=-1644578928}}}}
11:13:41.163 [raft-server-3] TRACE i.a.p.raft.roles.FollowerRole - RaftServer{3}{role=FOLLOWER} - Committed entries up to index 95
11:13:41.163 [raft-server-3] TRACE i.a.p.raft.roles.FollowerRole - RaftServer{3}{role=FOLLOWER} - Sending AppendResponse{status=OK, term=1, succeeded=true, lastLogIndex=95}
11:13:41.163 [raft-server-1] TRACE i.a.p.raft.roles.LeaderAppender - RaftServer{1} - Received AppendResponse{status=OK, term=1, succeeded=true, lastLogIndex=95} from 3
11:13:41.163 [raft-server-3-state] TRACE i.a.p.raft.impl.RaftServiceManager - RaftServer{3} - Applying Indexed{index=95, entry=CommandEntry{term=1, timestamp=2018-05-30 11:13:41,073, session=2, sequence=88, operation=PrimitiveOperation{id=DefaultOperationId{id=write, type=COMMAND}, value=byte[]{length=17, hash=-1644578928}}}}
11:13:41.163 [raft-server-1] TRACE i.a.p.raft.roles.LeaderAppender - RaftServer{1} - Sending AppendRequest{term=1, leader=1, prevLogIndex=95, prevLogTerm=1, entries=1, commitIndex=95} to 3
11:13:41.163 [raft-server-3-state] TRACE i.a.p.s.impl.DefaultServiceExecutor - PrimitiveService{2}{type=PrimitiveType{name=test}, name=test} - Executing DefaultCommit{index=95, session=RaftSession{RaftServiceContext{server=3, type=PrimitiveType{name=test}, name=test, id=2}, session=2, timestamp=2018-05-30 11:13:41,073}, time=2018-05-30 11:13:41,073, operation=DefaultOperationId{id=write, type=COMMAND}, value=byte[]{length=17, hash=-1644578928}}
11:13:41.163 [raft-server-3] TRACE i.a.p.raft.roles.FollowerRole - RaftServer{3}{role=FOLLOWER} - Received AppendRequest{term=1, leader=1, prevLogIndex=95, prevLogTerm=1, entries=1, commitIndex=95}
11:13:41.163 [raft-server-3] TRACE i.a.p.raft.roles.FollowerRole - RaftServer{3}{role=FOLLOWER} - Appended Indexed{index=96, entry=CommandEntry{term=1, timestamp=2018-05-30 11:13:41,131, session=2, sequence=89, operation=PrimitiveOperation{id=DefaultOperationId{id=write, type=COMMAND}, value=byte[]{length=17, hash=-1644578928}}}}
11:13:41.163 [raft-server-3] TRACE i.a.p.raft.roles.FollowerRole - RaftServer{3}{role=FOLLOWER} - Sending AppendResponse{status=OK, term=1, succeeded=true, lastLogIndex=96}
11:13:41.163 [raft-server-1] TRACE i.a.p.raft.roles.LeaderAppender - RaftServer{1} - Received AppendResponse{status=OK, term=1, succeeded=true, lastLogIndex=96} from 3
11:13:41.164 [raft-server-1] TRACE i.a.p.raft.roles.LeaderAppender - RaftServer{1} - Committed entries up to 96
11:13:41.195 [raft-server-2] TRACE i.a.p.raft.roles.FollowerRole - RaftServer{2}{role=FOLLOWER} - Committed entries up to index 95
11:13:41.195 [raft-server-2] TRACE i.a.p.raft.roles.FollowerRole - RaftServer{2}{role=FOLLOWER} - Sending AppendResponse{status=OK, term=1, succeeded=true, lastLogIndex=96}
11:13:41.195 [raft-server-2-state] TRACE i.a.p.raft.impl.RaftServiceManager - RaftServer{2} - Applying Indexed{index=95, entry=CommandEntry{term=1, timestamp=2018-05-30 11:13:41,073, session=2, sequence=88, operation=PrimitiveOperation{id=DefaultOperationId{id=write, type=COMMAND}, value=byte[]{length=17, hash=-1644578928}}}}
11:13:41.195 [raft-server-2-state] TRACE i.a.p.s.impl.DefaultServiceExecutor - PrimitiveService{2}{type=PrimitiveType{name=test}, name=test} - Executing DefaultCommit{index=95, session=RaftSession{RaftServiceContext{server=2, type=PrimitiveType{name=test}, name=test, id=2}, session=2, timestamp=2018-05-30 11:13:41,073}, time=2018-05-30 11:13:41,073, operation=DefaultOperationId{id=write, type=COMMAND}, value=byte[]{length=17, hash=-1644578928}}
11:13:41.226 [raft-server-1] TRACE i.a.p.raft.roles.LeaderAppender - RaftServer{1} - Received AppendResponse{status=OK, term=1, succeeded=true, lastLogIndex=96} from 2
11:13:41.226 [raft-server-1-state] TRACE i.a.p.raft.impl.RaftServiceManager - RaftServer{1} - Applying Indexed{index=96, entry=CommandEntry{term=1, timestamp=2018-05-30 11:13:41,131, session=2, sequence=89, operation=PrimitiveOperation{id=DefaultOperationId{id=write, type=COMMAND}, value=byte[]{length=17, hash=-1644578928}}}}
11:13:41.227 [raft-server-1-state] TRACE i.a.p.s.impl.DefaultServiceExecutor - PrimitiveService{2}{type=PrimitiveType{name=test}, name=test} - Executing DefaultCommit{index=96, session=RaftSession{RaftServiceContext{server=1, type=PrimitiveType{name=test}, name=test, id=2}, session=2, timestamp=2018-05-30 11:13:41,131}, time=2018-05-30 11:13:41,131, operation=DefaultOperationId{id=write, type=COMMAND}, value=byte[]{length=17, hash=-1644578928}}
11:13:41.227 [raft-server-1-state] TRACE i.a.protocols.raft.roles.LeaderRole - RaftServer{1}{role=LEADER} - Sending CommandResponse{status=OK, index=96, eventIndex=2, result=byte[]{length=3, hash=36457}}
11:13:41.227 [raft-server-2] TRACE i.a.p.raft.roles.FollowerRole - RaftServer{2}{role=FOLLOWER} - Sending CommandResponse{status=OK, index=96, eventIndex=2, result=byte[]{length=3, hash=36457}}
11:13:41.227 [raft-client-a5a0def7-e1df-4503-b1c6-00519ae66cf7-1] TRACE i.a.p.r.p.impl.RaftProxyConnection - PartitionProxy{2}{type=PrimitiveType{name=test}, name=test} - Received CommandResponse{status=OK, index=96, eventIndex=2, result=byte[]{length=3, hash=36457}} from 2
11:13:41.227 [raft-client-a5a0def7-e1df-4503-b1c6-00519ae66cf7-1] TRACE i.a.p.r.p.impl.RaftProxySequencer - PartitionProxy{2}{type=PrimitiveType{name=test}, name=test} - Completing response CommandResponse{status=OK, index=96, eventIndex=2, result=byte[]{length=3, hash=36457}}
11:13:41.227 [raft-client-a5a0def7-e1df-4503-b1c6-00519ae66cf7-4] TRACE i.a.p.r.p.impl.RaftProxyConnection - PartitionProxy{2}{type=PrimitiveType{name=test}, name=test} - Sending CommandRequest{session=2, sequence=90, operation=PrimitiveOperation{id=DefaultOperationId{id=write, type=COMMAND}, value=byte[]{length=17, hash=-1644578928}}} to 2
11:13:41.228 [raft-server-2] TRACE i.a.p.raft.roles.FollowerRole - RaftServer{2}{role=FOLLOWER} - Received CommandRequest{session=2, sequence=90, operation=PrimitiveOperation{id=DefaultOperationId{id=write, type=COMMAND}, value=byte[]{length=17, hash=-1644578928}}}
11:13:41.228 [raft-server-1] TRACE i.a.protocols.raft.roles.LeaderRole - RaftServer{1}{role=LEADER} - Received CommandRequest{session=2, sequence=90, operation=PrimitiveOperation{id=DefaultOperationId{id=write, type=COMMAND}, value=byte[]{length=17, hash=-1644578928}}}
11:13:41.228 [raft-server-1] TRACE i.a.protocols.raft.roles.LeaderRole - RaftServer{1}{role=LEADER} - Appended Indexed{index=97, entry=CommandEntry{term=1, timestamp=2018-05-30 11:13:41,228, session=2, sequence=90, operation=PrimitiveOperation{id=DefaultOperationId{id=write, type=COMMAND}, value=byte[]{length=17, hash=-1644578928}}}}
11:13:41.228 [raft-server-1] TRACE i.a.p.raft.roles.LeaderAppender - RaftServer{1} - Sending AppendRequest{term=1, leader=1, prevLogIndex=96, prevLogTerm=1, entries=1, commitIndex=96} to 2
11:13:41.228 [raft-server-2] TRACE i.a.p.raft.roles.FollowerRole - RaftServer{2}{role=FOLLOWER} - Received AppendRequest{term=1, leader=1, prevLogIndex=96, prevLogTerm=1, entries=1, commitIndex=96}
11:13:41.228 [raft-server-1] TRACE i.a.p.raft.roles.LeaderAppender - RaftServer{1} - Sending AppendRequest{term=1, leader=1, prevLogIndex=96, prevLogTerm=1, entries=1, commitIndex=96} to 3
11:13:41.228 [raft-server-3] TRACE i.a.p.raft.roles.FollowerRole - RaftServer{3}{role=FOLLOWER} - Received AppendRequest{term=1, leader=1, prevLogIndex=96, prevLogTerm=1, entries=1, commitIndex=96}
11:13:41.228 [raft-server-2] TRACE i.a.p.raft.roles.FollowerRole - RaftServer{2}{role=FOLLOWER} - Appended Indexed{index=97, entry=CommandEntry{term=1, timestamp=2018-05-30 11:13:41,228, session=2, sequence=90, operation=PrimitiveOperation{id=DefaultOperationId{id=write, type=COMMAND}, value=byte[]{length=17, hash=-1644578928}}}}
11:13:41.228 [raft-server-3] TRACE i.a.p.raft.roles.FollowerRole - RaftServer{3}{role=FOLLOWER} - Appended Indexed{index=97, entry=CommandEntry{term=1, timestamp=2018-05-30 11:13:41,228, session=2, sequence=90, operation=PrimitiveOperation{id=DefaultOperationId{id=write, type=COMMAND}, value=byte[]{length=17, hash=-1644578928}}}}
11:13:41.254 [raft-server-2] TRACE i.a.p.raft.roles.FollowerRole - RaftServer{2}{role=FOLLOWER} - Committed entries up to index 96
11:13:41.254 [raft-server-3] TRACE i.a.p.raft.roles.FollowerRole - RaftServer{3}{role=FOLLOWER} - Committed entries up to index 96
11:13:41.254 [raft-server-2] TRACE i.a.p.raft.roles.FollowerRole - RaftServer{2}{role=FOLLOWER} - Sending AppendResponse{status=OK, term=1, succeeded=true, lastLogIndex=97}
11:13:41.254 [raft-server-3] TRACE i.a.p.raft.roles.FollowerRole - RaftServer{3}{role=FOLLOWER} - Sending AppendResponse{status=OK, term=1, succeeded=true, lastLogIndex=97}
11:13:41.255 [raft-server-2-state] TRACE i.a.p.raft.impl.RaftServiceManager - RaftServer{2} - Applying Indexed{index=96, entry=CommandEntry{term=1, timestamp=2018-05-30 11:13:41,131, session=2, sequence=89, operation=PrimitiveOperation{id=DefaultOperationId{id=write, type=COMMAND}, value=byte[]{length=17, hash=-1644578928}}}}
11:13:41.255 [raft-server-3-state] TRACE i.a.p.raft.impl.RaftServiceManager - RaftServer{3} - Applying Indexed{index=96, entry=CommandEntry{term=1, timestamp=2018-05-30 11:13:41,131, session=2, sequence=89, operation=PrimitiveOperation{id=DefaultOperationId{id=write, type=COMMAND}, value=byte[]{length=17, hash=-1644578928}}}}
11:13:41.255 [raft-server-2-state] TRACE i.a.p.s.impl.DefaultServiceExecutor - PrimitiveService{2}{type=PrimitiveType{name=test}, name=test} - Executing DefaultCommit{index=96, session=RaftSession{RaftServiceContext{server=2, type=PrimitiveType{name=test}, name=test, id=2}, session=2, timestamp=2018-05-30 11:13:41,131}, time=2018-05-30 11:13:41,131, operation=DefaultOperationId{id=write, type=COMMAND}, value=byte[]{length=17, hash=-1644578928}}
11:13:41.255 [raft-server-3-state] TRACE i.a.p.s.impl.DefaultServiceExecutor - PrimitiveService{2}{type=PrimitiveType{name=test}, name=test} - Executing DefaultCommit{index=96, session=RaftSession{RaftServiceContext{server=3, type=PrimitiveType{name=test}, name=test, id=2}, session=2, timestamp=2018-05-30 11:13:41,131}, time=2018-05-30 11:13:41,131, operation=DefaultOperationId{id=write, type=COMMAND}, value=byte[]{length=17, hash=-1644578928}}
11:13:41.255 [raft-server-1] TRACE i.a.p.raft.roles.LeaderAppender - RaftServer{1} - Received AppendResponse{status=OK, term=1, succeeded=true, lastLogIndex=97} from 2
11:13:41.255 [raft-server-1] TRACE i.a.p.raft.roles.LeaderAppender - RaftServer{1} - Committed entries up to 97
11:13:41.293 [raft-server-1] TRACE i.a.p.raft.roles.LeaderAppender - RaftServer{1} - Received AppendResponse{status=OK, term=1, succeeded=true, lastLogIndex=97} from 3
11:13:41.293 [raft-server-1] TRACE i.a.p.raft.roles.LeaderAppender - RaftServer{1} - Sending AppendRequest{term=1, leader=1, prevLogIndex=97, prevLogTerm=1, entries=0, commitIndex=97} to 2
11:13:41.293 [raft-server-2] TRACE i.a.p.raft.roles.FollowerRole - RaftServer{2}{role=FOLLOWER} - Received AppendRequest{term=1, leader=1, prevLogIndex=97, prevLogTerm=1, entries=0, commitIndex=97}
11:13:41.293 [raft-server-1] TRACE i.a.p.raft.roles.LeaderAppender - RaftServer{1} - Sending AppendRequest{term=1, leader=1, prevLogIndex=97, prevLogTerm=1, entries=0, commitIndex=97} to 3
11:13:41.293 [raft-server-3] TRACE i.a.p.raft.roles.FollowerRole - RaftServer{3}{role=FOLLOWER} - Received AppendRequest{term=1, leader=1, prevLogIndex=97, prevLogTerm=1, entries=0, commitIndex=97}
11:13:41.293 [raft-server-1-state] TRACE i.a.p.raft.impl.RaftServiceManager - RaftServer{1} - Applying Indexed{index=97, entry=CommandEntry{term=1, timestamp=2018-05-30 11:13:41,228, session=2, sequence=90, operation=PrimitiveOperation{id=DefaultOperationId{id=write, type=COMMAND}, value=byte[]{length=17, hash=-1644578928}}}}
11:13:41.294 [raft-server-1-state] TRACE i.a.p.s.impl.DefaultServiceExecutor - PrimitiveService{2}{type=PrimitiveType{name=test}, name=test} - Executing DefaultCommit{index=97, session=RaftSession{RaftServiceContext{server=1, type=PrimitiveType{name=test}, name=test, id=2}, session=2, timestamp=2018-05-30 11:13:41,228}, time=2018-05-30 11:13:41,228, operation=DefaultOperationId{id=write, type=COMMAND}, value=byte[]{length=17, hash=-1644578928}}
11:13:41.294 [raft-server-1-state] TRACE i.a.protocols.raft.roles.LeaderRole - RaftServer{1}{role=LEADER} - Sending CommandResponse{status=OK, index=97, eventIndex=2, result=byte[]{length=3, hash=36519}}
11:13:41.318 [raft-server-2] TRACE i.a.p.raft.roles.FollowerRole - RaftServer{2}{role=FOLLOWER} - Committed entries up to index 97
11:13:41.318 [raft-server-2] TRACE i.a.p.raft.roles.FollowerRole - RaftServer{2}{role=FOLLOWER} - Sending AppendResponse{status=OK, term=1, succeeded=true, lastLogIndex=97}
11:13:41.318 [raft-server-1] TRACE i.a.p.raft.roles.LeaderAppender - RaftServer{1} - Received AppendResponse{status=OK, term=1, succeeded=true, lastLogIndex=97} from 2
11:13:41.318 [raft-server-2] TRACE i.a.p.raft.roles.FollowerRole - RaftServer{2}{role=FOLLOWER} - Sending CommandResponse{status=OK, index=97, eventIndex=2, result=byte[]{length=3, hash=36519}}
11:13:41.318 [raft-server-1] TRACE i.a.p.raft.roles.LeaderAppender - RaftServer{1} - Sending AppendRequest{term=1, leader=1, prevLogIndex=97, prevLogTerm=1, entries=0, commitIndex=97} to 2
11:13:41.318 [raft-client-a5a0def7-e1df-4503-b1c6-00519ae66cf7-2] TRACE i.a.p.r.p.impl.RaftProxyConnection - PartitionProxy{2}{type=PrimitiveType{name=test}, name=test} - Received CommandResponse{status=OK, index=97, eventIndex=2, result=byte[]{length=3, hash=36519}} from 2
11:13:41.318 [raft-server-2] TRACE i.a.p.raft.roles.FollowerRole - RaftServer{2}{role=FOLLOWER} - Received AppendRequest{term=1, leader=1, prevLogIndex=97, prevLogTerm=1, entries=0, commitIndex=97}
11:13:41.318 [raft-client-a5a0def7-e1df-4503-b1c6-00519ae66cf7-2] TRACE i.a.p.r.p.impl.RaftProxySequencer - PartitionProxy{2}{type=PrimitiveType{name=test}, name=test} - Completing response CommandResponse{status=OK, index=97, eventIndex=2, result=byte[]{length=3, hash=36519}}
11:13:41.318 [raft-server-2-state] TRACE i.a.p.raft.impl.RaftServiceManager - RaftServer{2} - Applying Indexed{index=97, entry=CommandEntry{term=1, timestamp=2018-05-30 11:13:41,228, session=2, sequence=90, operation=PrimitiveOperation{id=DefaultOperationId{id=write, type=COMMAND}, value=byte[]{length=17, hash=-1644578928}}}}
11:13:41.318 [raft-server-2] TRACE i.a.p.raft.roles.FollowerRole - RaftServer{2}{role=FOLLOWER} - Sending AppendResponse{status=OK, term=1, succeeded=true, lastLogIndex=97}
11:13:41.318 [raft-server-2-state] TRACE i.a.p.s.impl.DefaultServiceExecutor - PrimitiveService{2}{type=PrimitiveType{name=test}, name=test} - Executing DefaultCommit{index=97, session=RaftSession{RaftServiceContext{server=2, type=PrimitiveType{name=test}, name=test, id=2}, session=2, timestamp=2018-05-30 11:13:41,228}, time=2018-05-30 11:13:41,228, operation=DefaultOperationId{id=write, type=COMMAND}, value=byte[]{length=17, hash=-1644578928}}
11:13:41.319 [raft-server-1] TRACE i.a.p.raft.roles.LeaderAppender - RaftServer{1} - Received AppendResponse{status=OK, term=1, succeeded=true, lastLogIndex=97} from 2
11:13:41.319 [raft-client-a5a0def7-e1df-4503-b1c6-00519ae66cf7-2] TRACE i.a.p.r.p.impl.RaftProxyConnection - PartitionProxy{2}{type=PrimitiveType{name=test}, name=test} - Sending CommandRequest{session=2, sequence=91, operation=PrimitiveOperation{id=DefaultOperationId{id=write, type=COMMAND}, value=byte[]{length=17, hash=-1644578928}}} to 2
11:13:41.319 [raft-server-2] TRACE i.a.p.raft.roles.FollowerRole - RaftServer{2}{role=FOLLOWER} - Received CommandRequest{session=2, sequence=91, operation=PrimitiveOperation{id=DefaultOperationId{id=write, type=COMMAND}, value=byte[]{length=17, hash=-1644578928}}}
11:13:41.319 [raft-server-1] TRACE i.a.protocols.raft.roles.LeaderRole - RaftServer{1}{role=LEADER} - Received CommandRequest{session=2, sequence=91, operation=PrimitiveOperation{id=DefaultOperationId{id=write, type=COMMAND}, value=byte[]{length=17, hash=-1644578928}}}
11:13:41.319 [raft-server-1] TRACE i.a.protocols.raft.roles.LeaderRole - RaftServer{1}{role=LEADER} - Appended Indexed{index=98, entry=CommandEntry{term=1, timestamp=2018-05-30 11:13:41,319, session=2, sequence=91, operation=PrimitiveOperation{id=DefaultOperationId{id=write, type=COMMAND}, value=byte[]{length=17, hash=-1644578928}}}}
11:13:41.319 [raft-server-1] TRACE i.a.p.raft.roles.LeaderAppender - RaftServer{1} - Sending AppendRequest{term=1, leader=1, prevLogIndex=97, prevLogTerm=1, entries=1, commitIndex=97} to 2
11:13:41.319 [raft-server-2] TRACE i.a.p.raft.roles.FollowerRole - RaftServer{2}{role=FOLLOWER} - Received AppendRequest{term=1, leader=1, prevLogIndex=97, prevLogTerm=1, entries=1, commitIndex=97}
11:13:41.319 [raft-server-2] TRACE i.a.p.raft.roles.FollowerRole - RaftServer{2}{role=FOLLOWER} - Appended Indexed{index=98, entry=CommandEntry{term=1, timestamp=2018-05-30 11:13:41,319, session=2, sequence=91, operation=PrimitiveOperation{id=DefaultOperationId{id=write, type=COMMAND}, value=byte[]{length=17, hash=-1644578928}}}}
11:13:41.320 [raft-server-2] TRACE i.a.p.raft.roles.FollowerRole - RaftServer{2}{role=FOLLOWER} - Sending AppendResponse{status=OK, term=1, succeeded=true, lastLogIndex=98}
11:13:41.320 [raft-server-1] TRACE i.a.p.raft.roles.LeaderAppender - RaftServer{1} - Received AppendResponse{status=OK, term=1, succeeded=true, lastLogIndex=98} from 2
11:13:41.320 [raft-server-1] TRACE i.a.p.raft.roles.LeaderAppender - RaftServer{1} - Committed entries up to 98
11:13:41.353 [raft-server-3] TRACE i.a.p.raft.roles.FollowerRole - RaftServer{3}{role=FOLLOWER} - Committed entries up to index 97
11:13:41.353 [raft-server-3] TRACE i.a.p.raft.roles.FollowerRole - RaftServer{3}{role=FOLLOWER} - Sending AppendResponse{status=OK, term=1, succeeded=true, lastLogIndex=97}
11:13:41.353 [raft-server-3-state] TRACE i.a.p.raft.impl.RaftServiceManager - RaftServer{3} - Applying Indexed{index=97, entry=CommandEntry{term=1, timestamp=2018-05-30 11:13:41,228, session=2, sequence=90, operation=PrimitiveOperation{id=DefaultOperationId{id=write, type=COMMAND}, value=byte[]{length=17, hash=-1644578928}}}}
11:13:41.353 [raft-server-3-state] TRACE i.a.p.s.impl.DefaultServiceExecutor - PrimitiveService{2}{type=PrimitiveType{name=test}, name=test} - Executing DefaultCommit{index=97, session=RaftSession{RaftServiceContext{server=3, type=PrimitiveType{name=test}, name=test, id=2}, session=2, timestamp=2018-05-30 11:13:41,228}, time=2018-05-30 11:13:41,228, operation=DefaultOperationId{id=write, type=COMMAND}, value=byte[]{length=17, hash=-1644578928}}
11:13:41.376 [raft-server-1] TRACE i.a.p.raft.roles.LeaderAppender - RaftServer{1} - Received AppendResponse{status=OK, term=1, succeeded=true, lastLogIndex=97} from 3
11:13:41.376 [raft-server-1] TRACE i.a.p.raft.roles.LeaderAppender - RaftServer{1} - Sending AppendRequest{term=1, leader=1, prevLogIndex=97, prevLogTerm=1, entries=1, commitIndex=98} to 3
11:13:41.376 [raft-server-3] TRACE i.a.p.raft.roles.FollowerRole - RaftServer{3}{role=FOLLOWER} - Received AppendRequest{term=1, leader=1, prevLogIndex=97, prevLogTerm=1, entries=1, commitIndex=98}
11:13:41.376 [raft-server-1-state] TRACE i.a.p.raft.impl.RaftServiceManager - RaftServer{1} - Applying Indexed{index=98, entry=CommandEntry{term=1, timestamp=2018-05-30 11:13:41,319, session=2, sequence=91, operation=PrimitiveOperation{id=DefaultOperationId{id=write, type=COMMAND}, value=byte[]{length=17, hash=-1644578928}}}}
11:13:41.377 [raft-server-3] TRACE i.a.p.raft.roles.FollowerRole - RaftServer{3}{role=FOLLOWER} - Appended Indexed{index=98, entry=CommandEntry{term=1, timestamp=2018-05-30 11:13:41,319, session=2, sequence=91, operation=PrimitiveOperation{id=DefaultOperationId{id=write, type=COMMAND}, value=byte[]{length=17, hash=-1644578928}}}}
11:13:41.377 [raft-server-1-state] TRACE i.a.p.s.impl.DefaultServiceExecutor - PrimitiveService{2}{type=PrimitiveType{name=test}, name=test} - Executing DefaultCommit{index=98, session=RaftSession{RaftServiceContext{server=1, type=PrimitiveType{name=test}, name=test, id=2}, session=2, timestamp=2018-05-30 11:13:41,319}, time=2018-05-30 11:13:41,319, operation=DefaultOperationId{id=write, type=COMMAND}, value=byte[]{length=17, hash=-1644578928}}
11:13:41.377 [raft-server-1-state] TRACE i.a.protocols.raft.roles.LeaderRole - RaftServer{1}{role=LEADER} - Sending CommandResponse{status=OK, index=98, eventIndex=2, result=byte[]{length=3, hash=36581}}
11:13:41.377 [raft-server-2] TRACE i.a.p.raft.roles.FollowerRole - RaftServer{2}{role=FOLLOWER} - Sending CommandResponse{status=OK, index=98, eventIndex=2, result=byte[]{length=3, hash=36581}}
11:13:41.377 [raft-client-a5a0def7-e1df-4503-b1c6-00519ae66cf7-5] TRACE i.a.p.r.p.impl.RaftProxyConnection - PartitionProxy{2}{type=PrimitiveType{name=test}, name=test} - Received CommandResponse{status=OK, index=98, eventIndex=2, result=byte[]{length=3, hash=36581}} from 2
11:13:41.377 [raft-client-a5a0def7-e1df-4503-b1c6-00519ae66cf7-5] TRACE i.a.p.r.p.impl.RaftProxySequencer - PartitionProxy{2}{type=PrimitiveType{name=test}, name=test} - Completing response CommandResponse{status=OK, index=98, eventIndex=2, result=byte[]{length=3, hash=36581}}
11:13:41.378 [raft-client-a5a0def7-e1df-4503-b1c6-00519ae66cf7-3] TRACE i.a.p.r.p.impl.RaftProxyConnection - PartitionProxy{2}{type=PrimitiveType{name=test}, name=test} - Sending CommandRequest{session=2, sequence=92, operation=PrimitiveOperation{id=DefaultOperationId{id=write, type=COMMAND}, value=byte[]{length=17, hash=-1644578928}}} to 2
11:13:41.378 [raft-server-2] TRACE i.a.p.raft.roles.FollowerRole - RaftServer{2}{role=FOLLOWER} - Received CommandRequest{session=2, sequence=92, operation=PrimitiveOperation{id=DefaultOperationId{id=write, type=COMMAND}, value=byte[]{length=17, hash=-1644578928}}}
11:13:41.378 [raft-server-1] TRACE i.a.protocols.raft.roles.LeaderRole - RaftServer{1}{role=LEADER} - Received CommandRequest{session=2, sequence=92, operation=PrimitiveOperation{id=DefaultOperationId{id=write, type=COMMAND}, value=byte[]{length=17, hash=-1644578928}}}
11:13:41.378 [raft-server-1] TRACE i.a.protocols.raft.roles.LeaderRole - RaftServer{1}{role=LEADER} - Appended Indexed{index=99, entry=CommandEntry{term=1, timestamp=2018-05-30 11:13:41,378, session=2, sequence=92, operation=PrimitiveOperation{id=DefaultOperationId{id=write, type=COMMAND}, value=byte[]{length=17, hash=-1644578928}}}}
11:13:41.378 [raft-server-1] TRACE i.a.p.raft.roles.LeaderAppender - RaftServer{1} - Sending AppendRequest{term=1, leader=1, prevLogIndex=98, prevLogTerm=1, entries=1, commitIndex=98} to 2
11:13:41.378 [raft-server-2] TRACE i.a.p.raft.roles.FollowerRole - RaftServer{2}{role=FOLLOWER} - Received AppendRequest{term=1, leader=1, prevLogIndex=98, prevLogTerm=1, entries=1, commitIndex=98}
11:13:41.378 [raft-server-2] TRACE i.a.p.raft.roles.FollowerRole - RaftServer{2}{role=FOLLOWER} - Appended Indexed{index=99, entry=CommandEntry{term=1, timestamp=2018-05-30 11:13:41,378, session=2, sequence=92, operation=PrimitiveOperation{id=DefaultOperationId{id=write, type=COMMAND}, value=byte[]{length=17, hash=-1644578928}}}}
11:13:41.413 [raft-server-3] TRACE i.a.p.raft.roles.FollowerRole - RaftServer{3}{role=FOLLOWER} - Committed entries up to index 98
11:13:41.414 [raft-server-3] TRACE i.a.p.raft.roles.FollowerRole - RaftServer{3}{role=FOLLOWER} - Sending AppendResponse{status=OK, term=1, succeeded=true, lastLogIndex=98}
11:13:41.414 [raft-server-3-state] TRACE i.a.p.raft.impl.RaftServiceManager - RaftServer{3} - Applying Indexed{index=98, entry=CommandEntry{term=1, timestamp=2018-05-30 11:13:41,319, session=2, sequence=91, operation=PrimitiveOperation{id=DefaultOperationId{id=write, type=COMMAND}, value=byte[]{length=17, hash=-1644578928}}}}
11:13:41.414 [raft-server-3-state] TRACE i.a.p.s.impl.DefaultServiceExecutor - PrimitiveService{2}{type=PrimitiveType{name=test}, name=test} - Executing DefaultCommit{index=98, session=RaftSession{RaftServiceContext{server=3, type=PrimitiveType{name=test}, name=test, id=2}, session=2, timestamp=2018-05-30 11:13:41,319}, time=2018-05-30 11:13:41,319, operation=DefaultOperationId{id=write, type=COMMAND}, value=byte[]{length=17, hash=-1644578928}}
11:13:41.414 [raft-server-1] TRACE i.a.p.raft.roles.LeaderAppender - RaftServer{1} - Received AppendResponse{status=OK, term=1, succeeded=true, lastLogIndex=98} from 3
11:13:41.414 [raft-server-1] TRACE i.a.p.raft.roles.LeaderAppender - RaftServer{1} - Sending AppendRequest{term=1, leader=1, prevLogIndex=98, prevLogTerm=1, entries=1, commitIndex=98} to 3
11:13:41.414 [raft-server-3] TRACE i.a.p.raft.roles.FollowerRole - RaftServer{3}{role=FOLLOWER} - Received AppendRequest{term=1, leader=1, prevLogIndex=98, prevLogTerm=1, entries=1, commitIndex=98}
11:13:41.415 [raft-server-3] TRACE i.a.p.raft.roles.FollowerRole - RaftServer{3}{role=FOLLOWER} - Appended Indexed{index=99, entry=CommandEntry{term=1, timestamp=2018-05-30 11:13:41,378, session=2, sequence=92, operation=PrimitiveOperation{id=DefaultOperationId{id=write, type=COMMAND}, value=byte[]{length=17, hash=-1644578928}}}}
11:13:41.415 [raft-server-3] TRACE i.a.p.raft.roles.FollowerRole - RaftServer{3}{role=FOLLOWER} - Sending AppendResponse{status=OK, term=1, succeeded=true, lastLogIndex=99}
11:13:41.415 [raft-server-1] TRACE i.a.p.raft.roles.LeaderAppender - RaftServer{1} - Received AppendResponse{status=OK, term=1, succeeded=true, lastLogIndex=99} from 3
11:13:41.415 [raft-server-1] TRACE i.a.p.raft.roles.LeaderAppender - RaftServer{1} - Committed entries up to 99
11:13:41.441 [raft-server-2] TRACE i.a.p.raft.roles.FollowerRole - RaftServer{2}{role=FOLLOWER} - Committed entries up to index 98
11:13:41.441 [raft-server-2] TRACE i.a.p.raft.roles.FollowerRole - RaftServer{2}{role=FOLLOWER} - Sending AppendResponse{status=OK, term=1, succeeded=true, lastLogIndex=99}
11:13:41.441 [raft-server-2-state] TRACE i.a.p.raft.impl.RaftServiceManager - RaftServer{2} - Applying Indexed{index=98, entry=CommandEntry{term=1, timestamp=2018-05-30 11:13:41,319, session=2, sequence=91, operation=PrimitiveOperation{id=DefaultOperationId{id=write, type=COMMAND}, value=byte[]{length=17, hash=-1644578928}}}}
11:13:41.441 [raft-server-2-state] TRACE i.a.p.s.impl.DefaultServiceExecutor - PrimitiveService{2}{type=PrimitiveType{name=test}, name=test} - Executing DefaultCommit{index=98, session=RaftSession{RaftServiceContext{server=2, type=PrimitiveType{name=test}, name=test, id=2}, session=2, timestamp=2018-05-30 11:13:41,319}, time=2018-05-30 11:13:41,319, operation=DefaultOperationId{id=write, type=COMMAND}, value=byte[]{length=17, hash=-1644578928}}
11:13:41.468 [raft-server-1] TRACE i.a.p.raft.roles.LeaderAppender - RaftServer{1} - Received AppendResponse{status=OK, term=1, succeeded=true, lastLogIndex=99} from 2
11:13:41.468 [raft-server-1-state] TRACE i.a.p.raft.impl.RaftServiceManager - RaftServer{1} - Applying Indexed{index=99, entry=CommandEntry{term=1, timestamp=2018-05-30 11:13:41,378, session=2, sequence=92, operation=PrimitiveOperation{id=DefaultOperationId{id=write, type=COMMAND}, value=byte[]{length=17, hash=-1644578928}}}}
11:13:41.468 [raft-server-1-state] TRACE i.a.p.s.impl.DefaultServiceExecutor - PrimitiveService{2}{type=PrimitiveType{name=test}, name=test} - Executing DefaultCommit{index=99, session=RaftSession{RaftServiceContext{server=1, type=PrimitiveType{name=test}, name=test, id=2}, session=2, timestamp=2018-05-30 11:13:41,378}, time=2018-05-30 11:13:41,378, operation=DefaultOperationId{id=write, type=COMMAND}, value=byte[]{length=17, hash=-1644578928}}
11:13:41.468 [raft-server-1-state] TRACE i.a.protocols.raft.roles.LeaderRole - RaftServer{1}{role=LEADER} - Sending CommandResponse{status=OK, index=99, eventIndex=2, result=byte[]{length=3, hash=36643}}
11:13:41.469 [raft-server-2] TRACE i.a.p.raft.roles.FollowerRole - RaftServer{2}{role=FOLLOWER} - Sending CommandResponse{status=OK, index=99, eventIndex=2, result=byte[]{length=3, hash=36643}}
11:13:41.469 [raft-client-a5a0def7-e1df-4503-b1c6-00519ae66cf7-1] TRACE i.a.p.r.p.impl.RaftProxyConnection - PartitionProxy{2}{type=PrimitiveType{name=test}, name=test} - Received CommandResponse{status=OK, index=99, eventIndex=2, result=byte[]{length=3, hash=36643}} from 2
11:13:41.469 [raft-client-a5a0def7-e1df-4503-b1c6-00519ae66cf7-1] TRACE i.a.p.r.p.impl.RaftProxySequencer - PartitionProxy{2}{type=PrimitiveType{name=test}, name=test} - Completing response CommandResponse{status=OK, index=99, eventIndex=2, result=byte[]{length=3, hash=36643}}
11:13:41.469 [raft-client-a5a0def7-e1df-4503-b1c6-00519ae66cf7-1] TRACE i.a.p.r.p.impl.RaftProxyConnection - PartitionProxy{2}{type=PrimitiveType{name=test}, name=test} - Sending CommandRequest{session=2, sequence=93, operation=PrimitiveOperation{id=DefaultOperationId{id=write, type=COMMAND}, value=byte[]{length=17, hash=-1644578928}}} to 2
11:13:41.469 [raft-server-2] TRACE i.a.p.raft.roles.FollowerRole - RaftServer{2}{role=FOLLOWER} - Received CommandRequest{session=2, sequence=93, operation=PrimitiveOperation{id=DefaultOperationId{id=write, type=COMMAND}, value=byte[]{length=17, hash=-1644578928}}}
11:13:41.469 [raft-server-1] TRACE i.a.protocols.raft.roles.LeaderRole - RaftServer{1}{role=LEADER} - Received CommandRequest{session=2, sequence=93, operation=PrimitiveOperation{id=DefaultOperationId{id=write, type=COMMAND}, value=byte[]{length=17, hash=-1644578928}}}
11:13:41.470 [raft-server-1] TRACE i.a.protocols.raft.roles.LeaderRole - RaftServer{1}{role=LEADER} - Appended Indexed{index=100, entry=CommandEntry{term=1, timestamp=2018-05-30 11:13:41,469, session=2, sequence=93, operation=PrimitiveOperation{id=DefaultOperationId{id=write, type=COMMAND}, value=byte[]{length=17, hash=-1644578928}}}}
11:13:41.470 [raft-server-1] TRACE i.a.p.raft.roles.LeaderAppender - RaftServer{1} - Sending AppendRequest{term=1, leader=1, prevLogIndex=99, prevLogTerm=1, entries=1, commitIndex=99} to 2
11:13:41.470 [raft-server-2] TRACE i.a.p.raft.roles.FollowerRole - RaftServer{2}{role=FOLLOWER} - Received AppendRequest{term=1, leader=1, prevLogIndex=99, prevLogTerm=1, entries=1, commitIndex=99}
11:13:41.470 [raft-server-1] TRACE i.a.p.raft.roles.LeaderAppender - RaftServer{1} - Sending AppendRequest{term=1, leader=1, prevLogIndex=99, prevLogTerm=1, entries=1, commitIndex=99} to 3
11:13:41.470 [raft-server-3] TRACE i.a.p.raft.roles.FollowerRole - RaftServer{3}{role=FOLLOWER} - Received AppendRequest{term=1, leader=1, prevLogIndex=99, prevLogTerm=1, entries=1, commitIndex=99}
11:13:41.470 [raft-server-2] TRACE i.a.p.raft.roles.FollowerRole - RaftServer{2}{role=FOLLOWER} - Appended Indexed{index=100, entry=CommandEntry{term=1, timestamp=2018-05-30 11:13:41,469, session=2, sequence=93, operation=PrimitiveOperation{id=DefaultOperationId{id=write, type=COMMAND}, value=byte[]{length=17, hash=-1644578928}}}}
11:13:41.470 [raft-server-3] TRACE i.a.p.raft.roles.FollowerRole - RaftServer{3}{role=FOLLOWER} - Appended Indexed{index=100, entry=CommandEntry{term=1, timestamp=2018-05-30 11:13:41,469, session=2, sequence=93, operation=PrimitiveOperation{id=DefaultOperationId{id=write, type=COMMAND}, value=byte[]{length=17, hash=-1644578928}}}}
11:13:41.504 [raft-server-2] TRACE i.a.p.raft.roles.FollowerRole - RaftServer{2}{role=FOLLOWER} - Committed entries up to index 99
11:13:41.504 [raft-server-3] TRACE i.a.p.raft.roles.FollowerRole - RaftServer{3}{role=FOLLOWER} - Committed entries up to index 99
11:13:41.504 [raft-server-2] TRACE i.a.p.raft.roles.FollowerRole - RaftServer{2}{role=FOLLOWER} - Sending AppendResponse{status=OK, term=1, succeeded=true, lastLogIndex=100}
11:13:41.504 [raft-server-3] TRACE i.a.p.raft.roles.FollowerRole - RaftServer{3}{role=FOLLOWER} - Sending AppendResponse{status=OK, term=1, succeeded=true, lastLogIndex=100}
11:13:41.505 [raft-server-1] TRACE i.a.p.raft.roles.LeaderAppender - RaftServer{1} - Received AppendResponse{status=OK, term=1, succeeded=true, lastLogIndex=100} from 2
11:13:41.505 [raft-server-2-state] TRACE i.a.p.raft.impl.RaftServiceManager - RaftServer{2} - Applying Indexed{index=99, entry=CommandEntry{term=1, timestamp=2018-05-30 11:13:41,378, session=2, sequence=92, operation=PrimitiveOperation{id=DefaultOperationId{id=write, type=COMMAND}, value=byte[]{length=17, hash=-1644578928}}}}
11:13:41.505 [raft-server-3-state] TRACE i.a.p.raft.impl.RaftServiceManager - RaftServer{3} - Applying Indexed{index=99, entry=CommandEntry{term=1, timestamp=2018-05-30 11:13:41,378, session=2, sequence=92, operation=PrimitiveOperation{id=DefaultOperationId{id=write, type=COMMAND}, value=byte[]{length=17, hash=-1644578928}}}}
11:13:41.505 [raft-server-1] TRACE i.a.p.raft.roles.LeaderAppender - RaftServer{1} - Committed entries up to 100
11:13:41.505 [raft-server-2-state] TRACE i.a.p.s.impl.DefaultServiceExecutor - PrimitiveService{2}{type=PrimitiveType{name=test}, name=test} - Executing DefaultCommit{index=99, session=RaftSession{RaftServiceContext{server=2, type=PrimitiveType{name=test}, name=test, id=2}, session=2, timestamp=2018-05-30 11:13:41,378}, time=2018-05-30 11:13:41,378, operation=DefaultOperationId{id=write, type=COMMAND}, value=byte[]{length=17, hash=-1644578928}}
11:13:41.505 [raft-server-3-state] TRACE i.a.p.s.impl.DefaultServiceExecutor - PrimitiveService{2}{type=PrimitiveType{name=test}, name=test} - Executing DefaultCommit{index=99, session=RaftSession{RaftServiceContext{server=3, type=PrimitiveType{name=test}, name=test, id=2}, session=2, timestamp=2018-05-30 11:13:41,378}, time=2018-05-30 11:13:41,378, operation=DefaultOperationId{id=write, type=COMMAND}, value=byte[]{length=17, hash=-1644578928}}
11:13:41.538 [raft-server-1] TRACE i.a.p.raft.roles.LeaderAppender - RaftServer{1} - Received AppendResponse{status=OK, term=1, succeeded=true, lastLogIndex=100} from 3
11:13:41.538 [raft-server-1] TRACE i.a.p.raft.roles.LeaderAppender - RaftServer{1} - Sending AppendRequest{term=1, leader=1, prevLogIndex=100, prevLogTerm=1, entries=0, commitIndex=100} to 2
11:13:41.538 [raft-server-2] TRACE i.a.p.raft.roles.FollowerRole - RaftServer{2}{role=FOLLOWER} - Received AppendRequest{term=1, leader=1, prevLogIndex=100, prevLogTerm=1, entries=0, commitIndex=100}
11:13:41.538 [raft-server-1] TRACE i.a.p.raft.roles.LeaderAppender - RaftServer{1} - Sending AppendRequest{term=1, leader=1, prevLogIndex=100, prevLogTerm=1, entries=0, commitIndex=100} to 3
11:13:41.538 [raft-server-3] TRACE i.a.p.raft.roles.FollowerRole - RaftServer{3}{role=FOLLOWER} - Received AppendRequest{term=1, leader=1, prevLogIndex=100, prevLogTerm=1, entries=0, commitIndex=100}
11:13:41.538 [raft-server-1-state] TRACE i.a.p.raft.impl.RaftServiceManager - RaftServer{1} - Applying Indexed{index=100, entry=CommandEntry{term=1, timestamp=2018-05-30 11:13:41,469, session=2, sequence=93, operation=PrimitiveOperation{id=DefaultOperationId{id=write, type=COMMAND}, value=byte[]{length=17, hash=-1644578928}}}}
11:13:41.539 [raft-server-1-state] TRACE i.a.p.s.impl.DefaultServiceExecutor - PrimitiveService{2}{type=PrimitiveType{name=test}, name=test} - Executing DefaultCommit{index=100, session=RaftSession{RaftServiceContext{server=1, type=PrimitiveType{name=test}, name=test, id=2}, session=2, timestamp=2018-05-30 11:13:41,469}, time=2018-05-30 11:13:41,469, operation=DefaultOperationId{id=write, type=COMMAND}, value=byte[]{length=17, hash=-1644578928}}
11:13:41.539 [raft-server-1] TRACE i.a.protocols.raft.roles.LeaderRole - RaftServer{1}{role=LEADER} - Sending CommandResponse{status=OK, index=100, eventIndex=2, result=byte[]{length=3, hash=36705}}
11:13:41.563 [raft-server-2] TRACE i.a.p.raft.roles.FollowerRole - RaftServer{2}{role=FOLLOWER} - Committed entries up to index 100
11:13:41.563 [raft-server-2] TRACE i.a.p.raft.roles.FollowerRole - RaftServer{2}{role=FOLLOWER} - Sending AppendResponse{status=OK, term=1, succeeded=true, lastLogIndex=100}
11:13:41.563 [raft-server-1] TRACE i.a.p.raft.roles.LeaderAppender - RaftServer{1} - Received AppendResponse{status=OK, term=1, succeeded=true, lastLogIndex=100} from 2
11:13:41.563 [raft-server-2] TRACE i.a.p.raft.roles.FollowerRole - RaftServer{2}{role=FOLLOWER} - Sending CommandResponse{status=OK, index=100, eventIndex=2, result=byte[]{length=3, hash=36705}}
11:13:41.563 [raft-client-a5a0def7-e1df-4503-b1c6-00519ae66cf7-7] TRACE i.a.p.r.p.impl.RaftProxyConnection - PartitionProxy{2}{type=PrimitiveType{name=test}, name=test} - Received CommandResponse{status=OK, index=100, eventIndex=2, result=byte[]{length=3, hash=36705}} from 2
11:13:41.563 [raft-client-a5a0def7-e1df-4503-b1c6-00519ae66cf7-7] TRACE i.a.p.r.p.impl.RaftProxySequencer - PartitionProxy{2}{type=PrimitiveType{name=test}, name=test} - Completing response CommandResponse{status=OK, index=100, eventIndex=2, result=byte[]{length=3, hash=36705}}
11:13:41.563 [raft-server-2-state] TRACE i.a.p.raft.impl.RaftServiceManager - RaftServer{2} - Applying Indexed{index=100, entry=CommandEntry{term=1, timestamp=2018-05-30 11:13:41,469, session=2, sequence=93, operation=PrimitiveOperation{id=DefaultOperationId{id=write, type=COMMAND}, value=byte[]{length=17, hash=-1644578928}}}}
11:13:41.563 [raft-server-2-state] TRACE i.a.p.s.impl.DefaultServiceExecutor - PrimitiveService{2}{type=PrimitiveType{name=test}, name=test} - Executing DefaultCommit{index=100, session=RaftSession{RaftServiceContext{server=2, type=PrimitiveType{name=test}, name=test, id=2}, session=2, timestamp=2018-05-30 11:13:41,469}, time=2018-05-30 11:13:41,469, operation=DefaultOperationId{id=write, type=COMMAND}, value=byte[]{length=17, hash=-1644578928}}
11:13:41.563 [raft-client-a5a0def7-e1df-4503-b1c6-00519ae66cf7-7] TRACE i.a.p.r.p.impl.RaftProxyConnection - PartitionProxy{2}{type=PrimitiveType{name=test}, name=test} - Sending CommandRequest{session=2, sequence=94, operation=PrimitiveOperation{id=DefaultOperationId{id=write, type=COMMAND}, value=byte[]{length=17, hash=-1644578928}}} to 2
11:13:41.564 [raft-server-2] TRACE i.a.p.raft.roles.FollowerRole - RaftServer{2}{role=FOLLOWER} - Received CommandRequest{session=2, sequence=94, operation=PrimitiveOperation{id=DefaultOperationId{id=write, type=COMMAND}, value=byte[]{length=17, hash=-1644578928}}}
11:13:41.564 [raft-server-1] TRACE i.a.p.raft.roles.LeaderAppender - RaftServer{1} - Sending AppendRequest{term=1, leader=1, prevLogIndex=100, prevLogTerm=1, entries=0, commitIndex=100} to 2
11:13:41.564 [raft-server-2] TRACE i.a.p.raft.roles.FollowerRole - RaftServer{2}{role=FOLLOWER} - Received AppendRequest{term=1, leader=1, prevLogIndex=100, prevLogTerm=1, entries=0, commitIndex=100}
11:13:41.564 [raft-server-1] TRACE i.a.protocols.raft.roles.LeaderRole - RaftServer{1}{role=LEADER} - Received CommandRequest{session=2, sequence=94, operation=PrimitiveOperation{id=DefaultOperationId{id=write, type=COMMAND}, value=byte[]{length=17, hash=-1644578928}}}
11:13:41.564 [raft-server-2] TRACE i.a.p.raft.roles.FollowerRole - RaftServer{2}{role=FOLLOWER} - Sending AppendResponse{status=OK, term=1, succeeded=true, lastLogIndex=100}
11:13:41.588 [raft-server-3] TRACE i.a.p.raft.roles.FollowerRole - RaftServer{3}{role=FOLLOWER} - Committed entries up to index 100
11:13:41.588 [raft-server-3] TRACE i.a.p.raft.roles.FollowerRole - RaftServer{3}{role=FOLLOWER} - Sending AppendResponse{status=OK, term=1, succeeded=true, lastLogIndex=100}
11:13:41.588 [raft-server-3-state] TRACE i.a.p.raft.impl.RaftServiceManager - RaftServer{3} - Applying Indexed{index=100, entry=CommandEntry{term=1, timestamp=2018-05-30 11:13:41,469, session=2, sequence=93, operation=PrimitiveOperation{id=DefaultOperationId{id=write, type=COMMAND}, value=byte[]{length=17, hash=-1644578928}}}}
11:13:41.588 [raft-server-3-state] TRACE i.a.p.s.impl.DefaultServiceExecutor - PrimitiveService{2}{type=PrimitiveType{name=test}, name=test} - Executing DefaultCommit{index=100, session=RaftSession{RaftServiceContext{server=3, type=PrimitiveType{name=test}, name=test, id=2}, session=2, timestamp=2018-05-30 11:13:41,469}, time=2018-05-30 11:13:41,469, operation=DefaultOperationId{id=write, type=COMMAND}, value=byte[]{length=17, hash=-1644578928}}
11:13:41.646 [raft-server-1] DEBUG i.a.storage.journal.SegmentedJournal - Created disk segment: JournalSegment{id=11, version=1, index=101, size=64}
11:13:41.646 [raft-server-1] TRACE i.a.protocols.raft.roles.LeaderRole - RaftServer{1}{role=LEADER} - Appended Indexed{index=101, entry=CommandEntry{term=1, timestamp=2018-05-30 11:13:41,564, session=2, sequence=94, operation=PrimitiveOperation{id=DefaultOperationId{id=write, type=COMMAND}, value=byte[]{length=17, hash=-1644578928}}}}
11:13:41.647 [raft-server-1] TRACE i.a.p.raft.roles.LeaderAppender - RaftServer{1} - Received AppendResponse{status=OK, term=1, succeeded=true, lastLogIndex=100} from 2
11:13:41.647 [raft-server-1] TRACE i.a.p.raft.roles.LeaderAppender - RaftServer{1} - Sending AppendRequest{term=1, leader=1, prevLogIndex=100, prevLogTerm=1, entries=1, commitIndex=100} to 2
11:13:41.647 [raft-server-2] TRACE i.a.p.raft.roles.FollowerRole - RaftServer{2}{role=FOLLOWER} - Received AppendRequest{term=1, leader=1, prevLogIndex=100, prevLogTerm=1, entries=1, commitIndex=100}
11:13:41.647 [raft-server-1] TRACE i.a.p.raft.roles.LeaderAppender - RaftServer{1} - Received AppendResponse{status=OK, term=1, succeeded=true, lastLogIndex=100} from 3
11:13:41.647 [raft-server-1] TRACE i.a.p.raft.roles.LeaderAppender - RaftServer{1} - Sending AppendRequest{term=1, leader=1, prevLogIndex=100, prevLogTerm=1, entries=1, commitIndex=100} to 3
11:13:41.647 [raft-server-3] TRACE i.a.p.raft.roles.FollowerRole - RaftServer{3}{role=FOLLOWER} - Received AppendRequest{term=1, leader=1, prevLogIndex=100, prevLogTerm=1, entries=1, commitIndex=100}
11:13:41.739 [raft-server-2] DEBUG i.a.storage.journal.SegmentedJournal - Created disk segment: JournalSegment{id=11, version=1, index=101, size=64}
11:13:41.739 [raft-server-2] TRACE i.a.p.raft.roles.FollowerRole - RaftServer{2}{role=FOLLOWER} - Appended Indexed{index=101, entry=CommandEntry{term=1, timestamp=2018-05-30 11:13:41,564, session=2, sequence=94, operation=PrimitiveOperation{id=DefaultOperationId{id=write, type=COMMAND}, value=byte[]{length=17, hash=-1644578928}}}}
11:13:41.739 [raft-server-2] TRACE i.a.p.raft.roles.FollowerRole - RaftServer{2}{role=FOLLOWER} - Sending AppendResponse{status=OK, term=1, succeeded=true, lastLogIndex=101}
11:13:41.739 [raft-server-1] TRACE i.a.p.raft.roles.LeaderAppender - RaftServer{1} - Received AppendResponse{status=OK, term=1, succeeded=true, lastLogIndex=101} from 2
11:13:41.740 [raft-server-1] TRACE i.a.p.raft.roles.LeaderAppender - RaftServer{1} - Committed entries up to 101
11:13:41.784 [raft-server-3] DEBUG i.a.storage.journal.SegmentedJournal - Created disk segment: JournalSegment{id=11, version=1, index=101, size=64}
11:13:41.785 [raft-server-3] TRACE i.a.p.raft.roles.FollowerRole - RaftServer{3}{role=FOLLOWER} - Appended Indexed{index=101, entry=CommandEntry{term=1, timestamp=2018-05-30 11:13:41,564, session=2, sequence=94, operation=PrimitiveOperation{id=DefaultOperationId{id=write, type=COMMAND}, value=byte[]{length=17, hash=-1644578928}}}}
11:13:41.785 [raft-server-3] TRACE i.a.p.raft.roles.FollowerRole - RaftServer{3}{role=FOLLOWER} - Sending AppendResponse{status=OK, term=1, succeeded=true, lastLogIndex=101}
11:13:41.876 [raft-server-1] TRACE i.a.p.raft.roles.LeaderAppender - RaftServer{1} - Sending AppendRequest{term=1, leader=1, prevLogIndex=101, prevLogTerm=1, entries=0, commitIndex=101} to 2
11:13:41.876 [raft-server-1] TRACE i.a.p.raft.roles.LeaderAppender - RaftServer{1} - Received AppendResponse{status=OK, term=1, succeeded=true, lastLogIndex=101} from 3
11:13:41.877 [raft-server-2] TRACE i.a.p.raft.roles.FollowerRole - RaftServer{2}{role=FOLLOWER} - Received AppendRequest{term=1, leader=1, prevLogIndex=101, prevLogTerm=1, entries=0, commitIndex=101}
11:13:41.877 [raft-server-1] TRACE i.a.p.raft.roles.LeaderAppender - RaftServer{1} - Sending AppendRequest{term=1, leader=1, prevLogIndex=101, prevLogTerm=1, entries=0, commitIndex=101} to 3
11:13:41.877 [raft-server-3] TRACE i.a.p.raft.roles.FollowerRole - RaftServer{3}{role=FOLLOWER} - Received AppendRequest{term=1, leader=1, prevLogIndex=101, prevLogTerm=1, entries=0, commitIndex=101}
11:13:41.877 [raft-server-1-state] TRACE i.a.p.raft.impl.RaftServiceManager - RaftServer{1} - Applying Indexed{index=101, entry=CommandEntry{term=1, timestamp=2018-05-30 11:13:41,564, session=2, sequence=94, operation=PrimitiveOperation{id=DefaultOperationId{id=write, type=COMMAND}, value=byte[]{length=17, hash=-1644578928}}}}
11:13:41.877 [raft-server-1-state] TRACE i.a.p.s.impl.DefaultServiceExecutor - PrimitiveService{2}{type=PrimitiveType{name=test}, name=test} - Executing DefaultCommit{index=101, session=RaftSession{RaftServiceContext{server=1, type=PrimitiveType{name=test}, name=test, id=2}, session=2, timestamp=2018-05-30 11:13:41,564}, time=2018-05-30 11:13:41,564, operation=DefaultOperationId{id=write, type=COMMAND}, value=byte[]{length=17, hash=-1644578928}}
11:13:41.877 [raft-server-1-state] TRACE i.a.protocols.raft.roles.LeaderRole - RaftServer{1}{role=LEADER} - Sending CommandResponse{status=OK, index=101, eventIndex=2, result=byte[]{length=3, hash=36767}}
11:13:41.913 [raft-server-2] TRACE i.a.p.raft.roles.FollowerRole - RaftServer{2}{role=FOLLOWER} - Committed entries up to index 101
11:13:41.913 [raft-server-3] TRACE i.a.p.raft.roles.FollowerRole - RaftServer{3}{role=FOLLOWER} - Committed entries up to index 101
11:13:41.913 [raft-server-2] TRACE i.a.p.raft.roles.FollowerRole - RaftServer{2}{role=FOLLOWER} - Sending AppendResponse{status=OK, term=1, succeeded=true, lastLogIndex=101}
11:13:41.913 [raft-server-3] TRACE i.a.p.raft.roles.FollowerRole - RaftServer{3}{role=FOLLOWER} - Sending AppendResponse{status=OK, term=1, succeeded=true, lastLogIndex=101}
11:13:41.913 [raft-server-2] TRACE i.a.p.raft.roles.FollowerRole - RaftServer{2}{role=FOLLOWER} - Sending CommandResponse{status=OK, index=101, eventIndex=2, result=byte[]{length=3, hash=36767}}
11:13:41.913 [raft-server-1] TRACE i.a.p.raft.roles.LeaderAppender - RaftServer{1} - Received AppendResponse{status=OK, term=1, succeeded=true, lastLogIndex=101} from 2
11:13:41.913 [raft-client-a5a0def7-e1df-4503-b1c6-00519ae66cf7-5] TRACE i.a.p.r.p.impl.RaftProxyConnection - PartitionProxy{2}{type=PrimitiveType{name=test}, name=test} - Received CommandResponse{status=OK, index=101, eventIndex=2, result=byte[]{length=3, hash=36767}} from 2
11:13:41.913 [raft-server-3-state] TRACE i.a.p.raft.impl.RaftServiceManager - RaftServer{3} - Applying Indexed{index=101, entry=CommandEntry{term=1, timestamp=2018-05-30 11:13:41,564, session=2, sequence=94, operation=PrimitiveOperation{id=DefaultOperationId{id=write, type=COMMAND}, value=byte[]{length=17, hash=-1644578928}}}}
11:13:41.913 [raft-server-2-state] TRACE i.a.p.raft.impl.RaftServiceManager - RaftServer{2} - Applying Indexed{index=101, entry=CommandEntry{term=1, timestamp=2018-05-30 11:13:41,564, session=2, sequence=94, operation=PrimitiveOperation{id=DefaultOperationId{id=write, type=COMMAND}, value=byte[]{length=17, hash=-1644578928}}}}
11:13:41.913 [raft-client-a5a0def7-e1df-4503-b1c6-00519ae66cf7-5] TRACE i.a.p.r.p.impl.RaftProxySequencer - PartitionProxy{2}{type=PrimitiveType{name=test}, name=test} - Completing response CommandResponse{status=OK, index=101, eventIndex=2, result=byte[]{length=3, hash=36767}}
11:13:41.913 [raft-server-1] TRACE i.a.p.raft.roles.LeaderAppender - RaftServer{1} - Sending AppendRequest{term=1, leader=1, prevLogIndex=101, prevLogTerm=1, entries=0, commitIndex=101} to 2
11:13:41.913 [raft-server-3-state] TRACE i.a.p.s.impl.DefaultServiceExecutor - PrimitiveService{2}{type=PrimitiveType{name=test}, name=test} - Executing DefaultCommit{index=101, session=RaftSession{RaftServiceContext{server=3, type=PrimitiveType{name=test}, name=test, id=2}, session=2, timestamp=2018-05-30 11:13:41,564}, time=2018-05-30 11:13:41,564, operation=DefaultOperationId{id=write, type=COMMAND}, value=byte[]{length=17, hash=-1644578928}}
11:13:41.913 [raft-server-2-state] TRACE i.a.p.s.impl.DefaultServiceExecutor - PrimitiveService{2}{type=PrimitiveType{name=test}, name=test} - Executing DefaultCommit{index=101, session=RaftSession{RaftServiceContext{server=2, type=PrimitiveType{name=test}, name=test, id=2}, session=2, timestamp=2018-05-30 11:13:41,564}, time=2018-05-30 11:13:41,564, operation=DefaultOperationId{id=write, type=COMMAND}, value=byte[]{length=17, hash=-1644578928}}
11:13:41.913 [raft-server-2] TRACE i.a.p.raft.roles.FollowerRole - RaftServer{2}{role=FOLLOWER} - Received AppendRequest{term=1, leader=1, prevLogIndex=101, prevLogTerm=1, entries=0, commitIndex=101}
11:13:41.913 [raft-server-1] TRACE i.a.p.raft.roles.LeaderAppender - RaftServer{1} - Received AppendResponse{status=OK, term=1, succeeded=true, lastLogIndex=101} from 3
11:13:41.914 [raft-server-2] TRACE i.a.p.raft.roles.FollowerRole - RaftServer{2}{role=FOLLOWER} - Sending AppendResponse{status=OK, term=1, succeeded=true, lastLogIndex=101}
11:13:41.914 [raft-server-1] TRACE i.a.p.raft.roles.LeaderAppender - RaftServer{1} - Received AppendResponse{status=OK, term=1, succeeded=true, lastLogIndex=101} from 2
11:13:41.914 [raft-client-a5a0def7-e1df-4503-b1c6-00519ae66cf7-4] TRACE i.a.p.r.p.impl.RaftProxyConnection - PartitionProxy{2}{type=PrimitiveType{name=test}, name=test} - Sending CommandRequest{session=2, sequence=95, operation=PrimitiveOperation{id=DefaultOperationId{id=write, type=COMMAND}, value=byte[]{length=17, hash=-1644578928}}} to 2
11:13:41.914 [raft-server-2] TRACE i.a.p.raft.roles.FollowerRole - RaftServer{2}{role=FOLLOWER} - Received CommandRequest{session=2, sequence=95, operation=PrimitiveOperation{id=DefaultOperationId{id=write, type=COMMAND}, value=byte[]{length=17, hash=-1644578928}}}
11:13:41.914 [raft-server-1] TRACE i.a.protocols.raft.roles.LeaderRole - RaftServer{1}{role=LEADER} - Received CommandRequest{session=2, sequence=95, operation=PrimitiveOperation{id=DefaultOperationId{id=write, type=COMMAND}, value=byte[]{length=17, hash=-1644578928}}}
11:13:41.914 [raft-server-1] TRACE i.a.protocols.raft.roles.LeaderRole - RaftServer{1}{role=LEADER} - Appended Indexed{index=102, entry=CommandEntry{term=1, timestamp=2018-05-30 11:13:41,914, session=2, sequence=95, operation=PrimitiveOperation{id=DefaultOperationId{id=write, type=COMMAND}, value=byte[]{length=17, hash=-1644578928}}}}
11:13:41.914 [raft-server-1] TRACE i.a.p.raft.roles.LeaderAppender - RaftServer{1} - Sending AppendRequest{term=1, leader=1, prevLogIndex=101, prevLogTerm=1, entries=1, commitIndex=101} to 2
11:13:41.914 [raft-server-2] TRACE i.a.p.raft.roles.FollowerRole - RaftServer{2}{role=FOLLOWER} - Received AppendRequest{term=1, leader=1, prevLogIndex=101, prevLogTerm=1, entries=1, commitIndex=101}
11:13:41.914 [raft-server-1] TRACE i.a.p.raft.roles.LeaderAppender - RaftServer{1} - Sending AppendRequest{term=1, leader=1, prevLogIndex=101, prevLogTerm=1, entries=1, commitIndex=101} to 3
11:13:41.914 [raft-server-2] TRACE i.a.p.raft.roles.FollowerRole - RaftServer{2}{role=FOLLOWER} - Appended Indexed{index=102, entry=CommandEntry{term=1, timestamp=2018-05-30 11:13:41,914, session=2, sequence=95, operation=PrimitiveOperation{id=DefaultOperationId{id=write, type=COMMAND}, value=byte[]{length=17, hash=-1644578928}}}}
11:13:41.914 [raft-server-3] TRACE i.a.p.raft.roles.FollowerRole - RaftServer{3}{role=FOLLOWER} - Received AppendRequest{term=1, leader=1, prevLogIndex=101, prevLogTerm=1, entries=1, commitIndex=101}
11:13:41.914 [raft-server-2] TRACE i.a.p.raft.roles.FollowerRole - RaftServer{2}{role=FOLLOWER} - Sending AppendResponse{status=OK, term=1, succeeded=true, lastLogIndex=102}
11:13:41.915 [raft-server-1] TRACE i.a.p.raft.roles.LeaderAppender - RaftServer{1} - Received AppendResponse{status=OK, term=1, succeeded=true, lastLogIndex=102} from 2
11:13:41.915 [raft-server-3] TRACE i.a.p.raft.roles.FollowerRole - RaftServer{3}{role=FOLLOWER} - Appended Indexed{index=102, entry=CommandEntry{term=1, timestamp=2018-05-30 11:13:41,914, session=2, sequence=95, operation=PrimitiveOperation{id=DefaultOperationId{id=write, type=COMMAND}, value=byte[]{length=17, hash=-1644578928}}}}
11:13:41.915 [raft-server-1] TRACE i.a.p.raft.roles.LeaderAppender - RaftServer{1} - Committed entries up to 102
11:13:41.915 [raft-server-3] TRACE i.a.p.raft.roles.FollowerRole - RaftServer{3}{role=FOLLOWER} - Sending AppendResponse{status=OK, term=1, succeeded=true, lastLogIndex=102}
11:13:41.951 [raft-server-1] TRACE i.a.p.raft.roles.LeaderAppender - RaftServer{1} - Received AppendResponse{status=OK, term=1, succeeded=true, lastLogIndex=102} from 3
11:13:41.951 [raft-server-1-state] TRACE i.a.p.raft.impl.RaftServiceManager - RaftServer{1} - Applying Indexed{index=102, entry=CommandEntry{term=1, timestamp=2018-05-30 11:13:41,914, session=2, sequence=95, operation=PrimitiveOperation{id=DefaultOperationId{id=write, type=COMMAND}, value=byte[]{length=17, hash=-1644578928}}}}
11:13:41.951 [raft-server-1-state] TRACE i.a.p.s.impl.DefaultServiceExecutor - PrimitiveService{2}{type=PrimitiveType{name=test}, name=test} - Executing DefaultCommit{index=102, session=RaftSession{RaftServiceContext{server=1, type=PrimitiveType{name=test}, name=test, id=2}, session=2, timestamp=2018-05-30 11:13:41,914}, time=2018-05-30 11:13:41,914, operation=DefaultOperationId{id=write, type=COMMAND}, value=byte[]{length=17, hash=-1644578928}}
11:13:41.952 [raft-server-1-state] TRACE i.a.protocols.raft.roles.LeaderRole - RaftServer{1}{role=LEADER} - Sending CommandResponse{status=OK, index=102, eventIndex=2, result=byte[]{length=3, hash=36829}}
11:13:41.952 [raft-server-2] TRACE i.a.p.raft.roles.FollowerRole - RaftServer{2}{role=FOLLOWER} - Sending CommandResponse{status=OK, index=102, eventIndex=2, result=byte[]{length=3, hash=36829}}
11:13:41.952 [raft-client-a5a0def7-e1df-4503-b1c6-00519ae66cf7-0] TRACE i.a.p.r.p.impl.RaftProxyConnection - PartitionProxy{2}{type=PrimitiveType{name=test}, name=test} - Received CommandResponse{status=OK, index=102, eventIndex=2, result=byte[]{length=3, hash=36829}} from 2
11:13:41.952 [raft-client-a5a0def7-e1df-4503-b1c6-00519ae66cf7-0] TRACE i.a.p.r.p.impl.RaftProxySequencer - PartitionProxy{2}{type=PrimitiveType{name=test}, name=test} - Completing response CommandResponse{status=OK, index=102, eventIndex=2, result=byte[]{length=3, hash=36829}}
11:13:41.952 [raft-client-a5a0def7-e1df-4503-b1c6-00519ae66cf7-2] TRACE i.a.p.r.p.impl.RaftProxyConnection - PartitionProxy{2}{type=PrimitiveType{name=test}, name=test} - Sending CommandRequest{session=2, sequence=96, operation=PrimitiveOperation{id=DefaultOperationId{id=write, type=COMMAND}, value=byte[]{length=17, hash=-1644578928}}} to 2
11:13:41.952 [raft-server-2] TRACE i.a.p.raft.roles.FollowerRole - RaftServer{2}{role=FOLLOWER} - Received CommandRequest{session=2, sequence=96, operation=PrimitiveOperation{id=DefaultOperationId{id=write, type=COMMAND}, value=byte[]{length=17, hash=-1644578928}}}
11:13:41.953 [raft-server-1] TRACE i.a.protocols.raft.roles.LeaderRole - RaftServer{1}{role=LEADER} - Received CommandRequest{session=2, sequence=96, operation=PrimitiveOperation{id=DefaultOperationId{id=write, type=COMMAND}, value=byte[]{length=17, hash=-1644578928}}}
11:13:41.953 [raft-server-1] TRACE i.a.protocols.raft.roles.LeaderRole - RaftServer{1}{role=LEADER} - Appended Indexed{index=103, entry=CommandEntry{term=1, timestamp=2018-05-30 11:13:41,953, session=2, sequence=96, operation=PrimitiveOperation{id=DefaultOperationId{id=write, type=COMMAND}, value=byte[]{length=17, hash=-1644578928}}}}
11:13:41.953 [raft-server-1] TRACE i.a.p.raft.roles.LeaderAppender - RaftServer{1} - Sending AppendRequest{term=1, leader=1, prevLogIndex=102, prevLogTerm=1, entries=1, commitIndex=102} to 2
11:13:41.953 [raft-server-2] TRACE i.a.p.raft.roles.FollowerRole - RaftServer{2}{role=FOLLOWER} - Received AppendRequest{term=1, leader=1, prevLogIndex=102, prevLogTerm=1, entries=1, commitIndex=102}
11:13:41.953 [raft-server-1] TRACE i.a.p.raft.roles.LeaderAppender - RaftServer{1} - Sending AppendRequest{term=1, leader=1, prevLogIndex=102, prevLogTerm=1, entries=1, commitIndex=102} to 3
11:13:41.953 [raft-server-2] TRACE i.a.p.raft.roles.FollowerRole - RaftServer{2}{role=FOLLOWER} - Appended Indexed{index=103, entry=CommandEntry{term=1, timestamp=2018-05-30 11:13:41,953, session=2, sequence=96, operation=PrimitiveOperation{id=DefaultOperationId{id=write, type=COMMAND}, value=byte[]{length=17, hash=-1644578928}}}}
11:13:41.953 [raft-server-3] TRACE i.a.p.raft.roles.FollowerRole - RaftServer{3}{role=FOLLOWER} - Received AppendRequest{term=1, leader=1, prevLogIndex=102, prevLogTerm=1, entries=1, commitIndex=102}
11:13:41.953 [raft-server-3] TRACE i.a.p.raft.roles.FollowerRole - RaftServer{3}{role=FOLLOWER} - Appended Indexed{index=103, entry=CommandEntry{term=1, timestamp=2018-05-30 11:13:41,953, session=2, sequence=96, operation=PrimitiveOperation{id=DefaultOperationId{id=write, type=COMMAND}, value=byte[]{length=17, hash=-1644578928}}}}
11:13:41.979 [raft-server-2] TRACE i.a.p.raft.roles.FollowerRole - RaftServer{2}{role=FOLLOWER} - Committed entries up to index 102
11:13:41.979 [raft-server-3] TRACE i.a.p.raft.roles.FollowerRole - RaftServer{3}{role=FOLLOWER} - Committed entries up to index 102
11:13:41.979 [raft-server-2] TRACE i.a.p.raft.roles.FollowerRole - RaftServer{2}{role=FOLLOWER} - Sending AppendResponse{status=OK, term=1, succeeded=true, lastLogIndex=103}
11:13:41.979 [raft-server-3] TRACE i.a.p.raft.roles.FollowerRole - RaftServer{3}{role=FOLLOWER} - Sending AppendResponse{status=OK, term=1, succeeded=true, lastLogIndex=103}
11:13:41.980 [raft-server-1] TRACE i.a.p.raft.roles.LeaderAppender - RaftServer{1} - Received AppendResponse{status=OK, term=1, succeeded=true, lastLogIndex=103} from 2
11:13:41.980 [raft-server-2-state] TRACE i.a.p.raft.impl.RaftServiceManager - RaftServer{2} - Applying Indexed{index=102, entry=CommandEntry{term=1, timestamp=2018-05-30 11:13:41,914, session=2, sequence=95, operation=PrimitiveOperation{id=DefaultOperationId{id=write, type=COMMAND}, value=byte[]{length=17, hash=-1644578928}}}}
11:13:41.980 [raft-server-1] TRACE i.a.p.raft.roles.LeaderAppender - RaftServer{1} - Committed entries up to 103
11:13:41.980 [raft-server-3-state] TRACE i.a.p.raft.impl.RaftServiceManager - RaftServer{3} - Applying Indexed{index=102, entry=CommandEntry{term=1, timestamp=2018-05-30 11:13:41,914, session=2, sequence=95, operation=PrimitiveOperation{id=DefaultOperationId{id=write, type=COMMAND}, value=byte[]{length=17, hash=-1644578928}}}}
11:13:41.980 [raft-server-2-state] TRACE i.a.p.s.impl.DefaultServiceExecutor - PrimitiveService{2}{type=PrimitiveType{name=test}, name=test} - Executing DefaultCommit{index=102, session=RaftSession{RaftServiceContext{server=2, type=PrimitiveType{name=test}, name=test, id=2}, session=2, timestamp=2018-05-30 11:13:41,914}, time=2018-05-30 11:13:41,914, operation=DefaultOperationId{id=write, type=COMMAND}, value=byte[]{length=17, hash=-1644578928}}
11:13:41.980 [raft-server-3-state] TRACE i.a.p.s.impl.DefaultServiceExecutor - PrimitiveService{2}{type=PrimitiveType{name=test}, name=test} - Executing DefaultCommit{index=102, session=RaftSession{RaftServiceContext{server=3, type=PrimitiveType{name=test}, name=test, id=2}, session=2, timestamp=2018-05-30 11:13:41,914}, time=2018-05-30 11:13:41,914, operation=DefaultOperationId{id=write, type=COMMAND}, value=byte[]{length=17, hash=-1644578928}}
11:13:42.013 [raft-server-1] TRACE i.a.p.raft.roles.LeaderAppender - RaftServer{1} - Received AppendResponse{status=OK, term=1, succeeded=true, lastLogIndex=103} from 3
11:13:42.013 [raft-server-1-state] TRACE i.a.p.raft.impl.RaftServiceManager - RaftServer{1} - Applying Indexed{index=103, entry=CommandEntry{term=1, timestamp=2018-05-30 11:13:41,953, session=2, sequence=96, operation=PrimitiveOperation{id=DefaultOperationId{id=write, type=COMMAND}, value=byte[]{length=17, hash=-1644578928}}}}
11:13:42.013 [raft-server-1-state] TRACE i.a.p.s.impl.DefaultServiceExecutor - PrimitiveService{2}{type=PrimitiveType{name=test}, name=test} - Executing DefaultCommit{index=103, session=RaftSession{RaftServiceContext{server=1, type=PrimitiveType{name=test}, name=test, id=2}, session=2, timestamp=2018-05-30 11:13:41,953}, time=2018-05-30 11:13:41,953, operation=DefaultOperationId{id=write, type=COMMAND}, value=byte[]{length=17, hash=-1644578928}}
11:13:42.013 [raft-server-1-state] TRACE i.a.protocols.raft.roles.LeaderRole - RaftServer{1}{role=LEADER} - Sending CommandResponse{status=OK, index=103, eventIndex=2, result=byte[]{length=3, hash=36891}}
11:13:42.014 [raft-server-2] TRACE i.a.p.raft.roles.FollowerRole - RaftServer{2}{role=FOLLOWER} - Sending CommandResponse{status=OK, index=103, eventIndex=2, result=byte[]{length=3, hash=36891}}
11:13:42.014 [raft-client-a5a0def7-e1df-4503-b1c6-00519ae66cf7-6] TRACE i.a.p.r.p.impl.RaftProxyConnection - PartitionProxy{2}{type=PrimitiveType{name=test}, name=test} - Received CommandResponse{status=OK, index=103, eventIndex=2, result=byte[]{length=3, hash=36891}} from 2
11:13:42.014 [raft-client-a5a0def7-e1df-4503-b1c6-00519ae66cf7-6] TRACE i.a.p.r.p.impl.RaftProxySequencer - PartitionProxy{2}{type=PrimitiveType{name=test}, name=test} - Completing response CommandResponse{status=OK, index=103, eventIndex=2, result=byte[]{length=3, hash=36891}}
11:13:42.014 [raft-client-a5a0def7-e1df-4503-b1c6-00519ae66cf7-6] TRACE i.a.p.r.p.impl.RaftProxyConnection - PartitionProxy{2}{type=PrimitiveType{name=test}, name=test} - Sending CommandRequest{session=2, sequence=97, operation=PrimitiveOperation{id=DefaultOperationId{id=write, type=COMMAND}, value=byte[]{length=17, hash=-1644578928}}} to 2
11:13:42.014 [raft-server-2] TRACE i.a.p.raft.roles.FollowerRole - RaftServer{2}{role=FOLLOWER} - Received CommandRequest{session=2, sequence=97, operation=PrimitiveOperation{id=DefaultOperationId{id=write, type=COMMAND}, value=byte[]{length=17, hash=-1644578928}}}
11:13:42.014 [raft-server-1] TRACE i.a.protocols.raft.roles.LeaderRole - RaftServer{1}{role=LEADER} - Received CommandRequest{session=2, sequence=97, operation=PrimitiveOperation{id=DefaultOperationId{id=write, type=COMMAND}, value=byte[]{length=17, hash=-1644578928}}}
11:13:42.014 [raft-server-1] TRACE i.a.protocols.raft.roles.LeaderRole - RaftServer{1}{role=LEADER} - Appended Indexed{index=104, entry=CommandEntry{term=1, timestamp=2018-05-30 11:13:42,014, session=2, sequence=97, operation=PrimitiveOperation{id=DefaultOperationId{id=write, type=COMMAND}, value=byte[]{length=17, hash=-1644578928}}}}
11:13:42.015 [raft-server-1] TRACE i.a.p.raft.roles.LeaderAppender - RaftServer{1} - Sending AppendRequest{term=1, leader=1, prevLogIndex=103, prevLogTerm=1, entries=1, commitIndex=103} to 2
11:13:42.015 [raft-server-2] TRACE i.a.p.raft.roles.FollowerRole - RaftServer{2}{role=FOLLOWER} - Received AppendRequest{term=1, leader=1, prevLogIndex=103, prevLogTerm=1, entries=1, commitIndex=103}
11:13:42.015 [raft-server-1] TRACE i.a.p.raft.roles.LeaderAppender - RaftServer{1} - Sending AppendRequest{term=1, leader=1, prevLogIndex=103, prevLogTerm=1, entries=1, commitIndex=103} to 3
11:13:42.015 [raft-server-3] TRACE i.a.p.raft.roles.FollowerRole - RaftServer{3}{role=FOLLOWER} - Received AppendRequest{term=1, leader=1, prevLogIndex=103, prevLogTerm=1, entries=1, commitIndex=103}
11:13:42.015 [raft-server-2] TRACE i.a.p.raft.roles.FollowerRole - RaftServer{2}{role=FOLLOWER} - Appended Indexed{index=104, entry=CommandEntry{term=1, timestamp=2018-05-30 11:13:42,014, session=2, sequence=97, operation=PrimitiveOperation{id=DefaultOperationId{id=write, type=COMMAND}, value=byte[]{length=17, hash=-1644578928}}}}
11:13:42.015 [raft-server-3] TRACE i.a.p.raft.roles.FollowerRole - RaftServer{3}{role=FOLLOWER} - Appended Indexed{index=104, entry=CommandEntry{term=1, timestamp=2018-05-30 11:13:42,014, session=2, sequence=97, operation=PrimitiveOperation{id=DefaultOperationId{id=write, type=COMMAND}, value=byte[]{length=17, hash=-1644578928}}}}
11:13:42.054 [raft-server-2] TRACE i.a.p.raft.roles.FollowerRole - RaftServer{2}{role=FOLLOWER} - Committed entries up to index 103
11:13:42.054 [raft-server-3] TRACE i.a.p.raft.roles.FollowerRole - RaftServer{3}{role=FOLLOWER} - Committed entries up to index 103
11:13:42.054 [raft-server-2] TRACE i.a.p.raft.roles.FollowerRole - RaftServer{2}{role=FOLLOWER} - Sending AppendResponse{status=OK, term=1, succeeded=true, lastLogIndex=104}
11:13:42.054 [raft-server-3] TRACE i.a.p.raft.roles.FollowerRole - RaftServer{3}{role=FOLLOWER} - Sending AppendResponse{status=OK, term=1, succeeded=true, lastLogIndex=104}
11:13:42.055 [raft-server-1] TRACE i.a.p.raft.roles.LeaderAppender - RaftServer{1} - Received AppendResponse{status=OK, term=1, succeeded=true, lastLogIndex=104} from 2
11:13:42.055 [raft-server-1] TRACE i.a.p.raft.roles.LeaderAppender - RaftServer{1} - Committed entries up to 104
11:13:42.055 [raft-server-2-state] TRACE i.a.p.raft.impl.RaftServiceManager - RaftServer{2} - Applying Indexed{index=103, entry=CommandEntry{term=1, timestamp=2018-05-30 11:13:41,953, session=2, sequence=96, operation=PrimitiveOperation{id=DefaultOperationId{id=write, type=COMMAND}, value=byte[]{length=17, hash=-1644578928}}}}
11:13:42.055 [raft-server-3-state] TRACE i.a.p.raft.impl.RaftServiceManager - RaftServer{3} - Applying Indexed{index=103, entry=CommandEntry{term=1, timestamp=2018-05-30 11:13:41,953, session=2, sequence=96, operation=PrimitiveOperation{id=DefaultOperationId{id=write, type=COMMAND}, value=byte[]{length=17, hash=-1644578928}}}}
11:13:42.055 [raft-server-2-state] TRACE i.a.p.s.impl.DefaultServiceExecutor - PrimitiveService{2}{type=PrimitiveType{name=test}, name=test} - Executing DefaultCommit{index=103, session=RaftSession{RaftServiceContext{server=2, type=PrimitiveType{name=test}, name=test, id=2}, session=2, timestamp=2018-05-30 11:13:41,953}, time=2018-05-30 11:13:41,953, operation=DefaultOperationId{id=write, type=COMMAND}, value=byte[]{length=17, hash=-1644578928}}
11:13:42.055 [raft-server-3-state] TRACE i.a.p.s.impl.DefaultServiceExecutor - PrimitiveService{2}{type=PrimitiveType{name=test}, name=test} - Executing DefaultCommit{index=103, session=RaftSession{RaftServiceContext{server=3, type=PrimitiveType{name=test}, name=test, id=2}, session=2, timestamp=2018-05-30 11:13:41,953}, time=2018-05-30 11:13:41,953, operation=DefaultOperationId{id=write, type=COMMAND}, value=byte[]{length=17, hash=-1644578928}}
11:13:42.088 [raft-server-1] TRACE i.a.p.raft.roles.LeaderAppender - RaftServer{1} - Sending AppendRequest{term=1, leader=1, prevLogIndex=104, prevLogTerm=1, entries=0, commitIndex=104} to 2
11:13:42.088 [raft-server-1] TRACE i.a.p.raft.roles.LeaderAppender - RaftServer{1} - Received AppendResponse{status=OK, term=1, succeeded=true, lastLogIndex=104} from 3
11:13:42.088 [raft-server-2] TRACE i.a.p.raft.roles.FollowerRole - RaftServer{2}{role=FOLLOWER} - Received AppendRequest{term=1, leader=1, prevLogIndex=104, prevLogTerm=1, entries=0, commitIndex=104}
11:13:42.088 [raft-server-1] TRACE i.a.p.raft.roles.LeaderAppender - RaftServer{1} - Sending AppendRequest{term=1, leader=1, prevLogIndex=104, prevLogTerm=1, entries=0, commitIndex=104} to 3
11:13:42.088 [raft-server-3] TRACE i.a.p.raft.roles.FollowerRole - RaftServer{3}{role=FOLLOWER} - Received AppendRequest{term=1, leader=1, prevLogIndex=104, prevLogTerm=1, entries=0, commitIndex=104}
11:13:42.088 [raft-server-1-state] TRACE i.a.p.raft.impl.RaftServiceManager - RaftServer{1} - Applying Indexed{index=104, entry=CommandEntry{term=1, timestamp=2018-05-30 11:13:42,014, session=2, sequence=97, operation=PrimitiveOperation{id=DefaultOperationId{id=write, type=COMMAND}, value=byte[]{length=17, hash=-1644578928}}}}
11:13:42.088 [raft-server-1-state] TRACE i.a.p.s.impl.DefaultServiceExecutor - PrimitiveService{2}{type=PrimitiveType{name=test}, name=test} - Executing DefaultCommit{index=104, session=RaftSession{RaftServiceContext{server=1, type=PrimitiveType{name=test}, name=test, id=2}, session=2, timestamp=2018-05-30 11:13:42,014}, time=2018-05-30 11:13:42,014, operation=DefaultOperationId{id=write, type=COMMAND}, value=byte[]{length=17, hash=-1644578928}}
11:13:42.089 [raft-server-1-state] TRACE i.a.protocols.raft.roles.LeaderRole - RaftServer{1}{role=LEADER} - Sending CommandResponse{status=OK, index=104, eventIndex=2, result=byte[]{length=3, hash=36953}}
11:13:42.113 [raft-server-3] TRACE i.a.p.raft.roles.FollowerRole - RaftServer{3}{role=FOLLOWER} - Committed entries up to index 104
11:13:42.113 [raft-server-2] TRACE i.a.p.raft.roles.FollowerRole - RaftServer{2}{role=FOLLOWER} - Committed entries up to index 104
11:13:42.113 [raft-server-3] TRACE i.a.p.raft.roles.FollowerRole - RaftServer{3}{role=FOLLOWER} - Sending AppendResponse{status=OK, term=1, succeeded=true, lastLogIndex=104}
11:13:42.113 [raft-server-2] TRACE i.a.p.raft.roles.FollowerRole - RaftServer{2}{role=FOLLOWER} - Sending AppendResponse{status=OK, term=1, succeeded=true, lastLogIndex=104}
11:13:42.113 [raft-server-1] TRACE i.a.p.raft.roles.LeaderAppender - RaftServer{1} - Received AppendResponse{status=OK, term=1, succeeded=true, lastLogIndex=104} from 3
11:13:42.113 [raft-server-2] TRACE i.a.p.raft.roles.FollowerRole - RaftServer{2}{role=FOLLOWER} - Sending CommandResponse{status=OK, index=104, eventIndex=2, result=byte[]{length=3, hash=36953}}
11:13:42.113 [raft-server-1] TRACE i.a.p.raft.roles.LeaderAppender - RaftServer{1} - Received AppendResponse{status=OK, term=1, succeeded=true, lastLogIndex=104} from 2
11:13:42.113 [raft-server-3-state] TRACE i.a.p.raft.impl.RaftServiceManager - RaftServer{3} - Applying Indexed{index=104, entry=CommandEntry{term=1, timestamp=2018-05-30 11:13:42,014, session=2, sequence=97, operation=PrimitiveOperation{id=DefaultOperationId{id=write, type=COMMAND}, value=byte[]{length=17, hash=-1644578928}}}}
11:13:42.113 [raft-server-3-state] TRACE i.a.p.s.impl.DefaultServiceExecutor - PrimitiveService{2}{type=PrimitiveType{name=test}, name=test} - Executing DefaultCommit{index=104, session=RaftSession{RaftServiceContext{server=3, type=PrimitiveType{name=test}, name=test, id=2}, session=2, timestamp=2018-05-30 11:13:42,014}, time=2018-05-30 11:13:42,014, operation=DefaultOperationId{id=write, type=COMMAND}, value=byte[]{length=17, hash=-1644578928}}
11:13:42.113 [raft-client-a5a0def7-e1df-4503-b1c6-00519ae66cf7-5] TRACE i.a.p.r.p.impl.RaftProxyConnection - PartitionProxy{2}{type=PrimitiveType{name=test}, name=test} - Received CommandResponse{status=OK, index=104, eventIndex=2, result=byte[]{length=3, hash=36953}} from 2
11:13:42.113 [raft-server-2-state] TRACE i.a.p.raft.impl.RaftServiceManager - RaftServer{2} - Applying Indexed{index=104, entry=CommandEntry{term=1, timestamp=2018-05-30 11:13:42,014, session=2, sequence=97, operation=PrimitiveOperation{id=DefaultOperationId{id=write, type=COMMAND}, value=byte[]{length=17, hash=-1644578928}}}}
11:13:42.113 [raft-client-a5a0def7-e1df-4503-b1c6-00519ae66cf7-5] TRACE i.a.p.r.p.impl.RaftProxySequencer - PartitionProxy{2}{type=PrimitiveType{name=test}, name=test} - Completing response CommandResponse{status=OK, index=104, eventIndex=2, result=byte[]{length=3, hash=36953}}
11:13:42.113 [raft-server-2-state] TRACE i.a.p.s.impl.DefaultServiceExecutor - PrimitiveService{2}{type=PrimitiveType{name=test}, name=test} - Executing DefaultCommit{index=104, session=RaftSession{RaftServiceContext{server=2, type=PrimitiveType{name=test}, name=test, id=2}, session=2, timestamp=2018-05-30 11:13:42,014}, time=2018-05-30 11:13:42,014, operation=DefaultOperationId{id=write, type=COMMAND}, value=byte[]{length=17, hash=-1644578928}}
11:13:42.114 [raft-client-a5a0def7-e1df-4503-b1c6-00519ae66cf7-5] TRACE i.a.p.r.p.impl.RaftProxyConnection - PartitionProxy{2}{type=PrimitiveType{name=test}, name=test} - Sending CommandRequest{session=2, sequence=98, operation=PrimitiveOperation{id=DefaultOperationId{id=write, type=COMMAND}, value=byte[]{length=17, hash=-1644578928}}} to 2
11:13:42.114 [raft-server-2] TRACE i.a.p.raft.roles.FollowerRole - RaftServer{2}{role=FOLLOWER} - Received CommandRequest{session=2, sequence=98, operation=PrimitiveOperation{id=DefaultOperationId{id=write, type=COMMAND}, value=byte[]{length=17, hash=-1644578928}}}
11:13:42.114 [raft-server-1] TRACE i.a.protocols.raft.roles.LeaderRole - RaftServer{1}{role=LEADER} - Received CommandRequest{session=2, sequence=98, operation=PrimitiveOperation{id=DefaultOperationId{id=write, type=COMMAND}, value=byte[]{length=17, hash=-1644578928}}}
11:13:42.114 [raft-server-1] TRACE i.a.protocols.raft.roles.LeaderRole - RaftServer{1}{role=LEADER} - Appended Indexed{index=105, entry=CommandEntry{term=1, timestamp=2018-05-30 11:13:42,114, session=2, sequence=98, operation=PrimitiveOperation{id=DefaultOperationId{id=write, type=COMMAND}, value=byte[]{length=17, hash=-1644578928}}}}
11:13:42.114 [raft-server-1] TRACE i.a.p.raft.roles.LeaderAppender - RaftServer{1} - Sending AppendRequest{term=1, leader=1, prevLogIndex=104, prevLogTerm=1, entries=1, commitIndex=104} to 2
11:13:42.114 [raft-server-2] TRACE i.a.p.raft.roles.FollowerRole - RaftServer{2}{role=FOLLOWER} - Received AppendRequest{term=1, leader=1, prevLogIndex=104, prevLogTerm=1, entries=1, commitIndex=104}
11:13:42.114 [raft-server-1] TRACE i.a.p.raft.roles.LeaderAppender - RaftServer{1} - Sending AppendRequest{term=1, leader=1, prevLogIndex=104, prevLogTerm=1, entries=1, commitIndex=104} to 3
11:13:42.114 [raft-server-3] TRACE i.a.p.raft.roles.FollowerRole - RaftServer{3}{role=FOLLOWER} - Received AppendRequest{term=1, leader=1, prevLogIndex=104, prevLogTerm=1, entries=1, commitIndex=104}
11:13:42.115 [raft-server-3] TRACE i.a.p.raft.roles.FollowerRole - RaftServer{3}{role=FOLLOWER} - Appended Indexed{index=105, entry=CommandEntry{term=1, timestamp=2018-05-30 11:13:42,114, session=2, sequence=98, operation=PrimitiveOperation{id=DefaultOperationId{id=write, type=COMMAND}, value=byte[]{length=17, hash=-1644578928}}}}
11:13:42.115 [raft-server-3] TRACE i.a.p.raft.roles.FollowerRole - RaftServer{3}{role=FOLLOWER} - Sending AppendResponse{status=OK, term=1, succeeded=true, lastLogIndex=105}
11:13:42.115 [raft-server-1] TRACE i.a.p.raft.roles.LeaderAppender - RaftServer{1} - Received AppendResponse{status=OK, term=1, succeeded=true, lastLogIndex=105} from 3
11:13:42.115 [raft-server-1] TRACE i.a.p.raft.roles.LeaderAppender - RaftServer{1} - Committed entries up to 105
11:13:42.115 [raft-server-2] TRACE i.a.p.raft.roles.FollowerRole - RaftServer{2}{role=FOLLOWER} - Appended Indexed{index=105, entry=CommandEntry{term=1, timestamp=2018-05-30 11:13:42,114, session=2, sequence=98, operation=PrimitiveOperation{id=DefaultOperationId{id=write, type=COMMAND}, value=byte[]{length=17, hash=-1644578928}}}}
11:13:42.115 [raft-server-2] TRACE i.a.p.raft.roles.FollowerRole - RaftServer{2}{role=FOLLOWER} - Sending AppendResponse{status=OK, term=1, succeeded=true, lastLogIndex=105}
11:13:42.146 [raft-server-1] TRACE i.a.p.raft.roles.LeaderAppender - RaftServer{1} - Received AppendResponse{status=OK, term=1, succeeded=true, lastLogIndex=105} from 2
11:13:42.146 [raft-server-1-state] TRACE i.a.p.raft.impl.RaftServiceManager - RaftServer{1} - Applying Indexed{index=105, entry=CommandEntry{term=1, timestamp=2018-05-30 11:13:42,114, session=2, sequence=98, operation=PrimitiveOperation{id=DefaultOperationId{id=write, type=COMMAND}, value=byte[]{length=17, hash=-1644578928}}}}
11:13:42.146 [raft-server-1-state] TRACE i.a.p.s.impl.DefaultServiceExecutor - PrimitiveService{2}{type=PrimitiveType{name=test}, name=test} - Executing DefaultCommit{index=105, session=RaftSession{RaftServiceContext{server=1, type=PrimitiveType{name=test}, name=test, id=2}, session=2, timestamp=2018-05-30 11:13:42,114}, time=2018-05-30 11:13:42,114, operation=DefaultOperationId{id=write, type=COMMAND}, value=byte[]{length=17, hash=-1644578928}}
11:13:42.147 [raft-server-1-state] TRACE i.a.protocols.raft.roles.LeaderRole - RaftServer{1}{role=LEADER} - Sending CommandResponse{status=OK, index=105, eventIndex=2, result=byte[]{length=3, hash=37015}}
11:13:42.147 [raft-server-2] TRACE i.a.p.raft.roles.FollowerRole - RaftServer{2}{role=FOLLOWER} - Sending CommandResponse{status=OK, index=105, eventIndex=2, result=byte[]{length=3, hash=37015}}
11:13:42.147 [raft-client-a5a0def7-e1df-4503-b1c6-00519ae66cf7-0] TRACE i.a.p.r.p.impl.RaftProxyConnection - PartitionProxy{2}{type=PrimitiveType{name=test}, name=test} - Received CommandResponse{status=OK, index=105, eventIndex=2, result=byte[]{length=3, hash=37015}} from 2
11:13:42.147 [raft-client-a5a0def7-e1df-4503-b1c6-00519ae66cf7-0] TRACE i.a.p.r.p.impl.RaftProxySequencer - PartitionProxy{2}{type=PrimitiveType{name=test}, name=test} - Completing response CommandResponse{status=OK, index=105, eventIndex=2, result=byte[]{length=3, hash=37015}}
11:13:42.147 [raft-client-a5a0def7-e1df-4503-b1c6-00519ae66cf7-7] TRACE i.a.p.r.p.impl.RaftProxyConnection - PartitionProxy{2}{type=PrimitiveType{name=test}, name=test} - Sending CommandRequest{session=2, sequence=99, operation=PrimitiveOperation{id=DefaultOperationId{id=write, type=COMMAND}, value=byte[]{length=17, hash=-1644578928}}} to 2
11:13:42.148 [raft-server-2] TRACE i.a.p.raft.roles.FollowerRole - RaftServer{2}{role=FOLLOWER} - Received CommandRequest{session=2, sequence=99, operation=PrimitiveOperation{id=DefaultOperationId{id=write, type=COMMAND}, value=byte[]{length=17, hash=-1644578928}}}
11:13:42.148 [raft-server-1] TRACE i.a.protocols.raft.roles.LeaderRole - RaftServer{1}{role=LEADER} - Received CommandRequest{session=2, sequence=99, operation=PrimitiveOperation{id=DefaultOperationId{id=write, type=COMMAND}, value=byte[]{length=17, hash=-1644578928}}}
11:13:42.148 [raft-server-1] TRACE i.a.protocols.raft.roles.LeaderRole - RaftServer{1}{role=LEADER} - Appended Indexed{index=106, entry=CommandEntry{term=1, timestamp=2018-05-30 11:13:42,148, session=2, sequence=99, operation=PrimitiveOperation{id=DefaultOperationId{id=write, type=COMMAND}, value=byte[]{length=17, hash=-1644578928}}}}
11:13:42.148 [raft-server-1] TRACE i.a.p.raft.roles.LeaderAppender - RaftServer{1} - Sending AppendRequest{term=1, leader=1, prevLogIndex=105, prevLogTerm=1, entries=1, commitIndex=105} to 2
11:13:42.148 [raft-server-2] TRACE i.a.p.raft.roles.FollowerRole - RaftServer{2}{role=FOLLOWER} - Received AppendRequest{term=1, leader=1, prevLogIndex=105, prevLogTerm=1, entries=1, commitIndex=105}
11:13:42.148 [raft-server-1] TRACE i.a.p.raft.roles.LeaderAppender - RaftServer{1} - Sending AppendRequest{term=1, leader=1, prevLogIndex=105, prevLogTerm=1, entries=1, commitIndex=105} to 3
11:13:42.148 [raft-server-3] TRACE i.a.p.raft.roles.FollowerRole - RaftServer{3}{role=FOLLOWER} - Received AppendRequest{term=1, leader=1, prevLogIndex=105, prevLogTerm=1, entries=1, commitIndex=105}
11:13:42.148 [raft-server-2] TRACE i.a.p.raft.roles.FollowerRole - RaftServer{2}{role=FOLLOWER} - Appended Indexed{index=106, entry=CommandEntry{term=1, timestamp=2018-05-30 11:13:42,148, session=2, sequence=99, operation=PrimitiveOperation{id=DefaultOperationId{id=write, type=COMMAND}, value=byte[]{length=17, hash=-1644578928}}}}
11:13:42.148 [raft-server-3] TRACE i.a.p.raft.roles.FollowerRole - RaftServer{3}{role=FOLLOWER} - Appended Indexed{index=106, entry=CommandEntry{term=1, timestamp=2018-05-30 11:13:42,148, session=2, sequence=99, operation=PrimitiveOperation{id=DefaultOperationId{id=write, type=COMMAND}, value=byte[]{length=17, hash=-1644578928}}}}
11:13:42.179 [raft-server-2] TRACE i.a.p.raft.roles.FollowerRole - RaftServer{2}{role=FOLLOWER} - Committed entries up to index 105
11:13:42.179 [raft-server-3] TRACE i.a.p.raft.roles.FollowerRole - RaftServer{3}{role=FOLLOWER} - Committed entries up to index 105
11:13:42.179 [raft-server-2] TRACE i.a.p.raft.roles.FollowerRole - RaftServer{2}{role=FOLLOWER} - Sending AppendResponse{status=OK, term=1, succeeded=true, lastLogIndex=106}
11:13:42.179 [raft-server-3] TRACE i.a.p.raft.roles.FollowerRole - RaftServer{3}{role=FOLLOWER} - Sending AppendResponse{status=OK, term=1, succeeded=true, lastLogIndex=106}
11:13:42.179 [raft-server-1] TRACE i.a.p.raft.roles.LeaderAppender - RaftServer{1} - Received AppendResponse{status=OK, term=1, succeeded=true, lastLogIndex=106} from 2
11:13:42.180 [raft-server-1] TRACE i.a.p.raft.roles.LeaderAppender - RaftServer{1} - Committed entries up to 106
11:13:42.180 [raft-server-2-state] TRACE i.a.p.raft.impl.RaftServiceManager - RaftServer{2} - Applying Indexed{index=105, entry=CommandEntry{term=1, timestamp=2018-05-30 11:13:42,114, session=2, sequence=98, operation=PrimitiveOperation{id=DefaultOperationId{id=write, type=COMMAND}, value=byte[]{length=17, hash=-1644578928}}}}
11:13:42.180 [raft-server-3-state] TRACE i.a.p.raft.impl.RaftServiceManager - RaftServer{3} - Applying Indexed{index=105, entry=CommandEntry{term=1, timestamp=2018-05-30 11:13:42,114, session=2, sequence=98, operation=PrimitiveOperation{id=DefaultOperationId{id=write, type=COMMAND}, value=byte[]{length=17, hash=-1644578928}}}}
11:13:42.180 [raft-server-2-state] TRACE i.a.p.s.impl.DefaultServiceExecutor - PrimitiveService{2}{type=PrimitiveType{name=test}, name=test} - Executing DefaultCommit{index=105, session=RaftSession{RaftServiceContext{server=2, type=PrimitiveType{name=test}, name=test, id=2}, session=2, timestamp=2018-05-30 11:13:42,114}, time=2018-05-30 11:13:42,114, operation=DefaultOperationId{id=write, type=COMMAND}, value=byte[]{length=17, hash=-1644578928}}
11:13:42.180 [raft-server-3-state] TRACE i.a.p.s.impl.DefaultServiceExecutor - PrimitiveService{2}{type=PrimitiveType{name=test}, name=test} - Executing DefaultCommit{index=105, session=RaftSession{RaftServiceContext{server=3, type=PrimitiveType{name=test}, name=test, id=2}, session=2, timestamp=2018-05-30 11:13:42,114}, time=2018-05-30 11:13:42,114, operation=DefaultOperationId{id=write, type=COMMAND}, value=byte[]{length=17, hash=-1644578928}}
11:13:42.238 [raft-server-1] TRACE i.a.p.raft.roles.LeaderAppender - RaftServer{1} - Received AppendResponse{status=OK, term=1, succeeded=true, lastLogIndex=106} from 3
11:13:42.238 [raft-server-1-state] TRACE i.a.p.raft.impl.RaftServiceManager - RaftServer{1} - Applying Indexed{index=106, entry=CommandEntry{term=1, timestamp=2018-05-30 11:13:42,148, session=2, sequence=99, operation=PrimitiveOperation{id=DefaultOperationId{id=write, type=COMMAND}, value=byte[]{length=17, hash=-1644578928}}}}
11:13:42.238 [raft-server-1-state] TRACE i.a.p.s.impl.DefaultServiceExecutor - PrimitiveService{2}{type=PrimitiveType{name=test}, name=test} - Executing DefaultCommit{index=106, session=RaftSession{RaftServiceContext{server=1, type=PrimitiveType{name=test}, name=test, id=2}, session=2, timestamp=2018-05-30 11:13:42,148}, time=2018-05-30 11:13:42,148, operation=DefaultOperationId{id=write, type=COMMAND}, value=byte[]{length=17, hash=-1644578928}}
11:13:42.238 [raft-server-1-state] TRACE i.a.protocols.raft.roles.LeaderRole - RaftServer{1}{role=LEADER} - Sending CommandResponse{status=OK, index=106, eventIndex=2, result=byte[]{length=3, hash=37077}}
11:13:42.238 [raft-server-2] TRACE i.a.p.raft.roles.FollowerRole - RaftServer{2}{role=FOLLOWER} - Sending CommandResponse{status=OK, index=106, eventIndex=2, result=byte[]{length=3, hash=37077}}
11:13:42.239 [raft-client-a5a0def7-e1df-4503-b1c6-00519ae66cf7-3] TRACE i.a.p.r.p.impl.RaftProxyConnection - PartitionProxy{2}{type=PrimitiveType{name=test}, name=test} - Received CommandResponse{status=OK, index=106, eventIndex=2, result=byte[]{length=3, hash=37077}} from 2
11:13:42.239 [raft-client-a5a0def7-e1df-4503-b1c6-00519ae66cf7-3] TRACE i.a.p.r.p.impl.RaftProxySequencer - PartitionProxy{2}{type=PrimitiveType{name=test}, name=test} - Completing response CommandResponse{status=OK, index=106, eventIndex=2, result=byte[]{length=3, hash=37077}}
11:13:42.239 [raft-client-a5a0def7-e1df-4503-b1c6-00519ae66cf7-4] TRACE i.a.p.r.p.impl.RaftProxyConnection - PartitionProxy{2}{type=PrimitiveType{name=test}, name=test} - Sending CommandRequest{session=2, sequence=100, operation=PrimitiveOperation{id=DefaultOperationId{id=write, type=COMMAND}, value=byte[]{length=17, hash=-1644578928}}} to 2
11:13:42.239 [raft-server-2] TRACE i.a.p.raft.roles.FollowerRole - RaftServer{2}{role=FOLLOWER} - Received CommandRequest{session=2, sequence=100, operation=PrimitiveOperation{id=DefaultOperationId{id=write, type=COMMAND}, value=byte[]{length=17, hash=-1644578928}}}
11:13:42.239 [raft-server-1] TRACE i.a.protocols.raft.roles.LeaderRole - RaftServer{1}{role=LEADER} - Received CommandRequest{session=2, sequence=100, operation=PrimitiveOperation{id=DefaultOperationId{id=write, type=COMMAND}, value=byte[]{length=17, hash=-1644578928}}}
11:13:42.239 [raft-server-1] TRACE i.a.protocols.raft.roles.LeaderRole - RaftServer{1}{role=LEADER} - Appended Indexed{index=107, entry=CommandEntry{term=1, timestamp=2018-05-30 11:13:42,239, session=2, sequence=100, operation=PrimitiveOperation{id=DefaultOperationId{id=write, type=COMMAND}, value=byte[]{length=17, hash=-1644578928}}}}
11:13:42.240 [raft-server-1] TRACE i.a.p.raft.roles.LeaderAppender - RaftServer{1} - Sending AppendRequest{term=1, leader=1, prevLogIndex=106, prevLogTerm=1, entries=1, commitIndex=106} to 2
11:13:42.240 [raft-server-2] TRACE i.a.p.raft.roles.FollowerRole - RaftServer{2}{role=FOLLOWER} - Received AppendRequest{term=1, leader=1, prevLogIndex=106, prevLogTerm=1, entries=1, commitIndex=106}
11:13:42.240 [raft-server-1] TRACE i.a.p.raft.roles.LeaderAppender - RaftServer{1} - Sending AppendRequest{term=1, leader=1, prevLogIndex=106, prevLogTerm=1, entries=1, commitIndex=106} to 3
11:13:42.240 [raft-server-3] TRACE i.a.p.raft.roles.FollowerRole - RaftServer{3}{role=FOLLOWER} - Received AppendRequest{term=1, leader=1, prevLogIndex=106, prevLogTerm=1, entries=1, commitIndex=106}
11:13:42.240 [raft-server-2] TRACE i.a.p.raft.roles.FollowerRole - RaftServer{2}{role=FOLLOWER} - Appended Indexed{index=107, entry=CommandEntry{term=1, timestamp=2018-05-30 11:13:42,239, session=2, sequence=100, operation=PrimitiveOperation{id=DefaultOperationId{id=write, type=COMMAND}, value=byte[]{length=17, hash=-1644578928}}}}
11:13:42.240 [raft-server-3] TRACE i.a.p.raft.roles.FollowerRole - RaftServer{3}{role=FOLLOWER} - Appended Indexed{index=107, entry=CommandEntry{term=1, timestamp=2018-05-30 11:13:42,239, session=2, sequence=100, operation=PrimitiveOperation{id=DefaultOperationId{id=write, type=COMMAND}, value=byte[]{length=17, hash=-1644578928}}}}
11:13:42.273 [raft-server-2] TRACE i.a.p.raft.roles.FollowerRole - RaftServer{2}{role=FOLLOWER} - Committed entries up to index 106
11:13:42.273 [raft-server-3] TRACE i.a.p.raft.roles.FollowerRole - RaftServer{3}{role=FOLLOWER} - Committed entries up to index 106
11:13:42.273 [raft-server-2] TRACE i.a.p.raft.roles.FollowerRole - RaftServer{2}{role=FOLLOWER} - Sending AppendResponse{status=OK, term=1, succeeded=true, lastLogIndex=107}
11:13:42.273 [raft-server-3] TRACE i.a.p.raft.roles.FollowerRole - RaftServer{3}{role=FOLLOWER} - Sending AppendResponse{status=OK, term=1, succeeded=true, lastLogIndex=107}
11:13:42.273 [raft-server-1] TRACE i.a.p.raft.roles.LeaderAppender - RaftServer{1} - Received AppendResponse{status=OK, term=1, succeeded=true, lastLogIndex=107} from 2
11:13:42.273 [raft-server-1] TRACE i.a.p.raft.roles.LeaderAppender - RaftServer{1} - Committed entries up to 107
11:13:42.273 [raft-server-2-state] TRACE i.a.p.raft.impl.RaftServiceManager - RaftServer{2} - Applying Indexed{index=106, entry=CommandEntry{term=1, timestamp=2018-05-30 11:13:42,148, session=2, sequence=99, operation=PrimitiveOperation{id=DefaultOperationId{id=write, type=COMMAND}, value=byte[]{length=17, hash=-1644578928}}}}
11:13:42.273 [raft-server-3-state] TRACE i.a.p.raft.impl.RaftServiceManager - RaftServer{3} - Applying Indexed{index=106, entry=CommandEntry{term=1, timestamp=2018-05-30 11:13:42,148, session=2, sequence=99, operation=PrimitiveOperation{id=DefaultOperationId{id=write, type=COMMAND}, value=byte[]{length=17, hash=-1644578928}}}}
11:13:42.273 [raft-server-2-state] TRACE i.a.p.s.impl.DefaultServiceExecutor - PrimitiveService{2}{type=PrimitiveType{name=test}, name=test} - Executing DefaultCommit{index=106, session=RaftSession{RaftServiceContext{server=2, type=PrimitiveType{name=test}, name=test, id=2}, session=2, timestamp=2018-05-30 11:13:42,148}, time=2018-05-30 11:13:42,148, operation=DefaultOperationId{id=write, type=COMMAND}, value=byte[]{length=17, hash=-1644578928}}
11:13:42.273 [raft-server-3-state] TRACE i.a.p.s.impl.DefaultServiceExecutor - PrimitiveService{2}{type=PrimitiveType{name=test}, name=test} - Executing DefaultCommit{index=106, session=RaftSession{RaftServiceContext{server=3, type=PrimitiveType{name=test}, name=test, id=2}, session=2, timestamp=2018-05-30 11:13:42,148}, time=2018-05-30 11:13:42,148, operation=DefaultOperationId{id=write, type=COMMAND}, value=byte[]{length=17, hash=-1644578928}}
11:13:42.304 [raft-server-1] TRACE i.a.p.raft.roles.LeaderAppender - RaftServer{1} - Received AppendResponse{status=OK, term=1, succeeded=true, lastLogIndex=107} from 3
11:13:42.305 [raft-server-1] TRACE i.a.p.raft.roles.LeaderAppender - RaftServer{1} - Sending AppendRequest{term=1, leader=1, prevLogIndex=107, prevLogTerm=1, entries=0, commitIndex=107} to 2
11:13:42.305 [raft-server-2] TRACE i.a.p.raft.roles.FollowerRole - RaftServer{2}{role=FOLLOWER} - Received AppendRequest{term=1, leader=1, prevLogIndex=107, prevLogTerm=1, entries=0, commitIndex=107}
11:13:42.305 [raft-server-1] TRACE i.a.p.raft.roles.LeaderAppender - RaftServer{1} - Sending AppendRequest{term=1, leader=1, prevLogIndex=107, prevLogTerm=1, entries=0, commitIndex=107} to 3
11:13:42.305 [raft-server-3] TRACE i.a.p.raft.roles.FollowerRole - RaftServer{3}{role=FOLLOWER} - Received AppendRequest{term=1, leader=1, prevLogIndex=107, prevLogTerm=1, entries=0, commitIndex=107}
11:13:42.305 [raft-server-1-state] TRACE i.a.p.raft.impl.RaftServiceManager - RaftServer{1} - Applying Indexed{index=107, entry=CommandEntry{term=1, timestamp=2018-05-30 11:13:42,239, session=2, sequence=100, operation=PrimitiveOperation{id=DefaultOperationId{id=write, type=COMMAND}, value=byte[]{length=17, hash=-1644578928}}}}
11:13:42.305 [raft-server-1-state] TRACE i.a.p.s.impl.DefaultServiceExecutor - PrimitiveService{2}{type=PrimitiveType{name=test}, name=test} - Executing DefaultCommit{index=107, session=RaftSession{RaftServiceContext{server=1, type=PrimitiveType{name=test}, name=test, id=2}, session=2, timestamp=2018-05-30 11:13:42,239}, time=2018-05-30 11:13:42,239, operation=DefaultOperationId{id=write, type=COMMAND}, value=byte[]{length=17, hash=-1644578928}}
11:13:42.306 [raft-server-1-state] TRACE i.a.protocols.raft.roles.LeaderRole - RaftServer{1}{role=LEADER} - Sending CommandResponse{status=OK, index=107, eventIndex=2, result=byte[]{length=3, hash=37139}}
11:13:42.326 [raft-server-2] TRACE i.a.p.raft.roles.FollowerRole - RaftServer{2}{role=FOLLOWER} - Committed entries up to index 107
11:13:42.326 [raft-server-2] TRACE i.a.p.raft.roles.FollowerRole - RaftServer{2}{role=FOLLOWER} - Sending AppendResponse{status=OK, term=1, succeeded=true, lastLogIndex=107}
11:13:42.326 [raft-server-1] TRACE i.a.p.raft.roles.LeaderAppender - RaftServer{1} - Received AppendResponse{status=OK, term=1, succeeded=true, lastLogIndex=107} from 2
11:13:42.326 [raft-server-2] TRACE i.a.p.raft.roles.FollowerRole - RaftServer{2}{role=FOLLOWER} - Sending CommandResponse{status=OK, index=107, eventIndex=2, result=byte[]{length=3, hash=37139}}
11:13:42.326 [raft-server-1] TRACE i.a.p.raft.roles.LeaderAppender - RaftServer{1} - Sending AppendRequest{term=1, leader=1, prevLogIndex=107, prevLogTerm=1, entries=0, commitIndex=107} to 2
11:13:42.326 [raft-client-a5a0def7-e1df-4503-b1c6-00519ae66cf7-1] TRACE i.a.p.r.p.impl.RaftProxyConnection - PartitionProxy{2}{type=PrimitiveType{name=test}, name=test} - Received CommandResponse{status=OK, index=107, eventIndex=2, result=byte[]{length=3, hash=37139}} from 2
11:13:42.327 [raft-server-2] TRACE i.a.p.raft.roles.FollowerRole - RaftServer{2}{role=FOLLOWER} - Received AppendRequest{term=1, leader=1, prevLogIndex=107, prevLogTerm=1, entries=0, commitIndex=107}
11:13:42.327 [raft-client-a5a0def7-e1df-4503-b1c6-00519ae66cf7-1] TRACE i.a.p.r.p.impl.RaftProxySequencer - PartitionProxy{2}{type=PrimitiveType{name=test}, name=test} - Completing response CommandResponse{status=OK, index=107, eventIndex=2, result=byte[]{length=3, hash=37139}}
11:13:42.327 [raft-server-2-state] TRACE i.a.p.raft.impl.RaftServiceManager - RaftServer{2} - Applying Indexed{index=107, entry=CommandEntry{term=1, timestamp=2018-05-30 11:13:42,239, session=2, sequence=100, operation=PrimitiveOperation{id=DefaultOperationId{id=write, type=COMMAND}, value=byte[]{length=17, hash=-1644578928}}}}
11:13:42.327 [raft-server-2] TRACE i.a.p.raft.roles.FollowerRole - RaftServer{2}{role=FOLLOWER} - Sending AppendResponse{status=OK, term=1, succeeded=true, lastLogIndex=107}
11:13:42.327 [raft-server-2-state] TRACE i.a.p.s.impl.DefaultServiceExecutor - PrimitiveService{2}{type=PrimitiveType{name=test}, name=test} - Executing DefaultCommit{index=107, session=RaftSession{RaftServiceContext{server=2, type=PrimitiveType{name=test}, name=test, id=2}, session=2, timestamp=2018-05-30 11:13:42,239}, time=2018-05-30 11:13:42,239, operation=DefaultOperationId{id=write, type=COMMAND}, value=byte[]{length=17, hash=-1644578928}}
11:13:42.327 [raft-server-1] TRACE i.a.p.raft.roles.LeaderAppender - RaftServer{1} - Received AppendResponse{status=OK, term=1, succeeded=true, lastLogIndex=107} from 2
11:13:42.346 [raft-server-3] TRACE i.a.p.raft.roles.FollowerRole - RaftServer{3}{role=FOLLOWER} - Committed entries up to index 107
11:13:42.346 [raft-server-3] TRACE i.a.p.raft.roles.FollowerRole - RaftServer{3}{role=FOLLOWER} - Sending AppendResponse{status=OK, term=1, succeeded=true, lastLogIndex=107}
11:13:42.346 [raft-server-1] TRACE i.a.p.raft.roles.LeaderAppender - RaftServer{1} - Received AppendResponse{status=OK, term=1, succeeded=true, lastLogIndex=107} from 3
11:13:42.346 [raft-server-3-state] TRACE i.a.p.raft.impl.RaftServiceManager - RaftServer{3} - Applying Indexed{index=107, entry=CommandEntry{term=1, timestamp=2018-05-30 11:13:42,239, session=2, sequence=100, operation=PrimitiveOperation{id=DefaultOperationId{id=write, type=COMMAND}, value=byte[]{length=17, hash=-1644578928}}}}
11:13:42.346 [raft-server-3-state] TRACE i.a.p.s.impl.DefaultServiceExecutor - PrimitiveService{2}{type=PrimitiveType{name=test}, name=test} - Executing DefaultCommit{index=107, session=RaftSession{RaftServiceContext{server=3, type=PrimitiveType{name=test}, name=test, id=2}, session=2, timestamp=2018-05-30 11:13:42,239}, time=2018-05-30 11:13:42,239, operation=DefaultOperationId{id=write, type=COMMAND}, value=byte[]{length=17, hash=-1644578928}}
11:13:42.465 [raft-client-a5a0def7-e1df-4503-b1c6-00519ae66cf7-3] TRACE i.a.p.r.proxy.impl.RaftProxyManager - RaftClient{a5a0def7-e1df-4503-b1c6-00519ae66cf7} - Keeping 1 sessions alive
11:13:42.465 [raft-client-a5a0def7-e1df-4503-b1c6-00519ae66cf7-3] TRACE i.a.p.r.p.impl.RaftProxyConnection - RaftClient{a5a0def7-e1df-4503-b1c6-00519ae66cf7} - Sending KeepAliveRequest{sessionIds=long[]{length=1, hash=33}, commandSequences=long[]{length=1, hash=131}, eventIndexes=long[]{length=1, hash=33}} to 1
11:13:42.466 [raft-server-1] TRACE i.a.protocols.raft.roles.LeaderRole - RaftServer{1}{role=LEADER} - Received KeepAliveRequest{sessionIds=long[]{length=1, hash=33}, commandSequences=long[]{length=1, hash=131}, eventIndexes=long[]{length=1, hash=33}}
11:13:42.466 [raft-server-1] TRACE i.a.protocols.raft.roles.LeaderRole - RaftServer{1}{role=LEADER} - Appended Indexed{index=108, entry=KeepAliveEntry{term=1, timestamp=2018-05-30 11:13:42,466, sessionIds=long[]{length=1, hash=33}, commandSequences=long[]{length=1, hash=131}, eventIndexes=long[]{length=1, hash=33}}}
11:13:42.466 [raft-server-1] TRACE i.a.p.raft.roles.LeaderAppender - RaftServer{1} - Sending AppendRequest{term=1, leader=1, prevLogIndex=107, prevLogTerm=1, entries=1, commitIndex=107} to 2
11:13:42.466 [raft-server-2] TRACE i.a.p.raft.roles.FollowerRole - RaftServer{2}{role=FOLLOWER} - Received AppendRequest{term=1, leader=1, prevLogIndex=107, prevLogTerm=1, entries=1, commitIndex=107}
11:13:42.466 [raft-server-1] TRACE i.a.p.raft.roles.LeaderAppender - RaftServer{1} - Sending AppendRequest{term=1, leader=1, prevLogIndex=107, prevLogTerm=1, entries=1, commitIndex=107} to 3
11:13:42.466 [raft-server-3] TRACE i.a.p.raft.roles.FollowerRole - RaftServer{3}{role=FOLLOWER} - Received AppendRequest{term=1, leader=1, prevLogIndex=107, prevLogTerm=1, entries=1, commitIndex=107}
11:13:42.466 [raft-server-2] TRACE i.a.p.raft.roles.FollowerRole - RaftServer{2}{role=FOLLOWER} - Appended Indexed{index=108, entry=KeepAliveEntry{term=1, timestamp=2018-05-30 11:13:42,466, sessionIds=long[]{length=1, hash=33}, commandSequences=long[]{length=1, hash=131}, eventIndexes=long[]{length=1, hash=33}}}
11:13:42.466 [raft-server-2] TRACE i.a.p.raft.roles.FollowerRole - RaftServer{2}{role=FOLLOWER} - Sending AppendResponse{status=OK, term=1, succeeded=true, lastLogIndex=108}
11:13:42.466 [raft-server-1] TRACE i.a.p.raft.roles.LeaderAppender - RaftServer{1} - Received AppendResponse{status=OK, term=1, succeeded=true, lastLogIndex=108} from 2
11:13:42.466 [raft-server-3] TRACE i.a.p.raft.roles.FollowerRole - RaftServer{3}{role=FOLLOWER} - Appended Indexed{index=108, entry=KeepAliveEntry{term=1, timestamp=2018-05-30 11:13:42,466, sessionIds=long[]{length=1, hash=33}, commandSequences=long[]{length=1, hash=131}, eventIndexes=long[]{length=1, hash=33}}}
11:13:42.467 [raft-server-1] TRACE i.a.p.raft.roles.LeaderAppender - RaftServer{1} - Committed entries up to 108
11:13:42.467 [raft-server-3] TRACE i.a.p.raft.roles.FollowerRole - RaftServer{3}{role=FOLLOWER} - Sending AppendResponse{status=OK, term=1, succeeded=true, lastLogIndex=108}
11:13:42.496 [raft-server-1] TRACE i.a.p.raft.roles.LeaderAppender - RaftServer{1} - Received AppendResponse{status=OK, term=1, succeeded=true, lastLogIndex=108} from 3
11:13:42.496 [raft-server-1-state] TRACE i.a.p.raft.impl.RaftServiceManager - RaftServer{1} - Applying Indexed{index=108, entry=KeepAliveEntry{term=1, timestamp=2018-05-30 11:13:42,466, sessionIds=long[]{length=1, hash=33}, commandSequences=long[]{length=1, hash=131}, eventIndexes=long[]{length=1, hash=33}}}
11:13:42.497 [raft-server-1] TRACE i.a.protocols.raft.roles.LeaderRole - RaftServer{1}{role=LEADER} - Sending KeepAliveResponse{status=OK, leader=1, members=[1, 2, 3], sessionIds=long[]{length=1, hash=33}}
11:13:42.497 [raft-client-a5a0def7-e1df-4503-b1c6-00519ae66cf7-4] TRACE i.a.p.r.p.impl.RaftProxyConnection - RaftClient{a5a0def7-e1df-4503-b1c6-00519ae66cf7} - Received KeepAliveResponse{status=OK, leader=1, members=[1, 2, 3], sessionIds=long[]{length=1, hash=33}} from 1
11:13:42.524 [raft-server-1] TRACE i.a.p.raft.roles.LeaderAppender - RaftServer{1} - Sending AppendRequest{term=1, leader=1, prevLogIndex=108, prevLogTerm=1, entries=0, commitIndex=108} to 2
11:13:42.524 [raft-server-2] TRACE i.a.p.raft.roles.FollowerRole - RaftServer{2}{role=FOLLOWER} - Received AppendRequest{term=1, leader=1, prevLogIndex=108, prevLogTerm=1, entries=0, commitIndex=108}
11:13:42.524 [raft-server-1] TRACE i.a.p.raft.roles.LeaderAppender - RaftServer{1} - Sending AppendRequest{term=1, leader=1, prevLogIndex=108, prevLogTerm=1, entries=0, commitIndex=108} to 3
11:13:42.524 [raft-server-3] TRACE i.a.p.raft.roles.FollowerRole - RaftServer{3}{role=FOLLOWER} - Received AppendRequest{term=1, leader=1, prevLogIndex=108, prevLogTerm=1, entries=0, commitIndex=108}
11:13:42.554 [raft-server-2] TRACE i.a.p.raft.roles.FollowerRole - RaftServer{2}{role=FOLLOWER} - Committed entries up to index 108
11:13:42.554 [raft-server-2] TRACE i.a.p.raft.roles.FollowerRole - RaftServer{2}{role=FOLLOWER} - Sending AppendResponse{status=OK, term=1, succeeded=true, lastLogIndex=108}
11:13:42.554 [raft-server-3] TRACE i.a.p.raft.roles.FollowerRole - RaftServer{3}{role=FOLLOWER} - Committed entries up to index 108
11:13:42.554 [raft-server-3] TRACE i.a.p.raft.roles.FollowerRole - RaftServer{3}{role=FOLLOWER} - Sending AppendResponse{status=OK, term=1, succeeded=true, lastLogIndex=108}
11:13:42.554 [raft-server-1] TRACE i.a.p.raft.roles.LeaderAppender - RaftServer{1} - Received AppendResponse{status=OK, term=1, succeeded=true, lastLogIndex=108} from 2
11:13:42.555 [raft-server-1] TRACE i.a.p.raft.roles.LeaderAppender - RaftServer{1} - Sending AppendRequest{term=1, leader=1, prevLogIndex=108, prevLogTerm=1, entries=0, commitIndex=108} to 2
11:13:42.554 [raft-server-2-state] TRACE i.a.p.raft.impl.RaftServiceManager - RaftServer{2} - Applying Indexed{index=108, entry=KeepAliveEntry{term=1, timestamp=2018-05-30 11:13:42,466, sessionIds=long[]{length=1, hash=33}, commandSequences=long[]{length=1, hash=131}, eventIndexes=long[]{length=1, hash=33}}}
11:13:42.555 [raft-server-3-state] TRACE i.a.p.raft.impl.RaftServiceManager - RaftServer{3} - Applying Indexed{index=108, entry=KeepAliveEntry{term=1, timestamp=2018-05-30 11:13:42,466, sessionIds=long[]{length=1, hash=33}, commandSequences=long[]{length=1, hash=131}, eventIndexes=long[]{length=1, hash=33}}}
11:13:42.555 [raft-server-2] TRACE i.a.p.raft.roles.FollowerRole - RaftServer{2}{role=FOLLOWER} - Received AppendRequest{term=1, leader=1, prevLogIndex=108, prevLogTerm=1, entries=0, commitIndex=108}
11:13:42.555 [raft-server-1] TRACE i.a.p.raft.roles.LeaderAppender - RaftServer{1} - Received AppendResponse{status=OK, term=1, succeeded=true, lastLogIndex=108} from 3
11:13:42.555 [raft-server-2] TRACE i.a.p.raft.roles.FollowerRole - RaftServer{2}{role=FOLLOWER} - Sending AppendResponse{status=OK, term=1, succeeded=true, lastLogIndex=108}
11:13:42.555 [raft-server-1] TRACE i.a.p.raft.roles.LeaderAppender - RaftServer{1} - Sending AppendRequest{term=1, leader=1, prevLogIndex=108, prevLogTerm=1, entries=0, commitIndex=108} to 3
11:13:42.555 [raft-server-1] TRACE i.a.p.raft.roles.LeaderAppender - RaftServer{1} - Received AppendResponse{status=OK, term=1, succeeded=true, lastLogIndex=108} from 2
11:13:42.555 [raft-server-3] TRACE i.a.p.raft.roles.FollowerRole - RaftServer{3}{role=FOLLOWER} - Received AppendRequest{term=1, leader=1, prevLogIndex=108, prevLogTerm=1, entries=0, commitIndex=108}
11:13:42.555 [raft-server-3] TRACE i.a.p.raft.roles.FollowerRole - RaftServer{3}{role=FOLLOWER} - Sending AppendResponse{status=OK, term=1, succeeded=true, lastLogIndex=108}
11:13:42.555 [raft-server-1] TRACE i.a.p.raft.roles.LeaderAppender - RaftServer{1} - Received AppendResponse{status=OK, term=1, succeeded=true, lastLogIndex=108} from 3
11:13:42.774 [raft-server-1] TRACE i.a.p.raft.roles.LeaderAppender - RaftServer{1} - Sending AppendRequest{term=1, leader=1, prevLogIndex=108, prevLogTerm=1, entries=0, commitIndex=108} to 2
11:13:42.774 [raft-server-1] TRACE i.a.p.raft.roles.LeaderAppender - RaftServer{1} - Sending AppendRequest{term=1, leader=1, prevLogIndex=108, prevLogTerm=1, entries=0, commitIndex=108} to 3
11:13:42.774 [raft-server-2] TRACE i.a.p.raft.roles.FollowerRole - RaftServer{2}{role=FOLLOWER} - Received AppendRequest{term=1, leader=1, prevLogIndex=108, prevLogTerm=1, entries=0, commitIndex=108}
11:13:42.774 [raft-server-2] TRACE i.a.p.raft.roles.FollowerRole - RaftServer{2}{role=FOLLOWER} - Sending AppendResponse{status=OK, term=1, succeeded=true, lastLogIndex=108}
11:13:42.774 [raft-server-3] TRACE i.a.p.raft.roles.FollowerRole - RaftServer{3}{role=FOLLOWER} - Received AppendRequest{term=1, leader=1, prevLogIndex=108, prevLogTerm=1, entries=0, commitIndex=108}
11:13:42.774 [raft-server-1] TRACE i.a.p.raft.roles.LeaderAppender - RaftServer{1} - Received AppendResponse{status=OK, term=1, succeeded=true, lastLogIndex=108} from 2
11:13:42.774 [raft-server-3] TRACE i.a.p.raft.roles.FollowerRole - RaftServer{3}{role=FOLLOWER} - Sending AppendResponse{status=OK, term=1, succeeded=true, lastLogIndex=108}
11:13:42.774 [raft-server-1] TRACE i.a.p.raft.roles.LeaderAppender - RaftServer{1} - Sending AppendRequest{term=1, leader=1, prevLogIndex=108, prevLogTerm=1, entries=0, commitIndex=108} to 2
11:13:42.774 [raft-server-1] TRACE i.a.p.raft.roles.LeaderAppender - RaftServer{1} - Received AppendResponse{status=OK, term=1, succeeded=true, lastLogIndex=108} from 3
11:13:42.774 [raft-server-2] TRACE i.a.p.raft.roles.FollowerRole - RaftServer{2}{role=FOLLOWER} - Received AppendRequest{term=1, leader=1, prevLogIndex=108, prevLogTerm=1, entries=0, commitIndex=108}
11:13:42.774 [raft-server-2] TRACE i.a.p.raft.roles.FollowerRole - RaftServer{2}{role=FOLLOWER} - Sending AppendResponse{status=OK, term=1, succeeded=true, lastLogIndex=108}
11:13:42.774 [raft-server-1] TRACE i.a.p.raft.roles.LeaderAppender - RaftServer{1} - Sending AppendRequest{term=1, leader=1, prevLogIndex=108, prevLogTerm=1, entries=0, commitIndex=108} to 3
11:13:42.774 [raft-server-1] TRACE i.a.p.raft.roles.LeaderAppender - RaftServer{1} - Received AppendResponse{status=OK, term=1, succeeded=true, lastLogIndex=108} from 2
11:13:42.774 [raft-server-3] TRACE i.a.p.raft.roles.FollowerRole - RaftServer{3}{role=FOLLOWER} - Received AppendRequest{term=1, leader=1, prevLogIndex=108, prevLogTerm=1, entries=0, commitIndex=108}
11:13:42.774 [raft-server-1] TRACE i.a.p.raft.roles.LeaderAppender - RaftServer{1} - Sending AppendRequest{term=1, leader=1, prevLogIndex=108, prevLogTerm=1, entries=0, commitIndex=108} to 2
11:13:42.774 [raft-server-3] TRACE i.a.p.raft.roles.FollowerRole - RaftServer{3}{role=FOLLOWER} - Sending AppendResponse{status=OK, term=1, succeeded=true, lastLogIndex=108}
11:13:42.775 [raft-server-2] TRACE i.a.p.raft.roles.FollowerRole - RaftServer{2}{role=FOLLOWER} - Received AppendRequest{term=1, leader=1, prevLogIndex=108, prevLogTerm=1, entries=0, commitIndex=108}
11:13:42.775 [raft-server-1] TRACE i.a.p.raft.roles.LeaderAppender - RaftServer{1} - Received AppendResponse{status=OK, term=1, succeeded=true, lastLogIndex=108} from 3
11:13:42.775 [raft-server-2] TRACE i.a.p.raft.roles.FollowerRole - RaftServer{2}{role=FOLLOWER} - Sending AppendResponse{status=OK, term=1, succeeded=true, lastLogIndex=108}
11:13:42.775 [raft-server-1] TRACE i.a.p.raft.roles.LeaderAppender - RaftServer{1} - Sending AppendRequest{term=1, leader=1, prevLogIndex=108, prevLogTerm=1, entries=0, commitIndex=108} to 3
11:13:42.775 [raft-server-1] TRACE i.a.p.raft.roles.LeaderAppender - RaftServer{1} - Received AppendResponse{status=OK, term=1, succeeded=true, lastLogIndex=108} from 2
11:13:42.775 [raft-server-3] TRACE i.a.p.raft.roles.FollowerRole - RaftServer{3}{role=FOLLOWER} - Received AppendRequest{term=1, leader=1, prevLogIndex=108, prevLogTerm=1, entries=0, commitIndex=108}
11:13:42.775 [raft-server-1] TRACE i.a.p.raft.roles.LeaderAppender - RaftServer{1} - Sending AppendRequest{term=1, leader=1, prevLogIndex=108, prevLogTerm=1, entries=0, commitIndex=108} to 2
11:13:42.775 [raft-server-3] TRACE i.a.p.raft.roles.FollowerRole - RaftServer{3}{role=FOLLOWER} - Sending AppendResponse{status=OK, term=1, succeeded=true, lastLogIndex=108}
11:13:42.775 [raft-server-2] TRACE i.a.p.raft.roles.FollowerRole - RaftServer{2}{role=FOLLOWER} - Received AppendRequest{term=1, leader=1, prevLogIndex=108, prevLogTerm=1, entries=0, commitIndex=108}
11:13:42.775 [raft-server-1] TRACE i.a.p.raft.roles.LeaderAppender - RaftServer{1} - Received AppendResponse{status=OK, term=1, succeeded=true, lastLogIndex=108} from 3
11:13:42.775 [raft-server-2] TRACE i.a.p.raft.roles.FollowerRole - RaftServer{2}{role=FOLLOWER} - Sending AppendResponse{status=OK, term=1, succeeded=true, lastLogIndex=108}
11:13:42.775 [raft-server-1] TRACE i.a.p.raft.roles.LeaderAppender - RaftServer{1} - Received AppendResponse{status=OK, term=1, succeeded=true, lastLogIndex=108} from 2
11:13:43.024 [raft-server-1] TRACE i.a.p.raft.roles.LeaderAppender - RaftServer{1} - Sending AppendRequest{term=1, leader=1, prevLogIndex=108, prevLogTerm=1, entries=0, commitIndex=108} to 2
11:13:43.024 [raft-server-1] TRACE i.a.p.raft.roles.LeaderAppender - RaftServer{1} - Sending AppendRequest{term=1, leader=1, prevLogIndex=108, prevLogTerm=1, entries=0, commitIndex=108} to 3
11:13:43.024 [raft-server-2] TRACE i.a.p.raft.roles.FollowerRole - RaftServer{2}{role=FOLLOWER} - Received AppendRequest{term=1, leader=1, prevLogIndex=108, prevLogTerm=1, entries=0, commitIndex=108}
11:13:43.024 [raft-server-3] TRACE i.a.p.raft.roles.FollowerRole - RaftServer{3}{role=FOLLOWER} - Received AppendRequest{term=1, leader=1, prevLogIndex=108, prevLogTerm=1, entries=0, commitIndex=108}
11:13:43.024 [raft-server-2] TRACE i.a.p.raft.roles.FollowerRole - RaftServer{2}{role=FOLLOWER} - Sending AppendResponse{status=OK, term=1, succeeded=true, lastLogIndex=108}
11:13:43.024 [raft-server-3] TRACE i.a.p.raft.roles.FollowerRole - RaftServer{3}{role=FOLLOWER} - Sending AppendResponse{status=OK, term=1, succeeded=true, lastLogIndex=108}
11:13:43.024 [raft-server-1] TRACE i.a.p.raft.roles.LeaderAppender - RaftServer{1} - Received AppendResponse{status=OK, term=1, succeeded=true, lastLogIndex=108} from 2
11:13:43.024 [raft-server-1] TRACE i.a.p.raft.roles.LeaderAppender - RaftServer{1} - Sending AppendRequest{term=1, leader=1, prevLogIndex=108, prevLogTerm=1, entries=0, commitIndex=108} to 2
11:13:43.024 [raft-server-1] TRACE i.a.p.raft.roles.LeaderAppender - RaftServer{1} - Received AppendResponse{status=OK, term=1, succeeded=true, lastLogIndex=108} from 3
11:13:43.024 [raft-server-2] TRACE i.a.p.raft.roles.FollowerRole - RaftServer{2}{role=FOLLOWER} - Received AppendRequest{term=1, leader=1, prevLogIndex=108, prevLogTerm=1, entries=0, commitIndex=108}
11:13:43.024 [raft-server-2] TRACE i.a.p.raft.roles.FollowerRole - RaftServer{2}{role=FOLLOWER} - Sending AppendResponse{status=OK, term=1, succeeded=true, lastLogIndex=108}
11:13:43.024 [raft-server-1] TRACE i.a.p.raft.roles.LeaderAppender - RaftServer{1} - Sending AppendRequest{term=1, leader=1, prevLogIndex=108, prevLogTerm=1, entries=0, commitIndex=108} to 3
11:13:43.024 [raft-server-1] TRACE i.a.p.raft.roles.LeaderAppender - RaftServer{1} - Received AppendResponse{status=OK, term=1, succeeded=true, lastLogIndex=108} from 2
11:13:43.024 [raft-server-3] TRACE i.a.p.raft.roles.FollowerRole - RaftServer{3}{role=FOLLOWER} - Received AppendRequest{term=1, leader=1, prevLogIndex=108, prevLogTerm=1, entries=0, commitIndex=108}
11:13:43.025 [raft-server-1] TRACE i.a.p.raft.roles.LeaderAppender - RaftServer{1} - Sending AppendRequest{term=1, leader=1, prevLogIndex=108, prevLogTerm=1, entries=0, commitIndex=108} to 2
11:13:43.025 [raft-server-3] TRACE i.a.p.raft.roles.FollowerRole - RaftServer{3}{role=FOLLOWER} - Sending AppendResponse{status=OK, term=1, succeeded=true, lastLogIndex=108}
11:13:43.025 [raft-server-2] TRACE i.a.p.raft.roles.FollowerRole - RaftServer{2}{role=FOLLOWER} - Received AppendRequest{term=1, leader=1, prevLogIndex=108, prevLogTerm=1, entries=0, commitIndex=108}
11:13:43.025 [raft-server-1] TRACE i.a.p.raft.roles.LeaderAppender - RaftServer{1} - Received AppendResponse{status=OK, term=1, succeeded=true, lastLogIndex=108} from 3
11:13:43.025 [raft-server-2] TRACE i.a.p.raft.roles.FollowerRole - RaftServer{2}{role=FOLLOWER} - Sending AppendResponse{status=OK, term=1, succeeded=true, lastLogIndex=108}
11:13:43.025 [raft-server-1] TRACE i.a.p.raft.roles.LeaderAppender - RaftServer{1} - Sending AppendRequest{term=1, leader=1, prevLogIndex=108, prevLogTerm=1, entries=0, commitIndex=108} to 3
11:13:43.025 [raft-server-1] TRACE i.a.p.raft.roles.LeaderAppender - RaftServer{1} - Received AppendResponse{status=OK, term=1, succeeded=true, lastLogIndex=108} from 2
11:13:43.025 [raft-server-3] TRACE i.a.p.raft.roles.FollowerRole - RaftServer{3}{role=FOLLOWER} - Received AppendRequest{term=1, leader=1, prevLogIndex=108, prevLogTerm=1, entries=0, commitIndex=108}
11:13:43.025 [raft-server-3] TRACE i.a.p.raft.roles.FollowerRole - RaftServer{3}{role=FOLLOWER} - Sending AppendResponse{status=OK, term=1, succeeded=true, lastLogIndex=108}
11:13:43.025 [raft-server-1] TRACE i.a.p.raft.roles.LeaderAppender - RaftServer{1} - Received AppendResponse{status=OK, term=1, succeeded=true, lastLogIndex=108} from 3
11:13:43.274 [raft-server-1] TRACE i.a.p.raft.roles.LeaderAppender - RaftServer{1} - Sending AppendRequest{term=1, leader=1, prevLogIndex=108, prevLogTerm=1, entries=0, commitIndex=108} to 2
11:13:43.274 [raft-server-1] TRACE i.a.p.raft.roles.LeaderAppender - RaftServer{1} - Sending AppendRequest{term=1, leader=1, prevLogIndex=108, prevLogTerm=1, entries=0, commitIndex=108} to 3
11:13:43.274 [raft-server-2] TRACE i.a.p.raft.roles.FollowerRole - RaftServer{2}{role=FOLLOWER} - Received AppendRequest{term=1, leader=1, prevLogIndex=108, prevLogTerm=1, entries=0, commitIndex=108}
11:13:43.274 [raft-server-3] TRACE i.a.p.raft.roles.FollowerRole - RaftServer{3}{role=FOLLOWER} - Received AppendRequest{term=1, leader=1, prevLogIndex=108, prevLogTerm=1, entries=0, commitIndex=108}
11:13:43.274 [raft-server-2] TRACE i.a.p.raft.roles.FollowerRole - RaftServer{2}{role=FOLLOWER} - Sending AppendResponse{status=OK, term=1, succeeded=true, lastLogIndex=108}
11:13:43.274 [raft-server-3] TRACE i.a.p.raft.roles.FollowerRole - RaftServer{3}{role=FOLLOWER} - Sending AppendResponse{status=OK, term=1, succeeded=true, lastLogIndex=108}
11:13:43.274 [raft-server-1] TRACE i.a.p.raft.roles.LeaderAppender - RaftServer{1} - Received AppendResponse{status=OK, term=1, succeeded=true, lastLogIndex=108} from 2
11:13:43.274 [raft-server-1] TRACE i.a.p.raft.roles.LeaderAppender - RaftServer{1} - Sending AppendRequest{term=1, leader=1, prevLogIndex=108, prevLogTerm=1, entries=0, commitIndex=108} to 2
11:13:43.274 [raft-server-1] TRACE i.a.p.raft.roles.LeaderAppender - RaftServer{1} - Received AppendResponse{status=OK, term=1, succeeded=true, lastLogIndex=108} from 3
11:13:43.274 [raft-server-2] TRACE i.a.p.raft.roles.FollowerRole - RaftServer{2}{role=FOLLOWER} - Received AppendRequest{term=1, leader=1, prevLogIndex=108, prevLogTerm=1, entries=0, commitIndex=108}
11:13:43.274 [raft-server-1] TRACE i.a.p.raft.roles.LeaderAppender - RaftServer{1} - Sending AppendRequest{term=1, leader=1, prevLogIndex=108, prevLogTerm=1, entries=0, commitIndex=108} to 3
11:13:43.274 [raft-server-2] TRACE i.a.p.raft.roles.FollowerRole - RaftServer{2}{role=FOLLOWER} - Sending AppendResponse{status=OK, term=1, succeeded=true, lastLogIndex=108}
11:13:43.275 [raft-server-3] TRACE i.a.p.raft.roles.FollowerRole - RaftServer{3}{role=FOLLOWER} - Received AppendRequest{term=1, leader=1, prevLogIndex=108, prevLogTerm=1, entries=0, commitIndex=108}
11:13:43.275 [raft-server-1] TRACE i.a.p.raft.roles.LeaderAppender - RaftServer{1} - Received AppendResponse{status=OK, term=1, succeeded=true, lastLogIndex=108} from 2
11:13:43.275 [raft-server-3] TRACE i.a.p.raft.roles.FollowerRole - RaftServer{3}{role=FOLLOWER} - Sending AppendResponse{status=OK, term=1, succeeded=true, lastLogIndex=108}
11:13:43.275 [raft-server-1] TRACE i.a.p.raft.roles.LeaderAppender - RaftServer{1} - Sending AppendRequest{term=1, leader=1, prevLogIndex=108, prevLogTerm=1, entries=0, commitIndex=108} to 2
11:13:43.275 [raft-server-1] TRACE i.a.p.raft.roles.LeaderAppender - RaftServer{1} - Received AppendResponse{status=OK, term=1, succeeded=true, lastLogIndex=108} from 3
11:13:43.275 [raft-server-2] TRACE i.a.p.raft.roles.FollowerRole - RaftServer{2}{role=FOLLOWER} - Received AppendRequest{term=1, leader=1, prevLogIndex=108, prevLogTerm=1, entries=0, commitIndex=108}
11:13:43.275 [raft-server-1] TRACE i.a.p.raft.roles.LeaderAppender - RaftServer{1} - Sending AppendRequest{term=1, leader=1, prevLogIndex=108, prevLogTerm=1, entries=0, commitIndex=108} to 3
11:13:43.275 [raft-server-2] TRACE i.a.p.raft.roles.FollowerRole - RaftServer{2}{role=FOLLOWER} - Sending AppendResponse{status=OK, term=1, succeeded=true, lastLogIndex=108}
11:13:43.275 [raft-server-3] TRACE i.a.p.raft.roles.FollowerRole - RaftServer{3}{role=FOLLOWER} - Received AppendRequest{term=1, leader=1, prevLogIndex=108, prevLogTerm=1, entries=0, commitIndex=108}
11:13:43.275 [raft-server-1] TRACE i.a.p.raft.roles.LeaderAppender - RaftServer{1} - Received AppendResponse{status=OK, term=1, succeeded=true, lastLogIndex=108} from 2
11:13:43.275 [raft-server-3] TRACE i.a.p.raft.roles.FollowerRole - RaftServer{3}{role=FOLLOWER} - Sending AppendResponse{status=OK, term=1, succeeded=true, lastLogIndex=108}
11:13:43.275 [raft-server-1] TRACE i.a.p.raft.roles.LeaderAppender - RaftServer{1} - Received AppendResponse{status=OK, term=1, succeeded=true, lastLogIndex=108} from 3
11:13:43.524 [raft-server-1] TRACE i.a.p.raft.roles.LeaderAppender - RaftServer{1} - Sending AppendRequest{term=1, leader=1, prevLogIndex=108, prevLogTerm=1, entries=0, commitIndex=108} to 2
11:13:43.524 [raft-server-1] TRACE i.a.p.raft.roles.LeaderAppender - RaftServer{1} - Sending AppendRequest{term=1, leader=1, prevLogIndex=108, prevLogTerm=1, entries=0, commitIndex=108} to 3
11:13:43.524 [raft-server-2] TRACE i.a.p.raft.roles.FollowerRole - RaftServer{2}{role=FOLLOWER} - Received AppendRequest{term=1, leader=1, prevLogIndex=108, prevLogTerm=1, entries=0, commitIndex=108}
11:13:43.524 [raft-server-3] TRACE i.a.p.raft.roles.FollowerRole - RaftServer{3}{role=FOLLOWER} - Received AppendRequest{term=1, leader=1, prevLogIndex=108, prevLogTerm=1, entries=0, commitIndex=108}
11:13:43.524 [raft-server-2] TRACE i.a.p.raft.roles.FollowerRole - RaftServer{2}{role=FOLLOWER} - Sending AppendResponse{status=OK, term=1, succeeded=true, lastLogIndex=108}
11:13:43.524 [raft-server-3] TRACE i.a.p.raft.roles.FollowerRole - RaftServer{3}{role=FOLLOWER} - Sending AppendResponse{status=OK, term=1, succeeded=true, lastLogIndex=108}
11:13:43.524 [raft-server-1] TRACE i.a.p.raft.roles.LeaderAppender - RaftServer{1} - Received AppendResponse{status=OK, term=1, succeeded=true, lastLogIndex=108} from 2
11:13:43.524 [raft-server-1] TRACE i.a.p.raft.roles.LeaderAppender - RaftServer{1} - Sending AppendRequest{term=1, leader=1, prevLogIndex=108, prevLogTerm=1, entries=0, commitIndex=108} to 2
11:13:43.524 [raft-server-1] TRACE i.a.p.raft.roles.LeaderAppender - RaftServer{1} - Received AppendResponse{status=OK, term=1, succeeded=true, lastLogIndex=108} from 3
11:13:43.524 [raft-server-2] TRACE i.a.p.raft.roles.FollowerRole - RaftServer{2}{role=FOLLOWER} - Received AppendRequest{term=1, leader=1, prevLogIndex=108, prevLogTerm=1, entries=0, commitIndex=108}
11:13:43.524 [raft-server-2] TRACE i.a.p.raft.roles.FollowerRole - RaftServer{2}{role=FOLLOWER} - Sending AppendResponse{status=OK, term=1, succeeded=true, lastLogIndex=108}
11:13:43.524 [raft-server-1] TRACE i.a.p.raft.roles.LeaderAppender - RaftServer{1} - Sending AppendRequest{term=1, leader=1, prevLogIndex=108, prevLogTerm=1, entries=0, commitIndex=108} to 3
11:13:43.524 [raft-server-1] TRACE i.a.p.raft.roles.LeaderAppender - RaftServer{1} - Received AppendResponse{status=OK, term=1, succeeded=true, lastLogIndex=108} from 2
11:13:43.524 [raft-server-3] TRACE i.a.p.raft.roles.FollowerRole - RaftServer{3}{role=FOLLOWER} - Received AppendRequest{term=1, leader=1, prevLogIndex=108, prevLogTerm=1, entries=0, commitIndex=108}
11:13:43.524 [raft-server-3] TRACE i.a.p.raft.roles.FollowerRole - RaftServer{3}{role=FOLLOWER} - Sending AppendResponse{status=OK, term=1, succeeded=true, lastLogIndex=108}
11:13:43.524 [raft-server-1] TRACE i.a.p.raft.roles.LeaderAppender - RaftServer{1} - Sending AppendRequest{term=1, leader=1, prevLogIndex=108, prevLogTerm=1, entries=0, commitIndex=108} to 2
11:13:43.525 [raft-server-1] TRACE i.a.p.raft.roles.LeaderAppender - RaftServer{1} - Received AppendResponse{status=OK, term=1, succeeded=true, lastLogIndex=108} from 3
11:13:43.525 [raft-server-2] TRACE i.a.p.raft.roles.FollowerRole - RaftServer{2}{role=FOLLOWER} - Received AppendRequest{term=1, leader=1, prevLogIndex=108, prevLogTerm=1, entries=0, commitIndex=108}
11:13:43.525 [raft-server-1] TRACE i.a.p.raft.roles.LeaderAppender - RaftServer{1} - Sending AppendRequest{term=1, leader=1, prevLogIndex=108, prevLogTerm=1, entries=0, commitIndex=108} to 3
11:13:43.525 [raft-server-2] TRACE i.a.p.raft.roles.FollowerRole - RaftServer{2}{role=FOLLOWER} - Sending AppendResponse{status=OK, term=1, succeeded=true, lastLogIndex=108}
11:13:43.525 [raft-server-3] TRACE i.a.p.raft.roles.FollowerRole - RaftServer{3}{role=FOLLOWER} - Received AppendRequest{term=1, leader=1, prevLogIndex=108, prevLogTerm=1, entries=0, commitIndex=108}
11:13:43.525 [raft-server-1] TRACE i.a.p.raft.roles.LeaderAppender - RaftServer{1} - Received AppendResponse{status=OK, term=1, succeeded=true, lastLogIndex=108} from 2
11:13:43.525 [raft-server-3] TRACE i.a.p.raft.roles.FollowerRole - RaftServer{3}{role=FOLLOWER} - Sending AppendResponse{status=OK, term=1, succeeded=true, lastLogIndex=108}
11:13:43.525 [raft-server-1] TRACE i.a.p.raft.roles.LeaderAppender - RaftServer{1} - Sending AppendRequest{term=1, leader=1, prevLogIndex=108, prevLogTerm=1, entries=0, commitIndex=108} to 2
11:13:43.525 [raft-server-2] TRACE i.a.p.raft.roles.FollowerRole - RaftServer{2}{role=FOLLOWER} - Received AppendRequest{term=1, leader=1, prevLogIndex=108, prevLogTerm=1, entries=0, commitIndex=108}
11:13:43.525 [raft-server-1] TRACE i.a.p.raft.roles.LeaderAppender - RaftServer{1} - Received AppendResponse{status=OK, term=1, succeeded=true, lastLogIndex=108} from 3
11:13:43.525 [raft-server-2] TRACE i.a.p.raft.roles.FollowerRole - RaftServer{2}{role=FOLLOWER} - Sending AppendResponse{status=OK, term=1, succeeded=true, lastLogIndex=108}
11:13:43.525 [raft-server-1] TRACE i.a.p.raft.roles.LeaderAppender - RaftServer{1} - Received AppendResponse{status=OK, term=1, succeeded=true, lastLogIndex=108} from 2
11:13:43.774 [raft-server-1] TRACE i.a.p.raft.roles.LeaderAppender - RaftServer{1} - Sending AppendRequest{term=1, leader=1, prevLogIndex=108, prevLogTerm=1, entries=0, commitIndex=108} to 2
11:13:43.774 [raft-server-1] TRACE i.a.p.raft.roles.LeaderAppender - RaftServer{1} - Sending AppendRequest{term=1, leader=1, prevLogIndex=108, prevLogTerm=1, entries=0, commitIndex=108} to 3
11:13:43.774 [raft-server-2] TRACE i.a.p.raft.roles.FollowerRole - RaftServer{2}{role=FOLLOWER} - Received AppendRequest{term=1, leader=1, prevLogIndex=108, prevLogTerm=1, entries=0, commitIndex=108}
11:13:43.774 [raft-server-3] TRACE i.a.p.raft.roles.FollowerRole - RaftServer{3}{role=FOLLOWER} - Received AppendRequest{term=1, leader=1, prevLogIndex=108, prevLogTerm=1, entries=0, commitIndex=108}
11:13:43.774 [raft-server-2] TRACE i.a.p.raft.roles.FollowerRole - RaftServer{2}{role=FOLLOWER} - Sending AppendResponse{status=OK, term=1, succeeded=true, lastLogIndex=108}
11:13:43.774 [raft-server-3] TRACE i.a.p.raft.roles.FollowerRole - RaftServer{3}{role=FOLLOWER} - Sending AppendResponse{status=OK, term=1, succeeded=true, lastLogIndex=108}
11:13:43.774 [raft-server-1] TRACE i.a.p.raft.roles.LeaderAppender - RaftServer{1} - Received AppendResponse{status=OK, term=1, succeeded=true, lastLogIndex=108} from 2
11:13:43.774 [raft-server-1] TRACE i.a.p.raft.roles.LeaderAppender - RaftServer{1} - Sending AppendRequest{term=1, leader=1, prevLogIndex=108, prevLogTerm=1, entries=0, commitIndex=108} to 2
11:13:43.774 [raft-server-1] TRACE i.a.p.raft.roles.LeaderAppender - RaftServer{1} - Received AppendResponse{status=OK, term=1, succeeded=true, lastLogIndex=108} from 3
11:13:43.774 [raft-server-2] TRACE i.a.p.raft.roles.FollowerRole - RaftServer{2}{role=FOLLOWER} - Received AppendRequest{term=1, leader=1, prevLogIndex=108, prevLogTerm=1, entries=0, commitIndex=108}
11:13:43.774 [raft-server-2] TRACE i.a.p.raft.roles.FollowerRole - RaftServer{2}{role=FOLLOWER} - Sending AppendResponse{status=OK, term=1, succeeded=true, lastLogIndex=108}
11:13:43.774 [raft-server-1] TRACE i.a.p.raft.roles.LeaderAppender - RaftServer{1} - Sending AppendRequest{term=1, leader=1, prevLogIndex=108, prevLogTerm=1, entries=0, commitIndex=108} to 3
11:13:43.774 [raft-server-1] TRACE i.a.p.raft.roles.LeaderAppender - RaftServer{1} - Received AppendResponse{status=OK, term=1, succeeded=true, lastLogIndex=108} from 2
11:13:43.774 [raft-server-3] TRACE i.a.p.raft.roles.FollowerRole - RaftServer{3}{role=FOLLOWER} - Received AppendRequest{term=1, leader=1, prevLogIndex=108, prevLogTerm=1, entries=0, commitIndex=108}
11:13:43.775 [raft-server-3] TRACE i.a.p.raft.roles.FollowerRole - RaftServer{3}{role=FOLLOWER} - Sending AppendResponse{status=OK, term=1, succeeded=true, lastLogIndex=108}
11:13:43.775 [raft-server-1] TRACE i.a.p.raft.roles.LeaderAppender - RaftServer{1} - Sending AppendRequest{term=1, leader=1, prevLogIndex=108, prevLogTerm=1, entries=0, commitIndex=108} to 2
11:13:43.775 [raft-server-2] TRACE i.a.p.raft.roles.FollowerRole - RaftServer{2}{role=FOLLOWER} - Received AppendRequest{term=1, leader=1, prevLogIndex=108, prevLogTerm=1, entries=0, commitIndex=108}
11:13:43.775 [raft-server-1] TRACE i.a.p.raft.roles.LeaderAppender - RaftServer{1} - Received AppendResponse{status=OK, term=1, succeeded=true, lastLogIndex=108} from 3
11:13:43.775 [raft-server-2] TRACE i.a.p.raft.roles.FollowerRole - RaftServer{2}{role=FOLLOWER} - Sending AppendResponse{status=OK, term=1, succeeded=true, lastLogIndex=108}
11:13:43.775 [raft-server-1] TRACE i.a.p.raft.roles.LeaderAppender - RaftServer{1} - Sending AppendRequest{term=1, leader=1, prevLogIndex=108, prevLogTerm=1, entries=0, commitIndex=108} to 3
11:13:43.775 [raft-server-1] TRACE i.a.p.raft.roles.LeaderAppender - RaftServer{1} - Received AppendResponse{status=OK, term=1, succeeded=true, lastLogIndex=108} from 2
11:13:43.775 [raft-server-3] TRACE i.a.p.raft.roles.FollowerRole - RaftServer{3}{role=FOLLOWER} - Received AppendRequest{term=1, leader=1, prevLogIndex=108, prevLogTerm=1, entries=0, commitIndex=108}
11:13:43.775 [raft-server-3] TRACE i.a.p.raft.roles.FollowerRole - RaftServer{3}{role=FOLLOWER} - Sending AppendResponse{status=OK, term=1, succeeded=true, lastLogIndex=108}
11:13:43.775 [raft-server-1] TRACE i.a.p.raft.roles.LeaderAppender - RaftServer{1} - Received AppendResponse{status=OK, term=1, succeeded=true, lastLogIndex=108} from 3
11:13:44.024 [raft-server-1] TRACE i.a.p.raft.roles.LeaderAppender - RaftServer{1} - Sending AppendRequest{term=1, leader=1, prevLogIndex=108, prevLogTerm=1, entries=0, commitIndex=108} to 2
11:13:44.024 [raft-server-1] TRACE i.a.p.raft.roles.LeaderAppender - RaftServer{1} - Sending AppendRequest{term=1, leader=1, prevLogIndex=108, prevLogTerm=1, entries=0, commitIndex=108} to 3
11:13:44.024 [raft-server-3] TRACE i.a.p.raft.roles.FollowerRole - RaftServer{3}{role=FOLLOWER} - Received AppendRequest{term=1, leader=1, prevLogIndex=108, prevLogTerm=1, entries=0, commitIndex=108}
11:13:44.024 [raft-server-2] TRACE i.a.p.raft.roles.FollowerRole - RaftServer{2}{role=FOLLOWER} - Received AppendRequest{term=1, leader=1, prevLogIndex=108, prevLogTerm=1, entries=0, commitIndex=108}
11:13:44.024 [raft-server-2] TRACE i.a.p.raft.roles.FollowerRole - RaftServer{2}{role=FOLLOWER} - Sending AppendResponse{status=OK, term=1, succeeded=true, lastLogIndex=108}
11:13:44.024 [raft-server-3] TRACE i.a.p.raft.roles.FollowerRole - RaftServer{3}{role=FOLLOWER} - Sending AppendResponse{status=OK, term=1, succeeded=true, lastLogIndex=108}
11:13:44.024 [raft-server-1] TRACE i.a.p.raft.roles.LeaderAppender - RaftServer{1} - Received AppendResponse{status=OK, term=1, succeeded=true, lastLogIndex=108} from 2
11:13:44.024 [raft-server-1] TRACE i.a.p.raft.roles.LeaderAppender - RaftServer{1} - Sending AppendRequest{term=1, leader=1, prevLogIndex=108, prevLogTerm=1, entries=0, commitIndex=108} to 2
11:13:44.024 [raft-server-1] TRACE i.a.p.raft.roles.LeaderAppender - RaftServer{1} - Received AppendResponse{status=OK, term=1, succeeded=true, lastLogIndex=108} from 3
11:13:44.024 [raft-server-2] TRACE i.a.p.raft.roles.FollowerRole - RaftServer{2}{role=FOLLOWER} - Received AppendRequest{term=1, leader=1, prevLogIndex=108, prevLogTerm=1, entries=0, commitIndex=108}
11:13:44.024 [raft-server-1] TRACE i.a.p.raft.roles.LeaderAppender - RaftServer{1} - Sending AppendRequest{term=1, leader=1, prevLogIndex=108, prevLogTerm=1, entries=0, commitIndex=108} to 3
11:13:44.024 [raft-server-2] TRACE i.a.p.raft.roles.FollowerRole - RaftServer{2}{role=FOLLOWER} - Sending AppendResponse{status=OK, term=1, succeeded=true, lastLogIndex=108}
11:13:44.025 [raft-server-3] TRACE i.a.p.raft.roles.FollowerRole - RaftServer{3}{role=FOLLOWER} - Received AppendRequest{term=1, leader=1, prevLogIndex=108, prevLogTerm=1, entries=0, commitIndex=108}
11:13:44.025 [raft-server-1] TRACE i.a.p.raft.roles.LeaderAppender - RaftServer{1} - Received AppendResponse{status=OK, term=1, succeeded=true, lastLogIndex=108} from 2
11:13:44.025 [raft-server-3] TRACE i.a.p.raft.roles.FollowerRole - RaftServer{3}{role=FOLLOWER} - Sending AppendResponse{status=OK, term=1, succeeded=true, lastLogIndex=108}
11:13:44.025 [raft-server-1] TRACE i.a.p.raft.roles.LeaderAppender - RaftServer{1} - Sending AppendRequest{term=1, leader=1, prevLogIndex=108, prevLogTerm=1, entries=0, commitIndex=108} to 2
11:13:44.025 [raft-server-1] TRACE i.a.p.raft.roles.LeaderAppender - RaftServer{1} - Received AppendResponse{status=OK, term=1, succeeded=true, lastLogIndex=108} from 3
11:13:44.025 [raft-server-2] TRACE i.a.p.raft.roles.FollowerRole - RaftServer{2}{role=FOLLOWER} - Received AppendRequest{term=1, leader=1, prevLogIndex=108, prevLogTerm=1, entries=0, commitIndex=108}
11:13:44.025 [raft-server-1] TRACE i.a.p.raft.roles.LeaderAppender - RaftServer{1} - Sending AppendRequest{term=1, leader=1, prevLogIndex=108, prevLogTerm=1, entries=0, commitIndex=108} to 3
11:13:44.025 [raft-server-2] TRACE i.a.p.raft.roles.FollowerRole - RaftServer{2}{role=FOLLOWER} - Sending AppendResponse{status=OK, term=1, succeeded=true, lastLogIndex=108}
11:13:44.025 [raft-server-3] TRACE i.a.p.raft.roles.FollowerRole - RaftServer{3}{role=FOLLOWER} - Received AppendRequest{term=1, leader=1, prevLogIndex=108, prevLogTerm=1, entries=0, commitIndex=108}
11:13:44.025 [raft-server-1] TRACE i.a.p.raft.roles.LeaderAppender - RaftServer{1} - Received AppendResponse{status=OK, term=1, succeeded=true, lastLogIndex=108} from 2
11:13:44.025 [raft-server-3] TRACE i.a.p.raft.roles.FollowerRole - RaftServer{3}{role=FOLLOWER} - Sending AppendResponse{status=OK, term=1, succeeded=true, lastLogIndex=108}
11:13:44.025 [raft-server-1] TRACE i.a.p.raft.roles.LeaderAppender - RaftServer{1} - Received AppendResponse{status=OK, term=1, succeeded=true, lastLogIndex=108} from 3
11:13:44.274 [raft-server-1] TRACE i.a.p.raft.roles.LeaderAppender - RaftServer{1} - Sending AppendRequest{term=1, leader=1, prevLogIndex=108, prevLogTerm=1, entries=0, commitIndex=108} to 2
11:13:44.274 [raft-server-1] TRACE i.a.p.raft.roles.LeaderAppender - RaftServer{1} - Sending AppendRequest{term=1, leader=1, prevLogIndex=108, prevLogTerm=1, entries=0, commitIndex=108} to 3
11:13:44.274 [raft-server-2] TRACE i.a.p.raft.roles.FollowerRole - RaftServer{2}{role=FOLLOWER} - Received AppendRequest{term=1, leader=1, prevLogIndex=108, prevLogTerm=1, entries=0, commitIndex=108}
11:13:44.274 [raft-server-3] TRACE i.a.p.raft.roles.FollowerRole - RaftServer{3}{role=FOLLOWER} - Received AppendRequest{term=1, leader=1, prevLogIndex=108, prevLogTerm=1, entries=0, commitIndex=108}
11:13:44.274 [raft-server-2] TRACE i.a.p.raft.roles.FollowerRole - RaftServer{2}{role=FOLLOWER} - Sending AppendResponse{status=OK, term=1, succeeded=true, lastLogIndex=108}
11:13:44.274 [raft-server-3] TRACE i.a.p.raft.roles.FollowerRole - RaftServer{3}{role=FOLLOWER} - Sending AppendResponse{status=OK, term=1, succeeded=true, lastLogIndex=108}
11:13:44.274 [raft-server-1] TRACE i.a.p.raft.roles.LeaderAppender - RaftServer{1} - Received AppendResponse{status=OK, term=1, succeeded=true, lastLogIndex=108} from 2
11:13:44.274 [raft-server-1] TRACE i.a.p.raft.roles.LeaderAppender - RaftServer{1} - Sending AppendRequest{term=1, leader=1, prevLogIndex=108, prevLogTerm=1, entries=0, commitIndex=108} to 2
11:13:44.274 [raft-server-1] TRACE i.a.p.raft.roles.LeaderAppender - RaftServer{1} - Received AppendResponse{status=OK, term=1, succeeded=true, lastLogIndex=108} from 3
11:13:44.274 [raft-server-2] TRACE i.a.p.raft.roles.FollowerRole - RaftServer{2}{role=FOLLOWER} - Received AppendRequest{term=1, leader=1, prevLogIndex=108, prevLogTerm=1, entries=0, commitIndex=108}
11:13:44.274 [raft-server-1] TRACE i.a.p.raft.roles.LeaderAppender - RaftServer{1} - Sending AppendRequest{term=1, leader=1, prevLogIndex=108, prevLogTerm=1, entries=0, commitIndex=108} to 3
11:13:44.274 [raft-server-2] TRACE i.a.p.raft.roles.FollowerRole - RaftServer{2}{role=FOLLOWER} - Sending AppendResponse{status=OK, term=1, succeeded=true, lastLogIndex=108}
11:13:44.275 [raft-server-1] TRACE i.a.p.raft.roles.LeaderAppender - RaftServer{1} - Received AppendResponse{status=OK, term=1, succeeded=true, lastLogIndex=108} from 2
11:13:44.275 [raft-server-3] TRACE i.a.p.raft.roles.FollowerRole - RaftServer{3}{role=FOLLOWER} - Received AppendRequest{term=1, leader=1, prevLogIndex=108, prevLogTerm=1, entries=0, commitIndex=108}
11:13:44.275 [raft-server-1] TRACE i.a.p.raft.roles.LeaderAppender - RaftServer{1} - Sending AppendRequest{term=1, leader=1, prevLogIndex=108, prevLogTerm=1, entries=0, commitIndex=108} to 2
11:13:44.275 [raft-server-3] TRACE i.a.p.raft.roles.FollowerRole - RaftServer{3}{role=FOLLOWER} - Sending AppendResponse{status=OK, term=1, succeeded=true, lastLogIndex=108}
11:13:44.275 [raft-server-2] TRACE i.a.p.raft.roles.FollowerRole - RaftServer{2}{role=FOLLOWER} - Received AppendRequest{term=1, leader=1, prevLogIndex=108, prevLogTerm=1, entries=0, commitIndex=108}
11:13:44.275 [raft-server-1] TRACE i.a.p.raft.roles.LeaderAppender - RaftServer{1} - Received AppendResponse{status=OK, term=1, succeeded=true, lastLogIndex=108} from 3
11:13:44.275 [raft-server-2] TRACE i.a.p.raft.roles.FollowerRole - RaftServer{2}{role=FOLLOWER} - Sending AppendResponse{status=OK, term=1, succeeded=true, lastLogIndex=108}
11:13:44.275 [raft-server-1] TRACE i.a.p.raft.roles.LeaderAppender - RaftServer{1} - Sending AppendRequest{term=1, leader=1, prevLogIndex=108, prevLogTerm=1, entries=0, commitIndex=108} to 3
11:13:44.275 [raft-server-1] TRACE i.a.p.raft.roles.LeaderAppender - RaftServer{1} - Received AppendResponse{status=OK, term=1, succeeded=true, lastLogIndex=108} from 2
11:13:44.275 [raft-server-3] TRACE i.a.p.raft.roles.FollowerRole - RaftServer{3}{role=FOLLOWER} - Received AppendRequest{term=1, leader=1, prevLogIndex=108, prevLogTerm=1, entries=0, commitIndex=108}
11:13:44.275 [raft-server-3] TRACE i.a.p.raft.roles.FollowerRole - RaftServer{3}{role=FOLLOWER} - Sending AppendResponse{status=OK, term=1, succeeded=true, lastLogIndex=108}
11:13:44.275 [raft-server-1] TRACE i.a.p.raft.roles.LeaderAppender - RaftServer{1} - Received AppendResponse{status=OK, term=1, succeeded=true, lastLogIndex=108} from 3
11:13:44.524 [raft-server-1] TRACE i.a.p.raft.roles.LeaderAppender - RaftServer{1} - Sending AppendRequest{term=1, leader=1, prevLogIndex=108, prevLogTerm=1, entries=0, commitIndex=108} to 2
11:13:44.524 [raft-server-1] TRACE i.a.p.raft.roles.LeaderAppender - RaftServer{1} - Sending AppendRequest{term=1, leader=1, prevLogIndex=108, prevLogTerm=1, entries=0, commitIndex=108} to 3
11:13:44.524 [raft-server-2] TRACE i.a.p.raft.roles.FollowerRole - RaftServer{2}{role=FOLLOWER} - Received AppendRequest{term=1, leader=1, prevLogIndex=108, prevLogTerm=1, entries=0, commitIndex=108}
11:13:44.524 [raft-server-2] TRACE i.a.p.raft.roles.FollowerRole - RaftServer{2}{role=FOLLOWER} - Sending AppendResponse{status=OK, term=1, succeeded=true, lastLogIndex=108}
11:13:44.524 [raft-server-3] TRACE i.a.p.raft.roles.FollowerRole - RaftServer{3}{role=FOLLOWER} - Received AppendRequest{term=1, leader=1, prevLogIndex=108, prevLogTerm=1, entries=0, commitIndex=108}
11:13:44.524 [raft-server-1] TRACE i.a.p.raft.roles.LeaderAppender - RaftServer{1} - Received AppendResponse{status=OK, term=1, succeeded=true, lastLogIndex=108} from 2
11:13:44.524 [raft-server-3] TRACE i.a.p.raft.roles.FollowerRole - RaftServer{3}{role=FOLLOWER} - Sending AppendResponse{status=OK, term=1, succeeded=true, lastLogIndex=108}
11:13:44.524 [raft-server-1] TRACE i.a.p.raft.roles.LeaderAppender - RaftServer{1} - Sending AppendRequest{term=1, leader=1, prevLogIndex=108, prevLogTerm=1, entries=0, commitIndex=108} to 2
11:13:44.524 [raft-server-1] TRACE i.a.p.raft.roles.LeaderAppender - RaftServer{1} - Received AppendResponse{status=OK, term=1, succeeded=true, lastLogIndex=108} from 3
11:13:44.524 [raft-server-2] TRACE i.a.p.raft.roles.FollowerRole - RaftServer{2}{role=FOLLOWER} - Received AppendRequest{term=1, leader=1, prevLogIndex=108, prevLogTerm=1, entries=0, commitIndex=108}
11:13:44.524 [raft-server-1] TRACE i.a.p.raft.roles.LeaderAppender - RaftServer{1} - Sending AppendRequest{term=1, leader=1, prevLogIndex=108, prevLogTerm=1, entries=0, commitIndex=108} to 3
11:13:44.524 [raft-server-2] TRACE i.a.p.raft.roles.FollowerRole - RaftServer{2}{role=FOLLOWER} - Sending AppendResponse{status=OK, term=1, succeeded=true, lastLogIndex=108}
11:13:44.524 [raft-server-3] TRACE i.a.p.raft.roles.FollowerRole - RaftServer{3}{role=FOLLOWER} - Received AppendRequest{term=1, leader=1, prevLogIndex=108, prevLogTerm=1, entries=0, commitIndex=108}
11:13:44.524 [raft-server-1] TRACE i.a.p.raft.roles.LeaderAppender - RaftServer{1} - Received AppendResponse{status=OK, term=1, succeeded=true, lastLogIndex=108} from 2
11:13:44.524 [raft-server-3] TRACE i.a.p.raft.roles.FollowerRole - RaftServer{3}{role=FOLLOWER} - Sending AppendResponse{status=OK, term=1, succeeded=true, lastLogIndex=108}
11:13:44.524 [raft-server-1] TRACE i.a.p.raft.roles.LeaderAppender - RaftServer{1} - Sending AppendRequest{term=1, leader=1, prevLogIndex=108, prevLogTerm=1, entries=0, commitIndex=108} to 2
11:13:44.525 [raft-server-1] TRACE i.a.p.raft.roles.LeaderAppender - RaftServer{1} - Received AppendResponse{status=OK, term=1, succeeded=true, lastLogIndex=108} from 3
11:13:44.525 [raft-server-2] TRACE i.a.p.raft.roles.FollowerRole - RaftServer{2}{role=FOLLOWER} - Received AppendRequest{term=1, leader=1, prevLogIndex=108, prevLogTerm=1, entries=0, commitIndex=108}
11:13:44.525 [raft-server-1] TRACE i.a.p.raft.roles.LeaderAppender - RaftServer{1} - Sending AppendRequest{term=1, leader=1, prevLogIndex=108, prevLogTerm=1, entries=0, commitIndex=108} to 3
11:13:44.525 [raft-server-2] TRACE i.a.p.raft.roles.FollowerRole - RaftServer{2}{role=FOLLOWER} - Sending AppendResponse{status=OK, term=1, succeeded=true, lastLogIndex=108}
11:13:44.525 [raft-server-3] TRACE i.a.p.raft.roles.FollowerRole - RaftServer{3}{role=FOLLOWER} - Received AppendRequest{term=1, leader=1, prevLogIndex=108, prevLogTerm=1, entries=0, commitIndex=108}
11:13:44.525 [raft-server-1] TRACE i.a.p.raft.roles.LeaderAppender - RaftServer{1} - Received AppendResponse{status=OK, term=1, succeeded=true, lastLogIndex=108} from 2
11:13:44.525 [raft-server-3] TRACE i.a.p.raft.roles.FollowerRole - RaftServer{3}{role=FOLLOWER} - Sending AppendResponse{status=OK, term=1, succeeded=true, lastLogIndex=108}
11:13:44.525 [raft-server-1] TRACE i.a.p.raft.roles.LeaderAppender - RaftServer{1} - Sending AppendRequest{term=1, leader=1, prevLogIndex=108, prevLogTerm=1, entries=0, commitIndex=108} to 2
11:13:44.525 [raft-server-1] TRACE i.a.p.raft.roles.LeaderAppender - RaftServer{1} - Received AppendResponse{status=OK, term=1, succeeded=true, lastLogIndex=108} from 3
11:13:44.525 [raft-server-2] TRACE i.a.p.raft.roles.FollowerRole - RaftServer{2}{role=FOLLOWER} - Received AppendRequest{term=1, leader=1, prevLogIndex=108, prevLogTerm=1, entries=0, commitIndex=108}
11:13:44.525 [raft-server-2] TRACE i.a.p.raft.roles.FollowerRole - RaftServer{2}{role=FOLLOWER} - Sending AppendResponse{status=OK, term=1, succeeded=true, lastLogIndex=108}
11:13:44.525 [raft-server-1] TRACE i.a.p.raft.roles.LeaderAppender - RaftServer{1} - Received AppendResponse{status=OK, term=1, succeeded=true, lastLogIndex=108} from 2
11:13:44.774 [raft-server-1] TRACE i.a.p.raft.roles.LeaderAppender - RaftServer{1} - Sending AppendRequest{term=1, leader=1, prevLogIndex=108, prevLogTerm=1, entries=0, commitIndex=108} to 2
11:13:44.774 [raft-server-1] TRACE i.a.p.raft.roles.LeaderAppender - RaftServer{1} - Sending AppendRequest{term=1, leader=1, prevLogIndex=108, prevLogTerm=1, entries=0, commitIndex=108} to 3
11:13:44.774 [raft-server-2] TRACE i.a.p.raft.roles.FollowerRole - RaftServer{2}{role=FOLLOWER} - Received AppendRequest{term=1, leader=1, prevLogIndex=108, prevLogTerm=1, entries=0, commitIndex=108}
11:13:44.774 [raft-server-3] TRACE i.a.p.raft.roles.FollowerRole - RaftServer{3}{role=FOLLOWER} - Received AppendRequest{term=1, leader=1, prevLogIndex=108, prevLogTerm=1, entries=0, commitIndex=108}
11:13:44.774 [raft-server-2] TRACE i.a.p.raft.roles.FollowerRole - RaftServer{2}{role=FOLLOWER} - Sending AppendResponse{status=OK, term=1, succeeded=true, lastLogIndex=108}
11:13:44.774 [raft-server-3] TRACE i.a.p.raft.roles.FollowerRole - RaftServer{3}{role=FOLLOWER} - Sending AppendResponse{status=OK, term=1, succeeded=true, lastLogIndex=108}
11:13:44.774 [raft-server-1] TRACE i.a.p.raft.roles.LeaderAppender - RaftServer{1} - Received AppendResponse{status=OK, term=1, succeeded=true, lastLogIndex=108} from 2
11:13:44.774 [raft-server-1] TRACE i.a.p.raft.roles.LeaderAppender - RaftServer{1} - Sending AppendRequest{term=1, leader=1, prevLogIndex=108, prevLogTerm=1, entries=0, commitIndex=108} to 2
11:13:44.774 [raft-server-2] TRACE i.a.p.raft.roles.FollowerRole - RaftServer{2}{role=FOLLOWER} - Received AppendRequest{term=1, leader=1, prevLogIndex=108, prevLogTerm=1, entries=0, commitIndex=108}
11:13:44.774 [raft-server-1] TRACE i.a.p.raft.roles.LeaderAppender - RaftServer{1} - Received AppendResponse{status=OK, term=1, succeeded=true, lastLogIndex=108} from 3
11:13:44.774 [raft-server-2] TRACE i.a.p.raft.roles.FollowerRole - RaftServer{2}{role=FOLLOWER} - Sending AppendResponse{status=OK, term=1, succeeded=true, lastLogIndex=108}
11:13:44.774 [raft-server-1] TRACE i.a.p.raft.roles.LeaderAppender - RaftServer{1} - Sending AppendRequest{term=1, leader=1, prevLogIndex=108, prevLogTerm=1, entries=0, commitIndex=108} to 3
11:13:44.774 [raft-server-1] TRACE i.a.p.raft.roles.LeaderAppender - RaftServer{1} - Received AppendResponse{status=OK, term=1, succeeded=true, lastLogIndex=108} from 2
11:13:44.774 [raft-server-3] TRACE i.a.p.raft.roles.FollowerRole - RaftServer{3}{role=FOLLOWER} - Received AppendRequest{term=1, leader=1, prevLogIndex=108, prevLogTerm=1, entries=0, commitIndex=108}
11:13:44.775 [raft-server-1] TRACE i.a.p.raft.roles.LeaderAppender - RaftServer{1} - Sending AppendRequest{term=1, leader=1, prevLogIndex=108, prevLogTerm=1, entries=0, commitIndex=108} to 2
11:13:44.775 [raft-server-3] TRACE i.a.p.raft.roles.FollowerRole - RaftServer{3}{role=FOLLOWER} - Sending AppendResponse{status=OK, term=1, succeeded=true, lastLogIndex=108}
11:13:44.775 [raft-server-1] TRACE i.a.p.raft.roles.LeaderAppender - RaftServer{1} - Received AppendResponse{status=OK, term=1, succeeded=true, lastLogIndex=108} from 3
11:13:44.775 [raft-server-2] TRACE i.a.p.raft.roles.FollowerRole - RaftServer{2}{role=FOLLOWER} - Received AppendRequest{term=1, leader=1, prevLogIndex=108, prevLogTerm=1, entries=0, commitIndex=108}
11:13:44.775 [raft-server-2] TRACE i.a.p.raft.roles.FollowerRole - RaftServer{2}{role=FOLLOWER} - Sending AppendResponse{status=OK, term=1, succeeded=true, lastLogIndex=108}
11:13:44.775 [raft-server-1] TRACE i.a.p.raft.roles.LeaderAppender - RaftServer{1} - Sending AppendRequest{term=1, leader=1, prevLogIndex=108, prevLogTerm=1, entries=0, commitIndex=108} to 3
11:13:44.775 [raft-server-1] TRACE i.a.p.raft.roles.LeaderAppender - RaftServer{1} - Received AppendResponse{status=OK, term=1, succeeded=true, lastLogIndex=108} from 2
11:13:44.775 [raft-server-3] TRACE i.a.p.raft.roles.FollowerRole - RaftServer{3}{role=FOLLOWER} - Received AppendRequest{term=1, leader=1, prevLogIndex=108, prevLogTerm=1, entries=0, commitIndex=108}
11:13:44.775 [raft-server-3] TRACE i.a.p.raft.roles.FollowerRole - RaftServer{3}{role=FOLLOWER} - Sending AppendResponse{status=OK, term=1, succeeded=true, lastLogIndex=108}
11:13:44.775 [raft-server-1] TRACE i.a.p.raft.roles.LeaderAppender - RaftServer{1} - Received AppendResponse{status=OK, term=1, succeeded=true, lastLogIndex=108} from 3
11:13:44.965 [raft-client-a5a0def7-e1df-4503-b1c6-00519ae66cf7-4] TRACE i.a.p.r.proxy.impl.RaftProxyManager - RaftClient{a5a0def7-e1df-4503-b1c6-00519ae66cf7} - Keeping 1 sessions alive
11:13:44.965 [raft-client-a5a0def7-e1df-4503-b1c6-00519ae66cf7-4] TRACE i.a.p.r.p.impl.RaftProxyConnection - RaftClient{a5a0def7-e1df-4503-b1c6-00519ae66cf7} - Sending KeepAliveRequest{sessionIds=long[]{length=1, hash=33}, commandSequences=long[]{length=1, hash=131}, eventIndexes=long[]{length=1, hash=33}} to 1
11:13:44.965 [raft-server-1] TRACE i.a.protocols.raft.roles.LeaderRole - RaftServer{1}{role=LEADER} - Received KeepAliveRequest{sessionIds=long[]{length=1, hash=33}, commandSequences=long[]{length=1, hash=131}, eventIndexes=long[]{length=1, hash=33}}
11:13:44.966 [raft-server-1] TRACE i.a.protocols.raft.roles.LeaderRole - RaftServer{1}{role=LEADER} - Appended Indexed{index=109, entry=KeepAliveEntry{term=1, timestamp=2018-05-30 11:13:44,965, sessionIds=long[]{length=1, hash=33}, commandSequences=long[]{length=1, hash=131}, eventIndexes=long[]{length=1, hash=33}}}
11:13:44.966 [raft-server-1] TRACE i.a.p.raft.roles.LeaderAppender - RaftServer{1} - Sending AppendRequest{term=1, leader=1, prevLogIndex=108, prevLogTerm=1, entries=1, commitIndex=108} to 2
11:13:44.966 [raft-server-2] TRACE i.a.p.raft.roles.FollowerRole - RaftServer{2}{role=FOLLOWER} - Received AppendRequest{term=1, leader=1, prevLogIndex=108, prevLogTerm=1, entries=1, commitIndex=108}
11:13:44.966 [raft-server-1] TRACE i.a.p.raft.roles.LeaderAppender - RaftServer{1} - Sending AppendRequest{term=1, leader=1, prevLogIndex=108, prevLogTerm=1, entries=1, commitIndex=108} to 3
11:13:44.966 [raft-server-3] TRACE i.a.p.raft.roles.FollowerRole - RaftServer{3}{role=FOLLOWER} - Received AppendRequest{term=1, leader=1, prevLogIndex=108, prevLogTerm=1, entries=1, commitIndex=108}
11:13:44.966 [raft-server-2] TRACE i.a.p.raft.roles.FollowerRole - RaftServer{2}{role=FOLLOWER} - Appended Indexed{index=109, entry=KeepAliveEntry{term=1, timestamp=2018-05-30 11:13:44,965, sessionIds=long[]{length=1, hash=33}, commandSequences=long[]{length=1, hash=131}, eventIndexes=long[]{length=1, hash=33}}}
11:13:44.966 [raft-server-2] TRACE i.a.p.raft.roles.FollowerRole - RaftServer{2}{role=FOLLOWER} - Sending AppendResponse{status=OK, term=1, succeeded=true, lastLogIndex=109}
11:13:44.966 [raft-server-1] TRACE i.a.p.raft.roles.LeaderAppender - RaftServer{1} - Received AppendResponse{status=OK, term=1, succeeded=true, lastLogIndex=109} from 2
11:13:44.966 [raft-server-3] TRACE i.a.p.raft.roles.FollowerRole - RaftServer{3}{role=FOLLOWER} - Appended Indexed{index=109, entry=KeepAliveEntry{term=1, timestamp=2018-05-30 11:13:44,965, sessionIds=long[]{length=1, hash=33}, commandSequences=long[]{length=1, hash=131}, eventIndexes=long[]{length=1, hash=33}}}
11:13:44.966 [raft-server-1] TRACE i.a.p.raft.roles.LeaderAppender - RaftServer{1} - Committed entries up to 109
11:13:44.966 [raft-server-3] TRACE i.a.p.raft.roles.FollowerRole - RaftServer{3}{role=FOLLOWER} - Sending AppendResponse{status=OK, term=1, succeeded=true, lastLogIndex=109}
11:13:45.029 [raft-server-1] TRACE i.a.p.raft.roles.LeaderAppender - RaftServer{1} - Received AppendResponse{status=OK, term=1, succeeded=true, lastLogIndex=109} from 3
11:13:45.029 [raft-server-1] TRACE i.a.p.raft.roles.LeaderAppender - RaftServer{1} - Sending AppendRequest{term=1, leader=1, prevLogIndex=109, prevLogTerm=1, entries=0, commitIndex=109} to 2
11:13:45.029 [raft-server-1] TRACE i.a.p.raft.roles.LeaderAppender - RaftServer{1} - Sending AppendRequest{term=1, leader=1, prevLogIndex=109, prevLogTerm=1, entries=0, commitIndex=109} to 3
11:13:45.030 [raft-server-2] TRACE i.a.p.raft.roles.FollowerRole - RaftServer{2}{role=FOLLOWER} - Received AppendRequest{term=1, leader=1, prevLogIndex=109, prevLogTerm=1, entries=0, commitIndex=109}
11:13:45.030 [raft-server-3] TRACE i.a.p.raft.roles.FollowerRole - RaftServer{3}{role=FOLLOWER} - Received AppendRequest{term=1, leader=1, prevLogIndex=109, prevLogTerm=1, entries=0, commitIndex=109}
11:13:45.030 [raft-server-1-state] TRACE i.a.p.raft.impl.RaftServiceManager - RaftServer{1} - Applying Indexed{index=109, entry=KeepAliveEntry{term=1, timestamp=2018-05-30 11:13:44,965, sessionIds=long[]{length=1, hash=33}, commandSequences=long[]{length=1, hash=131}, eventIndexes=long[]{length=1, hash=33}}}
11:13:45.030 [raft-server-1] TRACE i.a.protocols.raft.roles.LeaderRole - RaftServer{1}{role=LEADER} - Sending KeepAliveResponse{status=OK, leader=1, members=[1, 2, 3], sessionIds=long[]{length=1, hash=33}}
11:13:45.030 [raft-client-a5a0def7-e1df-4503-b1c6-00519ae66cf7-5] TRACE i.a.p.r.p.impl.RaftProxyConnection - RaftClient{a5a0def7-e1df-4503-b1c6-00519ae66cf7} - Received KeepAliveResponse{status=OK, leader=1, members=[1, 2, 3], sessionIds=long[]{length=1, hash=33}} from 1
11:13:45.063 [raft-server-2] TRACE i.a.p.raft.roles.FollowerRole - RaftServer{2}{role=FOLLOWER} - Committed entries up to index 109
11:13:45.063 [raft-server-3] TRACE i.a.p.raft.roles.FollowerRole - RaftServer{3}{role=FOLLOWER} - Committed entries up to index 109
11:13:45.063 [raft-server-2] TRACE i.a.p.raft.roles.FollowerRole - RaftServer{2}{role=FOLLOWER} - Sending AppendResponse{status=OK, term=1, succeeded=true, lastLogIndex=109}
11:13:45.063 [raft-server-3] TRACE i.a.p.raft.roles.FollowerRole - RaftServer{3}{role=FOLLOWER} - Sending AppendResponse{status=OK, term=1, succeeded=true, lastLogIndex=109}
11:13:45.063 [raft-server-1] TRACE i.a.p.raft.roles.LeaderAppender - RaftServer{1} - Received AppendResponse{status=OK, term=1, succeeded=true, lastLogIndex=109} from 2
11:13:45.063 [raft-server-1] TRACE i.a.p.raft.roles.LeaderAppender - RaftServer{1} - Sending AppendRequest{term=1, leader=1, prevLogIndex=109, prevLogTerm=1, entries=0, commitIndex=109} to 2
11:13:45.063 [raft-server-2-state] TRACE i.a.p.raft.impl.RaftServiceManager - RaftServer{2} - Applying Indexed{index=109, entry=KeepAliveEntry{term=1, timestamp=2018-05-30 11:13:44,965, sessionIds=long[]{length=1, hash=33}, commandSequences=long[]{length=1, hash=131}, eventIndexes=long[]{length=1, hash=33}}}
11:13:45.063 [raft-server-3-state] TRACE i.a.p.raft.impl.RaftServiceManager - RaftServer{3} - Applying Indexed{index=109, entry=KeepAliveEntry{term=1, timestamp=2018-05-30 11:13:44,965, sessionIds=long[]{length=1, hash=33}, commandSequences=long[]{length=1, hash=131}, eventIndexes=long[]{length=1, hash=33}}}
11:13:45.063 [raft-server-1] TRACE i.a.p.raft.roles.LeaderAppender - RaftServer{1} - Received AppendResponse{status=OK, term=1, succeeded=true, lastLogIndex=109} from 3
11:13:45.063 [raft-server-2] TRACE i.a.p.raft.roles.FollowerRole - RaftServer{2}{role=FOLLOWER} - Received AppendRequest{term=1, leader=1, prevLogIndex=109, prevLogTerm=1, entries=0, commitIndex=109}
11:13:45.063 [raft-server-1] TRACE i.a.p.raft.roles.LeaderAppender - RaftServer{1} - Sending AppendRequest{term=1, leader=1, prevLogIndex=109, prevLogTerm=1, entries=0, commitIndex=109} to 3
11:13:45.063 [raft-server-2] TRACE i.a.p.raft.roles.FollowerRole - RaftServer{2}{role=FOLLOWER} - Sending AppendResponse{status=OK, term=1, succeeded=true, lastLogIndex=109}
11:13:45.063 [raft-server-3] TRACE i.a.p.raft.roles.FollowerRole - RaftServer{3}{role=FOLLOWER} - Received AppendRequest{term=1, leader=1, prevLogIndex=109, prevLogTerm=1, entries=0, commitIndex=109}
11:13:45.063 [raft-server-1] TRACE i.a.p.raft.roles.LeaderAppender - RaftServer{1} - Received AppendResponse{status=OK, term=1, succeeded=true, lastLogIndex=109} from 2
11:13:45.063 [raft-server-3] TRACE i.a.p.raft.roles.FollowerRole - RaftServer{3}{role=FOLLOWER} - Sending AppendResponse{status=OK, term=1, succeeded=true, lastLogIndex=109}
11:13:45.063 [raft-server-1] TRACE i.a.p.raft.roles.LeaderAppender - RaftServer{1} - Received AppendResponse{status=OK, term=1, succeeded=true, lastLogIndex=109} from 3
11:13:45.274 [raft-server-1] TRACE i.a.p.raft.roles.LeaderAppender - RaftServer{1} - Sending AppendRequest{term=1, leader=1, prevLogIndex=109, prevLogTerm=1, entries=0, commitIndex=109} to 2
11:13:45.274 [raft-server-2] TRACE i.a.p.raft.roles.FollowerRole - RaftServer{2}{role=FOLLOWER} - Received AppendRequest{term=1, leader=1, prevLogIndex=109, prevLogTerm=1, entries=0, commitIndex=109}
11:13:45.274 [raft-server-1] TRACE i.a.p.raft.roles.LeaderAppender - RaftServer{1} - Sending AppendRequest{term=1, leader=1, prevLogIndex=109, prevLogTerm=1, entries=0, commitIndex=109} to 3
11:13:45.274 [raft-server-2] TRACE i.a.p.raft.roles.FollowerRole - RaftServer{2}{role=FOLLOWER} - Sending AppendResponse{status=OK, term=1, succeeded=true, lastLogIndex=109}
11:13:45.274 [raft-server-3] TRACE i.a.p.raft.roles.FollowerRole - RaftServer{3}{role=FOLLOWER} - Received AppendRequest{term=1, leader=1, prevLogIndex=109, prevLogTerm=1, entries=0, commitIndex=109}
11:13:45.274 [raft-server-1] TRACE i.a.p.raft.roles.LeaderAppender - RaftServer{1} - Received AppendResponse{status=OK, term=1, succeeded=true, lastLogIndex=109} from 2
11:13:45.274 [raft-server-3] TRACE i.a.p.raft.roles.FollowerRole - RaftServer{3}{role=FOLLOWER} - Sending AppendResponse{status=OK, term=1, succeeded=true, lastLogIndex=109}
11:13:45.274 [raft-server-1] TRACE i.a.p.raft.roles.LeaderAppender - RaftServer{1} - Sending AppendRequest{term=1, leader=1, prevLogIndex=109, prevLogTerm=1, entries=0, commitIndex=109} to 2
11:13:45.274 [raft-server-2] TRACE i.a.p.raft.roles.FollowerRole - RaftServer{2}{role=FOLLOWER} - Received AppendRequest{term=1, leader=1, prevLogIndex=109, prevLogTerm=1, entries=0, commitIndex=109}
11:13:45.274 [raft-server-1] TRACE i.a.p.raft.roles.LeaderAppender - RaftServer{1} - Received AppendResponse{status=OK, term=1, succeeded=true, lastLogIndex=109} from 3
11:13:45.274 [raft-server-2] TRACE i.a.p.raft.roles.FollowerRole - RaftServer{2}{role=FOLLOWER} - Sending AppendResponse{status=OK, term=1, succeeded=true, lastLogIndex=109}
11:13:45.274 [raft-server-1] TRACE i.a.p.raft.roles.LeaderAppender - RaftServer{1} - Sending AppendRequest{term=1, leader=1, prevLogIndex=109, prevLogTerm=1, entries=0, commitIndex=109} to 3
11:13:45.275 [raft-server-1] TRACE i.a.p.raft.roles.LeaderAppender - RaftServer{1} - Received AppendResponse{status=OK, term=1, succeeded=true, lastLogIndex=109} from 2
11:13:45.275 [raft-server-3] TRACE i.a.p.raft.roles.FollowerRole - RaftServer{3}{role=FOLLOWER} - Received AppendRequest{term=1, leader=1, prevLogIndex=109, prevLogTerm=1, entries=0, commitIndex=109}
11:13:45.275 [raft-server-1] TRACE i.a.p.raft.roles.LeaderAppender - RaftServer{1} - Sending AppendRequest{term=1, leader=1, prevLogIndex=109, prevLogTerm=1, entries=0, commitIndex=109} to 2
11:13:45.275 [raft-server-3] TRACE i.a.p.raft.roles.FollowerRole - RaftServer{3}{role=FOLLOWER} - Sending AppendResponse{status=OK, term=1, succeeded=true, lastLogIndex=109}
11:13:45.275 [raft-server-2] TRACE i.a.p.raft.roles.FollowerRole - RaftServer{2}{role=FOLLOWER} - Received AppendRequest{term=1, leader=1, prevLogIndex=109, prevLogTerm=1, entries=0, commitIndex=109}
11:13:45.275 [raft-server-2] TRACE i.a.p.raft.roles.FollowerRole - RaftServer{2}{role=FOLLOWER} - Sending AppendResponse{status=OK, term=1, succeeded=true, lastLogIndex=109}
11:13:45.275 [raft-server-1] TRACE i.a.p.raft.roles.LeaderAppender - RaftServer{1} - Received AppendResponse{status=OK, term=1, succeeded=true, lastLogIndex=109} from 3
11:13:45.275 [raft-server-1] TRACE i.a.p.raft.roles.LeaderAppender - RaftServer{1} - Sending AppendRequest{term=1, leader=1, prevLogIndex=109, prevLogTerm=1, entries=0, commitIndex=109} to 3
11:13:45.275 [raft-server-1] TRACE i.a.p.raft.roles.LeaderAppender - RaftServer{1} - Received AppendResponse{status=OK, term=1, succeeded=true, lastLogIndex=109} from 2
11:13:45.275 [raft-server-3] TRACE i.a.p.raft.roles.FollowerRole - RaftServer{3}{role=FOLLOWER} - Received AppendRequest{term=1, leader=1, prevLogIndex=109, prevLogTerm=1, entries=0, commitIndex=109}
11:13:45.275 [raft-server-3] TRACE i.a.p.raft.roles.FollowerRole - RaftServer{3}{role=FOLLOWER} - Sending AppendResponse{status=OK, term=1, succeeded=true, lastLogIndex=109}
11:13:45.275 [raft-server-1] TRACE i.a.p.raft.roles.LeaderAppender - RaftServer{1} - Received AppendResponse{status=OK, term=1, succeeded=true, lastLogIndex=109} from 3
11:13:45.524 [raft-server-1] TRACE i.a.p.raft.roles.LeaderAppender - RaftServer{1} - Sending AppendRequest{term=1, leader=1, prevLogIndex=109, prevLogTerm=1, entries=0, commitIndex=109} to 2
11:13:45.524 [raft-server-1] TRACE i.a.p.raft.roles.LeaderAppender - RaftServer{1} - Sending AppendRequest{term=1, leader=1, prevLogIndex=109, prevLogTerm=1, entries=0, commitIndex=109} to 3
11:13:45.524 [raft-server-2] TRACE i.a.p.raft.roles.FollowerRole - RaftServer{2}{role=FOLLOWER} - Received AppendRequest{term=1, leader=1, prevLogIndex=109, prevLogTerm=1, entries=0, commitIndex=109}
11:13:45.524 [raft-server-3] TRACE i.a.p.raft.roles.FollowerRole - RaftServer{3}{role=FOLLOWER} - Received AppendRequest{term=1, leader=1, prevLogIndex=109, prevLogTerm=1, entries=0, commitIndex=109}
11:13:45.524 [raft-server-2] TRACE i.a.p.raft.roles.FollowerRole - RaftServer{2}{role=FOLLOWER} - Sending AppendResponse{status=OK, term=1, succeeded=true, lastLogIndex=109}
11:13:45.524 [raft-server-3] TRACE i.a.p.raft.roles.FollowerRole - RaftServer{3}{role=FOLLOWER} - Sending AppendResponse{status=OK, term=1, succeeded=true, lastLogIndex=109}
11:13:45.524 [raft-server-1] TRACE i.a.p.raft.roles.LeaderAppender - RaftServer{1} - Received AppendResponse{status=OK, term=1, succeeded=true, lastLogIndex=109} from 2
11:13:45.524 [raft-server-1] TRACE i.a.p.raft.roles.LeaderAppender - RaftServer{1} - Sending AppendRequest{term=1, leader=1, prevLogIndex=109, prevLogTerm=1, entries=0, commitIndex=109} to 2
11:13:45.524 [raft-server-2] TRACE i.a.p.raft.roles.FollowerRole - RaftServer{2}{role=FOLLOWER} - Received AppendRequest{term=1, leader=1, prevLogIndex=109, prevLogTerm=1, entries=0, commitIndex=109}
11:13:45.524 [raft-server-1] TRACE i.a.p.raft.roles.LeaderAppender - RaftServer{1} - Received AppendResponse{status=OK, term=1, succeeded=true, lastLogIndex=109} from 3
11:13:45.524 [raft-server-2] TRACE i.a.p.raft.roles.FollowerRole - RaftServer{2}{role=FOLLOWER} - Sending AppendResponse{status=OK, term=1, succeeded=true, lastLogIndex=109}
11:13:45.524 [raft-server-1] TRACE i.a.p.raft.roles.LeaderAppender - RaftServer{1} - Sending AppendRequest{term=1, leader=1, prevLogIndex=109, prevLogTerm=1, entries=0, commitIndex=109} to 3
11:13:45.524 [raft-server-1] TRACE i.a.p.raft.roles.LeaderAppender - RaftServer{1} - Received AppendResponse{status=OK, term=1, succeeded=true, lastLogIndex=109} from 2
11:13:45.525 [raft-server-3] TRACE i.a.p.raft.roles.FollowerRole - RaftServer{3}{role=FOLLOWER} - Received AppendRequest{term=1, leader=1, prevLogIndex=109, prevLogTerm=1, entries=0, commitIndex=109}
11:13:45.525 [raft-server-1] TRACE i.a.p.raft.roles.LeaderAppender - RaftServer{1} - Sending AppendRequest{term=1, leader=1, prevLogIndex=109, prevLogTerm=1, entries=0, commitIndex=109} to 2
11:13:45.525 [raft-server-3] TRACE i.a.p.raft.roles.FollowerRole - RaftServer{3}{role=FOLLOWER} - Sending AppendResponse{status=OK, term=1, succeeded=true, lastLogIndex=109}
11:13:45.525 [raft-server-1] TRACE i.a.p.raft.roles.LeaderAppender - RaftServer{1} - Received AppendResponse{status=OK, term=1, succeeded=true, lastLogIndex=109} from 3
11:13:45.525 [raft-server-2] TRACE i.a.p.raft.roles.FollowerRole - RaftServer{2}{role=FOLLOWER} - Received AppendRequest{term=1, leader=1, prevLogIndex=109, prevLogTerm=1, entries=0, commitIndex=109}
11:13:45.525 [raft-server-2] TRACE i.a.p.raft.roles.FollowerRole - RaftServer{2}{role=FOLLOWER} - Sending AppendResponse{status=OK, term=1, succeeded=true, lastLogIndex=109}
11:13:45.525 [raft-server-1] TRACE i.a.p.raft.roles.LeaderAppender - RaftServer{1} - Sending AppendRequest{term=1, leader=1, prevLogIndex=109, prevLogTerm=1, entries=0, commitIndex=109} to 3
11:13:45.525 [raft-server-1] TRACE i.a.p.raft.roles.LeaderAppender - RaftServer{1} - Received AppendResponse{status=OK, term=1, succeeded=true, lastLogIndex=109} from 2
11:13:45.526 [raft-server-3] TRACE i.a.p.raft.roles.FollowerRole - RaftServer{3}{role=FOLLOWER} - Received AppendRequest{term=1, leader=1, prevLogIndex=109, prevLogTerm=1, entries=0, commitIndex=109}
11:13:45.526 [raft-server-3] TRACE i.a.p.raft.roles.FollowerRole - RaftServer{3}{role=FOLLOWER} - Sending AppendResponse{status=OK, term=1, succeeded=true, lastLogIndex=109}
11:13:45.526 [raft-server-1] TRACE i.a.p.raft.roles.LeaderAppender - RaftServer{1} - Received AppendResponse{status=OK, term=1, succeeded=true, lastLogIndex=109} from 3
11:13:45.774 [raft-server-1] TRACE i.a.p.raft.roles.LeaderAppender - RaftServer{1} - Sending AppendRequest{term=1, leader=1, prevLogIndex=109, prevLogTerm=1, entries=0, commitIndex=109} to 2
11:13:45.774 [raft-server-2] TRACE i.a.p.raft.roles.FollowerRole - RaftServer{2}{role=FOLLOWER} - Received AppendRequest{term=1, leader=1, prevLogIndex=109, prevLogTerm=1, entries=0, commitIndex=109}
11:13:45.774 [raft-server-1] TRACE i.a.p.raft.roles.LeaderAppender - RaftServer{1} - Sending AppendRequest{term=1, leader=1, prevLogIndex=109, prevLogTerm=1, entries=0, commitIndex=109} to 3
11:13:45.774 [raft-server-2] TRACE i.a.p.raft.roles.FollowerRole - RaftServer{2}{role=FOLLOWER} - Sending AppendResponse{status=OK, term=1, succeeded=true, lastLogIndex=109}
11:13:45.774 [raft-server-3] TRACE i.a.p.raft.roles.FollowerRole - RaftServer{3}{role=FOLLOWER} - Received AppendRequest{term=1, leader=1, prevLogIndex=109, prevLogTerm=1, entries=0, commitIndex=109}
11:13:45.774 [raft-server-1] TRACE i.a.p.raft.roles.LeaderAppender - RaftServer{1} - Received AppendResponse{status=OK, term=1, succeeded=true, lastLogIndex=109} from 2
11:13:45.774 [raft-server-3] TRACE i.a.p.raft.roles.FollowerRole - RaftServer{3}{role=FOLLOWER} - Sending AppendResponse{status=OK, term=1, succeeded=true, lastLogIndex=109}
11:13:45.774 [raft-server-1] TRACE i.a.p.raft.roles.LeaderAppender - RaftServer{1} - Sending AppendRequest{term=1, leader=1, prevLogIndex=109, prevLogTerm=1, entries=0, commitIndex=109} to 2
11:13:45.774 [raft-server-2] TRACE i.a.p.raft.roles.FollowerRole - RaftServer{2}{role=FOLLOWER} - Received AppendRequest{term=1, leader=1, prevLogIndex=109, prevLogTerm=1, entries=0, commitIndex=109}
11:13:45.774 [raft-server-1] TRACE i.a.p.raft.roles.LeaderAppender - RaftServer{1} - Received AppendResponse{status=OK, term=1, succeeded=true, lastLogIndex=109} from 3
11:13:45.774 [raft-server-2] TRACE i.a.p.raft.roles.FollowerRole - RaftServer{2}{role=FOLLOWER} - Sending AppendResponse{status=OK, term=1, succeeded=true, lastLogIndex=109}
11:13:45.774 [raft-server-1] TRACE i.a.p.raft.roles.LeaderAppender - RaftServer{1} - Sending AppendRequest{term=1, leader=1, prevLogIndex=109, prevLogTerm=1, entries=0, commitIndex=109} to 3
11:13:45.774 [raft-server-1] TRACE i.a.p.raft.roles.LeaderAppender - RaftServer{1} - Received AppendResponse{status=OK, term=1, succeeded=true, lastLogIndex=109} from 2
11:13:45.774 [raft-server-3] TRACE i.a.p.raft.roles.FollowerRole - RaftServer{3}{role=FOLLOWER} - Received AppendRequest{term=1, leader=1, prevLogIndex=109, prevLogTerm=1, entries=0, commitIndex=109}
11:13:45.775 [raft-server-3] TRACE i.a.p.raft.roles.FollowerRole - RaftServer{3}{role=FOLLOWER} - Sending AppendResponse{status=OK, term=1, succeeded=true, lastLogIndex=109}
11:13:45.775 [raft-server-1] TRACE i.a.p.raft.roles.LeaderAppender - RaftServer{1} - Sending AppendRequest{term=1, leader=1, prevLogIndex=109, prevLogTerm=1, entries=0, commitIndex=109} to 2
11:13:45.775 [raft-server-1] TRACE i.a.p.raft.roles.LeaderAppender - RaftServer{1} - Received AppendResponse{status=OK, term=1, succeeded=true, lastLogIndex=109} from 3
11:13:45.775 [raft-server-2] TRACE i.a.p.raft.roles.FollowerRole - RaftServer{2}{role=FOLLOWER} - Received AppendRequest{term=1, leader=1, prevLogIndex=109, prevLogTerm=1, entries=0, commitIndex=109}
11:13:45.775 [raft-server-2] TRACE i.a.p.raft.roles.FollowerRole - RaftServer{2}{role=FOLLOWER} - Sending AppendResponse{status=OK, term=1, succeeded=true, lastLogIndex=109}
11:13:45.775 [raft-server-1] TRACE i.a.p.raft.roles.LeaderAppender - RaftServer{1} - Sending AppendRequest{term=1, leader=1, prevLogIndex=109, prevLogTerm=1, entries=0, commitIndex=109} to 3
11:13:45.775 [raft-server-1] TRACE i.a.p.raft.roles.LeaderAppender - RaftServer{1} - Received AppendResponse{status=OK, term=1, succeeded=true, lastLogIndex=109} from 2
11:13:45.775 [raft-server-3] TRACE i.a.p.raft.roles.FollowerRole - RaftServer{3}{role=FOLLOWER} - Received AppendRequest{term=1, leader=1, prevLogIndex=109, prevLogTerm=1, entries=0, commitIndex=109}
11:13:45.775 [raft-server-3] TRACE i.a.p.raft.roles.FollowerRole - RaftServer{3}{role=FOLLOWER} - Sending AppendResponse{status=OK, term=1, succeeded=true, lastLogIndex=109}
11:13:45.775 [raft-server-1] TRACE i.a.p.raft.roles.LeaderAppender - RaftServer{1} - Received AppendResponse{status=OK, term=1, succeeded=true, lastLogIndex=109} from 3
11:13:46.024 [raft-server-1] TRACE i.a.p.raft.roles.LeaderAppender - RaftServer{1} - Sending AppendRequest{term=1, leader=1, prevLogIndex=109, prevLogTerm=1, entries=0, commitIndex=109} to 2
11:13:46.024 [raft-server-1] TRACE i.a.p.raft.roles.LeaderAppender - RaftServer{1} - Sending AppendRequest{term=1, leader=1, prevLogIndex=109, prevLogTerm=1, entries=0, commitIndex=109} to 3
11:13:46.024 [raft-server-2] TRACE i.a.p.raft.roles.FollowerRole - RaftServer{2}{role=FOLLOWER} - Received AppendRequest{term=1, leader=1, prevLogIndex=109, prevLogTerm=1, entries=0, commitIndex=109}
11:13:46.024 [raft-server-3] TRACE i.a.p.raft.roles.FollowerRole - RaftServer{3}{role=FOLLOWER} - Received AppendRequest{term=1, leader=1, prevLogIndex=109, prevLogTerm=1, entries=0, commitIndex=109}
11:13:46.024 [raft-server-2] TRACE i.a.p.raft.roles.FollowerRole - RaftServer{2}{role=FOLLOWER} - Sending AppendResponse{status=OK, term=1, succeeded=true, lastLogIndex=109}
11:13:46.024 [raft-server-3] TRACE i.a.p.raft.roles.FollowerRole - RaftServer{3}{role=FOLLOWER} - Sending AppendResponse{status=OK, term=1, succeeded=true, lastLogIndex=109}
11:13:46.024 [raft-server-1] TRACE i.a.p.raft.roles.LeaderAppender - RaftServer{1} - Received AppendResponse{status=OK, term=1, succeeded=true, lastLogIndex=109} from 2
11:13:46.024 [raft-server-1] TRACE i.a.p.raft.roles.LeaderAppender - RaftServer{1} - Sending AppendRequest{term=1, leader=1, prevLogIndex=109, prevLogTerm=1, entries=0, commitIndex=109} to 2
11:13:46.024 [raft-server-2] TRACE i.a.p.raft.roles.FollowerRole - RaftServer{2}{role=FOLLOWER} - Received AppendRequest{term=1, leader=1, prevLogIndex=109, prevLogTerm=1, entries=0, commitIndex=109}
11:13:46.024 [raft-server-1] TRACE i.a.p.raft.roles.LeaderAppender - RaftServer{1} - Received AppendResponse{status=OK, term=1, succeeded=true, lastLogIndex=109} from 3
11:13:46.024 [raft-server-2] TRACE i.a.p.raft.roles.FollowerRole - RaftServer{2}{role=FOLLOWER} - Sending AppendResponse{status=OK, term=1, succeeded=true, lastLogIndex=109}
11:13:46.024 [raft-server-1] TRACE i.a.p.raft.roles.LeaderAppender - RaftServer{1} - Sending AppendRequest{term=1, leader=1, prevLogIndex=109, prevLogTerm=1, entries=0, commitIndex=109} to 3
11:13:46.024 [raft-server-3] TRACE i.a.p.raft.roles.FollowerRole - RaftServer{3}{role=FOLLOWER} - Received AppendRequest{term=1, leader=1, prevLogIndex=109, prevLogTerm=1, entries=0, commitIndex=109}
11:13:46.024 [raft-server-1] TRACE i.a.p.raft.roles.LeaderAppender - RaftServer{1} - Received AppendResponse{status=OK, term=1, succeeded=true, lastLogIndex=109} from 2
11:13:46.024 [raft-server-3] TRACE i.a.p.raft.roles.FollowerRole - RaftServer{3}{role=FOLLOWER} - Sending AppendResponse{status=OK, term=1, succeeded=true, lastLogIndex=109}
11:13:46.025 [raft-server-1] TRACE i.a.p.raft.roles.LeaderAppender - RaftServer{1} - Sending AppendRequest{term=1, leader=1, prevLogIndex=109, prevLogTerm=1, entries=0, commitIndex=109} to 2
11:13:46.025 [raft-server-2] TRACE i.a.p.raft.roles.FollowerRole - RaftServer{2}{role=FOLLOWER} - Received AppendRequest{term=1, leader=1, prevLogIndex=109, prevLogTerm=1, entries=0, commitIndex=109}
11:13:46.025 [raft-server-1] TRACE i.a.p.raft.roles.LeaderAppender - RaftServer{1} - Received AppendResponse{status=OK, term=1, succeeded=true, lastLogIndex=109} from 3
11:13:46.025 [raft-server-2] TRACE i.a.p.raft.roles.FollowerRole - RaftServer{2}{role=FOLLOWER} - Sending AppendResponse{status=OK, term=1, succeeded=true, lastLogIndex=109}
11:13:46.025 [raft-server-1] TRACE i.a.p.raft.roles.LeaderAppender - RaftServer{1} - Sending AppendRequest{term=1, leader=1, prevLogIndex=109, prevLogTerm=1, entries=0, commitIndex=109} to 3
11:13:46.025 [raft-server-1] TRACE i.a.p.raft.roles.LeaderAppender - RaftServer{1} - Received AppendResponse{status=OK, term=1, succeeded=true, lastLogIndex=109} from 2
11:13:46.025 [raft-server-3] TRACE i.a.p.raft.roles.FollowerRole - RaftServer{3}{role=FOLLOWER} - Received AppendRequest{term=1, leader=1, prevLogIndex=109, prevLogTerm=1, entries=0, commitIndex=109}
11:13:46.025 [raft-server-3] TRACE i.a.p.raft.roles.FollowerRole - RaftServer{3}{role=FOLLOWER} - Sending AppendResponse{status=OK, term=1, succeeded=true, lastLogIndex=109}
11:13:46.025 [raft-server-1] TRACE i.a.p.raft.roles.LeaderAppender - RaftServer{1} - Received AppendResponse{status=OK, term=1, succeeded=true, lastLogIndex=109} from 3
11:13:46.274 [raft-server-1] TRACE i.a.p.raft.roles.LeaderAppender - RaftServer{1} - Sending AppendRequest{term=1, leader=1, prevLogIndex=109, prevLogTerm=1, entries=0, commitIndex=109} to 2
11:13:46.274 [raft-server-2] TRACE i.a.p.raft.roles.FollowerRole - RaftServer{2}{role=FOLLOWER} - Received AppendRequest{term=1, leader=1, prevLogIndex=109, prevLogTerm=1, entries=0, commitIndex=109}
11:13:46.274 [raft-server-1] TRACE i.a.p.raft.roles.LeaderAppender - RaftServer{1} - Sending AppendRequest{term=1, leader=1, prevLogIndex=109, prevLogTerm=1, entries=0, commitIndex=109} to 3
11:13:46.274 [raft-server-2] TRACE i.a.p.raft.roles.FollowerRole - RaftServer{2}{role=FOLLOWER} - Sending AppendResponse{status=OK, term=1, succeeded=true, lastLogIndex=109}
11:13:46.274 [raft-server-1] TRACE i.a.p.raft.roles.LeaderAppender - RaftServer{1} - Received AppendResponse{status=OK, term=1, succeeded=true, lastLogIndex=109} from 2
11:13:46.274 [raft-server-3] TRACE i.a.p.raft.roles.FollowerRole - RaftServer{3}{role=FOLLOWER} - Received AppendRequest{term=1, leader=1, prevLogIndex=109, prevLogTerm=1, entries=0, commitIndex=109}
11:13:46.274 [raft-server-3] TRACE i.a.p.raft.roles.FollowerRole - RaftServer{3}{role=FOLLOWER} - Sending AppendResponse{status=OK, term=1, succeeded=true, lastLogIndex=109}
11:13:46.274 [raft-server-1] TRACE i.a.p.raft.roles.LeaderAppender - RaftServer{1} - Sending AppendRequest{term=1, leader=1, prevLogIndex=109, prevLogTerm=1, entries=0, commitIndex=109} to 2
11:13:46.274 [raft-server-2] TRACE i.a.p.raft.roles.FollowerRole - RaftServer{2}{role=FOLLOWER} - Received AppendRequest{term=1, leader=1, prevLogIndex=109, prevLogTerm=1, entries=0, commitIndex=109}
11:13:46.274 [raft-server-1] TRACE i.a.p.raft.roles.LeaderAppender - RaftServer{1} - Received AppendResponse{status=OK, term=1, succeeded=true, lastLogIndex=109} from 3
11:13:46.274 [raft-server-2] TRACE i.a.p.raft.roles.FollowerRole - RaftServer{2}{role=FOLLOWER} - Sending AppendResponse{status=OK, term=1, succeeded=true, lastLogIndex=109}
11:13:46.274 [raft-server-1] TRACE i.a.p.raft.roles.LeaderAppender - RaftServer{1} - Sending AppendRequest{term=1, leader=1, prevLogIndex=109, prevLogTerm=1, entries=0, commitIndex=109} to 3
11:13:46.274 [raft-server-1] TRACE i.a.p.raft.roles.LeaderAppender - RaftServer{1} - Received AppendResponse{status=OK, term=1, succeeded=true, lastLogIndex=109} from 2
11:13:46.274 [raft-server-3] TRACE i.a.p.raft.roles.FollowerRole - RaftServer{3}{role=FOLLOWER} - Received AppendRequest{term=1, leader=1, prevLogIndex=109, prevLogTerm=1, entries=0, commitIndex=109}
11:13:46.275 [raft-server-3] TRACE i.a.p.raft.roles.FollowerRole - RaftServer{3}{role=FOLLOWER} - Sending AppendResponse{status=OK, term=1, succeeded=true, lastLogIndex=109}
11:13:46.275 [raft-server-1] TRACE i.a.p.raft.roles.LeaderAppender - RaftServer{1} - Sending AppendRequest{term=1, leader=1, prevLogIndex=109, prevLogTerm=1, entries=0, commitIndex=109} to 2
11:13:46.275 [raft-server-1] TRACE i.a.p.raft.roles.LeaderAppender - RaftServer{1} - Received AppendResponse{status=OK, term=1, succeeded=true, lastLogIndex=109} from 3
11:13:46.275 [raft-server-2] TRACE i.a.p.raft.roles.FollowerRole - RaftServer{2}{role=FOLLOWER} - Received AppendRequest{term=1, leader=1, prevLogIndex=109, prevLogTerm=1, entries=0, commitIndex=109}
11:13:46.275 [raft-server-1] TRACE i.a.p.raft.roles.LeaderAppender - RaftServer{1} - Sending AppendRequest{term=1, leader=1, prevLogIndex=109, prevLogTerm=1, entries=0, commitIndex=109} to 3
11:13:46.275 [raft-server-2] TRACE i.a.p.raft.roles.FollowerRole - RaftServer{2}{role=FOLLOWER} - Sending AppendResponse{status=OK, term=1, succeeded=true, lastLogIndex=109}
11:13:46.275 [raft-server-3] TRACE i.a.p.raft.roles.FollowerRole - RaftServer{3}{role=FOLLOWER} - Received AppendRequest{term=1, leader=1, prevLogIndex=109, prevLogTerm=1, entries=0, commitIndex=109}
11:13:46.275 [raft-server-1] TRACE i.a.p.raft.roles.LeaderAppender - RaftServer{1} - Received AppendResponse{status=OK, term=1, succeeded=true, lastLogIndex=109} from 2
11:13:46.275 [raft-server-3] TRACE i.a.p.raft.roles.FollowerRole - RaftServer{3}{role=FOLLOWER} - Sending AppendResponse{status=OK, term=1, succeeded=true, lastLogIndex=109}
11:13:46.275 [raft-server-1] TRACE i.a.p.raft.roles.LeaderAppender - RaftServer{1} - Received AppendResponse{status=OK, term=1, succeeded=true, lastLogIndex=109} from 3
11:13:46.524 [raft-server-1] TRACE i.a.p.raft.roles.LeaderAppender - RaftServer{1} - Sending AppendRequest{term=1, leader=1, prevLogIndex=109, prevLogTerm=1, entries=0, commitIndex=109} to 2
11:13:46.524 [raft-server-2] TRACE i.a.p.raft.roles.FollowerRole - RaftServer{2}{role=FOLLOWER} - Received AppendRequest{term=1, leader=1, prevLogIndex=109, prevLogTerm=1, entries=0, commitIndex=109}
11:13:46.524 [raft-server-1] TRACE i.a.p.raft.roles.LeaderAppender - RaftServer{1} - Sending AppendRequest{term=1, leader=1, prevLogIndex=109, prevLogTerm=1, entries=0, commitIndex=109} to 3
11:13:46.524 [raft-server-2] TRACE i.a.p.raft.roles.FollowerRole - RaftServer{2}{role=FOLLOWER} - Sending AppendResponse{status=OK, term=1, succeeded=true, lastLogIndex=109}
11:13:46.524 [raft-server-3] TRACE i.a.p.raft.roles.FollowerRole - RaftServer{3}{role=FOLLOWER} - Received AppendRequest{term=1, leader=1, prevLogIndex=109, prevLogTerm=1, entries=0, commitIndex=109}
11:13:46.524 [raft-server-1] TRACE i.a.p.raft.roles.LeaderAppender - RaftServer{1} - Received AppendResponse{status=OK, term=1, succeeded=true, lastLogIndex=109} from 2
11:13:46.524 [raft-server-3] TRACE i.a.p.raft.roles.FollowerRole - RaftServer{3}{role=FOLLOWER} - Sending AppendResponse{status=OK, term=1, succeeded=true, lastLogIndex=109}
11:13:46.524 [raft-server-1] TRACE i.a.p.raft.roles.LeaderAppender - RaftServer{1} - Sending AppendRequest{term=1, leader=1, prevLogIndex=109, prevLogTerm=1, entries=0, commitIndex=109} to 2
11:13:46.524 [raft-server-2] TRACE i.a.p.raft.roles.FollowerRole - RaftServer{2}{role=FOLLOWER} - Received AppendRequest{term=1, leader=1, prevLogIndex=109, prevLogTerm=1, entries=0, commitIndex=109}
11:13:46.524 [raft-server-1] TRACE i.a.p.raft.roles.LeaderAppender - RaftServer{1} - Received AppendResponse{status=OK, term=1, succeeded=true, lastLogIndex=109} from 3
11:13:46.524 [raft-server-2] TRACE i.a.p.raft.roles.FollowerRole - RaftServer{2}{role=FOLLOWER} - Sending AppendResponse{status=OK, term=1, succeeded=true, lastLogIndex=109}
11:13:46.525 [raft-server-1] TRACE i.a.p.raft.roles.LeaderAppender - RaftServer{1} - Sending AppendRequest{term=1, leader=1, prevLogIndex=109, prevLogTerm=1, entries=0, commitIndex=109} to 3
11:13:46.525 [raft-server-1] TRACE i.a.p.raft.roles.LeaderAppender - RaftServer{1} - Received AppendResponse{status=OK, term=1, succeeded=true, lastLogIndex=109} from 2
11:13:46.525 [raft-server-3] TRACE i.a.p.raft.roles.FollowerRole - RaftServer{3}{role=FOLLOWER} - Received AppendRequest{term=1, leader=1, prevLogIndex=109, prevLogTerm=1, entries=0, commitIndex=109}
11:13:46.525 [raft-server-3] TRACE i.a.p.raft.roles.FollowerRole - RaftServer{3}{role=FOLLOWER} - Sending AppendResponse{status=OK, term=1, succeeded=true, lastLogIndex=109}
11:13:46.525 [raft-server-1] TRACE i.a.p.raft.roles.LeaderAppender - RaftServer{1} - Sending AppendRequest{term=1, leader=1, prevLogIndex=109, prevLogTerm=1, entries=0, commitIndex=109} to 2
11:13:46.525 [raft-server-2] TRACE i.a.p.raft.roles.FollowerRole - RaftServer{2}{role=FOLLOWER} - Received AppendRequest{term=1, leader=1, prevLogIndex=109, prevLogTerm=1, entries=0, commitIndex=109}
11:13:46.525 [raft-server-1] TRACE i.a.p.raft.roles.LeaderAppender - RaftServer{1} - Received AppendResponse{status=OK, term=1, succeeded=true, lastLogIndex=109} from 3
11:13:46.525 [raft-server-2] TRACE i.a.p.raft.roles.FollowerRole - RaftServer{2}{role=FOLLOWER} - Sending AppendResponse{status=OK, term=1, succeeded=true, lastLogIndex=109}
11:13:46.525 [raft-server-1] TRACE i.a.p.raft.roles.LeaderAppender - RaftServer{1} - Received AppendResponse{status=OK, term=1, succeeded=true, lastLogIndex=109} from 2
11:13:46.774 [raft-server-1] TRACE i.a.p.raft.roles.LeaderAppender - RaftServer{1} - Sending AppendRequest{term=1, leader=1, prevLogIndex=109, prevLogTerm=1, entries=0, commitIndex=109} to 2
11:13:46.774 [raft-server-1] TRACE i.a.p.raft.roles.LeaderAppender - RaftServer{1} - Sending AppendRequest{term=1, leader=1, prevLogIndex=109, prevLogTerm=1, entries=0, commitIndex=109} to 3
11:13:46.774 [raft-server-2] TRACE i.a.p.raft.roles.FollowerRole - RaftServer{2}{role=FOLLOWER} - Received AppendRequest{term=1, leader=1, prevLogIndex=109, prevLogTerm=1, entries=0, commitIndex=109}
11:13:46.774 [raft-server-2] TRACE i.a.p.raft.roles.FollowerRole - RaftServer{2}{role=FOLLOWER} - Sending AppendResponse{status=OK, term=1, succeeded=true, lastLogIndex=109}
11:13:46.774 [raft-server-3] TRACE i.a.p.raft.roles.FollowerRole - RaftServer{3}{role=FOLLOWER} - Received AppendRequest{term=1, leader=1, prevLogIndex=109, prevLogTerm=1, entries=0, commitIndex=109}
11:13:46.774 [raft-server-3] TRACE i.a.p.raft.roles.FollowerRole - RaftServer{3}{role=FOLLOWER} - Sending AppendResponse{status=OK, term=1, succeeded=true, lastLogIndex=109}
11:13:46.774 [raft-server-1] TRACE i.a.p.raft.roles.LeaderAppender - RaftServer{1} - Received AppendResponse{status=OK, term=1, succeeded=true, lastLogIndex=109} from 2
11:13:46.774 [raft-server-1] TRACE i.a.p.raft.roles.LeaderAppender - RaftServer{1} - Sending AppendRequest{term=1, leader=1, prevLogIndex=109, prevLogTerm=1, entries=0, commitIndex=109} to 2
11:13:46.775 [raft-server-1] TRACE i.a.p.raft.roles.LeaderAppender - RaftServer{1} - Received AppendResponse{status=OK, term=1, succeeded=true, lastLogIndex=109} from 3
11:13:46.775 [raft-server-2] TRACE i.a.p.raft.roles.FollowerRole - RaftServer{2}{role=FOLLOWER} - Received AppendRequest{term=1, leader=1, prevLogIndex=109, prevLogTerm=1, entries=0, commitIndex=109}
11:13:46.775 [raft-server-2] TRACE i.a.p.raft.roles.FollowerRole - RaftServer{2}{role=FOLLOWER} - Sending AppendResponse{status=OK, term=1, succeeded=true, lastLogIndex=109}
11:13:46.775 [raft-server-1] TRACE i.a.p.raft.roles.LeaderAppender - RaftServer{1} - Sending AppendRequest{term=1, leader=1, prevLogIndex=109, prevLogTerm=1, entries=0, commitIndex=109} to 3
11:13:46.775 [raft-server-1] TRACE i.a.p.raft.roles.LeaderAppender - RaftServer{1} - Received AppendResponse{status=OK, term=1, succeeded=true, lastLogIndex=109} from 2
11:13:46.775 [raft-server-3] TRACE i.a.p.raft.roles.FollowerRole - RaftServer{3}{role=FOLLOWER} - Received AppendRequest{term=1, leader=1, prevLogIndex=109, prevLogTerm=1, entries=0, commitIndex=109}
11:13:46.775 [raft-server-3] TRACE i.a.p.raft.roles.FollowerRole - RaftServer{3}{role=FOLLOWER} - Sending AppendResponse{status=OK, term=1, succeeded=true, lastLogIndex=109}
11:13:46.775 [raft-server-1] TRACE i.a.p.raft.roles.LeaderAppender - RaftServer{1} - Sending AppendRequest{term=1, leader=1, prevLogIndex=109, prevLogTerm=1, entries=0, commitIndex=109} to 2
11:13:46.775 [raft-server-2] TRACE i.a.p.raft.roles.FollowerRole - RaftServer{2}{role=FOLLOWER} - Received AppendRequest{term=1, leader=1, prevLogIndex=109, prevLogTerm=1, entries=0, commitIndex=109}
11:13:46.775 [raft-server-1] TRACE i.a.p.raft.roles.LeaderAppender - RaftServer{1} - Received AppendResponse{status=OK, term=1, succeeded=true, lastLogIndex=109} from 3
11:13:46.775 [raft-server-2] TRACE i.a.p.raft.roles.FollowerRole - RaftServer{2}{role=FOLLOWER} - Sending AppendResponse{status=OK, term=1, succeeded=true, lastLogIndex=109}
11:13:46.775 [raft-server-1] TRACE i.a.p.raft.roles.LeaderAppender - RaftServer{1} - Received AppendResponse{status=OK, term=1, succeeded=true, lastLogIndex=109} from 2
11:13:47.024 [raft-server-1] TRACE i.a.p.raft.roles.LeaderAppender - RaftServer{1} - Sending AppendRequest{term=1, leader=1, prevLogIndex=109, prevLogTerm=1, entries=0, commitIndex=109} to 2
11:13:47.024 [raft-server-1] TRACE i.a.p.raft.roles.LeaderAppender - RaftServer{1} - Sending AppendRequest{term=1, leader=1, prevLogIndex=109, prevLogTerm=1, entries=0, commitIndex=109} to 3
11:13:47.024 [raft-server-2] TRACE i.a.p.raft.roles.FollowerRole - RaftServer{2}{role=FOLLOWER} - Received AppendRequest{term=1, leader=1, prevLogIndex=109, prevLogTerm=1, entries=0, commitIndex=109}
11:13:47.024 [raft-server-3] TRACE i.a.p.raft.roles.FollowerRole - RaftServer{3}{role=FOLLOWER} - Received AppendRequest{term=1, leader=1, prevLogIndex=109, prevLogTerm=1, entries=0, commitIndex=109}
11:13:47.024 [raft-server-3] TRACE i.a.p.raft.roles.FollowerRole - RaftServer{3}{role=FOLLOWER} - Sending AppendResponse{status=OK, term=1, succeeded=true, lastLogIndex=109}
11:13:47.024 [raft-server-2] TRACE i.a.p.raft.roles.FollowerRole - RaftServer{2}{role=FOLLOWER} - Sending AppendResponse{status=OK, term=1, succeeded=true, lastLogIndex=109}
11:13:47.024 [raft-server-1] TRACE i.a.p.raft.roles.LeaderAppender - RaftServer{1} - Received AppendResponse{status=OK, term=1, succeeded=true, lastLogIndex=109} from 3
11:13:47.024 [raft-server-1] TRACE i.a.p.raft.roles.LeaderAppender - RaftServer{1} - Sending AppendRequest{term=1, leader=1, prevLogIndex=109, prevLogTerm=1, entries=0, commitIndex=109} to 3
11:13:47.024 [raft-server-1] TRACE i.a.p.raft.roles.LeaderAppender - RaftServer{1} - Received AppendResponse{status=OK, term=1, succeeded=true, lastLogIndex=109} from 2
11:13:47.024 [raft-server-3] TRACE i.a.p.raft.roles.FollowerRole - RaftServer{3}{role=FOLLOWER} - Received AppendRequest{term=1, leader=1, prevLogIndex=109, prevLogTerm=1, entries=0, commitIndex=109}
11:13:47.024 [raft-server-1] TRACE i.a.p.raft.roles.LeaderAppender - RaftServer{1} - Sending AppendRequest{term=1, leader=1, prevLogIndex=109, prevLogTerm=1, entries=0, commitIndex=109} to 2
11:13:47.025 [raft-server-3] TRACE i.a.p.raft.roles.FollowerRole - RaftServer{3}{role=FOLLOWER} - Sending AppendResponse{status=OK, term=1, succeeded=true, lastLogIndex=109}
11:13:47.025 [raft-server-2] TRACE i.a.p.raft.roles.FollowerRole - RaftServer{2}{role=FOLLOWER} - Received AppendRequest{term=1, leader=1, prevLogIndex=109, prevLogTerm=1, entries=0, commitIndex=109}
11:13:47.025 [raft-server-2] TRACE i.a.p.raft.roles.FollowerRole - RaftServer{2}{role=FOLLOWER} - Sending AppendResponse{status=OK, term=1, succeeded=true, lastLogIndex=109}
11:13:47.025 [raft-server-1] TRACE i.a.p.raft.roles.LeaderAppender - RaftServer{1} - Received AppendResponse{status=OK, term=1, succeeded=true, lastLogIndex=109} from 3
11:13:47.025 [raft-server-1] TRACE i.a.p.raft.roles.LeaderAppender - RaftServer{1} - Sending AppendRequest{term=1, leader=1, prevLogIndex=109, prevLogTerm=1, entries=0, commitIndex=109} to 3
11:13:47.025 [raft-server-1] TRACE i.a.p.raft.roles.LeaderAppender - RaftServer{1} - Received AppendResponse{status=OK, term=1, succeeded=true, lastLogIndex=109} from 2
11:13:47.025 [raft-server-3] TRACE i.a.p.raft.roles.FollowerRole - RaftServer{3}{role=FOLLOWER} - Received AppendRequest{term=1, leader=1, prevLogIndex=109, prevLogTerm=1, entries=0, commitIndex=109}
11:13:47.025 [raft-server-1] TRACE i.a.p.raft.roles.LeaderAppender - RaftServer{1} - Sending AppendRequest{term=1, leader=1, prevLogIndex=109, prevLogTerm=1, entries=0, commitIndex=109} to 2
11:13:47.025 [raft-server-3] TRACE i.a.p.raft.roles.FollowerRole - RaftServer{3}{role=FOLLOWER} - Sending AppendResponse{status=OK, term=1, succeeded=true, lastLogIndex=109}
11:13:47.025 [raft-server-2] TRACE i.a.p.raft.roles.FollowerRole - RaftServer{2}{role=FOLLOWER} - Received AppendRequest{term=1, leader=1, prevLogIndex=109, prevLogTerm=1, entries=0, commitIndex=109}
11:13:47.025 [raft-server-2] TRACE i.a.p.raft.roles.FollowerRole - RaftServer{2}{role=FOLLOWER} - Sending AppendResponse{status=OK, term=1, succeeded=true, lastLogIndex=109}
11:13:47.025 [raft-server-1] TRACE i.a.p.raft.roles.LeaderAppender - RaftServer{1} - Received AppendResponse{status=OK, term=1, succeeded=true, lastLogIndex=109} from 3
11:13:47.025 [raft-server-1] TRACE i.a.p.raft.roles.LeaderAppender - RaftServer{1} - Received AppendResponse{status=OK, term=1, succeeded=true, lastLogIndex=109} from 2
11:13:47.274 [raft-server-1] TRACE i.a.p.raft.roles.LeaderAppender - RaftServer{1} - Sending AppendRequest{term=1, leader=1, prevLogIndex=109, prevLogTerm=1, entries=0, commitIndex=109} to 2
11:13:47.274 [raft-server-1] TRACE i.a.p.raft.roles.LeaderAppender - RaftServer{1} - Sending AppendRequest{term=1, leader=1, prevLogIndex=109, prevLogTerm=1, entries=0, commitIndex=109} to 3
11:13:47.274 [raft-server-3] TRACE i.a.p.raft.roles.FollowerRole - RaftServer{3}{role=FOLLOWER} - Received AppendRequest{term=1, leader=1, prevLogIndex=109, prevLogTerm=1, entries=0, commitIndex=109}
11:13:47.274 [raft-server-2] TRACE i.a.p.raft.roles.FollowerRole - RaftServer{2}{role=FOLLOWER} - Received AppendRequest{term=1, leader=1, prevLogIndex=109, prevLogTerm=1, entries=0, commitIndex=109}
11:13:47.274 [raft-server-3] TRACE i.a.p.raft.roles.FollowerRole - RaftServer{3}{role=FOLLOWER} - Sending AppendResponse{status=OK, term=1, succeeded=true, lastLogIndex=109}
11:13:47.274 [raft-server-2] TRACE i.a.p.raft.roles.FollowerRole - RaftServer{2}{role=FOLLOWER} - Sending AppendResponse{status=OK, term=1, succeeded=true, lastLogIndex=109}
11:13:47.274 [raft-server-1] TRACE i.a.p.raft.roles.LeaderAppender - RaftServer{1} - Received AppendResponse{status=OK, term=1, succeeded=true, lastLogIndex=109} from 3
11:13:47.274 [raft-server-1] TRACE i.a.p.raft.roles.LeaderAppender - RaftServer{1} - Sending AppendRequest{term=1, leader=1, prevLogIndex=109, prevLogTerm=1, entries=0, commitIndex=109} to 3
11:13:47.274 [raft-server-1] TRACE i.a.p.raft.roles.LeaderAppender - RaftServer{1} - Received AppendResponse{status=OK, term=1, succeeded=true, lastLogIndex=109} from 2
11:13:47.274 [raft-server-1] TRACE i.a.p.raft.roles.LeaderAppender - RaftServer{1} - Sending AppendRequest{term=1, leader=1, prevLogIndex=109, prevLogTerm=1, entries=0, commitIndex=109} to 2
11:13:47.275 [raft-server-2] TRACE i.a.p.raft.roles.FollowerRole - RaftServer{2}{role=FOLLOWER} - Received AppendRequest{term=1, leader=1, prevLogIndex=109, prevLogTerm=1, entries=0, commitIndex=109}
11:13:47.275 [raft-server-2] TRACE i.a.p.raft.roles.FollowerRole - RaftServer{2}{role=FOLLOWER} - Sending AppendResponse{status=OK, term=1, succeeded=true, lastLogIndex=109}
11:13:47.275 [raft-server-1] TRACE i.a.p.raft.roles.LeaderAppender - RaftServer{1} - Received AppendResponse{status=OK, term=1, succeeded=true, lastLogIndex=109} from 2
11:13:47.275 [raft-server-1] TRACE i.a.p.raft.roles.LeaderAppender - RaftServer{1} - Sending AppendRequest{term=1, leader=1, prevLogIndex=109, prevLogTerm=1, entries=0, commitIndex=109} to 2
11:13:47.275 [raft-server-2] TRACE i.a.p.raft.roles.FollowerRole - RaftServer{2}{role=FOLLOWER} - Received AppendRequest{term=1, leader=1, prevLogIndex=109, prevLogTerm=1, entries=0, commitIndex=109}
11:13:47.275 [raft-server-2] TRACE i.a.p.raft.roles.FollowerRole - RaftServer{2}{role=FOLLOWER} - Sending AppendResponse{status=OK, term=1, succeeded=true, lastLogIndex=109}
11:13:47.274 [raft-server-3] TRACE i.a.p.raft.roles.FollowerRole - RaftServer{3}{role=FOLLOWER} - Received AppendRequest{term=1, leader=1, prevLogIndex=109, prevLogTerm=1, entries=0, commitIndex=109}
11:13:47.275 [raft-server-1] TRACE i.a.p.raft.roles.LeaderAppender - RaftServer{1} - Received AppendResponse{status=OK, term=1, succeeded=true, lastLogIndex=109} from 2
11:13:47.275 [raft-server-3] TRACE i.a.p.raft.roles.FollowerRole - RaftServer{3}{role=FOLLOWER} - Sending AppendResponse{status=OK, term=1, succeeded=true, lastLogIndex=109}
11:13:47.275 [raft-server-1] TRACE i.a.p.raft.roles.LeaderAppender - RaftServer{1} - Received AppendResponse{status=OK, term=1, succeeded=true, lastLogIndex=109} from 3
11:13:47.466 [raft-client-a5a0def7-e1df-4503-b1c6-00519ae66cf7-5] TRACE i.a.p.r.proxy.impl.RaftProxyManager - RaftClient{a5a0def7-e1df-4503-b1c6-00519ae66cf7} - Keeping 1 sessions alive
11:13:47.466 [raft-client-a5a0def7-e1df-4503-b1c6-00519ae66cf7-5] TRACE i.a.p.r.p.impl.RaftProxyConnection - RaftClient{a5a0def7-e1df-4503-b1c6-00519ae66cf7} - Sending KeepAliveRequest{sessionIds=long[]{length=1, hash=33}, commandSequences=long[]{length=1, hash=131}, eventIndexes=long[]{length=1, hash=33}} to 1
11:13:47.466 [raft-server-1] TRACE i.a.protocols.raft.roles.LeaderRole - RaftServer{1}{role=LEADER} - Received KeepAliveRequest{sessionIds=long[]{length=1, hash=33}, commandSequences=long[]{length=1, hash=131}, eventIndexes=long[]{length=1, hash=33}}
11:13:47.466 [raft-server-1] TRACE i.a.protocols.raft.roles.LeaderRole - RaftServer{1}{role=LEADER} - Appended Indexed{index=110, entry=KeepAliveEntry{term=1, timestamp=2018-05-30 11:13:47,466, sessionIds=long[]{length=1, hash=33}, commandSequences=long[]{length=1, hash=131}, eventIndexes=long[]{length=1, hash=33}}}
11:13:47.466 [raft-server-1] TRACE i.a.p.raft.roles.LeaderAppender - RaftServer{1} - Sending AppendRequest{term=1, leader=1, prevLogIndex=109, prevLogTerm=1, entries=1, commitIndex=109} to 2
11:13:47.466 [raft-server-2] TRACE i.a.p.raft.roles.FollowerRole - RaftServer{2}{role=FOLLOWER} - Received AppendRequest{term=1, leader=1, prevLogIndex=109, prevLogTerm=1, entries=1, commitIndex=109}
11:13:47.466 [raft-server-1] TRACE i.a.p.raft.roles.LeaderAppender - RaftServer{1} - Sending AppendRequest{term=1, leader=1, prevLogIndex=109, prevLogTerm=1, entries=1, commitIndex=109} to 3
11:13:47.466 [raft-server-3] TRACE i.a.p.raft.roles.FollowerRole - RaftServer{3}{role=FOLLOWER} - Received AppendRequest{term=1, leader=1, prevLogIndex=109, prevLogTerm=1, entries=1, commitIndex=109}
11:13:47.467 [raft-server-2] TRACE i.a.p.raft.roles.FollowerRole - RaftServer{2}{role=FOLLOWER} - Appended Indexed{index=110, entry=KeepAliveEntry{term=1, timestamp=2018-05-30 11:13:47,466, sessionIds=long[]{length=1, hash=33}, commandSequences=long[]{length=1, hash=131}, eventIndexes=long[]{length=1, hash=33}}}
11:13:47.467 [raft-server-3] TRACE i.a.p.raft.roles.FollowerRole - RaftServer{3}{role=FOLLOWER} - Appended Indexed{index=110, entry=KeepAliveEntry{term=1, timestamp=2018-05-30 11:13:47,466, sessionIds=long[]{length=1, hash=33}, commandSequences=long[]{length=1, hash=131}, eventIndexes=long[]{length=1, hash=33}}}
11:13:47.467 [raft-server-2] TRACE i.a.p.raft.roles.FollowerRole - RaftServer{2}{role=FOLLOWER} - Sending AppendResponse{status=OK, term=1, succeeded=true, lastLogIndex=110}
11:13:47.467 [raft-server-3] TRACE i.a.p.raft.roles.FollowerRole - RaftServer{3}{role=FOLLOWER} - Sending AppendResponse{status=OK, term=1, succeeded=true, lastLogIndex=110}
11:13:47.467 [raft-server-1] TRACE i.a.p.raft.roles.LeaderAppender - RaftServer{1} - Received AppendResponse{status=OK, term=1, succeeded=true, lastLogIndex=110} from 2
11:13:47.467 [raft-server-1] TRACE i.a.p.raft.roles.LeaderAppender - RaftServer{1} - Committed entries up to 110
11:13:47.496 [raft-server-1] TRACE i.a.p.raft.roles.LeaderAppender - RaftServer{1} - Received AppendResponse{status=OK, term=1, succeeded=true, lastLogIndex=110} from 3
11:13:47.496 [raft-server-1-state] TRACE i.a.p.raft.impl.RaftServiceManager - RaftServer{1} - Applying Indexed{index=110, entry=KeepAliveEntry{term=1, timestamp=2018-05-30 11:13:47,466, sessionIds=long[]{length=1, hash=33}, commandSequences=long[]{length=1, hash=131}, eventIndexes=long[]{length=1, hash=33}}}
11:13:47.496 [raft-server-1] TRACE i.a.protocols.raft.roles.LeaderRole - RaftServer{1}{role=LEADER} - Sending KeepAliveResponse{status=OK, leader=1, members=[1, 2, 3], sessionIds=long[]{length=1, hash=33}}
11:13:47.497 [raft-client-a5a0def7-e1df-4503-b1c6-00519ae66cf7-6] TRACE i.a.p.r.p.impl.RaftProxyConnection - RaftClient{a5a0def7-e1df-4503-b1c6-00519ae66cf7} - Received KeepAliveResponse{status=OK, leader=1, members=[1, 2, 3], sessionIds=long[]{length=1, hash=33}} from 1
11:13:47.524 [raft-server-1] TRACE i.a.p.raft.roles.LeaderAppender - RaftServer{1} - Sending AppendRequest{term=1, leader=1, prevLogIndex=110, prevLogTerm=1, entries=0, commitIndex=110} to 2
11:13:47.524 [raft-server-1] TRACE i.a.p.raft.roles.LeaderAppender - RaftServer{1} - Sending AppendRequest{term=1, leader=1, prevLogIndex=110, prevLogTerm=1, entries=0, commitIndex=110} to 3
11:13:47.524 [raft-server-2] TRACE i.a.p.raft.roles.FollowerRole - RaftServer{2}{role=FOLLOWER} - Received AppendRequest{term=1, leader=1, prevLogIndex=110, prevLogTerm=1, entries=0, commitIndex=110}
11:13:47.524 [raft-server-3] TRACE i.a.p.raft.roles.FollowerRole - RaftServer{3}{role=FOLLOWER} - Received AppendRequest{term=1, leader=1, prevLogIndex=110, prevLogTerm=1, entries=0, commitIndex=110}
11:13:47.559 [raft-server-2] TRACE i.a.p.raft.roles.FollowerRole - RaftServer{2}{role=FOLLOWER} - Committed entries up to index 110
11:13:47.559 [raft-server-3] TRACE i.a.p.raft.roles.FollowerRole - RaftServer{3}{role=FOLLOWER} - Committed entries up to index 110
11:13:47.559 [raft-server-2] TRACE i.a.p.raft.roles.FollowerRole - RaftServer{2}{role=FOLLOWER} - Sending AppendResponse{status=OK, term=1, succeeded=true, lastLogIndex=110}
11:13:47.559 [raft-server-3] TRACE i.a.p.raft.roles.FollowerRole - RaftServer{3}{role=FOLLOWER} - Sending AppendResponse{status=OK, term=1, succeeded=true, lastLogIndex=110}
11:13:47.560 [raft-server-1] TRACE i.a.p.raft.roles.LeaderAppender - RaftServer{1} - Received AppendResponse{status=OK, term=1, succeeded=true, lastLogIndex=110} from 2
11:13:47.560 [raft-server-1] TRACE i.a.p.raft.roles.LeaderAppender - RaftServer{1} - Sending AppendRequest{term=1, leader=1, prevLogIndex=110, prevLogTerm=1, entries=0, commitIndex=110} to 2
11:13:47.560 [raft-server-2-state] TRACE i.a.p.raft.impl.RaftServiceManager - RaftServer{2} - Applying Indexed{index=110, entry=KeepAliveEntry{term=1, timestamp=2018-05-30 11:13:47,466, sessionIds=long[]{length=1, hash=33}, commandSequences=long[]{length=1, hash=131}, eventIndexes=long[]{length=1, hash=33}}}
11:13:47.560 [raft-server-3-state] TRACE i.a.p.raft.impl.RaftServiceManager - RaftServer{3} - Applying Indexed{index=110, entry=KeepAliveEntry{term=1, timestamp=2018-05-30 11:13:47,466, sessionIds=long[]{length=1, hash=33}, commandSequences=long[]{length=1, hash=131}, eventIndexes=long[]{length=1, hash=33}}}
11:13:47.560 [raft-server-2] TRACE i.a.p.raft.roles.FollowerRole - RaftServer{2}{role=FOLLOWER} - Received AppendRequest{term=1, leader=1, prevLogIndex=110, prevLogTerm=1, entries=0, commitIndex=110}
11:13:47.560 [raft-server-1] TRACE i.a.p.raft.roles.LeaderAppender - RaftServer{1} - Received AppendResponse{status=OK, term=1, succeeded=true, lastLogIndex=110} from 3
11:13:47.560 [raft-server-2] TRACE i.a.p.raft.roles.FollowerRole - RaftServer{2}{role=FOLLOWER} - Sending AppendResponse{status=OK, term=1, succeeded=true, lastLogIndex=110}
11:13:47.560 [raft-server-1] TRACE i.a.p.raft.roles.LeaderAppender - RaftServer{1} - Sending AppendRequest{term=1, leader=1, prevLogIndex=110, prevLogTerm=1, entries=0, commitIndex=110} to 3
11:13:47.560 [raft-server-1] TRACE i.a.p.raft.roles.LeaderAppender - RaftServer{1} - Received AppendResponse{status=OK, term=1, succeeded=true, lastLogIndex=110} from 2
11:13:47.560 [raft-server-3] TRACE i.a.p.raft.roles.FollowerRole - RaftServer{3}{role=FOLLOWER} - Received AppendRequest{term=1, leader=1, prevLogIndex=110, prevLogTerm=1, entries=0, commitIndex=110}
11:13:47.560 [raft-server-3] TRACE i.a.p.raft.roles.FollowerRole - RaftServer{3}{role=FOLLOWER} - Sending AppendResponse{status=OK, term=1, succeeded=true, lastLogIndex=110}
11:13:47.560 [raft-server-1] TRACE i.a.p.raft.roles.LeaderAppender - RaftServer{1} - Received AppendResponse{status=OK, term=1, succeeded=true, lastLogIndex=110} from 3
11:13:47.774 [raft-server-1] TRACE i.a.p.raft.roles.LeaderAppender - RaftServer{1} - Sending AppendRequest{term=1, leader=1, prevLogIndex=110, prevLogTerm=1, entries=0, commitIndex=110} to 2
11:13:47.774 [raft-server-1] TRACE i.a.p.raft.roles.LeaderAppender - RaftServer{1} - Sending AppendRequest{term=1, leader=1, prevLogIndex=110, prevLogTerm=1, entries=0, commitIndex=110} to 3
11:13:47.774 [raft-server-2] TRACE i.a.p.raft.roles.FollowerRole - RaftServer{2}{role=FOLLOWER} - Received AppendRequest{term=1, leader=1, prevLogIndex=110, prevLogTerm=1, entries=0, commitIndex=110}
11:13:47.774 [raft-server-3] TRACE i.a.p.raft.roles.FollowerRole - RaftServer{3}{role=FOLLOWER} - Received AppendRequest{term=1, leader=1, prevLogIndex=110, prevLogTerm=1, entries=0, commitIndex=110}
11:13:47.774 [raft-server-2] TRACE i.a.p.raft.roles.FollowerRole - RaftServer{2}{role=FOLLOWER} - Sending AppendResponse{status=OK, term=1, succeeded=true, lastLogIndex=110}
11:13:47.774 [raft-server-3] TRACE i.a.p.raft.roles.FollowerRole - RaftServer{3}{role=FOLLOWER} - Sending AppendResponse{status=OK, term=1, succeeded=true, lastLogIndex=110}
11:13:47.774 [raft-server-1] TRACE i.a.p.raft.roles.LeaderAppender - RaftServer{1} - Received AppendResponse{status=OK, term=1, succeeded=true, lastLogIndex=110} from 2
11:13:47.774 [raft-server-1] TRACE i.a.p.raft.roles.LeaderAppender - RaftServer{1} - Sending AppendRequest{term=1, leader=1, prevLogIndex=110, prevLogTerm=1, entries=0, commitIndex=110} to 2
11:13:47.774 [raft-server-1] TRACE i.a.p.raft.roles.LeaderAppender - RaftServer{1} - Received AppendResponse{status=OK, term=1, succeeded=true, lastLogIndex=110} from 3
11:13:47.774 [raft-server-2] TRACE i.a.p.raft.roles.FollowerRole - RaftServer{2}{role=FOLLOWER} - Received AppendRequest{term=1, leader=1, prevLogIndex=110, prevLogTerm=1, entries=0, commitIndex=110}
11:13:47.774 [raft-server-1] TRACE i.a.p.raft.roles.LeaderAppender - RaftServer{1} - Sending AppendRequest{term=1, leader=1, prevLogIndex=110, prevLogTerm=1, entries=0, commitIndex=110} to 3
11:13:47.774 [raft-server-2] TRACE i.a.p.raft.roles.FollowerRole - RaftServer{2}{role=FOLLOWER} - Sending AppendResponse{status=OK, term=1, succeeded=true, lastLogIndex=110}
11:13:47.774 [raft-server-3] TRACE i.a.p.raft.roles.FollowerRole - RaftServer{3}{role=FOLLOWER} - Received AppendRequest{term=1, leader=1, prevLogIndex=110, prevLogTerm=1, entries=0, commitIndex=110}
11:13:47.774 [raft-server-3] TRACE i.a.p.raft.roles.FollowerRole - RaftServer{3}{role=FOLLOWER} - Sending AppendResponse{status=OK, term=1, succeeded=true, lastLogIndex=110}
11:13:47.774 [raft-server-1] TRACE i.a.p.raft.roles.LeaderAppender - RaftServer{1} - Received AppendResponse{status=OK, term=1, succeeded=true, lastLogIndex=110} from 2
11:13:47.775 [raft-server-1] TRACE i.a.p.raft.roles.LeaderAppender - RaftServer{1} - Sending AppendRequest{term=1, leader=1, prevLogIndex=110, prevLogTerm=1, entries=0, commitIndex=110} to 2
11:13:47.775 [raft-server-1] TRACE i.a.p.raft.roles.LeaderAppender - RaftServer{1} - Received AppendResponse{status=OK, term=1, succeeded=true, lastLogIndex=110} from 3
11:13:47.775 [raft-server-2] TRACE i.a.p.raft.roles.FollowerRole - RaftServer{2}{role=FOLLOWER} - Received AppendRequest{term=1, leader=1, prevLogIndex=110, prevLogTerm=1, entries=0, commitIndex=110}
11:13:47.775 [raft-server-2] TRACE i.a.p.raft.roles.FollowerRole - RaftServer{2}{role=FOLLOWER} - Sending AppendResponse{status=OK, term=1, succeeded=true, lastLogIndex=110}
11:13:47.775 [raft-server-1] TRACE i.a.p.raft.roles.LeaderAppender - RaftServer{1} - Sending AppendRequest{term=1, leader=1, prevLogIndex=110, prevLogTerm=1, entries=0, commitIndex=110} to 3
11:13:47.775 [raft-server-1] TRACE i.a.p.raft.roles.LeaderAppender - RaftServer{1} - Received AppendResponse{status=OK, term=1, succeeded=true, lastLogIndex=110} from 2
11:13:47.775 [raft-server-3] TRACE i.a.p.raft.roles.FollowerRole - RaftServer{3}{role=FOLLOWER} - Received AppendRequest{term=1, leader=1, prevLogIndex=110, prevLogTerm=1, entries=0, commitIndex=110}
11:13:47.775 [raft-server-3] TRACE i.a.p.raft.roles.FollowerRole - RaftServer{3}{role=FOLLOWER} - Sending AppendResponse{status=OK, term=1, succeeded=true, lastLogIndex=110}
11:13:47.775 [raft-server-1] TRACE i.a.p.raft.roles.LeaderAppender - RaftServer{1} - Received AppendResponse{status=OK, term=1, succeeded=true, lastLogIndex=110} from 3
11:13:48.024 [raft-server-1] TRACE i.a.p.raft.roles.LeaderAppender - RaftServer{1} - Sending AppendRequest{term=1, leader=1, prevLogIndex=110, prevLogTerm=1, entries=0, commitIndex=110} to 2
11:13:48.024 [raft-server-1] TRACE i.a.p.raft.roles.LeaderAppender - RaftServer{1} - Sending AppendRequest{term=1, leader=1, prevLogIndex=110, prevLogTerm=1, entries=0, commitIndex=110} to 3
11:13:48.024 [raft-server-3] TRACE i.a.p.raft.roles.FollowerRole - RaftServer{3}{role=FOLLOWER} - Received AppendRequest{term=1, leader=1, prevLogIndex=110, prevLogTerm=1, entries=0, commitIndex=110}
11:13:48.024 [raft-server-2] TRACE i.a.p.raft.roles.FollowerRole - RaftServer{2}{role=FOLLOWER} - Received AppendRequest{term=1, leader=1, prevLogIndex=110, prevLogTerm=1, entries=0, commitIndex=110}
11:13:48.024 [raft-server-3] TRACE i.a.p.raft.roles.FollowerRole - RaftServer{3}{role=FOLLOWER} - Sending AppendResponse{status=OK, term=1, succeeded=true, lastLogIndex=110}
11:13:48.024 [raft-server-2] TRACE i.a.p.raft.roles.FollowerRole - RaftServer{2}{role=FOLLOWER} - Sending AppendResponse{status=OK, term=1, succeeded=true, lastLogIndex=110}
11:13:48.024 [raft-server-1] TRACE i.a.p.raft.roles.LeaderAppender - RaftServer{1} - Received AppendResponse{status=OK, term=1, succeeded=true, lastLogIndex=110} from 3
11:13:48.024 [raft-server-1] TRACE i.a.p.raft.roles.LeaderAppender - RaftServer{1} - Sending AppendRequest{term=1, leader=1, prevLogIndex=110, prevLogTerm=1, entries=0, commitIndex=110} to 3
11:13:48.024 [raft-server-1] TRACE i.a.p.raft.roles.LeaderAppender - RaftServer{1} - Received AppendResponse{status=OK, term=1, succeeded=true, lastLogIndex=110} from 2
11:13:48.024 [raft-server-3] TRACE i.a.p.raft.roles.FollowerRole - RaftServer{3}{role=FOLLOWER} - Received AppendRequest{term=1, leader=1, prevLogIndex=110, prevLogTerm=1, entries=0, commitIndex=110}
11:13:48.024 [raft-server-1] TRACE i.a.p.raft.roles.LeaderAppender - RaftServer{1} - Sending AppendRequest{term=1, leader=1, prevLogIndex=110, prevLogTerm=1, entries=0, commitIndex=110} to 2
11:13:48.024 [raft-server-3] TRACE i.a.p.raft.roles.FollowerRole - RaftServer{3}{role=FOLLOWER} - Sending AppendResponse{status=OK, term=1, succeeded=true, lastLogIndex=110}
11:13:48.025 [raft-server-1] TRACE i.a.p.raft.roles.LeaderAppender - RaftServer{1} - Received AppendResponse{status=OK, term=1, succeeded=true, lastLogIndex=110} from 3
11:13:48.025 [raft-server-2] TRACE i.a.p.raft.roles.FollowerRole - RaftServer{2}{role=FOLLOWER} - Received AppendRequest{term=1, leader=1, prevLogIndex=110, prevLogTerm=1, entries=0, commitIndex=110}
11:13:48.025 [raft-server-2] TRACE i.a.p.raft.roles.FollowerRole - RaftServer{2}{role=FOLLOWER} - Sending AppendResponse{status=OK, term=1, succeeded=true, lastLogIndex=110}
11:13:48.025 [raft-server-1] TRACE i.a.p.raft.roles.LeaderAppender - RaftServer{1} - Sending AppendRequest{term=1, leader=1, prevLogIndex=110, prevLogTerm=1, entries=0, commitIndex=110} to 3
11:13:48.025 [raft-server-1] TRACE i.a.p.raft.roles.LeaderAppender - RaftServer{1} - Received AppendResponse{status=OK, term=1, succeeded=true, lastLogIndex=110} from 2
11:13:48.025 [raft-server-3] TRACE i.a.p.raft.roles.FollowerRole - RaftServer{3}{role=FOLLOWER} - Received AppendRequest{term=1, leader=1, prevLogIndex=110, prevLogTerm=1, entries=0, commitIndex=110}
11:13:48.025 [raft-server-3] TRACE i.a.p.raft.roles.FollowerRole - RaftServer{3}{role=FOLLOWER} - Sending AppendResponse{status=OK, term=1, succeeded=true, lastLogIndex=110}
11:13:48.025 [raft-server-1] TRACE i.a.p.raft.roles.LeaderAppender - RaftServer{1} - Sending AppendRequest{term=1, leader=1, prevLogIndex=110, prevLogTerm=1, entries=0, commitIndex=110} to 2
11:13:48.025 [raft-server-2] TRACE i.a.p.raft.roles.FollowerRole - RaftServer{2}{role=FOLLOWER} - Received AppendRequest{term=1, leader=1, prevLogIndex=110, prevLogTerm=1, entries=0, commitIndex=110}
11:13:48.025 [raft-server-1] TRACE i.a.p.raft.roles.LeaderAppender - RaftServer{1} - Received AppendResponse{status=OK, term=1, succeeded=true, lastLogIndex=110} from 3
11:13:48.025 [raft-server-2] TRACE i.a.p.raft.roles.FollowerRole - RaftServer{2}{role=FOLLOWER} - Sending AppendResponse{status=OK, term=1, succeeded=true, lastLogIndex=110}
11:13:48.025 [raft-server-1] TRACE i.a.p.raft.roles.LeaderAppender - RaftServer{1} - Received AppendResponse{status=OK, term=1, succeeded=true, lastLogIndex=110} from 2
11:13:48.274 [raft-server-1] TRACE i.a.p.raft.roles.LeaderAppender - RaftServer{1} - Sending AppendRequest{term=1, leader=1, prevLogIndex=110, prevLogTerm=1, entries=0, commitIndex=110} to 2
11:13:48.274 [raft-server-1] TRACE i.a.p.raft.roles.LeaderAppender - RaftServer{1} - Sending AppendRequest{term=1, leader=1, prevLogIndex=110, prevLogTerm=1, entries=0, commitIndex=110} to 3
11:13:48.274 [raft-server-2] TRACE i.a.p.raft.roles.FollowerRole - RaftServer{2}{role=FOLLOWER} - Received AppendRequest{term=1, leader=1, prevLogIndex=110, prevLogTerm=1, entries=0, commitIndex=110}
11:13:48.274 [raft-server-3] TRACE i.a.p.raft.roles.FollowerRole - RaftServer{3}{role=FOLLOWER} - Received AppendRequest{term=1, leader=1, prevLogIndex=110, prevLogTerm=1, entries=0, commitIndex=110}
11:13:48.274 [raft-server-2] TRACE i.a.p.raft.roles.FollowerRole - RaftServer{2}{role=FOLLOWER} - Sending AppendResponse{status=OK, term=1, succeeded=true, lastLogIndex=110}
11:13:48.274 [raft-server-3] TRACE i.a.p.raft.roles.FollowerRole - RaftServer{3}{role=FOLLOWER} - Sending AppendResponse{status=OK, term=1, succeeded=true, lastLogIndex=110}
11:13:48.274 [raft-server-1] TRACE i.a.p.raft.roles.LeaderAppender - RaftServer{1} - Received AppendResponse{status=OK, term=1, succeeded=true, lastLogIndex=110} from 2
11:13:48.274 [raft-server-1] TRACE i.a.p.raft.roles.LeaderAppender - RaftServer{1} - Sending AppendRequest{term=1, leader=1, prevLogIndex=110, prevLogTerm=1, entries=0, commitIndex=110} to 2
11:13:48.274 [raft-server-1] TRACE i.a.p.raft.roles.LeaderAppender - RaftServer{1} - Received AppendResponse{status=OK, term=1, succeeded=true, lastLogIndex=110} from 3
11:13:48.274 [raft-server-2] TRACE i.a.p.raft.roles.FollowerRole - RaftServer{2}{role=FOLLOWER} - Received AppendRequest{term=1, leader=1, prevLogIndex=110, prevLogTerm=1, entries=0, commitIndex=110}
11:13:48.274 [raft-server-1] TRACE i.a.p.raft.roles.LeaderAppender - RaftServer{1} - Sending AppendRequest{term=1, leader=1, prevLogIndex=110, prevLogTerm=1, entries=0, commitIndex=110} to 3
11:13:48.274 [raft-server-2] TRACE i.a.p.raft.roles.FollowerRole - RaftServer{2}{role=FOLLOWER} - Sending AppendResponse{status=OK, term=1, succeeded=true, lastLogIndex=110}
11:13:48.274 [raft-server-3] TRACE i.a.p.raft.roles.FollowerRole - RaftServer{3}{role=FOLLOWER} - Received AppendRequest{term=1, leader=1, prevLogIndex=110, prevLogTerm=1, entries=0, commitIndex=110}
11:13:48.275 [raft-server-3] TRACE i.a.p.raft.roles.FollowerRole - RaftServer{3}{role=FOLLOWER} - Sending AppendResponse{status=OK, term=1, succeeded=true, lastLogIndex=110}
11:13:48.275 [raft-server-1] TRACE i.a.p.raft.roles.LeaderAppender - RaftServer{1} - Received AppendResponse{status=OK, term=1, succeeded=true, lastLogIndex=110} from 2
11:13:48.275 [raft-server-1] TRACE i.a.p.raft.roles.LeaderAppender - RaftServer{1} - Sending AppendRequest{term=1, leader=1, prevLogIndex=110, prevLogTerm=1, entries=0, commitIndex=110} to 2
11:13:48.275 [raft-server-2] TRACE i.a.p.raft.roles.FollowerRole - RaftServer{2}{role=FOLLOWER} - Received AppendRequest{term=1, leader=1, prevLogIndex=110, prevLogTerm=1, entries=0, commitIndex=110}
11:13:48.275 [raft-server-1] TRACE i.a.p.raft.roles.LeaderAppender - RaftServer{1} - Received AppendResponse{status=OK, term=1, succeeded=true, lastLogIndex=110} from 3
11:13:48.275 [raft-server-2] TRACE i.a.p.raft.roles.FollowerRole - RaftServer{2}{role=FOLLOWER} - Sending AppendResponse{status=OK, term=1, succeeded=true, lastLogIndex=110}
11:13:48.275 [raft-server-1] TRACE i.a.p.raft.roles.LeaderAppender - RaftServer{1} - Sending AppendRequest{term=1, leader=1, prevLogIndex=110, prevLogTerm=1, entries=0, commitIndex=110} to 3
11:13:48.275 [raft-server-1] TRACE i.a.p.raft.roles.LeaderAppender - RaftServer{1} - Received AppendResponse{status=OK, term=1, succeeded=true, lastLogIndex=110} from 2
11:13:48.275 [raft-server-3] TRACE i.a.p.raft.roles.FollowerRole - RaftServer{3}{role=FOLLOWER} - Received AppendRequest{term=1, leader=1, prevLogIndex=110, prevLogTerm=1, entries=0, commitIndex=110}
11:13:48.275 [raft-server-3] TRACE i.a.p.raft.roles.FollowerRole - RaftServer{3}{role=FOLLOWER} - Sending AppendResponse{status=OK, term=1, succeeded=true, lastLogIndex=110}
11:13:48.275 [raft-server-1] TRACE i.a.p.raft.roles.LeaderAppender - RaftServer{1} - Received AppendResponse{status=OK, term=1, succeeded=true, lastLogIndex=110} from 3
11:13:48.524 [raft-server-1] TRACE i.a.p.raft.roles.LeaderAppender - RaftServer{1} - Sending AppendRequest{term=1, leader=1, prevLogIndex=110, prevLogTerm=1, entries=0, commitIndex=110} to 2
11:13:48.524 [raft-server-1] TRACE i.a.p.raft.roles.LeaderAppender - RaftServer{1} - Sending AppendRequest{term=1, leader=1, prevLogIndex=110, prevLogTerm=1, entries=0, commitIndex=110} to 3
11:13:48.524 [raft-server-3] TRACE i.a.p.raft.roles.FollowerRole - RaftServer{3}{role=FOLLOWER} - Received AppendRequest{term=1, leader=1, prevLogIndex=110, prevLogTerm=1, entries=0, commitIndex=110}
11:13:48.524 [raft-server-2] TRACE i.a.p.raft.roles.FollowerRole - RaftServer{2}{role=FOLLOWER} - Received AppendRequest{term=1, leader=1, prevLogIndex=110, prevLogTerm=1, entries=0, commitIndex=110}
11:13:48.524 [raft-server-3] TRACE i.a.p.raft.roles.FollowerRole - RaftServer{3}{role=FOLLOWER} - Sending AppendResponse{status=OK, term=1, succeeded=true, lastLogIndex=110}
11:13:48.524 [raft-server-2] TRACE i.a.p.raft.roles.FollowerRole - RaftServer{2}{role=FOLLOWER} - Sending AppendResponse{status=OK, term=1, succeeded=true, lastLogIndex=110}
11:13:48.524 [raft-server-1] TRACE i.a.p.raft.roles.LeaderAppender - RaftServer{1} - Received AppendResponse{status=OK, term=1, succeeded=true, lastLogIndex=110} from 3
11:13:48.524 [raft-server-1] TRACE i.a.p.raft.roles.LeaderAppender - RaftServer{1} - Sending AppendRequest{term=1, leader=1, prevLogIndex=110, prevLogTerm=1, entries=0, commitIndex=110} to 3
11:13:48.524 [raft-server-3] TRACE i.a.p.raft.roles.FollowerRole - RaftServer{3}{role=FOLLOWER} - Received AppendRequest{term=1, leader=1, prevLogIndex=110, prevLogTerm=1, entries=0, commitIndex=110}
11:13:48.524 [raft-server-1] TRACE i.a.p.raft.roles.LeaderAppender - RaftServer{1} - Received AppendResponse{status=OK, term=1, succeeded=true, lastLogIndex=110} from 2
11:13:48.524 [raft-server-3] TRACE i.a.p.raft.roles.FollowerRole - RaftServer{3}{role=FOLLOWER} - Sending AppendResponse{status=OK, term=1, succeeded=true, lastLogIndex=110}
11:13:48.524 [raft-server-1] TRACE i.a.p.raft.roles.LeaderAppender - RaftServer{1} - Sending AppendRequest{term=1, leader=1, prevLogIndex=110, prevLogTerm=1, entries=0, commitIndex=110} to 2
11:13:48.524 [raft-server-1] TRACE i.a.p.raft.roles.LeaderAppender - RaftServer{1} - Received AppendResponse{status=OK, term=1, succeeded=true, lastLogIndex=110} from 3
11:13:48.524 [raft-server-2] TRACE i.a.p.raft.roles.FollowerRole - RaftServer{2}{role=FOLLOWER} - Received AppendRequest{term=1, leader=1, prevLogIndex=110, prevLogTerm=1, entries=0, commitIndex=110}
11:13:48.524 [raft-server-2] TRACE i.a.p.raft.roles.FollowerRole - RaftServer{2}{role=FOLLOWER} - Sending AppendResponse{status=OK, term=1, succeeded=true, lastLogIndex=110}
11:13:48.524 [raft-server-1] TRACE i.a.p.raft.roles.LeaderAppender - RaftServer{1} - Sending AppendRequest{term=1, leader=1, prevLogIndex=110, prevLogTerm=1, entries=0, commitIndex=110} to 3
11:13:48.525 [raft-server-1] TRACE i.a.p.raft.roles.LeaderAppender - RaftServer{1} - Received AppendResponse{status=OK, term=1, succeeded=true, lastLogIndex=110} from 2
11:13:48.525 [raft-server-3] TRACE i.a.p.raft.roles.FollowerRole - RaftServer{3}{role=FOLLOWER} - Received AppendRequest{term=1, leader=1, prevLogIndex=110, prevLogTerm=1, entries=0, commitIndex=110}
11:13:48.525 [raft-server-3] TRACE i.a.p.raft.roles.FollowerRole - RaftServer{3}{role=FOLLOWER} - Sending AppendResponse{status=OK, term=1, succeeded=true, lastLogIndex=110}
11:13:48.525 [raft-server-1] TRACE i.a.p.raft.roles.LeaderAppender - RaftServer{1} - Sending AppendRequest{term=1, leader=1, prevLogIndex=110, prevLogTerm=1, entries=0, commitIndex=110} to 2
11:13:48.525 [raft-server-1] TRACE i.a.p.raft.roles.LeaderAppender - RaftServer{1} - Received AppendResponse{status=OK, term=1, succeeded=true, lastLogIndex=110} from 3
11:13:48.525 [raft-server-2] TRACE i.a.p.raft.roles.FollowerRole - RaftServer{2}{role=FOLLOWER} - Received AppendRequest{term=1, leader=1, prevLogIndex=110, prevLogTerm=1, entries=0, commitIndex=110}
11:13:48.525 [raft-server-2] TRACE i.a.p.raft.roles.FollowerRole - RaftServer{2}{role=FOLLOWER} - Sending AppendResponse{status=OK, term=1, succeeded=true, lastLogIndex=110}
11:13:48.525 [raft-server-1] TRACE i.a.p.raft.roles.LeaderAppender - RaftServer{1} - Sending AppendRequest{term=1, leader=1, prevLogIndex=110, prevLogTerm=1, entries=0, commitIndex=110} to 3
11:13:48.525 [raft-server-3] TRACE i.a.p.raft.roles.FollowerRole - RaftServer{3}{role=FOLLOWER} - Received AppendRequest{term=1, leader=1, prevLogIndex=110, prevLogTerm=1, entries=0, commitIndex=110}
11:13:48.525 [raft-server-1] TRACE i.a.p.raft.roles.LeaderAppender - RaftServer{1} - Received AppendResponse{status=OK, term=1, succeeded=true, lastLogIndex=110} from 2
11:13:48.525 [raft-server-3] TRACE i.a.p.raft.roles.FollowerRole - RaftServer{3}{role=FOLLOWER} - Sending AppendResponse{status=OK, term=1, succeeded=true, lastLogIndex=110}
11:13:48.525 [raft-server-1] TRACE i.a.p.raft.roles.LeaderAppender - RaftServer{1} - Received AppendResponse{status=OK, term=1, succeeded=true, lastLogIndex=110} from 3
11:13:48.774 [raft-server-1] TRACE i.a.p.raft.roles.LeaderAppender - RaftServer{1} - Sending AppendRequest{term=1, leader=1, prevLogIndex=110, prevLogTerm=1, entries=0, commitIndex=110} to 2
11:13:48.774 [raft-server-1] TRACE i.a.p.raft.roles.LeaderAppender - RaftServer{1} - Sending AppendRequest{term=1, leader=1, prevLogIndex=110, prevLogTerm=1, entries=0, commitIndex=110} to 3
11:13:48.774 [raft-server-3] TRACE i.a.p.raft.roles.FollowerRole - RaftServer{3}{role=FOLLOWER} - Received AppendRequest{term=1, leader=1, prevLogIndex=110, prevLogTerm=1, entries=0, commitIndex=110}
11:13:48.774 [raft-server-2] TRACE i.a.p.raft.roles.FollowerRole - RaftServer{2}{role=FOLLOWER} - Received AppendRequest{term=1, leader=1, prevLogIndex=110, prevLogTerm=1, entries=0, commitIndex=110}
11:13:48.774 [raft-server-3] TRACE i.a.p.raft.roles.FollowerRole - RaftServer{3}{role=FOLLOWER} - Sending AppendResponse{status=OK, term=1, succeeded=true, lastLogIndex=110}
11:13:48.774 [raft-server-2] TRACE i.a.p.raft.roles.FollowerRole - RaftServer{2}{role=FOLLOWER} - Sending AppendResponse{status=OK, term=1, succeeded=true, lastLogIndex=110}
11:13:48.774 [raft-server-1] TRACE i.a.p.raft.roles.LeaderAppender - RaftServer{1} - Received AppendResponse{status=OK, term=1, succeeded=true, lastLogIndex=110} from 3
11:13:48.774 [raft-server-1] TRACE i.a.p.raft.roles.LeaderAppender - RaftServer{1} - Sending AppendRequest{term=1, leader=1, prevLogIndex=110, prevLogTerm=1, entries=0, commitIndex=110} to 3
11:13:48.774 [raft-server-1] TRACE i.a.p.raft.roles.LeaderAppender - RaftServer{1} - Received AppendResponse{status=OK, term=1, succeeded=true, lastLogIndex=110} from 2
11:13:48.774 [raft-server-3] TRACE i.a.p.raft.roles.FollowerRole - RaftServer{3}{role=FOLLOWER} - Received AppendRequest{term=1, leader=1, prevLogIndex=110, prevLogTerm=1, entries=0, commitIndex=110}
11:13:48.774 [raft-server-3] TRACE i.a.p.raft.roles.FollowerRole - RaftServer{3}{role=FOLLOWER} - Sending AppendResponse{status=OK, term=1, succeeded=true, lastLogIndex=110}
11:13:48.774 [raft-server-1] TRACE i.a.p.raft.roles.LeaderAppender - RaftServer{1} - Sending AppendRequest{term=1, leader=1, prevLogIndex=110, prevLogTerm=1, entries=0, commitIndex=110} to 2
11:13:48.774 [raft-server-2] TRACE i.a.p.raft.roles.FollowerRole - RaftServer{2}{role=FOLLOWER} - Received AppendRequest{term=1, leader=1, prevLogIndex=110, prevLogTerm=1, entries=0, commitIndex=110}
11:13:48.774 [raft-server-1] TRACE i.a.p.raft.roles.LeaderAppender - RaftServer{1} - Received AppendResponse{status=OK, term=1, succeeded=true, lastLogIndex=110} from 3
11:13:48.774 [raft-server-2] TRACE i.a.p.raft.roles.FollowerRole - RaftServer{2}{role=FOLLOWER} - Sending AppendResponse{status=OK, term=1, succeeded=true, lastLogIndex=110}
11:13:48.775 [raft-server-1] TRACE i.a.p.raft.roles.LeaderAppender - RaftServer{1} - Sending AppendRequest{term=1, leader=1, prevLogIndex=110, prevLogTerm=1, entries=0, commitIndex=110} to 3
11:13:48.775 [raft-server-1] TRACE i.a.p.raft.roles.LeaderAppender - RaftServer{1} - Received AppendResponse{status=OK, term=1, succeeded=true, lastLogIndex=110} from 2
11:13:48.775 [raft-server-3] TRACE i.a.p.raft.roles.FollowerRole - RaftServer{3}{role=FOLLOWER} - Received AppendRequest{term=1, leader=1, prevLogIndex=110, prevLogTerm=1, entries=0, commitIndex=110}
11:13:48.775 [raft-server-3] TRACE i.a.p.raft.roles.FollowerRole - RaftServer{3}{role=FOLLOWER} - Sending AppendResponse{status=OK, term=1, succeeded=true, lastLogIndex=110}
11:13:48.775 [raft-server-1] TRACE i.a.p.raft.roles.LeaderAppender - RaftServer{1} - Sending AppendRequest{term=1, leader=1, prevLogIndex=110, prevLogTerm=1, entries=0, commitIndex=110} to 2
11:13:48.775 [raft-server-2] TRACE i.a.p.raft.roles.FollowerRole - RaftServer{2}{role=FOLLOWER} - Received AppendRequest{term=1, leader=1, prevLogIndex=110, prevLogTerm=1, entries=0, commitIndex=110}
11:13:48.775 [raft-server-1] TRACE i.a.p.raft.roles.LeaderAppender - RaftServer{1} - Received AppendResponse{status=OK, term=1, succeeded=true, lastLogIndex=110} from 3
11:13:48.775 [raft-server-2] TRACE i.a.p.raft.roles.FollowerRole - RaftServer{2}{role=FOLLOWER} - Sending AppendResponse{status=OK, term=1, succeeded=true, lastLogIndex=110}
11:13:48.775 [raft-server-1] TRACE i.a.p.raft.roles.LeaderAppender - RaftServer{1} - Received AppendResponse{status=OK, term=1, succeeded=true, lastLogIndex=110} from 2
11:13:49.024 [raft-server-1] TRACE i.a.p.raft.roles.LeaderAppender - RaftServer{1} - Sending AppendRequest{term=1, leader=1, prevLogIndex=110, prevLogTerm=1, entries=0, commitIndex=110} to 2
11:13:49.024 [raft-server-2] TRACE i.a.p.raft.roles.FollowerRole - RaftServer{2}{role=FOLLOWER} - Received AppendRequest{term=1, leader=1, prevLogIndex=110, prevLogTerm=1, entries=0, commitIndex=110}
11:13:49.024 [raft-server-1] TRACE i.a.p.raft.roles.LeaderAppender - RaftServer{1} - Sending AppendRequest{term=1, leader=1, prevLogIndex=110, prevLogTerm=1, entries=0, commitIndex=110} to 3
11:13:49.024 [raft-server-2] TRACE i.a.p.raft.roles.FollowerRole - RaftServer{2}{role=FOLLOWER} - Sending AppendResponse{status=OK, term=1, succeeded=true, lastLogIndex=110}
11:13:49.024 [raft-server-3] TRACE i.a.p.raft.roles.FollowerRole - RaftServer{3}{role=FOLLOWER} - Received AppendRequest{term=1, leader=1, prevLogIndex=110, prevLogTerm=1, entries=0, commitIndex=110}
11:13:49.024 [raft-server-1] TRACE i.a.p.raft.roles.LeaderAppender - RaftServer{1} - Received AppendResponse{status=OK, term=1, succeeded=true, lastLogIndex=110} from 2
11:13:49.024 [raft-server-3] TRACE i.a.p.raft.roles.FollowerRole - RaftServer{3}{role=FOLLOWER} - Sending AppendResponse{status=OK, term=1, succeeded=true, lastLogIndex=110}
11:13:49.024 [raft-server-1] TRACE i.a.p.raft.roles.LeaderAppender - RaftServer{1} - Sending AppendRequest{term=1, leader=1, prevLogIndex=110, prevLogTerm=1, entries=0, commitIndex=110} to 2
11:13:49.024 [raft-server-2] TRACE i.a.p.raft.roles.FollowerRole - RaftServer{2}{role=FOLLOWER} - Received AppendRequest{term=1, leader=1, prevLogIndex=110, prevLogTerm=1, entries=0, commitIndex=110}
11:13:49.024 [raft-server-1] TRACE i.a.p.raft.roles.LeaderAppender - RaftServer{1} - Received AppendResponse{status=OK, term=1, succeeded=true, lastLogIndex=110} from 3
11:13:49.025 [raft-server-2] TRACE i.a.p.raft.roles.FollowerRole - RaftServer{2}{role=FOLLOWER} - Sending AppendResponse{status=OK, term=1, succeeded=true, lastLogIndex=110}
11:13:49.025 [raft-server-1] TRACE i.a.p.raft.roles.LeaderAppender - RaftServer{1} - Sending AppendRequest{term=1, leader=1, prevLogIndex=110, prevLogTerm=1, entries=0, commitIndex=110} to 3
11:13:49.025 [raft-server-1] TRACE i.a.p.raft.roles.LeaderAppender - RaftServer{1} - Received AppendResponse{status=OK, term=1, succeeded=true, lastLogIndex=110} from 2
11:13:49.025 [raft-server-3] TRACE i.a.p.raft.roles.FollowerRole - RaftServer{3}{role=FOLLOWER} - Received AppendRequest{term=1, leader=1, prevLogIndex=110, prevLogTerm=1, entries=0, commitIndex=110}
11:13:49.025 [raft-server-3] TRACE i.a.p.raft.roles.FollowerRole - RaftServer{3}{role=FOLLOWER} - Sending AppendResponse{status=OK, term=1, succeeded=true, lastLogIndex=110}
11:13:49.025 [raft-server-1] TRACE i.a.p.raft.roles.LeaderAppender - RaftServer{1} - Sending AppendRequest{term=1, leader=1, prevLogIndex=110, prevLogTerm=1, entries=0, commitIndex=110} to 2
11:13:49.025 [raft-server-1] TRACE i.a.p.raft.roles.LeaderAppender - RaftServer{1} - Received AppendResponse{status=OK, term=1, succeeded=true, lastLogIndex=110} from 3
11:13:49.025 [raft-server-2] TRACE i.a.p.raft.roles.FollowerRole - RaftServer{2}{role=FOLLOWER} - Received AppendRequest{term=1, leader=1, prevLogIndex=110, prevLogTerm=1, entries=0, commitIndex=110}
11:13:49.025 [raft-server-2] TRACE i.a.p.raft.roles.FollowerRole - RaftServer{2}{role=FOLLOWER} - Sending AppendResponse{status=OK, term=1, succeeded=true, lastLogIndex=110}
11:13:49.025 [raft-server-1] TRACE i.a.p.raft.roles.LeaderAppender - RaftServer{1} - Received AppendResponse{status=OK, term=1, succeeded=true, lastLogIndex=110} from 2
11:13:49.274 [raft-server-1] TRACE i.a.p.raft.roles.LeaderAppender - RaftServer{1} - Sending AppendRequest{term=1, leader=1, prevLogIndex=110, prevLogTerm=1, entries=0, commitIndex=110} to 2
11:13:49.274 [raft-server-1] TRACE i.a.p.raft.roles.LeaderAppender - RaftServer{1} - Sending AppendRequest{term=1, leader=1, prevLogIndex=110, prevLogTerm=1, entries=0, commitIndex=110} to 3
11:13:49.274 [raft-server-2] TRACE i.a.p.raft.roles.FollowerRole - RaftServer{2}{role=FOLLOWER} - Received AppendRequest{term=1, leader=1, prevLogIndex=110, prevLogTerm=1, entries=0, commitIndex=110}
11:13:49.274 [raft-server-3] TRACE i.a.p.raft.roles.FollowerRole - RaftServer{3}{role=FOLLOWER} - Received AppendRequest{term=1, leader=1, prevLogIndex=110, prevLogTerm=1, entries=0, commitIndex=110}
11:13:49.274 [raft-server-2] TRACE i.a.p.raft.roles.FollowerRole - RaftServer{2}{role=FOLLOWER} - Sending AppendResponse{status=OK, term=1, succeeded=true, lastLogIndex=110}
11:13:49.274 [raft-server-3] TRACE i.a.p.raft.roles.FollowerRole - RaftServer{3}{role=FOLLOWER} - Sending AppendResponse{status=OK, term=1, succeeded=true, lastLogIndex=110}
11:13:49.274 [raft-server-1] TRACE i.a.p.raft.roles.LeaderAppender - RaftServer{1} - Received AppendResponse{status=OK, term=1, succeeded=true, lastLogIndex=110} from 2
11:13:49.274 [raft-server-1] TRACE i.a.p.raft.roles.LeaderAppender - RaftServer{1} - Sending AppendRequest{term=1, leader=1, prevLogIndex=110, prevLogTerm=1, entries=0, commitIndex=110} to 2
11:13:49.274 [raft-server-1] TRACE i.a.p.raft.roles.LeaderAppender - RaftServer{1} - Received AppendResponse{status=OK, term=1, succeeded=true, lastLogIndex=110} from 3
11:13:49.274 [raft-server-2] TRACE i.a.p.raft.roles.FollowerRole - RaftServer{2}{role=FOLLOWER} - Received AppendRequest{term=1, leader=1, prevLogIndex=110, prevLogTerm=1, entries=0, commitIndex=110}
11:13:49.274 [raft-server-1] TRACE i.a.p.raft.roles.LeaderAppender - RaftServer{1} - Sending AppendRequest{term=1, leader=1, prevLogIndex=110, prevLogTerm=1, entries=0, commitIndex=110} to 3
11:13:49.274 [raft-server-2] TRACE i.a.p.raft.roles.FollowerRole - RaftServer{2}{role=FOLLOWER} - Sending AppendResponse{status=OK, term=1, succeeded=true, lastLogIndex=110}
11:13:49.275 [raft-server-3] TRACE i.a.p.raft.roles.FollowerRole - RaftServer{3}{role=FOLLOWER} - Received AppendRequest{term=1, leader=1, prevLogIndex=110, prevLogTerm=1, entries=0, commitIndex=110}
11:13:49.275 [raft-server-1] TRACE i.a.p.raft.roles.LeaderAppender - RaftServer{1} - Received AppendResponse{status=OK, term=1, succeeded=true, lastLogIndex=110} from 2
11:13:49.275 [raft-server-3] TRACE i.a.p.raft.roles.FollowerRole - RaftServer{3}{role=FOLLOWER} - Sending AppendResponse{status=OK, term=1, succeeded=true, lastLogIndex=110}
11:13:49.275 [raft-server-1] TRACE i.a.p.raft.roles.LeaderAppender - RaftServer{1} - Sending AppendRequest{term=1, leader=1, prevLogIndex=110, prevLogTerm=1, entries=0, commitIndex=110} to 2
11:13:49.275 [raft-server-2] TRACE i.a.p.raft.roles.FollowerRole - RaftServer{2}{role=FOLLOWER} - Received AppendRequest{term=1, leader=1, prevLogIndex=110, prevLogTerm=1, entries=0, commitIndex=110}
11:13:49.275 [raft-server-1] TRACE i.a.p.raft.roles.LeaderAppender - RaftServer{1} - Received AppendResponse{status=OK, term=1, succeeded=true, lastLogIndex=110} from 3
11:13:49.275 [raft-server-2] TRACE i.a.p.raft.roles.FollowerRole - RaftServer{2}{role=FOLLOWER} - Sending AppendResponse{status=OK, term=1, succeeded=true, lastLogIndex=110}
11:13:49.275 [raft-server-1] TRACE i.a.p.raft.roles.LeaderAppender - RaftServer{1} - Sending AppendRequest{term=1, leader=1, prevLogIndex=110, prevLogTerm=1, entries=0, commitIndex=110} to 3
11:13:49.275 [raft-server-1] TRACE i.a.p.raft.roles.LeaderAppender - RaftServer{1} - Received AppendResponse{status=OK, term=1, succeeded=true, lastLogIndex=110} from 2
11:13:49.275 [raft-server-3] TRACE i.a.p.raft.roles.FollowerRole - RaftServer{3}{role=FOLLOWER} - Received AppendRequest{term=1, leader=1, prevLogIndex=110, prevLogTerm=1, entries=0, commitIndex=110}
11:13:49.275 [raft-server-3] TRACE i.a.p.raft.roles.FollowerRole - RaftServer{3}{role=FOLLOWER} - Sending AppendResponse{status=OK, term=1, succeeded=true, lastLogIndex=110}
11:13:49.275 [raft-server-1] TRACE i.a.p.raft.roles.LeaderAppender - RaftServer{1} - Received AppendResponse{status=OK, term=1, succeeded=true, lastLogIndex=110} from 3
11:13:49.524 [raft-server-1] TRACE i.a.p.raft.roles.LeaderAppender - RaftServer{1} - Sending AppendRequest{term=1, leader=1, prevLogIndex=110, prevLogTerm=1, entries=0, commitIndex=110} to 2
11:13:49.524 [raft-server-2] TRACE i.a.p.raft.roles.FollowerRole - RaftServer{2}{role=FOLLOWER} - Received AppendRequest{term=1, leader=1, prevLogIndex=110, prevLogTerm=1, entries=0, commitIndex=110}
11:13:49.524 [raft-server-1] TRACE i.a.p.raft.roles.LeaderAppender - RaftServer{1} - Sending AppendRequest{term=1, leader=1, prevLogIndex=110, prevLogTerm=1, entries=0, commitIndex=110} to 3
11:13:49.524 [raft-server-2] TRACE i.a.p.raft.roles.FollowerRole - RaftServer{2}{role=FOLLOWER} - Sending AppendResponse{status=OK, term=1, succeeded=true, lastLogIndex=110}
11:13:49.524 [raft-server-3] TRACE i.a.p.raft.roles.FollowerRole - RaftServer{3}{role=FOLLOWER} - Received AppendRequest{term=1, leader=1, prevLogIndex=110, prevLogTerm=1, entries=0, commitIndex=110}
11:13:49.524 [raft-server-3] TRACE i.a.p.raft.roles.FollowerRole - RaftServer{3}{role=FOLLOWER} - Sending AppendResponse{status=OK, term=1, succeeded=true, lastLogIndex=110}
11:13:49.524 [raft-server-1] TRACE i.a.p.raft.roles.LeaderAppender - RaftServer{1} - Received AppendResponse{status=OK, term=1, succeeded=true, lastLogIndex=110} from 2
11:13:49.524 [raft-server-1] TRACE i.a.p.raft.roles.LeaderAppender - RaftServer{1} - Sending AppendRequest{term=1, leader=1, prevLogIndex=110, prevLogTerm=1, entries=0, commitIndex=110} to 2
11:13:49.524 [raft-server-1] TRACE i.a.p.raft.roles.LeaderAppender - RaftServer{1} - Received AppendResponse{status=OK, term=1, succeeded=true, lastLogIndex=110} from 3
11:13:49.524 [raft-server-2] TRACE i.a.p.raft.roles.FollowerRole - RaftServer{2}{role=FOLLOWER} - Received AppendRequest{term=1, leader=1, prevLogIndex=110, prevLogTerm=1, entries=0, commitIndex=110}
11:13:49.524 [raft-server-2] TRACE i.a.p.raft.roles.FollowerRole - RaftServer{2}{role=FOLLOWER} - Sending AppendResponse{status=OK, term=1, succeeded=true, lastLogIndex=110}
11:13:49.524 [raft-server-1] TRACE i.a.p.raft.roles.LeaderAppender - RaftServer{1} - Sending AppendRequest{term=1, leader=1, prevLogIndex=110, prevLogTerm=1, entries=0, commitIndex=110} to 3
11:13:49.525 [raft-server-1] TRACE i.a.p.raft.roles.LeaderAppender - RaftServer{1} - Received AppendResponse{status=OK, term=1, succeeded=true, lastLogIndex=110} from 2
11:13:49.525 [raft-server-1] TRACE i.a.p.raft.roles.LeaderAppender - RaftServer{1} - Sending AppendRequest{term=1, leader=1, prevLogIndex=110, prevLogTerm=1, entries=0, commitIndex=110} to 2
11:13:49.525 [raft-server-2] TRACE i.a.p.raft.roles.FollowerRole - RaftServer{2}{role=FOLLOWER} - Received AppendRequest{term=1, leader=1, prevLogIndex=110, prevLogTerm=1, entries=0, commitIndex=110}
11:13:49.525 [raft-server-3] TRACE i.a.p.raft.roles.FollowerRole - RaftServer{3}{role=FOLLOWER} - Received AppendRequest{term=1, leader=1, prevLogIndex=110, prevLogTerm=1, entries=0, commitIndex=110}
11:13:49.525 [raft-server-2] TRACE i.a.p.raft.roles.FollowerRole - RaftServer{2}{role=FOLLOWER} - Sending AppendResponse{status=OK, term=1, succeeded=true, lastLogIndex=110}
11:13:49.525 [raft-server-3] TRACE i.a.p.raft.roles.FollowerRole - RaftServer{3}{role=FOLLOWER} - Sending AppendResponse{status=OK, term=1, succeeded=true, lastLogIndex=110}
11:13:49.525 [raft-server-1] TRACE i.a.p.raft.roles.LeaderAppender - RaftServer{1} - Received AppendResponse{status=OK, term=1, succeeded=true, lastLogIndex=110} from 2
11:13:49.525 [raft-server-1] TRACE i.a.p.raft.roles.LeaderAppender - RaftServer{1} - Received AppendResponse{status=OK, term=1, succeeded=true, lastLogIndex=110} from 3
11:13:49.774 [raft-server-1] TRACE i.a.p.raft.roles.LeaderAppender - RaftServer{1} - Sending AppendRequest{term=1, leader=1, prevLogIndex=110, prevLogTerm=1, entries=0, commitIndex=110} to 2
11:13:49.774 [raft-server-1] TRACE i.a.p.raft.roles.LeaderAppender - RaftServer{1} - Sending AppendRequest{term=1, leader=1, prevLogIndex=110, prevLogTerm=1, entries=0, commitIndex=110} to 3
11:13:49.774 [raft-server-2] TRACE i.a.p.raft.roles.FollowerRole - RaftServer{2}{role=FOLLOWER} - Received AppendRequest{term=1, leader=1, prevLogIndex=110, prevLogTerm=1, entries=0, commitIndex=110}
11:13:49.774 [raft-server-3] TRACE i.a.p.raft.roles.FollowerRole - RaftServer{3}{role=FOLLOWER} - Received AppendRequest{term=1, leader=1, prevLogIndex=110, prevLogTerm=1, entries=0, commitIndex=110}
11:13:49.774 [raft-server-2] TRACE i.a.p.raft.roles.FollowerRole - RaftServer{2}{role=FOLLOWER} - Sending AppendResponse{status=OK, term=1, succeeded=true, lastLogIndex=110}
11:13:49.774 [raft-server-3] TRACE i.a.p.raft.roles.FollowerRole - RaftServer{3}{role=FOLLOWER} - Sending AppendResponse{status=OK, term=1, succeeded=true, lastLogIndex=110}
11:13:49.774 [raft-server-1] TRACE i.a.p.raft.roles.LeaderAppender - RaftServer{1} - Received AppendResponse{status=OK, term=1, succeeded=true, lastLogIndex=110} from 2
11:13:49.774 [raft-server-1] TRACE i.a.p.raft.roles.LeaderAppender - RaftServer{1} - Sending AppendRequest{term=1, leader=1, prevLogIndex=110, prevLogTerm=1, entries=0, commitIndex=110} to 2
11:13:49.774 [raft-server-1] TRACE i.a.p.raft.roles.LeaderAppender - RaftServer{1} - Received AppendResponse{status=OK, term=1, succeeded=true, lastLogIndex=110} from 3
11:13:49.774 [raft-server-2] TRACE i.a.p.raft.roles.FollowerRole - RaftServer{2}{role=FOLLOWER} - Received AppendRequest{term=1, leader=1, prevLogIndex=110, prevLogTerm=1, entries=0, commitIndex=110}
11:13:49.774 [raft-server-1] TRACE i.a.p.raft.roles.LeaderAppender - RaftServer{1} - Sending AppendRequest{term=1, leader=1, prevLogIndex=110, prevLogTerm=1, entries=0, commitIndex=110} to 3
11:13:49.774 [raft-server-2] TRACE i.a.p.raft.roles.FollowerRole - RaftServer{2}{role=FOLLOWER} - Sending AppendResponse{status=OK, term=1, succeeded=true, lastLogIndex=110}
11:13:49.774 [raft-server-3] TRACE i.a.p.raft.roles.FollowerRole - RaftServer{3}{role=FOLLOWER} - Received AppendRequest{term=1, leader=1, prevLogIndex=110, prevLogTerm=1, entries=0, commitIndex=110}
11:13:49.774 [raft-server-3] TRACE i.a.p.raft.roles.FollowerRole - RaftServer{3}{role=FOLLOWER} - Sending AppendResponse{status=OK, term=1, succeeded=true, lastLogIndex=110}
11:13:49.775 [raft-server-1] TRACE i.a.p.raft.roles.LeaderAppender - RaftServer{1} - Received AppendResponse{status=OK, term=1, succeeded=true, lastLogIndex=110} from 2
11:13:49.775 [raft-server-1] TRACE i.a.p.raft.roles.LeaderAppender - RaftServer{1} - Sending AppendRequest{term=1, leader=1, prevLogIndex=110, prevLogTerm=1, entries=0, commitIndex=110} to 2
11:13:49.775 [raft-server-2] TRACE i.a.p.raft.roles.FollowerRole - RaftServer{2}{role=FOLLOWER} - Received AppendRequest{term=1, leader=1, prevLogIndex=110, prevLogTerm=1, entries=0, commitIndex=110}
11:13:49.775 [raft-server-1] TRACE i.a.p.raft.roles.LeaderAppender - RaftServer{1} - Received AppendResponse{status=OK, term=1, succeeded=true, lastLogIndex=110} from 3
11:13:49.775 [raft-server-2] TRACE i.a.p.raft.roles.FollowerRole - RaftServer{2}{role=FOLLOWER} - Sending AppendResponse{status=OK, term=1, succeeded=true, lastLogIndex=110}
11:13:49.775 [raft-server-1] TRACE i.a.p.raft.roles.LeaderAppender - RaftServer{1} - Sending AppendRequest{term=1, leader=1, prevLogIndex=110, prevLogTerm=1, entries=0, commitIndex=110} to 3
11:13:49.775 [raft-server-1] TRACE i.a.p.raft.roles.LeaderAppender - RaftServer{1} - Received AppendResponse{status=OK, term=1, succeeded=true, lastLogIndex=110} from 2
11:13:49.775 [raft-server-3] TRACE i.a.p.raft.roles.FollowerRole - RaftServer{3}{role=FOLLOWER} - Received AppendRequest{term=1, leader=1, prevLogIndex=110, prevLogTerm=1, entries=0, commitIndex=110}
11:13:49.775 [raft-server-3] TRACE i.a.p.raft.roles.FollowerRole - RaftServer{3}{role=FOLLOWER} - Sending AppendResponse{status=OK, term=1, succeeded=true, lastLogIndex=110}
11:13:49.775 [raft-server-1] TRACE i.a.p.raft.roles.LeaderAppender - RaftServer{1} - Received AppendResponse{status=OK, term=1, succeeded=true, lastLogIndex=110} from 3
11:13:49.966 [raft-client-a5a0def7-e1df-4503-b1c6-00519ae66cf7-6] TRACE i.a.p.r.proxy.impl.RaftProxyManager - RaftClient{a5a0def7-e1df-4503-b1c6-00519ae66cf7} - Keeping 1 sessions alive
11:13:49.966 [raft-client-a5a0def7-e1df-4503-b1c6-00519ae66cf7-6] TRACE i.a.p.r.p.impl.RaftProxyConnection - RaftClient{a5a0def7-e1df-4503-b1c6-00519ae66cf7} - Sending KeepAliveRequest{sessionIds=long[]{length=1, hash=33}, commandSequences=long[]{length=1, hash=131}, eventIndexes=long[]{length=1, hash=33}} to 1
11:13:49.966 [raft-server-1] TRACE i.a.protocols.raft.roles.LeaderRole - RaftServer{1}{role=LEADER} - Received KeepAliveRequest{sessionIds=long[]{length=1, hash=33}, commandSequences=long[]{length=1, hash=131}, eventIndexes=long[]{length=1, hash=33}}
11:13:50.102 [raft-server-1] DEBUG i.a.storage.journal.SegmentedJournal - Created disk segment: JournalSegment{id=12, version=1, index=111, size=64}
11:13:50.102 [raft-server-1] TRACE i.a.protocols.raft.roles.LeaderRole - RaftServer{1}{role=LEADER} - Appended Indexed{index=111, entry=KeepAliveEntry{term=1, timestamp=2018-05-30 11:13:49,966, sessionIds=long[]{length=1, hash=33}, commandSequences=long[]{length=1, hash=131}, eventIndexes=long[]{length=1, hash=33}}}
11:13:50.103 [raft-server-1] TRACE i.a.p.raft.roles.LeaderAppender - RaftServer{1} - Sending AppendRequest{term=1, leader=1, prevLogIndex=110, prevLogTerm=1, entries=1, commitIndex=110} to 2
11:13:50.103 [raft-server-2] TRACE i.a.p.raft.roles.FollowerRole - RaftServer{2}{role=FOLLOWER} - Received AppendRequest{term=1, leader=1, prevLogIndex=110, prevLogTerm=1, entries=1, commitIndex=110}
11:13:50.103 [raft-server-1] TRACE i.a.p.raft.roles.LeaderAppender - RaftServer{1} - Sending AppendRequest{term=1, leader=1, prevLogIndex=110, prevLogTerm=1, entries=1, commitIndex=110} to 3
11:13:50.103 [raft-server-3] TRACE i.a.p.raft.roles.FollowerRole - RaftServer{3}{role=FOLLOWER} - Received AppendRequest{term=1, leader=1, prevLogIndex=110, prevLogTerm=1, entries=1, commitIndex=110}
11:13:50.254 [raft-server-2] DEBUG i.a.storage.journal.SegmentedJournal - Created disk segment: JournalSegment{id=12, version=1, index=111, size=64}
11:13:50.254 [raft-server-2] TRACE i.a.p.raft.roles.FollowerRole - RaftServer{2}{role=FOLLOWER} - Appended Indexed{index=111, entry=KeepAliveEntry{term=1, timestamp=2018-05-30 11:13:49,966, sessionIds=long[]{length=1, hash=33}, commandSequences=long[]{length=1, hash=131}, eventIndexes=long[]{length=1, hash=33}}}
11:13:50.254 [raft-server-2] TRACE i.a.p.raft.roles.FollowerRole - RaftServer{2}{role=FOLLOWER} - Sending AppendResponse{status=OK, term=1, succeeded=true, lastLogIndex=111}
11:13:50.255 [raft-server-1] TRACE i.a.p.raft.roles.LeaderAppender - RaftServer{1} - Received AppendResponse{status=OK, term=1, succeeded=true, lastLogIndex=111} from 2
11:13:50.255 [raft-server-1] TRACE i.a.p.raft.roles.LeaderAppender - RaftServer{1} - Committed entries up to 111
11:13:50.296 [raft-server-3] DEBUG i.a.storage.journal.SegmentedJournal - Created disk segment: JournalSegment{id=12, version=1, index=111, size=64}
11:13:50.296 [raft-server-3] TRACE i.a.p.raft.roles.FollowerRole - RaftServer{3}{role=FOLLOWER} - Appended Indexed{index=111, entry=KeepAliveEntry{term=1, timestamp=2018-05-30 11:13:49,966, sessionIds=long[]{length=1, hash=33}, commandSequences=long[]{length=1, hash=131}, eventIndexes=long[]{length=1, hash=33}}}
11:13:50.296 [raft-server-3] TRACE i.a.p.raft.roles.FollowerRole - RaftServer{3}{role=FOLLOWER} - Sending AppendResponse{status=OK, term=1, succeeded=true, lastLogIndex=111}
11:13:50.341 [raft-server-1] TRACE i.a.p.raft.roles.LeaderAppender - RaftServer{1} - Sending AppendRequest{term=1, leader=1, prevLogIndex=111, prevLogTerm=1, entries=0, commitIndex=111} to 2
11:13:50.341 [raft-server-2] TRACE i.a.p.raft.roles.FollowerRole - RaftServer{2}{role=FOLLOWER} - Received AppendRequest{term=1, leader=1, prevLogIndex=111, prevLogTerm=1, entries=0, commitIndex=111}
11:13:50.341 [raft-server-1] TRACE i.a.p.raft.roles.LeaderAppender - RaftServer{1} - Received AppendResponse{status=OK, term=1, succeeded=true, lastLogIndex=111} from 3
11:13:50.342 [raft-server-1] TRACE i.a.p.raft.roles.LeaderAppender - RaftServer{1} - Sending AppendRequest{term=1, leader=1, prevLogIndex=111, prevLogTerm=1, entries=0, commitIndex=111} to 3
11:13:50.342 [raft-server-3] TRACE i.a.p.raft.roles.FollowerRole - RaftServer{3}{role=FOLLOWER} - Received AppendRequest{term=1, leader=1, prevLogIndex=111, prevLogTerm=1, entries=0, commitIndex=111}
11:13:50.342 [raft-server-1-state] TRACE i.a.p.raft.impl.RaftServiceManager - RaftServer{1} - Applying Indexed{index=111, entry=KeepAliveEntry{term=1, timestamp=2018-05-30 11:13:49,966, sessionIds=long[]{length=1, hash=33}, commandSequences=long[]{length=1, hash=131}, eventIndexes=long[]{length=1, hash=33}}}
11:13:50.342 [raft-server-1] TRACE i.a.protocols.raft.roles.LeaderRole - RaftServer{1}{role=LEADER} - Sending KeepAliveResponse{status=OK, leader=1, members=[1, 2, 3], sessionIds=long[]{length=1, hash=33}}
11:13:50.342 [raft-client-a5a0def7-e1df-4503-b1c6-00519ae66cf7-2] TRACE i.a.p.r.p.impl.RaftProxyConnection - RaftClient{a5a0def7-e1df-4503-b1c6-00519ae66cf7} - Received KeepAliveResponse{status=OK, leader=1, members=[1, 2, 3], sessionIds=long[]{length=1, hash=33}} from 1
11:13:50.396 [raft-server-2] TRACE i.a.p.raft.roles.FollowerRole - RaftServer{2}{role=FOLLOWER} - Committed entries up to index 111
11:13:50.396 [raft-server-2] TRACE i.a.p.raft.roles.FollowerRole - RaftServer{2}{role=FOLLOWER} - Sending AppendResponse{status=OK, term=1, succeeded=true, lastLogIndex=111}
11:13:50.396 [raft-server-1] TRACE i.a.p.raft.roles.LeaderAppender - RaftServer{1} - Received AppendResponse{status=OK, term=1, succeeded=true, lastLogIndex=111} from 2
11:13:50.396 [raft-server-1] TRACE i.a.p.raft.roles.LeaderAppender - RaftServer{1} - Sending AppendRequest{term=1, leader=1, prevLogIndex=111, prevLogTerm=1, entries=0, commitIndex=111} to 2
11:13:50.396 [raft-server-2-state] TRACE i.a.p.raft.impl.RaftServiceManager - RaftServer{2} - Applying Indexed{index=111, entry=KeepAliveEntry{term=1, timestamp=2018-05-30 11:13:49,966, sessionIds=long[]{length=1, hash=33}, commandSequences=long[]{length=1, hash=131}, eventIndexes=long[]{length=1, hash=33}}}
11:13:50.396 [raft-server-2] TRACE i.a.p.raft.roles.FollowerRole - RaftServer{2}{role=FOLLOWER} - Received AppendRequest{term=1, leader=1, prevLogIndex=111, prevLogTerm=1, entries=0, commitIndex=111}
11:13:50.396 [raft-server-2] TRACE i.a.p.raft.roles.FollowerRole - RaftServer{2}{role=FOLLOWER} - Sending AppendResponse{status=OK, term=1, succeeded=true, lastLogIndex=111}
11:13:50.396 [raft-server-1] TRACE i.a.p.raft.roles.LeaderAppender - RaftServer{1} - Received AppendResponse{status=OK, term=1, succeeded=true, lastLogIndex=111} from 2
11:13:50.462 [raft-server-3] TRACE i.a.p.raft.roles.FollowerRole - RaftServer{3}{role=FOLLOWER} - Committed entries up to index 111
11:13:50.462 [raft-server-3] TRACE i.a.p.raft.roles.FollowerRole - RaftServer{3}{role=FOLLOWER} - Sending AppendResponse{status=OK, term=1, succeeded=true, lastLogIndex=111}
11:13:50.462 [raft-server-1] TRACE i.a.p.raft.roles.LeaderAppender - RaftServer{1} - Received AppendResponse{status=OK, term=1, succeeded=true, lastLogIndex=111} from 3
11:13:50.463 [raft-server-3-state] TRACE i.a.p.raft.impl.RaftServiceManager - RaftServer{3} - Applying Indexed{index=111, entry=KeepAliveEntry{term=1, timestamp=2018-05-30 11:13:49,966, sessionIds=long[]{length=1, hash=33}, commandSequences=long[]{length=1, hash=131}, eventIndexes=long[]{length=1, hash=33}}}
11:13:50.524 [raft-server-1] TRACE i.a.p.raft.roles.LeaderAppender - RaftServer{1} - Sending AppendRequest{term=1, leader=1, prevLogIndex=111, prevLogTerm=1, entries=0, commitIndex=111} to 2
11:13:50.524 [raft-server-2] TRACE i.a.p.raft.roles.FollowerRole - RaftServer{2}{role=FOLLOWER} - Received AppendRequest{term=1, leader=1, prevLogIndex=111, prevLogTerm=1, entries=0, commitIndex=111}
11:13:50.524 [raft-server-1] TRACE i.a.p.raft.roles.LeaderAppender - RaftServer{1} - Sending AppendRequest{term=1, leader=1, prevLogIndex=111, prevLogTerm=1, entries=0, commitIndex=111} to 3
11:13:50.524 [raft-server-2] TRACE i.a.p.raft.roles.FollowerRole - RaftServer{2}{role=FOLLOWER} - Sending AppendResponse{status=OK, term=1, succeeded=true, lastLogIndex=111}
11:13:50.524 [raft-server-3] TRACE i.a.p.raft.roles.FollowerRole - RaftServer{3}{role=FOLLOWER} - Received AppendRequest{term=1, leader=1, prevLogIndex=111, prevLogTerm=1, entries=0, commitIndex=111}
11:13:50.524 [raft-server-1] TRACE i.a.p.raft.roles.LeaderAppender - RaftServer{1} - Received AppendResponse{status=OK, term=1, succeeded=true, lastLogIndex=111} from 2
11:13:50.524 [raft-server-3] TRACE i.a.p.raft.roles.FollowerRole - RaftServer{3}{role=FOLLOWER} - Sending AppendResponse{status=OK, term=1, succeeded=true, lastLogIndex=111}
11:13:50.524 [raft-server-1] TRACE i.a.p.raft.roles.LeaderAppender - RaftServer{1} - Sending AppendRequest{term=1, leader=1, prevLogIndex=111, prevLogTerm=1, entries=0, commitIndex=111} to 2
11:13:50.524 [raft-server-1] TRACE i.a.p.raft.roles.LeaderAppender - RaftServer{1} - Received AppendResponse{status=OK, term=1, succeeded=true, lastLogIndex=111} from 3
11:13:50.524 [raft-server-2] TRACE i.a.p.raft.roles.FollowerRole - RaftServer{2}{role=FOLLOWER} - Received AppendRequest{term=1, leader=1, prevLogIndex=111, prevLogTerm=1, entries=0, commitIndex=111}
11:13:50.524 [raft-server-1] TRACE i.a.p.raft.roles.LeaderAppender - RaftServer{1} - Sending AppendRequest{term=1, leader=1, prevLogIndex=111, prevLogTerm=1, entries=0, commitIndex=111} to 3
11:13:50.524 [raft-server-2] TRACE i.a.p.raft.roles.FollowerRole - RaftServer{2}{role=FOLLOWER} - Sending AppendResponse{status=OK, term=1, succeeded=true, lastLogIndex=111}
11:13:50.524 [raft-server-3] TRACE i.a.p.raft.roles.FollowerRole - RaftServer{3}{role=FOLLOWER} - Received AppendRequest{term=1, leader=1, prevLogIndex=111, prevLogTerm=1, entries=0, commitIndex=111}
11:13:50.525 [raft-server-3] TRACE i.a.p.raft.roles.FollowerRole - RaftServer{3}{role=FOLLOWER} - Sending AppendResponse{status=OK, term=1, succeeded=true, lastLogIndex=111}
11:13:50.524 [raft-server-1] TRACE i.a.p.raft.roles.LeaderAppender - RaftServer{1} - Received AppendResponse{status=OK, term=1, succeeded=true, lastLogIndex=111} from 2
11:13:50.525 [raft-server-1] TRACE i.a.p.raft.roles.LeaderAppender - RaftServer{1} - Sending AppendRequest{term=1, leader=1, prevLogIndex=111, prevLogTerm=1, entries=0, commitIndex=111} to 2
11:13:50.525 [raft-server-2] TRACE i.a.p.raft.roles.FollowerRole - RaftServer{2}{role=FOLLOWER} - Received AppendRequest{term=1, leader=1, prevLogIndex=111, prevLogTerm=1, entries=0, commitIndex=111}
11:13:50.525 [raft-server-1] TRACE i.a.p.raft.roles.LeaderAppender - RaftServer{1} - Received AppendResponse{status=OK, term=1, succeeded=true, lastLogIndex=111} from 3
11:13:50.525 [raft-server-2] TRACE i.a.p.raft.roles.FollowerRole - RaftServer{2}{role=FOLLOWER} - Sending AppendResponse{status=OK, term=1, succeeded=true, lastLogIndex=111}
11:13:50.525 [raft-server-1] TRACE i.a.p.raft.roles.LeaderAppender - RaftServer{1} - Sending AppendRequest{term=1, leader=1, prevLogIndex=111, prevLogTerm=1, entries=0, commitIndex=111} to 3
11:13:50.525 [raft-server-3] TRACE i.a.p.raft.roles.FollowerRole - RaftServer{3}{role=FOLLOWER} - Received AppendRequest{term=1, leader=1, prevLogIndex=111, prevLogTerm=1, entries=0, commitIndex=111}
11:13:50.525 [raft-server-1] TRACE i.a.p.raft.roles.LeaderAppender - RaftServer{1} - Received AppendResponse{status=OK, term=1, succeeded=true, lastLogIndex=111} from 2
11:13:50.525 [raft-server-3] TRACE i.a.p.raft.roles.FollowerRole - RaftServer{3}{role=FOLLOWER} - Sending AppendResponse{status=OK, term=1, succeeded=true, lastLogIndex=111}
11:13:50.525 [raft-server-1] TRACE i.a.p.raft.roles.LeaderAppender - RaftServer{1} - Received AppendResponse{status=OK, term=1, succeeded=true, lastLogIndex=111} from 3
11:13:50.774 [raft-server-1] TRACE i.a.p.raft.roles.LeaderAppender - RaftServer{1} - Sending AppendRequest{term=1, leader=1, prevLogIndex=111, prevLogTerm=1, entries=0, commitIndex=111} to 2
11:13:50.774 [raft-server-1] TRACE i.a.p.raft.roles.LeaderAppender - RaftServer{1} - Sending AppendRequest{term=1, leader=1, prevLogIndex=111, prevLogTerm=1, entries=0, commitIndex=111} to 3
11:13:50.774 [raft-server-2] TRACE i.a.p.raft.roles.FollowerRole - RaftServer{2}{role=FOLLOWER} - Received AppendRequest{term=1, leader=1, prevLogIndex=111, prevLogTerm=1, entries=0, commitIndex=111}
11:13:50.774 [raft-server-3] TRACE i.a.p.raft.roles.FollowerRole - RaftServer{3}{role=FOLLOWER} - Received AppendRequest{term=1, leader=1, prevLogIndex=111, prevLogTerm=1, entries=0, commitIndex=111}
11:13:50.774 [raft-server-2] TRACE i.a.p.raft.roles.FollowerRole - RaftServer{2}{role=FOLLOWER} - Sending AppendResponse{status=OK, term=1, succeeded=true, lastLogIndex=111}
11:13:50.774 [raft-server-3] TRACE i.a.p.raft.roles.FollowerRole - RaftServer{3}{role=FOLLOWER} - Sending AppendResponse{status=OK, term=1, succeeded=true, lastLogIndex=111}
11:13:50.774 [raft-server-1] TRACE i.a.p.raft.roles.LeaderAppender - RaftServer{1} - Received AppendResponse{status=OK, term=1, succeeded=true, lastLogIndex=111} from 2
11:13:50.774 [raft-server-1] TRACE i.a.p.raft.roles.LeaderAppender - RaftServer{1} - Sending AppendRequest{term=1, leader=1, prevLogIndex=111, prevLogTerm=1, entries=0, commitIndex=111} to 2
11:13:50.774 [raft-server-1] TRACE i.a.p.raft.roles.LeaderAppender - RaftServer{1} - Received AppendResponse{status=OK, term=1, succeeded=true, lastLogIndex=111} from 3
11:13:50.774 [raft-server-2] TRACE i.a.p.raft.roles.FollowerRole - RaftServer{2}{role=FOLLOWER} - Received AppendRequest{term=1, leader=1, prevLogIndex=111, prevLogTerm=1, entries=0, commitIndex=111}
11:13:50.774 [raft-server-2] TRACE i.a.p.raft.roles.FollowerRole - RaftServer{2}{role=FOLLOWER} - Sending AppendResponse{status=OK, term=1, succeeded=true, lastLogIndex=111}
11:13:50.774 [raft-server-1] TRACE i.a.p.raft.roles.LeaderAppender - RaftServer{1} - Sending AppendRequest{term=1, leader=1, prevLogIndex=111, prevLogTerm=1, entries=0, commitIndex=111} to 3
11:13:50.775 [raft-server-1] TRACE i.a.p.raft.roles.LeaderAppender - RaftServer{1} - Received AppendResponse{status=OK, term=1, succeeded=true, lastLogIndex=111} from 2
11:13:50.775 [raft-server-3] TRACE i.a.p.raft.roles.FollowerRole - RaftServer{3}{role=FOLLOWER} - Received AppendRequest{term=1, leader=1, prevLogIndex=111, prevLogTerm=1, entries=0, commitIndex=111}
11:13:50.775 [raft-server-1] TRACE i.a.p.raft.roles.LeaderAppender - RaftServer{1} - Sending AppendRequest{term=1, leader=1, prevLogIndex=111, prevLogTerm=1, entries=0, commitIndex=111} to 2
11:13:50.775 [raft-server-3] TRACE i.a.p.raft.roles.FollowerRole - RaftServer{3}{role=FOLLOWER} - Sending AppendResponse{status=OK, term=1, succeeded=true, lastLogIndex=111}
11:13:50.775 [raft-server-2] TRACE i.a.p.raft.roles.FollowerRole - RaftServer{2}{role=FOLLOWER} - Received AppendRequest{term=1, leader=1, prevLogIndex=111, prevLogTerm=1, entries=0, commitIndex=111}
11:13:50.775 [raft-server-1] TRACE i.a.p.raft.roles.LeaderAppender - RaftServer{1} - Received AppendResponse{status=OK, term=1, succeeded=true, lastLogIndex=111} from 3
11:13:50.775 [raft-server-2] TRACE i.a.p.raft.roles.FollowerRole - RaftServer{2}{role=FOLLOWER} - Sending AppendResponse{status=OK, term=1, succeeded=true, lastLogIndex=111}
11:13:50.775 [raft-server-1] TRACE i.a.p.raft.roles.LeaderAppender - RaftServer{1} - Sending AppendRequest{term=1, leader=1, prevLogIndex=111, prevLogTerm=1, entries=0, commitIndex=111} to 3
11:13:50.775 [raft-server-1] TRACE i.a.p.raft.roles.LeaderAppender - RaftServer{1} - Received AppendResponse{status=OK, term=1, succeeded=true, lastLogIndex=111} from 2
11:13:50.775 [raft-server-3] TRACE i.a.p.raft.roles.FollowerRole - RaftServer{3}{role=FOLLOWER} - Received AppendRequest{term=1, leader=1, prevLogIndex=111, prevLogTerm=1, entries=0, commitIndex=111}
11:13:50.775 [raft-server-3] TRACE i.a.p.raft.roles.FollowerRole - RaftServer{3}{role=FOLLOWER} - Sending AppendResponse{status=OK, term=1, succeeded=true, lastLogIndex=111}
11:13:50.775 [raft-server-1] TRACE i.a.p.raft.roles.LeaderAppender - RaftServer{1} - Received AppendResponse{status=OK, term=1, succeeded=true, lastLogIndex=111} from 3
11:13:50.872 [raft-server-1-state] DEBUG i.a.p.raft.impl.RaftServiceManager - RaftServer{1} - Completing snapshot 91
11:13:50.896 [raft-server-2-state] DEBUG i.a.p.raft.impl.RaftServiceManager - RaftServer{2} - Completing snapshot 91
11:13:51.005 [raft-server-3-state] DEBUG i.a.p.raft.impl.RaftServiceManager - RaftServer{3} - Completing snapshot 92
11:13:51.024 [raft-server-1] TRACE i.a.p.raft.roles.LeaderAppender - RaftServer{1} - Sending AppendRequest{term=1, leader=1, prevLogIndex=111, prevLogTerm=1, entries=0, commitIndex=111} to 2
11:13:51.024 [raft-server-1] TRACE i.a.p.raft.roles.LeaderAppender - RaftServer{1} - Sending AppendRequest{term=1, leader=1, prevLogIndex=111, prevLogTerm=1, entries=0, commitIndex=111} to 3
11:13:51.024 [raft-server-2] TRACE i.a.p.raft.roles.FollowerRole - RaftServer{2}{role=FOLLOWER} - Received AppendRequest{term=1, leader=1, prevLogIndex=111, prevLogTerm=1, entries=0, commitIndex=111}
11:13:51.024 [raft-server-3] TRACE i.a.p.raft.roles.FollowerRole - RaftServer{3}{role=FOLLOWER} - Received AppendRequest{term=1, leader=1, prevLogIndex=111, prevLogTerm=1, entries=0, commitIndex=111}
11:13:51.024 [raft-server-2] TRACE i.a.p.raft.roles.FollowerRole - RaftServer{2}{role=FOLLOWER} - Sending AppendResponse{status=OK, term=1, succeeded=true, lastLogIndex=111}
11:13:51.024 [raft-server-3] TRACE i.a.p.raft.roles.FollowerRole - RaftServer{3}{role=FOLLOWER} - Sending AppendResponse{status=OK, term=1, succeeded=true, lastLogIndex=111}
11:13:51.024 [raft-server-1] TRACE i.a.p.raft.roles.LeaderAppender - RaftServer{1} - Received AppendResponse{status=OK, term=1, succeeded=true, lastLogIndex=111} from 2
11:13:51.024 [raft-server-1] TRACE i.a.p.raft.roles.LeaderAppender - RaftServer{1} - Sending AppendRequest{term=1, leader=1, prevLogIndex=111, prevLogTerm=1, entries=0, commitIndex=111} to 2
11:13:51.024 [raft-server-1] TRACE i.a.p.raft.roles.LeaderAppender - RaftServer{1} - Received AppendResponse{status=OK, term=1, succeeded=true, lastLogIndex=111} from 3
11:13:51.024 [raft-server-2] TRACE i.a.p.raft.roles.FollowerRole - RaftServer{2}{role=FOLLOWER} - Received AppendRequest{term=1, leader=1, prevLogIndex=111, prevLogTerm=1, entries=0, commitIndex=111}
11:13:51.024 [raft-server-2] TRACE i.a.p.raft.roles.FollowerRole - RaftServer{2}{role=FOLLOWER} - Sending AppendResponse{status=OK, term=1, succeeded=true, lastLogIndex=111}
11:13:51.025 [raft-server-1] TRACE i.a.p.raft.roles.LeaderAppender - RaftServer{1} - Sending AppendRequest{term=1, leader=1, prevLogIndex=111, prevLogTerm=1, entries=0, commitIndex=111} to 3
11:13:51.025 [raft-server-1] TRACE i.a.p.raft.roles.LeaderAppender - RaftServer{1} - Received AppendResponse{status=OK, term=1, succeeded=true, lastLogIndex=111} from 2
11:13:51.025 [raft-server-3] TRACE i.a.p.raft.roles.FollowerRole - RaftServer{3}{role=FOLLOWER} - Received AppendRequest{term=1, leader=1, prevLogIndex=111, prevLogTerm=1, entries=0, commitIndex=111}
11:13:51.025 [raft-server-1] TRACE i.a.p.raft.roles.LeaderAppender - RaftServer{1} - Sending AppendRequest{term=1, leader=1, prevLogIndex=111, prevLogTerm=1, entries=0, commitIndex=111} to 2
11:13:51.025 [raft-server-3] TRACE i.a.p.raft.roles.FollowerRole - RaftServer{3}{role=FOLLOWER} - Sending AppendResponse{status=OK, term=1, succeeded=true, lastLogIndex=111}
11:13:51.025 [raft-server-2] TRACE i.a.p.raft.roles.FollowerRole - RaftServer{2}{role=FOLLOWER} - Received AppendRequest{term=1, leader=1, prevLogIndex=111, prevLogTerm=1, entries=0, commitIndex=111}
11:13:51.025 [raft-server-2] TRACE i.a.p.raft.roles.FollowerRole - RaftServer{2}{role=FOLLOWER} - Sending AppendResponse{status=OK, term=1, succeeded=true, lastLogIndex=111}
11:13:51.025 [raft-server-1] TRACE i.a.p.raft.roles.LeaderAppender - RaftServer{1} - Received AppendResponse{status=OK, term=1, succeeded=true, lastLogIndex=111} from 3
11:13:51.025 [raft-server-1] TRACE i.a.p.raft.roles.LeaderAppender - RaftServer{1} - Received AppendResponse{status=OK, term=1, succeeded=true, lastLogIndex=111} from 2
11:13:51.056 [raft-server-2] DEBUG i.a.p.raft.impl.RaftServiceManager - RaftServer{2} - Compacting logs up to index 91
11:13:51.056 [raft-server-1] DEBUG i.a.p.raft.impl.RaftServiceManager - RaftServer{1} - Compacting logs up to index 91
11:13:51.056 [raft-server-2] DEBUG i.a.storage.journal.SegmentedJournal - atomix - Compacting 9 segment(s)
11:13:51.056 [raft-server-1] DEBUG i.a.storage.journal.SegmentedJournal - atomix - Compacting 9 segment(s)
11:13:51.056 [raft-server-2] TRACE i.a.storage.journal.SegmentedJournal - Deleting segment: JournalSegment{id=1, version=1, index=1, size=500}
11:13:51.056 [raft-server-1] TRACE i.a.storage.journal.SegmentedJournal - Deleting segment: JournalSegment{id=1, version=1, index=1, size=500}
11:13:51.057 [raft-server-2] TRACE i.a.storage.journal.SegmentedJournal - Deleting segment: JournalSegment{id=2, version=1, index=11, size=574}
11:13:51.057 [raft-server-1] TRACE i.a.storage.journal.SegmentedJournal - Deleting segment: JournalSegment{id=2, version=1, index=11, size=574}
11:13:51.057 [raft-server-2] TRACE i.a.storage.journal.SegmentedJournal - Deleting segment: JournalSegment{id=3, version=1, index=21, size=574}
11:13:51.057 [raft-server-1] TRACE i.a.storage.journal.SegmentedJournal - Deleting segment: JournalSegment{id=3, version=1, index=21, size=574}
11:13:51.057 [raft-server-2] TRACE i.a.storage.journal.SegmentedJournal - Deleting segment: JournalSegment{id=4, version=1, index=31, size=549}
11:13:51.057 [raft-server-1] TRACE i.a.storage.journal.SegmentedJournal - Deleting segment: JournalSegment{id=4, version=1, index=31, size=549}
11:13:51.058 [raft-server-2] TRACE i.a.storage.journal.SegmentedJournal - Deleting segment: JournalSegment{id=5, version=1, index=41, size=574}
11:13:51.058 [raft-server-1] TRACE i.a.storage.journal.SegmentedJournal - Deleting segment: JournalSegment{id=5, version=1, index=41, size=574}
11:13:51.058 [raft-server-2] TRACE i.a.storage.journal.SegmentedJournal - Deleting segment: JournalSegment{id=6, version=1, index=51, size=549}
11:13:51.058 [raft-server-1] TRACE i.a.storage.journal.SegmentedJournal - Deleting segment: JournalSegment{id=6, version=1, index=51, size=549}
11:13:51.058 [raft-server-2] TRACE i.a.storage.journal.SegmentedJournal - Deleting segment: JournalSegment{id=7, version=1, index=61, size=575}
11:13:51.058 [raft-server-2] TRACE i.a.storage.journal.SegmentedJournal - Deleting segment: JournalSegment{id=8, version=1, index=71, size=584}
11:13:51.058 [raft-server-1] TRACE i.a.storage.journal.SegmentedJournal - Deleting segment: JournalSegment{id=7, version=1, index=61, size=575}
11:13:51.058 [raft-server-2] TRACE i.a.storage.journal.SegmentedJournal - Deleting segment: JournalSegment{id=9, version=1, index=81, size=559}
11:13:51.058 [raft-server-1] TRACE i.a.storage.journal.SegmentedJournal - Deleting segment: JournalSegment{id=8, version=1, index=71, size=584}
11:13:51.059 [raft-server-1] TRACE i.a.storage.journal.SegmentedJournal - Deleting segment: JournalSegment{id=9, version=1, index=81, size=559}
11:13:51.059 [raft-server-2] DEBUG i.a.p.raft.impl.RaftServiceManager - RaftServer{2} - Snapshotting services
11:13:51.059 [raft-server-2-state] DEBUG i.a.p.r.s.snapshot.SnapshotStore - Created memory snapshot: MemorySnapshot{index=111}
11:13:51.059 [raft-server-2-state] DEBUG i.a.p.r.service.RaftServiceContext - PrimitiveService{2}{type=PrimitiveType{name=test}, name=test} - Taking snapshot 111
11:13:51.059 [raft-server-2-compaction] DEBUG i.a.p.r.s.snapshot.SnapshotStore - Created disk snapshot: FileSnapshot{index=111}
11:13:51.060 [raft-server-1] DEBUG i.a.p.raft.impl.RaftServiceManager - RaftServer{1} - Snapshotting services
11:13:51.060 [raft-server-1-state] DEBUG i.a.p.r.s.snapshot.SnapshotStore - Created memory snapshot: MemorySnapshot{index=111}
11:13:51.060 [raft-server-1-state] DEBUG i.a.p.r.service.RaftServiceContext - PrimitiveService{2}{type=PrimitiveType{name=test}, name=test} - Taking snapshot 111
11:13:51.060 [raft-server-1-compaction] DEBUG i.a.p.r.s.snapshot.SnapshotStore - Created disk snapshot: FileSnapshot{index=111}
11:13:51.109 [raft-server-3] DEBUG i.a.p.raft.impl.RaftServiceManager - RaftServer{3} - Compacting logs up to index 92
11:13:51.109 [raft-server-3] DEBUG i.a.storage.journal.SegmentedJournal - atomix - Compacting 9 segment(s)
11:13:51.109 [raft-server-3] TRACE i.a.storage.journal.SegmentedJournal - Deleting segment: JournalSegment{id=1, version=1, index=1, size=500}
11:13:51.110 [raft-server-3] TRACE i.a.storage.journal.SegmentedJournal - Deleting segment: JournalSegment{id=2, version=1, index=11, size=574}
11:13:51.110 [raft-server-3] TRACE i.a.storage.journal.SegmentedJournal - Deleting segment: JournalSegment{id=3, version=1, index=21, size=574}
11:13:51.112 [raft-server-3] TRACE i.a.storage.journal.SegmentedJournal - Deleting segment: JournalSegment{id=4, version=1, index=31, size=549}
11:13:51.113 [raft-server-3] TRACE i.a.storage.journal.SegmentedJournal - Deleting segment: JournalSegment{id=5, version=1, index=41, size=574}
11:13:51.113 [raft-server-3] TRACE i.a.storage.journal.SegmentedJournal - Deleting segment: JournalSegment{id=6, version=1, index=51, size=549}
11:13:51.113 [raft-server-3] TRACE i.a.storage.journal.SegmentedJournal - Deleting segment: JournalSegment{id=7, version=1, index=61, size=575}
11:13:51.113 [raft-server-3] TRACE i.a.storage.journal.SegmentedJournal - Deleting segment: JournalSegment{id=8, version=1, index=71, size=584}
11:13:51.113 [raft-server-3] TRACE i.a.storage.journal.SegmentedJournal - Deleting segment: JournalSegment{id=9, version=1, index=81, size=559}
11:13:51.114 [raft-server-3] DEBUG i.a.p.raft.impl.RaftServiceManager - RaftServer{3} - Snapshotting services
11:13:51.114 [raft-server-3-state] DEBUG i.a.p.r.s.snapshot.SnapshotStore - Created memory snapshot: MemorySnapshot{index=111}
11:13:51.114 [raft-server-3-state] DEBUG i.a.p.r.service.RaftServiceContext - PrimitiveService{2}{type=PrimitiveType{name=test}, name=test} - Taking snapshot 111
11:13:51.114 [raft-server-3-compaction] DEBUG i.a.p.r.s.snapshot.SnapshotStore - Created disk snapshot: FileSnapshot{index=111}
11:13:51.274 [raft-server-1] TRACE i.a.p.raft.roles.LeaderAppender - RaftServer{1} - Sending AppendRequest{term=1, leader=1, prevLogIndex=111, prevLogTerm=1, entries=0, commitIndex=111} to 2
11:13:51.274 [raft-server-1] TRACE i.a.p.raft.roles.LeaderAppender - RaftServer{1} - Sending AppendRequest{term=1, leader=1, prevLogIndex=111, prevLogTerm=1, entries=0, commitIndex=111} to 3
11:13:51.274 [raft-server-2] TRACE i.a.p.raft.roles.FollowerRole - RaftServer{2}{role=FOLLOWER} - Received AppendRequest{term=1, leader=1, prevLogIndex=111, prevLogTerm=1, entries=0, commitIndex=111}
11:13:51.274 [raft-server-3] TRACE i.a.p.raft.roles.FollowerRole - RaftServer{3}{role=FOLLOWER} - Received AppendRequest{term=1, leader=1, prevLogIndex=111, prevLogTerm=1, entries=0, commitIndex=111}
11:13:51.274 [raft-server-2] TRACE i.a.p.raft.roles.FollowerRole - RaftServer{2}{role=FOLLOWER} - Sending AppendResponse{status=OK, term=1, succeeded=true, lastLogIndex=111}
11:13:51.274 [raft-server-3] TRACE i.a.p.raft.roles.FollowerRole - RaftServer{3}{role=FOLLOWER} - Sending AppendResponse{status=OK, term=1, succeeded=true, lastLogIndex=111}
11:13:51.274 [raft-server-1] TRACE i.a.p.raft.roles.LeaderAppender - RaftServer{1} - Received AppendResponse{status=OK, term=1, succeeded=true, lastLogIndex=111} from 2
11:13:51.274 [raft-server-1] TRACE i.a.p.raft.roles.LeaderAppender - RaftServer{1} - Sending AppendRequest{term=1, leader=1, prevLogIndex=111, prevLogTerm=1, entries=0, commitIndex=111} to 2
11:13:51.274 [raft-server-1] TRACE i.a.p.raft.roles.LeaderAppender - RaftServer{1} - Received AppendResponse{status=OK, term=1, succeeded=true, lastLogIndex=111} from 3
11:13:51.274 [raft-server-2] TRACE i.a.p.raft.roles.FollowerRole - RaftServer{2}{role=FOLLOWER} - Received AppendRequest{term=1, leader=1, prevLogIndex=111, prevLogTerm=1, entries=0, commitIndex=111}
11:13:51.274 [raft-server-2] TRACE i.a.p.raft.roles.FollowerRole - RaftServer{2}{role=FOLLOWER} - Sending AppendResponse{status=OK, term=1, succeeded=true, lastLogIndex=111}
11:13:51.274 [raft-server-1] TRACE i.a.p.raft.roles.LeaderAppender - RaftServer{1} - Sending AppendRequest{term=1, leader=1, prevLogIndex=111, prevLogTerm=1, entries=0, commitIndex=111} to 3
11:13:51.275 [raft-server-1] TRACE i.a.p.raft.roles.LeaderAppender - RaftServer{1} - Received AppendResponse{status=OK, term=1, succeeded=true, lastLogIndex=111} from 2
11:13:51.275 [raft-server-3] TRACE i.a.p.raft.roles.FollowerRole - RaftServer{3}{role=FOLLOWER} - Received AppendRequest{term=1, leader=1, prevLogIndex=111, prevLogTerm=1, entries=0, commitIndex=111}
11:13:51.275 [raft-server-3] TRACE i.a.p.raft.roles.FollowerRole - RaftServer{3}{role=FOLLOWER} - Sending AppendResponse{status=OK, term=1, succeeded=true, lastLogIndex=111}
11:13:51.275 [raft-server-1] TRACE i.a.p.raft.roles.LeaderAppender - RaftServer{1} - Sending AppendRequest{term=1, leader=1, prevLogIndex=111, prevLogTerm=1, entries=0, commitIndex=111} to 2
11:13:51.275 [raft-server-2] TRACE i.a.p.raft.roles.FollowerRole - RaftServer{2}{role=FOLLOWER} - Received AppendRequest{term=1, leader=1, prevLogIndex=111, prevLogTerm=1, entries=0, commitIndex=111}
11:13:51.275 [raft-server-1] TRACE i.a.p.raft.roles.LeaderAppender - RaftServer{1} - Received AppendResponse{status=OK, term=1, succeeded=true, lastLogIndex=111} from 3
11:13:51.275 [raft-server-2] TRACE i.a.p.raft.roles.FollowerRole - RaftServer{2}{role=FOLLOWER} - Sending AppendResponse{status=OK, term=1, succeeded=true, lastLogIndex=111}
11:13:51.275 [raft-server-1] TRACE i.a.p.raft.roles.LeaderAppender - RaftServer{1} - Sending AppendRequest{term=1, leader=1, prevLogIndex=111, prevLogTerm=1, entries=0, commitIndex=111} to 3
11:13:51.275 [raft-server-1] TRACE i.a.p.raft.roles.LeaderAppender - RaftServer{1} - Received AppendResponse{status=OK, term=1, succeeded=true, lastLogIndex=111} from 2
11:13:51.275 [raft-server-3] TRACE i.a.p.raft.roles.FollowerRole - RaftServer{3}{role=FOLLOWER} - Received AppendRequest{term=1, leader=1, prevLogIndex=111, prevLogTerm=1, entries=0, commitIndex=111}
11:13:51.275 [raft-server-3] TRACE i.a.p.raft.roles.FollowerRole - RaftServer{3}{role=FOLLOWER} - Sending AppendResponse{status=OK, term=1, succeeded=true, lastLogIndex=111}
11:13:51.275 [raft-server-1] TRACE i.a.p.raft.roles.LeaderAppender - RaftServer{1} - Received AppendResponse{status=OK, term=1, succeeded=true, lastLogIndex=111} from 3
11:13:51.524 [raft-server-1] TRACE i.a.p.raft.roles.LeaderAppender - RaftServer{1} - Sending AppendRequest{term=1, leader=1, prevLogIndex=111, prevLogTerm=1, entries=0, commitIndex=111} to 2
11:13:51.524 [raft-server-1] TRACE i.a.p.raft.roles.LeaderAppender - RaftServer{1} - Sending AppendRequest{term=1, leader=1, prevLogIndex=111, prevLogTerm=1, entries=0, commitIndex=111} to 3
11:13:51.524 [raft-server-2] TRACE i.a.p.raft.roles.FollowerRole - RaftServer{2}{role=FOLLOWER} - Received AppendRequest{term=1, leader=1, prevLogIndex=111, prevLogTerm=1, entries=0, commitIndex=111}
11:13:51.524 [raft-server-3] TRACE i.a.p.raft.roles.FollowerRole - RaftServer{3}{role=FOLLOWER} - Received AppendRequest{term=1, leader=1, prevLogIndex=111, prevLogTerm=1, entries=0, commitIndex=111}
11:13:51.524 [raft-server-2] TRACE i.a.p.raft.roles.FollowerRole - RaftServer{2}{role=FOLLOWER} - Sending AppendResponse{status=OK, term=1, succeeded=true, lastLogIndex=111}
11:13:51.524 [raft-server-3] TRACE i.a.p.raft.roles.FollowerRole - RaftServer{3}{role=FOLLOWER} - Sending AppendResponse{status=OK, term=1, succeeded=true, lastLogIndex=111}
11:13:51.524 [raft-server-1] TRACE i.a.p.raft.roles.LeaderAppender - RaftServer{1} - Received AppendResponse{status=OK, term=1, succeeded=true, lastLogIndex=111} from 2
11:13:51.524 [raft-server-1] TRACE i.a.p.raft.roles.LeaderAppender - RaftServer{1} - Sending AppendRequest{term=1, leader=1, prevLogIndex=111, prevLogTerm=1, entries=0, commitIndex=111} to 2
11:13:51.524 [raft-server-1] TRACE i.a.p.raft.roles.LeaderAppender - RaftServer{1} - Received AppendResponse{status=OK, term=1, succeeded=true, lastLogIndex=111} from 3
11:13:51.524 [raft-server-2] TRACE i.a.p.raft.roles.FollowerRole - RaftServer{2}{role=FOLLOWER} - Received AppendRequest{term=1, leader=1, prevLogIndex=111, prevLogTerm=1, entries=0, commitIndex=111}
11:13:51.524 [raft-server-2] TRACE i.a.p.raft.roles.FollowerRole - RaftServer{2}{role=FOLLOWER} - Sending AppendResponse{status=OK, term=1, succeeded=true, lastLogIndex=111}
11:13:51.524 [raft-server-1] TRACE i.a.p.raft.roles.LeaderAppender - RaftServer{1} - Sending AppendRequest{term=1, leader=1, prevLogIndex=111, prevLogTerm=1, entries=0, commitIndex=111} to 3
11:13:51.524 [raft-server-1] TRACE i.a.p.raft.roles.LeaderAppender - RaftServer{1} - Received AppendResponse{status=OK, term=1, succeeded=true, lastLogIndex=111} from 2
11:13:51.524 [raft-server-3] TRACE i.a.p.raft.roles.FollowerRole - RaftServer{3}{role=FOLLOWER} - Received AppendRequest{term=1, leader=1, prevLogIndex=111, prevLogTerm=1, entries=0, commitIndex=111}
11:13:51.525 [raft-server-3] TRACE i.a.p.raft.roles.FollowerRole - RaftServer{3}{role=FOLLOWER} - Sending AppendResponse{status=OK, term=1, succeeded=true, lastLogIndex=111}
11:13:51.525 [raft-server-1] TRACE i.a.p.raft.roles.LeaderAppender - RaftServer{1} - Sending AppendRequest{term=1, leader=1, prevLogIndex=111, prevLogTerm=1, entries=0, commitIndex=111} to 2
11:13:51.525 [raft-server-2] TRACE i.a.p.raft.roles.FollowerRole - RaftServer{2}{role=FOLLOWER} - Received AppendRequest{term=1, leader=1, prevLogIndex=111, prevLogTerm=1, entries=0, commitIndex=111}
11:13:51.525 [raft-server-1] TRACE i.a.p.raft.roles.LeaderAppender - RaftServer{1} - Received AppendResponse{status=OK, term=1, succeeded=true, lastLogIndex=111} from 3
11:13:51.525 [raft-server-2] TRACE i.a.p.raft.roles.FollowerRole - RaftServer{2}{role=FOLLOWER} - Sending AppendResponse{status=OK, term=1, succeeded=true, lastLogIndex=111}
11:13:51.525 [raft-server-1] TRACE i.a.p.raft.roles.LeaderAppender - RaftServer{1} - Sending AppendRequest{term=1, leader=1, prevLogIndex=111, prevLogTerm=1, entries=0, commitIndex=111} to 3
11:13:51.525 [raft-server-3] TRACE i.a.p.raft.roles.FollowerRole - RaftServer{3}{role=FOLLOWER} - Received AppendRequest{term=1, leader=1, prevLogIndex=111, prevLogTerm=1, entries=0, commitIndex=111}
11:13:51.525 [raft-server-1] TRACE i.a.p.raft.roles.LeaderAppender - RaftServer{1} - Received AppendResponse{status=OK, term=1, succeeded=true, lastLogIndex=111} from 2
11:13:51.525 [raft-server-3] TRACE i.a.p.raft.roles.FollowerRole - RaftServer{3}{role=FOLLOWER} - Sending AppendResponse{status=OK, term=1, succeeded=true, lastLogIndex=111}
11:13:51.525 [raft-server-1] TRACE i.a.p.raft.roles.LeaderAppender - RaftServer{1} - Received AppendResponse{status=OK, term=1, succeeded=true, lastLogIndex=111} from 3
11:13:51.774 [raft-server-1] TRACE i.a.p.raft.roles.LeaderAppender - RaftServer{1} - Sending AppendRequest{term=1, leader=1, prevLogIndex=111, prevLogTerm=1, entries=0, commitIndex=111} to 2
11:13:51.774 [raft-server-1] TRACE i.a.p.raft.roles.LeaderAppender - RaftServer{1} - Sending AppendRequest{term=1, leader=1, prevLogIndex=111, prevLogTerm=1, entries=0, commitIndex=111} to 3
11:13:51.774 [raft-server-2] TRACE i.a.p.raft.roles.FollowerRole - RaftServer{2}{role=FOLLOWER} - Received AppendRequest{term=1, leader=1, prevLogIndex=111, prevLogTerm=1, entries=0, commitIndex=111}
11:13:51.774 [raft-server-3] TRACE i.a.p.raft.roles.FollowerRole - RaftServer{3}{role=FOLLOWER} - Received AppendRequest{term=1, leader=1, prevLogIndex=111, prevLogTerm=1, entries=0, commitIndex=111}
11:13:51.774 [raft-server-2] TRACE i.a.p.raft.roles.FollowerRole - RaftServer{2}{role=FOLLOWER} - Sending AppendResponse{status=OK, term=1, succeeded=true, lastLogIndex=111}
11:13:51.774 [raft-server-3] TRACE i.a.p.raft.roles.FollowerRole - RaftServer{3}{role=FOLLOWER} - Sending AppendResponse{status=OK, term=1, succeeded=true, lastLogIndex=111}
11:13:51.774 [raft-server-1] TRACE i.a.p.raft.roles.LeaderAppender - RaftServer{1} - Received AppendResponse{status=OK, term=1, succeeded=true, lastLogIndex=111} from 2
11:13:51.774 [raft-server-1] TRACE i.a.p.raft.roles.LeaderAppender - RaftServer{1} - Sending AppendRequest{term=1, leader=1, prevLogIndex=111, prevLogTerm=1, entries=0, commitIndex=111} to 2
11:13:51.774 [raft-server-2] TRACE i.a.p.raft.roles.FollowerRole - RaftServer{2}{role=FOLLOWER} - Received AppendRequest{term=1, leader=1, prevLogIndex=111, prevLogTerm=1, entries=0, commitIndex=111}
11:13:51.774 [raft-server-1] TRACE i.a.p.raft.roles.LeaderAppender - RaftServer{1} - Received AppendResponse{status=OK, term=1, succeeded=true, lastLogIndex=111} from 3
11:13:51.774 [raft-server-2] TRACE i.a.p.raft.roles.FollowerRole - RaftServer{2}{role=FOLLOWER} - Sending AppendResponse{status=OK, term=1, succeeded=true, lastLogIndex=111}
11:13:51.774 [raft-server-1] TRACE i.a.p.raft.roles.LeaderAppender - RaftServer{1} - Sending AppendRequest{term=1, leader=1, prevLogIndex=111, prevLogTerm=1, entries=0, commitIndex=111} to 3
11:13:51.774 [raft-server-1] TRACE i.a.p.raft.roles.LeaderAppender - RaftServer{1} - Received AppendResponse{status=OK, term=1, succeeded=true, lastLogIndex=111} from 2
11:13:51.775 [raft-server-3] TRACE i.a.p.raft.roles.FollowerRole - RaftServer{3}{role=FOLLOWER} - Received AppendRequest{term=1, leader=1, prevLogIndex=111, prevLogTerm=1, entries=0, commitIndex=111}
11:13:51.775 [raft-server-1] TRACE i.a.p.raft.roles.LeaderAppender - RaftServer{1} - Sending AppendRequest{term=1, leader=1, prevLogIndex=111, prevLogTerm=1, entries=0, commitIndex=111} to 2
11:13:51.775 [raft-server-3] TRACE i.a.p.raft.roles.FollowerRole - RaftServer{3}{role=FOLLOWER} - Sending AppendResponse{status=OK, term=1, succeeded=true, lastLogIndex=111}
11:13:51.775 [raft-server-2] TRACE i.a.p.raft.roles.FollowerRole - RaftServer{2}{role=FOLLOWER} - Received AppendRequest{term=1, leader=1, prevLogIndex=111, prevLogTerm=1, entries=0, commitIndex=111}
11:13:51.775 [raft-server-2] TRACE i.a.p.raft.roles.FollowerRole - RaftServer{2}{role=FOLLOWER} - Sending AppendResponse{status=OK, term=1, succeeded=true, lastLogIndex=111}
11:13:51.775 [raft-server-1] TRACE i.a.p.raft.roles.LeaderAppender - RaftServer{1} - Received AppendResponse{status=OK, term=1, succeeded=true, lastLogIndex=111} from 3
11:13:51.775 [raft-server-1] TRACE i.a.p.raft.roles.LeaderAppender - RaftServer{1} - Sending AppendRequest{term=1, leader=1, prevLogIndex=111, prevLogTerm=1, entries=0, commitIndex=111} to 3
11:13:51.775 [raft-server-1] TRACE i.a.p.raft.roles.LeaderAppender - RaftServer{1} - Received AppendResponse{status=OK, term=1, succeeded=true, lastLogIndex=111} from 2
11:13:51.775 [raft-server-3] TRACE i.a.p.raft.roles.FollowerRole - RaftServer{3}{role=FOLLOWER} - Received AppendRequest{term=1, leader=1, prevLogIndex=111, prevLogTerm=1, entries=0, commitIndex=111}
11:13:51.775 [raft-server-3] TRACE i.a.p.raft.roles.FollowerRole - RaftServer{3}{role=FOLLOWER} - Sending AppendResponse{status=OK, term=1, succeeded=true, lastLogIndex=111}
11:13:51.775 [raft-server-1] TRACE i.a.p.raft.roles.LeaderAppender - RaftServer{1} - Received AppendResponse{status=OK, term=1, succeeded=true, lastLogIndex=111} from 3
11:13:52.024 [raft-server-1] TRACE i.a.p.raft.roles.LeaderAppender - RaftServer{1} - Sending AppendRequest{term=1, leader=1, prevLogIndex=111, prevLogTerm=1, entries=0, commitIndex=111} to 2
11:13:52.024 [raft-server-2] TRACE i.a.p.raft.roles.FollowerRole - RaftServer{2}{role=FOLLOWER} - Received AppendRequest{term=1, leader=1, prevLogIndex=111, prevLogTerm=1, entries=0, commitIndex=111}
11:13:52.024 [raft-server-1] TRACE i.a.p.raft.roles.LeaderAppender - RaftServer{1} - Sending AppendRequest{term=1, leader=1, prevLogIndex=111, prevLogTerm=1, entries=0, commitIndex=111} to 3
11:13:52.024 [raft-server-2] TRACE i.a.p.raft.roles.FollowerRole - RaftServer{2}{role=FOLLOWER} - Sending AppendResponse{status=OK, term=1, succeeded=true, lastLogIndex=111}
11:13:52.024 [raft-server-3] TRACE i.a.p.raft.roles.FollowerRole - RaftServer{3}{role=FOLLOWER} - Received AppendRequest{term=1, leader=1, prevLogIndex=111, prevLogTerm=1, entries=0, commitIndex=111}
11:13:52.024 [raft-server-1] TRACE i.a.p.raft.roles.LeaderAppender - RaftServer{1} - Received AppendResponse{status=OK, term=1, succeeded=true, lastLogIndex=111} from 2
11:13:52.024 [raft-server-3] TRACE i.a.p.raft.roles.FollowerRole - RaftServer{3}{role=FOLLOWER} - Sending AppendResponse{status=OK, term=1, succeeded=true, lastLogIndex=111}
11:13:52.024 [raft-server-1] TRACE i.a.p.raft.roles.LeaderAppender - RaftServer{1} - Sending AppendRequest{term=1, leader=1, prevLogIndex=111, prevLogTerm=1, entries=0, commitIndex=111} to 2
11:13:52.024 [raft-server-2] TRACE i.a.p.raft.roles.FollowerRole - RaftServer{2}{role=FOLLOWER} - Received AppendRequest{term=1, leader=1, prevLogIndex=111, prevLogTerm=1, entries=0, commitIndex=111}
11:13:52.024 [raft-server-1] TRACE i.a.p.raft.roles.LeaderAppender - RaftServer{1} - Received AppendResponse{status=OK, term=1, succeeded=true, lastLogIndex=111} from 3
11:13:52.024 [raft-server-2] TRACE i.a.p.raft.roles.FollowerRole - RaftServer{2}{role=FOLLOWER} - Sending AppendResponse{status=OK, term=1, succeeded=true, lastLogIndex=111}
11:13:52.024 [raft-server-1] TRACE i.a.p.raft.roles.LeaderAppender - RaftServer{1} - Sending AppendRequest{term=1, leader=1, prevLogIndex=111, prevLogTerm=1, entries=0, commitIndex=111} to 3
11:13:52.024 [raft-server-1] TRACE i.a.p.raft.roles.LeaderAppender - RaftServer{1} - Received AppendResponse{status=OK, term=1, succeeded=true, lastLogIndex=111} from 2
11:13:52.024 [raft-server-3] TRACE i.a.p.raft.roles.FollowerRole - RaftServer{3}{role=FOLLOWER} - Received AppendRequest{term=1, leader=1, prevLogIndex=111, prevLogTerm=1, entries=0, commitIndex=111}
11:13:52.024 [raft-server-1] TRACE i.a.p.raft.roles.LeaderAppender - RaftServer{1} - Sending AppendRequest{term=1, leader=1, prevLogIndex=111, prevLogTerm=1, entries=0, commitIndex=111} to 2
11:13:52.024 [raft-server-3] TRACE i.a.p.raft.roles.FollowerRole - RaftServer{3}{role=FOLLOWER} - Sending AppendResponse{status=OK, term=1, succeeded=true, lastLogIndex=111}
11:13:52.024 [raft-server-2] TRACE i.a.p.raft.roles.FollowerRole - RaftServer{2}{role=FOLLOWER} - Received AppendRequest{term=1, leader=1, prevLogIndex=111, prevLogTerm=1, entries=0, commitIndex=111}
11:13:52.025 [raft-server-1] TRACE i.a.p.raft.roles.LeaderAppender - RaftServer{1} - Received AppendResponse{status=OK, term=1, succeeded=true, lastLogIndex=111} from 3
11:13:52.025 [raft-server-2] TRACE i.a.p.raft.roles.FollowerRole - RaftServer{2}{role=FOLLOWER} - Sending AppendResponse{status=OK, term=1, succeeded=true, lastLogIndex=111}
11:13:52.025 [raft-server-1] TRACE i.a.p.raft.roles.LeaderAppender - RaftServer{1} - Sending AppendRequest{term=1, leader=1, prevLogIndex=111, prevLogTerm=1, entries=0, commitIndex=111} to 3
11:13:52.025 [raft-server-3] TRACE i.a.p.raft.roles.FollowerRole - RaftServer{3}{role=FOLLOWER} - Received AppendRequest{term=1, leader=1, prevLogIndex=111, prevLogTerm=1, entries=0, commitIndex=111}
11:13:52.025 [raft-server-1] TRACE i.a.p.raft.roles.LeaderAppender - RaftServer{1} - Received AppendResponse{status=OK, term=1, succeeded=true, lastLogIndex=111} from 2
11:13:52.025 [raft-server-3] TRACE i.a.p.raft.roles.FollowerRole - RaftServer{3}{role=FOLLOWER} - Sending AppendResponse{status=OK, term=1, succeeded=true, lastLogIndex=111}
11:13:52.025 [raft-server-1] TRACE i.a.p.raft.roles.LeaderAppender - RaftServer{1} - Sending AppendRequest{term=1, leader=1, prevLogIndex=111, prevLogTerm=1, entries=0, commitIndex=111} to 2
11:13:52.025 [raft-server-2] TRACE i.a.p.raft.roles.FollowerRole - RaftServer{2}{role=FOLLOWER} - Received AppendRequest{term=1, leader=1, prevLogIndex=111, prevLogTerm=1, entries=0, commitIndex=111}
11:13:52.025 [raft-server-1] TRACE i.a.p.raft.roles.LeaderAppender - RaftServer{1} - Received AppendResponse{status=OK, term=1, succeeded=true, lastLogIndex=111} from 3
11:13:52.025 [raft-server-2] TRACE i.a.p.raft.roles.FollowerRole - RaftServer{2}{role=FOLLOWER} - Sending AppendResponse{status=OK, term=1, succeeded=true, lastLogIndex=111}
11:13:52.025 [raft-server-1] TRACE i.a.p.raft.roles.LeaderAppender - RaftServer{1} - Received AppendResponse{status=OK, term=1, succeeded=true, lastLogIndex=111} from 2
11:13:52.274 [raft-server-1] TRACE i.a.p.raft.roles.LeaderAppender - RaftServer{1} - Sending AppendRequest{term=1, leader=1, prevLogIndex=111, prevLogTerm=1, entries=0, commitIndex=111} to 2
11:13:52.274 [raft-server-1] TRACE i.a.p.raft.roles.LeaderAppender - RaftServer{1} - Sending AppendRequest{term=1, leader=1, prevLogIndex=111, prevLogTerm=1, entries=0, commitIndex=111} to 3
11:13:52.274 [raft-server-2] TRACE i.a.p.raft.roles.FollowerRole - RaftServer{2}{role=FOLLOWER} - Received AppendRequest{term=1, leader=1, prevLogIndex=111, prevLogTerm=1, entries=0, commitIndex=111}
11:13:52.274 [raft-server-3] TRACE i.a.p.raft.roles.FollowerRole - RaftServer{3}{role=FOLLOWER} - Received AppendRequest{term=1, leader=1, prevLogIndex=111, prevLogTerm=1, entries=0, commitIndex=111}
11:13:52.274 [raft-server-2] TRACE i.a.p.raft.roles.FollowerRole - RaftServer{2}{role=FOLLOWER} - Sending AppendResponse{status=OK, term=1, succeeded=true, lastLogIndex=111}
11:13:52.274 [raft-server-3] TRACE i.a.p.raft.roles.FollowerRole - RaftServer{3}{role=FOLLOWER} - Sending AppendResponse{status=OK, term=1, succeeded=true, lastLogIndex=111}
11:13:52.274 [raft-server-1] TRACE i.a.p.raft.roles.LeaderAppender - RaftServer{1} - Received AppendResponse{status=OK, term=1, succeeded=true, lastLogIndex=111} from 2
11:13:52.274 [raft-server-1] TRACE i.a.p.raft.roles.LeaderAppender - RaftServer{1} - Sending AppendRequest{term=1, leader=1, prevLogIndex=111, prevLogTerm=1, entries=0, commitIndex=111} to 2
11:13:52.274 [raft-server-2] TRACE i.a.p.raft.roles.FollowerRole - RaftServer{2}{role=FOLLOWER} - Received AppendRequest{term=1, leader=1, prevLogIndex=111, prevLogTerm=1, entries=0, commitIndex=111}
11:13:52.274 [raft-server-1] TRACE i.a.p.raft.roles.LeaderAppender - RaftServer{1} - Received AppendResponse{status=OK, term=1, succeeded=true, lastLogIndex=111} from 3
11:13:52.274 [raft-server-2] TRACE i.a.p.raft.roles.FollowerRole - RaftServer{2}{role=FOLLOWER} - Sending AppendResponse{status=OK, term=1, succeeded=true, lastLogIndex=111}
11:13:52.274 [raft-server-1] TRACE i.a.p.raft.roles.LeaderAppender - RaftServer{1} - Sending AppendRequest{term=1, leader=1, prevLogIndex=111, prevLogTerm=1, entries=0, commitIndex=111} to 3
11:13:52.274 [raft-server-1] TRACE i.a.p.raft.roles.LeaderAppender - RaftServer{1} - Received AppendResponse{status=OK, term=1, succeeded=true, lastLogIndex=111} from 2
11:13:52.274 [raft-server-3] TRACE i.a.p.raft.roles.FollowerRole - RaftServer{3}{role=FOLLOWER} - Received AppendRequest{term=1, leader=1, prevLogIndex=111, prevLogTerm=1, entries=0, commitIndex=111}
11:13:52.274 [raft-server-1] TRACE i.a.p.raft.roles.LeaderAppender - RaftServer{1} - Sending AppendRequest{term=1, leader=1, prevLogIndex=111, prevLogTerm=1, entries=0, commitIndex=111} to 2
11:13:52.274 [raft-server-3] TRACE i.a.p.raft.roles.FollowerRole - RaftServer{3}{role=FOLLOWER} - Sending AppendResponse{status=OK, term=1, succeeded=true, lastLogIndex=111}
11:13:52.275 [raft-server-2] TRACE i.a.p.raft.roles.FollowerRole - RaftServer{2}{role=FOLLOWER} - Received AppendRequest{term=1, leader=1, prevLogIndex=111, prevLogTerm=1, entries=0, commitIndex=111}
11:13:52.275 [raft-server-1] TRACE i.a.p.raft.roles.LeaderAppender - RaftServer{1} - Received AppendResponse{status=OK, term=1, succeeded=true, lastLogIndex=111} from 3
11:13:52.275 [raft-server-2] TRACE i.a.p.raft.roles.FollowerRole - RaftServer{2}{role=FOLLOWER} - Sending AppendResponse{status=OK, term=1, succeeded=true, lastLogIndex=111}
11:13:52.275 [raft-server-1] TRACE i.a.p.raft.roles.LeaderAppender - RaftServer{1} - Sending AppendRequest{term=1, leader=1, prevLogIndex=111, prevLogTerm=1, entries=0, commitIndex=111} to 3
11:13:52.275 [raft-server-1] TRACE i.a.p.raft.roles.LeaderAppender - RaftServer{1} - Received AppendResponse{status=OK, term=1, succeeded=true, lastLogIndex=111} from 2
11:13:52.275 [raft-server-3] TRACE i.a.p.raft.roles.FollowerRole - RaftServer{3}{role=FOLLOWER} - Received AppendRequest{term=1, leader=1, prevLogIndex=111, prevLogTerm=1, entries=0, commitIndex=111}
11:13:52.275 [raft-server-3] TRACE i.a.p.raft.roles.FollowerRole - RaftServer{3}{role=FOLLOWER} - Sending AppendResponse{status=OK, term=1, succeeded=true, lastLogIndex=111}
11:13:52.275 [raft-server-1] TRACE i.a.p.raft.roles.LeaderAppender - RaftServer{1} - Sending AppendRequest{term=1, leader=1, prevLogIndex=111, prevLogTerm=1, entries=0, commitIndex=111} to 2
11:13:52.275 [raft-server-2] TRACE i.a.p.raft.roles.FollowerRole - RaftServer{2}{role=FOLLOWER} - Received AppendRequest{term=1, leader=1, prevLogIndex=111, prevLogTerm=1, entries=0, commitIndex=111}
11:13:52.275 [raft-server-1] TRACE i.a.p.raft.roles.LeaderAppender - RaftServer{1} - Received AppendResponse{status=OK, term=1, succeeded=true, lastLogIndex=111} from 3
11:13:52.275 [raft-server-2] TRACE i.a.p.raft.roles.FollowerRole - RaftServer{2}{role=FOLLOWER} - Sending AppendResponse{status=OK, term=1, succeeded=true, lastLogIndex=111}
11:13:52.275 [raft-server-1] TRACE i.a.p.raft.roles.LeaderAppender - RaftServer{1} - Received AppendResponse{status=OK, term=1, succeeded=true, lastLogIndex=111} from 2
11:13:52.467 [raft-client-a5a0def7-e1df-4503-b1c6-00519ae66cf7-2] TRACE i.a.p.r.proxy.impl.RaftProxyManager - RaftClient{a5a0def7-e1df-4503-b1c6-00519ae66cf7} - Keeping 1 sessions alive
11:13:52.467 [raft-client-a5a0def7-e1df-4503-b1c6-00519ae66cf7-2] TRACE i.a.p.r.p.impl.RaftProxyConnection - RaftClient{a5a0def7-e1df-4503-b1c6-00519ae66cf7} - Sending KeepAliveRequest{sessionIds=long[]{length=1, hash=33}, commandSequences=long[]{length=1, hash=131}, eventIndexes=long[]{length=1, hash=33}} to 1
11:13:52.467 [raft-server-1] TRACE i.a.protocols.raft.roles.LeaderRole - RaftServer{1}{role=LEADER} - Received KeepAliveRequest{sessionIds=long[]{length=1, hash=33}, commandSequences=long[]{length=1, hash=131}, eventIndexes=long[]{length=1, hash=33}}
11:13:52.467 [raft-server-1] TRACE i.a.protocols.raft.roles.LeaderRole - RaftServer{1}{role=LEADER} - Appended Indexed{index=112, entry=KeepAliveEntry{term=1, timestamp=2018-05-30 11:13:52,467, sessionIds=long[]{length=1, hash=33}, commandSequences=long[]{length=1, hash=131}, eventIndexes=long[]{length=1, hash=33}}}
11:13:52.467 [raft-server-1] TRACE i.a.p.raft.roles.LeaderAppender - RaftServer{1} - Sending AppendRequest{term=1, leader=1, prevLogIndex=111, prevLogTerm=1, entries=1, commitIndex=111} to 2
11:13:52.467 [raft-server-2] TRACE i.a.p.raft.roles.FollowerRole - RaftServer{2}{role=FOLLOWER} - Received AppendRequest{term=1, leader=1, prevLogIndex=111, prevLogTerm=1, entries=1, commitIndex=111}
11:13:52.467 [raft-server-1] TRACE i.a.p.raft.roles.LeaderAppender - RaftServer{1} - Sending AppendRequest{term=1, leader=1, prevLogIndex=111, prevLogTerm=1, entries=1, commitIndex=111} to 3
11:13:52.468 [raft-server-3] TRACE i.a.p.raft.roles.FollowerRole - RaftServer{3}{role=FOLLOWER} - Received AppendRequest{term=1, leader=1, prevLogIndex=111, prevLogTerm=1, entries=1, commitIndex=111}
11:13:52.468 [raft-server-2] TRACE i.a.p.raft.roles.FollowerRole - RaftServer{2}{role=FOLLOWER} - Appended Indexed{index=112, entry=KeepAliveEntry{term=1, timestamp=2018-05-30 11:13:52,467, sessionIds=long[]{length=1, hash=33}, commandSequences=long[]{length=1, hash=131}, eventIndexes=long[]{length=1, hash=33}}}
11:13:52.468 [raft-server-2] TRACE i.a.p.raft.roles.FollowerRole - RaftServer{2}{role=FOLLOWER} - Sending AppendResponse{status=OK, term=1, succeeded=true, lastLogIndex=112}
11:13:52.468 [raft-server-3] TRACE i.a.p.raft.roles.FollowerRole - RaftServer{3}{role=FOLLOWER} - Appended Indexed{index=112, entry=KeepAliveEntry{term=1, timestamp=2018-05-30 11:13:52,467, sessionIds=long[]{length=1, hash=33}, commandSequences=long[]{length=1, hash=131}, eventIndexes=long[]{length=1, hash=33}}}
11:13:52.468 [raft-server-1] TRACE i.a.p.raft.roles.LeaderAppender - RaftServer{1} - Received AppendResponse{status=OK, term=1, succeeded=true, lastLogIndex=112} from 2
11:13:52.468 [raft-server-3] TRACE i.a.p.raft.roles.FollowerRole - RaftServer{3}{role=FOLLOWER} - Sending AppendResponse{status=OK, term=1, succeeded=true, lastLogIndex=112}
11:13:52.468 [raft-server-1] TRACE i.a.p.raft.roles.LeaderAppender - RaftServer{1} - Committed entries up to 112
11:13:52.537 [raft-server-1] TRACE i.a.p.raft.roles.LeaderAppender - RaftServer{1} - Received AppendResponse{status=OK, term=1, succeeded=true, lastLogIndex=112} from 3
11:13:52.537 [raft-server-1] TRACE i.a.p.raft.roles.LeaderAppender - RaftServer{1} - Sending AppendRequest{term=1, leader=1, prevLogIndex=112, prevLogTerm=1, entries=0, commitIndex=112} to 2
11:13:52.537 [raft-server-1] TRACE i.a.p.raft.roles.LeaderAppender - RaftServer{1} - Sending AppendRequest{term=1, leader=1, prevLogIndex=112, prevLogTerm=1, entries=0, commitIndex=112} to 3
11:13:52.537 [raft-server-2] TRACE i.a.p.raft.roles.FollowerRole - RaftServer{2}{role=FOLLOWER} - Received AppendRequest{term=1, leader=1, prevLogIndex=112, prevLogTerm=1, entries=0, commitIndex=112}
11:13:52.538 [raft-server-3] TRACE i.a.p.raft.roles.FollowerRole - RaftServer{3}{role=FOLLOWER} - Received AppendRequest{term=1, leader=1, prevLogIndex=112, prevLogTerm=1, entries=0, commitIndex=112}
11:13:52.538 [raft-server-1-state] TRACE i.a.p.raft.impl.RaftServiceManager - RaftServer{1} - Applying Indexed{index=112, entry=KeepAliveEntry{term=1, timestamp=2018-05-30 11:13:52,467, sessionIds=long[]{length=1, hash=33}, commandSequences=long[]{length=1, hash=131}, eventIndexes=long[]{length=1, hash=33}}}
11:13:52.538 [raft-server-1] TRACE i.a.protocols.raft.roles.LeaderRole - RaftServer{1}{role=LEADER} - Sending KeepAliveResponse{status=OK, leader=1, members=[1, 2, 3], sessionIds=long[]{length=1, hash=33}}
11:13:52.538 [raft-client-a5a0def7-e1df-4503-b1c6-00519ae66cf7-1] TRACE i.a.p.r.p.impl.RaftProxyConnection - RaftClient{a5a0def7-e1df-4503-b1c6-00519ae66cf7} - Received KeepAliveResponse{status=OK, leader=1, members=[1, 2, 3], sessionIds=long[]{length=1, hash=33}} from 1
11:13:52.601 [raft-server-2] TRACE i.a.p.raft.roles.FollowerRole - RaftServer{2}{role=FOLLOWER} - Committed entries up to index 112
11:13:52.601 [raft-server-3] TRACE i.a.p.raft.roles.FollowerRole - RaftServer{3}{role=FOLLOWER} - Committed entries up to index 112
11:13:52.601 [raft-server-2] TRACE i.a.p.raft.roles.FollowerRole - RaftServer{2}{role=FOLLOWER} - Sending AppendResponse{status=OK, term=1, succeeded=true, lastLogIndex=112}
11:13:52.601 [raft-server-3] TRACE i.a.p.raft.roles.FollowerRole - RaftServer{3}{role=FOLLOWER} - Sending AppendResponse{status=OK, term=1, succeeded=true, lastLogIndex=112}
11:13:52.601 [raft-server-1] TRACE i.a.p.raft.roles.LeaderAppender - RaftServer{1} - Received AppendResponse{status=OK, term=1, succeeded=true, lastLogIndex=112} from 2
11:13:52.601 [raft-server-1] TRACE i.a.p.raft.roles.LeaderAppender - RaftServer{1} - Sending AppendRequest{term=1, leader=1, prevLogIndex=112, prevLogTerm=1, entries=0, commitIndex=112} to 2
11:13:52.601 [raft-server-2-state] TRACE i.a.p.raft.impl.RaftServiceManager - RaftServer{2} - Applying Indexed{index=112, entry=KeepAliveEntry{term=1, timestamp=2018-05-30 11:13:52,467, sessionIds=long[]{length=1, hash=33}, commandSequences=long[]{length=1, hash=131}, eventIndexes=long[]{length=1, hash=33}}}
11:13:52.601 [raft-server-3-state] TRACE i.a.p.raft.impl.RaftServiceManager - RaftServer{3} - Applying Indexed{index=112, entry=KeepAliveEntry{term=1, timestamp=2018-05-30 11:13:52,467, sessionIds=long[]{length=1, hash=33}, commandSequences=long[]{length=1, hash=131}, eventIndexes=long[]{length=1, hash=33}}}
11:13:52.601 [raft-server-1] TRACE i.a.p.raft.roles.LeaderAppender - RaftServer{1} - Received AppendResponse{status=OK, term=1, succeeded=true, lastLogIndex=112} from 3
11:13:52.601 [raft-server-1] TRACE i.a.p.raft.roles.LeaderAppender - RaftServer{1} - Sending AppendRequest{term=1, leader=1, prevLogIndex=112, prevLogTerm=1, entries=0, commitIndex=112} to 3
11:13:52.601 [raft-server-2] TRACE i.a.p.raft.roles.FollowerRole - RaftServer{2}{role=FOLLOWER} - Received AppendRequest{term=1, leader=1, prevLogIndex=112, prevLogTerm=1, entries=0, commitIndex=112}
11:13:52.602 [raft-server-2] TRACE i.a.p.raft.roles.FollowerRole - RaftServer{2}{role=FOLLOWER} - Sending AppendResponse{status=OK, term=1, succeeded=true, lastLogIndex=112}
11:13:52.602 [raft-server-3] TRACE i.a.p.raft.roles.FollowerRole - RaftServer{3}{role=FOLLOWER} - Received AppendRequest{term=1, leader=1, prevLogIndex=112, prevLogTerm=1, entries=0, commitIndex=112}
11:13:52.602 [raft-server-3] TRACE i.a.p.raft.roles.FollowerRole - RaftServer{3}{role=FOLLOWER} - Sending AppendResponse{status=OK, term=1, succeeded=true, lastLogIndex=112}
11:13:52.602 [raft-server-1] TRACE i.a.p.raft.roles.LeaderAppender - RaftServer{1} - Received AppendResponse{status=OK, term=1, succeeded=true, lastLogIndex=112} from 2
11:13:52.602 [raft-server-1] TRACE i.a.p.raft.roles.LeaderAppender - RaftServer{1} - Received AppendResponse{status=OK, term=1, succeeded=true, lastLogIndex=112} from 3
11:13:52.774 [raft-server-1] TRACE i.a.p.raft.roles.LeaderAppender - RaftServer{1} - Sending AppendRequest{term=1, leader=1, prevLogIndex=112, prevLogTerm=1, entries=0, commitIndex=112} to 2
11:13:52.774 [raft-server-2] TRACE i.a.p.raft.roles.FollowerRole - RaftServer{2}{role=FOLLOWER} - Received AppendRequest{term=1, leader=1, prevLogIndex=112, prevLogTerm=1, entries=0, commitIndex=112}
11:13:52.774 [raft-server-1] TRACE i.a.p.raft.roles.LeaderAppender - RaftServer{1} - Sending AppendRequest{term=1, leader=1, prevLogIndex=112, prevLogTerm=1, entries=0, commitIndex=112} to 3
11:13:52.774 [raft-server-2] TRACE i.a.p.raft.roles.FollowerRole - RaftServer{2}{role=FOLLOWER} - Sending AppendResponse{status=OK, term=1, succeeded=true, lastLogIndex=112}
11:13:52.774 [raft-server-1] TRACE i.a.p.raft.roles.LeaderAppender - RaftServer{1} - Received AppendResponse{status=OK, term=1, succeeded=true, lastLogIndex=112} from 2
11:13:52.774 [raft-server-1] TRACE i.a.p.raft.roles.LeaderAppender - RaftServer{1} - Sending AppendRequest{term=1, leader=1, prevLogIndex=112, prevLogTerm=1, entries=0, commitIndex=112} to 2
11:13:52.774 [raft-server-2] TRACE i.a.p.raft.roles.FollowerRole - RaftServer{2}{role=FOLLOWER} - Received AppendRequest{term=1, leader=1, prevLogIndex=112, prevLogTerm=1, entries=0, commitIndex=112}
11:13:52.774 [raft-server-2] TRACE i.a.p.raft.roles.FollowerRole - RaftServer{2}{role=FOLLOWER} - Sending AppendResponse{status=OK, term=1, succeeded=true, lastLogIndex=112}
11:13:52.774 [raft-server-3] TRACE i.a.p.raft.roles.FollowerRole - RaftServer{3}{role=FOLLOWER} - Received AppendRequest{term=1, leader=1, prevLogIndex=112, prevLogTerm=1, entries=0, commitIndex=112}
11:13:52.774 [raft-server-3] TRACE i.a.p.raft.roles.FollowerRole - RaftServer{3}{role=FOLLOWER} - Sending AppendResponse{status=OK, term=1, succeeded=true, lastLogIndex=112}
11:13:52.774 [raft-server-1] TRACE i.a.p.raft.roles.LeaderAppender - RaftServer{1} - Received AppendResponse{status=OK, term=1, succeeded=true, lastLogIndex=112} from 2
11:13:52.775 [raft-server-1] TRACE i.a.p.raft.roles.LeaderAppender - RaftServer{1} - Sending AppendRequest{term=1, leader=1, prevLogIndex=112, prevLogTerm=1, entries=0, commitIndex=112} to 2
11:13:52.775 [raft-server-2] TRACE i.a.p.raft.roles.FollowerRole - RaftServer{2}{role=FOLLOWER} - Received AppendRequest{term=1, leader=1, prevLogIndex=112, prevLogTerm=1, entries=0, commitIndex=112}
11:13:52.775 [raft-server-1] TRACE i.a.p.raft.roles.LeaderAppender - RaftServer{1} - Received AppendResponse{status=OK, term=1, succeeded=true, lastLogIndex=112} from 3
11:13:52.775 [raft-server-2] TRACE i.a.p.raft.roles.FollowerRole - RaftServer{2}{role=FOLLOWER} - Sending AppendResponse{status=OK, term=1, succeeded=true, lastLogIndex=112}
11:13:52.775 [raft-server-1] TRACE i.a.p.raft.roles.LeaderAppender - RaftServer{1} - Sending AppendRequest{term=1, leader=1, prevLogIndex=112, prevLogTerm=1, entries=0, commitIndex=112} to 3
11:13:52.775 [raft-server-1] TRACE i.a.p.raft.roles.LeaderAppender - RaftServer{1} - Received AppendResponse{status=OK, term=1, succeeded=true, lastLogIndex=112} from 2
11:13:52.775 [raft-server-3] TRACE i.a.p.raft.roles.FollowerRole - RaftServer{3}{role=FOLLOWER} - Received AppendRequest{term=1, leader=1, prevLogIndex=112, prevLogTerm=1, entries=0, commitIndex=112}
11:13:52.775 [raft-server-3] TRACE i.a.p.raft.roles.FollowerRole - RaftServer{3}{role=FOLLOWER} - Sending AppendResponse{status=OK, term=1, succeeded=true, lastLogIndex=112}
11:13:52.775 [raft-server-1] TRACE i.a.p.raft.roles.LeaderAppender - RaftServer{1} - Received AppendResponse{status=OK, term=1, succeeded=true, lastLogIndex=112} from 3
11:13:53.024 [raft-server-1] TRACE i.a.p.raft.roles.LeaderAppender - RaftServer{1} - Sending AppendRequest{term=1, leader=1, prevLogIndex=112, prevLogTerm=1, entries=0, commitIndex=112} to 2
11:13:53.024 [raft-server-2] TRACE i.a.p.raft.roles.FollowerRole - RaftServer{2}{role=FOLLOWER} - Received AppendRequest{term=1, leader=1, prevLogIndex=112, prevLogTerm=1, entries=0, commitIndex=112}
11:13:53.024 [raft-server-1] TRACE i.a.p.raft.roles.LeaderAppender - RaftServer{1} - Sending AppendRequest{term=1, leader=1, prevLogIndex=112, prevLogTerm=1, entries=0, commitIndex=112} to 3
11:13:53.024 [raft-server-2] TRACE i.a.p.raft.roles.FollowerRole - RaftServer{2}{role=FOLLOWER} - Sending AppendResponse{status=OK, term=1, succeeded=true, lastLogIndex=112}
11:13:53.024 [raft-server-3] TRACE i.a.p.raft.roles.FollowerRole - RaftServer{3}{role=FOLLOWER} - Received AppendRequest{term=1, leader=1, prevLogIndex=112, prevLogTerm=1, entries=0, commitIndex=112}
11:13:53.024 [raft-server-3] TRACE i.a.p.raft.roles.FollowerRole - RaftServer{3}{role=FOLLOWER} - Sending AppendResponse{status=OK, term=1, succeeded=true, lastLogIndex=112}
11:13:53.024 [raft-server-1] TRACE i.a.p.raft.roles.LeaderAppender - RaftServer{1} - Received AppendResponse{status=OK, term=1, succeeded=true, lastLogIndex=112} from 2
11:13:53.024 [raft-server-1] TRACE i.a.p.raft.roles.LeaderAppender - RaftServer{1} - Sending AppendRequest{term=1, leader=1, prevLogIndex=112, prevLogTerm=1, entries=0, commitIndex=112} to 2
11:13:53.025 [raft-server-2] TRACE i.a.p.raft.roles.FollowerRole - RaftServer{2}{role=FOLLOWER} - Received AppendRequest{term=1, leader=1, prevLogIndex=112, prevLogTerm=1, entries=0, commitIndex=112}
11:13:53.025 [raft-server-1] TRACE i.a.p.raft.roles.LeaderAppender - RaftServer{1} - Received AppendResponse{status=OK, term=1, succeeded=true, lastLogIndex=112} from 3
11:13:53.025 [raft-server-2] TRACE i.a.p.raft.roles.FollowerRole - RaftServer{2}{role=FOLLOWER} - Sending AppendResponse{status=OK, term=1, succeeded=true, lastLogIndex=112}
11:13:53.025 [raft-server-1] TRACE i.a.p.raft.roles.LeaderAppender - RaftServer{1} - Sending AppendRequest{term=1, leader=1, prevLogIndex=112, prevLogTerm=1, entries=0, commitIndex=112} to 3
11:13:53.025 [raft-server-1] TRACE i.a.p.raft.roles.LeaderAppender - RaftServer{1} - Received AppendResponse{status=OK, term=1, succeeded=true, lastLogIndex=112} from 2
11:13:53.025 [raft-server-1] TRACE i.a.p.raft.roles.LeaderAppender - RaftServer{1} - Sending AppendRequest{term=1, leader=1, prevLogIndex=112, prevLogTerm=1, entries=0, commitIndex=112} to 2
11:13:53.025 [raft-server-2] TRACE i.a.p.raft.roles.FollowerRole - RaftServer{2}{role=FOLLOWER} - Received AppendRequest{term=1, leader=1, prevLogIndex=112, prevLogTerm=1, entries=0, commitIndex=112}
11:13:53.025 [raft-server-2] TRACE i.a.p.raft.roles.FollowerRole - RaftServer{2}{role=FOLLOWER} - Sending AppendResponse{status=OK, term=1, succeeded=true, lastLogIndex=112}
11:13:53.025 [raft-server-3] TRACE i.a.p.raft.roles.FollowerRole - RaftServer{3}{role=FOLLOWER} - Received AppendRequest{term=1, leader=1, prevLogIndex=112, prevLogTerm=1, entries=0, commitIndex=112}
11:13:53.025 [raft-server-3] TRACE i.a.p.raft.roles.FollowerRole - RaftServer{3}{role=FOLLOWER} - Sending AppendResponse{status=OK, term=1, succeeded=true, lastLogIndex=112}
11:13:53.025 [raft-server-1] TRACE i.a.p.raft.roles.LeaderAppender - RaftServer{1} - Received AppendResponse{status=OK, term=1, succeeded=true, lastLogIndex=112} from 2
11:13:53.025 [raft-server-1] TRACE i.a.p.raft.roles.LeaderAppender - RaftServer{1} - Received AppendResponse{status=OK, term=1, succeeded=true, lastLogIndex=112} from 3
11:13:53.274 [raft-server-1] TRACE i.a.p.raft.roles.LeaderAppender - RaftServer{1} - Sending AppendRequest{term=1, leader=1, prevLogIndex=112, prevLogTerm=1, entries=0, commitIndex=112} to 2
11:13:53.274 [raft-server-1] TRACE i.a.p.raft.roles.LeaderAppender - RaftServer{1} - Sending AppendRequest{term=1, leader=1, prevLogIndex=112, prevLogTerm=1, entries=0, commitIndex=112} to 3
11:13:53.274 [raft-server-2] TRACE i.a.p.raft.roles.FollowerRole - RaftServer{2}{role=FOLLOWER} - Received AppendRequest{term=1, leader=1, prevLogIndex=112, prevLogTerm=1, entries=0, commitIndex=112}
11:13:53.274 [raft-server-2] TRACE i.a.p.raft.roles.FollowerRole - RaftServer{2}{role=FOLLOWER} - Sending AppendResponse{status=OK, term=1, succeeded=true, lastLogIndex=112}
11:13:53.274 [raft-server-3] TRACE i.a.p.raft.roles.FollowerRole - RaftServer{3}{role=FOLLOWER} - Received AppendRequest{term=1, leader=1, prevLogIndex=112, prevLogTerm=1, entries=0, commitIndex=112}
11:13:53.274 [raft-server-3] TRACE i.a.p.raft.roles.FollowerRole - RaftServer{3}{role=FOLLOWER} - Sending AppendResponse{status=OK, term=1, succeeded=true, lastLogIndex=112}
11:13:53.274 [raft-server-1] TRACE i.a.p.raft.roles.LeaderAppender - RaftServer{1} - Received AppendResponse{status=OK, term=1, succeeded=true, lastLogIndex=112} from 2
11:13:53.274 [raft-server-1] TRACE i.a.p.raft.roles.LeaderAppender - RaftServer{1} - Sending AppendRequest{term=1, leader=1, prevLogIndex=112, prevLogTerm=1, entries=0, commitIndex=112} to 2
11:13:53.274 [raft-server-1] TRACE i.a.p.raft.roles.LeaderAppender - RaftServer{1} - Received AppendResponse{status=OK, term=1, succeeded=true, lastLogIndex=112} from 3
11:13:53.274 [raft-server-2] TRACE i.a.p.raft.roles.FollowerRole - RaftServer{2}{role=FOLLOWER} - Received AppendRequest{term=1, leader=1, prevLogIndex=112, prevLogTerm=1, entries=0, commitIndex=112}
11:13:53.274 [raft-server-2] TRACE i.a.p.raft.roles.FollowerRole - RaftServer{2}{role=FOLLOWER} - Sending AppendResponse{status=OK, term=1, succeeded=true, lastLogIndex=112}
11:13:53.274 [raft-server-1] TRACE i.a.p.raft.roles.LeaderAppender - RaftServer{1} - Sending AppendRequest{term=1, leader=1, prevLogIndex=112, prevLogTerm=1, entries=0, commitIndex=112} to 3
11:13:53.274 [raft-server-1] TRACE i.a.p.raft.roles.LeaderAppender - RaftServer{1} - Received AppendResponse{status=OK, term=1, succeeded=true, lastLogIndex=112} from 2
11:13:53.274 [raft-server-3] TRACE i.a.p.raft.roles.FollowerRole - RaftServer{3}{role=FOLLOWER} - Received AppendRequest{term=1, leader=1, prevLogIndex=112, prevLogTerm=1, entries=0, commitIndex=112}
11:13:53.274 [raft-server-1] TRACE i.a.p.raft.roles.LeaderAppender - RaftServer{1} - Sending AppendRequest{term=1, leader=1, prevLogIndex=112, prevLogTerm=1, entries=0, commitIndex=112} to 2
11:13:53.274 [raft-server-3] TRACE i.a.p.raft.roles.FollowerRole - RaftServer{3}{role=FOLLOWER} - Sending AppendResponse{status=OK, term=1, succeeded=true, lastLogIndex=112}
11:13:53.275 [raft-server-2] TRACE i.a.p.raft.roles.FollowerRole - RaftServer{2}{role=FOLLOWER} - Received AppendRequest{term=1, leader=1, prevLogIndex=112, prevLogTerm=1, entries=0, commitIndex=112}
11:13:53.275 [raft-server-2] TRACE i.a.p.raft.roles.FollowerRole - RaftServer{2}{role=FOLLOWER} - Sending AppendResponse{status=OK, term=1, succeeded=true, lastLogIndex=112}
11:13:53.275 [raft-server-1] TRACE i.a.p.raft.roles.LeaderAppender - RaftServer{1} - Received AppendResponse{status=OK, term=1, succeeded=true, lastLogIndex=112} from 3
11:13:53.275 [raft-server-1] TRACE i.a.p.raft.roles.LeaderAppender - RaftServer{1} - Sending AppendRequest{term=1, leader=1, prevLogIndex=112, prevLogTerm=1, entries=0, commitIndex=112} to 3
11:13:53.275 [raft-server-1] TRACE i.a.p.raft.roles.LeaderAppender - RaftServer{1} - Received AppendResponse{status=OK, term=1, succeeded=true, lastLogIndex=112} from 2
11:13:53.275 [raft-server-1] TRACE i.a.p.raft.roles.LeaderAppender - RaftServer{1} - Sending AppendRequest{term=1, leader=1, prevLogIndex=112, prevLogTerm=1, entries=0, commitIndex=112} to 2
11:13:53.275 [raft-server-3] TRACE i.a.p.raft.roles.FollowerRole - RaftServer{3}{role=FOLLOWER} - Received AppendRequest{term=1, leader=1, prevLogIndex=112, prevLogTerm=1, entries=0, commitIndex=112}
11:13:53.275 [raft-server-2] TRACE i.a.p.raft.roles.FollowerRole - RaftServer{2}{role=FOLLOWER} - Received AppendRequest{term=1, leader=1, prevLogIndex=112, prevLogTerm=1, entries=0, commitIndex=112}
11:13:53.275 [raft-server-3] TRACE i.a.p.raft.roles.FollowerRole - RaftServer{3}{role=FOLLOWER} - Sending AppendResponse{status=OK, term=1, succeeded=true, lastLogIndex=112}
11:13:53.275 [raft-server-2] TRACE i.a.p.raft.roles.FollowerRole - RaftServer{2}{role=FOLLOWER} - Sending AppendResponse{status=OK, term=1, succeeded=true, lastLogIndex=112}
11:13:53.275 [raft-server-1] TRACE i.a.p.raft.roles.LeaderAppender - RaftServer{1} - Received AppendResponse{status=OK, term=1, succeeded=true, lastLogIndex=112} from 3
11:13:53.275 [raft-server-1] TRACE i.a.p.raft.roles.LeaderAppender - RaftServer{1} - Received AppendResponse{status=OK, term=1, succeeded=true, lastLogIndex=112} from 2
11:13:53.524 [raft-server-1] TRACE i.a.p.raft.roles.LeaderAppender - RaftServer{1} - Sending AppendRequest{term=1, leader=1, prevLogIndex=112, prevLogTerm=1, entries=0, commitIndex=112} to 2
11:13:53.524 [raft-server-1] TRACE i.a.p.raft.roles.LeaderAppender - RaftServer{1} - Sending AppendRequest{term=1, leader=1, prevLogIndex=112, prevLogTerm=1, entries=0, commitIndex=112} to 3
11:13:53.524 [raft-server-3] TRACE i.a.p.raft.roles.FollowerRole - RaftServer{3}{role=FOLLOWER} - Received AppendRequest{term=1, leader=1, prevLogIndex=112, prevLogTerm=1, entries=0, commitIndex=112}
11:13:53.524 [raft-server-2] TRACE i.a.p.raft.roles.FollowerRole - RaftServer{2}{role=FOLLOWER} - Received AppendRequest{term=1, leader=1, prevLogIndex=112, prevLogTerm=1, entries=0, commitIndex=112}
11:13:53.524 [raft-server-2] TRACE i.a.p.raft.roles.FollowerRole - RaftServer{2}{role=FOLLOWER} - Sending AppendResponse{status=OK, term=1, succeeded=true, lastLogIndex=112}
11:13:53.524 [raft-server-3] TRACE i.a.p.raft.roles.FollowerRole - RaftServer{3}{role=FOLLOWER} - Sending AppendResponse{status=OK, term=1, succeeded=true, lastLogIndex=112}
11:13:53.524 [raft-server-1] TRACE i.a.p.raft.roles.LeaderAppender - RaftServer{1} - Received AppendResponse{status=OK, term=1, succeeded=true, lastLogIndex=112} from 2
11:13:53.524 [raft-server-1] TRACE i.a.p.raft.roles.LeaderAppender - RaftServer{1} - Sending AppendRequest{term=1, leader=1, prevLogIndex=112, prevLogTerm=1, entries=0, commitIndex=112} to 2
11:13:53.524 [raft-server-2] TRACE i.a.p.raft.roles.FollowerRole - RaftServer{2}{role=FOLLOWER} - Received AppendRequest{term=1, leader=1, prevLogIndex=112, prevLogTerm=1, entries=0, commitIndex=112}
11:13:53.524 [raft-server-2] TRACE i.a.p.raft.roles.FollowerRole - RaftServer{2}{role=FOLLOWER} - Sending AppendResponse{status=OK, term=1, succeeded=true, lastLogIndex=112}
11:13:53.524 [raft-server-1] TRACE i.a.p.raft.roles.LeaderAppender - RaftServer{1} - Received AppendResponse{status=OK, term=1, succeeded=true, lastLogIndex=112} from 3
11:13:53.524 [raft-server-1] TRACE i.a.p.raft.roles.LeaderAppender - RaftServer{1} - Sending AppendRequest{term=1, leader=1, prevLogIndex=112, prevLogTerm=1, entries=0, commitIndex=112} to 3
11:13:53.525 [raft-server-1] TRACE i.a.p.raft.roles.LeaderAppender - RaftServer{1} - Received AppendResponse{status=OK, term=1, succeeded=true, lastLogIndex=112} from 2
11:13:53.525 [raft-server-3] TRACE i.a.p.raft.roles.FollowerRole - RaftServer{3}{role=FOLLOWER} - Received AppendRequest{term=1, leader=1, prevLogIndex=112, prevLogTerm=1, entries=0, commitIndex=112}
11:13:53.525 [raft-server-3] TRACE i.a.p.raft.roles.FollowerRole - RaftServer{3}{role=FOLLOWER} - Sending AppendResponse{status=OK, term=1, succeeded=true, lastLogIndex=112}
11:13:53.525 [raft-server-1] TRACE i.a.p.raft.roles.LeaderAppender - RaftServer{1} - Sending AppendRequest{term=1, leader=1, prevLogIndex=112, prevLogTerm=1, entries=0, commitIndex=112} to 2
11:13:53.525 [raft-server-1] TRACE i.a.p.raft.roles.LeaderAppender - RaftServer{1} - Received AppendResponse{status=OK, term=1, succeeded=true, lastLogIndex=112} from 3
11:13:53.525 [raft-server-1] TRACE i.a.p.raft.roles.LeaderAppender - RaftServer{1} - Sending AppendRequest{term=1, leader=1, prevLogIndex=112, prevLogTerm=1, entries=0, commitIndex=112} to 3
11:13:53.525 [raft-server-3] TRACE i.a.p.raft.roles.FollowerRole - RaftServer{3}{role=FOLLOWER} - Received AppendRequest{term=1, leader=1, prevLogIndex=112, prevLogTerm=1, entries=0, commitIndex=112}
11:13:53.525 [raft-server-3] TRACE i.a.p.raft.roles.FollowerRole - RaftServer{3}{role=FOLLOWER} - Sending AppendResponse{status=OK, term=1, succeeded=true, lastLogIndex=112}
11:13:53.525 [raft-server-1] TRACE i.a.p.raft.roles.LeaderAppender - RaftServer{1} - Received AppendResponse{status=OK, term=1, succeeded=true, lastLogIndex=112} from 3
11:13:53.525 [raft-server-2] TRACE i.a.p.raft.roles.FollowerRole - RaftServer{2}{role=FOLLOWER} - Received AppendRequest{term=1, leader=1, prevLogIndex=112, prevLogTerm=1, entries=0, commitIndex=112}
11:13:53.525 [raft-server-2] TRACE i.a.p.raft.roles.FollowerRole - RaftServer{2}{role=FOLLOWER} - Sending AppendResponse{status=OK, term=1, succeeded=true, lastLogIndex=112}
11:13:53.525 [raft-server-1] TRACE i.a.p.raft.roles.LeaderAppender - RaftServer{1} - Received AppendResponse{status=OK, term=1, succeeded=true, lastLogIndex=112} from 2
11:13:53.774 [raft-server-1] TRACE i.a.p.raft.roles.LeaderAppender - RaftServer{1} - Sending AppendRequest{term=1, leader=1, prevLogIndex=112, prevLogTerm=1, entries=0, commitIndex=112} to 2
11:13:53.774 [raft-server-1] TRACE i.a.p.raft.roles.LeaderAppender - RaftServer{1} - Sending AppendRequest{term=1, leader=1, prevLogIndex=112, prevLogTerm=1, entries=0, commitIndex=112} to 3
11:13:53.774 [raft-server-2] TRACE i.a.p.raft.roles.FollowerRole - RaftServer{2}{role=FOLLOWER} - Received AppendRequest{term=1, leader=1, prevLogIndex=112, prevLogTerm=1, entries=0, commitIndex=112}
11:13:53.774 [raft-server-3] TRACE i.a.p.raft.roles.FollowerRole - RaftServer{3}{role=FOLLOWER} - Received AppendRequest{term=1, leader=1, prevLogIndex=112, prevLogTerm=1, entries=0, commitIndex=112}
11:13:53.774 [raft-server-2] TRACE i.a.p.raft.roles.FollowerRole - RaftServer{2}{role=FOLLOWER} - Sending AppendResponse{status=OK, term=1, succeeded=true, lastLogIndex=112}
11:13:53.774 [raft-server-3] TRACE i.a.p.raft.roles.FollowerRole - RaftServer{3}{role=FOLLOWER} - Sending AppendResponse{status=OK, term=1, succeeded=true, lastLogIndex=112}
11:13:53.774 [raft-server-1] TRACE i.a.p.raft.roles.LeaderAppender - RaftServer{1} - Received AppendResponse{status=OK, term=1, succeeded=true, lastLogIndex=112} from 2
11:13:53.774 [raft-server-1] TRACE i.a.p.raft.roles.LeaderAppender - RaftServer{1} - Sending AppendRequest{term=1, leader=1, prevLogIndex=112, prevLogTerm=1, entries=0, commitIndex=112} to 2
11:13:53.774 [raft-server-1] TRACE i.a.p.raft.roles.LeaderAppender - RaftServer{1} - Received AppendResponse{status=OK, term=1, succeeded=true, lastLogIndex=112} from 3
11:13:53.774 [raft-server-2] TRACE i.a.p.raft.roles.FollowerRole - RaftServer{2}{role=FOLLOWER} - Received AppendRequest{term=1, leader=1, prevLogIndex=112, prevLogTerm=1, entries=0, commitIndex=112}
11:13:53.774 [raft-server-2] TRACE i.a.p.raft.roles.FollowerRole - RaftServer{2}{role=FOLLOWER} - Sending AppendResponse{status=OK, term=1, succeeded=true, lastLogIndex=112}
11:13:53.774 [raft-server-1] TRACE i.a.p.raft.roles.LeaderAppender - RaftServer{1} - Sending AppendRequest{term=1, leader=1, prevLogIndex=112, prevLogTerm=1, entries=0, commitIndex=112} to 3
11:13:53.775 [raft-server-3] TRACE i.a.p.raft.roles.FollowerRole - RaftServer{3}{role=FOLLOWER} - Received AppendRequest{term=1, leader=1, prevLogIndex=112, prevLogTerm=1, entries=0, commitIndex=112}
11:13:53.775 [raft-server-1] TRACE i.a.p.raft.roles.LeaderAppender - RaftServer{1} - Received AppendResponse{status=OK, term=1, succeeded=true, lastLogIndex=112} from 2
11:13:53.775 [raft-server-3] TRACE i.a.p.raft.roles.FollowerRole - RaftServer{3}{role=FOLLOWER} - Sending AppendResponse{status=OK, term=1, succeeded=true, lastLogIndex=112}
11:13:53.775 [raft-server-1] TRACE i.a.p.raft.roles.LeaderAppender - RaftServer{1} - Sending AppendRequest{term=1, leader=1, prevLogIndex=112, prevLogTerm=1, entries=0, commitIndex=112} to 2
11:13:53.775 [raft-server-2] TRACE i.a.p.raft.roles.FollowerRole - RaftServer{2}{role=FOLLOWER} - Received AppendRequest{term=1, leader=1, prevLogIndex=112, prevLogTerm=1, entries=0, commitIndex=112}
11:13:53.775 [raft-server-1] TRACE i.a.p.raft.roles.LeaderAppender - RaftServer{1} - Received AppendResponse{status=OK, term=1, succeeded=true, lastLogIndex=112} from 3
11:13:53.775 [raft-server-2] TRACE i.a.p.raft.roles.FollowerRole - RaftServer{2}{role=FOLLOWER} - Sending AppendResponse{status=OK, term=1, succeeded=true, lastLogIndex=112}
11:13:53.775 [raft-server-1] TRACE i.a.p.raft.roles.LeaderAppender - RaftServer{1} - Sending AppendRequest{term=1, leader=1, prevLogIndex=112, prevLogTerm=1, entries=0, commitIndex=112} to 3
11:13:53.775 [raft-server-1] TRACE i.a.p.raft.roles.LeaderAppender - RaftServer{1} - Received AppendResponse{status=OK, term=1, succeeded=true, lastLogIndex=112} from 2
11:13:53.775 [raft-server-3] TRACE i.a.p.raft.roles.FollowerRole - RaftServer{3}{role=FOLLOWER} - Received AppendRequest{term=1, leader=1, prevLogIndex=112, prevLogTerm=1, entries=0, commitIndex=112}
11:13:53.775 [raft-server-3] TRACE i.a.p.raft.roles.FollowerRole - RaftServer{3}{role=FOLLOWER} - Sending AppendResponse{status=OK, term=1, succeeded=true, lastLogIndex=112}
11:13:53.775 [raft-server-1] TRACE i.a.p.raft.roles.LeaderAppender - RaftServer{1} - Received AppendResponse{status=OK, term=1, succeeded=true, lastLogIndex=112} from 3
11:13:54.024 [raft-server-1] TRACE i.a.p.raft.roles.LeaderAppender - RaftServer{1} - Sending AppendRequest{term=1, leader=1, prevLogIndex=112, prevLogTerm=1, entries=0, commitIndex=112} to 2
11:13:54.024 [raft-server-1] TRACE i.a.p.raft.roles.LeaderAppender - RaftServer{1} - Sending AppendRequest{term=1, leader=1, prevLogIndex=112, prevLogTerm=1, entries=0, commitIndex=112} to 3
11:13:54.024 [raft-server-2] TRACE i.a.p.raft.roles.FollowerRole - RaftServer{2}{role=FOLLOWER} - Received AppendRequest{term=1, leader=1, prevLogIndex=112, prevLogTerm=1, entries=0, commitIndex=112}
11:13:54.024 [raft-server-3] TRACE i.a.p.raft.roles.FollowerRole - RaftServer{3}{role=FOLLOWER} - Received AppendRequest{term=1, leader=1, prevLogIndex=112, prevLogTerm=1, entries=0, commitIndex=112}
11:13:54.024 [raft-server-2] TRACE i.a.p.raft.roles.FollowerRole - RaftServer{2}{role=FOLLOWER} - Sending AppendResponse{status=OK, term=1, succeeded=true, lastLogIndex=112}
11:13:54.024 [raft-server-3] TRACE i.a.p.raft.roles.FollowerRole - RaftServer{3}{role=FOLLOWER} - Sending AppendResponse{status=OK, term=1, succeeded=true, lastLogIndex=112}
11:13:54.024 [raft-server-1] TRACE i.a.p.raft.roles.LeaderAppender - RaftServer{1} - Received AppendResponse{status=OK, term=1, succeeded=true, lastLogIndex=112} from 2
11:13:54.024 [raft-server-1] TRACE i.a.p.raft.roles.LeaderAppender - RaftServer{1} - Sending AppendRequest{term=1, leader=1, prevLogIndex=112, prevLogTerm=1, entries=0, commitIndex=112} to 2
11:13:54.024 [raft-server-1] TRACE i.a.p.raft.roles.LeaderAppender - RaftServer{1} - Received AppendResponse{status=OK, term=1, succeeded=true, lastLogIndex=112} from 3
11:13:54.024 [raft-server-2] TRACE i.a.p.raft.roles.FollowerRole - RaftServer{2}{role=FOLLOWER} - Received AppendRequest{term=1, leader=1, prevLogIndex=112, prevLogTerm=1, entries=0, commitIndex=112}
11:13:54.024 [raft-server-2] TRACE i.a.p.raft.roles.FollowerRole - RaftServer{2}{role=FOLLOWER} - Sending AppendResponse{status=OK, term=1, succeeded=true, lastLogIndex=112}
11:13:54.024 [raft-server-1] TRACE i.a.p.raft.roles.LeaderAppender - RaftServer{1} - Sending AppendRequest{term=1, leader=1, prevLogIndex=112, prevLogTerm=1, entries=0, commitIndex=112} to 3
11:13:54.024 [raft-server-1] TRACE i.a.p.raft.roles.LeaderAppender - RaftServer{1} - Received AppendResponse{status=OK, term=1, succeeded=true, lastLogIndex=112} from 2
11:13:54.024 [raft-server-3] TRACE i.a.p.raft.roles.FollowerRole - RaftServer{3}{role=FOLLOWER} - Received AppendRequest{term=1, leader=1, prevLogIndex=112, prevLogTerm=1, entries=0, commitIndex=112}
11:13:54.025 [raft-server-3] TRACE i.a.p.raft.roles.FollowerRole - RaftServer{3}{role=FOLLOWER} - Sending AppendResponse{status=OK, term=1, succeeded=true, lastLogIndex=112}
11:13:54.025 [raft-server-1] TRACE i.a.p.raft.roles.LeaderAppender - RaftServer{1} - Sending AppendRequest{term=1, leader=1, prevLogIndex=112, prevLogTerm=1, entries=0, commitIndex=112} to 2
11:13:54.025 [raft-server-2] TRACE i.a.p.raft.roles.FollowerRole - RaftServer{2}{role=FOLLOWER} - Received AppendRequest{term=1, leader=1, prevLogIndex=112, prevLogTerm=1, entries=0, commitIndex=112}
11:13:54.025 [raft-server-1] TRACE i.a.p.raft.roles.LeaderAppender - RaftServer{1} - Received AppendResponse{status=OK, term=1, succeeded=true, lastLogIndex=112} from 3
11:13:54.025 [raft-server-2] TRACE i.a.p.raft.roles.FollowerRole - RaftServer{2}{role=FOLLOWER} - Sending AppendResponse{status=OK, term=1, succeeded=true, lastLogIndex=112}
11:13:54.025 [raft-server-1] TRACE i.a.p.raft.roles.LeaderAppender - RaftServer{1} - Sending AppendRequest{term=1, leader=1, prevLogIndex=112, prevLogTerm=1, entries=0, commitIndex=112} to 3
11:13:54.025 [raft-server-1] TRACE i.a.p.raft.roles.LeaderAppender - RaftServer{1} - Received AppendResponse{status=OK, term=1, succeeded=true, lastLogIndex=112} from 2
11:13:54.025 [raft-server-3] TRACE i.a.p.raft.roles.FollowerRole - RaftServer{3}{role=FOLLOWER} - Received AppendRequest{term=1, leader=1, prevLogIndex=112, prevLogTerm=1, entries=0, commitIndex=112}
11:13:54.025 [raft-server-3] TRACE i.a.p.raft.roles.FollowerRole - RaftServer{3}{role=FOLLOWER} - Sending AppendResponse{status=OK, term=1, succeeded=true, lastLogIndex=112}
11:13:54.025 [raft-server-1] TRACE i.a.p.raft.roles.LeaderAppender - RaftServer{1} - Received AppendResponse{status=OK, term=1, succeeded=true, lastLogIndex=112} from 3
11:13:54.274 [raft-server-1] TRACE i.a.p.raft.roles.LeaderAppender - RaftServer{1} - Sending AppendRequest{term=1, leader=1, prevLogIndex=112, prevLogTerm=1, entries=0, commitIndex=112} to 2
11:13:54.274 [raft-server-1] TRACE i.a.p.raft.roles.LeaderAppender - RaftServer{1} - Sending AppendRequest{term=1, leader=1, prevLogIndex=112, prevLogTerm=1, entries=0, commitIndex=112} to 3
11:13:54.274 [raft-server-2] TRACE i.a.p.raft.roles.FollowerRole - RaftServer{2}{role=FOLLOWER} - Received AppendRequest{term=1, leader=1, prevLogIndex=112, prevLogTerm=1, entries=0, commitIndex=112}
11:13:54.274 [raft-server-2] TRACE i.a.p.raft.roles.FollowerRole - RaftServer{2}{role=FOLLOWER} - Sending AppendResponse{status=OK, term=1, succeeded=true, lastLogIndex=112}
11:13:54.274 [raft-server-3] TRACE i.a.p.raft.roles.FollowerRole - RaftServer{3}{role=FOLLOWER} - Received AppendRequest{term=1, leader=1, prevLogIndex=112, prevLogTerm=1, entries=0, commitIndex=112}
11:13:54.274 [raft-server-3] TRACE i.a.p.raft.roles.FollowerRole - RaftServer{3}{role=FOLLOWER} - Sending AppendResponse{status=OK, term=1, succeeded=true, lastLogIndex=112}
11:13:54.274 [raft-server-1] TRACE i.a.p.raft.roles.LeaderAppender - RaftServer{1} - Received AppendResponse{status=OK, term=1, succeeded=true, lastLogIndex=112} from 2
11:13:54.274 [raft-server-1] TRACE i.a.p.raft.roles.LeaderAppender - RaftServer{1} - Sending AppendRequest{term=1, leader=1, prevLogIndex=112, prevLogTerm=1, entries=0, commitIndex=112} to 2
11:13:54.274 [raft-server-1] TRACE i.a.p.raft.roles.LeaderAppender - RaftServer{1} - Received AppendResponse{status=OK, term=1, succeeded=true, lastLogIndex=112} from 3
11:13:54.274 [raft-server-2] TRACE i.a.p.raft.roles.FollowerRole - RaftServer{2}{role=FOLLOWER} - Received AppendRequest{term=1, leader=1, prevLogIndex=112, prevLogTerm=1, entries=0, commitIndex=112}
11:13:54.274 [raft-server-2] TRACE i.a.p.raft.roles.FollowerRole - RaftServer{2}{role=FOLLOWER} - Sending AppendResponse{status=OK, term=1, succeeded=true, lastLogIndex=112}
11:13:54.274 [raft-server-1] TRACE i.a.p.raft.roles.LeaderAppender - RaftServer{1} - Sending AppendRequest{term=1, leader=1, prevLogIndex=112, prevLogTerm=1, entries=0, commitIndex=112} to 3
11:13:54.274 [raft-server-1] TRACE i.a.p.raft.roles.LeaderAppender - RaftServer{1} - Received AppendResponse{status=OK, term=1, succeeded=true, lastLogIndex=112} from 2
11:13:54.274 [raft-server-3] TRACE i.a.p.raft.roles.FollowerRole - RaftServer{3}{role=FOLLOWER} - Received AppendRequest{term=1, leader=1, prevLogIndex=112, prevLogTerm=1, entries=0, commitIndex=112}
11:13:54.275 [raft-server-3] TRACE i.a.p.raft.roles.FollowerRole - RaftServer{3}{role=FOLLOWER} - Sending AppendResponse{status=OK, term=1, succeeded=true, lastLogIndex=112}
11:13:54.275 [raft-server-1] TRACE i.a.p.raft.roles.LeaderAppender - RaftServer{1} - Sending AppendRequest{term=1, leader=1, prevLogIndex=112, prevLogTerm=1, entries=0, commitIndex=112} to 2
11:13:54.275 [raft-server-2] TRACE i.a.p.raft.roles.FollowerRole - RaftServer{2}{role=FOLLOWER} - Received AppendRequest{term=1, leader=1, prevLogIndex=112, prevLogTerm=1, entries=0, commitIndex=112}
11:13:54.275 [raft-server-1] TRACE i.a.p.raft.roles.LeaderAppender - RaftServer{1} - Received AppendResponse{status=OK, term=1, succeeded=true, lastLogIndex=112} from 3
11:13:54.275 [raft-server-2] TRACE i.a.p.raft.roles.FollowerRole - RaftServer{2}{role=FOLLOWER} - Sending AppendResponse{status=OK, term=1, succeeded=true, lastLogIndex=112}
11:13:54.275 [raft-server-1] TRACE i.a.p.raft.roles.LeaderAppender - RaftServer{1} - Sending AppendRequest{term=1, leader=1, prevLogIndex=112, prevLogTerm=1, entries=0, commitIndex=112} to 3
11:13:54.275 [raft-server-1] TRACE i.a.p.raft.roles.LeaderAppender - RaftServer{1} - Received AppendResponse{status=OK, term=1, succeeded=true, lastLogIndex=112} from 2
11:13:54.275 [raft-server-3] TRACE i.a.p.raft.roles.FollowerRole - RaftServer{3}{role=FOLLOWER} - Received AppendRequest{term=1, leader=1, prevLogIndex=112, prevLogTerm=1, entries=0, commitIndex=112}
11:13:54.275 [raft-server-3] TRACE i.a.p.raft.roles.FollowerRole - RaftServer{3}{role=FOLLOWER} - Sending AppendResponse{status=OK, term=1, succeeded=true, lastLogIndex=112}
11:13:54.275 [raft-server-1] TRACE i.a.p.raft.roles.LeaderAppender - RaftServer{1} - Received AppendResponse{status=OK, term=1, succeeded=true, lastLogIndex=112} from 3
11:13:54.524 [raft-server-1] TRACE i.a.p.raft.roles.LeaderAppender - RaftServer{1} - Sending AppendRequest{term=1, leader=1, prevLogIndex=112, prevLogTerm=1, entries=0, commitIndex=112} to 2
11:13:54.524 [raft-server-2] TRACE i.a.p.raft.roles.FollowerRole - RaftServer{2}{role=FOLLOWER} - Received AppendRequest{term=1, leader=1, prevLogIndex=112, prevLogTerm=1, entries=0, commitIndex=112}
11:13:54.524 [raft-server-1] TRACE i.a.p.raft.roles.LeaderAppender - RaftServer{1} - Sending AppendRequest{term=1, leader=1, prevLogIndex=112, prevLogTerm=1, entries=0, commitIndex=112} to 3
11:13:54.524 [raft-server-2] TRACE i.a.p.raft.roles.FollowerRole - RaftServer{2}{role=FOLLOWER} - Sending AppendResponse{status=OK, term=1, succeeded=true, lastLogIndex=112}
11:13:54.524 [raft-server-3] TRACE i.a.p.raft.roles.FollowerRole - RaftServer{3}{role=FOLLOWER} - Received AppendRequest{term=1, leader=1, prevLogIndex=112, prevLogTerm=1, entries=0, commitIndex=112}
11:13:54.524 [raft-server-3] TRACE i.a.p.raft.roles.FollowerRole - RaftServer{3}{role=FOLLOWER} - Sending AppendResponse{status=OK, term=1, succeeded=true, lastLogIndex=112}
11:13:54.524 [raft-server-1] TRACE i.a.p.raft.roles.LeaderAppender - RaftServer{1} - Received AppendResponse{status=OK, term=1, succeeded=true, lastLogIndex=112} from 2
11:13:54.524 [raft-server-1] TRACE i.a.p.raft.roles.LeaderAppender - RaftServer{1} - Sending AppendRequest{term=1, leader=1, prevLogIndex=112, prevLogTerm=1, entries=0, commitIndex=112} to 2
11:13:54.524 [raft-server-1] TRACE i.a.p.raft.roles.LeaderAppender - RaftServer{1} - Received AppendResponse{status=OK, term=1, succeeded=true, lastLogIndex=112} from 3
11:13:54.524 [raft-server-2] TRACE i.a.p.raft.roles.FollowerRole - RaftServer{2}{role=FOLLOWER} - Received AppendRequest{term=1, leader=1, prevLogIndex=112, prevLogTerm=1, entries=0, commitIndex=112}
11:13:54.524 [raft-server-2] TRACE i.a.p.raft.roles.FollowerRole - RaftServer{2}{role=FOLLOWER} - Sending AppendResponse{status=OK, term=1, succeeded=true, lastLogIndex=112}
11:13:54.524 [raft-server-1] TRACE i.a.p.raft.roles.LeaderAppender - RaftServer{1} - Sending AppendRequest{term=1, leader=1, prevLogIndex=112, prevLogTerm=1, entries=0, commitIndex=112} to 3
11:13:54.525 [raft-server-1] TRACE i.a.p.raft.roles.LeaderAppender - RaftServer{1} - Received AppendResponse{status=OK, term=1, succeeded=true, lastLogIndex=112} from 2
11:13:54.525 [raft-server-3] TRACE i.a.p.raft.roles.FollowerRole - RaftServer{3}{role=FOLLOWER} - Received AppendRequest{term=1, leader=1, prevLogIndex=112, prevLogTerm=1, entries=0, commitIndex=112}
11:13:54.525 [raft-server-3] TRACE i.a.p.raft.roles.FollowerRole - RaftServer{3}{role=FOLLOWER} - Sending AppendResponse{status=OK, term=1, succeeded=true, lastLogIndex=112}
11:13:54.525 [raft-server-1] TRACE i.a.p.raft.roles.LeaderAppender - RaftServer{1} - Sending AppendRequest{term=1, leader=1, prevLogIndex=112, prevLogTerm=1, entries=0, commitIndex=112} to 2
11:13:54.525 [raft-server-2] TRACE i.a.p.raft.roles.FollowerRole - RaftServer{2}{role=FOLLOWER} - Received AppendRequest{term=1, leader=1, prevLogIndex=112, prevLogTerm=1, entries=0, commitIndex=112}
11:13:54.525 [raft-server-1] TRACE i.a.p.raft.roles.LeaderAppender - RaftServer{1} - Received AppendResponse{status=OK, term=1, succeeded=true, lastLogIndex=112} from 3
11:13:54.525 [raft-server-2] TRACE i.a.p.raft.roles.FollowerRole - RaftServer{2}{role=FOLLOWER} - Sending AppendResponse{status=OK, term=1, succeeded=true, lastLogIndex=112}
11:13:54.525 [raft-server-1] TRACE i.a.p.raft.roles.LeaderAppender - RaftServer{1} - Sending AppendRequest{term=1, leader=1, prevLogIndex=112, prevLogTerm=1, entries=0, commitIndex=112} to 3
11:13:54.525 [raft-server-1] TRACE i.a.p.raft.roles.LeaderAppender - RaftServer{1} - Received AppendResponse{status=OK, term=1, succeeded=true, lastLogIndex=112} from 2
11:13:54.525 [raft-server-3] TRACE i.a.p.raft.roles.FollowerRole - RaftServer{3}{role=FOLLOWER} - Received AppendRequest{term=1, leader=1, prevLogIndex=112, prevLogTerm=1, entries=0, commitIndex=112}
11:13:54.525 [raft-server-3] TRACE i.a.p.raft.roles.FollowerRole - RaftServer{3}{role=FOLLOWER} - Sending AppendResponse{status=OK, term=1, succeeded=true, lastLogIndex=112}
11:13:54.525 [raft-server-1] TRACE i.a.p.raft.roles.LeaderAppender - RaftServer{1} - Received AppendResponse{status=OK, term=1, succeeded=true, lastLogIndex=112} from 3
11:13:54.774 [raft-server-1] TRACE i.a.p.raft.roles.LeaderAppender - RaftServer{1} - Sending AppendRequest{term=1, leader=1, prevLogIndex=112, prevLogTerm=1, entries=0, commitIndex=112} to 2
11:13:54.774 [raft-server-1] TRACE i.a.p.raft.roles.LeaderAppender - RaftServer{1} - Sending AppendRequest{term=1, leader=1, prevLogIndex=112, prevLogTerm=1, entries=0, commitIndex=112} to 3
11:13:54.774 [raft-server-2] TRACE i.a.p.raft.roles.FollowerRole - RaftServer{2}{role=FOLLOWER} - Received AppendRequest{term=1, leader=1, prevLogIndex=112, prevLogTerm=1, entries=0, commitIndex=112}
11:13:54.774 [raft-server-3] TRACE i.a.p.raft.roles.FollowerRole - RaftServer{3}{role=FOLLOWER} - Received AppendRequest{term=1, leader=1, prevLogIndex=112, prevLogTerm=1, entries=0, commitIndex=112}
11:13:54.774 [raft-server-2] TRACE i.a.p.raft.roles.FollowerRole - RaftServer{2}{role=FOLLOWER} - Sending AppendResponse{status=OK, term=1, succeeded=true, lastLogIndex=112}
11:13:54.774 [raft-server-3] TRACE i.a.p.raft.roles.FollowerRole - RaftServer{3}{role=FOLLOWER} - Sending AppendResponse{status=OK, term=1, succeeded=true, lastLogIndex=112}
11:13:54.774 [raft-server-1] TRACE i.a.p.raft.roles.LeaderAppender - RaftServer{1} - Received AppendResponse{status=OK, term=1, succeeded=true, lastLogIndex=112} from 2
11:13:54.774 [raft-server-1] TRACE i.a.p.raft.roles.LeaderAppender - RaftServer{1} - Sending AppendRequest{term=1, leader=1, prevLogIndex=112, prevLogTerm=1, entries=0, commitIndex=112} to 2
11:13:54.774 [raft-server-1] TRACE i.a.p.raft.roles.LeaderAppender - RaftServer{1} - Received AppendResponse{status=OK, term=1, succeeded=true, lastLogIndex=112} from 3
11:13:54.774 [raft-server-2] TRACE i.a.p.raft.roles.FollowerRole - RaftServer{2}{role=FOLLOWER} - Received AppendRequest{term=1, leader=1, prevLogIndex=112, prevLogTerm=1, entries=0, commitIndex=112}
11:13:54.775 [raft-server-1] TRACE i.a.p.raft.roles.LeaderAppender - RaftServer{1} - Sending AppendRequest{term=1, leader=1, prevLogIndex=112, prevLogTerm=1, entries=0, commitIndex=112} to 3
11:13:54.775 [raft-server-2] TRACE i.a.p.raft.roles.FollowerRole - RaftServer{2}{role=FOLLOWER} - Sending AppendResponse{status=OK, term=1, succeeded=true, lastLogIndex=112}
11:13:54.775 [raft-server-3] TRACE i.a.p.raft.roles.FollowerRole - RaftServer{3}{role=FOLLOWER} - Received AppendRequest{term=1, leader=1, prevLogIndex=112, prevLogTerm=1, entries=0, commitIndex=112}
11:13:54.775 [raft-server-3] TRACE i.a.p.raft.roles.FollowerRole - RaftServer{3}{role=FOLLOWER} - Sending AppendResponse{status=OK, term=1, succeeded=true, lastLogIndex=112}
11:13:54.775 [raft-server-1] TRACE i.a.p.raft.roles.LeaderAppender - RaftServer{1} - Received AppendResponse{status=OK, term=1, succeeded=true, lastLogIndex=112} from 2
11:13:54.775 [raft-server-1] TRACE i.a.p.raft.roles.LeaderAppender - RaftServer{1} - Sending AppendRequest{term=1, leader=1, prevLogIndex=112, prevLogTerm=1, entries=0, commitIndex=112} to 2
11:13:54.775 [raft-server-1] TRACE i.a.p.raft.roles.LeaderAppender - RaftServer{1} - Received AppendResponse{status=OK, term=1, succeeded=true, lastLogIndex=112} from 3
11:13:54.775 [raft-server-2] TRACE i.a.p.raft.roles.FollowerRole - RaftServer{2}{role=FOLLOWER} - Received AppendRequest{term=1, leader=1, prevLogIndex=112, prevLogTerm=1, entries=0, commitIndex=112}
11:13:54.775 [raft-server-2] TRACE i.a.p.raft.roles.FollowerRole - RaftServer{2}{role=FOLLOWER} - Sending AppendResponse{status=OK, term=1, succeeded=true, lastLogIndex=112}
11:13:54.775 [raft-server-1] TRACE i.a.p.raft.roles.LeaderAppender - RaftServer{1} - Received AppendResponse{status=OK, term=1, succeeded=true, lastLogIndex=112} from 2
11:13:54.968 [raft-client-a5a0def7-e1df-4503-b1c6-00519ae66cf7-1] TRACE i.a.p.r.proxy.impl.RaftProxyManager - RaftClient{a5a0def7-e1df-4503-b1c6-00519ae66cf7} - Keeping 1 sessions alive
11:13:54.968 [raft-client-a5a0def7-e1df-4503-b1c6-00519ae66cf7-1] TRACE i.a.p.r.p.impl.RaftProxyConnection - RaftClient{a5a0def7-e1df-4503-b1c6-00519ae66cf7} - Sending KeepAliveRequest{sessionIds=long[]{length=1, hash=33}, commandSequences=long[]{length=1, hash=131}, eventIndexes=long[]{length=1, hash=33}} to 1
11:13:54.968 [raft-server-1] TRACE i.a.protocols.raft.roles.LeaderRole - RaftServer{1}{role=LEADER} - Received KeepAliveRequest{sessionIds=long[]{length=1, hash=33}, commandSequences=long[]{length=1, hash=131}, eventIndexes=long[]{length=1, hash=33}}
11:13:54.968 [raft-server-1] TRACE i.a.protocols.raft.roles.LeaderRole - RaftServer{1}{role=LEADER} - Appended Indexed{index=113, entry=KeepAliveEntry{term=1, timestamp=2018-05-30 11:13:54,968, sessionIds=long[]{length=1, hash=33}, commandSequences=long[]{length=1, hash=131}, eventIndexes=long[]{length=1, hash=33}}}
11:13:54.969 [raft-server-1] TRACE i.a.p.raft.roles.LeaderAppender - RaftServer{1} - Sending AppendRequest{term=1, leader=1, prevLogIndex=112, prevLogTerm=1, entries=1, commitIndex=112} to 2
11:13:54.969 [raft-server-2] TRACE i.a.p.raft.roles.FollowerRole - RaftServer{2}{role=FOLLOWER} - Received AppendRequest{term=1, leader=1, prevLogIndex=112, prevLogTerm=1, entries=1, commitIndex=112}
11:13:54.969 [raft-server-1] TRACE i.a.p.raft.roles.LeaderAppender - RaftServer{1} - Sending AppendRequest{term=1, leader=1, prevLogIndex=112, prevLogTerm=1, entries=1, commitIndex=112} to 3
11:13:54.969 [raft-server-3] TRACE i.a.p.raft.roles.FollowerRole - RaftServer{3}{role=FOLLOWER} - Received AppendRequest{term=1, leader=1, prevLogIndex=112, prevLogTerm=1, entries=1, commitIndex=112}
11:13:54.969 [raft-server-2] TRACE i.a.p.raft.roles.FollowerRole - RaftServer{2}{role=FOLLOWER} - Appended Indexed{index=113, entry=KeepAliveEntry{term=1, timestamp=2018-05-30 11:13:54,968, sessionIds=long[]{length=1, hash=33}, commandSequences=long[]{length=1, hash=131}, eventIndexes=long[]{length=1, hash=33}}}
11:13:54.969 [raft-server-2] TRACE i.a.p.raft.roles.FollowerRole - RaftServer{2}{role=FOLLOWER} - Sending AppendResponse{status=OK, term=1, succeeded=true, lastLogIndex=113}
11:13:54.969 [raft-server-3] TRACE i.a.p.raft.roles.FollowerRole - RaftServer{3}{role=FOLLOWER} - Appended Indexed{index=113, entry=KeepAliveEntry{term=1, timestamp=2018-05-30 11:13:54,968, sessionIds=long[]{length=1, hash=33}, commandSequences=long[]{length=1, hash=131}, eventIndexes=long[]{length=1, hash=33}}}
11:13:54.969 [raft-server-3] TRACE i.a.p.raft.roles.FollowerRole - RaftServer{3}{role=FOLLOWER} - Sending AppendResponse{status=OK, term=1, succeeded=true, lastLogIndex=113}
11:13:54.969 [raft-server-1] TRACE i.a.p.raft.roles.LeaderAppender - RaftServer{1} - Received AppendResponse{status=OK, term=1, succeeded=true, lastLogIndex=113} from 2
11:13:54.969 [raft-server-1] TRACE i.a.p.raft.roles.LeaderAppender - RaftServer{1} - Committed entries up to 113
11:13:55.004 [raft-server-1] TRACE i.a.p.raft.roles.LeaderAppender - RaftServer{1} - Received AppendResponse{status=OK, term=1, succeeded=true, lastLogIndex=113} from 3
11:13:55.004 [raft-server-1-state] TRACE i.a.p.raft.impl.RaftServiceManager - RaftServer{1} - Applying Indexed{index=113, entry=KeepAliveEntry{term=1, timestamp=2018-05-30 11:13:54,968, sessionIds=long[]{length=1, hash=33}, commandSequences=long[]{length=1, hash=131}, eventIndexes=long[]{length=1, hash=33}}}
11:13:55.005 [raft-server-1] TRACE i.a.protocols.raft.roles.LeaderRole - RaftServer{1}{role=LEADER} - Sending KeepAliveResponse{status=OK, leader=1, members=[1, 2, 3], sessionIds=long[]{length=1, hash=33}}
11:13:55.005 [raft-client-a5a0def7-e1df-4503-b1c6-00519ae66cf7-0] TRACE i.a.p.r.p.impl.RaftProxyConnection - RaftClient{a5a0def7-e1df-4503-b1c6-00519ae66cf7} - Received KeepAliveResponse{status=OK, leader=1, members=[1, 2, 3], sessionIds=long[]{length=1, hash=33}} from 1
11:13:55.024 [raft-server-1] TRACE i.a.p.raft.roles.LeaderAppender - RaftServer{1} - Sending AppendRequest{term=1, leader=1, prevLogIndex=113, prevLogTerm=1, entries=0, commitIndex=113} to 2
11:13:55.024 [raft-server-1] TRACE i.a.p.raft.roles.LeaderAppender - RaftServer{1} - Sending AppendRequest{term=1, leader=1, prevLogIndex=113, prevLogTerm=1, entries=0, commitIndex=113} to 3
11:13:55.024 [raft-server-2] TRACE i.a.p.raft.roles.FollowerRole - RaftServer{2}{role=FOLLOWER} - Received AppendRequest{term=1, leader=1, prevLogIndex=113, prevLogTerm=1, entries=0, commitIndex=113}
11:13:55.024 [raft-server-3] TRACE i.a.p.raft.roles.FollowerRole - RaftServer{3}{role=FOLLOWER} - Received AppendRequest{term=1, leader=1, prevLogIndex=113, prevLogTerm=1, entries=0, commitIndex=113}
11:13:55.054 [raft-server-2] TRACE i.a.p.raft.roles.FollowerRole - RaftServer{2}{role=FOLLOWER} - Committed entries up to index 113
11:13:55.054 [raft-server-3] TRACE i.a.p.raft.roles.FollowerRole - RaftServer{3}{role=FOLLOWER} - Committed entries up to index 113
11:13:55.054 [raft-server-2] TRACE i.a.p.raft.roles.FollowerRole - RaftServer{2}{role=FOLLOWER} - Sending AppendResponse{status=OK, term=1, succeeded=true, lastLogIndex=113}
11:13:55.054 [raft-server-3] TRACE i.a.p.raft.roles.FollowerRole - RaftServer{3}{role=FOLLOWER} - Sending AppendResponse{status=OK, term=1, succeeded=true, lastLogIndex=113}
11:13:55.054 [raft-server-1] TRACE i.a.p.raft.roles.LeaderAppender - RaftServer{1} - Received AppendResponse{status=OK, term=1, succeeded=true, lastLogIndex=113} from 2
11:13:55.054 [raft-server-2-state] TRACE i.a.p.raft.impl.RaftServiceManager - RaftServer{2} - Applying Indexed{index=113, entry=KeepAliveEntry{term=1, timestamp=2018-05-30 11:13:54,968, sessionIds=long[]{length=1, hash=33}, commandSequences=long[]{length=1, hash=131}, eventIndexes=long[]{length=1, hash=33}}}
11:13:55.054 [raft-server-3-state] TRACE i.a.p.raft.impl.RaftServiceManager - RaftServer{3} - Applying Indexed{index=113, entry=KeepAliveEntry{term=1, timestamp=2018-05-30 11:13:54,968, sessionIds=long[]{length=1, hash=33}, commandSequences=long[]{length=1, hash=131}, eventIndexes=long[]{length=1, hash=33}}}
11:13:55.055 [raft-server-1] TRACE i.a.p.raft.roles.LeaderAppender - RaftServer{1} - Sending AppendRequest{term=1, leader=1, prevLogIndex=113, prevLogTerm=1, entries=0, commitIndex=113} to 2
11:13:55.055 [raft-server-1] TRACE i.a.p.raft.roles.LeaderAppender - RaftServer{1} - Received AppendResponse{status=OK, term=1, succeeded=true, lastLogIndex=113} from 3
11:13:55.055 [raft-server-2] TRACE i.a.p.raft.roles.FollowerRole - RaftServer{2}{role=FOLLOWER} - Received AppendRequest{term=1, leader=1, prevLogIndex=113, prevLogTerm=1, entries=0, commitIndex=113}
11:13:55.055 [raft-server-1] TRACE i.a.p.raft.roles.LeaderAppender - RaftServer{1} - Sending AppendRequest{term=1, leader=1, prevLogIndex=113, prevLogTerm=1, entries=0, commitIndex=113} to 3
11:13:55.055 [raft-server-2] TRACE i.a.p.raft.roles.FollowerRole - RaftServer{2}{role=FOLLOWER} - Sending AppendResponse{status=OK, term=1, succeeded=true, lastLogIndex=113}
11:13:55.055 [raft-server-3] TRACE i.a.p.raft.roles.FollowerRole - RaftServer{3}{role=FOLLOWER} - Received AppendRequest{term=1, leader=1, prevLogIndex=113, prevLogTerm=1, entries=0, commitIndex=113}
11:13:55.055 [raft-server-3] TRACE i.a.p.raft.roles.FollowerRole - RaftServer{3}{role=FOLLOWER} - Sending AppendResponse{status=OK, term=1, succeeded=true, lastLogIndex=113}
11:13:55.055 [raft-server-1] TRACE i.a.p.raft.roles.LeaderAppender - RaftServer{1} - Received AppendResponse{status=OK, term=1, succeeded=true, lastLogIndex=113} from 2
11:13:55.055 [raft-server-1] TRACE i.a.p.raft.roles.LeaderAppender - RaftServer{1} - Received AppendResponse{status=OK, term=1, succeeded=true, lastLogIndex=113} from 3
11:13:55.274 [raft-server-1] TRACE i.a.p.raft.roles.LeaderAppender - RaftServer{1} - Sending AppendRequest{term=1, leader=1, prevLogIndex=113, prevLogTerm=1, entries=0, commitIndex=113} to 2
11:13:55.274 [raft-server-1] TRACE i.a.p.raft.roles.LeaderAppender - RaftServer{1} - Sending AppendRequest{term=1, leader=1, prevLogIndex=113, prevLogTerm=1, entries=0, commitIndex=113} to 3
11:13:55.274 [raft-server-2] TRACE i.a.p.raft.roles.FollowerRole - RaftServer{2}{role=FOLLOWER} - Received AppendRequest{term=1, leader=1, prevLogIndex=113, prevLogTerm=1, entries=0, commitIndex=113}
11:13:55.274 [raft-server-2] TRACE i.a.p.raft.roles.FollowerRole - RaftServer{2}{role=FOLLOWER} - Sending AppendResponse{status=OK, term=1, succeeded=true, lastLogIndex=113}
11:13:55.274 [raft-server-3] TRACE i.a.p.raft.roles.FollowerRole - RaftServer{3}{role=FOLLOWER} - Received AppendRequest{term=1, leader=1, prevLogIndex=113, prevLogTerm=1, entries=0, commitIndex=113}
11:13:55.274 [raft-server-3] TRACE i.a.p.raft.roles.FollowerRole - RaftServer{3}{role=FOLLOWER} - Sending AppendResponse{status=OK, term=1, succeeded=true, lastLogIndex=113}
11:13:55.274 [raft-server-1] TRACE i.a.p.raft.roles.LeaderAppender - RaftServer{1} - Received AppendResponse{status=OK, term=1, succeeded=true, lastLogIndex=113} from 2
11:13:55.274 [raft-server-1] TRACE i.a.p.raft.roles.LeaderAppender - RaftServer{1} - Sending AppendRequest{term=1, leader=1, prevLogIndex=113, prevLogTerm=1, entries=0, commitIndex=113} to 2
11:13:55.274 [raft-server-1] TRACE i.a.p.raft.roles.LeaderAppender - RaftServer{1} - Received AppendResponse{status=OK, term=1, succeeded=true, lastLogIndex=113} from 3
11:13:55.274 [raft-server-2] TRACE i.a.p.raft.roles.FollowerRole - RaftServer{2}{role=FOLLOWER} - Received AppendRequest{term=1, leader=1, prevLogIndex=113, prevLogTerm=1, entries=0, commitIndex=113}
11:13:55.274 [raft-server-2] TRACE i.a.p.raft.roles.FollowerRole - RaftServer{2}{role=FOLLOWER} - Sending AppendResponse{status=OK, term=1, succeeded=true, lastLogIndex=113}
11:13:55.274 [raft-server-1] TRACE i.a.p.raft.roles.LeaderAppender - RaftServer{1} - Sending AppendRequest{term=1, leader=1, prevLogIndex=113, prevLogTerm=1, entries=0, commitIndex=113} to 3
11:13:55.274 [raft-server-1] TRACE i.a.p.raft.roles.LeaderAppender - RaftServer{1} - Received AppendResponse{status=OK, term=1, succeeded=true, lastLogIndex=113} from 2
11:13:55.274 [raft-server-3] TRACE i.a.p.raft.roles.FollowerRole - RaftServer{3}{role=FOLLOWER} - Received AppendRequest{term=1, leader=1, prevLogIndex=113, prevLogTerm=1, entries=0, commitIndex=113}
11:13:55.275 [raft-server-3] TRACE i.a.p.raft.roles.FollowerRole - RaftServer{3}{role=FOLLOWER} - Sending AppendResponse{status=OK, term=1, succeeded=true, lastLogIndex=113}
11:13:55.275 [raft-server-1] TRACE i.a.p.raft.roles.LeaderAppender - RaftServer{1} - Sending AppendRequest{term=1, leader=1, prevLogIndex=113, prevLogTerm=1, entries=0, commitIndex=113} to 2
11:13:55.275 [raft-server-2] TRACE i.a.p.raft.roles.FollowerRole - RaftServer{2}{role=FOLLOWER} - Received AppendRequest{term=1, leader=1, prevLogIndex=113, prevLogTerm=1, entries=0, commitIndex=113}
11:13:55.275 [raft-server-1] TRACE i.a.p.raft.roles.LeaderAppender - RaftServer{1} - Received AppendResponse{status=OK, term=1, succeeded=true, lastLogIndex=113} from 3
11:13:55.275 [raft-server-2] TRACE i.a.p.raft.roles.FollowerRole - RaftServer{2}{role=FOLLOWER} - Sending AppendResponse{status=OK, term=1, succeeded=true, lastLogIndex=113}
11:13:55.275 [raft-server-1] TRACE i.a.p.raft.roles.LeaderAppender - RaftServer{1} - Sending AppendRequest{term=1, leader=1, prevLogIndex=113, prevLogTerm=1, entries=0, commitIndex=113} to 3
11:13:55.275 [raft-server-1] TRACE i.a.p.raft.roles.LeaderAppender - RaftServer{1} - Received AppendResponse{status=OK, term=1, succeeded=true, lastLogIndex=113} from 2
11:13:55.275 [raft-server-3] TRACE i.a.p.raft.roles.FollowerRole - RaftServer{3}{role=FOLLOWER} - Received AppendRequest{term=1, leader=1, prevLogIndex=113, prevLogTerm=1, entries=0, commitIndex=113}
11:13:55.275 [raft-server-3] TRACE i.a.p.raft.roles.FollowerRole - RaftServer{3}{role=FOLLOWER} - Sending AppendResponse{status=OK, term=1, succeeded=true, lastLogIndex=113}
11:13:55.275 [raft-server-1] TRACE i.a.p.raft.roles.LeaderAppender - RaftServer{1} - Received AppendResponse{status=OK, term=1, succeeded=true, lastLogIndex=113} from 3
11:13:55.524 [raft-server-1] TRACE i.a.p.raft.roles.LeaderAppender - RaftServer{1} - Sending AppendRequest{term=1, leader=1, prevLogIndex=113, prevLogTerm=1, entries=0, commitIndex=113} to 2
11:13:55.524 [raft-server-2] TRACE i.a.p.raft.roles.FollowerRole - RaftServer{2}{role=FOLLOWER} - Received AppendRequest{term=1, leader=1, prevLogIndex=113, prevLogTerm=1, entries=0, commitIndex=113}
11:13:55.524 [raft-server-1] TRACE i.a.p.raft.roles.LeaderAppender - RaftServer{1} - Sending AppendRequest{term=1, leader=1, prevLogIndex=113, prevLogTerm=1, entries=0, commitIndex=113} to 3
11:13:55.524 [raft-server-2] TRACE i.a.p.raft.roles.FollowerRole - RaftServer{2}{role=FOLLOWER} - Sending AppendResponse{status=OK, term=1, succeeded=true, lastLogIndex=113}
11:13:55.524 [raft-server-1] TRACE i.a.p.raft.roles.LeaderAppender - RaftServer{1} - Received AppendResponse{status=OK, term=1, succeeded=true, lastLogIndex=113} from 2
11:13:55.524 [raft-server-3] TRACE i.a.p.raft.roles.FollowerRole - RaftServer{3}{role=FOLLOWER} - Received AppendRequest{term=1, leader=1, prevLogIndex=113, prevLogTerm=1, entries=0, commitIndex=113}
11:13:55.524 [raft-server-3] TRACE i.a.p.raft.roles.FollowerRole - RaftServer{3}{role=FOLLOWER} - Sending AppendResponse{status=OK, term=1, succeeded=true, lastLogIndex=113}
11:13:55.524 [raft-server-1] TRACE i.a.p.raft.roles.LeaderAppender - RaftServer{1} - Sending AppendRequest{term=1, leader=1, prevLogIndex=113, prevLogTerm=1, entries=0, commitIndex=113} to 2
11:13:55.524 [raft-server-1] TRACE i.a.p.raft.roles.LeaderAppender - RaftServer{1} - Received AppendResponse{status=OK, term=1, succeeded=true, lastLogIndex=113} from 3
11:13:55.524 [raft-server-2] TRACE i.a.p.raft.roles.FollowerRole - RaftServer{2}{role=FOLLOWER} - Received AppendRequest{term=1, leader=1, prevLogIndex=113, prevLogTerm=1, entries=0, commitIndex=113}
11:13:55.524 [raft-server-2] TRACE i.a.p.raft.roles.FollowerRole - RaftServer{2}{role=FOLLOWER} - Sending AppendResponse{status=OK, term=1, succeeded=true, lastLogIndex=113}
11:13:55.524 [raft-server-1] TRACE i.a.p.raft.roles.LeaderAppender - RaftServer{1} - Sending AppendRequest{term=1, leader=1, prevLogIndex=113, prevLogTerm=1, entries=0, commitIndex=113} to 3
11:13:55.524 [raft-server-1] TRACE i.a.p.raft.roles.LeaderAppender - RaftServer{1} - Received AppendResponse{status=OK, term=1, succeeded=true, lastLogIndex=113} from 2
11:13:55.524 [raft-server-3] TRACE i.a.p.raft.roles.FollowerRole - RaftServer{3}{role=FOLLOWER} - Received AppendRequest{term=1, leader=1, prevLogIndex=113, prevLogTerm=1, entries=0, commitIndex=113}
11:13:55.525 [raft-server-1] TRACE i.a.p.raft.roles.LeaderAppender - RaftServer{1} - Sending AppendRequest{term=1, leader=1, prevLogIndex=113, prevLogTerm=1, entries=0, commitIndex=113} to 2
11:13:55.525 [raft-server-3] TRACE i.a.p.raft.roles.FollowerRole - RaftServer{3}{role=FOLLOWER} - Sending AppendResponse{status=OK, term=1, succeeded=true, lastLogIndex=113}
11:13:55.525 [raft-server-2] TRACE i.a.p.raft.roles.FollowerRole - RaftServer{2}{role=FOLLOWER} - Received AppendRequest{term=1, leader=1, prevLogIndex=113, prevLogTerm=1, entries=0, commitIndex=113}
11:13:55.525 [raft-server-2] TRACE i.a.p.raft.roles.FollowerRole - RaftServer{2}{role=FOLLOWER} - Sending AppendResponse{status=OK, term=1, succeeded=true, lastLogIndex=113}
11:13:55.525 [raft-server-1] TRACE i.a.p.raft.roles.LeaderAppender - RaftServer{1} - Received AppendResponse{status=OK, term=1, succeeded=true, lastLogIndex=113} from 3
11:13:55.525 [raft-server-1] TRACE i.a.p.raft.roles.LeaderAppender - RaftServer{1} - Sending AppendRequest{term=1, leader=1, prevLogIndex=113, prevLogTerm=1, entries=0, commitIndex=113} to 3
11:13:55.525 [raft-server-1] TRACE i.a.p.raft.roles.LeaderAppender - RaftServer{1} - Received AppendResponse{status=OK, term=1, succeeded=true, lastLogIndex=113} from 2
11:13:55.525 [raft-server-3] TRACE i.a.p.raft.roles.FollowerRole - RaftServer{3}{role=FOLLOWER} - Received AppendRequest{term=1, leader=1, prevLogIndex=113, prevLogTerm=1, entries=0, commitIndex=113}
11:13:55.525 [raft-server-3] TRACE i.a.p.raft.roles.FollowerRole - RaftServer{3}{role=FOLLOWER} - Sending AppendResponse{status=OK, term=1, succeeded=true, lastLogIndex=113}
11:13:55.525 [raft-server-1] TRACE i.a.p.raft.roles.LeaderAppender - RaftServer{1} - Received AppendResponse{status=OK, term=1, succeeded=true, lastLogIndex=113} from 3
11:13:55.774 [raft-server-1] TRACE i.a.p.raft.roles.LeaderAppender - RaftServer{1} - Sending AppendRequest{term=1, leader=1, prevLogIndex=113, prevLogTerm=1, entries=0, commitIndex=113} to 2
11:13:55.774 [raft-server-1] TRACE i.a.p.raft.roles.LeaderAppender - RaftServer{1} - Sending AppendRequest{term=1, leader=1, prevLogIndex=113, prevLogTerm=1, entries=0, commitIndex=113} to 3
11:13:55.774 [raft-server-2] TRACE i.a.p.raft.roles.FollowerRole - RaftServer{2}{role=FOLLOWER} - Received AppendRequest{term=1, leader=1, prevLogIndex=113, prevLogTerm=1, entries=0, commitIndex=113}
11:13:55.774 [raft-server-3] TRACE i.a.p.raft.roles.FollowerRole - RaftServer{3}{role=FOLLOWER} - Received AppendRequest{term=1, leader=1, prevLogIndex=113, prevLogTerm=1, entries=0, commitIndex=113}
11:13:55.774 [raft-server-2] TRACE i.a.p.raft.roles.FollowerRole - RaftServer{2}{role=FOLLOWER} - Sending AppendResponse{status=OK, term=1, succeeded=true, lastLogIndex=113}
11:13:55.774 [raft-server-3] TRACE i.a.p.raft.roles.FollowerRole - RaftServer{3}{role=FOLLOWER} - Sending AppendResponse{status=OK, term=1, succeeded=true, lastLogIndex=113}
11:13:55.774 [raft-server-1] TRACE i.a.p.raft.roles.LeaderAppender - RaftServer{1} - Received AppendResponse{status=OK, term=1, succeeded=true, lastLogIndex=113} from 2
11:13:55.774 [raft-server-1] TRACE i.a.p.raft.roles.LeaderAppender - RaftServer{1} - Sending AppendRequest{term=1, leader=1, prevLogIndex=113, prevLogTerm=1, entries=0, commitIndex=113} to 2
11:13:55.774 [raft-server-1] TRACE i.a.p.raft.roles.LeaderAppender - RaftServer{1} - Received AppendResponse{status=OK, term=1, succeeded=true, lastLogIndex=113} from 3
11:13:55.774 [raft-server-2] TRACE i.a.p.raft.roles.FollowerRole - RaftServer{2}{role=FOLLOWER} - Received AppendRequest{term=1, leader=1, prevLogIndex=113, prevLogTerm=1, entries=0, commitIndex=113}
11:13:55.775 [raft-server-2] TRACE i.a.p.raft.roles.FollowerRole - RaftServer{2}{role=FOLLOWER} - Sending AppendResponse{status=OK, term=1, succeeded=true, lastLogIndex=113}
11:13:55.775 [raft-server-1] TRACE i.a.p.raft.roles.LeaderAppender - RaftServer{1} - Sending AppendRequest{term=1, leader=1, prevLogIndex=113, prevLogTerm=1, entries=0, commitIndex=113} to 3
11:13:55.775 [raft-server-1] TRACE i.a.p.raft.roles.LeaderAppender - RaftServer{1} - Received AppendResponse{status=OK, term=1, succeeded=true, lastLogIndex=113} from 2
11:13:55.775 [raft-server-1] TRACE i.a.p.raft.roles.LeaderAppender - RaftServer{1} - Sending AppendRequest{term=1, leader=1, prevLogIndex=113, prevLogTerm=1, entries=0, commitIndex=113} to 2
11:13:55.775 [raft-server-3] TRACE i.a.p.raft.roles.FollowerRole - RaftServer{3}{role=FOLLOWER} - Received AppendRequest{term=1, leader=1, prevLogIndex=113, prevLogTerm=1, entries=0, commitIndex=113}
11:13:55.775 [raft-server-2] TRACE i.a.p.raft.roles.FollowerRole - RaftServer{2}{role=FOLLOWER} - Received AppendRequest{term=1, leader=1, prevLogIndex=113, prevLogTerm=1, entries=0, commitIndex=113}
11:13:55.775 [raft-server-3] TRACE i.a.p.raft.roles.FollowerRole - RaftServer{3}{role=FOLLOWER} - Sending AppendResponse{status=OK, term=1, succeeded=true, lastLogIndex=113}
11:13:55.775 [raft-server-2] TRACE i.a.p.raft.roles.FollowerRole - RaftServer{2}{role=FOLLOWER} - Sending AppendResponse{status=OK, term=1, succeeded=true, lastLogIndex=113}
11:13:55.775 [raft-server-1] TRACE i.a.p.raft.roles.LeaderAppender - RaftServer{1} - Received AppendResponse{status=OK, term=1, succeeded=true, lastLogIndex=113} from 3
11:13:55.775 [raft-server-1] TRACE i.a.p.raft.roles.LeaderAppender - RaftServer{1} - Received AppendResponse{status=OK, term=1, succeeded=true, lastLogIndex=113} from 2
11:13:56.024 [raft-server-1] TRACE i.a.p.raft.roles.LeaderAppender - RaftServer{1} - Sending AppendRequest{term=1, leader=1, prevLogIndex=113, prevLogTerm=1, entries=0, commitIndex=113} to 2
11:13:56.024 [raft-server-2] TRACE i.a.p.raft.roles.FollowerRole - RaftServer{2}{role=FOLLOWER} - Received AppendRequest{term=1, leader=1, prevLogIndex=113, prevLogTerm=1, entries=0, commitIndex=113}
11:13:56.024 [raft-server-1] TRACE i.a.p.raft.roles.LeaderAppender - RaftServer{1} - Sending AppendRequest{term=1, leader=1, prevLogIndex=113, prevLogTerm=1, entries=0, commitIndex=113} to 3
11:13:56.024 [raft-server-2] TRACE i.a.p.raft.roles.FollowerRole - RaftServer{2}{role=FOLLOWER} - Sending AppendResponse{status=OK, term=1, succeeded=true, lastLogIndex=113}
11:13:56.024 [raft-server-3] TRACE i.a.p.raft.roles.FollowerRole - RaftServer{3}{role=FOLLOWER} - Received AppendRequest{term=1, leader=1, prevLogIndex=113, prevLogTerm=1, entries=0, commitIndex=113}
11:13:56.024 [raft-server-1] TRACE i.a.p.raft.roles.LeaderAppender - RaftServer{1} - Received AppendResponse{status=OK, term=1, succeeded=true, lastLogIndex=113} from 2
11:13:56.024 [raft-server-3] TRACE i.a.p.raft.roles.FollowerRole - RaftServer{3}{role=FOLLOWER} - Sending AppendResponse{status=OK, term=1, succeeded=true, lastLogIndex=113}
11:13:56.024 [raft-server-1] TRACE i.a.p.raft.roles.LeaderAppender - RaftServer{1} - Sending AppendRequest{term=1, leader=1, prevLogIndex=113, prevLogTerm=1, entries=0, commitIndex=113} to 2
11:13:56.025 [raft-server-1] TRACE i.a.p.raft.roles.LeaderAppender - RaftServer{1} - Received AppendResponse{status=OK, term=1, succeeded=true, lastLogIndex=113} from 3
11:13:56.025 [raft-server-2] TRACE i.a.p.raft.roles.FollowerRole - RaftServer{2}{role=FOLLOWER} - Received AppendRequest{term=1, leader=1, prevLogIndex=113, prevLogTerm=1, entries=0, commitIndex=113}
11:13:56.025 [raft-server-1] TRACE i.a.p.raft.roles.LeaderAppender - RaftServer{1} - Sending AppendRequest{term=1, leader=1, prevLogIndex=113, prevLogTerm=1, entries=0, commitIndex=113} to 3
11:13:56.025 [raft-server-2] TRACE i.a.p.raft.roles.FollowerRole - RaftServer{2}{role=FOLLOWER} - Sending AppendResponse{status=OK, term=1, succeeded=true, lastLogIndex=113}
11:13:56.025 [raft-server-3] TRACE i.a.p.raft.roles.FollowerRole - RaftServer{3}{role=FOLLOWER} - Received AppendRequest{term=1, leader=1, prevLogIndex=113, prevLogTerm=1, entries=0, commitIndex=113}
11:13:56.025 [raft-server-3] TRACE i.a.p.raft.roles.FollowerRole - RaftServer{3}{role=FOLLOWER} - Sending AppendResponse{status=OK, term=1, succeeded=true, lastLogIndex=113}
11:13:56.025 [raft-server-1] TRACE i.a.p.raft.roles.LeaderAppender - RaftServer{1} - Received AppendResponse{status=OK, term=1, succeeded=true, lastLogIndex=113} from 2
11:13:56.025 [raft-server-1] TRACE i.a.p.raft.roles.LeaderAppender - RaftServer{1} - Sending AppendRequest{term=1, leader=1, prevLogIndex=113, prevLogTerm=1, entries=0, commitIndex=113} to 2
11:13:56.025 [raft-server-1] TRACE i.a.p.raft.roles.LeaderAppender - RaftServer{1} - Received AppendResponse{status=OK, term=1, succeeded=true, lastLogIndex=113} from 3
11:13:56.025 [raft-server-2] TRACE i.a.p.raft.roles.FollowerRole - RaftServer{2}{role=FOLLOWER} - Received AppendRequest{term=1, leader=1, prevLogIndex=113, prevLogTerm=1, entries=0, commitIndex=113}
11:13:56.026 [raft-server-2] TRACE i.a.p.raft.roles.FollowerRole - RaftServer{2}{role=FOLLOWER} - Sending AppendResponse{status=OK, term=1, succeeded=true, lastLogIndex=113}
11:13:56.026 [raft-server-1] TRACE i.a.p.raft.roles.LeaderAppender - RaftServer{1} - Received AppendResponse{status=OK, term=1, succeeded=true, lastLogIndex=113} from 2
11:13:56.274 [raft-server-1] TRACE i.a.p.raft.roles.LeaderAppender - RaftServer{1} - Sending AppendRequest{term=1, leader=1, prevLogIndex=113, prevLogTerm=1, entries=0, commitIndex=113} to 2
11:13:56.274 [raft-server-1] TRACE i.a.p.raft.roles.LeaderAppender - RaftServer{1} - Sending AppendRequest{term=1, leader=1, prevLogIndex=113, prevLogTerm=1, entries=0, commitIndex=113} to 3
11:13:56.274 [raft-server-2] TRACE i.a.p.raft.roles.FollowerRole - RaftServer{2}{role=FOLLOWER} - Received AppendRequest{term=1, leader=1, prevLogIndex=113, prevLogTerm=1, entries=0, commitIndex=113}
11:13:56.274 [raft-server-2] TRACE i.a.p.raft.roles.FollowerRole - RaftServer{2}{role=FOLLOWER} - Sending AppendResponse{status=OK, term=1, succeeded=true, lastLogIndex=113}
11:13:56.274 [raft-server-3] TRACE i.a.p.raft.roles.FollowerRole - RaftServer{3}{role=FOLLOWER} - Received AppendRequest{term=1, leader=1, prevLogIndex=113, prevLogTerm=1, entries=0, commitIndex=113}
11:13:56.274 [raft-server-3] TRACE i.a.p.raft.roles.FollowerRole - RaftServer{3}{role=FOLLOWER} - Sending AppendResponse{status=OK, term=1, succeeded=true, lastLogIndex=113}
11:13:56.274 [raft-server-1] TRACE i.a.p.raft.roles.LeaderAppender - RaftServer{1} - Received AppendResponse{status=OK, term=1, succeeded=true, lastLogIndex=113} from 2
11:13:56.274 [raft-server-1] TRACE i.a.p.raft.roles.LeaderAppender - RaftServer{1} - Sending AppendRequest{term=1, leader=1, prevLogIndex=113, prevLogTerm=1, entries=0, commitIndex=113} to 2
11:13:56.274 [raft-server-1] TRACE i.a.p.raft.roles.LeaderAppender - RaftServer{1} - Received AppendResponse{status=OK, term=1, succeeded=true, lastLogIndex=113} from 3
11:13:56.274 [raft-server-2] TRACE i.a.p.raft.roles.FollowerRole - RaftServer{2}{role=FOLLOWER} - Received AppendRequest{term=1, leader=1, prevLogIndex=113, prevLogTerm=1, entries=0, commitIndex=113}
11:13:56.274 [raft-server-1] TRACE i.a.p.raft.roles.LeaderAppender - RaftServer{1} - Sending AppendRequest{term=1, leader=1, prevLogIndex=113, prevLogTerm=1, entries=0, commitIndex=113} to 3
11:13:56.274 [raft-server-2] TRACE i.a.p.raft.roles.FollowerRole - RaftServer{2}{role=FOLLOWER} - Sending AppendResponse{status=OK, term=1, succeeded=true, lastLogIndex=113}
11:13:56.274 [raft-server-3] TRACE i.a.p.raft.roles.FollowerRole - RaftServer{3}{role=FOLLOWER} - Received AppendRequest{term=1, leader=1, prevLogIndex=113, prevLogTerm=1, entries=0, commitIndex=113}
11:13:56.275 [raft-server-3] TRACE i.a.p.raft.roles.FollowerRole - RaftServer{3}{role=FOLLOWER} - Sending AppendResponse{status=OK, term=1, succeeded=true, lastLogIndex=113}
11:13:56.275 [raft-server-1] TRACE i.a.p.raft.roles.LeaderAppender - RaftServer{1} - Received AppendResponse{status=OK, term=1, succeeded=true, lastLogIndex=113} from 2
11:13:56.275 [raft-server-1] TRACE i.a.p.raft.roles.LeaderAppender - RaftServer{1} - Sending AppendRequest{term=1, leader=1, prevLogIndex=113, prevLogTerm=1, entries=0, commitIndex=113} to 2
11:13:56.275 [raft-server-1] TRACE i.a.p.raft.roles.LeaderAppender - RaftServer{1} - Received AppendResponse{status=OK, term=1, succeeded=true, lastLogIndex=113} from 3
11:13:56.275 [raft-server-2] TRACE i.a.p.raft.roles.FollowerRole - RaftServer{2}{role=FOLLOWER} - Received AppendRequest{term=1, leader=1, prevLogIndex=113, prevLogTerm=1, entries=0, commitIndex=113}
11:13:56.275 [raft-server-1] TRACE i.a.p.raft.roles.LeaderAppender - RaftServer{1} - Sending AppendRequest{term=1, leader=1, prevLogIndex=113, prevLogTerm=1, entries=0, commitIndex=113} to 3
11:13:56.275 [raft-server-2] TRACE i.a.p.raft.roles.FollowerRole - RaftServer{2}{role=FOLLOWER} - Sending AppendResponse{status=OK, term=1, succeeded=true, lastLogIndex=113}
11:13:56.275 [raft-server-3] TRACE i.a.p.raft.roles.FollowerRole - RaftServer{3}{role=FOLLOWER} - Received AppendRequest{term=1, leader=1, prevLogIndex=113, prevLogTerm=1, entries=0, commitIndex=113}
11:13:56.275 [raft-server-3] TRACE i.a.p.raft.roles.FollowerRole - RaftServer{3}{role=FOLLOWER} - Sending AppendResponse{status=OK, term=1, succeeded=true, lastLogIndex=113}
11:13:56.275 [raft-server-1] TRACE i.a.p.raft.roles.LeaderAppender - RaftServer{1} - Received AppendResponse{status=OK, term=1, succeeded=true, lastLogIndex=113} from 2
11:13:56.275 [raft-server-1] TRACE i.a.p.raft.roles.LeaderAppender - RaftServer{1} - Received AppendResponse{status=OK, term=1, succeeded=true, lastLogIndex=113} from 3
11:13:56.524 [raft-server-1] TRACE i.a.p.raft.roles.LeaderAppender - RaftServer{1} - Sending AppendRequest{term=1, leader=1, prevLogIndex=113, prevLogTerm=1, entries=0, commitIndex=113} to 2
11:13:56.524 [raft-server-1] TRACE i.a.p.raft.roles.LeaderAppender - RaftServer{1} - Sending AppendRequest{term=1, leader=1, prevLogIndex=113, prevLogTerm=1, entries=0, commitIndex=113} to 3
11:13:56.524 [raft-server-3] TRACE i.a.p.raft.roles.FollowerRole - RaftServer{3}{role=FOLLOWER} - Received AppendRequest{term=1, leader=1, prevLogIndex=113, prevLogTerm=1, entries=0, commitIndex=113}
11:13:56.524 [raft-server-3] TRACE i.a.p.raft.roles.FollowerRole - RaftServer{3}{role=FOLLOWER} - Sending AppendResponse{status=OK, term=1, succeeded=true, lastLogIndex=113}
11:13:56.524 [raft-server-2] TRACE i.a.p.raft.roles.FollowerRole - RaftServer{2}{role=FOLLOWER} - Received AppendRequest{term=1, leader=1, prevLogIndex=113, prevLogTerm=1, entries=0, commitIndex=113}
11:13:56.524 [raft-server-1] TRACE i.a.p.raft.roles.LeaderAppender - RaftServer{1} - Received AppendResponse{status=OK, term=1, succeeded=true, lastLogIndex=113} from 3
11:13:56.524 [raft-server-2] TRACE i.a.p.raft.roles.FollowerRole - RaftServer{2}{role=FOLLOWER} - Sending AppendResponse{status=OK, term=1, succeeded=true, lastLogIndex=113}
11:13:56.524 [raft-server-1] TRACE i.a.p.raft.roles.LeaderAppender - RaftServer{1} - Sending AppendRequest{term=1, leader=1, prevLogIndex=113, prevLogTerm=1, entries=0, commitIndex=113} to 3
11:13:56.524 [raft-server-1] TRACE i.a.p.raft.roles.LeaderAppender - RaftServer{1} - Received AppendResponse{status=OK, term=1, succeeded=true, lastLogIndex=113} from 2
11:13:56.524 [raft-server-3] TRACE i.a.p.raft.roles.FollowerRole - RaftServer{3}{role=FOLLOWER} - Received AppendRequest{term=1, leader=1, prevLogIndex=113, prevLogTerm=1, entries=0, commitIndex=113}
11:13:56.524 [raft-server-1] TRACE i.a.p.raft.roles.LeaderAppender - RaftServer{1} - Sending AppendRequest{term=1, leader=1, prevLogIndex=113, prevLogTerm=1, entries=0, commitIndex=113} to 2
11:13:56.524 [raft-server-3] TRACE i.a.p.raft.roles.FollowerRole - RaftServer{3}{role=FOLLOWER} - Sending AppendResponse{status=OK, term=1, succeeded=true, lastLogIndex=113}
11:13:56.525 [raft-server-1] TRACE i.a.p.raft.roles.LeaderAppender - RaftServer{1} - Received AppendResponse{status=OK, term=1, succeeded=true, lastLogIndex=113} from 3
11:13:56.525 [raft-server-2] TRACE i.a.p.raft.roles.FollowerRole - RaftServer{2}{role=FOLLOWER} - Received AppendRequest{term=1, leader=1, prevLogIndex=113, prevLogTerm=1, entries=0, commitIndex=113}
11:13:56.525 [raft-server-1] TRACE i.a.p.raft.roles.LeaderAppender - RaftServer{1} - Sending AppendRequest{term=1, leader=1, prevLogIndex=113, prevLogTerm=1, entries=0, commitIndex=113} to 3
11:13:56.525 [raft-server-2] TRACE i.a.p.raft.roles.FollowerRole - RaftServer{2}{role=FOLLOWER} - Sending AppendResponse{status=OK, term=1, succeeded=true, lastLogIndex=113}
11:13:56.525 [raft-server-3] TRACE i.a.p.raft.roles.FollowerRole - RaftServer{3}{role=FOLLOWER} - Received AppendRequest{term=1, leader=1, prevLogIndex=113, prevLogTerm=1, entries=0, commitIndex=113}
11:13:56.525 [raft-server-1] TRACE i.a.p.raft.roles.LeaderAppender - RaftServer{1} - Received AppendResponse{status=OK, term=1, succeeded=true, lastLogIndex=113} from 2
11:13:56.525 [raft-server-3] TRACE i.a.p.raft.roles.FollowerRole - RaftServer{3}{role=FOLLOWER} - Sending AppendResponse{status=OK, term=1, succeeded=true, lastLogIndex=113}
11:13:56.525 [raft-server-1] TRACE i.a.p.raft.roles.LeaderAppender - RaftServer{1} - Sending AppendRequest{term=1, leader=1, prevLogIndex=113, prevLogTerm=1, entries=0, commitIndex=113} to 2
11:13:56.525 [raft-server-1] TRACE i.a.p.raft.roles.LeaderAppender - RaftServer{1} - Received AppendResponse{status=OK, term=1, succeeded=true, lastLogIndex=113} from 3
11:13:56.525 [raft-server-2] TRACE i.a.p.raft.roles.FollowerRole - RaftServer{2}{role=FOLLOWER} - Received AppendRequest{term=1, leader=1, prevLogIndex=113, prevLogTerm=1, entries=0, commitIndex=113}
11:13:56.525 [raft-server-2] TRACE i.a.p.raft.roles.FollowerRole - RaftServer{2}{role=FOLLOWER} - Sending AppendResponse{status=OK, term=1, succeeded=true, lastLogIndex=113}
11:13:56.525 [raft-server-1] TRACE i.a.p.raft.roles.LeaderAppender - RaftServer{1} - Received AppendResponse{status=OK, term=1, succeeded=true, lastLogIndex=113} from 2
11:13:56.774 [raft-server-1] TRACE i.a.p.raft.roles.LeaderAppender - RaftServer{1} - Sending AppendRequest{term=1, leader=1, prevLogIndex=113, prevLogTerm=1, entries=0, commitIndex=113} to 2
11:13:56.774 [raft-server-2] TRACE i.a.p.raft.roles.FollowerRole - RaftServer{2}{role=FOLLOWER} - Received AppendRequest{term=1, leader=1, prevLogIndex=113, prevLogTerm=1, entries=0, commitIndex=113}
11:13:56.774 [raft-server-1] TRACE i.a.p.raft.roles.LeaderAppender - RaftServer{1} - Sending AppendRequest{term=1, leader=1, prevLogIndex=113, prevLogTerm=1, entries=0, commitIndex=113} to 3
11:13:56.774 [raft-server-2] TRACE i.a.p.raft.roles.FollowerRole - RaftServer{2}{role=FOLLOWER} - Sending AppendResponse{status=OK, term=1, succeeded=true, lastLogIndex=113}
11:13:56.774 [raft-server-3] TRACE i.a.p.raft.roles.FollowerRole - RaftServer{3}{role=FOLLOWER} - Received AppendRequest{term=1, leader=1, prevLogIndex=113, prevLogTerm=1, entries=0, commitIndex=113}
11:13:56.774 [raft-server-1] TRACE i.a.p.raft.roles.LeaderAppender - RaftServer{1} - Received AppendResponse{status=OK, term=1, succeeded=true, lastLogIndex=113} from 2
11:13:56.774 [raft-server-3] TRACE i.a.p.raft.roles.FollowerRole - RaftServer{3}{role=FOLLOWER} - Sending AppendResponse{status=OK, term=1, succeeded=true, lastLogIndex=113}
11:13:56.774 [raft-server-1] TRACE i.a.p.raft.roles.LeaderAppender - RaftServer{1} - Sending AppendRequest{term=1, leader=1, prevLogIndex=113, prevLogTerm=1, entries=0, commitIndex=113} to 2
11:13:56.774 [raft-server-2] TRACE i.a.p.raft.roles.FollowerRole - RaftServer{2}{role=FOLLOWER} - Received AppendRequest{term=1, leader=1, prevLogIndex=113, prevLogTerm=1, entries=0, commitIndex=113}
11:13:56.774 [raft-server-1] TRACE i.a.p.raft.roles.LeaderAppender - RaftServer{1} - Received AppendResponse{status=OK, term=1, succeeded=true, lastLogIndex=113} from 3
11:13:56.774 [raft-server-2] TRACE i.a.p.raft.roles.FollowerRole - RaftServer{2}{role=FOLLOWER} - Sending AppendResponse{status=OK, term=1, succeeded=true, lastLogIndex=113}
11:13:56.774 [raft-server-1] TRACE i.a.p.raft.roles.LeaderAppender - RaftServer{1} - Sending AppendRequest{term=1, leader=1, prevLogIndex=113, prevLogTerm=1, entries=0, commitIndex=113} to 3
11:13:56.775 [raft-server-1] TRACE i.a.p.raft.roles.LeaderAppender - RaftServer{1} - Received AppendResponse{status=OK, term=1, succeeded=true, lastLogIndex=113} from 2
11:13:56.775 [raft-server-3] TRACE i.a.p.raft.roles.FollowerRole - RaftServer{3}{role=FOLLOWER} - Received AppendRequest{term=1, leader=1, prevLogIndex=113, prevLogTerm=1, entries=0, commitIndex=113}
11:13:56.775 [raft-server-3] TRACE i.a.p.raft.roles.FollowerRole - RaftServer{3}{role=FOLLOWER} - Sending AppendResponse{status=OK, term=1, succeeded=true, lastLogIndex=113}
11:13:56.775 [raft-server-1] TRACE i.a.p.raft.roles.LeaderAppender - RaftServer{1} - Sending AppendRequest{term=1, leader=1, prevLogIndex=113, prevLogTerm=1, entries=0, commitIndex=113} to 2
11:13:56.775 [raft-server-2] TRACE i.a.p.raft.roles.FollowerRole - RaftServer{2}{role=FOLLOWER} - Received AppendRequest{term=1, leader=1, prevLogIndex=113, prevLogTerm=1, entries=0, commitIndex=113}
11:13:56.775 [raft-server-1] TRACE i.a.p.raft.roles.LeaderAppender - RaftServer{1} - Received AppendResponse{status=OK, term=1, succeeded=true, lastLogIndex=113} from 3
11:13:56.775 [raft-server-2] TRACE i.a.p.raft.roles.FollowerRole - RaftServer{2}{role=FOLLOWER} - Sending AppendResponse{status=OK, term=1, succeeded=true, lastLogIndex=113}
11:13:56.775 [raft-server-1] TRACE i.a.p.raft.roles.LeaderAppender - RaftServer{1} - Sending AppendRequest{term=1, leader=1, prevLogIndex=113, prevLogTerm=1, entries=0, commitIndex=113} to 3
11:13:56.775 [raft-server-3] TRACE i.a.p.raft.roles.FollowerRole - RaftServer{3}{role=FOLLOWER} - Received AppendRequest{term=1, leader=1, prevLogIndex=113, prevLogTerm=1, entries=0, commitIndex=113}
11:13:56.775 [raft-server-1] TRACE i.a.p.raft.roles.LeaderAppender - RaftServer{1} - Received AppendResponse{status=OK, term=1, succeeded=true, lastLogIndex=113} from 2
11:13:56.775 [raft-server-3] TRACE i.a.p.raft.roles.FollowerRole - RaftServer{3}{role=FOLLOWER} - Sending AppendResponse{status=OK, term=1, succeeded=true, lastLogIndex=113}
11:13:56.775 [raft-server-1] TRACE i.a.p.raft.roles.LeaderAppender - RaftServer{1} - Received AppendResponse{status=OK, term=1, succeeded=true, lastLogIndex=113} from 3
11:13:57.024 [raft-server-1] TRACE i.a.p.raft.roles.LeaderAppender - RaftServer{1} - Sending AppendRequest{term=1, leader=1, prevLogIndex=113, prevLogTerm=1, entries=0, commitIndex=113} to 2
11:13:57.024 [raft-server-2] TRACE i.a.p.raft.roles.FollowerRole - RaftServer{2}{role=FOLLOWER} - Received AppendRequest{term=1, leader=1, prevLogIndex=113, prevLogTerm=1, entries=0, commitIndex=113}
11:13:57.024 [raft-server-2] TRACE i.a.p.raft.roles.FollowerRole - RaftServer{2}{role=FOLLOWER} - Sending AppendResponse{status=OK, term=1, succeeded=true, lastLogIndex=113}
11:13:57.024 [raft-server-1] TRACE i.a.p.raft.roles.LeaderAppender - RaftServer{1} - Sending AppendRequest{term=1, leader=1, prevLogIndex=113, prevLogTerm=1, entries=0, commitIndex=113} to 3
11:13:57.024 [raft-server-3] TRACE i.a.p.raft.roles.FollowerRole - RaftServer{3}{role=FOLLOWER} - Received AppendRequest{term=1, leader=1, prevLogIndex=113, prevLogTerm=1, entries=0, commitIndex=113}
11:13:57.024 [raft-server-1] TRACE i.a.p.raft.roles.LeaderAppender - RaftServer{1} - Received AppendResponse{status=OK, term=1, succeeded=true, lastLogIndex=113} from 2
11:13:57.024 [raft-server-3] TRACE i.a.p.raft.roles.FollowerRole - RaftServer{3}{role=FOLLOWER} - Sending AppendResponse{status=OK, term=1, succeeded=true, lastLogIndex=113}
11:13:57.024 [raft-server-1] TRACE i.a.p.raft.roles.LeaderAppender - RaftServer{1} - Sending AppendRequest{term=1, leader=1, prevLogIndex=113, prevLogTerm=1, entries=0, commitIndex=113} to 2
11:13:57.024 [raft-server-2] TRACE i.a.p.raft.roles.FollowerRole - RaftServer{2}{role=FOLLOWER} - Received AppendRequest{term=1, leader=1, prevLogIndex=113, prevLogTerm=1, entries=0, commitIndex=113}
11:13:57.024 [raft-server-1] TRACE i.a.p.raft.roles.LeaderAppender - RaftServer{1} - Received AppendResponse{status=OK, term=1, succeeded=true, lastLogIndex=113} from 3
11:13:57.024 [raft-server-2] TRACE i.a.p.raft.roles.FollowerRole - RaftServer{2}{role=FOLLOWER} - Sending AppendResponse{status=OK, term=1, succeeded=true, lastLogIndex=113}
11:13:57.024 [raft-server-1] TRACE i.a.p.raft.roles.LeaderAppender - RaftServer{1} - Sending AppendRequest{term=1, leader=1, prevLogIndex=113, prevLogTerm=1, entries=0, commitIndex=113} to 3
11:13:57.025 [raft-server-1] TRACE i.a.p.raft.roles.LeaderAppender - RaftServer{1} - Received AppendResponse{status=OK, term=1, succeeded=true, lastLogIndex=113} from 2
11:13:57.025 [raft-server-3] TRACE i.a.p.raft.roles.FollowerRole - RaftServer{3}{role=FOLLOWER} - Received AppendRequest{term=1, leader=1, prevLogIndex=113, prevLogTerm=1, entries=0, commitIndex=113}
11:13:57.025 [raft-server-3] TRACE i.a.p.raft.roles.FollowerRole - RaftServer{3}{role=FOLLOWER} - Sending AppendResponse{status=OK, term=1, succeeded=true, lastLogIndex=113}
11:13:57.025 [raft-server-1] TRACE i.a.p.raft.roles.LeaderAppender - RaftServer{1} - Sending AppendRequest{term=1, leader=1, prevLogIndex=113, prevLogTerm=1, entries=0, commitIndex=113} to 2
11:13:57.025 [raft-server-1] TRACE i.a.p.raft.roles.LeaderAppender - RaftServer{1} - Received AppendResponse{status=OK, term=1, succeeded=true, lastLogIndex=113} from 3
11:13:57.025 [raft-server-2] TRACE i.a.p.raft.roles.FollowerRole - RaftServer{2}{role=FOLLOWER} - Received AppendRequest{term=1, leader=1, prevLogIndex=113, prevLogTerm=1, entries=0, commitIndex=113}
11:13:57.025 [raft-server-2] TRACE i.a.p.raft.roles.FollowerRole - RaftServer{2}{role=FOLLOWER} - Sending AppendResponse{status=OK, term=1, succeeded=true, lastLogIndex=113}
11:13:57.025 [raft-server-1] TRACE i.a.p.raft.roles.LeaderAppender - RaftServer{1} - Sending AppendRequest{term=1, leader=1, prevLogIndex=113, prevLogTerm=1, entries=0, commitIndex=113} to 3
11:13:57.025 [raft-server-1] TRACE i.a.p.raft.roles.LeaderAppender - RaftServer{1} - Received AppendResponse{status=OK, term=1, succeeded=true, lastLogIndex=113} from 2
11:13:57.025 [raft-server-3] TRACE i.a.p.raft.roles.FollowerRole - RaftServer{3}{role=FOLLOWER} - Received AppendRequest{term=1, leader=1, prevLogIndex=113, prevLogTerm=1, entries=0, commitIndex=113}
11:13:57.025 [raft-server-3] TRACE i.a.p.raft.roles.FollowerRole - RaftServer{3}{role=FOLLOWER} - Sending AppendResponse{status=OK, term=1, succeeded=true, lastLogIndex=113}
11:13:57.025 [raft-server-1] TRACE i.a.p.raft.roles.LeaderAppender - RaftServer{1} - Received AppendResponse{status=OK, term=1, succeeded=true, lastLogIndex=113} from 3
11:13:57.274 [raft-server-1] TRACE i.a.p.raft.roles.LeaderAppender - RaftServer{1} - Sending AppendRequest{term=1, leader=1, prevLogIndex=113, prevLogTerm=1, entries=0, commitIndex=113} to 2
11:13:57.274 [raft-server-1] TRACE i.a.p.raft.roles.LeaderAppender - RaftServer{1} - Sending AppendRequest{term=1, leader=1, prevLogIndex=113, prevLogTerm=1, entries=0, commitIndex=113} to 3
11:13:57.274 [raft-server-2] TRACE i.a.p.raft.roles.FollowerRole - RaftServer{2}{role=FOLLOWER} - Received AppendRequest{term=1, leader=1, prevLogIndex=113, prevLogTerm=1, entries=0, commitIndex=113}
11:13:57.274 [raft-server-3] TRACE i.a.p.raft.roles.FollowerRole - RaftServer{3}{role=FOLLOWER} - Received AppendRequest{term=1, leader=1, prevLogIndex=113, prevLogTerm=1, entries=0, commitIndex=113}
11:13:57.274 [raft-server-2] TRACE i.a.p.raft.roles.FollowerRole - RaftServer{2}{role=FOLLOWER} - Sending AppendResponse{status=OK, term=1, succeeded=true, lastLogIndex=113}
11:13:57.274 [raft-server-3] TRACE i.a.p.raft.roles.FollowerRole - RaftServer{3}{role=FOLLOWER} - Sending AppendResponse{status=OK, term=1, succeeded=true, lastLogIndex=113}
11:13:57.274 [raft-server-1] TRACE i.a.p.raft.roles.LeaderAppender - RaftServer{1} - Received AppendResponse{status=OK, term=1, succeeded=true, lastLogIndex=113} from 2
11:13:57.274 [raft-server-1] TRACE i.a.p.raft.roles.LeaderAppender - RaftServer{1} - Sending AppendRequest{term=1, leader=1, prevLogIndex=113, prevLogTerm=1, entries=0, commitIndex=113} to 2
11:13:57.274 [raft-server-1] TRACE i.a.p.raft.roles.LeaderAppender - RaftServer{1} - Received AppendResponse{status=OK, term=1, succeeded=true, lastLogIndex=113} from 3
11:13:57.274 [raft-server-2] TRACE i.a.p.raft.roles.FollowerRole - RaftServer{2}{role=FOLLOWER} - Received AppendRequest{term=1, leader=1, prevLogIndex=113, prevLogTerm=1, entries=0, commitIndex=113}
11:13:57.274 [raft-server-1] TRACE i.a.p.raft.roles.LeaderAppender - RaftServer{1} - Sending AppendRequest{term=1, leader=1, prevLogIndex=113, prevLogTerm=1, entries=0, commitIndex=113} to 3
11:13:57.274 [raft-server-2] TRACE i.a.p.raft.roles.FollowerRole - RaftServer{2}{role=FOLLOWER} - Sending AppendResponse{status=OK, term=1, succeeded=true, lastLogIndex=113}
11:13:57.274 [raft-server-3] TRACE i.a.p.raft.roles.FollowerRole - RaftServer{3}{role=FOLLOWER} - Received AppendRequest{term=1, leader=1, prevLogIndex=113, prevLogTerm=1, entries=0, commitIndex=113}
11:13:57.275 [raft-server-1] TRACE i.a.p.raft.roles.LeaderAppender - RaftServer{1} - Received AppendResponse{status=OK, term=1, succeeded=true, lastLogIndex=113} from 2
11:13:57.275 [raft-server-3] TRACE i.a.p.raft.roles.FollowerRole - RaftServer{3}{role=FOLLOWER} - Sending AppendResponse{status=OK, term=1, succeeded=true, lastLogIndex=113}
11:13:57.275 [raft-server-1] TRACE i.a.p.raft.roles.LeaderAppender - RaftServer{1} - Sending AppendRequest{term=1, leader=1, prevLogIndex=113, prevLogTerm=1, entries=0, commitIndex=113} to 2
11:13:57.275 [raft-server-1] TRACE i.a.p.raft.roles.LeaderAppender - RaftServer{1} - Received AppendResponse{status=OK, term=1, succeeded=true, lastLogIndex=113} from 3
11:13:57.275 [raft-server-2] TRACE i.a.p.raft.roles.FollowerRole - RaftServer{2}{role=FOLLOWER} - Received AppendRequest{term=1, leader=1, prevLogIndex=113, prevLogTerm=1, entries=0, commitIndex=113}
11:13:57.275 [raft-server-1] TRACE i.a.p.raft.roles.LeaderAppender - RaftServer{1} - Sending AppendRequest{term=1, leader=1, prevLogIndex=113, prevLogTerm=1, entries=0, commitIndex=113} to 3
11:13:57.275 [raft-server-2] TRACE i.a.p.raft.roles.FollowerRole - RaftServer{2}{role=FOLLOWER} - Sending AppendResponse{status=OK, term=1, succeeded=true, lastLogIndex=113}
11:13:57.275 [raft-server-3] TRACE i.a.p.raft.roles.FollowerRole - RaftServer{3}{role=FOLLOWER} - Received AppendRequest{term=1, leader=1, prevLogIndex=113, prevLogTerm=1, entries=0, commitIndex=113}
11:13:57.275 [raft-server-3] TRACE i.a.p.raft.roles.FollowerRole - RaftServer{3}{role=FOLLOWER} - Sending AppendResponse{status=OK, term=1, succeeded=true, lastLogIndex=113}
11:13:57.275 [raft-server-1] TRACE i.a.p.raft.roles.LeaderAppender - RaftServer{1} - Received AppendResponse{status=OK, term=1, succeeded=true, lastLogIndex=113} from 2
11:13:57.275 [raft-server-1] TRACE i.a.p.raft.roles.LeaderAppender - RaftServer{1} - Received AppendResponse{status=OK, term=1, succeeded=true, lastLogIndex=113} from 3
11:13:57.327 [raft-server-1] INFO  i.a.protocols.raft.impl.RaftContext - RaftServer{1} - Transitioning to INACTIVE
11:13:57.328 [raft-server-1] TRACE i.a.protocols.raft.roles.LeaderRole - RaftServer{1}{role=LEADER} - Cancelling append timer
11:13:57.328 [raft-server-1] TRACE i.a.p.raft.storage.system.MetaStore - Store vote null
11:13:57.354 [ForkJoinPool.commonPool-worker-2] DEBUG i.a.storage.journal.SegmentedJournal - Closing segment: JournalSegment{id=10, version=1, index=91, size=584}
11:13:57.355 [ForkJoinPool.commonPool-worker-2] DEBUG i.a.storage.journal.SegmentedJournal - Closing segment: JournalSegment{id=11, version=1, index=101, size=509}
11:13:57.355 [ForkJoinPool.commonPool-worker-2] DEBUG i.a.storage.journal.SegmentedJournal - Closing segment: JournalSegment{id=12, version=1, index=111, size=145}
11:13:57.363 [main] DEBUG i.a.storage.journal.SegmentedJournal - Loaded disk segment: 10 (atomix-10.log)
11:13:57.363 [main] DEBUG i.a.storage.journal.SegmentedJournal - Found segment: 10 (atomix-10.log)
11:13:57.365 [main] DEBUG i.a.storage.journal.SegmentedJournal - Loaded disk segment: 11 (atomix-11.log)
11:13:57.365 [main] DEBUG i.a.storage.journal.SegmentedJournal - Found segment: 11 (atomix-11.log)
11:13:57.366 [main] DEBUG i.a.storage.journal.SegmentedJournal - Loaded disk segment: 12 (atomix-12.log)
11:13:57.366 [main] DEBUG i.a.storage.journal.SegmentedJournal - Found segment: 12 (atomix-12.log)
11:13:57.366 [main] DEBUG i.a.p.r.s.snapshot.SnapshotStore - Loaded disk snapshot: 91 (atomix-91.snapshot)
11:13:57.367 [main] DEBUG i.a.p.r.s.snapshot.SnapshotStore - Deleting partial snapshot: 111 (atomix-111.snapshot)
11:13:57.369 [raft-server-1] INFO  i.a.protocols.raft.impl.RaftContext - RaftServer{1} - Transitioning to FOLLOWER
11:13:57.369 [raft-server-1] DEBUG i.a.p.r.c.impl.RaftClusterContext - RaftServer{1} - Attempting to join via 2
11:13:57.369 [raft-server-2] TRACE i.a.p.raft.roles.FollowerRole - RaftServer{2}{role=FOLLOWER} - Received JoinRequest{member=DefaultRaftMember{id=1, type=ACTIVE, updated=2018-05-30T09:13:57.367Z}}
11:13:57.369 [raft-server-1] TRACE i.a.p.raft.roles.FollowerRole - RaftServer{1}{role=FOLLOWER} - Received JoinRequest{member=DefaultRaftMember{id=1, type=ACTIVE, updated=2018-05-30T09:13:57.367Z}}
11:13:57.370 [raft-server-1] TRACE i.a.p.raft.roles.FollowerRole - RaftServer{1}{role=FOLLOWER} - Sending JoinResponse{status=ERROR, error=RaftError{type=NO_LEADER, message=null}}
11:13:57.370 [raft-server-2] TRACE i.a.p.raft.roles.FollowerRole - RaftServer{2}{role=FOLLOWER} - Sending JoinResponse{status=ERROR, error=RaftError{type=NO_LEADER, message=null}}
11:13:57.370 [raft-server-1] TRACE i.a.p.r.c.impl.RaftClusterContext - RaftServer{1} - Cancelling join timeout
11:13:57.370 [raft-server-1] DEBUG i.a.p.r.c.impl.RaftClusterContext - RaftServer{1} - Failed to join 2
11:13:57.370 [raft-server-1] DEBUG i.a.p.r.c.impl.RaftClusterContext - RaftServer{1} - Attempting to join via 3
11:13:57.370 [raft-server-3] TRACE i.a.p.raft.roles.FollowerRole - RaftServer{3}{role=FOLLOWER} - Received JoinRequest{member=DefaultRaftMember{id=1, type=ACTIVE, updated=2018-05-30T09:13:57.367Z}}
11:13:57.370 [raft-server-1] TRACE i.a.p.raft.roles.FollowerRole - RaftServer{1}{role=FOLLOWER} - Received JoinRequest{member=DefaultRaftMember{id=1, type=ACTIVE, updated=2018-05-30T09:13:57.367Z}}
11:13:57.370 [raft-server-1] TRACE i.a.p.raft.roles.FollowerRole - RaftServer{1}{role=FOLLOWER} - Sending JoinResponse{status=ERROR, error=RaftError{type=NO_LEADER, message=null}}
11:13:57.370 [raft-server-3] TRACE i.a.p.raft.roles.FollowerRole - RaftServer{3}{role=FOLLOWER} - Sending JoinResponse{status=ERROR, error=RaftError{type=NO_LEADER, message=null}}
11:13:57.370 [raft-server-1] TRACE i.a.p.r.c.impl.RaftClusterContext - RaftServer{1} - Cancelling join timeout
11:13:57.370 [raft-server-1] DEBUG i.a.p.r.c.impl.RaftClusterContext - RaftServer{1} - Failed to join 3
11:13:57.370 [raft-server-1] DEBUG i.a.p.r.c.impl.RaftClusterContext - RaftServer{1} - Failed to join cluster, retrying...
11:13:57.468 [raft-client-a5a0def7-e1df-4503-b1c6-00519ae66cf7-0] TRACE i.a.p.r.proxy.impl.RaftProxyManager - RaftClient{a5a0def7-e1df-4503-b1c6-00519ae66cf7} - Keeping 1 sessions alive
11:13:57.468 [raft-client-a5a0def7-e1df-4503-b1c6-00519ae66cf7-0] TRACE i.a.p.r.p.impl.RaftProxyConnection - RaftClient{a5a0def7-e1df-4503-b1c6-00519ae66cf7} - Sending KeepAliveRequest{sessionIds=long[]{length=1, hash=33}, commandSequences=long[]{length=1, hash=131}, eventIndexes=long[]{length=1, hash=33}} to 1
11:13:57.468 [raft-server-1] TRACE i.a.p.raft.roles.FollowerRole - RaftServer{1}{role=FOLLOWER} - Received KeepAliveRequest{sessionIds=long[]{length=1, hash=33}, commandSequences=long[]{length=1, hash=131}, eventIndexes=long[]{length=1, hash=33}}
11:13:57.469 [raft-server-1] TRACE i.a.p.raft.roles.FollowerRole - RaftServer{1}{role=FOLLOWER} - Sending KeepAliveResponse{status=ERROR, error=RaftError{type=NO_LEADER, message=null}}
11:13:57.469 [raft-client-a5a0def7-e1df-4503-b1c6-00519ae66cf7-7] TRACE i.a.p.r.p.impl.RaftProxyConnection - RaftClient{a5a0def7-e1df-4503-b1c6-00519ae66cf7} - Received KeepAliveResponse{status=ERROR, error=RaftError{type=NO_LEADER, message=null}} from 1
11:13:57.469 [raft-client-a5a0def7-e1df-4503-b1c6-00519ae66cf7-7] TRACE i.a.p.r.p.impl.RaftProxyConnection - RaftClient{a5a0def7-e1df-4503-b1c6-00519ae66cf7} - Resetting connection. Reason: Failed to locate leader
11:13:57.469 [raft-client-a5a0def7-e1df-4503-b1c6-00519ae66cf7-7] TRACE i.a.p.r.p.impl.RaftProxyConnection - RaftClient{a5a0def7-e1df-4503-b1c6-00519ae66cf7} - Sending KeepAliveRequest{sessionIds=long[]{length=1, hash=33}, commandSequences=long[]{length=1, hash=131}, eventIndexes=long[]{length=1, hash=33}} to 1
11:13:57.469 [raft-server-1] TRACE i.a.p.raft.roles.FollowerRole - RaftServer{1}{role=FOLLOWER} - Received KeepAliveRequest{sessionIds=long[]{length=1, hash=33}, commandSequences=long[]{length=1, hash=131}, eventIndexes=long[]{length=1, hash=33}}
11:13:57.469 [raft-server-1] TRACE i.a.p.raft.roles.FollowerRole - RaftServer{1}{role=FOLLOWER} - Sending KeepAliveResponse{status=ERROR, error=RaftError{type=NO_LEADER, message=null}}
11:13:57.469 [raft-client-a5a0def7-e1df-4503-b1c6-00519ae66cf7-4] TRACE i.a.p.r.p.impl.RaftProxyConnection - RaftClient{a5a0def7-e1df-4503-b1c6-00519ae66cf7} - Received KeepAliveResponse{status=ERROR, error=RaftError{type=NO_LEADER, message=null}} from 1
11:13:57.469 [raft-client-a5a0def7-e1df-4503-b1c6-00519ae66cf7-4] TRACE i.a.p.r.p.impl.RaftProxyConnection - RaftClient{a5a0def7-e1df-4503-b1c6-00519ae66cf7} - Resetting connection. Reason: Failed to locate leader
11:13:57.469 [raft-client-a5a0def7-e1df-4503-b1c6-00519ae66cf7-4] TRACE i.a.p.r.p.impl.RaftProxyConnection - RaftClient{a5a0def7-e1df-4503-b1c6-00519ae66cf7} - Sending KeepAliveRequest{sessionIds=long[]{length=1, hash=33}, commandSequences=long[]{length=1, hash=131}, eventIndexes=long[]{length=1, hash=33}} to 2
11:13:57.469 [raft-server-2] TRACE i.a.p.raft.roles.FollowerRole - RaftServer{2}{role=FOLLOWER} - Received KeepAliveRequest{sessionIds=long[]{length=1, hash=33}, commandSequences=long[]{length=1, hash=131}, eventIndexes=long[]{length=1, hash=33}}
11:13:57.470 [raft-server-1] TRACE i.a.p.raft.roles.FollowerRole - RaftServer{1}{role=FOLLOWER} - Received KeepAliveRequest{sessionIds=long[]{length=1, hash=33}, commandSequences=long[]{length=1, hash=131}, eventIndexes=long[]{length=1, hash=33}}
11:13:57.470 [raft-server-1] TRACE i.a.p.raft.roles.FollowerRole - RaftServer{1}{role=FOLLOWER} - Sending KeepAliveResponse{status=ERROR, error=RaftError{type=NO_LEADER, message=null}}
11:13:57.470 [raft-server-2] TRACE i.a.p.raft.roles.FollowerRole - RaftServer{2}{role=FOLLOWER} - Sending KeepAliveResponse{status=ERROR, error=RaftError{type=NO_LEADER, message=null}}
11:13:57.470 [raft-client-a5a0def7-e1df-4503-b1c6-00519ae66cf7-6] TRACE i.a.p.r.p.impl.RaftProxyConnection - RaftClient{a5a0def7-e1df-4503-b1c6-00519ae66cf7} - Received KeepAliveResponse{status=ERROR, error=RaftError{type=NO_LEADER, message=null}} from 2
11:13:57.470 [raft-client-a5a0def7-e1df-4503-b1c6-00519ae66cf7-6] TRACE i.a.p.r.p.impl.RaftProxyConnection - RaftClient{a5a0def7-e1df-4503-b1c6-00519ae66cf7} - Resetting connection. Reason: Failed to locate leader
11:13:57.470 [raft-client-a5a0def7-e1df-4503-b1c6-00519ae66cf7-6] TRACE i.a.p.r.p.impl.RaftProxyConnection - RaftClient{a5a0def7-e1df-4503-b1c6-00519ae66cf7} - Sending KeepAliveRequest{sessionIds=long[]{length=1, hash=33}, commandSequences=long[]{length=1, hash=131}, eventIndexes=long[]{length=1, hash=33}} to 3
11:13:57.470 [raft-server-3] TRACE i.a.p.raft.roles.FollowerRole - RaftServer{3}{role=FOLLOWER} - Received KeepAliveRequest{sessionIds=long[]{length=1, hash=33}, commandSequences=long[]{length=1, hash=131}, eventIndexes=long[]{length=1, hash=33}}
11:13:57.470 [raft-server-1] TRACE i.a.p.raft.roles.FollowerRole - RaftServer{1}{role=FOLLOWER} - Received KeepAliveRequest{sessionIds=long[]{length=1, hash=33}, commandSequences=long[]{length=1, hash=131}, eventIndexes=long[]{length=1, hash=33}}
11:13:57.470 [raft-server-1] TRACE i.a.p.raft.roles.FollowerRole - RaftServer{1}{role=FOLLOWER} - Sending KeepAliveResponse{status=ERROR, error=RaftError{type=NO_LEADER, message=null}}
11:13:57.470 [raft-server-3] TRACE i.a.p.raft.roles.FollowerRole - RaftServer{3}{role=FOLLOWER} - Sending KeepAliveResponse{status=ERROR, error=RaftError{type=NO_LEADER, message=null}}
11:13:57.470 [raft-client-a5a0def7-e1df-4503-b1c6-00519ae66cf7-1] TRACE i.a.p.r.p.impl.RaftProxyConnection - RaftClient{a5a0def7-e1df-4503-b1c6-00519ae66cf7} - Received KeepAliveResponse{status=ERROR, error=RaftError{type=NO_LEADER, message=null}} from 3
11:13:57.470 [raft-client-a5a0def7-e1df-4503-b1c6-00519ae66cf7-1] TRACE i.a.p.r.p.impl.RaftProxyConnection - RaftClient{a5a0def7-e1df-4503-b1c6-00519ae66cf7} - Resetting connection. Reason: Failed to locate leader
11:13:57.470 [raft-client-a5a0def7-e1df-4503-b1c6-00519ae66cf7-1] TRACE i.a.p.r.p.impl.RaftProxyConnection - RaftClient{a5a0def7-e1df-4503-b1c6-00519ae66cf7} - Sending KeepAliveRequest{sessionIds=long[]{length=1, hash=33}, commandSequences=long[]{length=1, hash=131}, eventIndexes=long[]{length=1, hash=33}} to 1
11:13:57.470 [raft-server-1] TRACE i.a.p.raft.roles.FollowerRole - RaftServer{1}{role=FOLLOWER} - Received KeepAliveRequest{sessionIds=long[]{length=1, hash=33}, commandSequences=long[]{length=1, hash=131}, eventIndexes=long[]{length=1, hash=33}}
11:13:57.470 [raft-server-1] TRACE i.a.p.raft.roles.FollowerRole - RaftServer{1}{role=FOLLOWER} - Sending KeepAliveResponse{status=ERROR, error=RaftError{type=NO_LEADER, message=null}}
11:13:57.470 [raft-client-a5a0def7-e1df-4503-b1c6-00519ae66cf7-3] TRACE i.a.p.r.p.impl.RaftProxyConnection - RaftClient{a5a0def7-e1df-4503-b1c6-00519ae66cf7} - Received KeepAliveResponse{status=ERROR, error=RaftError{type=NO_LEADER, message=null}} from 1
11:13:57.471 [raft-client-a5a0def7-e1df-4503-b1c6-00519ae66cf7-3] TRACE i.a.p.r.p.impl.RaftProxyConnection - RaftClient{a5a0def7-e1df-4503-b1c6-00519ae66cf7} - Resetting connection. Reason: Failed to locate leader
11:13:57.471 [raft-client-a5a0def7-e1df-4503-b1c6-00519ae66cf7-3] DEBUG i.a.p.r.p.impl.RaftProxyConnection - RaftClient{a5a0def7-e1df-4503-b1c6-00519ae66cf7} - Failed to connect to the cluster
11:13:57.471 [raft-client-a5a0def7-e1df-4503-b1c6-00519ae66cf7-3] DEBUG i.a.p.p.i.RecoveringPartitionProxy - PartitionProxy{2}{type=PrimitiveType{name=test}, name=test} - State changed: SUSPENDED
11:13:58.350 [raft-server-1] DEBUG i.a.p.raft.roles.FollowerRole - RaftServer{1}{role=FOLLOWER} - Heartbeat timed out in PT0.981S
11:13:58.351 [raft-server-1] DEBUG i.a.p.raft.roles.FollowerRole - RaftServer{1}{role=FOLLOWER} - Polling members [DefaultRaftMember{id=2, type=ACTIVE, updated=2018-05-30T09:13:30.744Z}, DefaultRaftMember{id=3, type=ACTIVE, updated=2018-05-30T09:13:30.744Z}]
11:13:58.351 [raft-server-1] DEBUG i.a.p.raft.roles.FollowerRole - RaftServer{1}{role=FOLLOWER} - Polling DefaultRaftMember{id=2, type=ACTIVE, updated=2018-05-30T09:13:30.744Z} for next term 2
11:13:58.351 [raft-server-1] DEBUG i.a.p.raft.roles.FollowerRole - RaftServer{1}{role=FOLLOWER} - Polling DefaultRaftMember{id=3, type=ACTIVE, updated=2018-05-30T09:13:30.744Z} for next term 2
11:13:58.351 [raft-server-2] TRACE i.a.p.raft.roles.FollowerRole - RaftServer{2}{role=FOLLOWER} - Received PollRequest{term=1, candidate=1, lastLogIndex=113, lastLogTerm=1}
11:13:58.351 [raft-server-3] TRACE i.a.p.raft.roles.FollowerRole - RaftServer{3}{role=FOLLOWER} - Received PollRequest{term=1, candidate=1, lastLogIndex=113, lastLogTerm=1}
11:13:58.351 [raft-server-2] DEBUG i.a.p.raft.roles.FollowerRole - RaftServer{2}{role=FOLLOWER} - Accepted PollRequest{term=1, candidate=1, lastLogIndex=113, lastLogTerm=1}: candidate's log is up-to-date
11:13:58.351 [raft-server-3] DEBUG i.a.p.raft.roles.FollowerRole - RaftServer{3}{role=FOLLOWER} - Accepted PollRequest{term=1, candidate=1, lastLogIndex=113, lastLogTerm=1}: candidate's log is up-to-date
11:13:58.351 [raft-server-2] TRACE i.a.p.raft.roles.FollowerRole - RaftServer{2}{role=FOLLOWER} - Sending PollResponse{status=OK, term=1, accepted=true}
11:13:58.351 [raft-server-3] TRACE i.a.p.raft.roles.FollowerRole - RaftServer{3}{role=FOLLOWER} - Sending PollResponse{status=OK, term=1, accepted=true}
11:13:58.351 [raft-server-1] DEBUG i.a.p.raft.roles.FollowerRole - RaftServer{1}{role=FOLLOWER} - Received accepted poll from DefaultRaftMember{id=2, type=ACTIVE, updated=2018-05-30T09:13:30.744Z}
11:13:58.352 [raft-server-1] INFO  i.a.protocols.raft.impl.RaftContext - RaftServer{1} - Transitioning to CANDIDATE
11:13:58.352 [raft-server-1] TRACE i.a.p.raft.roles.FollowerRole - RaftServer{1}{role=FOLLOWER} - Cancelling heartbeat timer
11:13:58.352 [raft-server-1] INFO  i.a.p.raft.roles.CandidateRole - RaftServer{1}{role=CANDIDATE} - Starting election
11:13:58.352 [raft-server-1] TRACE i.a.p.raft.storage.system.MetaStore - Store term 2
11:13:58.384 [raft-server-1] TRACE i.a.p.raft.storage.system.MetaStore - Store vote null
11:13:58.426 [raft-server-1] DEBUG i.a.protocols.raft.impl.RaftContext - RaftServer{1} - Set term 2
11:13:58.426 [raft-server-1] TRACE i.a.p.raft.storage.system.MetaStore - Store vote 1
11:13:58.467 [raft-server-1] DEBUG i.a.protocols.raft.impl.RaftContext - RaftServer{1} - Voted for 1
11:13:58.467 [raft-server-1] DEBUG i.a.p.raft.roles.CandidateRole - RaftServer{1}{role=CANDIDATE} - Requesting votes for term 2
11:13:58.467 [raft-server-1] DEBUG i.a.p.raft.roles.CandidateRole - RaftServer{1}{role=CANDIDATE} - Requesting vote from DefaultRaftMember{id=2, type=ACTIVE, updated=2018-05-30T09:13:30.744Z} for term 2
11:13:58.468 [raft-server-2] TRACE i.a.p.raft.roles.FollowerRole - RaftServer{2}{role=FOLLOWER} - Received VoteRequest{term=2, candidate=1, lastLogIndex=113, lastLogTerm=1}
11:13:58.468 [raft-server-1] DEBUG i.a.p.raft.roles.CandidateRole - RaftServer{1}{role=CANDIDATE} - Requesting vote from DefaultRaftMember{id=3, type=ACTIVE, updated=2018-05-30T09:13:30.744Z} for term 2
11:13:58.468 [raft-server-2] TRACE i.a.p.raft.storage.system.MetaStore - Store term 2
11:13:58.468 [raft-server-3] TRACE i.a.p.raft.roles.FollowerRole - RaftServer{3}{role=FOLLOWER} - Received VoteRequest{term=2, candidate=1, lastLogIndex=113, lastLogTerm=1}
11:13:58.468 [raft-server-3] TRACE i.a.p.raft.storage.system.MetaStore - Store term 2
11:13:58.495 [raft-server-2] TRACE i.a.p.raft.storage.system.MetaStore - Store vote null
11:13:58.537 [raft-server-3] TRACE i.a.p.raft.storage.system.MetaStore - Store vote null
11:13:58.585 [raft-server-2] DEBUG i.a.protocols.raft.impl.RaftContext - RaftServer{2} - Set term 2
11:13:58.586 [raft-server-2] DEBUG i.a.p.raft.roles.FollowerRole - RaftServer{2}{role=FOLLOWER} - Accepted VoteRequest{term=2, candidate=1, lastLogIndex=113, lastLogTerm=1}: candidate's log is up-to-date
11:13:58.586 [raft-server-2] TRACE i.a.p.raft.storage.system.MetaStore - Store vote 1
11:13:58.617 [raft-server-3] DEBUG i.a.protocols.raft.impl.RaftContext - RaftServer{3} - Set term 2
11:13:58.617 [raft-server-3] DEBUG i.a.p.raft.roles.FollowerRole - RaftServer{3}{role=FOLLOWER} - Accepted VoteRequest{term=2, candidate=1, lastLogIndex=113, lastLogTerm=1}: candidate's log is up-to-date
11:13:58.618 [raft-server-3] TRACE i.a.p.raft.storage.system.MetaStore - Store vote 1
11:13:58.637 [raft-server-2] DEBUG i.a.protocols.raft.impl.RaftContext - RaftServer{2} - Voted for 1
11:13:58.637 [raft-server-2] TRACE i.a.p.raft.roles.FollowerRole - RaftServer{2}{role=FOLLOWER} - Sending VoteResponse{status=OK, term=2, voted=true}
11:13:58.637 [raft-server-1] DEBUG i.a.p.raft.roles.CandidateRole - RaftServer{1}{role=CANDIDATE} - Received successful vote from DefaultRaftMember{id=2, type=ACTIVE, updated=2018-05-30T09:13:30.744Z}
11:13:58.637 [raft-server-1] INFO  i.a.protocols.raft.impl.RaftContext - RaftServer{1} - Transitioning to LEADER
11:13:58.637 [raft-server-1] DEBUG i.a.p.raft.roles.CandidateRole - RaftServer{1}{role=CANDIDATE} - Cancelling election
11:13:58.637 [raft-server-1] INFO  i.a.protocols.raft.impl.RaftContext - RaftServer{1} - Found leader 1
11:13:58.637 [raft-server-1] TRACE i.a.p.raft.storage.system.MetaStore - Store vote null
11:13:58.669 [raft-server-3] DEBUG i.a.protocols.raft.impl.RaftContext - RaftServer{3} - Voted for 1
11:13:58.669 [raft-server-3] TRACE i.a.p.raft.roles.FollowerRole - RaftServer{3}{role=FOLLOWER} - Sending VoteResponse{status=OK, term=2, voted=true}
11:13:58.702 [raft-server-1] TRACE i.a.protocols.raft.roles.LeaderRole - RaftServer{1}{role=LEADER} - Appended Indexed{index=114, entry=InitializeEntry{term=2, timestamp=2018-05-30 11:13:58,637}}
11:13:58.702 [raft-server-1] DEBUG i.a.p.raft.roles.LeaderAppender - RaftServer{1} - Configuring 2
11:13:58.702 [raft-server-1] TRACE i.a.p.raft.roles.LeaderAppender - RaftServer{1} - Sending ConfigureRequest{term=2, leader=1, index=0, timestamp=1527671610744, members=[DefaultRaftMember{id=1, type=ACTIVE, updated=2018-05-30T09:13:30.744Z}, DefaultRaftMember{id=2, type=ACTIVE, updated=2018-05-30T09:13:30.744Z}, DefaultRaftMember{id=3, type=ACTIVE, updated=2018-05-30T09:13:30.744Z}]} to 2
11:13:58.702 [raft-server-1] DEBUG i.a.p.raft.roles.LeaderAppender - RaftServer{1} - Configuring 3
11:13:58.702 [raft-server-2] TRACE i.a.p.raft.roles.FollowerRole - RaftServer{2}{role=FOLLOWER} - Received ConfigureRequest{term=2, leader=1, index=0, timestamp=1527671610744, members=[DefaultRaftMember{id=1, type=ACTIVE, updated=2018-05-30T09:13:30.744Z}, DefaultRaftMember{id=2, type=ACTIVE, updated=2018-05-30T09:13:30.744Z}, DefaultRaftMember{id=3, type=ACTIVE, updated=2018-05-30T09:13:30.744Z}]}
11:13:58.702 [raft-server-1] TRACE i.a.p.raft.roles.LeaderAppender - RaftServer{1} - Sending ConfigureRequest{term=2, leader=1, index=0, timestamp=1527671610744, members=[DefaultRaftMember{id=1, type=ACTIVE, updated=2018-05-30T09:13:30.744Z}, DefaultRaftMember{id=2, type=ACTIVE, updated=2018-05-30T09:13:30.744Z}, DefaultRaftMember{id=3, type=ACTIVE, updated=2018-05-30T09:13:30.744Z}]} to 3
11:13:58.702 [raft-server-2] INFO  i.a.protocols.raft.impl.RaftContext - RaftServer{2} - Found leader 1
11:13:58.703 [raft-server-2] TRACE i.a.p.raft.storage.system.MetaStore - Store vote null
11:13:58.703 [raft-server-3] TRACE i.a.p.raft.roles.FollowerRole - RaftServer{3}{role=FOLLOWER} - Received ConfigureRequest{term=2, leader=1, index=0, timestamp=1527671610744, members=[DefaultRaftMember{id=1, type=ACTIVE, updated=2018-05-30T09:13:30.744Z}, DefaultRaftMember{id=2, type=ACTIVE, updated=2018-05-30T09:13:30.744Z}, DefaultRaftMember{id=3, type=ACTIVE, updated=2018-05-30T09:13:30.744Z}]}
11:13:58.703 [raft-server-3] INFO  i.a.protocols.raft.impl.RaftContext - RaftServer{3} - Found leader 1
11:13:58.703 [raft-server-3] TRACE i.a.p.raft.storage.system.MetaStore - Store vote null
11:13:58.703 [raft-server-1] TRACE i.a.protocols.raft.roles.LeaderRole - RaftServer{1}{role=LEADER} - Starting append timer
11:13:58.704 [raft-server-1] TRACE i.a.p.raft.roles.LeaderAppender - RaftServer{1} - Sending AppendRequest{term=2, leader=1, prevLogIndex=113, prevLogTerm=1, entries=0, commitIndex=0} to 2
11:13:58.704 [raft-server-1] TRACE i.a.p.raft.roles.LeaderAppender - RaftServer{1} - Sending AppendRequest{term=2, leader=1, prevLogIndex=113, prevLogTerm=1, entries=0, commitIndex=0} to 3
11:13:58.729 [raft-server-2] TRACE i.a.p.raft.roles.FollowerRole - RaftServer{2}{role=FOLLOWER} - Sending ConfigureResponse{status=OK}
11:13:58.729 [raft-server-2] TRACE i.a.p.raft.roles.FollowerRole - RaftServer{2}{role=FOLLOWER} - Received AppendRequest{term=2, leader=1, prevLogIndex=113, prevLogTerm=1, entries=0, commitIndex=0}
11:13:58.729 [raft-server-1] TRACE i.a.p.raft.roles.LeaderAppender - RaftServer{1} - Received ConfigureResponse{status=OK} from 2
11:13:58.729 [raft-server-2] TRACE i.a.p.raft.roles.FollowerRole - RaftServer{2}{role=FOLLOWER} - Sending AppendResponse{status=OK, term=2, succeeded=true, lastLogIndex=113}
11:13:58.729 [raft-server-1] TRACE i.a.p.raft.roles.LeaderAppender - RaftServer{1} - Received AppendResponse{status=OK, term=2, succeeded=true, lastLogIndex=113} from 2
11:13:58.731 [raft-server-1] TRACE i.a.p.raft.roles.LeaderAppender - RaftServer{1} - Sending AppendRequest{term=2, leader=1, prevLogIndex=113, prevLogTerm=1, entries=1, commitIndex=0} to 2
11:13:58.731 [raft-server-2] TRACE i.a.p.raft.roles.FollowerRole - RaftServer{2}{role=FOLLOWER} - Received AppendRequest{term=2, leader=1, prevLogIndex=113, prevLogTerm=1, entries=1, commitIndex=0}
11:13:58.731 [raft-server-2] TRACE i.a.p.raft.roles.FollowerRole - RaftServer{2}{role=FOLLOWER} - Appended Indexed{index=114, entry=InitializeEntry{term=2, timestamp=2018-05-30 11:13:58,637}}
11:13:58.731 [raft-server-2] TRACE i.a.p.raft.roles.FollowerRole - RaftServer{2}{role=FOLLOWER} - Sending AppendResponse{status=OK, term=2, succeeded=true, lastLogIndex=114}
11:13:58.732 [raft-server-1] TRACE i.a.p.raft.roles.LeaderAppender - RaftServer{1} - Received AppendResponse{status=OK, term=2, succeeded=true, lastLogIndex=114} from 2
11:13:58.732 [raft-server-1] TRACE i.a.p.raft.roles.LeaderAppender - RaftServer{1} - Committed entries up to 114
11:13:58.754 [raft-server-3] TRACE i.a.p.raft.roles.FollowerRole - RaftServer{3}{role=FOLLOWER} - Sending ConfigureResponse{status=OK}
11:13:58.754 [raft-server-3] TRACE i.a.p.raft.roles.FollowerRole - RaftServer{3}{role=FOLLOWER} - Received AppendRequest{term=2, leader=1, prevLogIndex=113, prevLogTerm=1, entries=0, commitIndex=0}
11:13:58.754 [raft-server-3] TRACE i.a.p.raft.roles.FollowerRole - RaftServer{3}{role=FOLLOWER} - Sending AppendResponse{status=OK, term=2, succeeded=true, lastLogIndex=113}
11:13:58.770 [raft-server-1] TRACE i.a.p.raft.roles.LeaderAppender - RaftServer{1} - Received ConfigureResponse{status=OK} from 3
11:13:58.770 [raft-server-1] TRACE i.a.p.raft.roles.LeaderAppender - RaftServer{1} - Received AppendResponse{status=OK, term=2, succeeded=true, lastLogIndex=113} from 3
11:13:58.771 [raft-server-1] TRACE i.a.p.raft.roles.LeaderAppender - RaftServer{1} - Sending AppendRequest{term=2, leader=1, prevLogIndex=113, prevLogTerm=1, entries=1, commitIndex=114} to 3
11:13:58.771 [raft-server-3] TRACE i.a.p.raft.roles.FollowerRole - RaftServer{3}{role=FOLLOWER} - Received AppendRequest{term=2, leader=1, prevLogIndex=113, prevLogTerm=1, entries=1, commitIndex=114}
11:13:58.771 [raft-server-3] TRACE i.a.p.raft.roles.FollowerRole - RaftServer{3}{role=FOLLOWER} - Appended Indexed{index=114, entry=InitializeEntry{term=2, timestamp=2018-05-30 11:13:58,637}}
11:13:58.771 [raft-server-1-state] TRACE i.a.p.raft.impl.RaftServiceManager - RaftServer{1} - Applying Indexed{index=91, entry=CommandEntry{term=1, timestamp=2018-05-30 11:13:40,481, session=2, sequence=84, operation=PrimitiveOperation{id=DefaultOperationId{id=write, type=COMMAND}, value=byte[]{length=17, hash=-1644578928}}}}
11:13:58.771 [raft-server-1-state] DEBUG i.a.p.raft.impl.RaftServiceManager - RaftServer{1} - Unknown session: 2
11:13:58.771 [raft-server-1-state] TRACE i.a.p.raft.impl.RaftServiceManager - RaftServer{1} - Applying Indexed{index=92, entry=CommandEntry{term=1, timestamp=2018-05-30 11:13:40,756, session=2, sequence=85, operation=PrimitiveOperation{id=DefaultOperationId{id=write, type=COMMAND}, value=byte[]{length=17, hash=-1644578928}}}}
11:13:58.772 [raft-server-1-state] DEBUG i.a.p.raft.impl.RaftServiceManager - RaftServer{1} - Installing snapshot FileSnapshot{index=91}
11:13:58.772 [raft-server-1-state] DEBUG i.a.p.raft.impl.RaftServiceManager - RaftServer{1} - Installing service 2 test
11:13:58.772 [raft-server-1-state] DEBUG i.a.p.s.impl.DefaultServiceExecutor - PrimitiveService{2}{type=PrimitiveType{name=test}, name=test} - Registered operation callback DefaultOperationId{id=sendEvent, type=COMMAND}
11:13:58.772 [raft-server-1-state] DEBUG i.a.p.s.impl.DefaultServiceExecutor - PrimitiveService{2}{type=PrimitiveType{name=test}, name=test} - Registered operation callback DefaultOperationId{id=onClose, type=COMMAND}
11:13:58.772 [raft-server-1-state] DEBUG i.a.p.s.impl.DefaultServiceExecutor - PrimitiveService{2}{type=PrimitiveType{name=test}, name=test} - Registered operation callback DefaultOperationId{id=read, type=QUERY}
11:13:58.772 [raft-server-1-state] DEBUG i.a.p.s.impl.DefaultServiceExecutor - PrimitiveService{2}{type=PrimitiveType{name=test}, name=test} - Registered operation callback DefaultOperationId{id=onExpire, type=COMMAND}
11:13:58.773 [raft-server-1-state] DEBUG i.a.p.s.impl.DefaultServiceExecutor - PrimitiveService{2}{type=PrimitiveType{name=test}, name=test} - Registered operation callback DefaultOperationId{id=write, type=COMMAND}
11:13:58.773 [raft-server-1-state] DEBUG i.a.p.r.service.RaftServiceContext - PrimitiveService{2}{type=PrimitiveType{name=test}, name=test} - Installing snapshot 91
11:13:58.774 [raft-server-1-state] WARN  i.a.p.r.service.RaftServiceContext - PrimitiveService{2}{type=PrimitiveType{name=test}, name=test} - Session not open: RaftSession{RaftServiceContext{server=1, type=PrimitiveType{name=test}, name=test, id=2}, session=2, timestamp=2018-05-30 11:13:40,756}
11:13:58.775 [raft-server-1-state] TRACE i.a.p.raft.impl.RaftServiceManager - RaftServer{1} - Applying Indexed{index=93, entry=CommandEntry{term=1, timestamp=2018-05-30 11:13:40,873, session=2, sequence=86, operation=PrimitiveOperation{id=DefaultOperationId{id=write, type=COMMAND}, value=byte[]{length=17, hash=-1644578928}}}}
11:13:58.775 [raft-server-1-state] WARN  i.a.p.r.service.RaftServiceContext - PrimitiveService{2}{type=PrimitiveType{name=test}, name=test} - Session not open: RaftSession{RaftServiceContext{server=1, type=PrimitiveType{name=test}, name=test, id=2}, session=2, timestamp=2018-05-30 11:13:40,873}
11:13:58.775 [raft-server-1-state] TRACE i.a.p.raft.impl.RaftServiceManager - RaftServer{1} - Applying Indexed{index=94, entry=CommandEntry{term=1, timestamp=2018-05-30 11:13:40,923, session=2, sequence=87, operation=PrimitiveOperation{id=DefaultOperationId{id=write, type=COMMAND}, value=byte[]{length=17, hash=-1644578928}}}}
11:13:58.775 [raft-server-1-state] WARN  i.a.p.r.service.RaftServiceContext - PrimitiveService{2}{type=PrimitiveType{name=test}, name=test} - Session not open: RaftSession{RaftServiceContext{server=1, type=PrimitiveType{name=test}, name=test, id=2}, session=2, timestamp=2018-05-30 11:13:40,923}
11:13:58.775 [raft-server-1-state] TRACE i.a.p.raft.impl.RaftServiceManager - RaftServer{1} - Applying Indexed{index=95, entry=CommandEntry{term=1, timestamp=2018-05-30 11:13:41,073, session=2, sequence=88, operation=PrimitiveOperation{id=DefaultOperationId{id=write, type=COMMAND}, value=byte[]{length=17, hash=-1644578928}}}}
11:13:58.775 [raft-server-1-state] WARN  i.a.p.r.service.RaftServiceContext - PrimitiveService{2}{type=PrimitiveType{name=test}, name=test} - Session not open: RaftSession{RaftServiceContext{server=1, type=PrimitiveType{name=test}, name=test, id=2}, session=2, timestamp=2018-05-30 11:13:41,073}
11:13:58.776 [raft-server-1-state] TRACE i.a.p.raft.impl.RaftServiceManager - RaftServer{1} - Applying Indexed{index=96, entry=CommandEntry{term=1, timestamp=2018-05-30 11:13:41,131, session=2, sequence=89, operation=PrimitiveOperation{id=DefaultOperationId{id=write, type=COMMAND}, value=byte[]{length=17, hash=-1644578928}}}}
11:13:58.776 [raft-server-1-state] WARN  i.a.p.r.service.RaftServiceContext - PrimitiveService{2}{type=PrimitiveType{name=test}, name=test} - Session not open: RaftSession{RaftServiceContext{server=1, type=PrimitiveType{name=test}, name=test, id=2}, session=2, timestamp=2018-05-30 11:13:41,131}
11:13:58.776 [raft-server-1-state] TRACE i.a.p.raft.impl.RaftServiceManager - RaftServer{1} - Applying Indexed{index=97, entry=CommandEntry{term=1, timestamp=2018-05-30 11:13:41,228, session=2, sequence=90, operation=PrimitiveOperation{id=DefaultOperationId{id=write, type=COMMAND}, value=byte[]{length=17, hash=-1644578928}}}}
11:13:58.776 [raft-server-1-state] WARN  i.a.p.r.service.RaftServiceContext - PrimitiveService{2}{type=PrimitiveType{name=test}, name=test} - Session not open: RaftSession{RaftServiceContext{server=1, type=PrimitiveType{name=test}, name=test, id=2}, session=2, timestamp=2018-05-30 11:13:41,228}
11:13:58.776 [raft-server-1-state] TRACE i.a.p.raft.impl.RaftServiceManager - RaftServer{1} - Applying Indexed{index=98, entry=CommandEntry{term=1, timestamp=2018-05-30 11:13:41,319, session=2, sequence=91, operation=PrimitiveOperation{id=DefaultOperationId{id=write, type=COMMAND}, value=byte[]{length=17, hash=-1644578928}}}}
11:13:58.776 [raft-server-1-state] WARN  i.a.p.r.service.RaftServiceContext - PrimitiveService{2}{type=PrimitiveType{name=test}, name=test} - Session not open: RaftSession{RaftServiceContext{server=1, type=PrimitiveType{name=test}, name=test, id=2}, session=2, timestamp=2018-05-30 11:13:41,319}
11:13:58.776 [raft-server-1-state] TRACE i.a.p.raft.impl.RaftServiceManager - RaftServer{1} - Applying Indexed{index=99, entry=CommandEntry{term=1, timestamp=2018-05-30 11:13:41,378, session=2, sequence=92, operation=PrimitiveOperation{id=DefaultOperationId{id=write, type=COMMAND}, value=byte[]{length=17, hash=-1644578928}}}}
11:13:58.777 [raft-server-1-state] WARN  i.a.p.r.service.RaftServiceContext - PrimitiveService{2}{type=PrimitiveType{name=test}, name=test} - Session not open: RaftSession{RaftServiceContext{server=1, type=PrimitiveType{name=test}, name=test, id=2}, session=2, timestamp=2018-05-30 11:13:41,378}
11:13:58.777 [raft-server-1-state] TRACE i.a.p.raft.impl.RaftServiceManager - RaftServer{1} - Applying Indexed{index=100, entry=CommandEntry{term=1, timestamp=2018-05-30 11:13:41,469, session=2, sequence=93, operation=PrimitiveOperation{id=DefaultOperationId{id=write, type=COMMAND}, value=byte[]{length=17, hash=-1644578928}}}}
11:13:58.777 [raft-server-1-state] WARN  i.a.p.r.service.RaftServiceContext - PrimitiveService{2}{type=PrimitiveType{name=test}, name=test} - Session not open: RaftSession{RaftServiceContext{server=1, type=PrimitiveType{name=test}, name=test, id=2}, session=2, timestamp=2018-05-30 11:13:41,469}
11:13:58.777 [raft-server-1-state] TRACE i.a.p.raft.impl.RaftServiceManager - RaftServer{1} - Applying Indexed{index=101, entry=CommandEntry{term=1, timestamp=2018-05-30 11:13:41,564, session=2, sequence=94, operation=PrimitiveOperation{id=DefaultOperationId{id=write, type=COMMAND}, value=byte[]{length=17, hash=-1644578928}}}}
11:13:58.777 [raft-server-1-state] WARN  i.a.p.r.service.RaftServiceContext - PrimitiveService{2}{type=PrimitiveType{name=test}, name=test} - Session not open: RaftSession{RaftServiceContext{server=1, type=PrimitiveType{name=test}, name=test, id=2}, session=2, timestamp=2018-05-30 11:13:41,564}
11:13:58.777 [raft-server-1-state] TRACE i.a.p.raft.impl.RaftServiceManager - RaftServer{1} - Applying Indexed{index=102, entry=CommandEntry{term=1, timestamp=2018-05-30 11:13:41,914, session=2, sequence=95, operation=PrimitiveOperation{id=DefaultOperationId{id=write, type=COMMAND}, value=byte[]{length=17, hash=-1644578928}}}}
11:13:58.777 [raft-server-1-state] WARN  i.a.p.r.service.RaftServiceContext - PrimitiveService{2}{type=PrimitiveType{name=test}, name=test} - Session not open: RaftSession{RaftServiceContext{server=1, type=PrimitiveType{name=test}, name=test, id=2}, session=2, timestamp=2018-05-30 11:13:41,914}
11:13:58.778 [raft-server-1-state] TRACE i.a.p.raft.impl.RaftServiceManager - RaftServer{1} - Applying Indexed{index=103, entry=CommandEntry{term=1, timestamp=2018-05-30 11:13:41,953, session=2, sequence=96, operation=PrimitiveOperation{id=DefaultOperationId{id=write, type=COMMAND}, value=byte[]{length=17, hash=-1644578928}}}}
11:13:58.778 [raft-server-1-state] WARN  i.a.p.r.service.RaftServiceContext - PrimitiveService{2}{type=PrimitiveType{name=test}, name=test} - Session not open: RaftSession{RaftServiceContext{server=1, type=PrimitiveType{name=test}, name=test, id=2}, session=2, timestamp=2018-05-30 11:13:41,953}
11:13:58.778 [raft-server-1-state] TRACE i.a.p.raft.impl.RaftServiceManager - RaftServer{1} - Applying Indexed{index=104, entry=CommandEntry{term=1, timestamp=2018-05-30 11:13:42,014, session=2, sequence=97, operation=PrimitiveOperation{id=DefaultOperationId{id=write, type=COMMAND}, value=byte[]{length=17, hash=-1644578928}}}}
11:13:58.778 [raft-server-1-state] WARN  i.a.p.r.service.RaftServiceContext - PrimitiveService{2}{type=PrimitiveType{name=test}, name=test} - Session not open: RaftSession{RaftServiceContext{server=1, type=PrimitiveType{name=test}, name=test, id=2}, session=2, timestamp=2018-05-30 11:13:42,014}
11:13:58.778 [raft-server-1-state] TRACE i.a.p.raft.impl.RaftServiceManager - RaftServer{1} - Applying Indexed{index=105, entry=CommandEntry{term=1, timestamp=2018-05-30 11:13:42,114, session=2, sequence=98, operation=PrimitiveOperation{id=DefaultOperationId{id=write, type=COMMAND}, value=byte[]{length=17, hash=-1644578928}}}}
11:13:58.778 [raft-server-1-state] WARN  i.a.p.r.service.RaftServiceContext - PrimitiveService{2}{type=PrimitiveType{name=test}, name=test} - Session not open: RaftSession{RaftServiceContext{server=1, type=PrimitiveType{name=test}, name=test, id=2}, session=2, timestamp=2018-05-30 11:13:42,114}
11:13:58.778 [raft-server-1-state] TRACE i.a.p.raft.impl.RaftServiceManager - RaftServer{1} - Applying Indexed{index=106, entry=CommandEntry{term=1, timestamp=2018-05-30 11:13:42,148, session=2, sequence=99, operation=PrimitiveOperation{id=DefaultOperationId{id=write, type=COMMAND}, value=byte[]{length=17, hash=-1644578928}}}}
11:13:58.778 [raft-server-1-state] WARN  i.a.p.r.service.RaftServiceContext - PrimitiveService{2}{type=PrimitiveType{name=test}, name=test} - Session not open: RaftSession{RaftServiceContext{server=1, type=PrimitiveType{name=test}, name=test, id=2}, session=2, timestamp=2018-05-30 11:13:42,148}
11:13:58.779 [raft-server-1-state] TRACE i.a.p.raft.impl.RaftServiceManager - RaftServer{1} - Applying Indexed{index=107, entry=CommandEntry{term=1, timestamp=2018-05-30 11:13:42,239, session=2, sequence=100, operation=PrimitiveOperation{id=DefaultOperationId{id=write, type=COMMAND}, value=byte[]{length=17, hash=-1644578928}}}}
11:13:58.779 [raft-server-1-state] WARN  i.a.p.r.service.RaftServiceContext - PrimitiveService{2}{type=PrimitiveType{name=test}, name=test} - Session not open: RaftSession{RaftServiceContext{server=1, type=PrimitiveType{name=test}, name=test, id=2}, session=2, timestamp=2018-05-30 11:13:42,239}
11:13:58.779 [raft-server-1-state] TRACE i.a.p.raft.impl.RaftServiceManager - RaftServer{1} - Applying Indexed{index=108, entry=KeepAliveEntry{term=1, timestamp=2018-05-30 11:13:42,466, sessionIds=long[]{length=1, hash=33}, commandSequences=long[]{length=1, hash=131}, eventIndexes=long[]{length=1, hash=33}}}
11:13:58.779 [raft-server-1-state] TRACE i.a.p.raft.impl.RaftServiceManager - RaftServer{1} - Applying Indexed{index=109, entry=KeepAliveEntry{term=1, timestamp=2018-05-30 11:13:44,965, sessionIds=long[]{length=1, hash=33}, commandSequences=long[]{length=1, hash=131}, eventIndexes=long[]{length=1, hash=33}}}
11:13:58.779 [raft-server-1-state] TRACE i.a.p.raft.impl.RaftServiceManager - RaftServer{1} - Applying Indexed{index=110, entry=KeepAliveEntry{term=1, timestamp=2018-05-30 11:13:47,466, sessionIds=long[]{length=1, hash=33}, commandSequences=long[]{length=1, hash=131}, eventIndexes=long[]{length=1, hash=33}}}
11:13:58.779 [raft-server-1-state] TRACE i.a.p.raft.impl.RaftServiceManager - RaftServer{1} - Applying Indexed{index=111, entry=KeepAliveEntry{term=1, timestamp=2018-05-30 11:13:49,966, sessionIds=long[]{length=1, hash=33}, commandSequences=long[]{length=1, hash=131}, eventIndexes=long[]{length=1, hash=33}}}
11:13:58.779 [raft-server-1-state] TRACE i.a.p.raft.impl.RaftServiceManager - RaftServer{1} - Applying Indexed{index=112, entry=KeepAliveEntry{term=1, timestamp=2018-05-30 11:13:52,467, sessionIds=long[]{length=1, hash=33}, commandSequences=long[]{length=1, hash=131}, eventIndexes=long[]{length=1, hash=33}}}
11:13:58.779 [raft-server-1-state] TRACE i.a.p.raft.impl.RaftServiceManager - RaftServer{1} - Applying Indexed{index=113, entry=KeepAliveEntry{term=1, timestamp=2018-05-30 11:13:54,968, sessionIds=long[]{length=1, hash=33}, commandSequences=long[]{length=1, hash=131}, eventIndexes=long[]{length=1, hash=33}}}
11:13:58.780 [raft-server-1-state] TRACE i.a.p.raft.impl.RaftServiceManager - RaftServer{1} - Applying Indexed{index=114, entry=InitializeEntry{term=2, timestamp=2018-05-30 11:13:58,637}}
11:13:58.780 [raft-server-1-state] DEBUG i.a.p.r.service.RaftServiceContext - PrimitiveService{2}{type=PrimitiveType{name=test}, name=test} - Resetting session timeouts
11:13:58.803 [raft-server-3] TRACE i.a.p.raft.roles.FollowerRole - RaftServer{3}{role=FOLLOWER} - Committed entries up to index 114
11:13:58.804 [raft-server-3] TRACE i.a.p.raft.roles.FollowerRole - RaftServer{3}{role=FOLLOWER} - Sending AppendResponse{status=OK, term=2, succeeded=true, lastLogIndex=114}
11:13:58.804 [raft-server-1] TRACE i.a.p.raft.roles.LeaderAppender - RaftServer{1} - Received AppendResponse{status=OK, term=2, succeeded=true, lastLogIndex=114} from 3
11:13:58.804 [raft-server-3-state] TRACE i.a.p.raft.impl.RaftServiceManager - RaftServer{3} - Applying Indexed{index=114, entry=InitializeEntry{term=2, timestamp=2018-05-30 11:13:58,637}}
11:13:58.804 [raft-server-3-state] DEBUG i.a.p.r.service.RaftServiceContext - PrimitiveService{2}{type=PrimitiveType{name=test}, name=test} - Resetting session timeouts
11:13:58.871 [raft-server-1] TRACE i.a.p.r.c.impl.RaftClusterContext - RaftServer{1} - Cancelling join timeout
11:13:58.871 [raft-server-1] DEBUG i.a.p.r.c.impl.RaftClusterContext - RaftServer{1} - Attempting to join via 2
11:13:58.871 [raft-server-2] TRACE i.a.p.raft.roles.FollowerRole - RaftServer{2}{role=FOLLOWER} - Received JoinRequest{member=DefaultRaftMember{id=1, type=ACTIVE, updated=2018-05-30T09:13:57.367Z}}
11:13:58.871 [raft-server-1] TRACE i.a.protocols.raft.roles.LeaderRole - RaftServer{1}{role=LEADER} - Received JoinRequest{member=DefaultRaftMember{id=1, type=ACTIVE, updated=2018-05-30T09:13:57.367Z}}
11:13:58.871 [raft-server-1] TRACE i.a.protocols.raft.roles.LeaderRole - RaftServer{1}{role=LEADER} - Sending JoinResponse{status=OK, index=0, term=0, timestamp=1527671610744, members=[DefaultRaftMember{id=1, type=ACTIVE, updated=2018-05-30T09:13:57.367Z}, DefaultRaftMember{id=2, type=ACTIVE, updated=2018-05-30T09:13:30.744Z}, DefaultRaftMember{id=3, type=ACTIVE, updated=2018-05-30T09:13:30.744Z}]}
11:13:58.872 [raft-server-2] TRACE i.a.p.raft.roles.FollowerRole - RaftServer{2}{role=FOLLOWER} - Sending JoinResponse{status=OK, index=0, term=0, timestamp=1527671610744, members=[DefaultRaftMember{id=1, type=ACTIVE, updated=2018-05-30T09:13:57.367Z}, DefaultRaftMember{id=2, type=ACTIVE, updated=2018-05-30T09:13:30.744Z}, DefaultRaftMember{id=3, type=ACTIVE, updated=2018-05-30T09:13:30.744Z}]}
11:13:58.872 [raft-server-1] TRACE i.a.p.r.c.impl.RaftClusterContext - RaftServer{1} - Cancelling join timeout
11:13:58.872 [raft-server-1] INFO  i.a.p.r.c.impl.RaftClusterContext - RaftServer{1} - Successfully joined via 2
11:13:58.872 [raft-server-1] INFO  i.a.p.raft.impl.DefaultRaftServer - RaftServer{1} - Server started successfully!
11:13:58.873 [raft-client-a5a0def7-e1df-4503-b1c6-00519ae66cf7-2] TRACE i.a.p.r.p.impl.RaftProxyConnection - PartitionProxy{2}{type=PrimitiveType{name=test}, name=test} - Sending CommandRequest{session=2, sequence=101, operation=PrimitiveOperation{id=DefaultOperationId{id=write, type=COMMAND}, value=byte[]{length=17, hash=-1644578928}}} to 2
11:13:58.873 [raft-server-2] TRACE i.a.p.raft.roles.FollowerRole - RaftServer{2}{role=FOLLOWER} - Received CommandRequest{session=2, sequence=101, operation=PrimitiveOperation{id=DefaultOperationId{id=write, type=COMMAND}, value=byte[]{length=17, hash=-1644578928}}}
11:13:58.873 [raft-server-1] TRACE i.a.protocols.raft.roles.LeaderRole - RaftServer{1}{role=LEADER} - Received CommandRequest{session=2, sequence=101, operation=PrimitiveOperation{id=DefaultOperationId{id=write, type=COMMAND}, value=byte[]{length=17, hash=-1644578928}}}
11:13:58.873 [raft-server-1] TRACE i.a.protocols.raft.roles.LeaderRole - RaftServer{1}{role=LEADER} - Registered sequence command 101 > 85
11:13:58.954 [raft-server-1] TRACE i.a.p.raft.roles.LeaderAppender - RaftServer{1} - Sending AppendRequest{term=2, leader=1, prevLogIndex=114, prevLogTerm=2, entries=0, commitIndex=114} to 2
11:13:58.954 [raft-server-1] TRACE i.a.p.raft.roles.LeaderAppender - RaftServer{1} - Sending AppendRequest{term=2, leader=1, prevLogIndex=114, prevLogTerm=2, entries=0, commitIndex=114} to 3
11:13:58.954 [raft-server-2] TRACE i.a.p.raft.roles.FollowerRole - RaftServer{2}{role=FOLLOWER} - Received AppendRequest{term=2, leader=1, prevLogIndex=114, prevLogTerm=2, entries=0, commitIndex=114}
11:13:58.954 [raft-server-3] TRACE i.a.p.raft.roles.FollowerRole - RaftServer{3}{role=FOLLOWER} - Received AppendRequest{term=2, leader=1, prevLogIndex=114, prevLogTerm=2, entries=0, commitIndex=114}
11:13:58.954 [raft-server-3] TRACE i.a.p.raft.roles.FollowerRole - RaftServer{3}{role=FOLLOWER} - Sending AppendResponse{status=OK, term=2, succeeded=true, lastLogIndex=114}
11:13:58.954 [raft-server-1] TRACE i.a.p.raft.roles.LeaderAppender - RaftServer{1} - Received AppendResponse{status=OK, term=2, succeeded=true, lastLogIndex=114} from 3
11:13:58.955 [raft-server-1] TRACE i.a.p.raft.roles.LeaderAppender - RaftServer{1} - Sending AppendRequest{term=2, leader=1, prevLogIndex=114, prevLogTerm=2, entries=0, commitIndex=114} to 3
11:13:58.955 [raft-server-3] TRACE i.a.p.raft.roles.FollowerRole - RaftServer{3}{role=FOLLOWER} - Received AppendRequest{term=2, leader=1, prevLogIndex=114, prevLogTerm=2, entries=0, commitIndex=114}
11:13:58.955 [raft-server-3] TRACE i.a.p.raft.roles.FollowerRole - RaftServer{3}{role=FOLLOWER} - Sending AppendResponse{status=OK, term=2, succeeded=true, lastLogIndex=114}
11:13:58.955 [raft-server-1] TRACE i.a.p.raft.roles.LeaderAppender - RaftServer{1} - Received AppendResponse{status=OK, term=2, succeeded=true, lastLogIndex=114} from 3
11:13:58.978 [raft-server-2] TRACE i.a.p.raft.roles.FollowerRole - RaftServer{2}{role=FOLLOWER} - Committed entries up to index 114
11:13:58.979 [raft-server-2] TRACE i.a.p.raft.roles.FollowerRole - RaftServer{2}{role=FOLLOWER} - Sending AppendResponse{status=OK, term=2, succeeded=true, lastLogIndex=114}
11:13:58.979 [raft-server-1] TRACE i.a.p.raft.roles.LeaderAppender - RaftServer{1} - Received AppendResponse{status=OK, term=2, succeeded=true, lastLogIndex=114} from 2
11:13:58.979 [raft-server-2-state] TRACE i.a.p.raft.impl.RaftServiceManager - RaftServer{2} - Applying Indexed{index=114, entry=InitializeEntry{term=2, timestamp=2018-05-30 11:13:58,637}}
11:13:58.979 [raft-server-2-state] DEBUG i.a.p.r.service.RaftServiceContext - PrimitiveService{2}{type=PrimitiveType{name=test}, name=test} - Resetting session timeouts
11:13:59.204 [raft-server-1] TRACE i.a.p.raft.roles.LeaderAppender - RaftServer{1} - Sending AppendRequest{term=2, leader=1, prevLogIndex=114, prevLogTerm=2, entries=0, commitIndex=114} to 2
11:13:59.204 [raft-server-1] TRACE i.a.p.raft.roles.LeaderAppender - RaftServer{1} - Sending AppendRequest{term=2, leader=1, prevLogIndex=114, prevLogTerm=2, entries=0, commitIndex=114} to 3
11:13:59.204 [raft-server-2] TRACE i.a.p.raft.roles.FollowerRole - RaftServer{2}{role=FOLLOWER} - Received AppendRequest{term=2, leader=1, prevLogIndex=114, prevLogTerm=2, entries=0, commitIndex=114}
11:13:59.204 [raft-server-3] TRACE i.a.p.raft.roles.FollowerRole - RaftServer{3}{role=FOLLOWER} - Received AppendRequest{term=2, leader=1, prevLogIndex=114, prevLogTerm=2, entries=0, commitIndex=114}
11:13:59.204 [raft-server-2] TRACE i.a.p.raft.roles.FollowerRole - RaftServer{2}{role=FOLLOWER} - Sending AppendResponse{status=OK, term=2, succeeded=true, lastLogIndex=114}
11:13:59.204 [raft-server-3] TRACE i.a.p.raft.roles.FollowerRole - RaftServer{3}{role=FOLLOWER} - Sending AppendResponse{status=OK, term=2, succeeded=true, lastLogIndex=114}
11:13:59.204 [raft-server-1] TRACE i.a.p.raft.roles.LeaderAppender - RaftServer{1} - Received AppendResponse{status=OK, term=2, succeeded=true, lastLogIndex=114} from 2
11:13:59.204 [raft-server-1] TRACE i.a.p.raft.roles.LeaderAppender - RaftServer{1} - Sending AppendRequest{term=2, leader=1, prevLogIndex=114, prevLogTerm=2, entries=0, commitIndex=114} to 2
11:13:59.204 [raft-server-1] TRACE i.a.p.raft.roles.LeaderAppender - RaftServer{1} - Received AppendResponse{status=OK, term=2, succeeded=true, lastLogIndex=114} from 3
11:13:59.205 [raft-server-1] TRACE i.a.p.raft.roles.LeaderAppender - RaftServer{1} - Sending AppendRequest{term=2, leader=1, prevLogIndex=114, prevLogTerm=2, entries=0, commitIndex=114} to 3
11:13:59.205 [raft-server-3] TRACE i.a.p.raft.roles.FollowerRole - RaftServer{3}{role=FOLLOWER} - Received AppendRequest{term=2, leader=1, prevLogIndex=114, prevLogTerm=2, entries=0, commitIndex=114}
11:13:59.205 [raft-server-2] TRACE i.a.p.raft.roles.FollowerRole - RaftServer{2}{role=FOLLOWER} - Received AppendRequest{term=2, leader=1, prevLogIndex=114, prevLogTerm=2, entries=0, commitIndex=114}
11:13:59.205 [raft-server-3] TRACE i.a.p.raft.roles.FollowerRole - RaftServer{3}{role=FOLLOWER} - Sending AppendResponse{status=OK, term=2, succeeded=true, lastLogIndex=114}
11:13:59.205 [raft-server-2] TRACE i.a.p.raft.roles.FollowerRole - RaftServer{2}{role=FOLLOWER} - Sending AppendResponse{status=OK, term=2, succeeded=true, lastLogIndex=114}
11:13:59.205 [raft-server-1] TRACE i.a.p.raft.roles.LeaderAppender - RaftServer{1} - Received AppendResponse{status=OK, term=2, succeeded=true, lastLogIndex=114} from 3
11:13:59.205 [raft-server-1] TRACE i.a.p.raft.roles.LeaderAppender - RaftServer{1} - Received AppendResponse{status=OK, term=2, succeeded=true, lastLogIndex=114} from 2
11:13:59.454 [raft-server-1] TRACE i.a.p.raft.roles.LeaderAppender - RaftServer{1} - Sending AppendRequest{term=2, leader=1, prevLogIndex=114, prevLogTerm=2, entries=0, commitIndex=114} to 2
11:13:59.454 [raft-server-1] TRACE i.a.p.raft.roles.LeaderAppender - RaftServer{1} - Sending AppendRequest{term=2, leader=1, prevLogIndex=114, prevLogTerm=2, entries=0, commitIndex=114} to 3
11:13:59.454 [raft-server-2] TRACE i.a.p.raft.roles.FollowerRole - RaftServer{2}{role=FOLLOWER} - Received AppendRequest{term=2, leader=1, prevLogIndex=114, prevLogTerm=2, entries=0, commitIndex=114}
11:13:59.454 [raft-server-2] TRACE i.a.p.raft.roles.FollowerRole - RaftServer{2}{role=FOLLOWER} - Sending AppendResponse{status=OK, term=2, succeeded=true, lastLogIndex=114}
11:13:59.454 [raft-server-3] TRACE i.a.p.raft.roles.FollowerRole - RaftServer{3}{role=FOLLOWER} - Received AppendRequest{term=2, leader=1, prevLogIndex=114, prevLogTerm=2, entries=0, commitIndex=114}
11:13:59.454 [raft-server-1] TRACE i.a.p.raft.roles.LeaderAppender - RaftServer{1} - Received AppendResponse{status=OK, term=2, succeeded=true, lastLogIndex=114} from 2
11:13:59.454 [raft-server-3] TRACE i.a.p.raft.roles.FollowerRole - RaftServer{3}{role=FOLLOWER} - Sending AppendResponse{status=OK, term=2, succeeded=true, lastLogIndex=114}
11:13:59.454 [raft-server-1] TRACE i.a.p.raft.roles.LeaderAppender - RaftServer{1} - Sending AppendRequest{term=2, leader=1, prevLogIndex=114, prevLogTerm=2, entries=0, commitIndex=114} to 2
11:13:59.455 [raft-server-1] TRACE i.a.p.raft.roles.LeaderAppender - RaftServer{1} - Received AppendResponse{status=OK, term=2, succeeded=true, lastLogIndex=114} from 3
11:13:59.455 [raft-server-2] TRACE i.a.p.raft.roles.FollowerRole - RaftServer{2}{role=FOLLOWER} - Received AppendRequest{term=2, leader=1, prevLogIndex=114, prevLogTerm=2, entries=0, commitIndex=114}
11:13:59.455 [raft-server-2] TRACE i.a.p.raft.roles.FollowerRole - RaftServer{2}{role=FOLLOWER} - Sending AppendResponse{status=OK, term=2, succeeded=true, lastLogIndex=114}
11:13:59.455 [raft-server-1] TRACE i.a.p.raft.roles.LeaderAppender - RaftServer{1} - Sending AppendRequest{term=2, leader=1, prevLogIndex=114, prevLogTerm=2, entries=0, commitIndex=114} to 3
11:13:59.455 [raft-server-1] TRACE i.a.p.raft.roles.LeaderAppender - RaftServer{1} - Received AppendResponse{status=OK, term=2, succeeded=true, lastLogIndex=114} from 2
11:13:59.455 [raft-server-3] TRACE i.a.p.raft.roles.FollowerRole - RaftServer{3}{role=FOLLOWER} - Received AppendRequest{term=2, leader=1, prevLogIndex=114, prevLogTerm=2, entries=0, commitIndex=114}
11:13:59.455 [raft-server-3] TRACE i.a.p.raft.roles.FollowerRole - RaftServer{3}{role=FOLLOWER} - Sending AppendResponse{status=OK, term=2, succeeded=true, lastLogIndex=114}
11:13:59.455 [raft-server-1] TRACE i.a.p.raft.roles.LeaderAppender - RaftServer{1} - Sending AppendRequest{term=2, leader=1, prevLogIndex=114, prevLogTerm=2, entries=0, commitIndex=114} to 2
11:13:59.455 [raft-server-1] TRACE i.a.p.raft.roles.LeaderAppender - RaftServer{1} - Received AppendResponse{status=OK, term=2, succeeded=true, lastLogIndex=114} from 3
11:13:59.455 [raft-server-2] TRACE i.a.p.raft.roles.FollowerRole - RaftServer{2}{role=FOLLOWER} - Received AppendRequest{term=2, leader=1, prevLogIndex=114, prevLogTerm=2, entries=0, commitIndex=114}
11:13:59.455 [raft-server-2] TRACE i.a.p.raft.roles.FollowerRole - RaftServer{2}{role=FOLLOWER} - Sending AppendResponse{status=OK, term=2, succeeded=true, lastLogIndex=114}
11:13:59.455 [raft-server-1] TRACE i.a.p.raft.roles.LeaderAppender - RaftServer{1} - Received AppendResponse{status=OK, term=2, succeeded=true, lastLogIndex=114} from 2
11:13:59.704 [raft-server-1] TRACE i.a.p.raft.roles.LeaderAppender - RaftServer{1} - Sending AppendRequest{term=2, leader=1, prevLogIndex=114, prevLogTerm=2, entries=0, commitIndex=114} to 2
11:13:59.704 [raft-server-1] TRACE i.a.p.raft.roles.LeaderAppender - RaftServer{1} - Sending AppendRequest{term=2, leader=1, prevLogIndex=114, prevLogTerm=2, entries=0, commitIndex=114} to 3
11:13:59.704 [raft-server-2] TRACE i.a.p.raft.roles.FollowerRole - RaftServer{2}{role=FOLLOWER} - Received AppendRequest{term=2, leader=1, prevLogIndex=114, prevLogTerm=2, entries=0, commitIndex=114}
11:13:59.704 [raft-server-3] TRACE i.a.p.raft.roles.FollowerRole - RaftServer{3}{role=FOLLOWER} - Received AppendRequest{term=2, leader=1, prevLogIndex=114, prevLogTerm=2, entries=0, commitIndex=114}
11:13:59.704 [raft-server-2] TRACE i.a.p.raft.roles.FollowerRole - RaftServer{2}{role=FOLLOWER} - Sending AppendResponse{status=OK, term=2, succeeded=true, lastLogIndex=114}
11:13:59.704 [raft-server-3] TRACE i.a.p.raft.roles.FollowerRole - RaftServer{3}{role=FOLLOWER} - Sending AppendResponse{status=OK, term=2, succeeded=true, lastLogIndex=114}
11:13:59.704 [raft-server-1] TRACE i.a.p.raft.roles.LeaderAppender - RaftServer{1} - Received AppendResponse{status=OK, term=2, succeeded=true, lastLogIndex=114} from 2
11:13:59.704 [raft-server-1] TRACE i.a.p.raft.roles.LeaderAppender - RaftServer{1} - Sending AppendRequest{term=2, leader=1, prevLogIndex=114, prevLogTerm=2, entries=0, commitIndex=114} to 2
11:13:59.704 [raft-server-1] TRACE i.a.p.raft.roles.LeaderAppender - RaftServer{1} - Received AppendResponse{status=OK, term=2, succeeded=true, lastLogIndex=114} from 3
11:13:59.704 [raft-server-2] TRACE i.a.p.raft.roles.FollowerRole - RaftServer{2}{role=FOLLOWER} - Received AppendRequest{term=2, leader=1, prevLogIndex=114, prevLogTerm=2, entries=0, commitIndex=114}
11:13:59.705 [raft-server-2] TRACE i.a.p.raft.roles.FollowerRole - RaftServer{2}{role=FOLLOWER} - Sending AppendResponse{status=OK, term=2, succeeded=true, lastLogIndex=114}
11:13:59.705 [raft-server-1] TRACE i.a.p.raft.roles.LeaderAppender - RaftServer{1} - Sending AppendRequest{term=2, leader=1, prevLogIndex=114, prevLogTerm=2, entries=0, commitIndex=114} to 3
11:13:59.705 [raft-server-1] TRACE i.a.p.raft.roles.LeaderAppender - RaftServer{1} - Received AppendResponse{status=OK, term=2, succeeded=true, lastLogIndex=114} from 2
11:13:59.705 [raft-server-3] TRACE i.a.p.raft.roles.FollowerRole - RaftServer{3}{role=FOLLOWER} - Received AppendRequest{term=2, leader=1, prevLogIndex=114, prevLogTerm=2, entries=0, commitIndex=114}
11:13:59.705 [raft-server-1] TRACE i.a.p.raft.roles.LeaderAppender - RaftServer{1} - Sending AppendRequest{term=2, leader=1, prevLogIndex=114, prevLogTerm=2, entries=0, commitIndex=114} to 2
11:13:59.705 [raft-server-3] TRACE i.a.p.raft.roles.FollowerRole - RaftServer{3}{role=FOLLOWER} - Sending AppendResponse{status=OK, term=2, succeeded=true, lastLogIndex=114}
11:13:59.705 [raft-server-2] TRACE i.a.p.raft.roles.FollowerRole - RaftServer{2}{role=FOLLOWER} - Received AppendRequest{term=2, leader=1, prevLogIndex=114, prevLogTerm=2, entries=0, commitIndex=114}
11:13:59.705 [raft-server-1] TRACE i.a.p.raft.roles.LeaderAppender - RaftServer{1} - Received AppendResponse{status=OK, term=2, succeeded=true, lastLogIndex=114} from 3
11:13:59.705 [raft-server-2] TRACE i.a.p.raft.roles.FollowerRole - RaftServer{2}{role=FOLLOWER} - Sending AppendResponse{status=OK, term=2, succeeded=true, lastLogIndex=114}
11:13:59.705 [raft-server-1] TRACE i.a.p.raft.roles.LeaderAppender - RaftServer{1} - Received AppendResponse{status=OK, term=2, succeeded=true, lastLogIndex=114} from 2
11:13:59.874 [raft-server-2] TRACE i.a.p.raft.roles.FollowerRole - RaftServer{2}{role=FOLLOWER} - Sending CommandResponse{status=ERROR, error=RaftError{type=NO_LEADER, message=null}, lastSequence=0}
11:13:59.878 [raft-client-a5a0def7-e1df-4503-b1c6-00519ae66cf7-7] DEBUG i.a.p.r.p.impl.RaftProxyConnection - PartitionProxy{2}{type=PrimitiveType{name=test}, name=test} - CommandRequest{session=2, sequence=101, operation=PrimitiveOperation{id=DefaultOperationId{id=write, type=COMMAND}, value=byte[]{length=17, hash=-1644578928}}} failed! Reason: {}
java.util.concurrent.TimeoutException: null
	at io.atomix.protocols.raft.protocol.TestRaftProtocol.lambda$scheduleTimeout$0(TestRaftProtocol.java:48) ~[test-classes/:na]
	at java.util.concurrent.Executors$RunnableAdapter.call(Executors.java:511) ~[na:1.8.0_121]
	at java.util.concurrent.FutureTask.run(FutureTask.java:266) ~[na:1.8.0_121]
	at java.util.concurrent.ScheduledThreadPoolExecutor$ScheduledFutureTask.access$201(ScheduledThreadPoolExecutor.java:180) ~[na:1.8.0_121]
	at java.util.concurrent.ScheduledThreadPoolExecutor$ScheduledFutureTask.run(ScheduledThreadPoolExecutor.java:293) ~[na:1.8.0_121]
	at java.util.concurrent.ThreadPoolExecutor.runWorker(ThreadPoolExecutor.java:1142) ~[na:1.8.0_121]
	at java.util.concurrent.ThreadPoolExecutor$Worker.run(ThreadPoolExecutor.java:617) ~[na:1.8.0_121]
	at java.lang.Thread.run(Thread.java:745) ~[na:1.8.0_121]
11:13:59.879 [raft-client-a5a0def7-e1df-4503-b1c6-00519ae66cf7-7] TRACE i.a.p.r.p.impl.RaftProxyConnection - PartitionProxy{2}{type=PrimitiveType{name=test}, name=test} - Resetting connection. Reason: null
11:13:59.879 [raft-client-a5a0def7-e1df-4503-b1c6-00519ae66cf7-7] TRACE i.a.p.r.p.impl.RaftProxyConnection - PartitionProxy{2}{type=PrimitiveType{name=test}, name=test} - Sending CommandRequest{session=2, sequence=101, operation=PrimitiveOperation{id=DefaultOperationId{id=write, type=COMMAND}, value=byte[]{length=17, hash=-1644578928}}} to 1
11:13:59.879 [raft-server-1] TRACE i.a.protocols.raft.roles.LeaderRole - RaftServer{1}{role=LEADER} - Received CommandRequest{session=2, sequence=101, operation=PrimitiveOperation{id=DefaultOperationId{id=write, type=COMMAND}, value=byte[]{length=17, hash=-1644578928}}}
11:13:59.879 [raft-server-1] TRACE i.a.protocols.raft.roles.LeaderRole - RaftServer{1}{role=LEADER} - Returning pending result for command sequence 101
11:13:59.954 [raft-server-1] TRACE i.a.p.raft.roles.LeaderAppender - RaftServer{1} - Sending AppendRequest{term=2, leader=1, prevLogIndex=114, prevLogTerm=2, entries=0, commitIndex=114} to 2
11:13:59.954 [raft-server-1] TRACE i.a.p.raft.roles.LeaderAppender - RaftServer{1} - Sending AppendRequest{term=2, leader=1, prevLogIndex=114, prevLogTerm=2, entries=0, commitIndex=114} to 3
11:13:59.954 [raft-server-2] TRACE i.a.p.raft.roles.FollowerRole - RaftServer{2}{role=FOLLOWER} - Received AppendRequest{term=2, leader=1, prevLogIndex=114, prevLogTerm=2, entries=0, commitIndex=114}
11:13:59.954 [raft-server-3] TRACE i.a.p.raft.roles.FollowerRole - RaftServer{3}{role=FOLLOWER} - Received AppendRequest{term=2, leader=1, prevLogIndex=114, prevLogTerm=2, entries=0, commitIndex=114}
11:13:59.954 [raft-server-2] TRACE i.a.p.raft.roles.FollowerRole - RaftServer{2}{role=FOLLOWER} - Sending AppendResponse{status=OK, term=2, succeeded=true, lastLogIndex=114}
11:13:59.954 [raft-server-3] TRACE i.a.p.raft.roles.FollowerRole - RaftServer{3}{role=FOLLOWER} - Sending AppendResponse{status=OK, term=2, succeeded=true, lastLogIndex=114}
11:13:59.954 [raft-server-1] TRACE i.a.p.raft.roles.LeaderAppender - RaftServer{1} - Received AppendResponse{status=OK, term=2, succeeded=true, lastLogIndex=114} from 2
11:13:59.954 [raft-server-1] TRACE i.a.p.raft.roles.LeaderAppender - RaftServer{1} - Sending AppendRequest{term=2, leader=1, prevLogIndex=114, prevLogTerm=2, entries=0, commitIndex=114} to 2
11:13:59.954 [raft-server-1] TRACE i.a.p.raft.roles.LeaderAppender - RaftServer{1} - Received AppendResponse{status=OK, term=2, succeeded=true, lastLogIndex=114} from 3
11:13:59.954 [raft-server-2] TRACE i.a.p.raft.roles.FollowerRole - RaftServer{2}{role=FOLLOWER} - Received AppendRequest{term=2, leader=1, prevLogIndex=114, prevLogTerm=2, entries=0, commitIndex=114}
11:13:59.954 [raft-server-2] TRACE i.a.p.raft.roles.FollowerRole - RaftServer{2}{role=FOLLOWER} - Sending AppendResponse{status=OK, term=2, succeeded=true, lastLogIndex=114}
11:13:59.954 [raft-server-1] TRACE i.a.p.raft.roles.LeaderAppender - RaftServer{1} - Sending AppendRequest{term=2, leader=1, prevLogIndex=114, prevLogTerm=2, entries=0, commitIndex=114} to 3
11:13:59.954 [raft-server-1] TRACE i.a.p.raft.roles.LeaderAppender - RaftServer{1} - Received AppendResponse{status=OK, term=2, succeeded=true, lastLogIndex=114} from 2
11:13:59.955 [raft-server-3] TRACE i.a.p.raft.roles.FollowerRole - RaftServer{3}{role=FOLLOWER} - Received AppendRequest{term=2, leader=1, prevLogIndex=114, prevLogTerm=2, entries=0, commitIndex=114}
11:13:59.955 [raft-server-3] TRACE i.a.p.raft.roles.FollowerRole - RaftServer{3}{role=FOLLOWER} - Sending AppendResponse{status=OK, term=2, succeeded=true, lastLogIndex=114}
11:13:59.955 [raft-server-1] TRACE i.a.p.raft.roles.LeaderAppender - RaftServer{1} - Sending AppendRequest{term=2, leader=1, prevLogIndex=114, prevLogTerm=2, entries=0, commitIndex=114} to 2
11:13:59.955 [raft-server-1] TRACE i.a.p.raft.roles.LeaderAppender - RaftServer{1} - Received AppendResponse{status=OK, term=2, succeeded=true, lastLogIndex=114} from 3
11:13:59.955 [raft-server-2] TRACE i.a.p.raft.roles.FollowerRole - RaftServer{2}{role=FOLLOWER} - Received AppendRequest{term=2, leader=1, prevLogIndex=114, prevLogTerm=2, entries=0, commitIndex=114}
11:13:59.955 [raft-server-1] TRACE i.a.p.raft.roles.LeaderAppender - RaftServer{1} - Sending AppendRequest{term=2, leader=1, prevLogIndex=114, prevLogTerm=2, entries=0, commitIndex=114} to 3
11:13:59.955 [raft-server-2] TRACE i.a.p.raft.roles.FollowerRole - RaftServer{2}{role=FOLLOWER} - Sending AppendResponse{status=OK, term=2, succeeded=true, lastLogIndex=114}
11:13:59.955 [raft-server-3] TRACE i.a.p.raft.roles.FollowerRole - RaftServer{3}{role=FOLLOWER} - Received AppendRequest{term=2, leader=1, prevLogIndex=114, prevLogTerm=2, entries=0, commitIndex=114}
11:13:59.955 [raft-server-1] TRACE i.a.p.raft.roles.LeaderAppender - RaftServer{1} - Received AppendResponse{status=OK, term=2, succeeded=true, lastLogIndex=114} from 2
11:13:59.955 [raft-server-3] TRACE i.a.p.raft.roles.FollowerRole - RaftServer{3}{role=FOLLOWER} - Sending AppendResponse{status=OK, term=2, succeeded=true, lastLogIndex=114}
11:13:59.955 [raft-server-1] TRACE i.a.p.raft.roles.LeaderAppender - RaftServer{1} - Received AppendResponse{status=OK, term=2, succeeded=true, lastLogIndex=114} from 3
11:13:59.969 [raft-client-a5a0def7-e1df-4503-b1c6-00519ae66cf7-0] TRACE i.a.p.r.proxy.impl.RaftProxyManager - RaftClient{a5a0def7-e1df-4503-b1c6-00519ae66cf7} - Keeping 1 sessions alive
11:13:59.969 [raft-client-a5a0def7-e1df-4503-b1c6-00519ae66cf7-0] TRACE i.a.p.r.p.impl.RaftProxyConnection - RaftClient{a5a0def7-e1df-4503-b1c6-00519ae66cf7} - Sending KeepAliveRequest{sessionIds=long[]{length=1, hash=33}, commandSequences=long[]{length=1, hash=131}, eventIndexes=long[]{length=1, hash=33}} to 1
11:13:59.969 [raft-server-1] TRACE i.a.protocols.raft.roles.LeaderRole - RaftServer{1}{role=LEADER} - Received KeepAliveRequest{sessionIds=long[]{length=1, hash=33}, commandSequences=long[]{length=1, hash=131}, eventIndexes=long[]{length=1, hash=33}}
11:13:59.970 [raft-server-1] TRACE i.a.protocols.raft.roles.LeaderRole - RaftServer{1}{role=LEADER} - Appended Indexed{index=115, entry=KeepAliveEntry{term=2, timestamp=2018-05-30 11:13:59,969, sessionIds=long[]{length=1, hash=33}, commandSequences=long[]{length=1, hash=131}, eventIndexes=long[]{length=1, hash=33}}}
11:13:59.970 [raft-server-1] TRACE i.a.p.raft.roles.LeaderAppender - RaftServer{1} - Sending AppendRequest{term=2, leader=1, prevLogIndex=114, prevLogTerm=2, entries=1, commitIndex=114} to 2
11:13:59.970 [raft-server-1] TRACE i.a.p.raft.roles.LeaderAppender - RaftServer{1} - Sending AppendRequest{term=2, leader=1, prevLogIndex=114, prevLogTerm=2, entries=1, commitIndex=114} to 3
11:13:59.970 [raft-server-3] TRACE i.a.p.raft.roles.FollowerRole - RaftServer{3}{role=FOLLOWER} - Received AppendRequest{term=2, leader=1, prevLogIndex=114, prevLogTerm=2, entries=1, commitIndex=114}
11:13:59.970 [raft-server-2] TRACE i.a.p.raft.roles.FollowerRole - RaftServer{2}{role=FOLLOWER} - Received AppendRequest{term=2, leader=1, prevLogIndex=114, prevLogTerm=2, entries=1, commitIndex=114}
11:13:59.971 [raft-server-3] TRACE i.a.p.raft.roles.FollowerRole - RaftServer{3}{role=FOLLOWER} - Appended Indexed{index=115, entry=KeepAliveEntry{term=2, timestamp=2018-05-30 11:13:59,969, sessionIds=long[]{length=1, hash=33}, commandSequences=long[]{length=1, hash=131}, eventIndexes=long[]{length=1, hash=33}}}
11:13:59.971 [raft-server-2] TRACE i.a.p.raft.roles.FollowerRole - RaftServer{2}{role=FOLLOWER} - Appended Indexed{index=115, entry=KeepAliveEntry{term=2, timestamp=2018-05-30 11:13:59,969, sessionIds=long[]{length=1, hash=33}, commandSequences=long[]{length=1, hash=131}, eventIndexes=long[]{length=1, hash=33}}}
11:13:59.971 [raft-server-3] TRACE i.a.p.raft.roles.FollowerRole - RaftServer{3}{role=FOLLOWER} - Sending AppendResponse{status=OK, term=2, succeeded=true, lastLogIndex=115}
11:13:59.971 [raft-server-2] TRACE i.a.p.raft.roles.FollowerRole - RaftServer{2}{role=FOLLOWER} - Sending AppendResponse{status=OK, term=2, succeeded=true, lastLogIndex=115}
11:13:59.971 [raft-server-1] TRACE i.a.p.raft.roles.LeaderAppender - RaftServer{1} - Received AppendResponse{status=OK, term=2, succeeded=true, lastLogIndex=115} from 3
11:13:59.971 [raft-server-1] TRACE i.a.p.raft.roles.LeaderAppender - RaftServer{1} - Committed entries up to 115
11:14:00.004 [raft-server-1] TRACE i.a.p.raft.roles.LeaderAppender - RaftServer{1} - Received AppendResponse{status=OK, term=2, succeeded=true, lastLogIndex=115} from 2
11:14:00.004 [raft-server-1-state] TRACE i.a.p.raft.impl.RaftServiceManager - RaftServer{1} - Applying Indexed{index=115, entry=KeepAliveEntry{term=2, timestamp=2018-05-30 11:13:59,969, sessionIds=long[]{length=1, hash=33}, commandSequences=long[]{length=1, hash=131}, eventIndexes=long[]{length=1, hash=33}}}
11:14:00.004 [raft-server-1] TRACE i.a.protocols.raft.roles.LeaderRole - RaftServer{1}{role=LEADER} - Sending KeepAliveResponse{status=OK, leader=1, members=[1, 2, 3], sessionIds=long[]{length=0, hash=1}}
11:14:00.004 [raft-client-a5a0def7-e1df-4503-b1c6-00519ae66cf7-3] TRACE i.a.p.r.p.impl.RaftProxyConnection - RaftClient{a5a0def7-e1df-4503-b1c6-00519ae66cf7} - Received KeepAliveResponse{status=OK, leader=1, members=[1, 2, 3], sessionIds=long[]{length=0, hash=1}} from 1
11:14:00.005 [raft-client-a5a0def7-e1df-4503-b1c6-00519ae66cf7-3] DEBUG i.a.p.p.i.RecoveringPartitionProxy - PartitionProxy{2}{type=PrimitiveType{name=test}, name=test} - Opening proxy session
11:14:00.005 [raft-client-a5a0def7-e1df-4503-b1c6-00519ae66cf7-3] DEBUG i.a.p.r.proxy.impl.RaftProxyManager - RaftClient{a5a0def7-e1df-4503-b1c6-00519ae66cf7} - Opening session; name: test, type: PrimitiveType{name=test}
11:14:00.006 [raft-client-a5a0def7-e1df-4503-b1c6-00519ae66cf7-3] TRACE i.a.p.r.p.impl.RaftProxyConnection - RaftClient{a5a0def7-e1df-4503-b1c6-00519ae66cf7} - Sending OpenSessionRequest{node=4, serviceName=test, serviceType=test, readConsistency=LINEARIZABLE, minTimeout=250, maxTimeout=5000} to 1
11:14:00.006 [raft-server-1] TRACE i.a.protocols.raft.roles.LeaderRole - RaftServer{1}{role=LEADER} - Received OpenSessionRequest{node=4, serviceName=test, serviceType=test, readConsistency=LINEARIZABLE, minTimeout=250, maxTimeout=5000}
11:14:00.006 [raft-server-1] TRACE i.a.protocols.raft.roles.LeaderRole - RaftServer{1}{role=LEADER} - Appended Indexed{index=116, entry=OpenSessionEntry{term=2, timestamp=2018-05-30 11:14:00,006, node=4, serviceName=test, serviceType=test, serviceConfig=byte[]{length=2, hash=2636}, readConsistency=LINEARIZABLE, minTimeout=250, maxTimeout=5000}}
11:14:00.008 [raft-server-1] TRACE i.a.p.raft.roles.LeaderAppender - RaftServer{1} - Sending AppendRequest{term=2, leader=1, prevLogIndex=115, prevLogTerm=2, entries=1, commitIndex=115} to 2
11:14:00.008 [raft-server-2] TRACE i.a.p.raft.roles.FollowerRole - RaftServer{2}{role=FOLLOWER} - Received AppendRequest{term=2, leader=1, prevLogIndex=115, prevLogTerm=2, entries=1, commitIndex=115}
11:14:00.008 [raft-server-2] TRACE i.a.p.raft.roles.FollowerRole - RaftServer{2}{role=FOLLOWER} - Appended Indexed{index=116, entry=OpenSessionEntry{term=2, timestamp=2018-05-30 11:14:00,006, node=4, serviceName=test, serviceType=test, serviceConfig=byte[]{length=2, hash=2636}, readConsistency=LINEARIZABLE, minTimeout=250, maxTimeout=5000}}
11:14:00.009 [raft-server-1] TRACE i.a.p.raft.roles.LeaderAppender - RaftServer{1} - Sending AppendRequest{term=2, leader=1, prevLogIndex=115, prevLogTerm=2, entries=1, commitIndex=115} to 3
11:14:00.009 [raft-server-3] TRACE i.a.p.raft.roles.FollowerRole - RaftServer{3}{role=FOLLOWER} - Received AppendRequest{term=2, leader=1, prevLogIndex=115, prevLogTerm=2, entries=1, commitIndex=115}
11:14:00.010 [raft-server-3] TRACE i.a.p.raft.roles.FollowerRole - RaftServer{3}{role=FOLLOWER} - Appended Indexed{index=116, entry=OpenSessionEntry{term=2, timestamp=2018-05-30 11:14:00,006, node=4, serviceName=test, serviceType=test, serviceConfig=byte[]{length=2, hash=2636}, readConsistency=LINEARIZABLE, minTimeout=250, maxTimeout=5000}}
11:14:00.053 [raft-server-2] TRACE i.a.p.raft.roles.FollowerRole - RaftServer{2}{role=FOLLOWER} - Committed entries up to index 115
11:14:00.053 [raft-server-3] TRACE i.a.p.raft.roles.FollowerRole - RaftServer{3}{role=FOLLOWER} - Committed entries up to index 115
11:14:00.054 [raft-server-2] TRACE i.a.p.raft.roles.FollowerRole - RaftServer{2}{role=FOLLOWER} - Sending AppendResponse{status=OK, term=2, succeeded=true, lastLogIndex=116}
11:14:00.054 [raft-server-3] TRACE i.a.p.raft.roles.FollowerRole - RaftServer{3}{role=FOLLOWER} - Sending AppendResponse{status=OK, term=2, succeeded=true, lastLogIndex=116}
11:14:00.054 [raft-server-2-state] TRACE i.a.p.raft.impl.RaftServiceManager - RaftServer{2} - Applying Indexed{index=115, entry=KeepAliveEntry{term=2, timestamp=2018-05-30 11:13:59,969, sessionIds=long[]{length=1, hash=33}, commandSequences=long[]{length=1, hash=131}, eventIndexes=long[]{length=1, hash=33}}}
11:14:00.054 [raft-server-3-state] TRACE i.a.p.raft.impl.RaftServiceManager - RaftServer{3} - Applying Indexed{index=115, entry=KeepAliveEntry{term=2, timestamp=2018-05-30 11:13:59,969, sessionIds=long[]{length=1, hash=33}, commandSequences=long[]{length=1, hash=131}, eventIndexes=long[]{length=1, hash=33}}}
11:14:00.054 [raft-server-1] TRACE i.a.p.raft.roles.LeaderAppender - RaftServer{1} - Received AppendResponse{status=OK, term=2, succeeded=true, lastLogIndex=116} from 2
11:14:00.054 [raft-server-1] TRACE i.a.p.raft.roles.LeaderAppender - RaftServer{1} - Committed entries up to 116
11:14:00.087 [raft-server-1] TRACE i.a.p.raft.roles.LeaderAppender - RaftServer{1} - Received AppendResponse{status=OK, term=2, succeeded=true, lastLogIndex=116} from 3
11:14:00.087 [raft-server-1-state] TRACE i.a.p.raft.impl.RaftServiceManager - RaftServer{1} - Applying Indexed{index=116, entry=OpenSessionEntry{term=2, timestamp=2018-05-30 11:14:00,006, node=4, serviceName=test, serviceType=test, serviceConfig=byte[]{length=2, hash=2636}, readConsistency=LINEARIZABLE, minTimeout=250, maxTimeout=5000}}
11:14:00.088 [raft-server-1-state] DEBUG i.a.p.r.service.RaftServiceContext - PrimitiveService{2}{type=PrimitiveType{name=test}, name=test} - Opening session 116
11:14:00.088 [raft-server-1-state] DEBUG i.a.p.raft.session.RaftSession - PrimitiveSession{116}{type=PrimitiveType{name=test}, name=test} - State changed: OPEN
11:14:00.088 [raft-server-1-state] TRACE i.a.protocols.raft.roles.LeaderRole - RaftServer{1}{role=LEADER} - Sending OpenSessionResponse{status=OK, session=116, timeout=5000}
11:14:00.088 [raft-client-a5a0def7-e1df-4503-b1c6-00519ae66cf7-7] TRACE i.a.p.r.p.impl.RaftProxyConnection - RaftClient{a5a0def7-e1df-4503-b1c6-00519ae66cf7} - Received OpenSessionResponse{status=OK, session=116, timeout=5000} from 1
11:14:00.088 [raft-client-a5a0def7-e1df-4503-b1c6-00519ae66cf7-7] TRACE i.a.p.r.proxy.impl.RaftProxyManager - RaftClient{a5a0def7-e1df-4503-b1c6-00519ae66cf7} - Keeping 1 sessions alive
11:14:00.088 [raft-client-a5a0def7-e1df-4503-b1c6-00519ae66cf7-6] TRACE i.a.p.r.p.impl.RaftProxyConnection - RaftClient{a5a0def7-e1df-4503-b1c6-00519ae66cf7} - Sending KeepAliveRequest{sessionIds=long[]{length=1, hash=147}, commandSequences=long[]{length=1, hash=31}, eventIndexes=long[]{length=1, hash=147}} to 1
11:14:00.088 [raft-server-1] TRACE i.a.protocols.raft.roles.LeaderRole - RaftServer{1}{role=LEADER} - Received KeepAliveRequest{sessionIds=long[]{length=1, hash=147}, commandSequences=long[]{length=1, hash=31}, eventIndexes=long[]{length=1, hash=147}}
11:14:00.089 [raft-server-1] TRACE i.a.protocols.raft.roles.LeaderRole - RaftServer{1}{role=LEADER} - Appended Indexed{index=117, entry=KeepAliveEntry{term=2, timestamp=2018-05-30 11:14:00,088, sessionIds=long[]{length=1, hash=147}, commandSequences=long[]{length=1, hash=31}, eventIndexes=long[]{length=1, hash=147}}}
11:14:00.089 [raft-server-1] TRACE i.a.p.raft.roles.LeaderAppender - RaftServer{1} - Sending AppendRequest{term=2, leader=1, prevLogIndex=116, prevLogTerm=2, entries=1, commitIndex=116} to 2
11:14:00.089 [raft-server-2] TRACE i.a.p.raft.roles.FollowerRole - RaftServer{2}{role=FOLLOWER} - Received AppendRequest{term=2, leader=1, prevLogIndex=116, prevLogTerm=2, entries=1, commitIndex=116}
11:14:00.089 [raft-client-a5a0def7-e1df-4503-b1c6-00519ae66cf7-7] DEBUG i.a.p.p.i.RecoveringPartitionProxy - PartitionProxy{116}{type=PrimitiveType{name=test}, name=test} - State changed: CONNECTED
11:14:00.089 [raft-server-1] TRACE i.a.p.raft.roles.LeaderAppender - RaftServer{1} - Sending AppendRequest{term=2, leader=1, prevLogIndex=116, prevLogTerm=2, entries=1, commitIndex=116} to 3
11:14:00.090 [raft-server-3] TRACE i.a.p.raft.roles.FollowerRole - RaftServer{3}{role=FOLLOWER} - Received AppendRequest{term=2, leader=1, prevLogIndex=116, prevLogTerm=2, entries=1, commitIndex=116}
11:14:00.090 [raft-server-2] TRACE i.a.p.raft.roles.FollowerRole - RaftServer{2}{role=FOLLOWER} - Appended Indexed{index=117, entry=KeepAliveEntry{term=2, timestamp=2018-05-30 11:14:00,088, sessionIds=long[]{length=1, hash=147}, commandSequences=long[]{length=1, hash=31}, eventIndexes=long[]{length=1, hash=147}}}
11:14:00.090 [raft-server-3] TRACE i.a.p.raft.roles.FollowerRole - RaftServer{3}{role=FOLLOWER} - Appended Indexed{index=117, entry=KeepAliveEntry{term=2, timestamp=2018-05-30 11:14:00,088, sessionIds=long[]{length=1, hash=147}, commandSequences=long[]{length=1, hash=31}, eventIndexes=long[]{length=1, hash=147}}}
11:14:00.128 [raft-server-2] TRACE i.a.p.raft.roles.FollowerRole - RaftServer{2}{role=FOLLOWER} - Committed entries up to index 116
11:14:00.128 [raft-server-3] TRACE i.a.p.raft.roles.FollowerRole - RaftServer{3}{role=FOLLOWER} - Committed entries up to index 116
11:14:00.129 [raft-server-2] TRACE i.a.p.raft.roles.FollowerRole - RaftServer{2}{role=FOLLOWER} - Sending AppendResponse{status=OK, term=2, succeeded=true, lastLogIndex=117}
11:14:00.129 [raft-server-3] TRACE i.a.p.raft.roles.FollowerRole - RaftServer{3}{role=FOLLOWER} - Sending AppendResponse{status=OK, term=2, succeeded=true, lastLogIndex=117}
11:14:00.129 [raft-server-1] TRACE i.a.p.raft.roles.LeaderAppender - RaftServer{1} - Received AppendResponse{status=OK, term=2, succeeded=true, lastLogIndex=117} from 2
11:14:00.129 [raft-server-1] TRACE i.a.p.raft.roles.LeaderAppender - RaftServer{1} - Committed entries up to 117
11:14:00.129 [raft-server-2-state] TRACE i.a.p.raft.impl.RaftServiceManager - RaftServer{2} - Applying Indexed{index=116, entry=OpenSessionEntry{term=2, timestamp=2018-05-30 11:14:00,006, node=4, serviceName=test, serviceType=test, serviceConfig=byte[]{length=2, hash=2636}, readConsistency=LINEARIZABLE, minTimeout=250, maxTimeout=5000}}
11:14:00.129 [raft-server-3-state] TRACE i.a.p.raft.impl.RaftServiceManager - RaftServer{3} - Applying Indexed{index=116, entry=OpenSessionEntry{term=2, timestamp=2018-05-30 11:14:00,006, node=4, serviceName=test, serviceType=test, serviceConfig=byte[]{length=2, hash=2636}, readConsistency=LINEARIZABLE, minTimeout=250, maxTimeout=5000}}
11:14:00.129 [raft-server-2-state] DEBUG i.a.p.r.service.RaftServiceContext - PrimitiveService{2}{type=PrimitiveType{name=test}, name=test} - Opening session 116
11:14:00.129 [raft-server-3-state] DEBUG i.a.p.r.service.RaftServiceContext - PrimitiveService{2}{type=PrimitiveType{name=test}, name=test} - Opening session 116
11:14:00.129 [raft-server-2-state] DEBUG i.a.p.raft.session.RaftSession - PrimitiveSession{116}{type=PrimitiveType{name=test}, name=test} - State changed: OPEN
11:14:00.129 [raft-server-3-state] DEBUG i.a.p.raft.session.RaftSession - PrimitiveSession{116}{type=PrimitiveType{name=test}, name=test} - State changed: OPEN
11:14:00.170 [raft-server-1] TRACE i.a.p.raft.roles.LeaderAppender - RaftServer{1} - Received AppendResponse{status=OK, term=2, succeeded=true, lastLogIndex=117} from 3
11:14:00.170 [raft-server-1-state] TRACE i.a.p.raft.impl.RaftServiceManager - RaftServer{1} - Applying Indexed{index=117, entry=KeepAliveEntry{term=2, timestamp=2018-05-30 11:14:00,088, sessionIds=long[]{length=1, hash=147}, commandSequences=long[]{length=1, hash=31}, eventIndexes=long[]{length=1, hash=147}}}
11:14:00.171 [raft-server-1] TRACE i.a.protocols.raft.roles.LeaderRole - RaftServer{1}{role=LEADER} - Sending KeepAliveResponse{status=OK, leader=1, members=[1, 2, 3], sessionIds=long[]{length=1, hash=147}}
11:14:00.171 [raft-client-a5a0def7-e1df-4503-b1c6-00519ae66cf7-5] TRACE i.a.p.r.p.impl.RaftProxyConnection - RaftClient{a5a0def7-e1df-4503-b1c6-00519ae66cf7} - Received KeepAliveResponse{status=OK, leader=1, members=[1, 2, 3], sessionIds=long[]{length=1, hash=147}} from 1
11:14:00.204 [raft-server-1] TRACE i.a.p.raft.roles.LeaderAppender - RaftServer{1} - Sending AppendRequest{term=2, leader=1, prevLogIndex=117, prevLogTerm=2, entries=0, commitIndex=117} to 2
11:14:00.204 [raft-server-1] TRACE i.a.p.raft.roles.LeaderAppender - RaftServer{1} - Sending AppendRequest{term=2, leader=1, prevLogIndex=117, prevLogTerm=2, entries=0, commitIndex=117} to 3
11:14:00.204 [raft-server-2] TRACE i.a.p.raft.roles.FollowerRole - RaftServer{2}{role=FOLLOWER} - Received AppendRequest{term=2, leader=1, prevLogIndex=117, prevLogTerm=2, entries=0, commitIndex=117}
11:14:00.204 [raft-server-3] TRACE i.a.p.raft.roles.FollowerRole - RaftServer{3}{role=FOLLOWER} - Received AppendRequest{term=2, leader=1, prevLogIndex=117, prevLogTerm=2, entries=0, commitIndex=117}
11:14:00.204 [raft-server-2] TRACE i.a.p.raft.roles.FollowerRole - RaftServer{2}{role=FOLLOWER} - Committed entries up to index 117
11:14:00.204 [raft-server-2] TRACE i.a.p.raft.roles.FollowerRole - RaftServer{2}{role=FOLLOWER} - Sending AppendResponse{status=OK, term=2, succeeded=true, lastLogIndex=117}
11:14:00.204 [raft-server-1] TRACE i.a.p.raft.roles.LeaderAppender - RaftServer{1} - Received AppendResponse{status=OK, term=2, succeeded=true, lastLogIndex=117} from 2
11:14:00.204 [raft-server-1] TRACE i.a.p.raft.roles.LeaderAppender - RaftServer{1} - Sending AppendRequest{term=2, leader=1, prevLogIndex=117, prevLogTerm=2, entries=0, commitIndex=117} to 2
11:14:00.204 [raft-server-2-state] TRACE i.a.p.raft.impl.RaftServiceManager - RaftServer{2} - Applying Indexed{index=117, entry=KeepAliveEntry{term=2, timestamp=2018-05-30 11:14:00,088, sessionIds=long[]{length=1, hash=147}, commandSequences=long[]{length=1, hash=31}, eventIndexes=long[]{length=1, hash=147}}}
11:14:00.205 [raft-server-2] TRACE i.a.p.raft.roles.FollowerRole - RaftServer{2}{role=FOLLOWER} - Received AppendRequest{term=2, leader=1, prevLogIndex=117, prevLogTerm=2, entries=0, commitIndex=117}
11:14:00.205 [raft-server-2] TRACE i.a.p.raft.roles.FollowerRole - RaftServer{2}{role=FOLLOWER} - Sending AppendResponse{status=OK, term=2, succeeded=true, lastLogIndex=117}
11:14:00.205 [raft-server-1] TRACE i.a.p.raft.roles.LeaderAppender - RaftServer{1} - Received AppendResponse{status=OK, term=2, succeeded=true, lastLogIndex=117} from 2
11:14:00.205 [raft-server-1] TRACE i.a.p.raft.roles.LeaderAppender - RaftServer{1} - Sending AppendRequest{term=2, leader=1, prevLogIndex=117, prevLogTerm=2, entries=0, commitIndex=117} to 2
11:14:00.205 [raft-server-2] TRACE i.a.p.raft.roles.FollowerRole - RaftServer{2}{role=FOLLOWER} - Received AppendRequest{term=2, leader=1, prevLogIndex=117, prevLogTerm=2, entries=0, commitIndex=117}
11:14:00.205 [raft-server-2] TRACE i.a.p.raft.roles.FollowerRole - RaftServer{2}{role=FOLLOWER} - Sending AppendResponse{status=OK, term=2, succeeded=true, lastLogIndex=117}
11:14:00.205 [raft-server-1] TRACE i.a.p.raft.roles.LeaderAppender - RaftServer{1} - Received AppendResponse{status=OK, term=2, succeeded=true, lastLogIndex=117} from 2
11:14:00.237 [raft-server-3] TRACE i.a.p.raft.roles.FollowerRole - RaftServer{3}{role=FOLLOWER} - Committed entries up to index 117
11:14:00.237 [raft-server-3] TRACE i.a.p.raft.roles.FollowerRole - RaftServer{3}{role=FOLLOWER} - Sending AppendResponse{status=OK, term=2, succeeded=true, lastLogIndex=117}
11:14:00.237 [raft-server-1] TRACE i.a.p.raft.roles.LeaderAppender - RaftServer{1} - Received AppendResponse{status=OK, term=2, succeeded=true, lastLogIndex=117} from 3
11:14:00.237 [raft-server-3-state] TRACE i.a.p.raft.impl.RaftServiceManager - RaftServer{3} - Applying Indexed{index=117, entry=KeepAliveEntry{term=2, timestamp=2018-05-30 11:14:00,088, sessionIds=long[]{length=1, hash=147}, commandSequences=long[]{length=1, hash=31}, eventIndexes=long[]{length=1, hash=147}}}
11:14:00.454 [raft-server-1] TRACE i.a.p.raft.roles.LeaderAppender - RaftServer{1} - Sending AppendRequest{term=2, leader=1, prevLogIndex=117, prevLogTerm=2, entries=0, commitIndex=117} to 2
11:14:00.454 [raft-server-1] TRACE i.a.p.raft.roles.LeaderAppender - RaftServer{1} - Sending AppendRequest{term=2, leader=1, prevLogIndex=117, prevLogTerm=2, entries=0, commitIndex=117} to 3
11:14:00.454 [raft-server-2] TRACE i.a.p.raft.roles.FollowerRole - RaftServer{2}{role=FOLLOWER} - Received AppendRequest{term=2, leader=1, prevLogIndex=117, prevLogTerm=2, entries=0, commitIndex=117}
11:14:00.454 [raft-server-2] TRACE i.a.p.raft.roles.FollowerRole - RaftServer{2}{role=FOLLOWER} - Sending AppendResponse{status=OK, term=2, succeeded=true, lastLogIndex=117}
11:14:00.454 [raft-server-3] TRACE i.a.p.raft.roles.FollowerRole - RaftServer{3}{role=FOLLOWER} - Received AppendRequest{term=2, leader=1, prevLogIndex=117, prevLogTerm=2, entries=0, commitIndex=117}
11:14:00.454 [raft-server-1] TRACE i.a.p.raft.roles.LeaderAppender - RaftServer{1} - Received AppendResponse{status=OK, term=2, succeeded=true, lastLogIndex=117} from 2
11:14:00.454 [raft-server-3] TRACE i.a.p.raft.roles.FollowerRole - RaftServer{3}{role=FOLLOWER} - Sending AppendResponse{status=OK, term=2, succeeded=true, lastLogIndex=117}
11:14:00.455 [raft-server-1] TRACE i.a.p.raft.roles.LeaderAppender - RaftServer{1} - Sending AppendRequest{term=2, leader=1, prevLogIndex=117, prevLogTerm=2, entries=0, commitIndex=117} to 2
11:14:00.455 [raft-server-1] TRACE i.a.p.raft.roles.LeaderAppender - RaftServer{1} - Received AppendResponse{status=OK, term=2, succeeded=true, lastLogIndex=117} from 3
11:14:00.455 [raft-server-2] TRACE i.a.p.raft.roles.FollowerRole - RaftServer{2}{role=FOLLOWER} - Received AppendRequest{term=2, leader=1, prevLogIndex=117, prevLogTerm=2, entries=0, commitIndex=117}
11:14:00.455 [raft-server-1] TRACE i.a.p.raft.roles.LeaderAppender - RaftServer{1} - Sending AppendRequest{term=2, leader=1, prevLogIndex=117, prevLogTerm=2, entries=0, commitIndex=117} to 3
11:14:00.455 [raft-server-2] TRACE i.a.p.raft.roles.FollowerRole - RaftServer{2}{role=FOLLOWER} - Sending AppendResponse{status=OK, term=2, succeeded=true, lastLogIndex=117}
11:14:00.455 [raft-server-3] TRACE i.a.p.raft.roles.FollowerRole - RaftServer{3}{role=FOLLOWER} - Received AppendRequest{term=2, leader=1, prevLogIndex=117, prevLogTerm=2, entries=0, commitIndex=117}
11:14:00.455 [raft-server-1] TRACE i.a.p.raft.roles.LeaderAppender - RaftServer{1} - Received AppendResponse{status=OK, term=2, succeeded=true, lastLogIndex=117} from 2
11:14:00.455 [raft-server-3] TRACE i.a.p.raft.roles.FollowerRole - RaftServer{3}{role=FOLLOWER} - Sending AppendResponse{status=OK, term=2, succeeded=true, lastLogIndex=117}
11:14:00.455 [raft-server-1] TRACE i.a.p.raft.roles.LeaderAppender - RaftServer{1} - Sending AppendRequest{term=2, leader=1, prevLogIndex=117, prevLogTerm=2, entries=0, commitIndex=117} to 2
11:14:00.455 [raft-server-1] TRACE i.a.p.raft.roles.LeaderAppender - RaftServer{1} - Received AppendResponse{status=OK, term=2, succeeded=true, lastLogIndex=117} from 3
11:14:00.455 [raft-server-2] TRACE i.a.p.raft.roles.FollowerRole - RaftServer{2}{role=FOLLOWER} - Received AppendRequest{term=2, leader=1, prevLogIndex=117, prevLogTerm=2, entries=0, commitIndex=117}
11:14:00.455 [raft-server-2] TRACE i.a.p.raft.roles.FollowerRole - RaftServer{2}{role=FOLLOWER} - Sending AppendResponse{status=OK, term=2, succeeded=true, lastLogIndex=117}
11:14:00.455 [raft-server-1] TRACE i.a.p.raft.roles.LeaderAppender - RaftServer{1} - Received AppendResponse{status=OK, term=2, succeeded=true, lastLogIndex=117} from 2
11:14:00.704 [raft-server-1] TRACE i.a.p.raft.roles.LeaderAppender - RaftServer{1} - Sending AppendRequest{term=2, leader=1, prevLogIndex=117, prevLogTerm=2, entries=0, commitIndex=117} to 2
11:14:00.704 [raft-server-1] TRACE i.a.p.raft.roles.LeaderAppender - RaftServer{1} - Sending AppendRequest{term=2, leader=1, prevLogIndex=117, prevLogTerm=2, entries=0, commitIndex=117} to 3
11:14:00.704 [raft-server-2] TRACE i.a.p.raft.roles.FollowerRole - RaftServer{2}{role=FOLLOWER} - Received AppendRequest{term=2, leader=1, prevLogIndex=117, prevLogTerm=2, entries=0, commitIndex=117}
11:14:00.704 [raft-server-3] TRACE i.a.p.raft.roles.FollowerRole - RaftServer{3}{role=FOLLOWER} - Received AppendRequest{term=2, leader=1, prevLogIndex=117, prevLogTerm=2, entries=0, commitIndex=117}
11:14:00.704 [raft-server-2] TRACE i.a.p.raft.roles.FollowerRole - RaftServer{2}{role=FOLLOWER} - Sending AppendResponse{status=OK, term=2, succeeded=true, lastLogIndex=117}
11:14:00.704 [raft-server-3] TRACE i.a.p.raft.roles.FollowerRole - RaftServer{3}{role=FOLLOWER} - Sending AppendResponse{status=OK, term=2, succeeded=true, lastLogIndex=117}
11:14:00.704 [raft-server-1] TRACE i.a.p.raft.roles.LeaderAppender - RaftServer{1} - Received AppendResponse{status=OK, term=2, succeeded=true, lastLogIndex=117} from 2
11:14:00.705 [raft-server-1] TRACE i.a.p.raft.roles.LeaderAppender - RaftServer{1} - Sending AppendRequest{term=2, leader=1, prevLogIndex=117, prevLogTerm=2, entries=0, commitIndex=117} to 2
11:14:00.705 [raft-server-1] TRACE i.a.p.raft.roles.LeaderAppender - RaftServer{1} - Received AppendResponse{status=OK, term=2, succeeded=true, lastLogIndex=117} from 3
11:14:00.705 [raft-server-2] TRACE i.a.p.raft.roles.FollowerRole - RaftServer{2}{role=FOLLOWER} - Received AppendRequest{term=2, leader=1, prevLogIndex=117, prevLogTerm=2, entries=0, commitIndex=117}
11:14:00.705 [raft-server-2] TRACE i.a.p.raft.roles.FollowerRole - RaftServer{2}{role=FOLLOWER} - Sending AppendResponse{status=OK, term=2, succeeded=true, lastLogIndex=117}
11:14:00.705 [raft-server-1] TRACE i.a.p.raft.roles.LeaderAppender - RaftServer{1} - Sending AppendRequest{term=2, leader=1, prevLogIndex=117, prevLogTerm=2, entries=0, commitIndex=117} to 3
11:14:00.705 [raft-server-1] TRACE i.a.p.raft.roles.LeaderAppender - RaftServer{1} - Received AppendResponse{status=OK, term=2, succeeded=true, lastLogIndex=117} from 2
11:14:00.705 [raft-server-3] TRACE i.a.p.raft.roles.FollowerRole - RaftServer{3}{role=FOLLOWER} - Received AppendRequest{term=2, leader=1, prevLogIndex=117, prevLogTerm=2, entries=0, commitIndex=117}
11:14:00.705 [raft-server-3] TRACE i.a.p.raft.roles.FollowerRole - RaftServer{3}{role=FOLLOWER} - Sending AppendResponse{status=OK, term=2, succeeded=true, lastLogIndex=117}
11:14:00.705 [raft-server-1] TRACE i.a.p.raft.roles.LeaderAppender - RaftServer{1} - Received AppendResponse{status=OK, term=2, succeeded=true, lastLogIndex=117} from 3
11:14:00.882 [raft-client-a5a0def7-e1df-4503-b1c6-00519ae66cf7-1] DEBUG i.a.p.r.p.impl.RaftProxyConnection - PartitionProxy{2}{type=PrimitiveType{name=test}, name=test} - CommandRequest{session=2, sequence=101, operation=PrimitiveOperation{id=DefaultOperationId{id=write, type=COMMAND}, value=byte[]{length=17, hash=-1644578928}}} failed! Reason: {}
java.util.concurrent.TimeoutException: null
	at io.atomix.protocols.raft.protocol.TestRaftProtocol.lambda$scheduleTimeout$0(TestRaftProtocol.java:48) ~[test-classes/:na]
	at java.util.concurrent.Executors$RunnableAdapter.call(Executors.java:511) ~[na:1.8.0_121]
	at java.util.concurrent.FutureTask.run(FutureTask.java:266) ~[na:1.8.0_121]
	at java.util.concurrent.ScheduledThreadPoolExecutor$ScheduledFutureTask.access$201(ScheduledThreadPoolExecutor.java:180) ~[na:1.8.0_121]
	at java.util.concurrent.ScheduledThreadPoolExecutor$ScheduledFutureTask.run(ScheduledThreadPoolExecutor.java:293) ~[na:1.8.0_121]
	at java.util.concurrent.ThreadPoolExecutor.runWorker(ThreadPoolExecutor.java:1142) ~[na:1.8.0_121]
	at java.util.concurrent.ThreadPoolExecutor$Worker.run(ThreadPoolExecutor.java:617) ~[na:1.8.0_121]
	at java.lang.Thread.run(Thread.java:745) ~[na:1.8.0_121]
11:14:00.882 [raft-client-a5a0def7-e1df-4503-b1c6-00519ae66cf7-1] TRACE i.a.p.r.p.impl.RaftProxyConnection - PartitionProxy{2}{type=PrimitiveType{name=test}, name=test} - Resetting connection. Reason: null
11:14:00.882 [raft-client-a5a0def7-e1df-4503-b1c6-00519ae66cf7-1] TRACE i.a.p.r.p.impl.RaftProxyConnection - PartitionProxy{2}{type=PrimitiveType{name=test}, name=test} - Sending CommandRequest{session=2, sequence=101, operation=PrimitiveOperation{id=DefaultOperationId{id=write, type=COMMAND}, value=byte[]{length=17, hash=-1644578928}}} to 3
11:14:00.882 [raft-server-3] TRACE i.a.p.raft.roles.FollowerRole - RaftServer{3}{role=FOLLOWER} - Received CommandRequest{session=2, sequence=101, operation=PrimitiveOperation{id=DefaultOperationId{id=write, type=COMMAND}, value=byte[]{length=17, hash=-1644578928}}}
11:14:00.883 [raft-server-1] TRACE i.a.protocols.raft.roles.LeaderRole - RaftServer{1}{role=LEADER} - Received CommandRequest{session=2, sequence=101, operation=PrimitiveOperation{id=DefaultOperationId{id=write, type=COMMAND}, value=byte[]{length=17, hash=-1644578928}}}
11:14:00.883 [raft-server-1] TRACE i.a.protocols.raft.roles.LeaderRole - RaftServer{1}{role=LEADER} - Returning pending result for command sequence 101
11:14:00.954 [raft-server-1] TRACE i.a.p.raft.roles.LeaderAppender - RaftServer{1} - Sending AppendRequest{term=2, leader=1, prevLogIndex=117, prevLogTerm=2, entries=0, commitIndex=117} to 2
11:14:00.954 [raft-server-1] TRACE i.a.p.raft.roles.LeaderAppender - RaftServer{1} - Sending AppendRequest{term=2, leader=1, prevLogIndex=117, prevLogTerm=2, entries=0, commitIndex=117} to 3
11:14:00.954 [raft-server-2] TRACE i.a.p.raft.roles.FollowerRole - RaftServer{2}{role=FOLLOWER} - Received AppendRequest{term=2, leader=1, prevLogIndex=117, prevLogTerm=2, entries=0, commitIndex=117}
11:14:00.954 [raft-server-3] TRACE i.a.p.raft.roles.FollowerRole - RaftServer{3}{role=FOLLOWER} - Received AppendRequest{term=2, leader=1, prevLogIndex=117, prevLogTerm=2, entries=0, commitIndex=117}
11:14:00.954 [raft-server-2] TRACE i.a.p.raft.roles.FollowerRole - RaftServer{2}{role=FOLLOWER} - Sending AppendResponse{status=OK, term=2, succeeded=true, lastLogIndex=117}
11:14:00.954 [raft-server-3] TRACE i.a.p.raft.roles.FollowerRole - RaftServer{3}{role=FOLLOWER} - Sending AppendResponse{status=OK, term=2, succeeded=true, lastLogIndex=117}
11:14:00.954 [raft-server-1] TRACE i.a.p.raft.roles.LeaderAppender - RaftServer{1} - Received AppendResponse{status=OK, term=2, succeeded=true, lastLogIndex=117} from 2
11:14:00.954 [raft-server-1] TRACE i.a.p.raft.roles.LeaderAppender - RaftServer{1} - Sending AppendRequest{term=2, leader=1, prevLogIndex=117, prevLogTerm=2, entries=0, commitIndex=117} to 2
11:14:00.954 [raft-server-1] TRACE i.a.p.raft.roles.LeaderAppender - RaftServer{1} - Received AppendResponse{status=OK, term=2, succeeded=true, lastLogIndex=117} from 3
11:14:00.954 [raft-server-2] TRACE i.a.p.raft.roles.FollowerRole - RaftServer{2}{role=FOLLOWER} - Received AppendRequest{term=2, leader=1, prevLogIndex=117, prevLogTerm=2, entries=0, commitIndex=117}
11:14:00.954 [raft-server-1] TRACE i.a.p.raft.roles.LeaderAppender - RaftServer{1} - Sending AppendRequest{term=2, leader=1, prevLogIndex=117, prevLogTerm=2, entries=0, commitIndex=117} to 3
11:14:00.954 [raft-server-2] TRACE i.a.p.raft.roles.FollowerRole - RaftServer{2}{role=FOLLOWER} - Sending AppendResponse{status=OK, term=2, succeeded=true, lastLogIndex=117}
11:14:00.954 [raft-server-3] TRACE i.a.p.raft.roles.FollowerRole - RaftServer{3}{role=FOLLOWER} - Received AppendRequest{term=2, leader=1, prevLogIndex=117, prevLogTerm=2, entries=0, commitIndex=117}
11:14:00.954 [raft-server-3] TRACE i.a.p.raft.roles.FollowerRole - RaftServer{3}{role=FOLLOWER} - Sending AppendResponse{status=OK, term=2, succeeded=true, lastLogIndex=117}
11:14:00.954 [raft-server-1] TRACE i.a.p.raft.roles.LeaderAppender - RaftServer{1} - Received AppendResponse{status=OK, term=2, succeeded=true, lastLogIndex=117} from 2
11:14:00.955 [raft-server-1] TRACE i.a.p.raft.roles.LeaderAppender - RaftServer{1} - Sending AppendRequest{term=2, leader=1, prevLogIndex=117, prevLogTerm=2, entries=0, commitIndex=117} to 2
11:14:00.955 [raft-server-1] TRACE i.a.p.raft.roles.LeaderAppender - RaftServer{1} - Received AppendResponse{status=OK, term=2, succeeded=true, lastLogIndex=117} from 3
11:14:00.955 [raft-server-2] TRACE i.a.p.raft.roles.FollowerRole - RaftServer{2}{role=FOLLOWER} - Received AppendRequest{term=2, leader=1, prevLogIndex=117, prevLogTerm=2, entries=0, commitIndex=117}
11:14:00.955 [raft-server-1] TRACE i.a.p.raft.roles.LeaderAppender - RaftServer{1} - Sending AppendRequest{term=2, leader=1, prevLogIndex=117, prevLogTerm=2, entries=0, commitIndex=117} to 3
11:14:00.955 [raft-server-2] TRACE i.a.p.raft.roles.FollowerRole - RaftServer{2}{role=FOLLOWER} - Sending AppendResponse{status=OK, term=2, succeeded=true, lastLogIndex=117}
11:14:00.955 [raft-server-1] TRACE i.a.p.raft.roles.LeaderAppender - RaftServer{1} - Received AppendResponse{status=OK, term=2, succeeded=true, lastLogIndex=117} from 2
11:14:00.955 [raft-server-3] TRACE i.a.p.raft.roles.FollowerRole - RaftServer{3}{role=FOLLOWER} - Received AppendRequest{term=2, leader=1, prevLogIndex=117, prevLogTerm=2, entries=0, commitIndex=117}
11:14:00.955 [raft-server-3] TRACE i.a.p.raft.roles.FollowerRole - RaftServer{3}{role=FOLLOWER} - Sending AppendResponse{status=OK, term=2, succeeded=true, lastLogIndex=117}
11:14:00.955 [raft-server-1] TRACE i.a.p.raft.roles.LeaderAppender - RaftServer{1} - Received AppendResponse{status=OK, term=2, succeeded=true, lastLogIndex=117} from 3
11:14:01.204 [raft-server-1] TRACE i.a.p.raft.roles.LeaderAppender - RaftServer{1} - Sending AppendRequest{term=2, leader=1, prevLogIndex=117, prevLogTerm=2, entries=0, commitIndex=117} to 2
11:14:01.204 [raft-server-2] TRACE i.a.p.raft.roles.FollowerRole - RaftServer{2}{role=FOLLOWER} - Received AppendRequest{term=2, leader=1, prevLogIndex=117, prevLogTerm=2, entries=0, commitIndex=117}
11:14:01.204 [raft-server-1] TRACE i.a.p.raft.roles.LeaderAppender - RaftServer{1} - Sending AppendRequest{term=2, leader=1, prevLogIndex=117, prevLogTerm=2, entries=0, commitIndex=117} to 3
11:14:01.204 [raft-server-2] TRACE i.a.p.raft.roles.FollowerRole - RaftServer{2}{role=FOLLOWER} - Sending AppendResponse{status=OK, term=2, succeeded=true, lastLogIndex=117}
11:14:01.204 [raft-server-3] TRACE i.a.p.raft.roles.FollowerRole - RaftServer{3}{role=FOLLOWER} - Received AppendRequest{term=2, leader=1, prevLogIndex=117, prevLogTerm=2, entries=0, commitIndex=117}
11:14:01.204 [raft-server-1] TRACE i.a.p.raft.roles.LeaderAppender - RaftServer{1} - Received AppendResponse{status=OK, term=2, succeeded=true, lastLogIndex=117} from 2
11:14:01.204 [raft-server-3] TRACE i.a.p.raft.roles.FollowerRole - RaftServer{3}{role=FOLLOWER} - Sending AppendResponse{status=OK, term=2, succeeded=true, lastLogIndex=117}
11:14:01.204 [raft-server-1] TRACE i.a.p.raft.roles.LeaderAppender - RaftServer{1} - Sending AppendRequest{term=2, leader=1, prevLogIndex=117, prevLogTerm=2, entries=0, commitIndex=117} to 2
11:14:01.204 [raft-server-2] TRACE i.a.p.raft.roles.FollowerRole - RaftServer{2}{role=FOLLOWER} - Received AppendRequest{term=2, leader=1, prevLogIndex=117, prevLogTerm=2, entries=0, commitIndex=117}
11:14:01.204 [raft-server-1] TRACE i.a.p.raft.roles.LeaderAppender - RaftServer{1} - Received AppendResponse{status=OK, term=2, succeeded=true, lastLogIndex=117} from 3
11:14:01.204 [raft-server-2] TRACE i.a.p.raft.roles.FollowerRole - RaftServer{2}{role=FOLLOWER} - Sending AppendResponse{status=OK, term=2, succeeded=true, lastLogIndex=117}
11:14:01.204 [raft-server-1] TRACE i.a.p.raft.roles.LeaderAppender - RaftServer{1} - Sending AppendRequest{term=2, leader=1, prevLogIndex=117, prevLogTerm=2, entries=0, commitIndex=117} to 3
11:14:01.204 [raft-server-1] TRACE i.a.p.raft.roles.LeaderAppender - RaftServer{1} - Received AppendResponse{status=OK, term=2, succeeded=true, lastLogIndex=117} from 2
11:14:01.204 [raft-server-1] TRACE i.a.p.raft.roles.LeaderAppender - RaftServer{1} - Sending AppendRequest{term=2, leader=1, prevLogIndex=117, prevLogTerm=2, entries=0, commitIndex=117} to 2
11:14:01.204 [raft-server-2] TRACE i.a.p.raft.roles.FollowerRole - RaftServer{2}{role=FOLLOWER} - Received AppendRequest{term=2, leader=1, prevLogIndex=117, prevLogTerm=2, entries=0, commitIndex=117}
11:14:01.205 [raft-server-2] TRACE i.a.p.raft.roles.FollowerRole - RaftServer{2}{role=FOLLOWER} - Sending AppendResponse{status=OK, term=2, succeeded=true, lastLogIndex=117}
11:14:01.205 [raft-server-1] TRACE i.a.p.raft.roles.LeaderAppender - RaftServer{1} - Received AppendResponse{status=OK, term=2, succeeded=true, lastLogIndex=117} from 2
11:14:01.205 [raft-server-1] TRACE i.a.p.raft.roles.LeaderAppender - RaftServer{1} - Sending AppendRequest{term=2, leader=1, prevLogIndex=117, prevLogTerm=2, entries=0, commitIndex=117} to 2
11:14:01.205 [raft-server-2] TRACE i.a.p.raft.roles.FollowerRole - RaftServer{2}{role=FOLLOWER} - Received AppendRequest{term=2, leader=1, prevLogIndex=117, prevLogTerm=2, entries=0, commitIndex=117}
11:14:01.205 [raft-server-2] TRACE i.a.p.raft.roles.FollowerRole - RaftServer{2}{role=FOLLOWER} - Sending AppendResponse{status=OK, term=2, succeeded=true, lastLogIndex=117}
11:14:01.205 [raft-server-1] TRACE i.a.p.raft.roles.LeaderAppender - RaftServer{1} - Received AppendResponse{status=OK, term=2, succeeded=true, lastLogIndex=117} from 2
11:14:01.205 [raft-server-3] TRACE i.a.p.raft.roles.FollowerRole - RaftServer{3}{role=FOLLOWER} - Received AppendRequest{term=2, leader=1, prevLogIndex=117, prevLogTerm=2, entries=0, commitIndex=117}
11:14:01.205 [raft-server-3] TRACE i.a.p.raft.roles.FollowerRole - RaftServer{3}{role=FOLLOWER} - Sending AppendResponse{status=OK, term=2, succeeded=true, lastLogIndex=117}
11:14:01.205 [raft-server-1] TRACE i.a.p.raft.roles.LeaderAppender - RaftServer{1} - Received AppendResponse{status=OK, term=2, succeeded=true, lastLogIndex=117} from 3
11:14:01.356 [raft-server-2-state] DEBUG i.a.p.raft.impl.RaftServiceManager - RaftServer{2} - Completing snapshot 111
11:14:01.356 [raft-server-3-state] DEBUG i.a.p.raft.impl.RaftServiceManager - RaftServer{3} - Completing snapshot 111
11:14:01.412 [raft-server-2-state] DEBUG i.a.p.r.s.snapshot.FileSnapshot - Deleting FileSnapshot{index=91}
11:14:01.412 [raft-server-3-state] DEBUG i.a.p.r.s.snapshot.FileSnapshot - Deleting FileSnapshot{index=92}
11:14:01.412 [raft-server-3] DEBUG i.a.p.raft.impl.RaftServiceManager - RaftServer{3} - Compacting logs up to index 111
11:14:01.412 [raft-server-2] DEBUG i.a.p.raft.impl.RaftServiceManager - RaftServer{2} - Compacting logs up to index 111
11:14:01.412 [raft-server-3] DEBUG i.a.storage.journal.SegmentedJournal - atomix - Compacting 2 segment(s)
11:14:01.412 [raft-server-2] DEBUG i.a.storage.journal.SegmentedJournal - atomix - Compacting 2 segment(s)
11:14:01.412 [raft-server-3] TRACE i.a.storage.journal.SegmentedJournal - Deleting segment: JournalSegment{id=10, version=1, index=91, size=584}
11:14:01.413 [raft-server-2] TRACE i.a.storage.journal.SegmentedJournal - Deleting segment: JournalSegment{id=10, version=1, index=91, size=584}
11:14:01.413 [raft-server-3] TRACE i.a.storage.journal.SegmentedJournal - Deleting segment: JournalSegment{id=11, version=1, index=101, size=509}
11:14:01.413 [raft-server-2] TRACE i.a.storage.journal.SegmentedJournal - Deleting segment: JournalSegment{id=11, version=1, index=101, size=509}
11:14:01.454 [raft-server-1] TRACE i.a.p.raft.roles.LeaderAppender - RaftServer{1} - Sending AppendRequest{term=2, leader=1, prevLogIndex=117, prevLogTerm=2, entries=0, commitIndex=117} to 2
11:14:01.454 [raft-server-1] TRACE i.a.p.raft.roles.LeaderAppender - RaftServer{1} - Sending AppendRequest{term=2, leader=1, prevLogIndex=117, prevLogTerm=2, entries=0, commitIndex=117} to 3
11:14:01.454 [raft-server-2] TRACE i.a.p.raft.roles.FollowerRole - RaftServer{2}{role=FOLLOWER} - Received AppendRequest{term=2, leader=1, prevLogIndex=117, prevLogTerm=2, entries=0, commitIndex=117}
11:14:01.454 [raft-server-3] TRACE i.a.p.raft.roles.FollowerRole - RaftServer{3}{role=FOLLOWER} - Received AppendRequest{term=2, leader=1, prevLogIndex=117, prevLogTerm=2, entries=0, commitIndex=117}
11:14:01.454 [raft-server-2] TRACE i.a.p.raft.roles.FollowerRole - RaftServer{2}{role=FOLLOWER} - Sending AppendResponse{status=OK, term=2, succeeded=true, lastLogIndex=117}
11:14:01.454 [raft-server-3] TRACE i.a.p.raft.roles.FollowerRole - RaftServer{3}{role=FOLLOWER} - Sending AppendResponse{status=OK, term=2, succeeded=true, lastLogIndex=117}
11:14:01.454 [raft-server-1] TRACE i.a.p.raft.roles.LeaderAppender - RaftServer{1} - Received AppendResponse{status=OK, term=2, succeeded=true, lastLogIndex=117} from 2
11:14:01.454 [raft-server-1] TRACE i.a.p.raft.roles.LeaderAppender - RaftServer{1} - Sending AppendRequest{term=2, leader=1, prevLogIndex=117, prevLogTerm=2, entries=0, commitIndex=117} to 2
11:14:01.454 [raft-server-1] TRACE i.a.p.raft.roles.LeaderAppender - RaftServer{1} - Received AppendResponse{status=OK, term=2, succeeded=true, lastLogIndex=117} from 3
11:14:01.454 [raft-server-2] TRACE i.a.p.raft.roles.FollowerRole - RaftServer{2}{role=FOLLOWER} - Received AppendRequest{term=2, leader=1, prevLogIndex=117, prevLogTerm=2, entries=0, commitIndex=117}
11:14:01.455 [raft-server-2] TRACE i.a.p.raft.roles.FollowerRole - RaftServer{2}{role=FOLLOWER} - Sending AppendResponse{status=OK, term=2, succeeded=true, lastLogIndex=117}
11:14:01.455 [raft-server-1] TRACE i.a.p.raft.roles.LeaderAppender - RaftServer{1} - Sending AppendRequest{term=2, leader=1, prevLogIndex=117, prevLogTerm=2, entries=0, commitIndex=117} to 3
11:14:01.455 [raft-server-1] TRACE i.a.p.raft.roles.LeaderAppender - RaftServer{1} - Received AppendResponse{status=OK, term=2, succeeded=true, lastLogIndex=117} from 2
11:14:01.455 [raft-server-1] TRACE i.a.p.raft.roles.LeaderAppender - RaftServer{1} - Sending AppendRequest{term=2, leader=1, prevLogIndex=117, prevLogTerm=2, entries=0, commitIndex=117} to 2
11:14:01.455 [raft-server-2] TRACE i.a.p.raft.roles.FollowerRole - RaftServer{2}{role=FOLLOWER} - Received AppendRequest{term=2, leader=1, prevLogIndex=117, prevLogTerm=2, entries=0, commitIndex=117}
11:14:01.455 [raft-server-3] TRACE i.a.p.raft.roles.FollowerRole - RaftServer{3}{role=FOLLOWER} - Received AppendRequest{term=2, leader=1, prevLogIndex=117, prevLogTerm=2, entries=0, commitIndex=117}
11:14:01.455 [raft-server-2] TRACE i.a.p.raft.roles.FollowerRole - RaftServer{2}{role=FOLLOWER} - Sending AppendResponse{status=OK, term=2, succeeded=true, lastLogIndex=117}
11:14:01.455 [raft-server-3] TRACE i.a.p.raft.roles.FollowerRole - RaftServer{3}{role=FOLLOWER} - Sending AppendResponse{status=OK, term=2, succeeded=true, lastLogIndex=117}
11:14:01.455 [raft-server-1] TRACE i.a.p.raft.roles.LeaderAppender - RaftServer{1} - Received AppendResponse{status=OK, term=2, succeeded=true, lastLogIndex=117} from 2
11:14:01.455 [raft-server-1] TRACE i.a.p.raft.roles.LeaderAppender - RaftServer{1} - Received AppendResponse{status=OK, term=2, succeeded=true, lastLogIndex=117} from 3
11:14:01.704 [raft-server-1] TRACE i.a.p.raft.roles.LeaderAppender - RaftServer{1} - Sending AppendRequest{term=2, leader=1, prevLogIndex=117, prevLogTerm=2, entries=0, commitIndex=117} to 2
11:14:01.704 [raft-server-1] TRACE i.a.p.raft.roles.LeaderAppender - RaftServer{1} - Sending AppendRequest{term=2, leader=1, prevLogIndex=117, prevLogTerm=2, entries=0, commitIndex=117} to 3
11:14:01.704 [raft-server-2] TRACE i.a.p.raft.roles.FollowerRole - RaftServer{2}{role=FOLLOWER} - Received AppendRequest{term=2, leader=1, prevLogIndex=117, prevLogTerm=2, entries=0, commitIndex=117}
11:14:01.704 [raft-server-2] TRACE i.a.p.raft.roles.FollowerRole - RaftServer{2}{role=FOLLOWER} - Sending AppendResponse{status=OK, term=2, succeeded=true, lastLogIndex=117}
11:14:01.704 [raft-server-3] TRACE i.a.p.raft.roles.FollowerRole - RaftServer{3}{role=FOLLOWER} - Received AppendRequest{term=2, leader=1, prevLogIndex=117, prevLogTerm=2, entries=0, commitIndex=117}
11:14:01.704 [raft-server-3] TRACE i.a.p.raft.roles.FollowerRole - RaftServer{3}{role=FOLLOWER} - Sending AppendResponse{status=OK, term=2, succeeded=true, lastLogIndex=117}
11:14:01.704 [raft-server-1] TRACE i.a.p.raft.roles.LeaderAppender - RaftServer{1} - Received AppendResponse{status=OK, term=2, succeeded=true, lastLogIndex=117} from 2
11:14:01.704 [raft-server-1] TRACE i.a.p.raft.roles.LeaderAppender - RaftServer{1} - Sending AppendRequest{term=2, leader=1, prevLogIndex=117, prevLogTerm=2, entries=0, commitIndex=117} to 2
11:14:01.704 [raft-server-1] TRACE i.a.p.raft.roles.LeaderAppender - RaftServer{1} - Received AppendResponse{status=OK, term=2, succeeded=true, lastLogIndex=117} from 3
11:14:01.704 [raft-server-2] TRACE i.a.p.raft.roles.FollowerRole - RaftServer{2}{role=FOLLOWER} - Received AppendRequest{term=2, leader=1, prevLogIndex=117, prevLogTerm=2, entries=0, commitIndex=117}
11:14:01.704 [raft-server-1] TRACE i.a.p.raft.roles.LeaderAppender - RaftServer{1} - Sending AppendRequest{term=2, leader=1, prevLogIndex=117, prevLogTerm=2, entries=0, commitIndex=117} to 3
11:14:01.704 [raft-server-2] TRACE i.a.p.raft.roles.FollowerRole - RaftServer{2}{role=FOLLOWER} - Sending AppendResponse{status=OK, term=2, succeeded=true, lastLogIndex=117}
11:14:01.704 [raft-server-3] TRACE i.a.p.raft.roles.FollowerRole - RaftServer{3}{role=FOLLOWER} - Received AppendRequest{term=2, leader=1, prevLogIndex=117, prevLogTerm=2, entries=0, commitIndex=117}
11:14:01.704 [raft-server-1] TRACE i.a.p.raft.roles.LeaderAppender - RaftServer{1} - Received AppendResponse{status=OK, term=2, succeeded=true, lastLogIndex=117} from 2
11:14:01.704 [raft-server-3] TRACE i.a.p.raft.roles.FollowerRole - RaftServer{3}{role=FOLLOWER} - Sending AppendResponse{status=OK, term=2, succeeded=true, lastLogIndex=117}
11:14:01.704 [raft-server-1] TRACE i.a.p.raft.roles.LeaderAppender - RaftServer{1} - Sending AppendRequest{term=2, leader=1, prevLogIndex=117, prevLogTerm=2, entries=0, commitIndex=117} to 2
11:14:01.705 [raft-server-1] TRACE i.a.p.raft.roles.LeaderAppender - RaftServer{1} - Received AppendResponse{status=OK, term=2, succeeded=true, lastLogIndex=117} from 3
11:14:01.705 [raft-server-2] TRACE i.a.p.raft.roles.FollowerRole - RaftServer{2}{role=FOLLOWER} - Received AppendRequest{term=2, leader=1, prevLogIndex=117, prevLogTerm=2, entries=0, commitIndex=117}
11:14:01.705 [raft-server-2] TRACE i.a.p.raft.roles.FollowerRole - RaftServer{2}{role=FOLLOWER} - Sending AppendResponse{status=OK, term=2, succeeded=true, lastLogIndex=117}
11:14:01.705 [raft-server-1] TRACE i.a.p.raft.roles.LeaderAppender - RaftServer{1} - Sending AppendRequest{term=2, leader=1, prevLogIndex=117, prevLogTerm=2, entries=0, commitIndex=117} to 3
11:14:01.705 [raft-server-1] TRACE i.a.p.raft.roles.LeaderAppender - RaftServer{1} - Received AppendResponse{status=OK, term=2, succeeded=true, lastLogIndex=117} from 2
11:14:01.705 [raft-server-3] TRACE i.a.p.raft.roles.FollowerRole - RaftServer{3}{role=FOLLOWER} - Received AppendRequest{term=2, leader=1, prevLogIndex=117, prevLogTerm=2, entries=0, commitIndex=117}
11:14:01.705 [raft-server-3] TRACE i.a.p.raft.roles.FollowerRole - RaftServer{3}{role=FOLLOWER} - Sending AppendResponse{status=OK, term=2, succeeded=true, lastLogIndex=117}
11:14:01.705 [raft-server-1] TRACE i.a.p.raft.roles.LeaderAppender - RaftServer{1} - Sending AppendRequest{term=2, leader=1, prevLogIndex=117, prevLogTerm=2, entries=0, commitIndex=117} to 2
11:14:01.705 [raft-server-1] TRACE i.a.p.raft.roles.LeaderAppender - RaftServer{1} - Received AppendResponse{status=OK, term=2, succeeded=true, lastLogIndex=117} from 3
11:14:01.705 [raft-server-2] TRACE i.a.p.raft.roles.FollowerRole - RaftServer{2}{role=FOLLOWER} - Received AppendRequest{term=2, leader=1, prevLogIndex=117, prevLogTerm=2, entries=0, commitIndex=117}
11:14:01.705 [raft-server-2] TRACE i.a.p.raft.roles.FollowerRole - RaftServer{2}{role=FOLLOWER} - Sending AppendResponse{status=OK, term=2, succeeded=true, lastLogIndex=117}
11:14:01.705 [raft-server-1] TRACE i.a.p.raft.roles.LeaderAppender - RaftServer{1} - Received AppendResponse{status=OK, term=2, succeeded=true, lastLogIndex=117} from 2
11:14:01.883 [raft-server-3] TRACE i.a.p.raft.roles.FollowerRole - RaftServer{3}{role=FOLLOWER} - Sending CommandResponse{status=ERROR, error=RaftError{type=NO_LEADER, message=null}, lastSequence=0}
11:14:01.884 [raft-client-a5a0def7-e1df-4503-b1c6-00519ae66cf7-6] DEBUG i.a.p.r.p.impl.RaftProxyConnection - PartitionProxy{2}{type=PrimitiveType{name=test}, name=test} - CommandRequest{session=2, sequence=101, operation=PrimitiveOperation{id=DefaultOperationId{id=write, type=COMMAND}, value=byte[]{length=17, hash=-1644578928}}} failed! Reason: {}
java.util.concurrent.TimeoutException: null
	at io.atomix.protocols.raft.protocol.TestRaftProtocol.lambda$scheduleTimeout$0(TestRaftProtocol.java:48) ~[test-classes/:na]
	at java.util.concurrent.Executors$RunnableAdapter.call(Executors.java:511) ~[na:1.8.0_121]
	at java.util.concurrent.FutureTask.run(FutureTask.java:266) ~[na:1.8.0_121]
	at java.util.concurrent.ScheduledThreadPoolExecutor$ScheduledFutureTask.access$201(ScheduledThreadPoolExecutor.java:180) ~[na:1.8.0_121]
	at java.util.concurrent.ScheduledThreadPoolExecutor$ScheduledFutureTask.run(ScheduledThreadPoolExecutor.java:293) ~[na:1.8.0_121]
	at java.util.concurrent.ThreadPoolExecutor.runWorker(ThreadPoolExecutor.java:1142) ~[na:1.8.0_121]
	at java.util.concurrent.ThreadPoolExecutor$Worker.run(ThreadPoolExecutor.java:617) ~[na:1.8.0_121]
	at java.lang.Thread.run(Thread.java:745) ~[na:1.8.0_121]
11:14:01.884 [raft-client-a5a0def7-e1df-4503-b1c6-00519ae66cf7-6] TRACE i.a.p.r.p.impl.RaftProxyConnection - PartitionProxy{2}{type=PrimitiveType{name=test}, name=test} - Resetting connection. Reason: null
11:14:01.884 [raft-client-a5a0def7-e1df-4503-b1c6-00519ae66cf7-6] TRACE i.a.p.r.p.impl.RaftProxyConnection - PartitionProxy{2}{type=PrimitiveType{name=test}, name=test} - Sending CommandRequest{session=2, sequence=101, operation=PrimitiveOperation{id=DefaultOperationId{id=write, type=COMMAND}, value=byte[]{length=17, hash=-1644578928}}} to 1
11:14:01.884 [raft-server-1] TRACE i.a.protocols.raft.roles.LeaderRole - RaftServer{1}{role=LEADER} - Received CommandRequest{session=2, sequence=101, operation=PrimitiveOperation{id=DefaultOperationId{id=write, type=COMMAND}, value=byte[]{length=17, hash=-1644578928}}}
11:14:01.884 [raft-server-1] TRACE i.a.protocols.raft.roles.LeaderRole - RaftServer{1}{role=LEADER} - Returning pending result for command sequence 101
11:14:01.954 [raft-server-1] TRACE i.a.p.raft.roles.LeaderAppender - RaftServer{1} - Sending AppendRequest{term=2, leader=1, prevLogIndex=117, prevLogTerm=2, entries=0, commitIndex=117} to 2
11:14:01.954 [raft-server-1] TRACE i.a.p.raft.roles.LeaderAppender - RaftServer{1} - Sending AppendRequest{term=2, leader=1, prevLogIndex=117, prevLogTerm=2, entries=0, commitIndex=117} to 3
11:14:01.954 [raft-server-2] TRACE i.a.p.raft.roles.FollowerRole - RaftServer{2}{role=FOLLOWER} - Received AppendRequest{term=2, leader=1, prevLogIndex=117, prevLogTerm=2, entries=0, commitIndex=117}
11:14:01.954 [raft-server-2] TRACE i.a.p.raft.roles.FollowerRole - RaftServer{2}{role=FOLLOWER} - Sending AppendResponse{status=OK, term=2, succeeded=true, lastLogIndex=117}
11:14:01.954 [raft-server-3] TRACE i.a.p.raft.roles.FollowerRole - RaftServer{3}{role=FOLLOWER} - Received AppendRequest{term=2, leader=1, prevLogIndex=117, prevLogTerm=2, entries=0, commitIndex=117}
11:14:01.954 [raft-server-3] TRACE i.a.p.raft.roles.FollowerRole - RaftServer{3}{role=FOLLOWER} - Sending AppendResponse{status=OK, term=2, succeeded=true, lastLogIndex=117}
11:14:01.954 [raft-server-1] TRACE i.a.p.raft.roles.LeaderAppender - RaftServer{1} - Received AppendResponse{status=OK, term=2, succeeded=true, lastLogIndex=117} from 2
11:14:01.954 [raft-server-1] TRACE i.a.p.raft.roles.LeaderAppender - RaftServer{1} - Sending AppendRequest{term=2, leader=1, prevLogIndex=117, prevLogTerm=2, entries=0, commitIndex=117} to 2
11:14:01.954 [raft-server-1] TRACE i.a.p.raft.roles.LeaderAppender - RaftServer{1} - Received AppendResponse{status=OK, term=2, succeeded=true, lastLogIndex=117} from 3
11:14:01.954 [raft-server-2] TRACE i.a.p.raft.roles.FollowerRole - RaftServer{2}{role=FOLLOWER} - Received AppendRequest{term=2, leader=1, prevLogIndex=117, prevLogTerm=2, entries=0, commitIndex=117}
11:14:01.954 [raft-server-1] TRACE i.a.p.raft.roles.LeaderAppender - RaftServer{1} - Sending AppendRequest{term=2, leader=1, prevLogIndex=117, prevLogTerm=2, entries=0, commitIndex=117} to 3
11:14:01.954 [raft-server-2] TRACE i.a.p.raft.roles.FollowerRole - RaftServer{2}{role=FOLLOWER} - Sending AppendResponse{status=OK, term=2, succeeded=true, lastLogIndex=117}
11:14:01.954 [raft-server-3] TRACE i.a.p.raft.roles.FollowerRole - RaftServer{3}{role=FOLLOWER} - Received AppendRequest{term=2, leader=1, prevLogIndex=117, prevLogTerm=2, entries=0, commitIndex=117}
11:14:01.954 [raft-server-3] TRACE i.a.p.raft.roles.FollowerRole - RaftServer{3}{role=FOLLOWER} - Sending AppendResponse{status=OK, term=2, succeeded=true, lastLogIndex=117}
11:14:01.954 [raft-server-1] TRACE i.a.p.raft.roles.LeaderAppender - RaftServer{1} - Received AppendResponse{status=OK, term=2, succeeded=true, lastLogIndex=117} from 2
11:14:01.955 [raft-server-1] TRACE i.a.p.raft.roles.LeaderAppender - RaftServer{1} - Sending AppendRequest{term=2, leader=1, prevLogIndex=117, prevLogTerm=2, entries=0, commitIndex=117} to 2
11:14:01.955 [raft-server-1] TRACE i.a.p.raft.roles.LeaderAppender - RaftServer{1} - Received AppendResponse{status=OK, term=2, succeeded=true, lastLogIndex=117} from 3
11:14:01.955 [raft-server-2] TRACE i.a.p.raft.roles.FollowerRole - RaftServer{2}{role=FOLLOWER} - Received AppendRequest{term=2, leader=1, prevLogIndex=117, prevLogTerm=2, entries=0, commitIndex=117}
11:14:01.955 [raft-server-1] TRACE i.a.p.raft.roles.LeaderAppender - RaftServer{1} - Sending AppendRequest{term=2, leader=1, prevLogIndex=117, prevLogTerm=2, entries=0, commitIndex=117} to 3
11:14:01.955 [raft-server-2] TRACE i.a.p.raft.roles.FollowerRole - RaftServer{2}{role=FOLLOWER} - Sending AppendResponse{status=OK, term=2, succeeded=true, lastLogIndex=117}
11:14:01.955 [raft-server-1] TRACE i.a.p.raft.roles.LeaderAppender - RaftServer{1} - Received AppendResponse{status=OK, term=2, succeeded=true, lastLogIndex=117} from 2
11:14:01.955 [raft-server-3] TRACE i.a.p.raft.roles.FollowerRole - RaftServer{3}{role=FOLLOWER} - Received AppendRequest{term=2, leader=1, prevLogIndex=117, prevLogTerm=2, entries=0, commitIndex=117}
11:14:01.955 [raft-server-3] TRACE i.a.p.raft.roles.FollowerRole - RaftServer{3}{role=FOLLOWER} - Sending AppendResponse{status=OK, term=2, succeeded=true, lastLogIndex=117}
11:14:01.955 [raft-server-1] TRACE i.a.p.raft.roles.LeaderAppender - RaftServer{1} - Received AppendResponse{status=OK, term=2, succeeded=true, lastLogIndex=117} from 3
11:14:02.204 [raft-server-1] TRACE i.a.p.raft.roles.LeaderAppender - RaftServer{1} - Sending AppendRequest{term=2, leader=1, prevLogIndex=117, prevLogTerm=2, entries=0, commitIndex=117} to 2
11:14:02.204 [raft-server-1] TRACE i.a.p.raft.roles.LeaderAppender - RaftServer{1} - Sending AppendRequest{term=2, leader=1, prevLogIndex=117, prevLogTerm=2, entries=0, commitIndex=117} to 3
11:14:02.204 [raft-server-2] TRACE i.a.p.raft.roles.FollowerRole - RaftServer{2}{role=FOLLOWER} - Received AppendRequest{term=2, leader=1, prevLogIndex=117, prevLogTerm=2, entries=0, commitIndex=117}
11:14:02.204 [raft-server-3] TRACE i.a.p.raft.roles.FollowerRole - RaftServer{3}{role=FOLLOWER} - Received AppendRequest{term=2, leader=1, prevLogIndex=117, prevLogTerm=2, entries=0, commitIndex=117}
11:14:02.204 [raft-server-2] TRACE i.a.p.raft.roles.FollowerRole - RaftServer{2}{role=FOLLOWER} - Sending AppendResponse{status=OK, term=2, succeeded=true, lastLogIndex=117}
11:14:02.204 [raft-server-3] TRACE i.a.p.raft.roles.FollowerRole - RaftServer{3}{role=FOLLOWER} - Sending AppendResponse{status=OK, term=2, succeeded=true, lastLogIndex=117}
11:14:02.204 [raft-server-1] TRACE i.a.p.raft.roles.LeaderAppender - RaftServer{1} - Received AppendResponse{status=OK, term=2, succeeded=true, lastLogIndex=117} from 2
11:14:02.204 [raft-server-1] TRACE i.a.p.raft.roles.LeaderAppender - RaftServer{1} - Sending AppendRequest{term=2, leader=1, prevLogIndex=117, prevLogTerm=2, entries=0, commitIndex=117} to 2
11:14:02.204 [raft-server-1] TRACE i.a.p.raft.roles.LeaderAppender - RaftServer{1} - Received AppendResponse{status=OK, term=2, succeeded=true, lastLogIndex=117} from 3
11:14:02.204 [raft-server-2] TRACE i.a.p.raft.roles.FollowerRole - RaftServer{2}{role=FOLLOWER} - Received AppendRequest{term=2, leader=1, prevLogIndex=117, prevLogTerm=2, entries=0, commitIndex=117}
11:14:02.204 [raft-server-2] TRACE i.a.p.raft.roles.FollowerRole - RaftServer{2}{role=FOLLOWER} - Sending AppendResponse{status=OK, term=2, succeeded=true, lastLogIndex=117}
11:14:02.204 [raft-server-1] TRACE i.a.p.raft.roles.LeaderAppender - RaftServer{1} - Sending AppendRequest{term=2, leader=1, prevLogIndex=117, prevLogTerm=2, entries=0, commitIndex=117} to 3
11:14:02.204 [raft-server-3] TRACE i.a.p.raft.roles.FollowerRole - RaftServer{3}{role=FOLLOWER} - Received AppendRequest{term=2, leader=1, prevLogIndex=117, prevLogTerm=2, entries=0, commitIndex=117}
11:14:02.204 [raft-server-1] TRACE i.a.p.raft.roles.LeaderAppender - RaftServer{1} - Received AppendResponse{status=OK, term=2, succeeded=true, lastLogIndex=117} from 2
11:14:02.204 [raft-server-3] TRACE i.a.p.raft.roles.FollowerRole - RaftServer{3}{role=FOLLOWER} - Sending AppendResponse{status=OK, term=2, succeeded=true, lastLogIndex=117}
11:14:02.204 [raft-server-1] TRACE i.a.p.raft.roles.LeaderAppender - RaftServer{1} - Sending AppendRequest{term=2, leader=1, prevLogIndex=117, prevLogTerm=2, entries=0, commitIndex=117} to 2
11:14:02.205 [raft-server-1] TRACE i.a.p.raft.roles.LeaderAppender - RaftServer{1} - Received AppendResponse{status=OK, term=2, succeeded=true, lastLogIndex=117} from 3
11:14:02.205 [raft-server-2] TRACE i.a.p.raft.roles.FollowerRole - RaftServer{2}{role=FOLLOWER} - Received AppendRequest{term=2, leader=1, prevLogIndex=117, prevLogTerm=2, entries=0, commitIndex=117}
11:14:02.205 [raft-server-2] TRACE i.a.p.raft.roles.FollowerRole - RaftServer{2}{role=FOLLOWER} - Sending AppendResponse{status=OK, term=2, succeeded=true, lastLogIndex=117}
11:14:02.205 [raft-server-1] TRACE i.a.p.raft.roles.LeaderAppender - RaftServer{1} - Sending AppendRequest{term=2, leader=1, prevLogIndex=117, prevLogTerm=2, entries=0, commitIndex=117} to 3
11:14:02.205 [raft-server-1] TRACE i.a.p.raft.roles.LeaderAppender - RaftServer{1} - Received AppendResponse{status=OK, term=2, succeeded=true, lastLogIndex=117} from 2
11:14:02.205 [raft-server-3] TRACE i.a.p.raft.roles.FollowerRole - RaftServer{3}{role=FOLLOWER} - Received AppendRequest{term=2, leader=1, prevLogIndex=117, prevLogTerm=2, entries=0, commitIndex=117}
11:14:02.205 [raft-server-1] TRACE i.a.p.raft.roles.LeaderAppender - RaftServer{1} - Sending AppendRequest{term=2, leader=1, prevLogIndex=117, prevLogTerm=2, entries=0, commitIndex=117} to 2
11:14:02.205 [raft-server-3] TRACE i.a.p.raft.roles.FollowerRole - RaftServer{3}{role=FOLLOWER} - Sending AppendResponse{status=OK, term=2, succeeded=true, lastLogIndex=117}
11:14:02.205 [raft-server-2] TRACE i.a.p.raft.roles.FollowerRole - RaftServer{2}{role=FOLLOWER} - Received AppendRequest{term=2, leader=1, prevLogIndex=117, prevLogTerm=2, entries=0, commitIndex=117}
11:14:02.205 [raft-server-1] TRACE i.a.p.raft.roles.LeaderAppender - RaftServer{1} - Received AppendResponse{status=OK, term=2, succeeded=true, lastLogIndex=117} from 3
11:14:02.205 [raft-server-2] TRACE i.a.p.raft.roles.FollowerRole - RaftServer{2}{role=FOLLOWER} - Sending AppendResponse{status=OK, term=2, succeeded=true, lastLogIndex=117}
11:14:02.205 [raft-server-1] TRACE i.a.p.raft.roles.LeaderAppender - RaftServer{1} - Received AppendResponse{status=OK, term=2, succeeded=true, lastLogIndex=117} from 2
11:14:02.454 [raft-server-1] TRACE i.a.p.raft.roles.LeaderAppender - RaftServer{1} - Sending AppendRequest{term=2, leader=1, prevLogIndex=117, prevLogTerm=2, entries=0, commitIndex=117} to 2
11:14:02.454 [raft-server-2] TRACE i.a.p.raft.roles.FollowerRole - RaftServer{2}{role=FOLLOWER} - Received AppendRequest{term=2, leader=1, prevLogIndex=117, prevLogTerm=2, entries=0, commitIndex=117}
11:14:02.454 [raft-server-1] TRACE i.a.p.raft.roles.LeaderAppender - RaftServer{1} - Sending AppendRequest{term=2, leader=1, prevLogIndex=117, prevLogTerm=2, entries=0, commitIndex=117} to 3
11:14:02.454 [raft-server-2] TRACE i.a.p.raft.roles.FollowerRole - RaftServer{2}{role=FOLLOWER} - Sending AppendResponse{status=OK, term=2, succeeded=true, lastLogIndex=117}
11:14:02.454 [raft-server-1] TRACE i.a.p.raft.roles.LeaderAppender - RaftServer{1} - Received AppendResponse{status=OK, term=2, succeeded=true, lastLogIndex=117} from 2
11:14:02.454 [raft-server-3] TRACE i.a.p.raft.roles.FollowerRole - RaftServer{3}{role=FOLLOWER} - Received AppendRequest{term=2, leader=1, prevLogIndex=117, prevLogTerm=2, entries=0, commitIndex=117}
11:14:02.454 [raft-server-1] TRACE i.a.p.raft.roles.LeaderAppender - RaftServer{1} - Sending AppendRequest{term=2, leader=1, prevLogIndex=117, prevLogTerm=2, entries=0, commitIndex=117} to 2
11:14:02.454 [raft-server-3] TRACE i.a.p.raft.roles.FollowerRole - RaftServer{3}{role=FOLLOWER} - Sending AppendResponse{status=OK, term=2, succeeded=true, lastLogIndex=117}
11:14:02.454 [raft-server-2] TRACE i.a.p.raft.roles.FollowerRole - RaftServer{2}{role=FOLLOWER} - Received AppendRequest{term=2, leader=1, prevLogIndex=117, prevLogTerm=2, entries=0, commitIndex=117}
11:14:02.454 [raft-server-2] TRACE i.a.p.raft.roles.FollowerRole - RaftServer{2}{role=FOLLOWER} - Sending AppendResponse{status=OK, term=2, succeeded=true, lastLogIndex=117}
11:14:02.454 [raft-server-1] TRACE i.a.p.raft.roles.LeaderAppender - RaftServer{1} - Received AppendResponse{status=OK, term=2, succeeded=true, lastLogIndex=117} from 3
11:14:02.454 [raft-server-1] TRACE i.a.p.raft.roles.LeaderAppender - RaftServer{1} - Sending AppendRequest{term=2, leader=1, prevLogIndex=117, prevLogTerm=2, entries=0, commitIndex=117} to 3
11:14:02.454 [raft-server-1] TRACE i.a.p.raft.roles.LeaderAppender - RaftServer{1} - Received AppendResponse{status=OK, term=2, succeeded=true, lastLogIndex=117} from 2
11:14:02.455 [raft-server-3] TRACE i.a.p.raft.roles.FollowerRole - RaftServer{3}{role=FOLLOWER} - Received AppendRequest{term=2, leader=1, prevLogIndex=117, prevLogTerm=2, entries=0, commitIndex=117}
11:14:02.455 [raft-server-3] TRACE i.a.p.raft.roles.FollowerRole - RaftServer{3}{role=FOLLOWER} - Sending AppendResponse{status=OK, term=2, succeeded=true, lastLogIndex=117}
11:14:02.455 [raft-server-1] TRACE i.a.p.raft.roles.LeaderAppender - RaftServer{1} - Sending AppendRequest{term=2, leader=1, prevLogIndex=117, prevLogTerm=2, entries=0, commitIndex=117} to 2
11:14:02.455 [raft-server-1] TRACE i.a.p.raft.roles.LeaderAppender - RaftServer{1} - Received AppendResponse{status=OK, term=2, succeeded=true, lastLogIndex=117} from 3
11:14:02.455 [raft-server-2] TRACE i.a.p.raft.roles.FollowerRole - RaftServer{2}{role=FOLLOWER} - Received AppendRequest{term=2, leader=1, prevLogIndex=117, prevLogTerm=2, entries=0, commitIndex=117}
11:14:02.455 [raft-server-2] TRACE i.a.p.raft.roles.FollowerRole - RaftServer{2}{role=FOLLOWER} - Sending AppendResponse{status=OK, term=2, succeeded=true, lastLogIndex=117}
11:14:02.455 [raft-server-1] TRACE i.a.p.raft.roles.LeaderAppender - RaftServer{1} - Sending AppendRequest{term=2, leader=1, prevLogIndex=117, prevLogTerm=2, entries=0, commitIndex=117} to 3
11:14:02.455 [raft-server-1] TRACE i.a.p.raft.roles.LeaderAppender - RaftServer{1} - Received AppendResponse{status=OK, term=2, succeeded=true, lastLogIndex=117} from 2
11:14:02.456 [raft-server-3] TRACE i.a.p.raft.roles.FollowerRole - RaftServer{3}{role=FOLLOWER} - Received AppendRequest{term=2, leader=1, prevLogIndex=117, prevLogTerm=2, entries=0, commitIndex=117}
11:14:02.456 [raft-server-3] TRACE i.a.p.raft.roles.FollowerRole - RaftServer{3}{role=FOLLOWER} - Sending AppendResponse{status=OK, term=2, succeeded=true, lastLogIndex=117}
11:14:02.456 [raft-server-1] TRACE i.a.p.raft.roles.LeaderAppender - RaftServer{1} - Received AppendResponse{status=OK, term=2, succeeded=true, lastLogIndex=117} from 3
11:14:02.588 [raft-client-a5a0def7-e1df-4503-b1c6-00519ae66cf7-2] TRACE i.a.p.r.proxy.impl.RaftProxyManager - RaftClient{a5a0def7-e1df-4503-b1c6-00519ae66cf7} - Keeping 1 sessions alive
11:14:02.589 [raft-client-a5a0def7-e1df-4503-b1c6-00519ae66cf7-2] TRACE i.a.p.r.p.impl.RaftProxyConnection - RaftClient{a5a0def7-e1df-4503-b1c6-00519ae66cf7} - Sending KeepAliveRequest{sessionIds=long[]{length=1, hash=147}, commandSequences=long[]{length=1, hash=31}, eventIndexes=long[]{length=1, hash=147}} to 1
11:14:02.589 [raft-server-1] TRACE i.a.protocols.raft.roles.LeaderRole - RaftServer{1}{role=LEADER} - Received KeepAliveRequest{sessionIds=long[]{length=1, hash=147}, commandSequences=long[]{length=1, hash=31}, eventIndexes=long[]{length=1, hash=147}}
11:14:02.589 [raft-server-1] TRACE i.a.protocols.raft.roles.LeaderRole - RaftServer{1}{role=LEADER} - Appended Indexed{index=118, entry=KeepAliveEntry{term=2, timestamp=2018-05-30 11:14:02,589, sessionIds=long[]{length=1, hash=147}, commandSequences=long[]{length=1, hash=31}, eventIndexes=long[]{length=1, hash=147}}}
11:14:02.589 [raft-server-1] TRACE i.a.p.raft.roles.LeaderAppender - RaftServer{1} - Sending AppendRequest{term=2, leader=1, prevLogIndex=117, prevLogTerm=2, entries=1, commitIndex=117} to 2
11:14:02.590 [raft-server-2] TRACE i.a.p.raft.roles.FollowerRole - RaftServer{2}{role=FOLLOWER} - Received AppendRequest{term=2, leader=1, prevLogIndex=117, prevLogTerm=2, entries=1, commitIndex=117}
11:14:02.590 [raft-server-2] TRACE i.a.p.raft.roles.FollowerRole - RaftServer{2}{role=FOLLOWER} - Appended Indexed{index=118, entry=KeepAliveEntry{term=2, timestamp=2018-05-30 11:14:02,589, sessionIds=long[]{length=1, hash=147}, commandSequences=long[]{length=1, hash=31}, eventIndexes=long[]{length=1, hash=147}}}
11:14:02.590 [raft-server-2] TRACE i.a.p.raft.roles.FollowerRole - RaftServer{2}{role=FOLLOWER} - Sending AppendResponse{status=OK, term=2, succeeded=true, lastLogIndex=118}
11:14:02.590 [raft-server-1] TRACE i.a.p.raft.roles.LeaderAppender - RaftServer{1} - Sending AppendRequest{term=2, leader=1, prevLogIndex=117, prevLogTerm=2, entries=1, commitIndex=117} to 3
11:14:02.590 [raft-server-1] TRACE i.a.p.raft.roles.LeaderAppender - RaftServer{1} - Received AppendResponse{status=OK, term=2, succeeded=true, lastLogIndex=118} from 2
11:14:02.590 [raft-server-1] TRACE i.a.p.raft.roles.LeaderAppender - RaftServer{1} - Committed entries up to 118
11:14:02.590 [raft-server-3] TRACE i.a.p.raft.roles.FollowerRole - RaftServer{3}{role=FOLLOWER} - Received AppendRequest{term=2, leader=1, prevLogIndex=117, prevLogTerm=2, entries=1, commitIndex=117}
11:14:02.591 [raft-server-3] TRACE i.a.p.raft.roles.FollowerRole - RaftServer{3}{role=FOLLOWER} - Appended Indexed{index=118, entry=KeepAliveEntry{term=2, timestamp=2018-05-30 11:14:02,589, sessionIds=long[]{length=1, hash=147}, commandSequences=long[]{length=1, hash=31}, eventIndexes=long[]{length=1, hash=147}}}
11:14:02.591 [raft-server-3] TRACE i.a.p.raft.roles.FollowerRole - RaftServer{3}{role=FOLLOWER} - Sending AppendResponse{status=OK, term=2, succeeded=true, lastLogIndex=118}
11:14:02.637 [raft-server-1] TRACE i.a.p.raft.roles.LeaderAppender - RaftServer{1} - Received AppendResponse{status=OK, term=2, succeeded=true, lastLogIndex=118} from 3
11:14:02.637 [raft-server-1-state] TRACE i.a.p.raft.impl.RaftServiceManager - RaftServer{1} - Applying Indexed{index=118, entry=KeepAliveEntry{term=2, timestamp=2018-05-30 11:14:02,589, sessionIds=long[]{length=1, hash=147}, commandSequences=long[]{length=1, hash=31}, eventIndexes=long[]{length=1, hash=147}}}
11:14:02.637 [raft-server-1] TRACE i.a.protocols.raft.roles.LeaderRole - RaftServer{1}{role=LEADER} - Sending KeepAliveResponse{status=OK, leader=1, members=[1, 2, 3], sessionIds=long[]{length=1, hash=147}}
11:14:02.638 [raft-client-a5a0def7-e1df-4503-b1c6-00519ae66cf7-5] TRACE i.a.p.r.p.impl.RaftProxyConnection - RaftClient{a5a0def7-e1df-4503-b1c6-00519ae66cf7} - Received KeepAliveResponse{status=OK, leader=1, members=[1, 2, 3], sessionIds=long[]{length=1, hash=147}} from 1
11:14:02.704 [raft-server-1] TRACE i.a.p.raft.roles.LeaderAppender - RaftServer{1} - Sending AppendRequest{term=2, leader=1, prevLogIndex=118, prevLogTerm=2, entries=0, commitIndex=118} to 2
11:14:02.704 [raft-server-1] TRACE i.a.p.raft.roles.LeaderAppender - RaftServer{1} - Sending AppendRequest{term=2, leader=1, prevLogIndex=118, prevLogTerm=2, entries=0, commitIndex=118} to 3
11:14:02.704 [raft-server-2] TRACE i.a.p.raft.roles.FollowerRole - RaftServer{2}{role=FOLLOWER} - Received AppendRequest{term=2, leader=1, prevLogIndex=118, prevLogTerm=2, entries=0, commitIndex=118}
11:14:02.704 [raft-server-3] TRACE i.a.p.raft.roles.FollowerRole - RaftServer{3}{role=FOLLOWER} - Received AppendRequest{term=2, leader=1, prevLogIndex=118, prevLogTerm=2, entries=0, commitIndex=118}
11:14:02.737 [raft-server-2] TRACE i.a.p.raft.roles.FollowerRole - RaftServer{2}{role=FOLLOWER} - Committed entries up to index 118
11:14:02.737 [raft-server-3] TRACE i.a.p.raft.roles.FollowerRole - RaftServer{3}{role=FOLLOWER} - Committed entries up to index 118
11:14:02.737 [raft-server-2] TRACE i.a.p.raft.roles.FollowerRole - RaftServer{2}{role=FOLLOWER} - Sending AppendResponse{status=OK, term=2, succeeded=true, lastLogIndex=118}
11:14:02.737 [raft-server-3] TRACE i.a.p.raft.roles.FollowerRole - RaftServer{3}{role=FOLLOWER} - Sending AppendResponse{status=OK, term=2, succeeded=true, lastLogIndex=118}
11:14:02.737 [raft-server-1] TRACE i.a.p.raft.roles.LeaderAppender - RaftServer{1} - Received AppendResponse{status=OK, term=2, succeeded=true, lastLogIndex=118} from 2
11:14:02.737 [raft-server-2-state] TRACE i.a.p.raft.impl.RaftServiceManager - RaftServer{2} - Applying Indexed{index=118, entry=KeepAliveEntry{term=2, timestamp=2018-05-30 11:14:02,589, sessionIds=long[]{length=1, hash=147}, commandSequences=long[]{length=1, hash=31}, eventIndexes=long[]{length=1, hash=147}}}
11:14:02.737 [raft-server-3-state] TRACE i.a.p.raft.impl.RaftServiceManager - RaftServer{3} - Applying Indexed{index=118, entry=KeepAliveEntry{term=2, timestamp=2018-05-30 11:14:02,589, sessionIds=long[]{length=1, hash=147}, commandSequences=long[]{length=1, hash=31}, eventIndexes=long[]{length=1, hash=147}}}
11:14:02.737 [raft-server-1] TRACE i.a.p.raft.roles.LeaderAppender - RaftServer{1} - Sending AppendRequest{term=2, leader=1, prevLogIndex=118, prevLogTerm=2, entries=0, commitIndex=118} to 2
11:14:02.738 [raft-server-2] TRACE i.a.p.raft.roles.FollowerRole - RaftServer{2}{role=FOLLOWER} - Received AppendRequest{term=2, leader=1, prevLogIndex=118, prevLogTerm=2, entries=0, commitIndex=118}
11:14:02.738 [raft-server-1] TRACE i.a.p.raft.roles.LeaderAppender - RaftServer{1} - Received AppendResponse{status=OK, term=2, succeeded=true, lastLogIndex=118} from 3
11:14:02.738 [raft-server-2] TRACE i.a.p.raft.roles.FollowerRole - RaftServer{2}{role=FOLLOWER} - Sending AppendResponse{status=OK, term=2, succeeded=true, lastLogIndex=118}
11:14:02.738 [raft-server-1] TRACE i.a.p.raft.roles.LeaderAppender - RaftServer{1} - Sending AppendRequest{term=2, leader=1, prevLogIndex=118, prevLogTerm=2, entries=0, commitIndex=118} to 3
11:14:02.738 [raft-server-1] TRACE i.a.p.raft.roles.LeaderAppender - RaftServer{1} - Received AppendResponse{status=OK, term=2, succeeded=true, lastLogIndex=118} from 2
11:14:02.738 [raft-server-3] TRACE i.a.p.raft.roles.FollowerRole - RaftServer{3}{role=FOLLOWER} - Received AppendRequest{term=2, leader=1, prevLogIndex=118, prevLogTerm=2, entries=0, commitIndex=118}
11:14:02.738 [raft-server-3] TRACE i.a.p.raft.roles.FollowerRole - RaftServer{3}{role=FOLLOWER} - Sending AppendResponse{status=OK, term=2, succeeded=true, lastLogIndex=118}
11:14:02.738 [raft-server-1] TRACE i.a.p.raft.roles.LeaderAppender - RaftServer{1} - Received AppendResponse{status=OK, term=2, succeeded=true, lastLogIndex=118} from 3
11:14:02.885 [raft-client-a5a0def7-e1df-4503-b1c6-00519ae66cf7-6] DEBUG i.a.p.r.p.impl.RaftProxyConnection - PartitionProxy{2}{type=PrimitiveType{name=test}, name=test} - CommandRequest{session=2, sequence=101, operation=PrimitiveOperation{id=DefaultOperationId{id=write, type=COMMAND}, value=byte[]{length=17, hash=-1644578928}}} failed! Reason: {}
java.util.concurrent.TimeoutException: null
	at io.atomix.protocols.raft.protocol.TestRaftProtocol.lambda$scheduleTimeout$0(TestRaftProtocol.java:48) ~[test-classes/:na]
	at java.util.concurrent.Executors$RunnableAdapter.call(Executors.java:511) ~[na:1.8.0_121]
	at java.util.concurrent.FutureTask.run(FutureTask.java:266) ~[na:1.8.0_121]
	at java.util.concurrent.ScheduledThreadPoolExecutor$ScheduledFutureTask.access$201(ScheduledThreadPoolExecutor.java:180) ~[na:1.8.0_121]
	at java.util.concurrent.ScheduledThreadPoolExecutor$ScheduledFutureTask.run(ScheduledThreadPoolExecutor.java:293) ~[na:1.8.0_121]
	at java.util.concurrent.ThreadPoolExecutor.runWorker(ThreadPoolExecutor.java:1142) ~[na:1.8.0_121]
	at java.util.concurrent.ThreadPoolExecutor$Worker.run(ThreadPoolExecutor.java:617) ~[na:1.8.0_121]
	at java.lang.Thread.run(Thread.java:745) ~[na:1.8.0_121]
11:14:02.885 [raft-client-a5a0def7-e1df-4503-b1c6-00519ae66cf7-6] TRACE i.a.p.r.p.impl.RaftProxyConnection - PartitionProxy{2}{type=PrimitiveType{name=test}, name=test} - Resetting connection. Reason: null
11:14:02.885 [raft-client-a5a0def7-e1df-4503-b1c6-00519ae66cf7-6] TRACE i.a.p.r.p.impl.RaftProxyConnection - PartitionProxy{2}{type=PrimitiveType{name=test}, name=test} - Sending CommandRequest{session=2, sequence=101, operation=PrimitiveOperation{id=DefaultOperationId{id=write, type=COMMAND}, value=byte[]{length=17, hash=-1644578928}}} to 1
11:14:02.885 [raft-server-1] TRACE i.a.protocols.raft.roles.LeaderRole - RaftServer{1}{role=LEADER} - Received CommandRequest{session=2, sequence=101, operation=PrimitiveOperation{id=DefaultOperationId{id=write, type=COMMAND}, value=byte[]{length=17, hash=-1644578928}}}
11:14:02.885 [raft-server-1] TRACE i.a.protocols.raft.roles.LeaderRole - RaftServer{1}{role=LEADER} - Returning pending result for command sequence 101
11:14:02.954 [raft-server-1] TRACE i.a.p.raft.roles.LeaderAppender - RaftServer{1} - Sending AppendRequest{term=2, leader=1, prevLogIndex=118, prevLogTerm=2, entries=0, commitIndex=118} to 2
11:14:02.954 [raft-server-2] TRACE i.a.p.raft.roles.FollowerRole - RaftServer{2}{role=FOLLOWER} - Received AppendRequest{term=2, leader=1, prevLogIndex=118, prevLogTerm=2, entries=0, commitIndex=118}
11:14:02.954 [raft-server-1] TRACE i.a.p.raft.roles.LeaderAppender - RaftServer{1} - Sending AppendRequest{term=2, leader=1, prevLogIndex=118, prevLogTerm=2, entries=0, commitIndex=118} to 3
11:14:02.954 [raft-server-2] TRACE i.a.p.raft.roles.FollowerRole - RaftServer{2}{role=FOLLOWER} - Sending AppendResponse{status=OK, term=2, succeeded=true, lastLogIndex=118}
11:14:02.954 [raft-server-3] TRACE i.a.p.raft.roles.FollowerRole - RaftServer{3}{role=FOLLOWER} - Received AppendRequest{term=2, leader=1, prevLogIndex=118, prevLogTerm=2, entries=0, commitIndex=118}
11:14:02.954 [raft-server-1] TRACE i.a.p.raft.roles.LeaderAppender - RaftServer{1} - Received AppendResponse{status=OK, term=2, succeeded=true, lastLogIndex=118} from 2
11:14:02.954 [raft-server-3] TRACE i.a.p.raft.roles.FollowerRole - RaftServer{3}{role=FOLLOWER} - Sending AppendResponse{status=OK, term=2, succeeded=true, lastLogIndex=118}
11:14:02.954 [raft-server-1] TRACE i.a.p.raft.roles.LeaderAppender - RaftServer{1} - Sending AppendRequest{term=2, leader=1, prevLogIndex=118, prevLogTerm=2, entries=0, commitIndex=118} to 2
11:14:02.954 [raft-server-1] TRACE i.a.p.raft.roles.LeaderAppender - RaftServer{1} - Received AppendResponse{status=OK, term=2, succeeded=true, lastLogIndex=118} from 3
11:14:02.954 [raft-server-2] TRACE i.a.p.raft.roles.FollowerRole - RaftServer{2}{role=FOLLOWER} - Received AppendRequest{term=2, leader=1, prevLogIndex=118, prevLogTerm=2, entries=0, commitIndex=118}
11:14:02.955 [raft-server-1] TRACE i.a.p.raft.roles.LeaderAppender - RaftServer{1} - Sending AppendRequest{term=2, leader=1, prevLogIndex=118, prevLogTerm=2, entries=0, commitIndex=118} to 3
11:14:02.955 [raft-server-2] TRACE i.a.p.raft.roles.FollowerRole - RaftServer{2}{role=FOLLOWER} - Sending AppendResponse{status=OK, term=2, succeeded=true, lastLogIndex=118}
11:14:02.955 [raft-server-1] TRACE i.a.p.raft.roles.LeaderAppender - RaftServer{1} - Received AppendResponse{status=OK, term=2, succeeded=true, lastLogIndex=118} from 2
11:14:02.955 [raft-server-3] TRACE i.a.p.raft.roles.FollowerRole - RaftServer{3}{role=FOLLOWER} - Received AppendRequest{term=2, leader=1, prevLogIndex=118, prevLogTerm=2, entries=0, commitIndex=118}
11:14:02.955 [raft-server-1] TRACE i.a.p.raft.roles.LeaderAppender - RaftServer{1} - Sending AppendRequest{term=2, leader=1, prevLogIndex=118, prevLogTerm=2, entries=0, commitIndex=118} to 2
11:14:02.955 [raft-server-3] TRACE i.a.p.raft.roles.FollowerRole - RaftServer{3}{role=FOLLOWER} - Sending AppendResponse{status=OK, term=2, succeeded=true, lastLogIndex=118}
11:14:02.955 [raft-server-2] TRACE i.a.p.raft.roles.FollowerRole - RaftServer{2}{role=FOLLOWER} - Received AppendRequest{term=2, leader=1, prevLogIndex=118, prevLogTerm=2, entries=0, commitIndex=118}
11:14:02.955 [raft-server-2] TRACE i.a.p.raft.roles.FollowerRole - RaftServer{2}{role=FOLLOWER} - Sending AppendResponse{status=OK, term=2, succeeded=true, lastLogIndex=118}
11:14:02.955 [raft-server-1] TRACE i.a.p.raft.roles.LeaderAppender - RaftServer{1} - Received AppendResponse{status=OK, term=2, succeeded=true, lastLogIndex=118} from 2
11:14:02.955 [raft-server-1] TRACE i.a.p.raft.roles.LeaderAppender - RaftServer{1} - Received AppendResponse{status=OK, term=2, succeeded=true, lastLogIndex=118} from 3
11:14:03.204 [raft-server-1] TRACE i.a.p.raft.roles.LeaderAppender - RaftServer{1} - Sending AppendRequest{term=2, leader=1, prevLogIndex=118, prevLogTerm=2, entries=0, commitIndex=118} to 2
11:14:03.204 [raft-server-2] TRACE i.a.p.raft.roles.FollowerRole - RaftServer{2}{role=FOLLOWER} - Received AppendRequest{term=2, leader=1, prevLogIndex=118, prevLogTerm=2, entries=0, commitIndex=118}
11:14:03.204 [raft-server-2] TRACE i.a.p.raft.roles.FollowerRole - RaftServer{2}{role=FOLLOWER} - Sending AppendResponse{status=OK, term=2, succeeded=true, lastLogIndex=118}
11:14:03.204 [raft-server-1] TRACE i.a.p.raft.roles.LeaderAppender - RaftServer{1} - Sending AppendRequest{term=2, leader=1, prevLogIndex=118, prevLogTerm=2, entries=0, commitIndex=118} to 3
11:14:03.204 [raft-server-1] TRACE i.a.p.raft.roles.LeaderAppender - RaftServer{1} - Received AppendResponse{status=OK, term=2, succeeded=true, lastLogIndex=118} from 2
11:14:03.204 [raft-server-3] TRACE i.a.p.raft.roles.FollowerRole - RaftServer{3}{role=FOLLOWER} - Received AppendRequest{term=2, leader=1, prevLogIndex=118, prevLogTerm=2, entries=0, commitIndex=118}
11:14:03.204 [raft-server-1] TRACE i.a.p.raft.roles.LeaderAppender - RaftServer{1} - Sending AppendRequest{term=2, leader=1, prevLogIndex=118, prevLogTerm=2, entries=0, commitIndex=118} to 2
11:14:03.204 [raft-server-3] TRACE i.a.p.raft.roles.FollowerRole - RaftServer{3}{role=FOLLOWER} - Sending AppendResponse{status=OK, term=2, succeeded=true, lastLogIndex=118}
11:14:03.204 [raft-server-2] TRACE i.a.p.raft.roles.FollowerRole - RaftServer{2}{role=FOLLOWER} - Received AppendRequest{term=2, leader=1, prevLogIndex=118, prevLogTerm=2, entries=0, commitIndex=118}
11:14:03.204 [raft-server-1] TRACE i.a.p.raft.roles.LeaderAppender - RaftServer{1} - Received AppendResponse{status=OK, term=2, succeeded=true, lastLogIndex=118} from 3
11:14:03.204 [raft-server-2] TRACE i.a.p.raft.roles.FollowerRole - RaftServer{2}{role=FOLLOWER} - Sending AppendResponse{status=OK, term=2, succeeded=true, lastLogIndex=118}
11:14:03.205 [raft-server-1] TRACE i.a.p.raft.roles.LeaderAppender - RaftServer{1} - Sending AppendRequest{term=2, leader=1, prevLogIndex=118, prevLogTerm=2, entries=0, commitIndex=118} to 3
11:14:03.205 [raft-server-1] TRACE i.a.p.raft.roles.LeaderAppender - RaftServer{1} - Received AppendResponse{status=OK, term=2, succeeded=true, lastLogIndex=118} from 2
11:14:03.205 [raft-server-3] TRACE i.a.p.raft.roles.FollowerRole - RaftServer{3}{role=FOLLOWER} - Received AppendRequest{term=2, leader=1, prevLogIndex=118, prevLogTerm=2, entries=0, commitIndex=118}
11:14:03.205 [raft-server-3] TRACE i.a.p.raft.roles.FollowerRole - RaftServer{3}{role=FOLLOWER} - Sending AppendResponse{status=OK, term=2, succeeded=true, lastLogIndex=118}
11:14:03.205 [raft-server-1] TRACE i.a.p.raft.roles.LeaderAppender - RaftServer{1} - Sending AppendRequest{term=2, leader=1, prevLogIndex=118, prevLogTerm=2, entries=0, commitIndex=118} to 2
11:14:03.205 [raft-server-1] TRACE i.a.p.raft.roles.LeaderAppender - RaftServer{1} - Received AppendResponse{status=OK, term=2, succeeded=true, lastLogIndex=118} from 3
11:14:03.205 [raft-server-2] TRACE i.a.p.raft.roles.FollowerRole - RaftServer{2}{role=FOLLOWER} - Received AppendRequest{term=2, leader=1, prevLogIndex=118, prevLogTerm=2, entries=0, commitIndex=118}
11:14:03.205 [raft-server-2] TRACE i.a.p.raft.roles.FollowerRole - RaftServer{2}{role=FOLLOWER} - Sending AppendResponse{status=OK, term=2, succeeded=true, lastLogIndex=118}
11:14:03.205 [raft-server-1] TRACE i.a.p.raft.roles.LeaderAppender - RaftServer{1} - Received AppendResponse{status=OK, term=2, succeeded=true, lastLogIndex=118} from 2
11:14:03.454 [raft-server-1] TRACE i.a.p.raft.roles.LeaderAppender - RaftServer{1} - Sending AppendRequest{term=2, leader=1, prevLogIndex=118, prevLogTerm=2, entries=0, commitIndex=118} to 2
11:14:03.454 [raft-server-2] TRACE i.a.p.raft.roles.FollowerRole - RaftServer{2}{role=FOLLOWER} - Received AppendRequest{term=2, leader=1, prevLogIndex=118, prevLogTerm=2, entries=0, commitIndex=118}
11:14:03.454 [raft-server-2] TRACE i.a.p.raft.roles.FollowerRole - RaftServer{2}{role=FOLLOWER} - Sending AppendResponse{status=OK, term=2, succeeded=true, lastLogIndex=118}
11:14:03.454 [raft-server-1] TRACE i.a.p.raft.roles.LeaderAppender - RaftServer{1} - Sending AppendRequest{term=2, leader=1, prevLogIndex=118, prevLogTerm=2, entries=0, commitIndex=118} to 3
11:14:03.454 [raft-server-1] TRACE i.a.p.raft.roles.LeaderAppender - RaftServer{1} - Received AppendResponse{status=OK, term=2, succeeded=true, lastLogIndex=118} from 2
11:14:03.454 [raft-server-3] TRACE i.a.p.raft.roles.FollowerRole - RaftServer{3}{role=FOLLOWER} - Received AppendRequest{term=2, leader=1, prevLogIndex=118, prevLogTerm=2, entries=0, commitIndex=118}
11:14:03.455 [raft-server-1] TRACE i.a.p.raft.roles.LeaderAppender - RaftServer{1} - Sending AppendRequest{term=2, leader=1, prevLogIndex=118, prevLogTerm=2, entries=0, commitIndex=118} to 2
11:14:03.455 [raft-server-3] TRACE i.a.p.raft.roles.FollowerRole - RaftServer{3}{role=FOLLOWER} - Sending AppendResponse{status=OK, term=2, succeeded=true, lastLogIndex=118}
11:14:03.455 [raft-server-2] TRACE i.a.p.raft.roles.FollowerRole - RaftServer{2}{role=FOLLOWER} - Received AppendRequest{term=2, leader=1, prevLogIndex=118, prevLogTerm=2, entries=0, commitIndex=118}
11:14:03.455 [raft-server-2] TRACE i.a.p.raft.roles.FollowerRole - RaftServer{2}{role=FOLLOWER} - Sending AppendResponse{status=OK, term=2, succeeded=true, lastLogIndex=118}
11:14:03.455 [raft-server-1] TRACE i.a.p.raft.roles.LeaderAppender - RaftServer{1} - Received AppendResponse{status=OK, term=2, succeeded=true, lastLogIndex=118} from 3
11:14:03.455 [raft-server-1] TRACE i.a.p.raft.roles.LeaderAppender - RaftServer{1} - Sending AppendRequest{term=2, leader=1, prevLogIndex=118, prevLogTerm=2, entries=0, commitIndex=118} to 3
11:14:03.455 [raft-server-1] TRACE i.a.p.raft.roles.LeaderAppender - RaftServer{1} - Received AppendResponse{status=OK, term=2, succeeded=true, lastLogIndex=118} from 2
11:14:03.455 [raft-server-3] TRACE i.a.p.raft.roles.FollowerRole - RaftServer{3}{role=FOLLOWER} - Received AppendRequest{term=2, leader=1, prevLogIndex=118, prevLogTerm=2, entries=0, commitIndex=118}
11:14:03.456 [raft-server-3] TRACE i.a.p.raft.roles.FollowerRole - RaftServer{3}{role=FOLLOWER} - Sending AppendResponse{status=OK, term=2, succeeded=true, lastLogIndex=118}
11:14:03.456 [raft-server-1] TRACE i.a.p.raft.roles.LeaderAppender - RaftServer{1} - Received AppendResponse{status=OK, term=2, succeeded=true, lastLogIndex=118} from 3
11:14:03.704 [raft-server-1] TRACE i.a.p.raft.roles.LeaderAppender - RaftServer{1} - Sending AppendRequest{term=2, leader=1, prevLogIndex=118, prevLogTerm=2, entries=0, commitIndex=118} to 2
11:14:03.704 [raft-server-1] TRACE i.a.p.raft.roles.LeaderAppender - RaftServer{1} - Sending AppendRequest{term=2, leader=1, prevLogIndex=118, prevLogTerm=2, entries=0, commitIndex=118} to 3
11:14:03.704 [raft-server-2] TRACE i.a.p.raft.roles.FollowerRole - RaftServer{2}{role=FOLLOWER} - Received AppendRequest{term=2, leader=1, prevLogIndex=118, prevLogTerm=2, entries=0, commitIndex=118}
11:14:03.704 [raft-server-2] TRACE i.a.p.raft.roles.FollowerRole - RaftServer{2}{role=FOLLOWER} - Sending AppendResponse{status=OK, term=2, succeeded=true, lastLogIndex=118}
11:14:03.704 [raft-server-3] TRACE i.a.p.raft.roles.FollowerRole - RaftServer{3}{role=FOLLOWER} - Received AppendRequest{term=2, leader=1, prevLogIndex=118, prevLogTerm=2, entries=0, commitIndex=118}
11:14:03.704 [raft-server-3] TRACE i.a.p.raft.roles.FollowerRole - RaftServer{3}{role=FOLLOWER} - Sending AppendResponse{status=OK, term=2, succeeded=true, lastLogIndex=118}
11:14:03.704 [raft-server-1] TRACE i.a.p.raft.roles.LeaderAppender - RaftServer{1} - Received AppendResponse{status=OK, term=2, succeeded=true, lastLogIndex=118} from 2
11:14:03.704 [raft-server-1] TRACE i.a.p.raft.roles.LeaderAppender - RaftServer{1} - Sending AppendRequest{term=2, leader=1, prevLogIndex=118, prevLogTerm=2, entries=0, commitIndex=118} to 2
11:14:03.704 [raft-server-1] TRACE i.a.p.raft.roles.LeaderAppender - RaftServer{1} - Received AppendResponse{status=OK, term=2, succeeded=true, lastLogIndex=118} from 3
11:14:03.704 [raft-server-2] TRACE i.a.p.raft.roles.FollowerRole - RaftServer{2}{role=FOLLOWER} - Received AppendRequest{term=2, leader=1, prevLogIndex=118, prevLogTerm=2, entries=0, commitIndex=118}
11:14:03.704 [raft-server-2] TRACE i.a.p.raft.roles.FollowerRole - RaftServer{2}{role=FOLLOWER} - Sending AppendResponse{status=OK, term=2, succeeded=true, lastLogIndex=118}
11:14:03.704 [raft-server-1] TRACE i.a.p.raft.roles.LeaderAppender - RaftServer{1} - Sending AppendRequest{term=2, leader=1, prevLogIndex=118, prevLogTerm=2, entries=0, commitIndex=118} to 3
11:14:03.704 [raft-server-1] TRACE i.a.p.raft.roles.LeaderAppender - RaftServer{1} - Received AppendResponse{status=OK, term=2, succeeded=true, lastLogIndex=118} from 2
11:14:03.705 [raft-server-1] TRACE i.a.p.raft.roles.LeaderAppender - RaftServer{1} - Sending AppendRequest{term=2, leader=1, prevLogIndex=118, prevLogTerm=2, entries=0, commitIndex=118} to 2
11:14:03.705 [raft-server-2] TRACE i.a.p.raft.roles.FollowerRole - RaftServer{2}{role=FOLLOWER} - Received AppendRequest{term=2, leader=1, prevLogIndex=118, prevLogTerm=2, entries=0, commitIndex=118}
11:14:03.705 [raft-server-3] TRACE i.a.p.raft.roles.FollowerRole - RaftServer{3}{role=FOLLOWER} - Received AppendRequest{term=2, leader=1, prevLogIndex=118, prevLogTerm=2, entries=0, commitIndex=118}
11:14:03.705 [raft-server-2] TRACE i.a.p.raft.roles.FollowerRole - RaftServer{2}{role=FOLLOWER} - Sending AppendResponse{status=OK, term=2, succeeded=true, lastLogIndex=118}
11:14:03.705 [raft-server-3] TRACE i.a.p.raft.roles.FollowerRole - RaftServer{3}{role=FOLLOWER} - Sending AppendResponse{status=OK, term=2, succeeded=true, lastLogIndex=118}
11:14:03.705 [raft-server-1] TRACE i.a.p.raft.roles.LeaderAppender - RaftServer{1} - Received AppendResponse{status=OK, term=2, succeeded=true, lastLogIndex=118} from 2
11:14:03.705 [raft-server-1] TRACE i.a.p.raft.roles.LeaderAppender - RaftServer{1} - Received AppendResponse{status=OK, term=2, succeeded=true, lastLogIndex=118} from 3
11:14:03.886 [raft-client-a5a0def7-e1df-4503-b1c6-00519ae66cf7-0] DEBUG i.a.p.r.p.impl.RaftProxyConnection - PartitionProxy{2}{type=PrimitiveType{name=test}, name=test} - CommandRequest{session=2, sequence=101, operation=PrimitiveOperation{id=DefaultOperationId{id=write, type=COMMAND}, value=byte[]{length=17, hash=-1644578928}}} failed! Reason: {}
java.util.concurrent.TimeoutException: null
	at io.atomix.protocols.raft.protocol.TestRaftProtocol.lambda$scheduleTimeout$0(TestRaftProtocol.java:48) ~[test-classes/:na]
	at java.util.concurrent.Executors$RunnableAdapter.call(Executors.java:511) ~[na:1.8.0_121]
	at java.util.concurrent.FutureTask.run(FutureTask.java:266) ~[na:1.8.0_121]
	at java.util.concurrent.ScheduledThreadPoolExecutor$ScheduledFutureTask.access$201(ScheduledThreadPoolExecutor.java:180) ~[na:1.8.0_121]
	at java.util.concurrent.ScheduledThreadPoolExecutor$ScheduledFutureTask.run(ScheduledThreadPoolExecutor.java:293) ~[na:1.8.0_121]
	at java.util.concurrent.ThreadPoolExecutor.runWorker(ThreadPoolExecutor.java:1142) ~[na:1.8.0_121]
	at java.util.concurrent.ThreadPoolExecutor$Worker.run(ThreadPoolExecutor.java:617) ~[na:1.8.0_121]
	at java.lang.Thread.run(Thread.java:745) ~[na:1.8.0_121]
11:14:03.954 [raft-server-1] TRACE i.a.p.raft.roles.LeaderAppender - RaftServer{1} - Sending AppendRequest{term=2, leader=1, prevLogIndex=118, prevLogTerm=2, entries=0, commitIndex=118} to 2
11:14:03.954 [raft-server-1] TRACE i.a.p.raft.roles.LeaderAppender - RaftServer{1} - Sending AppendRequest{term=2, leader=1, prevLogIndex=118, prevLogTerm=2, entries=0, commitIndex=118} to 3
11:14:03.954 [raft-server-2] TRACE i.a.p.raft.roles.FollowerRole - RaftServer{2}{role=FOLLOWER} - Received AppendRequest{term=2, leader=1, prevLogIndex=118, prevLogTerm=2, entries=0, commitIndex=118}
11:14:03.954 [raft-server-2] TRACE i.a.p.raft.roles.FollowerRole - RaftServer{2}{role=FOLLOWER} - Sending AppendResponse{status=OK, term=2, succeeded=true, lastLogIndex=118}
11:14:03.954 [raft-server-3] TRACE i.a.p.raft.roles.FollowerRole - RaftServer{3}{role=FOLLOWER} - Received AppendRequest{term=2, leader=1, prevLogIndex=118, prevLogTerm=2, entries=0, commitIndex=118}
11:14:03.954 [raft-server-3] TRACE i.a.p.raft.roles.FollowerRole - RaftServer{3}{role=FOLLOWER} - Sending AppendResponse{status=OK, term=2, succeeded=true, lastLogIndex=118}
11:14:03.954 [raft-server-1] TRACE i.a.p.raft.roles.LeaderAppender - RaftServer{1} - Received AppendResponse{status=OK, term=2, succeeded=true, lastLogIndex=118} from 2
11:14:03.954 [raft-server-1] TRACE i.a.p.raft.roles.LeaderAppender - RaftServer{1} - Sending AppendRequest{term=2, leader=1, prevLogIndex=118, prevLogTerm=2, entries=0, commitIndex=118} to 2
11:14:03.954 [raft-server-1] TRACE i.a.p.raft.roles.LeaderAppender - RaftServer{1} - Received AppendResponse{status=OK, term=2, succeeded=true, lastLogIndex=118} from 3
11:14:03.954 [raft-server-2] TRACE i.a.p.raft.roles.FollowerRole - RaftServer{2}{role=FOLLOWER} - Received AppendRequest{term=2, leader=1, prevLogIndex=118, prevLogTerm=2, entries=0, commitIndex=118}
11:14:03.954 [raft-server-1] TRACE i.a.p.raft.roles.LeaderAppender - RaftServer{1} - Sending AppendRequest{term=2, leader=1, prevLogIndex=118, prevLogTerm=2, entries=0, commitIndex=118} to 3
11:14:03.954 [raft-server-2] TRACE i.a.p.raft.roles.FollowerRole - RaftServer{2}{role=FOLLOWER} - Sending AppendResponse{status=OK, term=2, succeeded=true, lastLogIndex=118}
11:14:03.954 [raft-server-3] TRACE i.a.p.raft.roles.FollowerRole - RaftServer{3}{role=FOLLOWER} - Received AppendRequest{term=2, leader=1, prevLogIndex=118, prevLogTerm=2, entries=0, commitIndex=118}
11:14:03.954 [raft-server-3] TRACE i.a.p.raft.roles.FollowerRole - RaftServer{3}{role=FOLLOWER} - Sending AppendResponse{status=OK, term=2, succeeded=true, lastLogIndex=118}
11:14:03.955 [raft-server-1] TRACE i.a.p.raft.roles.LeaderAppender - RaftServer{1} - Received AppendResponse{status=OK, term=2, succeeded=true, lastLogIndex=118} from 2
11:14:03.955 [raft-server-1] TRACE i.a.p.raft.roles.LeaderAppender - RaftServer{1} - Sending AppendRequest{term=2, leader=1, prevLogIndex=118, prevLogTerm=2, entries=0, commitIndex=118} to 2
11:14:03.955 [raft-server-2] TRACE i.a.p.raft.roles.FollowerRole - RaftServer{2}{role=FOLLOWER} - Received AppendRequest{term=2, leader=1, prevLogIndex=118, prevLogTerm=2, entries=0, commitIndex=118}
11:14:03.955 [raft-server-1] TRACE i.a.p.raft.roles.LeaderAppender - RaftServer{1} - Received AppendResponse{status=OK, term=2, succeeded=true, lastLogIndex=118} from 3
11:14:03.955 [raft-server-2] TRACE i.a.p.raft.roles.FollowerRole - RaftServer{2}{role=FOLLOWER} - Sending AppendResponse{status=OK, term=2, succeeded=true, lastLogIndex=118}
11:14:03.955 [raft-server-1] TRACE i.a.p.raft.roles.LeaderAppender - RaftServer{1} - Sending AppendRequest{term=2, leader=1, prevLogIndex=118, prevLogTerm=2, entries=0, commitIndex=118} to 3
11:14:03.955 [raft-server-1] TRACE i.a.p.raft.roles.LeaderAppender - RaftServer{1} - Received AppendResponse{status=OK, term=2, succeeded=true, lastLogIndex=118} from 2
11:14:03.955 [raft-server-3] TRACE i.a.p.raft.roles.FollowerRole - RaftServer{3}{role=FOLLOWER} - Received AppendRequest{term=2, leader=1, prevLogIndex=118, prevLogTerm=2, entries=0, commitIndex=118}
11:14:03.955 [raft-server-3] TRACE i.a.p.raft.roles.FollowerRole - RaftServer{3}{role=FOLLOWER} - Sending AppendResponse{status=OK, term=2, succeeded=true, lastLogIndex=118}
11:14:03.955 [raft-server-1] TRACE i.a.p.raft.roles.LeaderAppender - RaftServer{1} - Received AppendResponse{status=OK, term=2, succeeded=true, lastLogIndex=118} from 3
11:14:04.204 [raft-server-1] TRACE i.a.p.raft.roles.LeaderAppender - RaftServer{1} - Sending AppendRequest{term=2, leader=1, prevLogIndex=118, prevLogTerm=2, entries=0, commitIndex=118} to 2
11:14:04.204 [raft-server-1] TRACE i.a.p.raft.roles.LeaderAppender - RaftServer{1} - Sending AppendRequest{term=2, leader=1, prevLogIndex=118, prevLogTerm=2, entries=0, commitIndex=118} to 3
11:14:04.204 [raft-server-2] TRACE i.a.p.raft.roles.FollowerRole - RaftServer{2}{role=FOLLOWER} - Received AppendRequest{term=2, leader=1, prevLogIndex=118, prevLogTerm=2, entries=0, commitIndex=118}
11:14:04.204 [raft-server-2] TRACE i.a.p.raft.roles.FollowerRole - RaftServer{2}{role=FOLLOWER} - Sending AppendResponse{status=OK, term=2, succeeded=true, lastLogIndex=118}
11:14:04.204 [raft-server-3] TRACE i.a.p.raft.roles.FollowerRole - RaftServer{3}{role=FOLLOWER} - Received AppendRequest{term=2, leader=1, prevLogIndex=118, prevLogTerm=2, entries=0, commitIndex=118}
11:14:04.204 [raft-server-1] TRACE i.a.p.raft.roles.LeaderAppender - RaftServer{1} - Received AppendResponse{status=OK, term=2, succeeded=true, lastLogIndex=118} from 2
11:14:04.204 [raft-server-3] TRACE i.a.p.raft.roles.FollowerRole - RaftServer{3}{role=FOLLOWER} - Sending AppendResponse{status=OK, term=2, succeeded=true, lastLogIndex=118}
11:14:04.204 [raft-server-1] TRACE i.a.p.raft.roles.LeaderAppender - RaftServer{1} - Sending AppendRequest{term=2, leader=1, prevLogIndex=118, prevLogTerm=2, entries=0, commitIndex=118} to 2
11:14:04.204 [raft-server-1] TRACE i.a.p.raft.roles.LeaderAppender - RaftServer{1} - Received AppendResponse{status=OK, term=2, succeeded=true, lastLogIndex=118} from 3
11:14:04.204 [raft-server-2] TRACE i.a.p.raft.roles.FollowerRole - RaftServer{2}{role=FOLLOWER} - Received AppendRequest{term=2, leader=1, prevLogIndex=118, prevLogTerm=2, entries=0, commitIndex=118}
11:14:04.204 [raft-server-1] TRACE i.a.p.raft.roles.LeaderAppender - RaftServer{1} - Sending AppendRequest{term=2, leader=1, prevLogIndex=118, prevLogTerm=2, entries=0, commitIndex=118} to 3
11:14:04.204 [raft-server-2] TRACE i.a.p.raft.roles.FollowerRole - RaftServer{2}{role=FOLLOWER} - Sending AppendResponse{status=OK, term=2, succeeded=true, lastLogIndex=118}
11:14:04.204 [raft-server-1] TRACE i.a.p.raft.roles.LeaderAppender - RaftServer{1} - Received AppendResponse{status=OK, term=2, succeeded=true, lastLogIndex=118} from 2
11:14:04.204 [raft-server-3] TRACE i.a.p.raft.roles.FollowerRole - RaftServer{3}{role=FOLLOWER} - Received AppendRequest{term=2, leader=1, prevLogIndex=118, prevLogTerm=2, entries=0, commitIndex=118}
11:14:04.205 [raft-server-1] TRACE i.a.p.raft.roles.LeaderAppender - RaftServer{1} - Sending AppendRequest{term=2, leader=1, prevLogIndex=118, prevLogTerm=2, entries=0, commitIndex=118} to 2
11:14:04.205 [raft-server-3] TRACE i.a.p.raft.roles.FollowerRole - RaftServer{3}{role=FOLLOWER} - Sending AppendResponse{status=OK, term=2, succeeded=true, lastLogIndex=118}
11:14:04.205 [raft-server-2] TRACE i.a.p.raft.roles.FollowerRole - RaftServer{2}{role=FOLLOWER} - Received AppendRequest{term=2, leader=1, prevLogIndex=118, prevLogTerm=2, entries=0, commitIndex=118}
11:14:04.205 [raft-server-1] TRACE i.a.p.raft.roles.LeaderAppender - RaftServer{1} - Received AppendResponse{status=OK, term=2, succeeded=true, lastLogIndex=118} from 3
11:14:04.205 [raft-server-2] TRACE i.a.p.raft.roles.FollowerRole - RaftServer{2}{role=FOLLOWER} - Sending AppendResponse{status=OK, term=2, succeeded=true, lastLogIndex=118}
11:14:04.205 [raft-server-1] TRACE i.a.p.raft.roles.LeaderAppender - RaftServer{1} - Sending AppendRequest{term=2, leader=1, prevLogIndex=118, prevLogTerm=2, entries=0, commitIndex=118} to 3
11:14:04.205 [raft-server-1] TRACE i.a.p.raft.roles.LeaderAppender - RaftServer{1} - Received AppendResponse{status=OK, term=2, succeeded=true, lastLogIndex=118} from 2
11:14:04.205 [raft-server-3] TRACE i.a.p.raft.roles.FollowerRole - RaftServer{3}{role=FOLLOWER} - Received AppendRequest{term=2, leader=1, prevLogIndex=118, prevLogTerm=2, entries=0, commitIndex=118}
11:14:04.205 [raft-server-3] TRACE i.a.p.raft.roles.FollowerRole - RaftServer{3}{role=FOLLOWER} - Sending AppendResponse{status=OK, term=2, succeeded=true, lastLogIndex=118}
11:14:04.205 [raft-server-1] TRACE i.a.p.raft.roles.LeaderAppender - RaftServer{1} - Received AppendResponse{status=OK, term=2, succeeded=true, lastLogIndex=118} from 3
11:14:04.454 [raft-server-1] TRACE i.a.p.raft.roles.LeaderAppender - RaftServer{1} - Sending AppendRequest{term=2, leader=1, prevLogIndex=118, prevLogTerm=2, entries=0, commitIndex=118} to 2
11:14:04.454 [raft-server-1] TRACE i.a.p.raft.roles.LeaderAppender - RaftServer{1} - Sending AppendRequest{term=2, leader=1, prevLogIndex=118, prevLogTerm=2, entries=0, commitIndex=118} to 3
11:14:04.454 [raft-server-2] TRACE i.a.p.raft.roles.FollowerRole - RaftServer{2}{role=FOLLOWER} - Received AppendRequest{term=2, leader=1, prevLogIndex=118, prevLogTerm=2, entries=0, commitIndex=118}
11:14:04.454 [raft-server-3] TRACE i.a.p.raft.roles.FollowerRole - RaftServer{3}{role=FOLLOWER} - Received AppendRequest{term=2, leader=1, prevLogIndex=118, prevLogTerm=2, entries=0, commitIndex=118}
11:14:04.454 [raft-server-2] TRACE i.a.p.raft.roles.FollowerRole - RaftServer{2}{role=FOLLOWER} - Sending AppendResponse{status=OK, term=2, succeeded=true, lastLogIndex=118}
11:14:04.454 [raft-server-3] TRACE i.a.p.raft.roles.FollowerRole - RaftServer{3}{role=FOLLOWER} - Sending AppendResponse{status=OK, term=2, succeeded=true, lastLogIndex=118}
11:14:04.454 [raft-server-1] TRACE i.a.p.raft.roles.LeaderAppender - RaftServer{1} - Received AppendResponse{status=OK, term=2, succeeded=true, lastLogIndex=118} from 2
11:14:04.454 [raft-server-1] TRACE i.a.p.raft.roles.LeaderAppender - RaftServer{1} - Sending AppendRequest{term=2, leader=1, prevLogIndex=118, prevLogTerm=2, entries=0, commitIndex=118} to 2
11:14:04.454 [raft-server-1] TRACE i.a.p.raft.roles.LeaderAppender - RaftServer{1} - Received AppendResponse{status=OK, term=2, succeeded=true, lastLogIndex=118} from 3
11:14:04.454 [raft-server-2] TRACE i.a.p.raft.roles.FollowerRole - RaftServer{2}{role=FOLLOWER} - Received AppendRequest{term=2, leader=1, prevLogIndex=118, prevLogTerm=2, entries=0, commitIndex=118}
11:14:04.454 [raft-server-2] TRACE i.a.p.raft.roles.FollowerRole - RaftServer{2}{role=FOLLOWER} - Sending AppendResponse{status=OK, term=2, succeeded=true, lastLogIndex=118}
11:14:04.454 [raft-server-1] TRACE i.a.p.raft.roles.LeaderAppender - RaftServer{1} - Sending AppendRequest{term=2, leader=1, prevLogIndex=118, prevLogTerm=2, entries=0, commitIndex=118} to 3
11:14:04.455 [raft-server-1] TRACE i.a.p.raft.roles.LeaderAppender - RaftServer{1} - Received AppendResponse{status=OK, term=2, succeeded=true, lastLogIndex=118} from 2
11:14:04.455 [raft-server-1] TRACE i.a.p.raft.roles.LeaderAppender - RaftServer{1} - Sending AppendRequest{term=2, leader=1, prevLogIndex=118, prevLogTerm=2, entries=0, commitIndex=118} to 2
11:14:04.455 [raft-server-2] TRACE i.a.p.raft.roles.FollowerRole - RaftServer{2}{role=FOLLOWER} - Received AppendRequest{term=2, leader=1, prevLogIndex=118, prevLogTerm=2, entries=0, commitIndex=118}
11:14:04.455 [raft-server-2] TRACE i.a.p.raft.roles.FollowerRole - RaftServer{2}{role=FOLLOWER} - Sending AppendResponse{status=OK, term=2, succeeded=true, lastLogIndex=118}
11:14:04.455 [raft-server-1] TRACE i.a.p.raft.roles.LeaderAppender - RaftServer{1} - Received AppendResponse{status=OK, term=2, succeeded=true, lastLogIndex=118} from 2
11:14:04.455 [raft-server-3] TRACE i.a.p.raft.roles.FollowerRole - RaftServer{3}{role=FOLLOWER} - Received AppendRequest{term=2, leader=1, prevLogIndex=118, prevLogTerm=2, entries=0, commitIndex=118}
11:14:04.455 [raft-server-3] TRACE i.a.p.raft.roles.FollowerRole - RaftServer{3}{role=FOLLOWER} - Sending AppendResponse{status=OK, term=2, succeeded=true, lastLogIndex=118}
11:14:04.455 [raft-server-1] TRACE i.a.p.raft.roles.LeaderAppender - RaftServer{1} - Received AppendResponse{status=OK, term=2, succeeded=true, lastLogIndex=118} from 3
11:14:04.704 [raft-server-1] TRACE i.a.p.raft.roles.LeaderAppender - RaftServer{1} - Sending AppendRequest{term=2, leader=1, prevLogIndex=118, prevLogTerm=2, entries=0, commitIndex=118} to 2
11:14:04.704 [raft-server-2] TRACE i.a.p.raft.roles.FollowerRole - RaftServer{2}{role=FOLLOWER} - Received AppendRequest{term=2, leader=1, prevLogIndex=118, prevLogTerm=2, entries=0, commitIndex=118}
11:14:04.704 [raft-server-1] TRACE i.a.p.raft.roles.LeaderAppender - RaftServer{1} - Sending AppendRequest{term=2, leader=1, prevLogIndex=118, prevLogTerm=2, entries=0, commitIndex=118} to 3
11:14:04.704 [raft-server-2] TRACE i.a.p.raft.roles.FollowerRole - RaftServer{2}{role=FOLLOWER} - Sending AppendResponse{status=OK, term=2, succeeded=true, lastLogIndex=118}
11:14:04.704 [raft-server-3] TRACE i.a.p.raft.roles.FollowerRole - RaftServer{3}{role=FOLLOWER} - Received AppendRequest{term=2, leader=1, prevLogIndex=118, prevLogTerm=2, entries=0, commitIndex=118}
11:14:04.704 [raft-server-1] TRACE i.a.p.raft.roles.LeaderAppender - RaftServer{1} - Received AppendResponse{status=OK, term=2, succeeded=true, lastLogIndex=118} from 2
11:14:04.704 [raft-server-3] TRACE i.a.p.raft.roles.FollowerRole - RaftServer{3}{role=FOLLOWER} - Sending AppendResponse{status=OK, term=2, succeeded=true, lastLogIndex=118}
11:14:04.704 [raft-server-1] TRACE i.a.p.raft.roles.LeaderAppender - RaftServer{1} - Sending AppendRequest{term=2, leader=1, prevLogIndex=118, prevLogTerm=2, entries=0, commitIndex=118} to 2
11:14:04.705 [raft-server-1] TRACE i.a.p.raft.roles.LeaderAppender - RaftServer{1} - Received AppendResponse{status=OK, term=2, succeeded=true, lastLogIndex=118} from 3
11:14:04.705 [raft-server-2] TRACE i.a.p.raft.roles.FollowerRole - RaftServer{2}{role=FOLLOWER} - Received AppendRequest{term=2, leader=1, prevLogIndex=118, prevLogTerm=2, entries=0, commitIndex=118}
11:14:04.705 [raft-server-2] TRACE i.a.p.raft.roles.FollowerRole - RaftServer{2}{role=FOLLOWER} - Sending AppendResponse{status=OK, term=2, succeeded=true, lastLogIndex=118}
11:14:04.705 [raft-server-1] TRACE i.a.p.raft.roles.LeaderAppender - RaftServer{1} - Sending AppendRequest{term=2, leader=1, prevLogIndex=118, prevLogTerm=2, entries=0, commitIndex=118} to 3
11:14:04.705 [raft-server-1] TRACE i.a.p.raft.roles.LeaderAppender - RaftServer{1} - Received AppendResponse{status=OK, term=2, succeeded=true, lastLogIndex=118} from 2
11:14:04.705 [raft-server-3] TRACE i.a.p.raft.roles.FollowerRole - RaftServer{3}{role=FOLLOWER} - Received AppendRequest{term=2, leader=1, prevLogIndex=118, prevLogTerm=2, entries=0, commitIndex=118}
11:14:04.705 [raft-server-1] TRACE i.a.p.raft.roles.LeaderAppender - RaftServer{1} - Sending AppendRequest{term=2, leader=1, prevLogIndex=118, prevLogTerm=2, entries=0, commitIndex=118} to 2
11:14:04.705 [raft-server-3] TRACE i.a.p.raft.roles.FollowerRole - RaftServer{3}{role=FOLLOWER} - Sending AppendResponse{status=OK, term=2, succeeded=true, lastLogIndex=118}
11:14:04.705 [raft-server-2] TRACE i.a.p.raft.roles.FollowerRole - RaftServer{2}{role=FOLLOWER} - Received AppendRequest{term=2, leader=1, prevLogIndex=118, prevLogTerm=2, entries=0, commitIndex=118}
11:14:04.705 [raft-server-1] TRACE i.a.p.raft.roles.LeaderAppender - RaftServer{1} - Received AppendResponse{status=OK, term=2, succeeded=true, lastLogIndex=118} from 3
11:14:04.705 [raft-server-2] TRACE i.a.p.raft.roles.FollowerRole - RaftServer{2}{role=FOLLOWER} - Sending AppendResponse{status=OK, term=2, succeeded=true, lastLogIndex=118}
11:14:04.705 [raft-server-1] TRACE i.a.p.raft.roles.LeaderAppender - RaftServer{1} - Received AppendResponse{status=OK, term=2, succeeded=true, lastLogIndex=118} from 2
11:14:04.887 [raft-client-a5a0def7-e1df-4503-b1c6-00519ae66cf7-0] TRACE i.a.p.r.p.impl.RaftProxySequencer - PartitionProxy{2}{type=PrimitiveType{name=test}, name=test} - Completing failed request
11:14:04.890 [raft-server-2] INFO  i.a.protocols.raft.impl.RaftContext - RaftServer{2} - Transitioning to INACTIVE
11:14:04.891 [raft-server-2] TRACE i.a.p.raft.roles.FollowerRole - RaftServer{2}{role=FOLLOWER} - Cancelling heartbeat timer
11:14:04.891 [ForkJoinPool.commonPool-worker-2] DEBUG i.a.storage.journal.SegmentedJournal - Closing segment: JournalSegment{id=12, version=1, index=111, size=281}
11:14:04.892 [raft-server-3] INFO  i.a.protocols.raft.impl.RaftContext - RaftServer{3} - Transitioning to INACTIVE
11:14:04.893 [raft-server-3] TRACE i.a.p.raft.roles.FollowerRole - RaftServer{3}{role=FOLLOWER} - Cancelling heartbeat timer
11:14:04.893 [ForkJoinPool.commonPool-worker-2] DEBUG i.a.storage.journal.SegmentedJournal - Closing segment: JournalSegment{id=12, version=1, index=111, size=281}
11:14:04.894 [raft-server-1] INFO  i.a.protocols.raft.impl.RaftContext - RaftServer{1} - Transitioning to INACTIVE
11:14:04.894 [raft-server-1] TRACE i.a.protocols.raft.roles.LeaderRole - RaftServer{1}{role=LEADER} - Cancelling append timer
11:14:04.894 [raft-server-1] TRACE i.a.p.raft.storage.system.MetaStore - Store vote null
11:14:04.923 [raft-server-1] TRACE i.a.protocols.raft.roles.LeaderRole - RaftServer{1}{role=LEADER} - Sending CommandResponse{status=ERROR, error=RaftError{type=COMMAND_FAILURE, message=Request sequence number 101 out of sequence}, lastSequence=84}
11:14:04.923 [ForkJoinPool.commonPool-worker-2] DEBUG i.a.storage.journal.SegmentedJournal - Closing segment: JournalSegment{id=10, version=1, index=91, size=584}
11:14:04.923 [ForkJoinPool.commonPool-worker-2] DEBUG i.a.storage.journal.SegmentedJournal - Closing segment: JournalSegment{id=11, version=1, index=101, size=509}
11:14:04.924 [ForkJoinPool.commonPool-worker-2] DEBUG i.a.storage.journal.SegmentedJournal - Closing segment: JournalSegment{id=12, version=1, index=111, size=281}
]]></system-out>
  </testcase>
  <testcase name="testSequenceBoundedLinearizableOperations" classname="io.atomix.protocols.raft.RaftTest" time="2.158"/>
  <testcase name="testThreeOfFourNodeSubmitCommand" classname="io.atomix.protocols.raft.RaftTest" time="1.84"/>
  <testcase name="testFourNodeSubmitQueryWithLinearizableConsistency" classname="io.atomix.protocols.raft.RaftTest" time="2.654"/>
  <testcase name="testOneNodeEvents" classname="io.atomix.protocols.raft.RaftTest" time="2.372"/>
  <testcase name="testThreeNodesManyEventsAfterLeaderShutdown" classname="io.atomix.protocols.raft.RaftTest" time="5.45"/>
  <testcase name="testClientKeepAlive" classname="io.atomix.protocols.raft.RaftTest" time="11.761"/>
  <testcase name="testFiveNodeManySessionsManyEvents" classname="io.atomix.protocols.raft.RaftTest" time="3.229"/>
  <testcase name="testFourNodeEvents" classname="io.atomix.protocols.raft.RaftTest" time="2.205"/>
  <testcase name="testPassiveJoinEvent" classname="io.atomix.protocols.raft.RaftTest" time="2.014"/>
  <testcase name="testSessionMetadata" classname="io.atomix.protocols.raft.RaftTest" time="2.169"/>
  <testcase name="testFiveNodeSequentialEvent" classname="io.atomix.protocols.raft.RaftTest" time="2.045"/>
  <testcase name="testServerLeave" classname="io.atomix.protocols.raft.RaftTest" time="3.326"/>
  <testcase name="testOneNodeSubmitQueryWithSequentialConsistency" classname="io.atomix.protocols.raft.RaftTest" time="1.74"/>
  <testcase name="testFourNodeSubmitQueryWithSequentialConsistency" classname="io.atomix.protocols.raft.RaftTest" time="1.786"/>
  <testcase name="testBlockOnEvent" classname="io.atomix.protocols.raft.RaftTest" time="1.989"/>
  <testcase name="testDemoteLeader" classname="io.atomix.protocols.raft.RaftTest" time="3.266"/>
  <testcase name="testTwoOfThreeNodeSubmitCommand" classname="io.atomix.protocols.raft.RaftTest" time="1.848"/>
  <testcase name="testOneNodeCloseEvent" classname="io.atomix.protocols.raft.RaftTest" time="1.523"/>
  <testcase name="testOneNodeSequentialEvent" classname="io.atomix.protocols.raft.RaftTest" time="1.404"/>
  <testcase name="testThreeNodeSubmitCommand" classname="io.atomix.protocols.raft.RaftTest" time="1.973"/>
  <testcase name="testActiveJoinLate" classname="io.atomix.protocols.raft.RaftTest" time="20.097"/>
  <testcase name="testThreeNodeSubmitQueryWithSequentialConsistency" classname="io.atomix.protocols.raft.RaftTest" time="2.229"/>
  <testcase name="testFiveNodeSubmitQueryWithBoundedLinearizableConsistency" classname="io.atomix.protocols.raft.RaftTest" time="2.799"/>
  <testcase name="testTwoNodeSubmitQueryWithBoundedLinearizableConsistency" classname="io.atomix.protocols.raft.RaftTest" time="1.771"/>
  <testcase name="testThreeOfFiveNodeSubmitCommand" classname="io.atomix.protocols.raft.RaftTest" time="1.92"/>
  <testcase name="testTwoNodeSubmitQueryWithSequentialConsistency" classname="io.atomix.protocols.raft.RaftTest" time="1.748"/>
  <testcase name="testActiveJoinEvent" classname="io.atomix.protocols.raft.RaftTest" time="4.802"/>
  <testcase name="testOneNodeSubmitCommand" classname="io.atomix.protocols.raft.RaftTest" time="1.82"/>
  <testcase name="testFourNodeSubmitCommand" classname="io.atomix.protocols.raft.RaftTest" time="1.994"/>
  <testcase name="testTwoNodeSequentialEvent" classname="io.atomix.protocols.raft.RaftTest" time="1.931"/>
  <testcase name="testThreeNodeCloseEvent" classname="io.atomix.protocols.raft.RaftTest" time="2.283"/>
  <testcase name="testFourNodeSubmitQueryWithBoundedLinearizableConsistency" classname="io.atomix.protocols.raft.RaftTest" time="1.937"/>
  <testcase name="testFiveNodeSubmitQueryWithLinearizableConsistency" classname="io.atomix.protocols.raft.RaftTest" time="3.849"/>
  <testcase name="testSequenceSequentialOperations" classname="io.atomix.protocols.raft.RaftTest" time="2.354"/>
  <testcase name="testSingleMemberStart" classname="io.atomix.protocols.raft.RaftTest" time="3.599"/>
  <testcase name="testThreeNodeEvents" classname="io.atomix.protocols.raft.RaftTest" time="2.382"/>
  <testcase name="testSequenceLinearizableOperations" classname="io.atomix.protocols.raft.RaftTest" time="2.234"/>
  <testcase name="testThreeNodeSubmitQueryWithLinearizableConsistency" classname="io.atomix.protocols.raft.RaftTest" time="2.014"/>
  <testcase name="testFiveNodeManyEvents" classname="io.atomix.protocols.raft.RaftTest" time="3.108"/>
  <testcase name="testOneNodeSubmitQueryWithBoundedLinearizableConsistency" classname="io.atomix.protocols.raft.RaftTest" time="1.295"/>
  <testcase name="testFiveNodeExpireEvent" classname="io.atomix.protocols.raft.RaftTest" time="9.494"/>
  <testcase name="testFiveNodeSubmitQueryWithSequentialConsistency" classname="io.atomix.protocols.raft.RaftTest" time="2.554"/>
  <testcase name="testTransferLeadership" classname="io.atomix.protocols.raft.RaftTest" time="2.555">
    <skipped/>
  </testcase>
  <testcase name="testTwoNodeSubmitQueryWithLinearizableConsistency" classname="io.atomix.protocols.raft.RaftTest" time="1.788"/>
  <testcase name="testThreeNodeSequentialEvent" classname="io.atomix.protocols.raft.RaftTest" time="2.05"/>
  <testcase name="testTwoNodeEvents" classname="io.atomix.protocols.raft.RaftTest" time="2.108"/>
  <testcase name="testActiveJoin" classname="io.atomix.protocols.raft.RaftTest" time="2.394"/>
  <testcase name="testPassiveJoinLate" classname="io.atomix.protocols.raft.RaftTest" time="20.518"/>
  <testcase name="testPassiveJoin" classname="io.atomix.protocols.raft.RaftTest" time="2.155"/>
  <testcase name="testFiveNodesManyEventsAfterLeaderShutdown" classname="io.atomix.protocols.raft.RaftTest" time="5.522"/>
  <testcase name="testFiveNodeSubmitCommand" classname="io.atomix.protocols.raft.RaftTest" time="2.113"/>
  <testcase name="testOneNodeExpireEvent" classname="io.atomix.protocols.raft.RaftTest" time="9.379"/>
  <testcase name="testFiveNodesEventsAfterLeaderKill" classname="io.atomix.protocols.raft.RaftTest" time="5.295"/>
  <testcase name="testTwoNodeSubmitCommand" classname="io.atomix.protocols.raft.RaftTest" time="1.786"/>
  <testcase name="testThreeNodeExpireEvent" classname="io.atomix.protocols.raft.RaftTest" time="9.276"/>
  <testcase name="testResize" classname="io.atomix.protocols.raft.RaftTest" time="3.382"/>
  <testcase name="testFiveNodeCloseEvent" classname="io.atomix.protocols.raft.RaftTest" time="2.737"/>
  <testcase name="testOneNodeSubmitQueryWithLinearizableConsistency" classname="io.atomix.protocols.raft.RaftTest" time="1.41"/>
  <testcase name="testThreeNodeSubmitQueryWithBoundedLinearizableConsistency" classname="io.atomix.protocols.raft.RaftTest" time="1.834"/>
  <testcase name="testLeaderLeave" classname="io.atomix.protocols.raft.RaftTest" time="1.767"/>
  <testcase name="testFiveNodesEventsAfterFollowerKill" classname="io.atomix.protocols.raft.RaftTest" time="5.226"/>
  <testcase name="testThreeNodesEventsAfterFollowerKill" classname="io.atomix.protocols.raft.RaftTest" time="3.721"/>
  <testcase name="testFiveNodeEvents" classname="io.atomix.protocols.raft.RaftTest" time="2.341"/>
</testsuite>