<?xml version="1.0" encoding="UTF-8"?>
<testsuite name="io.atomix.protocols.raft.RaftTest" time="299.58" tests="65" errors="1" skipped="1" failures="0">
  <properties>
    <property name="java.runtime.name" value="OpenJDK Runtime Environment"/>
    <property name="sun.boot.library.path" value="/usr/lib/jvm/java-8-openjdk-amd64/jre/lib/amd64"/>
    <property name="java.vm.version" value="25.121-b13"/>
    <property name="java.vm.vendor" value="Oracle Corporation"/>
    <property name="maven.multiModuleProjectDirectory" value="/root/workspace/atomix/atomix/388037082"/>
    <property name="java.vendor.url" value="http://java.oracle.com/"/>
    <property name="path.separator" value=":"/>
    <property name="guice.disable.misplaced.annotation.check" value="true"/>
    <property name="skip.gulp" value="true"/>
    <property name="java.vm.name" value="OpenJDK 64-Bit Server VM"/>
    <property name="file.encoding.pkg" value="sun.io"/>
    <property name="sun.java.launcher" value="SUN_STANDARD"/>
    <property name="sun.os.patch.level" value="unknown"/>
    <property name="findbugs.skip" value="true"/>
    <property name="java.vm.specification.name" value="Java Virtual Machine Specification"/>
    <property name="user.dir" value="/root/workspace/atomix/atomix/388037082"/>
    <property name="checkstyle.skip" value="true"/>
    <property name="java.runtime.version" value="1.8.0_121-8u121-b13-1~bpo8+1-b13"/>
    <property name="java.awt.graphicsenv" value="sun.awt.X11GraphicsEnvironment"/>
    <property name="skip.npm" value="true"/>
    <property name="java.endorsed.dirs" value="/usr/lib/jvm/java-8-openjdk-amd64/jre/lib/endorsed"/>
    <property name="os.arch" value="amd64"/>
    <property name="java.io.tmpdir" value="/tmp"/>
    <property name="gpg.skip" value="true"/>
    <property name="line.separator" value="&#10;"/>
    <property name="java.vm.specification.vendor" value="Oracle Corporation"/>
    <property name="cobertura.skip" value="true"/>
    <property name="os.name" value="Linux"/>
    <property name="classworlds.conf" value="/usr/share/maven/bin/m2.conf"/>
    <property name="sun.jnu.encoding" value="UTF-8"/>
    <property name="java.library.path" value="/usr/java/packages/lib/amd64:/usr/lib/x86_64-linux-gnu/jni:/lib/x86_64-linux-gnu:/usr/lib/x86_64-linux-gnu:/usr/lib/jni:/lib:/usr/lib"/>
    <property name="license.skip" value="true"/>
    <property name="java.specification.name" value="Java Platform API Specification"/>
    <property name="java.class.version" value="52.0"/>
    <property name="sun.management.compiler" value="HotSpot 64-Bit Tiered Compilers"/>
    <property name="skip.bower" value="true"/>
    <property name="maven.repo.local" value="/root/./workspace/atomix/atomix/388037082/.m2"/>
    <property name="os.version" value="3.10.0-862.3.2.el7.x86_64"/>
    <property name="user.home" value="/root"/>
    <property name="user.timezone" value="Europe/Paris"/>
    <property name="java.awt.printerjob" value="sun.print.PSPrinterJob"/>
    <property name="java.specification.version" value="1.8"/>
    <property name="file.encoding" value="UTF-8"/>
    <property name="user.name" value="root"/>
    <property name="java.class.path" value="/usr/share/maven/boot/plexus-classworlds-2.5.2.jar"/>
    <property name="skipITs" value="true"/>
    <property name="java.vm.specification.version" value="1.8"/>
    <property name="sun.arch.data.model" value="64"/>
    <property name="java.home" value="/usr/lib/jvm/java-8-openjdk-amd64/jre"/>
    <property name="sun.java.command" value="org.codehaus.plexus.classworlds.launcher.Launcher -B -D enforcer.skip=true -D dependency-check.skip=true -D skipITs=true -D cobertura.skip=true -D maven.repo.local=/root/./workspace/atomix/atomix/388037082/.m2 -D rat.skip=true -D findbugs.skip=true -D skip.bower=true -D gpg.skip=true -D checkstyle.skip=true -D skip.gulp=true -D license.skip=true -D skip.npm=true test"/>
    <property name="java.specification.vendor" value="Oracle Corporation"/>
    <property name="user.language" value="en"/>
    <property name="awt.toolkit" value="sun.awt.X11.XToolkit"/>
    <property name="dependency-check.skip" value="true"/>
    <property name="java.vm.info" value="mixed mode"/>
    <property name="java.version" value="1.8.0_121"/>
    <property name="java.ext.dirs" value="/usr/lib/jvm/java-8-openjdk-amd64/jre/lib/ext:/usr/java/packages/lib/ext"/>
    <property name="securerandom.source" value="file:/dev/./urandom"/>
    <property name="sun.boot.class.path" value="/usr/lib/jvm/java-8-openjdk-amd64/jre/lib/resources.jar:/usr/lib/jvm/java-8-openjdk-amd64/jre/lib/rt.jar:/usr/lib/jvm/java-8-openjdk-amd64/jre/lib/sunrsasign.jar:/usr/lib/jvm/java-8-openjdk-amd64/jre/lib/jsse.jar:/usr/lib/jvm/java-8-openjdk-amd64/jre/lib/jce.jar:/usr/lib/jvm/java-8-openjdk-amd64/jre/lib/charsets.jar:/usr/lib/jvm/java-8-openjdk-amd64/jre/lib/jfr.jar:/usr/lib/jvm/java-8-openjdk-amd64/jre/classes"/>
    <property name="java.vendor" value="Oracle Corporation"/>
    <property name="enforcer.skip" value="true"/>
    <property name="rat.skip" value="true"/>
    <property name="maven.home" value="/usr/share/maven"/>
    <property name="file.separator" value="/"/>
    <property name="java.vendor.url.bug" value="http://bugreport.sun.com/bugreport/"/>
    <property name="sun.cpu.endian" value="little"/>
    <property name="sun.io.unicode.encoding" value="UnicodeLittle"/>
    <property name="sun.cpu.isalist" value=""/>
  </properties>
  <testcase name="testFourNodeSequentialEvent" classname="io.atomix.protocols.raft.RaftTest" time="4.509"/>
  <testcase name="testCrashRecover" classname="io.atomix.protocols.raft.RaftTest" time="40.808"/>
  <testcase name="testSequenceBoundedLinearizableOperations" classname="io.atomix.protocols.raft.RaftTest" time="2.89"/>
  <testcase name="testThreeOfFourNodeSubmitCommand" classname="io.atomix.protocols.raft.RaftTest" time="2.816"/>
  <testcase name="testFourNodeSubmitQueryWithLinearizableConsistency" classname="io.atomix.protocols.raft.RaftTest" time="2.559"/>
  <testcase name="testOneNodeEvents" classname="io.atomix.protocols.raft.RaftTest" time="2.169"/>
  <testcase name="testThreeNodesManyEventsAfterLeaderShutdown" classname="io.atomix.protocols.raft.RaftTest" time="5.459"/>
  <testcase name="testClientKeepAlive" classname="io.atomix.protocols.raft.RaftTest" time="12.713"/>
  <testcase name="testFiveNodeManySessionsManyEvents" classname="io.atomix.protocols.raft.RaftTest" time="4.051"/>
  <testcase name="testFourNodeEvents" classname="io.atomix.protocols.raft.RaftTest" time="2.741"/>
  <testcase name="testPassiveJoinEvent" classname="io.atomix.protocols.raft.RaftTest" time="2.733"/>
  <testcase name="testSessionMetadata" classname="io.atomix.protocols.raft.RaftTest" time="2.572"/>
  <testcase name="testFiveNodeSequentialEvent" classname="io.atomix.protocols.raft.RaftTest" time="3.511"/>
  <testcase name="testServerLeave" classname="io.atomix.protocols.raft.RaftTest" time="2.336"/>
  <testcase name="testOneNodeSubmitQueryWithSequentialConsistency" classname="io.atomix.protocols.raft.RaftTest" time="1.549"/>
  <testcase name="testFourNodeSubmitQueryWithSequentialConsistency" classname="io.atomix.protocols.raft.RaftTest" time="2.663"/>
  <testcase name="testBlockOnEvent" classname="io.atomix.protocols.raft.RaftTest" time="2.545"/>
  <testcase name="testDemoteLeader" classname="io.atomix.protocols.raft.RaftTest" time="3.891"/>
  <testcase name="testTwoOfThreeNodeSubmitCommand" classname="io.atomix.protocols.raft.RaftTest" time="2.198"/>
  <testcase name="testOneNodeCloseEvent" classname="io.atomix.protocols.raft.RaftTest" time="1.49"/>
  <testcase name="testOneNodeSequentialEvent" classname="io.atomix.protocols.raft.RaftTest" time="1.35"/>
  <testcase name="testThreeNodeSubmitCommand" classname="io.atomix.protocols.raft.RaftTest" time="2.61"/>
  <testcase name="testActiveJoinLate" classname="io.atomix.protocols.raft.RaftTest" time="20.34"/>
  <testcase name="testThreeNodeSubmitQueryWithSequentialConsistency" classname="io.atomix.protocols.raft.RaftTest" time="2.592"/>
  <testcase name="testFiveNodeSubmitQueryWithBoundedLinearizableConsistency" classname="io.atomix.protocols.raft.RaftTest" time="3.053"/>
  <testcase name="testTwoNodeSubmitQueryWithBoundedLinearizableConsistency" classname="io.atomix.protocols.raft.RaftTest" time="2.103"/>
  <testcase name="testThreeOfFiveNodeSubmitCommand" classname="io.atomix.protocols.raft.RaftTest" time="2.468"/>
  <testcase name="testTwoNodeSubmitQueryWithSequentialConsistency" classname="io.atomix.protocols.raft.RaftTest" time="2.279"/>
  <testcase name="testActiveJoinEvent" classname="io.atomix.protocols.raft.RaftTest" time="4.475"/>
  <testcase name="testOneNodeSubmitCommand" classname="io.atomix.protocols.raft.RaftTest" time="1.697"/>
  <testcase name="testFourNodeSubmitCommand" classname="io.atomix.protocols.raft.RaftTest" time="2.77"/>
  <testcase name="testTwoNodeSequentialEvent" classname="io.atomix.protocols.raft.RaftTest" time="2.237"/>
  <testcase name="testThreeNodeCloseEvent" classname="io.atomix.protocols.raft.RaftTest" time="2.884"/>
  <testcase name="testFourNodeSubmitQueryWithBoundedLinearizableConsistency" classname="io.atomix.protocols.raft.RaftTest" time="2.55"/>
  <testcase name="testFiveNodeSubmitQueryWithLinearizableConsistency" classname="io.atomix.protocols.raft.RaftTest" time="2.933"/>
  <testcase name="testSequenceSequentialOperations" classname="io.atomix.protocols.raft.RaftTest" time="3.132"/>
  <testcase name="testSingleMemberStart" classname="io.atomix.protocols.raft.RaftTest" time="2.353"/>
  <testcase name="testThreeNodeEvents" classname="io.atomix.protocols.raft.RaftTest" time="2.825"/>
  <testcase name="testSequenceLinearizableOperations" classname="io.atomix.protocols.raft.RaftTest" time="2.884"/>
  <testcase name="testThreeNodeSubmitQueryWithLinearizableConsistency" classname="io.atomix.protocols.raft.RaftTest" time="2.654"/>
  <testcase name="testFiveNodeManyEvents" classname="io.atomix.protocols.raft.RaftTest" time="4.079"/>
  <testcase name="testOneNodeSubmitQueryWithBoundedLinearizableConsistency" classname="io.atomix.protocols.raft.RaftTest" time="1.315"/>
  <testcase name="testFiveNodeExpireEvent" classname="io.atomix.protocols.raft.RaftTest" time="10.926"/>
  <testcase name="testFiveNodeSubmitQueryWithSequentialConsistency" classname="io.atomix.protocols.raft.RaftTest" time="2.949"/>
  <testcase name="testTransferLeadership" classname="io.atomix.protocols.raft.RaftTest" time="2.951">
    <skipped/>
    <system-out>01:43:22.015 [raft-server-3-state] TRACE i.a.utils.serializer.KryoNamespace - class com.google.common.collect.ImmutableEntry registered as 35
01:43:22.015 [raft-server-4-state] TRACE i.a.utils.serializer.KryoNamespace - class com.google.common.collect.Sets registered as 34
01:43:22.015 [raft-server-2-state] TRACE i.a.utils.serializer.KryoNamespace - class com.google.common.collect.ImmutableEntry registered as 35
01:43:22.015 [raft-server-5-state] TRACE i.a.utils.serializer.KryoNamespace - class com.google.common.collect.ImmutableEntry registered as 35
01:43:22.015 [raft-server-3-state] TRACE i.a.utils.serializer.KryoNamespace - class java.util.Arrays$ArrayList registered as 36
01:43:22.015 [raft-server-4-state] TRACE i.a.utils.serializer.KryoNamespace - class com.google.common.collect.ImmutableEntry registered as 35
01:43:22.015 [raft-server-2-state] TRACE i.a.utils.serializer.KryoNamespace - class java.util.Arrays$ArrayList registered as 36
01:43:22.015 [raft-server-5-state] TRACE i.a.utils.serializer.KryoNamespace - class java.util.Arrays$ArrayList registered as 36
01:43:22.016 [raft-server-3-state] TRACE i.a.utils.serializer.KryoNamespace - class java.util.Collections$SingletonList registered as 37
01:43:22.016 [raft-server-4-state] TRACE i.a.utils.serializer.KryoNamespace - class java.util.Arrays$ArrayList registered as 36
01:43:22.016 [raft-server-2-state] TRACE i.a.utils.serializer.KryoNamespace - class java.util.Collections$SingletonList registered as 37
01:43:22.016 [raft-server-5-state] TRACE i.a.utils.serializer.KryoNamespace - class java.util.Collections$SingletonList registered as 37
01:43:22.016 [raft-server-3-state] TRACE i.a.utils.serializer.KryoNamespace - class java.time.Duration registered as 38
01:43:22.016 [raft-server-2-state] TRACE i.a.utils.serializer.KryoNamespace - class java.time.Duration registered as 38
01:43:22.016 [raft-server-4-state] TRACE i.a.utils.serializer.KryoNamespace - class java.util.Collections$SingletonList registered as 37
01:43:22.016 [raft-server-5-state] TRACE i.a.utils.serializer.KryoNamespace - class java.time.Duration registered as 38
01:43:22.016 [raft-server-3-state] TRACE i.a.utils.serializer.KryoNamespace - class java.util.Collections$EmptySet registered as 39
01:43:22.016 [raft-server-2-state] TRACE i.a.utils.serializer.KryoNamespace - class java.util.Collections$EmptySet registered as 39
01:43:22.016 [raft-server-4-state] TRACE i.a.utils.serializer.KryoNamespace - class java.time.Duration registered as 38
01:43:22.016 [raft-server-5-state] TRACE i.a.utils.serializer.KryoNamespace - class java.util.Collections$EmptySet registered as 39
01:43:22.016 [raft-server-3-state] TRACE i.a.utils.serializer.KryoNamespace - class java.util.Optional registered as 40
01:43:22.016 [raft-server-2-state] TRACE i.a.utils.serializer.KryoNamespace - class java.util.Optional registered as 40
01:43:22.016 [raft-server-4-state] TRACE i.a.utils.serializer.KryoNamespace - class java.util.Collections$EmptySet registered as 39
01:43:22.016 [raft-server-5-state] TRACE i.a.utils.serializer.KryoNamespace - class java.util.Optional registered as 40
01:43:22.016 [raft-server-3-state] TRACE i.a.utils.serializer.KryoNamespace - class java.util.Collections$EmptyList registered as 41
</system-out>
  </testcase>
  <testcase name="testTwoNodeSubmitQueryWithLinearizableConsistency" classname="io.atomix.protocols.raft.RaftTest" time="3.48"/>
  <testcase name="testThreeNodeSequentialEvent" classname="io.atomix.protocols.raft.RaftTest" time="3.95"/>
  <testcase name="testTwoNodeEvents" classname="io.atomix.protocols.raft.RaftTest" time="2.521"/>
  <testcase name="testActiveJoin" classname="io.atomix.protocols.raft.RaftTest" time="4.421"/>
  <testcase name="testPassiveJoinLate" classname="io.atomix.protocols.raft.RaftTest" time="20.827"/>
  <testcase name="testPassiveJoin" classname="io.atomix.protocols.raft.RaftTest" time="2.823"/>
  <testcase name="testFiveNodesManyEventsAfterLeaderShutdown" classname="io.atomix.protocols.raft.RaftTest" time="6.137"/>
  <testcase name="testFiveNodeSubmitCommand" classname="io.atomix.protocols.raft.RaftTest" time="3.004"/>
  <testcase name="testOneNodeExpireEvent" classname="io.atomix.protocols.raft.RaftTest" time="9.253"/>
  <testcase name="testFiveNodesEventsAfterLeaderKill" classname="io.atomix.protocols.raft.RaftTest" time="6.852"/>
  <testcase name="testTwoNodeSubmitCommand" classname="io.atomix.protocols.raft.RaftTest" time="2.199"/>
  <testcase name="testThreeNodeExpireEvent" classname="io.atomix.protocols.raft.RaftTest" time="9.847"/>
  <testcase name="testResize" classname="io.atomix.protocols.raft.RaftTest" time="2.598">
    <error message="target/test-logs/2/atomix.meta" type="java.nio.file.NoSuchFileException">java.nio.file.NoSuchFileException: target/test-logs/2/atomix.meta
	at sun.nio.fs.UnixException.translateToIOException(UnixException.java:86)
	at sun.nio.fs.UnixException.rethrowAsIOException(UnixException.java:102)
	at sun.nio.fs.UnixException.rethrowAsIOException(UnixException.java:107)
	at sun.nio.fs.UnixFileSystemProvider.implDelete(UnixFileSystemProvider.java:244)
	at sun.nio.fs.AbstractFileSystemProvider.delete(AbstractFileSystemProvider.java:103)
	at java.nio.file.Files.delete(Files.java:1126)
	at io.atomix.protocols.raft.RaftTest$1.visitFile(RaftTest.java:1316)
	at io.atomix.protocols.raft.RaftTest$1.visitFile(RaftTest.java:1313)
	at java.nio.file.Files.walkFileTree(Files.java:2670)
	at java.nio.file.Files.walkFileTree(Files.java:2742)
	at io.atomix.protocols.raft.RaftTest.clearTests(RaftTest.java:1313)
</error>
    <system-out>01:44:37.583 [main] DEBUG i.a.storage.journal.SegmentedJournal - Created disk segment: JournalSegment{id=1, version=1, index=1, size=64}
01:44:37.583 [main] TRACE i.a.p.raft.storage.system.MetaStore - Store configuration Configuration{index=0, time=2018-06-05 01:44:37,583, members=[DefaultRaftMember{id=1, type=ACTIVE, updated=2018-06-04T23:44:37.583Z}]}
01:44:37.608 [raft-server-1] INFO  i.a.protocols.raft.impl.RaftContext - RaftServer{1} - Transitioning to FOLLOWER
01:44:38.958 [raft-server-1] DEBUG i.a.p.raft.roles.FollowerRole - RaftServer{1}{role=FOLLOWER} - Heartbeat timed out in PT1.349S
01:44:38.958 [raft-server-1] INFO  i.a.protocols.raft.impl.RaftContext - RaftServer{1} - Transitioning to CANDIDATE
01:44:38.958 [raft-server-1] TRACE i.a.p.raft.roles.FollowerRole - RaftServer{1}{role=FOLLOWER} - Cancelling heartbeat timer
01:44:38.958 [raft-server-1] INFO  i.a.p.raft.roles.CandidateRole - RaftServer{1}{role=CANDIDATE} - Starting election
01:44:38.958 [raft-server-1] TRACE i.a.p.raft.storage.system.MetaStore - Store term 1
01:44:38.983 [raft-server-1] TRACE i.a.p.raft.storage.system.MetaStore - Store vote null
01:44:39.008 [raft-server-1] DEBUG i.a.protocols.raft.impl.RaftContext - RaftServer{1} - Set term 1
01:44:39.008 [raft-server-1] TRACE i.a.p.raft.storage.system.MetaStore - Store vote 1
01:44:39.033 [raft-server-1] DEBUG i.a.protocols.raft.impl.RaftContext - RaftServer{1} - Voted for 1
01:44:39.033 [raft-server-1] DEBUG i.a.p.raft.roles.CandidateRole - RaftServer{1}{role=CANDIDATE} - Single member cluster. Transitioning directly to leader.
01:44:39.033 [raft-server-1] INFO  i.a.protocols.raft.impl.RaftContext - RaftServer{1} - Transitioning to LEADER
01:44:39.033 [raft-server-1] INFO  i.a.protocols.raft.impl.RaftContext - RaftServer{1} - Found leader 1
01:44:39.033 [raft-server-1] TRACE i.a.p.raft.storage.system.MetaStore - Store vote null
01:44:39.063 [raft-server-1] TRACE i.a.protocols.raft.roles.LeaderRole - RaftServer{1}{role=LEADER} - Appended Indexed{index=1, entry=InitializeEntry{term=1, timestamp=2018-06-05 01:44:39,033}}
01:44:39.099 [raft-server-1] TRACE i.a.protocols.raft.roles.LeaderRole - RaftServer{1}{role=LEADER} - Starting append timer
01:44:39.100 [raft-server-1] INFO  i.a.p.raft.impl.DefaultRaftServer - RaftServer{1} - Server started successfully!
01:44:39.100 [raft-server-1-state] TRACE i.a.p.raft.impl.RaftServiceManager - RaftServer{1} - Applying Indexed{index=1, entry=InitializeEntry{term=1, timestamp=2018-06-05 01:44:39,033}}
01:44:39.530 [main] DEBUG i.a.storage.journal.SegmentedJournal - Created disk segment: JournalSegment{id=1, version=1, index=1, size=64}
01:44:39.531 [main] TRACE i.a.p.raft.storage.system.MetaStore - Store configuration Configuration{index=0, time=2018-06-05 01:44:39,530, members=[DefaultRaftMember{id=1, type=ACTIVE, updated=2018-06-04T23:44:39.530Z}]}
01:44:39.558 [raft-server-2] INFO  i.a.protocols.raft.impl.RaftContext - RaftServer{2} - Transitioning to PROMOTABLE
01:44:39.558 [raft-server-2] DEBUG i.a.p.r.c.impl.RaftClusterContext - RaftServer{2} - Attempting to join via 1
01:44:39.558 [raft-server-1] TRACE i.a.protocols.raft.roles.LeaderRole - RaftServer{1}{role=LEADER} - Received JoinRequest{member=DefaultRaftMember{id=2, type=PROMOTABLE, updated=2018-06-04T23:44:39.530Z}}
01:44:39.558 [raft-server-1] TRACE i.a.protocols.raft.roles.LeaderRole - RaftServer{1}{role=LEADER} - Appended Indexed{index=2, entry=ConfigurationEntry{term=1, timestamp=2018-06-05 01:44:39,558, members=[DefaultRaftMember{id=1, type=ACTIVE, updated=2018-06-04T23:44:37.583Z}, DefaultRaftMember{id=2, type=PROMOTABLE, updated=2018-06-04T23:44:39.558Z}]}}
01:44:39.588 [raft-server-1] TRACE i.a.p.raft.storage.system.MetaStore - Store configuration Configuration{index=2, time=2018-06-05 01:44:39,558, members=[DefaultRaftMember{id=1, type=ACTIVE, updated=2018-06-04T23:44:37.583Z}, DefaultRaftMember{id=2, type=PROMOTABLE, updated=2018-06-04T23:44:39.558Z}]}
01:44:39.616 [raft-server-1] TRACE i.a.protocols.raft.roles.LeaderRole - RaftServer{1}{role=LEADER} - Sending JoinResponse{status=OK, index=2, term=1, timestamp=1528155879558, members=[DefaultRaftMember{id=1, type=ACTIVE, updated=2018-06-04T23:44:37.583Z}, DefaultRaftMember{id=2, type=PROMOTABLE, updated=2018-06-04T23:44:39.558Z}]}
01:44:39.616 [raft-server-1] DEBUG i.a.p.raft.roles.LeaderAppender - RaftServer{1} - Configuring 2
01:44:39.616 [raft-server-1] TRACE i.a.p.raft.roles.LeaderAppender - RaftServer{1} - Sending ConfigureRequest{term=1, leader=1, index=2, timestamp=1528155879558, members=[DefaultRaftMember{id=1, type=ACTIVE, updated=2018-06-04T23:44:37.583Z}, DefaultRaftMember{id=2, type=PROMOTABLE, updated=2018-06-04T23:44:39.558Z}]} to 2
01:44:39.616 [raft-server-2] TRACE i.a.p.r.c.impl.RaftClusterContext - RaftServer{2} - Cancelling join timeout
01:44:39.616 [raft-server-2] INFO  i.a.p.r.c.impl.RaftClusterContext - RaftServer{2} - Successfully joined via 1
01:44:39.616 [raft-server-1-state] TRACE i.a.p.raft.impl.RaftServiceManager - RaftServer{1} - Applying Indexed{index=2, entry=ConfigurationEntry{term=1, timestamp=2018-06-05 01:44:39,558, members=[DefaultRaftMember{id=1, type=ACTIVE, updated=2018-06-04T23:44:37.583Z}, DefaultRaftMember{id=2, type=PROMOTABLE, updated=2018-06-04T23:44:39.558Z}]}}
01:44:39.616 [raft-server-2] TRACE i.a.p.raft.storage.system.MetaStore - Store configuration Configuration{index=2, time=2018-06-05 01:44:39,558, members=[DefaultRaftMember{id=1, type=ACTIVE, updated=2018-06-04T23:44:37.583Z}, DefaultRaftMember{id=2, type=PROMOTABLE, updated=2018-06-04T23:44:39.558Z}]}
01:44:39.641 [raft-server-2] TRACE i.a.p.raft.roles.PromotableRole - RaftServer{2}{role=PROMOTABLE} - Received ConfigureRequest{term=1, leader=1, index=2, timestamp=1528155879558, members=[DefaultRaftMember{id=1, type=ACTIVE, updated=2018-06-04T23:44:37.583Z}, DefaultRaftMember{id=2, type=PROMOTABLE, updated=2018-06-04T23:44:39.558Z}]}
01:44:39.641 [raft-server-2] TRACE i.a.p.raft.storage.system.MetaStore - Store term 1
01:44:39.666 [raft-server-2] TRACE i.a.p.raft.storage.system.MetaStore - Store vote null
01:44:39.691 [raft-server-2] DEBUG i.a.protocols.raft.impl.RaftContext - RaftServer{2} - Set term 1
01:44:39.691 [raft-server-2] INFO  i.a.protocols.raft.impl.RaftContext - RaftServer{2} - Found leader 1
01:44:39.691 [raft-server-2] TRACE i.a.p.raft.storage.system.MetaStore - Store vote null
01:44:39.716 [raft-server-2] TRACE i.a.p.raft.roles.PromotableRole - RaftServer{2}{role=PROMOTABLE} - Sending ConfigureResponse{status=OK}
01:44:39.716 [raft-server-2] TRACE i.a.p.raft.roles.PromotableRole - RaftServer{2}{role=PROMOTABLE} - Received ReconfigureRequest{index=2, term=1, member=DefaultRaftMember{id=2, type=ACTIVE, updated=2018-06-04T23:44:39.530Z}}
01:44:39.716 [raft-server-1] TRACE i.a.p.raft.roles.LeaderAppender - RaftServer{1} - Received ConfigureResponse{status=OK} from 2
01:44:39.716 [raft-server-1] TRACE i.a.p.raft.roles.LeaderAppender - RaftServer{1} - Sending AppendRequest{term=1, leader=1, prevLogIndex=2, prevLogTerm=1, entries=0, commitIndex=2} to 2
01:44:39.716 [raft-server-1] TRACE i.a.protocols.raft.roles.LeaderRole - RaftServer{1}{role=LEADER} - Received ReconfigureRequest{index=2, term=1, member=DefaultRaftMember{id=2, type=ACTIVE, updated=2018-06-04T23:44:39.530Z}}
01:44:39.716 [raft-server-2] TRACE i.a.p.raft.roles.PromotableRole - RaftServer{2}{role=PROMOTABLE} - Received AppendRequest{term=1, leader=1, prevLogIndex=2, prevLogTerm=1, entries=0, commitIndex=2}
01:44:39.717 [raft-server-2] DEBUG i.a.p.raft.roles.PromotableRole - RaftServer{2}{role=PROMOTABLE} - Rejected AppendRequest{term=1, leader=1, prevLogIndex=2, prevLogTerm=1, entries=0, commitIndex=2}: Previous index (2) is greater than the local log's last index (0)
01:44:39.717 [raft-server-2] TRACE i.a.p.raft.roles.PromotableRole - RaftServer{2}{role=PROMOTABLE} - Sending AppendResponse{status=OK, term=1, succeeded=false, lastLogIndex=0}
01:44:39.717 [raft-server-1] TRACE i.a.protocols.raft.roles.LeaderRole - RaftServer{1}{role=LEADER} - Appended Indexed{index=3, entry=ConfigurationEntry{term=1, timestamp=2018-06-05 01:44:39,717, members=[DefaultRaftMember{id=1, type=ACTIVE, updated=2018-06-04T23:44:37.583Z}, DefaultRaftMember{id=2, type=ACTIVE, updated=2018-06-04T23:44:39.716Z}]}}
01:44:39.717 [raft-server-1] TRACE i.a.p.raft.roles.LeaderAppender - RaftServer{1} - Received AppendResponse{status=OK, term=1, succeeded=false, lastLogIndex=0} from 2
01:44:39.717 [raft-server-1] TRACE i.a.p.raft.roles.LeaderAppender - RaftServer{1} - Reset next index for RaftMemberContext{member=2, term=1, configIndex=2, snapshotIndex=0, nextSnapshotIndex=0, nextSnapshotOffset=0, matchIndex=0, nextIndex=1, heartbeatTime=1528155879616, appending=0, appendSucceeded=false, appendTime=1528155879716, configuring=false, installing=false, failures=0} to 1
01:44:39.717 [raft-server-1] TRACE i.a.p.raft.roles.LeaderAppender - RaftServer{1} - Sending AppendRequest{term=1, leader=1, prevLogIndex=0, prevLogTerm=0, entries=3, commitIndex=2} to 2
01:44:39.717 [raft-server-2] TRACE i.a.p.raft.roles.PromotableRole - RaftServer{2}{role=PROMOTABLE} - Received AppendRequest{term=1, leader=1, prevLogIndex=0, prevLogTerm=0, entries=3, commitIndex=2}
01:44:39.717 [raft-server-1] DEBUG i.a.p.raft.roles.LeaderAppender - RaftServer{1} - Configuring 2
01:44:39.717 [raft-server-2] DEBUG i.a.p.raft.roles.PromotableRole - RaftServer{2}{role=PROMOTABLE} - Reset first index to 1
01:44:39.717 [raft-server-1] TRACE i.a.p.raft.roles.LeaderAppender - RaftServer{1} - Sending ConfigureRequest{term=1, leader=1, index=3, timestamp=1528155879717, members=[DefaultRaftMember{id=1, type=ACTIVE, updated=2018-06-04T23:44:37.583Z}, DefaultRaftMember{id=2, type=ACTIVE, updated=2018-06-04T23:44:39.716Z}]} to 2
01:44:39.717 [raft-server-2] TRACE i.a.p.raft.roles.PromotableRole - RaftServer{2}{role=PROMOTABLE} - Appended Indexed{index=1, entry=InitializeEntry{term=1, timestamp=2018-06-05 01:44:39,033}}
01:44:39.717 [raft-server-2] TRACE i.a.p.raft.roles.PromotableRole - RaftServer{2}{role=PROMOTABLE} - Appended Indexed{index=2, entry=ConfigurationEntry{term=1, timestamp=2018-06-05 01:44:39,558, members=[DefaultRaftMember{id=1, type=ACTIVE, updated=2018-06-04T23:44:37.583Z}, DefaultRaftMember{id=2, type=PROMOTABLE, updated=2018-06-04T23:44:39.558Z}]}}
01:44:39.749 [raft-server-2] TRACE i.a.p.raft.roles.PromotableRole - RaftServer{2}{role=PROMOTABLE} - Committed entries up to index 2
01:44:39.750 [raft-server-2] TRACE i.a.p.raft.roles.PromotableRole - RaftServer{2}{role=PROMOTABLE} - Sending AppendResponse{status=OK, term=1, succeeded=true, lastLogIndex=2}
01:44:39.750 [raft-server-2] TRACE i.a.p.raft.roles.PromotableRole - RaftServer{2}{role=PROMOTABLE} - Received ConfigureRequest{term=1, leader=1, index=3, timestamp=1528155879717, members=[DefaultRaftMember{id=1, type=ACTIVE, updated=2018-06-04T23:44:37.583Z}, DefaultRaftMember{id=2, type=ACTIVE, updated=2018-06-04T23:44:39.716Z}]}
01:44:39.750 [raft-server-2] INFO  i.a.protocols.raft.impl.RaftContext - RaftServer{2} - Transitioning to FOLLOWER
01:44:39.750 [raft-server-1] TRACE i.a.p.raft.roles.LeaderAppender - RaftServer{1} - Received AppendResponse{status=OK, term=1, succeeded=true, lastLogIndex=2} from 2
01:44:39.750 [raft-server-2] TRACE i.a.p.raft.roles.PromotableRole - RaftServer{2}{role=PROMOTABLE} - Sending ConfigureResponse{status=OK}
01:44:39.750 [raft-server-2-state] TRACE i.a.p.raft.impl.RaftServiceManager - RaftServer{2} - Applying Indexed{index=1, entry=InitializeEntry{term=1, timestamp=2018-06-05 01:44:39,033}}
01:44:39.750 [raft-server-1] TRACE i.a.p.raft.roles.LeaderAppender - RaftServer{1} - Received ConfigureResponse{status=OK} from 2
01:44:39.750 [raft-server-1] TRACE i.a.p.raft.roles.LeaderAppender - RaftServer{1} - Sending AppendRequest{term=1, leader=1, prevLogIndex=3, prevLogTerm=1, entries=0, commitIndex=2} to 2
01:44:39.750 [raft-server-2-state] TRACE i.a.p.raft.impl.RaftServiceManager - RaftServer{2} - Applying Indexed{index=2, entry=ConfigurationEntry{term=1, timestamp=2018-06-05 01:44:39,558, members=[DefaultRaftMember{id=1, type=ACTIVE, updated=2018-06-04T23:44:37.583Z}, DefaultRaftMember{id=2, type=PROMOTABLE, updated=2018-06-04T23:44:39.558Z}]}}
01:44:39.751 [raft-server-2] TRACE i.a.p.raft.roles.FollowerRole - RaftServer{2}{role=FOLLOWER} - Received AppendRequest{term=1, leader=1, prevLogIndex=3, prevLogTerm=1, entries=0, commitIndex=2}
01:44:39.751 [raft-server-2] DEBUG i.a.p.raft.roles.FollowerRole - RaftServer{2}{role=FOLLOWER} - Rejected AppendRequest{term=1, leader=1, prevLogIndex=3, prevLogTerm=1, entries=0, commitIndex=2}: Previous index (3) is greater than the local log's last index (2)
01:44:39.751 [raft-server-2] TRACE i.a.p.raft.roles.FollowerRole - RaftServer{2}{role=FOLLOWER} - Sending AppendResponse{status=OK, term=1, succeeded=false, lastLogIndex=2}
01:44:39.751 [raft-server-1] TRACE i.a.p.raft.roles.LeaderAppender - RaftServer{1} - Received AppendResponse{status=OK, term=1, succeeded=false, lastLogIndex=2} from 2
01:44:39.751 [raft-server-1] TRACE i.a.p.raft.roles.LeaderAppender - RaftServer{1} - Reset next index for RaftMemberContext{member=2, term=1, configIndex=3, snapshotIndex=0, nextSnapshotIndex=0, nextSnapshotOffset=0, matchIndex=2, nextIndex=3, heartbeatTime=1528155879717, appending=0, appendSucceeded=false, appendTime=1528155879750, configuring=false, installing=false, failures=0} to 3
01:44:39.751 [raft-server-1] TRACE i.a.p.raft.roles.LeaderAppender - RaftServer{1} - Sending AppendRequest{term=1, leader=1, prevLogIndex=2, prevLogTerm=1, entries=1, commitIndex=2} to 2
01:44:39.751 [raft-server-2] TRACE i.a.p.raft.roles.FollowerRole - RaftServer{2}{role=FOLLOWER} - Received AppendRequest{term=1, leader=1, prevLogIndex=2, prevLogTerm=1, entries=1, commitIndex=2}
01:44:39.751 [raft-server-2] TRACE i.a.p.raft.roles.FollowerRole - RaftServer{2}{role=FOLLOWER} - Appended Indexed{index=3, entry=ConfigurationEntry{term=1, timestamp=2018-06-05 01:44:39,717, members=[DefaultRaftMember{id=1, type=ACTIVE, updated=2018-06-04T23:44:37.583Z}, DefaultRaftMember{id=2, type=ACTIVE, updated=2018-06-04T23:44:39.716Z}]}}
01:44:39.751 [raft-server-2] TRACE i.a.p.raft.roles.FollowerRole - RaftServer{2}{role=FOLLOWER} - Sending AppendResponse{status=OK, term=1, succeeded=true, lastLogIndex=3}
01:44:39.751 [raft-server-1] TRACE i.a.p.raft.roles.LeaderAppender - RaftServer{1} - Received AppendResponse{status=OK, term=1, succeeded=true, lastLogIndex=3} from 2
01:44:39.751 [raft-server-1] TRACE i.a.p.raft.roles.LeaderAppender - RaftServer{1} - Committed entries up to 3
01:44:39.780 [raft-server-1] TRACE i.a.p.raft.storage.system.MetaStore - Store configuration Configuration{index=3, time=2018-06-05 01:44:39,717, members=[DefaultRaftMember{id=1, type=ACTIVE, updated=2018-06-04T23:44:37.583Z}, DefaultRaftMember{id=2, type=ACTIVE, updated=2018-06-04T23:44:39.716Z}]}
01:44:39.808 [raft-server-1] TRACE i.a.protocols.raft.roles.LeaderRole - RaftServer{1}{role=LEADER} - Sending ReconfigureResponse{status=OK, index=3, term=1, timestamp=1528155879717, members=[DefaultRaftMember{id=1, type=ACTIVE, updated=2018-06-04T23:44:37.583Z}, DefaultRaftMember{id=2, type=ACTIVE, updated=2018-06-04T23:44:39.716Z}]}
01:44:39.808 [raft-server-1-state] TRACE i.a.p.raft.impl.RaftServiceManager - RaftServer{1} - Applying Indexed{index=3, entry=ConfigurationEntry{term=1, timestamp=2018-06-05 01:44:39,717, members=[DefaultRaftMember{id=1, type=ACTIVE, updated=2018-06-04T23:44:37.583Z}, DefaultRaftMember{id=2, type=ACTIVE, updated=2018-06-04T23:44:39.716Z}]}}
01:44:39.808 [raft-server-2] TRACE i.a.p.raft.roles.PromotableRole - RaftServer{2}{role=PROMOTABLE} - Sending ReconfigureResponse{status=OK, index=3, term=1, timestamp=1528155879717, members=[DefaultRaftMember{id=1, type=ACTIVE, updated=2018-06-04T23:44:37.583Z}, DefaultRaftMember{id=2, type=ACTIVE, updated=2018-06-04T23:44:39.716Z}]}
01:44:39.808 [raft-server-2] INFO  i.a.p.raft.impl.DefaultRaftServer - RaftServer{2} - Server started successfully!
01:44:39.808 [raft-server-1] TRACE i.a.protocols.raft.roles.LeaderRole - RaftServer{1}{role=LEADER} - Received LeaveRequest{member=DefaultRaftMember{id=1, type=ACTIVE, updated=2018-06-04T23:44:37.583Z}}
01:44:39.808 [raft-server-1] TRACE i.a.protocols.raft.roles.LeaderRole - RaftServer{1}{role=LEADER} - Appended Indexed{index=4, entry=ConfigurationEntry{term=1, timestamp=2018-06-05 01:44:39,808, members=[DefaultRaftMember{id=2, type=ACTIVE, updated=2018-06-04T23:44:39.716Z}]}}
01:44:39.809 [raft-server-1] DEBUG i.a.p.raft.roles.LeaderAppender - RaftServer{1} - Configuring 2
01:44:39.809 [raft-server-1] TRACE i.a.p.raft.roles.LeaderAppender - RaftServer{1} - Sending ConfigureRequest{term=1, leader=1, index=4, timestamp=1528155879808, members=[DefaultRaftMember{id=2, type=ACTIVE, updated=2018-06-04T23:44:39.716Z}]} to 2
01:44:39.809 [raft-server-2] TRACE i.a.p.raft.roles.FollowerRole - RaftServer{2}{role=FOLLOWER} - Received ConfigureRequest{term=1, leader=1, index=4, timestamp=1528155879808, members=[DefaultRaftMember{id=2, type=ACTIVE, updated=2018-06-04T23:44:39.716Z}]}
01:44:39.809 [raft-server-2] TRACE i.a.p.raft.roles.FollowerRole - RaftServer{2}{role=FOLLOWER} - Sending ConfigureResponse{status=OK}
01:44:39.809 [raft-server-1] TRACE i.a.p.raft.roles.LeaderAppender - RaftServer{1} - Received ConfigureResponse{status=OK} from 2
01:44:39.809 [raft-server-1] TRACE i.a.p.raft.roles.LeaderAppender - RaftServer{1} - Sending AppendRequest{term=1, leader=1, prevLogIndex=3, prevLogTerm=1, entries=1, commitIndex=3} to 2
01:44:39.809 [raft-server-2] TRACE i.a.p.raft.roles.FollowerRole - RaftServer{2}{role=FOLLOWER} - Received AppendRequest{term=1, leader=1, prevLogIndex=3, prevLogTerm=1, entries=1, commitIndex=3}
01:44:39.810 [raft-server-2] TRACE i.a.p.raft.roles.FollowerRole - RaftServer{2}{role=FOLLOWER} - Appended Indexed{index=4, entry=ConfigurationEntry{term=1, timestamp=2018-06-05 01:44:39,808, members=[DefaultRaftMember{id=2, type=ACTIVE, updated=2018-06-04T23:44:39.716Z}]}}
01:44:39.838 [raft-server-2] TRACE i.a.p.raft.roles.FollowerRole - RaftServer{2}{role=FOLLOWER} - Committed entries up to index 3
01:44:39.838 [raft-server-2] TRACE i.a.p.raft.roles.FollowerRole - RaftServer{2}{role=FOLLOWER} - Sending AppendResponse{status=OK, term=1, succeeded=true, lastLogIndex=4}
01:44:39.838 [raft-server-1] TRACE i.a.p.raft.roles.LeaderAppender - RaftServer{1} - Received AppendResponse{status=OK, term=1, succeeded=true, lastLogIndex=4} from 2
01:44:39.838 [raft-server-1] TRACE i.a.p.raft.roles.LeaderAppender - RaftServer{1} - Committed entries up to 4
01:44:39.838 [raft-server-2-state] TRACE i.a.p.raft.impl.RaftServiceManager - RaftServer{2} - Applying Indexed{index=3, entry=ConfigurationEntry{term=1, timestamp=2018-06-05 01:44:39,717, members=[DefaultRaftMember{id=1, type=ACTIVE, updated=2018-06-04T23:44:37.583Z}, DefaultRaftMember{id=2, type=ACTIVE, updated=2018-06-04T23:44:39.716Z}]}}
01:44:39.871 [raft-server-1] TRACE i.a.p.raft.storage.system.MetaStore - Store configuration Configuration{index=4, time=2018-06-05 01:44:39,808, members=[DefaultRaftMember{id=2, type=ACTIVE, updated=2018-06-04T23:44:39.716Z}]}
01:44:39.899 [raft-server-1] TRACE i.a.protocols.raft.roles.LeaderRole - RaftServer{1}{role=LEADER} - Sending LeaveResponse{status=OK, index=4, term=1, timestamp=1528155879808, members=[DefaultRaftMember{id=2, type=ACTIVE, updated=2018-06-04T23:44:39.716Z}]}
01:44:39.899 [raft-server-1] TRACE i.a.p.r.c.impl.RaftClusterContext - RaftServer{1} - Cancelling leave timeout
01:44:39.900 [raft-server-1] TRACE i.a.p.raft.roles.LeaderAppender - RaftServer{1} - Sending AppendRequest{term=1, leader=1, prevLogIndex=4, prevLogTerm=1, entries=0, commitIndex=4} to 2
01:44:39.900 [raft-server-1] INFO  i.a.protocols.raft.impl.RaftContext - RaftServer{1} - Transitioning to INACTIVE
01:44:39.900 [raft-server-2] TRACE i.a.p.raft.roles.FollowerRole - RaftServer{2}{role=FOLLOWER} - Received AppendRequest{term=1, leader=1, prevLogIndex=4, prevLogTerm=1, entries=0, commitIndex=4}
01:44:39.900 [raft-server-1] TRACE i.a.protocols.raft.roles.LeaderRole - RaftServer{1}{role=LEADER} - Cancelling append timer
01:44:39.900 [raft-server-1] TRACE i.a.p.raft.storage.system.MetaStore - Store vote null
01:44:39.900 [raft-server-2] TRACE i.a.p.raft.storage.system.MetaStore - Store configuration Configuration{index=4, time=2018-06-05 01:44:39,808, members=[DefaultRaftMember{id=2, type=ACTIVE, updated=2018-06-04T23:44:39.716Z}]}
01:44:39.925 [ForkJoinPool.commonPool-worker-4] DEBUG i.a.storage.journal.SegmentedJournal - Closing segment: JournalSegment{id=1, version=1, index=1, size=271}
01:44:39.925 [raft-server-1-state] TRACE i.a.p.raft.impl.RaftServiceManager - RaftServer{1} - Applying Indexed{index=4, entry=ConfigurationEntry{term=1, timestamp=2018-06-05 01:44:39,808, members=[DefaultRaftMember{id=2, type=ACTIVE, updated=2018-06-04T23:44:39.716Z}]}}
01:44:39.949 [raft-server-2] TRACE i.a.p.raft.roles.FollowerRole - RaftServer{2}{role=FOLLOWER} - Committed entries up to index 4
01:44:39.949 [raft-server-2] TRACE i.a.p.raft.roles.FollowerRole - RaftServer{2}{role=FOLLOWER} - Sending AppendResponse{status=OK, term=1, succeeded=true, lastLogIndex=4}
01:44:39.950 [raft-server-2] TRACE i.a.p.r.c.impl.RaftClusterContext - RaftServer{2} - Single member cluster. Transitioning directly to inactive.
01:44:39.950 [raft-server-2] INFO  i.a.protocols.raft.impl.RaftContext - RaftServer{2} - Transitioning to INACTIVE
01:44:39.950 [raft-server-2] TRACE i.a.p.raft.roles.FollowerRole - RaftServer{2}{role=FOLLOWER} - Cancelling heartbeat timer
01:44:39.950 [raft-server-2-state] TRACE i.a.p.raft.impl.RaftServiceManager - RaftServer{2} - Applying Indexed{index=4, entry=ConfigurationEntry{term=1, timestamp=2018-06-05 01:44:39,808, members=[DefaultRaftMember{id=2, type=ACTIVE, updated=2018-06-04T23:44:39.716Z}]}}
01:44:39.950 [ForkJoinPool.commonPool-worker-5] DEBUG i.a.storage.journal.SegmentedJournal - Closing segment: JournalSegment{id=1, version=1, index=1, size=271}
01:44:39.950 [ForkJoinPool.commonPool-worker-4] DEBUG i.a.storage.journal.SegmentedJournal - Closing segment: JournalSegment{id=1, version=1, index=1, size=271}
</system-out>
  </testcase>
  <testcase name="testFiveNodeCloseEvent" classname="io.atomix.protocols.raft.RaftTest" time="3.235"/>
  <testcase name="testOneNodeSubmitQueryWithLinearizableConsistency" classname="io.atomix.protocols.raft.RaftTest" time="1.761"/>
  <testcase name="testThreeNodeSubmitQueryWithBoundedLinearizableConsistency" classname="io.atomix.protocols.raft.RaftTest" time="2.488"/>
  <testcase name="testLeaderLeave" classname="io.atomix.protocols.raft.RaftTest" time="2.257"/>
  <testcase name="testFiveNodesEventsAfterFollowerKill" classname="io.atomix.protocols.raft.RaftTest" time="5.833"/>
  <testcase name="testThreeNodesEventsAfterFollowerKill" classname="io.atomix.protocols.raft.RaftTest" time="4.362"/>
  <testcase name="testFiveNodeEvents" classname="io.atomix.protocols.raft.RaftTest" time="3.12"/>
</testsuite>