<?xml version="1.0" encoding="UTF-8"?>
<testsuite name="io.atomix.protocols.raft.RaftTest" time="394.449" tests="65" errors="1" skipped="1" failures="0">
  <properties>
    <property name="java.runtime.name" value="OpenJDK Runtime Environment"/>
    <property name="sun.boot.library.path" value="/usr/lib/jvm/java-8-openjdk-amd64/jre/lib/amd64"/>
    <property name="java.vm.version" value="25.121-b13"/>
    <property name="java.vm.vendor" value="Oracle Corporation"/>
    <property name="maven.multiModuleProjectDirectory" value="/root/workspace/atomix/atomix/390513486"/>
    <property name="java.vendor.url" value="http://java.oracle.com/"/>
    <property name="path.separator" value=":"/>
    <property name="guice.disable.misplaced.annotation.check" value="true"/>
    <property name="skip.gulp" value="true"/>
    <property name="java.vm.name" value="OpenJDK 64-Bit Server VM"/>
    <property name="file.encoding.pkg" value="sun.io"/>
    <property name="sun.java.launcher" value="SUN_STANDARD"/>
    <property name="sun.os.patch.level" value="unknown"/>
    <property name="findbugs.skip" value="true"/>
    <property name="java.vm.specification.name" value="Java Virtual Machine Specification"/>
    <property name="user.dir" value="/root/workspace/atomix/atomix/390513486"/>
    <property name="checkstyle.skip" value="true"/>
    <property name="java.runtime.version" value="1.8.0_121-8u121-b13-1~bpo8+1-b13"/>
    <property name="java.awt.graphicsenv" value="sun.awt.X11GraphicsEnvironment"/>
    <property name="skip.npm" value="true"/>
    <property name="java.endorsed.dirs" value="/usr/lib/jvm/java-8-openjdk-amd64/jre/lib/endorsed"/>
    <property name="os.arch" value="amd64"/>
    <property name="java.io.tmpdir" value="/tmp"/>
    <property name="gpg.skip" value="true"/>
    <property name="line.separator" value="&#10;"/>
    <property name="java.vm.specification.vendor" value="Oracle Corporation"/>
    <property name="cobertura.skip" value="true"/>
    <property name="os.name" value="Linux"/>
    <property name="classworlds.conf" value="/usr/share/maven/bin/m2.conf"/>
    <property name="sun.jnu.encoding" value="UTF-8"/>
    <property name="java.library.path" value="/usr/java/packages/lib/amd64:/usr/lib/x86_64-linux-gnu/jni:/lib/x86_64-linux-gnu:/usr/lib/x86_64-linux-gnu:/usr/lib/jni:/lib:/usr/lib"/>
    <property name="license.skip" value="true"/>
    <property name="java.specification.name" value="Java Platform API Specification"/>
    <property name="java.class.version" value="52.0"/>
    <property name="sun.management.compiler" value="HotSpot 64-Bit Tiered Compilers"/>
    <property name="skip.bower" value="true"/>
    <property name="maven.repo.local" value="/root/./workspace/atomix/atomix/390513486/.m2"/>
    <property name="os.version" value="3.10.0-862.3.2.el7.x86_64"/>
    <property name="user.home" value="/root"/>
    <property name="user.timezone" value="Europe/Paris"/>
    <property name="java.awt.printerjob" value="sun.print.PSPrinterJob"/>
    <property name="java.specification.version" value="1.8"/>
    <property name="file.encoding" value="UTF-8"/>
    <property name="user.name" value="root"/>
    <property name="java.class.path" value="/usr/share/maven/boot/plexus-classworlds-2.5.2.jar"/>
    <property name="skipITs" value="true"/>
    <property name="java.vm.specification.version" value="1.8"/>
    <property name="sun.arch.data.model" value="64"/>
    <property name="java.home" value="/usr/lib/jvm/java-8-openjdk-amd64/jre"/>
    <property name="sun.java.command" value="org.codehaus.plexus.classworlds.launcher.Launcher -B -D enforcer.skip=true -D dependency-check.skip=true -D skipITs=true -D cobertura.skip=true -D maven.repo.local=/root/./workspace/atomix/atomix/390513486/.m2 -D rat.skip=true -D findbugs.skip=true -D skip.bower=true -D gpg.skip=true -D checkstyle.skip=true -D skip.gulp=true -D license.skip=true -D skip.npm=true test"/>
    <property name="java.specification.vendor" value="Oracle Corporation"/>
    <property name="user.language" value="en"/>
    <property name="awt.toolkit" value="sun.awt.X11.XToolkit"/>
    <property name="dependency-check.skip" value="true"/>
    <property name="java.vm.info" value="mixed mode"/>
    <property name="java.version" value="1.8.0_121"/>
    <property name="java.ext.dirs" value="/usr/lib/jvm/java-8-openjdk-amd64/jre/lib/ext:/usr/java/packages/lib/ext"/>
    <property name="securerandom.source" value="file:/dev/./urandom"/>
    <property name="sun.boot.class.path" value="/usr/lib/jvm/java-8-openjdk-amd64/jre/lib/resources.jar:/usr/lib/jvm/java-8-openjdk-amd64/jre/lib/rt.jar:/usr/lib/jvm/java-8-openjdk-amd64/jre/lib/sunrsasign.jar:/usr/lib/jvm/java-8-openjdk-amd64/jre/lib/jsse.jar:/usr/lib/jvm/java-8-openjdk-amd64/jre/lib/jce.jar:/usr/lib/jvm/java-8-openjdk-amd64/jre/lib/charsets.jar:/usr/lib/jvm/java-8-openjdk-amd64/jre/lib/jfr.jar:/usr/lib/jvm/java-8-openjdk-amd64/jre/classes"/>
    <property name="java.vendor" value="Oracle Corporation"/>
    <property name="enforcer.skip" value="true"/>
    <property name="rat.skip" value="true"/>
    <property name="maven.home" value="/usr/share/maven"/>
    <property name="file.separator" value="/"/>
    <property name="java.vendor.url.bug" value="http://bugreport.sun.com/bugreport/"/>
    <property name="sun.cpu.endian" value="little"/>
    <property name="sun.io.unicode.encoding" value="UnicodeLittle"/>
    <property name="sun.cpu.isalist" value=""/>
  </properties>
  <testcase name="testFourNodeSequentialEvent" classname="io.atomix.protocols.raft.RaftTest" time="3.82"/>
  <testcase name="testCrashRecover" classname="io.atomix.protocols.raft.RaftTest" time="56.564"/>
  <testcase name="testSequenceBoundedLinearizableOperations" classname="io.atomix.protocols.raft.RaftTest" time="4.425"/>
  <testcase name="testThreeOfFourNodeSubmitCommand" classname="io.atomix.protocols.raft.RaftTest" time="4.04"/>
  <testcase name="testFourNodeSubmitQueryWithLinearizableConsistency" classname="io.atomix.protocols.raft.RaftTest" time="3.03"/>
  <testcase name="testOneNodeEvents" classname="io.atomix.protocols.raft.RaftTest" time="2.082"/>
  <testcase name="testThreeNodesManyEventsAfterLeaderShutdown" classname="io.atomix.protocols.raft.RaftTest" time="6.509"/>
  <testcase name="testClientKeepAlive" classname="io.atomix.protocols.raft.RaftTest" time="15.331"/>
  <testcase name="testFiveNodeManySessionsManyEvents" classname="io.atomix.protocols.raft.RaftTest" time="5.776"/>
  <testcase name="testFourNodeEvents" classname="io.atomix.protocols.raft.RaftTest" time="4.779"/>
  <testcase name="testPassiveJoinEvent" classname="io.atomix.protocols.raft.RaftTest" time="3.099"/>
  <testcase name="testSessionMetadata" classname="io.atomix.protocols.raft.RaftTest" time="4.123"/>
  <testcase name="testFiveNodeSequentialEvent" classname="io.atomix.protocols.raft.RaftTest" time="3.178"/>
  <testcase name="testServerLeave" classname="io.atomix.protocols.raft.RaftTest" time="2.494"/>
  <testcase name="testOneNodeSubmitQueryWithSequentialConsistency" classname="io.atomix.protocols.raft.RaftTest" time="1.576"/>
  <testcase name="testFourNodeSubmitQueryWithSequentialConsistency" classname="io.atomix.protocols.raft.RaftTest" time="5.14"/>
  <testcase name="testBlockOnEvent" classname="io.atomix.protocols.raft.RaftTest" time="6.981"/>
  <testcase name="testDemoteLeader" classname="io.atomix.protocols.raft.RaftTest" time="5.125"/>
  <testcase name="testTwoOfThreeNodeSubmitCommand" classname="io.atomix.protocols.raft.RaftTest" time="4.014"/>
  <testcase name="testOneNodeCloseEvent" classname="io.atomix.protocols.raft.RaftTest" time="1.742"/>
  <testcase name="testOneNodeSequentialEvent" classname="io.atomix.protocols.raft.RaftTest" time="1.741"/>
  <testcase name="testThreeNodeSubmitCommand" classname="io.atomix.protocols.raft.RaftTest" time="2.484"/>
  <testcase name="testActiveJoinLate" classname="io.atomix.protocols.raft.RaftTest" time="22.912"/>
  <testcase name="testThreeNodeSubmitQueryWithSequentialConsistency" classname="io.atomix.protocols.raft.RaftTest" time="2.376"/>
  <testcase name="testFiveNodeSubmitQueryWithBoundedLinearizableConsistency" classname="io.atomix.protocols.raft.RaftTest" time="2.483"/>
  <testcase name="testTwoNodeSubmitQueryWithBoundedLinearizableConsistency" classname="io.atomix.protocols.raft.RaftTest" time="2.096"/>
  <testcase name="testThreeOfFiveNodeSubmitCommand" classname="io.atomix.protocols.raft.RaftTest" time="2.626"/>
  <testcase name="testTwoNodeSubmitQueryWithSequentialConsistency" classname="io.atomix.protocols.raft.RaftTest" time="2.214"/>
  <testcase name="testActiveJoinEvent" classname="io.atomix.protocols.raft.RaftTest" time="4.927"/>
  <testcase name="testOneNodeSubmitCommand" classname="io.atomix.protocols.raft.RaftTest" time="1.888"/>
  <testcase name="testFourNodeSubmitCommand" classname="io.atomix.protocols.raft.RaftTest" time="2.763"/>
  <testcase name="testTwoNodeSequentialEvent" classname="io.atomix.protocols.raft.RaftTest" time="2.379"/>
  <testcase name="testThreeNodeCloseEvent" classname="io.atomix.protocols.raft.RaftTest" time="3.467"/>
  <testcase name="testFourNodeSubmitQueryWithBoundedLinearizableConsistency" classname="io.atomix.protocols.raft.RaftTest" time="3.867"/>
  <testcase name="testFiveNodeSubmitQueryWithLinearizableConsistency" classname="io.atomix.protocols.raft.RaftTest" time="5.556"/>
  <testcase name="testSequenceSequentialOperations" classname="io.atomix.protocols.raft.RaftTest" time="3.923"/>
  <testcase name="testSingleMemberStart" classname="io.atomix.protocols.raft.RaftTest" time="3.962"/>
  <testcase name="testThreeNodeEvents" classname="io.atomix.protocols.raft.RaftTest" time="4.2"/>
  <testcase name="testSequenceLinearizableOperations" classname="io.atomix.protocols.raft.RaftTest" time="3.891"/>
  <testcase name="testThreeNodeSubmitQueryWithLinearizableConsistency" classname="io.atomix.protocols.raft.RaftTest" time="4.363"/>
  <testcase name="testFiveNodeManyEvents" classname="io.atomix.protocols.raft.RaftTest" time="7.623"/>
  <testcase name="testOneNodeSubmitQueryWithBoundedLinearizableConsistency" classname="io.atomix.protocols.raft.RaftTest" time="1.274"/>
  <testcase name="testFiveNodeExpireEvent" classname="io.atomix.protocols.raft.RaftTest" time="11.546"/>
  <testcase name="testFiveNodeSubmitQueryWithSequentialConsistency" classname="io.atomix.protocols.raft.RaftTest" time="3.538"/>
  <testcase name="testTransferLeadership" classname="io.atomix.protocols.raft.RaftTest" time="3.54">
    <skipped/>
  </testcase>
  <testcase name="testTwoNodeSubmitQueryWithLinearizableConsistency" classname="io.atomix.protocols.raft.RaftTest" time="3.706"/>
  <testcase name="testThreeNodeSequentialEvent" classname="io.atomix.protocols.raft.RaftTest" time="2.6"/>
  <testcase name="testTwoNodeEvents" classname="io.atomix.protocols.raft.RaftTest" time="2.315"/>
  <testcase name="testActiveJoin" classname="io.atomix.protocols.raft.RaftTest" time="3.635"/>
  <testcase name="testPassiveJoinLate" classname="io.atomix.protocols.raft.RaftTest" time="17.982">
    <error message="Test timed out while waiting for an expected result" type="java.util.concurrent.TimeoutException">java.util.concurrent.TimeoutException: Test timed out while waiting for an expected result
	at net.jodah.concurrentunit.Waiter.await(Waiter.java:168)
	at net.jodah.concurrentunit.Waiter.await(Waiter.java:115)
	at net.jodah.concurrentunit.ConcurrentTestCase.await(ConcurrentTestCase.java:98)
	at io.atomix.protocols.raft.RaftTest.testServerJoinLate(RaftTest.java:204)
	at io.atomix.protocols.raft.RaftTest.testPassiveJoinLate(RaftTest.java:193)
</error>
    <system-out><![CDATA[00:15:08.959 [main] DEBUG i.a.storage.journal.SegmentedJournal - Created disk segment: JournalSegment{id=1, version=1, index=1, size=64}
00:15:08.959 [main] TRACE i.a.p.raft.storage.system.MetaStore - Store configuration Configuration{index=0, time=2018-06-11 12:15:08,959, members=[DefaultRaftMember{id=2, type=ACTIVE, updated=2018-06-10T22:15:08.959Z}, DefaultRaftMember{id=1, type=ACTIVE, updated=2018-06-10T22:15:08.959Z}, DefaultRaftMember{id=3, type=ACTIVE, updated=2018-06-10T22:15:08.959Z}]}
00:15:08.983 [raft-server-1] INFO  i.a.protocols.raft.impl.RaftContext - RaftServer{1} - Transitioning to FOLLOWER
00:15:08.983 [raft-server-1] DEBUG i.a.p.r.c.impl.RaftClusterContext - RaftServer{1} - Attempting to join via 2
00:15:08.983 [raft-server-1] TRACE i.a.p.r.c.impl.RaftClusterContext - RaftServer{1} - Cancelling join timeout
00:15:08.983 [raft-server-1] DEBUG i.a.p.r.c.impl.RaftClusterContext - RaftServer{1} - Failed to join 2
00:15:08.983 [raft-server-1] DEBUG i.a.p.r.c.impl.RaftClusterContext - RaftServer{1} - Attempting to join via 3
00:15:08.983 [raft-server-1] TRACE i.a.p.r.c.impl.RaftClusterContext - RaftServer{1} - Cancelling join timeout
00:15:08.983 [raft-server-1] DEBUG i.a.p.r.c.impl.RaftClusterContext - RaftServer{1} - Failed to join 3
00:15:08.983 [raft-server-1] DEBUG i.a.p.r.c.impl.RaftClusterContext - RaftServer{1} - Failed to join cluster, retrying...
00:15:09.166 [main] DEBUG i.a.storage.journal.SegmentedJournal - Created disk segment: JournalSegment{id=1, version=1, index=1, size=64}
00:15:09.166 [main] TRACE i.a.p.raft.storage.system.MetaStore - Store configuration Configuration{index=0, time=2018-06-11 12:15:09,166, members=[DefaultRaftMember{id=2, type=ACTIVE, updated=2018-06-10T22:15:09.166Z}, DefaultRaftMember{id=1, type=ACTIVE, updated=2018-06-10T22:15:09.166Z}, DefaultRaftMember{id=3, type=ACTIVE, updated=2018-06-10T22:15:09.166Z}]}
00:15:09.184 [raft-server-2] INFO  i.a.protocols.raft.impl.RaftContext - RaftServer{2} - Transitioning to FOLLOWER
00:15:09.184 [raft-server-2] DEBUG i.a.p.r.c.impl.RaftClusterContext - RaftServer{2} - Attempting to join via 1
00:15:09.184 [raft-server-1] TRACE i.a.p.raft.roles.FollowerRole - RaftServer{1}{role=FOLLOWER} - Received JoinRequest{member=DefaultRaftMember{id=2, type=ACTIVE, updated=2018-06-10T22:15:09.166Z}}
00:15:09.185 [raft-server-1] TRACE i.a.p.raft.roles.FollowerRole - RaftServer{1}{role=FOLLOWER} - Sending JoinResponse{status=ERROR, error=RaftError{type=NO_LEADER, message=null}}
00:15:09.185 [raft-server-2] TRACE i.a.p.r.c.impl.RaftClusterContext - RaftServer{2} - Cancelling join timeout
00:15:09.185 [raft-server-2] DEBUG i.a.p.r.c.impl.RaftClusterContext - RaftServer{2} - Failed to join 1
00:15:09.185 [raft-server-2] DEBUG i.a.p.r.c.impl.RaftClusterContext - RaftServer{2} - Attempting to join via 3
00:15:09.185 [raft-server-2] TRACE i.a.p.r.c.impl.RaftClusterContext - RaftServer{2} - Cancelling join timeout
00:15:09.185 [raft-server-2] DEBUG i.a.p.r.c.impl.RaftClusterContext - RaftServer{2} - Failed to join 3
00:15:09.185 [raft-server-2] DEBUG i.a.p.r.c.impl.RaftClusterContext - RaftServer{2} - Failed to join cluster, retrying...
00:15:09.374 [main] DEBUG i.a.storage.journal.SegmentedJournal - Created disk segment: JournalSegment{id=1, version=1, index=1, size=64}
00:15:09.375 [main] TRACE i.a.p.raft.storage.system.MetaStore - Store configuration Configuration{index=0, time=2018-06-11 12:15:09,375, members=[DefaultRaftMember{id=2, type=ACTIVE, updated=2018-06-10T22:15:09.375Z}, DefaultRaftMember{id=1, type=ACTIVE, updated=2018-06-10T22:15:09.375Z}, DefaultRaftMember{id=3, type=ACTIVE, updated=2018-06-10T22:15:09.375Z}]}
00:15:09.392 [raft-server-3] INFO  i.a.protocols.raft.impl.RaftContext - RaftServer{3} - Transitioning to FOLLOWER
00:15:09.393 [raft-server-3] DEBUG i.a.p.r.c.impl.RaftClusterContext - RaftServer{3} - Attempting to join via 2
00:15:09.393 [raft-server-2] TRACE i.a.p.raft.roles.FollowerRole - RaftServer{2}{role=FOLLOWER} - Received JoinRequest{member=DefaultRaftMember{id=3, type=ACTIVE, updated=2018-06-10T22:15:09.375Z}}
00:15:09.393 [raft-server-2] TRACE i.a.p.raft.roles.FollowerRole - RaftServer{2}{role=FOLLOWER} - Sending JoinResponse{status=ERROR, error=RaftError{type=NO_LEADER, message=null}}
00:15:09.393 [raft-server-3] TRACE i.a.p.r.c.impl.RaftClusterContext - RaftServer{3} - Cancelling join timeout
00:15:09.393 [raft-server-3] DEBUG i.a.p.r.c.impl.RaftClusterContext - RaftServer{3} - Failed to join 2
00:15:09.393 [raft-server-3] DEBUG i.a.p.r.c.impl.RaftClusterContext - RaftServer{3} - Attempting to join via 1
00:15:09.393 [raft-server-1] TRACE i.a.p.raft.roles.FollowerRole - RaftServer{1}{role=FOLLOWER} - Received JoinRequest{member=DefaultRaftMember{id=3, type=ACTIVE, updated=2018-06-10T22:15:09.375Z}}
00:15:09.393 [raft-server-1] TRACE i.a.p.raft.roles.FollowerRole - RaftServer{1}{role=FOLLOWER} - Sending JoinResponse{status=ERROR, error=RaftError{type=NO_LEADER, message=null}}
00:15:09.393 [raft-server-3] TRACE i.a.p.r.c.impl.RaftClusterContext - RaftServer{3} - Cancelling join timeout
00:15:09.393 [raft-server-3] DEBUG i.a.p.r.c.impl.RaftClusterContext - RaftServer{3} - Failed to join 1
00:15:09.393 [raft-server-3] DEBUG i.a.p.r.c.impl.RaftClusterContext - RaftServer{3} - Failed to join cluster, retrying...
00:15:09.841 [raft-server-1] DEBUG i.a.p.raft.roles.FollowerRole - RaftServer{1}{role=FOLLOWER} - Heartbeat timed out in PT0.858S
00:15:09.841 [raft-server-1] DEBUG i.a.p.raft.roles.FollowerRole - RaftServer{1}{role=FOLLOWER} - Polling members [DefaultRaftMember{id=2, type=ACTIVE, updated=2018-06-10T22:15:08.959Z}, DefaultRaftMember{id=3, type=ACTIVE, updated=2018-06-10T22:15:08.959Z}]
00:15:09.841 [raft-server-1] DEBUG i.a.p.raft.roles.FollowerRole - RaftServer{1}{role=FOLLOWER} - Polling DefaultRaftMember{id=2, type=ACTIVE, updated=2018-06-10T22:15:08.959Z} for next term 1
00:15:09.841 [raft-server-1] DEBUG i.a.p.raft.roles.FollowerRole - RaftServer{1}{role=FOLLOWER} - Polling DefaultRaftMember{id=3, type=ACTIVE, updated=2018-06-10T22:15:08.959Z} for next term 1
00:15:09.841 [raft-server-2] TRACE i.a.p.raft.roles.FollowerRole - RaftServer{2}{role=FOLLOWER} - Received PollRequest{term=0, candidate=1, lastLogIndex=0, lastLogTerm=0}
00:15:09.842 [raft-server-2] DEBUG i.a.p.raft.roles.FollowerRole - RaftServer{2}{role=FOLLOWER} - Accepted PollRequest{term=0, candidate=1, lastLogIndex=0, lastLogTerm=0}: candidate's log is up-to-date
00:15:09.842 [raft-server-3] TRACE i.a.p.raft.roles.FollowerRole - RaftServer{3}{role=FOLLOWER} - Received PollRequest{term=0, candidate=1, lastLogIndex=0, lastLogTerm=0}
00:15:09.842 [raft-server-2] TRACE i.a.p.raft.roles.FollowerRole - RaftServer{2}{role=FOLLOWER} - Sending PollResponse{status=OK, term=0, accepted=true}
00:15:09.842 [raft-server-3] DEBUG i.a.p.raft.roles.FollowerRole - RaftServer{3}{role=FOLLOWER} - Accepted PollRequest{term=0, candidate=1, lastLogIndex=0, lastLogTerm=0}: candidate's log is up-to-date
00:15:09.842 [raft-server-3] TRACE i.a.p.raft.roles.FollowerRole - RaftServer{3}{role=FOLLOWER} - Sending PollResponse{status=OK, term=0, accepted=true}
00:15:09.842 [raft-server-1] DEBUG i.a.p.raft.roles.FollowerRole - RaftServer{1}{role=FOLLOWER} - Received accepted poll from DefaultRaftMember{id=2, type=ACTIVE, updated=2018-06-10T22:15:08.959Z}
00:15:09.842 [raft-server-1] INFO  i.a.protocols.raft.impl.RaftContext - RaftServer{1} - Transitioning to CANDIDATE
00:15:09.842 [raft-server-1] TRACE i.a.p.raft.roles.FollowerRole - RaftServer{1}{role=FOLLOWER} - Cancelling heartbeat timer
00:15:09.842 [raft-server-1] INFO  i.a.p.raft.roles.CandidateRole - RaftServer{1}{role=CANDIDATE} - Starting election
00:15:09.842 [raft-server-1] TRACE i.a.p.raft.storage.system.MetaStore - Store term 1
00:15:09.859 [raft-server-1] TRACE i.a.p.raft.storage.system.MetaStore - Store vote null
00:15:09.882 [raft-server-1] DEBUG i.a.protocols.raft.impl.RaftContext - RaftServer{1} - Set term 1
00:15:09.882 [raft-server-1] TRACE i.a.p.raft.storage.system.MetaStore - Store vote 1
00:15:09.900 [raft-server-1] DEBUG i.a.protocols.raft.impl.RaftContext - RaftServer{1} - Voted for 1
00:15:09.901 [raft-server-1] DEBUG i.a.p.raft.roles.CandidateRole - RaftServer{1}{role=CANDIDATE} - Requesting votes for term 1
00:15:09.901 [raft-server-1] DEBUG i.a.p.raft.roles.CandidateRole - RaftServer{1}{role=CANDIDATE} - Requesting vote from DefaultRaftMember{id=2, type=ACTIVE, updated=2018-06-10T22:15:08.959Z} for term 1
00:15:09.901 [raft-server-1] DEBUG i.a.p.raft.roles.CandidateRole - RaftServer{1}{role=CANDIDATE} - Requesting vote from DefaultRaftMember{id=3, type=ACTIVE, updated=2018-06-10T22:15:08.959Z} for term 1
00:15:09.901 [raft-server-2] TRACE i.a.p.raft.roles.FollowerRole - RaftServer{2}{role=FOLLOWER} - Received VoteRequest{term=1, candidate=1, lastLogIndex=0, lastLogTerm=0}
00:15:09.901 [raft-server-2] TRACE i.a.p.raft.storage.system.MetaStore - Store term 1
00:15:09.901 [raft-server-3] TRACE i.a.p.raft.roles.FollowerRole - RaftServer{3}{role=FOLLOWER} - Received VoteRequest{term=1, candidate=1, lastLogIndex=0, lastLogTerm=0}
00:15:09.901 [raft-server-3] TRACE i.a.p.raft.storage.system.MetaStore - Store term 1
00:15:09.917 [raft-server-2] TRACE i.a.p.raft.storage.system.MetaStore - Store vote null
00:15:09.941 [raft-server-3] TRACE i.a.p.raft.storage.system.MetaStore - Store vote null
00:15:09.959 [raft-server-2] DEBUG i.a.protocols.raft.impl.RaftContext - RaftServer{2} - Set term 1
00:15:09.959 [raft-server-2] DEBUG i.a.p.raft.roles.FollowerRole - RaftServer{2}{role=FOLLOWER} - Accepted VoteRequest{term=1, candidate=1, lastLogIndex=0, lastLogTerm=0}: candidate's log is up-to-date
00:15:09.959 [raft-server-2] TRACE i.a.p.raft.storage.system.MetaStore - Store vote 1
00:15:09.975 [raft-server-3] DEBUG i.a.protocols.raft.impl.RaftContext - RaftServer{3} - Set term 1
00:15:09.976 [raft-server-3] DEBUG i.a.p.raft.roles.FollowerRole - RaftServer{3}{role=FOLLOWER} - Accepted VoteRequest{term=1, candidate=1, lastLogIndex=0, lastLogTerm=0}: candidate's log is up-to-date
00:15:09.976 [raft-server-3] TRACE i.a.p.raft.storage.system.MetaStore - Store vote 1
00:15:09.992 [raft-server-2] DEBUG i.a.protocols.raft.impl.RaftContext - RaftServer{2} - Voted for 1
00:15:09.992 [raft-server-2] TRACE i.a.p.raft.roles.FollowerRole - RaftServer{2}{role=FOLLOWER} - Sending VoteResponse{status=OK, term=1, voted=true}
00:15:09.992 [raft-server-1] DEBUG i.a.p.raft.roles.CandidateRole - RaftServer{1}{role=CANDIDATE} - Received successful vote from DefaultRaftMember{id=2, type=ACTIVE, updated=2018-06-10T22:15:08.959Z}
00:15:09.992 [raft-server-1] INFO  i.a.protocols.raft.impl.RaftContext - RaftServer{1} - Transitioning to LEADER
00:15:09.992 [raft-server-1] DEBUG i.a.p.raft.roles.CandidateRole - RaftServer{1}{role=CANDIDATE} - Cancelling election
00:15:09.992 [raft-server-1] INFO  i.a.protocols.raft.impl.RaftContext - RaftServer{1} - Found leader 1
00:15:09.992 [raft-server-1] TRACE i.a.p.raft.storage.system.MetaStore - Store vote null
00:15:10.009 [raft-server-3] DEBUG i.a.protocols.raft.impl.RaftContext - RaftServer{3} - Voted for 1
00:15:10.009 [raft-server-3] TRACE i.a.p.raft.roles.FollowerRole - RaftServer{3}{role=FOLLOWER} - Sending VoteResponse{status=OK, term=1, voted=true}
00:15:10.043 [raft-server-1] TRACE i.a.protocols.raft.roles.LeaderRole - RaftServer{1}{role=LEADER} - Appended Indexed{index=1, entry=InitializeEntry{term=1, timestamp=2018-06-11 12:15:09,992}}
00:15:10.043 [raft-server-1] DEBUG i.a.p.raft.roles.LeaderAppender - RaftServer{1} - Configuring 2
00:15:10.043 [raft-server-1] TRACE i.a.p.raft.roles.LeaderAppender - RaftServer{1} - Sending ConfigureRequest{term=1, leader=1, index=0, timestamp=1528668908959, members=[DefaultRaftMember{id=2, type=ACTIVE, updated=2018-06-10T22:15:08.959Z}, DefaultRaftMember{id=1, type=ACTIVE, updated=2018-06-10T22:15:08.959Z}, DefaultRaftMember{id=3, type=ACTIVE, updated=2018-06-10T22:15:08.959Z}]} to 2
00:15:10.043 [raft-server-1] DEBUG i.a.p.raft.roles.LeaderAppender - RaftServer{1} - Configuring 3
00:15:10.043 [raft-server-2] TRACE i.a.p.raft.roles.FollowerRole - RaftServer{2}{role=FOLLOWER} - Received ConfigureRequest{term=1, leader=1, index=0, timestamp=1528668908959, members=[DefaultRaftMember{id=2, type=ACTIVE, updated=2018-06-10T22:15:08.959Z}, DefaultRaftMember{id=1, type=ACTIVE, updated=2018-06-10T22:15:08.959Z}, DefaultRaftMember{id=3, type=ACTIVE, updated=2018-06-10T22:15:08.959Z}]}
00:15:10.043 [raft-server-1] TRACE i.a.p.raft.roles.LeaderAppender - RaftServer{1} - Sending ConfigureRequest{term=1, leader=1, index=0, timestamp=1528668908959, members=[DefaultRaftMember{id=2, type=ACTIVE, updated=2018-06-10T22:15:08.959Z}, DefaultRaftMember{id=1, type=ACTIVE, updated=2018-06-10T22:15:08.959Z}, DefaultRaftMember{id=3, type=ACTIVE, updated=2018-06-10T22:15:08.959Z}]} to 3
00:15:10.043 [raft-server-2] INFO  i.a.protocols.raft.impl.RaftContext - RaftServer{2} - Found leader 1
00:15:10.043 [raft-server-2] TRACE i.a.p.raft.storage.system.MetaStore - Store vote null
00:15:10.043 [raft-server-3] TRACE i.a.p.raft.roles.FollowerRole - RaftServer{3}{role=FOLLOWER} - Received ConfigureRequest{term=1, leader=1, index=0, timestamp=1528668908959, members=[DefaultRaftMember{id=2, type=ACTIVE, updated=2018-06-10T22:15:08.959Z}, DefaultRaftMember{id=1, type=ACTIVE, updated=2018-06-10T22:15:08.959Z}, DefaultRaftMember{id=3, type=ACTIVE, updated=2018-06-10T22:15:08.959Z}]}
00:15:10.043 [raft-server-3] INFO  i.a.protocols.raft.impl.RaftContext - RaftServer{3} - Found leader 1
00:15:10.043 [raft-server-3] TRACE i.a.p.raft.storage.system.MetaStore - Store vote null
00:15:10.043 [raft-server-1] TRACE i.a.protocols.raft.roles.LeaderRole - RaftServer{1}{role=LEADER} - Starting append timer
00:15:10.043 [raft-server-1] TRACE i.a.p.raft.roles.LeaderAppender - RaftServer{1} - Sending AppendRequest{term=1, leader=1, prevLogIndex=0, prevLogTerm=0, entries=0, commitIndex=0} to 2
00:15:10.043 [raft-server-1] TRACE i.a.p.raft.roles.LeaderAppender - RaftServer{1} - Sending AppendRequest{term=1, leader=1, prevLogIndex=0, prevLogTerm=0, entries=0, commitIndex=0} to 3
00:15:10.059 [raft-server-2] TRACE i.a.p.raft.roles.FollowerRole - RaftServer{2}{role=FOLLOWER} - Sending ConfigureResponse{status=OK}
00:15:10.059 [raft-server-2] TRACE i.a.p.raft.roles.FollowerRole - RaftServer{2}{role=FOLLOWER} - Received AppendRequest{term=1, leader=1, prevLogIndex=0, prevLogTerm=0, entries=0, commitIndex=0}
00:15:10.059 [raft-server-3] TRACE i.a.p.raft.roles.FollowerRole - RaftServer{3}{role=FOLLOWER} - Sending ConfigureResponse{status=OK}
00:15:10.059 [raft-server-1] TRACE i.a.p.raft.roles.LeaderAppender - RaftServer{1} - Received ConfigureResponse{status=OK} from 2
00:15:10.059 [raft-server-2] TRACE i.a.p.raft.roles.FollowerRole - RaftServer{2}{role=FOLLOWER} - Sending AppendResponse{status=OK, term=1, succeeded=true, lastLogIndex=0}
00:15:10.059 [raft-server-3] TRACE i.a.p.raft.roles.FollowerRole - RaftServer{3}{role=FOLLOWER} - Received AppendRequest{term=1, leader=1, prevLogIndex=0, prevLogTerm=0, entries=0, commitIndex=0}
00:15:10.059 [raft-server-1] TRACE i.a.p.raft.roles.LeaderAppender - RaftServer{1} - Received ConfigureResponse{status=OK} from 3
00:15:10.059 [raft-server-3] TRACE i.a.p.raft.roles.FollowerRole - RaftServer{3}{role=FOLLOWER} - Sending AppendResponse{status=OK, term=1, succeeded=true, lastLogIndex=0}
00:15:10.059 [raft-server-1] TRACE i.a.p.raft.roles.LeaderAppender - RaftServer{1} - Received AppendResponse{status=OK, term=1, succeeded=true, lastLogIndex=0} from 2
00:15:10.059 [raft-server-1] TRACE i.a.p.raft.roles.LeaderAppender - RaftServer{1} - Sending AppendRequest{term=1, leader=1, prevLogIndex=0, prevLogTerm=0, entries=1, commitIndex=0} to 2
00:15:10.059 [raft-server-2] TRACE i.a.p.raft.roles.FollowerRole - RaftServer{2}{role=FOLLOWER} - Received AppendRequest{term=1, leader=1, prevLogIndex=0, prevLogTerm=0, entries=1, commitIndex=0}
00:15:10.059 [raft-server-1] TRACE i.a.p.raft.roles.LeaderAppender - RaftServer{1} - Received AppendResponse{status=OK, term=1, succeeded=true, lastLogIndex=0} from 3
00:15:10.059 [raft-server-2] DEBUG i.a.p.raft.roles.FollowerRole - RaftServer{2}{role=FOLLOWER} - Reset first index to 1
00:15:10.059 [raft-server-1] TRACE i.a.p.raft.roles.LeaderAppender - RaftServer{1} - Sending AppendRequest{term=1, leader=1, prevLogIndex=0, prevLogTerm=0, entries=1, commitIndex=0} to 3
00:15:10.060 [raft-server-3] TRACE i.a.p.raft.roles.FollowerRole - RaftServer{3}{role=FOLLOWER} - Received AppendRequest{term=1, leader=1, prevLogIndex=0, prevLogTerm=0, entries=1, commitIndex=0}
00:15:10.060 [raft-server-3] DEBUG i.a.p.raft.roles.FollowerRole - RaftServer{3}{role=FOLLOWER} - Reset first index to 1
00:15:10.060 [raft-server-2] TRACE i.a.p.raft.roles.FollowerRole - RaftServer{2}{role=FOLLOWER} - Appended Indexed{index=1, entry=InitializeEntry{term=1, timestamp=2018-06-11 12:15:09,992}}
00:15:10.060 [raft-server-2] TRACE i.a.p.raft.roles.FollowerRole - RaftServer{2}{role=FOLLOWER} - Sending AppendResponse{status=OK, term=1, succeeded=true, lastLogIndex=1}
00:15:10.060 [raft-server-1] TRACE i.a.p.raft.roles.LeaderAppender - RaftServer{1} - Received AppendResponse{status=OK, term=1, succeeded=true, lastLogIndex=1} from 2
00:15:10.060 [raft-server-3] TRACE i.a.p.raft.roles.FollowerRole - RaftServer{3}{role=FOLLOWER} - Appended Indexed{index=1, entry=InitializeEntry{term=1, timestamp=2018-06-11 12:15:09,992}}
00:15:10.060 [raft-server-1] TRACE i.a.p.raft.roles.LeaderAppender - RaftServer{1} - Committed entries up to 1
00:15:10.060 [raft-server-3] TRACE i.a.p.raft.roles.FollowerRole - RaftServer{3}{role=FOLLOWER} - Sending AppendResponse{status=OK, term=1, succeeded=true, lastLogIndex=1}
00:15:10.100 [raft-server-1] TRACE i.a.p.raft.roles.LeaderAppender - RaftServer{1} - Received AppendResponse{status=OK, term=1, succeeded=true, lastLogIndex=1} from 3
00:15:10.101 [raft-server-1-state] TRACE i.a.p.raft.impl.RaftServiceManager - RaftServer{1} - Applying Indexed{index=1, entry=InitializeEntry{term=1, timestamp=2018-06-11 12:15:09,992}}
00:15:10.293 [raft-server-1] TRACE i.a.p.raft.roles.LeaderAppender - RaftServer{1} - Sending AppendRequest{term=1, leader=1, prevLogIndex=1, prevLogTerm=1, entries=0, commitIndex=1} to 2
00:15:10.294 [raft-server-1] TRACE i.a.p.raft.roles.LeaderAppender - RaftServer{1} - Sending AppendRequest{term=1, leader=1, prevLogIndex=1, prevLogTerm=1, entries=0, commitIndex=1} to 3
00:15:10.294 [raft-server-2] TRACE i.a.p.raft.roles.FollowerRole - RaftServer{2}{role=FOLLOWER} - Received AppendRequest{term=1, leader=1, prevLogIndex=1, prevLogTerm=1, entries=0, commitIndex=1}
00:15:10.294 [raft-server-3] TRACE i.a.p.raft.roles.FollowerRole - RaftServer{3}{role=FOLLOWER} - Received AppendRequest{term=1, leader=1, prevLogIndex=1, prevLogTerm=1, entries=0, commitIndex=1}
00:15:10.384 [raft-server-2] TRACE i.a.p.raft.roles.FollowerRole - RaftServer{2}{role=FOLLOWER} - Committed entries up to index 1
00:15:10.384 [raft-server-2] TRACE i.a.p.raft.roles.FollowerRole - RaftServer{2}{role=FOLLOWER} - Sending AppendResponse{status=OK, term=1, succeeded=true, lastLogIndex=1}
00:15:10.384 [raft-server-3] TRACE i.a.p.raft.roles.FollowerRole - RaftServer{3}{role=FOLLOWER} - Committed entries up to index 1
00:15:10.384 [raft-server-1] TRACE i.a.p.raft.roles.LeaderAppender - RaftServer{1} - Received AppendResponse{status=OK, term=1, succeeded=true, lastLogIndex=1} from 2
00:15:10.384 [raft-server-3] TRACE i.a.p.raft.roles.FollowerRole - RaftServer{3}{role=FOLLOWER} - Sending AppendResponse{status=OK, term=1, succeeded=true, lastLogIndex=1}
00:15:10.384 [raft-server-1] TRACE i.a.p.raft.roles.LeaderAppender - RaftServer{1} - Sending AppendRequest{term=1, leader=1, prevLogIndex=1, prevLogTerm=1, entries=0, commitIndex=1} to 2
00:15:10.384 [raft-server-2-state] TRACE i.a.p.raft.impl.RaftServiceManager - RaftServer{2} - Applying Indexed{index=1, entry=InitializeEntry{term=1, timestamp=2018-06-11 12:15:09,992}}
00:15:10.384 [raft-server-1] TRACE i.a.p.raft.roles.LeaderAppender - RaftServer{1} - Received AppendResponse{status=OK, term=1, succeeded=true, lastLogIndex=1} from 3
00:15:10.384 [raft-server-2] TRACE i.a.p.raft.roles.FollowerRole - RaftServer{2}{role=FOLLOWER} - Received AppendRequest{term=1, leader=1, prevLogIndex=1, prevLogTerm=1, entries=0, commitIndex=1}
00:15:10.384 [raft-server-3-state] TRACE i.a.p.raft.impl.RaftServiceManager - RaftServer{3} - Applying Indexed{index=1, entry=InitializeEntry{term=1, timestamp=2018-06-11 12:15:09,992}}
00:15:10.384 [raft-server-2] TRACE i.a.p.raft.roles.FollowerRole - RaftServer{2}{role=FOLLOWER} - Sending AppendResponse{status=OK, term=1, succeeded=true, lastLogIndex=1}
00:15:10.384 [raft-server-1] TRACE i.a.p.raft.roles.LeaderAppender - RaftServer{1} - Received AppendResponse{status=OK, term=1, succeeded=true, lastLogIndex=1} from 2
00:15:10.483 [raft-server-1] TRACE i.a.p.r.c.impl.RaftClusterContext - RaftServer{1} - Cancelling join timeout
00:15:10.483 [raft-server-1] DEBUG i.a.p.r.c.impl.RaftClusterContext - RaftServer{1} - Attempting to join via 2
00:15:10.484 [raft-server-2] TRACE i.a.p.raft.roles.FollowerRole - RaftServer{2}{role=FOLLOWER} - Received JoinRequest{member=DefaultRaftMember{id=1, type=ACTIVE, updated=2018-06-10T22:15:08.959Z}}
00:15:10.484 [raft-server-1] TRACE i.a.protocols.raft.roles.LeaderRole - RaftServer{1}{role=LEADER} - Received JoinRequest{member=DefaultRaftMember{id=1, type=ACTIVE, updated=2018-06-10T22:15:08.959Z}}
00:15:10.484 [raft-server-1] TRACE i.a.protocols.raft.roles.LeaderRole - RaftServer{1}{role=LEADER} - Sending JoinResponse{status=OK, index=0, term=0, timestamp=1528668908959, members=[DefaultRaftMember{id=2, type=ACTIVE, updated=2018-06-10T22:15:08.959Z}, DefaultRaftMember{id=1, type=ACTIVE, updated=2018-06-10T22:15:08.959Z}, DefaultRaftMember{id=3, type=ACTIVE, updated=2018-06-10T22:15:08.959Z}]}
00:15:10.484 [raft-server-2] TRACE i.a.p.raft.roles.FollowerRole - RaftServer{2}{role=FOLLOWER} - Sending JoinResponse{status=OK, index=0, term=0, timestamp=1528668908959, members=[DefaultRaftMember{id=2, type=ACTIVE, updated=2018-06-10T22:15:08.959Z}, DefaultRaftMember{id=1, type=ACTIVE, updated=2018-06-10T22:15:08.959Z}, DefaultRaftMember{id=3, type=ACTIVE, updated=2018-06-10T22:15:08.959Z}]}
00:15:10.484 [raft-server-1] TRACE i.a.p.r.c.impl.RaftClusterContext - RaftServer{1} - Cancelling join timeout
00:15:10.484 [raft-server-1] INFO  i.a.p.r.c.impl.RaftClusterContext - RaftServer{1} - Successfully joined via 2
00:15:10.484 [raft-server-1] INFO  i.a.p.raft.impl.DefaultRaftServer - RaftServer{1} - Server started successfully!
00:15:10.543 [raft-server-1] TRACE i.a.p.raft.roles.LeaderAppender - RaftServer{1} - Sending AppendRequest{term=1, leader=1, prevLogIndex=1, prevLogTerm=1, entries=0, commitIndex=1} to 2
00:15:10.544 [raft-server-1] TRACE i.a.p.raft.roles.LeaderAppender - RaftServer{1} - Sending AppendRequest{term=1, leader=1, prevLogIndex=1, prevLogTerm=1, entries=0, commitIndex=1} to 3
00:15:10.544 [raft-server-2] TRACE i.a.p.raft.roles.FollowerRole - RaftServer{2}{role=FOLLOWER} - Received AppendRequest{term=1, leader=1, prevLogIndex=1, prevLogTerm=1, entries=0, commitIndex=1}
00:15:10.544 [raft-server-2] TRACE i.a.p.raft.roles.FollowerRole - RaftServer{2}{role=FOLLOWER} - Sending AppendResponse{status=OK, term=1, succeeded=true, lastLogIndex=1}
00:15:10.544 [raft-server-3] TRACE i.a.p.raft.roles.FollowerRole - RaftServer{3}{role=FOLLOWER} - Received AppendRequest{term=1, leader=1, prevLogIndex=1, prevLogTerm=1, entries=0, commitIndex=1}
00:15:10.544 [raft-server-3] TRACE i.a.p.raft.roles.FollowerRole - RaftServer{3}{role=FOLLOWER} - Sending AppendResponse{status=OK, term=1, succeeded=true, lastLogIndex=1}
00:15:10.544 [raft-server-1] TRACE i.a.p.raft.roles.LeaderAppender - RaftServer{1} - Received AppendResponse{status=OK, term=1, succeeded=true, lastLogIndex=1} from 2
00:15:10.544 [raft-server-1] TRACE i.a.p.raft.roles.LeaderAppender - RaftServer{1} - Sending AppendRequest{term=1, leader=1, prevLogIndex=1, prevLogTerm=1, entries=0, commitIndex=1} to 2
00:15:10.544 [raft-server-1] TRACE i.a.p.raft.roles.LeaderAppender - RaftServer{1} - Received AppendResponse{status=OK, term=1, succeeded=true, lastLogIndex=1} from 3
00:15:10.544 [raft-server-2] TRACE i.a.p.raft.roles.FollowerRole - RaftServer{2}{role=FOLLOWER} - Received AppendRequest{term=1, leader=1, prevLogIndex=1, prevLogTerm=1, entries=0, commitIndex=1}
00:15:10.544 [raft-server-2] TRACE i.a.p.raft.roles.FollowerRole - RaftServer{2}{role=FOLLOWER} - Sending AppendResponse{status=OK, term=1, succeeded=true, lastLogIndex=1}
00:15:10.544 [raft-server-1] TRACE i.a.p.raft.roles.LeaderAppender - RaftServer{1} - Received AppendResponse{status=OK, term=1, succeeded=true, lastLogIndex=1} from 2
00:15:10.685 [raft-server-2] TRACE i.a.p.r.c.impl.RaftClusterContext - RaftServer{2} - Cancelling join timeout
00:15:10.685 [raft-server-2] DEBUG i.a.p.r.c.impl.RaftClusterContext - RaftServer{2} - Attempting to join via 1
00:15:10.685 [raft-server-1] TRACE i.a.protocols.raft.roles.LeaderRole - RaftServer{1}{role=LEADER} - Received JoinRequest{member=DefaultRaftMember{id=2, type=ACTIVE, updated=2018-06-10T22:15:09.166Z}}
00:15:10.685 [raft-server-1] TRACE i.a.protocols.raft.roles.LeaderRole - RaftServer{1}{role=LEADER} - Sending JoinResponse{status=OK, index=0, term=0, timestamp=1528668908959, members=[DefaultRaftMember{id=2, type=ACTIVE, updated=2018-06-10T22:15:08.959Z}, DefaultRaftMember{id=1, type=ACTIVE, updated=2018-06-10T22:15:08.959Z}, DefaultRaftMember{id=3, type=ACTIVE, updated=2018-06-10T22:15:08.959Z}]}
00:15:10.685 [raft-server-2] TRACE i.a.p.r.c.impl.RaftClusterContext - RaftServer{2} - Cancelling join timeout
00:15:10.685 [raft-server-2] INFO  i.a.p.r.c.impl.RaftClusterContext - RaftServer{2} - Successfully joined via 1
00:15:10.685 [raft-server-2] INFO  i.a.p.raft.impl.DefaultRaftServer - RaftServer{2} - Server started successfully!
00:15:10.793 [raft-server-1] TRACE i.a.p.raft.roles.LeaderAppender - RaftServer{1} - Sending AppendRequest{term=1, leader=1, prevLogIndex=1, prevLogTerm=1, entries=0, commitIndex=1} to 2
00:15:10.794 [raft-server-2] TRACE i.a.p.raft.roles.FollowerRole - RaftServer{2}{role=FOLLOWER} - Received AppendRequest{term=1, leader=1, prevLogIndex=1, prevLogTerm=1, entries=0, commitIndex=1}
00:15:10.794 [raft-server-1] TRACE i.a.p.raft.roles.LeaderAppender - RaftServer{1} - Sending AppendRequest{term=1, leader=1, prevLogIndex=1, prevLogTerm=1, entries=0, commitIndex=1} to 3
00:15:10.794 [raft-server-2] TRACE i.a.p.raft.roles.FollowerRole - RaftServer{2}{role=FOLLOWER} - Sending AppendResponse{status=OK, term=1, succeeded=true, lastLogIndex=1}
00:15:10.794 [raft-server-3] TRACE i.a.p.raft.roles.FollowerRole - RaftServer{3}{role=FOLLOWER} - Received AppendRequest{term=1, leader=1, prevLogIndex=1, prevLogTerm=1, entries=0, commitIndex=1}
00:15:10.794 [raft-server-1] TRACE i.a.p.raft.roles.LeaderAppender - RaftServer{1} - Received AppendResponse{status=OK, term=1, succeeded=true, lastLogIndex=1} from 2
00:15:10.794 [raft-server-3] TRACE i.a.p.raft.roles.FollowerRole - RaftServer{3}{role=FOLLOWER} - Sending AppendResponse{status=OK, term=1, succeeded=true, lastLogIndex=1}
00:15:10.794 [raft-server-1] TRACE i.a.p.raft.roles.LeaderAppender - RaftServer{1} - Sending AppendRequest{term=1, leader=1, prevLogIndex=1, prevLogTerm=1, entries=0, commitIndex=1} to 2
00:15:10.794 [raft-server-1] TRACE i.a.p.raft.roles.LeaderAppender - RaftServer{1} - Received AppendResponse{status=OK, term=1, succeeded=true, lastLogIndex=1} from 3
00:15:10.794 [raft-server-2] TRACE i.a.p.raft.roles.FollowerRole - RaftServer{2}{role=FOLLOWER} - Received AppendRequest{term=1, leader=1, prevLogIndex=1, prevLogTerm=1, entries=0, commitIndex=1}
00:15:10.794 [raft-server-2] TRACE i.a.p.raft.roles.FollowerRole - RaftServer{2}{role=FOLLOWER} - Sending AppendResponse{status=OK, term=1, succeeded=true, lastLogIndex=1}
00:15:10.794 [raft-server-1] TRACE i.a.p.raft.roles.LeaderAppender - RaftServer{1} - Received AppendResponse{status=OK, term=1, succeeded=true, lastLogIndex=1} from 2
00:15:10.893 [raft-server-3] TRACE i.a.p.r.c.impl.RaftClusterContext - RaftServer{3} - Cancelling join timeout
00:15:10.894 [raft-server-3] DEBUG i.a.p.r.c.impl.RaftClusterContext - RaftServer{3} - Attempting to join via 2
00:15:10.894 [raft-server-2] TRACE i.a.p.raft.roles.FollowerRole - RaftServer{2}{role=FOLLOWER} - Received JoinRequest{member=DefaultRaftMember{id=3, type=ACTIVE, updated=2018-06-10T22:15:09.375Z}}
00:15:10.894 [raft-server-1] TRACE i.a.protocols.raft.roles.LeaderRole - RaftServer{1}{role=LEADER} - Received JoinRequest{member=DefaultRaftMember{id=3, type=ACTIVE, updated=2018-06-10T22:15:09.375Z}}
00:15:10.894 [raft-server-1] TRACE i.a.protocols.raft.roles.LeaderRole - RaftServer{1}{role=LEADER} - Sending JoinResponse{status=OK, index=0, term=0, timestamp=1528668908959, members=[DefaultRaftMember{id=2, type=ACTIVE, updated=2018-06-10T22:15:08.959Z}, DefaultRaftMember{id=1, type=ACTIVE, updated=2018-06-10T22:15:08.959Z}, DefaultRaftMember{id=3, type=ACTIVE, updated=2018-06-10T22:15:08.959Z}]}
00:15:10.894 [raft-server-2] TRACE i.a.p.raft.roles.FollowerRole - RaftServer{2}{role=FOLLOWER} - Sending JoinResponse{status=OK, index=0, term=0, timestamp=1528668908959, members=[DefaultRaftMember{id=2, type=ACTIVE, updated=2018-06-10T22:15:08.959Z}, DefaultRaftMember{id=1, type=ACTIVE, updated=2018-06-10T22:15:08.959Z}, DefaultRaftMember{id=3, type=ACTIVE, updated=2018-06-10T22:15:08.959Z}]}
00:15:10.894 [raft-server-3] TRACE i.a.p.r.c.impl.RaftClusterContext - RaftServer{3} - Cancelling join timeout
00:15:10.894 [raft-server-3] INFO  i.a.p.r.c.impl.RaftClusterContext - RaftServer{3} - Successfully joined via 2
00:15:10.894 [raft-server-3] INFO  i.a.p.raft.impl.DefaultRaftServer - RaftServer{3} - Server started successfully!
00:15:10.896 [main] DEBUG i.a.p.s.impl.RecoveringSessionClient - SessionClient{82530a18-bea6-4e53-b81d-3dd8c76650f9} - Opening proxy session
00:15:10.896 [main] DEBUG i.a.p.r.s.impl.RaftSessionManager - RaftClient{82530a18-bea6-4e53-b81d-3dd8c76650f9} - Opening session; name: raft-test, type: io.atomix.protocols.raft.RaftTest$TestPrimitiveType@68b11545
00:15:10.896 [main] TRACE io.atomix.utils.serializer.Namespace - Creating Kryo instance for Namespace{registeredBlocks=[RegistrationBlock{begin=16, types=[([Ljava.lang.Class;@7d0100ea,null), ([Ljava.lang.Class;@357bc488,null), ([Ljava.lang.Class;@4ea17147,null), ([Ljava.lang.Class;@2eda4eeb,null), ([Ljava.lang.Class;@5ba90d8a,io.atomix.utils.serializer.serializers.ImmutableListSerializer@309dcdf3), ([Ljava.lang.Class;@7573b9ee,io.atomix.utils.serializer.serializers.ImmutableSetSerializer@9a20cbd), ([Ljava.lang.Class;@1af4955e,io.atomix.utils.serializer.serializers.ImmutableMapSerializer@445821a6), ([Ljava.lang.Class;@2c0c4c0a,null), ([Ljava.lang.Class;@35d26ad2,null), ([Ljava.lang.Class;@bb25753,null), ([Ljava.lang.Class;@ee21292,null), ([Ljava.lang.Class;@40c06358,null), ([Ljava.lang.Class;@66e21568,null), ([Ljava.lang.Class;@7f73ce28,null), ([Ljava.lang.Class;@611b35d6,null), ([Ljava.lang.Class;@2282400e,null), ([Ljava.lang.Class;@543d5863,null), ([Ljava.lang.Class;@35dece42,null), ([Ljava.lang.Class;@dd3f8aa,null), ([Ljava.lang.Class;@3d615b2e,null), ([Ljava.lang.Class;@3a1f2a1,io.atomix.utils.serializer.serializers.ArraysAsListSerializer@40ce9049), ([Ljava.lang.Class;@52ca2652,null), ([Ljava.lang.Class;@65c5bf0e,null), ([Ljava.lang.Class;@697d6ded,null), ([Ljava.lang.Class;@5d05f453,null), ([Ljava.lang.Class;@5efeb117,null), ([Ljava.lang.Class;@160b4809,null), ([Ljava.lang.Class;@149b4d20,null), ([Ljava.lang.Class;@664e848c,null), ([Ljava.lang.Class;@4d93f75b,null), ([Ljava.lang.Class;@114a5e0,null), ([Ljava.lang.Class;@4f281aaf,null), ([Ljava.lang.Class;@5d508d22,null), ([Ljava.lang.Class;@f2b90fc,null), ([Ljava.lang.Class;@2bb41f5c,null), ([Ljava.lang.Class;@24c685e7,null)]}, RegistrationBlock{begin=52, types=[([Ljava.lang.Class;@7f8c48f3,null)]}]}
00:15:10.896 [main] TRACE io.atomix.utils.serializer.Namespace - class [B registered as 16
00:15:10.896 [main] TRACE io.atomix.utils.serializer.Namespace - class java.util.concurrent.atomic.AtomicBoolean registered as 17
00:15:10.896 [main] TRACE io.atomix.utils.serializer.Namespace - class java.util.concurrent.atomic.AtomicInteger registered as 18
00:15:10.896 [main] TRACE io.atomix.utils.serializer.Namespace - class java.util.concurrent.atomic.AtomicLong registered as 19
00:15:10.896 [main] TRACE io.atomix.utils.serializer.Namespace - class com.google.common.collect.ImmutableList registered as 20
00:15:10.896 [main] TRACE io.atomix.utils.serializer.Namespace - class com.google.common.collect.RegularImmutableList registered as 20
00:15:10.896 [main] TRACE io.atomix.utils.serializer.Namespace - class com.google.common.collect.RegularImmutableList registered as 20
00:15:10.896 [main] TRACE io.atomix.utils.serializer.Namespace - class com.google.common.collect.ImmutableList$SubList registered as 20
00:15:10.896 [main] TRACE io.atomix.utils.serializer.Namespace - class com.google.common.collect.ImmutableSet registered as 21
00:15:10.896 [main] TRACE io.atomix.utils.serializer.Namespace - class com.google.common.collect.RegularImmutableSet registered as 21
00:15:10.896 [main] TRACE io.atomix.utils.serializer.Namespace - class com.google.common.collect.SingletonImmutableSet registered as 21
00:15:10.896 [main] TRACE io.atomix.utils.serializer.Namespace - class com.google.common.collect.RegularImmutableSet registered as 21
00:15:10.896 [main] TRACE io.atomix.utils.serializer.Namespace - class com.google.common.collect.ImmutableMap registered as 22
00:15:10.896 [main] TRACE io.atomix.utils.serializer.Namespace - class com.google.common.collect.RegularImmutableMap registered as 22
00:15:10.896 [main] TRACE io.atomix.utils.serializer.Namespace - class com.google.common.collect.RegularImmutableMap registered as 22
00:15:10.896 [main] TRACE io.atomix.utils.serializer.Namespace - class com.google.common.collect.RegularImmutableMap registered as 22
00:15:10.896 [main] TRACE io.atomix.utils.serializer.Namespace - class java.util.Collections$UnmodifiableSet registered as 23
00:15:10.897 [main] TRACE io.atomix.utils.serializer.Namespace - class java.util.HashMap registered as 24
00:15:10.897 [main] TRACE io.atomix.utils.serializer.Namespace - class java.util.concurrent.ConcurrentHashMap registered as 25
00:15:10.897 [main] TRACE io.atomix.utils.serializer.Namespace - class java.util.concurrent.CopyOnWriteArraySet registered as 26
00:15:10.897 [main] TRACE io.atomix.utils.serializer.Namespace - class java.util.ArrayList registered as 27
00:15:10.897 [main] TRACE io.atomix.utils.serializer.Namespace - class java.util.LinkedList registered as 28
00:15:10.897 [main] TRACE io.atomix.utils.serializer.Namespace - class java.util.HashSet registered as 29
00:15:10.897 [main] TRACE io.atomix.utils.serializer.Namespace - class java.util.LinkedHashSet registered as 30
00:15:10.897 [main] TRACE io.atomix.utils.serializer.Namespace - class com.sun.jmx.remote.internal.ArrayQueue registered as 31
00:15:10.897 [main] TRACE io.atomix.utils.serializer.Namespace - class java.util.ArrayDeque registered as 32
00:15:10.897 [main] TRACE io.atomix.utils.serializer.Namespace - class com.google.common.collect.HashMultiset registered as 33
00:15:10.897 [main] TRACE io.atomix.utils.serializer.Namespace - class com.google.common.collect.Sets registered as 34
00:15:10.897 [main] TRACE io.atomix.utils.serializer.Namespace - class com.google.common.collect.ImmutableEntry registered as 35
00:15:10.897 [main] TRACE io.atomix.utils.serializer.Namespace - class java.util.Arrays$ArrayList registered as 36
00:15:10.898 [main] TRACE io.atomix.utils.serializer.Namespace - class java.util.Collections$SingletonList registered as 37
00:15:10.898 [main] TRACE io.atomix.utils.serializer.Namespace - class java.time.Duration registered as 38
00:15:10.898 [main] TRACE io.atomix.utils.serializer.Namespace - class java.util.Collections$EmptySet registered as 39
00:15:10.898 [main] TRACE io.atomix.utils.serializer.Namespace - class java.util.Optional registered as 40
00:15:10.898 [main] TRACE io.atomix.utils.serializer.Namespace - class java.util.Collections$EmptyList registered as 41
00:15:10.898 [main] TRACE io.atomix.utils.serializer.Namespace - class java.util.Collections$SingletonSet registered as 42
00:15:10.898 [main] TRACE io.atomix.utils.serializer.Namespace - class [I registered as 43
00:15:10.898 [main] TRACE io.atomix.utils.serializer.Namespace - class [J registered as 44
00:15:10.898 [main] TRACE io.atomix.utils.serializer.Namespace - class [S registered as 45
00:15:10.898 [main] TRACE io.atomix.utils.serializer.Namespace - class [D registered as 46
00:15:10.898 [main] TRACE io.atomix.utils.serializer.Namespace - class [F registered as 47
00:15:10.898 [main] TRACE io.atomix.utils.serializer.Namespace - class [C registered as 48
00:15:10.898 [main] TRACE io.atomix.utils.serializer.Namespace - class [Ljava.lang.String; registered as 49
00:15:10.898 [main] TRACE io.atomix.utils.serializer.Namespace - class [Z registered as 50
00:15:10.899 [main] TRACE io.atomix.utils.serializer.Namespace - class [Ljava.lang.Object; registered as 51
00:15:10.899 [main] TRACE io.atomix.utils.serializer.Namespace - class io.atomix.primitive.service.ServiceConfig registered as 52
00:15:10.899 [raft-client-82530a18-bea6-4e53-b81d-3dd8c76650f9-0] TRACE i.a.p.r.s.impl.RaftSessionConnection - RaftClient{82530a18-bea6-4e53-b81d-3dd8c76650f9} - Sending OpenSessionRequest{node=4, serviceName=raft-test, serviceType=raft-test, readConsistency=LINEARIZABLE, minTimeout=250, maxTimeout=5000} to 3
00:15:10.899 [raft-server-3] TRACE i.a.p.raft.roles.FollowerRole - RaftServer{3}{role=FOLLOWER} - Received OpenSessionRequest{node=4, serviceName=raft-test, serviceType=raft-test, readConsistency=LINEARIZABLE, minTimeout=250, maxTimeout=5000}
00:15:10.899 [raft-server-1] TRACE i.a.protocols.raft.roles.LeaderRole - RaftServer{1}{role=LEADER} - Received OpenSessionRequest{node=4, serviceName=raft-test, serviceType=raft-test, readConsistency=LINEARIZABLE, minTimeout=250, maxTimeout=5000}
00:15:10.899 [raft-server-1] TRACE i.a.protocols.raft.roles.LeaderRole - RaftServer{1}{role=LEADER} - Appended Indexed{index=2, entry=OpenSessionEntry{term=1, timestamp=2018-06-11 12:15:10,899, node=4, serviceName=raft-test, serviceType=raft-test, serviceConfig=byte[]{length=2, hash=2636}, readConsistency=LINEARIZABLE, minTimeout=250, maxTimeout=5000}}
00:15:10.899 [raft-server-1] TRACE i.a.p.raft.roles.LeaderAppender - RaftServer{1} - Sending AppendRequest{term=1, leader=1, prevLogIndex=1, prevLogTerm=1, entries=1, commitIndex=1} to 2
00:15:10.899 [raft-server-2] TRACE i.a.p.raft.roles.FollowerRole - RaftServer{2}{role=FOLLOWER} - Received AppendRequest{term=1, leader=1, prevLogIndex=1, prevLogTerm=1, entries=1, commitIndex=1}
00:15:10.899 [raft-server-1] TRACE i.a.p.raft.roles.LeaderAppender - RaftServer{1} - Sending AppendRequest{term=1, leader=1, prevLogIndex=1, prevLogTerm=1, entries=1, commitIndex=1} to 3
00:15:10.900 [raft-server-3] TRACE i.a.p.raft.roles.FollowerRole - RaftServer{3}{role=FOLLOWER} - Received AppendRequest{term=1, leader=1, prevLogIndex=1, prevLogTerm=1, entries=1, commitIndex=1}
00:15:10.900 [raft-server-2] TRACE i.a.p.raft.roles.FollowerRole - RaftServer{2}{role=FOLLOWER} - Appended Indexed{index=2, entry=OpenSessionEntry{term=1, timestamp=2018-06-11 12:15:10,899, node=4, serviceName=raft-test, serviceType=raft-test, serviceConfig=byte[]{length=2, hash=2636}, readConsistency=LINEARIZABLE, minTimeout=250, maxTimeout=5000}}
00:15:10.900 [raft-server-2] TRACE i.a.p.raft.roles.FollowerRole - RaftServer{2}{role=FOLLOWER} - Sending AppendResponse{status=OK, term=1, succeeded=true, lastLogIndex=2}
00:15:10.900 [raft-server-3] TRACE i.a.p.raft.roles.FollowerRole - RaftServer{3}{role=FOLLOWER} - Appended Indexed{index=2, entry=OpenSessionEntry{term=1, timestamp=2018-06-11 12:15:10,899, node=4, serviceName=raft-test, serviceType=raft-test, serviceConfig=byte[]{length=2, hash=2636}, readConsistency=LINEARIZABLE, minTimeout=250, maxTimeout=5000}}
00:15:10.900 [raft-server-1] TRACE i.a.p.raft.roles.LeaderAppender - RaftServer{1} - Received AppendResponse{status=OK, term=1, succeeded=true, lastLogIndex=2} from 2
00:15:10.900 [raft-server-3] TRACE i.a.p.raft.roles.FollowerRole - RaftServer{3}{role=FOLLOWER} - Sending AppendResponse{status=OK, term=1, succeeded=true, lastLogIndex=2}
00:15:10.900 [raft-server-1] TRACE i.a.p.raft.roles.LeaderAppender - RaftServer{1} - Committed entries up to 2
00:15:10.932 [raft-server-1] TRACE i.a.p.raft.roles.LeaderAppender - RaftServer{1} - Received AppendResponse{status=OK, term=1, succeeded=true, lastLogIndex=2} from 3
00:15:10.933 [raft-server-1-state] TRACE i.a.p.raft.impl.RaftServiceManager - RaftServer{1} - Applying Indexed{index=2, entry=OpenSessionEntry{term=1, timestamp=2018-06-11 12:15:10,899, node=4, serviceName=raft-test, serviceType=raft-test, serviceConfig=byte[]{length=2, hash=2636}, readConsistency=LINEARIZABLE, minTimeout=250, maxTimeout=5000}}
00:15:10.933 [raft-server-1-state] TRACE io.atomix.utils.serializer.Namespace - Creating Kryo instance for Namespace{registeredBlocks=[RegistrationBlock{begin=16, types=[([Ljava.lang.Class;@7d0100ea,null), ([Ljava.lang.Class;@357bc488,null), ([Ljava.lang.Class;@4ea17147,null), ([Ljava.lang.Class;@2eda4eeb,null), ([Ljava.lang.Class;@5ba90d8a,io.atomix.utils.serializer.serializers.ImmutableListSerializer@309dcdf3), ([Ljava.lang.Class;@7573b9ee,io.atomix.utils.serializer.serializers.ImmutableSetSerializer@9a20cbd), ([Ljava.lang.Class;@1af4955e,io.atomix.utils.serializer.serializers.ImmutableMapSerializer@445821a6), ([Ljava.lang.Class;@2c0c4c0a,null), ([Ljava.lang.Class;@35d26ad2,null), ([Ljava.lang.Class;@bb25753,null), ([Ljava.lang.Class;@ee21292,null), ([Ljava.lang.Class;@40c06358,null), ([Ljava.lang.Class;@66e21568,null), ([Ljava.lang.Class;@7f73ce28,null), ([Ljava.lang.Class;@611b35d6,null), ([Ljava.lang.Class;@2282400e,null), ([Ljava.lang.Class;@543d5863,null), ([Ljava.lang.Class;@35dece42,null), ([Ljava.lang.Class;@dd3f8aa,null), ([Ljava.lang.Class;@3d615b2e,null), ([Ljava.lang.Class;@3a1f2a1,io.atomix.utils.serializer.serializers.ArraysAsListSerializer@40ce9049), ([Ljava.lang.Class;@52ca2652,null), ([Ljava.lang.Class;@65c5bf0e,null), ([Ljava.lang.Class;@697d6ded,null), ([Ljava.lang.Class;@5d05f453,null), ([Ljava.lang.Class;@5efeb117,null), ([Ljava.lang.Class;@160b4809,null), ([Ljava.lang.Class;@149b4d20,null), ([Ljava.lang.Class;@664e848c,null), ([Ljava.lang.Class;@4d93f75b,null), ([Ljava.lang.Class;@114a5e0,null), ([Ljava.lang.Class;@4f281aaf,null), ([Ljava.lang.Class;@5d508d22,null), ([Ljava.lang.Class;@f2b90fc,null), ([Ljava.lang.Class;@2bb41f5c,null), ([Ljava.lang.Class;@24c685e7,null)]}, RegistrationBlock{begin=52, types=[([Ljava.lang.Class;@136b190d,null)]}]}
00:15:10.933 [raft-server-1-state] TRACE io.atomix.utils.serializer.Namespace - class [B registered as 16
00:15:10.933 [raft-server-1-state] TRACE io.atomix.utils.serializer.Namespace - class java.util.concurrent.atomic.AtomicBoolean registered as 17
00:15:10.933 [raft-server-1-state] TRACE io.atomix.utils.serializer.Namespace - class java.util.concurrent.atomic.AtomicInteger registered as 18
00:15:10.933 [raft-server-1-state] TRACE io.atomix.utils.serializer.Namespace - class java.util.concurrent.atomic.AtomicLong registered as 19
00:15:10.933 [raft-server-1-state] TRACE io.atomix.utils.serializer.Namespace - class com.google.common.collect.ImmutableList registered as 20
00:15:10.933 [raft-server-1-state] TRACE io.atomix.utils.serializer.Namespace - class com.google.common.collect.RegularImmutableList registered as 20
00:15:10.933 [raft-server-1-state] TRACE io.atomix.utils.serializer.Namespace - class com.google.common.collect.RegularImmutableList registered as 20
00:15:10.933 [raft-server-1-state] TRACE io.atomix.utils.serializer.Namespace - class com.google.common.collect.ImmutableList$SubList registered as 20
00:15:10.933 [raft-server-1-state] TRACE io.atomix.utils.serializer.Namespace - class com.google.common.collect.ImmutableSet registered as 21
00:15:10.933 [raft-server-1-state] TRACE io.atomix.utils.serializer.Namespace - class com.google.common.collect.RegularImmutableSet registered as 21
00:15:10.933 [raft-server-1-state] TRACE io.atomix.utils.serializer.Namespace - class com.google.common.collect.SingletonImmutableSet registered as 21
00:15:10.933 [raft-server-1-state] TRACE io.atomix.utils.serializer.Namespace - class com.google.common.collect.RegularImmutableSet registered as 21
00:15:10.933 [raft-server-1-state] TRACE io.atomix.utils.serializer.Namespace - class com.google.common.collect.ImmutableMap registered as 22
00:15:10.933 [raft-server-1-state] TRACE io.atomix.utils.serializer.Namespace - class com.google.common.collect.RegularImmutableMap registered as 22
00:15:10.933 [raft-server-1-state] TRACE io.atomix.utils.serializer.Namespace - class com.google.common.collect.RegularImmutableMap registered as 22
00:15:10.933 [raft-server-1-state] TRACE io.atomix.utils.serializer.Namespace - class com.google.common.collect.RegularImmutableMap registered as 22
00:15:10.933 [raft-server-1-state] TRACE io.atomix.utils.serializer.Namespace - class java.util.Collections$UnmodifiableSet registered as 23
00:15:10.933 [raft-server-1-state] TRACE io.atomix.utils.serializer.Namespace - class java.util.HashMap registered as 24
00:15:10.933 [raft-server-1-state] TRACE io.atomix.utils.serializer.Namespace - class java.util.concurrent.ConcurrentHashMap registered as 25
00:15:10.933 [raft-server-1-state] TRACE io.atomix.utils.serializer.Namespace - class java.util.concurrent.CopyOnWriteArraySet registered as 26
00:15:10.934 [raft-server-1-state] TRACE io.atomix.utils.serializer.Namespace - class java.util.ArrayList registered as 27
00:15:10.934 [raft-server-1-state] TRACE io.atomix.utils.serializer.Namespace - class java.util.LinkedList registered as 28
00:15:10.934 [raft-server-1-state] TRACE io.atomix.utils.serializer.Namespace - class java.util.HashSet registered as 29
00:15:10.934 [raft-server-1-state] TRACE io.atomix.utils.serializer.Namespace - class java.util.LinkedHashSet registered as 30
00:15:10.934 [raft-server-1-state] TRACE io.atomix.utils.serializer.Namespace - class com.sun.jmx.remote.internal.ArrayQueue registered as 31
00:15:10.934 [raft-server-1-state] TRACE io.atomix.utils.serializer.Namespace - class java.util.ArrayDeque registered as 32
00:15:10.934 [raft-server-1-state] TRACE io.atomix.utils.serializer.Namespace - class com.google.common.collect.HashMultiset registered as 33
00:15:10.934 [raft-server-1-state] TRACE io.atomix.utils.serializer.Namespace - class com.google.common.collect.Sets registered as 34
00:15:10.934 [raft-server-1-state] TRACE io.atomix.utils.serializer.Namespace - class com.google.common.collect.ImmutableEntry registered as 35
00:15:10.934 [raft-server-1-state] TRACE io.atomix.utils.serializer.Namespace - class java.util.Arrays$ArrayList registered as 36
00:15:10.934 [raft-server-1-state] TRACE io.atomix.utils.serializer.Namespace - class java.util.Collections$SingletonList registered as 37
00:15:10.934 [raft-server-1-state] TRACE io.atomix.utils.serializer.Namespace - class java.time.Duration registered as 38
00:15:10.934 [raft-server-1-state] TRACE io.atomix.utils.serializer.Namespace - class java.util.Collections$EmptySet registered as 39
00:15:10.934 [raft-server-1-state] TRACE io.atomix.utils.serializer.Namespace - class java.util.Optional registered as 40
00:15:10.934 [raft-server-1-state] TRACE io.atomix.utils.serializer.Namespace - class java.util.Collections$EmptyList registered as 41
00:15:10.934 [raft-server-1-state] TRACE io.atomix.utils.serializer.Namespace - class java.util.Collections$SingletonSet registered as 42
00:15:10.934 [raft-server-1-state] TRACE io.atomix.utils.serializer.Namespace - class [I registered as 43
00:15:10.934 [raft-server-1-state] TRACE io.atomix.utils.serializer.Namespace - class [J registered as 44
00:15:10.934 [raft-server-1-state] TRACE io.atomix.utils.serializer.Namespace - class [S registered as 45
00:15:10.934 [raft-server-1-state] TRACE io.atomix.utils.serializer.Namespace - class [D registered as 46
00:15:10.934 [raft-server-1-state] TRACE io.atomix.utils.serializer.Namespace - class [F registered as 47
00:15:10.935 [raft-server-1-state] TRACE io.atomix.utils.serializer.Namespace - class [C registered as 48
00:15:10.935 [raft-server-1-state] TRACE io.atomix.utils.serializer.Namespace - class [Ljava.lang.String; registered as 49
00:15:10.935 [raft-server-1-state] TRACE io.atomix.utils.serializer.Namespace - class [Z registered as 50
00:15:10.935 [raft-server-1-state] TRACE io.atomix.utils.serializer.Namespace - class [Ljava.lang.Object; registered as 51
00:15:10.935 [raft-server-1-state] TRACE io.atomix.utils.serializer.Namespace - class io.atomix.primitive.service.ServiceConfig registered as 52
00:15:10.935 [raft-server-1-state] TRACE io.atomix.utils.serializer.Namespace - Creating Kryo instance for Namespace{registeredBlocks=[RegistrationBlock{begin=16, types=[([Ljava.lang.Class;@7d0100ea,null), ([Ljava.lang.Class;@357bc488,null), ([Ljava.lang.Class;@4ea17147,null), ([Ljava.lang.Class;@2eda4eeb,null), ([Ljava.lang.Class;@5ba90d8a,io.atomix.utils.serializer.serializers.ImmutableListSerializer@309dcdf3), ([Ljava.lang.Class;@7573b9ee,io.atomix.utils.serializer.serializers.ImmutableSetSerializer@9a20cbd), ([Ljava.lang.Class;@1af4955e,io.atomix.utils.serializer.serializers.ImmutableMapSerializer@445821a6), ([Ljava.lang.Class;@2c0c4c0a,null), ([Ljava.lang.Class;@35d26ad2,null), ([Ljava.lang.Class;@bb25753,null), ([Ljava.lang.Class;@ee21292,null), ([Ljava.lang.Class;@40c06358,null), ([Ljava.lang.Class;@66e21568,null), ([Ljava.lang.Class;@7f73ce28,null), ([Ljava.lang.Class;@611b35d6,null), ([Ljava.lang.Class;@2282400e,null), ([Ljava.lang.Class;@543d5863,null), ([Ljava.lang.Class;@35dece42,null), ([Ljava.lang.Class;@dd3f8aa,null), ([Ljava.lang.Class;@3d615b2e,null), ([Ljava.lang.Class;@3a1f2a1,io.atomix.utils.serializer.serializers.ArraysAsListSerializer@40ce9049), ([Ljava.lang.Class;@52ca2652,null), ([Ljava.lang.Class;@65c5bf0e,null), ([Ljava.lang.Class;@697d6ded,null), ([Ljava.lang.Class;@5d05f453,null), ([Ljava.lang.Class;@5efeb117,null), ([Ljava.lang.Class;@160b4809,null), ([Ljava.lang.Class;@149b4d20,null), ([Ljava.lang.Class;@664e848c,null), ([Ljava.lang.Class;@4d93f75b,null), ([Ljava.lang.Class;@114a5e0,null), ([Ljava.lang.Class;@4f281aaf,null), ([Ljava.lang.Class;@5d508d22,null), ([Ljava.lang.Class;@f2b90fc,null), ([Ljava.lang.Class;@2bb41f5c,null), ([Ljava.lang.Class;@24c685e7,null)]}, RegistrationBlock{begin=52, types=[([Ljava.lang.Class;@1dace510,null)]}]}
00:15:10.935 [raft-server-1-state] TRACE io.atomix.utils.serializer.Namespace - class [B registered as 16
00:15:10.935 [raft-server-1-state] TRACE io.atomix.utils.serializer.Namespace - class java.util.concurrent.atomic.AtomicBoolean registered as 17
00:15:10.935 [raft-server-1-state] TRACE io.atomix.utils.serializer.Namespace - class java.util.concurrent.atomic.AtomicInteger registered as 18
00:15:10.935 [raft-server-1-state] TRACE io.atomix.utils.serializer.Namespace - class java.util.concurrent.atomic.AtomicLong registered as 19
00:15:10.935 [raft-server-1-state] TRACE io.atomix.utils.serializer.Namespace - class com.google.common.collect.ImmutableList registered as 20
00:15:10.935 [raft-server-1-state] TRACE io.atomix.utils.serializer.Namespace - class com.google.common.collect.RegularImmutableList registered as 20
00:15:10.935 [raft-server-1-state] TRACE io.atomix.utils.serializer.Namespace - class com.google.common.collect.RegularImmutableList registered as 20
00:15:10.935 [raft-server-1-state] TRACE io.atomix.utils.serializer.Namespace - class com.google.common.collect.ImmutableList$SubList registered as 20
00:15:10.935 [raft-server-1-state] TRACE io.atomix.utils.serializer.Namespace - class com.google.common.collect.ImmutableSet registered as 21
00:15:10.935 [raft-server-1-state] TRACE io.atomix.utils.serializer.Namespace - class com.google.common.collect.RegularImmutableSet registered as 21
00:15:10.935 [raft-server-1-state] TRACE io.atomix.utils.serializer.Namespace - class com.google.common.collect.SingletonImmutableSet registered as 21
00:15:10.935 [raft-server-1-state] TRACE io.atomix.utils.serializer.Namespace - class com.google.common.collect.RegularImmutableSet registered as 21
00:15:10.935 [raft-server-1-state] TRACE io.atomix.utils.serializer.Namespace - class com.google.common.collect.ImmutableMap registered as 22
00:15:10.935 [raft-server-1-state] TRACE io.atomix.utils.serializer.Namespace - class com.google.common.collect.RegularImmutableMap registered as 22
00:15:10.935 [raft-server-1-state] TRACE io.atomix.utils.serializer.Namespace - class com.google.common.collect.RegularImmutableMap registered as 22
00:15:10.936 [raft-server-1-state] TRACE io.atomix.utils.serializer.Namespace - class com.google.common.collect.RegularImmutableMap registered as 22
00:15:10.936 [raft-server-1-state] TRACE io.atomix.utils.serializer.Namespace - class java.util.Collections$UnmodifiableSet registered as 23
00:15:10.936 [raft-server-1-state] TRACE io.atomix.utils.serializer.Namespace - class java.util.HashMap registered as 24
00:15:10.936 [raft-server-1-state] TRACE io.atomix.utils.serializer.Namespace - class java.util.concurrent.ConcurrentHashMap registered as 25
00:15:10.936 [raft-server-1-state] TRACE io.atomix.utils.serializer.Namespace - class java.util.concurrent.CopyOnWriteArraySet registered as 26
00:15:10.936 [raft-server-1-state] TRACE io.atomix.utils.serializer.Namespace - class java.util.ArrayList registered as 27
00:15:10.936 [raft-server-1-state] TRACE io.atomix.utils.serializer.Namespace - class java.util.LinkedList registered as 28
00:15:10.936 [raft-server-1-state] TRACE io.atomix.utils.serializer.Namespace - class java.util.HashSet registered as 29
00:15:10.936 [raft-server-1-state] TRACE io.atomix.utils.serializer.Namespace - class java.util.LinkedHashSet registered as 30
00:15:10.936 [raft-server-1-state] TRACE io.atomix.utils.serializer.Namespace - class com.sun.jmx.remote.internal.ArrayQueue registered as 31
00:15:10.936 [raft-server-1-state] TRACE io.atomix.utils.serializer.Namespace - class java.util.ArrayDeque registered as 32
00:15:10.936 [raft-server-1-state] TRACE io.atomix.utils.serializer.Namespace - class com.google.common.collect.HashMultiset registered as 33
00:15:10.936 [raft-server-1-state] TRACE io.atomix.utils.serializer.Namespace - class com.google.common.collect.Sets registered as 34
00:15:10.936 [raft-server-1-state] TRACE io.atomix.utils.serializer.Namespace - class com.google.common.collect.ImmutableEntry registered as 35
00:15:10.936 [raft-server-1-state] TRACE io.atomix.utils.serializer.Namespace - class java.util.Arrays$ArrayList registered as 36
00:15:10.936 [raft-server-1-state] TRACE io.atomix.utils.serializer.Namespace - class java.util.Collections$SingletonList registered as 37
00:15:10.936 [raft-server-1-state] TRACE io.atomix.utils.serializer.Namespace - class java.time.Duration registered as 38
00:15:10.936 [raft-server-1-state] TRACE io.atomix.utils.serializer.Namespace - class java.util.Collections$EmptySet registered as 39
00:15:10.936 [raft-server-1-state] TRACE io.atomix.utils.serializer.Namespace - class java.util.Optional registered as 40
00:15:10.936 [raft-server-1-state] TRACE io.atomix.utils.serializer.Namespace - class java.util.Collections$EmptyList registered as 41
00:15:10.936 [raft-server-1-state] TRACE io.atomix.utils.serializer.Namespace - class java.util.Collections$SingletonSet registered as 42
00:15:10.936 [raft-server-1-state] TRACE io.atomix.utils.serializer.Namespace - class [I registered as 43
00:15:10.936 [raft-server-1-state] TRACE io.atomix.utils.serializer.Namespace - class [J registered as 44
00:15:10.936 [raft-server-1-state] TRACE io.atomix.utils.serializer.Namespace - class [S registered as 45
00:15:10.936 [raft-server-1-state] TRACE io.atomix.utils.serializer.Namespace - class [D registered as 46
00:15:10.936 [raft-server-1-state] TRACE io.atomix.utils.serializer.Namespace - class [F registered as 47
00:15:10.936 [raft-server-1-state] TRACE io.atomix.utils.serializer.Namespace - class [C registered as 48
00:15:10.936 [raft-server-1-state] TRACE io.atomix.utils.serializer.Namespace - class [Ljava.lang.String; registered as 49
00:15:10.936 [raft-server-1-state] TRACE io.atomix.utils.serializer.Namespace - class [Z registered as 50
00:15:10.936 [raft-server-1-state] TRACE io.atomix.utils.serializer.Namespace - class [Ljava.lang.Object; registered as 51
00:15:10.936 [raft-server-1-state] TRACE io.atomix.utils.serializer.Namespace - class io.atomix.primitive.service.ServiceConfig registered as 52
00:15:10.936 [raft-server-1-state] TRACE io.atomix.utils.serializer.Namespace - Creating Kryo instance for Namespace{registeredBlocks=[RegistrationBlock{begin=16, types=[([Ljava.lang.Class;@7d0100ea,null), ([Ljava.lang.Class;@357bc488,null), ([Ljava.lang.Class;@4ea17147,null), ([Ljava.lang.Class;@2eda4eeb,null), ([Ljava.lang.Class;@5ba90d8a,io.atomix.utils.serializer.serializers.ImmutableListSerializer@309dcdf3), ([Ljava.lang.Class;@7573b9ee,io.atomix.utils.serializer.serializers.ImmutableSetSerializer@9a20cbd), ([Ljava.lang.Class;@1af4955e,io.atomix.utils.serializer.serializers.ImmutableMapSerializer@445821a6), ([Ljava.lang.Class;@2c0c4c0a,null), ([Ljava.lang.Class;@35d26ad2,null), ([Ljava.lang.Class;@bb25753,null), ([Ljava.lang.Class;@ee21292,null), ([Ljava.lang.Class;@40c06358,null), ([Ljava.lang.Class;@66e21568,null), ([Ljava.lang.Class;@7f73ce28,null), ([Ljava.lang.Class;@611b35d6,null), ([Ljava.lang.Class;@2282400e,null), ([Ljava.lang.Class;@543d5863,null), ([Ljava.lang.Class;@35dece42,null), ([Ljava.lang.Class;@dd3f8aa,null), ([Ljava.lang.Class;@3d615b2e,null), ([Ljava.lang.Class;@3a1f2a1,io.atomix.utils.serializer.serializers.ArraysAsListSerializer@40ce9049), ([Ljava.lang.Class;@52ca2652,null), ([Ljava.lang.Class;@65c5bf0e,null), ([Ljava.lang.Class;@697d6ded,null), ([Ljava.lang.Class;@5d05f453,null), ([Ljava.lang.Class;@5efeb117,null), ([Ljava.lang.Class;@160b4809,null), ([Ljava.lang.Class;@149b4d20,null), ([Ljava.lang.Class;@664e848c,null), ([Ljava.lang.Class;@4d93f75b,null), ([Ljava.lang.Class;@114a5e0,null), ([Ljava.lang.Class;@4f281aaf,null), ([Ljava.lang.Class;@5d508d22,null), ([Ljava.lang.Class;@f2b90fc,null), ([Ljava.lang.Class;@2bb41f5c,null), ([Ljava.lang.Class;@24c685e7,null)]}, RegistrationBlock{begin=52, types=[([Ljava.lang.Class;@1993727d,null)]}]}
00:15:10.936 [raft-server-1-state] TRACE io.atomix.utils.serializer.Namespace - class [B registered as 16
00:15:10.937 [raft-server-1-state] TRACE io.atomix.utils.serializer.Namespace - class java.util.concurrent.atomic.AtomicBoolean registered as 17
00:15:10.937 [raft-server-1-state] TRACE io.atomix.utils.serializer.Namespace - class java.util.concurrent.atomic.AtomicInteger registered as 18
00:15:10.937 [raft-server-1-state] TRACE io.atomix.utils.serializer.Namespace - class java.util.concurrent.atomic.AtomicLong registered as 19
00:15:10.937 [raft-server-1-state] TRACE io.atomix.utils.serializer.Namespace - class com.google.common.collect.ImmutableList registered as 20
00:15:10.937 [raft-server-1-state] TRACE io.atomix.utils.serializer.Namespace - class com.google.common.collect.RegularImmutableList registered as 20
00:15:10.937 [raft-server-1-state] TRACE io.atomix.utils.serializer.Namespace - class com.google.common.collect.RegularImmutableList registered as 20
00:15:10.937 [raft-server-1-state] TRACE io.atomix.utils.serializer.Namespace - class com.google.common.collect.ImmutableList$SubList registered as 20
00:15:10.937 [raft-server-1-state] TRACE io.atomix.utils.serializer.Namespace - class com.google.common.collect.ImmutableSet registered as 21
00:15:10.937 [raft-server-1-state] TRACE io.atomix.utils.serializer.Namespace - class com.google.common.collect.RegularImmutableSet registered as 21
00:15:10.937 [raft-server-1-state] TRACE io.atomix.utils.serializer.Namespace - class com.google.common.collect.SingletonImmutableSet registered as 21
00:15:10.937 [raft-server-1-state] TRACE io.atomix.utils.serializer.Namespace - class com.google.common.collect.RegularImmutableSet registered as 21
00:15:10.937 [raft-server-1-state] TRACE io.atomix.utils.serializer.Namespace - class com.google.common.collect.ImmutableMap registered as 22
00:15:10.937 [raft-server-1-state] TRACE io.atomix.utils.serializer.Namespace - class com.google.common.collect.RegularImmutableMap registered as 22
00:15:10.937 [raft-server-1-state] TRACE io.atomix.utils.serializer.Namespace - class com.google.common.collect.RegularImmutableMap registered as 22
00:15:10.937 [raft-server-1-state] TRACE io.atomix.utils.serializer.Namespace - class com.google.common.collect.RegularImmutableMap registered as 22
00:15:10.937 [raft-server-1-state] TRACE io.atomix.utils.serializer.Namespace - class java.util.Collections$UnmodifiableSet registered as 23
00:15:10.937 [raft-server-1-state] TRACE io.atomix.utils.serializer.Namespace - class java.util.HashMap registered as 24
00:15:10.937 [raft-server-1-state] TRACE io.atomix.utils.serializer.Namespace - class java.util.concurrent.ConcurrentHashMap registered as 25
00:15:10.937 [raft-server-1-state] TRACE io.atomix.utils.serializer.Namespace - class java.util.concurrent.CopyOnWriteArraySet registered as 26
00:15:10.937 [raft-server-1-state] TRACE io.atomix.utils.serializer.Namespace - class java.util.ArrayList registered as 27
00:15:10.937 [raft-server-1-state] TRACE io.atomix.utils.serializer.Namespace - class java.util.LinkedList registered as 28
00:15:10.937 [raft-server-1-state] TRACE io.atomix.utils.serializer.Namespace - class java.util.HashSet registered as 29
00:15:10.937 [raft-server-1-state] TRACE io.atomix.utils.serializer.Namespace - class java.util.LinkedHashSet registered as 30
00:15:10.937 [raft-server-1-state] TRACE io.atomix.utils.serializer.Namespace - class com.sun.jmx.remote.internal.ArrayQueue registered as 31
00:15:10.937 [raft-server-1-state] TRACE io.atomix.utils.serializer.Namespace - class java.util.ArrayDeque registered as 32
00:15:10.937 [raft-server-1-state] TRACE io.atomix.utils.serializer.Namespace - class com.google.common.collect.HashMultiset registered as 33
00:15:10.937 [raft-server-1-state] TRACE io.atomix.utils.serializer.Namespace - class com.google.common.collect.Sets registered as 34
00:15:10.937 [raft-server-1-state] TRACE io.atomix.utils.serializer.Namespace - class com.google.common.collect.ImmutableEntry registered as 35
00:15:10.937 [raft-server-1-state] TRACE io.atomix.utils.serializer.Namespace - class java.util.Arrays$ArrayList registered as 36
00:15:10.937 [raft-server-1-state] TRACE io.atomix.utils.serializer.Namespace - class java.util.Collections$SingletonList registered as 37
00:15:10.937 [raft-server-1-state] TRACE io.atomix.utils.serializer.Namespace - class java.time.Duration registered as 38
00:15:10.937 [raft-server-1-state] TRACE io.atomix.utils.serializer.Namespace - class java.util.Collections$EmptySet registered as 39
00:15:10.937 [raft-server-1-state] TRACE io.atomix.utils.serializer.Namespace - class java.util.Optional registered as 40
00:15:10.937 [raft-server-1-state] TRACE io.atomix.utils.serializer.Namespace - class java.util.Collections$EmptyList registered as 41
00:15:10.937 [raft-server-1-state] TRACE io.atomix.utils.serializer.Namespace - class java.util.Collections$SingletonSet registered as 42
00:15:10.937 [raft-server-1-state] TRACE io.atomix.utils.serializer.Namespace - class [I registered as 43
00:15:10.937 [raft-server-1-state] TRACE io.atomix.utils.serializer.Namespace - class [J registered as 44
00:15:10.937 [raft-server-1-state] TRACE io.atomix.utils.serializer.Namespace - class [S registered as 45
00:15:10.937 [raft-server-1-state] TRACE io.atomix.utils.serializer.Namespace - class [D registered as 46
00:15:10.937 [raft-server-1-state] TRACE io.atomix.utils.serializer.Namespace - class [F registered as 47
00:15:10.937 [raft-server-1-state] TRACE io.atomix.utils.serializer.Namespace - class [C registered as 48
00:15:10.937 [raft-server-1-state] TRACE io.atomix.utils.serializer.Namespace - class [Ljava.lang.String; registered as 49
00:15:10.937 [raft-server-1-state] TRACE io.atomix.utils.serializer.Namespace - class [Z registered as 50
00:15:10.937 [raft-server-1-state] TRACE io.atomix.utils.serializer.Namespace - class [Ljava.lang.Object; registered as 51
00:15:10.937 [raft-server-1-state] TRACE io.atomix.utils.serializer.Namespace - class io.atomix.primitive.service.ServiceConfig registered as 52
00:15:10.938 [raft-server-1-state] DEBUG i.a.p.s.impl.DefaultServiceExecutor - PrimitiveService{2}{type=io.atomix.protocols.raft.RaftTest$TestPrimitiveType@5c91ef2b, name=raft-test} - Registered operation callback DefaultOperationId{id=sendEvent, type=COMMAND}
00:15:10.938 [raft-server-1-state] DEBUG i.a.p.s.impl.DefaultServiceExecutor - PrimitiveService{2}{type=io.atomix.protocols.raft.RaftTest$TestPrimitiveType@5c91ef2b, name=raft-test} - Registered operation callback DefaultOperationId{id=onClose, type=COMMAND}
00:15:10.938 [raft-server-1-state] DEBUG i.a.p.s.impl.DefaultServiceExecutor - PrimitiveService{2}{type=io.atomix.protocols.raft.RaftTest$TestPrimitiveType@5c91ef2b, name=raft-test} - Registered operation callback DefaultOperationId{id=read, type=QUERY}
00:15:10.938 [raft-server-1-state] DEBUG i.a.p.s.impl.DefaultServiceExecutor - PrimitiveService{2}{type=io.atomix.protocols.raft.RaftTest$TestPrimitiveType@5c91ef2b, name=raft-test} - Registered operation callback DefaultOperationId{id=onExpire, type=COMMAND}
00:15:10.938 [raft-server-1-state] DEBUG i.a.p.s.impl.DefaultServiceExecutor - PrimitiveService{2}{type=io.atomix.protocols.raft.RaftTest$TestPrimitiveType@5c91ef2b, name=raft-test} - Registered operation callback DefaultOperationId{id=write, type=COMMAND}
00:15:10.938 [raft-server-1-state] TRACE io.atomix.utils.serializer.Namespace - Creating Kryo instance for Namespace{registeredBlocks=[RegistrationBlock{begin=16, types=[([Ljava.lang.Class;@7d0100ea,null), ([Ljava.lang.Class;@357bc488,null), ([Ljava.lang.Class;@4ea17147,null), ([Ljava.lang.Class;@2eda4eeb,null), ([Ljava.lang.Class;@5ba90d8a,io.atomix.utils.serializer.serializers.ImmutableListSerializer@309dcdf3), ([Ljava.lang.Class;@7573b9ee,io.atomix.utils.serializer.serializers.ImmutableSetSerializer@9a20cbd), ([Ljava.lang.Class;@1af4955e,io.atomix.utils.serializer.serializers.ImmutableMapSerializer@445821a6), ([Ljava.lang.Class;@2c0c4c0a,null), ([Ljava.lang.Class;@35d26ad2,null), ([Ljava.lang.Class;@bb25753,null), ([Ljava.lang.Class;@ee21292,null), ([Ljava.lang.Class;@40c06358,null), ([Ljava.lang.Class;@66e21568,null), ([Ljava.lang.Class;@7f73ce28,null), ([Ljava.lang.Class;@611b35d6,null), ([Ljava.lang.Class;@2282400e,null), ([Ljava.lang.Class;@543d5863,null), ([Ljava.lang.Class;@35dece42,null), ([Ljava.lang.Class;@dd3f8aa,null), ([Ljava.lang.Class;@3d615b2e,null), ([Ljava.lang.Class;@3a1f2a1,io.atomix.utils.serializer.serializers.ArraysAsListSerializer@40ce9049), ([Ljava.lang.Class;@52ca2652,null), ([Ljava.lang.Class;@65c5bf0e,null), ([Ljava.lang.Class;@697d6ded,null), ([Ljava.lang.Class;@5d05f453,null), ([Ljava.lang.Class;@5efeb117,null), ([Ljava.lang.Class;@160b4809,null), ([Ljava.lang.Class;@149b4d20,null), ([Ljava.lang.Class;@664e848c,null), ([Ljava.lang.Class;@4d93f75b,null), ([Ljava.lang.Class;@114a5e0,null), ([Ljava.lang.Class;@4f281aaf,null), ([Ljava.lang.Class;@5d508d22,null), ([Ljava.lang.Class;@f2b90fc,null), ([Ljava.lang.Class;@2bb41f5c,null), ([Ljava.lang.Class;@24c685e7,null)]}, RegistrationBlock{begin=52, types=[([Ljava.lang.Class;@177926c5,null)]}]}
00:15:10.938 [raft-server-1-state] TRACE io.atomix.utils.serializer.Namespace - class [B registered as 16
00:15:10.938 [raft-server-1-state] TRACE io.atomix.utils.serializer.Namespace - class java.util.concurrent.atomic.AtomicBoolean registered as 17
00:15:10.938 [raft-server-1-state] TRACE io.atomix.utils.serializer.Namespace - class java.util.concurrent.atomic.AtomicInteger registered as 18
00:15:10.938 [raft-server-1-state] TRACE io.atomix.utils.serializer.Namespace - class java.util.concurrent.atomic.AtomicLong registered as 19
00:15:10.938 [raft-server-1-state] TRACE io.atomix.utils.serializer.Namespace - class com.google.common.collect.ImmutableList registered as 20
00:15:10.938 [raft-server-1-state] TRACE io.atomix.utils.serializer.Namespace - class com.google.common.collect.RegularImmutableList registered as 20
00:15:10.938 [raft-server-1-state] TRACE io.atomix.utils.serializer.Namespace - class com.google.common.collect.RegularImmutableList registered as 20
00:15:10.938 [raft-server-1-state] TRACE io.atomix.utils.serializer.Namespace - class com.google.common.collect.ImmutableList$SubList registered as 20
00:15:10.938 [raft-server-1-state] TRACE io.atomix.utils.serializer.Namespace - class com.google.common.collect.ImmutableSet registered as 21
00:15:10.938 [raft-server-1-state] TRACE io.atomix.utils.serializer.Namespace - class com.google.common.collect.RegularImmutableSet registered as 21
00:15:10.938 [raft-server-1-state] TRACE io.atomix.utils.serializer.Namespace - class com.google.common.collect.SingletonImmutableSet registered as 21
00:15:10.938 [raft-server-1-state] TRACE io.atomix.utils.serializer.Namespace - class com.google.common.collect.RegularImmutableSet registered as 21
00:15:10.938 [raft-server-1-state] TRACE io.atomix.utils.serializer.Namespace - class com.google.common.collect.ImmutableMap registered as 22
00:15:10.938 [raft-server-1-state] TRACE io.atomix.utils.serializer.Namespace - class com.google.common.collect.RegularImmutableMap registered as 22
00:15:10.938 [raft-server-1-state] TRACE io.atomix.utils.serializer.Namespace - class com.google.common.collect.RegularImmutableMap registered as 22
00:15:10.938 [raft-server-1-state] TRACE io.atomix.utils.serializer.Namespace - class com.google.common.collect.RegularImmutableMap registered as 22
00:15:10.938 [raft-server-1-state] TRACE io.atomix.utils.serializer.Namespace - class java.util.Collections$UnmodifiableSet registered as 23
00:15:10.938 [raft-server-1-state] TRACE io.atomix.utils.serializer.Namespace - class java.util.HashMap registered as 24
00:15:10.938 [raft-server-1-state] TRACE io.atomix.utils.serializer.Namespace - class java.util.concurrent.ConcurrentHashMap registered as 25
00:15:10.938 [raft-server-1-state] TRACE io.atomix.utils.serializer.Namespace - class java.util.concurrent.CopyOnWriteArraySet registered as 26
00:15:10.938 [raft-server-1-state] TRACE io.atomix.utils.serializer.Namespace - class java.util.ArrayList registered as 27
00:15:10.938 [raft-server-1-state] TRACE io.atomix.utils.serializer.Namespace - class java.util.LinkedList registered as 28
00:15:10.938 [raft-server-1-state] TRACE io.atomix.utils.serializer.Namespace - class java.util.HashSet registered as 29
00:15:10.938 [raft-server-1-state] TRACE io.atomix.utils.serializer.Namespace - class java.util.LinkedHashSet registered as 30
00:15:10.938 [raft-server-1-state] TRACE io.atomix.utils.serializer.Namespace - class com.sun.jmx.remote.internal.ArrayQueue registered as 31
00:15:10.938 [raft-server-1-state] TRACE io.atomix.utils.serializer.Namespace - class java.util.ArrayDeque registered as 32
00:15:10.938 [raft-server-1-state] TRACE io.atomix.utils.serializer.Namespace - class com.google.common.collect.HashMultiset registered as 33
00:15:10.938 [raft-server-1-state] TRACE io.atomix.utils.serializer.Namespace - class com.google.common.collect.Sets registered as 34
00:15:10.938 [raft-server-1-state] TRACE io.atomix.utils.serializer.Namespace - class com.google.common.collect.ImmutableEntry registered as 35
00:15:10.938 [raft-server-1-state] TRACE io.atomix.utils.serializer.Namespace - class java.util.Arrays$ArrayList registered as 36
00:15:10.938 [raft-server-1-state] TRACE io.atomix.utils.serializer.Namespace - class java.util.Collections$SingletonList registered as 37
00:15:10.938 [raft-server-1-state] TRACE io.atomix.utils.serializer.Namespace - class java.time.Duration registered as 38
00:15:10.938 [raft-server-1-state] TRACE io.atomix.utils.serializer.Namespace - class java.util.Collections$EmptySet registered as 39
00:15:10.938 [raft-server-1-state] TRACE io.atomix.utils.serializer.Namespace - class java.util.Optional registered as 40
00:15:10.939 [raft-server-1-state] TRACE io.atomix.utils.serializer.Namespace - class java.util.Collections$EmptyList registered as 41
00:15:10.939 [raft-server-1-state] TRACE io.atomix.utils.serializer.Namespace - class java.util.Collections$SingletonSet registered as 42
00:15:10.939 [raft-server-1-state] TRACE io.atomix.utils.serializer.Namespace - class [I registered as 43
00:15:10.939 [raft-server-1-state] TRACE io.atomix.utils.serializer.Namespace - class [J registered as 44
00:15:10.939 [raft-server-1-state] TRACE io.atomix.utils.serializer.Namespace - class [S registered as 45
00:15:10.939 [raft-server-1-state] TRACE io.atomix.utils.serializer.Namespace - class [D registered as 46
00:15:10.939 [raft-server-1-state] TRACE io.atomix.utils.serializer.Namespace - class [F registered as 47
00:15:10.939 [raft-server-1-state] TRACE io.atomix.utils.serializer.Namespace - class [C registered as 48
00:15:10.939 [raft-server-1-state] TRACE io.atomix.utils.serializer.Namespace - class [Ljava.lang.String; registered as 49
00:15:10.939 [raft-server-1-state] TRACE io.atomix.utils.serializer.Namespace - class [Z registered as 50
00:15:10.939 [raft-server-1-state] TRACE io.atomix.utils.serializer.Namespace - class [Ljava.lang.Object; registered as 51
00:15:10.939 [raft-server-1-state] TRACE io.atomix.utils.serializer.Namespace - class io.atomix.primitive.service.ServiceConfig registered as 52
00:15:10.939 [raft-server-1-state] DEBUG i.a.p.r.service.RaftServiceContext - PrimitiveService{2}{type=io.atomix.protocols.raft.RaftTest$TestPrimitiveType@5c91ef2b, name=raft-test} - Opening session 2
00:15:10.939 [raft-server-1-state] DEBUG i.a.p.raft.session.RaftSession - Session{2}{type=io.atomix.protocols.raft.RaftTest$TestPrimitiveType@5c91ef2b, name=raft-test} - State changed: OPEN
00:15:10.939 [raft-server-1-state] TRACE i.a.protocols.raft.roles.LeaderRole - RaftServer{1}{role=LEADER} - Sending OpenSessionResponse{status=OK, session=2, timeout=5000}
00:15:10.939 [raft-server-3] TRACE i.a.p.raft.roles.FollowerRole - RaftServer{3}{role=FOLLOWER} - Sending OpenSessionResponse{status=OK, session=2, timeout=5000}
00:15:10.939 [raft-client-82530a18-bea6-4e53-b81d-3dd8c76650f9-1] TRACE i.a.p.r.s.impl.RaftSessionConnection - RaftClient{82530a18-bea6-4e53-b81d-3dd8c76650f9} - Received OpenSessionResponse{status=OK, session=2, timeout=5000} from 3
00:15:10.940 [raft-client-82530a18-bea6-4e53-b81d-3dd8c76650f9-0] TRACE i.a.p.r.s.impl.RaftSessionManager - RaftClient{82530a18-bea6-4e53-b81d-3dd8c76650f9} - Keeping 1 sessions alive
00:15:10.940 [raft-client-82530a18-bea6-4e53-b81d-3dd8c76650f9-2] TRACE i.a.p.r.s.impl.RaftSessionConnection - RaftClient{82530a18-bea6-4e53-b81d-3dd8c76650f9} - Sending KeepAliveRequest{sessionIds=long[]{length=1, hash=33}, commandSequences=long[]{length=1, hash=31}, eventIndexes=long[]{length=1, hash=33}} to 3
00:15:10.940 [raft-client-82530a18-bea6-4e53-b81d-3dd8c76650f9-0] DEBUG i.a.p.s.impl.RecoveringSessionClient - SessionClient{2}{type=io.atomix.protocols.raft.RaftTest$TestPrimitiveType@68b11545, name=raft-test} - State changed: CONNECTED
00:15:10.940 [raft-server-3] TRACE i.a.p.raft.roles.FollowerRole - RaftServer{3}{role=FOLLOWER} - Received KeepAliveRequest{sessionIds=long[]{length=1, hash=33}, commandSequences=long[]{length=1, hash=31}, eventIndexes=long[]{length=1, hash=33}}
00:15:10.941 [raft-server-1] TRACE i.a.protocols.raft.roles.LeaderRole - RaftServer{1}{role=LEADER} - Received KeepAliveRequest{sessionIds=long[]{length=1, hash=33}, commandSequences=long[]{length=1, hash=31}, eventIndexes=long[]{length=1, hash=33}}
00:15:10.941 [raft-server-1] TRACE i.a.protocols.raft.roles.LeaderRole - RaftServer{1}{role=LEADER} - Appended Indexed{index=3, entry=KeepAliveEntry{term=1, timestamp=2018-06-11 12:15:10,941, sessionIds=long[]{length=1, hash=33}, commandSequences=long[]{length=1, hash=31}, eventIndexes=long[]{length=1, hash=33}}}
00:15:10.941 [raft-server-1] TRACE i.a.p.raft.roles.LeaderAppender - RaftServer{1} - Sending AppendRequest{term=1, leader=1, prevLogIndex=2, prevLogTerm=1, entries=1, commitIndex=2} to 2
00:15:10.941 [raft-server-2] TRACE i.a.p.raft.roles.FollowerRole - RaftServer{2}{role=FOLLOWER} - Received AppendRequest{term=1, leader=1, prevLogIndex=2, prevLogTerm=1, entries=1, commitIndex=2}
00:15:10.941 [raft-server-1] TRACE i.a.p.raft.roles.LeaderAppender - RaftServer{1} - Sending AppendRequest{term=1, leader=1, prevLogIndex=2, prevLogTerm=1, entries=1, commitIndex=2} to 3
00:15:10.941 [raft-server-3] TRACE i.a.p.raft.roles.FollowerRole - RaftServer{3}{role=FOLLOWER} - Received AppendRequest{term=1, leader=1, prevLogIndex=2, prevLogTerm=1, entries=1, commitIndex=2}
00:15:10.941 [raft-server-2] TRACE i.a.p.raft.roles.FollowerRole - RaftServer{2}{role=FOLLOWER} - Appended Indexed{index=3, entry=KeepAliveEntry{term=1, timestamp=2018-06-11 12:15:10,941, sessionIds=long[]{length=1, hash=33}, commandSequences=long[]{length=1, hash=31}, eventIndexes=long[]{length=1, hash=33}}}
00:15:10.941 [main] TRACE io.atomix.utils.serializer.Namespace - Creating Kryo instance for Namespace{registeredBlocks=[RegistrationBlock{begin=16, types=[([Ljava.lang.Class;@7d0100ea,null), ([Ljava.lang.Class;@357bc488,null), ([Ljava.lang.Class;@4ea17147,null), ([Ljava.lang.Class;@2eda4eeb,null), ([Ljava.lang.Class;@5ba90d8a,io.atomix.utils.serializer.serializers.ImmutableListSerializer@309dcdf3), ([Ljava.lang.Class;@7573b9ee,io.atomix.utils.serializer.serializers.ImmutableSetSerializer@9a20cbd), ([Ljava.lang.Class;@1af4955e,io.atomix.utils.serializer.serializers.ImmutableMapSerializer@445821a6), ([Ljava.lang.Class;@2c0c4c0a,null), ([Ljava.lang.Class;@35d26ad2,null), ([Ljava.lang.Class;@bb25753,null), ([Ljava.lang.Class;@ee21292,null), ([Ljava.lang.Class;@40c06358,null), ([Ljava.lang.Class;@66e21568,null), ([Ljava.lang.Class;@7f73ce28,null), ([Ljava.lang.Class;@611b35d6,null), ([Ljava.lang.Class;@2282400e,null), ([Ljava.lang.Class;@543d5863,null), ([Ljava.lang.Class;@35dece42,null), ([Ljava.lang.Class;@dd3f8aa,null), ([Ljava.lang.Class;@3d615b2e,null), ([Ljava.lang.Class;@3a1f2a1,io.atomix.utils.serializer.serializers.ArraysAsListSerializer@40ce9049), ([Ljava.lang.Class;@52ca2652,null), ([Ljava.lang.Class;@65c5bf0e,null), ([Ljava.lang.Class;@697d6ded,null), ([Ljava.lang.Class;@5d05f453,null), ([Ljava.lang.Class;@5efeb117,null), ([Ljava.lang.Class;@160b4809,null), ([Ljava.lang.Class;@149b4d20,null), ([Ljava.lang.Class;@664e848c,null), ([Ljava.lang.Class;@4d93f75b,null), ([Ljava.lang.Class;@114a5e0,null), ([Ljava.lang.Class;@4f281aaf,null), ([Ljava.lang.Class;@5d508d22,null), ([Ljava.lang.Class;@f2b90fc,null), ([Ljava.lang.Class;@2bb41f5c,null), ([Ljava.lang.Class;@24c685e7,null)]}, RegistrationBlock{begin=52, types=[([Ljava.lang.Class;@7cca31fc,null)]}]}
00:15:10.941 [raft-server-3] TRACE i.a.p.raft.roles.FollowerRole - RaftServer{3}{role=FOLLOWER} - Appended Indexed{index=3, entry=KeepAliveEntry{term=1, timestamp=2018-06-11 12:15:10,941, sessionIds=long[]{length=1, hash=33}, commandSequences=long[]{length=1, hash=31}, eventIndexes=long[]{length=1, hash=33}}}
00:15:10.941 [main] TRACE io.atomix.utils.serializer.Namespace - class [B registered as 16
00:15:10.941 [main] TRACE io.atomix.utils.serializer.Namespace - class java.util.concurrent.atomic.AtomicBoolean registered as 17
00:15:10.941 [main] TRACE io.atomix.utils.serializer.Namespace - class java.util.concurrent.atomic.AtomicInteger registered as 18
00:15:10.941 [main] TRACE io.atomix.utils.serializer.Namespace - class java.util.concurrent.atomic.AtomicLong registered as 19
00:15:10.941 [main] TRACE io.atomix.utils.serializer.Namespace - class com.google.common.collect.ImmutableList registered as 20
00:15:10.942 [main] TRACE io.atomix.utils.serializer.Namespace - class com.google.common.collect.RegularImmutableList registered as 20
00:15:10.942 [main] TRACE io.atomix.utils.serializer.Namespace - class com.google.common.collect.RegularImmutableList registered as 20
00:15:10.942 [main] TRACE io.atomix.utils.serializer.Namespace - class com.google.common.collect.ImmutableList$SubList registered as 20
00:15:10.942 [main] TRACE io.atomix.utils.serializer.Namespace - class com.google.common.collect.ImmutableSet registered as 21
00:15:10.942 [main] TRACE io.atomix.utils.serializer.Namespace - class com.google.common.collect.RegularImmutableSet registered as 21
00:15:10.942 [main] TRACE io.atomix.utils.serializer.Namespace - class com.google.common.collect.SingletonImmutableSet registered as 21
00:15:10.942 [main] TRACE io.atomix.utils.serializer.Namespace - class com.google.common.collect.RegularImmutableSet registered as 21
00:15:10.942 [main] TRACE io.atomix.utils.serializer.Namespace - class com.google.common.collect.ImmutableMap registered as 22
00:15:10.942 [main] TRACE io.atomix.utils.serializer.Namespace - class com.google.common.collect.RegularImmutableMap registered as 22
00:15:10.942 [main] TRACE io.atomix.utils.serializer.Namespace - class com.google.common.collect.RegularImmutableMap registered as 22
00:15:10.942 [main] TRACE io.atomix.utils.serializer.Namespace - class com.google.common.collect.RegularImmutableMap registered as 22
00:15:10.942 [main] TRACE io.atomix.utils.serializer.Namespace - class java.util.Collections$UnmodifiableSet registered as 23
00:15:10.942 [main] TRACE io.atomix.utils.serializer.Namespace - class java.util.HashMap registered as 24
00:15:10.942 [main] TRACE io.atomix.utils.serializer.Namespace - class java.util.concurrent.ConcurrentHashMap registered as 25
00:15:10.942 [main] TRACE io.atomix.utils.serializer.Namespace - class java.util.concurrent.CopyOnWriteArraySet registered as 26
00:15:10.942 [main] TRACE io.atomix.utils.serializer.Namespace - class java.util.ArrayList registered as 27
00:15:10.942 [main] TRACE io.atomix.utils.serializer.Namespace - class java.util.LinkedList registered as 28
00:15:10.942 [main] TRACE io.atomix.utils.serializer.Namespace - class java.util.HashSet registered as 29
00:15:10.942 [main] TRACE io.atomix.utils.serializer.Namespace - class java.util.LinkedHashSet registered as 30
00:15:10.942 [main] TRACE io.atomix.utils.serializer.Namespace - class com.sun.jmx.remote.internal.ArrayQueue registered as 31
00:15:10.942 [main] TRACE io.atomix.utils.serializer.Namespace - class java.util.ArrayDeque registered as 32
00:15:10.942 [main] TRACE io.atomix.utils.serializer.Namespace - class com.google.common.collect.HashMultiset registered as 33
00:15:10.943 [main] TRACE io.atomix.utils.serializer.Namespace - class com.google.common.collect.Sets registered as 34
00:15:10.943 [main] TRACE io.atomix.utils.serializer.Namespace - class com.google.common.collect.ImmutableEntry registered as 35
00:15:10.943 [main] TRACE io.atomix.utils.serializer.Namespace - class java.util.Arrays$ArrayList registered as 36
00:15:10.943 [main] TRACE io.atomix.utils.serializer.Namespace - class java.util.Collections$SingletonList registered as 37
00:15:10.943 [main] TRACE io.atomix.utils.serializer.Namespace - class java.time.Duration registered as 38
00:15:10.943 [main] TRACE io.atomix.utils.serializer.Namespace - class java.util.Collections$EmptySet registered as 39
00:15:10.943 [main] TRACE io.atomix.utils.serializer.Namespace - class java.util.Optional registered as 40
00:15:10.943 [main] TRACE io.atomix.utils.serializer.Namespace - class java.util.Collections$EmptyList registered as 41
00:15:10.943 [main] TRACE io.atomix.utils.serializer.Namespace - class java.util.Collections$SingletonSet registered as 42
00:15:10.943 [main] TRACE io.atomix.utils.serializer.Namespace - class [I registered as 43
00:15:10.943 [main] TRACE io.atomix.utils.serializer.Namespace - class [J registered as 44
00:15:10.943 [main] TRACE io.atomix.utils.serializer.Namespace - class [S registered as 45
00:15:10.943 [main] TRACE io.atomix.utils.serializer.Namespace - class [D registered as 46
00:15:10.943 [main] TRACE io.atomix.utils.serializer.Namespace - class [F registered as 47
00:15:10.943 [main] TRACE io.atomix.utils.serializer.Namespace - class [C registered as 48
00:15:10.943 [main] TRACE io.atomix.utils.serializer.Namespace - class [Ljava.lang.String; registered as 49
00:15:10.944 [main] TRACE io.atomix.utils.serializer.Namespace - class [Z registered as 50
00:15:10.944 [main] TRACE io.atomix.utils.serializer.Namespace - class [Ljava.lang.Object; registered as 51
00:15:10.944 [main] TRACE io.atomix.utils.serializer.Namespace - class io.atomix.primitive.service.ServiceConfig registered as 52
00:15:10.945 [raft-client-82530a18-bea6-4e53-b81d-3dd8c76650f9-4] TRACE i.a.p.r.s.impl.RaftSessionConnection - SessionClient{2}{type=io.atomix.protocols.raft.RaftTest$TestPrimitiveType@68b11545, name=raft-test} - Sending CommandRequest{session=2, sequence=1, operation=PrimitiveOperation{id=DefaultOperationId{id=write, type=COMMAND}, value=byte[]{length=17, hash=-1644578928}}} to 3
00:15:11.009 [raft-server-2] TRACE i.a.p.raft.roles.FollowerRole - RaftServer{2}{role=FOLLOWER} - Committed entries up to index 2
00:15:11.009 [raft-server-3] TRACE i.a.p.raft.roles.FollowerRole - RaftServer{3}{role=FOLLOWER} - Committed entries up to index 2
00:15:11.009 [raft-server-2] TRACE i.a.p.raft.roles.FollowerRole - RaftServer{2}{role=FOLLOWER} - Sending AppendResponse{status=OK, term=1, succeeded=true, lastLogIndex=3}
00:15:11.009 [raft-server-3] TRACE i.a.p.raft.roles.FollowerRole - RaftServer{3}{role=FOLLOWER} - Sending AppendResponse{status=OK, term=1, succeeded=true, lastLogIndex=3}
00:15:11.009 [raft-server-3] TRACE i.a.p.raft.roles.FollowerRole - RaftServer{3}{role=FOLLOWER} - Received CommandRequest{session=2, sequence=1, operation=PrimitiveOperation{id=DefaultOperationId{id=write, type=COMMAND}, value=byte[]{length=17, hash=-1644578928}}}
00:15:11.009 [raft-server-1] TRACE i.a.p.raft.roles.LeaderAppender - RaftServer{1} - Received AppendResponse{status=OK, term=1, succeeded=true, lastLogIndex=3} from 2
00:15:11.009 [raft-server-2-state] TRACE i.a.p.raft.impl.RaftServiceManager - RaftServer{2} - Applying Indexed{index=2, entry=OpenSessionEntry{term=1, timestamp=2018-06-11 12:15:10,899, node=4, serviceName=raft-test, serviceType=raft-test, serviceConfig=byte[]{length=2, hash=2636}, readConsistency=LINEARIZABLE, minTimeout=250, maxTimeout=5000}}
00:15:11.009 [raft-server-1] TRACE i.a.p.raft.roles.LeaderAppender - RaftServer{1} - Committed entries up to 3
00:15:11.009 [raft-server-3-state] TRACE i.a.p.raft.impl.RaftServiceManager - RaftServer{3} - Applying Indexed{index=2, entry=OpenSessionEntry{term=1, timestamp=2018-06-11 12:15:10,899, node=4, serviceName=raft-test, serviceType=raft-test, serviceConfig=byte[]{length=2, hash=2636}, readConsistency=LINEARIZABLE, minTimeout=250, maxTimeout=5000}}
00:15:11.009 [raft-server-2-state] TRACE io.atomix.utils.serializer.Namespace - Creating Kryo instance for Namespace{registeredBlocks=[RegistrationBlock{begin=16, types=[([Ljava.lang.Class;@7d0100ea,null), ([Ljava.lang.Class;@357bc488,null), ([Ljava.lang.Class;@4ea17147,null), ([Ljava.lang.Class;@2eda4eeb,null), ([Ljava.lang.Class;@5ba90d8a,io.atomix.utils.serializer.serializers.ImmutableListSerializer@309dcdf3), ([Ljava.lang.Class;@7573b9ee,io.atomix.utils.serializer.serializers.ImmutableSetSerializer@9a20cbd), ([Ljava.lang.Class;@1af4955e,io.atomix.utils.serializer.serializers.ImmutableMapSerializer@445821a6), ([Ljava.lang.Class;@2c0c4c0a,null), ([Ljava.lang.Class;@35d26ad2,null), ([Ljava.lang.Class;@bb25753,null), ([Ljava.lang.Class;@ee21292,null), ([Ljava.lang.Class;@40c06358,null), ([Ljava.lang.Class;@66e21568,null), ([Ljava.lang.Class;@7f73ce28,null), ([Ljava.lang.Class;@611b35d6,null), ([Ljava.lang.Class;@2282400e,null), ([Ljava.lang.Class;@543d5863,null), ([Ljava.lang.Class;@35dece42,null), ([Ljava.lang.Class;@dd3f8aa,null), ([Ljava.lang.Class;@3d615b2e,null), ([Ljava.lang.Class;@3a1f2a1,io.atomix.utils.serializer.serializers.ArraysAsListSerializer@40ce9049), ([Ljava.lang.Class;@52ca2652,null), ([Ljava.lang.Class;@65c5bf0e,null), ([Ljava.lang.Class;@697d6ded,null), ([Ljava.lang.Class;@5d05f453,null), ([Ljava.lang.Class;@5efeb117,null), ([Ljava.lang.Class;@160b4809,null), ([Ljava.lang.Class;@149b4d20,null), ([Ljava.lang.Class;@664e848c,null), ([Ljava.lang.Class;@4d93f75b,null), ([Ljava.lang.Class;@114a5e0,null), ([Ljava.lang.Class;@4f281aaf,null), ([Ljava.lang.Class;@5d508d22,null), ([Ljava.lang.Class;@f2b90fc,null), ([Ljava.lang.Class;@2bb41f5c,null), ([Ljava.lang.Class;@24c685e7,null)]}, RegistrationBlock{begin=52, types=[([Ljava.lang.Class;@4b0b9a1b,null)]}]}
00:15:11.009 [raft-server-3-state] TRACE io.atomix.utils.serializer.Namespace - Creating Kryo instance for Namespace{registeredBlocks=[RegistrationBlock{begin=16, types=[([Ljava.lang.Class;@7d0100ea,null), ([Ljava.lang.Class;@357bc488,null), ([Ljava.lang.Class;@4ea17147,null), ([Ljava.lang.Class;@2eda4eeb,null), ([Ljava.lang.Class;@5ba90d8a,io.atomix.utils.serializer.serializers.ImmutableListSerializer@309dcdf3), ([Ljava.lang.Class;@7573b9ee,io.atomix.utils.serializer.serializers.ImmutableSetSerializer@9a20cbd), ([Ljava.lang.Class;@1af4955e,io.atomix.utils.serializer.serializers.ImmutableMapSerializer@445821a6), ([Ljava.lang.Class;@2c0c4c0a,null), ([Ljava.lang.Class;@35d26ad2,null), ([Ljava.lang.Class;@bb25753,null), ([Ljava.lang.Class;@ee21292,null), ([Ljava.lang.Class;@40c06358,null), ([Ljava.lang.Class;@66e21568,null), ([Ljava.lang.Class;@7f73ce28,null), ([Ljava.lang.Class;@611b35d6,null), ([Ljava.lang.Class;@2282400e,null), ([Ljava.lang.Class;@543d5863,null), ([Ljava.lang.Class;@35dece42,null), ([Ljava.lang.Class;@dd3f8aa,null), ([Ljava.lang.Class;@3d615b2e,null), ([Ljava.lang.Class;@3a1f2a1,io.atomix.utils.serializer.serializers.ArraysAsListSerializer@40ce9049), ([Ljava.lang.Class;@52ca2652,null), ([Ljava.lang.Class;@65c5bf0e,null), ([Ljava.lang.Class;@697d6ded,null), ([Ljava.lang.Class;@5d05f453,null), ([Ljava.lang.Class;@5efeb117,null), ([Ljava.lang.Class;@160b4809,null), ([Ljava.lang.Class;@149b4d20,null), ([Ljava.lang.Class;@664e848c,null), ([Ljava.lang.Class;@4d93f75b,null), ([Ljava.lang.Class;@114a5e0,null), ([Ljava.lang.Class;@4f281aaf,null), ([Ljava.lang.Class;@5d508d22,null), ([Ljava.lang.Class;@f2b90fc,null), ([Ljava.lang.Class;@2bb41f5c,null), ([Ljava.lang.Class;@24c685e7,null)]}, RegistrationBlock{begin=52, types=[([Ljava.lang.Class;@75e0c81c,null)]}]}
00:15:11.009 [raft-server-2-state] TRACE io.atomix.utils.serializer.Namespace - class [B registered as 16
00:15:11.009 [raft-server-3-state] TRACE io.atomix.utils.serializer.Namespace - class [B registered as 16
00:15:11.009 [raft-server-2-state] TRACE io.atomix.utils.serializer.Namespace - class java.util.concurrent.atomic.AtomicBoolean registered as 17
00:15:11.009 [raft-server-3-state] TRACE io.atomix.utils.serializer.Namespace - class java.util.concurrent.atomic.AtomicBoolean registered as 17
00:15:11.009 [raft-server-2-state] TRACE io.atomix.utils.serializer.Namespace - class java.util.concurrent.atomic.AtomicInteger registered as 18
00:15:11.009 [raft-server-3-state] TRACE io.atomix.utils.serializer.Namespace - class java.util.concurrent.atomic.AtomicInteger registered as 18
00:15:11.009 [raft-server-2-state] TRACE io.atomix.utils.serializer.Namespace - class java.util.concurrent.atomic.AtomicLong registered as 19
00:15:11.009 [raft-server-3-state] TRACE io.atomix.utils.serializer.Namespace - class java.util.concurrent.atomic.AtomicLong registered as 19
00:15:11.009 [raft-server-2-state] TRACE io.atomix.utils.serializer.Namespace - class com.google.common.collect.ImmutableList registered as 20
00:15:11.010 [raft-server-3-state] TRACE io.atomix.utils.serializer.Namespace - class com.google.common.collect.ImmutableList registered as 20
00:15:11.010 [raft-server-2-state] TRACE io.atomix.utils.serializer.Namespace - class com.google.common.collect.RegularImmutableList registered as 20
00:15:11.010 [raft-server-3-state] TRACE io.atomix.utils.serializer.Namespace - class com.google.common.collect.RegularImmutableList registered as 20
00:15:11.010 [raft-server-2-state] TRACE io.atomix.utils.serializer.Namespace - class com.google.common.collect.RegularImmutableList registered as 20
00:15:11.010 [raft-server-3-state] TRACE io.atomix.utils.serializer.Namespace - class com.google.common.collect.RegularImmutableList registered as 20
00:15:11.010 [raft-server-2-state] TRACE io.atomix.utils.serializer.Namespace - class com.google.common.collect.ImmutableList$SubList registered as 20
00:15:11.010 [raft-server-3-state] TRACE io.atomix.utils.serializer.Namespace - class com.google.common.collect.ImmutableList$SubList registered as 20
00:15:11.010 [raft-server-2-state] TRACE io.atomix.utils.serializer.Namespace - class com.google.common.collect.ImmutableSet registered as 21
00:15:11.010 [raft-server-3-state] TRACE io.atomix.utils.serializer.Namespace - class com.google.common.collect.ImmutableSet registered as 21
00:15:11.010 [raft-server-2-state] TRACE io.atomix.utils.serializer.Namespace - class com.google.common.collect.RegularImmutableSet registered as 21
00:15:11.010 [raft-server-3-state] TRACE io.atomix.utils.serializer.Namespace - class com.google.common.collect.RegularImmutableSet registered as 21
00:15:11.010 [raft-server-2-state] TRACE io.atomix.utils.serializer.Namespace - class com.google.common.collect.SingletonImmutableSet registered as 21
00:15:11.010 [raft-server-3-state] TRACE io.atomix.utils.serializer.Namespace - class com.google.common.collect.SingletonImmutableSet registered as 21
00:15:11.010 [raft-server-2-state] TRACE io.atomix.utils.serializer.Namespace - class com.google.common.collect.RegularImmutableSet registered as 21
00:15:11.010 [raft-server-3-state] TRACE io.atomix.utils.serializer.Namespace - class com.google.common.collect.RegularImmutableSet registered as 21
00:15:11.010 [raft-server-2-state] TRACE io.atomix.utils.serializer.Namespace - class com.google.common.collect.ImmutableMap registered as 22
00:15:11.010 [raft-server-3-state] TRACE io.atomix.utils.serializer.Namespace - class com.google.common.collect.ImmutableMap registered as 22
00:15:11.010 [raft-server-2-state] TRACE io.atomix.utils.serializer.Namespace - class com.google.common.collect.RegularImmutableMap registered as 22
00:15:11.010 [raft-server-3-state] TRACE io.atomix.utils.serializer.Namespace - class com.google.common.collect.RegularImmutableMap registered as 22
00:15:11.010 [raft-server-2-state] TRACE io.atomix.utils.serializer.Namespace - class com.google.common.collect.RegularImmutableMap registered as 22
00:15:11.010 [raft-server-3-state] TRACE io.atomix.utils.serializer.Namespace - class com.google.common.collect.RegularImmutableMap registered as 22
00:15:11.010 [raft-server-2-state] TRACE io.atomix.utils.serializer.Namespace - class com.google.common.collect.RegularImmutableMap registered as 22
00:15:11.010 [raft-server-3-state] TRACE io.atomix.utils.serializer.Namespace - class com.google.common.collect.RegularImmutableMap registered as 22
00:15:11.010 [raft-server-2-state] TRACE io.atomix.utils.serializer.Namespace - class java.util.Collections$UnmodifiableSet registered as 23
00:15:11.010 [raft-server-3-state] TRACE io.atomix.utils.serializer.Namespace - class java.util.Collections$UnmodifiableSet registered as 23
00:15:11.010 [raft-server-2-state] TRACE io.atomix.utils.serializer.Namespace - class java.util.HashMap registered as 24
00:15:11.010 [raft-server-3-state] TRACE io.atomix.utils.serializer.Namespace - class java.util.HashMap registered as 24
00:15:11.010 [raft-server-2-state] TRACE io.atomix.utils.serializer.Namespace - class java.util.concurrent.ConcurrentHashMap registered as 25
00:15:11.010 [raft-server-3-state] TRACE io.atomix.utils.serializer.Namespace - class java.util.concurrent.ConcurrentHashMap registered as 25
00:15:11.010 [raft-server-2-state] TRACE io.atomix.utils.serializer.Namespace - class java.util.concurrent.CopyOnWriteArraySet registered as 26
00:15:11.010 [raft-server-3-state] TRACE io.atomix.utils.serializer.Namespace - class java.util.concurrent.CopyOnWriteArraySet registered as 26
00:15:11.010 [raft-server-2-state] TRACE io.atomix.utils.serializer.Namespace - class java.util.ArrayList registered as 27
00:15:11.011 [raft-server-3-state] TRACE io.atomix.utils.serializer.Namespace - class java.util.ArrayList registered as 27
00:15:11.011 [raft-server-2-state] TRACE io.atomix.utils.serializer.Namespace - class java.util.LinkedList registered as 28
00:15:11.011 [raft-server-3-state] TRACE io.atomix.utils.serializer.Namespace - class java.util.LinkedList registered as 28
00:15:11.011 [raft-server-2-state] TRACE io.atomix.utils.serializer.Namespace - class java.util.HashSet registered as 29
00:15:11.011 [raft-server-3-state] TRACE io.atomix.utils.serializer.Namespace - class java.util.HashSet registered as 29
00:15:11.011 [raft-server-2-state] TRACE io.atomix.utils.serializer.Namespace - class java.util.LinkedHashSet registered as 30
00:15:11.011 [raft-server-3-state] TRACE io.atomix.utils.serializer.Namespace - class java.util.LinkedHashSet registered as 30
00:15:11.011 [raft-server-2-state] TRACE io.atomix.utils.serializer.Namespace - class com.sun.jmx.remote.internal.ArrayQueue registered as 31
00:15:11.011 [raft-server-3-state] TRACE io.atomix.utils.serializer.Namespace - class com.sun.jmx.remote.internal.ArrayQueue registered as 31
00:15:11.011 [raft-server-2-state] TRACE io.atomix.utils.serializer.Namespace - class java.util.ArrayDeque registered as 32
00:15:11.011 [raft-server-3-state] TRACE io.atomix.utils.serializer.Namespace - class java.util.ArrayDeque registered as 32
00:15:11.011 [raft-server-2-state] TRACE io.atomix.utils.serializer.Namespace - class com.google.common.collect.HashMultiset registered as 33
00:15:11.011 [raft-server-3-state] TRACE io.atomix.utils.serializer.Namespace - class com.google.common.collect.HashMultiset registered as 33
00:15:11.011 [raft-server-2-state] TRACE io.atomix.utils.serializer.Namespace - class com.google.common.collect.Sets registered as 34
00:15:11.011 [raft-server-3-state] TRACE io.atomix.utils.serializer.Namespace - class com.google.common.collect.Sets registered as 34
00:15:11.011 [raft-server-2-state] TRACE io.atomix.utils.serializer.Namespace - class com.google.common.collect.ImmutableEntry registered as 35
00:15:11.011 [raft-server-3-state] TRACE io.atomix.utils.serializer.Namespace - class com.google.common.collect.ImmutableEntry registered as 35
00:15:11.011 [raft-server-2-state] TRACE io.atomix.utils.serializer.Namespace - class java.util.Arrays$ArrayList registered as 36
00:15:11.011 [raft-server-3-state] TRACE io.atomix.utils.serializer.Namespace - class java.util.Arrays$ArrayList registered as 36
00:15:11.011 [raft-server-2-state] TRACE io.atomix.utils.serializer.Namespace - class java.util.Collections$SingletonList registered as 37
00:15:11.011 [raft-server-2-state] TRACE io.atomix.utils.serializer.Namespace - class java.time.Duration registered as 38
00:15:11.011 [raft-server-3-state] TRACE io.atomix.utils.serializer.Namespace - class java.util.Collections$SingletonList registered as 37
00:15:11.011 [raft-server-3-state] TRACE io.atomix.utils.serializer.Namespace - class java.time.Duration registered as 38
00:15:11.011 [raft-server-2-state] TRACE io.atomix.utils.serializer.Namespace - class java.util.Collections$EmptySet registered as 39
00:15:11.011 [raft-server-3-state] TRACE io.atomix.utils.serializer.Namespace - class java.util.Collections$EmptySet registered as 39
00:15:11.011 [raft-server-2-state] TRACE io.atomix.utils.serializer.Namespace - class java.util.Optional registered as 40
00:15:11.011 [raft-server-3-state] TRACE io.atomix.utils.serializer.Namespace - class java.util.Optional registered as 40
00:15:11.011 [raft-server-2-state] TRACE io.atomix.utils.serializer.Namespace - class java.util.Collections$EmptyList registered as 41
00:15:11.011 [raft-server-3-state] TRACE io.atomix.utils.serializer.Namespace - class java.util.Collections$EmptyList registered as 41
00:15:11.011 [raft-server-2-state] TRACE io.atomix.utils.serializer.Namespace - class java.util.Collections$SingletonSet registered as 42
00:15:11.011 [raft-server-3-state] TRACE io.atomix.utils.serializer.Namespace - class java.util.Collections$SingletonSet registered as 42
00:15:11.011 [raft-server-2-state] TRACE io.atomix.utils.serializer.Namespace - class [I registered as 43
00:15:11.011 [raft-server-3-state] TRACE io.atomix.utils.serializer.Namespace - class [I registered as 43
00:15:11.011 [raft-server-2-state] TRACE io.atomix.utils.serializer.Namespace - class [J registered as 44
00:15:11.011 [raft-server-3-state] TRACE io.atomix.utils.serializer.Namespace - class [J registered as 44
00:15:11.011 [raft-server-2-state] TRACE io.atomix.utils.serializer.Namespace - class [S registered as 45
00:15:11.011 [raft-server-3-state] TRACE io.atomix.utils.serializer.Namespace - class [S registered as 45
00:15:11.011 [raft-server-2-state] TRACE io.atomix.utils.serializer.Namespace - class [D registered as 46
00:15:11.011 [raft-server-3-state] TRACE io.atomix.utils.serializer.Namespace - class [D registered as 46
00:15:11.011 [raft-server-2-state] TRACE io.atomix.utils.serializer.Namespace - class [F registered as 47
00:15:11.012 [raft-server-3-state] TRACE io.atomix.utils.serializer.Namespace - class [F registered as 47
00:15:11.012 [raft-server-2-state] TRACE io.atomix.utils.serializer.Namespace - class [C registered as 48
00:15:11.012 [raft-server-3-state] TRACE io.atomix.utils.serializer.Namespace - class [C registered as 48
00:15:11.012 [raft-server-2-state] TRACE io.atomix.utils.serializer.Namespace - class [Ljava.lang.String; registered as 49
00:15:11.012 [raft-server-3-state] TRACE io.atomix.utils.serializer.Namespace - class [Ljava.lang.String; registered as 49
00:15:11.012 [raft-server-2-state] TRACE io.atomix.utils.serializer.Namespace - class [Z registered as 50
00:15:11.012 [raft-server-3-state] TRACE io.atomix.utils.serializer.Namespace - class [Z registered as 50
00:15:11.012 [raft-server-2-state] TRACE io.atomix.utils.serializer.Namespace - class [Ljava.lang.Object; registered as 51
00:15:11.012 [raft-server-3-state] TRACE io.atomix.utils.serializer.Namespace - class [Ljava.lang.Object; registered as 51
00:15:11.012 [raft-server-2-state] TRACE io.atomix.utils.serializer.Namespace - class io.atomix.primitive.service.ServiceConfig registered as 52
00:15:11.012 [raft-server-3-state] TRACE io.atomix.utils.serializer.Namespace - class io.atomix.primitive.service.ServiceConfig registered as 52
00:15:11.012 [raft-server-2-state] TRACE io.atomix.utils.serializer.Namespace - Creating Kryo instance for Namespace{registeredBlocks=[RegistrationBlock{begin=16, types=[([Ljava.lang.Class;@7d0100ea,null), ([Ljava.lang.Class;@357bc488,null), ([Ljava.lang.Class;@4ea17147,null), ([Ljava.lang.Class;@2eda4eeb,null), ([Ljava.lang.Class;@5ba90d8a,io.atomix.utils.serializer.serializers.ImmutableListSerializer@309dcdf3), ([Ljava.lang.Class;@7573b9ee,io.atomix.utils.serializer.serializers.ImmutableSetSerializer@9a20cbd), ([Ljava.lang.Class;@1af4955e,io.atomix.utils.serializer.serializers.ImmutableMapSerializer@445821a6), ([Ljava.lang.Class;@2c0c4c0a,null), ([Ljava.lang.Class;@35d26ad2,null), ([Ljava.lang.Class;@bb25753,null), ([Ljava.lang.Class;@ee21292,null), ([Ljava.lang.Class;@40c06358,null), ([Ljava.lang.Class;@66e21568,null), ([Ljava.lang.Class;@7f73ce28,null), ([Ljava.lang.Class;@611b35d6,null), ([Ljava.lang.Class;@2282400e,null), ([Ljava.lang.Class;@543d5863,null), ([Ljava.lang.Class;@35dece42,null), ([Ljava.lang.Class;@dd3f8aa,null), ([Ljava.lang.Class;@3d615b2e,null), ([Ljava.lang.Class;@3a1f2a1,io.atomix.utils.serializer.serializers.ArraysAsListSerializer@40ce9049), ([Ljava.lang.Class;@52ca2652,null), ([Ljava.lang.Class;@65c5bf0e,null), ([Ljava.lang.Class;@697d6ded,null), ([Ljava.lang.Class;@5d05f453,null), ([Ljava.lang.Class;@5efeb117,null), ([Ljava.lang.Class;@160b4809,null), ([Ljava.lang.Class;@149b4d20,null), ([Ljava.lang.Class;@664e848c,null), ([Ljava.lang.Class;@4d93f75b,null), ([Ljava.lang.Class;@114a5e0,null), ([Ljava.lang.Class;@4f281aaf,null), ([Ljava.lang.Class;@5d508d22,null), ([Ljava.lang.Class;@f2b90fc,null), ([Ljava.lang.Class;@2bb41f5c,null), ([Ljava.lang.Class;@24c685e7,null)]}, RegistrationBlock{begin=52, types=[([Ljava.lang.Class;@45cc6d0a,null)]}]}
00:15:11.012 [raft-server-3-state] TRACE io.atomix.utils.serializer.Namespace - Creating Kryo instance for Namespace{registeredBlocks=[RegistrationBlock{begin=16, types=[([Ljava.lang.Class;@7d0100ea,null), ([Ljava.lang.Class;@357bc488,null), ([Ljava.lang.Class;@4ea17147,null), ([Ljava.lang.Class;@2eda4eeb,null), ([Ljava.lang.Class;@5ba90d8a,io.atomix.utils.serializer.serializers.ImmutableListSerializer@309dcdf3), ([Ljava.lang.Class;@7573b9ee,io.atomix.utils.serializer.serializers.ImmutableSetSerializer@9a20cbd), ([Ljava.lang.Class;@1af4955e,io.atomix.utils.serializer.serializers.ImmutableMapSerializer@445821a6), ([Ljava.lang.Class;@2c0c4c0a,null), ([Ljava.lang.Class;@35d26ad2,null), ([Ljava.lang.Class;@bb25753,null), ([Ljava.lang.Class;@ee21292,null), ([Ljava.lang.Class;@40c06358,null), ([Ljava.lang.Class;@66e21568,null), ([Ljava.lang.Class;@7f73ce28,null), ([Ljava.lang.Class;@611b35d6,null), ([Ljava.lang.Class;@2282400e,null), ([Ljava.lang.Class;@543d5863,null), ([Ljava.lang.Class;@35dece42,null), ([Ljava.lang.Class;@dd3f8aa,null), ([Ljava.lang.Class;@3d615b2e,null), ([Ljava.lang.Class;@3a1f2a1,io.atomix.utils.serializer.serializers.ArraysAsListSerializer@40ce9049), ([Ljava.lang.Class;@52ca2652,null), ([Ljava.lang.Class;@65c5bf0e,null), ([Ljava.lang.Class;@697d6ded,null), ([Ljava.lang.Class;@5d05f453,null), ([Ljava.lang.Class;@5efeb117,null), ([Ljava.lang.Class;@160b4809,null), ([Ljava.lang.Class;@149b4d20,null), ([Ljava.lang.Class;@664e848c,null), ([Ljava.lang.Class;@4d93f75b,null), ([Ljava.lang.Class;@114a5e0,null), ([Ljava.lang.Class;@4f281aaf,null), ([Ljava.lang.Class;@5d508d22,null), ([Ljava.lang.Class;@f2b90fc,null), ([Ljava.lang.Class;@2bb41f5c,null), ([Ljava.lang.Class;@24c685e7,null)]}, RegistrationBlock{begin=52, types=[([Ljava.lang.Class;@7b2738d0,null)]}]}
00:15:11.012 [raft-server-2-state] TRACE io.atomix.utils.serializer.Namespace - class [B registered as 16
00:15:11.012 [raft-server-2-state] TRACE io.atomix.utils.serializer.Namespace - class java.util.concurrent.atomic.AtomicBoolean registered as 17
00:15:11.012 [raft-server-3-state] TRACE io.atomix.utils.serializer.Namespace - class [B registered as 16
00:15:11.012 [raft-server-2-state] TRACE io.atomix.utils.serializer.Namespace - class java.util.concurrent.atomic.AtomicInteger registered as 18
00:15:11.012 [raft-server-3-state] TRACE io.atomix.utils.serializer.Namespace - class java.util.concurrent.atomic.AtomicBoolean registered as 17
00:15:11.012 [raft-server-2-state] TRACE io.atomix.utils.serializer.Namespace - class java.util.concurrent.atomic.AtomicLong registered as 19
00:15:11.012 [raft-server-3-state] TRACE io.atomix.utils.serializer.Namespace - class java.util.concurrent.atomic.AtomicInteger registered as 18
00:15:11.012 [raft-server-2-state] TRACE io.atomix.utils.serializer.Namespace - class com.google.common.collect.ImmutableList registered as 20
00:15:11.012 [raft-server-3-state] TRACE io.atomix.utils.serializer.Namespace - class java.util.concurrent.atomic.AtomicLong registered as 19
00:15:11.012 [raft-server-2-state] TRACE io.atomix.utils.serializer.Namespace - class com.google.common.collect.RegularImmutableList registered as 20
00:15:11.012 [raft-server-3-state] TRACE io.atomix.utils.serializer.Namespace - class com.google.common.collect.ImmutableList registered as 20
00:15:11.012 [raft-server-2-state] TRACE io.atomix.utils.serializer.Namespace - class com.google.common.collect.RegularImmutableList registered as 20
00:15:11.012 [raft-server-3-state] TRACE io.atomix.utils.serializer.Namespace - class com.google.common.collect.RegularImmutableList registered as 20
00:15:11.012 [raft-server-2-state] TRACE io.atomix.utils.serializer.Namespace - class com.google.common.collect.ImmutableList$SubList registered as 20
00:15:11.012 [raft-server-3-state] TRACE io.atomix.utils.serializer.Namespace - class com.google.common.collect.RegularImmutableList registered as 20
00:15:11.012 [raft-server-2-state] TRACE io.atomix.utils.serializer.Namespace - class com.google.common.collect.ImmutableSet registered as 21
00:15:11.012 [raft-server-3-state] TRACE io.atomix.utils.serializer.Namespace - class com.google.common.collect.ImmutableList$SubList registered as 20
00:15:11.013 [raft-server-2-state] TRACE io.atomix.utils.serializer.Namespace - class com.google.common.collect.RegularImmutableSet registered as 21
00:15:11.013 [raft-server-3-state] TRACE io.atomix.utils.serializer.Namespace - class com.google.common.collect.ImmutableSet registered as 21
00:15:11.013 [raft-server-2-state] TRACE io.atomix.utils.serializer.Namespace - class com.google.common.collect.SingletonImmutableSet registered as 21
00:15:11.013 [raft-server-3-state] TRACE io.atomix.utils.serializer.Namespace - class com.google.common.collect.RegularImmutableSet registered as 21
00:15:11.013 [raft-server-2-state] TRACE io.atomix.utils.serializer.Namespace - class com.google.common.collect.RegularImmutableSet registered as 21
00:15:11.013 [raft-server-3-state] TRACE io.atomix.utils.serializer.Namespace - class com.google.common.collect.SingletonImmutableSet registered as 21
00:15:11.013 [raft-server-2-state] TRACE io.atomix.utils.serializer.Namespace - class com.google.common.collect.ImmutableMap registered as 22
00:15:11.013 [raft-server-3-state] TRACE io.atomix.utils.serializer.Namespace - class com.google.common.collect.RegularImmutableSet registered as 21
00:15:11.013 [raft-server-2-state] TRACE io.atomix.utils.serializer.Namespace - class com.google.common.collect.RegularImmutableMap registered as 22
00:15:11.013 [raft-server-3-state] TRACE io.atomix.utils.serializer.Namespace - class com.google.common.collect.ImmutableMap registered as 22
00:15:11.013 [raft-server-2-state] TRACE io.atomix.utils.serializer.Namespace - class com.google.common.collect.RegularImmutableMap registered as 22
00:15:11.013 [raft-server-3-state] TRACE io.atomix.utils.serializer.Namespace - class com.google.common.collect.RegularImmutableMap registered as 22
00:15:11.013 [raft-server-2-state] TRACE io.atomix.utils.serializer.Namespace - class com.google.common.collect.RegularImmutableMap registered as 22
00:15:11.013 [raft-server-3-state] TRACE io.atomix.utils.serializer.Namespace - class com.google.common.collect.RegularImmutableMap registered as 22
00:15:11.013 [raft-server-3-state] TRACE io.atomix.utils.serializer.Namespace - class com.google.common.collect.RegularImmutableMap registered as 22
00:15:11.013 [raft-server-2-state] TRACE io.atomix.utils.serializer.Namespace - class java.util.Collections$UnmodifiableSet registered as 23
00:15:11.013 [raft-server-3-state] TRACE io.atomix.utils.serializer.Namespace - class java.util.Collections$UnmodifiableSet registered as 23
00:15:11.013 [raft-server-2-state] TRACE io.atomix.utils.serializer.Namespace - class java.util.HashMap registered as 24
00:15:11.013 [raft-server-3-state] TRACE io.atomix.utils.serializer.Namespace - class java.util.HashMap registered as 24
00:15:11.013 [raft-server-2-state] TRACE io.atomix.utils.serializer.Namespace - class java.util.concurrent.ConcurrentHashMap registered as 25
00:15:11.013 [raft-server-3-state] TRACE io.atomix.utils.serializer.Namespace - class java.util.concurrent.ConcurrentHashMap registered as 25
00:15:11.013 [raft-server-2-state] TRACE io.atomix.utils.serializer.Namespace - class java.util.concurrent.CopyOnWriteArraySet registered as 26
00:15:11.013 [raft-server-3-state] TRACE io.atomix.utils.serializer.Namespace - class java.util.concurrent.CopyOnWriteArraySet registered as 26
00:15:11.013 [raft-server-2-state] TRACE io.atomix.utils.serializer.Namespace - class java.util.ArrayList registered as 27
00:15:11.013 [raft-server-3-state] TRACE io.atomix.utils.serializer.Namespace - class java.util.ArrayList registered as 27
00:15:11.013 [raft-server-2-state] TRACE io.atomix.utils.serializer.Namespace - class java.util.LinkedList registered as 28
00:15:11.013 [raft-server-3-state] TRACE io.atomix.utils.serializer.Namespace - class java.util.LinkedList registered as 28
00:15:11.013 [raft-server-2-state] TRACE io.atomix.utils.serializer.Namespace - class java.util.HashSet registered as 29
00:15:11.013 [raft-server-3-state] TRACE io.atomix.utils.serializer.Namespace - class java.util.HashSet registered as 29
00:15:11.013 [raft-server-2-state] TRACE io.atomix.utils.serializer.Namespace - class java.util.LinkedHashSet registered as 30
00:15:11.013 [raft-server-3-state] TRACE io.atomix.utils.serializer.Namespace - class java.util.LinkedHashSet registered as 30
00:15:11.013 [raft-server-2-state] TRACE io.atomix.utils.serializer.Namespace - class com.sun.jmx.remote.internal.ArrayQueue registered as 31
00:15:11.013 [raft-server-3-state] TRACE io.atomix.utils.serializer.Namespace - class com.sun.jmx.remote.internal.ArrayQueue registered as 31
00:15:11.013 [raft-server-2-state] TRACE io.atomix.utils.serializer.Namespace - class java.util.ArrayDeque registered as 32
00:15:11.013 [raft-server-3-state] TRACE io.atomix.utils.serializer.Namespace - class java.util.ArrayDeque registered as 32
00:15:11.013 [raft-server-2-state] TRACE io.atomix.utils.serializer.Namespace - class com.google.common.collect.HashMultiset registered as 33
00:15:11.013 [raft-server-3-state] TRACE io.atomix.utils.serializer.Namespace - class com.google.common.collect.HashMultiset registered as 33
00:15:11.013 [raft-server-2-state] TRACE io.atomix.utils.serializer.Namespace - class com.google.common.collect.Sets registered as 34
00:15:11.014 [raft-server-3-state] TRACE io.atomix.utils.serializer.Namespace - class com.google.common.collect.Sets registered as 34
00:15:11.014 [raft-server-2-state] TRACE io.atomix.utils.serializer.Namespace - class com.google.common.collect.ImmutableEntry registered as 35
00:15:11.014 [raft-server-3-state] TRACE io.atomix.utils.serializer.Namespace - class com.google.common.collect.ImmutableEntry registered as 35
00:15:11.014 [raft-server-2-state] TRACE io.atomix.utils.serializer.Namespace - class java.util.Arrays$ArrayList registered as 36
00:15:11.014 [raft-server-3-state] TRACE io.atomix.utils.serializer.Namespace - class java.util.Arrays$ArrayList registered as 36
00:15:11.014 [raft-server-2-state] TRACE io.atomix.utils.serializer.Namespace - class java.util.Collections$SingletonList registered as 37
00:15:11.014 [raft-server-2-state] TRACE io.atomix.utils.serializer.Namespace - class java.time.Duration registered as 38
00:15:11.014 [raft-server-3-state] TRACE io.atomix.utils.serializer.Namespace - class java.util.Collections$SingletonList registered as 37
00:15:11.014 [raft-server-2-state] TRACE io.atomix.utils.serializer.Namespace - class java.util.Collections$EmptySet registered as 39
00:15:11.014 [raft-server-3-state] TRACE io.atomix.utils.serializer.Namespace - class java.time.Duration registered as 38
00:15:11.014 [raft-server-2-state] TRACE io.atomix.utils.serializer.Namespace - class java.util.Optional registered as 40
00:15:11.014 [raft-server-3-state] TRACE io.atomix.utils.serializer.Namespace - class java.util.Collections$EmptySet registered as 39
00:15:11.014 [raft-server-3-state] TRACE io.atomix.utils.serializer.Namespace - class java.util.Optional registered as 40
00:15:11.014 [raft-server-2-state] TRACE io.atomix.utils.serializer.Namespace - class java.util.Collections$EmptyList registered as 41
00:15:11.014 [raft-server-3-state] TRACE io.atomix.utils.serializer.Namespace - class java.util.Collections$EmptyList registered as 41
00:15:11.014 [raft-server-2-state] TRACE io.atomix.utils.serializer.Namespace - class java.util.Collections$SingletonSet registered as 42
00:15:11.014 [raft-server-3-state] TRACE io.atomix.utils.serializer.Namespace - class java.util.Collections$SingletonSet registered as 42
00:15:11.014 [raft-server-2-state] TRACE io.atomix.utils.serializer.Namespace - class [I registered as 43
00:15:11.014 [raft-server-3-state] TRACE io.atomix.utils.serializer.Namespace - class [I registered as 43
00:15:11.014 [raft-server-2-state] TRACE io.atomix.utils.serializer.Namespace - class [J registered as 44
00:15:11.014 [raft-server-3-state] TRACE io.atomix.utils.serializer.Namespace - class [J registered as 44
00:15:11.014 [raft-server-2-state] TRACE io.atomix.utils.serializer.Namespace - class [S registered as 45
00:15:11.014 [raft-server-3-state] TRACE io.atomix.utils.serializer.Namespace - class [S registered as 45
00:15:11.014 [raft-server-2-state] TRACE io.atomix.utils.serializer.Namespace - class [D registered as 46
00:15:11.014 [raft-server-3-state] TRACE io.atomix.utils.serializer.Namespace - class [D registered as 46
00:15:11.014 [raft-server-2-state] TRACE io.atomix.utils.serializer.Namespace - class [F registered as 47
00:15:11.014 [raft-server-3-state] TRACE io.atomix.utils.serializer.Namespace - class [F registered as 47
00:15:11.014 [raft-server-2-state] TRACE io.atomix.utils.serializer.Namespace - class [C registered as 48
00:15:11.014 [raft-server-3-state] TRACE io.atomix.utils.serializer.Namespace - class [C registered as 48
00:15:11.014 [raft-server-2-state] TRACE io.atomix.utils.serializer.Namespace - class [Ljava.lang.String; registered as 49
00:15:11.014 [raft-server-3-state] TRACE io.atomix.utils.serializer.Namespace - class [Ljava.lang.String; registered as 49
00:15:11.014 [raft-server-2-state] TRACE io.atomix.utils.serializer.Namespace - class [Z registered as 50
00:15:11.014 [raft-server-2-state] TRACE io.atomix.utils.serializer.Namespace - class [Ljava.lang.Object; registered as 51
00:15:11.014 [raft-server-3-state] TRACE io.atomix.utils.serializer.Namespace - class [Z registered as 50
00:15:11.014 [raft-server-2-state] TRACE io.atomix.utils.serializer.Namespace - class io.atomix.primitive.service.ServiceConfig registered as 52
00:15:11.014 [raft-server-3-state] TRACE io.atomix.utils.serializer.Namespace - class [Ljava.lang.Object; registered as 51
00:15:11.014 [raft-server-3-state] TRACE io.atomix.utils.serializer.Namespace - class io.atomix.primitive.service.ServiceConfig registered as 52
00:15:11.014 [raft-server-2-state] TRACE io.atomix.utils.serializer.Namespace - Creating Kryo instance for Namespace{registeredBlocks=[RegistrationBlock{begin=16, types=[([Ljava.lang.Class;@7d0100ea,null), ([Ljava.lang.Class;@357bc488,null), ([Ljava.lang.Class;@4ea17147,null), ([Ljava.lang.Class;@2eda4eeb,null), ([Ljava.lang.Class;@5ba90d8a,io.atomix.utils.serializer.serializers.ImmutableListSerializer@309dcdf3), ([Ljava.lang.Class;@7573b9ee,io.atomix.utils.serializer.serializers.ImmutableSetSerializer@9a20cbd), ([Ljava.lang.Class;@1af4955e,io.atomix.utils.serializer.serializers.ImmutableMapSerializer@445821a6), ([Ljava.lang.Class;@2c0c4c0a,null), ([Ljava.lang.Class;@35d26ad2,null), ([Ljava.lang.Class;@bb25753,null), ([Ljava.lang.Class;@ee21292,null), ([Ljava.lang.Class;@40c06358,null), ([Ljava.lang.Class;@66e21568,null), ([Ljava.lang.Class;@7f73ce28,null), ([Ljava.lang.Class;@611b35d6,null), ([Ljava.lang.Class;@2282400e,null), ([Ljava.lang.Class;@543d5863,null), ([Ljava.lang.Class;@35dece42,null), ([Ljava.lang.Class;@dd3f8aa,null), ([Ljava.lang.Class;@3d615b2e,null), ([Ljava.lang.Class;@3a1f2a1,io.atomix.utils.serializer.serializers.ArraysAsListSerializer@40ce9049), ([Ljava.lang.Class;@52ca2652,null), ([Ljava.lang.Class;@65c5bf0e,null), ([Ljava.lang.Class;@697d6ded,null), ([Ljava.lang.Class;@5d05f453,null), ([Ljava.lang.Class;@5efeb117,null), ([Ljava.lang.Class;@160b4809,null), ([Ljava.lang.Class;@149b4d20,null), ([Ljava.lang.Class;@664e848c,null), ([Ljava.lang.Class;@4d93f75b,null), ([Ljava.lang.Class;@114a5e0,null), ([Ljava.lang.Class;@4f281aaf,null), ([Ljava.lang.Class;@5d508d22,null), ([Ljava.lang.Class;@f2b90fc,null), ([Ljava.lang.Class;@2bb41f5c,null), ([Ljava.lang.Class;@24c685e7,null)]}, RegistrationBlock{begin=52, types=[([Ljava.lang.Class;@41f3f16b,null)]}]}
00:15:11.014 [raft-server-3-state] TRACE io.atomix.utils.serializer.Namespace - Creating Kryo instance for Namespace{registeredBlocks=[RegistrationBlock{begin=16, types=[([Ljava.lang.Class;@7d0100ea,null), ([Ljava.lang.Class;@357bc488,null), ([Ljava.lang.Class;@4ea17147,null), ([Ljava.lang.Class;@2eda4eeb,null), ([Ljava.lang.Class;@5ba90d8a,io.atomix.utils.serializer.serializers.ImmutableListSerializer@309dcdf3), ([Ljava.lang.Class;@7573b9ee,io.atomix.utils.serializer.serializers.ImmutableSetSerializer@9a20cbd), ([Ljava.lang.Class;@1af4955e,io.atomix.utils.serializer.serializers.ImmutableMapSerializer@445821a6), ([Ljava.lang.Class;@2c0c4c0a,null), ([Ljava.lang.Class;@35d26ad2,null), ([Ljava.lang.Class;@bb25753,null), ([Ljava.lang.Class;@ee21292,null), ([Ljava.lang.Class;@40c06358,null), ([Ljava.lang.Class;@66e21568,null), ([Ljava.lang.Class;@7f73ce28,null), ([Ljava.lang.Class;@611b35d6,null), ([Ljava.lang.Class;@2282400e,null), ([Ljava.lang.Class;@543d5863,null), ([Ljava.lang.Class;@35dece42,null), ([Ljava.lang.Class;@dd3f8aa,null), ([Ljava.lang.Class;@3d615b2e,null), ([Ljava.lang.Class;@3a1f2a1,io.atomix.utils.serializer.serializers.ArraysAsListSerializer@40ce9049), ([Ljava.lang.Class;@52ca2652,null), ([Ljava.lang.Class;@65c5bf0e,null), ([Ljava.lang.Class;@697d6ded,null), ([Ljava.lang.Class;@5d05f453,null), ([Ljava.lang.Class;@5efeb117,null), ([Ljava.lang.Class;@160b4809,null), ([Ljava.lang.Class;@149b4d20,null), ([Ljava.lang.Class;@664e848c,null), ([Ljava.lang.Class;@4d93f75b,null), ([Ljava.lang.Class;@114a5e0,null), ([Ljava.lang.Class;@4f281aaf,null), ([Ljava.lang.Class;@5d508d22,null), ([Ljava.lang.Class;@f2b90fc,null), ([Ljava.lang.Class;@2bb41f5c,null), ([Ljava.lang.Class;@24c685e7,null)]}, RegistrationBlock{begin=52, types=[([Ljava.lang.Class;@7f18a36c,null)]}]}
00:15:11.015 [raft-server-2-state] TRACE io.atomix.utils.serializer.Namespace - class [B registered as 16
00:15:11.015 [raft-server-2-state] TRACE io.atomix.utils.serializer.Namespace - class java.util.concurrent.atomic.AtomicBoolean registered as 17
00:15:11.015 [raft-server-3-state] TRACE io.atomix.utils.serializer.Namespace - class [B registered as 16
00:15:11.015 [raft-server-2-state] TRACE io.atomix.utils.serializer.Namespace - class java.util.concurrent.atomic.AtomicInteger registered as 18
00:15:11.015 [raft-server-3-state] TRACE io.atomix.utils.serializer.Namespace - class java.util.concurrent.atomic.AtomicBoolean registered as 17
00:15:11.015 [raft-server-2-state] TRACE io.atomix.utils.serializer.Namespace - class java.util.concurrent.atomic.AtomicLong registered as 19
00:15:11.015 [raft-server-3-state] TRACE io.atomix.utils.serializer.Namespace - class java.util.concurrent.atomic.AtomicInteger registered as 18
00:15:11.015 [raft-server-2-state] TRACE io.atomix.utils.serializer.Namespace - class com.google.common.collect.ImmutableList registered as 20
00:15:11.015 [raft-server-3-state] TRACE io.atomix.utils.serializer.Namespace - class java.util.concurrent.atomic.AtomicLong registered as 19
00:15:11.015 [raft-server-2-state] TRACE io.atomix.utils.serializer.Namespace - class com.google.common.collect.RegularImmutableList registered as 20
00:15:11.015 [raft-server-3-state] TRACE io.atomix.utils.serializer.Namespace - class com.google.common.collect.ImmutableList registered as 20
00:15:11.015 [raft-server-2-state] TRACE io.atomix.utils.serializer.Namespace - class com.google.common.collect.RegularImmutableList registered as 20
00:15:11.015 [raft-server-3-state] TRACE io.atomix.utils.serializer.Namespace - class com.google.common.collect.RegularImmutableList registered as 20
00:15:11.015 [raft-server-2-state] TRACE io.atomix.utils.serializer.Namespace - class com.google.common.collect.ImmutableList$SubList registered as 20
00:15:11.015 [raft-server-3-state] TRACE io.atomix.utils.serializer.Namespace - class com.google.common.collect.RegularImmutableList registered as 20
00:15:11.015 [raft-server-2-state] TRACE io.atomix.utils.serializer.Namespace - class com.google.common.collect.ImmutableSet registered as 21
00:15:11.015 [raft-server-3-state] TRACE io.atomix.utils.serializer.Namespace - class com.google.common.collect.ImmutableList$SubList registered as 20
00:15:11.015 [raft-server-2-state] TRACE io.atomix.utils.serializer.Namespace - class com.google.common.collect.RegularImmutableSet registered as 21
00:15:11.015 [raft-server-3-state] TRACE io.atomix.utils.serializer.Namespace - class com.google.common.collect.ImmutableSet registered as 21
00:15:11.015 [raft-server-2-state] TRACE io.atomix.utils.serializer.Namespace - class com.google.common.collect.SingletonImmutableSet registered as 21
00:15:11.015 [raft-server-3-state] TRACE io.atomix.utils.serializer.Namespace - class com.google.common.collect.RegularImmutableSet registered as 21
00:15:11.015 [raft-server-2-state] TRACE io.atomix.utils.serializer.Namespace - class com.google.common.collect.RegularImmutableSet registered as 21
00:15:11.015 [raft-server-3-state] TRACE io.atomix.utils.serializer.Namespace - class com.google.common.collect.SingletonImmutableSet registered as 21
00:15:11.015 [raft-server-2-state] TRACE io.atomix.utils.serializer.Namespace - class com.google.common.collect.ImmutableMap registered as 22
00:15:11.015 [raft-server-3-state] TRACE io.atomix.utils.serializer.Namespace - class com.google.common.collect.RegularImmutableSet registered as 21
00:15:11.015 [raft-server-2-state] TRACE io.atomix.utils.serializer.Namespace - class com.google.common.collect.RegularImmutableMap registered as 22
00:15:11.015 [raft-server-3-state] TRACE io.atomix.utils.serializer.Namespace - class com.google.common.collect.ImmutableMap registered as 22
00:15:11.015 [raft-server-2-state] TRACE io.atomix.utils.serializer.Namespace - class com.google.common.collect.RegularImmutableMap registered as 22
00:15:11.015 [raft-server-3-state] TRACE io.atomix.utils.serializer.Namespace - class com.google.common.collect.RegularImmutableMap registered as 22
00:15:11.015 [raft-server-2-state] TRACE io.atomix.utils.serializer.Namespace - class com.google.common.collect.RegularImmutableMap registered as 22
00:15:11.016 [raft-server-3-state] TRACE io.atomix.utils.serializer.Namespace - class com.google.common.collect.RegularImmutableMap registered as 22
00:15:11.016 [raft-server-3-state] TRACE io.atomix.utils.serializer.Namespace - class com.google.common.collect.RegularImmutableMap registered as 22
00:15:11.016 [raft-server-2-state] TRACE io.atomix.utils.serializer.Namespace - class java.util.Collections$UnmodifiableSet registered as 23
00:15:11.016 [raft-server-3-state] TRACE io.atomix.utils.serializer.Namespace - class java.util.Collections$UnmodifiableSet registered as 23
00:15:11.016 [raft-server-2-state] TRACE io.atomix.utils.serializer.Namespace - class java.util.HashMap registered as 24
00:15:11.016 [raft-server-3-state] TRACE io.atomix.utils.serializer.Namespace - class java.util.HashMap registered as 24
00:15:11.016 [raft-server-2-state] TRACE io.atomix.utils.serializer.Namespace - class java.util.concurrent.ConcurrentHashMap registered as 25
00:15:11.016 [raft-server-3-state] TRACE io.atomix.utils.serializer.Namespace - class java.util.concurrent.ConcurrentHashMap registered as 25
00:15:11.016 [raft-server-2-state] TRACE io.atomix.utils.serializer.Namespace - class java.util.concurrent.CopyOnWriteArraySet registered as 26
00:15:11.016 [raft-server-3-state] TRACE io.atomix.utils.serializer.Namespace - class java.util.concurrent.CopyOnWriteArraySet registered as 26
00:15:11.016 [raft-server-2-state] TRACE io.atomix.utils.serializer.Namespace - class java.util.ArrayList registered as 27
00:15:11.016 [raft-server-3-state] TRACE io.atomix.utils.serializer.Namespace - class java.util.ArrayList registered as 27
00:15:11.016 [raft-server-2-state] TRACE io.atomix.utils.serializer.Namespace - class java.util.LinkedList registered as 28
00:15:11.016 [raft-server-3-state] TRACE io.atomix.utils.serializer.Namespace - class java.util.LinkedList registered as 28
00:15:11.016 [raft-server-2-state] TRACE io.atomix.utils.serializer.Namespace - class java.util.HashSet registered as 29
00:15:11.016 [raft-server-3-state] TRACE io.atomix.utils.serializer.Namespace - class java.util.HashSet registered as 29
00:15:11.016 [raft-server-2-state] TRACE io.atomix.utils.serializer.Namespace - class java.util.LinkedHashSet registered as 30
00:15:11.016 [raft-server-3-state] TRACE io.atomix.utils.serializer.Namespace - class java.util.LinkedHashSet registered as 30
00:15:11.016 [raft-server-2-state] TRACE io.atomix.utils.serializer.Namespace - class com.sun.jmx.remote.internal.ArrayQueue registered as 31
00:15:11.016 [raft-server-3-state] TRACE io.atomix.utils.serializer.Namespace - class com.sun.jmx.remote.internal.ArrayQueue registered as 31
00:15:11.016 [raft-server-2-state] TRACE io.atomix.utils.serializer.Namespace - class java.util.ArrayDeque registered as 32
00:15:11.016 [raft-server-3-state] TRACE io.atomix.utils.serializer.Namespace - class java.util.ArrayDeque registered as 32
00:15:11.016 [raft-server-2-state] TRACE io.atomix.utils.serializer.Namespace - class com.google.common.collect.HashMultiset registered as 33
00:15:11.016 [raft-server-3-state] TRACE io.atomix.utils.serializer.Namespace - class com.google.common.collect.HashMultiset registered as 33
00:15:11.016 [raft-server-2-state] TRACE io.atomix.utils.serializer.Namespace - class com.google.common.collect.Sets registered as 34
00:15:11.016 [raft-server-3-state] TRACE io.atomix.utils.serializer.Namespace - class com.google.common.collect.Sets registered as 34
00:15:11.016 [raft-server-2-state] TRACE io.atomix.utils.serializer.Namespace - class com.google.common.collect.ImmutableEntry registered as 35
00:15:11.016 [raft-server-3-state] TRACE io.atomix.utils.serializer.Namespace - class com.google.common.collect.ImmutableEntry registered as 35
00:15:11.016 [raft-server-2-state] TRACE io.atomix.utils.serializer.Namespace - class java.util.Arrays$ArrayList registered as 36
00:15:11.016 [raft-server-3-state] TRACE io.atomix.utils.serializer.Namespace - class java.util.Arrays$ArrayList registered as 36
00:15:11.016 [raft-server-2-state] TRACE io.atomix.utils.serializer.Namespace - class java.util.Collections$SingletonList registered as 37
00:15:11.016 [raft-server-2-state] TRACE io.atomix.utils.serializer.Namespace - class java.time.Duration registered as 38
00:15:11.016 [raft-server-3-state] TRACE io.atomix.utils.serializer.Namespace - class java.util.Collections$SingletonList registered as 37
00:15:11.016 [raft-server-2-state] TRACE io.atomix.utils.serializer.Namespace - class java.util.Collections$EmptySet registered as 39
00:15:11.016 [raft-server-3-state] TRACE io.atomix.utils.serializer.Namespace - class java.time.Duration registered as 38
00:15:11.016 [raft-server-2-state] TRACE io.atomix.utils.serializer.Namespace - class java.util.Optional registered as 40
00:15:11.016 [raft-server-3-state] TRACE io.atomix.utils.serializer.Namespace - class java.util.Collections$EmptySet registered as 39
00:15:11.017 [raft-server-3-state] TRACE io.atomix.utils.serializer.Namespace - class java.util.Optional registered as 40
00:15:11.017 [raft-server-2-state] TRACE io.atomix.utils.serializer.Namespace - class java.util.Collections$EmptyList registered as 41
00:15:11.017 [raft-server-3-state] TRACE io.atomix.utils.serializer.Namespace - class java.util.Collections$EmptyList registered as 41
00:15:11.017 [raft-server-2-state] TRACE io.atomix.utils.serializer.Namespace - class java.util.Collections$SingletonSet registered as 42
00:15:11.017 [raft-server-3-state] TRACE io.atomix.utils.serializer.Namespace - class java.util.Collections$SingletonSet registered as 42
00:15:11.017 [raft-server-2-state] TRACE io.atomix.utils.serializer.Namespace - class [I registered as 43
00:15:11.017 [raft-server-3-state] TRACE io.atomix.utils.serializer.Namespace - class [I registered as 43
00:15:11.017 [raft-server-2-state] TRACE io.atomix.utils.serializer.Namespace - class [J registered as 44
00:15:11.017 [raft-server-3-state] TRACE io.atomix.utils.serializer.Namespace - class [J registered as 44
00:15:11.017 [raft-server-2-state] TRACE io.atomix.utils.serializer.Namespace - class [S registered as 45
00:15:11.017 [raft-server-3-state] TRACE io.atomix.utils.serializer.Namespace - class [S registered as 45
00:15:11.017 [raft-server-2-state] TRACE io.atomix.utils.serializer.Namespace - class [D registered as 46
00:15:11.017 [raft-server-3-state] TRACE io.atomix.utils.serializer.Namespace - class [D registered as 46
00:15:11.017 [raft-server-2-state] TRACE io.atomix.utils.serializer.Namespace - class [F registered as 47
00:15:11.017 [raft-server-3-state] TRACE io.atomix.utils.serializer.Namespace - class [F registered as 47
00:15:11.017 [raft-server-2-state] TRACE io.atomix.utils.serializer.Namespace - class [C registered as 48
00:15:11.017 [raft-server-3-state] TRACE io.atomix.utils.serializer.Namespace - class [C registered as 48
00:15:11.017 [raft-server-2-state] TRACE io.atomix.utils.serializer.Namespace - class [Ljava.lang.String; registered as 49
00:15:11.017 [raft-server-3-state] TRACE io.atomix.utils.serializer.Namespace - class [Ljava.lang.String; registered as 49
00:15:11.017 [raft-server-2-state] TRACE io.atomix.utils.serializer.Namespace - class [Z registered as 50
00:15:11.017 [raft-server-2-state] TRACE io.atomix.utils.serializer.Namespace - class [Ljava.lang.Object; registered as 51
00:15:11.017 [raft-server-3-state] TRACE io.atomix.utils.serializer.Namespace - class [Z registered as 50
00:15:11.017 [raft-server-2-state] TRACE io.atomix.utils.serializer.Namespace - class io.atomix.primitive.service.ServiceConfig registered as 52
00:15:11.017 [raft-server-3-state] TRACE io.atomix.utils.serializer.Namespace - class [Ljava.lang.Object; registered as 51
00:15:11.017 [raft-server-3-state] TRACE io.atomix.utils.serializer.Namespace - class io.atomix.primitive.service.ServiceConfig registered as 52
00:15:11.017 [raft-server-2-state] DEBUG i.a.p.s.impl.DefaultServiceExecutor - PrimitiveService{2}{type=io.atomix.protocols.raft.RaftTest$TestPrimitiveType@4f16731, name=raft-test} - Registered operation callback DefaultOperationId{id=sendEvent, type=COMMAND}
00:15:11.017 [raft-server-3-state] DEBUG i.a.p.s.impl.DefaultServiceExecutor - PrimitiveService{2}{type=io.atomix.protocols.raft.RaftTest$TestPrimitiveType@3a1a32eb, name=raft-test} - Registered operation callback DefaultOperationId{id=sendEvent, type=COMMAND}
00:15:11.017 [raft-server-2-state] DEBUG i.a.p.s.impl.DefaultServiceExecutor - PrimitiveService{2}{type=io.atomix.protocols.raft.RaftTest$TestPrimitiveType@4f16731, name=raft-test} - Registered operation callback DefaultOperationId{id=onClose, type=COMMAND}
00:15:11.017 [raft-server-3-state] DEBUG i.a.p.s.impl.DefaultServiceExecutor - PrimitiveService{2}{type=io.atomix.protocols.raft.RaftTest$TestPrimitiveType@3a1a32eb, name=raft-test} - Registered operation callback DefaultOperationId{id=onClose, type=COMMAND}
00:15:11.017 [raft-server-2-state] DEBUG i.a.p.s.impl.DefaultServiceExecutor - PrimitiveService{2}{type=io.atomix.protocols.raft.RaftTest$TestPrimitiveType@4f16731, name=raft-test} - Registered operation callback DefaultOperationId{id=read, type=QUERY}
00:15:11.017 [raft-server-3-state] DEBUG i.a.p.s.impl.DefaultServiceExecutor - PrimitiveService{2}{type=io.atomix.protocols.raft.RaftTest$TestPrimitiveType@3a1a32eb, name=raft-test} - Registered operation callback DefaultOperationId{id=read, type=QUERY}
00:15:11.017 [raft-server-2-state] DEBUG i.a.p.s.impl.DefaultServiceExecutor - PrimitiveService{2}{type=io.atomix.protocols.raft.RaftTest$TestPrimitiveType@4f16731, name=raft-test} - Registered operation callback DefaultOperationId{id=onExpire, type=COMMAND}
00:15:11.017 [raft-server-3-state] DEBUG i.a.p.s.impl.DefaultServiceExecutor - PrimitiveService{2}{type=io.atomix.protocols.raft.RaftTest$TestPrimitiveType@3a1a32eb, name=raft-test} - Registered operation callback DefaultOperationId{id=onExpire, type=COMMAND}
00:15:11.017 [raft-server-2-state] DEBUG i.a.p.s.impl.DefaultServiceExecutor - PrimitiveService{2}{type=io.atomix.protocols.raft.RaftTest$TestPrimitiveType@4f16731, name=raft-test} - Registered operation callback DefaultOperationId{id=write, type=COMMAND}
00:15:11.017 [raft-server-3-state] DEBUG i.a.p.s.impl.DefaultServiceExecutor - PrimitiveService{2}{type=io.atomix.protocols.raft.RaftTest$TestPrimitiveType@3a1a32eb, name=raft-test} - Registered operation callback DefaultOperationId{id=write, type=COMMAND}
00:15:11.018 [raft-server-2-state] TRACE io.atomix.utils.serializer.Namespace - Creating Kryo instance for Namespace{registeredBlocks=[RegistrationBlock{begin=16, types=[([Ljava.lang.Class;@7d0100ea,null), ([Ljava.lang.Class;@357bc488,null), ([Ljava.lang.Class;@4ea17147,null), ([Ljava.lang.Class;@2eda4eeb,null), ([Ljava.lang.Class;@5ba90d8a,io.atomix.utils.serializer.serializers.ImmutableListSerializer@309dcdf3), ([Ljava.lang.Class;@7573b9ee,io.atomix.utils.serializer.serializers.ImmutableSetSerializer@9a20cbd), ([Ljava.lang.Class;@1af4955e,io.atomix.utils.serializer.serializers.ImmutableMapSerializer@445821a6), ([Ljava.lang.Class;@2c0c4c0a,null), ([Ljava.lang.Class;@35d26ad2,null), ([Ljava.lang.Class;@bb25753,null), ([Ljava.lang.Class;@ee21292,null), ([Ljava.lang.Class;@40c06358,null), ([Ljava.lang.Class;@66e21568,null), ([Ljava.lang.Class;@7f73ce28,null), ([Ljava.lang.Class;@611b35d6,null), ([Ljava.lang.Class;@2282400e,null), ([Ljava.lang.Class;@543d5863,null), ([Ljava.lang.Class;@35dece42,null), ([Ljava.lang.Class;@dd3f8aa,null), ([Ljava.lang.Class;@3d615b2e,null), ([Ljava.lang.Class;@3a1f2a1,io.atomix.utils.serializer.serializers.ArraysAsListSerializer@40ce9049), ([Ljava.lang.Class;@52ca2652,null), ([Ljava.lang.Class;@65c5bf0e,null), ([Ljava.lang.Class;@697d6ded,null), ([Ljava.lang.Class;@5d05f453,null), ([Ljava.lang.Class;@5efeb117,null), ([Ljava.lang.Class;@160b4809,null), ([Ljava.lang.Class;@149b4d20,null), ([Ljava.lang.Class;@664e848c,null), ([Ljava.lang.Class;@4d93f75b,null), ([Ljava.lang.Class;@114a5e0,null), ([Ljava.lang.Class;@4f281aaf,null), ([Ljava.lang.Class;@5d508d22,null), ([Ljava.lang.Class;@f2b90fc,null), ([Ljava.lang.Class;@2bb41f5c,null), ([Ljava.lang.Class;@24c685e7,null)]}, RegistrationBlock{begin=52, types=[([Ljava.lang.Class;@133deef6,null)]}]}
00:15:11.018 [raft-server-3-state] TRACE io.atomix.utils.serializer.Namespace - Creating Kryo instance for Namespace{registeredBlocks=[RegistrationBlock{begin=16, types=[([Ljava.lang.Class;@7d0100ea,null), ([Ljava.lang.Class;@357bc488,null), ([Ljava.lang.Class;@4ea17147,null), ([Ljava.lang.Class;@2eda4eeb,null), ([Ljava.lang.Class;@5ba90d8a,io.atomix.utils.serializer.serializers.ImmutableListSerializer@309dcdf3), ([Ljava.lang.Class;@7573b9ee,io.atomix.utils.serializer.serializers.ImmutableSetSerializer@9a20cbd), ([Ljava.lang.Class;@1af4955e,io.atomix.utils.serializer.serializers.ImmutableMapSerializer@445821a6), ([Ljava.lang.Class;@2c0c4c0a,null), ([Ljava.lang.Class;@35d26ad2,null), ([Ljava.lang.Class;@bb25753,null), ([Ljava.lang.Class;@ee21292,null), ([Ljava.lang.Class;@40c06358,null), ([Ljava.lang.Class;@66e21568,null), ([Ljava.lang.Class;@7f73ce28,null), ([Ljava.lang.Class;@611b35d6,null), ([Ljava.lang.Class;@2282400e,null), ([Ljava.lang.Class;@543d5863,null), ([Ljava.lang.Class;@35dece42,null), ([Ljava.lang.Class;@dd3f8aa,null), ([Ljava.lang.Class;@3d615b2e,null), ([Ljava.lang.Class;@3a1f2a1,io.atomix.utils.serializer.serializers.ArraysAsListSerializer@40ce9049), ([Ljava.lang.Class;@52ca2652,null), ([Ljava.lang.Class;@65c5bf0e,null), ([Ljava.lang.Class;@697d6ded,null), ([Ljava.lang.Class;@5d05f453,null), ([Ljava.lang.Class;@5efeb117,null), ([Ljava.lang.Class;@160b4809,null), ([Ljava.lang.Class;@149b4d20,null), ([Ljava.lang.Class;@664e848c,null), ([Ljava.lang.Class;@4d93f75b,null), ([Ljava.lang.Class;@114a5e0,null), ([Ljava.lang.Class;@4f281aaf,null), ([Ljava.lang.Class;@5d508d22,null), ([Ljava.lang.Class;@f2b90fc,null), ([Ljava.lang.Class;@2bb41f5c,null), ([Ljava.lang.Class;@24c685e7,null)]}, RegistrationBlock{begin=52, types=[([Ljava.lang.Class;@49c9ad9c,null)]}]}
00:15:11.018 [raft-server-2-state] TRACE io.atomix.utils.serializer.Namespace - class [B registered as 16
00:15:11.018 [raft-server-2-state] TRACE io.atomix.utils.serializer.Namespace - class java.util.concurrent.atomic.AtomicBoolean registered as 17
00:15:11.018 [raft-server-3-state] TRACE io.atomix.utils.serializer.Namespace - class [B registered as 16
00:15:11.018 [raft-server-2-state] TRACE io.atomix.utils.serializer.Namespace - class java.util.concurrent.atomic.AtomicInteger registered as 18
00:15:11.018 [raft-server-3-state] TRACE io.atomix.utils.serializer.Namespace - class java.util.concurrent.atomic.AtomicBoolean registered as 17
00:15:11.018 [raft-server-2-state] TRACE io.atomix.utils.serializer.Namespace - class java.util.concurrent.atomic.AtomicLong registered as 19
00:15:11.018 [raft-server-3-state] TRACE io.atomix.utils.serializer.Namespace - class java.util.concurrent.atomic.AtomicInteger registered as 18
00:15:11.018 [raft-server-2-state] TRACE io.atomix.utils.serializer.Namespace - class com.google.common.collect.ImmutableList registered as 20
00:15:11.018 [raft-server-3-state] TRACE io.atomix.utils.serializer.Namespace - class java.util.concurrent.atomic.AtomicLong registered as 19
00:15:11.018 [raft-server-2-state] TRACE io.atomix.utils.serializer.Namespace - class com.google.common.collect.RegularImmutableList registered as 20
00:15:11.018 [raft-server-3-state] TRACE io.atomix.utils.serializer.Namespace - class com.google.common.collect.ImmutableList registered as 20
00:15:11.018 [raft-server-2-state] TRACE io.atomix.utils.serializer.Namespace - class com.google.common.collect.RegularImmutableList registered as 20
00:15:11.018 [raft-server-3-state] TRACE io.atomix.utils.serializer.Namespace - class com.google.common.collect.RegularImmutableList registered as 20
00:15:11.018 [raft-server-2-state] TRACE io.atomix.utils.serializer.Namespace - class com.google.common.collect.ImmutableList$SubList registered as 20
00:15:11.018 [raft-server-3-state] TRACE io.atomix.utils.serializer.Namespace - class com.google.common.collect.RegularImmutableList registered as 20
00:15:11.018 [raft-server-2-state] TRACE io.atomix.utils.serializer.Namespace - class com.google.common.collect.ImmutableSet registered as 21
00:15:11.018 [raft-server-3-state] TRACE io.atomix.utils.serializer.Namespace - class com.google.common.collect.ImmutableList$SubList registered as 20
00:15:11.018 [raft-server-2-state] TRACE io.atomix.utils.serializer.Namespace - class com.google.common.collect.RegularImmutableSet registered as 21
00:15:11.018 [raft-server-3-state] TRACE io.atomix.utils.serializer.Namespace - class com.google.common.collect.ImmutableSet registered as 21
00:15:11.018 [raft-server-2-state] TRACE io.atomix.utils.serializer.Namespace - class com.google.common.collect.SingletonImmutableSet registered as 21
00:15:11.018 [raft-server-3-state] TRACE io.atomix.utils.serializer.Namespace - class com.google.common.collect.RegularImmutableSet registered as 21
00:15:11.018 [raft-server-2-state] TRACE io.atomix.utils.serializer.Namespace - class com.google.common.collect.RegularImmutableSet registered as 21
00:15:11.018 [raft-server-3-state] TRACE io.atomix.utils.serializer.Namespace - class com.google.common.collect.SingletonImmutableSet registered as 21
00:15:11.018 [raft-server-2-state] TRACE io.atomix.utils.serializer.Namespace - class com.google.common.collect.ImmutableMap registered as 22
00:15:11.018 [raft-server-3-state] TRACE io.atomix.utils.serializer.Namespace - class com.google.common.collect.RegularImmutableSet registered as 21
00:15:11.018 [raft-server-2-state] TRACE io.atomix.utils.serializer.Namespace - class com.google.common.collect.RegularImmutableMap registered as 22
00:15:11.018 [raft-server-3-state] TRACE io.atomix.utils.serializer.Namespace - class com.google.common.collect.ImmutableMap registered as 22
00:15:11.018 [raft-server-2-state] TRACE io.atomix.utils.serializer.Namespace - class com.google.common.collect.RegularImmutableMap registered as 22
00:15:11.019 [raft-server-3-state] TRACE io.atomix.utils.serializer.Namespace - class com.google.common.collect.RegularImmutableMap registered as 22
00:15:11.019 [raft-server-2-state] TRACE io.atomix.utils.serializer.Namespace - class com.google.common.collect.RegularImmutableMap registered as 22
00:15:11.019 [raft-server-3-state] TRACE io.atomix.utils.serializer.Namespace - class com.google.common.collect.RegularImmutableMap registered as 22
00:15:11.019 [raft-server-3-state] TRACE io.atomix.utils.serializer.Namespace - class com.google.common.collect.RegularImmutableMap registered as 22
00:15:11.019 [raft-server-2-state] TRACE io.atomix.utils.serializer.Namespace - class java.util.Collections$UnmodifiableSet registered as 23
00:15:11.019 [raft-server-3-state] TRACE io.atomix.utils.serializer.Namespace - class java.util.Collections$UnmodifiableSet registered as 23
00:15:11.019 [raft-server-2-state] TRACE io.atomix.utils.serializer.Namespace - class java.util.HashMap registered as 24
00:15:11.019 [raft-server-3-state] TRACE io.atomix.utils.serializer.Namespace - class java.util.HashMap registered as 24
00:15:11.019 [raft-server-2-state] TRACE io.atomix.utils.serializer.Namespace - class java.util.concurrent.ConcurrentHashMap registered as 25
00:15:11.019 [raft-server-3-state] TRACE io.atomix.utils.serializer.Namespace - class java.util.concurrent.ConcurrentHashMap registered as 25
00:15:11.019 [raft-server-2-state] TRACE io.atomix.utils.serializer.Namespace - class java.util.concurrent.CopyOnWriteArraySet registered as 26
00:15:11.019 [raft-server-3-state] TRACE io.atomix.utils.serializer.Namespace - class java.util.concurrent.CopyOnWriteArraySet registered as 26
00:15:11.019 [raft-server-2-state] TRACE io.atomix.utils.serializer.Namespace - class java.util.ArrayList registered as 27
00:15:11.019 [raft-server-3-state] TRACE io.atomix.utils.serializer.Namespace - class java.util.ArrayList registered as 27
00:15:11.019 [raft-server-2-state] TRACE io.atomix.utils.serializer.Namespace - class java.util.LinkedList registered as 28
00:15:11.019 [raft-server-3-state] TRACE io.atomix.utils.serializer.Namespace - class java.util.LinkedList registered as 28
00:15:11.019 [raft-server-2-state] TRACE io.atomix.utils.serializer.Namespace - class java.util.HashSet registered as 29
00:15:11.019 [raft-server-3-state] TRACE io.atomix.utils.serializer.Namespace - class java.util.HashSet registered as 29
00:15:11.019 [raft-server-2-state] TRACE io.atomix.utils.serializer.Namespace - class java.util.LinkedHashSet registered as 30
00:15:11.019 [raft-server-3-state] TRACE io.atomix.utils.serializer.Namespace - class java.util.LinkedHashSet registered as 30
00:15:11.019 [raft-server-2-state] TRACE io.atomix.utils.serializer.Namespace - class com.sun.jmx.remote.internal.ArrayQueue registered as 31
00:15:11.019 [raft-server-3-state] TRACE io.atomix.utils.serializer.Namespace - class com.sun.jmx.remote.internal.ArrayQueue registered as 31
00:15:11.019 [raft-server-2-state] TRACE io.atomix.utils.serializer.Namespace - class java.util.ArrayDeque registered as 32
00:15:11.019 [raft-server-3-state] TRACE io.atomix.utils.serializer.Namespace - class java.util.ArrayDeque registered as 32
00:15:11.019 [raft-server-2-state] TRACE io.atomix.utils.serializer.Namespace - class com.google.common.collect.HashMultiset registered as 33
00:15:11.019 [raft-server-3-state] TRACE io.atomix.utils.serializer.Namespace - class com.google.common.collect.HashMultiset registered as 33
00:15:11.019 [raft-server-2-state] TRACE io.atomix.utils.serializer.Namespace - class com.google.common.collect.Sets registered as 34
00:15:11.019 [raft-server-3-state] TRACE io.atomix.utils.serializer.Namespace - class com.google.common.collect.Sets registered as 34
00:15:11.019 [raft-server-2-state] TRACE io.atomix.utils.serializer.Namespace - class com.google.common.collect.ImmutableEntry registered as 35
00:15:11.019 [raft-server-3-state] TRACE io.atomix.utils.serializer.Namespace - class com.google.common.collect.ImmutableEntry registered as 35
00:15:11.019 [raft-server-2-state] TRACE io.atomix.utils.serializer.Namespace - class java.util.Arrays$ArrayList registered as 36
00:15:11.019 [raft-server-3-state] TRACE io.atomix.utils.serializer.Namespace - class java.util.Arrays$ArrayList registered as 36
00:15:11.019 [raft-server-2-state] TRACE io.atomix.utils.serializer.Namespace - class java.util.Collections$SingletonList registered as 37
00:15:11.019 [raft-server-2-state] TRACE io.atomix.utils.serializer.Namespace - class java.time.Duration registered as 38
00:15:11.019 [raft-server-3-state] TRACE io.atomix.utils.serializer.Namespace - class java.util.Collections$SingletonList registered as 37
00:15:11.019 [raft-server-3-state] TRACE io.atomix.utils.serializer.Namespace - class java.time.Duration registered as 38
00:15:11.019 [raft-server-2-state] TRACE io.atomix.utils.serializer.Namespace - class java.util.Collections$EmptySet registered as 39
00:15:11.020 [raft-server-2-state] TRACE io.atomix.utils.serializer.Namespace - class java.util.Optional registered as 40
00:15:11.020 [raft-server-3-state] TRACE io.atomix.utils.serializer.Namespace - class java.util.Collections$EmptySet registered as 39
00:15:11.020 [raft-server-2-state] TRACE io.atomix.utils.serializer.Namespace - class java.util.Collections$EmptyList registered as 41
00:15:11.020 [raft-server-3-state] TRACE io.atomix.utils.serializer.Namespace - class java.util.Optional registered as 40
00:15:11.020 [raft-server-2-state] TRACE io.atomix.utils.serializer.Namespace - class java.util.Collections$SingletonSet registered as 42
00:15:11.020 [raft-server-3-state] TRACE io.atomix.utils.serializer.Namespace - class java.util.Collections$EmptyList registered as 41
00:15:11.020 [raft-server-2-state] TRACE io.atomix.utils.serializer.Namespace - class [I registered as 43
00:15:11.020 [raft-server-3-state] TRACE io.atomix.utils.serializer.Namespace - class java.util.Collections$SingletonSet registered as 42
00:15:11.020 [raft-server-2-state] TRACE io.atomix.utils.serializer.Namespace - class [J registered as 44
00:15:11.020 [raft-server-3-state] TRACE io.atomix.utils.serializer.Namespace - class [I registered as 43
00:15:11.020 [raft-server-2-state] TRACE io.atomix.utils.serializer.Namespace - class [S registered as 45
00:15:11.020 [raft-server-3-state] TRACE io.atomix.utils.serializer.Namespace - class [J registered as 44
00:15:11.020 [raft-server-2-state] TRACE io.atomix.utils.serializer.Namespace - class [D registered as 46
00:15:11.020 [raft-server-3-state] TRACE io.atomix.utils.serializer.Namespace - class [S registered as 45
00:15:11.020 [raft-server-2-state] TRACE io.atomix.utils.serializer.Namespace - class [F registered as 47
00:15:11.020 [raft-server-3-state] TRACE io.atomix.utils.serializer.Namespace - class [D registered as 46
00:15:11.020 [raft-server-2-state] TRACE io.atomix.utils.serializer.Namespace - class [C registered as 48
00:15:11.020 [raft-server-3-state] TRACE io.atomix.utils.serializer.Namespace - class [F registered as 47
00:15:11.020 [raft-server-2-state] TRACE io.atomix.utils.serializer.Namespace - class [Ljava.lang.String; registered as 49
00:15:11.020 [raft-server-3-state] TRACE io.atomix.utils.serializer.Namespace - class [C registered as 48
00:15:11.020 [raft-server-2-state] TRACE io.atomix.utils.serializer.Namespace - class [Z registered as 50
00:15:11.020 [raft-server-2-state] TRACE io.atomix.utils.serializer.Namespace - class [Ljava.lang.Object; registered as 51
00:15:11.020 [raft-server-3-state] TRACE io.atomix.utils.serializer.Namespace - class [Ljava.lang.String; registered as 49
00:15:11.020 [raft-server-2-state] TRACE io.atomix.utils.serializer.Namespace - class io.atomix.primitive.service.ServiceConfig registered as 52
00:15:11.020 [raft-server-3-state] TRACE io.atomix.utils.serializer.Namespace - class [Z registered as 50
00:15:11.020 [raft-server-3-state] TRACE io.atomix.utils.serializer.Namespace - class [Ljava.lang.Object; registered as 51
00:15:11.020 [raft-server-2-state] DEBUG i.a.p.r.service.RaftServiceContext - PrimitiveService{2}{type=io.atomix.protocols.raft.RaftTest$TestPrimitiveType@4f16731, name=raft-test} - Opening session 2
00:15:11.020 [raft-server-3-state] TRACE io.atomix.utils.serializer.Namespace - class io.atomix.primitive.service.ServiceConfig registered as 52
00:15:11.020 [raft-server-2-state] DEBUG i.a.p.raft.session.RaftSession - Session{2}{type=io.atomix.protocols.raft.RaftTest$TestPrimitiveType@4f16731, name=raft-test} - State changed: OPEN
00:15:11.020 [raft-server-3-state] DEBUG i.a.p.r.service.RaftServiceContext - PrimitiveService{2}{type=io.atomix.protocols.raft.RaftTest$TestPrimitiveType@3a1a32eb, name=raft-test} - Opening session 2
00:15:11.020 [raft-server-3-state] DEBUG i.a.p.raft.session.RaftSession - Session{2}{type=io.atomix.protocols.raft.RaftTest$TestPrimitiveType@3a1a32eb, name=raft-test} - State changed: OPEN
00:15:11.068 [raft-server-1] TRACE i.a.p.raft.roles.LeaderAppender - RaftServer{1} - Received AppendResponse{status=OK, term=1, succeeded=true, lastLogIndex=3} from 3
00:15:11.068 [raft-server-1] TRACE i.a.protocols.raft.roles.LeaderRole - RaftServer{1}{role=LEADER} - Received CommandRequest{session=2, sequence=1, operation=PrimitiveOperation{id=DefaultOperationId{id=write, type=COMMAND}, value=byte[]{length=17, hash=-1644578928}}}
00:15:11.068 [raft-server-1] TRACE i.a.protocols.raft.roles.LeaderRole - RaftServer{1}{role=LEADER} - Appended Indexed{index=4, entry=CommandEntry{term=1, timestamp=2018-06-11 12:15:11,068, session=2, sequence=1, operation=PrimitiveOperation{id=DefaultOperationId{id=write, type=COMMAND}, value=byte[]{length=17, hash=-1644578928}}}}
00:15:11.068 [raft-server-1] TRACE i.a.p.raft.roles.LeaderAppender - RaftServer{1} - Sending AppendRequest{term=1, leader=1, prevLogIndex=3, prevLogTerm=1, entries=1, commitIndex=3} to 2
00:15:11.068 [raft-server-2] TRACE i.a.p.raft.roles.FollowerRole - RaftServer{2}{role=FOLLOWER} - Received AppendRequest{term=1, leader=1, prevLogIndex=3, prevLogTerm=1, entries=1, commitIndex=3}
00:15:11.068 [raft-server-1] TRACE i.a.p.raft.roles.LeaderAppender - RaftServer{1} - Sending AppendRequest{term=1, leader=1, prevLogIndex=3, prevLogTerm=1, entries=1, commitIndex=3} to 3
00:15:11.068 [raft-server-3] TRACE i.a.p.raft.roles.FollowerRole - RaftServer{3}{role=FOLLOWER} - Received AppendRequest{term=1, leader=1, prevLogIndex=3, prevLogTerm=1, entries=1, commitIndex=3}
00:15:11.069 [raft-server-1-state] TRACE i.a.p.raft.impl.RaftServiceManager - RaftServer{1} - Applying Indexed{index=3, entry=KeepAliveEntry{term=1, timestamp=2018-06-11 12:15:10,941, sessionIds=long[]{length=1, hash=33}, commandSequences=long[]{length=1, hash=31}, eventIndexes=long[]{length=1, hash=33}}}
00:15:11.069 [raft-server-2] TRACE i.a.p.raft.roles.FollowerRole - RaftServer{2}{role=FOLLOWER} - Appended Indexed{index=4, entry=CommandEntry{term=1, timestamp=2018-06-11 12:15:11,068, session=2, sequence=1, operation=PrimitiveOperation{id=DefaultOperationId{id=write, type=COMMAND}, value=byte[]{length=17, hash=-1644578928}}}}
00:15:11.069 [raft-server-3] TRACE i.a.p.raft.roles.FollowerRole - RaftServer{3}{role=FOLLOWER} - Appended Indexed{index=4, entry=CommandEntry{term=1, timestamp=2018-06-11 12:15:11,068, session=2, sequence=1, operation=PrimitiveOperation{id=DefaultOperationId{id=write, type=COMMAND}, value=byte[]{length=17, hash=-1644578928}}}}
00:15:11.069 [raft-server-1] TRACE i.a.protocols.raft.roles.LeaderRole - RaftServer{1}{role=LEADER} - Sending KeepAliveResponse{status=OK, leader=1, members=[2, 1, 3], sessionIds=long[]{length=1, hash=33}}
00:15:11.100 [raft-server-3] TRACE i.a.p.raft.roles.FollowerRole - RaftServer{3}{role=FOLLOWER} - Committed entries up to index 3
00:15:11.100 [raft-server-2] TRACE i.a.p.raft.roles.FollowerRole - RaftServer{2}{role=FOLLOWER} - Committed entries up to index 3
00:15:11.100 [raft-server-3] TRACE i.a.p.raft.roles.FollowerRole - RaftServer{3}{role=FOLLOWER} - Sending AppendResponse{status=OK, term=1, succeeded=true, lastLogIndex=4}
00:15:11.100 [raft-server-2] TRACE i.a.p.raft.roles.FollowerRole - RaftServer{2}{role=FOLLOWER} - Sending AppendResponse{status=OK, term=1, succeeded=true, lastLogIndex=4}
00:15:11.101 [raft-server-1] TRACE i.a.p.raft.roles.LeaderAppender - RaftServer{1} - Received AppendResponse{status=OK, term=1, succeeded=true, lastLogIndex=4} from 3
00:15:11.101 [raft-server-3] TRACE i.a.p.raft.roles.FollowerRole - RaftServer{3}{role=FOLLOWER} - Sending KeepAliveResponse{status=OK, leader=1, members=[2, 1, 3], sessionIds=long[]{length=1, hash=33}}
00:15:11.101 [raft-server-1] TRACE i.a.p.raft.roles.LeaderAppender - RaftServer{1} - Committed entries up to 4
00:15:11.101 [raft-server-2-state] TRACE i.a.p.raft.impl.RaftServiceManager - RaftServer{2} - Applying Indexed{index=3, entry=KeepAliveEntry{term=1, timestamp=2018-06-11 12:15:10,941, sessionIds=long[]{length=1, hash=33}, commandSequences=long[]{length=1, hash=31}, eventIndexes=long[]{length=1, hash=33}}}
00:15:11.101 [raft-client-82530a18-bea6-4e53-b81d-3dd8c76650f9-2] TRACE i.a.p.r.s.impl.RaftSessionConnection - RaftClient{82530a18-bea6-4e53-b81d-3dd8c76650f9} - Received KeepAliveResponse{status=OK, leader=1, members=[2, 1, 3], sessionIds=long[]{length=1, hash=33}} from 3
00:15:11.101 [raft-server-3-state] TRACE i.a.p.raft.impl.RaftServiceManager - RaftServer{3} - Applying Indexed{index=3, entry=KeepAliveEntry{term=1, timestamp=2018-06-11 12:15:10,941, sessionIds=long[]{length=1, hash=33}, commandSequences=long[]{length=1, hash=31}, eventIndexes=long[]{length=1, hash=33}}}
00:15:11.101 [raft-client-82530a18-bea6-4e53-b81d-3dd8c76650f9-0] TRACE i.a.p.r.s.impl.RaftSessionConnection - SessionClient{2}{type=io.atomix.protocols.raft.RaftTest$TestPrimitiveType@68b11545, name=raft-test} - Sending CommandRequest{session=2, sequence=1, operation=PrimitiveOperation{id=DefaultOperationId{id=write, type=COMMAND}, value=byte[]{length=17, hash=-1644578928}}} to 3
00:15:11.101 [raft-server-3] TRACE i.a.p.raft.roles.FollowerRole - RaftServer{3}{role=FOLLOWER} - Received CommandRequest{session=2, sequence=1, operation=PrimitiveOperation{id=DefaultOperationId{id=write, type=COMMAND}, value=byte[]{length=17, hash=-1644578928}}}
00:15:11.132 [raft-server-1] TRACE i.a.p.raft.roles.LeaderAppender - RaftServer{1} - Sending AppendRequest{term=1, leader=1, prevLogIndex=4, prevLogTerm=1, entries=0, commitIndex=4} to 3
00:15:11.132 [raft-server-1] TRACE i.a.p.raft.roles.LeaderAppender - RaftServer{1} - Received AppendResponse{status=OK, term=1, succeeded=true, lastLogIndex=4} from 2
00:15:11.133 [raft-server-1] TRACE i.a.p.raft.roles.LeaderAppender - RaftServer{1} - Sending AppendRequest{term=1, leader=1, prevLogIndex=4, prevLogTerm=1, entries=0, commitIndex=4} to 2
00:15:11.133 [raft-server-3] TRACE i.a.p.raft.roles.FollowerRole - RaftServer{3}{role=FOLLOWER} - Received AppendRequest{term=1, leader=1, prevLogIndex=4, prevLogTerm=1, entries=0, commitIndex=4}
00:15:11.133 [raft-server-2] TRACE i.a.p.raft.roles.FollowerRole - RaftServer{2}{role=FOLLOWER} - Received AppendRequest{term=1, leader=1, prevLogIndex=4, prevLogTerm=1, entries=0, commitIndex=4}
00:15:11.133 [raft-server-1] TRACE i.a.protocols.raft.roles.LeaderRole - RaftServer{1}{role=LEADER} - Received CommandRequest{session=2, sequence=1, operation=PrimitiveOperation{id=DefaultOperationId{id=write, type=COMMAND}, value=byte[]{length=17, hash=-1644578928}}}
00:15:11.133 [raft-server-1] TRACE i.a.protocols.raft.roles.LeaderRole - RaftServer{1}{role=LEADER} - Appended Indexed{index=5, entry=CommandEntry{term=1, timestamp=2018-06-11 12:15:11,133, session=2, sequence=1, operation=PrimitiveOperation{id=DefaultOperationId{id=write, type=COMMAND}, value=byte[]{length=17, hash=-1644578928}}}}
00:15:11.133 [raft-server-1-state] TRACE i.a.p.raft.impl.RaftServiceManager - RaftServer{1} - Applying Indexed{index=4, entry=CommandEntry{term=1, timestamp=2018-06-11 12:15:11,068, session=2, sequence=1, operation=PrimitiveOperation{id=DefaultOperationId{id=write, type=COMMAND}, value=byte[]{length=17, hash=-1644578928}}}}
00:15:11.133 [raft-server-1-state] TRACE i.a.p.s.impl.DefaultServiceExecutor - PrimitiveService{2}{type=io.atomix.protocols.raft.RaftTest$TestPrimitiveType@5c91ef2b, name=raft-test} - Executing DefaultCommit{index=4, session=RaftSession{RaftServiceContext{server=1, type=io.atomix.protocols.raft.RaftTest$TestPrimitiveType@5c91ef2b, name=raft-test, id=2}, session=2, timestamp=2018-06-11 12:15:11,068}, time=2018-06-11 12:15:11,068, operation=DefaultOperationId{id=write, type=COMMAND}, value=byte[]{length=17, hash=-1644578928}}
00:15:11.133 [raft-server-1-state] TRACE i.a.protocols.raft.roles.LeaderRole - RaftServer{1}{role=LEADER} - Sending CommandResponse{status=OK, index=4, eventIndex=2, result=byte[]{length=2, hash=1248}}
00:15:11.150 [raft-server-2] TRACE i.a.p.raft.roles.FollowerRole - RaftServer{2}{role=FOLLOWER} - Committed entries up to index 4
00:15:11.150 [raft-server-2] TRACE i.a.p.raft.roles.FollowerRole - RaftServer{2}{role=FOLLOWER} - Sending AppendResponse{status=OK, term=1, succeeded=true, lastLogIndex=4}
00:15:11.150 [raft-server-3] TRACE i.a.p.raft.roles.FollowerRole - RaftServer{3}{role=FOLLOWER} - Committed entries up to index 4
00:15:11.150 [raft-server-1] TRACE i.a.p.raft.roles.LeaderAppender - RaftServer{1} - Received AppendResponse{status=OK, term=1, succeeded=true, lastLogIndex=4} from 2
00:15:11.151 [raft-server-3] TRACE i.a.p.raft.roles.FollowerRole - RaftServer{3}{role=FOLLOWER} - Sending AppendResponse{status=OK, term=1, succeeded=true, lastLogIndex=4}
00:15:11.151 [raft-server-1] TRACE i.a.p.raft.roles.LeaderAppender - RaftServer{1} - Sending AppendRequest{term=1, leader=1, prevLogIndex=4, prevLogTerm=1, entries=1, commitIndex=4} to 2
00:15:11.151 [raft-server-3] TRACE i.a.p.raft.roles.FollowerRole - RaftServer{3}{role=FOLLOWER} - Sending CommandResponse{status=OK, index=4, eventIndex=2, result=byte[]{length=2, hash=1248}}
00:15:11.151 [raft-server-2-state] TRACE i.a.p.raft.impl.RaftServiceManager - RaftServer{2} - Applying Indexed{index=4, entry=CommandEntry{term=1, timestamp=2018-06-11 12:15:11,068, session=2, sequence=1, operation=PrimitiveOperation{id=DefaultOperationId{id=write, type=COMMAND}, value=byte[]{length=17, hash=-1644578928}}}}
00:15:11.151 [raft-server-2] TRACE i.a.p.raft.roles.FollowerRole - RaftServer{2}{role=FOLLOWER} - Received AppendRequest{term=1, leader=1, prevLogIndex=4, prevLogTerm=1, entries=1, commitIndex=4}
00:15:11.151 [raft-server-1] TRACE i.a.p.raft.roles.LeaderAppender - RaftServer{1} - Received AppendResponse{status=OK, term=1, succeeded=true, lastLogIndex=4} from 3
00:15:11.151 [raft-client-82530a18-bea6-4e53-b81d-3dd8c76650f9-5] TRACE i.a.p.r.s.impl.RaftSessionConnection - SessionClient{2}{type=io.atomix.protocols.raft.RaftTest$TestPrimitiveType@68b11545, name=raft-test} - Received CommandResponse{status=OK, index=4, eventIndex=2, result=byte[]{length=2, hash=1248}} from 3
00:15:11.151 [raft-server-3-state] TRACE i.a.p.raft.impl.RaftServiceManager - RaftServer{3} - Applying Indexed{index=4, entry=CommandEntry{term=1, timestamp=2018-06-11 12:15:11,068, session=2, sequence=1, operation=PrimitiveOperation{id=DefaultOperationId{id=write, type=COMMAND}, value=byte[]{length=17, hash=-1644578928}}}}
00:15:11.151 [raft-server-2-state] TRACE i.a.p.s.impl.DefaultServiceExecutor - PrimitiveService{2}{type=io.atomix.protocols.raft.RaftTest$TestPrimitiveType@4f16731, name=raft-test} - Executing DefaultCommit{index=4, session=RaftSession{RaftServiceContext{server=2, type=io.atomix.protocols.raft.RaftTest$TestPrimitiveType@4f16731, name=raft-test, id=2}, session=2, timestamp=2018-06-11 12:15:11,068}, time=2018-06-11 12:15:11,068, operation=DefaultOperationId{id=write, type=COMMAND}, value=byte[]{length=17, hash=-1644578928}}
00:15:11.151 [raft-server-1] TRACE i.a.p.raft.roles.LeaderAppender - RaftServer{1} - Sending AppendRequest{term=1, leader=1, prevLogIndex=4, prevLogTerm=1, entries=1, commitIndex=4} to 3
00:15:11.151 [raft-server-2] TRACE i.a.p.raft.roles.FollowerRole - RaftServer{2}{role=FOLLOWER} - Appended Indexed{index=5, entry=CommandEntry{term=1, timestamp=2018-06-11 12:15:11,133, session=2, sequence=1, operation=PrimitiveOperation{id=DefaultOperationId{id=write, type=COMMAND}, value=byte[]{length=17, hash=-1644578928}}}}
00:15:11.151 [raft-client-82530a18-bea6-4e53-b81d-3dd8c76650f9-5] TRACE i.a.p.r.s.impl.RaftSessionSequencer - SessionClient{2}{type=io.atomix.protocols.raft.RaftTest$TestPrimitiveType@68b11545, name=raft-test} - Completing response CommandResponse{status=OK, index=4, eventIndex=2, result=byte[]{length=2, hash=1248}}
00:15:11.151 [raft-server-3-state] TRACE i.a.p.s.impl.DefaultServiceExecutor - PrimitiveService{2}{type=io.atomix.protocols.raft.RaftTest$TestPrimitiveType@3a1a32eb, name=raft-test} - Executing DefaultCommit{index=4, session=RaftSession{RaftServiceContext{server=3, type=io.atomix.protocols.raft.RaftTest$TestPrimitiveType@3a1a32eb, name=raft-test, id=2}, session=2, timestamp=2018-06-11 12:15:11,068}, time=2018-06-11 12:15:11,068, operation=DefaultOperationId{id=write, type=COMMAND}, value=byte[]{length=17, hash=-1644578928}}
00:15:11.151 [raft-server-3] TRACE i.a.p.raft.roles.FollowerRole - RaftServer{3}{role=FOLLOWER} - Received AppendRequest{term=1, leader=1, prevLogIndex=4, prevLogTerm=1, entries=1, commitIndex=4}
00:15:11.151 [raft-server-2] TRACE i.a.p.raft.roles.FollowerRole - RaftServer{2}{role=FOLLOWER} - Sending AppendResponse{status=OK, term=1, succeeded=true, lastLogIndex=5}
00:15:11.151 [raft-server-1] TRACE i.a.p.raft.roles.LeaderAppender - RaftServer{1} - Received AppendResponse{status=OK, term=1, succeeded=true, lastLogIndex=5} from 2
00:15:11.152 [raft-server-1] TRACE i.a.p.raft.roles.LeaderAppender - RaftServer{1} - Committed entries up to 5
00:15:11.152 [raft-server-3] TRACE i.a.p.raft.roles.FollowerRole - RaftServer{3}{role=FOLLOWER} - Appended Indexed{index=5, entry=CommandEntry{term=1, timestamp=2018-06-11 12:15:11,133, session=2, sequence=1, operation=PrimitiveOperation{id=DefaultOperationId{id=write, type=COMMAND}, value=byte[]{length=17, hash=-1644578928}}}}
00:15:11.152 [raft-server-3] TRACE i.a.p.raft.roles.FollowerRole - RaftServer{3}{role=FOLLOWER} - Sending AppendResponse{status=OK, term=1, succeeded=true, lastLogIndex=5}
00:15:11.152 [raft-client-82530a18-bea6-4e53-b81d-3dd8c76650f9-5] TRACE i.a.p.r.s.impl.RaftSessionConnection - SessionClient{2}{type=io.atomix.protocols.raft.RaftTest$TestPrimitiveType@68b11545, name=raft-test} - Sending CommandRequest{session=2, sequence=2, operation=PrimitiveOperation{id=DefaultOperationId{id=write, type=COMMAND}, value=byte[]{length=17, hash=-1644578928}}} to 3
00:15:11.152 [raft-server-3] TRACE i.a.p.raft.roles.FollowerRole - RaftServer{3}{role=FOLLOWER} - Received CommandRequest{session=2, sequence=2, operation=PrimitiveOperation{id=DefaultOperationId{id=write, type=COMMAND}, value=byte[]{length=17, hash=-1644578928}}}
00:15:11.175 [raft-server-1] TRACE i.a.p.raft.roles.LeaderAppender - RaftServer{1} - Received AppendResponse{status=OK, term=1, succeeded=true, lastLogIndex=5} from 3
00:15:11.175 [raft-server-1] TRACE i.a.protocols.raft.roles.LeaderRole - RaftServer{1}{role=LEADER} - Received CommandRequest{session=2, sequence=2, operation=PrimitiveOperation{id=DefaultOperationId{id=write, type=COMMAND}, value=byte[]{length=17, hash=-1644578928}}}
00:15:11.176 [raft-server-1] TRACE i.a.protocols.raft.roles.LeaderRole - RaftServer{1}{role=LEADER} - Appended Indexed{index=6, entry=CommandEntry{term=1, timestamp=2018-06-11 12:15:11,175, session=2, sequence=2, operation=PrimitiveOperation{id=DefaultOperationId{id=write, type=COMMAND}, value=byte[]{length=17, hash=-1644578928}}}}
00:15:11.176 [raft-server-1] TRACE i.a.p.raft.roles.LeaderAppender - RaftServer{1} - Sending AppendRequest{term=1, leader=1, prevLogIndex=5, prevLogTerm=1, entries=1, commitIndex=5} to 2
00:15:11.176 [raft-server-1-state] TRACE i.a.p.raft.impl.RaftServiceManager - RaftServer{1} - Applying Indexed{index=5, entry=CommandEntry{term=1, timestamp=2018-06-11 12:15:11,133, session=2, sequence=1, operation=PrimitiveOperation{id=DefaultOperationId{id=write, type=COMMAND}, value=byte[]{length=17, hash=-1644578928}}}}
00:15:11.176 [raft-server-1-state] TRACE i.a.p.r.service.RaftServiceContext - PrimitiveService{2}{type=io.atomix.protocols.raft.RaftTest$TestPrimitiveType@5c91ef2b, name=raft-test} - Returning cached result for command with sequence number 1 < 2
00:15:11.176 [raft-server-1] TRACE i.a.p.raft.roles.LeaderAppender - RaftServer{1} - Sending AppendRequest{term=1, leader=1, prevLogIndex=5, prevLogTerm=1, entries=1, commitIndex=5} to 3
00:15:11.176 [raft-server-2] TRACE i.a.p.raft.roles.FollowerRole - RaftServer{2}{role=FOLLOWER} - Received AppendRequest{term=1, leader=1, prevLogIndex=5, prevLogTerm=1, entries=1, commitIndex=5}
00:15:11.176 [raft-server-1-state] TRACE i.a.protocols.raft.roles.LeaderRole - RaftServer{1}{role=LEADER} - Sending CommandResponse{status=OK, index=4, eventIndex=2, result=byte[]{length=2, hash=1248}}
00:15:11.176 [raft-server-3] TRACE i.a.p.raft.roles.FollowerRole - RaftServer{3}{role=FOLLOWER} - Received AppendRequest{term=1, leader=1, prevLogIndex=5, prevLogTerm=1, entries=1, commitIndex=5}
00:15:11.176 [raft-server-2] TRACE i.a.p.raft.roles.FollowerRole - RaftServer{2}{role=FOLLOWER} - Appended Indexed{index=6, entry=CommandEntry{term=1, timestamp=2018-06-11 12:15:11,175, session=2, sequence=2, operation=PrimitiveOperation{id=DefaultOperationId{id=write, type=COMMAND}, value=byte[]{length=17, hash=-1644578928}}}}
00:15:11.176 [raft-server-3] TRACE i.a.p.raft.roles.FollowerRole - RaftServer{3}{role=FOLLOWER} - Appended Indexed{index=6, entry=CommandEntry{term=1, timestamp=2018-06-11 12:15:11,175, session=2, sequence=2, operation=PrimitiveOperation{id=DefaultOperationId{id=write, type=COMMAND}, value=byte[]{length=17, hash=-1644578928}}}}
00:15:11.209 [raft-server-2] TRACE i.a.p.raft.roles.FollowerRole - RaftServer{2}{role=FOLLOWER} - Committed entries up to index 5
00:15:11.209 [raft-server-2] TRACE i.a.p.raft.roles.FollowerRole - RaftServer{2}{role=FOLLOWER} - Sending AppendResponse{status=OK, term=1, succeeded=true, lastLogIndex=6}
00:15:11.209 [raft-server-3] TRACE i.a.p.raft.roles.FollowerRole - RaftServer{3}{role=FOLLOWER} - Committed entries up to index 5
00:15:11.209 [raft-server-3] TRACE i.a.p.raft.roles.FollowerRole - RaftServer{3}{role=FOLLOWER} - Sending AppendResponse{status=OK, term=1, succeeded=true, lastLogIndex=6}
00:15:11.209 [raft-server-3] TRACE i.a.p.raft.roles.FollowerRole - RaftServer{3}{role=FOLLOWER} - Sending CommandResponse{status=OK, index=4, eventIndex=2, result=byte[]{length=2, hash=1248}}
00:15:11.209 [raft-server-1] TRACE i.a.p.raft.roles.LeaderAppender - RaftServer{1} - Received AppendResponse{status=OK, term=1, succeeded=true, lastLogIndex=6} from 2
00:15:11.209 [raft-server-2-state] TRACE i.a.p.raft.impl.RaftServiceManager - RaftServer{2} - Applying Indexed{index=5, entry=CommandEntry{term=1, timestamp=2018-06-11 12:15:11,133, session=2, sequence=1, operation=PrimitiveOperation{id=DefaultOperationId{id=write, type=COMMAND}, value=byte[]{length=17, hash=-1644578928}}}}
00:15:11.209 [raft-server-1] TRACE i.a.p.raft.roles.LeaderAppender - RaftServer{1} - Committed entries up to 6
00:15:11.209 [raft-server-3-state] TRACE i.a.p.raft.impl.RaftServiceManager - RaftServer{3} - Applying Indexed{index=5, entry=CommandEntry{term=1, timestamp=2018-06-11 12:15:11,133, session=2, sequence=1, operation=PrimitiveOperation{id=DefaultOperationId{id=write, type=COMMAND}, value=byte[]{length=17, hash=-1644578928}}}}
00:15:11.209 [raft-client-82530a18-bea6-4e53-b81d-3dd8c76650f9-1] TRACE i.a.p.r.s.impl.RaftSessionConnection - SessionClient{2}{type=io.atomix.protocols.raft.RaftTest$TestPrimitiveType@68b11545, name=raft-test} - Received CommandResponse{status=OK, index=4, eventIndex=2, result=byte[]{length=2, hash=1248}} from 3
00:15:11.209 [raft-server-2-state] TRACE i.a.p.r.service.RaftServiceContext - PrimitiveService{2}{type=io.atomix.protocols.raft.RaftTest$TestPrimitiveType@4f16731, name=raft-test} - Returning cached result for command with sequence number 1 < 2
00:15:11.209 [raft-server-3-state] TRACE i.a.p.r.service.RaftServiceContext - PrimitiveService{2}{type=io.atomix.protocols.raft.RaftTest$TestPrimitiveType@3a1a32eb, name=raft-test} - Returning cached result for command with sequence number 1 < 2
00:15:11.234 [raft-server-1] TRACE i.a.p.raft.roles.LeaderAppender - RaftServer{1} - Received AppendResponse{status=OK, term=1, succeeded=true, lastLogIndex=6} from 3
00:15:11.234 [raft-server-1-state] TRACE i.a.p.raft.impl.RaftServiceManager - RaftServer{1} - Applying Indexed{index=6, entry=CommandEntry{term=1, timestamp=2018-06-11 12:15:11,175, session=2, sequence=2, operation=PrimitiveOperation{id=DefaultOperationId{id=write, type=COMMAND}, value=byte[]{length=17, hash=-1644578928}}}}
00:15:11.234 [raft-server-1-state] TRACE i.a.p.s.impl.DefaultServiceExecutor - PrimitiveService{2}{type=io.atomix.protocols.raft.RaftTest$TestPrimitiveType@5c91ef2b, name=raft-test} - Executing DefaultCommit{index=6, session=RaftSession{RaftServiceContext{server=1, type=io.atomix.protocols.raft.RaftTest$TestPrimitiveType@5c91ef2b, name=raft-test, id=2}, session=2, timestamp=2018-06-11 12:15:11,175}, time=2018-06-11 12:15:11,175, operation=DefaultOperationId{id=write, type=COMMAND}, value=byte[]{length=17, hash=-1644578928}}
00:15:11.234 [raft-server-1-state] TRACE i.a.protocols.raft.roles.LeaderRole - RaftServer{1}{role=LEADER} - Sending CommandResponse{status=OK, index=6, eventIndex=2, result=byte[]{length=2, hash=1252}}
00:15:11.234 [raft-server-3] TRACE i.a.p.raft.roles.FollowerRole - RaftServer{3}{role=FOLLOWER} - Sending CommandResponse{status=OK, index=6, eventIndex=2, result=byte[]{length=2, hash=1252}}
00:15:11.234 [raft-client-82530a18-bea6-4e53-b81d-3dd8c76650f9-6] TRACE i.a.p.r.s.impl.RaftSessionConnection - SessionClient{2}{type=io.atomix.protocols.raft.RaftTest$TestPrimitiveType@68b11545, name=raft-test} - Received CommandResponse{status=OK, index=6, eventIndex=2, result=byte[]{length=2, hash=1252}} from 3
00:15:11.234 [raft-client-82530a18-bea6-4e53-b81d-3dd8c76650f9-6] TRACE i.a.p.r.s.impl.RaftSessionSequencer - SessionClient{2}{type=io.atomix.protocols.raft.RaftTest$TestPrimitiveType@68b11545, name=raft-test} - Completing response CommandResponse{status=OK, index=6, eventIndex=2, result=byte[]{length=2, hash=1252}}
00:15:11.235 [raft-client-82530a18-bea6-4e53-b81d-3dd8c76650f9-2] TRACE i.a.p.r.s.impl.RaftSessionConnection - SessionClient{2}{type=io.atomix.protocols.raft.RaftTest$TestPrimitiveType@68b11545, name=raft-test} - Sending CommandRequest{session=2, sequence=3, operation=PrimitiveOperation{id=DefaultOperationId{id=write, type=COMMAND}, value=byte[]{length=17, hash=-1644578928}}} to 3
00:15:11.235 [raft-server-3] TRACE i.a.p.raft.roles.FollowerRole - RaftServer{3}{role=FOLLOWER} - Received CommandRequest{session=2, sequence=3, operation=PrimitiveOperation{id=DefaultOperationId{id=write, type=COMMAND}, value=byte[]{length=17, hash=-1644578928}}}
00:15:11.235 [raft-server-1] TRACE i.a.protocols.raft.roles.LeaderRole - RaftServer{1}{role=LEADER} - Received CommandRequest{session=2, sequence=3, operation=PrimitiveOperation{id=DefaultOperationId{id=write, type=COMMAND}, value=byte[]{length=17, hash=-1644578928}}}
00:15:11.235 [raft-server-1] TRACE i.a.protocols.raft.roles.LeaderRole - RaftServer{1}{role=LEADER} - Appended Indexed{index=7, entry=CommandEntry{term=1, timestamp=2018-06-11 12:15:11,235, session=2, sequence=3, operation=PrimitiveOperation{id=DefaultOperationId{id=write, type=COMMAND}, value=byte[]{length=17, hash=-1644578928}}}}
00:15:11.235 [raft-server-1] TRACE i.a.p.raft.roles.LeaderAppender - RaftServer{1} - Sending AppendRequest{term=1, leader=1, prevLogIndex=6, prevLogTerm=1, entries=1, commitIndex=6} to 2
00:15:11.235 [raft-server-1] TRACE i.a.p.raft.roles.LeaderAppender - RaftServer{1} - Sending AppendRequest{term=1, leader=1, prevLogIndex=6, prevLogTerm=1, entries=1, commitIndex=6} to 3
00:15:11.235 [raft-server-2] TRACE i.a.p.raft.roles.FollowerRole - RaftServer{2}{role=FOLLOWER} - Received AppendRequest{term=1, leader=1, prevLogIndex=6, prevLogTerm=1, entries=1, commitIndex=6}
00:15:11.236 [raft-server-2] TRACE i.a.p.raft.roles.FollowerRole - RaftServer{2}{role=FOLLOWER} - Appended Indexed{index=7, entry=CommandEntry{term=1, timestamp=2018-06-11 12:15:11,235, session=2, sequence=3, operation=PrimitiveOperation{id=DefaultOperationId{id=write, type=COMMAND}, value=byte[]{length=17, hash=-1644578928}}}}
00:15:11.236 [raft-server-3] TRACE i.a.p.raft.roles.FollowerRole - RaftServer{3}{role=FOLLOWER} - Received AppendRequest{term=1, leader=1, prevLogIndex=6, prevLogTerm=1, entries=1, commitIndex=6}
00:15:11.236 [raft-server-3] TRACE i.a.p.raft.roles.FollowerRole - RaftServer{3}{role=FOLLOWER} - Appended Indexed{index=7, entry=CommandEntry{term=1, timestamp=2018-06-11 12:15:11,235, session=2, sequence=3, operation=PrimitiveOperation{id=DefaultOperationId{id=write, type=COMMAND}, value=byte[]{length=17, hash=-1644578928}}}}
00:15:11.267 [raft-server-2] TRACE i.a.p.raft.roles.FollowerRole - RaftServer{2}{role=FOLLOWER} - Committed entries up to index 6
00:15:11.267 [raft-server-2] TRACE i.a.p.raft.roles.FollowerRole - RaftServer{2}{role=FOLLOWER} - Sending AppendResponse{status=OK, term=1, succeeded=true, lastLogIndex=7}
00:15:11.267 [raft-server-1] TRACE i.a.p.raft.roles.LeaderAppender - RaftServer{1} - Received AppendResponse{status=OK, term=1, succeeded=true, lastLogIndex=7} from 2
00:15:11.267 [raft-server-1] TRACE i.a.p.raft.roles.LeaderAppender - RaftServer{1} - Committed entries up to 7
00:15:11.267 [raft-server-2-state] TRACE i.a.p.raft.impl.RaftServiceManager - RaftServer{2} - Applying Indexed{index=6, entry=CommandEntry{term=1, timestamp=2018-06-11 12:15:11,175, session=2, sequence=2, operation=PrimitiveOperation{id=DefaultOperationId{id=write, type=COMMAND}, value=byte[]{length=17, hash=-1644578928}}}}
00:15:11.267 [raft-server-2-state] TRACE i.a.p.s.impl.DefaultServiceExecutor - PrimitiveService{2}{type=io.atomix.protocols.raft.RaftTest$TestPrimitiveType@4f16731, name=raft-test} - Executing DefaultCommit{index=6, session=RaftSession{RaftServiceContext{server=2, type=io.atomix.protocols.raft.RaftTest$TestPrimitiveType@4f16731, name=raft-test, id=2}, session=2, timestamp=2018-06-11 12:15:11,175}, time=2018-06-11 12:15:11,175, operation=DefaultOperationId{id=write, type=COMMAND}, value=byte[]{length=17, hash=-1644578928}}
00:15:11.292 [raft-server-3] TRACE i.a.p.raft.roles.FollowerRole - RaftServer{3}{role=FOLLOWER} - Committed entries up to index 6
00:15:11.292 [raft-server-3] TRACE i.a.p.raft.roles.FollowerRole - RaftServer{3}{role=FOLLOWER} - Sending AppendResponse{status=OK, term=1, succeeded=true, lastLogIndex=7}
00:15:11.292 [raft-server-3-state] TRACE i.a.p.raft.impl.RaftServiceManager - RaftServer{3} - Applying Indexed{index=6, entry=CommandEntry{term=1, timestamp=2018-06-11 12:15:11,175, session=2, sequence=2, operation=PrimitiveOperation{id=DefaultOperationId{id=write, type=COMMAND}, value=byte[]{length=17, hash=-1644578928}}}}
00:15:11.292 [raft-server-3-state] TRACE i.a.p.s.impl.DefaultServiceExecutor - PrimitiveService{2}{type=io.atomix.protocols.raft.RaftTest$TestPrimitiveType@3a1a32eb, name=raft-test} - Executing DefaultCommit{index=6, session=RaftSession{RaftServiceContext{server=3, type=io.atomix.protocols.raft.RaftTest$TestPrimitiveType@3a1a32eb, name=raft-test, id=2}, session=2, timestamp=2018-06-11 12:15:11,175}, time=2018-06-11 12:15:11,175, operation=DefaultOperationId{id=write, type=COMMAND}, value=byte[]{length=17, hash=-1644578928}}
00:15:11.309 [raft-server-1] TRACE i.a.p.raft.roles.LeaderAppender - RaftServer{1} - Received AppendResponse{status=OK, term=1, succeeded=true, lastLogIndex=7} from 3
00:15:11.309 [raft-server-1] TRACE i.a.p.raft.roles.LeaderAppender - RaftServer{1} - Sending AppendRequest{term=1, leader=1, prevLogIndex=7, prevLogTerm=1, entries=0, commitIndex=7} to 2
00:15:11.309 [raft-server-1] TRACE i.a.p.raft.roles.LeaderAppender - RaftServer{1} - Sending AppendRequest{term=1, leader=1, prevLogIndex=7, prevLogTerm=1, entries=0, commitIndex=7} to 3
00:15:11.309 [raft-server-2] TRACE i.a.p.raft.roles.FollowerRole - RaftServer{2}{role=FOLLOWER} - Received AppendRequest{term=1, leader=1, prevLogIndex=7, prevLogTerm=1, entries=0, commitIndex=7}
00:15:11.309 [raft-server-3] TRACE i.a.p.raft.roles.FollowerRole - RaftServer{3}{role=FOLLOWER} - Received AppendRequest{term=1, leader=1, prevLogIndex=7, prevLogTerm=1, entries=0, commitIndex=7}
00:15:11.309 [raft-server-1-state] TRACE i.a.p.raft.impl.RaftServiceManager - RaftServer{1} - Applying Indexed{index=7, entry=CommandEntry{term=1, timestamp=2018-06-11 12:15:11,235, session=2, sequence=3, operation=PrimitiveOperation{id=DefaultOperationId{id=write, type=COMMAND}, value=byte[]{length=17, hash=-1644578928}}}}
00:15:11.309 [raft-server-1-state] TRACE i.a.p.s.impl.DefaultServiceExecutor - PrimitiveService{2}{type=io.atomix.protocols.raft.RaftTest$TestPrimitiveType@5c91ef2b, name=raft-test} - Executing DefaultCommit{index=7, session=RaftSession{RaftServiceContext{server=1, type=io.atomix.protocols.raft.RaftTest$TestPrimitiveType@5c91ef2b, name=raft-test, id=2}, session=2, timestamp=2018-06-11 12:15:11,235}, time=2018-06-11 12:15:11,235, operation=DefaultOperationId{id=write, type=COMMAND}, value=byte[]{length=17, hash=-1644578928}}
00:15:11.309 [raft-server-1-state] TRACE i.a.protocols.raft.roles.LeaderRole - RaftServer{1}{role=LEADER} - Sending CommandResponse{status=OK, index=7, eventIndex=2, result=byte[]{length=2, hash=1254}}
00:15:11.325 [raft-server-2] TRACE i.a.p.raft.roles.FollowerRole - RaftServer{2}{role=FOLLOWER} - Committed entries up to index 7
00:15:11.325 [raft-server-2] TRACE i.a.p.raft.roles.FollowerRole - RaftServer{2}{role=FOLLOWER} - Sending AppendResponse{status=OK, term=1, succeeded=true, lastLogIndex=7}
00:15:11.325 [raft-server-3] TRACE i.a.p.raft.roles.FollowerRole - RaftServer{3}{role=FOLLOWER} - Committed entries up to index 7
00:15:11.325 [raft-server-3] TRACE i.a.p.raft.roles.FollowerRole - RaftServer{3}{role=FOLLOWER} - Sending AppendResponse{status=OK, term=1, succeeded=true, lastLogIndex=7}
00:15:11.325 [raft-server-1] TRACE i.a.p.raft.roles.LeaderAppender - RaftServer{1} - Received AppendResponse{status=OK, term=1, succeeded=true, lastLogIndex=7} from 2
00:15:11.325 [raft-server-3] TRACE i.a.p.raft.roles.FollowerRole - RaftServer{3}{role=FOLLOWER} - Sending CommandResponse{status=OK, index=7, eventIndex=2, result=byte[]{length=2, hash=1254}}
00:15:11.325 [raft-server-2-state] TRACE i.a.p.raft.impl.RaftServiceManager - RaftServer{2} - Applying Indexed{index=7, entry=CommandEntry{term=1, timestamp=2018-06-11 12:15:11,235, session=2, sequence=3, operation=PrimitiveOperation{id=DefaultOperationId{id=write, type=COMMAND}, value=byte[]{length=17, hash=-1644578928}}}}
00:15:11.326 [raft-server-1] TRACE i.a.p.raft.roles.LeaderAppender - RaftServer{1} - Sending AppendRequest{term=1, leader=1, prevLogIndex=7, prevLogTerm=1, entries=0, commitIndex=7} to 2
00:15:11.326 [raft-client-82530a18-bea6-4e53-b81d-3dd8c76650f9-0] TRACE i.a.p.r.s.impl.RaftSessionConnection - SessionClient{2}{type=io.atomix.protocols.raft.RaftTest$TestPrimitiveType@68b11545, name=raft-test} - Received CommandResponse{status=OK, index=7, eventIndex=2, result=byte[]{length=2, hash=1254}} from 3
00:15:11.326 [raft-server-3-state] TRACE i.a.p.raft.impl.RaftServiceManager - RaftServer{3} - Applying Indexed{index=7, entry=CommandEntry{term=1, timestamp=2018-06-11 12:15:11,235, session=2, sequence=3, operation=PrimitiveOperation{id=DefaultOperationId{id=write, type=COMMAND}, value=byte[]{length=17, hash=-1644578928}}}}
00:15:11.326 [raft-server-2-state] TRACE i.a.p.s.impl.DefaultServiceExecutor - PrimitiveService{2}{type=io.atomix.protocols.raft.RaftTest$TestPrimitiveType@4f16731, name=raft-test} - Executing DefaultCommit{index=7, session=RaftSession{RaftServiceContext{server=2, type=io.atomix.protocols.raft.RaftTest$TestPrimitiveType@4f16731, name=raft-test, id=2}, session=2, timestamp=2018-06-11 12:15:11,235}, time=2018-06-11 12:15:11,235, operation=DefaultOperationId{id=write, type=COMMAND}, value=byte[]{length=17, hash=-1644578928}}
00:15:11.326 [raft-server-1] TRACE i.a.p.raft.roles.LeaderAppender - RaftServer{1} - Received AppendResponse{status=OK, term=1, succeeded=true, lastLogIndex=7} from 3
00:15:11.326 [raft-server-2] TRACE i.a.p.raft.roles.FollowerRole - RaftServer{2}{role=FOLLOWER} - Received AppendRequest{term=1, leader=1, prevLogIndex=7, prevLogTerm=1, entries=0, commitIndex=7}
00:15:11.326 [raft-client-82530a18-bea6-4e53-b81d-3dd8c76650f9-0] TRACE i.a.p.r.s.impl.RaftSessionSequencer - SessionClient{2}{type=io.atomix.protocols.raft.RaftTest$TestPrimitiveType@68b11545, name=raft-test} - Completing response CommandResponse{status=OK, index=7, eventIndex=2, result=byte[]{length=2, hash=1254}}
00:15:11.326 [raft-server-3-state] TRACE i.a.p.s.impl.DefaultServiceExecutor - PrimitiveService{2}{type=io.atomix.protocols.raft.RaftTest$TestPrimitiveType@3a1a32eb, name=raft-test} - Executing DefaultCommit{index=7, session=RaftSession{RaftServiceContext{server=3, type=io.atomix.protocols.raft.RaftTest$TestPrimitiveType@3a1a32eb, name=raft-test, id=2}, session=2, timestamp=2018-06-11 12:15:11,235}, time=2018-06-11 12:15:11,235, operation=DefaultOperationId{id=write, type=COMMAND}, value=byte[]{length=17, hash=-1644578928}}
00:15:11.326 [raft-server-1] TRACE i.a.p.raft.roles.LeaderAppender - RaftServer{1} - Sending AppendRequest{term=1, leader=1, prevLogIndex=7, prevLogTerm=1, entries=0, commitIndex=7} to 3
00:15:11.326 [raft-server-2] TRACE i.a.p.raft.roles.FollowerRole - RaftServer{2}{role=FOLLOWER} - Sending AppendResponse{status=OK, term=1, succeeded=true, lastLogIndex=7}
00:15:11.326 [raft-server-3] TRACE i.a.p.raft.roles.FollowerRole - RaftServer{3}{role=FOLLOWER} - Received AppendRequest{term=1, leader=1, prevLogIndex=7, prevLogTerm=1, entries=0, commitIndex=7}
00:15:11.326 [raft-server-3] TRACE i.a.p.raft.roles.FollowerRole - RaftServer{3}{role=FOLLOWER} - Sending AppendResponse{status=OK, term=1, succeeded=true, lastLogIndex=7}
00:15:11.326 [raft-client-82530a18-bea6-4e53-b81d-3dd8c76650f9-4] TRACE i.a.p.r.s.impl.RaftSessionConnection - SessionClient{2}{type=io.atomix.protocols.raft.RaftTest$TestPrimitiveType@68b11545, name=raft-test} - Sending CommandRequest{session=2, sequence=4, operation=PrimitiveOperation{id=DefaultOperationId{id=write, type=COMMAND}, value=byte[]{length=17, hash=-1644578928}}} to 3
00:15:11.326 [raft-server-3] TRACE i.a.p.raft.roles.FollowerRole - RaftServer{3}{role=FOLLOWER} - Received CommandRequest{session=2, sequence=4, operation=PrimitiveOperation{id=DefaultOperationId{id=write, type=COMMAND}, value=byte[]{length=17, hash=-1644578928}}}
00:15:11.326 [raft-server-1] TRACE i.a.p.raft.roles.LeaderAppender - RaftServer{1} - Received AppendResponse{status=OK, term=1, succeeded=true, lastLogIndex=7} from 2
00:15:11.326 [raft-server-1] TRACE i.a.p.raft.roles.LeaderAppender - RaftServer{1} - Received AppendResponse{status=OK, term=1, succeeded=true, lastLogIndex=7} from 3
00:15:11.326 [raft-server-1] TRACE i.a.protocols.raft.roles.LeaderRole - RaftServer{1}{role=LEADER} - Received CommandRequest{session=2, sequence=4, operation=PrimitiveOperation{id=DefaultOperationId{id=write, type=COMMAND}, value=byte[]{length=17, hash=-1644578928}}}
00:15:11.326 [raft-server-1] TRACE i.a.protocols.raft.roles.LeaderRole - RaftServer{1}{role=LEADER} - Appended Indexed{index=8, entry=CommandEntry{term=1, timestamp=2018-06-11 12:15:11,326, session=2, sequence=4, operation=PrimitiveOperation{id=DefaultOperationId{id=write, type=COMMAND}, value=byte[]{length=17, hash=-1644578928}}}}
00:15:11.326 [raft-server-1] TRACE i.a.p.raft.roles.LeaderAppender - RaftServer{1} - Sending AppendRequest{term=1, leader=1, prevLogIndex=7, prevLogTerm=1, entries=1, commitIndex=7} to 2
00:15:11.327 [raft-server-2] TRACE i.a.p.raft.roles.FollowerRole - RaftServer{2}{role=FOLLOWER} - Received AppendRequest{term=1, leader=1, prevLogIndex=7, prevLogTerm=1, entries=1, commitIndex=7}
00:15:11.327 [raft-server-1] TRACE i.a.p.raft.roles.LeaderAppender - RaftServer{1} - Sending AppendRequest{term=1, leader=1, prevLogIndex=7, prevLogTerm=1, entries=1, commitIndex=7} to 3
00:15:11.327 [raft-server-3] TRACE i.a.p.raft.roles.FollowerRole - RaftServer{3}{role=FOLLOWER} - Received AppendRequest{term=1, leader=1, prevLogIndex=7, prevLogTerm=1, entries=1, commitIndex=7}
00:15:11.327 [raft-server-2] TRACE i.a.p.raft.roles.FollowerRole - RaftServer{2}{role=FOLLOWER} - Appended Indexed{index=8, entry=CommandEntry{term=1, timestamp=2018-06-11 12:15:11,326, session=2, sequence=4, operation=PrimitiveOperation{id=DefaultOperationId{id=write, type=COMMAND}, value=byte[]{length=17, hash=-1644578928}}}}
00:15:11.327 [raft-server-2] TRACE i.a.p.raft.roles.FollowerRole - RaftServer{2}{role=FOLLOWER} - Sending AppendResponse{status=OK, term=1, succeeded=true, lastLogIndex=8}
00:15:11.327 [raft-server-3] TRACE i.a.p.raft.roles.FollowerRole - RaftServer{3}{role=FOLLOWER} - Appended Indexed{index=8, entry=CommandEntry{term=1, timestamp=2018-06-11 12:15:11,326, session=2, sequence=4, operation=PrimitiveOperation{id=DefaultOperationId{id=write, type=COMMAND}, value=byte[]{length=17, hash=-1644578928}}}}
00:15:11.327 [raft-server-3] TRACE i.a.p.raft.roles.FollowerRole - RaftServer{3}{role=FOLLOWER} - Sending AppendResponse{status=OK, term=1, succeeded=true, lastLogIndex=8}
00:15:11.327 [raft-server-1] TRACE i.a.p.raft.roles.LeaderAppender - RaftServer{1} - Received AppendResponse{status=OK, term=1, succeeded=true, lastLogIndex=8} from 2
00:15:11.327 [raft-server-1] TRACE i.a.p.raft.roles.LeaderAppender - RaftServer{1} - Committed entries up to 8
00:15:11.350 [raft-server-1] TRACE i.a.p.raft.roles.LeaderAppender - RaftServer{1} - Received AppendResponse{status=OK, term=1, succeeded=true, lastLogIndex=8} from 3
00:15:11.351 [raft-server-1-state] TRACE i.a.p.raft.impl.RaftServiceManager - RaftServer{1} - Applying Indexed{index=8, entry=CommandEntry{term=1, timestamp=2018-06-11 12:15:11,326, session=2, sequence=4, operation=PrimitiveOperation{id=DefaultOperationId{id=write, type=COMMAND}, value=byte[]{length=17, hash=-1644578928}}}}
00:15:11.351 [raft-server-1-state] TRACE i.a.p.s.impl.DefaultServiceExecutor - PrimitiveService{2}{type=io.atomix.protocols.raft.RaftTest$TestPrimitiveType@5c91ef2b, name=raft-test} - Executing DefaultCommit{index=8, session=RaftSession{RaftServiceContext{server=1, type=io.atomix.protocols.raft.RaftTest$TestPrimitiveType@5c91ef2b, name=raft-test, id=2}, session=2, timestamp=2018-06-11 12:15:11,326}, time=2018-06-11 12:15:11,326, operation=DefaultOperationId{id=write, type=COMMAND}, value=byte[]{length=17, hash=-1644578928}}
00:15:11.351 [raft-server-1-state] TRACE i.a.protocols.raft.roles.LeaderRole - RaftServer{1}{role=LEADER} - Sending CommandResponse{status=OK, index=8, eventIndex=2, result=byte[]{length=2, hash=1256}}
00:15:11.351 [raft-server-3] TRACE i.a.p.raft.roles.FollowerRole - RaftServer{3}{role=FOLLOWER} - Sending CommandResponse{status=OK, index=8, eventIndex=2, result=byte[]{length=2, hash=1256}}
00:15:11.351 [raft-client-82530a18-bea6-4e53-b81d-3dd8c76650f9-5] TRACE i.a.p.r.s.impl.RaftSessionConnection - SessionClient{2}{type=io.atomix.protocols.raft.RaftTest$TestPrimitiveType@68b11545, name=raft-test} - Received CommandResponse{status=OK, index=8, eventIndex=2, result=byte[]{length=2, hash=1256}} from 3
00:15:11.351 [raft-client-82530a18-bea6-4e53-b81d-3dd8c76650f9-5] TRACE i.a.p.r.s.impl.RaftSessionSequencer - SessionClient{2}{type=io.atomix.protocols.raft.RaftTest$TestPrimitiveType@68b11545, name=raft-test} - Completing response CommandResponse{status=OK, index=8, eventIndex=2, result=byte[]{length=2, hash=1256}}
00:15:11.351 [raft-client-82530a18-bea6-4e53-b81d-3dd8c76650f9-5] TRACE i.a.p.r.s.impl.RaftSessionConnection - SessionClient{2}{type=io.atomix.protocols.raft.RaftTest$TestPrimitiveType@68b11545, name=raft-test} - Sending CommandRequest{session=2, sequence=5, operation=PrimitiveOperation{id=DefaultOperationId{id=write, type=COMMAND}, value=byte[]{length=17, hash=-1644578928}}} to 3
00:15:11.351 [raft-server-3] TRACE i.a.p.raft.roles.FollowerRole - RaftServer{3}{role=FOLLOWER} - Received CommandRequest{session=2, sequence=5, operation=PrimitiveOperation{id=DefaultOperationId{id=write, type=COMMAND}, value=byte[]{length=17, hash=-1644578928}}}
00:15:11.351 [raft-server-1] TRACE i.a.protocols.raft.roles.LeaderRole - RaftServer{1}{role=LEADER} - Received CommandRequest{session=2, sequence=5, operation=PrimitiveOperation{id=DefaultOperationId{id=write, type=COMMAND}, value=byte[]{length=17, hash=-1644578928}}}
00:15:11.351 [raft-server-1] TRACE i.a.protocols.raft.roles.LeaderRole - RaftServer{1}{role=LEADER} - Appended Indexed{index=9, entry=CommandEntry{term=1, timestamp=2018-06-11 12:15:11,351, session=2, sequence=5, operation=PrimitiveOperation{id=DefaultOperationId{id=write, type=COMMAND}, value=byte[]{length=17, hash=-1644578928}}}}
00:15:11.351 [raft-server-1] TRACE i.a.p.raft.roles.LeaderAppender - RaftServer{1} - Sending AppendRequest{term=1, leader=1, prevLogIndex=8, prevLogTerm=1, entries=1, commitIndex=8} to 2
00:15:11.352 [raft-server-2] TRACE i.a.p.raft.roles.FollowerRole - RaftServer{2}{role=FOLLOWER} - Received AppendRequest{term=1, leader=1, prevLogIndex=8, prevLogTerm=1, entries=1, commitIndex=8}
00:15:11.352 [raft-server-1] TRACE i.a.p.raft.roles.LeaderAppender - RaftServer{1} - Sending AppendRequest{term=1, leader=1, prevLogIndex=8, prevLogTerm=1, entries=1, commitIndex=8} to 3
00:15:11.352 [raft-server-3] TRACE i.a.p.raft.roles.FollowerRole - RaftServer{3}{role=FOLLOWER} - Received AppendRequest{term=1, leader=1, prevLogIndex=8, prevLogTerm=1, entries=1, commitIndex=8}
00:15:11.352 [raft-server-2] TRACE i.a.p.raft.roles.FollowerRole - RaftServer{2}{role=FOLLOWER} - Appended Indexed{index=9, entry=CommandEntry{term=1, timestamp=2018-06-11 12:15:11,351, session=2, sequence=5, operation=PrimitiveOperation{id=DefaultOperationId{id=write, type=COMMAND}, value=byte[]{length=17, hash=-1644578928}}}}
00:15:11.352 [raft-server-3] TRACE i.a.p.raft.roles.FollowerRole - RaftServer{3}{role=FOLLOWER} - Appended Indexed{index=9, entry=CommandEntry{term=1, timestamp=2018-06-11 12:15:11,351, session=2, sequence=5, operation=PrimitiveOperation{id=DefaultOperationId{id=write, type=COMMAND}, value=byte[]{length=17, hash=-1644578928}}}}
00:15:11.375 [raft-server-2] TRACE i.a.p.raft.roles.FollowerRole - RaftServer{2}{role=FOLLOWER} - Committed entries up to index 8
00:15:11.375 [raft-server-3] TRACE i.a.p.raft.roles.FollowerRole - RaftServer{3}{role=FOLLOWER} - Committed entries up to index 8
00:15:11.375 [raft-server-2] TRACE i.a.p.raft.roles.FollowerRole - RaftServer{2}{role=FOLLOWER} - Sending AppendResponse{status=OK, term=1, succeeded=true, lastLogIndex=9}
00:15:11.375 [raft-server-3] TRACE i.a.p.raft.roles.FollowerRole - RaftServer{3}{role=FOLLOWER} - Sending AppendResponse{status=OK, term=1, succeeded=true, lastLogIndex=9}
00:15:11.376 [raft-server-3-state] TRACE i.a.p.raft.impl.RaftServiceManager - RaftServer{3} - Applying Indexed{index=8, entry=CommandEntry{term=1, timestamp=2018-06-11 12:15:11,326, session=2, sequence=4, operation=PrimitiveOperation{id=DefaultOperationId{id=write, type=COMMAND}, value=byte[]{length=17, hash=-1644578928}}}}
00:15:11.375 [raft-server-2-state] TRACE i.a.p.raft.impl.RaftServiceManager - RaftServer{2} - Applying Indexed{index=8, entry=CommandEntry{term=1, timestamp=2018-06-11 12:15:11,326, session=2, sequence=4, operation=PrimitiveOperation{id=DefaultOperationId{id=write, type=COMMAND}, value=byte[]{length=17, hash=-1644578928}}}}
00:15:11.376 [raft-server-1] TRACE i.a.p.raft.roles.LeaderAppender - RaftServer{1} - Received AppendResponse{status=OK, term=1, succeeded=true, lastLogIndex=9} from 2
00:15:11.376 [raft-server-3-state] TRACE i.a.p.s.impl.DefaultServiceExecutor - PrimitiveService{2}{type=io.atomix.protocols.raft.RaftTest$TestPrimitiveType@3a1a32eb, name=raft-test} - Executing DefaultCommit{index=8, session=RaftSession{RaftServiceContext{server=3, type=io.atomix.protocols.raft.RaftTest$TestPrimitiveType@3a1a32eb, name=raft-test, id=2}, session=2, timestamp=2018-06-11 12:15:11,326}, time=2018-06-11 12:15:11,326, operation=DefaultOperationId{id=write, type=COMMAND}, value=byte[]{length=17, hash=-1644578928}}
00:15:11.376 [raft-server-2-state] TRACE i.a.p.s.impl.DefaultServiceExecutor - PrimitiveService{2}{type=io.atomix.protocols.raft.RaftTest$TestPrimitiveType@4f16731, name=raft-test} - Executing DefaultCommit{index=8, session=RaftSession{RaftServiceContext{server=2, type=io.atomix.protocols.raft.RaftTest$TestPrimitiveType@4f16731, name=raft-test, id=2}, session=2, timestamp=2018-06-11 12:15:11,326}, time=2018-06-11 12:15:11,326, operation=DefaultOperationId{id=write, type=COMMAND}, value=byte[]{length=17, hash=-1644578928}}
00:15:11.376 [raft-server-1] TRACE i.a.p.raft.roles.LeaderAppender - RaftServer{1} - Committed entries up to 9
00:15:11.400 [raft-server-1] TRACE i.a.p.raft.roles.LeaderAppender - RaftServer{1} - Received AppendResponse{status=OK, term=1, succeeded=true, lastLogIndex=9} from 3
00:15:11.401 [raft-server-1-state] TRACE i.a.p.raft.impl.RaftServiceManager - RaftServer{1} - Applying Indexed{index=9, entry=CommandEntry{term=1, timestamp=2018-06-11 12:15:11,351, session=2, sequence=5, operation=PrimitiveOperation{id=DefaultOperationId{id=write, type=COMMAND}, value=byte[]{length=17, hash=-1644578928}}}}
00:15:11.401 [raft-server-1-state] TRACE i.a.p.s.impl.DefaultServiceExecutor - PrimitiveService{2}{type=io.atomix.protocols.raft.RaftTest$TestPrimitiveType@5c91ef2b, name=raft-test} - Executing DefaultCommit{index=9, session=RaftSession{RaftServiceContext{server=1, type=io.atomix.protocols.raft.RaftTest$TestPrimitiveType@5c91ef2b, name=raft-test, id=2}, session=2, timestamp=2018-06-11 12:15:11,351}, time=2018-06-11 12:15:11,351, operation=DefaultOperationId{id=write, type=COMMAND}, value=byte[]{length=17, hash=-1644578928}}
00:15:11.401 [raft-server-1-state] TRACE i.a.protocols.raft.roles.LeaderRole - RaftServer{1}{role=LEADER} - Sending CommandResponse{status=OK, index=9, eventIndex=2, result=byte[]{length=2, hash=1258}}
00:15:11.401 [raft-server-3] TRACE i.a.p.raft.roles.FollowerRole - RaftServer{3}{role=FOLLOWER} - Sending CommandResponse{status=OK, index=9, eventIndex=2, result=byte[]{length=2, hash=1258}}
00:15:11.401 [raft-client-82530a18-bea6-4e53-b81d-3dd8c76650f9-6] TRACE i.a.p.r.s.impl.RaftSessionConnection - SessionClient{2}{type=io.atomix.protocols.raft.RaftTest$TestPrimitiveType@68b11545, name=raft-test} - Received CommandResponse{status=OK, index=9, eventIndex=2, result=byte[]{length=2, hash=1258}} from 3
00:15:11.401 [raft-client-82530a18-bea6-4e53-b81d-3dd8c76650f9-6] TRACE i.a.p.r.s.impl.RaftSessionSequencer - SessionClient{2}{type=io.atomix.protocols.raft.RaftTest$TestPrimitiveType@68b11545, name=raft-test} - Completing response CommandResponse{status=OK, index=9, eventIndex=2, result=byte[]{length=2, hash=1258}}
00:15:11.401 [raft-client-82530a18-bea6-4e53-b81d-3dd8c76650f9-2] TRACE i.a.p.r.s.impl.RaftSessionConnection - SessionClient{2}{type=io.atomix.protocols.raft.RaftTest$TestPrimitiveType@68b11545, name=raft-test} - Sending CommandRequest{session=2, sequence=6, operation=PrimitiveOperation{id=DefaultOperationId{id=write, type=COMMAND}, value=byte[]{length=17, hash=-1644578928}}} to 3
00:15:11.401 [raft-server-3] TRACE i.a.p.raft.roles.FollowerRole - RaftServer{3}{role=FOLLOWER} - Received CommandRequest{session=2, sequence=6, operation=PrimitiveOperation{id=DefaultOperationId{id=write, type=COMMAND}, value=byte[]{length=17, hash=-1644578928}}}
00:15:11.401 [raft-server-1] TRACE i.a.protocols.raft.roles.LeaderRole - RaftServer{1}{role=LEADER} - Received CommandRequest{session=2, sequence=6, operation=PrimitiveOperation{id=DefaultOperationId{id=write, type=COMMAND}, value=byte[]{length=17, hash=-1644578928}}}
00:15:11.401 [raft-server-1] TRACE i.a.protocols.raft.roles.LeaderRole - RaftServer{1}{role=LEADER} - Appended Indexed{index=10, entry=CommandEntry{term=1, timestamp=2018-06-11 12:15:11,401, session=2, sequence=6, operation=PrimitiveOperation{id=DefaultOperationId{id=write, type=COMMAND}, value=byte[]{length=17, hash=-1644578928}}}}
00:15:11.402 [raft-server-1] TRACE i.a.p.raft.roles.LeaderAppender - RaftServer{1} - Sending AppendRequest{term=1, leader=1, prevLogIndex=9, prevLogTerm=1, entries=1, commitIndex=9} to 2
00:15:11.402 [raft-server-1] TRACE i.a.p.raft.roles.LeaderAppender - RaftServer{1} - Sending AppendRequest{term=1, leader=1, prevLogIndex=9, prevLogTerm=1, entries=1, commitIndex=9} to 3
00:15:11.402 [raft-server-2] TRACE i.a.p.raft.roles.FollowerRole - RaftServer{2}{role=FOLLOWER} - Received AppendRequest{term=1, leader=1, prevLogIndex=9, prevLogTerm=1, entries=1, commitIndex=9}
00:15:11.402 [raft-server-3] TRACE i.a.p.raft.roles.FollowerRole - RaftServer{3}{role=FOLLOWER} - Received AppendRequest{term=1, leader=1, prevLogIndex=9, prevLogTerm=1, entries=1, commitIndex=9}
00:15:11.402 [raft-server-2] TRACE i.a.p.raft.roles.FollowerRole - RaftServer{2}{role=FOLLOWER} - Appended Indexed{index=10, entry=CommandEntry{term=1, timestamp=2018-06-11 12:15:11,401, session=2, sequence=6, operation=PrimitiveOperation{id=DefaultOperationId{id=write, type=COMMAND}, value=byte[]{length=17, hash=-1644578928}}}}
00:15:11.402 [raft-server-3] TRACE i.a.p.raft.roles.FollowerRole - RaftServer{3}{role=FOLLOWER} - Appended Indexed{index=10, entry=CommandEntry{term=1, timestamp=2018-06-11 12:15:11,401, session=2, sequence=6, operation=PrimitiveOperation{id=DefaultOperationId{id=write, type=COMMAND}, value=byte[]{length=17, hash=-1644578928}}}}
00:15:11.445 [raft-server-2] TRACE i.a.p.raft.roles.FollowerRole - RaftServer{2}{role=FOLLOWER} - Committed entries up to index 9
00:15:11.445 [raft-server-2] TRACE i.a.p.raft.roles.FollowerRole - RaftServer{2}{role=FOLLOWER} - Sending AppendResponse{status=OK, term=1, succeeded=true, lastLogIndex=10}
00:15:11.445 [raft-server-3] TRACE i.a.p.raft.roles.FollowerRole - RaftServer{3}{role=FOLLOWER} - Committed entries up to index 9
00:15:11.445 [raft-server-3] TRACE i.a.p.raft.roles.FollowerRole - RaftServer{3}{role=FOLLOWER} - Sending AppendResponse{status=OK, term=1, succeeded=true, lastLogIndex=10}
00:15:11.445 [raft-server-1] TRACE i.a.p.raft.roles.LeaderAppender - RaftServer{1} - Received AppendResponse{status=OK, term=1, succeeded=true, lastLogIndex=10} from 2
00:15:11.445 [raft-server-1] TRACE i.a.p.raft.roles.LeaderAppender - RaftServer{1} - Committed entries up to 10
00:15:11.445 [raft-server-2-state] TRACE i.a.p.raft.impl.RaftServiceManager - RaftServer{2} - Applying Indexed{index=9, entry=CommandEntry{term=1, timestamp=2018-06-11 12:15:11,351, session=2, sequence=5, operation=PrimitiveOperation{id=DefaultOperationId{id=write, type=COMMAND}, value=byte[]{length=17, hash=-1644578928}}}}
00:15:11.445 [raft-server-3-state] TRACE i.a.p.raft.impl.RaftServiceManager - RaftServer{3} - Applying Indexed{index=9, entry=CommandEntry{term=1, timestamp=2018-06-11 12:15:11,351, session=2, sequence=5, operation=PrimitiveOperation{id=DefaultOperationId{id=write, type=COMMAND}, value=byte[]{length=17, hash=-1644578928}}}}
00:15:11.445 [raft-server-2-state] TRACE i.a.p.s.impl.DefaultServiceExecutor - PrimitiveService{2}{type=io.atomix.protocols.raft.RaftTest$TestPrimitiveType@4f16731, name=raft-test} - Executing DefaultCommit{index=9, session=RaftSession{RaftServiceContext{server=2, type=io.atomix.protocols.raft.RaftTest$TestPrimitiveType@4f16731, name=raft-test, id=2}, session=2, timestamp=2018-06-11 12:15:11,351}, time=2018-06-11 12:15:11,351, operation=DefaultOperationId{id=write, type=COMMAND}, value=byte[]{length=17, hash=-1644578928}}
00:15:11.445 [raft-server-3-state] TRACE i.a.p.s.impl.DefaultServiceExecutor - PrimitiveService{2}{type=io.atomix.protocols.raft.RaftTest$TestPrimitiveType@3a1a32eb, name=raft-test} - Executing DefaultCommit{index=9, session=RaftSession{RaftServiceContext{server=3, type=io.atomix.protocols.raft.RaftTest$TestPrimitiveType@3a1a32eb, name=raft-test, id=2}, session=2, timestamp=2018-06-11 12:15:11,351}, time=2018-06-11 12:15:11,351, operation=DefaultOperationId{id=write, type=COMMAND}, value=byte[]{length=17, hash=-1644578928}}
00:15:11.503 [raft-server-1] TRACE i.a.p.raft.roles.LeaderAppender - RaftServer{1} - Received AppendResponse{status=OK, term=1, succeeded=true, lastLogIndex=10} from 3
00:15:11.503 [raft-server-1-state] TRACE i.a.p.raft.impl.RaftServiceManager - RaftServer{1} - Applying Indexed{index=10, entry=CommandEntry{term=1, timestamp=2018-06-11 12:15:11,401, session=2, sequence=6, operation=PrimitiveOperation{id=DefaultOperationId{id=write, type=COMMAND}, value=byte[]{length=17, hash=-1644578928}}}}
00:15:11.504 [raft-server-1-state] TRACE i.a.p.s.impl.DefaultServiceExecutor - PrimitiveService{2}{type=io.atomix.protocols.raft.RaftTest$TestPrimitiveType@5c91ef2b, name=raft-test} - Executing DefaultCommit{index=10, session=RaftSession{RaftServiceContext{server=1, type=io.atomix.protocols.raft.RaftTest$TestPrimitiveType@5c91ef2b, name=raft-test, id=2}, session=2, timestamp=2018-06-11 12:15:11,401}, time=2018-06-11 12:15:11,401, operation=DefaultOperationId{id=write, type=COMMAND}, value=byte[]{length=17, hash=-1644578928}}
00:15:11.504 [raft-server-1-state] TRACE i.a.protocols.raft.roles.LeaderRole - RaftServer{1}{role=LEADER} - Sending CommandResponse{status=OK, index=10, eventIndex=2, result=byte[]{length=2, hash=1260}}
00:15:11.504 [raft-server-3] TRACE i.a.p.raft.roles.FollowerRole - RaftServer{3}{role=FOLLOWER} - Sending CommandResponse{status=OK, index=10, eventIndex=2, result=byte[]{length=2, hash=1260}}
00:15:11.504 [raft-client-82530a18-bea6-4e53-b81d-3dd8c76650f9-0] TRACE i.a.p.r.s.impl.RaftSessionConnection - SessionClient{2}{type=io.atomix.protocols.raft.RaftTest$TestPrimitiveType@68b11545, name=raft-test} - Received CommandResponse{status=OK, index=10, eventIndex=2, result=byte[]{length=2, hash=1260}} from 3
00:15:11.504 [raft-client-82530a18-bea6-4e53-b81d-3dd8c76650f9-0] TRACE i.a.p.r.s.impl.RaftSessionSequencer - SessionClient{2}{type=io.atomix.protocols.raft.RaftTest$TestPrimitiveType@68b11545, name=raft-test} - Completing response CommandResponse{status=OK, index=10, eventIndex=2, result=byte[]{length=2, hash=1260}}
00:15:11.504 [raft-client-82530a18-bea6-4e53-b81d-3dd8c76650f9-1] TRACE i.a.p.r.s.impl.RaftSessionConnection - SessionClient{2}{type=io.atomix.protocols.raft.RaftTest$TestPrimitiveType@68b11545, name=raft-test} - Sending CommandRequest{session=2, sequence=7, operation=PrimitiveOperation{id=DefaultOperationId{id=write, type=COMMAND}, value=byte[]{length=17, hash=-1644578928}}} to 3
00:15:11.504 [raft-server-3] TRACE i.a.p.raft.roles.FollowerRole - RaftServer{3}{role=FOLLOWER} - Received CommandRequest{session=2, sequence=7, operation=PrimitiveOperation{id=DefaultOperationId{id=write, type=COMMAND}, value=byte[]{length=17, hash=-1644578928}}}
00:15:11.504 [raft-server-1] TRACE i.a.protocols.raft.roles.LeaderRole - RaftServer{1}{role=LEADER} - Received CommandRequest{session=2, sequence=7, operation=PrimitiveOperation{id=DefaultOperationId{id=write, type=COMMAND}, value=byte[]{length=17, hash=-1644578928}}}
00:15:11.604 [raft-server-1] DEBUG i.a.storage.journal.SegmentedJournal - Created disk segment: JournalSegment{id=2, version=1, index=11, size=64}
00:15:11.604 [raft-server-1] TRACE i.a.protocols.raft.roles.LeaderRole - RaftServer{1}{role=LEADER} - Appended Indexed{index=11, entry=CommandEntry{term=1, timestamp=2018-06-11 12:15:11,504, session=2, sequence=7, operation=PrimitiveOperation{id=DefaultOperationId{id=write, type=COMMAND}, value=byte[]{length=17, hash=-1644578928}}}}
00:15:11.604 [raft-server-1] TRACE i.a.p.raft.roles.LeaderAppender - RaftServer{1} - Sending AppendRequest{term=1, leader=1, prevLogIndex=10, prevLogTerm=1, entries=1, commitIndex=10} to 2
00:15:11.605 [raft-server-2] TRACE i.a.p.raft.roles.FollowerRole - RaftServer{2}{role=FOLLOWER} - Received AppendRequest{term=1, leader=1, prevLogIndex=10, prevLogTerm=1, entries=1, commitIndex=10}
00:15:11.605 [raft-server-1] TRACE i.a.p.raft.roles.LeaderAppender - RaftServer{1} - Sending AppendRequest{term=1, leader=1, prevLogIndex=10, prevLogTerm=1, entries=1, commitIndex=10} to 3
00:15:11.605 [raft-server-3] TRACE i.a.p.raft.roles.FollowerRole - RaftServer{3}{role=FOLLOWER} - Received AppendRequest{term=1, leader=1, prevLogIndex=10, prevLogTerm=1, entries=1, commitIndex=10}
00:15:11.734 [raft-server-2] DEBUG i.a.storage.journal.SegmentedJournal - Created disk segment: JournalSegment{id=2, version=1, index=11, size=64}
00:15:11.734 [raft-server-2] TRACE i.a.p.raft.roles.FollowerRole - RaftServer{2}{role=FOLLOWER} - Appended Indexed{index=11, entry=CommandEntry{term=1, timestamp=2018-06-11 12:15:11,504, session=2, sequence=7, operation=PrimitiveOperation{id=DefaultOperationId{id=write, type=COMMAND}, value=byte[]{length=17, hash=-1644578928}}}}
00:15:11.775 [raft-server-3] DEBUG i.a.storage.journal.SegmentedJournal - Created disk segment: JournalSegment{id=2, version=1, index=11, size=64}
00:15:11.776 [raft-server-3] TRACE i.a.p.raft.roles.FollowerRole - RaftServer{3}{role=FOLLOWER} - Appended Indexed{index=11, entry=CommandEntry{term=1, timestamp=2018-06-11 12:15:11,504, session=2, sequence=7, operation=PrimitiveOperation{id=DefaultOperationId{id=write, type=COMMAND}, value=byte[]{length=17, hash=-1644578928}}}}
00:15:11.824 [raft-server-2] TRACE i.a.p.raft.roles.FollowerRole - RaftServer{2}{role=FOLLOWER} - Committed entries up to index 10
00:15:11.824 [raft-server-2] TRACE i.a.p.raft.roles.FollowerRole - RaftServer{2}{role=FOLLOWER} - Sending AppendResponse{status=OK, term=1, succeeded=true, lastLogIndex=11}
00:15:11.824 [raft-server-1] TRACE i.a.p.raft.roles.LeaderAppender - RaftServer{1} - Received AppendResponse{status=OK, term=1, succeeded=true, lastLogIndex=11} from 2
00:15:11.824 [raft-server-2-state] TRACE i.a.p.raft.impl.RaftServiceManager - RaftServer{2} - Applying Indexed{index=10, entry=CommandEntry{term=1, timestamp=2018-06-11 12:15:11,401, session=2, sequence=6, operation=PrimitiveOperation{id=DefaultOperationId{id=write, type=COMMAND}, value=byte[]{length=17, hash=-1644578928}}}}
00:15:11.824 [raft-server-1] TRACE i.a.p.raft.roles.LeaderAppender - RaftServer{1} - Committed entries up to 11
00:15:11.824 [raft-server-2-state] TRACE i.a.p.s.impl.DefaultServiceExecutor - PrimitiveService{2}{type=io.atomix.protocols.raft.RaftTest$TestPrimitiveType@4f16731, name=raft-test} - Executing DefaultCommit{index=10, session=RaftSession{RaftServiceContext{server=2, type=io.atomix.protocols.raft.RaftTest$TestPrimitiveType@4f16731, name=raft-test, id=2}, session=2, timestamp=2018-06-11 12:15:11,401}, time=2018-06-11 12:15:11,401, operation=DefaultOperationId{id=write, type=COMMAND}, value=byte[]{length=17, hash=-1644578928}}
00:15:11.874 [raft-server-3] TRACE i.a.p.raft.roles.FollowerRole - RaftServer{3}{role=FOLLOWER} - Committed entries up to index 10
00:15:11.874 [raft-server-3] TRACE i.a.p.raft.roles.FollowerRole - RaftServer{3}{role=FOLLOWER} - Sending AppendResponse{status=OK, term=1, succeeded=true, lastLogIndex=11}
00:15:11.874 [raft-server-3-state] TRACE i.a.p.raft.impl.RaftServiceManager - RaftServer{3} - Applying Indexed{index=10, entry=CommandEntry{term=1, timestamp=2018-06-11 12:15:11,401, session=2, sequence=6, operation=PrimitiveOperation{id=DefaultOperationId{id=write, type=COMMAND}, value=byte[]{length=17, hash=-1644578928}}}}
00:15:11.874 [raft-server-3-state] TRACE i.a.p.s.impl.DefaultServiceExecutor - PrimitiveService{2}{type=io.atomix.protocols.raft.RaftTest$TestPrimitiveType@3a1a32eb, name=raft-test} - Executing DefaultCommit{index=10, session=RaftSession{RaftServiceContext{server=3, type=io.atomix.protocols.raft.RaftTest$TestPrimitiveType@3a1a32eb, name=raft-test, id=2}, session=2, timestamp=2018-06-11 12:15:11,401}, time=2018-06-11 12:15:11,401, operation=DefaultOperationId{id=write, type=COMMAND}, value=byte[]{length=17, hash=-1644578928}}
00:15:11.892 [raft-server-1] TRACE i.a.p.raft.roles.LeaderAppender - RaftServer{1} - Sending AppendRequest{term=1, leader=1, prevLogIndex=11, prevLogTerm=1, entries=0, commitIndex=11} to 2
00:15:11.892 [raft-server-1] TRACE i.a.p.raft.roles.LeaderAppender - RaftServer{1} - Received AppendResponse{status=OK, term=1, succeeded=true, lastLogIndex=11} from 3
00:15:11.892 [raft-server-2] TRACE i.a.p.raft.roles.FollowerRole - RaftServer{2}{role=FOLLOWER} - Received AppendRequest{term=1, leader=1, prevLogIndex=11, prevLogTerm=1, entries=0, commitIndex=11}
00:15:11.892 [raft-server-1] TRACE i.a.p.raft.roles.LeaderAppender - RaftServer{1} - Sending AppendRequest{term=1, leader=1, prevLogIndex=11, prevLogTerm=1, entries=0, commitIndex=11} to 3
00:15:11.892 [raft-server-3] TRACE i.a.p.raft.roles.FollowerRole - RaftServer{3}{role=FOLLOWER} - Received AppendRequest{term=1, leader=1, prevLogIndex=11, prevLogTerm=1, entries=0, commitIndex=11}
00:15:11.893 [raft-server-1-state] TRACE i.a.p.raft.impl.RaftServiceManager - RaftServer{1} - Applying Indexed{index=11, entry=CommandEntry{term=1, timestamp=2018-06-11 12:15:11,504, session=2, sequence=7, operation=PrimitiveOperation{id=DefaultOperationId{id=write, type=COMMAND}, value=byte[]{length=17, hash=-1644578928}}}}
00:15:11.893 [raft-server-1-state] TRACE i.a.p.s.impl.DefaultServiceExecutor - PrimitiveService{2}{type=io.atomix.protocols.raft.RaftTest$TestPrimitiveType@5c91ef2b, name=raft-test} - Executing DefaultCommit{index=11, session=RaftSession{RaftServiceContext{server=1, type=io.atomix.protocols.raft.RaftTest$TestPrimitiveType@5c91ef2b, name=raft-test, id=2}, session=2, timestamp=2018-06-11 12:15:11,504}, time=2018-06-11 12:15:11,504, operation=DefaultOperationId{id=write, type=COMMAND}, value=byte[]{length=17, hash=-1644578928}}
00:15:11.893 [raft-server-1-state] TRACE i.a.protocols.raft.roles.LeaderRole - RaftServer{1}{role=LEADER} - Sending CommandResponse{status=OK, index=11, eventIndex=2, result=byte[]{length=2, hash=1262}}
00:15:11.924 [raft-server-2] TRACE i.a.p.raft.roles.FollowerRole - RaftServer{2}{role=FOLLOWER} - Committed entries up to index 11
00:15:11.924 [raft-server-3] TRACE i.a.p.raft.roles.FollowerRole - RaftServer{3}{role=FOLLOWER} - Committed entries up to index 11
00:15:11.924 [raft-server-2] TRACE i.a.p.raft.roles.FollowerRole - RaftServer{2}{role=FOLLOWER} - Sending AppendResponse{status=OK, term=1, succeeded=true, lastLogIndex=11}
00:15:11.924 [raft-server-3] TRACE i.a.p.raft.roles.FollowerRole - RaftServer{3}{role=FOLLOWER} - Sending AppendResponse{status=OK, term=1, succeeded=true, lastLogIndex=11}
00:15:11.924 [raft-server-3] TRACE i.a.p.raft.roles.FollowerRole - RaftServer{3}{role=FOLLOWER} - Sending CommandResponse{status=OK, index=11, eventIndex=2, result=byte[]{length=2, hash=1262}}
00:15:11.924 [raft-server-1] TRACE i.a.p.raft.roles.LeaderAppender - RaftServer{1} - Received AppendResponse{status=OK, term=1, succeeded=true, lastLogIndex=11} from 2
00:15:11.924 [raft-server-1] TRACE i.a.p.raft.roles.LeaderAppender - RaftServer{1} - Received AppendResponse{status=OK, term=1, succeeded=true, lastLogIndex=11} from 3
00:15:11.924 [raft-client-82530a18-bea6-4e53-b81d-3dd8c76650f9-7] TRACE i.a.p.r.s.impl.RaftSessionConnection - SessionClient{2}{type=io.atomix.protocols.raft.RaftTest$TestPrimitiveType@68b11545, name=raft-test} - Received CommandResponse{status=OK, index=11, eventIndex=2, result=byte[]{length=2, hash=1262}} from 3
00:15:11.924 [raft-server-2-state] TRACE i.a.p.raft.impl.RaftServiceManager - RaftServer{2} - Applying Indexed{index=11, entry=CommandEntry{term=1, timestamp=2018-06-11 12:15:11,504, session=2, sequence=7, operation=PrimitiveOperation{id=DefaultOperationId{id=write, type=COMMAND}, value=byte[]{length=17, hash=-1644578928}}}}
00:15:11.924 [raft-server-3-state] TRACE i.a.p.raft.impl.RaftServiceManager - RaftServer{3} - Applying Indexed{index=11, entry=CommandEntry{term=1, timestamp=2018-06-11 12:15:11,504, session=2, sequence=7, operation=PrimitiveOperation{id=DefaultOperationId{id=write, type=COMMAND}, value=byte[]{length=17, hash=-1644578928}}}}
00:15:11.925 [raft-client-82530a18-bea6-4e53-b81d-3dd8c76650f9-7] TRACE i.a.p.r.s.impl.RaftSessionSequencer - SessionClient{2}{type=io.atomix.protocols.raft.RaftTest$TestPrimitiveType@68b11545, name=raft-test} - Completing response CommandResponse{status=OK, index=11, eventIndex=2, result=byte[]{length=2, hash=1262}}
00:15:11.925 [raft-server-2-state] TRACE i.a.p.s.impl.DefaultServiceExecutor - PrimitiveService{2}{type=io.atomix.protocols.raft.RaftTest$TestPrimitiveType@4f16731, name=raft-test} - Executing DefaultCommit{index=11, session=RaftSession{RaftServiceContext{server=2, type=io.atomix.protocols.raft.RaftTest$TestPrimitiveType@4f16731, name=raft-test, id=2}, session=2, timestamp=2018-06-11 12:15:11,504}, time=2018-06-11 12:15:11,504, operation=DefaultOperationId{id=write, type=COMMAND}, value=byte[]{length=17, hash=-1644578928}}
00:15:11.925 [raft-server-3-state] TRACE i.a.p.s.impl.DefaultServiceExecutor - PrimitiveService{2}{type=io.atomix.protocols.raft.RaftTest$TestPrimitiveType@3a1a32eb, name=raft-test} - Executing DefaultCommit{index=11, session=RaftSession{RaftServiceContext{server=3, type=io.atomix.protocols.raft.RaftTest$TestPrimitiveType@3a1a32eb, name=raft-test, id=2}, session=2, timestamp=2018-06-11 12:15:11,504}, time=2018-06-11 12:15:11,504, operation=DefaultOperationId{id=write, type=COMMAND}, value=byte[]{length=17, hash=-1644578928}}
00:15:11.925 [raft-client-82530a18-bea6-4e53-b81d-3dd8c76650f9-6] TRACE i.a.p.r.s.impl.RaftSessionConnection - SessionClient{2}{type=io.atomix.protocols.raft.RaftTest$TestPrimitiveType@68b11545, name=raft-test} - Sending CommandRequest{session=2, sequence=8, operation=PrimitiveOperation{id=DefaultOperationId{id=write, type=COMMAND}, value=byte[]{length=17, hash=-1644578928}}} to 3
00:15:11.925 [raft-server-3] TRACE i.a.p.raft.roles.FollowerRole - RaftServer{3}{role=FOLLOWER} - Received CommandRequest{session=2, sequence=8, operation=PrimitiveOperation{id=DefaultOperationId{id=write, type=COMMAND}, value=byte[]{length=17, hash=-1644578928}}}
00:15:11.925 [raft-server-1] TRACE i.a.protocols.raft.roles.LeaderRole - RaftServer{1}{role=LEADER} - Received CommandRequest{session=2, sequence=8, operation=PrimitiveOperation{id=DefaultOperationId{id=write, type=COMMAND}, value=byte[]{length=17, hash=-1644578928}}}
00:15:11.925 [raft-server-1] TRACE i.a.protocols.raft.roles.LeaderRole - RaftServer{1}{role=LEADER} - Appended Indexed{index=12, entry=CommandEntry{term=1, timestamp=2018-06-11 12:15:11,925, session=2, sequence=8, operation=PrimitiveOperation{id=DefaultOperationId{id=write, type=COMMAND}, value=byte[]{length=17, hash=-1644578928}}}}
00:15:11.925 [raft-server-1] TRACE i.a.p.raft.roles.LeaderAppender - RaftServer{1} - Sending AppendRequest{term=1, leader=1, prevLogIndex=11, prevLogTerm=1, entries=1, commitIndex=11} to 2
00:15:11.925 [raft-server-2] TRACE i.a.p.raft.roles.FollowerRole - RaftServer{2}{role=FOLLOWER} - Received AppendRequest{term=1, leader=1, prevLogIndex=11, prevLogTerm=1, entries=1, commitIndex=11}
00:15:11.925 [raft-server-1] TRACE i.a.p.raft.roles.LeaderAppender - RaftServer{1} - Sending AppendRequest{term=1, leader=1, prevLogIndex=11, prevLogTerm=1, entries=1, commitIndex=11} to 3
00:15:11.925 [raft-server-3] TRACE i.a.p.raft.roles.FollowerRole - RaftServer{3}{role=FOLLOWER} - Received AppendRequest{term=1, leader=1, prevLogIndex=11, prevLogTerm=1, entries=1, commitIndex=11}
00:15:11.925 [raft-server-2] TRACE i.a.p.raft.roles.FollowerRole - RaftServer{2}{role=FOLLOWER} - Appended Indexed{index=12, entry=CommandEntry{term=1, timestamp=2018-06-11 12:15:11,925, session=2, sequence=8, operation=PrimitiveOperation{id=DefaultOperationId{id=write, type=COMMAND}, value=byte[]{length=17, hash=-1644578928}}}}
00:15:11.926 [raft-server-2] TRACE i.a.p.raft.roles.FollowerRole - RaftServer{2}{role=FOLLOWER} - Sending AppendResponse{status=OK, term=1, succeeded=true, lastLogIndex=12}
00:15:11.926 [raft-server-3] TRACE i.a.p.raft.roles.FollowerRole - RaftServer{3}{role=FOLLOWER} - Appended Indexed{index=12, entry=CommandEntry{term=1, timestamp=2018-06-11 12:15:11,925, session=2, sequence=8, operation=PrimitiveOperation{id=DefaultOperationId{id=write, type=COMMAND}, value=byte[]{length=17, hash=-1644578928}}}}
00:15:11.926 [raft-server-1] TRACE i.a.p.raft.roles.LeaderAppender - RaftServer{1} - Received AppendResponse{status=OK, term=1, succeeded=true, lastLogIndex=12} from 2
00:15:11.926 [raft-server-3] TRACE i.a.p.raft.roles.FollowerRole - RaftServer{3}{role=FOLLOWER} - Sending AppendResponse{status=OK, term=1, succeeded=true, lastLogIndex=12}
00:15:11.926 [raft-server-1] TRACE i.a.p.raft.roles.LeaderAppender - RaftServer{1} - Committed entries up to 12
00:15:11.984 [raft-server-1] TRACE i.a.p.raft.roles.LeaderAppender - RaftServer{1} - Received AppendResponse{status=OK, term=1, succeeded=true, lastLogIndex=12} from 3
00:15:11.984 [raft-server-1-state] TRACE i.a.p.raft.impl.RaftServiceManager - RaftServer{1} - Applying Indexed{index=12, entry=CommandEntry{term=1, timestamp=2018-06-11 12:15:11,925, session=2, sequence=8, operation=PrimitiveOperation{id=DefaultOperationId{id=write, type=COMMAND}, value=byte[]{length=17, hash=-1644578928}}}}
00:15:11.984 [raft-server-1-state] TRACE i.a.p.s.impl.DefaultServiceExecutor - PrimitiveService{2}{type=io.atomix.protocols.raft.RaftTest$TestPrimitiveType@5c91ef2b, name=raft-test} - Executing DefaultCommit{index=12, session=RaftSession{RaftServiceContext{server=1, type=io.atomix.protocols.raft.RaftTest$TestPrimitiveType@5c91ef2b, name=raft-test, id=2}, session=2, timestamp=2018-06-11 12:15:11,925}, time=2018-06-11 12:15:11,925, operation=DefaultOperationId{id=write, type=COMMAND}, value=byte[]{length=17, hash=-1644578928}}
00:15:11.985 [raft-server-1-state] TRACE i.a.protocols.raft.roles.LeaderRole - RaftServer{1}{role=LEADER} - Sending CommandResponse{status=OK, index=12, eventIndex=2, result=byte[]{length=2, hash=1264}}
00:15:11.985 [raft-server-3] TRACE i.a.p.raft.roles.FollowerRole - RaftServer{3}{role=FOLLOWER} - Sending CommandResponse{status=OK, index=12, eventIndex=2, result=byte[]{length=2, hash=1264}}
00:15:11.985 [raft-client-82530a18-bea6-4e53-b81d-3dd8c76650f9-3] TRACE i.a.p.r.s.impl.RaftSessionConnection - SessionClient{2}{type=io.atomix.protocols.raft.RaftTest$TestPrimitiveType@68b11545, name=raft-test} - Received CommandResponse{status=OK, index=12, eventIndex=2, result=byte[]{length=2, hash=1264}} from 3
00:15:11.985 [raft-client-82530a18-bea6-4e53-b81d-3dd8c76650f9-3] TRACE i.a.p.r.s.impl.RaftSessionSequencer - SessionClient{2}{type=io.atomix.protocols.raft.RaftTest$TestPrimitiveType@68b11545, name=raft-test} - Completing response CommandResponse{status=OK, index=12, eventIndex=2, result=byte[]{length=2, hash=1264}}
00:15:11.985 [raft-client-82530a18-bea6-4e53-b81d-3dd8c76650f9-4] TRACE i.a.p.r.s.impl.RaftSessionConnection - SessionClient{2}{type=io.atomix.protocols.raft.RaftTest$TestPrimitiveType@68b11545, name=raft-test} - Sending CommandRequest{session=2, sequence=9, operation=PrimitiveOperation{id=DefaultOperationId{id=write, type=COMMAND}, value=byte[]{length=17, hash=-1644578928}}} to 3
00:15:11.985 [raft-server-3] TRACE i.a.p.raft.roles.FollowerRole - RaftServer{3}{role=FOLLOWER} - Received CommandRequest{session=2, sequence=9, operation=PrimitiveOperation{id=DefaultOperationId{id=write, type=COMMAND}, value=byte[]{length=17, hash=-1644578928}}}
00:15:11.985 [raft-server-1] TRACE i.a.protocols.raft.roles.LeaderRole - RaftServer{1}{role=LEADER} - Received CommandRequest{session=2, sequence=9, operation=PrimitiveOperation{id=DefaultOperationId{id=write, type=COMMAND}, value=byte[]{length=17, hash=-1644578928}}}
00:15:11.985 [raft-server-1] TRACE i.a.protocols.raft.roles.LeaderRole - RaftServer{1}{role=LEADER} - Appended Indexed{index=13, entry=CommandEntry{term=1, timestamp=2018-06-11 12:15:11,985, session=2, sequence=9, operation=PrimitiveOperation{id=DefaultOperationId{id=write, type=COMMAND}, value=byte[]{length=17, hash=-1644578928}}}}
00:15:11.986 [raft-server-1] TRACE i.a.p.raft.roles.LeaderAppender - RaftServer{1} - Sending AppendRequest{term=1, leader=1, prevLogIndex=12, prevLogTerm=1, entries=1, commitIndex=12} to 2
00:15:11.986 [raft-server-2] TRACE i.a.p.raft.roles.FollowerRole - RaftServer{2}{role=FOLLOWER} - Received AppendRequest{term=1, leader=1, prevLogIndex=12, prevLogTerm=1, entries=1, commitIndex=12}
00:15:11.986 [raft-server-1] TRACE i.a.p.raft.roles.LeaderAppender - RaftServer{1} - Sending AppendRequest{term=1, leader=1, prevLogIndex=12, prevLogTerm=1, entries=1, commitIndex=12} to 3
00:15:11.986 [raft-server-3] TRACE i.a.p.raft.roles.FollowerRole - RaftServer{3}{role=FOLLOWER} - Received AppendRequest{term=1, leader=1, prevLogIndex=12, prevLogTerm=1, entries=1, commitIndex=12}
00:15:11.986 [raft-server-2] TRACE i.a.p.raft.roles.FollowerRole - RaftServer{2}{role=FOLLOWER} - Appended Indexed{index=13, entry=CommandEntry{term=1, timestamp=2018-06-11 12:15:11,985, session=2, sequence=9, operation=PrimitiveOperation{id=DefaultOperationId{id=write, type=COMMAND}, value=byte[]{length=17, hash=-1644578928}}}}
00:15:11.986 [raft-server-3] TRACE i.a.p.raft.roles.FollowerRole - RaftServer{3}{role=FOLLOWER} - Appended Indexed{index=13, entry=CommandEntry{term=1, timestamp=2018-06-11 12:15:11,985, session=2, sequence=9, operation=PrimitiveOperation{id=DefaultOperationId{id=write, type=COMMAND}, value=byte[]{length=17, hash=-1644578928}}}}
00:15:12.034 [raft-server-2] TRACE i.a.p.raft.roles.FollowerRole - RaftServer{2}{role=FOLLOWER} - Committed entries up to index 12
00:15:12.034 [raft-server-2] TRACE i.a.p.raft.roles.FollowerRole - RaftServer{2}{role=FOLLOWER} - Sending AppendResponse{status=OK, term=1, succeeded=true, lastLogIndex=13}
00:15:12.034 [raft-server-3] TRACE i.a.p.raft.roles.FollowerRole - RaftServer{3}{role=FOLLOWER} - Committed entries up to index 12
00:15:12.034 [raft-server-3] TRACE i.a.p.raft.roles.FollowerRole - RaftServer{3}{role=FOLLOWER} - Sending AppendResponse{status=OK, term=1, succeeded=true, lastLogIndex=13}
00:15:12.034 [raft-server-1] TRACE i.a.p.raft.roles.LeaderAppender - RaftServer{1} - Received AppendResponse{status=OK, term=1, succeeded=true, lastLogIndex=13} from 2
00:15:12.034 [raft-server-2-state] TRACE i.a.p.raft.impl.RaftServiceManager - RaftServer{2} - Applying Indexed{index=12, entry=CommandEntry{term=1, timestamp=2018-06-11 12:15:11,925, session=2, sequence=8, operation=PrimitiveOperation{id=DefaultOperationId{id=write, type=COMMAND}, value=byte[]{length=17, hash=-1644578928}}}}
00:15:12.034 [raft-server-1] TRACE i.a.p.raft.roles.LeaderAppender - RaftServer{1} - Committed entries up to 13
00:15:12.034 [raft-server-2-state] TRACE i.a.p.s.impl.DefaultServiceExecutor - PrimitiveService{2}{type=io.atomix.protocols.raft.RaftTest$TestPrimitiveType@4f16731, name=raft-test} - Executing DefaultCommit{index=12, session=RaftSession{RaftServiceContext{server=2, type=io.atomix.protocols.raft.RaftTest$TestPrimitiveType@4f16731, name=raft-test, id=2}, session=2, timestamp=2018-06-11 12:15:11,925}, time=2018-06-11 12:15:11,925, operation=DefaultOperationId{id=write, type=COMMAND}, value=byte[]{length=17, hash=-1644578928}}
00:15:12.034 [raft-server-3-state] TRACE i.a.p.raft.impl.RaftServiceManager - RaftServer{3} - Applying Indexed{index=12, entry=CommandEntry{term=1, timestamp=2018-06-11 12:15:11,925, session=2, sequence=8, operation=PrimitiveOperation{id=DefaultOperationId{id=write, type=COMMAND}, value=byte[]{length=17, hash=-1644578928}}}}
00:15:12.034 [raft-server-3-state] TRACE i.a.p.s.impl.DefaultServiceExecutor - PrimitiveService{2}{type=io.atomix.protocols.raft.RaftTest$TestPrimitiveType@3a1a32eb, name=raft-test} - Executing DefaultCommit{index=12, session=RaftSession{RaftServiceContext{server=3, type=io.atomix.protocols.raft.RaftTest$TestPrimitiveType@3a1a32eb, name=raft-test, id=2}, session=2, timestamp=2018-06-11 12:15:11,925}, time=2018-06-11 12:15:11,925, operation=DefaultOperationId{id=write, type=COMMAND}, value=byte[]{length=17, hash=-1644578928}}
00:15:12.075 [raft-server-1] TRACE i.a.p.raft.roles.LeaderAppender - RaftServer{1} - Received AppendResponse{status=OK, term=1, succeeded=true, lastLogIndex=13} from 3
00:15:12.075 [raft-server-1] TRACE i.a.p.raft.roles.LeaderAppender - RaftServer{1} - Sending AppendRequest{term=1, leader=1, prevLogIndex=13, prevLogTerm=1, entries=0, commitIndex=13} to 2
00:15:12.076 [raft-server-1] TRACE i.a.p.raft.roles.LeaderAppender - RaftServer{1} - Sending AppendRequest{term=1, leader=1, prevLogIndex=13, prevLogTerm=1, entries=0, commitIndex=13} to 3
00:15:12.076 [raft-server-2] TRACE i.a.p.raft.roles.FollowerRole - RaftServer{2}{role=FOLLOWER} - Received AppendRequest{term=1, leader=1, prevLogIndex=13, prevLogTerm=1, entries=0, commitIndex=13}
00:15:12.076 [raft-server-3] TRACE i.a.p.raft.roles.FollowerRole - RaftServer{3}{role=FOLLOWER} - Received AppendRequest{term=1, leader=1, prevLogIndex=13, prevLogTerm=1, entries=0, commitIndex=13}
00:15:12.076 [raft-server-1-state] TRACE i.a.p.raft.impl.RaftServiceManager - RaftServer{1} - Applying Indexed{index=13, entry=CommandEntry{term=1, timestamp=2018-06-11 12:15:11,985, session=2, sequence=9, operation=PrimitiveOperation{id=DefaultOperationId{id=write, type=COMMAND}, value=byte[]{length=17, hash=-1644578928}}}}
00:15:12.076 [raft-server-1-state] TRACE i.a.p.s.impl.DefaultServiceExecutor - PrimitiveService{2}{type=io.atomix.protocols.raft.RaftTest$TestPrimitiveType@5c91ef2b, name=raft-test} - Executing DefaultCommit{index=13, session=RaftSession{RaftServiceContext{server=1, type=io.atomix.protocols.raft.RaftTest$TestPrimitiveType@5c91ef2b, name=raft-test, id=2}, session=2, timestamp=2018-06-11 12:15:11,985}, time=2018-06-11 12:15:11,985, operation=DefaultOperationId{id=write, type=COMMAND}, value=byte[]{length=17, hash=-1644578928}}
00:15:12.076 [raft-server-1-state] TRACE i.a.protocols.raft.roles.LeaderRole - RaftServer{1}{role=LEADER} - Sending CommandResponse{status=OK, index=13, eventIndex=2, result=byte[]{length=2, hash=1266}}
00:15:12.117 [raft-server-3] TRACE i.a.p.raft.roles.FollowerRole - RaftServer{3}{role=FOLLOWER} - Committed entries up to index 13
00:15:12.117 [raft-server-2] TRACE i.a.p.raft.roles.FollowerRole - RaftServer{2}{role=FOLLOWER} - Committed entries up to index 13
00:15:12.117 [raft-server-3] TRACE i.a.p.raft.roles.FollowerRole - RaftServer{3}{role=FOLLOWER} - Sending AppendResponse{status=OK, term=1, succeeded=true, lastLogIndex=13}
00:15:12.117 [raft-server-2] TRACE i.a.p.raft.roles.FollowerRole - RaftServer{2}{role=FOLLOWER} - Sending AppendResponse{status=OK, term=1, succeeded=true, lastLogIndex=13}
00:15:12.117 [raft-server-1] TRACE i.a.p.raft.roles.LeaderAppender - RaftServer{1} - Received AppendResponse{status=OK, term=1, succeeded=true, lastLogIndex=13} from 3
00:15:12.117 [raft-server-3] TRACE i.a.p.raft.roles.FollowerRole - RaftServer{3}{role=FOLLOWER} - Sending CommandResponse{status=OK, index=13, eventIndex=2, result=byte[]{length=2, hash=1266}}
00:15:12.117 [raft-server-2-state] TRACE i.a.p.raft.impl.RaftServiceManager - RaftServer{2} - Applying Indexed{index=13, entry=CommandEntry{term=1, timestamp=2018-06-11 12:15:11,985, session=2, sequence=9, operation=PrimitiveOperation{id=DefaultOperationId{id=write, type=COMMAND}, value=byte[]{length=17, hash=-1644578928}}}}
00:15:12.117 [raft-server-1] TRACE i.a.p.raft.roles.LeaderAppender - RaftServer{1} - Received AppendResponse{status=OK, term=1, succeeded=true, lastLogIndex=13} from 2
00:15:12.118 [raft-server-2-state] TRACE i.a.p.s.impl.DefaultServiceExecutor - PrimitiveService{2}{type=io.atomix.protocols.raft.RaftTest$TestPrimitiveType@4f16731, name=raft-test} - Executing DefaultCommit{index=13, session=RaftSession{RaftServiceContext{server=2, type=io.atomix.protocols.raft.RaftTest$TestPrimitiveType@4f16731, name=raft-test, id=2}, session=2, timestamp=2018-06-11 12:15:11,985}, time=2018-06-11 12:15:11,985, operation=DefaultOperationId{id=write, type=COMMAND}, value=byte[]{length=17, hash=-1644578928}}
00:15:12.118 [raft-client-82530a18-bea6-4e53-b81d-3dd8c76650f9-0] TRACE i.a.p.r.s.impl.RaftSessionConnection - SessionClient{2}{type=io.atomix.protocols.raft.RaftTest$TestPrimitiveType@68b11545, name=raft-test} - Received CommandResponse{status=OK, index=13, eventIndex=2, result=byte[]{length=2, hash=1266}} from 3
00:15:12.118 [raft-server-3-state] TRACE i.a.p.raft.impl.RaftServiceManager - RaftServer{3} - Applying Indexed{index=13, entry=CommandEntry{term=1, timestamp=2018-06-11 12:15:11,985, session=2, sequence=9, operation=PrimitiveOperation{id=DefaultOperationId{id=write, type=COMMAND}, value=byte[]{length=17, hash=-1644578928}}}}
00:15:12.118 [raft-client-82530a18-bea6-4e53-b81d-3dd8c76650f9-0] TRACE i.a.p.r.s.impl.RaftSessionSequencer - SessionClient{2}{type=io.atomix.protocols.raft.RaftTest$TestPrimitiveType@68b11545, name=raft-test} - Completing response CommandResponse{status=OK, index=13, eventIndex=2, result=byte[]{length=2, hash=1266}}
00:15:12.118 [raft-server-3-state] TRACE i.a.p.s.impl.DefaultServiceExecutor - PrimitiveService{2}{type=io.atomix.protocols.raft.RaftTest$TestPrimitiveType@3a1a32eb, name=raft-test} - Executing DefaultCommit{index=13, session=RaftSession{RaftServiceContext{server=3, type=io.atomix.protocols.raft.RaftTest$TestPrimitiveType@3a1a32eb, name=raft-test, id=2}, session=2, timestamp=2018-06-11 12:15:11,985}, time=2018-06-11 12:15:11,985, operation=DefaultOperationId{id=write, type=COMMAND}, value=byte[]{length=17, hash=-1644578928}}
00:15:12.118 [raft-client-82530a18-bea6-4e53-b81d-3dd8c76650f9-5] TRACE i.a.p.r.s.impl.RaftSessionConnection - SessionClient{2}{type=io.atomix.protocols.raft.RaftTest$TestPrimitiveType@68b11545, name=raft-test} - Sending CommandRequest{session=2, sequence=10, operation=PrimitiveOperation{id=DefaultOperationId{id=write, type=COMMAND}, value=byte[]{length=17, hash=-1644578928}}} to 3
00:15:12.118 [raft-server-3] TRACE i.a.p.raft.roles.FollowerRole - RaftServer{3}{role=FOLLOWER} - Received CommandRequest{session=2, sequence=10, operation=PrimitiveOperation{id=DefaultOperationId{id=write, type=COMMAND}, value=byte[]{length=17, hash=-1644578928}}}
00:15:12.118 [raft-server-1] TRACE i.a.protocols.raft.roles.LeaderRole - RaftServer{1}{role=LEADER} - Received CommandRequest{session=2, sequence=10, operation=PrimitiveOperation{id=DefaultOperationId{id=write, type=COMMAND}, value=byte[]{length=17, hash=-1644578928}}}
00:15:12.118 [raft-server-1] TRACE i.a.protocols.raft.roles.LeaderRole - RaftServer{1}{role=LEADER} - Appended Indexed{index=14, entry=CommandEntry{term=1, timestamp=2018-06-11 12:15:12,118, session=2, sequence=10, operation=PrimitiveOperation{id=DefaultOperationId{id=write, type=COMMAND}, value=byte[]{length=17, hash=-1644578928}}}}
00:15:12.118 [raft-server-1] TRACE i.a.p.raft.roles.LeaderAppender - RaftServer{1} - Sending AppendRequest{term=1, leader=1, prevLogIndex=13, prevLogTerm=1, entries=1, commitIndex=13} to 2
00:15:12.118 [raft-server-2] TRACE i.a.p.raft.roles.FollowerRole - RaftServer{2}{role=FOLLOWER} - Received AppendRequest{term=1, leader=1, prevLogIndex=13, prevLogTerm=1, entries=1, commitIndex=13}
00:15:12.118 [raft-server-1] TRACE i.a.p.raft.roles.LeaderAppender - RaftServer{1} - Sending AppendRequest{term=1, leader=1, prevLogIndex=13, prevLogTerm=1, entries=1, commitIndex=13} to 3
00:15:12.118 [raft-server-3] TRACE i.a.p.raft.roles.FollowerRole - RaftServer{3}{role=FOLLOWER} - Received AppendRequest{term=1, leader=1, prevLogIndex=13, prevLogTerm=1, entries=1, commitIndex=13}
00:15:12.119 [raft-server-2] TRACE i.a.p.raft.roles.FollowerRole - RaftServer{2}{role=FOLLOWER} - Appended Indexed{index=14, entry=CommandEntry{term=1, timestamp=2018-06-11 12:15:12,118, session=2, sequence=10, operation=PrimitiveOperation{id=DefaultOperationId{id=write, type=COMMAND}, value=byte[]{length=17, hash=-1644578928}}}}
00:15:12.119 [raft-server-2] TRACE i.a.p.raft.roles.FollowerRole - RaftServer{2}{role=FOLLOWER} - Sending AppendResponse{status=OK, term=1, succeeded=true, lastLogIndex=14}
00:15:12.119 [raft-server-3] TRACE i.a.p.raft.roles.FollowerRole - RaftServer{3}{role=FOLLOWER} - Appended Indexed{index=14, entry=CommandEntry{term=1, timestamp=2018-06-11 12:15:12,118, session=2, sequence=10, operation=PrimitiveOperation{id=DefaultOperationId{id=write, type=COMMAND}, value=byte[]{length=17, hash=-1644578928}}}}
00:15:12.119 [raft-server-1] TRACE i.a.p.raft.roles.LeaderAppender - RaftServer{1} - Received AppendResponse{status=OK, term=1, succeeded=true, lastLogIndex=14} from 2
00:15:12.119 [raft-server-3] TRACE i.a.p.raft.roles.FollowerRole - RaftServer{3}{role=FOLLOWER} - Sending AppendResponse{status=OK, term=1, succeeded=true, lastLogIndex=14}
00:15:12.119 [raft-server-1] TRACE i.a.p.raft.roles.LeaderAppender - RaftServer{1} - Committed entries up to 14
00:15:12.174 [raft-server-1] TRACE i.a.p.raft.roles.LeaderAppender - RaftServer{1} - Received AppendResponse{status=OK, term=1, succeeded=true, lastLogIndex=14} from 3
00:15:12.174 [raft-server-1-state] TRACE i.a.p.raft.impl.RaftServiceManager - RaftServer{1} - Applying Indexed{index=14, entry=CommandEntry{term=1, timestamp=2018-06-11 12:15:12,118, session=2, sequence=10, operation=PrimitiveOperation{id=DefaultOperationId{id=write, type=COMMAND}, value=byte[]{length=17, hash=-1644578928}}}}
00:15:12.174 [raft-server-1-state] TRACE i.a.p.s.impl.DefaultServiceExecutor - PrimitiveService{2}{type=io.atomix.protocols.raft.RaftTest$TestPrimitiveType@5c91ef2b, name=raft-test} - Executing DefaultCommit{index=14, session=RaftSession{RaftServiceContext{server=1, type=io.atomix.protocols.raft.RaftTest$TestPrimitiveType@5c91ef2b, name=raft-test, id=2}, session=2, timestamp=2018-06-11 12:15:12,118}, time=2018-06-11 12:15:12,118, operation=DefaultOperationId{id=write, type=COMMAND}, value=byte[]{length=17, hash=-1644578928}}
00:15:12.174 [raft-server-1-state] TRACE i.a.protocols.raft.roles.LeaderRole - RaftServer{1}{role=LEADER} - Sending CommandResponse{status=OK, index=14, eventIndex=2, result=byte[]{length=2, hash=1268}}
00:15:12.175 [raft-server-3] TRACE i.a.p.raft.roles.FollowerRole - RaftServer{3}{role=FOLLOWER} - Sending CommandResponse{status=OK, index=14, eventIndex=2, result=byte[]{length=2, hash=1268}}
00:15:12.175 [raft-client-82530a18-bea6-4e53-b81d-3dd8c76650f9-7] TRACE i.a.p.r.s.impl.RaftSessionConnection - SessionClient{2}{type=io.atomix.protocols.raft.RaftTest$TestPrimitiveType@68b11545, name=raft-test} - Received CommandResponse{status=OK, index=14, eventIndex=2, result=byte[]{length=2, hash=1268}} from 3
00:15:12.175 [raft-client-82530a18-bea6-4e53-b81d-3dd8c76650f9-7] TRACE i.a.p.r.s.impl.RaftSessionSequencer - SessionClient{2}{type=io.atomix.protocols.raft.RaftTest$TestPrimitiveType@68b11545, name=raft-test} - Completing response CommandResponse{status=OK, index=14, eventIndex=2, result=byte[]{length=2, hash=1268}}
00:15:12.175 [raft-client-82530a18-bea6-4e53-b81d-3dd8c76650f9-2] TRACE i.a.p.r.s.impl.RaftSessionConnection - SessionClient{2}{type=io.atomix.protocols.raft.RaftTest$TestPrimitiveType@68b11545, name=raft-test} - Sending CommandRequest{session=2, sequence=11, operation=PrimitiveOperation{id=DefaultOperationId{id=write, type=COMMAND}, value=byte[]{length=17, hash=-1644578928}}} to 3
00:15:12.175 [raft-server-3] TRACE i.a.p.raft.roles.FollowerRole - RaftServer{3}{role=FOLLOWER} - Received CommandRequest{session=2, sequence=11, operation=PrimitiveOperation{id=DefaultOperationId{id=write, type=COMMAND}, value=byte[]{length=17, hash=-1644578928}}}
00:15:12.175 [raft-server-1] TRACE i.a.protocols.raft.roles.LeaderRole - RaftServer{1}{role=LEADER} - Received CommandRequest{session=2, sequence=11, operation=PrimitiveOperation{id=DefaultOperationId{id=write, type=COMMAND}, value=byte[]{length=17, hash=-1644578928}}}
00:15:12.175 [raft-server-1] TRACE i.a.protocols.raft.roles.LeaderRole - RaftServer{1}{role=LEADER} - Appended Indexed{index=15, entry=CommandEntry{term=1, timestamp=2018-06-11 12:15:12,175, session=2, sequence=11, operation=PrimitiveOperation{id=DefaultOperationId{id=write, type=COMMAND}, value=byte[]{length=17, hash=-1644578928}}}}
00:15:12.175 [raft-server-1] TRACE i.a.p.raft.roles.LeaderAppender - RaftServer{1} - Sending AppendRequest{term=1, leader=1, prevLogIndex=14, prevLogTerm=1, entries=1, commitIndex=14} to 2
00:15:12.175 [raft-server-2] TRACE i.a.p.raft.roles.FollowerRole - RaftServer{2}{role=FOLLOWER} - Received AppendRequest{term=1, leader=1, prevLogIndex=14, prevLogTerm=1, entries=1, commitIndex=14}
00:15:12.175 [raft-server-1] TRACE i.a.p.raft.roles.LeaderAppender - RaftServer{1} - Sending AppendRequest{term=1, leader=1, prevLogIndex=14, prevLogTerm=1, entries=1, commitIndex=14} to 3
00:15:12.175 [raft-server-2] TRACE i.a.p.raft.roles.FollowerRole - RaftServer{2}{role=FOLLOWER} - Appended Indexed{index=15, entry=CommandEntry{term=1, timestamp=2018-06-11 12:15:12,175, session=2, sequence=11, operation=PrimitiveOperation{id=DefaultOperationId{id=write, type=COMMAND}, value=byte[]{length=17, hash=-1644578928}}}}
00:15:12.175 [raft-server-3] TRACE i.a.p.raft.roles.FollowerRole - RaftServer{3}{role=FOLLOWER} - Received AppendRequest{term=1, leader=1, prevLogIndex=14, prevLogTerm=1, entries=1, commitIndex=14}
00:15:12.175 [raft-server-3] TRACE i.a.p.raft.roles.FollowerRole - RaftServer{3}{role=FOLLOWER} - Appended Indexed{index=15, entry=CommandEntry{term=1, timestamp=2018-06-11 12:15:12,175, session=2, sequence=11, operation=PrimitiveOperation{id=DefaultOperationId{id=write, type=COMMAND}, value=byte[]{length=17, hash=-1644578928}}}}
00:15:12.232 [raft-server-2] TRACE i.a.p.raft.roles.FollowerRole - RaftServer{2}{role=FOLLOWER} - Committed entries up to index 14
00:15:12.232 [raft-server-3] TRACE i.a.p.raft.roles.FollowerRole - RaftServer{3}{role=FOLLOWER} - Committed entries up to index 14
00:15:12.232 [raft-server-2] TRACE i.a.p.raft.roles.FollowerRole - RaftServer{2}{role=FOLLOWER} - Sending AppendResponse{status=OK, term=1, succeeded=true, lastLogIndex=15}
00:15:12.232 [raft-server-3] TRACE i.a.p.raft.roles.FollowerRole - RaftServer{3}{role=FOLLOWER} - Sending AppendResponse{status=OK, term=1, succeeded=true, lastLogIndex=15}
00:15:12.233 [raft-server-1] TRACE i.a.p.raft.roles.LeaderAppender - RaftServer{1} - Received AppendResponse{status=OK, term=1, succeeded=true, lastLogIndex=15} from 2
00:15:12.233 [raft-server-1] TRACE i.a.p.raft.roles.LeaderAppender - RaftServer{1} - Committed entries up to 15
00:15:12.233 [raft-server-2-state] TRACE i.a.p.raft.impl.RaftServiceManager - RaftServer{2} - Applying Indexed{index=14, entry=CommandEntry{term=1, timestamp=2018-06-11 12:15:12,118, session=2, sequence=10, operation=PrimitiveOperation{id=DefaultOperationId{id=write, type=COMMAND}, value=byte[]{length=17, hash=-1644578928}}}}
00:15:12.233 [raft-server-3-state] TRACE i.a.p.raft.impl.RaftServiceManager - RaftServer{3} - Applying Indexed{index=14, entry=CommandEntry{term=1, timestamp=2018-06-11 12:15:12,118, session=2, sequence=10, operation=PrimitiveOperation{id=DefaultOperationId{id=write, type=COMMAND}, value=byte[]{length=17, hash=-1644578928}}}}
00:15:12.233 [raft-server-2-state] TRACE i.a.p.s.impl.DefaultServiceExecutor - PrimitiveService{2}{type=io.atomix.protocols.raft.RaftTest$TestPrimitiveType@4f16731, name=raft-test} - Executing DefaultCommit{index=14, session=RaftSession{RaftServiceContext{server=2, type=io.atomix.protocols.raft.RaftTest$TestPrimitiveType@4f16731, name=raft-test, id=2}, session=2, timestamp=2018-06-11 12:15:12,118}, time=2018-06-11 12:15:12,118, operation=DefaultOperationId{id=write, type=COMMAND}, value=byte[]{length=17, hash=-1644578928}}
00:15:12.233 [raft-server-3-state] TRACE i.a.p.s.impl.DefaultServiceExecutor - PrimitiveService{2}{type=io.atomix.protocols.raft.RaftTest$TestPrimitiveType@3a1a32eb, name=raft-test} - Executing DefaultCommit{index=14, session=RaftSession{RaftServiceContext{server=3, type=io.atomix.protocols.raft.RaftTest$TestPrimitiveType@3a1a32eb, name=raft-test, id=2}, session=2, timestamp=2018-06-11 12:15:12,118}, time=2018-06-11 12:15:12,118, operation=DefaultOperationId{id=write, type=COMMAND}, value=byte[]{length=17, hash=-1644578928}}
00:15:12.293 [raft-server-1] TRACE i.a.p.raft.roles.LeaderAppender - RaftServer{1} - Received AppendResponse{status=OK, term=1, succeeded=true, lastLogIndex=15} from 3
00:15:12.293 [raft-server-1] TRACE i.a.p.raft.roles.LeaderAppender - RaftServer{1} - Sending AppendRequest{term=1, leader=1, prevLogIndex=15, prevLogTerm=1, entries=0, commitIndex=15} to 2
00:15:12.293 [raft-server-1] TRACE i.a.p.raft.roles.LeaderAppender - RaftServer{1} - Sending AppendRequest{term=1, leader=1, prevLogIndex=15, prevLogTerm=1, entries=0, commitIndex=15} to 3
00:15:12.293 [raft-server-1-state] TRACE i.a.p.raft.impl.RaftServiceManager - RaftServer{1} - Applying Indexed{index=15, entry=CommandEntry{term=1, timestamp=2018-06-11 12:15:12,175, session=2, sequence=11, operation=PrimitiveOperation{id=DefaultOperationId{id=write, type=COMMAND}, value=byte[]{length=17, hash=-1644578928}}}}
00:15:12.294 [raft-server-2] TRACE i.a.p.raft.roles.FollowerRole - RaftServer{2}{role=FOLLOWER} - Received AppendRequest{term=1, leader=1, prevLogIndex=15, prevLogTerm=1, entries=0, commitIndex=15}
00:15:12.294 [raft-server-3] TRACE i.a.p.raft.roles.FollowerRole - RaftServer{3}{role=FOLLOWER} - Received AppendRequest{term=1, leader=1, prevLogIndex=15, prevLogTerm=1, entries=0, commitIndex=15}
00:15:12.294 [raft-server-1-state] TRACE i.a.p.s.impl.DefaultServiceExecutor - PrimitiveService{2}{type=io.atomix.protocols.raft.RaftTest$TestPrimitiveType@5c91ef2b, name=raft-test} - Executing DefaultCommit{index=15, session=RaftSession{RaftServiceContext{server=1, type=io.atomix.protocols.raft.RaftTest$TestPrimitiveType@5c91ef2b, name=raft-test, id=2}, session=2, timestamp=2018-06-11 12:15:12,175}, time=2018-06-11 12:15:12,175, operation=DefaultOperationId{id=write, type=COMMAND}, value=byte[]{length=17, hash=-1644578928}}
00:15:12.294 [raft-server-1-state] TRACE i.a.protocols.raft.roles.LeaderRole - RaftServer{1}{role=LEADER} - Sending CommandResponse{status=OK, index=15, eventIndex=2, result=byte[]{length=2, hash=1270}}
00:15:12.349 [raft-server-2] TRACE i.a.p.raft.roles.FollowerRole - RaftServer{2}{role=FOLLOWER} - Committed entries up to index 15
00:15:12.349 [raft-server-2] TRACE i.a.p.raft.roles.FollowerRole - RaftServer{2}{role=FOLLOWER} - Sending AppendResponse{status=OK, term=1, succeeded=true, lastLogIndex=15}
00:15:12.349 [raft-server-1] TRACE i.a.p.raft.roles.LeaderAppender - RaftServer{1} - Received AppendResponse{status=OK, term=1, succeeded=true, lastLogIndex=15} from 2
00:15:12.349 [raft-server-2-state] TRACE i.a.p.raft.impl.RaftServiceManager - RaftServer{2} - Applying Indexed{index=15, entry=CommandEntry{term=1, timestamp=2018-06-11 12:15:12,175, session=2, sequence=11, operation=PrimitiveOperation{id=DefaultOperationId{id=write, type=COMMAND}, value=byte[]{length=17, hash=-1644578928}}}}
00:15:12.349 [raft-server-1] TRACE i.a.p.raft.roles.LeaderAppender - RaftServer{1} - Sending AppendRequest{term=1, leader=1, prevLogIndex=15, prevLogTerm=1, entries=0, commitIndex=15} to 2
00:15:12.349 [raft-server-2-state] TRACE i.a.p.s.impl.DefaultServiceExecutor - PrimitiveService{2}{type=io.atomix.protocols.raft.RaftTest$TestPrimitiveType@4f16731, name=raft-test} - Executing DefaultCommit{index=15, session=RaftSession{RaftServiceContext{server=2, type=io.atomix.protocols.raft.RaftTest$TestPrimitiveType@4f16731, name=raft-test, id=2}, session=2, timestamp=2018-06-11 12:15:12,175}, time=2018-06-11 12:15:12,175, operation=DefaultOperationId{id=write, type=COMMAND}, value=byte[]{length=17, hash=-1644578928}}
00:15:12.349 [raft-server-2] TRACE i.a.p.raft.roles.FollowerRole - RaftServer{2}{role=FOLLOWER} - Received AppendRequest{term=1, leader=1, prevLogIndex=15, prevLogTerm=1, entries=0, commitIndex=15}
00:15:12.349 [raft-server-2] TRACE i.a.p.raft.roles.FollowerRole - RaftServer{2}{role=FOLLOWER} - Sending AppendResponse{status=OK, term=1, succeeded=true, lastLogIndex=15}
00:15:12.349 [raft-server-1] TRACE i.a.p.raft.roles.LeaderAppender - RaftServer{1} - Received AppendResponse{status=OK, term=1, succeeded=true, lastLogIndex=15} from 2
00:15:12.402 [raft-server-3] TRACE i.a.p.raft.roles.FollowerRole - RaftServer{3}{role=FOLLOWER} - Committed entries up to index 15
00:15:12.402 [raft-server-3] TRACE i.a.p.raft.roles.FollowerRole - RaftServer{3}{role=FOLLOWER} - Sending AppendResponse{status=OK, term=1, succeeded=true, lastLogIndex=15}
00:15:12.402 [raft-server-3] TRACE i.a.p.raft.roles.FollowerRole - RaftServer{3}{role=FOLLOWER} - Sending CommandResponse{status=OK, index=15, eventIndex=2, result=byte[]{length=2, hash=1270}}
00:15:12.402 [raft-server-1] TRACE i.a.p.raft.roles.LeaderAppender - RaftServer{1} - Received AppendResponse{status=OK, term=1, succeeded=true, lastLogIndex=15} from 3
00:15:12.402 [raft-client-82530a18-bea6-4e53-b81d-3dd8c76650f9-3] TRACE i.a.p.r.s.impl.RaftSessionConnection - SessionClient{2}{type=io.atomix.protocols.raft.RaftTest$TestPrimitiveType@68b11545, name=raft-test} - Received CommandResponse{status=OK, index=15, eventIndex=2, result=byte[]{length=2, hash=1270}} from 3
00:15:12.402 [raft-server-3-state] TRACE i.a.p.raft.impl.RaftServiceManager - RaftServer{3} - Applying Indexed{index=15, entry=CommandEntry{term=1, timestamp=2018-06-11 12:15:12,175, session=2, sequence=11, operation=PrimitiveOperation{id=DefaultOperationId{id=write, type=COMMAND}, value=byte[]{length=17, hash=-1644578928}}}}
00:15:12.402 [raft-client-82530a18-bea6-4e53-b81d-3dd8c76650f9-3] TRACE i.a.p.r.s.impl.RaftSessionSequencer - SessionClient{2}{type=io.atomix.protocols.raft.RaftTest$TestPrimitiveType@68b11545, name=raft-test} - Completing response CommandResponse{status=OK, index=15, eventIndex=2, result=byte[]{length=2, hash=1270}}
00:15:12.402 [raft-server-3-state] TRACE i.a.p.s.impl.DefaultServiceExecutor - PrimitiveService{2}{type=io.atomix.protocols.raft.RaftTest$TestPrimitiveType@3a1a32eb, name=raft-test} - Executing DefaultCommit{index=15, session=RaftSession{RaftServiceContext{server=3, type=io.atomix.protocols.raft.RaftTest$TestPrimitiveType@3a1a32eb, name=raft-test, id=2}, session=2, timestamp=2018-06-11 12:15:12,175}, time=2018-06-11 12:15:12,175, operation=DefaultOperationId{id=write, type=COMMAND}, value=byte[]{length=17, hash=-1644578928}}
00:15:12.402 [raft-client-82530a18-bea6-4e53-b81d-3dd8c76650f9-1] TRACE i.a.p.r.s.impl.RaftSessionConnection - SessionClient{2}{type=io.atomix.protocols.raft.RaftTest$TestPrimitiveType@68b11545, name=raft-test} - Sending CommandRequest{session=2, sequence=12, operation=PrimitiveOperation{id=DefaultOperationId{id=write, type=COMMAND}, value=byte[]{length=17, hash=-1644578928}}} to 3
00:15:12.402 [raft-server-3] TRACE i.a.p.raft.roles.FollowerRole - RaftServer{3}{role=FOLLOWER} - Received CommandRequest{session=2, sequence=12, operation=PrimitiveOperation{id=DefaultOperationId{id=write, type=COMMAND}, value=byte[]{length=17, hash=-1644578928}}}
00:15:12.402 [raft-server-1] TRACE i.a.protocols.raft.roles.LeaderRole - RaftServer{1}{role=LEADER} - Received CommandRequest{session=2, sequence=12, operation=PrimitiveOperation{id=DefaultOperationId{id=write, type=COMMAND}, value=byte[]{length=17, hash=-1644578928}}}
00:15:12.403 [raft-server-1] TRACE i.a.protocols.raft.roles.LeaderRole - RaftServer{1}{role=LEADER} - Appended Indexed{index=16, entry=CommandEntry{term=1, timestamp=2018-06-11 12:15:12,403, session=2, sequence=12, operation=PrimitiveOperation{id=DefaultOperationId{id=write, type=COMMAND}, value=byte[]{length=17, hash=-1644578928}}}}
00:15:12.403 [raft-server-1] TRACE i.a.p.raft.roles.LeaderAppender - RaftServer{1} - Sending AppendRequest{term=1, leader=1, prevLogIndex=15, prevLogTerm=1, entries=1, commitIndex=15} to 2
00:15:12.403 [raft-server-2] TRACE i.a.p.raft.roles.FollowerRole - RaftServer{2}{role=FOLLOWER} - Received AppendRequest{term=1, leader=1, prevLogIndex=15, prevLogTerm=1, entries=1, commitIndex=15}
00:15:12.403 [raft-server-1] TRACE i.a.p.raft.roles.LeaderAppender - RaftServer{1} - Sending AppendRequest{term=1, leader=1, prevLogIndex=15, prevLogTerm=1, entries=1, commitIndex=15} to 3
00:15:12.403 [raft-server-2] TRACE i.a.p.raft.roles.FollowerRole - RaftServer{2}{role=FOLLOWER} - Appended Indexed{index=16, entry=CommandEntry{term=1, timestamp=2018-06-11 12:15:12,403, session=2, sequence=12, operation=PrimitiveOperation{id=DefaultOperationId{id=write, type=COMMAND}, value=byte[]{length=17, hash=-1644578928}}}}
00:15:12.403 [raft-server-2] TRACE i.a.p.raft.roles.FollowerRole - RaftServer{2}{role=FOLLOWER} - Sending AppendResponse{status=OK, term=1, succeeded=true, lastLogIndex=16}
00:15:12.403 [raft-server-1] TRACE i.a.p.raft.roles.LeaderAppender - RaftServer{1} - Received AppendResponse{status=OK, term=1, succeeded=true, lastLogIndex=16} from 2
00:15:12.403 [raft-server-3] TRACE i.a.p.raft.roles.FollowerRole - RaftServer{3}{role=FOLLOWER} - Received AppendRequest{term=1, leader=1, prevLogIndex=15, prevLogTerm=1, entries=1, commitIndex=15}
00:15:12.403 [raft-server-1] TRACE i.a.p.raft.roles.LeaderAppender - RaftServer{1} - Committed entries up to 16
00:15:12.403 [raft-server-3] TRACE i.a.p.raft.roles.FollowerRole - RaftServer{3}{role=FOLLOWER} - Appended Indexed{index=16, entry=CommandEntry{term=1, timestamp=2018-06-11 12:15:12,403, session=2, sequence=12, operation=PrimitiveOperation{id=DefaultOperationId{id=write, type=COMMAND}, value=byte[]{length=17, hash=-1644578928}}}}
00:15:12.403 [raft-server-3] TRACE i.a.p.raft.roles.FollowerRole - RaftServer{3}{role=FOLLOWER} - Sending AppendResponse{status=OK, term=1, succeeded=true, lastLogIndex=16}
00:15:12.449 [raft-server-1] TRACE i.a.p.raft.roles.LeaderAppender - RaftServer{1} - Received AppendResponse{status=OK, term=1, succeeded=true, lastLogIndex=16} from 3
00:15:12.449 [raft-server-1-state] TRACE i.a.p.raft.impl.RaftServiceManager - RaftServer{1} - Applying Indexed{index=16, entry=CommandEntry{term=1, timestamp=2018-06-11 12:15:12,403, session=2, sequence=12, operation=PrimitiveOperation{id=DefaultOperationId{id=write, type=COMMAND}, value=byte[]{length=17, hash=-1644578928}}}}
00:15:12.449 [raft-server-1-state] TRACE i.a.p.s.impl.DefaultServiceExecutor - PrimitiveService{2}{type=io.atomix.protocols.raft.RaftTest$TestPrimitiveType@5c91ef2b, name=raft-test} - Executing DefaultCommit{index=16, session=RaftSession{RaftServiceContext{server=1, type=io.atomix.protocols.raft.RaftTest$TestPrimitiveType@5c91ef2b, name=raft-test, id=2}, session=2, timestamp=2018-06-11 12:15:12,403}, time=2018-06-11 12:15:12,403, operation=DefaultOperationId{id=write, type=COMMAND}, value=byte[]{length=17, hash=-1644578928}}
00:15:12.449 [raft-server-1-state] TRACE i.a.protocols.raft.roles.LeaderRole - RaftServer{1}{role=LEADER} - Sending CommandResponse{status=OK, index=16, eventIndex=2, result=byte[]{length=2, hash=1272}}
00:15:12.450 [raft-server-3] TRACE i.a.p.raft.roles.FollowerRole - RaftServer{3}{role=FOLLOWER} - Sending CommandResponse{status=OK, index=16, eventIndex=2, result=byte[]{length=2, hash=1272}}
00:15:12.450 [raft-client-82530a18-bea6-4e53-b81d-3dd8c76650f9-0] TRACE i.a.p.r.s.impl.RaftSessionConnection - SessionClient{2}{type=io.atomix.protocols.raft.RaftTest$TestPrimitiveType@68b11545, name=raft-test} - Received CommandResponse{status=OK, index=16, eventIndex=2, result=byte[]{length=2, hash=1272}} from 3
00:15:12.450 [raft-client-82530a18-bea6-4e53-b81d-3dd8c76650f9-0] TRACE i.a.p.r.s.impl.RaftSessionSequencer - SessionClient{2}{type=io.atomix.protocols.raft.RaftTest$TestPrimitiveType@68b11545, name=raft-test} - Completing response CommandResponse{status=OK, index=16, eventIndex=2, result=byte[]{length=2, hash=1272}}
00:15:12.450 [raft-client-82530a18-bea6-4e53-b81d-3dd8c76650f9-6] TRACE i.a.p.r.s.impl.RaftSessionConnection - SessionClient{2}{type=io.atomix.protocols.raft.RaftTest$TestPrimitiveType@68b11545, name=raft-test} - Sending CommandRequest{session=2, sequence=13, operation=PrimitiveOperation{id=DefaultOperationId{id=write, type=COMMAND}, value=byte[]{length=17, hash=-1644578928}}} to 3
00:15:12.450 [raft-server-3] TRACE i.a.p.raft.roles.FollowerRole - RaftServer{3}{role=FOLLOWER} - Received CommandRequest{session=2, sequence=13, operation=PrimitiveOperation{id=DefaultOperationId{id=write, type=COMMAND}, value=byte[]{length=17, hash=-1644578928}}}
00:15:12.450 [raft-server-1] TRACE i.a.protocols.raft.roles.LeaderRole - RaftServer{1}{role=LEADER} - Received CommandRequest{session=2, sequence=13, operation=PrimitiveOperation{id=DefaultOperationId{id=write, type=COMMAND}, value=byte[]{length=17, hash=-1644578928}}}
00:15:12.450 [raft-server-1] TRACE i.a.protocols.raft.roles.LeaderRole - RaftServer{1}{role=LEADER} - Appended Indexed{index=17, entry=CommandEntry{term=1, timestamp=2018-06-11 12:15:12,450, session=2, sequence=13, operation=PrimitiveOperation{id=DefaultOperationId{id=write, type=COMMAND}, value=byte[]{length=17, hash=-1644578928}}}}
00:15:12.450 [raft-server-1] TRACE i.a.p.raft.roles.LeaderAppender - RaftServer{1} - Sending AppendRequest{term=1, leader=1, prevLogIndex=16, prevLogTerm=1, entries=1, commitIndex=16} to 2
00:15:12.450 [raft-server-2] TRACE i.a.p.raft.roles.FollowerRole - RaftServer{2}{role=FOLLOWER} - Received AppendRequest{term=1, leader=1, prevLogIndex=16, prevLogTerm=1, entries=1, commitIndex=16}
00:15:12.450 [raft-server-1] TRACE i.a.p.raft.roles.LeaderAppender - RaftServer{1} - Sending AppendRequest{term=1, leader=1, prevLogIndex=16, prevLogTerm=1, entries=1, commitIndex=16} to 3
00:15:12.450 [raft-server-3] TRACE i.a.p.raft.roles.FollowerRole - RaftServer{3}{role=FOLLOWER} - Received AppendRequest{term=1, leader=1, prevLogIndex=16, prevLogTerm=1, entries=1, commitIndex=16}
00:15:12.450 [raft-server-2] TRACE i.a.p.raft.roles.FollowerRole - RaftServer{2}{role=FOLLOWER} - Appended Indexed{index=17, entry=CommandEntry{term=1, timestamp=2018-06-11 12:15:12,450, session=2, sequence=13, operation=PrimitiveOperation{id=DefaultOperationId{id=write, type=COMMAND}, value=byte[]{length=17, hash=-1644578928}}}}
00:15:12.450 [raft-server-3] TRACE i.a.p.raft.roles.FollowerRole - RaftServer{3}{role=FOLLOWER} - Appended Indexed{index=17, entry=CommandEntry{term=1, timestamp=2018-06-11 12:15:12,450, session=2, sequence=13, operation=PrimitiveOperation{id=DefaultOperationId{id=write, type=COMMAND}, value=byte[]{length=17, hash=-1644578928}}}}
00:15:12.488 [raft-server-2] TRACE i.a.p.raft.roles.FollowerRole - RaftServer{2}{role=FOLLOWER} - Committed entries up to index 16
00:15:12.488 [raft-server-3] TRACE i.a.p.raft.roles.FollowerRole - RaftServer{3}{role=FOLLOWER} - Committed entries up to index 16
00:15:12.488 [raft-server-2] TRACE i.a.p.raft.roles.FollowerRole - RaftServer{2}{role=FOLLOWER} - Sending AppendResponse{status=OK, term=1, succeeded=true, lastLogIndex=17}
00:15:12.488 [raft-server-3] TRACE i.a.p.raft.roles.FollowerRole - RaftServer{3}{role=FOLLOWER} - Sending AppendResponse{status=OK, term=1, succeeded=true, lastLogIndex=17}
00:15:12.488 [raft-server-1] TRACE i.a.p.raft.roles.LeaderAppender - RaftServer{1} - Received AppendResponse{status=OK, term=1, succeeded=true, lastLogIndex=17} from 2
00:15:12.488 [raft-server-1] TRACE i.a.p.raft.roles.LeaderAppender - RaftServer{1} - Committed entries up to 17
00:15:12.488 [raft-server-2-state] TRACE i.a.p.raft.impl.RaftServiceManager - RaftServer{2} - Applying Indexed{index=16, entry=CommandEntry{term=1, timestamp=2018-06-11 12:15:12,403, session=2, sequence=12, operation=PrimitiveOperation{id=DefaultOperationId{id=write, type=COMMAND}, value=byte[]{length=17, hash=-1644578928}}}}
00:15:12.488 [raft-server-3-state] TRACE i.a.p.raft.impl.RaftServiceManager - RaftServer{3} - Applying Indexed{index=16, entry=CommandEntry{term=1, timestamp=2018-06-11 12:15:12,403, session=2, sequence=12, operation=PrimitiveOperation{id=DefaultOperationId{id=write, type=COMMAND}, value=byte[]{length=17, hash=-1644578928}}}}
00:15:12.488 [raft-server-2-state] TRACE i.a.p.s.impl.DefaultServiceExecutor - PrimitiveService{2}{type=io.atomix.protocols.raft.RaftTest$TestPrimitiveType@4f16731, name=raft-test} - Executing DefaultCommit{index=16, session=RaftSession{RaftServiceContext{server=2, type=io.atomix.protocols.raft.RaftTest$TestPrimitiveType@4f16731, name=raft-test, id=2}, session=2, timestamp=2018-06-11 12:15:12,403}, time=2018-06-11 12:15:12,403, operation=DefaultOperationId{id=write, type=COMMAND}, value=byte[]{length=17, hash=-1644578928}}
00:15:12.488 [raft-server-3-state] TRACE i.a.p.s.impl.DefaultServiceExecutor - PrimitiveService{2}{type=io.atomix.protocols.raft.RaftTest$TestPrimitiveType@3a1a32eb, name=raft-test} - Executing DefaultCommit{index=16, session=RaftSession{RaftServiceContext{server=3, type=io.atomix.protocols.raft.RaftTest$TestPrimitiveType@3a1a32eb, name=raft-test, id=2}, session=2, timestamp=2018-06-11 12:15:12,403}, time=2018-06-11 12:15:12,403, operation=DefaultOperationId{id=write, type=COMMAND}, value=byte[]{length=17, hash=-1644578928}}
00:15:12.552 [raft-server-1] TRACE i.a.p.raft.roles.LeaderAppender - RaftServer{1} - Received AppendResponse{status=OK, term=1, succeeded=true, lastLogIndex=17} from 3
00:15:12.552 [raft-server-1] TRACE i.a.p.raft.roles.LeaderAppender - RaftServer{1} - Sending AppendRequest{term=1, leader=1, prevLogIndex=17, prevLogTerm=1, entries=0, commitIndex=17} to 2
00:15:12.552 [raft-server-1] TRACE i.a.p.raft.roles.LeaderAppender - RaftServer{1} - Sending AppendRequest{term=1, leader=1, prevLogIndex=17, prevLogTerm=1, entries=0, commitIndex=17} to 3
00:15:12.552 [raft-server-2] TRACE i.a.p.raft.roles.FollowerRole - RaftServer{2}{role=FOLLOWER} - Received AppendRequest{term=1, leader=1, prevLogIndex=17, prevLogTerm=1, entries=0, commitIndex=17}
00:15:12.552 [raft-server-3] TRACE i.a.p.raft.roles.FollowerRole - RaftServer{3}{role=FOLLOWER} - Received AppendRequest{term=1, leader=1, prevLogIndex=17, prevLogTerm=1, entries=0, commitIndex=17}
00:15:12.552 [raft-server-1-state] TRACE i.a.p.raft.impl.RaftServiceManager - RaftServer{1} - Applying Indexed{index=17, entry=CommandEntry{term=1, timestamp=2018-06-11 12:15:12,450, session=2, sequence=13, operation=PrimitiveOperation{id=DefaultOperationId{id=write, type=COMMAND}, value=byte[]{length=17, hash=-1644578928}}}}
00:15:12.553 [raft-server-1-state] TRACE i.a.p.s.impl.DefaultServiceExecutor - PrimitiveService{2}{type=io.atomix.protocols.raft.RaftTest$TestPrimitiveType@5c91ef2b, name=raft-test} - Executing DefaultCommit{index=17, session=RaftSession{RaftServiceContext{server=1, type=io.atomix.protocols.raft.RaftTest$TestPrimitiveType@5c91ef2b, name=raft-test, id=2}, session=2, timestamp=2018-06-11 12:15:12,450}, time=2018-06-11 12:15:12,450, operation=DefaultOperationId{id=write, type=COMMAND}, value=byte[]{length=17, hash=-1644578928}}
00:15:12.553 [raft-server-1-state] TRACE i.a.protocols.raft.roles.LeaderRole - RaftServer{1}{role=LEADER} - Sending CommandResponse{status=OK, index=17, eventIndex=2, result=byte[]{length=2, hash=1274}}
00:15:12.725 [raft-server-2] TRACE i.a.p.raft.roles.FollowerRole - RaftServer{2}{role=FOLLOWER} - Committed entries up to index 17
00:15:12.725 [raft-server-3] TRACE i.a.p.raft.roles.FollowerRole - RaftServer{3}{role=FOLLOWER} - Committed entries up to index 17
00:15:12.725 [raft-server-2] TRACE i.a.p.raft.roles.FollowerRole - RaftServer{2}{role=FOLLOWER} - Sending AppendResponse{status=OK, term=1, succeeded=true, lastLogIndex=17}
00:15:12.725 [raft-server-3] TRACE i.a.p.raft.roles.FollowerRole - RaftServer{3}{role=FOLLOWER} - Sending AppendResponse{status=OK, term=1, succeeded=true, lastLogIndex=17}
00:15:12.726 [raft-server-1] TRACE i.a.p.raft.roles.LeaderAppender - RaftServer{1} - Received AppendResponse{status=OK, term=1, succeeded=true, lastLogIndex=17} from 2
00:15:12.726 [raft-server-3] TRACE i.a.p.raft.roles.FollowerRole - RaftServer{3}{role=FOLLOWER} - Sending CommandResponse{status=OK, index=17, eventIndex=2, result=byte[]{length=2, hash=1274}}
00:15:12.726 [raft-server-2-state] TRACE i.a.p.raft.impl.RaftServiceManager - RaftServer{2} - Applying Indexed{index=17, entry=CommandEntry{term=1, timestamp=2018-06-11 12:15:12,450, session=2, sequence=13, operation=PrimitiveOperation{id=DefaultOperationId{id=write, type=COMMAND}, value=byte[]{length=17, hash=-1644578928}}}}
00:15:12.726 [raft-server-1] TRACE i.a.p.raft.roles.LeaderAppender - RaftServer{1} - Sending AppendRequest{term=1, leader=1, prevLogIndex=17, prevLogTerm=1, entries=0, commitIndex=17} to 2
00:15:12.726 [raft-server-1] TRACE i.a.p.raft.roles.LeaderAppender - RaftServer{1} - Received AppendResponse{status=OK, term=1, succeeded=true, lastLogIndex=17} from 3
00:15:12.726 [raft-server-2-state] TRACE i.a.p.s.impl.DefaultServiceExecutor - PrimitiveService{2}{type=io.atomix.protocols.raft.RaftTest$TestPrimitiveType@4f16731, name=raft-test} - Executing DefaultCommit{index=17, session=RaftSession{RaftServiceContext{server=2, type=io.atomix.protocols.raft.RaftTest$TestPrimitiveType@4f16731, name=raft-test, id=2}, session=2, timestamp=2018-06-11 12:15:12,450}, time=2018-06-11 12:15:12,450, operation=DefaultOperationId{id=write, type=COMMAND}, value=byte[]{length=17, hash=-1644578928}}
00:15:12.726 [raft-client-82530a18-bea6-4e53-b81d-3dd8c76650f9-7] TRACE i.a.p.r.s.impl.RaftSessionConnection - SessionClient{2}{type=io.atomix.protocols.raft.RaftTest$TestPrimitiveType@68b11545, name=raft-test} - Received CommandResponse{status=OK, index=17, eventIndex=2, result=byte[]{length=2, hash=1274}} from 3
00:15:12.726 [raft-server-2] TRACE i.a.p.raft.roles.FollowerRole - RaftServer{2}{role=FOLLOWER} - Received AppendRequest{term=1, leader=1, prevLogIndex=17, prevLogTerm=1, entries=0, commitIndex=17}
00:15:12.726 [raft-server-1] TRACE i.a.p.raft.roles.LeaderAppender - RaftServer{1} - Sending AppendRequest{term=1, leader=1, prevLogIndex=17, prevLogTerm=1, entries=0, commitIndex=17} to 3
00:15:12.726 [raft-server-3-state] TRACE i.a.p.raft.impl.RaftServiceManager - RaftServer{3} - Applying Indexed{index=17, entry=CommandEntry{term=1, timestamp=2018-06-11 12:15:12,450, session=2, sequence=13, operation=PrimitiveOperation{id=DefaultOperationId{id=write, type=COMMAND}, value=byte[]{length=17, hash=-1644578928}}}}
00:15:12.726 [raft-client-82530a18-bea6-4e53-b81d-3dd8c76650f9-7] TRACE i.a.p.r.s.impl.RaftSessionSequencer - SessionClient{2}{type=io.atomix.protocols.raft.RaftTest$TestPrimitiveType@68b11545, name=raft-test} - Completing response CommandResponse{status=OK, index=17, eventIndex=2, result=byte[]{length=2, hash=1274}}
00:15:12.726 [raft-server-2] TRACE i.a.p.raft.roles.FollowerRole - RaftServer{2}{role=FOLLOWER} - Sending AppendResponse{status=OK, term=1, succeeded=true, lastLogIndex=17}
00:15:12.726 [raft-server-3] TRACE i.a.p.raft.roles.FollowerRole - RaftServer{3}{role=FOLLOWER} - Received AppendRequest{term=1, leader=1, prevLogIndex=17, prevLogTerm=1, entries=0, commitIndex=17}
00:15:12.726 [raft-server-3-state] TRACE i.a.p.s.impl.DefaultServiceExecutor - PrimitiveService{2}{type=io.atomix.protocols.raft.RaftTest$TestPrimitiveType@3a1a32eb, name=raft-test} - Executing DefaultCommit{index=17, session=RaftSession{RaftServiceContext{server=3, type=io.atomix.protocols.raft.RaftTest$TestPrimitiveType@3a1a32eb, name=raft-test, id=2}, session=2, timestamp=2018-06-11 12:15:12,450}, time=2018-06-11 12:15:12,450, operation=DefaultOperationId{id=write, type=COMMAND}, value=byte[]{length=17, hash=-1644578928}}
00:15:12.726 [raft-server-1] TRACE i.a.p.raft.roles.LeaderAppender - RaftServer{1} - Received AppendResponse{status=OK, term=1, succeeded=true, lastLogIndex=17} from 2
00:15:12.726 [raft-server-3] TRACE i.a.p.raft.roles.FollowerRole - RaftServer{3}{role=FOLLOWER} - Sending AppendResponse{status=OK, term=1, succeeded=true, lastLogIndex=17}
00:15:12.726 [raft-client-82530a18-bea6-4e53-b81d-3dd8c76650f9-4] TRACE i.a.p.r.s.impl.RaftSessionConnection - SessionClient{2}{type=io.atomix.protocols.raft.RaftTest$TestPrimitiveType@68b11545, name=raft-test} - Sending CommandRequest{session=2, sequence=14, operation=PrimitiveOperation{id=DefaultOperationId{id=write, type=COMMAND}, value=byte[]{length=17, hash=-1644578928}}} to 3
00:15:12.726 [raft-server-1] TRACE i.a.p.raft.roles.LeaderAppender - RaftServer{1} - Received AppendResponse{status=OK, term=1, succeeded=true, lastLogIndex=17} from 3
00:15:12.726 [raft-server-3] TRACE i.a.p.raft.roles.FollowerRole - RaftServer{3}{role=FOLLOWER} - Received CommandRequest{session=2, sequence=14, operation=PrimitiveOperation{id=DefaultOperationId{id=write, type=COMMAND}, value=byte[]{length=17, hash=-1644578928}}}
00:15:12.726 [raft-server-1] TRACE i.a.protocols.raft.roles.LeaderRole - RaftServer{1}{role=LEADER} - Received CommandRequest{session=2, sequence=14, operation=PrimitiveOperation{id=DefaultOperationId{id=write, type=COMMAND}, value=byte[]{length=17, hash=-1644578928}}}
00:15:12.727 [raft-server-1] TRACE i.a.protocols.raft.roles.LeaderRole - RaftServer{1}{role=LEADER} - Appended Indexed{index=18, entry=CommandEntry{term=1, timestamp=2018-06-11 12:15:12,726, session=2, sequence=14, operation=PrimitiveOperation{id=DefaultOperationId{id=write, type=COMMAND}, value=byte[]{length=17, hash=-1644578928}}}}
00:15:12.727 [raft-server-1] TRACE i.a.p.raft.roles.LeaderAppender - RaftServer{1} - Sending AppendRequest{term=1, leader=1, prevLogIndex=17, prevLogTerm=1, entries=1, commitIndex=17} to 2
00:15:12.727 [raft-server-1] TRACE i.a.p.raft.roles.LeaderAppender - RaftServer{1} - Sending AppendRequest{term=1, leader=1, prevLogIndex=17, prevLogTerm=1, entries=1, commitIndex=17} to 3
00:15:12.727 [raft-server-2] TRACE i.a.p.raft.roles.FollowerRole - RaftServer{2}{role=FOLLOWER} - Received AppendRequest{term=1, leader=1, prevLogIndex=17, prevLogTerm=1, entries=1, commitIndex=17}
00:15:12.727 [raft-server-3] TRACE i.a.p.raft.roles.FollowerRole - RaftServer{3}{role=FOLLOWER} - Received AppendRequest{term=1, leader=1, prevLogIndex=17, prevLogTerm=1, entries=1, commitIndex=17}
00:15:12.727 [raft-server-2] TRACE i.a.p.raft.roles.FollowerRole - RaftServer{2}{role=FOLLOWER} - Appended Indexed{index=18, entry=CommandEntry{term=1, timestamp=2018-06-11 12:15:12,726, session=2, sequence=14, operation=PrimitiveOperation{id=DefaultOperationId{id=write, type=COMMAND}, value=byte[]{length=17, hash=-1644578928}}}}
00:15:12.727 [raft-server-2] TRACE i.a.p.raft.roles.FollowerRole - RaftServer{2}{role=FOLLOWER} - Sending AppendResponse{status=OK, term=1, succeeded=true, lastLogIndex=18}
00:15:12.727 [raft-server-3] TRACE i.a.p.raft.roles.FollowerRole - RaftServer{3}{role=FOLLOWER} - Appended Indexed{index=18, entry=CommandEntry{term=1, timestamp=2018-06-11 12:15:12,726, session=2, sequence=14, operation=PrimitiveOperation{id=DefaultOperationId{id=write, type=COMMAND}, value=byte[]{length=17, hash=-1644578928}}}}
00:15:12.727 [raft-server-1] TRACE i.a.p.raft.roles.LeaderAppender - RaftServer{1} - Received AppendResponse{status=OK, term=1, succeeded=true, lastLogIndex=18} from 2
00:15:12.727 [raft-server-3] TRACE i.a.p.raft.roles.FollowerRole - RaftServer{3}{role=FOLLOWER} - Sending AppendResponse{status=OK, term=1, succeeded=true, lastLogIndex=18}
00:15:12.727 [raft-server-1] TRACE i.a.p.raft.roles.LeaderAppender - RaftServer{1} - Committed entries up to 18
00:15:12.775 [raft-server-1] TRACE i.a.p.raft.roles.LeaderAppender - RaftServer{1} - Received AppendResponse{status=OK, term=1, succeeded=true, lastLogIndex=18} from 3
00:15:12.776 [raft-server-1-state] TRACE i.a.p.raft.impl.RaftServiceManager - RaftServer{1} - Applying Indexed{index=18, entry=CommandEntry{term=1, timestamp=2018-06-11 12:15:12,726, session=2, sequence=14, operation=PrimitiveOperation{id=DefaultOperationId{id=write, type=COMMAND}, value=byte[]{length=17, hash=-1644578928}}}}
00:15:12.776 [raft-server-1-state] TRACE i.a.p.s.impl.DefaultServiceExecutor - PrimitiveService{2}{type=io.atomix.protocols.raft.RaftTest$TestPrimitiveType@5c91ef2b, name=raft-test} - Executing DefaultCommit{index=18, session=RaftSession{RaftServiceContext{server=1, type=io.atomix.protocols.raft.RaftTest$TestPrimitiveType@5c91ef2b, name=raft-test, id=2}, session=2, timestamp=2018-06-11 12:15:12,726}, time=2018-06-11 12:15:12,726, operation=DefaultOperationId{id=write, type=COMMAND}, value=byte[]{length=17, hash=-1644578928}}
00:15:12.776 [raft-server-1-state] TRACE i.a.protocols.raft.roles.LeaderRole - RaftServer{1}{role=LEADER} - Sending CommandResponse{status=OK, index=18, eventIndex=2, result=byte[]{length=2, hash=1276}}
00:15:12.776 [raft-server-3] TRACE i.a.p.raft.roles.FollowerRole - RaftServer{3}{role=FOLLOWER} - Sending CommandResponse{status=OK, index=18, eventIndex=2, result=byte[]{length=2, hash=1276}}
00:15:12.776 [raft-client-82530a18-bea6-4e53-b81d-3dd8c76650f9-3] TRACE i.a.p.r.s.impl.RaftSessionConnection - SessionClient{2}{type=io.atomix.protocols.raft.RaftTest$TestPrimitiveType@68b11545, name=raft-test} - Received CommandResponse{status=OK, index=18, eventIndex=2, result=byte[]{length=2, hash=1276}} from 3
00:15:12.776 [raft-client-82530a18-bea6-4e53-b81d-3dd8c76650f9-3] TRACE i.a.p.r.s.impl.RaftSessionSequencer - SessionClient{2}{type=io.atomix.protocols.raft.RaftTest$TestPrimitiveType@68b11545, name=raft-test} - Completing response CommandResponse{status=OK, index=18, eventIndex=2, result=byte[]{length=2, hash=1276}}
00:15:12.776 [raft-client-82530a18-bea6-4e53-b81d-3dd8c76650f9-3] TRACE i.a.p.r.s.impl.RaftSessionConnection - SessionClient{2}{type=io.atomix.protocols.raft.RaftTest$TestPrimitiveType@68b11545, name=raft-test} - Sending CommandRequest{session=2, sequence=15, operation=PrimitiveOperation{id=DefaultOperationId{id=write, type=COMMAND}, value=byte[]{length=17, hash=-1644578928}}} to 3
00:15:12.776 [raft-server-3] TRACE i.a.p.raft.roles.FollowerRole - RaftServer{3}{role=FOLLOWER} - Received CommandRequest{session=2, sequence=15, operation=PrimitiveOperation{id=DefaultOperationId{id=write, type=COMMAND}, value=byte[]{length=17, hash=-1644578928}}}
00:15:12.776 [raft-server-1] TRACE i.a.protocols.raft.roles.LeaderRole - RaftServer{1}{role=LEADER} - Received CommandRequest{session=2, sequence=15, operation=PrimitiveOperation{id=DefaultOperationId{id=write, type=COMMAND}, value=byte[]{length=17, hash=-1644578928}}}
00:15:12.777 [raft-server-1] TRACE i.a.protocols.raft.roles.LeaderRole - RaftServer{1}{role=LEADER} - Appended Indexed{index=19, entry=CommandEntry{term=1, timestamp=2018-06-11 12:15:12,777, session=2, sequence=15, operation=PrimitiveOperation{id=DefaultOperationId{id=write, type=COMMAND}, value=byte[]{length=17, hash=-1644578928}}}}
00:15:12.777 [raft-server-1] TRACE i.a.p.raft.roles.LeaderAppender - RaftServer{1} - Sending AppendRequest{term=1, leader=1, prevLogIndex=18, prevLogTerm=1, entries=1, commitIndex=18} to 2
00:15:12.777 [raft-server-1] TRACE i.a.p.raft.roles.LeaderAppender - RaftServer{1} - Sending AppendRequest{term=1, leader=1, prevLogIndex=18, prevLogTerm=1, entries=1, commitIndex=18} to 3
00:15:12.777 [raft-server-3] TRACE i.a.p.raft.roles.FollowerRole - RaftServer{3}{role=FOLLOWER} - Received AppendRequest{term=1, leader=1, prevLogIndex=18, prevLogTerm=1, entries=1, commitIndex=18}
00:15:12.777 [raft-server-2] TRACE i.a.p.raft.roles.FollowerRole - RaftServer{2}{role=FOLLOWER} - Received AppendRequest{term=1, leader=1, prevLogIndex=18, prevLogTerm=1, entries=1, commitIndex=18}
00:15:12.777 [raft-server-2] TRACE i.a.p.raft.roles.FollowerRole - RaftServer{2}{role=FOLLOWER} - Appended Indexed{index=19, entry=CommandEntry{term=1, timestamp=2018-06-11 12:15:12,777, session=2, sequence=15, operation=PrimitiveOperation{id=DefaultOperationId{id=write, type=COMMAND}, value=byte[]{length=17, hash=-1644578928}}}}
00:15:12.777 [raft-server-3] TRACE i.a.p.raft.roles.FollowerRole - RaftServer{3}{role=FOLLOWER} - Appended Indexed{index=19, entry=CommandEntry{term=1, timestamp=2018-06-11 12:15:12,777, session=2, sequence=15, operation=PrimitiveOperation{id=DefaultOperationId{id=write, type=COMMAND}, value=byte[]{length=17, hash=-1644578928}}}}
00:15:12.825 [raft-server-3] TRACE i.a.p.raft.roles.FollowerRole - RaftServer{3}{role=FOLLOWER} - Committed entries up to index 18
00:15:12.825 [raft-server-2] TRACE i.a.p.raft.roles.FollowerRole - RaftServer{2}{role=FOLLOWER} - Committed entries up to index 18
00:15:12.825 [raft-server-3] TRACE i.a.p.raft.roles.FollowerRole - RaftServer{3}{role=FOLLOWER} - Sending AppendResponse{status=OK, term=1, succeeded=true, lastLogIndex=19}
00:15:12.825 [raft-server-2] TRACE i.a.p.raft.roles.FollowerRole - RaftServer{2}{role=FOLLOWER} - Sending AppendResponse{status=OK, term=1, succeeded=true, lastLogIndex=19}
00:15:12.826 [raft-server-1] TRACE i.a.p.raft.roles.LeaderAppender - RaftServer{1} - Received AppendResponse{status=OK, term=1, succeeded=true, lastLogIndex=19} from 3
00:15:12.826 [raft-server-1] TRACE i.a.p.raft.roles.LeaderAppender - RaftServer{1} - Committed entries up to 19
00:15:12.826 [raft-server-3-state] TRACE i.a.p.raft.impl.RaftServiceManager - RaftServer{3} - Applying Indexed{index=18, entry=CommandEntry{term=1, timestamp=2018-06-11 12:15:12,726, session=2, sequence=14, operation=PrimitiveOperation{id=DefaultOperationId{id=write, type=COMMAND}, value=byte[]{length=17, hash=-1644578928}}}}
00:15:12.826 [raft-server-2-state] TRACE i.a.p.raft.impl.RaftServiceManager - RaftServer{2} - Applying Indexed{index=18, entry=CommandEntry{term=1, timestamp=2018-06-11 12:15:12,726, session=2, sequence=14, operation=PrimitiveOperation{id=DefaultOperationId{id=write, type=COMMAND}, value=byte[]{length=17, hash=-1644578928}}}}
00:15:12.826 [raft-server-3-state] TRACE i.a.p.s.impl.DefaultServiceExecutor - PrimitiveService{2}{type=io.atomix.protocols.raft.RaftTest$TestPrimitiveType@3a1a32eb, name=raft-test} - Executing DefaultCommit{index=18, session=RaftSession{RaftServiceContext{server=3, type=io.atomix.protocols.raft.RaftTest$TestPrimitiveType@3a1a32eb, name=raft-test, id=2}, session=2, timestamp=2018-06-11 12:15:12,726}, time=2018-06-11 12:15:12,726, operation=DefaultOperationId{id=write, type=COMMAND}, value=byte[]{length=17, hash=-1644578928}}
00:15:12.826 [raft-server-2-state] TRACE i.a.p.s.impl.DefaultServiceExecutor - PrimitiveService{2}{type=io.atomix.protocols.raft.RaftTest$TestPrimitiveType@4f16731, name=raft-test} - Executing DefaultCommit{index=18, session=RaftSession{RaftServiceContext{server=2, type=io.atomix.protocols.raft.RaftTest$TestPrimitiveType@4f16731, name=raft-test, id=2}, session=2, timestamp=2018-06-11 12:15:12,726}, time=2018-06-11 12:15:12,726, operation=DefaultOperationId{id=write, type=COMMAND}, value=byte[]{length=17, hash=-1644578928}}
00:15:12.892 [raft-server-1] TRACE i.a.p.raft.roles.LeaderAppender - RaftServer{1} - Sending AppendRequest{term=1, leader=1, prevLogIndex=19, prevLogTerm=1, entries=0, commitIndex=19} to 3
00:15:12.892 [raft-server-1] TRACE i.a.p.raft.roles.LeaderAppender - RaftServer{1} - Received AppendResponse{status=OK, term=1, succeeded=true, lastLogIndex=19} from 2
00:15:12.892 [raft-server-3] TRACE i.a.p.raft.roles.FollowerRole - RaftServer{3}{role=FOLLOWER} - Received AppendRequest{term=1, leader=1, prevLogIndex=19, prevLogTerm=1, entries=0, commitIndex=19}
00:15:12.892 [raft-server-1] TRACE i.a.p.raft.roles.LeaderAppender - RaftServer{1} - Sending AppendRequest{term=1, leader=1, prevLogIndex=19, prevLogTerm=1, entries=0, commitIndex=19} to 2
00:15:12.893 [raft-server-2] TRACE i.a.p.raft.roles.FollowerRole - RaftServer{2}{role=FOLLOWER} - Received AppendRequest{term=1, leader=1, prevLogIndex=19, prevLogTerm=1, entries=0, commitIndex=19}
00:15:12.893 [raft-server-1-state] TRACE i.a.p.raft.impl.RaftServiceManager - RaftServer{1} - Applying Indexed{index=19, entry=CommandEntry{term=1, timestamp=2018-06-11 12:15:12,777, session=2, sequence=15, operation=PrimitiveOperation{id=DefaultOperationId{id=write, type=COMMAND}, value=byte[]{length=17, hash=-1644578928}}}}
00:15:12.893 [raft-server-1-state] TRACE i.a.p.s.impl.DefaultServiceExecutor - PrimitiveService{2}{type=io.atomix.protocols.raft.RaftTest$TestPrimitiveType@5c91ef2b, name=raft-test} - Executing DefaultCommit{index=19, session=RaftSession{RaftServiceContext{server=1, type=io.atomix.protocols.raft.RaftTest$TestPrimitiveType@5c91ef2b, name=raft-test, id=2}, session=2, timestamp=2018-06-11 12:15:12,777}, time=2018-06-11 12:15:12,777, operation=DefaultOperationId{id=write, type=COMMAND}, value=byte[]{length=17, hash=-1644578928}}
00:15:12.893 [raft-server-1-state] TRACE i.a.protocols.raft.roles.LeaderRole - RaftServer{1}{role=LEADER} - Sending CommandResponse{status=OK, index=19, eventIndex=2, result=byte[]{length=2, hash=1278}}
00:15:12.942 [raft-server-3] TRACE i.a.p.raft.roles.FollowerRole - RaftServer{3}{role=FOLLOWER} - Committed entries up to index 19
00:15:12.942 [raft-server-3] TRACE i.a.p.raft.roles.FollowerRole - RaftServer{3}{role=FOLLOWER} - Sending AppendResponse{status=OK, term=1, succeeded=true, lastLogIndex=19}
00:15:12.942 [raft-server-1] TRACE i.a.p.raft.roles.LeaderAppender - RaftServer{1} - Received AppendResponse{status=OK, term=1, succeeded=true, lastLogIndex=19} from 3
00:15:12.942 [raft-server-3] TRACE i.a.p.raft.roles.FollowerRole - RaftServer{3}{role=FOLLOWER} - Sending CommandResponse{status=OK, index=19, eventIndex=2, result=byte[]{length=2, hash=1278}}
00:15:12.942 [raft-client-82530a18-bea6-4e53-b81d-3dd8c76650f9-0] TRACE i.a.p.r.s.impl.RaftSessionConnection - SessionClient{2}{type=io.atomix.protocols.raft.RaftTest$TestPrimitiveType@68b11545, name=raft-test} - Received CommandResponse{status=OK, index=19, eventIndex=2, result=byte[]{length=2, hash=1278}} from 3
00:15:12.942 [raft-server-3-state] TRACE i.a.p.raft.impl.RaftServiceManager - RaftServer{3} - Applying Indexed{index=19, entry=CommandEntry{term=1, timestamp=2018-06-11 12:15:12,777, session=2, sequence=15, operation=PrimitiveOperation{id=DefaultOperationId{id=write, type=COMMAND}, value=byte[]{length=17, hash=-1644578928}}}}
00:15:12.943 [raft-client-82530a18-bea6-4e53-b81d-3dd8c76650f9-0] TRACE i.a.p.r.s.impl.RaftSessionSequencer - SessionClient{2}{type=io.atomix.protocols.raft.RaftTest$TestPrimitiveType@68b11545, name=raft-test} - Completing response CommandResponse{status=OK, index=19, eventIndex=2, result=byte[]{length=2, hash=1278}}
00:15:12.943 [raft-server-3-state] TRACE i.a.p.s.impl.DefaultServiceExecutor - PrimitiveService{2}{type=io.atomix.protocols.raft.RaftTest$TestPrimitiveType@3a1a32eb, name=raft-test} - Executing DefaultCommit{index=19, session=RaftSession{RaftServiceContext{server=3, type=io.atomix.protocols.raft.RaftTest$TestPrimitiveType@3a1a32eb, name=raft-test, id=2}, session=2, timestamp=2018-06-11 12:15:12,777}, time=2018-06-11 12:15:12,777, operation=DefaultOperationId{id=write, type=COMMAND}, value=byte[]{length=17, hash=-1644578928}}
00:15:12.943 [raft-client-82530a18-bea6-4e53-b81d-3dd8c76650f9-0] TRACE i.a.p.r.s.impl.RaftSessionConnection - SessionClient{2}{type=io.atomix.protocols.raft.RaftTest$TestPrimitiveType@68b11545, name=raft-test} - Sending CommandRequest{session=2, sequence=16, operation=PrimitiveOperation{id=DefaultOperationId{id=write, type=COMMAND}, value=byte[]{length=17, hash=-1644578928}}} to 3
00:15:12.943 [raft-server-3] TRACE i.a.p.raft.roles.FollowerRole - RaftServer{3}{role=FOLLOWER} - Received CommandRequest{session=2, sequence=16, operation=PrimitiveOperation{id=DefaultOperationId{id=write, type=COMMAND}, value=byte[]{length=17, hash=-1644578928}}}
00:15:12.943 [raft-server-1] TRACE i.a.protocols.raft.roles.LeaderRole - RaftServer{1}{role=LEADER} - Received CommandRequest{session=2, sequence=16, operation=PrimitiveOperation{id=DefaultOperationId{id=write, type=COMMAND}, value=byte[]{length=17, hash=-1644578928}}}
00:15:12.943 [raft-server-1] TRACE i.a.protocols.raft.roles.LeaderRole - RaftServer{1}{role=LEADER} - Appended Indexed{index=20, entry=CommandEntry{term=1, timestamp=2018-06-11 12:15:12,943, session=2, sequence=16, operation=PrimitiveOperation{id=DefaultOperationId{id=write, type=COMMAND}, value=byte[]{length=17, hash=-1644578928}}}}
00:15:12.943 [raft-server-1] TRACE i.a.p.raft.roles.LeaderAppender - RaftServer{1} - Sending AppendRequest{term=1, leader=1, prevLogIndex=19, prevLogTerm=1, entries=1, commitIndex=19} to 2
00:15:12.943 [raft-server-1] TRACE i.a.p.raft.roles.LeaderAppender - RaftServer{1} - Sending AppendRequest{term=1, leader=1, prevLogIndex=19, prevLogTerm=1, entries=1, commitIndex=19} to 3
00:15:12.943 [raft-server-3] TRACE i.a.p.raft.roles.FollowerRole - RaftServer{3}{role=FOLLOWER} - Received AppendRequest{term=1, leader=1, prevLogIndex=19, prevLogTerm=1, entries=1, commitIndex=19}
00:15:12.943 [raft-server-3] TRACE i.a.p.raft.roles.FollowerRole - RaftServer{3}{role=FOLLOWER} - Appended Indexed{index=20, entry=CommandEntry{term=1, timestamp=2018-06-11 12:15:12,943, session=2, sequence=16, operation=PrimitiveOperation{id=DefaultOperationId{id=write, type=COMMAND}, value=byte[]{length=17, hash=-1644578928}}}}
00:15:12.943 [raft-server-3] TRACE i.a.p.raft.roles.FollowerRole - RaftServer{3}{role=FOLLOWER} - Sending AppendResponse{status=OK, term=1, succeeded=true, lastLogIndex=20}
00:15:12.944 [raft-server-1] TRACE i.a.p.raft.roles.LeaderAppender - RaftServer{1} - Received AppendResponse{status=OK, term=1, succeeded=true, lastLogIndex=20} from 3
00:15:12.944 [raft-server-1] TRACE i.a.p.raft.roles.LeaderAppender - RaftServer{1} - Committed entries up to 20
00:15:13.001 [raft-server-2] TRACE i.a.p.raft.roles.FollowerRole - RaftServer{2}{role=FOLLOWER} - Committed entries up to index 19
00:15:13.001 [raft-server-2] TRACE i.a.p.raft.roles.FollowerRole - RaftServer{2}{role=FOLLOWER} - Sending AppendResponse{status=OK, term=1, succeeded=true, lastLogIndex=19}
00:15:13.001 [raft-server-2] TRACE i.a.p.raft.roles.FollowerRole - RaftServer{2}{role=FOLLOWER} - Received AppendRequest{term=1, leader=1, prevLogIndex=19, prevLogTerm=1, entries=1, commitIndex=19}
00:15:13.001 [raft-server-2] TRACE i.a.p.raft.roles.FollowerRole - RaftServer{2}{role=FOLLOWER} - Appended Indexed{index=20, entry=CommandEntry{term=1, timestamp=2018-06-11 12:15:12,943, session=2, sequence=16, operation=PrimitiveOperation{id=DefaultOperationId{id=write, type=COMMAND}, value=byte[]{length=17, hash=-1644578928}}}}
00:15:13.001 [raft-server-2] TRACE i.a.p.raft.roles.FollowerRole - RaftServer{2}{role=FOLLOWER} - Sending AppendResponse{status=OK, term=1, succeeded=true, lastLogIndex=20}
00:15:13.001 [raft-server-2-state] TRACE i.a.p.raft.impl.RaftServiceManager - RaftServer{2} - Applying Indexed{index=19, entry=CommandEntry{term=1, timestamp=2018-06-11 12:15:12,777, session=2, sequence=15, operation=PrimitiveOperation{id=DefaultOperationId{id=write, type=COMMAND}, value=byte[]{length=17, hash=-1644578928}}}}
00:15:13.001 [raft-server-2-state] TRACE i.a.p.s.impl.DefaultServiceExecutor - PrimitiveService{2}{type=io.atomix.protocols.raft.RaftTest$TestPrimitiveType@4f16731, name=raft-test} - Executing DefaultCommit{index=19, session=RaftSession{RaftServiceContext{server=2, type=io.atomix.protocols.raft.RaftTest$TestPrimitiveType@4f16731, name=raft-test, id=2}, session=2, timestamp=2018-06-11 12:15:12,777}, time=2018-06-11 12:15:12,777, operation=DefaultOperationId{id=write, type=COMMAND}, value=byte[]{length=17, hash=-1644578928}}
00:15:13.051 [raft-server-1] TRACE i.a.p.raft.roles.LeaderAppender - RaftServer{1} - Received AppendResponse{status=OK, term=1, succeeded=true, lastLogIndex=19} from 2
00:15:13.051 [raft-server-1] TRACE i.a.p.raft.roles.LeaderAppender - RaftServer{1} - Received AppendResponse{status=OK, term=1, succeeded=true, lastLogIndex=20} from 2
00:15:13.051 [raft-server-1] TRACE i.a.p.raft.roles.LeaderAppender - RaftServer{1} - Sending AppendRequest{term=1, leader=1, prevLogIndex=20, prevLogTerm=1, entries=0, commitIndex=20} to 2
00:15:13.051 [raft-server-1] TRACE i.a.p.raft.roles.LeaderAppender - RaftServer{1} - Sending AppendRequest{term=1, leader=1, prevLogIndex=20, prevLogTerm=1, entries=0, commitIndex=20} to 3
00:15:13.051 [raft-server-2] TRACE i.a.p.raft.roles.FollowerRole - RaftServer{2}{role=FOLLOWER} - Received AppendRequest{term=1, leader=1, prevLogIndex=20, prevLogTerm=1, entries=0, commitIndex=20}
00:15:13.051 [raft-server-3] TRACE i.a.p.raft.roles.FollowerRole - RaftServer{3}{role=FOLLOWER} - Received AppendRequest{term=1, leader=1, prevLogIndex=20, prevLogTerm=1, entries=0, commitIndex=20}
00:15:13.051 [raft-server-1-state] TRACE i.a.p.raft.impl.RaftServiceManager - RaftServer{1} - Applying Indexed{index=20, entry=CommandEntry{term=1, timestamp=2018-06-11 12:15:12,943, session=2, sequence=16, operation=PrimitiveOperation{id=DefaultOperationId{id=write, type=COMMAND}, value=byte[]{length=17, hash=-1644578928}}}}
00:15:13.051 [raft-server-1-state] TRACE i.a.p.s.impl.DefaultServiceExecutor - PrimitiveService{2}{type=io.atomix.protocols.raft.RaftTest$TestPrimitiveType@5c91ef2b, name=raft-test} - Executing DefaultCommit{index=20, session=RaftSession{RaftServiceContext{server=1, type=io.atomix.protocols.raft.RaftTest$TestPrimitiveType@5c91ef2b, name=raft-test, id=2}, session=2, timestamp=2018-06-11 12:15:12,943}, time=2018-06-11 12:15:12,943, operation=DefaultOperationId{id=write, type=COMMAND}, value=byte[]{length=17, hash=-1644578928}}
00:15:13.051 [raft-server-1-state] TRACE i.a.protocols.raft.roles.LeaderRole - RaftServer{1}{role=LEADER} - Sending CommandResponse{status=OK, index=20, eventIndex=2, result=byte[]{length=2, hash=1280}}
00:15:13.100 [raft-server-3] TRACE i.a.p.raft.roles.FollowerRole - RaftServer{3}{role=FOLLOWER} - Committed entries up to index 20
00:15:13.100 [raft-server-3] TRACE i.a.p.raft.roles.FollowerRole - RaftServer{3}{role=FOLLOWER} - Sending AppendResponse{status=OK, term=1, succeeded=true, lastLogIndex=20}
00:15:13.100 [raft-server-2] TRACE i.a.p.raft.roles.FollowerRole - RaftServer{2}{role=FOLLOWER} - Committed entries up to index 20
00:15:13.101 [raft-server-1] TRACE i.a.p.raft.roles.LeaderAppender - RaftServer{1} - Received AppendResponse{status=OK, term=1, succeeded=true, lastLogIndex=20} from 3
00:15:13.101 [raft-server-3] TRACE i.a.p.raft.roles.FollowerRole - RaftServer{3}{role=FOLLOWER} - Sending CommandResponse{status=OK, index=20, eventIndex=2, result=byte[]{length=2, hash=1280}}
00:15:13.101 [raft-server-2] TRACE i.a.p.raft.roles.FollowerRole - RaftServer{2}{role=FOLLOWER} - Sending AppendResponse{status=OK, term=1, succeeded=true, lastLogIndex=20}
00:15:13.101 [raft-server-1] TRACE i.a.p.raft.roles.LeaderAppender - RaftServer{1} - Sending AppendRequest{term=1, leader=1, prevLogIndex=20, prevLogTerm=1, entries=0, commitIndex=20} to 3
00:15:13.101 [raft-client-82530a18-bea6-4e53-b81d-3dd8c76650f9-7] TRACE i.a.p.r.s.impl.RaftSessionConnection - SessionClient{2}{type=io.atomix.protocols.raft.RaftTest$TestPrimitiveType@68b11545, name=raft-test} - Received CommandResponse{status=OK, index=20, eventIndex=2, result=byte[]{length=2, hash=1280}} from 3
00:15:13.101 [raft-server-3-state] TRACE i.a.p.raft.impl.RaftServiceManager - RaftServer{3} - Applying Indexed{index=20, entry=CommandEntry{term=1, timestamp=2018-06-11 12:15:12,943, session=2, sequence=16, operation=PrimitiveOperation{id=DefaultOperationId{id=write, type=COMMAND}, value=byte[]{length=17, hash=-1644578928}}}}
00:15:13.101 [raft-server-2-state] TRACE i.a.p.raft.impl.RaftServiceManager - RaftServer{2} - Applying Indexed{index=20, entry=CommandEntry{term=1, timestamp=2018-06-11 12:15:12,943, session=2, sequence=16, operation=PrimitiveOperation{id=DefaultOperationId{id=write, type=COMMAND}, value=byte[]{length=17, hash=-1644578928}}}}
00:15:13.101 [raft-client-82530a18-bea6-4e53-b81d-3dd8c76650f9-7] TRACE i.a.p.r.s.impl.RaftSessionSequencer - SessionClient{2}{type=io.atomix.protocols.raft.RaftTest$TestPrimitiveType@68b11545, name=raft-test} - Completing response CommandResponse{status=OK, index=20, eventIndex=2, result=byte[]{length=2, hash=1280}}
00:15:13.101 [raft-server-1] TRACE i.a.p.raft.roles.LeaderAppender - RaftServer{1} - Received AppendResponse{status=OK, term=1, succeeded=true, lastLogIndex=20} from 2
00:15:13.101 [raft-server-3-state] TRACE i.a.p.s.impl.DefaultServiceExecutor - PrimitiveService{2}{type=io.atomix.protocols.raft.RaftTest$TestPrimitiveType@3a1a32eb, name=raft-test} - Executing DefaultCommit{index=20, session=RaftSession{RaftServiceContext{server=3, type=io.atomix.protocols.raft.RaftTest$TestPrimitiveType@3a1a32eb, name=raft-test, id=2}, session=2, timestamp=2018-06-11 12:15:12,943}, time=2018-06-11 12:15:12,943, operation=DefaultOperationId{id=write, type=COMMAND}, value=byte[]{length=17, hash=-1644578928}}
00:15:13.101 [raft-server-2-state] TRACE i.a.p.s.impl.DefaultServiceExecutor - PrimitiveService{2}{type=io.atomix.protocols.raft.RaftTest$TestPrimitiveType@4f16731, name=raft-test} - Executing DefaultCommit{index=20, session=RaftSession{RaftServiceContext{server=2, type=io.atomix.protocols.raft.RaftTest$TestPrimitiveType@4f16731, name=raft-test, id=2}, session=2, timestamp=2018-06-11 12:15:12,943}, time=2018-06-11 12:15:12,943, operation=DefaultOperationId{id=write, type=COMMAND}, value=byte[]{length=17, hash=-1644578928}}
00:15:13.101 [raft-server-3] TRACE i.a.p.raft.roles.FollowerRole - RaftServer{3}{role=FOLLOWER} - Received AppendRequest{term=1, leader=1, prevLogIndex=20, prevLogTerm=1, entries=0, commitIndex=20}
00:15:13.101 [raft-client-82530a18-bea6-4e53-b81d-3dd8c76650f9-0] TRACE i.a.p.r.s.impl.RaftSessionConnection - SessionClient{2}{type=io.atomix.protocols.raft.RaftTest$TestPrimitiveType@68b11545, name=raft-test} - Sending CommandRequest{session=2, sequence=17, operation=PrimitiveOperation{id=DefaultOperationId{id=write, type=COMMAND}, value=byte[]{length=17, hash=-1644578928}}} to 3
00:15:13.102 [raft-server-1] TRACE i.a.p.raft.roles.LeaderAppender - RaftServer{1} - Sending AppendRequest{term=1, leader=1, prevLogIndex=20, prevLogTerm=1, entries=0, commitIndex=20} to 2
00:15:13.102 [raft-server-3] TRACE i.a.p.raft.roles.FollowerRole - RaftServer{3}{role=FOLLOWER} - Sending AppendResponse{status=OK, term=1, succeeded=true, lastLogIndex=20}
00:15:13.102 [raft-server-1] TRACE i.a.p.raft.roles.LeaderAppender - RaftServer{1} - Received AppendResponse{status=OK, term=1, succeeded=true, lastLogIndex=20} from 3
00:15:13.102 [raft-server-3] TRACE i.a.p.raft.roles.FollowerRole - RaftServer{3}{role=FOLLOWER} - Received CommandRequest{session=2, sequence=17, operation=PrimitiveOperation{id=DefaultOperationId{id=write, type=COMMAND}, value=byte[]{length=17, hash=-1644578928}}}
00:15:13.102 [raft-server-2] TRACE i.a.p.raft.roles.FollowerRole - RaftServer{2}{role=FOLLOWER} - Received AppendRequest{term=1, leader=1, prevLogIndex=20, prevLogTerm=1, entries=0, commitIndex=20}
00:15:13.102 [raft-server-1] TRACE i.a.protocols.raft.roles.LeaderRole - RaftServer{1}{role=LEADER} - Received CommandRequest{session=2, sequence=17, operation=PrimitiveOperation{id=DefaultOperationId{id=write, type=COMMAND}, value=byte[]{length=17, hash=-1644578928}}}
00:15:13.102 [raft-server-2] TRACE i.a.p.raft.roles.FollowerRole - RaftServer{2}{role=FOLLOWER} - Sending AppendResponse{status=OK, term=1, succeeded=true, lastLogIndex=20}
00:15:13.200 [raft-server-1] DEBUG i.a.storage.journal.SegmentedJournal - Created disk segment: JournalSegment{id=3, version=1, index=21, size=64}
00:15:13.201 [raft-server-1] TRACE i.a.protocols.raft.roles.LeaderRole - RaftServer{1}{role=LEADER} - Appended Indexed{index=21, entry=CommandEntry{term=1, timestamp=2018-06-11 12:15:13,102, session=2, sequence=17, operation=PrimitiveOperation{id=DefaultOperationId{id=write, type=COMMAND}, value=byte[]{length=17, hash=-1644578928}}}}
00:15:13.201 [raft-server-1] TRACE i.a.p.raft.roles.LeaderAppender - RaftServer{1} - Received AppendResponse{status=OK, term=1, succeeded=true, lastLogIndex=20} from 2
00:15:13.201 [raft-server-1] TRACE i.a.p.raft.roles.LeaderAppender - RaftServer{1} - Sending AppendRequest{term=1, leader=1, prevLogIndex=20, prevLogTerm=1, entries=1, commitIndex=20} to 2
00:15:13.201 [raft-server-2] TRACE i.a.p.raft.roles.FollowerRole - RaftServer{2}{role=FOLLOWER} - Received AppendRequest{term=1, leader=1, prevLogIndex=20, prevLogTerm=1, entries=1, commitIndex=20}
00:15:13.201 [raft-server-1] TRACE i.a.p.raft.roles.LeaderAppender - RaftServer{1} - Sending AppendRequest{term=1, leader=1, prevLogIndex=20, prevLogTerm=1, entries=1, commitIndex=20} to 3
00:15:13.201 [raft-server-3] TRACE i.a.p.raft.roles.FollowerRole - RaftServer{3}{role=FOLLOWER} - Received AppendRequest{term=1, leader=1, prevLogIndex=20, prevLogTerm=1, entries=1, commitIndex=20}
00:15:13.333 [raft-server-2] DEBUG i.a.storage.journal.SegmentedJournal - Created disk segment: JournalSegment{id=3, version=1, index=21, size=64}
00:15:13.334 [raft-server-2] TRACE i.a.p.raft.roles.FollowerRole - RaftServer{2}{role=FOLLOWER} - Appended Indexed{index=21, entry=CommandEntry{term=1, timestamp=2018-06-11 12:15:13,102, session=2, sequence=17, operation=PrimitiveOperation{id=DefaultOperationId{id=write, type=COMMAND}, value=byte[]{length=17, hash=-1644578928}}}}
00:15:13.334 [raft-server-2] TRACE i.a.p.raft.roles.FollowerRole - RaftServer{2}{role=FOLLOWER} - Sending AppendResponse{status=OK, term=1, succeeded=true, lastLogIndex=21}
00:15:13.334 [raft-server-1] TRACE i.a.p.raft.roles.LeaderAppender - RaftServer{1} - Received AppendResponse{status=OK, term=1, succeeded=true, lastLogIndex=21} from 2
00:15:13.334 [raft-server-1] TRACE i.a.p.raft.roles.LeaderAppender - RaftServer{1} - Committed entries up to 21
00:15:13.361 [raft-server-3] DEBUG i.a.storage.journal.SegmentedJournal - Created disk segment: JournalSegment{id=3, version=1, index=21, size=64}
00:15:13.361 [raft-server-3] TRACE i.a.p.raft.roles.FollowerRole - RaftServer{3}{role=FOLLOWER} - Appended Indexed{index=21, entry=CommandEntry{term=1, timestamp=2018-06-11 12:15:13,102, session=2, sequence=17, operation=PrimitiveOperation{id=DefaultOperationId{id=write, type=COMMAND}, value=byte[]{length=17, hash=-1644578928}}}}
00:15:13.361 [raft-server-3] TRACE i.a.p.raft.roles.FollowerRole - RaftServer{3}{role=FOLLOWER} - Sending AppendResponse{status=OK, term=1, succeeded=true, lastLogIndex=21}
00:15:13.400 [raft-server-1] TRACE i.a.p.raft.roles.LeaderAppender - RaftServer{1} - Sending AppendRequest{term=1, leader=1, prevLogIndex=21, prevLogTerm=1, entries=0, commitIndex=21} to 2
00:15:13.400 [raft-server-1] TRACE i.a.p.raft.roles.LeaderAppender - RaftServer{1} - Received AppendResponse{status=OK, term=1, succeeded=true, lastLogIndex=21} from 3
00:15:13.400 [raft-server-1] TRACE i.a.p.raft.roles.LeaderAppender - RaftServer{1} - Sending AppendRequest{term=1, leader=1, prevLogIndex=21, prevLogTerm=1, entries=0, commitIndex=21} to 3
00:15:13.401 [raft-server-2] TRACE i.a.p.raft.roles.FollowerRole - RaftServer{2}{role=FOLLOWER} - Received AppendRequest{term=1, leader=1, prevLogIndex=21, prevLogTerm=1, entries=0, commitIndex=21}
00:15:13.401 [raft-server-3] TRACE i.a.p.raft.roles.FollowerRole - RaftServer{3}{role=FOLLOWER} - Received AppendRequest{term=1, leader=1, prevLogIndex=21, prevLogTerm=1, entries=0, commitIndex=21}
00:15:13.401 [raft-server-1-state] TRACE i.a.p.raft.impl.RaftServiceManager - RaftServer{1} - Applying Indexed{index=21, entry=CommandEntry{term=1, timestamp=2018-06-11 12:15:13,102, session=2, sequence=17, operation=PrimitiveOperation{id=DefaultOperationId{id=write, type=COMMAND}, value=byte[]{length=17, hash=-1644578928}}}}
00:15:13.401 [raft-server-1-state] TRACE i.a.p.s.impl.DefaultServiceExecutor - PrimitiveService{2}{type=io.atomix.protocols.raft.RaftTest$TestPrimitiveType@5c91ef2b, name=raft-test} - Executing DefaultCommit{index=21, session=RaftSession{RaftServiceContext{server=1, type=io.atomix.protocols.raft.RaftTest$TestPrimitiveType@5c91ef2b, name=raft-test, id=2}, session=2, timestamp=2018-06-11 12:15:13,102}, time=2018-06-11 12:15:13,102, operation=DefaultOperationId{id=write, type=COMMAND}, value=byte[]{length=17, hash=-1644578928}}
00:15:13.401 [raft-server-1-state] TRACE i.a.protocols.raft.roles.LeaderRole - RaftServer{1}{role=LEADER} - Sending CommandResponse{status=OK, index=21, eventIndex=2, result=byte[]{length=2, hash=1282}}
00:15:13.425 [raft-server-2] TRACE i.a.p.raft.roles.FollowerRole - RaftServer{2}{role=FOLLOWER} - Committed entries up to index 21
00:15:13.425 [raft-server-2] TRACE i.a.p.raft.roles.FollowerRole - RaftServer{2}{role=FOLLOWER} - Sending AppendResponse{status=OK, term=1, succeeded=true, lastLogIndex=21}
00:15:13.425 [raft-server-3] TRACE i.a.p.raft.roles.FollowerRole - RaftServer{3}{role=FOLLOWER} - Committed entries up to index 21
00:15:13.425 [raft-server-3] TRACE i.a.p.raft.roles.FollowerRole - RaftServer{3}{role=FOLLOWER} - Sending AppendResponse{status=OK, term=1, succeeded=true, lastLogIndex=21}
00:15:13.425 [raft-server-1] TRACE i.a.p.raft.roles.LeaderAppender - RaftServer{1} - Received AppendResponse{status=OK, term=1, succeeded=true, lastLogIndex=21} from 2
00:15:13.425 [raft-server-3] TRACE i.a.p.raft.roles.FollowerRole - RaftServer{3}{role=FOLLOWER} - Sending CommandResponse{status=OK, index=21, eventIndex=2, result=byte[]{length=2, hash=1282}}
00:15:13.425 [raft-server-1] TRACE i.a.p.raft.roles.LeaderAppender - RaftServer{1} - Received AppendResponse{status=OK, term=1, succeeded=true, lastLogIndex=21} from 3
00:15:13.425 [raft-server-2-state] TRACE i.a.p.raft.impl.RaftServiceManager - RaftServer{2} - Applying Indexed{index=21, entry=CommandEntry{term=1, timestamp=2018-06-11 12:15:13,102, session=2, sequence=17, operation=PrimitiveOperation{id=DefaultOperationId{id=write, type=COMMAND}, value=byte[]{length=17, hash=-1644578928}}}}
00:15:13.426 [raft-client-82530a18-bea6-4e53-b81d-3dd8c76650f9-2] TRACE i.a.p.r.s.impl.RaftSessionConnection - SessionClient{2}{type=io.atomix.protocols.raft.RaftTest$TestPrimitiveType@68b11545, name=raft-test} - Received CommandResponse{status=OK, index=21, eventIndex=2, result=byte[]{length=2, hash=1282}} from 3
00:15:13.426 [raft-server-3-state] TRACE i.a.p.raft.impl.RaftServiceManager - RaftServer{3} - Applying Indexed{index=21, entry=CommandEntry{term=1, timestamp=2018-06-11 12:15:13,102, session=2, sequence=17, operation=PrimitiveOperation{id=DefaultOperationId{id=write, type=COMMAND}, value=byte[]{length=17, hash=-1644578928}}}}
00:15:13.426 [raft-server-2-state] TRACE i.a.p.s.impl.DefaultServiceExecutor - PrimitiveService{2}{type=io.atomix.protocols.raft.RaftTest$TestPrimitiveType@4f16731, name=raft-test} - Executing DefaultCommit{index=21, session=RaftSession{RaftServiceContext{server=2, type=io.atomix.protocols.raft.RaftTest$TestPrimitiveType@4f16731, name=raft-test, id=2}, session=2, timestamp=2018-06-11 12:15:13,102}, time=2018-06-11 12:15:13,102, operation=DefaultOperationId{id=write, type=COMMAND}, value=byte[]{length=17, hash=-1644578928}}
00:15:13.426 [raft-client-82530a18-bea6-4e53-b81d-3dd8c76650f9-2] TRACE i.a.p.r.s.impl.RaftSessionSequencer - SessionClient{2}{type=io.atomix.protocols.raft.RaftTest$TestPrimitiveType@68b11545, name=raft-test} - Completing response CommandResponse{status=OK, index=21, eventIndex=2, result=byte[]{length=2, hash=1282}}
00:15:13.426 [raft-server-3-state] TRACE i.a.p.s.impl.DefaultServiceExecutor - PrimitiveService{2}{type=io.atomix.protocols.raft.RaftTest$TestPrimitiveType@3a1a32eb, name=raft-test} - Executing DefaultCommit{index=21, session=RaftSession{RaftServiceContext{server=3, type=io.atomix.protocols.raft.RaftTest$TestPrimitiveType@3a1a32eb, name=raft-test, id=2}, session=2, timestamp=2018-06-11 12:15:13,102}, time=2018-06-11 12:15:13,102, operation=DefaultOperationId{id=write, type=COMMAND}, value=byte[]{length=17, hash=-1644578928}}
00:15:13.426 [raft-client-82530a18-bea6-4e53-b81d-3dd8c76650f9-4] TRACE i.a.p.r.s.impl.RaftSessionConnection - SessionClient{2}{type=io.atomix.protocols.raft.RaftTest$TestPrimitiveType@68b11545, name=raft-test} - Sending CommandRequest{session=2, sequence=18, operation=PrimitiveOperation{id=DefaultOperationId{id=write, type=COMMAND}, value=byte[]{length=17, hash=-1644578928}}} to 3
00:15:13.426 [raft-server-3] TRACE i.a.p.raft.roles.FollowerRole - RaftServer{3}{role=FOLLOWER} - Received CommandRequest{session=2, sequence=18, operation=PrimitiveOperation{id=DefaultOperationId{id=write, type=COMMAND}, value=byte[]{length=17, hash=-1644578928}}}
00:15:13.426 [raft-server-1] TRACE i.a.protocols.raft.roles.LeaderRole - RaftServer{1}{role=LEADER} - Received CommandRequest{session=2, sequence=18, operation=PrimitiveOperation{id=DefaultOperationId{id=write, type=COMMAND}, value=byte[]{length=17, hash=-1644578928}}}
00:15:13.426 [raft-server-1] TRACE i.a.protocols.raft.roles.LeaderRole - RaftServer{1}{role=LEADER} - Appended Indexed{index=22, entry=CommandEntry{term=1, timestamp=2018-06-11 12:15:13,426, session=2, sequence=18, operation=PrimitiveOperation{id=DefaultOperationId{id=write, type=COMMAND}, value=byte[]{length=17, hash=-1644578928}}}}
00:15:13.426 [raft-server-1] TRACE i.a.p.raft.roles.LeaderAppender - RaftServer{1} - Sending AppendRequest{term=1, leader=1, prevLogIndex=21, prevLogTerm=1, entries=1, commitIndex=21} to 2
00:15:13.426 [raft-server-2] TRACE i.a.p.raft.roles.FollowerRole - RaftServer{2}{role=FOLLOWER} - Received AppendRequest{term=1, leader=1, prevLogIndex=21, prevLogTerm=1, entries=1, commitIndex=21}
00:15:13.426 [raft-server-1] TRACE i.a.p.raft.roles.LeaderAppender - RaftServer{1} - Sending AppendRequest{term=1, leader=1, prevLogIndex=21, prevLogTerm=1, entries=1, commitIndex=21} to 3
00:15:13.426 [raft-server-3] TRACE i.a.p.raft.roles.FollowerRole - RaftServer{3}{role=FOLLOWER} - Received AppendRequest{term=1, leader=1, prevLogIndex=21, prevLogTerm=1, entries=1, commitIndex=21}
00:15:13.426 [raft-server-2] TRACE i.a.p.raft.roles.FollowerRole - RaftServer{2}{role=FOLLOWER} - Appended Indexed{index=22, entry=CommandEntry{term=1, timestamp=2018-06-11 12:15:13,426, session=2, sequence=18, operation=PrimitiveOperation{id=DefaultOperationId{id=write, type=COMMAND}, value=byte[]{length=17, hash=-1644578928}}}}
00:15:13.426 [raft-server-2] TRACE i.a.p.raft.roles.FollowerRole - RaftServer{2}{role=FOLLOWER} - Sending AppendResponse{status=OK, term=1, succeeded=true, lastLogIndex=22}
00:15:13.426 [raft-server-1] TRACE i.a.p.raft.roles.LeaderAppender - RaftServer{1} - Received AppendResponse{status=OK, term=1, succeeded=true, lastLogIndex=22} from 2
00:15:13.426 [raft-server-1] TRACE i.a.p.raft.roles.LeaderAppender - RaftServer{1} - Committed entries up to 22
00:15:13.426 [raft-server-3] TRACE i.a.p.raft.roles.FollowerRole - RaftServer{3}{role=FOLLOWER} - Appended Indexed{index=22, entry=CommandEntry{term=1, timestamp=2018-06-11 12:15:13,426, session=2, sequence=18, operation=PrimitiveOperation{id=DefaultOperationId{id=write, type=COMMAND}, value=byte[]{length=17, hash=-1644578928}}}}
00:15:13.427 [raft-server-3] TRACE i.a.p.raft.roles.FollowerRole - RaftServer{3}{role=FOLLOWER} - Sending AppendResponse{status=OK, term=1, succeeded=true, lastLogIndex=22}
00:15:13.440 [raft-client-82530a18-bea6-4e53-b81d-3dd8c76650f9-2] TRACE i.a.p.r.s.impl.RaftSessionManager - RaftClient{82530a18-bea6-4e53-b81d-3dd8c76650f9} - Keeping 1 sessions alive
00:15:13.440 [raft-client-82530a18-bea6-4e53-b81d-3dd8c76650f9-2] TRACE i.a.p.r.s.impl.RaftSessionConnection - RaftClient{82530a18-bea6-4e53-b81d-3dd8c76650f9} - Sending KeepAliveRequest{sessionIds=long[]{length=1, hash=33}, commandSequences=long[]{length=1, hash=48}, eventIndexes=long[]{length=1, hash=33}} to 3
00:15:13.441 [raft-server-3] TRACE i.a.p.raft.roles.FollowerRole - RaftServer{3}{role=FOLLOWER} - Received KeepAliveRequest{sessionIds=long[]{length=1, hash=33}, commandSequences=long[]{length=1, hash=48}, eventIndexes=long[]{length=1, hash=33}}
00:15:13.450 [raft-server-1] TRACE i.a.p.raft.roles.LeaderAppender - RaftServer{1} - Received AppendResponse{status=OK, term=1, succeeded=true, lastLogIndex=22} from 3
00:15:13.450 [raft-server-1] TRACE i.a.protocols.raft.roles.LeaderRole - RaftServer{1}{role=LEADER} - Received KeepAliveRequest{sessionIds=long[]{length=1, hash=33}, commandSequences=long[]{length=1, hash=48}, eventIndexes=long[]{length=1, hash=33}}
00:15:13.451 [raft-server-1] TRACE i.a.protocols.raft.roles.LeaderRole - RaftServer{1}{role=LEADER} - Appended Indexed{index=23, entry=KeepAliveEntry{term=1, timestamp=2018-06-11 12:15:13,450, sessionIds=long[]{length=1, hash=33}, commandSequences=long[]{length=1, hash=48}, eventIndexes=long[]{length=1, hash=33}}}
00:15:13.451 [raft-server-1] TRACE i.a.p.raft.roles.LeaderAppender - RaftServer{1} - Sending AppendRequest{term=1, leader=1, prevLogIndex=22, prevLogTerm=1, entries=1, commitIndex=22} to 2
00:15:13.451 [raft-server-1-state] TRACE i.a.p.raft.impl.RaftServiceManager - RaftServer{1} - Applying Indexed{index=22, entry=CommandEntry{term=1, timestamp=2018-06-11 12:15:13,426, session=2, sequence=18, operation=PrimitiveOperation{id=DefaultOperationId{id=write, type=COMMAND}, value=byte[]{length=17, hash=-1644578928}}}}
00:15:13.451 [raft-server-2] TRACE i.a.p.raft.roles.FollowerRole - RaftServer{2}{role=FOLLOWER} - Received AppendRequest{term=1, leader=1, prevLogIndex=22, prevLogTerm=1, entries=1, commitIndex=22}
00:15:13.451 [raft-server-1] TRACE i.a.p.raft.roles.LeaderAppender - RaftServer{1} - Sending AppendRequest{term=1, leader=1, prevLogIndex=22, prevLogTerm=1, entries=1, commitIndex=22} to 3
00:15:13.451 [raft-server-1-state] TRACE i.a.p.s.impl.DefaultServiceExecutor - PrimitiveService{2}{type=io.atomix.protocols.raft.RaftTest$TestPrimitiveType@5c91ef2b, name=raft-test} - Executing DefaultCommit{index=22, session=RaftSession{RaftServiceContext{server=1, type=io.atomix.protocols.raft.RaftTest$TestPrimitiveType@5c91ef2b, name=raft-test, id=2}, session=2, timestamp=2018-06-11 12:15:13,426}, time=2018-06-11 12:15:13,426, operation=DefaultOperationId{id=write, type=COMMAND}, value=byte[]{length=17, hash=-1644578928}}
00:15:13.451 [raft-server-3] TRACE i.a.p.raft.roles.FollowerRole - RaftServer{3}{role=FOLLOWER} - Received AppendRequest{term=1, leader=1, prevLogIndex=22, prevLogTerm=1, entries=1, commitIndex=22}
00:15:13.451 [raft-server-2] TRACE i.a.p.raft.roles.FollowerRole - RaftServer{2}{role=FOLLOWER} - Appended Indexed{index=23, entry=KeepAliveEntry{term=1, timestamp=2018-06-11 12:15:13,450, sessionIds=long[]{length=1, hash=33}, commandSequences=long[]{length=1, hash=48}, eventIndexes=long[]{length=1, hash=33}}}
00:15:13.451 [raft-server-1-state] TRACE i.a.protocols.raft.roles.LeaderRole - RaftServer{1}{role=LEADER} - Sending CommandResponse{status=OK, index=22, eventIndex=2, result=byte[]{length=2, hash=1284}}
00:15:13.451 [raft-server-3] TRACE i.a.p.raft.roles.FollowerRole - RaftServer{3}{role=FOLLOWER} - Appended Indexed{index=23, entry=KeepAliveEntry{term=1, timestamp=2018-06-11 12:15:13,450, sessionIds=long[]{length=1, hash=33}, commandSequences=long[]{length=1, hash=48}, eventIndexes=long[]{length=1, hash=33}}}
00:15:13.475 [raft-server-3] TRACE i.a.p.raft.roles.FollowerRole - RaftServer{3}{role=FOLLOWER} - Committed entries up to index 22
00:15:13.475 [raft-server-3] TRACE i.a.p.raft.roles.FollowerRole - RaftServer{3}{role=FOLLOWER} - Sending AppendResponse{status=OK, term=1, succeeded=true, lastLogIndex=23}
00:15:13.475 [raft-server-2] TRACE i.a.p.raft.roles.FollowerRole - RaftServer{2}{role=FOLLOWER} - Committed entries up to index 22
00:15:13.475 [raft-server-2] TRACE i.a.p.raft.roles.FollowerRole - RaftServer{2}{role=FOLLOWER} - Sending AppendResponse{status=OK, term=1, succeeded=true, lastLogIndex=23}
00:15:13.475 [raft-server-3] TRACE i.a.p.raft.roles.FollowerRole - RaftServer{3}{role=FOLLOWER} - Sending CommandResponse{status=OK, index=22, eventIndex=2, result=byte[]{length=2, hash=1284}}
00:15:13.475 [raft-server-1] TRACE i.a.p.raft.roles.LeaderAppender - RaftServer{1} - Received AppendResponse{status=OK, term=1, succeeded=true, lastLogIndex=23} from 3
00:15:13.475 [raft-server-2-state] TRACE i.a.p.raft.impl.RaftServiceManager - RaftServer{2} - Applying Indexed{index=22, entry=CommandEntry{term=1, timestamp=2018-06-11 12:15:13,426, session=2, sequence=18, operation=PrimitiveOperation{id=DefaultOperationId{id=write, type=COMMAND}, value=byte[]{length=17, hash=-1644578928}}}}
00:15:13.476 [raft-server-1] TRACE i.a.p.raft.roles.LeaderAppender - RaftServer{1} - Committed entries up to 23
00:15:13.476 [raft-server-2-state] TRACE i.a.p.s.impl.DefaultServiceExecutor - PrimitiveService{2}{type=io.atomix.protocols.raft.RaftTest$TestPrimitiveType@4f16731, name=raft-test} - Executing DefaultCommit{index=22, session=RaftSession{RaftServiceContext{server=2, type=io.atomix.protocols.raft.RaftTest$TestPrimitiveType@4f16731, name=raft-test, id=2}, session=2, timestamp=2018-06-11 12:15:13,426}, time=2018-06-11 12:15:13,426, operation=DefaultOperationId{id=write, type=COMMAND}, value=byte[]{length=17, hash=-1644578928}}
00:15:13.476 [raft-client-82530a18-bea6-4e53-b81d-3dd8c76650f9-6] TRACE i.a.p.r.s.impl.RaftSessionConnection - SessionClient{2}{type=io.atomix.protocols.raft.RaftTest$TestPrimitiveType@68b11545, name=raft-test} - Received CommandResponse{status=OK, index=22, eventIndex=2, result=byte[]{length=2, hash=1284}} from 3
00:15:13.476 [raft-client-82530a18-bea6-4e53-b81d-3dd8c76650f9-6] TRACE i.a.p.r.s.impl.RaftSessionSequencer - SessionClient{2}{type=io.atomix.protocols.raft.RaftTest$TestPrimitiveType@68b11545, name=raft-test} - Completing response CommandResponse{status=OK, index=22, eventIndex=2, result=byte[]{length=2, hash=1284}}
00:15:13.476 [raft-client-82530a18-bea6-4e53-b81d-3dd8c76650f9-4] TRACE i.a.p.r.s.impl.RaftSessionConnection - SessionClient{2}{type=io.atomix.protocols.raft.RaftTest$TestPrimitiveType@68b11545, name=raft-test} - Sending CommandRequest{session=2, sequence=19, operation=PrimitiveOperation{id=DefaultOperationId{id=write, type=COMMAND}, value=byte[]{length=17, hash=-1644578928}}} to 3
00:15:13.476 [raft-server-3-state] TRACE i.a.p.raft.impl.RaftServiceManager - RaftServer{3} - Applying Indexed{index=22, entry=CommandEntry{term=1, timestamp=2018-06-11 12:15:13,426, session=2, sequence=18, operation=PrimitiveOperation{id=DefaultOperationId{id=write, type=COMMAND}, value=byte[]{length=17, hash=-1644578928}}}}
00:15:13.476 [raft-server-3] TRACE i.a.p.raft.roles.FollowerRole - RaftServer{3}{role=FOLLOWER} - Received CommandRequest{session=2, sequence=19, operation=PrimitiveOperation{id=DefaultOperationId{id=write, type=COMMAND}, value=byte[]{length=17, hash=-1644578928}}}
00:15:13.476 [raft-server-3-state] TRACE i.a.p.s.impl.DefaultServiceExecutor - PrimitiveService{2}{type=io.atomix.protocols.raft.RaftTest$TestPrimitiveType@3a1a32eb, name=raft-test} - Executing DefaultCommit{index=22, session=RaftSession{RaftServiceContext{server=3, type=io.atomix.protocols.raft.RaftTest$TestPrimitiveType@3a1a32eb, name=raft-test, id=2}, session=2, timestamp=2018-06-11 12:15:13,426}, time=2018-06-11 12:15:13,426, operation=DefaultOperationId{id=write, type=COMMAND}, value=byte[]{length=17, hash=-1644578928}}
00:15:13.500 [raft-server-1] TRACE i.a.p.raft.roles.LeaderAppender - RaftServer{1} - Received AppendResponse{status=OK, term=1, succeeded=true, lastLogIndex=23} from 2
00:15:13.500 [raft-server-1] TRACE i.a.protocols.raft.roles.LeaderRole - RaftServer{1}{role=LEADER} - Received CommandRequest{session=2, sequence=19, operation=PrimitiveOperation{id=DefaultOperationId{id=write, type=COMMAND}, value=byte[]{length=17, hash=-1644578928}}}
00:15:13.501 [raft-server-1] TRACE i.a.protocols.raft.roles.LeaderRole - RaftServer{1}{role=LEADER} - Appended Indexed{index=24, entry=CommandEntry{term=1, timestamp=2018-06-11 12:15:13,500, session=2, sequence=19, operation=PrimitiveOperation{id=DefaultOperationId{id=write, type=COMMAND}, value=byte[]{length=17, hash=-1644578928}}}}
00:15:13.501 [raft-server-1] TRACE i.a.p.raft.roles.LeaderAppender - RaftServer{1} - Sending AppendRequest{term=1, leader=1, prevLogIndex=23, prevLogTerm=1, entries=1, commitIndex=23} to 2
00:15:13.501 [raft-server-1-state] TRACE i.a.p.raft.impl.RaftServiceManager - RaftServer{1} - Applying Indexed{index=23, entry=KeepAliveEntry{term=1, timestamp=2018-06-11 12:15:13,450, sessionIds=long[]{length=1, hash=33}, commandSequences=long[]{length=1, hash=48}, eventIndexes=long[]{length=1, hash=33}}}
00:15:13.501 [raft-server-1] TRACE i.a.p.raft.roles.LeaderAppender - RaftServer{1} - Sending AppendRequest{term=1, leader=1, prevLogIndex=23, prevLogTerm=1, entries=1, commitIndex=23} to 3
00:15:13.501 [raft-server-2] TRACE i.a.p.raft.roles.FollowerRole - RaftServer{2}{role=FOLLOWER} - Received AppendRequest{term=1, leader=1, prevLogIndex=23, prevLogTerm=1, entries=1, commitIndex=23}
00:15:13.501 [raft-server-3] TRACE i.a.p.raft.roles.FollowerRole - RaftServer{3}{role=FOLLOWER} - Received AppendRequest{term=1, leader=1, prevLogIndex=23, prevLogTerm=1, entries=1, commitIndex=23}
00:15:13.501 [raft-server-1] TRACE i.a.protocols.raft.roles.LeaderRole - RaftServer{1}{role=LEADER} - Sending KeepAliveResponse{status=OK, leader=1, members=[2, 1, 3], sessionIds=long[]{length=1, hash=33}}
00:15:13.501 [raft-server-2] TRACE i.a.p.raft.roles.FollowerRole - RaftServer{2}{role=FOLLOWER} - Appended Indexed{index=24, entry=CommandEntry{term=1, timestamp=2018-06-11 12:15:13,500, session=2, sequence=19, operation=PrimitiveOperation{id=DefaultOperationId{id=write, type=COMMAND}, value=byte[]{length=17, hash=-1644578928}}}}
00:15:13.501 [raft-server-3] TRACE i.a.p.raft.roles.FollowerRole - RaftServer{3}{role=FOLLOWER} - Appended Indexed{index=24, entry=CommandEntry{term=1, timestamp=2018-06-11 12:15:13,500, session=2, sequence=19, operation=PrimitiveOperation{id=DefaultOperationId{id=write, type=COMMAND}, value=byte[]{length=17, hash=-1644578928}}}}
00:15:13.534 [raft-server-2] TRACE i.a.p.raft.roles.FollowerRole - RaftServer{2}{role=FOLLOWER} - Committed entries up to index 23
00:15:13.534 [raft-server-3] TRACE i.a.p.raft.roles.FollowerRole - RaftServer{3}{role=FOLLOWER} - Committed entries up to index 23
00:15:13.534 [raft-server-2] TRACE i.a.p.raft.roles.FollowerRole - RaftServer{2}{role=FOLLOWER} - Sending AppendResponse{status=OK, term=1, succeeded=true, lastLogIndex=24}
00:15:13.534 [raft-server-3] TRACE i.a.p.raft.roles.FollowerRole - RaftServer{3}{role=FOLLOWER} - Sending AppendResponse{status=OK, term=1, succeeded=true, lastLogIndex=24}
00:15:13.534 [raft-server-3] TRACE i.a.p.raft.roles.FollowerRole - RaftServer{3}{role=FOLLOWER} - Sending KeepAliveResponse{status=OK, leader=1, members=[2, 1, 3], sessionIds=long[]{length=1, hash=33}}
00:15:13.534 [raft-server-1] TRACE i.a.p.raft.roles.LeaderAppender - RaftServer{1} - Received AppendResponse{status=OK, term=1, succeeded=true, lastLogIndex=24} from 2
00:15:13.534 [raft-server-2-state] TRACE i.a.p.raft.impl.RaftServiceManager - RaftServer{2} - Applying Indexed{index=23, entry=KeepAliveEntry{term=1, timestamp=2018-06-11 12:15:13,450, sessionIds=long[]{length=1, hash=33}, commandSequences=long[]{length=1, hash=48}, eventIndexes=long[]{length=1, hash=33}}}
00:15:13.534 [raft-client-82530a18-bea6-4e53-b81d-3dd8c76650f9-2] TRACE i.a.p.r.s.impl.RaftSessionConnection - RaftClient{82530a18-bea6-4e53-b81d-3dd8c76650f9} - Received KeepAliveResponse{status=OK, leader=1, members=[2, 1, 3], sessionIds=long[]{length=1, hash=33}} from 3
00:15:13.534 [raft-server-1] TRACE i.a.p.raft.roles.LeaderAppender - RaftServer{1} - Committed entries up to 24
00:15:13.534 [raft-server-3-state] TRACE i.a.p.raft.impl.RaftServiceManager - RaftServer{3} - Applying Indexed{index=23, entry=KeepAliveEntry{term=1, timestamp=2018-06-11 12:15:13,450, sessionIds=long[]{length=1, hash=33}, commandSequences=long[]{length=1, hash=48}, eventIndexes=long[]{length=1, hash=33}}}
00:15:13.575 [raft-server-1] TRACE i.a.p.raft.roles.LeaderAppender - RaftServer{1} - Received AppendResponse{status=OK, term=1, succeeded=true, lastLogIndex=24} from 3
00:15:13.575 [raft-server-1] TRACE i.a.p.raft.roles.LeaderAppender - RaftServer{1} - Sending AppendRequest{term=1, leader=1, prevLogIndex=24, prevLogTerm=1, entries=0, commitIndex=24} to 2
00:15:13.576 [raft-server-1] TRACE i.a.p.raft.roles.LeaderAppender - RaftServer{1} - Sending AppendRequest{term=1, leader=1, prevLogIndex=24, prevLogTerm=1, entries=0, commitIndex=24} to 3
00:15:13.576 [raft-server-2] TRACE i.a.p.raft.roles.FollowerRole - RaftServer{2}{role=FOLLOWER} - Received AppendRequest{term=1, leader=1, prevLogIndex=24, prevLogTerm=1, entries=0, commitIndex=24}
00:15:13.576 [raft-server-3] TRACE i.a.p.raft.roles.FollowerRole - RaftServer{3}{role=FOLLOWER} - Received AppendRequest{term=1, leader=1, prevLogIndex=24, prevLogTerm=1, entries=0, commitIndex=24}
00:15:13.576 [raft-server-1-state] TRACE i.a.p.raft.impl.RaftServiceManager - RaftServer{1} - Applying Indexed{index=24, entry=CommandEntry{term=1, timestamp=2018-06-11 12:15:13,500, session=2, sequence=19, operation=PrimitiveOperation{id=DefaultOperationId{id=write, type=COMMAND}, value=byte[]{length=17, hash=-1644578928}}}}
00:15:13.576 [raft-server-1-state] TRACE i.a.p.s.impl.DefaultServiceExecutor - PrimitiveService{2}{type=io.atomix.protocols.raft.RaftTest$TestPrimitiveType@5c91ef2b, name=raft-test} - Executing DefaultCommit{index=24, session=RaftSession{RaftServiceContext{server=1, type=io.atomix.protocols.raft.RaftTest$TestPrimitiveType@5c91ef2b, name=raft-test, id=2}, session=2, timestamp=2018-06-11 12:15:13,500}, time=2018-06-11 12:15:13,500, operation=DefaultOperationId{id=write, type=COMMAND}, value=byte[]{length=17, hash=-1644578928}}
00:15:13.576 [raft-server-1-state] TRACE i.a.protocols.raft.roles.LeaderRole - RaftServer{1}{role=LEADER} - Sending CommandResponse{status=OK, index=24, eventIndex=2, result=byte[]{length=2, hash=1288}}
00:15:13.600 [raft-server-2] TRACE i.a.p.raft.roles.FollowerRole - RaftServer{2}{role=FOLLOWER} - Committed entries up to index 24
00:15:13.600 [raft-server-2] TRACE i.a.p.raft.roles.FollowerRole - RaftServer{2}{role=FOLLOWER} - Sending AppendResponse{status=OK, term=1, succeeded=true, lastLogIndex=24}
00:15:13.600 [raft-server-3] TRACE i.a.p.raft.roles.FollowerRole - RaftServer{3}{role=FOLLOWER} - Committed entries up to index 24
00:15:13.600 [raft-server-3] TRACE i.a.p.raft.roles.FollowerRole - RaftServer{3}{role=FOLLOWER} - Sending AppendResponse{status=OK, term=1, succeeded=true, lastLogIndex=24}
00:15:13.600 [raft-server-1] TRACE i.a.p.raft.roles.LeaderAppender - RaftServer{1} - Received AppendResponse{status=OK, term=1, succeeded=true, lastLogIndex=24} from 2
00:15:13.600 [raft-server-3] TRACE i.a.p.raft.roles.FollowerRole - RaftServer{3}{role=FOLLOWER} - Sending CommandResponse{status=OK, index=24, eventIndex=2, result=byte[]{length=2, hash=1288}}
00:15:13.600 [raft-server-2-state] TRACE i.a.p.raft.impl.RaftServiceManager - RaftServer{2} - Applying Indexed{index=24, entry=CommandEntry{term=1, timestamp=2018-06-11 12:15:13,500, session=2, sequence=19, operation=PrimitiveOperation{id=DefaultOperationId{id=write, type=COMMAND}, value=byte[]{length=17, hash=-1644578928}}}}
00:15:13.601 [raft-server-1] TRACE i.a.p.raft.roles.LeaderAppender - RaftServer{1} - Sending AppendRequest{term=1, leader=1, prevLogIndex=24, prevLogTerm=1, entries=0, commitIndex=24} to 2
00:15:13.601 [raft-client-82530a18-bea6-4e53-b81d-3dd8c76650f9-3] TRACE i.a.p.r.s.impl.RaftSessionConnection - SessionClient{2}{type=io.atomix.protocols.raft.RaftTest$TestPrimitiveType@68b11545, name=raft-test} - Received CommandResponse{status=OK, index=24, eventIndex=2, result=byte[]{length=2, hash=1288}} from 3
00:15:13.601 [raft-server-3-state] TRACE i.a.p.raft.impl.RaftServiceManager - RaftServer{3} - Applying Indexed{index=24, entry=CommandEntry{term=1, timestamp=2018-06-11 12:15:13,500, session=2, sequence=19, operation=PrimitiveOperation{id=DefaultOperationId{id=write, type=COMMAND}, value=byte[]{length=17, hash=-1644578928}}}}
00:15:13.601 [raft-server-2-state] TRACE i.a.p.s.impl.DefaultServiceExecutor - PrimitiveService{2}{type=io.atomix.protocols.raft.RaftTest$TestPrimitiveType@4f16731, name=raft-test} - Executing DefaultCommit{index=24, session=RaftSession{RaftServiceContext{server=2, type=io.atomix.protocols.raft.RaftTest$TestPrimitiveType@4f16731, name=raft-test, id=2}, session=2, timestamp=2018-06-11 12:15:13,500}, time=2018-06-11 12:15:13,500, operation=DefaultOperationId{id=write, type=COMMAND}, value=byte[]{length=17, hash=-1644578928}}
00:15:13.601 [raft-server-1] TRACE i.a.p.raft.roles.LeaderAppender - RaftServer{1} - Received AppendResponse{status=OK, term=1, succeeded=true, lastLogIndex=24} from 3
00:15:13.601 [raft-server-2] TRACE i.a.p.raft.roles.FollowerRole - RaftServer{2}{role=FOLLOWER} - Received AppendRequest{term=1, leader=1, prevLogIndex=24, prevLogTerm=1, entries=0, commitIndex=24}
00:15:13.601 [raft-client-82530a18-bea6-4e53-b81d-3dd8c76650f9-3] TRACE i.a.p.r.s.impl.RaftSessionSequencer - SessionClient{2}{type=io.atomix.protocols.raft.RaftTest$TestPrimitiveType@68b11545, name=raft-test} - Completing response CommandResponse{status=OK, index=24, eventIndex=2, result=byte[]{length=2, hash=1288}}
00:15:13.601 [raft-server-3-state] TRACE i.a.p.s.impl.DefaultServiceExecutor - PrimitiveService{2}{type=io.atomix.protocols.raft.RaftTest$TestPrimitiveType@3a1a32eb, name=raft-test} - Executing DefaultCommit{index=24, session=RaftSession{RaftServiceContext{server=3, type=io.atomix.protocols.raft.RaftTest$TestPrimitiveType@3a1a32eb, name=raft-test, id=2}, session=2, timestamp=2018-06-11 12:15:13,500}, time=2018-06-11 12:15:13,500, operation=DefaultOperationId{id=write, type=COMMAND}, value=byte[]{length=17, hash=-1644578928}}
00:15:13.601 [raft-server-2] TRACE i.a.p.raft.roles.FollowerRole - RaftServer{2}{role=FOLLOWER} - Sending AppendResponse{status=OK, term=1, succeeded=true, lastLogIndex=24}
00:15:13.601 [raft-server-1] TRACE i.a.p.raft.roles.LeaderAppender - RaftServer{1} - Received AppendResponse{status=OK, term=1, succeeded=true, lastLogIndex=24} from 2
00:15:13.601 [raft-client-82530a18-bea6-4e53-b81d-3dd8c76650f9-3] TRACE i.a.p.r.s.impl.RaftSessionConnection - SessionClient{2}{type=io.atomix.protocols.raft.RaftTest$TestPrimitiveType@68b11545, name=raft-test} - Sending CommandRequest{session=2, sequence=20, operation=PrimitiveOperation{id=DefaultOperationId{id=write, type=COMMAND}, value=byte[]{length=17, hash=-1644578928}}} to 3
00:15:13.601 [raft-server-3] TRACE i.a.p.raft.roles.FollowerRole - RaftServer{3}{role=FOLLOWER} - Received CommandRequest{session=2, sequence=20, operation=PrimitiveOperation{id=DefaultOperationId{id=write, type=COMMAND}, value=byte[]{length=17, hash=-1644578928}}}
00:15:13.601 [raft-server-1] TRACE i.a.protocols.raft.roles.LeaderRole - RaftServer{1}{role=LEADER} - Received CommandRequest{session=2, sequence=20, operation=PrimitiveOperation{id=DefaultOperationId{id=write, type=COMMAND}, value=byte[]{length=17, hash=-1644578928}}}
00:15:13.602 [raft-server-1] TRACE i.a.protocols.raft.roles.LeaderRole - RaftServer{1}{role=LEADER} - Appended Indexed{index=25, entry=CommandEntry{term=1, timestamp=2018-06-11 12:15:13,602, session=2, sequence=20, operation=PrimitiveOperation{id=DefaultOperationId{id=write, type=COMMAND}, value=byte[]{length=17, hash=-1644578928}}}}
00:15:13.602 [raft-server-1] TRACE i.a.p.raft.roles.LeaderAppender - RaftServer{1} - Sending AppendRequest{term=1, leader=1, prevLogIndex=24, prevLogTerm=1, entries=1, commitIndex=24} to 2
00:15:13.602 [raft-server-2] TRACE i.a.p.raft.roles.FollowerRole - RaftServer{2}{role=FOLLOWER} - Received AppendRequest{term=1, leader=1, prevLogIndex=24, prevLogTerm=1, entries=1, commitIndex=24}
00:15:13.602 [raft-server-1] TRACE i.a.p.raft.roles.LeaderAppender - RaftServer{1} - Sending AppendRequest{term=1, leader=1, prevLogIndex=24, prevLogTerm=1, entries=1, commitIndex=24} to 3
00:15:13.602 [raft-server-3] TRACE i.a.p.raft.roles.FollowerRole - RaftServer{3}{role=FOLLOWER} - Received AppendRequest{term=1, leader=1, prevLogIndex=24, prevLogTerm=1, entries=1, commitIndex=24}
00:15:13.602 [raft-server-2] TRACE i.a.p.raft.roles.FollowerRole - RaftServer{2}{role=FOLLOWER} - Appended Indexed{index=25, entry=CommandEntry{term=1, timestamp=2018-06-11 12:15:13,602, session=2, sequence=20, operation=PrimitiveOperation{id=DefaultOperationId{id=write, type=COMMAND}, value=byte[]{length=17, hash=-1644578928}}}}
00:15:13.602 [raft-server-2] TRACE i.a.p.raft.roles.FollowerRole - RaftServer{2}{role=FOLLOWER} - Sending AppendResponse{status=OK, term=1, succeeded=true, lastLogIndex=25}
00:15:13.602 [raft-server-1] TRACE i.a.p.raft.roles.LeaderAppender - RaftServer{1} - Received AppendResponse{status=OK, term=1, succeeded=true, lastLogIndex=25} from 2
00:15:13.602 [raft-server-3] TRACE i.a.p.raft.roles.FollowerRole - RaftServer{3}{role=FOLLOWER} - Appended Indexed{index=25, entry=CommandEntry{term=1, timestamp=2018-06-11 12:15:13,602, session=2, sequence=20, operation=PrimitiveOperation{id=DefaultOperationId{id=write, type=COMMAND}, value=byte[]{length=17, hash=-1644578928}}}}
00:15:13.602 [raft-server-1] TRACE i.a.p.raft.roles.LeaderAppender - RaftServer{1} - Committed entries up to 25
00:15:13.602 [raft-server-3] TRACE i.a.p.raft.roles.FollowerRole - RaftServer{3}{role=FOLLOWER} - Sending AppendResponse{status=OK, term=1, succeeded=true, lastLogIndex=25}
00:15:13.625 [raft-server-1] TRACE i.a.p.raft.roles.LeaderAppender - RaftServer{1} - Received AppendResponse{status=OK, term=1, succeeded=true, lastLogIndex=25} from 3
00:15:13.625 [raft-server-1-state] TRACE i.a.p.raft.impl.RaftServiceManager - RaftServer{1} - Applying Indexed{index=25, entry=CommandEntry{term=1, timestamp=2018-06-11 12:15:13,602, session=2, sequence=20, operation=PrimitiveOperation{id=DefaultOperationId{id=write, type=COMMAND}, value=byte[]{length=17, hash=-1644578928}}}}
00:15:13.626 [raft-server-1-state] TRACE i.a.p.s.impl.DefaultServiceExecutor - PrimitiveService{2}{type=io.atomix.protocols.raft.RaftTest$TestPrimitiveType@5c91ef2b, name=raft-test} - Executing DefaultCommit{index=25, session=RaftSession{RaftServiceContext{server=1, type=io.atomix.protocols.raft.RaftTest$TestPrimitiveType@5c91ef2b, name=raft-test, id=2}, session=2, timestamp=2018-06-11 12:15:13,602}, time=2018-06-11 12:15:13,602, operation=DefaultOperationId{id=write, type=COMMAND}, value=byte[]{length=17, hash=-1644578928}}
00:15:13.626 [raft-server-1-state] TRACE i.a.protocols.raft.roles.LeaderRole - RaftServer{1}{role=LEADER} - Sending CommandResponse{status=OK, index=25, eventIndex=2, result=byte[]{length=2, hash=1290}}
00:15:13.626 [raft-server-3] TRACE i.a.p.raft.roles.FollowerRole - RaftServer{3}{role=FOLLOWER} - Sending CommandResponse{status=OK, index=25, eventIndex=2, result=byte[]{length=2, hash=1290}}
00:15:13.626 [raft-client-82530a18-bea6-4e53-b81d-3dd8c76650f9-2] TRACE i.a.p.r.s.impl.RaftSessionConnection - SessionClient{2}{type=io.atomix.protocols.raft.RaftTest$TestPrimitiveType@68b11545, name=raft-test} - Received CommandResponse{status=OK, index=25, eventIndex=2, result=byte[]{length=2, hash=1290}} from 3
00:15:13.626 [raft-client-82530a18-bea6-4e53-b81d-3dd8c76650f9-2] TRACE i.a.p.r.s.impl.RaftSessionSequencer - SessionClient{2}{type=io.atomix.protocols.raft.RaftTest$TestPrimitiveType@68b11545, name=raft-test} - Completing response CommandResponse{status=OK, index=25, eventIndex=2, result=byte[]{length=2, hash=1290}}
00:15:13.626 [raft-client-82530a18-bea6-4e53-b81d-3dd8c76650f9-7] TRACE i.a.p.r.s.impl.RaftSessionConnection - SessionClient{2}{type=io.atomix.protocols.raft.RaftTest$TestPrimitiveType@68b11545, name=raft-test} - Sending CommandRequest{session=2, sequence=21, operation=PrimitiveOperation{id=DefaultOperationId{id=write, type=COMMAND}, value=byte[]{length=17, hash=-1644578928}}} to 3
00:15:13.626 [raft-server-3] TRACE i.a.p.raft.roles.FollowerRole - RaftServer{3}{role=FOLLOWER} - Received CommandRequest{session=2, sequence=21, operation=PrimitiveOperation{id=DefaultOperationId{id=write, type=COMMAND}, value=byte[]{length=17, hash=-1644578928}}}
00:15:13.626 [raft-server-1] TRACE i.a.protocols.raft.roles.LeaderRole - RaftServer{1}{role=LEADER} - Received CommandRequest{session=2, sequence=21, operation=PrimitiveOperation{id=DefaultOperationId{id=write, type=COMMAND}, value=byte[]{length=17, hash=-1644578928}}}
00:15:13.627 [raft-server-1] TRACE i.a.protocols.raft.roles.LeaderRole - RaftServer{1}{role=LEADER} - Appended Indexed{index=26, entry=CommandEntry{term=1, timestamp=2018-06-11 12:15:13,626, session=2, sequence=21, operation=PrimitiveOperation{id=DefaultOperationId{id=write, type=COMMAND}, value=byte[]{length=17, hash=-1644578928}}}}
00:15:13.627 [raft-server-1] TRACE i.a.p.raft.roles.LeaderAppender - RaftServer{1} - Sending AppendRequest{term=1, leader=1, prevLogIndex=25, prevLogTerm=1, entries=1, commitIndex=25} to 2
00:15:13.627 [raft-server-1] TRACE i.a.p.raft.roles.LeaderAppender - RaftServer{1} - Sending AppendRequest{term=1, leader=1, prevLogIndex=25, prevLogTerm=1, entries=1, commitIndex=25} to 3
00:15:13.627 [raft-server-2] TRACE i.a.p.raft.roles.FollowerRole - RaftServer{2}{role=FOLLOWER} - Received AppendRequest{term=1, leader=1, prevLogIndex=25, prevLogTerm=1, entries=1, commitIndex=25}
00:15:13.627 [raft-server-3] TRACE i.a.p.raft.roles.FollowerRole - RaftServer{3}{role=FOLLOWER} - Received AppendRequest{term=1, leader=1, prevLogIndex=25, prevLogTerm=1, entries=1, commitIndex=25}
00:15:13.627 [raft-server-2] TRACE i.a.p.raft.roles.FollowerRole - RaftServer{2}{role=FOLLOWER} - Appended Indexed{index=26, entry=CommandEntry{term=1, timestamp=2018-06-11 12:15:13,626, session=2, sequence=21, operation=PrimitiveOperation{id=DefaultOperationId{id=write, type=COMMAND}, value=byte[]{length=17, hash=-1644578928}}}}
00:15:13.627 [raft-server-3] TRACE i.a.p.raft.roles.FollowerRole - RaftServer{3}{role=FOLLOWER} - Appended Indexed{index=26, entry=CommandEntry{term=1, timestamp=2018-06-11 12:15:13,626, session=2, sequence=21, operation=PrimitiveOperation{id=DefaultOperationId{id=write, type=COMMAND}, value=byte[]{length=17, hash=-1644578928}}}}
00:15:13.650 [raft-server-2] TRACE i.a.p.raft.roles.FollowerRole - RaftServer{2}{role=FOLLOWER} - Committed entries up to index 25
00:15:13.650 [raft-server-3] TRACE i.a.p.raft.roles.FollowerRole - RaftServer{3}{role=FOLLOWER} - Committed entries up to index 25
00:15:13.650 [raft-server-2] TRACE i.a.p.raft.roles.FollowerRole - RaftServer{2}{role=FOLLOWER} - Sending AppendResponse{status=OK, term=1, succeeded=true, lastLogIndex=26}
00:15:13.650 [raft-server-3] TRACE i.a.p.raft.roles.FollowerRole - RaftServer{3}{role=FOLLOWER} - Sending AppendResponse{status=OK, term=1, succeeded=true, lastLogIndex=26}
00:15:13.651 [raft-server-1] TRACE i.a.p.raft.roles.LeaderAppender - RaftServer{1} - Received AppendResponse{status=OK, term=1, succeeded=true, lastLogIndex=26} from 2
00:15:13.651 [raft-server-2-state] TRACE i.a.p.raft.impl.RaftServiceManager - RaftServer{2} - Applying Indexed{index=25, entry=CommandEntry{term=1, timestamp=2018-06-11 12:15:13,602, session=2, sequence=20, operation=PrimitiveOperation{id=DefaultOperationId{id=write, type=COMMAND}, value=byte[]{length=17, hash=-1644578928}}}}
00:15:13.651 [raft-server-3-state] TRACE i.a.p.raft.impl.RaftServiceManager - RaftServer{3} - Applying Indexed{index=25, entry=CommandEntry{term=1, timestamp=2018-06-11 12:15:13,602, session=2, sequence=20, operation=PrimitiveOperation{id=DefaultOperationId{id=write, type=COMMAND}, value=byte[]{length=17, hash=-1644578928}}}}
00:15:13.651 [raft-server-1] TRACE i.a.p.raft.roles.LeaderAppender - RaftServer{1} - Committed entries up to 26
00:15:13.651 [raft-server-2-state] TRACE i.a.p.s.impl.DefaultServiceExecutor - PrimitiveService{2}{type=io.atomix.protocols.raft.RaftTest$TestPrimitiveType@4f16731, name=raft-test} - Executing DefaultCommit{index=25, session=RaftSession{RaftServiceContext{server=2, type=io.atomix.protocols.raft.RaftTest$TestPrimitiveType@4f16731, name=raft-test, id=2}, session=2, timestamp=2018-06-11 12:15:13,602}, time=2018-06-11 12:15:13,602, operation=DefaultOperationId{id=write, type=COMMAND}, value=byte[]{length=17, hash=-1644578928}}
00:15:13.651 [raft-server-3-state] TRACE i.a.p.s.impl.DefaultServiceExecutor - PrimitiveService{2}{type=io.atomix.protocols.raft.RaftTest$TestPrimitiveType@3a1a32eb, name=raft-test} - Executing DefaultCommit{index=25, session=RaftSession{RaftServiceContext{server=3, type=io.atomix.protocols.raft.RaftTest$TestPrimitiveType@3a1a32eb, name=raft-test, id=2}, session=2, timestamp=2018-06-11 12:15:13,602}, time=2018-06-11 12:15:13,602, operation=DefaultOperationId{id=write, type=COMMAND}, value=byte[]{length=17, hash=-1644578928}}
00:15:13.709 [raft-server-1] TRACE i.a.p.raft.roles.LeaderAppender - RaftServer{1} - Received AppendResponse{status=OK, term=1, succeeded=true, lastLogIndex=26} from 3
00:15:13.709 [raft-server-1-state] TRACE i.a.p.raft.impl.RaftServiceManager - RaftServer{1} - Applying Indexed{index=26, entry=CommandEntry{term=1, timestamp=2018-06-11 12:15:13,626, session=2, sequence=21, operation=PrimitiveOperation{id=DefaultOperationId{id=write, type=COMMAND}, value=byte[]{length=17, hash=-1644578928}}}}
00:15:13.709 [raft-server-1-state] TRACE i.a.p.s.impl.DefaultServiceExecutor - PrimitiveService{2}{type=io.atomix.protocols.raft.RaftTest$TestPrimitiveType@5c91ef2b, name=raft-test} - Executing DefaultCommit{index=26, session=RaftSession{RaftServiceContext{server=1, type=io.atomix.protocols.raft.RaftTest$TestPrimitiveType@5c91ef2b, name=raft-test, id=2}, session=2, timestamp=2018-06-11 12:15:13,626}, time=2018-06-11 12:15:13,626, operation=DefaultOperationId{id=write, type=COMMAND}, value=byte[]{length=17, hash=-1644578928}}
00:15:13.709 [raft-server-1-state] TRACE i.a.protocols.raft.roles.LeaderRole - RaftServer{1}{role=LEADER} - Sending CommandResponse{status=OK, index=26, eventIndex=2, result=byte[]{length=2, hash=1292}}
00:15:13.709 [raft-server-3] TRACE i.a.p.raft.roles.FollowerRole - RaftServer{3}{role=FOLLOWER} - Sending CommandResponse{status=OK, index=26, eventIndex=2, result=byte[]{length=2, hash=1292}}
00:15:13.709 [raft-client-82530a18-bea6-4e53-b81d-3dd8c76650f9-4] TRACE i.a.p.r.s.impl.RaftSessionConnection - SessionClient{2}{type=io.atomix.protocols.raft.RaftTest$TestPrimitiveType@68b11545, name=raft-test} - Received CommandResponse{status=OK, index=26, eventIndex=2, result=byte[]{length=2, hash=1292}} from 3
00:15:13.709 [raft-client-82530a18-bea6-4e53-b81d-3dd8c76650f9-4] TRACE i.a.p.r.s.impl.RaftSessionSequencer - SessionClient{2}{type=io.atomix.protocols.raft.RaftTest$TestPrimitiveType@68b11545, name=raft-test} - Completing response CommandResponse{status=OK, index=26, eventIndex=2, result=byte[]{length=2, hash=1292}}
00:15:13.710 [raft-client-82530a18-bea6-4e53-b81d-3dd8c76650f9-4] TRACE i.a.p.r.s.impl.RaftSessionConnection - SessionClient{2}{type=io.atomix.protocols.raft.RaftTest$TestPrimitiveType@68b11545, name=raft-test} - Sending CommandRequest{session=2, sequence=22, operation=PrimitiveOperation{id=DefaultOperationId{id=write, type=COMMAND}, value=byte[]{length=17, hash=-1644578928}}} to 3
00:15:13.710 [raft-server-3] TRACE i.a.p.raft.roles.FollowerRole - RaftServer{3}{role=FOLLOWER} - Received CommandRequest{session=2, sequence=22, operation=PrimitiveOperation{id=DefaultOperationId{id=write, type=COMMAND}, value=byte[]{length=17, hash=-1644578928}}}
00:15:13.710 [raft-server-1] TRACE i.a.protocols.raft.roles.LeaderRole - RaftServer{1}{role=LEADER} - Received CommandRequest{session=2, sequence=22, operation=PrimitiveOperation{id=DefaultOperationId{id=write, type=COMMAND}, value=byte[]{length=17, hash=-1644578928}}}
00:15:13.710 [raft-server-1] TRACE i.a.protocols.raft.roles.LeaderRole - RaftServer{1}{role=LEADER} - Appended Indexed{index=27, entry=CommandEntry{term=1, timestamp=2018-06-11 12:15:13,710, session=2, sequence=22, operation=PrimitiveOperation{id=DefaultOperationId{id=write, type=COMMAND}, value=byte[]{length=17, hash=-1644578928}}}}
00:15:13.710 [raft-server-1] TRACE i.a.p.raft.roles.LeaderAppender - RaftServer{1} - Sending AppendRequest{term=1, leader=1, prevLogIndex=26, prevLogTerm=1, entries=1, commitIndex=26} to 2
00:15:13.710 [raft-server-2] TRACE i.a.p.raft.roles.FollowerRole - RaftServer{2}{role=FOLLOWER} - Received AppendRequest{term=1, leader=1, prevLogIndex=26, prevLogTerm=1, entries=1, commitIndex=26}
00:15:13.710 [raft-server-1] TRACE i.a.p.raft.roles.LeaderAppender - RaftServer{1} - Sending AppendRequest{term=1, leader=1, prevLogIndex=26, prevLogTerm=1, entries=1, commitIndex=26} to 3
00:15:13.710 [raft-server-3] TRACE i.a.p.raft.roles.FollowerRole - RaftServer{3}{role=FOLLOWER} - Received AppendRequest{term=1, leader=1, prevLogIndex=26, prevLogTerm=1, entries=1, commitIndex=26}
00:15:13.710 [raft-server-2] TRACE i.a.p.raft.roles.FollowerRole - RaftServer{2}{role=FOLLOWER} - Appended Indexed{index=27, entry=CommandEntry{term=1, timestamp=2018-06-11 12:15:13,710, session=2, sequence=22, operation=PrimitiveOperation{id=DefaultOperationId{id=write, type=COMMAND}, value=byte[]{length=17, hash=-1644578928}}}}
00:15:13.710 [raft-server-3] TRACE i.a.p.raft.roles.FollowerRole - RaftServer{3}{role=FOLLOWER} - Appended Indexed{index=27, entry=CommandEntry{term=1, timestamp=2018-06-11 12:15:13,710, session=2, sequence=22, operation=PrimitiveOperation{id=DefaultOperationId{id=write, type=COMMAND}, value=byte[]{length=17, hash=-1644578928}}}}
00:15:13.750 [raft-server-2] TRACE i.a.p.raft.roles.FollowerRole - RaftServer{2}{role=FOLLOWER} - Committed entries up to index 26
00:15:13.750 [raft-server-3] TRACE i.a.p.raft.roles.FollowerRole - RaftServer{3}{role=FOLLOWER} - Committed entries up to index 26
00:15:13.750 [raft-server-2] TRACE i.a.p.raft.roles.FollowerRole - RaftServer{2}{role=FOLLOWER} - Sending AppendResponse{status=OK, term=1, succeeded=true, lastLogIndex=27}
00:15:13.750 [raft-server-3] TRACE i.a.p.raft.roles.FollowerRole - RaftServer{3}{role=FOLLOWER} - Sending AppendResponse{status=OK, term=1, succeeded=true, lastLogIndex=27}
00:15:13.750 [raft-server-1] TRACE i.a.p.raft.roles.LeaderAppender - RaftServer{1} - Received AppendResponse{status=OK, term=1, succeeded=true, lastLogIndex=27} from 2
00:15:13.751 [raft-server-1] TRACE i.a.p.raft.roles.LeaderAppender - RaftServer{1} - Committed entries up to 27
00:15:13.750 [raft-server-2-state] TRACE i.a.p.raft.impl.RaftServiceManager - RaftServer{2} - Applying Indexed{index=26, entry=CommandEntry{term=1, timestamp=2018-06-11 12:15:13,626, session=2, sequence=21, operation=PrimitiveOperation{id=DefaultOperationId{id=write, type=COMMAND}, value=byte[]{length=17, hash=-1644578928}}}}
00:15:13.751 [raft-server-3-state] TRACE i.a.p.raft.impl.RaftServiceManager - RaftServer{3} - Applying Indexed{index=26, entry=CommandEntry{term=1, timestamp=2018-06-11 12:15:13,626, session=2, sequence=21, operation=PrimitiveOperation{id=DefaultOperationId{id=write, type=COMMAND}, value=byte[]{length=17, hash=-1644578928}}}}
00:15:13.751 [raft-server-2-state] TRACE i.a.p.s.impl.DefaultServiceExecutor - PrimitiveService{2}{type=io.atomix.protocols.raft.RaftTest$TestPrimitiveType@4f16731, name=raft-test} - Executing DefaultCommit{index=26, session=RaftSession{RaftServiceContext{server=2, type=io.atomix.protocols.raft.RaftTest$TestPrimitiveType@4f16731, name=raft-test, id=2}, session=2, timestamp=2018-06-11 12:15:13,626}, time=2018-06-11 12:15:13,626, operation=DefaultOperationId{id=write, type=COMMAND}, value=byte[]{length=17, hash=-1644578928}}
00:15:13.751 [raft-server-3-state] TRACE i.a.p.s.impl.DefaultServiceExecutor - PrimitiveService{2}{type=io.atomix.protocols.raft.RaftTest$TestPrimitiveType@3a1a32eb, name=raft-test} - Executing DefaultCommit{index=26, session=RaftSession{RaftServiceContext{server=3, type=io.atomix.protocols.raft.RaftTest$TestPrimitiveType@3a1a32eb, name=raft-test, id=2}, session=2, timestamp=2018-06-11 12:15:13,626}, time=2018-06-11 12:15:13,626, operation=DefaultOperationId{id=write, type=COMMAND}, value=byte[]{length=17, hash=-1644578928}}
00:15:13.775 [raft-server-1] TRACE i.a.p.raft.roles.LeaderAppender - RaftServer{1} - Received AppendResponse{status=OK, term=1, succeeded=true, lastLogIndex=27} from 3
00:15:13.775 [raft-server-1-state] TRACE i.a.p.raft.impl.RaftServiceManager - RaftServer{1} - Applying Indexed{index=27, entry=CommandEntry{term=1, timestamp=2018-06-11 12:15:13,710, session=2, sequence=22, operation=PrimitiveOperation{id=DefaultOperationId{id=write, type=COMMAND}, value=byte[]{length=17, hash=-1644578928}}}}
00:15:13.776 [raft-server-1-state] TRACE i.a.p.s.impl.DefaultServiceExecutor - PrimitiveService{2}{type=io.atomix.protocols.raft.RaftTest$TestPrimitiveType@5c91ef2b, name=raft-test} - Executing DefaultCommit{index=27, session=RaftSession{RaftServiceContext{server=1, type=io.atomix.protocols.raft.RaftTest$TestPrimitiveType@5c91ef2b, name=raft-test, id=2}, session=2, timestamp=2018-06-11 12:15:13,710}, time=2018-06-11 12:15:13,710, operation=DefaultOperationId{id=write, type=COMMAND}, value=byte[]{length=17, hash=-1644578928}}
00:15:13.776 [raft-server-1-state] TRACE i.a.protocols.raft.roles.LeaderRole - RaftServer{1}{role=LEADER} - Sending CommandResponse{status=OK, index=27, eventIndex=2, result=byte[]{length=2, hash=1294}}
00:15:13.776 [raft-server-3] TRACE i.a.p.raft.roles.FollowerRole - RaftServer{3}{role=FOLLOWER} - Sending CommandResponse{status=OK, index=27, eventIndex=2, result=byte[]{length=2, hash=1294}}
00:15:13.776 [raft-client-82530a18-bea6-4e53-b81d-3dd8c76650f9-6] TRACE i.a.p.r.s.impl.RaftSessionConnection - SessionClient{2}{type=io.atomix.protocols.raft.RaftTest$TestPrimitiveType@68b11545, name=raft-test} - Received CommandResponse{status=OK, index=27, eventIndex=2, result=byte[]{length=2, hash=1294}} from 3
00:15:13.776 [raft-client-82530a18-bea6-4e53-b81d-3dd8c76650f9-6] TRACE i.a.p.r.s.impl.RaftSessionSequencer - SessionClient{2}{type=io.atomix.protocols.raft.RaftTest$TestPrimitiveType@68b11545, name=raft-test} - Completing response CommandResponse{status=OK, index=27, eventIndex=2, result=byte[]{length=2, hash=1294}}
00:15:13.776 [raft-client-82530a18-bea6-4e53-b81d-3dd8c76650f9-1] TRACE i.a.p.r.s.impl.RaftSessionConnection - SessionClient{2}{type=io.atomix.protocols.raft.RaftTest$TestPrimitiveType@68b11545, name=raft-test} - Sending CommandRequest{session=2, sequence=23, operation=PrimitiveOperation{id=DefaultOperationId{id=write, type=COMMAND}, value=byte[]{length=17, hash=-1644578928}}} to 3
00:15:13.776 [raft-server-3] TRACE i.a.p.raft.roles.FollowerRole - RaftServer{3}{role=FOLLOWER} - Received CommandRequest{session=2, sequence=23, operation=PrimitiveOperation{id=DefaultOperationId{id=write, type=COMMAND}, value=byte[]{length=17, hash=-1644578928}}}
00:15:13.776 [raft-server-1] TRACE i.a.protocols.raft.roles.LeaderRole - RaftServer{1}{role=LEADER} - Received CommandRequest{session=2, sequence=23, operation=PrimitiveOperation{id=DefaultOperationId{id=write, type=COMMAND}, value=byte[]{length=17, hash=-1644578928}}}
00:15:13.776 [raft-server-1] TRACE i.a.protocols.raft.roles.LeaderRole - RaftServer{1}{role=LEADER} - Appended Indexed{index=28, entry=CommandEntry{term=1, timestamp=2018-06-11 12:15:13,776, session=2, sequence=23, operation=PrimitiveOperation{id=DefaultOperationId{id=write, type=COMMAND}, value=byte[]{length=17, hash=-1644578928}}}}
00:15:13.776 [raft-server-1] TRACE i.a.p.raft.roles.LeaderAppender - RaftServer{1} - Sending AppendRequest{term=1, leader=1, prevLogIndex=27, prevLogTerm=1, entries=1, commitIndex=27} to 2
00:15:13.776 [raft-server-2] TRACE i.a.p.raft.roles.FollowerRole - RaftServer{2}{role=FOLLOWER} - Received AppendRequest{term=1, leader=1, prevLogIndex=27, prevLogTerm=1, entries=1, commitIndex=27}
00:15:13.776 [raft-server-1] TRACE i.a.p.raft.roles.LeaderAppender - RaftServer{1} - Sending AppendRequest{term=1, leader=1, prevLogIndex=27, prevLogTerm=1, entries=1, commitIndex=27} to 3
00:15:13.777 [raft-server-3] TRACE i.a.p.raft.roles.FollowerRole - RaftServer{3}{role=FOLLOWER} - Received AppendRequest{term=1, leader=1, prevLogIndex=27, prevLogTerm=1, entries=1, commitIndex=27}
00:15:13.777 [raft-server-2] TRACE i.a.p.raft.roles.FollowerRole - RaftServer{2}{role=FOLLOWER} - Appended Indexed{index=28, entry=CommandEntry{term=1, timestamp=2018-06-11 12:15:13,776, session=2, sequence=23, operation=PrimitiveOperation{id=DefaultOperationId{id=write, type=COMMAND}, value=byte[]{length=17, hash=-1644578928}}}}
00:15:13.777 [raft-server-3] TRACE i.a.p.raft.roles.FollowerRole - RaftServer{3}{role=FOLLOWER} - Appended Indexed{index=28, entry=CommandEntry{term=1, timestamp=2018-06-11 12:15:13,776, session=2, sequence=23, operation=PrimitiveOperation{id=DefaultOperationId{id=write, type=COMMAND}, value=byte[]{length=17, hash=-1644578928}}}}
00:15:13.843 [raft-server-2] TRACE i.a.p.raft.roles.FollowerRole - RaftServer{2}{role=FOLLOWER} - Committed entries up to index 27
00:15:13.843 [raft-server-3] TRACE i.a.p.raft.roles.FollowerRole - RaftServer{3}{role=FOLLOWER} - Committed entries up to index 27
00:15:13.843 [raft-server-2] TRACE i.a.p.raft.roles.FollowerRole - RaftServer{2}{role=FOLLOWER} - Sending AppendResponse{status=OK, term=1, succeeded=true, lastLogIndex=28}
00:15:13.843 [raft-server-3] TRACE i.a.p.raft.roles.FollowerRole - RaftServer{3}{role=FOLLOWER} - Sending AppendResponse{status=OK, term=1, succeeded=true, lastLogIndex=28}
00:15:13.843 [raft-server-2-state] TRACE i.a.p.raft.impl.RaftServiceManager - RaftServer{2} - Applying Indexed{index=27, entry=CommandEntry{term=1, timestamp=2018-06-11 12:15:13,710, session=2, sequence=22, operation=PrimitiveOperation{id=DefaultOperationId{id=write, type=COMMAND}, value=byte[]{length=17, hash=-1644578928}}}}
00:15:13.843 [raft-server-3-state] TRACE i.a.p.raft.impl.RaftServiceManager - RaftServer{3} - Applying Indexed{index=27, entry=CommandEntry{term=1, timestamp=2018-06-11 12:15:13,710, session=2, sequence=22, operation=PrimitiveOperation{id=DefaultOperationId{id=write, type=COMMAND}, value=byte[]{length=17, hash=-1644578928}}}}
00:15:13.844 [raft-server-1] TRACE i.a.p.raft.roles.LeaderAppender - RaftServer{1} - Received AppendResponse{status=OK, term=1, succeeded=true, lastLogIndex=28} from 2
00:15:13.844 [raft-server-2-state] TRACE i.a.p.s.impl.DefaultServiceExecutor - PrimitiveService{2}{type=io.atomix.protocols.raft.RaftTest$TestPrimitiveType@4f16731, name=raft-test} - Executing DefaultCommit{index=27, session=RaftSession{RaftServiceContext{server=2, type=io.atomix.protocols.raft.RaftTest$TestPrimitiveType@4f16731, name=raft-test, id=2}, session=2, timestamp=2018-06-11 12:15:13,710}, time=2018-06-11 12:15:13,710, operation=DefaultOperationId{id=write, type=COMMAND}, value=byte[]{length=17, hash=-1644578928}}
00:15:13.844 [raft-server-3-state] TRACE i.a.p.s.impl.DefaultServiceExecutor - PrimitiveService{2}{type=io.atomix.protocols.raft.RaftTest$TestPrimitiveType@3a1a32eb, name=raft-test} - Executing DefaultCommit{index=27, session=RaftSession{RaftServiceContext{server=3, type=io.atomix.protocols.raft.RaftTest$TestPrimitiveType@3a1a32eb, name=raft-test, id=2}, session=2, timestamp=2018-06-11 12:15:13,710}, time=2018-06-11 12:15:13,710, operation=DefaultOperationId{id=write, type=COMMAND}, value=byte[]{length=17, hash=-1644578928}}
00:15:13.844 [raft-server-1] TRACE i.a.p.raft.roles.LeaderAppender - RaftServer{1} - Committed entries up to 28
00:15:13.907 [raft-server-1] TRACE i.a.p.raft.roles.LeaderAppender - RaftServer{1} - Sending AppendRequest{term=1, leader=1, prevLogIndex=28, prevLogTerm=1, entries=0, commitIndex=28} to 2
00:15:13.907 [raft-server-2] TRACE i.a.p.raft.roles.FollowerRole - RaftServer{2}{role=FOLLOWER} - Received AppendRequest{term=1, leader=1, prevLogIndex=28, prevLogTerm=1, entries=0, commitIndex=28}
00:15:13.907 [raft-server-1] TRACE i.a.p.raft.roles.LeaderAppender - RaftServer{1} - Received AppendResponse{status=OK, term=1, succeeded=true, lastLogIndex=28} from 3
00:15:13.907 [raft-server-1] TRACE i.a.p.raft.roles.LeaderAppender - RaftServer{1} - Sending AppendRequest{term=1, leader=1, prevLogIndex=28, prevLogTerm=1, entries=0, commitIndex=28} to 3
00:15:13.908 [raft-server-3] TRACE i.a.p.raft.roles.FollowerRole - RaftServer{3}{role=FOLLOWER} - Received AppendRequest{term=1, leader=1, prevLogIndex=28, prevLogTerm=1, entries=0, commitIndex=28}
00:15:13.908 [raft-server-1-state] TRACE i.a.p.raft.impl.RaftServiceManager - RaftServer{1} - Applying Indexed{index=28, entry=CommandEntry{term=1, timestamp=2018-06-11 12:15:13,776, session=2, sequence=23, operation=PrimitiveOperation{id=DefaultOperationId{id=write, type=COMMAND}, value=byte[]{length=17, hash=-1644578928}}}}
00:15:13.908 [raft-server-1-state] TRACE i.a.p.s.impl.DefaultServiceExecutor - PrimitiveService{2}{type=io.atomix.protocols.raft.RaftTest$TestPrimitiveType@5c91ef2b, name=raft-test} - Executing DefaultCommit{index=28, session=RaftSession{RaftServiceContext{server=1, type=io.atomix.protocols.raft.RaftTest$TestPrimitiveType@5c91ef2b, name=raft-test, id=2}, session=2, timestamp=2018-06-11 12:15:13,776}, time=2018-06-11 12:15:13,776, operation=DefaultOperationId{id=write, type=COMMAND}, value=byte[]{length=17, hash=-1644578928}}
00:15:13.908 [raft-server-1-state] TRACE i.a.protocols.raft.roles.LeaderRole - RaftServer{1}{role=LEADER} - Sending CommandResponse{status=OK, index=28, eventIndex=2, result=byte[]{length=2, hash=1296}}
00:15:13.967 [raft-server-2] TRACE i.a.p.raft.roles.FollowerRole - RaftServer{2}{role=FOLLOWER} - Committed entries up to index 28
00:15:13.967 [raft-server-2] TRACE i.a.p.raft.roles.FollowerRole - RaftServer{2}{role=FOLLOWER} - Sending AppendResponse{status=OK, term=1, succeeded=true, lastLogIndex=28}
00:15:13.967 [raft-server-1] TRACE i.a.p.raft.roles.LeaderAppender - RaftServer{1} - Received AppendResponse{status=OK, term=1, succeeded=true, lastLogIndex=28} from 2
00:15:13.967 [raft-server-2-state] TRACE i.a.p.raft.impl.RaftServiceManager - RaftServer{2} - Applying Indexed{index=28, entry=CommandEntry{term=1, timestamp=2018-06-11 12:15:13,776, session=2, sequence=23, operation=PrimitiveOperation{id=DefaultOperationId{id=write, type=COMMAND}, value=byte[]{length=17, hash=-1644578928}}}}
00:15:13.967 [raft-server-2-state] TRACE i.a.p.s.impl.DefaultServiceExecutor - PrimitiveService{2}{type=io.atomix.protocols.raft.RaftTest$TestPrimitiveType@4f16731, name=raft-test} - Executing DefaultCommit{index=28, session=RaftSession{RaftServiceContext{server=2, type=io.atomix.protocols.raft.RaftTest$TestPrimitiveType@4f16731, name=raft-test, id=2}, session=2, timestamp=2018-06-11 12:15:13,776}, time=2018-06-11 12:15:13,776, operation=DefaultOperationId{id=write, type=COMMAND}, value=byte[]{length=17, hash=-1644578928}}
00:15:14.034 [raft-server-3] TRACE i.a.p.raft.roles.FollowerRole - RaftServer{3}{role=FOLLOWER} - Committed entries up to index 28
00:15:14.034 [raft-server-3] TRACE i.a.p.raft.roles.FollowerRole - RaftServer{3}{role=FOLLOWER} - Sending AppendResponse{status=OK, term=1, succeeded=true, lastLogIndex=28}
00:15:14.034 [raft-server-1] TRACE i.a.p.raft.roles.LeaderAppender - RaftServer{1} - Received AppendResponse{status=OK, term=1, succeeded=true, lastLogIndex=28} from 3
00:15:14.034 [raft-server-3] TRACE i.a.p.raft.roles.FollowerRole - RaftServer{3}{role=FOLLOWER} - Sending CommandResponse{status=OK, index=28, eventIndex=2, result=byte[]{length=2, hash=1296}}
00:15:14.034 [raft-client-82530a18-bea6-4e53-b81d-3dd8c76650f9-0] TRACE i.a.p.r.s.impl.RaftSessionConnection - SessionClient{2}{type=io.atomix.protocols.raft.RaftTest$TestPrimitiveType@68b11545, name=raft-test} - Received CommandResponse{status=OK, index=28, eventIndex=2, result=byte[]{length=2, hash=1296}} from 3
00:15:14.034 [raft-server-3-state] TRACE i.a.p.raft.impl.RaftServiceManager - RaftServer{3} - Applying Indexed{index=28, entry=CommandEntry{term=1, timestamp=2018-06-11 12:15:13,776, session=2, sequence=23, operation=PrimitiveOperation{id=DefaultOperationId{id=write, type=COMMAND}, value=byte[]{length=17, hash=-1644578928}}}}
00:15:14.034 [raft-client-82530a18-bea6-4e53-b81d-3dd8c76650f9-0] TRACE i.a.p.r.s.impl.RaftSessionSequencer - SessionClient{2}{type=io.atomix.protocols.raft.RaftTest$TestPrimitiveType@68b11545, name=raft-test} - Completing response CommandResponse{status=OK, index=28, eventIndex=2, result=byte[]{length=2, hash=1296}}
00:15:14.034 [raft-server-3-state] TRACE i.a.p.s.impl.DefaultServiceExecutor - PrimitiveService{2}{type=io.atomix.protocols.raft.RaftTest$TestPrimitiveType@3a1a32eb, name=raft-test} - Executing DefaultCommit{index=28, session=RaftSession{RaftServiceContext{server=3, type=io.atomix.protocols.raft.RaftTest$TestPrimitiveType@3a1a32eb, name=raft-test, id=2}, session=2, timestamp=2018-06-11 12:15:13,776}, time=2018-06-11 12:15:13,776, operation=DefaultOperationId{id=write, type=COMMAND}, value=byte[]{length=17, hash=-1644578928}}
00:15:14.035 [raft-client-82530a18-bea6-4e53-b81d-3dd8c76650f9-0] TRACE i.a.p.r.s.impl.RaftSessionConnection - SessionClient{2}{type=io.atomix.protocols.raft.RaftTest$TestPrimitiveType@68b11545, name=raft-test} - Sending CommandRequest{session=2, sequence=24, operation=PrimitiveOperation{id=DefaultOperationId{id=write, type=COMMAND}, value=byte[]{length=17, hash=-1644578928}}} to 3
00:15:14.035 [raft-server-3] TRACE i.a.p.raft.roles.FollowerRole - RaftServer{3}{role=FOLLOWER} - Received CommandRequest{session=2, sequence=24, operation=PrimitiveOperation{id=DefaultOperationId{id=write, type=COMMAND}, value=byte[]{length=17, hash=-1644578928}}}
00:15:14.035 [raft-server-1] TRACE i.a.protocols.raft.roles.LeaderRole - RaftServer{1}{role=LEADER} - Received CommandRequest{session=2, sequence=24, operation=PrimitiveOperation{id=DefaultOperationId{id=write, type=COMMAND}, value=byte[]{length=17, hash=-1644578928}}}
00:15:14.035 [raft-server-1] TRACE i.a.protocols.raft.roles.LeaderRole - RaftServer{1}{role=LEADER} - Appended Indexed{index=29, entry=CommandEntry{term=1, timestamp=2018-06-11 12:15:14,035, session=2, sequence=24, operation=PrimitiveOperation{id=DefaultOperationId{id=write, type=COMMAND}, value=byte[]{length=17, hash=-1644578928}}}}
00:15:14.035 [raft-server-1] TRACE i.a.p.raft.roles.LeaderAppender - RaftServer{1} - Sending AppendRequest{term=1, leader=1, prevLogIndex=28, prevLogTerm=1, entries=1, commitIndex=28} to 2
00:15:14.035 [raft-server-2] TRACE i.a.p.raft.roles.FollowerRole - RaftServer{2}{role=FOLLOWER} - Received AppendRequest{term=1, leader=1, prevLogIndex=28, prevLogTerm=1, entries=1, commitIndex=28}
00:15:14.035 [raft-server-1] TRACE i.a.p.raft.roles.LeaderAppender - RaftServer{1} - Sending AppendRequest{term=1, leader=1, prevLogIndex=28, prevLogTerm=1, entries=1, commitIndex=28} to 3
00:15:14.035 [raft-server-3] TRACE i.a.p.raft.roles.FollowerRole - RaftServer{3}{role=FOLLOWER} - Received AppendRequest{term=1, leader=1, prevLogIndex=28, prevLogTerm=1, entries=1, commitIndex=28}
00:15:14.036 [raft-server-2] TRACE i.a.p.raft.roles.FollowerRole - RaftServer{2}{role=FOLLOWER} - Appended Indexed{index=29, entry=CommandEntry{term=1, timestamp=2018-06-11 12:15:14,035, session=2, sequence=24, operation=PrimitiveOperation{id=DefaultOperationId{id=write, type=COMMAND}, value=byte[]{length=17, hash=-1644578928}}}}
00:15:14.036 [raft-server-2] TRACE i.a.p.raft.roles.FollowerRole - RaftServer{2}{role=FOLLOWER} - Sending AppendResponse{status=OK, term=1, succeeded=true, lastLogIndex=29}
00:15:14.036 [raft-server-3] TRACE i.a.p.raft.roles.FollowerRole - RaftServer{3}{role=FOLLOWER} - Appended Indexed{index=29, entry=CommandEntry{term=1, timestamp=2018-06-11 12:15:14,035, session=2, sequence=24, operation=PrimitiveOperation{id=DefaultOperationId{id=write, type=COMMAND}, value=byte[]{length=17, hash=-1644578928}}}}
00:15:14.036 [raft-server-3] TRACE i.a.p.raft.roles.FollowerRole - RaftServer{3}{role=FOLLOWER} - Sending AppendResponse{status=OK, term=1, succeeded=true, lastLogIndex=29}
00:15:14.036 [raft-server-1] TRACE i.a.p.raft.roles.LeaderAppender - RaftServer{1} - Received AppendResponse{status=OK, term=1, succeeded=true, lastLogIndex=29} from 2
00:15:14.036 [raft-server-1] TRACE i.a.p.raft.roles.LeaderAppender - RaftServer{1} - Committed entries up to 29
00:15:14.092 [raft-server-1] TRACE i.a.p.raft.roles.LeaderAppender - RaftServer{1} - Received AppendResponse{status=OK, term=1, succeeded=true, lastLogIndex=29} from 3
00:15:14.092 [raft-server-1] TRACE i.a.p.raft.roles.LeaderAppender - RaftServer{1} - Sending AppendRequest{term=1, leader=1, prevLogIndex=29, prevLogTerm=1, entries=0, commitIndex=29} to 2
00:15:14.092 [raft-server-1] TRACE i.a.p.raft.roles.LeaderAppender - RaftServer{1} - Sending AppendRequest{term=1, leader=1, prevLogIndex=29, prevLogTerm=1, entries=0, commitIndex=29} to 3
00:15:14.092 [raft-server-2] TRACE i.a.p.raft.roles.FollowerRole - RaftServer{2}{role=FOLLOWER} - Received AppendRequest{term=1, leader=1, prevLogIndex=29, prevLogTerm=1, entries=0, commitIndex=29}
00:15:14.092 [raft-server-3] TRACE i.a.p.raft.roles.FollowerRole - RaftServer{3}{role=FOLLOWER} - Received AppendRequest{term=1, leader=1, prevLogIndex=29, prevLogTerm=1, entries=0, commitIndex=29}
00:15:14.092 [raft-server-1-state] TRACE i.a.p.raft.impl.RaftServiceManager - RaftServer{1} - Applying Indexed{index=29, entry=CommandEntry{term=1, timestamp=2018-06-11 12:15:14,035, session=2, sequence=24, operation=PrimitiveOperation{id=DefaultOperationId{id=write, type=COMMAND}, value=byte[]{length=17, hash=-1644578928}}}}
00:15:14.092 [raft-server-1-state] TRACE i.a.p.s.impl.DefaultServiceExecutor - PrimitiveService{2}{type=io.atomix.protocols.raft.RaftTest$TestPrimitiveType@5c91ef2b, name=raft-test} - Executing DefaultCommit{index=29, session=RaftSession{RaftServiceContext{server=1, type=io.atomix.protocols.raft.RaftTest$TestPrimitiveType@5c91ef2b, name=raft-test, id=2}, session=2, timestamp=2018-06-11 12:15:14,035}, time=2018-06-11 12:15:14,035, operation=DefaultOperationId{id=write, type=COMMAND}, value=byte[]{length=17, hash=-1644578928}}
00:15:14.093 [raft-server-1-state] TRACE i.a.protocols.raft.roles.LeaderRole - RaftServer{1}{role=LEADER} - Sending CommandResponse{status=OK, index=29, eventIndex=2, result=byte[]{length=2, hash=1298}}
00:15:14.142 [raft-server-2] TRACE i.a.p.raft.roles.FollowerRole - RaftServer{2}{role=FOLLOWER} - Committed entries up to index 29
00:15:14.142 [raft-server-3] TRACE i.a.p.raft.roles.FollowerRole - RaftServer{3}{role=FOLLOWER} - Committed entries up to index 29
00:15:14.142 [raft-server-2] TRACE i.a.p.raft.roles.FollowerRole - RaftServer{2}{role=FOLLOWER} - Sending AppendResponse{status=OK, term=1, succeeded=true, lastLogIndex=29}
00:15:14.142 [raft-server-3] TRACE i.a.p.raft.roles.FollowerRole - RaftServer{3}{role=FOLLOWER} - Sending AppendResponse{status=OK, term=1, succeeded=true, lastLogIndex=29}
00:15:14.142 [raft-server-1] TRACE i.a.p.raft.roles.LeaderAppender - RaftServer{1} - Received AppendResponse{status=OK, term=1, succeeded=true, lastLogIndex=29} from 2
00:15:14.142 [raft-server-3] TRACE i.a.p.raft.roles.FollowerRole - RaftServer{3}{role=FOLLOWER} - Sending CommandResponse{status=OK, index=29, eventIndex=2, result=byte[]{length=2, hash=1298}}
00:15:14.142 [raft-server-1] TRACE i.a.p.raft.roles.LeaderAppender - RaftServer{1} - Sending AppendRequest{term=1, leader=1, prevLogIndex=29, prevLogTerm=1, entries=0, commitIndex=29} to 2
00:15:14.142 [raft-server-2-state] TRACE i.a.p.raft.impl.RaftServiceManager - RaftServer{2} - Applying Indexed{index=29, entry=CommandEntry{term=1, timestamp=2018-06-11 12:15:14,035, session=2, sequence=24, operation=PrimitiveOperation{id=DefaultOperationId{id=write, type=COMMAND}, value=byte[]{length=17, hash=-1644578928}}}}
00:15:14.143 [raft-client-82530a18-bea6-4e53-b81d-3dd8c76650f9-4] TRACE i.a.p.r.s.impl.RaftSessionConnection - SessionClient{2}{type=io.atomix.protocols.raft.RaftTest$TestPrimitiveType@68b11545, name=raft-test} - Received CommandResponse{status=OK, index=29, eventIndex=2, result=byte[]{length=2, hash=1298}} from 3
00:15:14.143 [raft-server-2-state] TRACE i.a.p.s.impl.DefaultServiceExecutor - PrimitiveService{2}{type=io.atomix.protocols.raft.RaftTest$TestPrimitiveType@4f16731, name=raft-test} - Executing DefaultCommit{index=29, session=RaftSession{RaftServiceContext{server=2, type=io.atomix.protocols.raft.RaftTest$TestPrimitiveType@4f16731, name=raft-test, id=2}, session=2, timestamp=2018-06-11 12:15:14,035}, time=2018-06-11 12:15:14,035, operation=DefaultOperationId{id=write, type=COMMAND}, value=byte[]{length=17, hash=-1644578928}}
00:15:14.143 [raft-client-82530a18-bea6-4e53-b81d-3dd8c76650f9-4] TRACE i.a.p.r.s.impl.RaftSessionSequencer - SessionClient{2}{type=io.atomix.protocols.raft.RaftTest$TestPrimitiveType@68b11545, name=raft-test} - Completing response CommandResponse{status=OK, index=29, eventIndex=2, result=byte[]{length=2, hash=1298}}
00:15:14.143 [raft-server-3-state] TRACE i.a.p.raft.impl.RaftServiceManager - RaftServer{3} - Applying Indexed{index=29, entry=CommandEntry{term=1, timestamp=2018-06-11 12:15:14,035, session=2, sequence=24, operation=PrimitiveOperation{id=DefaultOperationId{id=write, type=COMMAND}, value=byte[]{length=17, hash=-1644578928}}}}
00:15:14.143 [raft-server-3-state] TRACE i.a.p.s.impl.DefaultServiceExecutor - PrimitiveService{2}{type=io.atomix.protocols.raft.RaftTest$TestPrimitiveType@3a1a32eb, name=raft-test} - Executing DefaultCommit{index=29, session=RaftSession{RaftServiceContext{server=3, type=io.atomix.protocols.raft.RaftTest$TestPrimitiveType@3a1a32eb, name=raft-test, id=2}, session=2, timestamp=2018-06-11 12:15:14,035}, time=2018-06-11 12:15:14,035, operation=DefaultOperationId{id=write, type=COMMAND}, value=byte[]{length=17, hash=-1644578928}}
00:15:14.143 [raft-server-1] TRACE i.a.p.raft.roles.LeaderAppender - RaftServer{1} - Received AppendResponse{status=OK, term=1, succeeded=true, lastLogIndex=29} from 3
00:15:14.143 [raft-server-2] TRACE i.a.p.raft.roles.FollowerRole - RaftServer{2}{role=FOLLOWER} - Received AppendRequest{term=1, leader=1, prevLogIndex=29, prevLogTerm=1, entries=0, commitIndex=29}
00:15:14.143 [raft-client-82530a18-bea6-4e53-b81d-3dd8c76650f9-3] TRACE i.a.p.r.s.impl.RaftSessionConnection - SessionClient{2}{type=io.atomix.protocols.raft.RaftTest$TestPrimitiveType@68b11545, name=raft-test} - Sending CommandRequest{session=2, sequence=25, operation=PrimitiveOperation{id=DefaultOperationId{id=write, type=COMMAND}, value=byte[]{length=17, hash=-1644578928}}} to 3
00:15:14.143 [raft-server-2] TRACE i.a.p.raft.roles.FollowerRole - RaftServer{2}{role=FOLLOWER} - Sending AppendResponse{status=OK, term=1, succeeded=true, lastLogIndex=29}
00:15:14.143 [raft-server-1] TRACE i.a.p.raft.roles.LeaderAppender - RaftServer{1} - Sending AppendRequest{term=1, leader=1, prevLogIndex=29, prevLogTerm=1, entries=0, commitIndex=29} to 3
00:15:14.143 [raft-server-3] TRACE i.a.p.raft.roles.FollowerRole - RaftServer{3}{role=FOLLOWER} - Received CommandRequest{session=2, sequence=25, operation=PrimitiveOperation{id=DefaultOperationId{id=write, type=COMMAND}, value=byte[]{length=17, hash=-1644578928}}}
00:15:14.143 [raft-server-1] TRACE i.a.p.raft.roles.LeaderAppender - RaftServer{1} - Received AppendResponse{status=OK, term=1, succeeded=true, lastLogIndex=29} from 2
00:15:14.143 [raft-server-3] TRACE i.a.p.raft.roles.FollowerRole - RaftServer{3}{role=FOLLOWER} - Received AppendRequest{term=1, leader=1, prevLogIndex=29, prevLogTerm=1, entries=0, commitIndex=29}
00:15:14.143 [raft-server-3] TRACE i.a.p.raft.roles.FollowerRole - RaftServer{3}{role=FOLLOWER} - Sending AppendResponse{status=OK, term=1, succeeded=true, lastLogIndex=29}
00:15:14.143 [raft-server-1] TRACE i.a.protocols.raft.roles.LeaderRole - RaftServer{1}{role=LEADER} - Received CommandRequest{session=2, sequence=25, operation=PrimitiveOperation{id=DefaultOperationId{id=write, type=COMMAND}, value=byte[]{length=17, hash=-1644578928}}}
00:15:14.144 [raft-server-1] TRACE i.a.protocols.raft.roles.LeaderRole - RaftServer{1}{role=LEADER} - Appended Indexed{index=30, entry=CommandEntry{term=1, timestamp=2018-06-11 12:15:14,143, session=2, sequence=25, operation=PrimitiveOperation{id=DefaultOperationId{id=write, type=COMMAND}, value=byte[]{length=17, hash=-1644578928}}}}
00:15:14.144 [raft-server-1] TRACE i.a.p.raft.roles.LeaderAppender - RaftServer{1} - Received AppendResponse{status=OK, term=1, succeeded=true, lastLogIndex=29} from 3
00:15:14.144 [raft-server-1] TRACE i.a.p.raft.roles.LeaderAppender - RaftServer{1} - Sending AppendRequest{term=1, leader=1, prevLogIndex=29, prevLogTerm=1, entries=1, commitIndex=29} to 3
00:15:14.144 [raft-server-3] TRACE i.a.p.raft.roles.FollowerRole - RaftServer{3}{role=FOLLOWER} - Received AppendRequest{term=1, leader=1, prevLogIndex=29, prevLogTerm=1, entries=1, commitIndex=29}
00:15:14.144 [raft-server-1] TRACE i.a.p.raft.roles.LeaderAppender - RaftServer{1} - Sending AppendRequest{term=1, leader=1, prevLogIndex=29, prevLogTerm=1, entries=1, commitIndex=29} to 2
00:15:14.144 [raft-server-2] TRACE i.a.p.raft.roles.FollowerRole - RaftServer{2}{role=FOLLOWER} - Received AppendRequest{term=1, leader=1, prevLogIndex=29, prevLogTerm=1, entries=1, commitIndex=29}
00:15:14.144 [raft-server-3] TRACE i.a.p.raft.roles.FollowerRole - RaftServer{3}{role=FOLLOWER} - Appended Indexed{index=30, entry=CommandEntry{term=1, timestamp=2018-06-11 12:15:14,143, session=2, sequence=25, operation=PrimitiveOperation{id=DefaultOperationId{id=write, type=COMMAND}, value=byte[]{length=17, hash=-1644578928}}}}
00:15:14.144 [raft-server-3] TRACE i.a.p.raft.roles.FollowerRole - RaftServer{3}{role=FOLLOWER} - Sending AppendResponse{status=OK, term=1, succeeded=true, lastLogIndex=30}
00:15:14.144 [raft-server-2] TRACE i.a.p.raft.roles.FollowerRole - RaftServer{2}{role=FOLLOWER} - Appended Indexed{index=30, entry=CommandEntry{term=1, timestamp=2018-06-11 12:15:14,143, session=2, sequence=25, operation=PrimitiveOperation{id=DefaultOperationId{id=write, type=COMMAND}, value=byte[]{length=17, hash=-1644578928}}}}
00:15:14.144 [raft-server-1] TRACE i.a.p.raft.roles.LeaderAppender - RaftServer{1} - Received AppendResponse{status=OK, term=1, succeeded=true, lastLogIndex=30} from 3
00:15:14.144 [raft-server-2] TRACE i.a.p.raft.roles.FollowerRole - RaftServer{2}{role=FOLLOWER} - Sending AppendResponse{status=OK, term=1, succeeded=true, lastLogIndex=30}
00:15:14.144 [raft-server-1] TRACE i.a.p.raft.roles.LeaderAppender - RaftServer{1} - Committed entries up to 30
00:15:14.192 [raft-server-1] TRACE i.a.p.raft.roles.LeaderAppender - RaftServer{1} - Received AppendResponse{status=OK, term=1, succeeded=true, lastLogIndex=30} from 2
00:15:14.192 [raft-server-1-state] TRACE i.a.p.raft.impl.RaftServiceManager - RaftServer{1} - Applying Indexed{index=30, entry=CommandEntry{term=1, timestamp=2018-06-11 12:15:14,143, session=2, sequence=25, operation=PrimitiveOperation{id=DefaultOperationId{id=write, type=COMMAND}, value=byte[]{length=17, hash=-1644578928}}}}
00:15:14.192 [raft-server-1-state] TRACE i.a.p.s.impl.DefaultServiceExecutor - PrimitiveService{2}{type=io.atomix.protocols.raft.RaftTest$TestPrimitiveType@5c91ef2b, name=raft-test} - Executing DefaultCommit{index=30, session=RaftSession{RaftServiceContext{server=1, type=io.atomix.protocols.raft.RaftTest$TestPrimitiveType@5c91ef2b, name=raft-test, id=2}, session=2, timestamp=2018-06-11 12:15:14,143}, time=2018-06-11 12:15:14,143, operation=DefaultOperationId{id=write, type=COMMAND}, value=byte[]{length=17, hash=-1644578928}}
00:15:14.192 [raft-server-1-state] TRACE i.a.protocols.raft.roles.LeaderRole - RaftServer{1}{role=LEADER} - Sending CommandResponse{status=OK, index=30, eventIndex=2, result=byte[]{length=2, hash=1300}}
00:15:14.193 [raft-server-3] TRACE i.a.p.raft.roles.FollowerRole - RaftServer{3}{role=FOLLOWER} - Sending CommandResponse{status=OK, index=30, eventIndex=2, result=byte[]{length=2, hash=1300}}
00:15:14.193 [raft-client-82530a18-bea6-4e53-b81d-3dd8c76650f9-5] TRACE i.a.p.r.s.impl.RaftSessionConnection - SessionClient{2}{type=io.atomix.protocols.raft.RaftTest$TestPrimitiveType@68b11545, name=raft-test} - Received CommandResponse{status=OK, index=30, eventIndex=2, result=byte[]{length=2, hash=1300}} from 3
00:15:14.193 [raft-client-82530a18-bea6-4e53-b81d-3dd8c76650f9-5] TRACE i.a.p.r.s.impl.RaftSessionSequencer - SessionClient{2}{type=io.atomix.protocols.raft.RaftTest$TestPrimitiveType@68b11545, name=raft-test} - Completing response CommandResponse{status=OK, index=30, eventIndex=2, result=byte[]{length=2, hash=1300}}
00:15:14.193 [raft-client-82530a18-bea6-4e53-b81d-3dd8c76650f9-7] TRACE i.a.p.r.s.impl.RaftSessionConnection - SessionClient{2}{type=io.atomix.protocols.raft.RaftTest$TestPrimitiveType@68b11545, name=raft-test} - Sending CommandRequest{session=2, sequence=26, operation=PrimitiveOperation{id=DefaultOperationId{id=write, type=COMMAND}, value=byte[]{length=17, hash=-1644578928}}} to 3
00:15:14.193 [raft-server-3] TRACE i.a.p.raft.roles.FollowerRole - RaftServer{3}{role=FOLLOWER} - Received CommandRequest{session=2, sequence=26, operation=PrimitiveOperation{id=DefaultOperationId{id=write, type=COMMAND}, value=byte[]{length=17, hash=-1644578928}}}
00:15:14.193 [raft-server-1] TRACE i.a.protocols.raft.roles.LeaderRole - RaftServer{1}{role=LEADER} - Received CommandRequest{session=2, sequence=26, operation=PrimitiveOperation{id=DefaultOperationId{id=write, type=COMMAND}, value=byte[]{length=17, hash=-1644578928}}}
00:15:14.250 [raft-server-1] DEBUG i.a.storage.journal.SegmentedJournal - Created disk segment: JournalSegment{id=4, version=1, index=31, size=64}
00:15:14.250 [raft-server-1] TRACE i.a.protocols.raft.roles.LeaderRole - RaftServer{1}{role=LEADER} - Appended Indexed{index=31, entry=CommandEntry{term=1, timestamp=2018-06-11 12:15:14,193, session=2, sequence=26, operation=PrimitiveOperation{id=DefaultOperationId{id=write, type=COMMAND}, value=byte[]{length=17, hash=-1644578928}}}}
00:15:14.251 [raft-server-1] TRACE i.a.p.raft.roles.LeaderAppender - RaftServer{1} - Sending AppendRequest{term=1, leader=1, prevLogIndex=30, prevLogTerm=1, entries=1, commitIndex=30} to 2
00:15:14.251 [raft-server-1] TRACE i.a.p.raft.roles.LeaderAppender - RaftServer{1} - Sending AppendRequest{term=1, leader=1, prevLogIndex=30, prevLogTerm=1, entries=1, commitIndex=30} to 3
00:15:14.251 [raft-server-3] TRACE i.a.p.raft.roles.FollowerRole - RaftServer{3}{role=FOLLOWER} - Received AppendRequest{term=1, leader=1, prevLogIndex=30, prevLogTerm=1, entries=1, commitIndex=30}
00:15:14.251 [raft-server-2] TRACE i.a.p.raft.roles.FollowerRole - RaftServer{2}{role=FOLLOWER} - Received AppendRequest{term=1, leader=1, prevLogIndex=30, prevLogTerm=1, entries=1, commitIndex=30}
00:15:14.317 [raft-server-3] DEBUG i.a.storage.journal.SegmentedJournal - Created disk segment: JournalSegment{id=4, version=1, index=31, size=64}
00:15:14.317 [raft-server-2] DEBUG i.a.storage.journal.SegmentedJournal - Created disk segment: JournalSegment{id=4, version=1, index=31, size=64}
00:15:14.317 [raft-server-3] TRACE i.a.p.raft.roles.FollowerRole - RaftServer{3}{role=FOLLOWER} - Appended Indexed{index=31, entry=CommandEntry{term=1, timestamp=2018-06-11 12:15:14,193, session=2, sequence=26, operation=PrimitiveOperation{id=DefaultOperationId{id=write, type=COMMAND}, value=byte[]{length=17, hash=-1644578928}}}}
00:15:14.317 [raft-server-2] TRACE i.a.p.raft.roles.FollowerRole - RaftServer{2}{role=FOLLOWER} - Appended Indexed{index=31, entry=CommandEntry{term=1, timestamp=2018-06-11 12:15:14,193, session=2, sequence=26, operation=PrimitiveOperation{id=DefaultOperationId{id=write, type=COMMAND}, value=byte[]{length=17, hash=-1644578928}}}}
00:15:14.349 [raft-server-2] TRACE i.a.p.raft.roles.FollowerRole - RaftServer{2}{role=FOLLOWER} - Committed entries up to index 30
00:15:14.349 [raft-server-3] TRACE i.a.p.raft.roles.FollowerRole - RaftServer{3}{role=FOLLOWER} - Committed entries up to index 30
00:15:14.349 [raft-server-2] TRACE i.a.p.raft.roles.FollowerRole - RaftServer{2}{role=FOLLOWER} - Sending AppendResponse{status=OK, term=1, succeeded=true, lastLogIndex=31}
00:15:14.349 [raft-server-3] TRACE i.a.p.raft.roles.FollowerRole - RaftServer{3}{role=FOLLOWER} - Sending AppendResponse{status=OK, term=1, succeeded=true, lastLogIndex=31}
00:15:14.349 [raft-server-1] TRACE i.a.p.raft.roles.LeaderAppender - RaftServer{1} - Received AppendResponse{status=OK, term=1, succeeded=true, lastLogIndex=31} from 2
00:15:14.349 [raft-server-2-state] TRACE i.a.p.raft.impl.RaftServiceManager - RaftServer{2} - Applying Indexed{index=30, entry=CommandEntry{term=1, timestamp=2018-06-11 12:15:14,143, session=2, sequence=25, operation=PrimitiveOperation{id=DefaultOperationId{id=write, type=COMMAND}, value=byte[]{length=17, hash=-1644578928}}}}
00:15:14.349 [raft-server-3-state] TRACE i.a.p.raft.impl.RaftServiceManager - RaftServer{3} - Applying Indexed{index=30, entry=CommandEntry{term=1, timestamp=2018-06-11 12:15:14,143, session=2, sequence=25, operation=PrimitiveOperation{id=DefaultOperationId{id=write, type=COMMAND}, value=byte[]{length=17, hash=-1644578928}}}}
00:15:14.349 [raft-server-1] TRACE i.a.p.raft.roles.LeaderAppender - RaftServer{1} - Committed entries up to 31
00:15:14.349 [raft-server-2-state] TRACE i.a.p.s.impl.DefaultServiceExecutor - PrimitiveService{2}{type=io.atomix.protocols.raft.RaftTest$TestPrimitiveType@4f16731, name=raft-test} - Executing DefaultCommit{index=30, session=RaftSession{RaftServiceContext{server=2, type=io.atomix.protocols.raft.RaftTest$TestPrimitiveType@4f16731, name=raft-test, id=2}, session=2, timestamp=2018-06-11 12:15:14,143}, time=2018-06-11 12:15:14,143, operation=DefaultOperationId{id=write, type=COMMAND}, value=byte[]{length=17, hash=-1644578928}}
00:15:14.349 [raft-server-3-state] TRACE i.a.p.s.impl.DefaultServiceExecutor - PrimitiveService{2}{type=io.atomix.protocols.raft.RaftTest$TestPrimitiveType@3a1a32eb, name=raft-test} - Executing DefaultCommit{index=30, session=RaftSession{RaftServiceContext{server=3, type=io.atomix.protocols.raft.RaftTest$TestPrimitiveType@3a1a32eb, name=raft-test, id=2}, session=2, timestamp=2018-06-11 12:15:14,143}, time=2018-06-11 12:15:14,143, operation=DefaultOperationId{id=write, type=COMMAND}, value=byte[]{length=17, hash=-1644578928}}
00:15:14.394 [raft-server-1] TRACE i.a.p.raft.roles.LeaderAppender - RaftServer{1} - Sending AppendRequest{term=1, leader=1, prevLogIndex=31, prevLogTerm=1, entries=0, commitIndex=31} to 2
00:15:14.394 [raft-server-2] TRACE i.a.p.raft.roles.FollowerRole - RaftServer{2}{role=FOLLOWER} - Received AppendRequest{term=1, leader=1, prevLogIndex=31, prevLogTerm=1, entries=0, commitIndex=31}
00:15:14.394 [raft-server-1] TRACE i.a.p.raft.roles.LeaderAppender - RaftServer{1} - Received AppendResponse{status=OK, term=1, succeeded=true, lastLogIndex=31} from 3
00:15:14.394 [raft-server-1] TRACE i.a.p.raft.roles.LeaderAppender - RaftServer{1} - Sending AppendRequest{term=1, leader=1, prevLogIndex=31, prevLogTerm=1, entries=0, commitIndex=31} to 3
00:15:14.395 [raft-server-3] TRACE i.a.p.raft.roles.FollowerRole - RaftServer{3}{role=FOLLOWER} - Received AppendRequest{term=1, leader=1, prevLogIndex=31, prevLogTerm=1, entries=0, commitIndex=31}
00:15:14.395 [raft-server-3] TRACE i.a.p.raft.roles.FollowerRole - RaftServer{3}{role=FOLLOWER} - Committed entries up to index 31
00:15:14.395 [raft-server-3] TRACE i.a.p.raft.roles.FollowerRole - RaftServer{3}{role=FOLLOWER} - Sending AppendResponse{status=OK, term=1, succeeded=true, lastLogIndex=31}
00:15:14.395 [raft-server-1] TRACE i.a.p.raft.roles.LeaderAppender - RaftServer{1} - Received AppendResponse{status=OK, term=1, succeeded=true, lastLogIndex=31} from 3
00:15:14.395 [raft-server-1-state] TRACE i.a.p.raft.impl.RaftServiceManager - RaftServer{1} - Applying Indexed{index=31, entry=CommandEntry{term=1, timestamp=2018-06-11 12:15:14,193, session=2, sequence=26, operation=PrimitiveOperation{id=DefaultOperationId{id=write, type=COMMAND}, value=byte[]{length=17, hash=-1644578928}}}}
00:15:14.395 [raft-server-3-state] TRACE i.a.p.raft.impl.RaftServiceManager - RaftServer{3} - Applying Indexed{index=31, entry=CommandEntry{term=1, timestamp=2018-06-11 12:15:14,193, session=2, sequence=26, operation=PrimitiveOperation{id=DefaultOperationId{id=write, type=COMMAND}, value=byte[]{length=17, hash=-1644578928}}}}
00:15:14.395 [raft-server-3-state] TRACE i.a.p.s.impl.DefaultServiceExecutor - PrimitiveService{2}{type=io.atomix.protocols.raft.RaftTest$TestPrimitiveType@3a1a32eb, name=raft-test} - Executing DefaultCommit{index=31, session=RaftSession{RaftServiceContext{server=3, type=io.atomix.protocols.raft.RaftTest$TestPrimitiveType@3a1a32eb, name=raft-test, id=2}, session=2, timestamp=2018-06-11 12:15:14,193}, time=2018-06-11 12:15:14,193, operation=DefaultOperationId{id=write, type=COMMAND}, value=byte[]{length=17, hash=-1644578928}}
00:15:14.395 [raft-server-1-state] TRACE i.a.p.s.impl.DefaultServiceExecutor - PrimitiveService{2}{type=io.atomix.protocols.raft.RaftTest$TestPrimitiveType@5c91ef2b, name=raft-test} - Executing DefaultCommit{index=31, session=RaftSession{RaftServiceContext{server=1, type=io.atomix.protocols.raft.RaftTest$TestPrimitiveType@5c91ef2b, name=raft-test, id=2}, session=2, timestamp=2018-06-11 12:15:14,193}, time=2018-06-11 12:15:14,193, operation=DefaultOperationId{id=write, type=COMMAND}, value=byte[]{length=17, hash=-1644578928}}
00:15:14.395 [raft-server-1-state] TRACE i.a.protocols.raft.roles.LeaderRole - RaftServer{1}{role=LEADER} - Sending CommandResponse{status=OK, index=31, eventIndex=2, result=byte[]{length=2, hash=1302}}
00:15:14.395 [raft-server-3] TRACE i.a.p.raft.roles.FollowerRole - RaftServer{3}{role=FOLLOWER} - Sending CommandResponse{status=OK, index=31, eventIndex=2, result=byte[]{length=2, hash=1302}}
00:15:14.395 [raft-client-82530a18-bea6-4e53-b81d-3dd8c76650f9-6] TRACE i.a.p.r.s.impl.RaftSessionConnection - SessionClient{2}{type=io.atomix.protocols.raft.RaftTest$TestPrimitiveType@68b11545, name=raft-test} - Received CommandResponse{status=OK, index=31, eventIndex=2, result=byte[]{length=2, hash=1302}} from 3
00:15:14.395 [raft-client-82530a18-bea6-4e53-b81d-3dd8c76650f9-6] TRACE i.a.p.r.s.impl.RaftSessionSequencer - SessionClient{2}{type=io.atomix.protocols.raft.RaftTest$TestPrimitiveType@68b11545, name=raft-test} - Completing response CommandResponse{status=OK, index=31, eventIndex=2, result=byte[]{length=2, hash=1302}}
00:15:14.395 [raft-client-82530a18-bea6-4e53-b81d-3dd8c76650f9-2] TRACE i.a.p.r.s.impl.RaftSessionConnection - SessionClient{2}{type=io.atomix.protocols.raft.RaftTest$TestPrimitiveType@68b11545, name=raft-test} - Sending CommandRequest{session=2, sequence=27, operation=PrimitiveOperation{id=DefaultOperationId{id=write, type=COMMAND}, value=byte[]{length=17, hash=-1644578928}}} to 3
00:15:14.395 [raft-server-3] TRACE i.a.p.raft.roles.FollowerRole - RaftServer{3}{role=FOLLOWER} - Received CommandRequest{session=2, sequence=27, operation=PrimitiveOperation{id=DefaultOperationId{id=write, type=COMMAND}, value=byte[]{length=17, hash=-1644578928}}}
00:15:14.395 [raft-server-1] TRACE i.a.protocols.raft.roles.LeaderRole - RaftServer{1}{role=LEADER} - Received CommandRequest{session=2, sequence=27, operation=PrimitiveOperation{id=DefaultOperationId{id=write, type=COMMAND}, value=byte[]{length=17, hash=-1644578928}}}
00:15:14.395 [raft-server-1] TRACE i.a.protocols.raft.roles.LeaderRole - RaftServer{1}{role=LEADER} - Appended Indexed{index=32, entry=CommandEntry{term=1, timestamp=2018-06-11 12:15:14,395, session=2, sequence=27, operation=PrimitiveOperation{id=DefaultOperationId{id=write, type=COMMAND}, value=byte[]{length=17, hash=-1644578928}}}}
00:15:14.396 [raft-server-1] TRACE i.a.p.raft.roles.LeaderAppender - RaftServer{1} - Sending AppendRequest{term=1, leader=1, prevLogIndex=31, prevLogTerm=1, entries=1, commitIndex=31} to 3
00:15:14.396 [raft-server-3] TRACE i.a.p.raft.roles.FollowerRole - RaftServer{3}{role=FOLLOWER} - Received AppendRequest{term=1, leader=1, prevLogIndex=31, prevLogTerm=1, entries=1, commitIndex=31}
00:15:14.396 [raft-server-3] TRACE i.a.p.raft.roles.FollowerRole - RaftServer{3}{role=FOLLOWER} - Appended Indexed{index=32, entry=CommandEntry{term=1, timestamp=2018-06-11 12:15:14,395, session=2, sequence=27, operation=PrimitiveOperation{id=DefaultOperationId{id=write, type=COMMAND}, value=byte[]{length=17, hash=-1644578928}}}}
00:15:14.396 [raft-server-3] TRACE i.a.p.raft.roles.FollowerRole - RaftServer{3}{role=FOLLOWER} - Sending AppendResponse{status=OK, term=1, succeeded=true, lastLogIndex=32}
00:15:14.396 [raft-server-1] TRACE i.a.p.raft.roles.LeaderAppender - RaftServer{1} - Received AppendResponse{status=OK, term=1, succeeded=true, lastLogIndex=32} from 3
00:15:14.396 [raft-server-1] TRACE i.a.p.raft.roles.LeaderAppender - RaftServer{1} - Committed entries up to 32
00:15:14.460 [raft-server-2] TRACE i.a.p.raft.roles.FollowerRole - RaftServer{2}{role=FOLLOWER} - Committed entries up to index 31
00:15:14.460 [raft-server-2] TRACE i.a.p.raft.roles.FollowerRole - RaftServer{2}{role=FOLLOWER} - Sending AppendResponse{status=OK, term=1, succeeded=true, lastLogIndex=31}
00:15:14.460 [raft-server-2-state] TRACE i.a.p.raft.impl.RaftServiceManager - RaftServer{2} - Applying Indexed{index=31, entry=CommandEntry{term=1, timestamp=2018-06-11 12:15:14,193, session=2, sequence=26, operation=PrimitiveOperation{id=DefaultOperationId{id=write, type=COMMAND}, value=byte[]{length=17, hash=-1644578928}}}}
00:15:14.460 [raft-server-2-state] TRACE i.a.p.s.impl.DefaultServiceExecutor - PrimitiveService{2}{type=io.atomix.protocols.raft.RaftTest$TestPrimitiveType@4f16731, name=raft-test} - Executing DefaultCommit{index=31, session=RaftSession{RaftServiceContext{server=2, type=io.atomix.protocols.raft.RaftTest$TestPrimitiveType@4f16731, name=raft-test, id=2}, session=2, timestamp=2018-06-11 12:15:14,193}, time=2018-06-11 12:15:14,193, operation=DefaultOperationId{id=write, type=COMMAND}, value=byte[]{length=17, hash=-1644578928}}
00:15:14.518 [raft-server-1] TRACE i.a.p.raft.roles.LeaderAppender - RaftServer{1} - Received AppendResponse{status=OK, term=1, succeeded=true, lastLogIndex=31} from 2
00:15:14.518 [raft-server-1] TRACE i.a.p.raft.roles.LeaderAppender - RaftServer{1} - Sending AppendRequest{term=1, leader=1, prevLogIndex=31, prevLogTerm=1, entries=1, commitIndex=32} to 2
00:15:14.518 [raft-server-2] TRACE i.a.p.raft.roles.FollowerRole - RaftServer{2}{role=FOLLOWER} - Received AppendRequest{term=1, leader=1, prevLogIndex=31, prevLogTerm=1, entries=1, commitIndex=32}
00:15:14.518 [raft-server-1-state] TRACE i.a.p.raft.impl.RaftServiceManager - RaftServer{1} - Applying Indexed{index=32, entry=CommandEntry{term=1, timestamp=2018-06-11 12:15:14,395, session=2, sequence=27, operation=PrimitiveOperation{id=DefaultOperationId{id=write, type=COMMAND}, value=byte[]{length=17, hash=-1644578928}}}}
00:15:14.518 [raft-server-1-state] TRACE i.a.p.s.impl.DefaultServiceExecutor - PrimitiveService{2}{type=io.atomix.protocols.raft.RaftTest$TestPrimitiveType@5c91ef2b, name=raft-test} - Executing DefaultCommit{index=32, session=RaftSession{RaftServiceContext{server=1, type=io.atomix.protocols.raft.RaftTest$TestPrimitiveType@5c91ef2b, name=raft-test, id=2}, session=2, timestamp=2018-06-11 12:15:14,395}, time=2018-06-11 12:15:14,395, operation=DefaultOperationId{id=write, type=COMMAND}, value=byte[]{length=17, hash=-1644578928}}
00:15:14.518 [raft-server-2] TRACE i.a.p.raft.roles.FollowerRole - RaftServer{2}{role=FOLLOWER} - Appended Indexed{index=32, entry=CommandEntry{term=1, timestamp=2018-06-11 12:15:14,395, session=2, sequence=27, operation=PrimitiveOperation{id=DefaultOperationId{id=write, type=COMMAND}, value=byte[]{length=17, hash=-1644578928}}}}
00:15:14.519 [raft-server-1-state] TRACE i.a.protocols.raft.roles.LeaderRole - RaftServer{1}{role=LEADER} - Sending CommandResponse{status=OK, index=32, eventIndex=2, result=byte[]{length=2, hash=1304}}
00:15:14.519 [raft-server-3] TRACE i.a.p.raft.roles.FollowerRole - RaftServer{3}{role=FOLLOWER} - Sending CommandResponse{status=OK, index=32, eventIndex=2, result=byte[]{length=2, hash=1304}}
00:15:14.519 [raft-client-82530a18-bea6-4e53-b81d-3dd8c76650f9-4] TRACE i.a.p.r.s.impl.RaftSessionConnection - SessionClient{2}{type=io.atomix.protocols.raft.RaftTest$TestPrimitiveType@68b11545, name=raft-test} - Received CommandResponse{status=OK, index=32, eventIndex=2, result=byte[]{length=2, hash=1304}} from 3
00:15:14.519 [raft-client-82530a18-bea6-4e53-b81d-3dd8c76650f9-4] TRACE i.a.p.r.s.impl.RaftSessionSequencer - SessionClient{2}{type=io.atomix.protocols.raft.RaftTest$TestPrimitiveType@68b11545, name=raft-test} - Completing response CommandResponse{status=OK, index=32, eventIndex=2, result=byte[]{length=2, hash=1304}}
00:15:14.519 [raft-client-82530a18-bea6-4e53-b81d-3dd8c76650f9-1] TRACE i.a.p.r.s.impl.RaftSessionConnection - SessionClient{2}{type=io.atomix.protocols.raft.RaftTest$TestPrimitiveType@68b11545, name=raft-test} - Sending CommandRequest{session=2, sequence=28, operation=PrimitiveOperation{id=DefaultOperationId{id=write, type=COMMAND}, value=byte[]{length=17, hash=-1644578928}}} to 3
00:15:14.519 [raft-server-3] TRACE i.a.p.raft.roles.FollowerRole - RaftServer{3}{role=FOLLOWER} - Received CommandRequest{session=2, sequence=28, operation=PrimitiveOperation{id=DefaultOperationId{id=write, type=COMMAND}, value=byte[]{length=17, hash=-1644578928}}}
00:15:14.519 [raft-server-1] TRACE i.a.protocols.raft.roles.LeaderRole - RaftServer{1}{role=LEADER} - Received CommandRequest{session=2, sequence=28, operation=PrimitiveOperation{id=DefaultOperationId{id=write, type=COMMAND}, value=byte[]{length=17, hash=-1644578928}}}
00:15:14.519 [raft-server-1] TRACE i.a.protocols.raft.roles.LeaderRole - RaftServer{1}{role=LEADER} - Appended Indexed{index=33, entry=CommandEntry{term=1, timestamp=2018-06-11 12:15:14,519, session=2, sequence=28, operation=PrimitiveOperation{id=DefaultOperationId{id=write, type=COMMAND}, value=byte[]{length=17, hash=-1644578928}}}}
00:15:14.519 [raft-server-1] TRACE i.a.p.raft.roles.LeaderAppender - RaftServer{1} - Sending AppendRequest{term=1, leader=1, prevLogIndex=32, prevLogTerm=1, entries=1, commitIndex=32} to 3
00:15:14.519 [raft-server-3] TRACE i.a.p.raft.roles.FollowerRole - RaftServer{3}{role=FOLLOWER} - Received AppendRequest{term=1, leader=1, prevLogIndex=32, prevLogTerm=1, entries=1, commitIndex=32}
00:15:14.519 [raft-server-3] TRACE i.a.p.raft.roles.FollowerRole - RaftServer{3}{role=FOLLOWER} - Appended Indexed{index=33, entry=CommandEntry{term=1, timestamp=2018-06-11 12:15:14,519, session=2, sequence=28, operation=PrimitiveOperation{id=DefaultOperationId{id=write, type=COMMAND}, value=byte[]{length=17, hash=-1644578928}}}}
00:15:14.544 [raft-server-1] TRACE i.a.p.raft.roles.LeaderAppender - RaftServer{1} - Sending AppendRequest{term=1, leader=1, prevLogIndex=32, prevLogTerm=1, entries=1, commitIndex=32} to 2
00:15:14.567 [raft-server-3] TRACE i.a.p.raft.roles.FollowerRole - RaftServer{3}{role=FOLLOWER} - Committed entries up to index 32
00:15:14.567 [raft-server-3] TRACE i.a.p.raft.roles.FollowerRole - RaftServer{3}{role=FOLLOWER} - Sending AppendResponse{status=OK, term=1, succeeded=true, lastLogIndex=33}
00:15:14.567 [raft-server-2] TRACE i.a.p.raft.roles.FollowerRole - RaftServer{2}{role=FOLLOWER} - Committed entries up to index 32
00:15:14.567 [raft-server-2] TRACE i.a.p.raft.roles.FollowerRole - RaftServer{2}{role=FOLLOWER} - Sending AppendResponse{status=OK, term=1, succeeded=true, lastLogIndex=32}
00:15:14.567 [raft-server-2] TRACE i.a.p.raft.roles.FollowerRole - RaftServer{2}{role=FOLLOWER} - Received AppendRequest{term=1, leader=1, prevLogIndex=32, prevLogTerm=1, entries=1, commitIndex=32}
00:15:14.567 [raft-server-1] TRACE i.a.p.raft.roles.LeaderAppender - RaftServer{1} - Received AppendResponse{status=OK, term=1, succeeded=true, lastLogIndex=33} from 3
00:15:14.567 [raft-server-1] TRACE i.a.p.raft.roles.LeaderAppender - RaftServer{1} - Committed entries up to 33
00:15:14.567 [raft-server-3-state] TRACE i.a.p.raft.impl.RaftServiceManager - RaftServer{3} - Applying Indexed{index=32, entry=CommandEntry{term=1, timestamp=2018-06-11 12:15:14,395, session=2, sequence=27, operation=PrimitiveOperation{id=DefaultOperationId{id=write, type=COMMAND}, value=byte[]{length=17, hash=-1644578928}}}}
00:15:14.567 [raft-server-2] TRACE i.a.p.raft.roles.FollowerRole - RaftServer{2}{role=FOLLOWER} - Appended Indexed{index=33, entry=CommandEntry{term=1, timestamp=2018-06-11 12:15:14,519, session=2, sequence=28, operation=PrimitiveOperation{id=DefaultOperationId{id=write, type=COMMAND}, value=byte[]{length=17, hash=-1644578928}}}}
00:15:14.567 [raft-server-2] TRACE i.a.p.raft.roles.FollowerRole - RaftServer{2}{role=FOLLOWER} - Sending AppendResponse{status=OK, term=1, succeeded=true, lastLogIndex=33}
00:15:14.567 [raft-server-3-state] TRACE i.a.p.s.impl.DefaultServiceExecutor - PrimitiveService{2}{type=io.atomix.protocols.raft.RaftTest$TestPrimitiveType@3a1a32eb, name=raft-test} - Executing DefaultCommit{index=32, session=RaftSession{RaftServiceContext{server=3, type=io.atomix.protocols.raft.RaftTest$TestPrimitiveType@3a1a32eb, name=raft-test, id=2}, session=2, timestamp=2018-06-11 12:15:14,395}, time=2018-06-11 12:15:14,395, operation=DefaultOperationId{id=write, type=COMMAND}, value=byte[]{length=17, hash=-1644578928}}
00:15:14.567 [raft-server-2-state] TRACE i.a.p.raft.impl.RaftServiceManager - RaftServer{2} - Applying Indexed{index=32, entry=CommandEntry{term=1, timestamp=2018-06-11 12:15:14,395, session=2, sequence=27, operation=PrimitiveOperation{id=DefaultOperationId{id=write, type=COMMAND}, value=byte[]{length=17, hash=-1644578928}}}}
00:15:14.567 [raft-server-2-state] TRACE i.a.p.s.impl.DefaultServiceExecutor - PrimitiveService{2}{type=io.atomix.protocols.raft.RaftTest$TestPrimitiveType@4f16731, name=raft-test} - Executing DefaultCommit{index=32, session=RaftSession{RaftServiceContext{server=2, type=io.atomix.protocols.raft.RaftTest$TestPrimitiveType@4f16731, name=raft-test, id=2}, session=2, timestamp=2018-06-11 12:15:14,395}, time=2018-06-11 12:15:14,395, operation=DefaultOperationId{id=write, type=COMMAND}, value=byte[]{length=17, hash=-1644578928}}
00:15:14.627 [raft-server-1] TRACE i.a.p.raft.roles.LeaderAppender - RaftServer{1} - Sending AppendRequest{term=1, leader=1, prevLogIndex=33, prevLogTerm=1, entries=0, commitIndex=33} to 3
00:15:14.627 [raft-server-1] TRACE i.a.p.raft.roles.LeaderAppender - RaftServer{1} - Received AppendResponse{status=OK, term=1, succeeded=true, lastLogIndex=32} from 2
00:15:14.627 [raft-server-3] TRACE i.a.p.raft.roles.FollowerRole - RaftServer{3}{role=FOLLOWER} - Received AppendRequest{term=1, leader=1, prevLogIndex=33, prevLogTerm=1, entries=0, commitIndex=33}
00:15:14.627 [raft-server-1] TRACE i.a.p.raft.roles.LeaderAppender - RaftServer{1} - Received AppendResponse{status=OK, term=1, succeeded=true, lastLogIndex=33} from 2
00:15:14.627 [raft-server-1] TRACE i.a.p.raft.roles.LeaderAppender - RaftServer{1} - Sending AppendRequest{term=1, leader=1, prevLogIndex=33, prevLogTerm=1, entries=0, commitIndex=33} to 2
00:15:14.627 [raft-server-2] TRACE i.a.p.raft.roles.FollowerRole - RaftServer{2}{role=FOLLOWER} - Received AppendRequest{term=1, leader=1, prevLogIndex=33, prevLogTerm=1, entries=0, commitIndex=33}
00:15:14.627 [raft-server-1-state] TRACE i.a.p.raft.impl.RaftServiceManager - RaftServer{1} - Applying Indexed{index=33, entry=CommandEntry{term=1, timestamp=2018-06-11 12:15:14,519, session=2, sequence=28, operation=PrimitiveOperation{id=DefaultOperationId{id=write, type=COMMAND}, value=byte[]{length=17, hash=-1644578928}}}}
00:15:14.627 [raft-server-1-state] TRACE i.a.p.s.impl.DefaultServiceExecutor - PrimitiveService{2}{type=io.atomix.protocols.raft.RaftTest$TestPrimitiveType@5c91ef2b, name=raft-test} - Executing DefaultCommit{index=33, session=RaftSession{RaftServiceContext{server=1, type=io.atomix.protocols.raft.RaftTest$TestPrimitiveType@5c91ef2b, name=raft-test, id=2}, session=2, timestamp=2018-06-11 12:15:14,519}, time=2018-06-11 12:15:14,519, operation=DefaultOperationId{id=write, type=COMMAND}, value=byte[]{length=17, hash=-1644578928}}
00:15:14.627 [raft-server-1-state] TRACE i.a.protocols.raft.roles.LeaderRole - RaftServer{1}{role=LEADER} - Sending CommandResponse{status=OK, index=33, eventIndex=2, result=byte[]{length=2, hash=1306}}
00:15:14.709 [raft-server-3] TRACE i.a.p.raft.roles.FollowerRole - RaftServer{3}{role=FOLLOWER} - Committed entries up to index 33
00:15:14.709 [raft-server-3] TRACE i.a.p.raft.roles.FollowerRole - RaftServer{3}{role=FOLLOWER} - Sending AppendResponse{status=OK, term=1, succeeded=true, lastLogIndex=33}
00:15:14.709 [raft-server-1] TRACE i.a.p.raft.roles.LeaderAppender - RaftServer{1} - Received AppendResponse{status=OK, term=1, succeeded=true, lastLogIndex=33} from 3
00:15:14.709 [raft-server-3] TRACE i.a.p.raft.roles.FollowerRole - RaftServer{3}{role=FOLLOWER} - Sending CommandResponse{status=OK, index=33, eventIndex=2, result=byte[]{length=2, hash=1306}}
00:15:14.709 [raft-client-82530a18-bea6-4e53-b81d-3dd8c76650f9-5] TRACE i.a.p.r.s.impl.RaftSessionConnection - SessionClient{2}{type=io.atomix.protocols.raft.RaftTest$TestPrimitiveType@68b11545, name=raft-test} - Received CommandResponse{status=OK, index=33, eventIndex=2, result=byte[]{length=2, hash=1306}} from 3
00:15:14.709 [raft-client-82530a18-bea6-4e53-b81d-3dd8c76650f9-5] TRACE i.a.p.r.s.impl.RaftSessionSequencer - SessionClient{2}{type=io.atomix.protocols.raft.RaftTest$TestPrimitiveType@68b11545, name=raft-test} - Completing response CommandResponse{status=OK, index=33, eventIndex=2, result=byte[]{length=2, hash=1306}}
00:15:14.709 [raft-server-3-state] TRACE i.a.p.raft.impl.RaftServiceManager - RaftServer{3} - Applying Indexed{index=33, entry=CommandEntry{term=1, timestamp=2018-06-11 12:15:14,519, session=2, sequence=28, operation=PrimitiveOperation{id=DefaultOperationId{id=write, type=COMMAND}, value=byte[]{length=17, hash=-1644578928}}}}
00:15:14.709 [raft-server-3-state] TRACE i.a.p.s.impl.DefaultServiceExecutor - PrimitiveService{2}{type=io.atomix.protocols.raft.RaftTest$TestPrimitiveType@3a1a32eb, name=raft-test} - Executing DefaultCommit{index=33, session=RaftSession{RaftServiceContext{server=3, type=io.atomix.protocols.raft.RaftTest$TestPrimitiveType@3a1a32eb, name=raft-test, id=2}, session=2, timestamp=2018-06-11 12:15:14,519}, time=2018-06-11 12:15:14,519, operation=DefaultOperationId{id=write, type=COMMAND}, value=byte[]{length=17, hash=-1644578928}}
00:15:14.709 [raft-client-82530a18-bea6-4e53-b81d-3dd8c76650f9-0] TRACE i.a.p.r.s.impl.RaftSessionConnection - SessionClient{2}{type=io.atomix.protocols.raft.RaftTest$TestPrimitiveType@68b11545, name=raft-test} - Sending CommandRequest{session=2, sequence=29, operation=PrimitiveOperation{id=DefaultOperationId{id=write, type=COMMAND}, value=byte[]{length=17, hash=-1644578928}}} to 3
00:15:14.709 [raft-server-3] TRACE i.a.p.raft.roles.FollowerRole - RaftServer{3}{role=FOLLOWER} - Received CommandRequest{session=2, sequence=29, operation=PrimitiveOperation{id=DefaultOperationId{id=write, type=COMMAND}, value=byte[]{length=17, hash=-1644578928}}}
00:15:14.709 [raft-server-1] TRACE i.a.protocols.raft.roles.LeaderRole - RaftServer{1}{role=LEADER} - Received CommandRequest{session=2, sequence=29, operation=PrimitiveOperation{id=DefaultOperationId{id=write, type=COMMAND}, value=byte[]{length=17, hash=-1644578928}}}
00:15:14.709 [raft-server-1] TRACE i.a.protocols.raft.roles.LeaderRole - RaftServer{1}{role=LEADER} - Appended Indexed{index=34, entry=CommandEntry{term=1, timestamp=2018-06-11 12:15:14,709, session=2, sequence=29, operation=PrimitiveOperation{id=DefaultOperationId{id=write, type=COMMAND}, value=byte[]{length=17, hash=-1644578928}}}}
00:15:14.709 [raft-server-1] TRACE i.a.p.raft.roles.LeaderAppender - RaftServer{1} - Sending AppendRequest{term=1, leader=1, prevLogIndex=33, prevLogTerm=1, entries=1, commitIndex=33} to 2
00:15:14.709 [raft-server-1] TRACE i.a.p.raft.roles.LeaderAppender - RaftServer{1} - Sending AppendRequest{term=1, leader=1, prevLogIndex=33, prevLogTerm=1, entries=1, commitIndex=33} to 3
00:15:14.709 [raft-server-3] TRACE i.a.p.raft.roles.FollowerRole - RaftServer{3}{role=FOLLOWER} - Received AppendRequest{term=1, leader=1, prevLogIndex=33, prevLogTerm=1, entries=1, commitIndex=33}
00:15:14.710 [raft-server-3] TRACE i.a.p.raft.roles.FollowerRole - RaftServer{3}{role=FOLLOWER} - Appended Indexed{index=34, entry=CommandEntry{term=1, timestamp=2018-06-11 12:15:14,709, session=2, sequence=29, operation=PrimitiveOperation{id=DefaultOperationId{id=write, type=COMMAND}, value=byte[]{length=17, hash=-1644578928}}}}
00:15:14.710 [raft-server-3] TRACE i.a.p.raft.roles.FollowerRole - RaftServer{3}{role=FOLLOWER} - Sending AppendResponse{status=OK, term=1, succeeded=true, lastLogIndex=34}
00:15:14.710 [raft-server-1] TRACE i.a.p.raft.roles.LeaderAppender - RaftServer{1} - Received AppendResponse{status=OK, term=1, succeeded=true, lastLogIndex=34} from 3
00:15:14.710 [raft-server-1] TRACE i.a.p.raft.roles.LeaderAppender - RaftServer{1} - Committed entries up to 34
00:15:14.768 [raft-server-2] TRACE i.a.p.raft.roles.FollowerRole - RaftServer{2}{role=FOLLOWER} - Committed entries up to index 33
00:15:14.768 [raft-server-2] TRACE i.a.p.raft.roles.FollowerRole - RaftServer{2}{role=FOLLOWER} - Sending AppendResponse{status=OK, term=1, succeeded=true, lastLogIndex=33}
00:15:14.768 [raft-server-2] TRACE i.a.p.raft.roles.FollowerRole - RaftServer{2}{role=FOLLOWER} - Received AppendRequest{term=1, leader=1, prevLogIndex=33, prevLogTerm=1, entries=1, commitIndex=33}
00:15:14.768 [raft-server-2] TRACE i.a.p.raft.roles.FollowerRole - RaftServer{2}{role=FOLLOWER} - Appended Indexed{index=34, entry=CommandEntry{term=1, timestamp=2018-06-11 12:15:14,709, session=2, sequence=29, operation=PrimitiveOperation{id=DefaultOperationId{id=write, type=COMMAND}, value=byte[]{length=17, hash=-1644578928}}}}
00:15:14.768 [raft-server-2] TRACE i.a.p.raft.roles.FollowerRole - RaftServer{2}{role=FOLLOWER} - Sending AppendResponse{status=OK, term=1, succeeded=true, lastLogIndex=34}
00:15:14.769 [raft-server-2-state] TRACE i.a.p.raft.impl.RaftServiceManager - RaftServer{2} - Applying Indexed{index=33, entry=CommandEntry{term=1, timestamp=2018-06-11 12:15:14,519, session=2, sequence=28, operation=PrimitiveOperation{id=DefaultOperationId{id=write, type=COMMAND}, value=byte[]{length=17, hash=-1644578928}}}}
00:15:14.769 [raft-server-2-state] TRACE i.a.p.s.impl.DefaultServiceExecutor - PrimitiveService{2}{type=io.atomix.protocols.raft.RaftTest$TestPrimitiveType@4f16731, name=raft-test} - Executing DefaultCommit{index=33, session=RaftSession{RaftServiceContext{server=2, type=io.atomix.protocols.raft.RaftTest$TestPrimitiveType@4f16731, name=raft-test, id=2}, session=2, timestamp=2018-06-11 12:15:14,519}, time=2018-06-11 12:15:14,519, operation=DefaultOperationId{id=write, type=COMMAND}, value=byte[]{length=17, hash=-1644578928}}
00:15:14.818 [raft-server-1] TRACE i.a.p.raft.roles.LeaderAppender - RaftServer{1} - Received AppendResponse{status=OK, term=1, succeeded=true, lastLogIndex=33} from 2
00:15:14.818 [raft-server-1] TRACE i.a.p.raft.roles.LeaderAppender - RaftServer{1} - Received AppendResponse{status=OK, term=1, succeeded=true, lastLogIndex=34} from 2
00:15:14.818 [raft-server-1] TRACE i.a.p.raft.roles.LeaderAppender - RaftServer{1} - Sending AppendRequest{term=1, leader=1, prevLogIndex=34, prevLogTerm=1, entries=0, commitIndex=34} to 2
00:15:14.818 [raft-server-1] TRACE i.a.p.raft.roles.LeaderAppender - RaftServer{1} - Sending AppendRequest{term=1, leader=1, prevLogIndex=34, prevLogTerm=1, entries=0, commitIndex=34} to 3
00:15:14.818 [raft-server-2] TRACE i.a.p.raft.roles.FollowerRole - RaftServer{2}{role=FOLLOWER} - Received AppendRequest{term=1, leader=1, prevLogIndex=34, prevLogTerm=1, entries=0, commitIndex=34}
00:15:14.818 [raft-server-3] TRACE i.a.p.raft.roles.FollowerRole - RaftServer{3}{role=FOLLOWER} - Received AppendRequest{term=1, leader=1, prevLogIndex=34, prevLogTerm=1, entries=0, commitIndex=34}
00:15:14.818 [raft-server-1-state] TRACE i.a.p.raft.impl.RaftServiceManager - RaftServer{1} - Applying Indexed{index=34, entry=CommandEntry{term=1, timestamp=2018-06-11 12:15:14,709, session=2, sequence=29, operation=PrimitiveOperation{id=DefaultOperationId{id=write, type=COMMAND}, value=byte[]{length=17, hash=-1644578928}}}}
00:15:14.819 [raft-server-1-state] TRACE i.a.p.s.impl.DefaultServiceExecutor - PrimitiveService{2}{type=io.atomix.protocols.raft.RaftTest$TestPrimitiveType@5c91ef2b, name=raft-test} - Executing DefaultCommit{index=34, session=RaftSession{RaftServiceContext{server=1, type=io.atomix.protocols.raft.RaftTest$TestPrimitiveType@5c91ef2b, name=raft-test, id=2}, session=2, timestamp=2018-06-11 12:15:14,709}, time=2018-06-11 12:15:14,709, operation=DefaultOperationId{id=write, type=COMMAND}, value=byte[]{length=17, hash=-1644578928}}
00:15:14.819 [raft-server-1-state] TRACE i.a.protocols.raft.roles.LeaderRole - RaftServer{1}{role=LEADER} - Sending CommandResponse{status=OK, index=34, eventIndex=2, result=byte[]{length=2, hash=1308}}
00:15:14.884 [raft-server-3] TRACE i.a.p.raft.roles.FollowerRole - RaftServer{3}{role=FOLLOWER} - Committed entries up to index 34
00:15:14.884 [raft-server-2] TRACE i.a.p.raft.roles.FollowerRole - RaftServer{2}{role=FOLLOWER} - Committed entries up to index 34
00:15:14.884 [raft-server-3] TRACE i.a.p.raft.roles.FollowerRole - RaftServer{3}{role=FOLLOWER} - Sending AppendResponse{status=OK, term=1, succeeded=true, lastLogIndex=34}
00:15:14.884 [raft-server-2] TRACE i.a.p.raft.roles.FollowerRole - RaftServer{2}{role=FOLLOWER} - Sending AppendResponse{status=OK, term=1, succeeded=true, lastLogIndex=34}
00:15:14.884 [raft-server-1] TRACE i.a.p.raft.roles.LeaderAppender - RaftServer{1} - Received AppendResponse{status=OK, term=1, succeeded=true, lastLogIndex=34} from 3
00:15:14.884 [raft-server-3] TRACE i.a.p.raft.roles.FollowerRole - RaftServer{3}{role=FOLLOWER} - Sending CommandResponse{status=OK, index=34, eventIndex=2, result=byte[]{length=2, hash=1308}}
00:15:14.884 [raft-server-1] TRACE i.a.p.raft.roles.LeaderAppender - RaftServer{1} - Sending AppendRequest{term=1, leader=1, prevLogIndex=34, prevLogTerm=1, entries=0, commitIndex=34} to 3
00:15:14.884 [raft-server-2-state] TRACE i.a.p.raft.impl.RaftServiceManager - RaftServer{2} - Applying Indexed{index=34, entry=CommandEntry{term=1, timestamp=2018-06-11 12:15:14,709, session=2, sequence=29, operation=PrimitiveOperation{id=DefaultOperationId{id=write, type=COMMAND}, value=byte[]{length=17, hash=-1644578928}}}}
00:15:14.884 [raft-server-1] TRACE i.a.p.raft.roles.LeaderAppender - RaftServer{1} - Received AppendResponse{status=OK, term=1, succeeded=true, lastLogIndex=34} from 2
00:15:14.884 [raft-client-82530a18-bea6-4e53-b81d-3dd8c76650f9-6] TRACE i.a.p.r.s.impl.RaftSessionConnection - SessionClient{2}{type=io.atomix.protocols.raft.RaftTest$TestPrimitiveType@68b11545, name=raft-test} - Received CommandResponse{status=OK, index=34, eventIndex=2, result=byte[]{length=2, hash=1308}} from 3
00:15:14.884 [raft-server-3-state] TRACE i.a.p.raft.impl.RaftServiceManager - RaftServer{3} - Applying Indexed{index=34, entry=CommandEntry{term=1, timestamp=2018-06-11 12:15:14,709, session=2, sequence=29, operation=PrimitiveOperation{id=DefaultOperationId{id=write, type=COMMAND}, value=byte[]{length=17, hash=-1644578928}}}}
00:15:14.884 [raft-server-3] TRACE i.a.p.raft.roles.FollowerRole - RaftServer{3}{role=FOLLOWER} - Received AppendRequest{term=1, leader=1, prevLogIndex=34, prevLogTerm=1, entries=0, commitIndex=34}
00:15:14.884 [raft-server-2-state] TRACE i.a.p.s.impl.DefaultServiceExecutor - PrimitiveService{2}{type=io.atomix.protocols.raft.RaftTest$TestPrimitiveType@4f16731, name=raft-test} - Executing DefaultCommit{index=34, session=RaftSession{RaftServiceContext{server=2, type=io.atomix.protocols.raft.RaftTest$TestPrimitiveType@4f16731, name=raft-test, id=2}, session=2, timestamp=2018-06-11 12:15:14,709}, time=2018-06-11 12:15:14,709, operation=DefaultOperationId{id=write, type=COMMAND}, value=byte[]{length=17, hash=-1644578928}}
00:15:14.884 [raft-server-1] TRACE i.a.p.raft.roles.LeaderAppender - RaftServer{1} - Sending AppendRequest{term=1, leader=1, prevLogIndex=34, prevLogTerm=1, entries=0, commitIndex=34} to 2
00:15:14.884 [raft-client-82530a18-bea6-4e53-b81d-3dd8c76650f9-6] TRACE i.a.p.r.s.impl.RaftSessionSequencer - SessionClient{2}{type=io.atomix.protocols.raft.RaftTest$TestPrimitiveType@68b11545, name=raft-test} - Completing response CommandResponse{status=OK, index=34, eventIndex=2, result=byte[]{length=2, hash=1308}}
00:15:14.884 [raft-server-3-state] TRACE i.a.p.s.impl.DefaultServiceExecutor - PrimitiveService{2}{type=io.atomix.protocols.raft.RaftTest$TestPrimitiveType@3a1a32eb, name=raft-test} - Executing DefaultCommit{index=34, session=RaftSession{RaftServiceContext{server=3, type=io.atomix.protocols.raft.RaftTest$TestPrimitiveType@3a1a32eb, name=raft-test, id=2}, session=2, timestamp=2018-06-11 12:15:14,709}, time=2018-06-11 12:15:14,709, operation=DefaultOperationId{id=write, type=COMMAND}, value=byte[]{length=17, hash=-1644578928}}
00:15:14.884 [raft-server-3] TRACE i.a.p.raft.roles.FollowerRole - RaftServer{3}{role=FOLLOWER} - Sending AppendResponse{status=OK, term=1, succeeded=true, lastLogIndex=34}
00:15:14.884 [raft-server-2] TRACE i.a.p.raft.roles.FollowerRole - RaftServer{2}{role=FOLLOWER} - Received AppendRequest{term=1, leader=1, prevLogIndex=34, prevLogTerm=1, entries=0, commitIndex=34}
00:15:14.884 [raft-server-1] TRACE i.a.p.raft.roles.LeaderAppender - RaftServer{1} - Received AppendResponse{status=OK, term=1, succeeded=true, lastLogIndex=34} from 3
00:15:14.884 [raft-client-82530a18-bea6-4e53-b81d-3dd8c76650f9-3] TRACE i.a.p.r.s.impl.RaftSessionConnection - SessionClient{2}{type=io.atomix.protocols.raft.RaftTest$TestPrimitiveType@68b11545, name=raft-test} - Sending CommandRequest{session=2, sequence=30, operation=PrimitiveOperation{id=DefaultOperationId{id=write, type=COMMAND}, value=byte[]{length=17, hash=-1644578928}}} to 3
00:15:14.885 [raft-server-2] TRACE i.a.p.raft.roles.FollowerRole - RaftServer{2}{role=FOLLOWER} - Sending AppendResponse{status=OK, term=1, succeeded=true, lastLogIndex=34}
00:15:14.885 [raft-server-3] TRACE i.a.p.raft.roles.FollowerRole - RaftServer{3}{role=FOLLOWER} - Received CommandRequest{session=2, sequence=30, operation=PrimitiveOperation{id=DefaultOperationId{id=write, type=COMMAND}, value=byte[]{length=17, hash=-1644578928}}}
00:15:14.885 [raft-server-1] TRACE i.a.p.raft.roles.LeaderAppender - RaftServer{1} - Received AppendResponse{status=OK, term=1, succeeded=true, lastLogIndex=34} from 2
00:15:14.885 [raft-server-1] TRACE i.a.protocols.raft.roles.LeaderRole - RaftServer{1}{role=LEADER} - Received CommandRequest{session=2, sequence=30, operation=PrimitiveOperation{id=DefaultOperationId{id=write, type=COMMAND}, value=byte[]{length=17, hash=-1644578928}}}
00:15:14.885 [raft-server-1] TRACE i.a.protocols.raft.roles.LeaderRole - RaftServer{1}{role=LEADER} - Appended Indexed{index=35, entry=CommandEntry{term=1, timestamp=2018-06-11 12:15:14,885, session=2, sequence=30, operation=PrimitiveOperation{id=DefaultOperationId{id=write, type=COMMAND}, value=byte[]{length=17, hash=-1644578928}}}}
00:15:14.886 [raft-server-1] TRACE i.a.p.raft.roles.LeaderAppender - RaftServer{1} - Sending AppendRequest{term=1, leader=1, prevLogIndex=34, prevLogTerm=1, entries=1, commitIndex=34} to 2
00:15:14.886 [raft-server-2] TRACE i.a.p.raft.roles.FollowerRole - RaftServer{2}{role=FOLLOWER} - Received AppendRequest{term=1, leader=1, prevLogIndex=34, prevLogTerm=1, entries=1, commitIndex=34}
00:15:14.886 [raft-server-1] TRACE i.a.p.raft.roles.LeaderAppender - RaftServer{1} - Sending AppendRequest{term=1, leader=1, prevLogIndex=34, prevLogTerm=1, entries=1, commitIndex=34} to 3
00:15:14.886 [raft-server-3] TRACE i.a.p.raft.roles.FollowerRole - RaftServer{3}{role=FOLLOWER} - Received AppendRequest{term=1, leader=1, prevLogIndex=34, prevLogTerm=1, entries=1, commitIndex=34}
00:15:14.886 [raft-server-2] TRACE i.a.p.raft.roles.FollowerRole - RaftServer{2}{role=FOLLOWER} - Appended Indexed{index=35, entry=CommandEntry{term=1, timestamp=2018-06-11 12:15:14,885, session=2, sequence=30, operation=PrimitiveOperation{id=DefaultOperationId{id=write, type=COMMAND}, value=byte[]{length=17, hash=-1644578928}}}}
00:15:14.886 [raft-server-2] TRACE i.a.p.raft.roles.FollowerRole - RaftServer{2}{role=FOLLOWER} - Sending AppendResponse{status=OK, term=1, succeeded=true, lastLogIndex=35}
00:15:14.886 [raft-server-3] TRACE i.a.p.raft.roles.FollowerRole - RaftServer{3}{role=FOLLOWER} - Appended Indexed{index=35, entry=CommandEntry{term=1, timestamp=2018-06-11 12:15:14,885, session=2, sequence=30, operation=PrimitiveOperation{id=DefaultOperationId{id=write, type=COMMAND}, value=byte[]{length=17, hash=-1644578928}}}}
00:15:14.886 [raft-server-3] TRACE i.a.p.raft.roles.FollowerRole - RaftServer{3}{role=FOLLOWER} - Sending AppendResponse{status=OK, term=1, succeeded=true, lastLogIndex=35}
00:15:14.886 [raft-server-1] TRACE i.a.p.raft.roles.LeaderAppender - RaftServer{1} - Received AppendResponse{status=OK, term=1, succeeded=true, lastLogIndex=35} from 2
00:15:14.886 [raft-server-1] TRACE i.a.p.raft.roles.LeaderAppender - RaftServer{1} - Committed entries up to 35
00:15:14.950 [raft-server-1] TRACE i.a.p.raft.roles.LeaderAppender - RaftServer{1} - Received AppendResponse{status=OK, term=1, succeeded=true, lastLogIndex=35} from 3
00:15:14.950 [raft-server-1-state] TRACE i.a.p.raft.impl.RaftServiceManager - RaftServer{1} - Applying Indexed{index=35, entry=CommandEntry{term=1, timestamp=2018-06-11 12:15:14,885, session=2, sequence=30, operation=PrimitiveOperation{id=DefaultOperationId{id=write, type=COMMAND}, value=byte[]{length=17, hash=-1644578928}}}}
00:15:14.950 [raft-server-1-state] TRACE i.a.p.s.impl.DefaultServiceExecutor - PrimitiveService{2}{type=io.atomix.protocols.raft.RaftTest$TestPrimitiveType@5c91ef2b, name=raft-test} - Executing DefaultCommit{index=35, session=RaftSession{RaftServiceContext{server=1, type=io.atomix.protocols.raft.RaftTest$TestPrimitiveType@5c91ef2b, name=raft-test, id=2}, session=2, timestamp=2018-06-11 12:15:14,885}, time=2018-06-11 12:15:14,885, operation=DefaultOperationId{id=write, type=COMMAND}, value=byte[]{length=17, hash=-1644578928}}
00:15:14.951 [raft-server-1-state] TRACE i.a.protocols.raft.roles.LeaderRole - RaftServer{1}{role=LEADER} - Sending CommandResponse{status=OK, index=35, eventIndex=2, result=byte[]{length=2, hash=1310}}
00:15:14.951 [raft-server-3] TRACE i.a.p.raft.roles.FollowerRole - RaftServer{3}{role=FOLLOWER} - Sending CommandResponse{status=OK, index=35, eventIndex=2, result=byte[]{length=2, hash=1310}}
00:15:14.951 [raft-client-82530a18-bea6-4e53-b81d-3dd8c76650f9-4] TRACE i.a.p.r.s.impl.RaftSessionConnection - SessionClient{2}{type=io.atomix.protocols.raft.RaftTest$TestPrimitiveType@68b11545, name=raft-test} - Received CommandResponse{status=OK, index=35, eventIndex=2, result=byte[]{length=2, hash=1310}} from 3
00:15:14.951 [raft-client-82530a18-bea6-4e53-b81d-3dd8c76650f9-4] TRACE i.a.p.r.s.impl.RaftSessionSequencer - SessionClient{2}{type=io.atomix.protocols.raft.RaftTest$TestPrimitiveType@68b11545, name=raft-test} - Completing response CommandResponse{status=OK, index=35, eventIndex=2, result=byte[]{length=2, hash=1310}}
00:15:14.951 [raft-client-82530a18-bea6-4e53-b81d-3dd8c76650f9-7] TRACE i.a.p.r.s.impl.RaftSessionConnection - SessionClient{2}{type=io.atomix.protocols.raft.RaftTest$TestPrimitiveType@68b11545, name=raft-test} - Sending CommandRequest{session=2, sequence=31, operation=PrimitiveOperation{id=DefaultOperationId{id=write, type=COMMAND}, value=byte[]{length=17, hash=-1644578928}}} to 3
00:15:14.951 [raft-server-3] TRACE i.a.p.raft.roles.FollowerRole - RaftServer{3}{role=FOLLOWER} - Received CommandRequest{session=2, sequence=31, operation=PrimitiveOperation{id=DefaultOperationId{id=write, type=COMMAND}, value=byte[]{length=17, hash=-1644578928}}}
00:15:14.951 [raft-server-1] TRACE i.a.protocols.raft.roles.LeaderRole - RaftServer{1}{role=LEADER} - Received CommandRequest{session=2, sequence=31, operation=PrimitiveOperation{id=DefaultOperationId{id=write, type=COMMAND}, value=byte[]{length=17, hash=-1644578928}}}
00:15:14.951 [raft-server-1] TRACE i.a.protocols.raft.roles.LeaderRole - RaftServer{1}{role=LEADER} - Appended Indexed{index=36, entry=CommandEntry{term=1, timestamp=2018-06-11 12:15:14,951, session=2, sequence=31, operation=PrimitiveOperation{id=DefaultOperationId{id=write, type=COMMAND}, value=byte[]{length=17, hash=-1644578928}}}}
00:15:14.951 [raft-server-1] TRACE i.a.p.raft.roles.LeaderAppender - RaftServer{1} - Sending AppendRequest{term=1, leader=1, prevLogIndex=35, prevLogTerm=1, entries=1, commitIndex=35} to 2
00:15:14.952 [raft-server-2] TRACE i.a.p.raft.roles.FollowerRole - RaftServer{2}{role=FOLLOWER} - Received AppendRequest{term=1, leader=1, prevLogIndex=35, prevLogTerm=1, entries=1, commitIndex=35}
00:15:14.952 [raft-server-1] TRACE i.a.p.raft.roles.LeaderAppender - RaftServer{1} - Sending AppendRequest{term=1, leader=1, prevLogIndex=35, prevLogTerm=1, entries=1, commitIndex=35} to 3
00:15:14.952 [raft-server-3] TRACE i.a.p.raft.roles.FollowerRole - RaftServer{3}{role=FOLLOWER} - Received AppendRequest{term=1, leader=1, prevLogIndex=35, prevLogTerm=1, entries=1, commitIndex=35}
00:15:14.952 [raft-server-2] TRACE i.a.p.raft.roles.FollowerRole - RaftServer{2}{role=FOLLOWER} - Appended Indexed{index=36, entry=CommandEntry{term=1, timestamp=2018-06-11 12:15:14,951, session=2, sequence=31, operation=PrimitiveOperation{id=DefaultOperationId{id=write, type=COMMAND}, value=byte[]{length=17, hash=-1644578928}}}}
00:15:14.952 [raft-server-3] TRACE i.a.p.raft.roles.FollowerRole - RaftServer{3}{role=FOLLOWER} - Appended Indexed{index=36, entry=CommandEntry{term=1, timestamp=2018-06-11 12:15:14,951, session=2, sequence=31, operation=PrimitiveOperation{id=DefaultOperationId{id=write, type=COMMAND}, value=byte[]{length=17, hash=-1644578928}}}}
00:15:15.017 [raft-server-3] TRACE i.a.p.raft.roles.FollowerRole - RaftServer{3}{role=FOLLOWER} - Committed entries up to index 35
00:15:15.017 [raft-server-2] TRACE i.a.p.raft.roles.FollowerRole - RaftServer{2}{role=FOLLOWER} - Committed entries up to index 35
00:15:15.017 [raft-server-3] TRACE i.a.p.raft.roles.FollowerRole - RaftServer{3}{role=FOLLOWER} - Sending AppendResponse{status=OK, term=1, succeeded=true, lastLogIndex=36}
00:15:15.017 [raft-server-2] TRACE i.a.p.raft.roles.FollowerRole - RaftServer{2}{role=FOLLOWER} - Sending AppendResponse{status=OK, term=1, succeeded=true, lastLogIndex=36}
00:15:15.017 [raft-server-1] TRACE i.a.p.raft.roles.LeaderAppender - RaftServer{1} - Received AppendResponse{status=OK, term=1, succeeded=true, lastLogIndex=36} from 3
00:15:15.017 [raft-server-1] TRACE i.a.p.raft.roles.LeaderAppender - RaftServer{1} - Committed entries up to 36
00:15:15.017 [raft-server-2-state] TRACE i.a.p.raft.impl.RaftServiceManager - RaftServer{2} - Applying Indexed{index=35, entry=CommandEntry{term=1, timestamp=2018-06-11 12:15:14,885, session=2, sequence=30, operation=PrimitiveOperation{id=DefaultOperationId{id=write, type=COMMAND}, value=byte[]{length=17, hash=-1644578928}}}}
00:15:15.017 [raft-server-3-state] TRACE i.a.p.raft.impl.RaftServiceManager - RaftServer{3} - Applying Indexed{index=35, entry=CommandEntry{term=1, timestamp=2018-06-11 12:15:14,885, session=2, sequence=30, operation=PrimitiveOperation{id=DefaultOperationId{id=write, type=COMMAND}, value=byte[]{length=17, hash=-1644578928}}}}
00:15:15.017 [raft-server-2-state] TRACE i.a.p.s.impl.DefaultServiceExecutor - PrimitiveService{2}{type=io.atomix.protocols.raft.RaftTest$TestPrimitiveType@4f16731, name=raft-test} - Executing DefaultCommit{index=35, session=RaftSession{RaftServiceContext{server=2, type=io.atomix.protocols.raft.RaftTest$TestPrimitiveType@4f16731, name=raft-test, id=2}, session=2, timestamp=2018-06-11 12:15:14,885}, time=2018-06-11 12:15:14,885, operation=DefaultOperationId{id=write, type=COMMAND}, value=byte[]{length=17, hash=-1644578928}}
00:15:15.017 [raft-server-3-state] TRACE i.a.p.s.impl.DefaultServiceExecutor - PrimitiveService{2}{type=io.atomix.protocols.raft.RaftTest$TestPrimitiveType@3a1a32eb, name=raft-test} - Executing DefaultCommit{index=35, session=RaftSession{RaftServiceContext{server=3, type=io.atomix.protocols.raft.RaftTest$TestPrimitiveType@3a1a32eb, name=raft-test, id=2}, session=2, timestamp=2018-06-11 12:15:14,885}, time=2018-06-11 12:15:14,885, operation=DefaultOperationId{id=write, type=COMMAND}, value=byte[]{length=17, hash=-1644578928}}
00:15:15.087 [raft-server-1] TRACE i.a.p.raft.roles.LeaderAppender - RaftServer{1} - Received AppendResponse{status=OK, term=1, succeeded=true, lastLogIndex=36} from 2
00:15:15.087 [raft-server-1] TRACE i.a.p.raft.roles.LeaderAppender - RaftServer{1} - Sending AppendRequest{term=1, leader=1, prevLogIndex=36, prevLogTerm=1, entries=0, commitIndex=36} to 2
00:15:15.087 [raft-server-2] TRACE i.a.p.raft.roles.FollowerRole - RaftServer{2}{role=FOLLOWER} - Received AppendRequest{term=1, leader=1, prevLogIndex=36, prevLogTerm=1, entries=0, commitIndex=36}
00:15:15.087 [raft-server-1] TRACE i.a.p.raft.roles.LeaderAppender - RaftServer{1} - Sending AppendRequest{term=1, leader=1, prevLogIndex=36, prevLogTerm=1, entries=0, commitIndex=36} to 3
00:15:15.088 [raft-server-3] TRACE i.a.p.raft.roles.FollowerRole - RaftServer{3}{role=FOLLOWER} - Received AppendRequest{term=1, leader=1, prevLogIndex=36, prevLogTerm=1, entries=0, commitIndex=36}
00:15:15.088 [raft-server-1-state] TRACE i.a.p.raft.impl.RaftServiceManager - RaftServer{1} - Applying Indexed{index=36, entry=CommandEntry{term=1, timestamp=2018-06-11 12:15:14,951, session=2, sequence=31, operation=PrimitiveOperation{id=DefaultOperationId{id=write, type=COMMAND}, value=byte[]{length=17, hash=-1644578928}}}}
00:15:15.088 [raft-server-1-state] TRACE i.a.p.s.impl.DefaultServiceExecutor - PrimitiveService{2}{type=io.atomix.protocols.raft.RaftTest$TestPrimitiveType@5c91ef2b, name=raft-test} - Executing DefaultCommit{index=36, session=RaftSession{RaftServiceContext{server=1, type=io.atomix.protocols.raft.RaftTest$TestPrimitiveType@5c91ef2b, name=raft-test, id=2}, session=2, timestamp=2018-06-11 12:15:14,951}, time=2018-06-11 12:15:14,951, operation=DefaultOperationId{id=write, type=COMMAND}, value=byte[]{length=17, hash=-1644578928}}
00:15:15.088 [raft-server-1-state] TRACE i.a.protocols.raft.roles.LeaderRole - RaftServer{1}{role=LEADER} - Sending CommandResponse{status=OK, index=36, eventIndex=2, result=byte[]{length=2, hash=1312}}
00:15:15.150 [raft-server-2] TRACE i.a.p.raft.roles.FollowerRole - RaftServer{2}{role=FOLLOWER} - Committed entries up to index 36
00:15:15.150 [raft-server-3] TRACE i.a.p.raft.roles.FollowerRole - RaftServer{3}{role=FOLLOWER} - Committed entries up to index 36
00:15:15.150 [raft-server-2] TRACE i.a.p.raft.roles.FollowerRole - RaftServer{2}{role=FOLLOWER} - Sending AppendResponse{status=OK, term=1, succeeded=true, lastLogIndex=36}
00:15:15.150 [raft-server-3] TRACE i.a.p.raft.roles.FollowerRole - RaftServer{3}{role=FOLLOWER} - Sending AppendResponse{status=OK, term=1, succeeded=true, lastLogIndex=36}
00:15:15.150 [raft-server-1] TRACE i.a.p.raft.roles.LeaderAppender - RaftServer{1} - Received AppendResponse{status=OK, term=1, succeeded=true, lastLogIndex=36} from 2
00:15:15.150 [raft-server-3] TRACE i.a.p.raft.roles.FollowerRole - RaftServer{3}{role=FOLLOWER} - Sending CommandResponse{status=OK, index=36, eventIndex=2, result=byte[]{length=2, hash=1312}}
00:15:15.150 [raft-server-1] TRACE i.a.p.raft.roles.LeaderAppender - RaftServer{1} - Sending AppendRequest{term=1, leader=1, prevLogIndex=36, prevLogTerm=1, entries=0, commitIndex=36} to 2
00:15:15.150 [raft-server-2-state] TRACE i.a.p.raft.impl.RaftServiceManager - RaftServer{2} - Applying Indexed{index=36, entry=CommandEntry{term=1, timestamp=2018-06-11 12:15:14,951, session=2, sequence=31, operation=PrimitiveOperation{id=DefaultOperationId{id=write, type=COMMAND}, value=byte[]{length=17, hash=-1644578928}}}}
00:15:15.151 [raft-client-82530a18-bea6-4e53-b81d-3dd8c76650f9-5] TRACE i.a.p.r.s.impl.RaftSessionConnection - SessionClient{2}{type=io.atomix.protocols.raft.RaftTest$TestPrimitiveType@68b11545, name=raft-test} - Received CommandResponse{status=OK, index=36, eventIndex=2, result=byte[]{length=2, hash=1312}} from 3
00:15:15.151 [raft-server-3-state] TRACE i.a.p.raft.impl.RaftServiceManager - RaftServer{3} - Applying Indexed{index=36, entry=CommandEntry{term=1, timestamp=2018-06-11 12:15:14,951, session=2, sequence=31, operation=PrimitiveOperation{id=DefaultOperationId{id=write, type=COMMAND}, value=byte[]{length=17, hash=-1644578928}}}}
00:15:15.151 [raft-server-1] TRACE i.a.p.raft.roles.LeaderAppender - RaftServer{1} - Received AppendResponse{status=OK, term=1, succeeded=true, lastLogIndex=36} from 3
00:15:15.151 [raft-server-2] TRACE i.a.p.raft.roles.FollowerRole - RaftServer{2}{role=FOLLOWER} - Received AppendRequest{term=1, leader=1, prevLogIndex=36, prevLogTerm=1, entries=0, commitIndex=36}
00:15:15.151 [raft-server-2-state] TRACE i.a.p.s.impl.DefaultServiceExecutor - PrimitiveService{2}{type=io.atomix.protocols.raft.RaftTest$TestPrimitiveType@4f16731, name=raft-test} - Executing DefaultCommit{index=36, session=RaftSession{RaftServiceContext{server=2, type=io.atomix.protocols.raft.RaftTest$TestPrimitiveType@4f16731, name=raft-test, id=2}, session=2, timestamp=2018-06-11 12:15:14,951}, time=2018-06-11 12:15:14,951, operation=DefaultOperationId{id=write, type=COMMAND}, value=byte[]{length=17, hash=-1644578928}}
00:15:15.151 [raft-client-82530a18-bea6-4e53-b81d-3dd8c76650f9-5] TRACE i.a.p.r.s.impl.RaftSessionSequencer - SessionClient{2}{type=io.atomix.protocols.raft.RaftTest$TestPrimitiveType@68b11545, name=raft-test} - Completing response CommandResponse{status=OK, index=36, eventIndex=2, result=byte[]{length=2, hash=1312}}
00:15:15.151 [raft-server-3-state] TRACE i.a.p.s.impl.DefaultServiceExecutor - PrimitiveService{2}{type=io.atomix.protocols.raft.RaftTest$TestPrimitiveType@3a1a32eb, name=raft-test} - Executing DefaultCommit{index=36, session=RaftSession{RaftServiceContext{server=3, type=io.atomix.protocols.raft.RaftTest$TestPrimitiveType@3a1a32eb, name=raft-test, id=2}, session=2, timestamp=2018-06-11 12:15:14,951}, time=2018-06-11 12:15:14,951, operation=DefaultOperationId{id=write, type=COMMAND}, value=byte[]{length=17, hash=-1644578928}}
00:15:15.151 [raft-server-1] TRACE i.a.p.raft.roles.LeaderAppender - RaftServer{1} - Sending AppendRequest{term=1, leader=1, prevLogIndex=36, prevLogTerm=1, entries=0, commitIndex=36} to 3
00:15:15.151 [raft-server-2] TRACE i.a.p.raft.roles.FollowerRole - RaftServer{2}{role=FOLLOWER} - Sending AppendResponse{status=OK, term=1, succeeded=true, lastLogIndex=36}
00:15:15.151 [raft-client-82530a18-bea6-4e53-b81d-3dd8c76650f9-2] TRACE i.a.p.r.s.impl.RaftSessionConnection - SessionClient{2}{type=io.atomix.protocols.raft.RaftTest$TestPrimitiveType@68b11545, name=raft-test} - Sending CommandRequest{session=2, sequence=32, operation=PrimitiveOperation{id=DefaultOperationId{id=write, type=COMMAND}, value=byte[]{length=17, hash=-1644578928}}} to 3
00:15:15.151 [raft-server-3] TRACE i.a.p.raft.roles.FollowerRole - RaftServer{3}{role=FOLLOWER} - Received AppendRequest{term=1, leader=1, prevLogIndex=36, prevLogTerm=1, entries=0, commitIndex=36}
00:15:15.151 [raft-server-1] TRACE i.a.p.raft.roles.LeaderAppender - RaftServer{1} - Received AppendResponse{status=OK, term=1, succeeded=true, lastLogIndex=36} from 2
00:15:15.151 [raft-server-3] TRACE i.a.p.raft.roles.FollowerRole - RaftServer{3}{role=FOLLOWER} - Sending AppendResponse{status=OK, term=1, succeeded=true, lastLogIndex=36}
00:15:15.151 [raft-server-1] TRACE i.a.p.raft.roles.LeaderAppender - RaftServer{1} - Received AppendResponse{status=OK, term=1, succeeded=true, lastLogIndex=36} from 3
00:15:15.151 [raft-server-3] TRACE i.a.p.raft.roles.FollowerRole - RaftServer{3}{role=FOLLOWER} - Received CommandRequest{session=2, sequence=32, operation=PrimitiveOperation{id=DefaultOperationId{id=write, type=COMMAND}, value=byte[]{length=17, hash=-1644578928}}}
00:15:15.151 [raft-server-1] TRACE i.a.protocols.raft.roles.LeaderRole - RaftServer{1}{role=LEADER} - Received CommandRequest{session=2, sequence=32, operation=PrimitiveOperation{id=DefaultOperationId{id=write, type=COMMAND}, value=byte[]{length=17, hash=-1644578928}}}
00:15:15.151 [raft-server-1] TRACE i.a.protocols.raft.roles.LeaderRole - RaftServer{1}{role=LEADER} - Appended Indexed{index=37, entry=CommandEntry{term=1, timestamp=2018-06-11 12:15:15,151, session=2, sequence=32, operation=PrimitiveOperation{id=DefaultOperationId{id=write, type=COMMAND}, value=byte[]{length=17, hash=-1644578928}}}}
00:15:15.152 [raft-server-1] TRACE i.a.p.raft.roles.LeaderAppender - RaftServer{1} - Sending AppendRequest{term=1, leader=1, prevLogIndex=36, prevLogTerm=1, entries=1, commitIndex=36} to 2
00:15:15.152 [raft-server-2] TRACE i.a.p.raft.roles.FollowerRole - RaftServer{2}{role=FOLLOWER} - Received AppendRequest{term=1, leader=1, prevLogIndex=36, prevLogTerm=1, entries=1, commitIndex=36}
00:15:15.152 [raft-server-1] TRACE i.a.p.raft.roles.LeaderAppender - RaftServer{1} - Sending AppendRequest{term=1, leader=1, prevLogIndex=36, prevLogTerm=1, entries=1, commitIndex=36} to 3
00:15:15.152 [raft-server-3] TRACE i.a.p.raft.roles.FollowerRole - RaftServer{3}{role=FOLLOWER} - Received AppendRequest{term=1, leader=1, prevLogIndex=36, prevLogTerm=1, entries=1, commitIndex=36}
00:15:15.152 [raft-server-2] TRACE i.a.p.raft.roles.FollowerRole - RaftServer{2}{role=FOLLOWER} - Appended Indexed{index=37, entry=CommandEntry{term=1, timestamp=2018-06-11 12:15:15,151, session=2, sequence=32, operation=PrimitiveOperation{id=DefaultOperationId{id=write, type=COMMAND}, value=byte[]{length=17, hash=-1644578928}}}}
00:15:15.152 [raft-server-2] TRACE i.a.p.raft.roles.FollowerRole - RaftServer{2}{role=FOLLOWER} - Sending AppendResponse{status=OK, term=1, succeeded=true, lastLogIndex=37}
00:15:15.152 [raft-server-3] TRACE i.a.p.raft.roles.FollowerRole - RaftServer{3}{role=FOLLOWER} - Appended Indexed{index=37, entry=CommandEntry{term=1, timestamp=2018-06-11 12:15:15,151, session=2, sequence=32, operation=PrimitiveOperation{id=DefaultOperationId{id=write, type=COMMAND}, value=byte[]{length=17, hash=-1644578928}}}}
00:15:15.152 [raft-server-1] TRACE i.a.p.raft.roles.LeaderAppender - RaftServer{1} - Received AppendResponse{status=OK, term=1, succeeded=true, lastLogIndex=37} from 2
00:15:15.152 [raft-server-3] TRACE i.a.p.raft.roles.FollowerRole - RaftServer{3}{role=FOLLOWER} - Sending AppendResponse{status=OK, term=1, succeeded=true, lastLogIndex=37}
00:15:15.152 [raft-server-1] TRACE i.a.p.raft.roles.LeaderAppender - RaftServer{1} - Committed entries up to 37
00:15:15.234 [raft-server-1] TRACE i.a.p.raft.roles.LeaderAppender - RaftServer{1} - Received AppendResponse{status=OK, term=1, succeeded=true, lastLogIndex=37} from 3
00:15:15.234 [raft-server-1-state] TRACE i.a.p.raft.impl.RaftServiceManager - RaftServer{1} - Applying Indexed{index=37, entry=CommandEntry{term=1, timestamp=2018-06-11 12:15:15,151, session=2, sequence=32, operation=PrimitiveOperation{id=DefaultOperationId{id=write, type=COMMAND}, value=byte[]{length=17, hash=-1644578928}}}}
00:15:15.234 [raft-server-1-state] TRACE i.a.p.s.impl.DefaultServiceExecutor - PrimitiveService{2}{type=io.atomix.protocols.raft.RaftTest$TestPrimitiveType@5c91ef2b, name=raft-test} - Executing DefaultCommit{index=37, session=RaftSession{RaftServiceContext{server=1, type=io.atomix.protocols.raft.RaftTest$TestPrimitiveType@5c91ef2b, name=raft-test, id=2}, session=2, timestamp=2018-06-11 12:15:15,151}, time=2018-06-11 12:15:15,151, operation=DefaultOperationId{id=write, type=COMMAND}, value=byte[]{length=17, hash=-1644578928}}
00:15:15.234 [raft-server-1-state] TRACE i.a.protocols.raft.roles.LeaderRole - RaftServer{1}{role=LEADER} - Sending CommandResponse{status=OK, index=37, eventIndex=2, result=byte[]{length=2, hash=1314}}
00:15:15.234 [raft-server-3] TRACE i.a.p.raft.roles.FollowerRole - RaftServer{3}{role=FOLLOWER} - Sending CommandResponse{status=OK, index=37, eventIndex=2, result=byte[]{length=2, hash=1314}}
00:15:15.234 [raft-client-82530a18-bea6-4e53-b81d-3dd8c76650f9-6] TRACE i.a.p.r.s.impl.RaftSessionConnection - SessionClient{2}{type=io.atomix.protocols.raft.RaftTest$TestPrimitiveType@68b11545, name=raft-test} - Received CommandResponse{status=OK, index=37, eventIndex=2, result=byte[]{length=2, hash=1314}} from 3
00:15:15.234 [raft-client-82530a18-bea6-4e53-b81d-3dd8c76650f9-6] TRACE i.a.p.r.s.impl.RaftSessionSequencer - SessionClient{2}{type=io.atomix.protocols.raft.RaftTest$TestPrimitiveType@68b11545, name=raft-test} - Completing response CommandResponse{status=OK, index=37, eventIndex=2, result=byte[]{length=2, hash=1314}}
00:15:15.234 [raft-client-82530a18-bea6-4e53-b81d-3dd8c76650f9-1] TRACE i.a.p.r.s.impl.RaftSessionConnection - SessionClient{2}{type=io.atomix.protocols.raft.RaftTest$TestPrimitiveType@68b11545, name=raft-test} - Sending CommandRequest{session=2, sequence=33, operation=PrimitiveOperation{id=DefaultOperationId{id=write, type=COMMAND}, value=byte[]{length=17, hash=-1644578928}}} to 3
00:15:15.235 [raft-server-3] TRACE i.a.p.raft.roles.FollowerRole - RaftServer{3}{role=FOLLOWER} - Received CommandRequest{session=2, sequence=33, operation=PrimitiveOperation{id=DefaultOperationId{id=write, type=COMMAND}, value=byte[]{length=17, hash=-1644578928}}}
00:15:15.235 [raft-server-1] TRACE i.a.protocols.raft.roles.LeaderRole - RaftServer{1}{role=LEADER} - Received CommandRequest{session=2, sequence=33, operation=PrimitiveOperation{id=DefaultOperationId{id=write, type=COMMAND}, value=byte[]{length=17, hash=-1644578928}}}
00:15:15.235 [raft-server-1] TRACE i.a.protocols.raft.roles.LeaderRole - RaftServer{1}{role=LEADER} - Appended Indexed{index=38, entry=CommandEntry{term=1, timestamp=2018-06-11 12:15:15,235, session=2, sequence=33, operation=PrimitiveOperation{id=DefaultOperationId{id=write, type=COMMAND}, value=byte[]{length=17, hash=-1644578928}}}}
00:15:15.235 [raft-server-1] TRACE i.a.p.raft.roles.LeaderAppender - RaftServer{1} - Sending AppendRequest{term=1, leader=1, prevLogIndex=37, prevLogTerm=1, entries=1, commitIndex=37} to 2
00:15:15.235 [raft-server-2] TRACE i.a.p.raft.roles.FollowerRole - RaftServer{2}{role=FOLLOWER} - Received AppendRequest{term=1, leader=1, prevLogIndex=37, prevLogTerm=1, entries=1, commitIndex=37}
00:15:15.235 [raft-server-1] TRACE i.a.p.raft.roles.LeaderAppender - RaftServer{1} - Sending AppendRequest{term=1, leader=1, prevLogIndex=37, prevLogTerm=1, entries=1, commitIndex=37} to 3
00:15:15.235 [raft-server-3] TRACE i.a.p.raft.roles.FollowerRole - RaftServer{3}{role=FOLLOWER} - Received AppendRequest{term=1, leader=1, prevLogIndex=37, prevLogTerm=1, entries=1, commitIndex=37}
00:15:15.235 [raft-server-2] TRACE i.a.p.raft.roles.FollowerRole - RaftServer{2}{role=FOLLOWER} - Appended Indexed{index=38, entry=CommandEntry{term=1, timestamp=2018-06-11 12:15:15,235, session=2, sequence=33, operation=PrimitiveOperation{id=DefaultOperationId{id=write, type=COMMAND}, value=byte[]{length=17, hash=-1644578928}}}}
00:15:15.235 [raft-server-3] TRACE i.a.p.raft.roles.FollowerRole - RaftServer{3}{role=FOLLOWER} - Appended Indexed{index=38, entry=CommandEntry{term=1, timestamp=2018-06-11 12:15:15,235, session=2, sequence=33, operation=PrimitiveOperation{id=DefaultOperationId{id=write, type=COMMAND}, value=byte[]{length=17, hash=-1644578928}}}}
00:15:15.309 [raft-server-2] TRACE i.a.p.raft.roles.FollowerRole - RaftServer{2}{role=FOLLOWER} - Committed entries up to index 37
00:15:15.309 [raft-server-2] TRACE i.a.p.raft.roles.FollowerRole - RaftServer{2}{role=FOLLOWER} - Sending AppendResponse{status=OK, term=1, succeeded=true, lastLogIndex=38}
00:15:15.309 [raft-server-3] TRACE i.a.p.raft.roles.FollowerRole - RaftServer{3}{role=FOLLOWER} - Committed entries up to index 37
00:15:15.310 [raft-server-1] TRACE i.a.p.raft.roles.LeaderAppender - RaftServer{1} - Received AppendResponse{status=OK, term=1, succeeded=true, lastLogIndex=38} from 2
00:15:15.310 [raft-server-3] TRACE i.a.p.raft.roles.FollowerRole - RaftServer{3}{role=FOLLOWER} - Sending AppendResponse{status=OK, term=1, succeeded=true, lastLogIndex=38}
00:15:15.310 [raft-server-1] TRACE i.a.p.raft.roles.LeaderAppender - RaftServer{1} - Committed entries up to 38
00:15:15.310 [raft-server-2-state] TRACE i.a.p.raft.impl.RaftServiceManager - RaftServer{2} - Applying Indexed{index=37, entry=CommandEntry{term=1, timestamp=2018-06-11 12:15:15,151, session=2, sequence=32, operation=PrimitiveOperation{id=DefaultOperationId{id=write, type=COMMAND}, value=byte[]{length=17, hash=-1644578928}}}}
00:15:15.310 [raft-server-3-state] TRACE i.a.p.raft.impl.RaftServiceManager - RaftServer{3} - Applying Indexed{index=37, entry=CommandEntry{term=1, timestamp=2018-06-11 12:15:15,151, session=2, sequence=32, operation=PrimitiveOperation{id=DefaultOperationId{id=write, type=COMMAND}, value=byte[]{length=17, hash=-1644578928}}}}
00:15:15.310 [raft-server-2-state] TRACE i.a.p.s.impl.DefaultServiceExecutor - PrimitiveService{2}{type=io.atomix.protocols.raft.RaftTest$TestPrimitiveType@4f16731, name=raft-test} - Executing DefaultCommit{index=37, session=RaftSession{RaftServiceContext{server=2, type=io.atomix.protocols.raft.RaftTest$TestPrimitiveType@4f16731, name=raft-test, id=2}, session=2, timestamp=2018-06-11 12:15:15,151}, time=2018-06-11 12:15:15,151, operation=DefaultOperationId{id=write, type=COMMAND}, value=byte[]{length=17, hash=-1644578928}}
00:15:15.310 [raft-server-3-state] TRACE i.a.p.s.impl.DefaultServiceExecutor - PrimitiveService{2}{type=io.atomix.protocols.raft.RaftTest$TestPrimitiveType@3a1a32eb, name=raft-test} - Executing DefaultCommit{index=37, session=RaftSession{RaftServiceContext{server=3, type=io.atomix.protocols.raft.RaftTest$TestPrimitiveType@3a1a32eb, name=raft-test, id=2}, session=2, timestamp=2018-06-11 12:15:15,151}, time=2018-06-11 12:15:15,151, operation=DefaultOperationId{id=write, type=COMMAND}, value=byte[]{length=17, hash=-1644578928}}
00:15:15.572 [raft-server-1] TRACE i.a.p.raft.roles.LeaderAppender - RaftServer{1} - Sending AppendRequest{term=1, leader=1, prevLogIndex=38, prevLogTerm=1, entries=0, commitIndex=38} to 2
00:15:15.572 [raft-server-1] TRACE i.a.p.raft.roles.LeaderAppender - RaftServer{1} - Received AppendResponse{status=OK, term=1, succeeded=true, lastLogIndex=38} from 3
00:15:15.572 [raft-server-2] TRACE i.a.p.raft.roles.FollowerRole - RaftServer{2}{role=FOLLOWER} - Received AppendRequest{term=1, leader=1, prevLogIndex=38, prevLogTerm=1, entries=0, commitIndex=38}
00:15:15.572 [raft-server-1] TRACE i.a.p.raft.roles.LeaderAppender - RaftServer{1} - Sending AppendRequest{term=1, leader=1, prevLogIndex=38, prevLogTerm=1, entries=0, commitIndex=38} to 3
00:15:15.572 [raft-server-3] TRACE i.a.p.raft.roles.FollowerRole - RaftServer{3}{role=FOLLOWER} - Received AppendRequest{term=1, leader=1, prevLogIndex=38, prevLogTerm=1, entries=0, commitIndex=38}
00:15:15.572 [raft-server-3] TRACE i.a.p.raft.roles.FollowerRole - RaftServer{3}{role=FOLLOWER} - Committed entries up to index 38
00:15:15.572 [raft-server-3] TRACE i.a.p.raft.roles.FollowerRole - RaftServer{3}{role=FOLLOWER} - Sending AppendResponse{status=OK, term=1, succeeded=true, lastLogIndex=38}
00:15:15.572 [raft-server-1-state] TRACE i.a.p.raft.impl.RaftServiceManager - RaftServer{1} - Applying Indexed{index=38, entry=CommandEntry{term=1, timestamp=2018-06-11 12:15:15,235, session=2, sequence=33, operation=PrimitiveOperation{id=DefaultOperationId{id=write, type=COMMAND}, value=byte[]{length=17, hash=-1644578928}}}}
00:15:15.572 [raft-server-1] TRACE i.a.p.raft.roles.LeaderAppender - RaftServer{1} - Received AppendResponse{status=OK, term=1, succeeded=true, lastLogIndex=38} from 3
00:15:15.572 [raft-server-1-state] TRACE i.a.p.s.impl.DefaultServiceExecutor - PrimitiveService{2}{type=io.atomix.protocols.raft.RaftTest$TestPrimitiveType@5c91ef2b, name=raft-test} - Executing DefaultCommit{index=38, session=RaftSession{RaftServiceContext{server=1, type=io.atomix.protocols.raft.RaftTest$TestPrimitiveType@5c91ef2b, name=raft-test, id=2}, session=2, timestamp=2018-06-11 12:15:15,235}, time=2018-06-11 12:15:15,235, operation=DefaultOperationId{id=write, type=COMMAND}, value=byte[]{length=17, hash=-1644578928}}
00:15:15.572 [raft-server-3-state] TRACE i.a.p.raft.impl.RaftServiceManager - RaftServer{3} - Applying Indexed{index=38, entry=CommandEntry{term=1, timestamp=2018-06-11 12:15:15,235, session=2, sequence=33, operation=PrimitiveOperation{id=DefaultOperationId{id=write, type=COMMAND}, value=byte[]{length=17, hash=-1644578928}}}}
00:15:15.573 [raft-server-1] TRACE i.a.p.raft.roles.LeaderAppender - RaftServer{1} - Sending AppendRequest{term=1, leader=1, prevLogIndex=38, prevLogTerm=1, entries=0, commitIndex=38} to 3
00:15:15.573 [raft-server-1-state] TRACE i.a.protocols.raft.roles.LeaderRole - RaftServer{1}{role=LEADER} - Sending CommandResponse{status=OK, index=38, eventIndex=2, result=byte[]{length=2, hash=1316}}
00:15:15.573 [raft-server-3-state] TRACE i.a.p.s.impl.DefaultServiceExecutor - PrimitiveService{2}{type=io.atomix.protocols.raft.RaftTest$TestPrimitiveType@3a1a32eb, name=raft-test} - Executing DefaultCommit{index=38, session=RaftSession{RaftServiceContext{server=3, type=io.atomix.protocols.raft.RaftTest$TestPrimitiveType@3a1a32eb, name=raft-test, id=2}, session=2, timestamp=2018-06-11 12:15:15,235}, time=2018-06-11 12:15:15,235, operation=DefaultOperationId{id=write, type=COMMAND}, value=byte[]{length=17, hash=-1644578928}}
00:15:15.573 [raft-server-3] TRACE i.a.p.raft.roles.FollowerRole - RaftServer{3}{role=FOLLOWER} - Received AppendRequest{term=1, leader=1, prevLogIndex=38, prevLogTerm=1, entries=0, commitIndex=38}
00:15:15.573 [raft-server-3] TRACE i.a.p.raft.roles.FollowerRole - RaftServer{3}{role=FOLLOWER} - Sending AppendResponse{status=OK, term=1, succeeded=true, lastLogIndex=38}
00:15:15.573 [raft-server-1] TRACE i.a.p.raft.roles.LeaderAppender - RaftServer{1} - Received AppendResponse{status=OK, term=1, succeeded=true, lastLogIndex=38} from 3
00:15:15.573 [raft-server-3] TRACE i.a.p.raft.roles.FollowerRole - RaftServer{3}{role=FOLLOWER} - Sending CommandResponse{status=OK, index=38, eventIndex=2, result=byte[]{length=2, hash=1316}}
00:15:15.573 [raft-client-82530a18-bea6-4e53-b81d-3dd8c76650f9-4] TRACE i.a.p.r.s.impl.RaftSessionConnection - SessionClient{2}{type=io.atomix.protocols.raft.RaftTest$TestPrimitiveType@68b11545, name=raft-test} - Received CommandResponse{status=OK, index=38, eventIndex=2, result=byte[]{length=2, hash=1316}} from 3
00:15:15.573 [raft-client-82530a18-bea6-4e53-b81d-3dd8c76650f9-4] TRACE i.a.p.r.s.impl.RaftSessionSequencer - SessionClient{2}{type=io.atomix.protocols.raft.RaftTest$TestPrimitiveType@68b11545, name=raft-test} - Completing response CommandResponse{status=OK, index=38, eventIndex=2, result=byte[]{length=2, hash=1316}}
00:15:15.573 [raft-client-82530a18-bea6-4e53-b81d-3dd8c76650f9-3] TRACE i.a.p.r.s.impl.RaftSessionConnection - SessionClient{2}{type=io.atomix.protocols.raft.RaftTest$TestPrimitiveType@68b11545, name=raft-test} - Sending CommandRequest{session=2, sequence=34, operation=PrimitiveOperation{id=DefaultOperationId{id=write, type=COMMAND}, value=byte[]{length=17, hash=-1644578928}}} to 3
00:15:15.573 [raft-server-3] TRACE i.a.p.raft.roles.FollowerRole - RaftServer{3}{role=FOLLOWER} - Received CommandRequest{session=2, sequence=34, operation=PrimitiveOperation{id=DefaultOperationId{id=write, type=COMMAND}, value=byte[]{length=17, hash=-1644578928}}}
00:15:15.573 [raft-server-1] TRACE i.a.protocols.raft.roles.LeaderRole - RaftServer{1}{role=LEADER} - Received CommandRequest{session=2, sequence=34, operation=PrimitiveOperation{id=DefaultOperationId{id=write, type=COMMAND}, value=byte[]{length=17, hash=-1644578928}}}
00:15:15.574 [raft-server-1] TRACE i.a.protocols.raft.roles.LeaderRole - RaftServer{1}{role=LEADER} - Appended Indexed{index=39, entry=CommandEntry{term=1, timestamp=2018-06-11 12:15:15,573, session=2, sequence=34, operation=PrimitiveOperation{id=DefaultOperationId{id=write, type=COMMAND}, value=byte[]{length=17, hash=-1644578928}}}}
00:15:15.574 [raft-server-1] TRACE i.a.p.raft.roles.LeaderAppender - RaftServer{1} - Sending AppendRequest{term=1, leader=1, prevLogIndex=38, prevLogTerm=1, entries=1, commitIndex=38} to 3
00:15:15.574 [raft-server-3] TRACE i.a.p.raft.roles.FollowerRole - RaftServer{3}{role=FOLLOWER} - Received AppendRequest{term=1, leader=1, prevLogIndex=38, prevLogTerm=1, entries=1, commitIndex=38}
00:15:15.574 [raft-server-3] TRACE i.a.p.raft.roles.FollowerRole - RaftServer{3}{role=FOLLOWER} - Appended Indexed{index=39, entry=CommandEntry{term=1, timestamp=2018-06-11 12:15:15,573, session=2, sequence=34, operation=PrimitiveOperation{id=DefaultOperationId{id=write, type=COMMAND}, value=byte[]{length=17, hash=-1644578928}}}}
00:15:15.574 [raft-server-3] TRACE i.a.p.raft.roles.FollowerRole - RaftServer{3}{role=FOLLOWER} - Sending AppendResponse{status=OK, term=1, succeeded=true, lastLogIndex=39}
00:15:15.574 [raft-server-1] TRACE i.a.p.raft.roles.LeaderAppender - RaftServer{1} - Received AppendResponse{status=OK, term=1, succeeded=true, lastLogIndex=39} from 3
00:15:15.574 [raft-server-1] TRACE i.a.p.raft.roles.LeaderAppender - RaftServer{1} - Committed entries up to 39
00:15:15.859 [raft-server-2] TRACE i.a.p.raft.roles.FollowerRole - RaftServer{2}{role=FOLLOWER} - Committed entries up to index 38
00:15:15.859 [raft-server-2] TRACE i.a.p.raft.roles.FollowerRole - RaftServer{2}{role=FOLLOWER} - Sending AppendResponse{status=OK, term=1, succeeded=true, lastLogIndex=38}
00:15:15.859 [raft-server-2-state] TRACE i.a.p.raft.impl.RaftServiceManager - RaftServer{2} - Applying Indexed{index=38, entry=CommandEntry{term=1, timestamp=2018-06-11 12:15:15,235, session=2, sequence=33, operation=PrimitiveOperation{id=DefaultOperationId{id=write, type=COMMAND}, value=byte[]{length=17, hash=-1644578928}}}}
00:15:15.859 [raft-server-2-state] TRACE i.a.p.s.impl.DefaultServiceExecutor - PrimitiveService{2}{type=io.atomix.protocols.raft.RaftTest$TestPrimitiveType@4f16731, name=raft-test} - Executing DefaultCommit{index=38, session=RaftSession{RaftServiceContext{server=2, type=io.atomix.protocols.raft.RaftTest$TestPrimitiveType@4f16731, name=raft-test, id=2}, session=2, timestamp=2018-06-11 12:15:15,235}, time=2018-06-11 12:15:15,235, operation=DefaultOperationId{id=write, type=COMMAND}, value=byte[]{length=17, hash=-1644578928}}
00:15:15.940 [raft-client-82530a18-bea6-4e53-b81d-3dd8c76650f9-4] TRACE i.a.p.r.s.impl.RaftSessionManager - RaftClient{82530a18-bea6-4e53-b81d-3dd8c76650f9} - Keeping 1 sessions alive
00:15:15.940 [raft-client-82530a18-bea6-4e53-b81d-3dd8c76650f9-4] TRACE i.a.p.r.s.impl.RaftSessionConnection - RaftClient{82530a18-bea6-4e53-b81d-3dd8c76650f9} - Sending KeepAliveRequest{sessionIds=long[]{length=1, hash=33}, commandSequences=long[]{length=1, hash=64}, eventIndexes=long[]{length=1, hash=33}} to 3
00:15:15.941 [raft-server-3] TRACE i.a.p.raft.roles.FollowerRole - RaftServer{3}{role=FOLLOWER} - Received KeepAliveRequest{sessionIds=long[]{length=1, hash=33}, commandSequences=long[]{length=1, hash=64}, eventIndexes=long[]{length=1, hash=33}}
00:15:16.193 [raft-server-1] TRACE i.a.p.raft.roles.LeaderAppender - RaftServer{1} - Sending AppendRequest{term=1, leader=1, prevLogIndex=38, prevLogTerm=1, entries=1, commitIndex=39} to 2
00:15:16.193 [raft-server-1] TRACE i.a.p.raft.roles.LeaderAppender - RaftServer{1} - Sending AppendRequest{term=1, leader=1, prevLogIndex=39, prevLogTerm=1, entries=0, commitIndex=39} to 3
00:15:16.193 [raft-server-2] TRACE i.a.p.raft.roles.FollowerRole - RaftServer{2}{role=FOLLOWER} - Received AppendRequest{term=1, leader=1, prevLogIndex=38, prevLogTerm=1, entries=1, commitIndex=39}
00:15:16.193 [raft-server-1] TRACE i.a.p.raft.roles.LeaderAppender - RaftServer{1} - Received AppendResponse{status=OK, term=1, succeeded=true, lastLogIndex=38} from 2
00:15:16.193 [raft-server-3] TRACE i.a.p.raft.roles.FollowerRole - RaftServer{3}{role=FOLLOWER} - Received AppendRequest{term=1, leader=1, prevLogIndex=39, prevLogTerm=1, entries=0, commitIndex=39}
00:15:16.193 [raft-server-1] TRACE i.a.protocols.raft.roles.LeaderRole - RaftServer{1}{role=LEADER} - Received KeepAliveRequest{sessionIds=long[]{length=1, hash=33}, commandSequences=long[]{length=1, hash=64}, eventIndexes=long[]{length=1, hash=33}}
00:15:16.193 [raft-server-2] TRACE i.a.p.raft.roles.FollowerRole - RaftServer{2}{role=FOLLOWER} - Appended Indexed{index=39, entry=CommandEntry{term=1, timestamp=2018-06-11 12:15:15,573, session=2, sequence=34, operation=PrimitiveOperation{id=DefaultOperationId{id=write, type=COMMAND}, value=byte[]{length=17, hash=-1644578928}}}}
00:15:16.193 [raft-server-1] TRACE i.a.protocols.raft.roles.LeaderRole - RaftServer{1}{role=LEADER} - Appended Indexed{index=40, entry=KeepAliveEntry{term=1, timestamp=2018-06-11 12:15:16,193, sessionIds=long[]{length=1, hash=33}, commandSequences=long[]{length=1, hash=64}, eventIndexes=long[]{length=1, hash=33}}}
00:15:16.193 [raft-server-1-state] TRACE i.a.p.raft.impl.RaftServiceManager - RaftServer{1} - Applying Indexed{index=39, entry=CommandEntry{term=1, timestamp=2018-06-11 12:15:15,573, session=2, sequence=34, operation=PrimitiveOperation{id=DefaultOperationId{id=write, type=COMMAND}, value=byte[]{length=17, hash=-1644578928}}}}
00:15:16.194 [raft-server-1-state] TRACE i.a.p.s.impl.DefaultServiceExecutor - PrimitiveService{2}{type=io.atomix.protocols.raft.RaftTest$TestPrimitiveType@5c91ef2b, name=raft-test} - Executing DefaultCommit{index=39, session=RaftSession{RaftServiceContext{server=1, type=io.atomix.protocols.raft.RaftTest$TestPrimitiveType@5c91ef2b, name=raft-test, id=2}, session=2, timestamp=2018-06-11 12:15:15,573}, time=2018-06-11 12:15:15,573, operation=DefaultOperationId{id=write, type=COMMAND}, value=byte[]{length=17, hash=-1644578928}}
00:15:16.194 [raft-server-1-state] TRACE i.a.protocols.raft.roles.LeaderRole - RaftServer{1}{role=LEADER} - Sending CommandResponse{status=OK, index=39, eventIndex=2, result=byte[]{length=2, hash=1318}}
00:15:16.294 [raft-server-1] TRACE i.a.p.raft.roles.LeaderAppender - RaftServer{1} - Sending AppendRequest{term=1, leader=1, prevLogIndex=39, prevLogTerm=1, entries=1, commitIndex=39} to 2
00:15:16.294 [raft-server-1] TRACE i.a.p.raft.roles.LeaderAppender - RaftServer{1} - Sending AppendRequest{term=1, leader=1, prevLogIndex=39, prevLogTerm=1, entries=1, commitIndex=39} to 3
00:15:16.442 [raft-server-2] TRACE i.a.p.raft.roles.FollowerRole - RaftServer{2}{role=FOLLOWER} - Committed entries up to index 39
00:15:16.442 [raft-server-2] TRACE i.a.p.raft.roles.FollowerRole - RaftServer{2}{role=FOLLOWER} - Sending AppendResponse{status=OK, term=1, succeeded=true, lastLogIndex=39}
00:15:16.442 [raft-server-3] TRACE i.a.p.raft.roles.FollowerRole - RaftServer{3}{role=FOLLOWER} - Committed entries up to index 39
00:15:16.442 [raft-server-2] TRACE i.a.p.raft.roles.FollowerRole - RaftServer{2}{role=FOLLOWER} - Received AppendRequest{term=1, leader=1, prevLogIndex=39, prevLogTerm=1, entries=1, commitIndex=39}
00:15:16.442 [raft-server-3] TRACE i.a.p.raft.roles.FollowerRole - RaftServer{3}{role=FOLLOWER} - Sending AppendResponse{status=OK, term=1, succeeded=true, lastLogIndex=39}
00:15:16.442 [raft-server-1] TRACE i.a.p.raft.roles.LeaderAppender - RaftServer{1} - Received AppendResponse{status=OK, term=1, succeeded=true, lastLogIndex=39} from 2
00:15:16.442 [raft-server-3] TRACE i.a.p.raft.roles.FollowerRole - RaftServer{3}{role=FOLLOWER} - Sending CommandResponse{status=OK, index=39, eventIndex=2, result=byte[]{length=2, hash=1318}}
00:15:16.442 [raft-server-1] TRACE i.a.p.raft.roles.LeaderAppender - RaftServer{1} - Received AppendResponse{status=OK, term=1, succeeded=true, lastLogIndex=39} from 3
00:15:16.442 [raft-server-2] TRACE i.a.p.raft.roles.FollowerRole - RaftServer{2}{role=FOLLOWER} - Appended Indexed{index=40, entry=KeepAliveEntry{term=1, timestamp=2018-06-11 12:15:16,193, sessionIds=long[]{length=1, hash=33}, commandSequences=long[]{length=1, hash=64}, eventIndexes=long[]{length=1, hash=33}}}
00:15:16.442 [raft-server-2] TRACE i.a.p.raft.roles.FollowerRole - RaftServer{2}{role=FOLLOWER} - Sending AppendResponse{status=OK, term=1, succeeded=true, lastLogIndex=40}
00:15:16.442 [raft-server-1] TRACE i.a.p.raft.roles.LeaderAppender - RaftServer{1} - Received AppendResponse{status=OK, term=1, succeeded=true, lastLogIndex=40} from 2
00:15:16.442 [raft-server-1] TRACE i.a.p.raft.roles.LeaderAppender - RaftServer{1} - Committed entries up to 40
00:15:16.442 [raft-server-3] TRACE i.a.p.raft.roles.FollowerRole - RaftServer{3}{role=FOLLOWER} - Received AppendRequest{term=1, leader=1, prevLogIndex=39, prevLogTerm=1, entries=1, commitIndex=39}
00:15:16.442 [raft-client-82530a18-bea6-4e53-b81d-3dd8c76650f9-0] TRACE i.a.p.r.s.impl.RaftSessionConnection - SessionClient{2}{type=io.atomix.protocols.raft.RaftTest$TestPrimitiveType@68b11545, name=raft-test} - Received CommandResponse{status=OK, index=39, eventIndex=2, result=byte[]{length=2, hash=1318}} from 3
00:15:16.442 [raft-server-2-state] TRACE i.a.p.raft.impl.RaftServiceManager - RaftServer{2} - Applying Indexed{index=39, entry=CommandEntry{term=1, timestamp=2018-06-11 12:15:15,573, session=2, sequence=34, operation=PrimitiveOperation{id=DefaultOperationId{id=write, type=COMMAND}, value=byte[]{length=17, hash=-1644578928}}}}
00:15:16.442 [raft-client-82530a18-bea6-4e53-b81d-3dd8c76650f9-0] TRACE i.a.p.r.s.impl.RaftSessionSequencer - SessionClient{2}{type=io.atomix.protocols.raft.RaftTest$TestPrimitiveType@68b11545, name=raft-test} - Completing response CommandResponse{status=OK, index=39, eventIndex=2, result=byte[]{length=2, hash=1318}}
00:15:16.442 [raft-server-3] TRACE i.a.p.raft.roles.FollowerRole - RaftServer{3}{role=FOLLOWER} - Appended Indexed{index=40, entry=KeepAliveEntry{term=1, timestamp=2018-06-11 12:15:16,193, sessionIds=long[]{length=1, hash=33}, commandSequences=long[]{length=1, hash=64}, eventIndexes=long[]{length=1, hash=33}}}
00:15:16.442 [raft-server-2-state] TRACE i.a.p.s.impl.DefaultServiceExecutor - PrimitiveService{2}{type=io.atomix.protocols.raft.RaftTest$TestPrimitiveType@4f16731, name=raft-test} - Executing DefaultCommit{index=39, session=RaftSession{RaftServiceContext{server=2, type=io.atomix.protocols.raft.RaftTest$TestPrimitiveType@4f16731, name=raft-test, id=2}, session=2, timestamp=2018-06-11 12:15:15,573}, time=2018-06-11 12:15:15,573, operation=DefaultOperationId{id=write, type=COMMAND}, value=byte[]{length=17, hash=-1644578928}}
00:15:16.443 [raft-client-82530a18-bea6-4e53-b81d-3dd8c76650f9-6] TRACE i.a.p.r.s.impl.RaftSessionConnection - SessionClient{2}{type=io.atomix.protocols.raft.RaftTest$TestPrimitiveType@68b11545, name=raft-test} - Sending CommandRequest{session=2, sequence=35, operation=PrimitiveOperation{id=DefaultOperationId{id=write, type=COMMAND}, value=byte[]{length=17, hash=-1644578928}}} to 3
00:15:16.443 [raft-server-3] TRACE i.a.p.raft.roles.FollowerRole - RaftServer{3}{role=FOLLOWER} - Sending AppendResponse{status=OK, term=1, succeeded=true, lastLogIndex=40}
00:15:16.443 [raft-server-3] TRACE i.a.p.raft.roles.FollowerRole - RaftServer{3}{role=FOLLOWER} - Received CommandRequest{session=2, sequence=35, operation=PrimitiveOperation{id=DefaultOperationId{id=write, type=COMMAND}, value=byte[]{length=17, hash=-1644578928}}}
00:15:16.443 [raft-server-3-state] TRACE i.a.p.raft.impl.RaftServiceManager - RaftServer{3} - Applying Indexed{index=39, entry=CommandEntry{term=1, timestamp=2018-06-11 12:15:15,573, session=2, sequence=34, operation=PrimitiveOperation{id=DefaultOperationId{id=write, type=COMMAND}, value=byte[]{length=17, hash=-1644578928}}}}
00:15:16.443 [raft-server-3-state] TRACE i.a.p.s.impl.DefaultServiceExecutor - PrimitiveService{2}{type=io.atomix.protocols.raft.RaftTest$TestPrimitiveType@3a1a32eb, name=raft-test} - Executing DefaultCommit{index=39, session=RaftSession{RaftServiceContext{server=3, type=io.atomix.protocols.raft.RaftTest$TestPrimitiveType@3a1a32eb, name=raft-test, id=2}, session=2, timestamp=2018-06-11 12:15:15,573}, time=2018-06-11 12:15:15,573, operation=DefaultOperationId{id=write, type=COMMAND}, value=byte[]{length=17, hash=-1644578928}}
00:15:16.659 [raft-server-1] TRACE i.a.p.raft.roles.LeaderAppender - RaftServer{1} - Received AppendResponse{status=OK, term=1, succeeded=true, lastLogIndex=40} from 3
00:15:16.659 [raft-server-1] TRACE i.a.protocols.raft.roles.LeaderRole - RaftServer{1}{role=LEADER} - Received CommandRequest{session=2, sequence=35, operation=PrimitiveOperation{id=DefaultOperationId{id=write, type=COMMAND}, value=byte[]{length=17, hash=-1644578928}}}
00:15:16.941 [raft-server-3] TRACE i.a.p.raft.roles.FollowerRole - RaftServer{3}{role=FOLLOWER} - Sending KeepAliveResponse{status=ERROR, error=RaftError{type=NO_LEADER, message=null}}
00:15:16.942 [raft-client-82530a18-bea6-4e53-b81d-3dd8c76650f9-7] DEBUG i.a.p.r.s.impl.RaftSessionConnection - RaftClient{82530a18-bea6-4e53-b81d-3dd8c76650f9} - KeepAliveRequest{sessionIds=long[]{length=1, hash=33}, commandSequences=long[]{length=1, hash=64}, eventIndexes=long[]{length=1, hash=33}} failed! Reason: {}
java.util.concurrent.TimeoutException: null
	at io.atomix.protocols.raft.protocol.TestRaftProtocol.lambda$scheduleTimeout$0(TestRaftProtocol.java:48) ~[test-classes/:na]
	at java.util.concurrent.Executors$RunnableAdapter.call(Executors.java:511) ~[na:1.8.0_121]
	at java.util.concurrent.FutureTask.run(FutureTask.java:266) ~[na:1.8.0_121]
	at java.util.concurrent.ScheduledThreadPoolExecutor$ScheduledFutureTask.access$201(ScheduledThreadPoolExecutor.java:180) ~[na:1.8.0_121]
	at java.util.concurrent.ScheduledThreadPoolExecutor$ScheduledFutureTask.run(ScheduledThreadPoolExecutor.java:293) ~[na:1.8.0_121]
	at java.util.concurrent.ThreadPoolExecutor.runWorker(ThreadPoolExecutor.java:1142) ~[na:1.8.0_121]
	at java.util.concurrent.ThreadPoolExecutor$Worker.run(ThreadPoolExecutor.java:617) ~[na:1.8.0_121]
	at java.lang.Thread.run(Thread.java:745) ~[na:1.8.0_121]
00:15:16.942 [raft-client-82530a18-bea6-4e53-b81d-3dd8c76650f9-7] TRACE i.a.p.r.s.impl.RaftSessionConnection - RaftClient{82530a18-bea6-4e53-b81d-3dd8c76650f9} - Resetting connection. Reason: null
00:15:16.942 [raft-client-82530a18-bea6-4e53-b81d-3dd8c76650f9-7] TRACE i.a.p.r.s.impl.RaftSessionConnection - RaftClient{82530a18-bea6-4e53-b81d-3dd8c76650f9} - Sending KeepAliveRequest{sessionIds=long[]{length=1, hash=33}, commandSequences=long[]{length=1, hash=64}, eventIndexes=long[]{length=1, hash=33}} to 1
00:15:17.109 [raft-server-1] DEBUG i.a.storage.journal.SegmentedJournal - Created disk segment: JournalSegment{id=5, version=1, index=41, size=64}
00:15:17.109 [raft-server-1] TRACE i.a.protocols.raft.roles.LeaderRole - RaftServer{1}{role=LEADER} - Appended Indexed{index=41, entry=CommandEntry{term=1, timestamp=2018-06-11 12:15:16,659, session=2, sequence=35, operation=PrimitiveOperation{id=DefaultOperationId{id=write, type=COMMAND}, value=byte[]{length=17, hash=-1644578928}}}}
00:15:17.109 [raft-server-1] TRACE i.a.p.raft.roles.LeaderAppender - RaftServer{1} - Sending AppendRequest{term=1, leader=1, prevLogIndex=40, prevLogTerm=1, entries=1, commitIndex=40} to 2
00:15:17.109 [raft-server-2] TRACE i.a.p.raft.roles.FollowerRole - RaftServer{2}{role=FOLLOWER} - Received AppendRequest{term=1, leader=1, prevLogIndex=40, prevLogTerm=1, entries=1, commitIndex=40}
00:15:17.109 [raft-server-1] TRACE i.a.p.raft.roles.LeaderAppender - RaftServer{1} - Sending AppendRequest{term=1, leader=1, prevLogIndex=40, prevLogTerm=1, entries=1, commitIndex=40} to 3
00:15:17.109 [raft-server-3] TRACE i.a.p.raft.roles.FollowerRole - RaftServer{3}{role=FOLLOWER} - Received AppendRequest{term=1, leader=1, prevLogIndex=40, prevLogTerm=1, entries=1, commitIndex=40}
00:15:17.109 [raft-server-1] TRACE i.a.protocols.raft.roles.LeaderRole - RaftServer{1}{role=LEADER} - Received KeepAliveRequest{sessionIds=long[]{length=1, hash=33}, commandSequences=long[]{length=1, hash=64}, eventIndexes=long[]{length=1, hash=33}}
00:15:17.109 [raft-server-1-state] TRACE i.a.p.raft.impl.RaftServiceManager - RaftServer{1} - Applying Indexed{index=40, entry=KeepAliveEntry{term=1, timestamp=2018-06-11 12:15:16,193, sessionIds=long[]{length=1, hash=33}, commandSequences=long[]{length=1, hash=64}, eventIndexes=long[]{length=1, hash=33}}}
00:15:17.109 [raft-server-1] TRACE i.a.protocols.raft.roles.LeaderRole - RaftServer{1}{role=LEADER} - Appended Indexed{index=42, entry=KeepAliveEntry{term=1, timestamp=2018-06-11 12:15:17,109, sessionIds=long[]{length=1, hash=33}, commandSequences=long[]{length=1, hash=64}, eventIndexes=long[]{length=1, hash=33}}}
00:15:17.109 [raft-server-1] TRACE i.a.protocols.raft.roles.LeaderRole - RaftServer{1}{role=LEADER} - Sending KeepAliveResponse{status=OK, leader=1, members=[2, 1, 3], sessionIds=long[]{length=1, hash=33}}
00:15:17.294 [raft-server-1] TRACE i.a.p.raft.roles.LeaderAppender - RaftServer{1} - Sending AppendRequest{term=1, leader=1, prevLogIndex=41, prevLogTerm=1, entries=1, commitIndex=40} to 2
00:15:17.294 [raft-server-1] TRACE i.a.p.raft.roles.LeaderAppender - RaftServer{1} - Sending AppendRequest{term=1, leader=1, prevLogIndex=41, prevLogTerm=1, entries=1, commitIndex=40} to 3
00:15:17.444 [raft-client-82530a18-bea6-4e53-b81d-3dd8c76650f9-2] DEBUG i.a.p.r.s.impl.RaftSessionConnection - SessionClient{2}{type=io.atomix.protocols.raft.RaftTest$TestPrimitiveType@68b11545, name=raft-test} - CommandRequest{session=2, sequence=35, operation=PrimitiveOperation{id=DefaultOperationId{id=write, type=COMMAND}, value=byte[]{length=17, hash=-1644578928}}} failed! Reason: {}
java.util.concurrent.TimeoutException: null
	at io.atomix.protocols.raft.protocol.TestRaftProtocol.lambda$scheduleTimeout$0(TestRaftProtocol.java:48) ~[test-classes/:na]
	at java.util.concurrent.Executors$RunnableAdapter.call(Executors.java:511) ~[na:1.8.0_121]
	at java.util.concurrent.FutureTask.run(FutureTask.java:266) ~[na:1.8.0_121]
	at java.util.concurrent.ScheduledThreadPoolExecutor$ScheduledFutureTask.access$201(ScheduledThreadPoolExecutor.java:180) ~[na:1.8.0_121]
	at java.util.concurrent.ScheduledThreadPoolExecutor$ScheduledFutureTask.run(ScheduledThreadPoolExecutor.java:293) ~[na:1.8.0_121]
	at java.util.concurrent.ThreadPoolExecutor.runWorker(ThreadPoolExecutor.java:1142) ~[na:1.8.0_121]
	at java.util.concurrent.ThreadPoolExecutor$Worker.run(ThreadPoolExecutor.java:617) ~[na:1.8.0_121]
	at java.lang.Thread.run(Thread.java:745) ~[na:1.8.0_121]
00:15:17.444 [raft-client-82530a18-bea6-4e53-b81d-3dd8c76650f9-2] TRACE i.a.p.r.s.impl.RaftSessionConnection - SessionClient{2}{type=io.atomix.protocols.raft.RaftTest$TestPrimitiveType@68b11545, name=raft-test} - Resetting connection. Reason: null
00:15:17.444 [raft-client-82530a18-bea6-4e53-b81d-3dd8c76650f9-2] TRACE i.a.p.r.s.impl.RaftSessionConnection - SessionClient{2}{type=io.atomix.protocols.raft.RaftTest$TestPrimitiveType@68b11545, name=raft-test} - Sending CommandRequest{session=2, sequence=35, operation=PrimitiveOperation{id=DefaultOperationId{id=write, type=COMMAND}, value=byte[]{length=17, hash=-1644578928}}} to 1
00:15:17.444 [raft-server-1] TRACE i.a.protocols.raft.roles.LeaderRole - RaftServer{1}{role=LEADER} - Received CommandRequest{session=2, sequence=35, operation=PrimitiveOperation{id=DefaultOperationId{id=write, type=COMMAND}, value=byte[]{length=17, hash=-1644578928}}}
00:15:17.444 [raft-server-1] TRACE i.a.protocols.raft.roles.LeaderRole - RaftServer{1}{role=LEADER} - Appended Indexed{index=43, entry=CommandEntry{term=1, timestamp=2018-06-11 12:15:17,444, session=2, sequence=35, operation=PrimitiveOperation{id=DefaultOperationId{id=write, type=COMMAND}, value=byte[]{length=17, hash=-1644578928}}}}
00:15:17.667 [raft-server-3] DEBUG i.a.storage.journal.SegmentedJournal - Created disk segment: JournalSegment{id=5, version=1, index=41, size=64}
00:15:17.667 [raft-server-2] DEBUG i.a.storage.journal.SegmentedJournal - Created disk segment: JournalSegment{id=5, version=1, index=41, size=64}
00:15:17.667 [raft-server-3] TRACE i.a.p.raft.roles.FollowerRole - RaftServer{3}{role=FOLLOWER} - Appended Indexed{index=41, entry=CommandEntry{term=1, timestamp=2018-06-11 12:15:16,659, session=2, sequence=35, operation=PrimitiveOperation{id=DefaultOperationId{id=write, type=COMMAND}, value=byte[]{length=17, hash=-1644578928}}}}
00:15:17.667 [raft-server-2] TRACE i.a.p.raft.roles.FollowerRole - RaftServer{2}{role=FOLLOWER} - Appended Indexed{index=41, entry=CommandEntry{term=1, timestamp=2018-06-11 12:15:16,659, session=2, sequence=35, operation=PrimitiveOperation{id=DefaultOperationId{id=write, type=COMMAND}, value=byte[]{length=17, hash=-1644578928}}}}
00:15:17.851 [raft-server-2] TRACE i.a.p.raft.roles.FollowerRole - RaftServer{2}{role=FOLLOWER} - Committed entries up to index 40
00:15:17.851 [raft-server-3] TRACE i.a.p.raft.roles.FollowerRole - RaftServer{3}{role=FOLLOWER} - Committed entries up to index 40
00:15:17.851 [raft-server-2] TRACE i.a.p.raft.roles.FollowerRole - RaftServer{2}{role=FOLLOWER} - Sending AppendResponse{status=OK, term=1, succeeded=true, lastLogIndex=41}
00:15:17.851 [raft-server-3] TRACE i.a.p.raft.roles.FollowerRole - RaftServer{3}{role=FOLLOWER} - Sending AppendResponse{status=OK, term=1, succeeded=true, lastLogIndex=41}
00:15:17.851 [raft-server-2] TRACE i.a.p.raft.roles.FollowerRole - RaftServer{2}{role=FOLLOWER} - Received AppendRequest{term=1, leader=1, prevLogIndex=41, prevLogTerm=1, entries=1, commitIndex=40}
00:15:17.851 [raft-server-3] TRACE i.a.p.raft.roles.FollowerRole - RaftServer{3}{role=FOLLOWER} - Received AppendRequest{term=1, leader=1, prevLogIndex=41, prevLogTerm=1, entries=1, commitIndex=40}
00:15:17.851 [raft-server-1] TRACE i.a.p.raft.roles.LeaderAppender - RaftServer{1} - Received AppendResponse{status=OK, term=1, succeeded=true, lastLogIndex=41} from 2
00:15:17.852 [raft-server-1] TRACE i.a.p.raft.roles.LeaderAppender - RaftServer{1} - Committed entries up to 41
00:15:17.852 [raft-server-2] TRACE i.a.p.raft.roles.FollowerRole - RaftServer{2}{role=FOLLOWER} - Appended Indexed{index=42, entry=KeepAliveEntry{term=1, timestamp=2018-06-11 12:15:17,109, sessionIds=long[]{length=1, hash=33}, commandSequences=long[]{length=1, hash=64}, eventIndexes=long[]{length=1, hash=33}}}
00:15:17.852 [raft-server-3] TRACE i.a.p.raft.roles.FollowerRole - RaftServer{3}{role=FOLLOWER} - Appended Indexed{index=42, entry=KeepAliveEntry{term=1, timestamp=2018-06-11 12:15:17,109, sessionIds=long[]{length=1, hash=33}, commandSequences=long[]{length=1, hash=64}, eventIndexes=long[]{length=1, hash=33}}}
00:15:17.852 [raft-server-2] TRACE i.a.p.raft.roles.FollowerRole - RaftServer{2}{role=FOLLOWER} - Sending AppendResponse{status=OK, term=1, succeeded=true, lastLogIndex=42}
00:15:17.852 [raft-server-3] TRACE i.a.p.raft.roles.FollowerRole - RaftServer{3}{role=FOLLOWER} - Sending AppendResponse{status=OK, term=1, succeeded=true, lastLogIndex=42}
00:15:17.852 [raft-server-3] TRACE i.a.p.raft.roles.FollowerRole - RaftServer{3}{role=FOLLOWER} - Sending CommandResponse{status=ERROR, error=RaftError{type=NO_LEADER, message=null}, lastSequence=0}
00:15:17.852 [raft-server-2-state] TRACE i.a.p.raft.impl.RaftServiceManager - RaftServer{2} - Applying Indexed{index=40, entry=KeepAliveEntry{term=1, timestamp=2018-06-11 12:15:16,193, sessionIds=long[]{length=1, hash=33}, commandSequences=long[]{length=1, hash=64}, eventIndexes=long[]{length=1, hash=33}}}
00:15:17.852 [raft-server-3-state] TRACE i.a.p.raft.impl.RaftServiceManager - RaftServer{3} - Applying Indexed{index=40, entry=KeepAliveEntry{term=1, timestamp=2018-06-11 12:15:16,193, sessionIds=long[]{length=1, hash=33}, commandSequences=long[]{length=1, hash=64}, eventIndexes=long[]{length=1, hash=33}}}
00:15:17.934 [raft-server-1] TRACE i.a.p.raft.roles.LeaderAppender - RaftServer{1} - Sending AppendRequest{term=1, leader=1, prevLogIndex=42, prevLogTerm=1, entries=1, commitIndex=41} to 2
00:15:17.934 [raft-server-2] TRACE i.a.p.raft.roles.FollowerRole - RaftServer{2}{role=FOLLOWER} - Received AppendRequest{term=1, leader=1, prevLogIndex=42, prevLogTerm=1, entries=1, commitIndex=41}
00:15:17.934 [raft-server-2] TRACE i.a.p.raft.roles.FollowerRole - RaftServer{2}{role=FOLLOWER} - Appended Indexed{index=43, entry=CommandEntry{term=1, timestamp=2018-06-11 12:15:17,444, session=2, sequence=35, operation=PrimitiveOperation{id=DefaultOperationId{id=write, type=COMMAND}, value=byte[]{length=17, hash=-1644578928}}}}
00:15:17.934 [raft-server-1] TRACE i.a.p.raft.roles.LeaderAppender - RaftServer{1} - Received AppendResponse{status=OK, term=1, succeeded=true, lastLogIndex=41} from 3
00:15:17.934 [raft-server-1] TRACE i.a.p.raft.roles.LeaderAppender - RaftServer{1} - Sending AppendRequest{term=1, leader=1, prevLogIndex=42, prevLogTerm=1, entries=1, commitIndex=41} to 3
00:15:17.934 [raft-server-1] TRACE i.a.p.raft.roles.LeaderAppender - RaftServer{1} - Received AppendResponse{status=OK, term=1, succeeded=true, lastLogIndex=42} from 2
00:15:17.934 [raft-server-3] TRACE i.a.p.raft.roles.FollowerRole - RaftServer{3}{role=FOLLOWER} - Received AppendRequest{term=1, leader=1, prevLogIndex=42, prevLogTerm=1, entries=1, commitIndex=41}
00:15:17.934 [raft-server-1] TRACE i.a.p.raft.roles.LeaderAppender - RaftServer{1} - Committed entries up to 42
00:15:17.934 [raft-server-3] TRACE i.a.p.raft.roles.FollowerRole - RaftServer{3}{role=FOLLOWER} - Appended Indexed{index=43, entry=CommandEntry{term=1, timestamp=2018-06-11 12:15:17,444, session=2, sequence=35, operation=PrimitiveOperation{id=DefaultOperationId{id=write, type=COMMAND}, value=byte[]{length=17, hash=-1644578928}}}}
00:15:17.943 [raft-client-82530a18-bea6-4e53-b81d-3dd8c76650f9-5] DEBUG i.a.p.r.s.impl.RaftSessionConnection - RaftClient{82530a18-bea6-4e53-b81d-3dd8c76650f9} - KeepAliveRequest{sessionIds=long[]{length=1, hash=33}, commandSequences=long[]{length=1, hash=64}, eventIndexes=long[]{length=1, hash=33}} failed! Reason: {}
java.util.concurrent.TimeoutException: null
	at io.atomix.protocols.raft.protocol.TestRaftProtocol.lambda$scheduleTimeout$0(TestRaftProtocol.java:48) ~[test-classes/:na]
	at java.util.concurrent.Executors$RunnableAdapter.call(Executors.java:511) ~[na:1.8.0_121]
	at java.util.concurrent.FutureTask.run(FutureTask.java:266) ~[na:1.8.0_121]
	at java.util.concurrent.ScheduledThreadPoolExecutor$ScheduledFutureTask.access$201(ScheduledThreadPoolExecutor.java:180) ~[na:1.8.0_121]
	at java.util.concurrent.ScheduledThreadPoolExecutor$ScheduledFutureTask.run(ScheduledThreadPoolExecutor.java:293) ~[na:1.8.0_121]
	at java.util.concurrent.ThreadPoolExecutor.runWorker(ThreadPoolExecutor.java:1142) ~[na:1.8.0_121]
	at java.util.concurrent.ThreadPoolExecutor$Worker.run(ThreadPoolExecutor.java:617) ~[na:1.8.0_121]
	at java.lang.Thread.run(Thread.java:745) ~[na:1.8.0_121]
00:15:17.943 [raft-client-82530a18-bea6-4e53-b81d-3dd8c76650f9-5] TRACE i.a.p.r.s.impl.RaftSessionConnection - RaftClient{82530a18-bea6-4e53-b81d-3dd8c76650f9} - Resetting connection. Reason: null
00:15:17.943 [raft-client-82530a18-bea6-4e53-b81d-3dd8c76650f9-5] TRACE i.a.p.r.s.impl.RaftSessionConnection - RaftClient{82530a18-bea6-4e53-b81d-3dd8c76650f9} - Sending KeepAliveRequest{sessionIds=long[]{length=1, hash=33}, commandSequences=long[]{length=1, hash=64}, eventIndexes=long[]{length=1, hash=33}} to 3
00:15:18.035 [raft-server-3] TRACE i.a.p.raft.roles.FollowerRole - RaftServer{3}{role=FOLLOWER} - Committed entries up to index 41
00:15:18.035 [raft-server-2] TRACE i.a.p.raft.roles.FollowerRole - RaftServer{2}{role=FOLLOWER} - Committed entries up to index 41
00:15:18.035 [raft-server-1] TRACE i.a.p.raft.roles.LeaderAppender - RaftServer{1} - Received AppendResponse{status=OK, term=1, succeeded=true, lastLogIndex=42} from 3
00:15:18.035 [raft-server-3] TRACE i.a.p.raft.roles.FollowerRole - RaftServer{3}{role=FOLLOWER} - Sending AppendResponse{status=OK, term=1, succeeded=true, lastLogIndex=43}
00:15:18.035 [raft-server-2] TRACE i.a.p.raft.roles.FollowerRole - RaftServer{2}{role=FOLLOWER} - Sending AppendResponse{status=OK, term=1, succeeded=true, lastLogIndex=43}
00:15:18.035 [raft-server-1] TRACE i.a.p.raft.roles.LeaderAppender - RaftServer{1} - Received AppendResponse{status=OK, term=1, succeeded=true, lastLogIndex=43} from 3
00:15:18.035 [raft-server-3] TRACE i.a.p.raft.roles.FollowerRole - RaftServer{3}{role=FOLLOWER} - Received KeepAliveRequest{sessionIds=long[]{length=1, hash=33}, commandSequences=long[]{length=1, hash=64}, eventIndexes=long[]{length=1, hash=33}}
00:15:18.035 [raft-server-1-state] TRACE i.a.p.raft.impl.RaftServiceManager - RaftServer{1} - Applying Indexed{index=41, entry=CommandEntry{term=1, timestamp=2018-06-11 12:15:16,659, session=2, sequence=35, operation=PrimitiveOperation{id=DefaultOperationId{id=write, type=COMMAND}, value=byte[]{length=17, hash=-1644578928}}}}
00:15:18.035 [raft-server-2-state] TRACE i.a.p.raft.impl.RaftServiceManager - RaftServer{2} - Applying Indexed{index=41, entry=CommandEntry{term=1, timestamp=2018-06-11 12:15:16,659, session=2, sequence=35, operation=PrimitiveOperation{id=DefaultOperationId{id=write, type=COMMAND}, value=byte[]{length=17, hash=-1644578928}}}}
00:15:18.035 [raft-server-1] TRACE i.a.p.raft.roles.LeaderAppender - RaftServer{1} - Committed entries up to 43
00:15:18.035 [raft-server-3-state] TRACE i.a.p.raft.impl.RaftServiceManager - RaftServer{3} - Applying Indexed{index=41, entry=CommandEntry{term=1, timestamp=2018-06-11 12:15:16,659, session=2, sequence=35, operation=PrimitiveOperation{id=DefaultOperationId{id=write, type=COMMAND}, value=byte[]{length=17, hash=-1644578928}}}}
00:15:18.035 [raft-server-1-state] TRACE i.a.p.s.impl.DefaultServiceExecutor - PrimitiveService{2}{type=io.atomix.protocols.raft.RaftTest$TestPrimitiveType@5c91ef2b, name=raft-test} - Executing DefaultCommit{index=41, session=RaftSession{RaftServiceContext{server=1, type=io.atomix.protocols.raft.RaftTest$TestPrimitiveType@5c91ef2b, name=raft-test, id=2}, session=2, timestamp=2018-06-11 12:15:16,659}, time=2018-06-11 12:15:16,659, operation=DefaultOperationId{id=write, type=COMMAND}, value=byte[]{length=17, hash=-1644578928}}
00:15:18.035 [raft-server-2-state] TRACE i.a.p.s.impl.DefaultServiceExecutor - PrimitiveService{2}{type=io.atomix.protocols.raft.RaftTest$TestPrimitiveType@4f16731, name=raft-test} - Executing DefaultCommit{index=41, session=RaftSession{RaftServiceContext{server=2, type=io.atomix.protocols.raft.RaftTest$TestPrimitiveType@4f16731, name=raft-test, id=2}, session=2, timestamp=2018-06-11 12:15:16,659}, time=2018-06-11 12:15:16,659, operation=DefaultOperationId{id=write, type=COMMAND}, value=byte[]{length=17, hash=-1644578928}}
00:15:18.036 [raft-server-3-state] TRACE i.a.p.s.impl.DefaultServiceExecutor - PrimitiveService{2}{type=io.atomix.protocols.raft.RaftTest$TestPrimitiveType@3a1a32eb, name=raft-test} - Executing DefaultCommit{index=41, session=RaftSession{RaftServiceContext{server=3, type=io.atomix.protocols.raft.RaftTest$TestPrimitiveType@3a1a32eb, name=raft-test, id=2}, session=2, timestamp=2018-06-11 12:15:16,659}, time=2018-06-11 12:15:16,659, operation=DefaultOperationId{id=write, type=COMMAND}, value=byte[]{length=17, hash=-1644578928}}
00:15:18.036 [raft-server-1] TRACE i.a.p.raft.roles.LeaderAppender - RaftServer{1} - Received AppendResponse{status=OK, term=1, succeeded=true, lastLogIndex=43} from 2
00:15:18.036 [raft-server-1-state] TRACE i.a.protocols.raft.roles.LeaderRole - RaftServer{1}{role=LEADER} - Sending CommandResponse{status=OK, index=41, eventIndex=2, result=byte[]{length=2, hash=1322}}
00:15:18.036 [raft-server-1] TRACE i.a.protocols.raft.roles.LeaderRole - RaftServer{1}{role=LEADER} - Received KeepAliveRequest{sessionIds=long[]{length=1, hash=33}, commandSequences=long[]{length=1, hash=64}, eventIndexes=long[]{length=1, hash=33}}
00:15:18.036 [raft-server-1-state] TRACE i.a.p.raft.impl.RaftServiceManager - RaftServer{1} - Applying Indexed{index=42, entry=KeepAliveEntry{term=1, timestamp=2018-06-11 12:15:17,109, sessionIds=long[]{length=1, hash=33}, commandSequences=long[]{length=1, hash=64}, eventIndexes=long[]{length=1, hash=33}}}
00:15:18.036 [raft-server-1] TRACE i.a.protocols.raft.roles.LeaderRole - RaftServer{1}{role=LEADER} - Appended Indexed{index=44, entry=KeepAliveEntry{term=1, timestamp=2018-06-11 12:15:18,036, sessionIds=long[]{length=1, hash=33}, commandSequences=long[]{length=1, hash=64}, eventIndexes=long[]{length=1, hash=33}}}
00:15:18.036 [raft-server-1-state] TRACE i.a.p.raft.impl.RaftServiceManager - RaftServer{1} - Applying Indexed{index=43, entry=CommandEntry{term=1, timestamp=2018-06-11 12:15:17,444, session=2, sequence=35, operation=PrimitiveOperation{id=DefaultOperationId{id=write, type=COMMAND}, value=byte[]{length=17, hash=-1644578928}}}}
00:15:18.036 [raft-server-1] TRACE i.a.protocols.raft.roles.LeaderRole - RaftServer{1}{role=LEADER} - Sending KeepAliveResponse{status=OK, leader=1, members=[2, 1, 3], sessionIds=long[]{length=1, hash=33}}
00:15:18.036 [raft-server-1-state] TRACE i.a.p.r.service.RaftServiceContext - PrimitiveService{2}{type=io.atomix.protocols.raft.RaftTest$TestPrimitiveType@5c91ef2b, name=raft-test} - Returning cached result for command with sequence number 35 < 36
00:15:18.036 [raft-server-1-state] TRACE i.a.protocols.raft.roles.LeaderRole - RaftServer{1}{role=LEADER} - Sending CommandResponse{status=OK, index=41, eventIndex=2, result=byte[]{length=2, hash=1322}}
00:15:18.036 [raft-server-1] TRACE i.a.p.raft.roles.LeaderAppender - RaftServer{1} - Sending AppendRequest{term=1, leader=1, prevLogIndex=43, prevLogTerm=1, entries=1, commitIndex=43} to 2
00:15:18.037 [raft-server-2] TRACE i.a.p.raft.roles.FollowerRole - RaftServer{2}{role=FOLLOWER} - Received AppendRequest{term=1, leader=1, prevLogIndex=43, prevLogTerm=1, entries=1, commitIndex=43}
00:15:18.037 [raft-client-82530a18-bea6-4e53-b81d-3dd8c76650f9-1] TRACE i.a.p.r.s.impl.RaftSessionConnection - SessionClient{2}{type=io.atomix.protocols.raft.RaftTest$TestPrimitiveType@68b11545, name=raft-test} - Received CommandResponse{status=OK, index=41, eventIndex=2, result=byte[]{length=2, hash=1322}} from 1
00:15:18.037 [raft-server-1] TRACE i.a.p.raft.roles.LeaderAppender - RaftServer{1} - Sending AppendRequest{term=1, leader=1, prevLogIndex=43, prevLogTerm=1, entries=1, commitIndex=43} to 3
00:15:18.037 [raft-client-82530a18-bea6-4e53-b81d-3dd8c76650f9-1] TRACE i.a.p.r.s.impl.RaftSessionSequencer - SessionClient{2}{type=io.atomix.protocols.raft.RaftTest$TestPrimitiveType@68b11545, name=raft-test} - Completing response CommandResponse{status=OK, index=41, eventIndex=2, result=byte[]{length=2, hash=1322}}
00:15:18.037 [raft-server-3] TRACE i.a.p.raft.roles.FollowerRole - RaftServer{3}{role=FOLLOWER} - Received AppendRequest{term=1, leader=1, prevLogIndex=43, prevLogTerm=1, entries=1, commitIndex=43}
00:15:18.037 [raft-server-2] TRACE i.a.p.raft.roles.FollowerRole - RaftServer{2}{role=FOLLOWER} - Appended Indexed{index=44, entry=KeepAliveEntry{term=1, timestamp=2018-06-11 12:15:18,036, sessionIds=long[]{length=1, hash=33}, commandSequences=long[]{length=1, hash=64}, eventIndexes=long[]{length=1, hash=33}}}
00:15:18.037 [raft-server-3] TRACE i.a.p.raft.roles.FollowerRole - RaftServer{3}{role=FOLLOWER} - Appended Indexed{index=44, entry=KeepAliveEntry{term=1, timestamp=2018-06-11 12:15:18,036, sessionIds=long[]{length=1, hash=33}, commandSequences=long[]{length=1, hash=64}, eventIndexes=long[]{length=1, hash=33}}}
00:15:18.037 [raft-client-82530a18-bea6-4e53-b81d-3dd8c76650f9-3] TRACE i.a.p.r.s.impl.RaftSessionConnection - SessionClient{2}{type=io.atomix.protocols.raft.RaftTest$TestPrimitiveType@68b11545, name=raft-test} - Sending CommandRequest{session=2, sequence=36, operation=PrimitiveOperation{id=DefaultOperationId{id=write, type=COMMAND}, value=byte[]{length=17, hash=-1644578928}}} to 1
00:15:18.037 [raft-server-1] TRACE i.a.protocols.raft.roles.LeaderRole - RaftServer{1}{role=LEADER} - Received CommandRequest{session=2, sequence=36, operation=PrimitiveOperation{id=DefaultOperationId{id=write, type=COMMAND}, value=byte[]{length=17, hash=-1644578928}}}
00:15:18.037 [raft-server-1] TRACE i.a.protocols.raft.roles.LeaderRole - RaftServer{1}{role=LEADER} - Appended Indexed{index=45, entry=CommandEntry{term=1, timestamp=2018-06-11 12:15:18,037, session=2, sequence=36, operation=PrimitiveOperation{id=DefaultOperationId{id=write, type=COMMAND}, value=byte[]{length=17, hash=-1644578928}}}}
00:15:18.140 [raft-server-3] TRACE i.a.p.raft.roles.FollowerRole - RaftServer{3}{role=FOLLOWER} - Committed entries up to index 43
00:15:18.140 [raft-server-3] TRACE i.a.p.raft.roles.FollowerRole - RaftServer{3}{role=FOLLOWER} - Sending AppendResponse{status=OK, term=1, succeeded=true, lastLogIndex=44}
00:15:18.140 [raft-server-2] TRACE i.a.p.raft.roles.FollowerRole - RaftServer{2}{role=FOLLOWER} - Committed entries up to index 43
00:15:18.141 [raft-server-1] TRACE i.a.p.raft.roles.LeaderAppender - RaftServer{1} - Received AppendResponse{status=OK, term=1, succeeded=true, lastLogIndex=44} from 3
00:15:18.141 [raft-server-2] TRACE i.a.p.raft.roles.FollowerRole - RaftServer{2}{role=FOLLOWER} - Sending AppendResponse{status=OK, term=1, succeeded=true, lastLogIndex=44}
00:15:18.141 [raft-server-3-state] TRACE i.a.p.raft.impl.RaftServiceManager - RaftServer{3} - Applying Indexed{index=42, entry=KeepAliveEntry{term=1, timestamp=2018-06-11 12:15:17,109, sessionIds=long[]{length=1, hash=33}, commandSequences=long[]{length=1, hash=64}, eventIndexes=long[]{length=1, hash=33}}}
00:15:18.141 [raft-server-1] TRACE i.a.p.raft.roles.LeaderAppender - RaftServer{1} - Committed entries up to 44
00:15:18.141 [raft-server-2-state] TRACE i.a.p.raft.impl.RaftServiceManager - RaftServer{2} - Applying Indexed{index=42, entry=KeepAliveEntry{term=1, timestamp=2018-06-11 12:15:17,109, sessionIds=long[]{length=1, hash=33}, commandSequences=long[]{length=1, hash=64}, eventIndexes=long[]{length=1, hash=33}}}
00:15:18.141 [raft-server-3-state] TRACE i.a.p.raft.impl.RaftServiceManager - RaftServer{3} - Applying Indexed{index=43, entry=CommandEntry{term=1, timestamp=2018-06-11 12:15:17,444, session=2, sequence=35, operation=PrimitiveOperation{id=DefaultOperationId{id=write, type=COMMAND}, value=byte[]{length=17, hash=-1644578928}}}}
00:15:18.141 [raft-server-2-state] TRACE i.a.p.raft.impl.RaftServiceManager - RaftServer{2} - Applying Indexed{index=43, entry=CommandEntry{term=1, timestamp=2018-06-11 12:15:17,444, session=2, sequence=35, operation=PrimitiveOperation{id=DefaultOperationId{id=write, type=COMMAND}, value=byte[]{length=17, hash=-1644578928}}}}
00:15:18.141 [raft-server-3-state] TRACE i.a.p.r.service.RaftServiceContext - PrimitiveService{2}{type=io.atomix.protocols.raft.RaftTest$TestPrimitiveType@3a1a32eb, name=raft-test} - Returning cached result for command with sequence number 35 < 36
00:15:18.141 [raft-server-2-state] TRACE i.a.p.r.service.RaftServiceContext - PrimitiveService{2}{type=io.atomix.protocols.raft.RaftTest$TestPrimitiveType@4f16731, name=raft-test} - Returning cached result for command with sequence number 35 < 36
00:15:18.225 [raft-server-1] TRACE i.a.p.raft.roles.LeaderAppender - RaftServer{1} - Sending AppendRequest{term=1, leader=1, prevLogIndex=44, prevLogTerm=1, entries=1, commitIndex=44} to 3
00:15:18.225 [raft-server-1] TRACE i.a.p.raft.roles.LeaderAppender - RaftServer{1} - Sending AppendRequest{term=1, leader=1, prevLogIndex=44, prevLogTerm=1, entries=1, commitIndex=44} to 2
00:15:18.225 [raft-server-3] TRACE i.a.p.raft.roles.FollowerRole - RaftServer{3}{role=FOLLOWER} - Received AppendRequest{term=1, leader=1, prevLogIndex=44, prevLogTerm=1, entries=1, commitIndex=44}
00:15:18.225 [raft-server-2] TRACE i.a.p.raft.roles.FollowerRole - RaftServer{2}{role=FOLLOWER} - Received AppendRequest{term=1, leader=1, prevLogIndex=44, prevLogTerm=1, entries=1, commitIndex=44}
00:15:18.225 [raft-server-1] TRACE i.a.p.raft.roles.LeaderAppender - RaftServer{1} - Received AppendResponse{status=OK, term=1, succeeded=true, lastLogIndex=44} from 2
00:15:18.226 [raft-server-3] TRACE i.a.p.raft.roles.FollowerRole - RaftServer{3}{role=FOLLOWER} - Appended Indexed{index=45, entry=CommandEntry{term=1, timestamp=2018-06-11 12:15:18,037, session=2, sequence=36, operation=PrimitiveOperation{id=DefaultOperationId{id=write, type=COMMAND}, value=byte[]{length=17, hash=-1644578928}}}}
00:15:18.226 [raft-server-2] TRACE i.a.p.raft.roles.FollowerRole - RaftServer{2}{role=FOLLOWER} - Appended Indexed{index=45, entry=CommandEntry{term=1, timestamp=2018-06-11 12:15:18,037, session=2, sequence=36, operation=PrimitiveOperation{id=DefaultOperationId{id=write, type=COMMAND}, value=byte[]{length=17, hash=-1644578928}}}}
00:15:18.226 [raft-server-1-state] TRACE i.a.p.raft.impl.RaftServiceManager - RaftServer{1} - Applying Indexed{index=44, entry=KeepAliveEntry{term=1, timestamp=2018-06-11 12:15:18,036, sessionIds=long[]{length=1, hash=33}, commandSequences=long[]{length=1, hash=64}, eventIndexes=long[]{length=1, hash=33}}}
00:15:18.226 [raft-server-1] TRACE i.a.protocols.raft.roles.LeaderRole - RaftServer{1}{role=LEADER} - Sending KeepAliveResponse{status=OK, leader=1, members=[2, 1, 3], sessionIds=long[]{length=1, hash=33}}
00:15:18.390 [raft-server-3] TRACE i.a.p.raft.roles.FollowerRole - RaftServer{3}{role=FOLLOWER} - Committed entries up to index 44
00:15:18.390 [raft-server-2] TRACE i.a.p.raft.roles.FollowerRole - RaftServer{2}{role=FOLLOWER} - Committed entries up to index 44
00:15:18.390 [raft-server-3] TRACE i.a.p.raft.roles.FollowerRole - RaftServer{3}{role=FOLLOWER} - Sending AppendResponse{status=OK, term=1, succeeded=true, lastLogIndex=45}
00:15:18.390 [raft-server-2] TRACE i.a.p.raft.roles.FollowerRole - RaftServer{2}{role=FOLLOWER} - Sending AppendResponse{status=OK, term=1, succeeded=true, lastLogIndex=45}
00:15:18.391 [raft-server-3] TRACE i.a.p.raft.roles.FollowerRole - RaftServer{3}{role=FOLLOWER} - Sending KeepAliveResponse{status=OK, leader=1, members=[2, 1, 3], sessionIds=long[]{length=1, hash=33}}
00:15:18.391 [raft-server-1] TRACE i.a.p.raft.roles.LeaderAppender - RaftServer{1} - Received AppendResponse{status=OK, term=1, succeeded=true, lastLogIndex=45} from 3
00:15:18.391 [raft-server-2-state] TRACE i.a.p.raft.impl.RaftServiceManager - RaftServer{2} - Applying Indexed{index=44, entry=KeepAliveEntry{term=1, timestamp=2018-06-11 12:15:18,036, sessionIds=long[]{length=1, hash=33}, commandSequences=long[]{length=1, hash=64}, eventIndexes=long[]{length=1, hash=33}}}
00:15:18.391 [raft-server-1] TRACE i.a.p.raft.roles.LeaderAppender - RaftServer{1} - Committed entries up to 45
00:15:18.391 [raft-client-82530a18-bea6-4e53-b81d-3dd8c76650f9-0] TRACE i.a.p.r.s.impl.RaftSessionConnection - RaftClient{82530a18-bea6-4e53-b81d-3dd8c76650f9} - Received KeepAliveResponse{status=OK, leader=1, members=[2, 1, 3], sessionIds=long[]{length=1, hash=33}} from 3
00:15:18.391 [raft-server-3-state] TRACE i.a.p.raft.impl.RaftServiceManager - RaftServer{3} - Applying Indexed{index=44, entry=KeepAliveEntry{term=1, timestamp=2018-06-11 12:15:18,036, sessionIds=long[]{length=1, hash=33}, commandSequences=long[]{length=1, hash=64}, eventIndexes=long[]{length=1, hash=33}}}
00:15:18.441 [raft-client-82530a18-bea6-4e53-b81d-3dd8c76650f9-0] TRACE i.a.p.r.s.impl.RaftSessionManager - RaftClient{82530a18-bea6-4e53-b81d-3dd8c76650f9} - Keeping 1 sessions alive
00:15:18.441 [raft-client-82530a18-bea6-4e53-b81d-3dd8c76650f9-0] TRACE i.a.p.r.s.impl.RaftSessionConnection - RaftClient{82530a18-bea6-4e53-b81d-3dd8c76650f9} - Sending KeepAliveRequest{sessionIds=long[]{length=1, hash=33}, commandSequences=long[]{length=1, hash=66}, eventIndexes=long[]{length=1, hash=33}} to 3
00:15:18.441 [raft-server-3] TRACE i.a.p.raft.roles.FollowerRole - RaftServer{3}{role=FOLLOWER} - Received KeepAliveRequest{sessionIds=long[]{length=1, hash=33}, commandSequences=long[]{length=1, hash=66}, eventIndexes=long[]{length=1, hash=33}}
00:15:18.492 [raft-server-1] TRACE i.a.p.raft.roles.LeaderAppender - RaftServer{1} - Sending AppendRequest{term=1, leader=1, prevLogIndex=45, prevLogTerm=1, entries=0, commitIndex=45} to 3
00:15:18.492 [raft-server-1] TRACE i.a.p.raft.roles.LeaderAppender - RaftServer{1} - Received AppendResponse{status=OK, term=1, succeeded=true, lastLogIndex=45} from 2
00:15:18.492 [raft-server-3] TRACE i.a.p.raft.roles.FollowerRole - RaftServer{3}{role=FOLLOWER} - Received AppendRequest{term=1, leader=1, prevLogIndex=45, prevLogTerm=1, entries=0, commitIndex=45}
00:15:18.492 [raft-server-1] TRACE i.a.p.raft.roles.LeaderAppender - RaftServer{1} - Sending AppendRequest{term=1, leader=1, prevLogIndex=45, prevLogTerm=1, entries=0, commitIndex=45} to 2
00:15:18.492 [raft-server-1] TRACE i.a.protocols.raft.roles.LeaderRole - RaftServer{1}{role=LEADER} - Received KeepAliveRequest{sessionIds=long[]{length=1, hash=33}, commandSequences=long[]{length=1, hash=66}, eventIndexes=long[]{length=1, hash=33}}
00:15:18.492 [raft-server-2] TRACE i.a.p.raft.roles.FollowerRole - RaftServer{2}{role=FOLLOWER} - Received AppendRequest{term=1, leader=1, prevLogIndex=45, prevLogTerm=1, entries=0, commitIndex=45}
00:15:18.492 [raft-server-1] TRACE i.a.protocols.raft.roles.LeaderRole - RaftServer{1}{role=LEADER} - Appended Indexed{index=46, entry=KeepAliveEntry{term=1, timestamp=2018-06-11 12:15:18,492, sessionIds=long[]{length=1, hash=33}, commandSequences=long[]{length=1, hash=66}, eventIndexes=long[]{length=1, hash=33}}}
00:15:18.492 [raft-server-1-state] TRACE i.a.p.raft.impl.RaftServiceManager - RaftServer{1} - Applying Indexed{index=45, entry=CommandEntry{term=1, timestamp=2018-06-11 12:15:18,037, session=2, sequence=36, operation=PrimitiveOperation{id=DefaultOperationId{id=write, type=COMMAND}, value=byte[]{length=17, hash=-1644578928}}}}
00:15:18.493 [raft-server-1-state] TRACE i.a.p.s.impl.DefaultServiceExecutor - PrimitiveService{2}{type=io.atomix.protocols.raft.RaftTest$TestPrimitiveType@5c91ef2b, name=raft-test} - Executing DefaultCommit{index=45, session=RaftSession{RaftServiceContext{server=1, type=io.atomix.protocols.raft.RaftTest$TestPrimitiveType@5c91ef2b, name=raft-test, id=2}, session=2, timestamp=2018-06-11 12:15:18,037}, time=2018-06-11 12:15:18,037, operation=DefaultOperationId{id=write, type=COMMAND}, value=byte[]{length=17, hash=-1644578928}}
00:15:18.493 [raft-server-1-state] TRACE i.a.protocols.raft.roles.LeaderRole - RaftServer{1}{role=LEADER} - Sending CommandResponse{status=OK, index=45, eventIndex=2, result=byte[]{length=2, hash=1330}}
00:15:18.493 [raft-client-82530a18-bea6-4e53-b81d-3dd8c76650f9-5] TRACE i.a.p.r.s.impl.RaftSessionConnection - SessionClient{2}{type=io.atomix.protocols.raft.RaftTest$TestPrimitiveType@68b11545, name=raft-test} - Received CommandResponse{status=OK, index=45, eventIndex=2, result=byte[]{length=2, hash=1330}} from 1
00:15:18.493 [raft-client-82530a18-bea6-4e53-b81d-3dd8c76650f9-5] TRACE i.a.p.r.s.impl.RaftSessionSequencer - SessionClient{2}{type=io.atomix.protocols.raft.RaftTest$TestPrimitiveType@68b11545, name=raft-test} - Completing response CommandResponse{status=OK, index=45, eventIndex=2, result=byte[]{length=2, hash=1330}}
00:15:18.493 [raft-client-82530a18-bea6-4e53-b81d-3dd8c76650f9-1] TRACE i.a.p.r.s.impl.RaftSessionConnection - SessionClient{2}{type=io.atomix.protocols.raft.RaftTest$TestPrimitiveType@68b11545, name=raft-test} - Sending CommandRequest{session=2, sequence=37, operation=PrimitiveOperation{id=DefaultOperationId{id=write, type=COMMAND}, value=byte[]{length=17, hash=-1644578928}}} to 1
00:15:18.493 [raft-server-1] TRACE i.a.protocols.raft.roles.LeaderRole - RaftServer{1}{role=LEADER} - Received CommandRequest{session=2, sequence=37, operation=PrimitiveOperation{id=DefaultOperationId{id=write, type=COMMAND}, value=byte[]{length=17, hash=-1644578928}}}
00:15:18.493 [raft-server-1] TRACE i.a.protocols.raft.roles.LeaderRole - RaftServer{1}{role=LEADER} - Appended Indexed{index=47, entry=CommandEntry{term=1, timestamp=2018-06-11 12:15:18,493, session=2, sequence=37, operation=PrimitiveOperation{id=DefaultOperationId{id=write, type=COMMAND}, value=byte[]{length=17, hash=-1644578928}}}}
00:15:18.608 [raft-server-3] TRACE i.a.p.raft.roles.FollowerRole - RaftServer{3}{role=FOLLOWER} - Committed entries up to index 45
00:15:18.609 [raft-server-3] TRACE i.a.p.raft.roles.FollowerRole - RaftServer{3}{role=FOLLOWER} - Sending AppendResponse{status=OK, term=1, succeeded=true, lastLogIndex=45}
00:15:18.609 [raft-server-1] TRACE i.a.p.raft.roles.LeaderAppender - RaftServer{1} - Received AppendResponse{status=OK, term=1, succeeded=true, lastLogIndex=45} from 3
00:15:18.609 [raft-server-1] TRACE i.a.p.raft.roles.LeaderAppender - RaftServer{1} - Sending AppendRequest{term=1, leader=1, prevLogIndex=45, prevLogTerm=1, entries=2, commitIndex=45} to 3
00:15:18.609 [raft-server-3-state] TRACE i.a.p.raft.impl.RaftServiceManager - RaftServer{3} - Applying Indexed{index=45, entry=CommandEntry{term=1, timestamp=2018-06-11 12:15:18,037, session=2, sequence=36, operation=PrimitiveOperation{id=DefaultOperationId{id=write, type=COMMAND}, value=byte[]{length=17, hash=-1644578928}}}}
00:15:18.609 [raft-server-3-state] TRACE i.a.p.s.impl.DefaultServiceExecutor - PrimitiveService{2}{type=io.atomix.protocols.raft.RaftTest$TestPrimitiveType@3a1a32eb, name=raft-test} - Executing DefaultCommit{index=45, session=RaftSession{RaftServiceContext{server=3, type=io.atomix.protocols.raft.RaftTest$TestPrimitiveType@3a1a32eb, name=raft-test, id=2}, session=2, timestamp=2018-06-11 12:15:18,037}, time=2018-06-11 12:15:18,037, operation=DefaultOperationId{id=write, type=COMMAND}, value=byte[]{length=17, hash=-1644578928}}
00:15:18.609 [raft-server-3] TRACE i.a.p.raft.roles.FollowerRole - RaftServer{3}{role=FOLLOWER} - Received AppendRequest{term=1, leader=1, prevLogIndex=45, prevLogTerm=1, entries=2, commitIndex=45}
00:15:18.609 [raft-server-3] TRACE i.a.p.raft.roles.FollowerRole - RaftServer{3}{role=FOLLOWER} - Appended Indexed{index=46, entry=KeepAliveEntry{term=1, timestamp=2018-06-11 12:15:18,492, sessionIds=long[]{length=1, hash=33}, commandSequences=long[]{length=1, hash=66}, eventIndexes=long[]{length=1, hash=33}}}
00:15:18.609 [raft-server-3] TRACE i.a.p.raft.roles.FollowerRole - RaftServer{3}{role=FOLLOWER} - Appended Indexed{index=47, entry=CommandEntry{term=1, timestamp=2018-06-11 12:15:18,493, session=2, sequence=37, operation=PrimitiveOperation{id=DefaultOperationId{id=write, type=COMMAND}, value=byte[]{length=17, hash=-1644578928}}}}
00:15:18.610 [raft-server-3] TRACE i.a.p.raft.roles.FollowerRole - RaftServer{3}{role=FOLLOWER} - Sending AppendResponse{status=OK, term=1, succeeded=true, lastLogIndex=47}
00:15:18.610 [raft-server-1] TRACE i.a.p.raft.roles.LeaderAppender - RaftServer{1} - Received AppendResponse{status=OK, term=1, succeeded=true, lastLogIndex=47} from 3
00:15:18.610 [raft-server-1] TRACE i.a.p.raft.roles.LeaderAppender - RaftServer{1} - Committed entries up to 47
00:15:18.757 [raft-server-2] TRACE i.a.p.raft.roles.FollowerRole - RaftServer{2}{role=FOLLOWER} - Committed entries up to index 45
00:15:18.757 [raft-server-2] TRACE i.a.p.raft.roles.FollowerRole - RaftServer{2}{role=FOLLOWER} - Sending AppendResponse{status=OK, term=1, succeeded=true, lastLogIndex=45}
00:15:18.757 [raft-server-2-state] TRACE i.a.p.raft.impl.RaftServiceManager - RaftServer{2} - Applying Indexed{index=45, entry=CommandEntry{term=1, timestamp=2018-06-11 12:15:18,037, session=2, sequence=36, operation=PrimitiveOperation{id=DefaultOperationId{id=write, type=COMMAND}, value=byte[]{length=17, hash=-1644578928}}}}
00:15:18.757 [raft-server-2-state] TRACE i.a.p.s.impl.DefaultServiceExecutor - PrimitiveService{2}{type=io.atomix.protocols.raft.RaftTest$TestPrimitiveType@4f16731, name=raft-test} - Executing DefaultCommit{index=45, session=RaftSession{RaftServiceContext{server=2, type=io.atomix.protocols.raft.RaftTest$TestPrimitiveType@4f16731, name=raft-test, id=2}, session=2, timestamp=2018-06-11 12:15:18,037}, time=2018-06-11 12:15:18,037, operation=DefaultOperationId{id=write, type=COMMAND}, value=byte[]{length=17, hash=-1644578928}}
00:15:18.842 [raft-server-1] TRACE i.a.p.raft.roles.LeaderAppender - RaftServer{1} - Received AppendResponse{status=OK, term=1, succeeded=true, lastLogIndex=45} from 2
00:15:18.842 [raft-server-1] TRACE i.a.p.raft.roles.LeaderAppender - RaftServer{1} - Sending AppendRequest{term=1, leader=1, prevLogIndex=45, prevLogTerm=1, entries=2, commitIndex=47} to 2
00:15:18.842 [raft-server-1] TRACE i.a.p.raft.roles.LeaderAppender - RaftServer{1} - Sending AppendRequest{term=1, leader=1, prevLogIndex=47, prevLogTerm=1, entries=0, commitIndex=47} to 3
00:15:18.842 [raft-server-2] TRACE i.a.p.raft.roles.FollowerRole - RaftServer{2}{role=FOLLOWER} - Received AppendRequest{term=1, leader=1, prevLogIndex=45, prevLogTerm=1, entries=2, commitIndex=47}
00:15:18.842 [raft-server-3] TRACE i.a.p.raft.roles.FollowerRole - RaftServer{3}{role=FOLLOWER} - Received AppendRequest{term=1, leader=1, prevLogIndex=47, prevLogTerm=1, entries=0, commitIndex=47}
00:15:18.842 [raft-server-1-state] TRACE i.a.p.raft.impl.RaftServiceManager - RaftServer{1} - Applying Indexed{index=46, entry=KeepAliveEntry{term=1, timestamp=2018-06-11 12:15:18,492, sessionIds=long[]{length=1, hash=33}, commandSequences=long[]{length=1, hash=66}, eventIndexes=long[]{length=1, hash=33}}}
00:15:18.842 [raft-server-2] TRACE i.a.p.raft.roles.FollowerRole - RaftServer{2}{role=FOLLOWER} - Appended Indexed{index=46, entry=KeepAliveEntry{term=1, timestamp=2018-06-11 12:15:18,492, sessionIds=long[]{length=1, hash=33}, commandSequences=long[]{length=1, hash=66}, eventIndexes=long[]{length=1, hash=33}}}
00:15:18.842 [raft-server-1-state] TRACE i.a.p.raft.impl.RaftServiceManager - RaftServer{1} - Applying Indexed{index=47, entry=CommandEntry{term=1, timestamp=2018-06-11 12:15:18,493, session=2, sequence=37, operation=PrimitiveOperation{id=DefaultOperationId{id=write, type=COMMAND}, value=byte[]{length=17, hash=-1644578928}}}}
00:15:18.842 [raft-server-1] TRACE i.a.protocols.raft.roles.LeaderRole - RaftServer{1}{role=LEADER} - Sending KeepAliveResponse{status=OK, leader=1, members=[2, 1, 3], sessionIds=long[]{length=1, hash=33}}
00:15:18.842 [raft-server-1-state] TRACE i.a.p.s.impl.DefaultServiceExecutor - PrimitiveService{2}{type=io.atomix.protocols.raft.RaftTest$TestPrimitiveType@5c91ef2b, name=raft-test} - Executing DefaultCommit{index=47, session=RaftSession{RaftServiceContext{server=1, type=io.atomix.protocols.raft.RaftTest$TestPrimitiveType@5c91ef2b, name=raft-test, id=2}, session=2, timestamp=2018-06-11 12:15:18,493}, time=2018-06-11 12:15:18,493, operation=DefaultOperationId{id=write, type=COMMAND}, value=byte[]{length=17, hash=-1644578928}}
00:15:18.842 [raft-server-2] TRACE i.a.p.raft.roles.FollowerRole - RaftServer{2}{role=FOLLOWER} - Appended Indexed{index=47, entry=CommandEntry{term=1, timestamp=2018-06-11 12:15:18,493, session=2, sequence=37, operation=PrimitiveOperation{id=DefaultOperationId{id=write, type=COMMAND}, value=byte[]{length=17, hash=-1644578928}}}}
00:15:18.843 [raft-server-1-state] TRACE i.a.protocols.raft.roles.LeaderRole - RaftServer{1}{role=LEADER} - Sending CommandResponse{status=OK, index=47, eventIndex=2, result=byte[]{length=2, hash=1334}}
00:15:18.843 [raft-client-82530a18-bea6-4e53-b81d-3dd8c76650f9-3] TRACE i.a.p.r.s.impl.RaftSessionConnection - SessionClient{2}{type=io.atomix.protocols.raft.RaftTest$TestPrimitiveType@68b11545, name=raft-test} - Received CommandResponse{status=OK, index=47, eventIndex=2, result=byte[]{length=2, hash=1334}} from 1
00:15:18.843 [raft-client-82530a18-bea6-4e53-b81d-3dd8c76650f9-3] TRACE i.a.p.r.s.impl.RaftSessionSequencer - SessionClient{2}{type=io.atomix.protocols.raft.RaftTest$TestPrimitiveType@68b11545, name=raft-test} - Completing response CommandResponse{status=OK, index=47, eventIndex=2, result=byte[]{length=2, hash=1334}}
00:15:18.843 [raft-client-82530a18-bea6-4e53-b81d-3dd8c76650f9-7] TRACE i.a.p.r.s.impl.RaftSessionConnection - SessionClient{2}{type=io.atomix.protocols.raft.RaftTest$TestPrimitiveType@68b11545, name=raft-test} - Sending CommandRequest{session=2, sequence=38, operation=PrimitiveOperation{id=DefaultOperationId{id=write, type=COMMAND}, value=byte[]{length=17, hash=-1644578928}}} to 1
00:15:18.843 [raft-server-1] TRACE i.a.protocols.raft.roles.LeaderRole - RaftServer{1}{role=LEADER} - Received CommandRequest{session=2, sequence=38, operation=PrimitiveOperation{id=DefaultOperationId{id=write, type=COMMAND}, value=byte[]{length=17, hash=-1644578928}}}
00:15:18.843 [raft-server-1] TRACE i.a.protocols.raft.roles.LeaderRole - RaftServer{1}{role=LEADER} - Appended Indexed{index=48, entry=CommandEntry{term=1, timestamp=2018-06-11 12:15:18,843, session=2, sequence=38, operation=PrimitiveOperation{id=DefaultOperationId{id=write, type=COMMAND}, value=byte[]{length=17, hash=-1644578928}}}}
00:15:18.935 [raft-server-3] TRACE i.a.p.raft.roles.FollowerRole - RaftServer{3}{role=FOLLOWER} - Committed entries up to index 47
00:15:18.935 [raft-server-3] TRACE i.a.p.raft.roles.FollowerRole - RaftServer{3}{role=FOLLOWER} - Sending AppendResponse{status=OK, term=1, succeeded=true, lastLogIndex=47}
00:15:18.935 [raft-server-3] TRACE i.a.p.raft.roles.FollowerRole - RaftServer{3}{role=FOLLOWER} - Sending KeepAliveResponse{status=OK, leader=1, members=[2, 1, 3], sessionIds=long[]{length=1, hash=33}}
00:15:18.935 [raft-server-1] TRACE i.a.p.raft.roles.LeaderAppender - RaftServer{1} - Received AppendResponse{status=OK, term=1, succeeded=true, lastLogIndex=47} from 3
00:15:18.935 [raft-client-82530a18-bea6-4e53-b81d-3dd8c76650f9-2] TRACE i.a.p.r.s.impl.RaftSessionConnection - RaftClient{82530a18-bea6-4e53-b81d-3dd8c76650f9} - Received KeepAliveResponse{status=OK, leader=1, members=[2, 1, 3], sessionIds=long[]{length=1, hash=33}} from 3
00:15:18.935 [raft-server-3-state] TRACE i.a.p.raft.impl.RaftServiceManager - RaftServer{3} - Applying Indexed{index=46, entry=KeepAliveEntry{term=1, timestamp=2018-06-11 12:15:18,492, sessionIds=long[]{length=1, hash=33}, commandSequences=long[]{length=1, hash=66}, eventIndexes=long[]{length=1, hash=33}}}
00:15:18.936 [raft-server-1] TRACE i.a.p.raft.roles.LeaderAppender - RaftServer{1} - Sending AppendRequest{term=1, leader=1, prevLogIndex=47, prevLogTerm=1, entries=1, commitIndex=47} to 3
00:15:18.936 [raft-server-3-state] TRACE i.a.p.raft.impl.RaftServiceManager - RaftServer{3} - Applying Indexed{index=47, entry=CommandEntry{term=1, timestamp=2018-06-11 12:15:18,493, session=2, sequence=37, operation=PrimitiveOperation{id=DefaultOperationId{id=write, type=COMMAND}, value=byte[]{length=17, hash=-1644578928}}}}
00:15:18.936 [raft-server-3] TRACE i.a.p.raft.roles.FollowerRole - RaftServer{3}{role=FOLLOWER} - Received AppendRequest{term=1, leader=1, prevLogIndex=47, prevLogTerm=1, entries=1, commitIndex=47}
00:15:18.936 [raft-server-3-state] TRACE i.a.p.s.impl.DefaultServiceExecutor - PrimitiveService{2}{type=io.atomix.protocols.raft.RaftTest$TestPrimitiveType@3a1a32eb, name=raft-test} - Executing DefaultCommit{index=47, session=RaftSession{RaftServiceContext{server=3, type=io.atomix.protocols.raft.RaftTest$TestPrimitiveType@3a1a32eb, name=raft-test, id=2}, session=2, timestamp=2018-06-11 12:15:18,493}, time=2018-06-11 12:15:18,493, operation=DefaultOperationId{id=write, type=COMMAND}, value=byte[]{length=17, hash=-1644578928}}
00:15:18.936 [raft-server-3] TRACE i.a.p.raft.roles.FollowerRole - RaftServer{3}{role=FOLLOWER} - Appended Indexed{index=48, entry=CommandEntry{term=1, timestamp=2018-06-11 12:15:18,843, session=2, sequence=38, operation=PrimitiveOperation{id=DefaultOperationId{id=write, type=COMMAND}, value=byte[]{length=17, hash=-1644578928}}}}
00:15:18.936 [raft-server-3] TRACE i.a.p.raft.roles.FollowerRole - RaftServer{3}{role=FOLLOWER} - Sending AppendResponse{status=OK, term=1, succeeded=true, lastLogIndex=48}
00:15:18.936 [raft-server-1] TRACE i.a.p.raft.roles.LeaderAppender - RaftServer{1} - Received AppendResponse{status=OK, term=1, succeeded=true, lastLogIndex=48} from 3
00:15:18.936 [raft-server-1] TRACE i.a.p.raft.roles.LeaderAppender - RaftServer{1} - Committed entries up to 48
00:15:19.118 [raft-server-2] TRACE i.a.p.raft.roles.FollowerRole - RaftServer{2}{role=FOLLOWER} - Committed entries up to index 47
00:15:19.118 [raft-server-2] TRACE i.a.p.raft.roles.FollowerRole - RaftServer{2}{role=FOLLOWER} - Sending AppendResponse{status=OK, term=1, succeeded=true, lastLogIndex=47}
00:15:19.118 [raft-server-2-state] TRACE i.a.p.raft.impl.RaftServiceManager - RaftServer{2} - Applying Indexed{index=46, entry=KeepAliveEntry{term=1, timestamp=2018-06-11 12:15:18,492, sessionIds=long[]{length=1, hash=33}, commandSequences=long[]{length=1, hash=66}, eventIndexes=long[]{length=1, hash=33}}}
00:15:19.118 [raft-server-2-state] TRACE i.a.p.raft.impl.RaftServiceManager - RaftServer{2} - Applying Indexed{index=47, entry=CommandEntry{term=1, timestamp=2018-06-11 12:15:18,493, session=2, sequence=37, operation=PrimitiveOperation{id=DefaultOperationId{id=write, type=COMMAND}, value=byte[]{length=17, hash=-1644578928}}}}
00:15:19.118 [raft-server-2-state] TRACE i.a.p.s.impl.DefaultServiceExecutor - PrimitiveService{2}{type=io.atomix.protocols.raft.RaftTest$TestPrimitiveType@4f16731, name=raft-test} - Executing DefaultCommit{index=47, session=RaftSession{RaftServiceContext{server=2, type=io.atomix.protocols.raft.RaftTest$TestPrimitiveType@4f16731, name=raft-test, id=2}, session=2, timestamp=2018-06-11 12:15:18,493}, time=2018-06-11 12:15:18,493, operation=DefaultOperationId{id=write, type=COMMAND}, value=byte[]{length=17, hash=-1644578928}}
00:15:19.166 [raft-server-2] DEBUG i.a.p.raft.impl.RaftServiceManager - RaftServer{2} - Snapshotting services
00:15:19.167 [raft-server-2-state] DEBUG i.a.p.r.s.snapshot.SnapshotStore - Created memory snapshot: MemorySnapshot{index=47}
00:15:19.167 [raft-server-2-state] TRACE io.atomix.utils.serializer.Namespace - Creating Kryo instance for Namespace{registeredBlocks=[RegistrationBlock{begin=16, types=[([Ljava.lang.Class;@7d0100ea,null), ([Ljava.lang.Class;@357bc488,null), ([Ljava.lang.Class;@4ea17147,null), ([Ljava.lang.Class;@2eda4eeb,null), ([Ljava.lang.Class;@5ba90d8a,io.atomix.utils.serializer.serializers.ImmutableListSerializer@309dcdf3), ([Ljava.lang.Class;@7573b9ee,io.atomix.utils.serializer.serializers.ImmutableSetSerializer@9a20cbd), ([Ljava.lang.Class;@1af4955e,io.atomix.utils.serializer.serializers.ImmutableMapSerializer@445821a6), ([Ljava.lang.Class;@2c0c4c0a,null), ([Ljava.lang.Class;@35d26ad2,null), ([Ljava.lang.Class;@bb25753,null), ([Ljava.lang.Class;@ee21292,null), ([Ljava.lang.Class;@40c06358,null), ([Ljava.lang.Class;@66e21568,null), ([Ljava.lang.Class;@7f73ce28,null), ([Ljava.lang.Class;@611b35d6,null), ([Ljava.lang.Class;@2282400e,null), ([Ljava.lang.Class;@543d5863,null), ([Ljava.lang.Class;@35dece42,null), ([Ljava.lang.Class;@dd3f8aa,null), ([Ljava.lang.Class;@3d615b2e,null), ([Ljava.lang.Class;@3a1f2a1,io.atomix.utils.serializer.serializers.ArraysAsListSerializer@40ce9049), ([Ljava.lang.Class;@52ca2652,null), ([Ljava.lang.Class;@65c5bf0e,null), ([Ljava.lang.Class;@697d6ded,null), ([Ljava.lang.Class;@5d05f453,null), ([Ljava.lang.Class;@5efeb117,null), ([Ljava.lang.Class;@160b4809,null), ([Ljava.lang.Class;@149b4d20,null), ([Ljava.lang.Class;@664e848c,null), ([Ljava.lang.Class;@4d93f75b,null), ([Ljava.lang.Class;@114a5e0,null), ([Ljava.lang.Class;@4f281aaf,null), ([Ljava.lang.Class;@5d508d22,null), ([Ljava.lang.Class;@f2b90fc,null), ([Ljava.lang.Class;@2bb41f5c,null), ([Ljava.lang.Class;@24c685e7,null)]}, RegistrationBlock{begin=52, types=[([Ljava.lang.Class;@6b19b2c3,null)]}]}
00:15:19.167 [raft-server-2-state] TRACE io.atomix.utils.serializer.Namespace - class [B registered as 16
00:15:19.167 [raft-server-2-state] TRACE io.atomix.utils.serializer.Namespace - class java.util.concurrent.atomic.AtomicBoolean registered as 17
00:15:19.167 [raft-server-2-state] TRACE io.atomix.utils.serializer.Namespace - class java.util.concurrent.atomic.AtomicInteger registered as 18
00:15:19.167 [raft-server-2-state] TRACE io.atomix.utils.serializer.Namespace - class java.util.concurrent.atomic.AtomicLong registered as 19
00:15:19.167 [raft-server-2-state] TRACE io.atomix.utils.serializer.Namespace - class com.google.common.collect.ImmutableList registered as 20
00:15:19.167 [raft-server-2-state] TRACE io.atomix.utils.serializer.Namespace - class com.google.common.collect.RegularImmutableList registered as 20
00:15:19.167 [raft-server-2-state] TRACE io.atomix.utils.serializer.Namespace - class com.google.common.collect.RegularImmutableList registered as 20
00:15:19.167 [raft-server-2-state] TRACE io.atomix.utils.serializer.Namespace - class com.google.common.collect.ImmutableList$SubList registered as 20
00:15:19.167 [raft-server-2-state] TRACE io.atomix.utils.serializer.Namespace - class com.google.common.collect.ImmutableSet registered as 21
00:15:19.167 [raft-server-2-state] TRACE io.atomix.utils.serializer.Namespace - class com.google.common.collect.RegularImmutableSet registered as 21
00:15:19.167 [raft-server-2-state] TRACE io.atomix.utils.serializer.Namespace - class com.google.common.collect.SingletonImmutableSet registered as 21
00:15:19.167 [raft-server-2-state] TRACE io.atomix.utils.serializer.Namespace - class com.google.common.collect.RegularImmutableSet registered as 21
00:15:19.167 [raft-server-2-state] TRACE io.atomix.utils.serializer.Namespace - class com.google.common.collect.ImmutableMap registered as 22
00:15:19.167 [raft-server-2-state] TRACE io.atomix.utils.serializer.Namespace - class com.google.common.collect.RegularImmutableMap registered as 22
00:15:19.167 [raft-server-2-state] TRACE io.atomix.utils.serializer.Namespace - class com.google.common.collect.RegularImmutableMap registered as 22
00:15:19.167 [raft-server-2-state] TRACE io.atomix.utils.serializer.Namespace - class com.google.common.collect.RegularImmutableMap registered as 22
00:15:19.167 [raft-server-2-state] TRACE io.atomix.utils.serializer.Namespace - class java.util.Collections$UnmodifiableSet registered as 23
00:15:19.167 [raft-server-2-state] TRACE io.atomix.utils.serializer.Namespace - class java.util.HashMap registered as 24
00:15:19.167 [raft-server-2-state] TRACE io.atomix.utils.serializer.Namespace - class java.util.concurrent.ConcurrentHashMap registered as 25
00:15:19.168 [raft-server-2-state] TRACE io.atomix.utils.serializer.Namespace - class java.util.concurrent.CopyOnWriteArraySet registered as 26
00:15:19.168 [raft-server-2-state] TRACE io.atomix.utils.serializer.Namespace - class java.util.ArrayList registered as 27
00:15:19.168 [raft-server-2-state] TRACE io.atomix.utils.serializer.Namespace - class java.util.LinkedList registered as 28
00:15:19.168 [raft-server-2-state] TRACE io.atomix.utils.serializer.Namespace - class java.util.HashSet registered as 29
00:15:19.168 [raft-server-2-state] TRACE io.atomix.utils.serializer.Namespace - class java.util.LinkedHashSet registered as 30
00:15:19.168 [raft-server-2-state] TRACE io.atomix.utils.serializer.Namespace - class com.sun.jmx.remote.internal.ArrayQueue registered as 31
00:15:19.168 [raft-server-2-state] TRACE io.atomix.utils.serializer.Namespace - class java.util.ArrayDeque registered as 32
00:15:19.168 [raft-server-2-state] TRACE io.atomix.utils.serializer.Namespace - class com.google.common.collect.HashMultiset registered as 33
00:15:19.168 [raft-server-2-state] TRACE io.atomix.utils.serializer.Namespace - class com.google.common.collect.Sets registered as 34
00:15:19.168 [raft-server-2-state] TRACE io.atomix.utils.serializer.Namespace - class com.google.common.collect.ImmutableEntry registered as 35
00:15:19.168 [raft-server-2-state] TRACE io.atomix.utils.serializer.Namespace - class java.util.Arrays$ArrayList registered as 36
00:15:19.168 [raft-server-2-state] TRACE io.atomix.utils.serializer.Namespace - class java.util.Collections$SingletonList registered as 37
00:15:19.168 [raft-server-2-state] TRACE io.atomix.utils.serializer.Namespace - class java.time.Duration registered as 38
00:15:19.168 [raft-server-2-state] TRACE io.atomix.utils.serializer.Namespace - class java.util.Collections$EmptySet registered as 39
00:15:19.168 [raft-server-2-state] TRACE io.atomix.utils.serializer.Namespace - class java.util.Optional registered as 40
00:15:19.168 [raft-server-2-state] TRACE io.atomix.utils.serializer.Namespace - class java.util.Collections$EmptyList registered as 41
00:15:19.168 [raft-server-2-state] TRACE io.atomix.utils.serializer.Namespace - class java.util.Collections$SingletonSet registered as 42
00:15:19.168 [raft-server-2-state] TRACE io.atomix.utils.serializer.Namespace - class [I registered as 43
00:15:19.168 [raft-server-2-state] TRACE io.atomix.utils.serializer.Namespace - class [J registered as 44
00:15:19.168 [raft-server-2-state] TRACE io.atomix.utils.serializer.Namespace - class [S registered as 45
00:15:19.168 [raft-server-2-state] TRACE io.atomix.utils.serializer.Namespace - class [D registered as 46
00:15:19.168 [raft-server-2-state] TRACE io.atomix.utils.serializer.Namespace - class [F registered as 47
00:15:19.168 [raft-server-2-state] TRACE io.atomix.utils.serializer.Namespace - class [C registered as 48
00:15:19.168 [raft-server-2-state] TRACE io.atomix.utils.serializer.Namespace - class [Ljava.lang.String; registered as 49
00:15:19.168 [raft-server-2-state] TRACE io.atomix.utils.serializer.Namespace - class [Z registered as 50
00:15:19.169 [raft-server-2-state] TRACE io.atomix.utils.serializer.Namespace - class [Ljava.lang.Object; registered as 51
00:15:19.169 [raft-server-2-state] TRACE io.atomix.utils.serializer.Namespace - class io.atomix.primitive.service.ServiceConfig registered as 52
00:15:19.169 [raft-server-2-state] DEBUG i.a.p.r.service.RaftServiceContext - PrimitiveService{2}{type=io.atomix.protocols.raft.RaftTest$TestPrimitiveType@4f16731, name=raft-test} - Taking snapshot 47
00:15:19.169 [raft-server-2-state] TRACE io.atomix.utils.serializer.Namespace - Creating Kryo instance for Namespace{registeredBlocks=[RegistrationBlock{begin=16, types=[([Ljava.lang.Class;@7d0100ea,null), ([Ljava.lang.Class;@357bc488,null), ([Ljava.lang.Class;@4ea17147,null), ([Ljava.lang.Class;@2eda4eeb,null), ([Ljava.lang.Class;@5ba90d8a,io.atomix.utils.serializer.serializers.ImmutableListSerializer@309dcdf3), ([Ljava.lang.Class;@7573b9ee,io.atomix.utils.serializer.serializers.ImmutableSetSerializer@9a20cbd), ([Ljava.lang.Class;@1af4955e,io.atomix.utils.serializer.serializers.ImmutableMapSerializer@445821a6), ([Ljava.lang.Class;@2c0c4c0a,null), ([Ljava.lang.Class;@35d26ad2,null), ([Ljava.lang.Class;@bb25753,null), ([Ljava.lang.Class;@ee21292,null), ([Ljava.lang.Class;@40c06358,null), ([Ljava.lang.Class;@66e21568,null), ([Ljava.lang.Class;@7f73ce28,null), ([Ljava.lang.Class;@611b35d6,null), ([Ljava.lang.Class;@2282400e,null), ([Ljava.lang.Class;@543d5863,null), ([Ljava.lang.Class;@35dece42,null), ([Ljava.lang.Class;@dd3f8aa,null), ([Ljava.lang.Class;@3d615b2e,null), ([Ljava.lang.Class;@3a1f2a1,io.atomix.utils.serializer.serializers.ArraysAsListSerializer@40ce9049), ([Ljava.lang.Class;@52ca2652,null), ([Ljava.lang.Class;@65c5bf0e,null), ([Ljava.lang.Class;@697d6ded,null), ([Ljava.lang.Class;@5d05f453,null), ([Ljava.lang.Class;@5efeb117,null), ([Ljava.lang.Class;@160b4809,null), ([Ljava.lang.Class;@149b4d20,null), ([Ljava.lang.Class;@664e848c,null), ([Ljava.lang.Class;@4d93f75b,null), ([Ljava.lang.Class;@114a5e0,null), ([Ljava.lang.Class;@4f281aaf,null), ([Ljava.lang.Class;@5d508d22,null), ([Ljava.lang.Class;@f2b90fc,null), ([Ljava.lang.Class;@2bb41f5c,null), ([Ljava.lang.Class;@24c685e7,null)]}, RegistrationBlock{begin=52, types=[([Ljava.lang.Class;@18e8804d,null)]}]}
00:15:19.169 [raft-server-2-state] TRACE io.atomix.utils.serializer.Namespace - class [B registered as 16
00:15:19.169 [raft-server-2-state] TRACE io.atomix.utils.serializer.Namespace - class java.util.concurrent.atomic.AtomicBoolean registered as 17
00:15:19.169 [raft-server-2-state] TRACE io.atomix.utils.serializer.Namespace - class java.util.concurrent.atomic.AtomicInteger registered as 18
00:15:19.169 [raft-server-2-state] TRACE io.atomix.utils.serializer.Namespace - class java.util.concurrent.atomic.AtomicLong registered as 19
00:15:19.169 [raft-server-2-state] TRACE io.atomix.utils.serializer.Namespace - class com.google.common.collect.ImmutableList registered as 20
00:15:19.169 [raft-server-2-state] TRACE io.atomix.utils.serializer.Namespace - class com.google.common.collect.RegularImmutableList registered as 20
00:15:19.169 [raft-server-2-state] TRACE io.atomix.utils.serializer.Namespace - class com.google.common.collect.RegularImmutableList registered as 20
00:15:19.169 [raft-server-2-state] TRACE io.atomix.utils.serializer.Namespace - class com.google.common.collect.ImmutableList$SubList registered as 20
00:15:19.169 [raft-server-2-state] TRACE io.atomix.utils.serializer.Namespace - class com.google.common.collect.ImmutableSet registered as 21
00:15:19.169 [raft-server-2-state] TRACE io.atomix.utils.serializer.Namespace - class com.google.common.collect.RegularImmutableSet registered as 21
00:15:19.169 [raft-server-2-state] TRACE io.atomix.utils.serializer.Namespace - class com.google.common.collect.SingletonImmutableSet registered as 21
00:15:19.169 [raft-server-2-state] TRACE io.atomix.utils.serializer.Namespace - class com.google.common.collect.RegularImmutableSet registered as 21
00:15:19.169 [raft-server-2-state] TRACE io.atomix.utils.serializer.Namespace - class com.google.common.collect.ImmutableMap registered as 22
00:15:19.169 [raft-server-2-state] TRACE io.atomix.utils.serializer.Namespace - class com.google.common.collect.RegularImmutableMap registered as 22
00:15:19.169 [raft-server-2-state] TRACE io.atomix.utils.serializer.Namespace - class com.google.common.collect.RegularImmutableMap registered as 22
00:15:19.169 [raft-server-2-state] TRACE io.atomix.utils.serializer.Namespace - class com.google.common.collect.RegularImmutableMap registered as 22
00:15:19.169 [raft-server-2-state] TRACE io.atomix.utils.serializer.Namespace - class java.util.Collections$UnmodifiableSet registered as 23
00:15:19.169 [raft-server-2-state] TRACE io.atomix.utils.serializer.Namespace - class java.util.HashMap registered as 24
00:15:19.169 [raft-server-2-state] TRACE io.atomix.utils.serializer.Namespace - class java.util.concurrent.ConcurrentHashMap registered as 25
00:15:19.169 [raft-server-2-state] TRACE io.atomix.utils.serializer.Namespace - class java.util.concurrent.CopyOnWriteArraySet registered as 26
00:15:19.169 [raft-server-2-state] TRACE io.atomix.utils.serializer.Namespace - class java.util.ArrayList registered as 27
00:15:19.170 [raft-server-2-state] TRACE io.atomix.utils.serializer.Namespace - class java.util.LinkedList registered as 28
00:15:19.170 [raft-server-2-state] TRACE io.atomix.utils.serializer.Namespace - class java.util.HashSet registered as 29
00:15:19.170 [raft-server-2-state] TRACE io.atomix.utils.serializer.Namespace - class java.util.LinkedHashSet registered as 30
00:15:19.170 [raft-server-2-state] TRACE io.atomix.utils.serializer.Namespace - class com.sun.jmx.remote.internal.ArrayQueue registered as 31
00:15:19.170 [raft-server-2-state] TRACE io.atomix.utils.serializer.Namespace - class java.util.ArrayDeque registered as 32
00:15:19.170 [raft-server-2-state] TRACE io.atomix.utils.serializer.Namespace - class com.google.common.collect.HashMultiset registered as 33
00:15:19.170 [raft-server-2-state] TRACE io.atomix.utils.serializer.Namespace - class com.google.common.collect.Sets registered as 34
00:15:19.170 [raft-server-2-state] TRACE io.atomix.utils.serializer.Namespace - class com.google.common.collect.ImmutableEntry registered as 35
00:15:19.170 [raft-server-2-state] TRACE io.atomix.utils.serializer.Namespace - class java.util.Arrays$ArrayList registered as 36
00:15:19.170 [raft-server-2-state] TRACE io.atomix.utils.serializer.Namespace - class java.util.Collections$SingletonList registered as 37
00:15:19.170 [raft-server-2-state] TRACE io.atomix.utils.serializer.Namespace - class java.time.Duration registered as 38
00:15:19.170 [raft-server-2-state] TRACE io.atomix.utils.serializer.Namespace - class java.util.Collections$EmptySet registered as 39
00:15:19.170 [raft-server-2-state] TRACE io.atomix.utils.serializer.Namespace - class java.util.Optional registered as 40
00:15:19.170 [raft-server-2-state] TRACE io.atomix.utils.serializer.Namespace - class java.util.Collections$EmptyList registered as 41
00:15:19.170 [raft-server-2-state] TRACE io.atomix.utils.serializer.Namespace - class java.util.Collections$SingletonSet registered as 42
00:15:19.170 [raft-server-2-state] TRACE io.atomix.utils.serializer.Namespace - class [I registered as 43
00:15:19.170 [raft-server-2-state] TRACE io.atomix.utils.serializer.Namespace - class [J registered as 44
00:15:19.170 [raft-server-2-state] TRACE io.atomix.utils.serializer.Namespace - class [S registered as 45
00:15:19.170 [raft-server-2-state] TRACE io.atomix.utils.serializer.Namespace - class [D registered as 46
00:15:19.170 [raft-server-2-state] TRACE io.atomix.utils.serializer.Namespace - class [F registered as 47
00:15:19.171 [raft-server-2-state] TRACE io.atomix.utils.serializer.Namespace - class [C registered as 48
00:15:19.171 [raft-server-2-state] TRACE io.atomix.utils.serializer.Namespace - class [Ljava.lang.String; registered as 49
00:15:19.171 [raft-server-2-state] TRACE io.atomix.utils.serializer.Namespace - class [Z registered as 50
00:15:19.171 [raft-server-2-state] TRACE io.atomix.utils.serializer.Namespace - class [Ljava.lang.Object; registered as 51
00:15:19.171 [raft-server-2-state] TRACE io.atomix.utils.serializer.Namespace - class io.atomix.primitive.service.ServiceConfig registered as 52
00:15:19.171 [raft-server-2-compaction] DEBUG i.a.p.r.s.snapshot.SnapshotStore - Created disk snapshot: FileSnapshot{index=47}
00:15:19.375 [raft-server-3] DEBUG i.a.p.raft.impl.RaftServiceManager - RaftServer{3} - Snapshotting services
00:15:19.375 [raft-server-3-state] DEBUG i.a.p.r.s.snapshot.SnapshotStore - Created memory snapshot: MemorySnapshot{index=47}
00:15:19.375 [raft-server-3-state] TRACE io.atomix.utils.serializer.Namespace - Creating Kryo instance for Namespace{registeredBlocks=[RegistrationBlock{begin=16, types=[([Ljava.lang.Class;@7d0100ea,null), ([Ljava.lang.Class;@357bc488,null), ([Ljava.lang.Class;@4ea17147,null), ([Ljava.lang.Class;@2eda4eeb,null), ([Ljava.lang.Class;@5ba90d8a,io.atomix.utils.serializer.serializers.ImmutableListSerializer@309dcdf3), ([Ljava.lang.Class;@7573b9ee,io.atomix.utils.serializer.serializers.ImmutableSetSerializer@9a20cbd), ([Ljava.lang.Class;@1af4955e,io.atomix.utils.serializer.serializers.ImmutableMapSerializer@445821a6), ([Ljava.lang.Class;@2c0c4c0a,null), ([Ljava.lang.Class;@35d26ad2,null), ([Ljava.lang.Class;@bb25753,null), ([Ljava.lang.Class;@ee21292,null), ([Ljava.lang.Class;@40c06358,null), ([Ljava.lang.Class;@66e21568,null), ([Ljava.lang.Class;@7f73ce28,null), ([Ljava.lang.Class;@611b35d6,null), ([Ljava.lang.Class;@2282400e,null), ([Ljava.lang.Class;@543d5863,null), ([Ljava.lang.Class;@35dece42,null), ([Ljava.lang.Class;@dd3f8aa,null), ([Ljava.lang.Class;@3d615b2e,null), ([Ljava.lang.Class;@3a1f2a1,io.atomix.utils.serializer.serializers.ArraysAsListSerializer@40ce9049), ([Ljava.lang.Class;@52ca2652,null), ([Ljava.lang.Class;@65c5bf0e,null), ([Ljava.lang.Class;@697d6ded,null), ([Ljava.lang.Class;@5d05f453,null), ([Ljava.lang.Class;@5efeb117,null), ([Ljava.lang.Class;@160b4809,null), ([Ljava.lang.Class;@149b4d20,null), ([Ljava.lang.Class;@664e848c,null), ([Ljava.lang.Class;@4d93f75b,null), ([Ljava.lang.Class;@114a5e0,null), ([Ljava.lang.Class;@4f281aaf,null), ([Ljava.lang.Class;@5d508d22,null), ([Ljava.lang.Class;@f2b90fc,null), ([Ljava.lang.Class;@2bb41f5c,null), ([Ljava.lang.Class;@24c685e7,null)]}, RegistrationBlock{begin=52, types=[([Ljava.lang.Class;@31d32c1f,null)]}]}
00:15:19.375 [raft-server-3-state] TRACE io.atomix.utils.serializer.Namespace - class [B registered as 16
00:15:19.375 [raft-server-3-state] TRACE io.atomix.utils.serializer.Namespace - class java.util.concurrent.atomic.AtomicBoolean registered as 17
00:15:19.375 [raft-server-3-state] TRACE io.atomix.utils.serializer.Namespace - class java.util.concurrent.atomic.AtomicInteger registered as 18
00:15:19.375 [raft-server-3-state] TRACE io.atomix.utils.serializer.Namespace - class java.util.concurrent.atomic.AtomicLong registered as 19
00:15:19.376 [raft-server-3-state] TRACE io.atomix.utils.serializer.Namespace - class com.google.common.collect.ImmutableList registered as 20
00:15:19.376 [raft-server-3-state] TRACE io.atomix.utils.serializer.Namespace - class com.google.common.collect.RegularImmutableList registered as 20
00:15:19.376 [raft-server-3-state] TRACE io.atomix.utils.serializer.Namespace - class com.google.common.collect.RegularImmutableList registered as 20
00:15:19.376 [raft-server-3-state] TRACE io.atomix.utils.serializer.Namespace - class com.google.common.collect.ImmutableList$SubList registered as 20
00:15:19.376 [raft-server-3-state] TRACE io.atomix.utils.serializer.Namespace - class com.google.common.collect.ImmutableSet registered as 21
00:15:19.376 [raft-server-3-state] TRACE io.atomix.utils.serializer.Namespace - class com.google.common.collect.RegularImmutableSet registered as 21
00:15:19.376 [raft-server-3-state] TRACE io.atomix.utils.serializer.Namespace - class com.google.common.collect.SingletonImmutableSet registered as 21
00:15:19.376 [raft-server-3-state] TRACE io.atomix.utils.serializer.Namespace - class com.google.common.collect.RegularImmutableSet registered as 21
00:15:19.376 [raft-server-3-state] TRACE io.atomix.utils.serializer.Namespace - class com.google.common.collect.ImmutableMap registered as 22
00:15:19.376 [raft-server-3-state] TRACE io.atomix.utils.serializer.Namespace - class com.google.common.collect.RegularImmutableMap registered as 22
00:15:19.376 [raft-server-3-state] TRACE io.atomix.utils.serializer.Namespace - class com.google.common.collect.RegularImmutableMap registered as 22
00:15:19.376 [raft-server-3-state] TRACE io.atomix.utils.serializer.Namespace - class com.google.common.collect.RegularImmutableMap registered as 22
00:15:19.376 [raft-server-3-state] TRACE io.atomix.utils.serializer.Namespace - class java.util.Collections$UnmodifiableSet registered as 23
00:15:19.376 [raft-server-3-state] TRACE io.atomix.utils.serializer.Namespace - class java.util.HashMap registered as 24
00:15:19.376 [raft-server-3-state] TRACE io.atomix.utils.serializer.Namespace - class java.util.concurrent.ConcurrentHashMap registered as 25
00:15:19.376 [raft-server-3-state] TRACE io.atomix.utils.serializer.Namespace - class java.util.concurrent.CopyOnWriteArraySet registered as 26
00:15:19.376 [raft-server-3-state] TRACE io.atomix.utils.serializer.Namespace - class java.util.ArrayList registered as 27
00:15:19.376 [raft-server-3-state] TRACE io.atomix.utils.serializer.Namespace - class java.util.LinkedList registered as 28
00:15:19.376 [raft-server-3-state] TRACE io.atomix.utils.serializer.Namespace - class java.util.HashSet registered as 29
00:15:19.376 [raft-server-3-state] TRACE io.atomix.utils.serializer.Namespace - class java.util.LinkedHashSet registered as 30
00:15:19.376 [raft-server-3-state] TRACE io.atomix.utils.serializer.Namespace - class com.sun.jmx.remote.internal.ArrayQueue registered as 31
00:15:19.376 [raft-server-3-state] TRACE io.atomix.utils.serializer.Namespace - class java.util.ArrayDeque registered as 32
00:15:19.376 [raft-server-3-state] TRACE io.atomix.utils.serializer.Namespace - class com.google.common.collect.HashMultiset registered as 33
00:15:19.376 [raft-server-3-state] TRACE io.atomix.utils.serializer.Namespace - class com.google.common.collect.Sets registered as 34
00:15:19.377 [raft-server-3-state] TRACE io.atomix.utils.serializer.Namespace - class com.google.common.collect.ImmutableEntry registered as 35
00:15:19.377 [raft-server-3-state] TRACE io.atomix.utils.serializer.Namespace - class java.util.Arrays$ArrayList registered as 36
00:15:19.377 [raft-server-3-state] TRACE io.atomix.utils.serializer.Namespace - class java.util.Collections$SingletonList registered as 37
00:15:19.377 [raft-server-3-state] TRACE io.atomix.utils.serializer.Namespace - class java.time.Duration registered as 38
00:15:19.377 [raft-server-3-state] TRACE io.atomix.utils.serializer.Namespace - class java.util.Collections$EmptySet registered as 39
00:15:19.377 [raft-server-3-state] TRACE io.atomix.utils.serializer.Namespace - class java.util.Optional registered as 40
00:15:19.377 [raft-server-3-state] TRACE io.atomix.utils.serializer.Namespace - class java.util.Collections$EmptyList registered as 41
00:15:19.377 [raft-server-3-state] TRACE io.atomix.utils.serializer.Namespace - class java.util.Collections$SingletonSet registered as 42
00:15:19.377 [raft-server-3-state] TRACE io.atomix.utils.serializer.Namespace - class [I registered as 43
00:15:19.377 [raft-server-3-state] TRACE io.atomix.utils.serializer.Namespace - class [J registered as 44
00:15:19.377 [raft-server-3-state] TRACE io.atomix.utils.serializer.Namespace - class [S registered as 45
00:15:19.377 [raft-server-3-state] TRACE io.atomix.utils.serializer.Namespace - class [D registered as 46
00:15:19.377 [raft-server-3-state] TRACE io.atomix.utils.serializer.Namespace - class [F registered as 47
00:15:19.377 [raft-server-3-state] TRACE io.atomix.utils.serializer.Namespace - class [C registered as 48
00:15:19.377 [raft-server-3-state] TRACE io.atomix.utils.serializer.Namespace - class [Ljava.lang.String; registered as 49
00:15:19.377 [raft-server-3-state] TRACE io.atomix.utils.serializer.Namespace - class [Z registered as 50
00:15:19.377 [raft-server-3-state] TRACE io.atomix.utils.serializer.Namespace - class [Ljava.lang.Object; registered as 51
00:15:19.377 [raft-server-3-state] TRACE io.atomix.utils.serializer.Namespace - class io.atomix.primitive.service.ServiceConfig registered as 52
00:15:19.378 [raft-server-3-state] DEBUG i.a.p.r.service.RaftServiceContext - PrimitiveService{2}{type=io.atomix.protocols.raft.RaftTest$TestPrimitiveType@3a1a32eb, name=raft-test} - Taking snapshot 47
00:15:19.378 [raft-server-3-state] TRACE io.atomix.utils.serializer.Namespace - Creating Kryo instance for Namespace{registeredBlocks=[RegistrationBlock{begin=16, types=[([Ljava.lang.Class;@7d0100ea,null), ([Ljava.lang.Class;@357bc488,null), ([Ljava.lang.Class;@4ea17147,null), ([Ljava.lang.Class;@2eda4eeb,null), ([Ljava.lang.Class;@5ba90d8a,io.atomix.utils.serializer.serializers.ImmutableListSerializer@309dcdf3), ([Ljava.lang.Class;@7573b9ee,io.atomix.utils.serializer.serializers.ImmutableSetSerializer@9a20cbd), ([Ljava.lang.Class;@1af4955e,io.atomix.utils.serializer.serializers.ImmutableMapSerializer@445821a6), ([Ljava.lang.Class;@2c0c4c0a,null), ([Ljava.lang.Class;@35d26ad2,null), ([Ljava.lang.Class;@bb25753,null), ([Ljava.lang.Class;@ee21292,null), ([Ljava.lang.Class;@40c06358,null), ([Ljava.lang.Class;@66e21568,null), ([Ljava.lang.Class;@7f73ce28,null), ([Ljava.lang.Class;@611b35d6,null), ([Ljava.lang.Class;@2282400e,null), ([Ljava.lang.Class;@543d5863,null), ([Ljava.lang.Class;@35dece42,null), ([Ljava.lang.Class;@dd3f8aa,null), ([Ljava.lang.Class;@3d615b2e,null), ([Ljava.lang.Class;@3a1f2a1,io.atomix.utils.serializer.serializers.ArraysAsListSerializer@40ce9049), ([Ljava.lang.Class;@52ca2652,null), ([Ljava.lang.Class;@65c5bf0e,null), ([Ljava.lang.Class;@697d6ded,null), ([Ljava.lang.Class;@5d05f453,null), ([Ljava.lang.Class;@5efeb117,null), ([Ljava.lang.Class;@160b4809,null), ([Ljava.lang.Class;@149b4d20,null), ([Ljava.lang.Class;@664e848c,null), ([Ljava.lang.Class;@4d93f75b,null), ([Ljava.lang.Class;@114a5e0,null), ([Ljava.lang.Class;@4f281aaf,null), ([Ljava.lang.Class;@5d508d22,null), ([Ljava.lang.Class;@f2b90fc,null), ([Ljava.lang.Class;@2bb41f5c,null), ([Ljava.lang.Class;@24c685e7,null)]}, RegistrationBlock{begin=52, types=[([Ljava.lang.Class;@5e142e33,null)]}]}
00:15:19.378 [raft-server-3-state] TRACE io.atomix.utils.serializer.Namespace - class [B registered as 16
00:15:19.378 [raft-server-3-state] TRACE io.atomix.utils.serializer.Namespace - class java.util.concurrent.atomic.AtomicBoolean registered as 17
00:15:19.378 [raft-server-3-state] TRACE io.atomix.utils.serializer.Namespace - class java.util.concurrent.atomic.AtomicInteger registered as 18
00:15:19.378 [raft-server-3-state] TRACE io.atomix.utils.serializer.Namespace - class java.util.concurrent.atomic.AtomicLong registered as 19
00:15:19.378 [raft-server-3-state] TRACE io.atomix.utils.serializer.Namespace - class com.google.common.collect.ImmutableList registered as 20
00:15:19.378 [raft-server-3-state] TRACE io.atomix.utils.serializer.Namespace - class com.google.common.collect.RegularImmutableList registered as 20
00:15:19.378 [raft-server-3-state] TRACE io.atomix.utils.serializer.Namespace - class com.google.common.collect.RegularImmutableList registered as 20
00:15:19.378 [raft-server-3-state] TRACE io.atomix.utils.serializer.Namespace - class com.google.common.collect.ImmutableList$SubList registered as 20
00:15:19.378 [raft-server-3-state] TRACE io.atomix.utils.serializer.Namespace - class com.google.common.collect.ImmutableSet registered as 21
00:15:19.378 [raft-server-3-state] TRACE io.atomix.utils.serializer.Namespace - class com.google.common.collect.RegularImmutableSet registered as 21
00:15:19.378 [raft-server-3-state] TRACE io.atomix.utils.serializer.Namespace - class com.google.common.collect.SingletonImmutableSet registered as 21
00:15:19.378 [raft-server-3-state] TRACE io.atomix.utils.serializer.Namespace - class com.google.common.collect.RegularImmutableSet registered as 21
00:15:19.378 [raft-server-3-state] TRACE io.atomix.utils.serializer.Namespace - class com.google.common.collect.ImmutableMap registered as 22
00:15:19.378 [raft-server-3-state] TRACE io.atomix.utils.serializer.Namespace - class com.google.common.collect.RegularImmutableMap registered as 22
00:15:19.378 [raft-server-3-state] TRACE io.atomix.utils.serializer.Namespace - class com.google.common.collect.RegularImmutableMap registered as 22
00:15:19.378 [raft-server-3-state] TRACE io.atomix.utils.serializer.Namespace - class com.google.common.collect.RegularImmutableMap registered as 22
00:15:19.378 [raft-server-3-state] TRACE io.atomix.utils.serializer.Namespace - class java.util.Collections$UnmodifiableSet registered as 23
00:15:19.378 [raft-server-3-state] TRACE io.atomix.utils.serializer.Namespace - class java.util.HashMap registered as 24
00:15:19.378 [raft-server-3-state] TRACE io.atomix.utils.serializer.Namespace - class java.util.concurrent.ConcurrentHashMap registered as 25
00:15:19.379 [raft-server-3-state] TRACE io.atomix.utils.serializer.Namespace - class java.util.concurrent.CopyOnWriteArraySet registered as 26
00:15:19.379 [raft-server-3-state] TRACE io.atomix.utils.serializer.Namespace - class java.util.ArrayList registered as 27
00:15:19.379 [raft-server-3-state] TRACE io.atomix.utils.serializer.Namespace - class java.util.LinkedList registered as 28
00:15:19.379 [raft-server-3-state] TRACE io.atomix.utils.serializer.Namespace - class java.util.HashSet registered as 29
00:15:19.379 [raft-server-3-state] TRACE io.atomix.utils.serializer.Namespace - class java.util.LinkedHashSet registered as 30
00:15:19.379 [raft-server-3-state] TRACE io.atomix.utils.serializer.Namespace - class com.sun.jmx.remote.internal.ArrayQueue registered as 31
00:15:19.379 [raft-server-3-state] TRACE io.atomix.utils.serializer.Namespace - class java.util.ArrayDeque registered as 32
00:15:19.379 [raft-server-3-state] TRACE io.atomix.utils.serializer.Namespace - class com.google.common.collect.HashMultiset registered as 33
00:15:19.379 [raft-server-3-state] TRACE io.atomix.utils.serializer.Namespace - class com.google.common.collect.Sets registered as 34
00:15:19.379 [raft-server-3-state] TRACE io.atomix.utils.serializer.Namespace - class com.google.common.collect.ImmutableEntry registered as 35
00:15:19.379 [raft-server-3-state] TRACE io.atomix.utils.serializer.Namespace - class java.util.Arrays$ArrayList registered as 36
00:15:19.379 [raft-server-3-state] TRACE io.atomix.utils.serializer.Namespace - class java.util.Collections$SingletonList registered as 37
00:15:19.379 [raft-server-3-state] TRACE io.atomix.utils.serializer.Namespace - class java.time.Duration registered as 38
00:15:19.379 [raft-server-3-state] TRACE io.atomix.utils.serializer.Namespace - class java.util.Collections$EmptySet registered as 39
00:15:19.379 [raft-server-3-state] TRACE io.atomix.utils.serializer.Namespace - class java.util.Optional registered as 40
00:15:19.379 [raft-server-3-state] TRACE io.atomix.utils.serializer.Namespace - class java.util.Collections$EmptyList registered as 41
00:15:19.379 [raft-server-3-state] TRACE io.atomix.utils.serializer.Namespace - class java.util.Collections$SingletonSet registered as 42
00:15:19.380 [raft-server-3-state] TRACE io.atomix.utils.serializer.Namespace - class [I registered as 43
00:15:19.380 [raft-server-3-state] TRACE io.atomix.utils.serializer.Namespace - class [J registered as 44
00:15:19.380 [raft-server-3-state] TRACE io.atomix.utils.serializer.Namespace - class [S registered as 45
00:15:19.380 [raft-server-3-state] TRACE io.atomix.utils.serializer.Namespace - class [D registered as 46
00:15:19.380 [raft-server-3-state] TRACE io.atomix.utils.serializer.Namespace - class [F registered as 47
00:15:19.380 [raft-server-3-state] TRACE io.atomix.utils.serializer.Namespace - class [C registered as 48
00:15:19.380 [raft-server-3-state] TRACE io.atomix.utils.serializer.Namespace - class [Ljava.lang.String; registered as 49
00:15:19.380 [raft-server-3-state] TRACE io.atomix.utils.serializer.Namespace - class [Z registered as 50
00:15:19.380 [raft-server-3-state] TRACE io.atomix.utils.serializer.Namespace - class [Ljava.lang.Object; registered as 51
00:15:19.380 [raft-server-3-state] TRACE io.atomix.utils.serializer.Namespace - class io.atomix.primitive.service.ServiceConfig registered as 52
00:15:19.380 [raft-server-3-compaction] DEBUG i.a.p.r.s.snapshot.SnapshotStore - Created disk snapshot: FileSnapshot{index=47}
00:15:19.425 [raft-server-1] DEBUG i.a.p.raft.impl.RaftServiceManager - RaftServer{1} - Snapshotting services
00:15:19.425 [raft-server-1] TRACE i.a.p.raft.roles.LeaderAppender - RaftServer{1} - Sending AppendRequest{term=1, leader=1, prevLogIndex=47, prevLogTerm=1, entries=1, commitIndex=48} to 2
00:15:19.425 [raft-server-1-state] DEBUG i.a.p.r.s.snapshot.SnapshotStore - Created memory snapshot: MemorySnapshot{index=47}
00:15:19.426 [raft-server-2] TRACE i.a.p.raft.roles.FollowerRole - RaftServer{2}{role=FOLLOWER} - Received AppendRequest{term=1, leader=1, prevLogIndex=47, prevLogTerm=1, entries=1, commitIndex=48}
00:15:19.426 [raft-server-1] TRACE i.a.p.raft.roles.LeaderAppender - RaftServer{1} - Sending AppendRequest{term=1, leader=1, prevLogIndex=48, prevLogTerm=1, entries=0, commitIndex=48} to 3
00:15:19.426 [raft-server-1] TRACE i.a.p.raft.roles.LeaderAppender - RaftServer{1} - Received AppendResponse{status=OK, term=1, succeeded=true, lastLogIndex=47} from 2
00:15:19.426 [raft-server-3] TRACE i.a.p.raft.roles.FollowerRole - RaftServer{3}{role=FOLLOWER} - Received AppendRequest{term=1, leader=1, prevLogIndex=48, prevLogTerm=1, entries=0, commitIndex=48}
00:15:19.426 [raft-server-1-state] TRACE io.atomix.utils.serializer.Namespace - Creating Kryo instance for Namespace{registeredBlocks=[RegistrationBlock{begin=16, types=[([Ljava.lang.Class;@7d0100ea,null), ([Ljava.lang.Class;@357bc488,null), ([Ljava.lang.Class;@4ea17147,null), ([Ljava.lang.Class;@2eda4eeb,null), ([Ljava.lang.Class;@5ba90d8a,io.atomix.utils.serializer.serializers.ImmutableListSerializer@309dcdf3), ([Ljava.lang.Class;@7573b9ee,io.atomix.utils.serializer.serializers.ImmutableSetSerializer@9a20cbd), ([Ljava.lang.Class;@1af4955e,io.atomix.utils.serializer.serializers.ImmutableMapSerializer@445821a6), ([Ljava.lang.Class;@2c0c4c0a,null), ([Ljava.lang.Class;@35d26ad2,null), ([Ljava.lang.Class;@bb25753,null), ([Ljava.lang.Class;@ee21292,null), ([Ljava.lang.Class;@40c06358,null), ([Ljava.lang.Class;@66e21568,null), ([Ljava.lang.Class;@7f73ce28,null), ([Ljava.lang.Class;@611b35d6,null), ([Ljava.lang.Class;@2282400e,null), ([Ljava.lang.Class;@543d5863,null), ([Ljava.lang.Class;@35dece42,null), ([Ljava.lang.Class;@dd3f8aa,null), ([Ljava.lang.Class;@3d615b2e,null), ([Ljava.lang.Class;@3a1f2a1,io.atomix.utils.serializer.serializers.ArraysAsListSerializer@40ce9049), ([Ljava.lang.Class;@52ca2652,null), ([Ljava.lang.Class;@65c5bf0e,null), ([Ljava.lang.Class;@697d6ded,null), ([Ljava.lang.Class;@5d05f453,null), ([Ljava.lang.Class;@5efeb117,null), ([Ljava.lang.Class;@160b4809,null), ([Ljava.lang.Class;@149b4d20,null), ([Ljava.lang.Class;@664e848c,null), ([Ljava.lang.Class;@4d93f75b,null), ([Ljava.lang.Class;@114a5e0,null), ([Ljava.lang.Class;@4f281aaf,null), ([Ljava.lang.Class;@5d508d22,null), ([Ljava.lang.Class;@f2b90fc,null), ([Ljava.lang.Class;@2bb41f5c,null), ([Ljava.lang.Class;@24c685e7,null)]}, RegistrationBlock{begin=52, types=[([Ljava.lang.Class;@6f054218,null)]}]}
00:15:19.426 [raft-server-2] TRACE i.a.p.raft.roles.FollowerRole - RaftServer{2}{role=FOLLOWER} - Appended Indexed{index=48, entry=CommandEntry{term=1, timestamp=2018-06-11 12:15:18,843, session=2, sequence=38, operation=PrimitiveOperation{id=DefaultOperationId{id=write, type=COMMAND}, value=byte[]{length=17, hash=-1644578928}}}}
00:15:19.426 [raft-server-1-state] TRACE io.atomix.utils.serializer.Namespace - class [B registered as 16
00:15:19.426 [raft-server-1-state] TRACE io.atomix.utils.serializer.Namespace - class java.util.concurrent.atomic.AtomicBoolean registered as 17
00:15:19.426 [raft-server-1-state] TRACE io.atomix.utils.serializer.Namespace - class java.util.concurrent.atomic.AtomicInteger registered as 18
00:15:19.426 [raft-server-1-state] TRACE io.atomix.utils.serializer.Namespace - class java.util.concurrent.atomic.AtomicLong registered as 19
00:15:19.426 [raft-server-1-state] TRACE io.atomix.utils.serializer.Namespace - class com.google.common.collect.ImmutableList registered as 20
00:15:19.426 [raft-server-1-state] TRACE io.atomix.utils.serializer.Namespace - class com.google.common.collect.RegularImmutableList registered as 20
00:15:19.426 [raft-server-1-state] TRACE io.atomix.utils.serializer.Namespace - class com.google.common.collect.RegularImmutableList registered as 20
00:15:19.426 [raft-server-1-state] TRACE io.atomix.utils.serializer.Namespace - class com.google.common.collect.ImmutableList$SubList registered as 20
00:15:19.426 [raft-server-1-state] TRACE io.atomix.utils.serializer.Namespace - class com.google.common.collect.ImmutableSet registered as 21
00:15:19.426 [raft-server-1-state] TRACE io.atomix.utils.serializer.Namespace - class com.google.common.collect.RegularImmutableSet registered as 21
00:15:19.426 [raft-server-1-state] TRACE io.atomix.utils.serializer.Namespace - class com.google.common.collect.SingletonImmutableSet registered as 21
00:15:19.426 [raft-server-1-state] TRACE io.atomix.utils.serializer.Namespace - class com.google.common.collect.RegularImmutableSet registered as 21
00:15:19.426 [raft-server-1-state] TRACE io.atomix.utils.serializer.Namespace - class com.google.common.collect.ImmutableMap registered as 22
00:15:19.426 [raft-server-1-state] TRACE io.atomix.utils.serializer.Namespace - class com.google.common.collect.RegularImmutableMap registered as 22
00:15:19.426 [raft-server-1-state] TRACE io.atomix.utils.serializer.Namespace - class com.google.common.collect.RegularImmutableMap registered as 22
00:15:19.426 [raft-server-1-state] TRACE io.atomix.utils.serializer.Namespace - class com.google.common.collect.RegularImmutableMap registered as 22
00:15:19.426 [raft-server-1-state] TRACE io.atomix.utils.serializer.Namespace - class java.util.Collections$UnmodifiableSet registered as 23
00:15:19.426 [raft-server-1-state] TRACE io.atomix.utils.serializer.Namespace - class java.util.HashMap registered as 24
00:15:19.426 [raft-server-1-state] TRACE io.atomix.utils.serializer.Namespace - class java.util.concurrent.ConcurrentHashMap registered as 25
00:15:19.427 [raft-server-1-state] TRACE io.atomix.utils.serializer.Namespace - class java.util.concurrent.CopyOnWriteArraySet registered as 26
00:15:19.427 [raft-server-1-state] TRACE io.atomix.utils.serializer.Namespace - class java.util.ArrayList registered as 27
00:15:19.427 [raft-server-1-state] TRACE io.atomix.utils.serializer.Namespace - class java.util.LinkedList registered as 28
00:15:19.427 [raft-server-1-state] TRACE io.atomix.utils.serializer.Namespace - class java.util.HashSet registered as 29
00:15:19.427 [raft-server-1-state] TRACE io.atomix.utils.serializer.Namespace - class java.util.LinkedHashSet registered as 30
00:15:19.427 [raft-server-1-state] TRACE io.atomix.utils.serializer.Namespace - class com.sun.jmx.remote.internal.ArrayQueue registered as 31
00:15:19.427 [raft-server-1-state] TRACE io.atomix.utils.serializer.Namespace - class java.util.ArrayDeque registered as 32
00:15:19.427 [raft-server-1-state] TRACE io.atomix.utils.serializer.Namespace - class com.google.common.collect.HashMultiset registered as 33
00:15:19.427 [raft-server-1-state] TRACE io.atomix.utils.serializer.Namespace - class com.google.common.collect.Sets registered as 34
00:15:19.427 [raft-server-1-state] TRACE io.atomix.utils.serializer.Namespace - class com.google.common.collect.ImmutableEntry registered as 35
00:15:19.427 [raft-server-1-state] TRACE io.atomix.utils.serializer.Namespace - class java.util.Arrays$ArrayList registered as 36
00:15:19.427 [raft-server-1-state] TRACE io.atomix.utils.serializer.Namespace - class java.util.Collections$SingletonList registered as 37
00:15:19.427 [raft-server-1-state] TRACE io.atomix.utils.serializer.Namespace - class java.time.Duration registered as 38
00:15:19.427 [raft-server-1-state] TRACE io.atomix.utils.serializer.Namespace - class java.util.Collections$EmptySet registered as 39
00:15:19.427 [raft-server-1-state] TRACE io.atomix.utils.serializer.Namespace - class java.util.Optional registered as 40
00:15:19.427 [raft-server-1-state] TRACE io.atomix.utils.serializer.Namespace - class java.util.Collections$EmptyList registered as 41
00:15:19.427 [raft-server-1-state] TRACE io.atomix.utils.serializer.Namespace - class java.util.Collections$SingletonSet registered as 42
00:15:19.427 [raft-server-1-state] TRACE io.atomix.utils.serializer.Namespace - class [I registered as 43
00:15:19.427 [raft-server-1-state] TRACE io.atomix.utils.serializer.Namespace - class [J registered as 44
00:15:19.427 [raft-server-1-state] TRACE io.atomix.utils.serializer.Namespace - class [S registered as 45
00:15:19.427 [raft-server-1-state] TRACE io.atomix.utils.serializer.Namespace - class [D registered as 46
00:15:19.427 [raft-server-1-state] TRACE io.atomix.utils.serializer.Namespace - class [F registered as 47
00:15:19.427 [raft-server-1-state] TRACE io.atomix.utils.serializer.Namespace - class [C registered as 48
00:15:19.427 [raft-server-1-state] TRACE io.atomix.utils.serializer.Namespace - class [Ljava.lang.String; registered as 49
00:15:19.427 [raft-server-1-state] TRACE io.atomix.utils.serializer.Namespace - class [Z registered as 50
00:15:19.427 [raft-server-1-state] TRACE io.atomix.utils.serializer.Namespace - class [Ljava.lang.Object; registered as 51
00:15:19.428 [raft-server-1-state] TRACE io.atomix.utils.serializer.Namespace - class io.atomix.primitive.service.ServiceConfig registered as 52
00:15:19.428 [raft-server-1-state] DEBUG i.a.p.r.service.RaftServiceContext - PrimitiveService{2}{type=io.atomix.protocols.raft.RaftTest$TestPrimitiveType@5c91ef2b, name=raft-test} - Taking snapshot 47
00:15:19.428 [raft-server-1-state] TRACE io.atomix.utils.serializer.Namespace - Creating Kryo instance for Namespace{registeredBlocks=[RegistrationBlock{begin=16, types=[([Ljava.lang.Class;@7d0100ea,null), ([Ljava.lang.Class;@357bc488,null), ([Ljava.lang.Class;@4ea17147,null), ([Ljava.lang.Class;@2eda4eeb,null), ([Ljava.lang.Class;@5ba90d8a,io.atomix.utils.serializer.serializers.ImmutableListSerializer@309dcdf3), ([Ljava.lang.Class;@7573b9ee,io.atomix.utils.serializer.serializers.ImmutableSetSerializer@9a20cbd), ([Ljava.lang.Class;@1af4955e,io.atomix.utils.serializer.serializers.ImmutableMapSerializer@445821a6), ([Ljava.lang.Class;@2c0c4c0a,null), ([Ljava.lang.Class;@35d26ad2,null), ([Ljava.lang.Class;@bb25753,null), ([Ljava.lang.Class;@ee21292,null), ([Ljava.lang.Class;@40c06358,null), ([Ljava.lang.Class;@66e21568,null), ([Ljava.lang.Class;@7f73ce28,null), ([Ljava.lang.Class;@611b35d6,null), ([Ljava.lang.Class;@2282400e,null), ([Ljava.lang.Class;@543d5863,null), ([Ljava.lang.Class;@35dece42,null), ([Ljava.lang.Class;@dd3f8aa,null), ([Ljava.lang.Class;@3d615b2e,null), ([Ljava.lang.Class;@3a1f2a1,io.atomix.utils.serializer.serializers.ArraysAsListSerializer@40ce9049), ([Ljava.lang.Class;@52ca2652,null), ([Ljava.lang.Class;@65c5bf0e,null), ([Ljava.lang.Class;@697d6ded,null), ([Ljava.lang.Class;@5d05f453,null), ([Ljava.lang.Class;@5efeb117,null), ([Ljava.lang.Class;@160b4809,null), ([Ljava.lang.Class;@149b4d20,null), ([Ljava.lang.Class;@664e848c,null), ([Ljava.lang.Class;@4d93f75b,null), ([Ljava.lang.Class;@114a5e0,null), ([Ljava.lang.Class;@4f281aaf,null), ([Ljava.lang.Class;@5d508d22,null), ([Ljava.lang.Class;@f2b90fc,null), ([Ljava.lang.Class;@2bb41f5c,null), ([Ljava.lang.Class;@24c685e7,null)]}, RegistrationBlock{begin=52, types=[([Ljava.lang.Class;@62af5638,null)]}]}
00:15:19.428 [raft-server-1-state] TRACE io.atomix.utils.serializer.Namespace - class [B registered as 16
00:15:19.428 [raft-server-1-state] TRACE io.atomix.utils.serializer.Namespace - class java.util.concurrent.atomic.AtomicBoolean registered as 17
00:15:19.428 [raft-server-1-state] TRACE io.atomix.utils.serializer.Namespace - class java.util.concurrent.atomic.AtomicInteger registered as 18
00:15:19.428 [raft-server-1-state] TRACE io.atomix.utils.serializer.Namespace - class java.util.concurrent.atomic.AtomicLong registered as 19
00:15:19.428 [raft-server-1-state] TRACE io.atomix.utils.serializer.Namespace - class com.google.common.collect.ImmutableList registered as 20
00:15:19.428 [raft-server-1-state] TRACE io.atomix.utils.serializer.Namespace - class com.google.common.collect.RegularImmutableList registered as 20
00:15:19.428 [raft-server-1-state] TRACE io.atomix.utils.serializer.Namespace - class com.google.common.collect.RegularImmutableList registered as 20
00:15:19.428 [raft-server-1-state] TRACE io.atomix.utils.serializer.Namespace - class com.google.common.collect.ImmutableList$SubList registered as 20
00:15:19.428 [raft-server-1-state] TRACE io.atomix.utils.serializer.Namespace - class com.google.common.collect.ImmutableSet registered as 21
00:15:19.428 [raft-server-1-state] TRACE io.atomix.utils.serializer.Namespace - class com.google.common.collect.RegularImmutableSet registered as 21
00:15:19.428 [raft-server-1-state] TRACE io.atomix.utils.serializer.Namespace - class com.google.common.collect.SingletonImmutableSet registered as 21
00:15:19.428 [raft-server-1-state] TRACE io.atomix.utils.serializer.Namespace - class com.google.common.collect.RegularImmutableSet registered as 21
00:15:19.428 [raft-server-1-state] TRACE io.atomix.utils.serializer.Namespace - class com.google.common.collect.ImmutableMap registered as 22
00:15:19.428 [raft-server-1-state] TRACE io.atomix.utils.serializer.Namespace - class com.google.common.collect.RegularImmutableMap registered as 22
00:15:19.428 [raft-server-1-state] TRACE io.atomix.utils.serializer.Namespace - class com.google.common.collect.RegularImmutableMap registered as 22
00:15:19.428 [raft-server-1-state] TRACE io.atomix.utils.serializer.Namespace - class com.google.common.collect.RegularImmutableMap registered as 22
00:15:19.428 [raft-server-1-state] TRACE io.atomix.utils.serializer.Namespace - class java.util.Collections$UnmodifiableSet registered as 23
00:15:19.428 [raft-server-1-state] TRACE io.atomix.utils.serializer.Namespace - class java.util.HashMap registered as 24
00:15:19.428 [raft-server-1-state] TRACE io.atomix.utils.serializer.Namespace - class java.util.concurrent.ConcurrentHashMap registered as 25
00:15:19.428 [raft-server-1-state] TRACE io.atomix.utils.serializer.Namespace - class java.util.concurrent.CopyOnWriteArraySet registered as 26
00:15:19.428 [raft-server-1-state] TRACE io.atomix.utils.serializer.Namespace - class java.util.ArrayList registered as 27
00:15:19.428 [raft-server-1-state] TRACE io.atomix.utils.serializer.Namespace - class java.util.LinkedList registered as 28
00:15:19.428 [raft-server-1-state] TRACE io.atomix.utils.serializer.Namespace - class java.util.HashSet registered as 29
00:15:19.428 [raft-server-1-state] TRACE io.atomix.utils.serializer.Namespace - class java.util.LinkedHashSet registered as 30
00:15:19.429 [raft-server-1-state] TRACE io.atomix.utils.serializer.Namespace - class com.sun.jmx.remote.internal.ArrayQueue registered as 31
00:15:19.429 [raft-server-1-state] TRACE io.atomix.utils.serializer.Namespace - class java.util.ArrayDeque registered as 32
00:15:19.429 [raft-server-1-state] TRACE io.atomix.utils.serializer.Namespace - class com.google.common.collect.HashMultiset registered as 33
00:15:19.429 [raft-server-1-state] TRACE io.atomix.utils.serializer.Namespace - class com.google.common.collect.Sets registered as 34
00:15:19.429 [raft-server-1-state] TRACE io.atomix.utils.serializer.Namespace - class com.google.common.collect.ImmutableEntry registered as 35
00:15:19.429 [raft-server-1-state] TRACE io.atomix.utils.serializer.Namespace - class java.util.Arrays$ArrayList registered as 36
00:15:19.429 [raft-server-1-state] TRACE io.atomix.utils.serializer.Namespace - class java.util.Collections$SingletonList registered as 37
00:15:19.429 [raft-server-1-state] TRACE io.atomix.utils.serializer.Namespace - class java.time.Duration registered as 38
00:15:19.429 [raft-server-1-state] TRACE io.atomix.utils.serializer.Namespace - class java.util.Collections$EmptySet registered as 39
00:15:19.429 [raft-server-1-state] TRACE io.atomix.utils.serializer.Namespace - class java.util.Optional registered as 40
00:15:19.429 [raft-server-1-state] TRACE io.atomix.utils.serializer.Namespace - class java.util.Collections$EmptyList registered as 41
00:15:19.429 [raft-server-1-state] TRACE io.atomix.utils.serializer.Namespace - class java.util.Collections$SingletonSet registered as 42
00:15:19.429 [raft-server-1-state] TRACE io.atomix.utils.serializer.Namespace - class [I registered as 43
00:15:19.429 [raft-server-1-state] TRACE io.atomix.utils.serializer.Namespace - class [J registered as 44
00:15:19.429 [raft-server-1-state] TRACE io.atomix.utils.serializer.Namespace - class [S registered as 45
00:15:19.429 [raft-server-1-state] TRACE io.atomix.utils.serializer.Namespace - class [D registered as 46
00:15:19.429 [raft-server-1-state] TRACE io.atomix.utils.serializer.Namespace - class [F registered as 47
00:15:19.429 [raft-server-1-state] TRACE io.atomix.utils.serializer.Namespace - class [C registered as 48
00:15:19.429 [raft-server-1-state] TRACE io.atomix.utils.serializer.Namespace - class [Ljava.lang.String; registered as 49
00:15:19.429 [raft-server-1-state] TRACE io.atomix.utils.serializer.Namespace - class [Z registered as 50
00:15:19.429 [raft-server-1-state] TRACE io.atomix.utils.serializer.Namespace - class [Ljava.lang.Object; registered as 51
00:15:19.429 [raft-server-1-state] TRACE io.atomix.utils.serializer.Namespace - class io.atomix.primitive.service.ServiceConfig registered as 52
00:15:19.429 [raft-server-1-state] TRACE i.a.p.raft.impl.RaftServiceManager - RaftServer{1} - Applying Indexed{index=48, entry=CommandEntry{term=1, timestamp=2018-06-11 12:15:18,843, session=2, sequence=38, operation=PrimitiveOperation{id=DefaultOperationId{id=write, type=COMMAND}, value=byte[]{length=17, hash=-1644578928}}}}
00:15:19.429 [raft-server-1-state] TRACE i.a.p.s.impl.DefaultServiceExecutor - PrimitiveService{2}{type=io.atomix.protocols.raft.RaftTest$TestPrimitiveType@5c91ef2b, name=raft-test} - Executing DefaultCommit{index=48, session=RaftSession{RaftServiceContext{server=1, type=io.atomix.protocols.raft.RaftTest$TestPrimitiveType@5c91ef2b, name=raft-test, id=2}, session=2, timestamp=2018-06-11 12:15:18,843}, time=2018-06-11 12:15:18,843, operation=DefaultOperationId{id=write, type=COMMAND}, value=byte[]{length=17, hash=-1644578928}}
00:15:19.430 [raft-server-1-compaction] DEBUG i.a.p.r.s.snapshot.SnapshotStore - Created disk snapshot: FileSnapshot{index=47}
00:15:19.430 [raft-server-1-state] TRACE i.a.protocols.raft.roles.LeaderRole - RaftServer{1}{role=LEADER} - Sending CommandResponse{status=OK, index=48, eventIndex=2, result=byte[]{length=2, hash=1336}}
00:15:19.430 [raft-client-82530a18-bea6-4e53-b81d-3dd8c76650f9-4] TRACE i.a.p.r.s.impl.RaftSessionConnection - SessionClient{2}{type=io.atomix.protocols.raft.RaftTest$TestPrimitiveType@68b11545, name=raft-test} - Received CommandResponse{status=OK, index=48, eventIndex=2, result=byte[]{length=2, hash=1336}} from 1
00:15:19.430 [raft-client-82530a18-bea6-4e53-b81d-3dd8c76650f9-4] TRACE i.a.p.r.s.impl.RaftSessionSequencer - SessionClient{2}{type=io.atomix.protocols.raft.RaftTest$TestPrimitiveType@68b11545, name=raft-test} - Completing response CommandResponse{status=OK, index=48, eventIndex=2, result=byte[]{length=2, hash=1336}}
00:15:19.430 [raft-client-82530a18-bea6-4e53-b81d-3dd8c76650f9-3] TRACE i.a.p.r.s.impl.RaftSessionConnection - SessionClient{2}{type=io.atomix.protocols.raft.RaftTest$TestPrimitiveType@68b11545, name=raft-test} - Sending CommandRequest{session=2, sequence=39, operation=PrimitiveOperation{id=DefaultOperationId{id=write, type=COMMAND}, value=byte[]{length=17, hash=-1644578928}}} to 1
00:15:19.430 [raft-server-1] TRACE i.a.protocols.raft.roles.LeaderRole - RaftServer{1}{role=LEADER} - Received CommandRequest{session=2, sequence=39, operation=PrimitiveOperation{id=DefaultOperationId{id=write, type=COMMAND}, value=byte[]{length=17, hash=-1644578928}}}
00:15:19.430 [raft-server-1] TRACE i.a.protocols.raft.roles.LeaderRole - RaftServer{1}{role=LEADER} - Appended Indexed{index=49, entry=CommandEntry{term=1, timestamp=2018-06-11 12:15:19,430, session=2, sequence=39, operation=PrimitiveOperation{id=DefaultOperationId{id=write, type=COMMAND}, value=byte[]{length=17, hash=-1644578928}}}}
00:15:19.692 [raft-server-2] TRACE i.a.p.raft.roles.FollowerRole - RaftServer{2}{role=FOLLOWER} - Committed entries up to index 48
00:15:19.692 [raft-server-3] TRACE i.a.p.raft.roles.FollowerRole - RaftServer{3}{role=FOLLOWER} - Committed entries up to index 48
00:15:19.692 [raft-server-2] TRACE i.a.p.raft.roles.FollowerRole - RaftServer{2}{role=FOLLOWER} - Sending AppendResponse{status=OK, term=1, succeeded=true, lastLogIndex=48}
00:15:19.692 [raft-server-3] TRACE i.a.p.raft.roles.FollowerRole - RaftServer{3}{role=FOLLOWER} - Sending AppendResponse{status=OK, term=1, succeeded=true, lastLogIndex=48}
00:15:19.692 [raft-server-1] TRACE i.a.p.raft.roles.LeaderAppender - RaftServer{1} - Received AppendResponse{status=OK, term=1, succeeded=true, lastLogIndex=48} from 2
00:15:19.692 [raft-server-2-state] TRACE i.a.p.raft.impl.RaftServiceManager - RaftServer{2} - Applying Indexed{index=48, entry=CommandEntry{term=1, timestamp=2018-06-11 12:15:18,843, session=2, sequence=38, operation=PrimitiveOperation{id=DefaultOperationId{id=write, type=COMMAND}, value=byte[]{length=17, hash=-1644578928}}}}
00:15:19.692 [raft-server-3-state] TRACE i.a.p.raft.impl.RaftServiceManager - RaftServer{3} - Applying Indexed{index=48, entry=CommandEntry{term=1, timestamp=2018-06-11 12:15:18,843, session=2, sequence=38, operation=PrimitiveOperation{id=DefaultOperationId{id=write, type=COMMAND}, value=byte[]{length=17, hash=-1644578928}}}}
00:15:19.692 [raft-server-1] TRACE i.a.p.raft.roles.LeaderAppender - RaftServer{1} - Sending AppendRequest{term=1, leader=1, prevLogIndex=48, prevLogTerm=1, entries=1, commitIndex=48} to 2
00:15:19.692 [raft-server-2-state] TRACE i.a.p.s.impl.DefaultServiceExecutor - PrimitiveService{2}{type=io.atomix.protocols.raft.RaftTest$TestPrimitiveType@4f16731, name=raft-test} - Executing DefaultCommit{index=48, session=RaftSession{RaftServiceContext{server=2, type=io.atomix.protocols.raft.RaftTest$TestPrimitiveType@4f16731, name=raft-test, id=2}, session=2, timestamp=2018-06-11 12:15:18,843}, time=2018-06-11 12:15:18,843, operation=DefaultOperationId{id=write, type=COMMAND}, value=byte[]{length=17, hash=-1644578928}}
00:15:19.692 [raft-server-3-state] TRACE i.a.p.s.impl.DefaultServiceExecutor - PrimitiveService{2}{type=io.atomix.protocols.raft.RaftTest$TestPrimitiveType@3a1a32eb, name=raft-test} - Executing DefaultCommit{index=48, session=RaftSession{RaftServiceContext{server=3, type=io.atomix.protocols.raft.RaftTest$TestPrimitiveType@3a1a32eb, name=raft-test, id=2}, session=2, timestamp=2018-06-11 12:15:18,843}, time=2018-06-11 12:15:18,843, operation=DefaultOperationId{id=write, type=COMMAND}, value=byte[]{length=17, hash=-1644578928}}
00:15:19.693 [raft-server-1] TRACE i.a.p.raft.roles.LeaderAppender - RaftServer{1} - Sending AppendRequest{term=1, leader=1, prevLogIndex=48, prevLogTerm=1, entries=1, commitIndex=48} to 3
00:15:19.693 [raft-server-2] TRACE i.a.p.raft.roles.FollowerRole - RaftServer{2}{role=FOLLOWER} - Received AppendRequest{term=1, leader=1, prevLogIndex=48, prevLogTerm=1, entries=1, commitIndex=48}
00:15:19.693 [raft-server-3] TRACE i.a.p.raft.roles.FollowerRole - RaftServer{3}{role=FOLLOWER} - Received AppendRequest{term=1, leader=1, prevLogIndex=48, prevLogTerm=1, entries=1, commitIndex=48}
00:15:19.693 [raft-server-1] TRACE i.a.p.raft.roles.LeaderAppender - RaftServer{1} - Received AppendResponse{status=OK, term=1, succeeded=true, lastLogIndex=48} from 3
00:15:19.693 [raft-server-2] TRACE i.a.p.raft.roles.FollowerRole - RaftServer{2}{role=FOLLOWER} - Appended Indexed{index=49, entry=CommandEntry{term=1, timestamp=2018-06-11 12:15:19,430, session=2, sequence=39, operation=PrimitiveOperation{id=DefaultOperationId{id=write, type=COMMAND}, value=byte[]{length=17, hash=-1644578928}}}}
00:15:19.693 [raft-server-2] TRACE i.a.p.raft.roles.FollowerRole - RaftServer{2}{role=FOLLOWER} - Sending AppendResponse{status=OK, term=1, succeeded=true, lastLogIndex=49}
00:15:19.693 [raft-server-3] TRACE i.a.p.raft.roles.FollowerRole - RaftServer{3}{role=FOLLOWER} - Appended Indexed{index=49, entry=CommandEntry{term=1, timestamp=2018-06-11 12:15:19,430, session=2, sequence=39, operation=PrimitiveOperation{id=DefaultOperationId{id=write, type=COMMAND}, value=byte[]{length=17, hash=-1644578928}}}}
00:15:19.693 [raft-server-3] TRACE i.a.p.raft.roles.FollowerRole - RaftServer{3}{role=FOLLOWER} - Sending AppendResponse{status=OK, term=1, succeeded=true, lastLogIndex=49}
00:15:19.693 [raft-server-1] TRACE i.a.p.raft.roles.LeaderAppender - RaftServer{1} - Received AppendResponse{status=OK, term=1, succeeded=true, lastLogIndex=49} from 2
00:15:19.693 [raft-server-1] TRACE i.a.p.raft.roles.LeaderAppender - RaftServer{1} - Committed entries up to 49
00:15:20.242 [raft-server-1] TRACE i.a.p.raft.roles.LeaderAppender - RaftServer{1} - Received AppendResponse{status=OK, term=1, succeeded=true, lastLogIndex=49} from 3
00:15:20.242 [raft-server-1] TRACE i.a.p.raft.roles.LeaderAppender - RaftServer{1} - Sending AppendRequest{term=1, leader=1, prevLogIndex=49, prevLogTerm=1, entries=0, commitIndex=49} to 2
00:15:20.242 [raft-server-1] TRACE i.a.p.raft.roles.LeaderAppender - RaftServer{1} - Sending AppendRequest{term=1, leader=1, prevLogIndex=49, prevLogTerm=1, entries=0, commitIndex=49} to 3
00:15:20.242 [raft-server-2] TRACE i.a.p.raft.roles.FollowerRole - RaftServer{2}{role=FOLLOWER} - Received AppendRequest{term=1, leader=1, prevLogIndex=49, prevLogTerm=1, entries=0, commitIndex=49}
00:15:20.242 [raft-server-3] TRACE i.a.p.raft.roles.FollowerRole - RaftServer{3}{role=FOLLOWER} - Received AppendRequest{term=1, leader=1, prevLogIndex=49, prevLogTerm=1, entries=0, commitIndex=49}
00:15:20.242 [raft-server-1-state] TRACE i.a.p.raft.impl.RaftServiceManager - RaftServer{1} - Applying Indexed{index=49, entry=CommandEntry{term=1, timestamp=2018-06-11 12:15:19,430, session=2, sequence=39, operation=PrimitiveOperation{id=DefaultOperationId{id=write, type=COMMAND}, value=byte[]{length=17, hash=-1644578928}}}}
00:15:20.242 [raft-server-1-state] TRACE i.a.p.s.impl.DefaultServiceExecutor - PrimitiveService{2}{type=io.atomix.protocols.raft.RaftTest$TestPrimitiveType@5c91ef2b, name=raft-test} - Executing DefaultCommit{index=49, session=RaftSession{RaftServiceContext{server=1, type=io.atomix.protocols.raft.RaftTest$TestPrimitiveType@5c91ef2b, name=raft-test, id=2}, session=2, timestamp=2018-06-11 12:15:19,430}, time=2018-06-11 12:15:19,430, operation=DefaultOperationId{id=write, type=COMMAND}, value=byte[]{length=17, hash=-1644578928}}
00:15:20.243 [raft-server-1-state] TRACE i.a.protocols.raft.roles.LeaderRole - RaftServer{1}{role=LEADER} - Sending CommandResponse{status=OK, index=49, eventIndex=2, result=byte[]{length=2, hash=1338}}
00:15:20.243 [raft-client-82530a18-bea6-4e53-b81d-3dd8c76650f9-2] TRACE i.a.p.r.s.impl.RaftSessionConnection - SessionClient{2}{type=io.atomix.protocols.raft.RaftTest$TestPrimitiveType@68b11545, name=raft-test} - Received CommandResponse{status=OK, index=49, eventIndex=2, result=byte[]{length=2, hash=1338}} from 1
00:15:20.243 [raft-client-82530a18-bea6-4e53-b81d-3dd8c76650f9-2] TRACE i.a.p.r.s.impl.RaftSessionSequencer - SessionClient{2}{type=io.atomix.protocols.raft.RaftTest$TestPrimitiveType@68b11545, name=raft-test} - Completing response CommandResponse{status=OK, index=49, eventIndex=2, result=byte[]{length=2, hash=1338}}
00:15:20.243 [raft-client-82530a18-bea6-4e53-b81d-3dd8c76650f9-2] TRACE i.a.p.r.s.impl.RaftSessionConnection - SessionClient{2}{type=io.atomix.protocols.raft.RaftTest$TestPrimitiveType@68b11545, name=raft-test} - Sending CommandRequest{session=2, sequence=40, operation=PrimitiveOperation{id=DefaultOperationId{id=write, type=COMMAND}, value=byte[]{length=17, hash=-1644578928}}} to 1
00:15:20.243 [raft-server-1] TRACE i.a.protocols.raft.roles.LeaderRole - RaftServer{1}{role=LEADER} - Received CommandRequest{session=2, sequence=40, operation=PrimitiveOperation{id=DefaultOperationId{id=write, type=COMMAND}, value=byte[]{length=17, hash=-1644578928}}}
00:15:20.243 [raft-server-1] TRACE i.a.protocols.raft.roles.LeaderRole - RaftServer{1}{role=LEADER} - Appended Indexed{index=50, entry=CommandEntry{term=1, timestamp=2018-06-11 12:15:20,243, session=2, sequence=40, operation=PrimitiveOperation{id=DefaultOperationId{id=write, type=COMMAND}, value=byte[]{length=17, hash=-1644578928}}}}
00:15:20.500 [raft-server-2] TRACE i.a.p.raft.roles.FollowerRole - RaftServer{2}{role=FOLLOWER} - Committed entries up to index 49
00:15:20.500 [raft-server-3] TRACE i.a.p.raft.roles.FollowerRole - RaftServer{3}{role=FOLLOWER} - Committed entries up to index 49
00:15:20.500 [raft-server-2] TRACE i.a.p.raft.roles.FollowerRole - RaftServer{2}{role=FOLLOWER} - Sending AppendResponse{status=OK, term=1, succeeded=true, lastLogIndex=49}
00:15:20.500 [raft-server-3] TRACE i.a.p.raft.roles.FollowerRole - RaftServer{3}{role=FOLLOWER} - Sending AppendResponse{status=OK, term=1, succeeded=true, lastLogIndex=49}
00:15:20.500 [raft-server-1] TRACE i.a.p.raft.roles.LeaderAppender - RaftServer{1} - Received AppendResponse{status=OK, term=1, succeeded=true, lastLogIndex=49} from 2
00:15:20.500 [raft-server-1] TRACE i.a.p.raft.roles.LeaderAppender - RaftServer{1} - Sending AppendRequest{term=1, leader=1, prevLogIndex=49, prevLogTerm=1, entries=1, commitIndex=49} to 2
00:15:20.500 [raft-server-3-state] TRACE i.a.p.raft.impl.RaftServiceManager - RaftServer{3} - Applying Indexed{index=49, entry=CommandEntry{term=1, timestamp=2018-06-11 12:15:19,430, session=2, sequence=39, operation=PrimitiveOperation{id=DefaultOperationId{id=write, type=COMMAND}, value=byte[]{length=17, hash=-1644578928}}}}
00:15:20.500 [raft-server-1] TRACE i.a.p.raft.roles.LeaderAppender - RaftServer{1} - Sending AppendRequest{term=1, leader=1, prevLogIndex=49, prevLogTerm=1, entries=1, commitIndex=49} to 3
00:15:20.500 [raft-server-3] TRACE i.a.p.raft.roles.FollowerRole - RaftServer{3}{role=FOLLOWER} - Received AppendRequest{term=1, leader=1, prevLogIndex=49, prevLogTerm=1, entries=1, commitIndex=49}
00:15:20.500 [raft-server-3-state] TRACE i.a.p.s.impl.DefaultServiceExecutor - PrimitiveService{2}{type=io.atomix.protocols.raft.RaftTest$TestPrimitiveType@3a1a32eb, name=raft-test} - Executing DefaultCommit{index=49, session=RaftSession{RaftServiceContext{server=3, type=io.atomix.protocols.raft.RaftTest$TestPrimitiveType@3a1a32eb, name=raft-test, id=2}, session=2, timestamp=2018-06-11 12:15:19,430}, time=2018-06-11 12:15:19,430, operation=DefaultOperationId{id=write, type=COMMAND}, value=byte[]{length=17, hash=-1644578928}}
00:15:20.500 [raft-server-1] TRACE i.a.p.raft.roles.LeaderAppender - RaftServer{1} - Received AppendResponse{status=OK, term=1, succeeded=true, lastLogIndex=49} from 3
00:15:20.501 [raft-server-3] TRACE i.a.p.raft.roles.FollowerRole - RaftServer{3}{role=FOLLOWER} - Appended Indexed{index=50, entry=CommandEntry{term=1, timestamp=2018-06-11 12:15:20,243, session=2, sequence=40, operation=PrimitiveOperation{id=DefaultOperationId{id=write, type=COMMAND}, value=byte[]{length=17, hash=-1644578928}}}}
00:15:20.501 [raft-server-3] TRACE i.a.p.raft.roles.FollowerRole - RaftServer{3}{role=FOLLOWER} - Sending AppendResponse{status=OK, term=1, succeeded=true, lastLogIndex=50}
00:15:20.501 [raft-server-1] TRACE i.a.p.raft.roles.LeaderAppender - RaftServer{1} - Received AppendResponse{status=OK, term=1, succeeded=true, lastLogIndex=50} from 3
00:15:20.501 [raft-server-2-state] TRACE i.a.p.raft.impl.RaftServiceManager - RaftServer{2} - Applying Indexed{index=49, entry=CommandEntry{term=1, timestamp=2018-06-11 12:15:19,430, session=2, sequence=39, operation=PrimitiveOperation{id=DefaultOperationId{id=write, type=COMMAND}, value=byte[]{length=17, hash=-1644578928}}}}
00:15:20.501 [raft-server-1] TRACE i.a.p.raft.roles.LeaderAppender - RaftServer{1} - Committed entries up to 50
00:15:20.501 [raft-server-2-state] TRACE i.a.p.s.impl.DefaultServiceExecutor - PrimitiveService{2}{type=io.atomix.protocols.raft.RaftTest$TestPrimitiveType@4f16731, name=raft-test} - Executing DefaultCommit{index=49, session=RaftSession{RaftServiceContext{server=2, type=io.atomix.protocols.raft.RaftTest$TestPrimitiveType@4f16731, name=raft-test, id=2}, session=2, timestamp=2018-06-11 12:15:19,430}, time=2018-06-11 12:15:19,430, operation=DefaultOperationId{id=write, type=COMMAND}, value=byte[]{length=17, hash=-1644578928}}
00:15:20.501 [raft-server-2] TRACE i.a.p.raft.roles.FollowerRole - RaftServer{2}{role=FOLLOWER} - Received AppendRequest{term=1, leader=1, prevLogIndex=49, prevLogTerm=1, entries=1, commitIndex=49}
00:15:20.501 [raft-server-2] TRACE i.a.p.raft.roles.FollowerRole - RaftServer{2}{role=FOLLOWER} - Appended Indexed{index=50, entry=CommandEntry{term=1, timestamp=2018-06-11 12:15:20,243, session=2, sequence=40, operation=PrimitiveOperation{id=DefaultOperationId{id=write, type=COMMAND}, value=byte[]{length=17, hash=-1644578928}}}}
00:15:20.501 [raft-server-2] TRACE i.a.p.raft.roles.FollowerRole - RaftServer{2}{role=FOLLOWER} - Sending AppendResponse{status=OK, term=1, succeeded=true, lastLogIndex=50}
00:15:20.767 [raft-server-1] TRACE i.a.p.raft.roles.LeaderAppender - RaftServer{1} - Received AppendResponse{status=OK, term=1, succeeded=true, lastLogIndex=50} from 2
00:15:20.767 [raft-server-1] TRACE i.a.p.raft.roles.LeaderAppender - RaftServer{1} - Sending AppendRequest{term=1, leader=1, prevLogIndex=50, prevLogTerm=1, entries=0, commitIndex=50} to 2
00:15:20.767 [raft-server-1] TRACE i.a.p.raft.roles.LeaderAppender - RaftServer{1} - Sending AppendRequest{term=1, leader=1, prevLogIndex=50, prevLogTerm=1, entries=0, commitIndex=50} to 3
00:15:20.767 [raft-server-2] TRACE i.a.p.raft.roles.FollowerRole - RaftServer{2}{role=FOLLOWER} - Received AppendRequest{term=1, leader=1, prevLogIndex=50, prevLogTerm=1, entries=0, commitIndex=50}
00:15:20.767 [raft-server-3] TRACE i.a.p.raft.roles.FollowerRole - RaftServer{3}{role=FOLLOWER} - Received AppendRequest{term=1, leader=1, prevLogIndex=50, prevLogTerm=1, entries=0, commitIndex=50}
00:15:20.767 [raft-server-1-state] TRACE i.a.p.raft.impl.RaftServiceManager - RaftServer{1} - Applying Indexed{index=50, entry=CommandEntry{term=1, timestamp=2018-06-11 12:15:20,243, session=2, sequence=40, operation=PrimitiveOperation{id=DefaultOperationId{id=write, type=COMMAND}, value=byte[]{length=17, hash=-1644578928}}}}
00:15:20.767 [raft-server-1-state] TRACE i.a.p.s.impl.DefaultServiceExecutor - PrimitiveService{2}{type=io.atomix.protocols.raft.RaftTest$TestPrimitiveType@5c91ef2b, name=raft-test} - Executing DefaultCommit{index=50, session=RaftSession{RaftServiceContext{server=1, type=io.atomix.protocols.raft.RaftTest$TestPrimitiveType@5c91ef2b, name=raft-test, id=2}, session=2, timestamp=2018-06-11 12:15:20,243}, time=2018-06-11 12:15:20,243, operation=DefaultOperationId{id=write, type=COMMAND}, value=byte[]{length=17, hash=-1644578928}}
00:15:20.767 [raft-server-1-state] TRACE i.a.protocols.raft.roles.LeaderRole - RaftServer{1}{role=LEADER} - Sending CommandResponse{status=OK, index=50, eventIndex=2, result=byte[]{length=2, hash=1340}}
00:15:20.767 [raft-client-82530a18-bea6-4e53-b81d-3dd8c76650f9-7] TRACE i.a.p.r.s.impl.RaftSessionConnection - SessionClient{2}{type=io.atomix.protocols.raft.RaftTest$TestPrimitiveType@68b11545, name=raft-test} - Received CommandResponse{status=OK, index=50, eventIndex=2, result=byte[]{length=2, hash=1340}} from 1
00:15:20.767 [raft-client-82530a18-bea6-4e53-b81d-3dd8c76650f9-7] TRACE i.a.p.r.s.impl.RaftSessionSequencer - SessionClient{2}{type=io.atomix.protocols.raft.RaftTest$TestPrimitiveType@68b11545, name=raft-test} - Completing response CommandResponse{status=OK, index=50, eventIndex=2, result=byte[]{length=2, hash=1340}}
00:15:20.767 [raft-client-82530a18-bea6-4e53-b81d-3dd8c76650f9-7] TRACE i.a.p.r.s.impl.RaftSessionConnection - SessionClient{2}{type=io.atomix.protocols.raft.RaftTest$TestPrimitiveType@68b11545, name=raft-test} - Sending CommandRequest{session=2, sequence=41, operation=PrimitiveOperation{id=DefaultOperationId{id=write, type=COMMAND}, value=byte[]{length=17, hash=-1644578928}}} to 1
00:15:20.768 [raft-server-1] TRACE i.a.protocols.raft.roles.LeaderRole - RaftServer{1}{role=LEADER} - Received CommandRequest{session=2, sequence=41, operation=PrimitiveOperation{id=DefaultOperationId{id=write, type=COMMAND}, value=byte[]{length=17, hash=-1644578928}}}
00:15:20.941 [raft-client-82530a18-bea6-4e53-b81d-3dd8c76650f9-3] TRACE i.a.p.r.s.impl.RaftSessionManager - RaftClient{82530a18-bea6-4e53-b81d-3dd8c76650f9} - Keeping 1 sessions alive
00:15:20.941 [raft-client-82530a18-bea6-4e53-b81d-3dd8c76650f9-3] TRACE i.a.p.r.s.impl.RaftSessionConnection - RaftClient{82530a18-bea6-4e53-b81d-3dd8c76650f9} - Sending KeepAliveRequest{sessionIds=long[]{length=1, hash=33}, commandSequences=long[]{length=1, hash=71}, eventIndexes=long[]{length=1, hash=33}} to 3
00:15:21.058 [raft-server-3] TRACE i.a.p.raft.roles.FollowerRole - RaftServer{3}{role=FOLLOWER} - Committed entries up to index 50
00:15:21.058 [raft-server-2] TRACE i.a.p.raft.roles.FollowerRole - RaftServer{2}{role=FOLLOWER} - Committed entries up to index 50
00:15:21.058 [raft-server-3] TRACE i.a.p.raft.roles.FollowerRole - RaftServer{3}{role=FOLLOWER} - Sending AppendResponse{status=OK, term=1, succeeded=true, lastLogIndex=50}
00:15:21.058 [raft-server-2] TRACE i.a.p.raft.roles.FollowerRole - RaftServer{2}{role=FOLLOWER} - Sending AppendResponse{status=OK, term=1, succeeded=true, lastLogIndex=50}
00:15:21.059 [raft-server-3] TRACE i.a.p.raft.roles.FollowerRole - RaftServer{3}{role=FOLLOWER} - Received KeepAliveRequest{sessionIds=long[]{length=1, hash=33}, commandSequences=long[]{length=1, hash=71}, eventIndexes=long[]{length=1, hash=33}}
00:15:21.059 [raft-server-2-state] TRACE i.a.p.raft.impl.RaftServiceManager - RaftServer{2} - Applying Indexed{index=50, entry=CommandEntry{term=1, timestamp=2018-06-11 12:15:20,243, session=2, sequence=40, operation=PrimitiveOperation{id=DefaultOperationId{id=write, type=COMMAND}, value=byte[]{length=17, hash=-1644578928}}}}
00:15:21.059 [raft-server-2-state] TRACE i.a.p.s.impl.DefaultServiceExecutor - PrimitiveService{2}{type=io.atomix.protocols.raft.RaftTest$TestPrimitiveType@4f16731, name=raft-test} - Executing DefaultCommit{index=50, session=RaftSession{RaftServiceContext{server=2, type=io.atomix.protocols.raft.RaftTest$TestPrimitiveType@4f16731, name=raft-test, id=2}, session=2, timestamp=2018-06-11 12:15:20,243}, time=2018-06-11 12:15:20,243, operation=DefaultOperationId{id=write, type=COMMAND}, value=byte[]{length=17, hash=-1644578928}}
00:15:21.059 [raft-server-3-state] TRACE i.a.p.raft.impl.RaftServiceManager - RaftServer{3} - Applying Indexed{index=50, entry=CommandEntry{term=1, timestamp=2018-06-11 12:15:20,243, session=2, sequence=40, operation=PrimitiveOperation{id=DefaultOperationId{id=write, type=COMMAND}, value=byte[]{length=17, hash=-1644578928}}}}
00:15:21.059 [raft-server-3-state] TRACE i.a.p.s.impl.DefaultServiceExecutor - PrimitiveService{2}{type=io.atomix.protocols.raft.RaftTest$TestPrimitiveType@3a1a32eb, name=raft-test} - Executing DefaultCommit{index=50, session=RaftSession{RaftServiceContext{server=3, type=io.atomix.protocols.raft.RaftTest$TestPrimitiveType@3a1a32eb, name=raft-test, id=2}, session=2, timestamp=2018-06-11 12:15:20,243}, time=2018-06-11 12:15:20,243, operation=DefaultOperationId{id=write, type=COMMAND}, value=byte[]{length=17, hash=-1644578928}}
00:15:21.377 [raft-server-1] DEBUG i.a.storage.journal.SegmentedJournal - Created disk segment: JournalSegment{id=6, version=1, index=51, size=64}
00:15:21.377 [raft-server-1] TRACE i.a.protocols.raft.roles.LeaderRole - RaftServer{1}{role=LEADER} - Appended Indexed{index=51, entry=CommandEntry{term=1, timestamp=2018-06-11 12:15:20,768, session=2, sequence=41, operation=PrimitiveOperation{id=DefaultOperationId{id=write, type=COMMAND}, value=byte[]{length=17, hash=-1644578928}}}}
00:15:21.377 [raft-server-1] TRACE i.a.p.raft.roles.LeaderAppender - RaftServer{1} - Sending AppendRequest{term=1, leader=1, prevLogIndex=50, prevLogTerm=1, entries=1, commitIndex=50} to 2
00:15:21.377 [raft-server-2] TRACE i.a.p.raft.roles.FollowerRole - RaftServer{2}{role=FOLLOWER} - Received AppendRequest{term=1, leader=1, prevLogIndex=50, prevLogTerm=1, entries=1, commitIndex=50}
00:15:21.377 [raft-server-1] TRACE i.a.p.raft.roles.LeaderAppender - RaftServer{1} - Sending AppendRequest{term=1, leader=1, prevLogIndex=50, prevLogTerm=1, entries=1, commitIndex=50} to 3
00:15:21.377 [raft-server-1] TRACE i.a.p.raft.roles.LeaderAppender - RaftServer{1} - Received AppendResponse{status=OK, term=1, succeeded=true, lastLogIndex=50} from 3
00:15:21.377 [raft-server-1] TRACE i.a.p.raft.roles.LeaderAppender - RaftServer{1} - Received AppendResponse{status=OK, term=1, succeeded=true, lastLogIndex=50} from 2
00:15:21.378 [raft-server-1] TRACE i.a.protocols.raft.roles.LeaderRole - RaftServer{1}{role=LEADER} - Received KeepAliveRequest{sessionIds=long[]{length=1, hash=33}, commandSequences=long[]{length=1, hash=71}, eventIndexes=long[]{length=1, hash=33}}
00:15:21.378 [raft-server-1] TRACE i.a.protocols.raft.roles.LeaderRole - RaftServer{1}{role=LEADER} - Appended Indexed{index=52, entry=KeepAliveEntry{term=1, timestamp=2018-06-11 12:15:21,378, sessionIds=long[]{length=1, hash=33}, commandSequences=long[]{length=1, hash=71}, eventIndexes=long[]{length=1, hash=33}}}
00:15:21.378 [raft-server-3] TRACE i.a.p.raft.roles.FollowerRole - RaftServer{3}{role=FOLLOWER} - Received AppendRequest{term=1, leader=1, prevLogIndex=50, prevLogTerm=1, entries=1, commitIndex=50}
00:15:21.543 [raft-server-1] TRACE i.a.p.raft.roles.LeaderAppender - RaftServer{1} - Sending AppendRequest{term=1, leader=1, prevLogIndex=51, prevLogTerm=1, entries=1, commitIndex=50} to 2
00:15:21.544 [raft-server-1] TRACE i.a.p.raft.roles.LeaderAppender - RaftServer{1} - Sending AppendRequest{term=1, leader=1, prevLogIndex=51, prevLogTerm=1, entries=1, commitIndex=50} to 3
00:15:21.768 [raft-client-82530a18-bea6-4e53-b81d-3dd8c76650f9-5] DEBUG i.a.p.r.s.impl.RaftSessionConnection - SessionClient{2}{type=io.atomix.protocols.raft.RaftTest$TestPrimitiveType@68b11545, name=raft-test} - CommandRequest{session=2, sequence=41, operation=PrimitiveOperation{id=DefaultOperationId{id=write, type=COMMAND}, value=byte[]{length=17, hash=-1644578928}}} failed! Reason: {}
java.util.concurrent.TimeoutException: null
	at io.atomix.protocols.raft.protocol.TestRaftProtocol.lambda$scheduleTimeout$0(TestRaftProtocol.java:48) ~[test-classes/:na]
	at java.util.concurrent.Executors$RunnableAdapter.call(Executors.java:511) ~[na:1.8.0_121]
	at java.util.concurrent.FutureTask.run(FutureTask.java:266) ~[na:1.8.0_121]
	at java.util.concurrent.ScheduledThreadPoolExecutor$ScheduledFutureTask.access$201(ScheduledThreadPoolExecutor.java:180) ~[na:1.8.0_121]
	at java.util.concurrent.ScheduledThreadPoolExecutor$ScheduledFutureTask.run(ScheduledThreadPoolExecutor.java:293) ~[na:1.8.0_121]
	at java.util.concurrent.ThreadPoolExecutor.runWorker(ThreadPoolExecutor.java:1142) ~[na:1.8.0_121]
	at java.util.concurrent.ThreadPoolExecutor$Worker.run(ThreadPoolExecutor.java:617) ~[na:1.8.0_121]
	at java.lang.Thread.run(Thread.java:745) ~[na:1.8.0_121]
00:15:21.769 [raft-client-82530a18-bea6-4e53-b81d-3dd8c76650f9-5] TRACE i.a.p.r.s.impl.RaftSessionConnection - SessionClient{2}{type=io.atomix.protocols.raft.RaftTest$TestPrimitiveType@68b11545, name=raft-test} - Resetting connection. Reason: null
00:15:21.769 [raft-client-82530a18-bea6-4e53-b81d-3dd8c76650f9-5] TRACE i.a.p.r.s.impl.RaftSessionConnection - SessionClient{2}{type=io.atomix.protocols.raft.RaftTest$TestPrimitiveType@68b11545, name=raft-test} - Sending CommandRequest{session=2, sequence=41, operation=PrimitiveOperation{id=DefaultOperationId{id=write, type=COMMAND}, value=byte[]{length=17, hash=-1644578928}}} to 1
00:15:21.769 [raft-server-1] TRACE i.a.protocols.raft.roles.LeaderRole - RaftServer{1}{role=LEADER} - Received CommandRequest{session=2, sequence=41, operation=PrimitiveOperation{id=DefaultOperationId{id=write, type=COMMAND}, value=byte[]{length=17, hash=-1644578928}}}
00:15:21.769 [raft-server-1] TRACE i.a.protocols.raft.roles.LeaderRole - RaftServer{1}{role=LEADER} - Appended Indexed{index=53, entry=CommandEntry{term=1, timestamp=2018-06-11 12:15:21,769, session=2, sequence=41, operation=PrimitiveOperation{id=DefaultOperationId{id=write, type=COMMAND}, value=byte[]{length=17, hash=-1644578928}}}}
00:15:21.892 [raft-server-2] DEBUG i.a.storage.journal.SegmentedJournal - Created disk segment: JournalSegment{id=6, version=1, index=51, size=64}
00:15:21.892 [raft-server-2] TRACE i.a.p.raft.roles.FollowerRole - RaftServer{2}{role=FOLLOWER} - Appended Indexed{index=51, entry=CommandEntry{term=1, timestamp=2018-06-11 12:15:20,768, session=2, sequence=41, operation=PrimitiveOperation{id=DefaultOperationId{id=write, type=COMMAND}, value=byte[]{length=17, hash=-1644578928}}}}
00:15:21.892 [raft-server-2] TRACE i.a.p.raft.roles.FollowerRole - RaftServer{2}{role=FOLLOWER} - Sending AppendResponse{status=OK, term=1, succeeded=true, lastLogIndex=51}
00:15:21.892 [raft-server-2] TRACE i.a.p.raft.roles.FollowerRole - RaftServer{2}{role=FOLLOWER} - Received AppendRequest{term=1, leader=1, prevLogIndex=51, prevLogTerm=1, entries=1, commitIndex=50}
00:15:21.892 [raft-server-1] TRACE i.a.p.raft.roles.LeaderAppender - RaftServer{1} - Received AppendResponse{status=OK, term=1, succeeded=true, lastLogIndex=51} from 2
00:15:21.892 [raft-server-1] TRACE i.a.p.raft.roles.LeaderAppender - RaftServer{1} - Committed entries up to 51
00:15:21.892 [raft-server-2] TRACE i.a.p.raft.roles.FollowerRole - RaftServer{2}{role=FOLLOWER} - Appended Indexed{index=52, entry=KeepAliveEntry{term=1, timestamp=2018-06-11 12:15:21,378, sessionIds=long[]{length=1, hash=33}, commandSequences=long[]{length=1, hash=71}, eventIndexes=long[]{length=1, hash=33}}}
00:15:21.892 [raft-server-2] TRACE i.a.p.raft.roles.FollowerRole - RaftServer{2}{role=FOLLOWER} - Sending AppendResponse{status=OK, term=1, succeeded=true, lastLogIndex=52}
00:15:21.942 [raft-client-82530a18-bea6-4e53-b81d-3dd8c76650f9-1] DEBUG i.a.p.r.s.impl.RaftSessionConnection - RaftClient{82530a18-bea6-4e53-b81d-3dd8c76650f9} - KeepAliveRequest{sessionIds=long[]{length=1, hash=33}, commandSequences=long[]{length=1, hash=71}, eventIndexes=long[]{length=1, hash=33}} failed! Reason: {}
java.util.concurrent.TimeoutException: null
	at io.atomix.protocols.raft.protocol.TestRaftProtocol.lambda$scheduleTimeout$0(TestRaftProtocol.java:48) ~[test-classes/:na]
	at java.util.concurrent.Executors$RunnableAdapter.call(Executors.java:511) ~[na:1.8.0_121]
	at java.util.concurrent.FutureTask.run(FutureTask.java:266) ~[na:1.8.0_121]
	at java.util.concurrent.ScheduledThreadPoolExecutor$ScheduledFutureTask.access$201(ScheduledThreadPoolExecutor.java:180) ~[na:1.8.0_121]
	at java.util.concurrent.ScheduledThreadPoolExecutor$ScheduledFutureTask.run(ScheduledThreadPoolExecutor.java:293) ~[na:1.8.0_121]
	at java.util.concurrent.ThreadPoolExecutor.runWorker(ThreadPoolExecutor.java:1142) ~[na:1.8.0_121]
	at java.util.concurrent.ThreadPoolExecutor$Worker.run(ThreadPoolExecutor.java:617) ~[na:1.8.0_121]
	at java.lang.Thread.run(Thread.java:745) ~[na:1.8.0_121]
00:15:21.942 [raft-client-82530a18-bea6-4e53-b81d-3dd8c76650f9-1] TRACE i.a.p.r.s.impl.RaftSessionConnection - RaftClient{82530a18-bea6-4e53-b81d-3dd8c76650f9} - Resetting connection. Reason: null
00:15:21.942 [raft-client-82530a18-bea6-4e53-b81d-3dd8c76650f9-1] TRACE i.a.p.r.s.impl.RaftSessionConnection - RaftClient{82530a18-bea6-4e53-b81d-3dd8c76650f9} - Sending KeepAliveRequest{sessionIds=long[]{length=1, hash=33}, commandSequences=long[]{length=1, hash=71}, eventIndexes=long[]{length=1, hash=33}} to 1
00:15:22.128 [raft-server-3] DEBUG i.a.storage.journal.SegmentedJournal - Created disk segment: JournalSegment{id=6, version=1, index=51, size=64}
00:15:22.128 [raft-server-1] TRACE i.a.p.raft.roles.LeaderAppender - RaftServer{1} - Sending AppendRequest{term=1, leader=1, prevLogIndex=52, prevLogTerm=1, entries=1, commitIndex=51} to 2
00:15:22.128 [raft-server-3] TRACE i.a.p.raft.roles.FollowerRole - RaftServer{3}{role=FOLLOWER} - Appended Indexed{index=51, entry=CommandEntry{term=1, timestamp=2018-06-11 12:15:20,768, session=2, sequence=41, operation=PrimitiveOperation{id=DefaultOperationId{id=write, type=COMMAND}, value=byte[]{length=17, hash=-1644578928}}}}
00:15:22.128 [raft-server-3] TRACE i.a.p.raft.roles.FollowerRole - RaftServer{3}{role=FOLLOWER} - Sending AppendResponse{status=OK, term=1, succeeded=true, lastLogIndex=51}
00:15:22.128 [raft-server-3] TRACE i.a.p.raft.roles.FollowerRole - RaftServer{3}{role=FOLLOWER} - Received AppendRequest{term=1, leader=1, prevLogIndex=51, prevLogTerm=1, entries=1, commitIndex=50}
00:15:22.128 [raft-server-1] TRACE i.a.p.raft.roles.LeaderAppender - RaftServer{1} - Received AppendResponse{status=OK, term=1, succeeded=true, lastLogIndex=52} from 2
00:15:22.128 [raft-server-1] TRACE i.a.p.raft.roles.LeaderAppender - RaftServer{1} - Committed entries up to 52
00:15:22.128 [raft-server-3] TRACE i.a.p.raft.roles.FollowerRole - RaftServer{3}{role=FOLLOWER} - Appended Indexed{index=52, entry=KeepAliveEntry{term=1, timestamp=2018-06-11 12:15:21,378, sessionIds=long[]{length=1, hash=33}, commandSequences=long[]{length=1, hash=71}, eventIndexes=long[]{length=1, hash=33}}}
00:15:22.128 [raft-server-3] TRACE i.a.p.raft.roles.FollowerRole - RaftServer{3}{role=FOLLOWER} - Sending AppendResponse{status=OK, term=1, succeeded=true, lastLogIndex=52}
00:15:22.128 [raft-server-3] TRACE i.a.p.raft.roles.FollowerRole - RaftServer{3}{role=FOLLOWER} - Sending KeepAliveResponse{status=ERROR, error=RaftError{type=NO_LEADER, message=null}}
00:15:22.128 [raft-server-2] TRACE i.a.p.raft.roles.FollowerRole - RaftServer{2}{role=FOLLOWER} - Received AppendRequest{term=1, leader=1, prevLogIndex=52, prevLogTerm=1, entries=1, commitIndex=51}
00:15:22.128 [raft-server-2] TRACE i.a.p.raft.roles.FollowerRole - RaftServer{2}{role=FOLLOWER} - Appended Indexed{index=53, entry=CommandEntry{term=1, timestamp=2018-06-11 12:15:21,769, session=2, sequence=41, operation=PrimitiveOperation{id=DefaultOperationId{id=write, type=COMMAND}, value=byte[]{length=17, hash=-1644578928}}}}
00:15:22.350 [raft-server-1] TRACE i.a.protocols.raft.roles.LeaderRole - RaftServer{1}{role=LEADER} - Received KeepAliveRequest{sessionIds=long[]{length=1, hash=33}, commandSequences=long[]{length=1, hash=71}, eventIndexes=long[]{length=1, hash=33}}
00:15:22.350 [raft-server-1] TRACE i.a.protocols.raft.roles.LeaderRole - RaftServer{1}{role=LEADER} - Appended Indexed{index=54, entry=KeepAliveEntry{term=1, timestamp=2018-06-11 12:15:22,350, sessionIds=long[]{length=1, hash=33}, commandSequences=long[]{length=1, hash=71}, eventIndexes=long[]{length=1, hash=33}}}
00:15:22.350 [raft-server-1] TRACE i.a.p.raft.roles.LeaderAppender - RaftServer{1} - Sending AppendRequest{term=1, leader=1, prevLogIndex=53, prevLogTerm=1, entries=1, commitIndex=52} to 2
00:15:22.351 [raft-server-1] TRACE i.a.p.raft.roles.LeaderAppender - RaftServer{1} - Received AppendResponse{status=OK, term=1, succeeded=true, lastLogIndex=51} from 3
00:15:22.350 [raft-server-1-state] TRACE i.a.p.raft.impl.RaftServiceManager - RaftServer{1} - Applying Indexed{index=51, entry=CommandEntry{term=1, timestamp=2018-06-11 12:15:20,768, session=2, sequence=41, operation=PrimitiveOperation{id=DefaultOperationId{id=write, type=COMMAND}, value=byte[]{length=17, hash=-1644578928}}}}
00:15:22.351 [raft-server-1] TRACE i.a.p.raft.roles.LeaderAppender - RaftServer{1} - Sending AppendRequest{term=1, leader=1, prevLogIndex=52, prevLogTerm=1, entries=2, commitIndex=52} to 3
00:15:22.351 [raft-server-3] TRACE i.a.p.raft.roles.FollowerRole - RaftServer{3}{role=FOLLOWER} - Received AppendRequest{term=1, leader=1, prevLogIndex=52, prevLogTerm=1, entries=2, commitIndex=52}
00:15:22.351 [raft-server-1-state] TRACE i.a.p.s.impl.DefaultServiceExecutor - PrimitiveService{2}{type=io.atomix.protocols.raft.RaftTest$TestPrimitiveType@5c91ef2b, name=raft-test} - Executing DefaultCommit{index=51, session=RaftSession{RaftServiceContext{server=1, type=io.atomix.protocols.raft.RaftTest$TestPrimitiveType@5c91ef2b, name=raft-test, id=2}, session=2, timestamp=2018-06-11 12:15:20,768}, time=2018-06-11 12:15:20,768, operation=DefaultOperationId{id=write, type=COMMAND}, value=byte[]{length=17, hash=-1644578928}}
00:15:22.351 [raft-server-1] TRACE i.a.p.raft.roles.LeaderAppender - RaftServer{1} - Received AppendResponse{status=OK, term=1, succeeded=true, lastLogIndex=52} from 3
00:15:22.351 [raft-server-3] TRACE i.a.p.raft.roles.FollowerRole - RaftServer{3}{role=FOLLOWER} - Appended Indexed{index=53, entry=CommandEntry{term=1, timestamp=2018-06-11 12:15:21,769, session=2, sequence=41, operation=PrimitiveOperation{id=DefaultOperationId{id=write, type=COMMAND}, value=byte[]{length=17, hash=-1644578928}}}}
00:15:22.351 [raft-server-1-state] TRACE i.a.protocols.raft.roles.LeaderRole - RaftServer{1}{role=LEADER} - Sending CommandResponse{status=OK, index=51, eventIndex=2, result=byte[]{length=2, hash=1342}}
00:15:22.351 [raft-server-1-state] TRACE i.a.p.raft.impl.RaftServiceManager - RaftServer{1} - Applying Indexed{index=52, entry=KeepAliveEntry{term=1, timestamp=2018-06-11 12:15:21,378, sessionIds=long[]{length=1, hash=33}, commandSequences=long[]{length=1, hash=71}, eventIndexes=long[]{length=1, hash=33}}}
00:15:22.351 [raft-server-3] TRACE i.a.p.raft.roles.FollowerRole - RaftServer{3}{role=FOLLOWER} - Appended Indexed{index=54, entry=KeepAliveEntry{term=1, timestamp=2018-06-11 12:15:22,350, sessionIds=long[]{length=1, hash=33}, commandSequences=long[]{length=1, hash=71}, eventIndexes=long[]{length=1, hash=33}}}
00:15:22.351 [raft-server-1] TRACE i.a.protocols.raft.roles.LeaderRole - RaftServer{1}{role=LEADER} - Sending KeepAliveResponse{status=OK, leader=1, members=[2, 1, 3], sessionIds=long[]{length=1, hash=33}}
00:15:22.467 [raft-server-2] TRACE i.a.p.raft.roles.FollowerRole - RaftServer{2}{role=FOLLOWER} - Committed entries up to index 51
00:15:22.467 [raft-server-2] TRACE i.a.p.raft.roles.FollowerRole - RaftServer{2}{role=FOLLOWER} - Sending AppendResponse{status=OK, term=1, succeeded=true, lastLogIndex=53}
00:15:22.467 [raft-server-2] TRACE i.a.p.raft.roles.FollowerRole - RaftServer{2}{role=FOLLOWER} - Received AppendRequest{term=1, leader=1, prevLogIndex=53, prevLogTerm=1, entries=1, commitIndex=52}
00:15:22.467 [raft-server-1] TRACE i.a.p.raft.roles.LeaderAppender - RaftServer{1} - Received AppendResponse{status=OK, term=1, succeeded=true, lastLogIndex=53} from 2
00:15:22.467 [raft-server-1] TRACE i.a.p.raft.roles.LeaderAppender - RaftServer{1} - Committed entries up to 53
00:15:22.467 [raft-server-2] TRACE i.a.p.raft.roles.FollowerRole - RaftServer{2}{role=FOLLOWER} - Appended Indexed{index=54, entry=KeepAliveEntry{term=1, timestamp=2018-06-11 12:15:22,350, sessionIds=long[]{length=1, hash=33}, commandSequences=long[]{length=1, hash=71}, eventIndexes=long[]{length=1, hash=33}}}
00:15:22.575 [raft-server-3] TRACE i.a.p.raft.roles.FollowerRole - RaftServer{3}{role=FOLLOWER} - Committed entries up to index 52
00:15:22.575 [raft-server-3] TRACE i.a.p.raft.roles.FollowerRole - RaftServer{3}{role=FOLLOWER} - Sending AppendResponse{status=OK, term=1, succeeded=true, lastLogIndex=54}
00:15:22.575 [raft-server-3-state] TRACE i.a.p.raft.impl.RaftServiceManager - RaftServer{3} - Applying Indexed{index=51, entry=CommandEntry{term=1, timestamp=2018-06-11 12:15:20,768, session=2, sequence=41, operation=PrimitiveOperation{id=DefaultOperationId{id=write, type=COMMAND}, value=byte[]{length=17, hash=-1644578928}}}}
00:15:22.575 [raft-server-3-state] TRACE i.a.p.s.impl.DefaultServiceExecutor - PrimitiveService{2}{type=io.atomix.protocols.raft.RaftTest$TestPrimitiveType@3a1a32eb, name=raft-test} - Executing DefaultCommit{index=51, session=RaftSession{RaftServiceContext{server=3, type=io.atomix.protocols.raft.RaftTest$TestPrimitiveType@3a1a32eb, name=raft-test, id=2}, session=2, timestamp=2018-06-11 12:15:20,768}, time=2018-06-11 12:15:20,768, operation=DefaultOperationId{id=write, type=COMMAND}, value=byte[]{length=17, hash=-1644578928}}
00:15:22.575 [raft-server-3-state] TRACE i.a.p.raft.impl.RaftServiceManager - RaftServer{3} - Applying Indexed{index=52, entry=KeepAliveEntry{term=1, timestamp=2018-06-11 12:15:21,378, sessionIds=long[]{length=1, hash=33}, commandSequences=long[]{length=1, hash=71}, eventIndexes=long[]{length=1, hash=33}}}
00:15:22.770 [raft-client-82530a18-bea6-4e53-b81d-3dd8c76650f9-7] DEBUG i.a.p.r.s.impl.RaftSessionConnection - SessionClient{2}{type=io.atomix.protocols.raft.RaftTest$TestPrimitiveType@68b11545, name=raft-test} - CommandRequest{session=2, sequence=41, operation=PrimitiveOperation{id=DefaultOperationId{id=write, type=COMMAND}, value=byte[]{length=17, hash=-1644578928}}} failed! Reason: {}
java.util.concurrent.TimeoutException: null
	at io.atomix.protocols.raft.protocol.TestRaftProtocol.lambda$scheduleTimeout$0(TestRaftProtocol.java:48) ~[test-classes/:na]
	at java.util.concurrent.Executors$RunnableAdapter.call(Executors.java:511) ~[na:1.8.0_121]
	at java.util.concurrent.FutureTask.run(FutureTask.java:266) ~[na:1.8.0_121]
	at java.util.concurrent.ScheduledThreadPoolExecutor$ScheduledFutureTask.access$201(ScheduledThreadPoolExecutor.java:180) ~[na:1.8.0_121]
	at java.util.concurrent.ScheduledThreadPoolExecutor$ScheduledFutureTask.run(ScheduledThreadPoolExecutor.java:293) ~[na:1.8.0_121]
	at java.util.concurrent.ThreadPoolExecutor.runWorker(ThreadPoolExecutor.java:1142) ~[na:1.8.0_121]
	at java.util.concurrent.ThreadPoolExecutor$Worker.run(ThreadPoolExecutor.java:617) ~[na:1.8.0_121]
	at java.lang.Thread.run(Thread.java:745) ~[na:1.8.0_121]
00:15:22.770 [raft-client-82530a18-bea6-4e53-b81d-3dd8c76650f9-7] TRACE i.a.p.r.s.impl.RaftSessionConnection - SessionClient{2}{type=io.atomix.protocols.raft.RaftTest$TestPrimitiveType@68b11545, name=raft-test} - Resetting connection. Reason: null
00:15:22.770 [raft-client-82530a18-bea6-4e53-b81d-3dd8c76650f9-7] TRACE i.a.p.r.s.impl.RaftSessionConnection - SessionClient{2}{type=io.atomix.protocols.raft.RaftTest$TestPrimitiveType@68b11545, name=raft-test} - Sending CommandRequest{session=2, sequence=41, operation=PrimitiveOperation{id=DefaultOperationId{id=write, type=COMMAND}, value=byte[]{length=17, hash=-1644578928}}} to 2
00:15:22.842 [raft-server-2] TRACE i.a.p.raft.roles.FollowerRole - RaftServer{2}{role=FOLLOWER} - Committed entries up to index 52
00:15:22.842 [raft-server-2] TRACE i.a.p.raft.roles.FollowerRole - RaftServer{2}{role=FOLLOWER} - Sending AppendResponse{status=OK, term=1, succeeded=true, lastLogIndex=54}
00:15:22.842 [raft-server-1] TRACE i.a.p.raft.roles.LeaderAppender - RaftServer{1} - Received AppendResponse{status=OK, term=1, succeeded=true, lastLogIndex=54} from 3
00:15:22.842 [raft-server-2] TRACE i.a.p.raft.roles.FollowerRole - RaftServer{2}{role=FOLLOWER} - Received CommandRequest{session=2, sequence=41, operation=PrimitiveOperation{id=DefaultOperationId{id=write, type=COMMAND}, value=byte[]{length=17, hash=-1644578928}}}
00:15:22.842 [raft-server-2-state] TRACE i.a.p.raft.impl.RaftServiceManager - RaftServer{2} - Applying Indexed{index=51, entry=CommandEntry{term=1, timestamp=2018-06-11 12:15:20,768, session=2, sequence=41, operation=PrimitiveOperation{id=DefaultOperationId{id=write, type=COMMAND}, value=byte[]{length=17, hash=-1644578928}}}}
00:15:22.842 [raft-server-1] TRACE i.a.p.raft.roles.LeaderAppender - RaftServer{1} - Committed entries up to 54
00:15:22.842 [raft-server-2-state] TRACE i.a.p.s.impl.DefaultServiceExecutor - PrimitiveService{2}{type=io.atomix.protocols.raft.RaftTest$TestPrimitiveType@4f16731, name=raft-test} - Executing DefaultCommit{index=51, session=RaftSession{RaftServiceContext{server=2, type=io.atomix.protocols.raft.RaftTest$TestPrimitiveType@4f16731, name=raft-test, id=2}, session=2, timestamp=2018-06-11 12:15:20,768}, time=2018-06-11 12:15:20,768, operation=DefaultOperationId{id=write, type=COMMAND}, value=byte[]{length=17, hash=-1644578928}}
00:15:22.842 [raft-server-2-state] TRACE i.a.p.raft.impl.RaftServiceManager - RaftServer{2} - Applying Indexed{index=52, entry=KeepAliveEntry{term=1, timestamp=2018-06-11 12:15:21,378, sessionIds=long[]{length=1, hash=33}, commandSequences=long[]{length=1, hash=71}, eventIndexes=long[]{length=1, hash=33}}}
00:15:22.943 [raft-client-82530a18-bea6-4e53-b81d-3dd8c76650f9-6] DEBUG i.a.p.r.s.impl.RaftSessionConnection - RaftClient{82530a18-bea6-4e53-b81d-3dd8c76650f9} - KeepAliveRequest{sessionIds=long[]{length=1, hash=33}, commandSequences=long[]{length=1, hash=71}, eventIndexes=long[]{length=1, hash=33}} failed! Reason: {}
java.util.concurrent.TimeoutException: null
	at io.atomix.protocols.raft.protocol.TestRaftProtocol.lambda$scheduleTimeout$0(TestRaftProtocol.java:48) ~[test-classes/:na]
	at java.util.concurrent.Executors$RunnableAdapter.call(Executors.java:511) ~[na:1.8.0_121]
	at java.util.concurrent.FutureTask.run(FutureTask.java:266) ~[na:1.8.0_121]
	at java.util.concurrent.ScheduledThreadPoolExecutor$ScheduledFutureTask.access$201(ScheduledThreadPoolExecutor.java:180) ~[na:1.8.0_121]
	at java.util.concurrent.ScheduledThreadPoolExecutor$ScheduledFutureTask.run(ScheduledThreadPoolExecutor.java:293) ~[na:1.8.0_121]
	at java.util.concurrent.ThreadPoolExecutor.runWorker(ThreadPoolExecutor.java:1142) ~[na:1.8.0_121]
	at java.util.concurrent.ThreadPoolExecutor$Worker.run(ThreadPoolExecutor.java:617) ~[na:1.8.0_121]
	at java.lang.Thread.run(Thread.java:745) ~[na:1.8.0_121]
00:15:22.943 [raft-client-82530a18-bea6-4e53-b81d-3dd8c76650f9-6] TRACE i.a.p.r.s.impl.RaftSessionConnection - RaftClient{82530a18-bea6-4e53-b81d-3dd8c76650f9} - Resetting connection. Reason: null
00:15:22.943 [raft-client-82530a18-bea6-4e53-b81d-3dd8c76650f9-6] TRACE i.a.p.r.s.impl.RaftSessionConnection - RaftClient{82530a18-bea6-4e53-b81d-3dd8c76650f9} - Sending KeepAliveRequest{sessionIds=long[]{length=1, hash=33}, commandSequences=long[]{length=1, hash=71}, eventIndexes=long[]{length=1, hash=33}} to 1
00:15:23.133 [raft-server-1] TRACE i.a.p.raft.roles.LeaderAppender - RaftServer{1} - Sending AppendRequest{term=1, leader=1, prevLogIndex=54, prevLogTerm=1, entries=0, commitIndex=54} to 3
00:15:23.134 [raft-server-3] TRACE i.a.p.raft.roles.FollowerRole - RaftServer{3}{role=FOLLOWER} - Received AppendRequest{term=1, leader=1, prevLogIndex=54, prevLogTerm=1, entries=0, commitIndex=54}
00:15:23.134 [raft-server-1] TRACE i.a.p.raft.roles.LeaderAppender - RaftServer{1} - Received AppendResponse{status=OK, term=1, succeeded=true, lastLogIndex=54} from 2
00:15:23.134 [raft-server-1-state] TRACE i.a.p.raft.impl.RaftServiceManager - RaftServer{1} - Applying Indexed{index=53, entry=CommandEntry{term=1, timestamp=2018-06-11 12:15:21,769, session=2, sequence=41, operation=PrimitiveOperation{id=DefaultOperationId{id=write, type=COMMAND}, value=byte[]{length=17, hash=-1644578928}}}}
00:15:23.134 [raft-server-1] TRACE i.a.p.raft.roles.LeaderAppender - RaftServer{1} - Sending AppendRequest{term=1, leader=1, prevLogIndex=54, prevLogTerm=1, entries=0, commitIndex=54} to 2
00:15:23.134 [raft-server-1-state] TRACE i.a.p.r.service.RaftServiceContext - PrimitiveService{2}{type=io.atomix.protocols.raft.RaftTest$TestPrimitiveType@5c91ef2b, name=raft-test} - Returning cached result for command with sequence number 41 < 42
00:15:23.134 [raft-server-1] TRACE i.a.protocols.raft.roles.LeaderRole - RaftServer{1}{role=LEADER} - Received CommandRequest{session=2, sequence=41, operation=PrimitiveOperation{id=DefaultOperationId{id=write, type=COMMAND}, value=byte[]{length=17, hash=-1644578928}}}
00:15:23.134 [raft-server-1-state] TRACE i.a.protocols.raft.roles.LeaderRole - RaftServer{1}{role=LEADER} - Sending CommandResponse{status=OK, index=51, eventIndex=2, result=byte[]{length=2, hash=1342}}
00:15:23.134 [raft-server-1] TRACE i.a.protocols.raft.roles.LeaderRole - RaftServer{1}{role=LEADER} - Sending CommandResponse{status=OK, index=51, eventIndex=2, result=byte[]{length=2, hash=1342}}
00:15:23.134 [raft-server-2] TRACE i.a.p.raft.roles.FollowerRole - RaftServer{2}{role=FOLLOWER} - Received AppendRequest{term=1, leader=1, prevLogIndex=54, prevLogTerm=1, entries=0, commitIndex=54}
00:15:23.134 [raft-server-1] TRACE i.a.protocols.raft.roles.LeaderRole - RaftServer{1}{role=LEADER} - Received KeepAliveRequest{sessionIds=long[]{length=1, hash=33}, commandSequences=long[]{length=1, hash=71}, eventIndexes=long[]{length=1, hash=33}}
00:15:23.134 [raft-server-1] TRACE i.a.protocols.raft.roles.LeaderRole - RaftServer{1}{role=LEADER} - Appended Indexed{index=55, entry=KeepAliveEntry{term=1, timestamp=2018-06-11 12:15:23,134, sessionIds=long[]{length=1, hash=33}, commandSequences=long[]{length=1, hash=71}, eventIndexes=long[]{length=1, hash=33}}}
00:15:23.134 [raft-server-1-state] TRACE i.a.p.raft.impl.RaftServiceManager - RaftServer{1} - Applying Indexed{index=54, entry=KeepAliveEntry{term=1, timestamp=2018-06-11 12:15:22,350, sessionIds=long[]{length=1, hash=33}, commandSequences=long[]{length=1, hash=71}, eventIndexes=long[]{length=1, hash=33}}}
00:15:23.134 [raft-server-1] TRACE i.a.protocols.raft.roles.LeaderRole - RaftServer{1}{role=LEADER} - Sending KeepAliveResponse{status=OK, leader=1, members=[2, 1, 3], sessionIds=long[]{length=1, hash=33}}
00:15:23.433 [raft-server-3] TRACE i.a.p.raft.roles.FollowerRole - RaftServer{3}{role=FOLLOWER} - Committed entries up to index 54
00:15:23.433 [raft-server-3] TRACE i.a.p.raft.roles.FollowerRole - RaftServer{3}{role=FOLLOWER} - Sending AppendResponse{status=OK, term=1, succeeded=true, lastLogIndex=54}
00:15:23.433 [raft-server-1] TRACE i.a.p.raft.roles.LeaderAppender - RaftServer{1} - Received AppendResponse{status=OK, term=1, succeeded=true, lastLogIndex=54} from 3
00:15:23.433 [raft-server-3-state] TRACE i.a.p.raft.impl.RaftServiceManager - RaftServer{3} - Applying Indexed{index=53, entry=CommandEntry{term=1, timestamp=2018-06-11 12:15:21,769, session=2, sequence=41, operation=PrimitiveOperation{id=DefaultOperationId{id=write, type=COMMAND}, value=byte[]{length=17, hash=-1644578928}}}}
00:15:23.433 [raft-server-1] TRACE i.a.p.raft.roles.LeaderAppender - RaftServer{1} - Sending AppendRequest{term=1, leader=1, prevLogIndex=54, prevLogTerm=1, entries=1, commitIndex=54} to 3
00:15:23.434 [raft-server-3-state] TRACE i.a.p.r.service.RaftServiceContext - PrimitiveService{2}{type=io.atomix.protocols.raft.RaftTest$TestPrimitiveType@3a1a32eb, name=raft-test} - Returning cached result for command with sequence number 41 < 42
00:15:23.434 [raft-server-3] TRACE i.a.p.raft.roles.FollowerRole - RaftServer{3}{role=FOLLOWER} - Received AppendRequest{term=1, leader=1, prevLogIndex=54, prevLogTerm=1, entries=1, commitIndex=54}
00:15:23.434 [raft-server-3-state] TRACE i.a.p.raft.impl.RaftServiceManager - RaftServer{3} - Applying Indexed{index=54, entry=KeepAliveEntry{term=1, timestamp=2018-06-11 12:15:22,350, sessionIds=long[]{length=1, hash=33}, commandSequences=long[]{length=1, hash=71}, eventIndexes=long[]{length=1, hash=33}}}
00:15:23.434 [raft-server-1] TRACE i.a.p.raft.roles.LeaderAppender - RaftServer{1} - Sending AppendRequest{term=1, leader=1, prevLogIndex=54, prevLogTerm=1, entries=1, commitIndex=54} to 2
00:15:23.434 [raft-server-3] TRACE i.a.p.raft.roles.FollowerRole - RaftServer{3}{role=FOLLOWER} - Appended Indexed{index=55, entry=KeepAliveEntry{term=1, timestamp=2018-06-11 12:15:23,134, sessionIds=long[]{length=1, hash=33}, commandSequences=long[]{length=1, hash=71}, eventIndexes=long[]{length=1, hash=33}}}
00:15:23.434 [raft-server-3] TRACE i.a.p.raft.roles.FollowerRole - RaftServer{3}{role=FOLLOWER} - Sending AppendResponse{status=OK, term=1, succeeded=true, lastLogIndex=55}
00:15:23.434 [raft-server-1] TRACE i.a.p.raft.roles.LeaderAppender - RaftServer{1} - Received AppendResponse{status=OK, term=1, succeeded=true, lastLogIndex=55} from 3
00:15:23.434 [raft-server-1] TRACE i.a.p.raft.roles.LeaderAppender - RaftServer{1} - Committed entries up to 55
00:15:23.683 [raft-server-2] TRACE i.a.p.raft.roles.FollowerRole - RaftServer{2}{role=FOLLOWER} - Committed entries up to index 54
00:15:23.683 [raft-server-2] TRACE i.a.p.raft.roles.FollowerRole - RaftServer{2}{role=FOLLOWER} - Sending AppendResponse{status=OK, term=1, succeeded=true, lastLogIndex=54}
00:15:23.683 [raft-server-2] TRACE i.a.p.raft.roles.FollowerRole - RaftServer{2}{role=FOLLOWER} - Sending CommandResponse{status=OK, index=51, eventIndex=2, result=byte[]{length=2, hash=1342}}
00:15:23.683 [raft-server-2] TRACE i.a.p.raft.roles.FollowerRole - RaftServer{2}{role=FOLLOWER} - Received AppendRequest{term=1, leader=1, prevLogIndex=54, prevLogTerm=1, entries=1, commitIndex=54}
00:15:23.683 [raft-client-82530a18-bea6-4e53-b81d-3dd8c76650f9-0] TRACE i.a.p.r.s.impl.RaftSessionConnection - SessionClient{2}{type=io.atomix.protocols.raft.RaftTest$TestPrimitiveType@68b11545, name=raft-test} - Received CommandResponse{status=OK, index=51, eventIndex=2, result=byte[]{length=2, hash=1342}} from 2
00:15:23.683 [raft-client-82530a18-bea6-4e53-b81d-3dd8c76650f9-0] TRACE i.a.p.r.s.impl.RaftSessionSequencer - SessionClient{2}{type=io.atomix.protocols.raft.RaftTest$TestPrimitiveType@68b11545, name=raft-test} - Completing response CommandResponse{status=OK, index=51, eventIndex=2, result=byte[]{length=2, hash=1342}}
00:15:23.683 [raft-server-2] TRACE i.a.p.raft.roles.FollowerRole - RaftServer{2}{role=FOLLOWER} - Appended Indexed{index=55, entry=KeepAliveEntry{term=1, timestamp=2018-06-11 12:15:23,134, sessionIds=long[]{length=1, hash=33}, commandSequences=long[]{length=1, hash=71}, eventIndexes=long[]{length=1, hash=33}}}
00:15:23.684 [raft-server-2] TRACE i.a.p.raft.roles.FollowerRole - RaftServer{2}{role=FOLLOWER} - Sending AppendResponse{status=OK, term=1, succeeded=true, lastLogIndex=55}
00:15:23.684 [raft-server-2-state] TRACE i.a.p.raft.impl.RaftServiceManager - RaftServer{2} - Applying Indexed{index=53, entry=CommandEntry{term=1, timestamp=2018-06-11 12:15:21,769, session=2, sequence=41, operation=PrimitiveOperation{id=DefaultOperationId{id=write, type=COMMAND}, value=byte[]{length=17, hash=-1644578928}}}}
00:15:23.684 [raft-client-82530a18-bea6-4e53-b81d-3dd8c76650f9-0] TRACE i.a.p.r.s.impl.RaftSessionConnection - SessionClient{2}{type=io.atomix.protocols.raft.RaftTest$TestPrimitiveType@68b11545, name=raft-test} - Sending CommandRequest{session=2, sequence=42, operation=PrimitiveOperation{id=DefaultOperationId{id=write, type=COMMAND}, value=byte[]{length=17, hash=-1644578928}}} to 2
00:15:23.684 [raft-server-2-state] TRACE i.a.p.r.service.RaftServiceContext - PrimitiveService{2}{type=io.atomix.protocols.raft.RaftTest$TestPrimitiveType@4f16731, name=raft-test} - Returning cached result for command with sequence number 41 < 42
00:15:23.684 [raft-server-2-state] TRACE i.a.p.raft.impl.RaftServiceManager - RaftServer{2} - Applying Indexed{index=54, entry=KeepAliveEntry{term=1, timestamp=2018-06-11 12:15:22,350, sessionIds=long[]{length=1, hash=33}, commandSequences=long[]{length=1, hash=71}, eventIndexes=long[]{length=1, hash=33}}}
00:15:23.684 [raft-server-2] TRACE i.a.p.raft.roles.FollowerRole - RaftServer{2}{role=FOLLOWER} - Received CommandRequest{session=2, sequence=42, operation=PrimitiveOperation{id=DefaultOperationId{id=write, type=COMMAND}, value=byte[]{length=17, hash=-1644578928}}}
00:15:23.944 [raft-client-82530a18-bea6-4e53-b81d-3dd8c76650f9-3] DEBUG i.a.p.r.s.impl.RaftSessionConnection - RaftClient{82530a18-bea6-4e53-b81d-3dd8c76650f9} - KeepAliveRequest{sessionIds=long[]{length=1, hash=33}, commandSequences=long[]{length=1, hash=71}, eventIndexes=long[]{length=1, hash=33}} failed! Reason: {}
java.util.concurrent.TimeoutException: null
	at io.atomix.protocols.raft.protocol.TestRaftProtocol.lambda$scheduleTimeout$0(TestRaftProtocol.java:48) ~[test-classes/:na]
	at java.util.concurrent.Executors$RunnableAdapter.call(Executors.java:511) ~[na:1.8.0_121]
	at java.util.concurrent.FutureTask.run(FutureTask.java:266) ~[na:1.8.0_121]
	at java.util.concurrent.ScheduledThreadPoolExecutor$ScheduledFutureTask.access$201(ScheduledThreadPoolExecutor.java:180) ~[na:1.8.0_121]
	at java.util.concurrent.ScheduledThreadPoolExecutor$ScheduledFutureTask.run(ScheduledThreadPoolExecutor.java:293) ~[na:1.8.0_121]
	at java.util.concurrent.ThreadPoolExecutor.runWorker(ThreadPoolExecutor.java:1142) ~[na:1.8.0_121]
	at java.util.concurrent.ThreadPoolExecutor$Worker.run(ThreadPoolExecutor.java:617) ~[na:1.8.0_121]
	at java.lang.Thread.run(Thread.java:745) ~[na:1.8.0_121]
00:15:23.944 [raft-client-82530a18-bea6-4e53-b81d-3dd8c76650f9-3] TRACE i.a.p.r.s.impl.RaftSessionConnection - RaftClient{82530a18-bea6-4e53-b81d-3dd8c76650f9} - Resetting connection. Reason: null
00:15:23.944 [raft-client-82530a18-bea6-4e53-b81d-3dd8c76650f9-3] TRACE i.a.p.r.s.impl.RaftSessionConnection - RaftClient{82530a18-bea6-4e53-b81d-3dd8c76650f9} - Sending KeepAliveRequest{sessionIds=long[]{length=1, hash=33}, commandSequences=long[]{length=1, hash=71}, eventIndexes=long[]{length=1, hash=33}} to 3
00:15:23.945 [raft-server-3] TRACE i.a.p.raft.roles.FollowerRole - RaftServer{3}{role=FOLLOWER} - Received KeepAliveRequest{sessionIds=long[]{length=1, hash=33}, commandSequences=long[]{length=1, hash=71}, eventIndexes=long[]{length=1, hash=33}}
00:15:23.975 [raft-server-1] TRACE i.a.p.raft.roles.LeaderAppender - RaftServer{1} - Sending AppendRequest{term=1, leader=1, prevLogIndex=55, prevLogTerm=1, entries=0, commitIndex=55} to 3
00:15:23.975 [raft-server-1] TRACE i.a.p.raft.roles.LeaderAppender - RaftServer{1} - Received AppendResponse{status=OK, term=1, succeeded=true, lastLogIndex=54} from 2
00:15:23.975 [raft-server-3] TRACE i.a.p.raft.roles.FollowerRole - RaftServer{3}{role=FOLLOWER} - Received AppendRequest{term=1, leader=1, prevLogIndex=55, prevLogTerm=1, entries=0, commitIndex=55}
00:15:23.975 [raft-server-1] TRACE i.a.p.raft.roles.LeaderAppender - RaftServer{1} - Received AppendResponse{status=OK, term=1, succeeded=true, lastLogIndex=55} from 2
00:15:23.975 [raft-server-1] TRACE i.a.p.raft.roles.LeaderAppender - RaftServer{1} - Sending AppendRequest{term=1, leader=1, prevLogIndex=55, prevLogTerm=1, entries=0, commitIndex=55} to 2
00:15:23.975 [raft-server-2] TRACE i.a.p.raft.roles.FollowerRole - RaftServer{2}{role=FOLLOWER} - Received AppendRequest{term=1, leader=1, prevLogIndex=55, prevLogTerm=1, entries=0, commitIndex=55}
00:15:23.975 [raft-server-1] TRACE i.a.protocols.raft.roles.LeaderRole - RaftServer{1}{role=LEADER} - Received CommandRequest{session=2, sequence=42, operation=PrimitiveOperation{id=DefaultOperationId{id=write, type=COMMAND}, value=byte[]{length=17, hash=-1644578928}}}
00:15:23.975 [raft-server-1] TRACE i.a.protocols.raft.roles.LeaderRole - RaftServer{1}{role=LEADER} - Appended Indexed{index=56, entry=CommandEntry{term=1, timestamp=2018-06-11 12:15:23,975, session=2, sequence=42, operation=PrimitiveOperation{id=DefaultOperationId{id=write, type=COMMAND}, value=byte[]{length=17, hash=-1644578928}}}}
00:15:23.976 [raft-server-1] TRACE i.a.protocols.raft.roles.LeaderRole - RaftServer{1}{role=LEADER} - Received KeepAliveRequest{sessionIds=long[]{length=1, hash=33}, commandSequences=long[]{length=1, hash=71}, eventIndexes=long[]{length=1, hash=33}}
00:15:23.976 [raft-server-1] TRACE i.a.protocols.raft.roles.LeaderRole - RaftServer{1}{role=LEADER} - Appended Indexed{index=57, entry=KeepAliveEntry{term=1, timestamp=2018-06-11 12:15:23,976, sessionIds=long[]{length=1, hash=33}, commandSequences=long[]{length=1, hash=71}, eventIndexes=long[]{length=1, hash=33}}}
00:15:23.976 [raft-server-1-state] TRACE i.a.p.raft.impl.RaftServiceManager - RaftServer{1} - Applying Indexed{index=55, entry=KeepAliveEntry{term=1, timestamp=2018-06-11 12:15:23,134, sessionIds=long[]{length=1, hash=33}, commandSequences=long[]{length=1, hash=71}, eventIndexes=long[]{length=1, hash=33}}}
00:15:23.976 [raft-server-1] TRACE i.a.protocols.raft.roles.LeaderRole - RaftServer{1}{role=LEADER} - Sending KeepAliveResponse{status=OK, leader=1, members=[2, 1, 3], sessionIds=long[]{length=1, hash=33}}
00:15:24.250 [raft-server-2] TRACE i.a.p.raft.roles.FollowerRole - RaftServer{2}{role=FOLLOWER} - Committed entries up to index 55
00:15:24.250 [raft-server-3] TRACE i.a.p.raft.roles.FollowerRole - RaftServer{3}{role=FOLLOWER} - Committed entries up to index 55
00:15:24.250 [raft-server-2] TRACE i.a.p.raft.roles.FollowerRole - RaftServer{2}{role=FOLLOWER} - Sending AppendResponse{status=OK, term=1, succeeded=true, lastLogIndex=55}
00:15:24.250 [raft-server-3] TRACE i.a.p.raft.roles.FollowerRole - RaftServer{3}{role=FOLLOWER} - Sending AppendResponse{status=OK, term=1, succeeded=true, lastLogIndex=55}
00:15:24.250 [raft-server-1] TRACE i.a.p.raft.roles.LeaderAppender - RaftServer{1} - Received AppendResponse{status=OK, term=1, succeeded=true, lastLogIndex=55} from 2
00:15:24.250 [raft-server-1] TRACE i.a.p.raft.roles.LeaderAppender - RaftServer{1} - Sending AppendRequest{term=1, leader=1, prevLogIndex=55, prevLogTerm=1, entries=2, commitIndex=55} to 2
00:15:24.250 [raft-server-3-state] TRACE i.a.p.raft.impl.RaftServiceManager - RaftServer{3} - Applying Indexed{index=55, entry=KeepAliveEntry{term=1, timestamp=2018-06-11 12:15:23,134, sessionIds=long[]{length=1, hash=33}, commandSequences=long[]{length=1, hash=71}, eventIndexes=long[]{length=1, hash=33}}}
00:15:24.250 [raft-server-2-state] TRACE i.a.p.raft.impl.RaftServiceManager - RaftServer{2} - Applying Indexed{index=55, entry=KeepAliveEntry{term=1, timestamp=2018-06-11 12:15:23,134, sessionIds=long[]{length=1, hash=33}, commandSequences=long[]{length=1, hash=71}, eventIndexes=long[]{length=1, hash=33}}}
00:15:24.250 [raft-server-2] TRACE i.a.p.raft.roles.FollowerRole - RaftServer{2}{role=FOLLOWER} - Received AppendRequest{term=1, leader=1, prevLogIndex=55, prevLogTerm=1, entries=2, commitIndex=55}
00:15:24.250 [raft-server-1] TRACE i.a.p.raft.roles.LeaderAppender - RaftServer{1} - Sending AppendRequest{term=1, leader=1, prevLogIndex=55, prevLogTerm=1, entries=2, commitIndex=55} to 3
00:15:24.251 [raft-server-3] TRACE i.a.p.raft.roles.FollowerRole - RaftServer{3}{role=FOLLOWER} - Received AppendRequest{term=1, leader=1, prevLogIndex=55, prevLogTerm=1, entries=2, commitIndex=55}
00:15:24.251 [raft-server-1] TRACE i.a.p.raft.roles.LeaderAppender - RaftServer{1} - Received AppendResponse{status=OK, term=1, succeeded=true, lastLogIndex=55} from 3
00:15:24.251 [raft-server-2] TRACE i.a.p.raft.roles.FollowerRole - RaftServer{2}{role=FOLLOWER} - Appended Indexed{index=56, entry=CommandEntry{term=1, timestamp=2018-06-11 12:15:23,975, session=2, sequence=42, operation=PrimitiveOperation{id=DefaultOperationId{id=write, type=COMMAND}, value=byte[]{length=17, hash=-1644578928}}}}
00:15:24.251 [raft-server-3] TRACE i.a.p.raft.roles.FollowerRole - RaftServer{3}{role=FOLLOWER} - Appended Indexed{index=56, entry=CommandEntry{term=1, timestamp=2018-06-11 12:15:23,975, session=2, sequence=42, operation=PrimitiveOperation{id=DefaultOperationId{id=write, type=COMMAND}, value=byte[]{length=17, hash=-1644578928}}}}
00:15:24.251 [raft-server-2] TRACE i.a.p.raft.roles.FollowerRole - RaftServer{2}{role=FOLLOWER} - Appended Indexed{index=57, entry=KeepAliveEntry{term=1, timestamp=2018-06-11 12:15:23,976, sessionIds=long[]{length=1, hash=33}, commandSequences=long[]{length=1, hash=71}, eventIndexes=long[]{length=1, hash=33}}}
00:15:24.251 [raft-server-2] TRACE i.a.p.raft.roles.FollowerRole - RaftServer{2}{role=FOLLOWER} - Sending AppendResponse{status=OK, term=1, succeeded=true, lastLogIndex=57}
00:15:24.251 [raft-server-1] TRACE i.a.p.raft.roles.LeaderAppender - RaftServer{1} - Received AppendResponse{status=OK, term=1, succeeded=true, lastLogIndex=57} from 2
00:15:24.251 [raft-server-1] TRACE i.a.p.raft.roles.LeaderAppender - RaftServer{1} - Committed entries up to 57
00:15:24.251 [raft-server-3] TRACE i.a.p.raft.roles.FollowerRole - RaftServer{3}{role=FOLLOWER} - Appended Indexed{index=57, entry=KeepAliveEntry{term=1, timestamp=2018-06-11 12:15:23,976, sessionIds=long[]{length=1, hash=33}, commandSequences=long[]{length=1, hash=71}, eventIndexes=long[]{length=1, hash=33}}}
00:15:24.251 [raft-server-3] TRACE i.a.p.raft.roles.FollowerRole - RaftServer{3}{role=FOLLOWER} - Sending AppendResponse{status=OK, term=1, succeeded=true, lastLogIndex=57}
00:15:24.475 [raft-server-1] TRACE i.a.p.raft.roles.LeaderAppender - RaftServer{1} - Received AppendResponse{status=OK, term=1, succeeded=true, lastLogIndex=57} from 3
00:15:24.475 [raft-server-1] TRACE i.a.p.raft.roles.LeaderAppender - RaftServer{1} - Sending AppendRequest{term=1, leader=1, prevLogIndex=57, prevLogTerm=1, entries=0, commitIndex=57} to 2
00:15:24.475 [raft-server-1] TRACE i.a.p.raft.roles.LeaderAppender - RaftServer{1} - Sending AppendRequest{term=1, leader=1, prevLogIndex=57, prevLogTerm=1, entries=0, commitIndex=57} to 3
00:15:24.475 [raft-server-2] TRACE i.a.p.raft.roles.FollowerRole - RaftServer{2}{role=FOLLOWER} - Received AppendRequest{term=1, leader=1, prevLogIndex=57, prevLogTerm=1, entries=0, commitIndex=57}
00:15:24.475 [raft-server-3] TRACE i.a.p.raft.roles.FollowerRole - RaftServer{3}{role=FOLLOWER} - Received AppendRequest{term=1, leader=1, prevLogIndex=57, prevLogTerm=1, entries=0, commitIndex=57}
00:15:24.475 [raft-server-1-state] TRACE i.a.p.raft.impl.RaftServiceManager - RaftServer{1} - Applying Indexed{index=56, entry=CommandEntry{term=1, timestamp=2018-06-11 12:15:23,975, session=2, sequence=42, operation=PrimitiveOperation{id=DefaultOperationId{id=write, type=COMMAND}, value=byte[]{length=17, hash=-1644578928}}}}
00:15:24.475 [raft-server-1-state] TRACE i.a.p.s.impl.DefaultServiceExecutor - PrimitiveService{2}{type=io.atomix.protocols.raft.RaftTest$TestPrimitiveType@5c91ef2b, name=raft-test} - Executing DefaultCommit{index=56, session=RaftSession{RaftServiceContext{server=1, type=io.atomix.protocols.raft.RaftTest$TestPrimitiveType@5c91ef2b, name=raft-test, id=2}, session=2, timestamp=2018-06-11 12:15:23,975}, time=2018-06-11 12:15:23,975, operation=DefaultOperationId{id=write, type=COMMAND}, value=byte[]{length=17, hash=-1644578928}}
00:15:24.476 [raft-server-1-state] TRACE i.a.protocols.raft.roles.LeaderRole - RaftServer{1}{role=LEADER} - Sending CommandResponse{status=OK, index=56, eventIndex=2, result=byte[]{length=2, hash=1352}}
00:15:24.476 [raft-server-1-state] TRACE i.a.p.raft.impl.RaftServiceManager - RaftServer{1} - Applying Indexed{index=57, entry=KeepAliveEntry{term=1, timestamp=2018-06-11 12:15:23,976, sessionIds=long[]{length=1, hash=33}, commandSequences=long[]{length=1, hash=71}, eventIndexes=long[]{length=1, hash=33}}}
00:15:24.476 [raft-server-1] TRACE i.a.protocols.raft.roles.LeaderRole - RaftServer{1}{role=LEADER} - Sending KeepAliveResponse{status=OK, leader=1, members=[2, 1, 3], sessionIds=long[]{length=1, hash=33}}
00:15:24.685 [raft-client-82530a18-bea6-4e53-b81d-3dd8c76650f9-5] DEBUG i.a.p.r.s.impl.RaftSessionConnection - SessionClient{2}{type=io.atomix.protocols.raft.RaftTest$TestPrimitiveType@68b11545, name=raft-test} - CommandRequest{session=2, sequence=42, operation=PrimitiveOperation{id=DefaultOperationId{id=write, type=COMMAND}, value=byte[]{length=17, hash=-1644578928}}} failed! Reason: {}
java.util.concurrent.TimeoutException: null
	at io.atomix.protocols.raft.protocol.TestRaftProtocol.lambda$scheduleTimeout$0(TestRaftProtocol.java:48) ~[test-classes/:na]
	at java.util.concurrent.Executors$RunnableAdapter.call(Executors.java:511) ~[na:1.8.0_121]
	at java.util.concurrent.FutureTask.run(FutureTask.java:266) ~[na:1.8.0_121]
	at java.util.concurrent.ScheduledThreadPoolExecutor$ScheduledFutureTask.access$201(ScheduledThreadPoolExecutor.java:180) ~[na:1.8.0_121]
	at java.util.concurrent.ScheduledThreadPoolExecutor$ScheduledFutureTask.run(ScheduledThreadPoolExecutor.java:293) ~[na:1.8.0_121]
	at java.util.concurrent.ThreadPoolExecutor.runWorker(ThreadPoolExecutor.java:1142) ~[na:1.8.0_121]
	at java.util.concurrent.ThreadPoolExecutor$Worker.run(ThreadPoolExecutor.java:617) ~[na:1.8.0_121]
	at java.lang.Thread.run(Thread.java:745) ~[na:1.8.0_121]
00:15:24.685 [raft-client-82530a18-bea6-4e53-b81d-3dd8c76650f9-5] TRACE i.a.p.r.s.impl.RaftSessionConnection - SessionClient{2}{type=io.atomix.protocols.raft.RaftTest$TestPrimitiveType@68b11545, name=raft-test} - Resetting connection. Reason: null
00:15:24.685 [raft-client-82530a18-bea6-4e53-b81d-3dd8c76650f9-5] TRACE i.a.p.r.s.impl.RaftSessionConnection - SessionClient{2}{type=io.atomix.protocols.raft.RaftTest$TestPrimitiveType@68b11545, name=raft-test} - Sending CommandRequest{session=2, sequence=42, operation=PrimitiveOperation{id=DefaultOperationId{id=write, type=COMMAND}, value=byte[]{length=17, hash=-1644578928}}} to 1
00:15:24.685 [raft-server-1] TRACE i.a.protocols.raft.roles.LeaderRole - RaftServer{1}{role=LEADER} - Received CommandRequest{session=2, sequence=42, operation=PrimitiveOperation{id=DefaultOperationId{id=write, type=COMMAND}, value=byte[]{length=17, hash=-1644578928}}}
00:15:24.685 [raft-server-1] TRACE i.a.protocols.raft.roles.LeaderRole - RaftServer{1}{role=LEADER} - Sending CommandResponse{status=OK, index=56, eventIndex=2, result=byte[]{length=2, hash=1352}}
00:15:24.685 [raft-client-82530a18-bea6-4e53-b81d-3dd8c76650f9-1] TRACE i.a.p.r.s.impl.RaftSessionConnection - SessionClient{2}{type=io.atomix.protocols.raft.RaftTest$TestPrimitiveType@68b11545, name=raft-test} - Received CommandResponse{status=OK, index=56, eventIndex=2, result=byte[]{length=2, hash=1352}} from 1
00:15:24.685 [raft-client-82530a18-bea6-4e53-b81d-3dd8c76650f9-1] TRACE i.a.p.r.s.impl.RaftSessionSequencer - SessionClient{2}{type=io.atomix.protocols.raft.RaftTest$TestPrimitiveType@68b11545, name=raft-test} - Completing response CommandResponse{status=OK, index=56, eventIndex=2, result=byte[]{length=2, hash=1352}}
00:15:24.685 [raft-client-82530a18-bea6-4e53-b81d-3dd8c76650f9-7] TRACE i.a.p.r.s.impl.RaftSessionConnection - SessionClient{2}{type=io.atomix.protocols.raft.RaftTest$TestPrimitiveType@68b11545, name=raft-test} - Sending CommandRequest{session=2, sequence=43, operation=PrimitiveOperation{id=DefaultOperationId{id=write, type=COMMAND}, value=byte[]{length=17, hash=-1644578928}}} to 1
00:15:24.685 [raft-server-1] TRACE i.a.protocols.raft.roles.LeaderRole - RaftServer{1}{role=LEADER} - Received CommandRequest{session=2, sequence=43, operation=PrimitiveOperation{id=DefaultOperationId{id=write, type=COMMAND}, value=byte[]{length=17, hash=-1644578928}}}
00:15:24.685 [raft-server-1] TRACE i.a.protocols.raft.roles.LeaderRole - RaftServer{1}{role=LEADER} - Appended Indexed{index=58, entry=CommandEntry{term=1, timestamp=2018-06-11 12:15:24,685, session=2, sequence=43, operation=PrimitiveOperation{id=DefaultOperationId{id=write, type=COMMAND}, value=byte[]{length=17, hash=-1644578928}}}}
00:15:24.685 [raft-server-1] TRACE i.a.p.raft.roles.LeaderAppender - RaftServer{1} - Sending AppendRequest{term=1, leader=1, prevLogIndex=57, prevLogTerm=1, entries=1, commitIndex=57} to 2
00:15:24.685 [raft-server-1] TRACE i.a.p.raft.roles.LeaderAppender - RaftServer{1} - Sending AppendRequest{term=1, leader=1, prevLogIndex=57, prevLogTerm=1, entries=1, commitIndex=57} to 3
00:15:24.742 [raft-server-3] TRACE i.a.p.raft.roles.FollowerRole - RaftServer{3}{role=FOLLOWER} - Committed entries up to index 57
00:15:24.742 [raft-server-2] TRACE i.a.p.raft.roles.FollowerRole - RaftServer{2}{role=FOLLOWER} - Committed entries up to index 57
00:15:24.742 [raft-server-3] TRACE i.a.p.raft.roles.FollowerRole - RaftServer{3}{role=FOLLOWER} - Sending AppendResponse{status=OK, term=1, succeeded=true, lastLogIndex=57}
00:15:24.742 [raft-server-2] TRACE i.a.p.raft.roles.FollowerRole - RaftServer{2}{role=FOLLOWER} - Sending AppendResponse{status=OK, term=1, succeeded=true, lastLogIndex=57}
00:15:24.742 [raft-server-2] TRACE i.a.p.raft.roles.FollowerRole - RaftServer{2}{role=FOLLOWER} - Sending CommandResponse{status=OK, index=56, eventIndex=2, result=byte[]{length=2, hash=1352}}
00:15:24.742 [raft-server-1] TRACE i.a.p.raft.roles.LeaderAppender - RaftServer{1} - Received AppendResponse{status=OK, term=1, succeeded=true, lastLogIndex=57} from 3
00:15:24.742 [raft-server-2] TRACE i.a.p.raft.roles.FollowerRole - RaftServer{2}{role=FOLLOWER} - Received AppendRequest{term=1, leader=1, prevLogIndex=57, prevLogTerm=1, entries=1, commitIndex=57}
00:15:24.742 [raft-server-3] TRACE i.a.p.raft.roles.FollowerRole - RaftServer{3}{role=FOLLOWER} - Sending KeepAliveResponse{status=OK, leader=1, members=[2, 1, 3], sessionIds=long[]{length=1, hash=33}}
00:15:24.742 [raft-server-1] TRACE i.a.p.raft.roles.LeaderAppender - RaftServer{1} - Received AppendResponse{status=OK, term=1, succeeded=true, lastLogIndex=57} from 2
00:15:24.742 [raft-server-3] TRACE i.a.p.raft.roles.FollowerRole - RaftServer{3}{role=FOLLOWER} - Received AppendRequest{term=1, leader=1, prevLogIndex=57, prevLogTerm=1, entries=1, commitIndex=57}
00:15:24.742 [raft-client-82530a18-bea6-4e53-b81d-3dd8c76650f9-2] TRACE i.a.p.r.s.impl.RaftSessionConnection - RaftClient{82530a18-bea6-4e53-b81d-3dd8c76650f9} - Received KeepAliveResponse{status=OK, leader=1, members=[2, 1, 3], sessionIds=long[]{length=1, hash=33}} from 3
00:15:24.742 [raft-server-2] TRACE i.a.p.raft.roles.FollowerRole - RaftServer{2}{role=FOLLOWER} - Appended Indexed{index=58, entry=CommandEntry{term=1, timestamp=2018-06-11 12:15:24,685, session=2, sequence=43, operation=PrimitiveOperation{id=DefaultOperationId{id=write, type=COMMAND}, value=byte[]{length=17, hash=-1644578928}}}}
00:15:24.742 [raft-server-2] TRACE i.a.p.raft.roles.FollowerRole - RaftServer{2}{role=FOLLOWER} - Sending AppendResponse{status=OK, term=1, succeeded=true, lastLogIndex=58}
00:15:24.742 [raft-server-3] TRACE i.a.p.raft.roles.FollowerRole - RaftServer{3}{role=FOLLOWER} - Appended Indexed{index=58, entry=CommandEntry{term=1, timestamp=2018-06-11 12:15:24,685, session=2, sequence=43, operation=PrimitiveOperation{id=DefaultOperationId{id=write, type=COMMAND}, value=byte[]{length=17, hash=-1644578928}}}}
00:15:24.742 [raft-server-3] TRACE i.a.p.raft.roles.FollowerRole - RaftServer{3}{role=FOLLOWER} - Sending AppendResponse{status=OK, term=1, succeeded=true, lastLogIndex=58}
00:15:24.742 [raft-server-2-state] TRACE i.a.p.raft.impl.RaftServiceManager - RaftServer{2} - Applying Indexed{index=56, entry=CommandEntry{term=1, timestamp=2018-06-11 12:15:23,975, session=2, sequence=42, operation=PrimitiveOperation{id=DefaultOperationId{id=write, type=COMMAND}, value=byte[]{length=17, hash=-1644578928}}}}
00:15:24.742 [raft-client-82530a18-bea6-4e53-b81d-3dd8c76650f9-2] TRACE i.a.p.r.s.impl.RaftSessionManager - RaftClient{82530a18-bea6-4e53-b81d-3dd8c76650f9} - Keeping 1 sessions alive
00:15:24.742 [raft-server-1] TRACE i.a.p.raft.roles.LeaderAppender - RaftServer{1} - Received AppendResponse{status=OK, term=1, succeeded=true, lastLogIndex=58} from 2
00:15:24.742 [raft-server-3-state] TRACE i.a.p.raft.impl.RaftServiceManager - RaftServer{3} - Applying Indexed{index=56, entry=CommandEntry{term=1, timestamp=2018-06-11 12:15:23,975, session=2, sequence=42, operation=PrimitiveOperation{id=DefaultOperationId{id=write, type=COMMAND}, value=byte[]{length=17, hash=-1644578928}}}}
00:15:24.742 [raft-client-82530a18-bea6-4e53-b81d-3dd8c76650f9-2] TRACE i.a.p.r.s.impl.RaftSessionConnection - RaftClient{82530a18-bea6-4e53-b81d-3dd8c76650f9} - Sending KeepAliveRequest{sessionIds=long[]{length=1, hash=33}, commandSequences=long[]{length=1, hash=73}, eventIndexes=long[]{length=1, hash=33}} to 3
00:15:24.742 [raft-server-2-state] TRACE i.a.p.s.impl.DefaultServiceExecutor - PrimitiveService{2}{type=io.atomix.protocols.raft.RaftTest$TestPrimitiveType@4f16731, name=raft-test} - Executing DefaultCommit{index=56, session=RaftSession{RaftServiceContext{server=2, type=io.atomix.protocols.raft.RaftTest$TestPrimitiveType@4f16731, name=raft-test, id=2}, session=2, timestamp=2018-06-11 12:15:23,975}, time=2018-06-11 12:15:23,975, operation=DefaultOperationId{id=write, type=COMMAND}, value=byte[]{length=17, hash=-1644578928}}
00:15:24.742 [raft-server-1] TRACE i.a.p.raft.roles.LeaderAppender - RaftServer{1} - Committed entries up to 58
00:15:24.742 [raft-server-3-state] TRACE i.a.p.s.impl.DefaultServiceExecutor - PrimitiveService{2}{type=io.atomix.protocols.raft.RaftTest$TestPrimitiveType@3a1a32eb, name=raft-test} - Executing DefaultCommit{index=56, session=RaftSession{RaftServiceContext{server=3, type=io.atomix.protocols.raft.RaftTest$TestPrimitiveType@3a1a32eb, name=raft-test, id=2}, session=2, timestamp=2018-06-11 12:15:23,975}, time=2018-06-11 12:15:23,975, operation=DefaultOperationId{id=write, type=COMMAND}, value=byte[]{length=17, hash=-1644578928}}
00:15:24.742 [raft-server-3] TRACE i.a.p.raft.roles.FollowerRole - RaftServer{3}{role=FOLLOWER} - Received KeepAliveRequest{sessionIds=long[]{length=1, hash=33}, commandSequences=long[]{length=1, hash=73}, eventIndexes=long[]{length=1, hash=33}}
00:15:24.742 [raft-server-2-state] TRACE i.a.p.raft.impl.RaftServiceManager - RaftServer{2} - Applying Indexed{index=57, entry=KeepAliveEntry{term=1, timestamp=2018-06-11 12:15:23,976, sessionIds=long[]{length=1, hash=33}, commandSequences=long[]{length=1, hash=71}, eventIndexes=long[]{length=1, hash=33}}}
00:15:24.742 [raft-server-3-state] TRACE i.a.p.raft.impl.RaftServiceManager - RaftServer{3} - Applying Indexed{index=57, entry=KeepAliveEntry{term=1, timestamp=2018-06-11 12:15:23,976, sessionIds=long[]{length=1, hash=33}, commandSequences=long[]{length=1, hash=71}, eventIndexes=long[]{length=1, hash=33}}}
00:15:25.008 [raft-server-1] TRACE i.a.p.raft.roles.LeaderAppender - RaftServer{1} - Received AppendResponse{status=OK, term=1, succeeded=true, lastLogIndex=58} from 3
00:15:25.008 [raft-server-1] TRACE i.a.protocols.raft.roles.LeaderRole - RaftServer{1}{role=LEADER} - Received KeepAliveRequest{sessionIds=long[]{length=1, hash=33}, commandSequences=long[]{length=1, hash=73}, eventIndexes=long[]{length=1, hash=33}}
00:15:25.009 [raft-server-1] TRACE i.a.protocols.raft.roles.LeaderRole - RaftServer{1}{role=LEADER} - Appended Indexed{index=59, entry=KeepAliveEntry{term=1, timestamp=2018-06-11 12:15:25,008, sessionIds=long[]{length=1, hash=33}, commandSequences=long[]{length=1, hash=73}, eventIndexes=long[]{length=1, hash=33}}}
00:15:25.009 [raft-server-1] TRACE i.a.p.raft.roles.LeaderAppender - RaftServer{1} - Sending AppendRequest{term=1, leader=1, prevLogIndex=58, prevLogTerm=1, entries=1, commitIndex=58} to 2
00:15:25.009 [raft-server-2] TRACE i.a.p.raft.roles.FollowerRole - RaftServer{2}{role=FOLLOWER} - Received AppendRequest{term=1, leader=1, prevLogIndex=58, prevLogTerm=1, entries=1, commitIndex=58}
00:15:25.009 [raft-server-1] TRACE i.a.p.raft.roles.LeaderAppender - RaftServer{1} - Sending AppendRequest{term=1, leader=1, prevLogIndex=58, prevLogTerm=1, entries=1, commitIndex=58} to 3
00:15:25.009 [raft-server-3] TRACE i.a.p.raft.roles.FollowerRole - RaftServer{3}{role=FOLLOWER} - Received AppendRequest{term=1, leader=1, prevLogIndex=58, prevLogTerm=1, entries=1, commitIndex=58}
00:15:25.009 [raft-server-2] TRACE i.a.p.raft.roles.FollowerRole - RaftServer{2}{role=FOLLOWER} - Appended Indexed{index=59, entry=KeepAliveEntry{term=1, timestamp=2018-06-11 12:15:25,008, sessionIds=long[]{length=1, hash=33}, commandSequences=long[]{length=1, hash=73}, eventIndexes=long[]{length=1, hash=33}}}
00:15:25.009 [raft-server-1-state] TRACE i.a.p.raft.impl.RaftServiceManager - RaftServer{1} - Applying Indexed{index=58, entry=CommandEntry{term=1, timestamp=2018-06-11 12:15:24,685, session=2, sequence=43, operation=PrimitiveOperation{id=DefaultOperationId{id=write, type=COMMAND}, value=byte[]{length=17, hash=-1644578928}}}}
00:15:25.009 [raft-server-3] TRACE i.a.p.raft.roles.FollowerRole - RaftServer{3}{role=FOLLOWER} - Appended Indexed{index=59, entry=KeepAliveEntry{term=1, timestamp=2018-06-11 12:15:25,008, sessionIds=long[]{length=1, hash=33}, commandSequences=long[]{length=1, hash=73}, eventIndexes=long[]{length=1, hash=33}}}
00:15:25.009 [raft-server-1-state] TRACE i.a.p.s.impl.DefaultServiceExecutor - PrimitiveService{2}{type=io.atomix.protocols.raft.RaftTest$TestPrimitiveType@5c91ef2b, name=raft-test} - Executing DefaultCommit{index=58, session=RaftSession{RaftServiceContext{server=1, type=io.atomix.protocols.raft.RaftTest$TestPrimitiveType@5c91ef2b, name=raft-test, id=2}, session=2, timestamp=2018-06-11 12:15:24,685}, time=2018-06-11 12:15:24,685, operation=DefaultOperationId{id=write, type=COMMAND}, value=byte[]{length=17, hash=-1644578928}}
00:15:25.009 [raft-server-1-state] TRACE i.a.protocols.raft.roles.LeaderRole - RaftServer{1}{role=LEADER} - Sending CommandResponse{status=OK, index=58, eventIndex=2, result=byte[]{length=2, hash=1356}}
00:15:25.009 [raft-client-82530a18-bea6-4e53-b81d-3dd8c76650f9-5] TRACE i.a.p.r.s.impl.RaftSessionConnection - SessionClient{2}{type=io.atomix.protocols.raft.RaftTest$TestPrimitiveType@68b11545, name=raft-test} - Received CommandResponse{status=OK, index=58, eventIndex=2, result=byte[]{length=2, hash=1356}} from 1
00:15:25.009 [raft-client-82530a18-bea6-4e53-b81d-3dd8c76650f9-5] TRACE i.a.p.r.s.impl.RaftSessionSequencer - SessionClient{2}{type=io.atomix.protocols.raft.RaftTest$TestPrimitiveType@68b11545, name=raft-test} - Completing response CommandResponse{status=OK, index=58, eventIndex=2, result=byte[]{length=2, hash=1356}}
00:15:25.009 [raft-client-82530a18-bea6-4e53-b81d-3dd8c76650f9-1] TRACE i.a.p.r.s.impl.RaftSessionConnection - SessionClient{2}{type=io.atomix.protocols.raft.RaftTest$TestPrimitiveType@68b11545, name=raft-test} - Sending CommandRequest{session=2, sequence=44, operation=PrimitiveOperation{id=DefaultOperationId{id=write, type=COMMAND}, value=byte[]{length=17, hash=-1644578928}}} to 1
00:15:25.009 [raft-server-1] TRACE i.a.protocols.raft.roles.LeaderRole - RaftServer{1}{role=LEADER} - Received CommandRequest{session=2, sequence=44, operation=PrimitiveOperation{id=DefaultOperationId{id=write, type=COMMAND}, value=byte[]{length=17, hash=-1644578928}}}
00:15:25.010 [raft-server-1] TRACE i.a.protocols.raft.roles.LeaderRole - RaftServer{1}{role=LEADER} - Appended Indexed{index=60, entry=CommandEntry{term=1, timestamp=2018-06-11 12:15:25,010, session=2, sequence=44, operation=PrimitiveOperation{id=DefaultOperationId{id=write, type=COMMAND}, value=byte[]{length=17, hash=-1644578928}}}}
00:15:25.208 [raft-server-3] TRACE i.a.p.raft.roles.FollowerRole - RaftServer{3}{role=FOLLOWER} - Committed entries up to index 58
00:15:25.208 [raft-server-2] TRACE i.a.p.raft.roles.FollowerRole - RaftServer{2}{role=FOLLOWER} - Committed entries up to index 58
00:15:25.208 [raft-server-3] TRACE i.a.p.raft.roles.FollowerRole - RaftServer{3}{role=FOLLOWER} - Sending AppendResponse{status=OK, term=1, succeeded=true, lastLogIndex=59}
00:15:25.208 [raft-server-2] TRACE i.a.p.raft.roles.FollowerRole - RaftServer{2}{role=FOLLOWER} - Sending AppendResponse{status=OK, term=1, succeeded=true, lastLogIndex=59}
00:15:25.209 [raft-server-1] TRACE i.a.p.raft.roles.LeaderAppender - RaftServer{1} - Received AppendResponse{status=OK, term=1, succeeded=true, lastLogIndex=59} from 3
00:15:25.209 [raft-server-1] TRACE i.a.p.raft.roles.LeaderAppender - RaftServer{1} - Committed entries up to 59
00:15:25.209 [raft-server-2-state] TRACE i.a.p.raft.impl.RaftServiceManager - RaftServer{2} - Applying Indexed{index=58, entry=CommandEntry{term=1, timestamp=2018-06-11 12:15:24,685, session=2, sequence=43, operation=PrimitiveOperation{id=DefaultOperationId{id=write, type=COMMAND}, value=byte[]{length=17, hash=-1644578928}}}}
00:15:25.209 [raft-server-2-state] TRACE i.a.p.s.impl.DefaultServiceExecutor - PrimitiveService{2}{type=io.atomix.protocols.raft.RaftTest$TestPrimitiveType@4f16731, name=raft-test} - Executing DefaultCommit{index=58, session=RaftSession{RaftServiceContext{server=2, type=io.atomix.protocols.raft.RaftTest$TestPrimitiveType@4f16731, name=raft-test, id=2}, session=2, timestamp=2018-06-11 12:15:24,685}, time=2018-06-11 12:15:24,685, operation=DefaultOperationId{id=write, type=COMMAND}, value=byte[]{length=17, hash=-1644578928}}
00:15:25.209 [raft-server-3-state] TRACE i.a.p.raft.impl.RaftServiceManager - RaftServer{3} - Applying Indexed{index=58, entry=CommandEntry{term=1, timestamp=2018-06-11 12:15:24,685, session=2, sequence=43, operation=PrimitiveOperation{id=DefaultOperationId{id=write, type=COMMAND}, value=byte[]{length=17, hash=-1644578928}}}}
00:15:25.209 [raft-server-3-state] TRACE i.a.p.s.impl.DefaultServiceExecutor - PrimitiveService{2}{type=io.atomix.protocols.raft.RaftTest$TestPrimitiveType@3a1a32eb, name=raft-test} - Executing DefaultCommit{index=58, session=RaftSession{RaftServiceContext{server=3, type=io.atomix.protocols.raft.RaftTest$TestPrimitiveType@3a1a32eb, name=raft-test, id=2}, session=2, timestamp=2018-06-11 12:15:24,685}, time=2018-06-11 12:15:24,685, operation=DefaultOperationId{id=write, type=COMMAND}, value=byte[]{length=17, hash=-1644578928}}
00:15:25.333 [raft-server-1] TRACE i.a.p.raft.roles.LeaderAppender - RaftServer{1} - Sending AppendRequest{term=1, leader=1, prevLogIndex=59, prevLogTerm=1, entries=1, commitIndex=59} to 3
00:15:25.333 [raft-server-1] TRACE i.a.p.raft.roles.LeaderAppender - RaftServer{1} - Sending AppendRequest{term=1, leader=1, prevLogIndex=59, prevLogTerm=1, entries=1, commitIndex=59} to 2
00:15:25.334 [raft-server-3] TRACE i.a.p.raft.roles.FollowerRole - RaftServer{3}{role=FOLLOWER} - Received AppendRequest{term=1, leader=1, prevLogIndex=59, prevLogTerm=1, entries=1, commitIndex=59}
00:15:25.334 [raft-server-2] TRACE i.a.p.raft.roles.FollowerRole - RaftServer{2}{role=FOLLOWER} - Received AppendRequest{term=1, leader=1, prevLogIndex=59, prevLogTerm=1, entries=1, commitIndex=59}
00:15:25.334 [raft-server-1] TRACE i.a.p.raft.roles.LeaderAppender - RaftServer{1} - Received AppendResponse{status=OK, term=1, succeeded=true, lastLogIndex=59} from 2
00:15:25.334 [raft-server-1-state] TRACE i.a.p.raft.impl.RaftServiceManager - RaftServer{1} - Applying Indexed{index=59, entry=KeepAliveEntry{term=1, timestamp=2018-06-11 12:15:25,008, sessionIds=long[]{length=1, hash=33}, commandSequences=long[]{length=1, hash=73}, eventIndexes=long[]{length=1, hash=33}}}
00:15:25.334 [raft-server-3] TRACE i.a.p.raft.roles.FollowerRole - RaftServer{3}{role=FOLLOWER} - Appended Indexed{index=60, entry=CommandEntry{term=1, timestamp=2018-06-11 12:15:25,010, session=2, sequence=44, operation=PrimitiveOperation{id=DefaultOperationId{id=write, type=COMMAND}, value=byte[]{length=17, hash=-1644578928}}}}
00:15:25.334 [raft-server-2] TRACE i.a.p.raft.roles.FollowerRole - RaftServer{2}{role=FOLLOWER} - Appended Indexed{index=60, entry=CommandEntry{term=1, timestamp=2018-06-11 12:15:25,010, session=2, sequence=44, operation=PrimitiveOperation{id=DefaultOperationId{id=write, type=COMMAND}, value=byte[]{length=17, hash=-1644578928}}}}
00:15:25.334 [raft-server-1] TRACE i.a.protocols.raft.roles.LeaderRole - RaftServer{1}{role=LEADER} - Sending KeepAliveResponse{status=OK, leader=1, members=[2, 1, 3], sessionIds=long[]{length=1, hash=33}}
00:15:25.601 [raft-server-2] TRACE i.a.p.raft.roles.FollowerRole - RaftServer{2}{role=FOLLOWER} - Committed entries up to index 59
00:15:25.601 [raft-server-3] TRACE i.a.p.raft.roles.FollowerRole - RaftServer{3}{role=FOLLOWER} - Committed entries up to index 59
00:15:25.601 [raft-server-2] TRACE i.a.p.raft.roles.FollowerRole - RaftServer{2}{role=FOLLOWER} - Sending AppendResponse{status=OK, term=1, succeeded=true, lastLogIndex=60}
00:15:25.601 [raft-server-3] TRACE i.a.p.raft.roles.FollowerRole - RaftServer{3}{role=FOLLOWER} - Sending AppendResponse{status=OK, term=1, succeeded=true, lastLogIndex=60}
00:15:25.601 [raft-server-3] TRACE i.a.p.raft.roles.FollowerRole - RaftServer{3}{role=FOLLOWER} - Sending KeepAliveResponse{status=OK, leader=1, members=[2, 1, 3], sessionIds=long[]{length=1, hash=33}}
00:15:25.601 [raft-server-2-state] TRACE i.a.p.raft.impl.RaftServiceManager - RaftServer{2} - Applying Indexed{index=59, entry=KeepAliveEntry{term=1, timestamp=2018-06-11 12:15:25,008, sessionIds=long[]{length=1, hash=33}, commandSequences=long[]{length=1, hash=73}, eventIndexes=long[]{length=1, hash=33}}}
00:15:25.601 [raft-client-82530a18-bea6-4e53-b81d-3dd8c76650f9-7] TRACE i.a.p.r.s.impl.RaftSessionConnection - RaftClient{82530a18-bea6-4e53-b81d-3dd8c76650f9} - Received KeepAliveResponse{status=OK, leader=1, members=[2, 1, 3], sessionIds=long[]{length=1, hash=33}} from 3
00:15:25.601 [raft-server-3-state] TRACE i.a.p.raft.impl.RaftServiceManager - RaftServer{3} - Applying Indexed{index=59, entry=KeepAliveEntry{term=1, timestamp=2018-06-11 12:15:25,008, sessionIds=long[]{length=1, hash=33}, commandSequences=long[]{length=1, hash=73}, eventIndexes=long[]{length=1, hash=33}}}
00:15:25.601 [raft-server-1] TRACE i.a.p.raft.roles.LeaderAppender - RaftServer{1} - Received AppendResponse{status=OK, term=1, succeeded=true, lastLogIndex=60} from 2
00:15:25.601 [raft-server-1] TRACE i.a.p.raft.roles.LeaderAppender - RaftServer{1} - Committed entries up to 60
00:15:25.783 [raft-server-1] TRACE i.a.p.raft.roles.LeaderAppender - RaftServer{1} - Sending AppendRequest{term=1, leader=1, prevLogIndex=60, prevLogTerm=1, entries=0, commitIndex=60} to 2
00:15:25.784 [raft-server-1] TRACE i.a.p.raft.roles.LeaderAppender - RaftServer{1} - Received AppendResponse{status=OK, term=1, succeeded=true, lastLogIndex=60} from 3
00:15:25.784 [raft-server-1] TRACE i.a.p.raft.roles.LeaderAppender - RaftServer{1} - Sending AppendRequest{term=1, leader=1, prevLogIndex=60, prevLogTerm=1, entries=0, commitIndex=60} to 3
00:15:25.784 [raft-server-2] TRACE i.a.p.raft.roles.FollowerRole - RaftServer{2}{role=FOLLOWER} - Received AppendRequest{term=1, leader=1, prevLogIndex=60, prevLogTerm=1, entries=0, commitIndex=60}
00:15:25.784 [raft-server-3] TRACE i.a.p.raft.roles.FollowerRole - RaftServer{3}{role=FOLLOWER} - Received AppendRequest{term=1, leader=1, prevLogIndex=60, prevLogTerm=1, entries=0, commitIndex=60}
00:15:25.784 [raft-server-1-state] TRACE i.a.p.raft.impl.RaftServiceManager - RaftServer{1} - Applying Indexed{index=60, entry=CommandEntry{term=1, timestamp=2018-06-11 12:15:25,010, session=2, sequence=44, operation=PrimitiveOperation{id=DefaultOperationId{id=write, type=COMMAND}, value=byte[]{length=17, hash=-1644578928}}}}
00:15:25.784 [raft-server-1-state] TRACE i.a.p.s.impl.DefaultServiceExecutor - PrimitiveService{2}{type=io.atomix.protocols.raft.RaftTest$TestPrimitiveType@5c91ef2b, name=raft-test} - Executing DefaultCommit{index=60, session=RaftSession{RaftServiceContext{server=1, type=io.atomix.protocols.raft.RaftTest$TestPrimitiveType@5c91ef2b, name=raft-test, id=2}, session=2, timestamp=2018-06-11 12:15:25,010}, time=2018-06-11 12:15:25,010, operation=DefaultOperationId{id=write, type=COMMAND}, value=byte[]{length=17, hash=-1644578928}}
00:15:25.784 [raft-server-1] TRACE i.a.protocols.raft.roles.LeaderRole - RaftServer{1}{role=LEADER} - Sending CommandResponse{status=OK, index=60, eventIndex=2, result=byte[]{length=2, hash=1360}}
00:15:25.784 [raft-client-82530a18-bea6-4e53-b81d-3dd8c76650f9-0] TRACE i.a.p.r.s.impl.RaftSessionConnection - SessionClient{2}{type=io.atomix.protocols.raft.RaftTest$TestPrimitiveType@68b11545, name=raft-test} - Received CommandResponse{status=OK, index=60, eventIndex=2, result=byte[]{length=2, hash=1360}} from 1
00:15:25.784 [raft-client-82530a18-bea6-4e53-b81d-3dd8c76650f9-0] TRACE i.a.p.r.s.impl.RaftSessionSequencer - SessionClient{2}{type=io.atomix.protocols.raft.RaftTest$TestPrimitiveType@68b11545, name=raft-test} - Completing response CommandResponse{status=OK, index=60, eventIndex=2, result=byte[]{length=2, hash=1360}}
00:15:25.785 [raft-client-82530a18-bea6-4e53-b81d-3dd8c76650f9-5] TRACE i.a.p.r.s.impl.RaftSessionConnection - SessionClient{2}{type=io.atomix.protocols.raft.RaftTest$TestPrimitiveType@68b11545, name=raft-test} - Sending CommandRequest{session=2, sequence=45, operation=PrimitiveOperation{id=DefaultOperationId{id=write, type=COMMAND}, value=byte[]{length=17, hash=-1644578928}}} to 1
00:15:25.785 [raft-server-1] TRACE i.a.protocols.raft.roles.LeaderRole - RaftServer{1}{role=LEADER} - Received CommandRequest{session=2, sequence=45, operation=PrimitiveOperation{id=DefaultOperationId{id=write, type=COMMAND}, value=byte[]{length=17, hash=-1644578928}}}
00:15:26.100 [raft-server-2] TRACE i.a.p.raft.roles.FollowerRole - RaftServer{2}{role=FOLLOWER} - Committed entries up to index 60
00:15:26.100 [raft-server-3] TRACE i.a.p.raft.roles.FollowerRole - RaftServer{3}{role=FOLLOWER} - Committed entries up to index 60
00:15:26.100 [raft-server-2] TRACE i.a.p.raft.roles.FollowerRole - RaftServer{2}{role=FOLLOWER} - Sending AppendResponse{status=OK, term=1, succeeded=true, lastLogIndex=60}
00:15:26.100 [raft-server-1] DEBUG i.a.storage.journal.SegmentedJournal - Created disk segment: JournalSegment{id=7, version=1, index=61, size=64}
00:15:26.100 [raft-server-3] TRACE i.a.p.raft.roles.FollowerRole - RaftServer{3}{role=FOLLOWER} - Sending AppendResponse{status=OK, term=1, succeeded=true, lastLogIndex=60}
00:15:26.100 [raft-server-2-state] TRACE i.a.p.raft.impl.RaftServiceManager - RaftServer{2} - Applying Indexed{index=60, entry=CommandEntry{term=1, timestamp=2018-06-11 12:15:25,010, session=2, sequence=44, operation=PrimitiveOperation{id=DefaultOperationId{id=write, type=COMMAND}, value=byte[]{length=17, hash=-1644578928}}}}
00:15:26.101 [raft-server-1] TRACE i.a.protocols.raft.roles.LeaderRole - RaftServer{1}{role=LEADER} - Appended Indexed{index=61, entry=CommandEntry{term=1, timestamp=2018-06-11 12:15:25,785, session=2, sequence=45, operation=PrimitiveOperation{id=DefaultOperationId{id=write, type=COMMAND}, value=byte[]{length=17, hash=-1644578928}}}}
00:15:26.101 [raft-server-3-state] TRACE i.a.p.raft.impl.RaftServiceManager - RaftServer{3} - Applying Indexed{index=60, entry=CommandEntry{term=1, timestamp=2018-06-11 12:15:25,010, session=2, sequence=44, operation=PrimitiveOperation{id=DefaultOperationId{id=write, type=COMMAND}, value=byte[]{length=17, hash=-1644578928}}}}
00:15:26.101 [raft-server-2-state] TRACE i.a.p.s.impl.DefaultServiceExecutor - PrimitiveService{2}{type=io.atomix.protocols.raft.RaftTest$TestPrimitiveType@4f16731, name=raft-test} - Executing DefaultCommit{index=60, session=RaftSession{RaftServiceContext{server=2, type=io.atomix.protocols.raft.RaftTest$TestPrimitiveType@4f16731, name=raft-test, id=2}, session=2, timestamp=2018-06-11 12:15:25,010}, time=2018-06-11 12:15:25,010, operation=DefaultOperationId{id=write, type=COMMAND}, value=byte[]{length=17, hash=-1644578928}}
00:15:26.101 [raft-server-1] TRACE i.a.p.raft.roles.LeaderAppender - RaftServer{1} - Sending AppendRequest{term=1, leader=1, prevLogIndex=60, prevLogTerm=1, entries=1, commitIndex=60} to 2
00:15:26.101 [raft-server-3-state] TRACE i.a.p.s.impl.DefaultServiceExecutor - PrimitiveService{2}{type=io.atomix.protocols.raft.RaftTest$TestPrimitiveType@3a1a32eb, name=raft-test} - Executing DefaultCommit{index=60, session=RaftSession{RaftServiceContext{server=3, type=io.atomix.protocols.raft.RaftTest$TestPrimitiveType@3a1a32eb, name=raft-test, id=2}, session=2, timestamp=2018-06-11 12:15:25,010}, time=2018-06-11 12:15:25,010, operation=DefaultOperationId{id=write, type=COMMAND}, value=byte[]{length=17, hash=-1644578928}}
00:15:26.101 [raft-server-2] TRACE i.a.p.raft.roles.FollowerRole - RaftServer{2}{role=FOLLOWER} - Received AppendRequest{term=1, leader=1, prevLogIndex=60, prevLogTerm=1, entries=1, commitIndex=60}
00:15:26.101 [raft-server-1] TRACE i.a.p.raft.roles.LeaderAppender - RaftServer{1} - Sending AppendRequest{term=1, leader=1, prevLogIndex=60, prevLogTerm=1, entries=1, commitIndex=60} to 3
00:15:26.101 [raft-server-3] TRACE i.a.p.raft.roles.FollowerRole - RaftServer{3}{role=FOLLOWER} - Received AppendRequest{term=1, leader=1, prevLogIndex=60, prevLogTerm=1, entries=1, commitIndex=60}
00:15:26.101 [raft-server-1] INFO  i.a.protocols.raft.impl.RaftContext - RaftServer{1} - Transitioning to INACTIVE
00:15:26.101 [raft-server-1] TRACE i.a.protocols.raft.roles.LeaderRole - RaftServer{1}{role=LEADER} - Cancelling append timer
00:15:26.101 [raft-server-1] TRACE i.a.p.raft.storage.system.MetaStore - Store vote null
00:15:26.367 [ForkJoinPool.commonPool-worker-5] DEBUG i.a.storage.journal.SegmentedJournal - Closing segment: JournalSegment{id=1, version=1, index=1, size=505}
00:15:26.367 [ForkJoinPool.commonPool-worker-5] DEBUG i.a.storage.journal.SegmentedJournal - Closing segment: JournalSegment{id=2, version=1, index=11, size=574}
00:15:26.367 [ForkJoinPool.commonPool-worker-5] DEBUG i.a.storage.journal.SegmentedJournal - Closing segment: JournalSegment{id=3, version=1, index=21, size=549}
00:15:26.367 [ForkJoinPool.commonPool-worker-5] DEBUG i.a.storage.journal.SegmentedJournal - Closing segment: JournalSegment{id=4, version=1, index=31, size=549}
00:15:26.367 [ForkJoinPool.commonPool-worker-5] DEBUG i.a.storage.journal.SegmentedJournal - Closing segment: JournalSegment{id=5, version=1, index=41, size=499}
00:15:26.367 [ForkJoinPool.commonPool-worker-5] DEBUG i.a.storage.journal.SegmentedJournal - Closing segment: JournalSegment{id=6, version=1, index=51, size=449}
00:15:26.367 [ForkJoinPool.commonPool-worker-5] DEBUG i.a.storage.journal.SegmentedJournal - Closing segment: JournalSegment{id=7, version=1, index=61, size=115}
00:15:26.658 [raft-server-2] DEBUG i.a.storage.journal.SegmentedJournal - Created disk segment: JournalSegment{id=7, version=1, index=61, size=64}
00:15:26.658 [raft-server-3] DEBUG i.a.storage.journal.SegmentedJournal - Created disk segment: JournalSegment{id=7, version=1, index=61, size=64}
00:15:26.658 [raft-server-2] TRACE i.a.p.raft.roles.FollowerRole - RaftServer{2}{role=FOLLOWER} - Appended Indexed{index=61, entry=CommandEntry{term=1, timestamp=2018-06-11 12:15:25,785, session=2, sequence=45, operation=PrimitiveOperation{id=DefaultOperationId{id=write, type=COMMAND}, value=byte[]{length=17, hash=-1644578928}}}}
00:15:26.658 [raft-server-3] TRACE i.a.p.raft.roles.FollowerRole - RaftServer{3}{role=FOLLOWER} - Appended Indexed{index=61, entry=CommandEntry{term=1, timestamp=2018-06-11 12:15:25,785, session=2, sequence=45, operation=PrimitiveOperation{id=DefaultOperationId{id=write, type=COMMAND}, value=byte[]{length=17, hash=-1644578928}}}}
00:15:26.659 [raft-server-2] TRACE i.a.p.raft.roles.FollowerRole - RaftServer{2}{role=FOLLOWER} - Sending AppendResponse{status=OK, term=1, succeeded=true, lastLogIndex=61}
00:15:26.659 [raft-server-3] TRACE i.a.p.raft.roles.FollowerRole - RaftServer{3}{role=FOLLOWER} - Sending AppendResponse{status=OK, term=1, succeeded=true, lastLogIndex=61}
00:15:26.659 [raft-server-2] INFO  i.a.protocols.raft.impl.RaftContext - RaftServer{2} - Transitioning to INACTIVE
00:15:26.659 [raft-server-2] TRACE i.a.p.raft.roles.FollowerRole - RaftServer{2}{role=FOLLOWER} - Cancelling heartbeat timer
00:15:26.659 [ForkJoinPool.commonPool-worker-5] DEBUG i.a.storage.journal.SegmentedJournal - Closing segment: JournalSegment{id=1, version=1, index=1, size=505}
00:15:26.659 [ForkJoinPool.commonPool-worker-5] DEBUG i.a.storage.journal.SegmentedJournal - Closing segment: JournalSegment{id=2, version=1, index=11, size=574}
00:15:26.659 [ForkJoinPool.commonPool-worker-5] DEBUG i.a.storage.journal.SegmentedJournal - Closing segment: JournalSegment{id=3, version=1, index=21, size=549}
00:15:26.659 [ForkJoinPool.commonPool-worker-5] DEBUG i.a.storage.journal.SegmentedJournal - Closing segment: JournalSegment{id=4, version=1, index=31, size=549}
00:15:26.659 [ForkJoinPool.commonPool-worker-5] DEBUG i.a.storage.journal.SegmentedJournal - Closing segment: JournalSegment{id=5, version=1, index=41, size=499}
00:15:26.659 [ForkJoinPool.commonPool-worker-5] DEBUG i.a.storage.journal.SegmentedJournal - Closing segment: JournalSegment{id=6, version=1, index=51, size=449}
00:15:26.659 [ForkJoinPool.commonPool-worker-5] DEBUG i.a.storage.journal.SegmentedJournal - Closing segment: JournalSegment{id=7, version=1, index=61, size=115}
00:15:26.659 [raft-server-3] INFO  i.a.protocols.raft.impl.RaftContext - RaftServer{3} - Transitioning to INACTIVE
00:15:26.659 [raft-server-3] TRACE i.a.p.raft.roles.FollowerRole - RaftServer{3}{role=FOLLOWER} - Cancelling heartbeat timer
00:15:26.659 [ForkJoinPool.commonPool-worker-5] DEBUG i.a.storage.journal.SegmentedJournal - Closing segment: JournalSegment{id=1, version=1, index=1, size=505}
00:15:26.659 [ForkJoinPool.commonPool-worker-5] DEBUG i.a.storage.journal.SegmentedJournal - Closing segment: JournalSegment{id=2, version=1, index=11, size=574}
00:15:26.659 [ForkJoinPool.commonPool-worker-5] DEBUG i.a.storage.journal.SegmentedJournal - Closing segment: JournalSegment{id=3, version=1, index=21, size=549}
00:15:26.660 [ForkJoinPool.commonPool-worker-5] DEBUG i.a.storage.journal.SegmentedJournal - Closing segment: JournalSegment{id=4, version=1, index=31, size=549}
00:15:26.660 [ForkJoinPool.commonPool-worker-5] DEBUG i.a.storage.journal.SegmentedJournal - Closing segment: JournalSegment{id=5, version=1, index=41, size=499}
00:15:26.660 [ForkJoinPool.commonPool-worker-5] DEBUG i.a.storage.journal.SegmentedJournal - Closing segment: JournalSegment{id=6, version=1, index=51, size=449}
00:15:26.660 [ForkJoinPool.commonPool-worker-5] DEBUG i.a.storage.journal.SegmentedJournal - Closing segment: JournalSegment{id=7, version=1, index=61, size=115}
]]></system-out>
  </testcase>
  <testcase name="testPassiveJoin" classname="io.atomix.protocols.raft.RaftTest" time="5.463"/>
  <testcase name="testFiveNodesManyEventsAfterLeaderShutdown" classname="io.atomix.protocols.raft.RaftTest" time="9.318"/>
  <testcase name="testFiveNodeSubmitCommand" classname="io.atomix.protocols.raft.RaftTest" time="6.264"/>
  <testcase name="testOneNodeExpireEvent" classname="io.atomix.protocols.raft.RaftTest" time="10.235"/>
  <testcase name="testFiveNodesEventsAfterLeaderKill" classname="io.atomix.protocols.raft.RaftTest" time="21.695"/>
  <testcase name="testTwoNodeSubmitCommand" classname="io.atomix.protocols.raft.RaftTest" time="2.331"/>
  <testcase name="testThreeNodeExpireEvent" classname="io.atomix.protocols.raft.RaftTest" time="11.836"/>
  <testcase name="testResize" classname="io.atomix.protocols.raft.RaftTest" time="2.747"/>
  <testcase name="testFiveNodeCloseEvent" classname="io.atomix.protocols.raft.RaftTest" time="3.469"/>
  <testcase name="testOneNodeSubmitQueryWithLinearizableConsistency" classname="io.atomix.protocols.raft.RaftTest" time="2.167"/>
  <testcase name="testThreeNodeSubmitQueryWithBoundedLinearizableConsistency" classname="io.atomix.protocols.raft.RaftTest" time="3.605"/>
  <testcase name="testLeaderLeave" classname="io.atomix.protocols.raft.RaftTest" time="3.708"/>
  <testcase name="testFiveNodesEventsAfterFollowerKill" classname="io.atomix.protocols.raft.RaftTest" time="10.117"/>
  <testcase name="testThreeNodesEventsAfterFollowerKill" classname="io.atomix.protocols.raft.RaftTest" time="11.873"/>
  <testcase name="testFiveNodeEvents" classname="io.atomix.protocols.raft.RaftTest" time="3.916"/>
</testsuite>