<?xml version="1.0" encoding="UTF-8"?>
<!-- Generated by org.testng.reporters.JUnitReportReporter -->
<testsuite hostname="cyclone1" name="io.swagger.parser.SwaggerResolverTest" tests="1" failures="0" timestamp="29 May 2018 07:57:53 GMT" time="0.004" errors="0">
  <testcase name="testOperationBodyParameterRemoteRefs" time="0.004" classname="io.swagger.parser.SwaggerResolverTest"/>
</testsuite> <!-- io.swagger.parser.SwaggerResolverTest -->
