<?xml version="1.0" encoding="UTF-8"?>
<!-- Generated by org.testng.reporters.JUnitReportReporter -->
<testsuite hostname="cyclone1" name="io.swagger.parser.util.RefUtilsTest" tests="2" failures="0" timestamp="29 May 2018 07:57:53 GMT" time="0.002" errors="0">
  <testcase name="testIsAnExternalRefFormat" time="0.001" classname="io.swagger.parser.util.RefUtilsTest"/>
  <testcase name="testComputeDefinitionName" time="0.001" classname="io.swagger.parser.util.RefUtilsTest"/>
</testsuite> <!-- io.swagger.parser.util.RefUtilsTest -->
