<?xml version="1.0" encoding="UTF-8"?>
<testsuite xmlns:xsi="http://www.w3.org/2001/XMLSchema-instance" xsi:noNamespaceSchemaLocation="https://maven.apache.org/surefire/maven-surefire-plugin/xsd/surefire-test-report.xsd" name="com.powsybl.timeseries.RegularTimeSeriesIndexTest" time="0.019" tests="3" errors="0" skipped="0" failures="0">
  <properties>
    <property name="awt.toolkit" value="sun.awt.X11.XToolkit"/>
    <property name="file.encoding.pkg" value="sun.io"/>
    <property name="java.specification.version" value="1.8"/>
    <property name="sun.cpu.isalist" value=""/>
    <property name="sun.jnu.encoding" value="UTF-8"/>
    <property name="java.class.path" value="/root/workspace/powsybl/powsybl-core/428139881/time-series/time-series-api/target/test-classes:/root/workspace/powsybl/powsybl-core/428139881/time-series/time-series-api/target/classes:/root/./workspace/powsybl/powsybl-core/428139881/.m2/commons-io/commons-io/2.5/commons-io-2.5.jar:/root/./workspace/powsybl/powsybl-core/428139881/.m2/org/threeten/threeten-extra/1.0/threeten-extra-1.0.jar:/root/workspace/powsybl/powsybl-core/428139881/commons/target/classes:/root/./workspace/powsybl/powsybl-core/428139881/.m2/com/fasterxml/jackson/core/jackson-databind/2.8.7/jackson-databind-2.8.7.jar:/root/./workspace/powsybl/powsybl-core/428139881/.m2/com/fasterxml/jackson/core/jackson-annotations/2.8.0/jackson-annotations-2.8.0.jar:/root/./workspace/powsybl/powsybl-core/428139881/.m2/com/fasterxml/jackson/core/jackson-core/2.8.7/jackson-core-2.8.7.jar:/root/./workspace/powsybl/powsybl-core/428139881/.m2/com/google/auto/service/auto-service/1.0-rc2/auto-service-1.0-rc2.jar:/root/./workspace/powsybl/powsybl-core/428139881/.m2/com/google/auto/auto-common/0.3/auto-common-0.3.jar:/root/./workspace/powsybl/powsybl-core/428139881/.m2/com/google/guava/guava/20.0/guava-20.0.jar:/root/./workspace/powsybl/powsybl-core/428139881/.m2/commons-cli/commons-cli/1.3.1/commons-cli-1.3.1.jar:/root/./workspace/powsybl/powsybl-core/428139881/.m2/joda-time/joda-time/2.9.7/joda-time-2.9.7.jar:/root/./workspace/powsybl/powsybl-core/428139881/.m2/net/java/truevfs/truevfs-driver-zip/0.12.0/truevfs-driver-zip-0.12.0.jar:/root/./workspace/powsybl/powsybl-core/428139881/.m2/net/java/truevfs/truevfs-comp-ibm437/0.12.0/truevfs-comp-ibm437-0.12.0.jar:/root/./workspace/powsybl/powsybl-core/428139881/.m2/net/java/truecommons/truecommons-annotations/2.5.0/truecommons-annotations-2.5.0.jar:/root/./workspace/powsybl/powsybl-core/428139881/.m2/com/google/code/findbugs/annotations/3.0.0/annotations-3.0.0.jar:/root/./workspace/powsybl/powsybl-core/428139881/.m2/net/java/truevfs/truevfs-comp-zipdriver/0.12.0/truevfs-comp-zipdriver-0.12.0.jar:/root/./workspace/powsybl/powsybl-core/428139881/.m2/net/java/truevfs/truevfs-comp-zip/0.12.0/truevfs-comp-zip-0.12.0.jar:/root/./workspace/powsybl/powsybl-core/428139881/.m2/org/bouncycastle/bcprov-jdk15on/1.58/bcprov-jdk15on-1.58.jar:/root/./workspace/powsybl/powsybl-core/428139881/.m2/net/java/truecommons/truecommons-io/2.5.0/truecommons-io-2.5.0.jar:/root/./workspace/powsybl/powsybl-core/428139881/.m2/net/java/truecommons/truecommons-key-spec/2.5.0/truecommons-key-spec-2.5.0.jar:/root/./workspace/powsybl/powsybl-core/428139881/.m2/net/java/truecommons/truecommons-shed/2.5.0/truecommons-shed-2.5.0.jar:/root/./workspace/powsybl/powsybl-core/428139881/.m2/net/java/truevfs/truevfs-kernel-spec/0.12.0/truevfs-kernel-spec-0.12.0.jar:/root/./workspace/powsybl/powsybl-core/428139881/.m2/net/java/truecommons/truecommons-cio/2.5.0/truecommons-cio-2.5.0.jar:/root/./workspace/powsybl/powsybl-core/428139881/.m2/net/java/truecommons/truecommons-services/2.5.0/truecommons-services-2.5.0.jar:/root/./workspace/powsybl/powsybl-core/428139881/.m2/net/java/truecommons/truecommons-logging/2.5.0/truecommons-logging-2.5.0.jar:/root/./workspace/powsybl/powsybl-core/428139881/.m2/javax/inject/javax.inject/1/javax.inject-1.jar:/root/./workspace/powsybl/powsybl-core/428139881/.m2/net/sf/supercsv/super-csv/2.4.0/super-csv-2.4.0.jar:/root/./workspace/powsybl/powsybl-core/428139881/.m2/net/sf/trove4j/trove4j/3.0.3/trove4j-3.0.3.jar:/root/./workspace/powsybl/powsybl-core/428139881/.m2/org/apache/commons/commons-compress/1.17/commons-compress-1.17.jar:/root/./workspace/powsybl/powsybl-core/428139881/.m2/org/apache/commons/commons-lang3/3.4/commons-lang3-3.4.jar:/root/./workspace/powsybl/powsybl-core/428139881/.m2/org/slf4j/slf4j-api/1.7.22/slf4j-api-1.7.22.jar:/root/./workspace/powsybl/powsybl-core/428139881/.m2/org/ow2/sirocco/sirocco-text-table-formatter/1.0/sirocco-text-table-formatter-1.0.jar:/root/./workspace/powsybl/powsybl-core/428139881/.m2/org/yaml/snakeyaml/1.21/snakeyaml-1.21.jar:/root/./workspace/powsybl/powsybl-core/428139881/.m2/com/google/guava/guava-testlib/20.0/guava-testlib-20.0.jar:/root/./workspace/powsybl/powsybl-core/428139881/.m2/com/google/code/findbugs/jsr305/1.3.9/jsr305-1.3.9.jar:/root/./workspace/powsybl/powsybl-core/428139881/.m2/com/google/errorprone/error_prone_annotations/2.0.12/error_prone_annotations-2.0.12.jar:/root/./workspace/powsybl/powsybl-core/428139881/.m2/junit/junit/4.12/junit-4.12.jar:/root/./workspace/powsybl/powsybl-core/428139881/.m2/org/hamcrest/hamcrest-core/1.3/hamcrest-core-1.3.jar:/root/./workspace/powsybl/powsybl-core/428139881/.m2/org/mockito/mockito-all/1.10.19/mockito-all-1.10.19.jar:/root/./workspace/powsybl/powsybl-core/428139881/.m2/org/slf4j/slf4j-simple/1.7.22/slf4j-simple-1.7.22.jar:"/>
    <property name="java.vm.vendor" value="Oracle Corporation"/>
    <property name="skip.bower" value="true"/>
    <property name="sun.arch.data.model" value="64"/>
    <property name="java.vendor.url" value="http://java.oracle.com/"/>
    <property name="user.timezone" value=""/>
    <property name="java.vm.specification.version" value="1.8"/>
    <property name="os.name" value="Linux"/>
    <property name="rat.skip" value="true"/>
    <property name="gpg.skip" value="true"/>
    <property name="sun.java.launcher" value="SUN_STANDARD"/>
    <property name="sun.boot.library.path" value="/usr/lib/jvm/java-8-openjdk-amd64/jre/lib/amd64"/>
    <property name="skip.gulp" value="true"/>
    <property name="sun.java.command" value="/root/workspace/powsybl/powsybl-core/428139881/time-series/time-series-api/target/surefire/surefirebooter92960227982098264.jar /root/workspace/powsybl/powsybl-core/428139881/time-series/time-series-api/target/surefire 2018-09-13T14-41-47_892-jvmRun1 surefire8418814038601785924tmp surefire_1299000958266464764tmp"/>
    <property name="dependency-check.skip" value="true"/>
    <property name="surefire.test.class.path" value="/root/workspace/powsybl/powsybl-core/428139881/time-series/time-series-api/target/test-classes:/root/workspace/powsybl/powsybl-core/428139881/time-series/time-series-api/target/classes:/root/./workspace/powsybl/powsybl-core/428139881/.m2/commons-io/commons-io/2.5/commons-io-2.5.jar:/root/./workspace/powsybl/powsybl-core/428139881/.m2/org/threeten/threeten-extra/1.0/threeten-extra-1.0.jar:/root/workspace/powsybl/powsybl-core/428139881/commons/target/classes:/root/./workspace/powsybl/powsybl-core/428139881/.m2/com/fasterxml/jackson/core/jackson-databind/2.8.7/jackson-databind-2.8.7.jar:/root/./workspace/powsybl/powsybl-core/428139881/.m2/com/fasterxml/jackson/core/jackson-annotations/2.8.0/jackson-annotations-2.8.0.jar:/root/./workspace/powsybl/powsybl-core/428139881/.m2/com/fasterxml/jackson/core/jackson-core/2.8.7/jackson-core-2.8.7.jar:/root/./workspace/powsybl/powsybl-core/428139881/.m2/com/google/auto/service/auto-service/1.0-rc2/auto-service-1.0-rc2.jar:/root/./workspace/powsybl/powsybl-core/428139881/.m2/com/google/auto/auto-common/0.3/auto-common-0.3.jar:/root/./workspace/powsybl/powsybl-core/428139881/.m2/com/google/guava/guava/20.0/guava-20.0.jar:/root/./workspace/powsybl/powsybl-core/428139881/.m2/commons-cli/commons-cli/1.3.1/commons-cli-1.3.1.jar:/root/./workspace/powsybl/powsybl-core/428139881/.m2/joda-time/joda-time/2.9.7/joda-time-2.9.7.jar:/root/./workspace/powsybl/powsybl-core/428139881/.m2/net/java/truevfs/truevfs-driver-zip/0.12.0/truevfs-driver-zip-0.12.0.jar:/root/./workspace/powsybl/powsybl-core/428139881/.m2/net/java/truevfs/truevfs-comp-ibm437/0.12.0/truevfs-comp-ibm437-0.12.0.jar:/root/./workspace/powsybl/powsybl-core/428139881/.m2/net/java/truecommons/truecommons-annotations/2.5.0/truecommons-annotations-2.5.0.jar:/root/./workspace/powsybl/powsybl-core/428139881/.m2/com/google/code/findbugs/annotations/3.0.0/annotations-3.0.0.jar:/root/./workspace/powsybl/powsybl-core/428139881/.m2/net/java/truevfs/truevfs-comp-zipdriver/0.12.0/truevfs-comp-zipdriver-0.12.0.jar:/root/./workspace/powsybl/powsybl-core/428139881/.m2/net/java/truevfs/truevfs-comp-zip/0.12.0/truevfs-comp-zip-0.12.0.jar:/root/./workspace/powsybl/powsybl-core/428139881/.m2/org/bouncycastle/bcprov-jdk15on/1.58/bcprov-jdk15on-1.58.jar:/root/./workspace/powsybl/powsybl-core/428139881/.m2/net/java/truecommons/truecommons-io/2.5.0/truecommons-io-2.5.0.jar:/root/./workspace/powsybl/powsybl-core/428139881/.m2/net/java/truecommons/truecommons-key-spec/2.5.0/truecommons-key-spec-2.5.0.jar:/root/./workspace/powsybl/powsybl-core/428139881/.m2/net/java/truecommons/truecommons-shed/2.5.0/truecommons-shed-2.5.0.jar:/root/./workspace/powsybl/powsybl-core/428139881/.m2/net/java/truevfs/truevfs-kernel-spec/0.12.0/truevfs-kernel-spec-0.12.0.jar:/root/./workspace/powsybl/powsybl-core/428139881/.m2/net/java/truecommons/truecommons-cio/2.5.0/truecommons-cio-2.5.0.jar:/root/./workspace/powsybl/powsybl-core/428139881/.m2/net/java/truecommons/truecommons-services/2.5.0/truecommons-services-2.5.0.jar:/root/./workspace/powsybl/powsybl-core/428139881/.m2/net/java/truecommons/truecommons-logging/2.5.0/truecommons-logging-2.5.0.jar:/root/./workspace/powsybl/powsybl-core/428139881/.m2/javax/inject/javax.inject/1/javax.inject-1.jar:/root/./workspace/powsybl/powsybl-core/428139881/.m2/net/sf/supercsv/super-csv/2.4.0/super-csv-2.4.0.jar:/root/./workspace/powsybl/powsybl-core/428139881/.m2/net/sf/trove4j/trove4j/3.0.3/trove4j-3.0.3.jar:/root/./workspace/powsybl/powsybl-core/428139881/.m2/org/apache/commons/commons-compress/1.17/commons-compress-1.17.jar:/root/./workspace/powsybl/powsybl-core/428139881/.m2/org/apache/commons/commons-lang3/3.4/commons-lang3-3.4.jar:/root/./workspace/powsybl/powsybl-core/428139881/.m2/org/slf4j/slf4j-api/1.7.22/slf4j-api-1.7.22.jar:/root/./workspace/powsybl/powsybl-core/428139881/.m2/org/ow2/sirocco/sirocco-text-table-formatter/1.0/sirocco-text-table-formatter-1.0.jar:/root/./workspace/powsybl/powsybl-core/428139881/.m2/org/yaml/snakeyaml/1.21/snakeyaml-1.21.jar:/root/./workspace/powsybl/powsybl-core/428139881/.m2/com/google/guava/guava-testlib/20.0/guava-testlib-20.0.jar:/root/./workspace/powsybl/powsybl-core/428139881/.m2/com/google/code/findbugs/jsr305/1.3.9/jsr305-1.3.9.jar:/root/./workspace/powsybl/powsybl-core/428139881/.m2/com/google/errorprone/error_prone_annotations/2.0.12/error_prone_annotations-2.0.12.jar:/root/./workspace/powsybl/powsybl-core/428139881/.m2/junit/junit/4.12/junit-4.12.jar:/root/./workspace/powsybl/powsybl-core/428139881/.m2/org/hamcrest/hamcrest-core/1.3/hamcrest-core-1.3.jar:/root/./workspace/powsybl/powsybl-core/428139881/.m2/org/mockito/mockito-all/1.10.19/mockito-all-1.10.19.jar:/root/./workspace/powsybl/powsybl-core/428139881/.m2/org/slf4j/slf4j-simple/1.7.22/slf4j-simple-1.7.22.jar:"/>
    <property name="sun.cpu.endian" value="little"/>
    <property name="user.home" value="/root"/>
    <property name="user.language" value="en"/>
    <property name="java.specification.vendor" value="Oracle Corporation"/>
    <property name="java.home" value="/usr/lib/jvm/java-8-openjdk-amd64/jre"/>
    <property name="basedir" value="/root/workspace/powsybl/powsybl-core/428139881/time-series/time-series-api"/>
    <property name="file.separator" value="/"/>
    <property name="checkstyle.skip" value="true"/>
    <property name="line.separator" value="&#10;"/>
    <property name="skip.npm" value="true"/>
    <property name="java.vm.specification.vendor" value="Oracle Corporation"/>
    <property name="java.specification.name" value="Java Platform API Specification"/>
    <property name="java.awt.graphicsenv" value="sun.awt.X11GraphicsEnvironment"/>
    <property name="skipITs" value="true"/>
    <property name="surefire.real.class.path" value="/root/workspace/powsybl/powsybl-core/428139881/time-series/time-series-api/target/surefire/surefirebooter92960227982098264.jar"/>
    <property name="cobertura.skip" value="true"/>
    <property name="sun.boot.class.path" value="/usr/lib/jvm/java-8-openjdk-amd64/jre/lib/resources.jar:/usr/lib/jvm/java-8-openjdk-amd64/jre/lib/rt.jar:/usr/lib/jvm/java-8-openjdk-amd64/jre/lib/sunrsasign.jar:/usr/lib/jvm/java-8-openjdk-amd64/jre/lib/jsse.jar:/usr/lib/jvm/java-8-openjdk-amd64/jre/lib/jce.jar:/usr/lib/jvm/java-8-openjdk-amd64/jre/lib/charsets.jar:/usr/lib/jvm/java-8-openjdk-amd64/jre/lib/jfr.jar:/usr/lib/jvm/java-8-openjdk-amd64/jre/classes"/>
    <property name="sun.management.compiler" value="HotSpot 64-Bit Tiered Compilers"/>
    <property name="java.runtime.version" value="1.8.0_121-8u121-b13-1~bpo8+1-b13"/>
    <property name="user.name" value="root"/>
    <property name="findbugs.skip" value="true"/>
    <property name="path.separator" value=":"/>
    <property name="os.version" value="3.10.0-862.3.2.el7.x86_64"/>
    <property name="java.endorsed.dirs" value="/usr/lib/jvm/java-8-openjdk-amd64/jre/lib/endorsed"/>
    <property name="java.runtime.name" value="OpenJDK Runtime Environment"/>
    <property name="file.encoding" value="UTF-8"/>
    <property name="java.vm.name" value="OpenJDK 64-Bit Server VM"/>
    <property name="localRepository" value="/root/./workspace/powsybl/powsybl-core/428139881/.m2"/>
    <property name="java.vendor.url.bug" value="http://bugreport.sun.com/bugreport/"/>
    <property name="java.io.tmpdir" value="/tmp"/>
    <property name="java.version" value="1.8.0_121"/>
    <property name="user.dir" value="/root/workspace/powsybl/powsybl-core/428139881/time-series/time-series-api"/>
    <property name="os.arch" value="amd64"/>
    <property name="license.skip" value="true"/>
    <property name="java.vm.specification.name" value="Java Virtual Machine Specification"/>
    <property name="java.awt.printerjob" value="sun.print.PSPrinterJob"/>
    <property name="sun.os.patch.level" value="unknown"/>
    <property name="java.library.path" value="/usr/java/packages/lib/amd64:/usr/lib/x86_64-linux-gnu/jni:/lib/x86_64-linux-gnu:/usr/lib/x86_64-linux-gnu:/usr/lib/jni:/lib:/usr/lib"/>
    <property name="java.vm.info" value="mixed mode"/>
    <property name="java.vendor" value="Oracle Corporation"/>
    <property name="java.vm.version" value="25.121-b13"/>
    <property name="java.ext.dirs" value="/usr/lib/jvm/java-8-openjdk-amd64/jre/lib/ext:/usr/java/packages/lib/ext"/>
    <property name="sun.io.unicode.encoding" value="UnicodeLittle"/>
    <property name="maven.repo.local" value="/root/./workspace/powsybl/powsybl-core/428139881/.m2"/>
    <property name="enforcer.skip" value="true"/>
    <property name="java.class.version" value="52.0"/>
  </properties>
  <testcase name="testContructorError" classname="com.powsybl.timeseries.RegularTimeSeriesIndexTest" time="0"/>
  <testcase name="test" classname="com.powsybl.timeseries.RegularTimeSeriesIndexTest" time="0.001"/>
  <testcase name="testEquals" classname="com.powsybl.timeseries.RegularTimeSeriesIndexTest" time="0.016"/>
</testsuite>