<?xml version="1.0" encoding="UTF-8"?>
<!-- Generated by org.testng.reporters.JUnitReportReporter -->
<testsuite hostname="cyclone1" name="org.molgenis.settings.mail.MailSettingsRepositoryDecoratorTest" tests="10" failures="0" timestamp="29 May 2018 11:48:50 GMT" time="0.177" errors="0">
  <testcase name="testAddDontTestConnection" time="0.009" classname="org.molgenis.settings.mail.MailSettingsRepositoryDecoratorTest"/>
  <testcase name="testAddDontTestConnection" time="0.121" classname="org.molgenis.settings.mail.MailSettingsRepositoryDecoratorTest"/>
  <testcase name="testUpdateDontTestConnection" time="0.007" classname="org.molgenis.settings.mail.MailSettingsRepositoryDecoratorTest"/>
  <testcase name="testUpdateDontTestConnection" time="0.005" classname="org.molgenis.settings.mail.MailSettingsRepositoryDecoratorTest"/>
  <testcase name="testAddValidSettings" time="0.007" classname="org.molgenis.settings.mail.MailSettingsRepositoryDecoratorTest"/>
  <testcase name="testUpdateDontTestConnection" time="0.003" classname="org.molgenis.settings.mail.MailSettingsRepositoryDecoratorTest"/>
  <testcase name="testAddInvalidSettings" time="0.014" classname="org.molgenis.settings.mail.MailSettingsRepositoryDecoratorTest"/>
  <testcase name="testUpdateValidSettings" time="0.006" classname="org.molgenis.settings.mail.MailSettingsRepositoryDecoratorTest"/>
  <testcase name="testUpdateInvalidSettings" time="0.003" classname="org.molgenis.settings.mail.MailSettingsRepositoryDecoratorTest"/>
  <testcase name="testAddDontTestConnection" time="0.002" classname="org.molgenis.settings.mail.MailSettingsRepositoryDecoratorTest"/>
</testsuite> <!-- org.molgenis.settings.mail.MailSettingsRepositoryDecoratorTest -->
