<?xml version="1.0" encoding="UTF-8"?>
<!-- Generated by org.testng.reporters.JUnitReportReporter -->
<testsuite hostname="cyclone1" name="org.molgenis.settings.mail.MailSettingsRepositoryDecoratorTest" tests="10" failures="0" timestamp="6 Jun 2018 14:17:31 GMT" time="0.072" errors="0">
  <testcase name="testAddDontTestConnection" time="0.002" classname="org.molgenis.settings.mail.MailSettingsRepositoryDecoratorTest"/>
  <testcase name="testUpdateDontTestConnection" time="0.001" classname="org.molgenis.settings.mail.MailSettingsRepositoryDecoratorTest"/>
  <testcase name="testUpdateDontTestConnection" time="0.002" classname="org.molgenis.settings.mail.MailSettingsRepositoryDecoratorTest"/>
  <testcase name="testAddInvalidSettings" time="0.009" classname="org.molgenis.settings.mail.MailSettingsRepositoryDecoratorTest"/>
  <testcase name="testAddValidSettings" time="0.001" classname="org.molgenis.settings.mail.MailSettingsRepositoryDecoratorTest"/>
  <testcase name="testAddDontTestConnection" time="0.002" classname="org.molgenis.settings.mail.MailSettingsRepositoryDecoratorTest"/>
  <testcase name="testUpdateInvalidSettings" time="0.002" classname="org.molgenis.settings.mail.MailSettingsRepositoryDecoratorTest"/>
  <testcase name="testUpdateValidSettings" time="0.003" classname="org.molgenis.settings.mail.MailSettingsRepositoryDecoratorTest"/>
  <testcase name="testUpdateDontTestConnection" time="0.001" classname="org.molgenis.settings.mail.MailSettingsRepositoryDecoratorTest"/>
  <testcase name="testAddDontTestConnection" time="0.049" classname="org.molgenis.settings.mail.MailSettingsRepositoryDecoratorTest"/>
</testsuite> <!-- org.molgenis.settings.mail.MailSettingsRepositoryDecoratorTest -->
