<?xml version = "1.0" encoding = "UTF-8"?>
<beans xmlns="http://www.springframework.org/schema/beans"
       xmlns:xsi="http://www.w3.org/2001/XMLSchema-instance" xmlns:jdbc="http://www.springframework.org/schema/jdbc"
       xsi:schemaLocation="http://www.springframework.org/schema/beans
                     http://www.springframework.org/schema/beans/spring-beans-3.0.xsd http://www.springframework.org/schema/jdbc http://www.springframework.org/schema/jdbc/spring-jdbc.xsd">

    <bean id="dataSource" class="org.springframework.jdbc.datasource.DriverManagerDataSource">
        <property name="driverClassName" value = "org.h2.Driver"/>
        <property name="url" value="jdbc:h2:mem:test_db;MODE=MYSQL;DB_CLOSE_DELAY=-1"/>
        <property name="username" value="sa"/>
        <property name="password" value=""/>
    </bean>

    <jdbc:initialize-database>
        <jdbc:script location="classpath*:create-tables.sql"/>
        <jdbc:script location="classpath*:data-script.sql"/>
    </jdbc:initialize-database>

    <bean id="namedParameterJdbcTemplate"
          class="org.springframework.jdbc.core.namedparam.NamedParameterJdbcTemplate">
        <constructor-arg name="dataSource" ref="dataSource"/>
    </bean>

    <bean id="beerRowMapper" class="com.moro.dao.implementation.BeerDaoImpl$BeerRowMapper"/>

    <bean id="beerDao" class="com.moro.dao.implementation.BeerDaoImpl">
        <constructor-arg name="namedParameterJdbcTemplate" ref="namedParameterJdbcTemplate"/>
        <constructor-arg name="rowMapper" ref="beerRowMapper"/>
    </bean>

    <bean id="reviewDao" class="com.moro.dao.implementation.ReviewDaoImpl">
        <property name="namedParameterJdbcTemplate" ref="namedParameterJdbcTemplate"/>
    </bean>

    <bean id="orderDao" class="com.moro.dao.implementation.OrderDaoImpl">
        <constructor-arg name="namedParameterJdbcTemplate" ref="namedParameterJdbcTemplate"/>
    </bean>

    <bean id="transactionManager" class="org.springframework.jdbc.datasource.DataSourceTransactionManager">
        <property name="dataSource" ref="dataSource"/>
    </bean>
</beans>