<?xml version="1.0" encoding="UTF-8"?>
<!-- Generated by org.testng.reporters.JUnitReportReporter -->
<testsuite hostname="cyclone1" name="org.molgenis.web.PluginInterceptorTest" tests="8" failures="0" timestamp="30 May 2018 12:51:41 GMT" time="0.092" errors="0">
  <testcase name="MolgenisPluginInterceptor" time="0.005" classname="org.molgenis.web.PluginInterceptorTest"/>
  <testcase name="postHandle_authenticated" time="0.002" classname="org.molgenis.web.PluginInterceptorTest"/>
  <testcase name="postHandlePluginidWithQueryString" time="0.002" classname="org.molgenis.web.PluginInterceptorTest"/>
  <testcase name="preHandle" time="0.022" classname="org.molgenis.web.PluginInterceptorTest"/>
  <testcase name="preHandle_hasContextUrl" time="0.001" classname="org.molgenis.web.PluginInterceptorTest"/>
  <testcase name="postHandle" time="0.058" classname="org.molgenis.web.PluginInterceptorTest"/>
  <testcase name="postHandle_pluginIdExists" time="0.001" classname="org.molgenis.web.PluginInterceptorTest"/>
  <testcase name="postHandle_notAuthenticated" time="0.001" classname="org.molgenis.web.PluginInterceptorTest"/>
</testsuite> <!-- org.molgenis.web.PluginInterceptorTest -->
