<?xml version="1.0" encoding="UTF-8"?>
<!-- Generated by org.testng.reporters.JUnitReportReporter -->
<testsuite hostname="cyclone1" name="org.molgenis.web.converter.MolgenisGsonHttpMessageConverterTest" tests="1" failures="0" timestamp="1 Jun 2018 11:35:00 GMT" time="0.193" errors="0">
  <testcase name="getSupportedMediaTypes" time="0.193" classname="org.molgenis.web.converter.MolgenisGsonHttpMessageConverterTest"/>
</testsuite> <!-- org.molgenis.web.converter.MolgenisGsonHttpMessageConverterTest -->
