<?xml version="1.0" encoding="UTF-8"?>
<!-- Generated by org.testng.reporters.JUnitReportReporter -->
<testsuite hostname="cyclone1" name="org.molgenis.web.i18n.MolgenisLocaleResolverTest" tests="6" failures="0" timestamp="6 Jun 2018 14:18:51 GMT" time="0.327" errors="0">
  <testcase name="testResolveLocaleNotAuthenticated" time="0.005" classname="org.molgenis.web.i18n.MolgenisLocaleResolverTest"/>
  <testcase name="testSetLocaleNotAuthenticated" time="0.223" classname="org.molgenis.web.i18n.MolgenisLocaleResolverTest"/>
  <testcase name="testResolveLocaleAuthenticated" time="0.068" classname="org.molgenis.web.i18n.MolgenisLocaleResolverTest"/>
  <testcase name="testResolveLocaleAnonymous" time="0.011" classname="org.molgenis.web.i18n.MolgenisLocaleResolverTest"/>
  <testcase name="testSetLocale" time="0.017" classname="org.molgenis.web.i18n.MolgenisLocaleResolverTest"/>
  <testcase name="testSetLocaleUnusedLanguage" time="0.003" classname="org.molgenis.web.i18n.MolgenisLocaleResolverTest"/>
</testsuite> <!-- org.molgenis.web.i18n.MolgenisLocaleResolverTest -->
