<?xml version="1.0" encoding="UTF-8"?>
<!-- Generated by org.testng.reporters.JUnitReportReporter -->
<testsuite hostname="cyclone1" name="org.molgenis.web.bootstrap.PluginPopulatorTest" tests="1" failures="0" timestamp="7 Jun 2018 14:47:52 GMT" time="0.318" errors="0">
  <testcase name="testPopulate" time="0.318" classname="org.molgenis.web.bootstrap.PluginPopulatorTest"/>
</testsuite> <!-- org.molgenis.web.bootstrap.PluginPopulatorTest -->
