<?xml version="1.0" encoding="UTF-8"?>
<!-- Generated by org.testng.reporters.JUnitReportReporter -->
<testsuite hostname="cyclone1" name="org.molgenis.web.i18n.MolgenisLocaleResolverTest" tests="6" failures="0" timestamp="4 Jun 2018 11:14:16 GMT" time="0.303" errors="0">
  <testcase name="testSetLocale" time="0.015" classname="org.molgenis.web.i18n.MolgenisLocaleResolverTest"/>
  <testcase name="testResolveLocaleNotAuthenticated" time="0.002" classname="org.molgenis.web.i18n.MolgenisLocaleResolverTest"/>
  <testcase name="testResolveLocaleAnonymous" time="0.210" classname="org.molgenis.web.i18n.MolgenisLocaleResolverTest"/>
  <testcase name="testSetLocaleUnusedLanguage" time="0.013" classname="org.molgenis.web.i18n.MolgenisLocaleResolverTest"/>
  <testcase name="testSetLocaleNotAuthenticated" time="0.005" classname="org.molgenis.web.i18n.MolgenisLocaleResolverTest"/>
  <testcase name="testResolveLocaleAuthenticated" time="0.058" classname="org.molgenis.web.i18n.MolgenisLocaleResolverTest"/>
</testsuite> <!-- org.molgenis.web.i18n.MolgenisLocaleResolverTest -->
