<?xml version="1.0" encoding="UTF-8"?>
<!-- Generated by org.testng.reporters.JUnitReportReporter -->
<testsuite hostname="cyclone1" name="org.molgenis.web.rsql.RSQLValueParserTest" tests="4" failures="0" timestamp="4 Jun 2018 11:14:16 GMT" time="0.553" errors="0">
  <testcase name="parse" time="0.002" classname="org.molgenis.web.rsql.RSQLValueParserTest"/>
  <testcase name="parse" time="0.008" classname="org.molgenis.web.rsql.RSQLValueParserTest"/>
  <testcase name="parse" time="0.001" classname="org.molgenis.web.rsql.RSQLValueParserTest"/>
  <testcase name="parse" time="0.542" classname="org.molgenis.web.rsql.RSQLValueParserTest"/>
</testsuite> <!-- org.molgenis.web.rsql.RSQLValueParserTest -->
