<?xml version="1.0" encoding="UTF-8"?>
<!-- Generated by org.testng.reporters.JUnitReportReporter -->
<testsuite hostname="cyclone1" name="org.molgenis.web.support.EntitySerializerTest" tests="1" failures="0" timestamp="7 Jun 2018 14:47:52 GMT" time="0.086" errors="0">
  <testcase name="testSerialize" time="0.086" classname="org.molgenis.web.support.EntitySerializerTest"/>
</testsuite> <!-- org.molgenis.web.support.EntitySerializerTest -->
