<?xml version="1.0" encoding="UTF-8"?>
<!-- Generated by org.testng.reporters.JUnitReportReporter -->
<testsuite hostname="cyclone1" name="org.molgenis.web.ErrorMessageResponseTest" tests="5" failures="0" timestamp="1 Jun 2018 11:35:00 GMT" time="0.000" errors="0">
  <testcase name="ErrorMessageResponse" time="0.000" classname="org.molgenis.web.ErrorMessageResponseTest"/>
  <testcase name="ErrorMessageResponseListErrorMessage" time="0.000" classname="org.molgenis.web.ErrorMessageResponseTest"/>
  <testcase name="ErrorMessageResponseErrorMessage" time="0.000" classname="org.molgenis.web.ErrorMessageResponseTest"/>
  <testcase name="addErrorMessages" time="0.000" classname="org.molgenis.web.ErrorMessageResponseTest"/>
  <testcase name="addErrorMessage" time="0.000" classname="org.molgenis.web.ErrorMessageResponseTest"/>
</testsuite> <!-- org.molgenis.web.ErrorMessageResponseTest -->
