<?xml version="1.0" encoding="UTF-8"?>
<!-- Generated by org.testng.reporters.JUnitReportReporter -->
<testsuite hostname="cyclone1" name="org.molgenis.web.i18n.MolgenisLocaleResolverTest" tests="6" failures="0" timestamp="6 Jun 2018 21:43:42 GMT" time="0.364" errors="0">
  <testcase name="testSetLocale" time="0.015" classname="org.molgenis.web.i18n.MolgenisLocaleResolverTest"/>
  <testcase name="testResolveLocaleNotAuthenticated" time="0.003" classname="org.molgenis.web.i18n.MolgenisLocaleResolverTest"/>
  <testcase name="testResolveLocaleAuthenticated" time="0.079" classname="org.molgenis.web.i18n.MolgenisLocaleResolverTest"/>
  <testcase name="testSetLocaleNotAuthenticated" time="0.003" classname="org.molgenis.web.i18n.MolgenisLocaleResolverTest"/>
  <testcase name="testResolveLocaleAnonymous" time="0.027" classname="org.molgenis.web.i18n.MolgenisLocaleResolverTest"/>
  <testcase name="testSetLocaleUnusedLanguage" time="0.237" classname="org.molgenis.web.i18n.MolgenisLocaleResolverTest"/>
</testsuite> <!-- org.molgenis.web.i18n.MolgenisLocaleResolverTest -->
