<?xml version="1.0" encoding="UTF-8"?>
<!-- Generated by org.testng.reporters.JUnitReportReporter -->
<testsuite hostname="cyclone1" name="org.molgenis.web.converter.MolgenisGsonHttpMessageConverterTest" tests="1" failures="0" timestamp="6 Jun 2018 14:18:51 GMT" time="0.084" errors="0">
  <testcase name="getSupportedMediaTypes" time="0.084" classname="org.molgenis.web.converter.MolgenisGsonHttpMessageConverterTest"/>
</testsuite> <!-- org.molgenis.web.converter.MolgenisGsonHttpMessageConverterTest -->
