<?xml version="1.0" encoding="UTF-8"?>
<!-- Generated by org.testng.reporters.JUnitReportReporter -->
<testsuite hostname="cyclone1" name="org.molgenis.web.rsql.MolgenisRSQLTest" tests="12" failures="0" timestamp="1 Jun 2018 11:35:00 GMT" time="0.195" errors="0">
  <testcase name="testGreaterThanOrEqual" time="0.006" classname="org.molgenis.web.rsql.MolgenisRSQLTest"/>
  <testcase name="testLessThan" time="0.013" classname="org.molgenis.web.rsql.MolgenisRSQLTest"/>
  <testcase name="testAnd" time="0.122" classname="org.molgenis.web.rsql.MolgenisRSQLTest"/>
  <testcase name="testGreaterThanOnNonNumericalAttribute" time="0.004" classname="org.molgenis.web.rsql.MolgenisRSQLTest"/>
  <testcase name="testEquals" time="0.019" classname="org.molgenis.web.rsql.MolgenisRSQLTest"/>
  <testcase name="testUnknowAttribute" time="0.005" classname="org.molgenis.web.rsql.MolgenisRSQLTest"/>
  <testcase name="testXrefIntegerIdValue" time="0.003" classname="org.molgenis.web.rsql.MolgenisRSQLTest"/>
  <testcase name="testComplexQuery" time="0.005" classname="org.molgenis.web.rsql.MolgenisRSQLTest"/>
  <testcase name="testGreaterThanWithNonNumericalArg" time="0.005" classname="org.molgenis.web.rsql.MolgenisRSQLTest"/>
  <testcase name="testLessThanOrEqual" time="0.005" classname="org.molgenis.web.rsql.MolgenisRSQLTest"/>
  <testcase name="testGreaterThan" time="0.003" classname="org.molgenis.web.rsql.MolgenisRSQLTest"/>
  <testcase name="testOr" time="0.005" classname="org.molgenis.web.rsql.MolgenisRSQLTest"/>
</testsuite> <!-- org.molgenis.web.rsql.MolgenisRSQLTest -->
