<?xml version="1.0" encoding="UTF-8"?>
<!-- Generated by org.testng.reporters.JUnitReportReporter -->
<testsuite hostname="cyclone1" name="org.molgenis.web.PluginControllerTest" tests="3" failures="0" timestamp="6 Jun 2018 08:46:13 GMT" time="0.000" errors="0">
  <testcase name="getId" time="0.000" classname="org.molgenis.web.PluginControllerTest"/>
  <testcase name="MolgenisPlugin" time="0.000" classname="org.molgenis.web.PluginControllerTest"/>
  <testcase name="getUri" time="0.000" classname="org.molgenis.web.PluginControllerTest"/>
</testsuite> <!-- org.molgenis.web.PluginControllerTest -->
