<?xml version="1.0" encoding="UTF-8"?>
<!-- Generated by org.testng.reporters.JUnitReportReporter -->
<testsuite hostname="cyclone1" name="org.molgenis.web.i18n.MolgenisLocaleResolverTest" tests="6" failures="0" timestamp="1 Jun 2018 11:35:00 GMT" time="0.292" errors="0">
  <testcase name="testResolveLocaleNotAuthenticated" time="0.002" classname="org.molgenis.web.i18n.MolgenisLocaleResolverTest"/>
  <testcase name="testSetLocale" time="0.009" classname="org.molgenis.web.i18n.MolgenisLocaleResolverTest"/>
  <testcase name="testResolveLocaleAnonymous" time="0.046" classname="org.molgenis.web.i18n.MolgenisLocaleResolverTest"/>
  <testcase name="testSetLocaleNotAuthenticated" time="0.183" classname="org.molgenis.web.i18n.MolgenisLocaleResolverTest"/>
  <testcase name="testSetLocaleUnusedLanguage" time="0.003" classname="org.molgenis.web.i18n.MolgenisLocaleResolverTest"/>
  <testcase name="testResolveLocaleAuthenticated" time="0.049" classname="org.molgenis.web.i18n.MolgenisLocaleResolverTest"/>
</testsuite> <!-- org.molgenis.web.i18n.MolgenisLocaleResolverTest -->
