<?xml version="1.0" encoding="UTF-8"?>
<!-- Generated by org.testng.reporters.JUnitReportReporter -->
<testsuite hostname="cyclone1" name="org.molgenis.web.rsql.RSQLValueParserTest" tests="4" failures="0" timestamp="1 Jun 2018 11:35:00 GMT" time="1.597" errors="0">
  <testcase name="parse" time="0.054" classname="org.molgenis.web.rsql.RSQLValueParserTest"/>
  <testcase name="parse" time="0.000" classname="org.molgenis.web.rsql.RSQLValueParserTest"/>
  <testcase name="parse" time="0.001" classname="org.molgenis.web.rsql.RSQLValueParserTest"/>
  <testcase name="parse" time="1.542" classname="org.molgenis.web.rsql.RSQLValueParserTest"/>
</testsuite> <!-- org.molgenis.web.rsql.RSQLValueParserTest -->
