<?xml version="1.0" encoding="UTF-8"?>
<!-- Generated by org.testng.reporters.JUnitReportReporter -->
<testsuite hostname="cyclone1" name="org.molgenis.web.rsql.RSQLValueParserTest" tests="4" failures="0" timestamp="6 Jun 2018 14:18:51 GMT" time="0.624" errors="0">
  <testcase name="parse" time="0.618" classname="org.molgenis.web.rsql.RSQLValueParserTest"/>
  <testcase name="parse" time="0.004" classname="org.molgenis.web.rsql.RSQLValueParserTest"/>
  <testcase name="parse" time="0.001" classname="org.molgenis.web.rsql.RSQLValueParserTest"/>
  <testcase name="parse" time="0.001" classname="org.molgenis.web.rsql.RSQLValueParserTest"/>
</testsuite> <!-- org.molgenis.web.rsql.RSQLValueParserTest -->
