<?xml version="1.0" encoding="UTF-8"?>
<!-- Generated by org.testng.reporters.JUnitReportReporter -->
<testsuite hostname="cyclone1" name="org.molgenis.web.PluginInterceptorTest" tests="8" failures="0" timestamp="6 Jun 2018 21:43:42 GMT" time="0.100" errors="0">
  <testcase name="postHandle_authenticated" time="0.002" classname="org.molgenis.web.PluginInterceptorTest"/>
  <testcase name="preHandle" time="0.025" classname="org.molgenis.web.PluginInterceptorTest"/>
  <testcase name="postHandle" time="0.006" classname="org.molgenis.web.PluginInterceptorTest"/>
  <testcase name="preHandle_hasContextUrl" time="0.001" classname="org.molgenis.web.PluginInterceptorTest"/>
  <testcase name="postHandle_pluginIdExists" time="0.002" classname="org.molgenis.web.PluginInterceptorTest"/>
  <testcase name="MolgenisPluginInterceptor" time="0.059" classname="org.molgenis.web.PluginInterceptorTest"/>
  <testcase name="postHandlePluginidWithQueryString" time="0.003" classname="org.molgenis.web.PluginInterceptorTest"/>
  <testcase name="postHandle_notAuthenticated" time="0.002" classname="org.molgenis.web.PluginInterceptorTest"/>
</testsuite> <!-- org.molgenis.web.PluginInterceptorTest -->
