<?xml version="1.0" encoding="UTF-8"?>
<!-- Generated by org.testng.reporters.JUnitReportReporter -->
<testsuite hostname="cyclone1" name="org.molgenis.web.exception.ExceptionHandlerUtilsTest" tests="3" failures="0" timestamp="1 Jun 2018 11:35:00 GMT" time="0.383" errors="0">
  <testcase name="testHandleExceptionHtmlRequestDev" time="0.052" classname="org.molgenis.web.exception.ExceptionHandlerUtilsTest"/>
  <testcase name="testHandleExceptionHtmlRequest" time="0.297" classname="org.molgenis.web.exception.ExceptionHandlerUtilsTest"/>
  <testcase name="testHandleExceptionNonHtmlRequest" time="0.034" classname="org.molgenis.web.exception.ExceptionHandlerUtilsTest"/>
</testsuite> <!-- org.molgenis.web.exception.ExceptionHandlerUtilsTest -->
