<?xml version="1.0" encoding="UTF-8"?>
<!-- Generated by org.testng.reporters.JUnitReportReporter -->
<testsuite hostname="cyclone1" name="org.molgenis.web.i18n.MolgenisLocaleResolverTest" tests="6" failures="0" timestamp="6 Jun 2018 08:46:13 GMT" time="0.354" errors="0">
  <testcase name="testSetLocaleNotAuthenticated" time="0.004" classname="org.molgenis.web.i18n.MolgenisLocaleResolverTest"/>
  <testcase name="testResolveLocaleAuthenticated" time="0.065" classname="org.molgenis.web.i18n.MolgenisLocaleResolverTest"/>
  <testcase name="testResolveLocaleNotAuthenticated" time="0.003" classname="org.molgenis.web.i18n.MolgenisLocaleResolverTest"/>
  <testcase name="testSetLocale" time="0.028" classname="org.molgenis.web.i18n.MolgenisLocaleResolverTest"/>
  <testcase name="testResolveLocaleAnonymous" time="0.026" classname="org.molgenis.web.i18n.MolgenisLocaleResolverTest"/>
  <testcase name="testSetLocaleUnusedLanguage" time="0.228" classname="org.molgenis.web.i18n.MolgenisLocaleResolverTest"/>
</testsuite> <!-- org.molgenis.web.i18n.MolgenisLocaleResolverTest -->
