<?xml version="1.0" encoding="UTF-8"?>
<!-- Generated by org.testng.reporters.JUnitReportReporter -->
<testsuite hostname="cyclone1" name="org.molgenis.web.exception.SpringExceptionHandlerTest" tests="14" failures="0" timestamp="6 Jun 2018 21:43:42 GMT" time="1.444" errors="0">
  <testcase name="testMethodArgumentNotValidException" time="0.017" classname="org.molgenis.web.exception.SpringExceptionHandlerTest"/>
  <testcase name="testMissingServletRequestParameterExceptionn" time="0.006" classname="org.molgenis.web.exception.SpringExceptionHandlerTest"/>
  <testcase name="testHttpMediaTypeNotSupportedException" time="0.004" classname="org.molgenis.web.exception.SpringExceptionHandlerTest"/>
  <testcase name="testHttpMessageNotReadableException" time="0.004" classname="org.molgenis.web.exception.SpringExceptionHandlerTest"/>
  <testcase name="testMissingServletRequestPartException" time="1.291" classname="org.molgenis.web.exception.SpringExceptionHandlerTest"/>
  <testcase name="testBindException" time="0.057" classname="org.molgenis.web.exception.SpringExceptionHandlerTest"/>
  <testcase name="testTypeMismatchException" time="0.010" classname="org.molgenis.web.exception.SpringExceptionHandlerTest"/>
  <testcase name="testNoHandlerFoundException" time="0.015" classname="org.molgenis.web.exception.SpringExceptionHandlerTest"/>
  <testcase name="testMissingPathVariableException" time="0.007" classname="org.molgenis.web.exception.SpringExceptionHandlerTest"/>
  <testcase name="AsyncRequestTimeoutException" time="0.011" classname="org.molgenis.web.exception.SpringExceptionHandlerTest"/>
  <testcase name="testConversionNotSupportedException" time="0.006" classname="org.molgenis.web.exception.SpringExceptionHandlerTest"/>
  <testcase name="testHttpMediaTypeNotAcceptableException" time="0.005" classname="org.molgenis.web.exception.SpringExceptionHandlerTest"/>
  <testcase name="testHttpMessageNotWritableException" time="0.005" classname="org.molgenis.web.exception.SpringExceptionHandlerTest"/>
  <testcase name="testServletRequestBindingException" time="0.006" classname="org.molgenis.web.exception.SpringExceptionHandlerTest"/>
</testsuite> <!-- org.molgenis.web.exception.SpringExceptionHandlerTest -->
