<?xml version="1.0" encoding="UTF-8"?>
<!-- Generated by org.testng.reporters.JUnitReportReporter -->
<testsuite hostname="cyclone1" name="org.molgenis.data.security.owned.RowLevelSecurityRepositoryDecoratorFactoryTest" tests="3" failures="0" timestamp="30 May 2018 12:50:26 GMT" time="0.033" errors="0">
  <testcase name="testCreateDecoratedRepositoryRowLevelSecurityDisabled" time="0.030" classname="org.molgenis.data.security.owned.RowLevelSecurityRepositoryDecoratorFactoryTest"/>
  <testcase name="testCreateDecoratedRepositoryRowLevelSecurityEnabled" time="0.002" classname="org.molgenis.data.security.owned.RowLevelSecurityRepositoryDecoratorFactoryTest"/>
  <testcase name="testRowLevelSecurityRepositoryDecoratorFactory" time="0.001" classname="org.molgenis.data.security.owned.RowLevelSecurityRepositoryDecoratorFactoryTest"/>
</testsuite> <!-- org.molgenis.data.security.owned.RowLevelSecurityRepositoryDecoratorFactoryTest -->
