<?xml version="1.0" encoding="UTF-8"?>
<!-- Generated by org.testng.reporters.JUnitReportReporter -->
<testsuite hostname="cyclone1" name="org.molgenis.data.security.aggregation.AggregateAnonymizerRepositoryDecoratorTest" tests="2" failures="0" timestamp="6 Jun 2018 14:17:40 GMT" time="0.054" errors="0">
  <testcase name="aggregateNoThreshold" time="0.001" classname="org.molgenis.data.security.aggregation.AggregateAnonymizerRepositoryDecoratorTest"/>
  <testcase name="aggregateThreshold" time="0.053" classname="org.molgenis.data.security.aggregation.AggregateAnonymizerRepositoryDecoratorTest"/>
</testsuite> <!-- org.molgenis.data.security.aggregation.AggregateAnonymizerRepositoryDecoratorTest -->
