<?xml version="1.0" encoding="UTF-8"?>
<!-- Generated by org.testng.reporters.JUnitReportReporter -->
<testsuite hostname="cyclone1" name="org.molgenis.data.security.aggregation.AggregateAnonymizerImplTest" tests="1" failures="0" timestamp="1 Jun 2018 11:33:29 GMT" time="0.028" errors="0">
  <testcase name="anonymize" time="0.028" classname="org.molgenis.data.security.aggregation.AggregateAnonymizerImplTest"/>
</testsuite> <!-- org.molgenis.data.security.aggregation.AggregateAnonymizerImplTest -->
