<?xml version="1.0" encoding="UTF-8"?>
<!-- Generated by org.testng.reporters.JUnitReportReporter -->
<testsuite hostname="cyclone1" name="org.molgenis.data.security.aggregation.AggregateAnonymizerRepositoryDecoratorTest" tests="2" failures="0" timestamp="1 Jun 2018 11:33:29 GMT" time="0.157" errors="0">
  <testcase name="aggregateThreshold" time="0.155" classname="org.molgenis.data.security.aggregation.AggregateAnonymizerRepositoryDecoratorTest"/>
  <testcase name="aggregateNoThreshold" time="0.002" classname="org.molgenis.data.security.aggregation.AggregateAnonymizerRepositoryDecoratorTest"/>
</testsuite> <!-- org.molgenis.data.security.aggregation.AggregateAnonymizerRepositoryDecoratorTest -->
