<?xml version="1.0" encoding="UTF-8"?>
<!-- Generated by org.testng.reporters.JUnitReportReporter -->
<testsuite hostname="cyclone1" name="org.molgenis.data.security.EntityIdentityUtilsTest" tests="7" failures="0" timestamp="6 Jun 2018 21:42:28 GMT" time="0.003" errors="0">
  <testcase name="testToIdType" time="0.000" classname="org.molgenis.data.security.EntityIdentityUtilsTest"/>
  <testcase name="testToIdType" time="0.001" classname="org.molgenis.data.security.EntityIdentityUtilsTest"/>
  <testcase name="testToIdType" time="0.000" classname="org.molgenis.data.security.EntityIdentityUtilsTest"/>
  <testcase name="testToTypeString" time="0.000" classname="org.molgenis.data.security.EntityIdentityUtilsTest"/>
  <testcase name="testToTypeEntityType" time="0.001" classname="org.molgenis.data.security.EntityIdentityUtilsTest"/>
  <testcase name="testToIdType" time="0.000" classname="org.molgenis.data.security.EntityIdentityUtilsTest"/>
  <testcase name="testToIdType" time="0.001" classname="org.molgenis.data.security.EntityIdentityUtilsTest"/>
</testsuite> <!-- org.molgenis.data.security.EntityIdentityUtilsTest -->
