<?xml version="1.0" encoding="UTF-8"?>
<!-- Generated by org.testng.reporters.JUnitReportReporter -->
<testsuite hostname="cyclone1" name="org.molgenis.data.security.exception.PackagePermissionExceptionTest" tests="1" failures="0" timestamp="29 May 2018 11:49:15 GMT" time="0.110" errors="0">
  <testcase name="testGetLocalizedMessage" time="0.110" classname="org.molgenis.data.security.exception.PackagePermissionExceptionTest"/>
</testsuite> <!-- org.molgenis.data.security.exception.PackagePermissionExceptionTest -->
