<?xml version="1.0" encoding="UTF-8"?>
<!-- Generated by org.testng.reporters.JUnitReportReporter -->
<testsuite hostname="cyclone1" name="org.molgenis.data.security.auth.UserRepositoryDecoratorTest" tests="10" failures="0" timestamp="30 May 2018 15:22:17 GMT" time="0.373" errors="0">
  <testcase name="updateStream" time="0.007" classname="org.molgenis.data.security.auth.UserRepositoryDecoratorTest"/>
  <testcase name="addStream" time="0.006" classname="org.molgenis.data.security.auth.UserRepositoryDecoratorTest"/>
  <testcase name="delete" time="0.002" classname="org.molgenis.data.security.auth.UserRepositoryDecoratorTest"/>
  <testcase name="deleteAllStream" time="0.000" classname="org.molgenis.data.security.auth.UserRepositoryDecoratorTest"/>
  <testcase name="deleteAll" time="0.001" classname="org.molgenis.data.security.auth.UserRepositoryDecoratorTest"/>
  <testcase name="addEntity" time="0.325" classname="org.molgenis.data.security.auth.UserRepositoryDecoratorTest"/>
  <testcase name="testUserRepositoryDecorator" time="0.002" classname="org.molgenis.data.security.auth.UserRepositoryDecoratorTest"/>
  <testcase name="deleteStream" time="0.002" classname="org.molgenis.data.security.auth.UserRepositoryDecoratorTest"/>
  <testcase name="deleteById" time="0.001" classname="org.molgenis.data.security.auth.UserRepositoryDecoratorTest"/>
  <testcase name="updateStreamUnchangedPassword" time="0.027" classname="org.molgenis.data.security.auth.UserRepositoryDecoratorTest"/>
</testsuite> <!-- org.molgenis.data.security.auth.UserRepositoryDecoratorTest -->
