<?xml version="1.0" encoding="UTF-8"?>
<!-- Generated by org.testng.reporters.JUnitReportReporter -->
<testsuite hostname="cyclone1" name="org.molgenis.data.security.meta.PackageRepositorySecurityDecoratorTest" tests="13" failures="0" timestamp="30 May 2018 10:06:25 GMT" time="0.445" errors="0">
  <testcase name="testUpdate1" time="0.020" classname="org.molgenis.data.security.meta.PackageRepositorySecurityDecoratorTest"/>
  <testcase name="testDelete" time="0.006" classname="org.molgenis.data.security.meta.PackageRepositorySecurityDecoratorTest"/>
  <testcase name="testAddNoPermissionOnParent" time="0.012" classname="org.molgenis.data.security.meta.PackageRepositorySecurityDecoratorTest"/>
  <testcase name="testAddNullParent" time="0.010" classname="org.molgenis.data.security.meta.PackageRepositorySecurityDecoratorTest"/>
  <testcase name="testUpdate" time="0.022" classname="org.molgenis.data.security.meta.PackageRepositorySecurityDecoratorTest"/>
  <testcase name="testAdd1" time="0.023" classname="org.molgenis.data.security.meta.PackageRepositorySecurityDecoratorTest"/>
  <testcase name="testDeleteAll" time="0.048" classname="org.molgenis.data.security.meta.PackageRepositorySecurityDecoratorTest"/>
  <testcase name="testUpdateNoParentPermission" time="0.009" classname="org.molgenis.data.security.meta.PackageRepositorySecurityDecoratorTest"/>
  <testcase name="testAdd" time="0.265" classname="org.molgenis.data.security.meta.PackageRepositorySecurityDecoratorTest"/>
  <testcase name="testUpdateToNullPackage" time="0.004" classname="org.molgenis.data.security.meta.PackageRepositorySecurityDecoratorTest"/>
  <testcase name="testDeleteById" time="0.007" classname="org.molgenis.data.security.meta.PackageRepositorySecurityDecoratorTest"/>
  <testcase name="testDelete1" time="0.010" classname="org.molgenis.data.security.meta.PackageRepositorySecurityDecoratorTest"/>
  <testcase name="testDeleteAll1" time="0.009" classname="org.molgenis.data.security.meta.PackageRepositorySecurityDecoratorTest"/>
</testsuite> <!-- org.molgenis.data.security.meta.PackageRepositorySecurityDecoratorTest -->
