<?xml version="1.0" encoding="UTF-8"?>
<!-- Generated by org.testng.reporters.JUnitReportReporter -->
<testsuite hostname="cyclone1" name="org.molgenis.data.security.aggregation.AggregateAnonymizerImplTest" tests="1" failures="0" timestamp="30 May 2018 15:22:17 GMT" time="0.007" errors="0">
  <testcase name="anonymize" time="0.007" classname="org.molgenis.data.security.aggregation.AggregateAnonymizerImplTest"/>
</testsuite> <!-- org.molgenis.data.security.aggregation.AggregateAnonymizerImplTest -->
