<?xml version="1.0" encoding="UTF-8"?>
<!-- Generated by org.testng.reporters.JUnitReportReporter -->
<testsuite hostname="cyclone1" name="org.molgenis.data.security.EntityIdentityUtilsTest" tests="7" failures="0" timestamp="30 May 2018 12:50:26 GMT" time="0.002" errors="0">
  <testcase name="testToTypeEntityType" time="0.000" classname="org.molgenis.data.security.EntityIdentityUtilsTest"/>
  <testcase name="testToIdType" time="0.000" classname="org.molgenis.data.security.EntityIdentityUtilsTest"/>
  <testcase name="testToIdType" time="0.001" classname="org.molgenis.data.security.EntityIdentityUtilsTest"/>
  <testcase name="testToIdType" time="0.001" classname="org.molgenis.data.security.EntityIdentityUtilsTest"/>
  <testcase name="testToIdType" time="0.000" classname="org.molgenis.data.security.EntityIdentityUtilsTest"/>
  <testcase name="testToTypeString" time="0.000" classname="org.molgenis.data.security.EntityIdentityUtilsTest"/>
  <testcase name="testToIdType" time="0.000" classname="org.molgenis.data.security.EntityIdentityUtilsTest"/>
</testsuite> <!-- org.molgenis.data.security.EntityIdentityUtilsTest -->
