<?xml version="1.0" encoding="UTF-8"?>
<!-- Generated by org.testng.reporters.JUnitReportReporter -->
<testsuite hostname="cyclone1" name="org.molgenis.data.security.auth.TokenTest" tests="3" failures="0" timestamp="4 Jun 2018 11:13:08 GMT" time="0.014" errors="0">
  <testcase name="testIsExpiredExpirationDateInFuture" time="0.006" classname="org.molgenis.data.security.auth.TokenTest"/>
  <testcase name="testIsExpiredNoExpirationDate" time="0.001" classname="org.molgenis.data.security.auth.TokenTest"/>
  <testcase name="testIsExpiredExpirationDateInPast" time="0.007" classname="org.molgenis.data.security.auth.TokenTest"/>
</testsuite> <!-- org.molgenis.data.security.auth.TokenTest -->
