<?xml version="1.0" encoding="UTF-8"?>
<!-- Generated by org.testng.reporters.JUnitReportReporter -->
<testsuite hostname="cyclone1" name="org.molgenis.data.security.permission.RoleMembershipServiceImplTest" tests="3" failures="0" timestamp="30 May 2018 12:50:26 GMT" time="0.784" errors="0">
  <testcase name="addUserToNonExistingRole" time="0.010" classname="org.molgenis.data.security.permission.RoleMembershipServiceImplTest"/>
  <testcase name="addUserToRole" time="0.093" classname="org.molgenis.data.security.permission.RoleMembershipServiceImplTest"/>
  <testcase name="addNonExistingUserToRole" time="0.681" classname="org.molgenis.data.security.permission.RoleMembershipServiceImplTest"/>
</testsuite> <!-- org.molgenis.data.security.permission.RoleMembershipServiceImplTest -->
