<?xml version="1.0" encoding="UTF-8"?>
<!-- Generated by org.testng.reporters.JUnitReportReporter -->
<testsuite hostname="cyclone1" name="org.molgenis.data.security.user.UserServiceImplTest" tests="2" failures="0" timestamp="4 Jun 2018 11:13:08 GMT" time="0.444" errors="0">
  <testcase name="getUser" time="0.440" classname="org.molgenis.data.security.user.UserServiceImplTest"/>
  <testcase name="MolgenisUserServiceImpl" time="0.004" classname="org.molgenis.data.security.user.UserServiceImplTest"/>
</testsuite> <!-- org.molgenis.data.security.user.UserServiceImplTest -->
