<?xml version="1.0" encoding="UTF-8"?>
<!-- Generated by org.testng.reporters.JUnitReportReporter -->
<testsuite hostname="cyclone1" name="org.molgenis.data.security.SystemEntityTypeRegistryImplTest" tests="16" failures="0" timestamp="29 May 2018 11:49:15 GMT" time="0.558" errors="0">
  <testcase name="testGetSystemEntityTypesNotPermitted" time="0.005" classname="org.molgenis.data.security.SystemEntityTypeRegistryImplTest"/>
  <testcase name="testGetSystemEntityTypeNotPermitted" time="0.003" classname="org.molgenis.data.security.SystemEntityTypeRegistryImplTest"/>
  <testcase name="testHasSystemEntityTypeExists" time="0.001" classname="org.molgenis.data.security.SystemEntityTypeRegistryImplTest"/>
  <testcase name="testGetSystemEntityTypePermitted" time="0.004" classname="org.molgenis.data.security.SystemEntityTypeRegistryImplTest"/>
  <testcase name="testGetSystemAttributeCompound" time="0.493" classname="org.molgenis.data.security.SystemEntityTypeRegistryImplTest"/>
  <testcase name="testGetSystemAttributePermittedNotExists" time="0.011" classname="org.molgenis.data.security.SystemEntityTypeRegistryImplTest"/>
  <testcase name="testGetSystemEntityTypeNotExists" time="0.004" classname="org.molgenis.data.security.SystemEntityTypeRegistryImplTest"/>
  <testcase name="testHasSystemAttributePermittedExists" time="0.003" classname="org.molgenis.data.security.SystemEntityTypeRegistryImplTest"/>
  <testcase name="testGetSystemAttributeCompoundNotExists" time="0.002" classname="org.molgenis.data.security.SystemEntityTypeRegistryImplTest"/>
  <testcase name="testGetSystemAttributeNotPermitted" time="0.007" classname="org.molgenis.data.security.SystemEntityTypeRegistryImplTest"/>
  <testcase name="testHasSystemEntityTypeNotExists" time="0.002" classname="org.molgenis.data.security.SystemEntityTypeRegistryImplTest"/>
  <testcase name="testGetSystemEntityTypesPermitted" time="0.003" classname="org.molgenis.data.security.SystemEntityTypeRegistryImplTest"/>
  <testcase name="testHasSystemAttributeNotPermitted" time="0.018" classname="org.molgenis.data.security.SystemEntityTypeRegistryImplTest"/>
  <testcase name="testHasSystemAttributePermittedNotExists" time="0.001" classname="org.molgenis.data.security.SystemEntityTypeRegistryImplTest"/>
  <testcase name="testGetSystemAttributePermittedExists" time="0.001" classname="org.molgenis.data.security.SystemEntityTypeRegistryImplTest"/>
  <testcase name="testSystemEntityTypeRegistryImpl" time="0.000" classname="org.molgenis.data.security.SystemEntityTypeRegistryImplTest"/>
</testsuite> <!-- org.molgenis.data.security.SystemEntityTypeRegistryImplTest -->
