<?xml version="1.0" encoding="UTF-8"?>
<!-- Generated by org.testng.reporters.JUnitReportReporter -->
<testsuite hostname="cyclone1" name="org.molgenis.data.security.user.UserServiceImplTest" tests="2" failures="0" timestamp="6 Jun 2018 14:17:40 GMT" time="0.236" errors="0">
  <testcase name="MolgenisUserServiceImpl" time="0.001" classname="org.molgenis.data.security.user.UserServiceImplTest"/>
  <testcase name="getUser" time="0.235" classname="org.molgenis.data.security.user.UserServiceImplTest"/>
</testsuite> <!-- org.molgenis.data.security.user.UserServiceImplTest -->
