<?xml version="1.0" encoding="UTF-8"?>
<!-- Generated by org.testng.reporters.JUnitReportReporter -->
<testsuite hostname="cyclone1" name="org.molgenis.data.security.PackagePermissionTest" tests="2" failures="0" timestamp="6 Jun 2018 14:17:40 GMT" time="0.018" errors="0">
  <testcase name="testDescription" time="0.006" classname="org.molgenis.data.security.PackagePermissionTest"/>
  <testcase name="testNameEnglish" time="0.012" classname="org.molgenis.data.security.PackagePermissionTest"/>
</testsuite> <!-- org.molgenis.data.security.PackagePermissionTest -->
