<?xml version="1.0" encoding="UTF-8"?>
<!-- Generated by org.testng.reporters.JUnitReportReporter -->
<testsuite hostname="cyclone1" name="org.molgenis.data.security.exception.PackagePermissionExceptionTest" tests="1" failures="0" timestamp="6 Jun 2018 08:45:08 GMT" time="0.022" errors="0">
  <testcase name="testGetLocalizedMessage" time="0.022" classname="org.molgenis.data.security.exception.PackagePermissionExceptionTest"/>
</testsuite> <!-- org.molgenis.data.security.exception.PackagePermissionExceptionTest -->
