<?xml version="1.0" encoding="UTF-8"?>
<!-- Generated by org.testng.reporters.JUnitReportReporter -->
<testsuite hostname="cyclone1" name="org.molgenis.data.security.PackagePermissionTest" tests="2" failures="0" timestamp="29 May 2018 11:49:15 GMT" time="0.007" errors="0">
  <testcase name="testDescription" time="0.002" classname="org.molgenis.data.security.PackagePermissionTest"/>
  <testcase name="testNameEnglish" time="0.005" classname="org.molgenis.data.security.PackagePermissionTest"/>
</testsuite> <!-- org.molgenis.data.security.PackagePermissionTest -->
