<?xml version="1.0" encoding="UTF-8"?>
<!-- Generated by org.testng.reporters.JUnitReportReporter -->
<testsuite hostname="cyclone1" name="org.molgenis.data.security.auth.GroupServiceTest" tests="2" failures="0" timestamp="6 Jun 2018 08:45:08 GMT" time="0.267" errors="0">
  <testcase name="testGrantPermissions" time="0.018" classname="org.molgenis.data.security.auth.GroupServiceTest"/>
  <testcase name="testPersist" time="0.249" classname="org.molgenis.data.security.auth.GroupServiceTest"/>
</testsuite> <!-- org.molgenis.data.security.auth.GroupServiceTest -->
