<?xml version="1.0" encoding="UTF-8"?>
<!-- Generated by org.testng.reporters.JUnitReportReporter -->
<testsuite hostname="cyclone1" name="org.molgenis.data.security.permission.RoleMembershipServiceImplTest" tests="3" failures="0" timestamp="6 Jun 2018 14:17:40 GMT" time="0.357" errors="0">
  <testcase name="addUserToRole" time="0.060" classname="org.molgenis.data.security.permission.RoleMembershipServiceImplTest"/>
  <testcase name="addUserToNonExistingRole" time="0.295" classname="org.molgenis.data.security.permission.RoleMembershipServiceImplTest"/>
  <testcase name="addNonExistingUserToRole" time="0.002" classname="org.molgenis.data.security.permission.RoleMembershipServiceImplTest"/>
</testsuite> <!-- org.molgenis.data.security.permission.RoleMembershipServiceImplTest -->
