<?xml version="1.0" encoding="UTF-8"?>
<!-- Generated by org.testng.reporters.JUnitReportReporter -->
<testsuite hostname="cyclone1" name="org.molgenis.data.security.aggregation.AggregateAnonymizerImplTest" tests="1" failures="0" timestamp="6 Jun 2018 21:42:28 GMT" time="0.005" errors="0">
  <testcase name="anonymize" time="0.005" classname="org.molgenis.data.security.aggregation.AggregateAnonymizerImplTest"/>
</testsuite> <!-- org.molgenis.data.security.aggregation.AggregateAnonymizerImplTest -->
