<?xml version="1.0" encoding="UTF-8"?>
<!-- Generated by org.testng.reporters.JUnitReportReporter -->
<testsuite hostname="cyclone1" name="org.molgenis.data.security.auth.GroupServiceTest" tests="2" failures="0" timestamp="7 Jun 2018 14:46:35 GMT" time="0.394" errors="0">
  <testcase name="testPersist" time="0.008" classname="org.molgenis.data.security.auth.GroupServiceTest"/>
  <testcase name="testGrantPermissions" time="0.386" classname="org.molgenis.data.security.auth.GroupServiceTest"/>
</testsuite> <!-- org.molgenis.data.security.auth.GroupServiceTest -->
