<?xml version="1.0" encoding="UTF-8"?>
<!-- Generated by org.testng.reporters.JUnitReportReporter -->
<testsuite hostname="cyclone1" name="org.molgenis.data.security.meta.EntityTypeRepositorySecurityDecoratorTest" tests="28" failures="0" timestamp="29 May 2018 11:49:15 GMT" time="4.886" errors="0">
  <testcase name="query" time="0.010" classname="org.molgenis.data.security.meta.EntityTypeRepositorySecurityDecoratorTest"/>
  <testcase name="findOneByIdUserPermissionAllowed" time="0.003" classname="org.molgenis.data.security.meta.EntityTypeRepositorySecurityDecoratorTest"/>
  <testcase name="findOneByIdFetchUserPermissionAllowed" time="0.008" classname="org.molgenis.data.security.meta.EntityTypeRepositorySecurityDecoratorTest"/>
  <testcase name="deleteNotAllowed" time="0.009" classname="org.molgenis.data.security.meta.EntityTypeRepositorySecurityDecoratorTest"/>
  <testcase name="findAllQueryUser" time="0.079" classname="org.molgenis.data.security.meta.EntityTypeRepositorySecurityDecoratorTest"/>
  <testcase name="addNoPermissionOnPack" time="0.007" classname="org.molgenis.data.security.meta.EntityTypeRepositorySecurityDecoratorTest"/>
  <testcase name="aggregateSu" time="0.050" classname="org.molgenis.data.security.meta.EntityTypeRepositorySecurityDecoratorTest"/>
  <testcase name="findOneQueryUserPermissionAllowed" time="0.012" classname="org.molgenis.data.security.meta.EntityTypeRepositorySecurityDecoratorTest"/>
  <testcase name="count" time="0.037" classname="org.molgenis.data.security.meta.EntityTypeRepositorySecurityDecoratorTest"/>
  <testcase name="updateSystemEntityType" time="0.008" classname="org.molgenis.data.security.meta.EntityTypeRepositorySecurityDecoratorTest"/>
  <testcase name="findAllQueryUserOffsetLimit" time="0.023" classname="org.molgenis.data.security.meta.EntityTypeRepositorySecurityDecoratorTest"/>
  <testcase name="update" time="0.005" classname="org.molgenis.data.security.meta.EntityTypeRepositorySecurityDecoratorTest"/>
  <testcase name="aggregateSystem" time="0.013" classname="org.molgenis.data.security.meta.EntityTypeRepositorySecurityDecoratorTest"/>
  <testcase name="add" time="1.267" classname="org.molgenis.data.security.meta.EntityTypeRepositorySecurityDecoratorTest"/>
  <testcase name="addNullPackage" time="3.144" classname="org.molgenis.data.security.meta.EntityTypeRepositorySecurityDecoratorTest"/>
  <testcase name="updateToNullPackage" time="0.050" classname="org.molgenis.data.security.meta.EntityTypeRepositorySecurityDecoratorTest"/>
  <testcase name="updateNoPermissionOnPack" time="0.006" classname="org.molgenis.data.security.meta.EntityTypeRepositorySecurityDecoratorTest"/>
  <testcase name="countQuery" time="0.005" classname="org.molgenis.data.security.meta.EntityTypeRepositorySecurityDecoratorTest"/>
  <testcase name="findAllIdsFetchUser" time="0.058" classname="org.molgenis.data.security.meta.EntityTypeRepositorySecurityDecoratorTest"/>
  <testcase name="findOneByIdFetchUserPermissionDenied" time="0.010" classname="org.molgenis.data.security.meta.EntityTypeRepositorySecurityDecoratorTest"/>
  <testcase name="updateFromNullToNullPackage" time="0.015" classname="org.molgenis.data.security.meta.EntityTypeRepositorySecurityDecoratorTest"/>
  <testcase name="iteratorUser" time="0.027" classname="org.molgenis.data.security.meta.EntityTypeRepositorySecurityDecoratorTest"/>
  <testcase name="deleteSystemEntityType" time="0.007" classname="org.molgenis.data.security.meta.EntityTypeRepositorySecurityDecoratorTest"/>
  <testcase name="findOneByIdUserPermissionDenied" time="0.007" classname="org.molgenis.data.security.meta.EntityTypeRepositorySecurityDecoratorTest"/>
  <testcase name="delete" time="0.008" classname="org.molgenis.data.security.meta.EntityTypeRepositorySecurityDecoratorTest"/>
  <testcase name="updateNotAllowed" time="0.008" classname="org.molgenis.data.security.meta.EntityTypeRepositorySecurityDecoratorTest"/>
  <testcase name="aggregateUser" time="0.005" classname="org.molgenis.data.security.meta.EntityTypeRepositorySecurityDecoratorTest"/>
  <testcase name="findOneQueryUserPermissionDenied" time="0.005" classname="org.molgenis.data.security.meta.EntityTypeRepositorySecurityDecoratorTest"/>
</testsuite> <!-- org.molgenis.data.security.meta.EntityTypeRepositorySecurityDecoratorTest -->
