<?xml version="1.0" encoding="UTF-8"?>
<!-- Generated by org.testng.reporters.JUnitReportReporter -->
<testsuite hostname="cyclone1" name="org.molgenis.data.security.user.UserServiceImplTest" tests="2" failures="0" timestamp="29 May 2018 11:49:15 GMT" time="0.013" errors="0">
  <testcase name="MolgenisUserServiceImpl" time="0.007" classname="org.molgenis.data.security.user.UserServiceImplTest"/>
  <testcase name="getUser" time="0.006" classname="org.molgenis.data.security.user.UserServiceImplTest"/>
</testsuite> <!-- org.molgenis.data.security.user.UserServiceImplTest -->
