<?xml version="1.0" encoding="UTF-8"?>
<!-- Generated by org.testng.reporters.JUnitReportReporter -->
<testsuite hostname="cyclone1" name="org.molgenis.data.security.exception.EntityPermissionExceptionTest" tests="1" failures="0" timestamp="7 Jun 2018 14:46:35 GMT" time="0.025" errors="0">
  <testcase name="testGetLocalizedMessage" time="0.025" classname="org.molgenis.data.security.exception.EntityPermissionExceptionTest"/>
</testsuite> <!-- org.molgenis.data.security.exception.EntityPermissionExceptionTest -->
