<?xml version="1.0" encoding="UTF-8"?>
<!-- Generated by org.testng.reporters.JUnitReportReporter -->
<testsuite hostname="cyclone1" name="org.molgenis.data.security.meta.AttributeRepositorySecurityDecoratorTest" tests="42" failures="0" timestamp="30 May 2018 10:06:25 GMT" time="5.707" errors="0">
  <testcase name="findOneByIdUserPermissionAllowedAttrInCompoundWithOneAttr" time="0.012" classname="org.molgenis.data.security.meta.AttributeRepositorySecurityDecoratorTest"/>
  <testcase name="deleteSystemAttribute" time="0.010" classname="org.molgenis.data.security.meta.AttributeRepositorySecurityDecoratorTest"/>
  <testcase name="findOneByIdUserPermissionAllowed" time="0.010" classname="org.molgenis.data.security.meta.AttributeRepositorySecurityDecoratorTest"/>
  <testcase name="findOneQuerySu" time="0.012" classname="org.molgenis.data.security.meta.AttributeRepositorySecurityDecoratorTest"/>
  <testcase name="findOneQuerySystem" time="0.012" classname="org.molgenis.data.security.meta.AttributeRepositorySecurityDecoratorTest"/>
  <testcase name="forEachBatchedUser" time="0.071" classname="org.molgenis.data.security.meta.AttributeRepositorySecurityDecoratorTest"/>
  <testcase name="findAllIdsFetchUser" time="0.055" classname="org.molgenis.data.security.meta.AttributeRepositorySecurityDecoratorTest"/>
  <testcase name="findOneQueryUserPermissionAllowed" time="0.010" classname="org.molgenis.data.security.meta.AttributeRepositorySecurityDecoratorTest"/>
  <testcase name="findOneByIdFetchUserPermissionDenied" time="0.015" classname="org.molgenis.data.security.meta.AttributeRepositorySecurityDecoratorTest"/>
  <testcase name="aggregateSu" time="0.119" classname="org.molgenis.data.security.meta.AttributeRepositorySecurityDecoratorTest"/>
  <testcase name="findAllQueryUser" time="0.017" classname="org.molgenis.data.security.meta.AttributeRepositorySecurityDecoratorTest"/>
  <testcase name="countQuerySystem" time="0.007" classname="org.molgenis.data.security.meta.AttributeRepositorySecurityDecoratorTest"/>
  <testcase name="countSystem" time="0.012" classname="org.molgenis.data.security.meta.AttributeRepositorySecurityDecoratorTest"/>
  <testcase name="findAllQuerySystem" time="0.010" classname="org.molgenis.data.security.meta.AttributeRepositorySecurityDecoratorTest"/>
  <testcase name="findAllIdsSystem" time="0.009" classname="org.molgenis.data.security.meta.AttributeRepositorySecurityDecoratorTest"/>
  <testcase name="findAllIdsSu" time="0.015" classname="org.molgenis.data.security.meta.AttributeRepositorySecurityDecoratorTest"/>
  <testcase name="deleteStream" time="0.330" classname="org.molgenis.data.security.meta.AttributeRepositorySecurityDecoratorTest"/>
  <testcase name="aggregateSystem" time="0.014" classname="org.molgenis.data.security.meta.AttributeRepositorySecurityDecoratorTest"/>
  <testcase name="delete" time="0.025" classname="org.molgenis.data.security.meta.AttributeRepositorySecurityDecoratorTest"/>
  <testcase name="forEachBatchedSystem" time="0.011" classname="org.molgenis.data.security.meta.AttributeRepositorySecurityDecoratorTest"/>
  <testcase name="iteratorUser" time="0.027" classname="org.molgenis.data.security.meta.AttributeRepositorySecurityDecoratorTest"/>
  <testcase name="findAllQueryUserOffsetLimit" time="0.020" classname="org.molgenis.data.security.meta.AttributeRepositorySecurityDecoratorTest"/>
  <testcase name="findAllQuerySu" time="0.008" classname="org.molgenis.data.security.meta.AttributeRepositorySecurityDecoratorTest"/>
  <testcase name="findOneByIdSu" time="0.011" classname="org.molgenis.data.security.meta.AttributeRepositorySecurityDecoratorTest"/>
  <testcase name="findOneQueryUserPermissionDenied" time="0.011" classname="org.molgenis.data.security.meta.AttributeRepositorySecurityDecoratorTest"/>
  <testcase name="aggregateUser" time="0.056" classname="org.molgenis.data.security.meta.AttributeRepositorySecurityDecoratorTest"/>
  <testcase name="countQueryUser" time="0.048" classname="org.molgenis.data.security.meta.AttributeRepositorySecurityDecoratorTest"/>
  <testcase name="findAllIdsUser" time="0.011" classname="org.molgenis.data.security.meta.AttributeRepositorySecurityDecoratorTest"/>
  <testcase name="findOneByIdFetchSystem" time="0.011" classname="org.molgenis.data.security.meta.AttributeRepositorySecurityDecoratorTest"/>
  <testcase name="findOneByIdFetchSu" time="0.010" classname="org.molgenis.data.security.meta.AttributeRepositorySecurityDecoratorTest"/>
  <testcase name="iteratorSu" time="0.039" classname="org.molgenis.data.security.meta.AttributeRepositorySecurityDecoratorTest"/>
  <testcase name="countSu" time="0.068" classname="org.molgenis.data.security.meta.AttributeRepositorySecurityDecoratorTest"/>
  <testcase name="findOneByIdFetchUserPermissionAllowed" time="0.027" classname="org.molgenis.data.security.meta.AttributeRepositorySecurityDecoratorTest"/>
  <testcase name="findAllIdsFetchSu" time="4.304" classname="org.molgenis.data.security.meta.AttributeRepositorySecurityDecoratorTest"/>
  <testcase name="iteratorSystem" time="0.010" classname="org.molgenis.data.security.meta.AttributeRepositorySecurityDecoratorTest"/>
  <testcase name="findAllIdsFetchSystem" time="0.033" classname="org.molgenis.data.security.meta.AttributeRepositorySecurityDecoratorTest"/>
  <testcase name="findOneByIdUserPermissionDenied" time="0.009" classname="org.molgenis.data.security.meta.AttributeRepositorySecurityDecoratorTest"/>
  <testcase name="forEachBatchedSu" time="0.048" classname="org.molgenis.data.security.meta.AttributeRepositorySecurityDecoratorTest"/>
  <testcase name="countUser" time="0.012" classname="org.molgenis.data.security.meta.AttributeRepositorySecurityDecoratorTest"/>
  <testcase name="updateSystemEntity" time="0.024" classname="org.molgenis.data.security.meta.AttributeRepositorySecurityDecoratorTest"/>
  <testcase name="findOneByIdSystem" time="0.009" classname="org.molgenis.data.security.meta.AttributeRepositorySecurityDecoratorTest"/>
  <testcase name="countQuerySu" time="0.135" classname="org.molgenis.data.security.meta.AttributeRepositorySecurityDecoratorTest"/>
</testsuite> <!-- org.molgenis.data.security.meta.AttributeRepositorySecurityDecoratorTest -->
