<?xml version="1.0" encoding="UTF-8"?>
<!-- Generated by org.testng.reporters.JUnitReportReporter -->
<testsuite hostname="cyclone1" name="org.molgenis.data.security.PackagePermissionTest" tests="2" failures="0" timestamp="4 Jun 2018 11:13:08 GMT" time="0.033" errors="0">
  <testcase name="testDescription" time="0.014" classname="org.molgenis.data.security.PackagePermissionTest"/>
  <testcase name="testNameEnglish" time="0.019" classname="org.molgenis.data.security.PackagePermissionTest"/>
</testsuite> <!-- org.molgenis.data.security.PackagePermissionTest -->
