<?xml version="1.0" encoding="UTF-8"?>
<!-- Generated by org.testng.reporters.JUnitReportReporter -->
<testsuite hostname="cyclone1" name="org.molgenis.data.security.user.UserServiceImplTest" tests="2" failures="0" timestamp="30 May 2018 09:29:13 GMT" time="0.187" errors="0">
  <testcase name="MolgenisUserServiceImpl" time="0.001" classname="org.molgenis.data.security.user.UserServiceImplTest"/>
  <testcase name="getUser" time="0.186" classname="org.molgenis.data.security.user.UserServiceImplTest"/>
</testsuite> <!-- org.molgenis.data.security.user.UserServiceImplTest -->
