<?xml version="1.0" encoding="UTF-8"?>
<!-- Generated by org.testng.reporters.JUnitReportReporter -->
<testsuite hostname="cyclone1" name="org.molgenis.data.security.owned.RowLevelSecurityRepositoryDecoratorFactoryTest" tests="3" failures="0" timestamp="1 Jun 2018 11:33:29 GMT" time="0.120" errors="0">
  <testcase name="testCreateDecoratedRepositoryRowLevelSecurityDisabled" time="0.001" classname="org.molgenis.data.security.owned.RowLevelSecurityRepositoryDecoratorFactoryTest"/>
  <testcase name="testCreateDecoratedRepositoryRowLevelSecurityEnabled" time="0.118" classname="org.molgenis.data.security.owned.RowLevelSecurityRepositoryDecoratorFactoryTest"/>
  <testcase name="testRowLevelSecurityRepositoryDecoratorFactory" time="0.001" classname="org.molgenis.data.security.owned.RowLevelSecurityRepositoryDecoratorFactoryTest"/>
</testsuite> <!-- org.molgenis.data.security.owned.RowLevelSecurityRepositoryDecoratorFactoryTest -->
