<?xml version="1.0" encoding="UTF-8"?>
<!-- Generated by org.testng.reporters.JUnitReportReporter -->
<testsuite hostname="cyclone1" name="org.molgenis.data.security.PackagePermissionTest" tests="2" failures="0" timestamp="30 May 2018 15:22:17 GMT" time="0.018" errors="0">
  <testcase name="testNameEnglish" time="0.001" classname="org.molgenis.data.security.PackagePermissionTest"/>
  <testcase name="testDescription" time="0.017" classname="org.molgenis.data.security.PackagePermissionTest"/>
</testsuite> <!-- org.molgenis.data.security.PackagePermissionTest -->
