<?xml version="1.0" encoding="UTF-8"?>
<!-- Generated by org.testng.reporters.JUnitReportReporter -->
<testsuite hostname="cyclone1" name="org.molgenis.data.security.user.UserServiceImplTest" tests="2" failures="0" timestamp="7 Jun 2018 14:46:35 GMT" time="0.004" errors="0">
  <testcase name="MolgenisUserServiceImpl" time="0.000" classname="org.molgenis.data.security.user.UserServiceImplTest"/>
  <testcase name="getUser" time="0.004" classname="org.molgenis.data.security.user.UserServiceImplTest"/>
</testsuite> <!-- org.molgenis.data.security.user.UserServiceImplTest -->
