<?xml version="1.0" encoding="UTF-8"?>
<!-- Generated by org.testng.reporters.JUnitReportReporter -->
<testsuite hostname="cyclone1" name="org.molgenis.data.security.auth.GroupServiceTest" tests="2" failures="0" timestamp="6 Jun 2018 21:42:28 GMT" time="0.162" errors="0">
  <testcase name="testGrantPermissions" time="0.004" classname="org.molgenis.data.security.auth.GroupServiceTest"/>
  <testcase name="testPersist" time="0.158" classname="org.molgenis.data.security.auth.GroupServiceTest"/>
</testsuite> <!-- org.molgenis.data.security.auth.GroupServiceTest -->
