<?xml version="1.0" encoding="UTF-8"?>
<!-- Generated by org.testng.reporters.JUnitReportReporter -->
<testsuite hostname="cyclone1" name="org.molgenis.data.security.exception.EntityPermissionExceptionTest" tests="1" failures="0" timestamp="30 May 2018 09:29:13 GMT" time="0.037" errors="0">
  <testcase name="testGetLocalizedMessage" time="0.037" classname="org.molgenis.data.security.exception.EntityPermissionExceptionTest"/>
</testsuite> <!-- org.molgenis.data.security.exception.EntityPermissionExceptionTest -->
