<?xml version="1.0" encoding="UTF-8"?>
<!-- Generated by org.testng.reporters.JUnitReportReporter -->
<testsuite hostname="cyclone1" name="org.molgenis.data.security.exception.EntityPermissionExceptionTest" tests="1" failures="0" timestamp="1 Jun 2018 11:33:29 GMT" time="1.470" errors="0">
  <testcase name="testGetLocalizedMessage" time="1.470" classname="org.molgenis.data.security.exception.EntityPermissionExceptionTest"/>
</testsuite> <!-- org.molgenis.data.security.exception.EntityPermissionExceptionTest -->
