<?xml version="1.0" encoding="UTF-8"?>
<!-- Generated by org.testng.reporters.JUnitReportReporter -->
<testsuite hostname="cyclone1" name="org.molgenis.data.security.owned.RowLevelSecurityRepositoryDecoratorFactoryTest" tests="3" failures="0" timestamp="6 Jun 2018 14:17:40 GMT" time="1.619" errors="0">
  <testcase name="testCreateDecoratedRepositoryRowLevelSecurityEnabled" time="1.060" classname="org.molgenis.data.security.owned.RowLevelSecurityRepositoryDecoratorFactoryTest"/>
  <testcase name="testCreateDecoratedRepositoryRowLevelSecurityDisabled" time="0.557" classname="org.molgenis.data.security.owned.RowLevelSecurityRepositoryDecoratorFactoryTest"/>
  <testcase name="testRowLevelSecurityRepositoryDecoratorFactory" time="0.002" classname="org.molgenis.data.security.owned.RowLevelSecurityRepositoryDecoratorFactoryTest"/>
</testsuite> <!-- org.molgenis.data.security.owned.RowLevelSecurityRepositoryDecoratorFactoryTest -->
