<?xml version="1.0" encoding="UTF-8"?>
<!-- Generated by org.testng.reporters.JUnitReportReporter -->
<testsuite hostname="cyclone1" name="org.molgenis.data.security.permission.RoleMembershipServiceImplTest" tests="3" failures="0" timestamp="6 Jun 2018 08:45:07 GMT" time="0.396" errors="0">
  <testcase name="addUserToRole" time="0.056" classname="org.molgenis.data.security.permission.RoleMembershipServiceImplTest"/>
  <testcase name="addNonExistingUserToRole" time="0.330" classname="org.molgenis.data.security.permission.RoleMembershipServiceImplTest"/>
  <testcase name="addUserToNonExistingRole" time="0.010" classname="org.molgenis.data.security.permission.RoleMembershipServiceImplTest"/>
</testsuite> <!-- org.molgenis.data.security.permission.RoleMembershipServiceImplTest -->
