<?xml version="1.0" encoding="UTF-8"?>
<!-- Generated by org.testng.reporters.JUnitReportReporter -->
<testsuite hostname="cyclone1" name="org.molgenis.data.security.PackagePermissionTest" tests="2" failures="0" timestamp="1 Jun 2018 11:33:29 GMT" time="0.038" errors="0">
  <testcase name="testDescription" time="0.014" classname="org.molgenis.data.security.PackagePermissionTest"/>
  <testcase name="testNameEnglish" time="0.024" classname="org.molgenis.data.security.PackagePermissionTest"/>
</testsuite> <!-- org.molgenis.data.security.PackagePermissionTest -->
