<?xml version="1.0" encoding="UTF-8"?>
<!-- Generated by org.testng.reporters.JUnitReportReporter -->
<testsuite hostname="cyclone1" name="org.molgenis.data.security.auth.GroupServiceTest" tests="2" failures="0" timestamp="30 May 2018 12:50:26 GMT" time="0.592" errors="0">
  <testcase name="testGrantPermissions" time="0.004" classname="org.molgenis.data.security.auth.GroupServiceTest"/>
  <testcase name="testPersist" time="0.588" classname="org.molgenis.data.security.auth.GroupServiceTest"/>
</testsuite> <!-- org.molgenis.data.security.auth.GroupServiceTest -->
