<?xml version="1.0" encoding="UTF-8"?>
<!-- Generated by org.testng.reporters.JUnitReportReporter -->
<testsuite hostname="cyclone1" name="com.h3xstream.findsecbugs.taintanalysis.TaintAnalysisTaintedByAnnotationTest" tests="3" failures="0" timestamp="5 Jun 2018 22:04:41 GMT" time="1.134" errors="0">
  <testcase name="testUnsafeTestCases" time="0.404" classname="com.h3xstream.findsecbugs.taintanalysis.TaintAnalysisTaintedByAnnotationTest"/>
  <testcase name="testVariousTaintedAnnotations" time="0.335" classname="com.h3xstream.findsecbugs.taintanalysis.TaintAnalysisTaintedByAnnotationTest"/>
  <testcase name="testSafeTestCases" time="0.395" classname="com.h3xstream.findsecbugs.taintanalysis.TaintAnalysisTaintedByAnnotationTest"/>
</testsuite> <!-- com.h3xstream.findsecbugs.taintanalysis.TaintAnalysisTaintedByAnnotationTest -->
