<?xml version="1.0" encoding="UTF-8"?>
<!-- Generated by org.testng.reporters.JUnitReportReporter -->
<testsuite hostname="cyclone1" name="com.h3xstream.findsecbugs.injection.command.CommandInjectionDetectorAdvancedTest" tests="2" failures="0" timestamp="5 Jun 2018 22:04:41 GMT" time="0.712" errors="0">
  <testcase name="avoidFalsePositive" time="0.356" classname="com.h3xstream.findsecbugs.injection.command.CommandInjectionDetectorAdvancedTest"/>
  <testcase name="detectSuspicious" time="0.356" classname="com.h3xstream.findsecbugs.injection.command.CommandInjectionDetectorAdvancedTest"/>
</testsuite> <!-- com.h3xstream.findsecbugs.injection.command.CommandInjectionDetectorAdvancedTest -->
