<?xml version="1.0" encoding="UTF-8"?>
<!-- Generated by org.testng.reporters.JUnitReportReporter -->
<testsuite hostname="cyclone1" name="com.h3xstream.findsecbugs.endpoint.TapestryEndpointDetectorTest" tests="3" failures="0" timestamp="5 Jun 2018 22:04:41 GMT" time="0.839" errors="0">
  <testcase name="detectTapestryPageWithFrameworkReference" time="0.274" classname="com.h3xstream.findsecbugs.endpoint.TapestryEndpointDetectorTest"/>
  <testcase name="detectTapestryPagePojo" time="0.269" classname="com.h3xstream.findsecbugs.endpoint.TapestryEndpointDetectorTest"/>
  <testcase name="noFalsePositiveOnOtherClass" time="0.296" classname="com.h3xstream.findsecbugs.endpoint.TapestryEndpointDetectorTest"/>
</testsuite> <!-- com.h3xstream.findsecbugs.endpoint.TapestryEndpointDetectorTest -->
