<?xml version="1.0" encoding="UTF-8"?>
<!-- Generated by org.testng.reporters.JUnitReportReporter -->
<testsuite hostname="cyclone1" name="com.h3xstream.findsecbugs.xml.DocumentBuilderSafePropertyTest" tests="3" failures="0" timestamp="5 Jun 2018 22:04:41 GMT" time="1.052" errors="0">
  <testcase name="detectUnsafeNoSpecialSettings" time="0.346" classname="com.h3xstream.findsecbugs.xml.DocumentBuilderSafePropertyTest"/>
  <testcase name="detectUnsafePartialConfiguration" time="0.355" classname="com.h3xstream.findsecbugs.xml.DocumentBuilderSafePropertyTest"/>
  <testcase name="avoidFalsePositiveOnSafeConfiguration" time="0.351" classname="com.h3xstream.findsecbugs.xml.DocumentBuilderSafePropertyTest"/>
</testsuite> <!-- com.h3xstream.findsecbugs.xml.DocumentBuilderSafePropertyTest -->
