<?xml version="1.0" encoding="UTF-8"?>
<!-- Generated by org.testng.reporters.JUnitReportReporter -->
<testsuite hostname="cyclone1" name="com.h3xstream.findsecbugs.PotentialValueDetectorTest" tests="2" failures="0" timestamp="5 Jun 2018 22:04:41 GMT" time="0.635" errors="0">
  <testcase name="detectDes1" time="0.322" classname="com.h3xstream.findsecbugs.PotentialValueDetectorTest"/>
  <testcase name="detectHardcodePassword1" time="0.313" classname="com.h3xstream.findsecbugs.PotentialValueDetectorTest"/>
</testsuite> <!-- com.h3xstream.findsecbugs.PotentialValueDetectorTest -->
