<?xml version="1.0" encoding="UTF-8"?>
<!-- Generated by org.testng.reporters.JUnitReportReporter -->
<testsuite hostname="cyclone1" name="com.h3xstream.findsecbugs.xss.XssPortletDetectorTest" tests="2" failures="0" timestamp="5 Jun 2018 22:04:41 GMT" time="0.911" errors="0">
  <testcase name="detectIbmPortlet" time="0.461" classname="com.h3xstream.findsecbugs.xss.XssPortletDetectorTest"/>
  <testcase name="detectPortlet" time="0.450" classname="com.h3xstream.findsecbugs.xss.XssPortletDetectorTest"/>
</testsuite> <!-- com.h3xstream.findsecbugs.xss.XssPortletDetectorTest -->
