<?xml version="1.0" encoding="UTF-8"?>
<!-- Generated by org.testng.reporters.JUnitReportReporter -->
<testsuite hostname="cyclone1" name="com.h3xstream.findsecbugs.xss.encoder.ApacheCommonsLangTest" tests="3" failures="0" timestamp="5 Jun 2018 22:04:41 GMT" time="1.100" errors="0">
  <testcase name="testCommonsText" time="0.350" classname="com.h3xstream.findsecbugs.xss.encoder.ApacheCommonsLangTest"/>
  <testcase name="testCommonsLang3" time="0.342" classname="com.h3xstream.findsecbugs.xss.encoder.ApacheCommonsLangTest"/>
  <testcase name="testCommonsLang26" time="0.408" classname="com.h3xstream.findsecbugs.xss.encoder.ApacheCommonsLangTest"/>
</testsuite> <!-- com.h3xstream.findsecbugs.xss.encoder.ApacheCommonsLangTest -->
