<?xml version="1.0" encoding="UTF-8"?>
<!-- Generated by org.testng.reporters.JUnitReportReporter -->
<testsuite hostname="cyclone1" name="com.h3xstream.findsecbugs.xml.XxeDetectorXPathExpressionTest" tests="2" failures="0" timestamp="5 Jun 2018 22:04:41 GMT" time="0.646" errors="0">
  <testcase name="avoidFPXxeVulnerabilityXPath" time="0.316" classname="com.h3xstream.findsecbugs.xml.XxeDetectorXPathExpressionTest"/>
  <testcase name="detectXxeVulnerabilityXPath" time="0.330" classname="com.h3xstream.findsecbugs.xml.XxeDetectorXPathExpressionTest"/>
</testsuite> <!-- com.h3xstream.findsecbugs.xml.XxeDetectorXPathExpressionTest -->
