<?xml version="1.0" encoding="UTF-8"?>
<!-- Generated by org.testng.reporters.JUnitReportReporter -->
<testsuite hostname="cyclone1" name="com.h3xstream.findsecbugs.injection.crlf.CrlfLogInjectionDetectorTest" tests="2" failures="0" timestamp="5 Jun 2018 22:04:41 GMT" time="0.729" errors="0">
  <testcase name="detectResponseSplitting" time="0.403" classname="com.h3xstream.findsecbugs.injection.crlf.CrlfLogInjectionDetectorTest"/>
  <testcase name="detectSlf4jResponseSplitting" time="0.326" classname="com.h3xstream.findsecbugs.injection.crlf.CrlfLogInjectionDetectorTest"/>
</testsuite> <!-- com.h3xstream.findsecbugs.injection.crlf.CrlfLogInjectionDetectorTest -->
