<?xml version="1.0" encoding="UTF-8"?>
<!-- Generated by org.testng.reporters.JUnitReportReporter -->
<testsuite hostname="cyclone1" name="com.h3xstream.findsecbugs.xss.XSSRequestWrapperDetectorTest" tests="3" failures="0" timestamp="5 Jun 2018 22:04:41 GMT" time="5.528" errors="0">
  <testcase name="detectXssWrapper1" time="0.930" classname="com.h3xstream.findsecbugs.xss.XSSRequestWrapperDetectorTest"/>
  <testcase name="avoidFalsePositive" time="3.459" classname="com.h3xstream.findsecbugs.xss.XSSRequestWrapperDetectorTest"/>
  <testcase name="detectXssWrapper2" time="1.139" classname="com.h3xstream.findsecbugs.xss.XSSRequestWrapperDetectorTest"/>
</testsuite> <!-- com.h3xstream.findsecbugs.xss.XSSRequestWrapperDetectorTest -->
