<?xml version="1.0" encoding="UTF-8"?>
<!-- Generated by org.testng.reporters.JUnitReportReporter -->
<testsuite hostname="cyclone1" name="com.h3xstream.findsecbugs.injection.command.CommandInjectionDetectorTest" tests="1" failures="0" timestamp="5 Jun 2018 22:04:41 GMT" time="0.904" errors="0">
  <testcase name="detectCommandInjection" time="0.904" classname="com.h3xstream.findsecbugs.injection.command.CommandInjectionDetectorTest"/>
</testsuite> <!-- com.h3xstream.findsecbugs.injection.command.CommandInjectionDetectorTest -->
