<?xml version="1.0" encoding="UTF-8"?>
<!-- Generated by org.testng.reporters.JUnitReportReporter -->
<testsuite hostname="cyclone1" name="com.h3xstream.findsecbugs.jsp.JspIncludeDetectorTest" tests="3" failures="0" timestamp="5 Jun 2018 22:04:41 GMT" time="1.144" errors="0">
  <testcase name="jspInclude1_unsafe" time="0.356" classname="com.h3xstream.findsecbugs.jsp.JspIncludeDetectorTest"/>
  <testcase name="jspInclude3_unsafe" time="0.422" classname="com.h3xstream.findsecbugs.jsp.JspIncludeDetectorTest"/>
  <testcase name="jspInclude2_safe" time="0.366" classname="com.h3xstream.findsecbugs.jsp.JspIncludeDetectorTest"/>
</testsuite> <!-- com.h3xstream.findsecbugs.jsp.JspIncludeDetectorTest -->
