<?xml version="1.0" encoding="UTF-8"?>
<!-- Generated by org.testng.reporters.JUnitReportReporter -->
<testsuite hostname="cyclone1" name="com.h3xstream.findsecbugs.crypto.BadHexadecimalConversionDetectorTest" tests="1" failures="0" timestamp="5 Jun 2018 22:04:41 GMT" time="0.337" errors="0">
  <testcase name="detectBadHexa" time="0.337" classname="com.h3xstream.findsecbugs.crypto.BadHexadecimalConversionDetectorTest"/>
</testsuite> <!-- com.h3xstream.findsecbugs.crypto.BadHexadecimalConversionDetectorTest -->
