<?xml version="1.0" encoding="UTF-8"?>
<!-- Generated by org.testng.reporters.JUnitReportReporter -->
<testsuite hostname="cyclone1" name="com.h3xstream.findsecbugs.xml.TransformerFactoryDetectorTest" tests="3" failures="0" timestamp="5 Jun 2018 22:04:41 GMT" time="0.979" errors="0">
  <testcase name="avoidFalsePositive_TransformerFactory" time="0.331" classname="com.h3xstream.findsecbugs.xml.TransformerFactoryDetectorTest"/>
  <testcase name="detectXxe_TransformerFactory" time="0.365" classname="com.h3xstream.findsecbugs.xml.TransformerFactoryDetectorTest"/>
  <testcase name="detectVariation_SaxTransformerFactory" time="0.283" classname="com.h3xstream.findsecbugs.xml.TransformerFactoryDetectorTest"/>
</testsuite> <!-- com.h3xstream.findsecbugs.xml.TransformerFactoryDetectorTest -->
