<?xml version="1.0" encoding="UTF-8"?>
<!-- Generated by org.testng.reporters.JUnitReportReporter -->
<testsuite hostname="cyclone1" name="com.h3xstream.findsecbugs.injection.script.OgnlInjectionDetectorTest" tests="5" failures="0" timestamp="5 Jun 2018 22:04:41 GMT" time="1.662" errors="0">
  <testcase name="detectTaintedAndInjection" time="0.287" classname="com.h3xstream.findsecbugs.injection.script.OgnlInjectionDetectorTest"/>
  <testcase name="detectTextParser" time="0.406" classname="com.h3xstream.findsecbugs.injection.script.OgnlInjectionDetectorTest"/>
  <testcase name="detectValueStack" time="0.302" classname="com.h3xstream.findsecbugs.injection.script.OgnlInjectionDetectorTest"/>
  <testcase name="detectOgnlUtil" time="0.333" classname="com.h3xstream.findsecbugs.injection.script.OgnlInjectionDetectorTest"/>
  <testcase name="detectOgnlReflectionProvider" time="0.334" classname="com.h3xstream.findsecbugs.injection.script.OgnlInjectionDetectorTest"/>
</testsuite> <!-- com.h3xstream.findsecbugs.injection.script.OgnlInjectionDetectorTest -->
