<?xml version="1.0" encoding="UTF-8"?>
<!-- Generated by org.testng.reporters.JUnitReportReporter -->
<testsuite hostname="cyclone1" name="com.h3xstream.findsecbugs.jsp.XslTransformJspDetectorTest" tests="4" failures="0" timestamp="5 Jun 2018 22:04:41 GMT" time="1.759" errors="0">
  <testcase name="testXsl2" time="0.396" classname="com.h3xstream.findsecbugs.jsp.XslTransformJspDetectorTest"/>
  <testcase name="testXsl1" time="0.435" classname="com.h3xstream.findsecbugs.jsp.XslTransformJspDetectorTest"/>
  <testcase name="testXsl4" time="0.552" classname="com.h3xstream.findsecbugs.jsp.XslTransformJspDetectorTest"/>
  <testcase name="testXsl3" time="0.376" classname="com.h3xstream.findsecbugs.jsp.XslTransformJspDetectorTest"/>
</testsuite> <!-- com.h3xstream.findsecbugs.jsp.XslTransformJspDetectorTest -->
