<?xml version="1.0" encoding="UTF-8"?>
<!-- Generated by org.testng.reporters.JUnitReportReporter -->
<testsuite hostname="cyclone1" name="com.h3xstream.findsecbugs.injection.trust.TrustBoundaryViolationDetectorTest" tests="1" failures="0" timestamp="5 Jun 2018 22:04:41 GMT" time="0.293" errors="0">
  <testcase name="detectTBV" time="0.293" classname="com.h3xstream.findsecbugs.injection.trust.TrustBoundaryViolationDetectorTest"/>
</testsuite> <!-- com.h3xstream.findsecbugs.injection.trust.TrustBoundaryViolationDetectorTest -->
