<?xml version="1.0" encoding="UTF-8"?>
<!-- Generated by org.testng.reporters.JUnitReportReporter -->
<testsuite hostname="cyclone1" name="com.h3xstream.findsecbugs.csrf.SpringCsrfUnrestrictedRequestMappingDetectorTest" tests="2" failures="0" timestamp="5 Jun 2018 22:04:41 GMT" time="0.519" errors="0">
  <testcase name="avoidFalsePositiveOnSafeSpringCsrfRequestMapping" time="0.265" classname="com.h3xstream.findsecbugs.csrf.SpringCsrfUnrestrictedRequestMappingDetectorTest"/>
  <testcase name="detectSpringCsrfUnrestrictedRequestMapping" time="0.254" classname="com.h3xstream.findsecbugs.csrf.SpringCsrfUnrestrictedRequestMappingDetectorTest"/>
</testsuite> <!-- com.h3xstream.findsecbugs.csrf.SpringCsrfUnrestrictedRequestMappingDetectorTest -->
