<?xml version="1.0" encoding="UTF-8"?>
<!-- Generated by org.testng.reporters.JUnitReportReporter -->
<testsuite hostname="cyclone1" name="com.h3xstream.findsecbugs.injection.fileDisclosure.FileDisclosureDetectorTest" tests="2" failures="0" timestamp="5 Jun 2018 22:04:41 GMT" time="0.749" errors="0">
  <testcase name="detectFileDisclosureWithRequestDispatcher" time="0.350" classname="com.h3xstream.findsecbugs.injection.fileDisclosure.FileDisclosureDetectorTest"/>
  <testcase name="detectFileDisclosure" time="0.399" classname="com.h3xstream.findsecbugs.injection.fileDisclosure.FileDisclosureDetectorTest"/>
</testsuite> <!-- com.h3xstream.findsecbugs.injection.fileDisclosure.FileDisclosureDetectorTest -->
