<?xml version="1.0" encoding="UTF-8"?>
<!-- Generated by org.testng.reporters.JUnitReportReporter -->
<testsuite hostname="cyclone1" name="com.h3xstream.findsecbugs.xml.SaxParserSafePropertyTest" tests="2" failures="0" timestamp="5 Jun 2018 22:04:41 GMT" time="0.656" errors="0">
  <testcase name="detectUnsafeNoSpecialSettings" time="0.328" classname="com.h3xstream.findsecbugs.xml.SaxParserSafePropertyTest"/>
  <testcase name="avoidFalsePositiveOnSafeCases" time="0.328" classname="com.h3xstream.findsecbugs.xml.SaxParserSafePropertyTest"/>
</testsuite> <!-- com.h3xstream.findsecbugs.xml.SaxParserSafePropertyTest -->
