<?xml version="1.0" encoding="UTF-8"?>
<!-- Generated by org.testng.reporters.JUnitReportReporter -->
<testsuite hostname="cyclone1" name="com.h3xstream.findsecbugs.scala.SSRFDetectorTest" tests="2" failures="0" timestamp="5 Jun 2018 22:04:41 GMT" time="2.817" errors="0">
  <testcase name="detectURLConnectionSSRF" time="0.373" classname="com.h3xstream.findsecbugs.scala.SSRFDetectorTest"/>
  <testcase name="detectSSRFInController" time="2.444" classname="com.h3xstream.findsecbugs.scala.SSRFDetectorTest"/>
</testsuite> <!-- com.h3xstream.findsecbugs.scala.SSRFDetectorTest -->
