<?xml version="1.0" encoding="UTF-8"?>
<!-- Generated by org.testng.reporters.JUnitReportReporter -->
<testsuite hostname="cyclone1" name="com.h3xstream.findsecbugs.jsp.JspSpringEvalDetectorTest" tests="4" failures="0" timestamp="5 Jun 2018 22:04:41 GMT" time="4.287" errors="0">
  <testcase name="jspSpringEval3_unsafe" time="0.608" classname="com.h3xstream.findsecbugs.jsp.JspSpringEvalDetectorTest"/>
  <testcase name="jspSpringEval4_safe" time="2.180" classname="com.h3xstream.findsecbugs.jsp.JspSpringEvalDetectorTest"/>
  <testcase name="jspSpringEval2_unsafe" time="0.773" classname="com.h3xstream.findsecbugs.jsp.JspSpringEvalDetectorTest"/>
  <testcase name="jspSpringEval1_unsafe" time="0.726" classname="com.h3xstream.findsecbugs.jsp.JspSpringEvalDetectorTest"/>
</testsuite> <!-- com.h3xstream.findsecbugs.jsp.JspSpringEvalDetectorTest -->
