<?xml version="1.0" encoding="UTF-8"?>
<!-- Generated by org.testng.reporters.JUnitReportReporter -->
<testsuite hostname="cyclone1" name="com.h3xstream.findsecbugs.xss.JspXssDetectorTest" tests="9" failures="0" timestamp="5 Jun 2018 22:04:41 GMT" time="5.484" errors="0">
  <testcase name="detectXssRequestAttributeWithCustomConfiguration" time="0.469" classname="com.h3xstream.findsecbugs.xss.JspXssDetectorTest"/>
  <testcase name="detectXssFalsePositiveDirectCast" time="0.846" classname="com.h3xstream.findsecbugs.xss.JspXssDetectorTest"/>
  <testcase name="detectXssFalsePositiveSafeInput" time="0.767" classname="com.h3xstream.findsecbugs.xss.JspXssDetectorTest"/>
  <testcase name="detectXssMultipleTransfertLocal" time="0.477" classname="com.h3xstream.findsecbugs.xss.JspXssDetectorTest"/>
  <testcase name="detectXssTransferLocal" time="0.456" classname="com.h3xstream.findsecbugs.xss.JspXssDetectorTest"/>
  <testcase name="owaspTags" time="0.459" classname="com.h3xstream.findsecbugs.xss.JspXssDetectorTest"/>
  <testcase name="detectXssGetParameter" time="0.449" classname="com.h3xstream.findsecbugs.xss.JspXssDetectorTest"/>
  <testcase name="detectXssFalsePositiveOverwriteLocal" time="0.836" classname="com.h3xstream.findsecbugs.xss.JspXssDetectorTest"/>
  <testcase name="detectXssDirectUse" time="0.725" classname="com.h3xstream.findsecbugs.xss.JspXssDetectorTest"/>
</testsuite> <!-- com.h3xstream.findsecbugs.xss.JspXssDetectorTest -->
