<?xml version="1.0" encoding="UTF-8"?>
<!-- Generated by org.testng.reporters.JUnitReportReporter -->
<testsuite hostname="cyclone1" name="com.h3xstream.findsecbugs.xml.XmlStreamReaderDetectorTest" tests="6" failures="0" timestamp="5 Jun 2018 22:04:41 GMT" time="1.816" errors="0">
  <testcase name="avoidFPWithFilteredReader" time="0.316" classname="com.h3xstream.findsecbugs.xml.XmlStreamReaderDetectorTest"/>
  <testcase name="avoidFPWithXMLStreamReader" time="0.320" classname="com.h3xstream.findsecbugs.xml.XmlStreamReaderDetectorTest"/>
  <testcase name="avoidFPWithXMLEventReader" time="0.310" classname="com.h3xstream.findsecbugs.xml.XmlStreamReaderDetectorTest"/>
  <testcase name="detectXxeWithXMLEventReader" time="0.304" classname="com.h3xstream.findsecbugs.xml.XmlStreamReaderDetectorTest"/>
  <testcase name="detectXxeWithXMLStreamReader" time="0.302" classname="com.h3xstream.findsecbugs.xml.XmlStreamReaderDetectorTest"/>
  <testcase name="detectXxeWithFilteredReader" time="0.264" classname="com.h3xstream.findsecbugs.xml.XmlStreamReaderDetectorTest"/>
</testsuite> <!-- com.h3xstream.findsecbugs.xml.XmlStreamReaderDetectorTest -->
