<?xml version="1.0" encoding="UTF-8"?>
<!-- Generated by org.testng.reporters.JUnitReportReporter -->
<testsuite hostname="cyclone1" name="com.h3xstream.findsecbugs.password.GoogleApiKeyDetectorTest" tests="2" failures="0" timestamp="5 Jun 2018 22:04:41 GMT" time="0.802" errors="0">
  <testcase name="detectHardCodeApiKeyWithClassRename" time="0.390" classname="com.h3xstream.findsecbugs.password.GoogleApiKeyDetectorTest"/>
  <testcase name="detectHardCodeApiKey" time="0.412" classname="com.h3xstream.findsecbugs.password.GoogleApiKeyDetectorTest"/>
</testsuite> <!-- com.h3xstream.findsecbugs.password.GoogleApiKeyDetectorTest -->
