<?xml version="1.0" encoding="UTF-8"?>
<!-- Generated by org.testng.reporters.JUnitReportReporter -->
<testsuite hostname="cyclone1" name="com.h3xstream.findsecbugs.cookie.CookieFlagsDetectorTest" tests="4" failures="0" timestamp="5 Jun 2018 22:04:41 GMT" time="1.236" errors="0">
  <testcase name="avoidHttpOnlyBasicFalsePositive" time="0.314" classname="com.h3xstream.findsecbugs.cookie.CookieFlagsDetectorTest"/>
  <testcase name="avoidSecureFlagBasicFalsePositive" time="0.308" classname="com.h3xstream.findsecbugs.cookie.CookieFlagsDetectorTest"/>
  <testcase name="detectHttpOnlyCookieBasic" time="0.308" classname="com.h3xstream.findsecbugs.cookie.CookieFlagsDetectorTest"/>
  <testcase name="detectSecureFlagCookieBasic" time="0.306" classname="com.h3xstream.findsecbugs.cookie.CookieFlagsDetectorTest"/>
</testsuite> <!-- com.h3xstream.findsecbugs.cookie.CookieFlagsDetectorTest -->
