<?xml version="1.0" encoding="UTF-8"?>
<!-- Generated by org.testng.reporters.JUnitReportReporter -->
<testsuite hostname="cyclone1" name="com.h3xstream.findsecbugs.xss.XssServletDetectorTest" tests="8" failures="0" timestamp="5 Jun 2018 22:04:41 GMT" time="3.056" errors="0">
  <testcase name="detectXssServlet7" time="0.361" classname="com.h3xstream.findsecbugs.xss.XssServletDetectorTest"/>
  <testcase name="detectXssServlet_separateMethodBasic" time="0.320" classname="com.h3xstream.findsecbugs.xss.XssServletDetectorTest"/>
  <testcase name="detectXssServlet_safeEncoders" time="0.383" classname="com.h3xstream.findsecbugs.xss.XssServletDetectorTest"/>
  <testcase name="detectXssServlet6" time="0.314" classname="com.h3xstream.findsecbugs.xss.XssServletDetectorTest"/>
  <testcase name="detectXssServlet_basicTaintAnalysis" time="0.315" classname="com.h3xstream.findsecbugs.xss.XssServletDetectorTest"/>
  <testcase name="detectXssServlet6_hideByDefault" time="0.313" classname="com.h3xstream.findsecbugs.xss.XssServletDetectorTest"/>
  <testcase name="detectXssServlet_variousMethodSignatures" time="0.646" classname="com.h3xstream.findsecbugs.xss.XssServletDetectorTest"/>
  <testcase name="detectXssServlet1" time="0.404" classname="com.h3xstream.findsecbugs.xss.XssServletDetectorTest"/>
</testsuite> <!-- com.h3xstream.findsecbugs.xss.XssServletDetectorTest -->
