<?xml version="1.0" encoding="UTF-8"?>
<!-- Generated by org.testng.reporters.JUnitReportReporter -->
<testsuite hostname="cyclone1" name="com.h3xstream.findsecbugs.scala.ScalaXssDetectorTest" tests="1" failures="0" timestamp="5 Jun 2018 22:04:41 GMT" time="1.295" errors="0">
  <testcase name="detectXssInController" time="1.295" classname="com.h3xstream.findsecbugs.scala.ScalaXssDetectorTest"/>
</testsuite> <!-- com.h3xstream.findsecbugs.scala.ScalaXssDetectorTest -->
