<?xml version="1.0" encoding="UTF-8"?>
<!-- Generated by org.testng.reporters.JUnitReportReporter -->
<testsuite hostname="cyclone1" name="com.h3xstream.findsecbugs.serial.DeserializationGadgetDetectorTest" tests="3" failures="0" timestamp="5 Jun 2018 22:04:41 GMT" time="1.211" errors="0">
  <testcase name="detectCommonsCollectionGadget" time="0.473" classname="com.h3xstream.findsecbugs.serial.DeserializationGadgetDetectorTest"/>
  <testcase name="detectGroovyGadget" time="0.360" classname="com.h3xstream.findsecbugs.serial.DeserializationGadgetDetectorTest"/>
  <testcase name="detectSpringGadget" time="0.378" classname="com.h3xstream.findsecbugs.serial.DeserializationGadgetDetectorTest"/>
</testsuite> <!-- com.h3xstream.findsecbugs.serial.DeserializationGadgetDetectorTest -->
