<?xml version="1.0" encoding="UTF-8"?>
<!-- Generated by org.testng.reporters.JUnitReportReporter -->
<testsuite hostname="cyclone1" name="com.h3xstream.findsecbugs.serial.ObjectDeserializationDetectorTest" tests="3" failures="0" timestamp="5 Jun 2018 22:04:41 GMT" time="1.333" errors="0">
  <testcase name="detectObjectDeserialization" time="0.374" classname="com.h3xstream.findsecbugs.serial.ObjectDeserializationDetectorTest"/>
  <testcase name="avoidReadObjectFalsePositive" time="0.456" classname="com.h3xstream.findsecbugs.serial.ObjectDeserializationDetectorTest"/>
  <testcase name="detectObjectDeserializationClassLoaderObjectInputStream" time="0.503" classname="com.h3xstream.findsecbugs.serial.ObjectDeserializationDetectorTest"/>
</testsuite> <!-- com.h3xstream.findsecbugs.serial.ObjectDeserializationDetectorTest -->
