<?xml version="1.0" encoding="UTF-8"?>
<!-- Generated by org.testng.reporters.JUnitReportReporter -->
<testsuite hostname="cyclone1" name="com.h3xstream.findsecbugs.injection.sql.AndroidInjectionSourceTest" tests="3" failures="0" timestamp="5 Jun 2018 22:04:41 GMT" time="1.427" errors="0">
  <testcase name="detectAndroidInjection" time="0.474" classname="com.h3xstream.findsecbugs.injection.sql.AndroidInjectionSourceTest"/>
  <testcase name="detectAndroidCustomContentProvider" time="0.545" classname="com.h3xstream.findsecbugs.injection.sql.AndroidInjectionSourceTest"/>
  <testcase name="detectAndroidContentProviderInjection" time="0.408" classname="com.h3xstream.findsecbugs.injection.sql.AndroidInjectionSourceTest"/>
</testsuite> <!-- com.h3xstream.findsecbugs.injection.sql.AndroidInjectionSourceTest -->
