<?xml version="1.0" encoding="UTF-8"?>
<!-- Generated by org.testng.reporters.JUnitReportReporter -->
<testsuite hostname="cyclone1" name="com.h3xstream.findsecbugs.endpoint.WicketEndpointDetectorTest" tests="1" failures="0" timestamp="5 Jun 2018 22:04:41 GMT" time="0.268" errors="0">
  <testcase name="detectWicketEndpoint" time="0.268" classname="com.h3xstream.findsecbugs.endpoint.WicketEndpointDetectorTest"/>
</testsuite> <!-- com.h3xstream.findsecbugs.endpoint.WicketEndpointDetectorTest -->
