<?xml version="1.0" encoding="UTF-8"?>
<!-- Generated by org.testng.reporters.JUnitReportReporter -->
<testsuite hostname="cyclone1" name="com.h3xstream.findsecbugs.xml.XxeDetectorTest" tests="4" failures="0" timestamp="5 Jun 2018 22:04:41 GMT" time="1.227" errors="0">
  <testcase name="detectXxeFromDocumentBuilder" time="0.283" classname="com.h3xstream.findsecbugs.xml.XxeDetectorTest"/>
  <testcase name="safeWithUseOfEntityResolver" time="0.307" classname="com.h3xstream.findsecbugs.xml.XxeDetectorTest"/>
  <testcase name="safeWithUseOfPrivilegeExceptionAction" time="0.339" classname="com.h3xstream.findsecbugs.xml.XxeDetectorTest"/>
  <testcase name="detectXxe" time="0.298" classname="com.h3xstream.findsecbugs.xml.XxeDetectorTest"/>
</testsuite> <!-- com.h3xstream.findsecbugs.xml.XxeDetectorTest -->
