<?xml version="1.0" encoding="UTF-8"?>
<!-- Generated by org.testng.reporters.JUnitReportReporter -->
<testsuite hostname="cyclone1" name="com.h3xstream.findsecbugs.injection.sql.JdbcInjectionSourceTest" tests="7" failures="0" timestamp="5 Jun 2018 22:04:41 GMT" time="2.548" errors="0">
  <testcase name="detectExecutePrepareCall" time="0.368" classname="com.h3xstream.findsecbugs.injection.sql.JdbcInjectionSourceTest"/>
  <testcase name="detectBasicJdbcInjection" time="0.373" classname="com.h3xstream.findsecbugs.injection.sql.JdbcInjectionSourceTest"/>
  <testcase name="detectExecuteExecuteLargeUpdate" time="0.370" classname="com.h3xstream.findsecbugs.injection.sql.JdbcInjectionSourceTest"/>
  <testcase name="detectExecuteUpdate" time="0.359" classname="com.h3xstream.findsecbugs.injection.sql.JdbcInjectionSourceTest"/>
  <testcase name="detectPrepareStatement" time="0.356" classname="com.h3xstream.findsecbugs.injection.sql.JdbcInjectionSourceTest"/>
  <testcase name="detectExecuteQuery" time="0.350" classname="com.h3xstream.findsecbugs.injection.sql.JdbcInjectionSourceTest"/>
  <testcase name="detectNativeSqlAndOther" time="0.372" classname="com.h3xstream.findsecbugs.injection.sql.JdbcInjectionSourceTest"/>
</testsuite> <!-- com.h3xstream.findsecbugs.injection.sql.JdbcInjectionSourceTest -->
