<?xml version="1.0" encoding="UTF-8"?>
<!-- Generated by org.testng.reporters.JUnitReportReporter -->
<testsuite hostname="cyclone1" name="com.h3xstream.findsecbugs.crypto.StaticIvDetectorTest" tests="5" failures="0" timestamp="5 Jun 2018 22:04:41 GMT" time="1.768" errors="0">
  <testcase name="avoidFalsePositiveSecRandom" time="0.356" classname="com.h3xstream.findsecbugs.crypto.StaticIvDetectorTest"/>
  <testcase name="avoidFalsePositiveDecrypt" time="0.326" classname="com.h3xstream.findsecbugs.crypto.StaticIvDetectorTest"/>
  <testcase name="avoidFalsePositiveGenerateWithKeyGenerator" time="0.329" classname="com.h3xstream.findsecbugs.crypto.StaticIvDetectorTest"/>
  <testcase name="detectStaticIv" time="0.403" classname="com.h3xstream.findsecbugs.crypto.StaticIvDetectorTest"/>
  <testcase name="detectConstantIv" time="0.354" classname="com.h3xstream.findsecbugs.crypto.StaticIvDetectorTest"/>
</testsuite> <!-- com.h3xstream.findsecbugs.crypto.StaticIvDetectorTest -->
