<?xml version="1.0" encoding="UTF-8"?>
<!-- Generated by org.testng.reporters.JUnitReportReporter -->
<testsuite hostname="cyclone1" name="com.h3xstream.findsecbugs.xml.StdXmlTransformDetectorTest" tests="5" failures="0" timestamp="5 Jun 2018 22:04:41 GMT" time="1.844" errors="0">
  <testcase name="xslt1SafeStaticResource" time="0.360" classname="com.h3xstream.findsecbugs.xml.StdXmlTransformDetectorTest"/>
  <testcase name="xslt2UnsafeResource" time="0.367" classname="com.h3xstream.findsecbugs.xml.StdXmlTransformDetectorTest"/>
  <testcase name="xslt3UnsafeResource" time="0.367" classname="com.h3xstream.findsecbugs.xml.StdXmlTransformDetectorTest"/>
  <testcase name="xslt4UnsafeResource" time="0.378" classname="com.h3xstream.findsecbugs.xml.StdXmlTransformDetectorTest"/>
  <testcase name="xslt5SafeResource" time="0.372" classname="com.h3xstream.findsecbugs.xml.StdXmlTransformDetectorTest"/>
</testsuite> <!-- com.h3xstream.findsecbugs.xml.StdXmlTransformDetectorTest -->
