<?xml version="1.0" encoding="UTF-8"?>
<!-- Generated by org.testng.reporters.JUnitReportReporter -->
<testsuite hostname="cyclone1" name="com.h3xstream.findsecbugs.crypto.WeakMessageDigestDetectorTest" tests="3" failures="0" timestamp="5 Jun 2018 22:04:41 GMT" time="1.057" errors="0">
  <testcase name="detectWeakDigestApache" time="0.372" classname="com.h3xstream.findsecbugs.crypto.WeakMessageDigestDetectorTest"/>
  <testcase name="detectWeakDigestAdditionalSignatures" time="0.326" classname="com.h3xstream.findsecbugs.crypto.WeakMessageDigestDetectorTest"/>
  <testcase name="detectWeakDigest" time="0.359" classname="com.h3xstream.findsecbugs.crypto.WeakMessageDigestDetectorTest"/>
</testsuite> <!-- com.h3xstream.findsecbugs.crypto.WeakMessageDigestDetectorTest -->
