<?xml version="1.0" encoding="UTF-8"?>
<!-- Generated by org.testng.reporters.JUnitReportReporter -->
<testsuite hostname="cyclone1" name="com.h3xstream.findsecbugs.template.FreemarkerDetectorTest" tests="2" failures="0" timestamp="5 Jun 2018 22:04:41 GMT" time="0.678" errors="0">
  <testcase name="basicUsagesTesting" time="0.330" classname="com.h3xstream.findsecbugs.template.FreemarkerDetectorTest"/>
  <testcase name="allSignatures" time="0.348" classname="com.h3xstream.findsecbugs.template.FreemarkerDetectorTest"/>
</testsuite> <!-- com.h3xstream.findsecbugs.template.FreemarkerDetectorTest -->
