<?xml version="1.0" encoding="UTF-8"?>
<!-- Generated by org.testng.reporters.JUnitReportReporter -->
<testsuite hostname="cyclone1" name="com.h3xstream.findsecbugs.injection.ldap.JndiLdapInjectionSourceAdditionalSignaturesTest" tests="3" failures="0" timestamp="5 Jun 2018 22:04:41 GMT" time="1.324" errors="0">
  <testcase name="detectLdapInjectionEdgeCase" time="0.307" classname="com.h3xstream.findsecbugs.injection.ldap.JndiLdapInjectionSourceAdditionalSignaturesTest"/>
  <testcase name="detectLdapInjectionInQuery" time="0.521" classname="com.h3xstream.findsecbugs.injection.ldap.JndiLdapInjectionSourceAdditionalSignaturesTest"/>
  <testcase name="detectLdapInjectionInQuerySunApi" time="0.496" classname="com.h3xstream.findsecbugs.injection.ldap.JndiLdapInjectionSourceAdditionalSignaturesTest"/>
</testsuite> <!-- com.h3xstream.findsecbugs.injection.ldap.JndiLdapInjectionSourceAdditionalSignaturesTest -->
