<?xml version="1.0" encoding="UTF-8"?>
<!-- Generated by org.testng.reporters.JUnitReportReporter -->
<testsuite hostname="cyclone1" name="com.h3xstream.findsecbugs.crypto.DesUsageDetectorTest" tests="2" failures="0" timestamp="5 Jun 2018 22:04:41 GMT" time="0.628" errors="0">
  <testcase name="detectDesCipher" time="0.325" classname="com.h3xstream.findsecbugs.crypto.DesUsageDetectorTest"/>
  <testcase name="detectDesKeyGeneration" time="0.303" classname="com.h3xstream.findsecbugs.crypto.DesUsageDetectorTest"/>
</testsuite> <!-- com.h3xstream.findsecbugs.crypto.DesUsageDetectorTest -->
