<?xml version="1.0" encoding="UTF-8"?>
<!-- Generated by org.testng.reporters.JUnitReportReporter -->
<testsuite hostname="cyclone1" name="com.h3xstream.findsecbugs.injection.stringbuilder.InjectionWithStringBuilderTest" tests="2" failures="0" timestamp="5 Jun 2018 22:04:41 GMT" time="0.674" errors="0">
  <testcase name="detectSuspiciousCase" time="0.349" classname="com.h3xstream.findsecbugs.injection.stringbuilder.InjectionWithStringBuilderTest"/>
  <testcase name="avoidFalsePositive" time="0.325" classname="com.h3xstream.findsecbugs.injection.stringbuilder.InjectionWithStringBuilderTest"/>
</testsuite> <!-- com.h3xstream.findsecbugs.injection.stringbuilder.InjectionWithStringBuilderTest -->
