<?xml version="1.0" encoding="UTF-8"?>
<!-- Generated by org.testng.reporters.JUnitReportReporter -->
<testsuite hostname="cyclone1" name="com.h3xstream.findsecbugs.bugs.UnknownSourcesStringBuilderTest" tests="2" failures="0" timestamp="5 Jun 2018 22:04:41 GMT" time="0.838" errors="0">
  <testcase name="detectUnknownSourceReadLine" time="0.389" classname="com.h3xstream.findsecbugs.bugs.UnknownSourcesStringBuilderTest"/>
  <testcase name="detectUnknownSourceField" time="0.449" classname="com.h3xstream.findsecbugs.bugs.UnknownSourcesStringBuilderTest"/>
</testsuite> <!-- com.h3xstream.findsecbugs.bugs.UnknownSourcesStringBuilderTest -->
