<?xml version="1.0" encoding="UTF-8"?>
<!-- Generated by org.testng.reporters.JUnitReportReporter -->
<testsuite hostname="cyclone1" name="com.h3xstream.findsecbugs.jsp.JstlOutDetectorTest" tests="4" failures="0" timestamp="5 Jun 2018 22:04:41 GMT" time="1.590" errors="0">
  <testcase name="jspEscape4_unknown" time="0.392" classname="com.h3xstream.findsecbugs.jsp.JstlOutDetectorTest"/>
  <testcase name="jspEscape2_unsafe" time="0.383" classname="com.h3xstream.findsecbugs.jsp.JstlOutDetectorTest"/>
  <testcase name="jspEscape1_safe" time="0.424" classname="com.h3xstream.findsecbugs.jsp.JstlOutDetectorTest"/>
  <testcase name="jspEscape3_safe" time="0.391" classname="com.h3xstream.findsecbugs.jsp.JstlOutDetectorTest"/>
</testsuite> <!-- com.h3xstream.findsecbugs.jsp.JstlOutDetectorTest -->
