<?xml version="1.0" encoding="UTF-8"?>
<!-- Generated by org.testng.reporters.JUnitReportReporter -->
<testsuite hostname="cyclone1" name="com.h3xstream.findsecbugs.StrutsValidatorFormDetectorTest" tests="3" failures="0" timestamp="5 Jun 2018 22:04:41 GMT" time="0.839" errors="0">
  <testcase name="strutsFormWithoutValidation1" time="0.266" classname="com.h3xstream.findsecbugs.StrutsValidatorFormDetectorTest"/>
  <testcase name="strutsFormWithValidation" time="0.306" classname="com.h3xstream.findsecbugs.StrutsValidatorFormDetectorTest"/>
  <testcase name="strutsFormWithoutValidation2" time="0.267" classname="com.h3xstream.findsecbugs.StrutsValidatorFormDetectorTest"/>
</testsuite> <!-- com.h3xstream.findsecbugs.StrutsValidatorFormDetectorTest -->
