<?xml version="1.0" encoding="UTF-8"?>
<!-- Generated by org.testng.reporters.JUnitReportReporter -->
<testsuite hostname="cyclone1" name="com.h3xstream.findsecbugs.android.WebViewJavascriptInterfaceDetectorTest" tests="1" failures="0" timestamp="5 Jun 2018 22:04:41 GMT" time="0.496" errors="0">
  <testcase name="detectWebViewJavascriptInterface" time="0.496" classname="com.h3xstream.findsecbugs.android.WebViewJavascriptInterfaceDetectorTest"/>
</testsuite> <!-- com.h3xstream.findsecbugs.android.WebViewJavascriptInterfaceDetectorTest -->
