<?xml version="1.0" encoding="UTF-8"?>
<!-- Generated by org.testng.reporters.JUnitReportReporter -->
<testsuite hostname="cyclone1" name="com.h3xstream.findsecbugs.android.BroadcastDetectorTest" tests="1" failures="0" timestamp="5 Jun 2018 22:04:41 GMT" time="0.329" errors="0">
  <testcase name="detectSendBroadcast" time="0.329" classname="com.h3xstream.findsecbugs.android.BroadcastDetectorTest"/>
</testsuite> <!-- com.h3xstream.findsecbugs.android.BroadcastDetectorTest -->
