<?xml version="1.0" encoding="UTF-8"?>
<!-- Generated by org.testng.reporters.JUnitReportReporter -->
<testsuite hostname="cyclone1" name="com.h3xstream.findsecbugs.serial.UnsafeJacksonDeserializationDetectorTest" tests="2" failures="0" timestamp="5 Jun 2018 22:04:41 GMT" time="0.588" errors="0">
  <testcase name="avoidJacksonFalsePositive" time="0.285" classname="com.h3xstream.findsecbugs.serial.UnsafeJacksonDeserializationDetectorTest"/>
  <testcase name="testJacksonDeserialization" time="0.303" classname="com.h3xstream.findsecbugs.serial.UnsafeJacksonDeserializationDetectorTest"/>
</testsuite> <!-- com.h3xstream.findsecbugs.serial.UnsafeJacksonDeserializationDetectorTest -->
