<?xml version="1.0" encoding="UTF-8"?>
<!-- Generated by org.testng.reporters.JUnitReportReporter -->
<testsuite hostname="cyclone1" name="com.h3xstream.findsecbugs.crypto.WeakTrustManagerDetectorTest" tests="3" failures="0" timestamp="5 Jun 2018 22:04:41 GMT" time="1.098" errors="0">
  <testcase name="detectWeakTrustManagerSslDisabler" time="0.362" classname="com.h3xstream.findsecbugs.crypto.WeakTrustManagerDetectorTest"/>
  <testcase name="detectWeakHostnameVerifier" time="0.263" classname="com.h3xstream.findsecbugs.crypto.WeakTrustManagerDetectorTest"/>
  <testcase name="detectWeakTrustManager" time="0.473" classname="com.h3xstream.findsecbugs.crypto.WeakTrustManagerDetectorTest"/>
</testsuite> <!-- com.h3xstream.findsecbugs.crypto.WeakTrustManagerDetectorTest -->
