<?xml version="1.0" encoding="UTF-8"?>
<!-- Generated by org.testng.reporters.JUnitReportReporter -->
<testsuite hostname="cyclone1" name="com.h3xstream.findsecbugs.xml.XmlReaderDetectorTest" tests="2" failures="0" timestamp="5 Jun 2018 22:04:41 GMT" time="0.596" errors="0">
  <testcase name="detectXxe" time="0.300" classname="com.h3xstream.findsecbugs.xml.XmlReaderDetectorTest"/>
  <testcase name="avoidFalsePositive" time="0.296" classname="com.h3xstream.findsecbugs.xml.XmlReaderDetectorTest"/>
</testsuite> <!-- com.h3xstream.findsecbugs.xml.XmlReaderDetectorTest -->
