<?xml version="1.0" encoding="UTF-8"?>
<!-- Generated by org.testng.reporters.JUnitReportReporter -->
<testsuite hostname="cyclone1" name="com.h3xstream.findsecbugs.injection.sql.SpringJdbcOperationsAndTemplateTest" tests="10" failures="0" timestamp="5 Jun 2018 22:04:41 GMT" time="7.231" errors="0">
  <testcase name="detectQueryForObject" time="0.735" classname="com.h3xstream.findsecbugs.injection.sql.SpringJdbcOperationsAndTemplateTest"/>
  <testcase name="detectQueryLong" time="0.555" classname="com.h3xstream.findsecbugs.injection.sql.SpringJdbcOperationsAndTemplateTest"/>
  <testcase name="detectQueryForList" time="0.604" classname="com.h3xstream.findsecbugs.injection.sql.SpringJdbcOperationsAndTemplateTest"/>
  <testcase name="detectBasicSpringJdbcInjection" time="0.646" classname="com.h3xstream.findsecbugs.injection.sql.SpringJdbcOperationsAndTemplateTest"/>
  <testcase name="detectQueryForMap" time="0.617" classname="com.h3xstream.findsecbugs.injection.sql.SpringJdbcOperationsAndTemplateTest"/>
  <testcase name="detectQueryInt" time="1.303" classname="com.h3xstream.findsecbugs.injection.sql.SpringJdbcOperationsAndTemplateTest"/>
  <testcase name="detectExecute" time="0.859" classname="com.h3xstream.findsecbugs.injection.sql.SpringJdbcOperationsAndTemplateTest"/>
  <testcase name="detectQueryForRowSet" time="0.648" classname="com.h3xstream.findsecbugs.injection.sql.SpringJdbcOperationsAndTemplateTest"/>
  <testcase name="detectBatchUpdate" time="0.655" classname="com.h3xstream.findsecbugs.injection.sql.SpringJdbcOperationsAndTemplateTest"/>
  <testcase name="detectQuery" time="0.609" classname="com.h3xstream.findsecbugs.injection.sql.SpringJdbcOperationsAndTemplateTest"/>
</testsuite> <!-- com.h3xstream.findsecbugs.injection.sql.SpringJdbcOperationsAndTemplateTest -->
