<?xml version="1.0" encoding="UTF-8"?>
<!-- Generated by org.testng.reporters.JUnitReportReporter -->
<testsuite hostname="cyclone1" name="com.h3xstream.findsecbugs.template.VelocityDetectorTest" tests="3" failures="0" timestamp="5 Jun 2018 22:04:41 GMT" time="0.940" errors="0">
  <testcase name="allSignatures" time="0.312" classname="com.h3xstream.findsecbugs.template.VelocityDetectorTest"/>
  <testcase name="basicUsagesTesting" time="0.310" classname="com.h3xstream.findsecbugs.template.VelocityDetectorTest"/>
  <testcase name="avoidBasicFalsePositive" time="0.318" classname="com.h3xstream.findsecbugs.template.VelocityDetectorTest"/>
</testsuite> <!-- com.h3xstream.findsecbugs.template.VelocityDetectorTest -->
