<?xml version="1.0" encoding="UTF-8"?>
<!-- Generated by org.testng.reporters.JUnitReportReporter -->
<testsuite hostname="cyclone1" name="org.molgenis.searchall.controller.SearchAllServiceTest" tests="1" failures="0" timestamp="1 Jun 2018 11:43:38 GMT" time="0.276" errors="0">
  <testcase name="testFindAll" time="0.276" classname="org.molgenis.searchall.controller.SearchAllServiceTest"/>
</testsuite> <!-- org.molgenis.searchall.controller.SearchAllServiceTest -->
