<?xml version="1.0" encoding="UTF-8"?>
<!-- Generated by org.testng.reporters.JUnitReportReporter -->
<testsuite hostname="cyclone1" name="org.molgenis.semanticmapper.repository.impl.MappingTargetRepositoryImplTest" tests="3" failures="0" timestamp="1 Jun 2018 11:48:30 GMT" time="0.009" errors="0">
  <testcase name="testUpdate" time="0.001" classname="org.molgenis.semanticmapper.repository.impl.MappingTargetRepositoryImplTest"/>
  <testcase name="testToMappingTargets" time="0.005" classname="org.molgenis.semanticmapper.repository.impl.MappingTargetRepositoryImplTest"/>
  <testcase name="testInsert" time="0.003" classname="org.molgenis.semanticmapper.repository.impl.MappingTargetRepositoryImplTest"/>
</testsuite> <!-- org.molgenis.semanticmapper.repository.impl.MappingTargetRepositoryImplTest -->
