<?xml version="1.0" encoding="UTF-8"?>
<!-- Generated by org.testng.reporters.JUnitReportReporter -->
<testsuite hostname="cyclone1" name="org.molgenis.semanticmapper.repository.impl.AttributeMappingRepositoryImplTest" tests="5" failures="0" timestamp="1 Jun 2018 11:48:30 GMT" time="0.009" errors="0">
  <testcase name="testUpdate" time="0.002" classname="org.molgenis.semanticmapper.repository.impl.AttributeMappingRepositoryImplTest"/>
  <testcase name="testRetrieveAttributesFromAlgorithm" time="0.002" classname="org.molgenis.semanticmapper.repository.impl.AttributeMappingRepositoryImplTest"/>
  <testcase name="testRetrieveAttributesFromAlgorithmWithDotNotation" time="0.001" classname="org.molgenis.semanticmapper.repository.impl.AttributeMappingRepositoryImplTest"/>
  <testcase name="testInsert" time="0.003" classname="org.molgenis.semanticmapper.repository.impl.AttributeMappingRepositoryImplTest"/>
  <testcase name="testGetAttributeMappings" time="0.001" classname="org.molgenis.semanticmapper.repository.impl.AttributeMappingRepositoryImplTest"/>
</testsuite> <!-- org.molgenis.semanticmapper.repository.impl.AttributeMappingRepositoryImplTest -->
