<?xml version="1.0" encoding="UTF-8"?>
<!-- Generated by org.testng.reporters.JUnitReportReporter -->
<testsuite hostname="cyclone1" name="org.molgenis.semanticmapper.service.impl.AlgorithmServiceImplTest" tests="10" failures="0" timestamp="1 Jun 2018 11:48:30 GMT" time="0.601" errors="0">
  <testcase name="testApplyConvertIntArithmeticException" time="0.003" classname="org.molgenis.semanticmapper.service.impl.AlgorithmServiceImplTest"/>
  <testcase name="testApplyConvertDateNumberFormatException" time="0.049" classname="org.molgenis.semanticmapper.service.impl.AlgorithmServiceImplTest"/>
  <testcase name="testApplyConvertDoubleNumberFormatException" time="0.127" classname="org.molgenis.semanticmapper.service.impl.AlgorithmServiceImplTest"/>
  <testcase name="testAlgorithmServiceImpl" time="0.003" classname="org.molgenis.semanticmapper.service.impl.AlgorithmServiceImplTest"/>
  <testcase name="testApplyConvertLongNumberFormatException" time="0.006" classname="org.molgenis.semanticmapper.service.impl.AlgorithmServiceImplTest"/>
  <testcase name="testApplyAlgorithmWitInvalidScript" time="0.003" classname="org.molgenis.semanticmapper.service.impl.AlgorithmServiceImplTest"/>
  <testcase name="testApplyConvertDateTimeNumberFormatException" time="0.004" classname="org.molgenis.semanticmapper.service.impl.AlgorithmServiceImplTest"/>
  <testcase name="testApplyWithInvalidScript" time="0.003" classname="org.molgenis.semanticmapper.service.impl.AlgorithmServiceImplTest"/>
  <testcase name="testApplyAlgorithm" time="0.400" classname="org.molgenis.semanticmapper.service.impl.AlgorithmServiceImplTest"/>
  <testcase name="testApplyConvertIntNumberFormatException" time="0.003" classname="org.molgenis.semanticmapper.service.impl.AlgorithmServiceImplTest"/>
</testsuite> <!-- org.molgenis.semanticmapper.service.impl.AlgorithmServiceImplTest -->
