<?xml version="1.0" encoding="UTF-8"?>
<!-- Generated by org.testng.reporters.JUnitReportReporter -->
<testsuite hostname="cyclone1" name="org.molgenis.semanticmapper.algorithmgenerator.rules.impl.MissingCategoryRuleTest" tests="3" failures="0" timestamp="1 Jun 2018 11:48:30 GMT" time="0.013" errors="0">
  <testcase name="isRuleApplied" time="0.009" classname="org.molgenis.semanticmapper.algorithmgenerator.rules.impl.MissingCategoryRuleTest"/>
  <testcase name="getMatchedTermFromTheRulelabelContainsWords" time="0.002" classname="org.molgenis.semanticmapper.algorithmgenerator.rules.impl.MissingCategoryRuleTest"/>
  <testcase name="removeIllegalChars" time="0.002" classname="org.molgenis.semanticmapper.algorithmgenerator.rules.impl.MissingCategoryRuleTest"/>
</testsuite> <!-- org.molgenis.semanticmapper.algorithmgenerator.rules.impl.MissingCategoryRuleTest -->
