<?xml version="1.0" encoding="UTF-8"?>
<!-- Generated by org.testng.reporters.JUnitReportReporter -->
<testsuite hostname="cyclone1" name="org.molgenis.semanticmapper.service.impl.MappingServiceImplTest" tests="22" failures="0" timestamp="1 Jun 2018 11:48:30 GMT" time="0.548" errors="0">
  <testcase name="testApplyMappingsToRepoAdd" time="0.013" classname="org.molgenis.semanticmapper.service.impl.MappingServiceImplTest"/>
  <testcase name="testMaxProgressOneSourceMultipleBatches" time="0.008" classname="org.molgenis.semanticmapper.service.impl.MappingServiceImplTest"/>
  <testcase name="testApplyMappingsAdd" time="0.036" classname="org.molgenis.semanticmapper.service.impl.MappingServiceImplTest"/>
  <testcase name="testAddExistingTarget" time="0.006" classname="org.molgenis.semanticmapper.service.impl.MappingServiceImplTest"/>
  <testcase name="testMaxProgressOneSourceOneBatch" time="0.011" classname="org.molgenis.semanticmapper.service.impl.MappingServiceImplTest"/>
  <testcase name="testApplyMappingsToRepoUpsert" time="0.017" classname="org.molgenis.semanticmapper.service.impl.MappingServiceImplTest"/>
  <testcase name="createMetaWithNonNullParameters" time="0.069" classname="org.molgenis.semanticmapper.service.impl.MappingServiceImplTest"/>
  <testcase name="testIncompatibleMetaDataDifferentRefEntity" time="0.113" classname="org.molgenis.semanticmapper.service.impl.MappingServiceImplTest"/>
  <testcase name="testAddMappingProject" time="0.006" classname="org.molgenis.semanticmapper.service.impl.MappingServiceImplTest"/>
  <testcase name="testApplyMappingToEntity" time="0.062" classname="org.molgenis.semanticmapper.service.impl.MappingServiceImplTest"/>
  <testcase name="testCloneMappingProjectString" time="0.039" classname="org.molgenis.semanticmapper.service.impl.MappingServiceImplTest"/>
  <testcase name="testApplyMappingsUpdate" time="0.020" classname="org.molgenis.semanticmapper.service.impl.MappingServiceImplTest"/>
  <testcase name="testUpdateMappingProject" time="0.007" classname="org.molgenis.semanticmapper.service.impl.MappingServiceImplTest"/>
  <testcase name="testCloneMappingProjectStringString" time="0.008" classname="org.molgenis.semanticmapper.service.impl.MappingServiceImplTest"/>
  <testcase name="testGetCompatibleEntityTypes" time="0.009" classname="org.molgenis.semanticmapper.service.impl.MappingServiceImplTest"/>
  <testcase name="testIncompatibleMetaDataDifferentType" time="0.069" classname="org.molgenis.semanticmapper.service.impl.MappingServiceImplTest"/>
  <testcase name="createMetaWithNullParameters" time="0.008" classname="org.molgenis.semanticmapper.service.impl.MappingServiceImplTest"/>
  <testcase name="testMaxProgressMultipleSourcesSelfReferencing" time="0.010" classname="org.molgenis.semanticmapper.service.impl.MappingServiceImplTest"/>
  <testcase name="testIncompatibleMetaDataUnknownAttribute" time="0.011" classname="org.molgenis.semanticmapper.service.impl.MappingServiceImplTest"/>
  <testcase name="testMaxProgressOneSourceMultipleBatchesSelfReferencing" time="0.007" classname="org.molgenis.semanticmapper.service.impl.MappingServiceImplTest"/>
  <testcase name="testMaxProgressMultipleSources" time="0.009" classname="org.molgenis.semanticmapper.service.impl.MappingServiceImplTest"/>
  <testcase name="testGetMappingProject" time="0.010" classname="org.molgenis.semanticmapper.service.impl.MappingServiceImplTest"/>
</testsuite> <!-- org.molgenis.semanticmapper.service.impl.MappingServiceImplTest -->
