<?xml version="1.0" encoding="UTF-8"?>
<!-- Generated by org.testng.reporters.JUnitReportReporter -->
<testsuite hostname="cyclone1" name="org.molgenis.semanticmapper.algorithmgenerator.generator.NumericAlgorithmGeneratorTest" tests="3" failures="0" timestamp="1 Jun 2018 11:48:30 GMT" time="0.026" errors="0">
  <testcase name="generate" time="0.011" classname="org.molgenis.semanticmapper.algorithmgenerator.generator.NumericAlgorithmGeneratorTest"/>
  <testcase name="isSuitable" time="0.005" classname="org.molgenis.semanticmapper.algorithmgenerator.generator.NumericAlgorithmGeneratorTest"/>
  <testcase name="generateUnitConversionAlgorithm" time="0.010" classname="org.molgenis.semanticmapper.algorithmgenerator.generator.NumericAlgorithmGeneratorTest"/>
</testsuite> <!-- org.molgenis.semanticmapper.algorithmgenerator.generator.NumericAlgorithmGeneratorTest -->
