<?xml version="1.0" encoding="UTF-8"?>
<!-- Generated by org.testng.reporters.JUnitReportReporter -->
<testsuite hostname="cyclone1" name="org.molgenis.semanticmapper.mapping.model.CategoryMappingTest" tests="2" failures="0" timestamp="1 Jun 2018 11:48:30 GMT" time="0.010" errors="0">
  <testcase name="testGetAlgorithm" time="0.001" classname="org.molgenis.semanticmapper.mapping.model.CategoryMappingTest"/>
  <testcase name="testCreateFromAlgorithm" time="0.009" classname="org.molgenis.semanticmapper.mapping.model.CategoryMappingTest"/>
</testsuite> <!-- org.molgenis.semanticmapper.mapping.model.CategoryMappingTest -->
