<?xml version="1.0" encoding="UTF-8"?>
<!-- Generated by org.testng.reporters.JUnitReportReporter -->
<testsuite hostname="cyclone1" name="org.molgenis.semanticmapper.algorithmgenerator.generator.OneToManyCategoryAlgorithmGeneratorTest" tests="10" failures="0" timestamp="1 Jun 2018 11:48:30 GMT" time="0.182" errors="0">
  <testcase name="testCreateAlgorithmElseBlock" time="0.033" classname="org.molgenis.semanticmapper.algorithmgenerator.generator.OneToManyCategoryAlgorithmGeneratorTest"/>
  <testcase name="testHeterogenousGenerator" time="0.038" classname="org.molgenis.semanticmapper.algorithmgenerator.generator.OneToManyCategoryAlgorithmGeneratorTest"/>
  <testcase name="testSuitableForGeneratingWeightedMap" time="0.023" classname="org.molgenis.semanticmapper.algorithmgenerator.generator.OneToManyCategoryAlgorithmGeneratorTest"/>
  <testcase name="testGenerate" time="0.023" classname="org.molgenis.semanticmapper.algorithmgenerator.generator.OneToManyCategoryAlgorithmGeneratorTest"/>
  <testcase name="testIsSuitable" time="0.010" classname="org.molgenis.semanticmapper.algorithmgenerator.generator.OneToManyCategoryAlgorithmGeneratorTest"/>
  <testcase name="testCreateAlgorithmNullCheck" time="0.009" classname="org.molgenis.semanticmapper.algorithmgenerator.generator.OneToManyCategoryAlgorithmGeneratorTest"/>
  <testcase name="testGenerateWeightedMapForTarget" time="0.008" classname="org.molgenis.semanticmapper.algorithmgenerator.generator.OneToManyCategoryAlgorithmGeneratorTest"/>
  <testcase name="testGenerateWeightedMapForSource" time="0.012" classname="org.molgenis.semanticmapper.algorithmgenerator.generator.OneToManyCategoryAlgorithmGeneratorTest"/>
  <testcase name="testHomogenousGenerator" time="0.016" classname="org.molgenis.semanticmapper.algorithmgenerator.generator.OneToManyCategoryAlgorithmGeneratorTest"/>
  <testcase name="testGenerateWeightedMap" time="0.010" classname="org.molgenis.semanticmapper.algorithmgenerator.generator.OneToManyCategoryAlgorithmGeneratorTest"/>
</testsuite> <!-- org.molgenis.semanticmapper.algorithmgenerator.generator.OneToManyCategoryAlgorithmGeneratorTest -->
