<?xml version="1.0" encoding="UTF-8"?>
<!-- Generated by org.testng.reporters.JUnitReportReporter -->
<testsuite hostname="cyclone1" name="org.molgenis.semanticmapper.service.impl.AlgorithmTemplateServiceImplTest" tests="1" failures="0" timestamp="1 Jun 2018 11:48:30 GMT" time="0.007" errors="0">
  <testcase name="find" time="0.007" classname="org.molgenis.semanticmapper.service.impl.AlgorithmTemplateServiceImplTest"/>
</testsuite> <!-- org.molgenis.semanticmapper.service.impl.AlgorithmTemplateServiceImplTest -->
