<?xml version="1.0" encoding="UTF-8"?>
<!-- Generated by org.testng.reporters.JUnitReportReporter -->
<testsuite hostname="cyclone1" name="org.molgenis.semanticmapper.repository.impl.MappingProjectRepositoryImplTest" tests="6" failures="0" timestamp="1 Jun 2018 11:48:30 GMT" time="0.014" errors="0">
  <testcase name="testDelete" time="0.001" classname="org.molgenis.semanticmapper.repository.impl.MappingProjectRepositoryImplTest"/>
  <testcase name="testUpdateUnknown" time="0.002" classname="org.molgenis.semanticmapper.repository.impl.MappingProjectRepositoryImplTest"/>
  <testcase name="testAdd" time="0.004" classname="org.molgenis.semanticmapper.repository.impl.MappingProjectRepositoryImplTest"/>
  <testcase name="testFindAll" time="0.002" classname="org.molgenis.semanticmapper.repository.impl.MappingProjectRepositoryImplTest"/>
  <testcase name="testAddWithIdentifier" time="0.001" classname="org.molgenis.semanticmapper.repository.impl.MappingProjectRepositoryImplTest"/>
  <testcase name="testQuery" time="0.004" classname="org.molgenis.semanticmapper.repository.impl.MappingProjectRepositoryImplTest"/>
</testsuite> <!-- org.molgenis.semanticmapper.repository.impl.MappingProjectRepositoryImplTest -->
