<?xml version="1.0" encoding="UTF-8"?>
<!-- Generated by org.testng.reporters.JUnitReportReporter -->
<testsuite hostname="cyclone1" name="org.molgenis.semanticmapper.algorithmgenerator.rules.impl.PositiveCategoryRuleTest" tests="2" failures="0" timestamp="1 Jun 2018 11:48:30 GMT" time="0.092" errors="0">
  <testcase name="isRuleApplied" time="0.090" classname="org.molgenis.semanticmapper.algorithmgenerator.rules.impl.PositiveCategoryRuleTest"/>
  <testcase name="labelContainsPositiveWords" time="0.002" classname="org.molgenis.semanticmapper.algorithmgenerator.rules.impl.PositiveCategoryRuleTest"/>
</testsuite> <!-- org.molgenis.semanticmapper.algorithmgenerator.rules.impl.PositiveCategoryRuleTest -->
