<?xml version="1.0" encoding="UTF-8"?>
<!-- Generated by org.testng.reporters.JUnitReportReporter -->
<testsuite hostname="cyclone1" name="org.molgenis.semanticmapper.algorithmgenerator.generator.OneToOneCategoryAlgorithmGeneratorTest" tests="3" failures="0" timestamp="1 Jun 2018 11:48:30 GMT" time="0.428" errors="0">
  <testcase name="testIsSuitable" time="0.025" classname="org.molgenis.semanticmapper.algorithmgenerator.generator.OneToOneCategoryAlgorithmGeneratorTest"/>
  <testcase name="testGenerateRules" time="0.140" classname="org.molgenis.semanticmapper.algorithmgenerator.generator.OneToOneCategoryAlgorithmGeneratorTest"/>
  <testcase name="testGenerate" time="0.263" classname="org.molgenis.semanticmapper.algorithmgenerator.generator.OneToOneCategoryAlgorithmGeneratorTest"/>
</testsuite> <!-- org.molgenis.semanticmapper.algorithmgenerator.generator.OneToOneCategoryAlgorithmGeneratorTest -->
