<?xml version="1.0" encoding="UTF-8"?>
<!-- Generated by org.testng.reporters.JUnitReportReporter -->
<testsuite hostname="cyclone1" name="org.molgenis.semanticmapper.algorithmgenerator.rules.impl.InternalAbstractCategoryRuleTest" tests="1" failures="0" timestamp="1 Jun 2018 11:48:30 GMT" time="1.228" errors="0">
  <testcase name="testCreateNumericQualityIndicatorDoesNotThrowNPE" time="1.228" classname="org.molgenis.semanticmapper.algorithmgenerator.rules.impl.InternalAbstractCategoryRuleTest"/>
</testsuite> <!-- org.molgenis.semanticmapper.algorithmgenerator.rules.impl.InternalAbstractCategoryRuleTest -->
