<?xml version="1.0" encoding="UTF-8"?>
<!-- Generated by org.testng.reporters.JUnitReportReporter -->
<testsuite hostname="cyclone1" name="org.molgenis.semanticmapper.algorithmgenerator.service.impl.AlgorithmGeneratorServiceImplTest" tests="2" failures="0" timestamp="1 Jun 2018 11:48:30 GMT" time="0.436" errors="0">
  <testcase name="testConvertUnitsAlgorithm" time="0.004" classname="org.molgenis.semanticmapper.algorithmgenerator.service.impl.AlgorithmGeneratorServiceImplTest"/>
  <testcase name="testGenerateTemplateBasedAlgorithm" time="0.432" classname="org.molgenis.semanticmapper.algorithmgenerator.service.impl.AlgorithmGeneratorServiceImplTest"/>
</testsuite> <!-- org.molgenis.semanticmapper.algorithmgenerator.service.impl.AlgorithmGeneratorServiceImplTest -->
