<?xml version="1.0" encoding="UTF-8"?>
<!-- Generated by org.testng.reporters.JUnitReportReporter -->
<testsuite hostname="cyclone1" name="org.molgenis.semanticmapper.controller.MappingServiceControllerTest" tests="14" failures="0" timestamp="1 Jun 2018 11:48:30 GMT" time="6.018" errors="0">
  <testcase name="itShouldUpdateExistingAttributeMappingWhenSaving" time="0.072" classname="org.molgenis.semanticmapper.controller.MappingServiceControllerTest"/>
  <testcase name="itShouldCreateNewAttributeMappingWhenSavingIfNonePresent" time="0.190" classname="org.molgenis.semanticmapper.controller.MappingServiceControllerTest"/>
  <testcase name="getFirstAttributeMappingInfo_dob" time="0.081" classname="org.molgenis.semanticmapper.controller.MappingServiceControllerTest"/>
  <testcase name="testIsNewEntityReturnsFalseIfEntityExists" time="0.085" classname="org.molgenis.semanticmapper.controller.MappingServiceControllerTest"/>
  <testcase name="getFirstAttributeMappingInfo_age" time="0.226" classname="org.molgenis.semanticmapper.controller.MappingServiceControllerTest"/>
  <testcase name="testMap" time="1.019" classname="org.molgenis.semanticmapper.controller.MappingServiceControllerTest"/>
  <testcase name="testIsNewEntityReturnsTrueIfEntityIsNew" time="0.070" classname="org.molgenis.semanticmapper.controller.MappingServiceControllerTest"/>
  <testcase name="testScheduleMappingJobSystemPackage" time="0.073" classname="org.molgenis.semanticmapper.controller.MappingServiceControllerTest"/>
  <testcase name="testScheduleMappingJobUnknownPackage" time="0.085" classname="org.molgenis.semanticmapper.controller.MappingServiceControllerTest"/>
  <testcase name="testViewMappingProject" time="0.153" classname="org.molgenis.semanticmapper.controller.MappingServiceControllerTest"/>
  <testcase name="testCreateIntegratedEntity" time="0.130" classname="org.molgenis.semanticmapper.controller.MappingServiceControllerTest"/>
  <testcase name="itShouldRemoveEmptyAttributeMappingsWhenSaving" time="3.594" classname="org.molgenis.semanticmapper.controller.MappingServiceControllerTest"/>
  <testcase name="testScheduleMappingJobUnknownMappingProjectId" time="0.084" classname="org.molgenis.semanticmapper.controller.MappingServiceControllerTest"/>
  <testcase name="getFirstAttributeMappingInfo_none" time="0.156" classname="org.molgenis.semanticmapper.controller.MappingServiceControllerTest"/>
</testsuite> <!-- org.molgenis.semanticmapper.controller.MappingServiceControllerTest -->
