<?xml version="1.0" encoding="UTF-8"?>
<!-- Generated by org.testng.reporters.JUnitReportReporter -->
<testsuite hostname="cyclone1" name="org.molgenis.semanticmapper.algorithmgenerator.categorymapper.LexicalCategoryMapperTest" tests="1" failures="0" timestamp="1 Jun 2018 11:48:30 GMT" time="0.023" errors="0">
  <testcase name="findBestCategoryMatch" time="0.023" classname="org.molgenis.semanticmapper.algorithmgenerator.categorymapper.LexicalCategoryMapperTest"/>
</testsuite> <!-- org.molgenis.semanticmapper.algorithmgenerator.categorymapper.LexicalCategoryMapperTest -->
