<?xml version="1.0" encoding="UTF-8"?>
<!-- Generated by org.testng.reporters.JUnitReportReporter -->
<testsuite hostname="cyclone1" name="org.molgenis.semanticmapper.repository.impl.EntityMappingRepositoryImplTest" tests="2" failures="0" timestamp="1 Jun 2018 11:48:30 GMT" time="0.011" errors="0">
  <testcase name="testToEntityMappings" time="0.007" classname="org.molgenis.semanticmapper.repository.impl.EntityMappingRepositoryImplTest"/>
  <testcase name="testUpsert" time="0.004" classname="org.molgenis.semanticmapper.repository.impl.EntityMappingRepositoryImplTest"/>
</testsuite> <!-- org.molgenis.semanticmapper.repository.impl.EntityMappingRepositoryImplTest -->
