<?xml version="1.0" encoding="UTF-8"?>
<!-- Generated by org.testng.reporters.JUnitReportReporter -->
<testsuite hostname="cyclone1" name="org.molgenis.navigator.NavigatorControllerTest" tests="1" failures="0" timestamp="1 Jun 2018 11:55:02 GMT" time="4.878" errors="0">
  <testcase name="testInit" time="4.878" classname="org.molgenis.navigator.NavigatorControllerTest"/>
</testsuite> <!-- org.molgenis.navigator.NavigatorControllerTest -->
