<?xml version="1.0" encoding="UTF-8"?>
<!-- Generated by org.testng.reporters.JUnitReportReporter -->
<testsuite hostname="cyclone1" name="org.molgenis.data.rest.convert.SortConverterTest" tests="7" failures="0" timestamp="6 Jun 2018 08:47:36 GMT" time="0.001" errors="0">
  <testcase name="convertMultiAttrAsc" time="0.001" classname="org.molgenis.data.rest.convert.SortConverterTest"/>
  <testcase name="convertMultiAttrDefault" time="0.000" classname="org.molgenis.data.rest.convert.SortConverterTest"/>
  <testcase name="convertSingleAttrDesc" time="0.000" classname="org.molgenis.data.rest.convert.SortConverterTest"/>
  <testcase name="convertMultiAttrDesc" time="0.000" classname="org.molgenis.data.rest.convert.SortConverterTest"/>
  <testcase name="convertSingleAttrDefault" time="0.000" classname="org.molgenis.data.rest.convert.SortConverterTest"/>
  <testcase name="convertMultiAttrAscAndDesc" time="0.000" classname="org.molgenis.data.rest.convert.SortConverterTest"/>
  <testcase name="convertSingleAttrAsc" time="0.000" classname="org.molgenis.data.rest.convert.SortConverterTest"/>
</testsuite> <!-- org.molgenis.data.rest.convert.SortConverterTest -->
