<?xml version="1.0" encoding="UTF-8"?>
<!-- Generated by org.testng.reporters.JUnitReportReporter -->
<testsuite hostname="cyclone1" name="org.molgenis.data.rest.v2.RestControllerV2Test" tests="51" failures="0" timestamp="30 May 2018 12:53:26 GMT" time="5.065" errors="0">
  <testcase name="retrieveResource" time="0.185" classname="org.molgenis.data.rest.v2.RestControllerV2Test"/>
  <testcase name="testUpdateEntitiesMolgenisDataException" time="0.037" classname="org.molgenis.data.rest.v2.RestControllerV2Test"/>
  <testcase name="testDeleteEntityCollection" time="0.102" classname="org.molgenis.data.rest.v2.RestControllerV2Test"/>
  <testcase name="testUpdateEntitiesSpecificAttributeUnknownIdentifier" time="0.042" classname="org.molgenis.data.rest.v2.RestControllerV2Test"/>
  <testcase name="retrieveEntityCollectionWitNonZeroNumSize" time="0.552" classname="org.molgenis.data.rest.v2.RestControllerV2Test"/>
  <testcase name="testCopyEntity" time="0.236" classname="org.molgenis.data.rest.v2.RestControllerV2Test"/>
  <testcase name="testUpdateEntitiesSpecificAttributeReadOnlyAttribute" time="0.040" classname="org.molgenis.data.rest.v2.RestControllerV2Test"/>
  <testcase name="testUpdateEntitiesNoEntities" time="0.053" classname="org.molgenis.data.rest.v2.RestControllerV2Test"/>
  <testcase name="testUpdateEntitiesSpecificAttributeUnknownEntity" time="0.037" classname="org.molgenis.data.rest.v2.RestControllerV2Test"/>
  <testcase name="testCopyEntityNoReadPermissions" time="0.047" classname="org.molgenis.data.rest.v2.RestControllerV2Test"/>
  <testcase name="testDeleteEntityCollection" time="0.043" classname="org.molgenis.data.rest.v2.RestControllerV2Test"/>
  <testcase name="testCopyEntityUnknownEntity" time="0.051" classname="org.molgenis.data.rest.v2.RestControllerV2Test"/>
  <testcase name="retrieveResourcePartialResponseAttributes" time="0.035" classname="org.molgenis.data.rest.v2.RestControllerV2Test"/>
  <testcase name="testUpdateEntitiesSpecificAttributeMaxEntitiesExceeded" time="0.043" classname="org.molgenis.data.rest.v2.RestControllerV2Test"/>
  <testcase name="testCreateEntities" time="0.104" classname="org.molgenis.data.rest.v2.RestControllerV2Test"/>
  <testcase name="retrieveResourcePartialResponseAttribute" time="0.040" classname="org.molgenis.data.rest.v2.RestControllerV2Test"/>
  <testcase name="retrieveResourceCollectionUnknownEntityType" time="0.169" classname="org.molgenis.data.rest.v2.RestControllerV2Test"/>
  <testcase name="testCreateEntitiesUnknownEntityTypeException" time="0.039" classname="org.molgenis.data.rest.v2.RestControllerV2Test"/>
  <testcase name="testUpdateEntities" time="0.051" classname="org.molgenis.data.rest.v2.RestControllerV2Test"/>
  <testcase name="retrieveAtrributeMetaDataPost" time="0.030" classname="org.molgenis.data.rest.v2.RestControllerV2Test"/>
  <testcase name="testUpdateEntitiesUnknownEntity" time="0.068" classname="org.molgenis.data.rest.v2.RestControllerV2Test"/>
  <testcase name="testUpdateEntitiesMolgenisValidationException" time="0.048" classname="org.molgenis.data.rest.v2.RestControllerV2Test"/>
  <testcase name="testSelfRefWithAllAttrsEqualsSelfRefWithoutAttrs" time="0.071" classname="org.molgenis.data.rest.v2.RestControllerV2Test"/>
  <testcase name="testSelfRefWithNestedFetch" time="0.039" classname="org.molgenis.data.rest.v2.RestControllerV2Test"/>
  <testcase name="testDeleteEntityCollectionExceptionUnknownEntity" time="0.048" classname="org.molgenis.data.rest.v2.RestControllerV2Test"/>
  <testcase name="testDeleteEntityCollection" time="1.252" classname="org.molgenis.data.rest.v2.RestControllerV2Test"/>
  <testcase name="retrieveResourcePartialResponseSubSubAttributes" time="0.052" classname="org.molgenis.data.rest.v2.RestControllerV2Test"/>
  <testcase name="retrieveResourcePartialResponseSubAttributes" time="0.044" classname="org.molgenis.data.rest.v2.RestControllerV2Test"/>
  <testcase name="testCopyEntityNoWriteCapabilities" time="0.044" classname="org.molgenis.data.rest.v2.RestControllerV2Test"/>
  <testcase name="testCreateEntitiesMaxPlusOne" time="0.118" classname="org.molgenis.data.rest.v2.RestControllerV2Test"/>
  <testcase name="retrieveResourcePartialResponseAttributeInCompound" time="0.035" classname="org.molgenis.data.rest.v2.RestControllerV2Test"/>
  <testcase name="retrieveResourceIncludingCategories" time="0.115" classname="org.molgenis.data.rest.v2.RestControllerV2Test"/>
  <testcase name="testCreateEntitiesAttribute" time="0.116" classname="org.molgenis.data.rest.v2.RestControllerV2Test"/>
  <testcase name="testCopyEntityDuplicateEntity" time="0.054" classname="org.molgenis.data.rest.v2.RestControllerV2Test"/>
  <testcase name="testCreateEntitiesSystemException" time="0.049" classname="org.molgenis.data.rest.v2.RestControllerV2Test"/>
  <testcase name="testDeleteEntityCollectionExceptionNoEntitiesToDelete" time="0.041" classname="org.molgenis.data.rest.v2.RestControllerV2Test"/>
  <testcase name="testUpdateEntitiesMaxEntitiesExceeded" time="0.077" classname="org.molgenis.data.rest.v2.RestControllerV2Test"/>
  <testcase name="retrieveEntityCollectionWithZeroNumSize" time="0.097" classname="org.molgenis.data.rest.v2.RestControllerV2Test"/>
  <testcase name="testUpdateEntitiesMustProvideIdentifierAndValue" time="0.044" classname="org.molgenis.data.rest.v2.RestControllerV2Test"/>
  <testcase name="retrieveAtrributeMetaData" time="0.070" classname="org.molgenis.data.rest.v2.RestControllerV2Test"/>
  <testcase name="testUpdateEntitiesSpecificAttributeNoExceptions" time="0.042" classname="org.molgenis.data.rest.v2.RestControllerV2Test"/>
  <testcase name="testDeleteEntityCollection" time="0.039" classname="org.molgenis.data.rest.v2.RestControllerV2Test"/>
  <testcase name="testDeleteEntityCollection" time="0.049" classname="org.molgenis.data.rest.v2.RestControllerV2Test"/>
  <testcase name="retrieveResourcePartialResponseSubAttribute" time="0.033" classname="org.molgenis.data.rest.v2.RestControllerV2Test"/>
  <testcase name="testUpdateEntitiesSpecificAttribute" time="0.066" classname="org.molgenis.data.rest.v2.RestControllerV2Test"/>
  <testcase name="testUpdateEntitiesSpecificAttributeInvalidId" time="0.054" classname="org.molgenis.data.rest.v2.RestControllerV2Test"/>
  <testcase name="testCreateEntitiesNoneProvided" time="0.056" classname="org.molgenis.data.rest.v2.RestControllerV2Test"/>
  <testcase name="retrieveResourcePartialResponseAttributeInCompoundInCompound" time="0.042" classname="org.molgenis.data.rest.v2.RestControllerV2Test"/>
  <testcase name="testDeleteEntityCollectionExceptionInvalidRequestBody" time="0.066" classname="org.molgenis.data.rest.v2.RestControllerV2Test"/>
  <testcase name="retrieveResourceCollection" time="0.128" classname="org.molgenis.data.rest.v2.RestControllerV2Test"/>
  <testcase name="testDeleteEntityCollectionExceptionAbstractEntity" time="0.072" classname="org.molgenis.data.rest.v2.RestControllerV2Test"/>
</testsuite> <!-- org.molgenis.data.rest.v2.RestControllerV2Test -->
