<?xml version="1.0" encoding="UTF-8"?>
<!-- Generated by org.testng.reporters.JUnitReportReporter -->
<testsuite hostname="cyclone1" name="org.molgenis.data.rest.v2.EntityAggregatesResponseTest" tests="1" failures="0" timestamp="7 Jun 2018 14:49:18 GMT" time="2.328" errors="0">
  <testcase name="testAggregateResultResponseToResponseAggregateResult" time="2.328" classname="org.molgenis.data.rest.v2.EntityAggregatesResponseTest"/>
</testsuite> <!-- org.molgenis.data.rest.v2.EntityAggregatesResponseTest -->
