<?xml version="1.0" encoding="UTF-8"?>
<!-- Generated by org.testng.reporters.JUnitReportReporter -->
<testsuite hostname="cyclone1" name="org.molgenis.data.rest.EntityPagerTest" tests="2" failures="0" timestamp="7 Jun 2018 14:49:18 GMT" time="0.001" errors="0">
  <testcase name="getPrevStart" time="0.000" classname="org.molgenis.data.rest.EntityPagerTest"/>
  <testcase name="getNextStart" time="0.001" classname="org.molgenis.data.rest.EntityPagerTest"/>
</testsuite> <!-- org.molgenis.data.rest.EntityPagerTest -->
