<?xml version="1.0" encoding="UTF-8"?>
<!-- Generated by org.testng.reporters.JUnitReportReporter -->
<testsuite hostname="cyclone1" name="org.molgenis.data.rest.RestControllerTest" tests="43" failures="0" timestamp="30 May 2018 12:53:26 GMT" time="2.092" errors="0">
  <testcase name="retrieveEntityCollection" time="0.046" classname="org.molgenis.data.rest.RestControllerTest"/>
  <testcase name="retrieveEntityTypeNotWritable" time="0.043" classname="org.molgenis.data.rest.RestControllerTest"/>
  <testcase name="updateFromFormPost" time="0.030" classname="org.molgenis.data.rest.RestControllerTest"/>
  <testcase name="updateInternalRepoExistingIsNull" time="0.056" classname="org.molgenis.data.rest.RestControllerTest"/>
  <testcase name="updateAttribute" time="0.030" classname="org.molgenis.data.rest.RestControllerTest"/>
  <testcase name="create" time="0.040" classname="org.molgenis.data.rest.RestControllerTest"/>
  <testcase name="createFromFormPost" time="0.034" classname="org.molgenis.data.rest.RestControllerTest"/>
  <testcase name="deleteAllPost" time="0.029" classname="org.molgenis.data.rest.RestControllerTest"/>
  <testcase name="retrieveEntityAttributeUnknownAttribute" time="0.047" classname="org.molgenis.data.rest.RestControllerTest"/>
  <testcase name="retrieveSelectAttributes" time="0.045" classname="org.molgenis.data.rest.RestControllerTest"/>
  <testcase name="updateAttribute_unknownEntityId" time="0.049" classname="org.molgenis.data.rest.RestControllerTest"/>
  <testcase name="updateInternalRepoIdAttributeIsNull" time="0.043" classname="org.molgenis.data.rest.RestControllerTest"/>
  <testcase name="retrieveEntityAttribute" time="0.053" classname="org.molgenis.data.rest.RestControllerTest"/>
  <testcase name="updateAttribute_unknownEntity" time="0.043" classname="org.molgenis.data.rest.RestControllerTest"/>
  <testcase name="deleteDelete" time="0.028" classname="org.molgenis.data.rest.RestControllerTest"/>
  <testcase name="retrieveEntityTypeSelectAttributes" time="0.041" classname="org.molgenis.data.rest.RestControllerTest"/>
  <testcase name="updatePost" time="0.046" classname="org.molgenis.data.rest.RestControllerTest"/>
  <testcase name="deletePost" time="0.031" classname="org.molgenis.data.rest.RestControllerTest"/>
  <testcase name="retrieveEntityTypeExpandAttributes" time="0.072" classname="org.molgenis.data.rest.RestControllerTest"/>
  <testcase name="deleteAllDelete" time="0.028" classname="org.molgenis.data.rest.RestControllerTest"/>
  <testcase name="retrieveEntityCollectionCsv" time="0.074" classname="org.molgenis.data.rest.RestControllerTest"/>
  <testcase name="retrieveEntityCollectionPost" time="0.033" classname="org.molgenis.data.rest.RestControllerTest"/>
  <testcase name="retrieve" time="0.033" classname="org.molgenis.data.rest.RestControllerTest"/>
  <testcase name="retrieveEntityAttributePost" time="0.058" classname="org.molgenis.data.rest.RestControllerTest"/>
  <testcase name="loginPasswordReset" time="0.342" classname="org.molgenis.data.rest.RestControllerTest"/>
  <testcase name="molgenisPermissionDeniedException" time="0.042" classname="org.molgenis.data.rest.RestControllerTest"/>
  <testcase name="deleteMetaDelete" time="0.041" classname="org.molgenis.data.rest.RestControllerTest"/>
  <testcase name="retrieveEntityTypeWritable" time="0.029" classname="org.molgenis.data.rest.RestControllerTest"/>
  <testcase name="retrieveEntityAttributeUnknownEntity" time="0.038" classname="org.molgenis.data.rest.RestControllerTest"/>
  <testcase name="retrieveEntityType" time="0.034" classname="org.molgenis.data.rest.RestControllerTest"/>
  <testcase name="testLogoutTokenInParam" time="0.026" classname="org.molgenis.data.rest.RestControllerTest"/>
  <testcase name="update" time="0.030" classname="org.molgenis.data.rest.RestControllerTest"/>
  <testcase name="molgenisDataAccessException" time="0.041" classname="org.molgenis.data.rest.RestControllerTest"/>
  <testcase name="retrieveAttributeUnknownEntity" time="0.033" classname="org.molgenis.data.rest.RestControllerTest"/>
  <testcase name="testLogoutNoToken" time="0.031" classname="org.molgenis.data.rest.RestControllerTest"/>
  <testcase name="retrieveEntityTypePost" time="0.051" classname="org.molgenis.data.rest.RestControllerTest"/>
  <testcase name="retrieveSortedEntityCollectionCsv" time="0.042" classname="org.molgenis.data.rest.RestControllerTest"/>
  <testcase name="updateAttribute_unknownAttribute" time="0.043" classname="org.molgenis.data.rest.RestControllerTest"/>
  <testcase name="updateInternalRepoNotUpdateable" time="0.049" classname="org.molgenis.data.rest.RestControllerTest"/>
  <testcase name="testLogoutTokenInHeader" time="0.036" classname="org.molgenis.data.rest.RestControllerTest"/>
  <testcase name="deleteMetaPost" time="0.044" classname="org.molgenis.data.rest.RestControllerTest"/>
  <testcase name="handleUnknownEntityException" time="0.047" classname="org.molgenis.data.rest.RestControllerTest"/>
  <testcase name="retrieveEntityAttributeXref" time="0.061" classname="org.molgenis.data.rest.RestControllerTest"/>
</testsuite> <!-- org.molgenis.data.rest.RestControllerTest -->
