<?xml version="1.0" encoding="UTF-8"?>
<!-- Generated by org.testng.reporters.JUnitReportReporter -->
<testsuite hostname="cyclone1" name="org.molgenis.data.rest.EntityCollectionResponseTest" tests="2" failures="0" timestamp="7 Jun 2018 14:49:18 GMT" time="0.005" errors="0">
  <testcase name="getPrevHref" time="0.002" classname="org.molgenis.data.rest.EntityCollectionResponseTest"/>
  <testcase name="getNextHref" time="0.003" classname="org.molgenis.data.rest.EntityCollectionResponseTest"/>
</testsuite> <!-- org.molgenis.data.rest.EntityCollectionResponseTest -->
