<?xml version="1.0" encoding="UTF-8"?>
<!-- Generated by org.testng.reporters.JUnitReportReporter -->
<testsuite hostname="cyclone1" name="org.molgenis.data.rest.EntityCollectionResponseTest" tests="2" failures="0" timestamp="1 Jun 2018 11:36:57 GMT" time="0.005" errors="0">
  <testcase name="getNextHref" time="0.004" classname="org.molgenis.data.rest.EntityCollectionResponseTest"/>
  <testcase name="getPrevHref" time="0.001" classname="org.molgenis.data.rest.EntityCollectionResponseTest"/>
</testsuite> <!-- org.molgenis.data.rest.EntityCollectionResponseTest -->
