<?xml version="1.0" encoding="UTF-8"?>
<!-- Generated by org.testng.reporters.JUnitReportReporter -->
<testsuite hostname="cyclone1" name="org.molgenis.data.rest.v2.RestControllerV2Test" tests="51" failures="0" timestamp="6 Jun 2018 08:47:36 GMT" time="5.795" errors="0">
  <testcase name="testCreateEntitiesMaxPlusOne" time="0.091" classname="org.molgenis.data.rest.v2.RestControllerV2Test"/>
  <testcase name="testDeleteEntityCollectionExceptionNoEntitiesToDelete" time="0.044" classname="org.molgenis.data.rest.v2.RestControllerV2Test"/>
  <testcase name="testDeleteEntityCollection" time="0.036" classname="org.molgenis.data.rest.v2.RestControllerV2Test"/>
  <testcase name="retrieveResource" time="0.110" classname="org.molgenis.data.rest.v2.RestControllerV2Test"/>
  <testcase name="retrieveResourceCollection" time="0.098" classname="org.molgenis.data.rest.v2.RestControllerV2Test"/>
  <testcase name="testUpdateEntitiesSpecificAttributeMaxEntitiesExceeded" time="0.039" classname="org.molgenis.data.rest.v2.RestControllerV2Test"/>
  <testcase name="retrieveAtrributeMetaDataPost" time="1.446" classname="org.molgenis.data.rest.v2.RestControllerV2Test"/>
  <testcase name="testUpdateEntitiesSpecificAttributeReadOnlyAttribute" time="0.060" classname="org.molgenis.data.rest.v2.RestControllerV2Test"/>
  <testcase name="testUpdateEntitiesSpecificAttributeNoExceptions" time="0.086" classname="org.molgenis.data.rest.v2.RestControllerV2Test"/>
  <testcase name="testDeleteEntityCollection" time="0.045" classname="org.molgenis.data.rest.v2.RestControllerV2Test"/>
  <testcase name="testCreateEntitiesUnknownEntityTypeException" time="0.071" classname="org.molgenis.data.rest.v2.RestControllerV2Test"/>
  <testcase name="testSelfRefWithNestedFetch" time="0.059" classname="org.molgenis.data.rest.v2.RestControllerV2Test"/>
  <testcase name="testCreateEntities" time="0.070" classname="org.molgenis.data.rest.v2.RestControllerV2Test"/>
  <testcase name="testCopyEntityNoReadPermissions" time="0.069" classname="org.molgenis.data.rest.v2.RestControllerV2Test"/>
  <testcase name="testDeleteEntityCollectionExceptionUnknownEntity" time="0.039" classname="org.molgenis.data.rest.v2.RestControllerV2Test"/>
  <testcase name="testSelfRefWithAllAttrsEqualsSelfRefWithoutAttrs" time="0.052" classname="org.molgenis.data.rest.v2.RestControllerV2Test"/>
  <testcase name="retrieveResourceIncludingCategories" time="0.124" classname="org.molgenis.data.rest.v2.RestControllerV2Test"/>
  <testcase name="retrieveResourceCollectionUnknownEntityType" time="0.156" classname="org.molgenis.data.rest.v2.RestControllerV2Test"/>
  <testcase name="retrieveResourcePartialResponseAttributeInCompoundInCompound" time="0.046" classname="org.molgenis.data.rest.v2.RestControllerV2Test"/>
  <testcase name="retrieveAtrributeMetaData" time="0.052" classname="org.molgenis.data.rest.v2.RestControllerV2Test"/>
  <testcase name="testUpdateEntitiesSpecificAttributeUnknownEntity" time="0.041" classname="org.molgenis.data.rest.v2.RestControllerV2Test"/>
  <testcase name="testCopyEntityNoWriteCapabilities" time="0.050" classname="org.molgenis.data.rest.v2.RestControllerV2Test"/>
  <testcase name="retrieveEntityCollectionWitNonZeroNumSize" time="0.556" classname="org.molgenis.data.rest.v2.RestControllerV2Test"/>
  <testcase name="testDeleteEntityCollection" time="0.037" classname="org.molgenis.data.rest.v2.RestControllerV2Test"/>
  <testcase name="testUpdateEntitiesNoEntities" time="0.040" classname="org.molgenis.data.rest.v2.RestControllerV2Test"/>
  <testcase name="testUpdateEntitiesSpecificAttribute" time="0.038" classname="org.molgenis.data.rest.v2.RestControllerV2Test"/>
  <testcase name="retrieveResourcePartialResponseAttributes" time="0.059" classname="org.molgenis.data.rest.v2.RestControllerV2Test"/>
  <testcase name="retrieveResourcePartialResponseAttribute" time="0.067" classname="org.molgenis.data.rest.v2.RestControllerV2Test"/>
  <testcase name="testCreateEntitiesSystemException" time="0.055" classname="org.molgenis.data.rest.v2.RestControllerV2Test"/>
  <testcase name="testCreateEntitiesNoneProvided" time="0.042" classname="org.molgenis.data.rest.v2.RestControllerV2Test"/>
  <testcase name="retrieveResourcePartialResponseSubAttribute" time="0.034" classname="org.molgenis.data.rest.v2.RestControllerV2Test"/>
  <testcase name="testCreateEntitiesAttribute" time="0.416" classname="org.molgenis.data.rest.v2.RestControllerV2Test"/>
  <testcase name="retrieveResourcePartialResponseSubSubAttributes" time="0.037" classname="org.molgenis.data.rest.v2.RestControllerV2Test"/>
  <testcase name="testCopyEntity" time="0.625" classname="org.molgenis.data.rest.v2.RestControllerV2Test"/>
  <testcase name="testUpdateEntitiesSpecificAttributeInvalidId" time="0.037" classname="org.molgenis.data.rest.v2.RestControllerV2Test"/>
  <testcase name="testCopyEntityUnknownEntity" time="0.065" classname="org.molgenis.data.rest.v2.RestControllerV2Test"/>
  <testcase name="testDeleteEntityCollection" time="0.039" classname="org.molgenis.data.rest.v2.RestControllerV2Test"/>
  <testcase name="testCopyEntityDuplicateEntity" time="0.063" classname="org.molgenis.data.rest.v2.RestControllerV2Test"/>
  <testcase name="retrieveEntityCollectionWithZeroNumSize" time="0.099" classname="org.molgenis.data.rest.v2.RestControllerV2Test"/>
  <testcase name="retrieveResourcePartialResponseSubAttributes" time="0.037" classname="org.molgenis.data.rest.v2.RestControllerV2Test"/>
  <testcase name="testUpdateEntitiesUnknownEntity" time="0.034" classname="org.molgenis.data.rest.v2.RestControllerV2Test"/>
  <testcase name="testUpdateEntitiesMaxEntitiesExceeded" time="0.076" classname="org.molgenis.data.rest.v2.RestControllerV2Test"/>
  <testcase name="testUpdateEntities" time="0.050" classname="org.molgenis.data.rest.v2.RestControllerV2Test"/>
  <testcase name="testDeleteEntityCollection" time="0.038" classname="org.molgenis.data.rest.v2.RestControllerV2Test"/>
  <testcase name="retrieveResourcePartialResponseAttributeInCompound" time="0.036" classname="org.molgenis.data.rest.v2.RestControllerV2Test"/>
  <testcase name="testDeleteEntityCollectionExceptionAbstractEntity" time="0.053" classname="org.molgenis.data.rest.v2.RestControllerV2Test"/>
  <testcase name="testUpdateEntitiesMolgenisDataException" time="0.051" classname="org.molgenis.data.rest.v2.RestControllerV2Test"/>
  <testcase name="testUpdateEntitiesSpecificAttributeUnknownIdentifier" time="0.041" classname="org.molgenis.data.rest.v2.RestControllerV2Test"/>
  <testcase name="testUpdateEntitiesMolgenisValidationException" time="0.058" classname="org.molgenis.data.rest.v2.RestControllerV2Test"/>
  <testcase name="testDeleteEntityCollectionExceptionInvalidRequestBody" time="0.041" classname="org.molgenis.data.rest.v2.RestControllerV2Test"/>
  <testcase name="testUpdateEntitiesMustProvideIdentifierAndValue" time="0.087" classname="org.molgenis.data.rest.v2.RestControllerV2Test"/>
</testsuite> <!-- org.molgenis.data.rest.v2.RestControllerV2Test -->
