<?xml version="1.0" encoding="UTF-8"?>
<!-- Generated by org.testng.reporters.JUnitReportReporter -->
<testsuite hostname="cyclone1" name="org.molgenis.data.rest.v2.EntityAggregatesResponseTest" tests="1" failures="0" timestamp="30 May 2018 12:53:26 GMT" time="0.751" errors="0">
  <testcase name="testAggregateResultResponseToResponseAggregateResult" time="0.751" classname="org.molgenis.data.rest.v2.EntityAggregatesResponseTest"/>
</testsuite> <!-- org.molgenis.data.rest.v2.EntityAggregatesResponseTest -->
