<?xml version="1.0" encoding="UTF-8"?>
<!-- Generated by org.testng.reporters.JUnitReportReporter -->
<testsuite hostname="cyclone1" name="org.molgenis.data.rest.EntityCollectionResponseTest" tests="2" failures="0" timestamp="4 Jun 2018 11:15:40 GMT" time="0.007" errors="0">
  <testcase name="getNextHref" time="0.006" classname="org.molgenis.data.rest.EntityCollectionResponseTest"/>
  <testcase name="getPrevHref" time="0.001" classname="org.molgenis.data.rest.EntityCollectionResponseTest"/>
</testsuite> <!-- org.molgenis.data.rest.EntityCollectionResponseTest -->
