<?xml version="1.0" encoding="UTF-8"?>
<!-- Generated by org.testng.reporters.JUnitReportReporter -->
<testsuite hostname="cyclone1" name="org.molgenis.data.rest.service.RestServiceTest" tests="13" failures="0" timestamp="7 Jun 2018 14:49:18 GMT" time="0.212" errors="0">
  <testcase name="toEntityValue" time="0.000" classname="org.molgenis.data.rest.service.RestServiceTest"/>
  <testcase name="toEntityFileValueValid" time="0.173" classname="org.molgenis.data.rest.service.RestServiceTest"/>
  <testcase name="toEntityDateTimeStringValueValid" time="0.003" classname="org.molgenis.data.rest.service.RestServiceTest"/>
  <testcase name="toEntityValueMrefToStringAttr" time="0.001" classname="org.molgenis.data.rest.service.RestServiceTest"/>
  <testcase name="toEntityValueMrefToIntAttr" time="0.002" classname="org.molgenis.data.rest.service.RestServiceTest"/>
  <testcase name="toEntityValueMrefToIntAttr" time="0.002" classname="org.molgenis.data.rest.service.RestServiceTest"/>
  <testcase name="updateMappedByEntitiesEntityEntity" time="0.006" classname="org.molgenis.data.rest.service.RestServiceTest"/>
  <testcase name="toEntityValueMrefToStringAttr" time="0.001" classname="org.molgenis.data.rest.service.RestServiceTest"/>
  <testcase name="toEntityFileValueWithoutFileInRequest" time="0.001" classname="org.molgenis.data.rest.service.RestServiceTest"/>
  <testcase name="toEntityValueXref" time="0.001" classname="org.molgenis.data.rest.service.RestServiceTest"/>
  <testcase name="toEntityDateStringValueInvalid" time="0.017" classname="org.molgenis.data.rest.service.RestServiceTest"/>
  <testcase name="toEntityDateStringValueValid" time="0.002" classname="org.molgenis.data.rest.service.RestServiceTest"/>
  <testcase name="updateMappedByEntitiesEntity" time="0.003" classname="org.molgenis.data.rest.service.RestServiceTest"/>
</testsuite> <!-- org.molgenis.data.rest.service.RestServiceTest -->
