<?xml version="1.0" encoding="UTF-8"?>
<!-- Generated by org.testng.reporters.JUnitReportReporter -->
<testsuite hostname="cyclone1" name="org.molgenis.core.util.ResourceFingerprintRegistryTest" tests="1" failures="0" timestamp="1 Jun 2018 11:34:39 GMT" time="0.344" errors="0">
  <testcase name="getFingerprint" time="0.344" classname="org.molgenis.core.util.ResourceFingerprintRegistryTest"/>
</testsuite> <!-- org.molgenis.core.util.ResourceFingerprintRegistryTest -->
