<?xml version="1.0" encoding="UTF-8"?>
<!-- Generated by org.testng.reporters.JUnitReportReporter -->
<testsuite hostname="cyclone1" name="org.molgenis.core.util.SchemaLoaderTest" tests="2" failures="0" timestamp="4 Jun 2018 11:13:57 GMT" time="0.943" errors="0">
  <testcase name="getSchemaFromInputStream" time="0.003" classname="org.molgenis.core.util.SchemaLoaderTest"/>
  <testcase name="getSchema" time="0.940" classname="org.molgenis.core.util.SchemaLoaderTest"/>
</testsuite> <!-- org.molgenis.core.util.SchemaLoaderTest -->
