<?xml version="1.0" encoding="UTF-8"?>
<!-- Generated by org.testng.reporters.JUnitReportReporter -->
<testsuite hostname="cyclone1" name="org.molgenis.core.util.SchemaLoaderTest" tests="2" failures="0" timestamp="6 Jun 2018 14:18:32 GMT" time="0.602" errors="0">
  <testcase name="getSchema" time="0.600" classname="org.molgenis.core.util.SchemaLoaderTest"/>
  <testcase name="getSchemaFromInputStream" time="0.002" classname="org.molgenis.core.util.SchemaLoaderTest"/>
</testsuite> <!-- org.molgenis.core.util.SchemaLoaderTest -->
