<?xml version="1.0" encoding="UTF-8"?>
<!-- Generated by org.testng.reporters.JUnitReportReporter -->
<testsuite hostname="cyclone1" name="org.molgenis.core.util.SchemaLoaderTest" tests="2" failures="0" timestamp="1 Jun 2018 11:34:39 GMT" time="1.223" errors="0">
  <testcase name="getSchemaFromInputStream" time="0.002" classname="org.molgenis.core.util.SchemaLoaderTest"/>
  <testcase name="getSchema" time="1.221" classname="org.molgenis.core.util.SchemaLoaderTest"/>
</testsuite> <!-- org.molgenis.core.util.SchemaLoaderTest -->
