<?xml version="1.0" encoding="UTF-8"?>
<!-- Generated by org.testng.reporters.JUnitReportReporter -->
<testsuite hostname="cyclone1" name="org.molgenis.core.util.FileUploadUtilsTest" tests="4" failures="0" timestamp="6 Jun 2018 08:45:55 GMT" time="0.808" errors="0">
  <testcase name="getOriginalFileName" time="0.798" classname="org.molgenis.core.util.FileUploadUtilsTest"/>
  <testcase name="getOriginalFileNameNoFileSelected" time="0.000" classname="org.molgenis.core.util.FileUploadUtilsTest"/>
  <testcase name="saveToTempFile" time="0.009" classname="org.molgenis.core.util.FileUploadUtilsTest"/>
  <testcase name="getOriginalFileNameWithMissingHeader" time="0.001" classname="org.molgenis.core.util.FileUploadUtilsTest"/>
</testsuite> <!-- org.molgenis.core.util.FileUploadUtilsTest -->
