<?xml version="1.0" encoding="UTF-8"?>
<!-- Generated by org.testng.reporters.JUnitReportReporter -->
<testsuite hostname="cyclone1" name="org.molgenis.core.util.SchemaLoaderTest" tests="2" failures="0" timestamp="6 Jun 2018 08:45:55 GMT" time="0.317" errors="0">
  <testcase name="getSchema" time="0.316" classname="org.molgenis.core.util.SchemaLoaderTest"/>
  <testcase name="getSchemaFromInputStream" time="0.001" classname="org.molgenis.core.util.SchemaLoaderTest"/>
</testsuite> <!-- org.molgenis.core.util.SchemaLoaderTest -->
