<?xml version="1.0" encoding="UTF-8"?>
<!-- Generated by org.testng.reporters.JUnitReportReporter -->
<testsuite hostname="cyclone1" name="org.molgenis.core.util.ResourceFingerprintRegistryTest" tests="1" failures="0" timestamp="30 May 2018 12:51:22 GMT" time="0.097" errors="0">
  <testcase name="getFingerprint" time="0.097" classname="org.molgenis.core.util.ResourceFingerprintRegistryTest"/>
</testsuite> <!-- org.molgenis.core.util.ResourceFingerprintRegistryTest -->
