<?xml version="1.0" encoding="UTF-8"?>
<!-- Generated by org.testng.reporters.JUnitReportReporter -->
<testsuite hostname="cyclone1" name="org.molgenis.core.util.SchemaLoaderTest" tests="2" failures="0" timestamp="30 May 2018 12:51:22 GMT" time="1.140" errors="0">
  <testcase name="getSchemaFromInputStream" time="0.002" classname="org.molgenis.core.util.SchemaLoaderTest"/>
  <testcase name="getSchema" time="1.138" classname="org.molgenis.core.util.SchemaLoaderTest"/>
</testsuite> <!-- org.molgenis.core.util.SchemaLoaderTest -->
