<?xml version="1.0" encoding="UTF-8"?>
<!-- Generated by org.testng.reporters.JUnitReportReporter -->
<testsuite hostname="cyclone1" name="org.molgenis.datarowedit.controller.DataRowEditControllerTest" tests="1" failures="0" timestamp="1 Jun 2018 11:46:18 GMT" time="7.285" errors="0">
  <testcase name="testInit" time="7.285" classname="org.molgenis.datarowedit.controller.DataRowEditControllerTest"/>
</testsuite> <!-- org.molgenis.datarowedit.controller.DataRowEditControllerTest -->
