<?xml version="1.0" encoding="UTF-8"?>
<!-- Generated by org.testng.reporters.JUnitReportReporter -->
<testsuite hostname="cyclone1" name="org.molgenis.data.plugin.model.PluginPermissionDeniedExceptionTest" tests="1" failures="0" timestamp="1 Jun 2018 11:34:43 GMT" time="0.613" errors="0">
  <testcase name="testGetLocalizedMessage" time="0.613" classname="org.molgenis.data.plugin.model.PluginPermissionDeniedExceptionTest"/>
</testsuite> <!-- org.molgenis.data.plugin.model.PluginPermissionDeniedExceptionTest -->
