<?xml version="1.0" encoding="UTF-8"?>
<!-- Generated by org.testng.reporters.JUnitReportReporter -->
<testsuite hostname="cyclone1" name="org.molgenis.data.plugin.model.PluginPermissionDeniedExceptionTest" tests="1" failures="0" timestamp="4 Jun 2018 11:14:01 GMT" time="0.745" errors="0">
  <testcase name="testGetLocalizedMessage" time="0.745" classname="org.molgenis.data.plugin.model.PluginPermissionDeniedExceptionTest"/>
</testsuite> <!-- org.molgenis.data.plugin.model.PluginPermissionDeniedExceptionTest -->
