<?xml version="1.0" encoding="UTF-8"?>
<!-- Generated by org.testng.reporters.JUnitReportReporter -->
<testsuite hostname="cyclone1" name="org.molgenis.data.plugin.model.PluginSecurityRepositoryDecoratorTest" tests="8" failures="0" timestamp="4 Jun 2018 11:14:01 GMT" time="1.343" errors="0">
  <testcase name="testDeleteAll" time="0.007" classname="org.molgenis.data.plugin.model.PluginSecurityRepositoryDecoratorTest"/>
  <testcase name="testPluginSecurityRepositoryDecorator" time="0.002" classname="org.molgenis.data.plugin.model.PluginSecurityRepositoryDecoratorTest"/>
  <testcase name="testDeleteById" time="0.003" classname="org.molgenis.data.plugin.model.PluginSecurityRepositoryDecoratorTest"/>
  <testcase name="testDeleteStream" time="0.005" classname="org.molgenis.data.plugin.model.PluginSecurityRepositoryDecoratorTest"/>
  <testcase name="testDelete" time="0.004" classname="org.molgenis.data.plugin.model.PluginSecurityRepositoryDecoratorTest"/>
  <testcase name="testAddStream" time="1.064" classname="org.molgenis.data.plugin.model.PluginSecurityRepositoryDecoratorTest"/>
  <testcase name="testAdd" time="0.253" classname="org.molgenis.data.plugin.model.PluginSecurityRepositoryDecoratorTest"/>
  <testcase name="testDeleteAllStream" time="0.005" classname="org.molgenis.data.plugin.model.PluginSecurityRepositoryDecoratorTest"/>
</testsuite> <!-- org.molgenis.data.plugin.model.PluginSecurityRepositoryDecoratorTest -->
