<?xml version="1.0" encoding="UTF-8"?>
<!-- Generated by org.testng.reporters.JUnitReportReporter -->
<testsuite hostname="cyclone1" name="org.molgenis.data.plugin.model.PluginPermissionDeniedExceptionTest" tests="1" failures="0" timestamp="7 Jun 2018 14:47:38 GMT" time="0.669" errors="0">
  <testcase name="testGetLocalizedMessage" time="0.669" classname="org.molgenis.data.plugin.model.PluginPermissionDeniedExceptionTest"/>
</testsuite> <!-- org.molgenis.data.plugin.model.PluginPermissionDeniedExceptionTest -->
