<?xml version="1.0" encoding="UTF-8"?>
<!-- Generated by org.testng.reporters.JUnitReportReporter -->
<testsuite hostname="cyclone1" name="org.molgenis.data.plugin.model.PluginPermissionDeniedExceptionTest" tests="1" failures="0" timestamp="6 Jun 2018 21:43:26 GMT" time="0.701" errors="0">
  <testcase name="testGetLocalizedMessage" time="0.701" classname="org.molgenis.data.plugin.model.PluginPermissionDeniedExceptionTest"/>
</testsuite> <!-- org.molgenis.data.plugin.model.PluginPermissionDeniedExceptionTest -->
