<?xml version="1.0" encoding="UTF-8"?>
<!-- Generated by org.testng.reporters.JUnitReportReporter -->
<testsuite hostname="cyclone1" name="org.molgenis.jobs.model.hello.HelloWorldTest" tests="1" failures="0" timestamp="30 May 2018 12:52:21 GMT" time="1.372" errors="0">
  <testcase name="helloWorld" time="1.372" classname="org.molgenis.jobs.model.hello.HelloWorldTest"/>
</testsuite> <!-- org.molgenis.jobs.model.hello.HelloWorldTest -->
