<?xml version="1.0" encoding="UTF-8"?>
<!-- Generated by org.testng.reporters.JUnitReportReporter -->
<testsuite hostname="cyclone1" name="org.molgenis.jobs.model.JobExecutionTest" tests="3" failures="0" timestamp="4 Jun 2018 11:14:44 GMT" time="0.307" errors="0">
  <testcase name="testSetProgressMessageAbbreviates" time="0.009" classname="org.molgenis.jobs.model.JobExecutionTest"/>
  <testcase name="testAppendLog" time="0.002" classname="org.molgenis.jobs.model.JobExecutionTest"/>
  <testcase name="testAppendLogTruncates" time="0.296" classname="org.molgenis.jobs.model.JobExecutionTest"/>
</testsuite> <!-- org.molgenis.jobs.model.JobExecutionTest -->
