<?xml version="1.0" encoding="UTF-8"?>
<!-- Generated by org.testng.reporters.JUnitReportReporter -->
<testsuite hostname="cyclone1" name="org.molgenis.jobs.JobExecutorTest" tests="3" failures="0" timestamp="6 Jun 2018 08:46:40 GMT" time="0.067" errors="0">
  <testcase name="submitJobExecutionJobFactoryThrowsException" time="0.008" classname="org.molgenis.jobs.JobExecutorTest"/>
  <testcase name="submitJobExecution" time="0.009" classname="org.molgenis.jobs.JobExecutorTest"/>
  <testcase name="executeScheduledJob" time="0.050" classname="org.molgenis.jobs.JobExecutorTest"/>
</testsuite> <!-- org.molgenis.jobs.JobExecutorTest -->
