<?xml version="1.0" encoding="UTF-8"?>
<!-- Generated by org.testng.reporters.JUnitReportReporter -->
<testsuite hostname="cyclone1" name="org.molgenis.jobs.ProgressImplTest" tests="6" failures="0" timestamp="1 Jun 2018 11:35:40 GMT" time="0.025" errors="0">
  <testcase name="jobSucceedsButMailFails" time="0.003" classname="org.molgenis.jobs.ProgressImplTest"/>
  <testcase name="testMailFailed" time="0.003" classname="org.molgenis.jobs.ProgressImplTest"/>
  <testcase name="jobFailsAndMailFails" time="0.007" classname="org.molgenis.jobs.ProgressImplTest"/>
  <testcase name="jobCanceledAndMailFails" time="0.005" classname="org.molgenis.jobs.ProgressImplTest"/>
  <testcase name="testMailSuccess" time="0.004" classname="org.molgenis.jobs.ProgressImplTest"/>
  <testcase name="testLog" time="0.003" classname="org.molgenis.jobs.ProgressImplTest"/>
</testsuite> <!-- org.molgenis.jobs.ProgressImplTest -->
