<?xml version="1.0" encoding="UTF-8"?>
<!-- Generated by org.testng.reporters.JUnitReportReporter -->
<testsuite hostname="cyclone1" name="org.molgenis.jobs.JobExecutorTest" tests="3" failures="0" timestamp="1 Jun 2018 11:35:40 GMT" time="0.066" errors="0">
  <testcase name="submitJobExecutionJobFactoryThrowsException" time="0.007" classname="org.molgenis.jobs.JobExecutorTest"/>
  <testcase name="executeScheduledJob" time="0.049" classname="org.molgenis.jobs.JobExecutorTest"/>
  <testcase name="submitJobExecution" time="0.010" classname="org.molgenis.jobs.JobExecutorTest"/>
</testsuite> <!-- org.molgenis.jobs.JobExecutorTest -->
