<?xml version="1.0" encoding="UTF-8"?>
<!-- Generated by org.testng.reporters.JUnitReportReporter -->
<testsuite hostname="cyclone1" name="org.molgenis.jobs.JobTest" tests="4" failures="0" timestamp="6 Jun 2018 21:44:13 GMT" time="0.009" errors="0">
  <testcase name="testTransactionalJob" time="0.002" classname="org.molgenis.jobs.JobTest"/>
  <testcase name="testTransactionTimeout" time="0.002" classname="org.molgenis.jobs.JobTest"/>
  <testcase name="testTransactionalJobFailure" time="0.003" classname="org.molgenis.jobs.JobTest"/>
  <testcase name="testTransactionOperationsIsCalledWithCorrectAuthentication" time="0.002" classname="org.molgenis.jobs.JobTest"/>
</testsuite> <!-- org.molgenis.jobs.JobTest -->
