<?xml version="1.0" encoding="UTF-8"?>
<!-- Generated by org.testng.reporters.JUnitReportReporter -->
<testsuite hostname="cyclone1" name="org.molgenis.jobs.JobTest" tests="4" failures="0" timestamp="6 Jun 2018 08:46:40 GMT" time="0.013" errors="0">
  <testcase name="testTransactionTimeout" time="0.005" classname="org.molgenis.jobs.JobTest"/>
  <testcase name="testTransactionalJobFailure" time="0.002" classname="org.molgenis.jobs.JobTest"/>
  <testcase name="testTransactionOperationsIsCalledWithCorrectAuthentication" time="0.004" classname="org.molgenis.jobs.JobTest"/>
  <testcase name="testTransactionalJob" time="0.002" classname="org.molgenis.jobs.JobTest"/>
</testsuite> <!-- org.molgenis.jobs.JobTest -->
