<?xml version="1.0" encoding="UTF-8"?>
<!-- Generated by org.testng.reporters.JUnitReportReporter -->
<testsuite hostname="cyclone1" name="org.molgenis.jobs.model.JobExecutionTest" tests="3" failures="0" timestamp="6 Jun 2018 21:44:13 GMT" time="0.261" errors="0">
  <testcase name="testAppendLog" time="0.004" classname="org.molgenis.jobs.model.JobExecutionTest"/>
  <testcase name="testAppendLogTruncates" time="0.249" classname="org.molgenis.jobs.model.JobExecutionTest"/>
  <testcase name="testSetProgressMessageAbbreviates" time="0.008" classname="org.molgenis.jobs.model.JobExecutionTest"/>
</testsuite> <!-- org.molgenis.jobs.model.JobExecutionTest -->
