<?xml version="1.0" encoding="UTF-8"?>
<!-- Generated by org.testng.reporters.JUnitReportReporter -->
<testsuite hostname="cyclone1" name="org.molgenis.jobs.JobBootstrapperTest" tests="1" failures="0" timestamp="30 May 2018 12:52:21 GMT" time="0.731" errors="0">
  <testcase name="testBootstrap" time="0.731" classname="org.molgenis.jobs.JobBootstrapperTest"/>
</testsuite> <!-- org.molgenis.jobs.JobBootstrapperTest -->
