<?xml version="1.0" encoding="UTF-8"?>
<!-- Generated by org.testng.reporters.JUnitReportReporter -->
<testsuite hostname="cyclone1" name="org.molgenis.jobs.model.JobExecutionTest" tests="3" failures="0" timestamp="6 Jun 2018 14:19:22 GMT" time="0.381" errors="0">
  <testcase name="testAppendLog" time="0.003" classname="org.molgenis.jobs.model.JobExecutionTest"/>
  <testcase name="testAppendLogTruncates" time="0.365" classname="org.molgenis.jobs.model.JobExecutionTest"/>
  <testcase name="testSetProgressMessageAbbreviates" time="0.013" classname="org.molgenis.jobs.model.JobExecutionTest"/>
</testsuite> <!-- org.molgenis.jobs.model.JobExecutionTest -->
