<?xml version="1.0" encoding="UTF-8"?>
<!-- Generated by org.testng.reporters.JUnitReportReporter -->
<testsuite hostname="cyclone1" name="org.molgenis.jobs.JobExecutorTest" tests="3" failures="0" timestamp="6 Jun 2018 14:19:22 GMT" time="0.082" errors="0">
  <testcase name="executeScheduledJob" time="0.062" classname="org.molgenis.jobs.JobExecutorTest"/>
  <testcase name="submitJobExecutionJobFactoryThrowsException" time="0.011" classname="org.molgenis.jobs.JobExecutorTest"/>
  <testcase name="submitJobExecution" time="0.009" classname="org.molgenis.jobs.JobExecutorTest"/>
</testsuite> <!-- org.molgenis.jobs.JobExecutorTest -->
