<?xml version="1.0" encoding="UTF-8"?>
<!-- Generated by org.testng.reporters.JUnitReportReporter -->
<testsuite hostname="cyclone1" name="org.molgenis.jobs.schedule.ScheduledJobRepositoryDecoratorTest" tests="6" failures="0" timestamp="6 Jun 2018 21:44:13 GMT" time="0.283" errors="0">
  <testcase name="testSetUsernameAdd" time="0.020" classname="org.molgenis.jobs.schedule.ScheduledJobRepositoryDecoratorTest"/>
  <testcase name="testDeleteFails" time="0.175" classname="org.molgenis.jobs.schedule.ScheduledJobRepositoryDecoratorTest"/>
  <testcase name="testSetUsernameUpdate" time="0.027" classname="org.molgenis.jobs.schedule.ScheduledJobRepositoryDecoratorTest"/>
  <testcase name="testDelete" time="0.043" classname="org.molgenis.jobs.schedule.ScheduledJobRepositoryDecoratorTest"/>
  <testcase name="testQuery" time="0.012" classname="org.molgenis.jobs.schedule.ScheduledJobRepositoryDecoratorTest"/>
  <testcase name="testUpdate" time="0.006" classname="org.molgenis.jobs.schedule.ScheduledJobRepositoryDecoratorTest"/>
</testsuite> <!-- org.molgenis.jobs.schedule.ScheduledJobRepositoryDecoratorTest -->
