<?xml version="1.0" encoding="UTF-8"?>
<!-- Generated by org.testng.reporters.JUnitReportReporter -->
<testsuite hostname="cyclone1" name="org.molgenis.jobs.JobExecutorTest" tests="3" failures="0" timestamp="30 May 2018 12:52:21 GMT" time="0.118" errors="0">
  <testcase name="executeScheduledJob" time="0.090" classname="org.molgenis.jobs.JobExecutorTest"/>
  <testcase name="submitJobExecutionJobFactoryThrowsException" time="0.016" classname="org.molgenis.jobs.JobExecutorTest"/>
  <testcase name="submitJobExecution" time="0.012" classname="org.molgenis.jobs.JobExecutorTest"/>
</testsuite> <!-- org.molgenis.jobs.JobExecutorTest -->
