<?xml version="1.0" encoding="UTF-8"?>
<!-- Generated by org.testng.reporters.JUnitReportReporter -->
<testsuite hostname="cyclone1" name="org.molgenis.jobs.schedule.JobSchedulerTest" tests="8" failures="0" timestamp="6 Jun 2018 21:44:13 GMT" time="0.094" errors="0">
  <testcase name="unschedule" time="0.002" classname="org.molgenis.jobs.schedule.JobSchedulerTest"/>
  <testcase name="scheduleInvalidCronExpression" time="0.004" classname="org.molgenis.jobs.schedule.JobSchedulerTest"/>
  <testcase name="scheduleExisting" time="0.004" classname="org.molgenis.jobs.schedule.JobSchedulerTest"/>
  <testcase name="scheduleInactive" time="0.004" classname="org.molgenis.jobs.schedule.JobSchedulerTest"/>
  <testcase name="runNow" time="0.028" classname="org.molgenis.jobs.schedule.JobSchedulerTest"/>
  <testcase name="schedule" time="0.031" classname="org.molgenis.jobs.schedule.JobSchedulerTest"/>
  <testcase name="runNowUnknownEntity" time="0.015" classname="org.molgenis.jobs.schedule.JobSchedulerTest"/>
  <testcase name="runNowExists" time="0.006" classname="org.molgenis.jobs.schedule.JobSchedulerTest"/>
</testsuite> <!-- org.molgenis.jobs.schedule.JobSchedulerTest -->
