<?xml version="1.0" encoding="UTF-8"?>
<!-- Generated by org.testng.reporters.JUnitReportReporter -->
<testsuite hostname="cyclone1" name="org.molgenis.jobs.JobExecutorTest" tests="3" failures="0" timestamp="4 Jun 2018 11:14:44 GMT" time="0.075" errors="0">
  <testcase name="submitJobExecution" time="0.010" classname="org.molgenis.jobs.JobExecutorTest"/>
  <testcase name="submitJobExecutionJobFactoryThrowsException" time="0.008" classname="org.molgenis.jobs.JobExecutorTest"/>
  <testcase name="executeScheduledJob" time="0.057" classname="org.molgenis.jobs.JobExecutorTest"/>
</testsuite> <!-- org.molgenis.jobs.JobExecutorTest -->
