<?xml version="1.0" encoding="UTF-8"?>
<!-- Generated by org.testng.reporters.JUnitReportReporter -->
<testsuite hostname="cyclone1" name="org.molgenis.jobs.schedule.ScheduledJobRepositoryDecoratorTest" tests="6" failures="0" timestamp="30 May 2018 12:52:21 GMT" time="0.063" errors="0">
  <testcase name="testDelete" time="0.008" classname="org.molgenis.jobs.schedule.ScheduledJobRepositoryDecoratorTest"/>
  <testcase name="testQuery" time="0.012" classname="org.molgenis.jobs.schedule.ScheduledJobRepositoryDecoratorTest"/>
  <testcase name="testDeleteFails" time="0.011" classname="org.molgenis.jobs.schedule.ScheduledJobRepositoryDecoratorTest"/>
  <testcase name="testUpdate" time="0.019" classname="org.molgenis.jobs.schedule.ScheduledJobRepositoryDecoratorTest"/>
  <testcase name="testSetUsernameAdd" time="0.007" classname="org.molgenis.jobs.schedule.ScheduledJobRepositoryDecoratorTest"/>
  <testcase name="testSetUsernameUpdate" time="0.006" classname="org.molgenis.jobs.schedule.ScheduledJobRepositoryDecoratorTest"/>
</testsuite> <!-- org.molgenis.jobs.schedule.ScheduledJobRepositoryDecoratorTest -->
