<?xml version="1.0" encoding="UTF-8"?>
<!-- Generated by org.testng.reporters.JUnitReportReporter -->
<testsuite hostname="cyclone1" name="org.molgenis.jobs.JobBootstrapperTest" tests="1" failures="0" timestamp="4 Jun 2018 11:14:44 GMT" time="0.498" errors="0">
  <testcase name="testBootstrap" time="0.498" classname="org.molgenis.jobs.JobBootstrapperTest"/>
</testsuite> <!-- org.molgenis.jobs.JobBootstrapperTest -->
