<?xml version="1.0" encoding="UTF-8"?>
<!-- Generated by org.testng.reporters.JUnitReportReporter -->
<testsuite hostname="cyclone1" name="org.molgenis.jobs.model.JobExecutionTest" tests="3" failures="0" timestamp="30 May 2018 12:52:21 GMT" time="0.515" errors="0">
  <testcase name="testSetProgressMessageAbbreviates" time="0.011" classname="org.molgenis.jobs.model.JobExecutionTest"/>
  <testcase name="testAppendLog" time="0.005" classname="org.molgenis.jobs.model.JobExecutionTest"/>
  <testcase name="testAppendLogTruncates" time="0.499" classname="org.molgenis.jobs.model.JobExecutionTest"/>
</testsuite> <!-- org.molgenis.jobs.model.JobExecutionTest -->
