<?xml version="1.0" encoding="UTF-8"?>
<testsuite xmlns:xsi="http://www.w3.org/2001/XMLSchema-instance" xsi:noNamespaceSchemaLocation="https://maven.apache.org/surefire/maven-surefire-plugin/xsd/surefire-test-report.xsd" name="TestSuite" time="282.822" tests="263" errors="0" skipped="0" failures="2">
  <properties>
    <property name="java.runtime.name" value="OpenJDK Runtime Environment"/>
    <property name="sun.boot.library.path" value="/usr/lib/jvm/java-8-openjdk-amd64/jre/lib/amd64"/>
    <property name="java.vm.version" value="25.121-b13"/>
    <property name="java.vm.vendor" value="Oracle Corporation"/>
    <property name="maven.multiModuleProjectDirectory" value="/root/workspace/bradflood/find-sec-bugs/388497770"/>
    <property name="java.vendor.url" value="http://java.oracle.com/"/>
    <property name="path.separator" value=":"/>
    <property name="guice.disable.misplaced.annotation.check" value="true"/>
    <property name="skip.gulp" value="true"/>
    <property name="java.vm.name" value="OpenJDK 64-Bit Server VM"/>
    <property name="file.encoding.pkg" value="sun.io"/>
    <property name="sun.java.launcher" value="SUN_STANDARD"/>
    <property name="sun.os.patch.level" value="unknown"/>
    <property name="findbugs.skip" value="true"/>
    <property name="java.vm.specification.name" value="Java Virtual Machine Specification"/>
    <property name="user.dir" value="/root/workspace/bradflood/find-sec-bugs/388497770"/>
    <property name="checkstyle.skip" value="true"/>
    <property name="java.runtime.version" value="1.8.0_121-8u121-b13-1~bpo8+1-b13"/>
    <property name="java.awt.graphicsenv" value="sun.awt.X11GraphicsEnvironment"/>
    <property name="skip.npm" value="true"/>
    <property name="java.endorsed.dirs" value="/usr/lib/jvm/java-8-openjdk-amd64/jre/lib/endorsed"/>
    <property name="os.arch" value="amd64"/>
    <property name="java.io.tmpdir" value="/tmp"/>
    <property name="gpg.skip" value="true"/>
    <property name="line.separator" value="&#10;"/>
    <property name="java.vm.specification.vendor" value="Oracle Corporation"/>
    <property name="cobertura.skip" value="true"/>
    <property name="os.name" value="Linux"/>
    <property name="classworlds.conf" value="/usr/share/maven/bin/m2.conf"/>
    <property name="sun.jnu.encoding" value="UTF-8"/>
    <property name="java.library.path" value="/usr/java/packages/lib/amd64:/usr/lib/x86_64-linux-gnu/jni:/lib/x86_64-linux-gnu:/usr/lib/x86_64-linux-gnu:/usr/lib/jni:/lib:/usr/lib"/>
    <property name="license.skip" value="true"/>
    <property name="java.specification.name" value="Java Platform API Specification"/>
    <property name="java.class.version" value="52.0"/>
    <property name="sun.management.compiler" value="HotSpot 64-Bit Tiered Compilers"/>
    <property name="skip.bower" value="true"/>
    <property name="maven.repo.local" value="/root/./workspace/bradflood/find-sec-bugs/388497770/.m2"/>
    <property name="os.version" value="3.10.0-862.3.2.el7.x86_64"/>
    <property name="user.home" value="/root"/>
    <property name="user.timezone" value="Europe/Paris"/>
    <property name="java.awt.printerjob" value="sun.print.PSPrinterJob"/>
    <property name="java.specification.version" value="1.8"/>
    <property name="file.encoding" value="UTF-8"/>
    <property name="user.name" value="root"/>
    <property name="java.class.path" value="/usr/share/maven/boot/plexus-classworlds-2.5.2.jar"/>
    <property name="skipITs" value="true"/>
    <property name="java.vm.specification.version" value="1.8"/>
    <property name="sun.arch.data.model" value="64"/>
    <property name="java.home" value="/usr/lib/jvm/java-8-openjdk-amd64/jre"/>
    <property name="sun.java.command" value="org.codehaus.plexus.classworlds.launcher.Launcher -B -D enforcer.skip=true -D dependency-check.skip=true -D skipITs=true -D cobertura.skip=true -D maven.repo.local=/root/./workspace/bradflood/find-sec-bugs/388497770/.m2 -D rat.skip=true -D findbugs.skip=true -D skip.bower=true -D gpg.skip=true -D checkstyle.skip=true -D skip.gulp=true -D license.skip=true -D skip.npm=true test"/>
    <property name="java.specification.vendor" value="Oracle Corporation"/>
    <property name="user.language" value="en"/>
    <property name="awt.toolkit" value="sun.awt.X11.XToolkit"/>
    <property name="dependency-check.skip" value="true"/>
    <property name="java.vm.info" value="mixed mode"/>
    <property name="java.version" value="1.8.0_121"/>
    <property name="java.ext.dirs" value="/usr/lib/jvm/java-8-openjdk-amd64/jre/lib/ext:/usr/java/packages/lib/ext"/>
    <property name="securerandom.source" value="file:/dev/./urandom"/>
    <property name="sun.boot.class.path" value="/usr/lib/jvm/java-8-openjdk-amd64/jre/lib/resources.jar:/usr/lib/jvm/java-8-openjdk-amd64/jre/lib/rt.jar:/usr/lib/jvm/java-8-openjdk-amd64/jre/lib/sunrsasign.jar:/usr/lib/jvm/java-8-openjdk-amd64/jre/lib/jsse.jar:/usr/lib/jvm/java-8-openjdk-amd64/jre/lib/jce.jar:/usr/lib/jvm/java-8-openjdk-amd64/jre/lib/charsets.jar:/usr/lib/jvm/java-8-openjdk-amd64/jre/lib/jfr.jar:/usr/lib/jvm/java-8-openjdk-amd64/jre/classes"/>
    <property name="java.vendor" value="Oracle Corporation"/>
    <property name="enforcer.skip" value="true"/>
    <property name="rat.skip" value="true"/>
    <property name="maven.home" value="/usr/share/maven"/>
    <property name="file.separator" value="/"/>
    <property name="java.vendor.url.bug" value="http://bugreport.sun.com/bugreport/"/>
    <property name="sun.cpu.endian" value="little"/>
    <property name="sun.io.unicode.encoding" value="UnicodeLittle"/>
    <property name="sun.cpu.isalist" value=""/>
  </properties>
  <testcase name="avoidFalsePositive" classname="com.h3xstream.findsecbugs.xss.XSSRequestWrapperDetectorTest" time="3.46"/>
  <testcase name="detectXssWrapper1" classname="com.h3xstream.findsecbugs.xss.XSSRequestWrapperDetectorTest" time="0.928"/>
  <testcase name="detectXssWrapper2" classname="com.h3xstream.findsecbugs.xss.XSSRequestWrapperDetectorTest" time="1.14"/>
  <testcase name="avoidResourceBundle" classname="com.h3xstream.findsecbugs.xss.XssResourceBundleTest" time="1.15"/>
  <testcase name="test" classname="com.h3xstream.findsecbugs.xss.JspXssFsaDetectorTest" time="0.742">
    <failure message="&#10;securityReporter.doReportBug(&#10;    BugInstance with:&#10;bugType=&quot;XSS_JSP_PRINT&quot;,&#10;);&#10;Never wanted here:&#10;-&gt; at com.h3xstream.findsecbugs.xss.JspXssFsaDetectorTest.test(JspXssFsaDetectorTest.java:65)&#10;But invoked here:&#10;-&gt; at edu.umd.cs.findbugs.AbstractBugReporter.reportBug(AbstractBugReporter.java:192)&#10;" type="org.mockito.exceptions.verification.NeverWantedButInvoked">org.mockito.exceptions.verification.NeverWantedButInvoked: 

securityReporter.doReportBug(
    BugInstance with:
bugType="XSS_JSP_PRINT",
);
Never wanted here:
-> at com.h3xstream.findsecbugs.xss.JspXssFsaDetectorTest.test(JspXssFsaDetectorTest.java:65)
But invoked here:
-> at edu.umd.cs.findbugs.AbstractBugReporter.reportBug(AbstractBugReporter.java:192)

	at com.h3xstream.findsecbugs.xss.JspXssFsaDetectorTest.test(JspXssFsaDetectorTest.java:65)
</failure>
    <system-out><![CDATA[|INFO | BaseDetectorTest : >>>> Starting test suite JspXssFsaDetectorTest <<<<
|INFO | FindBugsLauncher : Analyzing... /root/workspace/bradflood/find-sec-bugs/388497770/plugin/target/test-classes/org/apache/jsp/xss/xss_005ffsa_jsp.class
==[ Method: <init> ]==
invokespecial   org/apache/jasper/runtime/HttpJspBase.<init>()V
==[ Method: getClassImports ]==
==[ Method: _jspDestroy ]==
==[ Method: <clinit> ]==
invokestatic    javax/servlet/jsp/JspFactory.getDefaultFactory()Ljavax/servlet/jsp/JspFactory;
invokespecial   java/util/HashSet.<init>()V
invokeinterface java/util/Set.add(Ljava/lang/Object;)Z
invokeinterface java/util/Set.add(Ljava/lang/Object;)Z
invokeinterface java/util/Set.add(Ljava/lang/Object;)Z
==[ Method: _jspService ]==
invokeinterface javax/servlet/http/HttpServletRequest.getMethod()Ljava/lang/String;
invokevirtual   java/lang/String.equals(Ljava/lang/Object;)Z
invokevirtual   java/lang/String.equals(Ljava/lang/Object;)Z
invokevirtual   java/lang/String.equals(Ljava/lang/Object;)Z
invokeinterface javax/servlet/http/HttpServletRequest.getDispatcherType()Ljavax/servlet/DispatcherType;
invokevirtual   javax/servlet/DispatcherType.equals(Ljava/lang/Object;)Z
invokeinterface javax/servlet/http/HttpServletResponse.sendError(ILjava/lang/String;)V
invokeinterface javax/servlet/http/HttpServletResponse.setContentType(Ljava/lang/String;)V
invokevirtual   javax/servlet/jsp/JspFactory.getPageContext(Ljavax/servlet/Servlet;Ljavax/servlet/ServletRequest;Ljavax/servlet/ServletResponse;Ljava/lang/String;ZIZ)Ljavax/servlet/jsp/PageContext;
invokevirtual   javax/servlet/jsp/PageContext.getServletContext()Ljavax/servlet/ServletContext;
invokevirtual   javax/servlet/jsp/PageContext.getServletConfig()Ljavax/servlet/ServletConfig;
invokevirtual   javax/servlet/jsp/PageContext.getSession()Ljavax/servlet/http/HttpSession;
invokevirtual   javax/servlet/jsp/PageContext.getOut()Ljavax/servlet/jsp/JspWriter;
invokevirtual   javax/servlet/jsp/JspWriter.write(Ljava/lang/String;)V
invokestatic    org/apache/jasper/runtime/PageContextImpl.proprietaryEvaluate(Ljava/lang/String;Ljava/lang/Class;Ljavax/servlet/jsp/PageContext;Lorg/apache/jasper/runtime/ProtectedFunctionMapper;)Ljava/lang/Object;
invokevirtual   javax/servlet/jsp/JspWriter.write(Ljava/lang/String;)V
invokevirtual   javax/servlet/jsp/JspWriter.write(Ljava/lang/String;)V
invokevirtual   javax/servlet/jsp/JspFactory.releasePageContext(Ljavax/servlet/jsp/PageContext;)V
invokevirtual   javax/servlet/jsp/JspWriter.getBufferSize()I
invokeinterface javax/servlet/http/HttpServletResponse.isCommitted()Z
invokevirtual   javax/servlet/jsp/JspWriter.flush()V
invokevirtual   javax/servlet/jsp/JspWriter.clearBuffer()V
invokevirtual   javax/servlet/jsp/PageContext.handlePageException(Ljava/lang/Throwable;)V
invokespecial   javax/servlet/ServletException.<init>(Ljava/lang/Throwable;)V
invokevirtual   javax/servlet/jsp/JspFactory.releasePageContext(Ljavax/servlet/jsp/PageContext;)V
invokevirtual   javax/servlet/jsp/JspFactory.releasePageContext(Ljavax/servlet/jsp/PageContext;)V
==[ Method: _jsp_getInstanceManager ]==
invokevirtual   org/apache/jsp/xss/xss_005ffsa_jsp.getServletConfig()Ljavax/servlet/ServletConfig;
invokestatic    org/apache/jasper/runtime/InstanceManagerFactory.getInstanceManager(Ljavax/servlet/ServletConfig;)Lorg/apache/tomcat/InstanceManager;
==[ Method: getPackageImports ]==
==[ Method: _jsp_getExpressionFactory ]==
invokevirtual   org/apache/jsp/xss/xss_005ffsa_jsp.getServletConfig()Ljavax/servlet/ServletConfig;
invokeinterface javax/servlet/ServletConfig.getServletContext()Ljavax/servlet/ServletContext;
invokevirtual   javax/servlet/jsp/JspFactory.getJspApplicationContext(Ljavax/servlet/ServletContext;)Ljavax/servlet/jsp/JspApplicationContext;
invokeinterface javax/servlet/jsp/JspApplicationContext.getExpressionFactory()Ljavax/el/ExpressionFactory;
==[ Method: getDependants ]==
==[ Method: _jspInit ]==
|INFO | EasyBugReporter : New bug XSS_JSP_PRINT [xss_005ffsa_jsp._jspService() at 110]
|ERROR| VerboseTestListener : test failed
org.mockito.exceptions.verification.NeverWantedButInvoked: 
securityReporter.doReportBug(
    BugInstance with:
bugType="XSS_JSP_PRINT",
);
Never wanted here:
-> at com.h3xstream.findsecbugs.xss.JspXssFsaDetectorTest.test(JspXssFsaDetectorTest.java:65)
But invoked here:
-> at edu.umd.cs.findbugs.AbstractBugReporter.reportBug(AbstractBugReporter.java:192)

	at com.h3xstream.findsecbugs.xss.JspXssFsaDetectorTest.test(JspXssFsaDetectorTest.java:65)
	at sun.reflect.NativeMethodAccessorImpl.invoke0(Native Method)
	at sun.reflect.NativeMethodAccessorImpl.invoke(NativeMethodAccessorImpl.java:62)
	at sun.reflect.DelegatingMethodAccessorImpl.invoke(DelegatingMethodAccessorImpl.java:43)
	at java.lang.reflect.Method.invoke(Method.java:498)
	at org.testng.internal.MethodInvocationHelper.invokeMethod(MethodInvocationHelper.java:86)
	at org.testng.internal.Invoker.invokeMethod(Invoker.java:643)
	at org.testng.internal.Invoker.invokeTestMethod(Invoker.java:820)
	at org.testng.internal.Invoker.invokeTestMethods(Invoker.java:1128)
	at org.testng.internal.TestMethodWorker.invokeTestMethods(TestMethodWorker.java:129)
	at org.testng.internal.TestMethodWorker.run(TestMethodWorker.java:112)
	at org.testng.TestRunner.privateRun(TestRunner.java:782)
	at org.testng.TestRunner.run(TestRunner.java:632)
	at org.testng.SuiteRunner.runTest(SuiteRunner.java:366)
	at org.testng.SuiteRunner.runSequentially(SuiteRunner.java:361)
	at org.testng.SuiteRunner.privateRun(SuiteRunner.java:319)
	at org.testng.SuiteRunner.run(SuiteRunner.java:268)
	at org.testng.SuiteRunnerWorker.runSuite(SuiteRunnerWorker.java:52)
	at org.testng.SuiteRunnerWorker.run(SuiteRunnerWorker.java:86)
	at org.testng.TestNG.runSuitesSequentially(TestNG.java:1244)
	at org.testng.TestNG.runSuitesLocally(TestNG.java:1169)
	at org.testng.TestNG.run(TestNG.java:1064)
	at org.apache.maven.surefire.testng.TestNGExecutor.run(TestNGExecutor.java:135)
	at org.apache.maven.surefire.testng.TestNGDirectoryTestSuite.executeMulti(TestNGDirectoryTestSuite.java:193)
	at org.apache.maven.surefire.testng.TestNGDirectoryTestSuite.execute(TestNGDirectoryTestSuite.java:94)
	at org.apache.maven.surefire.testng.TestNGProvider.invoke(TestNGProvider.java:146)
	at org.apache.maven.surefire.booter.ForkedBooter.invokeProviderInSameClassLoader(ForkedBooter.java:386)
	at org.apache.maven.surefire.booter.ForkedBooter.runSuitesInProcess(ForkedBooter.java:323)
	at org.apache.maven.surefire.booter.ForkedBooter.main(ForkedBooter.java:143)
]]></system-out>
    <system-err><![CDATA[Jun 06, 2018 12:00:06 AM com.h3xstream.findsecbugs.taintanalysis.TaintDataflowEngine addCustomConfig
INFO: Custom taint config loaded from /root/workspace/bradflood/find-sec-bugs/388497770/plugin/target/test-classes/com/h3xstream/findsecbugs/xss/CustomConfig.txt
]]></system-err>
  </testcase>
  <testcase name="detectXssDirectUse" classname="com.h3xstream.findsecbugs.xss.JspXssDetectorTest" time="0.722"/>
  <testcase name="detectXssFalsePositiveDirectCast" classname="com.h3xstream.findsecbugs.xss.JspXssDetectorTest" time="0.846"/>
  <testcase name="detectXssFalsePositiveOverwriteLocal" classname="com.h3xstream.findsecbugs.xss.JspXssDetectorTest" time="0.835"/>
  <testcase name="detectXssFalsePositiveSafeInput" classname="com.h3xstream.findsecbugs.xss.JspXssDetectorTest" time="0.767"/>
  <testcase name="detectXssGetParameter" classname="com.h3xstream.findsecbugs.xss.JspXssDetectorTest" time="0.45"/>
  <testcase name="detectXssMultipleTransfertLocal" classname="com.h3xstream.findsecbugs.xss.JspXssDetectorTest" time="0.476"/>
  <testcase name="detectXssRequestAttributeWithCustomConfiguration" classname="com.h3xstream.findsecbugs.xss.JspXssDetectorTest" time="0.469"/>
  <testcase name="detectXssTransferLocal" classname="com.h3xstream.findsecbugs.xss.JspXssDetectorTest" time="0.457"/>
  <testcase name="owaspTags" classname="com.h3xstream.findsecbugs.xss.JspXssDetectorTest" time="0.46"/>
  <testcase name="retrocompatibilityBenchmarks" classname="com.h3xstream.findsecbugs.xss.OwaspBenchmarkTest" time="0.371"/>
  <testcase name="testCommonsLang26" classname="com.h3xstream.findsecbugs.xss.encoder.ApacheCommonsLangTest" time="0.409"/>
  <testcase name="testCommonsLang3" classname="com.h3xstream.findsecbugs.xss.encoder.ApacheCommonsLangTest" time="0.342"/>
  <testcase name="testCommonsText" classname="com.h3xstream.findsecbugs.xss.encoder.ApacheCommonsLangTest" time="0.35"/>
  <testcase name="owaspForHtmlTagRecognizedAsSafe" classname="com.h3xstream.findsecbugs.xss.JspXssOwaspDetectorTest" time="0.419">
    <failure message="&#10;securityReporter.doReportBug(&#10;    BugInstance with:&#10;bugType=&quot;XSS_JSP_PRINT&quot;,&#10;);&#10;Never wanted here:&#10;-&gt; at com.h3xstream.findsecbugs.xss.JspXssOwaspDetectorTest.owaspForHtmlTagRecognizedAsSafe(JspXssOwaspDetectorTest.java:59)&#10;But invoked here:&#10;-&gt; at edu.umd.cs.findbugs.AbstractBugReporter.reportBug(AbstractBugReporter.java:192)&#10;" type="org.mockito.exceptions.verification.NeverWantedButInvoked">org.mockito.exceptions.verification.NeverWantedButInvoked: 

securityReporter.doReportBug(
    BugInstance with:
bugType="XSS_JSP_PRINT",
);
Never wanted here:
-> at com.h3xstream.findsecbugs.xss.JspXssOwaspDetectorTest.owaspForHtmlTagRecognizedAsSafe(JspXssOwaspDetectorTest.java:59)
But invoked here:
-> at edu.umd.cs.findbugs.AbstractBugReporter.reportBug(AbstractBugReporter.java:192)

	at com.h3xstream.findsecbugs.xss.JspXssOwaspDetectorTest.owaspForHtmlTagRecognizedAsSafe(JspXssOwaspDetectorTest.java:59)
</failure>
    <system-out><![CDATA[|INFO | BaseDetectorTest : >>>> Starting test suite JspXssOwaspDetectorTest <<<<
|INFO | FindBugsLauncher : Analyzing... /root/workspace/bradflood/find-sec-bugs/388497770/plugin/target/test-classes/org/apache/jsp/xss/xss_005f9_005fowasp_005ftaglib_jsp.class
==[ Method: _jspInit ]==
==[ Method: <init> ]==
invokespecial   org/apache/jasper/runtime/HttpJspBase.<init>()V
==[ Method: getDependants ]==
==[ Method: _jsp_getInstanceManager ]==
invokevirtual   org/apache/jsp/xss/xss_005f9_005fowasp_005ftaglib_jsp.getServletConfig()Ljavax/servlet/ServletConfig;
invokestatic    org/apache/jasper/runtime/InstanceManagerFactory.getInstanceManager(Ljavax/servlet/ServletConfig;)Lorg/apache/tomcat/InstanceManager;
==[ Method: _jspDestroy ]==
==[ Method: getPackageImports ]==
==[ Method: <clinit> ]==
invokestatic    javax/servlet/jsp/JspFactory.getDefaultFactory()Ljavax/servlet/jsp/JspFactory;
invokespecial   java/util/HashMap.<init>(I)V
invokestatic    java/lang/Long.valueOf(J)Ljava/lang/Long;
invokeinterface java/util/Map.put(Ljava/lang/Object;Ljava/lang/Object;)Ljava/lang/Object;
invokespecial   java/util/HashSet.<init>()V
invokeinterface java/util/Set.add(Ljava/lang/Object;)Z
invokeinterface java/util/Set.add(Ljava/lang/Object;)Z
invokeinterface java/util/Set.add(Ljava/lang/Object;)Z
==[ Method: getClassImports ]==
==[ Method: _jspx_meth_e_005fforHtml_005f0 ]==
invokevirtual   javax/servlet/jsp/PageContext.getOut()Ljavax/servlet/jsp/JspWriter;
invokespecial   org/owasp/encoder/tag/ForHtmlTag.<init>()V
invokevirtual   org/apache/jsp/xss/xss_005f9_005fowasp_005ftaglib_jsp._jsp_getInstanceManager()Lorg/apache/tomcat/InstanceManager;
invokeinterface org/apache/tomcat/InstanceManager.newInstance(Ljava/lang/Object;)V
invokevirtual   org/owasp/encoder/tag/ForHtmlTag.setJspContext(Ljavax/servlet/jsp/JspContext;)V
invokestatic    org/apache/jasper/runtime/PageContextImpl.proprietaryEvaluate(Ljava/lang/String;Ljava/lang/Class;Ljavax/servlet/jsp/PageContext;Lorg/apache/jasper/runtime/ProtectedFunctionMapper;)Ljava/lang/Object;
invokevirtual   org/owasp/encoder/tag/ForHtmlTag.setValue(Ljava/lang/String;)V
invokevirtual   org/owasp/encoder/tag/ForHtmlTag.doTag()V
invokevirtual   org/apache/jsp/xss/xss_005f9_005fowasp_005ftaglib_jsp._jsp_getInstanceManager()Lorg/apache/tomcat/InstanceManager;
invokeinterface org/apache/tomcat/InstanceManager.destroyInstance(Ljava/lang/Object;)V
==[ Method: _jsp_getExpressionFactory ]==
invokevirtual   org/apache/jsp/xss/xss_005f9_005fowasp_005ftaglib_jsp.getServletConfig()Ljavax/servlet/ServletConfig;
invokeinterface javax/servlet/ServletConfig.getServletContext()Ljavax/servlet/ServletContext;
invokevirtual   javax/servlet/jsp/JspFactory.getJspApplicationContext(Ljavax/servlet/ServletContext;)Ljavax/servlet/jsp/JspApplicationContext;
invokeinterface javax/servlet/jsp/JspApplicationContext.getExpressionFactory()Ljavax/el/ExpressionFactory;
==[ Method: _jspService ]==
invokeinterface javax/servlet/http/HttpServletRequest.getMethod()Ljava/lang/String;
invokevirtual   java/lang/String.equals(Ljava/lang/Object;)Z
invokevirtual   java/lang/String.equals(Ljava/lang/Object;)Z
invokevirtual   java/lang/String.equals(Ljava/lang/Object;)Z
invokeinterface javax/servlet/http/HttpServletRequest.getDispatcherType()Ljavax/servlet/DispatcherType;
invokevirtual   javax/servlet/DispatcherType.equals(Ljava/lang/Object;)Z
invokeinterface javax/servlet/http/HttpServletResponse.sendError(ILjava/lang/String;)V
invokeinterface javax/servlet/http/HttpServletResponse.setContentType(Ljava/lang/String;)V
invokevirtual   javax/servlet/jsp/JspFactory.getPageContext(Ljavax/servlet/Servlet;Ljavax/servlet/ServletRequest;Ljavax/servlet/ServletResponse;Ljava/lang/String;ZIZ)Ljavax/servlet/jsp/PageContext;
invokevirtual   javax/servlet/jsp/PageContext.getServletContext()Ljavax/servlet/ServletContext;
invokevirtual   javax/servlet/jsp/PageContext.getServletConfig()Ljavax/servlet/ServletConfig;
invokevirtual   javax/servlet/jsp/PageContext.getSession()Ljavax/servlet/http/HttpSession;
invokevirtual   javax/servlet/jsp/PageContext.getOut()Ljavax/servlet/jsp/JspWriter;
invokevirtual   javax/servlet/jsp/JspWriter.write(I)V
invokevirtual   javax/servlet/jsp/JspWriter.write(I)V
invokeinterface javax/servlet/http/HttpServletRequest.getAttribute(Ljava/lang/String;)Ljava/lang/Object;
invokevirtual   javax/servlet/jsp/JspWriter.write(I)V
invokevirtual   javax/servlet/jsp/JspWriter.write(I)V
invokespecial   org/apache/jsp/xss/xss_005f9_005fowasp_005ftaglib_jsp._jspx_meth_e_005fforHtml_005f0(Ljavax/servlet/jsp/PageContext;)Z
invokevirtual   javax/servlet/jsp/JspFactory.releasePageContext(Ljavax/servlet/jsp/PageContext;)V
invokevirtual   javax/servlet/jsp/JspWriter.write(I)V
invokevirtual   javax/servlet/jsp/JspWriter.write(I)V
invokevirtual   javax/servlet/jsp/JspFactory.releasePageContext(Ljavax/servlet/jsp/PageContext;)V
invokevirtual   javax/servlet/jsp/JspWriter.getBufferSize()I
invokeinterface javax/servlet/http/HttpServletResponse.isCommitted()Z
invokevirtual   javax/servlet/jsp/JspWriter.flush()V
invokevirtual   javax/servlet/jsp/JspWriter.clearBuffer()V
invokevirtual   javax/servlet/jsp/PageContext.handlePageException(Ljava/lang/Throwable;)V
invokespecial   javax/servlet/ServletException.<init>(Ljava/lang/Throwable;)V
invokevirtual   javax/servlet/jsp/JspFactory.releasePageContext(Ljavax/servlet/jsp/PageContext;)V
invokevirtual   javax/servlet/jsp/JspFactory.releasePageContext(Ljavax/servlet/jsp/PageContext;)V
|INFO | EasyBugReporter : New bug XSS_JSP_PRINT [xss_005f9_005fowasp_005ftaglib_jsp._jspx_meth_e_005fforHtml_005f0() at 154]
|ERROR| VerboseTestListener : owaspForHtmlTagRecognizedAsSafe failed
org.mockito.exceptions.verification.NeverWantedButInvoked: 
securityReporter.doReportBug(
    BugInstance with:
bugType="XSS_JSP_PRINT",
);
Never wanted here:
-> at com.h3xstream.findsecbugs.xss.JspXssOwaspDetectorTest.owaspForHtmlTagRecognizedAsSafe(JspXssOwaspDetectorTest.java:59)
But invoked here:
-> at edu.umd.cs.findbugs.AbstractBugReporter.reportBug(AbstractBugReporter.java:192)

	at com.h3xstream.findsecbugs.xss.JspXssOwaspDetectorTest.owaspForHtmlTagRecognizedAsSafe(JspXssOwaspDetectorTest.java:59)
	at sun.reflect.NativeMethodAccessorImpl.invoke0(Native Method)
	at sun.reflect.NativeMethodAccessorImpl.invoke(NativeMethodAccessorImpl.java:62)
	at sun.reflect.DelegatingMethodAccessorImpl.invoke(DelegatingMethodAccessorImpl.java:43)
	at java.lang.reflect.Method.invoke(Method.java:498)
	at org.testng.internal.MethodInvocationHelper.invokeMethod(MethodInvocationHelper.java:86)
	at org.testng.internal.Invoker.invokeMethod(Invoker.java:643)
	at org.testng.internal.Invoker.invokeTestMethod(Invoker.java:820)
	at org.testng.internal.Invoker.invokeTestMethods(Invoker.java:1128)
	at org.testng.internal.TestMethodWorker.invokeTestMethods(TestMethodWorker.java:129)
	at org.testng.internal.TestMethodWorker.run(TestMethodWorker.java:112)
	at org.testng.TestRunner.privateRun(TestRunner.java:782)
	at org.testng.TestRunner.run(TestRunner.java:632)
	at org.testng.SuiteRunner.runTest(SuiteRunner.java:366)
	at org.testng.SuiteRunner.runSequentially(SuiteRunner.java:361)
	at org.testng.SuiteRunner.privateRun(SuiteRunner.java:319)
	at org.testng.SuiteRunner.run(SuiteRunner.java:268)
	at org.testng.SuiteRunnerWorker.runSuite(SuiteRunnerWorker.java:52)
	at org.testng.SuiteRunnerWorker.run(SuiteRunnerWorker.java:86)
	at org.testng.TestNG.runSuitesSequentially(TestNG.java:1244)
	at org.testng.TestNG.runSuitesLocally(TestNG.java:1169)
	at org.testng.TestNG.run(TestNG.java:1064)
	at org.apache.maven.surefire.testng.TestNGExecutor.run(TestNGExecutor.java:135)
	at org.apache.maven.surefire.testng.TestNGDirectoryTestSuite.executeMulti(TestNGDirectoryTestSuite.java:193)
	at org.apache.maven.surefire.testng.TestNGDirectoryTestSuite.execute(TestNGDirectoryTestSuite.java:94)
	at org.apache.maven.surefire.testng.TestNGProvider.invoke(TestNGProvider.java:146)
	at org.apache.maven.surefire.booter.ForkedBooter.invokeProviderInSameClassLoader(ForkedBooter.java:386)
	at org.apache.maven.surefire.booter.ForkedBooter.runSuitesInProcess(ForkedBooter.java:323)
	at org.apache.maven.surefire.booter.ForkedBooter.main(ForkedBooter.java:143)
]]></system-out>
    <system-err><![CDATA[Jun 06, 2018 12:00:15 AM com.h3xstream.findsecbugs.taintanalysis.TaintDataflowEngine addCustomConfig
INFO: Custom taint config loaded from /root/workspace/bradflood/find-sec-bugs/388497770/plugin/target/test-classes/com/h3xstream/findsecbugs/xss/CustomConfig.txt
]]></system-err>
  </testcase>
  <testcase name="detectIbmPortlet" classname="com.h3xstream.findsecbugs.xss.XssPortletDetectorTest" time="0.461"/>
  <testcase name="detectPortlet" classname="com.h3xstream.findsecbugs.xss.XssPortletDetectorTest" time="0.451"/>
  <testcase name="detectXssServlet1" classname="com.h3xstream.findsecbugs.xss.XssServletDetectorTest" time="0.404"/>
  <testcase name="detectXssServlet6" classname="com.h3xstream.findsecbugs.xss.XssServletDetectorTest" time="0.314"/>
  <testcase name="detectXssServlet6_hideByDefault" classname="com.h3xstream.findsecbugs.xss.XssServletDetectorTest" time="0.313"/>
  <testcase name="detectXssServlet7" classname="com.h3xstream.findsecbugs.xss.XssServletDetectorTest" time="0.362"/>
  <testcase name="detectXssServlet_basicTaintAnalysis" classname="com.h3xstream.findsecbugs.xss.XssServletDetectorTest" time="0.314"/>
  <testcase name="detectXssServlet_safeEncoders" classname="com.h3xstream.findsecbugs.xss.XssServletDetectorTest" time="0.382"/>
  <testcase name="detectXssServlet_separateMethodBasic" classname="com.h3xstream.findsecbugs.xss.XssServletDetectorTest" time="0.319"/>
  <testcase name="detectXssServlet_variousMethodSignatures" classname="com.h3xstream.findsecbugs.xss.XssServletDetectorTest" time="0.645"/>
  <testcase name="detectInjection" classname="com.h3xstream.findsecbugs.injection.custom.CustomInjectionDetectorTest" time="0.348"/>
  <testcase name="detectInjection" classname="com.h3xstream.findsecbugs.injection.script.ScriptEngineInjectionTest" time="0.297"/>
  <testcase name="detectInjection" classname="com.h3xstream.findsecbugs.injection.script.SpelInjectionTest" time="0.37"/>
  <testcase name="detectInjection" classname="com.h3xstream.findsecbugs.injection.script.ElInjectionTest" time="0.331"/>
  <testcase name="detectOgnlReflectionProvider" classname="com.h3xstream.findsecbugs.injection.script.OgnlInjectionDetectorTest" time="0.334"/>
  <testcase name="detectOgnlUtil" classname="com.h3xstream.findsecbugs.injection.script.OgnlInjectionDetectorTest" time="0.333"/>
  <testcase name="detectTaintedAndInjection" classname="com.h3xstream.findsecbugs.injection.script.OgnlInjectionDetectorTest" time="0.287"/>
  <testcase name="detectTextParser" classname="com.h3xstream.findsecbugs.injection.script.OgnlInjectionDetectorTest" time="0.406"/>
  <testcase name="detectValueStack" classname="com.h3xstream.findsecbugs.injection.script.OgnlInjectionDetectorTest" time="0.302"/>
  <testcase name="detectInjection" classname="com.h3xstream.findsecbugs.injection.script.SeamLoggingDetectionTest" time="0.367"/>
  <testcase name="detectInjection" classname="com.h3xstream.findsecbugs.injection.sql.SqlMethodUnknownSourceTest" time="0.311"/>
  <testcase name="detectBasicSpringJdbcInjection" classname="com.h3xstream.findsecbugs.injection.sql.SpringJdbcOperationsAndTemplateTest" time="0.646"/>
  <testcase name="detectBatchUpdate" classname="com.h3xstream.findsecbugs.injection.sql.SpringJdbcOperationsAndTemplateTest" time="0.655"/>
  <testcase name="detectExecute" classname="com.h3xstream.findsecbugs.injection.sql.SpringJdbcOperationsAndTemplateTest" time="0.859"/>
  <testcase name="detectQuery" classname="com.h3xstream.findsecbugs.injection.sql.SpringJdbcOperationsAndTemplateTest" time="0.609"/>
  <testcase name="detectQueryForList" classname="com.h3xstream.findsecbugs.injection.sql.SpringJdbcOperationsAndTemplateTest" time="0.604"/>
  <testcase name="detectQueryForMap" classname="com.h3xstream.findsecbugs.injection.sql.SpringJdbcOperationsAndTemplateTest" time="0.617"/>
  <testcase name="detectQueryForObject" classname="com.h3xstream.findsecbugs.injection.sql.SpringJdbcOperationsAndTemplateTest" time="0.736"/>
  <testcase name="detectQueryForRowSet" classname="com.h3xstream.findsecbugs.injection.sql.SpringJdbcOperationsAndTemplateTest" time="0.648"/>
  <testcase name="detectQueryInt" classname="com.h3xstream.findsecbugs.injection.sql.SpringJdbcOperationsAndTemplateTest" time="1.304"/>
  <testcase name="detectQueryLong" classname="com.h3xstream.findsecbugs.injection.sql.SpringJdbcOperationsAndTemplateTest" time="0.555"/>
  <testcase name="detectJdbcInjection" classname="com.h3xstream.findsecbugs.injection.sql.SpringPreparedStatementCreatorFactoryTest" time="0.294"/>
  <testcase name="detectInjection" classname="com.h3xstream.findsecbugs.injection.sql.TorqueSqlDetectorTest" time="0.314"/>
  <testcase name="detectInjection" classname="com.h3xstream.findsecbugs.injection.sql.TurbineSqlDetectorTest" time="0.361"/>
  <testcase name="detectHibernateInjection" classname="com.h3xstream.findsecbugs.injection.sql.HibernateInjectionSourceTest" time="0.322"/>
  <testcase name="detectJpaInjection" classname="com.h3xstream.findsecbugs.injection.sql.JpaInjectionSourceTest" time="0.321"/>
  <testcase name="detectJpaInjectionInNativeQuery" classname="com.h3xstream.findsecbugs.injection.sql.JpaInjectionSourceTest" time="0.318"/>
  <testcase name="detectAndroidContentProviderInjection" classname="com.h3xstream.findsecbugs.injection.sql.AndroidInjectionSourceTest" time="0.409"/>
  <testcase name="detectAndroidCustomContentProvider" classname="com.h3xstream.findsecbugs.injection.sql.AndroidInjectionSourceTest" time="0.545"/>
  <testcase name="detectAndroidInjection" classname="com.h3xstream.findsecbugs.injection.sql.AndroidInjectionSourceTest" time="0.475"/>
  <testcase name="detectBasicJdbcInjection" classname="com.h3xstream.findsecbugs.injection.sql.JdbcInjectionSourceTest" time="0.373"/>
  <testcase name="detectExecuteExecuteLargeUpdate" classname="com.h3xstream.findsecbugs.injection.sql.JdbcInjectionSourceTest" time="0.37"/>
  <testcase name="detectExecutePrepareCall" classname="com.h3xstream.findsecbugs.injection.sql.JdbcInjectionSourceTest" time="0.368"/>
  <testcase name="detectExecuteQuery" classname="com.h3xstream.findsecbugs.injection.sql.JdbcInjectionSourceTest" time="0.349"/>
  <testcase name="detectExecuteUpdate" classname="com.h3xstream.findsecbugs.injection.sql.JdbcInjectionSourceTest" time="0.359"/>
  <testcase name="detectNativeSqlAndOther" classname="com.h3xstream.findsecbugs.injection.sql.JdbcInjectionSourceTest" time="0.373"/>
  <testcase name="detectPrepareStatement" classname="com.h3xstream.findsecbugs.injection.sql.JdbcInjectionSourceTest" time="0.356"/>
  <testcase name="detectJdoInjection" classname="com.h3xstream.findsecbugs.injection.sql.JdoInjectionSourceTest" time="0.314"/>
  <testcase name="detectJdoInjectionInFilters" classname="com.h3xstream.findsecbugs.injection.sql.JdoInjectionSourceFilterTest" time="0.292"/>
  <testcase name="detectResponseSplitting" classname="com.h3xstream.findsecbugs.injection.crlf.CrlfLogInjectionDetectorTest" time="0.404"/>
  <testcase name="detectSlf4jResponseSplitting" classname="com.h3xstream.findsecbugs.injection.crlf.CrlfLogInjectionDetectorTest" time="0.326"/>
  <testcase name="detectHttpParameterPollution" classname="com.h3xstream.findsecbugs.injection.http.HttpParameterPollutionDetectorTest" time="0.338"/>
  <testcase name="detectTBV" classname="com.h3xstream.findsecbugs.injection.trust.TrustBoundaryViolationDetectorTest" time="0.293"/>
  <testcase name="detectLdapInjectionInQuery" classname="com.h3xstream.findsecbugs.injection.ldap.JndiLdapInjectionSourceTest" time="0.358"/>
  <testcase name="detectLdapInjection" classname="com.h3xstream.findsecbugs.injection.ldap.UnboundIdLdapInjectionSourceTest" time="0.307"/>
  <testcase name="detectLdapInjectionEdgeCase" classname="com.h3xstream.findsecbugs.injection.ldap.JndiLdapInjectionSourceAdditionalSignaturesTest" time="0.307"/>
  <testcase name="detectLdapInjectionInQuery" classname="com.h3xstream.findsecbugs.injection.ldap.JndiLdapInjectionSourceAdditionalSignaturesTest" time="0.521"/>
  <testcase name="detectLdapInjectionInQuerySunApi" classname="com.h3xstream.findsecbugs.injection.ldap.JndiLdapInjectionSourceAdditionalSignaturesTest" time="0.496"/>
  <testcase name="avoidFalsePositive" classname="com.h3xstream.findsecbugs.injection.command.CommandInjectionDetectorAdvancedTest" time="0.355"/>
  <testcase name="detectSuspicious" classname="com.h3xstream.findsecbugs.injection.command.CommandInjectionDetectorAdvancedTest" time="0.356"/>
  <testcase name="detectCommandInjection" classname="com.h3xstream.findsecbugs.injection.command.CommandInjectionDetectorTest" time="0.905"/>
  <testcase name="detectBeanInjection" classname="com.h3xstream.findsecbugs.injection.beans.BeanInjectionDetectorTest" time="0.402"/>
  <testcase name="detectFileDisclosure" classname="com.h3xstream.findsecbugs.injection.fileDisclosure.FileDisclosureDetectorTest" time="0.399"/>
  <testcase name="detectFileDisclosureWithRequestDispatcher" classname="com.h3xstream.findsecbugs.injection.fileDisclosure.FileDisclosureDetectorTest" time="0.35"/>
  <testcase name="detectSmtpInjection" classname="com.h3xstream.findsecbugs.injection.smtp.SmtpHeaderInjectionDetectorTest" time="0.362"/>
  <testcase name="detectFormatStringManipulation" classname="com.h3xstream.findsecbugs.injection.formatter.FormatStringManipulationDetectorTest" time="0.362"/>
  <testcase name="detectAwsQueryInjection" classname="com.h3xstream.findsecbugs.injection.aws.AwsQueryInjectionDetectorTest" time="0.318"/>
  <testcase name="avoidFalsePositive" classname="com.h3xstream.findsecbugs.injection.stringbuilder.InjectionWithStringBuilderTest" time="0.325"/>
  <testcase name="detectSuspiciousCase" classname="com.h3xstream.findsecbugs.injection.stringbuilder.InjectionWithStringBuilderTest" time="0.35"/>
  <testcase name="validateSinks" classname="com.h3xstream.findsecbugs.injection.SinkFilesValidationTest" time="0.083"/>
  <testcase name="detectSqlInjection" classname="com.h3xstream.findsecbugs.scala.ScalaSqlInjectionSlickDetectorTest" time="2.899"/>
  <testcase name="detectSSRFInController" classname="com.h3xstream.findsecbugs.scala.SSRFDetectorTest" time="2.443"/>
  <testcase name="detectURLConnectionSSRF" classname="com.h3xstream.findsecbugs.scala.SSRFDetectorTest" time="0.373"/>
  <testcase name="detectCommandInjection" classname="com.h3xstream.findsecbugs.scala.ScalaCommandInjectionDetectorTest" time="1.574"/>
  <testcase name="detectSqlInjection" classname="com.h3xstream.findsecbugs.scala.ScalaSqlInjectionAnormDetectorTest" time="4.519"/>
  <testcase name="detectXssInController" classname="com.h3xstream.findsecbugs.scala.ScalaXssDetectorTest" time="1.296"/>
  <testcase name="detectCommandInjection" classname="com.h3xstream.findsecbugs.scala.ScalaPathTraversalDetectorTest" time="0.971"/>
  <testcase name="detectUsePredictableRandom" classname="com.h3xstream.findsecbugs.scala.PlayUnvalidatedRedirectDetectorTest" time="0.857"/>
  <testcase name="detectSensitiveDataExposure" classname="com.h3xstream.findsecbugs.scala.ScalaSensitiveDataExposureDetectorTest" time="2.108"/>
  <testcase name="detectSslDisabler" classname="com.h3xstream.findsecbugs.scala.SslDisablerDetectorTest" time="0.396"/>
  <testcase name="detectWeakHostnameVerifier" classname="com.h3xstream.findsecbugs.crypto.WeakTrustManagerDetectorTest" time="0.264"/>
  <testcase name="detectWeakTrustManager" classname="com.h3xstream.findsecbugs.crypto.WeakTrustManagerDetectorTest" time="0.473"/>
  <testcase name="detectWeakTrustManagerSslDisabler" classname="com.h3xstream.findsecbugs.crypto.WeakTrustManagerDetectorTest" time="0.362"/>
  <testcase name="detectErrorMessageUsage" classname="com.h3xstream.findsecbugs.crypto.ErrorMessageExposureDetectorTest" time="0.313"/>
  <testcase name="avoidFalsePositiveDecrypt" classname="com.h3xstream.findsecbugs.crypto.StaticIvDetectorTest" time="0.327"/>
  <testcase name="avoidFalsePositiveGenerateWithKeyGenerator" classname="com.h3xstream.findsecbugs.crypto.StaticIvDetectorTest" time="0.33"/>
  <testcase name="avoidFalsePositiveSecRandom" classname="com.h3xstream.findsecbugs.crypto.StaticIvDetectorTest" time="0.356"/>
  <testcase name="detectConstantIv" classname="com.h3xstream.findsecbugs.crypto.StaticIvDetectorTest" time="0.355"/>
  <testcase name="detectStaticIv" classname="com.h3xstream.findsecbugs.crypto.StaticIvDetectorTest" time="0.403"/>
  <testcase name="detectUnencryptedSocket" classname="com.h3xstream.findsecbugs.crypto.UnencryptedServerSocketDetectorTest" time="0.33"/>
  <testcase name="detectBadKeySize" classname="com.h3xstream.findsecbugs.crypto.InsecureSmtpSslDetectorTest" time="0.294"/>
  <testcase name="detectCustomDigest" classname="com.h3xstream.findsecbugs.crypto.CustomMessageDigestDetectorTest" time="0.368"/>
  <testcase name="detectDesCipher" classname="com.h3xstream.findsecbugs.crypto.DesUsageDetectorTest" time="0.324"/>
  <testcase name="detectDesKeyGeneration" classname="com.h3xstream.findsecbugs.crypto.DesUsageDetectorTest" time="0.304"/>
  <testcase name="detectBadKeySize" classname="com.h3xstream.findsecbugs.crypto.InsufficientKeySizeRsaDetectorTest" time="0.396"/>
  <testcase name="detectEcryptor" classname="com.h3xstream.findsecbugs.crypto.EsapiEncryptorDetectorTest" time="0.303"/>
  <testcase name="detectRsaNoPadding" classname="com.h3xstream.findsecbugs.crypto.RsaNoPaddingDetectorTest" time="0.299"/>
  <testcase name="detectBadKeySize" classname="com.h3xstream.findsecbugs.crypto.InsufficientKeySizeBlowfishDetectorTest" time="0.287"/>
  <testcase name="detectUnencryptedSocket" classname="com.h3xstream.findsecbugs.crypto.UnencryptedSocketDetectorTest" time="0.35"/>
  <testcase name="detectEcbMode" classname="com.h3xstream.findsecbugs.crypto.EcbModeDetectorTest" time="0.314"/>
  <testcase name="detectNullCipher" classname="com.h3xstream.findsecbugs.crypto.NullCipherDetectorTest" time="0.328"/>
  <testcase name="detectHazelcastSymmetric" classname="com.h3xstream.findsecbugs.crypto.HazelcastSymmetricEncryptionDetectorTest" time="0.288"/>
  <testcase name="detectNoIntegrity" classname="com.h3xstream.findsecbugs.crypto.CipherWithNoIntegrityDetectorTest" time="0.327"/>
  <testcase name="detectBadHexa" classname="com.h3xstream.findsecbugs.crypto.BadHexadecimalConversionDetectorTest" time="0.337"/>
  <testcase name="detectWeakTLS" classname="com.h3xstream.findsecbugs.crypto.WeakTLSDetectorTest" time="0.315"/>
  <testcase name="detectWeakDigest" classname="com.h3xstream.findsecbugs.crypto.WeakMessageDigestDetectorTest" time="0.359"/>
  <testcase name="detectWeakDigestAdditionalSignatures" classname="com.h3xstream.findsecbugs.crypto.WeakMessageDigestDetectorTest" time="0.327"/>
  <testcase name="detectWeakDigestApache" classname="com.h3xstream.findsecbugs.crypto.WeakMessageDigestDetectorTest" time="0.372"/>
  <testcase name="detectHardCodeCredentials" classname="com.h3xstream.findsecbugs.password.HardcodePasswordInMapDetectorTest" time="0.297"/>
  <testcase name="detectHardCodeCredentialsVariousMap" classname="com.h3xstream.findsecbugs.password.HardcodePasswordInMapDetectorTest" time="0.322"/>
  <testcase name="detectHardCodePasswordsAndKeys" classname="com.h3xstream.findsecbugs.password.ConstantPasswordDetectorTest" time="0.683"/>
  <testcase name="detectHardCodePasswordsAndKeys" classname="com.h3xstream.findsecbugs.password.IntuitiveHardcodePasswordDetectorTest" time="0.314"/>
  <testcase name="detectHardCodeApiKey" classname="com.h3xstream.findsecbugs.password.GoogleApiKeyDetectorTest" time="0.413"/>
  <testcase name="detectHardCodeApiKeyWithClassRename" classname="com.h3xstream.findsecbugs.password.GoogleApiKeyDetectorTest" time="0.391"/>
  <testcase name="detectUnsafeHashEquals" classname="com.h3xstream.findsecbugs.password.HashUnsafeEqualsDetectorTest" time="0.405"/>
  <testcase name="detectHardCodePasswordsWithEquals" classname="com.h3xstream.findsecbugs.password.HardcodedPasswordEqualsDetectorTest" time="0.307"/>
  <testcase name="testSafeTestCases" classname="com.h3xstream.findsecbugs.taintanalysis.TaintAnalysisTaintedByAnnotationTest" time="0.396"/>
  <testcase name="testUnsafeTestCases" classname="com.h3xstream.findsecbugs.taintanalysis.TaintAnalysisTaintedByAnnotationTest" time="0.404"/>
  <testcase name="testVariousTaintedAnnotations" classname="com.h3xstream.findsecbugs.taintanalysis.TaintAnalysisTaintedByAnnotationTest" time="0.336"/>
  <testcase name="testSafeTestCases" classname="com.h3xstream.findsecbugs.taintanalysis.JaxRsAnnotatedControllerTest" time="0.31"/>
  <testcase name="validateSimpleTaintMethodConfig" classname="com.h3xstream.findsecbugs.taintanalysis.TaintMethodConfigTest" time="0"/>
  <testcase name="validateGeneralTaintConfigAndSafeEncoders" classname="com.h3xstream.findsecbugs.taintanalysis.TaintConfigValidationTest" time="0.185"/>
  <testcase name="testDerivedConfiguration" classname="com.h3xstream.findsecbugs.taintanalysis.TaintDataflowEngineTest" time="0.749"/>
  <testcase name="validateSimpleTaintFrame" classname="com.h3xstream.findsecbugs.taintanalysis.TaintFrameTest" time="0.001"/>
  <testcase name="validateSimpleTaintFrameWithLocal" classname="com.h3xstream.findsecbugs.taintanalysis.TaintFrameTest" time="0"/>
  <testcase name="validateSimpleTaintFrameWithLocalUnSet" classname="com.h3xstream.findsecbugs.taintanalysis.TaintFrameTest" time="0.002"/>
  <testcase name="validateSimpleTaintFrameWithOptionalAndConstant" classname="com.h3xstream.findsecbugs.taintanalysis.TaintFrameTest" time="0"/>
  <testcase name="validateSimpleTaintFrameWithUnknownSources" classname="com.h3xstream.findsecbugs.taintanalysis.TaintFrameTest" time="0.001"/>
  <testcase name="detectServletVariousInputs" classname="com.h3xstream.findsecbugs.endpoint.ServletEndpointDetectorTest" time="0.611"/>
  <testcase name="detectTapestryPagePojo" classname="com.h3xstream.findsecbugs.endpoint.TapestryEndpointDetectorTest" time="0.27"/>
  <testcase name="detectTapestryPageWithFrameworkReference" classname="com.h3xstream.findsecbugs.endpoint.TapestryEndpointDetectorTest" time="0.274"/>
  <testcase name="noFalsePositiveOnOtherClass" classname="com.h3xstream.findsecbugs.endpoint.TapestryEndpointDetectorTest" time="0.295"/>
  <testcase name="detectStruts1Endpoint" classname="com.h3xstream.findsecbugs.endpoint.Struts1EndpointDetectorTest" time="0.303"/>
  <testcase name="detectSpringController" classname="com.h3xstream.findsecbugs.endpoint.SpringMvcEndpointDetectorTest" time="0.325"/>
  <testcase name="detectJaxWsEndpoint" classname="com.h3xstream.findsecbugs.endpoint.JaxWsEndpointDetectorTest" time="0.283"/>
  <testcase name="detectStruts2Endpoint" classname="com.h3xstream.findsecbugs.endpoint.Struts2EndpointDetectorTest" time="0.296"/>
  <testcase name="detectJaxRsEndpoint" classname="com.h3xstream.findsecbugs.endpoint.JaxRsEndpointDetectorTest" time="0.283"/>
  <testcase name="detectWicketEndpoint" classname="com.h3xstream.findsecbugs.endpoint.WicketEndpointDetectorTest" time="0.268"/>
  <testcase name="detectPathTraversal" classname="com.h3xstream.findsecbugs.file.NioPathTraversalTest" time="0.283"/>
  <testcase name="detectPathTraversal" classname="com.h3xstream.findsecbugs.file.PathTraversalDetectorTest" time="0.369"/>
  <testcase name="avoidPathTraversalSafeValue" classname="com.h3xstream.findsecbugs.file.ConstantValueTest" time="0.716"/>
  <testcase name="detectTaintedFilename" classname="com.h3xstream.findsecbugs.file.FileUploadFilenameDetectorTest" time="0.346"/>
  <testcase name="avoidFPXxeVulnerabilityXPath" classname="com.h3xstream.findsecbugs.xml.XxeDetectorXPathExpressionTest" time="0.315"/>
  <testcase name="detectXxeVulnerabilityXPath" classname="com.h3xstream.findsecbugs.xml.XxeDetectorXPathExpressionTest" time="0.33"/>
  <testcase name="xslt1SafeStaticResource" classname="com.h3xstream.findsecbugs.xml.StdXmlTransformDetectorTest" time="0.36"/>
  <testcase name="xslt2UnsafeResource" classname="com.h3xstream.findsecbugs.xml.StdXmlTransformDetectorTest" time="0.367"/>
  <testcase name="xslt3UnsafeResource" classname="com.h3xstream.findsecbugs.xml.StdXmlTransformDetectorTest" time="0.367"/>
  <testcase name="xslt4UnsafeResource" classname="com.h3xstream.findsecbugs.xml.StdXmlTransformDetectorTest" time="0.378"/>
  <testcase name="xslt5SafeResource" classname="com.h3xstream.findsecbugs.xml.StdXmlTransformDetectorTest" time="0.372"/>
  <testcase name="avoidFalsePositiveOnSafeConfiguration" classname="com.h3xstream.findsecbugs.xml.DocumentBuilderSafePropertyTest" time="0.352"/>
  <testcase name="detectUnsafeNoSpecialSettings" classname="com.h3xstream.findsecbugs.xml.DocumentBuilderSafePropertyTest" time="0.346"/>
  <testcase name="detectUnsafePartialConfiguration" classname="com.h3xstream.findsecbugs.xml.DocumentBuilderSafePropertyTest" time="0.355"/>
  <testcase name="avoidFPWithFilteredReader" classname="com.h3xstream.findsecbugs.xml.XmlStreamReaderDetectorTest" time="0.316"/>
  <testcase name="avoidFPWithXMLEventReader" classname="com.h3xstream.findsecbugs.xml.XmlStreamReaderDetectorTest" time="0.31"/>
  <testcase name="avoidFPWithXMLStreamReader" classname="com.h3xstream.findsecbugs.xml.XmlStreamReaderDetectorTest" time="0.32"/>
  <testcase name="detectXxeWithFilteredReader" classname="com.h3xstream.findsecbugs.xml.XmlStreamReaderDetectorTest" time="0.265"/>
  <testcase name="detectXxeWithXMLEventReader" classname="com.h3xstream.findsecbugs.xml.XmlStreamReaderDetectorTest" time="0.305"/>
  <testcase name="detectXxeWithXMLStreamReader" classname="com.h3xstream.findsecbugs.xml.XmlStreamReaderDetectorTest" time="0.302"/>
  <testcase name="avoidFalsePositive_TransformerFactory" classname="com.h3xstream.findsecbugs.xml.TransformerFactoryDetectorTest" time="0.331"/>
  <testcase name="detectVariation_SaxTransformerFactory" classname="com.h3xstream.findsecbugs.xml.TransformerFactoryDetectorTest" time="0.283"/>
  <testcase name="detectXxe_TransformerFactory" classname="com.h3xstream.findsecbugs.xml.TransformerFactoryDetectorTest" time="0.366"/>
  <testcase name="avoidFalsePositiveOnSafeCases" classname="com.h3xstream.findsecbugs.xml.SaxParserSafePropertyTest" time="0.329"/>
  <testcase name="detectUnsafeNoSpecialSettings" classname="com.h3xstream.findsecbugs.xml.SaxParserSafePropertyTest" time="0.328"/>
  <testcase name="detectXxe" classname="com.h3xstream.findsecbugs.xml.XxeDetectorTest" time="0.298"/>
  <testcase name="detectXxeFromDocumentBuilder" classname="com.h3xstream.findsecbugs.xml.XxeDetectorTest" time="0.283"/>
  <testcase name="safeWithUseOfEntityResolver" classname="com.h3xstream.findsecbugs.xml.XxeDetectorTest" time="0.307"/>
  <testcase name="safeWithUseOfPrivilegeExceptionAction" classname="com.h3xstream.findsecbugs.xml.XxeDetectorTest" time="0.34"/>
  <testcase name="avoidFalsePositive" classname="com.h3xstream.findsecbugs.xml.XmlReaderDetectorTest" time="0.297"/>
  <testcase name="detectXxe" classname="com.h3xstream.findsecbugs.xml.XmlReaderDetectorTest" time="0.3"/>
  <testcase name="avoidHttpOnlyBasicFalsePositive" classname="com.h3xstream.findsecbugs.cookie.CookieFlagsDetectorTest" time="0.315"/>
  <testcase name="avoidSecureFlagBasicFalsePositive" classname="com.h3xstream.findsecbugs.cookie.CookieFlagsDetectorTest" time="0.308"/>
  <testcase name="detectHttpOnlyCookieBasic" classname="com.h3xstream.findsecbugs.cookie.CookieFlagsDetectorTest" time="0.309"/>
  <testcase name="detectSecureFlagCookieBasic" classname="com.h3xstream.findsecbugs.cookie.CookieFlagsDetectorTest" time="0.306"/>
  <testcase name="detectPersistentCookieUsage" classname="com.h3xstream.findsecbugs.cookie.PersistentCookieDetectorTest" time="0.291"/>
  <testcase name="detectCookieUsage" classname="com.h3xstream.findsecbugs.cookie.CookieReadDetectorTest" time="0.291"/>
  <testcase name="detectUrlRewriting" classname="com.h3xstream.findsecbugs.cookie.UrlRewritingDetectorTest" time="0.295"/>
  <testcase name="detectUsePredictableRandom" classname="com.h3xstream.findsecbugs.PredictableRandomDetectorTest" time="0.327"/>
  <testcase name="probeByteCodeDebug" classname="com.h3xstream.findsecbugs.common.ByteCodeTest" time="0.041"/>
  <testcase name="avoidFalsePositive" classname="com.h3xstream.findsecbugs.common.ByteCodeTraceTest" time="2.148"/>
  <testcase name="detectDes1" classname="com.h3xstream.findsecbugs.PotentialValueDetectorTest" time="0.322"/>
  <testcase name="detectHardcodePassword1" classname="com.h3xstream.findsecbugs.PotentialValueDetectorTest" time="0.313"/>
  <testcase name="detectUsePredictableRandom" classname="com.h3xstream.findsecbugs.PredictableRandomDetectorScalaTest" time="1.486"/>
  <testcase name="coverStaticClasses" classname="com.h3xstream.findsecbugs.bugs.CoberturaCoverageTest" time="0.001"/>
  <testcase name="detectSecureFlagCookieBasic" classname="com.h3xstream.findsecbugs.bugs.OutOfBoundMutableTest" time="0.314"/>
  <testcase name="detectUnknownSourceField" classname="com.h3xstream.findsecbugs.bugs.UnknownSourcesStringBuilderTest" time="0.449"/>
  <testcase name="detectUnknownSourceReadLine" classname="com.h3xstream.findsecbugs.bugs.UnknownSourcesStringBuilderTest" time="0.389"/>
  <testcase name="avoidReadObjectFalsePositive" classname="com.h3xstream.findsecbugs.serial.ObjectDeserializationDetectorTest" time="0.456"/>
  <testcase name="detectObjectDeserialization" classname="com.h3xstream.findsecbugs.serial.ObjectDeserializationDetectorTest" time="0.373"/>
  <testcase name="detectObjectDeserializationClassLoaderObjectInputStream" classname="com.h3xstream.findsecbugs.serial.ObjectDeserializationDetectorTest" time="0.503"/>
  <testcase name="avoidJacksonFalsePositive" classname="com.h3xstream.findsecbugs.serial.UnsafeJacksonDeserializationDetectorTest" time="0.286"/>
  <testcase name="testJacksonDeserialization" classname="com.h3xstream.findsecbugs.serial.UnsafeJacksonDeserializationDetectorTest" time="0.303"/>
  <testcase name="detectCommonsCollectionGadget" classname="com.h3xstream.findsecbugs.serial.DeserializationGadgetDetectorTest" time="0.473"/>
  <testcase name="detectGroovyGadget" classname="com.h3xstream.findsecbugs.serial.DeserializationGadgetDetectorTest" time="0.36"/>
  <testcase name="detectSpringGadget" classname="com.h3xstream.findsecbugs.serial.DeserializationGadgetDetectorTest" time="0.379"/>
  <testcase name="detectXmlDecoder" classname="com.h3xstream.findsecbugs.XmlDecoderDetectorTest" time="0.297"/>
  <testcase name="detectWebViewJavascriptEnabled" classname="com.h3xstream.findsecbugs.android.WebViewJavascriptEnabledDetectorTest" time="0.305"/>
  <testcase name="detectGeolocationFromWebView" classname="com.h3xstream.findsecbugs.android.GeolocationDetectorTest" time="0.319"/>
  <testcase name="detectSendBroadcast" classname="com.h3xstream.findsecbugs.android.BroadcastDetectorTest" time="0.329"/>
  <testcase name="detectWorldWritableHandle" classname="com.h3xstream.findsecbugs.android.WorldWritableDetectorTest" time="0.5"/>
  <testcase name="detectExternalFileAccess" classname="com.h3xstream.findsecbugs.android.ExternalFileAccessDetectorTest" time="0.339"/>
  <testcase name="detectWebViewJavascriptInterface" classname="com.h3xstream.findsecbugs.android.WebViewJavascriptInterfaceDetectorTest" time="0.497"/>
  <testcase name="detectAnonymousLdapBind" classname="com.h3xstream.findsecbugs.ldap.LdapEntryPoisoningDetectorTest" time="0.294"/>
  <testcase name="detectAnonymousLdapBind" classname="com.h3xstream.findsecbugs.ldap.SpringLdapInjectionTest" time="0.383"/>
  <testcase name="detectAnonymousLdapBind" classname="com.h3xstream.findsecbugs.ldap.AnonymousLdapDetectorTest" time="0.308"/>
  <testcase name="version" classname="com.h3xstream.findsecbugs.FindSecBugsGlobalConfigTest" time="0"/>
  <testcase name="strutsFormWithValidation" classname="com.h3xstream.findsecbugs.StrutsValidatorFormDetectorTest" time="0.306"/>
  <testcase name="strutsFormWithoutValidation1" classname="com.h3xstream.findsecbugs.StrutsValidatorFormDetectorTest" time="0.266"/>
  <testcase name="strutsFormWithoutValidation2" classname="com.h3xstream.findsecbugs.StrutsValidatorFormDetectorTest" time="0.267"/>
  <testcase name="jspEscape_weblogic" classname="com.h3xstream.findsecbugs.jsp.JstlOutDetectorWeblogicTest" time="0.621"/>
  <testcase name="testXsl1" classname="com.h3xstream.findsecbugs.jsp.XslTransformJspDetectorTest" time="0.436"/>
  <testcase name="testXsl2" classname="com.h3xstream.findsecbugs.jsp.XslTransformJspDetectorTest" time="0.396"/>
  <testcase name="testXsl3" classname="com.h3xstream.findsecbugs.jsp.XslTransformJspDetectorTest" time="0.377"/>
  <testcase name="testXsl4" classname="com.h3xstream.findsecbugs.jsp.XslTransformJspDetectorTest" time="0.552"/>
  <testcase name="jspEscape1_safe" classname="com.h3xstream.findsecbugs.jsp.JstlOutDetectorTest" time="0.424"/>
  <testcase name="jspEscape2_unsafe" classname="com.h3xstream.findsecbugs.jsp.JstlOutDetectorTest" time="0.382"/>
  <testcase name="jspEscape3_safe" classname="com.h3xstream.findsecbugs.jsp.JstlOutDetectorTest" time="0.392"/>
  <testcase name="jspEscape4_unknown" classname="com.h3xstream.findsecbugs.jsp.JstlOutDetectorTest" time="0.393"/>
  <testcase name="jspSpringEval1_unsafe" classname="com.h3xstream.findsecbugs.jsp.JspSpringEvalDetectorTest" time="0.725"/>
  <testcase name="jspSpringEval2_unsafe" classname="com.h3xstream.findsecbugs.jsp.JspSpringEvalDetectorTest" time="0.773"/>
  <testcase name="jspSpringEval3_unsafe" classname="com.h3xstream.findsecbugs.jsp.JspSpringEvalDetectorTest" time="0.607"/>
  <testcase name="jspSpringEval4_safe" classname="com.h3xstream.findsecbugs.jsp.JspSpringEvalDetectorTest" time="2.18"/>
  <testcase name="jspInclude1_unsafe" classname="com.h3xstream.findsecbugs.jsp.JspIncludeDetectorTest" time="0.357"/>
  <testcase name="jspInclude2_safe" classname="com.h3xstream.findsecbugs.jsp.JspIncludeDetectorTest" time="0.366"/>
  <testcase name="jspInclude3_unsafe" classname="com.h3xstream.findsecbugs.jsp.JspIncludeDetectorTest" time="0.422"/>
  <testcase name="detectWeakFilenameUtils" classname="com.h3xstream.findsecbugs.WeakFilenameUtilsMethodDetectorTest" time="0.542"/>
  <testcase name="avoidFalsePositiveOnSafeSpringCsrfRequestMapping" classname="com.h3xstream.findsecbugs.csrf.SpringCsrfUnrestrictedRequestMappingDetectorTest" time="0.265"/>
  <testcase name="detectSpringCsrfUnrestrictedRequestMapping" classname="com.h3xstream.findsecbugs.csrf.SpringCsrfUnrestrictedRequestMappingDetectorTest" time="0.254"/>
  <testcase name="detectSpringCsrfProtectionDisabled" classname="com.h3xstream.findsecbugs.csrf.SpringCsrfProtectionDisabledDetectorTest" time="0.253"/>
  <testcase name="detectPermissiveCORS" classname="com.h3xstream.findsecbugs.PermissiveCORSDetectorTest" time="0.295"/>
  <testcase name="detectXPathInjectionApache" classname="com.h3xstream.findsecbugs.xpath.XPathApacheXmlSecTest" time="0.295"/>
  <testcase name="detectXPathInjectionJavax" classname="com.h3xstream.findsecbugs.xpath.XPathInjectionJavaxDetectorTest" time="0.335"/>
  <testcase name="detectXPathInjectionApache" classname="com.h3xstream.findsecbugs.xpath.XPathInjectionApacheXPathApiDetectorTest" time="0.298"/>
  <testcase name="detectCatalog" classname="com.h3xstream.findsecbugs.ExternalConfigurationControlDetectorTest" time="0.278"/>
  <testcase name="allSignatures" classname="com.h3xstream.findsecbugs.template.VelocityDetectorTest" time="0.312"/>
  <testcase name="avoidBasicFalsePositive" classname="com.h3xstream.findsecbugs.template.VelocityDetectorTest" time="0.319"/>
  <testcase name="basicUsagesTesting" classname="com.h3xstream.findsecbugs.template.VelocityDetectorTest" time="0.31"/>
  <testcase name="allSignatures" classname="com.h3xstream.findsecbugs.template.FreemarkerDetectorTest" time="0.348"/>
  <testcase name="basicUsagesTesting" classname="com.h3xstream.findsecbugs.template.FreemarkerDetectorTest" time="0.33"/>
  <testcase name="detectUnvalidatedRedirect" classname="com.h3xstream.findsecbugs.UnvalidatedRedirectDetectorTest" time="0.278"/>
  <testcase name="detectResponseSplitting" classname="com.h3xstream.findsecbugs.HttpResponseSplittingDetectorTest" time="0.345"/>
  <testcase name="detectSpringUnvalidatedRedirect" classname="com.h3xstream.findsecbugs.spring.SpringUnvalidatedRedirectDetectorTest" time="0.302"/>
  <testcase name="analyseSafePattern" classname="com.h3xstream.findsecbugs.ReDosDetectorTest" time="0.004"/>
  <testcase name="analyseSuspectPattern" classname="com.h3xstream.findsecbugs.ReDosDetectorTest" time="0.001"/>
  <testcase name="detectRedosInCode" classname="com.h3xstream.findsecbugs.ReDosDetectorTest" time="0.332"/>
</testsuite>