<?xml version="1.0" encoding="UTF-8"?>
<testsuite xmlns:xsi="http://www.w3.org/2001/XMLSchema-instance" xsi:noNamespaceSchemaLocation="https://maven.apache.org/surefire/maven-surefire-plugin/xsd/surefire-test-report.xsd" name="de.isas.lipidomics.jmztabm.io.serialization.StudyVariableSerializerTest" time="0.039" tests="1" errors="0" skipped="0" failures="0">
  <properties>
    <property name="awt.toolkit" value="sun.awt.X11.XToolkit"/>
    <property name="file.encoding.pkg" value="sun.io"/>
    <property name="java.specification.version" value="1.8"/>
    <property name="sun.cpu.isalist" value=""/>
    <property name="sun.jnu.encoding" value="UTF-8"/>
    <property name="java.class.path" value="/root/workspace/nilshoffmann/jmzTab-m/386238601/io/target/test-classes:/root/workspace/nilshoffmann/jmzTab-m/386238601/io/target/classes:/root/./workspace/nilshoffmann/jmzTab-m/386238601/.m2/org/projectlombok/lombok/1.16.20/lombok-1.16.20.jar:/root/workspace/nilshoffmann/jmzTab-m/386238601/api/target/classes:/root/./workspace/nilshoffmann/jmzTab-m/386238601/.m2/io/swagger/swagger-annotations/1.5.16/swagger-annotations-1.5.16.jar:/root/./workspace/nilshoffmann/jmzTab-m/386238601/.m2/com/fasterxml/jackson/core/jackson-core/2.9.5/jackson-core-2.9.5.jar:/root/./workspace/nilshoffmann/jmzTab-m/386238601/.m2/com/fasterxml/jackson/core/jackson-annotations/2.9.5/jackson-annotations-2.9.5.jar:/root/./workspace/nilshoffmann/jmzTab-m/386238601/.m2/com/fasterxml/jackson/core/jackson-databind/2.9.5/jackson-databind-2.9.5.jar:/root/./workspace/nilshoffmann/jmzTab-m/386238601/.m2/com/fasterxml/jackson/dataformat/jackson-dataformat-csv/2.9.5/jackson-dataformat-csv-2.9.5.jar:/root/./workspace/nilshoffmann/jmzTab-m/386238601/.m2/com/fasterxml/jackson/datatype/jackson-datatype-joda/2.9.5/jackson-datatype-joda-2.9.5.jar:/root/./workspace/nilshoffmann/jmzTab-m/386238601/.m2/joda-time/joda-time/2.9.9/joda-time-2.9.9.jar:/root/./workspace/nilshoffmann/jmzTab-m/386238601/.m2/com/brsanthu/migbase64/2.2/migbase64-2.2.jar:/root/./workspace/nilshoffmann/jmzTab-m/386238601/.m2/javax/validation/validation-api/2.0.0.Final/validation-api-2.0.0.Final.jar:/root/./workspace/nilshoffmann/jmzTab-m/386238601/.m2/com/fasterxml/jackson/dataformat/jackson-dataformat-xml/2.9.5/jackson-dataformat-xml-2.9.5.jar:/root/./workspace/nilshoffmann/jmzTab-m/386238601/.m2/com/fasterxml/jackson/module/jackson-module-jaxb-annotations/2.9.5/jackson-module-jaxb-annotations-2.9.5.jar:/root/./workspace/nilshoffmann/jmzTab-m/386238601/.m2/org/codehaus/woodstox/stax2-api/3.1.4/stax2-api-3.1.4.jar:/root/./workspace/nilshoffmann/jmzTab-m/386238601/.m2/com/fasterxml/woodstox/woodstox-core/5.0.3/woodstox-core-5.0.3.jar:/root/./workspace/nilshoffmann/jmzTab-m/386238601/.m2/org/slf4j/slf4j-api/1.7.25/slf4j-api-1.7.25.jar:/root/workspace/nilshoffmann/jmzTab-m/386238601/test-utils/target/classes:/root/./workspace/nilshoffmann/jmzTab-m/386238601/.m2/junit/junit/4.12/junit-4.12.jar:/root/./workspace/nilshoffmann/jmzTab-m/386238601/.m2/org/hamcrest/hamcrest-core/1.3/hamcrest-core-1.3.jar:"/>
    <property name="java.vm.vendor" value="Oracle Corporation"/>
    <property name="skip.bower" value="true"/>
    <property name="sun.arch.data.model" value="64"/>
    <property name="java.vendor.url" value="http://java.oracle.com/"/>
    <property name="user.timezone" value=""/>
    <property name="java.vm.specification.version" value="1.8"/>
    <property name="os.name" value="Linux"/>
    <property name="rat.skip" value="true"/>
    <property name="gpg.skip" value="true"/>
    <property name="sun.java.launcher" value="SUN_STANDARD"/>
    <property name="sun.boot.library.path" value="/usr/lib/jvm/java-8-openjdk-amd64/jre/lib/amd64"/>
    <property name="skip.gulp" value="true"/>
    <property name="sun.java.command" value="/root/workspace/nilshoffmann/jmzTab-m/386238601/io/target/surefire/surefirebooter5350652502584982811.jar /root/workspace/nilshoffmann/jmzTab-m/386238601/io/target/surefire 2018-05-31T17-59-16_518-jvmRun1 surefire3589782911349594756tmp surefire_11127855467634480095tmp"/>
    <property name="dependency-check.skip" value="true"/>
    <property name="surefire.test.class.path" value="/root/workspace/nilshoffmann/jmzTab-m/386238601/io/target/test-classes:/root/workspace/nilshoffmann/jmzTab-m/386238601/io/target/classes:/root/./workspace/nilshoffmann/jmzTab-m/386238601/.m2/org/projectlombok/lombok/1.16.20/lombok-1.16.20.jar:/root/workspace/nilshoffmann/jmzTab-m/386238601/api/target/classes:/root/./workspace/nilshoffmann/jmzTab-m/386238601/.m2/io/swagger/swagger-annotations/1.5.16/swagger-annotations-1.5.16.jar:/root/./workspace/nilshoffmann/jmzTab-m/386238601/.m2/com/fasterxml/jackson/core/jackson-core/2.9.5/jackson-core-2.9.5.jar:/root/./workspace/nilshoffmann/jmzTab-m/386238601/.m2/com/fasterxml/jackson/core/jackson-annotations/2.9.5/jackson-annotations-2.9.5.jar:/root/./workspace/nilshoffmann/jmzTab-m/386238601/.m2/com/fasterxml/jackson/core/jackson-databind/2.9.5/jackson-databind-2.9.5.jar:/root/./workspace/nilshoffmann/jmzTab-m/386238601/.m2/com/fasterxml/jackson/dataformat/jackson-dataformat-csv/2.9.5/jackson-dataformat-csv-2.9.5.jar:/root/./workspace/nilshoffmann/jmzTab-m/386238601/.m2/com/fasterxml/jackson/datatype/jackson-datatype-joda/2.9.5/jackson-datatype-joda-2.9.5.jar:/root/./workspace/nilshoffmann/jmzTab-m/386238601/.m2/joda-time/joda-time/2.9.9/joda-time-2.9.9.jar:/root/./workspace/nilshoffmann/jmzTab-m/386238601/.m2/com/brsanthu/migbase64/2.2/migbase64-2.2.jar:/root/./workspace/nilshoffmann/jmzTab-m/386238601/.m2/javax/validation/validation-api/2.0.0.Final/validation-api-2.0.0.Final.jar:/root/./workspace/nilshoffmann/jmzTab-m/386238601/.m2/com/fasterxml/jackson/dataformat/jackson-dataformat-xml/2.9.5/jackson-dataformat-xml-2.9.5.jar:/root/./workspace/nilshoffmann/jmzTab-m/386238601/.m2/com/fasterxml/jackson/module/jackson-module-jaxb-annotations/2.9.5/jackson-module-jaxb-annotations-2.9.5.jar:/root/./workspace/nilshoffmann/jmzTab-m/386238601/.m2/org/codehaus/woodstox/stax2-api/3.1.4/stax2-api-3.1.4.jar:/root/./workspace/nilshoffmann/jmzTab-m/386238601/.m2/com/fasterxml/woodstox/woodstox-core/5.0.3/woodstox-core-5.0.3.jar:/root/./workspace/nilshoffmann/jmzTab-m/386238601/.m2/org/slf4j/slf4j-api/1.7.25/slf4j-api-1.7.25.jar:/root/workspace/nilshoffmann/jmzTab-m/386238601/test-utils/target/classes:/root/./workspace/nilshoffmann/jmzTab-m/386238601/.m2/junit/junit/4.12/junit-4.12.jar:/root/./workspace/nilshoffmann/jmzTab-m/386238601/.m2/org/hamcrest/hamcrest-core/1.3/hamcrest-core-1.3.jar:"/>
    <property name="sun.cpu.endian" value="little"/>
    <property name="user.home" value="/root"/>
    <property name="user.language" value="en"/>
    <property name="java.specification.vendor" value="Oracle Corporation"/>
    <property name="java.home" value="/usr/lib/jvm/java-8-openjdk-amd64/jre"/>
    <property name="basedir" value="/root/workspace/nilshoffmann/jmzTab-m/386238601/io"/>
    <property name="file.separator" value="/"/>
    <property name="checkstyle.skip" value="true"/>
    <property name="line.separator" value="&#10;"/>
    <property name="skip.npm" value="true"/>
    <property name="java.vm.specification.vendor" value="Oracle Corporation"/>
    <property name="java.specification.name" value="Java Platform API Specification"/>
    <property name="java.awt.graphicsenv" value="sun.awt.X11GraphicsEnvironment"/>
    <property name="skipITs" value="true"/>
    <property name="surefire.real.class.path" value="/root/workspace/nilshoffmann/jmzTab-m/386238601/io/target/surefire/surefirebooter5350652502584982811.jar"/>
    <property name="cobertura.skip" value="true"/>
    <property name="sun.boot.class.path" value="/usr/lib/jvm/java-8-openjdk-amd64/jre/lib/resources.jar:/usr/lib/jvm/java-8-openjdk-amd64/jre/lib/rt.jar:/usr/lib/jvm/java-8-openjdk-amd64/jre/lib/sunrsasign.jar:/usr/lib/jvm/java-8-openjdk-amd64/jre/lib/jsse.jar:/usr/lib/jvm/java-8-openjdk-amd64/jre/lib/jce.jar:/usr/lib/jvm/java-8-openjdk-amd64/jre/lib/charsets.jar:/usr/lib/jvm/java-8-openjdk-amd64/jre/lib/jfr.jar:/usr/lib/jvm/java-8-openjdk-amd64/jre/classes"/>
    <property name="sun.management.compiler" value="HotSpot 64-Bit Tiered Compilers"/>
    <property name="java.runtime.version" value="1.8.0_121-8u121-b13-1~bpo8+1-b13"/>
    <property name="user.name" value="root"/>
    <property name="findbugs.skip" value="true"/>
    <property name="path.separator" value=":"/>
    <property name="os.version" value="3.10.0-862.3.2.el7.x86_64"/>
    <property name="java.endorsed.dirs" value="/usr/lib/jvm/java-8-openjdk-amd64/jre/lib/endorsed"/>
    <property name="java.runtime.name" value="OpenJDK Runtime Environment"/>
    <property name="file.encoding" value="UTF-8"/>
    <property name="java.vm.name" value="OpenJDK 64-Bit Server VM"/>
    <property name="localRepository" value="/root/./workspace/nilshoffmann/jmzTab-m/386238601/.m2"/>
    <property name="java.vendor.url.bug" value="http://bugreport.sun.com/bugreport/"/>
    <property name="java.io.tmpdir" value="/tmp"/>
    <property name="java.version" value="1.8.0_121"/>
    <property name="user.dir" value="/root/workspace/nilshoffmann/jmzTab-m/386238601/io"/>
    <property name="os.arch" value="amd64"/>
    <property name="license.skip" value="true"/>
    <property name="java.vm.specification.name" value="Java Virtual Machine Specification"/>
    <property name="java.awt.printerjob" value="sun.print.PSPrinterJob"/>
    <property name="sun.os.patch.level" value="unknown"/>
    <property name="java.library.path" value="/usr/java/packages/lib/amd64:/usr/lib/x86_64-linux-gnu/jni:/lib/x86_64-linux-gnu:/usr/lib/x86_64-linux-gnu:/usr/lib/jni:/lib:/usr/lib"/>
    <property name="java.vm.info" value="mixed mode"/>
    <property name="java.vendor" value="Oracle Corporation"/>
    <property name="java.vm.version" value="25.121-b13"/>
    <property name="java.ext.dirs" value="/usr/lib/jvm/java-8-openjdk-amd64/jre/lib/ext:/usr/java/packages/lib/ext"/>
    <property name="sun.io.unicode.encoding" value="UnicodeLittle"/>
    <property name="maven.repo.local" value="/root/./workspace/nilshoffmann/jmzTab-m/386238601/.m2"/>
    <property name="enforcer.skip" value="true"/>
    <property name="java.class.version" value="52.0"/>
  </properties>
  <testcase name="testSerialize" classname="de.isas.lipidomics.jmztabm.io.serialization.StudyVariableSerializerTest" time="0.039"/>
</testsuite>