<?xml version="1.0" encoding="UTF-8"?>
<!-- Generated by org.testng.reporters.JUnitReportReporter -->
<testsuite hostname="cyclone1" name="org.molgenis.beacon.service.BeaconInfoServiceTest" tests="2" failures="0" timestamp="6 Jun 2018 08:49:17 GMT" time="0.016" errors="0">
  <testcase name="getAvailableBeaconsTest" time="0.015" classname="org.molgenis.beacon.service.BeaconInfoServiceTest"/>
  <testcase name="infoTest" time="0.001" classname="org.molgenis.beacon.service.BeaconInfoServiceTest"/>
</testsuite> <!-- org.molgenis.beacon.service.BeaconInfoServiceTest -->
