<?xml version="1.0" encoding="UTF-8"?>
<!-- Generated by org.testng.reporters.JUnitReportReporter -->
<testsuite hostname="cyclone1" name="org.molgenis.beacon.service.BeaconQueryServiceTest" tests="4" failures="0" timestamp="4 Jun 2018 11:17:19 GMT" time="2.353" errors="0">
  <testcase name="postQueryExistsTest" time="0.006" classname="org.molgenis.beacon.service.BeaconQueryServiceTest"/>
  <testcase name="queryErrorTest" time="0.012" classname="org.molgenis.beacon.service.BeaconQueryServiceTest"/>
  <testcase name="getQueryExistsTest" time="0.143" classname="org.molgenis.beacon.service.BeaconQueryServiceTest"/>
  <testcase name="queryNotExistsTest" time="2.192" classname="org.molgenis.beacon.service.BeaconQueryServiceTest"/>
</testsuite> <!-- org.molgenis.beacon.service.BeaconQueryServiceTest -->
