<?xml version="1.0" encoding="UTF-8"?>
<!-- Generated by org.testng.reporters.JUnitReportReporter -->
<testsuite hostname="cyclone1" name="org.molgenis.beacon.service.BeaconInfoServiceTest" tests="2" failures="0" timestamp="30 May 2018 12:54:45 GMT" time="0.461" errors="0">
  <testcase name="infoTest" time="0.261" classname="org.molgenis.beacon.service.BeaconInfoServiceTest"/>
  <testcase name="getAvailableBeaconsTest" time="0.200" classname="org.molgenis.beacon.service.BeaconInfoServiceTest"/>
</testsuite> <!-- org.molgenis.beacon.service.BeaconInfoServiceTest -->
