<?xml version="1.0" encoding="UTF-8"?>
<!-- Generated by org.testng.reporters.JUnitReportReporter -->
<testsuite hostname="cyclone1" name="org.molgenis.beacon.service.BeaconInfoServiceTest" tests="2" failures="0" timestamp="1 Jun 2018 11:41:29 GMT" time="0.404" errors="0">
  <testcase name="infoTest" time="0.215" classname="org.molgenis.beacon.service.BeaconInfoServiceTest"/>
  <testcase name="getAvailableBeaconsTest" time="0.189" classname="org.molgenis.beacon.service.BeaconInfoServiceTest"/>
</testsuite> <!-- org.molgenis.beacon.service.BeaconInfoServiceTest -->
