<?xml version="1.0" encoding="UTF-8"?>
<!-- Generated by org.testng.reporters.JUnitReportReporter -->
<testsuite hostname="cyclone1" name="org.molgenis.beacon.service.BeaconQueryServiceTest" tests="4" failures="0" timestamp="6 Jun 2018 08:49:17 GMT" time="2.570" errors="0">
  <testcase name="postQueryExistsTest" time="0.007" classname="org.molgenis.beacon.service.BeaconQueryServiceTest"/>
  <testcase name="queryErrorTest" time="0.017" classname="org.molgenis.beacon.service.BeaconQueryServiceTest"/>
  <testcase name="getQueryExistsTest" time="0.167" classname="org.molgenis.beacon.service.BeaconQueryServiceTest"/>
  <testcase name="queryNotExistsTest" time="2.379" classname="org.molgenis.beacon.service.BeaconQueryServiceTest"/>
</testsuite> <!-- org.molgenis.beacon.service.BeaconQueryServiceTest -->
