<?xml version="1.0" encoding="UTF-8"?>
<!-- Generated by org.testng.reporters.JUnitReportReporter -->
<testsuite hostname="cyclone1" name="org.molgenis.beacon.service.BeaconQueryServiceTest" tests="4" failures="0" timestamp="30 May 2018 12:54:45 GMT" time="0.659" errors="0">
  <testcase name="postQueryExistsTest" time="0.627" classname="org.molgenis.beacon.service.BeaconQueryServiceTest"/>
  <testcase name="queryErrorTest" time="0.014" classname="org.molgenis.beacon.service.BeaconQueryServiceTest"/>
  <testcase name="queryNotExistsTest" time="0.008" classname="org.molgenis.beacon.service.BeaconQueryServiceTest"/>
  <testcase name="getQueryExistsTest" time="0.010" classname="org.molgenis.beacon.service.BeaconQueryServiceTest"/>
</testsuite> <!-- org.molgenis.beacon.service.BeaconQueryServiceTest -->
