<?xml version="1.0" encoding="UTF-8"?>
<!-- Generated by org.testng.reporters.JUnitReportReporter -->
<testsuite hostname="cyclone1" name="org.molgenis.beacon.service.BeaconInfoServiceTest" tests="2" failures="0" timestamp="4 Jun 2018 11:17:19 GMT" time="0.011" errors="0">
  <testcase name="getAvailableBeaconsTest" time="0.010" classname="org.molgenis.beacon.service.BeaconInfoServiceTest"/>
  <testcase name="infoTest" time="0.001" classname="org.molgenis.beacon.service.BeaconInfoServiceTest"/>
</testsuite> <!-- org.molgenis.beacon.service.BeaconInfoServiceTest -->
