<?xml version="1.0" encoding="UTF-8"?>
<!-- Generated by org.testng.reporters.JUnitReportReporter -->
<testsuite hostname="cyclone1" name="org.molgenis.beacon.controller.BeaconControllerTest" tests="4" failures="0" timestamp="30 May 2018 12:54:45 GMT" time="3.455" errors="0">
  <testcase name="getAllBeaconsTest" time="0.307" classname="org.molgenis.beacon.controller.BeaconControllerTest"/>
  <testcase name="getQueryTest" time="0.110" classname="org.molgenis.beacon.controller.BeaconControllerTest"/>
  <testcase name="testPostQuery" time="0.090" classname="org.molgenis.beacon.controller.BeaconControllerTest"/>
  <testcase name="infoTest" time="2.948" classname="org.molgenis.beacon.controller.BeaconControllerTest"/>
</testsuite> <!-- org.molgenis.beacon.controller.BeaconControllerTest -->
