<?xml version="1.0" encoding="UTF-8"?>
<!-- Generated by org.testng.reporters.JUnitReportReporter -->
<testsuite hostname="cyclone1" name="org.molgenis.beacon.controller.BeaconControllerTest" tests="4" failures="0" timestamp="4 Jun 2018 11:17:19 GMT" time="1.755" errors="0">
  <testcase name="getQueryTest" time="0.086" classname="org.molgenis.beacon.controller.BeaconControllerTest"/>
  <testcase name="getAllBeaconsTest" time="1.561" classname="org.molgenis.beacon.controller.BeaconControllerTest"/>
  <testcase name="infoTest" time="0.047" classname="org.molgenis.beacon.controller.BeaconControllerTest"/>
  <testcase name="testPostQuery" time="0.061" classname="org.molgenis.beacon.controller.BeaconControllerTest"/>
</testsuite> <!-- org.molgenis.beacon.controller.BeaconControllerTest -->
