<?xml version="1.0" encoding="UTF-8"?>
<!-- Generated by org.testng.reporters.JUnitReportReporter -->
<testsuite hostname="cyclone1" name="org.molgenis.beacon.controller.BeaconControllerTest" tests="4" failures="0" timestamp="1 Jun 2018 11:41:29 GMT" time="2.811" errors="0">
  <testcase name="getAllBeaconsTest" time="0.305" classname="org.molgenis.beacon.controller.BeaconControllerTest"/>
  <testcase name="getQueryTest" time="0.097" classname="org.molgenis.beacon.controller.BeaconControllerTest"/>
  <testcase name="testPostQuery" time="0.080" classname="org.molgenis.beacon.controller.BeaconControllerTest"/>
  <testcase name="infoTest" time="2.329" classname="org.molgenis.beacon.controller.BeaconControllerTest"/>
</testsuite> <!-- org.molgenis.beacon.controller.BeaconControllerTest -->
