<?xml version="1.0" encoding="UTF-8"?>
<!-- Generated by org.testng.reporters.JUnitReportReporter -->
<testsuite hostname="cyclone1" name="org.molgenis.beacon.service.BeaconQueryServiceTest" tests="4" failures="0" timestamp="1 Jun 2018 11:41:29 GMT" time="0.715" errors="0">
  <testcase name="queryNotExistsTest" time="0.690" classname="org.molgenis.beacon.service.BeaconQueryServiceTest"/>
  <testcase name="postQueryExistsTest" time="0.006" classname="org.molgenis.beacon.service.BeaconQueryServiceTest"/>
  <testcase name="getQueryExistsTest" time="0.008" classname="org.molgenis.beacon.service.BeaconQueryServiceTest"/>
  <testcase name="queryErrorTest" time="0.011" classname="org.molgenis.beacon.service.BeaconQueryServiceTest"/>
</testsuite> <!-- org.molgenis.beacon.service.BeaconQueryServiceTest -->
