<?xml version="1.0" encoding="UTF-8"?>
<!-- Generated by org.testng.reporters.JUnitReportReporter -->
<testsuite hostname="cyclone1" name="org.molgenis.beacon.controller.BeaconControllerTest" tests="4" failures="0" timestamp="6 Jun 2018 08:49:17 GMT" time="1.660" errors="0">
  <testcase name="getAllBeaconsTest" time="0.181" classname="org.molgenis.beacon.controller.BeaconControllerTest"/>
  <testcase name="infoTest" time="0.048" classname="org.molgenis.beacon.controller.BeaconControllerTest"/>
  <testcase name="testPostQuery" time="1.357" classname="org.molgenis.beacon.controller.BeaconControllerTest"/>
  <testcase name="getQueryTest" time="0.074" classname="org.molgenis.beacon.controller.BeaconControllerTest"/>
</testsuite> <!-- org.molgenis.beacon.controller.BeaconControllerTest -->
