<?xml version="1.0" encoding="UTF-8"?>
<testsuite xmlns:xsi="http://www.w3.org/2001/XMLSchema-instance" xsi:schemaLocation="https://maven.apache.org/surefire/maven-surefire-plugin/xsd/surefire-test-report.xsd" name="org.matsim.core.replanning.modules.ExternalModuleTest" time="0.215" tests="2" errors="2" skipped="0" failures="0">
  <properties>
    <property name="java.vendor" value="Oracle Corporation"/>
    <property name="sun.java.launcher" value="SUN_STANDARD"/>
    <property name="sun.management.compiler" value="HotSpot 64-Bit Tiered Compilers"/>
    <property name="os.name" value="Linux"/>
    <property name="sun.boot.class.path" value="/usr/lib/jvm/java-8-openjdk-amd64/jre/lib/resources.jar:/usr/lib/jvm/java-8-openjdk-amd64/jre/lib/rt.jar:/usr/lib/jvm/java-8-openjdk-amd64/jre/lib/sunrsasign.jar:/usr/lib/jvm/java-8-openjdk-amd64/jre/lib/jsse.jar:/usr/lib/jvm/java-8-openjdk-amd64/jre/lib/jce.jar:/usr/lib/jvm/java-8-openjdk-amd64/jre/lib/charsets.jar:/usr/lib/jvm/java-8-openjdk-amd64/jre/lib/jfr.jar:/usr/lib/jvm/java-8-openjdk-amd64/jre/classes"/>
    <property name="cobertura.skip" value="true"/>
    <property name="findbugs.skip" value="true"/>
    <property name="java.vm.specification.vendor" value="Oracle Corporation"/>
    <property name="java.runtime.version" value="1.8.0_121-8u121-b13-1~bpo8+1-b13"/>
    <property name="user.name" value="root"/>
    <property name="guice.disable.misplaced.annotation.check" value="true"/>
    <property name="maven.repo.local" value="/root/./workspace/matsim-org/matsim/386581646/.m2"/>
    <property name="user.language" value="en"/>
    <property name="sun.boot.library.path" value="/usr/lib/jvm/java-8-openjdk-amd64/jre/lib/amd64"/>
    <property name="classworlds.conf" value="/usr/share/maven/bin/m2.conf"/>
    <property name="java.version" value="1.8.0_121"/>
    <property name="user.timezone" value="Europe/Paris"/>
    <property name="rat.skip" value="true"/>
    <property name="sun.arch.data.model" value="64"/>
    <property name="java.endorsed.dirs" value="/usr/lib/jvm/java-8-openjdk-amd64/jre/lib/endorsed"/>
    <property name="sun.cpu.isalist" value=""/>
    <property name="sun.jnu.encoding" value="UTF-8"/>
    <property name="file.encoding.pkg" value="sun.io"/>
    <property name="file.separator" value="/"/>
    <property name="java.specification.name" value="Java Platform API Specification"/>
    <property name="java.class.version" value="52.0"/>
    <property name="checkstyle.skip" value="true"/>
    <property name="securerandom.source" value="file:/dev/./urandom"/>
    <property name="java.home" value="/usr/lib/jvm/java-8-openjdk-amd64/jre"/>
    <property name="java.vm.info" value="mixed mode"/>
    <property name="os.version" value="3.10.0-862.3.2.el7.x86_64"/>
    <property name="path.separator" value=":"/>
    <property name="java.vm.version" value="25.121-b13"/>
    <property name="gpg.skip" value="true"/>
    <property name="java.awt.printerjob" value="sun.print.PSPrinterJob"/>
    <property name="sun.io.unicode.encoding" value="UnicodeLittle"/>
    <property name="awt.toolkit" value="sun.awt.X11.XToolkit"/>
    <property name="os.detected.release" value="debian"/>
    <property name="user.home" value="/root"/>
    <property name="java.specification.vendor" value="Oracle Corporation"/>
    <property name="java.library.path" value="/usr/java/packages/lib/amd64:/usr/lib/x86_64-linux-gnu/jni:/lib/x86_64-linux-gnu:/usr/lib/x86_64-linux-gnu:/usr/lib/jni:/lib:/usr/lib"/>
    <property name="java.vendor.url" value="http://java.oracle.com/"/>
    <property name="java.vm.vendor" value="Oracle Corporation"/>
    <property name="os.detected.release.like.debian" value="true"/>
    <property name="dependency-check.skip" value="true"/>
    <property name="maven.home" value="/usr/share/maven"/>
    <property name="java.runtime.name" value="OpenJDK Runtime Environment"/>
    <property name="sun.java.command" value="org.codehaus.plexus.classworlds.launcher.Launcher -B -D enforcer.skip=true -D dependency-check.skip=true -D skipITs=true -D cobertura.skip=true -D maven.repo.local=/root/./workspace/matsim-org/matsim/386581646/.m2 -D rat.skip=true -D findbugs.skip=true -D skip.bower=true -D gpg.skip=true -D checkstyle.skip=true -D skip.gulp=true -D license.skip=true -D skip.npm=true test"/>
    <property name="java.class.path" value="/usr/share/maven/boot/plexus-classworlds-2.5.2.jar"/>
    <property name="os.detected.arch" value="x86_64"/>
    <property name="java.vm.specification.name" value="Java Virtual Machine Specification"/>
    <property name="java.vm.specification.version" value="1.8"/>
    <property name="sun.cpu.endian" value="little"/>
    <property name="sun.os.patch.level" value="unknown"/>
    <property name="os.detected.classifier" value="linux-x86_64"/>
    <property name="java.io.tmpdir" value="/tmp"/>
    <property name="java.vendor.url.bug" value="http://bugreport.sun.com/bugreport/"/>
    <property name="maven.multiModuleProjectDirectory" value="/root/workspace/matsim-org/matsim/386581646"/>
    <property name="os.arch" value="amd64"/>
    <property name="java.awt.graphicsenv" value="sun.awt.X11GraphicsEnvironment"/>
    <property name="java.ext.dirs" value="/usr/lib/jvm/java-8-openjdk-amd64/jre/lib/ext:/usr/java/packages/lib/ext"/>
    <property name="os.detected.release.version" value="8"/>
    <property name="user.dir" value="/root/workspace/matsim-org/matsim/386581646"/>
    <property name="skipITs" value="true"/>
    <property name="line.separator" value="&#10;"/>
    <property name="java.vm.name" value="OpenJDK 64-Bit Server VM"/>
    <property name="enforcer.skip" value="true"/>
    <property name="skip.gulp" value="true"/>
    <property name="skip.bower" value="true"/>
    <property name="skip.npm" value="true"/>
    <property name="file.encoding" value="UTF-8"/>
    <property name="os.detected.name" value="linux"/>
    <property name="license.skip" value="true"/>
    <property name="java.specification.version" value="1.8"/>
  </properties>
  <testcase name="testNoOpExternalModule" classname="org.matsim.core.replanning.modules.ExternalModuleTest" time="0.13">
    <error message="org.xml.sax.SAXParseException; lineNumber: 15; columnNumber: 108; Attribute &quot;vehicleId&quot; must be declared for element type &quot;route&quot;." type="org.matsim.core.utils.io.UncheckedIOException">org.matsim.core.utils.io.UncheckedIOException: org.xml.sax.SAXParseException; lineNumber: 15; columnNumber: 108; Attribute "vehicleId" must be declared for element type "route".
	at org.matsim.core.replanning.modules.ExternalModuleTest.loadPopulation(ExternalModuleTest.java:95)
	at org.matsim.core.replanning.modules.ExternalModuleTest.access$100(ExternalModuleTest.java:46)
	at org.matsim.core.replanning.modules.ExternalModuleTest.replanPopulation(ExternalModuleTest.java:109)
	at org.matsim.core.replanning.modules.ExternalModuleTest.testNoOpExternalModule(ExternalModuleTest.java:72)
Caused by: org.xml.sax.SAXParseException: Attribute "vehicleId" must be declared for element type "route".
	at org.matsim.core.replanning.modules.ExternalModuleTest.loadPopulation(ExternalModuleTest.java:95)
	at org.matsim.core.replanning.modules.ExternalModuleTest.access$100(ExternalModuleTest.java:46)
	at org.matsim.core.replanning.modules.ExternalModuleTest.replanPopulation(ExternalModuleTest.java:109)
	at org.matsim.core.replanning.modules.ExternalModuleTest.testNoOpExternalModule(ExternalModuleTest.java:72)
</error>
    <system-out><![CDATA[2018-06-01 12:25:37,749  INFO IOUtils:81 String test/scenarios/equil/config.xml does not exist as file on the file system; trying it as a resource ...
2018-06-01 12:25:37,749  INFO Config:563 setting context tofile:/root/workspace/matsim-org/matsim/386581646/matsim/]
2018-06-01 12:25:37,752  INFO MatsimXmlParser:155 starting to parse xml from url file:/root/workspace/matsim-org/matsim/386581646/examples/target/classes/test/scenarios/equil/config.xml ...
2018-06-01 12:25:37,753  INFO ConfigReader:102 using config_v2-reader
2018-06-01 12:25:37,754  INFO MatsimXmlParser:307 Using local DTD from classpath:dtd/config_v2.dtd
2018-06-01 12:25:37,756  INFO Config:563 setting context tofile:/root/workspace/matsim-org/matsim/386581646/examples/target/classes/test/scenarios/equil/config.xml]
2018-06-01 12:25:37,757  INFO ScenarioLoaderImpl:108 loading scenario from base directory: /root/workspace/matsim-org/matsim/386581646/matsim/
2018-06-01 12:25:37,757  INFO ScenarioLoaderImpl:130 loading network from file:/root/workspace/matsim-org/matsim/386581646/examples/target/classes/test/scenarios/equil/network.xml
2018-06-01 12:25:37,757  INFO MatsimXmlParser:155 starting to parse xml from url file:/root/workspace/matsim-org/matsim/386581646/examples/target/classes/test/scenarios/equil/network.xml ...
2018-06-01 12:25:37,759  INFO MatsimNetworkReader:90 using network_v1-reader.
2018-06-01 12:25:37,759  INFO MatsimXmlParser:307 Using local DTD from classpath:dtd/network_v1.dtd
2018-06-01 12:25:37,760  INFO NetworkImpl:167  node # 1
2018-06-01 12:25:37,761  INFO NetworkImpl:167  node # 4
2018-06-01 12:25:37,761  INFO NetworkImpl:163  link # 1
2018-06-01 12:25:37,761  INFO NetworkImpl:163  link # 4
2018-06-01 12:25:37,762  INFO NetworkImpl:163  link # 16
2018-06-01 12:25:37,762  INFO ScenarioLoaderImpl:161 loading facilities from file:/root/workspace/matsim-org/matsim/386581646/examples/target/classes/test/scenarios/equil/facilities.xml
2018-06-01 12:25:37,762  INFO MatsimXmlParser:155 starting to parse xml from url file:/root/workspace/matsim-org/matsim/386581646/examples/target/classes/test/scenarios/equil/facilities.xml ...
2018-06-01 12:25:37,764  INFO MatsimFacilitiesReader:119 using facilities_v1-reader.
2018-06-01 12:25:37,765  INFO MatsimXmlParser:307 Using local DTD from classpath:dtd/facilities_v1.dtd
2018-06-01 12:25:37,766  INFO ScenarioLoaderImpl:179 loaded 23 facilities from file:/root/workspace/matsim-org/matsim/386581646/examples/target/classes/test/scenarios/equil/facilities.xml
2018-06-01 12:25:37,767  INFO ScenarioLoaderImpl:192 no facility-attributes file set in config, not loading any facility attributes
2018-06-01 12:25:37,767  INFO ScenarioLoaderImpl:199 loading population from file:/root/workspace/matsim-org/matsim/386581646/examples/target/classes/test/scenarios/equil/plans100.xml
2018-06-01 12:25:37,767  INFO MatsimXmlParser:155 starting to parse xml from url file:/root/workspace/matsim-org/matsim/386581646/examples/target/classes/test/scenarios/equil/plans100.xml ...
2018-06-01 12:25:37,769  INFO PopulationReader:124 using plans_v4-reader.
2018-06-01 12:25:37,770  INFO MatsimXmlParser:307 Using local DTD from classpath:dtd/plans_v4.dtd
2018-06-01 12:25:37,771  INFO ParallelPopulationReaderMatsimV4:138 Start parallel population reading...
2018-06-01 12:25:37,776  INFO PopulationImpl:112  person # 1
2018-06-01 12:25:37,776  INFO PopulationImpl:112  person # 4
2018-06-01 12:25:37,777  INFO PopulationImpl:112  person # 16
2018-06-01 12:25:37,781  INFO PopulationImpl:112  person # 64
2018-06-01 12:25:37,786  INFO ParallelPopulationReaderMatsimV4:188 Finished parallel population reading...
2018-06-01 12:25:37,787  INFO PopulationUtils:992  person # 100
2018-06-01 12:25:37,787  INFO ScenarioLoaderImpl:235 no person-attributes file set in config, not loading any person attributes
2018-06-01 12:25:37,787  INFO ScenarioLoaderImpl:247 no households file set in config, not loading households
2018-06-01 12:25:37,788  INFO ScenarioLoaderImpl:258 no household-attributes file set in config, not loading any household attributes
2018-06-01 12:25:37,788  INFO ScenarioLoaderImpl:284 no transit schedule file set in config, not loading any transit schedule
2018-06-01 12:25:37,788  INFO ScenarioLoaderImpl:311 no transit vehicles file set in config, not loading any transit vehicles
2018-06-01 12:25:37,789  INFO IOUtils:81 String test/scenarios/equil/config.xml does not exist as file on the file system; trying it as a resource ...
2018-06-01 12:25:37,789  INFO Config:563 setting context tofile:/root/workspace/matsim-org/matsim/386581646/matsim/]
2018-06-01 12:25:37,791  INFO MatsimXmlParser:155 starting to parse xml from url file:/root/workspace/matsim-org/matsim/386581646/examples/target/classes/test/scenarios/equil/config.xml ...
2018-06-01 12:25:37,793  INFO ConfigReader:102 using config_v2-reader
2018-06-01 12:25:37,794  INFO MatsimXmlParser:307 Using local DTD from classpath:dtd/config_v2.dtd
2018-06-01 12:25:37,796  INFO Config:563 setting context tofile:/root/workspace/matsim-org/matsim/386581646/examples/target/classes/test/scenarios/equil/config.xml]
2018-06-01 12:25:37,797  INFO ScenarioLoaderImpl:108 loading scenario from base directory: /root/workspace/matsim-org/matsim/386581646/matsim/
2018-06-01 12:25:37,797  INFO ScenarioLoaderImpl:130 loading network from file:/root/workspace/matsim-org/matsim/386581646/examples/target/classes/test/scenarios/equil/network.xml
2018-06-01 12:25:37,797  INFO MatsimXmlParser:155 starting to parse xml from url file:/root/workspace/matsim-org/matsim/386581646/examples/target/classes/test/scenarios/equil/network.xml ...
2018-06-01 12:25:37,799  INFO MatsimNetworkReader:90 using network_v1-reader.
2018-06-01 12:25:37,800  INFO MatsimXmlParser:307 Using local DTD from classpath:dtd/network_v1.dtd
2018-06-01 12:25:37,801  INFO NetworkImpl:167  node # 1
2018-06-01 12:25:37,802  INFO NetworkImpl:167  node # 4
2018-06-01 12:25:37,802  INFO NetworkImpl:163  link # 1
2018-06-01 12:25:37,803  INFO NetworkImpl:163  link # 4
2018-06-01 12:25:37,803  INFO NetworkImpl:163  link # 16
2018-06-01 12:25:37,804  INFO ScenarioLoaderImpl:161 loading facilities from file:/root/workspace/matsim-org/matsim/386581646/examples/target/classes/test/scenarios/equil/facilities.xml
2018-06-01 12:25:37,804  INFO MatsimXmlParser:155 starting to parse xml from url file:/root/workspace/matsim-org/matsim/386581646/examples/target/classes/test/scenarios/equil/facilities.xml ...
2018-06-01 12:25:37,806  INFO MatsimFacilitiesReader:119 using facilities_v1-reader.
2018-06-01 12:25:37,807  INFO MatsimXmlParser:307 Using local DTD from classpath:dtd/facilities_v1.dtd
2018-06-01 12:25:37,808  INFO ScenarioLoaderImpl:179 loaded 23 facilities from file:/root/workspace/matsim-org/matsim/386581646/examples/target/classes/test/scenarios/equil/facilities.xml
2018-06-01 12:25:37,808  INFO ScenarioLoaderImpl:192 no facility-attributes file set in config, not loading any facility attributes
2018-06-01 12:25:37,809  INFO ScenarioLoaderImpl:199 loading population from file:/root/workspace/matsim-org/matsim/386581646/examples/target/classes/test/scenarios/equil/plans100.xml
2018-06-01 12:25:37,809  INFO MatsimXmlParser:155 starting to parse xml from url file:/root/workspace/matsim-org/matsim/386581646/examples/target/classes/test/scenarios/equil/plans100.xml ...
2018-06-01 12:25:37,811  INFO PopulationReader:124 using plans_v4-reader.
2018-06-01 12:25:37,812  INFO MatsimXmlParser:307 Using local DTD from classpath:dtd/plans_v4.dtd
2018-06-01 12:25:37,813  INFO ParallelPopulationReaderMatsimV4:138 Start parallel population reading...
2018-06-01 12:25:37,814  INFO PopulationImpl:112  person # 1
2018-06-01 12:25:37,815  INFO PopulationImpl:112  person # 4
2018-06-01 12:25:37,816  INFO PopulationImpl:112  person # 16
2018-06-01 12:25:37,819  INFO PopulationImpl:112  person # 64
2018-06-01 12:25:37,823  INFO ParallelPopulationReaderMatsimV4:188 Finished parallel population reading...
2018-06-01 12:25:37,824  INFO PopulationUtils:992  person # 100
2018-06-01 12:25:37,824  INFO ScenarioLoaderImpl:235 no person-attributes file set in config, not loading any person attributes
2018-06-01 12:25:37,824  INFO ScenarioLoaderImpl:247 no households file set in config, not loading households
2018-06-01 12:25:37,824  INFO ScenarioLoaderImpl:258 no household-attributes file set in config, not loading any household attributes
2018-06-01 12:25:37,824  INFO ScenarioLoaderImpl:284 no transit schedule file set in config, not loading any transit schedule
2018-06-01 12:25:37,824  INFO ScenarioLoaderImpl:311 no transit vehicles file set in config, not loading any transit vehicles
2018-06-01 12:25:37,830  INFO Config:563 setting context tofile:/root/workspace/matsim-org/matsim/386581646/matsim/]
2018-06-01 12:25:37,832  INFO PopulationImpl:112  person # 1
2018-06-01 12:25:37,832  INFO PopulationImpl:112  person # 4
2018-06-01 12:25:37,832  INFO PopulationImpl:112  person # 16
2018-06-01 12:25:37,833  INFO PopulationImpl:112  person # 64
2018-06-01 12:25:37,834  INFO Counter:70 [PopulationWriter] dumped person # 1
2018-06-01 12:25:37,834  INFO Counter:70 [PopulationWriter] dumped person # 2
2018-06-01 12:25:37,835  INFO Counter:70 [PopulationWriter] dumped person # 4
2018-06-01 12:25:37,835  INFO Counter:70 [PopulationWriter] dumped person # 8
2018-06-01 12:25:37,836  INFO Counter:70 [PopulationWriter] dumped person # 16
2018-06-01 12:25:37,837  INFO Counter:70 [PopulationWriter] dumped person # 32
2018-06-01 12:25:37,839  INFO Counter:70 [PopulationWriter] dumped person # 64
2018-06-01 12:25:37,841  INFO PopulationWriter:139 Population written to: test/output/org/matsim/core/replanning/modules/ExternalModuleTest/testNoOpExternalModule/tmp/test_plans.in.xml
2018-06-01 12:25:37,841  INFO Counter:76 [PopulationWriter] dumped person # 100
2018-06-01 12:25:37,842  INFO Config:563 setting context tofile:/root/workspace/matsim-org/matsim/386581646/matsim/]
2018-06-01 12:25:37,842  INFO Config:422 module "scenario" added.
2018-06-01 12:25:37,843  INFO Config:563 setting context tofile:/root/workspace/matsim-org/matsim/386581646/matsim/]
2018-06-01 12:25:37,845  INFO Config:563 setting context tofile:/root/workspace/matsim-org/matsim/386581646/matsim/]
2018-06-01 12:25:37,848  INFO MatsimXmlParser:147 starting to parse xml from file test/output/org/matsim/core/replanning/modules/ExternalModuleTest/testNoOpExternalModule/tmp/test_plans.in.xml ...
2018-06-01 12:25:37,850  INFO PopulationReader:109 using population_v6-reader.
2018-06-01 12:25:37,851  INFO MatsimXmlParser:307 Using local DTD from classpath:dtd/population_v6.dtd
null
null
null
Attribute "vehicleId" must be declared for element type "route".
Attribute "vehicleId" must be declared for element type "route".
]]></system-out>
    <system-err><![CDATA[XML-ERROR: test/output/org/matsim/core/replanning/modules/ExternalModuleTest/testNoOpExternalModule/tmp/test_plans.in.xml, line 15, column 108:
org.xml.sax.SAXParseException; lineNumber: 15; columnNumber: 108; Attribute "vehicleId" must be declared for element type "route".
]]></system-err>
  </testcase>
  <testcase name="testPlanEmptyingExternalModule" classname="org.matsim.core.replanning.modules.ExternalModuleTest" time="0.084">
    <error message="org.xml.sax.SAXParseException; lineNumber: 15; columnNumber: 108; Attribute &quot;vehicleId&quot; must be declared for element type &quot;route&quot;." type="org.matsim.core.utils.io.UncheckedIOException">org.matsim.core.utils.io.UncheckedIOException: org.xml.sax.SAXParseException; lineNumber: 15; columnNumber: 108; Attribute "vehicleId" must be declared for element type "route".
	at org.matsim.core.replanning.modules.ExternalModuleTest.loadPopulation(ExternalModuleTest.java:95)
	at org.matsim.core.replanning.modules.ExternalModuleTest.access$100(ExternalModuleTest.java:46)
	at org.matsim.core.replanning.modules.ExternalModuleTest.replanPopulation(ExternalModuleTest.java:109)
	at org.matsim.core.replanning.modules.ExternalModuleTest.testPlanEmptyingExternalModule(ExternalModuleTest.java:89)
Caused by: org.xml.sax.SAXParseException: Attribute "vehicleId" must be declared for element type "route".
	at org.matsim.core.replanning.modules.ExternalModuleTest.loadPopulation(ExternalModuleTest.java:95)
	at org.matsim.core.replanning.modules.ExternalModuleTest.access$100(ExternalModuleTest.java:46)
	at org.matsim.core.replanning.modules.ExternalModuleTest.replanPopulation(ExternalModuleTest.java:109)
	at org.matsim.core.replanning.modules.ExternalModuleTest.testPlanEmptyingExternalModule(ExternalModuleTest.java:89)
</error>
    <system-out><![CDATA[2018-06-01 12:25:37,881  INFO IOUtils:81 String test/scenarios/equil/config.xml does not exist as file on the file system; trying it as a resource ...
2018-06-01 12:25:37,881  INFO Config:563 setting context tofile:/root/workspace/matsim-org/matsim/386581646/matsim/]
2018-06-01 12:25:37,884  INFO MatsimXmlParser:155 starting to parse xml from url file:/root/workspace/matsim-org/matsim/386581646/examples/target/classes/test/scenarios/equil/config.xml ...
2018-06-01 12:25:37,885  INFO ConfigReader:102 using config_v2-reader
2018-06-01 12:25:37,886  INFO MatsimXmlParser:307 Using local DTD from classpath:dtd/config_v2.dtd
2018-06-01 12:25:37,887  INFO Config:563 setting context tofile:/root/workspace/matsim-org/matsim/386581646/examples/target/classes/test/scenarios/equil/config.xml]
2018-06-01 12:25:37,888  INFO ScenarioLoaderImpl:108 loading scenario from base directory: /root/workspace/matsim-org/matsim/386581646/matsim/
2018-06-01 12:25:37,888  INFO ScenarioLoaderImpl:130 loading network from file:/root/workspace/matsim-org/matsim/386581646/examples/target/classes/test/scenarios/equil/network.xml
2018-06-01 12:25:37,888  INFO MatsimXmlParser:155 starting to parse xml from url file:/root/workspace/matsim-org/matsim/386581646/examples/target/classes/test/scenarios/equil/network.xml ...
2018-06-01 12:25:37,890  INFO MatsimNetworkReader:90 using network_v1-reader.
2018-06-01 12:25:37,890  INFO MatsimXmlParser:307 Using local DTD from classpath:dtd/network_v1.dtd
2018-06-01 12:25:37,891  INFO NetworkImpl:167  node # 1
2018-06-01 12:25:37,891  INFO NetworkImpl:167  node # 4
2018-06-01 12:25:37,891  INFO NetworkImpl:163  link # 1
2018-06-01 12:25:37,892  INFO NetworkImpl:163  link # 4
2018-06-01 12:25:37,892  INFO NetworkImpl:163  link # 16
2018-06-01 12:25:37,892  INFO ScenarioLoaderImpl:161 loading facilities from file:/root/workspace/matsim-org/matsim/386581646/examples/target/classes/test/scenarios/equil/facilities.xml
2018-06-01 12:25:37,893  INFO MatsimXmlParser:155 starting to parse xml from url file:/root/workspace/matsim-org/matsim/386581646/examples/target/classes/test/scenarios/equil/facilities.xml ...
2018-06-01 12:25:37,894  INFO MatsimFacilitiesReader:119 using facilities_v1-reader.
2018-06-01 12:25:37,895  INFO MatsimXmlParser:307 Using local DTD from classpath:dtd/facilities_v1.dtd
2018-06-01 12:25:37,896  INFO ScenarioLoaderImpl:179 loaded 23 facilities from file:/root/workspace/matsim-org/matsim/386581646/examples/target/classes/test/scenarios/equil/facilities.xml
2018-06-01 12:25:37,896  INFO ScenarioLoaderImpl:192 no facility-attributes file set in config, not loading any facility attributes
2018-06-01 12:25:37,896  INFO ScenarioLoaderImpl:199 loading population from file:/root/workspace/matsim-org/matsim/386581646/examples/target/classes/test/scenarios/equil/plans100.xml
2018-06-01 12:25:37,896  INFO MatsimXmlParser:155 starting to parse xml from url file:/root/workspace/matsim-org/matsim/386581646/examples/target/classes/test/scenarios/equil/plans100.xml ...
2018-06-01 12:25:37,898  INFO PopulationReader:124 using plans_v4-reader.
2018-06-01 12:25:37,898  INFO MatsimXmlParser:307 Using local DTD from classpath:dtd/plans_v4.dtd
2018-06-01 12:25:37,900  INFO ParallelPopulationReaderMatsimV4:138 Start parallel population reading...
2018-06-01 12:25:37,900  INFO PopulationImpl:112  person # 1
2018-06-01 12:25:37,901  INFO PopulationImpl:112  person # 4
2018-06-01 12:25:37,902  INFO PopulationImpl:112  person # 16
2018-06-01 12:25:37,904  INFO PopulationImpl:112  person # 64
2018-06-01 12:25:37,907  INFO ParallelPopulationReaderMatsimV4:188 Finished parallel population reading...
2018-06-01 12:25:37,908  INFO PopulationUtils:992  person # 100
2018-06-01 12:25:37,908  INFO ScenarioLoaderImpl:235 no person-attributes file set in config, not loading any person attributes
2018-06-01 12:25:37,908  INFO ScenarioLoaderImpl:247 no households file set in config, not loading households
2018-06-01 12:25:37,908  INFO ScenarioLoaderImpl:258 no household-attributes file set in config, not loading any household attributes
2018-06-01 12:25:37,908  INFO ScenarioLoaderImpl:284 no transit schedule file set in config, not loading any transit schedule
2018-06-01 12:25:37,909  INFO ScenarioLoaderImpl:311 no transit vehicles file set in config, not loading any transit vehicles
2018-06-01 12:25:37,909  INFO IOUtils:81 String test/scenarios/equil/config.xml does not exist as file on the file system; trying it as a resource ...
2018-06-01 12:25:37,909  INFO Config:563 setting context tofile:/root/workspace/matsim-org/matsim/386581646/matsim/]
2018-06-01 12:25:37,911  INFO MatsimXmlParser:155 starting to parse xml from url file:/root/workspace/matsim-org/matsim/386581646/examples/target/classes/test/scenarios/equil/config.xml ...
2018-06-01 12:25:37,914  INFO ConfigReader:102 using config_v2-reader
2018-06-01 12:25:37,914  INFO MatsimXmlParser:307 Using local DTD from classpath:dtd/config_v2.dtd
2018-06-01 12:25:37,916  INFO Config:563 setting context tofile:/root/workspace/matsim-org/matsim/386581646/examples/target/classes/test/scenarios/equil/config.xml]
2018-06-01 12:25:37,916  INFO ScenarioLoaderImpl:108 loading scenario from base directory: /root/workspace/matsim-org/matsim/386581646/matsim/
2018-06-01 12:25:37,916  INFO ScenarioLoaderImpl:130 loading network from file:/root/workspace/matsim-org/matsim/386581646/examples/target/classes/test/scenarios/equil/network.xml
2018-06-01 12:25:37,916  INFO MatsimXmlParser:155 starting to parse xml from url file:/root/workspace/matsim-org/matsim/386581646/examples/target/classes/test/scenarios/equil/network.xml ...
2018-06-01 12:25:37,918  INFO MatsimNetworkReader:90 using network_v1-reader.
2018-06-01 12:25:37,918  INFO MatsimXmlParser:307 Using local DTD from classpath:dtd/network_v1.dtd
2018-06-01 12:25:37,919  INFO NetworkImpl:167  node # 1
2018-06-01 12:25:37,919  INFO NetworkImpl:167  node # 4
2018-06-01 12:25:37,920  INFO NetworkImpl:163  link # 1
2018-06-01 12:25:37,920  INFO NetworkImpl:163  link # 4
2018-06-01 12:25:37,921  INFO NetworkImpl:163  link # 16
2018-06-01 12:25:37,921  INFO ScenarioLoaderImpl:161 loading facilities from file:/root/workspace/matsim-org/matsim/386581646/examples/target/classes/test/scenarios/equil/facilities.xml
2018-06-01 12:25:37,921  INFO MatsimXmlParser:155 starting to parse xml from url file:/root/workspace/matsim-org/matsim/386581646/examples/target/classes/test/scenarios/equil/facilities.xml ...
2018-06-01 12:25:37,923  INFO MatsimFacilitiesReader:119 using facilities_v1-reader.
2018-06-01 12:25:37,923  INFO MatsimXmlParser:307 Using local DTD from classpath:dtd/facilities_v1.dtd
2018-06-01 12:25:37,925  INFO ScenarioLoaderImpl:179 loaded 23 facilities from file:/root/workspace/matsim-org/matsim/386581646/examples/target/classes/test/scenarios/equil/facilities.xml
2018-06-01 12:25:37,925  INFO ScenarioLoaderImpl:192 no facility-attributes file set in config, not loading any facility attributes
2018-06-01 12:25:37,925  INFO ScenarioLoaderImpl:199 loading population from file:/root/workspace/matsim-org/matsim/386581646/examples/target/classes/test/scenarios/equil/plans100.xml
2018-06-01 12:25:37,925  INFO MatsimXmlParser:155 starting to parse xml from url file:/root/workspace/matsim-org/matsim/386581646/examples/target/classes/test/scenarios/equil/plans100.xml ...
2018-06-01 12:25:37,927  INFO PopulationReader:124 using plans_v4-reader.
2018-06-01 12:25:37,928  INFO MatsimXmlParser:307 Using local DTD from classpath:dtd/plans_v4.dtd
2018-06-01 12:25:37,929  INFO ParallelPopulationReaderMatsimV4:138 Start parallel population reading...
2018-06-01 12:25:37,929  INFO PopulationImpl:112  person # 1
2018-06-01 12:25:37,930  INFO PopulationImpl:112  person # 4
2018-06-01 12:25:37,931  INFO PopulationImpl:112  person # 16
2018-06-01 12:25:37,933  INFO PopulationImpl:112  person # 64
2018-06-01 12:25:37,935  INFO ParallelPopulationReaderMatsimV4:188 Finished parallel population reading...
2018-06-01 12:25:37,935  INFO PopulationUtils:992  person # 100
2018-06-01 12:25:37,936  INFO ScenarioLoaderImpl:235 no person-attributes file set in config, not loading any person attributes
2018-06-01 12:25:37,936  INFO ScenarioLoaderImpl:247 no households file set in config, not loading households
2018-06-01 12:25:37,936  INFO ScenarioLoaderImpl:258 no household-attributes file set in config, not loading any household attributes
2018-06-01 12:25:37,936  INFO ScenarioLoaderImpl:284 no transit schedule file set in config, not loading any transit schedule
2018-06-01 12:25:37,936  INFO ScenarioLoaderImpl:311 no transit vehicles file set in config, not loading any transit vehicles
2018-06-01 12:25:37,949  INFO Config:563 setting context tofile:/root/workspace/matsim-org/matsim/386581646/matsim/]
2018-06-01 12:25:37,951  INFO PopulationImpl:112  person # 1
2018-06-01 12:25:37,951  INFO PopulationImpl:112  person # 4
2018-06-01 12:25:37,951  INFO PopulationImpl:112  person # 16
2018-06-01 12:25:37,952  INFO PopulationImpl:112  person # 64
2018-06-01 12:25:37,953  INFO Counter:70 [PopulationWriter] dumped person # 1
2018-06-01 12:25:37,953  INFO Counter:70 [PopulationWriter] dumped person # 2
2018-06-01 12:25:37,953  INFO Counter:70 [PopulationWriter] dumped person # 4
2018-06-01 12:25:37,954  INFO Counter:70 [PopulationWriter] dumped person # 8
2018-06-01 12:25:37,954  INFO Counter:70 [PopulationWriter] dumped person # 16
2018-06-01 12:25:37,954  INFO Counter:70 [PopulationWriter] dumped person # 32
2018-06-01 12:25:37,955  INFO Counter:70 [PopulationWriter] dumped person # 64
2018-06-01 12:25:37,956  INFO PopulationWriter:139 Population written to: test/output/org/matsim/core/replanning/modules/ExternalModuleTest/testPlanEmptyingExternalModule/tmp/test_plans.in.xml
2018-06-01 12:25:37,956  INFO Counter:76 [PopulationWriter] dumped person # 100
2018-06-01 12:25:37,956  INFO Config:563 setting context tofile:/root/workspace/matsim-org/matsim/386581646/matsim/]
2018-06-01 12:25:37,957  INFO Config:422 module "scenario" added.
2018-06-01 12:25:37,957  INFO Config:563 setting context tofile:/root/workspace/matsim-org/matsim/386581646/matsim/]
2018-06-01 12:25:37,959  INFO Config:563 setting context tofile:/root/workspace/matsim-org/matsim/386581646/matsim/]
2018-06-01 12:25:37,960  INFO MatsimXmlParser:147 starting to parse xml from file test/output/org/matsim/core/replanning/modules/ExternalModuleTest/testPlanEmptyingExternalModule/tmp/test_plans.in.xml ...
2018-06-01 12:25:37,962  INFO PopulationReader:109 using population_v6-reader.
2018-06-01 12:25:37,962  INFO MatsimXmlParser:307 Using local DTD from classpath:dtd/population_v6.dtd
null
null
null
Attribute "vehicleId" must be declared for element type "route".
Attribute "vehicleId" must be declared for element type "route".
]]></system-out>
    <system-err><![CDATA[XML-ERROR: test/output/org/matsim/core/replanning/modules/ExternalModuleTest/testPlanEmptyingExternalModule/tmp/test_plans.in.xml, line 15, column 108:
org.xml.sax.SAXParseException; lineNumber: 15; columnNumber: 108; Attribute "vehicleId" must be declared for element type "route".
]]></system-err>
  </testcase>
</testsuite>