<?xml version="1.0" encoding="UTF-8"?>
<!-- Generated by org.testng.reporters.JUnitReportReporter -->
<testsuite hostname="cyclone1" name="io.swagger.parser.AnchorTest" tests="1" failures="0" timestamp="29 May 2018 07:57:50 GMT" time="1.001" errors="0">
  <testcase name="testIssue146" time="1.001" classname="io.swagger.parser.AnchorTest"/>
</testsuite> <!-- io.swagger.parser.AnchorTest -->
