<?xml version="1.0" encoding="UTF-8"?>
<!-- Generated by org.testng.reporters.JUnitReportReporter -->
<testsuite hostname="cyclone1" name="io.swagger.parser.LocalReferenceTest" tests="1" failures="0" timestamp="29 May 2018 07:57:50 GMT" time="0.040" errors="0">
  <testcase name="testAuth" time="0.040" classname="io.swagger.parser.LocalReferenceTest"/>
</testsuite> <!-- io.swagger.parser.LocalReferenceTest -->
