<?xml version="1.0" encoding="UTF-8"?>
<!-- Generated by org.testng.reporters.JUnitReportReporter -->
<testsuite hostname="cyclone1" name="io.swagger.parser.util.PathUtilTest" tests="1" failures="0" timestamp="29 May 2018 07:57:50 GMT" time="0.000" errors="0">
  <testcase name="testGetParentDirectoryOfFile" time="0.000" classname="io.swagger.parser.util.PathUtilTest"/>
</testsuite> <!-- io.swagger.parser.util.PathUtilTest -->
