<?xml version="1.0" encoding="UTF-8"?>
<!-- Generated by org.testng.reporters.JUnitReportReporter -->
<testsuite hostname="cyclone1" name="io.swagger.parser.NetworkReferenceTest" tests="6" failures="0" timestamp="29 May 2018 07:57:50 GMT" time="0.141" errors="0">
  <testcase name="testIssue411" time="0.052" classname="io.swagger.parser.NetworkReferenceTest"/>
  <testcase name="testIssue330" time="0.010" classname="io.swagger.parser.NetworkReferenceTest"/>
  <testcase name="testIssue335" time="0.006" classname="io.swagger.parser.NetworkReferenceTest"/>
  <testcase name="testIssue323" time="0.058" classname="io.swagger.parser.NetworkReferenceTest"/>
  <testcase name="testIssue328" time="0.007" classname="io.swagger.parser.NetworkReferenceTest"/>
  <testcase name="testPathReference" time="0.008" classname="io.swagger.parser.NetworkReferenceTest"/>
</testsuite> <!-- io.swagger.parser.NetworkReferenceTest -->
