<?xml version="1.0" encoding="UTF-8"?>
<!-- Generated by org.testng.reporters.JUnitReportReporter -->
<testsuite hostname="cyclone1" name="io.swagger.parser.FileReferenceTest" tests="14" failures="0" timestamp="29 May 2018 07:57:50 GMT" time="0.758" errors="0">
  <testcase name="testIssue323" time="0.010" classname="io.swagger.parser.FileReferenceTest"/>
  <testcase name="testIssue336" time="0.037" classname="io.swagger.parser.FileReferenceTest"/>
  <testcase name="testRelativeRefIssue421" time="0.006" classname="io.swagger.parser.FileReferenceTest"/>
  <testcase name="testIssue304" time="0.009" classname="io.swagger.parser.FileReferenceTest"/>
  <testcase name="testIssue340" time="0.020" classname="io.swagger.parser.FileReferenceTest"/>
  <testcase name="testIssue316" time="0.010" classname="io.swagger.parser.FileReferenceTest"/>
  <testcase name="testIssue308" time="0.012" classname="io.swagger.parser.FileReferenceTest"/>
  <testcase name="testIssue289" time="0.052" classname="io.swagger.parser.FileReferenceTest"/>
  <testcase name="testIssue312" time="0.014" classname="io.swagger.parser.FileReferenceTest"/>
  <testcase name="testIssue314" time="0.011" classname="io.swagger.parser.FileReferenceTest"/>
  <testcase name="testIssue306" time="0.028" classname="io.swagger.parser.FileReferenceTest"/>
  <testcase name="testAllOfFlatAndNested" time="0.204" classname="io.swagger.parser.FileReferenceTest"/>
  <testcase name="testIssue421" time="0.335" classname="io.swagger.parser.FileReferenceTest"/>
  <testcase name="testIssue310" time="0.010" classname="io.swagger.parser.FileReferenceTest"/>
</testsuite> <!-- io.swagger.parser.FileReferenceTest -->
