<?xml version="1.0" encoding="UTF-8"?>
<!-- Generated by org.testng.reporters.JUnitReportReporter -->
<testsuite hostname="cyclone1" name="io.swagger.parser.util.ClasspathHelperTest" tests="2" failures="0" timestamp="29 May 2018 07:57:50 GMT" time="0.003" errors="0">
  <testcase name="testLoadFileFromClasspath_DoesntExist" time="0.001" classname="io.swagger.parser.util.ClasspathHelperTest"/>
  <testcase name="testLoadFileFromClasspath" time="0.002" classname="io.swagger.parser.util.ClasspathHelperTest"/>
</testsuite> <!-- io.swagger.parser.util.ClasspathHelperTest -->
