<?xml version="1.0" encoding="UTF-8"?>
<!-- Generated by org.testng.reporters.JUnitReportReporter -->
<testsuite hostname="cyclone1" name="io.swagger.parser.processors.ExternalRefProcessorTest" tests="2" failures="0" timestamp="29 May 2018 07:57:50 GMT" time="0.151" errors="0">
  <testcase name="testNestedExternalRefs" time="0.148" classname="io.swagger.parser.processors.ExternalRefProcessorTest"/>
  <testcase name="testProcessRefToExternalDefinition_NoNameConflict" time="0.003" classname="io.swagger.parser.processors.ExternalRefProcessorTest"/>
</testsuite> <!-- io.swagger.parser.processors.ExternalRefProcessorTest -->
