<?xml version="1.0" encoding="UTF-8"?>
<!-- Generated by org.testng.reporters.JUnitReportReporter -->
<testsuite hostname="cyclone1" name="io.swagger.parser.RelativeReferenceTest" tests="2" failures="0" timestamp="29 May 2018 07:57:50 GMT" time="0.144" errors="0">
  <testcase name="testIssue409" time="0.004" classname="io.swagger.parser.RelativeReferenceTest"/>
  <testcase name="testIssue213" time="0.140" classname="io.swagger.parser.RelativeReferenceTest"/>
</testsuite> <!-- io.swagger.parser.RelativeReferenceTest -->
