<?xml version="1.0" encoding="UTF-8"?>
<!-- Generated by org.testng.reporters.JUnitReportReporter -->
<testsuite hostname="cyclone1" name="io.swagger.parser.ResolverCacheTest" tests="11" failures="0" timestamp="29 May 2018 07:57:50 GMT" time="0.599" errors="0">
  <testcase name="testMock" time="0.008" classname="io.swagger.parser.ResolverCacheTest"/>
  <testcase name="testLoadInternalDefinitionRefWithSpaces" time="0.001" classname="io.swagger.parser.ResolverCacheTest"/>
  <testcase name="testLoadInternalResponseRef" time="0.039" classname="io.swagger.parser.ResolverCacheTest"/>
  <testcase name="testLoadInternalResponseRefWithSpaces" time="0.018" classname="io.swagger.parser.ResolverCacheTest"/>
  <testcase name="testLoadInternalDefinitionRef" time="0.001" classname="io.swagger.parser.ResolverCacheTest"/>
  <testcase name="testRenameCache" time="0.001" classname="io.swagger.parser.ResolverCacheTest"/>
  <testcase name="testLoadInternalParameterRefWithSpaces" time="0.001" classname="io.swagger.parser.ResolverCacheTest"/>
  <testcase name="testLoadInternalDefinitionRefWithEscapedCharacters" time="0.001" classname="io.swagger.parser.ResolverCacheTest"/>
  <testcase name="testLoadInternalParameterRef" time="0.020" classname="io.swagger.parser.ResolverCacheTest"/>
  <testcase name="testLoadExternalRef_NoDefinitionPath" time="0.029" classname="io.swagger.parser.ResolverCacheTest"/>
  <testcase name="testLoadExternalRefWithEscapedCharacters" time="0.480" classname="io.swagger.parser.ResolverCacheTest"/>
</testsuite> <!-- io.swagger.parser.ResolverCacheTest -->
