<?xml version="1.0" encoding="UTF-8"?>
<!-- Generated by org.testng.reporters.JUnitReportReporter -->
<testsuite hostname="cyclone1" name="io.swagger.parser.processors.ResponseProcessorTest" tests="1" failures="0" timestamp="29 May 2018 07:57:50 GMT" time="0.164" errors="0">
  <testcase name="testProcessResponse" time="0.164" classname="io.swagger.parser.processors.ResponseProcessorTest"/>
</testsuite> <!-- io.swagger.parser.processors.ResponseProcessorTest -->
