<?xml version="1.0" encoding="UTF-8"?>
<!-- Generated by org.testng.reporters.JUnitReportReporter -->
<testsuite hostname="cyclone1" name="io.swagger.parser.processors.ParameterProcessorTest" tests="4" failures="0" timestamp="29 May 2018 07:57:50 GMT" time="0.753" errors="0">
  <testcase name="testProcessParameters_BodyParameter" time="0.131" classname="io.swagger.parser.processors.ParameterProcessorTest"/>
  <testcase name="testProcessParameters_TypesThatAreNotRefOrBody" time="0.432" classname="io.swagger.parser.processors.ParameterProcessorTest"/>
  <testcase name="testProcessParameters_RefToHeader" time="0.186" classname="io.swagger.parser.processors.ParameterProcessorTest"/>
  <testcase name="testProcessParameters_RefToBodyParam" time="0.004" classname="io.swagger.parser.processors.ParameterProcessorTest"/>
</testsuite> <!-- io.swagger.parser.processors.ParameterProcessorTest -->
