<?xml version="1.0" encoding="UTF-8"?>
<!-- Generated by org.testng.reporters.JUnitReportReporter -->
<testsuite hostname="cyclone1" name="io.swagger.parser.util.SwaggerDeserializerTest" tests="39" failures="0" timestamp="29 May 2018 07:57:50 GMT" time="0.113" errors="0">
  <testcase name="testSecurityDefinition" time="0.000" classname="io.swagger.parser.util.SwaggerDeserializerTest"/>
  <testcase name="testUntypedAdditionalProperties" time="0.001" classname="io.swagger.parser.util.SwaggerDeserializerTest"/>
  <testcase name="testDeserializeWithNumericEnumDiscriminator" time="0.001" classname="io.swagger.parser.util.SwaggerDeserializerTest"/>
  <testcase name="testToplevelExtension" time="0.000" classname="io.swagger.parser.util.SwaggerDeserializerTest"/>
  <testcase name="testIssue151" time="0.001" classname="io.swagger.parser.util.SwaggerDeserializerTest"/>
  <testcase name="testDeserializeWithBooleanEnumDiscriminator" time="0.001" classname="io.swagger.parser.util.SwaggerDeserializerTest"/>
  <testcase name="testPathsWithRefResponse" time="0.001" classname="io.swagger.parser.util.SwaggerDeserializerTest"/>
  <testcase name="testIssue673NumericProperties" time="0.001" classname="io.swagger.parser.util.SwaggerDeserializerTest"/>
  <testcase name="testValidatorIssue50" time="0.001" classname="io.swagger.parser.util.SwaggerDeserializerTest"/>
  <testcase name="testIssue360" time="0.001" classname="io.swagger.parser.util.SwaggerDeserializerTest"/>
  <testcase name="testResponses" time="0.001" classname="io.swagger.parser.util.SwaggerDeserializerTest"/>
  <testcase name="testPR246" time="0.002" classname="io.swagger.parser.util.SwaggerDeserializerTest"/>
  <testcase name="testSchema" time="0.001" classname="io.swagger.parser.util.SwaggerDeserializerTest"/>
  <testcase name="testDeserializeWithMessages" time="0.000" classname="io.swagger.parser.util.SwaggerDeserializerTest"/>
  <testcase name="testEmptyDefinitions" time="0.001" classname="io.swagger.parser.util.SwaggerDeserializerTest"/>
  <testcase name="testIssue161" time="0.001" classname="io.swagger.parser.util.SwaggerDeserializerTest"/>
  <testcase name="testDeserializeWithEnumDiscriminator" time="0.001" classname="io.swagger.parser.util.SwaggerDeserializerTest"/>
  <testcase name="testIssue247" time="0.002" classname="io.swagger.parser.util.SwaggerDeserializerTest"/>
  <testcase name="testPaths" time="0.001" classname="io.swagger.parser.util.SwaggerDeserializerTest"/>
  <testcase name="testContact" time="0.000" classname="io.swagger.parser.util.SwaggerDeserializerTest"/>
  <testcase name="testNestedDefinitions" time="0.001" classname="io.swagger.parser.util.SwaggerDeserializerTest"/>
  <testcase name="testEmpty" time="0.000" classname="io.swagger.parser.util.SwaggerDeserializerTest"/>
  <testcase name="testIssue343Parameter" time="0.002" classname="io.swagger.parser.util.SwaggerDeserializerTest"/>
  <testcase name="testSecurity" time="0.001" classname="io.swagger.parser.util.SwaggerDeserializerTest"/>
  <testcase name="testDeserializeWithDiscriminator" time="0.001" classname="io.swagger.parser.util.SwaggerDeserializerTest"/>
  <testcase name="testSecurityDefinitionWithMissingAttribute" time="0.000" classname="io.swagger.parser.util.SwaggerDeserializerTest"/>
  <testcase name="testIssue673StringProperties" time="0.001" classname="io.swagger.parser.util.SwaggerDeserializerTest"/>
  <testcase name="testIssue386" time="0.002" classname="io.swagger.parser.util.SwaggerDeserializerTest"/>
  <testcase name="testSecurityDeserialization" time="0.001" classname="io.swagger.parser.util.SwaggerDeserializerTest"/>
  <testcase name="testDefinitions" time="0.001" classname="io.swagger.parser.util.SwaggerDeserializerTest"/>
  <testcase name="testDeserializeEnum" time="0.005" classname="io.swagger.parser.util.SwaggerDeserializerTest"/>
  <testcase name="testIssue673ArrayProperties" time="0.001" classname="io.swagger.parser.util.SwaggerDeserializerTest"/>
  <testcase name="testLicense" time="0.001" classname="io.swagger.parser.util.SwaggerDeserializerTest"/>
  <testcase name="testArraySchema" time="0.001" classname="io.swagger.parser.util.SwaggerDeserializerTest"/>
  <testcase name="testIssue204_allOf" time="0.001" classname="io.swagger.parser.util.SwaggerDeserializerTest"/>
  <testcase name="testDeserializeBinaryString" time="0.001" classname="io.swagger.parser.util.SwaggerDeserializerTest"/>
  <testcase name="testRootInfo" time="0.000" classname="io.swagger.parser.util.SwaggerDeserializerTest"/>
  <testcase name="testArrayQueryParam" time="0.002" classname="io.swagger.parser.util.SwaggerDeserializerTest"/>
  <testcase name="testArrayModelDefinition" time="0.073" classname="io.swagger.parser.util.SwaggerDeserializerTest"/>
</testsuite> <!-- io.swagger.parser.util.SwaggerDeserializerTest -->
