<?xml version="1.0" encoding="UTF-8"?>
<!-- Generated by org.testng.reporters.JUnitReportReporter -->
<testsuite hostname="cyclone1" name="io.swagger.parser.ResponseResolverTest" tests="1" failures="0" timestamp="29 May 2018 07:57:50 GMT" time="0.026" errors="0">
  <testcase name="testIssue211" time="0.026" classname="io.swagger.parser.ResponseResolverTest"/>
</testsuite> <!-- io.swagger.parser.ResponseResolverTest -->
