<?xml version="1.0" encoding="UTF-8"?>
<!-- Generated by org.testng.reporters.JUnitReportReporter -->
<testsuite hostname="cyclone1" name="io.swagger.parser.processors.DefinitionsProcessorTest" tests="3" failures="0" timestamp="29 May 2018 07:57:50 GMT" time="0.205" errors="0">
  <testcase name="testNoDefinitionsDefined" time="0.055" classname="io.swagger.parser.processors.DefinitionsProcessorTest"/>
  <testcase name="testDefinitionsProcessor_RefModelInDefinitionsMap" time="0.054" classname="io.swagger.parser.processors.DefinitionsProcessorTest"/>
  <testcase name="testDefinitionsProcessor" time="0.096" classname="io.swagger.parser.processors.DefinitionsProcessorTest"/>
</testsuite> <!-- io.swagger.parser.processors.DefinitionsProcessorTest -->
