<?xml version="1.0" encoding="UTF-8"?>
<!-- Generated by org.testng.reporters.JUnitReportReporter -->
<testsuite hostname="cyclone1" name="io.swagger.parser.processors.PropertyProcessorTest" tests="4" failures="0" timestamp="29 May 2018 07:57:50 GMT" time="0.094" errors="0">
  <testcase name="testProcessRefProperty_InternalRef" time="0.001" classname="io.swagger.parser.processors.PropertyProcessorTest"/>
  <testcase name="testProcessRefProperty_ExternalRef" time="0.002" classname="io.swagger.parser.processors.PropertyProcessorTest"/>
  <testcase name="testProcessArrayProperty_ItemsIsRefProperty" time="0.089" classname="io.swagger.parser.processors.PropertyProcessorTest"/>
  <testcase name="testProcessMapProperty_AdditionalPropertiesIsRefProperty" time="0.002" classname="io.swagger.parser.processors.PropertyProcessorTest"/>
</testsuite> <!-- io.swagger.parser.processors.PropertyProcessorTest -->
