<?xml version="1.0" encoding="UTF-8"?>
<!-- Generated by org.testng.reporters.JUnitReportReporter -->
<testsuite hostname="cyclone1" name="io.swagger.parser.util.RemoteUrlTest" tests="9" failures="0" timestamp="29 May 2018 07:57:50 GMT" time="1.813" errors="0">
  <testcase name="testHostHeader" time="0.088" classname="io.swagger.parser.util.RemoteUrlTest"/>
  <testcase name="testAuthorizationQueryParam" time="0.832" classname="io.swagger.parser.util.RemoteUrlTest"/>
  <testcase name="testSkippedQueryParam" time="0.065" classname="io.swagger.parser.util.RemoteUrlTest"/>
  <testcase name="testAppendQueryParam" time="0.537" classname="io.swagger.parser.util.RemoteUrlTest"/>
  <testcase name="testAuthorizationHeader" time="0.072" classname="io.swagger.parser.util.RemoteUrlTest"/>
  <testcase name="testHostQueryParam" time="0.062" classname="io.swagger.parser.util.RemoteUrlTest"/>
  <testcase name="testReadARemoteUrl" time="0.075" classname="io.swagger.parser.util.RemoteUrlTest"/>
  <testcase name="testCleanUrl" time="0.023" classname="io.swagger.parser.util.RemoteUrlTest"/>
  <testcase name="testSkippedHeader" time="0.059" classname="io.swagger.parser.util.RemoteUrlTest"/>
</testsuite> <!-- io.swagger.parser.util.RemoteUrlTest -->
