<?xml version="1.0" encoding="UTF-8"?>
<!-- Generated by org.testng.reporters.JUnitReportReporter -->
<testsuite hostname="cyclone1" name="io.swagger.parser.SwaggerReaderTest" tests="23" failures="0" timestamp="29 May 2018 07:57:50 GMT" time="0.252" errors="0">
  <testcase name="testIssue277" time="0.003" classname="io.swagger.parser.SwaggerReaderTest"/>
  <testcase name="testIssue136" time="0.187" classname="io.swagger.parser.SwaggerReaderTest"/>
  <testcase name="readUberApiFromFileNoScheme" time="0.005" classname="io.swagger.parser.SwaggerReaderTest"/>
  <testcase name="testIssue1261InlineSchemaExample" time="0.004" classname="io.swagger.parser.SwaggerReaderTest"/>
  <testcase name="readUberApi" time="0.004" classname="io.swagger.parser.SwaggerReaderTest"/>
  <testcase name="detectJson" time="0.002" classname="io.swagger.parser.SwaggerReaderTest"/>
  <testcase name="testIssue192" time="0.002" classname="io.swagger.parser.SwaggerReaderTest"/>
  <testcase name="testIssueSwaggerUi1792" time="0.002" classname="io.swagger.parser.SwaggerReaderTest"/>
  <testcase name="readUberApiFromPathUri" time="0.004" classname="io.swagger.parser.SwaggerReaderTest"/>
  <testcase name="readUberApiFromFile" time="0.006" classname="io.swagger.parser.SwaggerReaderTest"/>
  <testcase name="readUberApiFromFileUri" time="0.005" classname="io.swagger.parser.SwaggerReaderTest"/>
  <testcase name="readUberApiFromFileWithSpaces" time="0.004" classname="io.swagger.parser.SwaggerReaderTest"/>
  <testcase name="readSimpleExampleWithMinimumValues" time="0.002" classname="io.swagger.parser.SwaggerReaderTest"/>
  <testcase name="testIssue205" time="0.000" classname="io.swagger.parser.SwaggerReaderTest"/>
  <testcase name="testIssue207" time="0.001" classname="io.swagger.parser.SwaggerReaderTest"/>
  <testcase name="detectYaml" time="0.002" classname="io.swagger.parser.SwaggerReaderTest"/>
  <testcase name="testIssue16" time="0.003" classname="io.swagger.parser.SwaggerReaderTest"/>
  <testcase name="testIssue364" time="0.001" classname="io.swagger.parser.SwaggerReaderTest"/>
  <testcase name="testIssue469" time="0.004" classname="io.swagger.parser.SwaggerReaderTest"/>
  <testcase name="testIssue208" time="0.000" classname="io.swagger.parser.SwaggerReaderTest"/>
  <testcase name="readSimpleExampleWithModelExtensions" time="0.002" classname="io.swagger.parser.SwaggerReaderTest"/>
  <testcase name="testIssue59" time="0.009" classname="io.swagger.parser.SwaggerReaderTest"/>
  <testcase name="testIssue206" time="0.000" classname="io.swagger.parser.SwaggerReaderTest"/>
</testsuite> <!-- io.swagger.parser.SwaggerReaderTest -->
