<?xml version="1.0" encoding="UTF-8"?>
<!-- Generated by org.testng.reporters.JUnitReportReporter -->
<testsuite hostname="cyclone1" name="io.swagger.parser.processors.OperationProcessorTest" tests="1" failures="0" timestamp="29 May 2018 07:57:50 GMT" time="0.409" errors="0">
  <testcase name="testProcessOperation" time="0.409" classname="io.swagger.parser.processors.OperationProcessorTest"/>
</testsuite> <!-- io.swagger.parser.processors.OperationProcessorTest -->
