<?xml version="1.0" encoding="UTF-8"?>
<!-- Generated by org.testng.reporters.JUnitReportReporter -->
<testsuite hostname="cyclone1" name="io.swagger.parser.processors.ModelProcessorTest" tests="5" failures="0" timestamp="29 May 2018 07:57:50 GMT" time="0.234" errors="0">
  <testcase name="testProcessModelImpl" time="0.004" classname="io.swagger.parser.processors.ModelProcessorTest"/>
  <testcase name="testProcessRefModel_ExternalRef" time="0.003" classname="io.swagger.parser.processors.ModelProcessorTest"/>
  <testcase name="testProcessComposedModel" time="0.009" classname="io.swagger.parser.processors.ModelProcessorTest"/>
  <testcase name="testProcessRefModel_InternalRef" time="0.001" classname="io.swagger.parser.processors.ModelProcessorTest"/>
  <testcase name="testProcessArrayModel" time="0.217" classname="io.swagger.parser.processors.ModelProcessorTest"/>
</testsuite> <!-- io.swagger.parser.processors.ModelProcessorTest -->
