<?xml version="1.0" encoding="UTF-8"?>
<project 
		xmlns="http://maven.apache.org/POM/4.0.0" 
		xmlns:xsi="http://www.w3.org/2001/XMLSchema-instance" 
		xsi:schemaLocation="http://maven.apache.org/POM/4.0.0 http://maven.apache.org/maven-v4_0_0.xsd">

	<modelVersion>4.0.0</modelVersion>
	<prerequisites>
		<maven>3.0.3</maven>
	</prerequisites>
	
	<groupId>com.linagora</groupId>
	<artifactId>${ARTIFACT_ID}</artifactId>
	<version>${VERSION}</version>
	<packaging>roboconf-app</packaging>
	
	<name>${NAME}</name>
	<description>${DESCRIPTION}</description>
	
	<properties>
		<project.build.sourceEncoding>UTF-8</project.build.sourceEncoding>
		<timestamp>${maven.build.timestamp}</timestamp>
		<maven.build.timestamp.format>yyyy-MM-dd--HH-mm</maven.build.timestamp.format>
	</properties>
	
	<build>
		<finalName>${project.artifactId}--${project.version}--${timestamp}</finalName>
		<plugins>
			<plugin>
				<groupId>net.roboconf</groupId>
				<artifactId>roboconf-maven-plugin</artifactId>
				<version>${PLUGIN_VERSION}</version>
				<extensions>true</extensions>
				<configuration></configuration>
			</plugin>
		</plugins>
	</build>
	
</project>
	