<?xml version="1.0" encoding="UTF-8"?>
<testsuite xmlns:xsi="http://www.w3.org/2001/XMLSchema-instance" xsi:noNamespaceSchemaLocation="https://maven.apache.org/surefire/maven-surefire-plugin/xsd/surefire-test-report.xsd" name="com.ceszke.security.mllogin.login.LoginControllerTest" time="9.078" tests="1" errors="0" skipped="0" failures="1">
  <properties>
    <property name="awt.toolkit" value="sun.awt.X11.XToolkit"/>
    <property name="file.encoding.pkg" value="sun.io"/>
    <property name="java.specification.version" value="1.8"/>
    <property name="sun.cpu.isalist" value=""/>
    <property name="sun.jnu.encoding" value="UTF-8"/>
    <property name="java.class.path" value="/root/workspace/tomekceszke/ml-login/419878079/login-service/target/test-classes:/root/workspace/tomekceszke/ml-login/419878079/login-service/target/classes:/root/./workspace/tomekceszke/ml-login/419878079/.m2/org/springframework/cloud/spring-cloud-starter-config/2.0.1.RELEASE/spring-cloud-starter-config-2.0.1.RELEASE.jar:/root/./workspace/tomekceszke/ml-login/419878079/.m2/org/springframework/cloud/spring-cloud-starter/2.0.1.RELEASE/spring-cloud-starter-2.0.1.RELEASE.jar:/root/./workspace/tomekceszke/ml-login/419878079/.m2/org/springframework/cloud/spring-cloud-context/2.0.1.RELEASE/spring-cloud-context-2.0.1.RELEASE.jar:/root/./workspace/tomekceszke/ml-login/419878079/.m2/org/springframework/security/spring-security-rsa/1.0.5.RELEASE/spring-security-rsa-1.0.5.RELEASE.jar:/root/./workspace/tomekceszke/ml-login/419878079/.m2/org/bouncycastle/bcpkix-jdk15on/1.56/bcpkix-jdk15on-1.56.jar:/root/./workspace/tomekceszke/ml-login/419878079/.m2/org/bouncycastle/bcprov-jdk15on/1.56/bcprov-jdk15on-1.56.jar:/root/./workspace/tomekceszke/ml-login/419878079/.m2/org/springframework/cloud/spring-cloud-config-client/2.0.1.RELEASE/spring-cloud-config-client-2.0.1.RELEASE.jar:/root/./workspace/tomekceszke/ml-login/419878079/.m2/com/fasterxml/jackson/core/jackson-annotations/2.9.0/jackson-annotations-2.9.0.jar:/root/./workspace/tomekceszke/ml-login/419878079/.m2/com/fasterxml/jackson/core/jackson-databind/2.9.6/jackson-databind-2.9.6.jar:/root/./workspace/tomekceszke/ml-login/419878079/.m2/com/fasterxml/jackson/core/jackson-core/2.9.6/jackson-core-2.9.6.jar:/root/./workspace/tomekceszke/ml-login/419878079/.m2/org/springframework/boot/spring-boot-starter-security/2.0.4.RELEASE/spring-boot-starter-security-2.0.4.RELEASE.jar:/root/./workspace/tomekceszke/ml-login/419878079/.m2/org/springframework/boot/spring-boot-starter/2.0.4.RELEASE/spring-boot-starter-2.0.4.RELEASE.jar:/root/./workspace/tomekceszke/ml-login/419878079/.m2/org/springframework/boot/spring-boot-starter-logging/2.0.4.RELEASE/spring-boot-starter-logging-2.0.4.RELEASE.jar:/root/./workspace/tomekceszke/ml-login/419878079/.m2/ch/qos/logback/logback-classic/1.2.3/logback-classic-1.2.3.jar:/root/./workspace/tomekceszke/ml-login/419878079/.m2/ch/qos/logback/logback-core/1.2.3/logback-core-1.2.3.jar:/root/./workspace/tomekceszke/ml-login/419878079/.m2/org/apache/logging/log4j/log4j-to-slf4j/2.10.0/log4j-to-slf4j-2.10.0.jar:/root/./workspace/tomekceszke/ml-login/419878079/.m2/org/apache/logging/log4j/log4j-api/2.10.0/log4j-api-2.10.0.jar:/root/./workspace/tomekceszke/ml-login/419878079/.m2/org/slf4j/jul-to-slf4j/1.7.25/jul-to-slf4j-1.7.25.jar:/root/./workspace/tomekceszke/ml-login/419878079/.m2/javax/annotation/javax.annotation-api/1.3.2/javax.annotation-api-1.3.2.jar:/root/./workspace/tomekceszke/ml-login/419878079/.m2/org/yaml/snakeyaml/1.19/snakeyaml-1.19.jar:/root/./workspace/tomekceszke/ml-login/419878079/.m2/org/springframework/spring-aop/5.0.8.RELEASE/spring-aop-5.0.8.RELEASE.jar:/root/./workspace/tomekceszke/ml-login/419878079/.m2/org/springframework/spring-beans/5.0.8.RELEASE/spring-beans-5.0.8.RELEASE.jar:/root/./workspace/tomekceszke/ml-login/419878079/.m2/org/springframework/security/spring-security-config/5.0.7.RELEASE/spring-security-config-5.0.7.RELEASE.jar:/root/./workspace/tomekceszke/ml-login/419878079/.m2/org/springframework/spring-context/5.0.8.RELEASE/spring-context-5.0.8.RELEASE.jar:/root/./workspace/tomekceszke/ml-login/419878079/.m2/org/springframework/security/spring-security-web/5.0.7.RELEASE/spring-security-web-5.0.7.RELEASE.jar:/root/./workspace/tomekceszke/ml-login/419878079/.m2/org/springframework/spring-expression/5.0.8.RELEASE/spring-expression-5.0.8.RELEASE.jar:/root/./workspace/tomekceszke/ml-login/419878079/.m2/org/springframework/boot/spring-boot-starter-thymeleaf/2.0.4.RELEASE/spring-boot-starter-thymeleaf-2.0.4.RELEASE.jar:/root/./workspace/tomekceszke/ml-login/419878079/.m2/org/thymeleaf/thymeleaf-spring5/3.0.9.RELEASE/thymeleaf-spring5-3.0.9.RELEASE.jar:/root/./workspace/tomekceszke/ml-login/419878079/.m2/org/thymeleaf/thymeleaf/3.0.9.RELEASE/thymeleaf-3.0.9.RELEASE.jar:/root/./workspace/tomekceszke/ml-login/419878079/.m2/org/attoparser/attoparser/2.0.4.RELEASE/attoparser-2.0.4.RELEASE.jar:/root/./workspace/tomekceszke/ml-login/419878079/.m2/org/unbescape/unbescape/1.1.5.RELEASE/unbescape-1.1.5.RELEASE.jar:/root/./workspace/tomekceszke/ml-login/419878079/.m2/org/slf4j/slf4j-api/1.7.25/slf4j-api-1.7.25.jar:/root/./workspace/tomekceszke/ml-login/419878079/.m2/org/thymeleaf/extras/thymeleaf-extras-java8time/3.0.1.RELEASE/thymeleaf-extras-java8time-3.0.1.RELEASE.jar:/root/./workspace/tomekceszke/ml-login/419878079/.m2/org/springframework/boot/spring-boot-starter-web/2.0.4.RELEASE/spring-boot-starter-web-2.0.4.RELEASE.jar:/root/./workspace/tomekceszke/ml-login/419878079/.m2/org/springframework/boot/spring-boot-starter-json/2.0.4.RELEASE/spring-boot-starter-json-2.0.4.RELEASE.jar:/root/./workspace/tomekceszke/ml-login/419878079/.m2/com/fasterxml/jackson/datatype/jackson-datatype-jdk8/2.9.6/jackson-datatype-jdk8-2.9.6.jar:/root/./workspace/tomekceszke/ml-login/419878079/.m2/com/fasterxml/jackson/datatype/jackson-datatype-jsr310/2.9.6/jackson-datatype-jsr310-2.9.6.jar:/root/./workspace/tomekceszke/ml-login/419878079/.m2/com/fasterxml/jackson/module/jackson-module-parameter-names/2.9.6/jackson-module-parameter-names-2.9.6.jar:/root/./workspace/tomekceszke/ml-login/419878079/.m2/org/springframework/boot/spring-boot-starter-tomcat/2.0.4.RELEASE/spring-boot-starter-tomcat-2.0.4.RELEASE.jar:/root/./workspace/tomekceszke/ml-login/419878079/.m2/org/apache/tomcat/embed/tomcat-embed-core/8.5.32/tomcat-embed-core-8.5.32.jar:/root/./workspace/tomekceszke/ml-login/419878079/.m2/org/apache/tomcat/embed/tomcat-embed-el/8.5.32/tomcat-embed-el-8.5.32.jar:/root/./workspace/tomekceszke/ml-login/419878079/.m2/org/apache/tomcat/embed/tomcat-embed-websocket/8.5.32/tomcat-embed-websocket-8.5.32.jar:/root/./workspace/tomekceszke/ml-login/419878079/.m2/org/hibernate/validator/hibernate-validator/6.0.11.Final/hibernate-validator-6.0.11.Final.jar:/root/./workspace/tomekceszke/ml-login/419878079/.m2/javax/validation/validation-api/2.0.1.Final/validation-api-2.0.1.Final.jar:/root/./workspace/tomekceszke/ml-login/419878079/.m2/org/jboss/logging/jboss-logging/3.3.2.Final/jboss-logging-3.3.2.Final.jar:/root/./workspace/tomekceszke/ml-login/419878079/.m2/com/fasterxml/classmate/1.3.4/classmate-1.3.4.jar:/root/./workspace/tomekceszke/ml-login/419878079/.m2/org/springframework/spring-web/5.0.8.RELEASE/spring-web-5.0.8.RELEASE.jar:/root/./workspace/tomekceszke/ml-login/419878079/.m2/org/springframework/spring-webmvc/5.0.8.RELEASE/spring-webmvc-5.0.8.RELEASE.jar:/root/./workspace/tomekceszke/ml-login/419878079/.m2/org/springframework/cloud/spring-cloud-starter-netflix-ribbon/2.0.1.RELEASE/spring-cloud-starter-netflix-ribbon-2.0.1.RELEASE.jar:/root/./workspace/tomekceszke/ml-login/419878079/.m2/org/springframework/cloud/spring-cloud-netflix-ribbon/2.0.1.RELEASE/spring-cloud-netflix-ribbon-2.0.1.RELEASE.jar:/root/./workspace/tomekceszke/ml-login/419878079/.m2/org/springframework/cloud/spring-cloud-netflix-archaius/2.0.1.RELEASE/spring-cloud-netflix-archaius-2.0.1.RELEASE.jar:/root/./workspace/tomekceszke/ml-login/419878079/.m2/org/springframework/cloud/spring-cloud-starter-netflix-archaius/2.0.1.RELEASE/spring-cloud-starter-netflix-archaius-2.0.1.RELEASE.jar:/root/./workspace/tomekceszke/ml-login/419878079/.m2/com/netflix/archaius/archaius-core/0.7.6/archaius-core-0.7.6.jar:/root/./workspace/tomekceszke/ml-login/419878079/.m2/com/google/code/findbugs/jsr305/3.0.1/jsr305-3.0.1.jar:/root/./workspace/tomekceszke/ml-login/419878079/.m2/commons-configuration/commons-configuration/1.8/commons-configuration-1.8.jar:/root/./workspace/tomekceszke/ml-login/419878079/.m2/com/netflix/ribbon/ribbon/2.2.5/ribbon-2.2.5.jar:/root/./workspace/tomekceszke/ml-login/419878079/.m2/com/netflix/ribbon/ribbon-transport/2.2.5/ribbon-transport-2.2.5.jar:/root/./workspace/tomekceszke/ml-login/419878079/.m2/io/reactivex/rxnetty-contexts/0.4.9/rxnetty-contexts-0.4.9.jar:/root/./workspace/tomekceszke/ml-login/419878079/.m2/io/reactivex/rxnetty-servo/0.4.9/rxnetty-servo-0.4.9.jar:/root/./workspace/tomekceszke/ml-login/419878079/.m2/com/netflix/hystrix/hystrix-core/1.5.12/hystrix-core-1.5.12.jar:/root/./workspace/tomekceszke/ml-login/419878079/.m2/org/hdrhistogram/HdrHistogram/2.1.9/HdrHistogram-2.1.9.jar:/root/./workspace/tomekceszke/ml-login/419878079/.m2/javax/inject/javax.inject/1/javax.inject-1.jar:/root/./workspace/tomekceszke/ml-login/419878079/.m2/io/reactivex/rxnetty/0.4.9/rxnetty-0.4.9.jar:/root/./workspace/tomekceszke/ml-login/419878079/.m2/io/netty/netty-codec-http/4.1.27.Final/netty-codec-http-4.1.27.Final.jar:/root/./workspace/tomekceszke/ml-login/419878079/.m2/io/netty/netty-codec/4.1.27.Final/netty-codec-4.1.27.Final.jar:/root/./workspace/tomekceszke/ml-login/419878079/.m2/io/netty/netty-transport-native-epoll/4.1.27.Final/netty-transport-native-epoll-4.1.27.Final.jar:/root/./workspace/tomekceszke/ml-login/419878079/.m2/io/netty/netty-common/4.1.27.Final/netty-common-4.1.27.Final.jar:/root/./workspace/tomekceszke/ml-login/419878079/.m2/io/netty/netty-buffer/4.1.27.Final/netty-buffer-4.1.27.Final.jar:/root/./workspace/tomekceszke/ml-login/419878079/.m2/io/netty/netty-transport-native-unix-common/4.1.27.Final/netty-transport-native-unix-common-4.1.27.Final.jar:/root/./workspace/tomekceszke/ml-login/419878079/.m2/io/netty/netty-transport/4.1.27.Final/netty-transport-4.1.27.Final.jar:/root/./workspace/tomekceszke/ml-login/419878079/.m2/io/netty/netty-resolver/4.1.27.Final/netty-resolver-4.1.27.Final.jar:/root/./workspace/tomekceszke/ml-login/419878079/.m2/com/google/guava/guava/16.0.1/guava-16.0.1.jar:/root/./workspace/tomekceszke/ml-login/419878079/.m2/com/netflix/ribbon/ribbon-core/2.2.5/ribbon-core-2.2.5.jar:/root/./workspace/tomekceszke/ml-login/419878079/.m2/commons-lang/commons-lang/2.6/commons-lang-2.6.jar:/root/./workspace/tomekceszke/ml-login/419878079/.m2/com/netflix/ribbon/ribbon-httpclient/2.2.5/ribbon-httpclient-2.2.5.jar:/root/./workspace/tomekceszke/ml-login/419878079/.m2/commons-collections/commons-collections/3.2.2/commons-collections-3.2.2.jar:/root/./workspace/tomekceszke/ml-login/419878079/.m2/org/apache/httpcomponents/httpclient/4.5.6/httpclient-4.5.6.jar:/root/./workspace/tomekceszke/ml-login/419878079/.m2/org/apache/httpcomponents/httpcore/4.4.10/httpcore-4.4.10.jar:/root/./workspace/tomekceszke/ml-login/419878079/.m2/commons-codec/commons-codec/1.11/commons-codec-1.11.jar:/root/./workspace/tomekceszke/ml-login/419878079/.m2/com/sun/jersey/jersey-client/1.19.1/jersey-client-1.19.1.jar:/root/./workspace/tomekceszke/ml-login/419878079/.m2/com/sun/jersey/jersey-core/1.19.1/jersey-core-1.19.1.jar:/root/./workspace/tomekceszke/ml-login/419878079/.m2/javax/ws/rs/jsr311-api/1.1.1/jsr311-api-1.1.1.jar:/root/./workspace/tomekceszke/ml-login/419878079/.m2/com/sun/jersey/contribs/jersey-apache-client4/1.19.1/jersey-apache-client4-1.19.1.jar:/root/./workspace/tomekceszke/ml-login/419878079/.m2/com/netflix/servo/servo-core/0.12.21/servo-core-0.12.21.jar:/root/./workspace/tomekceszke/ml-login/419878079/.m2/com/netflix/netflix-commons/netflix-commons-util/0.3.0/netflix-commons-util-0.3.0.jar:/root/./workspace/tomekceszke/ml-login/419878079/.m2/com/netflix/ribbon/ribbon-loadbalancer/2.2.5/ribbon-loadbalancer-2.2.5.jar:/root/./workspace/tomekceszke/ml-login/419878079/.m2/com/netflix/netflix-commons/netflix-statistics/0.1.1/netflix-statistics-0.1.1.jar:/root/./workspace/tomekceszke/ml-login/419878079/.m2/io/reactivex/rxjava/1.3.8/rxjava-1.3.8.jar:/root/./workspace/tomekceszke/ml-login/419878079/.m2/org/springframework/cloud/spring-cloud-starter-openfeign/2.0.1.RELEASE/spring-cloud-starter-openfeign-2.0.1.RELEASE.jar:/root/./workspace/tomekceszke/ml-login/419878079/.m2/org/springframework/cloud/spring-cloud-openfeign-core/2.0.1.RELEASE/spring-cloud-openfeign-core-2.0.1.RELEASE.jar:/root/./workspace/tomekceszke/ml-login/419878079/.m2/org/springframework/boot/spring-boot-starter-aop/2.0.4.RELEASE/spring-boot-starter-aop-2.0.4.RELEASE.jar:/root/./workspace/tomekceszke/ml-login/419878079/.m2/org/aspectj/aspectjweaver/1.8.13/aspectjweaver-1.8.13.jar:/root/./workspace/tomekceszke/ml-login/419878079/.m2/org/springframework/cloud/spring-cloud-commons/2.0.1.RELEASE/spring-cloud-commons-2.0.1.RELEASE.jar:/root/./workspace/tomekceszke/ml-login/419878079/.m2/org/springframework/security/spring-security-crypto/5.0.7.RELEASE/spring-security-crypto-5.0.7.RELEASE.jar:/root/./workspace/tomekceszke/ml-login/419878079/.m2/io/github/openfeign/feign-core/9.5.1/feign-core-9.5.1.jar:/root/./workspace/tomekceszke/ml-login/419878079/.m2/io/github/openfeign/feign-slf4j/9.5.1/feign-slf4j-9.5.1.jar:/root/./workspace/tomekceszke/ml-login/419878079/.m2/io/github/openfeign/feign-hystrix/9.5.1/feign-hystrix-9.5.1.jar:/root/./workspace/tomekceszke/ml-login/419878079/.m2/io/github/openfeign/feign-java8/9.5.1/feign-java8-9.5.1.jar:/root/./workspace/tomekceszke/ml-login/419878079/.m2/org/springframework/boot/spring-boot-devtools/2.0.4.RELEASE/spring-boot-devtools-2.0.4.RELEASE.jar:/root/./workspace/tomekceszke/ml-login/419878079/.m2/org/springframework/boot/spring-boot/2.0.4.RELEASE/spring-boot-2.0.4.RELEASE.jar:/root/./workspace/tomekceszke/ml-login/419878079/.m2/org/springframework/boot/spring-boot-autoconfigure/2.0.4.RELEASE/spring-boot-autoconfigure-2.0.4.RELEASE.jar:/root/./workspace/tomekceszke/ml-login/419878079/.m2/org/springframework/boot/spring-boot-starter-test/2.0.4.RELEASE/spring-boot-starter-test-2.0.4.RELEASE.jar:/root/./workspace/tomekceszke/ml-login/419878079/.m2/org/springframework/boot/spring-boot-test/2.0.4.RELEASE/spring-boot-test-2.0.4.RELEASE.jar:/root/./workspace/tomekceszke/ml-login/419878079/.m2/org/springframework/boot/spring-boot-test-autoconfigure/2.0.4.RELEASE/spring-boot-test-autoconfigure-2.0.4.RELEASE.jar:/root/./workspace/tomekceszke/ml-login/419878079/.m2/com/jayway/jsonpath/json-path/2.4.0/json-path-2.4.0.jar:/root/./workspace/tomekceszke/ml-login/419878079/.m2/net/minidev/json-smart/2.3/json-smart-2.3.jar:/root/./workspace/tomekceszke/ml-login/419878079/.m2/net/minidev/accessors-smart/1.2/accessors-smart-1.2.jar:/root/./workspace/tomekceszke/ml-login/419878079/.m2/org/ow2/asm/asm/5.0.4/asm-5.0.4.jar:/root/./workspace/tomekceszke/ml-login/419878079/.m2/junit/junit/4.12/junit-4.12.jar:/root/./workspace/tomekceszke/ml-login/419878079/.m2/org/assertj/assertj-core/3.9.1/assertj-core-3.9.1.jar:/root/./workspace/tomekceszke/ml-login/419878079/.m2/org/mockito/mockito-core/2.15.0/mockito-core-2.15.0.jar:/root/./workspace/tomekceszke/ml-login/419878079/.m2/net/bytebuddy/byte-buddy/1.7.11/byte-buddy-1.7.11.jar:/root/./workspace/tomekceszke/ml-login/419878079/.m2/net/bytebuddy/byte-buddy-agent/1.7.11/byte-buddy-agent-1.7.11.jar:/root/./workspace/tomekceszke/ml-login/419878079/.m2/org/objenesis/objenesis/2.6/objenesis-2.6.jar:/root/./workspace/tomekceszke/ml-login/419878079/.m2/org/hamcrest/hamcrest-core/1.3/hamcrest-core-1.3.jar:/root/./workspace/tomekceszke/ml-login/419878079/.m2/org/hamcrest/hamcrest-library/1.3/hamcrest-library-1.3.jar:/root/./workspace/tomekceszke/ml-login/419878079/.m2/org/skyscreamer/jsonassert/1.5.0/jsonassert-1.5.0.jar:/root/./workspace/tomekceszke/ml-login/419878079/.m2/com/vaadin/external/google/android-json/0.0.20131108.vaadin1/android-json-0.0.20131108.vaadin1.jar:/root/./workspace/tomekceszke/ml-login/419878079/.m2/org/springframework/spring-core/5.0.8.RELEASE/spring-core-5.0.8.RELEASE.jar:/root/./workspace/tomekceszke/ml-login/419878079/.m2/org/springframework/spring-jcl/5.0.8.RELEASE/spring-jcl-5.0.8.RELEASE.jar:/root/./workspace/tomekceszke/ml-login/419878079/.m2/org/springframework/spring-test/5.0.8.RELEASE/spring-test-5.0.8.RELEASE.jar:/root/./workspace/tomekceszke/ml-login/419878079/.m2/org/xmlunit/xmlunit-core/2.5.1/xmlunit-core-2.5.1.jar:/root/./workspace/tomekceszke/ml-login/419878079/.m2/org/springframework/security/spring-security-test/5.0.7.RELEASE/spring-security-test-5.0.7.RELEASE.jar:/root/./workspace/tomekceszke/ml-login/419878079/.m2/org/springframework/security/spring-security-core/5.0.7.RELEASE/spring-security-core-5.0.7.RELEASE.jar:/root/./workspace/tomekceszke/ml-login/419878079/.m2/org/projectlombok/lombok/1.18.0/lombok-1.18.0.jar:"/>
    <property name="java.vm.vendor" value="Oracle Corporation"/>
    <property name="skip.bower" value="true"/>
    <property name="sun.arch.data.model" value="64"/>
    <property name="java.vendor.url" value="http://java.oracle.com/"/>
    <property name="user.timezone" value=""/>
    <property name="java.vm.specification.version" value="1.8"/>
    <property name="os.name" value="Linux"/>
    <property name="rat.skip" value="true"/>
    <property name="gpg.skip" value="true"/>
    <property name="sun.java.launcher" value="SUN_STANDARD"/>
    <property name="sun.boot.library.path" value="/usr/lib/jvm/java-8-openjdk-amd64/jre/lib/amd64"/>
    <property name="skip.gulp" value="true"/>
    <property name="sun.java.command" value="/root/workspace/tomekceszke/ml-login/419878079/login-service/target/surefire/surefirebooter7595621666333085063.jar /root/workspace/tomekceszke/ml-login/419878079/login-service/target/surefire 2018-08-24T00-38-03_073-jvmRun1 surefire2857019015516112711tmp surefire_36253622252613806355tmp"/>
    <property name="dependency-check.skip" value="true"/>
    <property name="surefire.test.class.path" value="/root/workspace/tomekceszke/ml-login/419878079/login-service/target/test-classes:/root/workspace/tomekceszke/ml-login/419878079/login-service/target/classes:/root/./workspace/tomekceszke/ml-login/419878079/.m2/org/springframework/cloud/spring-cloud-starter-config/2.0.1.RELEASE/spring-cloud-starter-config-2.0.1.RELEASE.jar:/root/./workspace/tomekceszke/ml-login/419878079/.m2/org/springframework/cloud/spring-cloud-starter/2.0.1.RELEASE/spring-cloud-starter-2.0.1.RELEASE.jar:/root/./workspace/tomekceszke/ml-login/419878079/.m2/org/springframework/cloud/spring-cloud-context/2.0.1.RELEASE/spring-cloud-context-2.0.1.RELEASE.jar:/root/./workspace/tomekceszke/ml-login/419878079/.m2/org/springframework/security/spring-security-rsa/1.0.5.RELEASE/spring-security-rsa-1.0.5.RELEASE.jar:/root/./workspace/tomekceszke/ml-login/419878079/.m2/org/bouncycastle/bcpkix-jdk15on/1.56/bcpkix-jdk15on-1.56.jar:/root/./workspace/tomekceszke/ml-login/419878079/.m2/org/bouncycastle/bcprov-jdk15on/1.56/bcprov-jdk15on-1.56.jar:/root/./workspace/tomekceszke/ml-login/419878079/.m2/org/springframework/cloud/spring-cloud-config-client/2.0.1.RELEASE/spring-cloud-config-client-2.0.1.RELEASE.jar:/root/./workspace/tomekceszke/ml-login/419878079/.m2/com/fasterxml/jackson/core/jackson-annotations/2.9.0/jackson-annotations-2.9.0.jar:/root/./workspace/tomekceszke/ml-login/419878079/.m2/com/fasterxml/jackson/core/jackson-databind/2.9.6/jackson-databind-2.9.6.jar:/root/./workspace/tomekceszke/ml-login/419878079/.m2/com/fasterxml/jackson/core/jackson-core/2.9.6/jackson-core-2.9.6.jar:/root/./workspace/tomekceszke/ml-login/419878079/.m2/org/springframework/boot/spring-boot-starter-security/2.0.4.RELEASE/spring-boot-starter-security-2.0.4.RELEASE.jar:/root/./workspace/tomekceszke/ml-login/419878079/.m2/org/springframework/boot/spring-boot-starter/2.0.4.RELEASE/spring-boot-starter-2.0.4.RELEASE.jar:/root/./workspace/tomekceszke/ml-login/419878079/.m2/org/springframework/boot/spring-boot-starter-logging/2.0.4.RELEASE/spring-boot-starter-logging-2.0.4.RELEASE.jar:/root/./workspace/tomekceszke/ml-login/419878079/.m2/ch/qos/logback/logback-classic/1.2.3/logback-classic-1.2.3.jar:/root/./workspace/tomekceszke/ml-login/419878079/.m2/ch/qos/logback/logback-core/1.2.3/logback-core-1.2.3.jar:/root/./workspace/tomekceszke/ml-login/419878079/.m2/org/apache/logging/log4j/log4j-to-slf4j/2.10.0/log4j-to-slf4j-2.10.0.jar:/root/./workspace/tomekceszke/ml-login/419878079/.m2/org/apache/logging/log4j/log4j-api/2.10.0/log4j-api-2.10.0.jar:/root/./workspace/tomekceszke/ml-login/419878079/.m2/org/slf4j/jul-to-slf4j/1.7.25/jul-to-slf4j-1.7.25.jar:/root/./workspace/tomekceszke/ml-login/419878079/.m2/javax/annotation/javax.annotation-api/1.3.2/javax.annotation-api-1.3.2.jar:/root/./workspace/tomekceszke/ml-login/419878079/.m2/org/yaml/snakeyaml/1.19/snakeyaml-1.19.jar:/root/./workspace/tomekceszke/ml-login/419878079/.m2/org/springframework/spring-aop/5.0.8.RELEASE/spring-aop-5.0.8.RELEASE.jar:/root/./workspace/tomekceszke/ml-login/419878079/.m2/org/springframework/spring-beans/5.0.8.RELEASE/spring-beans-5.0.8.RELEASE.jar:/root/./workspace/tomekceszke/ml-login/419878079/.m2/org/springframework/security/spring-security-config/5.0.7.RELEASE/spring-security-config-5.0.7.RELEASE.jar:/root/./workspace/tomekceszke/ml-login/419878079/.m2/org/springframework/spring-context/5.0.8.RELEASE/spring-context-5.0.8.RELEASE.jar:/root/./workspace/tomekceszke/ml-login/419878079/.m2/org/springframework/security/spring-security-web/5.0.7.RELEASE/spring-security-web-5.0.7.RELEASE.jar:/root/./workspace/tomekceszke/ml-login/419878079/.m2/org/springframework/spring-expression/5.0.8.RELEASE/spring-expression-5.0.8.RELEASE.jar:/root/./workspace/tomekceszke/ml-login/419878079/.m2/org/springframework/boot/spring-boot-starter-thymeleaf/2.0.4.RELEASE/spring-boot-starter-thymeleaf-2.0.4.RELEASE.jar:/root/./workspace/tomekceszke/ml-login/419878079/.m2/org/thymeleaf/thymeleaf-spring5/3.0.9.RELEASE/thymeleaf-spring5-3.0.9.RELEASE.jar:/root/./workspace/tomekceszke/ml-login/419878079/.m2/org/thymeleaf/thymeleaf/3.0.9.RELEASE/thymeleaf-3.0.9.RELEASE.jar:/root/./workspace/tomekceszke/ml-login/419878079/.m2/org/attoparser/attoparser/2.0.4.RELEASE/attoparser-2.0.4.RELEASE.jar:/root/./workspace/tomekceszke/ml-login/419878079/.m2/org/unbescape/unbescape/1.1.5.RELEASE/unbescape-1.1.5.RELEASE.jar:/root/./workspace/tomekceszke/ml-login/419878079/.m2/org/slf4j/slf4j-api/1.7.25/slf4j-api-1.7.25.jar:/root/./workspace/tomekceszke/ml-login/419878079/.m2/org/thymeleaf/extras/thymeleaf-extras-java8time/3.0.1.RELEASE/thymeleaf-extras-java8time-3.0.1.RELEASE.jar:/root/./workspace/tomekceszke/ml-login/419878079/.m2/org/springframework/boot/spring-boot-starter-web/2.0.4.RELEASE/spring-boot-starter-web-2.0.4.RELEASE.jar:/root/./workspace/tomekceszke/ml-login/419878079/.m2/org/springframework/boot/spring-boot-starter-json/2.0.4.RELEASE/spring-boot-starter-json-2.0.4.RELEASE.jar:/root/./workspace/tomekceszke/ml-login/419878079/.m2/com/fasterxml/jackson/datatype/jackson-datatype-jdk8/2.9.6/jackson-datatype-jdk8-2.9.6.jar:/root/./workspace/tomekceszke/ml-login/419878079/.m2/com/fasterxml/jackson/datatype/jackson-datatype-jsr310/2.9.6/jackson-datatype-jsr310-2.9.6.jar:/root/./workspace/tomekceszke/ml-login/419878079/.m2/com/fasterxml/jackson/module/jackson-module-parameter-names/2.9.6/jackson-module-parameter-names-2.9.6.jar:/root/./workspace/tomekceszke/ml-login/419878079/.m2/org/springframework/boot/spring-boot-starter-tomcat/2.0.4.RELEASE/spring-boot-starter-tomcat-2.0.4.RELEASE.jar:/root/./workspace/tomekceszke/ml-login/419878079/.m2/org/apache/tomcat/embed/tomcat-embed-core/8.5.32/tomcat-embed-core-8.5.32.jar:/root/./workspace/tomekceszke/ml-login/419878079/.m2/org/apache/tomcat/embed/tomcat-embed-el/8.5.32/tomcat-embed-el-8.5.32.jar:/root/./workspace/tomekceszke/ml-login/419878079/.m2/org/apache/tomcat/embed/tomcat-embed-websocket/8.5.32/tomcat-embed-websocket-8.5.32.jar:/root/./workspace/tomekceszke/ml-login/419878079/.m2/org/hibernate/validator/hibernate-validator/6.0.11.Final/hibernate-validator-6.0.11.Final.jar:/root/./workspace/tomekceszke/ml-login/419878079/.m2/javax/validation/validation-api/2.0.1.Final/validation-api-2.0.1.Final.jar:/root/./workspace/tomekceszke/ml-login/419878079/.m2/org/jboss/logging/jboss-logging/3.3.2.Final/jboss-logging-3.3.2.Final.jar:/root/./workspace/tomekceszke/ml-login/419878079/.m2/com/fasterxml/classmate/1.3.4/classmate-1.3.4.jar:/root/./workspace/tomekceszke/ml-login/419878079/.m2/org/springframework/spring-web/5.0.8.RELEASE/spring-web-5.0.8.RELEASE.jar:/root/./workspace/tomekceszke/ml-login/419878079/.m2/org/springframework/spring-webmvc/5.0.8.RELEASE/spring-webmvc-5.0.8.RELEASE.jar:/root/./workspace/tomekceszke/ml-login/419878079/.m2/org/springframework/cloud/spring-cloud-starter-netflix-ribbon/2.0.1.RELEASE/spring-cloud-starter-netflix-ribbon-2.0.1.RELEASE.jar:/root/./workspace/tomekceszke/ml-login/419878079/.m2/org/springframework/cloud/spring-cloud-netflix-ribbon/2.0.1.RELEASE/spring-cloud-netflix-ribbon-2.0.1.RELEASE.jar:/root/./workspace/tomekceszke/ml-login/419878079/.m2/org/springframework/cloud/spring-cloud-netflix-archaius/2.0.1.RELEASE/spring-cloud-netflix-archaius-2.0.1.RELEASE.jar:/root/./workspace/tomekceszke/ml-login/419878079/.m2/org/springframework/cloud/spring-cloud-starter-netflix-archaius/2.0.1.RELEASE/spring-cloud-starter-netflix-archaius-2.0.1.RELEASE.jar:/root/./workspace/tomekceszke/ml-login/419878079/.m2/com/netflix/archaius/archaius-core/0.7.6/archaius-core-0.7.6.jar:/root/./workspace/tomekceszke/ml-login/419878079/.m2/com/google/code/findbugs/jsr305/3.0.1/jsr305-3.0.1.jar:/root/./workspace/tomekceszke/ml-login/419878079/.m2/commons-configuration/commons-configuration/1.8/commons-configuration-1.8.jar:/root/./workspace/tomekceszke/ml-login/419878079/.m2/com/netflix/ribbon/ribbon/2.2.5/ribbon-2.2.5.jar:/root/./workspace/tomekceszke/ml-login/419878079/.m2/com/netflix/ribbon/ribbon-transport/2.2.5/ribbon-transport-2.2.5.jar:/root/./workspace/tomekceszke/ml-login/419878079/.m2/io/reactivex/rxnetty-contexts/0.4.9/rxnetty-contexts-0.4.9.jar:/root/./workspace/tomekceszke/ml-login/419878079/.m2/io/reactivex/rxnetty-servo/0.4.9/rxnetty-servo-0.4.9.jar:/root/./workspace/tomekceszke/ml-login/419878079/.m2/com/netflix/hystrix/hystrix-core/1.5.12/hystrix-core-1.5.12.jar:/root/./workspace/tomekceszke/ml-login/419878079/.m2/org/hdrhistogram/HdrHistogram/2.1.9/HdrHistogram-2.1.9.jar:/root/./workspace/tomekceszke/ml-login/419878079/.m2/javax/inject/javax.inject/1/javax.inject-1.jar:/root/./workspace/tomekceszke/ml-login/419878079/.m2/io/reactivex/rxnetty/0.4.9/rxnetty-0.4.9.jar:/root/./workspace/tomekceszke/ml-login/419878079/.m2/io/netty/netty-codec-http/4.1.27.Final/netty-codec-http-4.1.27.Final.jar:/root/./workspace/tomekceszke/ml-login/419878079/.m2/io/netty/netty-codec/4.1.27.Final/netty-codec-4.1.27.Final.jar:/root/./workspace/tomekceszke/ml-login/419878079/.m2/io/netty/netty-transport-native-epoll/4.1.27.Final/netty-transport-native-epoll-4.1.27.Final.jar:/root/./workspace/tomekceszke/ml-login/419878079/.m2/io/netty/netty-common/4.1.27.Final/netty-common-4.1.27.Final.jar:/root/./workspace/tomekceszke/ml-login/419878079/.m2/io/netty/netty-buffer/4.1.27.Final/netty-buffer-4.1.27.Final.jar:/root/./workspace/tomekceszke/ml-login/419878079/.m2/io/netty/netty-transport-native-unix-common/4.1.27.Final/netty-transport-native-unix-common-4.1.27.Final.jar:/root/./workspace/tomekceszke/ml-login/419878079/.m2/io/netty/netty-transport/4.1.27.Final/netty-transport-4.1.27.Final.jar:/root/./workspace/tomekceszke/ml-login/419878079/.m2/io/netty/netty-resolver/4.1.27.Final/netty-resolver-4.1.27.Final.jar:/root/./workspace/tomekceszke/ml-login/419878079/.m2/com/google/guava/guava/16.0.1/guava-16.0.1.jar:/root/./workspace/tomekceszke/ml-login/419878079/.m2/com/netflix/ribbon/ribbon-core/2.2.5/ribbon-core-2.2.5.jar:/root/./workspace/tomekceszke/ml-login/419878079/.m2/commons-lang/commons-lang/2.6/commons-lang-2.6.jar:/root/./workspace/tomekceszke/ml-login/419878079/.m2/com/netflix/ribbon/ribbon-httpclient/2.2.5/ribbon-httpclient-2.2.5.jar:/root/./workspace/tomekceszke/ml-login/419878079/.m2/commons-collections/commons-collections/3.2.2/commons-collections-3.2.2.jar:/root/./workspace/tomekceszke/ml-login/419878079/.m2/org/apache/httpcomponents/httpclient/4.5.6/httpclient-4.5.6.jar:/root/./workspace/tomekceszke/ml-login/419878079/.m2/org/apache/httpcomponents/httpcore/4.4.10/httpcore-4.4.10.jar:/root/./workspace/tomekceszke/ml-login/419878079/.m2/commons-codec/commons-codec/1.11/commons-codec-1.11.jar:/root/./workspace/tomekceszke/ml-login/419878079/.m2/com/sun/jersey/jersey-client/1.19.1/jersey-client-1.19.1.jar:/root/./workspace/tomekceszke/ml-login/419878079/.m2/com/sun/jersey/jersey-core/1.19.1/jersey-core-1.19.1.jar:/root/./workspace/tomekceszke/ml-login/419878079/.m2/javax/ws/rs/jsr311-api/1.1.1/jsr311-api-1.1.1.jar:/root/./workspace/tomekceszke/ml-login/419878079/.m2/com/sun/jersey/contribs/jersey-apache-client4/1.19.1/jersey-apache-client4-1.19.1.jar:/root/./workspace/tomekceszke/ml-login/419878079/.m2/com/netflix/servo/servo-core/0.12.21/servo-core-0.12.21.jar:/root/./workspace/tomekceszke/ml-login/419878079/.m2/com/netflix/netflix-commons/netflix-commons-util/0.3.0/netflix-commons-util-0.3.0.jar:/root/./workspace/tomekceszke/ml-login/419878079/.m2/com/netflix/ribbon/ribbon-loadbalancer/2.2.5/ribbon-loadbalancer-2.2.5.jar:/root/./workspace/tomekceszke/ml-login/419878079/.m2/com/netflix/netflix-commons/netflix-statistics/0.1.1/netflix-statistics-0.1.1.jar:/root/./workspace/tomekceszke/ml-login/419878079/.m2/io/reactivex/rxjava/1.3.8/rxjava-1.3.8.jar:/root/./workspace/tomekceszke/ml-login/419878079/.m2/org/springframework/cloud/spring-cloud-starter-openfeign/2.0.1.RELEASE/spring-cloud-starter-openfeign-2.0.1.RELEASE.jar:/root/./workspace/tomekceszke/ml-login/419878079/.m2/org/springframework/cloud/spring-cloud-openfeign-core/2.0.1.RELEASE/spring-cloud-openfeign-core-2.0.1.RELEASE.jar:/root/./workspace/tomekceszke/ml-login/419878079/.m2/org/springframework/boot/spring-boot-starter-aop/2.0.4.RELEASE/spring-boot-starter-aop-2.0.4.RELEASE.jar:/root/./workspace/tomekceszke/ml-login/419878079/.m2/org/aspectj/aspectjweaver/1.8.13/aspectjweaver-1.8.13.jar:/root/./workspace/tomekceszke/ml-login/419878079/.m2/org/springframework/cloud/spring-cloud-commons/2.0.1.RELEASE/spring-cloud-commons-2.0.1.RELEASE.jar:/root/./workspace/tomekceszke/ml-login/419878079/.m2/org/springframework/security/spring-security-crypto/5.0.7.RELEASE/spring-security-crypto-5.0.7.RELEASE.jar:/root/./workspace/tomekceszke/ml-login/419878079/.m2/io/github/openfeign/feign-core/9.5.1/feign-core-9.5.1.jar:/root/./workspace/tomekceszke/ml-login/419878079/.m2/io/github/openfeign/feign-slf4j/9.5.1/feign-slf4j-9.5.1.jar:/root/./workspace/tomekceszke/ml-login/419878079/.m2/io/github/openfeign/feign-hystrix/9.5.1/feign-hystrix-9.5.1.jar:/root/./workspace/tomekceszke/ml-login/419878079/.m2/io/github/openfeign/feign-java8/9.5.1/feign-java8-9.5.1.jar:/root/./workspace/tomekceszke/ml-login/419878079/.m2/org/springframework/boot/spring-boot-devtools/2.0.4.RELEASE/spring-boot-devtools-2.0.4.RELEASE.jar:/root/./workspace/tomekceszke/ml-login/419878079/.m2/org/springframework/boot/spring-boot/2.0.4.RELEASE/spring-boot-2.0.4.RELEASE.jar:/root/./workspace/tomekceszke/ml-login/419878079/.m2/org/springframework/boot/spring-boot-autoconfigure/2.0.4.RELEASE/spring-boot-autoconfigure-2.0.4.RELEASE.jar:/root/./workspace/tomekceszke/ml-login/419878079/.m2/org/springframework/boot/spring-boot-starter-test/2.0.4.RELEASE/spring-boot-starter-test-2.0.4.RELEASE.jar:/root/./workspace/tomekceszke/ml-login/419878079/.m2/org/springframework/boot/spring-boot-test/2.0.4.RELEASE/spring-boot-test-2.0.4.RELEASE.jar:/root/./workspace/tomekceszke/ml-login/419878079/.m2/org/springframework/boot/spring-boot-test-autoconfigure/2.0.4.RELEASE/spring-boot-test-autoconfigure-2.0.4.RELEASE.jar:/root/./workspace/tomekceszke/ml-login/419878079/.m2/com/jayway/jsonpath/json-path/2.4.0/json-path-2.4.0.jar:/root/./workspace/tomekceszke/ml-login/419878079/.m2/net/minidev/json-smart/2.3/json-smart-2.3.jar:/root/./workspace/tomekceszke/ml-login/419878079/.m2/net/minidev/accessors-smart/1.2/accessors-smart-1.2.jar:/root/./workspace/tomekceszke/ml-login/419878079/.m2/org/ow2/asm/asm/5.0.4/asm-5.0.4.jar:/root/./workspace/tomekceszke/ml-login/419878079/.m2/junit/junit/4.12/junit-4.12.jar:/root/./workspace/tomekceszke/ml-login/419878079/.m2/org/assertj/assertj-core/3.9.1/assertj-core-3.9.1.jar:/root/./workspace/tomekceszke/ml-login/419878079/.m2/org/mockito/mockito-core/2.15.0/mockito-core-2.15.0.jar:/root/./workspace/tomekceszke/ml-login/419878079/.m2/net/bytebuddy/byte-buddy/1.7.11/byte-buddy-1.7.11.jar:/root/./workspace/tomekceszke/ml-login/419878079/.m2/net/bytebuddy/byte-buddy-agent/1.7.11/byte-buddy-agent-1.7.11.jar:/root/./workspace/tomekceszke/ml-login/419878079/.m2/org/objenesis/objenesis/2.6/objenesis-2.6.jar:/root/./workspace/tomekceszke/ml-login/419878079/.m2/org/hamcrest/hamcrest-core/1.3/hamcrest-core-1.3.jar:/root/./workspace/tomekceszke/ml-login/419878079/.m2/org/hamcrest/hamcrest-library/1.3/hamcrest-library-1.3.jar:/root/./workspace/tomekceszke/ml-login/419878079/.m2/org/skyscreamer/jsonassert/1.5.0/jsonassert-1.5.0.jar:/root/./workspace/tomekceszke/ml-login/419878079/.m2/com/vaadin/external/google/android-json/0.0.20131108.vaadin1/android-json-0.0.20131108.vaadin1.jar:/root/./workspace/tomekceszke/ml-login/419878079/.m2/org/springframework/spring-core/5.0.8.RELEASE/spring-core-5.0.8.RELEASE.jar:/root/./workspace/tomekceszke/ml-login/419878079/.m2/org/springframework/spring-jcl/5.0.8.RELEASE/spring-jcl-5.0.8.RELEASE.jar:/root/./workspace/tomekceszke/ml-login/419878079/.m2/org/springframework/spring-test/5.0.8.RELEASE/spring-test-5.0.8.RELEASE.jar:/root/./workspace/tomekceszke/ml-login/419878079/.m2/org/xmlunit/xmlunit-core/2.5.1/xmlunit-core-2.5.1.jar:/root/./workspace/tomekceszke/ml-login/419878079/.m2/org/springframework/security/spring-security-test/5.0.7.RELEASE/spring-security-test-5.0.7.RELEASE.jar:/root/./workspace/tomekceszke/ml-login/419878079/.m2/org/springframework/security/spring-security-core/5.0.7.RELEASE/spring-security-core-5.0.7.RELEASE.jar:/root/./workspace/tomekceszke/ml-login/419878079/.m2/org/projectlombok/lombok/1.18.0/lombok-1.18.0.jar:"/>
    <property name="sun.cpu.endian" value="little"/>
    <property name="user.home" value="/root"/>
    <property name="user.language" value="en"/>
    <property name="java.specification.vendor" value="Oracle Corporation"/>
    <property name="java.home" value="/usr/lib/jvm/java-8-openjdk-amd64/jre"/>
    <property name="basedir" value="/root/workspace/tomekceszke/ml-login/419878079/login-service"/>
    <property name="file.separator" value="/"/>
    <property name="checkstyle.skip" value="true"/>
    <property name="line.separator" value="&#10;"/>
    <property name="skip.npm" value="true"/>
    <property name="java.vm.specification.vendor" value="Oracle Corporation"/>
    <property name="java.specification.name" value="Java Platform API Specification"/>
    <property name="java.awt.graphicsenv" value="sun.awt.X11GraphicsEnvironment"/>
    <property name="skipITs" value="true"/>
    <property name="surefire.real.class.path" value="/root/workspace/tomekceszke/ml-login/419878079/login-service/target/surefire/surefirebooter7595621666333085063.jar"/>
    <property name="cobertura.skip" value="true"/>
    <property name="sun.boot.class.path" value="/usr/lib/jvm/java-8-openjdk-amd64/jre/lib/resources.jar:/usr/lib/jvm/java-8-openjdk-amd64/jre/lib/rt.jar:/usr/lib/jvm/java-8-openjdk-amd64/jre/lib/sunrsasign.jar:/usr/lib/jvm/java-8-openjdk-amd64/jre/lib/jsse.jar:/usr/lib/jvm/java-8-openjdk-amd64/jre/lib/jce.jar:/usr/lib/jvm/java-8-openjdk-amd64/jre/lib/charsets.jar:/usr/lib/jvm/java-8-openjdk-amd64/jre/lib/jfr.jar:/usr/lib/jvm/java-8-openjdk-amd64/jre/classes"/>
    <property name="sun.management.compiler" value="HotSpot 64-Bit Tiered Compilers"/>
    <property name="java.runtime.version" value="1.8.0_121-8u121-b13-1~bpo8+1-b13"/>
    <property name="user.name" value="root"/>
    <property name="findbugs.skip" value="true"/>
    <property name="path.separator" value=":"/>
    <property name="os.version" value="3.10.0-862.3.2.el7.x86_64"/>
    <property name="java.endorsed.dirs" value="/usr/lib/jvm/java-8-openjdk-amd64/jre/lib/endorsed"/>
    <property name="java.runtime.name" value="OpenJDK Runtime Environment"/>
    <property name="file.encoding" value="UTF-8"/>
    <property name="java.vm.name" value="OpenJDK 64-Bit Server VM"/>
    <property name="localRepository" value="/root/./workspace/tomekceszke/ml-login/419878079/.m2"/>
    <property name="java.vendor.url.bug" value="http://bugreport.sun.com/bugreport/"/>
    <property name="java.io.tmpdir" value="/tmp"/>
    <property name="java.version" value="1.8.0_121"/>
    <property name="user.dir" value="/root/workspace/tomekceszke/ml-login/419878079/login-service"/>
    <property name="os.arch" value="amd64"/>
    <property name="license.skip" value="true"/>
    <property name="java.vm.specification.name" value="Java Virtual Machine Specification"/>
    <property name="java.awt.printerjob" value="sun.print.PSPrinterJob"/>
    <property name="sun.os.patch.level" value="unknown"/>
    <property name="java.library.path" value="/usr/java/packages/lib/amd64:/usr/lib/x86_64-linux-gnu/jni:/lib/x86_64-linux-gnu:/usr/lib/x86_64-linux-gnu:/usr/lib/jni:/lib:/usr/lib"/>
    <property name="java.vm.info" value="mixed mode"/>
    <property name="java.vendor" value="Oracle Corporation"/>
    <property name="java.vm.version" value="25.121-b13"/>
    <property name="java.ext.dirs" value="/usr/lib/jvm/java-8-openjdk-amd64/jre/lib/ext:/usr/java/packages/lib/ext"/>
    <property name="sun.io.unicode.encoding" value="UnicodeLittle"/>
    <property name="maven.repo.local" value="/root/./workspace/tomekceszke/ml-login/419878079/.m2"/>
    <property name="enforcer.skip" value="true"/>
    <property name="java.class.version" value="52.0"/>
  </properties>
  <testcase name="login" classname="com.ceszke.security.mllogin.login.LoginControllerTest" time="0.291">
    <failure message="Status expected:&lt;201&gt; but was:&lt;405&gt;" type="java.lang.AssertionError"><![CDATA[java.lang.AssertionError: Status expected:<201> but was:<405>
	at com.ceszke.security.mllogin.login.LoginControllerTest.login(LoginControllerTest.java:44)
]]></failure>
    <system-out><![CDATA[00:38:48.121 [main] DEBUG org.springframework.test.context.junit4.SpringJUnit4ClassRunner - SpringJUnit4ClassRunner constructor called with [class com.ceszke.security.mllogin.login.LoginControllerTest]
00:38:48.130 [main] DEBUG org.springframework.test.context.BootstrapUtils - Instantiating CacheAwareContextLoaderDelegate from class [org.springframework.test.context.cache.DefaultCacheAwareContextLoaderDelegate]
00:38:48.141 [main] DEBUG org.springframework.test.context.BootstrapUtils - Instantiating BootstrapContext using constructor [public org.springframework.test.context.support.DefaultBootstrapContext(java.lang.Class,org.springframework.test.context.CacheAwareContextLoaderDelegate)]
00:38:48.173 [main] DEBUG org.springframework.test.context.BootstrapUtils - Instantiating TestContextBootstrapper for test class [com.ceszke.security.mllogin.login.LoginControllerTest] from class [org.springframework.boot.test.context.SpringBootTestContextBootstrapper]
00:38:48.190 [main] INFO org.springframework.boot.test.context.SpringBootTestContextBootstrapper - Neither @ContextConfiguration nor @ContextHierarchy found for test class [com.ceszke.security.mllogin.login.LoginControllerTest], using SpringBootContextLoader
00:38:48.195 [main] DEBUG org.springframework.test.context.support.AbstractContextLoader - Did not detect default resource location for test class [com.ceszke.security.mllogin.login.LoginControllerTest]: class path resource [com/ceszke/security/mllogin/login/LoginControllerTest-context.xml] does not exist
00:38:48.195 [main] DEBUG org.springframework.test.context.support.AbstractContextLoader - Did not detect default resource location for test class [com.ceszke.security.mllogin.login.LoginControllerTest]: class path resource [com/ceszke/security/mllogin/login/LoginControllerTestContext.groovy] does not exist
00:38:48.196 [main] INFO org.springframework.test.context.support.AbstractContextLoader - Could not detect default resource locations for test class [com.ceszke.security.mllogin.login.LoginControllerTest]: no resource found for suffixes {-context.xml, Context.groovy}.
00:38:48.197 [main] INFO org.springframework.test.context.support.AnnotationConfigContextLoaderUtils - Could not detect default configuration classes for test class [com.ceszke.security.mllogin.login.LoginControllerTest]: LoginControllerTest does not declare any static, non-private, non-final, nested classes annotated with @Configuration.
00:38:48.264 [main] DEBUG org.springframework.test.context.support.ActiveProfilesUtils - Could not find an 'annotation declaring class' for annotation type [org.springframework.test.context.ActiveProfiles] and class [com.ceszke.security.mllogin.login.LoginControllerTest]
00:38:48.276 [main] DEBUG org.springframework.core.env.StandardEnvironment - Adding PropertySource 'systemProperties' with lowest search precedence
00:38:48.276 [main] DEBUG org.springframework.core.env.StandardEnvironment - Adding PropertySource 'systemEnvironment' with lowest search precedence
00:38:48.278 [main] DEBUG org.springframework.core.env.StandardEnvironment - Initialized StandardEnvironment with PropertySources [MapPropertySource@664457955 {name='systemProperties', properties={java.runtime.name=OpenJDK Runtime Environment, sun.boot.library.path=/usr/lib/jvm/java-8-openjdk-amd64/jre/lib/amd64, java.vm.version=25.121-b13, java.vm.vendor=Oracle Corporation, java.vendor.url=http://java.oracle.com/, skip.gulp=true, path.separator=:, java.vm.name=OpenJDK 64-Bit Server VM, file.encoding.pkg=sun.io, findbugs.skip=true, sun.java.launcher=SUN_STANDARD, sun.os.patch.level=unknown, java.vm.specification.name=Java Virtual Machine Specification, user.dir=/root/workspace/tomekceszke/ml-login/419878079/login-service, checkstyle.skip=true, java.runtime.version=1.8.0_121-8u121-b13-1~bpo8+1-b13, skip.npm=true, basedir=/root/workspace/tomekceszke/ml-login/419878079/login-service, java.awt.graphicsenv=sun.awt.X11GraphicsEnvironment, java.endorsed.dirs=/usr/lib/jvm/java-8-openjdk-amd64/jre/lib/endorsed, os.arch=amd64, surefire.real.class.path=/root/workspace/tomekceszke/ml-login/419878079/login-service/target/surefire/surefirebooter7595621666333085063.jar, gpg.skip=true, java.io.tmpdir=/tmp, line.separator=
, cobertura.skip=true, java.vm.specification.vendor=Oracle Corporation, os.name=Linux, sun.jnu.encoding=UTF-8, license.skip=true, java.library.path=/usr/java/packages/lib/amd64:/usr/lib/x86_64-linux-gnu/jni:/lib/x86_64-linux-gnu:/usr/lib/x86_64-linux-gnu:/usr/lib/jni:/lib:/usr/lib, surefire.test.class.path=/root/workspace/tomekceszke/ml-login/419878079/login-service/target/test-classes:/root/workspace/tomekceszke/ml-login/419878079/login-service/target/classes:/root/./workspace/tomekceszke/ml-login/419878079/.m2/org/springframework/cloud/spring-cloud-starter-config/2.0.1.RELEASE/spring-cloud-starter-config-2.0.1.RELEASE.jar:/root/./workspace/tomekceszke/ml-login/419878079/.m2/org/springframework/cloud/spring-cloud-starter/2.0.1.RELEASE/spring-cloud-starter-2.0.1.RELEASE.jar:/root/./workspace/tomekceszke/ml-login/419878079/.m2/org/springframework/cloud/spring-cloud-context/2.0.1.RELEASE/spring-cloud-context-2.0.1.RELEASE.jar:/root/./workspace/tomekceszke/ml-login/419878079/.m2/org/springframework/security/spring-security-rsa/1.0.5.RELEASE/spring-security-rsa-1.0.5.RELEASE.jar:/root/./workspace/tomekceszke/ml-login/419878079/.m2/org/bouncycastle/bcpkix-jdk15on/1.56/bcpkix-jdk15on-1.56.jar:/root/./workspace/tomekceszke/ml-login/419878079/.m2/org/bouncycastle/bcprov-jdk15on/1.56/bcprov-jdk15on-1.56.jar:/root/./workspace/tomekceszke/ml-login/419878079/.m2/org/springframework/cloud/spring-cloud-config-client/2.0.1.RELEASE/spring-cloud-config-client-2.0.1.RELEASE.jar:/root/./workspace/tomekceszke/ml-login/419878079/.m2/com/fasterxml/jackson/core/jackson-annotations/2.9.0/jackson-annotations-2.9.0.jar:/root/./workspace/tomekceszke/ml-login/419878079/.m2/com/fasterxml/jackson/core/jackson-databind/2.9.6/jackson-databind-2.9.6.jar:/root/./workspace/tomekceszke/ml-login/419878079/.m2/com/fasterxml/jackson/core/jackson-core/2.9.6/jackson-core-2.9.6.jar:/root/./workspace/tomekceszke/ml-login/419878079/.m2/org/springframework/boot/spring-boot-starter-security/2.0.4.RELEASE/spring-boot-starter-security-2.0.4.RELEASE.jar:/root/./workspace/tomekceszke/ml-login/419878079/.m2/org/springframework/boot/spring-boot-starter/2.0.4.RELEASE/spring-boot-starter-2.0.4.RELEASE.jar:/root/./workspace/tomekceszke/ml-login/419878079/.m2/org/springframework/boot/spring-boot-starter-logging/2.0.4.RELEASE/spring-boot-starter-logging-2.0.4.RELEASE.jar:/root/./workspace/tomekceszke/ml-login/419878079/.m2/ch/qos/logback/logback-classic/1.2.3/logback-classic-1.2.3.jar:/root/./workspace/tomekceszke/ml-login/419878079/.m2/ch/qos/logback/logback-core/1.2.3/logback-core-1.2.3.jar:/root/./workspace/tomekceszke/ml-login/419878079/.m2/org/apache/logging/log4j/log4j-to-slf4j/2.10.0/log4j-to-slf4j-2.10.0.jar:/root/./workspace/tomekceszke/ml-login/419878079/.m2/org/apache/logging/log4j/log4j-api/2.10.0/log4j-api-2.10.0.jar:/root/./workspace/tomekceszke/ml-login/419878079/.m2/org/slf4j/jul-to-slf4j/1.7.25/jul-to-slf4j-1.7.25.jar:/root/./workspace/tomekceszke/ml-login/419878079/.m2/javax/annotation/javax.annotation-api/1.3.2/javax.annotation-api-1.3.2.jar:/root/./workspace/tomekceszke/ml-login/419878079/.m2/org/yaml/snakeyaml/1.19/snakeyaml-1.19.jar:/root/./workspace/tomekceszke/ml-login/419878079/.m2/org/springframework/spring-aop/5.0.8.RELEASE/spring-aop-5.0.8.RELEASE.jar:/root/./workspace/tomekceszke/ml-login/419878079/.m2/org/springframework/spring-beans/5.0.8.RELEASE/spring-beans-5.0.8.RELEASE.jar:/root/./workspace/tomekceszke/ml-login/419878079/.m2/org/springframework/security/spring-security-config/5.0.7.RELEASE/spring-security-config-5.0.7.RELEASE.jar:/root/./workspace/tomekceszke/ml-login/419878079/.m2/org/springframework/spring-context/5.0.8.RELEASE/spring-context-5.0.8.RELEASE.jar:/root/./workspace/tomekceszke/ml-login/419878079/.m2/org/springframework/security/spring-security-web/5.0.7.RELEASE/spring-security-web-5.0.7.RELEASE.jar:/root/./workspace/tomekceszke/ml-login/419878079/.m2/org/springframework/spring-expression/5.0.8.RELEASE/spring-expression-5.0.8.RELEASE.jar:/root/./workspace/tomekceszke/ml-login/419878079/.m2/org/springframework/boot/spring-boot-starter-thymeleaf/2.0.4.RELEASE/spring-boot-starter-thymeleaf-2.0.4.RELEASE.jar:/root/./workspace/tomekceszke/ml-login/419878079/.m2/org/thymeleaf/thymeleaf-spring5/3.0.9.RELEASE/thymeleaf-spring5-3.0.9.RELEASE.jar:/root/./workspace/tomekceszke/ml-login/419878079/.m2/org/thymeleaf/thymeleaf/3.0.9.RELEASE/thymeleaf-3.0.9.RELEASE.jar:/root/./workspace/tomekceszke/ml-login/419878079/.m2/org/attoparser/attoparser/2.0.4.RELEASE/attoparser-2.0.4.RELEASE.jar:/root/./workspace/tomekceszke/ml-login/419878079/.m2/org/unbescape/unbescape/1.1.5.RELEASE/unbescape-1.1.5.RELEASE.jar:/root/./workspace/tomekceszke/ml-login/419878079/.m2/org/slf4j/slf4j-api/1.7.25/slf4j-api-1.7.25.jar:/root/./workspace/tomekceszke/ml-login/419878079/.m2/org/thymeleaf/extras/thymeleaf-extras-java8time/3.0.1.RELEASE/thymeleaf-extras-java8time-3.0.1.RELEASE.jar:/root/./workspace/tomekceszke/ml-login/419878079/.m2/org/springframework/boot/spring-boot-starter-web/2.0.4.RELEASE/spring-boot-starter-web-2.0.4.RELEASE.jar:/root/./workspace/tomekceszke/ml-login/419878079/.m2/org/springframework/boot/spring-boot-starter-json/2.0.4.RELEASE/spring-boot-starter-json-2.0.4.RELEASE.jar:/root/./workspace/tomekceszke/ml-login/419878079/.m2/com/fasterxml/jackson/datatype/jackson-datatype-jdk8/2.9.6/jackson-datatype-jdk8-2.9.6.jar:/root/./workspace/tomekceszke/ml-login/419878079/.m2/com/fasterxml/jackson/datatype/jackson-datatype-jsr310/2.9.6/jackson-datatype-jsr310-2.9.6.jar:/root/./workspace/tomekceszke/ml-login/419878079/.m2/com/fasterxml/jackson/module/jackson-module-parameter-names/2.9.6/jackson-module-parameter-names-2.9.6.jar:/root/./workspace/tomekceszke/ml-login/419878079/.m2/org/springframework/boot/spring-boot-starter-tomcat/2.0.4.RELEASE/spring-boot-starter-tomcat-2.0.4.RELEASE.jar:/root/./workspace/tomekceszke/ml-login/419878079/.m2/org/apache/tomcat/embed/tomcat-embed-core/8.5.32/tomcat-embed-core-8.5.32.jar:/root/./workspace/tomekceszke/ml-login/419878079/.m2/org/apache/tomcat/embed/tomcat-embed-el/8.5.32/tomcat-embed-el-8.5.32.jar:/root/./workspace/tomekceszke/ml-login/419878079/.m2/org/apache/tomcat/embed/tomcat-embed-websocket/8.5.32/tomcat-embed-websocket-8.5.32.jar:/root/./workspace/tomekceszke/ml-login/419878079/.m2/org/hibernate/validator/hibernate-validator/6.0.11.Final/hibernate-validator-6.0.11.Final.jar:/root/./workspace/tomekceszke/ml-login/419878079/.m2/javax/validation/validation-api/2.0.1.Final/validation-api-2.0.1.Final.jar:/root/./workspace/tomekceszke/ml-login/419878079/.m2/org/jboss/logging/jboss-logging/3.3.2.Final/jboss-logging-3.3.2.Final.jar:/root/./workspace/tomekceszke/ml-login/419878079/.m2/com/fasterxml/classmate/1.3.4/classmate-1.3.4.jar:/root/./workspace/tomekceszke/ml-login/419878079/.m2/org/springframework/spring-web/5.0.8.RELEASE/spring-web-5.0.8.RELEASE.jar:/root/./workspace/tomekceszke/ml-login/419878079/.m2/org/springframework/spring-webmvc/5.0.8.RELEASE/spring-webmvc-5.0.8.RELEASE.jar:/root/./workspace/tomekceszke/ml-login/419878079/.m2/org/springframework/cloud/spring-cloud-starter-netflix-ribbon/2.0.1.RELEASE/spring-cloud-starter-netflix-ribbon-2.0.1.RELEASE.jar:/root/./workspace/tomekceszke/ml-login/419878079/.m2/org/springframework/cloud/spring-cloud-netflix-ribbon/2.0.1.RELEASE/spring-cloud-netflix-ribbon-2.0.1.RELEASE.jar:/root/./workspace/tomekceszke/ml-login/419878079/.m2/org/springframework/cloud/spring-cloud-netflix-archaius/2.0.1.RELEASE/spring-cloud-netflix-archaius-2.0.1.RELEASE.jar:/root/./workspace/tomekceszke/ml-login/419878079/.m2/org/springframework/cloud/spring-cloud-starter-netflix-archaius/2.0.1.RELEASE/spring-cloud-starter-netflix-archaius-2.0.1.RELEASE.jar:/root/./workspace/tomekceszke/ml-login/419878079/.m2/com/netflix/archaius/archaius-core/0.7.6/archaius-core-0.7.6.jar:/root/./workspace/tomekceszke/ml-login/419878079/.m2/com/google/code/findbugs/jsr305/3.0.1/jsr305-3.0.1.jar:/root/./workspace/tomekceszke/ml-login/419878079/.m2/commons-configuration/commons-configuration/1.8/commons-configuration-1.8.jar:/root/./workspace/tomekceszke/ml-login/419878079/.m2/com/netflix/ribbon/ribbon/2.2.5/ribbon-2.2.5.jar:/root/./workspace/tomekceszke/ml-login/419878079/.m2/com/netflix/ribbon/ribbon-transport/2.2.5/ribbon-transport-2.2.5.jar:/root/./workspace/tomekceszke/ml-login/419878079/.m2/io/reactivex/rxnetty-contexts/0.4.9/rxnetty-contexts-0.4.9.jar:/root/./workspace/tomekceszke/ml-login/419878079/.m2/io/reactivex/rxnetty-servo/0.4.9/rxnetty-servo-0.4.9.jar:/root/./workspace/tomekceszke/ml-login/419878079/.m2/com/netflix/hystrix/hystrix-core/1.5.12/hystrix-core-1.5.12.jar:/root/./workspace/tomekceszke/ml-login/419878079/.m2/org/hdrhistogram/HdrHistogram/2.1.9/HdrHistogram-2.1.9.jar:/root/./workspace/tomekceszke/ml-login/419878079/.m2/javax/inject/javax.inject/1/javax.inject-1.jar:/root/./workspace/tomekceszke/ml-login/419878079/.m2/io/reactivex/rxnetty/0.4.9/rxnetty-0.4.9.jar:/root/./workspace/tomekceszke/ml-login/419878079/.m2/io/netty/netty-codec-http/4.1.27.Final/netty-codec-http-4.1.27.Final.jar:/root/./workspace/tomekceszke/ml-login/419878079/.m2/io/netty/netty-codec/4.1.27.Final/netty-codec-4.1.27.Final.jar:/root/./workspace/tomekceszke/ml-login/419878079/.m2/io/netty/netty-transport-native-epoll/4.1.27.Final/netty-transport-native-epoll-4.1.27.Final.jar:/root/./workspace/tomekceszke/ml-login/419878079/.m2/io/netty/netty-common/4.1.27.Final/netty-common-4.1.27.Final.jar:/root/./workspace/tomekceszke/ml-login/419878079/.m2/io/netty/netty-buffer/4.1.27.Final/netty-buffer-4.1.27.Final.jar:/root/./workspace/tomekceszke/ml-login/419878079/.m2/io/netty/netty-transport-native-unix-common/4.1.27.Final/netty-transport-native-unix-common-4.1.27.Final.jar:/root/./workspace/tomekceszke/ml-login/419878079/.m2/io/netty/netty-transport/4.1.27.Final/netty-transport-4.1.27.Final.jar:/root/./workspace/tomekceszke/ml-login/419878079/.m2/io/netty/netty-resolver/4.1.27.Final/netty-resolver-4.1.27.Final.jar:/root/./workspace/tomekceszke/ml-login/419878079/.m2/com/google/guava/guava/16.0.1/guava-16.0.1.jar:/root/./workspace/tomekceszke/ml-login/419878079/.m2/com/netflix/ribbon/ribbon-core/2.2.5/ribbon-core-2.2.5.jar:/root/./workspace/tomekceszke/ml-login/419878079/.m2/commons-lang/commons-lang/2.6/commons-lang-2.6.jar:/root/./workspace/tomekceszke/ml-login/419878079/.m2/com/netflix/ribbon/ribbon-httpclient/2.2.5/ribbon-httpclient-2.2.5.jar:/root/./workspace/tomekceszke/ml-login/419878079/.m2/commons-collections/commons-collections/3.2.2/commons-collections-3.2.2.jar:/root/./workspace/tomekceszke/ml-login/419878079/.m2/org/apache/httpcomponents/httpclient/4.5.6/httpclient-4.5.6.jar:/root/./workspace/tomekceszke/ml-login/419878079/.m2/org/apache/httpcomponents/httpcore/4.4.10/httpcore-4.4.10.jar:/root/./workspace/tomekceszke/ml-login/419878079/.m2/commons-codec/commons-codec/1.11/commons-codec-1.11.jar:/root/./workspace/tomekceszke/ml-login/419878079/.m2/com/sun/jersey/jersey-client/1.19.1/jersey-client-1.19.1.jar:/root/./workspace/tomekceszke/ml-login/419878079/.m2/com/sun/jersey/jersey-core/1.19.1/jersey-core-1.19.1.jar:/root/./workspace/tomekceszke/ml-login/419878079/.m2/javax/ws/rs/jsr311-api/1.1.1/jsr311-api-1.1.1.jar:/root/./workspace/tomekceszke/ml-login/419878079/.m2/com/sun/jersey/contribs/jersey-apache-client4/1.19.1/jersey-apache-client4-1.19.1.jar:/root/./workspace/tomekceszke/ml-login/419878079/.m2/com/netflix/servo/servo-core/0.12.21/servo-core-0.12.21.jar:/root/./workspace/tomekceszke/ml-login/419878079/.m2/com/netflix/netflix-commons/netflix-commons-util/0.3.0/netflix-commons-util-0.3.0.jar:/root/./workspace/tomekceszke/ml-login/419878079/.m2/com/netflix/ribbon/ribbon-loadbalancer/2.2.5/ribbon-loadbalancer-2.2.5.jar:/root/./workspace/tomekceszke/ml-login/419878079/.m2/com/netflix/netflix-commons/netflix-statistics/0.1.1/netflix-statistics-0.1.1.jar:/root/./workspace/tomekceszke/ml-login/419878079/.m2/io/reactivex/rxjava/1.3.8/rxjava-1.3.8.jar:/root/./workspace/tomekceszke/ml-login/419878079/.m2/org/springframework/cloud/spring-cloud-starter-openfeign/2.0.1.RELEASE/spring-cloud-starter-openfeign-2.0.1.RELEASE.jar:/root/./workspace/tomekceszke/ml-login/419878079/.m2/org/springframework/cloud/spring-cloud-openfeign-core/2.0.1.RELEASE/spring-cloud-openfeign-core-2.0.1.RELEASE.jar:/root/./workspace/tomekceszke/ml-login/419878079/.m2/org/springframework/boot/spring-boot-starter-aop/2.0.4.RELEASE/spring-boot-starter-aop-2.0.4.RELEASE.jar:/root/./workspace/tomekceszke/ml-login/419878079/.m2/org/aspectj/aspectjweaver/1.8.13/aspectjweaver-1.8.13.jar:/root/./workspace/tomekceszke/ml-login/419878079/.m2/org/springframework/cloud/spring-cloud-commons/2.0.1.RELEASE/spring-cloud-commons-2.0.1.RELEASE.jar:/root/./workspace/tomekceszke/ml-login/419878079/.m2/org/springframework/security/spring-security-crypto/5.0.7.RELEASE/spring-security-crypto-5.0.7.RELEASE.jar:/root/./workspace/tomekceszke/ml-login/419878079/.m2/io/github/openfeign/feign-core/9.5.1/feign-core-9.5.1.jar:/root/./workspace/tomekceszke/ml-login/419878079/.m2/io/github/openfeign/feign-slf4j/9.5.1/feign-slf4j-9.5.1.jar:/root/./workspace/tomekceszke/ml-login/419878079/.m2/io/github/openfeign/feign-hystrix/9.5.1/feign-hystrix-9.5.1.jar:/root/./workspace/tomekceszke/ml-login/419878079/.m2/io/github/openfeign/feign-java8/9.5.1/feign-java8-9.5.1.jar:/root/./workspace/tomekceszke/ml-login/419878079/.m2/org/springframework/boot/spring-boot-devtools/2.0.4.RELEASE/spring-boot-devtools-2.0.4.RELEASE.jar:/root/./workspace/tomekceszke/ml-login/419878079/.m2/org/springframework/boot/spring-boot/2.0.4.RELEASE/spring-boot-2.0.4.RELEASE.jar:/root/./workspace/tomekceszke/ml-login/419878079/.m2/org/springframework/boot/spring-boot-autoconfigure/2.0.4.RELEASE/spring-boot-autoconfigure-2.0.4.RELEASE.jar:/root/./workspace/tomekceszke/ml-login/419878079/.m2/org/springframework/boot/spring-boot-starter-test/2.0.4.RELEASE/spring-boot-starter-test-2.0.4.RELEASE.jar:/root/./workspace/tomekceszke/ml-login/419878079/.m2/org/springframework/boot/spring-boot-test/2.0.4.RELEASE/spring-boot-test-2.0.4.RELEASE.jar:/root/./workspace/tomekceszke/ml-login/419878079/.m2/org/springframework/boot/spring-boot-test-autoconfigure/2.0.4.RELEASE/spring-boot-test-autoconfigure-2.0.4.RELEASE.jar:/root/./workspace/tomekceszke/ml-login/419878079/.m2/com/jayway/jsonpath/json-path/2.4.0/json-path-2.4.0.jar:/root/./workspace/tomekceszke/ml-login/419878079/.m2/net/minidev/json-smart/2.3/json-smart-2.3.jar:/root/./workspace/tomekceszke/ml-login/419878079/.m2/net/minidev/accessors-smart/1.2/accessors-smart-1.2.jar:/root/./workspace/tomekceszke/ml-login/419878079/.m2/org/ow2/asm/asm/5.0.4/asm-5.0.4.jar:/root/./workspace/tomekceszke/ml-login/419878079/.m2/junit/junit/4.12/junit-4.12.jar:/root/./workspace/tomekceszke/ml-login/419878079/.m2/org/assertj/assertj-core/3.9.1/assertj-core-3.9.1.jar:/root/./workspace/tomekceszke/ml-login/419878079/.m2/org/mockito/mockito-core/2.15.0/mockito-core-2.15.0.jar:/root/./workspace/tomekceszke/ml-login/419878079/.m2/net/bytebuddy/byte-buddy/1.7.11/byte-buddy-1.7.11.jar:/root/./workspace/tomekceszke/ml-login/419878079/.m2/net/bytebuddy/byte-buddy-agent/1.7.11/byte-buddy-agent-1.7.11.jar:/root/./workspace/tomekceszke/ml-login/419878079/.m2/org/objenesis/objenesis/2.6/objenesis-2.6.jar:/root/./workspace/tomekceszke/ml-login/419878079/.m2/org/hamcrest/hamcrest-core/1.3/hamcrest-core-1.3.jar:/root/./workspace/tomekceszke/ml-login/419878079/.m2/org/hamcrest/hamcrest-library/1.3/hamcrest-library-1.3.jar:/root/./workspace/tomekceszke/ml-login/419878079/.m2/org/skyscreamer/jsonassert/1.5.0/jsonassert-1.5.0.jar:/root/./workspace/tomekceszke/ml-login/419878079/.m2/com/vaadin/external/google/android-json/0.0.20131108.vaadin1/android-json-0.0.20131108.vaadin1.jar:/root/./workspace/tomekceszke/ml-login/419878079/.m2/org/springframework/spring-core/5.0.8.RELEASE/spring-core-5.0.8.RELEASE.jar:/root/./workspace/tomekceszke/ml-login/419878079/.m2/org/springframework/spring-jcl/5.0.8.RELEASE/spring-jcl-5.0.8.RELEASE.jar:/root/./workspace/tomekceszke/ml-login/419878079/.m2/org/springframework/spring-test/5.0.8.RELEASE/spring-test-5.0.8.RELEASE.jar:/root/./workspace/tomekceszke/ml-login/419878079/.m2/org/xmlunit/xmlunit-core/2.5.1/xmlunit-core-2.5.1.jar:/root/./workspace/tomekceszke/ml-login/419878079/.m2/org/springframework/security/spring-security-test/5.0.7.RELEASE/spring-security-test-5.0.7.RELEASE.jar:/root/./workspace/tomekceszke/ml-login/419878079/.m2/org/springframework/security/spring-security-core/5.0.7.RELEASE/spring-security-core-5.0.7.RELEASE.jar:/root/./workspace/tomekceszke/ml-login/419878079/.m2/org/projectlombok/lombok/1.18.0/lombok-1.18.0.jar:, java.specification.name=Java Platform API Specification, java.class.version=52.0, skip.bower=true, sun.management.compiler=HotSpot 64-Bit Tiered Compilers, maven.repo.local=/root/./workspace/tomekceszke/ml-login/419878079/.m2, os.version=3.10.0-862.3.2.el7.x86_64, user.home=/root, user.timezone=Europe/Paris, java.awt.printerjob=sun.print.PSPrinterJob, file.encoding=UTF-8, java.specification.version=1.8, java.class.path=/root/workspace/tomekceszke/ml-login/419878079/login-service/target/test-classes:/root/workspace/tomekceszke/ml-login/419878079/login-service/target/classes:/root/./workspace/tomekceszke/ml-login/419878079/.m2/org/springframework/cloud/spring-cloud-starter-config/2.0.1.RELEASE/spring-cloud-starter-config-2.0.1.RELEASE.jar:/root/./workspace/tomekceszke/ml-login/419878079/.m2/org/springframework/cloud/spring-cloud-starter/2.0.1.RELEASE/spring-cloud-starter-2.0.1.RELEASE.jar:/root/./workspace/tomekceszke/ml-login/419878079/.m2/org/springframework/cloud/spring-cloud-context/2.0.1.RELEASE/spring-cloud-context-2.0.1.RELEASE.jar:/root/./workspace/tomekceszke/ml-login/419878079/.m2/org/springframework/security/spring-security-rsa/1.0.5.RELEASE/spring-security-rsa-1.0.5.RELEASE.jar:/root/./workspace/tomekceszke/ml-login/419878079/.m2/org/bouncycastle/bcpkix-jdk15on/1.56/bcpkix-jdk15on-1.56.jar:/root/./workspace/tomekceszke/ml-login/419878079/.m2/org/bouncycastle/bcprov-jdk15on/1.56/bcprov-jdk15on-1.56.jar:/root/./workspace/tomekceszke/ml-login/419878079/.m2/org/springframework/cloud/spring-cloud-config-client/2.0.1.RELEASE/spring-cloud-config-client-2.0.1.RELEASE.jar:/root/./workspace/tomekceszke/ml-login/419878079/.m2/com/fasterxml/jackson/core/jackson-annotations/2.9.0/jackson-annotations-2.9.0.jar:/root/./workspace/tomekceszke/ml-login/419878079/.m2/com/fasterxml/jackson/core/jackson-databind/2.9.6/jackson-databind-2.9.6.jar:/root/./workspace/tomekceszke/ml-login/419878079/.m2/com/fasterxml/jackson/core/jackson-core/2.9.6/jackson-core-2.9.6.jar:/root/./workspace/tomekceszke/ml-login/419878079/.m2/org/springframework/boot/spring-boot-starter-security/2.0.4.RELEASE/spring-boot-starter-security-2.0.4.RELEASE.jar:/root/./workspace/tomekceszke/ml-login/419878079/.m2/org/springframework/boot/spring-boot-starter/2.0.4.RELEASE/spring-boot-starter-2.0.4.RELEASE.jar:/root/./workspace/tomekceszke/ml-login/419878079/.m2/org/springframework/boot/spring-boot-starter-logging/2.0.4.RELEASE/spring-boot-starter-logging-2.0.4.RELEASE.jar:/root/./workspace/tomekceszke/ml-login/419878079/.m2/ch/qos/logback/logback-classic/1.2.3/logback-classic-1.2.3.jar:/root/./workspace/tomekceszke/ml-login/419878079/.m2/ch/qos/logback/logback-core/1.2.3/logback-core-1.2.3.jar:/root/./workspace/tomekceszke/ml-login/419878079/.m2/org/apache/logging/log4j/log4j-to-slf4j/2.10.0/log4j-to-slf4j-2.10.0.jar:/root/./workspace/tomekceszke/ml-login/419878079/.m2/org/apache/logging/log4j/log4j-api/2.10.0/log4j-api-2.10.0.jar:/root/./workspace/tomekceszke/ml-login/419878079/.m2/org/slf4j/jul-to-slf4j/1.7.25/jul-to-slf4j-1.7.25.jar:/root/./workspace/tomekceszke/ml-login/419878079/.m2/javax/annotation/javax.annotation-api/1.3.2/javax.annotation-api-1.3.2.jar:/root/./workspace/tomekceszke/ml-login/419878079/.m2/org/yaml/snakeyaml/1.19/snakeyaml-1.19.jar:/root/./workspace/tomekceszke/ml-login/419878079/.m2/org/springframework/spring-aop/5.0.8.RELEASE/spring-aop-5.0.8.RELEASE.jar:/root/./workspace/tomekceszke/ml-login/419878079/.m2/org/springframework/spring-beans/5.0.8.RELEASE/spring-beans-5.0.8.RELEASE.jar:/root/./workspace/tomekceszke/ml-login/419878079/.m2/org/springframework/security/spring-security-config/5.0.7.RELEASE/spring-security-config-5.0.7.RELEASE.jar:/root/./workspace/tomekceszke/ml-login/419878079/.m2/org/springframework/spring-context/5.0.8.RELEASE/spring-context-5.0.8.RELEASE.jar:/root/./workspace/tomekceszke/ml-login/419878079/.m2/org/springframework/security/spring-security-web/5.0.7.RELEASE/spring-security-web-5.0.7.RELEASE.jar:/root/./workspace/tomekceszke/ml-login/419878079/.m2/org/springframework/spring-expression/5.0.8.RELEASE/spring-expression-5.0.8.RELEASE.jar:/root/./workspace/tomekceszke/ml-login/419878079/.m2/org/springframework/boot/spring-boot-starter-thymeleaf/2.0.4.RELEASE/spring-boot-starter-thymeleaf-2.0.4.RELEASE.jar:/root/./workspace/tomekceszke/ml-login/419878079/.m2/org/thymeleaf/thymeleaf-spring5/3.0.9.RELEASE/thymeleaf-spring5-3.0.9.RELEASE.jar:/root/./workspace/tomekceszke/ml-login/419878079/.m2/org/thymeleaf/thymeleaf/3.0.9.RELEASE/thymeleaf-3.0.9.RELEASE.jar:/root/./workspace/tomekceszke/ml-login/419878079/.m2/org/attoparser/attoparser/2.0.4.RELEASE/attoparser-2.0.4.RELEASE.jar:/root/./workspace/tomekceszke/ml-login/419878079/.m2/org/unbescape/unbescape/1.1.5.RELEASE/unbescape-1.1.5.RELEASE.jar:/root/./workspace/tomekceszke/ml-login/419878079/.m2/org/slf4j/slf4j-api/1.7.25/slf4j-api-1.7.25.jar:/root/./workspace/tomekceszke/ml-login/419878079/.m2/org/thymeleaf/extras/thymeleaf-extras-java8time/3.0.1.RELEASE/thymeleaf-extras-java8time-3.0.1.RELEASE.jar:/root/./workspace/tomekceszke/ml-login/419878079/.m2/org/springframework/boot/spring-boot-starter-web/2.0.4.RELEASE/spring-boot-starter-web-2.0.4.RELEASE.jar:/root/./workspace/tomekceszke/ml-login/419878079/.m2/org/springframework/boot/spring-boot-starter-json/2.0.4.RELEASE/spring-boot-starter-json-2.0.4.RELEASE.jar:/root/./workspace/tomekceszke/ml-login/419878079/.m2/com/fasterxml/jackson/datatype/jackson-datatype-jdk8/2.9.6/jackson-datatype-jdk8-2.9.6.jar:/root/./workspace/tomekceszke/ml-login/419878079/.m2/com/fasterxml/jackson/datatype/jackson-datatype-jsr310/2.9.6/jackson-datatype-jsr310-2.9.6.jar:/root/./workspace/tomekceszke/ml-login/419878079/.m2/com/fasterxml/jackson/module/jackson-module-parameter-names/2.9.6/jackson-module-parameter-names-2.9.6.jar:/root/./workspace/tomekceszke/ml-login/419878079/.m2/org/springframework/boot/spring-boot-starter-tomcat/2.0.4.RELEASE/spring-boot-starter-tomcat-2.0.4.RELEASE.jar:/root/./workspace/tomekceszke/ml-login/419878079/.m2/org/apache/tomcat/embed/tomcat-embed-core/8.5.32/tomcat-embed-core-8.5.32.jar:/root/./workspace/tomekceszke/ml-login/419878079/.m2/org/apache/tomcat/embed/tomcat-embed-el/8.5.32/tomcat-embed-el-8.5.32.jar:/root/./workspace/tomekceszke/ml-login/419878079/.m2/org/apache/tomcat/embed/tomcat-embed-websocket/8.5.32/tomcat-embed-websocket-8.5.32.jar:/root/./workspace/tomekceszke/ml-login/419878079/.m2/org/hibernate/validator/hibernate-validator/6.0.11.Final/hibernate-validator-6.0.11.Final.jar:/root/./workspace/tomekceszke/ml-login/419878079/.m2/javax/validation/validation-api/2.0.1.Final/validation-api-2.0.1.Final.jar:/root/./workspace/tomekceszke/ml-login/419878079/.m2/org/jboss/logging/jboss-logging/3.3.2.Final/jboss-logging-3.3.2.Final.jar:/root/./workspace/tomekceszke/ml-login/419878079/.m2/com/fasterxml/classmate/1.3.4/classmate-1.3.4.jar:/root/./workspace/tomekceszke/ml-login/419878079/.m2/org/springframework/spring-web/5.0.8.RELEASE/spring-web-5.0.8.RELEASE.jar:/root/./workspace/tomekceszke/ml-login/419878079/.m2/org/springframework/spring-webmvc/5.0.8.RELEASE/spring-webmvc-5.0.8.RELEASE.jar:/root/./workspace/tomekceszke/ml-login/419878079/.m2/org/springframework/cloud/spring-cloud-starter-netflix-ribbon/2.0.1.RELEASE/spring-cloud-starter-netflix-ribbon-2.0.1.RELEASE.jar:/root/./workspace/tomekceszke/ml-login/419878079/.m2/org/springframework/cloud/spring-cloud-netflix-ribbon/2.0.1.RELEASE/spring-cloud-netflix-ribbon-2.0.1.RELEASE.jar:/root/./workspace/tomekceszke/ml-login/419878079/.m2/org/springframework/cloud/spring-cloud-netflix-archaius/2.0.1.RELEASE/spring-cloud-netflix-archaius-2.0.1.RELEASE.jar:/root/./workspace/tomekceszke/ml-login/419878079/.m2/org/springframework/cloud/spring-cloud-starter-netflix-archaius/2.0.1.RELEASE/spring-cloud-starter-netflix-archaius-2.0.1.RELEASE.jar:/root/./workspace/tomekceszke/ml-login/419878079/.m2/com/netflix/archaius/archaius-core/0.7.6/archaius-core-0.7.6.jar:/root/./workspace/tomekceszke/ml-login/419878079/.m2/com/google/code/findbugs/jsr305/3.0.1/jsr305-3.0.1.jar:/root/./workspace/tomekceszke/ml-login/419878079/.m2/commons-configuration/commons-configuration/1.8/commons-configuration-1.8.jar:/root/./workspace/tomekceszke/ml-login/419878079/.m2/com/netflix/ribbon/ribbon/2.2.5/ribbon-2.2.5.jar:/root/./workspace/tomekceszke/ml-login/419878079/.m2/com/netflix/ribbon/ribbon-transport/2.2.5/ribbon-transport-2.2.5.jar:/root/./workspace/tomekceszke/ml-login/419878079/.m2/io/reactivex/rxnetty-contexts/0.4.9/rxnetty-contexts-0.4.9.jar:/root/./workspace/tomekceszke/ml-login/419878079/.m2/io/reactivex/rxnetty-servo/0.4.9/rxnetty-servo-0.4.9.jar:/root/./workspace/tomekceszke/ml-login/419878079/.m2/com/netflix/hystrix/hystrix-core/1.5.12/hystrix-core-1.5.12.jar:/root/./workspace/tomekceszke/ml-login/419878079/.m2/org/hdrhistogram/HdrHistogram/2.1.9/HdrHistogram-2.1.9.jar:/root/./workspace/tomekceszke/ml-login/419878079/.m2/javax/inject/javax.inject/1/javax.inject-1.jar:/root/./workspace/tomekceszke/ml-login/419878079/.m2/io/reactivex/rxnetty/0.4.9/rxnetty-0.4.9.jar:/root/./workspace/tomekceszke/ml-login/419878079/.m2/io/netty/netty-codec-http/4.1.27.Final/netty-codec-http-4.1.27.Final.jar:/root/./workspace/tomekceszke/ml-login/419878079/.m2/io/netty/netty-codec/4.1.27.Final/netty-codec-4.1.27.Final.jar:/root/./workspace/tomekceszke/ml-login/419878079/.m2/io/netty/netty-transport-native-epoll/4.1.27.Final/netty-transport-native-epoll-4.1.27.Final.jar:/root/./workspace/tomekceszke/ml-login/419878079/.m2/io/netty/netty-common/4.1.27.Final/netty-common-4.1.27.Final.jar:/root/./workspace/tomekceszke/ml-login/419878079/.m2/io/netty/netty-buffer/4.1.27.Final/netty-buffer-4.1.27.Final.jar:/root/./workspace/tomekceszke/ml-login/419878079/.m2/io/netty/netty-transport-native-unix-common/4.1.27.Final/netty-transport-native-unix-common-4.1.27.Final.jar:/root/./workspace/tomekceszke/ml-login/419878079/.m2/io/netty/netty-transport/4.1.27.Final/netty-transport-4.1.27.Final.jar:/root/./workspace/tomekceszke/ml-login/419878079/.m2/io/netty/netty-resolver/4.1.27.Final/netty-resolver-4.1.27.Final.jar:/root/./workspace/tomekceszke/ml-login/419878079/.m2/com/google/guava/guava/16.0.1/guava-16.0.1.jar:/root/./workspace/tomekceszke/ml-login/419878079/.m2/com/netflix/ribbon/ribbon-core/2.2.5/ribbon-core-2.2.5.jar:/root/./workspace/tomekceszke/ml-login/419878079/.m2/commons-lang/commons-lang/2.6/commons-lang-2.6.jar:/root/./workspace/tomekceszke/ml-login/419878079/.m2/com/netflix/ribbon/ribbon-httpclient/2.2.5/ribbon-httpclient-2.2.5.jar:/root/./workspace/tomekceszke/ml-login/419878079/.m2/commons-collections/commons-collections/3.2.2/commons-collections-3.2.2.jar:/root/./workspace/tomekceszke/ml-login/419878079/.m2/org/apache/httpcomponents/httpclient/4.5.6/httpclient-4.5.6.jar:/root/./workspace/tomekceszke/ml-login/419878079/.m2/org/apache/httpcomponents/httpcore/4.4.10/httpcore-4.4.10.jar:/root/./workspace/tomekceszke/ml-login/419878079/.m2/commons-codec/commons-codec/1.11/commons-codec-1.11.jar:/root/./workspace/tomekceszke/ml-login/419878079/.m2/com/sun/jersey/jersey-client/1.19.1/jersey-client-1.19.1.jar:/root/./workspace/tomekceszke/ml-login/419878079/.m2/com/sun/jersey/jersey-core/1.19.1/jersey-core-1.19.1.jar:/root/./workspace/tomekceszke/ml-login/419878079/.m2/javax/ws/rs/jsr311-api/1.1.1/jsr311-api-1.1.1.jar:/root/./workspace/tomekceszke/ml-login/419878079/.m2/com/sun/jersey/contribs/jersey-apache-client4/1.19.1/jersey-apache-client4-1.19.1.jar:/root/./workspace/tomekceszke/ml-login/419878079/.m2/com/netflix/servo/servo-core/0.12.21/servo-core-0.12.21.jar:/root/./workspace/tomekceszke/ml-login/419878079/.m2/com/netflix/netflix-commons/netflix-commons-util/0.3.0/netflix-commons-util-0.3.0.jar:/root/./workspace/tomekceszke/ml-login/419878079/.m2/com/netflix/ribbon/ribbon-loadbalancer/2.2.5/ribbon-loadbalancer-2.2.5.jar:/root/./workspace/tomekceszke/ml-login/419878079/.m2/com/netflix/netflix-commons/netflix-statistics/0.1.1/netflix-statistics-0.1.1.jar:/root/./workspace/tomekceszke/ml-login/419878079/.m2/io/reactivex/rxjava/1.3.8/rxjava-1.3.8.jar:/root/./workspace/tomekceszke/ml-login/419878079/.m2/org/springframework/cloud/spring-cloud-starter-openfeign/2.0.1.RELEASE/spring-cloud-starter-openfeign-2.0.1.RELEASE.jar:/root/./workspace/tomekceszke/ml-login/419878079/.m2/org/springframework/cloud/spring-cloud-openfeign-core/2.0.1.RELEASE/spring-cloud-openfeign-core-2.0.1.RELEASE.jar:/root/./workspace/tomekceszke/ml-login/419878079/.m2/org/springframework/boot/spring-boot-starter-aop/2.0.4.RELEASE/spring-boot-starter-aop-2.0.4.RELEASE.jar:/root/./workspace/tomekceszke/ml-login/419878079/.m2/org/aspectj/aspectjweaver/1.8.13/aspectjweaver-1.8.13.jar:/root/./workspace/tomekceszke/ml-login/419878079/.m2/org/springframework/cloud/spring-cloud-commons/2.0.1.RELEASE/spring-cloud-commons-2.0.1.RELEASE.jar:/root/./workspace/tomekceszke/ml-login/419878079/.m2/org/springframework/security/spring-security-crypto/5.0.7.RELEASE/spring-security-crypto-5.0.7.RELEASE.jar:/root/./workspace/tomekceszke/ml-login/419878079/.m2/io/github/openfeign/feign-core/9.5.1/feign-core-9.5.1.jar:/root/./workspace/tomekceszke/ml-login/419878079/.m2/io/github/openfeign/feign-slf4j/9.5.1/feign-slf4j-9.5.1.jar:/root/./workspace/tomekceszke/ml-login/419878079/.m2/io/github/openfeign/feign-hystrix/9.5.1/feign-hystrix-9.5.1.jar:/root/./workspace/tomekceszke/ml-login/419878079/.m2/io/github/openfeign/feign-java8/9.5.1/feign-java8-9.5.1.jar:/root/./workspace/tomekceszke/ml-login/419878079/.m2/org/springframework/boot/spring-boot-devtools/2.0.4.RELEASE/spring-boot-devtools-2.0.4.RELEASE.jar:/root/./workspace/tomekceszke/ml-login/419878079/.m2/org/springframework/boot/spring-boot/2.0.4.RELEASE/spring-boot-2.0.4.RELEASE.jar:/root/./workspace/tomekceszke/ml-login/419878079/.m2/org/springframework/boot/spring-boot-autoconfigure/2.0.4.RELEASE/spring-boot-autoconfigure-2.0.4.RELEASE.jar:/root/./workspace/tomekceszke/ml-login/419878079/.m2/org/springframework/boot/spring-boot-starter-test/2.0.4.RELEASE/spring-boot-starter-test-2.0.4.RELEASE.jar:/root/./workspace/tomekceszke/ml-login/419878079/.m2/org/springframework/boot/spring-boot-test/2.0.4.RELEASE/spring-boot-test-2.0.4.RELEASE.jar:/root/./workspace/tomekceszke/ml-login/419878079/.m2/org/springframework/boot/spring-boot-test-autoconfigure/2.0.4.RELEASE/spring-boot-test-autoconfigure-2.0.4.RELEASE.jar:/root/./workspace/tomekceszke/ml-login/419878079/.m2/com/jayway/jsonpath/json-path/2.4.0/json-path-2.4.0.jar:/root/./workspace/tomekceszke/ml-login/419878079/.m2/net/minidev/json-smart/2.3/json-smart-2.3.jar:/root/./workspace/tomekceszke/ml-login/419878079/.m2/net/minidev/accessors-smart/1.2/accessors-smart-1.2.jar:/root/./workspace/tomekceszke/ml-login/419878079/.m2/org/ow2/asm/asm/5.0.4/asm-5.0.4.jar:/root/./workspace/tomekceszke/ml-login/419878079/.m2/junit/junit/4.12/junit-4.12.jar:/root/./workspace/tomekceszke/ml-login/419878079/.m2/org/assertj/assertj-core/3.9.1/assertj-core-3.9.1.jar:/root/./workspace/tomekceszke/ml-login/419878079/.m2/org/mockito/mockito-core/2.15.0/mockito-core-2.15.0.jar:/root/./workspace/tomekceszke/ml-login/419878079/.m2/net/bytebuddy/byte-buddy/1.7.11/byte-buddy-1.7.11.jar:/root/./workspace/tomekceszke/ml-login/419878079/.m2/net/bytebuddy/byte-buddy-agent/1.7.11/byte-buddy-agent-1.7.11.jar:/root/./workspace/tomekceszke/ml-login/419878079/.m2/org/objenesis/objenesis/2.6/objenesis-2.6.jar:/root/./workspace/tomekceszke/ml-login/419878079/.m2/org/hamcrest/hamcrest-core/1.3/hamcrest-core-1.3.jar:/root/./workspace/tomekceszke/ml-login/419878079/.m2/org/hamcrest/hamcrest-library/1.3/hamcrest-library-1.3.jar:/root/./workspace/tomekceszke/ml-login/419878079/.m2/org/skyscreamer/jsonassert/1.5.0/jsonassert-1.5.0.jar:/root/./workspace/tomekceszke/ml-login/419878079/.m2/com/vaadin/external/google/android-json/0.0.20131108.vaadin1/android-json-0.0.20131108.vaadin1.jar:/root/./workspace/tomekceszke/ml-login/419878079/.m2/org/springframework/spring-core/5.0.8.RELEASE/spring-core-5.0.8.RELEASE.jar:/root/./workspace/tomekceszke/ml-login/419878079/.m2/org/springframework/spring-jcl/5.0.8.RELEASE/spring-jcl-5.0.8.RELEASE.jar:/root/./workspace/tomekceszke/ml-login/419878079/.m2/org/springframework/spring-test/5.0.8.RELEASE/spring-test-5.0.8.RELEASE.jar:/root/./workspace/tomekceszke/ml-login/419878079/.m2/org/xmlunit/xmlunit-core/2.5.1/xmlunit-core-2.5.1.jar:/root/./workspace/tomekceszke/ml-login/419878079/.m2/org/springframework/security/spring-security-test/5.0.7.RELEASE/spring-security-test-5.0.7.RELEASE.jar:/root/./workspace/tomekceszke/ml-login/419878079/.m2/org/springframework/security/spring-security-core/5.0.7.RELEASE/spring-security-core-5.0.7.RELEASE.jar:/root/./workspace/tomekceszke/ml-login/419878079/.m2/org/projectlombok/lombok/1.18.0/lombok-1.18.0.jar:, user.name=root, skipITs=true, java.vm.specification.version=1.8, sun.java.command=/root/workspace/tomekceszke/ml-login/419878079/login-service/target/surefire/surefirebooter7595621666333085063.jar /root/workspace/tomekceszke/ml-login/419878079/login-service/target/surefire 2018-08-24T00-38-03_073-jvmRun1 surefire2857019015516112711tmp surefire_36253622252613806355tmp, java.home=/usr/lib/jvm/java-8-openjdk-amd64/jre, sun.arch.data.model=64, user.language=en, java.specification.vendor=Oracle Corporation, dependency-check.skip=true, awt.toolkit=sun.awt.X11.XToolkit, java.vm.info=mixed mode, java.version=1.8.0_121, java.ext.dirs=/usr/lib/jvm/java-8-openjdk-amd64/jre/lib/ext:/usr/java/packages/lib/ext, sun.boot.class.path=/usr/lib/jvm/java-8-openjdk-amd64/jre/lib/resources.jar:/usr/lib/jvm/java-8-openjdk-amd64/jre/lib/rt.jar:/usr/lib/jvm/java-8-openjdk-amd64/jre/lib/sunrsasign.jar:/usr/lib/jvm/java-8-openjdk-amd64/jre/lib/jsse.jar:/usr/lib/jvm/java-8-openjdk-amd64/jre/lib/jce.jar:/usr/lib/jvm/java-8-openjdk-amd64/jre/lib/charsets.jar:/usr/lib/jvm/java-8-openjdk-amd64/jre/lib/jfr.jar:/usr/lib/jvm/java-8-openjdk-amd64/jre/classes, rat.skip=true, enforcer.skip=true, java.vendor=Oracle Corporation, localRepository=/root/./workspace/tomekceszke/ml-login/419878079/.m2, file.separator=/, java.vendor.url.bug=http://bugreport.sun.com/bugreport/, sun.io.unicode.encoding=UnicodeLittle, sun.cpu.endian=little, sun.cpu.isalist=}}, SystemEnvironmentPropertySource@1477657879 {name='systemEnvironment', properties={PATH=/usr/local/sbin:/usr/local/bin:/usr/sbin:/usr/bin:/sbin:/bin, JAVA_HOME=/usr/lib/jvm/java-8-openjdk-amd64, NOTIFY_TO=, CA_CERTIFICATES_JAVA_VERSION=20161107~bpo8+1, MONGODB_HOST=, BUILD_ID=, LANG=C.UTF-8, MAVEN_HOME=/usr/share/maven, SMTP_SERVER=, MONGODB_NAME=, REPAIR_MODE=repair, PWD=/root/workspace/tomekceszke/ml-login/419878079/login-service, JAVA_VERSION=8u121, GITHUB_OAUTH=, MAVEN_CMD_LINE_ARGS=/root/.m2 -B -D enforcer.skip=true -D dependency-check.skip=true -D skipITs=true -D cobertura.skip=true -D maven.repo.local=/root/./workspace/tomekceszke/ml-login/419878079/.m2 -D rat.skip=true -D findbugs.skip=true -D skip.bower=true -D gpg.skip=true -D checkstyle.skip=true -D skip.gulp=true -D license.skip=true -D skip.npm=true test, _=/usr/bin/java, OUTPUT=, MAVEN_TERMINATE_CMD=on, MAVEN_CONFIG=/root/.m2, MAVEN_PROJECTBASEDIR=/root/workspace/tomekceszke/ml-login/419878079, OLDPWD=/root/workspace/tomekceszke/ml-login/419878079/login-service, LOG_FILENAME=repairnator-pipeline_2018-08-24_0034_419878079_6927fb33-1ea7-4003-9018-b027a8f8f5e3, RUN_ID=, HOSTNAME=cyclone1, JAVA_DEBIAN_VERSION=8u121-b13-1~bpo8+1, M2_HOME=/usr/share/maven, REPAIR_TOOLS=AssertFixer, HOME=/root, SHLVL=1, PUSH_URL=}}]
00:38:48.308 [main] DEBUG org.springframework.core.io.support.PathMatchingResourcePatternResolver - Resolved classpath location [com/ceszke/security/mllogin/login/] to resources [URL [file:/root/workspace/tomekceszke/ml-login/419878079/login-service/target/test-classes/com/ceszke/security/mllogin/login/], URL [file:/root/workspace/tomekceszke/ml-login/419878079/login-service/target/classes/com/ceszke/security/mllogin/login/]]
00:38:48.309 [main] DEBUG org.springframework.core.io.support.PathMatchingResourcePatternResolver - Looking for matching resources in directory tree [/root/workspace/tomekceszke/ml-login/419878079/login-service/target/test-classes/com/ceszke/security/mllogin/login]
00:38:48.309 [main] DEBUG org.springframework.core.io.support.PathMatchingResourcePatternResolver - Searching directory [/root/workspace/tomekceszke/ml-login/419878079/login-service/target/test-classes/com/ceszke/security/mllogin/login] for files matching pattern [/root/workspace/tomekceszke/ml-login/419878079/login-service/target/test-classes/com/ceszke/security/mllogin/login/*.class]
00:38:48.315 [main] DEBUG org.springframework.core.io.support.PathMatchingResourcePatternResolver - Looking for matching resources in directory tree [/root/workspace/tomekceszke/ml-login/419878079/login-service/target/classes/com/ceszke/security/mllogin/login]
00:38:48.315 [main] DEBUG org.springframework.core.io.support.PathMatchingResourcePatternResolver - Searching directory [/root/workspace/tomekceszke/ml-login/419878079/login-service/target/classes/com/ceszke/security/mllogin/login] for files matching pattern [/root/workspace/tomekceszke/ml-login/419878079/login-service/target/classes/com/ceszke/security/mllogin/login/*.class]
00:38:48.316 [main] DEBUG org.springframework.core.io.support.PathMatchingResourcePatternResolver - Resolved location pattern [classpath*:com/ceszke/security/mllogin/login/*.class] to resources [file [/root/workspace/tomekceszke/ml-login/419878079/login-service/target/test-classes/com/ceszke/security/mllogin/login/LoginControllerTest.class], file [/root/workspace/tomekceszke/ml-login/419878079/login-service/target/classes/com/ceszke/security/mllogin/login/LoginController.class]]
00:38:48.369 [main] DEBUG org.springframework.core.io.support.PathMatchingResourcePatternResolver - Resolved classpath location [com/ceszke/security/mllogin/] to resources [URL [file:/root/workspace/tomekceszke/ml-login/419878079/login-service/target/test-classes/com/ceszke/security/mllogin/], URL [file:/root/workspace/tomekceszke/ml-login/419878079/login-service/target/classes/com/ceszke/security/mllogin/]]
00:38:48.370 [main] DEBUG org.springframework.core.io.support.PathMatchingResourcePatternResolver - Looking for matching resources in directory tree [/root/workspace/tomekceszke/ml-login/419878079/login-service/target/test-classes/com/ceszke/security/mllogin]
00:38:48.370 [main] DEBUG org.springframework.core.io.support.PathMatchingResourcePatternResolver - Searching directory [/root/workspace/tomekceszke/ml-login/419878079/login-service/target/test-classes/com/ceszke/security/mllogin] for files matching pattern [/root/workspace/tomekceszke/ml-login/419878079/login-service/target/test-classes/com/ceszke/security/mllogin/*.class]
00:38:48.371 [main] DEBUG org.springframework.core.io.support.PathMatchingResourcePatternResolver - Looking for matching resources in directory tree [/root/workspace/tomekceszke/ml-login/419878079/login-service/target/classes/com/ceszke/security/mllogin]
00:38:48.371 [main] DEBUG org.springframework.core.io.support.PathMatchingResourcePatternResolver - Searching directory [/root/workspace/tomekceszke/ml-login/419878079/login-service/target/classes/com/ceszke/security/mllogin] for files matching pattern [/root/workspace/tomekceszke/ml-login/419878079/login-service/target/classes/com/ceszke/security/mllogin/*.class]
00:38:48.373 [main] DEBUG org.springframework.core.io.support.PathMatchingResourcePatternResolver - Resolved location pattern [classpath*:com/ceszke/security/mllogin/*.class] to resources [file [/root/workspace/tomekceszke/ml-login/419878079/login-service/target/test-classes/com/ceszke/security/mllogin/LoginApplicationTest.class], file [/root/workspace/tomekceszke/ml-login/419878079/login-service/target/classes/com/ceszke/security/mllogin/LoginApplication.class]]
00:38:48.440 [main] DEBUG org.springframework.context.annotation.ClassPathScanningCandidateComponentProvider - Identified candidate component class: file [/root/workspace/tomekceszke/ml-login/419878079/login-service/target/classes/com/ceszke/security/mllogin/LoginApplication.class]
00:38:48.441 [main] INFO org.springframework.boot.test.context.SpringBootTestContextBootstrapper - Found @SpringBootConfiguration com.ceszke.security.mllogin.LoginApplication for test class com.ceszke.security.mllogin.login.LoginControllerTest
00:38:48.598 [main] DEBUG org.springframework.boot.test.context.SpringBootTestContextBootstrapper - @TestExecutionListeners is not present for class [com.ceszke.security.mllogin.login.LoginControllerTest]: using defaults.
00:38:48.599 [main] INFO org.springframework.boot.test.context.SpringBootTestContextBootstrapper - Loaded default TestExecutionListener class names from location [META-INF/spring.factories]: [org.springframework.boot.test.mock.mockito.MockitoTestExecutionListener, org.springframework.boot.test.mock.mockito.ResetMocksTestExecutionListener, org.springframework.boot.test.autoconfigure.restdocs.RestDocsTestExecutionListener, org.springframework.boot.test.autoconfigure.web.client.MockRestServiceServerResetTestExecutionListener, org.springframework.boot.test.autoconfigure.web.servlet.MockMvcPrintOnlyOnFailureTestExecutionListener, org.springframework.boot.test.autoconfigure.web.servlet.WebDriverTestExecutionListener, org.springframework.test.context.web.ServletTestExecutionListener, org.springframework.test.context.support.DirtiesContextBeforeModesTestExecutionListener, org.springframework.test.context.support.DependencyInjectionTestExecutionListener, org.springframework.test.context.support.DirtiesContextTestExecutionListener, org.springframework.test.context.transaction.TransactionalTestExecutionListener, org.springframework.test.context.jdbc.SqlScriptsTestExecutionListener, org.springframework.security.test.context.support.WithSecurityContextTestExecutionListener, org.springframework.security.test.context.support.ReactorContextTestExecutionListener]
00:38:48.618 [main] DEBUG org.springframework.boot.test.context.SpringBootTestContextBootstrapper - Skipping candidate TestExecutionListener [org.springframework.test.context.transaction.TransactionalTestExecutionListener] due to a missing dependency. Specify custom listener classes or make the default listener classes and their required dependencies available. Offending class: [org/springframework/transaction/TransactionDefinition]
00:38:48.619 [main] DEBUG org.springframework.boot.test.context.SpringBootTestContextBootstrapper - Skipping candidate TestExecutionListener [org.springframework.test.context.jdbc.SqlScriptsTestExecutionListener] due to a missing dependency. Specify custom listener classes or make the default listener classes and their required dependencies available. Offending class: [org/springframework/transaction/interceptor/TransactionAttribute]
00:38:48.622 [main] INFO org.springframework.boot.test.context.SpringBootTestContextBootstrapper - Using TestExecutionListeners: [org.springframework.test.context.web.ServletTestExecutionListener@707194ba, org.springframework.test.context.support.DirtiesContextBeforeModesTestExecutionListener@1190200a, org.springframework.boot.test.mock.mockito.MockitoTestExecutionListener@6a2f6f80, org.springframework.boot.test.autoconfigure.SpringBootDependencyInjectionTestExecutionListener@45b4c3a9, org.springframework.test.context.support.DirtiesContextTestExecutionListener@399c4be1, org.springframework.security.test.context.support.WithSecurityContextTestExecutionListener@291caca8, org.springframework.security.test.context.support.ReactorContextTestExecutionListener@385e9564, org.springframework.boot.test.mock.mockito.ResetMocksTestExecutionListener@5b94b04d, org.springframework.boot.test.autoconfigure.restdocs.RestDocsTestExecutionListener@8c3b9d, org.springframework.boot.test.autoconfigure.web.client.MockRestServiceServerResetTestExecutionListener@4c39bec8, org.springframework.boot.test.autoconfigure.web.servlet.MockMvcPrintOnlyOnFailureTestExecutionListener@f79e, org.springframework.boot.test.autoconfigure.web.servlet.WebDriverTestExecutionListener@7ee8290b]
00:38:48.626 [main] DEBUG org.springframework.test.annotation.ProfileValueUtils - Retrieved @ProfileValueSourceConfiguration [null] for test class [com.ceszke.security.mllogin.login.LoginControllerTest]
00:38:48.627 [main] DEBUG org.springframework.test.annotation.ProfileValueUtils - Retrieved ProfileValueSource type [class org.springframework.test.annotation.SystemProfileValueSource] for class [com.ceszke.security.mllogin.login.LoginControllerTest]
00:38:48.630 [main] DEBUG org.springframework.test.annotation.ProfileValueUtils - Retrieved @ProfileValueSourceConfiguration [null] for test class [com.ceszke.security.mllogin.login.LoginControllerTest]
00:38:48.630 [main] DEBUG org.springframework.test.annotation.ProfileValueUtils - Retrieved ProfileValueSource type [class org.springframework.test.annotation.SystemProfileValueSource] for class [com.ceszke.security.mllogin.login.LoginControllerTest]
00:38:48.631 [main] DEBUG org.springframework.test.annotation.ProfileValueUtils - Retrieved @ProfileValueSourceConfiguration [null] for test class [com.ceszke.security.mllogin.login.LoginControllerTest]
00:38:48.631 [main] DEBUG org.springframework.test.annotation.ProfileValueUtils - Retrieved ProfileValueSource type [class org.springframework.test.annotation.SystemProfileValueSource] for class [com.ceszke.security.mllogin.login.LoginControllerTest]
00:38:48.638 [main] DEBUG org.springframework.test.context.support.AbstractDirtiesContextTestExecutionListener - Before test class: context [DefaultTestContext@762ef0ea testClass = LoginControllerTest, testInstance = [null], testMethod = [null], testException = [null], mergedContextConfiguration = [WebMergedContextConfiguration@31f9b85e testClass = LoginControllerTest, locations = '{}', classes = '{class com.ceszke.security.mllogin.LoginApplication}', contextInitializerClasses = '[]', activeProfiles = '{}', propertySourceLocations = '{}', propertySourceProperties = '{org.springframework.boot.test.context.SpringBootTestContextBootstrapper=true}', contextCustomizers = set[org.springframework.boot.test.context.filter.ExcludeFilterContextCustomizer@130f889, org.springframework.boot.test.json.DuplicateJsonObjectContextCustomizerFactory$DuplicateJsonObjectContextCustomizer@101df177, org.springframework.boot.test.mock.mockito.MockitoContextCustomizer@0, org.springframework.boot.test.web.client.TestRestTemplateContextCustomizer@32a068d1, org.springframework.boot.test.autoconfigure.properties.PropertyMappingContextCustomizer@0, org.springframework.boot.test.autoconfigure.web.servlet.WebDriverContextCustomizerFactory$Customizer@5606c0b], resourceBasePath = 'src/main/webapp', contextLoader = 'org.springframework.boot.test.context.SpringBootContextLoader', parent = [null]], attributes = map['org.springframework.test.context.web.ServletTestExecutionListener.activateListener' -> true]], class annotated with @DirtiesContext [false] with mode [null].
00:38:48.639 [main] DEBUG org.springframework.test.annotation.ProfileValueUtils - Retrieved @ProfileValueSourceConfiguration [null] for test class [com.ceszke.security.mllogin.login.LoginControllerTest]
00:38:48.640 [main] DEBUG org.springframework.test.annotation.ProfileValueUtils - Retrieved ProfileValueSource type [class org.springframework.test.annotation.SystemProfileValueSource] for class [com.ceszke.security.mllogin.login.LoginControllerTest]
00:38:48.670 [main] DEBUG org.springframework.core.env.StandardEnvironment - Adding PropertySource 'systemProperties' with lowest search precedence
00:38:48.670 [main] DEBUG org.springframework.core.env.StandardEnvironment - Adding PropertySource 'systemEnvironment' with lowest search precedence
00:38:48.670 [main] DEBUG org.springframework.core.env.StandardEnvironment - Initialized StandardEnvironment with PropertySources [MapPropertySource@694452085 {name='systemProperties', properties={java.runtime.name=OpenJDK Runtime Environment, sun.boot.library.path=/usr/lib/jvm/java-8-openjdk-amd64/jre/lib/amd64, java.vm.version=25.121-b13, java.vm.vendor=Oracle Corporation, java.vendor.url=http://java.oracle.com/, skip.gulp=true, path.separator=:, java.vm.name=OpenJDK 64-Bit Server VM, file.encoding.pkg=sun.io, findbugs.skip=true, sun.java.launcher=SUN_STANDARD, sun.os.patch.level=unknown, java.vm.specification.name=Java Virtual Machine Specification, user.dir=/root/workspace/tomekceszke/ml-login/419878079/login-service, checkstyle.skip=true, java.runtime.version=1.8.0_121-8u121-b13-1~bpo8+1-b13, skip.npm=true, basedir=/root/workspace/tomekceszke/ml-login/419878079/login-service, java.awt.graphicsenv=sun.awt.X11GraphicsEnvironment, java.endorsed.dirs=/usr/lib/jvm/java-8-openjdk-amd64/jre/lib/endorsed, os.arch=amd64, surefire.real.class.path=/root/workspace/tomekceszke/ml-login/419878079/login-service/target/surefire/surefirebooter7595621666333085063.jar, gpg.skip=true, java.io.tmpdir=/tmp, line.separator=
, cobertura.skip=true, java.vm.specification.vendor=Oracle Corporation, os.name=Linux, sun.jnu.encoding=UTF-8, license.skip=true, java.library.path=/usr/java/packages/lib/amd64:/usr/lib/x86_64-linux-gnu/jni:/lib/x86_64-linux-gnu:/usr/lib/x86_64-linux-gnu:/usr/lib/jni:/lib:/usr/lib, surefire.test.class.path=/root/workspace/tomekceszke/ml-login/419878079/login-service/target/test-classes:/root/workspace/tomekceszke/ml-login/419878079/login-service/target/classes:/root/./workspace/tomekceszke/ml-login/419878079/.m2/org/springframework/cloud/spring-cloud-starter-config/2.0.1.RELEASE/spring-cloud-starter-config-2.0.1.RELEASE.jar:/root/./workspace/tomekceszke/ml-login/419878079/.m2/org/springframework/cloud/spring-cloud-starter/2.0.1.RELEASE/spring-cloud-starter-2.0.1.RELEASE.jar:/root/./workspace/tomekceszke/ml-login/419878079/.m2/org/springframework/cloud/spring-cloud-context/2.0.1.RELEASE/spring-cloud-context-2.0.1.RELEASE.jar:/root/./workspace/tomekceszke/ml-login/419878079/.m2/org/springframework/security/spring-security-rsa/1.0.5.RELEASE/spring-security-rsa-1.0.5.RELEASE.jar:/root/./workspace/tomekceszke/ml-login/419878079/.m2/org/bouncycastle/bcpkix-jdk15on/1.56/bcpkix-jdk15on-1.56.jar:/root/./workspace/tomekceszke/ml-login/419878079/.m2/org/bouncycastle/bcprov-jdk15on/1.56/bcprov-jdk15on-1.56.jar:/root/./workspace/tomekceszke/ml-login/419878079/.m2/org/springframework/cloud/spring-cloud-config-client/2.0.1.RELEASE/spring-cloud-config-client-2.0.1.RELEASE.jar:/root/./workspace/tomekceszke/ml-login/419878079/.m2/com/fasterxml/jackson/core/jackson-annotations/2.9.0/jackson-annotations-2.9.0.jar:/root/./workspace/tomekceszke/ml-login/419878079/.m2/com/fasterxml/jackson/core/jackson-databind/2.9.6/jackson-databind-2.9.6.jar:/root/./workspace/tomekceszke/ml-login/419878079/.m2/com/fasterxml/jackson/core/jackson-core/2.9.6/jackson-core-2.9.6.jar:/root/./workspace/tomekceszke/ml-login/419878079/.m2/org/springframework/boot/spring-boot-starter-security/2.0.4.RELEASE/spring-boot-starter-security-2.0.4.RELEASE.jar:/root/./workspace/tomekceszke/ml-login/419878079/.m2/org/springframework/boot/spring-boot-starter/2.0.4.RELEASE/spring-boot-starter-2.0.4.RELEASE.jar:/root/./workspace/tomekceszke/ml-login/419878079/.m2/org/springframework/boot/spring-boot-starter-logging/2.0.4.RELEASE/spring-boot-starter-logging-2.0.4.RELEASE.jar:/root/./workspace/tomekceszke/ml-login/419878079/.m2/ch/qos/logback/logback-classic/1.2.3/logback-classic-1.2.3.jar:/root/./workspace/tomekceszke/ml-login/419878079/.m2/ch/qos/logback/logback-core/1.2.3/logback-core-1.2.3.jar:/root/./workspace/tomekceszke/ml-login/419878079/.m2/org/apache/logging/log4j/log4j-to-slf4j/2.10.0/log4j-to-slf4j-2.10.0.jar:/root/./workspace/tomekceszke/ml-login/419878079/.m2/org/apache/logging/log4j/log4j-api/2.10.0/log4j-api-2.10.0.jar:/root/./workspace/tomekceszke/ml-login/419878079/.m2/org/slf4j/jul-to-slf4j/1.7.25/jul-to-slf4j-1.7.25.jar:/root/./workspace/tomekceszke/ml-login/419878079/.m2/javax/annotation/javax.annotation-api/1.3.2/javax.annotation-api-1.3.2.jar:/root/./workspace/tomekceszke/ml-login/419878079/.m2/org/yaml/snakeyaml/1.19/snakeyaml-1.19.jar:/root/./workspace/tomekceszke/ml-login/419878079/.m2/org/springframework/spring-aop/5.0.8.RELEASE/spring-aop-5.0.8.RELEASE.jar:/root/./workspace/tomekceszke/ml-login/419878079/.m2/org/springframework/spring-beans/5.0.8.RELEASE/spring-beans-5.0.8.RELEASE.jar:/root/./workspace/tomekceszke/ml-login/419878079/.m2/org/springframework/security/spring-security-config/5.0.7.RELEASE/spring-security-config-5.0.7.RELEASE.jar:/root/./workspace/tomekceszke/ml-login/419878079/.m2/org/springframework/spring-context/5.0.8.RELEASE/spring-context-5.0.8.RELEASE.jar:/root/./workspace/tomekceszke/ml-login/419878079/.m2/org/springframework/security/spring-security-web/5.0.7.RELEASE/spring-security-web-5.0.7.RELEASE.jar:/root/./workspace/tomekceszke/ml-login/419878079/.m2/org/springframework/spring-expression/5.0.8.RELEASE/spring-expression-5.0.8.RELEASE.jar:/root/./workspace/tomekceszke/ml-login/419878079/.m2/org/springframework/boot/spring-boot-starter-thymeleaf/2.0.4.RELEASE/spring-boot-starter-thymeleaf-2.0.4.RELEASE.jar:/root/./workspace/tomekceszke/ml-login/419878079/.m2/org/thymeleaf/thymeleaf-spring5/3.0.9.RELEASE/thymeleaf-spring5-3.0.9.RELEASE.jar:/root/./workspace/tomekceszke/ml-login/419878079/.m2/org/thymeleaf/thymeleaf/3.0.9.RELEASE/thymeleaf-3.0.9.RELEASE.jar:/root/./workspace/tomekceszke/ml-login/419878079/.m2/org/attoparser/attoparser/2.0.4.RELEASE/attoparser-2.0.4.RELEASE.jar:/root/./workspace/tomekceszke/ml-login/419878079/.m2/org/unbescape/unbescape/1.1.5.RELEASE/unbescape-1.1.5.RELEASE.jar:/root/./workspace/tomekceszke/ml-login/419878079/.m2/org/slf4j/slf4j-api/1.7.25/slf4j-api-1.7.25.jar:/root/./workspace/tomekceszke/ml-login/419878079/.m2/org/thymeleaf/extras/thymeleaf-extras-java8time/3.0.1.RELEASE/thymeleaf-extras-java8time-3.0.1.RELEASE.jar:/root/./workspace/tomekceszke/ml-login/419878079/.m2/org/springframework/boot/spring-boot-starter-web/2.0.4.RELEASE/spring-boot-starter-web-2.0.4.RELEASE.jar:/root/./workspace/tomekceszke/ml-login/419878079/.m2/org/springframework/boot/spring-boot-starter-json/2.0.4.RELEASE/spring-boot-starter-json-2.0.4.RELEASE.jar:/root/./workspace/tomekceszke/ml-login/419878079/.m2/com/fasterxml/jackson/datatype/jackson-datatype-jdk8/2.9.6/jackson-datatype-jdk8-2.9.6.jar:/root/./workspace/tomekceszke/ml-login/419878079/.m2/com/fasterxml/jackson/datatype/jackson-datatype-jsr310/2.9.6/jackson-datatype-jsr310-2.9.6.jar:/root/./workspace/tomekceszke/ml-login/419878079/.m2/com/fasterxml/jackson/module/jackson-module-parameter-names/2.9.6/jackson-module-parameter-names-2.9.6.jar:/root/./workspace/tomekceszke/ml-login/419878079/.m2/org/springframework/boot/spring-boot-starter-tomcat/2.0.4.RELEASE/spring-boot-starter-tomcat-2.0.4.RELEASE.jar:/root/./workspace/tomekceszke/ml-login/419878079/.m2/org/apache/tomcat/embed/tomcat-embed-core/8.5.32/tomcat-embed-core-8.5.32.jar:/root/./workspace/tomekceszke/ml-login/419878079/.m2/org/apache/tomcat/embed/tomcat-embed-el/8.5.32/tomcat-embed-el-8.5.32.jar:/root/./workspace/tomekceszke/ml-login/419878079/.m2/org/apache/tomcat/embed/tomcat-embed-websocket/8.5.32/tomcat-embed-websocket-8.5.32.jar:/root/./workspace/tomekceszke/ml-login/419878079/.m2/org/hibernate/validator/hibernate-validator/6.0.11.Final/hibernate-validator-6.0.11.Final.jar:/root/./workspace/tomekceszke/ml-login/419878079/.m2/javax/validation/validation-api/2.0.1.Final/validation-api-2.0.1.Final.jar:/root/./workspace/tomekceszke/ml-login/419878079/.m2/org/jboss/logging/jboss-logging/3.3.2.Final/jboss-logging-3.3.2.Final.jar:/root/./workspace/tomekceszke/ml-login/419878079/.m2/com/fasterxml/classmate/1.3.4/classmate-1.3.4.jar:/root/./workspace/tomekceszke/ml-login/419878079/.m2/org/springframework/spring-web/5.0.8.RELEASE/spring-web-5.0.8.RELEASE.jar:/root/./workspace/tomekceszke/ml-login/419878079/.m2/org/springframework/spring-webmvc/5.0.8.RELEASE/spring-webmvc-5.0.8.RELEASE.jar:/root/./workspace/tomekceszke/ml-login/419878079/.m2/org/springframework/cloud/spring-cloud-starter-netflix-ribbon/2.0.1.RELEASE/spring-cloud-starter-netflix-ribbon-2.0.1.RELEASE.jar:/root/./workspace/tomekceszke/ml-login/419878079/.m2/org/springframework/cloud/spring-cloud-netflix-ribbon/2.0.1.RELEASE/spring-cloud-netflix-ribbon-2.0.1.RELEASE.jar:/root/./workspace/tomekceszke/ml-login/419878079/.m2/org/springframework/cloud/spring-cloud-netflix-archaius/2.0.1.RELEASE/spring-cloud-netflix-archaius-2.0.1.RELEASE.jar:/root/./workspace/tomekceszke/ml-login/419878079/.m2/org/springframework/cloud/spring-cloud-starter-netflix-archaius/2.0.1.RELEASE/spring-cloud-starter-netflix-archaius-2.0.1.RELEASE.jar:/root/./workspace/tomekceszke/ml-login/419878079/.m2/com/netflix/archaius/archaius-core/0.7.6/archaius-core-0.7.6.jar:/root/./workspace/tomekceszke/ml-login/419878079/.m2/com/google/code/findbugs/jsr305/3.0.1/jsr305-3.0.1.jar:/root/./workspace/tomekceszke/ml-login/419878079/.m2/commons-configuration/commons-configuration/1.8/commons-configuration-1.8.jar:/root/./workspace/tomekceszke/ml-login/419878079/.m2/com/netflix/ribbon/ribbon/2.2.5/ribbon-2.2.5.jar:/root/./workspace/tomekceszke/ml-login/419878079/.m2/com/netflix/ribbon/ribbon-transport/2.2.5/ribbon-transport-2.2.5.jar:/root/./workspace/tomekceszke/ml-login/419878079/.m2/io/reactivex/rxnetty-contexts/0.4.9/rxnetty-contexts-0.4.9.jar:/root/./workspace/tomekceszke/ml-login/419878079/.m2/io/reactivex/rxnetty-servo/0.4.9/rxnetty-servo-0.4.9.jar:/root/./workspace/tomekceszke/ml-login/419878079/.m2/com/netflix/hystrix/hystrix-core/1.5.12/hystrix-core-1.5.12.jar:/root/./workspace/tomekceszke/ml-login/419878079/.m2/org/hdrhistogram/HdrHistogram/2.1.9/HdrHistogram-2.1.9.jar:/root/./workspace/tomekceszke/ml-login/419878079/.m2/javax/inject/javax.inject/1/javax.inject-1.jar:/root/./workspace/tomekceszke/ml-login/419878079/.m2/io/reactivex/rxnetty/0.4.9/rxnetty-0.4.9.jar:/root/./workspace/tomekceszke/ml-login/419878079/.m2/io/netty/netty-codec-http/4.1.27.Final/netty-codec-http-4.1.27.Final.jar:/root/./workspace/tomekceszke/ml-login/419878079/.m2/io/netty/netty-codec/4.1.27.Final/netty-codec-4.1.27.Final.jar:/root/./workspace/tomekceszke/ml-login/419878079/.m2/io/netty/netty-transport-native-epoll/4.1.27.Final/netty-transport-native-epoll-4.1.27.Final.jar:/root/./workspace/tomekceszke/ml-login/419878079/.m2/io/netty/netty-common/4.1.27.Final/netty-common-4.1.27.Final.jar:/root/./workspace/tomekceszke/ml-login/419878079/.m2/io/netty/netty-buffer/4.1.27.Final/netty-buffer-4.1.27.Final.jar:/root/./workspace/tomekceszke/ml-login/419878079/.m2/io/netty/netty-transport-native-unix-common/4.1.27.Final/netty-transport-native-unix-common-4.1.27.Final.jar:/root/./workspace/tomekceszke/ml-login/419878079/.m2/io/netty/netty-transport/4.1.27.Final/netty-transport-4.1.27.Final.jar:/root/./workspace/tomekceszke/ml-login/419878079/.m2/io/netty/netty-resolver/4.1.27.Final/netty-resolver-4.1.27.Final.jar:/root/./workspace/tomekceszke/ml-login/419878079/.m2/com/google/guava/guava/16.0.1/guava-16.0.1.jar:/root/./workspace/tomekceszke/ml-login/419878079/.m2/com/netflix/ribbon/ribbon-core/2.2.5/ribbon-core-2.2.5.jar:/root/./workspace/tomekceszke/ml-login/419878079/.m2/commons-lang/commons-lang/2.6/commons-lang-2.6.jar:/root/./workspace/tomekceszke/ml-login/419878079/.m2/com/netflix/ribbon/ribbon-httpclient/2.2.5/ribbon-httpclient-2.2.5.jar:/root/./workspace/tomekceszke/ml-login/419878079/.m2/commons-collections/commons-collections/3.2.2/commons-collections-3.2.2.jar:/root/./workspace/tomekceszke/ml-login/419878079/.m2/org/apache/httpcomponents/httpclient/4.5.6/httpclient-4.5.6.jar:/root/./workspace/tomekceszke/ml-login/419878079/.m2/org/apache/httpcomponents/httpcore/4.4.10/httpcore-4.4.10.jar:/root/./workspace/tomekceszke/ml-login/419878079/.m2/commons-codec/commons-codec/1.11/commons-codec-1.11.jar:/root/./workspace/tomekceszke/ml-login/419878079/.m2/com/sun/jersey/jersey-client/1.19.1/jersey-client-1.19.1.jar:/root/./workspace/tomekceszke/ml-login/419878079/.m2/com/sun/jersey/jersey-core/1.19.1/jersey-core-1.19.1.jar:/root/./workspace/tomekceszke/ml-login/419878079/.m2/javax/ws/rs/jsr311-api/1.1.1/jsr311-api-1.1.1.jar:/root/./workspace/tomekceszke/ml-login/419878079/.m2/com/sun/jersey/contribs/jersey-apache-client4/1.19.1/jersey-apache-client4-1.19.1.jar:/root/./workspace/tomekceszke/ml-login/419878079/.m2/com/netflix/servo/servo-core/0.12.21/servo-core-0.12.21.jar:/root/./workspace/tomekceszke/ml-login/419878079/.m2/com/netflix/netflix-commons/netflix-commons-util/0.3.0/netflix-commons-util-0.3.0.jar:/root/./workspace/tomekceszke/ml-login/419878079/.m2/com/netflix/ribbon/ribbon-loadbalancer/2.2.5/ribbon-loadbalancer-2.2.5.jar:/root/./workspace/tomekceszke/ml-login/419878079/.m2/com/netflix/netflix-commons/netflix-statistics/0.1.1/netflix-statistics-0.1.1.jar:/root/./workspace/tomekceszke/ml-login/419878079/.m2/io/reactivex/rxjava/1.3.8/rxjava-1.3.8.jar:/root/./workspace/tomekceszke/ml-login/419878079/.m2/org/springframework/cloud/spring-cloud-starter-openfeign/2.0.1.RELEASE/spring-cloud-starter-openfeign-2.0.1.RELEASE.jar:/root/./workspace/tomekceszke/ml-login/419878079/.m2/org/springframework/cloud/spring-cloud-openfeign-core/2.0.1.RELEASE/spring-cloud-openfeign-core-2.0.1.RELEASE.jar:/root/./workspace/tomekceszke/ml-login/419878079/.m2/org/springframework/boot/spring-boot-starter-aop/2.0.4.RELEASE/spring-boot-starter-aop-2.0.4.RELEASE.jar:/root/./workspace/tomekceszke/ml-login/419878079/.m2/org/aspectj/aspectjweaver/1.8.13/aspectjweaver-1.8.13.jar:/root/./workspace/tomekceszke/ml-login/419878079/.m2/org/springframework/cloud/spring-cloud-commons/2.0.1.RELEASE/spring-cloud-commons-2.0.1.RELEASE.jar:/root/./workspace/tomekceszke/ml-login/419878079/.m2/org/springframework/security/spring-security-crypto/5.0.7.RELEASE/spring-security-crypto-5.0.7.RELEASE.jar:/root/./workspace/tomekceszke/ml-login/419878079/.m2/io/github/openfeign/feign-core/9.5.1/feign-core-9.5.1.jar:/root/./workspace/tomekceszke/ml-login/419878079/.m2/io/github/openfeign/feign-slf4j/9.5.1/feign-slf4j-9.5.1.jar:/root/./workspace/tomekceszke/ml-login/419878079/.m2/io/github/openfeign/feign-hystrix/9.5.1/feign-hystrix-9.5.1.jar:/root/./workspace/tomekceszke/ml-login/419878079/.m2/io/github/openfeign/feign-java8/9.5.1/feign-java8-9.5.1.jar:/root/./workspace/tomekceszke/ml-login/419878079/.m2/org/springframework/boot/spring-boot-devtools/2.0.4.RELEASE/spring-boot-devtools-2.0.4.RELEASE.jar:/root/./workspace/tomekceszke/ml-login/419878079/.m2/org/springframework/boot/spring-boot/2.0.4.RELEASE/spring-boot-2.0.4.RELEASE.jar:/root/./workspace/tomekceszke/ml-login/419878079/.m2/org/springframework/boot/spring-boot-autoconfigure/2.0.4.RELEASE/spring-boot-autoconfigure-2.0.4.RELEASE.jar:/root/./workspace/tomekceszke/ml-login/419878079/.m2/org/springframework/boot/spring-boot-starter-test/2.0.4.RELEASE/spring-boot-starter-test-2.0.4.RELEASE.jar:/root/./workspace/tomekceszke/ml-login/419878079/.m2/org/springframework/boot/spring-boot-test/2.0.4.RELEASE/spring-boot-test-2.0.4.RELEASE.jar:/root/./workspace/tomekceszke/ml-login/419878079/.m2/org/springframework/boot/spring-boot-test-autoconfigure/2.0.4.RELEASE/spring-boot-test-autoconfigure-2.0.4.RELEASE.jar:/root/./workspace/tomekceszke/ml-login/419878079/.m2/com/jayway/jsonpath/json-path/2.4.0/json-path-2.4.0.jar:/root/./workspace/tomekceszke/ml-login/419878079/.m2/net/minidev/json-smart/2.3/json-smart-2.3.jar:/root/./workspace/tomekceszke/ml-login/419878079/.m2/net/minidev/accessors-smart/1.2/accessors-smart-1.2.jar:/root/./workspace/tomekceszke/ml-login/419878079/.m2/org/ow2/asm/asm/5.0.4/asm-5.0.4.jar:/root/./workspace/tomekceszke/ml-login/419878079/.m2/junit/junit/4.12/junit-4.12.jar:/root/./workspace/tomekceszke/ml-login/419878079/.m2/org/assertj/assertj-core/3.9.1/assertj-core-3.9.1.jar:/root/./workspace/tomekceszke/ml-login/419878079/.m2/org/mockito/mockito-core/2.15.0/mockito-core-2.15.0.jar:/root/./workspace/tomekceszke/ml-login/419878079/.m2/net/bytebuddy/byte-buddy/1.7.11/byte-buddy-1.7.11.jar:/root/./workspace/tomekceszke/ml-login/419878079/.m2/net/bytebuddy/byte-buddy-agent/1.7.11/byte-buddy-agent-1.7.11.jar:/root/./workspace/tomekceszke/ml-login/419878079/.m2/org/objenesis/objenesis/2.6/objenesis-2.6.jar:/root/./workspace/tomekceszke/ml-login/419878079/.m2/org/hamcrest/hamcrest-core/1.3/hamcrest-core-1.3.jar:/root/./workspace/tomekceszke/ml-login/419878079/.m2/org/hamcrest/hamcrest-library/1.3/hamcrest-library-1.3.jar:/root/./workspace/tomekceszke/ml-login/419878079/.m2/org/skyscreamer/jsonassert/1.5.0/jsonassert-1.5.0.jar:/root/./workspace/tomekceszke/ml-login/419878079/.m2/com/vaadin/external/google/android-json/0.0.20131108.vaadin1/android-json-0.0.20131108.vaadin1.jar:/root/./workspace/tomekceszke/ml-login/419878079/.m2/org/springframework/spring-core/5.0.8.RELEASE/spring-core-5.0.8.RELEASE.jar:/root/./workspace/tomekceszke/ml-login/419878079/.m2/org/springframework/spring-jcl/5.0.8.RELEASE/spring-jcl-5.0.8.RELEASE.jar:/root/./workspace/tomekceszke/ml-login/419878079/.m2/org/springframework/spring-test/5.0.8.RELEASE/spring-test-5.0.8.RELEASE.jar:/root/./workspace/tomekceszke/ml-login/419878079/.m2/org/xmlunit/xmlunit-core/2.5.1/xmlunit-core-2.5.1.jar:/root/./workspace/tomekceszke/ml-login/419878079/.m2/org/springframework/security/spring-security-test/5.0.7.RELEASE/spring-security-test-5.0.7.RELEASE.jar:/root/./workspace/tomekceszke/ml-login/419878079/.m2/org/springframework/security/spring-security-core/5.0.7.RELEASE/spring-security-core-5.0.7.RELEASE.jar:/root/./workspace/tomekceszke/ml-login/419878079/.m2/org/projectlombok/lombok/1.18.0/lombok-1.18.0.jar:, java.specification.name=Java Platform API Specification, java.class.version=52.0, skip.bower=true, sun.management.compiler=HotSpot 64-Bit Tiered Compilers, maven.repo.local=/root/./workspace/tomekceszke/ml-login/419878079/.m2, os.version=3.10.0-862.3.2.el7.x86_64, user.home=/root, user.timezone=Europe/Paris, java.awt.printerjob=sun.print.PSPrinterJob, file.encoding=UTF-8, java.specification.version=1.8, java.class.path=/root/workspace/tomekceszke/ml-login/419878079/login-service/target/test-classes:/root/workspace/tomekceszke/ml-login/419878079/login-service/target/classes:/root/./workspace/tomekceszke/ml-login/419878079/.m2/org/springframework/cloud/spring-cloud-starter-config/2.0.1.RELEASE/spring-cloud-starter-config-2.0.1.RELEASE.jar:/root/./workspace/tomekceszke/ml-login/419878079/.m2/org/springframework/cloud/spring-cloud-starter/2.0.1.RELEASE/spring-cloud-starter-2.0.1.RELEASE.jar:/root/./workspace/tomekceszke/ml-login/419878079/.m2/org/springframework/cloud/spring-cloud-context/2.0.1.RELEASE/spring-cloud-context-2.0.1.RELEASE.jar:/root/./workspace/tomekceszke/ml-login/419878079/.m2/org/springframework/security/spring-security-rsa/1.0.5.RELEASE/spring-security-rsa-1.0.5.RELEASE.jar:/root/./workspace/tomekceszke/ml-login/419878079/.m2/org/bouncycastle/bcpkix-jdk15on/1.56/bcpkix-jdk15on-1.56.jar:/root/./workspace/tomekceszke/ml-login/419878079/.m2/org/bouncycastle/bcprov-jdk15on/1.56/bcprov-jdk15on-1.56.jar:/root/./workspace/tomekceszke/ml-login/419878079/.m2/org/springframework/cloud/spring-cloud-config-client/2.0.1.RELEASE/spring-cloud-config-client-2.0.1.RELEASE.jar:/root/./workspace/tomekceszke/ml-login/419878079/.m2/com/fasterxml/jackson/core/jackson-annotations/2.9.0/jackson-annotations-2.9.0.jar:/root/./workspace/tomekceszke/ml-login/419878079/.m2/com/fasterxml/jackson/core/jackson-databind/2.9.6/jackson-databind-2.9.6.jar:/root/./workspace/tomekceszke/ml-login/419878079/.m2/com/fasterxml/jackson/core/jackson-core/2.9.6/jackson-core-2.9.6.jar:/root/./workspace/tomekceszke/ml-login/419878079/.m2/org/springframework/boot/spring-boot-starter-security/2.0.4.RELEASE/spring-boot-starter-security-2.0.4.RELEASE.jar:/root/./workspace/tomekceszke/ml-login/419878079/.m2/org/springframework/boot/spring-boot-starter/2.0.4.RELEASE/spring-boot-starter-2.0.4.RELEASE.jar:/root/./workspace/tomekceszke/ml-login/419878079/.m2/org/springframework/boot/spring-boot-starter-logging/2.0.4.RELEASE/spring-boot-starter-logging-2.0.4.RELEASE.jar:/root/./workspace/tomekceszke/ml-login/419878079/.m2/ch/qos/logback/logback-classic/1.2.3/logback-classic-1.2.3.jar:/root/./workspace/tomekceszke/ml-login/419878079/.m2/ch/qos/logback/logback-core/1.2.3/logback-core-1.2.3.jar:/root/./workspace/tomekceszke/ml-login/419878079/.m2/org/apache/logging/log4j/log4j-to-slf4j/2.10.0/log4j-to-slf4j-2.10.0.jar:/root/./workspace/tomekceszke/ml-login/419878079/.m2/org/apache/logging/log4j/log4j-api/2.10.0/log4j-api-2.10.0.jar:/root/./workspace/tomekceszke/ml-login/419878079/.m2/org/slf4j/jul-to-slf4j/1.7.25/jul-to-slf4j-1.7.25.jar:/root/./workspace/tomekceszke/ml-login/419878079/.m2/javax/annotation/javax.annotation-api/1.3.2/javax.annotation-api-1.3.2.jar:/root/./workspace/tomekceszke/ml-login/419878079/.m2/org/yaml/snakeyaml/1.19/snakeyaml-1.19.jar:/root/./workspace/tomekceszke/ml-login/419878079/.m2/org/springframework/spring-aop/5.0.8.RELEASE/spring-aop-5.0.8.RELEASE.jar:/root/./workspace/tomekceszke/ml-login/419878079/.m2/org/springframework/spring-beans/5.0.8.RELEASE/spring-beans-5.0.8.RELEASE.jar:/root/./workspace/tomekceszke/ml-login/419878079/.m2/org/springframework/security/spring-security-config/5.0.7.RELEASE/spring-security-config-5.0.7.RELEASE.jar:/root/./workspace/tomekceszke/ml-login/419878079/.m2/org/springframework/spring-context/5.0.8.RELEASE/spring-context-5.0.8.RELEASE.jar:/root/./workspace/tomekceszke/ml-login/419878079/.m2/org/springframework/security/spring-security-web/5.0.7.RELEASE/spring-security-web-5.0.7.RELEASE.jar:/root/./workspace/tomekceszke/ml-login/419878079/.m2/org/springframework/spring-expression/5.0.8.RELEASE/spring-expression-5.0.8.RELEASE.jar:/root/./workspace/tomekceszke/ml-login/419878079/.m2/org/springframework/boot/spring-boot-starter-thymeleaf/2.0.4.RELEASE/spring-boot-starter-thymeleaf-2.0.4.RELEASE.jar:/root/./workspace/tomekceszke/ml-login/419878079/.m2/org/thymeleaf/thymeleaf-spring5/3.0.9.RELEASE/thymeleaf-spring5-3.0.9.RELEASE.jar:/root/./workspace/tomekceszke/ml-login/419878079/.m2/org/thymeleaf/thymeleaf/3.0.9.RELEASE/thymeleaf-3.0.9.RELEASE.jar:/root/./workspace/tomekceszke/ml-login/419878079/.m2/org/attoparser/attoparser/2.0.4.RELEASE/attoparser-2.0.4.RELEASE.jar:/root/./workspace/tomekceszke/ml-login/419878079/.m2/org/unbescape/unbescape/1.1.5.RELEASE/unbescape-1.1.5.RELEASE.jar:/root/./workspace/tomekceszke/ml-login/419878079/.m2/org/slf4j/slf4j-api/1.7.25/slf4j-api-1.7.25.jar:/root/./workspace/tomekceszke/ml-login/419878079/.m2/org/thymeleaf/extras/thymeleaf-extras-java8time/3.0.1.RELEASE/thymeleaf-extras-java8time-3.0.1.RELEASE.jar:/root/./workspace/tomekceszke/ml-login/419878079/.m2/org/springframework/boot/spring-boot-starter-web/2.0.4.RELEASE/spring-boot-starter-web-2.0.4.RELEASE.jar:/root/./workspace/tomekceszke/ml-login/419878079/.m2/org/springframework/boot/spring-boot-starter-json/2.0.4.RELEASE/spring-boot-starter-json-2.0.4.RELEASE.jar:/root/./workspace/tomekceszke/ml-login/419878079/.m2/com/fasterxml/jackson/datatype/jackson-datatype-jdk8/2.9.6/jackson-datatype-jdk8-2.9.6.jar:/root/./workspace/tomekceszke/ml-login/419878079/.m2/com/fasterxml/jackson/datatype/jackson-datatype-jsr310/2.9.6/jackson-datatype-jsr310-2.9.6.jar:/root/./workspace/tomekceszke/ml-login/419878079/.m2/com/fasterxml/jackson/module/jackson-module-parameter-names/2.9.6/jackson-module-parameter-names-2.9.6.jar:/root/./workspace/tomekceszke/ml-login/419878079/.m2/org/springframework/boot/spring-boot-starter-tomcat/2.0.4.RELEASE/spring-boot-starter-tomcat-2.0.4.RELEASE.jar:/root/./workspace/tomekceszke/ml-login/419878079/.m2/org/apache/tomcat/embed/tomcat-embed-core/8.5.32/tomcat-embed-core-8.5.32.jar:/root/./workspace/tomekceszke/ml-login/419878079/.m2/org/apache/tomcat/embed/tomcat-embed-el/8.5.32/tomcat-embed-el-8.5.32.jar:/root/./workspace/tomekceszke/ml-login/419878079/.m2/org/apache/tomcat/embed/tomcat-embed-websocket/8.5.32/tomcat-embed-websocket-8.5.32.jar:/root/./workspace/tomekceszke/ml-login/419878079/.m2/org/hibernate/validator/hibernate-validator/6.0.11.Final/hibernate-validator-6.0.11.Final.jar:/root/./workspace/tomekceszke/ml-login/419878079/.m2/javax/validation/validation-api/2.0.1.Final/validation-api-2.0.1.Final.jar:/root/./workspace/tomekceszke/ml-login/419878079/.m2/org/jboss/logging/jboss-logging/3.3.2.Final/jboss-logging-3.3.2.Final.jar:/root/./workspace/tomekceszke/ml-login/419878079/.m2/com/fasterxml/classmate/1.3.4/classmate-1.3.4.jar:/root/./workspace/tomekceszke/ml-login/419878079/.m2/org/springframework/spring-web/5.0.8.RELEASE/spring-web-5.0.8.RELEASE.jar:/root/./workspace/tomekceszke/ml-login/419878079/.m2/org/springframework/spring-webmvc/5.0.8.RELEASE/spring-webmvc-5.0.8.RELEASE.jar:/root/./workspace/tomekceszke/ml-login/419878079/.m2/org/springframework/cloud/spring-cloud-starter-netflix-ribbon/2.0.1.RELEASE/spring-cloud-starter-netflix-ribbon-2.0.1.RELEASE.jar:/root/./workspace/tomekceszke/ml-login/419878079/.m2/org/springframework/cloud/spring-cloud-netflix-ribbon/2.0.1.RELEASE/spring-cloud-netflix-ribbon-2.0.1.RELEASE.jar:/root/./workspace/tomekceszke/ml-login/419878079/.m2/org/springframework/cloud/spring-cloud-netflix-archaius/2.0.1.RELEASE/spring-cloud-netflix-archaius-2.0.1.RELEASE.jar:/root/./workspace/tomekceszke/ml-login/419878079/.m2/org/springframework/cloud/spring-cloud-starter-netflix-archaius/2.0.1.RELEASE/spring-cloud-starter-netflix-archaius-2.0.1.RELEASE.jar:/root/./workspace/tomekceszke/ml-login/419878079/.m2/com/netflix/archaius/archaius-core/0.7.6/archaius-core-0.7.6.jar:/root/./workspace/tomekceszke/ml-login/419878079/.m2/com/google/code/findbugs/jsr305/3.0.1/jsr305-3.0.1.jar:/root/./workspace/tomekceszke/ml-login/419878079/.m2/commons-configuration/commons-configuration/1.8/commons-configuration-1.8.jar:/root/./workspace/tomekceszke/ml-login/419878079/.m2/com/netflix/ribbon/ribbon/2.2.5/ribbon-2.2.5.jar:/root/./workspace/tomekceszke/ml-login/419878079/.m2/com/netflix/ribbon/ribbon-transport/2.2.5/ribbon-transport-2.2.5.jar:/root/./workspace/tomekceszke/ml-login/419878079/.m2/io/reactivex/rxnetty-contexts/0.4.9/rxnetty-contexts-0.4.9.jar:/root/./workspace/tomekceszke/ml-login/419878079/.m2/io/reactivex/rxnetty-servo/0.4.9/rxnetty-servo-0.4.9.jar:/root/./workspace/tomekceszke/ml-login/419878079/.m2/com/netflix/hystrix/hystrix-core/1.5.12/hystrix-core-1.5.12.jar:/root/./workspace/tomekceszke/ml-login/419878079/.m2/org/hdrhistogram/HdrHistogram/2.1.9/HdrHistogram-2.1.9.jar:/root/./workspace/tomekceszke/ml-login/419878079/.m2/javax/inject/javax.inject/1/javax.inject-1.jar:/root/./workspace/tomekceszke/ml-login/419878079/.m2/io/reactivex/rxnetty/0.4.9/rxnetty-0.4.9.jar:/root/./workspace/tomekceszke/ml-login/419878079/.m2/io/netty/netty-codec-http/4.1.27.Final/netty-codec-http-4.1.27.Final.jar:/root/./workspace/tomekceszke/ml-login/419878079/.m2/io/netty/netty-codec/4.1.27.Final/netty-codec-4.1.27.Final.jar:/root/./workspace/tomekceszke/ml-login/419878079/.m2/io/netty/netty-transport-native-epoll/4.1.27.Final/netty-transport-native-epoll-4.1.27.Final.jar:/root/./workspace/tomekceszke/ml-login/419878079/.m2/io/netty/netty-common/4.1.27.Final/netty-common-4.1.27.Final.jar:/root/./workspace/tomekceszke/ml-login/419878079/.m2/io/netty/netty-buffer/4.1.27.Final/netty-buffer-4.1.27.Final.jar:/root/./workspace/tomekceszke/ml-login/419878079/.m2/io/netty/netty-transport-native-unix-common/4.1.27.Final/netty-transport-native-unix-common-4.1.27.Final.jar:/root/./workspace/tomekceszke/ml-login/419878079/.m2/io/netty/netty-transport/4.1.27.Final/netty-transport-4.1.27.Final.jar:/root/./workspace/tomekceszke/ml-login/419878079/.m2/io/netty/netty-resolver/4.1.27.Final/netty-resolver-4.1.27.Final.jar:/root/./workspace/tomekceszke/ml-login/419878079/.m2/com/google/guava/guava/16.0.1/guava-16.0.1.jar:/root/./workspace/tomekceszke/ml-login/419878079/.m2/com/netflix/ribbon/ribbon-core/2.2.5/ribbon-core-2.2.5.jar:/root/./workspace/tomekceszke/ml-login/419878079/.m2/commons-lang/commons-lang/2.6/commons-lang-2.6.jar:/root/./workspace/tomekceszke/ml-login/419878079/.m2/com/netflix/ribbon/ribbon-httpclient/2.2.5/ribbon-httpclient-2.2.5.jar:/root/./workspace/tomekceszke/ml-login/419878079/.m2/commons-collections/commons-collections/3.2.2/commons-collections-3.2.2.jar:/root/./workspace/tomekceszke/ml-login/419878079/.m2/org/apache/httpcomponents/httpclient/4.5.6/httpclient-4.5.6.jar:/root/./workspace/tomekceszke/ml-login/419878079/.m2/org/apache/httpcomponents/httpcore/4.4.10/httpcore-4.4.10.jar:/root/./workspace/tomekceszke/ml-login/419878079/.m2/commons-codec/commons-codec/1.11/commons-codec-1.11.jar:/root/./workspace/tomekceszke/ml-login/419878079/.m2/com/sun/jersey/jersey-client/1.19.1/jersey-client-1.19.1.jar:/root/./workspace/tomekceszke/ml-login/419878079/.m2/com/sun/jersey/jersey-core/1.19.1/jersey-core-1.19.1.jar:/root/./workspace/tomekceszke/ml-login/419878079/.m2/javax/ws/rs/jsr311-api/1.1.1/jsr311-api-1.1.1.jar:/root/./workspace/tomekceszke/ml-login/419878079/.m2/com/sun/jersey/contribs/jersey-apache-client4/1.19.1/jersey-apache-client4-1.19.1.jar:/root/./workspace/tomekceszke/ml-login/419878079/.m2/com/netflix/servo/servo-core/0.12.21/servo-core-0.12.21.jar:/root/./workspace/tomekceszke/ml-login/419878079/.m2/com/netflix/netflix-commons/netflix-commons-util/0.3.0/netflix-commons-util-0.3.0.jar:/root/./workspace/tomekceszke/ml-login/419878079/.m2/com/netflix/ribbon/ribbon-loadbalancer/2.2.5/ribbon-loadbalancer-2.2.5.jar:/root/./workspace/tomekceszke/ml-login/419878079/.m2/com/netflix/netflix-commons/netflix-statistics/0.1.1/netflix-statistics-0.1.1.jar:/root/./workspace/tomekceszke/ml-login/419878079/.m2/io/reactivex/rxjava/1.3.8/rxjava-1.3.8.jar:/root/./workspace/tomekceszke/ml-login/419878079/.m2/org/springframework/cloud/spring-cloud-starter-openfeign/2.0.1.RELEASE/spring-cloud-starter-openfeign-2.0.1.RELEASE.jar:/root/./workspace/tomekceszke/ml-login/419878079/.m2/org/springframework/cloud/spring-cloud-openfeign-core/2.0.1.RELEASE/spring-cloud-openfeign-core-2.0.1.RELEASE.jar:/root/./workspace/tomekceszke/ml-login/419878079/.m2/org/springframework/boot/spring-boot-starter-aop/2.0.4.RELEASE/spring-boot-starter-aop-2.0.4.RELEASE.jar:/root/./workspace/tomekceszke/ml-login/419878079/.m2/org/aspectj/aspectjweaver/1.8.13/aspectjweaver-1.8.13.jar:/root/./workspace/tomekceszke/ml-login/419878079/.m2/org/springframework/cloud/spring-cloud-commons/2.0.1.RELEASE/spring-cloud-commons-2.0.1.RELEASE.jar:/root/./workspace/tomekceszke/ml-login/419878079/.m2/org/springframework/security/spring-security-crypto/5.0.7.RELEASE/spring-security-crypto-5.0.7.RELEASE.jar:/root/./workspace/tomekceszke/ml-login/419878079/.m2/io/github/openfeign/feign-core/9.5.1/feign-core-9.5.1.jar:/root/./workspace/tomekceszke/ml-login/419878079/.m2/io/github/openfeign/feign-slf4j/9.5.1/feign-slf4j-9.5.1.jar:/root/./workspace/tomekceszke/ml-login/419878079/.m2/io/github/openfeign/feign-hystrix/9.5.1/feign-hystrix-9.5.1.jar:/root/./workspace/tomekceszke/ml-login/419878079/.m2/io/github/openfeign/feign-java8/9.5.1/feign-java8-9.5.1.jar:/root/./workspace/tomekceszke/ml-login/419878079/.m2/org/springframework/boot/spring-boot-devtools/2.0.4.RELEASE/spring-boot-devtools-2.0.4.RELEASE.jar:/root/./workspace/tomekceszke/ml-login/419878079/.m2/org/springframework/boot/spring-boot/2.0.4.RELEASE/spring-boot-2.0.4.RELEASE.jar:/root/./workspace/tomekceszke/ml-login/419878079/.m2/org/springframework/boot/spring-boot-autoconfigure/2.0.4.RELEASE/spring-boot-autoconfigure-2.0.4.RELEASE.jar:/root/./workspace/tomekceszke/ml-login/419878079/.m2/org/springframework/boot/spring-boot-starter-test/2.0.4.RELEASE/spring-boot-starter-test-2.0.4.RELEASE.jar:/root/./workspace/tomekceszke/ml-login/419878079/.m2/org/springframework/boot/spring-boot-test/2.0.4.RELEASE/spring-boot-test-2.0.4.RELEASE.jar:/root/./workspace/tomekceszke/ml-login/419878079/.m2/org/springframework/boot/spring-boot-test-autoconfigure/2.0.4.RELEASE/spring-boot-test-autoconfigure-2.0.4.RELEASE.jar:/root/./workspace/tomekceszke/ml-login/419878079/.m2/com/jayway/jsonpath/json-path/2.4.0/json-path-2.4.0.jar:/root/./workspace/tomekceszke/ml-login/419878079/.m2/net/minidev/json-smart/2.3/json-smart-2.3.jar:/root/./workspace/tomekceszke/ml-login/419878079/.m2/net/minidev/accessors-smart/1.2/accessors-smart-1.2.jar:/root/./workspace/tomekceszke/ml-login/419878079/.m2/org/ow2/asm/asm/5.0.4/asm-5.0.4.jar:/root/./workspace/tomekceszke/ml-login/419878079/.m2/junit/junit/4.12/junit-4.12.jar:/root/./workspace/tomekceszke/ml-login/419878079/.m2/org/assertj/assertj-core/3.9.1/assertj-core-3.9.1.jar:/root/./workspace/tomekceszke/ml-login/419878079/.m2/org/mockito/mockito-core/2.15.0/mockito-core-2.15.0.jar:/root/./workspace/tomekceszke/ml-login/419878079/.m2/net/bytebuddy/byte-buddy/1.7.11/byte-buddy-1.7.11.jar:/root/./workspace/tomekceszke/ml-login/419878079/.m2/net/bytebuddy/byte-buddy-agent/1.7.11/byte-buddy-agent-1.7.11.jar:/root/./workspace/tomekceszke/ml-login/419878079/.m2/org/objenesis/objenesis/2.6/objenesis-2.6.jar:/root/./workspace/tomekceszke/ml-login/419878079/.m2/org/hamcrest/hamcrest-core/1.3/hamcrest-core-1.3.jar:/root/./workspace/tomekceszke/ml-login/419878079/.m2/org/hamcrest/hamcrest-library/1.3/hamcrest-library-1.3.jar:/root/./workspace/tomekceszke/ml-login/419878079/.m2/org/skyscreamer/jsonassert/1.5.0/jsonassert-1.5.0.jar:/root/./workspace/tomekceszke/ml-login/419878079/.m2/com/vaadin/external/google/android-json/0.0.20131108.vaadin1/android-json-0.0.20131108.vaadin1.jar:/root/./workspace/tomekceszke/ml-login/419878079/.m2/org/springframework/spring-core/5.0.8.RELEASE/spring-core-5.0.8.RELEASE.jar:/root/./workspace/tomekceszke/ml-login/419878079/.m2/org/springframework/spring-jcl/5.0.8.RELEASE/spring-jcl-5.0.8.RELEASE.jar:/root/./workspace/tomekceszke/ml-login/419878079/.m2/org/springframework/spring-test/5.0.8.RELEASE/spring-test-5.0.8.RELEASE.jar:/root/./workspace/tomekceszke/ml-login/419878079/.m2/org/xmlunit/xmlunit-core/2.5.1/xmlunit-core-2.5.1.jar:/root/./workspace/tomekceszke/ml-login/419878079/.m2/org/springframework/security/spring-security-test/5.0.7.RELEASE/spring-security-test-5.0.7.RELEASE.jar:/root/./workspace/tomekceszke/ml-login/419878079/.m2/org/springframework/security/spring-security-core/5.0.7.RELEASE/spring-security-core-5.0.7.RELEASE.jar:/root/./workspace/tomekceszke/ml-login/419878079/.m2/org/projectlombok/lombok/1.18.0/lombok-1.18.0.jar:, user.name=root, skipITs=true, java.vm.specification.version=1.8, sun.java.command=/root/workspace/tomekceszke/ml-login/419878079/login-service/target/surefire/surefirebooter7595621666333085063.jar /root/workspace/tomekceszke/ml-login/419878079/login-service/target/surefire 2018-08-24T00-38-03_073-jvmRun1 surefire2857019015516112711tmp surefire_36253622252613806355tmp, java.home=/usr/lib/jvm/java-8-openjdk-amd64/jre, sun.arch.data.model=64, user.language=en, java.specification.vendor=Oracle Corporation, dependency-check.skip=true, awt.toolkit=sun.awt.X11.XToolkit, java.vm.info=mixed mode, java.version=1.8.0_121, java.ext.dirs=/usr/lib/jvm/java-8-openjdk-amd64/jre/lib/ext:/usr/java/packages/lib/ext, sun.boot.class.path=/usr/lib/jvm/java-8-openjdk-amd64/jre/lib/resources.jar:/usr/lib/jvm/java-8-openjdk-amd64/jre/lib/rt.jar:/usr/lib/jvm/java-8-openjdk-amd64/jre/lib/sunrsasign.jar:/usr/lib/jvm/java-8-openjdk-amd64/jre/lib/jsse.jar:/usr/lib/jvm/java-8-openjdk-amd64/jre/lib/jce.jar:/usr/lib/jvm/java-8-openjdk-amd64/jre/lib/charsets.jar:/usr/lib/jvm/java-8-openjdk-amd64/jre/lib/jfr.jar:/usr/lib/jvm/java-8-openjdk-amd64/jre/classes, rat.skip=true, enforcer.skip=true, java.vendor=Oracle Corporation, localRepository=/root/./workspace/tomekceszke/ml-login/419878079/.m2, file.separator=/, java.vendor.url.bug=http://bugreport.sun.com/bugreport/, sun.io.unicode.encoding=UnicodeLittle, sun.cpu.endian=little, sun.cpu.isalist=}}, SystemEnvironmentPropertySource@857068247 {name='systemEnvironment', properties={PATH=/usr/local/sbin:/usr/local/bin:/usr/sbin:/usr/bin:/sbin:/bin, JAVA_HOME=/usr/lib/jvm/java-8-openjdk-amd64, NOTIFY_TO=, CA_CERTIFICATES_JAVA_VERSION=20161107~bpo8+1, MONGODB_HOST=, BUILD_ID=, LANG=C.UTF-8, MAVEN_HOME=/usr/share/maven, SMTP_SERVER=, MONGODB_NAME=, REPAIR_MODE=repair, PWD=/root/workspace/tomekceszke/ml-login/419878079/login-service, JAVA_VERSION=8u121, GITHUB_OAUTH=, MAVEN_CMD_LINE_ARGS=/root/.m2 -B -D enforcer.skip=true -D dependency-check.skip=true -D skipITs=true -D cobertura.skip=true -D maven.repo.local=/root/./workspace/tomekceszke/ml-login/419878079/.m2 -D rat.skip=true -D findbugs.skip=true -D skip.bower=true -D gpg.skip=true -D checkstyle.skip=true -D skip.gulp=true -D license.skip=true -D skip.npm=true test, _=/usr/bin/java, OUTPUT=, MAVEN_TERMINATE_CMD=on, MAVEN_CONFIG=/root/.m2, MAVEN_PROJECTBASEDIR=/root/workspace/tomekceszke/ml-login/419878079, OLDPWD=/root/workspace/tomekceszke/ml-login/419878079/login-service, LOG_FILENAME=repairnator-pipeline_2018-08-24_0034_419878079_6927fb33-1ea7-4003-9018-b027a8f8f5e3, RUN_ID=, HOSTNAME=cyclone1, JAVA_DEBIAN_VERSION=8u121-b13-1~bpo8+1, M2_HOME=/usr/share/maven, REPAIR_TOOLS=AssertFixer, HOME=/root, SHLVL=1, PUSH_URL=}}]
00:38:48.675 [main] DEBUG org.springframework.test.context.support.TestPropertySourceUtils - Adding inlined properties to environment: {spring.jmx.enabled=false, org.springframework.boot.test.context.SpringBootTestContextBootstrapper=true, server.port=-1}
00:38:48.675 [main] DEBUG org.springframework.core.env.StandardEnvironment - Adding PropertySource 'Inlined Test Properties' with highest search precedence
&amp#27;[2m2018-08-24 00:38:49.855&amp#27;[0;39m &amp#27;[32m INFO&amp#27;[0;39m &amp#27;[35m479&amp#27;[0;39m &amp#27;[2m---&amp#27;[0;39m &amp#27;[2m[           main]&amp#27;[0;39m &amp#27;[36ms.c.a.AnnotationConfigApplicationContext&amp#27;[0;39m &amp#27;[2m:&amp#27;[0;39m Refreshing org.springframework.context.annotation.AnnotationConfigApplicationContext@b978d10: startup date [Fri Aug 24 00:38:49 CEST 2018]; root of context hierarchy
&amp#27;[2m2018-08-24 00:38:50.367&amp#27;[0;39m &amp#27;[32m INFO&amp#27;[0;39m &amp#27;[35m479&amp#27;[0;39m &amp#27;[2m---&amp#27;[0;39m &amp#27;[2m[           main]&amp#27;[0;39m &amp#27;[36mf.a.AutowiredAnnotationBeanPostProcessor&amp#27;[0;39m &amp#27;[2m:&amp#27;[0;39m JSR-330 'javax.inject.Inject' annotation found and supported for autowiring
&amp#27;[2m2018-08-24 00:38:50.437&amp#27;[0;39m &amp#27;[32m INFO&amp#27;[0;39m &amp#27;[35m479&amp#27;[0;39m &amp#27;[2m---&amp#27;[0;39m &amp#27;[2m[           main]&amp#27;[0;39m &amp#27;[36mtrationDelegate$BeanPostProcessorChecker&amp#27;[0;39m &amp#27;[2m:&amp#27;[0;39m Bean 'configurationPropertiesRebinderAutoConfiguration' of type [org.springframework.cloud.autoconfigure.ConfigurationPropertiesRebinderAutoConfiguration$$EnhancerBySpringCGLIB$$aaad6b01] is not eligible for getting processed by all BeanPostProcessors (for example: not eligible for auto-proxying)

  .   ____          _            __ _ _
 /\\ / ___'_ __ _ _(_)_ __  __ _ \ \ \ \
( ( )\___ | '_ | '_| | '_ \/ _` | \ \ \ \
 \\/  ___)| |_)| | | | | || (_| |  ) ) ) )
  '  |____| .__|_| |_|_| |_\__, | / / / /
 =========|_|==============|___/=/_/_/_/
&amp#27;[32m :: Spring Boot :: &amp#27;[39m      &amp#27;[2m (v2.0.4.RELEASE)&amp#27;[0;39m

&amp#27;[2m2018-08-24 00:38:50.955&amp#27;[0;39m &amp#27;[32mDEBUG&amp#27;[0;39m &amp#27;[35m479&amp#27;[0;39m &amp#27;[2m---&amp#27;[0;39m &amp#27;[2m[           main]&amp#27;[0;39m &amp#27;[36mo.s.w.c.s.StandardServletEnvironment    &amp#27;[0;39m &amp#27;[2m:&amp#27;[0;39m Adding PropertySource 'servletConfigInitParams' with lowest search precedence
&amp#27;[2m2018-08-24 00:38:50.955&amp#27;[0;39m &amp#27;[32mDEBUG&amp#27;[0;39m &amp#27;[35m479&amp#27;[0;39m &amp#27;[2m---&amp#27;[0;39m &amp#27;[2m[           main]&amp#27;[0;39m &amp#27;[36mo.s.w.c.s.StandardServletEnvironment    &amp#27;[0;39m &amp#27;[2m:&amp#27;[0;39m Adding PropertySource 'servletContextInitParams' with lowest search precedence
&amp#27;[2m2018-08-24 00:38:50.959&amp#27;[0;39m &amp#27;[32mDEBUG&amp#27;[0;39m &amp#27;[35m479&amp#27;[0;39m &amp#27;[2m---&amp#27;[0;39m &amp#27;[2m[           main]&amp#27;[0;39m &amp#27;[36mo.s.w.c.s.StandardServletEnvironment    &amp#27;[0;39m &amp#27;[2m:&amp#27;[0;39m Adding PropertySource 'systemProperties' with lowest search precedence
&amp#27;[2m2018-08-24 00:38:50.960&amp#27;[0;39m &amp#27;[32mDEBUG&amp#27;[0;39m &amp#27;[35m479&amp#27;[0;39m &amp#27;[2m---&amp#27;[0;39m &amp#27;[2m[           main]&amp#27;[0;39m &amp#27;[36mo.s.w.c.s.StandardServletEnvironment    &amp#27;[0;39m &amp#27;[2m:&amp#27;[0;39m Adding PropertySource 'systemEnvironment' with lowest search precedence
&amp#27;[2m2018-08-24 00:38:50.960&amp#27;[0;39m &amp#27;[32mDEBUG&amp#27;[0;39m &amp#27;[35m479&amp#27;[0;39m &amp#27;[2m---&amp#27;[0;39m &amp#27;[2m[           main]&amp#27;[0;39m &amp#27;[36mo.s.w.c.s.StandardServletEnvironment    &amp#27;[0;39m &amp#27;[2m:&amp#27;[0;39m Initialized StandardServletEnvironment with PropertySources [StubPropertySource {name='servletConfigInitParams'}, StubPropertySource {name='servletContextInitParams'}, MapPropertySource {name='systemProperties'}, SystemEnvironmentPropertySource {name='systemEnvironment'}]
&amp#27;[2m2018-08-24 00:38:51.026&amp#27;[0;39m &amp#27;[32m INFO&amp#27;[0;39m &amp#27;[35m479&amp#27;[0;39m &amp#27;[2m---&amp#27;[0;39m &amp#27;[2m[           main]&amp#27;[0;39m &amp#27;[36mc.c.c.ConfigServicePropertySourceLocator&amp#27;[0;39m &amp#27;[2m:&amp#27;[0;39m Fetching config from server at : http://localhost:8888
&amp#27;[2m2018-08-24 00:38:51.152&amp#27;[0;39m &amp#27;[32mDEBUG&amp#27;[0;39m &amp#27;[35m479&amp#27;[0;39m &amp#27;[2m---&amp#27;[0;39m &amp#27;[2m[           main]&amp#27;[0;39m &amp#27;[36mo.s.web.client.RestTemplate             &amp#27;[0;39m &amp#27;[2m:&amp#27;[0;39m Created GET request for "http://localhost:8888/login-service/default"
&amp#27;[2m2018-08-24 00:38:51.293&amp#27;[0;39m &amp#27;[32mDEBUG&amp#27;[0;39m &amp#27;[35m479&amp#27;[0;39m &amp#27;[2m---&amp#27;[0;39m &amp#27;[2m[           main]&amp#27;[0;39m &amp#27;[36mo.s.web.client.RestTemplate             &amp#27;[0;39m &amp#27;[2m:&amp#27;[0;39m Setting request Accept header to [application/json, application/*+json]
&amp#27;[2m2018-08-24 00:38:51.302&amp#27;[0;39m &amp#27;[32m INFO&amp#27;[0;39m &amp#27;[35m479&amp#27;[0;39m &amp#27;[2m---&amp#27;[0;39m &amp#27;[2m[           main]&amp#27;[0;39m &amp#27;[36mc.c.c.ConfigServicePropertySourceLocator&amp#27;[0;39m &amp#27;[2m:&amp#27;[0;39m Connect Timeout Exception on Url - http://localhost:8888. Will be trying the next url if available
&amp#27;[2m2018-08-24 00:38:51.303&amp#27;[0;39m &amp#27;[33m WARN&amp#27;[0;39m &amp#27;[35m479&amp#27;[0;39m &amp#27;[2m---&amp#27;[0;39m &amp#27;[2m[           main]&amp#27;[0;39m &amp#27;[36mc.c.c.ConfigServicePropertySourceLocator&amp#27;[0;39m &amp#27;[2m:&amp#27;[0;39m Could not locate PropertySource: I/O error on GET request for "http://localhost:8888/login-service/default": Connection refused (Connection refused); nested exception is java.net.ConnectException: Connection refused (Connection refused)
&amp#27;[2m2018-08-24 00:38:51.325&amp#27;[0;39m &amp#27;[32m INFO&amp#27;[0;39m &amp#27;[35m479&amp#27;[0;39m &amp#27;[2m---&amp#27;[0;39m &amp#27;[2m[           main]&amp#27;[0;39m &amp#27;[36mc.c.s.mllogin.login.LoginControllerTest &amp#27;[0;39m &amp#27;[2m:&amp#27;[0;39m No active profile set, falling back to default profiles: default
&amp#27;[2m2018-08-24 00:38:51.343&amp#27;[0;39m &amp#27;[32m INFO&amp#27;[0;39m &amp#27;[35m479&amp#27;[0;39m &amp#27;[2m---&amp#27;[0;39m &amp#27;[2m[           main]&amp#27;[0;39m &amp#27;[36mo.s.w.c.s.GenericWebApplicationContext  &amp#27;[0;39m &amp#27;[2m:&amp#27;[0;39m Refreshing org.springframework.web.context.support.GenericWebApplicationContext@3234f74e: startup date [Fri Aug 24 00:38:51 CEST 2018]; parent: org.springframework.context.annotation.AnnotationConfigApplicationContext@b978d10
&amp#27;[2m2018-08-24 00:38:51.345&amp#27;[0;39m &amp#27;[32mDEBUG&amp#27;[0;39m &amp#27;[35m479&amp#27;[0;39m &amp#27;[2m---&amp#27;[0;39m &amp#27;[2m[           main]&amp#27;[0;39m &amp#27;[36mo.s.w.c.s.GenericWebApplicationContext  &amp#27;[0;39m &amp#27;[2m:&amp#27;[0;39m Bean factory for org.springframework.web.context.support.GenericWebApplicationContext@3234f74e: org.springframework.beans.factory.support.DefaultListableBeanFactory@664a9613: defining beans [org.springframework.boot.test.mock.mockito.MockitoPostProcessor$SpyPostProcessor,org.springframework.boot.test.mock.mockito.MockitoPostProcessor,org.springframework.context.annotation.internalConfigurationAnnotationProcessor,org.springframework.context.annotation.internalAutowiredAnnotationProcessor,org.springframework.context.annotation.internalRequiredAnnotationProcessor,org.springframework.context.annotation.internalCommonAnnotationProcessor,org.springframework.context.event.internalEventListenerProcessor,org.springframework.context.event.internalEventListenerFactory,loginApplication]; parent: org.springframework.beans.factory.support.DefaultListableBeanFactory@6a55299e
&amp#27;[2m2018-08-24 00:38:52.918&amp#27;[0;39m &amp#27;[32m INFO&amp#27;[0;39m &amp#27;[35m479&amp#27;[0;39m &amp#27;[2m---&amp#27;[0;39m &amp#27;[2m[           main]&amp#27;[0;39m &amp#27;[36mo.s.cloud.context.scope.GenericScope    &amp#27;[0;39m &amp#27;[2m:&amp#27;[0;39m BeanFactory id=e98e2bd9-8f25-350c-9a70-aea0948b56c7
&amp#27;[2m2018-08-24 00:38:53.068&amp#27;[0;39m &amp#27;[32m INFO&amp#27;[0;39m &amp#27;[35m479&amp#27;[0;39m &amp#27;[2m---&amp#27;[0;39m &amp#27;[2m[           main]&amp#27;[0;39m &amp#27;[36mf.a.AutowiredAnnotationBeanPostProcessor&amp#27;[0;39m &amp#27;[2m:&amp#27;[0;39m JSR-330 'javax.inject.Inject' annotation found and supported for autowiring
&amp#27;[2m2018-08-24 00:38:53.226&amp#27;[0;39m &amp#27;[32m INFO&amp#27;[0;39m &amp#27;[35m479&amp#27;[0;39m &amp#27;[2m---&amp#27;[0;39m &amp#27;[2m[           main]&amp#27;[0;39m &amp#27;[36mtrationDelegate$BeanPostProcessorChecker&amp#27;[0;39m &amp#27;[2m:&amp#27;[0;39m Bean 'org.springframework.cloud.autoconfigure.ConfigurationPropertiesRebinderAutoConfiguration' of type [org.springframework.cloud.autoconfigure.ConfigurationPropertiesRebinderAutoConfiguration$$EnhancerBySpringCGLIB$$aaad6b01] is not eligible for getting processed by all BeanPostProcessors (for example: not eligible for auto-proxying)
&amp#27;[2m2018-08-24 00:38:53.234&amp#27;[0;39m &amp#27;[32mDEBUG&amp#27;[0;39m &amp#27;[35m479&amp#27;[0;39m &amp#27;[2m---&amp#27;[0;39m &amp#27;[2m[           main]&amp#27;[0;39m &amp#27;[36mo.s.w.c.s.GenericWebApplicationContext  &amp#27;[0;39m &amp#27;[2m:&amp#27;[0;39m Unable to locate MessageSource with name 'messageSource': using default [org.springframework.context.support.DelegatingMessageSource@11e33bac]
&amp#27;[2m2018-08-24 00:38:53.234&amp#27;[0;39m &amp#27;[32mDEBUG&amp#27;[0;39m &amp#27;[35m479&amp#27;[0;39m &amp#27;[2m---&amp#27;[0;39m &amp#27;[2m[           main]&amp#27;[0;39m &amp#27;[36mo.s.w.c.s.GenericWebApplicationContext  &amp#27;[0;39m &amp#27;[2m:&amp#27;[0;39m Unable to locate ApplicationEventMulticaster with name 'applicationEventMulticaster': using default [org.springframework.context.event.SimpleApplicationEventMulticaster@30501e60]
&amp#27;[2m2018-08-24 00:38:53.503&amp#27;[0;39m &amp#27;[32m INFO&amp#27;[0;39m &amp#27;[35m479&amp#27;[0;39m &amp#27;[2m---&amp#27;[0;39m &amp#27;[2m[           main]&amp#27;[0;39m &amp#27;[36ms.c.a.AnnotationConfigApplicationContext&amp#27;[0;39m &amp#27;[2m:&amp#27;[0;39m Refreshing FeignContext-ml-validator-service: startup date [Fri Aug 24 00:38:53 CEST 2018]; parent: org.springframework.web.context.support.GenericWebApplicationContext@3234f74e
&amp#27;[2m2018-08-24 00:38:53.569&amp#27;[0;39m &amp#27;[32m INFO&amp#27;[0;39m &amp#27;[35m479&amp#27;[0;39m &amp#27;[2m---&amp#27;[0;39m &amp#27;[2m[           main]&amp#27;[0;39m &amp#27;[36mf.a.AutowiredAnnotationBeanPostProcessor&amp#27;[0;39m &amp#27;[2m:&amp#27;[0;39m JSR-330 'javax.inject.Inject' annotation found and supported for autowiring
&amp#27;[2m2018-08-24 00:38:53.707&amp#27;[0;39m &amp#27;[32mDEBUG&amp#27;[0;39m &amp#27;[35m479&amp#27;[0;39m &amp#27;[2m---&amp#27;[0;39m &amp#27;[2m[           main]&amp#27;[0;39m &amp#27;[36mo.s.w.s.resource.ResourceUrlProvider    &amp#27;[0;39m &amp#27;[2m:&amp#27;[0;39m Looking for resource handler mappings
&amp#27;[2m2018-08-24 00:38:53.707&amp#27;[0;39m &amp#27;[32mDEBUG&amp#27;[0;39m &amp#27;[35m479&amp#27;[0;39m &amp#27;[2m---&amp#27;[0;39m &amp#27;[2m[           main]&amp#27;[0;39m &amp#27;[36mo.s.w.s.resource.ResourceUrlProvider    &amp#27;[0;39m &amp#27;[2m:&amp#27;[0;39m No resource handling mappings found
&amp#27;[2m2018-08-24 00:38:54.564&amp#27;[0;39m &amp#27;[32mDEBUG&amp#27;[0;39m &amp#27;[35m479&amp#27;[0;39m &amp#27;[2m---&amp#27;[0;39m &amp#27;[2m[           main]&amp#27;[0;39m &amp#27;[36medFilterInvocationSecurityMetadataSource&amp#27;[0;39m &amp#27;[2m:&amp#27;[0;39m Adding web access control expression 'anonymous', for Ant [pattern='/login*']
&amp#27;[2m2018-08-24 00:38:54.566&amp#27;[0;39m &amp#27;[32mDEBUG&amp#27;[0;39m &amp#27;[35m479&amp#27;[0;39m &amp#27;[2m---&amp#27;[0;39m &amp#27;[2m[           main]&amp#27;[0;39m &amp#27;[36medFilterInvocationSecurityMetadataSource&amp#27;[0;39m &amp#27;[2m:&amp#27;[0;39m Adding web access control expression 'permitAll', for Ant [pattern='/css/**']
&amp#27;[2m2018-08-24 00:38:54.567&amp#27;[0;39m &amp#27;[32mDEBUG&amp#27;[0;39m &amp#27;[35m479&amp#27;[0;39m &amp#27;[2m---&amp#27;[0;39m &amp#27;[2m[           main]&amp#27;[0;39m &amp#27;[36medFilterInvocationSecurityMetadataSource&amp#27;[0;39m &amp#27;[2m:&amp#27;[0;39m Adding web access control expression 'permitAll', for Ant [pattern='/js/**']
&amp#27;[2m2018-08-24 00:38:54.567&amp#27;[0;39m &amp#27;[32mDEBUG&amp#27;[0;39m &amp#27;[35m479&amp#27;[0;39m &amp#27;[2m---&amp#27;[0;39m &amp#27;[2m[           main]&amp#27;[0;39m &amp#27;[36medFilterInvocationSecurityMetadataSource&amp#27;[0;39m &amp#27;[2m:&amp#27;[0;39m Adding web access control expression 'permitAll', for Ant [pattern='/favicon.ico']
&amp#27;[2m2018-08-24 00:38:54.567&amp#27;[0;39m &amp#27;[32mDEBUG&amp#27;[0;39m &amp#27;[35m479&amp#27;[0;39m &amp#27;[2m---&amp#27;[0;39m &amp#27;[2m[           main]&amp#27;[0;39m &amp#27;[36medFilterInvocationSecurityMetadataSource&amp#27;[0;39m &amp#27;[2m:&amp#27;[0;39m Adding web access control expression 'permitAll', for Ant [pattern='/error']
&amp#27;[2m2018-08-24 00:38:54.567&amp#27;[0;39m &amp#27;[32mDEBUG&amp#27;[0;39m &amp#27;[35m479&amp#27;[0;39m &amp#27;[2m---&amp#27;[0;39m &amp#27;[2m[           main]&amp#27;[0;39m &amp#27;[36medFilterInvocationSecurityMetadataSource&amp#27;[0;39m &amp#27;[2m:&amp#27;[0;39m Adding web access control expression 'authenticated', for org.springframework.security.web.util.matcher.AnyRequestMatcher@1
&amp#27;[2m2018-08-24 00:38:54.581&amp#27;[0;39m &amp#27;[32mDEBUG&amp#27;[0;39m &amp#27;[35m479&amp#27;[0;39m &amp#27;[2m---&amp#27;[0;39m &amp#27;[2m[           main]&amp#27;[0;39m &amp#27;[36mo.s.s.w.a.i.FilterSecurityInterceptor   &amp#27;[0;39m &amp#27;[2m:&amp#27;[0;39m Validated configuration attributes
&amp#27;[2m2018-08-24 00:38:54.583&amp#27;[0;39m &amp#27;[32mDEBUG&amp#27;[0;39m &amp#27;[35m479&amp#27;[0;39m &amp#27;[2m---&amp#27;[0;39m &amp#27;[2m[           main]&amp#27;[0;39m &amp#27;[36mo.s.s.w.a.i.FilterSecurityInterceptor   &amp#27;[0;39m &amp#27;[2m:&amp#27;[0;39m Validated configuration attributes
&amp#27;[2m2018-08-24 00:38:54.592&amp#27;[0;39m &amp#27;[32m INFO&amp#27;[0;39m &amp#27;[35m479&amp#27;[0;39m &amp#27;[2m---&amp#27;[0;39m &amp#27;[2m[           main]&amp#27;[0;39m &amp#27;[36mo.s.s.web.DefaultSecurityFilterChain    &amp#27;[0;39m &amp#27;[2m:&amp#27;[0;39m Creating filter chain: org.springframework.security.web.util.matcher.AnyRequestMatcher@1, [org.springframework.security.web.context.request.async.WebAsyncManagerIntegrationFilter@2e179f3e, org.springframework.security.web.context.SecurityContextPersistenceFilter@6a4ccef7, org.springframework.security.web.header.HeaderWriterFilter@10dc7d6, org.springframework.security.web.authentication.logout.LogoutFilter@36bf84e, com.ceszke.security.mllogin.security.MLUsernamePasswordAuthenticationFilter@16e7b402, org.springframework.security.web.savedrequest.RequestCacheAwareFilter@35eb4a3b, org.springframework.security.web.servletapi.SecurityContextHolderAwareRequestFilter@3a22bad6, org.springframework.security.web.authentication.AnonymousAuthenticationFilter@534c6767, org.springframework.security.web.session.SessionManagementFilter@7e744f43, org.springframework.security.web.access.ExceptionTranslationFilter@459b187a, org.springframework.security.web.access.intercept.FilterSecurityInterceptor@108a46d6]
&amp#27;[2m2018-08-24 00:38:54.597&amp#27;[0;39m &amp#27;[33m WARN&amp#27;[0;39m &amp#27;[35m479&amp#27;[0;39m &amp#27;[2m---&amp#27;[0;39m &amp#27;[2m[           main]&amp#27;[0;39m &amp#27;[36mo.s.s.c.a.web.builders.WebSecurity      &amp#27;[0;39m &amp#27;[2m:&amp#27;[0;39m 

********************************************************************
**********        Security debugging is enabled.       *************
**********    This may include sensitive information.  *************
**********      Do not use in a production system!     *************
********************************************************************


&amp#27;[2m2018-08-24 00:38:54.980&amp#27;[0;39m &amp#27;[33m WARN&amp#27;[0;39m &amp#27;[35m479&amp#27;[0;39m &amp#27;[2m---&amp#27;[0;39m &amp#27;[2m[           main]&amp#27;[0;39m &amp#27;[36mc.n.c.sources.URLConfigurationSource    &amp#27;[0;39m &amp#27;[2m:&amp#27;[0;39m No URLs will be polled as dynamic configuration sources.
&amp#27;[2m2018-08-24 00:38:54.981&amp#27;[0;39m &amp#27;[32m INFO&amp#27;[0;39m &amp#27;[35m479&amp#27;[0;39m &amp#27;[2m---&amp#27;[0;39m &amp#27;[2m[           main]&amp#27;[0;39m &amp#27;[36mc.n.c.sources.URLConfigurationSource    &amp#27;[0;39m &amp#27;[2m:&amp#27;[0;39m To enable URLs as dynamic configuration sources, define System property archaius.configurationSource.additionalUrls or make config.properties available on classpath.
&amp#27;[2m2018-08-24 00:38:54.992&amp#27;[0;39m &amp#27;[33m WARN&amp#27;[0;39m &amp#27;[35m479&amp#27;[0;39m &amp#27;[2m---&amp#27;[0;39m &amp#27;[2m[           main]&amp#27;[0;39m &amp#27;[36mc.n.c.sources.URLConfigurationSource    &amp#27;[0;39m &amp#27;[2m:&amp#27;[0;39m No URLs will be polled as dynamic configuration sources.
&amp#27;[2m2018-08-24 00:38:54.993&amp#27;[0;39m &amp#27;[32m INFO&amp#27;[0;39m &amp#27;[35m479&amp#27;[0;39m &amp#27;[2m---&amp#27;[0;39m &amp#27;[2m[           main]&amp#27;[0;39m &amp#27;[36mc.n.c.sources.URLConfigurationSource    &amp#27;[0;39m &amp#27;[2m:&amp#27;[0;39m To enable URLs as dynamic configuration sources, define System property archaius.configurationSource.additionalUrls or make config.properties available on classpath.
&amp#27;[2m2018-08-24 00:38:55.177&amp#27;[0;39m &amp#27;[32m INFO&amp#27;[0;39m &amp#27;[35m479&amp#27;[0;39m &amp#27;[2m---&amp#27;[0;39m &amp#27;[2m[           main]&amp#27;[0;39m &amp#27;[36mo.s.w.s.handler.SimpleUrlHandlerMapping &amp#27;[0;39m &amp#27;[2m:&amp#27;[0;39m Mapped URL path [/**/favicon.ico] onto handler of type [class org.springframework.web.servlet.resource.ResourceHttpRequestHandler]
&amp#27;[2m2018-08-24 00:38:55.481&amp#27;[0;39m &amp#27;[32m INFO&amp#27;[0;39m &amp#27;[35m479&amp#27;[0;39m &amp#27;[2m---&amp#27;[0;39m &amp#27;[2m[           main]&amp#27;[0;39m &amp#27;[36ms.w.s.m.m.a.RequestMappingHandlerAdapter&amp#27;[0;39m &amp#27;[2m:&amp#27;[0;39m Looking for @ControllerAdvice: org.springframework.web.context.support.GenericWebApplicationContext@3234f74e: startup date [Fri Aug 24 00:38:51 CEST 2018]; parent: org.springframework.context.annotation.AnnotationConfigApplicationContext@b978d10
&amp#27;[2m2018-08-24 00:38:55.593&amp#27;[0;39m &amp#27;[32mDEBUG&amp#27;[0;39m &amp#27;[35m479&amp#27;[0;39m &amp#27;[2m---&amp#27;[0;39m &amp#27;[2m[           main]&amp#27;[0;39m &amp#27;[36ms.w.s.m.m.a.RequestMappingHandlerMapping&amp#27;[0;39m &amp#27;[2m:&amp#27;[0;39m Looking for request mappings in application context: org.springframework.web.context.support.GenericWebApplicationContext@3234f74e: startup date [Fri Aug 24 00:38:51 CEST 2018]; parent: org.springframework.context.annotation.AnnotationConfigApplicationContext@b978d10
&amp#27;[2m2018-08-24 00:38:55.611&amp#27;[0;39m &amp#27;[32mDEBUG&amp#27;[0;39m &amp#27;[35m479&amp#27;[0;39m &amp#27;[2m---&amp#27;[0;39m &amp#27;[2m[           main]&amp#27;[0;39m &amp#27;[36ms.w.s.m.m.a.RequestMappingHandlerMapping&amp#27;[0;39m &amp#27;[2m:&amp#27;[0;39m 1 request handler methods found on class com.ceszke.security.mllogin.login.LoginController: {public java.lang.String com.ceszke.security.mllogin.login.LoginController.index(javax.servlet.http.HttpServletRequest,org.springframework.ui.Model,java.security.Principal)={[/],methods=[GET]}}
&amp#27;[2m2018-08-24 00:38:55.612&amp#27;[0;39m &amp#27;[32m INFO&amp#27;[0;39m &amp#27;[35m479&amp#27;[0;39m &amp#27;[2m---&amp#27;[0;39m &amp#27;[2m[           main]&amp#27;[0;39m &amp#27;[36ms.w.s.m.m.a.RequestMappingHandlerMapping&amp#27;[0;39m &amp#27;[2m:&amp#27;[0;39m Mapped "{[/],methods=[GET]}" onto public java.lang.String com.ceszke.security.mllogin.login.LoginController.index(javax.servlet.http.HttpServletRequest,org.springframework.ui.Model,java.security.Principal)
&amp#27;[2m2018-08-24 00:38:55.618&amp#27;[0;39m &amp#27;[32mDEBUG&amp#27;[0;39m &amp#27;[35m479&amp#27;[0;39m &amp#27;[2m---&amp#27;[0;39m &amp#27;[2m[           main]&amp#27;[0;39m &amp#27;[36ms.w.s.m.m.a.RequestMappingHandlerMapping&amp#27;[0;39m &amp#27;[2m:&amp#27;[0;39m 2 request handler methods found on class org.springframework.boot.autoconfigure.web.servlet.error.BasicErrorController: {public org.springframework.web.servlet.ModelAndView org.springframework.boot.autoconfigure.web.servlet.error.BasicErrorController.errorHtml(javax.servlet.http.HttpServletRequest,javax.servlet.http.HttpServletResponse)={[/error],produces=[text/html]}, public org.springframework.http.ResponseEntity org.springframework.boot.autoconfigure.web.servlet.error.BasicErrorController.error(javax.servlet.http.HttpServletRequest)={[/error]}}
&amp#27;[2m2018-08-24 00:38:55.619&amp#27;[0;39m &amp#27;[32m INFO&amp#27;[0;39m &amp#27;[35m479&amp#27;[0;39m &amp#27;[2m---&amp#27;[0;39m &amp#27;[2m[           main]&amp#27;[0;39m &amp#27;[36ms.w.s.m.m.a.RequestMappingHandlerMapping&amp#27;[0;39m &amp#27;[2m:&amp#27;[0;39m Mapped "{[/error],produces=[text/html]}" onto public org.springframework.web.servlet.ModelAndView org.springframework.boot.autoconfigure.web.servlet.error.BasicErrorController.errorHtml(javax.servlet.http.HttpServletRequest,javax.servlet.http.HttpServletResponse)
&amp#27;[2m2018-08-24 00:38:55.620&amp#27;[0;39m &amp#27;[32m INFO&amp#27;[0;39m &amp#27;[35m479&amp#27;[0;39m &amp#27;[2m---&amp#27;[0;39m &amp#27;[2m[           main]&amp#27;[0;39m &amp#27;[36ms.w.s.m.m.a.RequestMappingHandlerMapping&amp#27;[0;39m &amp#27;[2m:&amp#27;[0;39m Mapped "{[/error]}" onto public org.springframework.http.ResponseEntity<java.util.Map<java.lang.String, java.lang.Object>> org.springframework.boot.autoconfigure.web.servlet.error.BasicErrorController.error(javax.servlet.http.HttpServletRequest)
&amp#27;[2m2018-08-24 00:38:55.639&amp#27;[0;39m &amp#27;[32m INFO&amp#27;[0;39m &amp#27;[35m479&amp#27;[0;39m &amp#27;[2m---&amp#27;[0;39m &amp#27;[2m[           main]&amp#27;[0;39m &amp#27;[36mo.s.w.s.handler.SimpleUrlHandlerMapping &amp#27;[0;39m &amp#27;[2m:&amp#27;[0;39m Mapped URL path [/login] onto handler of type [class org.springframework.web.servlet.mvc.ParameterizableViewController]
&amp#27;[2m2018-08-24 00:38:55.653&amp#27;[0;39m &amp#27;[32mDEBUG&amp#27;[0;39m &amp#27;[35m479&amp#27;[0;39m &amp#27;[2m---&amp#27;[0;39m &amp#27;[2m[           main]&amp#27;[0;39m &amp#27;[36mo.s.w.s.h.BeanNameUrlHandlerMapping     &amp#27;[0;39m &amp#27;[2m:&amp#27;[0;39m Looking for URL mappings in application context: org.springframework.web.context.support.GenericWebApplicationContext@3234f74e: startup date [Fri Aug 24 00:38:51 CEST 2018]; parent: org.springframework.context.annotation.AnnotationConfigApplicationContext@b978d10
&amp#27;[2m2018-08-24 00:38:55.654&amp#27;[0;39m &amp#27;[32mDEBUG&amp#27;[0;39m &amp#27;[35m479&amp#27;[0;39m &amp#27;[2m---&amp#27;[0;39m &amp#27;[2m[           main]&amp#27;[0;39m &amp#27;[36mo.s.w.s.h.BeanNameUrlHandlerMapping     &amp#27;[0;39m &amp#27;[2m:&amp#27;[0;39m Rejected bean name 'org.springframework.boot.test.mock.mockito.MockitoPostProcessor$SpyPostProcessor': no URL paths identified
&amp#27;[2m2018-08-24 00:38:55.654&amp#27;[0;39m &amp#27;[32mDEBUG&amp#27;[0;39m &amp#27;[35m479&amp#27;[0;39m &amp#27;[2m---&amp#27;[0;39m &amp#27;[2m[           main]&amp#27;[0;39m &amp#27;[36mo.s.w.s.h.BeanNameUrlHandlerMapping     &amp#27;[0;39m &amp#27;[2m:&amp#27;[0;39m Rejected bean name 'org.springframework.boot.test.mock.mockito.MockitoPostProcessor': no URL paths identified
&amp#27;[2m2018-08-24 00:38:55.654&amp#27;[0;39m &amp#27;[32mDEBUG&amp#27;[0;39m &amp#27;[35m479&amp#27;[0;39m &amp#27;[2m---&amp#27;[0;39m &amp#27;[2m[           main]&amp#27;[0;39m &amp#27;[36mo.s.w.s.h.BeanNameUrlHandlerMapping     &amp#27;[0;39m &amp#27;[2m:&amp#27;[0;39m Rejected bean name 'org.springframework.context.annotation.internalConfigurationAnnotationProcessor': no URL paths identified
&amp#27;[2m2018-08-24 00:38:55.654&amp#27;[0;39m &amp#27;[32mDEBUG&amp#27;[0;39m &amp#27;[35m479&amp#27;[0;39m &amp#27;[2m---&amp#27;[0;39m &amp#27;[2m[           main]&amp#27;[0;39m &amp#27;[36mo.s.w.s.h.BeanNameUrlHandlerMapping     &amp#27;[0;39m &amp#27;[2m:&amp#27;[0;39m Rejected bean name 'org.springframework.context.annotation.internalAutowiredAnnotationProcessor': no URL paths identified
&amp#27;[2m2018-08-24 00:38:55.654&amp#27;[0;39m &amp#27;[32mDEBUG&amp#27;[0;39m &amp#27;[35m479&amp#27;[0;39m &amp#27;[2m---&amp#27;[0;39m &amp#27;[2m[           main]&amp#27;[0;39m &amp#27;[36mo.s.w.s.h.BeanNameUrlHandlerMapping     &amp#27;[0;39m &amp#27;[2m:&amp#27;[0;39m Rejected bean name 'org.springframework.context.annotation.internalRequiredAnnotationProcessor': no URL paths identified
&amp#27;[2m2018-08-24 00:38:55.655&amp#27;[0;39m &amp#27;[32mDEBUG&amp#27;[0;39m &amp#27;[35m479&amp#27;[0;39m &amp#27;[2m---&amp#27;[0;39m &amp#27;[2m[           main]&amp#27;[0;39m &amp#27;[36mo.s.w.s.h.BeanNameUrlHandlerMapping     &amp#27;[0;39m &amp#27;[2m:&amp#27;[0;39m Rejected bean name 'org.springframework.context.annotation.internalCommonAnnotationProcessor': no URL paths identified
&amp#27;[2m2018-08-24 00:38:55.655&amp#27;[0;39m &amp#27;[32mDEBUG&amp#27;[0;39m &amp#27;[35m479&amp#27;[0;39m &amp#27;[2m---&amp#27;[0;39m &amp#27;[2m[           main]&amp#27;[0;39m &amp#27;[36mo.s.w.s.h.BeanNameUrlHandlerMapping     &amp#27;[0;39m &amp#27;[2m:&amp#27;[0;39m Rejected bean name 'org.springframework.context.event.internalEventListenerProcessor': no URL paths identified
&amp#27;[2m2018-08-24 00:38:55.655&amp#27;[0;39m &amp#27;[32mDEBUG&amp#27;[0;39m &amp#27;[35m479&amp#27;[0;39m &amp#27;[2m---&amp#27;[0;39m &amp#27;[2m[           main]&amp#27;[0;39m &amp#27;[36mo.s.w.s.h.BeanNameUrlHandlerMapping     &amp#27;[0;39m &amp#27;[2m:&amp#27;[0;39m Rejected bean name 'org.springframework.context.event.internalEventListenerFactory': no URL paths identified
&amp#27;[2m2018-08-24 00:38:55.655&amp#27;[0;39m &amp#27;[32mDEBUG&amp#27;[0;39m &amp#27;[35m479&amp#27;[0;39m &amp#27;[2m---&amp#27;[0;39m &amp#27;[2m[           main]&amp#27;[0;39m &amp#27;[36mo.s.w.s.h.BeanNameUrlHandlerMapping     &amp#27;[0;39m &amp#27;[2m:&amp#27;[0;39m Rejected bean name 'loginApplication': no URL paths identified
&amp#27;[2m2018-08-24 00:38:55.655&amp#27;[0;39m &amp#27;[32mDEBUG&amp#27;[0;39m &amp#27;[35m479&amp#27;[0;39m &amp#27;[2m---&amp#27;[0;39m &amp#27;[2m[           main]&amp#27;[0;39m &amp#27;[36mo.s.w.s.h.BeanNameUrlHandlerMapping     &amp#27;[0;39m &amp#27;[2m:&amp#27;[0;39m Rejected bean name 'org.springframework.boot.autoconfigure.internalCachingMetadataReaderFactory': no URL paths identified
&amp#27;[2m2018-08-24 00:38:55.655&amp#27;[0;39m &amp#27;[32mDEBUG&amp#27;[0;39m &amp#27;[35m479&amp#27;[0;39m &amp#27;[2m---&amp#27;[0;39m &amp#27;[2m[           main]&amp#27;[0;39m &amp#27;[36mo.s.w.s.h.BeanNameUrlHandlerMapping     &amp#27;[0;39m &amp#27;[2m:&amp#27;[0;39m Rejected bean name 'mvcConfig': no URL paths identified
&amp#27;[2m2018-08-24 00:38:55.656&amp#27;[0;39m &amp#27;[32mDEBUG&amp#27;[0;39m &amp#27;[35m479&amp#27;[0;39m &amp#27;[2m---&amp#27;[0;39m &amp#27;[2m[           main]&amp#27;[0;39m &amp#27;[36mo.s.w.s.h.BeanNameUrlHandlerMapping     &amp#27;[0;39m &amp#27;[2m:&amp#27;[0;39m Rejected bean name 'webSecurityConfig': no URL paths identified
&amp#27;[2m2018-08-24 00:38:55.656&amp#27;[0;39m &amp#27;[32mDEBUG&amp#27;[0;39m &amp#27;[35m479&amp#27;[0;39m &amp#27;[2m---&amp#27;[0;39m &amp#27;[2m[           main]&amp#27;[0;39m &amp#27;[36mo.s.w.s.h.BeanNameUrlHandlerMapping     &amp#27;[0;39m &amp#27;[2m:&amp#27;[0;39m Rejected bean name 'loginController': no URL paths identified
&amp#27;[2m2018-08-24 00:38:55.656&amp#27;[0;39m &amp#27;[32mDEBUG&amp#27;[0;39m &amp#27;[35m479&amp#27;[0;39m &amp#27;[2m---&amp#27;[0;39m &amp#27;[2m[           main]&amp#27;[0;39m &amp#27;[36mo.s.w.s.h.BeanNameUrlHandlerMapping     &amp#27;[0;39m &amp#27;[2m:&amp#27;[0;39m Rejected bean name 'org.springframework.security.config.annotation.configuration.ObjectPostProcessorConfiguration': no URL paths identified
&amp#27;[2m2018-08-24 00:38:55.656&amp#27;[0;39m &amp#27;[32mDEBUG&amp#27;[0;39m &amp#27;[35m479&amp#27;[0;39m &amp#27;[2m---&amp#27;[0;39m &amp#27;[2m[           main]&amp#27;[0;39m &amp#27;[36mo.s.w.s.h.BeanNameUrlHandlerMapping     &amp#27;[0;39m &amp#27;[2m:&amp#27;[0;39m Rejected bean name 'objectPostProcessor': no URL paths identified
&amp#27;[2m2018-08-24 00:38:55.656&amp#27;[0;39m &amp#27;[32mDEBUG&amp#27;[0;39m &amp#27;[35m479&amp#27;[0;39m &amp#27;[2m---&amp#27;[0;39m &amp#27;[2m[           main]&amp#27;[0;39m &amp#27;[36mo.s.w.s.h.BeanNameUrlHandlerMapping     &amp#27;[0;39m &amp#27;[2m:&amp#27;[0;39m Rejected bean name 'org.springframework.security.config.annotation.authentication.configuration.AuthenticationConfiguration': no URL paths identified
&amp#27;[2m2018-08-24 00:38:55.656&amp#27;[0;39m &amp#27;[32mDEBUG&amp#27;[0;39m &amp#27;[35m479&amp#27;[0;39m &amp#27;[2m---&amp#27;[0;39m &amp#27;[2m[           main]&amp#27;[0;39m &amp#27;[36mo.s.w.s.h.BeanNameUrlHandlerMapping     &amp#27;[0;39m &amp#27;[2m:&amp#27;[0;39m Rejected bean name 'authenticationManagerBuilder': no URL paths identified
&amp#27;[2m2018-08-24 00:38:55.657&amp#27;[0;39m &amp#27;[32mDEBUG&amp#27;[0;39m &amp#27;[35m479&amp#27;[0;39m &amp#27;[2m---&amp#27;[0;39m &amp#27;[2m[           main]&amp#27;[0;39m &amp#27;[36mo.s.w.s.h.BeanNameUrlHandlerMapping     &amp#27;[0;39m &amp#27;[2m:&amp#27;[0;39m Rejected bean name 'enableGlobalAuthenticationAutowiredConfigurer': no URL paths identified
&amp#27;[2m2018-08-24 00:38:55.657&amp#27;[0;39m &amp#27;[32mDEBUG&amp#27;[0;39m &amp#27;[35m479&amp#27;[0;39m &amp#27;[2m---&amp#27;[0;39m &amp#27;[2m[           main]&amp#27;[0;39m &amp#27;[36mo.s.w.s.h.BeanNameUrlHandlerMapping     &amp#27;[0;39m &amp#27;[2m:&amp#27;[0;39m Rejected bean name 'initializeUserDetailsBeanManagerConfigurer': no URL paths identified
&amp#27;[2m2018-08-24 00:38:55.657&amp#27;[0;39m &amp#27;[32mDEBUG&amp#27;[0;39m &amp#27;[35m479&amp#27;[0;39m &amp#27;[2m---&amp#27;[0;39m &amp#27;[2m[           main]&amp#27;[0;39m &amp#27;[36mo.s.w.s.h.BeanNameUrlHandlerMapping     &amp#27;[0;39m &amp#27;[2m:&amp#27;[0;39m Rejected bean name 'initializeAuthenticationProviderBeanManagerConfigurer': no URL paths identified
&amp#27;[2m2018-08-24 00:38:55.657&amp#27;[0;39m &amp#27;[32mDEBUG&amp#27;[0;39m &amp#27;[35m479&amp#27;[0;39m &amp#27;[2m---&amp#27;[0;39m &amp#27;[2m[           main]&amp#27;[0;39m &amp#27;[36mo.s.w.s.h.BeanNameUrlHandlerMapping     &amp#27;[0;39m &amp#27;[2m:&amp#27;[0;39m Rejected bean name 'org.springframework.security.config.annotation.web.configuration.WebSecurityConfiguration': no URL paths identified
&amp#27;[2m2018-08-24 00:38:55.657&amp#27;[0;39m &amp#27;[32mDEBUG&amp#27;[0;39m &amp#27;[35m479&amp#27;[0;39m &amp#27;[2m---&amp#27;[0;39m &amp#27;[2m[           main]&amp#27;[0;39m &amp#27;[36mo.s.w.s.h.BeanNameUrlHandlerMapping     &amp#27;[0;39m &amp#27;[2m:&amp#27;[0;39m Rejected bean name 'delegatingApplicationListener': no URL paths identified
&amp#27;[2m2018-08-24 00:38:55.657&amp#27;[0;39m &amp#27;[32mDEBUG&amp#27;[0;39m &amp#27;[35m479&amp#27;[0;39m &amp#27;[2m---&amp#27;[0;39m &amp#27;[2m[           main]&amp#27;[0;39m &amp#27;[36mo.s.w.s.h.BeanNameUrlHandlerMapping     &amp#27;[0;39m &amp#27;[2m:&amp#27;[0;39m Rejected bean name 'webSecurityExpressionHandler': no URL paths identified
&amp#27;[2m2018-08-24 00:38:55.658&amp#27;[0;39m &amp#27;[32mDEBUG&amp#27;[0;39m &amp#27;[35m479&amp#27;[0;39m &amp#27;[2m---&amp#27;[0;39m &amp#27;[2m[           main]&amp#27;[0;39m &amp#27;[36mo.s.w.s.h.BeanNameUrlHandlerMapping     &amp#27;[0;39m &amp#27;[2m:&amp#27;[0;39m Rejected bean name 'springSecurityFilterChain': no URL paths identified
&amp#27;[2m2018-08-24 00:38:55.658&amp#27;[0;39m &amp#27;[32mDEBUG&amp#27;[0;39m &amp#27;[35m479&amp#27;[0;39m &amp#27;[2m---&amp#27;[0;39m &amp#27;[2m[           main]&amp#27;[0;39m &amp#27;[36mo.s.w.s.h.BeanNameUrlHandlerMapping     &amp#27;[0;39m &amp#27;[2m:&amp#27;[0;39m Rejected bean name 'privilegeEvaluator': no URL paths identified
&amp#27;[2m2018-08-24 00:38:55.658&amp#27;[0;39m &amp#27;[32mDEBUG&amp#27;[0;39m &amp#27;[35m479&amp#27;[0;39m &amp#27;[2m---&amp#27;[0;39m &amp#27;[2m[           main]&amp#27;[0;39m &amp#27;[36mo.s.w.s.h.BeanNameUrlHandlerMapping     &amp#27;[0;39m &amp#27;[2m:&amp#27;[0;39m Rejected bean name 'autowiredWebSecurityConfigurersIgnoreParents': no URL paths identified
&amp#27;[2m2018-08-24 00:38:55.658&amp#27;[0;39m &amp#27;[32mDEBUG&amp#27;[0;39m &amp#27;[35m479&amp#27;[0;39m &amp#27;[2m---&amp#27;[0;39m &amp#27;[2m[           main]&amp#27;[0;39m &amp#27;[36mo.s.w.s.h.BeanNameUrlHandlerMapping     &amp#27;[0;39m &amp#27;[2m:&amp#27;[0;39m Rejected bean name 'org.springframework.security.config.annotation.web.configuration.WebMvcSecurityConfiguration': no URL paths identified
&amp#27;[2m2018-08-24 00:38:55.658&amp#27;[0;39m &amp#27;[32mDEBUG&amp#27;[0;39m &amp#27;[35m479&amp#27;[0;39m &amp#27;[2m---&amp#27;[0;39m &amp#27;[2m[           main]&amp#27;[0;39m &amp#27;[36mo.s.w.s.h.BeanNameUrlHandlerMapping     &amp#27;[0;39m &amp#27;[2m:&amp#27;[0;39m Rejected bean name 'requestDataValueProcessor': no URL paths identified
&amp#27;[2m2018-08-24 00:38:55.658&amp#27;[0;39m &amp#27;[32mDEBUG&amp#27;[0;39m &amp#27;[35m479&amp#27;[0;39m &amp#27;[2m---&amp#27;[0;39m &amp#27;[2m[           main]&amp#27;[0;39m &amp#27;[36mo.s.w.s.h.BeanNameUrlHandlerMapping     &amp#27;[0;39m &amp#27;[2m:&amp#27;[0;39m Rejected bean name 'passwordEncoder': no URL paths identified
&amp#27;[2m2018-08-24 00:38:55.659&amp#27;[0;39m &amp#27;[32mDEBUG&amp#27;[0;39m &amp#27;[35m479&amp#27;[0;39m &amp#27;[2m---&amp#27;[0;39m &amp#27;[2m[           main]&amp#27;[0;39m &amp#27;[36mo.s.w.s.h.BeanNameUrlHandlerMapping     &amp#27;[0;39m &amp#27;[2m:&amp#27;[0;39m Rejected bean name 'authenticationFilter': no URL paths identified
&amp#27;[2m2018-08-24 00:38:55.659&amp#27;[0;39m &amp#27;[32mDEBUG&amp#27;[0;39m &amp#27;[35m479&amp#27;[0;39m &amp#27;[2m---&amp#27;[0;39m &amp#27;[2m[           main]&amp#27;[0;39m &amp#27;[36mo.s.w.s.h.BeanNameUrlHandlerMapping     &amp#27;[0;39m &amp#27;[2m:&amp#27;[0;39m Rejected bean name 'org.springframework.boot.autoconfigure.AutoConfigurationPackages': no URL paths identified
&amp#27;[2m2018-08-24 00:38:55.659&amp#27;[0;39m &amp#27;[32mDEBUG&amp#27;[0;39m &amp#27;[35m479&amp#27;[0;39m &amp#27;[2m---&amp#27;[0;39m &amp#27;[2m[           main]&amp#27;[0;39m &amp#27;[36mo.s.w.s.h.BeanNameUrlHandlerMapping     &amp#27;[0;39m &amp#27;[2m:&amp#27;[0;39m Rejected bean name 'default.com.ceszke.security.mllogin.LoginApplication.FeignClientSpecification': no URL paths identified
&amp#27;[2m2018-08-24 00:38:55.659&amp#27;[0;39m &amp#27;[32mDEBUG&amp#27;[0;39m &amp#27;[35m479&amp#27;[0;39m &amp#27;[2m---&amp#27;[0;39m &amp#27;[2m[           main]&amp#27;[0;39m &amp#27;[36mo.s.w.s.h.BeanNameUrlHandlerMapping     &amp#27;[0;39m &amp#27;[2m:&amp#27;[0;39m Rejected bean name 'ml-validator-service.FeignClientSpecification': no URL paths identified
&amp#27;[2m2018-08-24 00:38:55.659&amp#27;[0;39m &amp#27;[32mDEBUG&amp#27;[0;39m &amp#27;[35m479&amp#27;[0;39m &amp#27;[2m---&amp#27;[0;39m &amp#27;[2m[           main]&amp#27;[0;39m &amp#27;[36mo.s.w.s.h.BeanNameUrlHandlerMapping     &amp#27;[0;39m &amp#27;[2m:&amp#27;[0;39m Rejected bean name 'com.ceszke.security.mllogin.client.MLValidatorClient': no URL paths identified
&amp#27;[2m2018-08-24 00:38:55.659&amp#27;[0;39m &amp#27;[32mDEBUG&amp#27;[0;39m &amp#27;[35m479&amp#27;[0;39m &amp#27;[2m---&amp#27;[0;39m &amp#27;[2m[           main]&amp#27;[0;39m &amp#27;[36mo.s.w.s.h.BeanNameUrlHandlerMapping     &amp#27;[0;39m &amp#27;[2m:&amp#27;[0;39m Rejected bean name 'org.springframework.boot.autoconfigure.context.PropertyPlaceholderAutoConfiguration': no URL paths identified
&amp#27;[2m2018-08-24 00:38:55.660&amp#27;[0;39m &amp#27;[32mDEBUG&amp#27;[0;39m &amp#27;[35m479&amp#27;[0;39m &amp#27;[2m---&amp#27;[0;39m &amp#27;[2m[           main]&amp#27;[0;39m &amp#27;[36mo.s.w.s.h.BeanNameUrlHandlerMapping     &amp#27;[0;39m &amp#27;[2m:&amp#27;[0;39m Rejected bean name 'org.springframework.boot.autoconfigure.condition.BeanTypeRegistry': no URL paths identified
&amp#27;[2m2018-08-24 00:38:55.660&amp#27;[0;39m &amp#27;[32mDEBUG&amp#27;[0;39m &amp#27;[35m479&amp#27;[0;39m &amp#27;[2m---&amp#27;[0;39m &amp#27;[2m[           main]&amp#27;[0;39m &amp#27;[36mo.s.w.s.h.BeanNameUrlHandlerMapping     &amp#27;[0;39m &amp#27;[2m:&amp#27;[0;39m Rejected bean name 'propertySourcesPlaceholderConfigurer': no URL paths identified
&amp#27;[2m2018-08-24 00:38:55.660&amp#27;[0;39m &amp#27;[32mDEBUG&amp#27;[0;39m &amp#27;[35m479&amp#27;[0;39m &amp#27;[2m---&amp#27;[0;39m &amp#27;[2m[           main]&amp#27;[0;39m &amp#27;[36mo.s.w.s.h.BeanNameUrlHandlerMapping     &amp#27;[0;39m &amp#27;[2m:&amp#27;[0;39m Rejected bean name 'org.springframework.boot.autoconfigure.websocket.servlet.WebSocketServletAutoConfiguration$TomcatWebSocketConfiguration': no URL paths identified
&amp#27;[2m2018-08-24 00:38:55.660&amp#27;[0;39m &amp#27;[32mDEBUG&amp#27;[0;39m &amp#27;[35m479&amp#27;[0;39m &amp#27;[2m---&amp#27;[0;39m &amp#27;[2m[           main]&amp#27;[0;39m &amp#27;[36mo.s.w.s.h.BeanNameUrlHandlerMapping     &amp#27;[0;39m &amp#27;[2m:&amp#27;[0;39m Rejected bean name 'websocketContainerCustomizer': no URL paths identified
&amp#27;[2m2018-08-24 00:38:55.660&amp#27;[0;39m &amp#27;[32mDEBUG&amp#27;[0;39m &amp#27;[35m479&amp#27;[0;39m &amp#27;[2m---&amp#27;[0;39m &amp#27;[2m[           main]&amp#27;[0;39m &amp#27;[36mo.s.w.s.h.BeanNameUrlHandlerMapping     &amp#27;[0;39m &amp#27;[2m:&amp#27;[0;39m Rejected bean name 'org.springframework.boot.autoconfigure.websocket.servlet.WebSocketServletAutoConfiguration': no URL paths identified
&amp#27;[2m2018-08-24 00:38:55.660&amp#27;[0;39m &amp#27;[32mDEBUG&amp#27;[0;39m &amp#27;[35m479&amp#27;[0;39m &amp#27;[2m---&amp#27;[0;39m &amp#27;[2m[           main]&amp#27;[0;39m &amp#27;[36mo.s.w.s.h.BeanNameUrlHandlerMapping     &amp#27;[0;39m &amp#27;[2m:&amp#27;[0;39m Rejected bean name 'org.springframework.boot.autoconfigure.web.servlet.ServletWebServerFactoryConfiguration$EmbeddedTomcat': no URL paths identified
&amp#27;[2m2018-08-24 00:38:55.660&amp#27;[0;39m &amp#27;[32mDEBUG&amp#27;[0;39m &amp#27;[35m479&amp#27;[0;39m &amp#27;[2m---&amp#27;[0;39m &amp#27;[2m[           main]&amp#27;[0;39m &amp#27;[36mo.s.w.s.h.BeanNameUrlHandlerMapping     &amp#27;[0;39m &amp#27;[2m:&amp#27;[0;39m Rejected bean name 'tomcatServletWebServerFactory': no URL paths identified
&amp#27;[2m2018-08-24 00:38:55.660&amp#27;[0;39m &amp#27;[32mDEBUG&amp#27;[0;39m &amp#27;[35m479&amp#27;[0;39m &amp#27;[2m---&amp#27;[0;39m &amp#27;[2m[           main]&amp#27;[0;39m &amp#27;[36mo.s.w.s.h.BeanNameUrlHandlerMapping     &amp#27;[0;39m &amp#27;[2m:&amp#27;[0;39m Rejected bean name 'org.springframework.boot.autoconfigure.web.servlet.ServletWebServerFactoryAutoConfiguration': no URL paths identified
&amp#27;[2m2018-08-24 00:38:55.661&amp#27;[0;39m &amp#27;[32mDEBUG&amp#27;[0;39m &amp#27;[35m479&amp#27;[0;39m &amp#27;[2m---&amp#27;[0;39m &amp#27;[2m[           main]&amp#27;[0;39m &amp#27;[36mo.s.w.s.h.BeanNameUrlHandlerMapping     &amp#27;[0;39m &amp#27;[2m:&amp#27;[0;39m Rejected bean name 'servletWebServerFactoryCustomizer': no URL paths identified
&amp#27;[2m2018-08-24 00:38:55.661&amp#27;[0;39m &amp#27;[32mDEBUG&amp#27;[0;39m &amp#27;[35m479&amp#27;[0;39m &amp#27;[2m---&amp#27;[0;39m &amp#27;[2m[           main]&amp#27;[0;39m &amp#27;[36mo.s.w.s.h.BeanNameUrlHandlerMapping     &amp#27;[0;39m &amp#27;[2m:&amp#27;[0;39m Rejected bean name 'tomcatServletWebServerFactoryCustomizer': no URL paths identified
&amp#27;[2m2018-08-24 00:38:55.661&amp#27;[0;39m &amp#27;[32mDEBUG&amp#27;[0;39m &amp#27;[35m479&amp#27;[0;39m &amp#27;[2m---&amp#27;[0;39m &amp#27;[2m[           main]&amp#27;[0;39m &amp#27;[36mo.s.w.s.h.BeanNameUrlHandlerMapping     &amp#27;[0;39m &amp#27;[2m:&amp#27;[0;39m Rejected bean name 'server-org.springframework.boot.autoconfigure.web.ServerProperties': no URL paths identified
&amp#27;[2m2018-08-24 00:38:55.661&amp#27;[0;39m &amp#27;[32mDEBUG&amp#27;[0;39m &amp#27;[35m479&amp#27;[0;39m &amp#27;[2m---&amp#27;[0;39m &amp#27;[2m[           main]&amp#27;[0;39m &amp#27;[36mo.s.w.s.h.BeanNameUrlHandlerMapping     &amp#27;[0;39m &amp#27;[2m:&amp#27;[0;39m Rejected bean name 'org.springframework.boot.context.properties.ConfigurationPropertiesBindingPostProcessor': no URL paths identified
&amp#27;[2m2018-08-24 00:38:55.661&amp#27;[0;39m &amp#27;[32mDEBUG&amp#27;[0;39m &amp#27;[35m479&amp#27;[0;39m &amp#27;[2m---&amp#27;[0;39m &amp#27;[2m[           main]&amp#27;[0;39m &amp#27;[36mo.s.w.s.h.BeanNameUrlHandlerMapping     &amp#27;[0;39m &amp#27;[2m:&amp#27;[0;39m Rejected bean name 'org.springframework.boot.context.properties.ConfigurationBeanFactoryMetadata': no URL paths identified
&amp#27;[2m2018-08-24 00:38:55.661&amp#27;[0;39m &amp#27;[32mDEBUG&amp#27;[0;39m &amp#27;[35m479&amp#27;[0;39m &amp#27;[2m---&amp#27;[0;39m &amp#27;[2m[           main]&amp#27;[0;39m &amp#27;[36mo.s.w.s.h.BeanNameUrlHandlerMapping     &amp#27;[0;39m &amp#27;[2m:&amp#27;[0;39m Rejected bean name 'webServerFactoryCustomizerBeanPostProcessor': no URL paths identified
&amp#27;[2m2018-08-24 00:38:55.661&amp#27;[0;39m &amp#27;[32mDEBUG&amp#27;[0;39m &amp#27;[35m479&amp#27;[0;39m &amp#27;[2m---&amp#27;[0;39m &amp#27;[2m[           main]&amp#27;[0;39m &amp#27;[36mo.s.w.s.h.BeanNameUrlHandlerMapping     &amp#27;[0;39m &amp#27;[2m:&amp#27;[0;39m Rejected bean name 'errorPageRegistrarBeanPostProcessor': no URL paths identified
&amp#27;[2m2018-08-24 00:38:55.661&amp#27;[0;39m &amp#27;[32mDEBUG&amp#27;[0;39m &amp#27;[35m479&amp#27;[0;39m &amp#27;[2m---&amp#27;[0;39m &amp#27;[2m[           main]&amp#27;[0;39m &amp#27;[36mo.s.w.s.h.BeanNameUrlHandlerMapping     &amp#27;[0;39m &amp#27;[2m:&amp#27;[0;39m Rejected bean name 'org.springframework.boot.autoconfigure.web.servlet.DispatcherServletAutoConfiguration$DispatcherServletConfiguration': no URL paths identified
&amp#27;[2m2018-08-24 00:38:55.662&amp#27;[0;39m &amp#27;[32mDEBUG&amp#27;[0;39m &amp#27;[35m479&amp#27;[0;39m &amp#27;[2m---&amp#27;[0;39m &amp#27;[2m[           main]&amp#27;[0;39m &amp#27;[36mo.s.w.s.h.BeanNameUrlHandlerMapping     &amp#27;[0;39m &amp#27;[2m:&amp#27;[0;39m Rejected bean name 'dispatcherServlet': no URL paths identified
&amp#27;[2m2018-08-24 00:38:55.662&amp#27;[0;39m &amp#27;[32mDEBUG&amp#27;[0;39m &amp#27;[35m479&amp#27;[0;39m &amp#27;[2m---&amp#27;[0;39m &amp#27;[2m[           main]&amp#27;[0;39m &amp#27;[36mo.s.w.s.h.BeanNameUrlHandlerMapping     &amp#27;[0;39m &amp#27;[2m:&amp#27;[0;39m Rejected bean name 'spring.mvc-org.springframework.boot.autoconfigure.web.servlet.WebMvcProperties': no URL paths identified
&amp#27;[2m2018-08-24 00:38:55.662&amp#27;[0;39m &amp#27;[32mDEBUG&amp#27;[0;39m &amp#27;[35m479&amp#27;[0;39m &amp#27;[2m---&amp#27;[0;39m &amp#27;[2m[           main]&amp#27;[0;39m &amp#27;[36mo.s.w.s.h.BeanNameUrlHandlerMapping     &amp#27;[0;39m &amp#27;[2m:&amp#27;[0;39m Rejected bean name 'org.springframework.boot.autoconfigure.web.servlet.DispatcherServletAutoConfiguration$DispatcherServletRegistrationConfiguration': no URL paths identified
&amp#27;[2m2018-08-24 00:38:55.662&amp#27;[0;39m &amp#27;[32mDEBUG&amp#27;[0;39m &amp#27;[35m479&amp#27;[0;39m &amp#27;[2m---&amp#27;[0;39m &amp#27;[2m[           main]&amp#27;[0;39m &amp#27;[36mo.s.w.s.h.BeanNameUrlHandlerMapping     &amp#27;[0;39m &amp#27;[2m:&amp#27;[0;39m Rejected bean name 'dispatcherServletRegistration': no URL paths identified
&amp#27;[2m2018-08-24 00:38:55.662&amp#27;[0;39m &amp#27;[32mDEBUG&amp#27;[0;39m &amp#27;[35m479&amp#27;[0;39m &amp#27;[2m---&amp#27;[0;39m &amp#27;[2m[           main]&amp#27;[0;39m &amp#27;[36mo.s.w.s.h.BeanNameUrlHandlerMapping     &amp#27;[0;39m &amp#27;[2m:&amp#27;[0;39m Rejected bean name 'org.springframework.boot.autoconfigure.web.servlet.DispatcherServletAutoConfiguration': no URL paths identified
&amp#27;[2m2018-08-24 00:38:55.662&amp#27;[0;39m &amp#27;[32mDEBUG&amp#27;[0;39m &amp#27;[35m479&amp#27;[0;39m &amp#27;[2m---&amp#27;[0;39m &amp#27;[2m[           main]&amp#27;[0;39m &amp#27;[36mo.s.w.s.h.BeanNameUrlHandlerMapping     &amp#27;[0;39m &amp#27;[2m:&amp#27;[0;39m Rejected bean name 'org.springframework.cloud.netflix.archaius.ArchaiusAutoConfiguration$PropagateEventsConfiguration': no URL paths identified
&amp#27;[2m2018-08-24 00:38:55.662&amp#27;[0;39m &amp#27;[32mDEBUG&amp#27;[0;39m &amp#27;[35m479&amp#27;[0;39m &amp#27;[2m---&amp#27;[0;39m &amp#27;[2m[           main]&amp#27;[0;39m &amp#27;[36mo.s.w.s.h.BeanNameUrlHandlerMapping     &amp#27;[0;39m &amp#27;[2m:&amp#27;[0;39m Rejected bean name 'org.springframework.cloud.netflix.archaius.ArchaiusAutoConfiguration': no URL paths identified
&amp#27;[2m2018-08-24 00:38:55.662&amp#27;[0;39m &amp#27;[32mDEBUG&amp#27;[0;39m &amp#27;[35m479&amp#27;[0;39m &amp#27;[2m---&amp#27;[0;39m &amp#27;[2m[           main]&amp#27;[0;39m &amp#27;[36mo.s.w.s.h.BeanNameUrlHandlerMapping     &amp#27;[0;39m &amp#27;[2m:&amp#27;[0;39m Rejected bean name 'configurableEnvironmentConfiguration': no URL paths identified
&amp#27;[2m2018-08-24 00:38:55.663&amp#27;[0;39m &amp#27;[32mDEBUG&amp#27;[0;39m &amp#27;[35m479&amp#27;[0;39m &amp#27;[2m---&amp#27;[0;39m &amp#27;[2m[           main]&amp#27;[0;39m &amp#27;[36mo.s.w.s.h.BeanNameUrlHandlerMapping     &amp#27;[0;39m &amp#27;[2m:&amp#27;[0;39m Rejected bean name 'org.springframework.boot.autoconfigure.validation.ValidationAutoConfiguration': no URL paths identified
&amp#27;[2m2018-08-24 00:38:55.663&amp#27;[0;39m &amp#27;[32mDEBUG&amp#27;[0;39m &amp#27;[35m479&amp#27;[0;39m &amp#27;[2m---&amp#27;[0;39m &amp#27;[2m[           main]&amp#27;[0;39m &amp#27;[36mo.s.w.s.h.BeanNameUrlHandlerMapping     &amp#27;[0;39m &amp#27;[2m:&amp#27;[0;39m Rejected bean name 'defaultValidator': no URL paths identified
&amp#27;[2m2018-08-24 00:38:55.663&amp#27;[0;39m &amp#27;[32mDEBUG&amp#27;[0;39m &amp#27;[35m479&amp#27;[0;39m &amp#27;[2m---&amp#27;[0;39m &amp#27;[2m[           main]&amp#27;[0;39m &amp#27;[36mo.s.w.s.h.BeanNameUrlHandlerMapping     &amp#27;[0;39m &amp#27;[2m:&amp#27;[0;39m Rejected bean name 'methodValidationPostProcessor': no URL paths identified
&amp#27;[2m2018-08-24 00:38:55.663&amp#27;[0;39m &amp#27;[32mDEBUG&amp#27;[0;39m &amp#27;[35m479&amp#27;[0;39m &amp#27;[2m---&amp#27;[0;39m &amp#27;[2m[           main]&amp#27;[0;39m &amp#27;[36mo.s.w.s.h.BeanNameUrlHandlerMapping     &amp#27;[0;39m &amp#27;[2m:&amp#27;[0;39m Rejected bean name 'org.springframework.boot.autoconfigure.web.servlet.error.ErrorMvcAutoConfiguration$WhitelabelErrorViewConfiguration': no URL paths identified
&amp#27;[2m2018-08-24 00:38:55.663&amp#27;[0;39m &amp#27;[32mDEBUG&amp#27;[0;39m &amp#27;[35m479&amp#27;[0;39m &amp#27;[2m---&amp#27;[0;39m &amp#27;[2m[           main]&amp#27;[0;39m &amp#27;[36mo.s.w.s.h.BeanNameUrlHandlerMapping     &amp#27;[0;39m &amp#27;[2m:&amp#27;[0;39m Rejected bean name 'error': no URL paths identified
&amp#27;[2m2018-08-24 00:38:55.663&amp#27;[0;39m &amp#27;[32mDEBUG&amp#27;[0;39m &amp#27;[35m479&amp#27;[0;39m &amp#27;[2m---&amp#27;[0;39m &amp#27;[2m[           main]&amp#27;[0;39m &amp#27;[36mo.s.w.s.h.BeanNameUrlHandlerMapping     &amp#27;[0;39m &amp#27;[2m:&amp#27;[0;39m Rejected bean name 'beanNameViewResolver': no URL paths identified
&amp#27;[2m2018-08-24 00:38:55.663&amp#27;[0;39m &amp#27;[32mDEBUG&amp#27;[0;39m &amp#27;[35m479&amp#27;[0;39m &amp#27;[2m---&amp#27;[0;39m &amp#27;[2m[           main]&amp#27;[0;39m &amp#27;[36mo.s.w.s.h.BeanNameUrlHandlerMapping     &amp#27;[0;39m &amp#27;[2m:&amp#27;[0;39m Rejected bean name 'org.springframework.boot.autoconfigure.web.servlet.error.ErrorMvcAutoConfiguration$DefaultErrorViewResolverConfiguration': no URL paths identified
&amp#27;[2m2018-08-24 00:38:55.663&amp#27;[0;39m &amp#27;[32mDEBUG&amp#27;[0;39m &amp#27;[35m479&amp#27;[0;39m &amp#27;[2m---&amp#27;[0;39m &amp#27;[2m[           main]&amp#27;[0;39m &amp#27;[36mo.s.w.s.h.BeanNameUrlHandlerMapping     &amp#27;[0;39m &amp#27;[2m:&amp#27;[0;39m Rejected bean name 'conventionErrorViewResolver': no URL paths identified
&amp#27;[2m2018-08-24 00:38:55.664&amp#27;[0;39m &amp#27;[32mDEBUG&amp#27;[0;39m &amp#27;[35m479&amp#27;[0;39m &amp#27;[2m---&amp#27;[0;39m &amp#27;[2m[           main]&amp#27;[0;39m &amp#27;[36mo.s.w.s.h.BeanNameUrlHandlerMapping     &amp#27;[0;39m &amp#27;[2m:&amp#27;[0;39m Rejected bean name 'org.springframework.boot.autoconfigure.web.servlet.error.ErrorMvcAutoConfiguration': no URL paths identified
&amp#27;[2m2018-08-24 00:38:55.664&amp#27;[0;39m &amp#27;[32mDEBUG&amp#27;[0;39m &amp#27;[35m479&amp#27;[0;39m &amp#27;[2m---&amp#27;[0;39m &amp#27;[2m[           main]&amp#27;[0;39m &amp#27;[36mo.s.w.s.h.BeanNameUrlHandlerMapping     &amp#27;[0;39m &amp#27;[2m:&amp#27;[0;39m Rejected bean name 'errorAttributes': no URL paths identified
&amp#27;[2m2018-08-24 00:38:55.664&amp#27;[0;39m &amp#27;[32mDEBUG&amp#27;[0;39m &amp#27;[35m479&amp#27;[0;39m &amp#27;[2m---&amp#27;[0;39m &amp#27;[2m[           main]&amp#27;[0;39m &amp#27;[36mo.s.w.s.h.BeanNameUrlHandlerMapping     &amp#27;[0;39m &amp#27;[2m:&amp#27;[0;39m Rejected bean name 'basicErrorController': no URL paths identified
&amp#27;[2m2018-08-24 00:38:55.664&amp#27;[0;39m &amp#27;[32mDEBUG&amp#27;[0;39m &amp#27;[35m479&amp#27;[0;39m &amp#27;[2m---&amp#27;[0;39m &amp#27;[2m[           main]&amp#27;[0;39m &amp#27;[36mo.s.w.s.h.BeanNameUrlHandlerMapping     &amp#27;[0;39m &amp#27;[2m:&amp#27;[0;39m Rejected bean name 'errorPageCustomizer': no URL paths identified
&amp#27;[2m2018-08-24 00:38:55.664&amp#27;[0;39m &amp#27;[32mDEBUG&amp#27;[0;39m &amp#27;[35m479&amp#27;[0;39m &amp#27;[2m---&amp#27;[0;39m &amp#27;[2m[           main]&amp#27;[0;39m &amp#27;[36mo.s.w.s.h.BeanNameUrlHandlerMapping     &amp#27;[0;39m &amp#27;[2m:&amp#27;[0;39m Rejected bean name 'preserveErrorControllerTargetClassPostProcessor': no URL paths identified
&amp#27;[2m2018-08-24 00:38:55.664&amp#27;[0;39m &amp#27;[32mDEBUG&amp#27;[0;39m &amp#27;[35m479&amp#27;[0;39m &amp#27;[2m---&amp#27;[0;39m &amp#27;[2m[           main]&amp#27;[0;39m &amp#27;[36mo.s.w.s.h.BeanNameUrlHandlerMapping     &amp#27;[0;39m &amp#27;[2m:&amp#27;[0;39m Rejected bean name 'spring.resources-org.springframework.boot.autoconfigure.web.ResourceProperties': no URL paths identified
&amp#27;[2m2018-08-24 00:38:55.664&amp#27;[0;39m &amp#27;[32mDEBUG&amp#27;[0;39m &amp#27;[35m479&amp#27;[0;39m &amp#27;[2m---&amp#27;[0;39m &amp#27;[2m[           main]&amp#27;[0;39m &amp#27;[36mo.s.w.s.h.BeanNameUrlHandlerMapping     &amp#27;[0;39m &amp#27;[2m:&amp#27;[0;39m Rejected bean name 'org.springframework.boot.autoconfigure.web.servlet.WebMvcAutoConfiguration$WebMvcAutoConfigurationAdapter$FaviconConfiguration': no URL paths identified
&amp#27;[2m2018-08-24 00:38:55.665&amp#27;[0;39m &amp#27;[32mDEBUG&amp#27;[0;39m &amp#27;[35m479&amp#27;[0;39m &amp#27;[2m---&amp#27;[0;39m &amp#27;[2m[           main]&amp#27;[0;39m &amp#27;[36mo.s.w.s.h.BeanNameUrlHandlerMapping     &amp#27;[0;39m &amp#27;[2m:&amp#27;[0;39m Rejected bean name 'faviconHandlerMapping': no URL paths identified
&amp#27;[2m2018-08-24 00:38:55.665&amp#27;[0;39m &amp#27;[32mDEBUG&amp#27;[0;39m &amp#27;[35m479&amp#27;[0;39m &amp#27;[2m---&amp#27;[0;39m &amp#27;[2m[           main]&amp#27;[0;39m &amp#27;[36mo.s.w.s.h.BeanNameUrlHandlerMapping     &amp#27;[0;39m &amp#27;[2m:&amp#27;[0;39m Rejected bean name 'faviconRequestHandler': no URL paths identified
&amp#27;[2m2018-08-24 00:38:55.665&amp#27;[0;39m &amp#27;[32mDEBUG&amp#27;[0;39m &amp#27;[35m479&amp#27;[0;39m &amp#27;[2m---&amp#27;[0;39m &amp#27;[2m[           main]&amp#27;[0;39m &amp#27;[36mo.s.w.s.h.BeanNameUrlHandlerMapping     &amp#27;[0;39m &amp#27;[2m:&amp#27;[0;39m Rejected bean name 'org.springframework.boot.autoconfigure.web.servlet.WebMvcAutoConfiguration$EnableWebMvcConfiguration': no URL paths identified
&amp#27;[2m2018-08-24 00:38:55.665&amp#27;[0;39m &amp#27;[32mDEBUG&amp#27;[0;39m &amp#27;[35m479&amp#27;[0;39m &amp#27;[2m---&amp#27;[0;39m &amp#27;[2m[           main]&amp#27;[0;39m &amp#27;[36mo.s.w.s.h.BeanNameUrlHandlerMapping     &amp#27;[0;39m &amp#27;[2m:&amp#27;[0;39m Rejected bean name 'requestMappingHandlerAdapter': no URL paths identified
&amp#27;[2m2018-08-24 00:38:55.665&amp#27;[0;39m &amp#27;[32mDEBUG&amp#27;[0;39m &amp#27;[35m479&amp#27;[0;39m &amp#27;[2m---&amp#27;[0;39m &amp#27;[2m[           main]&amp#27;[0;39m &amp#27;[36mo.s.w.s.h.BeanNameUrlHandlerMapping     &amp#27;[0;39m &amp#27;[2m:&amp#27;[0;39m Rejected bean name 'requestMappingHandlerMapping': no URL paths identified
&amp#27;[2m2018-08-24 00:38:55.665&amp#27;[0;39m &amp#27;[32mDEBUG&amp#27;[0;39m &amp#27;[35m479&amp#27;[0;39m &amp#27;[2m---&amp#27;[0;39m &amp#27;[2m[           main]&amp#27;[0;39m &amp#27;[36mo.s.w.s.h.BeanNameUrlHandlerMapping     &amp#27;[0;39m &amp#27;[2m:&amp#27;[0;39m Rejected bean name 'mvcConversionService': no URL paths identified
&amp#27;[2m2018-08-24 00:38:55.665&amp#27;[0;39m &amp#27;[32mDEBUG&amp#27;[0;39m &amp#27;[35m479&amp#27;[0;39m &amp#27;[2m---&amp#27;[0;39m &amp#27;[2m[           main]&amp#27;[0;39m &amp#27;[36mo.s.w.s.h.BeanNameUrlHandlerMapping     &amp#27;[0;39m &amp#27;[2m:&amp#27;[0;39m Rejected bean name 'mvcValidator': no URL paths identified
&amp#27;[2m2018-08-24 00:38:55.666&amp#27;[0;39m &amp#27;[32mDEBUG&amp#27;[0;39m &amp#27;[35m479&amp#27;[0;39m &amp#27;[2m---&amp#27;[0;39m &amp#27;[2m[           main]&amp#27;[0;39m &amp#27;[36mo.s.w.s.h.BeanNameUrlHandlerMapping     &amp#27;[0;39m &amp#27;[2m:&amp#27;[0;39m Rejected bean name 'mvcContentNegotiationManager': no URL paths identified
&amp#27;[2m2018-08-24 00:38:55.666&amp#27;[0;39m &amp#27;[32mDEBUG&amp#27;[0;39m &amp#27;[35m479&amp#27;[0;39m &amp#27;[2m---&amp#27;[0;39m &amp#27;[2m[           main]&amp#27;[0;39m &amp#27;[36mo.s.w.s.h.BeanNameUrlHandlerMapping     &amp#27;[0;39m &amp#27;[2m:&amp#27;[0;39m Rejected bean name 'mvcPathMatcher': no URL paths identified
&amp#27;[2m2018-08-24 00:38:55.666&amp#27;[0;39m &amp#27;[32mDEBUG&amp#27;[0;39m &amp#27;[35m479&amp#27;[0;39m &amp#27;[2m---&amp#27;[0;39m &amp#27;[2m[           main]&amp#27;[0;39m &amp#27;[36mo.s.w.s.h.BeanNameUrlHandlerMapping     &amp#27;[0;39m &amp#27;[2m:&amp#27;[0;39m Rejected bean name 'mvcUrlPathHelper': no URL paths identified
&amp#27;[2m2018-08-24 00:38:55.666&amp#27;[0;39m &amp#27;[32mDEBUG&amp#27;[0;39m &amp#27;[35m479&amp#27;[0;39m &amp#27;[2m---&amp#27;[0;39m &amp#27;[2m[           main]&amp#27;[0;39m &amp#27;[36mo.s.w.s.h.BeanNameUrlHandlerMapping     &amp#27;[0;39m &amp#27;[2m:&amp#27;[0;39m Rejected bean name 'viewControllerHandlerMapping': no URL paths identified
&amp#27;[2m2018-08-24 00:38:55.666&amp#27;[0;39m &amp#27;[32mDEBUG&amp#27;[0;39m &amp#27;[35m479&amp#27;[0;39m &amp#27;[2m---&amp#27;[0;39m &amp#27;[2m[           main]&amp#27;[0;39m &amp#27;[36mo.s.w.s.h.BeanNameUrlHandlerMapping     &amp#27;[0;39m &amp#27;[2m:&amp#27;[0;39m Rejected bean name 'beanNameHandlerMapping': no URL paths identified
&amp#27;[2m2018-08-24 00:38:55.666&amp#27;[0;39m &amp#27;[32mDEBUG&amp#27;[0;39m &amp#27;[35m479&amp#27;[0;39m &amp#27;[2m---&amp#27;[0;39m &amp#27;[2m[           main]&amp#27;[0;39m &amp#27;[36mo.s.w.s.h.BeanNameUrlHandlerMapping     &amp#27;[0;39m &amp#27;[2m:&amp#27;[0;39m Rejected bean name 'resourceHandlerMapping': no URL paths identified
&amp#27;[2m2018-08-24 00:38:55.666&amp#27;[0;39m &amp#27;[32mDEBUG&amp#27;[0;39m &amp#27;[35m479&amp#27;[0;39m &amp#27;[2m---&amp#27;[0;39m &amp#27;[2m[           main]&amp#27;[0;39m &amp#27;[36mo.s.w.s.h.BeanNameUrlHandlerMapping     &amp#27;[0;39m &amp#27;[2m:&amp#27;[0;39m Rejected bean name 'mvcResourceUrlProvider': no URL paths identified
&amp#27;[2m2018-08-24 00:38:55.667&amp#27;[0;39m &amp#27;[32mDEBUG&amp#27;[0;39m &amp#27;[35m479&amp#27;[0;39m &amp#27;[2m---&amp#27;[0;39m &amp#27;[2m[           main]&amp#27;[0;39m &amp#27;[36mo.s.w.s.h.BeanNameUrlHandlerMapping     &amp#27;[0;39m &amp#27;[2m:&amp#27;[0;39m Rejected bean name 'defaultServletHandlerMapping': no URL paths identified
&amp#27;[2m2018-08-24 00:38:55.667&amp#27;[0;39m &amp#27;[32mDEBUG&amp#27;[0;39m &amp#27;[35m479&amp#27;[0;39m &amp#27;[2m---&amp#27;[0;39m &amp#27;[2m[           main]&amp#27;[0;39m &amp#27;[36mo.s.w.s.h.BeanNameUrlHandlerMapping     &amp#27;[0;39m &amp#27;[2m:&amp#27;[0;39m Rejected bean name 'mvcUriComponentsContributor': no URL paths identified
&amp#27;[2m2018-08-24 00:38:55.667&amp#27;[0;39m &amp#27;[32mDEBUG&amp#27;[0;39m &amp#27;[35m479&amp#27;[0;39m &amp#27;[2m---&amp#27;[0;39m &amp#27;[2m[           main]&amp#27;[0;39m &amp#27;[36mo.s.w.s.h.BeanNameUrlHandlerMapping     &amp#27;[0;39m &amp#27;[2m:&amp#27;[0;39m Rejected bean name 'httpRequestHandlerAdapter': no URL paths identified
&amp#27;[2m2018-08-24 00:38:55.667&amp#27;[0;39m &amp#27;[32mDEBUG&amp#27;[0;39m &amp#27;[35m479&amp#27;[0;39m &amp#27;[2m---&amp#27;[0;39m &amp#27;[2m[           main]&amp#27;[0;39m &amp#27;[36mo.s.w.s.h.BeanNameUrlHandlerMapping     &amp#27;[0;39m &amp#27;[2m:&amp#27;[0;39m Rejected bean name 'simpleControllerHandlerAdapter': no URL paths identified
&amp#27;[2m2018-08-24 00:38:55.667&amp#27;[0;39m &amp#27;[32mDEBUG&amp#27;[0;39m &amp#27;[35m479&amp#27;[0;39m &amp#27;[2m---&amp#27;[0;39m &amp#27;[2m[           main]&amp#27;[0;39m &amp#27;[36mo.s.w.s.h.BeanNameUrlHandlerMapping     &amp#27;[0;39m &amp#27;[2m:&amp#27;[0;39m Rejected bean name 'handlerExceptionResolver': no URL paths identified
&amp#27;[2m2018-08-24 00:38:55.667&amp#27;[0;39m &amp#27;[32mDEBUG&amp#27;[0;39m &amp#27;[35m479&amp#27;[0;39m &amp#27;[2m---&amp#27;[0;39m &amp#27;[2m[           main]&amp#27;[0;39m &amp#27;[36mo.s.w.s.h.BeanNameUrlHandlerMapping     &amp#27;[0;39m &amp#27;[2m:&amp#27;[0;39m Rejected bean name 'mvcViewResolver': no URL paths identified
&amp#27;[2m2018-08-24 00:38:55.667&amp#27;[0;39m &amp#27;[32mDEBUG&amp#27;[0;39m &amp#27;[35m479&amp#27;[0;39m &amp#27;[2m---&amp#27;[0;39m &amp#27;[2m[           main]&amp#27;[0;39m &amp#27;[36mo.s.w.s.h.BeanNameUrlHandlerMapping     &amp#27;[0;39m &amp#27;[2m:&amp#27;[0;39m Rejected bean name 'mvcHandlerMappingIntrospector': no URL paths identified
&amp#27;[2m2018-08-24 00:38:55.668&amp#27;[0;39m &amp#27;[32mDEBUG&amp#27;[0;39m &amp#27;[35m479&amp#27;[0;39m &amp#27;[2m---&amp#27;[0;39m &amp#27;[2m[           main]&amp#27;[0;39m &amp#27;[36mo.s.w.s.h.BeanNameUrlHandlerMapping     &amp#27;[0;39m &amp#27;[2m:&amp#27;[0;39m Rejected bean name 'org.springframework.boot.autoconfigure.web.servlet.WebMvcAutoConfiguration$WebMvcAutoConfigurationAdapter': no URL paths identified
&amp#27;[2m2018-08-24 00:38:55.668&amp#27;[0;39m &amp#27;[32mDEBUG&amp#27;[0;39m &amp#27;[35m479&amp#27;[0;39m &amp#27;[2m---&amp#27;[0;39m &amp#27;[2m[           main]&amp#27;[0;39m &amp#27;[36mo.s.w.s.h.BeanNameUrlHandlerMapping     &amp#27;[0;39m &amp#27;[2m:&amp#27;[0;39m Rejected bean name 'defaultViewResolver': no URL paths identified
&amp#27;[2m2018-08-24 00:38:55.668&amp#27;[0;39m &amp#27;[32mDEBUG&amp#27;[0;39m &amp#27;[35m479&amp#27;[0;39m &amp#27;[2m---&amp#27;[0;39m &amp#27;[2m[           main]&amp#27;[0;39m &amp#27;[36mo.s.w.s.h.BeanNameUrlHandlerMapping     &amp#27;[0;39m &amp#27;[2m:&amp#27;[0;39m Rejected bean name 'viewResolver': no URL paths identified
&amp#27;[2m2018-08-24 00:38:55.668&amp#27;[0;39m &amp#27;[32mDEBUG&amp#27;[0;39m &amp#27;[35m479&amp#27;[0;39m &amp#27;[2m---&amp#27;[0;39m &amp#27;[2m[           main]&amp#27;[0;39m &amp#27;[36mo.s.w.s.h.BeanNameUrlHandlerMapping     &amp#27;[0;39m &amp#27;[2m:&amp#27;[0;39m Rejected bean name 'welcomePageHandlerMapping': no URL paths identified
&amp#27;[2m2018-08-24 00:38:55.668&amp#27;[0;39m &amp#27;[32mDEBUG&amp#27;[0;39m &amp#27;[35m479&amp#27;[0;39m &amp#27;[2m---&amp#27;[0;39m &amp#27;[2m[           main]&amp#27;[0;39m &amp#27;[36mo.s.w.s.h.BeanNameUrlHandlerMapping     &amp#27;[0;39m &amp#27;[2m:&amp#27;[0;39m Rejected bean name 'requestContextFilter': no URL paths identified
&amp#27;[2m2018-08-24 00:38:55.668&amp#27;[0;39m &amp#27;[32mDEBUG&amp#27;[0;39m &amp#27;[35m479&amp#27;[0;39m &amp#27;[2m---&amp#27;[0;39m &amp#27;[2m[           main]&amp#27;[0;39m &amp#27;[36mo.s.w.s.h.BeanNameUrlHandlerMapping     &amp#27;[0;39m &amp#27;[2m:&amp#27;[0;39m Rejected bean name 'org.springframework.boot.autoconfigure.web.servlet.WebMvcAutoConfiguration': no URL paths identified
&amp#27;[2m2018-08-24 00:38:55.668&amp#27;[0;39m &amp#27;[32mDEBUG&amp#27;[0;39m &amp#27;[35m479&amp#27;[0;39m &amp#27;[2m---&amp#27;[0;39m &amp#27;[2m[           main]&amp#27;[0;39m &amp#27;[36mo.s.w.s.h.BeanNameUrlHandlerMapping     &amp#27;[0;39m &amp#27;[2m:&amp#27;[0;39m Rejected bean name 'hiddenHttpMethodFilter': no URL paths identified
&amp#27;[2m2018-08-24 00:38:55.668&amp#27;[0;39m &amp#27;[32mDEBUG&amp#27;[0;39m &amp#27;[35m479&amp#27;[0;39m &amp#27;[2m---&amp#27;[0;39m &amp#27;[2m[           main]&amp#27;[0;39m &amp#27;[36mo.s.w.s.h.BeanNameUrlHandlerMapping     &amp#27;[0;39m &amp#27;[2m:&amp#27;[0;39m Rejected bean name 'httpPutFormContentFilter': no URL paths identified
&amp#27;[2m2018-08-24 00:38:55.669&amp#27;[0;39m &amp#27;[32mDEBUG&amp#27;[0;39m &amp#27;[35m479&amp#27;[0;39m &amp#27;[2m---&amp#27;[0;39m &amp#27;[2m[           main]&amp#27;[0;39m &amp#27;[36mo.s.w.s.h.BeanNameUrlHandlerMapping     &amp#27;[0;39m &amp#27;[2m:&amp#27;[0;39m Rejected bean name 'org.springframework.boot.autoconfigure.aop.AopAutoConfiguration$CglibAutoProxyConfiguration': no URL paths identified
&amp#27;[2m2018-08-24 00:38:55.669&amp#27;[0;39m &amp#27;[32mDEBUG&amp#27;[0;39m &amp#27;[35m479&amp#27;[0;39m &amp#27;[2m---&amp#27;[0;39m &amp#27;[2m[           main]&amp#27;[0;39m &amp#27;[36mo.s.w.s.h.BeanNameUrlHandlerMapping     &amp#27;[0;39m &amp#27;[2m:&amp#27;[0;39m Rejected bean name 'org.springframework.aop.config.internalAutoProxyCreator': no URL paths identified
&amp#27;[2m2018-08-24 00:38:55.669&amp#27;[0;39m &amp#27;[32mDEBUG&amp#27;[0;39m &amp#27;[35m479&amp#27;[0;39m &amp#27;[2m---&amp#27;[0;39m &amp#27;[2m[           main]&amp#27;[0;39m &amp#27;[36mo.s.w.s.h.BeanNameUrlHandlerMapping     &amp#27;[0;39m &amp#27;[2m:&amp#27;[0;39m Rejected bean name 'org.springframework.boot.autoconfigure.aop.AopAutoConfiguration': no URL paths identified
&amp#27;[2m2018-08-24 00:38:55.669&amp#27;[0;39m &amp#27;[32mDEBUG&amp#27;[0;39m &amp#27;[35m479&amp#27;[0;39m &amp#27;[2m---&amp#27;[0;39m &amp#27;[2m[           main]&amp#27;[0;39m &amp#27;[36mo.s.w.s.h.BeanNameUrlHandlerMapping     &amp#27;[0;39m &amp#27;[2m:&amp#27;[0;39m Rejected bean name 'org.springframework.boot.autoconfigure.context.ConfigurationPropertiesAutoConfiguration': no URL paths identified
&amp#27;[2m2018-08-24 00:38:55.669&amp#27;[0;39m &amp#27;[32mDEBUG&amp#27;[0;39m &amp#27;[35m479&amp#27;[0;39m &amp#27;[2m---&amp#27;[0;39m &amp#27;[2m[           main]&amp#27;[0;39m &amp#27;[36mo.s.w.s.h.BeanNameUrlHandlerMapping     &amp#27;[0;39m &amp#27;[2m:&amp#27;[0;39m Rejected bean name 'org.springframework.boot.autoconfigure.jackson.JacksonAutoConfiguration$Jackson2ObjectMapperBuilderCustomizerConfiguration': no URL paths identified
&amp#27;[2m2018-08-24 00:38:55.669&amp#27;[0;39m &amp#27;[32mDEBUG&amp#27;[0;39m &amp#27;[35m479&amp#27;[0;39m &amp#27;[2m---&amp#27;[0;39m &amp#27;[2m[           main]&amp#27;[0;39m &amp#27;[36mo.s.w.s.h.BeanNameUrlHandlerMapping     &amp#27;[0;39m &amp#27;[2m:&amp#27;[0;39m Rejected bean name 'standardJacksonObjectMapperBuilderCustomizer': no URL paths identified
&amp#27;[2m2018-08-24 00:38:55.669&amp#27;[0;39m &amp#27;[32mDEBUG&amp#27;[0;39m &amp#27;[35m479&amp#27;[0;39m &amp#27;[2m---&amp#27;[0;39m &amp#27;[2m[           main]&amp#27;[0;39m &amp#27;[36mo.s.w.s.h.BeanNameUrlHandlerMapping     &amp#27;[0;39m &amp#27;[2m:&amp#27;[0;39m Rejected bean name 'spring.jackson-org.springframework.boot.autoconfigure.jackson.JacksonProperties': no URL paths identified
&amp#27;[2m2018-08-24 00:38:55.670&amp#27;[0;39m &amp#27;[32mDEBUG&amp#27;[0;39m &amp#27;[35m479&amp#27;[0;39m &amp#27;[2m---&amp#27;[0;39m &amp#27;[2m[           main]&amp#27;[0;39m &amp#27;[36mo.s.w.s.h.BeanNameUrlHandlerMapping     &amp#27;[0;39m &amp#27;[2m:&amp#27;[0;39m Rejected bean name 'org.springframework.boot.autoconfigure.jackson.JacksonAutoConfiguration$JacksonObjectMapperBuilderConfiguration': no URL paths identified
&amp#27;[2m2018-08-24 00:38:55.670&amp#27;[0;39m &amp#27;[32mDEBUG&amp#27;[0;39m &amp#27;[35m479&amp#27;[0;39m &amp#27;[2m---&amp#27;[0;39m &amp#27;[2m[           main]&amp#27;[0;39m &amp#27;[36mo.s.w.s.h.BeanNameUrlHandlerMapping     &amp#27;[0;39m &amp#27;[2m:&amp#27;[0;39m Rejected bean name 'jacksonObjectMapperBuilder': no URL paths identified
&amp#27;[2m2018-08-24 00:38:55.670&amp#27;[0;39m &amp#27;[32mDEBUG&amp#27;[0;39m &amp#27;[35m479&amp#27;[0;39m &amp#27;[2m---&amp#27;[0;39m &amp#27;[2m[           main]&amp#27;[0;39m &amp#27;[36mo.s.w.s.h.BeanNameUrlHandlerMapping     &amp#27;[0;39m &amp#27;[2m:&amp#27;[0;39m Rejected bean name 'org.springframework.boot.autoconfigure.jackson.JacksonAutoConfiguration$ParameterNamesModuleConfiguration': no URL paths identified
&amp#27;[2m2018-08-24 00:38:55.670&amp#27;[0;39m &amp#27;[32mDEBUG&amp#27;[0;39m &amp#27;[35m479&amp#27;[0;39m &amp#27;[2m---&amp#27;[0;39m &amp#27;[2m[           main]&amp#27;[0;39m &amp#27;[36mo.s.w.s.h.BeanNameUrlHandlerMapping     &amp#27;[0;39m &amp#27;[2m:&amp#27;[0;39m Rejected bean name 'parameterNamesModule': no URL paths identified
&amp#27;[2m2018-08-24 00:38:55.670&amp#27;[0;39m &amp#27;[32mDEBUG&amp#27;[0;39m &amp#27;[35m479&amp#27;[0;39m &amp#27;[2m---&amp#27;[0;39m &amp#27;[2m[           main]&amp#27;[0;39m &amp#27;[36mo.s.w.s.h.BeanNameUrlHandlerMapping     &amp#27;[0;39m &amp#27;[2m:&amp#27;[0;39m Rejected bean name 'org.springframework.boot.autoconfigure.jackson.JacksonAutoConfiguration$JacksonObjectMapperConfiguration': no URL paths identified
&amp#27;[2m2018-08-24 00:38:55.670&amp#27;[0;39m &amp#27;[32mDEBUG&amp#27;[0;39m &amp#27;[35m479&amp#27;[0;39m &amp#27;[2m---&amp#27;[0;39m &amp#27;[2m[           main]&amp#27;[0;39m &amp#27;[36mo.s.w.s.h.BeanNameUrlHandlerMapping     &amp#27;[0;39m &amp#27;[2m:&amp#27;[0;39m Rejected bean name 'jacksonObjectMapper': no URL paths identified
&amp#27;[2m2018-08-24 00:38:55.670&amp#27;[0;39m &amp#27;[32mDEBUG&amp#27;[0;39m &amp#27;[35m479&amp#27;[0;39m &amp#27;[2m---&amp#27;[0;39m &amp#27;[2m[           main]&amp#27;[0;39m &amp#27;[36mo.s.w.s.h.BeanNameUrlHandlerMapping     &amp#27;[0;39m &amp#27;[2m:&amp#27;[0;39m Rejected bean name 'org.springframework.boot.autoconfigure.jackson.JacksonAutoConfiguration': no URL paths identified
&amp#27;[2m2018-08-24 00:38:55.670&amp#27;[0;39m &amp#27;[32mDEBUG&amp#27;[0;39m &amp#27;[35m479&amp#27;[0;39m &amp#27;[2m---&amp#27;[0;39m &amp#27;[2m[           main]&amp#27;[0;39m &amp#27;[36mo.s.w.s.h.BeanNameUrlHandlerMapping     &amp#27;[0;39m &amp#27;[2m:&amp#27;[0;39m Rejected bean name 'jsonComponentModule': no URL paths identified
&amp#27;[2m2018-08-24 00:38:55.671&amp#27;[0;39m &amp#27;[32mDEBUG&amp#27;[0;39m &amp#27;[35m479&amp#27;[0;39m &amp#27;[2m---&amp#27;[0;39m &amp#27;[2m[           main]&amp#27;[0;39m &amp#27;[36mo.s.w.s.h.BeanNameUrlHandlerMapping     &amp#27;[0;39m &amp#27;[2m:&amp#27;[0;39m Rejected bean name 'org.springframework.boot.autoconfigure.http.HttpMessageConvertersAutoConfiguration$StringHttpMessageConverterConfiguration': no URL paths identified
&amp#27;[2m2018-08-24 00:38:55.671&amp#27;[0;39m &amp#27;[32mDEBUG&amp#27;[0;39m &amp#27;[35m479&amp#27;[0;39m &amp#27;[2m---&amp#27;[0;39m &amp#27;[2m[           main]&amp#27;[0;39m &amp#27;[36mo.s.w.s.h.BeanNameUrlHandlerMapping     &amp#27;[0;39m &amp#27;[2m:&amp#27;[0;39m Rejected bean name 'stringHttpMessageConverter': no URL paths identified
&amp#27;[2m2018-08-24 00:38:55.671&amp#27;[0;39m &amp#27;[32mDEBUG&amp#27;[0;39m &amp#27;[35m479&amp#27;[0;39m &amp#27;[2m---&amp#27;[0;39m &amp#27;[2m[           main]&amp#27;[0;39m &amp#27;[36mo.s.w.s.h.BeanNameUrlHandlerMapping     &amp#27;[0;39m &amp#27;[2m:&amp#27;[0;39m Rejected bean name 'spring.http.encoding-org.springframework.boot.autoconfigure.http.HttpEncodingProperties': no URL paths identified
&amp#27;[2m2018-08-24 00:38:55.671&amp#27;[0;39m &amp#27;[32mDEBUG&amp#27;[0;39m &amp#27;[35m479&amp#27;[0;39m &amp#27;[2m---&amp#27;[0;39m &amp#27;[2m[           main]&amp#27;[0;39m &amp#27;[36mo.s.w.s.h.BeanNameUrlHandlerMapping     &amp#27;[0;39m &amp#27;[2m:&amp#27;[0;39m Rejected bean name 'org.springframework.boot.autoconfigure.http.JacksonHttpMessageConvertersConfiguration$MappingJackson2HttpMessageConverterConfiguration': no URL paths identified
&amp#27;[2m2018-08-24 00:38:55.671&amp#27;[0;39m &amp#27;[32mDEBUG&amp#27;[0;39m &amp#27;[35m479&amp#27;[0;39m &amp#27;[2m---&amp#27;[0;39m &amp#27;[2m[           main]&amp#27;[0;39m &amp#27;[36mo.s.w.s.h.BeanNameUrlHandlerMapping     &amp#27;[0;39m &amp#27;[2m:&amp#27;[0;39m Rejected bean name 'mappingJackson2HttpMessageConverter': no URL paths identified
&amp#27;[2m2018-08-24 00:38:55.671&amp#27;[0;39m &amp#27;[32mDEBUG&amp#27;[0;39m &amp#27;[35m479&amp#27;[0;39m &amp#27;[2m---&amp#27;[0;39m &amp#27;[2m[           main]&amp#27;[0;39m &amp#27;[36mo.s.w.s.h.BeanNameUrlHandlerMapping     &amp#27;[0;39m &amp#27;[2m:&amp#27;[0;39m Rejected bean name 'org.springframework.boot.autoconfigure.http.JacksonHttpMessageConvertersConfiguration': no URL paths identified
&amp#27;[2m2018-08-24 00:38:55.671&amp#27;[0;39m &amp#27;[32mDEBUG&amp#27;[0;39m &amp#27;[35m479&amp#27;[0;39m &amp#27;[2m---&amp#27;[0;39m &amp#27;[2m[           main]&amp#27;[0;39m &amp#27;[36mo.s.w.s.h.BeanNameUrlHandlerMapping     &amp#27;[0;39m &amp#27;[2m:&amp#27;[0;39m Rejected bean name 'org.springframework.boot.autoconfigure.http.HttpMessageConvertersAutoConfiguration': no URL paths identified
&amp#27;[2m2018-08-24 00:38:55.672&amp#27;[0;39m &amp#27;[32mDEBUG&amp#27;[0;39m &amp#27;[35m479&amp#27;[0;39m &amp#27;[2m---&amp#27;[0;39m &amp#27;[2m[           main]&amp#27;[0;39m &amp#27;[36mo.s.w.s.h.BeanNameUrlHandlerMapping     &amp#27;[0;39m &amp#27;[2m:&amp#27;[0;39m Rejected bean name 'messageConverters': no URL paths identified
&amp#27;[2m2018-08-24 00:38:55.672&amp#27;[0;39m &amp#27;[32mDEBUG&amp#27;[0;39m &amp#27;[35m479&amp#27;[0;39m &amp#27;[2m---&amp#27;[0;39m &amp#27;[2m[           main]&amp#27;[0;39m &amp#27;[36mo.s.w.s.h.BeanNameUrlHandlerMapping     &amp#27;[0;39m &amp#27;[2m:&amp#27;[0;39m Rejected bean name 'org.springframework.boot.autoconfigure.http.codec.CodecsAutoConfiguration$JacksonCodecConfiguration': no URL paths identified
&amp#27;[2m2018-08-24 00:38:55.672&amp#27;[0;39m &amp#27;[32mDEBUG&amp#27;[0;39m &amp#27;[35m479&amp#27;[0;39m &amp#27;[2m---&amp#27;[0;39m &amp#27;[2m[           main]&amp#27;[0;39m &amp#27;[36mo.s.w.s.h.BeanNameUrlHandlerMapping     &amp#27;[0;39m &amp#27;[2m:&amp#27;[0;39m Rejected bean name 'jacksonCodecCustomizer': no URL paths identified
&amp#27;[2m2018-08-24 00:38:55.672&amp#27;[0;39m &amp#27;[32mDEBUG&amp#27;[0;39m &amp#27;[35m479&amp#27;[0;39m &amp#27;[2m---&amp#27;[0;39m &amp#27;[2m[           main]&amp#27;[0;39m &amp#27;[36mo.s.w.s.h.BeanNameUrlHandlerMapping     &amp#27;[0;39m &amp#27;[2m:&amp#27;[0;39m Rejected bean name 'org.springframework.boot.autoconfigure.http.codec.CodecsAutoConfiguration': no URL paths identified
&amp#27;[2m2018-08-24 00:38:55.672&amp#27;[0;39m &amp#27;[32mDEBUG&amp#27;[0;39m &amp#27;[35m479&amp#27;[0;39m &amp#27;[2m---&amp#27;[0;39m &amp#27;[2m[           main]&amp#27;[0;39m &amp#27;[36mo.s.w.s.h.BeanNameUrlHandlerMapping     &amp#27;[0;39m &amp#27;[2m:&amp#27;[0;39m Rejected bean name 'org.springframework.boot.autoconfigure.info.ProjectInfoAutoConfiguration': no URL paths identified
&amp#27;[2m2018-08-24 00:38:55.672&amp#27;[0;39m &amp#27;[32mDEBUG&amp#27;[0;39m &amp#27;[35m479&amp#27;[0;39m &amp#27;[2m---&amp#27;[0;39m &amp#27;[2m[           main]&amp#27;[0;39m &amp#27;[36mo.s.w.s.h.BeanNameUrlHandlerMapping     &amp#27;[0;39m &amp#27;[2m:&amp#27;[0;39m Rejected bean name 'spring.info-org.springframework.boot.autoconfigure.info.ProjectInfoProperties': no URL paths identified
&amp#27;[2m2018-08-24 00:38:55.672&amp#27;[0;39m &amp#27;[32mDEBUG&amp#27;[0;39m &amp#27;[35m479&amp#27;[0;39m &amp#27;[2m---&amp#27;[0;39m &amp#27;[2m[           main]&amp#27;[0;39m &amp#27;[36mo.s.w.s.h.BeanNameUrlHandlerMapping     &amp#27;[0;39m &amp#27;[2m:&amp#27;[0;39m Rejected bean name 'org.springframework.boot.autoconfigure.security.reactive.ReactiveSecurityAutoConfiguration': no URL paths identified
&amp#27;[2m2018-08-24 00:38:55.672&amp#27;[0;39m &amp#27;[32mDEBUG&amp#27;[0;39m &amp#27;[35m479&amp#27;[0;39m &amp#27;[2m---&amp#27;[0;39m &amp#27;[2m[           main]&amp#27;[0;39m &amp#27;[36mo.s.w.s.h.BeanNameUrlHandlerMapping     &amp#27;[0;39m &amp#27;[2m:&amp#27;[0;39m Rejected bean name 'spring.security-org.springframework.boot.autoconfigure.security.SecurityProperties': no URL paths identified
&amp#27;[2m2018-08-24 00:38:55.673&amp#27;[0;39m &amp#27;[32mDEBUG&amp#27;[0;39m &amp#27;[35m479&amp#27;[0;39m &amp#27;[2m---&amp#27;[0;39m &amp#27;[2m[           main]&amp#27;[0;39m &amp#27;[36mo.s.w.s.h.BeanNameUrlHandlerMapping     &amp#27;[0;39m &amp#27;[2m:&amp#27;[0;39m Rejected bean name 'org.springframework.boot.autoconfigure.security.servlet.SecurityAutoConfiguration': no URL paths identified
&amp#27;[2m2018-08-24 00:38:55.673&amp#27;[0;39m &amp#27;[32mDEBUG&amp#27;[0;39m &amp#27;[35m479&amp#27;[0;39m &amp#27;[2m---&amp#27;[0;39m &amp#27;[2m[           main]&amp#27;[0;39m &amp#27;[36mo.s.w.s.h.BeanNameUrlHandlerMapping     &amp#27;[0;39m &amp#27;[2m:&amp#27;[0;39m Rejected bean name 'authenticationEventPublisher': no URL paths identified
&amp#27;[2m2018-08-24 00:38:55.673&amp#27;[0;39m &amp#27;[32mDEBUG&amp#27;[0;39m &amp#27;[35m479&amp#27;[0;39m &amp#27;[2m---&amp#27;[0;39m &amp#27;[2m[           main]&amp#27;[0;39m &amp#27;[36mo.s.w.s.h.BeanNameUrlHandlerMapping     &amp#27;[0;39m &amp#27;[2m:&amp#27;[0;39m Rejected bean name 'org.springframework.boot.autoconfigure.security.servlet.SecurityFilterAutoConfiguration': no URL paths identified
&amp#27;[2m2018-08-24 00:38:55.673&amp#27;[0;39m &amp#27;[32mDEBUG&amp#27;[0;39m &amp#27;[35m479&amp#27;[0;39m &amp#27;[2m---&amp#27;[0;39m &amp#27;[2m[           main]&amp#27;[0;39m &amp#27;[36mo.s.w.s.h.BeanNameUrlHandlerMapping     &amp#27;[0;39m &amp#27;[2m:&amp#27;[0;39m Rejected bean name 'securityFilterChainRegistration': no URL paths identified
&amp#27;[2m2018-08-24 00:38:55.673&amp#27;[0;39m &amp#27;[32mDEBUG&amp#27;[0;39m &amp#27;[35m479&amp#27;[0;39m &amp#27;[2m---&amp#27;[0;39m &amp#27;[2m[           main]&amp#27;[0;39m &amp#27;[36mo.s.w.s.h.BeanNameUrlHandlerMapping     &amp#27;[0;39m &amp#27;[2m:&amp#27;[0;39m Rejected bean name 'org.springframework.boot.autoconfigure.security.servlet.UserDetailsServiceAutoConfiguration': no URL paths identified
&amp#27;[2m2018-08-24 00:38:55.673&amp#27;[0;39m &amp#27;[32mDEBUG&amp#27;[0;39m &amp#27;[35m479&amp#27;[0;39m &amp#27;[2m---&amp#27;[0;39m &amp#27;[2m[           main]&amp#27;[0;39m &amp#27;[36mo.s.w.s.h.BeanNameUrlHandlerMapping     &amp#27;[0;39m &amp#27;[2m:&amp#27;[0;39m Rejected bean name 'inMemoryUserDetailsManager': no URL paths identified
&amp#27;[2m2018-08-24 00:38:55.673&amp#27;[0;39m &amp#27;[32mDEBUG&amp#27;[0;39m &amp#27;[35m479&amp#27;[0;39m &amp#27;[2m---&amp#27;[0;39m &amp#27;[2m[           main]&amp#27;[0;39m &amp#27;[36mo.s.w.s.h.BeanNameUrlHandlerMapping     &amp#27;[0;39m &amp#27;[2m:&amp#27;[0;39m Rejected bean name 'org.springframework.boot.autoconfigure.thymeleaf.ThymeleafAutoConfiguration$ThymeleafJava8TimeDialect': no URL paths identified
&amp#27;[2m2018-08-24 00:38:55.673&amp#27;[0;39m &amp#27;[32mDEBUG&amp#27;[0;39m &amp#27;[35m479&amp#27;[0;39m &amp#27;[2m---&amp#27;[0;39m &amp#27;[2m[           main]&amp#27;[0;39m &amp#27;[36mo.s.w.s.h.BeanNameUrlHandlerMapping     &amp#27;[0;39m &amp#27;[2m:&amp#27;[0;39m Rejected bean name 'java8TimeDialect': no URL paths identified
&amp#27;[2m2018-08-24 00:38:55.674&amp#27;[0;39m &amp#27;[32mDEBUG&amp#27;[0;39m &amp#27;[35m479&amp#27;[0;39m &amp#27;[2m---&amp#27;[0;39m &amp#27;[2m[           main]&amp#27;[0;39m &amp#27;[36mo.s.w.s.h.BeanNameUrlHandlerMapping     &amp#27;[0;39m &amp#27;[2m:&amp#27;[0;39m Rejected bean name 'org.springframework.boot.autoconfigure.thymeleaf.ThymeleafAutoConfiguration$ThymeleafWebMvcConfiguration$ThymeleafViewResolverConfiguration': no URL paths identified
&amp#27;[2m2018-08-24 00:38:55.674&amp#27;[0;39m &amp#27;[32mDEBUG&amp#27;[0;39m &amp#27;[35m479&amp#27;[0;39m &amp#27;[2m---&amp#27;[0;39m &amp#27;[2m[           main]&amp#27;[0;39m &amp#27;[36mo.s.w.s.h.BeanNameUrlHandlerMapping     &amp#27;[0;39m &amp#27;[2m:&amp#27;[0;39m Rejected bean name 'thymeleafViewResolver': no URL paths identified
&amp#27;[2m2018-08-24 00:38:55.674&amp#27;[0;39m &amp#27;[32mDEBUG&amp#27;[0;39m &amp#27;[35m479&amp#27;[0;39m &amp#27;[2m---&amp#27;[0;39m &amp#27;[2m[           main]&amp#27;[0;39m &amp#27;[36mo.s.w.s.h.BeanNameUrlHandlerMapping     &amp#27;[0;39m &amp#27;[2m:&amp#27;[0;39m Rejected bean name 'org.springframework.boot.autoconfigure.thymeleaf.ThymeleafAutoConfiguration$ThymeleafWebMvcConfiguration': no URL paths identified
&amp#27;[2m2018-08-24 00:38:55.674&amp#27;[0;39m &amp#27;[32mDEBUG&amp#27;[0;39m &amp#27;[35m479&amp#27;[0;39m &amp#27;[2m---&amp#27;[0;39m &amp#27;[2m[           main]&amp#27;[0;39m &amp#27;[36mo.s.w.s.h.BeanNameUrlHandlerMapping     &amp#27;[0;39m &amp#27;[2m:&amp#27;[0;39m Rejected bean name 'org.springframework.boot.autoconfigure.thymeleaf.ThymeleafAutoConfiguration$ThymeleafDefaultConfiguration': no URL paths identified
&amp#27;[2m2018-08-24 00:38:55.674&amp#27;[0;39m &amp#27;[32mDEBUG&amp#27;[0;39m &amp#27;[35m479&amp#27;[0;39m &amp#27;[2m---&amp#27;[0;39m &amp#27;[2m[           main]&amp#27;[0;39m &amp#27;[36mo.s.w.s.h.BeanNameUrlHandlerMapping     &amp#27;[0;39m &amp#27;[2m:&amp#27;[0;39m Rejected bean name 'templateEngine': no URL paths identified
&amp#27;[2m2018-08-24 00:38:55.674&amp#27;[0;39m &amp#27;[32mDEBUG&amp#27;[0;39m &amp#27;[35m479&amp#27;[0;39m &amp#27;[2m---&amp#27;[0;39m &amp#27;[2m[           main]&amp#27;[0;39m &amp#27;[36mo.s.w.s.h.BeanNameUrlHandlerMapping     &amp#27;[0;39m &amp#27;[2m:&amp#27;[0;39m Rejected bean name 'org.springframework.boot.autoconfigure.thymeleaf.ThymeleafAutoConfiguration$DefaultTemplateResolverConfiguration': no URL paths identified
&amp#27;[2m2018-08-24 00:38:55.674&amp#27;[0;39m &amp#27;[32mDEBUG&amp#27;[0;39m &amp#27;[35m479&amp#27;[0;39m &amp#27;[2m---&amp#27;[0;39m &amp#27;[2m[           main]&amp#27;[0;39m &amp#27;[36mo.s.w.s.h.BeanNameUrlHandlerMapping     &amp#27;[0;39m &amp#27;[2m:&amp#27;[0;39m Rejected bean name 'defaultTemplateResolver': no URL paths identified
&amp#27;[2m2018-08-24 00:38:55.674&amp#27;[0;39m &amp#27;[32mDEBUG&amp#27;[0;39m &amp#27;[35m479&amp#27;[0;39m &amp#27;[2m---&amp#27;[0;39m &amp#27;[2m[           main]&amp#27;[0;39m &amp#27;[36mo.s.w.s.h.BeanNameUrlHandlerMapping     &amp#27;[0;39m &amp#27;[2m:&amp#27;[0;39m Rejected bean name 'org.springframework.boot.autoconfigure.thymeleaf.ThymeleafAutoConfiguration': no URL paths identified
&amp#27;[2m2018-08-24 00:38:55.674&amp#27;[0;39m &amp#27;[32mDEBUG&amp#27;[0;39m &amp#27;[35m479&amp#27;[0;39m &amp#27;[2m---&amp#27;[0;39m &amp#27;[2m[           main]&amp#27;[0;39m &amp#27;[36mo.s.w.s.h.BeanNameUrlHandlerMapping     &amp#27;[0;39m &amp#27;[2m:&amp#27;[0;39m Rejected bean name 'spring.thymeleaf-org.springframework.boot.autoconfigure.thymeleaf.ThymeleafProperties': no URL paths identified
&amp#27;[2m2018-08-24 00:38:55.675&amp#27;[0;39m &amp#27;[32mDEBUG&amp#27;[0;39m &amp#27;[35m479&amp#27;[0;39m &amp#27;[2m---&amp#27;[0;39m &amp#27;[2m[           main]&amp#27;[0;39m &amp#27;[36mo.s.w.s.h.BeanNameUrlHandlerMapping     &amp#27;[0;39m &amp#27;[2m:&amp#27;[0;39m Rejected bean name 'org.springframework.boot.autoconfigure.web.client.RestTemplateAutoConfiguration': no URL paths identified
&amp#27;[2m2018-08-24 00:38:55.675&amp#27;[0;39m &amp#27;[32mDEBUG&amp#27;[0;39m &amp#27;[35m479&amp#27;[0;39m &amp#27;[2m---&amp#27;[0;39m &amp#27;[2m[           main]&amp#27;[0;39m &amp#27;[36mo.s.w.s.h.BeanNameUrlHandlerMapping     &amp#27;[0;39m &amp#27;[2m:&amp#27;[0;39m Rejected bean name 'restTemplateBuilder': no URL paths identified
&amp#27;[2m2018-08-24 00:38:55.675&amp#27;[0;39m &amp#27;[32mDEBUG&amp#27;[0;39m &amp#27;[35m479&amp#27;[0;39m &amp#27;[2m---&amp#27;[0;39m &amp#27;[2m[           main]&amp#27;[0;39m &amp#27;[36mo.s.w.s.h.BeanNameUrlHandlerMapping     &amp#27;[0;39m &amp#27;[2m:&amp#27;[0;39m Rejected bean name 'org.springframework.boot.autoconfigure.web.embedded.EmbeddedWebServerFactoryCustomizerAutoConfiguration$TomcatWebServerFactoryCustomizerConfiguration': no URL paths identified
&amp#27;[2m2018-08-24 00:38:55.675&amp#27;[0;39m &amp#27;[32mDEBUG&amp#27;[0;39m &amp#27;[35m479&amp#27;[0;39m &amp#27;[2m---&amp#27;[0;39m &amp#27;[2m[           main]&amp#27;[0;39m &amp#27;[36mo.s.w.s.h.BeanNameUrlHandlerMapping     &amp#27;[0;39m &amp#27;[2m:&amp#27;[0;39m Rejected bean name 'tomcatWebServerFactoryCustomizer': no URL paths identified
&amp#27;[2m2018-08-24 00:38:55.675&amp#27;[0;39m &amp#27;[32mDEBUG&amp#27;[0;39m &amp#27;[35m479&amp#27;[0;39m &amp#27;[2m---&amp#27;[0;39m &amp#27;[2m[           main]&amp#27;[0;39m &amp#27;[36mo.s.w.s.h.BeanNameUrlHandlerMapping     &amp#27;[0;39m &amp#27;[2m:&amp#27;[0;39m Rejected bean name 'org.springframework.boot.autoconfigure.web.embedded.EmbeddedWebServerFactoryCustomizerAutoConfiguration': no URL paths identified
&amp#27;[2m2018-08-24 00:38:55.675&amp#27;[0;39m &amp#27;[32mDEBUG&amp#27;[0;39m &amp#27;[35m479&amp#27;[0;39m &amp#27;[2m---&amp#27;[0;39m &amp#27;[2m[           main]&amp#27;[0;39m &amp#27;[36mo.s.w.s.h.BeanNameUrlHandlerMapping     &amp#27;[0;39m &amp#27;[2m:&amp#27;[0;39m Rejected bean name 'org.springframework.boot.autoconfigure.web.servlet.HttpEncodingAutoConfiguration': no URL paths identified
&amp#27;[2m2018-08-24 00:38:55.675&amp#27;[0;39m &amp#27;[32mDEBUG&amp#27;[0;39m &amp#27;[35m479&amp#27;[0;39m &amp#27;[2m---&amp#27;[0;39m &amp#27;[2m[           main]&amp#27;[0;39m &amp#27;[36mo.s.w.s.h.BeanNameUrlHandlerMapping     &amp#27;[0;39m &amp#27;[2m:&amp#27;[0;39m Rejected bean name 'characterEncodingFilter': no URL paths identified
&amp#27;[2m2018-08-24 00:38:55.675&amp#27;[0;39m &amp#27;[32mDEBUG&amp#27;[0;39m &amp#27;[35m479&amp#27;[0;39m &amp#27;[2m---&amp#27;[0;39m &amp#27;[2m[           main]&amp#27;[0;39m &amp#27;[36mo.s.w.s.h.BeanNameUrlHandlerMapping     &amp#27;[0;39m &amp#27;[2m:&amp#27;[0;39m Rejected bean name 'localeCharsetMappingsCustomizer': no URL paths identified
&amp#27;[2m2018-08-24 00:38:55.676&amp#27;[0;39m &amp#27;[32mDEBUG&amp#27;[0;39m &amp#27;[35m479&amp#27;[0;39m &amp#27;[2m---&amp#27;[0;39m &amp#27;[2m[           main]&amp#27;[0;39m &amp#27;[36mo.s.w.s.h.BeanNameUrlHandlerMapping     &amp#27;[0;39m &amp#27;[2m:&amp#27;[0;39m Rejected bean name 'org.springframework.boot.autoconfigure.web.servlet.MultipartAutoConfiguration': no URL paths identified
&amp#27;[2m2018-08-24 00:38:55.676&amp#27;[0;39m &amp#27;[32mDEBUG&amp#27;[0;39m &amp#27;[35m479&amp#27;[0;39m &amp#27;[2m---&amp#27;[0;39m &amp#27;[2m[           main]&amp#27;[0;39m &amp#27;[36mo.s.w.s.h.BeanNameUrlHandlerMapping     &amp#27;[0;39m &amp#27;[2m:&amp#27;[0;39m Rejected bean name 'multipartConfigElement': no URL paths identified
&amp#27;[2m2018-08-24 00:38:55.676&amp#27;[0;39m &amp#27;[32mDEBUG&amp#27;[0;39m &amp#27;[35m479&amp#27;[0;39m &amp#27;[2m---&amp#27;[0;39m &amp#27;[2m[           main]&amp#27;[0;39m &amp#27;[36mo.s.w.s.h.BeanNameUrlHandlerMapping     &amp#27;[0;39m &amp#27;[2m:&amp#27;[0;39m Rejected bean name 'multipartResolver': no URL paths identified
&amp#27;[2m2018-08-24 00:38:55.676&amp#27;[0;39m &amp#27;[32mDEBUG&amp#27;[0;39m &amp#27;[35m479&amp#27;[0;39m &amp#27;[2m---&amp#27;[0;39m &amp#27;[2m[           main]&amp#27;[0;39m &amp#27;[36mo.s.w.s.h.BeanNameUrlHandlerMapping     &amp#27;[0;39m &amp#27;[2m:&amp#27;[0;39m Rejected bean name 'spring.servlet.multipart-org.springframework.boot.autoconfigure.web.servlet.MultipartProperties': no URL paths identified
&amp#27;[2m2018-08-24 00:38:55.676&amp#27;[0;39m &amp#27;[32mDEBUG&amp#27;[0;39m &amp#27;[35m479&amp#27;[0;39m &amp#27;[2m---&amp#27;[0;39m &amp#27;[2m[           main]&amp#27;[0;39m &amp#27;[36mo.s.w.s.h.BeanNameUrlHandlerMapping     &amp#27;[0;39m &amp#27;[2m:&amp#27;[0;39m Rejected bean name 'org.springframework.cloud.autoconfigure.ConfigurationPropertiesRebinderAutoConfiguration': no URL paths identified
&amp#27;[2m2018-08-24 00:38:55.676&amp#27;[0;39m &amp#27;[32mDEBUG&amp#27;[0;39m &amp#27;[35m479&amp#27;[0;39m &amp#27;[2m---&amp#27;[0;39m &amp#27;[2m[           main]&amp#27;[0;39m &amp#27;[36mo.s.w.s.h.BeanNameUrlHandlerMapping     &amp#27;[0;39m &amp#27;[2m:&amp#27;[0;39m Rejected bean name 'configurationPropertiesBeans': no URL paths identified
&amp#27;[2m2018-08-24 00:38:55.676&amp#27;[0;39m &amp#27;[32mDEBUG&amp#27;[0;39m &amp#27;[35m479&amp#27;[0;39m &amp#27;[2m---&amp#27;[0;39m &amp#27;[2m[           main]&amp#27;[0;39m &amp#27;[36mo.s.w.s.h.BeanNameUrlHandlerMapping     &amp#27;[0;39m &amp#27;[2m:&amp#27;[0;39m Rejected bean name 'configurationPropertiesRebinder': no URL paths identified
&amp#27;[2m2018-08-24 00:38:55.676&amp#27;[0;39m &amp#27;[32mDEBUG&amp#27;[0;39m &amp#27;[35m479&amp#27;[0;39m &amp#27;[2m---&amp#27;[0;39m &amp#27;[2m[           main]&amp#27;[0;39m &amp#27;[36mo.s.w.s.h.BeanNameUrlHandlerMapping     &amp#27;[0;39m &amp#27;[2m:&amp#27;[0;39m Rejected bean name 'org.springframework.cloud.autoconfigure.LifecycleMvcEndpointAutoConfiguration': no URL paths identified
&amp#27;[2m2018-08-24 00:38:55.677&amp#27;[0;39m &amp#27;[32mDEBUG&amp#27;[0;39m &amp#27;[35m479&amp#27;[0;39m &amp#27;[2m---&amp#27;[0;39m &amp#27;[2m[           main]&amp#27;[0;39m &amp#27;[36mo.s.w.s.h.BeanNameUrlHandlerMapping     &amp#27;[0;39m &amp#27;[2m:&amp#27;[0;39m Rejected bean name 'environmentManager': no URL paths identified
&amp#27;[2m2018-08-24 00:38:55.677&amp#27;[0;39m &amp#27;[32mDEBUG&amp#27;[0;39m &amp#27;[35m479&amp#27;[0;39m &amp#27;[2m---&amp#27;[0;39m &amp#27;[2m[           main]&amp#27;[0;39m &amp#27;[36mo.s.w.s.h.BeanNameUrlHandlerMapping     &amp#27;[0;39m &amp#27;[2m:&amp#27;[0;39m Rejected bean name 'org.springframework.cloud.autoconfigure.RefreshAutoConfiguration$RefreshScopeBeanDefinitionEnhancer': no URL paths identified
&amp#27;[2m2018-08-24 00:38:55.677&amp#27;[0;39m &amp#27;[32mDEBUG&amp#27;[0;39m &amp#27;[35m479&amp#27;[0;39m &amp#27;[2m---&amp#27;[0;39m &amp#27;[2m[           main]&amp#27;[0;39m &amp#27;[36mo.s.w.s.h.BeanNameUrlHandlerMapping     &amp#27;[0;39m &amp#27;[2m:&amp#27;[0;39m Rejected bean name 'org.springframework.cloud.autoconfigure.RefreshAutoConfiguration': no URL paths identified
&amp#27;[2m2018-08-24 00:38:55.677&amp#27;[0;39m &amp#27;[32mDEBUG&amp#27;[0;39m &amp#27;[35m479&amp#27;[0;39m &amp#27;[2m---&amp#27;[0;39m &amp#27;[2m[           main]&amp#27;[0;39m &amp#27;[36mo.s.w.s.h.BeanNameUrlHandlerMapping     &amp#27;[0;39m &amp#27;[2m:&amp#27;[0;39m Rejected bean name 'refreshScope': no URL paths identified
&amp#27;[2m2018-08-24 00:38:55.677&amp#27;[0;39m &amp#27;[32mDEBUG&amp#27;[0;39m &amp#27;[35m479&amp#27;[0;39m &amp#27;[2m---&amp#27;[0;39m &amp#27;[2m[           main]&amp#27;[0;39m &amp#27;[36mo.s.w.s.h.BeanNameUrlHandlerMapping     &amp#27;[0;39m &amp#27;[2m:&amp#27;[0;39m Rejected bean name 'loggingRebinder': no URL paths identified
&amp#27;[2m2018-08-24 00:38:55.677&amp#27;[0;39m &amp#27;[32mDEBUG&amp#27;[0;39m &amp#27;[35m479&amp#27;[0;39m &amp#27;[2m---&amp#27;[0;39m &amp#27;[2m[           main]&amp#27;[0;39m &amp#27;[36mo.s.w.s.h.BeanNameUrlHandlerMapping     &amp#27;[0;39m &amp#27;[2m:&amp#27;[0;39m Rejected bean name 'contextRefresher': no URL paths identified
&amp#27;[2m2018-08-24 00:38:55.677&amp#27;[0;39m &amp#27;[32mDEBUG&amp#27;[0;39m &amp#27;[35m479&amp#27;[0;39m &amp#27;[2m---&amp#27;[0;39m &amp#27;[2m[           main]&amp#27;[0;39m &amp#27;[36mo.s.w.s.h.BeanNameUrlHandlerMapping     &amp#27;[0;39m &amp#27;[2m:&amp#27;[0;39m Rejected bean name 'refreshEventListener': no URL paths identified
&amp#27;[2m2018-08-24 00:38:55.677&amp#27;[0;39m &amp#27;[32mDEBUG&amp#27;[0;39m &amp#27;[35m479&amp#27;[0;39m &amp#27;[2m---&amp#27;[0;39m &amp#27;[2m[           main]&amp#27;[0;39m &amp#27;[36mo.s.w.s.h.BeanNameUrlHandlerMapping     &amp#27;[0;39m &amp#27;[2m:&amp#27;[0;39m Rejected bean name 'org.springframework.cloud.client.CommonsClientAutoConfiguration': no URL paths identified
&amp#27;[2m2018-08-24 00:38:55.678&amp#27;[0;39m &amp#27;[32mDEBUG&amp#27;[0;39m &amp#27;[35m479&amp#27;[0;39m &amp#27;[2m---&amp#27;[0;39m &amp#27;[2m[           main]&amp#27;[0;39m &amp#27;[36mo.s.w.s.h.BeanNameUrlHandlerMapping     &amp#27;[0;39m &amp#27;[2m:&amp#27;[0;39m Rejected bean name 'org.springframework.cloud.client.discovery.composite.CompositeDiscoveryClientAutoConfiguration': no URL paths identified
&amp#27;[2m2018-08-24 00:38:55.678&amp#27;[0;39m &amp#27;[32mDEBUG&amp#27;[0;39m &amp#27;[35m479&amp#27;[0;39m &amp#27;[2m---&amp#27;[0;39m &amp#27;[2m[           main]&amp#27;[0;39m &amp#27;[36mo.s.w.s.h.BeanNameUrlHandlerMapping     &amp#27;[0;39m &amp#27;[2m:&amp#27;[0;39m Rejected bean name 'compositeDiscoveryClient': no URL paths identified
&amp#27;[2m2018-08-24 00:38:55.678&amp#27;[0;39m &amp#27;[32mDEBUG&amp#27;[0;39m &amp#27;[35m479&amp#27;[0;39m &amp#27;[2m---&amp#27;[0;39m &amp#27;[2m[           main]&amp#27;[0;39m &amp#27;[36mo.s.w.s.h.BeanNameUrlHandlerMapping     &amp#27;[0;39m &amp#27;[2m:&amp#27;[0;39m Rejected bean name 'org.springframework.cloud.client.discovery.simple.SimpleDiscoveryClientAutoConfiguration': no URL paths identified
&amp#27;[2m2018-08-24 00:38:55.678&amp#27;[0;39m &amp#27;[32mDEBUG&amp#27;[0;39m &amp#27;[35m479&amp#27;[0;39m &amp#27;[2m---&amp#27;[0;39m &amp#27;[2m[           main]&amp#27;[0;39m &amp#27;[36mo.s.w.s.h.BeanNameUrlHandlerMapping     &amp#27;[0;39m &amp#27;[2m:&amp#27;[0;39m Rejected bean name 'simpleDiscoveryProperties': no URL paths identified
&amp#27;[2m2018-08-24 00:38:55.678&amp#27;[0;39m &amp#27;[32mDEBUG&amp#27;[0;39m &amp#27;[35m479&amp#27;[0;39m &amp#27;[2m---&amp#27;[0;39m &amp#27;[2m[           main]&amp#27;[0;39m &amp#27;[36mo.s.w.s.h.BeanNameUrlHandlerMapping     &amp#27;[0;39m &amp#27;[2m:&amp#27;[0;39m Rejected bean name 'simpleDiscoveryClient': no URL paths identified
&amp#27;[2m2018-08-24 00:38:55.678&amp#27;[0;39m &amp#27;[32mDEBUG&amp#27;[0;39m &amp#27;[35m479&amp#27;[0;39m &amp#27;[2m---&amp#27;[0;39m &amp#27;[2m[           main]&amp#27;[0;39m &amp#27;[36mo.s.w.s.h.BeanNameUrlHandlerMapping     &amp#27;[0;39m &amp#27;[2m:&amp#27;[0;39m Rejected bean name 'org.springframework.cloud.netflix.ribbon.RibbonAutoConfiguration': no URL paths identified
&amp#27;[2m2018-08-24 00:38:55.678&amp#27;[0;39m &amp#27;[32mDEBUG&amp#27;[0;39m &amp#27;[35m479&amp#27;[0;39m &amp#27;[2m---&amp#27;[0;39m &amp#27;[2m[           main]&amp#27;[0;39m &amp#27;[36mo.s.w.s.h.BeanNameUrlHandlerMapping     &amp#27;[0;39m &amp#27;[2m:&amp#27;[0;39m Rejected bean name 'ribbonFeature': no URL paths identified
&amp#27;[2m2018-08-24 00:38:55.679&amp#27;[0;39m &amp#27;[32mDEBUG&amp#27;[0;39m &amp#27;[35m479&amp#27;[0;39m &amp#27;[2m---&amp#27;[0;39m &amp#27;[2m[           main]&amp#27;[0;39m &amp#27;[36mo.s.w.s.h.BeanNameUrlHandlerMapping     &amp#27;[0;39m &amp#27;[2m:&amp#27;[0;39m Rejected bean name 'springClientFactory': no URL paths identified
&amp#27;[2m2018-08-24 00:38:55.679&amp#27;[0;39m &amp#27;[32mDEBUG&amp#27;[0;39m &amp#27;[35m479&amp#27;[0;39m &amp#27;[2m---&amp#27;[0;39m &amp#27;[2m[           main]&amp#27;[0;39m &amp#27;[36mo.s.w.s.h.BeanNameUrlHandlerMapping     &amp#27;[0;39m &amp#27;[2m:&amp#27;[0;39m Rejected bean name 'loadBalancerClient': no URL paths identified
&amp#27;[2m2018-08-24 00:38:55.679&amp#27;[0;39m &amp#27;[32mDEBUG&amp#27;[0;39m &amp#27;[35m479&amp#27;[0;39m &amp#27;[2m---&amp#27;[0;39m &amp#27;[2m[           main]&amp#27;[0;39m &amp#27;[36mo.s.w.s.h.BeanNameUrlHandlerMapping     &amp#27;[0;39m &amp#27;[2m:&amp#27;[0;39m Rejected bean name 'propertiesFactory': no URL paths identified
&amp#27;[2m2018-08-24 00:38:55.679&amp#27;[0;39m &amp#27;[32mDEBUG&amp#27;[0;39m &amp#27;[35m479&amp#27;[0;39m &amp#27;[2m---&amp#27;[0;39m &amp#27;[2m[           main]&amp#27;[0;39m &amp#27;[36mo.s.w.s.h.BeanNameUrlHandlerMapping     &amp#27;[0;39m &amp#27;[2m:&amp#27;[0;39m Rejected bean name 'default.org.springframework.cloud.netflix.ribbon.RibbonAutoConfiguration.RibbonClientSpecification': no URL paths identified
&amp#27;[2m2018-08-24 00:38:55.679&amp#27;[0;39m &amp#27;[32mDEBUG&amp#27;[0;39m &amp#27;[35m479&amp#27;[0;39m &amp#27;[2m---&amp#27;[0;39m &amp#27;[2m[           main]&amp#27;[0;39m &amp#27;[36mo.s.w.s.h.BeanNameUrlHandlerMapping     &amp#27;[0;39m &amp#27;[2m:&amp#27;[0;39m Rejected bean name 'ribbon.eager-load-org.springframework.cloud.netflix.ribbon.RibbonEagerLoadProperties': no URL paths identified
&amp#27;[2m2018-08-24 00:38:55.679&amp#27;[0;39m &amp#27;[32mDEBUG&amp#27;[0;39m &amp#27;[35m479&amp#27;[0;39m &amp#27;[2m---&amp#27;[0;39m &amp#27;[2m[           main]&amp#27;[0;39m &amp#27;[36mo.s.w.s.h.BeanNameUrlHandlerMapping     &amp#27;[0;39m &amp#27;[2m:&amp#27;[0;39m Rejected bean name 'ribbon-org.springframework.cloud.netflix.ribbon.ServerIntrospectorProperties': no URL paths identified
&amp#27;[2m2018-08-24 00:38:55.679&amp#27;[0;39m &amp#27;[32mDEBUG&amp#27;[0;39m &amp#27;[35m479&amp#27;[0;39m &amp#27;[2m---&amp#27;[0;39m &amp#27;[2m[           main]&amp#27;[0;39m &amp#27;[36mo.s.w.s.h.BeanNameUrlHandlerMapping     &amp#27;[0;39m &amp#27;[2m:&amp#27;[0;39m Rejected bean name 'org.springframework.cloud.client.loadbalancer.AsyncLoadBalancerAutoConfiguration$LoadBalancerInterceptorConfig': no URL paths identified
&amp#27;[2m2018-08-24 00:38:55.679&amp#27;[0;39m &amp#27;[32mDEBUG&amp#27;[0;39m &amp#27;[35m479&amp#27;[0;39m &amp#27;[2m---&amp#27;[0;39m &amp#27;[2m[           main]&amp#27;[0;39m &amp#27;[36mo.s.w.s.h.BeanNameUrlHandlerMapping     &amp#27;[0;39m &amp#27;[2m:&amp#27;[0;39m Rejected bean name 'asyncLoadBalancerInterceptor': no URL paths identified
&amp#27;[2m2018-08-24 00:38:55.680&amp#27;[0;39m &amp#27;[32mDEBUG&amp#27;[0;39m &amp#27;[35m479&amp#27;[0;39m &amp#27;[2m---&amp#27;[0;39m &amp#27;[2m[           main]&amp#27;[0;39m &amp#27;[36mo.s.w.s.h.BeanNameUrlHandlerMapping     &amp#27;[0;39m &amp#27;[2m:&amp#27;[0;39m Rejected bean name 'asyncRestTemplateCustomizer': no URL paths identified
&amp#27;[2m2018-08-24 00:38:55.680&amp#27;[0;39m &amp#27;[32mDEBUG&amp#27;[0;39m &amp#27;[35m479&amp#27;[0;39m &amp#27;[2m---&amp#27;[0;39m &amp#27;[2m[           main]&amp#27;[0;39m &amp#27;[36mo.s.w.s.h.BeanNameUrlHandlerMapping     &amp#27;[0;39m &amp#27;[2m:&amp#27;[0;39m Rejected bean name 'org.springframework.cloud.client.loadbalancer.AsyncLoadBalancerAutoConfiguration$AsyncRestTemplateCustomizerConfig': no URL paths identified
&amp#27;[2m2018-08-24 00:38:55.680&amp#27;[0;39m &amp#27;[32mDEBUG&amp#27;[0;39m &amp#27;[35m479&amp#27;[0;39m &amp#27;[2m---&amp#27;[0;39m &amp#27;[2m[           main]&amp#27;[0;39m &amp#27;[36mo.s.w.s.h.BeanNameUrlHandlerMapping     &amp#27;[0;39m &amp#27;[2m:&amp#27;[0;39m Rejected bean name 'loadBalancedAsyncRestTemplateInitializer': no URL paths identified
&amp#27;[2m2018-08-24 00:38:55.680&amp#27;[0;39m &amp#27;[32mDEBUG&amp#27;[0;39m &amp#27;[35m479&amp#27;[0;39m &amp#27;[2m---&amp#27;[0;39m &amp#27;[2m[           main]&amp#27;[0;39m &amp#27;[36mo.s.w.s.h.BeanNameUrlHandlerMapping     &amp#27;[0;39m &amp#27;[2m:&amp#27;[0;39m Rejected bean name 'org.springframework.cloud.client.loadbalancer.AsyncLoadBalancerAutoConfiguration': no URL paths identified
&amp#27;[2m2018-08-24 00:38:55.680&amp#27;[0;39m &amp#27;[32mDEBUG&amp#27;[0;39m &amp#27;[35m479&amp#27;[0;39m &amp#27;[2m---&amp#27;[0;39m &amp#27;[2m[           main]&amp#27;[0;39m &amp#27;[36mo.s.w.s.h.BeanNameUrlHandlerMapping     &amp#27;[0;39m &amp#27;[2m:&amp#27;[0;39m Rejected bean name 'org.springframework.cloud.client.loadbalancer.LoadBalancerAutoConfiguration$LoadBalancerInterceptorConfig': no URL paths identified
&amp#27;[2m2018-08-24 00:38:55.680&amp#27;[0;39m &amp#27;[32mDEBUG&amp#27;[0;39m &amp#27;[35m479&amp#27;[0;39m &amp#27;[2m---&amp#27;[0;39m &amp#27;[2m[           main]&amp#27;[0;39m &amp#27;[36mo.s.w.s.h.BeanNameUrlHandlerMapping     &amp#27;[0;39m &amp#27;[2m:&amp#27;[0;39m Rejected bean name 'ribbonInterceptor': no URL paths identified
&amp#27;[2m2018-08-24 00:38:55.680&amp#27;[0;39m &amp#27;[32mDEBUG&amp#27;[0;39m &amp#27;[35m479&amp#27;[0;39m &amp#27;[2m---&amp#27;[0;39m &amp#27;[2m[           main]&amp#27;[0;39m &amp#27;[36mo.s.w.s.h.BeanNameUrlHandlerMapping     &amp#27;[0;39m &amp#27;[2m:&amp#27;[0;39m Rejected bean name 'restTemplateCustomizer': no URL paths identified
&amp#27;[2m2018-08-24 00:38:55.680&amp#27;[0;39m &amp#27;[32mDEBUG&amp#27;[0;39m &amp#27;[35m479&amp#27;[0;39m &amp#27;[2m---&amp#27;[0;39m &amp#27;[2m[           main]&amp#27;[0;39m &amp#27;[36mo.s.w.s.h.BeanNameUrlHandlerMapping     &amp#27;[0;39m &amp#27;[2m:&amp#27;[0;39m Rejected bean name 'org.springframework.cloud.client.loadbalancer.LoadBalancerAutoConfiguration': no URL paths identified
&amp#27;[2m2018-08-24 00:38:55.681&amp#27;[0;39m &amp#27;[32mDEBUG&amp#27;[0;39m &amp#27;[35m479&amp#27;[0;39m &amp#27;[2m---&amp#27;[0;39m &amp#27;[2m[           main]&amp#27;[0;39m &amp#27;[36mo.s.w.s.h.BeanNameUrlHandlerMapping     &amp#27;[0;39m &amp#27;[2m:&amp#27;[0;39m Rejected bean name 'loadBalancedRestTemplateInitializerDeprecated': no URL paths identified
&amp#27;[2m2018-08-24 00:38:55.681&amp#27;[0;39m &amp#27;[32mDEBUG&amp#27;[0;39m &amp#27;[35m479&amp#27;[0;39m &amp#27;[2m---&amp#27;[0;39m &amp#27;[2m[           main]&amp#27;[0;39m &amp#27;[36mo.s.w.s.h.BeanNameUrlHandlerMapping     &amp#27;[0;39m &amp#27;[2m:&amp#27;[0;39m Rejected bean name 'loadBalancerRequestFactory': no URL paths identified
&amp#27;[2m2018-08-24 00:38:55.681&amp#27;[0;39m &amp#27;[32mDEBUG&amp#27;[0;39m &amp#27;[35m479&amp#27;[0;39m &amp#27;[2m---&amp#27;[0;39m &amp#27;[2m[           main]&amp#27;[0;39m &amp#27;[36mo.s.w.s.h.BeanNameUrlHandlerMapping     &amp#27;[0;39m &amp#27;[2m:&amp#27;[0;39m Rejected bean name 'spring.cloud.loadbalancer.retry-org.springframework.cloud.client.loadbalancer.LoadBalancerRetryProperties': no URL paths identified
&amp#27;[2m2018-08-24 00:38:55.681&amp#27;[0;39m &amp#27;[32mDEBUG&amp#27;[0;39m &amp#27;[35m479&amp#27;[0;39m &amp#27;[2m---&amp#27;[0;39m &amp#27;[2m[           main]&amp#27;[0;39m &amp#27;[36mo.s.w.s.h.BeanNameUrlHandlerMapping     &amp#27;[0;39m &amp#27;[2m:&amp#27;[0;39m Rejected bean name 'org.springframework.cloud.client.serviceregistry.AutoServiceRegistrationConfiguration': no URL paths identified
&amp#27;[2m2018-08-24 00:38:55.681&amp#27;[0;39m &amp#27;[32mDEBUG&amp#27;[0;39m &amp#27;[35m479&amp#27;[0;39m &amp#27;[2m---&amp#27;[0;39m &amp#27;[2m[           main]&amp#27;[0;39m &amp#27;[36mo.s.w.s.h.BeanNameUrlHandlerMapping     &amp#27;[0;39m &amp#27;[2m:&amp#27;[0;39m Rejected bean name 'spring.cloud.service-registry.auto-registration-org.springframework.cloud.client.serviceregistry.AutoServiceRegistrationProperties': no URL paths identified
&amp#27;[2m2018-08-24 00:38:55.681&amp#27;[0;39m &amp#27;[32mDEBUG&amp#27;[0;39m &amp#27;[35m479&amp#27;[0;39m &amp#27;[2m---&amp#27;[0;39m &amp#27;[2m[           main]&amp#27;[0;39m &amp#27;[36mo.s.w.s.h.BeanNameUrlHandlerMapping     &amp#27;[0;39m &amp#27;[2m:&amp#27;[0;39m Rejected bean name 'org.springframework.cloud.client.serviceregistry.AutoServiceRegistrationAutoConfiguration': no URL paths identified
&amp#27;[2m2018-08-24 00:38:55.681&amp#27;[0;39m &amp#27;[32mDEBUG&amp#27;[0;39m &amp#27;[35m479&amp#27;[0;39m &amp#27;[2m---&amp#27;[0;39m &amp#27;[2m[           main]&amp#27;[0;39m &amp#27;[36mo.s.w.s.h.BeanNameUrlHandlerMapping     &amp#27;[0;39m &amp#27;[2m:&amp#27;[0;39m Rejected bean name 'org.springframework.cloud.client.serviceregistry.ServiceRegistryAutoConfiguration': no URL paths identified
&amp#27;[2m2018-08-24 00:38:55.682&amp#27;[0;39m &amp#27;[32mDEBUG&amp#27;[0;39m &amp#27;[35m479&amp#27;[0;39m &amp#27;[2m---&amp#27;[0;39m &amp#27;[2m[           main]&amp#27;[0;39m &amp#27;[36mo.s.w.s.h.BeanNameUrlHandlerMapping     &amp#27;[0;39m &amp#27;[2m:&amp#27;[0;39m Rejected bean name 'org.springframework.cloud.commons.httpclient.HttpClientConfiguration$ApacheHttpClientConfiguration': no URL paths identified
&amp#27;[2m2018-08-24 00:38:55.682&amp#27;[0;39m &amp#27;[32mDEBUG&amp#27;[0;39m &amp#27;[35m479&amp#27;[0;39m &amp#27;[2m---&amp#27;[0;39m &amp#27;[2m[           main]&amp#27;[0;39m &amp#27;[36mo.s.w.s.h.BeanNameUrlHandlerMapping     &amp#27;[0;39m &amp#27;[2m:&amp#27;[0;39m Rejected bean name 'connManFactory': no URL paths identified
&amp#27;[2m2018-08-24 00:38:55.682&amp#27;[0;39m &amp#27;[32mDEBUG&amp#27;[0;39m &amp#27;[35m479&amp#27;[0;39m &amp#27;[2m---&amp#27;[0;39m &amp#27;[2m[           main]&amp#27;[0;39m &amp#27;[36mo.s.w.s.h.BeanNameUrlHandlerMapping     &amp#27;[0;39m &amp#27;[2m:&amp#27;[0;39m Rejected bean name 'apacheHttpClientBuilder': no URL paths identified
&amp#27;[2m2018-08-24 00:38:55.682&amp#27;[0;39m &amp#27;[32mDEBUG&amp#27;[0;39m &amp#27;[35m479&amp#27;[0;39m &amp#27;[2m---&amp#27;[0;39m &amp#27;[2m[           main]&amp#27;[0;39m &amp#27;[36mo.s.w.s.h.BeanNameUrlHandlerMapping     &amp#27;[0;39m &amp#27;[2m:&amp#27;[0;39m Rejected bean name 'apacheHttpClientFactory': no URL paths identified
&amp#27;[2m2018-08-24 00:38:55.682&amp#27;[0;39m &amp#27;[32mDEBUG&amp#27;[0;39m &amp#27;[35m479&amp#27;[0;39m &amp#27;[2m---&amp#27;[0;39m &amp#27;[2m[           main]&amp#27;[0;39m &amp#27;[36mo.s.w.s.h.BeanNameUrlHandlerMapping     &amp#27;[0;39m &amp#27;[2m:&amp#27;[0;39m Rejected bean name 'org.springframework.cloud.commons.httpclient.HttpClientConfiguration': no URL paths identified
&amp#27;[2m2018-08-24 00:38:55.682&amp#27;[0;39m &amp#27;[32mDEBUG&amp#27;[0;39m &amp#27;[35m479&amp#27;[0;39m &amp#27;[2m---&amp#27;[0;39m &amp#27;[2m[           main]&amp#27;[0;39m &amp#27;[36mo.s.w.s.h.BeanNameUrlHandlerMapping     &amp#27;[0;39m &amp#27;[2m:&amp#27;[0;39m Rejected bean name 'org.springframework.cloud.commons.util.UtilAutoConfiguration': no URL paths identified
&amp#27;[2m2018-08-24 00:38:55.682&amp#27;[0;39m &amp#27;[32mDEBUG&amp#27;[0;39m &amp#27;[35m479&amp#27;[0;39m &amp#27;[2m---&amp#27;[0;39m &amp#27;[2m[           main]&amp#27;[0;39m &amp#27;[36mo.s.w.s.h.BeanNameUrlHandlerMapping     &amp#27;[0;39m &amp#27;[2m:&amp#27;[0;39m Rejected bean name 'inetUtilsProperties': no URL paths identified
&amp#27;[2m2018-08-24 00:38:55.683&amp#27;[0;39m &amp#27;[32mDEBUG&amp#27;[0;39m &amp#27;[35m479&amp#27;[0;39m &amp#27;[2m---&amp#27;[0;39m &amp#27;[2m[           main]&amp#27;[0;39m &amp#27;[36mo.s.w.s.h.BeanNameUrlHandlerMapping     &amp#27;[0;39m &amp#27;[2m:&amp#27;[0;39m Rejected bean name 'inetUtils': no URL paths identified
&amp#27;[2m2018-08-24 00:38:55.683&amp#27;[0;39m &amp#27;[32mDEBUG&amp#27;[0;39m &amp#27;[35m479&amp#27;[0;39m &amp#27;[2m---&amp#27;[0;39m &amp#27;[2m[           main]&amp#27;[0;39m &amp#27;[36mo.s.w.s.h.BeanNameUrlHandlerMapping     &amp#27;[0;39m &amp#27;[2m:&amp#27;[0;39m Rejected bean name 'org.springframework.cloud.config.client.ConfigClientAutoConfiguration': no URL paths identified
&amp#27;[2m2018-08-24 00:38:55.683&amp#27;[0;39m &amp#27;[32mDEBUG&amp#27;[0;39m &amp#27;[35m479&amp#27;[0;39m &amp#27;[2m---&amp#27;[0;39m &amp#27;[2m[           main]&amp#27;[0;39m &amp#27;[36mo.s.w.s.h.BeanNameUrlHandlerMapping     &amp#27;[0;39m &amp#27;[2m:&amp#27;[0;39m Rejected bean name 'configClientProperties': no URL paths identified
&amp#27;[2m2018-08-24 00:38:55.683&amp#27;[0;39m &amp#27;[32mDEBUG&amp#27;[0;39m &amp#27;[35m479&amp#27;[0;39m &amp#27;[2m---&amp#27;[0;39m &amp#27;[2m[           main]&amp#27;[0;39m &amp#27;[36mo.s.w.s.h.BeanNameUrlHandlerMapping     &amp#27;[0;39m &amp#27;[2m:&amp#27;[0;39m Rejected bean name 'configClientHealthProperties': no URL paths identified
&amp#27;[2m2018-08-24 00:38:55.683&amp#27;[0;39m &amp#27;[32mDEBUG&amp#27;[0;39m &amp#27;[35m479&amp#27;[0;39m &amp#27;[2m---&amp#27;[0;39m &amp#27;[2m[           main]&amp#27;[0;39m &amp#27;[36mo.s.w.s.h.BeanNameUrlHandlerMapping     &amp#27;[0;39m &amp#27;[2m:&amp#27;[0;39m Rejected bean name 'org.springframework.cloud.openfeign.ribbon.DefaultFeignLoadBalancedConfiguration': no URL paths identified
&amp#27;[2m2018-08-24 00:38:55.683&amp#27;[0;39m &amp#27;[32mDEBUG&amp#27;[0;39m &amp#27;[35m479&amp#27;[0;39m &amp#27;[2m---&amp#27;[0;39m &amp#27;[2m[           main]&amp#27;[0;39m &amp#27;[36mo.s.w.s.h.BeanNameUrlHandlerMapping     &amp#27;[0;39m &amp#27;[2m:&amp#27;[0;39m Rejected bean name 'feignClient': no URL paths identified
&amp#27;[2m2018-08-24 00:38:55.683&amp#27;[0;39m &amp#27;[32mDEBUG&amp#27;[0;39m &amp#27;[35m479&amp#27;[0;39m &amp#27;[2m---&amp#27;[0;39m &amp#27;[2m[           main]&amp#27;[0;39m &amp#27;[36mo.s.w.s.h.BeanNameUrlHandlerMapping     &amp#27;[0;39m &amp#27;[2m:&amp#27;[0;39m Rejected bean name 'org.springframework.cloud.openfeign.ribbon.FeignRibbonClientAutoConfiguration': no URL paths identified
&amp#27;[2m2018-08-24 00:38:55.683&amp#27;[0;39m &amp#27;[32mDEBUG&amp#27;[0;39m &amp#27;[35m479&amp#27;[0;39m &amp#27;[2m---&amp#27;[0;39m &amp#27;[2m[           main]&amp#27;[0;39m &amp#27;[36mo.s.w.s.h.BeanNameUrlHandlerMapping     &amp#27;[0;39m &amp#27;[2m:&amp#27;[0;39m Rejected bean name 'cachingLBClientFactory': no URL paths identified
&amp#27;[2m2018-08-24 00:38:55.684&amp#27;[0;39m &amp#27;[32mDEBUG&amp#27;[0;39m &amp#27;[35m479&amp#27;[0;39m &amp#27;[2m---&amp#27;[0;39m &amp#27;[2m[           main]&amp#27;[0;39m &amp#27;[36mo.s.w.s.h.BeanNameUrlHandlerMapping     &amp#27;[0;39m &amp#27;[2m:&amp#27;[0;39m Rejected bean name 'feignRequestOptions': no URL paths identified
&amp#27;[2m2018-08-24 00:38:55.684&amp#27;[0;39m &amp#27;[32mDEBUG&amp#27;[0;39m &amp#27;[35m479&amp#27;[0;39m &amp#27;[2m---&amp#27;[0;39m &amp#27;[2m[           main]&amp#27;[0;39m &amp#27;[36mo.s.w.s.h.BeanNameUrlHandlerMapping     &amp#27;[0;39m &amp#27;[2m:&amp#27;[0;39m Rejected bean name 'feign.httpclient-org.springframework.cloud.openfeign.support.FeignHttpClientProperties': no URL paths identified
&amp#27;[2m2018-08-24 00:38:55.684&amp#27;[0;39m &amp#27;[32mDEBUG&amp#27;[0;39m &amp#27;[35m479&amp#27;[0;39m &amp#27;[2m---&amp#27;[0;39m &amp#27;[2m[           main]&amp#27;[0;39m &amp#27;[36mo.s.w.s.h.BeanNameUrlHandlerMapping     &amp#27;[0;39m &amp#27;[2m:&amp#27;[0;39m Rejected bean name 'org.springframework.cloud.openfeign.FeignAutoConfiguration$HystrixFeignTargeterConfiguration': no URL paths identified
&amp#27;[2m2018-08-24 00:38:55.684&amp#27;[0;39m &amp#27;[32mDEBUG&amp#27;[0;39m &amp#27;[35m479&amp#27;[0;39m &amp#27;[2m---&amp#27;[0;39m &amp#27;[2m[           main]&amp#27;[0;39m &amp#27;[36mo.s.w.s.h.BeanNameUrlHandlerMapping     &amp#27;[0;39m &amp#27;[2m:&amp#27;[0;39m Rejected bean name 'feignTargeter': no URL paths identified
&amp#27;[2m2018-08-24 00:38:55.684&amp#27;[0;39m &amp#27;[32mDEBUG&amp#27;[0;39m &amp#27;[35m479&amp#27;[0;39m &amp#27;[2m---&amp#27;[0;39m &amp#27;[2m[           main]&amp#27;[0;39m &amp#27;[36mo.s.w.s.h.BeanNameUrlHandlerMapping     &amp#27;[0;39m &amp#27;[2m:&amp#27;[0;39m Rejected bean name 'org.springframework.cloud.openfeign.FeignAutoConfiguration': no URL paths identified
&amp#27;[2m2018-08-24 00:38:55.684&amp#27;[0;39m &amp#27;[32mDEBUG&amp#27;[0;39m &amp#27;[35m479&amp#27;[0;39m &amp#27;[2m---&amp#27;[0;39m &amp#27;[2m[           main]&amp#27;[0;39m &amp#27;[36mo.s.w.s.h.BeanNameUrlHandlerMapping     &amp#27;[0;39m &amp#27;[2m:&amp#27;[0;39m Rejected bean name 'feignFeature': no URL paths identified
&amp#27;[2m2018-08-24 00:38:55.684&amp#27;[0;39m &amp#27;[32mDEBUG&amp#27;[0;39m &amp#27;[35m479&amp#27;[0;39m &amp#27;[2m---&amp#27;[0;39m &amp#27;[2m[           main]&amp#27;[0;39m &amp#27;[36mo.s.w.s.h.BeanNameUrlHandlerMapping     &amp#27;[0;39m &amp#27;[2m:&amp#27;[0;39m Rejected bean name 'feignContext': no URL paths identified
&amp#27;[2m2018-08-24 00:38:55.685&amp#27;[0;39m &amp#27;[32mDEBUG&amp#27;[0;39m &amp#27;[35m479&amp#27;[0;39m &amp#27;[2m---&amp#27;[0;39m &amp#27;[2m[           main]&amp#27;[0;39m &amp#27;[36mo.s.w.s.h.BeanNameUrlHandlerMapping     &amp#27;[0;39m &amp#27;[2m:&amp#27;[0;39m Rejected bean name 'feign.client-org.springframework.cloud.openfeign.FeignClientProperties': no URL paths identified
&amp#27;[2m2018-08-24 00:38:55.685&amp#27;[0;39m &amp#27;[32mDEBUG&amp#27;[0;39m &amp#27;[35m479&amp#27;[0;39m &amp#27;[2m---&amp#27;[0;39m &amp#27;[2m[           main]&amp#27;[0;39m &amp#27;[36mo.s.w.s.h.BeanNameUrlHandlerMapping     &amp#27;[0;39m &amp#27;[2m:&amp#27;[0;39m Rejected bean name 'autoConfigurationReport': no URL paths identified
&amp#27;[2m2018-08-24 00:38:55.685&amp#27;[0;39m &amp#27;[32mDEBUG&amp#27;[0;39m &amp#27;[35m479&amp#27;[0;39m &amp#27;[2m---&amp#27;[0;39m &amp#27;[2m[           main]&amp#27;[0;39m &amp#27;[36mo.s.w.s.h.BeanNameUrlHandlerMapping     &amp#27;[0;39m &amp#27;[2m:&amp#27;[0;39m Rejected bean name 'org.springframework.boot.context.ContextIdApplicationContextInitializer$ContextId': no URL paths identified
&amp#27;[2m2018-08-24 00:38:55.685&amp#27;[0;39m &amp#27;[32mDEBUG&amp#27;[0;39m &amp#27;[35m479&amp#27;[0;39m &amp#27;[2m---&amp#27;[0;39m &amp#27;[2m[           main]&amp#27;[0;39m &amp#27;[36mo.s.w.s.h.BeanNameUrlHandlerMapping     &amp#27;[0;39m &amp#27;[2m:&amp#27;[0;39m Rejected bean name 'org.springframework.boot.test.context.filter.TestTypeExcludeFilter': no URL paths identified
&amp#27;[2m2018-08-24 00:38:55.685&amp#27;[0;39m &amp#27;[32mDEBUG&amp#27;[0;39m &amp#27;[35m479&amp#27;[0;39m &amp#27;[2m---&amp#27;[0;39m &amp#27;[2m[           main]&amp#27;[0;39m &amp#27;[36mo.s.w.s.h.BeanNameUrlHandlerMapping     &amp#27;[0;39m &amp#27;[2m:&amp#27;[0;39m Rejected bean name 'org.springframework.boot.test.autoconfigure.properties.PropertyMappingContextCustomizer$PropertyMappingCheckBeanPostProcessor': no URL paths identified
&amp#27;[2m2018-08-24 00:38:55.685&amp#27;[0;39m &amp#27;[32mDEBUG&amp#27;[0;39m &amp#27;[35m479&amp#27;[0;39m &amp#27;[2m---&amp#27;[0;39m &amp#27;[2m[           main]&amp#27;[0;39m &amp#27;[36mo.s.w.s.h.BeanNameUrlHandlerMapping     &amp#27;[0;39m &amp#27;[2m:&amp#27;[0;39m Rejected bean name 'springApplicationArguments': no URL paths identified
&amp#27;[2m2018-08-24 00:38:55.685&amp#27;[0;39m &amp#27;[32mDEBUG&amp#27;[0;39m &amp#27;[35m479&amp#27;[0;39m &amp#27;[2m---&amp#27;[0;39m &amp#27;[2m[           main]&amp#27;[0;39m &amp#27;[36mo.s.w.s.h.BeanNameUrlHandlerMapping     &amp#27;[0;39m &amp#27;[2m:&amp#27;[0;39m Rejected bean name 'springBootBanner': no URL paths identified
&amp#27;[2m2018-08-24 00:38:55.685&amp#27;[0;39m &amp#27;[32mDEBUG&amp#27;[0;39m &amp#27;[35m479&amp#27;[0;39m &amp#27;[2m---&amp#27;[0;39m &amp#27;[2m[           main]&amp#27;[0;39m &amp#27;[36mo.s.w.s.h.BeanNameUrlHandlerMapping     &amp#27;[0;39m &amp#27;[2m:&amp#27;[0;39m Rejected bean name 'environment': no URL paths identified
&amp#27;[2m2018-08-24 00:38:55.686&amp#27;[0;39m &amp#27;[32mDEBUG&amp#27;[0;39m &amp#27;[35m479&amp#27;[0;39m &amp#27;[2m---&amp#27;[0;39m &amp#27;[2m[           main]&amp#27;[0;39m &amp#27;[36mo.s.w.s.h.BeanNameUrlHandlerMapping     &amp#27;[0;39m &amp#27;[2m:&amp#27;[0;39m Rejected bean name 'systemProperties': no URL paths identified
&amp#27;[2m2018-08-24 00:38:55.686&amp#27;[0;39m &amp#27;[32mDEBUG&amp#27;[0;39m &amp#27;[35m479&amp#27;[0;39m &amp#27;[2m---&amp#27;[0;39m &amp#27;[2m[           main]&amp#27;[0;39m &amp#27;[36mo.s.w.s.h.BeanNameUrlHandlerMapping     &amp#27;[0;39m &amp#27;[2m:&amp#27;[0;39m Rejected bean name 'systemEnvironment': no URL paths identified
&amp#27;[2m2018-08-24 00:38:55.686&amp#27;[0;39m &amp#27;[32mDEBUG&amp#27;[0;39m &amp#27;[35m479&amp#27;[0;39m &amp#27;[2m---&amp#27;[0;39m &amp#27;[2m[           main]&amp#27;[0;39m &amp#27;[36mo.s.w.s.h.BeanNameUrlHandlerMapping     &amp#27;[0;39m &amp#27;[2m:&amp#27;[0;39m Rejected bean name 'servletContext': no URL paths identified
&amp#27;[2m2018-08-24 00:38:55.686&amp#27;[0;39m &amp#27;[32mDEBUG&amp#27;[0;39m &amp#27;[35m479&amp#27;[0;39m &amp#27;[2m---&amp#27;[0;39m &amp#27;[2m[           main]&amp#27;[0;39m &amp#27;[36mo.s.w.s.h.BeanNameUrlHandlerMapping     &amp#27;[0;39m &amp#27;[2m:&amp#27;[0;39m Rejected bean name 'contextParameters': no URL paths identified
&amp#27;[2m2018-08-24 00:38:55.686&amp#27;[0;39m &amp#27;[32mDEBUG&amp#27;[0;39m &amp#27;[35m479&amp#27;[0;39m &amp#27;[2m---&amp#27;[0;39m &amp#27;[2m[           main]&amp#27;[0;39m &amp#27;[36mo.s.w.s.h.BeanNameUrlHandlerMapping     &amp#27;[0;39m &amp#27;[2m:&amp#27;[0;39m Rejected bean name 'contextAttributes': no URL paths identified
&amp#27;[2m2018-08-24 00:38:55.686&amp#27;[0;39m &amp#27;[32mDEBUG&amp#27;[0;39m &amp#27;[35m479&amp#27;[0;39m &amp#27;[2m---&amp#27;[0;39m &amp#27;[2m[           main]&amp#27;[0;39m &amp#27;[36mo.s.w.s.h.BeanNameUrlHandlerMapping     &amp#27;[0;39m &amp#27;[2m:&amp#27;[0;39m Rejected bean name 'org.springframework.context.annotation.ConfigurationClassPostProcessor.importRegistry': no URL paths identified
&amp#27;[2m2018-08-24 00:38:55.686&amp#27;[0;39m &amp#27;[32mDEBUG&amp#27;[0;39m &amp#27;[35m479&amp#27;[0;39m &amp#27;[2m---&amp#27;[0;39m &amp#27;[2m[           main]&amp#27;[0;39m &amp#27;[36mo.s.w.s.h.BeanNameUrlHandlerMapping     &amp#27;[0;39m &amp#27;[2m:&amp#27;[0;39m Rejected bean name 'org.springframework.boot.test.mock.mockito.MockitoBeans': no URL paths identified
&amp#27;[2m2018-08-24 00:38:55.687&amp#27;[0;39m &amp#27;[32mDEBUG&amp#27;[0;39m &amp#27;[35m479&amp#27;[0;39m &amp#27;[2m---&amp#27;[0;39m &amp#27;[2m[           main]&amp#27;[0;39m &amp#27;[36mo.s.w.s.h.BeanNameUrlHandlerMapping     &amp#27;[0;39m &amp#27;[2m:&amp#27;[0;39m Rejected bean name 'messageSource': no URL paths identified
&amp#27;[2m2018-08-24 00:38:55.687&amp#27;[0;39m &amp#27;[32mDEBUG&amp#27;[0;39m &amp#27;[35m479&amp#27;[0;39m &amp#27;[2m---&amp#27;[0;39m &amp#27;[2m[           main]&amp#27;[0;39m &amp#27;[36mo.s.w.s.h.BeanNameUrlHandlerMapping     &amp#27;[0;39m &amp#27;[2m:&amp#27;[0;39m Rejected bean name 'applicationEventMulticaster': no URL paths identified
&amp#27;[2m2018-08-24 00:38:55.699&amp#27;[0;39m &amp#27;[32m INFO&amp#27;[0;39m &amp#27;[35m479&amp#27;[0;39m &amp#27;[2m---&amp#27;[0;39m &amp#27;[2m[           main]&amp#27;[0;39m &amp#27;[36mo.s.w.s.handler.SimpleUrlHandlerMapping &amp#27;[0;39m &amp#27;[2m:&amp#27;[0;39m Mapped URL path [/webjars/**] onto handler of type [class org.springframework.web.servlet.resource.ResourceHttpRequestHandler]
&amp#27;[2m2018-08-24 00:38:55.699&amp#27;[0;39m &amp#27;[32m INFO&amp#27;[0;39m &amp#27;[35m479&amp#27;[0;39m &amp#27;[2m---&amp#27;[0;39m &amp#27;[2m[           main]&amp#27;[0;39m &amp#27;[36mo.s.w.s.handler.SimpleUrlHandlerMapping &amp#27;[0;39m &amp#27;[2m:&amp#27;[0;39m Mapped URL path [/**] onto handler of type [class org.springframework.web.servlet.resource.ResourceHttpRequestHandler]
&amp#27;[2m2018-08-24 00:38:55.725&amp#27;[0;39m &amp#27;[32mDEBUG&amp#27;[0;39m &amp#27;[35m479&amp#27;[0;39m &amp#27;[2m---&amp#27;[0;39m &amp#27;[2m[           main]&amp#27;[0;39m &amp#27;[36m.m.m.a.ExceptionHandlerExceptionResolver&amp#27;[0;39m &amp#27;[2m:&amp#27;[0;39m Looking for exception mappings: org.springframework.web.context.support.GenericWebApplicationContext@3234f74e: startup date [Fri Aug 24 00:38:51 CEST 2018]; parent: org.springframework.context.annotation.AnnotationConfigApplicationContext@b978d10
&amp#27;[2m2018-08-24 00:38:55.901&amp#27;[0;39m &amp#27;[32m INFO&amp#27;[0;39m &amp#27;[35m479&amp#27;[0;39m &amp#27;[2m---&amp#27;[0;39m &amp#27;[2m[           main]&amp#27;[0;39m &amp#27;[36mo.s.b.a.w.s.WelcomePageHandlerMapping   &amp#27;[0;39m &amp#27;[2m:&amp#27;[0;39m Adding welcome page template: index
&amp#27;[2m2018-08-24 00:38:56.519&amp#27;[0;39m &amp#27;[32mDEBUG&amp#27;[0;39m &amp#27;[35m479&amp#27;[0;39m &amp#27;[2m---&amp#27;[0;39m &amp#27;[2m[           main]&amp#27;[0;39m &amp#27;[36mo.s.w.c.s.GenericWebApplicationContext  &amp#27;[0;39m &amp#27;[2m:&amp#27;[0;39m Unable to locate LifecycleProcessor with name 'lifecycleProcessor': using default [org.springframework.context.support.DefaultLifecycleProcessor@48eb001a]
&amp#27;[2m2018-08-24 00:38:56.537&amp#27;[0;39m &amp#27;[32mDEBUG&amp#27;[0;39m &amp#27;[35m479&amp#27;[0;39m &amp#27;[2m---&amp#27;[0;39m &amp#27;[2m[           main]&amp#27;[0;39m &amp#27;[36mo.s.w.s.resource.ResourceUrlProvider    &amp#27;[0;39m &amp#27;[2m:&amp#27;[0;39m Looking for resource handler mappings
&amp#27;[2m2018-08-24 00:38:56.539&amp#27;[0;39m &amp#27;[32mDEBUG&amp#27;[0;39m &amp#27;[35m479&amp#27;[0;39m &amp#27;[2m---&amp#27;[0;39m &amp#27;[2m[           main]&amp#27;[0;39m &amp#27;[36mo.s.w.s.resource.ResourceUrlProvider    &amp#27;[0;39m &amp#27;[2m:&amp#27;[0;39m Found resource handler mapping: URL pattern="/**/favicon.ico", locations=[class path resource [META-INF/resources/], class path resource [resources/], class path resource [static/], class path resource [public/], ServletContext resource [/], class path resource []], resolvers=[org.springframework.web.servlet.resource.PathResourceResolver@462abec3]
&amp#27;[2m2018-08-24 00:38:56.539&amp#27;[0;39m &amp#27;[32mDEBUG&amp#27;[0;39m &amp#27;[35m479&amp#27;[0;39m &amp#27;[2m---&amp#27;[0;39m &amp#27;[2m[           main]&amp#27;[0;39m &amp#27;[36mo.s.w.s.resource.ResourceUrlProvider    &amp#27;[0;39m &amp#27;[2m:&amp#27;[0;39m Found resource handler mapping: URL pattern="/webjars/**", locations=[class path resource [META-INF/resources/webjars/]], resolvers=[org.springframework.web.servlet.resource.PathResourceResolver@35c9a231]
&amp#27;[2m2018-08-24 00:38:56.539&amp#27;[0;39m &amp#27;[32mDEBUG&amp#27;[0;39m &amp#27;[35m479&amp#27;[0;39m &amp#27;[2m---&amp#27;[0;39m &amp#27;[2m[           main]&amp#27;[0;39m &amp#27;[36mo.s.w.s.resource.ResourceUrlProvider    &amp#27;[0;39m &amp#27;[2m:&amp#27;[0;39m Found resource handler mapping: URL pattern="/**", locations=[class path resource [META-INF/resources/], class path resource [resources/], class path resource [static/], class path resource [public/], ServletContext resource [/]], resolvers=[org.springframework.web.servlet.resource.PathResourceResolver@7a4d582c]
&amp#27;[2m2018-08-24 00:38:56.543&amp#27;[0;39m &amp#27;[32m INFO&amp#27;[0;39m &amp#27;[35m479&amp#27;[0;39m &amp#27;[2m---&amp#27;[0;39m &amp#27;[2m[           main]&amp#27;[0;39m &amp#27;[36mc.c.s.mllogin.login.LoginControllerTest &amp#27;[0;39m &amp#27;[2m:&amp#27;[0;39m Started LoginControllerTest in 7.855 seconds (JVM running for 9.171)
&amp#27;[2m2018-08-24 00:38:56.766&amp#27;[0;39m &amp#27;[32m INFO&amp#27;[0;39m &amp#27;[35m479&amp#27;[0;39m &amp#27;[2m---&amp#27;[0;39m &amp#27;[2m[           main]&amp#27;[0;39m &amp#27;[36mo.s.b.t.m.w.SpringBootMockServletContext&amp#27;[0;39m &amp#27;[2m:&amp#27;[0;39m Initializing Spring FrameworkServlet ''
&amp#27;[2m2018-08-24 00:38:56.766&amp#27;[0;39m &amp#27;[32m INFO&amp#27;[0;39m &amp#27;[35m479&amp#27;[0;39m &amp#27;[2m---&amp#27;[0;39m &amp#27;[2m[           main]&amp#27;[0;39m &amp#27;[36mo.s.t.web.servlet.TestDispatcherServlet &amp#27;[0;39m &amp#27;[2m:&amp#27;[0;39m FrameworkServlet '': initialization started
&amp#27;[2m2018-08-24 00:38:56.790&amp#27;[0;39m &amp#27;[32m INFO&amp#27;[0;39m &amp#27;[35m479&amp#27;[0;39m &amp#27;[2m---&amp#27;[0;39m &amp#27;[2m[           main]&amp#27;[0;39m &amp#27;[36mo.s.t.web.servlet.TestDispatcherServlet &amp#27;[0;39m &amp#27;[2m:&amp#27;[0;39m FrameworkServlet '': initialization completed in 23 ms
&amp#27;[2m2018-08-24 00:38:56.816&amp#27;[0;39m &amp#27;[32mDEBUG&amp#27;[0;39m &amp#27;[35m479&amp#27;[0;39m &amp#27;[2m---&amp#27;[0;39m &amp#27;[2m[           main]&amp#27;[0;39m &amp#27;[36ms.w.s.m.m.a.RequestMappingHandlerMapping&amp#27;[0;39m &amp#27;[2m:&amp#27;[0;39m Looking up handler method for path /login
&amp#27;[2m2018-08-24 00:38:56.820&amp#27;[0;39m &amp#27;[32mDEBUG&amp#27;[0;39m &amp#27;[35m479&amp#27;[0;39m &amp#27;[2m---&amp#27;[0;39m &amp#27;[2m[           main]&amp#27;[0;39m &amp#27;[36ms.w.s.m.m.a.RequestMappingHandlerMapping&amp#27;[0;39m &amp#27;[2m:&amp#27;[0;39m Did not find handler method for [/login]
&amp#27;[2m2018-08-24 00:38:56.821&amp#27;[0;39m &amp#27;[32mDEBUG&amp#27;[0;39m &amp#27;[35m479&amp#27;[0;39m &amp#27;[2m---&amp#27;[0;39m &amp#27;[2m[           main]&amp#27;[0;39m &amp#27;[36mo.s.w.s.handler.SimpleUrlHandlerMapping &amp#27;[0;39m &amp#27;[2m:&amp#27;[0;39m Mapping [/login] to HandlerExecutionChain with handler [org.springframework.web.servlet.mvc.ParameterizableViewController@2c9a6717] and 1 interceptor
&amp#27;[2m2018-08-24 00:38:56.823&amp#27;[0;39m &amp#27;[32mDEBUG&amp#27;[0;39m &amp#27;[35m479&amp#27;[0;39m &amp#27;[2m---&amp#27;[0;39m &amp#27;[2m[           main]&amp#27;[0;39m &amp#27;[36m.w.s.m.a.ResponseStatusExceptionResolver&amp#27;[0;39m &amp#27;[2m:&amp#27;[0;39m Resolving exception from handler [org.springframework.web.servlet.mvc.ParameterizableViewController@2c9a6717]: org.springframework.web.HttpRequestMethodNotSupportedException: Request method 'POST' not supported
&amp#27;[2m2018-08-24 00:38:56.824&amp#27;[0;39m &amp#27;[32mDEBUG&amp#27;[0;39m &amp#27;[35m479&amp#27;[0;39m &amp#27;[2m---&amp#27;[0;39m &amp#27;[2m[           main]&amp#27;[0;39m &amp#27;[36m.w.s.m.s.DefaultHandlerExceptionResolver&amp#27;[0;39m &amp#27;[2m:&amp#27;[0;39m Resolving exception from handler [org.springframework.web.servlet.mvc.ParameterizableViewController@2c9a6717]: org.springframework.web.HttpRequestMethodNotSupportedException: Request method 'POST' not supported
&amp#27;[2m2018-08-24 00:38:56.824&amp#27;[0;39m &amp#27;[33m WARN&amp#27;[0;39m &amp#27;[35m479&amp#27;[0;39m &amp#27;[2m---&amp#27;[0;39m &amp#27;[2m[           main]&amp#27;[0;39m &amp#27;[36mo.s.web.servlet.PageNotFound            &amp#27;[0;39m &amp#27;[2m:&amp#27;[0;39m Request method 'POST' not supported

MockHttpServletRequest:
      HTTP Method = POST
      Request URI = /login
       Parameters = {email=[any@email.com], password=[anyPassword], speed=[3000]}
          Headers = {}
             Body = <no character encoding set>
    Session Attrs = {}

Handler:
             Type = org.springframework.web.servlet.mvc.ParameterizableViewController

Async:
    Async started = false
     Async result = null

Resolved Exception:
             Type = org.springframework.web.HttpRequestMethodNotSupportedException

ModelAndView:
        View name = null
             View = null
            Model = null

FlashMap:
       Attributes = null

MockHttpServletResponse:
           Status = 405
    Error message = Request method 'POST' not supported
          Headers = {Allow=[GET, HEAD]}
     Content type = null
             Body = 
    Forwarded URL = null
   Redirected URL = null
          Cookies = []
]]></system-out>
  </testcase>
</testsuite>