<?xml version="1.0" encoding="UTF-8"?>
<!-- Generated by org.testng.reporters.JUnitReportReporter -->
<testsuite hostname="cyclone1" name="test.nc.noumea.mairie.bilan.energie.contract.service.FichierFactureServiceTest" tests="1" failures="0" timestamp="4 Jun 2018 05:32:52 GMT" time="0.074" errors="0">
  <testcase name="testGetAllSimilaire" time="0.074" classname="test.nc.noumea.mairie.bilan.energie.contract.service.FichierFactureServiceTest"/>
</testsuite> <!-- test.nc.noumea.mairie.bilan.energie.contract.service.FichierFactureServiceTest -->
