<?xml version="1.0" encoding="UTF-8"?>
<!-- Generated by org.testng.reporters.JUnitReportReporter -->
<testsuite hostname="cyclone1" name="test.nc.noumea.mairie.bilan.energie.business.dao.GetAllTest" tests="1" failures="0" timestamp="4 Jun 2018 05:32:52 GMT" time="0.677" errors="0">
  <testcase name="testReferentiel" time="0.677" classname="test.nc.noumea.mairie.bilan.energie.business.dao.GetAllTest"/>
</testsuite> <!-- test.nc.noumea.mairie.bilan.energie.business.dao.GetAllTest -->
