<?xml version="1.0" encoding="UTF-8"?>
<!-- Generated by org.testng.reporters.JUnitReportReporter -->
<testsuite hostname="cyclone1" name="test.nc.noumea.mairie.bilan.energie.business.entities.PeriodiqueTest" tests="15" failures="0" timestamp="4 Jun 2018 05:32:52 GMT" time="0.008" errors="0">
  <testcase name="testCreateWithNumeroExistantWithoutOverlap4" time="0.000" classname="test.nc.noumea.mairie.bilan.energie.business.entities.PeriodiqueTest"/>
  <testcase name="testCreateWithNumeroExistant2" time="0.000" classname="test.nc.noumea.mairie.bilan.energie.business.entities.PeriodiqueTest"/>
  <testcase name="testCreateWithNumeroExistantWithoutOverlap3" time="0.001" classname="test.nc.noumea.mairie.bilan.energie.business.entities.PeriodiqueTest"/>
  <testcase name="testCreateWithNumeroExistantWithoutOverlap2" time="0.001" classname="test.nc.noumea.mairie.bilan.energie.business.entities.PeriodiqueTest"/>
  <testcase name="testCreateWithNumeroExistantWithoutOverlap" time="0.001" classname="test.nc.noumea.mairie.bilan.energie.business.entities.PeriodiqueTest"/>
  <testcase name="testNotInDateRange1" time="0.000" classname="test.nc.noumea.mairie.bilan.energie.business.entities.PeriodiqueTest"/>
  <testcase name="testNotInDateRange" time="0.001" classname="test.nc.noumea.mairie.bilan.energie.business.entities.PeriodiqueTest"/>
  <testcase name="testCreateWithNumeroExistant4" time="0.000" classname="test.nc.noumea.mairie.bilan.energie.business.entities.PeriodiqueTest"/>
  <testcase name="testNotInDateRange2" time="0.001" classname="test.nc.noumea.mairie.bilan.energie.business.entities.PeriodiqueTest"/>
  <testcase name="testInDateRange2" time="0.000" classname="test.nc.noumea.mairie.bilan.energie.business.entities.PeriodiqueTest"/>
  <testcase name="testCreateWithNumeroExistant5" time="0.000" classname="test.nc.noumea.mairie.bilan.energie.business.entities.PeriodiqueTest"/>
  <testcase name="testInDateRange" time="0.001" classname="test.nc.noumea.mairie.bilan.energie.business.entities.PeriodiqueTest"/>
  <testcase name="testNotInDateRange3" time="0.001" classname="test.nc.noumea.mairie.bilan.energie.business.entities.PeriodiqueTest"/>
  <testcase name="testInDateRange3" time="0.000" classname="test.nc.noumea.mairie.bilan.energie.business.entities.PeriodiqueTest"/>
  <testcase name="testCreateWithNumeroExistant6" time="0.001" classname="test.nc.noumea.mairie.bilan.energie.business.entities.PeriodiqueTest"/>
</testsuite> <!-- test.nc.noumea.mairie.bilan.energie.business.entities.PeriodiqueTest -->
