<?xml version="1.0" encoding="UTF-8"?>
<!-- Generated by org.testng.reporters.JUnitReportReporter -->
<testsuite hostname="cyclone1" name="test.nc.noumea.mairie.bilan.energie.contract.service.CompteurServiceTest" tests="5" failures="0" timestamp="4 Jun 2018 05:32:52 GMT" time="0.587" errors="0">
  <testcase name="testCreateWithDateFinNull" time="0.128" classname="test.nc.noumea.mairie.bilan.energie.contract.service.CompteurServiceTest"/>
  <testcase name="testCreateWithBadDates" time="0.169" classname="test.nc.noumea.mairie.bilan.energie.contract.service.CompteurServiceTest"/>
  <testcase name="testCreateWithNumeroExistantDansMemePolice" time="0.084" classname="test.nc.noumea.mairie.bilan.energie.contract.service.CompteurServiceTest"/>
  <testcase name="testCreateWithPeriodeHorsPolicePeriode" time="0.050" classname="test.nc.noumea.mairie.bilan.energie.contract.service.CompteurServiceTest"/>
  <testcase name="testCreateWithNumeroExistantDansAutrePolice" time="0.156" classname="test.nc.noumea.mairie.bilan.energie.contract.service.CompteurServiceTest"/>
</testsuite> <!-- test.nc.noumea.mairie.bilan.energie.contract.service.CompteurServiceTest -->
