<?xml version="1.0" encoding="UTF-8"?>
<!-- Generated by org.testng.reporters.JUnitReportReporter -->
<testsuite hostname="cyclone1" name="test.nc.noumea.mairie.bilan.energie.business.dao.AbstractCrudBusinessTest" tests="5" failures="0" timestamp="4 Jun 2018 05:32:52 GMT" time="0.913" errors="0">
  <testcase name="testRead" time="0.062" classname="test.nc.noumea.mairie.bilan.energie.business.dao.AbstractCrudBusinessTest"/>
  <testcase name="testUpdate" time="0.019" classname="test.nc.noumea.mairie.bilan.energie.business.dao.AbstractCrudBusinessTest"/>
  <testcase name="testDelete" time="0.021" classname="test.nc.noumea.mairie.bilan.energie.business.dao.AbstractCrudBusinessTest"/>
  <testcase name="testPrivateGetMethodGetId" time="0.066" classname="test.nc.noumea.mairie.bilan.energie.business.dao.AbstractCrudBusinessTest"/>
  <testcase name="testCreate" time="0.745" classname="test.nc.noumea.mairie.bilan.energie.business.dao.AbstractCrudBusinessTest"/>
</testsuite> <!-- test.nc.noumea.mairie.bilan.energie.business.dao.AbstractCrudBusinessTest -->
