<?xml version="1.0" encoding="UTF-8"?>
<!-- Generated by org.testng.reporters.JUnitReportReporter -->
<testsuite hostname="cyclone1" name="test.nc.noumea.mairie.bilan.energie.contract.service.PoliceServiceTest" tests="3" failures="0" timestamp="4 Jun 2018 05:32:52 GMT" time="0.074" errors="0">
  <testcase name="testCreateWithBadDates" time="0.024" classname="test.nc.noumea.mairie.bilan.energie.contract.service.PoliceServiceTest"/>
  <testcase name="testCreateWithNumeroExistant2" time="0.027" classname="test.nc.noumea.mairie.bilan.energie.contract.service.PoliceServiceTest"/>
  <testcase name="testCreate" time="0.023" classname="test.nc.noumea.mairie.bilan.energie.contract.service.PoliceServiceTest"/>
</testsuite> <!-- test.nc.noumea.mairie.bilan.energie.contract.service.PoliceServiceTest -->
