<?xml version="1.0" encoding="UTF-8" ?>
<testsuite tests="122" failures="8" name="TestSuite" time="6.252" errors="0" skipped="114">
  <properties>
    <property name="java.runtime.name" value="OpenJDK Runtime Environment"/>
    <property name="sun.boot.library.path" value="/usr/lib/jvm/java-8-openjdk-amd64/jre/lib/amd64"/>
    <property name="java.vm.version" value="25.121-b13"/>
    <property name="maven.multiModuleProjectDirectory" value="/root/workspace/wso2-ballerina/package-redis/429962223"/>
    <property name="java.vm.vendor" value="Oracle Corporation"/>
    <property name="java.vendor.url" value="http://java.oracle.com/"/>
    <property name="skip.gulp" value="true"/>
    <property name="path.separator" value=":"/>
    <property name="guice.disable.misplaced.annotation.check" value="true"/>
    <property name="java.vm.name" value="OpenJDK 64-Bit Server VM"/>
    <property name="file.encoding.pkg" value="sun.io"/>
    <property name="sun.os.patch.level" value="unknown"/>
    <property name="sun.java.launcher" value="SUN_STANDARD"/>
    <property name="findbugs.skip" value="true"/>
    <property name="user.dir" value="/root/workspace/wso2-ballerina/package-redis/429962223"/>
    <property name="java.vm.specification.name" value="Java Virtual Machine Specification"/>
    <property name="checkstyle.skip" value="true"/>
    <property name="java.runtime.version" value="1.8.0_121-8u121-b13-1~bpo8+1-b13"/>
    <property name="skip.npm" value="true"/>
    <property name="java.awt.graphicsenv" value="sun.awt.X11GraphicsEnvironment"/>
    <property name="os.arch" value="amd64"/>
    <property name="java.endorsed.dirs" value="/usr/lib/jvm/java-8-openjdk-amd64/jre/lib/endorsed"/>
    <property name="line.separator" value="
"/>
    <property name="java.io.tmpdir" value="/tmp"/>
    <property name="gpg.skip" value="true"/>
    <property name="java.vm.specification.vendor" value="Oracle Corporation"/>
    <property name="cobertura.skip" value="true"/>
    <property name="os.name" value="Linux"/>
    <property name="classworlds.conf" value="/usr/share/maven/bin/m2.conf"/>
    <property name="sun.jnu.encoding" value="UTF-8"/>
    <property name="BALLERINA_DEV_MODE_COMPILE" value="true"/>
    <property name="license.skip" value="true"/>
    <property name="java.library.path" value="/usr/java/packages/lib/amd64:/usr/lib/x86_64-linux-gnu/jni:/lib/x86_64-linux-gnu:/usr/lib/x86_64-linux-gnu:/usr/lib/jni:/lib:/usr/lib"/>
    <property name="java.specification.name" value="Java Platform API Specification"/>
    <property name="java.class.version" value="52.0"/>
    <property name="skip.bower" value="true"/>
    <property name="sun.management.compiler" value="HotSpot 64-Bit Tiered Compilers"/>
    <property name="maven.repo.local" value="/root/./workspace/wso2-ballerina/package-redis/429962223/.m2"/>
    <property name="os.version" value="3.10.0-862.3.2.el7.x86_64"/>
    <property name="user.home" value="/root"/>
    <property name="user.timezone" value="Europe/Paris"/>
    <property name="java.awt.printerjob" value="sun.print.PSPrinterJob"/>
    <property name="java.specification.version" value="1.8"/>
    <property name="file.encoding" value="UTF-8"/>
    <property name="java.class.path" value="/usr/share/maven/boot/plexus-classworlds-2.5.2.jar"/>
    <property name="user.name" value="root"/>
    <property name="skipITs" value="true"/>
    <property name="java.vm.specification.version" value="1.8"/>
    <property name="sun.java.command" value="org.codehaus.plexus.classworlds.launcher.Launcher -B -D enforcer.skip=true -D dependency-check.skip=true -D skipITs=true -D cobertura.skip=true -D maven.repo.local=/root/./workspace/wso2-ballerina/package-redis/429962223/.m2 -D rat.skip=true -D findbugs.skip=true -D skip.bower=true -D gpg.skip=true -D checkstyle.skip=true -D skip.gulp=true -D license.skip=true -D skip.npm=true test"/>
    <property name="sun.arch.data.model" value="64"/>
    <property name="java.home" value="/usr/lib/jvm/java-8-openjdk-amd64/jre"/>
    <property name="java.specification.vendor" value="Oracle Corporation"/>
    <property name="user.language" value="en"/>
    <property name="dependency-check.skip" value="true"/>
    <property name="awt.toolkit" value="sun.awt.X11.XToolkit"/>
    <property name="java.vm.info" value="mixed mode"/>
    <property name="java.version" value="1.8.0_121"/>
    <property name="java.ext.dirs" value="/usr/lib/jvm/java-8-openjdk-amd64/jre/lib/ext:/usr/java/packages/lib/ext"/>
    <property name="securerandom.source" value="file:/dev/./urandom"/>
    <property name="sun.boot.class.path" value="/usr/lib/jvm/java-8-openjdk-amd64/jre/lib/resources.jar:/usr/lib/jvm/java-8-openjdk-amd64/jre/lib/rt.jar:/usr/lib/jvm/java-8-openjdk-amd64/jre/lib/sunrsasign.jar:/usr/lib/jvm/java-8-openjdk-amd64/jre/lib/jsse.jar:/usr/lib/jvm/java-8-openjdk-amd64/jre/lib/jce.jar:/usr/lib/jvm/java-8-openjdk-amd64/jre/lib/charsets.jar:/usr/lib/jvm/java-8-openjdk-amd64/jre/lib/jfr.jar:/usr/lib/jvm/java-8-openjdk-amd64/jre/classes"/>
    <property name="enforcer.skip" value="true"/>
    <property name="rat.skip" value="true"/>
    <property name="java.vendor" value="Oracle Corporation"/>
    <property name="maven.home" value="/usr/share/maven"/>
    <property name="file.separator" value="/"/>
    <property name="java.vendor.url.bug" value="http://bugreport.sun.com/bugreport/"/>
    <property name="sun.cpu.endian" value="little"/>
    <property name="sun.io.unicode.encoding" value="UnicodeLittle"/>
    <property name="sun.cpu.isalist" value=""/>
  </properties>
  <testcase classname="org.ballerinalang.redis.actions.RedisConnectionTest" name="setUp" time="0.982">
    <failure message="Failed to start Redis instance" type="redis.embedded.exceptions.EmbeddedRedisException">redis.embedded.exceptions.EmbeddedRedisException: Failed to start Redis instance
	at redis.embedded.AbstractRedisInstance.start(AbstractRedisInstance.java:42)
	at redis.embedded.RedisServer.start(RedisServer.java:9)
	at org.ballerinalang.redis.actions.RedisCommandsBaseTest.setUpServer(RedisCommandsBaseTest.java:57)
	at org.ballerinalang.redis.actions.RedisCommandsBaseTest.setUp(RedisCommandsBaseTest.java:51)
	at sun.reflect.NativeMethodAccessorImpl.invoke0(Native Method)
	at sun.reflect.NativeMethodAccessorImpl.invoke(NativeMethodAccessorImpl.java:62)
	at sun.reflect.DelegatingMethodAccessorImpl.invoke(DelegatingMethodAccessorImpl.java:43)
	at java.lang.reflect.Method.invoke(Method.java:498)
	at org.testng.internal.MethodInvocationHelper.invokeMethod(MethodInvocationHelper.java:86)
	at org.testng.internal.Invoker.invokeConfigurationMethod(Invoker.java:514)
	at org.testng.internal.Invoker.invokeConfigurations(Invoker.java:215)
	at org.testng.internal.Invoker.invokeConfigurations(Invoker.java:142)
	at org.testng.SuiteRunner.privateRun(SuiteRunner.java:305)
	at org.testng.SuiteRunner.run(SuiteRunner.java:268)
	at org.testng.SuiteRunnerWorker.runSuite(SuiteRunnerWorker.java:52)
	at org.testng.SuiteRunnerWorker.run(SuiteRunnerWorker.java:86)
	at org.testng.TestNG.runSuitesSequentially(TestNG.java:1244)
	at org.testng.TestNG.runSuitesLocally(TestNG.java:1169)
	at org.testng.TestNG.run(TestNG.java:1064)
	at org.apache.maven.surefire.testng.TestNGExecutor.run(TestNGExecutor.java:177)
	at org.apache.maven.surefire.testng.TestNGXmlTestSuite.execute(TestNGXmlTestSuite.java:92)
	at org.apache.maven.surefire.testng.TestNGProvider.invoke(TestNGProvider.java:105)
	at sun.reflect.NativeMethodAccessorImpl.invoke0(Native Method)
	at sun.reflect.NativeMethodAccessorImpl.invoke(NativeMethodAccessorImpl.java:62)
	at sun.reflect.DelegatingMethodAccessorImpl.invoke(DelegatingMethodAccessorImpl.java:43)
	at java.lang.reflect.Method.invoke(Method.java:498)
	at org.apache.maven.surefire.util.ReflectionUtils.invokeMethodWithArray(ReflectionUtils.java:189)
	at org.apache.maven.surefire.booter.ProviderFactory$ProviderProxy.invoke(ProviderFactory.java:165)
	at org.apache.maven.surefire.booter.ProviderFactory.invokeProvider(ProviderFactory.java:85)
	at org.apache.maven.surefire.booter.ForkedBooter.runSuitesInProcess(ForkedBooter.java:103)
	at org.apache.maven.surefire.booter.ForkedBooter.main(ForkedBooter.java:74)
Caused by: java.io.IOException: Cannot run program &quot;/root/workspace/wso2-ballerina/package-redis/429962223/component/src/test/resources/redis-executable/redis-server-4.0.7&quot; (in directory &quot;/root/workspace/wso2-ballerina/package-redis/429962223/component/src/test/resources/redis-executable&quot;): error=13, Permission denied
	at java.lang.ProcessBuilder.start(ProcessBuilder.java:1048)
	at redis.embedded.AbstractRedisInstance.start(AbstractRedisInstance.java:37)
	... 30 more
Caused by: java.io.IOException: error=13, Permission denied
	at java.lang.UNIXProcess.forkAndExec(Native Method)
	at java.lang.UNIXProcess.&lt;init&gt;(UNIXProcess.java:247)
	at java.lang.ProcessImpl.start(ProcessImpl.java:134)
	at java.lang.ProcessBuilder.start(ProcessBuilder.java:1029)
	... 31 more
Caused by: java.io.IOException: Cannot run program &quot;/root/workspace/wso2-ballerina/package-redis/429962223/component/src/test/resources/redis-executable/redis-server-4.0.7&quot; (in directory &quot;/root/workspace/wso2-ballerina/package-redis/429962223/component/src/test/resources/redis-executable&quot;): error=13, Permission denied
	at java.lang.ProcessBuilder.start(ProcessBuilder.java:1048)
	at redis.embedded.AbstractRedisInstance.start(AbstractRedisInstance.java:37)
	... 30 more
Caused by: java.io.IOException: error=13, Permission denied
	at java.lang.UNIXProcess.forkAndExec(Native Method)
	at java.lang.UNIXProcess.&lt;init&gt;(UNIXProcess.java:247)
	at java.lang.ProcessImpl.start(ProcessImpl.java:134)
	at java.lang.ProcessBuilder.start(ProcessBuilder.java:1029)
	... 31 more
</failure>
  </testcase>
  <testcase classname="org.ballerinalang.redis.actions.RedisConnectionTest" name="testConnectionRelease" time="0">
    <skipped/>
  </testcase>
  <testcase classname="org.ballerinalang.redis.actions.RedisConnectionTest" name="testEcho" time="0">
    <skipped/>
  </testcase>
  <testcase classname="org.ballerinalang.redis.actions.RedisConnectionTest" name="testInitWithConnectionParams" time="0.001">
    <skipped/>
  </testcase>
  <testcase classname="org.ballerinalang.redis.actions.RedisConnectionTest" name="testPing" time="0">
    <skipped/>
  </testcase>
  <testcase classname="org.ballerinalang.redis.actions.RedisStringCommandTest" name="setup" time="1.119">
    <failure type="java.lang.NullPointerException">java.lang.NullPointerException
	at org.ballerinalang.redis.actions.RedisStringCommandTest.setUpDatabase(RedisStringCommandTest.java:57)
	at org.ballerinalang.redis.actions.RedisStringCommandTest.setup(RedisStringCommandTest.java:39)
</failure>
    <system-out>    redis-string-command-test.bal
</system-out>
  </testcase>
  <testcase classname="org.ballerinalang.redis.actions.RedisStringCommandTest" name="testAppendCommand" time="0.001">
    <skipped/>
  </testcase>
  <testcase classname="org.ballerinalang.redis.actions.RedisStringCommandTest" name="testBitCountCommand" time="0">
    <skipped/>
  </testcase>
  <testcase classname="org.ballerinalang.redis.actions.RedisStringCommandTest" name="testBitOpAndCommand" time="0">
    <skipped/>
  </testcase>
  <testcase classname="org.ballerinalang.redis.actions.RedisStringCommandTest" name="testBitOpNotCommand" time="0">
    <skipped/>
  </testcase>
  <testcase classname="org.ballerinalang.redis.actions.RedisStringCommandTest" name="testBitOpOrCommand" time="0">
    <skipped/>
  </testcase>
  <testcase classname="org.ballerinalang.redis.actions.RedisStringCommandTest" name="testBitOpXorCommand" time="0">
    <skipped/>
  </testcase>
  <testcase classname="org.ballerinalang.redis.actions.RedisStringCommandTest" name="testDecrByCommand" time="0">
    <skipped/>
  </testcase>
  <testcase classname="org.ballerinalang.redis.actions.RedisStringCommandTest" name="testDecrCommand" time="0">
    <skipped/>
  </testcase>
  <testcase classname="org.ballerinalang.redis.actions.RedisStringCommandTest" name="testGetBitCommand" time="0">
    <skipped/>
  </testcase>
  <testcase classname="org.ballerinalang.redis.actions.RedisStringCommandTest" name="testGetCommand" time="0">
    <skipped/>
  </testcase>
  <testcase classname="org.ballerinalang.redis.actions.RedisStringCommandTest" name="testGetCommandNilOutput" time="0">
    <skipped/>
  </testcase>
  <testcase classname="org.ballerinalang.redis.actions.RedisStringCommandTest" name="testGetRangeCommand" time="0">
    <skipped/>
  </testcase>
  <testcase classname="org.ballerinalang.redis.actions.RedisStringCommandTest" name="testGetSetCommand" time="0">
    <skipped/>
  </testcase>
  <testcase classname="org.ballerinalang.redis.actions.RedisStringCommandTest" name="testGetSetCommandNilOutput" time="0">
    <skipped/>
  </testcase>
  <testcase classname="org.ballerinalang.redis.actions.RedisStringCommandTest" name="testIncrByCommand" time="0">
    <skipped/>
  </testcase>
  <testcase classname="org.ballerinalang.redis.actions.RedisStringCommandTest" name="testIncrByFloatCommand" time="0">
    <skipped/>
  </testcase>
  <testcase classname="org.ballerinalang.redis.actions.RedisStringCommandTest" name="testIncrCommand" time="0">
    <skipped/>
  </testcase>
  <testcase classname="org.ballerinalang.redis.actions.RedisStringCommandTest" name="testMGetCommand" time="0">
    <skipped/>
  </testcase>
  <testcase classname="org.ballerinalang.redis.actions.RedisStringCommandTest" name="testMSetCommand" time="0">
    <skipped/>
  </testcase>
  <testcase classname="org.ballerinalang.redis.actions.RedisStringCommandTest" name="testMSetNxCommand" time="0">
    <skipped/>
  </testcase>
  <testcase classname="org.ballerinalang.redis.actions.RedisStringCommandTest" name="testPSetExCommand" time="0.001">
    <skipped/>
  </testcase>
  <testcase classname="org.ballerinalang.redis.actions.RedisStringCommandTest" name="testSetBitCommand" time="0">
    <skipped/>
  </testcase>
  <testcase classname="org.ballerinalang.redis.actions.RedisStringCommandTest" name="testSetCommand" time="0.001">
    <skipped/>
  </testcase>
  <testcase classname="org.ballerinalang.redis.actions.RedisStringCommandTest" name="testSetExCommand" time="0">
    <skipped/>
  </testcase>
  <testcase classname="org.ballerinalang.redis.actions.RedisStringCommandTest" name="testSetNxCommand" time="0.001">
    <skipped/>
  </testcase>
  <testcase classname="org.ballerinalang.redis.actions.RedisStringCommandTest" name="testSetRangeCommand" time="0">
    <skipped/>
  </testcase>
  <testcase classname="org.ballerinalang.redis.actions.RedisStringCommandTest" name="testStrlnCommand" time="0">
    <skipped/>
  </testcase>
  <testcase classname="org.ballerinalang.redis.actions.RedisListCommandTest" name="setup" time="0.505">
    <failure type="java.lang.NullPointerException">java.lang.NullPointerException
	at org.ballerinalang.redis.actions.RedisListCommandTest.setUpDatabase(RedisListCommandTest.java:61)
	at org.ballerinalang.redis.actions.RedisListCommandTest.setup(RedisListCommandTest.java:39)
</failure>
    <system-out>    redis-list-command-test.bal
</system-out>
  </testcase>
  <testcase classname="org.ballerinalang.redis.actions.RedisListCommandTest" name="testBLPopCommand" time="0">
    <skipped/>
  </testcase>
  <testcase classname="org.ballerinalang.redis.actions.RedisListCommandTest" name="testBLPopCommandNilOutput" time="0">
    <skipped/>
  </testcase>
  <testcase classname="org.ballerinalang.redis.actions.RedisListCommandTest" name="testBRPopCommand" time="0">
    <skipped/>
  </testcase>
  <testcase classname="org.ballerinalang.redis.actions.RedisListCommandTest" name="testBRPopCommandNilOutput" time="0.001">
    <skipped/>
  </testcase>
  <testcase classname="org.ballerinalang.redis.actions.RedisListCommandTest" name="testLIndexCommand" time="0">
    <skipped/>
  </testcase>
  <testcase classname="org.ballerinalang.redis.actions.RedisListCommandTest" name="testLInsertCommand" time="0.001">
    <skipped/>
  </testcase>
  <testcase classname="org.ballerinalang.redis.actions.RedisListCommandTest" name="testLLenCommand" time="0">
    <skipped/>
  </testcase>
  <testcase classname="org.ballerinalang.redis.actions.RedisListCommandTest" name="testLPopCommand" time="0.001">
    <skipped/>
  </testcase>
  <testcase classname="org.ballerinalang.redis.actions.RedisListCommandTest" name="testLPopCommandNilOutput" time="0">
    <skipped/>
  </testcase>
  <testcase classname="org.ballerinalang.redis.actions.RedisListCommandTest" name="testLPushCommand" time="0">
    <skipped/>
  </testcase>
  <testcase classname="org.ballerinalang.redis.actions.RedisListCommandTest" name="testLPushXCommand" time="0">
    <skipped/>
  </testcase>
  <testcase classname="org.ballerinalang.redis.actions.RedisListCommandTest" name="testLRangeCommand" time="0">
    <skipped/>
  </testcase>
  <testcase classname="org.ballerinalang.redis.actions.RedisListCommandTest" name="testLRemCommand" time="0">
    <skipped/>
  </testcase>
  <testcase classname="org.ballerinalang.redis.actions.RedisListCommandTest" name="testLSetCommand" time="0">
    <skipped/>
  </testcase>
  <testcase classname="org.ballerinalang.redis.actions.RedisListCommandTest" name="testLTrimCommand" time="0.001">
    <skipped/>
  </testcase>
  <testcase classname="org.ballerinalang.redis.actions.RedisListCommandTest" name="testRPopCommand" time="0">
    <skipped/>
  </testcase>
  <testcase classname="org.ballerinalang.redis.actions.RedisListCommandTest" name="testRPopCommandNilOutput" time="0.001">
    <skipped/>
  </testcase>
  <testcase classname="org.ballerinalang.redis.actions.RedisListCommandTest" name="testRPopLPushCommand" time="0">
    <skipped/>
  </testcase>
  <testcase classname="org.ballerinalang.redis.actions.RedisListCommandTest" name="testRPushCommand" time="0.001">
    <skipped/>
  </testcase>
  <testcase classname="org.ballerinalang.redis.actions.RedisListCommandTest" name="testRPushXCommand" time="0">
    <skipped/>
  </testcase>
  <testcase classname="org.ballerinalang.redis.actions.RedisSetCommandTest" name="setup" time="0.274">
    <failure type="java.lang.NullPointerException">java.lang.NullPointerException
	at org.ballerinalang.redis.actions.RedisSetCommandTest.setUpDatabase(RedisSetCommandTest.java:59)
	at org.ballerinalang.redis.actions.RedisSetCommandTest.setup(RedisSetCommandTest.java:40)
</failure>
    <system-out>    redis-set-command-test.bal
</system-out>
  </testcase>
  <testcase classname="org.ballerinalang.redis.actions.RedisSetCommandTest" name="testRandMemberCommand" time="0">
    <skipped/>
  </testcase>
  <testcase classname="org.ballerinalang.redis.actions.RedisSetCommandTest" name="testRandMemberCommandNilOutput" time="0">
    <skipped/>
  </testcase>
  <testcase classname="org.ballerinalang.redis.actions.RedisSetCommandTest" name="testSAddCommand" time="0">
    <skipped/>
  </testcase>
  <testcase classname="org.ballerinalang.redis.actions.RedisSetCommandTest" name="testSDiffCommand" time="0">
    <skipped/>
  </testcase>
  <testcase classname="org.ballerinalang.redis.actions.RedisSetCommandTest" name="testSDiffStoreCommand" time="0">
    <skipped/>
  </testcase>
  <testcase classname="org.ballerinalang.redis.actions.RedisSetCommandTest" name="testSInterCommand" time="0">
    <skipped/>
  </testcase>
  <testcase classname="org.ballerinalang.redis.actions.RedisSetCommandTest" name="testSInterStoreCommand" time="0">
    <skipped/>
  </testcase>
  <testcase classname="org.ballerinalang.redis.actions.RedisSetCommandTest" name="testSIsMemberCommand" time="0">
    <skipped/>
  </testcase>
  <testcase classname="org.ballerinalang.redis.actions.RedisSetCommandTest" name="testSMembersCommand" time="0.001">
    <skipped/>
  </testcase>
  <testcase classname="org.ballerinalang.redis.actions.RedisSetCommandTest" name="testSPopCommand" time="0">
    <skipped/>
  </testcase>
  <testcase classname="org.ballerinalang.redis.actions.RedisSetCommandTest" name="testSPopCommandNilOutput" time="0">
    <skipped/>
  </testcase>
  <testcase classname="org.ballerinalang.redis.actions.RedisSetCommandTest" name="testSRemCommand" time="0.001">
    <skipped/>
  </testcase>
  <testcase classname="org.ballerinalang.redis.actions.RedisSetCommandTest" name="testSUnionCommand" time="0">
    <skipped/>
  </testcase>
  <testcase classname="org.ballerinalang.redis.actions.RedisSetCommandTest" name="testSUnionStoreCommand" time="0">
    <skipped/>
  </testcase>
  <testcase classname="org.ballerinalang.redis.actions.RedisSortedSetCommandTest" name="setup" time="0.431">
    <failure type="java.lang.NullPointerException">java.lang.NullPointerException
	at org.ballerinalang.redis.actions.RedisSortedSetCommandTest.setUpDatabase(RedisSortedSetCommandTest.java:176)
	at org.ballerinalang.redis.actions.RedisSortedSetCommandTest.setup(RedisSortedSetCommandTest.java:42)
</failure>
    <system-out>    redis-sorted-set-command-test.bal
</system-out>
  </testcase>
  <testcase classname="org.ballerinalang.redis.actions.RedisSortedSetCommandTest" name="testZAddCommand" time="0">
    <skipped/>
  </testcase>
  <testcase classname="org.ballerinalang.redis.actions.RedisSortedSetCommandTest" name="testZCardCommand" time="0">
    <skipped/>
  </testcase>
  <testcase classname="org.ballerinalang.redis.actions.RedisSortedSetCommandTest" name="testZCountCommand" time="0">
    <skipped/>
  </testcase>
  <testcase classname="org.ballerinalang.redis.actions.RedisSortedSetCommandTest" name="testZIncrByCommand" time="0.001">
    <skipped/>
  </testcase>
  <testcase classname="org.ballerinalang.redis.actions.RedisSortedSetCommandTest" name="testZInterStoreCommand" time="0">
    <skipped/>
  </testcase>
  <testcase classname="org.ballerinalang.redis.actions.RedisSortedSetCommandTest" name="testZLexCountCommand" time="0">
    <skipped/>
  </testcase>
  <testcase classname="org.ballerinalang.redis.actions.RedisSortedSetCommandTest" name="testZRangeByLexCommand" time="0">
    <skipped/>
  </testcase>
  <testcase classname="org.ballerinalang.redis.actions.RedisSortedSetCommandTest" name="testZRangeByScoreCommand" time="0">
    <skipped/>
  </testcase>
  <testcase classname="org.ballerinalang.redis.actions.RedisSortedSetCommandTest" name="testZRangeCommand" time="0">
    <skipped/>
  </testcase>
  <testcase classname="org.ballerinalang.redis.actions.RedisSortedSetCommandTest" name="testZRankCommand" time="0">
    <skipped/>
  </testcase>
  <testcase classname="org.ballerinalang.redis.actions.RedisSortedSetCommandTest" name="testZRemCommand" time="0">
    <skipped/>
  </testcase>
  <testcase classname="org.ballerinalang.redis.actions.RedisSortedSetCommandTest" name="testZRemRangeByLexCommand" time="0">
    <skipped/>
  </testcase>
  <testcase classname="org.ballerinalang.redis.actions.RedisSortedSetCommandTest" name="testZRemRangeByRankCommand" time="0.001">
    <skipped/>
  </testcase>
  <testcase classname="org.ballerinalang.redis.actions.RedisSortedSetCommandTest" name="testZRemRangeByScoreCommand" time="0">
    <skipped/>
  </testcase>
  <testcase classname="org.ballerinalang.redis.actions.RedisSortedSetCommandTest" name="testZRevRangeByLexCommand" time="0">
    <skipped/>
  </testcase>
  <testcase classname="org.ballerinalang.redis.actions.RedisSortedSetCommandTest" name="testZRevRangeByScoreCommand" time="0.001">
    <skipped/>
  </testcase>
  <testcase classname="org.ballerinalang.redis.actions.RedisSortedSetCommandTest" name="testZRevRangeCommand" time="0">
    <skipped/>
  </testcase>
  <testcase classname="org.ballerinalang.redis.actions.RedisSortedSetCommandTest" name="testZRevRankCommand" time="0">
    <skipped/>
  </testcase>
  <testcase classname="org.ballerinalang.redis.actions.RedisSortedSetCommandTest" name="testZScoreCommand" time="0.001">
    <skipped/>
  </testcase>
  <testcase classname="org.ballerinalang.redis.actions.RedisSortedSetCommandTest" name="testZUnionStoreCommand" time="0">
    <skipped/>
  </testcase>
  <testcase classname="org.ballerinalang.redis.actions.RedisHashCommandsTest" name="setup" time="0.39">
    <failure type="java.lang.NullPointerException">java.lang.NullPointerException
	at org.ballerinalang.redis.actions.RedisHashCommandsTest.setUpDatabase(RedisHashCommandsTest.java:79)
	at org.ballerinalang.redis.actions.RedisHashCommandsTest.setup(RedisHashCommandsTest.java:46)
</failure>
    <system-out>    redis-hash-command-test.bal
</system-out>
  </testcase>
  <testcase classname="org.ballerinalang.redis.actions.RedisHashCommandsTest" name="testHDelCommand" time="0">
    <skipped/>
  </testcase>
  <testcase classname="org.ballerinalang.redis.actions.RedisHashCommandsTest" name="testHExistsCommand" time="0">
    <skipped/>
  </testcase>
  <testcase classname="org.ballerinalang.redis.actions.RedisHashCommandsTest" name="testHGetAllCommand" time="0.004">
    <skipped/>
  </testcase>
  <testcase classname="org.ballerinalang.redis.actions.RedisHashCommandsTest" name="testHGetCommand" time="0.003">
    <skipped/>
  </testcase>
  <testcase classname="org.ballerinalang.redis.actions.RedisHashCommandsTest" name="testHIncrByCommand" time="0.006">
    <skipped/>
  </testcase>
  <testcase classname="org.ballerinalang.redis.actions.RedisHashCommandsTest" name="testHIncrByFloatCommand" time="0">
    <skipped/>
  </testcase>
  <testcase classname="org.ballerinalang.redis.actions.RedisHashCommandsTest" name="testHKeysCommand" time="0">
    <skipped/>
  </testcase>
  <testcase classname="org.ballerinalang.redis.actions.RedisHashCommandsTest" name="testHLenCommand" time="0">
    <skipped/>
  </testcase>
  <testcase classname="org.ballerinalang.redis.actions.RedisHashCommandsTest" name="testHMGetCommand" time="0">
    <skipped/>
  </testcase>
  <testcase classname="org.ballerinalang.redis.actions.RedisHashCommandsTest" name="testHMSetCommand" time="0">
    <skipped/>
  </testcase>
  <testcase classname="org.ballerinalang.redis.actions.RedisHashCommandsTest" name="testHSetCommand" time="0">
    <skipped/>
  </testcase>
  <testcase classname="org.ballerinalang.redis.actions.RedisHashCommandsTest" name="testHSetNxCommand" time="0">
    <skipped/>
  </testcase>
  <testcase classname="org.ballerinalang.redis.actions.RedisHashCommandsTest" name="testHStrlnCommand" time="0">
    <skipped/>
  </testcase>
  <testcase classname="org.ballerinalang.redis.actions.RedisHashCommandsTest" name="testHValsCommand" time="0">
    <skipped/>
  </testcase>
  <testcase classname="org.ballerinalang.redis.actions.RedisKeyCommandTest" name="setup" time="2.513">
    <failure message="Unable to connect to localhost:6379" type="io.lettuce.core.RedisConnectionException">io.lettuce.core.RedisConnectionException: Unable to connect to localhost:6379
	at io.lettuce.core.RedisConnectionException.create(RedisConnectionException.java:56)
	at io.lettuce.core.AbstractRedisClient.getConnection(AbstractRedisClient.java:233)
	at io.lettuce.core.RedisClient.connectStandalone(RedisClient.java:253)
	at io.lettuce.core.RedisClient.connect(RedisClient.java:202)
	at org.ballerinalang.redis.actions.RedisCommandsBaseTest.connectToDB(RedisCommandsBaseTest.java:72)
	at org.ballerinalang.redis.actions.RedisKeyCommandTest.setup(RedisKeyCommandTest.java:44)
Caused by: io.netty.channel.AbstractChannel$AnnotatedConnectException: Connection refused: localhost/127.0.0.1:6379
	at sun.nio.ch.SocketChannelImpl.checkConnect(Native Method)
	at sun.nio.ch.SocketChannelImpl.finishConnect(SocketChannelImpl.java:717)
	at io.netty.channel.socket.nio.NioSocketChannel.doFinishConnect(NioSocketChannel.java:325)
	at io.netty.channel.nio.AbstractNioChannel$AbstractNioUnsafe.finishConnect(AbstractNioChannel.java:340)
	at io.netty.channel.nio.NioEventLoop.processSelectedKey(NioEventLoop.java:633)
	at io.netty.channel.nio.NioEventLoop.processSelectedKeysOptimized(NioEventLoop.java:580)
	at io.netty.channel.nio.NioEventLoop.processSelectedKeys(NioEventLoop.java:497)
	at io.netty.channel.nio.NioEventLoop.run(NioEventLoop.java:459)
	at io.netty.util.concurrent.SingleThreadEventExecutor$5.run(SingleThreadEventExecutor.java:886)
	at io.netty.util.concurrent.FastThreadLocalRunnable.run(FastThreadLocalRunnable.java:30)
	at java.lang.Thread.run(Thread.java:745)
Caused by: java.net.ConnectException: Connection refused
	... 11 more
</failure>
    <system-out>    redis-key-command-test.bal
[2018-09-18 11:54:37,715]  INFO {io.lettuce.core.EpollProvider} -  Starting without optional epoll library
[2018-09-18 11:54:37,722]  INFO {io.lettuce.core.KqueueProvider} -  Starting without optional kqueue library
</system-out>
    <system-err>    
SLF4J: Class path contains multiple SLF4J bindings.
SLF4J: Found binding in [jar:file:/root/./workspace/wso2-ballerina/package-redis/429962223/.m2/org/slf4j/slf4j-log4j12/1.7.5/slf4j-log4j12-1.7.5.jar!/org/slf4j/impl/StaticLoggerBinder.class]
SLF4J: Found binding in [jar:file:/root/./workspace/wso2-ballerina/package-redis/429962223/.m2/org/slf4j/slf4j-simple/1.7.22/slf4j-simple-1.7.22.jar!/org/slf4j/impl/StaticLoggerBinder.class]
SLF4J: See http://www.slf4j.org/codes.html#multiple_bindings for an explanation.
SLF4J: Actual binding is of type [org.slf4j.impl.Log4jLoggerFactory]
</system-err>
  </testcase>
  <testcase classname="org.ballerinalang.redis.actions.RedisKeyCommandTest" name="testDelCommand" time="0">
    <skipped/>
  </testcase>
  <testcase classname="org.ballerinalang.redis.actions.RedisKeyCommandTest" name="testExistsCommand" time="0.005">
    <skipped/>
  </testcase>
  <testcase classname="org.ballerinalang.redis.actions.RedisKeyCommandTest" name="testExpireCommand" time="0">
    <skipped/>
  </testcase>
  <testcase classname="org.ballerinalang.redis.actions.RedisKeyCommandTest" name="testKeysCommand" time="0">
    <skipped/>
  </testcase>
  <testcase classname="org.ballerinalang.redis.actions.RedisKeyCommandTest" name="testMoveCommand" time="0">
    <skipped/>
  </testcase>
  <testcase classname="org.ballerinalang.redis.actions.RedisKeyCommandTest" name="testPExpireCommand" time="0">
    <skipped/>
  </testcase>
  <testcase classname="org.ballerinalang.redis.actions.RedisKeyCommandTest" name="testPTtlCommand" time="0">
    <skipped/>
  </testcase>
  <testcase classname="org.ballerinalang.redis.actions.RedisKeyCommandTest" name="testPersistCommand" time="0">
    <skipped/>
  </testcase>
  <testcase classname="org.ballerinalang.redis.actions.RedisKeyCommandTest" name="testRandomKeyCommand" time="0">
    <skipped/>
  </testcase>
  <testcase classname="org.ballerinalang.redis.actions.RedisKeyCommandTest" name="testRandomKeyCommandNilOutput" time="0">
    <skipped/>
  </testcase>
  <testcase classname="org.ballerinalang.redis.actions.RedisKeyCommandTest" name="testRenameCommand" time="0">
    <skipped/>
  </testcase>
  <testcase classname="org.ballerinalang.redis.actions.RedisKeyCommandTest" name="testRenameNxCommand" time="0">
    <skipped/>
  </testcase>
  <testcase classname="org.ballerinalang.redis.actions.RedisKeyCommandTest" name="testSortCommand" time="0.001">
    <skipped/>
  </testcase>
  <testcase classname="org.ballerinalang.redis.actions.RedisKeyCommandTest" name="testTtlCommand" time="0">
    <skipped/>
  </testcase>
  <testcase classname="org.ballerinalang.redis.actions.RedisKeyCommandTest" name="testTypeCommand" time="0">
    <skipped/>
  </testcase>
  <testcase classname="org.ballerinalang.redis.actions.RedisKeyCommandTest" name="cleanup" time="0.002">
    <failure type="java.lang.NullPointerException">java.lang.NullPointerException
	at org.ballerinalang.redis.actions.RedisKeyCommandTest.cleanup(RedisKeyCommandTest.java:229)
</failure>
  </testcase>
</testsuite>