<?xml version="1.0" encoding="UTF-8"?>
<!-- Generated by org.testng.reporters.JUnitReportReporter -->
<testsuite hostname="cyclone1" name="org.molgenis.data.i18n.LocalizationServiceTest" tests="6" failures="0" timestamp="7 Jun 2018 14:46:46 GMT" time="2.424" errors="0">
  <testcase name="testDeleteNamespace" time="0.006" classname="org.molgenis.data.i18n.LocalizationServiceTest"/>
  <testcase name="testStore" time="1.936" classname="org.molgenis.data.i18n.LocalizationServiceTest"/>
  <testcase name="testGetMessage" time="0.068" classname="org.molgenis.data.i18n.LocalizationServiceTest"/>
  <testcase name="testAddMissingMessageIds" time="0.379" classname="org.molgenis.data.i18n.LocalizationServiceTest"/>
  <testcase name="testGetAllMessageIds" time="0.005" classname="org.molgenis.data.i18n.LocalizationServiceTest"/>
  <testcase name="testGetMessages" time="0.030" classname="org.molgenis.data.i18n.LocalizationServiceTest"/>
</testsuite> <!-- org.molgenis.data.i18n.LocalizationServiceTest -->
