<?xml version="1.0" encoding="UTF-8"?>
<!-- Generated by org.testng.reporters.JUnitReportReporter -->
<testsuite hostname="cyclone1" name="org.molgenis.data.i18n.LocalizationServiceTest" tests="6" failures="0" timestamp="6 Jun 2018 14:17:51 GMT" time="0.534" errors="0">
  <testcase name="testAddMissingMessageIds" time="0.253" classname="org.molgenis.data.i18n.LocalizationServiceTest"/>
  <testcase name="testStore" time="0.005" classname="org.molgenis.data.i18n.LocalizationServiceTest"/>
  <testcase name="testDeleteNamespace" time="0.006" classname="org.molgenis.data.i18n.LocalizationServiceTest"/>
  <testcase name="testGetMessages" time="0.213" classname="org.molgenis.data.i18n.LocalizationServiceTest"/>
  <testcase name="testGetAllMessageIds" time="0.005" classname="org.molgenis.data.i18n.LocalizationServiceTest"/>
  <testcase name="testGetMessage" time="0.052" classname="org.molgenis.data.i18n.LocalizationServiceTest"/>
</testsuite> <!-- org.molgenis.data.i18n.LocalizationServiceTest -->
