<?xml version="1.0" encoding="UTF-8"?>
<!-- Generated by org.testng.reporters.JUnitReportReporter -->
<testsuite hostname="cyclone1" name="org.molgenis.data.i18n.LanguageRepositoryDecoratorTest" tests="7" failures="0" timestamp="6 Jun 2018 08:45:18 GMT" time="0.221" errors="0">
  <testcase name="testAddExistingLanguage" time="0.085" classname="org.molgenis.data.i18n.LanguageRepositoryDecoratorTest"/>
  <testcase name="testDeleteById" time="0.128" classname="org.molgenis.data.i18n.LanguageRepositoryDecoratorTest"/>
  <testcase name="testDelete" time="0.000" classname="org.molgenis.data.i18n.LanguageRepositoryDecoratorTest"/>
  <testcase name="testAddUnknownLanguage" time="0.002" classname="org.molgenis.data.i18n.LanguageRepositoryDecoratorTest"/>
  <testcase name="testAddStreamUnknownLanguage" time="0.004" classname="org.molgenis.data.i18n.LanguageRepositoryDecoratorTest"/>
  <testcase name="testDeleteStream" time="0.001" classname="org.molgenis.data.i18n.LanguageRepositoryDecoratorTest"/>
  <testcase name="testAddStreamExistingLanguages" time="0.001" classname="org.molgenis.data.i18n.LanguageRepositoryDecoratorTest"/>
</testsuite> <!-- org.molgenis.data.i18n.LanguageRepositoryDecoratorTest -->
