<?xml version="1.0" encoding="UTF-8"?>
<!-- Generated by org.testng.reporters.JUnitReportReporter -->
<testsuite hostname="cyclone1" name="org.molgenis.data.i18n.LocalizationServiceTest" tests="6" failures="0" timestamp="30 May 2018 12:50:36 GMT" time="2.401" errors="0">
  <testcase name="testDeleteNamespace" time="0.009" classname="org.molgenis.data.i18n.LocalizationServiceTest"/>
  <testcase name="testStore" time="0.005" classname="org.molgenis.data.i18n.LocalizationServiceTest"/>
  <testcase name="testGetMessages" time="0.028" classname="org.molgenis.data.i18n.LocalizationServiceTest"/>
  <testcase name="testGetAllMessageIds" time="0.006" classname="org.molgenis.data.i18n.LocalizationServiceTest"/>
  <testcase name="testGetMessage" time="1.985" classname="org.molgenis.data.i18n.LocalizationServiceTest"/>
  <testcase name="testAddMissingMessageIds" time="0.368" classname="org.molgenis.data.i18n.LocalizationServiceTest"/>
</testsuite> <!-- org.molgenis.data.i18n.LocalizationServiceTest -->
