<?xml version="1.0" encoding="UTF-8"?>
<!-- Generated by org.testng.reporters.JUnitReportReporter -->
<testsuite hostname="cyclone1" name="org.molgenis.data.i18n.LocalizationPopulatorTest" tests="1" failures="0" timestamp="1 Jun 2018 11:33:41 GMT" time="2.011" errors="0">
  <testcase name="testPopulate" time="2.011" classname="org.molgenis.data.i18n.LocalizationPopulatorTest"/>
</testsuite> <!-- org.molgenis.data.i18n.LocalizationPopulatorTest -->
