<?xml version="1.0" encoding="UTF-8"?>
<!-- Generated by org.testng.reporters.JUnitReportReporter -->
<testsuite hostname="cyclone1" name="org.molgenis.data.i18n.LocalizationServiceTest" tests="6" failures="0" timestamp="1 Jun 2018 11:33:41 GMT" time="0.401" errors="0">
  <testcase name="testAddMissingMessageIds" time="0.168" classname="org.molgenis.data.i18n.LocalizationServiceTest"/>
  <testcase name="testStore" time="0.003" classname="org.molgenis.data.i18n.LocalizationServiceTest"/>
  <testcase name="testDeleteNamespace" time="0.004" classname="org.molgenis.data.i18n.LocalizationServiceTest"/>
  <testcase name="testGetMessages" time="0.174" classname="org.molgenis.data.i18n.LocalizationServiceTest"/>
  <testcase name="testGetAllMessageIds" time="0.003" classname="org.molgenis.data.i18n.LocalizationServiceTest"/>
  <testcase name="testGetMessage" time="0.049" classname="org.molgenis.data.i18n.LocalizationServiceTest"/>
</testsuite> <!-- org.molgenis.data.i18n.LocalizationServiceTest -->
