<?xml version="1.0" encoding="UTF-8"?>
<!-- Generated by org.testng.reporters.JUnitReportReporter -->
<testsuite hostname="cyclone1" name="org.molgenis.data.i18n.I18nUtilsTest" tests="2" failures="0" timestamp="1 Jun 2018 11:33:41 GMT" time="0.024" errors="0">
  <testcase name="getLanguageCode" time="0.024" classname="org.molgenis.data.i18n.I18nUtilsTest"/>
  <testcase name="isI18n" time="0.000" classname="org.molgenis.data.i18n.I18nUtilsTest"/>
</testsuite> <!-- org.molgenis.data.i18n.I18nUtilsTest -->
