<?xml version="1.0" encoding="UTF-8"?>
<!-- Generated by org.testng.reporters.JUnitReportReporter -->
<testsuite hostname="cyclone1" name="org.molgenis.data.i18n.LocalizationPopulatorTest" tests="1" failures="0" timestamp="6 Jun 2018 08:45:18 GMT" time="0.287" errors="0">
  <testcase name="testPopulate" time="0.287" classname="org.molgenis.data.i18n.LocalizationPopulatorTest"/>
</testsuite> <!-- org.molgenis.data.i18n.LocalizationPopulatorTest -->
