<?xml version="1.0" encoding="UTF-8"?>
<!-- Generated by org.testng.reporters.JUnitReportReporter -->
<testsuite hostname="cyclone1" name="org.molgenis.data.i18n.LocalizationServiceTest" tests="6" failures="0" timestamp="4 Jun 2018 11:13:17 GMT" time="0.454" errors="0">
  <testcase name="testGetMessages" time="0.017" classname="org.molgenis.data.i18n.LocalizationServiceTest"/>
  <testcase name="testStore" time="0.004" classname="org.molgenis.data.i18n.LocalizationServiceTest"/>
  <testcase name="testDeleteNamespace" time="0.134" classname="org.molgenis.data.i18n.LocalizationServiceTest"/>
  <testcase name="testGetMessage" time="0.052" classname="org.molgenis.data.i18n.LocalizationServiceTest"/>
  <testcase name="testGetAllMessageIds" time="0.004" classname="org.molgenis.data.i18n.LocalizationServiceTest"/>
  <testcase name="testAddMissingMessageIds" time="0.243" classname="org.molgenis.data.i18n.LocalizationServiceTest"/>
</testsuite> <!-- org.molgenis.data.i18n.LocalizationServiceTest -->
