<?xml version="1.0" encoding="UTF-8"?>
<!-- Generated by org.testng.reporters.JUnitReportReporter -->
<testsuite hostname="cyclone1" name="org.molgenis.data.i18n.I18nUtilsTest" tests="2" failures="0" timestamp="30 May 2018 12:50:36 GMT" time="0.001" errors="0">
  <testcase name="isI18n" time="0.000" classname="org.molgenis.data.i18n.I18nUtilsTest"/>
  <testcase name="getLanguageCode" time="0.001" classname="org.molgenis.data.i18n.I18nUtilsTest"/>
</testsuite> <!-- org.molgenis.data.i18n.I18nUtilsTest -->
