<?xml version="1.0" encoding="UTF-8"?>
<!-- Generated by org.testng.reporters.JUnitReportReporter -->
<testsuite hostname="cyclone1" name="org.molgenis.data.i18n.LocalizationServiceTest" tests="6" failures="0" timestamp="6 Jun 2018 21:42:39 GMT" time="2.510" errors="0">
  <testcase name="testAddMissingMessageIds" time="0.384" classname="org.molgenis.data.i18n.LocalizationServiceTest"/>
  <testcase name="testDeleteNamespace" time="0.009" classname="org.molgenis.data.i18n.LocalizationServiceTest"/>
  <testcase name="testStore" time="0.011" classname="org.molgenis.data.i18n.LocalizationServiceTest"/>
  <testcase name="testGetMessage" time="0.073" classname="org.molgenis.data.i18n.LocalizationServiceTest"/>
  <testcase name="testGetAllMessageIds" time="1.999" classname="org.molgenis.data.i18n.LocalizationServiceTest"/>
  <testcase name="testGetMessages" time="0.034" classname="org.molgenis.data.i18n.LocalizationServiceTest"/>
</testsuite> <!-- org.molgenis.data.i18n.LocalizationServiceTest -->
