<?xml version="1.0" encoding="UTF-8"?>
<!-- Generated by org.testng.reporters.JUnitReportReporter -->
<testsuite hostname="cyclone1" name="org.molgenis.data.i18n.LocalizationServiceTest" tests="6" failures="0" timestamp="6 Jun 2018 08:45:18 GMT" time="2.412" errors="0">
  <testcase name="testDeleteNamespace" time="0.005" classname="org.molgenis.data.i18n.LocalizationServiceTest"/>
  <testcase name="testStore" time="2.045" classname="org.molgenis.data.i18n.LocalizationServiceTest"/>
  <testcase name="testGetMessage" time="0.053" classname="org.molgenis.data.i18n.LocalizationServiceTest"/>
  <testcase name="testAddMissingMessageIds" time="0.285" classname="org.molgenis.data.i18n.LocalizationServiceTest"/>
  <testcase name="testGetAllMessageIds" time="0.002" classname="org.molgenis.data.i18n.LocalizationServiceTest"/>
  <testcase name="testGetMessages" time="0.022" classname="org.molgenis.data.i18n.LocalizationServiceTest"/>
</testsuite> <!-- org.molgenis.data.i18n.LocalizationServiceTest -->
