<?xml version="1.0" encoding="UTF-8"?>
<!-- Generated by org.testng.reporters.JUnitReportReporter -->
<testsuite hostname="cyclone1" name="org.molgenis.data.csv.CsvWriterTest" tests="6" failures="0" timestamp="6 Jun 2018 14:18:42 GMT" time="0.104" errors="0">
  <testcase name="addCellProcessor_data" time="0.003" classname="org.molgenis.data.csv.CsvWriterTest"/>
  <testcase name="CsvWriter" time="0.007" classname="org.molgenis.data.csv.CsvWriterTest"/>
  <testcase name="add" time="0.010" classname="org.molgenis.data.csv.CsvWriterTest"/>
  <testcase name="addCellProcessor" time="0.055" classname="org.molgenis.data.csv.CsvWriterTest"/>
  <testcase name="close" time="0.021" classname="org.molgenis.data.csv.CsvWriterTest"/>
  <testcase name="testLabels" time="0.008" classname="org.molgenis.data.csv.CsvWriterTest"/>
</testsuite> <!-- org.molgenis.data.csv.CsvWriterTest -->
