<?xml version="1.0" encoding="UTF-8"?>
<!-- Generated by org.testng.reporters.JUnitReportReporter -->
<testsuite hostname="cyclone1" name="org.molgenis.data.csv.CsvIteratorTest" tests="9" failures="0" timestamp="1 Jun 2018 11:34:50 GMT" time="0.036" errors="0">
  <testcase name="testIteratorFromCsvFileWithBom" time="0.003" classname="org.molgenis.data.csv.CsvIteratorTest"/>
  <testcase name="testIteratorFromCsvFile" time="0.002" classname="org.molgenis.data.csv.CsvIteratorTest"/>
  <testcase name="testCsvIteratorDuplicateColumnHeader" time="0.007" classname="org.molgenis.data.csv.CsvIteratorTest"/>
  <testcase name="testIteratorValueHeaderMismatchOneNonEmptyValue" time="0.004" classname="org.molgenis.data.csv.CsvIteratorTest"/>
  <testcase name="testIteratorFromZipFileWithBom" time="0.004" classname="org.molgenis.data.csv.CsvIteratorTest"/>
  <testcase name="testIteratorValueHeaderMismatch" time="0.003" classname="org.molgenis.data.csv.CsvIteratorTest"/>
  <testcase name="testIteratorFromZipFile" time="0.007" classname="org.molgenis.data.csv.CsvIteratorTest"/>
  <testcase name="testIteratorFromZipFileWithFolderWithBom" time="0.002" classname="org.molgenis.data.csv.CsvIteratorTest"/>
  <testcase name="testIteratorFromZipFileWithFolder" time="0.004" classname="org.molgenis.data.csv.CsvIteratorTest"/>
</testsuite> <!-- org.molgenis.data.csv.CsvIteratorTest -->
