<?xml version="1.0" encoding="UTF-8"?>
<!-- Generated by org.testng.reporters.JUnitReportReporter -->
<testsuite hostname="cyclone1" name="org.molgenis.data.csv.CsvRepositorySourceTest" tests="2" failures="0" timestamp="4 Jun 2018 11:14:07 GMT" time="0.057" errors="0">
  <testcase name="getRepositoriesCsv" time="0.041" classname="org.molgenis.data.csv.CsvRepositorySourceTest"/>
  <testcase name="getRepositoriesZip" time="0.016" classname="org.molgenis.data.csv.CsvRepositorySourceTest"/>
</testsuite> <!-- org.molgenis.data.csv.CsvRepositorySourceTest -->
