<?xml version="1.0" encoding="UTF-8"?>
<!-- Generated by org.testng.reporters.JUnitReportReporter -->
<testsuite hostname="cyclone1" name="org.molgenis.data.csv.CsvWriterTest" tests="6" failures="0" timestamp="6 Jun 2018 08:46:04 GMT" time="0.035" errors="0">
  <testcase name="add" time="0.009" classname="org.molgenis.data.csv.CsvWriterTest"/>
  <testcase name="CsvWriter" time="0.008" classname="org.molgenis.data.csv.CsvWriterTest"/>
  <testcase name="testLabels" time="0.002" classname="org.molgenis.data.csv.CsvWriterTest"/>
  <testcase name="addCellProcessor_data" time="0.006" classname="org.molgenis.data.csv.CsvWriterTest"/>
  <testcase name="close" time="0.004" classname="org.molgenis.data.csv.CsvWriterTest"/>
  <testcase name="addCellProcessor" time="0.006" classname="org.molgenis.data.csv.CsvWriterTest"/>
</testsuite> <!-- org.molgenis.data.csv.CsvWriterTest -->
