<?xml version="1.0" encoding="UTF-8"?>
<!-- Generated by org.testng.reporters.JUnitReportReporter -->
<testsuite hostname="cyclone1" name="org.molgenis.data.csv.CsvWriterTest" tests="6" failures="0" timestamp="1 Jun 2018 11:34:50 GMT" time="0.173" errors="0">
  <testcase name="close" time="0.011" classname="org.molgenis.data.csv.CsvWriterTest"/>
  <testcase name="addCellProcessor" time="0.078" classname="org.molgenis.data.csv.CsvWriterTest"/>
  <testcase name="CsvWriter" time="0.018" classname="org.molgenis.data.csv.CsvWriterTest"/>
  <testcase name="addCellProcessor_data" time="0.014" classname="org.molgenis.data.csv.CsvWriterTest"/>
  <testcase name="add" time="0.041" classname="org.molgenis.data.csv.CsvWriterTest"/>
  <testcase name="testLabels" time="0.011" classname="org.molgenis.data.csv.CsvWriterTest"/>
</testsuite> <!-- org.molgenis.data.csv.CsvWriterTest -->
