<?xml version="1.0" encoding="UTF-8"?>
<!-- Generated by org.testng.reporters.JUnitReportReporter -->
<testsuite hostname="cyclone1" name="org.molgenis.data.csv.CsvRepositoryTest" tests="10" failures="0" timestamp="7 Jun 2018 14:47:44 GMT" time="0.034" errors="0">
  <testcase name="iterator_emptylines" time="0.001" classname="org.molgenis.data.csv.CsvRepositoryTest"/>
  <testcase name="iteratorCaseSensitity" time="0.007" classname="org.molgenis.data.csv.CsvRepositoryTest"/>
  <testcase name="addCellProcessor_header" time="0.004" classname="org.molgenis.data.csv.CsvRepositoryTest"/>
  <testcase name="iterator_emptylines_singlecol" time="0.002" classname="org.molgenis.data.csv.CsvRepositoryTest"/>
  <testcase name="iterator_tsv" time="0.002" classname="org.molgenis.data.csv.CsvRepositoryTest"/>
  <testcase name="iterator_emptyValues" time="0.002" classname="org.molgenis.data.csv.CsvRepositoryTest"/>
  <testcase name="addCellProcessor_data" time="0.007" classname="org.molgenis.data.csv.CsvRepositoryTest"/>
  <testcase name="iterator_noValues" time="0.003" classname="org.molgenis.data.csv.CsvRepositoryTest"/>
  <testcase name="metaData" time="0.004" classname="org.molgenis.data.csv.CsvRepositoryTest"/>
  <testcase name="iterator" time="0.002" classname="org.molgenis.data.csv.CsvRepositoryTest"/>
</testsuite> <!-- org.molgenis.data.csv.CsvRepositoryTest -->
