<?xml version="1.0" encoding="UTF-8"?>
<!-- Generated by org.testng.reporters.JUnitReportReporter -->
<testsuite hostname="cyclone1" name="org.molgenis.data.csv.CsvRepositorySourceTest" tests="2" failures="0" timestamp="1 Jun 2018 11:34:50 GMT" time="0.237" errors="0">
  <testcase name="getRepositoriesCsv" time="0.213" classname="org.molgenis.data.csv.CsvRepositorySourceTest"/>
  <testcase name="getRepositoriesZip" time="0.024" classname="org.molgenis.data.csv.CsvRepositorySourceTest"/>
</testsuite> <!-- org.molgenis.data.csv.CsvRepositorySourceTest -->
