<?xml version="1.0" encoding="UTF-8"?>
<!-- Generated by org.testng.reporters.JUnitReportReporter -->
<testsuite hostname="cyclone1" name="org.molgenis.data.csv.CsvIteratorTest" tests="9" failures="0" timestamp="4 Jun 2018 11:14:07 GMT" time="0.043" errors="0">
  <testcase name="testIteratorFromZipFileWithBom" time="0.003" classname="org.molgenis.data.csv.CsvIteratorTest"/>
  <testcase name="testIteratorValueHeaderMismatchOneNonEmptyValue" time="0.003" classname="org.molgenis.data.csv.CsvIteratorTest"/>
  <testcase name="testCsvIteratorDuplicateColumnHeader" time="0.015" classname="org.molgenis.data.csv.CsvIteratorTest"/>
  <testcase name="testIteratorFromZipFileWithFolder" time="0.001" classname="org.molgenis.data.csv.CsvIteratorTest"/>
  <testcase name="testIteratorFromCsvFile" time="0.004" classname="org.molgenis.data.csv.CsvIteratorTest"/>
  <testcase name="testIteratorFromZipFileWithFolderWithBom" time="0.002" classname="org.molgenis.data.csv.CsvIteratorTest"/>
  <testcase name="testIteratorFromCsvFileWithBom" time="0.005" classname="org.molgenis.data.csv.CsvIteratorTest"/>
  <testcase name="testIteratorValueHeaderMismatch" time="0.004" classname="org.molgenis.data.csv.CsvIteratorTest"/>
  <testcase name="testIteratorFromZipFile" time="0.006" classname="org.molgenis.data.csv.CsvIteratorTest"/>
</testsuite> <!-- org.molgenis.data.csv.CsvIteratorTest -->
