<?xml version="1.0" encoding="UTF-8"?>
<!-- Generated by org.testng.reporters.JUnitReportReporter -->
<testsuite hostname="cyclone1" name="org.molgenis.data.csv.CsvRepositorySourceTest" tests="2" failures="0" timestamp="7 Jun 2018 14:47:44 GMT" time="0.017" errors="0">
  <testcase name="getRepositoriesZip" time="0.003" classname="org.molgenis.data.csv.CsvRepositorySourceTest"/>
  <testcase name="getRepositoriesCsv" time="0.014" classname="org.molgenis.data.csv.CsvRepositorySourceTest"/>
</testsuite> <!-- org.molgenis.data.csv.CsvRepositorySourceTest -->
