<?xml version="1.0" encoding="UTF-8"?>
<!-- Generated by org.testng.reporters.JUnitReportReporter -->
<testsuite hostname="cyclone1" name="org.molgenis.data.csv.CsvWriterTest" tests="6" failures="0" timestamp="7 Jun 2018 14:47:44 GMT" time="0.190" errors="0">
  <testcase name="CsvWriter" time="0.015" classname="org.molgenis.data.csv.CsvWriterTest"/>
  <testcase name="addCellProcessor" time="0.114" classname="org.molgenis.data.csv.CsvWriterTest"/>
  <testcase name="testLabels" time="0.022" classname="org.molgenis.data.csv.CsvWriterTest"/>
  <testcase name="close" time="0.004" classname="org.molgenis.data.csv.CsvWriterTest"/>
  <testcase name="add" time="0.030" classname="org.molgenis.data.csv.CsvWriterTest"/>
  <testcase name="addCellProcessor_data" time="0.005" classname="org.molgenis.data.csv.CsvWriterTest"/>
</testsuite> <!-- org.molgenis.data.csv.CsvWriterTest -->
