<?xml version="1.0" encoding="UTF-8"?>
<!-- Generated by org.testng.reporters.JUnitReportReporter -->
<testsuite hostname="cyclone1" name="org.molgenis.util.RegexUtilsTest" tests="2" failures="0" timestamp="4 Jun 2018 11:12:23 GMT" time="0.004" errors="0">
  <testcase name="commaSeparatedEmailListRegex" time="0.002" classname="org.molgenis.util.RegexUtilsTest"/>
  <testcase name="cronJobRegex" time="0.002" classname="org.molgenis.util.RegexUtilsTest"/>
</testsuite> <!-- org.molgenis.util.RegexUtilsTest -->
