<?xml version="1.0" encoding="UTF-8"?>
<!-- Generated by org.testng.reporters.JUnitReportReporter -->
<testsuite hostname="cyclone1" name="org.molgenis.util.mail.MailSenderImplTest" tests="2" failures="0" timestamp="30 May 2018 12:49:29 GMT" time="0.416" errors="0">
  <testcase name="testSendTwoMessages" time="0.005" classname="org.molgenis.util.mail.MailSenderImplTest"/>
  <testcase name="testSendSingleMessage" time="0.411" classname="org.molgenis.util.mail.MailSenderImplTest"/>
</testsuite> <!-- org.molgenis.util.mail.MailSenderImplTest -->
