<?xml version="1.0" encoding="UTF-8"?>
<!-- Generated by org.testng.reporters.JUnitReportReporter -->
<testsuite hostname="cyclone1" name="org.molgenis.util.HugeSetTest" tests="18" failures="0" timestamp="29 May 2018 11:47:46 GMT" time="0.312" errors="0">
  <testcase name="contains" time="0.002" classname="org.molgenis.util.HugeSetTest"/>
  <testcase name="remove" time="0.012" classname="org.molgenis.util.HugeSetTest"/>
  <testcase name="iterator" time="0.067" classname="org.molgenis.util.HugeSetTest"/>
  <testcase name="containsAll" time="0.002" classname="org.molgenis.util.HugeSetTest"/>
  <testcase name="retainAllLarge" time="0.011" classname="org.molgenis.util.HugeSetTest"/>
  <testcase name="removeAllLarge" time="0.035" classname="org.molgenis.util.HugeSetTest"/>
  <testcase name="toArrayLarge" time="0.006" classname="org.molgenis.util.HugeSetTest"/>
  <testcase name="addLarge" time="0.028" classname="org.molgenis.util.HugeSetTest"/>
  <testcase name="removeLarge" time="0.008" classname="org.molgenis.util.HugeSetTest"/>
  <testcase name="clear" time="0.021" classname="org.molgenis.util.HugeSetTest"/>
  <testcase name="retainAll" time="0.001" classname="org.molgenis.util.HugeSetTest"/>
  <testcase name="add" time="0.002" classname="org.molgenis.util.HugeSetTest"/>
  <testcase name="containsLarge" time="0.005" classname="org.molgenis.util.HugeSetTest"/>
  <testcase name="clearLarge" time="0.020" classname="org.molgenis.util.HugeSetTest"/>
  <testcase name="removeAll" time="0.008" classname="org.molgenis.util.HugeSetTest"/>
  <testcase name="toArray" time="0.002" classname="org.molgenis.util.HugeSetTest"/>
  <testcase name="containsAllLarge" time="0.038" classname="org.molgenis.util.HugeSetTest"/>
  <testcase name="iteratorLarge" time="0.044" classname="org.molgenis.util.HugeSetTest"/>
</testsuite> <!-- org.molgenis.util.HugeSetTest -->
