<?xml version="1.0" encoding="UTF-8"?>
<!-- Generated by org.testng.reporters.JUnitReportReporter -->
<testsuite hostname="cyclone1" name="org.molgenis.util.UnexpectedEnumExceptionTest" tests="1" failures="0" timestamp="6 Jun 2018 21:41:49 GMT" time="0.002" errors="0">
  <testcase name="testUnexpectedEnumException" time="0.002" classname="org.molgenis.util.UnexpectedEnumExceptionTest"/>
</testsuite> <!-- org.molgenis.util.UnexpectedEnumExceptionTest -->
