<?xml version="1.0" encoding="UTF-8"?>
<!-- Generated by org.testng.reporters.JUnitReportReporter -->
<testsuite hostname="cyclone1" name="org.molgenis.util.mail.MailSenderImplTest" tests="2" failures="0" timestamp="7 Jun 2018 14:45:53 GMT" time="0.308" errors="0">
  <testcase name="testSendSingleMessage" time="0.305" classname="org.molgenis.util.mail.MailSenderImplTest"/>
  <testcase name="testSendTwoMessages" time="0.003" classname="org.molgenis.util.mail.MailSenderImplTest"/>
</testsuite> <!-- org.molgenis.util.mail.MailSenderImplTest -->
