<?xml version="1.0" encoding="UTF-8"?>
<!-- Generated by org.testng.reporters.JUnitReportReporter -->
<testsuite hostname="cyclone1" name="org.molgenis.util.stream.MapCollectorsTest" tests="2" failures="0" timestamp="6 Jun 2018 14:16:54 GMT" time="0.037" errors="0">
  <testcase name="testToLinkedMapDuplicateKey" time="0.005" classname="org.molgenis.util.stream.MapCollectorsTest"/>
  <testcase name="testToLinkedMap" time="0.032" classname="org.molgenis.util.stream.MapCollectorsTest"/>
</testsuite> <!-- org.molgenis.util.stream.MapCollectorsTest -->
