<?xml version="1.0" encoding="UTF-8"?>
<!-- Generated by org.testng.reporters.JUnitReportReporter -->
<testsuite hostname="cyclone1" name="org.molgenis.util.ResourceUtilsTest" tests="4" failures="0" timestamp="30 May 2018 10:04:55 GMT" time="0.328" errors="0">
  <testcase name="getMySqlQueryFromFileTest" time="0.008" classname="org.molgenis.util.ResourceUtilsTest"/>
  <testcase name="getStringClassString" time="0.001" classname="org.molgenis.util.ResourceUtilsTest"/>
  <testcase name="getBytes" time="0.318" classname="org.molgenis.util.ResourceUtilsTest"/>
  <testcase name="getStringClassStringCharset" time="0.001" classname="org.molgenis.util.ResourceUtilsTest"/>
</testsuite> <!-- org.molgenis.util.ResourceUtilsTest -->
