<?xml version="1.0" encoding="UTF-8"?>
<!-- Generated by org.testng.reporters.JUnitReportReporter -->
<testsuite hostname="cyclone1" name="org.molgenis.util.ResourceUtilsTest" tests="4" failures="0" timestamp="4 Jun 2018 11:12:23 GMT" time="0.031" errors="0">
  <testcase name="getMySqlQueryFromFileTest" time="0.003" classname="org.molgenis.util.ResourceUtilsTest"/>
  <testcase name="getStringClassStringCharset" time="0.000" classname="org.molgenis.util.ResourceUtilsTest"/>
  <testcase name="getStringClassString" time="0.000" classname="org.molgenis.util.ResourceUtilsTest"/>
  <testcase name="getBytes" time="0.028" classname="org.molgenis.util.ResourceUtilsTest"/>
</testsuite> <!-- org.molgenis.util.ResourceUtilsTest -->
