<?xml version="1.0" encoding="UTF-8"?>
<!-- Generated by org.testng.reporters.JUnitReportReporter -->
<testsuite hostname="cyclone1" name="org.molgenis.util.ResourceUtilsTest" tests="4" failures="0" timestamp="29 May 2018 11:47:46 GMT" time="0.054" errors="0">
  <testcase name="getBytes" time="0.042" classname="org.molgenis.util.ResourceUtilsTest"/>
  <testcase name="getStringClassString" time="0.002" classname="org.molgenis.util.ResourceUtilsTest"/>
  <testcase name="getStringClassStringCharset" time="0.005" classname="org.molgenis.util.ResourceUtilsTest"/>
  <testcase name="getMySqlQueryFromFileTest" time="0.005" classname="org.molgenis.util.ResourceUtilsTest"/>
</testsuite> <!-- org.molgenis.util.ResourceUtilsTest -->
