<?xml version="1.0" encoding="UTF-8"?>
<!-- Generated by org.testng.reporters.JUnitReportReporter -->
<testsuite hostname="cyclone1" name="org.molgenis.util.ListEscapeUtilsTest" tests="6" failures="0" timestamp="6 Jun 2018 14:16:54 GMT" time="0.026" errors="0">
  <testcase name="toListString" time="0.024" classname="org.molgenis.util.ListEscapeUtilsTest"/>
  <testcase name="toStringListcharchar_exception" time="0.001" classname="org.molgenis.util.ListEscapeUtilsTest"/>
  <testcase name="toStringListcharchar" time="0.001" classname="org.molgenis.util.ListEscapeUtilsTest"/>
  <testcase name="toListStringcharchar" time="0.000" classname="org.molgenis.util.ListEscapeUtilsTest"/>
  <testcase name="toListStringcharchar_exception" time="0.000" classname="org.molgenis.util.ListEscapeUtilsTest"/>
  <testcase name="toStringList" time="0.000" classname="org.molgenis.util.ListEscapeUtilsTest"/>
</testsuite> <!-- org.molgenis.util.ListEscapeUtilsTest -->
