<?xml version="1.0" encoding="UTF-8"?>
<!-- Generated by org.testng.reporters.JUnitReportReporter -->
<testsuite hostname="cyclone1" name="org.molgenis.util.mail.MailSenderImplTest" tests="2" failures="0" timestamp="6 Jun 2018 21:41:49 GMT" time="0.319" errors="0">
  <testcase name="testSendTwoMessages" time="0.306" classname="org.molgenis.util.mail.MailSenderImplTest"/>
  <testcase name="testSendSingleMessage" time="0.013" classname="org.molgenis.util.mail.MailSenderImplTest"/>
</testsuite> <!-- org.molgenis.util.mail.MailSenderImplTest -->
