<?xml version="1.0" encoding="UTF-8"?>
<!-- Generated by org.testng.reporters.JUnitReportReporter -->
<testsuite hostname="cyclone1" name="org.molgenis.util.mail.MailSenderImplTest" tests="2" failures="0" timestamp="1 Jun 2018 11:32:32 GMT" time="6.975" errors="0">
  <testcase name="testSendTwoMessages" time="6.940" classname="org.molgenis.util.mail.MailSenderImplTest"/>
  <testcase name="testSendSingleMessage" time="0.035" classname="org.molgenis.util.mail.MailSenderImplTest"/>
</testsuite> <!-- org.molgenis.util.mail.MailSenderImplTest -->
