<?xml version="1.0" encoding="UTF-8"?>
<!-- Generated by org.testng.reporters.JUnitReportReporter -->
<testsuite hostname="cyclone1" name="org.molgenis.util.ResourceUtilsTest" tests="4" failures="0" timestamp="7 Jun 2018 14:45:53 GMT" time="0.030" errors="0">
  <testcase name="getStringClassString" time="0.001" classname="org.molgenis.util.ResourceUtilsTest"/>
  <testcase name="getStringClassStringCharset" time="0.001" classname="org.molgenis.util.ResourceUtilsTest"/>
  <testcase name="getMySqlQueryFromFileTest" time="0.003" classname="org.molgenis.util.ResourceUtilsTest"/>
  <testcase name="getBytes" time="0.025" classname="org.molgenis.util.ResourceUtilsTest"/>
</testsuite> <!-- org.molgenis.util.ResourceUtilsTest -->
