<?xml version="1.0" encoding="UTF-8"?>
<!-- Generated by org.testng.reporters.JUnitReportReporter -->
<testsuite hostname="cyclone1" name="org.molgenis.util.RegexUtilsTest" tests="2" failures="0" timestamp="30 May 2018 10:04:55 GMT" time="0.028" errors="0">
  <testcase name="cronJobRegex" time="0.013" classname="org.molgenis.util.RegexUtilsTest"/>
  <testcase name="commaSeparatedEmailListRegex" time="0.015" classname="org.molgenis.util.RegexUtilsTest"/>
</testsuite> <!-- org.molgenis.util.RegexUtilsTest -->
