<?xml version="1.0" encoding="UTF-8"?>
<!-- Generated by org.testng.reporters.JUnitReportReporter -->
<testsuite hostname="cyclone1" name="org.molgenis.util.stream.MapCollectorsTest" tests="2" failures="0" timestamp="29 May 2018 11:47:46 GMT" time="0.092" errors="0">
  <testcase name="testToLinkedMap" time="0.091" classname="org.molgenis.util.stream.MapCollectorsTest"/>
  <testcase name="testToLinkedMapDuplicateKey" time="0.001" classname="org.molgenis.util.stream.MapCollectorsTest"/>
</testsuite> <!-- org.molgenis.util.stream.MapCollectorsTest -->
