<?xml version="1.0" encoding="UTF-8"?>
<!-- Generated by org.testng.reporters.JUnitReportReporter -->
<testsuite hostname="cyclone1" name="org.molgenis.util.RegexUtilsTest" tests="2" failures="0" timestamp="7 Jun 2018 14:45:53 GMT" time="0.006" errors="0">
  <testcase name="commaSeparatedEmailListRegex" time="0.003" classname="org.molgenis.util.RegexUtilsTest"/>
  <testcase name="cronJobRegex" time="0.003" classname="org.molgenis.util.RegexUtilsTest"/>
</testsuite> <!-- org.molgenis.util.RegexUtilsTest -->
