<?xml version="1.0" encoding="UTF-8"?>
<!-- Generated by org.testng.reporters.JUnitReportReporter -->
<testsuite hostname="cyclone1" name="org.molgenis.util.UnexpectedEnumExceptionTest" tests="1" failures="0" timestamp="4 Jun 2018 11:12:23 GMT" time="0.001" errors="0">
  <testcase name="testUnexpectedEnumException" time="0.001" classname="org.molgenis.util.UnexpectedEnumExceptionTest"/>
</testsuite> <!-- org.molgenis.util.UnexpectedEnumExceptionTest -->
