<?xml version="1.0" encoding="UTF-8"?>
<testsuite name="de.fhg.iais.roberta.factory.generic.RobotModeFactoryTest" time="0.005" tests="52" errors="0" skipped="0" failures="0">
  <properties>
    <property name="java.runtime.name" value="OpenJDK Runtime Environment"/>
    <property name="sun.boot.library.path" value="/usr/lib/jvm/java-8-openjdk-amd64/jre/lib/amd64"/>
    <property name="java.vm.version" value="25.121-b13"/>
    <property name="java.vm.vendor" value="Oracle Corporation"/>
    <property name="maven.multiModuleProjectDirectory" value="/root/workspace/OpenRoberta/robertalab/436048340/OpenRobertaParent"/>
    <property name="java.vendor.url" value="http://java.oracle.com/"/>
    <property name="path.separator" value=":"/>
    <property name="guice.disable.misplaced.annotation.check" value="true"/>
    <property name="skip.gulp" value="true"/>
    <property name="java.vm.name" value="OpenJDK 64-Bit Server VM"/>
    <property name="file.encoding.pkg" value="sun.io"/>
    <property name="sun.java.launcher" value="SUN_STANDARD"/>
    <property name="sun.os.patch.level" value="unknown"/>
    <property name="findbugs.skip" value="true"/>
    <property name="java.vm.specification.name" value="Java Virtual Machine Specification"/>
    <property name="user.dir" value="/root/workspace/OpenRoberta/robertalab/436048340/OpenRobertaParent"/>
    <property name="checkstyle.skip" value="true"/>
    <property name="java.runtime.version" value="1.8.0_121-8u121-b13-1~bpo8+1-b13"/>
    <property name="java.awt.graphicsenv" value="sun.awt.X11GraphicsEnvironment"/>
    <property name="skip.npm" value="true"/>
    <property name="java.endorsed.dirs" value="/usr/lib/jvm/java-8-openjdk-amd64/jre/lib/endorsed"/>
    <property name="os.arch" value="amd64"/>
    <property name="java.io.tmpdir" value="/tmp"/>
    <property name="gpg.skip" value="true"/>
    <property name="line.separator" value="&#10;"/>
    <property name="java.vm.specification.vendor" value="Oracle Corporation"/>
    <property name="cobertura.skip" value="true"/>
    <property name="os.name" value="Linux"/>
    <property name="classworlds.conf" value="/usr/share/maven/bin/m2.conf"/>
    <property name="sun.jnu.encoding" value="UTF-8"/>
    <property name="java.library.path" value="/usr/java/packages/lib/amd64:/usr/lib/x86_64-linux-gnu/jni:/lib/x86_64-linux-gnu:/usr/lib/x86_64-linux-gnu:/usr/lib/jni:/lib:/usr/lib"/>
    <property name="license.skip" value="true"/>
    <property name="java.specification.name" value="Java Platform API Specification"/>
    <property name="java.class.version" value="52.0"/>
    <property name="sun.management.compiler" value="HotSpot 64-Bit Tiered Compilers"/>
    <property name="skip.bower" value="true"/>
    <property name="maven.repo.local" value="/root/./workspace/OpenRoberta/robertalab/436048340/.m2"/>
    <property name="os.version" value="3.10.0-862.3.2.el7.x86_64"/>
    <property name="user.home" value="/root"/>
    <property name="user.timezone" value="Europe/Paris"/>
    <property name="java.awt.printerjob" value="sun.print.PSPrinterJob"/>
    <property name="java.specification.version" value="1.8"/>
    <property name="file.encoding" value="UTF-8"/>
    <property name="user.name" value="root"/>
    <property name="java.class.path" value="/usr/share/maven/boot/plexus-classworlds-2.5.2.jar"/>
    <property name="skipITs" value="true"/>
    <property name="java.vm.specification.version" value="1.8"/>
    <property name="sun.arch.data.model" value="64"/>
    <property name="java.home" value="/usr/lib/jvm/java-8-openjdk-amd64/jre"/>
    <property name="sun.java.command" value="org.codehaus.plexus.classworlds.launcher.Launcher -B -D enforcer.skip=true -D dependency-check.skip=true -D skipITs=true -D cobertura.skip=true -D maven.repo.local=/root/./workspace/OpenRoberta/robertalab/436048340/.m2 -D rat.skip=true -D findbugs.skip=true -D skip.bower=true -D gpg.skip=true -D checkstyle.skip=true -D skip.gulp=true -D license.skip=true -D skip.npm=true test"/>
    <property name="java.specification.vendor" value="Oracle Corporation"/>
    <property name="user.language" value="en"/>
    <property name="awt.toolkit" value="sun.awt.X11.XToolkit"/>
    <property name="dependency-check.skip" value="true"/>
    <property name="java.vm.info" value="mixed mode"/>
    <property name="java.version" value="1.8.0_121"/>
    <property name="java.ext.dirs" value="/usr/lib/jvm/java-8-openjdk-amd64/jre/lib/ext:/usr/java/packages/lib/ext"/>
    <property name="securerandom.source" value="file:/dev/./urandom"/>
    <property name="sun.boot.class.path" value="/usr/lib/jvm/java-8-openjdk-amd64/jre/lib/resources.jar:/usr/lib/jvm/java-8-openjdk-amd64/jre/lib/rt.jar:/usr/lib/jvm/java-8-openjdk-amd64/jre/lib/sunrsasign.jar:/usr/lib/jvm/java-8-openjdk-amd64/jre/lib/jsse.jar:/usr/lib/jvm/java-8-openjdk-amd64/jre/lib/jce.jar:/usr/lib/jvm/java-8-openjdk-amd64/jre/lib/charsets.jar:/usr/lib/jvm/java-8-openjdk-amd64/jre/lib/jfr.jar:/usr/lib/jvm/java-8-openjdk-amd64/jre/classes"/>
    <property name="java.vendor" value="Oracle Corporation"/>
    <property name="enforcer.skip" value="true"/>
    <property name="rat.skip" value="true"/>
    <property name="maven.home" value="/usr/share/maven"/>
    <property name="file.separator" value="/"/>
    <property name="java.vendor.url.bug" value="http://bugreport.sun.com/bugreport/"/>
    <property name="sun.cpu.endian" value="little"/>
    <property name="sun.io.unicode.encoding" value="UnicodeLittle"/>
    <property name="sun.cpu.isalist" value=""/>
  </properties>
  <testcase name="getIndexLocationByAlternativeName" classname="de.fhg.iais.roberta.factory.generic.RobotModeFactoryTest" time="0"/>
  <testcase name="getActorPortFromString" classname="de.fhg.iais.roberta.factory.generic.RobotModeFactoryTest" time="0"/>
  <testcase name="getShowPictureByAlternativeName" classname="de.fhg.iais.roberta.factory.generic.RobotModeFactoryTest" time="0"/>
  <testcase name="getDriveDirectionByAlternativeName" classname="de.fhg.iais.roberta.factory.generic.RobotModeFactoryTest" time="0"/>
  <testcase name="invalidIndexLocation" classname="de.fhg.iais.roberta.factory.generic.RobotModeFactoryTest" time="0"/>
  <testcase name="invalidBrickLedColor" classname="de.fhg.iais.roberta.factory.generic.RobotModeFactoryTest" time="0.001"/>
  <testcase name="getPickColorByAlternativeName" classname="de.fhg.iais.roberta.factory.generic.RobotModeFactoryTest" time="0"/>
  <testcase name="invalidUltrasonicSensorMode" classname="de.fhg.iais.roberta.factory.generic.RobotModeFactoryTest" time="0.001"/>
  <testcase name="getBlinkModeFromString" classname="de.fhg.iais.roberta.factory.generic.RobotModeFactoryTest" time="0"/>
  <testcase name="getInfraredSensorModeFromString" classname="de.fhg.iais.roberta.factory.generic.RobotModeFactoryTest" time="0"/>
  <testcase name="invalidMotorStopMode" classname="de.fhg.iais.roberta.factory.generic.RobotModeFactoryTest" time="0"/>
  <testcase name="getInfraredSensorModeByAlternativeName" classname="de.fhg.iais.roberta.factory.generic.RobotModeFactoryTest" time="0"/>
  <testcase name="invalidMotorSide" classname="de.fhg.iais.roberta.factory.generic.RobotModeFactoryTest" time="0"/>
  <testcase name="invalidBrickKey" classname="de.fhg.iais.roberta.factory.generic.RobotModeFactoryTest" time="0"/>
  <testcase name="getSensorPortByAlternativeName" classname="de.fhg.iais.roberta.factory.generic.RobotModeFactoryTest" time="0"/>
  <testcase name="invalidShowPicture" classname="de.fhg.iais.roberta.factory.generic.RobotModeFactoryTest" time="0"/>
  <testcase name="invalidInfraredSensorMode" classname="de.fhg.iais.roberta.factory.generic.RobotModeFactoryTest" time="0"/>
  <testcase name="getBrickLedColorFromString" classname="de.fhg.iais.roberta.factory.generic.RobotModeFactoryTest" time="0"/>
  <testcase name="invalidSensorPort" classname="de.fhg.iais.roberta.factory.generic.RobotModeFactoryTest" time="0"/>
  <testcase name="getIndexLocationFromString" classname="de.fhg.iais.roberta.factory.generic.RobotModeFactoryTest" time="0"/>
  <testcase name="getColorSensorModeByAlternativeName" classname="de.fhg.iais.roberta.factory.generic.RobotModeFactoryTest" time="0"/>
  <testcase name="getGyroSensorModeFromString" classname="de.fhg.iais.roberta.factory.generic.RobotModeFactoryTest" time="0"/>
  <testcase name="invalidGyroSensorMode" classname="de.fhg.iais.roberta.factory.generic.RobotModeFactoryTest" time="0"/>
  <testcase name="getPickColorById" classname="de.fhg.iais.roberta.factory.generic.RobotModeFactoryTest" time="0"/>
  <testcase name="invalidBlinkMode" classname="de.fhg.iais.roberta.factory.generic.RobotModeFactoryTest" time="0"/>
  <testcase name="invalidActorPort" classname="de.fhg.iais.roberta.factory.generic.RobotModeFactoryTest" time="0.001"/>
  <testcase name="getMotorStopModeFromString" classname="de.fhg.iais.roberta.factory.generic.RobotModeFactoryTest" time="0"/>
  <testcase name="invalidColorSensorMode" classname="de.fhg.iais.roberta.factory.generic.RobotModeFactoryTest" time="0"/>
  <testcase name="invalidMotorTachoMode" classname="de.fhg.iais.roberta.factory.generic.RobotModeFactoryTest" time="0"/>
  <testcase name="invalidListElementOperation" classname="de.fhg.iais.roberta.factory.generic.RobotModeFactoryTest" time="0"/>
  <testcase name="getGyroSensorModeByAlternativeName" classname="de.fhg.iais.roberta.factory.generic.RobotModeFactoryTest" time="0.001"/>
  <testcase name="getMotorTachoModeFromString" classname="de.fhg.iais.roberta.factory.generic.RobotModeFactoryTest" time="0"/>
  <testcase name="getMotorMoveModeFromString" classname="de.fhg.iais.roberta.factory.generic.RobotModeFactoryTest" time="0"/>
  <testcase name="invalidTurnDirection" classname="de.fhg.iais.roberta.factory.generic.RobotModeFactoryTest" time="0"/>
  <testcase name="getListElementOperationFromString" classname="de.fhg.iais.roberta.factory.generic.RobotModeFactoryTest" time="0"/>
  <testcase name="getPickColorFromString" classname="de.fhg.iais.roberta.factory.generic.RobotModeFactoryTest" time="0"/>
  <testcase name="getActorPortByAlternativeName" classname="de.fhg.iais.roberta.factory.generic.RobotModeFactoryTest" time="0"/>
  <testcase name="getBrickKeyFromString" classname="de.fhg.iais.roberta.factory.generic.RobotModeFactoryTest" time="0"/>
  <testcase name="getTimerSensorModeFromString" classname="de.fhg.iais.roberta.factory.generic.RobotModeFactoryTest" time="0"/>
  <testcase name="getUltrasonicSensorModeFromString" classname="de.fhg.iais.roberta.factory.generic.RobotModeFactoryTest" time="0"/>
  <testcase name="invalidDriveDirection" classname="de.fhg.iais.roberta.factory.generic.RobotModeFactoryTest" time="0"/>
  <testcase name="getSensorPortFromString" classname="de.fhg.iais.roberta.factory.generic.RobotModeFactoryTest" time="0"/>
  <testcase name="getColorSensorModeFromString" classname="de.fhg.iais.roberta.factory.generic.RobotModeFactoryTest" time="0"/>
  <testcase name="invalidMotorMoveMode" classname="de.fhg.iais.roberta.factory.generic.RobotModeFactoryTest" time="0"/>
  <testcase name="getMotorSideFromString" classname="de.fhg.iais.roberta.factory.generic.RobotModeFactoryTest" time="0"/>
  <testcase name="invalidTimerSensorMode" classname="de.fhg.iais.roberta.factory.generic.RobotModeFactoryTest" time="0"/>
  <testcase name="getUltrasonicSensorModeByAlternativeName" classname="de.fhg.iais.roberta.factory.generic.RobotModeFactoryTest" time="0"/>
  <testcase name="getShowPictureFromString" classname="de.fhg.iais.roberta.factory.generic.RobotModeFactoryTest" time="0"/>
  <testcase name="getMotorSideByAlternativeName" classname="de.fhg.iais.roberta.factory.generic.RobotModeFactoryTest" time="0"/>
  <testcase name="getDriveDirectionFromString" classname="de.fhg.iais.roberta.factory.generic.RobotModeFactoryTest" time="0.001"/>
  <testcase name="getTurnDirectionFromString" classname="de.fhg.iais.roberta.factory.generic.RobotModeFactoryTest" time="0"/>
  <testcase name="invalidPickColor" classname="de.fhg.iais.roberta.factory.generic.RobotModeFactoryTest" time="0"/>
</testsuite>