<?xml version="1.0" encoding="UTF-8"?>
<testsuite xmlns:xsi="http://www.w3.org/2001/XMLSchema-instance" xsi:noNamespaceSchemaLocation="https://maven.apache.org/surefire/maven-surefire-plugin/xsd/surefire-test-report.xsd" name="de.dhbw.softwareengineering.digitaljournal.controller.JournalControllerTest" time="0.414" tests="4" errors="1" skipped="0" failures="0">
  <properties>
    <property name="awt.toolkit" value="sun.awt.X11.XToolkit"/>
    <property name="file.encoding.pkg" value="sun.io"/>
    <property name="java.specification.version" value="1.8"/>
    <property name="sun.cpu.isalist" value=""/>
    <property name="sun.jnu.encoding" value="UTF-8"/>
    <property name="java.class.path" value="/root/workspace/Toaster996/softwareengineering/389928547/DigitalJournal/target/test-classes:/root/workspace/Toaster996/softwareengineering/389928547/DigitalJournal/target/classes:/root/./workspace/Toaster996/softwareengineering/389928547/.m2/org/springframework/boot/spring-boot-starter-data-jpa/2.0.1.RELEASE/spring-boot-starter-data-jpa-2.0.1.RELEASE.jar:/root/./workspace/Toaster996/softwareengineering/389928547/.m2/org/springframework/boot/spring-boot-starter/2.0.1.RELEASE/spring-boot-starter-2.0.1.RELEASE.jar:/root/./workspace/Toaster996/softwareengineering/389928547/.m2/org/springframework/boot/spring-boot-starter-logging/2.0.1.RELEASE/spring-boot-starter-logging-2.0.1.RELEASE.jar:/root/./workspace/Toaster996/softwareengineering/389928547/.m2/ch/qos/logback/logback-classic/1.2.3/logback-classic-1.2.3.jar:/root/./workspace/Toaster996/softwareengineering/389928547/.m2/ch/qos/logback/logback-core/1.2.3/logback-core-1.2.3.jar:/root/./workspace/Toaster996/softwareengineering/389928547/.m2/org/apache/logging/log4j/log4j-to-slf4j/2.10.0/log4j-to-slf4j-2.10.0.jar:/root/./workspace/Toaster996/softwareengineering/389928547/.m2/org/apache/logging/log4j/log4j-api/2.10.0/log4j-api-2.10.0.jar:/root/./workspace/Toaster996/softwareengineering/389928547/.m2/org/slf4j/jul-to-slf4j/1.7.25/jul-to-slf4j-1.7.25.jar:/root/./workspace/Toaster996/softwareengineering/389928547/.m2/javax/annotation/javax.annotation-api/1.3.2/javax.annotation-api-1.3.2.jar:/root/./workspace/Toaster996/softwareengineering/389928547/.m2/org/yaml/snakeyaml/1.19/snakeyaml-1.19.jar:/root/./workspace/Toaster996/softwareengineering/389928547/.m2/org/springframework/boot/spring-boot-starter-aop/2.0.1.RELEASE/spring-boot-starter-aop-2.0.1.RELEASE.jar:/root/./workspace/Toaster996/softwareengineering/389928547/.m2/org/aspectj/aspectjweaver/1.8.13/aspectjweaver-1.8.13.jar:/root/./workspace/Toaster996/softwareengineering/389928547/.m2/org/springframework/boot/spring-boot-starter-jdbc/2.0.1.RELEASE/spring-boot-starter-jdbc-2.0.1.RELEASE.jar:/root/./workspace/Toaster996/softwareengineering/389928547/.m2/com/zaxxer/HikariCP/2.7.8/HikariCP-2.7.8.jar:/root/./workspace/Toaster996/softwareengineering/389928547/.m2/org/springframework/spring-jdbc/5.0.5.RELEASE/spring-jdbc-5.0.5.RELEASE.jar:/root/./workspace/Toaster996/softwareengineering/389928547/.m2/org/hibernate/hibernate-core/5.2.16.Final/hibernate-core-5.2.16.Final.jar:/root/./workspace/Toaster996/softwareengineering/389928547/.m2/org/jboss/logging/jboss-logging/3.3.2.Final/jboss-logging-3.3.2.Final.jar:/root/./workspace/Toaster996/softwareengineering/389928547/.m2/org/hibernate/javax/persistence/hibernate-jpa-2.1-api/1.0.0.Final/hibernate-jpa-2.1-api-1.0.0.Final.jar:/root/./workspace/Toaster996/softwareengineering/389928547/.m2/org/javassist/javassist/3.22.0-GA/javassist-3.22.0-GA.jar:/root/./workspace/Toaster996/softwareengineering/389928547/.m2/antlr/antlr/2.7.7/antlr-2.7.7.jar:/root/./workspace/Toaster996/softwareengineering/389928547/.m2/org/jboss/jandex/2.0.3.Final/jandex-2.0.3.Final.jar:/root/./workspace/Toaster996/softwareengineering/389928547/.m2/com/fasterxml/classmate/1.3.4/classmate-1.3.4.jar:/root/./workspace/Toaster996/softwareengineering/389928547/.m2/dom4j/dom4j/1.6.1/dom4j-1.6.1.jar:/root/./workspace/Toaster996/softwareengineering/389928547/.m2/org/hibernate/common/hibernate-commons-annotations/5.0.1.Final/hibernate-commons-annotations-5.0.1.Final.jar:/root/./workspace/Toaster996/softwareengineering/389928547/.m2/javax/transaction/javax.transaction-api/1.2/javax.transaction-api-1.2.jar:/root/./workspace/Toaster996/softwareengineering/389928547/.m2/org/springframework/data/spring-data-jpa/2.0.6.RELEASE/spring-data-jpa-2.0.6.RELEASE.jar:/root/./workspace/Toaster996/softwareengineering/389928547/.m2/org/springframework/data/spring-data-commons/2.0.6.RELEASE/spring-data-commons-2.0.6.RELEASE.jar:/root/./workspace/Toaster996/softwareengineering/389928547/.m2/org/springframework/spring-orm/5.0.5.RELEASE/spring-orm-5.0.5.RELEASE.jar:/root/./workspace/Toaster996/softwareengineering/389928547/.m2/org/springframework/spring-tx/5.0.5.RELEASE/spring-tx-5.0.5.RELEASE.jar:/root/./workspace/Toaster996/softwareengineering/389928547/.m2/org/springframework/spring-beans/5.0.5.RELEASE/spring-beans-5.0.5.RELEASE.jar:/root/./workspace/Toaster996/softwareengineering/389928547/.m2/org/springframework/spring-aspects/5.0.5.RELEASE/spring-aspects-5.0.5.RELEASE.jar:/root/./workspace/Toaster996/softwareengineering/389928547/.m2/org/springframework/boot/spring-boot-starter-security/2.0.1.RELEASE/spring-boot-starter-security-2.0.1.RELEASE.jar:/root/./workspace/Toaster996/softwareengineering/389928547/.m2/org/springframework/spring-aop/5.0.5.RELEASE/spring-aop-5.0.5.RELEASE.jar:/root/./workspace/Toaster996/softwareengineering/389928547/.m2/org/springframework/security/spring-security-config/5.0.4.RELEASE/spring-security-config-5.0.4.RELEASE.jar:/root/./workspace/Toaster996/softwareengineering/389928547/.m2/org/springframework/security/spring-security-web/5.0.4.RELEASE/spring-security-web-5.0.4.RELEASE.jar:/root/./workspace/Toaster996/softwareengineering/389928547/.m2/org/springframework/spring-expression/5.0.5.RELEASE/spring-expression-5.0.5.RELEASE.jar:/root/./workspace/Toaster996/softwareengineering/389928547/.m2/org/springframework/boot/spring-boot-starter-web/2.0.1.RELEASE/spring-boot-starter-web-2.0.1.RELEASE.jar:/root/./workspace/Toaster996/softwareengineering/389928547/.m2/org/springframework/boot/spring-boot-starter-json/2.0.1.RELEASE/spring-boot-starter-json-2.0.1.RELEASE.jar:/root/./workspace/Toaster996/softwareengineering/389928547/.m2/com/fasterxml/jackson/core/jackson-databind/2.9.5/jackson-databind-2.9.5.jar:/root/./workspace/Toaster996/softwareengineering/389928547/.m2/com/fasterxml/jackson/core/jackson-annotations/2.9.0/jackson-annotations-2.9.0.jar:/root/./workspace/Toaster996/softwareengineering/389928547/.m2/com/fasterxml/jackson/core/jackson-core/2.9.5/jackson-core-2.9.5.jar:/root/./workspace/Toaster996/softwareengineering/389928547/.m2/com/fasterxml/jackson/datatype/jackson-datatype-jdk8/2.9.5/jackson-datatype-jdk8-2.9.5.jar:/root/./workspace/Toaster996/softwareengineering/389928547/.m2/com/fasterxml/jackson/datatype/jackson-datatype-jsr310/2.9.5/jackson-datatype-jsr310-2.9.5.jar:/root/./workspace/Toaster996/softwareengineering/389928547/.m2/com/fasterxml/jackson/module/jackson-module-parameter-names/2.9.5/jackson-module-parameter-names-2.9.5.jar:/root/./workspace/Toaster996/softwareengineering/389928547/.m2/org/springframework/boot/spring-boot-starter-tomcat/2.0.1.RELEASE/spring-boot-starter-tomcat-2.0.1.RELEASE.jar:/root/./workspace/Toaster996/softwareengineering/389928547/.m2/org/apache/tomcat/embed/tomcat-embed-core/8.5.29/tomcat-embed-core-8.5.29.jar:/root/./workspace/Toaster996/softwareengineering/389928547/.m2/org/apache/tomcat/embed/tomcat-embed-el/8.5.29/tomcat-embed-el-8.5.29.jar:/root/./workspace/Toaster996/softwareengineering/389928547/.m2/org/apache/tomcat/embed/tomcat-embed-websocket/8.5.29/tomcat-embed-websocket-8.5.29.jar:/root/./workspace/Toaster996/softwareengineering/389928547/.m2/org/hibernate/validator/hibernate-validator/6.0.9.Final/hibernate-validator-6.0.9.Final.jar:/root/./workspace/Toaster996/softwareengineering/389928547/.m2/javax/validation/validation-api/2.0.1.Final/validation-api-2.0.1.Final.jar:/root/./workspace/Toaster996/softwareengineering/389928547/.m2/org/springframework/spring-web/5.0.5.RELEASE/spring-web-5.0.5.RELEASE.jar:/root/./workspace/Toaster996/softwareengineering/389928547/.m2/org/springframework/spring-webmvc/5.0.5.RELEASE/spring-webmvc-5.0.5.RELEASE.jar:/root/./workspace/Toaster996/softwareengineering/389928547/.m2/org/springframework/boot/spring-boot-starter-mail/1.4.3.RELEASE/spring-boot-starter-mail-1.4.3.RELEASE.jar:/root/./workspace/Toaster996/softwareengineering/389928547/.m2/org/springframework/spring-context/5.0.5.RELEASE/spring-context-5.0.5.RELEASE.jar:/root/./workspace/Toaster996/softwareengineering/389928547/.m2/org/springframework/spring-context-support/5.0.5.RELEASE/spring-context-support-5.0.5.RELEASE.jar:/root/./workspace/Toaster996/softwareengineering/389928547/.m2/com/sun/mail/javax.mail/1.6.1/javax.mail-1.6.1.jar:/root/./workspace/Toaster996/softwareengineering/389928547/.m2/javax/activation/activation/1.1/activation-1.1.jar:/root/./workspace/Toaster996/softwareengineering/389928547/.m2/org/thymeleaf/thymeleaf-spring4/3.0.9.RELEASE/thymeleaf-spring4-3.0.9.RELEASE.jar:/root/./workspace/Toaster996/softwareengineering/389928547/.m2/org/thymeleaf/thymeleaf/3.0.9.RELEASE/thymeleaf-3.0.9.RELEASE.jar:/root/./workspace/Toaster996/softwareengineering/389928547/.m2/org/attoparser/attoparser/2.0.4.RELEASE/attoparser-2.0.4.RELEASE.jar:/root/./workspace/Toaster996/softwareengineering/389928547/.m2/org/unbescape/unbescape/1.1.5.RELEASE/unbescape-1.1.5.RELEASE.jar:/root/./workspace/Toaster996/softwareengineering/389928547/.m2/org/slf4j/slf4j-api/1.7.25/slf4j-api-1.7.25.jar:/root/./workspace/Toaster996/softwareengineering/389928547/.m2/org/thymeleaf/extras/thymeleaf-extras-springsecurity3/3.0.2.RELEASE/thymeleaf-extras-springsecurity3-3.0.2.RELEASE.jar:/root/./workspace/Toaster996/softwareengineering/389928547/.m2/org/springframework/boot/spring-boot-starter-thymeleaf/2.0.2.RELEASE/spring-boot-starter-thymeleaf-2.0.2.RELEASE.jar:/root/./workspace/Toaster996/softwareengineering/389928547/.m2/org/thymeleaf/thymeleaf-spring5/3.0.9.RELEASE/thymeleaf-spring5-3.0.9.RELEASE.jar:/root/./workspace/Toaster996/softwareengineering/389928547/.m2/org/thymeleaf/extras/thymeleaf-extras-java8time/3.0.1.RELEASE/thymeleaf-extras-java8time-3.0.1.RELEASE.jar:/root/./workspace/Toaster996/softwareengineering/389928547/.m2/mysql/mysql-connector-java/5.1.46/mysql-connector-java-5.1.46.jar:/root/./workspace/Toaster996/softwareengineering/389928547/.m2/org/projectlombok/lombok/1.16.20/lombok-1.16.20.jar:/root/./workspace/Toaster996/softwareengineering/389928547/.m2/org/springframework/boot/spring-boot-starter-test/2.0.1.RELEASE/spring-boot-starter-test-2.0.1.RELEASE.jar:/root/./workspace/Toaster996/softwareengineering/389928547/.m2/org/springframework/boot/spring-boot-test/2.0.1.RELEASE/spring-boot-test-2.0.1.RELEASE.jar:/root/./workspace/Toaster996/softwareengineering/389928547/.m2/org/springframework/boot/spring-boot-test-autoconfigure/2.0.1.RELEASE/spring-boot-test-autoconfigure-2.0.1.RELEASE.jar:/root/./workspace/Toaster996/softwareengineering/389928547/.m2/com/jayway/jsonpath/json-path/2.4.0/json-path-2.4.0.jar:/root/./workspace/Toaster996/softwareengineering/389928547/.m2/net/minidev/json-smart/2.3/json-smart-2.3.jar:/root/./workspace/Toaster996/softwareengineering/389928547/.m2/net/minidev/accessors-smart/1.2/accessors-smart-1.2.jar:/root/./workspace/Toaster996/softwareengineering/389928547/.m2/org/ow2/asm/asm/5.0.4/asm-5.0.4.jar:/root/./workspace/Toaster996/softwareengineering/389928547/.m2/junit/junit/4.12/junit-4.12.jar:/root/./workspace/Toaster996/softwareengineering/389928547/.m2/org/assertj/assertj-core/3.9.1/assertj-core-3.9.1.jar:/root/./workspace/Toaster996/softwareengineering/389928547/.m2/org/mockito/mockito-core/2.15.0/mockito-core-2.15.0.jar:/root/./workspace/Toaster996/softwareengineering/389928547/.m2/net/bytebuddy/byte-buddy/1.7.11/byte-buddy-1.7.11.jar:/root/./workspace/Toaster996/softwareengineering/389928547/.m2/net/bytebuddy/byte-buddy-agent/1.7.11/byte-buddy-agent-1.7.11.jar:/root/./workspace/Toaster996/softwareengineering/389928547/.m2/org/objenesis/objenesis/2.6/objenesis-2.6.jar:/root/./workspace/Toaster996/softwareengineering/389928547/.m2/org/hamcrest/hamcrest-core/1.3/hamcrest-core-1.3.jar:/root/./workspace/Toaster996/softwareengineering/389928547/.m2/org/hamcrest/hamcrest-library/1.3/hamcrest-library-1.3.jar:/root/./workspace/Toaster996/softwareengineering/389928547/.m2/org/skyscreamer/jsonassert/1.5.0/jsonassert-1.5.0.jar:/root/./workspace/Toaster996/softwareengineering/389928547/.m2/com/vaadin/external/google/android-json/0.0.20131108.vaadin1/android-json-0.0.20131108.vaadin1.jar:/root/./workspace/Toaster996/softwareengineering/389928547/.m2/org/springframework/spring-core/5.0.5.RELEASE/spring-core-5.0.5.RELEASE.jar:/root/./workspace/Toaster996/softwareengineering/389928547/.m2/org/springframework/spring-jcl/5.0.5.RELEASE/spring-jcl-5.0.5.RELEASE.jar:/root/./workspace/Toaster996/softwareengineering/389928547/.m2/org/springframework/spring-test/5.0.5.RELEASE/spring-test-5.0.5.RELEASE.jar:/root/./workspace/Toaster996/softwareengineering/389928547/.m2/org/xmlunit/xmlunit-core/2.5.1/xmlunit-core-2.5.1.jar:/root/./workspace/Toaster996/softwareengineering/389928547/.m2/org/springframework/security/spring-security-test/5.0.4.RELEASE/spring-security-test-5.0.4.RELEASE.jar:/root/./workspace/Toaster996/softwareengineering/389928547/.m2/org/springframework/security/spring-security-core/5.0.4.RELEASE/spring-security-core-5.0.4.RELEASE.jar:/root/./workspace/Toaster996/softwareengineering/389928547/.m2/org/springframework/boot/spring-boot-devtools/2.0.1.RELEASE/spring-boot-devtools-2.0.1.RELEASE.jar:/root/./workspace/Toaster996/softwareengineering/389928547/.m2/org/springframework/boot/spring-boot/2.0.1.RELEASE/spring-boot-2.0.1.RELEASE.jar:/root/./workspace/Toaster996/softwareengineering/389928547/.m2/org/springframework/boot/spring-boot-autoconfigure/2.0.1.RELEASE/spring-boot-autoconfigure-2.0.1.RELEASE.jar:"/>
    <property name="java.vm.vendor" value="Oracle Corporation"/>
    <property name="skip.bower" value="true"/>
    <property name="sun.arch.data.model" value="64"/>
    <property name="java.vendor.url" value="http://java.oracle.com/"/>
    <property name="user.timezone" value=""/>
    <property name="java.vm.specification.version" value="1.8"/>
    <property name="os.name" value="Linux"/>
    <property name="rat.skip" value="true"/>
    <property name="gpg.skip" value="true"/>
    <property name="sun.java.launcher" value="SUN_STANDARD"/>
    <property name="sun.boot.library.path" value="/usr/lib/jvm/java-8-openjdk-amd64/jre/lib/amd64"/>
    <property name="skip.gulp" value="true"/>
    <property name="sun.java.command" value="/root/workspace/Toaster996/softwareengineering/389928547/DigitalJournal/target/surefire/surefirebooter4295564860438855101.jar /root/workspace/Toaster996/softwareengineering/389928547/DigitalJournal/target/surefire 2018-06-08T23-38-42_260-jvmRun1 surefire5501307681024601424tmp surefire_0480629896706188462tmp"/>
    <property name="dependency-check.skip" value="true"/>
    <property name="surefire.test.class.path" value="/root/workspace/Toaster996/softwareengineering/389928547/DigitalJournal/target/test-classes:/root/workspace/Toaster996/softwareengineering/389928547/DigitalJournal/target/classes:/root/./workspace/Toaster996/softwareengineering/389928547/.m2/org/springframework/boot/spring-boot-starter-data-jpa/2.0.1.RELEASE/spring-boot-starter-data-jpa-2.0.1.RELEASE.jar:/root/./workspace/Toaster996/softwareengineering/389928547/.m2/org/springframework/boot/spring-boot-starter/2.0.1.RELEASE/spring-boot-starter-2.0.1.RELEASE.jar:/root/./workspace/Toaster996/softwareengineering/389928547/.m2/org/springframework/boot/spring-boot-starter-logging/2.0.1.RELEASE/spring-boot-starter-logging-2.0.1.RELEASE.jar:/root/./workspace/Toaster996/softwareengineering/389928547/.m2/ch/qos/logback/logback-classic/1.2.3/logback-classic-1.2.3.jar:/root/./workspace/Toaster996/softwareengineering/389928547/.m2/ch/qos/logback/logback-core/1.2.3/logback-core-1.2.3.jar:/root/./workspace/Toaster996/softwareengineering/389928547/.m2/org/apache/logging/log4j/log4j-to-slf4j/2.10.0/log4j-to-slf4j-2.10.0.jar:/root/./workspace/Toaster996/softwareengineering/389928547/.m2/org/apache/logging/log4j/log4j-api/2.10.0/log4j-api-2.10.0.jar:/root/./workspace/Toaster996/softwareengineering/389928547/.m2/org/slf4j/jul-to-slf4j/1.7.25/jul-to-slf4j-1.7.25.jar:/root/./workspace/Toaster996/softwareengineering/389928547/.m2/javax/annotation/javax.annotation-api/1.3.2/javax.annotation-api-1.3.2.jar:/root/./workspace/Toaster996/softwareengineering/389928547/.m2/org/yaml/snakeyaml/1.19/snakeyaml-1.19.jar:/root/./workspace/Toaster996/softwareengineering/389928547/.m2/org/springframework/boot/spring-boot-starter-aop/2.0.1.RELEASE/spring-boot-starter-aop-2.0.1.RELEASE.jar:/root/./workspace/Toaster996/softwareengineering/389928547/.m2/org/aspectj/aspectjweaver/1.8.13/aspectjweaver-1.8.13.jar:/root/./workspace/Toaster996/softwareengineering/389928547/.m2/org/springframework/boot/spring-boot-starter-jdbc/2.0.1.RELEASE/spring-boot-starter-jdbc-2.0.1.RELEASE.jar:/root/./workspace/Toaster996/softwareengineering/389928547/.m2/com/zaxxer/HikariCP/2.7.8/HikariCP-2.7.8.jar:/root/./workspace/Toaster996/softwareengineering/389928547/.m2/org/springframework/spring-jdbc/5.0.5.RELEASE/spring-jdbc-5.0.5.RELEASE.jar:/root/./workspace/Toaster996/softwareengineering/389928547/.m2/org/hibernate/hibernate-core/5.2.16.Final/hibernate-core-5.2.16.Final.jar:/root/./workspace/Toaster996/softwareengineering/389928547/.m2/org/jboss/logging/jboss-logging/3.3.2.Final/jboss-logging-3.3.2.Final.jar:/root/./workspace/Toaster996/softwareengineering/389928547/.m2/org/hibernate/javax/persistence/hibernate-jpa-2.1-api/1.0.0.Final/hibernate-jpa-2.1-api-1.0.0.Final.jar:/root/./workspace/Toaster996/softwareengineering/389928547/.m2/org/javassist/javassist/3.22.0-GA/javassist-3.22.0-GA.jar:/root/./workspace/Toaster996/softwareengineering/389928547/.m2/antlr/antlr/2.7.7/antlr-2.7.7.jar:/root/./workspace/Toaster996/softwareengineering/389928547/.m2/org/jboss/jandex/2.0.3.Final/jandex-2.0.3.Final.jar:/root/./workspace/Toaster996/softwareengineering/389928547/.m2/com/fasterxml/classmate/1.3.4/classmate-1.3.4.jar:/root/./workspace/Toaster996/softwareengineering/389928547/.m2/dom4j/dom4j/1.6.1/dom4j-1.6.1.jar:/root/./workspace/Toaster996/softwareengineering/389928547/.m2/org/hibernate/common/hibernate-commons-annotations/5.0.1.Final/hibernate-commons-annotations-5.0.1.Final.jar:/root/./workspace/Toaster996/softwareengineering/389928547/.m2/javax/transaction/javax.transaction-api/1.2/javax.transaction-api-1.2.jar:/root/./workspace/Toaster996/softwareengineering/389928547/.m2/org/springframework/data/spring-data-jpa/2.0.6.RELEASE/spring-data-jpa-2.0.6.RELEASE.jar:/root/./workspace/Toaster996/softwareengineering/389928547/.m2/org/springframework/data/spring-data-commons/2.0.6.RELEASE/spring-data-commons-2.0.6.RELEASE.jar:/root/./workspace/Toaster996/softwareengineering/389928547/.m2/org/springframework/spring-orm/5.0.5.RELEASE/spring-orm-5.0.5.RELEASE.jar:/root/./workspace/Toaster996/softwareengineering/389928547/.m2/org/springframework/spring-tx/5.0.5.RELEASE/spring-tx-5.0.5.RELEASE.jar:/root/./workspace/Toaster996/softwareengineering/389928547/.m2/org/springframework/spring-beans/5.0.5.RELEASE/spring-beans-5.0.5.RELEASE.jar:/root/./workspace/Toaster996/softwareengineering/389928547/.m2/org/springframework/spring-aspects/5.0.5.RELEASE/spring-aspects-5.0.5.RELEASE.jar:/root/./workspace/Toaster996/softwareengineering/389928547/.m2/org/springframework/boot/spring-boot-starter-security/2.0.1.RELEASE/spring-boot-starter-security-2.0.1.RELEASE.jar:/root/./workspace/Toaster996/softwareengineering/389928547/.m2/org/springframework/spring-aop/5.0.5.RELEASE/spring-aop-5.0.5.RELEASE.jar:/root/./workspace/Toaster996/softwareengineering/389928547/.m2/org/springframework/security/spring-security-config/5.0.4.RELEASE/spring-security-config-5.0.4.RELEASE.jar:/root/./workspace/Toaster996/softwareengineering/389928547/.m2/org/springframework/security/spring-security-web/5.0.4.RELEASE/spring-security-web-5.0.4.RELEASE.jar:/root/./workspace/Toaster996/softwareengineering/389928547/.m2/org/springframework/spring-expression/5.0.5.RELEASE/spring-expression-5.0.5.RELEASE.jar:/root/./workspace/Toaster996/softwareengineering/389928547/.m2/org/springframework/boot/spring-boot-starter-web/2.0.1.RELEASE/spring-boot-starter-web-2.0.1.RELEASE.jar:/root/./workspace/Toaster996/softwareengineering/389928547/.m2/org/springframework/boot/spring-boot-starter-json/2.0.1.RELEASE/spring-boot-starter-json-2.0.1.RELEASE.jar:/root/./workspace/Toaster996/softwareengineering/389928547/.m2/com/fasterxml/jackson/core/jackson-databind/2.9.5/jackson-databind-2.9.5.jar:/root/./workspace/Toaster996/softwareengineering/389928547/.m2/com/fasterxml/jackson/core/jackson-annotations/2.9.0/jackson-annotations-2.9.0.jar:/root/./workspace/Toaster996/softwareengineering/389928547/.m2/com/fasterxml/jackson/core/jackson-core/2.9.5/jackson-core-2.9.5.jar:/root/./workspace/Toaster996/softwareengineering/389928547/.m2/com/fasterxml/jackson/datatype/jackson-datatype-jdk8/2.9.5/jackson-datatype-jdk8-2.9.5.jar:/root/./workspace/Toaster996/softwareengineering/389928547/.m2/com/fasterxml/jackson/datatype/jackson-datatype-jsr310/2.9.5/jackson-datatype-jsr310-2.9.5.jar:/root/./workspace/Toaster996/softwareengineering/389928547/.m2/com/fasterxml/jackson/module/jackson-module-parameter-names/2.9.5/jackson-module-parameter-names-2.9.5.jar:/root/./workspace/Toaster996/softwareengineering/389928547/.m2/org/springframework/boot/spring-boot-starter-tomcat/2.0.1.RELEASE/spring-boot-starter-tomcat-2.0.1.RELEASE.jar:/root/./workspace/Toaster996/softwareengineering/389928547/.m2/org/apache/tomcat/embed/tomcat-embed-core/8.5.29/tomcat-embed-core-8.5.29.jar:/root/./workspace/Toaster996/softwareengineering/389928547/.m2/org/apache/tomcat/embed/tomcat-embed-el/8.5.29/tomcat-embed-el-8.5.29.jar:/root/./workspace/Toaster996/softwareengineering/389928547/.m2/org/apache/tomcat/embed/tomcat-embed-websocket/8.5.29/tomcat-embed-websocket-8.5.29.jar:/root/./workspace/Toaster996/softwareengineering/389928547/.m2/org/hibernate/validator/hibernate-validator/6.0.9.Final/hibernate-validator-6.0.9.Final.jar:/root/./workspace/Toaster996/softwareengineering/389928547/.m2/javax/validation/validation-api/2.0.1.Final/validation-api-2.0.1.Final.jar:/root/./workspace/Toaster996/softwareengineering/389928547/.m2/org/springframework/spring-web/5.0.5.RELEASE/spring-web-5.0.5.RELEASE.jar:/root/./workspace/Toaster996/softwareengineering/389928547/.m2/org/springframework/spring-webmvc/5.0.5.RELEASE/spring-webmvc-5.0.5.RELEASE.jar:/root/./workspace/Toaster996/softwareengineering/389928547/.m2/org/springframework/boot/spring-boot-starter-mail/1.4.3.RELEASE/spring-boot-starter-mail-1.4.3.RELEASE.jar:/root/./workspace/Toaster996/softwareengineering/389928547/.m2/org/springframework/spring-context/5.0.5.RELEASE/spring-context-5.0.5.RELEASE.jar:/root/./workspace/Toaster996/softwareengineering/389928547/.m2/org/springframework/spring-context-support/5.0.5.RELEASE/spring-context-support-5.0.5.RELEASE.jar:/root/./workspace/Toaster996/softwareengineering/389928547/.m2/com/sun/mail/javax.mail/1.6.1/javax.mail-1.6.1.jar:/root/./workspace/Toaster996/softwareengineering/389928547/.m2/javax/activation/activation/1.1/activation-1.1.jar:/root/./workspace/Toaster996/softwareengineering/389928547/.m2/org/thymeleaf/thymeleaf-spring4/3.0.9.RELEASE/thymeleaf-spring4-3.0.9.RELEASE.jar:/root/./workspace/Toaster996/softwareengineering/389928547/.m2/org/thymeleaf/thymeleaf/3.0.9.RELEASE/thymeleaf-3.0.9.RELEASE.jar:/root/./workspace/Toaster996/softwareengineering/389928547/.m2/org/attoparser/attoparser/2.0.4.RELEASE/attoparser-2.0.4.RELEASE.jar:/root/./workspace/Toaster996/softwareengineering/389928547/.m2/org/unbescape/unbescape/1.1.5.RELEASE/unbescape-1.1.5.RELEASE.jar:/root/./workspace/Toaster996/softwareengineering/389928547/.m2/org/slf4j/slf4j-api/1.7.25/slf4j-api-1.7.25.jar:/root/./workspace/Toaster996/softwareengineering/389928547/.m2/org/thymeleaf/extras/thymeleaf-extras-springsecurity3/3.0.2.RELEASE/thymeleaf-extras-springsecurity3-3.0.2.RELEASE.jar:/root/./workspace/Toaster996/softwareengineering/389928547/.m2/org/springframework/boot/spring-boot-starter-thymeleaf/2.0.2.RELEASE/spring-boot-starter-thymeleaf-2.0.2.RELEASE.jar:/root/./workspace/Toaster996/softwareengineering/389928547/.m2/org/thymeleaf/thymeleaf-spring5/3.0.9.RELEASE/thymeleaf-spring5-3.0.9.RELEASE.jar:/root/./workspace/Toaster996/softwareengineering/389928547/.m2/org/thymeleaf/extras/thymeleaf-extras-java8time/3.0.1.RELEASE/thymeleaf-extras-java8time-3.0.1.RELEASE.jar:/root/./workspace/Toaster996/softwareengineering/389928547/.m2/mysql/mysql-connector-java/5.1.46/mysql-connector-java-5.1.46.jar:/root/./workspace/Toaster996/softwareengineering/389928547/.m2/org/projectlombok/lombok/1.16.20/lombok-1.16.20.jar:/root/./workspace/Toaster996/softwareengineering/389928547/.m2/org/springframework/boot/spring-boot-starter-test/2.0.1.RELEASE/spring-boot-starter-test-2.0.1.RELEASE.jar:/root/./workspace/Toaster996/softwareengineering/389928547/.m2/org/springframework/boot/spring-boot-test/2.0.1.RELEASE/spring-boot-test-2.0.1.RELEASE.jar:/root/./workspace/Toaster996/softwareengineering/389928547/.m2/org/springframework/boot/spring-boot-test-autoconfigure/2.0.1.RELEASE/spring-boot-test-autoconfigure-2.0.1.RELEASE.jar:/root/./workspace/Toaster996/softwareengineering/389928547/.m2/com/jayway/jsonpath/json-path/2.4.0/json-path-2.4.0.jar:/root/./workspace/Toaster996/softwareengineering/389928547/.m2/net/minidev/json-smart/2.3/json-smart-2.3.jar:/root/./workspace/Toaster996/softwareengineering/389928547/.m2/net/minidev/accessors-smart/1.2/accessors-smart-1.2.jar:/root/./workspace/Toaster996/softwareengineering/389928547/.m2/org/ow2/asm/asm/5.0.4/asm-5.0.4.jar:/root/./workspace/Toaster996/softwareengineering/389928547/.m2/junit/junit/4.12/junit-4.12.jar:/root/./workspace/Toaster996/softwareengineering/389928547/.m2/org/assertj/assertj-core/3.9.1/assertj-core-3.9.1.jar:/root/./workspace/Toaster996/softwareengineering/389928547/.m2/org/mockito/mockito-core/2.15.0/mockito-core-2.15.0.jar:/root/./workspace/Toaster996/softwareengineering/389928547/.m2/net/bytebuddy/byte-buddy/1.7.11/byte-buddy-1.7.11.jar:/root/./workspace/Toaster996/softwareengineering/389928547/.m2/net/bytebuddy/byte-buddy-agent/1.7.11/byte-buddy-agent-1.7.11.jar:/root/./workspace/Toaster996/softwareengineering/389928547/.m2/org/objenesis/objenesis/2.6/objenesis-2.6.jar:/root/./workspace/Toaster996/softwareengineering/389928547/.m2/org/hamcrest/hamcrest-core/1.3/hamcrest-core-1.3.jar:/root/./workspace/Toaster996/softwareengineering/389928547/.m2/org/hamcrest/hamcrest-library/1.3/hamcrest-library-1.3.jar:/root/./workspace/Toaster996/softwareengineering/389928547/.m2/org/skyscreamer/jsonassert/1.5.0/jsonassert-1.5.0.jar:/root/./workspace/Toaster996/softwareengineering/389928547/.m2/com/vaadin/external/google/android-json/0.0.20131108.vaadin1/android-json-0.0.20131108.vaadin1.jar:/root/./workspace/Toaster996/softwareengineering/389928547/.m2/org/springframework/spring-core/5.0.5.RELEASE/spring-core-5.0.5.RELEASE.jar:/root/./workspace/Toaster996/softwareengineering/389928547/.m2/org/springframework/spring-jcl/5.0.5.RELEASE/spring-jcl-5.0.5.RELEASE.jar:/root/./workspace/Toaster996/softwareengineering/389928547/.m2/org/springframework/spring-test/5.0.5.RELEASE/spring-test-5.0.5.RELEASE.jar:/root/./workspace/Toaster996/softwareengineering/389928547/.m2/org/xmlunit/xmlunit-core/2.5.1/xmlunit-core-2.5.1.jar:/root/./workspace/Toaster996/softwareengineering/389928547/.m2/org/springframework/security/spring-security-test/5.0.4.RELEASE/spring-security-test-5.0.4.RELEASE.jar:/root/./workspace/Toaster996/softwareengineering/389928547/.m2/org/springframework/security/spring-security-core/5.0.4.RELEASE/spring-security-core-5.0.4.RELEASE.jar:/root/./workspace/Toaster996/softwareengineering/389928547/.m2/org/springframework/boot/spring-boot-devtools/2.0.1.RELEASE/spring-boot-devtools-2.0.1.RELEASE.jar:/root/./workspace/Toaster996/softwareengineering/389928547/.m2/org/springframework/boot/spring-boot/2.0.1.RELEASE/spring-boot-2.0.1.RELEASE.jar:/root/./workspace/Toaster996/softwareengineering/389928547/.m2/org/springframework/boot/spring-boot-autoconfigure/2.0.1.RELEASE/spring-boot-autoconfigure-2.0.1.RELEASE.jar:"/>
    <property name="sun.cpu.endian" value="little"/>
    <property name="user.home" value="/root"/>
    <property name="user.language" value="en"/>
    <property name="java.specification.vendor" value="Oracle Corporation"/>
    <property name="java.home" value="/usr/lib/jvm/java-8-openjdk-amd64/jre"/>
    <property name="basedir" value="/root/workspace/Toaster996/softwareengineering/389928547/DigitalJournal"/>
    <property name="file.separator" value="/"/>
    <property name="checkstyle.skip" value="true"/>
    <property name="line.separator" value="&#10;"/>
    <property name="skip.npm" value="true"/>
    <property name="java.vm.specification.vendor" value="Oracle Corporation"/>
    <property name="java.specification.name" value="Java Platform API Specification"/>
    <property name="java.awt.graphicsenv" value="sun.awt.X11GraphicsEnvironment"/>
    <property name="skipITs" value="true"/>
    <property name="surefire.real.class.path" value="/root/workspace/Toaster996/softwareengineering/389928547/DigitalJournal/target/surefire/surefirebooter4295564860438855101.jar:/root/./workspace/Toaster996/softwareengineering/389928547/.m2/org/jacoco/org.jacoco.agent/0.7.9/org.jacoco.agent-0.7.9-runtime.jar"/>
    <property name="cobertura.skip" value="true"/>
    <property name="sun.boot.class.path" value="/usr/lib/jvm/java-8-openjdk-amd64/jre/lib/resources.jar:/usr/lib/jvm/java-8-openjdk-amd64/jre/lib/rt.jar:/usr/lib/jvm/java-8-openjdk-amd64/jre/lib/sunrsasign.jar:/usr/lib/jvm/java-8-openjdk-amd64/jre/lib/jsse.jar:/usr/lib/jvm/java-8-openjdk-amd64/jre/lib/jce.jar:/usr/lib/jvm/java-8-openjdk-amd64/jre/lib/charsets.jar:/usr/lib/jvm/java-8-openjdk-amd64/jre/lib/jfr.jar:/usr/lib/jvm/java-8-openjdk-amd64/jre/classes"/>
    <property name="sun.management.compiler" value="HotSpot 64-Bit Tiered Compilers"/>
    <property name="java.runtime.version" value="1.8.0_121-8u121-b13-1~bpo8+1-b13"/>
    <property name="user.name" value="root"/>
    <property name="findbugs.skip" value="true"/>
    <property name="path.separator" value=":"/>
    <property name="os.version" value="3.10.0-862.3.2.el7.x86_64"/>
    <property name="java.endorsed.dirs" value="/usr/lib/jvm/java-8-openjdk-amd64/jre/lib/endorsed"/>
    <property name="java.runtime.name" value="OpenJDK Runtime Environment"/>
    <property name="file.encoding" value="UTF-8"/>
    <property name="java.vm.name" value="OpenJDK 64-Bit Server VM"/>
    <property name="localRepository" value="/root/./workspace/Toaster996/softwareengineering/389928547/.m2"/>
    <property name="java.vendor.url.bug" value="http://bugreport.sun.com/bugreport/"/>
    <property name="java.io.tmpdir" value="/tmp"/>
    <property name="java.version" value="1.8.0_121"/>
    <property name="user.dir" value="/root/workspace/Toaster996/softwareengineering/389928547/DigitalJournal"/>
    <property name="os.arch" value="amd64"/>
    <property name="license.skip" value="true"/>
    <property name="java.vm.specification.name" value="Java Virtual Machine Specification"/>
    <property name="java.awt.printerjob" value="sun.print.PSPrinterJob"/>
    <property name="sun.os.patch.level" value="unknown"/>
    <property name="java.library.path" value="/usr/java/packages/lib/amd64:/usr/lib/x86_64-linux-gnu/jni:/lib/x86_64-linux-gnu:/usr/lib/x86_64-linux-gnu:/usr/lib/jni:/lib:/usr/lib"/>
    <property name="java.vm.info" value="mixed mode"/>
    <property name="java.vendor" value="Oracle Corporation"/>
    <property name="java.vm.version" value="25.121-b13"/>
    <property name="java.ext.dirs" value="/usr/lib/jvm/java-8-openjdk-amd64/jre/lib/ext:/usr/java/packages/lib/ext"/>
    <property name="sun.io.unicode.encoding" value="UnicodeLittle"/>
    <property name="maven.repo.local" value="/root/./workspace/Toaster996/softwareengineering/389928547/.m2"/>
    <property name="enforcer.skip" value="true"/>
    <property name="java.class.version" value="52.0"/>
  </properties>
  <testcase name="create" classname="de.dhbw.softwareengineering.digitaljournal.controller.JournalControllerTest" time="0.145">
    <error message="Request processing failed; nested exception is java.lang.NullPointerException" type="org.springframework.web.util.NestedServletException">org.springframework.web.util.NestedServletException: Request processing failed; nested exception is java.lang.NullPointerException
	at de.dhbw.softwareengineering.digitaljournal.controller.JournalControllerTest.create(JournalControllerTest.java:63)
Caused by: java.lang.NullPointerException
	at de.dhbw.softwareengineering.digitaljournal.controller.JournalControllerTest.create(JournalControllerTest.java:63)
</error>
    <system-out><![CDATA[23:38:48.618 [main] DEBUG org.springframework.core.env.StandardEnvironment - Adding PropertySource 'systemProperties' with lowest search precedence
23:38:48.618 [main] DEBUG org.springframework.core.env.StandardEnvironment - Adding PropertySource 'systemEnvironment' with lowest search precedence
23:38:48.619 [main] DEBUG org.springframework.core.env.StandardEnvironment - Initialized StandardEnvironment with PropertySources [MapPropertySource@1740507881 {name='systemProperties', properties={java.runtime.name=OpenJDK Runtime Environment, sun.boot.library.path=/usr/lib/jvm/java-8-openjdk-amd64/jre/lib/amd64, java.vm.version=25.121-b13, java.vm.vendor=Oracle Corporation, java.vendor.url=http://java.oracle.com/, skip.gulp=true, path.separator=:, java.vm.name=OpenJDK 64-Bit Server VM, file.encoding.pkg=sun.io, findbugs.skip=true, sun.java.launcher=SUN_STANDARD, sun.os.patch.level=unknown, java.vm.specification.name=Java Virtual Machine Specification, user.dir=/root/workspace/Toaster996/softwareengineering/389928547/DigitalJournal, checkstyle.skip=true, java.runtime.version=1.8.0_121-8u121-b13-1~bpo8+1-b13, skip.npm=true, basedir=/root/workspace/Toaster996/softwareengineering/389928547/DigitalJournal, java.awt.graphicsenv=sun.awt.X11GraphicsEnvironment, java.endorsed.dirs=/usr/lib/jvm/java-8-openjdk-amd64/jre/lib/endorsed, os.arch=amd64, surefire.real.class.path=/root/workspace/Toaster996/softwareengineering/389928547/DigitalJournal/target/surefire/surefirebooter4295564860438855101.jar:/root/./workspace/Toaster996/softwareengineering/389928547/.m2/org/jacoco/org.jacoco.agent/0.7.9/org.jacoco.agent-0.7.9-runtime.jar, gpg.skip=true, java.io.tmpdir=/tmp, line.separator=
, cobertura.skip=true, java.vm.specification.vendor=Oracle Corporation, os.name=Linux, sun.jnu.encoding=UTF-8, license.skip=true, java.library.path=/usr/java/packages/lib/amd64:/usr/lib/x86_64-linux-gnu/jni:/lib/x86_64-linux-gnu:/usr/lib/x86_64-linux-gnu:/usr/lib/jni:/lib:/usr/lib, surefire.test.class.path=/root/workspace/Toaster996/softwareengineering/389928547/DigitalJournal/target/test-classes:/root/workspace/Toaster996/softwareengineering/389928547/DigitalJournal/target/classes:/root/./workspace/Toaster996/softwareengineering/389928547/.m2/org/springframework/boot/spring-boot-starter-data-jpa/2.0.1.RELEASE/spring-boot-starter-data-jpa-2.0.1.RELEASE.jar:/root/./workspace/Toaster996/softwareengineering/389928547/.m2/org/springframework/boot/spring-boot-starter/2.0.1.RELEASE/spring-boot-starter-2.0.1.RELEASE.jar:/root/./workspace/Toaster996/softwareengineering/389928547/.m2/org/springframework/boot/spring-boot-starter-logging/2.0.1.RELEASE/spring-boot-starter-logging-2.0.1.RELEASE.jar:/root/./workspace/Toaster996/softwareengineering/389928547/.m2/ch/qos/logback/logback-classic/1.2.3/logback-classic-1.2.3.jar:/root/./workspace/Toaster996/softwareengineering/389928547/.m2/ch/qos/logback/logback-core/1.2.3/logback-core-1.2.3.jar:/root/./workspace/Toaster996/softwareengineering/389928547/.m2/org/apache/logging/log4j/log4j-to-slf4j/2.10.0/log4j-to-slf4j-2.10.0.jar:/root/./workspace/Toaster996/softwareengineering/389928547/.m2/org/apache/logging/log4j/log4j-api/2.10.0/log4j-api-2.10.0.jar:/root/./workspace/Toaster996/softwareengineering/389928547/.m2/org/slf4j/jul-to-slf4j/1.7.25/jul-to-slf4j-1.7.25.jar:/root/./workspace/Toaster996/softwareengineering/389928547/.m2/javax/annotation/javax.annotation-api/1.3.2/javax.annotation-api-1.3.2.jar:/root/./workspace/Toaster996/softwareengineering/389928547/.m2/org/yaml/snakeyaml/1.19/snakeyaml-1.19.jar:/root/./workspace/Toaster996/softwareengineering/389928547/.m2/org/springframework/boot/spring-boot-starter-aop/2.0.1.RELEASE/spring-boot-starter-aop-2.0.1.RELEASE.jar:/root/./workspace/Toaster996/softwareengineering/389928547/.m2/org/aspectj/aspectjweaver/1.8.13/aspectjweaver-1.8.13.jar:/root/./workspace/Toaster996/softwareengineering/389928547/.m2/org/springframework/boot/spring-boot-starter-jdbc/2.0.1.RELEASE/spring-boot-starter-jdbc-2.0.1.RELEASE.jar:/root/./workspace/Toaster996/softwareengineering/389928547/.m2/com/zaxxer/HikariCP/2.7.8/HikariCP-2.7.8.jar:/root/./workspace/Toaster996/softwareengineering/389928547/.m2/org/springframework/spring-jdbc/5.0.5.RELEASE/spring-jdbc-5.0.5.RELEASE.jar:/root/./workspace/Toaster996/softwareengineering/389928547/.m2/org/hibernate/hibernate-core/5.2.16.Final/hibernate-core-5.2.16.Final.jar:/root/./workspace/Toaster996/softwareengineering/389928547/.m2/org/jboss/logging/jboss-logging/3.3.2.Final/jboss-logging-3.3.2.Final.jar:/root/./workspace/Toaster996/softwareengineering/389928547/.m2/org/hibernate/javax/persistence/hibernate-jpa-2.1-api/1.0.0.Final/hibernate-jpa-2.1-api-1.0.0.Final.jar:/root/./workspace/Toaster996/softwareengineering/389928547/.m2/org/javassist/javassist/3.22.0-GA/javassist-3.22.0-GA.jar:/root/./workspace/Toaster996/softwareengineering/389928547/.m2/antlr/antlr/2.7.7/antlr-2.7.7.jar:/root/./workspace/Toaster996/softwareengineering/389928547/.m2/org/jboss/jandex/2.0.3.Final/jandex-2.0.3.Final.jar:/root/./workspace/Toaster996/softwareengineering/389928547/.m2/com/fasterxml/classmate/1.3.4/classmate-1.3.4.jar:/root/./workspace/Toaster996/softwareengineering/389928547/.m2/dom4j/dom4j/1.6.1/dom4j-1.6.1.jar:/root/./workspace/Toaster996/softwareengineering/389928547/.m2/org/hibernate/common/hibernate-commons-annotations/5.0.1.Final/hibernate-commons-annotations-5.0.1.Final.jar:/root/./workspace/Toaster996/softwareengineering/389928547/.m2/javax/transaction/javax.transaction-api/1.2/javax.transaction-api-1.2.jar:/root/./workspace/Toaster996/softwareengineering/389928547/.m2/org/springframework/data/spring-data-jpa/2.0.6.RELEASE/spring-data-jpa-2.0.6.RELEASE.jar:/root/./workspace/Toaster996/softwareengineering/389928547/.m2/org/springframework/data/spring-data-commons/2.0.6.RELEASE/spring-data-commons-2.0.6.RELEASE.jar:/root/./workspace/Toaster996/softwareengineering/389928547/.m2/org/springframework/spring-orm/5.0.5.RELEASE/spring-orm-5.0.5.RELEASE.jar:/root/./workspace/Toaster996/softwareengineering/389928547/.m2/org/springframework/spring-tx/5.0.5.RELEASE/spring-tx-5.0.5.RELEASE.jar:/root/./workspace/Toaster996/softwareengineering/389928547/.m2/org/springframework/spring-beans/5.0.5.RELEASE/spring-beans-5.0.5.RELEASE.jar:/root/./workspace/Toaster996/softwareengineering/389928547/.m2/org/springframework/spring-aspects/5.0.5.RELEASE/spring-aspects-5.0.5.RELEASE.jar:/root/./workspace/Toaster996/softwareengineering/389928547/.m2/org/springframework/boot/spring-boot-starter-security/2.0.1.RELEASE/spring-boot-starter-security-2.0.1.RELEASE.jar:/root/./workspace/Toaster996/softwareengineering/389928547/.m2/org/springframework/spring-aop/5.0.5.RELEASE/spring-aop-5.0.5.RELEASE.jar:/root/./workspace/Toaster996/softwareengineering/389928547/.m2/org/springframework/security/spring-security-config/5.0.4.RELEASE/spring-security-config-5.0.4.RELEASE.jar:/root/./workspace/Toaster996/softwareengineering/389928547/.m2/org/springframework/security/spring-security-web/5.0.4.RELEASE/spring-security-web-5.0.4.RELEASE.jar:/root/./workspace/Toaster996/softwareengineering/389928547/.m2/org/springframework/spring-expression/5.0.5.RELEASE/spring-expression-5.0.5.RELEASE.jar:/root/./workspace/Toaster996/softwareengineering/389928547/.m2/org/springframework/boot/spring-boot-starter-web/2.0.1.RELEASE/spring-boot-starter-web-2.0.1.RELEASE.jar:/root/./workspace/Toaster996/softwareengineering/389928547/.m2/org/springframework/boot/spring-boot-starter-json/2.0.1.RELEASE/spring-boot-starter-json-2.0.1.RELEASE.jar:/root/./workspace/Toaster996/softwareengineering/389928547/.m2/com/fasterxml/jackson/core/jackson-databind/2.9.5/jackson-databind-2.9.5.jar:/root/./workspace/Toaster996/softwareengineering/389928547/.m2/com/fasterxml/jackson/core/jackson-annotations/2.9.0/jackson-annotations-2.9.0.jar:/root/./workspace/Toaster996/softwareengineering/389928547/.m2/com/fasterxml/jackson/core/jackson-core/2.9.5/jackson-core-2.9.5.jar:/root/./workspace/Toaster996/softwareengineering/389928547/.m2/com/fasterxml/jackson/datatype/jackson-datatype-jdk8/2.9.5/jackson-datatype-jdk8-2.9.5.jar:/root/./workspace/Toaster996/softwareengineering/389928547/.m2/com/fasterxml/jackson/datatype/jackson-datatype-jsr310/2.9.5/jackson-datatype-jsr310-2.9.5.jar:/root/./workspace/Toaster996/softwareengineering/389928547/.m2/com/fasterxml/jackson/module/jackson-module-parameter-names/2.9.5/jackson-module-parameter-names-2.9.5.jar:/root/./workspace/Toaster996/softwareengineering/389928547/.m2/org/springframework/boot/spring-boot-starter-tomcat/2.0.1.RELEASE/spring-boot-starter-tomcat-2.0.1.RELEASE.jar:/root/./workspace/Toaster996/softwareengineering/389928547/.m2/org/apache/tomcat/embed/tomcat-embed-core/8.5.29/tomcat-embed-core-8.5.29.jar:/root/./workspace/Toaster996/softwareengineering/389928547/.m2/org/apache/tomcat/embed/tomcat-embed-el/8.5.29/tomcat-embed-el-8.5.29.jar:/root/./workspace/Toaster996/softwareengineering/389928547/.m2/org/apache/tomcat/embed/tomcat-embed-websocket/8.5.29/tomcat-embed-websocket-8.5.29.jar:/root/./workspace/Toaster996/softwareengineering/389928547/.m2/org/hibernate/validator/hibernate-validator/6.0.9.Final/hibernate-validator-6.0.9.Final.jar:/root/./workspace/Toaster996/softwareengineering/389928547/.m2/javax/validation/validation-api/2.0.1.Final/validation-api-2.0.1.Final.jar:/root/./workspace/Toaster996/softwareengineering/389928547/.m2/org/springframework/spring-web/5.0.5.RELEASE/spring-web-5.0.5.RELEASE.jar:/root/./workspace/Toaster996/softwareengineering/389928547/.m2/org/springframework/spring-webmvc/5.0.5.RELEASE/spring-webmvc-5.0.5.RELEASE.jar:/root/./workspace/Toaster996/softwareengineering/389928547/.m2/org/springframework/boot/spring-boot-starter-mail/1.4.3.RELEASE/spring-boot-starter-mail-1.4.3.RELEASE.jar:/root/./workspace/Toaster996/softwareengineering/389928547/.m2/org/springframework/spring-context/5.0.5.RELEASE/spring-context-5.0.5.RELEASE.jar:/root/./workspace/Toaster996/softwareengineering/389928547/.m2/org/springframework/spring-context-support/5.0.5.RELEASE/spring-context-support-5.0.5.RELEASE.jar:/root/./workspace/Toaster996/softwareengineering/389928547/.m2/com/sun/mail/javax.mail/1.6.1/javax.mail-1.6.1.jar:/root/./workspace/Toaster996/softwareengineering/389928547/.m2/javax/activation/activation/1.1/activation-1.1.jar:/root/./workspace/Toaster996/softwareengineering/389928547/.m2/org/thymeleaf/thymeleaf-spring4/3.0.9.RELEASE/thymeleaf-spring4-3.0.9.RELEASE.jar:/root/./workspace/Toaster996/softwareengineering/389928547/.m2/org/thymeleaf/thymeleaf/3.0.9.RELEASE/thymeleaf-3.0.9.RELEASE.jar:/root/./workspace/Toaster996/softwareengineering/389928547/.m2/org/attoparser/attoparser/2.0.4.RELEASE/attoparser-2.0.4.RELEASE.jar:/root/./workspace/Toaster996/softwareengineering/389928547/.m2/org/unbescape/unbescape/1.1.5.RELEASE/unbescape-1.1.5.RELEASE.jar:/root/./workspace/Toaster996/softwareengineering/389928547/.m2/org/slf4j/slf4j-api/1.7.25/slf4j-api-1.7.25.jar:/root/./workspace/Toaster996/softwareengineering/389928547/.m2/org/thymeleaf/extras/thymeleaf-extras-springsecurity3/3.0.2.RELEASE/thymeleaf-extras-springsecurity3-3.0.2.RELEASE.jar:/root/./workspace/Toaster996/softwareengineering/389928547/.m2/org/springframework/boot/spring-boot-starter-thymeleaf/2.0.2.RELEASE/spring-boot-starter-thymeleaf-2.0.2.RELEASE.jar:/root/./workspace/Toaster996/softwareengineering/389928547/.m2/org/thymeleaf/thymeleaf-spring5/3.0.9.RELEASE/thymeleaf-spring5-3.0.9.RELEASE.jar:/root/./workspace/Toaster996/softwareengineering/389928547/.m2/org/thymeleaf/extras/thymeleaf-extras-java8time/3.0.1.RELEASE/thymeleaf-extras-java8time-3.0.1.RELEASE.jar:/root/./workspace/Toaster996/softwareengineering/389928547/.m2/mysql/mysql-connector-java/5.1.46/mysql-connector-java-5.1.46.jar:/root/./workspace/Toaster996/softwareengineering/389928547/.m2/org/projectlombok/lombok/1.16.20/lombok-1.16.20.jar:/root/./workspace/Toaster996/softwareengineering/389928547/.m2/org/springframework/boot/spring-boot-starter-test/2.0.1.RELEASE/spring-boot-starter-test-2.0.1.RELEASE.jar:/root/./workspace/Toaster996/softwareengineering/389928547/.m2/org/springframework/boot/spring-boot-test/2.0.1.RELEASE/spring-boot-test-2.0.1.RELEASE.jar:/root/./workspace/Toaster996/softwareengineering/389928547/.m2/org/springframework/boot/spring-boot-test-autoconfigure/2.0.1.RELEASE/spring-boot-test-autoconfigure-2.0.1.RELEASE.jar:/root/./workspace/Toaster996/softwareengineering/389928547/.m2/com/jayway/jsonpath/json-path/2.4.0/json-path-2.4.0.jar:/root/./workspace/Toaster996/softwareengineering/389928547/.m2/net/minidev/json-smart/2.3/json-smart-2.3.jar:/root/./workspace/Toaster996/softwareengineering/389928547/.m2/net/minidev/accessors-smart/1.2/accessors-smart-1.2.jar:/root/./workspace/Toaster996/softwareengineering/389928547/.m2/org/ow2/asm/asm/5.0.4/asm-5.0.4.jar:/root/./workspace/Toaster996/softwareengineering/389928547/.m2/junit/junit/4.12/junit-4.12.jar:/root/./workspace/Toaster996/softwareengineering/389928547/.m2/org/assertj/assertj-core/3.9.1/assertj-core-3.9.1.jar:/root/./workspace/Toaster996/softwareengineering/389928547/.m2/org/mockito/mockito-core/2.15.0/mockito-core-2.15.0.jar:/root/./workspace/Toaster996/softwareengineering/389928547/.m2/net/bytebuddy/byte-buddy/1.7.11/byte-buddy-1.7.11.jar:/root/./workspace/Toaster996/softwareengineering/389928547/.m2/net/bytebuddy/byte-buddy-agent/1.7.11/byte-buddy-agent-1.7.11.jar:/root/./workspace/Toaster996/softwareengineering/389928547/.m2/org/objenesis/objenesis/2.6/objenesis-2.6.jar:/root/./workspace/Toaster996/softwareengineering/389928547/.m2/org/hamcrest/hamcrest-core/1.3/hamcrest-core-1.3.jar:/root/./workspace/Toaster996/softwareengineering/389928547/.m2/org/hamcrest/hamcrest-library/1.3/hamcrest-library-1.3.jar:/root/./workspace/Toaster996/softwareengineering/389928547/.m2/org/skyscreamer/jsonassert/1.5.0/jsonassert-1.5.0.jar:/root/./workspace/Toaster996/softwareengineering/389928547/.m2/com/vaadin/external/google/android-json/0.0.20131108.vaadin1/android-json-0.0.20131108.vaadin1.jar:/root/./workspace/Toaster996/softwareengineering/389928547/.m2/org/springframework/spring-core/5.0.5.RELEASE/spring-core-5.0.5.RELEASE.jar:/root/./workspace/Toaster996/softwareengineering/389928547/.m2/org/springframework/spring-jcl/5.0.5.RELEASE/spring-jcl-5.0.5.RELEASE.jar:/root/./workspace/Toaster996/softwareengineering/389928547/.m2/org/springframework/spring-test/5.0.5.RELEASE/spring-test-5.0.5.RELEASE.jar:/root/./workspace/Toaster996/softwareengineering/389928547/.m2/org/xmlunit/xmlunit-core/2.5.1/xmlunit-core-2.5.1.jar:/root/./workspace/Toaster996/softwareengineering/389928547/.m2/org/springframework/security/spring-security-test/5.0.4.RELEASE/spring-security-test-5.0.4.RELEASE.jar:/root/./workspace/Toaster996/softwareengineering/389928547/.m2/org/springframework/security/spring-security-core/5.0.4.RELEASE/spring-security-core-5.0.4.RELEASE.jar:/root/./workspace/Toaster996/softwareengineering/389928547/.m2/org/springframework/boot/spring-boot-devtools/2.0.1.RELEASE/spring-boot-devtools-2.0.1.RELEASE.jar:/root/./workspace/Toaster996/softwareengineering/389928547/.m2/org/springframework/boot/spring-boot/2.0.1.RELEASE/spring-boot-2.0.1.RELEASE.jar:/root/./workspace/Toaster996/softwareengineering/389928547/.m2/org/springframework/boot/spring-boot-autoconfigure/2.0.1.RELEASE/spring-boot-autoconfigure-2.0.1.RELEASE.jar:, java.specification.name=Java Platform API Specification, java.class.version=52.0, skip.bower=true, sun.management.compiler=HotSpot 64-Bit Tiered Compilers, maven.repo.local=/root/./workspace/Toaster996/softwareengineering/389928547/.m2, os.version=3.10.0-862.3.2.el7.x86_64, user.home=/root, user.timezone=Europe/Paris, java.awt.printerjob=sun.print.PSPrinterJob, file.encoding=UTF-8, java.specification.version=1.8, java.class.path=/root/workspace/Toaster996/softwareengineering/389928547/DigitalJournal/target/test-classes:/root/workspace/Toaster996/softwareengineering/389928547/DigitalJournal/target/classes:/root/./workspace/Toaster996/softwareengineering/389928547/.m2/org/springframework/boot/spring-boot-starter-data-jpa/2.0.1.RELEASE/spring-boot-starter-data-jpa-2.0.1.RELEASE.jar:/root/./workspace/Toaster996/softwareengineering/389928547/.m2/org/springframework/boot/spring-boot-starter/2.0.1.RELEASE/spring-boot-starter-2.0.1.RELEASE.jar:/root/./workspace/Toaster996/softwareengineering/389928547/.m2/org/springframework/boot/spring-boot-starter-logging/2.0.1.RELEASE/spring-boot-starter-logging-2.0.1.RELEASE.jar:/root/./workspace/Toaster996/softwareengineering/389928547/.m2/ch/qos/logback/logback-classic/1.2.3/logback-classic-1.2.3.jar:/root/./workspace/Toaster996/softwareengineering/389928547/.m2/ch/qos/logback/logback-core/1.2.3/logback-core-1.2.3.jar:/root/./workspace/Toaster996/softwareengineering/389928547/.m2/org/apache/logging/log4j/log4j-to-slf4j/2.10.0/log4j-to-slf4j-2.10.0.jar:/root/./workspace/Toaster996/softwareengineering/389928547/.m2/org/apache/logging/log4j/log4j-api/2.10.0/log4j-api-2.10.0.jar:/root/./workspace/Toaster996/softwareengineering/389928547/.m2/org/slf4j/jul-to-slf4j/1.7.25/jul-to-slf4j-1.7.25.jar:/root/./workspace/Toaster996/softwareengineering/389928547/.m2/javax/annotation/javax.annotation-api/1.3.2/javax.annotation-api-1.3.2.jar:/root/./workspace/Toaster996/softwareengineering/389928547/.m2/org/yaml/snakeyaml/1.19/snakeyaml-1.19.jar:/root/./workspace/Toaster996/softwareengineering/389928547/.m2/org/springframework/boot/spring-boot-starter-aop/2.0.1.RELEASE/spring-boot-starter-aop-2.0.1.RELEASE.jar:/root/./workspace/Toaster996/softwareengineering/389928547/.m2/org/aspectj/aspectjweaver/1.8.13/aspectjweaver-1.8.13.jar:/root/./workspace/Toaster996/softwareengineering/389928547/.m2/org/springframework/boot/spring-boot-starter-jdbc/2.0.1.RELEASE/spring-boot-starter-jdbc-2.0.1.RELEASE.jar:/root/./workspace/Toaster996/softwareengineering/389928547/.m2/com/zaxxer/HikariCP/2.7.8/HikariCP-2.7.8.jar:/root/./workspace/Toaster996/softwareengineering/389928547/.m2/org/springframework/spring-jdbc/5.0.5.RELEASE/spring-jdbc-5.0.5.RELEASE.jar:/root/./workspace/Toaster996/softwareengineering/389928547/.m2/org/hibernate/hibernate-core/5.2.16.Final/hibernate-core-5.2.16.Final.jar:/root/./workspace/Toaster996/softwareengineering/389928547/.m2/org/jboss/logging/jboss-logging/3.3.2.Final/jboss-logging-3.3.2.Final.jar:/root/./workspace/Toaster996/softwareengineering/389928547/.m2/org/hibernate/javax/persistence/hibernate-jpa-2.1-api/1.0.0.Final/hibernate-jpa-2.1-api-1.0.0.Final.jar:/root/./workspace/Toaster996/softwareengineering/389928547/.m2/org/javassist/javassist/3.22.0-GA/javassist-3.22.0-GA.jar:/root/./workspace/Toaster996/softwareengineering/389928547/.m2/antlr/antlr/2.7.7/antlr-2.7.7.jar:/root/./workspace/Toaster996/softwareengineering/389928547/.m2/org/jboss/jandex/2.0.3.Final/jandex-2.0.3.Final.jar:/root/./workspace/Toaster996/softwareengineering/389928547/.m2/com/fasterxml/classmate/1.3.4/classmate-1.3.4.jar:/root/./workspace/Toaster996/softwareengineering/389928547/.m2/dom4j/dom4j/1.6.1/dom4j-1.6.1.jar:/root/./workspace/Toaster996/softwareengineering/389928547/.m2/org/hibernate/common/hibernate-commons-annotations/5.0.1.Final/hibernate-commons-annotations-5.0.1.Final.jar:/root/./workspace/Toaster996/softwareengineering/389928547/.m2/javax/transaction/javax.transaction-api/1.2/javax.transaction-api-1.2.jar:/root/./workspace/Toaster996/softwareengineering/389928547/.m2/org/springframework/data/spring-data-jpa/2.0.6.RELEASE/spring-data-jpa-2.0.6.RELEASE.jar:/root/./workspace/Toaster996/softwareengineering/389928547/.m2/org/springframework/data/spring-data-commons/2.0.6.RELEASE/spring-data-commons-2.0.6.RELEASE.jar:/root/./workspace/Toaster996/softwareengineering/389928547/.m2/org/springframework/spring-orm/5.0.5.RELEASE/spring-orm-5.0.5.RELEASE.jar:/root/./workspace/Toaster996/softwareengineering/389928547/.m2/org/springframework/spring-tx/5.0.5.RELEASE/spring-tx-5.0.5.RELEASE.jar:/root/./workspace/Toaster996/softwareengineering/389928547/.m2/org/springframework/spring-beans/5.0.5.RELEASE/spring-beans-5.0.5.RELEASE.jar:/root/./workspace/Toaster996/softwareengineering/389928547/.m2/org/springframework/spring-aspects/5.0.5.RELEASE/spring-aspects-5.0.5.RELEASE.jar:/root/./workspace/Toaster996/softwareengineering/389928547/.m2/org/springframework/boot/spring-boot-starter-security/2.0.1.RELEASE/spring-boot-starter-security-2.0.1.RELEASE.jar:/root/./workspace/Toaster996/softwareengineering/389928547/.m2/org/springframework/spring-aop/5.0.5.RELEASE/spring-aop-5.0.5.RELEASE.jar:/root/./workspace/Toaster996/softwareengineering/389928547/.m2/org/springframework/security/spring-security-config/5.0.4.RELEASE/spring-security-config-5.0.4.RELEASE.jar:/root/./workspace/Toaster996/softwareengineering/389928547/.m2/org/springframework/security/spring-security-web/5.0.4.RELEASE/spring-security-web-5.0.4.RELEASE.jar:/root/./workspace/Toaster996/softwareengineering/389928547/.m2/org/springframework/spring-expression/5.0.5.RELEASE/spring-expression-5.0.5.RELEASE.jar:/root/./workspace/Toaster996/softwareengineering/389928547/.m2/org/springframework/boot/spring-boot-starter-web/2.0.1.RELEASE/spring-boot-starter-web-2.0.1.RELEASE.jar:/root/./workspace/Toaster996/softwareengineering/389928547/.m2/org/springframework/boot/spring-boot-starter-json/2.0.1.RELEASE/spring-boot-starter-json-2.0.1.RELEASE.jar:/root/./workspace/Toaster996/softwareengineering/389928547/.m2/com/fasterxml/jackson/core/jackson-databind/2.9.5/jackson-databind-2.9.5.jar:/root/./workspace/Toaster996/softwareengineering/389928547/.m2/com/fasterxml/jackson/core/jackson-annotations/2.9.0/jackson-annotations-2.9.0.jar:/root/./workspace/Toaster996/softwareengineering/389928547/.m2/com/fasterxml/jackson/core/jackson-core/2.9.5/jackson-core-2.9.5.jar:/root/./workspace/Toaster996/softwareengineering/389928547/.m2/com/fasterxml/jackson/datatype/jackson-datatype-jdk8/2.9.5/jackson-datatype-jdk8-2.9.5.jar:/root/./workspace/Toaster996/softwareengineering/389928547/.m2/com/fasterxml/jackson/datatype/jackson-datatype-jsr310/2.9.5/jackson-datatype-jsr310-2.9.5.jar:/root/./workspace/Toaster996/softwareengineering/389928547/.m2/com/fasterxml/jackson/module/jackson-module-parameter-names/2.9.5/jackson-module-parameter-names-2.9.5.jar:/root/./workspace/Toaster996/softwareengineering/389928547/.m2/org/springframework/boot/spring-boot-starter-tomcat/2.0.1.RELEASE/spring-boot-starter-tomcat-2.0.1.RELEASE.jar:/root/./workspace/Toaster996/softwareengineering/389928547/.m2/org/apache/tomcat/embed/tomcat-embed-core/8.5.29/tomcat-embed-core-8.5.29.jar:/root/./workspace/Toaster996/softwareengineering/389928547/.m2/org/apache/tomcat/embed/tomcat-embed-el/8.5.29/tomcat-embed-el-8.5.29.jar:/root/./workspace/Toaster996/softwareengineering/389928547/.m2/org/apache/tomcat/embed/tomcat-embed-websocket/8.5.29/tomcat-embed-websocket-8.5.29.jar:/root/./workspace/Toaster996/softwareengineering/389928547/.m2/org/hibernate/validator/hibernate-validator/6.0.9.Final/hibernate-validator-6.0.9.Final.jar:/root/./workspace/Toaster996/softwareengineering/389928547/.m2/javax/validation/validation-api/2.0.1.Final/validation-api-2.0.1.Final.jar:/root/./workspace/Toaster996/softwareengineering/389928547/.m2/org/springframework/spring-web/5.0.5.RELEASE/spring-web-5.0.5.RELEASE.jar:/root/./workspace/Toaster996/softwareengineering/389928547/.m2/org/springframework/spring-webmvc/5.0.5.RELEASE/spring-webmvc-5.0.5.RELEASE.jar:/root/./workspace/Toaster996/softwareengineering/389928547/.m2/org/springframework/boot/spring-boot-starter-mail/1.4.3.RELEASE/spring-boot-starter-mail-1.4.3.RELEASE.jar:/root/./workspace/Toaster996/softwareengineering/389928547/.m2/org/springframework/spring-context/5.0.5.RELEASE/spring-context-5.0.5.RELEASE.jar:/root/./workspace/Toaster996/softwareengineering/389928547/.m2/org/springframework/spring-context-support/5.0.5.RELEASE/spring-context-support-5.0.5.RELEASE.jar:/root/./workspace/Toaster996/softwareengineering/389928547/.m2/com/sun/mail/javax.mail/1.6.1/javax.mail-1.6.1.jar:/root/./workspace/Toaster996/softwareengineering/389928547/.m2/javax/activation/activation/1.1/activation-1.1.jar:/root/./workspace/Toaster996/softwareengineering/389928547/.m2/org/thymeleaf/thymeleaf-spring4/3.0.9.RELEASE/thymeleaf-spring4-3.0.9.RELEASE.jar:/root/./workspace/Toaster996/softwareengineering/389928547/.m2/org/thymeleaf/thymeleaf/3.0.9.RELEASE/thymeleaf-3.0.9.RELEASE.jar:/root/./workspace/Toaster996/softwareengineering/389928547/.m2/org/attoparser/attoparser/2.0.4.RELEASE/attoparser-2.0.4.RELEASE.jar:/root/./workspace/Toaster996/softwareengineering/389928547/.m2/org/unbescape/unbescape/1.1.5.RELEASE/unbescape-1.1.5.RELEASE.jar:/root/./workspace/Toaster996/softwareengineering/389928547/.m2/org/slf4j/slf4j-api/1.7.25/slf4j-api-1.7.25.jar:/root/./workspace/Toaster996/softwareengineering/389928547/.m2/org/thymeleaf/extras/thymeleaf-extras-springsecurity3/3.0.2.RELEASE/thymeleaf-extras-springsecurity3-3.0.2.RELEASE.jar:/root/./workspace/Toaster996/softwareengineering/389928547/.m2/org/springframework/boot/spring-boot-starter-thymeleaf/2.0.2.RELEASE/spring-boot-starter-thymeleaf-2.0.2.RELEASE.jar:/root/./workspace/Toaster996/softwareengineering/389928547/.m2/org/thymeleaf/thymeleaf-spring5/3.0.9.RELEASE/thymeleaf-spring5-3.0.9.RELEASE.jar:/root/./workspace/Toaster996/softwareengineering/389928547/.m2/org/thymeleaf/extras/thymeleaf-extras-java8time/3.0.1.RELEASE/thymeleaf-extras-java8time-3.0.1.RELEASE.jar:/root/./workspace/Toaster996/softwareengineering/389928547/.m2/mysql/mysql-connector-java/5.1.46/mysql-connector-java-5.1.46.jar:/root/./workspace/Toaster996/softwareengineering/389928547/.m2/org/projectlombok/lombok/1.16.20/lombok-1.16.20.jar:/root/./workspace/Toaster996/softwareengineering/389928547/.m2/org/springframework/boot/spring-boot-starter-test/2.0.1.RELEASE/spring-boot-starter-test-2.0.1.RELEASE.jar:/root/./workspace/Toaster996/softwareengineering/389928547/.m2/org/springframework/boot/spring-boot-test/2.0.1.RELEASE/spring-boot-test-2.0.1.RELEASE.jar:/root/./workspace/Toaster996/softwareengineering/389928547/.m2/org/springframework/boot/spring-boot-test-autoconfigure/2.0.1.RELEASE/spring-boot-test-autoconfigure-2.0.1.RELEASE.jar:/root/./workspace/Toaster996/softwareengineering/389928547/.m2/com/jayway/jsonpath/json-path/2.4.0/json-path-2.4.0.jar:/root/./workspace/Toaster996/softwareengineering/389928547/.m2/net/minidev/json-smart/2.3/json-smart-2.3.jar:/root/./workspace/Toaster996/softwareengineering/389928547/.m2/net/minidev/accessors-smart/1.2/accessors-smart-1.2.jar:/root/./workspace/Toaster996/softwareengineering/389928547/.m2/org/ow2/asm/asm/5.0.4/asm-5.0.4.jar:/root/./workspace/Toaster996/softwareengineering/389928547/.m2/junit/junit/4.12/junit-4.12.jar:/root/./workspace/Toaster996/softwareengineering/389928547/.m2/org/assertj/assertj-core/3.9.1/assertj-core-3.9.1.jar:/root/./workspace/Toaster996/softwareengineering/389928547/.m2/org/mockito/mockito-core/2.15.0/mockito-core-2.15.0.jar:/root/./workspace/Toaster996/softwareengineering/389928547/.m2/net/bytebuddy/byte-buddy/1.7.11/byte-buddy-1.7.11.jar:/root/./workspace/Toaster996/softwareengineering/389928547/.m2/net/bytebuddy/byte-buddy-agent/1.7.11/byte-buddy-agent-1.7.11.jar:/root/./workspace/Toaster996/softwareengineering/389928547/.m2/org/objenesis/objenesis/2.6/objenesis-2.6.jar:/root/./workspace/Toaster996/softwareengineering/389928547/.m2/org/hamcrest/hamcrest-core/1.3/hamcrest-core-1.3.jar:/root/./workspace/Toaster996/softwareengineering/389928547/.m2/org/hamcrest/hamcrest-library/1.3/hamcrest-library-1.3.jar:/root/./workspace/Toaster996/softwareengineering/389928547/.m2/org/skyscreamer/jsonassert/1.5.0/jsonassert-1.5.0.jar:/root/./workspace/Toaster996/softwareengineering/389928547/.m2/com/vaadin/external/google/android-json/0.0.20131108.vaadin1/android-json-0.0.20131108.vaadin1.jar:/root/./workspace/Toaster996/softwareengineering/389928547/.m2/org/springframework/spring-core/5.0.5.RELEASE/spring-core-5.0.5.RELEASE.jar:/root/./workspace/Toaster996/softwareengineering/389928547/.m2/org/springframework/spring-jcl/5.0.5.RELEASE/spring-jcl-5.0.5.RELEASE.jar:/root/./workspace/Toaster996/softwareengineering/389928547/.m2/org/springframework/spring-test/5.0.5.RELEASE/spring-test-5.0.5.RELEASE.jar:/root/./workspace/Toaster996/softwareengineering/389928547/.m2/org/xmlunit/xmlunit-core/2.5.1/xmlunit-core-2.5.1.jar:/root/./workspace/Toaster996/softwareengineering/389928547/.m2/org/springframework/security/spring-security-test/5.0.4.RELEASE/spring-security-test-5.0.4.RELEASE.jar:/root/./workspace/Toaster996/softwareengineering/389928547/.m2/org/springframework/security/spring-security-core/5.0.4.RELEASE/spring-security-core-5.0.4.RELEASE.jar:/root/./workspace/Toaster996/softwareengineering/389928547/.m2/org/springframework/boot/spring-boot-devtools/2.0.1.RELEASE/spring-boot-devtools-2.0.1.RELEASE.jar:/root/./workspace/Toaster996/softwareengineering/389928547/.m2/org/springframework/boot/spring-boot/2.0.1.RELEASE/spring-boot-2.0.1.RELEASE.jar:/root/./workspace/Toaster996/softwareengineering/389928547/.m2/org/springframework/boot/spring-boot-autoconfigure/2.0.1.RELEASE/spring-boot-autoconfigure-2.0.1.RELEASE.jar:, user.name=root, skipITs=true, java.vm.specification.version=1.8, sun.java.command=/root/workspace/Toaster996/softwareengineering/389928547/DigitalJournal/target/surefire/surefirebooter4295564860438855101.jar /root/workspace/Toaster996/softwareengineering/389928547/DigitalJournal/target/surefire 2018-06-08T23-38-42_260-jvmRun1 surefire5501307681024601424tmp surefire_0480629896706188462tmp, java.home=/usr/lib/jvm/java-8-openjdk-amd64/jre, sun.arch.data.model=64, user.language=en, java.specification.vendor=Oracle Corporation, dependency-check.skip=true, awt.toolkit=sun.awt.X11.XToolkit, java.vm.info=mixed mode, java.version=1.8.0_121, java.ext.dirs=/usr/lib/jvm/java-8-openjdk-amd64/jre/lib/ext:/usr/java/packages/lib/ext, sun.boot.class.path=/usr/lib/jvm/java-8-openjdk-amd64/jre/lib/resources.jar:/usr/lib/jvm/java-8-openjdk-amd64/jre/lib/rt.jar:/usr/lib/jvm/java-8-openjdk-amd64/jre/lib/sunrsasign.jar:/usr/lib/jvm/java-8-openjdk-amd64/jre/lib/jsse.jar:/usr/lib/jvm/java-8-openjdk-amd64/jre/lib/jce.jar:/usr/lib/jvm/java-8-openjdk-amd64/jre/lib/charsets.jar:/usr/lib/jvm/java-8-openjdk-amd64/jre/lib/jfr.jar:/usr/lib/jvm/java-8-openjdk-amd64/jre/classes, rat.skip=true, enforcer.skip=true, java.vendor=Oracle Corporation, localRepository=/root/./workspace/Toaster996/softwareengineering/389928547/.m2, file.separator=/, java.vendor.url.bug=http://bugreport.sun.com/bugreport/, sun.io.unicode.encoding=UnicodeLittle, sun.cpu.endian=little, sun.cpu.isalist=}}, SystemEnvironmentPropertySource@9269501 {name='systemEnvironment', properties={PATH=/usr/local/sbin:/usr/local/bin:/usr/sbin:/usr/bin:/sbin:/bin, JAVA_HOME=/usr/lib/jvm/java-8-openjdk-amd64, NOTIFY_TO=, CA_CERTIFICATES_JAVA_VERSION=20161107~bpo8+1, MONGODB_HOST=, BUILD_ID=, LANG=C.UTF-8, MAVEN_HOME=/usr/share/maven, SMTP_SERVER=, MONGODB_NAME=, REPAIR_MODE=repair, PWD=/root/workspace/Toaster996/softwareengineering/389928547/DigitalJournal, JAVA_VERSION=8u121, GITHUB_OAUTH=, MAVEN_CMD_LINE_ARGS=/root/.m2 -B -D enforcer.skip=true -D dependency-check.skip=true -D skipITs=true -D cobertura.skip=true -D maven.repo.local=/root/./workspace/Toaster996/softwareengineering/389928547/.m2 -D rat.skip=true -D findbugs.skip=true -D skip.bower=true -D gpg.skip=true -D checkstyle.skip=true -D skip.gulp=true -D license.skip=true -D skip.npm=true test, _=/usr/bin/java, OUTPUT=, MAVEN_TERMINATE_CMD=on, MAVEN_CONFIG=/root/.m2, MAVEN_PROJECTBASEDIR=/root/workspace/Toaster996/softwareengineering/389928547/DigitalJournal, OLDPWD=/root/workspace/Toaster996/softwareengineering/389928547/DigitalJournal, LOG_FILENAME=repairnator-pipeline_2018-06-08_2337_389928547_5a77b685-d098-401d-b168-01e076b51223, RUN_ID=, HOSTNAME=cyclone1, JAVA_DEBIAN_VERSION=8u121-b13-1~bpo8+1, M2_HOME=/usr/share/maven, REPAIR_TOOLS=AssertFixer, HOME=/root, SHLVL=1, PUSH_URL=}}]
23:38:48.620 [main] DEBUG org.springframework.web.servlet.mvc.method.annotation.RequestMappingHandlerMapping - Looking for request mappings in application context: org.springframework.test.web.servlet.setup.StubWebApplicationContext@1107df15
23:38:48.629 [main] DEBUG org.springframework.web.servlet.mvc.method.annotation.RequestMappingHandlerMapping - 8 request handler methods found on class de.dhbw.softwareengineering.digitaljournal.controller.JournalController: {public java.lang.String de.dhbw.softwareengineering.digitaljournal.controller.JournalController.createJournal(de.dhbw.softwareengineering.digitaljournal.domain.Journal,javax.servlet.http.HttpSession,org.springframework.validation.BindingResult,org.springframework.ui.Model,java.security.Principal)={[/journal/create],methods=[POST]}, public java.lang.String de.dhbw.softwareengineering.digitaljournal.controller.JournalController.deleteConfirm(org.springframework.ui.Model,javax.servlet.http.HttpSession)={[/journal/delete],methods=[POST]}, public java.lang.String de.dhbw.softwareengineering.digitaljournal.controller.JournalController.showFeed(org.springframework.ui.Model,javax.servlet.http.HttpSession,java.security.Principal)={[/journal],methods=[GET]}, public java.lang.String de.dhbw.softwareengineering.digitaljournal.controller.JournalController.showEditJournal(java.lang.String,org.springframework.ui.Model,java.security.Principal,javax.servlet.http.HttpSession)={[/journal/edit/{journalId}],methods=[GET]}, public java.lang.String de.dhbw.softwareengineering.digitaljournal.controller.JournalController.editJournal(de.dhbw.softwareengineering.digitaljournal.domain.Journal,org.springframework.validation.BindingResult,org.springframework.ui.Model,java.security.Principal,javax.servlet.http.HttpSession)={[/journal/edit],methods=[POST]}, public java.lang.String de.dhbw.softwareengineering.digitaljournal.controller.JournalController.showShareModal(java.lang.String,javax.servlet.http.HttpSession,org.springframework.web.servlet.mvc.support.RedirectAttributes,java.security.Principal)={[/journal/share/{journalId}],methods=[GET]}, public java.lang.String de.dhbw.softwareengineering.digitaljournal.controller.JournalController.addCoAuthor(java.lang.String,javax.servlet.http.HttpSession)={[/journal/share/add/{CoAuthor}],methods=[GET]}, public java.lang.String de.dhbw.softwareengineering.digitaljournal.controller.JournalController.delete(org.springframework.ui.Model,javax.servlet.http.HttpSession)={[/journal/delete],methods=[GET]}}
23:38:48.629 [main] INFO org.springframework.web.servlet.mvc.method.annotation.RequestMappingHandlerMapping - Mapped "{[/journal/create],methods=[POST]}" onto public java.lang.String de.dhbw.softwareengineering.digitaljournal.controller.JournalController.createJournal(de.dhbw.softwareengineering.digitaljournal.domain.Journal,javax.servlet.http.HttpSession,org.springframework.validation.BindingResult,org.springframework.ui.Model,java.security.Principal)
23:38:48.629 [main] INFO org.springframework.web.servlet.mvc.method.annotation.RequestMappingHandlerMapping - Mapped "{[/journal/delete],methods=[POST]}" onto public java.lang.String de.dhbw.softwareengineering.digitaljournal.controller.JournalController.deleteConfirm(org.springframework.ui.Model,javax.servlet.http.HttpSession)
23:38:48.630 [main] INFO org.springframework.web.servlet.mvc.method.annotation.RequestMappingHandlerMapping - Mapped "{[/journal],methods=[GET]}" onto public java.lang.String de.dhbw.softwareengineering.digitaljournal.controller.JournalController.showFeed(org.springframework.ui.Model,javax.servlet.http.HttpSession,java.security.Principal)
23:38:48.630 [main] INFO org.springframework.web.servlet.mvc.method.annotation.RequestMappingHandlerMapping - Mapped "{[/journal/edit/{journalId}],methods=[GET]}" onto public java.lang.String de.dhbw.softwareengineering.digitaljournal.controller.JournalController.showEditJournal(java.lang.String,org.springframework.ui.Model,java.security.Principal,javax.servlet.http.HttpSession)
23:38:48.630 [main] INFO org.springframework.web.servlet.mvc.method.annotation.RequestMappingHandlerMapping - Mapped "{[/journal/edit],methods=[POST]}" onto public java.lang.String de.dhbw.softwareengineering.digitaljournal.controller.JournalController.editJournal(de.dhbw.softwareengineering.digitaljournal.domain.Journal,org.springframework.validation.BindingResult,org.springframework.ui.Model,java.security.Principal,javax.servlet.http.HttpSession)
23:38:48.631 [main] INFO org.springframework.web.servlet.mvc.method.annotation.RequestMappingHandlerMapping - Mapped "{[/journal/share/{journalId}],methods=[GET]}" onto public java.lang.String de.dhbw.softwareengineering.digitaljournal.controller.JournalController.showShareModal(java.lang.String,javax.servlet.http.HttpSession,org.springframework.web.servlet.mvc.support.RedirectAttributes,java.security.Principal)
23:38:48.631 [main] INFO org.springframework.web.servlet.mvc.method.annotation.RequestMappingHandlerMapping - Mapped "{[/journal/share/add/{CoAuthor}],methods=[GET]}" onto public java.lang.String de.dhbw.softwareengineering.digitaljournal.controller.JournalController.addCoAuthor(java.lang.String,javax.servlet.http.HttpSession)
23:38:48.631 [main] INFO org.springframework.web.servlet.mvc.method.annotation.RequestMappingHandlerMapping - Mapped "{[/journal/delete],methods=[GET]}" onto public java.lang.String de.dhbw.softwareengineering.digitaljournal.controller.JournalController.delete(org.springframework.ui.Model,javax.servlet.http.HttpSession)
23:38:48.636 [main] DEBUG org.hibernate.validator.internal.engine.resolver.TraversableResolvers - Found javax.persistence.Persistence on classpath containing 'getPersistenceUtil'. Assuming JPA 2 environment. Trying to instantiate JPA aware TraversableResolver
23:38:48.637 [main] DEBUG org.hibernate.validator.internal.engine.resolver.TraversableResolvers - Instantiated JPA aware TraversableResolver of type org.hibernate.validator.internal.engine.resolver.JPATraversableResolver.
23:38:48.637 [main] DEBUG org.hibernate.validator.internal.engine.resolver.TraversableResolvers - Unable to load or instantiate JPA aware resolver org.hibernate.validator.internal.engine.resolver.JPATraversableResolver. All properties will per default be traversable.
23:38:48.637 [main] DEBUG org.hibernate.validator.messageinterpolation.ResourceBundleMessageInterpolator - Loaded expression factory via original TCCL
23:38:48.637 [main] DEBUG org.hibernate.validator.internal.engine.ConfigurationImpl - Setting custom MessageInterpolator of type org.springframework.validation.beanvalidation.LocaleContextMessageInterpolator
23:38:48.637 [main] DEBUG org.hibernate.validator.internal.engine.ConfigurationImpl - Setting custom ParameterNameProvider of type org.springframework.validation.beanvalidation.LocalValidatorFactoryBean$1
23:38:48.637 [main] DEBUG org.hibernate.validator.internal.xml.ValidationXmlParser - Trying to load META-INF/validation.xml for XML based Validator configuration.
23:38:48.638 [main] DEBUG org.hibernate.validator.internal.xml.ResourceLoaderHelper - Trying to load META-INF/validation.xml via TCCL
23:38:48.638 [main] DEBUG org.hibernate.validator.internal.xml.ResourceLoaderHelper - Trying to load META-INF/validation.xml via Hibernate Validator's class loader
23:38:48.638 [main] DEBUG org.hibernate.validator.internal.xml.ValidationXmlParser - No META-INF/validation.xml found. Using annotation based configuration only.
23:38:48.642 [main] DEBUG org.hibernate.validator.internal.engine.ValidatorFactoryImpl - HV000234: Using org.springframework.validation.beanvalidation.LocaleContextMessageInterpolator as ValidatorFactory-scoped message interpolator.
23:38:48.642 [main] DEBUG org.hibernate.validator.internal.engine.ValidatorFactoryImpl - HV000234: Using org.hibernate.validator.internal.engine.resolver.TraverseAllTraversableResolver as ValidatorFactory-scoped traversable resolver.
23:38:48.642 [main] DEBUG org.hibernate.validator.internal.engine.ValidatorFactoryImpl - HV000234: Using org.hibernate.validator.internal.util.ExecutableParameterNameProvider as ValidatorFactory-scoped parameter name provider.
23:38:48.642 [main] DEBUG org.hibernate.validator.internal.engine.ValidatorFactoryImpl - HV000234: Using org.hibernate.validator.internal.engine.DefaultClockProvider as ValidatorFactory-scoped clock provider.
23:38:48.642 [main] DEBUG org.hibernate.validator.internal.engine.ValidatorFactoryImpl - HV000234: Using org.hibernate.validator.internal.engine.scripting.DefaultScriptEvaluatorFactory as ValidatorFactory-scoped script evaluator factory.
23:38:48.644 [main] INFO org.springframework.web.servlet.mvc.method.annotation.RequestMappingHandlerAdapter - Looking for @ControllerAdvice: org.springframework.test.web.servlet.setup.StubWebApplicationContext@1107df15
23:38:48.648 [main] DEBUG org.springframework.web.servlet.mvc.method.annotation.ExceptionHandlerExceptionResolver - Looking for exception mappings: org.springframework.test.web.servlet.setup.StubWebApplicationContext@1107df15
23:38:48.648 [main] DEBUG org.springframework.test.web.servlet.TestDispatcherServlet - Initializing servlet ''
23:38:48.648 [main] INFO org.springframework.mock.web.MockServletContext - Initializing Spring FrameworkServlet ''
23:38:48.648 [main] INFO org.springframework.test.web.servlet.TestDispatcherServlet - FrameworkServlet '': initialization started
23:38:48.649 [main] DEBUG org.springframework.test.web.servlet.TestDispatcherServlet - Unable to locate MultipartResolver with name 'multipartResolver': no multipart request handling provided
23:38:48.649 [main] DEBUG org.springframework.test.web.servlet.TestDispatcherServlet - Using LocaleResolver [org.springframework.web.servlet.i18n.AcceptHeaderLocaleResolver@3c042ee3]
23:38:48.649 [main] DEBUG org.springframework.test.web.servlet.TestDispatcherServlet - Using ThemeResolver [org.springframework.web.servlet.theme.FixedThemeResolver@3b0f98c6]
23:38:48.649 [main] DEBUG org.springframework.test.web.servlet.TestDispatcherServlet - Using RequestToViewNameTranslator [org.springframework.web.servlet.view.DefaultRequestToViewNameTranslator@438237b8]
23:38:48.649 [main] DEBUG org.springframework.test.web.servlet.TestDispatcherServlet - Using FlashMapManager [org.springframework.web.servlet.support.SessionFlashMapManager@378d9ea0]
23:38:48.649 [main] DEBUG org.springframework.test.web.servlet.TestDispatcherServlet - Published WebApplicationContext of servlet '' as ServletContext attribute with name [org.springframework.web.servlet.FrameworkServlet.CONTEXT.]
23:38:48.649 [main] INFO org.springframework.test.web.servlet.TestDispatcherServlet - FrameworkServlet '': initialization completed in 1 ms
23:38:48.649 [main] DEBUG org.springframework.test.web.servlet.TestDispatcherServlet - Servlet '' configured successfully
23:38:48.681 [main] DEBUG org.springframework.web.servlet.support.SessionFlashMapManager - Saving FlashMap=FlashMap [attributes={journal=Journal(journalid=42, journalName=Test Journal, content=Lorem Ipsum, username=user, date=1528493928649, isShared=false, images=null)}, targetRequestPath=null, targetRequestParams={}]
23:38:48.681 [main] DEBUG org.springframework.test.web.servlet.TestDispatcherServlet - DispatcherServlet with name '' processing POST request for [/journal/create]
23:38:48.681 [main] DEBUG org.springframework.web.servlet.support.SessionFlashMapManager - Retrieved FlashMap(s): [FlashMap [attributes={journal=Journal(journalid=42, journalName=Test Journal, content=Lorem Ipsum, username=user, date=1528493928649, isShared=false, images=null)}, targetRequestPath=null, targetRequestParams={}]]
23:38:48.681 [main] DEBUG org.springframework.web.servlet.support.SessionFlashMapManager - Found matching FlashMap(s): [FlashMap [attributes={journal=Journal(journalid=42, journalName=Test Journal, content=Lorem Ipsum, username=user, date=1528493928649, isShared=false, images=null)}, targetRequestPath=null, targetRequestParams={}]]
23:38:48.682 [main] DEBUG org.springframework.web.servlet.support.SessionFlashMapManager - Removing FlashMap(s): [FlashMap [attributes={journal=Journal(journalid=42, journalName=Test Journal, content=Lorem Ipsum, username=user, date=1528493928649, isShared=false, images=null)}, targetRequestPath=null, targetRequestParams={}]]
23:38:48.682 [main] DEBUG org.springframework.web.servlet.mvc.method.annotation.RequestMappingHandlerMapping - Looking up handler method for path /journal/create
23:38:48.682 [main] DEBUG org.springframework.web.servlet.mvc.method.annotation.RequestMappingHandlerMapping - Returning handler method [public java.lang.String de.dhbw.softwareengineering.digitaljournal.controller.JournalController.createJournal(de.dhbw.softwareengineering.digitaljournal.domain.Journal,javax.servlet.http.HttpSession,org.springframework.validation.BindingResult,org.springframework.ui.Model,java.security.Principal)]
23:38:48.685 [main] DEBUG org.springframework.core.annotation.AnnotationUtils - Failed to meta-introspect annotation interface javax.validation.Valid: java.lang.NullPointerException
23:38:48.685 [main] DEBUG org.springframework.core.annotation.AnnotationUtils - Failed to meta-introspect annotation class com.sun.proxy.$Proxy20: java.lang.NoSuchMethodException: javax.validation.Valid.value()
23:38:48.715 [main] DEBUG org.springframework.web.servlet.mvc.method.annotation.ExceptionHandlerExceptionResolver - Resolving exception from handler [public java.lang.String de.dhbw.softwareengineering.digitaljournal.controller.JournalController.createJournal(de.dhbw.softwareengineering.digitaljournal.domain.Journal,javax.servlet.http.HttpSession,org.springframework.validation.BindingResult,org.springframework.ui.Model,java.security.Principal)]: java.lang.NullPointerException
23:38:48.719 [main] DEBUG org.springframework.web.servlet.mvc.annotation.ResponseStatusExceptionResolver - Resolving exception from handler [public java.lang.String de.dhbw.softwareengineering.digitaljournal.controller.JournalController.createJournal(de.dhbw.softwareengineering.digitaljournal.domain.Journal,javax.servlet.http.HttpSession,org.springframework.validation.BindingResult,org.springframework.ui.Model,java.security.Principal)]: java.lang.NullPointerException
23:38:48.720 [main] DEBUG org.springframework.web.servlet.mvc.support.DefaultHandlerExceptionResolver - Resolving exception from handler [public java.lang.String de.dhbw.softwareengineering.digitaljournal.controller.JournalController.createJournal(de.dhbw.softwareengineering.digitaljournal.domain.Journal,javax.servlet.http.HttpSession,org.springframework.validation.BindingResult,org.springframework.ui.Model,java.security.Principal)]: java.lang.NullPointerException
23:38:48.725 [main] DEBUG org.springframework.test.web.servlet.TestDispatcherServlet - Could not complete request
java.lang.NullPointerException: null
	at de.dhbw.softwareengineering.digitaljournal.controller.JournalController.createJournal(JournalController.java:110)
	at sun.reflect.NativeMethodAccessorImpl.invoke0(Native Method)
	at sun.reflect.NativeMethodAccessorImpl.invoke(NativeMethodAccessorImpl.java:62)
	at sun.reflect.DelegatingMethodAccessorImpl.invoke(DelegatingMethodAccessorImpl.java:43)
	at java.lang.reflect.Method.invoke(Method.java:498)
	at org.springframework.web.method.support.InvocableHandlerMethod.doInvoke(InvocableHandlerMethod.java:209)
	at org.springframework.web.method.support.InvocableHandlerMethod.invokeForRequest(InvocableHandlerMethod.java:136)
	at org.springframework.web.servlet.mvc.method.annotation.ServletInvocableHandlerMethod.invokeAndHandle(ServletInvocableHandlerMethod.java:102)
	at org.springframework.web.servlet.mvc.method.annotation.RequestMappingHandlerAdapter.invokeHandlerMethod(RequestMappingHandlerAdapter.java:877)
	at org.springframework.web.servlet.mvc.method.annotation.RequestMappingHandlerAdapter.handleInternal(RequestMappingHandlerAdapter.java:783)
	at org.springframework.web.servlet.mvc.method.AbstractHandlerMethodAdapter.handle(AbstractHandlerMethodAdapter.java:87)
	at org.springframework.web.servlet.DispatcherServlet.doDispatch(DispatcherServlet.java:991)
	at org.springframework.web.servlet.DispatcherServlet.doService(DispatcherServlet.java:925)
	at org.springframework.web.servlet.FrameworkServlet.processRequest(FrameworkServlet.java:974)
	at org.springframework.web.servlet.FrameworkServlet.doPost(FrameworkServlet.java:877)
	at javax.servlet.http.HttpServlet.service(HttpServlet.java:661)
	at org.springframework.web.servlet.FrameworkServlet.service(FrameworkServlet.java:851)
	at org.springframework.test.web.servlet.TestDispatcherServlet.service(TestDispatcherServlet.java:68)
	at javax.servlet.http.HttpServlet.service(HttpServlet.java:742)
	at org.springframework.mock.web.MockFilterChain$ServletFilterProxy.doFilter(MockFilterChain.java:166)
	at org.springframework.mock.web.MockFilterChain.doFilter(MockFilterChain.java:133)
	at org.springframework.test.web.servlet.MockMvc.perform(MockMvc.java:165)
	at de.dhbw.softwareengineering.digitaljournal.controller.JournalControllerTest.create(JournalControllerTest.java:63)
	at sun.reflect.NativeMethodAccessorImpl.invoke0(Native Method)
	at sun.reflect.NativeMethodAccessorImpl.invoke(NativeMethodAccessorImpl.java:62)
	at sun.reflect.DelegatingMethodAccessorImpl.invoke(DelegatingMethodAccessorImpl.java:43)
	at java.lang.reflect.Method.invoke(Method.java:498)
	at org.junit.runners.model.FrameworkMethod$1.runReflectiveCall(FrameworkMethod.java:50)
	at org.junit.internal.runners.model.ReflectiveCallable.run(ReflectiveCallable.java:12)
	at org.junit.runners.model.FrameworkMethod.invokeExplosively(FrameworkMethod.java:47)
	at org.junit.internal.runners.statements.InvokeMethod.evaluate(InvokeMethod.java:17)
	at org.junit.internal.runners.statements.RunBefores.evaluate(RunBefores.java:26)
	at org.junit.runners.ParentRunner.runLeaf(ParentRunner.java:325)
	at org.junit.runners.BlockJUnit4ClassRunner.runChild(BlockJUnit4ClassRunner.java:78)
	at org.junit.runners.BlockJUnit4ClassRunner.runChild(BlockJUnit4ClassRunner.java:57)
	at org.junit.runners.ParentRunner$3.run(ParentRunner.java:290)
	at org.junit.runners.ParentRunner$1.schedule(ParentRunner.java:71)
	at org.junit.runners.ParentRunner.runChildren(ParentRunner.java:288)
	at org.junit.runners.ParentRunner.access$000(ParentRunner.java:58)
	at org.junit.runners.ParentRunner$2.evaluate(ParentRunner.java:268)
	at org.junit.runners.ParentRunner.run(ParentRunner.java:363)
	at org.apache.maven.surefire.junit4.JUnit4Provider.execute(JUnit4Provider.java:365)
	at org.apache.maven.surefire.junit4.JUnit4Provider.executeWithRerun(JUnit4Provider.java:273)
	at org.apache.maven.surefire.junit4.JUnit4Provider.executeTestSet(JUnit4Provider.java:238)
	at org.apache.maven.surefire.junit4.JUnit4Provider.invoke(JUnit4Provider.java:159)
	at org.apache.maven.surefire.booter.ForkedBooter.invokeProviderInSameClassLoader(ForkedBooter.java:379)
	at org.apache.maven.surefire.booter.ForkedBooter.runSuitesInProcess(ForkedBooter.java:340)
	at org.apache.maven.surefire.booter.ForkedBooter.execute(ForkedBooter.java:125)
	at org.apache.maven.surefire.booter.ForkedBooter.main(ForkedBooter.java:413)
]]></system-out>
  </testcase>
  <testcase name="delete" classname="de.dhbw.softwareengineering.digitaljournal.controller.JournalControllerTest" time="0.047"/>
  <testcase name="edit" classname="de.dhbw.softwareengineering.digitaljournal.controller.JournalControllerTest" time="0.07"/>
  <testcase name="root" classname="de.dhbw.softwareengineering.digitaljournal.controller.JournalControllerTest" time="0.152"/>
</testsuite>