<?xml version="1.0" encoding="UTF-8"?>
<!-- Generated by org.testng.reporters.JUnitReportReporter -->
<testsuite skipped="0" hostname="cyclone1" name="org.fluentlenium.e2e.test.DuckDuckGoTest" tests="1" failures="0" timestamp="05 Jun 2018 21:04:13 GMT" time="0.087" errors="1">
  <testcase name="titleOfDuckDuckGoShouldContainSearchQueryName" time="0.087" classname="org.fluentlenium.e2e.test.DuckDuckGoTest">
    <error type="java.lang.NullPointerException">
      <![CDATA[java.lang.NullPointerException
at org.fluentlenium.adapter.FluentAdapter.goTo(FluentAdapter.java:52)
at org.fluentlenium.e2e.test.DuckDuckGoTest.titleOfDuckDuckGoShouldContainSearchQueryName(DuckDuckGoTest.java:14)
at sun.reflect.NativeMethodAccessorImpl.invoke0(Native Method)
at sun.reflect.NativeMethodAccessorImpl.invoke(NativeMethodAccessorImpl.java:62)
at sun.reflect.DelegatingMethodAccessorImpl.invoke(DelegatingMethodAccessorImpl.java:43)
at java.lang.reflect.Method.invoke(Method.java:498)
at org.testng.internal.MethodInvocationHelper.invokeMethod(MethodInvocationHelper.java:124)
at org.testng.internal.Invoker.invokeMethod(Invoker.java:580)
at org.testng.internal.Invoker.invokeTestMethod(Invoker.java:716)
at org.testng.internal.Invoker.invokeTestMethods(Invoker.java:988)
at org.testng.internal.TestMethodWorker.invokeTestMethods(TestMethodWorker.java:125)
at org.testng.internal.TestMethodWorker.run(TestMethodWorker.java:109)
at java.util.concurrent.ThreadPoolExecutor.runWorker(ThreadPoolExecutor.java:1142)
at java.util.concurrent.ThreadPoolExecutor$Worker.run(ThreadPoolExecutor.java:617)
at java.lang.Thread.run(Thread.java:745)
]]>
    </error>
  </testcase> <!-- titleOfDuckDuckGoShouldContainSearchQueryName -->
</testsuite> <!-- org.fluentlenium.e2e.test.DuckDuckGoTest -->
