<?xml version="1.0" encoding="UTF-8"?>
<testsuite xmlns:xsi="http://www.w3.org/2001/XMLSchema-instance" xsi:noNamespaceSchemaLocation="https://maven.apache.org/surefire/maven-surefire-plugin/xsd/surefire-test-report.xsd" name="de.zalando.ep.zalenium.servlet.ZaleniumConsoleServletTest" time="1.477" tests="3" errors="0" skipped="0" failures="0">
  <properties>
    <property name="awt.toolkit" value="sun.awt.X11.XToolkit"/>
    <property name="file.encoding.pkg" value="sun.io"/>
    <property name="java.specification.version" value="1.8"/>
    <property name="sun.cpu.isalist" value=""/>
    <property name="sun.jnu.encoding" value="UTF-8"/>
    <property name="java.class.path" value="/root/workspace/zalando/zalenium/389454726/target/test-classes:/root/workspace/zalando/zalenium/389454726/target/classes:/root/./workspace/zalando/zalenium/389454726/.m2/org/aspectj/aspectjrt/1.8.13/aspectjrt-1.8.13.jar:/root/./workspace/zalando/zalenium/389454726/.m2/org/seleniumhq/selenium/selenium-server/3.12.0/selenium-server-3.12.0.jar:/root/./workspace/zalando/zalenium/389454726/.m2/org/seleniumhq/selenium/selenium-java/3.12.0/selenium-java-3.12.0.jar:/root/./workspace/zalando/zalenium/389454726/.m2/org/seleniumhq/selenium/selenium-api/3.12.0/selenium-api-3.12.0.jar:/root/./workspace/zalando/zalenium/389454726/.m2/org/seleniumhq/selenium/selenium-chrome-driver/3.12.0/selenium-chrome-driver-3.12.0.jar:/root/./workspace/zalando/zalenium/389454726/.m2/org/seleniumhq/selenium/selenium-edge-driver/3.12.0/selenium-edge-driver-3.12.0.jar:/root/./workspace/zalando/zalenium/389454726/.m2/org/seleniumhq/selenium/selenium-firefox-driver/3.12.0/selenium-firefox-driver-3.12.0.jar:/root/./workspace/zalando/zalenium/389454726/.m2/org/seleniumhq/selenium/selenium-ie-driver/3.12.0/selenium-ie-driver-3.12.0.jar:/root/./workspace/zalando/zalenium/389454726/.m2/org/seleniumhq/selenium/selenium-opera-driver/3.12.0/selenium-opera-driver-3.12.0.jar:/root/./workspace/zalando/zalenium/389454726/.m2/org/seleniumhq/selenium/selenium-remote-driver/3.12.0/selenium-remote-driver-3.12.0.jar:/root/./workspace/zalando/zalenium/389454726/.m2/org/seleniumhq/selenium/selenium-safari-driver/3.12.0/selenium-safari-driver-3.12.0.jar:/root/./workspace/zalando/zalenium/389454726/.m2/org/seleniumhq/selenium/selenium-support/3.12.0/selenium-support-3.12.0.jar:/root/./workspace/zalando/zalenium/389454726/.m2/com/beust/jcommander/1.72/jcommander-1.72.jar:/root/./workspace/zalando/zalenium/389454726/.m2/net/bytebuddy/byte-buddy/1.8.3/byte-buddy-1.8.3.jar:/root/./workspace/zalando/zalenium/389454726/.m2/org/apache/commons/commons-exec/1.3/commons-exec-1.3.jar:/root/./workspace/zalando/zalenium/389454726/.m2/org/apache/commons/commons-lang3/3.7/commons-lang3-3.7.jar:/root/./workspace/zalando/zalenium/389454726/.m2/org/apache/commons/commons-text/1.1/commons-text-1.1.jar:/root/./workspace/zalando/zalenium/389454726/.m2/commons-codec/commons-codec/1.10/commons-codec-1.10.jar:/root/./workspace/zalando/zalenium/389454726/.m2/commons-io/commons-io/2.6/commons-io-2.6.jar:/root/./workspace/zalando/zalenium/389454726/.m2/commons-logging/commons-logging/1.2/commons-logging-1.2.jar:/root/./workspace/zalando/zalenium/389454726/.m2/commons-net/commons-net/3.6/commons-net-3.6.jar:/root/./workspace/zalando/zalenium/389454726/.m2/org/w3c/css/sac/1.3/sac-1.3.jar:/root/./workspace/zalando/zalenium/389454726/.m2/net/sourceforge/cssparser/cssparser/0.9.24/cssparser-0.9.24.jar:/root/./workspace/zalando/zalenium/389454726/.m2/com/google/code/gson/gson/2.8.2/gson-2.8.2.jar:/root/./workspace/zalando/zalenium/389454726/.m2/com/google/guava/guava/23.6-jre/guava-23.6-jre.jar:/root/./workspace/zalando/zalenium/389454726/.m2/com/google/code/findbugs/jsr305/1.3.9/jsr305-1.3.9.jar:/root/./workspace/zalando/zalenium/389454726/.m2/org/checkerframework/checker-compat-qual/2.0.0/checker-compat-qual-2.0.0.jar:/root/./workspace/zalando/zalenium/389454726/.m2/com/google/errorprone/error_prone_annotations/2.1.3/error_prone_annotations-2.1.3.jar:/root/./workspace/zalando/zalenium/389454726/.m2/com/google/j2objc/j2objc-annotations/1.1/j2objc-annotations-1.1.jar:/root/./workspace/zalando/zalenium/389454726/.m2/org/codehaus/mojo/animal-sniffer-annotations/1.14/animal-sniffer-annotations-1.14.jar:/root/./workspace/zalando/zalenium/389454726/.m2/net/sourceforge/htmlunit/htmlunit/2.29/htmlunit-2.29.jar:/root/./workspace/zalando/zalenium/389454726/.m2/net/sourceforge/htmlunit/htmlunit-core-js/2.28/htmlunit-core-js-2.28.jar:/root/./workspace/zalando/zalenium/389454726/.m2/net/sourceforge/htmlunit/neko-htmlunit/2.28/neko-htmlunit-2.28.jar:/root/./workspace/zalando/zalenium/389454726/.m2/org/apache/httpcomponents/httpclient/4.5.3/httpclient-4.5.3.jar:/root/./workspace/zalando/zalenium/389454726/.m2/org/apache/httpcomponents/httpcore/4.4.6/httpcore-4.4.6.jar:/root/./workspace/zalando/zalenium/389454726/.m2/org/apache/httpcomponents/httpmime/4.5.3/httpmime-4.5.3.jar:/root/./workspace/zalando/zalenium/389454726/.m2/net/jcip/jcip-annotations/1.0/jcip-annotations-1.0.jar:/root/./workspace/zalando/zalenium/389454726/.m2/org/seleniumhq/selenium/jetty-repacked/9.4.7.v20171121/jetty-repacked-9.4.7.v20171121.jar:/root/./workspace/zalando/zalenium/389454726/.m2/org/eclipse/jetty/jetty-client/9.4.7.v20170914/jetty-client-9.4.7.v20170914.jar:/root/./workspace/zalando/zalenium/389454726/.m2/org/eclipse/jetty/jetty-http/9.4.8.v20171121/jetty-http-9.4.8.v20171121.jar:/root/./workspace/zalando/zalenium/389454726/.m2/org/eclipse/jetty/jetty-io/9.4.8.v20171121/jetty-io-9.4.8.v20171121.jar:/root/./workspace/zalando/zalenium/389454726/.m2/org/eclipse/jetty/jetty-util/9.4.8.v20171121/jetty-util-9.4.8.v20171121.jar:/root/./workspace/zalando/zalenium/389454726/.m2/org/eclipse/jetty/jetty-xml/9.4.7.v20170914/jetty-xml-9.4.7.v20170914.jar:/root/./workspace/zalando/zalenium/389454726/.m2/com/squareup/okhttp3/okhttp/3.9.1/okhttp-3.9.1.jar:/root/./workspace/zalando/zalenium/389454726/.m2/com/squareup/okio/okio/1.13.0/okio-1.13.0.jar:/root/./workspace/zalando/zalenium/389454726/.m2/org/seleniumhq/selenium/htmlunit-driver/2.29.0/htmlunit-driver-2.29.0.jar:/root/./workspace/zalando/zalenium/389454726/.m2/javax/servlet/javax.servlet-api/3.1.0/javax.servlet-api-3.1.0.jar:/root/./workspace/zalando/zalenium/389454726/.m2/org/eclipse/jetty/websocket/websocket-api/9.4.7.v20170914/websocket-api-9.4.7.v20170914.jar:/root/./workspace/zalando/zalenium/389454726/.m2/org/eclipse/jetty/websocket/websocket-client/9.4.7.v20170914/websocket-client-9.4.7.v20170914.jar:/root/./workspace/zalando/zalenium/389454726/.m2/org/eclipse/jetty/websocket/websocket-common/9.4.7.v20170914/websocket-common-9.4.7.v20170914.jar:/root/./workspace/zalando/zalenium/389454726/.m2/xalan/serializer/2.7.2/serializer-2.7.2.jar:/root/./workspace/zalando/zalenium/389454726/.m2/xalan/xalan/2.7.2/xalan-2.7.2.jar:/root/./workspace/zalando/zalenium/389454726/.m2/xerces/xercesImpl/2.11.0/xercesImpl-2.11.0.jar:/root/./workspace/zalando/zalenium/389454726/.m2/xml-apis/xml-apis/1.4.01/xml-apis-1.4.01.jar:/root/./workspace/zalando/zalenium/389454726/.m2/org/yaml/snakeyaml/1.19/snakeyaml-1.19.jar:/root/./workspace/zalando/zalenium/389454726/.m2/com/spotify/docker-client/8.11.2/docker-client-8.11.2.jar:/root/./workspace/zalando/zalenium/389454726/.m2/com/fasterxml/jackson/jaxrs/jackson-jaxrs-json-provider/2.9.4/jackson-jaxrs-json-provider-2.9.4.jar:/root/./workspace/zalando/zalenium/389454726/.m2/com/fasterxml/jackson/jaxrs/jackson-jaxrs-base/2.9.4/jackson-jaxrs-base-2.9.4.jar:/root/./workspace/zalando/zalenium/389454726/.m2/com/fasterxml/jackson/module/jackson-module-jaxb-annotations/2.9.4/jackson-module-jaxb-annotations-2.9.4.jar:/root/./workspace/zalando/zalenium/389454726/.m2/com/fasterxml/jackson/datatype/jackson-datatype-guava/2.9.4/jackson-datatype-guava-2.9.4.jar:/root/./workspace/zalando/zalenium/389454726/.m2/com/fasterxml/jackson/core/jackson-core/2.9.4/jackson-core-2.9.4.jar:/root/./workspace/zalando/zalenium/389454726/.m2/com/fasterxml/jackson/core/jackson-databind/2.9.4/jackson-databind-2.9.4.jar:/root/./workspace/zalando/zalenium/389454726/.m2/com/fasterxml/jackson/core/jackson-annotations/2.9.0/jackson-annotations-2.9.0.jar:/root/./workspace/zalando/zalenium/389454726/.m2/org/glassfish/jersey/core/jersey-client/2.22.2/jersey-client-2.22.2.jar:/root/./workspace/zalando/zalenium/389454726/.m2/javax/ws/rs/javax.ws.rs-api/2.0.1/javax.ws.rs-api-2.0.1.jar:/root/./workspace/zalando/zalenium/389454726/.m2/org/glassfish/jersey/core/jersey-common/2.22.2/jersey-common-2.22.2.jar:/root/./workspace/zalando/zalenium/389454726/.m2/javax/annotation/javax.annotation-api/1.2/javax.annotation-api-1.2.jar:/root/./workspace/zalando/zalenium/389454726/.m2/org/glassfish/jersey/bundles/repackaged/jersey-guava/2.22.2/jersey-guava-2.22.2.jar:/root/./workspace/zalando/zalenium/389454726/.m2/org/glassfish/hk2/osgi-resource-locator/1.0.1/osgi-resource-locator-1.0.1.jar:/root/./workspace/zalando/zalenium/389454726/.m2/org/glassfish/hk2/hk2-api/2.4.0-b34/hk2-api-2.4.0-b34.jar:/root/./workspace/zalando/zalenium/389454726/.m2/org/glassfish/hk2/hk2-utils/2.4.0-b34/hk2-utils-2.4.0-b34.jar:/root/./workspace/zalando/zalenium/389454726/.m2/org/glassfish/hk2/external/aopalliance-repackaged/2.4.0-b34/aopalliance-repackaged-2.4.0-b34.jar:/root/./workspace/zalando/zalenium/389454726/.m2/org/glassfish/hk2/external/javax.inject/2.4.0-b34/javax.inject-2.4.0-b34.jar:/root/./workspace/zalando/zalenium/389454726/.m2/org/glassfish/hk2/hk2-locator/2.4.0-b34/hk2-locator-2.4.0-b34.jar:/root/./workspace/zalando/zalenium/389454726/.m2/org/javassist/javassist/3.18.1-GA/javassist-3.18.1-GA.jar:/root/./workspace/zalando/zalenium/389454726/.m2/org/glassfish/jersey/connectors/jersey-apache-connector/2.22.2/jersey-apache-connector-2.22.2.jar:/root/./workspace/zalando/zalenium/389454726/.m2/org/glassfish/jersey/media/jersey-media-json-jackson/2.22.2/jersey-media-json-jackson-2.22.2.jar:/root/./workspace/zalando/zalenium/389454726/.m2/org/glassfish/jersey/ext/jersey-entity-filtering/2.22.2/jersey-entity-filtering-2.22.2.jar:/root/./workspace/zalando/zalenium/389454726/.m2/org/apache/commons/commons-compress/1.9/commons-compress-1.9.jar:/root/./workspace/zalando/zalenium/389454726/.m2/com/github/jnr/jnr-unixsocket/0.18/jnr-unixsocket-0.18.jar:/root/./workspace/zalando/zalenium/389454726/.m2/com/github/jnr/jnr-ffi/2.1.4/jnr-ffi-2.1.4.jar:/root/./workspace/zalando/zalenium/389454726/.m2/com/github/jnr/jffi/1.2.15/jffi-1.2.15.jar:/root/./workspace/zalando/zalenium/389454726/.m2/com/github/jnr/jffi/1.2.15/jffi-1.2.15-native.jar:/root/./workspace/zalando/zalenium/389454726/.m2/org/ow2/asm/asm/5.0.3/asm-5.0.3.jar:/root/./workspace/zalando/zalenium/389454726/.m2/org/ow2/asm/asm-commons/5.0.3/asm-commons-5.0.3.jar:/root/./workspace/zalando/zalenium/389454726/.m2/org/ow2/asm/asm-analysis/5.0.3/asm-analysis-5.0.3.jar:/root/./workspace/zalando/zalenium/389454726/.m2/org/ow2/asm/asm-tree/5.0.3/asm-tree-5.0.3.jar:/root/./workspace/zalando/zalenium/389454726/.m2/org/ow2/asm/asm-util/5.0.3/asm-util-5.0.3.jar:/root/./workspace/zalando/zalenium/389454726/.m2/com/github/jnr/jnr-x86asm/1.0.2/jnr-x86asm-1.0.2.jar:/root/./workspace/zalando/zalenium/389454726/.m2/com/github/jnr/jnr-constants/0.9.8/jnr-constants-0.9.8.jar:/root/./workspace/zalando/zalenium/389454726/.m2/com/github/jnr/jnr-enxio/0.16/jnr-enxio-0.16.jar:/root/./workspace/zalando/zalenium/389454726/.m2/com/github/jnr/jnr-posix/3.0.35/jnr-posix-3.0.35.jar:/root/./workspace/zalando/zalenium/389454726/.m2/commons-lang/commons-lang/2.6/commons-lang-2.6.jar:/root/./workspace/zalando/zalenium/389454726/.m2/org/bouncycastle/bcpkix-jdk15on/1.59/bcpkix-jdk15on-1.59.jar:/root/./workspace/zalando/zalenium/389454726/.m2/org/bouncycastle/bcprov-jdk15on/1.59/bcprov-jdk15on-1.59.jar:/root/./workspace/zalando/zalenium/389454726/.m2/io/fabric8/openshift-client/3.1.11/openshift-client-3.1.11.jar:/root/./workspace/zalando/zalenium/389454726/.m2/io/fabric8/kubernetes-client/3.1.11/kubernetes-client-3.1.11.jar:/root/./workspace/zalando/zalenium/389454726/.m2/io/fabric8/kubernetes-model/2.0.9/kubernetes-model-2.0.9.jar:/root/./workspace/zalando/zalenium/389454726/.m2/javax/validation/validation-api/1.1.0.Final/validation-api-1.1.0.Final.jar:/root/./workspace/zalando/zalenium/389454726/.m2/com/squareup/okhttp3/logging-interceptor/3.9.1/logging-interceptor-3.9.1.jar:/root/./workspace/zalando/zalenium/389454726/.m2/com/fasterxml/jackson/dataformat/jackson-dataformat-yaml/2.7.7/jackson-dataformat-yaml-2.7.7.jar:/root/./workspace/zalando/zalenium/389454726/.m2/io/fabric8/zjsonpatch/0.3.0/zjsonpatch-0.3.0.jar:/root/./workspace/zalando/zalenium/389454726/.m2/com/github/mifmif/generex/1.0.1/generex-1.0.1.jar:/root/./workspace/zalando/zalenium/389454726/.m2/dk/brics/automaton/automaton/1.11-8/automaton-1.11-8.jar:/root/./workspace/zalando/zalenium/389454726/.m2/ch/qos/logback/logback-core/1.2.3/logback-core-1.2.3.jar:/root/./workspace/zalando/zalenium/389454726/.m2/ch/qos/logback/logback-classic/1.2.3/logback-classic-1.2.3.jar:/root/./workspace/zalando/zalenium/389454726/.m2/org/slf4j/slf4j-api/1.7.25/slf4j-api-1.7.25.jar:/root/./workspace/zalando/zalenium/389454726/.m2/ch/qos/logback/logback-access/1.2.3/logback-access-1.2.3.jar:/root/./workspace/zalando/zalenium/389454726/.m2/org/slf4j/jul-to-slf4j/1.7.25/jul-to-slf4j-1.7.25.jar:/root/./workspace/zalando/zalenium/389454726/.m2/org/slf4j/slf4j-simple/1.7.25/slf4j-simple-1.7.25.jar:/root/./workspace/zalando/zalenium/389454726/.m2/net/logstash/logback/logstash-logback-encoder/5.1/logstash-logback-encoder-5.1.jar:/root/./workspace/zalando/zalenium/389454726/.m2/io/prometheus/simpleclient/0.3.0/simpleclient-0.3.0.jar:/root/./workspace/zalando/zalenium/389454726/.m2/io/prometheus/simpleclient_hotspot/0.3.0/simpleclient_hotspot-0.3.0.jar:/root/./workspace/zalando/zalenium/389454726/.m2/io/prometheus/simpleclient_servlet/0.3.0/simpleclient_servlet-0.3.0.jar:/root/./workspace/zalando/zalenium/389454726/.m2/io/prometheus/simpleclient_common/0.3.0/simpleclient_common-0.3.0.jar:/root/./workspace/zalando/zalenium/389454726/.m2/io/prometheus/simpleclient_jetty/0.3.0/simpleclient_jetty-0.3.0.jar:/root/./workspace/zalando/zalenium/389454726/.m2/org/eclipse/jetty/jetty-server/9.4.8.v20171121/jetty-server-9.4.8.v20171121.jar:/root/./workspace/zalando/zalenium/389454726/.m2/io/fabric8/openshift-server-mock/3.1.11/openshift-server-mock-3.1.11.jar:/root/./workspace/zalando/zalenium/389454726/.m2/io/fabric8/kubernetes-server-mock/3.1.11/kubernetes-server-mock-3.1.11.jar:/root/./workspace/zalando/zalenium/389454726/.m2/io/fabric8/mockwebserver/0.1.0/mockwebserver-0.1.0.jar:/root/./workspace/zalando/zalenium/389454726/.m2/com/squareup/okhttp3/mockwebserver/3.9.0/mockwebserver-3.9.0.jar:/root/./workspace/zalando/zalenium/389454726/.m2/io/sundr/builder-annotations/0.2.7/builder-annotations-0.2.7.jar:/root/./workspace/zalando/zalenium/389454726/.m2/io/sundr/sundr-core/0.2.7/sundr-core-0.2.7.jar:/root/./workspace/zalando/zalenium/389454726/.m2/io/sundr/sundr-codegen/0.2.7/sundr-codegen-0.2.7.jar:/root/./workspace/zalando/zalenium/389454726/.m2/org/apache/velocity/velocity/1.7/velocity-1.7.jar:/root/./workspace/zalando/zalenium/389454726/.m2/commons-collections/commons-collections/3.2.1/commons-collections-3.2.1.jar:/root/./workspace/zalando/zalenium/389454726/.m2/de/vandermeer/asciitable/0.3.2/asciitable-0.3.2.jar:/root/./workspace/zalando/zalenium/389454726/.m2/de/vandermeer/ascii-utf-themes/0.0.1/ascii-utf-themes-0.0.1.jar:/root/./workspace/zalando/zalenium/389454726/.m2/de/vandermeer/skb-interfaces/0.0.1/skb-interfaces-0.0.1.jar:/root/./workspace/zalando/zalenium/389454726/.m2/org/antlr/ST4/4.0.8/ST4-4.0.8.jar:/root/./workspace/zalando/zalenium/389454726/.m2/org/antlr/antlr-runtime/3.5.2/antlr-runtime-3.5.2.jar:/root/./workspace/zalando/zalenium/389454726/.m2/org/antlr/antlr4/4.5.1/antlr4-4.5.1.jar:/root/./workspace/zalando/zalenium/389454726/.m2/de/vandermeer/char-translation/0.0.2/char-translation-0.0.2.jar:/root/./workspace/zalando/zalenium/389454726/.m2/junit/junit/4.12/junit-4.12.jar:/root/./workspace/zalando/zalenium/389454726/.m2/org/hamcrest/hamcrest-core/1.3/hamcrest-core-1.3.jar:/root/./workspace/zalando/zalenium/389454726/.m2/org/mockito/mockito-core/2.18.3/mockito-core-2.18.3.jar:/root/./workspace/zalando/zalenium/389454726/.m2/net/bytebuddy/byte-buddy-agent/1.8.5/byte-buddy-agent-1.8.5.jar:/root/./workspace/zalando/zalenium/389454726/.m2/org/objenesis/objenesis/2.6/objenesis-2.6.jar:/root/./workspace/zalando/zalenium/389454726/.m2/org/testng/testng/6.14.3/testng-6.14.3.jar:/root/./workspace/zalando/zalenium/389454726/.m2/org/apache-extras/beanshell/bsh/2.0b6/bsh-2.0b6.jar:/root/./workspace/zalando/zalenium/389454726/.m2/org/awaitility/awaitility/3.1.0/awaitility-3.1.0.jar:/root/./workspace/zalando/zalenium/389454726/.m2/org/hamcrest/hamcrest-library/1.3/hamcrest-library-1.3.jar:/root/./workspace/zalando/zalenium/389454726/.m2/org/apache/maven/surefire/surefire-testng-utils/2.21.0/surefire-testng-utils-2.21.0.jar:/root/./workspace/zalando/zalenium/389454726/.m2/org/apache/maven/surefire/surefire-grouper/2.21.0/surefire-grouper-2.21.0.jar:"/>
    <property name="java.vm.vendor" value="Oracle Corporation"/>
    <property name="skip.bower" value="true"/>
    <property name="sun.arch.data.model" value="64"/>
    <property name="java.vendor.url" value="http://java.oracle.com/"/>
    <property name="user.timezone" value=""/>
    <property name="java.vm.specification.version" value="1.8"/>
    <property name="os.name" value="Linux"/>
    <property name="rat.skip" value="true"/>
    <property name="gpg.skip" value="true"/>
    <property name="sun.java.launcher" value="SUN_STANDARD"/>
    <property name="sun.boot.library.path" value="/usr/lib/jvm/java-8-openjdk-amd64/jre/lib/amd64"/>
    <property name="skip.gulp" value="true"/>
    <property name="sun.java.command" value="/root/workspace/zalando/zalenium/389454726/target/surefire/surefirebooter5889450684868547793.jar /root/workspace/zalando/zalenium/389454726/target/surefire 2018-06-08T00-44-14_895-jvmRun1 surefire1741393783974047799tmp surefire_04088438373234260906tmp"/>
    <property name="dependency-check.skip" value="true"/>
    <property name="surefire.test.class.path" value="/root/workspace/zalando/zalenium/389454726/target/test-classes:/root/workspace/zalando/zalenium/389454726/target/classes:/root/./workspace/zalando/zalenium/389454726/.m2/org/aspectj/aspectjrt/1.8.13/aspectjrt-1.8.13.jar:/root/./workspace/zalando/zalenium/389454726/.m2/org/seleniumhq/selenium/selenium-server/3.12.0/selenium-server-3.12.0.jar:/root/./workspace/zalando/zalenium/389454726/.m2/org/seleniumhq/selenium/selenium-java/3.12.0/selenium-java-3.12.0.jar:/root/./workspace/zalando/zalenium/389454726/.m2/org/seleniumhq/selenium/selenium-api/3.12.0/selenium-api-3.12.0.jar:/root/./workspace/zalando/zalenium/389454726/.m2/org/seleniumhq/selenium/selenium-chrome-driver/3.12.0/selenium-chrome-driver-3.12.0.jar:/root/./workspace/zalando/zalenium/389454726/.m2/org/seleniumhq/selenium/selenium-edge-driver/3.12.0/selenium-edge-driver-3.12.0.jar:/root/./workspace/zalando/zalenium/389454726/.m2/org/seleniumhq/selenium/selenium-firefox-driver/3.12.0/selenium-firefox-driver-3.12.0.jar:/root/./workspace/zalando/zalenium/389454726/.m2/org/seleniumhq/selenium/selenium-ie-driver/3.12.0/selenium-ie-driver-3.12.0.jar:/root/./workspace/zalando/zalenium/389454726/.m2/org/seleniumhq/selenium/selenium-opera-driver/3.12.0/selenium-opera-driver-3.12.0.jar:/root/./workspace/zalando/zalenium/389454726/.m2/org/seleniumhq/selenium/selenium-remote-driver/3.12.0/selenium-remote-driver-3.12.0.jar:/root/./workspace/zalando/zalenium/389454726/.m2/org/seleniumhq/selenium/selenium-safari-driver/3.12.0/selenium-safari-driver-3.12.0.jar:/root/./workspace/zalando/zalenium/389454726/.m2/org/seleniumhq/selenium/selenium-support/3.12.0/selenium-support-3.12.0.jar:/root/./workspace/zalando/zalenium/389454726/.m2/com/beust/jcommander/1.72/jcommander-1.72.jar:/root/./workspace/zalando/zalenium/389454726/.m2/net/bytebuddy/byte-buddy/1.8.3/byte-buddy-1.8.3.jar:/root/./workspace/zalando/zalenium/389454726/.m2/org/apache/commons/commons-exec/1.3/commons-exec-1.3.jar:/root/./workspace/zalando/zalenium/389454726/.m2/org/apache/commons/commons-lang3/3.7/commons-lang3-3.7.jar:/root/./workspace/zalando/zalenium/389454726/.m2/org/apache/commons/commons-text/1.1/commons-text-1.1.jar:/root/./workspace/zalando/zalenium/389454726/.m2/commons-codec/commons-codec/1.10/commons-codec-1.10.jar:/root/./workspace/zalando/zalenium/389454726/.m2/commons-io/commons-io/2.6/commons-io-2.6.jar:/root/./workspace/zalando/zalenium/389454726/.m2/commons-logging/commons-logging/1.2/commons-logging-1.2.jar:/root/./workspace/zalando/zalenium/389454726/.m2/commons-net/commons-net/3.6/commons-net-3.6.jar:/root/./workspace/zalando/zalenium/389454726/.m2/org/w3c/css/sac/1.3/sac-1.3.jar:/root/./workspace/zalando/zalenium/389454726/.m2/net/sourceforge/cssparser/cssparser/0.9.24/cssparser-0.9.24.jar:/root/./workspace/zalando/zalenium/389454726/.m2/com/google/code/gson/gson/2.8.2/gson-2.8.2.jar:/root/./workspace/zalando/zalenium/389454726/.m2/com/google/guava/guava/23.6-jre/guava-23.6-jre.jar:/root/./workspace/zalando/zalenium/389454726/.m2/com/google/code/findbugs/jsr305/1.3.9/jsr305-1.3.9.jar:/root/./workspace/zalando/zalenium/389454726/.m2/org/checkerframework/checker-compat-qual/2.0.0/checker-compat-qual-2.0.0.jar:/root/./workspace/zalando/zalenium/389454726/.m2/com/google/errorprone/error_prone_annotations/2.1.3/error_prone_annotations-2.1.3.jar:/root/./workspace/zalando/zalenium/389454726/.m2/com/google/j2objc/j2objc-annotations/1.1/j2objc-annotations-1.1.jar:/root/./workspace/zalando/zalenium/389454726/.m2/org/codehaus/mojo/animal-sniffer-annotations/1.14/animal-sniffer-annotations-1.14.jar:/root/./workspace/zalando/zalenium/389454726/.m2/net/sourceforge/htmlunit/htmlunit/2.29/htmlunit-2.29.jar:/root/./workspace/zalando/zalenium/389454726/.m2/net/sourceforge/htmlunit/htmlunit-core-js/2.28/htmlunit-core-js-2.28.jar:/root/./workspace/zalando/zalenium/389454726/.m2/net/sourceforge/htmlunit/neko-htmlunit/2.28/neko-htmlunit-2.28.jar:/root/./workspace/zalando/zalenium/389454726/.m2/org/apache/httpcomponents/httpclient/4.5.3/httpclient-4.5.3.jar:/root/./workspace/zalando/zalenium/389454726/.m2/org/apache/httpcomponents/httpcore/4.4.6/httpcore-4.4.6.jar:/root/./workspace/zalando/zalenium/389454726/.m2/org/apache/httpcomponents/httpmime/4.5.3/httpmime-4.5.3.jar:/root/./workspace/zalando/zalenium/389454726/.m2/net/jcip/jcip-annotations/1.0/jcip-annotations-1.0.jar:/root/./workspace/zalando/zalenium/389454726/.m2/org/seleniumhq/selenium/jetty-repacked/9.4.7.v20171121/jetty-repacked-9.4.7.v20171121.jar:/root/./workspace/zalando/zalenium/389454726/.m2/org/eclipse/jetty/jetty-client/9.4.7.v20170914/jetty-client-9.4.7.v20170914.jar:/root/./workspace/zalando/zalenium/389454726/.m2/org/eclipse/jetty/jetty-http/9.4.8.v20171121/jetty-http-9.4.8.v20171121.jar:/root/./workspace/zalando/zalenium/389454726/.m2/org/eclipse/jetty/jetty-io/9.4.8.v20171121/jetty-io-9.4.8.v20171121.jar:/root/./workspace/zalando/zalenium/389454726/.m2/org/eclipse/jetty/jetty-util/9.4.8.v20171121/jetty-util-9.4.8.v20171121.jar:/root/./workspace/zalando/zalenium/389454726/.m2/org/eclipse/jetty/jetty-xml/9.4.7.v20170914/jetty-xml-9.4.7.v20170914.jar:/root/./workspace/zalando/zalenium/389454726/.m2/com/squareup/okhttp3/okhttp/3.9.1/okhttp-3.9.1.jar:/root/./workspace/zalando/zalenium/389454726/.m2/com/squareup/okio/okio/1.13.0/okio-1.13.0.jar:/root/./workspace/zalando/zalenium/389454726/.m2/org/seleniumhq/selenium/htmlunit-driver/2.29.0/htmlunit-driver-2.29.0.jar:/root/./workspace/zalando/zalenium/389454726/.m2/javax/servlet/javax.servlet-api/3.1.0/javax.servlet-api-3.1.0.jar:/root/./workspace/zalando/zalenium/389454726/.m2/org/eclipse/jetty/websocket/websocket-api/9.4.7.v20170914/websocket-api-9.4.7.v20170914.jar:/root/./workspace/zalando/zalenium/389454726/.m2/org/eclipse/jetty/websocket/websocket-client/9.4.7.v20170914/websocket-client-9.4.7.v20170914.jar:/root/./workspace/zalando/zalenium/389454726/.m2/org/eclipse/jetty/websocket/websocket-common/9.4.7.v20170914/websocket-common-9.4.7.v20170914.jar:/root/./workspace/zalando/zalenium/389454726/.m2/xalan/serializer/2.7.2/serializer-2.7.2.jar:/root/./workspace/zalando/zalenium/389454726/.m2/xalan/xalan/2.7.2/xalan-2.7.2.jar:/root/./workspace/zalando/zalenium/389454726/.m2/xerces/xercesImpl/2.11.0/xercesImpl-2.11.0.jar:/root/./workspace/zalando/zalenium/389454726/.m2/xml-apis/xml-apis/1.4.01/xml-apis-1.4.01.jar:/root/./workspace/zalando/zalenium/389454726/.m2/org/yaml/snakeyaml/1.19/snakeyaml-1.19.jar:/root/./workspace/zalando/zalenium/389454726/.m2/com/spotify/docker-client/8.11.2/docker-client-8.11.2.jar:/root/./workspace/zalando/zalenium/389454726/.m2/com/fasterxml/jackson/jaxrs/jackson-jaxrs-json-provider/2.9.4/jackson-jaxrs-json-provider-2.9.4.jar:/root/./workspace/zalando/zalenium/389454726/.m2/com/fasterxml/jackson/jaxrs/jackson-jaxrs-base/2.9.4/jackson-jaxrs-base-2.9.4.jar:/root/./workspace/zalando/zalenium/389454726/.m2/com/fasterxml/jackson/module/jackson-module-jaxb-annotations/2.9.4/jackson-module-jaxb-annotations-2.9.4.jar:/root/./workspace/zalando/zalenium/389454726/.m2/com/fasterxml/jackson/datatype/jackson-datatype-guava/2.9.4/jackson-datatype-guava-2.9.4.jar:/root/./workspace/zalando/zalenium/389454726/.m2/com/fasterxml/jackson/core/jackson-core/2.9.4/jackson-core-2.9.4.jar:/root/./workspace/zalando/zalenium/389454726/.m2/com/fasterxml/jackson/core/jackson-databind/2.9.4/jackson-databind-2.9.4.jar:/root/./workspace/zalando/zalenium/389454726/.m2/com/fasterxml/jackson/core/jackson-annotations/2.9.0/jackson-annotations-2.9.0.jar:/root/./workspace/zalando/zalenium/389454726/.m2/org/glassfish/jersey/core/jersey-client/2.22.2/jersey-client-2.22.2.jar:/root/./workspace/zalando/zalenium/389454726/.m2/javax/ws/rs/javax.ws.rs-api/2.0.1/javax.ws.rs-api-2.0.1.jar:/root/./workspace/zalando/zalenium/389454726/.m2/org/glassfish/jersey/core/jersey-common/2.22.2/jersey-common-2.22.2.jar:/root/./workspace/zalando/zalenium/389454726/.m2/javax/annotation/javax.annotation-api/1.2/javax.annotation-api-1.2.jar:/root/./workspace/zalando/zalenium/389454726/.m2/org/glassfish/jersey/bundles/repackaged/jersey-guava/2.22.2/jersey-guava-2.22.2.jar:/root/./workspace/zalando/zalenium/389454726/.m2/org/glassfish/hk2/osgi-resource-locator/1.0.1/osgi-resource-locator-1.0.1.jar:/root/./workspace/zalando/zalenium/389454726/.m2/org/glassfish/hk2/hk2-api/2.4.0-b34/hk2-api-2.4.0-b34.jar:/root/./workspace/zalando/zalenium/389454726/.m2/org/glassfish/hk2/hk2-utils/2.4.0-b34/hk2-utils-2.4.0-b34.jar:/root/./workspace/zalando/zalenium/389454726/.m2/org/glassfish/hk2/external/aopalliance-repackaged/2.4.0-b34/aopalliance-repackaged-2.4.0-b34.jar:/root/./workspace/zalando/zalenium/389454726/.m2/org/glassfish/hk2/external/javax.inject/2.4.0-b34/javax.inject-2.4.0-b34.jar:/root/./workspace/zalando/zalenium/389454726/.m2/org/glassfish/hk2/hk2-locator/2.4.0-b34/hk2-locator-2.4.0-b34.jar:/root/./workspace/zalando/zalenium/389454726/.m2/org/javassist/javassist/3.18.1-GA/javassist-3.18.1-GA.jar:/root/./workspace/zalando/zalenium/389454726/.m2/org/glassfish/jersey/connectors/jersey-apache-connector/2.22.2/jersey-apache-connector-2.22.2.jar:/root/./workspace/zalando/zalenium/389454726/.m2/org/glassfish/jersey/media/jersey-media-json-jackson/2.22.2/jersey-media-json-jackson-2.22.2.jar:/root/./workspace/zalando/zalenium/389454726/.m2/org/glassfish/jersey/ext/jersey-entity-filtering/2.22.2/jersey-entity-filtering-2.22.2.jar:/root/./workspace/zalando/zalenium/389454726/.m2/org/apache/commons/commons-compress/1.9/commons-compress-1.9.jar:/root/./workspace/zalando/zalenium/389454726/.m2/com/github/jnr/jnr-unixsocket/0.18/jnr-unixsocket-0.18.jar:/root/./workspace/zalando/zalenium/389454726/.m2/com/github/jnr/jnr-ffi/2.1.4/jnr-ffi-2.1.4.jar:/root/./workspace/zalando/zalenium/389454726/.m2/com/github/jnr/jffi/1.2.15/jffi-1.2.15.jar:/root/./workspace/zalando/zalenium/389454726/.m2/com/github/jnr/jffi/1.2.15/jffi-1.2.15-native.jar:/root/./workspace/zalando/zalenium/389454726/.m2/org/ow2/asm/asm/5.0.3/asm-5.0.3.jar:/root/./workspace/zalando/zalenium/389454726/.m2/org/ow2/asm/asm-commons/5.0.3/asm-commons-5.0.3.jar:/root/./workspace/zalando/zalenium/389454726/.m2/org/ow2/asm/asm-analysis/5.0.3/asm-analysis-5.0.3.jar:/root/./workspace/zalando/zalenium/389454726/.m2/org/ow2/asm/asm-tree/5.0.3/asm-tree-5.0.3.jar:/root/./workspace/zalando/zalenium/389454726/.m2/org/ow2/asm/asm-util/5.0.3/asm-util-5.0.3.jar:/root/./workspace/zalando/zalenium/389454726/.m2/com/github/jnr/jnr-x86asm/1.0.2/jnr-x86asm-1.0.2.jar:/root/./workspace/zalando/zalenium/389454726/.m2/com/github/jnr/jnr-constants/0.9.8/jnr-constants-0.9.8.jar:/root/./workspace/zalando/zalenium/389454726/.m2/com/github/jnr/jnr-enxio/0.16/jnr-enxio-0.16.jar:/root/./workspace/zalando/zalenium/389454726/.m2/com/github/jnr/jnr-posix/3.0.35/jnr-posix-3.0.35.jar:/root/./workspace/zalando/zalenium/389454726/.m2/commons-lang/commons-lang/2.6/commons-lang-2.6.jar:/root/./workspace/zalando/zalenium/389454726/.m2/org/bouncycastle/bcpkix-jdk15on/1.59/bcpkix-jdk15on-1.59.jar:/root/./workspace/zalando/zalenium/389454726/.m2/org/bouncycastle/bcprov-jdk15on/1.59/bcprov-jdk15on-1.59.jar:/root/./workspace/zalando/zalenium/389454726/.m2/io/fabric8/openshift-client/3.1.11/openshift-client-3.1.11.jar:/root/./workspace/zalando/zalenium/389454726/.m2/io/fabric8/kubernetes-client/3.1.11/kubernetes-client-3.1.11.jar:/root/./workspace/zalando/zalenium/389454726/.m2/io/fabric8/kubernetes-model/2.0.9/kubernetes-model-2.0.9.jar:/root/./workspace/zalando/zalenium/389454726/.m2/javax/validation/validation-api/1.1.0.Final/validation-api-1.1.0.Final.jar:/root/./workspace/zalando/zalenium/389454726/.m2/com/squareup/okhttp3/logging-interceptor/3.9.1/logging-interceptor-3.9.1.jar:/root/./workspace/zalando/zalenium/389454726/.m2/com/fasterxml/jackson/dataformat/jackson-dataformat-yaml/2.7.7/jackson-dataformat-yaml-2.7.7.jar:/root/./workspace/zalando/zalenium/389454726/.m2/io/fabric8/zjsonpatch/0.3.0/zjsonpatch-0.3.0.jar:/root/./workspace/zalando/zalenium/389454726/.m2/com/github/mifmif/generex/1.0.1/generex-1.0.1.jar:/root/./workspace/zalando/zalenium/389454726/.m2/dk/brics/automaton/automaton/1.11-8/automaton-1.11-8.jar:/root/./workspace/zalando/zalenium/389454726/.m2/ch/qos/logback/logback-core/1.2.3/logback-core-1.2.3.jar:/root/./workspace/zalando/zalenium/389454726/.m2/ch/qos/logback/logback-classic/1.2.3/logback-classic-1.2.3.jar:/root/./workspace/zalando/zalenium/389454726/.m2/org/slf4j/slf4j-api/1.7.25/slf4j-api-1.7.25.jar:/root/./workspace/zalando/zalenium/389454726/.m2/ch/qos/logback/logback-access/1.2.3/logback-access-1.2.3.jar:/root/./workspace/zalando/zalenium/389454726/.m2/org/slf4j/jul-to-slf4j/1.7.25/jul-to-slf4j-1.7.25.jar:/root/./workspace/zalando/zalenium/389454726/.m2/org/slf4j/slf4j-simple/1.7.25/slf4j-simple-1.7.25.jar:/root/./workspace/zalando/zalenium/389454726/.m2/net/logstash/logback/logstash-logback-encoder/5.1/logstash-logback-encoder-5.1.jar:/root/./workspace/zalando/zalenium/389454726/.m2/io/prometheus/simpleclient/0.3.0/simpleclient-0.3.0.jar:/root/./workspace/zalando/zalenium/389454726/.m2/io/prometheus/simpleclient_hotspot/0.3.0/simpleclient_hotspot-0.3.0.jar:/root/./workspace/zalando/zalenium/389454726/.m2/io/prometheus/simpleclient_servlet/0.3.0/simpleclient_servlet-0.3.0.jar:/root/./workspace/zalando/zalenium/389454726/.m2/io/prometheus/simpleclient_common/0.3.0/simpleclient_common-0.3.0.jar:/root/./workspace/zalando/zalenium/389454726/.m2/io/prometheus/simpleclient_jetty/0.3.0/simpleclient_jetty-0.3.0.jar:/root/./workspace/zalando/zalenium/389454726/.m2/org/eclipse/jetty/jetty-server/9.4.8.v20171121/jetty-server-9.4.8.v20171121.jar:/root/./workspace/zalando/zalenium/389454726/.m2/io/fabric8/openshift-server-mock/3.1.11/openshift-server-mock-3.1.11.jar:/root/./workspace/zalando/zalenium/389454726/.m2/io/fabric8/kubernetes-server-mock/3.1.11/kubernetes-server-mock-3.1.11.jar:/root/./workspace/zalando/zalenium/389454726/.m2/io/fabric8/mockwebserver/0.1.0/mockwebserver-0.1.0.jar:/root/./workspace/zalando/zalenium/389454726/.m2/com/squareup/okhttp3/mockwebserver/3.9.0/mockwebserver-3.9.0.jar:/root/./workspace/zalando/zalenium/389454726/.m2/io/sundr/builder-annotations/0.2.7/builder-annotations-0.2.7.jar:/root/./workspace/zalando/zalenium/389454726/.m2/io/sundr/sundr-core/0.2.7/sundr-core-0.2.7.jar:/root/./workspace/zalando/zalenium/389454726/.m2/io/sundr/sundr-codegen/0.2.7/sundr-codegen-0.2.7.jar:/root/./workspace/zalando/zalenium/389454726/.m2/org/apache/velocity/velocity/1.7/velocity-1.7.jar:/root/./workspace/zalando/zalenium/389454726/.m2/commons-collections/commons-collections/3.2.1/commons-collections-3.2.1.jar:/root/./workspace/zalando/zalenium/389454726/.m2/de/vandermeer/asciitable/0.3.2/asciitable-0.3.2.jar:/root/./workspace/zalando/zalenium/389454726/.m2/de/vandermeer/ascii-utf-themes/0.0.1/ascii-utf-themes-0.0.1.jar:/root/./workspace/zalando/zalenium/389454726/.m2/de/vandermeer/skb-interfaces/0.0.1/skb-interfaces-0.0.1.jar:/root/./workspace/zalando/zalenium/389454726/.m2/org/antlr/ST4/4.0.8/ST4-4.0.8.jar:/root/./workspace/zalando/zalenium/389454726/.m2/org/antlr/antlr-runtime/3.5.2/antlr-runtime-3.5.2.jar:/root/./workspace/zalando/zalenium/389454726/.m2/org/antlr/antlr4/4.5.1/antlr4-4.5.1.jar:/root/./workspace/zalando/zalenium/389454726/.m2/de/vandermeer/char-translation/0.0.2/char-translation-0.0.2.jar:/root/./workspace/zalando/zalenium/389454726/.m2/junit/junit/4.12/junit-4.12.jar:/root/./workspace/zalando/zalenium/389454726/.m2/org/hamcrest/hamcrest-core/1.3/hamcrest-core-1.3.jar:/root/./workspace/zalando/zalenium/389454726/.m2/org/mockito/mockito-core/2.18.3/mockito-core-2.18.3.jar:/root/./workspace/zalando/zalenium/389454726/.m2/net/bytebuddy/byte-buddy-agent/1.8.5/byte-buddy-agent-1.8.5.jar:/root/./workspace/zalando/zalenium/389454726/.m2/org/objenesis/objenesis/2.6/objenesis-2.6.jar:/root/./workspace/zalando/zalenium/389454726/.m2/org/testng/testng/6.14.3/testng-6.14.3.jar:/root/./workspace/zalando/zalenium/389454726/.m2/org/apache-extras/beanshell/bsh/2.0b6/bsh-2.0b6.jar:/root/./workspace/zalando/zalenium/389454726/.m2/org/awaitility/awaitility/3.1.0/awaitility-3.1.0.jar:/root/./workspace/zalando/zalenium/389454726/.m2/org/hamcrest/hamcrest-library/1.3/hamcrest-library-1.3.jar:/root/./workspace/zalando/zalenium/389454726/.m2/org/apache/maven/surefire/surefire-testng-utils/2.21.0/surefire-testng-utils-2.21.0.jar:/root/./workspace/zalando/zalenium/389454726/.m2/org/apache/maven/surefire/surefire-grouper/2.21.0/surefire-grouper-2.21.0.jar:"/>
    <property name="sun.cpu.endian" value="little"/>
    <property name="user.home" value="/root"/>
    <property name="user.language" value="en"/>
    <property name="java.specification.vendor" value="Oracle Corporation"/>
    <property name="java.home" value="/usr/lib/jvm/java-8-openjdk-amd64/jre"/>
    <property name="basedir" value="/root/workspace/zalando/zalenium/389454726"/>
    <property name="file.separator" value="/"/>
    <property name="checkstyle.skip" value="true"/>
    <property name="line.separator" value="&#10;"/>
    <property name="skip.npm" value="true"/>
    <property name="java.vm.specification.vendor" value="Oracle Corporation"/>
    <property name="java.specification.name" value="Java Platform API Specification"/>
    <property name="java.awt.graphicsenv" value="sun.awt.X11GraphicsEnvironment"/>
    <property name="skipITs" value="true"/>
    <property name="surefire.real.class.path" value="/root/workspace/zalando/zalenium/389454726/target/surefire/surefirebooter5889450684868547793.jar"/>
    <property name="cobertura.skip" value="true"/>
    <property name="sun.boot.class.path" value="/usr/lib/jvm/java-8-openjdk-amd64/jre/lib/resources.jar:/usr/lib/jvm/java-8-openjdk-amd64/jre/lib/rt.jar:/usr/lib/jvm/java-8-openjdk-amd64/jre/lib/sunrsasign.jar:/usr/lib/jvm/java-8-openjdk-amd64/jre/lib/jsse.jar:/usr/lib/jvm/java-8-openjdk-amd64/jre/lib/jce.jar:/usr/lib/jvm/java-8-openjdk-amd64/jre/lib/charsets.jar:/usr/lib/jvm/java-8-openjdk-amd64/jre/lib/jfr.jar:/usr/lib/jvm/java-8-openjdk-amd64/jre/classes"/>
    <property name="sun.management.compiler" value="HotSpot 64-Bit Tiered Compilers"/>
    <property name="java.runtime.version" value="1.8.0_121-8u121-b13-1~bpo8+1-b13"/>
    <property name="user.name" value="root"/>
    <property name="findbugs.skip" value="true"/>
    <property name="path.separator" value=":"/>
    <property name="os.version" value="3.10.0-862.3.2.el7.x86_64"/>
    <property name="java.endorsed.dirs" value="/usr/lib/jvm/java-8-openjdk-amd64/jre/lib/endorsed"/>
    <property name="java.runtime.name" value="OpenJDK Runtime Environment"/>
    <property name="file.encoding" value="UTF-8"/>
    <property name="java.vm.name" value="OpenJDK 64-Bit Server VM"/>
    <property name="localRepository" value="/root/./workspace/zalando/zalenium/389454726/.m2"/>
    <property name="java.vendor.url.bug" value="http://bugreport.sun.com/bugreport/"/>
    <property name="java.io.tmpdir" value="/tmp"/>
    <property name="java.version" value="1.8.0_121"/>
    <property name="user.dir" value="/root/workspace/zalando/zalenium/389454726"/>
    <property name="os.arch" value="amd64"/>
    <property name="license.skip" value="true"/>
    <property name="java.vm.specification.name" value="Java Virtual Machine Specification"/>
    <property name="java.util.logging.SimpleFormatter.format" value="%1$tY-%1$tm-%1$td %1$tH:%1$tM:%1$tS %4$-6s %5$s %6$s%n"/>
    <property name="java.awt.printerjob" value="sun.print.PSPrinterJob"/>
    <property name="sun.os.patch.level" value="unknown"/>
    <property name="java.library.path" value="/usr/java/packages/lib/amd64:/usr/lib/x86_64-linux-gnu/jni:/lib/x86_64-linux-gnu:/usr/lib/x86_64-linux-gnu:/usr/lib/jni:/lib:/usr/lib"/>
    <property name="java.vm.info" value="mixed mode"/>
    <property name="java.vendor" value="Oracle Corporation"/>
    <property name="java.vm.version" value="25.121-b13"/>
    <property name="java.ext.dirs" value="/usr/lib/jvm/java-8-openjdk-amd64/jre/lib/ext:/usr/java/packages/lib/ext"/>
    <property name="sun.io.unicode.encoding" value="UnicodeLittle"/>
    <property name="maven.repo.local" value="/root/./workspace/zalando/zalenium/389454726/.m2"/>
    <property name="enforcer.skip" value="true"/>
    <property name="java.class.version" value="52.0"/>
  </properties>
  <testcase name="checkResourcesInConsoleServlet" classname="de.zalando.ep.zalenium.servlet.ZaleniumConsoleServletTest" time="0.089"/>
  <testcase name="addedNodesAreRenderedInServlet" classname="de.zalando.ep.zalenium.servlet.ZaleniumConsoleServletTest" time="0.489"/>
  <testcase name="postAndGetReturnSameContent" classname="de.zalando.ep.zalenium.servlet.ZaleniumConsoleServletTest" time="0.899"/>
</testsuite>