<?xml version="1.0" encoding="UTF-8"?>
<testsuite xmlns:xsi="http://www.w3.org/2001/XMLSchema-instance" xsi:noNamespaceSchemaLocation="https://maven.apache.org/surefire/maven-surefire-plugin/xsd/surefire-test-report.xsd" name="spoon.reflect.visitor.CtScannerTest" time="5.842" tests="3" errors="0" skipped="0" failures="1">
  <properties>
    <property name="awt.toolkit" value="sun.awt.X11.XToolkit"/>
    <property name="file.encoding.pkg" value="sun.io"/>
    <property name="java.specification.version" value="1.8"/>
    <property name="sun.cpu.isalist" value=""/>
    <property name="sun.jnu.encoding" value="UTF-8"/>
    <property name="java.class.path" value="/root/./workspace/INRIA/spoon/388836284/.m2/org/apache/maven/surefire/surefire-booter/2.20.1/surefire-booter-2.20.1.jar:/root/./workspace/INRIA/spoon/388836284/.m2/org/apache/maven/surefire/surefire-api/2.20.1/surefire-api-2.20.1.jar:/root/./workspace/INRIA/spoon/388836284/.m2/org/apache/maven/surefire/surefire-logger-api/2.20.1/surefire-logger-api-2.20.1.jar:/root/workspace/INRIA/spoon/388836284/target/test-classes:/root/workspace/INRIA/spoon/388836284/target/classes:/root/./workspace/INRIA/spoon/388836284/.m2/org/eclipse/tycho/org.eclipse.jdt.core/3.13.50.v20171007-0855/org.eclipse.jdt.core-3.13.50.v20171007-0855.jar:/root/./workspace/INRIA/spoon/388836284/.m2/junit/junit/4.12/junit-4.12.jar:/root/./workspace/INRIA/spoon/388836284/.m2/org/hamcrest/hamcrest-core/1.3/hamcrest-core-1.3.jar:/root/./workspace/INRIA/spoon/388836284/.m2/com/github/stefanbirkner/system-rules/1.9.0/system-rules-1.9.0.jar:/root/./workspace/INRIA/spoon/388836284/.m2/org/mockito/mockito-all/2.0.2-beta/mockito-all-2.0.2-beta.jar:/root/./workspace/INRIA/spoon/388836284/.m2/com/martiansoftware/jsap/2.1/jsap-2.1.jar:/root/./workspace/INRIA/spoon/388836284/.m2/log4j/log4j/1.2.17/log4j-1.2.17.jar:/root/./workspace/INRIA/spoon/388836284/.m2/commons-io/commons-io/2.5/commons-io-2.5.jar:/root/./workspace/INRIA/spoon/388836284/.m2/org/apache/maven/maven-model/3.3.9/maven-model-3.3.9.jar:/root/./workspace/INRIA/spoon/388836284/.m2/org/codehaus/plexus/plexus-utils/3.0.22/plexus-utils-3.0.22.jar:/root/./workspace/INRIA/spoon/388836284/.m2/org/apache/commons/commons-lang3/3.5/commons-lang3-3.5.jar:/root/./workspace/INRIA/spoon/388836284/.m2/com/fasterxml/jackson/core/jackson-databind/2.9.2/jackson-databind-2.9.2.jar:/root/./workspace/INRIA/spoon/388836284/.m2/com/fasterxml/jackson/core/jackson-annotations/2.9.0/jackson-annotations-2.9.0.jar:/root/./workspace/INRIA/spoon/388836284/.m2/com/fasterxml/jackson/core/jackson-core/2.9.2/jackson-core-2.9.2.jar:/root/./workspace/INRIA/spoon/388836284/.m2/com/google/guava/guava/18.0/guava-18.0.jar:/root/./workspace/INRIA/spoon/388836284/.m2/com/mysema/querydsl/querydsl-core/3.6.9/querydsl-core-3.6.9.jar:/root/./workspace/INRIA/spoon/388836284/.m2/com/google/code/findbugs/jsr305/1.3.9/jsr305-1.3.9.jar:/root/./workspace/INRIA/spoon/388836284/.m2/com/mysema/commons/mysema-commons-lang/0.2.4/mysema-commons-lang-0.2.4.jar:/root/./workspace/INRIA/spoon/388836284/.m2/com/infradna/tool/bridge-method-annotation/1.13/bridge-method-annotation-1.13.jar:/root/./workspace/INRIA/spoon/388836284/.m2/org/apache/maven/surefire/surefire-junit4/2.20.1/surefire-junit4-2.20.1.jar:/root/./workspace/INRIA/spoon/388836284/.m2/org/jacoco/org.jacoco.agent/0.7.9/org.jacoco.agent-0.7.9-runtime.jar"/>
    <property name="java.vm.vendor" value="Oracle Corporation"/>
    <property name="skip.bower" value="true"/>
    <property name="sun.arch.data.model" value="64"/>
    <property name="java.vendor.url" value="http://java.oracle.com/"/>
    <property name="user.timezone" value=""/>
    <property name="java.vm.specification.version" value="1.8"/>
    <property name="os.name" value="Linux"/>
    <property name="rat.skip" value="true"/>
    <property name="gpg.skip" value="true"/>
    <property name="sun.java.launcher" value="SUN_STANDARD"/>
    <property name="sun.boot.library.path" value="/usr/lib/jvm/java-8-openjdk-amd64/jre/lib/amd64"/>
    <property name="skip.gulp" value="true"/>
    <property name="sun.java.command" value="org.apache.maven.surefire.booter.ForkedBooter /root/workspace/INRIA/spoon/388836284/target/surefire 2018-06-06T18-00-08_357-jvmRun1 surefire7678621489620076814tmp surefire_08264896878041221274tmp"/>
    <property name="dependency-check.skip" value="true"/>
    <property name="surefire.test.class.path" value="/root/workspace/INRIA/spoon/388836284/target/test-classes:/root/workspace/INRIA/spoon/388836284/target/classes:/root/./workspace/INRIA/spoon/388836284/.m2/org/eclipse/tycho/org.eclipse.jdt.core/3.13.50.v20171007-0855/org.eclipse.jdt.core-3.13.50.v20171007-0855.jar:/root/./workspace/INRIA/spoon/388836284/.m2/junit/junit/4.12/junit-4.12.jar:/root/./workspace/INRIA/spoon/388836284/.m2/org/hamcrest/hamcrest-core/1.3/hamcrest-core-1.3.jar:/root/./workspace/INRIA/spoon/388836284/.m2/com/github/stefanbirkner/system-rules/1.9.0/system-rules-1.9.0.jar:/root/./workspace/INRIA/spoon/388836284/.m2/org/mockito/mockito-all/2.0.2-beta/mockito-all-2.0.2-beta.jar:/root/./workspace/INRIA/spoon/388836284/.m2/com/martiansoftware/jsap/2.1/jsap-2.1.jar:/root/./workspace/INRIA/spoon/388836284/.m2/log4j/log4j/1.2.17/log4j-1.2.17.jar:/root/./workspace/INRIA/spoon/388836284/.m2/commons-io/commons-io/2.5/commons-io-2.5.jar:/root/./workspace/INRIA/spoon/388836284/.m2/org/apache/maven/maven-model/3.3.9/maven-model-3.3.9.jar:/root/./workspace/INRIA/spoon/388836284/.m2/org/codehaus/plexus/plexus-utils/3.0.22/plexus-utils-3.0.22.jar:/root/./workspace/INRIA/spoon/388836284/.m2/org/apache/commons/commons-lang3/3.5/commons-lang3-3.5.jar:/root/./workspace/INRIA/spoon/388836284/.m2/com/fasterxml/jackson/core/jackson-databind/2.9.2/jackson-databind-2.9.2.jar:/root/./workspace/INRIA/spoon/388836284/.m2/com/fasterxml/jackson/core/jackson-annotations/2.9.0/jackson-annotations-2.9.0.jar:/root/./workspace/INRIA/spoon/388836284/.m2/com/fasterxml/jackson/core/jackson-core/2.9.2/jackson-core-2.9.2.jar:/root/./workspace/INRIA/spoon/388836284/.m2/com/google/guava/guava/18.0/guava-18.0.jar:/root/./workspace/INRIA/spoon/388836284/.m2/com/mysema/querydsl/querydsl-core/3.6.9/querydsl-core-3.6.9.jar:/root/./workspace/INRIA/spoon/388836284/.m2/com/google/code/findbugs/jsr305/1.3.9/jsr305-1.3.9.jar:/root/./workspace/INRIA/spoon/388836284/.m2/com/mysema/commons/mysema-commons-lang/0.2.4/mysema-commons-lang-0.2.4.jar:/root/./workspace/INRIA/spoon/388836284/.m2/com/infradna/tool/bridge-method-annotation/1.13/bridge-method-annotation-1.13.jar:"/>
    <property name="sun.cpu.endian" value="little"/>
    <property name="user.home" value="/root"/>
    <property name="user.language" value="en"/>
    <property name="java.specification.vendor" value="Oracle Corporation"/>
    <property name="java.home" value="/usr/lib/jvm/java-8-openjdk-amd64/jre"/>
    <property name="basedir" value="/root/workspace/INRIA/spoon/388836284"/>
    <property name="file.separator" value="/"/>
    <property name="checkstyle.skip" value="true"/>
    <property name="line.separator" value="&#10;"/>
    <property name="skip.npm" value="true"/>
    <property name="java.vm.specification.vendor" value="Oracle Corporation"/>
    <property name="java.specification.name" value="Java Platform API Specification"/>
    <property name="java.awt.graphicsenv" value="sun.awt.X11GraphicsEnvironment"/>
    <property name="skipITs" value="true"/>
    <property name="cobertura.skip" value="true"/>
    <property name="sun.boot.class.path" value="/usr/lib/jvm/java-8-openjdk-amd64/jre/lib/resources.jar:/usr/lib/jvm/java-8-openjdk-amd64/jre/lib/rt.jar:/usr/lib/jvm/java-8-openjdk-amd64/jre/lib/sunrsasign.jar:/usr/lib/jvm/java-8-openjdk-amd64/jre/lib/jsse.jar:/usr/lib/jvm/java-8-openjdk-amd64/jre/lib/jce.jar:/usr/lib/jvm/java-8-openjdk-amd64/jre/lib/charsets.jar:/usr/lib/jvm/java-8-openjdk-amd64/jre/lib/jfr.jar:/usr/lib/jvm/java-8-openjdk-amd64/jre/classes"/>
    <property name="sun.management.compiler" value="HotSpot 64-Bit Tiered Compilers"/>
    <property name="java.runtime.version" value="1.8.0_121-8u121-b13-1~bpo8+1-b13"/>
    <property name="user.name" value="root"/>
    <property name="findbugs.skip" value="true"/>
    <property name="path.separator" value=":"/>
    <property name="os.version" value="3.10.0-862.3.2.el7.x86_64"/>
    <property name="java.endorsed.dirs" value="/usr/lib/jvm/java-8-openjdk-amd64/jre/lib/endorsed"/>
    <property name="java.runtime.name" value="OpenJDK Runtime Environment"/>
    <property name="file.encoding" value="UTF-8"/>
    <property name="java.vm.name" value="OpenJDK 64-Bit Server VM"/>
    <property name="localRepository" value="/root/./workspace/INRIA/spoon/388836284/.m2"/>
    <property name="java.vendor.url.bug" value="http://bugreport.sun.com/bugreport/"/>
    <property name="java.io.tmpdir" value="/tmp"/>
    <property name="java.version" value="1.8.0_121"/>
    <property name="user.dir" value="/root/workspace/INRIA/spoon/388836284"/>
    <property name="os.arch" value="amd64"/>
    <property name="license.skip" value="true"/>
    <property name="java.vm.specification.name" value="Java Virtual Machine Specification"/>
    <property name="java.awt.printerjob" value="sun.print.PSPrinterJob"/>
    <property name="sun.os.patch.level" value="unknown"/>
    <property name="java.library.path" value="/usr/java/packages/lib/amd64:/usr/lib/x86_64-linux-gnu/jni:/lib/x86_64-linux-gnu:/usr/lib/x86_64-linux-gnu:/usr/lib/jni:/lib:/usr/lib"/>
    <property name="java.vm.info" value="mixed mode"/>
    <property name="java.vendor" value="Oracle Corporation"/>
    <property name="java.vm.version" value="25.121-b13"/>
    <property name="java.ext.dirs" value="/usr/lib/jvm/java-8-openjdk-amd64/jre/lib/ext:/usr/java/packages/lib/ext"/>
    <property name="sun.io.unicode.encoding" value="UnicodeLittle"/>
    <property name="maven.repo.local" value="/root/./workspace/INRIA/spoon/388836284/.m2"/>
    <property name="enforcer.skip" value="true"/>
    <property name="java.class.version" value="52.0"/>
  </properties>
  <testcase name="testScannerContract" classname="spoon.reflect.visitor.CtScannerTest" time="0.897"/>
  <testcase name="testScan" classname="spoon.reflect.visitor.CtScannerTest" time="0.055"/>
  <testcase name="testScannerCallsAllProperties" classname="spoon.reflect.visitor.CtScannerTest" time="4.89">
    <failure message="CtScanner (/root/workspace/INRIA/spoon/388836284/src/main/java/spoon/reflect/visitor/CtScanner.java:353) calls unexpected methods: [getAnnotations(), getType()]&#10;CtScanner (/root/workspace/INRIA/spoon/388836284/src/main/java/spoon/reflect/visitor/CtScanner.java:956) calls unexpected methods: [getComments()]&#10;CtScanner (/root/workspace/INRIA/spoon/388836284/src/main/java/spoon/reflect/visitor/CtScanner.java:661) calls unexpected methods: [getAnnotations()]&#10;CtScanner (/root/workspace/INRIA/spoon/388836284/src/main/java/spoon/reflect/visitor/CtScanner.java:821) calls unexpected methods: [getAnnotations()]&#10;CtScanner (/root/workspace/INRIA/spoon/388836284/src/main/java/spoon/reflect/visitor/CtScanner.java:278) calls unexpected methods: [getAnnotations()]&#10;CtScanner (/root/workspace/INRIA/spoon/388836284/src/main/java/spoon/reflect/visitor/CtScanner.java:289) calls unexpected methods: [getTypeCasts(), getAnnotations(), getType()]&#10;CtScanner (/root/workspace/INRIA/spoon/388836284/src/main/java/spoon/reflect/visitor/CtScanner.java:947) calls unexpected methods: [getComments()]&#10;CtScanner (/root/workspace/INRIA/spoon/388836284/src/main/java/spoon/reflect/visitor/CtScanner.java:472) calls unexpected methods: [getAnnotations()]&#10;CtScanner (/root/workspace/INRIA/spoon/388836284/src/main/java/spoon/reflect/visitor/CtScanner.java:365) calls unexpected methods: [getParameters(), getAnnotations(), getThrownTypes()]&#10;CtScanner (/root/workspace/INRIA/spoon/388836284/src/main/java/spoon/reflect/visitor/CtScanner.java:875) calls unexpected methods: [getTypeCasts(), getComments(), getAnnotations()]&#10;CtScanner (/root/workspace/INRIA/spoon/388836284/src/main/java/spoon/reflect/visitor/CtScanner.java:894) calls unexpected methods: [getComments(), getAnnotations()]&#10;CtScanner (/root/workspace/INRIA/spoon/388836284/src/main/java/spoon/reflect/visitor/CtScanner.java:684) calls unexpected methods: [getAnnotations()]&#10;CtScanner (/root/workspace/INRIA/spoon/388836284/src/main/java/spoon/reflect/visitor/CtScanner.java:566) calls unexpected methods: [getAnnotations(), getType()]&#10;no getAnonymousExecutables() in public &lt;T&gt; void visitCtClass(final spoon.reflect.declaration.CtClass&lt;T&gt; ctClass) {&#10;    enter(ctClass);&#10;    scan(spoon.reflect.path.CtRole.ANNOTATION, ctClass.getAnnotations());&#10;    scan(spoon.reflect.path.CtRole.SUPER_TYPE, ctClass.getSuperclass());&#10;    scan(spoon.reflect.path.CtRole.INTERFACE, ctClass.getSuperInterfaces());&#10;    scan(spoon.reflect.path.CtRole.TYPE_PARAMETER, ctClass.getFormalCtTypeParameters());&#10;    scan(spoon.reflect.path.CtRole.TYPE_MEMBER, ctClass.getTypeMembers());&#10;    scan(spoon.reflect.path.CtRole.COMMENT, ctClass.getComments());&#10;    exit(ctClass);&#10;}&#10;no getConstructors() in public &lt;T&gt; void visitCtClass(final spoon.reflect.declaration.CtClass&lt;T&gt; ctClass) {&#10;    enter(ctClass);&#10;    scan(spoon.reflect.path.CtRole.ANNOTATION, ctClass.getAnnotations());&#10;    scan(spoon.reflect.path.CtRole.SUPER_TYPE, ctClass.getSuperclass());&#10;    scan(spoon.reflect.path.CtRole.INTERFACE, ctClass.getSuperInterfaces());&#10;    scan(spoon.reflect.path.CtRole.TYPE_PARAMETER, ctClass.getFormalCtTypeParameters());&#10;    scan(spoon.reflect.path.CtRole.TYPE_MEMBER, ctClass.getTypeMembers());&#10;    scan(spoon.reflect.path.CtRole.COMMENT, ctClass.getComments());&#10;    exit(ctClass);&#10;}&#10;CtScanner (/root/workspace/INRIA/spoon/388836284/src/main/java/spoon/reflect/visitor/CtScanner.java:333) calls unexpected methods: [getFormalCtTypeParameters(), getSuperInterfaces(), getComments(), getAnnotations(), getTypeMembers()]&#10;CtScanner (/root/workspace/INRIA/spoon/388836284/src/main/java/spoon/reflect/visitor/CtScanner.java:300) calls unexpected methods: [getAnnotations()]&#10;CtScanner (/root/workspace/INRIA/spoon/388836284/src/main/java/spoon/reflect/visitor/CtScanner.java:646) calls unexpected methods: [getAnnotations()]&#10;CtScanner (/root/workspace/INRIA/spoon/388836284/src/main/java/spoon/reflect/visitor/CtScanner.java:729) calls unexpected methods: [getAnnotations()]&#10;CtScanner (/root/workspace/INRIA/spoon/388836284/src/main/java/spoon/reflect/visitor/CtScanner.java:269) calls unexpected methods: [getAnnotations()]&#10;CtScanner (/root/workspace/INRIA/spoon/388836284/src/main/java/spoon/reflect/visitor/CtScanner.java:692) calls unexpected methods: [getAnnotations()]&#10;CtScanner (/root/workspace/INRIA/spoon/388836284/src/main/java/spoon/reflect/visitor/CtScanner.java:718) calls unexpected methods: [getAnnotations()]&#10;CtScanner (/root/workspace/INRIA/spoon/388836284/src/main/java/spoon/reflect/visitor/CtScanner.java:701) calls unexpected methods: [getAnnotations()]&#10;CtScanner (/root/workspace/INRIA/spoon/388836284/src/main/java/spoon/reflect/visitor/CtScanner.java:740) calls unexpected methods: [getAnnotations(), getDeclaringType(), getPackage()]&#10;no getActualTypeArguments() in public &lt;T&gt; void visitCtInvocation(final spoon.reflect.code.CtInvocation&lt;T&gt; invocation) {&#10;    enter(invocation);&#10;    scan(spoon.reflect.path.CtRole.ANNOTATION, invocation.getAnnotations());&#10;    scan(spoon.reflect.path.CtRole.CAST, invocation.getTypeCasts());&#10;    scan(spoon.reflect.path.CtRole.TARGET, invocation.getTarget());&#10;    scan(spoon.reflect.path.CtRole.EXECUTABLE_REF, invocation.getExecutable());&#10;    scan(spoon.reflect.path.CtRole.ARGUMENT, invocation.getArguments());&#10;    scan(spoon.reflect.path.CtRole.COMMENT, invocation.getComments());&#10;    exit(invocation);&#10;}&#10;CtScanner (/root/workspace/INRIA/spoon/388836284/src/main/java/spoon/reflect/visitor/CtScanner.java:502) calls unexpected methods: [getTypeCasts(), getComments(), getAnnotations(), getTarget()]&#10;CtScanner (/root/workspace/INRIA/spoon/388836284/src/main/java/spoon/reflect/visitor/CtScanner.java:791) calls unexpected methods: [getTypeCasts(), getAnnotations(), getType()]&#10;CtScanner (/root/workspace/INRIA/spoon/388836284/src/main/java/spoon/reflect/visitor/CtScanner.java:461) calls unexpected methods: [getAnnotations()]&#10;CtScanner (/root/workspace/INRIA/spoon/388836284/src/main/java/spoon/reflect/visitor/CtScanner.java:345) calls unexpected methods: [getAnnotations()]&#10;CtScanner (/root/workspace/INRIA/spoon/388836284/src/main/java/spoon/reflect/visitor/CtScanner.java:522) calls unexpected methods: [getAnnotations()]&#10;CtScanner (/root/workspace/INRIA/spoon/388836284/src/main/java/spoon/reflect/visitor/CtScanner.java:482) calls unexpected methods: [getAnnotations()]&#10;no getRequiredModules() in @java.lang.Override&#10;public void visitCtModule(spoon.reflect.declaration.CtModule module) {&#10;    enter(module);&#10;    scan(spoon.reflect.path.CtRole.COMMENT, module.getComments());&#10;    scan(spoon.reflect.path.CtRole.ANNOTATION, module.getAnnotations());&#10;    scan(spoon.reflect.path.CtRole.MODULE_DIRECTIVE, module.getModuleDirectives());&#10;    scan(spoon.reflect.path.CtRole.SUB_PACKAGE, module.getRootPackage());&#10;    exit(module);&#10;}&#10;no getExportedPackages() in @java.lang.Override&#10;public void visitCtModule(spoon.reflect.declaration.CtModule module) {&#10;    enter(module);&#10;    scan(spoon.reflect.path.CtRole.COMMENT, module.getComments());&#10;    scan(spoon.reflect.path.CtRole.ANNOTATION, module.getAnnotations());&#10;    scan(spoon.reflect.path.CtRole.MODULE_DIRECTIVE, module.getModuleDirectives());&#10;    scan(spoon.reflect.path.CtRole.SUB_PACKAGE, module.getRootPackage());&#10;    exit(module);&#10;}&#10;no getOpenedPackages() in @java.lang.Override&#10;public void visitCtModule(spoon.reflect.declaration.CtModule module) {&#10;    enter(module);&#10;    scan(spoon.reflect.path.CtRole.COMMENT, module.getComments());&#10;    scan(spoon.reflect.path.CtRole.ANNOTATION, module.getAnnotations());&#10;    scan(spoon.reflect.path.CtRole.MODULE_DIRECTIVE, module.getModuleDirectives());&#10;    scan(spoon.reflect.path.CtRole.SUB_PACKAGE, module.getRootPackage());&#10;    exit(module);&#10;}&#10;no getUsedServices() in @java.lang.Override&#10;public void visitCtModule(spoon.reflect.declaration.CtModule module) {&#10;    enter(module);&#10;    scan(spoon.reflect.path.CtRole.COMMENT, module.getComments());&#10;    scan(spoon.reflect.path.CtRole.ANNOTATION, module.getAnnotations());&#10;    scan(spoon.reflect.path.CtRole.MODULE_DIRECTIVE, module.getModuleDirectives());&#10;    scan(spoon.reflect.path.CtRole.SUB_PACKAGE, module.getRootPackage());&#10;    exit(module);&#10;}&#10;no getProvidedServices() in @java.lang.Override&#10;public void visitCtModule(spoon.reflect.declaration.CtModule module) {&#10;    enter(module);&#10;    scan(spoon.reflect.path.CtRole.COMMENT, module.getComments());&#10;    scan(spoon.reflect.path.CtRole.ANNOTATION, module.getAnnotations());&#10;    scan(spoon.reflect.path.CtRole.MODULE_DIRECTIVE, module.getModuleDirectives());&#10;    scan(spoon.reflect.path.CtRole.SUB_PACKAGE, module.getRootPackage());&#10;    exit(module);&#10;}&#10;CtScanner (/root/workspace/INRIA/spoon/388836284/src/main/java/spoon/reflect/visitor/CtScanner.java:920) calls unexpected methods: [getComments(), getAnnotations()]&#10;CtScanner (/root/workspace/INRIA/spoon/388836284/src/main/java/spoon/reflect/visitor/CtScanner.java:937) calls unexpected methods: [getComments()]&#10;CtScanner (/root/workspace/INRIA/spoon/388836284/src/main/java/spoon/reflect/visitor/CtScanner.java:587) calls unexpected methods: [getTypeCasts(), getAnnotations(), getTarget()]&#10;CtScanner (/root/workspace/INRIA/spoon/388836284/src/main/java/spoon/reflect/visitor/CtScanner.java:315) calls unexpected methods: [getAnnotations()]&#10;CtScanner (/root/workspace/INRIA/spoon/388836284/src/main/java/spoon/reflect/visitor/CtScanner.java:324) calls unexpected methods: [getAnnotations()]&#10;CtScanner (/root/workspace/INRIA/spoon/388836284/src/main/java/spoon/reflect/visitor/CtScanner.java:259) calls unexpected methods: [getDeclaringType(), getPackage()]&#10;CtScanner (/root/workspace/INRIA/spoon/388836284/src/main/java/spoon/reflect/visitor/CtScanner.java:553) calls unexpected methods: [getAnnotations()]&#10;CtScanner (/root/workspace/INRIA/spoon/388836284/src/main/java/spoon/reflect/visitor/CtScanner.java:611) calls unexpected methods: [getTypeCasts(), getAnnotations(), getType()]&#10;CtScanner (/root/workspace/INRIA/spoon/388836284/src/main/java/spoon/reflect/visitor/CtScanner.java:575) calls unexpected methods: [getTypeCasts(), getAnnotations(), getType()]&#10;CtScanner (/root/workspace/INRIA/spoon/388836284/src/main/java/spoon/reflect/visitor/CtScanner.java:760) calls unexpected methods: [getAnnotations(), getDeclaringType(), getPackage(), getActualTypeArguments()]&#10;CtScanner (/root/workspace/INRIA/spoon/388836284/src/main/java/spoon/reflect/visitor/CtScanner.java:966) calls unexpected methods: [getComments()]&#10;CtScanner (/root/workspace/INRIA/spoon/388836284/src/main/java/spoon/reflect/visitor/CtScanner.java:710) calls unexpected methods: [getAnnotations()]&#10;CtScanner (/root/workspace/INRIA/spoon/388836284/src/main/java/spoon/reflect/visitor/CtScanner.java:676) calls unexpected methods: [getAnnotations()]&#10;CtScanner (/root/workspace/INRIA/spoon/388836284/src/main/java/spoon/reflect/visitor/CtScanner.java:413) calls unexpected methods: [getAnnotations()]&#10;CtScanner (/root/workspace/INRIA/spoon/388836284/src/main/java/spoon/reflect/visitor/CtScanner.java:782) calls unexpected methods: [getTypeCasts(), getAnnotations()]&#10;CtScanner (/root/workspace/INRIA/spoon/388836284/src/main/java/spoon/reflect/visitor/CtScanner.java:383) calls unexpected methods: [getAnnotations()]&#10;CtScanner (/root/workspace/INRIA/spoon/388836284/src/main/java/spoon/reflect/visitor/CtScanner.java:186) calls unexpected methods: [getComments(), getAnnotations(), getType()]&#10;CtScanner (/root/workspace/INRIA/spoon/388836284/src/main/java/spoon/reflect/visitor/CtScanner.java:392) calls unexpected methods: [getSuperInterfaces(), getAnnotations(), getTypeMembers()]&#10;CtScanner (/root/workspace/INRIA/spoon/388836284/src/main/java/spoon/reflect/visitor/CtScanner.java:598) calls unexpected methods: [getTypeCasts(), getAnnotations(), getExecutable(), getArguments(), getTarget()]&#10;CtScanner (/root/workspace/INRIA/spoon/388836284/src/main/java/spoon/reflect/visitor/CtScanner.java:538) calls unexpected methods: [getComments(), getAnnotations()]&#10;CtScanner (/root/workspace/INRIA/spoon/388836284/src/main/java/spoon/reflect/visitor/CtScanner.java:624) calls unexpected methods: [getTypeCasts(), getComments(), getAnnotations(), getType()]" type="java.lang.AssertionError"><![CDATA[java.lang.AssertionError: 
CtScanner (/root/workspace/INRIA/spoon/388836284/src/main/java/spoon/reflect/visitor/CtScanner.java:353) calls unexpected methods: [getAnnotations(), getType()]
CtScanner (/root/workspace/INRIA/spoon/388836284/src/main/java/spoon/reflect/visitor/CtScanner.java:956) calls unexpected methods: [getComments()]
CtScanner (/root/workspace/INRIA/spoon/388836284/src/main/java/spoon/reflect/visitor/CtScanner.java:661) calls unexpected methods: [getAnnotations()]
CtScanner (/root/workspace/INRIA/spoon/388836284/src/main/java/spoon/reflect/visitor/CtScanner.java:821) calls unexpected methods: [getAnnotations()]
CtScanner (/root/workspace/INRIA/spoon/388836284/src/main/java/spoon/reflect/visitor/CtScanner.java:278) calls unexpected methods: [getAnnotations()]
CtScanner (/root/workspace/INRIA/spoon/388836284/src/main/java/spoon/reflect/visitor/CtScanner.java:289) calls unexpected methods: [getTypeCasts(), getAnnotations(), getType()]
CtScanner (/root/workspace/INRIA/spoon/388836284/src/main/java/spoon/reflect/visitor/CtScanner.java:947) calls unexpected methods: [getComments()]
CtScanner (/root/workspace/INRIA/spoon/388836284/src/main/java/spoon/reflect/visitor/CtScanner.java:472) calls unexpected methods: [getAnnotations()]
CtScanner (/root/workspace/INRIA/spoon/388836284/src/main/java/spoon/reflect/visitor/CtScanner.java:365) calls unexpected methods: [getParameters(), getAnnotations(), getThrownTypes()]
CtScanner (/root/workspace/INRIA/spoon/388836284/src/main/java/spoon/reflect/visitor/CtScanner.java:875) calls unexpected methods: [getTypeCasts(), getComments(), getAnnotations()]
CtScanner (/root/workspace/INRIA/spoon/388836284/src/main/java/spoon/reflect/visitor/CtScanner.java:894) calls unexpected methods: [getComments(), getAnnotations()]
CtScanner (/root/workspace/INRIA/spoon/388836284/src/main/java/spoon/reflect/visitor/CtScanner.java:684) calls unexpected methods: [getAnnotations()]
CtScanner (/root/workspace/INRIA/spoon/388836284/src/main/java/spoon/reflect/visitor/CtScanner.java:566) calls unexpected methods: [getAnnotations(), getType()]
no getAnonymousExecutables() in public <T> void visitCtClass(final spoon.reflect.declaration.CtClass<T> ctClass) {
    enter(ctClass);
    scan(spoon.reflect.path.CtRole.ANNOTATION, ctClass.getAnnotations());
    scan(spoon.reflect.path.CtRole.SUPER_TYPE, ctClass.getSuperclass());
    scan(spoon.reflect.path.CtRole.INTERFACE, ctClass.getSuperInterfaces());
    scan(spoon.reflect.path.CtRole.TYPE_PARAMETER, ctClass.getFormalCtTypeParameters());
    scan(spoon.reflect.path.CtRole.TYPE_MEMBER, ctClass.getTypeMembers());
    scan(spoon.reflect.path.CtRole.COMMENT, ctClass.getComments());
    exit(ctClass);
}
no getConstructors() in public <T> void visitCtClass(final spoon.reflect.declaration.CtClass<T> ctClass) {
    enter(ctClass);
    scan(spoon.reflect.path.CtRole.ANNOTATION, ctClass.getAnnotations());
    scan(spoon.reflect.path.CtRole.SUPER_TYPE, ctClass.getSuperclass());
    scan(spoon.reflect.path.CtRole.INTERFACE, ctClass.getSuperInterfaces());
    scan(spoon.reflect.path.CtRole.TYPE_PARAMETER, ctClass.getFormalCtTypeParameters());
    scan(spoon.reflect.path.CtRole.TYPE_MEMBER, ctClass.getTypeMembers());
    scan(spoon.reflect.path.CtRole.COMMENT, ctClass.getComments());
    exit(ctClass);
}
CtScanner (/root/workspace/INRIA/spoon/388836284/src/main/java/spoon/reflect/visitor/CtScanner.java:333) calls unexpected methods: [getFormalCtTypeParameters(), getSuperInterfaces(), getComments(), getAnnotations(), getTypeMembers()]
CtScanner (/root/workspace/INRIA/spoon/388836284/src/main/java/spoon/reflect/visitor/CtScanner.java:300) calls unexpected methods: [getAnnotations()]
CtScanner (/root/workspace/INRIA/spoon/388836284/src/main/java/spoon/reflect/visitor/CtScanner.java:646) calls unexpected methods: [getAnnotations()]
CtScanner (/root/workspace/INRIA/spoon/388836284/src/main/java/spoon/reflect/visitor/CtScanner.java:729) calls unexpected methods: [getAnnotations()]
CtScanner (/root/workspace/INRIA/spoon/388836284/src/main/java/spoon/reflect/visitor/CtScanner.java:269) calls unexpected methods: [getAnnotations()]
CtScanner (/root/workspace/INRIA/spoon/388836284/src/main/java/spoon/reflect/visitor/CtScanner.java:692) calls unexpected methods: [getAnnotations()]
CtScanner (/root/workspace/INRIA/spoon/388836284/src/main/java/spoon/reflect/visitor/CtScanner.java:718) calls unexpected methods: [getAnnotations()]
CtScanner (/root/workspace/INRIA/spoon/388836284/src/main/java/spoon/reflect/visitor/CtScanner.java:701) calls unexpected methods: [getAnnotations()]
CtScanner (/root/workspace/INRIA/spoon/388836284/src/main/java/spoon/reflect/visitor/CtScanner.java:740) calls unexpected methods: [getAnnotations(), getDeclaringType(), getPackage()]
no getActualTypeArguments() in public <T> void visitCtInvocation(final spoon.reflect.code.CtInvocation<T> invocation) {
    enter(invocation);
    scan(spoon.reflect.path.CtRole.ANNOTATION, invocation.getAnnotations());
    scan(spoon.reflect.path.CtRole.CAST, invocation.getTypeCasts());
    scan(spoon.reflect.path.CtRole.TARGET, invocation.getTarget());
    scan(spoon.reflect.path.CtRole.EXECUTABLE_REF, invocation.getExecutable());
    scan(spoon.reflect.path.CtRole.ARGUMENT, invocation.getArguments());
    scan(spoon.reflect.path.CtRole.COMMENT, invocation.getComments());
    exit(invocation);
}
CtScanner (/root/workspace/INRIA/spoon/388836284/src/main/java/spoon/reflect/visitor/CtScanner.java:502) calls unexpected methods: [getTypeCasts(), getComments(), getAnnotations(), getTarget()]
CtScanner (/root/workspace/INRIA/spoon/388836284/src/main/java/spoon/reflect/visitor/CtScanner.java:791) calls unexpected methods: [getTypeCasts(), getAnnotations(), getType()]
CtScanner (/root/workspace/INRIA/spoon/388836284/src/main/java/spoon/reflect/visitor/CtScanner.java:461) calls unexpected methods: [getAnnotations()]
CtScanner (/root/workspace/INRIA/spoon/388836284/src/main/java/spoon/reflect/visitor/CtScanner.java:345) calls unexpected methods: [getAnnotations()]
CtScanner (/root/workspace/INRIA/spoon/388836284/src/main/java/spoon/reflect/visitor/CtScanner.java:522) calls unexpected methods: [getAnnotations()]
CtScanner (/root/workspace/INRIA/spoon/388836284/src/main/java/spoon/reflect/visitor/CtScanner.java:482) calls unexpected methods: [getAnnotations()]
no getRequiredModules() in @java.lang.Override
public void visitCtModule(spoon.reflect.declaration.CtModule module) {
    enter(module);
    scan(spoon.reflect.path.CtRole.COMMENT, module.getComments());
    scan(spoon.reflect.path.CtRole.ANNOTATION, module.getAnnotations());
    scan(spoon.reflect.path.CtRole.MODULE_DIRECTIVE, module.getModuleDirectives());
    scan(spoon.reflect.path.CtRole.SUB_PACKAGE, module.getRootPackage());
    exit(module);
}
no getExportedPackages() in @java.lang.Override
public void visitCtModule(spoon.reflect.declaration.CtModule module) {
    enter(module);
    scan(spoon.reflect.path.CtRole.COMMENT, module.getComments());
    scan(spoon.reflect.path.CtRole.ANNOTATION, module.getAnnotations());
    scan(spoon.reflect.path.CtRole.MODULE_DIRECTIVE, module.getModuleDirectives());
    scan(spoon.reflect.path.CtRole.SUB_PACKAGE, module.getRootPackage());
    exit(module);
}
no getOpenedPackages() in @java.lang.Override
public void visitCtModule(spoon.reflect.declaration.CtModule module) {
    enter(module);
    scan(spoon.reflect.path.CtRole.COMMENT, module.getComments());
    scan(spoon.reflect.path.CtRole.ANNOTATION, module.getAnnotations());
    scan(spoon.reflect.path.CtRole.MODULE_DIRECTIVE, module.getModuleDirectives());
    scan(spoon.reflect.path.CtRole.SUB_PACKAGE, module.getRootPackage());
    exit(module);
}
no getUsedServices() in @java.lang.Override
public void visitCtModule(spoon.reflect.declaration.CtModule module) {
    enter(module);
    scan(spoon.reflect.path.CtRole.COMMENT, module.getComments());
    scan(spoon.reflect.path.CtRole.ANNOTATION, module.getAnnotations());
    scan(spoon.reflect.path.CtRole.MODULE_DIRECTIVE, module.getModuleDirectives());
    scan(spoon.reflect.path.CtRole.SUB_PACKAGE, module.getRootPackage());
    exit(module);
}
no getProvidedServices() in @java.lang.Override
public void visitCtModule(spoon.reflect.declaration.CtModule module) {
    enter(module);
    scan(spoon.reflect.path.CtRole.COMMENT, module.getComments());
    scan(spoon.reflect.path.CtRole.ANNOTATION, module.getAnnotations());
    scan(spoon.reflect.path.CtRole.MODULE_DIRECTIVE, module.getModuleDirectives());
    scan(spoon.reflect.path.CtRole.SUB_PACKAGE, module.getRootPackage());
    exit(module);
}
CtScanner (/root/workspace/INRIA/spoon/388836284/src/main/java/spoon/reflect/visitor/CtScanner.java:920) calls unexpected methods: [getComments(), getAnnotations()]
CtScanner (/root/workspace/INRIA/spoon/388836284/src/main/java/spoon/reflect/visitor/CtScanner.java:937) calls unexpected methods: [getComments()]
CtScanner (/root/workspace/INRIA/spoon/388836284/src/main/java/spoon/reflect/visitor/CtScanner.java:587) calls unexpected methods: [getTypeCasts(), getAnnotations(), getTarget()]
CtScanner (/root/workspace/INRIA/spoon/388836284/src/main/java/spoon/reflect/visitor/CtScanner.java:315) calls unexpected methods: [getAnnotations()]
CtScanner (/root/workspace/INRIA/spoon/388836284/src/main/java/spoon/reflect/visitor/CtScanner.java:324) calls unexpected methods: [getAnnotations()]
CtScanner (/root/workspace/INRIA/spoon/388836284/src/main/java/spoon/reflect/visitor/CtScanner.java:259) calls unexpected methods: [getDeclaringType(), getPackage()]
CtScanner (/root/workspace/INRIA/spoon/388836284/src/main/java/spoon/reflect/visitor/CtScanner.java:553) calls unexpected methods: [getAnnotations()]
CtScanner (/root/workspace/INRIA/spoon/388836284/src/main/java/spoon/reflect/visitor/CtScanner.java:611) calls unexpected methods: [getTypeCasts(), getAnnotations(), getType()]
CtScanner (/root/workspace/INRIA/spoon/388836284/src/main/java/spoon/reflect/visitor/CtScanner.java:575) calls unexpected methods: [getTypeCasts(), getAnnotations(), getType()]
CtScanner (/root/workspace/INRIA/spoon/388836284/src/main/java/spoon/reflect/visitor/CtScanner.java:760) calls unexpected methods: [getAnnotations(), getDeclaringType(), getPackage(), getActualTypeArguments()]
CtScanner (/root/workspace/INRIA/spoon/388836284/src/main/java/spoon/reflect/visitor/CtScanner.java:966) calls unexpected methods: [getComments()]
CtScanner (/root/workspace/INRIA/spoon/388836284/src/main/java/spoon/reflect/visitor/CtScanner.java:710) calls unexpected methods: [getAnnotations()]
CtScanner (/root/workspace/INRIA/spoon/388836284/src/main/java/spoon/reflect/visitor/CtScanner.java:676) calls unexpected methods: [getAnnotations()]
CtScanner (/root/workspace/INRIA/spoon/388836284/src/main/java/spoon/reflect/visitor/CtScanner.java:413) calls unexpected methods: [getAnnotations()]
CtScanner (/root/workspace/INRIA/spoon/388836284/src/main/java/spoon/reflect/visitor/CtScanner.java:782) calls unexpected methods: [getTypeCasts(), getAnnotations()]
CtScanner (/root/workspace/INRIA/spoon/388836284/src/main/java/spoon/reflect/visitor/CtScanner.java:383) calls unexpected methods: [getAnnotations()]
CtScanner (/root/workspace/INRIA/spoon/388836284/src/main/java/spoon/reflect/visitor/CtScanner.java:186) calls unexpected methods: [getComments(), getAnnotations(), getType()]
CtScanner (/root/workspace/INRIA/spoon/388836284/src/main/java/spoon/reflect/visitor/CtScanner.java:392) calls unexpected methods: [getSuperInterfaces(), getAnnotations(), getTypeMembers()]
CtScanner (/root/workspace/INRIA/spoon/388836284/src/main/java/spoon/reflect/visitor/CtScanner.java:598) calls unexpected methods: [getTypeCasts(), getAnnotations(), getExecutable(), getArguments(), getTarget()]
CtScanner (/root/workspace/INRIA/spoon/388836284/src/main/java/spoon/reflect/visitor/CtScanner.java:538) calls unexpected methods: [getComments(), getAnnotations()]
CtScanner (/root/workspace/INRIA/spoon/388836284/src/main/java/spoon/reflect/visitor/CtScanner.java:624) calls unexpected methods: [getTypeCasts(), getComments(), getAnnotations(), getType()]
	at spoon.reflect.visitor.CtScannerTest.testScannerCallsAllProperties(CtScannerTest.java:216)
]]></failure>
  </testcase>
</testsuite>