<?xml version="1.0" encoding="UTF-8"?>
<testsuite xmlns:xsi="http://www.w3.org/2001/XMLSchema-instance" xsi:noNamespaceSchemaLocation="https://maven.apache.org/surefire/maven-surefire-plugin/xsd/surefire-test-report.xsd" name="spoon.test.replace.ReplaceParametrizedTest" time="0.17" tests="80" errors="0" skipped="0" failures="75">
  <properties>
    <property name="awt.toolkit" value="sun.awt.X11.XToolkit"/>
    <property name="file.encoding.pkg" value="sun.io"/>
    <property name="java.specification.version" value="1.8"/>
    <property name="sun.cpu.isalist" value=""/>
    <property name="sun.jnu.encoding" value="UTF-8"/>
    <property name="java.class.path" value="/root/./workspace/INRIA/spoon/388836284/.m2/org/apache/maven/surefire/surefire-booter/2.20.1/surefire-booter-2.20.1.jar:/root/./workspace/INRIA/spoon/388836284/.m2/org/apache/maven/surefire/surefire-api/2.20.1/surefire-api-2.20.1.jar:/root/./workspace/INRIA/spoon/388836284/.m2/org/apache/maven/surefire/surefire-logger-api/2.20.1/surefire-logger-api-2.20.1.jar:/root/workspace/INRIA/spoon/388836284/target/test-classes:/root/workspace/INRIA/spoon/388836284/target/classes:/root/./workspace/INRIA/spoon/388836284/.m2/org/eclipse/tycho/org.eclipse.jdt.core/3.13.50.v20171007-0855/org.eclipse.jdt.core-3.13.50.v20171007-0855.jar:/root/./workspace/INRIA/spoon/388836284/.m2/junit/junit/4.12/junit-4.12.jar:/root/./workspace/INRIA/spoon/388836284/.m2/org/hamcrest/hamcrest-core/1.3/hamcrest-core-1.3.jar:/root/./workspace/INRIA/spoon/388836284/.m2/com/github/stefanbirkner/system-rules/1.9.0/system-rules-1.9.0.jar:/root/./workspace/INRIA/spoon/388836284/.m2/org/mockito/mockito-all/2.0.2-beta/mockito-all-2.0.2-beta.jar:/root/./workspace/INRIA/spoon/388836284/.m2/com/martiansoftware/jsap/2.1/jsap-2.1.jar:/root/./workspace/INRIA/spoon/388836284/.m2/log4j/log4j/1.2.17/log4j-1.2.17.jar:/root/./workspace/INRIA/spoon/388836284/.m2/commons-io/commons-io/2.5/commons-io-2.5.jar:/root/./workspace/INRIA/spoon/388836284/.m2/org/apache/maven/maven-model/3.3.9/maven-model-3.3.9.jar:/root/./workspace/INRIA/spoon/388836284/.m2/org/codehaus/plexus/plexus-utils/3.0.22/plexus-utils-3.0.22.jar:/root/./workspace/INRIA/spoon/388836284/.m2/org/apache/commons/commons-lang3/3.5/commons-lang3-3.5.jar:/root/./workspace/INRIA/spoon/388836284/.m2/com/fasterxml/jackson/core/jackson-databind/2.9.2/jackson-databind-2.9.2.jar:/root/./workspace/INRIA/spoon/388836284/.m2/com/fasterxml/jackson/core/jackson-annotations/2.9.0/jackson-annotations-2.9.0.jar:/root/./workspace/INRIA/spoon/388836284/.m2/com/fasterxml/jackson/core/jackson-core/2.9.2/jackson-core-2.9.2.jar:/root/./workspace/INRIA/spoon/388836284/.m2/com/google/guava/guava/18.0/guava-18.0.jar:/root/./workspace/INRIA/spoon/388836284/.m2/com/mysema/querydsl/querydsl-core/3.6.9/querydsl-core-3.6.9.jar:/root/./workspace/INRIA/spoon/388836284/.m2/com/google/code/findbugs/jsr305/1.3.9/jsr305-1.3.9.jar:/root/./workspace/INRIA/spoon/388836284/.m2/com/mysema/commons/mysema-commons-lang/0.2.4/mysema-commons-lang-0.2.4.jar:/root/./workspace/INRIA/spoon/388836284/.m2/com/infradna/tool/bridge-method-annotation/1.13/bridge-method-annotation-1.13.jar:/root/./workspace/INRIA/spoon/388836284/.m2/org/apache/maven/surefire/surefire-junit4/2.20.1/surefire-junit4-2.20.1.jar:/root/./workspace/INRIA/spoon/388836284/.m2/org/jacoco/org.jacoco.agent/0.7.9/org.jacoco.agent-0.7.9-runtime.jar"/>
    <property name="java.vm.vendor" value="Oracle Corporation"/>
    <property name="skip.bower" value="true"/>
    <property name="sun.arch.data.model" value="64"/>
    <property name="java.vendor.url" value="http://java.oracle.com/"/>
    <property name="user.timezone" value=""/>
    <property name="java.vm.specification.version" value="1.8"/>
    <property name="os.name" value="Linux"/>
    <property name="rat.skip" value="true"/>
    <property name="gpg.skip" value="true"/>
    <property name="sun.java.launcher" value="SUN_STANDARD"/>
    <property name="sun.boot.library.path" value="/usr/lib/jvm/java-8-openjdk-amd64/jre/lib/amd64"/>
    <property name="skip.gulp" value="true"/>
    <property name="sun.java.command" value="org.apache.maven.surefire.booter.ForkedBooter /root/workspace/INRIA/spoon/388836284/target/surefire 2018-06-06T18-00-08_357-jvmRun1 surefire7678621489620076814tmp surefire_08264896878041221274tmp"/>
    <property name="dependency-check.skip" value="true"/>
    <property name="surefire.test.class.path" value="/root/workspace/INRIA/spoon/388836284/target/test-classes:/root/workspace/INRIA/spoon/388836284/target/classes:/root/./workspace/INRIA/spoon/388836284/.m2/org/eclipse/tycho/org.eclipse.jdt.core/3.13.50.v20171007-0855/org.eclipse.jdt.core-3.13.50.v20171007-0855.jar:/root/./workspace/INRIA/spoon/388836284/.m2/junit/junit/4.12/junit-4.12.jar:/root/./workspace/INRIA/spoon/388836284/.m2/org/hamcrest/hamcrest-core/1.3/hamcrest-core-1.3.jar:/root/./workspace/INRIA/spoon/388836284/.m2/com/github/stefanbirkner/system-rules/1.9.0/system-rules-1.9.0.jar:/root/./workspace/INRIA/spoon/388836284/.m2/org/mockito/mockito-all/2.0.2-beta/mockito-all-2.0.2-beta.jar:/root/./workspace/INRIA/spoon/388836284/.m2/com/martiansoftware/jsap/2.1/jsap-2.1.jar:/root/./workspace/INRIA/spoon/388836284/.m2/log4j/log4j/1.2.17/log4j-1.2.17.jar:/root/./workspace/INRIA/spoon/388836284/.m2/commons-io/commons-io/2.5/commons-io-2.5.jar:/root/./workspace/INRIA/spoon/388836284/.m2/org/apache/maven/maven-model/3.3.9/maven-model-3.3.9.jar:/root/./workspace/INRIA/spoon/388836284/.m2/org/codehaus/plexus/plexus-utils/3.0.22/plexus-utils-3.0.22.jar:/root/./workspace/INRIA/spoon/388836284/.m2/org/apache/commons/commons-lang3/3.5/commons-lang3-3.5.jar:/root/./workspace/INRIA/spoon/388836284/.m2/com/fasterxml/jackson/core/jackson-databind/2.9.2/jackson-databind-2.9.2.jar:/root/./workspace/INRIA/spoon/388836284/.m2/com/fasterxml/jackson/core/jackson-annotations/2.9.0/jackson-annotations-2.9.0.jar:/root/./workspace/INRIA/spoon/388836284/.m2/com/fasterxml/jackson/core/jackson-core/2.9.2/jackson-core-2.9.2.jar:/root/./workspace/INRIA/spoon/388836284/.m2/com/google/guava/guava/18.0/guava-18.0.jar:/root/./workspace/INRIA/spoon/388836284/.m2/com/mysema/querydsl/querydsl-core/3.6.9/querydsl-core-3.6.9.jar:/root/./workspace/INRIA/spoon/388836284/.m2/com/google/code/findbugs/jsr305/1.3.9/jsr305-1.3.9.jar:/root/./workspace/INRIA/spoon/388836284/.m2/com/mysema/commons/mysema-commons-lang/0.2.4/mysema-commons-lang-0.2.4.jar:/root/./workspace/INRIA/spoon/388836284/.m2/com/infradna/tool/bridge-method-annotation/1.13/bridge-method-annotation-1.13.jar:"/>
    <property name="sun.cpu.endian" value="little"/>
    <property name="user.home" value="/root"/>
    <property name="user.language" value="en"/>
    <property name="java.specification.vendor" value="Oracle Corporation"/>
    <property name="java.home" value="/usr/lib/jvm/java-8-openjdk-amd64/jre"/>
    <property name="basedir" value="/root/workspace/INRIA/spoon/388836284"/>
    <property name="file.separator" value="/"/>
    <property name="checkstyle.skip" value="true"/>
    <property name="line.separator" value="&#10;"/>
    <property name="skip.npm" value="true"/>
    <property name="java.vm.specification.vendor" value="Oracle Corporation"/>
    <property name="java.specification.name" value="Java Platform API Specification"/>
    <property name="java.awt.graphicsenv" value="sun.awt.X11GraphicsEnvironment"/>
    <property name="skipITs" value="true"/>
    <property name="cobertura.skip" value="true"/>
    <property name="sun.boot.class.path" value="/usr/lib/jvm/java-8-openjdk-amd64/jre/lib/resources.jar:/usr/lib/jvm/java-8-openjdk-amd64/jre/lib/rt.jar:/usr/lib/jvm/java-8-openjdk-amd64/jre/lib/sunrsasign.jar:/usr/lib/jvm/java-8-openjdk-amd64/jre/lib/jsse.jar:/usr/lib/jvm/java-8-openjdk-amd64/jre/lib/jce.jar:/usr/lib/jvm/java-8-openjdk-amd64/jre/lib/charsets.jar:/usr/lib/jvm/java-8-openjdk-amd64/jre/lib/jfr.jar:/usr/lib/jvm/java-8-openjdk-amd64/jre/classes"/>
    <property name="sun.management.compiler" value="HotSpot 64-Bit Tiered Compilers"/>
    <property name="java.runtime.version" value="1.8.0_121-8u121-b13-1~bpo8+1-b13"/>
    <property name="user.name" value="root"/>
    <property name="findbugs.skip" value="true"/>
    <property name="path.separator" value=":"/>
    <property name="os.version" value="3.10.0-862.3.2.el7.x86_64"/>
    <property name="java.endorsed.dirs" value="/usr/lib/jvm/java-8-openjdk-amd64/jre/lib/endorsed"/>
    <property name="java.runtime.name" value="OpenJDK Runtime Environment"/>
    <property name="file.encoding" value="UTF-8"/>
    <property name="java.vm.name" value="OpenJDK 64-Bit Server VM"/>
    <property name="localRepository" value="/root/./workspace/INRIA/spoon/388836284/.m2"/>
    <property name="java.vendor.url.bug" value="http://bugreport.sun.com/bugreport/"/>
    <property name="java.io.tmpdir" value="/tmp"/>
    <property name="java.version" value="1.8.0_121"/>
    <property name="user.dir" value="/root/workspace/INRIA/spoon/388836284"/>
    <property name="os.arch" value="amd64"/>
    <property name="license.skip" value="true"/>
    <property name="java.vm.specification.name" value="Java Virtual Machine Specification"/>
    <property name="java.awt.printerjob" value="sun.print.PSPrinterJob"/>
    <property name="sun.os.patch.level" value="unknown"/>
    <property name="java.library.path" value="/usr/java/packages/lib/amd64:/usr/lib/x86_64-linux-gnu/jni:/lib/x86_64-linux-gnu:/usr/lib/x86_64-linux-gnu:/usr/lib/jni:/lib:/usr/lib"/>
    <property name="java.vm.info" value="mixed mode"/>
    <property name="java.vendor" value="Oracle Corporation"/>
    <property name="java.vm.version" value="25.121-b13"/>
    <property name="java.ext.dirs" value="/usr/lib/jvm/java-8-openjdk-amd64/jre/lib/ext:/usr/java/packages/lib/ext"/>
    <property name="sun.io.unicode.encoding" value="UnicodeLittle"/>
    <property name="maven.repo.local" value="/root/./workspace/INRIA/spoon/388836284/.m2"/>
    <property name="enforcer.skip" value="true"/>
    <property name="java.class.version" value="52.0"/>
  </properties>
  <testcase name="testContract[CtConditional]" classname="spoon.test.replace.ReplaceParametrizedTest" time="0.011">
    <failure message="The accessors of CtConditional have problems:&#10;UnsettableProperty CtConditional#type&lt;spoon.reflect.reference.CtTypeReference&lt;T&gt;&gt; sets the value&#10;UnsettableProperty CtConditional#cast&lt;java.util.List&lt;spoon.reflect.reference.CtTypeReference&lt;?&gt;&gt;&gt; sets the value&#10;UnsettableProperty CtConditional#annotation&lt;java.util.List&lt;spoon.reflect.declaration.CtAnnotation&lt;? extends java.lang.annotation.Annotation&gt;&gt;&gt; sets the value&#10;UnsettableProperty CtConditional#comment&lt;java.util.List&lt;spoon.reflect.code.CtComment&gt;&gt; sets the value" type="java.lang.AssertionError"><![CDATA[java.lang.AssertionError: 
The accessors of CtConditional have problems:
UnsettableProperty CtConditional#type<spoon.reflect.reference.CtTypeReference<T>> sets the value
UnsettableProperty CtConditional#cast<java.util.List<spoon.reflect.reference.CtTypeReference<?>>> sets the value
UnsettableProperty CtConditional#annotation<java.util.List<spoon.reflect.declaration.CtAnnotation<? extends java.lang.annotation.Annotation>>> sets the value
UnsettableProperty CtConditional#comment<java.util.List<spoon.reflect.code.CtComment>> sets the value
	at spoon.test.replace.ReplaceParametrizedTest.testContract(ReplaceParametrizedTest.java:171)
]]></failure>
  </testcase>
  <testcase name="testContract[CtProvidedService]" classname="spoon.test.replace.ReplaceParametrizedTest" time="0.001">
    <failure message="The accessors of CtProvidedService have problems:&#10;UnsettableProperty CtProvidedService#annotation&lt;java.util.List&lt;spoon.reflect.declaration.CtAnnotation&lt;? extends java.lang.annotation.Annotation&gt;&gt;&gt; sets the value&#10;UnsettableProperty CtProvidedService#comment&lt;java.util.List&lt;spoon.reflect.code.CtComment&gt;&gt; sets the value" type="java.lang.AssertionError"><![CDATA[java.lang.AssertionError: 
The accessors of CtProvidedService have problems:
UnsettableProperty CtProvidedService#annotation<java.util.List<spoon.reflect.declaration.CtAnnotation<? extends java.lang.annotation.Annotation>>> sets the value
UnsettableProperty CtProvidedService#comment<java.util.List<spoon.reflect.code.CtComment>> sets the value
	at spoon.test.replace.ReplaceParametrizedTest.testContract(ReplaceParametrizedTest.java:171)
]]></failure>
  </testcase>
  <testcase name="testContract[CtParameter]" classname="spoon.test.replace.ReplaceParametrizedTest" time="0.002">
    <failure message="The accessors of CtParameter have problems:&#10;UnsettableProperty CtParameter#annotation&lt;java.util.List&lt;spoon.reflect.declaration.CtAnnotation&lt;? extends java.lang.annotation.Annotation&gt;&gt;&gt; sets the value&#10;UnsettableProperty CtParameter#comment&lt;java.util.List&lt;spoon.reflect.code.CtComment&gt;&gt; sets the value" type="java.lang.AssertionError"><![CDATA[java.lang.AssertionError: 
The accessors of CtParameter have problems:
UnsettableProperty CtParameter#annotation<java.util.List<spoon.reflect.declaration.CtAnnotation<? extends java.lang.annotation.Annotation>>> sets the value
UnsettableProperty CtParameter#comment<java.util.List<spoon.reflect.code.CtComment>> sets the value
	at spoon.test.replace.ReplaceParametrizedTest.testContract(ReplaceParametrizedTest.java:171)
]]></failure>
  </testcase>
  <testcase name="testContract[CtWhile]" classname="spoon.test.replace.ReplaceParametrizedTest" time="0.001">
    <failure message="The accessors of CtWhile have problems:&#10;UnsettableProperty CtWhile#body&lt;spoon.reflect.code.CtStatement&gt; sets the value&#10;UnsettableProperty CtWhile#annotation&lt;java.util.List&lt;spoon.reflect.declaration.CtAnnotation&lt;? extends java.lang.annotation.Annotation&gt;&gt;&gt; sets the value&#10;UnsettableProperty CtWhile#comment&lt;java.util.List&lt;spoon.reflect.code.CtComment&gt;&gt; sets the value" type="java.lang.AssertionError"><![CDATA[java.lang.AssertionError: 
The accessors of CtWhile have problems:
UnsettableProperty CtWhile#body<spoon.reflect.code.CtStatement> sets the value
UnsettableProperty CtWhile#annotation<java.util.List<spoon.reflect.declaration.CtAnnotation<? extends java.lang.annotation.Annotation>>> sets the value
UnsettableProperty CtWhile#comment<java.util.List<spoon.reflect.code.CtComment>> sets the value
	at spoon.test.replace.ReplaceParametrizedTest.testContract(ReplaceParametrizedTest.java:171)
]]></failure>
  </testcase>
  <testcase name="testContract[CtTypeReference]" classname="spoon.test.replace.ReplaceParametrizedTest" time="0.001"/>
  <testcase name="testContract[CtCatchVariableReference]" classname="spoon.test.replace.ReplaceParametrizedTest" time="0.001">
    <failure message="The accessors of CtCatchVariableReference have problems:&#10;UnsettableProperty CtCatchVariableReference#type&lt;spoon.reflect.reference.CtTypeReference&lt;T&gt;&gt; sets the value&#10;UnsettableProperty CtCatchVariableReference#annotation&lt;java.util.List&lt;spoon.reflect.declaration.CtAnnotation&lt;? extends java.lang.annotation.Annotation&gt;&gt;&gt; sets the value" type="java.lang.AssertionError"><![CDATA[java.lang.AssertionError: 
The accessors of CtCatchVariableReference have problems:
UnsettableProperty CtCatchVariableReference#type<spoon.reflect.reference.CtTypeReference<T>> sets the value
UnsettableProperty CtCatchVariableReference#annotation<java.util.List<spoon.reflect.declaration.CtAnnotation<? extends java.lang.annotation.Annotation>>> sets the value
	at spoon.test.replace.ReplaceParametrizedTest.testContract(ReplaceParametrizedTest.java:171)
]]></failure>
  </testcase>
  <testcase name="testContract[CtContinue]" classname="spoon.test.replace.ReplaceParametrizedTest" time="0.001">
    <failure message="The accessors of CtContinue have problems:&#10;UnsettableProperty CtContinue#annotation&lt;java.util.List&lt;spoon.reflect.declaration.CtAnnotation&lt;? extends java.lang.annotation.Annotation&gt;&gt;&gt; sets the value&#10;UnsettableProperty CtContinue#comment&lt;java.util.List&lt;spoon.reflect.code.CtComment&gt;&gt; sets the value" type="java.lang.AssertionError"><![CDATA[java.lang.AssertionError: 
The accessors of CtContinue have problems:
UnsettableProperty CtContinue#annotation<java.util.List<spoon.reflect.declaration.CtAnnotation<? extends java.lang.annotation.Annotation>>> sets the value
UnsettableProperty CtContinue#comment<java.util.List<spoon.reflect.code.CtComment>> sets the value
	at spoon.test.replace.ReplaceParametrizedTest.testContract(ReplaceParametrizedTest.java:171)
]]></failure>
  </testcase>
  <testcase name="testContract[CtInterface]" classname="spoon.test.replace.ReplaceParametrizedTest" time="0.003">
    <failure message="The accessors of CtInterface have problems:&#10;UnsettableProperty CtInterface#interface&lt;java.util.Set&lt;spoon.reflect.reference.CtTypeReference&lt;?&gt;&gt;&gt; sets the value&#10;UnsettableProperty CtInterface#typeMember&lt;java.util.List&lt;spoon.reflect.declaration.CtTypeMember&gt;&gt; sets the value&#10;UnsettableProperty CtInterface#typeParameter&lt;java.util.List&lt;spoon.reflect.declaration.CtTypeParameter&gt;&gt; sets the value&#10;UnsettableProperty CtInterface#annotation&lt;java.util.List&lt;spoon.reflect.declaration.CtAnnotation&lt;? extends java.lang.annotation.Annotation&gt;&gt;&gt; sets the value&#10;UnsettableProperty CtInterface#comment&lt;java.util.List&lt;spoon.reflect.code.CtComment&gt;&gt; sets the value" type="java.lang.AssertionError"><![CDATA[java.lang.AssertionError: 
The accessors of CtInterface have problems:
UnsettableProperty CtInterface#interface<java.util.Set<spoon.reflect.reference.CtTypeReference<?>>> sets the value
UnsettableProperty CtInterface#typeMember<java.util.List<spoon.reflect.declaration.CtTypeMember>> sets the value
UnsettableProperty CtInterface#typeParameter<java.util.List<spoon.reflect.declaration.CtTypeParameter>> sets the value
UnsettableProperty CtInterface#annotation<java.util.List<spoon.reflect.declaration.CtAnnotation<? extends java.lang.annotation.Annotation>>> sets the value
UnsettableProperty CtInterface#comment<java.util.List<spoon.reflect.code.CtComment>> sets the value
	at spoon.test.replace.ReplaceParametrizedTest.testContract(ReplaceParametrizedTest.java:171)
]]></failure>
  </testcase>
  <testcase name="testContract[CtAssignment]" classname="spoon.test.replace.ReplaceParametrizedTest" time="0.002">
    <failure message="The accessors of CtAssignment have problems:&#10;UnsettableProperty CtAssignment#annotation&lt;java.util.List&lt;spoon.reflect.declaration.CtAnnotation&lt;? extends java.lang.annotation.Annotation&gt;&gt;&gt; sets the value&#10;UnsettableProperty CtAssignment#comment&lt;java.util.List&lt;spoon.reflect.code.CtComment&gt;&gt; sets the value" type="java.lang.AssertionError"><![CDATA[java.lang.AssertionError: 
The accessors of CtAssignment have problems:
UnsettableProperty CtAssignment#annotation<java.util.List<spoon.reflect.declaration.CtAnnotation<? extends java.lang.annotation.Annotation>>> sets the value
UnsettableProperty CtAssignment#comment<java.util.List<spoon.reflect.code.CtComment>> sets the value
	at spoon.test.replace.ReplaceParametrizedTest.testContract(ReplaceParametrizedTest.java:171)
]]></failure>
  </testcase>
  <testcase name="testContract[CtBinaryOperator]" classname="spoon.test.replace.ReplaceParametrizedTest" time="0.003">
    <failure message="The accessors of CtBinaryOperator have problems:&#10;UnsettableProperty CtBinaryOperator#type&lt;spoon.reflect.reference.CtTypeReference&lt;T&gt;&gt; sets the value&#10;UnsettableProperty CtBinaryOperator#cast&lt;java.util.List&lt;spoon.reflect.reference.CtTypeReference&lt;?&gt;&gt;&gt; sets the value&#10;UnsettableProperty CtBinaryOperator#annotation&lt;java.util.List&lt;spoon.reflect.declaration.CtAnnotation&lt;? extends java.lang.annotation.Annotation&gt;&gt;&gt; sets the value&#10;UnsettableProperty CtBinaryOperator#comment&lt;java.util.List&lt;spoon.reflect.code.CtComment&gt;&gt; sets the value" type="java.lang.AssertionError"><![CDATA[java.lang.AssertionError: 
The accessors of CtBinaryOperator have problems:
UnsettableProperty CtBinaryOperator#type<spoon.reflect.reference.CtTypeReference<T>> sets the value
UnsettableProperty CtBinaryOperator#cast<java.util.List<spoon.reflect.reference.CtTypeReference<?>>> sets the value
UnsettableProperty CtBinaryOperator#annotation<java.util.List<spoon.reflect.declaration.CtAnnotation<? extends java.lang.annotation.Annotation>>> sets the value
UnsettableProperty CtBinaryOperator#comment<java.util.List<spoon.reflect.code.CtComment>> sets the value
	at spoon.test.replace.ReplaceParametrizedTest.testContract(ReplaceParametrizedTest.java:171)
]]></failure>
  </testcase>
  <testcase name="testContract[CtEnumValue]" classname="spoon.test.replace.ReplaceParametrizedTest" time="0.001">
    <failure message="The accessors of CtEnumValue have problems:&#10;UnsettableProperty CtEnumValue#type&lt;spoon.reflect.reference.CtTypeReference&lt;T&gt;&gt; sets the value&#10;UnsettableProperty CtEnumValue#defaultExpression&lt;spoon.reflect.code.CtExpression&lt;T&gt;&gt; sets the value&#10;UnsettableProperty CtEnumValue#annotation&lt;java.util.List&lt;spoon.reflect.declaration.CtAnnotation&lt;? extends java.lang.annotation.Annotation&gt;&gt;&gt; sets the value&#10;UnsettableProperty CtEnumValue#comment&lt;java.util.List&lt;spoon.reflect.code.CtComment&gt;&gt; sets the value" type="java.lang.AssertionError"><![CDATA[java.lang.AssertionError: 
The accessors of CtEnumValue have problems:
UnsettableProperty CtEnumValue#type<spoon.reflect.reference.CtTypeReference<T>> sets the value
UnsettableProperty CtEnumValue#defaultExpression<spoon.reflect.code.CtExpression<T>> sets the value
UnsettableProperty CtEnumValue#annotation<java.util.List<spoon.reflect.declaration.CtAnnotation<? extends java.lang.annotation.Annotation>>> sets the value
UnsettableProperty CtEnumValue#comment<java.util.List<spoon.reflect.code.CtComment>> sets the value
	at spoon.test.replace.ReplaceParametrizedTest.testContract(ReplaceParametrizedTest.java:171)
]]></failure>
  </testcase>
  <testcase name="testContract[CtModuleRequirement]" classname="spoon.test.replace.ReplaceParametrizedTest" time="0.002">
    <failure message="The accessors of CtModuleRequirement have problems:&#10;UnsettableProperty CtModuleRequirement#annotation&lt;java.util.List&lt;spoon.reflect.declaration.CtAnnotation&lt;? extends java.lang.annotation.Annotation&gt;&gt;&gt; sets the value&#10;UnsettableProperty CtModuleRequirement#comment&lt;java.util.List&lt;spoon.reflect.code.CtComment&gt;&gt; sets the value" type="java.lang.AssertionError"><![CDATA[java.lang.AssertionError: 
The accessors of CtModuleRequirement have problems:
UnsettableProperty CtModuleRequirement#annotation<java.util.List<spoon.reflect.declaration.CtAnnotation<? extends java.lang.annotation.Annotation>>> sets the value
UnsettableProperty CtModuleRequirement#comment<java.util.List<spoon.reflect.code.CtComment>> sets the value
	at spoon.test.replace.ReplaceParametrizedTest.testContract(ReplaceParametrizedTest.java:171)
]]></failure>
  </testcase>
  <testcase name="testContract[CtForEach]" classname="spoon.test.replace.ReplaceParametrizedTest" time="0.004">
    <failure message="The accessors of CtForEach have problems:&#10;UnsettableProperty CtForEach#body&lt;spoon.reflect.code.CtStatement&gt; sets the value&#10;UnsettableProperty CtForEach#annotation&lt;java.util.List&lt;spoon.reflect.declaration.CtAnnotation&lt;? extends java.lang.annotation.Annotation&gt;&gt;&gt; sets the value&#10;UnsettableProperty CtForEach#comment&lt;java.util.List&lt;spoon.reflect.code.CtComment&gt;&gt; sets the value" type="java.lang.AssertionError"><![CDATA[java.lang.AssertionError: 
The accessors of CtForEach have problems:
UnsettableProperty CtForEach#body<spoon.reflect.code.CtStatement> sets the value
UnsettableProperty CtForEach#annotation<java.util.List<spoon.reflect.declaration.CtAnnotation<? extends java.lang.annotation.Annotation>>> sets the value
UnsettableProperty CtForEach#comment<java.util.List<spoon.reflect.code.CtComment>> sets the value
	at spoon.test.replace.ReplaceParametrizedTest.testContract(ReplaceParametrizedTest.java:171)
]]></failure>
  </testcase>
  <testcase name="testContract[CtConstructor]" classname="spoon.test.replace.ReplaceParametrizedTest" time="0.004">
    <failure message="The accessors of CtConstructor have problems:&#10;UnsettableProperty CtConstructor#parameter&lt;java.util.List&lt;spoon.reflect.declaration.CtParameter&lt;?&gt;&gt;&gt; sets the value&#10;UnsettableProperty CtConstructor#thrown&lt;java.util.Set&lt;spoon.reflect.reference.CtTypeReference&lt;? extends java.lang.Throwable&gt;&gt;&gt; sets the value&#10;UnsettableProperty CtConstructor#body&lt;spoon.reflect.code.CtStatement&gt; sets the value&#10;UnsettableProperty CtConstructor#annotation&lt;java.util.List&lt;spoon.reflect.declaration.CtAnnotation&lt;? extends java.lang.annotation.Annotation&gt;&gt;&gt; sets the value&#10;UnsettableProperty CtConstructor#comment&lt;java.util.List&lt;spoon.reflect.code.CtComment&gt;&gt; sets the value" type="java.lang.AssertionError"><![CDATA[java.lang.AssertionError: 
The accessors of CtConstructor have problems:
UnsettableProperty CtConstructor#parameter<java.util.List<spoon.reflect.declaration.CtParameter<?>>> sets the value
UnsettableProperty CtConstructor#thrown<java.util.Set<spoon.reflect.reference.CtTypeReference<? extends java.lang.Throwable>>> sets the value
UnsettableProperty CtConstructor#body<spoon.reflect.code.CtStatement> sets the value
UnsettableProperty CtConstructor#annotation<java.util.List<spoon.reflect.declaration.CtAnnotation<? extends java.lang.annotation.Annotation>>> sets the value
UnsettableProperty CtConstructor#comment<java.util.List<spoon.reflect.code.CtComment>> sets the value
	at spoon.test.replace.ReplaceParametrizedTest.testContract(ReplaceParametrizedTest.java:171)
]]></failure>
  </testcase>
  <testcase name="testContract[CtSuperAccess]" classname="spoon.test.replace.ReplaceParametrizedTest" time="0.002">
    <failure message="The accessors of CtSuperAccess have problems:&#10;UnsettableProperty CtSuperAccess#variable&lt;spoon.reflect.reference.CtVariableReference&lt;T&gt;&gt; sets the value&#10;UnsettableProperty CtSuperAccess#type&lt;spoon.reflect.reference.CtTypeReference&lt;T&gt;&gt; sets the value&#10;UnsettableProperty CtSuperAccess#cast&lt;java.util.List&lt;spoon.reflect.reference.CtTypeReference&lt;?&gt;&gt;&gt; sets the value&#10;UnsettableProperty CtSuperAccess#annotation&lt;java.util.List&lt;spoon.reflect.declaration.CtAnnotation&lt;? extends java.lang.annotation.Annotation&gt;&gt;&gt; sets the value&#10;UnsettableProperty CtSuperAccess#comment&lt;java.util.List&lt;spoon.reflect.code.CtComment&gt;&gt; sets the value" type="java.lang.AssertionError"><![CDATA[java.lang.AssertionError: 
The accessors of CtSuperAccess have problems:
UnsettableProperty CtSuperAccess#variable<spoon.reflect.reference.CtVariableReference<T>> sets the value
UnsettableProperty CtSuperAccess#type<spoon.reflect.reference.CtTypeReference<T>> sets the value
UnsettableProperty CtSuperAccess#cast<java.util.List<spoon.reflect.reference.CtTypeReference<?>>> sets the value
UnsettableProperty CtSuperAccess#annotation<java.util.List<spoon.reflect.declaration.CtAnnotation<? extends java.lang.annotation.Annotation>>> sets the value
UnsettableProperty CtSuperAccess#comment<java.util.List<spoon.reflect.code.CtComment>> sets the value
	at spoon.test.replace.ReplaceParametrizedTest.testContract(ReplaceParametrizedTest.java:171)
]]></failure>
  </testcase>
  <testcase name="testContract[CtAnonymousExecutable]" classname="spoon.test.replace.ReplaceParametrizedTest" time="0.001">
    <failure message="Settable field CtAnonymousExecutable#thrown&lt;java.util.Set&lt;spoon.reflect.reference.CtTypeReference&lt;? extends java.lang.Throwable&gt;&gt;&gt; should set value.&#10;" type="java.lang.AssertionError"><![CDATA[java.lang.AssertionError: 
Settable field CtAnonymousExecutable#thrown<java.util.Set<spoon.reflect.reference.CtTypeReference<? extends java.lang.Throwable>>> should set value.

	at spoon.test.replace.ReplaceParametrizedTest.testContract(ReplaceParametrizedTest.java:151)
]]></failure>
  </testcase>
  <testcase name="testContract[CtComment]" classname="spoon.test.replace.ReplaceParametrizedTest" time="0.001">
    <failure message="The accessors of CtComment have problems:&#10;UnsettableProperty CtComment#annotation&lt;java.util.List&lt;spoon.reflect.declaration.CtAnnotation&lt;? extends java.lang.annotation.Annotation&gt;&gt;&gt; sets the value&#10;UnsettableProperty CtComment#comment&lt;java.util.List&lt;spoon.reflect.code.CtComment&gt;&gt; sets the value" type="java.lang.AssertionError"><![CDATA[java.lang.AssertionError: 
The accessors of CtComment have problems:
UnsettableProperty CtComment#annotation<java.util.List<spoon.reflect.declaration.CtAnnotation<? extends java.lang.annotation.Annotation>>> sets the value
UnsettableProperty CtComment#comment<java.util.List<spoon.reflect.code.CtComment>> sets the value
	at spoon.test.replace.ReplaceParametrizedTest.testContract(ReplaceParametrizedTest.java:171)
]]></failure>
  </testcase>
  <testcase name="testContract[CtWildcardReference]" classname="spoon.test.replace.ReplaceParametrizedTest" time="0.001"/>
  <testcase name="testContract[CtThisAccess]" classname="spoon.test.replace.ReplaceParametrizedTest" time="0.001">
    <failure message="The accessors of CtThisAccess have problems:&#10;UnsettableProperty CtThisAccess#target&lt;spoon.reflect.code.CtExpression&lt;?&gt;&gt; sets the value&#10;UnsettableProperty CtThisAccess#type&lt;spoon.reflect.reference.CtTypeReference&lt;T&gt;&gt; sets the value&#10;UnsettableProperty CtThisAccess#cast&lt;java.util.List&lt;spoon.reflect.reference.CtTypeReference&lt;?&gt;&gt;&gt; sets the value&#10;UnsettableProperty CtThisAccess#annotation&lt;java.util.List&lt;spoon.reflect.declaration.CtAnnotation&lt;? extends java.lang.annotation.Annotation&gt;&gt;&gt; sets the value&#10;UnsettableProperty CtThisAccess#comment&lt;java.util.List&lt;spoon.reflect.code.CtComment&gt;&gt; sets the value" type="java.lang.AssertionError"><![CDATA[java.lang.AssertionError: 
The accessors of CtThisAccess have problems:
UnsettableProperty CtThisAccess#target<spoon.reflect.code.CtExpression<?>> sets the value
UnsettableProperty CtThisAccess#type<spoon.reflect.reference.CtTypeReference<T>> sets the value
UnsettableProperty CtThisAccess#cast<java.util.List<spoon.reflect.reference.CtTypeReference<?>>> sets the value
UnsettableProperty CtThisAccess#annotation<java.util.List<spoon.reflect.declaration.CtAnnotation<? extends java.lang.annotation.Annotation>>> sets the value
UnsettableProperty CtThisAccess#comment<java.util.List<spoon.reflect.code.CtComment>> sets the value
	at spoon.test.replace.ReplaceParametrizedTest.testContract(ReplaceParametrizedTest.java:171)
]]></failure>
  </testcase>
  <testcase name="testContract[CtArrayWrite]" classname="spoon.test.replace.ReplaceParametrizedTest" time="0.001">
    <failure message="The accessors of CtArrayWrite have problems:&#10;UnsettableProperty CtArrayWrite#expression&lt;spoon.reflect.code.CtExpression&lt;java.lang.Integer&gt;&gt; sets the value&#10;UnsettableProperty CtArrayWrite#target&lt;spoon.reflect.code.CtExpression&lt;?&gt;&gt; sets the value&#10;UnsettableProperty CtArrayWrite#type&lt;spoon.reflect.reference.CtTypeReference&lt;T&gt;&gt; sets the value&#10;UnsettableProperty CtArrayWrite#cast&lt;java.util.List&lt;spoon.reflect.reference.CtTypeReference&lt;?&gt;&gt;&gt; sets the value&#10;UnsettableProperty CtArrayWrite#annotation&lt;java.util.List&lt;spoon.reflect.declaration.CtAnnotation&lt;? extends java.lang.annotation.Annotation&gt;&gt;&gt; sets the value&#10;UnsettableProperty CtArrayWrite#comment&lt;java.util.List&lt;spoon.reflect.code.CtComment&gt;&gt; sets the value" type="java.lang.AssertionError"><![CDATA[java.lang.AssertionError: 
The accessors of CtArrayWrite have problems:
UnsettableProperty CtArrayWrite#expression<spoon.reflect.code.CtExpression<java.lang.Integer>> sets the value
UnsettableProperty CtArrayWrite#target<spoon.reflect.code.CtExpression<?>> sets the value
UnsettableProperty CtArrayWrite#type<spoon.reflect.reference.CtTypeReference<T>> sets the value
UnsettableProperty CtArrayWrite#cast<java.util.List<spoon.reflect.reference.CtTypeReference<?>>> sets the value
UnsettableProperty CtArrayWrite#annotation<java.util.List<spoon.reflect.declaration.CtAnnotation<? extends java.lang.annotation.Annotation>>> sets the value
UnsettableProperty CtArrayWrite#comment<java.util.List<spoon.reflect.code.CtComment>> sets the value
	at spoon.test.replace.ReplaceParametrizedTest.testContract(ReplaceParametrizedTest.java:171)
]]></failure>
  </testcase>
  <testcase name="testContract[CtPackageReference]" classname="spoon.test.replace.ReplaceParametrizedTest" time="0.001">
    <failure message="The accessors of CtPackageReference have problems:&#10;UnsettableProperty CtPackageReference#annotation&lt;java.util.List&lt;spoon.reflect.declaration.CtAnnotation&lt;? extends java.lang.annotation.Annotation&gt;&gt;&gt; sets the value" type="java.lang.AssertionError"><![CDATA[java.lang.AssertionError: 
The accessors of CtPackageReference have problems:
UnsettableProperty CtPackageReference#annotation<java.util.List<spoon.reflect.declaration.CtAnnotation<? extends java.lang.annotation.Annotation>>> sets the value
	at spoon.test.replace.ReplaceParametrizedTest.testContract(ReplaceParametrizedTest.java:171)
]]></failure>
  </testcase>
  <testcase name="testContract[CtJavaDoc]" classname="spoon.test.replace.ReplaceParametrizedTest" time="0.002">
    <failure message="The accessors of CtJavaDoc have problems:&#10;UnsettableProperty CtJavaDoc#annotation&lt;java.util.List&lt;spoon.reflect.declaration.CtAnnotation&lt;? extends java.lang.annotation.Annotation&gt;&gt;&gt; sets the value&#10;UnsettableProperty CtJavaDoc#comment&lt;java.util.List&lt;spoon.reflect.code.CtComment&gt;&gt; sets the value" type="java.lang.AssertionError"><![CDATA[java.lang.AssertionError: 
The accessors of CtJavaDoc have problems:
UnsettableProperty CtJavaDoc#annotation<java.util.List<spoon.reflect.declaration.CtAnnotation<? extends java.lang.annotation.Annotation>>> sets the value
UnsettableProperty CtJavaDoc#comment<java.util.List<spoon.reflect.code.CtComment>> sets the value
	at spoon.test.replace.ReplaceParametrizedTest.testContract(ReplaceParametrizedTest.java:171)
]]></failure>
  </testcase>
  <testcase name="testContract[CtArrayRead]" classname="spoon.test.replace.ReplaceParametrizedTest" time="0.001">
    <failure message="The accessors of CtArrayRead have problems:&#10;UnsettableProperty CtArrayRead#expression&lt;spoon.reflect.code.CtExpression&lt;java.lang.Integer&gt;&gt; sets the value&#10;UnsettableProperty CtArrayRead#target&lt;spoon.reflect.code.CtExpression&lt;?&gt;&gt; sets the value&#10;UnsettableProperty CtArrayRead#type&lt;spoon.reflect.reference.CtTypeReference&lt;T&gt;&gt; sets the value&#10;UnsettableProperty CtArrayRead#cast&lt;java.util.List&lt;spoon.reflect.reference.CtTypeReference&lt;?&gt;&gt;&gt; sets the value&#10;UnsettableProperty CtArrayRead#annotation&lt;java.util.List&lt;spoon.reflect.declaration.CtAnnotation&lt;? extends java.lang.annotation.Annotation&gt;&gt;&gt; sets the value&#10;UnsettableProperty CtArrayRead#comment&lt;java.util.List&lt;spoon.reflect.code.CtComment&gt;&gt; sets the value" type="java.lang.AssertionError"><![CDATA[java.lang.AssertionError: 
The accessors of CtArrayRead have problems:
UnsettableProperty CtArrayRead#expression<spoon.reflect.code.CtExpression<java.lang.Integer>> sets the value
UnsettableProperty CtArrayRead#target<spoon.reflect.code.CtExpression<?>> sets the value
UnsettableProperty CtArrayRead#type<spoon.reflect.reference.CtTypeReference<T>> sets the value
UnsettableProperty CtArrayRead#cast<java.util.List<spoon.reflect.reference.CtTypeReference<?>>> sets the value
UnsettableProperty CtArrayRead#annotation<java.util.List<spoon.reflect.declaration.CtAnnotation<? extends java.lang.annotation.Annotation>>> sets the value
UnsettableProperty CtArrayRead#comment<java.util.List<spoon.reflect.code.CtComment>> sets the value
	at spoon.test.replace.ReplaceParametrizedTest.testContract(ReplaceParametrizedTest.java:171)
]]></failure>
  </testcase>
  <testcase name="testContract[CtStatementList]" classname="spoon.test.replace.ReplaceParametrizedTest" time="0.001">
    <failure message="The accessors of CtStatementList have problems:&#10;UnsettableProperty CtStatementList#annotation&lt;java.util.List&lt;spoon.reflect.declaration.CtAnnotation&lt;? extends java.lang.annotation.Annotation&gt;&gt;&gt; sets the value&#10;UnsettableProperty CtStatementList#comment&lt;java.util.List&lt;spoon.reflect.code.CtComment&gt;&gt; sets the value" type="java.lang.AssertionError"><![CDATA[java.lang.AssertionError: 
The accessors of CtStatementList have problems:
UnsettableProperty CtStatementList#annotation<java.util.List<spoon.reflect.declaration.CtAnnotation<? extends java.lang.annotation.Annotation>>> sets the value
UnsettableProperty CtStatementList#comment<java.util.List<spoon.reflect.code.CtComment>> sets the value
	at spoon.test.replace.ReplaceParametrizedTest.testContract(ReplaceParametrizedTest.java:171)
]]></failure>
  </testcase>
  <testcase name="testContract[CtVariableWrite]" classname="spoon.test.replace.ReplaceParametrizedTest" time="0.002">
    <failure message="The accessors of CtVariableWrite have problems:&#10;UnsettableProperty CtVariableWrite#variable&lt;spoon.reflect.reference.CtVariableReference&lt;T&gt;&gt; sets the value&#10;UnsettableProperty CtVariableWrite#type&lt;spoon.reflect.reference.CtTypeReference&lt;T&gt;&gt; sets the value&#10;UnsettableProperty CtVariableWrite#cast&lt;java.util.List&lt;spoon.reflect.reference.CtTypeReference&lt;?&gt;&gt;&gt; sets the value&#10;UnsettableProperty CtVariableWrite#annotation&lt;java.util.List&lt;spoon.reflect.declaration.CtAnnotation&lt;? extends java.lang.annotation.Annotation&gt;&gt;&gt; sets the value&#10;UnsettableProperty CtVariableWrite#comment&lt;java.util.List&lt;spoon.reflect.code.CtComment&gt;&gt; sets the value" type="java.lang.AssertionError"><![CDATA[java.lang.AssertionError: 
The accessors of CtVariableWrite have problems:
UnsettableProperty CtVariableWrite#variable<spoon.reflect.reference.CtVariableReference<T>> sets the value
UnsettableProperty CtVariableWrite#type<spoon.reflect.reference.CtTypeReference<T>> sets the value
UnsettableProperty CtVariableWrite#cast<java.util.List<spoon.reflect.reference.CtTypeReference<?>>> sets the value
UnsettableProperty CtVariableWrite#annotation<java.util.List<spoon.reflect.declaration.CtAnnotation<? extends java.lang.annotation.Annotation>>> sets the value
UnsettableProperty CtVariableWrite#comment<java.util.List<spoon.reflect.code.CtComment>> sets the value
	at spoon.test.replace.ReplaceParametrizedTest.testContract(ReplaceParametrizedTest.java:171)
]]></failure>
  </testcase>
  <testcase name="testContract[CtParameterReference]" classname="spoon.test.replace.ReplaceParametrizedTest" time="0.001">
    <failure message="The accessors of CtParameterReference have problems:&#10;UnsettableProperty CtParameterReference#type&lt;spoon.reflect.reference.CtTypeReference&lt;T&gt;&gt; sets the value&#10;UnsettableProperty CtParameterReference#annotation&lt;java.util.List&lt;spoon.reflect.declaration.CtAnnotation&lt;? extends java.lang.annotation.Annotation&gt;&gt;&gt; sets the value" type="java.lang.AssertionError"><![CDATA[java.lang.AssertionError: 
The accessors of CtParameterReference have problems:
UnsettableProperty CtParameterReference#type<spoon.reflect.reference.CtTypeReference<T>> sets the value
UnsettableProperty CtParameterReference#annotation<java.util.List<spoon.reflect.declaration.CtAnnotation<? extends java.lang.annotation.Annotation>>> sets the value
	at spoon.test.replace.ReplaceParametrizedTest.testContract(ReplaceParametrizedTest.java:171)
]]></failure>
  </testcase>
  <testcase name="testContract[CtOperatorAssignment]" classname="spoon.test.replace.ReplaceParametrizedTest" time="0.002">
    <failure message="The accessors of CtOperatorAssignment have problems:&#10;UnsettableProperty CtOperatorAssignment#type&lt;spoon.reflect.reference.CtTypeReference&lt;T&gt;&gt; sets the value&#10;UnsettableProperty CtOperatorAssignment#assignment&lt;spoon.reflect.code.CtExpression&lt;A&gt;&gt; sets the value&#10;UnsettableProperty CtOperatorAssignment#cast&lt;java.util.List&lt;spoon.reflect.reference.CtTypeReference&lt;?&gt;&gt;&gt; sets the value&#10;UnsettableProperty CtOperatorAssignment#assigned&lt;spoon.reflect.code.CtExpression&lt;T&gt;&gt; sets the value&#10;UnsettableProperty CtOperatorAssignment#annotation&lt;java.util.List&lt;spoon.reflect.declaration.CtAnnotation&lt;? extends java.lang.annotation.Annotation&gt;&gt;&gt; sets the value&#10;UnsettableProperty CtOperatorAssignment#comment&lt;java.util.List&lt;spoon.reflect.code.CtComment&gt;&gt; sets the value" type="java.lang.AssertionError"><![CDATA[java.lang.AssertionError: 
The accessors of CtOperatorAssignment have problems:
UnsettableProperty CtOperatorAssignment#type<spoon.reflect.reference.CtTypeReference<T>> sets the value
UnsettableProperty CtOperatorAssignment#assignment<spoon.reflect.code.CtExpression<A>> sets the value
UnsettableProperty CtOperatorAssignment#cast<java.util.List<spoon.reflect.reference.CtTypeReference<?>>> sets the value
UnsettableProperty CtOperatorAssignment#assigned<spoon.reflect.code.CtExpression<T>> sets the value
UnsettableProperty CtOperatorAssignment#annotation<java.util.List<spoon.reflect.declaration.CtAnnotation<? extends java.lang.annotation.Annotation>>> sets the value
UnsettableProperty CtOperatorAssignment#comment<java.util.List<spoon.reflect.code.CtComment>> sets the value
	at spoon.test.replace.ReplaceParametrizedTest.testContract(ReplaceParametrizedTest.java:171)
]]></failure>
  </testcase>
  <testcase name="testContract[CtAnnotationFieldAccess]" classname="spoon.test.replace.ReplaceParametrizedTest" time="0.002">
    <failure message="The accessors of CtAnnotationFieldAccess have problems:&#10;UnsettableProperty CtAnnotationFieldAccess#variable&lt;spoon.reflect.reference.CtFieldReference&lt;T&gt;&gt; sets the value&#10;UnsettableProperty CtAnnotationFieldAccess#target&lt;spoon.reflect.code.CtExpression&lt;?&gt;&gt; sets the value&#10;UnsettableProperty CtAnnotationFieldAccess#type&lt;spoon.reflect.reference.CtTypeReference&lt;T&gt;&gt; sets the value&#10;UnsettableProperty CtAnnotationFieldAccess#cast&lt;java.util.List&lt;spoon.reflect.reference.CtTypeReference&lt;?&gt;&gt;&gt; sets the value&#10;UnsettableProperty CtAnnotationFieldAccess#annotation&lt;java.util.List&lt;spoon.reflect.declaration.CtAnnotation&lt;? extends java.lang.annotation.Annotation&gt;&gt;&gt; sets the value&#10;UnsettableProperty CtAnnotationFieldAccess#comment&lt;java.util.List&lt;spoon.reflect.code.CtComment&gt;&gt; sets the value" type="java.lang.AssertionError"><![CDATA[java.lang.AssertionError: 
The accessors of CtAnnotationFieldAccess have problems:
UnsettableProperty CtAnnotationFieldAccess#variable<spoon.reflect.reference.CtFieldReference<T>> sets the value
UnsettableProperty CtAnnotationFieldAccess#target<spoon.reflect.code.CtExpression<?>> sets the value
UnsettableProperty CtAnnotationFieldAccess#type<spoon.reflect.reference.CtTypeReference<T>> sets the value
UnsettableProperty CtAnnotationFieldAccess#cast<java.util.List<spoon.reflect.reference.CtTypeReference<?>>> sets the value
UnsettableProperty CtAnnotationFieldAccess#annotation<java.util.List<spoon.reflect.declaration.CtAnnotation<? extends java.lang.annotation.Annotation>>> sets the value
UnsettableProperty CtAnnotationFieldAccess#comment<java.util.List<spoon.reflect.code.CtComment>> sets the value
	at spoon.test.replace.ReplaceParametrizedTest.testContract(ReplaceParametrizedTest.java:171)
]]></failure>
  </testcase>
  <testcase name="testContract[CtUnboundVariableReference]" classname="spoon.test.replace.ReplaceParametrizedTest" time="0.001">
    <failure message="The accessors of CtUnboundVariableReference have problems:&#10;UnsettableProperty CtUnboundVariableReference#type&lt;spoon.reflect.reference.CtTypeReference&lt;T&gt;&gt; sets the value" type="java.lang.AssertionError"><![CDATA[java.lang.AssertionError: 
The accessors of CtUnboundVariableReference have problems:
UnsettableProperty CtUnboundVariableReference#type<spoon.reflect.reference.CtTypeReference<T>> sets the value
	at spoon.test.replace.ReplaceParametrizedTest.testContract(ReplaceParametrizedTest.java:171)
]]></failure>
  </testcase>
  <testcase name="testContract[CtAnnotationMethod]" classname="spoon.test.replace.ReplaceParametrizedTest" time="0.004">
    <failure message="The accessors of CtAnnotationMethod have problems:&#10;UnsettableProperty CtAnnotationMethod#type&lt;spoon.reflect.reference.CtTypeReference&lt;T&gt;&gt; sets the value&#10;UnsettableProperty CtAnnotationMethod#annotation&lt;java.util.List&lt;spoon.reflect.declaration.CtAnnotation&lt;? extends java.lang.annotation.Annotation&gt;&gt;&gt; sets the value&#10;UnsettableProperty CtAnnotationMethod#comment&lt;java.util.List&lt;spoon.reflect.code.CtComment&gt;&gt; sets the value" type="java.lang.AssertionError"><![CDATA[java.lang.AssertionError: 
The accessors of CtAnnotationMethod have problems:
UnsettableProperty CtAnnotationMethod#type<spoon.reflect.reference.CtTypeReference<T>> sets the value
UnsettableProperty CtAnnotationMethod#annotation<java.util.List<spoon.reflect.declaration.CtAnnotation<? extends java.lang.annotation.Annotation>>> sets the value
UnsettableProperty CtAnnotationMethod#comment<java.util.List<spoon.reflect.code.CtComment>> sets the value
	at spoon.test.replace.ReplaceParametrizedTest.testContract(ReplaceParametrizedTest.java:171)
]]></failure>
  </testcase>
  <testcase name="testContract[CtClass]" classname="spoon.test.replace.ReplaceParametrizedTest" time="0.003">
    <failure message="The accessors of CtClass have problems:&#10;UnsettableProperty CtClass#interface&lt;java.util.Set&lt;spoon.reflect.reference.CtTypeReference&lt;?&gt;&gt;&gt; sets the value&#10;UnsettableProperty CtClass#typeMember&lt;java.util.List&lt;spoon.reflect.declaration.CtTypeMember&gt;&gt; sets the value&#10;UnsettableProperty CtClass#typeParameter&lt;java.util.List&lt;spoon.reflect.declaration.CtTypeParameter&gt;&gt; sets the value&#10;UnsettableProperty CtClass#annotation&lt;java.util.List&lt;spoon.reflect.declaration.CtAnnotation&lt;? extends java.lang.annotation.Annotation&gt;&gt;&gt; sets the value&#10;UnsettableProperty CtClass#comment&lt;java.util.List&lt;spoon.reflect.code.CtComment&gt;&gt; sets the value" type="java.lang.AssertionError"><![CDATA[java.lang.AssertionError: 
The accessors of CtClass have problems:
UnsettableProperty CtClass#interface<java.util.Set<spoon.reflect.reference.CtTypeReference<?>>> sets the value
UnsettableProperty CtClass#typeMember<java.util.List<spoon.reflect.declaration.CtTypeMember>> sets the value
UnsettableProperty CtClass#typeParameter<java.util.List<spoon.reflect.declaration.CtTypeParameter>> sets the value
UnsettableProperty CtClass#annotation<java.util.List<spoon.reflect.declaration.CtAnnotation<? extends java.lang.annotation.Annotation>>> sets the value
UnsettableProperty CtClass#comment<java.util.List<spoon.reflect.code.CtComment>> sets the value
	at spoon.test.replace.ReplaceParametrizedTest.testContract(ReplaceParametrizedTest.java:171)
]]></failure>
  </testcase>
  <testcase name="testContract[CtBlock]" classname="spoon.test.replace.ReplaceParametrizedTest" time="0.001">
    <failure message="The accessors of CtBlock have problems:&#10;UnsettableProperty CtBlock#annotation&lt;java.util.List&lt;spoon.reflect.declaration.CtAnnotation&lt;? extends java.lang.annotation.Annotation&gt;&gt;&gt; sets the value&#10;UnsettableProperty CtBlock#comment&lt;java.util.List&lt;spoon.reflect.code.CtComment&gt;&gt; sets the value" type="java.lang.AssertionError"><![CDATA[java.lang.AssertionError: 
The accessors of CtBlock have problems:
UnsettableProperty CtBlock#annotation<java.util.List<spoon.reflect.declaration.CtAnnotation<? extends java.lang.annotation.Annotation>>> sets the value
UnsettableProperty CtBlock#comment<java.util.List<spoon.reflect.code.CtComment>> sets the value
	at spoon.test.replace.ReplaceParametrizedTest.testContract(ReplaceParametrizedTest.java:171)
]]></failure>
  </testcase>
  <testcase name="testContract[CtPackage]" classname="spoon.test.replace.ReplaceParametrizedTest" time="0.002">
    <failure message="The accessors of CtPackage have problems:&#10;UnsettableProperty CtPackage#annotation&lt;java.util.List&lt;spoon.reflect.declaration.CtAnnotation&lt;? extends java.lang.annotation.Annotation&gt;&gt;&gt; sets the value&#10;UnsettableProperty CtPackage#comment&lt;java.util.List&lt;spoon.reflect.code.CtComment&gt;&gt; sets the value" type="java.lang.AssertionError"><![CDATA[java.lang.AssertionError: 
The accessors of CtPackage have problems:
UnsettableProperty CtPackage#annotation<java.util.List<spoon.reflect.declaration.CtAnnotation<? extends java.lang.annotation.Annotation>>> sets the value
UnsettableProperty CtPackage#comment<java.util.List<spoon.reflect.code.CtComment>> sets the value
	at spoon.test.replace.ReplaceParametrizedTest.testContract(ReplaceParametrizedTest.java:171)
]]></failure>
  </testcase>
  <testcase name="testContract[CtTryWithResource]" classname="spoon.test.replace.ReplaceParametrizedTest" time="0.003">
    <failure message="The accessors of CtTryWithResource have problems:&#10;UnsettableProperty CtTryWithResource#body&lt;spoon.reflect.code.CtStatement&gt; sets the value&#10;UnsettableProperty CtTryWithResource#finalizer&lt;spoon.reflect.code.CtBlock&lt;?&gt;&gt; sets the value&#10;UnsettableProperty CtTryWithResource#catch&lt;java.util.List&lt;spoon.reflect.code.CtCatch&gt;&gt; sets the value&#10;UnsettableProperty CtTryWithResource#annotation&lt;java.util.List&lt;spoon.reflect.declaration.CtAnnotation&lt;? extends java.lang.annotation.Annotation&gt;&gt;&gt; sets the value&#10;UnsettableProperty CtTryWithResource#comment&lt;java.util.List&lt;spoon.reflect.code.CtComment&gt;&gt; sets the value" type="java.lang.AssertionError"><![CDATA[java.lang.AssertionError: 
The accessors of CtTryWithResource have problems:
UnsettableProperty CtTryWithResource#body<spoon.reflect.code.CtStatement> sets the value
UnsettableProperty CtTryWithResource#finalizer<spoon.reflect.code.CtBlock<?>> sets the value
UnsettableProperty CtTryWithResource#catch<java.util.List<spoon.reflect.code.CtCatch>> sets the value
UnsettableProperty CtTryWithResource#annotation<java.util.List<spoon.reflect.declaration.CtAnnotation<? extends java.lang.annotation.Annotation>>> sets the value
UnsettableProperty CtTryWithResource#comment<java.util.List<spoon.reflect.code.CtComment>> sets the value
	at spoon.test.replace.ReplaceParametrizedTest.testContract(ReplaceParametrizedTest.java:171)
]]></failure>
  </testcase>
  <testcase name="testContract[CtAssert]" classname="spoon.test.replace.ReplaceParametrizedTest" time="0.001">
    <failure message="The accessors of CtAssert have problems:&#10;UnsettableProperty CtAssert#annotation&lt;java.util.List&lt;spoon.reflect.declaration.CtAnnotation&lt;? extends java.lang.annotation.Annotation&gt;&gt;&gt; sets the value&#10;UnsettableProperty CtAssert#comment&lt;java.util.List&lt;spoon.reflect.code.CtComment&gt;&gt; sets the value" type="java.lang.AssertionError"><![CDATA[java.lang.AssertionError: 
The accessors of CtAssert have problems:
UnsettableProperty CtAssert#annotation<java.util.List<spoon.reflect.declaration.CtAnnotation<? extends java.lang.annotation.Annotation>>> sets the value
UnsettableProperty CtAssert#comment<java.util.List<spoon.reflect.code.CtComment>> sets the value
	at spoon.test.replace.ReplaceParametrizedTest.testContract(ReplaceParametrizedTest.java:171)
]]></failure>
  </testcase>
  <testcase name="testContract[CtSwitch]" classname="spoon.test.replace.ReplaceParametrizedTest" time="0.002">
    <failure message="The accessors of CtSwitch have problems:&#10;UnsettableProperty CtSwitch#annotation&lt;java.util.List&lt;spoon.reflect.declaration.CtAnnotation&lt;? extends java.lang.annotation.Annotation&gt;&gt;&gt; sets the value&#10;UnsettableProperty CtSwitch#comment&lt;java.util.List&lt;spoon.reflect.code.CtComment&gt;&gt; sets the value" type="java.lang.AssertionError"><![CDATA[java.lang.AssertionError: 
The accessors of CtSwitch have problems:
UnsettableProperty CtSwitch#annotation<java.util.List<spoon.reflect.declaration.CtAnnotation<? extends java.lang.annotation.Annotation>>> sets the value
UnsettableProperty CtSwitch#comment<java.util.List<spoon.reflect.code.CtComment>> sets the value
	at spoon.test.replace.ReplaceParametrizedTest.testContract(ReplaceParametrizedTest.java:171)
]]></failure>
  </testcase>
  <testcase name="testContract[CtTry]" classname="spoon.test.replace.ReplaceParametrizedTest" time="0.002">
    <failure message="The accessors of CtTry have problems:&#10;UnsettableProperty CtTry#annotation&lt;java.util.List&lt;spoon.reflect.declaration.CtAnnotation&lt;? extends java.lang.annotation.Annotation&gt;&gt;&gt; sets the value&#10;UnsettableProperty CtTry#comment&lt;java.util.List&lt;spoon.reflect.code.CtComment&gt;&gt; sets the value" type="java.lang.AssertionError"><![CDATA[java.lang.AssertionError: 
The accessors of CtTry have problems:
UnsettableProperty CtTry#annotation<java.util.List<spoon.reflect.declaration.CtAnnotation<? extends java.lang.annotation.Annotation>>> sets the value
UnsettableProperty CtTry#comment<java.util.List<spoon.reflect.code.CtComment>> sets the value
	at spoon.test.replace.ReplaceParametrizedTest.testContract(ReplaceParametrizedTest.java:171)
]]></failure>
  </testcase>
  <testcase name="testContract[CtSynchronized]" classname="spoon.test.replace.ReplaceParametrizedTest" time="0.002">
    <failure message="The accessors of CtSynchronized have problems:&#10;UnsettableProperty CtSynchronized#annotation&lt;java.util.List&lt;spoon.reflect.declaration.CtAnnotation&lt;? extends java.lang.annotation.Annotation&gt;&gt;&gt; sets the value&#10;UnsettableProperty CtSynchronized#comment&lt;java.util.List&lt;spoon.reflect.code.CtComment&gt;&gt; sets the value" type="java.lang.AssertionError"><![CDATA[java.lang.AssertionError: 
The accessors of CtSynchronized have problems:
UnsettableProperty CtSynchronized#annotation<java.util.List<spoon.reflect.declaration.CtAnnotation<? extends java.lang.annotation.Annotation>>> sets the value
UnsettableProperty CtSynchronized#comment<java.util.List<spoon.reflect.code.CtComment>> sets the value
	at spoon.test.replace.ReplaceParametrizedTest.testContract(ReplaceParametrizedTest.java:171)
]]></failure>
  </testcase>
  <testcase name="testContract[CtTypeParameterReference]" classname="spoon.test.replace.ReplaceParametrizedTest" time="0.001"/>
  <testcase name="testContract[CtImport]" classname="spoon.test.replace.ReplaceParametrizedTest" time="0.001">
    <failure message="The accessors of CtImport have problems:&#10;UnsettableProperty CtImport#annotation&lt;java.util.List&lt;spoon.reflect.declaration.CtAnnotation&lt;? extends java.lang.annotation.Annotation&gt;&gt;&gt; sets the value&#10;UnsettableProperty CtImport#comment&lt;java.util.List&lt;spoon.reflect.code.CtComment&gt;&gt; sets the value" type="java.lang.AssertionError"><![CDATA[java.lang.AssertionError: 
The accessors of CtImport have problems:
UnsettableProperty CtImport#annotation<java.util.List<spoon.reflect.declaration.CtAnnotation<? extends java.lang.annotation.Annotation>>> sets the value
UnsettableProperty CtImport#comment<java.util.List<spoon.reflect.code.CtComment>> sets the value
	at spoon.test.replace.ReplaceParametrizedTest.testContract(ReplaceParametrizedTest.java:171)
]]></failure>
  </testcase>
  <testcase name="testContract[CtInvocation]" classname="spoon.test.replace.ReplaceParametrizedTest" time="0.003">
    <failure message="The accessors of CtInvocation have problems:&#10;UnsettableProperty CtInvocation#target&lt;spoon.reflect.code.CtExpression&lt;?&gt;&gt; sets the value&#10;UnsettableProperty CtInvocation#cast&lt;java.util.List&lt;spoon.reflect.reference.CtTypeReference&lt;?&gt;&gt;&gt; sets the value&#10;UnsettableProperty CtInvocation#annotation&lt;java.util.List&lt;spoon.reflect.declaration.CtAnnotation&lt;? extends java.lang.annotation.Annotation&gt;&gt;&gt; sets the value&#10;UnsettableProperty CtInvocation#comment&lt;java.util.List&lt;spoon.reflect.code.CtComment&gt;&gt; sets the value" type="java.lang.AssertionError"><![CDATA[java.lang.AssertionError: 
The accessors of CtInvocation have problems:
UnsettableProperty CtInvocation#target<spoon.reflect.code.CtExpression<?>> sets the value
UnsettableProperty CtInvocation#cast<java.util.List<spoon.reflect.reference.CtTypeReference<?>>> sets the value
UnsettableProperty CtInvocation#annotation<java.util.List<spoon.reflect.declaration.CtAnnotation<? extends java.lang.annotation.Annotation>>> sets the value
UnsettableProperty CtInvocation#comment<java.util.List<spoon.reflect.code.CtComment>> sets the value
	at spoon.test.replace.ReplaceParametrizedTest.testContract(ReplaceParametrizedTest.java:171)
]]></failure>
  </testcase>
  <testcase name="testContract[CtCodeSnippetExpression]" classname="spoon.test.replace.ReplaceParametrizedTest" time="0.002">
    <failure message="The accessors of CtCodeSnippetExpression have problems:&#10;UnsettableProperty CtCodeSnippetExpression#type&lt;spoon.reflect.reference.CtTypeReference&lt;T&gt;&gt; sets the value&#10;UnsettableProperty CtCodeSnippetExpression#cast&lt;java.util.List&lt;spoon.reflect.reference.CtTypeReference&lt;?&gt;&gt;&gt; sets the value&#10;UnsettableProperty CtCodeSnippetExpression#annotation&lt;java.util.List&lt;spoon.reflect.declaration.CtAnnotation&lt;? extends java.lang.annotation.Annotation&gt;&gt;&gt; sets the value&#10;UnsettableProperty CtCodeSnippetExpression#comment&lt;java.util.List&lt;spoon.reflect.code.CtComment&gt;&gt; sets the value" type="java.lang.AssertionError"><![CDATA[java.lang.AssertionError: 
The accessors of CtCodeSnippetExpression have problems:
UnsettableProperty CtCodeSnippetExpression#type<spoon.reflect.reference.CtTypeReference<T>> sets the value
UnsettableProperty CtCodeSnippetExpression#cast<java.util.List<spoon.reflect.reference.CtTypeReference<?>>> sets the value
UnsettableProperty CtCodeSnippetExpression#annotation<java.util.List<spoon.reflect.declaration.CtAnnotation<? extends java.lang.annotation.Annotation>>> sets the value
UnsettableProperty CtCodeSnippetExpression#comment<java.util.List<spoon.reflect.code.CtComment>> sets the value
	at spoon.test.replace.ReplaceParametrizedTest.testContract(ReplaceParametrizedTest.java:171)
]]></failure>
  </testcase>
  <testcase name="testContract[CtFieldWrite]" classname="spoon.test.replace.ReplaceParametrizedTest" time="0.002">
    <failure message="The accessors of CtFieldWrite have problems:&#10;UnsettableProperty CtFieldWrite#variable&lt;spoon.reflect.reference.CtFieldReference&lt;T&gt;&gt; sets the value&#10;UnsettableProperty CtFieldWrite#target&lt;spoon.reflect.code.CtExpression&lt;?&gt;&gt; sets the value&#10;UnsettableProperty CtFieldWrite#type&lt;spoon.reflect.reference.CtTypeReference&lt;T&gt;&gt; sets the value&#10;UnsettableProperty CtFieldWrite#cast&lt;java.util.List&lt;spoon.reflect.reference.CtTypeReference&lt;?&gt;&gt;&gt; sets the value&#10;UnsettableProperty CtFieldWrite#annotation&lt;java.util.List&lt;spoon.reflect.declaration.CtAnnotation&lt;? extends java.lang.annotation.Annotation&gt;&gt;&gt; sets the value&#10;UnsettableProperty CtFieldWrite#comment&lt;java.util.List&lt;spoon.reflect.code.CtComment&gt;&gt; sets the value" type="java.lang.AssertionError"><![CDATA[java.lang.AssertionError: 
The accessors of CtFieldWrite have problems:
UnsettableProperty CtFieldWrite#variable<spoon.reflect.reference.CtFieldReference<T>> sets the value
UnsettableProperty CtFieldWrite#target<spoon.reflect.code.CtExpression<?>> sets the value
UnsettableProperty CtFieldWrite#type<spoon.reflect.reference.CtTypeReference<T>> sets the value
UnsettableProperty CtFieldWrite#cast<java.util.List<spoon.reflect.reference.CtTypeReference<?>>> sets the value
UnsettableProperty CtFieldWrite#annotation<java.util.List<spoon.reflect.declaration.CtAnnotation<? extends java.lang.annotation.Annotation>>> sets the value
UnsettableProperty CtFieldWrite#comment<java.util.List<spoon.reflect.code.CtComment>> sets the value
	at spoon.test.replace.ReplaceParametrizedTest.testContract(ReplaceParametrizedTest.java:171)
]]></failure>
  </testcase>
  <testcase name="testContract[CtUnaryOperator]" classname="spoon.test.replace.ReplaceParametrizedTest" time="0.002">
    <failure message="The accessors of CtUnaryOperator have problems:&#10;UnsettableProperty CtUnaryOperator#type&lt;spoon.reflect.reference.CtTypeReference&lt;T&gt;&gt; sets the value&#10;UnsettableProperty CtUnaryOperator#cast&lt;java.util.List&lt;spoon.reflect.reference.CtTypeReference&lt;?&gt;&gt;&gt; sets the value&#10;UnsettableProperty CtUnaryOperator#annotation&lt;java.util.List&lt;spoon.reflect.declaration.CtAnnotation&lt;? extends java.lang.annotation.Annotation&gt;&gt;&gt; sets the value&#10;UnsettableProperty CtUnaryOperator#comment&lt;java.util.List&lt;spoon.reflect.code.CtComment&gt;&gt; sets the value" type="java.lang.AssertionError"><![CDATA[java.lang.AssertionError: 
The accessors of CtUnaryOperator have problems:
UnsettableProperty CtUnaryOperator#type<spoon.reflect.reference.CtTypeReference<T>> sets the value
UnsettableProperty CtUnaryOperator#cast<java.util.List<spoon.reflect.reference.CtTypeReference<?>>> sets the value
UnsettableProperty CtUnaryOperator#annotation<java.util.List<spoon.reflect.declaration.CtAnnotation<? extends java.lang.annotation.Annotation>>> sets the value
UnsettableProperty CtUnaryOperator#comment<java.util.List<spoon.reflect.code.CtComment>> sets the value
	at spoon.test.replace.ReplaceParametrizedTest.testContract(ReplaceParametrizedTest.java:171)
]]></failure>
  </testcase>
  <testcase name="testContract[CtExecutableReference]" classname="spoon.test.replace.ReplaceParametrizedTest" time="0.002">
    <failure message="The accessors of CtExecutableReference have problems:&#10;UnsettableProperty CtExecutableReference#annotation&lt;java.util.List&lt;spoon.reflect.declaration.CtAnnotation&lt;? extends java.lang.annotation.Annotation&gt;&gt;&gt; sets the value" type="java.lang.AssertionError"><![CDATA[java.lang.AssertionError: 
The accessors of CtExecutableReference have problems:
UnsettableProperty CtExecutableReference#annotation<java.util.List<spoon.reflect.declaration.CtAnnotation<? extends java.lang.annotation.Annotation>>> sets the value
	at spoon.test.replace.ReplaceParametrizedTest.testContract(ReplaceParametrizedTest.java:171)
]]></failure>
  </testcase>
  <testcase name="testContract[CtFor]" classname="spoon.test.replace.ReplaceParametrizedTest" time="0.002">
    <failure message="The accessors of CtFor have problems:&#10;UnsettableProperty CtFor#body&lt;spoon.reflect.code.CtStatement&gt; sets the value&#10;UnsettableProperty CtFor#annotation&lt;java.util.List&lt;spoon.reflect.declaration.CtAnnotation&lt;? extends java.lang.annotation.Annotation&gt;&gt;&gt; sets the value&#10;UnsettableProperty CtFor#comment&lt;java.util.List&lt;spoon.reflect.code.CtComment&gt;&gt; sets the value" type="java.lang.AssertionError"><![CDATA[java.lang.AssertionError: 
The accessors of CtFor have problems:
UnsettableProperty CtFor#body<spoon.reflect.code.CtStatement> sets the value
UnsettableProperty CtFor#annotation<java.util.List<spoon.reflect.declaration.CtAnnotation<? extends java.lang.annotation.Annotation>>> sets the value
UnsettableProperty CtFor#comment<java.util.List<spoon.reflect.code.CtComment>> sets the value
	at spoon.test.replace.ReplaceParametrizedTest.testContract(ReplaceParametrizedTest.java:171)
]]></failure>
  </testcase>
  <testcase name="testContract[CtVariableRead]" classname="spoon.test.replace.ReplaceParametrizedTest" time="0.002">
    <failure message="The accessors of CtVariableRead have problems:&#10;UnsettableProperty CtVariableRead#variable&lt;spoon.reflect.reference.CtVariableReference&lt;T&gt;&gt; sets the value&#10;UnsettableProperty CtVariableRead#type&lt;spoon.reflect.reference.CtTypeReference&lt;T&gt;&gt; sets the value&#10;UnsettableProperty CtVariableRead#cast&lt;java.util.List&lt;spoon.reflect.reference.CtTypeReference&lt;?&gt;&gt;&gt; sets the value&#10;UnsettableProperty CtVariableRead#annotation&lt;java.util.List&lt;spoon.reflect.declaration.CtAnnotation&lt;? extends java.lang.annotation.Annotation&gt;&gt;&gt; sets the value&#10;UnsettableProperty CtVariableRead#comment&lt;java.util.List&lt;spoon.reflect.code.CtComment&gt;&gt; sets the value" type="java.lang.AssertionError"><![CDATA[java.lang.AssertionError: 
The accessors of CtVariableRead have problems:
UnsettableProperty CtVariableRead#variable<spoon.reflect.reference.CtVariableReference<T>> sets the value
UnsettableProperty CtVariableRead#type<spoon.reflect.reference.CtTypeReference<T>> sets the value
UnsettableProperty CtVariableRead#cast<java.util.List<spoon.reflect.reference.CtTypeReference<?>>> sets the value
UnsettableProperty CtVariableRead#annotation<java.util.List<spoon.reflect.declaration.CtAnnotation<? extends java.lang.annotation.Annotation>>> sets the value
UnsettableProperty CtVariableRead#comment<java.util.List<spoon.reflect.code.CtComment>> sets the value
	at spoon.test.replace.ReplaceParametrizedTest.testContract(ReplaceParametrizedTest.java:171)
]]></failure>
  </testcase>
  <testcase name="testContract[CtTypeParameter]" classname="spoon.test.replace.ReplaceParametrizedTest" time="0.002">
    <failure message="The accessors of CtTypeParameter have problems:&#10;UnsettableProperty CtTypeParameter#annotation&lt;java.util.List&lt;spoon.reflect.declaration.CtAnnotation&lt;? extends java.lang.annotation.Annotation&gt;&gt;&gt; sets the value&#10;UnsettableProperty CtTypeParameter#comment&lt;java.util.List&lt;spoon.reflect.code.CtComment&gt;&gt; sets the value" type="java.lang.AssertionError"><![CDATA[java.lang.AssertionError: 
The accessors of CtTypeParameter have problems:
UnsettableProperty CtTypeParameter#annotation<java.util.List<spoon.reflect.declaration.CtAnnotation<? extends java.lang.annotation.Annotation>>> sets the value
UnsettableProperty CtTypeParameter#comment<java.util.List<spoon.reflect.code.CtComment>> sets the value
	at spoon.test.replace.ReplaceParametrizedTest.testContract(ReplaceParametrizedTest.java:171)
]]></failure>
  </testcase>
  <testcase name="testContract[CtLocalVariable]" classname="spoon.test.replace.ReplaceParametrizedTest" time="0.001">
    <failure message="The accessors of CtLocalVariable have problems:&#10;UnsettableProperty CtLocalVariable#annotation&lt;java.util.List&lt;spoon.reflect.declaration.CtAnnotation&lt;? extends java.lang.annotation.Annotation&gt;&gt;&gt; sets the value&#10;UnsettableProperty CtLocalVariable#comment&lt;java.util.List&lt;spoon.reflect.code.CtComment&gt;&gt; sets the value" type="java.lang.AssertionError"><![CDATA[java.lang.AssertionError: 
The accessors of CtLocalVariable have problems:
UnsettableProperty CtLocalVariable#annotation<java.util.List<spoon.reflect.declaration.CtAnnotation<? extends java.lang.annotation.Annotation>>> sets the value
UnsettableProperty CtLocalVariable#comment<java.util.List<spoon.reflect.code.CtComment>> sets the value
	at spoon.test.replace.ReplaceParametrizedTest.testContract(ReplaceParametrizedTest.java:171)
]]></failure>
  </testcase>
  <testcase name="testContract[CtIf]" classname="spoon.test.replace.ReplaceParametrizedTest" time="0.002">
    <failure message="The accessors of CtIf have problems:&#10;UnsettableProperty CtIf#annotation&lt;java.util.List&lt;spoon.reflect.declaration.CtAnnotation&lt;? extends java.lang.annotation.Annotation&gt;&gt;&gt; sets the value&#10;UnsettableProperty CtIf#comment&lt;java.util.List&lt;spoon.reflect.code.CtComment&gt;&gt; sets the value" type="java.lang.AssertionError"><![CDATA[java.lang.AssertionError: 
The accessors of CtIf have problems:
UnsettableProperty CtIf#annotation<java.util.List<spoon.reflect.declaration.CtAnnotation<? extends java.lang.annotation.Annotation>>> sets the value
UnsettableProperty CtIf#comment<java.util.List<spoon.reflect.code.CtComment>> sets the value
	at spoon.test.replace.ReplaceParametrizedTest.testContract(ReplaceParametrizedTest.java:171)
]]></failure>
  </testcase>
  <testcase name="testContract[CtModule]" classname="spoon.test.replace.ReplaceParametrizedTest" time="0.004">
    <failure message="The accessors of CtModule have problems:&#10;UnsettableProperty CtModule#annotation&lt;java.util.List&lt;spoon.reflect.declaration.CtAnnotation&lt;? extends java.lang.annotation.Annotation&gt;&gt;&gt; sets the value&#10;UnsettableProperty CtModule#comment&lt;java.util.List&lt;spoon.reflect.code.CtComment&gt;&gt; sets the value" type="java.lang.AssertionError"><![CDATA[java.lang.AssertionError: 
The accessors of CtModule have problems:
UnsettableProperty CtModule#annotation<java.util.List<spoon.reflect.declaration.CtAnnotation<? extends java.lang.annotation.Annotation>>> sets the value
UnsettableProperty CtModule#comment<java.util.List<spoon.reflect.code.CtComment>> sets the value
	at spoon.test.replace.ReplaceParametrizedTest.testContract(ReplaceParametrizedTest.java:171)
]]></failure>
  </testcase>
  <testcase name="testContract[CtPackageExport]" classname="spoon.test.replace.ReplaceParametrizedTest" time="0.002">
    <failure message="The accessors of CtPackageExport have problems:&#10;UnsettableProperty CtPackageExport#annotation&lt;java.util.List&lt;spoon.reflect.declaration.CtAnnotation&lt;? extends java.lang.annotation.Annotation&gt;&gt;&gt; sets the value&#10;UnsettableProperty CtPackageExport#comment&lt;java.util.List&lt;spoon.reflect.code.CtComment&gt;&gt; sets the value" type="java.lang.AssertionError"><![CDATA[java.lang.AssertionError: 
The accessors of CtPackageExport have problems:
UnsettableProperty CtPackageExport#annotation<java.util.List<spoon.reflect.declaration.CtAnnotation<? extends java.lang.annotation.Annotation>>> sets the value
UnsettableProperty CtPackageExport#comment<java.util.List<spoon.reflect.code.CtComment>> sets the value
	at spoon.test.replace.ReplaceParametrizedTest.testContract(ReplaceParametrizedTest.java:171)
]]></failure>
  </testcase>
  <testcase name="testContract[CtConstructorCall]" classname="spoon.test.replace.ReplaceParametrizedTest" time="0.002">
    <failure message="The accessors of CtConstructorCall have problems:&#10;UnsettableProperty CtConstructorCall#target&lt;spoon.reflect.code.CtExpression&lt;?&gt;&gt; sets the value&#10;UnsettableProperty CtConstructorCall#cast&lt;java.util.List&lt;spoon.reflect.reference.CtTypeReference&lt;?&gt;&gt;&gt; sets the value&#10;UnsettableProperty CtConstructorCall#annotation&lt;java.util.List&lt;spoon.reflect.declaration.CtAnnotation&lt;? extends java.lang.annotation.Annotation&gt;&gt;&gt; sets the value&#10;UnsettableProperty CtConstructorCall#comment&lt;java.util.List&lt;spoon.reflect.code.CtComment&gt;&gt; sets the value" type="java.lang.AssertionError"><![CDATA[java.lang.AssertionError: 
The accessors of CtConstructorCall have problems:
UnsettableProperty CtConstructorCall#target<spoon.reflect.code.CtExpression<?>> sets the value
UnsettableProperty CtConstructorCall#cast<java.util.List<spoon.reflect.reference.CtTypeReference<?>>> sets the value
UnsettableProperty CtConstructorCall#annotation<java.util.List<spoon.reflect.declaration.CtAnnotation<? extends java.lang.annotation.Annotation>>> sets the value
UnsettableProperty CtConstructorCall#comment<java.util.List<spoon.reflect.code.CtComment>> sets the value
	at spoon.test.replace.ReplaceParametrizedTest.testContract(ReplaceParametrizedTest.java:171)
]]></failure>
  </testcase>
  <testcase name="testContract[CtCase]" classname="spoon.test.replace.ReplaceParametrizedTest" time="0.001">
    <failure message="The accessors of CtCase have problems:&#10;UnsettableProperty CtCase#annotation&lt;java.util.List&lt;spoon.reflect.declaration.CtAnnotation&lt;? extends java.lang.annotation.Annotation&gt;&gt;&gt; sets the value&#10;UnsettableProperty CtCase#comment&lt;java.util.List&lt;spoon.reflect.code.CtComment&gt;&gt; sets the value" type="java.lang.AssertionError"><![CDATA[java.lang.AssertionError: 
The accessors of CtCase have problems:
UnsettableProperty CtCase#annotation<java.util.List<spoon.reflect.declaration.CtAnnotation<? extends java.lang.annotation.Annotation>>> sets the value
UnsettableProperty CtCase#comment<java.util.List<spoon.reflect.code.CtComment>> sets the value
	at spoon.test.replace.ReplaceParametrizedTest.testContract(ReplaceParametrizedTest.java:171)
]]></failure>
  </testcase>
  <testcase name="testContract[CtModuleReference]" classname="spoon.test.replace.ReplaceParametrizedTest" time="0.001">
    <failure message="The accessors of CtModuleReference have problems:&#10;UnsettableProperty CtModuleReference#annotation&lt;java.util.List&lt;spoon.reflect.declaration.CtAnnotation&lt;? extends java.lang.annotation.Annotation&gt;&gt;&gt; sets the value" type="java.lang.AssertionError"><![CDATA[java.lang.AssertionError: 
The accessors of CtModuleReference have problems:
UnsettableProperty CtModuleReference#annotation<java.util.List<spoon.reflect.declaration.CtAnnotation<? extends java.lang.annotation.Annotation>>> sets the value
	at spoon.test.replace.ReplaceParametrizedTest.testContract(ReplaceParametrizedTest.java:171)
]]></failure>
  </testcase>
  <testcase name="testContract[CtCatch]" classname="spoon.test.replace.ReplaceParametrizedTest" time="0.002">
    <failure message="The accessors of CtCatch have problems:&#10;UnsettableProperty CtCatch#annotation&lt;java.util.List&lt;spoon.reflect.declaration.CtAnnotation&lt;? extends java.lang.annotation.Annotation&gt;&gt;&gt; sets the value&#10;UnsettableProperty CtCatch#comment&lt;java.util.List&lt;spoon.reflect.code.CtComment&gt;&gt; sets the value" type="java.lang.AssertionError"><![CDATA[java.lang.AssertionError: 
The accessors of CtCatch have problems:
UnsettableProperty CtCatch#annotation<java.util.List<spoon.reflect.declaration.CtAnnotation<? extends java.lang.annotation.Annotation>>> sets the value
UnsettableProperty CtCatch#comment<java.util.List<spoon.reflect.code.CtComment>> sets the value
	at spoon.test.replace.ReplaceParametrizedTest.testContract(ReplaceParametrizedTest.java:171)
]]></failure>
  </testcase>
  <testcase name="testContract[CtArrayTypeReference]" classname="spoon.test.replace.ReplaceParametrizedTest" time="0.002"/>
  <testcase name="testContract[CtMethod]" classname="spoon.test.replace.ReplaceParametrizedTest" time="0.003">
    <failure message="The accessors of CtMethod have problems:&#10;UnsettableProperty CtMethod#parameter&lt;java.util.List&lt;spoon.reflect.declaration.CtParameter&lt;?&gt;&gt;&gt; sets the value&#10;UnsettableProperty CtMethod#thrown&lt;java.util.Set&lt;spoon.reflect.reference.CtTypeReference&lt;? extends java.lang.Throwable&gt;&gt;&gt; sets the value&#10;UnsettableProperty CtMethod#body&lt;spoon.reflect.code.CtStatement&gt; sets the value&#10;UnsettableProperty CtMethod#annotation&lt;java.util.List&lt;spoon.reflect.declaration.CtAnnotation&lt;? extends java.lang.annotation.Annotation&gt;&gt;&gt; sets the value&#10;UnsettableProperty CtMethod#comment&lt;java.util.List&lt;spoon.reflect.code.CtComment&gt;&gt; sets the value" type="java.lang.AssertionError"><![CDATA[java.lang.AssertionError: 
The accessors of CtMethod have problems:
UnsettableProperty CtMethod#parameter<java.util.List<spoon.reflect.declaration.CtParameter<?>>> sets the value
UnsettableProperty CtMethod#thrown<java.util.Set<spoon.reflect.reference.CtTypeReference<? extends java.lang.Throwable>>> sets the value
UnsettableProperty CtMethod#body<spoon.reflect.code.CtStatement> sets the value
UnsettableProperty CtMethod#annotation<java.util.List<spoon.reflect.declaration.CtAnnotation<? extends java.lang.annotation.Annotation>>> sets the value
UnsettableProperty CtMethod#comment<java.util.List<spoon.reflect.code.CtComment>> sets the value
	at spoon.test.replace.ReplaceParametrizedTest.testContract(ReplaceParametrizedTest.java:171)
]]></failure>
  </testcase>
  <testcase name="testContract[CtLambda]" classname="spoon.test.replace.ReplaceParametrizedTest" time="0.003">
    <failure message="The accessors of CtLambda have problems:&#10;UnsettableProperty CtLambda#type&lt;spoon.reflect.reference.CtTypeReference&lt;T&gt;&gt; sets the value&#10;UnsettableProperty CtLambda#cast&lt;java.util.List&lt;spoon.reflect.reference.CtTypeReference&lt;?&gt;&gt;&gt; sets the value&#10;UnsettableProperty CtLambda#annotation&lt;java.util.List&lt;spoon.reflect.declaration.CtAnnotation&lt;? extends java.lang.annotation.Annotation&gt;&gt;&gt; sets the value&#10;UnsettableProperty CtLambda#comment&lt;java.util.List&lt;spoon.reflect.code.CtComment&gt;&gt; sets the value" type="java.lang.AssertionError"><![CDATA[java.lang.AssertionError: 
The accessors of CtLambda have problems:
UnsettableProperty CtLambda#type<spoon.reflect.reference.CtTypeReference<T>> sets the value
UnsettableProperty CtLambda#cast<java.util.List<spoon.reflect.reference.CtTypeReference<?>>> sets the value
UnsettableProperty CtLambda#annotation<java.util.List<spoon.reflect.declaration.CtAnnotation<? extends java.lang.annotation.Annotation>>> sets the value
UnsettableProperty CtLambda#comment<java.util.List<spoon.reflect.code.CtComment>> sets the value
	at spoon.test.replace.ReplaceParametrizedTest.testContract(ReplaceParametrizedTest.java:171)
]]></failure>
  </testcase>
  <testcase name="testContract[CtNewArray]" classname="spoon.test.replace.ReplaceParametrizedTest" time="0.002">
    <failure message="The accessors of CtNewArray have problems:&#10;UnsettableProperty CtNewArray#type&lt;spoon.reflect.reference.CtTypeReference&lt;T&gt;&gt; sets the value&#10;UnsettableProperty CtNewArray#cast&lt;java.util.List&lt;spoon.reflect.reference.CtTypeReference&lt;?&gt;&gt;&gt; sets the value&#10;UnsettableProperty CtNewArray#annotation&lt;java.util.List&lt;spoon.reflect.declaration.CtAnnotation&lt;? extends java.lang.annotation.Annotation&gt;&gt;&gt; sets the value&#10;UnsettableProperty CtNewArray#comment&lt;java.util.List&lt;spoon.reflect.code.CtComment&gt;&gt; sets the value" type="java.lang.AssertionError"><![CDATA[java.lang.AssertionError: 
The accessors of CtNewArray have problems:
UnsettableProperty CtNewArray#type<spoon.reflect.reference.CtTypeReference<T>> sets the value
UnsettableProperty CtNewArray#cast<java.util.List<spoon.reflect.reference.CtTypeReference<?>>> sets the value
UnsettableProperty CtNewArray#annotation<java.util.List<spoon.reflect.declaration.CtAnnotation<? extends java.lang.annotation.Annotation>>> sets the value
UnsettableProperty CtNewArray#comment<java.util.List<spoon.reflect.code.CtComment>> sets the value
	at spoon.test.replace.ReplaceParametrizedTest.testContract(ReplaceParametrizedTest.java:171)
]]></failure>
  </testcase>
  <testcase name="testContract[CtIntersectionTypeReference]" classname="spoon.test.replace.ReplaceParametrizedTest" time="0.001"/>
  <testcase name="testContract[CtUsedService]" classname="spoon.test.replace.ReplaceParametrizedTest" time="0.001">
    <failure message="The accessors of CtUsedService have problems:&#10;UnsettableProperty CtUsedService#annotation&lt;java.util.List&lt;spoon.reflect.declaration.CtAnnotation&lt;? extends java.lang.annotation.Annotation&gt;&gt;&gt; sets the value&#10;UnsettableProperty CtUsedService#comment&lt;java.util.List&lt;spoon.reflect.code.CtComment&gt;&gt; sets the value" type="java.lang.AssertionError"><![CDATA[java.lang.AssertionError: 
The accessors of CtUsedService have problems:
UnsettableProperty CtUsedService#annotation<java.util.List<spoon.reflect.declaration.CtAnnotation<? extends java.lang.annotation.Annotation>>> sets the value
UnsettableProperty CtUsedService#comment<java.util.List<spoon.reflect.code.CtComment>> sets the value
	at spoon.test.replace.ReplaceParametrizedTest.testContract(ReplaceParametrizedTest.java:171)
]]></failure>
  </testcase>
  <testcase name="testContract[CtThrow]" classname="spoon.test.replace.ReplaceParametrizedTest" time="0.002">
    <failure message="The accessors of CtThrow have problems:&#10;UnsettableProperty CtThrow#annotation&lt;java.util.List&lt;spoon.reflect.declaration.CtAnnotation&lt;? extends java.lang.annotation.Annotation&gt;&gt;&gt; sets the value&#10;UnsettableProperty CtThrow#comment&lt;java.util.List&lt;spoon.reflect.code.CtComment&gt;&gt; sets the value" type="java.lang.AssertionError"><![CDATA[java.lang.AssertionError: 
The accessors of CtThrow have problems:
UnsettableProperty CtThrow#annotation<java.util.List<spoon.reflect.declaration.CtAnnotation<? extends java.lang.annotation.Annotation>>> sets the value
UnsettableProperty CtThrow#comment<java.util.List<spoon.reflect.code.CtComment>> sets the value
	at spoon.test.replace.ReplaceParametrizedTest.testContract(ReplaceParametrizedTest.java:171)
]]></failure>
  </testcase>
  <testcase name="testContract[CtLiteral]" classname="spoon.test.replace.ReplaceParametrizedTest" time="0.001">
    <failure message="The accessors of CtLiteral have problems:&#10;UnsettableProperty CtLiteral#type&lt;spoon.reflect.reference.CtTypeReference&lt;T&gt;&gt; sets the value&#10;UnsettableProperty CtLiteral#cast&lt;java.util.List&lt;spoon.reflect.reference.CtTypeReference&lt;?&gt;&gt;&gt; sets the value&#10;UnsettableProperty CtLiteral#annotation&lt;java.util.List&lt;spoon.reflect.declaration.CtAnnotation&lt;? extends java.lang.annotation.Annotation&gt;&gt;&gt; sets the value&#10;UnsettableProperty CtLiteral#comment&lt;java.util.List&lt;spoon.reflect.code.CtComment&gt;&gt; sets the value" type="java.lang.AssertionError"><![CDATA[java.lang.AssertionError: 
The accessors of CtLiteral have problems:
UnsettableProperty CtLiteral#type<spoon.reflect.reference.CtTypeReference<T>> sets the value
UnsettableProperty CtLiteral#cast<java.util.List<spoon.reflect.reference.CtTypeReference<?>>> sets the value
UnsettableProperty CtLiteral#annotation<java.util.List<spoon.reflect.declaration.CtAnnotation<? extends java.lang.annotation.Annotation>>> sets the value
UnsettableProperty CtLiteral#comment<java.util.List<spoon.reflect.code.CtComment>> sets the value
	at spoon.test.replace.ReplaceParametrizedTest.testContract(ReplaceParametrizedTest.java:171)
]]></failure>
  </testcase>
  <testcase name="testContract[CtReturn]" classname="spoon.test.replace.ReplaceParametrizedTest" time="0.001">
    <failure message="The accessors of CtReturn have problems:&#10;UnsettableProperty CtReturn#annotation&lt;java.util.List&lt;spoon.reflect.declaration.CtAnnotation&lt;? extends java.lang.annotation.Annotation&gt;&gt;&gt; sets the value&#10;UnsettableProperty CtReturn#comment&lt;java.util.List&lt;spoon.reflect.code.CtComment&gt;&gt; sets the value" type="java.lang.AssertionError"><![CDATA[java.lang.AssertionError: 
The accessors of CtReturn have problems:
UnsettableProperty CtReturn#annotation<java.util.List<spoon.reflect.declaration.CtAnnotation<? extends java.lang.annotation.Annotation>>> sets the value
UnsettableProperty CtReturn#comment<java.util.List<spoon.reflect.code.CtComment>> sets the value
	at spoon.test.replace.ReplaceParametrizedTest.testContract(ReplaceParametrizedTest.java:171)
]]></failure>
  </testcase>
  <testcase name="testContract[CtField]" classname="spoon.test.replace.ReplaceParametrizedTest" time="0.002">
    <failure message="The accessors of CtField have problems:&#10;UnsettableProperty CtField#annotation&lt;java.util.List&lt;spoon.reflect.declaration.CtAnnotation&lt;? extends java.lang.annotation.Annotation&gt;&gt;&gt; sets the value&#10;UnsettableProperty CtField#comment&lt;java.util.List&lt;spoon.reflect.code.CtComment&gt;&gt; sets the value" type="java.lang.AssertionError"><![CDATA[java.lang.AssertionError: 
The accessors of CtField have problems:
UnsettableProperty CtField#annotation<java.util.List<spoon.reflect.declaration.CtAnnotation<? extends java.lang.annotation.Annotation>>> sets the value
UnsettableProperty CtField#comment<java.util.List<spoon.reflect.code.CtComment>> sets the value
	at spoon.test.replace.ReplaceParametrizedTest.testContract(ReplaceParametrizedTest.java:171)
]]></failure>
  </testcase>
  <testcase name="testContract[CtJavaDocTag]" classname="spoon.test.replace.ReplaceParametrizedTest" time="0">
    <failure message="The accessors of CtJavaDocTag have problems:&#10;UnsettableProperty CtJavaDocTag#annotation&lt;java.util.List&lt;spoon.reflect.declaration.CtAnnotation&lt;? extends java.lang.annotation.Annotation&gt;&gt;&gt; sets the value&#10;UnsettableProperty CtJavaDocTag#comment&lt;java.util.List&lt;spoon.reflect.code.CtComment&gt;&gt; sets the value" type="java.lang.AssertionError"><![CDATA[java.lang.AssertionError: 
The accessors of CtJavaDocTag have problems:
UnsettableProperty CtJavaDocTag#annotation<java.util.List<spoon.reflect.declaration.CtAnnotation<? extends java.lang.annotation.Annotation>>> sets the value
UnsettableProperty CtJavaDocTag#comment<java.util.List<spoon.reflect.code.CtComment>> sets the value
	at spoon.test.replace.ReplaceParametrizedTest.testContract(ReplaceParametrizedTest.java:171)
]]></failure>
  </testcase>
  <testcase name="testContract[CtTypeAccess]" classname="spoon.test.replace.ReplaceParametrizedTest" time="0.002">
    <failure message="The accessors of CtTypeAccess have problems:&#10;UnsettableProperty CtTypeAccess#cast&lt;java.util.List&lt;spoon.reflect.reference.CtTypeReference&lt;?&gt;&gt;&gt; sets the value&#10;UnsettableProperty CtTypeAccess#annotation&lt;java.util.List&lt;spoon.reflect.declaration.CtAnnotation&lt;? extends java.lang.annotation.Annotation&gt;&gt;&gt; sets the value&#10;UnsettableProperty CtTypeAccess#comment&lt;java.util.List&lt;spoon.reflect.code.CtComment&gt;&gt; sets the value" type="java.lang.AssertionError"><![CDATA[java.lang.AssertionError: 
The accessors of CtTypeAccess have problems:
UnsettableProperty CtTypeAccess#cast<java.util.List<spoon.reflect.reference.CtTypeReference<?>>> sets the value
UnsettableProperty CtTypeAccess#annotation<java.util.List<spoon.reflect.declaration.CtAnnotation<? extends java.lang.annotation.Annotation>>> sets the value
UnsettableProperty CtTypeAccess#comment<java.util.List<spoon.reflect.code.CtComment>> sets the value
	at spoon.test.replace.ReplaceParametrizedTest.testContract(ReplaceParametrizedTest.java:171)
]]></failure>
  </testcase>
  <testcase name="testContract[CtCodeSnippetStatement]" classname="spoon.test.replace.ReplaceParametrizedTest" time="0.001">
    <failure message="The accessors of CtCodeSnippetStatement have problems:&#10;UnsettableProperty CtCodeSnippetStatement#annotation&lt;java.util.List&lt;spoon.reflect.declaration.CtAnnotation&lt;? extends java.lang.annotation.Annotation&gt;&gt;&gt; sets the value&#10;UnsettableProperty CtCodeSnippetStatement#comment&lt;java.util.List&lt;spoon.reflect.code.CtComment&gt;&gt; sets the value" type="java.lang.AssertionError"><![CDATA[java.lang.AssertionError: 
The accessors of CtCodeSnippetStatement have problems:
UnsettableProperty CtCodeSnippetStatement#annotation<java.util.List<spoon.reflect.declaration.CtAnnotation<? extends java.lang.annotation.Annotation>>> sets the value
UnsettableProperty CtCodeSnippetStatement#comment<java.util.List<spoon.reflect.code.CtComment>> sets the value
	at spoon.test.replace.ReplaceParametrizedTest.testContract(ReplaceParametrizedTest.java:171)
]]></failure>
  </testcase>
  <testcase name="testContract[CtDo]" classname="spoon.test.replace.ReplaceParametrizedTest" time="0.001">
    <failure message="The accessors of CtDo have problems:&#10;UnsettableProperty CtDo#body&lt;spoon.reflect.code.CtStatement&gt; sets the value&#10;UnsettableProperty CtDo#annotation&lt;java.util.List&lt;spoon.reflect.declaration.CtAnnotation&lt;? extends java.lang.annotation.Annotation&gt;&gt;&gt; sets the value&#10;UnsettableProperty CtDo#comment&lt;java.util.List&lt;spoon.reflect.code.CtComment&gt;&gt; sets the value" type="java.lang.AssertionError"><![CDATA[java.lang.AssertionError: 
The accessors of CtDo have problems:
UnsettableProperty CtDo#body<spoon.reflect.code.CtStatement> sets the value
UnsettableProperty CtDo#annotation<java.util.List<spoon.reflect.declaration.CtAnnotation<? extends java.lang.annotation.Annotation>>> sets the value
UnsettableProperty CtDo#comment<java.util.List<spoon.reflect.code.CtComment>> sets the value
	at spoon.test.replace.ReplaceParametrizedTest.testContract(ReplaceParametrizedTest.java:171)
]]></failure>
  </testcase>
  <testcase name="testContract[CtAnnotation]" classname="spoon.test.replace.ReplaceParametrizedTest" time="0.003">
    <failure message="The accessors of CtAnnotation have problems:&#10;UnsettableProperty CtAnnotation#type&lt;spoon.reflect.reference.CtTypeReference&lt;T&gt;&gt; sets the value&#10;UnsettableProperty CtAnnotation#annotation&lt;java.util.List&lt;spoon.reflect.declaration.CtAnnotation&lt;? extends java.lang.annotation.Annotation&gt;&gt;&gt; sets the value&#10;UnsettableProperty CtAnnotation#comment&lt;java.util.List&lt;spoon.reflect.code.CtComment&gt;&gt; sets the value" type="java.lang.AssertionError"><![CDATA[java.lang.AssertionError: 
The accessors of CtAnnotation have problems:
UnsettableProperty CtAnnotation#type<spoon.reflect.reference.CtTypeReference<T>> sets the value
UnsettableProperty CtAnnotation#annotation<java.util.List<spoon.reflect.declaration.CtAnnotation<? extends java.lang.annotation.Annotation>>> sets the value
UnsettableProperty CtAnnotation#comment<java.util.List<spoon.reflect.code.CtComment>> sets the value
	at spoon.test.replace.ReplaceParametrizedTest.testContract(ReplaceParametrizedTest.java:171)
]]></failure>
  </testcase>
  <testcase name="testContract[CtFieldRead]" classname="spoon.test.replace.ReplaceParametrizedTest" time="0.001">
    <failure message="The accessors of CtFieldRead have problems:&#10;UnsettableProperty CtFieldRead#variable&lt;spoon.reflect.reference.CtFieldReference&lt;T&gt;&gt; sets the value&#10;UnsettableProperty CtFieldRead#target&lt;spoon.reflect.code.CtExpression&lt;?&gt;&gt; sets the value&#10;UnsettableProperty CtFieldRead#type&lt;spoon.reflect.reference.CtTypeReference&lt;T&gt;&gt; sets the value&#10;UnsettableProperty CtFieldRead#cast&lt;java.util.List&lt;spoon.reflect.reference.CtTypeReference&lt;?&gt;&gt;&gt; sets the value&#10;UnsettableProperty CtFieldRead#annotation&lt;java.util.List&lt;spoon.reflect.declaration.CtAnnotation&lt;? extends java.lang.annotation.Annotation&gt;&gt;&gt; sets the value&#10;UnsettableProperty CtFieldRead#comment&lt;java.util.List&lt;spoon.reflect.code.CtComment&gt;&gt; sets the value" type="java.lang.AssertionError"><![CDATA[java.lang.AssertionError: 
The accessors of CtFieldRead have problems:
UnsettableProperty CtFieldRead#variable<spoon.reflect.reference.CtFieldReference<T>> sets the value
UnsettableProperty CtFieldRead#target<spoon.reflect.code.CtExpression<?>> sets the value
UnsettableProperty CtFieldRead#type<spoon.reflect.reference.CtTypeReference<T>> sets the value
UnsettableProperty CtFieldRead#cast<java.util.List<spoon.reflect.reference.CtTypeReference<?>>> sets the value
UnsettableProperty CtFieldRead#annotation<java.util.List<spoon.reflect.declaration.CtAnnotation<? extends java.lang.annotation.Annotation>>> sets the value
UnsettableProperty CtFieldRead#comment<java.util.List<spoon.reflect.code.CtComment>> sets the value
	at spoon.test.replace.ReplaceParametrizedTest.testContract(ReplaceParametrizedTest.java:171)
]]></failure>
  </testcase>
  <testcase name="testContract[CtBreak]" classname="spoon.test.replace.ReplaceParametrizedTest" time="0.001">
    <failure message="The accessors of CtBreak have problems:&#10;UnsettableProperty CtBreak#annotation&lt;java.util.List&lt;spoon.reflect.declaration.CtAnnotation&lt;? extends java.lang.annotation.Annotation&gt;&gt;&gt; sets the value&#10;UnsettableProperty CtBreak#comment&lt;java.util.List&lt;spoon.reflect.code.CtComment&gt;&gt; sets the value" type="java.lang.AssertionError"><![CDATA[java.lang.AssertionError: 
The accessors of CtBreak have problems:
UnsettableProperty CtBreak#annotation<java.util.List<spoon.reflect.declaration.CtAnnotation<? extends java.lang.annotation.Annotation>>> sets the value
UnsettableProperty CtBreak#comment<java.util.List<spoon.reflect.code.CtComment>> sets the value
	at spoon.test.replace.ReplaceParametrizedTest.testContract(ReplaceParametrizedTest.java:171)
]]></failure>
  </testcase>
  <testcase name="testContract[CtFieldReference]" classname="spoon.test.replace.ReplaceParametrizedTest" time="0.001">
    <failure message="The accessors of CtFieldReference have problems:&#10;UnsettableProperty CtFieldReference#type&lt;spoon.reflect.reference.CtTypeReference&lt;T&gt;&gt; sets the value&#10;UnsettableProperty CtFieldReference#annotation&lt;java.util.List&lt;spoon.reflect.declaration.CtAnnotation&lt;? extends java.lang.annotation.Annotation&gt;&gt;&gt; sets the value" type="java.lang.AssertionError"><![CDATA[java.lang.AssertionError: 
The accessors of CtFieldReference have problems:
UnsettableProperty CtFieldReference#type<spoon.reflect.reference.CtTypeReference<T>> sets the value
UnsettableProperty CtFieldReference#annotation<java.util.List<spoon.reflect.declaration.CtAnnotation<? extends java.lang.annotation.Annotation>>> sets the value
	at spoon.test.replace.ReplaceParametrizedTest.testContract(ReplaceParametrizedTest.java:171)
]]></failure>
  </testcase>
  <testcase name="testContract[CtEnum]" classname="spoon.test.replace.ReplaceParametrizedTest" time="0.005">
    <failure message="The accessors of CtEnum have problems:&#10;UnsettableProperty CtEnum#interface&lt;java.util.Set&lt;spoon.reflect.reference.CtTypeReference&lt;?&gt;&gt;&gt; sets the value&#10;UnsettableProperty CtEnum#typeMember&lt;java.util.List&lt;spoon.reflect.declaration.CtTypeMember&gt;&gt; sets the value&#10;UnsettableProperty CtEnum#annotation&lt;java.util.List&lt;spoon.reflect.declaration.CtAnnotation&lt;? extends java.lang.annotation.Annotation&gt;&gt;&gt; sets the value&#10;UnsettableProperty CtEnum#comment&lt;java.util.List&lt;spoon.reflect.code.CtComment&gt;&gt; sets the value" type="java.lang.AssertionError"><![CDATA[java.lang.AssertionError: 
The accessors of CtEnum have problems:
UnsettableProperty CtEnum#interface<java.util.Set<spoon.reflect.reference.CtTypeReference<?>>> sets the value
UnsettableProperty CtEnum#typeMember<java.util.List<spoon.reflect.declaration.CtTypeMember>> sets the value
UnsettableProperty CtEnum#annotation<java.util.List<spoon.reflect.declaration.CtAnnotation<? extends java.lang.annotation.Annotation>>> sets the value
UnsettableProperty CtEnum#comment<java.util.List<spoon.reflect.code.CtComment>> sets the value
	at spoon.test.replace.ReplaceParametrizedTest.testContract(ReplaceParametrizedTest.java:171)
]]></failure>
  </testcase>
  <testcase name="testContract[CtNewClass]" classname="spoon.test.replace.ReplaceParametrizedTest" time="0.004">
    <failure message="The accessors of CtNewClass have problems:&#10;UnsettableProperty CtNewClass#type&lt;spoon.reflect.reference.CtTypeReference&lt;T&gt;&gt; sets the value&#10;UnsettableProperty CtNewClass#argument&lt;java.util.List&lt;spoon.reflect.code.CtExpression&lt;?&gt;&gt;&gt; sets the value&#10;UnsettableProperty CtNewClass#executableRef&lt;spoon.reflect.reference.CtExecutableReference&lt;T&gt;&gt; sets the value&#10;UnsettableProperty CtNewClass#target&lt;spoon.reflect.code.CtExpression&lt;?&gt;&gt; sets the value&#10;UnsettableProperty CtNewClass#cast&lt;java.util.List&lt;spoon.reflect.reference.CtTypeReference&lt;?&gt;&gt;&gt; sets the value&#10;UnsettableProperty CtNewClass#annotation&lt;java.util.List&lt;spoon.reflect.declaration.CtAnnotation&lt;? extends java.lang.annotation.Annotation&gt;&gt;&gt; sets the value&#10;UnsettableProperty CtNewClass#comment&lt;java.util.List&lt;spoon.reflect.code.CtComment&gt;&gt; sets the value" type="java.lang.AssertionError"><![CDATA[java.lang.AssertionError: 
The accessors of CtNewClass have problems:
UnsettableProperty CtNewClass#type<spoon.reflect.reference.CtTypeReference<T>> sets the value
UnsettableProperty CtNewClass#argument<java.util.List<spoon.reflect.code.CtExpression<?>>> sets the value
UnsettableProperty CtNewClass#executableRef<spoon.reflect.reference.CtExecutableReference<T>> sets the value
UnsettableProperty CtNewClass#target<spoon.reflect.code.CtExpression<?>> sets the value
UnsettableProperty CtNewClass#cast<java.util.List<spoon.reflect.reference.CtTypeReference<?>>> sets the value
UnsettableProperty CtNewClass#annotation<java.util.List<spoon.reflect.declaration.CtAnnotation<? extends java.lang.annotation.Annotation>>> sets the value
UnsettableProperty CtNewClass#comment<java.util.List<spoon.reflect.code.CtComment>> sets the value
	at spoon.test.replace.ReplaceParametrizedTest.testContract(ReplaceParametrizedTest.java:171)
]]></failure>
  </testcase>
  <testcase name="testContract[CtLocalVariableReference]" classname="spoon.test.replace.ReplaceParametrizedTest" time="0.001">
    <failure message="The accessors of CtLocalVariableReference have problems:&#10;UnsettableProperty CtLocalVariableReference#type&lt;spoon.reflect.reference.CtTypeReference&lt;T&gt;&gt; sets the value&#10;UnsettableProperty CtLocalVariableReference#annotation&lt;java.util.List&lt;spoon.reflect.declaration.CtAnnotation&lt;? extends java.lang.annotation.Annotation&gt;&gt;&gt; sets the value" type="java.lang.AssertionError"><![CDATA[java.lang.AssertionError: 
The accessors of CtLocalVariableReference have problems:
UnsettableProperty CtLocalVariableReference#type<spoon.reflect.reference.CtTypeReference<T>> sets the value
UnsettableProperty CtLocalVariableReference#annotation<java.util.List<spoon.reflect.declaration.CtAnnotation<? extends java.lang.annotation.Annotation>>> sets the value
	at spoon.test.replace.ReplaceParametrizedTest.testContract(ReplaceParametrizedTest.java:171)
]]></failure>
  </testcase>
  <testcase name="testContract[CtAnnotationType]" classname="spoon.test.replace.ReplaceParametrizedTest" time="0.002">
    <failure message="The accessors of CtAnnotationType have problems:&#10;UnsettableProperty CtAnnotationType#typeMember&lt;java.util.List&lt;spoon.reflect.declaration.CtTypeMember&gt;&gt; sets the value&#10;UnsettableProperty CtAnnotationType#annotation&lt;java.util.List&lt;spoon.reflect.declaration.CtAnnotation&lt;? extends java.lang.annotation.Annotation&gt;&gt;&gt; sets the value&#10;UnsettableProperty CtAnnotationType#comment&lt;java.util.List&lt;spoon.reflect.code.CtComment&gt;&gt; sets the value" type="java.lang.AssertionError"><![CDATA[java.lang.AssertionError: 
The accessors of CtAnnotationType have problems:
UnsettableProperty CtAnnotationType#typeMember<java.util.List<spoon.reflect.declaration.CtTypeMember>> sets the value
UnsettableProperty CtAnnotationType#annotation<java.util.List<spoon.reflect.declaration.CtAnnotation<? extends java.lang.annotation.Annotation>>> sets the value
UnsettableProperty CtAnnotationType#comment<java.util.List<spoon.reflect.code.CtComment>> sets the value
	at spoon.test.replace.ReplaceParametrizedTest.testContract(ReplaceParametrizedTest.java:171)
]]></failure>
  </testcase>
  <testcase name="testContract[CtCatchVariable]" classname="spoon.test.replace.ReplaceParametrizedTest" time="0.002">
    <failure message="The accessors of CtCatchVariable have problems:&#10;UnsettableProperty CtCatchVariable#annotation&lt;java.util.List&lt;spoon.reflect.declaration.CtAnnotation&lt;? extends java.lang.annotation.Annotation&gt;&gt;&gt; sets the value&#10;UnsettableProperty CtCatchVariable#comment&lt;java.util.List&lt;spoon.reflect.code.CtComment&gt;&gt; sets the value" type="java.lang.AssertionError"><![CDATA[java.lang.AssertionError: 
The accessors of CtCatchVariable have problems:
UnsettableProperty CtCatchVariable#annotation<java.util.List<spoon.reflect.declaration.CtAnnotation<? extends java.lang.annotation.Annotation>>> sets the value
UnsettableProperty CtCatchVariable#comment<java.util.List<spoon.reflect.code.CtComment>> sets the value
	at spoon.test.replace.ReplaceParametrizedTest.testContract(ReplaceParametrizedTest.java:171)
]]></failure>
  </testcase>
  <testcase name="testContract[CtExecutableReferenceExpression]" classname="spoon.test.replace.ReplaceParametrizedTest" time="0.002">
    <failure message="The accessors of CtExecutableReferenceExpression have problems:&#10;UnsettableProperty CtExecutableReferenceExpression#target&lt;spoon.reflect.code.CtExpression&lt;?&gt;&gt; sets the value&#10;UnsettableProperty CtExecutableReferenceExpression#type&lt;spoon.reflect.reference.CtTypeReference&lt;T&gt;&gt; sets the value&#10;UnsettableProperty CtExecutableReferenceExpression#cast&lt;java.util.List&lt;spoon.reflect.reference.CtTypeReference&lt;?&gt;&gt;&gt; sets the value&#10;UnsettableProperty CtExecutableReferenceExpression#annotation&lt;java.util.List&lt;spoon.reflect.declaration.CtAnnotation&lt;? extends java.lang.annotation.Annotation&gt;&gt;&gt; sets the value&#10;UnsettableProperty CtExecutableReferenceExpression#comment&lt;java.util.List&lt;spoon.reflect.code.CtComment&gt;&gt; sets the value" type="java.lang.AssertionError"><![CDATA[java.lang.AssertionError: 
The accessors of CtExecutableReferenceExpression have problems:
UnsettableProperty CtExecutableReferenceExpression#target<spoon.reflect.code.CtExpression<?>> sets the value
UnsettableProperty CtExecutableReferenceExpression#type<spoon.reflect.reference.CtTypeReference<T>> sets the value
UnsettableProperty CtExecutableReferenceExpression#cast<java.util.List<spoon.reflect.reference.CtTypeReference<?>>> sets the value
UnsettableProperty CtExecutableReferenceExpression#annotation<java.util.List<spoon.reflect.declaration.CtAnnotation<? extends java.lang.annotation.Annotation>>> sets the value
UnsettableProperty CtExecutableReferenceExpression#comment<java.util.List<spoon.reflect.code.CtComment>> sets the value
	at spoon.test.replace.ReplaceParametrizedTest.testContract(ReplaceParametrizedTest.java:171)
]]></failure>
  </testcase>
</testsuite>