<?xml version="1.0" encoding="UTF-8"?>
<testsuite xmlns:xsi="http://www.w3.org/2001/XMLSchema-instance" xsi:noNamespaceSchemaLocation="https://maven.apache.org/surefire/maven-surefire-plugin/xsd/surefire-test-report.xsd" name="org.sonar.plugins.fxcop.FxCopProjectGeneratorTest" time="0.128" tests="12" errors="2" skipped="0" failures="0">
  <properties>
    <property name="awt.toolkit" value="sun.awt.X11.XToolkit"/>
    <property name="file.encoding.pkg" value="sun.io"/>
    <property name="java.specification.version" value="1.8"/>
    <property name="sun.cpu.isalist" value=""/>
    <property name="sun.jnu.encoding" value="UTF-8"/>
    <property name="java.class.path" value="/root/workspace/DanielHWe/sonar-fxcop/384605324/target/test-classes:/root/workspace/DanielHWe/sonar-fxcop/384605324/target/classes:/root/./workspace/DanielHWe/sonar-fxcop/384605324/.m2/org/sonarsource/sslr-squid-bridge/sslr-squid-bridge/2.6.1/sslr-squid-bridge-2.6.1.jar:/root/./workspace/DanielHWe/sonar-fxcop/384605324/.m2/com/google/guava/guava/10.0.1/guava-10.0.1.jar:/root/./workspace/DanielHWe/sonar-fxcop/384605324/.m2/com/google/code/findbugs/jsr305/1.3.9/jsr305-1.3.9.jar:/root/./workspace/DanielHWe/sonar-fxcop/384605324/.m2/org/sonarsource/sonarqube/sonar-plugin-api/5.6/sonar-plugin-api-5.6.jar:/root/./workspace/DanielHWe/sonar-fxcop/384605324/.m2/org/codehaus/woodstox/woodstox-core-lgpl/4.4.0/woodstox-core-lgpl-4.4.0.jar:/root/./workspace/DanielHWe/sonar-fxcop/384605324/.m2/javax/xml/stream/stax-api/1.0-2/stax-api-1.0-2.jar:/root/./workspace/DanielHWe/sonar-fxcop/384605324/.m2/org/codehaus/woodstox/stax2-api/3.1.4/stax2-api-3.1.4.jar:/root/./workspace/DanielHWe/sonar-fxcop/384605324/.m2/org/codehaus/staxmate/staxmate/2.0.1/staxmate-2.0.1.jar:/root/./workspace/DanielHWe/sonar-fxcop/384605324/.m2/ch/qos/logback/logback-classic/1.1.7/logback-classic-1.1.7.jar:/root/./workspace/DanielHWe/sonar-fxcop/384605324/.m2/ch/qos/logback/logback-core/1.1.7/logback-core-1.1.7.jar:/root/./workspace/DanielHWe/sonar-fxcop/384605324/.m2/org/slf4j/slf4j-api/1.7.20/slf4j-api-1.7.20.jar:/root/./workspace/DanielHWe/sonar-fxcop/384605324/.m2/junit/junit/4.12/junit-4.12.jar:/root/./workspace/DanielHWe/sonar-fxcop/384605324/.m2/org/hamcrest/hamcrest-core/1.3/hamcrest-core-1.3.jar:/root/./workspace/DanielHWe/sonar-fxcop/384605324/.m2/org/assertj/assertj-core/3.4.1/assertj-core-3.4.1.jar:/root/./workspace/DanielHWe/sonar-fxcop/384605324/.m2/org/mockito/mockito-all/1.8.5/mockito-all-1.8.5.jar:"/>
    <property name="java.vm.vendor" value="Oracle Corporation"/>
    <property name="skip.bower" value="true"/>
    <property name="sun.arch.data.model" value="64"/>
    <property name="java.vendor.url" value="http://java.oracle.com/"/>
    <property name="user.timezone" value=""/>
    <property name="java.vm.specification.version" value="1.8"/>
    <property name="os.name" value="Linux"/>
    <property name="rat.skip" value="true"/>
    <property name="gpg.skip" value="true"/>
    <property name="sun.java.launcher" value="SUN_STANDARD"/>
    <property name="sun.boot.library.path" value="/usr/lib/jvm/java-8-openjdk-amd64/jre/lib/amd64"/>
    <property name="skip.gulp" value="true"/>
    <property name="sun.java.command" value="/root/workspace/DanielHWe/sonar-fxcop/384605324/target/surefire/surefirebooter2671928623819284169.jar /root/workspace/DanielHWe/sonar-fxcop/384605324/target/surefire 2018-05-28T08-47-28_348-jvmRun1 surefire5587742647653188306tmp surefire_04039156275022019268tmp"/>
    <property name="dependency-check.skip" value="true"/>
    <property name="surefire.test.class.path" value="/root/workspace/DanielHWe/sonar-fxcop/384605324/target/test-classes:/root/workspace/DanielHWe/sonar-fxcop/384605324/target/classes:/root/./workspace/DanielHWe/sonar-fxcop/384605324/.m2/org/sonarsource/sslr-squid-bridge/sslr-squid-bridge/2.6.1/sslr-squid-bridge-2.6.1.jar:/root/./workspace/DanielHWe/sonar-fxcop/384605324/.m2/com/google/guava/guava/10.0.1/guava-10.0.1.jar:/root/./workspace/DanielHWe/sonar-fxcop/384605324/.m2/com/google/code/findbugs/jsr305/1.3.9/jsr305-1.3.9.jar:/root/./workspace/DanielHWe/sonar-fxcop/384605324/.m2/org/sonarsource/sonarqube/sonar-plugin-api/5.6/sonar-plugin-api-5.6.jar:/root/./workspace/DanielHWe/sonar-fxcop/384605324/.m2/org/codehaus/woodstox/woodstox-core-lgpl/4.4.0/woodstox-core-lgpl-4.4.0.jar:/root/./workspace/DanielHWe/sonar-fxcop/384605324/.m2/javax/xml/stream/stax-api/1.0-2/stax-api-1.0-2.jar:/root/./workspace/DanielHWe/sonar-fxcop/384605324/.m2/org/codehaus/woodstox/stax2-api/3.1.4/stax2-api-3.1.4.jar:/root/./workspace/DanielHWe/sonar-fxcop/384605324/.m2/org/codehaus/staxmate/staxmate/2.0.1/staxmate-2.0.1.jar:/root/./workspace/DanielHWe/sonar-fxcop/384605324/.m2/ch/qos/logback/logback-classic/1.1.7/logback-classic-1.1.7.jar:/root/./workspace/DanielHWe/sonar-fxcop/384605324/.m2/ch/qos/logback/logback-core/1.1.7/logback-core-1.1.7.jar:/root/./workspace/DanielHWe/sonar-fxcop/384605324/.m2/org/slf4j/slf4j-api/1.7.20/slf4j-api-1.7.20.jar:/root/./workspace/DanielHWe/sonar-fxcop/384605324/.m2/junit/junit/4.12/junit-4.12.jar:/root/./workspace/DanielHWe/sonar-fxcop/384605324/.m2/org/hamcrest/hamcrest-core/1.3/hamcrest-core-1.3.jar:/root/./workspace/DanielHWe/sonar-fxcop/384605324/.m2/org/assertj/assertj-core/3.4.1/assertj-core-3.4.1.jar:/root/./workspace/DanielHWe/sonar-fxcop/384605324/.m2/org/mockito/mockito-all/1.8.5/mockito-all-1.8.5.jar:"/>
    <property name="sun.cpu.endian" value="little"/>
    <property name="user.home" value="/root"/>
    <property name="user.language" value="en"/>
    <property name="java.specification.vendor" value="Oracle Corporation"/>
    <property name="java.home" value="/usr/lib/jvm/java-8-openjdk-amd64/jre"/>
    <property name="basedir" value="/root/workspace/DanielHWe/sonar-fxcop/384605324"/>
    <property name="file.separator" value="/"/>
    <property name="checkstyle.skip" value="true"/>
    <property name="line.separator" value="&#10;"/>
    <property name="skip.npm" value="true"/>
    <property name="java.vm.specification.vendor" value="Oracle Corporation"/>
    <property name="java.specification.name" value="Java Platform API Specification"/>
    <property name="java.awt.graphicsenv" value="sun.awt.X11GraphicsEnvironment"/>
    <property name="skipITs" value="true"/>
    <property name="surefire.real.class.path" value="/root/workspace/DanielHWe/sonar-fxcop/384605324/target/surefire/surefirebooter2671928623819284169.jar"/>
    <property name="cobertura.skip" value="true"/>
    <property name="sun.boot.class.path" value="/usr/lib/jvm/java-8-openjdk-amd64/jre/lib/resources.jar:/usr/lib/jvm/java-8-openjdk-amd64/jre/lib/rt.jar:/usr/lib/jvm/java-8-openjdk-amd64/jre/lib/sunrsasign.jar:/usr/lib/jvm/java-8-openjdk-amd64/jre/lib/jsse.jar:/usr/lib/jvm/java-8-openjdk-amd64/jre/lib/jce.jar:/usr/lib/jvm/java-8-openjdk-amd64/jre/lib/charsets.jar:/usr/lib/jvm/java-8-openjdk-amd64/jre/lib/jfr.jar:/usr/lib/jvm/java-8-openjdk-amd64/jre/classes"/>
    <property name="sun.management.compiler" value="HotSpot 64-Bit Tiered Compilers"/>
    <property name="java.runtime.version" value="1.8.0_121-8u121-b13-1~bpo8+1-b13"/>
    <property name="user.name" value="root"/>
    <property name="findbugs.skip" value="true"/>
    <property name="path.separator" value=":"/>
    <property name="os.version" value="3.10.0-862.3.2.el7.x86_64"/>
    <property name="java.endorsed.dirs" value="/usr/lib/jvm/java-8-openjdk-amd64/jre/lib/endorsed"/>
    <property name="java.runtime.name" value="OpenJDK Runtime Environment"/>
    <property name="file.encoding" value="UTF-8"/>
    <property name="java.vm.name" value="OpenJDK 64-Bit Server VM"/>
    <property name="localRepository" value="/root/./workspace/DanielHWe/sonar-fxcop/384605324/.m2"/>
    <property name="java.vendor.url.bug" value="http://bugreport.sun.com/bugreport/"/>
    <property name="java.io.tmpdir" value="/tmp"/>
    <property name="java.version" value="1.8.0_121"/>
    <property name="user.dir" value="/root/workspace/DanielHWe/sonar-fxcop/384605324"/>
    <property name="os.arch" value="amd64"/>
    <property name="license.skip" value="true"/>
    <property name="java.vm.specification.name" value="Java Virtual Machine Specification"/>
    <property name="java.awt.printerjob" value="sun.print.PSPrinterJob"/>
    <property name="sun.os.patch.level" value="unknown"/>
    <property name="java.library.path" value="/usr/java/packages/lib/amd64:/usr/lib/x86_64-linux-gnu/jni:/lib/x86_64-linux-gnu:/usr/lib/x86_64-linux-gnu:/usr/lib/jni:/lib:/usr/lib"/>
    <property name="java.vm.info" value="mixed mode"/>
    <property name="java.vendor" value="Oracle Corporation"/>
    <property name="java.vm.version" value="25.121-b13"/>
    <property name="java.ext.dirs" value="/usr/lib/jvm/java-8-openjdk-amd64/jre/lib/ext:/usr/java/packages/lib/ext"/>
    <property name="sun.io.unicode.encoding" value="UnicodeLittle"/>
    <property name="maven.repo.local" value="/root/./workspace/DanielHWe/sonar-fxcop/384605324/.m2"/>
    <property name="enforcer.skip" value="true"/>
    <property name="java.class.version" value="52.0"/>
  </properties>
  <testcase name="testCsprojExeReleseScan" classname="org.sonar.plugins.fxcop.FxCopProjectGeneratorTest" time="0.005"/>
  <testcase name="testCsprojDllDebugScan" classname="org.sonar.plugins.fxcop.FxCopProjectGeneratorTest" time="0.001"/>
  <testcase name="testGenerate" classname="org.sonar.plugins.fxcop.FxCopProjectGeneratorTest" time="0.102"/>
  <testcase name="testGenerateCore" classname="org.sonar.plugins.fxcop.FxCopProjectGeneratorTest" time="0.008">
    <error message="TestLibCore.dll was not found in any output directory (src/test/resources/FxCopConfigGeneratorTests/bin\debug\netcoreapp2.0, src/test/resources/FxCopConfigGeneratorTests/bin\release\netcoreapp2.0), please build project before scan." type="java.lang.IllegalStateException">java.lang.IllegalStateException: TestLibCore.dll was not found in any output directory (src/test/resources/FxCopConfigGeneratorTests/bin\debug\netcoreapp2.0, src/test/resources/FxCopConfigGeneratorTests/bin\release\netcoreapp2.0), please build project before scan.
	at org.sonar.plugins.fxcop.FxCopProjectGeneratorTest.testGenerateCore(FxCopProjectGeneratorTest.java:91)
</error>
    <system-out><![CDATA[08:47:30.550 [main] INFO org.sonar.plugins.fxcop.FxCopSensor - FxCop start create FxCop configuration for 'src/test/resources/FxCopConfigGeneratorTests/TestAppCore.sln'
08:47:30.550 [main] DEBUG org.sonar.plugins.fxcop.FxCopSensor - Add 'src/test/resources/FxCopConfigGeneratorTests/TestLibCore.csproj' to FxCop configuration.
08:47:30.551 [main] INFO org.sonar.plugins.fxcop.FxCopSensor - src/test/resources/FxCopConfigGeneratorTests/bin\debug\netcoreapp2.0/TestLibCore.dll
08:47:30.551 [main] INFO org.sonar.plugins.fxcop.FxCopSensor - src/test/resources/FxCopConfigGeneratorTests/bin\release\netcoreapp2.0/TestLibCore.dll
08:47:30.551 [main] ERROR org.sonar.plugins.fxcop.FxCopSensor - TestLibCore.dll was not found in any output directory (src/test/resources/FxCopConfigGeneratorTests/bin\debug\netcoreapp2.0, src/test/resources/FxCopConfigGeneratorTests/bin\release\netcoreapp2.0), please build project before scan.
]]></system-out>
  </testcase>
  <testcase name="testGenerateEmptySlnFile" classname="org.sonar.plugins.fxcop.FxCopProjectGeneratorTest" time="0"/>
  <testcase name="testCsprojDllReleaseScan" classname="org.sonar.plugins.fxcop.FxCopProjectGeneratorTest" time="0.002"/>
  <testcase name="testCsprojExeDebugScan" classname="org.sonar.plugins.fxcop.FxCopProjectGeneratorTest" time="0.001"/>
  <testcase name="testGenerateNonExistingSlnFile" classname="org.sonar.plugins.fxcop.FxCopProjectGeneratorTest" time="0.001"/>
  <testcase name="testCoreCsprojDllDebugScan" classname="org.sonar.plugins.fxcop.FxCopProjectGeneratorTest" time="0.001">
    <error message="TestLibCore.dll was not found in any output directory (src/test/resources/FxCopConfigGeneratorTests/bin\debug\netcoreapp2.0, src/test/resources/FxCopConfigGeneratorTests/bin\release\netcoreapp2.0), please build project before scan." type="java.lang.IllegalStateException">java.lang.IllegalStateException: TestLibCore.dll was not found in any output directory (src/test/resources/FxCopConfigGeneratorTests/bin\debug\netcoreapp2.0, src/test/resources/FxCopConfigGeneratorTests/bin\release\netcoreapp2.0), please build project before scan.
	at org.sonar.plugins.fxcop.FxCopProjectGeneratorTest.testCoreCsprojDllDebugScan(FxCopProjectGeneratorTest.java:180)
</error>
    <system-out><![CDATA[08:47:30.562 [main] DEBUG org.sonar.plugins.fxcop.FxCopSensor - Add 'src/test/resources/FxCopConfigGeneratorTests/TestLibCore.csproj' to FxCop configuration.
08:47:30.562 [main] INFO org.sonar.plugins.fxcop.FxCopSensor - src/test/resources/FxCopConfigGeneratorTests/bin\debug\netcoreapp2.0/TestLibCore.dll
08:47:30.562 [main] INFO org.sonar.plugins.fxcop.FxCopSensor - src/test/resources/FxCopConfigGeneratorTests/bin\release\netcoreapp2.0/TestLibCore.dll
08:47:30.562 [main] ERROR org.sonar.plugins.fxcop.FxCopSensor - TestLibCore.dll was not found in any output directory (src/test/resources/FxCopConfigGeneratorTests/bin\debug\netcoreapp2.0, src/test/resources/FxCopConfigGeneratorTests/bin\release\netcoreapp2.0), please build project before scan.
]]></system-out>
  </testcase>
  <testcase name="testCsprojNoBinary" classname="org.sonar.plugins.fxcop.FxCopProjectGeneratorTest" time="0.002"/>
  <testcase name="testGenerateNonExistingCsprojFile" classname="org.sonar.plugins.fxcop.FxCopProjectGeneratorTest" time="0.001"/>
  <testcase name="testSlnScan" classname="org.sonar.plugins.fxcop.FxCopProjectGeneratorTest" time="0.001"/>
</testsuite>