<?xml version="1.0" encoding="UTF-8" ?>
<testsuite tests="320" failures="0" name="com.spotify.docker.client.DefaultDockerClientTest" time="8.202" errors="320" skipped="0">
  <properties>
    <property name="java.runtime.name" value="OpenJDK Runtime Environment"/>
    <property name="sun.boot.library.path" value="/usr/lib/jvm/java-8-openjdk-amd64/jre/lib/amd64"/>
    <property name="java.vm.version" value="25.121-b13"/>
    <property name="java.vm.vendor" value="Oracle Corporation"/>
    <property name="maven.multiModuleProjectDirectory" value="/root/workspace/spotify/docker-client/386990751"/>
    <property name="java.vendor.url" value="http://java.oracle.com/"/>
    <property name="path.separator" value=":"/>
    <property name="guice.disable.misplaced.annotation.check" value="true"/>
    <property name="skip.gulp" value="true"/>
    <property name="java.vm.name" value="OpenJDK 64-Bit Server VM"/>
    <property name="file.encoding.pkg" value="sun.io"/>
    <property name="sun.java.launcher" value="SUN_STANDARD"/>
    <property name="sun.os.patch.level" value="unknown"/>
    <property name="findbugs.skip" value="true"/>
    <property name="java.vm.specification.name" value="Java Virtual Machine Specification"/>
    <property name="user.dir" value="/root/workspace/spotify/docker-client/386990751"/>
    <property name="checkstyle.skip" value="true"/>
    <property name="java.runtime.version" value="1.8.0_121-8u121-b13-1~bpo8+1-b13"/>
    <property name="java.awt.graphicsenv" value="sun.awt.X11GraphicsEnvironment"/>
    <property name="skip.npm" value="true"/>
    <property name="java.endorsed.dirs" value="/usr/lib/jvm/java-8-openjdk-amd64/jre/lib/endorsed"/>
    <property name="os.arch" value="amd64"/>
    <property name="java.io.tmpdir" value="/tmp"/>
    <property name="gpg.skip" value="true"/>
    <property name="line.separator" value="
"/>
    <property name="java.vm.specification.vendor" value="Oracle Corporation"/>
    <property name="cobertura.skip" value="true"/>
    <property name="os.name" value="Linux"/>
    <property name="classworlds.conf" value="/usr/share/maven/bin/m2.conf"/>
    <property name="sun.jnu.encoding" value="UTF-8"/>
    <property name="java.library.path" value="/usr/java/packages/lib/amd64:/usr/lib/x86_64-linux-gnu/jni:/lib/x86_64-linux-gnu:/usr/lib/x86_64-linux-gnu:/usr/lib/jni:/lib:/usr/lib"/>
    <property name="license.skip" value="true"/>
    <property name="java.specification.name" value="Java Platform API Specification"/>
    <property name="java.class.version" value="52.0"/>
    <property name="sun.management.compiler" value="HotSpot 64-Bit Tiered Compilers"/>
    <property name="skip.bower" value="true"/>
    <property name="maven.repo.local" value="/root/./workspace/spotify/docker-client/386990751/.m2"/>
    <property name="os.version" value="3.10.0-862.3.2.el7.x86_64"/>
    <property name="user.home" value="/root"/>
    <property name="user.timezone" value="Europe/Paris"/>
    <property name="java.awt.printerjob" value="sun.print.PSPrinterJob"/>
    <property name="java.specification.version" value="1.8"/>
    <property name="file.encoding" value="UTF-8"/>
    <property name="user.name" value="root"/>
    <property name="java.class.path" value="/usr/share/maven/boot/plexus-classworlds-2.5.2.jar"/>
    <property name="skipITs" value="true"/>
    <property name="java.vm.specification.version" value="1.8"/>
    <property name="sun.arch.data.model" value="64"/>
    <property name="java.home" value="/usr/lib/jvm/java-8-openjdk-amd64/jre"/>
    <property name="sun.java.command" value="org.codehaus.plexus.classworlds.launcher.Launcher -B -D enforcer.skip=true -D dependency-check.skip=true -D skipITs=true -D cobertura.skip=true -D maven.repo.local=/root/./workspace/spotify/docker-client/386990751/.m2 -D rat.skip=true -D findbugs.skip=true -D skip.bower=true -D gpg.skip=true -D checkstyle.skip=true -D skip.gulp=true -D license.skip=true -D skip.npm=true test"/>
    <property name="java.specification.vendor" value="Oracle Corporation"/>
    <property name="user.language" value="en"/>
    <property name="awt.toolkit" value="sun.awt.X11.XToolkit"/>
    <property name="dependency-check.skip" value="true"/>
    <property name="java.vm.info" value="mixed mode"/>
    <property name="java.version" value="1.8.0_121"/>
    <property name="java.ext.dirs" value="/usr/lib/jvm/java-8-openjdk-amd64/jre/lib/ext:/usr/java/packages/lib/ext"/>
    <property name="securerandom.source" value="file:/dev/./urandom"/>
    <property name="sun.boot.class.path" value="/usr/lib/jvm/java-8-openjdk-amd64/jre/lib/resources.jar:/usr/lib/jvm/java-8-openjdk-amd64/jre/lib/rt.jar:/usr/lib/jvm/java-8-openjdk-amd64/jre/lib/sunrsasign.jar:/usr/lib/jvm/java-8-openjdk-amd64/jre/lib/jsse.jar:/usr/lib/jvm/java-8-openjdk-amd64/jre/lib/jce.jar:/usr/lib/jvm/java-8-openjdk-amd64/jre/lib/charsets.jar:/usr/lib/jvm/java-8-openjdk-amd64/jre/lib/jfr.jar:/usr/lib/jvm/java-8-openjdk-amd64/jre/classes"/>
    <property name="java.vendor" value="Oracle Corporation"/>
    <property name="enforcer.skip" value="true"/>
    <property name="rat.skip" value="true"/>
    <property name="maven.home" value="/usr/share/maven"/>
    <property name="file.separator" value="/"/>
    <property name="java.vendor.url.bug" value="http://bugreport.sun.com/bugreport/"/>
    <property name="sun.cpu.endian" value="little"/>
    <property name="sun.io.unicode.encoding" value="UnicodeLittle"/>
    <property name="sun.cpu.isalist" value=""/>
  </properties>
  <testcase classname="com.spotify.docker.client.DefaultDockerClientTest" name="testLogDriver" time="0.051">
    <error message="java.util.concurrent.ExecutionException: javax.ws.rs.ProcessingException: java.io.IOException: No such file or directory" type="com.spotify.docker.client.exceptions.DockerException">com.spotify.docker.client.exceptions.DockerException: java.util.concurrent.ExecutionException: javax.ws.rs.ProcessingException: java.io.IOException: No such file or directory
	at com.spotify.docker.client.DefaultDockerClient.propagate(DefaultDockerClient.java:2812)
	at com.spotify.docker.client.DefaultDockerClient.request(DefaultDockerClient.java:2676)
	at com.spotify.docker.client.DefaultDockerClient.version(DefaultDockerClient.java:572)
	at com.spotify.docker.client.DefaultDockerClientTest.setup(DefaultDockerClientTest.java:349)
	at sun.reflect.NativeMethodAccessorImpl.invoke0(Native Method)
	at sun.reflect.NativeMethodAccessorImpl.invoke(NativeMethodAccessorImpl.java:62)
	at sun.reflect.DelegatingMethodAccessorImpl.invoke(DelegatingMethodAccessorImpl.java:43)
	at java.lang.reflect.Method.invoke(Method.java:498)
	at org.junit.runners.model.FrameworkMethod$1.runReflectiveCall(FrameworkMethod.java:50)
	at org.junit.internal.runners.model.ReflectiveCallable.run(ReflectiveCallable.java:12)
	at org.junit.runners.model.FrameworkMethod.invokeExplosively(FrameworkMethod.java:47)
	at org.junit.internal.runners.statements.RunBefores.evaluate(RunBefores.java:24)
	at org.junit.internal.runners.statements.RunAfters.evaluate(RunAfters.java:27)
	at org.junit.rules.ExpectedException$ExpectedExceptionStatement.evaluate(ExpectedException.java:239)
	at org.junit.rules.TestWatcher$1.evaluate(TestWatcher.java:55)
	at org.junit.rules.RunRules.evaluate(RunRules.java:20)
	at org.junit.runners.ParentRunner.runLeaf(ParentRunner.java:325)
	at org.junit.runners.BlockJUnit4ClassRunner.runChild(BlockJUnit4ClassRunner.java:78)
	at org.junit.runners.BlockJUnit4ClassRunner.runChild(BlockJUnit4ClassRunner.java:57)
	at org.junit.runners.ParentRunner$3.run(ParentRunner.java:290)
	at org.junit.runners.ParentRunner$1.schedule(ParentRunner.java:71)
	at org.junit.runners.ParentRunner.runChildren(ParentRunner.java:288)
	at org.junit.runners.ParentRunner.access$000(ParentRunner.java:58)
	at org.junit.runners.ParentRunner$2.evaluate(ParentRunner.java:268)
	at org.junit.runners.ParentRunner.run(ParentRunner.java:363)
	at org.apache.maven.surefire.junit4.JUnit4Provider.execute(JUnit4Provider.java:252)
	at org.apache.maven.surefire.junit4.JUnit4Provider.executeTestSet(JUnit4Provider.java:141)
	at org.apache.maven.surefire.junit4.JUnit4Provider.invoke(JUnit4Provider.java:112)
	at sun.reflect.NativeMethodAccessorImpl.invoke0(Native Method)
	at sun.reflect.NativeMethodAccessorImpl.invoke(NativeMethodAccessorImpl.java:62)
	at sun.reflect.DelegatingMethodAccessorImpl.invoke(DelegatingMethodAccessorImpl.java:43)
	at java.lang.reflect.Method.invoke(Method.java:498)
	at org.apache.maven.surefire.util.ReflectionUtils.invokeMethodWithArray(ReflectionUtils.java:189)
	at org.apache.maven.surefire.booter.ProviderFactory$ProviderProxy.invoke(ProviderFactory.java:165)
	at org.apache.maven.surefire.booter.ProviderFactory.invokeProvider(ProviderFactory.java:85)
	at org.apache.maven.surefire.booter.ForkedBooter.runSuitesInProcess(ForkedBooter.java:115)
	at org.apache.maven.surefire.booter.ForkedBooter.main(ForkedBooter.java:75)
Caused by: java.util.concurrent.ExecutionException: javax.ws.rs.ProcessingException: java.io.IOException: No such file or directory
	at jersey.repackaged.com.google.common.util.concurrent.AbstractFuture$Sync.getValue(AbstractFuture.java:299)
	at jersey.repackaged.com.google.common.util.concurrent.AbstractFuture$Sync.get(AbstractFuture.java:286)
	at jersey.repackaged.com.google.common.util.concurrent.AbstractFuture.get(AbstractFuture.java:116)
	at com.spotify.docker.client.DefaultDockerClient.request(DefaultDockerClient.java:2674)
	... 35 more
Caused by: javax.ws.rs.ProcessingException: java.io.IOException: No such file or directory
	at org.glassfish.jersey.apache.connector.ApacheConnector.apply(ApacheConnector.java:481)
	at org.glassfish.jersey.apache.connector.ApacheConnector$1.run(ApacheConnector.java:491)
	at java.util.concurrent.Executors$RunnableAdapter.call(Executors.java:511)
	at java.util.concurrent.FutureTask.run(FutureTask.java:266)
	at jersey.repackaged.com.google.common.util.concurrent.MoreExecutors$DirectExecutorService.execute(MoreExecutors.java:299)
	at java.util.concurrent.AbstractExecutorService.submit(AbstractExecutorService.java:112)
	at jersey.repackaged.com.google.common.util.concurrent.AbstractListeningExecutorService.submit(AbstractListeningExecutorService.java:50)
	at jersey.repackaged.com.google.common.util.concurrent.AbstractListeningExecutorService.submit(AbstractListeningExecutorService.java:37)
	at org.glassfish.jersey.apache.connector.ApacheConnector.apply(ApacheConnector.java:487)
	at org.glassfish.jersey.client.ClientRuntime$2.run(ClientRuntime.java:178)
	at org.glassfish.jersey.internal.Errors$1.call(Errors.java:271)
	at org.glassfish.jersey.internal.Errors$1.call(Errors.java:267)
	at org.glassfish.jersey.internal.Errors.process(Errors.java:315)
	at org.glassfish.jersey.internal.Errors.process(Errors.java:297)
	at org.glassfish.jersey.internal.Errors.process(Errors.java:267)
	at org.glassfish.jersey.process.internal.RequestScope.runInScope(RequestScope.java:340)
	at org.glassfish.jersey.client.ClientRuntime$3.run(ClientRuntime.java:210)
	at java.util.concurrent.Executors$RunnableAdapter.call(Executors.java:511)
	at java.util.concurrent.FutureTask.run(FutureTask.java:266)
	at java.util.concurrent.ThreadPoolExecutor.runWorker(ThreadPoolExecutor.java:1142)
	at java.util.concurrent.ThreadPoolExecutor$Worker.run(ThreadPoolExecutor.java:617)
	at java.lang.Thread.run(Thread.java:745)
Caused by: java.io.IOException: No such file or directory
	at jnr.unixsocket.UnixSocketChannel.doConnect(UnixSocketChannel.java:127)
	at jnr.unixsocket.UnixSocketChannel.connect(UnixSocketChannel.java:136)
	at jnr.unixsocket.UnixSocketChannel.connect(UnixSocketChannel.java:223)
	at com.spotify.docker.client.UnixConnectionSocketFactory.connectSocket(UnixConnectionSocketFactory.java:85)
	at org.apache.http.impl.conn.DefaultHttpClientConnectionOperator.connect(DefaultHttpClientConnectionOperator.java:134)
	at org.apache.http.impl.conn.PoolingHttpClientConnectionManager.connect(PoolingHttpClientConnectionManager.java:353)
	at org.apache.http.impl.execchain.MainClientExec.establishRoute(MainClientExec.java:380)
	at org.apache.http.impl.execchain.MainClientExec.execute(MainClientExec.java:236)
	at org.apache.http.impl.execchain.ProtocolExec.execute(ProtocolExec.java:184)
	at org.apache.http.impl.execchain.RetryExec.execute(RetryExec.java:88)
	at org.apache.http.impl.execchain.RedirectExec.execute(RedirectExec.java:110)
	at org.apache.http.impl.client.InternalHttpClient.doExecute(InternalHttpClient.java:184)
	at org.apache.http.impl.client.CloseableHttpClient.execute(CloseableHttpClient.java:71)
	at org.glassfish.jersey.apache.connector.ApacheConnector.apply(ApacheConnector.java:435)
	... 21 more
</error>
    <system-err>Jun 02, 2018 7:44:38 AM org.apache.http.impl.execchain.RetryExec execute
INFO: I/O exception (java.io.IOException) caught when processing request to {}-&gt;unix://localhost:80: No such file or directory
Jun 02, 2018 7:44:38 AM org.apache.http.impl.execchain.RetryExec execute
INFO: Retrying request to {}-&gt;unix://localhost:80
Jun 02, 2018 7:44:38 AM org.apache.http.impl.execchain.RetryExec execute
INFO: I/O exception (java.io.IOException) caught when processing request to {}-&gt;unix://localhost:80: No such file or directory
Jun 02, 2018 7:44:38 AM org.apache.http.impl.execchain.RetryExec execute
INFO: Retrying request to {}-&gt;unix://localhost:80
Jun 02, 2018 7:44:38 AM org.apache.http.impl.execchain.RetryExec execute
INFO: I/O exception (java.io.IOException) caught when processing request to {}-&gt;unix://localhost:80: No such file or directory
Jun 02, 2018 7:44:38 AM org.apache.http.impl.execchain.RetryExec execute
INFO: Retrying request to {}-&gt;unix://localhost:80
</system-err>
  </testcase>
  <testcase classname="com.spotify.docker.client.DefaultDockerClientTest" name="testLogDriver" time="0.051">
    <error type="java.lang.NullPointerException">java.lang.NullPointerException
	at com.spotify.docker.client.VersionCompare.compareVersion(VersionCompare.java:45)
	at com.spotify.docker.client.DefaultDockerClientTest.dockerApiVersionAtLeast(DefaultDockerClientTest.java:404)
	at com.spotify.docker.client.DefaultDockerClientTest.tearDown(DefaultDockerClientTest.java:356)
	at sun.reflect.NativeMethodAccessorImpl.invoke0(Native Method)
	at sun.reflect.NativeMethodAccessorImpl.invoke(NativeMethodAccessorImpl.java:62)
	at sun.reflect.DelegatingMethodAccessorImpl.invoke(DelegatingMethodAccessorImpl.java:43)
	at java.lang.reflect.Method.invoke(Method.java:498)
	at org.junit.runners.model.FrameworkMethod$1.runReflectiveCall(FrameworkMethod.java:50)
	at org.junit.internal.runners.model.ReflectiveCallable.run(ReflectiveCallable.java:12)
	at org.junit.runners.model.FrameworkMethod.invokeExplosively(FrameworkMethod.java:47)
	at org.junit.internal.runners.statements.RunAfters.evaluate(RunAfters.java:33)
	at org.junit.rules.ExpectedException$ExpectedExceptionStatement.evaluate(ExpectedException.java:239)
	at org.junit.rules.TestWatcher$1.evaluate(TestWatcher.java:55)
	at org.junit.rules.RunRules.evaluate(RunRules.java:20)
	at org.junit.runners.ParentRunner.runLeaf(ParentRunner.java:325)
	at org.junit.runners.BlockJUnit4ClassRunner.runChild(BlockJUnit4ClassRunner.java:78)
	at org.junit.runners.BlockJUnit4ClassRunner.runChild(BlockJUnit4ClassRunner.java:57)
	at org.junit.runners.ParentRunner$3.run(ParentRunner.java:290)
	at org.junit.runners.ParentRunner$1.schedule(ParentRunner.java:71)
	at org.junit.runners.ParentRunner.runChildren(ParentRunner.java:288)
	at org.junit.runners.ParentRunner.access$000(ParentRunner.java:58)
	at org.junit.runners.ParentRunner$2.evaluate(ParentRunner.java:268)
	at org.junit.runners.ParentRunner.run(ParentRunner.java:363)
	at org.apache.maven.surefire.junit4.JUnit4Provider.execute(JUnit4Provider.java:252)
	at org.apache.maven.surefire.junit4.JUnit4Provider.executeTestSet(JUnit4Provider.java:141)
	at org.apache.maven.surefire.junit4.JUnit4Provider.invoke(JUnit4Provider.java:112)
	at sun.reflect.NativeMethodAccessorImpl.invoke0(Native Method)
	at sun.reflect.NativeMethodAccessorImpl.invoke(NativeMethodAccessorImpl.java:62)
	at sun.reflect.DelegatingMethodAccessorImpl.invoke(DelegatingMethodAccessorImpl.java:43)
	at java.lang.reflect.Method.invoke(Method.java:498)
	at org.apache.maven.surefire.util.ReflectionUtils.invokeMethodWithArray(ReflectionUtils.java:189)
	at org.apache.maven.surefire.booter.ProviderFactory$ProviderProxy.invoke(ProviderFactory.java:165)
	at org.apache.maven.surefire.booter.ProviderFactory.invokeProvider(ProviderFactory.java:85)
	at org.apache.maven.surefire.booter.ForkedBooter.runSuitesInProcess(ForkedBooter.java:115)
	at org.apache.maven.surefire.booter.ForkedBooter.main(ForkedBooter.java:75)
</error>
  </testcase>
  <testcase classname="com.spotify.docker.client.DefaultDockerClientTest" name="testContainerWithMemoryOptions" time="0.05">
    <error message="java.util.concurrent.ExecutionException: javax.ws.rs.ProcessingException: java.io.IOException: No such file or directory" type="com.spotify.docker.client.exceptions.DockerException">com.spotify.docker.client.exceptions.DockerException: java.util.concurrent.ExecutionException: javax.ws.rs.ProcessingException: java.io.IOException: No such file or directory
	at com.spotify.docker.client.DefaultDockerClient.propagate(DefaultDockerClient.java:2812)
	at com.spotify.docker.client.DefaultDockerClient.request(DefaultDockerClient.java:2676)
	at com.spotify.docker.client.DefaultDockerClient.version(DefaultDockerClient.java:572)
	at com.spotify.docker.client.DefaultDockerClientTest.setup(DefaultDockerClientTest.java:349)
	at sun.reflect.NativeMethodAccessorImpl.invoke0(Native Method)
	at sun.reflect.NativeMethodAccessorImpl.invoke(NativeMethodAccessorImpl.java:62)
	at sun.reflect.DelegatingMethodAccessorImpl.invoke(DelegatingMethodAccessorImpl.java:43)
	at java.lang.reflect.Method.invoke(Method.java:498)
	at org.junit.runners.model.FrameworkMethod$1.runReflectiveCall(FrameworkMethod.java:50)
	at org.junit.internal.runners.model.ReflectiveCallable.run(ReflectiveCallable.java:12)
	at org.junit.runners.model.FrameworkMethod.invokeExplosively(FrameworkMethod.java:47)
	at org.junit.internal.runners.statements.RunBefores.evaluate(RunBefores.java:24)
	at org.junit.internal.runners.statements.RunAfters.evaluate(RunAfters.java:27)
	at org.junit.rules.ExpectedException$ExpectedExceptionStatement.evaluate(ExpectedException.java:239)
	at org.junit.rules.TestWatcher$1.evaluate(TestWatcher.java:55)
	at org.junit.rules.RunRules.evaluate(RunRules.java:20)
	at org.junit.runners.ParentRunner.runLeaf(ParentRunner.java:325)
	at org.junit.runners.BlockJUnit4ClassRunner.runChild(BlockJUnit4ClassRunner.java:78)
	at org.junit.runners.BlockJUnit4ClassRunner.runChild(BlockJUnit4ClassRunner.java:57)
	at org.junit.runners.ParentRunner$3.run(ParentRunner.java:290)
	at org.junit.runners.ParentRunner$1.schedule(ParentRunner.java:71)
	at org.junit.runners.ParentRunner.runChildren(ParentRunner.java:288)
	at org.junit.runners.ParentRunner.access$000(ParentRunner.java:58)
	at org.junit.runners.ParentRunner$2.evaluate(ParentRunner.java:268)
	at org.junit.runners.ParentRunner.run(ParentRunner.java:363)
	at org.apache.maven.surefire.junit4.JUnit4Provider.execute(JUnit4Provider.java:252)
	at org.apache.maven.surefire.junit4.JUnit4Provider.executeTestSet(JUnit4Provider.java:141)
	at org.apache.maven.surefire.junit4.JUnit4Provider.invoke(JUnit4Provider.java:112)
	at sun.reflect.NativeMethodAccessorImpl.invoke0(Native Method)
	at sun.reflect.NativeMethodAccessorImpl.invoke(NativeMethodAccessorImpl.java:62)
	at sun.reflect.DelegatingMethodAccessorImpl.invoke(DelegatingMethodAccessorImpl.java:43)
	at java.lang.reflect.Method.invoke(Method.java:498)
	at org.apache.maven.surefire.util.ReflectionUtils.invokeMethodWithArray(ReflectionUtils.java:189)
	at org.apache.maven.surefire.booter.ProviderFactory$ProviderProxy.invoke(ProviderFactory.java:165)
	at org.apache.maven.surefire.booter.ProviderFactory.invokeProvider(ProviderFactory.java:85)
	at org.apache.maven.surefire.booter.ForkedBooter.runSuitesInProcess(ForkedBooter.java:115)
	at org.apache.maven.surefire.booter.ForkedBooter.main(ForkedBooter.java:75)
Caused by: java.util.concurrent.ExecutionException: javax.ws.rs.ProcessingException: java.io.IOException: No such file or directory
	at jersey.repackaged.com.google.common.util.concurrent.AbstractFuture$Sync.getValue(AbstractFuture.java:299)
	at jersey.repackaged.com.google.common.util.concurrent.AbstractFuture$Sync.get(AbstractFuture.java:286)
	at jersey.repackaged.com.google.common.util.concurrent.AbstractFuture.get(AbstractFuture.java:116)
	at com.spotify.docker.client.DefaultDockerClient.request(DefaultDockerClient.java:2674)
	... 35 more
Caused by: javax.ws.rs.ProcessingException: java.io.IOException: No such file or directory
	at org.glassfish.jersey.apache.connector.ApacheConnector.apply(ApacheConnector.java:481)
	at org.glassfish.jersey.apache.connector.ApacheConnector$1.run(ApacheConnector.java:491)
	at java.util.concurrent.Executors$RunnableAdapter.call(Executors.java:511)
	at java.util.concurrent.FutureTask.run(FutureTask.java:266)
	at jersey.repackaged.com.google.common.util.concurrent.MoreExecutors$DirectExecutorService.execute(MoreExecutors.java:299)
	at java.util.concurrent.AbstractExecutorService.submit(AbstractExecutorService.java:112)
	at jersey.repackaged.com.google.common.util.concurrent.AbstractListeningExecutorService.submit(AbstractListeningExecutorService.java:50)
	at jersey.repackaged.com.google.common.util.concurrent.AbstractListeningExecutorService.submit(AbstractListeningExecutorService.java:37)
	at org.glassfish.jersey.apache.connector.ApacheConnector.apply(ApacheConnector.java:487)
	at org.glassfish.jersey.client.ClientRuntime$2.run(ClientRuntime.java:178)
	at org.glassfish.jersey.internal.Errors$1.call(Errors.java:271)
	at org.glassfish.jersey.internal.Errors$1.call(Errors.java:267)
	at org.glassfish.jersey.internal.Errors.process(Errors.java:315)
	at org.glassfish.jersey.internal.Errors.process(Errors.java:297)
	at org.glassfish.jersey.internal.Errors.process(Errors.java:267)
	at org.glassfish.jersey.process.internal.RequestScope.runInScope(RequestScope.java:340)
	at org.glassfish.jersey.client.ClientRuntime$3.run(ClientRuntime.java:210)
	at java.util.concurrent.Executors$RunnableAdapter.call(Executors.java:511)
	at java.util.concurrent.FutureTask.run(FutureTask.java:266)
	at java.util.concurrent.ThreadPoolExecutor.runWorker(ThreadPoolExecutor.java:1142)
	at java.util.concurrent.ThreadPoolExecutor$Worker.run(ThreadPoolExecutor.java:617)
	at java.lang.Thread.run(Thread.java:745)
Caused by: java.io.IOException: No such file or directory
	at jnr.unixsocket.UnixSocketChannel.doConnect(UnixSocketChannel.java:127)
	at jnr.unixsocket.UnixSocketChannel.connect(UnixSocketChannel.java:136)
	at jnr.unixsocket.UnixSocketChannel.connect(UnixSocketChannel.java:223)
	at com.spotify.docker.client.UnixConnectionSocketFactory.connectSocket(UnixConnectionSocketFactory.java:85)
	at org.apache.http.impl.conn.DefaultHttpClientConnectionOperator.connect(DefaultHttpClientConnectionOperator.java:134)
	at org.apache.http.impl.conn.PoolingHttpClientConnectionManager.connect(PoolingHttpClientConnectionManager.java:353)
	at org.apache.http.impl.execchain.MainClientExec.establishRoute(MainClientExec.java:380)
	at org.apache.http.impl.execchain.MainClientExec.execute(MainClientExec.java:236)
	at org.apache.http.impl.execchain.ProtocolExec.execute(ProtocolExec.java:184)
	at org.apache.http.impl.execchain.RetryExec.execute(RetryExec.java:88)
	at org.apache.http.impl.execchain.RedirectExec.execute(RedirectExec.java:110)
	at org.apache.http.impl.client.InternalHttpClient.doExecute(InternalHttpClient.java:184)
	at org.apache.http.impl.client.CloseableHttpClient.execute(CloseableHttpClient.java:71)
	at org.glassfish.jersey.apache.connector.ApacheConnector.apply(ApacheConnector.java:435)
	... 21 more
</error>
    <system-err>Jun 02, 2018 7:44:38 AM org.apache.http.impl.execchain.RetryExec execute
INFO: I/O exception (java.io.IOException) caught when processing request to {}-&gt;unix://localhost:80: No such file or directory
Jun 02, 2018 7:44:38 AM org.apache.http.impl.execchain.RetryExec execute
INFO: Retrying request to {}-&gt;unix://localhost:80
Jun 02, 2018 7:44:38 AM org.apache.http.impl.execchain.RetryExec execute
INFO: I/O exception (java.io.IOException) caught when processing request to {}-&gt;unix://localhost:80: No such file or directory
Jun 02, 2018 7:44:38 AM org.apache.http.impl.execchain.RetryExec execute
INFO: Retrying request to {}-&gt;unix://localhost:80
Jun 02, 2018 7:44:38 AM org.apache.http.impl.execchain.RetryExec execute
INFO: I/O exception (java.io.IOException) caught when processing request to {}-&gt;unix://localhost:80: No such file or directory
Jun 02, 2018 7:44:38 AM org.apache.http.impl.execchain.RetryExec execute
INFO: Retrying request to {}-&gt;unix://localhost:80
</system-err>
  </testcase>
  <testcase classname="com.spotify.docker.client.DefaultDockerClientTest" name="testContainerWithMemoryOptions" time="0.051">
    <error type="java.lang.NullPointerException">java.lang.NullPointerException
	at com.spotify.docker.client.VersionCompare.compareVersion(VersionCompare.java:45)
	at com.spotify.docker.client.DefaultDockerClientTest.dockerApiVersionAtLeast(DefaultDockerClientTest.java:404)
	at com.spotify.docker.client.DefaultDockerClientTest.tearDown(DefaultDockerClientTest.java:356)
	at sun.reflect.NativeMethodAccessorImpl.invoke0(Native Method)
	at sun.reflect.NativeMethodAccessorImpl.invoke(NativeMethodAccessorImpl.java:62)
	at sun.reflect.DelegatingMethodAccessorImpl.invoke(DelegatingMethodAccessorImpl.java:43)
	at java.lang.reflect.Method.invoke(Method.java:498)
	at org.junit.runners.model.FrameworkMethod$1.runReflectiveCall(FrameworkMethod.java:50)
	at org.junit.internal.runners.model.ReflectiveCallable.run(ReflectiveCallable.java:12)
	at org.junit.runners.model.FrameworkMethod.invokeExplosively(FrameworkMethod.java:47)
	at org.junit.internal.runners.statements.RunAfters.evaluate(RunAfters.java:33)
	at org.junit.rules.ExpectedException$ExpectedExceptionStatement.evaluate(ExpectedException.java:239)
	at org.junit.rules.TestWatcher$1.evaluate(TestWatcher.java:55)
	at org.junit.rules.RunRules.evaluate(RunRules.java:20)
	at org.junit.runners.ParentRunner.runLeaf(ParentRunner.java:325)
	at org.junit.runners.BlockJUnit4ClassRunner.runChild(BlockJUnit4ClassRunner.java:78)
	at org.junit.runners.BlockJUnit4ClassRunner.runChild(BlockJUnit4ClassRunner.java:57)
	at org.junit.runners.ParentRunner$3.run(ParentRunner.java:290)
	at org.junit.runners.ParentRunner$1.schedule(ParentRunner.java:71)
	at org.junit.runners.ParentRunner.runChildren(ParentRunner.java:288)
	at org.junit.runners.ParentRunner.access$000(ParentRunner.java:58)
	at org.junit.runners.ParentRunner$2.evaluate(ParentRunner.java:268)
	at org.junit.runners.ParentRunner.run(ParentRunner.java:363)
	at org.apache.maven.surefire.junit4.JUnit4Provider.execute(JUnit4Provider.java:252)
	at org.apache.maven.surefire.junit4.JUnit4Provider.executeTestSet(JUnit4Provider.java:141)
	at org.apache.maven.surefire.junit4.JUnit4Provider.invoke(JUnit4Provider.java:112)
	at sun.reflect.NativeMethodAccessorImpl.invoke0(Native Method)
	at sun.reflect.NativeMethodAccessorImpl.invoke(NativeMethodAccessorImpl.java:62)
	at sun.reflect.DelegatingMethodAccessorImpl.invoke(DelegatingMethodAccessorImpl.java:43)
	at java.lang.reflect.Method.invoke(Method.java:498)
	at org.apache.maven.surefire.util.ReflectionUtils.invokeMethodWithArray(ReflectionUtils.java:189)
	at org.apache.maven.surefire.booter.ProviderFactory$ProviderProxy.invoke(ProviderFactory.java:165)
	at org.apache.maven.surefire.booter.ProviderFactory.invokeProvider(ProviderFactory.java:85)
	at org.apache.maven.surefire.booter.ForkedBooter.runSuitesInProcess(ForkedBooter.java:115)
	at org.apache.maven.surefire.booter.ForkedBooter.main(ForkedBooter.java:75)
</error>
  </testcase>
  <testcase classname="com.spotify.docker.client.DefaultDockerClientTest" name="testPullByDigest" time="0.048">
    <error message="java.util.concurrent.ExecutionException: javax.ws.rs.ProcessingException: java.io.IOException: No such file or directory" type="com.spotify.docker.client.exceptions.DockerException">com.spotify.docker.client.exceptions.DockerException: java.util.concurrent.ExecutionException: javax.ws.rs.ProcessingException: java.io.IOException: No such file or directory
	at com.spotify.docker.client.DefaultDockerClient.propagate(DefaultDockerClient.java:2812)
	at com.spotify.docker.client.DefaultDockerClient.request(DefaultDockerClient.java:2676)
	at com.spotify.docker.client.DefaultDockerClient.version(DefaultDockerClient.java:572)
	at com.spotify.docker.client.DefaultDockerClientTest.setup(DefaultDockerClientTest.java:349)
	at sun.reflect.NativeMethodAccessorImpl.invoke0(Native Method)
	at sun.reflect.NativeMethodAccessorImpl.invoke(NativeMethodAccessorImpl.java:62)
	at sun.reflect.DelegatingMethodAccessorImpl.invoke(DelegatingMethodAccessorImpl.java:43)
	at java.lang.reflect.Method.invoke(Method.java:498)
	at org.junit.runners.model.FrameworkMethod$1.runReflectiveCall(FrameworkMethod.java:50)
	at org.junit.internal.runners.model.ReflectiveCallable.run(ReflectiveCallable.java:12)
	at org.junit.runners.model.FrameworkMethod.invokeExplosively(FrameworkMethod.java:47)
	at org.junit.internal.runners.statements.RunBefores.evaluate(RunBefores.java:24)
	at org.junit.internal.runners.statements.RunAfters.evaluate(RunAfters.java:27)
	at org.junit.rules.ExpectedException$ExpectedExceptionStatement.evaluate(ExpectedException.java:239)
	at org.junit.rules.TestWatcher$1.evaluate(TestWatcher.java:55)
	at org.junit.rules.RunRules.evaluate(RunRules.java:20)
	at org.junit.runners.ParentRunner.runLeaf(ParentRunner.java:325)
	at org.junit.runners.BlockJUnit4ClassRunner.runChild(BlockJUnit4ClassRunner.java:78)
	at org.junit.runners.BlockJUnit4ClassRunner.runChild(BlockJUnit4ClassRunner.java:57)
	at org.junit.runners.ParentRunner$3.run(ParentRunner.java:290)
	at org.junit.runners.ParentRunner$1.schedule(ParentRunner.java:71)
	at org.junit.runners.ParentRunner.runChildren(ParentRunner.java:288)
	at org.junit.runners.ParentRunner.access$000(ParentRunner.java:58)
	at org.junit.runners.ParentRunner$2.evaluate(ParentRunner.java:268)
	at org.junit.runners.ParentRunner.run(ParentRunner.java:363)
	at org.apache.maven.surefire.junit4.JUnit4Provider.execute(JUnit4Provider.java:252)
	at org.apache.maven.surefire.junit4.JUnit4Provider.executeTestSet(JUnit4Provider.java:141)
	at org.apache.maven.surefire.junit4.JUnit4Provider.invoke(JUnit4Provider.java:112)
	at sun.reflect.NativeMethodAccessorImpl.invoke0(Native Method)
	at sun.reflect.NativeMethodAccessorImpl.invoke(NativeMethodAccessorImpl.java:62)
	at sun.reflect.DelegatingMethodAccessorImpl.invoke(DelegatingMethodAccessorImpl.java:43)
	at java.lang.reflect.Method.invoke(Method.java:498)
	at org.apache.maven.surefire.util.ReflectionUtils.invokeMethodWithArray(ReflectionUtils.java:189)
	at org.apache.maven.surefire.booter.ProviderFactory$ProviderProxy.invoke(ProviderFactory.java:165)
	at org.apache.maven.surefire.booter.ProviderFactory.invokeProvider(ProviderFactory.java:85)
	at org.apache.maven.surefire.booter.ForkedBooter.runSuitesInProcess(ForkedBooter.java:115)
	at org.apache.maven.surefire.booter.ForkedBooter.main(ForkedBooter.java:75)
Caused by: java.util.concurrent.ExecutionException: javax.ws.rs.ProcessingException: java.io.IOException: No such file or directory
	at jersey.repackaged.com.google.common.util.concurrent.AbstractFuture$Sync.getValue(AbstractFuture.java:299)
	at jersey.repackaged.com.google.common.util.concurrent.AbstractFuture$Sync.get(AbstractFuture.java:286)
	at jersey.repackaged.com.google.common.util.concurrent.AbstractFuture.get(AbstractFuture.java:116)
	at com.spotify.docker.client.DefaultDockerClient.request(DefaultDockerClient.java:2674)
	... 35 more
Caused by: javax.ws.rs.ProcessingException: java.io.IOException: No such file or directory
	at org.glassfish.jersey.apache.connector.ApacheConnector.apply(ApacheConnector.java:481)
	at org.glassfish.jersey.apache.connector.ApacheConnector$1.run(ApacheConnector.java:491)
	at java.util.concurrent.Executors$RunnableAdapter.call(Executors.java:511)
	at java.util.concurrent.FutureTask.run(FutureTask.java:266)
	at jersey.repackaged.com.google.common.util.concurrent.MoreExecutors$DirectExecutorService.execute(MoreExecutors.java:299)
	at java.util.concurrent.AbstractExecutorService.submit(AbstractExecutorService.java:112)
	at jersey.repackaged.com.google.common.util.concurrent.AbstractListeningExecutorService.submit(AbstractListeningExecutorService.java:50)
	at jersey.repackaged.com.google.common.util.concurrent.AbstractListeningExecutorService.submit(AbstractListeningExecutorService.java:37)
	at org.glassfish.jersey.apache.connector.ApacheConnector.apply(ApacheConnector.java:487)
	at org.glassfish.jersey.client.ClientRuntime$2.run(ClientRuntime.java:178)
	at org.glassfish.jersey.internal.Errors$1.call(Errors.java:271)
	at org.glassfish.jersey.internal.Errors$1.call(Errors.java:267)
	at org.glassfish.jersey.internal.Errors.process(Errors.java:315)
	at org.glassfish.jersey.internal.Errors.process(Errors.java:297)
	at org.glassfish.jersey.internal.Errors.process(Errors.java:267)
	at org.glassfish.jersey.process.internal.RequestScope.runInScope(RequestScope.java:340)
	at org.glassfish.jersey.client.ClientRuntime$3.run(ClientRuntime.java:210)
	at java.util.concurrent.Executors$RunnableAdapter.call(Executors.java:511)
	at java.util.concurrent.FutureTask.run(FutureTask.java:266)
	at java.util.concurrent.ThreadPoolExecutor.runWorker(ThreadPoolExecutor.java:1142)
	at java.util.concurrent.ThreadPoolExecutor$Worker.run(ThreadPoolExecutor.java:617)
	at java.lang.Thread.run(Thread.java:745)
Caused by: java.io.IOException: No such file or directory
	at jnr.unixsocket.UnixSocketChannel.doConnect(UnixSocketChannel.java:127)
	at jnr.unixsocket.UnixSocketChannel.connect(UnixSocketChannel.java:136)
	at jnr.unixsocket.UnixSocketChannel.connect(UnixSocketChannel.java:223)
	at com.spotify.docker.client.UnixConnectionSocketFactory.connectSocket(UnixConnectionSocketFactory.java:85)
	at org.apache.http.impl.conn.DefaultHttpClientConnectionOperator.connect(DefaultHttpClientConnectionOperator.java:134)
	at org.apache.http.impl.conn.PoolingHttpClientConnectionManager.connect(PoolingHttpClientConnectionManager.java:353)
	at org.apache.http.impl.execchain.MainClientExec.establishRoute(MainClientExec.java:380)
	at org.apache.http.impl.execchain.MainClientExec.execute(MainClientExec.java:236)
	at org.apache.http.impl.execchain.ProtocolExec.execute(ProtocolExec.java:184)
	at org.apache.http.impl.execchain.RetryExec.execute(RetryExec.java:88)
	at org.apache.http.impl.execchain.RedirectExec.execute(RedirectExec.java:110)
	at org.apache.http.impl.client.InternalHttpClient.doExecute(InternalHttpClient.java:184)
	at org.apache.http.impl.client.CloseableHttpClient.execute(CloseableHttpClient.java:71)
	at org.glassfish.jersey.apache.connector.ApacheConnector.apply(ApacheConnector.java:435)
	... 21 more
</error>
    <system-err>Jun 02, 2018 7:44:38 AM org.apache.http.impl.execchain.RetryExec execute
INFO: I/O exception (java.io.IOException) caught when processing request to {}-&gt;unix://localhost:80: No such file or directory
Jun 02, 2018 7:44:38 AM org.apache.http.impl.execchain.RetryExec execute
INFO: Retrying request to {}-&gt;unix://localhost:80
Jun 02, 2018 7:44:38 AM org.apache.http.impl.execchain.RetryExec execute
INFO: I/O exception (java.io.IOException) caught when processing request to {}-&gt;unix://localhost:80: No such file or directory
Jun 02, 2018 7:44:38 AM org.apache.http.impl.execchain.RetryExec execute
INFO: Retrying request to {}-&gt;unix://localhost:80
Jun 02, 2018 7:44:38 AM org.apache.http.impl.execchain.RetryExec execute
INFO: I/O exception (java.io.IOException) caught when processing request to {}-&gt;unix://localhost:80: No such file or directory
Jun 02, 2018 7:44:38 AM org.apache.http.impl.execchain.RetryExec execute
INFO: Retrying request to {}-&gt;unix://localhost:80
</system-err>
  </testcase>
  <testcase classname="com.spotify.docker.client.DefaultDockerClientTest" name="testPullByDigest" time="0.049">
    <error type="java.lang.NullPointerException">java.lang.NullPointerException
	at com.spotify.docker.client.VersionCompare.compareVersion(VersionCompare.java:45)
	at com.spotify.docker.client.DefaultDockerClientTest.dockerApiVersionAtLeast(DefaultDockerClientTest.java:404)
	at com.spotify.docker.client.DefaultDockerClientTest.tearDown(DefaultDockerClientTest.java:356)
	at sun.reflect.NativeMethodAccessorImpl.invoke0(Native Method)
	at sun.reflect.NativeMethodAccessorImpl.invoke(NativeMethodAccessorImpl.java:62)
	at sun.reflect.DelegatingMethodAccessorImpl.invoke(DelegatingMethodAccessorImpl.java:43)
	at java.lang.reflect.Method.invoke(Method.java:498)
	at org.junit.runners.model.FrameworkMethod$1.runReflectiveCall(FrameworkMethod.java:50)
	at org.junit.internal.runners.model.ReflectiveCallable.run(ReflectiveCallable.java:12)
	at org.junit.runners.model.FrameworkMethod.invokeExplosively(FrameworkMethod.java:47)
	at org.junit.internal.runners.statements.RunAfters.evaluate(RunAfters.java:33)
	at org.junit.rules.ExpectedException$ExpectedExceptionStatement.evaluate(ExpectedException.java:239)
	at org.junit.rules.TestWatcher$1.evaluate(TestWatcher.java:55)
	at org.junit.rules.RunRules.evaluate(RunRules.java:20)
	at org.junit.runners.ParentRunner.runLeaf(ParentRunner.java:325)
	at org.junit.runners.BlockJUnit4ClassRunner.runChild(BlockJUnit4ClassRunner.java:78)
	at org.junit.runners.BlockJUnit4ClassRunner.runChild(BlockJUnit4ClassRunner.java:57)
	at org.junit.runners.ParentRunner$3.run(ParentRunner.java:290)
	at org.junit.runners.ParentRunner$1.schedule(ParentRunner.java:71)
	at org.junit.runners.ParentRunner.runChildren(ParentRunner.java:288)
	at org.junit.runners.ParentRunner.access$000(ParentRunner.java:58)
	at org.junit.runners.ParentRunner$2.evaluate(ParentRunner.java:268)
	at org.junit.runners.ParentRunner.run(ParentRunner.java:363)
	at org.apache.maven.surefire.junit4.JUnit4Provider.execute(JUnit4Provider.java:252)
	at org.apache.maven.surefire.junit4.JUnit4Provider.executeTestSet(JUnit4Provider.java:141)
	at org.apache.maven.surefire.junit4.JUnit4Provider.invoke(JUnit4Provider.java:112)
	at sun.reflect.NativeMethodAccessorImpl.invoke0(Native Method)
	at sun.reflect.NativeMethodAccessorImpl.invoke(NativeMethodAccessorImpl.java:62)
	at sun.reflect.DelegatingMethodAccessorImpl.invoke(DelegatingMethodAccessorImpl.java:43)
	at java.lang.reflect.Method.invoke(Method.java:498)
	at org.apache.maven.surefire.util.ReflectionUtils.invokeMethodWithArray(ReflectionUtils.java:189)
	at org.apache.maven.surefire.booter.ProviderFactory$ProviderProxy.invoke(ProviderFactory.java:165)
	at org.apache.maven.surefire.booter.ProviderFactory.invokeProvider(ProviderFactory.java:85)
	at org.apache.maven.surefire.booter.ForkedBooter.runSuitesInProcess(ForkedBooter.java:115)
	at org.apache.maven.surefire.booter.ForkedBooter.main(ForkedBooter.java:75)
</error>
  </testcase>
  <testcase classname="com.spotify.docker.client.DefaultDockerClientTest" name="testRestartUnlessStopped" time="0.033">
    <error message="java.util.concurrent.ExecutionException: javax.ws.rs.ProcessingException: java.io.IOException: No such file or directory" type="com.spotify.docker.client.exceptions.DockerException">com.spotify.docker.client.exceptions.DockerException: java.util.concurrent.ExecutionException: javax.ws.rs.ProcessingException: java.io.IOException: No such file or directory
	at com.spotify.docker.client.DefaultDockerClient.propagate(DefaultDockerClient.java:2812)
	at com.spotify.docker.client.DefaultDockerClient.request(DefaultDockerClient.java:2676)
	at com.spotify.docker.client.DefaultDockerClient.version(DefaultDockerClient.java:572)
	at com.spotify.docker.client.DefaultDockerClientTest.setup(DefaultDockerClientTest.java:349)
	at sun.reflect.NativeMethodAccessorImpl.invoke0(Native Method)
	at sun.reflect.NativeMethodAccessorImpl.invoke(NativeMethodAccessorImpl.java:62)
	at sun.reflect.DelegatingMethodAccessorImpl.invoke(DelegatingMethodAccessorImpl.java:43)
	at java.lang.reflect.Method.invoke(Method.java:498)
	at org.junit.runners.model.FrameworkMethod$1.runReflectiveCall(FrameworkMethod.java:50)
	at org.junit.internal.runners.model.ReflectiveCallable.run(ReflectiveCallable.java:12)
	at org.junit.runners.model.FrameworkMethod.invokeExplosively(FrameworkMethod.java:47)
	at org.junit.internal.runners.statements.RunBefores.evaluate(RunBefores.java:24)
	at org.junit.internal.runners.statements.RunAfters.evaluate(RunAfters.java:27)
	at org.junit.rules.ExpectedException$ExpectedExceptionStatement.evaluate(ExpectedException.java:239)
	at org.junit.rules.TestWatcher$1.evaluate(TestWatcher.java:55)
	at org.junit.rules.RunRules.evaluate(RunRules.java:20)
	at org.junit.runners.ParentRunner.runLeaf(ParentRunner.java:325)
	at org.junit.runners.BlockJUnit4ClassRunner.runChild(BlockJUnit4ClassRunner.java:78)
	at org.junit.runners.BlockJUnit4ClassRunner.runChild(BlockJUnit4ClassRunner.java:57)
	at org.junit.runners.ParentRunner$3.run(ParentRunner.java:290)
	at org.junit.runners.ParentRunner$1.schedule(ParentRunner.java:71)
	at org.junit.runners.ParentRunner.runChildren(ParentRunner.java:288)
	at org.junit.runners.ParentRunner.access$000(ParentRunner.java:58)
	at org.junit.runners.ParentRunner$2.evaluate(ParentRunner.java:268)
	at org.junit.runners.ParentRunner.run(ParentRunner.java:363)
	at org.apache.maven.surefire.junit4.JUnit4Provider.execute(JUnit4Provider.java:252)
	at org.apache.maven.surefire.junit4.JUnit4Provider.executeTestSet(JUnit4Provider.java:141)
	at org.apache.maven.surefire.junit4.JUnit4Provider.invoke(JUnit4Provider.java:112)
	at sun.reflect.NativeMethodAccessorImpl.invoke0(Native Method)
	at sun.reflect.NativeMethodAccessorImpl.invoke(NativeMethodAccessorImpl.java:62)
	at sun.reflect.DelegatingMethodAccessorImpl.invoke(DelegatingMethodAccessorImpl.java:43)
	at java.lang.reflect.Method.invoke(Method.java:498)
	at org.apache.maven.surefire.util.ReflectionUtils.invokeMethodWithArray(ReflectionUtils.java:189)
	at org.apache.maven.surefire.booter.ProviderFactory$ProviderProxy.invoke(ProviderFactory.java:165)
	at org.apache.maven.surefire.booter.ProviderFactory.invokeProvider(ProviderFactory.java:85)
	at org.apache.maven.surefire.booter.ForkedBooter.runSuitesInProcess(ForkedBooter.java:115)
	at org.apache.maven.surefire.booter.ForkedBooter.main(ForkedBooter.java:75)
Caused by: java.util.concurrent.ExecutionException: javax.ws.rs.ProcessingException: java.io.IOException: No such file or directory
	at jersey.repackaged.com.google.common.util.concurrent.AbstractFuture$Sync.getValue(AbstractFuture.java:299)
	at jersey.repackaged.com.google.common.util.concurrent.AbstractFuture$Sync.get(AbstractFuture.java:286)
	at jersey.repackaged.com.google.common.util.concurrent.AbstractFuture.get(AbstractFuture.java:116)
	at com.spotify.docker.client.DefaultDockerClient.request(DefaultDockerClient.java:2674)
	... 35 more
Caused by: javax.ws.rs.ProcessingException: java.io.IOException: No such file or directory
	at org.glassfish.jersey.apache.connector.ApacheConnector.apply(ApacheConnector.java:481)
	at org.glassfish.jersey.apache.connector.ApacheConnector$1.run(ApacheConnector.java:491)
	at java.util.concurrent.Executors$RunnableAdapter.call(Executors.java:511)
	at java.util.concurrent.FutureTask.run(FutureTask.java:266)
	at jersey.repackaged.com.google.common.util.concurrent.MoreExecutors$DirectExecutorService.execute(MoreExecutors.java:299)
	at java.util.concurrent.AbstractExecutorService.submit(AbstractExecutorService.java:112)
	at jersey.repackaged.com.google.common.util.concurrent.AbstractListeningExecutorService.submit(AbstractListeningExecutorService.java:50)
	at jersey.repackaged.com.google.common.util.concurrent.AbstractListeningExecutorService.submit(AbstractListeningExecutorService.java:37)
	at org.glassfish.jersey.apache.connector.ApacheConnector.apply(ApacheConnector.java:487)
	at org.glassfish.jersey.client.ClientRuntime$2.run(ClientRuntime.java:178)
	at org.glassfish.jersey.internal.Errors$1.call(Errors.java:271)
	at org.glassfish.jersey.internal.Errors$1.call(Errors.java:267)
	at org.glassfish.jersey.internal.Errors.process(Errors.java:315)
	at org.glassfish.jersey.internal.Errors.process(Errors.java:297)
	at org.glassfish.jersey.internal.Errors.process(Errors.java:267)
	at org.glassfish.jersey.process.internal.RequestScope.runInScope(RequestScope.java:340)
	at org.glassfish.jersey.client.ClientRuntime$3.run(ClientRuntime.java:210)
	at java.util.concurrent.Executors$RunnableAdapter.call(Executors.java:511)
	at java.util.concurrent.FutureTask.run(FutureTask.java:266)
	at java.util.concurrent.ThreadPoolExecutor.runWorker(ThreadPoolExecutor.java:1142)
	at java.util.concurrent.ThreadPoolExecutor$Worker.run(ThreadPoolExecutor.java:617)
	at java.lang.Thread.run(Thread.java:745)
Caused by: java.io.IOException: No such file or directory
	at jnr.unixsocket.UnixSocketChannel.doConnect(UnixSocketChannel.java:127)
	at jnr.unixsocket.UnixSocketChannel.connect(UnixSocketChannel.java:136)
	at jnr.unixsocket.UnixSocketChannel.connect(UnixSocketChannel.java:223)
	at com.spotify.docker.client.UnixConnectionSocketFactory.connectSocket(UnixConnectionSocketFactory.java:85)
	at org.apache.http.impl.conn.DefaultHttpClientConnectionOperator.connect(DefaultHttpClientConnectionOperator.java:134)
	at org.apache.http.impl.conn.PoolingHttpClientConnectionManager.connect(PoolingHttpClientConnectionManager.java:353)
	at org.apache.http.impl.execchain.MainClientExec.establishRoute(MainClientExec.java:380)
	at org.apache.http.impl.execchain.MainClientExec.execute(MainClientExec.java:236)
	at org.apache.http.impl.execchain.ProtocolExec.execute(ProtocolExec.java:184)
	at org.apache.http.impl.execchain.RetryExec.execute(RetryExec.java:88)
	at org.apache.http.impl.execchain.RedirectExec.execute(RedirectExec.java:110)
	at org.apache.http.impl.client.InternalHttpClient.doExecute(InternalHttpClient.java:184)
	at org.apache.http.impl.client.CloseableHttpClient.execute(CloseableHttpClient.java:71)
	at org.glassfish.jersey.apache.connector.ApacheConnector.apply(ApacheConnector.java:435)
	... 21 more
</error>
    <system-err>Jun 02, 2018 7:44:38 AM org.apache.http.impl.execchain.RetryExec execute
INFO: I/O exception (java.io.IOException) caught when processing request to {}-&gt;unix://localhost:80: No such file or directory
Jun 02, 2018 7:44:38 AM org.apache.http.impl.execchain.RetryExec execute
INFO: Retrying request to {}-&gt;unix://localhost:80
Jun 02, 2018 7:44:38 AM org.apache.http.impl.execchain.RetryExec execute
INFO: I/O exception (java.io.IOException) caught when processing request to {}-&gt;unix://localhost:80: No such file or directory
Jun 02, 2018 7:44:38 AM org.apache.http.impl.execchain.RetryExec execute
INFO: Retrying request to {}-&gt;unix://localhost:80
Jun 02, 2018 7:44:38 AM org.apache.http.impl.execchain.RetryExec execute
INFO: I/O exception (java.io.IOException) caught when processing request to {}-&gt;unix://localhost:80: No such file or directory
Jun 02, 2018 7:44:38 AM org.apache.http.impl.execchain.RetryExec execute
INFO: Retrying request to {}-&gt;unix://localhost:80
</system-err>
  </testcase>
  <testcase classname="com.spotify.docker.client.DefaultDockerClientTest" name="testRestartUnlessStopped" time="0.034">
    <error type="java.lang.NullPointerException">java.lang.NullPointerException
	at com.spotify.docker.client.VersionCompare.compareVersion(VersionCompare.java:45)
	at com.spotify.docker.client.DefaultDockerClientTest.dockerApiVersionAtLeast(DefaultDockerClientTest.java:404)
	at com.spotify.docker.client.DefaultDockerClientTest.tearDown(DefaultDockerClientTest.java:356)
	at sun.reflect.NativeMethodAccessorImpl.invoke0(Native Method)
	at sun.reflect.NativeMethodAccessorImpl.invoke(NativeMethodAccessorImpl.java:62)
	at sun.reflect.DelegatingMethodAccessorImpl.invoke(DelegatingMethodAccessorImpl.java:43)
	at java.lang.reflect.Method.invoke(Method.java:498)
	at org.junit.runners.model.FrameworkMethod$1.runReflectiveCall(FrameworkMethod.java:50)
	at org.junit.internal.runners.model.ReflectiveCallable.run(ReflectiveCallable.java:12)
	at org.junit.runners.model.FrameworkMethod.invokeExplosively(FrameworkMethod.java:47)
	at org.junit.internal.runners.statements.RunAfters.evaluate(RunAfters.java:33)
	at org.junit.rules.ExpectedException$ExpectedExceptionStatement.evaluate(ExpectedException.java:239)
	at org.junit.rules.TestWatcher$1.evaluate(TestWatcher.java:55)
	at org.junit.rules.RunRules.evaluate(RunRules.java:20)
	at org.junit.runners.ParentRunner.runLeaf(ParentRunner.java:325)
	at org.junit.runners.BlockJUnit4ClassRunner.runChild(BlockJUnit4ClassRunner.java:78)
	at org.junit.runners.BlockJUnit4ClassRunner.runChild(BlockJUnit4ClassRunner.java:57)
	at org.junit.runners.ParentRunner$3.run(ParentRunner.java:290)
	at org.junit.runners.ParentRunner$1.schedule(ParentRunner.java:71)
	at org.junit.runners.ParentRunner.runChildren(ParentRunner.java:288)
	at org.junit.runners.ParentRunner.access$000(ParentRunner.java:58)
	at org.junit.runners.ParentRunner$2.evaluate(ParentRunner.java:268)
	at org.junit.runners.ParentRunner.run(ParentRunner.java:363)
	at org.apache.maven.surefire.junit4.JUnit4Provider.execute(JUnit4Provider.java:252)
	at org.apache.maven.surefire.junit4.JUnit4Provider.executeTestSet(JUnit4Provider.java:141)
	at org.apache.maven.surefire.junit4.JUnit4Provider.invoke(JUnit4Provider.java:112)
	at sun.reflect.NativeMethodAccessorImpl.invoke0(Native Method)
	at sun.reflect.NativeMethodAccessorImpl.invoke(NativeMethodAccessorImpl.java:62)
	at sun.reflect.DelegatingMethodAccessorImpl.invoke(DelegatingMethodAccessorImpl.java:43)
	at java.lang.reflect.Method.invoke(Method.java:498)
	at org.apache.maven.surefire.util.ReflectionUtils.invokeMethodWithArray(ReflectionUtils.java:189)
	at org.apache.maven.surefire.booter.ProviderFactory$ProviderProxy.invoke(ProviderFactory.java:165)
	at org.apache.maven.surefire.booter.ProviderFactory.invokeProvider(ProviderFactory.java:85)
	at org.apache.maven.surefire.booter.ForkedBooter.runSuitesInProcess(ForkedBooter.java:115)
	at org.apache.maven.surefire.booter.ForkedBooter.main(ForkedBooter.java:75)
</error>
  </testcase>
  <testcase classname="com.spotify.docker.client.DefaultDockerClientTest" name="testKillContainer" time="0.04">
    <error message="java.util.concurrent.ExecutionException: javax.ws.rs.ProcessingException: java.io.IOException: No such file or directory" type="com.spotify.docker.client.exceptions.DockerException">com.spotify.docker.client.exceptions.DockerException: java.util.concurrent.ExecutionException: javax.ws.rs.ProcessingException: java.io.IOException: No such file or directory
	at com.spotify.docker.client.DefaultDockerClient.propagate(DefaultDockerClient.java:2812)
	at com.spotify.docker.client.DefaultDockerClient.request(DefaultDockerClient.java:2676)
	at com.spotify.docker.client.DefaultDockerClient.version(DefaultDockerClient.java:572)
	at com.spotify.docker.client.DefaultDockerClientTest.setup(DefaultDockerClientTest.java:349)
	at sun.reflect.NativeMethodAccessorImpl.invoke0(Native Method)
	at sun.reflect.NativeMethodAccessorImpl.invoke(NativeMethodAccessorImpl.java:62)
	at sun.reflect.DelegatingMethodAccessorImpl.invoke(DelegatingMethodAccessorImpl.java:43)
	at java.lang.reflect.Method.invoke(Method.java:498)
	at org.junit.runners.model.FrameworkMethod$1.runReflectiveCall(FrameworkMethod.java:50)
	at org.junit.internal.runners.model.ReflectiveCallable.run(ReflectiveCallable.java:12)
	at org.junit.runners.model.FrameworkMethod.invokeExplosively(FrameworkMethod.java:47)
	at org.junit.internal.runners.statements.RunBefores.evaluate(RunBefores.java:24)
	at org.junit.internal.runners.statements.RunAfters.evaluate(RunAfters.java:27)
	at org.junit.rules.ExpectedException$ExpectedExceptionStatement.evaluate(ExpectedException.java:239)
	at org.junit.rules.TestWatcher$1.evaluate(TestWatcher.java:55)
	at org.junit.rules.RunRules.evaluate(RunRules.java:20)
	at org.junit.runners.ParentRunner.runLeaf(ParentRunner.java:325)
	at org.junit.runners.BlockJUnit4ClassRunner.runChild(BlockJUnit4ClassRunner.java:78)
	at org.junit.runners.BlockJUnit4ClassRunner.runChild(BlockJUnit4ClassRunner.java:57)
	at org.junit.runners.ParentRunner$3.run(ParentRunner.java:290)
	at org.junit.runners.ParentRunner$1.schedule(ParentRunner.java:71)
	at org.junit.runners.ParentRunner.runChildren(ParentRunner.java:288)
	at org.junit.runners.ParentRunner.access$000(ParentRunner.java:58)
	at org.junit.runners.ParentRunner$2.evaluate(ParentRunner.java:268)
	at org.junit.runners.ParentRunner.run(ParentRunner.java:363)
	at org.apache.maven.surefire.junit4.JUnit4Provider.execute(JUnit4Provider.java:252)
	at org.apache.maven.surefire.junit4.JUnit4Provider.executeTestSet(JUnit4Provider.java:141)
	at org.apache.maven.surefire.junit4.JUnit4Provider.invoke(JUnit4Provider.java:112)
	at sun.reflect.NativeMethodAccessorImpl.invoke0(Native Method)
	at sun.reflect.NativeMethodAccessorImpl.invoke(NativeMethodAccessorImpl.java:62)
	at sun.reflect.DelegatingMethodAccessorImpl.invoke(DelegatingMethodAccessorImpl.java:43)
	at java.lang.reflect.Method.invoke(Method.java:498)
	at org.apache.maven.surefire.util.ReflectionUtils.invokeMethodWithArray(ReflectionUtils.java:189)
	at org.apache.maven.surefire.booter.ProviderFactory$ProviderProxy.invoke(ProviderFactory.java:165)
	at org.apache.maven.surefire.booter.ProviderFactory.invokeProvider(ProviderFactory.java:85)
	at org.apache.maven.surefire.booter.ForkedBooter.runSuitesInProcess(ForkedBooter.java:115)
	at org.apache.maven.surefire.booter.ForkedBooter.main(ForkedBooter.java:75)
Caused by: java.util.concurrent.ExecutionException: javax.ws.rs.ProcessingException: java.io.IOException: No such file or directory
	at jersey.repackaged.com.google.common.util.concurrent.AbstractFuture$Sync.getValue(AbstractFuture.java:299)
	at jersey.repackaged.com.google.common.util.concurrent.AbstractFuture$Sync.get(AbstractFuture.java:286)
	at jersey.repackaged.com.google.common.util.concurrent.AbstractFuture.get(AbstractFuture.java:116)
	at com.spotify.docker.client.DefaultDockerClient.request(DefaultDockerClient.java:2674)
	... 35 more
Caused by: javax.ws.rs.ProcessingException: java.io.IOException: No such file or directory
	at org.glassfish.jersey.apache.connector.ApacheConnector.apply(ApacheConnector.java:481)
	at org.glassfish.jersey.apache.connector.ApacheConnector$1.run(ApacheConnector.java:491)
	at java.util.concurrent.Executors$RunnableAdapter.call(Executors.java:511)
	at java.util.concurrent.FutureTask.run(FutureTask.java:266)
	at jersey.repackaged.com.google.common.util.concurrent.MoreExecutors$DirectExecutorService.execute(MoreExecutors.java:299)
	at java.util.concurrent.AbstractExecutorService.submit(AbstractExecutorService.java:112)
	at jersey.repackaged.com.google.common.util.concurrent.AbstractListeningExecutorService.submit(AbstractListeningExecutorService.java:50)
	at jersey.repackaged.com.google.common.util.concurrent.AbstractListeningExecutorService.submit(AbstractListeningExecutorService.java:37)
	at org.glassfish.jersey.apache.connector.ApacheConnector.apply(ApacheConnector.java:487)
	at org.glassfish.jersey.client.ClientRuntime$2.run(ClientRuntime.java:178)
	at org.glassfish.jersey.internal.Errors$1.call(Errors.java:271)
	at org.glassfish.jersey.internal.Errors$1.call(Errors.java:267)
	at org.glassfish.jersey.internal.Errors.process(Errors.java:315)
	at org.glassfish.jersey.internal.Errors.process(Errors.java:297)
	at org.glassfish.jersey.internal.Errors.process(Errors.java:267)
	at org.glassfish.jersey.process.internal.RequestScope.runInScope(RequestScope.java:340)
	at org.glassfish.jersey.client.ClientRuntime$3.run(ClientRuntime.java:210)
	at java.util.concurrent.Executors$RunnableAdapter.call(Executors.java:511)
	at java.util.concurrent.FutureTask.run(FutureTask.java:266)
	at java.util.concurrent.ThreadPoolExecutor.runWorker(ThreadPoolExecutor.java:1142)
	at java.util.concurrent.ThreadPoolExecutor$Worker.run(ThreadPoolExecutor.java:617)
	at java.lang.Thread.run(Thread.java:745)
Caused by: java.io.IOException: No such file or directory
	at jnr.unixsocket.UnixSocketChannel.doConnect(UnixSocketChannel.java:127)
	at jnr.unixsocket.UnixSocketChannel.connect(UnixSocketChannel.java:136)
	at jnr.unixsocket.UnixSocketChannel.connect(UnixSocketChannel.java:223)
	at com.spotify.docker.client.UnixConnectionSocketFactory.connectSocket(UnixConnectionSocketFactory.java:85)
	at org.apache.http.impl.conn.DefaultHttpClientConnectionOperator.connect(DefaultHttpClientConnectionOperator.java:134)
	at org.apache.http.impl.conn.PoolingHttpClientConnectionManager.connect(PoolingHttpClientConnectionManager.java:353)
	at org.apache.http.impl.execchain.MainClientExec.establishRoute(MainClientExec.java:380)
	at org.apache.http.impl.execchain.MainClientExec.execute(MainClientExec.java:236)
	at org.apache.http.impl.execchain.ProtocolExec.execute(ProtocolExec.java:184)
	at org.apache.http.impl.execchain.RetryExec.execute(RetryExec.java:88)
	at org.apache.http.impl.execchain.RedirectExec.execute(RedirectExec.java:110)
	at org.apache.http.impl.client.InternalHttpClient.doExecute(InternalHttpClient.java:184)
	at org.apache.http.impl.client.CloseableHttpClient.execute(CloseableHttpClient.java:71)
	at org.glassfish.jersey.apache.connector.ApacheConnector.apply(ApacheConnector.java:435)
	... 21 more
</error>
    <system-err>Jun 02, 2018 7:44:38 AM org.apache.http.impl.execchain.RetryExec execute
INFO: I/O exception (java.io.IOException) caught when processing request to {}-&gt;unix://localhost:80: No such file or directory
Jun 02, 2018 7:44:38 AM org.apache.http.impl.execchain.RetryExec execute
INFO: Retrying request to {}-&gt;unix://localhost:80
Jun 02, 2018 7:44:38 AM org.apache.http.impl.execchain.RetryExec execute
INFO: I/O exception (java.io.IOException) caught when processing request to {}-&gt;unix://localhost:80: No such file or directory
Jun 02, 2018 7:44:38 AM org.apache.http.impl.execchain.RetryExec execute
INFO: Retrying request to {}-&gt;unix://localhost:80
Jun 02, 2018 7:44:38 AM org.apache.http.impl.execchain.RetryExec execute
INFO: I/O exception (java.io.IOException) caught when processing request to {}-&gt;unix://localhost:80: No such file or directory
Jun 02, 2018 7:44:38 AM org.apache.http.impl.execchain.RetryExec execute
INFO: Retrying request to {}-&gt;unix://localhost:80
</system-err>
  </testcase>
  <testcase classname="com.spotify.docker.client.DefaultDockerClientTest" name="testKillContainer" time="0.04">
    <error type="java.lang.NullPointerException">java.lang.NullPointerException
	at com.spotify.docker.client.VersionCompare.compareVersion(VersionCompare.java:45)
	at com.spotify.docker.client.DefaultDockerClientTest.dockerApiVersionAtLeast(DefaultDockerClientTest.java:404)
	at com.spotify.docker.client.DefaultDockerClientTest.tearDown(DefaultDockerClientTest.java:356)
	at sun.reflect.NativeMethodAccessorImpl.invoke0(Native Method)
	at sun.reflect.NativeMethodAccessorImpl.invoke(NativeMethodAccessorImpl.java:62)
	at sun.reflect.DelegatingMethodAccessorImpl.invoke(DelegatingMethodAccessorImpl.java:43)
	at java.lang.reflect.Method.invoke(Method.java:498)
	at org.junit.runners.model.FrameworkMethod$1.runReflectiveCall(FrameworkMethod.java:50)
	at org.junit.internal.runners.model.ReflectiveCallable.run(ReflectiveCallable.java:12)
	at org.junit.runners.model.FrameworkMethod.invokeExplosively(FrameworkMethod.java:47)
	at org.junit.internal.runners.statements.RunAfters.evaluate(RunAfters.java:33)
	at org.junit.rules.ExpectedException$ExpectedExceptionStatement.evaluate(ExpectedException.java:239)
	at org.junit.rules.TestWatcher$1.evaluate(TestWatcher.java:55)
	at org.junit.rules.RunRules.evaluate(RunRules.java:20)
	at org.junit.runners.ParentRunner.runLeaf(ParentRunner.java:325)
	at org.junit.runners.BlockJUnit4ClassRunner.runChild(BlockJUnit4ClassRunner.java:78)
	at org.junit.runners.BlockJUnit4ClassRunner.runChild(BlockJUnit4ClassRunner.java:57)
	at org.junit.runners.ParentRunner$3.run(ParentRunner.java:290)
	at org.junit.runners.ParentRunner$1.schedule(ParentRunner.java:71)
	at org.junit.runners.ParentRunner.runChildren(ParentRunner.java:288)
	at org.junit.runners.ParentRunner.access$000(ParentRunner.java:58)
	at org.junit.runners.ParentRunner$2.evaluate(ParentRunner.java:268)
	at org.junit.runners.ParentRunner.run(ParentRunner.java:363)
	at org.apache.maven.surefire.junit4.JUnit4Provider.execute(JUnit4Provider.java:252)
	at org.apache.maven.surefire.junit4.JUnit4Provider.executeTestSet(JUnit4Provider.java:141)
	at org.apache.maven.surefire.junit4.JUnit4Provider.invoke(JUnit4Provider.java:112)
	at sun.reflect.NativeMethodAccessorImpl.invoke0(Native Method)
	at sun.reflect.NativeMethodAccessorImpl.invoke(NativeMethodAccessorImpl.java:62)
	at sun.reflect.DelegatingMethodAccessorImpl.invoke(DelegatingMethodAccessorImpl.java:43)
	at java.lang.reflect.Method.invoke(Method.java:498)
	at org.apache.maven.surefire.util.ReflectionUtils.invokeMethodWithArray(ReflectionUtils.java:189)
	at org.apache.maven.surefire.booter.ProviderFactory$ProviderProxy.invoke(ProviderFactory.java:165)
	at org.apache.maven.surefire.booter.ProviderFactory.invokeProvider(ProviderFactory.java:85)
	at org.apache.maven.surefire.booter.ForkedBooter.runSuitesInProcess(ForkedBooter.java:115)
	at org.apache.maven.surefire.booter.ForkedBooter.main(ForkedBooter.java:75)
</error>
  </testcase>
  <testcase classname="com.spotify.docker.client.DefaultDockerClientTest" name="testAttachContainer" time="0.037">
    <error message="java.util.concurrent.ExecutionException: javax.ws.rs.ProcessingException: java.io.IOException: No such file or directory" type="com.spotify.docker.client.exceptions.DockerException">com.spotify.docker.client.exceptions.DockerException: java.util.concurrent.ExecutionException: javax.ws.rs.ProcessingException: java.io.IOException: No such file or directory
	at com.spotify.docker.client.DefaultDockerClient.propagate(DefaultDockerClient.java:2812)
	at com.spotify.docker.client.DefaultDockerClient.request(DefaultDockerClient.java:2676)
	at com.spotify.docker.client.DefaultDockerClient.version(DefaultDockerClient.java:572)
	at com.spotify.docker.client.DefaultDockerClientTest.setup(DefaultDockerClientTest.java:349)
	at sun.reflect.NativeMethodAccessorImpl.invoke0(Native Method)
	at sun.reflect.NativeMethodAccessorImpl.invoke(NativeMethodAccessorImpl.java:62)
	at sun.reflect.DelegatingMethodAccessorImpl.invoke(DelegatingMethodAccessorImpl.java:43)
	at java.lang.reflect.Method.invoke(Method.java:498)
	at org.junit.runners.model.FrameworkMethod$1.runReflectiveCall(FrameworkMethod.java:50)
	at org.junit.internal.runners.model.ReflectiveCallable.run(ReflectiveCallable.java:12)
	at org.junit.runners.model.FrameworkMethod.invokeExplosively(FrameworkMethod.java:47)
	at org.junit.internal.runners.statements.RunBefores.evaluate(RunBefores.java:24)
	at org.junit.internal.runners.statements.RunAfters.evaluate(RunAfters.java:27)
	at org.junit.rules.ExpectedException$ExpectedExceptionStatement.evaluate(ExpectedException.java:239)
	at org.junit.rules.TestWatcher$1.evaluate(TestWatcher.java:55)
	at org.junit.rules.RunRules.evaluate(RunRules.java:20)
	at org.junit.runners.ParentRunner.runLeaf(ParentRunner.java:325)
	at org.junit.runners.BlockJUnit4ClassRunner.runChild(BlockJUnit4ClassRunner.java:78)
	at org.junit.runners.BlockJUnit4ClassRunner.runChild(BlockJUnit4ClassRunner.java:57)
	at org.junit.runners.ParentRunner$3.run(ParentRunner.java:290)
	at org.junit.runners.ParentRunner$1.schedule(ParentRunner.java:71)
	at org.junit.runners.ParentRunner.runChildren(ParentRunner.java:288)
	at org.junit.runners.ParentRunner.access$000(ParentRunner.java:58)
	at org.junit.runners.ParentRunner$2.evaluate(ParentRunner.java:268)
	at org.junit.runners.ParentRunner.run(ParentRunner.java:363)
	at org.apache.maven.surefire.junit4.JUnit4Provider.execute(JUnit4Provider.java:252)
	at org.apache.maven.surefire.junit4.JUnit4Provider.executeTestSet(JUnit4Provider.java:141)
	at org.apache.maven.surefire.junit4.JUnit4Provider.invoke(JUnit4Provider.java:112)
	at sun.reflect.NativeMethodAccessorImpl.invoke0(Native Method)
	at sun.reflect.NativeMethodAccessorImpl.invoke(NativeMethodAccessorImpl.java:62)
	at sun.reflect.DelegatingMethodAccessorImpl.invoke(DelegatingMethodAccessorImpl.java:43)
	at java.lang.reflect.Method.invoke(Method.java:498)
	at org.apache.maven.surefire.util.ReflectionUtils.invokeMethodWithArray(ReflectionUtils.java:189)
	at org.apache.maven.surefire.booter.ProviderFactory$ProviderProxy.invoke(ProviderFactory.java:165)
	at org.apache.maven.surefire.booter.ProviderFactory.invokeProvider(ProviderFactory.java:85)
	at org.apache.maven.surefire.booter.ForkedBooter.runSuitesInProcess(ForkedBooter.java:115)
	at org.apache.maven.surefire.booter.ForkedBooter.main(ForkedBooter.java:75)
Caused by: java.util.concurrent.ExecutionException: javax.ws.rs.ProcessingException: java.io.IOException: No such file or directory
	at jersey.repackaged.com.google.common.util.concurrent.AbstractFuture$Sync.getValue(AbstractFuture.java:299)
	at jersey.repackaged.com.google.common.util.concurrent.AbstractFuture$Sync.get(AbstractFuture.java:286)
	at jersey.repackaged.com.google.common.util.concurrent.AbstractFuture.get(AbstractFuture.java:116)
	at com.spotify.docker.client.DefaultDockerClient.request(DefaultDockerClient.java:2674)
	... 35 more
Caused by: javax.ws.rs.ProcessingException: java.io.IOException: No such file or directory
	at org.glassfish.jersey.apache.connector.ApacheConnector.apply(ApacheConnector.java:481)
	at org.glassfish.jersey.apache.connector.ApacheConnector$1.run(ApacheConnector.java:491)
	at java.util.concurrent.Executors$RunnableAdapter.call(Executors.java:511)
	at java.util.concurrent.FutureTask.run(FutureTask.java:266)
	at jersey.repackaged.com.google.common.util.concurrent.MoreExecutors$DirectExecutorService.execute(MoreExecutors.java:299)
	at java.util.concurrent.AbstractExecutorService.submit(AbstractExecutorService.java:112)
	at jersey.repackaged.com.google.common.util.concurrent.AbstractListeningExecutorService.submit(AbstractListeningExecutorService.java:50)
	at jersey.repackaged.com.google.common.util.concurrent.AbstractListeningExecutorService.submit(AbstractListeningExecutorService.java:37)
	at org.glassfish.jersey.apache.connector.ApacheConnector.apply(ApacheConnector.java:487)
	at org.glassfish.jersey.client.ClientRuntime$2.run(ClientRuntime.java:178)
	at org.glassfish.jersey.internal.Errors$1.call(Errors.java:271)
	at org.glassfish.jersey.internal.Errors$1.call(Errors.java:267)
	at org.glassfish.jersey.internal.Errors.process(Errors.java:315)
	at org.glassfish.jersey.internal.Errors.process(Errors.java:297)
	at org.glassfish.jersey.internal.Errors.process(Errors.java:267)
	at org.glassfish.jersey.process.internal.RequestScope.runInScope(RequestScope.java:340)
	at org.glassfish.jersey.client.ClientRuntime$3.run(ClientRuntime.java:210)
	at java.util.concurrent.Executors$RunnableAdapter.call(Executors.java:511)
	at java.util.concurrent.FutureTask.run(FutureTask.java:266)
	at java.util.concurrent.ThreadPoolExecutor.runWorker(ThreadPoolExecutor.java:1142)
	at java.util.concurrent.ThreadPoolExecutor$Worker.run(ThreadPoolExecutor.java:617)
	at java.lang.Thread.run(Thread.java:745)
Caused by: java.io.IOException: No such file or directory
	at jnr.unixsocket.UnixSocketChannel.doConnect(UnixSocketChannel.java:127)
	at jnr.unixsocket.UnixSocketChannel.connect(UnixSocketChannel.java:136)
	at jnr.unixsocket.UnixSocketChannel.connect(UnixSocketChannel.java:223)
	at com.spotify.docker.client.UnixConnectionSocketFactory.connectSocket(UnixConnectionSocketFactory.java:85)
	at org.apache.http.impl.conn.DefaultHttpClientConnectionOperator.connect(DefaultHttpClientConnectionOperator.java:134)
	at org.apache.http.impl.conn.PoolingHttpClientConnectionManager.connect(PoolingHttpClientConnectionManager.java:353)
	at org.apache.http.impl.execchain.MainClientExec.establishRoute(MainClientExec.java:380)
	at org.apache.http.impl.execchain.MainClientExec.execute(MainClientExec.java:236)
	at org.apache.http.impl.execchain.ProtocolExec.execute(ProtocolExec.java:184)
	at org.apache.http.impl.execchain.RetryExec.execute(RetryExec.java:88)
	at org.apache.http.impl.execchain.RedirectExec.execute(RedirectExec.java:110)
	at org.apache.http.impl.client.InternalHttpClient.doExecute(InternalHttpClient.java:184)
	at org.apache.http.impl.client.CloseableHttpClient.execute(CloseableHttpClient.java:71)
	at org.glassfish.jersey.apache.connector.ApacheConnector.apply(ApacheConnector.java:435)
	... 21 more
</error>
    <system-err>Jun 02, 2018 7:44:38 AM org.apache.http.impl.execchain.RetryExec execute
INFO: I/O exception (java.io.IOException) caught when processing request to {}-&gt;unix://localhost:80: No such file or directory
Jun 02, 2018 7:44:38 AM org.apache.http.impl.execchain.RetryExec execute
INFO: Retrying request to {}-&gt;unix://localhost:80
Jun 02, 2018 7:44:38 AM org.apache.http.impl.execchain.RetryExec execute
INFO: I/O exception (java.io.IOException) caught when processing request to {}-&gt;unix://localhost:80: No such file or directory
Jun 02, 2018 7:44:38 AM org.apache.http.impl.execchain.RetryExec execute
INFO: Retrying request to {}-&gt;unix://localhost:80
Jun 02, 2018 7:44:38 AM org.apache.http.impl.execchain.RetryExec execute
INFO: I/O exception (java.io.IOException) caught when processing request to {}-&gt;unix://localhost:80: No such file or directory
Jun 02, 2018 7:44:38 AM org.apache.http.impl.execchain.RetryExec execute
INFO: Retrying request to {}-&gt;unix://localhost:80
</system-err>
  </testcase>
  <testcase classname="com.spotify.docker.client.DefaultDockerClientTest" name="testAttachContainer" time="0.037">
    <error type="java.lang.NullPointerException">java.lang.NullPointerException
	at com.spotify.docker.client.VersionCompare.compareVersion(VersionCompare.java:45)
	at com.spotify.docker.client.DefaultDockerClientTest.dockerApiVersionAtLeast(DefaultDockerClientTest.java:404)
	at com.spotify.docker.client.DefaultDockerClientTest.tearDown(DefaultDockerClientTest.java:356)
	at sun.reflect.NativeMethodAccessorImpl.invoke0(Native Method)
	at sun.reflect.NativeMethodAccessorImpl.invoke(NativeMethodAccessorImpl.java:62)
	at sun.reflect.DelegatingMethodAccessorImpl.invoke(DelegatingMethodAccessorImpl.java:43)
	at java.lang.reflect.Method.invoke(Method.java:498)
	at org.junit.runners.model.FrameworkMethod$1.runReflectiveCall(FrameworkMethod.java:50)
	at org.junit.internal.runners.model.ReflectiveCallable.run(ReflectiveCallable.java:12)
	at org.junit.runners.model.FrameworkMethod.invokeExplosively(FrameworkMethod.java:47)
	at org.junit.internal.runners.statements.RunAfters.evaluate(RunAfters.java:33)
	at org.junit.rules.ExpectedException$ExpectedExceptionStatement.evaluate(ExpectedException.java:239)
	at org.junit.rules.TestWatcher$1.evaluate(TestWatcher.java:55)
	at org.junit.rules.RunRules.evaluate(RunRules.java:20)
	at org.junit.runners.ParentRunner.runLeaf(ParentRunner.java:325)
	at org.junit.runners.BlockJUnit4ClassRunner.runChild(BlockJUnit4ClassRunner.java:78)
	at org.junit.runners.BlockJUnit4ClassRunner.runChild(BlockJUnit4ClassRunner.java:57)
	at org.junit.runners.ParentRunner$3.run(ParentRunner.java:290)
	at org.junit.runners.ParentRunner$1.schedule(ParentRunner.java:71)
	at org.junit.runners.ParentRunner.runChildren(ParentRunner.java:288)
	at org.junit.runners.ParentRunner.access$000(ParentRunner.java:58)
	at org.junit.runners.ParentRunner$2.evaluate(ParentRunner.java:268)
	at org.junit.runners.ParentRunner.run(ParentRunner.java:363)
	at org.apache.maven.surefire.junit4.JUnit4Provider.execute(JUnit4Provider.java:252)
	at org.apache.maven.surefire.junit4.JUnit4Provider.executeTestSet(JUnit4Provider.java:141)
	at org.apache.maven.surefire.junit4.JUnit4Provider.invoke(JUnit4Provider.java:112)
	at sun.reflect.NativeMethodAccessorImpl.invoke0(Native Method)
	at sun.reflect.NativeMethodAccessorImpl.invoke(NativeMethodAccessorImpl.java:62)
	at sun.reflect.DelegatingMethodAccessorImpl.invoke(DelegatingMethodAccessorImpl.java:43)
	at java.lang.reflect.Method.invoke(Method.java:498)
	at org.apache.maven.surefire.util.ReflectionUtils.invokeMethodWithArray(ReflectionUtils.java:189)
	at org.apache.maven.surefire.booter.ProviderFactory$ProviderProxy.invoke(ProviderFactory.java:165)
	at org.apache.maven.surefire.booter.ProviderFactory.invokeProvider(ProviderFactory.java:85)
	at org.apache.maven.surefire.booter.ForkedBooter.runSuitesInProcess(ForkedBooter.java:115)
	at org.apache.maven.surefire.booter.ForkedBooter.main(ForkedBooter.java:75)
</error>
  </testcase>
  <testcase classname="com.spotify.docker.client.DefaultDockerClientTest" name="testContainerWithCpuQuota" time="0.034">
    <error message="java.util.concurrent.ExecutionException: javax.ws.rs.ProcessingException: java.io.IOException: No such file or directory" type="com.spotify.docker.client.exceptions.DockerException">com.spotify.docker.client.exceptions.DockerException: java.util.concurrent.ExecutionException: javax.ws.rs.ProcessingException: java.io.IOException: No such file or directory
	at com.spotify.docker.client.DefaultDockerClient.propagate(DefaultDockerClient.java:2812)
	at com.spotify.docker.client.DefaultDockerClient.request(DefaultDockerClient.java:2676)
	at com.spotify.docker.client.DefaultDockerClient.version(DefaultDockerClient.java:572)
	at com.spotify.docker.client.DefaultDockerClientTest.setup(DefaultDockerClientTest.java:349)
	at sun.reflect.NativeMethodAccessorImpl.invoke0(Native Method)
	at sun.reflect.NativeMethodAccessorImpl.invoke(NativeMethodAccessorImpl.java:62)
	at sun.reflect.DelegatingMethodAccessorImpl.invoke(DelegatingMethodAccessorImpl.java:43)
	at java.lang.reflect.Method.invoke(Method.java:498)
	at org.junit.runners.model.FrameworkMethod$1.runReflectiveCall(FrameworkMethod.java:50)
	at org.junit.internal.runners.model.ReflectiveCallable.run(ReflectiveCallable.java:12)
	at org.junit.runners.model.FrameworkMethod.invokeExplosively(FrameworkMethod.java:47)
	at org.junit.internal.runners.statements.RunBefores.evaluate(RunBefores.java:24)
	at org.junit.internal.runners.statements.RunAfters.evaluate(RunAfters.java:27)
	at org.junit.rules.ExpectedException$ExpectedExceptionStatement.evaluate(ExpectedException.java:239)
	at org.junit.rules.TestWatcher$1.evaluate(TestWatcher.java:55)
	at org.junit.rules.RunRules.evaluate(RunRules.java:20)
	at org.junit.runners.ParentRunner.runLeaf(ParentRunner.java:325)
	at org.junit.runners.BlockJUnit4ClassRunner.runChild(BlockJUnit4ClassRunner.java:78)
	at org.junit.runners.BlockJUnit4ClassRunner.runChild(BlockJUnit4ClassRunner.java:57)
	at org.junit.runners.ParentRunner$3.run(ParentRunner.java:290)
	at org.junit.runners.ParentRunner$1.schedule(ParentRunner.java:71)
	at org.junit.runners.ParentRunner.runChildren(ParentRunner.java:288)
	at org.junit.runners.ParentRunner.access$000(ParentRunner.java:58)
	at org.junit.runners.ParentRunner$2.evaluate(ParentRunner.java:268)
	at org.junit.runners.ParentRunner.run(ParentRunner.java:363)
	at org.apache.maven.surefire.junit4.JUnit4Provider.execute(JUnit4Provider.java:252)
	at org.apache.maven.surefire.junit4.JUnit4Provider.executeTestSet(JUnit4Provider.java:141)
	at org.apache.maven.surefire.junit4.JUnit4Provider.invoke(JUnit4Provider.java:112)
	at sun.reflect.NativeMethodAccessorImpl.invoke0(Native Method)
	at sun.reflect.NativeMethodAccessorImpl.invoke(NativeMethodAccessorImpl.java:62)
	at sun.reflect.DelegatingMethodAccessorImpl.invoke(DelegatingMethodAccessorImpl.java:43)
	at java.lang.reflect.Method.invoke(Method.java:498)
	at org.apache.maven.surefire.util.ReflectionUtils.invokeMethodWithArray(ReflectionUtils.java:189)
	at org.apache.maven.surefire.booter.ProviderFactory$ProviderProxy.invoke(ProviderFactory.java:165)
	at org.apache.maven.surefire.booter.ProviderFactory.invokeProvider(ProviderFactory.java:85)
	at org.apache.maven.surefire.booter.ForkedBooter.runSuitesInProcess(ForkedBooter.java:115)
	at org.apache.maven.surefire.booter.ForkedBooter.main(ForkedBooter.java:75)
Caused by: java.util.concurrent.ExecutionException: javax.ws.rs.ProcessingException: java.io.IOException: No such file or directory
	at jersey.repackaged.com.google.common.util.concurrent.AbstractFuture$Sync.getValue(AbstractFuture.java:299)
	at jersey.repackaged.com.google.common.util.concurrent.AbstractFuture$Sync.get(AbstractFuture.java:286)
	at jersey.repackaged.com.google.common.util.concurrent.AbstractFuture.get(AbstractFuture.java:116)
	at com.spotify.docker.client.DefaultDockerClient.request(DefaultDockerClient.java:2674)
	... 35 more
Caused by: javax.ws.rs.ProcessingException: java.io.IOException: No such file or directory
	at org.glassfish.jersey.apache.connector.ApacheConnector.apply(ApacheConnector.java:481)
	at org.glassfish.jersey.apache.connector.ApacheConnector$1.run(ApacheConnector.java:491)
	at java.util.concurrent.Executors$RunnableAdapter.call(Executors.java:511)
	at java.util.concurrent.FutureTask.run(FutureTask.java:266)
	at jersey.repackaged.com.google.common.util.concurrent.MoreExecutors$DirectExecutorService.execute(MoreExecutors.java:299)
	at java.util.concurrent.AbstractExecutorService.submit(AbstractExecutorService.java:112)
	at jersey.repackaged.com.google.common.util.concurrent.AbstractListeningExecutorService.submit(AbstractListeningExecutorService.java:50)
	at jersey.repackaged.com.google.common.util.concurrent.AbstractListeningExecutorService.submit(AbstractListeningExecutorService.java:37)
	at org.glassfish.jersey.apache.connector.ApacheConnector.apply(ApacheConnector.java:487)
	at org.glassfish.jersey.client.ClientRuntime$2.run(ClientRuntime.java:178)
	at org.glassfish.jersey.internal.Errors$1.call(Errors.java:271)
	at org.glassfish.jersey.internal.Errors$1.call(Errors.java:267)
	at org.glassfish.jersey.internal.Errors.process(Errors.java:315)
	at org.glassfish.jersey.internal.Errors.process(Errors.java:297)
	at org.glassfish.jersey.internal.Errors.process(Errors.java:267)
	at org.glassfish.jersey.process.internal.RequestScope.runInScope(RequestScope.java:340)
	at org.glassfish.jersey.client.ClientRuntime$3.run(ClientRuntime.java:210)
	at java.util.concurrent.Executors$RunnableAdapter.call(Executors.java:511)
	at java.util.concurrent.FutureTask.run(FutureTask.java:266)
	at java.util.concurrent.ThreadPoolExecutor.runWorker(ThreadPoolExecutor.java:1142)
	at java.util.concurrent.ThreadPoolExecutor$Worker.run(ThreadPoolExecutor.java:617)
	at java.lang.Thread.run(Thread.java:745)
Caused by: java.io.IOException: No such file or directory
	at jnr.unixsocket.UnixSocketChannel.doConnect(UnixSocketChannel.java:127)
	at jnr.unixsocket.UnixSocketChannel.connect(UnixSocketChannel.java:136)
	at jnr.unixsocket.UnixSocketChannel.connect(UnixSocketChannel.java:223)
	at com.spotify.docker.client.UnixConnectionSocketFactory.connectSocket(UnixConnectionSocketFactory.java:85)
	at org.apache.http.impl.conn.DefaultHttpClientConnectionOperator.connect(DefaultHttpClientConnectionOperator.java:134)
	at org.apache.http.impl.conn.PoolingHttpClientConnectionManager.connect(PoolingHttpClientConnectionManager.java:353)
	at org.apache.http.impl.execchain.MainClientExec.establishRoute(MainClientExec.java:380)
	at org.apache.http.impl.execchain.MainClientExec.execute(MainClientExec.java:236)
	at org.apache.http.impl.execchain.ProtocolExec.execute(ProtocolExec.java:184)
	at org.apache.http.impl.execchain.RetryExec.execute(RetryExec.java:88)
	at org.apache.http.impl.execchain.RedirectExec.execute(RedirectExec.java:110)
	at org.apache.http.impl.client.InternalHttpClient.doExecute(InternalHttpClient.java:184)
	at org.apache.http.impl.client.CloseableHttpClient.execute(CloseableHttpClient.java:71)
	at org.glassfish.jersey.apache.connector.ApacheConnector.apply(ApacheConnector.java:435)
	... 21 more
</error>
    <system-err>Jun 02, 2018 7:44:38 AM org.apache.http.impl.execchain.RetryExec execute
INFO: I/O exception (java.io.IOException) caught when processing request to {}-&gt;unix://localhost:80: No such file or directory
Jun 02, 2018 7:44:38 AM org.apache.http.impl.execchain.RetryExec execute
INFO: Retrying request to {}-&gt;unix://localhost:80
Jun 02, 2018 7:44:38 AM org.apache.http.impl.execchain.RetryExec execute
INFO: I/O exception (java.io.IOException) caught when processing request to {}-&gt;unix://localhost:80: No such file or directory
Jun 02, 2018 7:44:38 AM org.apache.http.impl.execchain.RetryExec execute
INFO: Retrying request to {}-&gt;unix://localhost:80
Jun 02, 2018 7:44:38 AM org.apache.http.impl.execchain.RetryExec execute
INFO: I/O exception (java.io.IOException) caught when processing request to {}-&gt;unix://localhost:80: No such file or directory
Jun 02, 2018 7:44:38 AM org.apache.http.impl.execchain.RetryExec execute
INFO: Retrying request to {}-&gt;unix://localhost:80
</system-err>
  </testcase>
  <testcase classname="com.spotify.docker.client.DefaultDockerClientTest" name="testContainerWithCpuQuota" time="0.035">
    <error type="java.lang.NullPointerException">java.lang.NullPointerException
	at com.spotify.docker.client.VersionCompare.compareVersion(VersionCompare.java:45)
	at com.spotify.docker.client.DefaultDockerClientTest.dockerApiVersionAtLeast(DefaultDockerClientTest.java:404)
	at com.spotify.docker.client.DefaultDockerClientTest.tearDown(DefaultDockerClientTest.java:356)
	at sun.reflect.NativeMethodAccessorImpl.invoke0(Native Method)
	at sun.reflect.NativeMethodAccessorImpl.invoke(NativeMethodAccessorImpl.java:62)
	at sun.reflect.DelegatingMethodAccessorImpl.invoke(DelegatingMethodAccessorImpl.java:43)
	at java.lang.reflect.Method.invoke(Method.java:498)
	at org.junit.runners.model.FrameworkMethod$1.runReflectiveCall(FrameworkMethod.java:50)
	at org.junit.internal.runners.model.ReflectiveCallable.run(ReflectiveCallable.java:12)
	at org.junit.runners.model.FrameworkMethod.invokeExplosively(FrameworkMethod.java:47)
	at org.junit.internal.runners.statements.RunAfters.evaluate(RunAfters.java:33)
	at org.junit.rules.ExpectedException$ExpectedExceptionStatement.evaluate(ExpectedException.java:239)
	at org.junit.rules.TestWatcher$1.evaluate(TestWatcher.java:55)
	at org.junit.rules.RunRules.evaluate(RunRules.java:20)
	at org.junit.runners.ParentRunner.runLeaf(ParentRunner.java:325)
	at org.junit.runners.BlockJUnit4ClassRunner.runChild(BlockJUnit4ClassRunner.java:78)
	at org.junit.runners.BlockJUnit4ClassRunner.runChild(BlockJUnit4ClassRunner.java:57)
	at org.junit.runners.ParentRunner$3.run(ParentRunner.java:290)
	at org.junit.runners.ParentRunner$1.schedule(ParentRunner.java:71)
	at org.junit.runners.ParentRunner.runChildren(ParentRunner.java:288)
	at org.junit.runners.ParentRunner.access$000(ParentRunner.java:58)
	at org.junit.runners.ParentRunner$2.evaluate(ParentRunner.java:268)
	at org.junit.runners.ParentRunner.run(ParentRunner.java:363)
	at org.apache.maven.surefire.junit4.JUnit4Provider.execute(JUnit4Provider.java:252)
	at org.apache.maven.surefire.junit4.JUnit4Provider.executeTestSet(JUnit4Provider.java:141)
	at org.apache.maven.surefire.junit4.JUnit4Provider.invoke(JUnit4Provider.java:112)
	at sun.reflect.NativeMethodAccessorImpl.invoke0(Native Method)
	at sun.reflect.NativeMethodAccessorImpl.invoke(NativeMethodAccessorImpl.java:62)
	at sun.reflect.DelegatingMethodAccessorImpl.invoke(DelegatingMethodAccessorImpl.java:43)
	at java.lang.reflect.Method.invoke(Method.java:498)
	at org.apache.maven.surefire.util.ReflectionUtils.invokeMethodWithArray(ReflectionUtils.java:189)
	at org.apache.maven.surefire.booter.ProviderFactory$ProviderProxy.invoke(ProviderFactory.java:165)
	at org.apache.maven.surefire.booter.ProviderFactory.invokeProvider(ProviderFactory.java:85)
	at org.apache.maven.surefire.booter.ForkedBooter.runSuitesInProcess(ForkedBooter.java:115)
	at org.apache.maven.surefire.booter.ForkedBooter.main(ForkedBooter.java:75)
</error>
  </testcase>
  <testcase classname="com.spotify.docker.client.DefaultDockerClientTest" name="testContainerWithCpuOptions" time="0.035">
    <error message="java.util.concurrent.ExecutionException: javax.ws.rs.ProcessingException: java.io.IOException: No such file or directory" type="com.spotify.docker.client.exceptions.DockerException">com.spotify.docker.client.exceptions.DockerException: java.util.concurrent.ExecutionException: javax.ws.rs.ProcessingException: java.io.IOException: No such file or directory
	at com.spotify.docker.client.DefaultDockerClient.propagate(DefaultDockerClient.java:2812)
	at com.spotify.docker.client.DefaultDockerClient.request(DefaultDockerClient.java:2676)
	at com.spotify.docker.client.DefaultDockerClient.version(DefaultDockerClient.java:572)
	at com.spotify.docker.client.DefaultDockerClientTest.setup(DefaultDockerClientTest.java:349)
	at sun.reflect.NativeMethodAccessorImpl.invoke0(Native Method)
	at sun.reflect.NativeMethodAccessorImpl.invoke(NativeMethodAccessorImpl.java:62)
	at sun.reflect.DelegatingMethodAccessorImpl.invoke(DelegatingMethodAccessorImpl.java:43)
	at java.lang.reflect.Method.invoke(Method.java:498)
	at org.junit.runners.model.FrameworkMethod$1.runReflectiveCall(FrameworkMethod.java:50)
	at org.junit.internal.runners.model.ReflectiveCallable.run(ReflectiveCallable.java:12)
	at org.junit.runners.model.FrameworkMethod.invokeExplosively(FrameworkMethod.java:47)
	at org.junit.internal.runners.statements.RunBefores.evaluate(RunBefores.java:24)
	at org.junit.internal.runners.statements.RunAfters.evaluate(RunAfters.java:27)
	at org.junit.rules.ExpectedException$ExpectedExceptionStatement.evaluate(ExpectedException.java:239)
	at org.junit.rules.TestWatcher$1.evaluate(TestWatcher.java:55)
	at org.junit.rules.RunRules.evaluate(RunRules.java:20)
	at org.junit.runners.ParentRunner.runLeaf(ParentRunner.java:325)
	at org.junit.runners.BlockJUnit4ClassRunner.runChild(BlockJUnit4ClassRunner.java:78)
	at org.junit.runners.BlockJUnit4ClassRunner.runChild(BlockJUnit4ClassRunner.java:57)
	at org.junit.runners.ParentRunner$3.run(ParentRunner.java:290)
	at org.junit.runners.ParentRunner$1.schedule(ParentRunner.java:71)
	at org.junit.runners.ParentRunner.runChildren(ParentRunner.java:288)
	at org.junit.runners.ParentRunner.access$000(ParentRunner.java:58)
	at org.junit.runners.ParentRunner$2.evaluate(ParentRunner.java:268)
	at org.junit.runners.ParentRunner.run(ParentRunner.java:363)
	at org.apache.maven.surefire.junit4.JUnit4Provider.execute(JUnit4Provider.java:252)
	at org.apache.maven.surefire.junit4.JUnit4Provider.executeTestSet(JUnit4Provider.java:141)
	at org.apache.maven.surefire.junit4.JUnit4Provider.invoke(JUnit4Provider.java:112)
	at sun.reflect.NativeMethodAccessorImpl.invoke0(Native Method)
	at sun.reflect.NativeMethodAccessorImpl.invoke(NativeMethodAccessorImpl.java:62)
	at sun.reflect.DelegatingMethodAccessorImpl.invoke(DelegatingMethodAccessorImpl.java:43)
	at java.lang.reflect.Method.invoke(Method.java:498)
	at org.apache.maven.surefire.util.ReflectionUtils.invokeMethodWithArray(ReflectionUtils.java:189)
	at org.apache.maven.surefire.booter.ProviderFactory$ProviderProxy.invoke(ProviderFactory.java:165)
	at org.apache.maven.surefire.booter.ProviderFactory.invokeProvider(ProviderFactory.java:85)
	at org.apache.maven.surefire.booter.ForkedBooter.runSuitesInProcess(ForkedBooter.java:115)
	at org.apache.maven.surefire.booter.ForkedBooter.main(ForkedBooter.java:75)
Caused by: java.util.concurrent.ExecutionException: javax.ws.rs.ProcessingException: java.io.IOException: No such file or directory
	at jersey.repackaged.com.google.common.util.concurrent.AbstractFuture$Sync.getValue(AbstractFuture.java:299)
	at jersey.repackaged.com.google.common.util.concurrent.AbstractFuture$Sync.get(AbstractFuture.java:286)
	at jersey.repackaged.com.google.common.util.concurrent.AbstractFuture.get(AbstractFuture.java:116)
	at com.spotify.docker.client.DefaultDockerClient.request(DefaultDockerClient.java:2674)
	... 35 more
Caused by: javax.ws.rs.ProcessingException: java.io.IOException: No such file or directory
	at org.glassfish.jersey.apache.connector.ApacheConnector.apply(ApacheConnector.java:481)
	at org.glassfish.jersey.apache.connector.ApacheConnector$1.run(ApacheConnector.java:491)
	at java.util.concurrent.Executors$RunnableAdapter.call(Executors.java:511)
	at java.util.concurrent.FutureTask.run(FutureTask.java:266)
	at jersey.repackaged.com.google.common.util.concurrent.MoreExecutors$DirectExecutorService.execute(MoreExecutors.java:299)
	at java.util.concurrent.AbstractExecutorService.submit(AbstractExecutorService.java:112)
	at jersey.repackaged.com.google.common.util.concurrent.AbstractListeningExecutorService.submit(AbstractListeningExecutorService.java:50)
	at jersey.repackaged.com.google.common.util.concurrent.AbstractListeningExecutorService.submit(AbstractListeningExecutorService.java:37)
	at org.glassfish.jersey.apache.connector.ApacheConnector.apply(ApacheConnector.java:487)
	at org.glassfish.jersey.client.ClientRuntime$2.run(ClientRuntime.java:178)
	at org.glassfish.jersey.internal.Errors$1.call(Errors.java:271)
	at org.glassfish.jersey.internal.Errors$1.call(Errors.java:267)
	at org.glassfish.jersey.internal.Errors.process(Errors.java:315)
	at org.glassfish.jersey.internal.Errors.process(Errors.java:297)
	at org.glassfish.jersey.internal.Errors.process(Errors.java:267)
	at org.glassfish.jersey.process.internal.RequestScope.runInScope(RequestScope.java:340)
	at org.glassfish.jersey.client.ClientRuntime$3.run(ClientRuntime.java:210)
	at java.util.concurrent.Executors$RunnableAdapter.call(Executors.java:511)
	at java.util.concurrent.FutureTask.run(FutureTask.java:266)
	at java.util.concurrent.ThreadPoolExecutor.runWorker(ThreadPoolExecutor.java:1142)
	at java.util.concurrent.ThreadPoolExecutor$Worker.run(ThreadPoolExecutor.java:617)
	at java.lang.Thread.run(Thread.java:745)
Caused by: java.io.IOException: No such file or directory
	at jnr.unixsocket.UnixSocketChannel.doConnect(UnixSocketChannel.java:127)
	at jnr.unixsocket.UnixSocketChannel.connect(UnixSocketChannel.java:136)
	at jnr.unixsocket.UnixSocketChannel.connect(UnixSocketChannel.java:223)
	at com.spotify.docker.client.UnixConnectionSocketFactory.connectSocket(UnixConnectionSocketFactory.java:85)
	at org.apache.http.impl.conn.DefaultHttpClientConnectionOperator.connect(DefaultHttpClientConnectionOperator.java:134)
	at org.apache.http.impl.conn.PoolingHttpClientConnectionManager.connect(PoolingHttpClientConnectionManager.java:353)
	at org.apache.http.impl.execchain.MainClientExec.establishRoute(MainClientExec.java:380)
	at org.apache.http.impl.execchain.MainClientExec.execute(MainClientExec.java:236)
	at org.apache.http.impl.execchain.ProtocolExec.execute(ProtocolExec.java:184)
	at org.apache.http.impl.execchain.RetryExec.execute(RetryExec.java:88)
	at org.apache.http.impl.execchain.RedirectExec.execute(RedirectExec.java:110)
	at org.apache.http.impl.client.InternalHttpClient.doExecute(InternalHttpClient.java:184)
	at org.apache.http.impl.client.CloseableHttpClient.execute(CloseableHttpClient.java:71)
	at org.glassfish.jersey.apache.connector.ApacheConnector.apply(ApacheConnector.java:435)
	... 21 more
</error>
    <system-err>Jun 02, 2018 7:44:38 AM org.apache.http.impl.execchain.RetryExec execute
INFO: I/O exception (java.io.IOException) caught when processing request to {}-&gt;unix://localhost:80: No such file or directory
Jun 02, 2018 7:44:38 AM org.apache.http.impl.execchain.RetryExec execute
INFO: Retrying request to {}-&gt;unix://localhost:80
Jun 02, 2018 7:44:38 AM org.apache.http.impl.execchain.RetryExec execute
INFO: I/O exception (java.io.IOException) caught when processing request to {}-&gt;unix://localhost:80: No such file or directory
Jun 02, 2018 7:44:38 AM org.apache.http.impl.execchain.RetryExec execute
INFO: Retrying request to {}-&gt;unix://localhost:80
Jun 02, 2018 7:44:38 AM org.apache.http.impl.execchain.RetryExec execute
INFO: I/O exception (java.io.IOException) caught when processing request to {}-&gt;unix://localhost:80: No such file or directory
Jun 02, 2018 7:44:38 AM org.apache.http.impl.execchain.RetryExec execute
INFO: Retrying request to {}-&gt;unix://localhost:80
</system-err>
  </testcase>
  <testcase classname="com.spotify.docker.client.DefaultDockerClientTest" name="testContainerWithCpuOptions" time="0.035">
    <error type="java.lang.NullPointerException">java.lang.NullPointerException
	at com.spotify.docker.client.VersionCompare.compareVersion(VersionCompare.java:45)
	at com.spotify.docker.client.DefaultDockerClientTest.dockerApiVersionAtLeast(DefaultDockerClientTest.java:404)
	at com.spotify.docker.client.DefaultDockerClientTest.tearDown(DefaultDockerClientTest.java:356)
	at sun.reflect.NativeMethodAccessorImpl.invoke0(Native Method)
	at sun.reflect.NativeMethodAccessorImpl.invoke(NativeMethodAccessorImpl.java:62)
	at sun.reflect.DelegatingMethodAccessorImpl.invoke(DelegatingMethodAccessorImpl.java:43)
	at java.lang.reflect.Method.invoke(Method.java:498)
	at org.junit.runners.model.FrameworkMethod$1.runReflectiveCall(FrameworkMethod.java:50)
	at org.junit.internal.runners.model.ReflectiveCallable.run(ReflectiveCallable.java:12)
	at org.junit.runners.model.FrameworkMethod.invokeExplosively(FrameworkMethod.java:47)
	at org.junit.internal.runners.statements.RunAfters.evaluate(RunAfters.java:33)
	at org.junit.rules.ExpectedException$ExpectedExceptionStatement.evaluate(ExpectedException.java:239)
	at org.junit.rules.TestWatcher$1.evaluate(TestWatcher.java:55)
	at org.junit.rules.RunRules.evaluate(RunRules.java:20)
	at org.junit.runners.ParentRunner.runLeaf(ParentRunner.java:325)
	at org.junit.runners.BlockJUnit4ClassRunner.runChild(BlockJUnit4ClassRunner.java:78)
	at org.junit.runners.BlockJUnit4ClassRunner.runChild(BlockJUnit4ClassRunner.java:57)
	at org.junit.runners.ParentRunner$3.run(ParentRunner.java:290)
	at org.junit.runners.ParentRunner$1.schedule(ParentRunner.java:71)
	at org.junit.runners.ParentRunner.runChildren(ParentRunner.java:288)
	at org.junit.runners.ParentRunner.access$000(ParentRunner.java:58)
	at org.junit.runners.ParentRunner$2.evaluate(ParentRunner.java:268)
	at org.junit.runners.ParentRunner.run(ParentRunner.java:363)
	at org.apache.maven.surefire.junit4.JUnit4Provider.execute(JUnit4Provider.java:252)
	at org.apache.maven.surefire.junit4.JUnit4Provider.executeTestSet(JUnit4Provider.java:141)
	at org.apache.maven.surefire.junit4.JUnit4Provider.invoke(JUnit4Provider.java:112)
	at sun.reflect.NativeMethodAccessorImpl.invoke0(Native Method)
	at sun.reflect.NativeMethodAccessorImpl.invoke(NativeMethodAccessorImpl.java:62)
	at sun.reflect.DelegatingMethodAccessorImpl.invoke(DelegatingMethodAccessorImpl.java:43)
	at java.lang.reflect.Method.invoke(Method.java:498)
	at org.apache.maven.surefire.util.ReflectionUtils.invokeMethodWithArray(ReflectionUtils.java:189)
	at org.apache.maven.surefire.booter.ProviderFactory$ProviderProxy.invoke(ProviderFactory.java:165)
	at org.apache.maven.surefire.booter.ProviderFactory.invokeProvider(ProviderFactory.java:85)
	at org.apache.maven.surefire.booter.ForkedBooter.runSuitesInProcess(ForkedBooter.java:115)
	at org.apache.maven.surefire.booter.ForkedBooter.main(ForkedBooter.java:75)
</error>
  </testcase>
  <testcase classname="com.spotify.docker.client.DefaultDockerClientTest" name="testUpdateService" time="0.031">
    <error message="java.util.concurrent.ExecutionException: javax.ws.rs.ProcessingException: java.io.IOException: No such file or directory" type="com.spotify.docker.client.exceptions.DockerException">com.spotify.docker.client.exceptions.DockerException: java.util.concurrent.ExecutionException: javax.ws.rs.ProcessingException: java.io.IOException: No such file or directory
	at com.spotify.docker.client.DefaultDockerClient.propagate(DefaultDockerClient.java:2812)
	at com.spotify.docker.client.DefaultDockerClient.request(DefaultDockerClient.java:2676)
	at com.spotify.docker.client.DefaultDockerClient.version(DefaultDockerClient.java:572)
	at com.spotify.docker.client.DefaultDockerClientTest.setup(DefaultDockerClientTest.java:349)
	at sun.reflect.NativeMethodAccessorImpl.invoke0(Native Method)
	at sun.reflect.NativeMethodAccessorImpl.invoke(NativeMethodAccessorImpl.java:62)
	at sun.reflect.DelegatingMethodAccessorImpl.invoke(DelegatingMethodAccessorImpl.java:43)
	at java.lang.reflect.Method.invoke(Method.java:498)
	at org.junit.runners.model.FrameworkMethod$1.runReflectiveCall(FrameworkMethod.java:50)
	at org.junit.internal.runners.model.ReflectiveCallable.run(ReflectiveCallable.java:12)
	at org.junit.runners.model.FrameworkMethod.invokeExplosively(FrameworkMethod.java:47)
	at org.junit.internal.runners.statements.RunBefores.evaluate(RunBefores.java:24)
	at org.junit.internal.runners.statements.RunAfters.evaluate(RunAfters.java:27)
	at org.junit.rules.ExpectedException$ExpectedExceptionStatement.evaluate(ExpectedException.java:239)
	at org.junit.rules.TestWatcher$1.evaluate(TestWatcher.java:55)
	at org.junit.rules.RunRules.evaluate(RunRules.java:20)
	at org.junit.runners.ParentRunner.runLeaf(ParentRunner.java:325)
	at org.junit.runners.BlockJUnit4ClassRunner.runChild(BlockJUnit4ClassRunner.java:78)
	at org.junit.runners.BlockJUnit4ClassRunner.runChild(BlockJUnit4ClassRunner.java:57)
	at org.junit.runners.ParentRunner$3.run(ParentRunner.java:290)
	at org.junit.runners.ParentRunner$1.schedule(ParentRunner.java:71)
	at org.junit.runners.ParentRunner.runChildren(ParentRunner.java:288)
	at org.junit.runners.ParentRunner.access$000(ParentRunner.java:58)
	at org.junit.runners.ParentRunner$2.evaluate(ParentRunner.java:268)
	at org.junit.runners.ParentRunner.run(ParentRunner.java:363)
	at org.apache.maven.surefire.junit4.JUnit4Provider.execute(JUnit4Provider.java:252)
	at org.apache.maven.surefire.junit4.JUnit4Provider.executeTestSet(JUnit4Provider.java:141)
	at org.apache.maven.surefire.junit4.JUnit4Provider.invoke(JUnit4Provider.java:112)
	at sun.reflect.NativeMethodAccessorImpl.invoke0(Native Method)
	at sun.reflect.NativeMethodAccessorImpl.invoke(NativeMethodAccessorImpl.java:62)
	at sun.reflect.DelegatingMethodAccessorImpl.invoke(DelegatingMethodAccessorImpl.java:43)
	at java.lang.reflect.Method.invoke(Method.java:498)
	at org.apache.maven.surefire.util.ReflectionUtils.invokeMethodWithArray(ReflectionUtils.java:189)
	at org.apache.maven.surefire.booter.ProviderFactory$ProviderProxy.invoke(ProviderFactory.java:165)
	at org.apache.maven.surefire.booter.ProviderFactory.invokeProvider(ProviderFactory.java:85)
	at org.apache.maven.surefire.booter.ForkedBooter.runSuitesInProcess(ForkedBooter.java:115)
	at org.apache.maven.surefire.booter.ForkedBooter.main(ForkedBooter.java:75)
Caused by: java.util.concurrent.ExecutionException: javax.ws.rs.ProcessingException: java.io.IOException: No such file or directory
	at jersey.repackaged.com.google.common.util.concurrent.AbstractFuture$Sync.getValue(AbstractFuture.java:299)
	at jersey.repackaged.com.google.common.util.concurrent.AbstractFuture$Sync.get(AbstractFuture.java:286)
	at jersey.repackaged.com.google.common.util.concurrent.AbstractFuture.get(AbstractFuture.java:116)
	at com.spotify.docker.client.DefaultDockerClient.request(DefaultDockerClient.java:2674)
	... 35 more
Caused by: javax.ws.rs.ProcessingException: java.io.IOException: No such file or directory
	at org.glassfish.jersey.apache.connector.ApacheConnector.apply(ApacheConnector.java:481)
	at org.glassfish.jersey.apache.connector.ApacheConnector$1.run(ApacheConnector.java:491)
	at java.util.concurrent.Executors$RunnableAdapter.call(Executors.java:511)
	at java.util.concurrent.FutureTask.run(FutureTask.java:266)
	at jersey.repackaged.com.google.common.util.concurrent.MoreExecutors$DirectExecutorService.execute(MoreExecutors.java:299)
	at java.util.concurrent.AbstractExecutorService.submit(AbstractExecutorService.java:112)
	at jersey.repackaged.com.google.common.util.concurrent.AbstractListeningExecutorService.submit(AbstractListeningExecutorService.java:50)
	at jersey.repackaged.com.google.common.util.concurrent.AbstractListeningExecutorService.submit(AbstractListeningExecutorService.java:37)
	at org.glassfish.jersey.apache.connector.ApacheConnector.apply(ApacheConnector.java:487)
	at org.glassfish.jersey.client.ClientRuntime$2.run(ClientRuntime.java:178)
	at org.glassfish.jersey.internal.Errors$1.call(Errors.java:271)
	at org.glassfish.jersey.internal.Errors$1.call(Errors.java:267)
	at org.glassfish.jersey.internal.Errors.process(Errors.java:315)
	at org.glassfish.jersey.internal.Errors.process(Errors.java:297)
	at org.glassfish.jersey.internal.Errors.process(Errors.java:267)
	at org.glassfish.jersey.process.internal.RequestScope.runInScope(RequestScope.java:340)
	at org.glassfish.jersey.client.ClientRuntime$3.run(ClientRuntime.java:210)
	at java.util.concurrent.Executors$RunnableAdapter.call(Executors.java:511)
	at java.util.concurrent.FutureTask.run(FutureTask.java:266)
	at java.util.concurrent.ThreadPoolExecutor.runWorker(ThreadPoolExecutor.java:1142)
	at java.util.concurrent.ThreadPoolExecutor$Worker.run(ThreadPoolExecutor.java:617)
	at java.lang.Thread.run(Thread.java:745)
Caused by: java.io.IOException: No such file or directory
	at jnr.unixsocket.UnixSocketChannel.doConnect(UnixSocketChannel.java:127)
	at jnr.unixsocket.UnixSocketChannel.connect(UnixSocketChannel.java:136)
	at jnr.unixsocket.UnixSocketChannel.connect(UnixSocketChannel.java:223)
	at com.spotify.docker.client.UnixConnectionSocketFactory.connectSocket(UnixConnectionSocketFactory.java:85)
	at org.apache.http.impl.conn.DefaultHttpClientConnectionOperator.connect(DefaultHttpClientConnectionOperator.java:134)
	at org.apache.http.impl.conn.PoolingHttpClientConnectionManager.connect(PoolingHttpClientConnectionManager.java:353)
	at org.apache.http.impl.execchain.MainClientExec.establishRoute(MainClientExec.java:380)
	at org.apache.http.impl.execchain.MainClientExec.execute(MainClientExec.java:236)
	at org.apache.http.impl.execchain.ProtocolExec.execute(ProtocolExec.java:184)
	at org.apache.http.impl.execchain.RetryExec.execute(RetryExec.java:88)
	at org.apache.http.impl.execchain.RedirectExec.execute(RedirectExec.java:110)
	at org.apache.http.impl.client.InternalHttpClient.doExecute(InternalHttpClient.java:184)
	at org.apache.http.impl.client.CloseableHttpClient.execute(CloseableHttpClient.java:71)
	at org.glassfish.jersey.apache.connector.ApacheConnector.apply(ApacheConnector.java:435)
	... 21 more
</error>
    <system-err>Jun 02, 2018 7:44:38 AM org.apache.http.impl.execchain.RetryExec execute
INFO: I/O exception (java.io.IOException) caught when processing request to {}-&gt;unix://localhost:80: No such file or directory
Jun 02, 2018 7:44:38 AM org.apache.http.impl.execchain.RetryExec execute
INFO: Retrying request to {}-&gt;unix://localhost:80
Jun 02, 2018 7:44:38 AM org.apache.http.impl.execchain.RetryExec execute
INFO: I/O exception (java.io.IOException) caught when processing request to {}-&gt;unix://localhost:80: No such file or directory
Jun 02, 2018 7:44:38 AM org.apache.http.impl.execchain.RetryExec execute
INFO: Retrying request to {}-&gt;unix://localhost:80
Jun 02, 2018 7:44:38 AM org.apache.http.impl.execchain.RetryExec execute
INFO: I/O exception (java.io.IOException) caught when processing request to {}-&gt;unix://localhost:80: No such file or directory
Jun 02, 2018 7:44:38 AM org.apache.http.impl.execchain.RetryExec execute
INFO: Retrying request to {}-&gt;unix://localhost:80
</system-err>
  </testcase>
  <testcase classname="com.spotify.docker.client.DefaultDockerClientTest" name="testUpdateService" time="0.032">
    <error type="java.lang.NullPointerException">java.lang.NullPointerException
	at com.spotify.docker.client.VersionCompare.compareVersion(VersionCompare.java:45)
	at com.spotify.docker.client.DefaultDockerClientTest.dockerApiVersionAtLeast(DefaultDockerClientTest.java:404)
	at com.spotify.docker.client.DefaultDockerClientTest.tearDown(DefaultDockerClientTest.java:356)
	at sun.reflect.NativeMethodAccessorImpl.invoke0(Native Method)
	at sun.reflect.NativeMethodAccessorImpl.invoke(NativeMethodAccessorImpl.java:62)
	at sun.reflect.DelegatingMethodAccessorImpl.invoke(DelegatingMethodAccessorImpl.java:43)
	at java.lang.reflect.Method.invoke(Method.java:498)
	at org.junit.runners.model.FrameworkMethod$1.runReflectiveCall(FrameworkMethod.java:50)
	at org.junit.internal.runners.model.ReflectiveCallable.run(ReflectiveCallable.java:12)
	at org.junit.runners.model.FrameworkMethod.invokeExplosively(FrameworkMethod.java:47)
	at org.junit.internal.runners.statements.RunAfters.evaluate(RunAfters.java:33)
	at org.junit.rules.ExpectedException$ExpectedExceptionStatement.evaluate(ExpectedException.java:239)
	at org.junit.rules.TestWatcher$1.evaluate(TestWatcher.java:55)
	at org.junit.rules.RunRules.evaluate(RunRules.java:20)
	at org.junit.runners.ParentRunner.runLeaf(ParentRunner.java:325)
	at org.junit.runners.BlockJUnit4ClassRunner.runChild(BlockJUnit4ClassRunner.java:78)
	at org.junit.runners.BlockJUnit4ClassRunner.runChild(BlockJUnit4ClassRunner.java:57)
	at org.junit.runners.ParentRunner$3.run(ParentRunner.java:290)
	at org.junit.runners.ParentRunner$1.schedule(ParentRunner.java:71)
	at org.junit.runners.ParentRunner.runChildren(ParentRunner.java:288)
	at org.junit.runners.ParentRunner.access$000(ParentRunner.java:58)
	at org.junit.runners.ParentRunner$2.evaluate(ParentRunner.java:268)
	at org.junit.runners.ParentRunner.run(ParentRunner.java:363)
	at org.apache.maven.surefire.junit4.JUnit4Provider.execute(JUnit4Provider.java:252)
	at org.apache.maven.surefire.junit4.JUnit4Provider.executeTestSet(JUnit4Provider.java:141)
	at org.apache.maven.surefire.junit4.JUnit4Provider.invoke(JUnit4Provider.java:112)
	at sun.reflect.NativeMethodAccessorImpl.invoke0(Native Method)
	at sun.reflect.NativeMethodAccessorImpl.invoke(NativeMethodAccessorImpl.java:62)
	at sun.reflect.DelegatingMethodAccessorImpl.invoke(DelegatingMethodAccessorImpl.java:43)
	at java.lang.reflect.Method.invoke(Method.java:498)
	at org.apache.maven.surefire.util.ReflectionUtils.invokeMethodWithArray(ReflectionUtils.java:189)
	at org.apache.maven.surefire.booter.ProviderFactory$ProviderProxy.invoke(ProviderFactory.java:165)
	at org.apache.maven.surefire.booter.ProviderFactory.invokeProvider(ProviderFactory.java:85)
	at org.apache.maven.surefire.booter.ForkedBooter.runSuitesInProcess(ForkedBooter.java:115)
	at org.apache.maven.surefire.booter.ForkedBooter.main(ForkedBooter.java:75)
</error>
  </testcase>
  <testcase classname="com.spotify.docker.client.DefaultDockerClientTest" name="testContainerWithAppArmorLogs" time="0.038">
    <error message="java.util.concurrent.ExecutionException: javax.ws.rs.ProcessingException: java.io.IOException: No such file or directory" type="com.spotify.docker.client.exceptions.DockerException">com.spotify.docker.client.exceptions.DockerException: java.util.concurrent.ExecutionException: javax.ws.rs.ProcessingException: java.io.IOException: No such file or directory
	at com.spotify.docker.client.DefaultDockerClient.propagate(DefaultDockerClient.java:2812)
	at com.spotify.docker.client.DefaultDockerClient.request(DefaultDockerClient.java:2676)
	at com.spotify.docker.client.DefaultDockerClient.version(DefaultDockerClient.java:572)
	at com.spotify.docker.client.DefaultDockerClientTest.setup(DefaultDockerClientTest.java:349)
	at sun.reflect.NativeMethodAccessorImpl.invoke0(Native Method)
	at sun.reflect.NativeMethodAccessorImpl.invoke(NativeMethodAccessorImpl.java:62)
	at sun.reflect.DelegatingMethodAccessorImpl.invoke(DelegatingMethodAccessorImpl.java:43)
	at java.lang.reflect.Method.invoke(Method.java:498)
	at org.junit.runners.model.FrameworkMethod$1.runReflectiveCall(FrameworkMethod.java:50)
	at org.junit.internal.runners.model.ReflectiveCallable.run(ReflectiveCallable.java:12)
	at org.junit.runners.model.FrameworkMethod.invokeExplosively(FrameworkMethod.java:47)
	at org.junit.internal.runners.statements.RunBefores.evaluate(RunBefores.java:24)
	at org.junit.internal.runners.statements.RunAfters.evaluate(RunAfters.java:27)
	at org.junit.rules.ExpectedException$ExpectedExceptionStatement.evaluate(ExpectedException.java:239)
	at org.junit.rules.TestWatcher$1.evaluate(TestWatcher.java:55)
	at org.junit.rules.RunRules.evaluate(RunRules.java:20)
	at org.junit.runners.ParentRunner.runLeaf(ParentRunner.java:325)
	at org.junit.runners.BlockJUnit4ClassRunner.runChild(BlockJUnit4ClassRunner.java:78)
	at org.junit.runners.BlockJUnit4ClassRunner.runChild(BlockJUnit4ClassRunner.java:57)
	at org.junit.runners.ParentRunner$3.run(ParentRunner.java:290)
	at org.junit.runners.ParentRunner$1.schedule(ParentRunner.java:71)
	at org.junit.runners.ParentRunner.runChildren(ParentRunner.java:288)
	at org.junit.runners.ParentRunner.access$000(ParentRunner.java:58)
	at org.junit.runners.ParentRunner$2.evaluate(ParentRunner.java:268)
	at org.junit.runners.ParentRunner.run(ParentRunner.java:363)
	at org.apache.maven.surefire.junit4.JUnit4Provider.execute(JUnit4Provider.java:252)
	at org.apache.maven.surefire.junit4.JUnit4Provider.executeTestSet(JUnit4Provider.java:141)
	at org.apache.maven.surefire.junit4.JUnit4Provider.invoke(JUnit4Provider.java:112)
	at sun.reflect.NativeMethodAccessorImpl.invoke0(Native Method)
	at sun.reflect.NativeMethodAccessorImpl.invoke(NativeMethodAccessorImpl.java:62)
	at sun.reflect.DelegatingMethodAccessorImpl.invoke(DelegatingMethodAccessorImpl.java:43)
	at java.lang.reflect.Method.invoke(Method.java:498)
	at org.apache.maven.surefire.util.ReflectionUtils.invokeMethodWithArray(ReflectionUtils.java:189)
	at org.apache.maven.surefire.booter.ProviderFactory$ProviderProxy.invoke(ProviderFactory.java:165)
	at org.apache.maven.surefire.booter.ProviderFactory.invokeProvider(ProviderFactory.java:85)
	at org.apache.maven.surefire.booter.ForkedBooter.runSuitesInProcess(ForkedBooter.java:115)
	at org.apache.maven.surefire.booter.ForkedBooter.main(ForkedBooter.java:75)
Caused by: java.util.concurrent.ExecutionException: javax.ws.rs.ProcessingException: java.io.IOException: No such file or directory
	at jersey.repackaged.com.google.common.util.concurrent.AbstractFuture$Sync.getValue(AbstractFuture.java:299)
	at jersey.repackaged.com.google.common.util.concurrent.AbstractFuture$Sync.get(AbstractFuture.java:286)
	at jersey.repackaged.com.google.common.util.concurrent.AbstractFuture.get(AbstractFuture.java:116)
	at com.spotify.docker.client.DefaultDockerClient.request(DefaultDockerClient.java:2674)
	... 35 more
Caused by: javax.ws.rs.ProcessingException: java.io.IOException: No such file or directory
	at org.glassfish.jersey.apache.connector.ApacheConnector.apply(ApacheConnector.java:481)
	at org.glassfish.jersey.apache.connector.ApacheConnector$1.run(ApacheConnector.java:491)
	at java.util.concurrent.Executors$RunnableAdapter.call(Executors.java:511)
	at java.util.concurrent.FutureTask.run(FutureTask.java:266)
	at jersey.repackaged.com.google.common.util.concurrent.MoreExecutors$DirectExecutorService.execute(MoreExecutors.java:299)
	at java.util.concurrent.AbstractExecutorService.submit(AbstractExecutorService.java:112)
	at jersey.repackaged.com.google.common.util.concurrent.AbstractListeningExecutorService.submit(AbstractListeningExecutorService.java:50)
	at jersey.repackaged.com.google.common.util.concurrent.AbstractListeningExecutorService.submit(AbstractListeningExecutorService.java:37)
	at org.glassfish.jersey.apache.connector.ApacheConnector.apply(ApacheConnector.java:487)
	at org.glassfish.jersey.client.ClientRuntime$2.run(ClientRuntime.java:178)
	at org.glassfish.jersey.internal.Errors$1.call(Errors.java:271)
	at org.glassfish.jersey.internal.Errors$1.call(Errors.java:267)
	at org.glassfish.jersey.internal.Errors.process(Errors.java:315)
	at org.glassfish.jersey.internal.Errors.process(Errors.java:297)
	at org.glassfish.jersey.internal.Errors.process(Errors.java:267)
	at org.glassfish.jersey.process.internal.RequestScope.runInScope(RequestScope.java:340)
	at org.glassfish.jersey.client.ClientRuntime$3.run(ClientRuntime.java:210)
	at java.util.concurrent.Executors$RunnableAdapter.call(Executors.java:511)
	at java.util.concurrent.FutureTask.run(FutureTask.java:266)
	at java.util.concurrent.ThreadPoolExecutor.runWorker(ThreadPoolExecutor.java:1142)
	at java.util.concurrent.ThreadPoolExecutor$Worker.run(ThreadPoolExecutor.java:617)
	at java.lang.Thread.run(Thread.java:745)
Caused by: java.io.IOException: No such file or directory
	at jnr.unixsocket.UnixSocketChannel.doConnect(UnixSocketChannel.java:127)
	at jnr.unixsocket.UnixSocketChannel.connect(UnixSocketChannel.java:136)
	at jnr.unixsocket.UnixSocketChannel.connect(UnixSocketChannel.java:223)
	at com.spotify.docker.client.UnixConnectionSocketFactory.connectSocket(UnixConnectionSocketFactory.java:85)
	at org.apache.http.impl.conn.DefaultHttpClientConnectionOperator.connect(DefaultHttpClientConnectionOperator.java:134)
	at org.apache.http.impl.conn.PoolingHttpClientConnectionManager.connect(PoolingHttpClientConnectionManager.java:353)
	at org.apache.http.impl.execchain.MainClientExec.establishRoute(MainClientExec.java:380)
	at org.apache.http.impl.execchain.MainClientExec.execute(MainClientExec.java:236)
	at org.apache.http.impl.execchain.ProtocolExec.execute(ProtocolExec.java:184)
	at org.apache.http.impl.execchain.RetryExec.execute(RetryExec.java:88)
	at org.apache.http.impl.execchain.RedirectExec.execute(RedirectExec.java:110)
	at org.apache.http.impl.client.InternalHttpClient.doExecute(InternalHttpClient.java:184)
	at org.apache.http.impl.client.CloseableHttpClient.execute(CloseableHttpClient.java:71)
	at org.glassfish.jersey.apache.connector.ApacheConnector.apply(ApacheConnector.java:435)
	... 21 more
</error>
    <system-err>Jun 02, 2018 7:44:38 AM org.apache.http.impl.execchain.RetryExec execute
INFO: I/O exception (java.io.IOException) caught when processing request to {}-&gt;unix://localhost:80: No such file or directory
Jun 02, 2018 7:44:38 AM org.apache.http.impl.execchain.RetryExec execute
INFO: Retrying request to {}-&gt;unix://localhost:80
Jun 02, 2018 7:44:38 AM org.apache.http.impl.execchain.RetryExec execute
INFO: I/O exception (java.io.IOException) caught when processing request to {}-&gt;unix://localhost:80: No such file or directory
Jun 02, 2018 7:44:38 AM org.apache.http.impl.execchain.RetryExec execute
INFO: Retrying request to {}-&gt;unix://localhost:80
Jun 02, 2018 7:44:38 AM org.apache.http.impl.execchain.RetryExec execute
INFO: I/O exception (java.io.IOException) caught when processing request to {}-&gt;unix://localhost:80: No such file or directory
Jun 02, 2018 7:44:38 AM org.apache.http.impl.execchain.RetryExec execute
INFO: Retrying request to {}-&gt;unix://localhost:80
</system-err>
  </testcase>
  <testcase classname="com.spotify.docker.client.DefaultDockerClientTest" name="testContainerWithAppArmorLogs" time="0.039">
    <error type="java.lang.NullPointerException">java.lang.NullPointerException
	at com.spotify.docker.client.VersionCompare.compareVersion(VersionCompare.java:45)
	at com.spotify.docker.client.DefaultDockerClientTest.dockerApiVersionAtLeast(DefaultDockerClientTest.java:404)
	at com.spotify.docker.client.DefaultDockerClientTest.tearDown(DefaultDockerClientTest.java:356)
	at sun.reflect.NativeMethodAccessorImpl.invoke0(Native Method)
	at sun.reflect.NativeMethodAccessorImpl.invoke(NativeMethodAccessorImpl.java:62)
	at sun.reflect.DelegatingMethodAccessorImpl.invoke(DelegatingMethodAccessorImpl.java:43)
	at java.lang.reflect.Method.invoke(Method.java:498)
	at org.junit.runners.model.FrameworkMethod$1.runReflectiveCall(FrameworkMethod.java:50)
	at org.junit.internal.runners.model.ReflectiveCallable.run(ReflectiveCallable.java:12)
	at org.junit.runners.model.FrameworkMethod.invokeExplosively(FrameworkMethod.java:47)
	at org.junit.internal.runners.statements.RunAfters.evaluate(RunAfters.java:33)
	at org.junit.rules.ExpectedException$ExpectedExceptionStatement.evaluate(ExpectedException.java:239)
	at org.junit.rules.TestWatcher$1.evaluate(TestWatcher.java:55)
	at org.junit.rules.RunRules.evaluate(RunRules.java:20)
	at org.junit.runners.ParentRunner.runLeaf(ParentRunner.java:325)
	at org.junit.runners.BlockJUnit4ClassRunner.runChild(BlockJUnit4ClassRunner.java:78)
	at org.junit.runners.BlockJUnit4ClassRunner.runChild(BlockJUnit4ClassRunner.java:57)
	at org.junit.runners.ParentRunner$3.run(ParentRunner.java:290)
	at org.junit.runners.ParentRunner$1.schedule(ParentRunner.java:71)
	at org.junit.runners.ParentRunner.runChildren(ParentRunner.java:288)
	at org.junit.runners.ParentRunner.access$000(ParentRunner.java:58)
	at org.junit.runners.ParentRunner$2.evaluate(ParentRunner.java:268)
	at org.junit.runners.ParentRunner.run(ParentRunner.java:363)
	at org.apache.maven.surefire.junit4.JUnit4Provider.execute(JUnit4Provider.java:252)
	at org.apache.maven.surefire.junit4.JUnit4Provider.executeTestSet(JUnit4Provider.java:141)
	at org.apache.maven.surefire.junit4.JUnit4Provider.invoke(JUnit4Provider.java:112)
	at sun.reflect.NativeMethodAccessorImpl.invoke0(Native Method)
	at sun.reflect.NativeMethodAccessorImpl.invoke(NativeMethodAccessorImpl.java:62)
	at sun.reflect.DelegatingMethodAccessorImpl.invoke(DelegatingMethodAccessorImpl.java:43)
	at java.lang.reflect.Method.invoke(Method.java:498)
	at org.apache.maven.surefire.util.ReflectionUtils.invokeMethodWithArray(ReflectionUtils.java:189)
	at org.apache.maven.surefire.booter.ProviderFactory$ProviderProxy.invoke(ProviderFactory.java:165)
	at org.apache.maven.surefire.booter.ProviderFactory.invokeProvider(ProviderFactory.java:85)
	at org.apache.maven.surefire.booter.ForkedBooter.runSuitesInProcess(ForkedBooter.java:115)
	at org.apache.maven.surefire.booter.ForkedBooter.main(ForkedBooter.java:75)
</error>
  </testcase>
  <testcase classname="com.spotify.docker.client.DefaultDockerClientTest" name="testKillContainerWithSignals" time="0.034">
    <error message="java.util.concurrent.ExecutionException: javax.ws.rs.ProcessingException: java.io.IOException: No such file or directory" type="com.spotify.docker.client.exceptions.DockerException">com.spotify.docker.client.exceptions.DockerException: java.util.concurrent.ExecutionException: javax.ws.rs.ProcessingException: java.io.IOException: No such file or directory
	at com.spotify.docker.client.DefaultDockerClient.propagate(DefaultDockerClient.java:2812)
	at com.spotify.docker.client.DefaultDockerClient.request(DefaultDockerClient.java:2676)
	at com.spotify.docker.client.DefaultDockerClient.version(DefaultDockerClient.java:572)
	at com.spotify.docker.client.DefaultDockerClientTest.setup(DefaultDockerClientTest.java:349)
	at sun.reflect.NativeMethodAccessorImpl.invoke0(Native Method)
	at sun.reflect.NativeMethodAccessorImpl.invoke(NativeMethodAccessorImpl.java:62)
	at sun.reflect.DelegatingMethodAccessorImpl.invoke(DelegatingMethodAccessorImpl.java:43)
	at java.lang.reflect.Method.invoke(Method.java:498)
	at org.junit.runners.model.FrameworkMethod$1.runReflectiveCall(FrameworkMethod.java:50)
	at org.junit.internal.runners.model.ReflectiveCallable.run(ReflectiveCallable.java:12)
	at org.junit.runners.model.FrameworkMethod.invokeExplosively(FrameworkMethod.java:47)
	at org.junit.internal.runners.statements.RunBefores.evaluate(RunBefores.java:24)
	at org.junit.internal.runners.statements.RunAfters.evaluate(RunAfters.java:27)
	at org.junit.rules.ExpectedException$ExpectedExceptionStatement.evaluate(ExpectedException.java:239)
	at org.junit.rules.TestWatcher$1.evaluate(TestWatcher.java:55)
	at org.junit.rules.RunRules.evaluate(RunRules.java:20)
	at org.junit.runners.ParentRunner.runLeaf(ParentRunner.java:325)
	at org.junit.runners.BlockJUnit4ClassRunner.runChild(BlockJUnit4ClassRunner.java:78)
	at org.junit.runners.BlockJUnit4ClassRunner.runChild(BlockJUnit4ClassRunner.java:57)
	at org.junit.runners.ParentRunner$3.run(ParentRunner.java:290)
	at org.junit.runners.ParentRunner$1.schedule(ParentRunner.java:71)
	at org.junit.runners.ParentRunner.runChildren(ParentRunner.java:288)
	at org.junit.runners.ParentRunner.access$000(ParentRunner.java:58)
	at org.junit.runners.ParentRunner$2.evaluate(ParentRunner.java:268)
	at org.junit.runners.ParentRunner.run(ParentRunner.java:363)
	at org.apache.maven.surefire.junit4.JUnit4Provider.execute(JUnit4Provider.java:252)
	at org.apache.maven.surefire.junit4.JUnit4Provider.executeTestSet(JUnit4Provider.java:141)
	at org.apache.maven.surefire.junit4.JUnit4Provider.invoke(JUnit4Provider.java:112)
	at sun.reflect.NativeMethodAccessorImpl.invoke0(Native Method)
	at sun.reflect.NativeMethodAccessorImpl.invoke(NativeMethodAccessorImpl.java:62)
	at sun.reflect.DelegatingMethodAccessorImpl.invoke(DelegatingMethodAccessorImpl.java:43)
	at java.lang.reflect.Method.invoke(Method.java:498)
	at org.apache.maven.surefire.util.ReflectionUtils.invokeMethodWithArray(ReflectionUtils.java:189)
	at org.apache.maven.surefire.booter.ProviderFactory$ProviderProxy.invoke(ProviderFactory.java:165)
	at org.apache.maven.surefire.booter.ProviderFactory.invokeProvider(ProviderFactory.java:85)
	at org.apache.maven.surefire.booter.ForkedBooter.runSuitesInProcess(ForkedBooter.java:115)
	at org.apache.maven.surefire.booter.ForkedBooter.main(ForkedBooter.java:75)
Caused by: java.util.concurrent.ExecutionException: javax.ws.rs.ProcessingException: java.io.IOException: No such file or directory
	at jersey.repackaged.com.google.common.util.concurrent.AbstractFuture$Sync.getValue(AbstractFuture.java:299)
	at jersey.repackaged.com.google.common.util.concurrent.AbstractFuture$Sync.get(AbstractFuture.java:286)
	at jersey.repackaged.com.google.common.util.concurrent.AbstractFuture.get(AbstractFuture.java:116)
	at com.spotify.docker.client.DefaultDockerClient.request(DefaultDockerClient.java:2674)
	... 35 more
Caused by: javax.ws.rs.ProcessingException: java.io.IOException: No such file or directory
	at org.glassfish.jersey.apache.connector.ApacheConnector.apply(ApacheConnector.java:481)
	at org.glassfish.jersey.apache.connector.ApacheConnector$1.run(ApacheConnector.java:491)
	at java.util.concurrent.Executors$RunnableAdapter.call(Executors.java:511)
	at java.util.concurrent.FutureTask.run(FutureTask.java:266)
	at jersey.repackaged.com.google.common.util.concurrent.MoreExecutors$DirectExecutorService.execute(MoreExecutors.java:299)
	at java.util.concurrent.AbstractExecutorService.submit(AbstractExecutorService.java:112)
	at jersey.repackaged.com.google.common.util.concurrent.AbstractListeningExecutorService.submit(AbstractListeningExecutorService.java:50)
	at jersey.repackaged.com.google.common.util.concurrent.AbstractListeningExecutorService.submit(AbstractListeningExecutorService.java:37)
	at org.glassfish.jersey.apache.connector.ApacheConnector.apply(ApacheConnector.java:487)
	at org.glassfish.jersey.client.ClientRuntime$2.run(ClientRuntime.java:178)
	at org.glassfish.jersey.internal.Errors$1.call(Errors.java:271)
	at org.glassfish.jersey.internal.Errors$1.call(Errors.java:267)
	at org.glassfish.jersey.internal.Errors.process(Errors.java:315)
	at org.glassfish.jersey.internal.Errors.process(Errors.java:297)
	at org.glassfish.jersey.internal.Errors.process(Errors.java:267)
	at org.glassfish.jersey.process.internal.RequestScope.runInScope(RequestScope.java:340)
	at org.glassfish.jersey.client.ClientRuntime$3.run(ClientRuntime.java:210)
	at java.util.concurrent.Executors$RunnableAdapter.call(Executors.java:511)
	at java.util.concurrent.FutureTask.run(FutureTask.java:266)
	at java.util.concurrent.ThreadPoolExecutor.runWorker(ThreadPoolExecutor.java:1142)
	at java.util.concurrent.ThreadPoolExecutor$Worker.run(ThreadPoolExecutor.java:617)
	at java.lang.Thread.run(Thread.java:745)
Caused by: java.io.IOException: No such file or directory
	at jnr.unixsocket.UnixSocketChannel.doConnect(UnixSocketChannel.java:127)
	at jnr.unixsocket.UnixSocketChannel.connect(UnixSocketChannel.java:136)
	at jnr.unixsocket.UnixSocketChannel.connect(UnixSocketChannel.java:223)
	at com.spotify.docker.client.UnixConnectionSocketFactory.connectSocket(UnixConnectionSocketFactory.java:85)
	at org.apache.http.impl.conn.DefaultHttpClientConnectionOperator.connect(DefaultHttpClientConnectionOperator.java:134)
	at org.apache.http.impl.conn.PoolingHttpClientConnectionManager.connect(PoolingHttpClientConnectionManager.java:353)
	at org.apache.http.impl.execchain.MainClientExec.establishRoute(MainClientExec.java:380)
	at org.apache.http.impl.execchain.MainClientExec.execute(MainClientExec.java:236)
	at org.apache.http.impl.execchain.ProtocolExec.execute(ProtocolExec.java:184)
	at org.apache.http.impl.execchain.RetryExec.execute(RetryExec.java:88)
	at org.apache.http.impl.execchain.RedirectExec.execute(RedirectExec.java:110)
	at org.apache.http.impl.client.InternalHttpClient.doExecute(InternalHttpClient.java:184)
	at org.apache.http.impl.client.CloseableHttpClient.execute(CloseableHttpClient.java:71)
	at org.glassfish.jersey.apache.connector.ApacheConnector.apply(ApacheConnector.java:435)
	... 21 more
</error>
    <system-err>Jun 02, 2018 7:44:38 AM org.apache.http.impl.execchain.RetryExec execute
INFO: I/O exception (java.io.IOException) caught when processing request to {}-&gt;unix://localhost:80: No such file or directory
Jun 02, 2018 7:44:38 AM org.apache.http.impl.execchain.RetryExec execute
INFO: Retrying request to {}-&gt;unix://localhost:80
Jun 02, 2018 7:44:38 AM org.apache.http.impl.execchain.RetryExec execute
INFO: I/O exception (java.io.IOException) caught when processing request to {}-&gt;unix://localhost:80: No such file or directory
Jun 02, 2018 7:44:38 AM org.apache.http.impl.execchain.RetryExec execute
INFO: Retrying request to {}-&gt;unix://localhost:80
Jun 02, 2018 7:44:38 AM org.apache.http.impl.execchain.RetryExec execute
INFO: I/O exception (java.io.IOException) caught when processing request to {}-&gt;unix://localhost:80: No such file or directory
Jun 02, 2018 7:44:38 AM org.apache.http.impl.execchain.RetryExec execute
INFO: Retrying request to {}-&gt;unix://localhost:80
</system-err>
  </testcase>
  <testcase classname="com.spotify.docker.client.DefaultDockerClientTest" name="testKillContainerWithSignals" time="0.034">
    <error type="java.lang.NullPointerException">java.lang.NullPointerException
	at com.spotify.docker.client.VersionCompare.compareVersion(VersionCompare.java:45)
	at com.spotify.docker.client.DefaultDockerClientTest.dockerApiVersionAtLeast(DefaultDockerClientTest.java:404)
	at com.spotify.docker.client.DefaultDockerClientTest.tearDown(DefaultDockerClientTest.java:356)
	at sun.reflect.NativeMethodAccessorImpl.invoke0(Native Method)
	at sun.reflect.NativeMethodAccessorImpl.invoke(NativeMethodAccessorImpl.java:62)
	at sun.reflect.DelegatingMethodAccessorImpl.invoke(DelegatingMethodAccessorImpl.java:43)
	at java.lang.reflect.Method.invoke(Method.java:498)
	at org.junit.runners.model.FrameworkMethod$1.runReflectiveCall(FrameworkMethod.java:50)
	at org.junit.internal.runners.model.ReflectiveCallable.run(ReflectiveCallable.java:12)
	at org.junit.runners.model.FrameworkMethod.invokeExplosively(FrameworkMethod.java:47)
	at org.junit.internal.runners.statements.RunAfters.evaluate(RunAfters.java:33)
	at org.junit.rules.ExpectedException$ExpectedExceptionStatement.evaluate(ExpectedException.java:239)
	at org.junit.rules.TestWatcher$1.evaluate(TestWatcher.java:55)
	at org.junit.rules.RunRules.evaluate(RunRules.java:20)
	at org.junit.runners.ParentRunner.runLeaf(ParentRunner.java:325)
	at org.junit.runners.BlockJUnit4ClassRunner.runChild(BlockJUnit4ClassRunner.java:78)
	at org.junit.runners.BlockJUnit4ClassRunner.runChild(BlockJUnit4ClassRunner.java:57)
	at org.junit.runners.ParentRunner$3.run(ParentRunner.java:290)
	at org.junit.runners.ParentRunner$1.schedule(ParentRunner.java:71)
	at org.junit.runners.ParentRunner.runChildren(ParentRunner.java:288)
	at org.junit.runners.ParentRunner.access$000(ParentRunner.java:58)
	at org.junit.runners.ParentRunner$2.evaluate(ParentRunner.java:268)
	at org.junit.runners.ParentRunner.run(ParentRunner.java:363)
	at org.apache.maven.surefire.junit4.JUnit4Provider.execute(JUnit4Provider.java:252)
	at org.apache.maven.surefire.junit4.JUnit4Provider.executeTestSet(JUnit4Provider.java:141)
	at org.apache.maven.surefire.junit4.JUnit4Provider.invoke(JUnit4Provider.java:112)
	at sun.reflect.NativeMethodAccessorImpl.invoke0(Native Method)
	at sun.reflect.NativeMethodAccessorImpl.invoke(NativeMethodAccessorImpl.java:62)
	at sun.reflect.DelegatingMethodAccessorImpl.invoke(DelegatingMethodAccessorImpl.java:43)
	at java.lang.reflect.Method.invoke(Method.java:498)
	at org.apache.maven.surefire.util.ReflectionUtils.invokeMethodWithArray(ReflectionUtils.java:189)
	at org.apache.maven.surefire.booter.ProviderFactory$ProviderProxy.invoke(ProviderFactory.java:165)
	at org.apache.maven.surefire.booter.ProviderFactory.invokeProvider(ProviderFactory.java:85)
	at org.apache.maven.surefire.booter.ForkedBooter.runSuitesInProcess(ForkedBooter.java:115)
	at org.apache.maven.surefire.booter.ForkedBooter.main(ForkedBooter.java:75)
</error>
  </testcase>
  <testcase classname="com.spotify.docker.client.DefaultDockerClientTest" name="testAttachLogNoTimeout" time="0.033">
    <error message="java.util.concurrent.ExecutionException: javax.ws.rs.ProcessingException: java.io.IOException: No such file or directory" type="com.spotify.docker.client.exceptions.DockerException">com.spotify.docker.client.exceptions.DockerException: java.util.concurrent.ExecutionException: javax.ws.rs.ProcessingException: java.io.IOException: No such file or directory
	at com.spotify.docker.client.DefaultDockerClient.propagate(DefaultDockerClient.java:2812)
	at com.spotify.docker.client.DefaultDockerClient.request(DefaultDockerClient.java:2676)
	at com.spotify.docker.client.DefaultDockerClient.version(DefaultDockerClient.java:572)
	at com.spotify.docker.client.DefaultDockerClientTest.setup(DefaultDockerClientTest.java:349)
	at sun.reflect.NativeMethodAccessorImpl.invoke0(Native Method)
	at sun.reflect.NativeMethodAccessorImpl.invoke(NativeMethodAccessorImpl.java:62)
	at sun.reflect.DelegatingMethodAccessorImpl.invoke(DelegatingMethodAccessorImpl.java:43)
	at java.lang.reflect.Method.invoke(Method.java:498)
	at org.junit.runners.model.FrameworkMethod$1.runReflectiveCall(FrameworkMethod.java:50)
	at org.junit.internal.runners.model.ReflectiveCallable.run(ReflectiveCallable.java:12)
	at org.junit.runners.model.FrameworkMethod.invokeExplosively(FrameworkMethod.java:47)
	at org.junit.internal.runners.statements.RunBefores.evaluate(RunBefores.java:24)
	at org.junit.internal.runners.statements.RunAfters.evaluate(RunAfters.java:27)
	at org.junit.rules.ExpectedException$ExpectedExceptionStatement.evaluate(ExpectedException.java:239)
	at org.junit.rules.TestWatcher$1.evaluate(TestWatcher.java:55)
	at org.junit.rules.RunRules.evaluate(RunRules.java:20)
	at org.junit.runners.ParentRunner.runLeaf(ParentRunner.java:325)
	at org.junit.runners.BlockJUnit4ClassRunner.runChild(BlockJUnit4ClassRunner.java:78)
	at org.junit.runners.BlockJUnit4ClassRunner.runChild(BlockJUnit4ClassRunner.java:57)
	at org.junit.runners.ParentRunner$3.run(ParentRunner.java:290)
	at org.junit.runners.ParentRunner$1.schedule(ParentRunner.java:71)
	at org.junit.runners.ParentRunner.runChildren(ParentRunner.java:288)
	at org.junit.runners.ParentRunner.access$000(ParentRunner.java:58)
	at org.junit.runners.ParentRunner$2.evaluate(ParentRunner.java:268)
	at org.junit.runners.ParentRunner.run(ParentRunner.java:363)
	at org.apache.maven.surefire.junit4.JUnit4Provider.execute(JUnit4Provider.java:252)
	at org.apache.maven.surefire.junit4.JUnit4Provider.executeTestSet(JUnit4Provider.java:141)
	at org.apache.maven.surefire.junit4.JUnit4Provider.invoke(JUnit4Provider.java:112)
	at sun.reflect.NativeMethodAccessorImpl.invoke0(Native Method)
	at sun.reflect.NativeMethodAccessorImpl.invoke(NativeMethodAccessorImpl.java:62)
	at sun.reflect.DelegatingMethodAccessorImpl.invoke(DelegatingMethodAccessorImpl.java:43)
	at java.lang.reflect.Method.invoke(Method.java:498)
	at org.apache.maven.surefire.util.ReflectionUtils.invokeMethodWithArray(ReflectionUtils.java:189)
	at org.apache.maven.surefire.booter.ProviderFactory$ProviderProxy.invoke(ProviderFactory.java:165)
	at org.apache.maven.surefire.booter.ProviderFactory.invokeProvider(ProviderFactory.java:85)
	at org.apache.maven.surefire.booter.ForkedBooter.runSuitesInProcess(ForkedBooter.java:115)
	at org.apache.maven.surefire.booter.ForkedBooter.main(ForkedBooter.java:75)
Caused by: java.util.concurrent.ExecutionException: javax.ws.rs.ProcessingException: java.io.IOException: No such file or directory
	at jersey.repackaged.com.google.common.util.concurrent.AbstractFuture$Sync.getValue(AbstractFuture.java:299)
	at jersey.repackaged.com.google.common.util.concurrent.AbstractFuture$Sync.get(AbstractFuture.java:286)
	at jersey.repackaged.com.google.common.util.concurrent.AbstractFuture.get(AbstractFuture.java:116)
	at com.spotify.docker.client.DefaultDockerClient.request(DefaultDockerClient.java:2674)
	... 35 more
Caused by: javax.ws.rs.ProcessingException: java.io.IOException: No such file or directory
	at org.glassfish.jersey.apache.connector.ApacheConnector.apply(ApacheConnector.java:481)
	at org.glassfish.jersey.apache.connector.ApacheConnector$1.run(ApacheConnector.java:491)
	at java.util.concurrent.Executors$RunnableAdapter.call(Executors.java:511)
	at java.util.concurrent.FutureTask.run(FutureTask.java:266)
	at jersey.repackaged.com.google.common.util.concurrent.MoreExecutors$DirectExecutorService.execute(MoreExecutors.java:299)
	at java.util.concurrent.AbstractExecutorService.submit(AbstractExecutorService.java:112)
	at jersey.repackaged.com.google.common.util.concurrent.AbstractListeningExecutorService.submit(AbstractListeningExecutorService.java:50)
	at jersey.repackaged.com.google.common.util.concurrent.AbstractListeningExecutorService.submit(AbstractListeningExecutorService.java:37)
	at org.glassfish.jersey.apache.connector.ApacheConnector.apply(ApacheConnector.java:487)
	at org.glassfish.jersey.client.ClientRuntime$2.run(ClientRuntime.java:178)
	at org.glassfish.jersey.internal.Errors$1.call(Errors.java:271)
	at org.glassfish.jersey.internal.Errors$1.call(Errors.java:267)
	at org.glassfish.jersey.internal.Errors.process(Errors.java:315)
	at org.glassfish.jersey.internal.Errors.process(Errors.java:297)
	at org.glassfish.jersey.internal.Errors.process(Errors.java:267)
	at org.glassfish.jersey.process.internal.RequestScope.runInScope(RequestScope.java:340)
	at org.glassfish.jersey.client.ClientRuntime$3.run(ClientRuntime.java:210)
	at java.util.concurrent.Executors$RunnableAdapter.call(Executors.java:511)
	at java.util.concurrent.FutureTask.run(FutureTask.java:266)
	at java.util.concurrent.ThreadPoolExecutor.runWorker(ThreadPoolExecutor.java:1142)
	at java.util.concurrent.ThreadPoolExecutor$Worker.run(ThreadPoolExecutor.java:617)
	at java.lang.Thread.run(Thread.java:745)
Caused by: java.io.IOException: No such file or directory
	at jnr.unixsocket.UnixSocketChannel.doConnect(UnixSocketChannel.java:127)
	at jnr.unixsocket.UnixSocketChannel.connect(UnixSocketChannel.java:136)
	at jnr.unixsocket.UnixSocketChannel.connect(UnixSocketChannel.java:223)
	at com.spotify.docker.client.UnixConnectionSocketFactory.connectSocket(UnixConnectionSocketFactory.java:85)
	at org.apache.http.impl.conn.DefaultHttpClientConnectionOperator.connect(DefaultHttpClientConnectionOperator.java:134)
	at org.apache.http.impl.conn.PoolingHttpClientConnectionManager.connect(PoolingHttpClientConnectionManager.java:353)
	at org.apache.http.impl.execchain.MainClientExec.establishRoute(MainClientExec.java:380)
	at org.apache.http.impl.execchain.MainClientExec.execute(MainClientExec.java:236)
	at org.apache.http.impl.execchain.ProtocolExec.execute(ProtocolExec.java:184)
	at org.apache.http.impl.execchain.RetryExec.execute(RetryExec.java:88)
	at org.apache.http.impl.execchain.RedirectExec.execute(RedirectExec.java:110)
	at org.apache.http.impl.client.InternalHttpClient.doExecute(InternalHttpClient.java:184)
	at org.apache.http.impl.client.CloseableHttpClient.execute(CloseableHttpClient.java:71)
	at org.glassfish.jersey.apache.connector.ApacheConnector.apply(ApacheConnector.java:435)
	... 21 more
</error>
    <system-err>Jun 02, 2018 7:44:38 AM org.apache.http.impl.execchain.RetryExec execute
INFO: I/O exception (java.io.IOException) caught when processing request to {}-&gt;unix://localhost:80: No such file or directory
Jun 02, 2018 7:44:38 AM org.apache.http.impl.execchain.RetryExec execute
INFO: Retrying request to {}-&gt;unix://localhost:80
Jun 02, 2018 7:44:38 AM org.apache.http.impl.execchain.RetryExec execute
INFO: I/O exception (java.io.IOException) caught when processing request to {}-&gt;unix://localhost:80: No such file or directory
Jun 02, 2018 7:44:38 AM org.apache.http.impl.execchain.RetryExec execute
INFO: Retrying request to {}-&gt;unix://localhost:80
Jun 02, 2018 7:44:38 AM org.apache.http.impl.execchain.RetryExec execute
INFO: I/O exception (java.io.IOException) caught when processing request to {}-&gt;unix://localhost:80: No such file or directory
Jun 02, 2018 7:44:38 AM org.apache.http.impl.execchain.RetryExec execute
INFO: Retrying request to {}-&gt;unix://localhost:80
</system-err>
  </testcase>
  <testcase classname="com.spotify.docker.client.DefaultDockerClientTest" name="testAttachLogNoTimeout" time="0.033">
    <error type="java.lang.NullPointerException">java.lang.NullPointerException
	at com.spotify.docker.client.VersionCompare.compareVersion(VersionCompare.java:45)
	at com.spotify.docker.client.DefaultDockerClientTest.dockerApiVersionAtLeast(DefaultDockerClientTest.java:404)
	at com.spotify.docker.client.DefaultDockerClientTest.tearDown(DefaultDockerClientTest.java:356)
	at sun.reflect.NativeMethodAccessorImpl.invoke0(Native Method)
	at sun.reflect.NativeMethodAccessorImpl.invoke(NativeMethodAccessorImpl.java:62)
	at sun.reflect.DelegatingMethodAccessorImpl.invoke(DelegatingMethodAccessorImpl.java:43)
	at java.lang.reflect.Method.invoke(Method.java:498)
	at org.junit.runners.model.FrameworkMethod$1.runReflectiveCall(FrameworkMethod.java:50)
	at org.junit.internal.runners.model.ReflectiveCallable.run(ReflectiveCallable.java:12)
	at org.junit.runners.model.FrameworkMethod.invokeExplosively(FrameworkMethod.java:47)
	at org.junit.internal.runners.statements.RunAfters.evaluate(RunAfters.java:33)
	at org.junit.rules.ExpectedException$ExpectedExceptionStatement.evaluate(ExpectedException.java:239)
	at org.junit.rules.TestWatcher$1.evaluate(TestWatcher.java:55)
	at org.junit.rules.RunRules.evaluate(RunRules.java:20)
	at org.junit.runners.ParentRunner.runLeaf(ParentRunner.java:325)
	at org.junit.runners.BlockJUnit4ClassRunner.runChild(BlockJUnit4ClassRunner.java:78)
	at org.junit.runners.BlockJUnit4ClassRunner.runChild(BlockJUnit4ClassRunner.java:57)
	at org.junit.runners.ParentRunner$3.run(ParentRunner.java:290)
	at org.junit.runners.ParentRunner$1.schedule(ParentRunner.java:71)
	at org.junit.runners.ParentRunner.runChildren(ParentRunner.java:288)
	at org.junit.runners.ParentRunner.access$000(ParentRunner.java:58)
	at org.junit.runners.ParentRunner$2.evaluate(ParentRunner.java:268)
	at org.junit.runners.ParentRunner.run(ParentRunner.java:363)
	at org.apache.maven.surefire.junit4.JUnit4Provider.execute(JUnit4Provider.java:252)
	at org.apache.maven.surefire.junit4.JUnit4Provider.executeTestSet(JUnit4Provider.java:141)
	at org.apache.maven.surefire.junit4.JUnit4Provider.invoke(JUnit4Provider.java:112)
	at sun.reflect.NativeMethodAccessorImpl.invoke0(Native Method)
	at sun.reflect.NativeMethodAccessorImpl.invoke(NativeMethodAccessorImpl.java:62)
	at sun.reflect.DelegatingMethodAccessorImpl.invoke(DelegatingMethodAccessorImpl.java:43)
	at java.lang.reflect.Method.invoke(Method.java:498)
	at org.apache.maven.surefire.util.ReflectionUtils.invokeMethodWithArray(ReflectionUtils.java:189)
	at org.apache.maven.surefire.booter.ProviderFactory$ProviderProxy.invoke(ProviderFactory.java:165)
	at org.apache.maven.surefire.booter.ProviderFactory.invokeProvider(ProviderFactory.java:85)
	at org.apache.maven.surefire.booter.ForkedBooter.runSuitesInProcess(ForkedBooter.java:115)
	at org.apache.maven.surefire.booter.ForkedBooter.main(ForkedBooter.java:75)
</error>
  </testcase>
  <testcase classname="com.spotify.docker.client.DefaultDockerClientTest" name="testInspectVolume" time="0.03">
    <error message="java.util.concurrent.ExecutionException: javax.ws.rs.ProcessingException: java.io.IOException: No such file or directory" type="com.spotify.docker.client.exceptions.DockerException">com.spotify.docker.client.exceptions.DockerException: java.util.concurrent.ExecutionException: javax.ws.rs.ProcessingException: java.io.IOException: No such file or directory
	at com.spotify.docker.client.DefaultDockerClient.propagate(DefaultDockerClient.java:2812)
	at com.spotify.docker.client.DefaultDockerClient.request(DefaultDockerClient.java:2676)
	at com.spotify.docker.client.DefaultDockerClient.version(DefaultDockerClient.java:572)
	at com.spotify.docker.client.DefaultDockerClientTest.setup(DefaultDockerClientTest.java:349)
	at sun.reflect.NativeMethodAccessorImpl.invoke0(Native Method)
	at sun.reflect.NativeMethodAccessorImpl.invoke(NativeMethodAccessorImpl.java:62)
	at sun.reflect.DelegatingMethodAccessorImpl.invoke(DelegatingMethodAccessorImpl.java:43)
	at java.lang.reflect.Method.invoke(Method.java:498)
	at org.junit.runners.model.FrameworkMethod$1.runReflectiveCall(FrameworkMethod.java:50)
	at org.junit.internal.runners.model.ReflectiveCallable.run(ReflectiveCallable.java:12)
	at org.junit.runners.model.FrameworkMethod.invokeExplosively(FrameworkMethod.java:47)
	at org.junit.internal.runners.statements.RunBefores.evaluate(RunBefores.java:24)
	at org.junit.internal.runners.statements.RunAfters.evaluate(RunAfters.java:27)
	at org.junit.rules.ExpectedException$ExpectedExceptionStatement.evaluate(ExpectedException.java:239)
	at org.junit.rules.TestWatcher$1.evaluate(TestWatcher.java:55)
	at org.junit.rules.RunRules.evaluate(RunRules.java:20)
	at org.junit.runners.ParentRunner.runLeaf(ParentRunner.java:325)
	at org.junit.runners.BlockJUnit4ClassRunner.runChild(BlockJUnit4ClassRunner.java:78)
	at org.junit.runners.BlockJUnit4ClassRunner.runChild(BlockJUnit4ClassRunner.java:57)
	at org.junit.runners.ParentRunner$3.run(ParentRunner.java:290)
	at org.junit.runners.ParentRunner$1.schedule(ParentRunner.java:71)
	at org.junit.runners.ParentRunner.runChildren(ParentRunner.java:288)
	at org.junit.runners.ParentRunner.access$000(ParentRunner.java:58)
	at org.junit.runners.ParentRunner$2.evaluate(ParentRunner.java:268)
	at org.junit.runners.ParentRunner.run(ParentRunner.java:363)
	at org.apache.maven.surefire.junit4.JUnit4Provider.execute(JUnit4Provider.java:252)
	at org.apache.maven.surefire.junit4.JUnit4Provider.executeTestSet(JUnit4Provider.java:141)
	at org.apache.maven.surefire.junit4.JUnit4Provider.invoke(JUnit4Provider.java:112)
	at sun.reflect.NativeMethodAccessorImpl.invoke0(Native Method)
	at sun.reflect.NativeMethodAccessorImpl.invoke(NativeMethodAccessorImpl.java:62)
	at sun.reflect.DelegatingMethodAccessorImpl.invoke(DelegatingMethodAccessorImpl.java:43)
	at java.lang.reflect.Method.invoke(Method.java:498)
	at org.apache.maven.surefire.util.ReflectionUtils.invokeMethodWithArray(ReflectionUtils.java:189)
	at org.apache.maven.surefire.booter.ProviderFactory$ProviderProxy.invoke(ProviderFactory.java:165)
	at org.apache.maven.surefire.booter.ProviderFactory.invokeProvider(ProviderFactory.java:85)
	at org.apache.maven.surefire.booter.ForkedBooter.runSuitesInProcess(ForkedBooter.java:115)
	at org.apache.maven.surefire.booter.ForkedBooter.main(ForkedBooter.java:75)
Caused by: java.util.concurrent.ExecutionException: javax.ws.rs.ProcessingException: java.io.IOException: No such file or directory
	at jersey.repackaged.com.google.common.util.concurrent.AbstractFuture$Sync.getValue(AbstractFuture.java:299)
	at jersey.repackaged.com.google.common.util.concurrent.AbstractFuture$Sync.get(AbstractFuture.java:286)
	at jersey.repackaged.com.google.common.util.concurrent.AbstractFuture.get(AbstractFuture.java:116)
	at com.spotify.docker.client.DefaultDockerClient.request(DefaultDockerClient.java:2674)
	... 35 more
Caused by: javax.ws.rs.ProcessingException: java.io.IOException: No such file or directory
	at org.glassfish.jersey.apache.connector.ApacheConnector.apply(ApacheConnector.java:481)
	at org.glassfish.jersey.apache.connector.ApacheConnector$1.run(ApacheConnector.java:491)
	at java.util.concurrent.Executors$RunnableAdapter.call(Executors.java:511)
	at java.util.concurrent.FutureTask.run(FutureTask.java:266)
	at jersey.repackaged.com.google.common.util.concurrent.MoreExecutors$DirectExecutorService.execute(MoreExecutors.java:299)
	at java.util.concurrent.AbstractExecutorService.submit(AbstractExecutorService.java:112)
	at jersey.repackaged.com.google.common.util.concurrent.AbstractListeningExecutorService.submit(AbstractListeningExecutorService.java:50)
	at jersey.repackaged.com.google.common.util.concurrent.AbstractListeningExecutorService.submit(AbstractListeningExecutorService.java:37)
	at org.glassfish.jersey.apache.connector.ApacheConnector.apply(ApacheConnector.java:487)
	at org.glassfish.jersey.client.ClientRuntime$2.run(ClientRuntime.java:178)
	at org.glassfish.jersey.internal.Errors$1.call(Errors.java:271)
	at org.glassfish.jersey.internal.Errors$1.call(Errors.java:267)
	at org.glassfish.jersey.internal.Errors.process(Errors.java:315)
	at org.glassfish.jersey.internal.Errors.process(Errors.java:297)
	at org.glassfish.jersey.internal.Errors.process(Errors.java:267)
	at org.glassfish.jersey.process.internal.RequestScope.runInScope(RequestScope.java:340)
	at org.glassfish.jersey.client.ClientRuntime$3.run(ClientRuntime.java:210)
	at java.util.concurrent.Executors$RunnableAdapter.call(Executors.java:511)
	at java.util.concurrent.FutureTask.run(FutureTask.java:266)
	at java.util.concurrent.ThreadPoolExecutor.runWorker(ThreadPoolExecutor.java:1142)
	at java.util.concurrent.ThreadPoolExecutor$Worker.run(ThreadPoolExecutor.java:617)
	at java.lang.Thread.run(Thread.java:745)
Caused by: java.io.IOException: No such file or directory
	at jnr.unixsocket.UnixSocketChannel.doConnect(UnixSocketChannel.java:127)
	at jnr.unixsocket.UnixSocketChannel.connect(UnixSocketChannel.java:136)
	at jnr.unixsocket.UnixSocketChannel.connect(UnixSocketChannel.java:223)
	at com.spotify.docker.client.UnixConnectionSocketFactory.connectSocket(UnixConnectionSocketFactory.java:85)
	at org.apache.http.impl.conn.DefaultHttpClientConnectionOperator.connect(DefaultHttpClientConnectionOperator.java:134)
	at org.apache.http.impl.conn.PoolingHttpClientConnectionManager.connect(PoolingHttpClientConnectionManager.java:353)
	at org.apache.http.impl.execchain.MainClientExec.establishRoute(MainClientExec.java:380)
	at org.apache.http.impl.execchain.MainClientExec.execute(MainClientExec.java:236)
	at org.apache.http.impl.execchain.ProtocolExec.execute(ProtocolExec.java:184)
	at org.apache.http.impl.execchain.RetryExec.execute(RetryExec.java:88)
	at org.apache.http.impl.execchain.RedirectExec.execute(RedirectExec.java:110)
	at org.apache.http.impl.client.InternalHttpClient.doExecute(InternalHttpClient.java:184)
	at org.apache.http.impl.client.CloseableHttpClient.execute(CloseableHttpClient.java:71)
	at org.glassfish.jersey.apache.connector.ApacheConnector.apply(ApacheConnector.java:435)
	... 21 more
</error>
    <system-err>Jun 02, 2018 7:44:38 AM org.apache.http.impl.execchain.RetryExec execute
INFO: I/O exception (java.io.IOException) caught when processing request to {}-&gt;unix://localhost:80: No such file or directory
Jun 02, 2018 7:44:38 AM org.apache.http.impl.execchain.RetryExec execute
INFO: Retrying request to {}-&gt;unix://localhost:80
Jun 02, 2018 7:44:38 AM org.apache.http.impl.execchain.RetryExec execute
INFO: I/O exception (java.io.IOException) caught when processing request to {}-&gt;unix://localhost:80: No such file or directory
Jun 02, 2018 7:44:38 AM org.apache.http.impl.execchain.RetryExec execute
INFO: Retrying request to {}-&gt;unix://localhost:80
Jun 02, 2018 7:44:38 AM org.apache.http.impl.execchain.RetryExec execute
INFO: I/O exception (java.io.IOException) caught when processing request to {}-&gt;unix://localhost:80: No such file or directory
Jun 02, 2018 7:44:38 AM org.apache.http.impl.execchain.RetryExec execute
INFO: Retrying request to {}-&gt;unix://localhost:80
</system-err>
  </testcase>
  <testcase classname="com.spotify.docker.client.DefaultDockerClientTest" name="testInspectVolume" time="0.03">
    <error type="java.lang.NullPointerException">java.lang.NullPointerException
	at com.spotify.docker.client.VersionCompare.compareVersion(VersionCompare.java:45)
	at com.spotify.docker.client.DefaultDockerClientTest.dockerApiVersionAtLeast(DefaultDockerClientTest.java:404)
	at com.spotify.docker.client.DefaultDockerClientTest.tearDown(DefaultDockerClientTest.java:356)
	at sun.reflect.NativeMethodAccessorImpl.invoke0(Native Method)
	at sun.reflect.NativeMethodAccessorImpl.invoke(NativeMethodAccessorImpl.java:62)
	at sun.reflect.DelegatingMethodAccessorImpl.invoke(DelegatingMethodAccessorImpl.java:43)
	at java.lang.reflect.Method.invoke(Method.java:498)
	at org.junit.runners.model.FrameworkMethod$1.runReflectiveCall(FrameworkMethod.java:50)
	at org.junit.internal.runners.model.ReflectiveCallable.run(ReflectiveCallable.java:12)
	at org.junit.runners.model.FrameworkMethod.invokeExplosively(FrameworkMethod.java:47)
	at org.junit.internal.runners.statements.RunAfters.evaluate(RunAfters.java:33)
	at org.junit.rules.ExpectedException$ExpectedExceptionStatement.evaluate(ExpectedException.java:239)
	at org.junit.rules.TestWatcher$1.evaluate(TestWatcher.java:55)
	at org.junit.rules.RunRules.evaluate(RunRules.java:20)
	at org.junit.runners.ParentRunner.runLeaf(ParentRunner.java:325)
	at org.junit.runners.BlockJUnit4ClassRunner.runChild(BlockJUnit4ClassRunner.java:78)
	at org.junit.runners.BlockJUnit4ClassRunner.runChild(BlockJUnit4ClassRunner.java:57)
	at org.junit.runners.ParentRunner$3.run(ParentRunner.java:290)
	at org.junit.runners.ParentRunner$1.schedule(ParentRunner.java:71)
	at org.junit.runners.ParentRunner.runChildren(ParentRunner.java:288)
	at org.junit.runners.ParentRunner.access$000(ParentRunner.java:58)
	at org.junit.runners.ParentRunner$2.evaluate(ParentRunner.java:268)
	at org.junit.runners.ParentRunner.run(ParentRunner.java:363)
	at org.apache.maven.surefire.junit4.JUnit4Provider.execute(JUnit4Provider.java:252)
	at org.apache.maven.surefire.junit4.JUnit4Provider.executeTestSet(JUnit4Provider.java:141)
	at org.apache.maven.surefire.junit4.JUnit4Provider.invoke(JUnit4Provider.java:112)
	at sun.reflect.NativeMethodAccessorImpl.invoke0(Native Method)
	at sun.reflect.NativeMethodAccessorImpl.invoke(NativeMethodAccessorImpl.java:62)
	at sun.reflect.DelegatingMethodAccessorImpl.invoke(DelegatingMethodAccessorImpl.java:43)
	at java.lang.reflect.Method.invoke(Method.java:498)
	at org.apache.maven.surefire.util.ReflectionUtils.invokeMethodWithArray(ReflectionUtils.java:189)
	at org.apache.maven.surefire.booter.ProviderFactory$ProviderProxy.invoke(ProviderFactory.java:165)
	at org.apache.maven.surefire.booter.ProviderFactory.invokeProvider(ProviderFactory.java:85)
	at org.apache.maven.surefire.booter.ForkedBooter.runSuitesInProcess(ForkedBooter.java:115)
	at org.apache.maven.surefire.booter.ForkedBooter.main(ForkedBooter.java:75)
</error>
  </testcase>
  <testcase classname="com.spotify.docker.client.DefaultDockerClientTest" name="testFailArchiveContainer" time="0.024">
    <error message="java.util.concurrent.ExecutionException: javax.ws.rs.ProcessingException: java.io.IOException: No such file or directory" type="com.spotify.docker.client.exceptions.DockerException">com.spotify.docker.client.exceptions.DockerException: java.util.concurrent.ExecutionException: javax.ws.rs.ProcessingException: java.io.IOException: No such file or directory
	at com.spotify.docker.client.DefaultDockerClient.propagate(DefaultDockerClient.java:2812)
	at com.spotify.docker.client.DefaultDockerClient.request(DefaultDockerClient.java:2676)
	at com.spotify.docker.client.DefaultDockerClient.version(DefaultDockerClient.java:572)
	at com.spotify.docker.client.DefaultDockerClientTest.setup(DefaultDockerClientTest.java:349)
	at sun.reflect.NativeMethodAccessorImpl.invoke0(Native Method)
	at sun.reflect.NativeMethodAccessorImpl.invoke(NativeMethodAccessorImpl.java:62)
	at sun.reflect.DelegatingMethodAccessorImpl.invoke(DelegatingMethodAccessorImpl.java:43)
	at java.lang.reflect.Method.invoke(Method.java:498)
	at org.junit.runners.model.FrameworkMethod$1.runReflectiveCall(FrameworkMethod.java:50)
	at org.junit.internal.runners.model.ReflectiveCallable.run(ReflectiveCallable.java:12)
	at org.junit.runners.model.FrameworkMethod.invokeExplosively(FrameworkMethod.java:47)
	at org.junit.internal.runners.statements.RunBefores.evaluate(RunBefores.java:24)
	at org.junit.internal.runners.statements.RunAfters.evaluate(RunAfters.java:27)
	at org.junit.rules.ExpectedException$ExpectedExceptionStatement.evaluate(ExpectedException.java:239)
	at org.junit.rules.TestWatcher$1.evaluate(TestWatcher.java:55)
	at org.junit.rules.RunRules.evaluate(RunRules.java:20)
	at org.junit.runners.ParentRunner.runLeaf(ParentRunner.java:325)
	at org.junit.runners.BlockJUnit4ClassRunner.runChild(BlockJUnit4ClassRunner.java:78)
	at org.junit.runners.BlockJUnit4ClassRunner.runChild(BlockJUnit4ClassRunner.java:57)
	at org.junit.runners.ParentRunner$3.run(ParentRunner.java:290)
	at org.junit.runners.ParentRunner$1.schedule(ParentRunner.java:71)
	at org.junit.runners.ParentRunner.runChildren(ParentRunner.java:288)
	at org.junit.runners.ParentRunner.access$000(ParentRunner.java:58)
	at org.junit.runners.ParentRunner$2.evaluate(ParentRunner.java:268)
	at org.junit.runners.ParentRunner.run(ParentRunner.java:363)
	at org.apache.maven.surefire.junit4.JUnit4Provider.execute(JUnit4Provider.java:252)
	at org.apache.maven.surefire.junit4.JUnit4Provider.executeTestSet(JUnit4Provider.java:141)
	at org.apache.maven.surefire.junit4.JUnit4Provider.invoke(JUnit4Provider.java:112)
	at sun.reflect.NativeMethodAccessorImpl.invoke0(Native Method)
	at sun.reflect.NativeMethodAccessorImpl.invoke(NativeMethodAccessorImpl.java:62)
	at sun.reflect.DelegatingMethodAccessorImpl.invoke(DelegatingMethodAccessorImpl.java:43)
	at java.lang.reflect.Method.invoke(Method.java:498)
	at org.apache.maven.surefire.util.ReflectionUtils.invokeMethodWithArray(ReflectionUtils.java:189)
	at org.apache.maven.surefire.booter.ProviderFactory$ProviderProxy.invoke(ProviderFactory.java:165)
	at org.apache.maven.surefire.booter.ProviderFactory.invokeProvider(ProviderFactory.java:85)
	at org.apache.maven.surefire.booter.ForkedBooter.runSuitesInProcess(ForkedBooter.java:115)
	at org.apache.maven.surefire.booter.ForkedBooter.main(ForkedBooter.java:75)
Caused by: java.util.concurrent.ExecutionException: javax.ws.rs.ProcessingException: java.io.IOException: No such file or directory
	at jersey.repackaged.com.google.common.util.concurrent.AbstractFuture$Sync.getValue(AbstractFuture.java:299)
	at jersey.repackaged.com.google.common.util.concurrent.AbstractFuture$Sync.get(AbstractFuture.java:286)
	at jersey.repackaged.com.google.common.util.concurrent.AbstractFuture.get(AbstractFuture.java:116)
	at com.spotify.docker.client.DefaultDockerClient.request(DefaultDockerClient.java:2674)
	... 35 more
Caused by: javax.ws.rs.ProcessingException: java.io.IOException: No such file or directory
	at org.glassfish.jersey.apache.connector.ApacheConnector.apply(ApacheConnector.java:481)
	at org.glassfish.jersey.apache.connector.ApacheConnector$1.run(ApacheConnector.java:491)
	at java.util.concurrent.Executors$RunnableAdapter.call(Executors.java:511)
	at java.util.concurrent.FutureTask.run(FutureTask.java:266)
	at jersey.repackaged.com.google.common.util.concurrent.MoreExecutors$DirectExecutorService.execute(MoreExecutors.java:299)
	at java.util.concurrent.AbstractExecutorService.submit(AbstractExecutorService.java:112)
	at jersey.repackaged.com.google.common.util.concurrent.AbstractListeningExecutorService.submit(AbstractListeningExecutorService.java:50)
	at jersey.repackaged.com.google.common.util.concurrent.AbstractListeningExecutorService.submit(AbstractListeningExecutorService.java:37)
	at org.glassfish.jersey.apache.connector.ApacheConnector.apply(ApacheConnector.java:487)
	at org.glassfish.jersey.client.ClientRuntime$2.run(ClientRuntime.java:178)
	at org.glassfish.jersey.internal.Errors$1.call(Errors.java:271)
	at org.glassfish.jersey.internal.Errors$1.call(Errors.java:267)
	at org.glassfish.jersey.internal.Errors.process(Errors.java:315)
	at org.glassfish.jersey.internal.Errors.process(Errors.java:297)
	at org.glassfish.jersey.internal.Errors.process(Errors.java:267)
	at org.glassfish.jersey.process.internal.RequestScope.runInScope(RequestScope.java:340)
	at org.glassfish.jersey.client.ClientRuntime$3.run(ClientRuntime.java:210)
	at java.util.concurrent.Executors$RunnableAdapter.call(Executors.java:511)
	at java.util.concurrent.FutureTask.run(FutureTask.java:266)
	at java.util.concurrent.ThreadPoolExecutor.runWorker(ThreadPoolExecutor.java:1142)
	at java.util.concurrent.ThreadPoolExecutor$Worker.run(ThreadPoolExecutor.java:617)
	at java.lang.Thread.run(Thread.java:745)
Caused by: java.io.IOException: No such file or directory
	at jnr.unixsocket.UnixSocketChannel.doConnect(UnixSocketChannel.java:127)
	at jnr.unixsocket.UnixSocketChannel.connect(UnixSocketChannel.java:136)
	at jnr.unixsocket.UnixSocketChannel.connect(UnixSocketChannel.java:223)
	at com.spotify.docker.client.UnixConnectionSocketFactory.connectSocket(UnixConnectionSocketFactory.java:85)
	at org.apache.http.impl.conn.DefaultHttpClientConnectionOperator.connect(DefaultHttpClientConnectionOperator.java:134)
	at org.apache.http.impl.conn.PoolingHttpClientConnectionManager.connect(PoolingHttpClientConnectionManager.java:353)
	at org.apache.http.impl.execchain.MainClientExec.establishRoute(MainClientExec.java:380)
	at org.apache.http.impl.execchain.MainClientExec.execute(MainClientExec.java:236)
	at org.apache.http.impl.execchain.ProtocolExec.execute(ProtocolExec.java:184)
	at org.apache.http.impl.execchain.RetryExec.execute(RetryExec.java:88)
	at org.apache.http.impl.execchain.RedirectExec.execute(RedirectExec.java:110)
	at org.apache.http.impl.client.InternalHttpClient.doExecute(InternalHttpClient.java:184)
	at org.apache.http.impl.client.CloseableHttpClient.execute(CloseableHttpClient.java:71)
	at org.glassfish.jersey.apache.connector.ApacheConnector.apply(ApacheConnector.java:435)
	... 21 more
</error>
    <system-err>Jun 02, 2018 7:44:38 AM org.apache.http.impl.execchain.RetryExec execute
INFO: I/O exception (java.io.IOException) caught when processing request to {}-&gt;unix://localhost:80: No such file or directory
Jun 02, 2018 7:44:38 AM org.apache.http.impl.execchain.RetryExec execute
INFO: Retrying request to {}-&gt;unix://localhost:80
Jun 02, 2018 7:44:38 AM org.apache.http.impl.execchain.RetryExec execute
INFO: I/O exception (java.io.IOException) caught when processing request to {}-&gt;unix://localhost:80: No such file or directory
Jun 02, 2018 7:44:38 AM org.apache.http.impl.execchain.RetryExec execute
INFO: Retrying request to {}-&gt;unix://localhost:80
Jun 02, 2018 7:44:38 AM org.apache.http.impl.execchain.RetryExec execute
INFO: I/O exception (java.io.IOException) caught when processing request to {}-&gt;unix://localhost:80: No such file or directory
Jun 02, 2018 7:44:38 AM org.apache.http.impl.execchain.RetryExec execute
INFO: Retrying request to {}-&gt;unix://localhost:80
</system-err>
  </testcase>
  <testcase classname="com.spotify.docker.client.DefaultDockerClientTest" name="testFailArchiveContainer" time="0.024">
    <error type="java.lang.NullPointerException">java.lang.NullPointerException
	at com.spotify.docker.client.VersionCompare.compareVersion(VersionCompare.java:45)
	at com.spotify.docker.client.DefaultDockerClientTest.dockerApiVersionAtLeast(DefaultDockerClientTest.java:404)
	at com.spotify.docker.client.DefaultDockerClientTest.tearDown(DefaultDockerClientTest.java:356)
	at sun.reflect.NativeMethodAccessorImpl.invoke0(Native Method)
	at sun.reflect.NativeMethodAccessorImpl.invoke(NativeMethodAccessorImpl.java:62)
	at sun.reflect.DelegatingMethodAccessorImpl.invoke(DelegatingMethodAccessorImpl.java:43)
	at java.lang.reflect.Method.invoke(Method.java:498)
	at org.junit.runners.model.FrameworkMethod$1.runReflectiveCall(FrameworkMethod.java:50)
	at org.junit.internal.runners.model.ReflectiveCallable.run(ReflectiveCallable.java:12)
	at org.junit.runners.model.FrameworkMethod.invokeExplosively(FrameworkMethod.java:47)
	at org.junit.internal.runners.statements.RunAfters.evaluate(RunAfters.java:33)
	at org.junit.rules.ExpectedException$ExpectedExceptionStatement.evaluate(ExpectedException.java:239)
	at org.junit.rules.TestWatcher$1.evaluate(TestWatcher.java:55)
	at org.junit.rules.RunRules.evaluate(RunRules.java:20)
	at org.junit.runners.ParentRunner.runLeaf(ParentRunner.java:325)
	at org.junit.runners.BlockJUnit4ClassRunner.runChild(BlockJUnit4ClassRunner.java:78)
	at org.junit.runners.BlockJUnit4ClassRunner.runChild(BlockJUnit4ClassRunner.java:57)
	at org.junit.runners.ParentRunner$3.run(ParentRunner.java:290)
	at org.junit.runners.ParentRunner$1.schedule(ParentRunner.java:71)
	at org.junit.runners.ParentRunner.runChildren(ParentRunner.java:288)
	at org.junit.runners.ParentRunner.access$000(ParentRunner.java:58)
	at org.junit.runners.ParentRunner$2.evaluate(ParentRunner.java:268)
	at org.junit.runners.ParentRunner.run(ParentRunner.java:363)
	at org.apache.maven.surefire.junit4.JUnit4Provider.execute(JUnit4Provider.java:252)
	at org.apache.maven.surefire.junit4.JUnit4Provider.executeTestSet(JUnit4Provider.java:141)
	at org.apache.maven.surefire.junit4.JUnit4Provider.invoke(JUnit4Provider.java:112)
	at sun.reflect.NativeMethodAccessorImpl.invoke0(Native Method)
	at sun.reflect.NativeMethodAccessorImpl.invoke(NativeMethodAccessorImpl.java:62)
	at sun.reflect.DelegatingMethodAccessorImpl.invoke(DelegatingMethodAccessorImpl.java:43)
	at java.lang.reflect.Method.invoke(Method.java:498)
	at org.apache.maven.surefire.util.ReflectionUtils.invokeMethodWithArray(ReflectionUtils.java:189)
	at org.apache.maven.surefire.booter.ProviderFactory$ProviderProxy.invoke(ProviderFactory.java:165)
	at org.apache.maven.surefire.booter.ProviderFactory.invokeProvider(ProviderFactory.java:85)
	at org.apache.maven.surefire.booter.ForkedBooter.runSuitesInProcess(ForkedBooter.java:115)
	at org.apache.maven.surefire.booter.ForkedBooter.main(ForkedBooter.java:75)
</error>
  </testcase>
  <testcase classname="com.spotify.docker.client.DefaultDockerClientTest" name="testCommitContainer" time="0.027">
    <error message="java.util.concurrent.ExecutionException: javax.ws.rs.ProcessingException: java.io.IOException: No such file or directory" type="com.spotify.docker.client.exceptions.DockerException">com.spotify.docker.client.exceptions.DockerException: java.util.concurrent.ExecutionException: javax.ws.rs.ProcessingException: java.io.IOException: No such file or directory
	at com.spotify.docker.client.DefaultDockerClient.propagate(DefaultDockerClient.java:2812)
	at com.spotify.docker.client.DefaultDockerClient.request(DefaultDockerClient.java:2676)
	at com.spotify.docker.client.DefaultDockerClient.version(DefaultDockerClient.java:572)
	at com.spotify.docker.client.DefaultDockerClientTest.setup(DefaultDockerClientTest.java:349)
	at sun.reflect.NativeMethodAccessorImpl.invoke0(Native Method)
	at sun.reflect.NativeMethodAccessorImpl.invoke(NativeMethodAccessorImpl.java:62)
	at sun.reflect.DelegatingMethodAccessorImpl.invoke(DelegatingMethodAccessorImpl.java:43)
	at java.lang.reflect.Method.invoke(Method.java:498)
	at org.junit.runners.model.FrameworkMethod$1.runReflectiveCall(FrameworkMethod.java:50)
	at org.junit.internal.runners.model.ReflectiveCallable.run(ReflectiveCallable.java:12)
	at org.junit.runners.model.FrameworkMethod.invokeExplosively(FrameworkMethod.java:47)
	at org.junit.internal.runners.statements.RunBefores.evaluate(RunBefores.java:24)
	at org.junit.internal.runners.statements.RunAfters.evaluate(RunAfters.java:27)
	at org.junit.rules.ExpectedException$ExpectedExceptionStatement.evaluate(ExpectedException.java:239)
	at org.junit.rules.TestWatcher$1.evaluate(TestWatcher.java:55)
	at org.junit.rules.RunRules.evaluate(RunRules.java:20)
	at org.junit.runners.ParentRunner.runLeaf(ParentRunner.java:325)
	at org.junit.runners.BlockJUnit4ClassRunner.runChild(BlockJUnit4ClassRunner.java:78)
	at org.junit.runners.BlockJUnit4ClassRunner.runChild(BlockJUnit4ClassRunner.java:57)
	at org.junit.runners.ParentRunner$3.run(ParentRunner.java:290)
	at org.junit.runners.ParentRunner$1.schedule(ParentRunner.java:71)
	at org.junit.runners.ParentRunner.runChildren(ParentRunner.java:288)
	at org.junit.runners.ParentRunner.access$000(ParentRunner.java:58)
	at org.junit.runners.ParentRunner$2.evaluate(ParentRunner.java:268)
	at org.junit.runners.ParentRunner.run(ParentRunner.java:363)
	at org.apache.maven.surefire.junit4.JUnit4Provider.execute(JUnit4Provider.java:252)
	at org.apache.maven.surefire.junit4.JUnit4Provider.executeTestSet(JUnit4Provider.java:141)
	at org.apache.maven.surefire.junit4.JUnit4Provider.invoke(JUnit4Provider.java:112)
	at sun.reflect.NativeMethodAccessorImpl.invoke0(Native Method)
	at sun.reflect.NativeMethodAccessorImpl.invoke(NativeMethodAccessorImpl.java:62)
	at sun.reflect.DelegatingMethodAccessorImpl.invoke(DelegatingMethodAccessorImpl.java:43)
	at java.lang.reflect.Method.invoke(Method.java:498)
	at org.apache.maven.surefire.util.ReflectionUtils.invokeMethodWithArray(ReflectionUtils.java:189)
	at org.apache.maven.surefire.booter.ProviderFactory$ProviderProxy.invoke(ProviderFactory.java:165)
	at org.apache.maven.surefire.booter.ProviderFactory.invokeProvider(ProviderFactory.java:85)
	at org.apache.maven.surefire.booter.ForkedBooter.runSuitesInProcess(ForkedBooter.java:115)
	at org.apache.maven.surefire.booter.ForkedBooter.main(ForkedBooter.java:75)
Caused by: java.util.concurrent.ExecutionException: javax.ws.rs.ProcessingException: java.io.IOException: No such file or directory
	at jersey.repackaged.com.google.common.util.concurrent.AbstractFuture$Sync.getValue(AbstractFuture.java:299)
	at jersey.repackaged.com.google.common.util.concurrent.AbstractFuture$Sync.get(AbstractFuture.java:286)
	at jersey.repackaged.com.google.common.util.concurrent.AbstractFuture.get(AbstractFuture.java:116)
	at com.spotify.docker.client.DefaultDockerClient.request(DefaultDockerClient.java:2674)
	... 35 more
Caused by: javax.ws.rs.ProcessingException: java.io.IOException: No such file or directory
	at org.glassfish.jersey.apache.connector.ApacheConnector.apply(ApacheConnector.java:481)
	at org.glassfish.jersey.apache.connector.ApacheConnector$1.run(ApacheConnector.java:491)
	at java.util.concurrent.Executors$RunnableAdapter.call(Executors.java:511)
	at java.util.concurrent.FutureTask.run(FutureTask.java:266)
	at jersey.repackaged.com.google.common.util.concurrent.MoreExecutors$DirectExecutorService.execute(MoreExecutors.java:299)
	at java.util.concurrent.AbstractExecutorService.submit(AbstractExecutorService.java:112)
	at jersey.repackaged.com.google.common.util.concurrent.AbstractListeningExecutorService.submit(AbstractListeningExecutorService.java:50)
	at jersey.repackaged.com.google.common.util.concurrent.AbstractListeningExecutorService.submit(AbstractListeningExecutorService.java:37)
	at org.glassfish.jersey.apache.connector.ApacheConnector.apply(ApacheConnector.java:487)
	at org.glassfish.jersey.client.ClientRuntime$2.run(ClientRuntime.java:178)
	at org.glassfish.jersey.internal.Errors$1.call(Errors.java:271)
	at org.glassfish.jersey.internal.Errors$1.call(Errors.java:267)
	at org.glassfish.jersey.internal.Errors.process(Errors.java:315)
	at org.glassfish.jersey.internal.Errors.process(Errors.java:297)
	at org.glassfish.jersey.internal.Errors.process(Errors.java:267)
	at org.glassfish.jersey.process.internal.RequestScope.runInScope(RequestScope.java:340)
	at org.glassfish.jersey.client.ClientRuntime$3.run(ClientRuntime.java:210)
	at java.util.concurrent.Executors$RunnableAdapter.call(Executors.java:511)
	at java.util.concurrent.FutureTask.run(FutureTask.java:266)
	at java.util.concurrent.ThreadPoolExecutor.runWorker(ThreadPoolExecutor.java:1142)
	at java.util.concurrent.ThreadPoolExecutor$Worker.run(ThreadPoolExecutor.java:617)
	at java.lang.Thread.run(Thread.java:745)
Caused by: java.io.IOException: No such file or directory
	at jnr.unixsocket.UnixSocketChannel.doConnect(UnixSocketChannel.java:127)
	at jnr.unixsocket.UnixSocketChannel.connect(UnixSocketChannel.java:136)
	at jnr.unixsocket.UnixSocketChannel.connect(UnixSocketChannel.java:223)
	at com.spotify.docker.client.UnixConnectionSocketFactory.connectSocket(UnixConnectionSocketFactory.java:85)
	at org.apache.http.impl.conn.DefaultHttpClientConnectionOperator.connect(DefaultHttpClientConnectionOperator.java:134)
	at org.apache.http.impl.conn.PoolingHttpClientConnectionManager.connect(PoolingHttpClientConnectionManager.java:353)
	at org.apache.http.impl.execchain.MainClientExec.establishRoute(MainClientExec.java:380)
	at org.apache.http.impl.execchain.MainClientExec.execute(MainClientExec.java:236)
	at org.apache.http.impl.execchain.ProtocolExec.execute(ProtocolExec.java:184)
	at org.apache.http.impl.execchain.RetryExec.execute(RetryExec.java:88)
	at org.apache.http.impl.execchain.RedirectExec.execute(RedirectExec.java:110)
	at org.apache.http.impl.client.InternalHttpClient.doExecute(InternalHttpClient.java:184)
	at org.apache.http.impl.client.CloseableHttpClient.execute(CloseableHttpClient.java:71)
	at org.glassfish.jersey.apache.connector.ApacheConnector.apply(ApacheConnector.java:435)
	... 21 more
</error>
    <system-err>Jun 02, 2018 7:44:38 AM org.apache.http.impl.execchain.RetryExec execute
INFO: I/O exception (java.io.IOException) caught when processing request to {}-&gt;unix://localhost:80: No such file or directory
Jun 02, 2018 7:44:38 AM org.apache.http.impl.execchain.RetryExec execute
INFO: Retrying request to {}-&gt;unix://localhost:80
Jun 02, 2018 7:44:38 AM org.apache.http.impl.execchain.RetryExec execute
INFO: I/O exception (java.io.IOException) caught when processing request to {}-&gt;unix://localhost:80: No such file or directory
Jun 02, 2018 7:44:38 AM org.apache.http.impl.execchain.RetryExec execute
INFO: Retrying request to {}-&gt;unix://localhost:80
Jun 02, 2018 7:44:38 AM org.apache.http.impl.execchain.RetryExec execute
INFO: I/O exception (java.io.IOException) caught when processing request to {}-&gt;unix://localhost:80: No such file or directory
Jun 02, 2018 7:44:38 AM org.apache.http.impl.execchain.RetryExec execute
INFO: Retrying request to {}-&gt;unix://localhost:80
</system-err>
  </testcase>
  <testcase classname="com.spotify.docker.client.DefaultDockerClientTest" name="testCommitContainer" time="0.027">
    <error type="java.lang.NullPointerException">java.lang.NullPointerException
	at com.spotify.docker.client.VersionCompare.compareVersion(VersionCompare.java:45)
	at com.spotify.docker.client.DefaultDockerClientTest.dockerApiVersionAtLeast(DefaultDockerClientTest.java:404)
	at com.spotify.docker.client.DefaultDockerClientTest.tearDown(DefaultDockerClientTest.java:356)
	at sun.reflect.NativeMethodAccessorImpl.invoke0(Native Method)
	at sun.reflect.NativeMethodAccessorImpl.invoke(NativeMethodAccessorImpl.java:62)
	at sun.reflect.DelegatingMethodAccessorImpl.invoke(DelegatingMethodAccessorImpl.java:43)
	at java.lang.reflect.Method.invoke(Method.java:498)
	at org.junit.runners.model.FrameworkMethod$1.runReflectiveCall(FrameworkMethod.java:50)
	at org.junit.internal.runners.model.ReflectiveCallable.run(ReflectiveCallable.java:12)
	at org.junit.runners.model.FrameworkMethod.invokeExplosively(FrameworkMethod.java:47)
	at org.junit.internal.runners.statements.RunAfters.evaluate(RunAfters.java:33)
	at org.junit.rules.ExpectedException$ExpectedExceptionStatement.evaluate(ExpectedException.java:239)
	at org.junit.rules.TestWatcher$1.evaluate(TestWatcher.java:55)
	at org.junit.rules.RunRules.evaluate(RunRules.java:20)
	at org.junit.runners.ParentRunner.runLeaf(ParentRunner.java:325)
	at org.junit.runners.BlockJUnit4ClassRunner.runChild(BlockJUnit4ClassRunner.java:78)
	at org.junit.runners.BlockJUnit4ClassRunner.runChild(BlockJUnit4ClassRunner.java:57)
	at org.junit.runners.ParentRunner$3.run(ParentRunner.java:290)
	at org.junit.runners.ParentRunner$1.schedule(ParentRunner.java:71)
	at org.junit.runners.ParentRunner.runChildren(ParentRunner.java:288)
	at org.junit.runners.ParentRunner.access$000(ParentRunner.java:58)
	at org.junit.runners.ParentRunner$2.evaluate(ParentRunner.java:268)
	at org.junit.runners.ParentRunner.run(ParentRunner.java:363)
	at org.apache.maven.surefire.junit4.JUnit4Provider.execute(JUnit4Provider.java:252)
	at org.apache.maven.surefire.junit4.JUnit4Provider.executeTestSet(JUnit4Provider.java:141)
	at org.apache.maven.surefire.junit4.JUnit4Provider.invoke(JUnit4Provider.java:112)
	at sun.reflect.NativeMethodAccessorImpl.invoke0(Native Method)
	at sun.reflect.NativeMethodAccessorImpl.invoke(NativeMethodAccessorImpl.java:62)
	at sun.reflect.DelegatingMethodAccessorImpl.invoke(DelegatingMethodAccessorImpl.java:43)
	at java.lang.reflect.Method.invoke(Method.java:498)
	at org.apache.maven.surefire.util.ReflectionUtils.invokeMethodWithArray(ReflectionUtils.java:189)
	at org.apache.maven.surefire.booter.ProviderFactory$ProviderProxy.invoke(ProviderFactory.java:165)
	at org.apache.maven.surefire.booter.ProviderFactory.invokeProvider(ProviderFactory.java:85)
	at org.apache.maven.surefire.booter.ForkedBooter.runSuitesInProcess(ForkedBooter.java:115)
	at org.apache.maven.surefire.booter.ForkedBooter.main(ForkedBooter.java:75)
</error>
  </testcase>
  <testcase classname="com.spotify.docker.client.DefaultDockerClientTest" name="testExecInspect" time="0.026">
    <error message="java.util.concurrent.ExecutionException: javax.ws.rs.ProcessingException: java.io.IOException: No such file or directory" type="com.spotify.docker.client.exceptions.DockerException">com.spotify.docker.client.exceptions.DockerException: java.util.concurrent.ExecutionException: javax.ws.rs.ProcessingException: java.io.IOException: No such file or directory
	at com.spotify.docker.client.DefaultDockerClient.propagate(DefaultDockerClient.java:2812)
	at com.spotify.docker.client.DefaultDockerClient.request(DefaultDockerClient.java:2676)
	at com.spotify.docker.client.DefaultDockerClient.version(DefaultDockerClient.java:572)
	at com.spotify.docker.client.DefaultDockerClientTest.setup(DefaultDockerClientTest.java:349)
	at sun.reflect.NativeMethodAccessorImpl.invoke0(Native Method)
	at sun.reflect.NativeMethodAccessorImpl.invoke(NativeMethodAccessorImpl.java:62)
	at sun.reflect.DelegatingMethodAccessorImpl.invoke(DelegatingMethodAccessorImpl.java:43)
	at java.lang.reflect.Method.invoke(Method.java:498)
	at org.junit.runners.model.FrameworkMethod$1.runReflectiveCall(FrameworkMethod.java:50)
	at org.junit.internal.runners.model.ReflectiveCallable.run(ReflectiveCallable.java:12)
	at org.junit.runners.model.FrameworkMethod.invokeExplosively(FrameworkMethod.java:47)
	at org.junit.internal.runners.statements.RunBefores.evaluate(RunBefores.java:24)
	at org.junit.internal.runners.statements.RunAfters.evaluate(RunAfters.java:27)
	at org.junit.rules.ExpectedException$ExpectedExceptionStatement.evaluate(ExpectedException.java:239)
	at org.junit.rules.TestWatcher$1.evaluate(TestWatcher.java:55)
	at org.junit.rules.RunRules.evaluate(RunRules.java:20)
	at org.junit.runners.ParentRunner.runLeaf(ParentRunner.java:325)
	at org.junit.runners.BlockJUnit4ClassRunner.runChild(BlockJUnit4ClassRunner.java:78)
	at org.junit.runners.BlockJUnit4ClassRunner.runChild(BlockJUnit4ClassRunner.java:57)
	at org.junit.runners.ParentRunner$3.run(ParentRunner.java:290)
	at org.junit.runners.ParentRunner$1.schedule(ParentRunner.java:71)
	at org.junit.runners.ParentRunner.runChildren(ParentRunner.java:288)
	at org.junit.runners.ParentRunner.access$000(ParentRunner.java:58)
	at org.junit.runners.ParentRunner$2.evaluate(ParentRunner.java:268)
	at org.junit.runners.ParentRunner.run(ParentRunner.java:363)
	at org.apache.maven.surefire.junit4.JUnit4Provider.execute(JUnit4Provider.java:252)
	at org.apache.maven.surefire.junit4.JUnit4Provider.executeTestSet(JUnit4Provider.java:141)
	at org.apache.maven.surefire.junit4.JUnit4Provider.invoke(JUnit4Provider.java:112)
	at sun.reflect.NativeMethodAccessorImpl.invoke0(Native Method)
	at sun.reflect.NativeMethodAccessorImpl.invoke(NativeMethodAccessorImpl.java:62)
	at sun.reflect.DelegatingMethodAccessorImpl.invoke(DelegatingMethodAccessorImpl.java:43)
	at java.lang.reflect.Method.invoke(Method.java:498)
	at org.apache.maven.surefire.util.ReflectionUtils.invokeMethodWithArray(ReflectionUtils.java:189)
	at org.apache.maven.surefire.booter.ProviderFactory$ProviderProxy.invoke(ProviderFactory.java:165)
	at org.apache.maven.surefire.booter.ProviderFactory.invokeProvider(ProviderFactory.java:85)
	at org.apache.maven.surefire.booter.ForkedBooter.runSuitesInProcess(ForkedBooter.java:115)
	at org.apache.maven.surefire.booter.ForkedBooter.main(ForkedBooter.java:75)
Caused by: java.util.concurrent.ExecutionException: javax.ws.rs.ProcessingException: java.io.IOException: No such file or directory
	at jersey.repackaged.com.google.common.util.concurrent.AbstractFuture$Sync.getValue(AbstractFuture.java:299)
	at jersey.repackaged.com.google.common.util.concurrent.AbstractFuture$Sync.get(AbstractFuture.java:286)
	at jersey.repackaged.com.google.common.util.concurrent.AbstractFuture.get(AbstractFuture.java:116)
	at com.spotify.docker.client.DefaultDockerClient.request(DefaultDockerClient.java:2674)
	... 35 more
Caused by: javax.ws.rs.ProcessingException: java.io.IOException: No such file or directory
	at org.glassfish.jersey.apache.connector.ApacheConnector.apply(ApacheConnector.java:481)
	at org.glassfish.jersey.apache.connector.ApacheConnector$1.run(ApacheConnector.java:491)
	at java.util.concurrent.Executors$RunnableAdapter.call(Executors.java:511)
	at java.util.concurrent.FutureTask.run(FutureTask.java:266)
	at jersey.repackaged.com.google.common.util.concurrent.MoreExecutors$DirectExecutorService.execute(MoreExecutors.java:299)
	at java.util.concurrent.AbstractExecutorService.submit(AbstractExecutorService.java:112)
	at jersey.repackaged.com.google.common.util.concurrent.AbstractListeningExecutorService.submit(AbstractListeningExecutorService.java:50)
	at jersey.repackaged.com.google.common.util.concurrent.AbstractListeningExecutorService.submit(AbstractListeningExecutorService.java:37)
	at org.glassfish.jersey.apache.connector.ApacheConnector.apply(ApacheConnector.java:487)
	at org.glassfish.jersey.client.ClientRuntime$2.run(ClientRuntime.java:178)
	at org.glassfish.jersey.internal.Errors$1.call(Errors.java:271)
	at org.glassfish.jersey.internal.Errors$1.call(Errors.java:267)
	at org.glassfish.jersey.internal.Errors.process(Errors.java:315)
	at org.glassfish.jersey.internal.Errors.process(Errors.java:297)
	at org.glassfish.jersey.internal.Errors.process(Errors.java:267)
	at org.glassfish.jersey.process.internal.RequestScope.runInScope(RequestScope.java:340)
	at org.glassfish.jersey.client.ClientRuntime$3.run(ClientRuntime.java:210)
	at java.util.concurrent.Executors$RunnableAdapter.call(Executors.java:511)
	at java.util.concurrent.FutureTask.run(FutureTask.java:266)
	at java.util.concurrent.ThreadPoolExecutor.runWorker(ThreadPoolExecutor.java:1142)
	at java.util.concurrent.ThreadPoolExecutor$Worker.run(ThreadPoolExecutor.java:617)
	at java.lang.Thread.run(Thread.java:745)
Caused by: java.io.IOException: No such file or directory
	at jnr.unixsocket.UnixSocketChannel.doConnect(UnixSocketChannel.java:127)
	at jnr.unixsocket.UnixSocketChannel.connect(UnixSocketChannel.java:136)
	at jnr.unixsocket.UnixSocketChannel.connect(UnixSocketChannel.java:223)
	at com.spotify.docker.client.UnixConnectionSocketFactory.connectSocket(UnixConnectionSocketFactory.java:85)
	at org.apache.http.impl.conn.DefaultHttpClientConnectionOperator.connect(DefaultHttpClientConnectionOperator.java:134)
	at org.apache.http.impl.conn.PoolingHttpClientConnectionManager.connect(PoolingHttpClientConnectionManager.java:353)
	at org.apache.http.impl.execchain.MainClientExec.establishRoute(MainClientExec.java:380)
	at org.apache.http.impl.execchain.MainClientExec.execute(MainClientExec.java:236)
	at org.apache.http.impl.execchain.ProtocolExec.execute(ProtocolExec.java:184)
	at org.apache.http.impl.execchain.RetryExec.execute(RetryExec.java:88)
	at org.apache.http.impl.execchain.RedirectExec.execute(RedirectExec.java:110)
	at org.apache.http.impl.client.InternalHttpClient.doExecute(InternalHttpClient.java:184)
	at org.apache.http.impl.client.CloseableHttpClient.execute(CloseableHttpClient.java:71)
	at org.glassfish.jersey.apache.connector.ApacheConnector.apply(ApacheConnector.java:435)
	... 21 more
</error>
    <system-err>Jun 02, 2018 7:44:38 AM org.apache.http.impl.execchain.RetryExec execute
INFO: I/O exception (java.io.IOException) caught when processing request to {}-&gt;unix://localhost:80: No such file or directory
Jun 02, 2018 7:44:38 AM org.apache.http.impl.execchain.RetryExec execute
INFO: Retrying request to {}-&gt;unix://localhost:80
Jun 02, 2018 7:44:38 AM org.apache.http.impl.execchain.RetryExec execute
INFO: I/O exception (java.io.IOException) caught when processing request to {}-&gt;unix://localhost:80: No such file or directory
Jun 02, 2018 7:44:38 AM org.apache.http.impl.execchain.RetryExec execute
INFO: Retrying request to {}-&gt;unix://localhost:80
Jun 02, 2018 7:44:38 AM org.apache.http.impl.execchain.RetryExec execute
INFO: I/O exception (java.io.IOException) caught when processing request to {}-&gt;unix://localhost:80: No such file or directory
Jun 02, 2018 7:44:38 AM org.apache.http.impl.execchain.RetryExec execute
INFO: Retrying request to {}-&gt;unix://localhost:80
</system-err>
  </testcase>
  <testcase classname="com.spotify.docker.client.DefaultDockerClientTest" name="testExecInspect" time="0.027">
    <error type="java.lang.NullPointerException">java.lang.NullPointerException
	at com.spotify.docker.client.VersionCompare.compareVersion(VersionCompare.java:45)
	at com.spotify.docker.client.DefaultDockerClientTest.dockerApiVersionAtLeast(DefaultDockerClientTest.java:404)
	at com.spotify.docker.client.DefaultDockerClientTest.tearDown(DefaultDockerClientTest.java:356)
	at sun.reflect.NativeMethodAccessorImpl.invoke0(Native Method)
	at sun.reflect.NativeMethodAccessorImpl.invoke(NativeMethodAccessorImpl.java:62)
	at sun.reflect.DelegatingMethodAccessorImpl.invoke(DelegatingMethodAccessorImpl.java:43)
	at java.lang.reflect.Method.invoke(Method.java:498)
	at org.junit.runners.model.FrameworkMethod$1.runReflectiveCall(FrameworkMethod.java:50)
	at org.junit.internal.runners.model.ReflectiveCallable.run(ReflectiveCallable.java:12)
	at org.junit.runners.model.FrameworkMethod.invokeExplosively(FrameworkMethod.java:47)
	at org.junit.internal.runners.statements.RunAfters.evaluate(RunAfters.java:33)
	at org.junit.rules.ExpectedException$ExpectedExceptionStatement.evaluate(ExpectedException.java:239)
	at org.junit.rules.TestWatcher$1.evaluate(TestWatcher.java:55)
	at org.junit.rules.RunRules.evaluate(RunRules.java:20)
	at org.junit.runners.ParentRunner.runLeaf(ParentRunner.java:325)
	at org.junit.runners.BlockJUnit4ClassRunner.runChild(BlockJUnit4ClassRunner.java:78)
	at org.junit.runners.BlockJUnit4ClassRunner.runChild(BlockJUnit4ClassRunner.java:57)
	at org.junit.runners.ParentRunner$3.run(ParentRunner.java:290)
	at org.junit.runners.ParentRunner$1.schedule(ParentRunner.java:71)
	at org.junit.runners.ParentRunner.runChildren(ParentRunner.java:288)
	at org.junit.runners.ParentRunner.access$000(ParentRunner.java:58)
	at org.junit.runners.ParentRunner$2.evaluate(ParentRunner.java:268)
	at org.junit.runners.ParentRunner.run(ParentRunner.java:363)
	at org.apache.maven.surefire.junit4.JUnit4Provider.execute(JUnit4Provider.java:252)
	at org.apache.maven.surefire.junit4.JUnit4Provider.executeTestSet(JUnit4Provider.java:141)
	at org.apache.maven.surefire.junit4.JUnit4Provider.invoke(JUnit4Provider.java:112)
	at sun.reflect.NativeMethodAccessorImpl.invoke0(Native Method)
	at sun.reflect.NativeMethodAccessorImpl.invoke(NativeMethodAccessorImpl.java:62)
	at sun.reflect.DelegatingMethodAccessorImpl.invoke(DelegatingMethodAccessorImpl.java:43)
	at java.lang.reflect.Method.invoke(Method.java:498)
	at org.apache.maven.surefire.util.ReflectionUtils.invokeMethodWithArray(ReflectionUtils.java:189)
	at org.apache.maven.surefire.booter.ProviderFactory$ProviderProxy.invoke(ProviderFactory.java:165)
	at org.apache.maven.surefire.booter.ProviderFactory.invokeProvider(ProviderFactory.java:85)
	at org.apache.maven.surefire.booter.ForkedBooter.runSuitesInProcess(ForkedBooter.java:115)
	at org.apache.maven.surefire.booter.ForkedBooter.main(ForkedBooter.java:75)
</error>
  </testcase>
  <testcase classname="com.spotify.docker.client.DefaultDockerClientTest" name="testCreateVolume" time="0.028">
    <error message="java.util.concurrent.ExecutionException: javax.ws.rs.ProcessingException: java.io.IOException: No such file or directory" type="com.spotify.docker.client.exceptions.DockerException">com.spotify.docker.client.exceptions.DockerException: java.util.concurrent.ExecutionException: javax.ws.rs.ProcessingException: java.io.IOException: No such file or directory
	at com.spotify.docker.client.DefaultDockerClient.propagate(DefaultDockerClient.java:2812)
	at com.spotify.docker.client.DefaultDockerClient.request(DefaultDockerClient.java:2676)
	at com.spotify.docker.client.DefaultDockerClient.version(DefaultDockerClient.java:572)
	at com.spotify.docker.client.DefaultDockerClientTest.setup(DefaultDockerClientTest.java:349)
	at sun.reflect.GeneratedMethodAccessor10.invoke(Unknown Source)
	at sun.reflect.DelegatingMethodAccessorImpl.invoke(DelegatingMethodAccessorImpl.java:43)
	at java.lang.reflect.Method.invoke(Method.java:498)
	at org.junit.runners.model.FrameworkMethod$1.runReflectiveCall(FrameworkMethod.java:50)
	at org.junit.internal.runners.model.ReflectiveCallable.run(ReflectiveCallable.java:12)
	at org.junit.runners.model.FrameworkMethod.invokeExplosively(FrameworkMethod.java:47)
	at org.junit.internal.runners.statements.RunBefores.evaluate(RunBefores.java:24)
	at org.junit.internal.runners.statements.RunAfters.evaluate(RunAfters.java:27)
	at org.junit.rules.ExpectedException$ExpectedExceptionStatement.evaluate(ExpectedException.java:239)
	at org.junit.rules.TestWatcher$1.evaluate(TestWatcher.java:55)
	at org.junit.rules.RunRules.evaluate(RunRules.java:20)
	at org.junit.runners.ParentRunner.runLeaf(ParentRunner.java:325)
	at org.junit.runners.BlockJUnit4ClassRunner.runChild(BlockJUnit4ClassRunner.java:78)
	at org.junit.runners.BlockJUnit4ClassRunner.runChild(BlockJUnit4ClassRunner.java:57)
	at org.junit.runners.ParentRunner$3.run(ParentRunner.java:290)
	at org.junit.runners.ParentRunner$1.schedule(ParentRunner.java:71)
	at org.junit.runners.ParentRunner.runChildren(ParentRunner.java:288)
	at org.junit.runners.ParentRunner.access$000(ParentRunner.java:58)
	at org.junit.runners.ParentRunner$2.evaluate(ParentRunner.java:268)
	at org.junit.runners.ParentRunner.run(ParentRunner.java:363)
	at org.apache.maven.surefire.junit4.JUnit4Provider.execute(JUnit4Provider.java:252)
	at org.apache.maven.surefire.junit4.JUnit4Provider.executeTestSet(JUnit4Provider.java:141)
	at org.apache.maven.surefire.junit4.JUnit4Provider.invoke(JUnit4Provider.java:112)
	at sun.reflect.NativeMethodAccessorImpl.invoke0(Native Method)
	at sun.reflect.NativeMethodAccessorImpl.invoke(NativeMethodAccessorImpl.java:62)
	at sun.reflect.DelegatingMethodAccessorImpl.invoke(DelegatingMethodAccessorImpl.java:43)
	at java.lang.reflect.Method.invoke(Method.java:498)
	at org.apache.maven.surefire.util.ReflectionUtils.invokeMethodWithArray(ReflectionUtils.java:189)
	at org.apache.maven.surefire.booter.ProviderFactory$ProviderProxy.invoke(ProviderFactory.java:165)
	at org.apache.maven.surefire.booter.ProviderFactory.invokeProvider(ProviderFactory.java:85)
	at org.apache.maven.surefire.booter.ForkedBooter.runSuitesInProcess(ForkedBooter.java:115)
	at org.apache.maven.surefire.booter.ForkedBooter.main(ForkedBooter.java:75)
Caused by: java.util.concurrent.ExecutionException: javax.ws.rs.ProcessingException: java.io.IOException: No such file or directory
	at jersey.repackaged.com.google.common.util.concurrent.AbstractFuture$Sync.getValue(AbstractFuture.java:299)
	at jersey.repackaged.com.google.common.util.concurrent.AbstractFuture$Sync.get(AbstractFuture.java:286)
	at jersey.repackaged.com.google.common.util.concurrent.AbstractFuture.get(AbstractFuture.java:116)
	at com.spotify.docker.client.DefaultDockerClient.request(DefaultDockerClient.java:2674)
	... 34 more
Caused by: javax.ws.rs.ProcessingException: java.io.IOException: No such file or directory
	at org.glassfish.jersey.apache.connector.ApacheConnector.apply(ApacheConnector.java:481)
	at org.glassfish.jersey.apache.connector.ApacheConnector$1.run(ApacheConnector.java:491)
	at java.util.concurrent.Executors$RunnableAdapter.call(Executors.java:511)
	at java.util.concurrent.FutureTask.run(FutureTask.java:266)
	at jersey.repackaged.com.google.common.util.concurrent.MoreExecutors$DirectExecutorService.execute(MoreExecutors.java:299)
	at java.util.concurrent.AbstractExecutorService.submit(AbstractExecutorService.java:112)
	at jersey.repackaged.com.google.common.util.concurrent.AbstractListeningExecutorService.submit(AbstractListeningExecutorService.java:50)
	at jersey.repackaged.com.google.common.util.concurrent.AbstractListeningExecutorService.submit(AbstractListeningExecutorService.java:37)
	at org.glassfish.jersey.apache.connector.ApacheConnector.apply(ApacheConnector.java:487)
	at org.glassfish.jersey.client.ClientRuntime$2.run(ClientRuntime.java:178)
	at org.glassfish.jersey.internal.Errors$1.call(Errors.java:271)
	at org.glassfish.jersey.internal.Errors$1.call(Errors.java:267)
	at org.glassfish.jersey.internal.Errors.process(Errors.java:315)
	at org.glassfish.jersey.internal.Errors.process(Errors.java:297)
	at org.glassfish.jersey.internal.Errors.process(Errors.java:267)
	at org.glassfish.jersey.process.internal.RequestScope.runInScope(RequestScope.java:340)
	at org.glassfish.jersey.client.ClientRuntime$3.run(ClientRuntime.java:210)
	at java.util.concurrent.Executors$RunnableAdapter.call(Executors.java:511)
	at java.util.concurrent.FutureTask.run(FutureTask.java:266)
	at java.util.concurrent.ThreadPoolExecutor.runWorker(ThreadPoolExecutor.java:1142)
	at java.util.concurrent.ThreadPoolExecutor$Worker.run(ThreadPoolExecutor.java:617)
	at java.lang.Thread.run(Thread.java:745)
Caused by: java.io.IOException: No such file or directory
	at jnr.unixsocket.UnixSocketChannel.doConnect(UnixSocketChannel.java:127)
	at jnr.unixsocket.UnixSocketChannel.connect(UnixSocketChannel.java:136)
	at jnr.unixsocket.UnixSocketChannel.connect(UnixSocketChannel.java:223)
	at com.spotify.docker.client.UnixConnectionSocketFactory.connectSocket(UnixConnectionSocketFactory.java:85)
	at org.apache.http.impl.conn.DefaultHttpClientConnectionOperator.connect(DefaultHttpClientConnectionOperator.java:134)
	at org.apache.http.impl.conn.PoolingHttpClientConnectionManager.connect(PoolingHttpClientConnectionManager.java:353)
	at org.apache.http.impl.execchain.MainClientExec.establishRoute(MainClientExec.java:380)
	at org.apache.http.impl.execchain.MainClientExec.execute(MainClientExec.java:236)
	at org.apache.http.impl.execchain.ProtocolExec.execute(ProtocolExec.java:184)
	at org.apache.http.impl.execchain.RetryExec.execute(RetryExec.java:88)
	at org.apache.http.impl.execchain.RedirectExec.execute(RedirectExec.java:110)
	at org.apache.http.impl.client.InternalHttpClient.doExecute(InternalHttpClient.java:184)
	at org.apache.http.impl.client.CloseableHttpClient.execute(CloseableHttpClient.java:71)
	at org.glassfish.jersey.apache.connector.ApacheConnector.apply(ApacheConnector.java:435)
	... 21 more
</error>
    <system-err>Jun 02, 2018 7:44:38 AM org.apache.http.impl.execchain.RetryExec execute
INFO: I/O exception (java.io.IOException) caught when processing request to {}-&gt;unix://localhost:80: No such file or directory
Jun 02, 2018 7:44:38 AM org.apache.http.impl.execchain.RetryExec execute
INFO: Retrying request to {}-&gt;unix://localhost:80
Jun 02, 2018 7:44:38 AM org.apache.http.impl.execchain.RetryExec execute
INFO: I/O exception (java.io.IOException) caught when processing request to {}-&gt;unix://localhost:80: No such file or directory
Jun 02, 2018 7:44:38 AM org.apache.http.impl.execchain.RetryExec execute
INFO: Retrying request to {}-&gt;unix://localhost:80
Jun 02, 2018 7:44:38 AM org.apache.http.impl.execchain.RetryExec execute
INFO: I/O exception (java.io.IOException) caught when processing request to {}-&gt;unix://localhost:80: No such file or directory
Jun 02, 2018 7:44:38 AM org.apache.http.impl.execchain.RetryExec execute
INFO: Retrying request to {}-&gt;unix://localhost:80
</system-err>
  </testcase>
  <testcase classname="com.spotify.docker.client.DefaultDockerClientTest" name="testCreateVolume" time="0.028">
    <error type="java.lang.NullPointerException">java.lang.NullPointerException
	at com.spotify.docker.client.VersionCompare.compareVersion(VersionCompare.java:45)
	at com.spotify.docker.client.DefaultDockerClientTest.dockerApiVersionAtLeast(DefaultDockerClientTest.java:404)
	at com.spotify.docker.client.DefaultDockerClientTest.tearDown(DefaultDockerClientTest.java:356)
	at sun.reflect.GeneratedMethodAccessor11.invoke(Unknown Source)
	at sun.reflect.DelegatingMethodAccessorImpl.invoke(DelegatingMethodAccessorImpl.java:43)
	at java.lang.reflect.Method.invoke(Method.java:498)
	at org.junit.runners.model.FrameworkMethod$1.runReflectiveCall(FrameworkMethod.java:50)
	at org.junit.internal.runners.model.ReflectiveCallable.run(ReflectiveCallable.java:12)
	at org.junit.runners.model.FrameworkMethod.invokeExplosively(FrameworkMethod.java:47)
	at org.junit.internal.runners.statements.RunAfters.evaluate(RunAfters.java:33)
	at org.junit.rules.ExpectedException$ExpectedExceptionStatement.evaluate(ExpectedException.java:239)
	at org.junit.rules.TestWatcher$1.evaluate(TestWatcher.java:55)
	at org.junit.rules.RunRules.evaluate(RunRules.java:20)
	at org.junit.runners.ParentRunner.runLeaf(ParentRunner.java:325)
	at org.junit.runners.BlockJUnit4ClassRunner.runChild(BlockJUnit4ClassRunner.java:78)
	at org.junit.runners.BlockJUnit4ClassRunner.runChild(BlockJUnit4ClassRunner.java:57)
	at org.junit.runners.ParentRunner$3.run(ParentRunner.java:290)
	at org.junit.runners.ParentRunner$1.schedule(ParentRunner.java:71)
	at org.junit.runners.ParentRunner.runChildren(ParentRunner.java:288)
	at org.junit.runners.ParentRunner.access$000(ParentRunner.java:58)
	at org.junit.runners.ParentRunner$2.evaluate(ParentRunner.java:268)
	at org.junit.runners.ParentRunner.run(ParentRunner.java:363)
	at org.apache.maven.surefire.junit4.JUnit4Provider.execute(JUnit4Provider.java:252)
	at org.apache.maven.surefire.junit4.JUnit4Provider.executeTestSet(JUnit4Provider.java:141)
	at org.apache.maven.surefire.junit4.JUnit4Provider.invoke(JUnit4Provider.java:112)
	at sun.reflect.NativeMethodAccessorImpl.invoke0(Native Method)
	at sun.reflect.NativeMethodAccessorImpl.invoke(NativeMethodAccessorImpl.java:62)
	at sun.reflect.DelegatingMethodAccessorImpl.invoke(DelegatingMethodAccessorImpl.java:43)
	at java.lang.reflect.Method.invoke(Method.java:498)
	at org.apache.maven.surefire.util.ReflectionUtils.invokeMethodWithArray(ReflectionUtils.java:189)
	at org.apache.maven.surefire.booter.ProviderFactory$ProviderProxy.invoke(ProviderFactory.java:165)
	at org.apache.maven.surefire.booter.ProviderFactory.invokeProvider(ProviderFactory.java:85)
	at org.apache.maven.surefire.booter.ForkedBooter.runSuitesInProcess(ForkedBooter.java:115)
	at org.apache.maven.surefire.booter.ForkedBooter.main(ForkedBooter.java:75)
</error>
  </testcase>
  <testcase classname="com.spotify.docker.client.DefaultDockerClientTest" name="testConnectTimeout" time="0.027">
    <error message="java.util.concurrent.ExecutionException: javax.ws.rs.ProcessingException: java.io.IOException: No such file or directory" type="com.spotify.docker.client.exceptions.DockerException">com.spotify.docker.client.exceptions.DockerException: java.util.concurrent.ExecutionException: javax.ws.rs.ProcessingException: java.io.IOException: No such file or directory
	at com.spotify.docker.client.DefaultDockerClient.propagate(DefaultDockerClient.java:2812)
	at com.spotify.docker.client.DefaultDockerClient.request(DefaultDockerClient.java:2676)
	at com.spotify.docker.client.DefaultDockerClient.version(DefaultDockerClient.java:572)
	at com.spotify.docker.client.DefaultDockerClientTest.setup(DefaultDockerClientTest.java:349)
	at sun.reflect.GeneratedMethodAccessor10.invoke(Unknown Source)
	at sun.reflect.DelegatingMethodAccessorImpl.invoke(DelegatingMethodAccessorImpl.java:43)
	at java.lang.reflect.Method.invoke(Method.java:498)
	at org.junit.runners.model.FrameworkMethod$1.runReflectiveCall(FrameworkMethod.java:50)
	at org.junit.internal.runners.model.ReflectiveCallable.run(ReflectiveCallable.java:12)
	at org.junit.runners.model.FrameworkMethod.invokeExplosively(FrameworkMethod.java:47)
	at org.junit.internal.runners.statements.RunBefores.evaluate(RunBefores.java:24)
	at org.junit.internal.runners.statements.RunAfters.evaluate(RunAfters.java:27)
	at org.junit.rules.ExpectedException$ExpectedExceptionStatement.evaluate(ExpectedException.java:239)
	at org.junit.rules.TestWatcher$1.evaluate(TestWatcher.java:55)
	at org.junit.rules.RunRules.evaluate(RunRules.java:20)
	at org.junit.runners.ParentRunner.runLeaf(ParentRunner.java:325)
	at org.junit.runners.BlockJUnit4ClassRunner.runChild(BlockJUnit4ClassRunner.java:78)
	at org.junit.runners.BlockJUnit4ClassRunner.runChild(BlockJUnit4ClassRunner.java:57)
	at org.junit.runners.ParentRunner$3.run(ParentRunner.java:290)
	at org.junit.runners.ParentRunner$1.schedule(ParentRunner.java:71)
	at org.junit.runners.ParentRunner.runChildren(ParentRunner.java:288)
	at org.junit.runners.ParentRunner.access$000(ParentRunner.java:58)
	at org.junit.runners.ParentRunner$2.evaluate(ParentRunner.java:268)
	at org.junit.runners.ParentRunner.run(ParentRunner.java:363)
	at org.apache.maven.surefire.junit4.JUnit4Provider.execute(JUnit4Provider.java:252)
	at org.apache.maven.surefire.junit4.JUnit4Provider.executeTestSet(JUnit4Provider.java:141)
	at org.apache.maven.surefire.junit4.JUnit4Provider.invoke(JUnit4Provider.java:112)
	at sun.reflect.NativeMethodAccessorImpl.invoke0(Native Method)
	at sun.reflect.NativeMethodAccessorImpl.invoke(NativeMethodAccessorImpl.java:62)
	at sun.reflect.DelegatingMethodAccessorImpl.invoke(DelegatingMethodAccessorImpl.java:43)
	at java.lang.reflect.Method.invoke(Method.java:498)
	at org.apache.maven.surefire.util.ReflectionUtils.invokeMethodWithArray(ReflectionUtils.java:189)
	at org.apache.maven.surefire.booter.ProviderFactory$ProviderProxy.invoke(ProviderFactory.java:165)
	at org.apache.maven.surefire.booter.ProviderFactory.invokeProvider(ProviderFactory.java:85)
	at org.apache.maven.surefire.booter.ForkedBooter.runSuitesInProcess(ForkedBooter.java:115)
	at org.apache.maven.surefire.booter.ForkedBooter.main(ForkedBooter.java:75)
Caused by: java.util.concurrent.ExecutionException: javax.ws.rs.ProcessingException: java.io.IOException: No such file or directory
	at jersey.repackaged.com.google.common.util.concurrent.AbstractFuture$Sync.getValue(AbstractFuture.java:299)
	at jersey.repackaged.com.google.common.util.concurrent.AbstractFuture$Sync.get(AbstractFuture.java:286)
	at jersey.repackaged.com.google.common.util.concurrent.AbstractFuture.get(AbstractFuture.java:116)
	at com.spotify.docker.client.DefaultDockerClient.request(DefaultDockerClient.java:2674)
	... 34 more
Caused by: javax.ws.rs.ProcessingException: java.io.IOException: No such file or directory
	at org.glassfish.jersey.apache.connector.ApacheConnector.apply(ApacheConnector.java:481)
	at org.glassfish.jersey.apache.connector.ApacheConnector$1.run(ApacheConnector.java:491)
	at java.util.concurrent.Executors$RunnableAdapter.call(Executors.java:511)
	at java.util.concurrent.FutureTask.run(FutureTask.java:266)
	at jersey.repackaged.com.google.common.util.concurrent.MoreExecutors$DirectExecutorService.execute(MoreExecutors.java:299)
	at java.util.concurrent.AbstractExecutorService.submit(AbstractExecutorService.java:112)
	at jersey.repackaged.com.google.common.util.concurrent.AbstractListeningExecutorService.submit(AbstractListeningExecutorService.java:50)
	at jersey.repackaged.com.google.common.util.concurrent.AbstractListeningExecutorService.submit(AbstractListeningExecutorService.java:37)
	at org.glassfish.jersey.apache.connector.ApacheConnector.apply(ApacheConnector.java:487)
	at org.glassfish.jersey.client.ClientRuntime$2.run(ClientRuntime.java:178)
	at org.glassfish.jersey.internal.Errors$1.call(Errors.java:271)
	at org.glassfish.jersey.internal.Errors$1.call(Errors.java:267)
	at org.glassfish.jersey.internal.Errors.process(Errors.java:315)
	at org.glassfish.jersey.internal.Errors.process(Errors.java:297)
	at org.glassfish.jersey.internal.Errors.process(Errors.java:267)
	at org.glassfish.jersey.process.internal.RequestScope.runInScope(RequestScope.java:340)
	at org.glassfish.jersey.client.ClientRuntime$3.run(ClientRuntime.java:210)
	at java.util.concurrent.Executors$RunnableAdapter.call(Executors.java:511)
	at java.util.concurrent.FutureTask.run(FutureTask.java:266)
	at java.util.concurrent.ThreadPoolExecutor.runWorker(ThreadPoolExecutor.java:1142)
	at java.util.concurrent.ThreadPoolExecutor$Worker.run(ThreadPoolExecutor.java:617)
	at java.lang.Thread.run(Thread.java:745)
Caused by: java.io.IOException: No such file or directory
	at jnr.unixsocket.UnixSocketChannel.doConnect(UnixSocketChannel.java:127)
	at jnr.unixsocket.UnixSocketChannel.connect(UnixSocketChannel.java:136)
	at jnr.unixsocket.UnixSocketChannel.connect(UnixSocketChannel.java:223)
	at com.spotify.docker.client.UnixConnectionSocketFactory.connectSocket(UnixConnectionSocketFactory.java:85)
	at org.apache.http.impl.conn.DefaultHttpClientConnectionOperator.connect(DefaultHttpClientConnectionOperator.java:134)
	at org.apache.http.impl.conn.PoolingHttpClientConnectionManager.connect(PoolingHttpClientConnectionManager.java:353)
	at org.apache.http.impl.execchain.MainClientExec.establishRoute(MainClientExec.java:380)
	at org.apache.http.impl.execchain.MainClientExec.execute(MainClientExec.java:236)
	at org.apache.http.impl.execchain.ProtocolExec.execute(ProtocolExec.java:184)
	at org.apache.http.impl.execchain.RetryExec.execute(RetryExec.java:88)
	at org.apache.http.impl.execchain.RedirectExec.execute(RedirectExec.java:110)
	at org.apache.http.impl.client.InternalHttpClient.doExecute(InternalHttpClient.java:184)
	at org.apache.http.impl.client.CloseableHttpClient.execute(CloseableHttpClient.java:71)
	at org.glassfish.jersey.apache.connector.ApacheConnector.apply(ApacheConnector.java:435)
	... 21 more
</error>
    <system-err>Jun 02, 2018 7:44:38 AM org.apache.http.impl.execchain.RetryExec execute
INFO: I/O exception (java.io.IOException) caught when processing request to {}-&gt;unix://localhost:80: No such file or directory
Jun 02, 2018 7:44:38 AM org.apache.http.impl.execchain.RetryExec execute
INFO: Retrying request to {}-&gt;unix://localhost:80
Jun 02, 2018 7:44:38 AM org.apache.http.impl.execchain.RetryExec execute
INFO: I/O exception (java.io.IOException) caught when processing request to {}-&gt;unix://localhost:80: No such file or directory
Jun 02, 2018 7:44:38 AM org.apache.http.impl.execchain.RetryExec execute
INFO: Retrying request to {}-&gt;unix://localhost:80
Jun 02, 2018 7:44:38 AM org.apache.http.impl.execchain.RetryExec execute
INFO: I/O exception (java.io.IOException) caught when processing request to {}-&gt;unix://localhost:80: No such file or directory
Jun 02, 2018 7:44:38 AM org.apache.http.impl.execchain.RetryExec execute
INFO: Retrying request to {}-&gt;unix://localhost:80
</system-err>
  </testcase>
  <testcase classname="com.spotify.docker.client.DefaultDockerClientTest" name="testConnectTimeout" time="0.027">
    <error type="java.lang.NullPointerException">java.lang.NullPointerException
	at com.spotify.docker.client.VersionCompare.compareVersion(VersionCompare.java:45)
	at com.spotify.docker.client.DefaultDockerClientTest.dockerApiVersionAtLeast(DefaultDockerClientTest.java:404)
	at com.spotify.docker.client.DefaultDockerClientTest.tearDown(DefaultDockerClientTest.java:356)
	at sun.reflect.GeneratedMethodAccessor11.invoke(Unknown Source)
	at sun.reflect.DelegatingMethodAccessorImpl.invoke(DelegatingMethodAccessorImpl.java:43)
	at java.lang.reflect.Method.invoke(Method.java:498)
	at org.junit.runners.model.FrameworkMethod$1.runReflectiveCall(FrameworkMethod.java:50)
	at org.junit.internal.runners.model.ReflectiveCallable.run(ReflectiveCallable.java:12)
	at org.junit.runners.model.FrameworkMethod.invokeExplosively(FrameworkMethod.java:47)
	at org.junit.internal.runners.statements.RunAfters.evaluate(RunAfters.java:33)
	at org.junit.rules.ExpectedException$ExpectedExceptionStatement.evaluate(ExpectedException.java:239)
	at org.junit.rules.TestWatcher$1.evaluate(TestWatcher.java:55)
	at org.junit.rules.RunRules.evaluate(RunRules.java:20)
	at org.junit.runners.ParentRunner.runLeaf(ParentRunner.java:325)
	at org.junit.runners.BlockJUnit4ClassRunner.runChild(BlockJUnit4ClassRunner.java:78)
	at org.junit.runners.BlockJUnit4ClassRunner.runChild(BlockJUnit4ClassRunner.java:57)
	at org.junit.runners.ParentRunner$3.run(ParentRunner.java:290)
	at org.junit.runners.ParentRunner$1.schedule(ParentRunner.java:71)
	at org.junit.runners.ParentRunner.runChildren(ParentRunner.java:288)
	at org.junit.runners.ParentRunner.access$000(ParentRunner.java:58)
	at org.junit.runners.ParentRunner$2.evaluate(ParentRunner.java:268)
	at org.junit.runners.ParentRunner.run(ParentRunner.java:363)
	at org.apache.maven.surefire.junit4.JUnit4Provider.execute(JUnit4Provider.java:252)
	at org.apache.maven.surefire.junit4.JUnit4Provider.executeTestSet(JUnit4Provider.java:141)
	at org.apache.maven.surefire.junit4.JUnit4Provider.invoke(JUnit4Provider.java:112)
	at sun.reflect.NativeMethodAccessorImpl.invoke0(Native Method)
	at sun.reflect.NativeMethodAccessorImpl.invoke(NativeMethodAccessorImpl.java:62)
	at sun.reflect.DelegatingMethodAccessorImpl.invoke(DelegatingMethodAccessorImpl.java:43)
	at java.lang.reflect.Method.invoke(Method.java:498)
	at org.apache.maven.surefire.util.ReflectionUtils.invokeMethodWithArray(ReflectionUtils.java:189)
	at org.apache.maven.surefire.booter.ProviderFactory$ProviderProxy.invoke(ProviderFactory.java:165)
	at org.apache.maven.surefire.booter.ProviderFactory.invokeProvider(ProviderFactory.java:85)
	at org.apache.maven.surefire.booter.ForkedBooter.runSuitesInProcess(ForkedBooter.java:115)
	at org.apache.maven.surefire.booter.ForkedBooter.main(ForkedBooter.java:75)
</error>
  </testcase>
  <testcase classname="com.spotify.docker.client.DefaultDockerClientTest" name="testLogNoTimeout" time="0.026">
    <error message="java.util.concurrent.ExecutionException: javax.ws.rs.ProcessingException: java.io.IOException: No such file or directory" type="com.spotify.docker.client.exceptions.DockerException">com.spotify.docker.client.exceptions.DockerException: java.util.concurrent.ExecutionException: javax.ws.rs.ProcessingException: java.io.IOException: No such file or directory
	at com.spotify.docker.client.DefaultDockerClient.propagate(DefaultDockerClient.java:2812)
	at com.spotify.docker.client.DefaultDockerClient.request(DefaultDockerClient.java:2676)
	at com.spotify.docker.client.DefaultDockerClient.version(DefaultDockerClient.java:572)
	at com.spotify.docker.client.DefaultDockerClientTest.setup(DefaultDockerClientTest.java:349)
	at sun.reflect.GeneratedMethodAccessor10.invoke(Unknown Source)
	at sun.reflect.DelegatingMethodAccessorImpl.invoke(DelegatingMethodAccessorImpl.java:43)
	at java.lang.reflect.Method.invoke(Method.java:498)
	at org.junit.runners.model.FrameworkMethod$1.runReflectiveCall(FrameworkMethod.java:50)
	at org.junit.internal.runners.model.ReflectiveCallable.run(ReflectiveCallable.java:12)
	at org.junit.runners.model.FrameworkMethod.invokeExplosively(FrameworkMethod.java:47)
	at org.junit.internal.runners.statements.RunBefores.evaluate(RunBefores.java:24)
	at org.junit.internal.runners.statements.RunAfters.evaluate(RunAfters.java:27)
	at org.junit.rules.ExpectedException$ExpectedExceptionStatement.evaluate(ExpectedException.java:239)
	at org.junit.rules.TestWatcher$1.evaluate(TestWatcher.java:55)
	at org.junit.rules.RunRules.evaluate(RunRules.java:20)
	at org.junit.runners.ParentRunner.runLeaf(ParentRunner.java:325)
	at org.junit.runners.BlockJUnit4ClassRunner.runChild(BlockJUnit4ClassRunner.java:78)
	at org.junit.runners.BlockJUnit4ClassRunner.runChild(BlockJUnit4ClassRunner.java:57)
	at org.junit.runners.ParentRunner$3.run(ParentRunner.java:290)
	at org.junit.runners.ParentRunner$1.schedule(ParentRunner.java:71)
	at org.junit.runners.ParentRunner.runChildren(ParentRunner.java:288)
	at org.junit.runners.ParentRunner.access$000(ParentRunner.java:58)
	at org.junit.runners.ParentRunner$2.evaluate(ParentRunner.java:268)
	at org.junit.runners.ParentRunner.run(ParentRunner.java:363)
	at org.apache.maven.surefire.junit4.JUnit4Provider.execute(JUnit4Provider.java:252)
	at org.apache.maven.surefire.junit4.JUnit4Provider.executeTestSet(JUnit4Provider.java:141)
	at org.apache.maven.surefire.junit4.JUnit4Provider.invoke(JUnit4Provider.java:112)
	at sun.reflect.NativeMethodAccessorImpl.invoke0(Native Method)
	at sun.reflect.NativeMethodAccessorImpl.invoke(NativeMethodAccessorImpl.java:62)
	at sun.reflect.DelegatingMethodAccessorImpl.invoke(DelegatingMethodAccessorImpl.java:43)
	at java.lang.reflect.Method.invoke(Method.java:498)
	at org.apache.maven.surefire.util.ReflectionUtils.invokeMethodWithArray(ReflectionUtils.java:189)
	at org.apache.maven.surefire.booter.ProviderFactory$ProviderProxy.invoke(ProviderFactory.java:165)
	at org.apache.maven.surefire.booter.ProviderFactory.invokeProvider(ProviderFactory.java:85)
	at org.apache.maven.surefire.booter.ForkedBooter.runSuitesInProcess(ForkedBooter.java:115)
	at org.apache.maven.surefire.booter.ForkedBooter.main(ForkedBooter.java:75)
Caused by: java.util.concurrent.ExecutionException: javax.ws.rs.ProcessingException: java.io.IOException: No such file or directory
	at jersey.repackaged.com.google.common.util.concurrent.AbstractFuture$Sync.getValue(AbstractFuture.java:299)
	at jersey.repackaged.com.google.common.util.concurrent.AbstractFuture$Sync.get(AbstractFuture.java:286)
	at jersey.repackaged.com.google.common.util.concurrent.AbstractFuture.get(AbstractFuture.java:116)
	at com.spotify.docker.client.DefaultDockerClient.request(DefaultDockerClient.java:2674)
	... 34 more
Caused by: javax.ws.rs.ProcessingException: java.io.IOException: No such file or directory
	at org.glassfish.jersey.apache.connector.ApacheConnector.apply(ApacheConnector.java:481)
	at org.glassfish.jersey.apache.connector.ApacheConnector$1.run(ApacheConnector.java:491)
	at java.util.concurrent.Executors$RunnableAdapter.call(Executors.java:511)
	at java.util.concurrent.FutureTask.run(FutureTask.java:266)
	at jersey.repackaged.com.google.common.util.concurrent.MoreExecutors$DirectExecutorService.execute(MoreExecutors.java:299)
	at java.util.concurrent.AbstractExecutorService.submit(AbstractExecutorService.java:112)
	at jersey.repackaged.com.google.common.util.concurrent.AbstractListeningExecutorService.submit(AbstractListeningExecutorService.java:50)
	at jersey.repackaged.com.google.common.util.concurrent.AbstractListeningExecutorService.submit(AbstractListeningExecutorService.java:37)
	at org.glassfish.jersey.apache.connector.ApacheConnector.apply(ApacheConnector.java:487)
	at org.glassfish.jersey.client.ClientRuntime$2.run(ClientRuntime.java:178)
	at org.glassfish.jersey.internal.Errors$1.call(Errors.java:271)
	at org.glassfish.jersey.internal.Errors$1.call(Errors.java:267)
	at org.glassfish.jersey.internal.Errors.process(Errors.java:315)
	at org.glassfish.jersey.internal.Errors.process(Errors.java:297)
	at org.glassfish.jersey.internal.Errors.process(Errors.java:267)
	at org.glassfish.jersey.process.internal.RequestScope.runInScope(RequestScope.java:340)
	at org.glassfish.jersey.client.ClientRuntime$3.run(ClientRuntime.java:210)
	at java.util.concurrent.Executors$RunnableAdapter.call(Executors.java:511)
	at java.util.concurrent.FutureTask.run(FutureTask.java:266)
	at java.util.concurrent.ThreadPoolExecutor.runWorker(ThreadPoolExecutor.java:1142)
	at java.util.concurrent.ThreadPoolExecutor$Worker.run(ThreadPoolExecutor.java:617)
	at java.lang.Thread.run(Thread.java:745)
Caused by: java.io.IOException: No such file or directory
	at jnr.unixsocket.UnixSocketChannel.doConnect(UnixSocketChannel.java:127)
	at jnr.unixsocket.UnixSocketChannel.connect(UnixSocketChannel.java:136)
	at jnr.unixsocket.UnixSocketChannel.connect(UnixSocketChannel.java:223)
	at com.spotify.docker.client.UnixConnectionSocketFactory.connectSocket(UnixConnectionSocketFactory.java:85)
	at org.apache.http.impl.conn.DefaultHttpClientConnectionOperator.connect(DefaultHttpClientConnectionOperator.java:134)
	at org.apache.http.impl.conn.PoolingHttpClientConnectionManager.connect(PoolingHttpClientConnectionManager.java:353)
	at org.apache.http.impl.execchain.MainClientExec.establishRoute(MainClientExec.java:380)
	at org.apache.http.impl.execchain.MainClientExec.execute(MainClientExec.java:236)
	at org.apache.http.impl.execchain.ProtocolExec.execute(ProtocolExec.java:184)
	at org.apache.http.impl.execchain.RetryExec.execute(RetryExec.java:88)
	at org.apache.http.impl.execchain.RedirectExec.execute(RedirectExec.java:110)
	at org.apache.http.impl.client.InternalHttpClient.doExecute(InternalHttpClient.java:184)
	at org.apache.http.impl.client.CloseableHttpClient.execute(CloseableHttpClient.java:71)
	at org.glassfish.jersey.apache.connector.ApacheConnector.apply(ApacheConnector.java:435)
	... 21 more
</error>
    <system-err>Jun 02, 2018 7:44:38 AM org.apache.http.impl.execchain.RetryExec execute
INFO: I/O exception (java.io.IOException) caught when processing request to {}-&gt;unix://localhost:80: No such file or directory
Jun 02, 2018 7:44:38 AM org.apache.http.impl.execchain.RetryExec execute
INFO: Retrying request to {}-&gt;unix://localhost:80
Jun 02, 2018 7:44:38 AM org.apache.http.impl.execchain.RetryExec execute
INFO: I/O exception (java.io.IOException) caught when processing request to {}-&gt;unix://localhost:80: No such file or directory
Jun 02, 2018 7:44:38 AM org.apache.http.impl.execchain.RetryExec execute
INFO: Retrying request to {}-&gt;unix://localhost:80
Jun 02, 2018 7:44:38 AM org.apache.http.impl.execchain.RetryExec execute
INFO: I/O exception (java.io.IOException) caught when processing request to {}-&gt;unix://localhost:80: No such file or directory
Jun 02, 2018 7:44:38 AM org.apache.http.impl.execchain.RetryExec execute
INFO: Retrying request to {}-&gt;unix://localhost:80
</system-err>
  </testcase>
  <testcase classname="com.spotify.docker.client.DefaultDockerClientTest" name="testLogNoTimeout" time="0.026">
    <error type="java.lang.NullPointerException">java.lang.NullPointerException
	at com.spotify.docker.client.VersionCompare.compareVersion(VersionCompare.java:45)
	at com.spotify.docker.client.DefaultDockerClientTest.dockerApiVersionAtLeast(DefaultDockerClientTest.java:404)
	at com.spotify.docker.client.DefaultDockerClientTest.tearDown(DefaultDockerClientTest.java:356)
	at sun.reflect.GeneratedMethodAccessor11.invoke(Unknown Source)
	at sun.reflect.DelegatingMethodAccessorImpl.invoke(DelegatingMethodAccessorImpl.java:43)
	at java.lang.reflect.Method.invoke(Method.java:498)
	at org.junit.runners.model.FrameworkMethod$1.runReflectiveCall(FrameworkMethod.java:50)
	at org.junit.internal.runners.model.ReflectiveCallable.run(ReflectiveCallable.java:12)
	at org.junit.runners.model.FrameworkMethod.invokeExplosively(FrameworkMethod.java:47)
	at org.junit.internal.runners.statements.RunAfters.evaluate(RunAfters.java:33)
	at org.junit.rules.ExpectedException$ExpectedExceptionStatement.evaluate(ExpectedException.java:239)
	at org.junit.rules.TestWatcher$1.evaluate(TestWatcher.java:55)
	at org.junit.rules.RunRules.evaluate(RunRules.java:20)
	at org.junit.runners.ParentRunner.runLeaf(ParentRunner.java:325)
	at org.junit.runners.BlockJUnit4ClassRunner.runChild(BlockJUnit4ClassRunner.java:78)
	at org.junit.runners.BlockJUnit4ClassRunner.runChild(BlockJUnit4ClassRunner.java:57)
	at org.junit.runners.ParentRunner$3.run(ParentRunner.java:290)
	at org.junit.runners.ParentRunner$1.schedule(ParentRunner.java:71)
	at org.junit.runners.ParentRunner.runChildren(ParentRunner.java:288)
	at org.junit.runners.ParentRunner.access$000(ParentRunner.java:58)
	at org.junit.runners.ParentRunner$2.evaluate(ParentRunner.java:268)
	at org.junit.runners.ParentRunner.run(ParentRunner.java:363)
	at org.apache.maven.surefire.junit4.JUnit4Provider.execute(JUnit4Provider.java:252)
	at org.apache.maven.surefire.junit4.JUnit4Provider.executeTestSet(JUnit4Provider.java:141)
	at org.apache.maven.surefire.junit4.JUnit4Provider.invoke(JUnit4Provider.java:112)
	at sun.reflect.NativeMethodAccessorImpl.invoke0(Native Method)
	at sun.reflect.NativeMethodAccessorImpl.invoke(NativeMethodAccessorImpl.java:62)
	at sun.reflect.DelegatingMethodAccessorImpl.invoke(DelegatingMethodAccessorImpl.java:43)
	at java.lang.reflect.Method.invoke(Method.java:498)
	at org.apache.maven.surefire.util.ReflectionUtils.invokeMethodWithArray(ReflectionUtils.java:189)
	at org.apache.maven.surefire.booter.ProviderFactory$ProviderProxy.invoke(ProviderFactory.java:165)
	at org.apache.maven.surefire.booter.ProviderFactory.invokeProvider(ProviderFactory.java:85)
	at org.apache.maven.surefire.booter.ForkedBooter.runSuitesInProcess(ForkedBooter.java:115)
	at org.apache.maven.surefire.booter.ForkedBooter.main(ForkedBooter.java:75)
</error>
  </testcase>
  <testcase classname="com.spotify.docker.client.DefaultDockerClientTest" name="testRenameContainer" time="0.025">
    <error message="java.util.concurrent.ExecutionException: javax.ws.rs.ProcessingException: java.io.IOException: No such file or directory" type="com.spotify.docker.client.exceptions.DockerException">com.spotify.docker.client.exceptions.DockerException: java.util.concurrent.ExecutionException: javax.ws.rs.ProcessingException: java.io.IOException: No such file or directory
	at com.spotify.docker.client.DefaultDockerClient.propagate(DefaultDockerClient.java:2812)
	at com.spotify.docker.client.DefaultDockerClient.request(DefaultDockerClient.java:2676)
	at com.spotify.docker.client.DefaultDockerClient.version(DefaultDockerClient.java:572)
	at com.spotify.docker.client.DefaultDockerClientTest.setup(DefaultDockerClientTest.java:349)
	at sun.reflect.GeneratedMethodAccessor10.invoke(Unknown Source)
	at sun.reflect.DelegatingMethodAccessorImpl.invoke(DelegatingMethodAccessorImpl.java:43)
	at java.lang.reflect.Method.invoke(Method.java:498)
	at org.junit.runners.model.FrameworkMethod$1.runReflectiveCall(FrameworkMethod.java:50)
	at org.junit.internal.runners.model.ReflectiveCallable.run(ReflectiveCallable.java:12)
	at org.junit.runners.model.FrameworkMethod.invokeExplosively(FrameworkMethod.java:47)
	at org.junit.internal.runners.statements.RunBefores.evaluate(RunBefores.java:24)
	at org.junit.internal.runners.statements.RunAfters.evaluate(RunAfters.java:27)
	at org.junit.rules.ExpectedException$ExpectedExceptionStatement.evaluate(ExpectedException.java:239)
	at org.junit.rules.TestWatcher$1.evaluate(TestWatcher.java:55)
	at org.junit.rules.RunRules.evaluate(RunRules.java:20)
	at org.junit.runners.ParentRunner.runLeaf(ParentRunner.java:325)
	at org.junit.runners.BlockJUnit4ClassRunner.runChild(BlockJUnit4ClassRunner.java:78)
	at org.junit.runners.BlockJUnit4ClassRunner.runChild(BlockJUnit4ClassRunner.java:57)
	at org.junit.runners.ParentRunner$3.run(ParentRunner.java:290)
	at org.junit.runners.ParentRunner$1.schedule(ParentRunner.java:71)
	at org.junit.runners.ParentRunner.runChildren(ParentRunner.java:288)
	at org.junit.runners.ParentRunner.access$000(ParentRunner.java:58)
	at org.junit.runners.ParentRunner$2.evaluate(ParentRunner.java:268)
	at org.junit.runners.ParentRunner.run(ParentRunner.java:363)
	at org.apache.maven.surefire.junit4.JUnit4Provider.execute(JUnit4Provider.java:252)
	at org.apache.maven.surefire.junit4.JUnit4Provider.executeTestSet(JUnit4Provider.java:141)
	at org.apache.maven.surefire.junit4.JUnit4Provider.invoke(JUnit4Provider.java:112)
	at sun.reflect.NativeMethodAccessorImpl.invoke0(Native Method)
	at sun.reflect.NativeMethodAccessorImpl.invoke(NativeMethodAccessorImpl.java:62)
	at sun.reflect.DelegatingMethodAccessorImpl.invoke(DelegatingMethodAccessorImpl.java:43)
	at java.lang.reflect.Method.invoke(Method.java:498)
	at org.apache.maven.surefire.util.ReflectionUtils.invokeMethodWithArray(ReflectionUtils.java:189)
	at org.apache.maven.surefire.booter.ProviderFactory$ProviderProxy.invoke(ProviderFactory.java:165)
	at org.apache.maven.surefire.booter.ProviderFactory.invokeProvider(ProviderFactory.java:85)
	at org.apache.maven.surefire.booter.ForkedBooter.runSuitesInProcess(ForkedBooter.java:115)
	at org.apache.maven.surefire.booter.ForkedBooter.main(ForkedBooter.java:75)
Caused by: java.util.concurrent.ExecutionException: javax.ws.rs.ProcessingException: java.io.IOException: No such file or directory
	at jersey.repackaged.com.google.common.util.concurrent.AbstractFuture$Sync.getValue(AbstractFuture.java:299)
	at jersey.repackaged.com.google.common.util.concurrent.AbstractFuture$Sync.get(AbstractFuture.java:286)
	at jersey.repackaged.com.google.common.util.concurrent.AbstractFuture.get(AbstractFuture.java:116)
	at com.spotify.docker.client.DefaultDockerClient.request(DefaultDockerClient.java:2674)
	... 34 more
Caused by: javax.ws.rs.ProcessingException: java.io.IOException: No such file or directory
	at org.glassfish.jersey.apache.connector.ApacheConnector.apply(ApacheConnector.java:481)
	at org.glassfish.jersey.apache.connector.ApacheConnector$1.run(ApacheConnector.java:491)
	at java.util.concurrent.Executors$RunnableAdapter.call(Executors.java:511)
	at java.util.concurrent.FutureTask.run(FutureTask.java:266)
	at jersey.repackaged.com.google.common.util.concurrent.MoreExecutors$DirectExecutorService.execute(MoreExecutors.java:299)
	at java.util.concurrent.AbstractExecutorService.submit(AbstractExecutorService.java:112)
	at jersey.repackaged.com.google.common.util.concurrent.AbstractListeningExecutorService.submit(AbstractListeningExecutorService.java:50)
	at jersey.repackaged.com.google.common.util.concurrent.AbstractListeningExecutorService.submit(AbstractListeningExecutorService.java:37)
	at org.glassfish.jersey.apache.connector.ApacheConnector.apply(ApacheConnector.java:487)
	at org.glassfish.jersey.client.ClientRuntime$2.run(ClientRuntime.java:178)
	at org.glassfish.jersey.internal.Errors$1.call(Errors.java:271)
	at org.glassfish.jersey.internal.Errors$1.call(Errors.java:267)
	at org.glassfish.jersey.internal.Errors.process(Errors.java:315)
	at org.glassfish.jersey.internal.Errors.process(Errors.java:297)
	at org.glassfish.jersey.internal.Errors.process(Errors.java:267)
	at org.glassfish.jersey.process.internal.RequestScope.runInScope(RequestScope.java:340)
	at org.glassfish.jersey.client.ClientRuntime$3.run(ClientRuntime.java:210)
	at java.util.concurrent.Executors$RunnableAdapter.call(Executors.java:511)
	at java.util.concurrent.FutureTask.run(FutureTask.java:266)
	at java.util.concurrent.ThreadPoolExecutor.runWorker(ThreadPoolExecutor.java:1142)
	at java.util.concurrent.ThreadPoolExecutor$Worker.run(ThreadPoolExecutor.java:617)
	at java.lang.Thread.run(Thread.java:745)
Caused by: java.io.IOException: No such file or directory
	at jnr.unixsocket.UnixSocketChannel.doConnect(UnixSocketChannel.java:127)
	at jnr.unixsocket.UnixSocketChannel.connect(UnixSocketChannel.java:136)
	at jnr.unixsocket.UnixSocketChannel.connect(UnixSocketChannel.java:223)
	at com.spotify.docker.client.UnixConnectionSocketFactory.connectSocket(UnixConnectionSocketFactory.java:85)
	at org.apache.http.impl.conn.DefaultHttpClientConnectionOperator.connect(DefaultHttpClientConnectionOperator.java:134)
	at org.apache.http.impl.conn.PoolingHttpClientConnectionManager.connect(PoolingHttpClientConnectionManager.java:353)
	at org.apache.http.impl.execchain.MainClientExec.establishRoute(MainClientExec.java:380)
	at org.apache.http.impl.execchain.MainClientExec.execute(MainClientExec.java:236)
	at org.apache.http.impl.execchain.ProtocolExec.execute(ProtocolExec.java:184)
	at org.apache.http.impl.execchain.RetryExec.execute(RetryExec.java:88)
	at org.apache.http.impl.execchain.RedirectExec.execute(RedirectExec.java:110)
	at org.apache.http.impl.client.InternalHttpClient.doExecute(InternalHttpClient.java:184)
	at org.apache.http.impl.client.CloseableHttpClient.execute(CloseableHttpClient.java:71)
	at org.glassfish.jersey.apache.connector.ApacheConnector.apply(ApacheConnector.java:435)
	... 21 more
</error>
    <system-err>Jun 02, 2018 7:44:38 AM org.apache.http.impl.execchain.RetryExec execute
INFO: I/O exception (java.io.IOException) caught when processing request to {}-&gt;unix://localhost:80: No such file or directory
Jun 02, 2018 7:44:38 AM org.apache.http.impl.execchain.RetryExec execute
INFO: Retrying request to {}-&gt;unix://localhost:80
Jun 02, 2018 7:44:38 AM org.apache.http.impl.execchain.RetryExec execute
INFO: I/O exception (java.io.IOException) caught when processing request to {}-&gt;unix://localhost:80: No such file or directory
Jun 02, 2018 7:44:38 AM org.apache.http.impl.execchain.RetryExec execute
INFO: Retrying request to {}-&gt;unix://localhost:80
Jun 02, 2018 7:44:38 AM org.apache.http.impl.execchain.RetryExec execute
INFO: I/O exception (java.io.IOException) caught when processing request to {}-&gt;unix://localhost:80: No such file or directory
Jun 02, 2018 7:44:38 AM org.apache.http.impl.execchain.RetryExec execute
INFO: Retrying request to {}-&gt;unix://localhost:80
</system-err>
  </testcase>
  <testcase classname="com.spotify.docker.client.DefaultDockerClientTest" name="testRenameContainer" time="0.026">
    <error type="java.lang.NullPointerException">java.lang.NullPointerException
	at com.spotify.docker.client.VersionCompare.compareVersion(VersionCompare.java:45)
	at com.spotify.docker.client.DefaultDockerClientTest.dockerApiVersionAtLeast(DefaultDockerClientTest.java:404)
	at com.spotify.docker.client.DefaultDockerClientTest.tearDown(DefaultDockerClientTest.java:356)
	at sun.reflect.GeneratedMethodAccessor11.invoke(Unknown Source)
	at sun.reflect.DelegatingMethodAccessorImpl.invoke(DelegatingMethodAccessorImpl.java:43)
	at java.lang.reflect.Method.invoke(Method.java:498)
	at org.junit.runners.model.FrameworkMethod$1.runReflectiveCall(FrameworkMethod.java:50)
	at org.junit.internal.runners.model.ReflectiveCallable.run(ReflectiveCallable.java:12)
	at org.junit.runners.model.FrameworkMethod.invokeExplosively(FrameworkMethod.java:47)
	at org.junit.internal.runners.statements.RunAfters.evaluate(RunAfters.java:33)
	at org.junit.rules.ExpectedException$ExpectedExceptionStatement.evaluate(ExpectedException.java:239)
	at org.junit.rules.TestWatcher$1.evaluate(TestWatcher.java:55)
	at org.junit.rules.RunRules.evaluate(RunRules.java:20)
	at org.junit.runners.ParentRunner.runLeaf(ParentRunner.java:325)
	at org.junit.runners.BlockJUnit4ClassRunner.runChild(BlockJUnit4ClassRunner.java:78)
	at org.junit.runners.BlockJUnit4ClassRunner.runChild(BlockJUnit4ClassRunner.java:57)
	at org.junit.runners.ParentRunner$3.run(ParentRunner.java:290)
	at org.junit.runners.ParentRunner$1.schedule(ParentRunner.java:71)
	at org.junit.runners.ParentRunner.runChildren(ParentRunner.java:288)
	at org.junit.runners.ParentRunner.access$000(ParentRunner.java:58)
	at org.junit.runners.ParentRunner$2.evaluate(ParentRunner.java:268)
	at org.junit.runners.ParentRunner.run(ParentRunner.java:363)
	at org.apache.maven.surefire.junit4.JUnit4Provider.execute(JUnit4Provider.java:252)
	at org.apache.maven.surefire.junit4.JUnit4Provider.executeTestSet(JUnit4Provider.java:141)
	at org.apache.maven.surefire.junit4.JUnit4Provider.invoke(JUnit4Provider.java:112)
	at sun.reflect.NativeMethodAccessorImpl.invoke0(Native Method)
	at sun.reflect.NativeMethodAccessorImpl.invoke(NativeMethodAccessorImpl.java:62)
	at sun.reflect.DelegatingMethodAccessorImpl.invoke(DelegatingMethodAccessorImpl.java:43)
	at java.lang.reflect.Method.invoke(Method.java:498)
	at org.apache.maven.surefire.util.ReflectionUtils.invokeMethodWithArray(ReflectionUtils.java:189)
	at org.apache.maven.surefire.booter.ProviderFactory$ProviderProxy.invoke(ProviderFactory.java:165)
	at org.apache.maven.surefire.booter.ProviderFactory.invokeProvider(ProviderFactory.java:85)
	at org.apache.maven.surefire.booter.ForkedBooter.runSuitesInProcess(ForkedBooter.java:115)
	at org.apache.maven.surefire.booter.ForkedBooter.main(ForkedBooter.java:75)
</error>
  </testcase>
  <testcase classname="com.spotify.docker.client.DefaultDockerClientTest" name="testRestartOnFailure" time="0.03">
    <error message="java.util.concurrent.ExecutionException: javax.ws.rs.ProcessingException: java.io.IOException: No such file or directory" type="com.spotify.docker.client.exceptions.DockerException">com.spotify.docker.client.exceptions.DockerException: java.util.concurrent.ExecutionException: javax.ws.rs.ProcessingException: java.io.IOException: No such file or directory
	at com.spotify.docker.client.DefaultDockerClient.propagate(DefaultDockerClient.java:2812)
	at com.spotify.docker.client.DefaultDockerClient.request(DefaultDockerClient.java:2676)
	at com.spotify.docker.client.DefaultDockerClient.version(DefaultDockerClient.java:572)
	at com.spotify.docker.client.DefaultDockerClientTest.setup(DefaultDockerClientTest.java:349)
	at sun.reflect.GeneratedMethodAccessor10.invoke(Unknown Source)
	at sun.reflect.DelegatingMethodAccessorImpl.invoke(DelegatingMethodAccessorImpl.java:43)
	at java.lang.reflect.Method.invoke(Method.java:498)
	at org.junit.runners.model.FrameworkMethod$1.runReflectiveCall(FrameworkMethod.java:50)
	at org.junit.internal.runners.model.ReflectiveCallable.run(ReflectiveCallable.java:12)
	at org.junit.runners.model.FrameworkMethod.invokeExplosively(FrameworkMethod.java:47)
	at org.junit.internal.runners.statements.RunBefores.evaluate(RunBefores.java:24)
	at org.junit.internal.runners.statements.RunAfters.evaluate(RunAfters.java:27)
	at org.junit.rules.ExpectedException$ExpectedExceptionStatement.evaluate(ExpectedException.java:239)
	at org.junit.rules.TestWatcher$1.evaluate(TestWatcher.java:55)
	at org.junit.rules.RunRules.evaluate(RunRules.java:20)
	at org.junit.runners.ParentRunner.runLeaf(ParentRunner.java:325)
	at org.junit.runners.BlockJUnit4ClassRunner.runChild(BlockJUnit4ClassRunner.java:78)
	at org.junit.runners.BlockJUnit4ClassRunner.runChild(BlockJUnit4ClassRunner.java:57)
	at org.junit.runners.ParentRunner$3.run(ParentRunner.java:290)
	at org.junit.runners.ParentRunner$1.schedule(ParentRunner.java:71)
	at org.junit.runners.ParentRunner.runChildren(ParentRunner.java:288)
	at org.junit.runners.ParentRunner.access$000(ParentRunner.java:58)
	at org.junit.runners.ParentRunner$2.evaluate(ParentRunner.java:268)
	at org.junit.runners.ParentRunner.run(ParentRunner.java:363)
	at org.apache.maven.surefire.junit4.JUnit4Provider.execute(JUnit4Provider.java:252)
	at org.apache.maven.surefire.junit4.JUnit4Provider.executeTestSet(JUnit4Provider.java:141)
	at org.apache.maven.surefire.junit4.JUnit4Provider.invoke(JUnit4Provider.java:112)
	at sun.reflect.NativeMethodAccessorImpl.invoke0(Native Method)
	at sun.reflect.NativeMethodAccessorImpl.invoke(NativeMethodAccessorImpl.java:62)
	at sun.reflect.DelegatingMethodAccessorImpl.invoke(DelegatingMethodAccessorImpl.java:43)
	at java.lang.reflect.Method.invoke(Method.java:498)
	at org.apache.maven.surefire.util.ReflectionUtils.invokeMethodWithArray(ReflectionUtils.java:189)
	at org.apache.maven.surefire.booter.ProviderFactory$ProviderProxy.invoke(ProviderFactory.java:165)
	at org.apache.maven.surefire.booter.ProviderFactory.invokeProvider(ProviderFactory.java:85)
	at org.apache.maven.surefire.booter.ForkedBooter.runSuitesInProcess(ForkedBooter.java:115)
	at org.apache.maven.surefire.booter.ForkedBooter.main(ForkedBooter.java:75)
Caused by: java.util.concurrent.ExecutionException: javax.ws.rs.ProcessingException: java.io.IOException: No such file or directory
	at jersey.repackaged.com.google.common.util.concurrent.AbstractFuture$Sync.getValue(AbstractFuture.java:299)
	at jersey.repackaged.com.google.common.util.concurrent.AbstractFuture$Sync.get(AbstractFuture.java:286)
	at jersey.repackaged.com.google.common.util.concurrent.AbstractFuture.get(AbstractFuture.java:116)
	at com.spotify.docker.client.DefaultDockerClient.request(DefaultDockerClient.java:2674)
	... 34 more
Caused by: javax.ws.rs.ProcessingException: java.io.IOException: No such file or directory
	at org.glassfish.jersey.apache.connector.ApacheConnector.apply(ApacheConnector.java:481)
	at org.glassfish.jersey.apache.connector.ApacheConnector$1.run(ApacheConnector.java:491)
	at java.util.concurrent.Executors$RunnableAdapter.call(Executors.java:511)
	at java.util.concurrent.FutureTask.run(FutureTask.java:266)
	at jersey.repackaged.com.google.common.util.concurrent.MoreExecutors$DirectExecutorService.execute(MoreExecutors.java:299)
	at java.util.concurrent.AbstractExecutorService.submit(AbstractExecutorService.java:112)
	at jersey.repackaged.com.google.common.util.concurrent.AbstractListeningExecutorService.submit(AbstractListeningExecutorService.java:50)
	at jersey.repackaged.com.google.common.util.concurrent.AbstractListeningExecutorService.submit(AbstractListeningExecutorService.java:37)
	at org.glassfish.jersey.apache.connector.ApacheConnector.apply(ApacheConnector.java:487)
	at org.glassfish.jersey.client.ClientRuntime$2.run(ClientRuntime.java:178)
	at org.glassfish.jersey.internal.Errors$1.call(Errors.java:271)
	at org.glassfish.jersey.internal.Errors$1.call(Errors.java:267)
	at org.glassfish.jersey.internal.Errors.process(Errors.java:315)
	at org.glassfish.jersey.internal.Errors.process(Errors.java:297)
	at org.glassfish.jersey.internal.Errors.process(Errors.java:267)
	at org.glassfish.jersey.process.internal.RequestScope.runInScope(RequestScope.java:340)
	at org.glassfish.jersey.client.ClientRuntime$3.run(ClientRuntime.java:210)
	at java.util.concurrent.Executors$RunnableAdapter.call(Executors.java:511)
	at java.util.concurrent.FutureTask.run(FutureTask.java:266)
	at java.util.concurrent.ThreadPoolExecutor.runWorker(ThreadPoolExecutor.java:1142)
	at java.util.concurrent.ThreadPoolExecutor$Worker.run(ThreadPoolExecutor.java:617)
	at java.lang.Thread.run(Thread.java:745)
Caused by: java.io.IOException: No such file or directory
	at jnr.unixsocket.UnixSocketChannel.doConnect(UnixSocketChannel.java:127)
	at jnr.unixsocket.UnixSocketChannel.connect(UnixSocketChannel.java:136)
	at jnr.unixsocket.UnixSocketChannel.connect(UnixSocketChannel.java:223)
	at com.spotify.docker.client.UnixConnectionSocketFactory.connectSocket(UnixConnectionSocketFactory.java:85)
	at org.apache.http.impl.conn.DefaultHttpClientConnectionOperator.connect(DefaultHttpClientConnectionOperator.java:134)
	at org.apache.http.impl.conn.PoolingHttpClientConnectionManager.connect(PoolingHttpClientConnectionManager.java:353)
	at org.apache.http.impl.execchain.MainClientExec.establishRoute(MainClientExec.java:380)
	at org.apache.http.impl.execchain.MainClientExec.execute(MainClientExec.java:236)
	at org.apache.http.impl.execchain.ProtocolExec.execute(ProtocolExec.java:184)
	at org.apache.http.impl.execchain.RetryExec.execute(RetryExec.java:88)
	at org.apache.http.impl.execchain.RedirectExec.execute(RedirectExec.java:110)
	at org.apache.http.impl.client.InternalHttpClient.doExecute(InternalHttpClient.java:184)
	at org.apache.http.impl.client.CloseableHttpClient.execute(CloseableHttpClient.java:71)
	at org.glassfish.jersey.apache.connector.ApacheConnector.apply(ApacheConnector.java:435)
	... 21 more
</error>
    <system-err>Jun 02, 2018 7:44:38 AM org.apache.http.impl.execchain.RetryExec execute
INFO: I/O exception (java.io.IOException) caught when processing request to {}-&gt;unix://localhost:80: No such file or directory
Jun 02, 2018 7:44:38 AM org.apache.http.impl.execchain.RetryExec execute
INFO: Retrying request to {}-&gt;unix://localhost:80
Jun 02, 2018 7:44:38 AM org.apache.http.impl.execchain.RetryExec execute
INFO: I/O exception (java.io.IOException) caught when processing request to {}-&gt;unix://localhost:80: No such file or directory
Jun 02, 2018 7:44:38 AM org.apache.http.impl.execchain.RetryExec execute
INFO: Retrying request to {}-&gt;unix://localhost:80
Jun 02, 2018 7:44:38 AM org.apache.http.impl.execchain.RetryExec execute
INFO: I/O exception (java.io.IOException) caught when processing request to {}-&gt;unix://localhost:80: No such file or directory
Jun 02, 2018 7:44:38 AM org.apache.http.impl.execchain.RetryExec execute
INFO: Retrying request to {}-&gt;unix://localhost:80
</system-err>
  </testcase>
  <testcase classname="com.spotify.docker.client.DefaultDockerClientTest" name="testRestartOnFailure" time="0.03">
    <error type="java.lang.NullPointerException">java.lang.NullPointerException
	at com.spotify.docker.client.VersionCompare.compareVersion(VersionCompare.java:45)
	at com.spotify.docker.client.DefaultDockerClientTest.dockerApiVersionAtLeast(DefaultDockerClientTest.java:404)
	at com.spotify.docker.client.DefaultDockerClientTest.tearDown(DefaultDockerClientTest.java:356)
	at sun.reflect.GeneratedMethodAccessor11.invoke(Unknown Source)
	at sun.reflect.DelegatingMethodAccessorImpl.invoke(DelegatingMethodAccessorImpl.java:43)
	at java.lang.reflect.Method.invoke(Method.java:498)
	at org.junit.runners.model.FrameworkMethod$1.runReflectiveCall(FrameworkMethod.java:50)
	at org.junit.internal.runners.model.ReflectiveCallable.run(ReflectiveCallable.java:12)
	at org.junit.runners.model.FrameworkMethod.invokeExplosively(FrameworkMethod.java:47)
	at org.junit.internal.runners.statements.RunAfters.evaluate(RunAfters.java:33)
	at org.junit.rules.ExpectedException$ExpectedExceptionStatement.evaluate(ExpectedException.java:239)
	at org.junit.rules.TestWatcher$1.evaluate(TestWatcher.java:55)
	at org.junit.rules.RunRules.evaluate(RunRules.java:20)
	at org.junit.runners.ParentRunner.runLeaf(ParentRunner.java:325)
	at org.junit.runners.BlockJUnit4ClassRunner.runChild(BlockJUnit4ClassRunner.java:78)
	at org.junit.runners.BlockJUnit4ClassRunner.runChild(BlockJUnit4ClassRunner.java:57)
	at org.junit.runners.ParentRunner$3.run(ParentRunner.java:290)
	at org.junit.runners.ParentRunner$1.schedule(ParentRunner.java:71)
	at org.junit.runners.ParentRunner.runChildren(ParentRunner.java:288)
	at org.junit.runners.ParentRunner.access$000(ParentRunner.java:58)
	at org.junit.runners.ParentRunner$2.evaluate(ParentRunner.java:268)
	at org.junit.runners.ParentRunner.run(ParentRunner.java:363)
	at org.apache.maven.surefire.junit4.JUnit4Provider.execute(JUnit4Provider.java:252)
	at org.apache.maven.surefire.junit4.JUnit4Provider.executeTestSet(JUnit4Provider.java:141)
	at org.apache.maven.surefire.junit4.JUnit4Provider.invoke(JUnit4Provider.java:112)
	at sun.reflect.NativeMethodAccessorImpl.invoke0(Native Method)
	at sun.reflect.NativeMethodAccessorImpl.invoke(NativeMethodAccessorImpl.java:62)
	at sun.reflect.DelegatingMethodAccessorImpl.invoke(DelegatingMethodAccessorImpl.java:43)
	at java.lang.reflect.Method.invoke(Method.java:498)
	at org.apache.maven.surefire.util.ReflectionUtils.invokeMethodWithArray(ReflectionUtils.java:189)
	at org.apache.maven.surefire.booter.ProviderFactory$ProviderProxy.invoke(ProviderFactory.java:165)
	at org.apache.maven.surefire.booter.ProviderFactory.invokeProvider(ProviderFactory.java:85)
	at org.apache.maven.surefire.booter.ForkedBooter.runSuitesInProcess(ForkedBooter.java:115)
	at org.apache.maven.surefire.booter.ForkedBooter.main(ForkedBooter.java:75)
</error>
  </testcase>
  <testcase classname="com.spotify.docker.client.DefaultDockerClientTest" name="testUnlockKey" time="0.034">
    <error message="java.util.concurrent.ExecutionException: javax.ws.rs.ProcessingException: java.io.IOException: No such file or directory" type="com.spotify.docker.client.exceptions.DockerException">com.spotify.docker.client.exceptions.DockerException: java.util.concurrent.ExecutionException: javax.ws.rs.ProcessingException: java.io.IOException: No such file or directory
	at com.spotify.docker.client.DefaultDockerClient.propagate(DefaultDockerClient.java:2812)
	at com.spotify.docker.client.DefaultDockerClient.request(DefaultDockerClient.java:2676)
	at com.spotify.docker.client.DefaultDockerClient.version(DefaultDockerClient.java:572)
	at com.spotify.docker.client.DefaultDockerClientTest.setup(DefaultDockerClientTest.java:349)
	at sun.reflect.GeneratedMethodAccessor10.invoke(Unknown Source)
	at sun.reflect.DelegatingMethodAccessorImpl.invoke(DelegatingMethodAccessorImpl.java:43)
	at java.lang.reflect.Method.invoke(Method.java:498)
	at org.junit.runners.model.FrameworkMethod$1.runReflectiveCall(FrameworkMethod.java:50)
	at org.junit.internal.runners.model.ReflectiveCallable.run(ReflectiveCallable.java:12)
	at org.junit.runners.model.FrameworkMethod.invokeExplosively(FrameworkMethod.java:47)
	at org.junit.internal.runners.statements.RunBefores.evaluate(RunBefores.java:24)
	at org.junit.internal.runners.statements.RunAfters.evaluate(RunAfters.java:27)
	at org.junit.rules.ExpectedException$ExpectedExceptionStatement.evaluate(ExpectedException.java:239)
	at org.junit.rules.TestWatcher$1.evaluate(TestWatcher.java:55)
	at org.junit.rules.RunRules.evaluate(RunRules.java:20)
	at org.junit.runners.ParentRunner.runLeaf(ParentRunner.java:325)
	at org.junit.runners.BlockJUnit4ClassRunner.runChild(BlockJUnit4ClassRunner.java:78)
	at org.junit.runners.BlockJUnit4ClassRunner.runChild(BlockJUnit4ClassRunner.java:57)
	at org.junit.runners.ParentRunner$3.run(ParentRunner.java:290)
	at org.junit.runners.ParentRunner$1.schedule(ParentRunner.java:71)
	at org.junit.runners.ParentRunner.runChildren(ParentRunner.java:288)
	at org.junit.runners.ParentRunner.access$000(ParentRunner.java:58)
	at org.junit.runners.ParentRunner$2.evaluate(ParentRunner.java:268)
	at org.junit.runners.ParentRunner.run(ParentRunner.java:363)
	at org.apache.maven.surefire.junit4.JUnit4Provider.execute(JUnit4Provider.java:252)
	at org.apache.maven.surefire.junit4.JUnit4Provider.executeTestSet(JUnit4Provider.java:141)
	at org.apache.maven.surefire.junit4.JUnit4Provider.invoke(JUnit4Provider.java:112)
	at sun.reflect.NativeMethodAccessorImpl.invoke0(Native Method)
	at sun.reflect.NativeMethodAccessorImpl.invoke(NativeMethodAccessorImpl.java:62)
	at sun.reflect.DelegatingMethodAccessorImpl.invoke(DelegatingMethodAccessorImpl.java:43)
	at java.lang.reflect.Method.invoke(Method.java:498)
	at org.apache.maven.surefire.util.ReflectionUtils.invokeMethodWithArray(ReflectionUtils.java:189)
	at org.apache.maven.surefire.booter.ProviderFactory$ProviderProxy.invoke(ProviderFactory.java:165)
	at org.apache.maven.surefire.booter.ProviderFactory.invokeProvider(ProviderFactory.java:85)
	at org.apache.maven.surefire.booter.ForkedBooter.runSuitesInProcess(ForkedBooter.java:115)
	at org.apache.maven.surefire.booter.ForkedBooter.main(ForkedBooter.java:75)
Caused by: java.util.concurrent.ExecutionException: javax.ws.rs.ProcessingException: java.io.IOException: No such file or directory
	at jersey.repackaged.com.google.common.util.concurrent.AbstractFuture$Sync.getValue(AbstractFuture.java:299)
	at jersey.repackaged.com.google.common.util.concurrent.AbstractFuture$Sync.get(AbstractFuture.java:286)
	at jersey.repackaged.com.google.common.util.concurrent.AbstractFuture.get(AbstractFuture.java:116)
	at com.spotify.docker.client.DefaultDockerClient.request(DefaultDockerClient.java:2674)
	... 34 more
Caused by: javax.ws.rs.ProcessingException: java.io.IOException: No such file or directory
	at org.glassfish.jersey.apache.connector.ApacheConnector.apply(ApacheConnector.java:481)
	at org.glassfish.jersey.apache.connector.ApacheConnector$1.run(ApacheConnector.java:491)
	at java.util.concurrent.Executors$RunnableAdapter.call(Executors.java:511)
	at java.util.concurrent.FutureTask.run(FutureTask.java:266)
	at jersey.repackaged.com.google.common.util.concurrent.MoreExecutors$DirectExecutorService.execute(MoreExecutors.java:299)
	at java.util.concurrent.AbstractExecutorService.submit(AbstractExecutorService.java:112)
	at jersey.repackaged.com.google.common.util.concurrent.AbstractListeningExecutorService.submit(AbstractListeningExecutorService.java:50)
	at jersey.repackaged.com.google.common.util.concurrent.AbstractListeningExecutorService.submit(AbstractListeningExecutorService.java:37)
	at org.glassfish.jersey.apache.connector.ApacheConnector.apply(ApacheConnector.java:487)
	at org.glassfish.jersey.client.ClientRuntime$2.run(ClientRuntime.java:178)
	at org.glassfish.jersey.internal.Errors$1.call(Errors.java:271)
	at org.glassfish.jersey.internal.Errors$1.call(Errors.java:267)
	at org.glassfish.jersey.internal.Errors.process(Errors.java:315)
	at org.glassfish.jersey.internal.Errors.process(Errors.java:297)
	at org.glassfish.jersey.internal.Errors.process(Errors.java:267)
	at org.glassfish.jersey.process.internal.RequestScope.runInScope(RequestScope.java:340)
	at org.glassfish.jersey.client.ClientRuntime$3.run(ClientRuntime.java:210)
	at java.util.concurrent.Executors$RunnableAdapter.call(Executors.java:511)
	at java.util.concurrent.FutureTask.run(FutureTask.java:266)
	at java.util.concurrent.ThreadPoolExecutor.runWorker(ThreadPoolExecutor.java:1142)
	at java.util.concurrent.ThreadPoolExecutor$Worker.run(ThreadPoolExecutor.java:617)
	at java.lang.Thread.run(Thread.java:745)
Caused by: java.io.IOException: No such file or directory
	at jnr.unixsocket.UnixSocketChannel.doConnect(UnixSocketChannel.java:127)
	at jnr.unixsocket.UnixSocketChannel.connect(UnixSocketChannel.java:136)
	at jnr.unixsocket.UnixSocketChannel.connect(UnixSocketChannel.java:223)
	at com.spotify.docker.client.UnixConnectionSocketFactory.connectSocket(UnixConnectionSocketFactory.java:85)
	at org.apache.http.impl.conn.DefaultHttpClientConnectionOperator.connect(DefaultHttpClientConnectionOperator.java:134)
	at org.apache.http.impl.conn.PoolingHttpClientConnectionManager.connect(PoolingHttpClientConnectionManager.java:353)
	at org.apache.http.impl.execchain.MainClientExec.establishRoute(MainClientExec.java:380)
	at org.apache.http.impl.execchain.MainClientExec.execute(MainClientExec.java:236)
	at org.apache.http.impl.execchain.ProtocolExec.execute(ProtocolExec.java:184)
	at org.apache.http.impl.execchain.RetryExec.execute(RetryExec.java:88)
	at org.apache.http.impl.execchain.RedirectExec.execute(RedirectExec.java:110)
	at org.apache.http.impl.client.InternalHttpClient.doExecute(InternalHttpClient.java:184)
	at org.apache.http.impl.client.CloseableHttpClient.execute(CloseableHttpClient.java:71)
	at org.glassfish.jersey.apache.connector.ApacheConnector.apply(ApacheConnector.java:435)
	... 21 more
</error>
    <system-err>Jun 02, 2018 7:44:38 AM org.apache.http.impl.execchain.RetryExec execute
INFO: I/O exception (java.io.IOException) caught when processing request to {}-&gt;unix://localhost:80: No such file or directory
Jun 02, 2018 7:44:38 AM org.apache.http.impl.execchain.RetryExec execute
INFO: Retrying request to {}-&gt;unix://localhost:80
Jun 02, 2018 7:44:38 AM org.apache.http.impl.execchain.RetryExec execute
INFO: I/O exception (java.io.IOException) caught when processing request to {}-&gt;unix://localhost:80: No such file or directory
Jun 02, 2018 7:44:38 AM org.apache.http.impl.execchain.RetryExec execute
INFO: Retrying request to {}-&gt;unix://localhost:80
Jun 02, 2018 7:44:38 AM org.apache.http.impl.execchain.RetryExec execute
INFO: I/O exception (java.io.IOException) caught when processing request to {}-&gt;unix://localhost:80: No such file or directory
Jun 02, 2018 7:44:38 AM org.apache.http.impl.execchain.RetryExec execute
INFO: Retrying request to {}-&gt;unix://localhost:80
</system-err>
  </testcase>
  <testcase classname="com.spotify.docker.client.DefaultDockerClientTest" name="testUnlockKey" time="0.035">
    <error type="java.lang.NullPointerException">java.lang.NullPointerException
	at com.spotify.docker.client.VersionCompare.compareVersion(VersionCompare.java:45)
	at com.spotify.docker.client.DefaultDockerClientTest.dockerApiVersionAtLeast(DefaultDockerClientTest.java:404)
	at com.spotify.docker.client.DefaultDockerClientTest.tearDown(DefaultDockerClientTest.java:356)
	at sun.reflect.GeneratedMethodAccessor11.invoke(Unknown Source)
	at sun.reflect.DelegatingMethodAccessorImpl.invoke(DelegatingMethodAccessorImpl.java:43)
	at java.lang.reflect.Method.invoke(Method.java:498)
	at org.junit.runners.model.FrameworkMethod$1.runReflectiveCall(FrameworkMethod.java:50)
	at org.junit.internal.runners.model.ReflectiveCallable.run(ReflectiveCallable.java:12)
	at org.junit.runners.model.FrameworkMethod.invokeExplosively(FrameworkMethod.java:47)
	at org.junit.internal.runners.statements.RunAfters.evaluate(RunAfters.java:33)
	at org.junit.rules.ExpectedException$ExpectedExceptionStatement.evaluate(ExpectedException.java:239)
	at org.junit.rules.TestWatcher$1.evaluate(TestWatcher.java:55)
	at org.junit.rules.RunRules.evaluate(RunRules.java:20)
	at org.junit.runners.ParentRunner.runLeaf(ParentRunner.java:325)
	at org.junit.runners.BlockJUnit4ClassRunner.runChild(BlockJUnit4ClassRunner.java:78)
	at org.junit.runners.BlockJUnit4ClassRunner.runChild(BlockJUnit4ClassRunner.java:57)
	at org.junit.runners.ParentRunner$3.run(ParentRunner.java:290)
	at org.junit.runners.ParentRunner$1.schedule(ParentRunner.java:71)
	at org.junit.runners.ParentRunner.runChildren(ParentRunner.java:288)
	at org.junit.runners.ParentRunner.access$000(ParentRunner.java:58)
	at org.junit.runners.ParentRunner$2.evaluate(ParentRunner.java:268)
	at org.junit.runners.ParentRunner.run(ParentRunner.java:363)
	at org.apache.maven.surefire.junit4.JUnit4Provider.execute(JUnit4Provider.java:252)
	at org.apache.maven.surefire.junit4.JUnit4Provider.executeTestSet(JUnit4Provider.java:141)
	at org.apache.maven.surefire.junit4.JUnit4Provider.invoke(JUnit4Provider.java:112)
	at sun.reflect.NativeMethodAccessorImpl.invoke0(Native Method)
	at sun.reflect.NativeMethodAccessorImpl.invoke(NativeMethodAccessorImpl.java:62)
	at sun.reflect.DelegatingMethodAccessorImpl.invoke(DelegatingMethodAccessorImpl.java:43)
	at java.lang.reflect.Method.invoke(Method.java:498)
	at org.apache.maven.surefire.util.ReflectionUtils.invokeMethodWithArray(ReflectionUtils.java:189)
	at org.apache.maven.surefire.booter.ProviderFactory$ProviderProxy.invoke(ProviderFactory.java:165)
	at org.apache.maven.surefire.booter.ProviderFactory.invokeProvider(ProviderFactory.java:85)
	at org.apache.maven.surefire.booter.ForkedBooter.runSuitesInProcess(ForkedBooter.java:115)
	at org.apache.maven.surefire.booter.ForkedBooter.main(ForkedBooter.java:75)
</error>
  </testcase>
  <testcase classname="com.spotify.docker.client.DefaultDockerClientTest" name="testLogsTail" time="0.031">
    <error message="java.util.concurrent.ExecutionException: javax.ws.rs.ProcessingException: java.io.IOException: No such file or directory" type="com.spotify.docker.client.exceptions.DockerException">com.spotify.docker.client.exceptions.DockerException: java.util.concurrent.ExecutionException: javax.ws.rs.ProcessingException: java.io.IOException: No such file or directory
	at com.spotify.docker.client.DefaultDockerClient.propagate(DefaultDockerClient.java:2812)
	at com.spotify.docker.client.DefaultDockerClient.request(DefaultDockerClient.java:2676)
	at com.spotify.docker.client.DefaultDockerClient.version(DefaultDockerClient.java:572)
	at com.spotify.docker.client.DefaultDockerClientTest.setup(DefaultDockerClientTest.java:349)
	at sun.reflect.GeneratedMethodAccessor10.invoke(Unknown Source)
	at sun.reflect.DelegatingMethodAccessorImpl.invoke(DelegatingMethodAccessorImpl.java:43)
	at java.lang.reflect.Method.invoke(Method.java:498)
	at org.junit.runners.model.FrameworkMethod$1.runReflectiveCall(FrameworkMethod.java:50)
	at org.junit.internal.runners.model.ReflectiveCallable.run(ReflectiveCallable.java:12)
	at org.junit.runners.model.FrameworkMethod.invokeExplosively(FrameworkMethod.java:47)
	at org.junit.internal.runners.statements.RunBefores.evaluate(RunBefores.java:24)
	at org.junit.internal.runners.statements.RunAfters.evaluate(RunAfters.java:27)
	at org.junit.rules.ExpectedException$ExpectedExceptionStatement.evaluate(ExpectedException.java:239)
	at org.junit.rules.TestWatcher$1.evaluate(TestWatcher.java:55)
	at org.junit.rules.RunRules.evaluate(RunRules.java:20)
	at org.junit.runners.ParentRunner.runLeaf(ParentRunner.java:325)
	at org.junit.runners.BlockJUnit4ClassRunner.runChild(BlockJUnit4ClassRunner.java:78)
	at org.junit.runners.BlockJUnit4ClassRunner.runChild(BlockJUnit4ClassRunner.java:57)
	at org.junit.runners.ParentRunner$3.run(ParentRunner.java:290)
	at org.junit.runners.ParentRunner$1.schedule(ParentRunner.java:71)
	at org.junit.runners.ParentRunner.runChildren(ParentRunner.java:288)
	at org.junit.runners.ParentRunner.access$000(ParentRunner.java:58)
	at org.junit.runners.ParentRunner$2.evaluate(ParentRunner.java:268)
	at org.junit.runners.ParentRunner.run(ParentRunner.java:363)
	at org.apache.maven.surefire.junit4.JUnit4Provider.execute(JUnit4Provider.java:252)
	at org.apache.maven.surefire.junit4.JUnit4Provider.executeTestSet(JUnit4Provider.java:141)
	at org.apache.maven.surefire.junit4.JUnit4Provider.invoke(JUnit4Provider.java:112)
	at sun.reflect.NativeMethodAccessorImpl.invoke0(Native Method)
	at sun.reflect.NativeMethodAccessorImpl.invoke(NativeMethodAccessorImpl.java:62)
	at sun.reflect.DelegatingMethodAccessorImpl.invoke(DelegatingMethodAccessorImpl.java:43)
	at java.lang.reflect.Method.invoke(Method.java:498)
	at org.apache.maven.surefire.util.ReflectionUtils.invokeMethodWithArray(ReflectionUtils.java:189)
	at org.apache.maven.surefire.booter.ProviderFactory$ProviderProxy.invoke(ProviderFactory.java:165)
	at org.apache.maven.surefire.booter.ProviderFactory.invokeProvider(ProviderFactory.java:85)
	at org.apache.maven.surefire.booter.ForkedBooter.runSuitesInProcess(ForkedBooter.java:115)
	at org.apache.maven.surefire.booter.ForkedBooter.main(ForkedBooter.java:75)
Caused by: java.util.concurrent.ExecutionException: javax.ws.rs.ProcessingException: java.io.IOException: No such file or directory
	at jersey.repackaged.com.google.common.util.concurrent.AbstractFuture$Sync.getValue(AbstractFuture.java:299)
	at jersey.repackaged.com.google.common.util.concurrent.AbstractFuture$Sync.get(AbstractFuture.java:286)
	at jersey.repackaged.com.google.common.util.concurrent.AbstractFuture.get(AbstractFuture.java:116)
	at com.spotify.docker.client.DefaultDockerClient.request(DefaultDockerClient.java:2674)
	... 34 more
Caused by: javax.ws.rs.ProcessingException: java.io.IOException: No such file or directory
	at org.glassfish.jersey.apache.connector.ApacheConnector.apply(ApacheConnector.java:481)
	at org.glassfish.jersey.apache.connector.ApacheConnector$1.run(ApacheConnector.java:491)
	at java.util.concurrent.Executors$RunnableAdapter.call(Executors.java:511)
	at java.util.concurrent.FutureTask.run(FutureTask.java:266)
	at jersey.repackaged.com.google.common.util.concurrent.MoreExecutors$DirectExecutorService.execute(MoreExecutors.java:299)
	at java.util.concurrent.AbstractExecutorService.submit(AbstractExecutorService.java:112)
	at jersey.repackaged.com.google.common.util.concurrent.AbstractListeningExecutorService.submit(AbstractListeningExecutorService.java:50)
	at jersey.repackaged.com.google.common.util.concurrent.AbstractListeningExecutorService.submit(AbstractListeningExecutorService.java:37)
	at org.glassfish.jersey.apache.connector.ApacheConnector.apply(ApacheConnector.java:487)
	at org.glassfish.jersey.client.ClientRuntime$2.run(ClientRuntime.java:178)
	at org.glassfish.jersey.internal.Errors$1.call(Errors.java:271)
	at org.glassfish.jersey.internal.Errors$1.call(Errors.java:267)
	at org.glassfish.jersey.internal.Errors.process(Errors.java:315)
	at org.glassfish.jersey.internal.Errors.process(Errors.java:297)
	at org.glassfish.jersey.internal.Errors.process(Errors.java:267)
	at org.glassfish.jersey.process.internal.RequestScope.runInScope(RequestScope.java:340)
	at org.glassfish.jersey.client.ClientRuntime$3.run(ClientRuntime.java:210)
	at java.util.concurrent.Executors$RunnableAdapter.call(Executors.java:511)
	at java.util.concurrent.FutureTask.run(FutureTask.java:266)
	at java.util.concurrent.ThreadPoolExecutor.runWorker(ThreadPoolExecutor.java:1142)
	at java.util.concurrent.ThreadPoolExecutor$Worker.run(ThreadPoolExecutor.java:617)
	at java.lang.Thread.run(Thread.java:745)
Caused by: java.io.IOException: No such file or directory
	at jnr.unixsocket.UnixSocketChannel.doConnect(UnixSocketChannel.java:127)
	at jnr.unixsocket.UnixSocketChannel.connect(UnixSocketChannel.java:136)
	at jnr.unixsocket.UnixSocketChannel.connect(UnixSocketChannel.java:223)
	at com.spotify.docker.client.UnixConnectionSocketFactory.connectSocket(UnixConnectionSocketFactory.java:85)
	at org.apache.http.impl.conn.DefaultHttpClientConnectionOperator.connect(DefaultHttpClientConnectionOperator.java:134)
	at org.apache.http.impl.conn.PoolingHttpClientConnectionManager.connect(PoolingHttpClientConnectionManager.java:353)
	at org.apache.http.impl.execchain.MainClientExec.establishRoute(MainClientExec.java:380)
	at org.apache.http.impl.execchain.MainClientExec.execute(MainClientExec.java:236)
	at org.apache.http.impl.execchain.ProtocolExec.execute(ProtocolExec.java:184)
	at org.apache.http.impl.execchain.RetryExec.execute(RetryExec.java:88)
	at org.apache.http.impl.execchain.RedirectExec.execute(RedirectExec.java:110)
	at org.apache.http.impl.client.InternalHttpClient.doExecute(InternalHttpClient.java:184)
	at org.apache.http.impl.client.CloseableHttpClient.execute(CloseableHttpClient.java:71)
	at org.glassfish.jersey.apache.connector.ApacheConnector.apply(ApacheConnector.java:435)
	... 21 more
</error>
    <system-err>Jun 02, 2018 7:44:39 AM org.apache.http.impl.execchain.RetryExec execute
INFO: I/O exception (java.io.IOException) caught when processing request to {}-&gt;unix://localhost:80: No such file or directory
Jun 02, 2018 7:44:39 AM org.apache.http.impl.execchain.RetryExec execute
INFO: Retrying request to {}-&gt;unix://localhost:80
Jun 02, 2018 7:44:39 AM org.apache.http.impl.execchain.RetryExec execute
INFO: I/O exception (java.io.IOException) caught when processing request to {}-&gt;unix://localhost:80: No such file or directory
Jun 02, 2018 7:44:39 AM org.apache.http.impl.execchain.RetryExec execute
INFO: Retrying request to {}-&gt;unix://localhost:80
Jun 02, 2018 7:44:39 AM org.apache.http.impl.execchain.RetryExec execute
INFO: I/O exception (java.io.IOException) caught when processing request to {}-&gt;unix://localhost:80: No such file or directory
Jun 02, 2018 7:44:39 AM org.apache.http.impl.execchain.RetryExec execute
INFO: Retrying request to {}-&gt;unix://localhost:80
</system-err>
  </testcase>
  <testcase classname="com.spotify.docker.client.DefaultDockerClientTest" name="testLogsTail" time="0.031">
    <error type="java.lang.NullPointerException">java.lang.NullPointerException
	at com.spotify.docker.client.VersionCompare.compareVersion(VersionCompare.java:45)
	at com.spotify.docker.client.DefaultDockerClientTest.dockerApiVersionAtLeast(DefaultDockerClientTest.java:404)
	at com.spotify.docker.client.DefaultDockerClientTest.tearDown(DefaultDockerClientTest.java:356)
	at sun.reflect.GeneratedMethodAccessor11.invoke(Unknown Source)
	at sun.reflect.DelegatingMethodAccessorImpl.invoke(DelegatingMethodAccessorImpl.java:43)
	at java.lang.reflect.Method.invoke(Method.java:498)
	at org.junit.runners.model.FrameworkMethod$1.runReflectiveCall(FrameworkMethod.java:50)
	at org.junit.internal.runners.model.ReflectiveCallable.run(ReflectiveCallable.java:12)
	at org.junit.runners.model.FrameworkMethod.invokeExplosively(FrameworkMethod.java:47)
	at org.junit.internal.runners.statements.RunAfters.evaluate(RunAfters.java:33)
	at org.junit.rules.ExpectedException$ExpectedExceptionStatement.evaluate(ExpectedException.java:239)
	at org.junit.rules.TestWatcher$1.evaluate(TestWatcher.java:55)
	at org.junit.rules.RunRules.evaluate(RunRules.java:20)
	at org.junit.runners.ParentRunner.runLeaf(ParentRunner.java:325)
	at org.junit.runners.BlockJUnit4ClassRunner.runChild(BlockJUnit4ClassRunner.java:78)
	at org.junit.runners.BlockJUnit4ClassRunner.runChild(BlockJUnit4ClassRunner.java:57)
	at org.junit.runners.ParentRunner$3.run(ParentRunner.java:290)
	at org.junit.runners.ParentRunner$1.schedule(ParentRunner.java:71)
	at org.junit.runners.ParentRunner.runChildren(ParentRunner.java:288)
	at org.junit.runners.ParentRunner.access$000(ParentRunner.java:58)
	at org.junit.runners.ParentRunner$2.evaluate(ParentRunner.java:268)
	at org.junit.runners.ParentRunner.run(ParentRunner.java:363)
	at org.apache.maven.surefire.junit4.JUnit4Provider.execute(JUnit4Provider.java:252)
	at org.apache.maven.surefire.junit4.JUnit4Provider.executeTestSet(JUnit4Provider.java:141)
	at org.apache.maven.surefire.junit4.JUnit4Provider.invoke(JUnit4Provider.java:112)
	at sun.reflect.NativeMethodAccessorImpl.invoke0(Native Method)
	at sun.reflect.NativeMethodAccessorImpl.invoke(NativeMethodAccessorImpl.java:62)
	at sun.reflect.DelegatingMethodAccessorImpl.invoke(DelegatingMethodAccessorImpl.java:43)
	at java.lang.reflect.Method.invoke(Method.java:498)
	at org.apache.maven.surefire.util.ReflectionUtils.invokeMethodWithArray(ReflectionUtils.java:189)
	at org.apache.maven.surefire.booter.ProviderFactory$ProviderProxy.invoke(ProviderFactory.java:165)
	at org.apache.maven.surefire.booter.ProviderFactory.invokeProvider(ProviderFactory.java:85)
	at org.apache.maven.surefire.booter.ForkedBooter.runSuitesInProcess(ForkedBooter.java:115)
	at org.apache.maven.surefire.booter.ForkedBooter.main(ForkedBooter.java:75)
</error>
  </testcase>
  <testcase classname="com.spotify.docker.client.DefaultDockerClientTest" name="testCreateServiceWithWarnings" time="0.033">
    <error message="java.util.concurrent.ExecutionException: javax.ws.rs.ProcessingException: java.io.IOException: No such file or directory" type="com.spotify.docker.client.exceptions.DockerException">com.spotify.docker.client.exceptions.DockerException: java.util.concurrent.ExecutionException: javax.ws.rs.ProcessingException: java.io.IOException: No such file or directory
	at com.spotify.docker.client.DefaultDockerClient.propagate(DefaultDockerClient.java:2812)
	at com.spotify.docker.client.DefaultDockerClient.request(DefaultDockerClient.java:2676)
	at com.spotify.docker.client.DefaultDockerClient.version(DefaultDockerClient.java:572)
	at com.spotify.docker.client.DefaultDockerClientTest.setup(DefaultDockerClientTest.java:349)
	at sun.reflect.GeneratedMethodAccessor10.invoke(Unknown Source)
	at sun.reflect.DelegatingMethodAccessorImpl.invoke(DelegatingMethodAccessorImpl.java:43)
	at java.lang.reflect.Method.invoke(Method.java:498)
	at org.junit.runners.model.FrameworkMethod$1.runReflectiveCall(FrameworkMethod.java:50)
	at org.junit.internal.runners.model.ReflectiveCallable.run(ReflectiveCallable.java:12)
	at org.junit.runners.model.FrameworkMethod.invokeExplosively(FrameworkMethod.java:47)
	at org.junit.internal.runners.statements.RunBefores.evaluate(RunBefores.java:24)
	at org.junit.internal.runners.statements.RunAfters.evaluate(RunAfters.java:27)
	at org.junit.rules.ExpectedException$ExpectedExceptionStatement.evaluate(ExpectedException.java:239)
	at org.junit.rules.TestWatcher$1.evaluate(TestWatcher.java:55)
	at org.junit.rules.RunRules.evaluate(RunRules.java:20)
	at org.junit.runners.ParentRunner.runLeaf(ParentRunner.java:325)
	at org.junit.runners.BlockJUnit4ClassRunner.runChild(BlockJUnit4ClassRunner.java:78)
	at org.junit.runners.BlockJUnit4ClassRunner.runChild(BlockJUnit4ClassRunner.java:57)
	at org.junit.runners.ParentRunner$3.run(ParentRunner.java:290)
	at org.junit.runners.ParentRunner$1.schedule(ParentRunner.java:71)
	at org.junit.runners.ParentRunner.runChildren(ParentRunner.java:288)
	at org.junit.runners.ParentRunner.access$000(ParentRunner.java:58)
	at org.junit.runners.ParentRunner$2.evaluate(ParentRunner.java:268)
	at org.junit.runners.ParentRunner.run(ParentRunner.java:363)
	at org.apache.maven.surefire.junit4.JUnit4Provider.execute(JUnit4Provider.java:252)
	at org.apache.maven.surefire.junit4.JUnit4Provider.executeTestSet(JUnit4Provider.java:141)
	at org.apache.maven.surefire.junit4.JUnit4Provider.invoke(JUnit4Provider.java:112)
	at sun.reflect.NativeMethodAccessorImpl.invoke0(Native Method)
	at sun.reflect.NativeMethodAccessorImpl.invoke(NativeMethodAccessorImpl.java:62)
	at sun.reflect.DelegatingMethodAccessorImpl.invoke(DelegatingMethodAccessorImpl.java:43)
	at java.lang.reflect.Method.invoke(Method.java:498)
	at org.apache.maven.surefire.util.ReflectionUtils.invokeMethodWithArray(ReflectionUtils.java:189)
	at org.apache.maven.surefire.booter.ProviderFactory$ProviderProxy.invoke(ProviderFactory.java:165)
	at org.apache.maven.surefire.booter.ProviderFactory.invokeProvider(ProviderFactory.java:85)
	at org.apache.maven.surefire.booter.ForkedBooter.runSuitesInProcess(ForkedBooter.java:115)
	at org.apache.maven.surefire.booter.ForkedBooter.main(ForkedBooter.java:75)
Caused by: java.util.concurrent.ExecutionException: javax.ws.rs.ProcessingException: java.io.IOException: No such file or directory
	at jersey.repackaged.com.google.common.util.concurrent.AbstractFuture$Sync.getValue(AbstractFuture.java:299)
	at jersey.repackaged.com.google.common.util.concurrent.AbstractFuture$Sync.get(AbstractFuture.java:286)
	at jersey.repackaged.com.google.common.util.concurrent.AbstractFuture.get(AbstractFuture.java:116)
	at com.spotify.docker.client.DefaultDockerClient.request(DefaultDockerClient.java:2674)
	... 34 more
Caused by: javax.ws.rs.ProcessingException: java.io.IOException: No such file or directory
	at org.glassfish.jersey.apache.connector.ApacheConnector.apply(ApacheConnector.java:481)
	at org.glassfish.jersey.apache.connector.ApacheConnector$1.run(ApacheConnector.java:491)
	at java.util.concurrent.Executors$RunnableAdapter.call(Executors.java:511)
	at java.util.concurrent.FutureTask.run(FutureTask.java:266)
	at jersey.repackaged.com.google.common.util.concurrent.MoreExecutors$DirectExecutorService.execute(MoreExecutors.java:299)
	at java.util.concurrent.AbstractExecutorService.submit(AbstractExecutorService.java:112)
	at jersey.repackaged.com.google.common.util.concurrent.AbstractListeningExecutorService.submit(AbstractListeningExecutorService.java:50)
	at jersey.repackaged.com.google.common.util.concurrent.AbstractListeningExecutorService.submit(AbstractListeningExecutorService.java:37)
	at org.glassfish.jersey.apache.connector.ApacheConnector.apply(ApacheConnector.java:487)
	at org.glassfish.jersey.client.ClientRuntime$2.run(ClientRuntime.java:178)
	at org.glassfish.jersey.internal.Errors$1.call(Errors.java:271)
	at org.glassfish.jersey.internal.Errors$1.call(Errors.java:267)
	at org.glassfish.jersey.internal.Errors.process(Errors.java:315)
	at org.glassfish.jersey.internal.Errors.process(Errors.java:297)
	at org.glassfish.jersey.internal.Errors.process(Errors.java:267)
	at org.glassfish.jersey.process.internal.RequestScope.runInScope(RequestScope.java:340)
	at org.glassfish.jersey.client.ClientRuntime$3.run(ClientRuntime.java:210)
	at java.util.concurrent.Executors$RunnableAdapter.call(Executors.java:511)
	at java.util.concurrent.FutureTask.run(FutureTask.java:266)
	at java.util.concurrent.ThreadPoolExecutor.runWorker(ThreadPoolExecutor.java:1142)
	at java.util.concurrent.ThreadPoolExecutor$Worker.run(ThreadPoolExecutor.java:617)
	at java.lang.Thread.run(Thread.java:745)
Caused by: java.io.IOException: No such file or directory
	at jnr.unixsocket.UnixSocketChannel.doConnect(UnixSocketChannel.java:127)
	at jnr.unixsocket.UnixSocketChannel.connect(UnixSocketChannel.java:136)
	at jnr.unixsocket.UnixSocketChannel.connect(UnixSocketChannel.java:223)
	at com.spotify.docker.client.UnixConnectionSocketFactory.connectSocket(UnixConnectionSocketFactory.java:85)
	at org.apache.http.impl.conn.DefaultHttpClientConnectionOperator.connect(DefaultHttpClientConnectionOperator.java:134)
	at org.apache.http.impl.conn.PoolingHttpClientConnectionManager.connect(PoolingHttpClientConnectionManager.java:353)
	at org.apache.http.impl.execchain.MainClientExec.establishRoute(MainClientExec.java:380)
	at org.apache.http.impl.execchain.MainClientExec.execute(MainClientExec.java:236)
	at org.apache.http.impl.execchain.ProtocolExec.execute(ProtocolExec.java:184)
	at org.apache.http.impl.execchain.RetryExec.execute(RetryExec.java:88)
	at org.apache.http.impl.execchain.RedirectExec.execute(RedirectExec.java:110)
	at org.apache.http.impl.client.InternalHttpClient.doExecute(InternalHttpClient.java:184)
	at org.apache.http.impl.client.CloseableHttpClient.execute(CloseableHttpClient.java:71)
	at org.glassfish.jersey.apache.connector.ApacheConnector.apply(ApacheConnector.java:435)
	... 21 more
</error>
    <system-err>Jun 02, 2018 7:44:39 AM org.apache.http.impl.execchain.RetryExec execute
INFO: I/O exception (java.io.IOException) caught when processing request to {}-&gt;unix://localhost:80: No such file or directory
Jun 02, 2018 7:44:39 AM org.apache.http.impl.execchain.RetryExec execute
INFO: Retrying request to {}-&gt;unix://localhost:80
Jun 02, 2018 7:44:39 AM org.apache.http.impl.execchain.RetryExec execute
INFO: I/O exception (java.io.IOException) caught when processing request to {}-&gt;unix://localhost:80: No such file or directory
Jun 02, 2018 7:44:39 AM org.apache.http.impl.execchain.RetryExec execute
INFO: Retrying request to {}-&gt;unix://localhost:80
Jun 02, 2018 7:44:39 AM org.apache.http.impl.execchain.RetryExec execute
INFO: I/O exception (java.io.IOException) caught when processing request to {}-&gt;unix://localhost:80: No such file or directory
Jun 02, 2018 7:44:39 AM org.apache.http.impl.execchain.RetryExec execute
INFO: Retrying request to {}-&gt;unix://localhost:80
</system-err>
  </testcase>
  <testcase classname="com.spotify.docker.client.DefaultDockerClientTest" name="testCreateServiceWithWarnings" time="0.033">
    <error type="java.lang.NullPointerException">java.lang.NullPointerException
	at com.spotify.docker.client.VersionCompare.compareVersion(VersionCompare.java:45)
	at com.spotify.docker.client.DefaultDockerClientTest.dockerApiVersionAtLeast(DefaultDockerClientTest.java:404)
	at com.spotify.docker.client.DefaultDockerClientTest.tearDown(DefaultDockerClientTest.java:356)
	at sun.reflect.GeneratedMethodAccessor11.invoke(Unknown Source)
	at sun.reflect.DelegatingMethodAccessorImpl.invoke(DelegatingMethodAccessorImpl.java:43)
	at java.lang.reflect.Method.invoke(Method.java:498)
	at org.junit.runners.model.FrameworkMethod$1.runReflectiveCall(FrameworkMethod.java:50)
	at org.junit.internal.runners.model.ReflectiveCallable.run(ReflectiveCallable.java:12)
	at org.junit.runners.model.FrameworkMethod.invokeExplosively(FrameworkMethod.java:47)
	at org.junit.internal.runners.statements.RunAfters.evaluate(RunAfters.java:33)
	at org.junit.rules.ExpectedException$ExpectedExceptionStatement.evaluate(ExpectedException.java:239)
	at org.junit.rules.TestWatcher$1.evaluate(TestWatcher.java:55)
	at org.junit.rules.RunRules.evaluate(RunRules.java:20)
	at org.junit.runners.ParentRunner.runLeaf(ParentRunner.java:325)
	at org.junit.runners.BlockJUnit4ClassRunner.runChild(BlockJUnit4ClassRunner.java:78)
	at org.junit.runners.BlockJUnit4ClassRunner.runChild(BlockJUnit4ClassRunner.java:57)
	at org.junit.runners.ParentRunner$3.run(ParentRunner.java:290)
	at org.junit.runners.ParentRunner$1.schedule(ParentRunner.java:71)
	at org.junit.runners.ParentRunner.runChildren(ParentRunner.java:288)
	at org.junit.runners.ParentRunner.access$000(ParentRunner.java:58)
	at org.junit.runners.ParentRunner$2.evaluate(ParentRunner.java:268)
	at org.junit.runners.ParentRunner.run(ParentRunner.java:363)
	at org.apache.maven.surefire.junit4.JUnit4Provider.execute(JUnit4Provider.java:252)
	at org.apache.maven.surefire.junit4.JUnit4Provider.executeTestSet(JUnit4Provider.java:141)
	at org.apache.maven.surefire.junit4.JUnit4Provider.invoke(JUnit4Provider.java:112)
	at sun.reflect.NativeMethodAccessorImpl.invoke0(Native Method)
	at sun.reflect.NativeMethodAccessorImpl.invoke(NativeMethodAccessorImpl.java:62)
	at sun.reflect.DelegatingMethodAccessorImpl.invoke(DelegatingMethodAccessorImpl.java:43)
	at java.lang.reflect.Method.invoke(Method.java:498)
	at org.apache.maven.surefire.util.ReflectionUtils.invokeMethodWithArray(ReflectionUtils.java:189)
	at org.apache.maven.surefire.booter.ProviderFactory$ProviderProxy.invoke(ProviderFactory.java:165)
	at org.apache.maven.surefire.booter.ProviderFactory.invokeProvider(ProviderFactory.java:85)
	at org.apache.maven.surefire.booter.ForkedBooter.runSuitesInProcess(ForkedBooter.java:115)
	at org.apache.maven.surefire.booter.ForkedBooter.main(ForkedBooter.java:75)
</error>
  </testcase>
  <testcase classname="com.spotify.docker.client.DefaultDockerClientTest" name="testVolumesFrom" time="0.03">
    <error message="java.util.concurrent.ExecutionException: javax.ws.rs.ProcessingException: java.io.IOException: No such file or directory" type="com.spotify.docker.client.exceptions.DockerException">com.spotify.docker.client.exceptions.DockerException: java.util.concurrent.ExecutionException: javax.ws.rs.ProcessingException: java.io.IOException: No such file or directory
	at com.spotify.docker.client.DefaultDockerClient.propagate(DefaultDockerClient.java:2812)
	at com.spotify.docker.client.DefaultDockerClient.request(DefaultDockerClient.java:2676)
	at com.spotify.docker.client.DefaultDockerClient.version(DefaultDockerClient.java:572)
	at com.spotify.docker.client.DefaultDockerClientTest.setup(DefaultDockerClientTest.java:349)
	at sun.reflect.GeneratedMethodAccessor10.invoke(Unknown Source)
	at sun.reflect.DelegatingMethodAccessorImpl.invoke(DelegatingMethodAccessorImpl.java:43)
	at java.lang.reflect.Method.invoke(Method.java:498)
	at org.junit.runners.model.FrameworkMethod$1.runReflectiveCall(FrameworkMethod.java:50)
	at org.junit.internal.runners.model.ReflectiveCallable.run(ReflectiveCallable.java:12)
	at org.junit.runners.model.FrameworkMethod.invokeExplosively(FrameworkMethod.java:47)
	at org.junit.internal.runners.statements.RunBefores.evaluate(RunBefores.java:24)
	at org.junit.internal.runners.statements.RunAfters.evaluate(RunAfters.java:27)
	at org.junit.rules.ExpectedException$ExpectedExceptionStatement.evaluate(ExpectedException.java:239)
	at org.junit.rules.TestWatcher$1.evaluate(TestWatcher.java:55)
	at org.junit.rules.RunRules.evaluate(RunRules.java:20)
	at org.junit.runners.ParentRunner.runLeaf(ParentRunner.java:325)
	at org.junit.runners.BlockJUnit4ClassRunner.runChild(BlockJUnit4ClassRunner.java:78)
	at org.junit.runners.BlockJUnit4ClassRunner.runChild(BlockJUnit4ClassRunner.java:57)
	at org.junit.runners.ParentRunner$3.run(ParentRunner.java:290)
	at org.junit.runners.ParentRunner$1.schedule(ParentRunner.java:71)
	at org.junit.runners.ParentRunner.runChildren(ParentRunner.java:288)
	at org.junit.runners.ParentRunner.access$000(ParentRunner.java:58)
	at org.junit.runners.ParentRunner$2.evaluate(ParentRunner.java:268)
	at org.junit.runners.ParentRunner.run(ParentRunner.java:363)
	at org.apache.maven.surefire.junit4.JUnit4Provider.execute(JUnit4Provider.java:252)
	at org.apache.maven.surefire.junit4.JUnit4Provider.executeTestSet(JUnit4Provider.java:141)
	at org.apache.maven.surefire.junit4.JUnit4Provider.invoke(JUnit4Provider.java:112)
	at sun.reflect.NativeMethodAccessorImpl.invoke0(Native Method)
	at sun.reflect.NativeMethodAccessorImpl.invoke(NativeMethodAccessorImpl.java:62)
	at sun.reflect.DelegatingMethodAccessorImpl.invoke(DelegatingMethodAccessorImpl.java:43)
	at java.lang.reflect.Method.invoke(Method.java:498)
	at org.apache.maven.surefire.util.ReflectionUtils.invokeMethodWithArray(ReflectionUtils.java:189)
	at org.apache.maven.surefire.booter.ProviderFactory$ProviderProxy.invoke(ProviderFactory.java:165)
	at org.apache.maven.surefire.booter.ProviderFactory.invokeProvider(ProviderFactory.java:85)
	at org.apache.maven.surefire.booter.ForkedBooter.runSuitesInProcess(ForkedBooter.java:115)
	at org.apache.maven.surefire.booter.ForkedBooter.main(ForkedBooter.java:75)
Caused by: java.util.concurrent.ExecutionException: javax.ws.rs.ProcessingException: java.io.IOException: No such file or directory
	at jersey.repackaged.com.google.common.util.concurrent.AbstractFuture$Sync.getValue(AbstractFuture.java:299)
	at jersey.repackaged.com.google.common.util.concurrent.AbstractFuture$Sync.get(AbstractFuture.java:286)
	at jersey.repackaged.com.google.common.util.concurrent.AbstractFuture.get(AbstractFuture.java:116)
	at com.spotify.docker.client.DefaultDockerClient.request(DefaultDockerClient.java:2674)
	... 34 more
Caused by: javax.ws.rs.ProcessingException: java.io.IOException: No such file or directory
	at org.glassfish.jersey.apache.connector.ApacheConnector.apply(ApacheConnector.java:481)
	at org.glassfish.jersey.apache.connector.ApacheConnector$1.run(ApacheConnector.java:491)
	at java.util.concurrent.Executors$RunnableAdapter.call(Executors.java:511)
	at java.util.concurrent.FutureTask.run(FutureTask.java:266)
	at jersey.repackaged.com.google.common.util.concurrent.MoreExecutors$DirectExecutorService.execute(MoreExecutors.java:299)
	at java.util.concurrent.AbstractExecutorService.submit(AbstractExecutorService.java:112)
	at jersey.repackaged.com.google.common.util.concurrent.AbstractListeningExecutorService.submit(AbstractListeningExecutorService.java:50)
	at jersey.repackaged.com.google.common.util.concurrent.AbstractListeningExecutorService.submit(AbstractListeningExecutorService.java:37)
	at org.glassfish.jersey.apache.connector.ApacheConnector.apply(ApacheConnector.java:487)
	at org.glassfish.jersey.client.ClientRuntime$2.run(ClientRuntime.java:178)
	at org.glassfish.jersey.internal.Errors$1.call(Errors.java:271)
	at org.glassfish.jersey.internal.Errors$1.call(Errors.java:267)
	at org.glassfish.jersey.internal.Errors.process(Errors.java:315)
	at org.glassfish.jersey.internal.Errors.process(Errors.java:297)
	at org.glassfish.jersey.internal.Errors.process(Errors.java:267)
	at org.glassfish.jersey.process.internal.RequestScope.runInScope(RequestScope.java:340)
	at org.glassfish.jersey.client.ClientRuntime$3.run(ClientRuntime.java:210)
	at java.util.concurrent.Executors$RunnableAdapter.call(Executors.java:511)
	at java.util.concurrent.FutureTask.run(FutureTask.java:266)
	at java.util.concurrent.ThreadPoolExecutor.runWorker(ThreadPoolExecutor.java:1142)
	at java.util.concurrent.ThreadPoolExecutor$Worker.run(ThreadPoolExecutor.java:617)
	at java.lang.Thread.run(Thread.java:745)
Caused by: java.io.IOException: No such file or directory
	at jnr.unixsocket.UnixSocketChannel.doConnect(UnixSocketChannel.java:127)
	at jnr.unixsocket.UnixSocketChannel.connect(UnixSocketChannel.java:136)
	at jnr.unixsocket.UnixSocketChannel.connect(UnixSocketChannel.java:223)
	at com.spotify.docker.client.UnixConnectionSocketFactory.connectSocket(UnixConnectionSocketFactory.java:85)
	at org.apache.http.impl.conn.DefaultHttpClientConnectionOperator.connect(DefaultHttpClientConnectionOperator.java:134)
	at org.apache.http.impl.conn.PoolingHttpClientConnectionManager.connect(PoolingHttpClientConnectionManager.java:353)
	at org.apache.http.impl.execchain.MainClientExec.establishRoute(MainClientExec.java:380)
	at org.apache.http.impl.execchain.MainClientExec.execute(MainClientExec.java:236)
	at org.apache.http.impl.execchain.ProtocolExec.execute(ProtocolExec.java:184)
	at org.apache.http.impl.execchain.RetryExec.execute(RetryExec.java:88)
	at org.apache.http.impl.execchain.RedirectExec.execute(RedirectExec.java:110)
	at org.apache.http.impl.client.InternalHttpClient.doExecute(InternalHttpClient.java:184)
	at org.apache.http.impl.client.CloseableHttpClient.execute(CloseableHttpClient.java:71)
	at org.glassfish.jersey.apache.connector.ApacheConnector.apply(ApacheConnector.java:435)
	... 21 more
</error>
    <system-err>Jun 02, 2018 7:44:39 AM org.apache.http.impl.execchain.RetryExec execute
INFO: I/O exception (java.io.IOException) caught when processing request to {}-&gt;unix://localhost:80: No such file or directory
Jun 02, 2018 7:44:39 AM org.apache.http.impl.execchain.RetryExec execute
INFO: Retrying request to {}-&gt;unix://localhost:80
Jun 02, 2018 7:44:39 AM org.apache.http.impl.execchain.RetryExec execute
INFO: I/O exception (java.io.IOException) caught when processing request to {}-&gt;unix://localhost:80: No such file or directory
Jun 02, 2018 7:44:39 AM org.apache.http.impl.execchain.RetryExec execute
INFO: Retrying request to {}-&gt;unix://localhost:80
Jun 02, 2018 7:44:39 AM org.apache.http.impl.execchain.RetryExec execute
INFO: I/O exception (java.io.IOException) caught when processing request to {}-&gt;unix://localhost:80: No such file or directory
Jun 02, 2018 7:44:39 AM org.apache.http.impl.execchain.RetryExec execute
INFO: Retrying request to {}-&gt;unix://localhost:80
</system-err>
  </testcase>
  <testcase classname="com.spotify.docker.client.DefaultDockerClientTest" name="testVolumesFrom" time="0.03">
    <error type="java.lang.NullPointerException">java.lang.NullPointerException
	at com.spotify.docker.client.VersionCompare.compareVersion(VersionCompare.java:45)
	at com.spotify.docker.client.DefaultDockerClientTest.dockerApiVersionAtLeast(DefaultDockerClientTest.java:404)
	at com.spotify.docker.client.DefaultDockerClientTest.tearDown(DefaultDockerClientTest.java:356)
	at sun.reflect.GeneratedMethodAccessor11.invoke(Unknown Source)
	at sun.reflect.DelegatingMethodAccessorImpl.invoke(DelegatingMethodAccessorImpl.java:43)
	at java.lang.reflect.Method.invoke(Method.java:498)
	at org.junit.runners.model.FrameworkMethod$1.runReflectiveCall(FrameworkMethod.java:50)
	at org.junit.internal.runners.model.ReflectiveCallable.run(ReflectiveCallable.java:12)
	at org.junit.runners.model.FrameworkMethod.invokeExplosively(FrameworkMethod.java:47)
	at org.junit.internal.runners.statements.RunAfters.evaluate(RunAfters.java:33)
	at org.junit.rules.ExpectedException$ExpectedExceptionStatement.evaluate(ExpectedException.java:239)
	at org.junit.rules.TestWatcher$1.evaluate(TestWatcher.java:55)
	at org.junit.rules.RunRules.evaluate(RunRules.java:20)
	at org.junit.runners.ParentRunner.runLeaf(ParentRunner.java:325)
	at org.junit.runners.BlockJUnit4ClassRunner.runChild(BlockJUnit4ClassRunner.java:78)
	at org.junit.runners.BlockJUnit4ClassRunner.runChild(BlockJUnit4ClassRunner.java:57)
	at org.junit.runners.ParentRunner$3.run(ParentRunner.java:290)
	at org.junit.runners.ParentRunner$1.schedule(ParentRunner.java:71)
	at org.junit.runners.ParentRunner.runChildren(ParentRunner.java:288)
	at org.junit.runners.ParentRunner.access$000(ParentRunner.java:58)
	at org.junit.runners.ParentRunner$2.evaluate(ParentRunner.java:268)
	at org.junit.runners.ParentRunner.run(ParentRunner.java:363)
	at org.apache.maven.surefire.junit4.JUnit4Provider.execute(JUnit4Provider.java:252)
	at org.apache.maven.surefire.junit4.JUnit4Provider.executeTestSet(JUnit4Provider.java:141)
	at org.apache.maven.surefire.junit4.JUnit4Provider.invoke(JUnit4Provider.java:112)
	at sun.reflect.NativeMethodAccessorImpl.invoke0(Native Method)
	at sun.reflect.NativeMethodAccessorImpl.invoke(NativeMethodAccessorImpl.java:62)
	at sun.reflect.DelegatingMethodAccessorImpl.invoke(DelegatingMethodAccessorImpl.java:43)
	at java.lang.reflect.Method.invoke(Method.java:498)
	at org.apache.maven.surefire.util.ReflectionUtils.invokeMethodWithArray(ReflectionUtils.java:189)
	at org.apache.maven.surefire.booter.ProviderFactory$ProviderProxy.invoke(ProviderFactory.java:165)
	at org.apache.maven.surefire.booter.ProviderFactory.invokeProvider(ProviderFactory.java:85)
	at org.apache.maven.surefire.booter.ForkedBooter.runSuitesInProcess(ForkedBooter.java:115)
	at org.apache.maven.surefire.booter.ForkedBooter.main(ForkedBooter.java:75)
</error>
  </testcase>
  <testcase classname="com.spotify.docker.client.DefaultDockerClientTest" name="testUnpauseBadContainer" time="0.029">
    <error message="java.util.concurrent.ExecutionException: javax.ws.rs.ProcessingException: java.io.IOException: No such file or directory" type="com.spotify.docker.client.exceptions.DockerException">com.spotify.docker.client.exceptions.DockerException: java.util.concurrent.ExecutionException: javax.ws.rs.ProcessingException: java.io.IOException: No such file or directory
	at com.spotify.docker.client.DefaultDockerClient.propagate(DefaultDockerClient.java:2812)
	at com.spotify.docker.client.DefaultDockerClient.request(DefaultDockerClient.java:2676)
	at com.spotify.docker.client.DefaultDockerClient.version(DefaultDockerClient.java:572)
	at com.spotify.docker.client.DefaultDockerClientTest.setup(DefaultDockerClientTest.java:349)
	at sun.reflect.GeneratedMethodAccessor10.invoke(Unknown Source)
	at sun.reflect.DelegatingMethodAccessorImpl.invoke(DelegatingMethodAccessorImpl.java:43)
	at java.lang.reflect.Method.invoke(Method.java:498)
	at org.junit.runners.model.FrameworkMethod$1.runReflectiveCall(FrameworkMethod.java:50)
	at org.junit.internal.runners.model.ReflectiveCallable.run(ReflectiveCallable.java:12)
	at org.junit.runners.model.FrameworkMethod.invokeExplosively(FrameworkMethod.java:47)
	at org.junit.internal.runners.statements.RunBefores.evaluate(RunBefores.java:24)
	at org.junit.internal.runners.statements.RunAfters.evaluate(RunAfters.java:27)
	at org.junit.rules.ExpectedException$ExpectedExceptionStatement.evaluate(ExpectedException.java:239)
	at org.junit.rules.TestWatcher$1.evaluate(TestWatcher.java:55)
	at org.junit.rules.RunRules.evaluate(RunRules.java:20)
	at org.junit.runners.ParentRunner.runLeaf(ParentRunner.java:325)
	at org.junit.runners.BlockJUnit4ClassRunner.runChild(BlockJUnit4ClassRunner.java:78)
	at org.junit.runners.BlockJUnit4ClassRunner.runChild(BlockJUnit4ClassRunner.java:57)
	at org.junit.runners.ParentRunner$3.run(ParentRunner.java:290)
	at org.junit.runners.ParentRunner$1.schedule(ParentRunner.java:71)
	at org.junit.runners.ParentRunner.runChildren(ParentRunner.java:288)
	at org.junit.runners.ParentRunner.access$000(ParentRunner.java:58)
	at org.junit.runners.ParentRunner$2.evaluate(ParentRunner.java:268)
	at org.junit.runners.ParentRunner.run(ParentRunner.java:363)
	at org.apache.maven.surefire.junit4.JUnit4Provider.execute(JUnit4Provider.java:252)
	at org.apache.maven.surefire.junit4.JUnit4Provider.executeTestSet(JUnit4Provider.java:141)
	at org.apache.maven.surefire.junit4.JUnit4Provider.invoke(JUnit4Provider.java:112)
	at sun.reflect.NativeMethodAccessorImpl.invoke0(Native Method)
	at sun.reflect.NativeMethodAccessorImpl.invoke(NativeMethodAccessorImpl.java:62)
	at sun.reflect.DelegatingMethodAccessorImpl.invoke(DelegatingMethodAccessorImpl.java:43)
	at java.lang.reflect.Method.invoke(Method.java:498)
	at org.apache.maven.surefire.util.ReflectionUtils.invokeMethodWithArray(ReflectionUtils.java:189)
	at org.apache.maven.surefire.booter.ProviderFactory$ProviderProxy.invoke(ProviderFactory.java:165)
	at org.apache.maven.surefire.booter.ProviderFactory.invokeProvider(ProviderFactory.java:85)
	at org.apache.maven.surefire.booter.ForkedBooter.runSuitesInProcess(ForkedBooter.java:115)
	at org.apache.maven.surefire.booter.ForkedBooter.main(ForkedBooter.java:75)
Caused by: java.util.concurrent.ExecutionException: javax.ws.rs.ProcessingException: java.io.IOException: No such file or directory
	at jersey.repackaged.com.google.common.util.concurrent.AbstractFuture$Sync.getValue(AbstractFuture.java:299)
	at jersey.repackaged.com.google.common.util.concurrent.AbstractFuture$Sync.get(AbstractFuture.java:286)
	at jersey.repackaged.com.google.common.util.concurrent.AbstractFuture.get(AbstractFuture.java:116)
	at com.spotify.docker.client.DefaultDockerClient.request(DefaultDockerClient.java:2674)
	... 34 more
Caused by: javax.ws.rs.ProcessingException: java.io.IOException: No such file or directory
	at org.glassfish.jersey.apache.connector.ApacheConnector.apply(ApacheConnector.java:481)
	at org.glassfish.jersey.apache.connector.ApacheConnector$1.run(ApacheConnector.java:491)
	at java.util.concurrent.Executors$RunnableAdapter.call(Executors.java:511)
	at java.util.concurrent.FutureTask.run(FutureTask.java:266)
	at jersey.repackaged.com.google.common.util.concurrent.MoreExecutors$DirectExecutorService.execute(MoreExecutors.java:299)
	at java.util.concurrent.AbstractExecutorService.submit(AbstractExecutorService.java:112)
	at jersey.repackaged.com.google.common.util.concurrent.AbstractListeningExecutorService.submit(AbstractListeningExecutorService.java:50)
	at jersey.repackaged.com.google.common.util.concurrent.AbstractListeningExecutorService.submit(AbstractListeningExecutorService.java:37)
	at org.glassfish.jersey.apache.connector.ApacheConnector.apply(ApacheConnector.java:487)
	at org.glassfish.jersey.client.ClientRuntime$2.run(ClientRuntime.java:178)
	at org.glassfish.jersey.internal.Errors$1.call(Errors.java:271)
	at org.glassfish.jersey.internal.Errors$1.call(Errors.java:267)
	at org.glassfish.jersey.internal.Errors.process(Errors.java:315)
	at org.glassfish.jersey.internal.Errors.process(Errors.java:297)
	at org.glassfish.jersey.internal.Errors.process(Errors.java:267)
	at org.glassfish.jersey.process.internal.RequestScope.runInScope(RequestScope.java:340)
	at org.glassfish.jersey.client.ClientRuntime$3.run(ClientRuntime.java:210)
	at java.util.concurrent.Executors$RunnableAdapter.call(Executors.java:511)
	at java.util.concurrent.FutureTask.run(FutureTask.java:266)
	at java.util.concurrent.ThreadPoolExecutor.runWorker(ThreadPoolExecutor.java:1142)
	at java.util.concurrent.ThreadPoolExecutor$Worker.run(ThreadPoolExecutor.java:617)
	at java.lang.Thread.run(Thread.java:745)
Caused by: java.io.IOException: No such file or directory
	at jnr.unixsocket.UnixSocketChannel.doConnect(UnixSocketChannel.java:127)
	at jnr.unixsocket.UnixSocketChannel.connect(UnixSocketChannel.java:136)
	at jnr.unixsocket.UnixSocketChannel.connect(UnixSocketChannel.java:223)
	at com.spotify.docker.client.UnixConnectionSocketFactory.connectSocket(UnixConnectionSocketFactory.java:85)
	at org.apache.http.impl.conn.DefaultHttpClientConnectionOperator.connect(DefaultHttpClientConnectionOperator.java:134)
	at org.apache.http.impl.conn.PoolingHttpClientConnectionManager.connect(PoolingHttpClientConnectionManager.java:353)
	at org.apache.http.impl.execchain.MainClientExec.establishRoute(MainClientExec.java:380)
	at org.apache.http.impl.execchain.MainClientExec.execute(MainClientExec.java:236)
	at org.apache.http.impl.execchain.ProtocolExec.execute(ProtocolExec.java:184)
	at org.apache.http.impl.execchain.RetryExec.execute(RetryExec.java:88)
	at org.apache.http.impl.execchain.RedirectExec.execute(RedirectExec.java:110)
	at org.apache.http.impl.client.InternalHttpClient.doExecute(InternalHttpClient.java:184)
	at org.apache.http.impl.client.CloseableHttpClient.execute(CloseableHttpClient.java:71)
	at org.glassfish.jersey.apache.connector.ApacheConnector.apply(ApacheConnector.java:435)
	... 21 more
</error>
    <system-err>Jun 02, 2018 7:44:39 AM org.apache.http.impl.execchain.RetryExec execute
INFO: I/O exception (java.io.IOException) caught when processing request to {}-&gt;unix://localhost:80: No such file or directory
Jun 02, 2018 7:44:39 AM org.apache.http.impl.execchain.RetryExec execute
INFO: Retrying request to {}-&gt;unix://localhost:80
Jun 02, 2018 7:44:39 AM org.apache.http.impl.execchain.RetryExec execute
INFO: I/O exception (java.io.IOException) caught when processing request to {}-&gt;unix://localhost:80: No such file or directory
Jun 02, 2018 7:44:39 AM org.apache.http.impl.execchain.RetryExec execute
INFO: Retrying request to {}-&gt;unix://localhost:80
Jun 02, 2018 7:44:39 AM org.apache.http.impl.execchain.RetryExec execute
INFO: I/O exception (java.io.IOException) caught when processing request to {}-&gt;unix://localhost:80: No such file or directory
Jun 02, 2018 7:44:39 AM org.apache.http.impl.execchain.RetryExec execute
INFO: Retrying request to {}-&gt;unix://localhost:80
</system-err>
  </testcase>
  <testcase classname="com.spotify.docker.client.DefaultDockerClientTest" name="testUnpauseBadContainer" time="0.029">
    <error type="java.lang.NullPointerException">java.lang.NullPointerException
	at com.spotify.docker.client.VersionCompare.compareVersion(VersionCompare.java:45)
	at com.spotify.docker.client.DefaultDockerClientTest.dockerApiVersionAtLeast(DefaultDockerClientTest.java:404)
	at com.spotify.docker.client.DefaultDockerClientTest.tearDown(DefaultDockerClientTest.java:356)
	at sun.reflect.GeneratedMethodAccessor11.invoke(Unknown Source)
	at sun.reflect.DelegatingMethodAccessorImpl.invoke(DelegatingMethodAccessorImpl.java:43)
	at java.lang.reflect.Method.invoke(Method.java:498)
	at org.junit.runners.model.FrameworkMethod$1.runReflectiveCall(FrameworkMethod.java:50)
	at org.junit.internal.runners.model.ReflectiveCallable.run(ReflectiveCallable.java:12)
	at org.junit.runners.model.FrameworkMethod.invokeExplosively(FrameworkMethod.java:47)
	at org.junit.internal.runners.statements.RunAfters.evaluate(RunAfters.java:33)
	at org.junit.rules.ExpectedException$ExpectedExceptionStatement.evaluate(ExpectedException.java:239)
	at org.junit.rules.TestWatcher$1.evaluate(TestWatcher.java:55)
	at org.junit.rules.RunRules.evaluate(RunRules.java:20)
	at org.junit.runners.ParentRunner.runLeaf(ParentRunner.java:325)
	at org.junit.runners.BlockJUnit4ClassRunner.runChild(BlockJUnit4ClassRunner.java:78)
	at org.junit.runners.BlockJUnit4ClassRunner.runChild(BlockJUnit4ClassRunner.java:57)
	at org.junit.runners.ParentRunner$3.run(ParentRunner.java:290)
	at org.junit.runners.ParentRunner$1.schedule(ParentRunner.java:71)
	at org.junit.runners.ParentRunner.runChildren(ParentRunner.java:288)
	at org.junit.runners.ParentRunner.access$000(ParentRunner.java:58)
	at org.junit.runners.ParentRunner$2.evaluate(ParentRunner.java:268)
	at org.junit.runners.ParentRunner.run(ParentRunner.java:363)
	at org.apache.maven.surefire.junit4.JUnit4Provider.execute(JUnit4Provider.java:252)
	at org.apache.maven.surefire.junit4.JUnit4Provider.executeTestSet(JUnit4Provider.java:141)
	at org.apache.maven.surefire.junit4.JUnit4Provider.invoke(JUnit4Provider.java:112)
	at sun.reflect.NativeMethodAccessorImpl.invoke0(Native Method)
	at sun.reflect.NativeMethodAccessorImpl.invoke(NativeMethodAccessorImpl.java:62)
	at sun.reflect.DelegatingMethodAccessorImpl.invoke(DelegatingMethodAccessorImpl.java:43)
	at java.lang.reflect.Method.invoke(Method.java:498)
	at org.apache.maven.surefire.util.ReflectionUtils.invokeMethodWithArray(ReflectionUtils.java:189)
	at org.apache.maven.surefire.booter.ProviderFactory$ProviderProxy.invoke(ProviderFactory.java:165)
	at org.apache.maven.surefire.booter.ProviderFactory.invokeProvider(ProviderFactory.java:85)
	at org.apache.maven.surefire.booter.ForkedBooter.runSuitesInProcess(ForkedBooter.java:115)
	at org.apache.maven.surefire.booter.ForkedBooter.main(ForkedBooter.java:75)
</error>
  </testcase>
  <testcase classname="com.spotify.docker.client.DefaultDockerClientTest" name="testContainerVolumesOldStyle" time="0.027">
    <error message="java.util.concurrent.ExecutionException: javax.ws.rs.ProcessingException: java.io.IOException: No such file or directory" type="com.spotify.docker.client.exceptions.DockerException">com.spotify.docker.client.exceptions.DockerException: java.util.concurrent.ExecutionException: javax.ws.rs.ProcessingException: java.io.IOException: No such file or directory
	at com.spotify.docker.client.DefaultDockerClient.propagate(DefaultDockerClient.java:2812)
	at com.spotify.docker.client.DefaultDockerClient.request(DefaultDockerClient.java:2676)
	at com.spotify.docker.client.DefaultDockerClient.version(DefaultDockerClient.java:572)
	at com.spotify.docker.client.DefaultDockerClientTest.setup(DefaultDockerClientTest.java:349)
	at sun.reflect.GeneratedMethodAccessor10.invoke(Unknown Source)
	at sun.reflect.DelegatingMethodAccessorImpl.invoke(DelegatingMethodAccessorImpl.java:43)
	at java.lang.reflect.Method.invoke(Method.java:498)
	at org.junit.runners.model.FrameworkMethod$1.runReflectiveCall(FrameworkMethod.java:50)
	at org.junit.internal.runners.model.ReflectiveCallable.run(ReflectiveCallable.java:12)
	at org.junit.runners.model.FrameworkMethod.invokeExplosively(FrameworkMethod.java:47)
	at org.junit.internal.runners.statements.RunBefores.evaluate(RunBefores.java:24)
	at org.junit.internal.runners.statements.RunAfters.evaluate(RunAfters.java:27)
	at org.junit.rules.ExpectedException$ExpectedExceptionStatement.evaluate(ExpectedException.java:239)
	at org.junit.rules.TestWatcher$1.evaluate(TestWatcher.java:55)
	at org.junit.rules.RunRules.evaluate(RunRules.java:20)
	at org.junit.runners.ParentRunner.runLeaf(ParentRunner.java:325)
	at org.junit.runners.BlockJUnit4ClassRunner.runChild(BlockJUnit4ClassRunner.java:78)
	at org.junit.runners.BlockJUnit4ClassRunner.runChild(BlockJUnit4ClassRunner.java:57)
	at org.junit.runners.ParentRunner$3.run(ParentRunner.java:290)
	at org.junit.runners.ParentRunner$1.schedule(ParentRunner.java:71)
	at org.junit.runners.ParentRunner.runChildren(ParentRunner.java:288)
	at org.junit.runners.ParentRunner.access$000(ParentRunner.java:58)
	at org.junit.runners.ParentRunner$2.evaluate(ParentRunner.java:268)
	at org.junit.runners.ParentRunner.run(ParentRunner.java:363)
	at org.apache.maven.surefire.junit4.JUnit4Provider.execute(JUnit4Provider.java:252)
	at org.apache.maven.surefire.junit4.JUnit4Provider.executeTestSet(JUnit4Provider.java:141)
	at org.apache.maven.surefire.junit4.JUnit4Provider.invoke(JUnit4Provider.java:112)
	at sun.reflect.NativeMethodAccessorImpl.invoke0(Native Method)
	at sun.reflect.NativeMethodAccessorImpl.invoke(NativeMethodAccessorImpl.java:62)
	at sun.reflect.DelegatingMethodAccessorImpl.invoke(DelegatingMethodAccessorImpl.java:43)
	at java.lang.reflect.Method.invoke(Method.java:498)
	at org.apache.maven.surefire.util.ReflectionUtils.invokeMethodWithArray(ReflectionUtils.java:189)
	at org.apache.maven.surefire.booter.ProviderFactory$ProviderProxy.invoke(ProviderFactory.java:165)
	at org.apache.maven.surefire.booter.ProviderFactory.invokeProvider(ProviderFactory.java:85)
	at org.apache.maven.surefire.booter.ForkedBooter.runSuitesInProcess(ForkedBooter.java:115)
	at org.apache.maven.surefire.booter.ForkedBooter.main(ForkedBooter.java:75)
Caused by: java.util.concurrent.ExecutionException: javax.ws.rs.ProcessingException: java.io.IOException: No such file or directory
	at jersey.repackaged.com.google.common.util.concurrent.AbstractFuture$Sync.getValue(AbstractFuture.java:299)
	at jersey.repackaged.com.google.common.util.concurrent.AbstractFuture$Sync.get(AbstractFuture.java:286)
	at jersey.repackaged.com.google.common.util.concurrent.AbstractFuture.get(AbstractFuture.java:116)
	at com.spotify.docker.client.DefaultDockerClient.request(DefaultDockerClient.java:2674)
	... 34 more
Caused by: javax.ws.rs.ProcessingException: java.io.IOException: No such file or directory
	at org.glassfish.jersey.apache.connector.ApacheConnector.apply(ApacheConnector.java:481)
	at org.glassfish.jersey.apache.connector.ApacheConnector$1.run(ApacheConnector.java:491)
	at java.util.concurrent.Executors$RunnableAdapter.call(Executors.java:511)
	at java.util.concurrent.FutureTask.run(FutureTask.java:266)
	at jersey.repackaged.com.google.common.util.concurrent.MoreExecutors$DirectExecutorService.execute(MoreExecutors.java:299)
	at java.util.concurrent.AbstractExecutorService.submit(AbstractExecutorService.java:112)
	at jersey.repackaged.com.google.common.util.concurrent.AbstractListeningExecutorService.submit(AbstractListeningExecutorService.java:50)
	at jersey.repackaged.com.google.common.util.concurrent.AbstractListeningExecutorService.submit(AbstractListeningExecutorService.java:37)
	at org.glassfish.jersey.apache.connector.ApacheConnector.apply(ApacheConnector.java:487)
	at org.glassfish.jersey.client.ClientRuntime$2.run(ClientRuntime.java:178)
	at org.glassfish.jersey.internal.Errors$1.call(Errors.java:271)
	at org.glassfish.jersey.internal.Errors$1.call(Errors.java:267)
	at org.glassfish.jersey.internal.Errors.process(Errors.java:315)
	at org.glassfish.jersey.internal.Errors.process(Errors.java:297)
	at org.glassfish.jersey.internal.Errors.process(Errors.java:267)
	at org.glassfish.jersey.process.internal.RequestScope.runInScope(RequestScope.java:340)
	at org.glassfish.jersey.client.ClientRuntime$3.run(ClientRuntime.java:210)
	at java.util.concurrent.Executors$RunnableAdapter.call(Executors.java:511)
	at java.util.concurrent.FutureTask.run(FutureTask.java:266)
	at java.util.concurrent.ThreadPoolExecutor.runWorker(ThreadPoolExecutor.java:1142)
	at java.util.concurrent.ThreadPoolExecutor$Worker.run(ThreadPoolExecutor.java:617)
	at java.lang.Thread.run(Thread.java:745)
Caused by: java.io.IOException: No such file or directory
	at jnr.unixsocket.UnixSocketChannel.doConnect(UnixSocketChannel.java:127)
	at jnr.unixsocket.UnixSocketChannel.connect(UnixSocketChannel.java:136)
	at jnr.unixsocket.UnixSocketChannel.connect(UnixSocketChannel.java:223)
	at com.spotify.docker.client.UnixConnectionSocketFactory.connectSocket(UnixConnectionSocketFactory.java:85)
	at org.apache.http.impl.conn.DefaultHttpClientConnectionOperator.connect(DefaultHttpClientConnectionOperator.java:134)
	at org.apache.http.impl.conn.PoolingHttpClientConnectionManager.connect(PoolingHttpClientConnectionManager.java:353)
	at org.apache.http.impl.execchain.MainClientExec.establishRoute(MainClientExec.java:380)
	at org.apache.http.impl.execchain.MainClientExec.execute(MainClientExec.java:236)
	at org.apache.http.impl.execchain.ProtocolExec.execute(ProtocolExec.java:184)
	at org.apache.http.impl.execchain.RetryExec.execute(RetryExec.java:88)
	at org.apache.http.impl.execchain.RedirectExec.execute(RedirectExec.java:110)
	at org.apache.http.impl.client.InternalHttpClient.doExecute(InternalHttpClient.java:184)
	at org.apache.http.impl.client.CloseableHttpClient.execute(CloseableHttpClient.java:71)
	at org.glassfish.jersey.apache.connector.ApacheConnector.apply(ApacheConnector.java:435)
	... 21 more
</error>
    <system-err>Jun 02, 2018 7:44:39 AM org.apache.http.impl.execchain.RetryExec execute
INFO: I/O exception (java.io.IOException) caught when processing request to {}-&gt;unix://localhost:80: No such file or directory
Jun 02, 2018 7:44:39 AM org.apache.http.impl.execchain.RetryExec execute
INFO: Retrying request to {}-&gt;unix://localhost:80
Jun 02, 2018 7:44:39 AM org.apache.http.impl.execchain.RetryExec execute
INFO: I/O exception (java.io.IOException) caught when processing request to {}-&gt;unix://localhost:80: No such file or directory
Jun 02, 2018 7:44:39 AM org.apache.http.impl.execchain.RetryExec execute
INFO: Retrying request to {}-&gt;unix://localhost:80
Jun 02, 2018 7:44:39 AM org.apache.http.impl.execchain.RetryExec execute
INFO: I/O exception (java.io.IOException) caught when processing request to {}-&gt;unix://localhost:80: No such file or directory
Jun 02, 2018 7:44:39 AM org.apache.http.impl.execchain.RetryExec execute
INFO: Retrying request to {}-&gt;unix://localhost:80
</system-err>
  </testcase>
  <testcase classname="com.spotify.docker.client.DefaultDockerClientTest" name="testContainerVolumesOldStyle" time="0.027">
    <error type="java.lang.NullPointerException">java.lang.NullPointerException
	at com.spotify.docker.client.VersionCompare.compareVersion(VersionCompare.java:45)
	at com.spotify.docker.client.DefaultDockerClientTest.dockerApiVersionAtLeast(DefaultDockerClientTest.java:404)
	at com.spotify.docker.client.DefaultDockerClientTest.tearDown(DefaultDockerClientTest.java:356)
	at sun.reflect.GeneratedMethodAccessor11.invoke(Unknown Source)
	at sun.reflect.DelegatingMethodAccessorImpl.invoke(DelegatingMethodAccessorImpl.java:43)
	at java.lang.reflect.Method.invoke(Method.java:498)
	at org.junit.runners.model.FrameworkMethod$1.runReflectiveCall(FrameworkMethod.java:50)
	at org.junit.internal.runners.model.ReflectiveCallable.run(ReflectiveCallable.java:12)
	at org.junit.runners.model.FrameworkMethod.invokeExplosively(FrameworkMethod.java:47)
	at org.junit.internal.runners.statements.RunAfters.evaluate(RunAfters.java:33)
	at org.junit.rules.ExpectedException$ExpectedExceptionStatement.evaluate(ExpectedException.java:239)
	at org.junit.rules.TestWatcher$1.evaluate(TestWatcher.java:55)
	at org.junit.rules.RunRules.evaluate(RunRules.java:20)
	at org.junit.runners.ParentRunner.runLeaf(ParentRunner.java:325)
	at org.junit.runners.BlockJUnit4ClassRunner.runChild(BlockJUnit4ClassRunner.java:78)
	at org.junit.runners.BlockJUnit4ClassRunner.runChild(BlockJUnit4ClassRunner.java:57)
	at org.junit.runners.ParentRunner$3.run(ParentRunner.java:290)
	at org.junit.runners.ParentRunner$1.schedule(ParentRunner.java:71)
	at org.junit.runners.ParentRunner.runChildren(ParentRunner.java:288)
	at org.junit.runners.ParentRunner.access$000(ParentRunner.java:58)
	at org.junit.runners.ParentRunner$2.evaluate(ParentRunner.java:268)
	at org.junit.runners.ParentRunner.run(ParentRunner.java:363)
	at org.apache.maven.surefire.junit4.JUnit4Provider.execute(JUnit4Provider.java:252)
	at org.apache.maven.surefire.junit4.JUnit4Provider.executeTestSet(JUnit4Provider.java:141)
	at org.apache.maven.surefire.junit4.JUnit4Provider.invoke(JUnit4Provider.java:112)
	at sun.reflect.NativeMethodAccessorImpl.invoke0(Native Method)
	at sun.reflect.NativeMethodAccessorImpl.invoke(NativeMethodAccessorImpl.java:62)
	at sun.reflect.DelegatingMethodAccessorImpl.invoke(DelegatingMethodAccessorImpl.java:43)
	at java.lang.reflect.Method.invoke(Method.java:498)
	at org.apache.maven.surefire.util.ReflectionUtils.invokeMethodWithArray(ReflectionUtils.java:189)
	at org.apache.maven.surefire.booter.ProviderFactory$ProviderProxy.invoke(ProviderFactory.java:165)
	at org.apache.maven.surefire.booter.ProviderFactory.invokeProvider(ProviderFactory.java:85)
	at org.apache.maven.surefire.booter.ForkedBooter.runSuitesInProcess(ForkedBooter.java:115)
	at org.apache.maven.surefire.booter.ForkedBooter.main(ForkedBooter.java:75)
</error>
  </testcase>
  <testcase classname="com.spotify.docker.client.DefaultDockerClientTest" name="testResizeTty" time="0.023">
    <error message="java.util.concurrent.ExecutionException: javax.ws.rs.ProcessingException: java.io.IOException: No such file or directory" type="com.spotify.docker.client.exceptions.DockerException">com.spotify.docker.client.exceptions.DockerException: java.util.concurrent.ExecutionException: javax.ws.rs.ProcessingException: java.io.IOException: No such file or directory
	at com.spotify.docker.client.DefaultDockerClient.propagate(DefaultDockerClient.java:2812)
	at com.spotify.docker.client.DefaultDockerClient.request(DefaultDockerClient.java:2676)
	at com.spotify.docker.client.DefaultDockerClient.version(DefaultDockerClient.java:572)
	at com.spotify.docker.client.DefaultDockerClientTest.setup(DefaultDockerClientTest.java:349)
	at sun.reflect.GeneratedMethodAccessor10.invoke(Unknown Source)
	at sun.reflect.DelegatingMethodAccessorImpl.invoke(DelegatingMethodAccessorImpl.java:43)
	at java.lang.reflect.Method.invoke(Method.java:498)
	at org.junit.runners.model.FrameworkMethod$1.runReflectiveCall(FrameworkMethod.java:50)
	at org.junit.internal.runners.model.ReflectiveCallable.run(ReflectiveCallable.java:12)
	at org.junit.runners.model.FrameworkMethod.invokeExplosively(FrameworkMethod.java:47)
	at org.junit.internal.runners.statements.RunBefores.evaluate(RunBefores.java:24)
	at org.junit.internal.runners.statements.RunAfters.evaluate(RunAfters.java:27)
	at org.junit.rules.ExpectedException$ExpectedExceptionStatement.evaluate(ExpectedException.java:239)
	at org.junit.rules.TestWatcher$1.evaluate(TestWatcher.java:55)
	at org.junit.rules.RunRules.evaluate(RunRules.java:20)
	at org.junit.runners.ParentRunner.runLeaf(ParentRunner.java:325)
	at org.junit.runners.BlockJUnit4ClassRunner.runChild(BlockJUnit4ClassRunner.java:78)
	at org.junit.runners.BlockJUnit4ClassRunner.runChild(BlockJUnit4ClassRunner.java:57)
	at org.junit.runners.ParentRunner$3.run(ParentRunner.java:290)
	at org.junit.runners.ParentRunner$1.schedule(ParentRunner.java:71)
	at org.junit.runners.ParentRunner.runChildren(ParentRunner.java:288)
	at org.junit.runners.ParentRunner.access$000(ParentRunner.java:58)
	at org.junit.runners.ParentRunner$2.evaluate(ParentRunner.java:268)
	at org.junit.runners.ParentRunner.run(ParentRunner.java:363)
	at org.apache.maven.surefire.junit4.JUnit4Provider.execute(JUnit4Provider.java:252)
	at org.apache.maven.surefire.junit4.JUnit4Provider.executeTestSet(JUnit4Provider.java:141)
	at org.apache.maven.surefire.junit4.JUnit4Provider.invoke(JUnit4Provider.java:112)
	at sun.reflect.NativeMethodAccessorImpl.invoke0(Native Method)
	at sun.reflect.NativeMethodAccessorImpl.invoke(NativeMethodAccessorImpl.java:62)
	at sun.reflect.DelegatingMethodAccessorImpl.invoke(DelegatingMethodAccessorImpl.java:43)
	at java.lang.reflect.Method.invoke(Method.java:498)
	at org.apache.maven.surefire.util.ReflectionUtils.invokeMethodWithArray(ReflectionUtils.java:189)
	at org.apache.maven.surefire.booter.ProviderFactory$ProviderProxy.invoke(ProviderFactory.java:165)
	at org.apache.maven.surefire.booter.ProviderFactory.invokeProvider(ProviderFactory.java:85)
	at org.apache.maven.surefire.booter.ForkedBooter.runSuitesInProcess(ForkedBooter.java:115)
	at org.apache.maven.surefire.booter.ForkedBooter.main(ForkedBooter.java:75)
Caused by: java.util.concurrent.ExecutionException: javax.ws.rs.ProcessingException: java.io.IOException: No such file or directory
	at jersey.repackaged.com.google.common.util.concurrent.AbstractFuture$Sync.getValue(AbstractFuture.java:299)
	at jersey.repackaged.com.google.common.util.concurrent.AbstractFuture$Sync.get(AbstractFuture.java:286)
	at jersey.repackaged.com.google.common.util.concurrent.AbstractFuture.get(AbstractFuture.java:116)
	at com.spotify.docker.client.DefaultDockerClient.request(DefaultDockerClient.java:2674)
	... 34 more
Caused by: javax.ws.rs.ProcessingException: java.io.IOException: No such file or directory
	at org.glassfish.jersey.apache.connector.ApacheConnector.apply(ApacheConnector.java:481)
	at org.glassfish.jersey.apache.connector.ApacheConnector$1.run(ApacheConnector.java:491)
	at java.util.concurrent.Executors$RunnableAdapter.call(Executors.java:511)
	at java.util.concurrent.FutureTask.run(FutureTask.java:266)
	at jersey.repackaged.com.google.common.util.concurrent.MoreExecutors$DirectExecutorService.execute(MoreExecutors.java:299)
	at java.util.concurrent.AbstractExecutorService.submit(AbstractExecutorService.java:112)
	at jersey.repackaged.com.google.common.util.concurrent.AbstractListeningExecutorService.submit(AbstractListeningExecutorService.java:50)
	at jersey.repackaged.com.google.common.util.concurrent.AbstractListeningExecutorService.submit(AbstractListeningExecutorService.java:37)
	at org.glassfish.jersey.apache.connector.ApacheConnector.apply(ApacheConnector.java:487)
	at org.glassfish.jersey.client.ClientRuntime$2.run(ClientRuntime.java:178)
	at org.glassfish.jersey.internal.Errors$1.call(Errors.java:271)
	at org.glassfish.jersey.internal.Errors$1.call(Errors.java:267)
	at org.glassfish.jersey.internal.Errors.process(Errors.java:315)
	at org.glassfish.jersey.internal.Errors.process(Errors.java:297)
	at org.glassfish.jersey.internal.Errors.process(Errors.java:267)
	at org.glassfish.jersey.process.internal.RequestScope.runInScope(RequestScope.java:340)
	at org.glassfish.jersey.client.ClientRuntime$3.run(ClientRuntime.java:210)
	at java.util.concurrent.Executors$RunnableAdapter.call(Executors.java:511)
	at java.util.concurrent.FutureTask.run(FutureTask.java:266)
	at java.util.concurrent.ThreadPoolExecutor.runWorker(ThreadPoolExecutor.java:1142)
	at java.util.concurrent.ThreadPoolExecutor$Worker.run(ThreadPoolExecutor.java:617)
	at java.lang.Thread.run(Thread.java:745)
Caused by: java.io.IOException: No such file or directory
	at jnr.unixsocket.UnixSocketChannel.doConnect(UnixSocketChannel.java:127)
	at jnr.unixsocket.UnixSocketChannel.connect(UnixSocketChannel.java:136)
	at jnr.unixsocket.UnixSocketChannel.connect(UnixSocketChannel.java:223)
	at com.spotify.docker.client.UnixConnectionSocketFactory.connectSocket(UnixConnectionSocketFactory.java:85)
	at org.apache.http.impl.conn.DefaultHttpClientConnectionOperator.connect(DefaultHttpClientConnectionOperator.java:134)
	at org.apache.http.impl.conn.PoolingHttpClientConnectionManager.connect(PoolingHttpClientConnectionManager.java:353)
	at org.apache.http.impl.execchain.MainClientExec.establishRoute(MainClientExec.java:380)
	at org.apache.http.impl.execchain.MainClientExec.execute(MainClientExec.java:236)
	at org.apache.http.impl.execchain.ProtocolExec.execute(ProtocolExec.java:184)
	at org.apache.http.impl.execchain.RetryExec.execute(RetryExec.java:88)
	at org.apache.http.impl.execchain.RedirectExec.execute(RedirectExec.java:110)
	at org.apache.http.impl.client.InternalHttpClient.doExecute(InternalHttpClient.java:184)
	at org.apache.http.impl.client.CloseableHttpClient.execute(CloseableHttpClient.java:71)
	at org.glassfish.jersey.apache.connector.ApacheConnector.apply(ApacheConnector.java:435)
	... 21 more
</error>
    <system-err>Jun 02, 2018 7:44:39 AM org.apache.http.impl.execchain.RetryExec execute
INFO: I/O exception (java.io.IOException) caught when processing request to {}-&gt;unix://localhost:80: No such file or directory
Jun 02, 2018 7:44:39 AM org.apache.http.impl.execchain.RetryExec execute
INFO: Retrying request to {}-&gt;unix://localhost:80
Jun 02, 2018 7:44:39 AM org.apache.http.impl.execchain.RetryExec execute
INFO: I/O exception (java.io.IOException) caught when processing request to {}-&gt;unix://localhost:80: No such file or directory
Jun 02, 2018 7:44:39 AM org.apache.http.impl.execchain.RetryExec execute
INFO: Retrying request to {}-&gt;unix://localhost:80
Jun 02, 2018 7:44:39 AM org.apache.http.impl.execchain.RetryExec execute
INFO: I/O exception (java.io.IOException) caught when processing request to {}-&gt;unix://localhost:80: No such file or directory
Jun 02, 2018 7:44:39 AM org.apache.http.impl.execchain.RetryExec execute
INFO: Retrying request to {}-&gt;unix://localhost:80
</system-err>
  </testcase>
  <testcase classname="com.spotify.docker.client.DefaultDockerClientTest" name="testResizeTty" time="0.023">
    <error type="java.lang.NullPointerException">java.lang.NullPointerException
	at com.spotify.docker.client.VersionCompare.compareVersion(VersionCompare.java:45)
	at com.spotify.docker.client.DefaultDockerClientTest.dockerApiVersionAtLeast(DefaultDockerClientTest.java:404)
	at com.spotify.docker.client.DefaultDockerClientTest.tearDown(DefaultDockerClientTest.java:356)
	at sun.reflect.GeneratedMethodAccessor11.invoke(Unknown Source)
	at sun.reflect.DelegatingMethodAccessorImpl.invoke(DelegatingMethodAccessorImpl.java:43)
	at java.lang.reflect.Method.invoke(Method.java:498)
	at org.junit.runners.model.FrameworkMethod$1.runReflectiveCall(FrameworkMethod.java:50)
	at org.junit.internal.runners.model.ReflectiveCallable.run(ReflectiveCallable.java:12)
	at org.junit.runners.model.FrameworkMethod.invokeExplosively(FrameworkMethod.java:47)
	at org.junit.internal.runners.statements.RunAfters.evaluate(RunAfters.java:33)
	at org.junit.rules.ExpectedException$ExpectedExceptionStatement.evaluate(ExpectedException.java:239)
	at org.junit.rules.TestWatcher$1.evaluate(TestWatcher.java:55)
	at org.junit.rules.RunRules.evaluate(RunRules.java:20)
	at org.junit.runners.ParentRunner.runLeaf(ParentRunner.java:325)
	at org.junit.runners.BlockJUnit4ClassRunner.runChild(BlockJUnit4ClassRunner.java:78)
	at org.junit.runners.BlockJUnit4ClassRunner.runChild(BlockJUnit4ClassRunner.java:57)
	at org.junit.runners.ParentRunner$3.run(ParentRunner.java:290)
	at org.junit.runners.ParentRunner$1.schedule(ParentRunner.java:71)
	at org.junit.runners.ParentRunner.runChildren(ParentRunner.java:288)
	at org.junit.runners.ParentRunner.access$000(ParentRunner.java:58)
	at org.junit.runners.ParentRunner$2.evaluate(ParentRunner.java:268)
	at org.junit.runners.ParentRunner.run(ParentRunner.java:363)
	at org.apache.maven.surefire.junit4.JUnit4Provider.execute(JUnit4Provider.java:252)
	at org.apache.maven.surefire.junit4.JUnit4Provider.executeTestSet(JUnit4Provider.java:141)
	at org.apache.maven.surefire.junit4.JUnit4Provider.invoke(JUnit4Provider.java:112)
	at sun.reflect.NativeMethodAccessorImpl.invoke0(Native Method)
	at sun.reflect.NativeMethodAccessorImpl.invoke(NativeMethodAccessorImpl.java:62)
	at sun.reflect.DelegatingMethodAccessorImpl.invoke(DelegatingMethodAccessorImpl.java:43)
	at java.lang.reflect.Method.invoke(Method.java:498)
	at org.apache.maven.surefire.util.ReflectionUtils.invokeMethodWithArray(ReflectionUtils.java:189)
	at org.apache.maven.surefire.booter.ProviderFactory$ProviderProxy.invoke(ProviderFactory.java:165)
	at org.apache.maven.surefire.booter.ProviderFactory.invokeProvider(ProviderFactory.java:85)
	at org.apache.maven.surefire.booter.ForkedBooter.runSuitesInProcess(ForkedBooter.java:115)
	at org.apache.maven.surefire.booter.ForkedBooter.main(ForkedBooter.java:75)
</error>
  </testcase>
  <testcase classname="com.spotify.docker.client.DefaultDockerClientTest" name="testExecNoTimeout" time="0.023">
    <error message="java.util.concurrent.ExecutionException: javax.ws.rs.ProcessingException: java.io.IOException: No such file or directory" type="com.spotify.docker.client.exceptions.DockerException">com.spotify.docker.client.exceptions.DockerException: java.util.concurrent.ExecutionException: javax.ws.rs.ProcessingException: java.io.IOException: No such file or directory
	at com.spotify.docker.client.DefaultDockerClient.propagate(DefaultDockerClient.java:2812)
	at com.spotify.docker.client.DefaultDockerClient.request(DefaultDockerClient.java:2676)
	at com.spotify.docker.client.DefaultDockerClient.version(DefaultDockerClient.java:572)
	at com.spotify.docker.client.DefaultDockerClientTest.setup(DefaultDockerClientTest.java:349)
	at sun.reflect.GeneratedMethodAccessor10.invoke(Unknown Source)
	at sun.reflect.DelegatingMethodAccessorImpl.invoke(DelegatingMethodAccessorImpl.java:43)
	at java.lang.reflect.Method.invoke(Method.java:498)
	at org.junit.runners.model.FrameworkMethod$1.runReflectiveCall(FrameworkMethod.java:50)
	at org.junit.internal.runners.model.ReflectiveCallable.run(ReflectiveCallable.java:12)
	at org.junit.runners.model.FrameworkMethod.invokeExplosively(FrameworkMethod.java:47)
	at org.junit.internal.runners.statements.RunBefores.evaluate(RunBefores.java:24)
	at org.junit.internal.runners.statements.RunAfters.evaluate(RunAfters.java:27)
	at org.junit.rules.ExpectedException$ExpectedExceptionStatement.evaluate(ExpectedException.java:239)
	at org.junit.rules.TestWatcher$1.evaluate(TestWatcher.java:55)
	at org.junit.rules.RunRules.evaluate(RunRules.java:20)
	at org.junit.runners.ParentRunner.runLeaf(ParentRunner.java:325)
	at org.junit.runners.BlockJUnit4ClassRunner.runChild(BlockJUnit4ClassRunner.java:78)
	at org.junit.runners.BlockJUnit4ClassRunner.runChild(BlockJUnit4ClassRunner.java:57)
	at org.junit.runners.ParentRunner$3.run(ParentRunner.java:290)
	at org.junit.runners.ParentRunner$1.schedule(ParentRunner.java:71)
	at org.junit.runners.ParentRunner.runChildren(ParentRunner.java:288)
	at org.junit.runners.ParentRunner.access$000(ParentRunner.java:58)
	at org.junit.runners.ParentRunner$2.evaluate(ParentRunner.java:268)
	at org.junit.runners.ParentRunner.run(ParentRunner.java:363)
	at org.apache.maven.surefire.junit4.JUnit4Provider.execute(JUnit4Provider.java:252)
	at org.apache.maven.surefire.junit4.JUnit4Provider.executeTestSet(JUnit4Provider.java:141)
	at org.apache.maven.surefire.junit4.JUnit4Provider.invoke(JUnit4Provider.java:112)
	at sun.reflect.NativeMethodAccessorImpl.invoke0(Native Method)
	at sun.reflect.NativeMethodAccessorImpl.invoke(NativeMethodAccessorImpl.java:62)
	at sun.reflect.DelegatingMethodAccessorImpl.invoke(DelegatingMethodAccessorImpl.java:43)
	at java.lang.reflect.Method.invoke(Method.java:498)
	at org.apache.maven.surefire.util.ReflectionUtils.invokeMethodWithArray(ReflectionUtils.java:189)
	at org.apache.maven.surefire.booter.ProviderFactory$ProviderProxy.invoke(ProviderFactory.java:165)
	at org.apache.maven.surefire.booter.ProviderFactory.invokeProvider(ProviderFactory.java:85)
	at org.apache.maven.surefire.booter.ForkedBooter.runSuitesInProcess(ForkedBooter.java:115)
	at org.apache.maven.surefire.booter.ForkedBooter.main(ForkedBooter.java:75)
Caused by: java.util.concurrent.ExecutionException: javax.ws.rs.ProcessingException: java.io.IOException: No such file or directory
	at jersey.repackaged.com.google.common.util.concurrent.AbstractFuture$Sync.getValue(AbstractFuture.java:299)
	at jersey.repackaged.com.google.common.util.concurrent.AbstractFuture$Sync.get(AbstractFuture.java:286)
	at jersey.repackaged.com.google.common.util.concurrent.AbstractFuture.get(AbstractFuture.java:116)
	at com.spotify.docker.client.DefaultDockerClient.request(DefaultDockerClient.java:2674)
	... 34 more
Caused by: javax.ws.rs.ProcessingException: java.io.IOException: No such file or directory
	at org.glassfish.jersey.apache.connector.ApacheConnector.apply(ApacheConnector.java:481)
	at org.glassfish.jersey.apache.connector.ApacheConnector$1.run(ApacheConnector.java:491)
	at java.util.concurrent.Executors$RunnableAdapter.call(Executors.java:511)
	at java.util.concurrent.FutureTask.run(FutureTask.java:266)
	at jersey.repackaged.com.google.common.util.concurrent.MoreExecutors$DirectExecutorService.execute(MoreExecutors.java:299)
	at java.util.concurrent.AbstractExecutorService.submit(AbstractExecutorService.java:112)
	at jersey.repackaged.com.google.common.util.concurrent.AbstractListeningExecutorService.submit(AbstractListeningExecutorService.java:50)
	at jersey.repackaged.com.google.common.util.concurrent.AbstractListeningExecutorService.submit(AbstractListeningExecutorService.java:37)
	at org.glassfish.jersey.apache.connector.ApacheConnector.apply(ApacheConnector.java:487)
	at org.glassfish.jersey.client.ClientRuntime$2.run(ClientRuntime.java:178)
	at org.glassfish.jersey.internal.Errors$1.call(Errors.java:271)
	at org.glassfish.jersey.internal.Errors$1.call(Errors.java:267)
	at org.glassfish.jersey.internal.Errors.process(Errors.java:315)
	at org.glassfish.jersey.internal.Errors.process(Errors.java:297)
	at org.glassfish.jersey.internal.Errors.process(Errors.java:267)
	at org.glassfish.jersey.process.internal.RequestScope.runInScope(RequestScope.java:340)
	at org.glassfish.jersey.client.ClientRuntime$3.run(ClientRuntime.java:210)
	at java.util.concurrent.Executors$RunnableAdapter.call(Executors.java:511)
	at java.util.concurrent.FutureTask.run(FutureTask.java:266)
	at java.util.concurrent.ThreadPoolExecutor.runWorker(ThreadPoolExecutor.java:1142)
	at java.util.concurrent.ThreadPoolExecutor$Worker.run(ThreadPoolExecutor.java:617)
	at java.lang.Thread.run(Thread.java:745)
Caused by: java.io.IOException: No such file or directory
	at jnr.unixsocket.UnixSocketChannel.doConnect(UnixSocketChannel.java:127)
	at jnr.unixsocket.UnixSocketChannel.connect(UnixSocketChannel.java:136)
	at jnr.unixsocket.UnixSocketChannel.connect(UnixSocketChannel.java:223)
	at com.spotify.docker.client.UnixConnectionSocketFactory.connectSocket(UnixConnectionSocketFactory.java:85)
	at org.apache.http.impl.conn.DefaultHttpClientConnectionOperator.connect(DefaultHttpClientConnectionOperator.java:134)
	at org.apache.http.impl.conn.PoolingHttpClientConnectionManager.connect(PoolingHttpClientConnectionManager.java:353)
	at org.apache.http.impl.execchain.MainClientExec.establishRoute(MainClientExec.java:380)
	at org.apache.http.impl.execchain.MainClientExec.execute(MainClientExec.java:236)
	at org.apache.http.impl.execchain.ProtocolExec.execute(ProtocolExec.java:184)
	at org.apache.http.impl.execchain.RetryExec.execute(RetryExec.java:88)
	at org.apache.http.impl.execchain.RedirectExec.execute(RedirectExec.java:110)
	at org.apache.http.impl.client.InternalHttpClient.doExecute(InternalHttpClient.java:184)
	at org.apache.http.impl.client.CloseableHttpClient.execute(CloseableHttpClient.java:71)
	at org.glassfish.jersey.apache.connector.ApacheConnector.apply(ApacheConnector.java:435)
	... 21 more
</error>
    <system-err>Jun 02, 2018 7:44:39 AM org.apache.http.impl.execchain.RetryExec execute
INFO: I/O exception (java.io.IOException) caught when processing request to {}-&gt;unix://localhost:80: No such file or directory
Jun 02, 2018 7:44:39 AM org.apache.http.impl.execchain.RetryExec execute
INFO: Retrying request to {}-&gt;unix://localhost:80
Jun 02, 2018 7:44:39 AM org.apache.http.impl.execchain.RetryExec execute
INFO: I/O exception (java.io.IOException) caught when processing request to {}-&gt;unix://localhost:80: No such file or directory
Jun 02, 2018 7:44:39 AM org.apache.http.impl.execchain.RetryExec execute
INFO: Retrying request to {}-&gt;unix://localhost:80
Jun 02, 2018 7:44:39 AM org.apache.http.impl.execchain.RetryExec execute
INFO: I/O exception (java.io.IOException) caught when processing request to {}-&gt;unix://localhost:80: No such file or directory
Jun 02, 2018 7:44:39 AM org.apache.http.impl.execchain.RetryExec execute
INFO: Retrying request to {}-&gt;unix://localhost:80
</system-err>
  </testcase>
  <testcase classname="com.spotify.docker.client.DefaultDockerClientTest" name="testExecNoTimeout" time="0.023">
    <error type="java.lang.NullPointerException">java.lang.NullPointerException
	at com.spotify.docker.client.VersionCompare.compareVersion(VersionCompare.java:45)
	at com.spotify.docker.client.DefaultDockerClientTest.dockerApiVersionAtLeast(DefaultDockerClientTest.java:404)
	at com.spotify.docker.client.DefaultDockerClientTest.tearDown(DefaultDockerClientTest.java:356)
	at sun.reflect.GeneratedMethodAccessor11.invoke(Unknown Source)
	at sun.reflect.DelegatingMethodAccessorImpl.invoke(DelegatingMethodAccessorImpl.java:43)
	at java.lang.reflect.Method.invoke(Method.java:498)
	at org.junit.runners.model.FrameworkMethod$1.runReflectiveCall(FrameworkMethod.java:50)
	at org.junit.internal.runners.model.ReflectiveCallable.run(ReflectiveCallable.java:12)
	at org.junit.runners.model.FrameworkMethod.invokeExplosively(FrameworkMethod.java:47)
	at org.junit.internal.runners.statements.RunAfters.evaluate(RunAfters.java:33)
	at org.junit.rules.ExpectedException$ExpectedExceptionStatement.evaluate(ExpectedException.java:239)
	at org.junit.rules.TestWatcher$1.evaluate(TestWatcher.java:55)
	at org.junit.rules.RunRules.evaluate(RunRules.java:20)
	at org.junit.runners.ParentRunner.runLeaf(ParentRunner.java:325)
	at org.junit.runners.BlockJUnit4ClassRunner.runChild(BlockJUnit4ClassRunner.java:78)
	at org.junit.runners.BlockJUnit4ClassRunner.runChild(BlockJUnit4ClassRunner.java:57)
	at org.junit.runners.ParentRunner$3.run(ParentRunner.java:290)
	at org.junit.runners.ParentRunner$1.schedule(ParentRunner.java:71)
	at org.junit.runners.ParentRunner.runChildren(ParentRunner.java:288)
	at org.junit.runners.ParentRunner.access$000(ParentRunner.java:58)
	at org.junit.runners.ParentRunner$2.evaluate(ParentRunner.java:268)
	at org.junit.runners.ParentRunner.run(ParentRunner.java:363)
	at org.apache.maven.surefire.junit4.JUnit4Provider.execute(JUnit4Provider.java:252)
	at org.apache.maven.surefire.junit4.JUnit4Provider.executeTestSet(JUnit4Provider.java:141)
	at org.apache.maven.surefire.junit4.JUnit4Provider.invoke(JUnit4Provider.java:112)
	at sun.reflect.NativeMethodAccessorImpl.invoke0(Native Method)
	at sun.reflect.NativeMethodAccessorImpl.invoke(NativeMethodAccessorImpl.java:62)
	at sun.reflect.DelegatingMethodAccessorImpl.invoke(DelegatingMethodAccessorImpl.java:43)
	at java.lang.reflect.Method.invoke(Method.java:498)
	at org.apache.maven.surefire.util.ReflectionUtils.invokeMethodWithArray(ReflectionUtils.java:189)
	at org.apache.maven.surefire.booter.ProviderFactory$ProviderProxy.invoke(ProviderFactory.java:165)
	at org.apache.maven.surefire.booter.ProviderFactory.invokeProvider(ProviderFactory.java:85)
	at org.apache.maven.surefire.booter.ForkedBooter.runSuitesInProcess(ForkedBooter.java:115)
	at org.apache.maven.surefire.booter.ForkedBooter.main(ForkedBooter.java:75)
</error>
  </testcase>
  <testcase classname="com.spotify.docker.client.DefaultDockerClientTest" name="testCreateServiceWithSecretHostnameHostsAndHealthcheck" time="0.025">
    <error message="java.util.concurrent.ExecutionException: javax.ws.rs.ProcessingException: java.io.IOException: No such file or directory" type="com.spotify.docker.client.exceptions.DockerException">com.spotify.docker.client.exceptions.DockerException: java.util.concurrent.ExecutionException: javax.ws.rs.ProcessingException: java.io.IOException: No such file or directory
	at com.spotify.docker.client.DefaultDockerClient.propagate(DefaultDockerClient.java:2812)
	at com.spotify.docker.client.DefaultDockerClient.request(DefaultDockerClient.java:2676)
	at com.spotify.docker.client.DefaultDockerClient.version(DefaultDockerClient.java:572)
	at com.spotify.docker.client.DefaultDockerClientTest.setup(DefaultDockerClientTest.java:349)
	at sun.reflect.GeneratedMethodAccessor10.invoke(Unknown Source)
	at sun.reflect.DelegatingMethodAccessorImpl.invoke(DelegatingMethodAccessorImpl.java:43)
	at java.lang.reflect.Method.invoke(Method.java:498)
	at org.junit.runners.model.FrameworkMethod$1.runReflectiveCall(FrameworkMethod.java:50)
	at org.junit.internal.runners.model.ReflectiveCallable.run(ReflectiveCallable.java:12)
	at org.junit.runners.model.FrameworkMethod.invokeExplosively(FrameworkMethod.java:47)
	at org.junit.internal.runners.statements.RunBefores.evaluate(RunBefores.java:24)
	at org.junit.internal.runners.statements.RunAfters.evaluate(RunAfters.java:27)
	at org.junit.rules.ExpectedException$ExpectedExceptionStatement.evaluate(ExpectedException.java:239)
	at org.junit.rules.TestWatcher$1.evaluate(TestWatcher.java:55)
	at org.junit.rules.RunRules.evaluate(RunRules.java:20)
	at org.junit.runners.ParentRunner.runLeaf(ParentRunner.java:325)
	at org.junit.runners.BlockJUnit4ClassRunner.runChild(BlockJUnit4ClassRunner.java:78)
	at org.junit.runners.BlockJUnit4ClassRunner.runChild(BlockJUnit4ClassRunner.java:57)
	at org.junit.runners.ParentRunner$3.run(ParentRunner.java:290)
	at org.junit.runners.ParentRunner$1.schedule(ParentRunner.java:71)
	at org.junit.runners.ParentRunner.runChildren(ParentRunner.java:288)
	at org.junit.runners.ParentRunner.access$000(ParentRunner.java:58)
	at org.junit.runners.ParentRunner$2.evaluate(ParentRunner.java:268)
	at org.junit.runners.ParentRunner.run(ParentRunner.java:363)
	at org.apache.maven.surefire.junit4.JUnit4Provider.execute(JUnit4Provider.java:252)
	at org.apache.maven.surefire.junit4.JUnit4Provider.executeTestSet(JUnit4Provider.java:141)
	at org.apache.maven.surefire.junit4.JUnit4Provider.invoke(JUnit4Provider.java:112)
	at sun.reflect.NativeMethodAccessorImpl.invoke0(Native Method)
	at sun.reflect.NativeMethodAccessorImpl.invoke(NativeMethodAccessorImpl.java:62)
	at sun.reflect.DelegatingMethodAccessorImpl.invoke(DelegatingMethodAccessorImpl.java:43)
	at java.lang.reflect.Method.invoke(Method.java:498)
	at org.apache.maven.surefire.util.ReflectionUtils.invokeMethodWithArray(ReflectionUtils.java:189)
	at org.apache.maven.surefire.booter.ProviderFactory$ProviderProxy.invoke(ProviderFactory.java:165)
	at org.apache.maven.surefire.booter.ProviderFactory.invokeProvider(ProviderFactory.java:85)
	at org.apache.maven.surefire.booter.ForkedBooter.runSuitesInProcess(ForkedBooter.java:115)
	at org.apache.maven.surefire.booter.ForkedBooter.main(ForkedBooter.java:75)
Caused by: java.util.concurrent.ExecutionException: javax.ws.rs.ProcessingException: java.io.IOException: No such file or directory
	at jersey.repackaged.com.google.common.util.concurrent.AbstractFuture$Sync.getValue(AbstractFuture.java:299)
	at jersey.repackaged.com.google.common.util.concurrent.AbstractFuture$Sync.get(AbstractFuture.java:286)
	at jersey.repackaged.com.google.common.util.concurrent.AbstractFuture.get(AbstractFuture.java:116)
	at com.spotify.docker.client.DefaultDockerClient.request(DefaultDockerClient.java:2674)
	... 34 more
Caused by: javax.ws.rs.ProcessingException: java.io.IOException: No such file or directory
	at org.glassfish.jersey.apache.connector.ApacheConnector.apply(ApacheConnector.java:481)
	at org.glassfish.jersey.apache.connector.ApacheConnector$1.run(ApacheConnector.java:491)
	at java.util.concurrent.Executors$RunnableAdapter.call(Executors.java:511)
	at java.util.concurrent.FutureTask.run(FutureTask.java:266)
	at jersey.repackaged.com.google.common.util.concurrent.MoreExecutors$DirectExecutorService.execute(MoreExecutors.java:299)
	at java.util.concurrent.AbstractExecutorService.submit(AbstractExecutorService.java:112)
	at jersey.repackaged.com.google.common.util.concurrent.AbstractListeningExecutorService.submit(AbstractListeningExecutorService.java:50)
	at jersey.repackaged.com.google.common.util.concurrent.AbstractListeningExecutorService.submit(AbstractListeningExecutorService.java:37)
	at org.glassfish.jersey.apache.connector.ApacheConnector.apply(ApacheConnector.java:487)
	at org.glassfish.jersey.client.ClientRuntime$2.run(ClientRuntime.java:178)
	at org.glassfish.jersey.internal.Errors$1.call(Errors.java:271)
	at org.glassfish.jersey.internal.Errors$1.call(Errors.java:267)
	at org.glassfish.jersey.internal.Errors.process(Errors.java:315)
	at org.glassfish.jersey.internal.Errors.process(Errors.java:297)
	at org.glassfish.jersey.internal.Errors.process(Errors.java:267)
	at org.glassfish.jersey.process.internal.RequestScope.runInScope(RequestScope.java:340)
	at org.glassfish.jersey.client.ClientRuntime$3.run(ClientRuntime.java:210)
	at java.util.concurrent.Executors$RunnableAdapter.call(Executors.java:511)
	at java.util.concurrent.FutureTask.run(FutureTask.java:266)
	at java.util.concurrent.ThreadPoolExecutor.runWorker(ThreadPoolExecutor.java:1142)
	at java.util.concurrent.ThreadPoolExecutor$Worker.run(ThreadPoolExecutor.java:617)
	at java.lang.Thread.run(Thread.java:745)
Caused by: java.io.IOException: No such file or directory
	at jnr.unixsocket.UnixSocketChannel.doConnect(UnixSocketChannel.java:127)
	at jnr.unixsocket.UnixSocketChannel.connect(UnixSocketChannel.java:136)
	at jnr.unixsocket.UnixSocketChannel.connect(UnixSocketChannel.java:223)
	at com.spotify.docker.client.UnixConnectionSocketFactory.connectSocket(UnixConnectionSocketFactory.java:85)
	at org.apache.http.impl.conn.DefaultHttpClientConnectionOperator.connect(DefaultHttpClientConnectionOperator.java:134)
	at org.apache.http.impl.conn.PoolingHttpClientConnectionManager.connect(PoolingHttpClientConnectionManager.java:353)
	at org.apache.http.impl.execchain.MainClientExec.establishRoute(MainClientExec.java:380)
	at org.apache.http.impl.execchain.MainClientExec.execute(MainClientExec.java:236)
	at org.apache.http.impl.execchain.ProtocolExec.execute(ProtocolExec.java:184)
	at org.apache.http.impl.execchain.RetryExec.execute(RetryExec.java:88)
	at org.apache.http.impl.execchain.RedirectExec.execute(RedirectExec.java:110)
	at org.apache.http.impl.client.InternalHttpClient.doExecute(InternalHttpClient.java:184)
	at org.apache.http.impl.client.CloseableHttpClient.execute(CloseableHttpClient.java:71)
	at org.glassfish.jersey.apache.connector.ApacheConnector.apply(ApacheConnector.java:435)
	... 21 more
</error>
    <system-err>Jun 02, 2018 7:44:39 AM org.apache.http.impl.execchain.RetryExec execute
INFO: I/O exception (java.io.IOException) caught when processing request to {}-&gt;unix://localhost:80: No such file or directory
Jun 02, 2018 7:44:39 AM org.apache.http.impl.execchain.RetryExec execute
INFO: Retrying request to {}-&gt;unix://localhost:80
Jun 02, 2018 7:44:39 AM org.apache.http.impl.execchain.RetryExec execute
INFO: I/O exception (java.io.IOException) caught when processing request to {}-&gt;unix://localhost:80: No such file or directory
Jun 02, 2018 7:44:39 AM org.apache.http.impl.execchain.RetryExec execute
INFO: Retrying request to {}-&gt;unix://localhost:80
Jun 02, 2018 7:44:39 AM org.apache.http.impl.execchain.RetryExec execute
INFO: I/O exception (java.io.IOException) caught when processing request to {}-&gt;unix://localhost:80: No such file or directory
Jun 02, 2018 7:44:39 AM org.apache.http.impl.execchain.RetryExec execute
INFO: Retrying request to {}-&gt;unix://localhost:80
</system-err>
  </testcase>
  <testcase classname="com.spotify.docker.client.DefaultDockerClientTest" name="testCreateServiceWithSecretHostnameHostsAndHealthcheck" time="0.025">
    <error type="java.lang.NullPointerException">java.lang.NullPointerException
	at com.spotify.docker.client.VersionCompare.compareVersion(VersionCompare.java:45)
	at com.spotify.docker.client.DefaultDockerClientTest.dockerApiVersionAtLeast(DefaultDockerClientTest.java:404)
	at com.spotify.docker.client.DefaultDockerClientTest.tearDown(DefaultDockerClientTest.java:356)
	at sun.reflect.GeneratedMethodAccessor11.invoke(Unknown Source)
	at sun.reflect.DelegatingMethodAccessorImpl.invoke(DelegatingMethodAccessorImpl.java:43)
	at java.lang.reflect.Method.invoke(Method.java:498)
	at org.junit.runners.model.FrameworkMethod$1.runReflectiveCall(FrameworkMethod.java:50)
	at org.junit.internal.runners.model.ReflectiveCallable.run(ReflectiveCallable.java:12)
	at org.junit.runners.model.FrameworkMethod.invokeExplosively(FrameworkMethod.java:47)
	at org.junit.internal.runners.statements.RunAfters.evaluate(RunAfters.java:33)
	at org.junit.rules.ExpectedException$ExpectedExceptionStatement.evaluate(ExpectedException.java:239)
	at org.junit.rules.TestWatcher$1.evaluate(TestWatcher.java:55)
	at org.junit.rules.RunRules.evaluate(RunRules.java:20)
	at org.junit.runners.ParentRunner.runLeaf(ParentRunner.java:325)
	at org.junit.runners.BlockJUnit4ClassRunner.runChild(BlockJUnit4ClassRunner.java:78)
	at org.junit.runners.BlockJUnit4ClassRunner.runChild(BlockJUnit4ClassRunner.java:57)
	at org.junit.runners.ParentRunner$3.run(ParentRunner.java:290)
	at org.junit.runners.ParentRunner$1.schedule(ParentRunner.java:71)
	at org.junit.runners.ParentRunner.runChildren(ParentRunner.java:288)
	at org.junit.runners.ParentRunner.access$000(ParentRunner.java:58)
	at org.junit.runners.ParentRunner$2.evaluate(ParentRunner.java:268)
	at org.junit.runners.ParentRunner.run(ParentRunner.java:363)
	at org.apache.maven.surefire.junit4.JUnit4Provider.execute(JUnit4Provider.java:252)
	at org.apache.maven.surefire.junit4.JUnit4Provider.executeTestSet(JUnit4Provider.java:141)
	at org.apache.maven.surefire.junit4.JUnit4Provider.invoke(JUnit4Provider.java:112)
	at sun.reflect.NativeMethodAccessorImpl.invoke0(Native Method)
	at sun.reflect.NativeMethodAccessorImpl.invoke(NativeMethodAccessorImpl.java:62)
	at sun.reflect.DelegatingMethodAccessorImpl.invoke(DelegatingMethodAccessorImpl.java:43)
	at java.lang.reflect.Method.invoke(Method.java:498)
	at org.apache.maven.surefire.util.ReflectionUtils.invokeMethodWithArray(ReflectionUtils.java:189)
	at org.apache.maven.surefire.booter.ProviderFactory$ProviderProxy.invoke(ProviderFactory.java:165)
	at org.apache.maven.surefire.booter.ProviderFactory.invokeProvider(ProviderFactory.java:85)
	at org.apache.maven.surefire.booter.ForkedBooter.runSuitesInProcess(ForkedBooter.java:115)
	at org.apache.maven.surefire.booter.ForkedBooter.main(ForkedBooter.java:75)
</error>
  </testcase>
  <testcase classname="com.spotify.docker.client.DefaultDockerClientTest" name="testSsl" time="0.027">
    <error message="java.util.concurrent.ExecutionException: javax.ws.rs.ProcessingException: java.io.IOException: No such file or directory" type="com.spotify.docker.client.exceptions.DockerException">com.spotify.docker.client.exceptions.DockerException: java.util.concurrent.ExecutionException: javax.ws.rs.ProcessingException: java.io.IOException: No such file or directory
	at com.spotify.docker.client.DefaultDockerClient.propagate(DefaultDockerClient.java:2812)
	at com.spotify.docker.client.DefaultDockerClient.request(DefaultDockerClient.java:2676)
	at com.spotify.docker.client.DefaultDockerClient.version(DefaultDockerClient.java:572)
	at com.spotify.docker.client.DefaultDockerClientTest.setup(DefaultDockerClientTest.java:349)
	at sun.reflect.GeneratedMethodAccessor10.invoke(Unknown Source)
	at sun.reflect.DelegatingMethodAccessorImpl.invoke(DelegatingMethodAccessorImpl.java:43)
	at java.lang.reflect.Method.invoke(Method.java:498)
	at org.junit.runners.model.FrameworkMethod$1.runReflectiveCall(FrameworkMethod.java:50)
	at org.junit.internal.runners.model.ReflectiveCallable.run(ReflectiveCallable.java:12)
	at org.junit.runners.model.FrameworkMethod.invokeExplosively(FrameworkMethod.java:47)
	at org.junit.internal.runners.statements.RunBefores.evaluate(RunBefores.java:24)
	at org.junit.internal.runners.statements.RunAfters.evaluate(RunAfters.java:27)
	at org.junit.rules.ExpectedException$ExpectedExceptionStatement.evaluate(ExpectedException.java:239)
	at org.junit.rules.TestWatcher$1.evaluate(TestWatcher.java:55)
	at org.junit.rules.RunRules.evaluate(RunRules.java:20)
	at org.junit.runners.ParentRunner.runLeaf(ParentRunner.java:325)
	at org.junit.runners.BlockJUnit4ClassRunner.runChild(BlockJUnit4ClassRunner.java:78)
	at org.junit.runners.BlockJUnit4ClassRunner.runChild(BlockJUnit4ClassRunner.java:57)
	at org.junit.runners.ParentRunner$3.run(ParentRunner.java:290)
	at org.junit.runners.ParentRunner$1.schedule(ParentRunner.java:71)
	at org.junit.runners.ParentRunner.runChildren(ParentRunner.java:288)
	at org.junit.runners.ParentRunner.access$000(ParentRunner.java:58)
	at org.junit.runners.ParentRunner$2.evaluate(ParentRunner.java:268)
	at org.junit.runners.ParentRunner.run(ParentRunner.java:363)
	at org.apache.maven.surefire.junit4.JUnit4Provider.execute(JUnit4Provider.java:252)
	at org.apache.maven.surefire.junit4.JUnit4Provider.executeTestSet(JUnit4Provider.java:141)
	at org.apache.maven.surefire.junit4.JUnit4Provider.invoke(JUnit4Provider.java:112)
	at sun.reflect.NativeMethodAccessorImpl.invoke0(Native Method)
	at sun.reflect.NativeMethodAccessorImpl.invoke(NativeMethodAccessorImpl.java:62)
	at sun.reflect.DelegatingMethodAccessorImpl.invoke(DelegatingMethodAccessorImpl.java:43)
	at java.lang.reflect.Method.invoke(Method.java:498)
	at org.apache.maven.surefire.util.ReflectionUtils.invokeMethodWithArray(ReflectionUtils.java:189)
	at org.apache.maven.surefire.booter.ProviderFactory$ProviderProxy.invoke(ProviderFactory.java:165)
	at org.apache.maven.surefire.booter.ProviderFactory.invokeProvider(ProviderFactory.java:85)
	at org.apache.maven.surefire.booter.ForkedBooter.runSuitesInProcess(ForkedBooter.java:115)
	at org.apache.maven.surefire.booter.ForkedBooter.main(ForkedBooter.java:75)
Caused by: java.util.concurrent.ExecutionException: javax.ws.rs.ProcessingException: java.io.IOException: No such file or directory
	at jersey.repackaged.com.google.common.util.concurrent.AbstractFuture$Sync.getValue(AbstractFuture.java:299)
	at jersey.repackaged.com.google.common.util.concurrent.AbstractFuture$Sync.get(AbstractFuture.java:286)
	at jersey.repackaged.com.google.common.util.concurrent.AbstractFuture.get(AbstractFuture.java:116)
	at com.spotify.docker.client.DefaultDockerClient.request(DefaultDockerClient.java:2674)
	... 34 more
Caused by: javax.ws.rs.ProcessingException: java.io.IOException: No such file or directory
	at org.glassfish.jersey.apache.connector.ApacheConnector.apply(ApacheConnector.java:481)
	at org.glassfish.jersey.apache.connector.ApacheConnector$1.run(ApacheConnector.java:491)
	at java.util.concurrent.Executors$RunnableAdapter.call(Executors.java:511)
	at java.util.concurrent.FutureTask.run(FutureTask.java:266)
	at jersey.repackaged.com.google.common.util.concurrent.MoreExecutors$DirectExecutorService.execute(MoreExecutors.java:299)
	at java.util.concurrent.AbstractExecutorService.submit(AbstractExecutorService.java:112)
	at jersey.repackaged.com.google.common.util.concurrent.AbstractListeningExecutorService.submit(AbstractListeningExecutorService.java:50)
	at jersey.repackaged.com.google.common.util.concurrent.AbstractListeningExecutorService.submit(AbstractListeningExecutorService.java:37)
	at org.glassfish.jersey.apache.connector.ApacheConnector.apply(ApacheConnector.java:487)
	at org.glassfish.jersey.client.ClientRuntime$2.run(ClientRuntime.java:178)
	at org.glassfish.jersey.internal.Errors$1.call(Errors.java:271)
	at org.glassfish.jersey.internal.Errors$1.call(Errors.java:267)
	at org.glassfish.jersey.internal.Errors.process(Errors.java:315)
	at org.glassfish.jersey.internal.Errors.process(Errors.java:297)
	at org.glassfish.jersey.internal.Errors.process(Errors.java:267)
	at org.glassfish.jersey.process.internal.RequestScope.runInScope(RequestScope.java:340)
	at org.glassfish.jersey.client.ClientRuntime$3.run(ClientRuntime.java:210)
	at java.util.concurrent.Executors$RunnableAdapter.call(Executors.java:511)
	at java.util.concurrent.FutureTask.run(FutureTask.java:266)
	at java.util.concurrent.ThreadPoolExecutor.runWorker(ThreadPoolExecutor.java:1142)
	at java.util.concurrent.ThreadPoolExecutor$Worker.run(ThreadPoolExecutor.java:617)
	at java.lang.Thread.run(Thread.java:745)
Caused by: java.io.IOException: No such file or directory
	at jnr.unixsocket.UnixSocketChannel.doConnect(UnixSocketChannel.java:127)
	at jnr.unixsocket.UnixSocketChannel.connect(UnixSocketChannel.java:136)
	at jnr.unixsocket.UnixSocketChannel.connect(UnixSocketChannel.java:223)
	at com.spotify.docker.client.UnixConnectionSocketFactory.connectSocket(UnixConnectionSocketFactory.java:85)
	at org.apache.http.impl.conn.DefaultHttpClientConnectionOperator.connect(DefaultHttpClientConnectionOperator.java:134)
	at org.apache.http.impl.conn.PoolingHttpClientConnectionManager.connect(PoolingHttpClientConnectionManager.java:353)
	at org.apache.http.impl.execchain.MainClientExec.establishRoute(MainClientExec.java:380)
	at org.apache.http.impl.execchain.MainClientExec.execute(MainClientExec.java:236)
	at org.apache.http.impl.execchain.ProtocolExec.execute(ProtocolExec.java:184)
	at org.apache.http.impl.execchain.RetryExec.execute(RetryExec.java:88)
	at org.apache.http.impl.execchain.RedirectExec.execute(RedirectExec.java:110)
	at org.apache.http.impl.client.InternalHttpClient.doExecute(InternalHttpClient.java:184)
	at org.apache.http.impl.client.CloseableHttpClient.execute(CloseableHttpClient.java:71)
	at org.glassfish.jersey.apache.connector.ApacheConnector.apply(ApacheConnector.java:435)
	... 21 more
</error>
    <system-err>Jun 02, 2018 7:44:39 AM org.apache.http.impl.execchain.RetryExec execute
INFO: I/O exception (java.io.IOException) caught when processing request to {}-&gt;unix://localhost:80: No such file or directory
Jun 02, 2018 7:44:39 AM org.apache.http.impl.execchain.RetryExec execute
INFO: Retrying request to {}-&gt;unix://localhost:80
Jun 02, 2018 7:44:39 AM org.apache.http.impl.execchain.RetryExec execute
INFO: I/O exception (java.io.IOException) caught when processing request to {}-&gt;unix://localhost:80: No such file or directory
Jun 02, 2018 7:44:39 AM org.apache.http.impl.execchain.RetryExec execute
INFO: Retrying request to {}-&gt;unix://localhost:80
Jun 02, 2018 7:44:39 AM org.apache.http.impl.execchain.RetryExec execute
INFO: I/O exception (java.io.IOException) caught when processing request to {}-&gt;unix://localhost:80: No such file or directory
Jun 02, 2018 7:44:39 AM org.apache.http.impl.execchain.RetryExec execute
INFO: Retrying request to {}-&gt;unix://localhost:80
</system-err>
  </testcase>
  <testcase classname="com.spotify.docker.client.DefaultDockerClientTest" name="testSsl" time="0.027">
    <error type="java.lang.NullPointerException">java.lang.NullPointerException
	at com.spotify.docker.client.VersionCompare.compareVersion(VersionCompare.java:45)
	at com.spotify.docker.client.DefaultDockerClientTest.dockerApiVersionAtLeast(DefaultDockerClientTest.java:404)
	at com.spotify.docker.client.DefaultDockerClientTest.tearDown(DefaultDockerClientTest.java:356)
	at sun.reflect.GeneratedMethodAccessor11.invoke(Unknown Source)
	at sun.reflect.DelegatingMethodAccessorImpl.invoke(DelegatingMethodAccessorImpl.java:43)
	at java.lang.reflect.Method.invoke(Method.java:498)
	at org.junit.runners.model.FrameworkMethod$1.runReflectiveCall(FrameworkMethod.java:50)
	at org.junit.internal.runners.model.ReflectiveCallable.run(ReflectiveCallable.java:12)
	at org.junit.runners.model.FrameworkMethod.invokeExplosively(FrameworkMethod.java:47)
	at org.junit.internal.runners.statements.RunAfters.evaluate(RunAfters.java:33)
	at org.junit.rules.ExpectedException$ExpectedExceptionStatement.evaluate(ExpectedException.java:239)
	at org.junit.rules.TestWatcher$1.evaluate(TestWatcher.java:55)
	at org.junit.rules.RunRules.evaluate(RunRules.java:20)
	at org.junit.runners.ParentRunner.runLeaf(ParentRunner.java:325)
	at org.junit.runners.BlockJUnit4ClassRunner.runChild(BlockJUnit4ClassRunner.java:78)
	at org.junit.runners.BlockJUnit4ClassRunner.runChild(BlockJUnit4ClassRunner.java:57)
	at org.junit.runners.ParentRunner$3.run(ParentRunner.java:290)
	at org.junit.runners.ParentRunner$1.schedule(ParentRunner.java:71)
	at org.junit.runners.ParentRunner.runChildren(ParentRunner.java:288)
	at org.junit.runners.ParentRunner.access$000(ParentRunner.java:58)
	at org.junit.runners.ParentRunner$2.evaluate(ParentRunner.java:268)
	at org.junit.runners.ParentRunner.run(ParentRunner.java:363)
	at org.apache.maven.surefire.junit4.JUnit4Provider.execute(JUnit4Provider.java:252)
	at org.apache.maven.surefire.junit4.JUnit4Provider.executeTestSet(JUnit4Provider.java:141)
	at org.apache.maven.surefire.junit4.JUnit4Provider.invoke(JUnit4Provider.java:112)
	at sun.reflect.NativeMethodAccessorImpl.invoke0(Native Method)
	at sun.reflect.NativeMethodAccessorImpl.invoke(NativeMethodAccessorImpl.java:62)
	at sun.reflect.DelegatingMethodAccessorImpl.invoke(DelegatingMethodAccessorImpl.java:43)
	at java.lang.reflect.Method.invoke(Method.java:498)
	at org.apache.maven.surefire.util.ReflectionUtils.invokeMethodWithArray(ReflectionUtils.java:189)
	at org.apache.maven.surefire.booter.ProviderFactory$ProviderProxy.invoke(ProviderFactory.java:165)
	at org.apache.maven.surefire.booter.ProviderFactory.invokeProvider(ProviderFactory.java:85)
	at org.apache.maven.surefire.booter.ForkedBooter.runSuitesInProcess(ForkedBooter.java:115)
	at org.apache.maven.surefire.booter.ForkedBooter.main(ForkedBooter.java:75)
</error>
  </testcase>
  <testcase classname="com.spotify.docker.client.DefaultDockerClientTest" name="testTag" time="0.03">
    <error message="java.util.concurrent.ExecutionException: javax.ws.rs.ProcessingException: java.io.IOException: No such file or directory" type="com.spotify.docker.client.exceptions.DockerException">com.spotify.docker.client.exceptions.DockerException: java.util.concurrent.ExecutionException: javax.ws.rs.ProcessingException: java.io.IOException: No such file or directory
	at com.spotify.docker.client.DefaultDockerClient.propagate(DefaultDockerClient.java:2812)
	at com.spotify.docker.client.DefaultDockerClient.request(DefaultDockerClient.java:2676)
	at com.spotify.docker.client.DefaultDockerClient.version(DefaultDockerClient.java:572)
	at com.spotify.docker.client.DefaultDockerClientTest.setup(DefaultDockerClientTest.java:349)
	at sun.reflect.GeneratedMethodAccessor10.invoke(Unknown Source)
	at sun.reflect.DelegatingMethodAccessorImpl.invoke(DelegatingMethodAccessorImpl.java:43)
	at java.lang.reflect.Method.invoke(Method.java:498)
	at org.junit.runners.model.FrameworkMethod$1.runReflectiveCall(FrameworkMethod.java:50)
	at org.junit.internal.runners.model.ReflectiveCallable.run(ReflectiveCallable.java:12)
	at org.junit.runners.model.FrameworkMethod.invokeExplosively(FrameworkMethod.java:47)
	at org.junit.internal.runners.statements.RunBefores.evaluate(RunBefores.java:24)
	at org.junit.internal.runners.statements.RunAfters.evaluate(RunAfters.java:27)
	at org.junit.rules.ExpectedException$ExpectedExceptionStatement.evaluate(ExpectedException.java:239)
	at org.junit.rules.TestWatcher$1.evaluate(TestWatcher.java:55)
	at org.junit.rules.RunRules.evaluate(RunRules.java:20)
	at org.junit.runners.ParentRunner.runLeaf(ParentRunner.java:325)
	at org.junit.runners.BlockJUnit4ClassRunner.runChild(BlockJUnit4ClassRunner.java:78)
	at org.junit.runners.BlockJUnit4ClassRunner.runChild(BlockJUnit4ClassRunner.java:57)
	at org.junit.runners.ParentRunner$3.run(ParentRunner.java:290)
	at org.junit.runners.ParentRunner$1.schedule(ParentRunner.java:71)
	at org.junit.runners.ParentRunner.runChildren(ParentRunner.java:288)
	at org.junit.runners.ParentRunner.access$000(ParentRunner.java:58)
	at org.junit.runners.ParentRunner$2.evaluate(ParentRunner.java:268)
	at org.junit.runners.ParentRunner.run(ParentRunner.java:363)
	at org.apache.maven.surefire.junit4.JUnit4Provider.execute(JUnit4Provider.java:252)
	at org.apache.maven.surefire.junit4.JUnit4Provider.executeTestSet(JUnit4Provider.java:141)
	at org.apache.maven.surefire.junit4.JUnit4Provider.invoke(JUnit4Provider.java:112)
	at sun.reflect.NativeMethodAccessorImpl.invoke0(Native Method)
	at sun.reflect.NativeMethodAccessorImpl.invoke(NativeMethodAccessorImpl.java:62)
	at sun.reflect.DelegatingMethodAccessorImpl.invoke(DelegatingMethodAccessorImpl.java:43)
	at java.lang.reflect.Method.invoke(Method.java:498)
	at org.apache.maven.surefire.util.ReflectionUtils.invokeMethodWithArray(ReflectionUtils.java:189)
	at org.apache.maven.surefire.booter.ProviderFactory$ProviderProxy.invoke(ProviderFactory.java:165)
	at org.apache.maven.surefire.booter.ProviderFactory.invokeProvider(ProviderFactory.java:85)
	at org.apache.maven.surefire.booter.ForkedBooter.runSuitesInProcess(ForkedBooter.java:115)
	at org.apache.maven.surefire.booter.ForkedBooter.main(ForkedBooter.java:75)
Caused by: java.util.concurrent.ExecutionException: javax.ws.rs.ProcessingException: java.io.IOException: No such file or directory
	at jersey.repackaged.com.google.common.util.concurrent.AbstractFuture$Sync.getValue(AbstractFuture.java:299)
	at jersey.repackaged.com.google.common.util.concurrent.AbstractFuture$Sync.get(AbstractFuture.java:286)
	at jersey.repackaged.com.google.common.util.concurrent.AbstractFuture.get(AbstractFuture.java:116)
	at com.spotify.docker.client.DefaultDockerClient.request(DefaultDockerClient.java:2674)
	... 34 more
Caused by: javax.ws.rs.ProcessingException: java.io.IOException: No such file or directory
	at org.glassfish.jersey.apache.connector.ApacheConnector.apply(ApacheConnector.java:481)
	at org.glassfish.jersey.apache.connector.ApacheConnector$1.run(ApacheConnector.java:491)
	at java.util.concurrent.Executors$RunnableAdapter.call(Executors.java:511)
	at java.util.concurrent.FutureTask.run(FutureTask.java:266)
	at jersey.repackaged.com.google.common.util.concurrent.MoreExecutors$DirectExecutorService.execute(MoreExecutors.java:299)
	at java.util.concurrent.AbstractExecutorService.submit(AbstractExecutorService.java:112)
	at jersey.repackaged.com.google.common.util.concurrent.AbstractListeningExecutorService.submit(AbstractListeningExecutorService.java:50)
	at jersey.repackaged.com.google.common.util.concurrent.AbstractListeningExecutorService.submit(AbstractListeningExecutorService.java:37)
	at org.glassfish.jersey.apache.connector.ApacheConnector.apply(ApacheConnector.java:487)
	at org.glassfish.jersey.client.ClientRuntime$2.run(ClientRuntime.java:178)
	at org.glassfish.jersey.internal.Errors$1.call(Errors.java:271)
	at org.glassfish.jersey.internal.Errors$1.call(Errors.java:267)
	at org.glassfish.jersey.internal.Errors.process(Errors.java:315)
	at org.glassfish.jersey.internal.Errors.process(Errors.java:297)
	at org.glassfish.jersey.internal.Errors.process(Errors.java:267)
	at org.glassfish.jersey.process.internal.RequestScope.runInScope(RequestScope.java:340)
	at org.glassfish.jersey.client.ClientRuntime$3.run(ClientRuntime.java:210)
	at java.util.concurrent.Executors$RunnableAdapter.call(Executors.java:511)
	at java.util.concurrent.FutureTask.run(FutureTask.java:266)
	at java.util.concurrent.ThreadPoolExecutor.runWorker(ThreadPoolExecutor.java:1142)
	at java.util.concurrent.ThreadPoolExecutor$Worker.run(ThreadPoolExecutor.java:617)
	at java.lang.Thread.run(Thread.java:745)
Caused by: java.io.IOException: No such file or directory
	at jnr.unixsocket.UnixSocketChannel.doConnect(UnixSocketChannel.java:127)
	at jnr.unixsocket.UnixSocketChannel.connect(UnixSocketChannel.java:136)
	at jnr.unixsocket.UnixSocketChannel.connect(UnixSocketChannel.java:223)
	at com.spotify.docker.client.UnixConnectionSocketFactory.connectSocket(UnixConnectionSocketFactory.java:85)
	at org.apache.http.impl.conn.DefaultHttpClientConnectionOperator.connect(DefaultHttpClientConnectionOperator.java:134)
	at org.apache.http.impl.conn.PoolingHttpClientConnectionManager.connect(PoolingHttpClientConnectionManager.java:353)
	at org.apache.http.impl.execchain.MainClientExec.establishRoute(MainClientExec.java:380)
	at org.apache.http.impl.execchain.MainClientExec.execute(MainClientExec.java:236)
	at org.apache.http.impl.execchain.ProtocolExec.execute(ProtocolExec.java:184)
	at org.apache.http.impl.execchain.RetryExec.execute(RetryExec.java:88)
	at org.apache.http.impl.execchain.RedirectExec.execute(RedirectExec.java:110)
	at org.apache.http.impl.client.InternalHttpClient.doExecute(InternalHttpClient.java:184)
	at org.apache.http.impl.client.CloseableHttpClient.execute(CloseableHttpClient.java:71)
	at org.glassfish.jersey.apache.connector.ApacheConnector.apply(ApacheConnector.java:435)
	... 21 more
</error>
    <system-err>Jun 02, 2018 7:44:39 AM org.apache.http.impl.execchain.RetryExec execute
INFO: I/O exception (java.io.IOException) caught when processing request to {}-&gt;unix://localhost:80: No such file or directory
Jun 02, 2018 7:44:39 AM org.apache.http.impl.execchain.RetryExec execute
INFO: Retrying request to {}-&gt;unix://localhost:80
Jun 02, 2018 7:44:39 AM org.apache.http.impl.execchain.RetryExec execute
INFO: I/O exception (java.io.IOException) caught when processing request to {}-&gt;unix://localhost:80: No such file or directory
Jun 02, 2018 7:44:39 AM org.apache.http.impl.execchain.RetryExec execute
INFO: Retrying request to {}-&gt;unix://localhost:80
Jun 02, 2018 7:44:39 AM org.apache.http.impl.execchain.RetryExec execute
INFO: I/O exception (java.io.IOException) caught when processing request to {}-&gt;unix://localhost:80: No such file or directory
Jun 02, 2018 7:44:39 AM org.apache.http.impl.execchain.RetryExec execute
INFO: Retrying request to {}-&gt;unix://localhost:80
</system-err>
  </testcase>
  <testcase classname="com.spotify.docker.client.DefaultDockerClientTest" name="testTag" time="0.031">
    <error type="java.lang.NullPointerException">java.lang.NullPointerException
	at com.spotify.docker.client.VersionCompare.compareVersion(VersionCompare.java:45)
	at com.spotify.docker.client.DefaultDockerClientTest.dockerApiVersionAtLeast(DefaultDockerClientTest.java:404)
	at com.spotify.docker.client.DefaultDockerClientTest.tearDown(DefaultDockerClientTest.java:356)
	at sun.reflect.GeneratedMethodAccessor11.invoke(Unknown Source)
	at sun.reflect.DelegatingMethodAccessorImpl.invoke(DelegatingMethodAccessorImpl.java:43)
	at java.lang.reflect.Method.invoke(Method.java:498)
	at org.junit.runners.model.FrameworkMethod$1.runReflectiveCall(FrameworkMethod.java:50)
	at org.junit.internal.runners.model.ReflectiveCallable.run(ReflectiveCallable.java:12)
	at org.junit.runners.model.FrameworkMethod.invokeExplosively(FrameworkMethod.java:47)
	at org.junit.internal.runners.statements.RunAfters.evaluate(RunAfters.java:33)
	at org.junit.rules.ExpectedException$ExpectedExceptionStatement.evaluate(ExpectedException.java:239)
	at org.junit.rules.TestWatcher$1.evaluate(TestWatcher.java:55)
	at org.junit.rules.RunRules.evaluate(RunRules.java:20)
	at org.junit.runners.ParentRunner.runLeaf(ParentRunner.java:325)
	at org.junit.runners.BlockJUnit4ClassRunner.runChild(BlockJUnit4ClassRunner.java:78)
	at org.junit.runners.BlockJUnit4ClassRunner.runChild(BlockJUnit4ClassRunner.java:57)
	at org.junit.runners.ParentRunner$3.run(ParentRunner.java:290)
	at org.junit.runners.ParentRunner$1.schedule(ParentRunner.java:71)
	at org.junit.runners.ParentRunner.runChildren(ParentRunner.java:288)
	at org.junit.runners.ParentRunner.access$000(ParentRunner.java:58)
	at org.junit.runners.ParentRunner$2.evaluate(ParentRunner.java:268)
	at org.junit.runners.ParentRunner.run(ParentRunner.java:363)
	at org.apache.maven.surefire.junit4.JUnit4Provider.execute(JUnit4Provider.java:252)
	at org.apache.maven.surefire.junit4.JUnit4Provider.executeTestSet(JUnit4Provider.java:141)
	at org.apache.maven.surefire.junit4.JUnit4Provider.invoke(JUnit4Provider.java:112)
	at sun.reflect.NativeMethodAccessorImpl.invoke0(Native Method)
	at sun.reflect.NativeMethodAccessorImpl.invoke(NativeMethodAccessorImpl.java:62)
	at sun.reflect.DelegatingMethodAccessorImpl.invoke(DelegatingMethodAccessorImpl.java:43)
	at java.lang.reflect.Method.invoke(Method.java:498)
	at org.apache.maven.surefire.util.ReflectionUtils.invokeMethodWithArray(ReflectionUtils.java:189)
	at org.apache.maven.surefire.booter.ProviderFactory$ProviderProxy.invoke(ProviderFactory.java:165)
	at org.apache.maven.surefire.booter.ProviderFactory.invokeProvider(ProviderFactory.java:85)
	at org.apache.maven.surefire.booter.ForkedBooter.runSuitesInProcess(ForkedBooter.java:115)
	at org.apache.maven.surefire.booter.ForkedBooter.main(ForkedBooter.java:75)
</error>
  </testcase>
  <testcase classname="com.spotify.docker.client.DefaultDockerClientTest" name="testCreateServiceWithDefaults" time="0.1">
    <error message="java.util.concurrent.ExecutionException: javax.ws.rs.ProcessingException: java.io.IOException: No such file or directory" type="com.spotify.docker.client.exceptions.DockerException">com.spotify.docker.client.exceptions.DockerException: java.util.concurrent.ExecutionException: javax.ws.rs.ProcessingException: java.io.IOException: No such file or directory
	at com.spotify.docker.client.DefaultDockerClient.propagate(DefaultDockerClient.java:2812)
	at com.spotify.docker.client.DefaultDockerClient.request(DefaultDockerClient.java:2676)
	at com.spotify.docker.client.DefaultDockerClient.version(DefaultDockerClient.java:572)
	at com.spotify.docker.client.DefaultDockerClientTest.setup(DefaultDockerClientTest.java:349)
	at sun.reflect.GeneratedMethodAccessor10.invoke(Unknown Source)
	at sun.reflect.DelegatingMethodAccessorImpl.invoke(DelegatingMethodAccessorImpl.java:43)
	at java.lang.reflect.Method.invoke(Method.java:498)
	at org.junit.runners.model.FrameworkMethod$1.runReflectiveCall(FrameworkMethod.java:50)
	at org.junit.internal.runners.model.ReflectiveCallable.run(ReflectiveCallable.java:12)
	at org.junit.runners.model.FrameworkMethod.invokeExplosively(FrameworkMethod.java:47)
	at org.junit.internal.runners.statements.RunBefores.evaluate(RunBefores.java:24)
	at org.junit.internal.runners.statements.RunAfters.evaluate(RunAfters.java:27)
	at org.junit.rules.ExpectedException$ExpectedExceptionStatement.evaluate(ExpectedException.java:239)
	at org.junit.rules.TestWatcher$1.evaluate(TestWatcher.java:55)
	at org.junit.rules.RunRules.evaluate(RunRules.java:20)
	at org.junit.runners.ParentRunner.runLeaf(ParentRunner.java:325)
	at org.junit.runners.BlockJUnit4ClassRunner.runChild(BlockJUnit4ClassRunner.java:78)
	at org.junit.runners.BlockJUnit4ClassRunner.runChild(BlockJUnit4ClassRunner.java:57)
	at org.junit.runners.ParentRunner$3.run(ParentRunner.java:290)
	at org.junit.runners.ParentRunner$1.schedule(ParentRunner.java:71)
	at org.junit.runners.ParentRunner.runChildren(ParentRunner.java:288)
	at org.junit.runners.ParentRunner.access$000(ParentRunner.java:58)
	at org.junit.runners.ParentRunner$2.evaluate(ParentRunner.java:268)
	at org.junit.runners.ParentRunner.run(ParentRunner.java:363)
	at org.apache.maven.surefire.junit4.JUnit4Provider.execute(JUnit4Provider.java:252)
	at org.apache.maven.surefire.junit4.JUnit4Provider.executeTestSet(JUnit4Provider.java:141)
	at org.apache.maven.surefire.junit4.JUnit4Provider.invoke(JUnit4Provider.java:112)
	at sun.reflect.NativeMethodAccessorImpl.invoke0(Native Method)
	at sun.reflect.NativeMethodAccessorImpl.invoke(NativeMethodAccessorImpl.java:62)
	at sun.reflect.DelegatingMethodAccessorImpl.invoke(DelegatingMethodAccessorImpl.java:43)
	at java.lang.reflect.Method.invoke(Method.java:498)
	at org.apache.maven.surefire.util.ReflectionUtils.invokeMethodWithArray(ReflectionUtils.java:189)
	at org.apache.maven.surefire.booter.ProviderFactory$ProviderProxy.invoke(ProviderFactory.java:165)
	at org.apache.maven.surefire.booter.ProviderFactory.invokeProvider(ProviderFactory.java:85)
	at org.apache.maven.surefire.booter.ForkedBooter.runSuitesInProcess(ForkedBooter.java:115)
	at org.apache.maven.surefire.booter.ForkedBooter.main(ForkedBooter.java:75)
Caused by: java.util.concurrent.ExecutionException: javax.ws.rs.ProcessingException: java.io.IOException: No such file or directory
	at jersey.repackaged.com.google.common.util.concurrent.AbstractFuture$Sync.getValue(AbstractFuture.java:299)
	at jersey.repackaged.com.google.common.util.concurrent.AbstractFuture$Sync.get(AbstractFuture.java:286)
	at jersey.repackaged.com.google.common.util.concurrent.AbstractFuture.get(AbstractFuture.java:116)
	at com.spotify.docker.client.DefaultDockerClient.request(DefaultDockerClient.java:2674)
	... 34 more
Caused by: javax.ws.rs.ProcessingException: java.io.IOException: No such file or directory
	at org.glassfish.jersey.apache.connector.ApacheConnector.apply(ApacheConnector.java:481)
	at org.glassfish.jersey.apache.connector.ApacheConnector$1.run(ApacheConnector.java:491)
	at java.util.concurrent.Executors$RunnableAdapter.call(Executors.java:511)
	at java.util.concurrent.FutureTask.run(FutureTask.java:266)
	at jersey.repackaged.com.google.common.util.concurrent.MoreExecutors$DirectExecutorService.execute(MoreExecutors.java:299)
	at java.util.concurrent.AbstractExecutorService.submit(AbstractExecutorService.java:112)
	at jersey.repackaged.com.google.common.util.concurrent.AbstractListeningExecutorService.submit(AbstractListeningExecutorService.java:50)
	at jersey.repackaged.com.google.common.util.concurrent.AbstractListeningExecutorService.submit(AbstractListeningExecutorService.java:37)
	at org.glassfish.jersey.apache.connector.ApacheConnector.apply(ApacheConnector.java:487)
	at org.glassfish.jersey.client.ClientRuntime$2.run(ClientRuntime.java:178)
	at org.glassfish.jersey.internal.Errors$1.call(Errors.java:271)
	at org.glassfish.jersey.internal.Errors$1.call(Errors.java:267)
	at org.glassfish.jersey.internal.Errors.process(Errors.java:315)
	at org.glassfish.jersey.internal.Errors.process(Errors.java:297)
	at org.glassfish.jersey.internal.Errors.process(Errors.java:267)
	at org.glassfish.jersey.process.internal.RequestScope.runInScope(RequestScope.java:340)
	at org.glassfish.jersey.client.ClientRuntime$3.run(ClientRuntime.java:210)
	at java.util.concurrent.Executors$RunnableAdapter.call(Executors.java:511)
	at java.util.concurrent.FutureTask.run(FutureTask.java:266)
	at java.util.concurrent.ThreadPoolExecutor.runWorker(ThreadPoolExecutor.java:1142)
	at java.util.concurrent.ThreadPoolExecutor$Worker.run(ThreadPoolExecutor.java:617)
	at java.lang.Thread.run(Thread.java:745)
Caused by: java.io.IOException: No such file or directory
	at jnr.unixsocket.UnixSocketChannel.doConnect(UnixSocketChannel.java:127)
	at jnr.unixsocket.UnixSocketChannel.connect(UnixSocketChannel.java:136)
	at jnr.unixsocket.UnixSocketChannel.connect(UnixSocketChannel.java:223)
	at com.spotify.docker.client.UnixConnectionSocketFactory.connectSocket(UnixConnectionSocketFactory.java:85)
	at org.apache.http.impl.conn.DefaultHttpClientConnectionOperator.connect(DefaultHttpClientConnectionOperator.java:134)
	at org.apache.http.impl.conn.PoolingHttpClientConnectionManager.connect(PoolingHttpClientConnectionManager.java:353)
	at org.apache.http.impl.execchain.MainClientExec.establishRoute(MainClientExec.java:380)
	at org.apache.http.impl.execchain.MainClientExec.execute(MainClientExec.java:236)
	at org.apache.http.impl.execchain.ProtocolExec.execute(ProtocolExec.java:184)
	at org.apache.http.impl.execchain.RetryExec.execute(RetryExec.java:88)
	at org.apache.http.impl.execchain.RedirectExec.execute(RedirectExec.java:110)
	at org.apache.http.impl.client.InternalHttpClient.doExecute(InternalHttpClient.java:184)
	at org.apache.http.impl.client.CloseableHttpClient.execute(CloseableHttpClient.java:71)
	at org.glassfish.jersey.apache.connector.ApacheConnector.apply(ApacheConnector.java:435)
	... 21 more
</error>
    <system-err>Jun 02, 2018 7:44:39 AM org.apache.http.impl.execchain.RetryExec execute
INFO: I/O exception (java.io.IOException) caught when processing request to {}-&gt;unix://localhost:80: No such file or directory
Jun 02, 2018 7:44:39 AM org.apache.http.impl.execchain.RetryExec execute
INFO: Retrying request to {}-&gt;unix://localhost:80
Jun 02, 2018 7:44:39 AM org.apache.http.impl.execchain.RetryExec execute
INFO: I/O exception (java.io.IOException) caught when processing request to {}-&gt;unix://localhost:80: No such file or directory
Jun 02, 2018 7:44:39 AM org.apache.http.impl.execchain.RetryExec execute
INFO: Retrying request to {}-&gt;unix://localhost:80
Jun 02, 2018 7:44:39 AM org.apache.http.impl.execchain.RetryExec execute
INFO: I/O exception (java.io.IOException) caught when processing request to {}-&gt;unix://localhost:80: No such file or directory
Jun 02, 2018 7:44:39 AM org.apache.http.impl.execchain.RetryExec execute
INFO: Retrying request to {}-&gt;unix://localhost:80
</system-err>
  </testcase>
  <testcase classname="com.spotify.docker.client.DefaultDockerClientTest" name="testCreateServiceWithDefaults" time="0.1">
    <error type="java.lang.NullPointerException">java.lang.NullPointerException
	at com.spotify.docker.client.VersionCompare.compareVersion(VersionCompare.java:45)
	at com.spotify.docker.client.DefaultDockerClientTest.dockerApiVersionAtLeast(DefaultDockerClientTest.java:404)
	at com.spotify.docker.client.DefaultDockerClientTest.tearDown(DefaultDockerClientTest.java:356)
	at sun.reflect.GeneratedMethodAccessor11.invoke(Unknown Source)
	at sun.reflect.DelegatingMethodAccessorImpl.invoke(DelegatingMethodAccessorImpl.java:43)
	at java.lang.reflect.Method.invoke(Method.java:498)
	at org.junit.runners.model.FrameworkMethod$1.runReflectiveCall(FrameworkMethod.java:50)
	at org.junit.internal.runners.model.ReflectiveCallable.run(ReflectiveCallable.java:12)
	at org.junit.runners.model.FrameworkMethod.invokeExplosively(FrameworkMethod.java:47)
	at org.junit.internal.runners.statements.RunAfters.evaluate(RunAfters.java:33)
	at org.junit.rules.ExpectedException$ExpectedExceptionStatement.evaluate(ExpectedException.java:239)
	at org.junit.rules.TestWatcher$1.evaluate(TestWatcher.java:55)
	at org.junit.rules.RunRules.evaluate(RunRules.java:20)
	at org.junit.runners.ParentRunner.runLeaf(ParentRunner.java:325)
	at org.junit.runners.BlockJUnit4ClassRunner.runChild(BlockJUnit4ClassRunner.java:78)
	at org.junit.runners.BlockJUnit4ClassRunner.runChild(BlockJUnit4ClassRunner.java:57)
	at org.junit.runners.ParentRunner$3.run(ParentRunner.java:290)
	at org.junit.runners.ParentRunner$1.schedule(ParentRunner.java:71)
	at org.junit.runners.ParentRunner.runChildren(ParentRunner.java:288)
	at org.junit.runners.ParentRunner.access$000(ParentRunner.java:58)
	at org.junit.runners.ParentRunner$2.evaluate(ParentRunner.java:268)
	at org.junit.runners.ParentRunner.run(ParentRunner.java:363)
	at org.apache.maven.surefire.junit4.JUnit4Provider.execute(JUnit4Provider.java:252)
	at org.apache.maven.surefire.junit4.JUnit4Provider.executeTestSet(JUnit4Provider.java:141)
	at org.apache.maven.surefire.junit4.JUnit4Provider.invoke(JUnit4Provider.java:112)
	at sun.reflect.NativeMethodAccessorImpl.invoke0(Native Method)
	at sun.reflect.NativeMethodAccessorImpl.invoke(NativeMethodAccessorImpl.java:62)
	at sun.reflect.DelegatingMethodAccessorImpl.invoke(DelegatingMethodAccessorImpl.java:43)
	at java.lang.reflect.Method.invoke(Method.java:498)
	at org.apache.maven.surefire.util.ReflectionUtils.invokeMethodWithArray(ReflectionUtils.java:189)
	at org.apache.maven.surefire.booter.ProviderFactory$ProviderProxy.invoke(ProviderFactory.java:165)
	at org.apache.maven.surefire.booter.ProviderFactory.invokeProvider(ProviderFactory.java:85)
	at org.apache.maven.surefire.booter.ForkedBooter.runSuitesInProcess(ForkedBooter.java:115)
	at org.apache.maven.surefire.booter.ForkedBooter.main(ForkedBooter.java:75)
</error>
  </testcase>
  <testcase classname="com.spotify.docker.client.DefaultDockerClientTest" name="testNetworksConnectContainerWithEndpointConfig" time="0.026">
    <error message="java.util.concurrent.ExecutionException: javax.ws.rs.ProcessingException: java.io.IOException: No such file or directory" type="com.spotify.docker.client.exceptions.DockerException">com.spotify.docker.client.exceptions.DockerException: java.util.concurrent.ExecutionException: javax.ws.rs.ProcessingException: java.io.IOException: No such file or directory
	at com.spotify.docker.client.DefaultDockerClient.propagate(DefaultDockerClient.java:2812)
	at com.spotify.docker.client.DefaultDockerClient.request(DefaultDockerClient.java:2676)
	at com.spotify.docker.client.DefaultDockerClient.version(DefaultDockerClient.java:572)
	at com.spotify.docker.client.DefaultDockerClientTest.setup(DefaultDockerClientTest.java:349)
	at sun.reflect.GeneratedMethodAccessor10.invoke(Unknown Source)
	at sun.reflect.DelegatingMethodAccessorImpl.invoke(DelegatingMethodAccessorImpl.java:43)
	at java.lang.reflect.Method.invoke(Method.java:498)
	at org.junit.runners.model.FrameworkMethod$1.runReflectiveCall(FrameworkMethod.java:50)
	at org.junit.internal.runners.model.ReflectiveCallable.run(ReflectiveCallable.java:12)
	at org.junit.runners.model.FrameworkMethod.invokeExplosively(FrameworkMethod.java:47)
	at org.junit.internal.runners.statements.RunBefores.evaluate(RunBefores.java:24)
	at org.junit.internal.runners.statements.RunAfters.evaluate(RunAfters.java:27)
	at org.junit.rules.ExpectedException$ExpectedExceptionStatement.evaluate(ExpectedException.java:239)
	at org.junit.rules.TestWatcher$1.evaluate(TestWatcher.java:55)
	at org.junit.rules.RunRules.evaluate(RunRules.java:20)
	at org.junit.runners.ParentRunner.runLeaf(ParentRunner.java:325)
	at org.junit.runners.BlockJUnit4ClassRunner.runChild(BlockJUnit4ClassRunner.java:78)
	at org.junit.runners.BlockJUnit4ClassRunner.runChild(BlockJUnit4ClassRunner.java:57)
	at org.junit.runners.ParentRunner$3.run(ParentRunner.java:290)
	at org.junit.runners.ParentRunner$1.schedule(ParentRunner.java:71)
	at org.junit.runners.ParentRunner.runChildren(ParentRunner.java:288)
	at org.junit.runners.ParentRunner.access$000(ParentRunner.java:58)
	at org.junit.runners.ParentRunner$2.evaluate(ParentRunner.java:268)
	at org.junit.runners.ParentRunner.run(ParentRunner.java:363)
	at org.apache.maven.surefire.junit4.JUnit4Provider.execute(JUnit4Provider.java:252)
	at org.apache.maven.surefire.junit4.JUnit4Provider.executeTestSet(JUnit4Provider.java:141)
	at org.apache.maven.surefire.junit4.JUnit4Provider.invoke(JUnit4Provider.java:112)
	at sun.reflect.NativeMethodAccessorImpl.invoke0(Native Method)
	at sun.reflect.NativeMethodAccessorImpl.invoke(NativeMethodAccessorImpl.java:62)
	at sun.reflect.DelegatingMethodAccessorImpl.invoke(DelegatingMethodAccessorImpl.java:43)
	at java.lang.reflect.Method.invoke(Method.java:498)
	at org.apache.maven.surefire.util.ReflectionUtils.invokeMethodWithArray(ReflectionUtils.java:189)
	at org.apache.maven.surefire.booter.ProviderFactory$ProviderProxy.invoke(ProviderFactory.java:165)
	at org.apache.maven.surefire.booter.ProviderFactory.invokeProvider(ProviderFactory.java:85)
	at org.apache.maven.surefire.booter.ForkedBooter.runSuitesInProcess(ForkedBooter.java:115)
	at org.apache.maven.surefire.booter.ForkedBooter.main(ForkedBooter.java:75)
Caused by: java.util.concurrent.ExecutionException: javax.ws.rs.ProcessingException: java.io.IOException: No such file or directory
	at jersey.repackaged.com.google.common.util.concurrent.AbstractFuture$Sync.getValue(AbstractFuture.java:299)
	at jersey.repackaged.com.google.common.util.concurrent.AbstractFuture$Sync.get(AbstractFuture.java:286)
	at jersey.repackaged.com.google.common.util.concurrent.AbstractFuture.get(AbstractFuture.java:116)
	at com.spotify.docker.client.DefaultDockerClient.request(DefaultDockerClient.java:2674)
	... 34 more
Caused by: javax.ws.rs.ProcessingException: java.io.IOException: No such file or directory
	at org.glassfish.jersey.apache.connector.ApacheConnector.apply(ApacheConnector.java:481)
	at org.glassfish.jersey.apache.connector.ApacheConnector$1.run(ApacheConnector.java:491)
	at java.util.concurrent.Executors$RunnableAdapter.call(Executors.java:511)
	at java.util.concurrent.FutureTask.run(FutureTask.java:266)
	at jersey.repackaged.com.google.common.util.concurrent.MoreExecutors$DirectExecutorService.execute(MoreExecutors.java:299)
	at java.util.concurrent.AbstractExecutorService.submit(AbstractExecutorService.java:112)
	at jersey.repackaged.com.google.common.util.concurrent.AbstractListeningExecutorService.submit(AbstractListeningExecutorService.java:50)
	at jersey.repackaged.com.google.common.util.concurrent.AbstractListeningExecutorService.submit(AbstractListeningExecutorService.java:37)
	at org.glassfish.jersey.apache.connector.ApacheConnector.apply(ApacheConnector.java:487)
	at org.glassfish.jersey.client.ClientRuntime$2.run(ClientRuntime.java:178)
	at org.glassfish.jersey.internal.Errors$1.call(Errors.java:271)
	at org.glassfish.jersey.internal.Errors$1.call(Errors.java:267)
	at org.glassfish.jersey.internal.Errors.process(Errors.java:315)
	at org.glassfish.jersey.internal.Errors.process(Errors.java:297)
	at org.glassfish.jersey.internal.Errors.process(Errors.java:267)
	at org.glassfish.jersey.process.internal.RequestScope.runInScope(RequestScope.java:340)
	at org.glassfish.jersey.client.ClientRuntime$3.run(ClientRuntime.java:210)
	at java.util.concurrent.Executors$RunnableAdapter.call(Executors.java:511)
	at java.util.concurrent.FutureTask.run(FutureTask.java:266)
	at java.util.concurrent.ThreadPoolExecutor.runWorker(ThreadPoolExecutor.java:1142)
	at java.util.concurrent.ThreadPoolExecutor$Worker.run(ThreadPoolExecutor.java:617)
	at java.lang.Thread.run(Thread.java:745)
Caused by: java.io.IOException: No such file or directory
	at jnr.unixsocket.UnixSocketChannel.doConnect(UnixSocketChannel.java:127)
	at jnr.unixsocket.UnixSocketChannel.connect(UnixSocketChannel.java:136)
	at jnr.unixsocket.UnixSocketChannel.connect(UnixSocketChannel.java:223)
	at com.spotify.docker.client.UnixConnectionSocketFactory.connectSocket(UnixConnectionSocketFactory.java:85)
	at org.apache.http.impl.conn.DefaultHttpClientConnectionOperator.connect(DefaultHttpClientConnectionOperator.java:134)
	at org.apache.http.impl.conn.PoolingHttpClientConnectionManager.connect(PoolingHttpClientConnectionManager.java:353)
	at org.apache.http.impl.execchain.MainClientExec.establishRoute(MainClientExec.java:380)
	at org.apache.http.impl.execchain.MainClientExec.execute(MainClientExec.java:236)
	at org.apache.http.impl.execchain.ProtocolExec.execute(ProtocolExec.java:184)
	at org.apache.http.impl.execchain.RetryExec.execute(RetryExec.java:88)
	at org.apache.http.impl.execchain.RedirectExec.execute(RedirectExec.java:110)
	at org.apache.http.impl.client.InternalHttpClient.doExecute(InternalHttpClient.java:184)
	at org.apache.http.impl.client.CloseableHttpClient.execute(CloseableHttpClient.java:71)
	at org.glassfish.jersey.apache.connector.ApacheConnector.apply(ApacheConnector.java:435)
	... 21 more
</error>
    <system-err>Jun 02, 2018 7:44:39 AM org.apache.http.impl.execchain.RetryExec execute
INFO: I/O exception (java.io.IOException) caught when processing request to {}-&gt;unix://localhost:80: No such file or directory
Jun 02, 2018 7:44:39 AM org.apache.http.impl.execchain.RetryExec execute
INFO: Retrying request to {}-&gt;unix://localhost:80
Jun 02, 2018 7:44:39 AM org.apache.http.impl.execchain.RetryExec execute
INFO: I/O exception (java.io.IOException) caught when processing request to {}-&gt;unix://localhost:80: No such file or directory
Jun 02, 2018 7:44:39 AM org.apache.http.impl.execchain.RetryExec execute
INFO: Retrying request to {}-&gt;unix://localhost:80
Jun 02, 2018 7:44:39 AM org.apache.http.impl.execchain.RetryExec execute
INFO: I/O exception (java.io.IOException) caught when processing request to {}-&gt;unix://localhost:80: No such file or directory
Jun 02, 2018 7:44:39 AM org.apache.http.impl.execchain.RetryExec execute
INFO: Retrying request to {}-&gt;unix://localhost:80
</system-err>
  </testcase>
  <testcase classname="com.spotify.docker.client.DefaultDockerClientTest" name="testNetworksConnectContainerWithEndpointConfig" time="0.026">
    <error type="java.lang.NullPointerException">java.lang.NullPointerException
	at com.spotify.docker.client.VersionCompare.compareVersion(VersionCompare.java:45)
	at com.spotify.docker.client.DefaultDockerClientTest.dockerApiVersionAtLeast(DefaultDockerClientTest.java:404)
	at com.spotify.docker.client.DefaultDockerClientTest.tearDown(DefaultDockerClientTest.java:356)
	at sun.reflect.GeneratedMethodAccessor11.invoke(Unknown Source)
	at sun.reflect.DelegatingMethodAccessorImpl.invoke(DelegatingMethodAccessorImpl.java:43)
	at java.lang.reflect.Method.invoke(Method.java:498)
	at org.junit.runners.model.FrameworkMethod$1.runReflectiveCall(FrameworkMethod.java:50)
	at org.junit.internal.runners.model.ReflectiveCallable.run(ReflectiveCallable.java:12)
	at org.junit.runners.model.FrameworkMethod.invokeExplosively(FrameworkMethod.java:47)
	at org.junit.internal.runners.statements.RunAfters.evaluate(RunAfters.java:33)
	at org.junit.rules.ExpectedException$ExpectedExceptionStatement.evaluate(ExpectedException.java:239)
	at org.junit.rules.TestWatcher$1.evaluate(TestWatcher.java:55)
	at org.junit.rules.RunRules.evaluate(RunRules.java:20)
	at org.junit.runners.ParentRunner.runLeaf(ParentRunner.java:325)
	at org.junit.runners.BlockJUnit4ClassRunner.runChild(BlockJUnit4ClassRunner.java:78)
	at org.junit.runners.BlockJUnit4ClassRunner.runChild(BlockJUnit4ClassRunner.java:57)
	at org.junit.runners.ParentRunner$3.run(ParentRunner.java:290)
	at org.junit.runners.ParentRunner$1.schedule(ParentRunner.java:71)
	at org.junit.runners.ParentRunner.runChildren(ParentRunner.java:288)
	at org.junit.runners.ParentRunner.access$000(ParentRunner.java:58)
	at org.junit.runners.ParentRunner$2.evaluate(ParentRunner.java:268)
	at org.junit.runners.ParentRunner.run(ParentRunner.java:363)
	at org.apache.maven.surefire.junit4.JUnit4Provider.execute(JUnit4Provider.java:252)
	at org.apache.maven.surefire.junit4.JUnit4Provider.executeTestSet(JUnit4Provider.java:141)
	at org.apache.maven.surefire.junit4.JUnit4Provider.invoke(JUnit4Provider.java:112)
	at sun.reflect.NativeMethodAccessorImpl.invoke0(Native Method)
	at sun.reflect.NativeMethodAccessorImpl.invoke(NativeMethodAccessorImpl.java:62)
	at sun.reflect.DelegatingMethodAccessorImpl.invoke(DelegatingMethodAccessorImpl.java:43)
	at java.lang.reflect.Method.invoke(Method.java:498)
	at org.apache.maven.surefire.util.ReflectionUtils.invokeMethodWithArray(ReflectionUtils.java:189)
	at org.apache.maven.surefire.booter.ProviderFactory$ProviderProxy.invoke(ProviderFactory.java:165)
	at org.apache.maven.surefire.booter.ProviderFactory.invokeProvider(ProviderFactory.java:85)
	at org.apache.maven.surefire.booter.ForkedBooter.runSuitesInProcess(ForkedBooter.java:115)
	at org.apache.maven.surefire.booter.ForkedBooter.main(ForkedBooter.java:75)
</error>
  </testcase>
  <testcase classname="com.spotify.docker.client.DefaultDockerClientTest" name="testFailedBuildDoesNotLeakConn" time="0.025">
    <error message="java.util.concurrent.ExecutionException: javax.ws.rs.ProcessingException: java.io.IOException: No such file or directory" type="com.spotify.docker.client.exceptions.DockerException">com.spotify.docker.client.exceptions.DockerException: java.util.concurrent.ExecutionException: javax.ws.rs.ProcessingException: java.io.IOException: No such file or directory
	at com.spotify.docker.client.DefaultDockerClient.propagate(DefaultDockerClient.java:2812)
	at com.spotify.docker.client.DefaultDockerClient.request(DefaultDockerClient.java:2676)
	at com.spotify.docker.client.DefaultDockerClient.version(DefaultDockerClient.java:572)
	at com.spotify.docker.client.DefaultDockerClientTest.setup(DefaultDockerClientTest.java:349)
	at sun.reflect.GeneratedMethodAccessor10.invoke(Unknown Source)
	at sun.reflect.DelegatingMethodAccessorImpl.invoke(DelegatingMethodAccessorImpl.java:43)
	at java.lang.reflect.Method.invoke(Method.java:498)
	at org.junit.runners.model.FrameworkMethod$1.runReflectiveCall(FrameworkMethod.java:50)
	at org.junit.internal.runners.model.ReflectiveCallable.run(ReflectiveCallable.java:12)
	at org.junit.runners.model.FrameworkMethod.invokeExplosively(FrameworkMethod.java:47)
	at org.junit.internal.runners.statements.RunBefores.evaluate(RunBefores.java:24)
	at org.junit.internal.runners.statements.RunAfters.evaluate(RunAfters.java:27)
	at org.junit.rules.ExpectedException$ExpectedExceptionStatement.evaluate(ExpectedException.java:239)
	at org.junit.rules.TestWatcher$1.evaluate(TestWatcher.java:55)
	at org.junit.rules.RunRules.evaluate(RunRules.java:20)
	at org.junit.runners.ParentRunner.runLeaf(ParentRunner.java:325)
	at org.junit.runners.BlockJUnit4ClassRunner.runChild(BlockJUnit4ClassRunner.java:78)
	at org.junit.runners.BlockJUnit4ClassRunner.runChild(BlockJUnit4ClassRunner.java:57)
	at org.junit.runners.ParentRunner$3.run(ParentRunner.java:290)
	at org.junit.runners.ParentRunner$1.schedule(ParentRunner.java:71)
	at org.junit.runners.ParentRunner.runChildren(ParentRunner.java:288)
	at org.junit.runners.ParentRunner.access$000(ParentRunner.java:58)
	at org.junit.runners.ParentRunner$2.evaluate(ParentRunner.java:268)
	at org.junit.runners.ParentRunner.run(ParentRunner.java:363)
	at org.apache.maven.surefire.junit4.JUnit4Provider.execute(JUnit4Provider.java:252)
	at org.apache.maven.surefire.junit4.JUnit4Provider.executeTestSet(JUnit4Provider.java:141)
	at org.apache.maven.surefire.junit4.JUnit4Provider.invoke(JUnit4Provider.java:112)
	at sun.reflect.NativeMethodAccessorImpl.invoke0(Native Method)
	at sun.reflect.NativeMethodAccessorImpl.invoke(NativeMethodAccessorImpl.java:62)
	at sun.reflect.DelegatingMethodAccessorImpl.invoke(DelegatingMethodAccessorImpl.java:43)
	at java.lang.reflect.Method.invoke(Method.java:498)
	at org.apache.maven.surefire.util.ReflectionUtils.invokeMethodWithArray(ReflectionUtils.java:189)
	at org.apache.maven.surefire.booter.ProviderFactory$ProviderProxy.invoke(ProviderFactory.java:165)
	at org.apache.maven.surefire.booter.ProviderFactory.invokeProvider(ProviderFactory.java:85)
	at org.apache.maven.surefire.booter.ForkedBooter.runSuitesInProcess(ForkedBooter.java:115)
	at org.apache.maven.surefire.booter.ForkedBooter.main(ForkedBooter.java:75)
Caused by: java.util.concurrent.ExecutionException: javax.ws.rs.ProcessingException: java.io.IOException: No such file or directory
	at jersey.repackaged.com.google.common.util.concurrent.AbstractFuture$Sync.getValue(AbstractFuture.java:299)
	at jersey.repackaged.com.google.common.util.concurrent.AbstractFuture$Sync.get(AbstractFuture.java:286)
	at jersey.repackaged.com.google.common.util.concurrent.AbstractFuture.get(AbstractFuture.java:116)
	at com.spotify.docker.client.DefaultDockerClient.request(DefaultDockerClient.java:2674)
	... 34 more
Caused by: javax.ws.rs.ProcessingException: java.io.IOException: No such file or directory
	at org.glassfish.jersey.apache.connector.ApacheConnector.apply(ApacheConnector.java:481)
	at org.glassfish.jersey.apache.connector.ApacheConnector$1.run(ApacheConnector.java:491)
	at java.util.concurrent.Executors$RunnableAdapter.call(Executors.java:511)
	at java.util.concurrent.FutureTask.run(FutureTask.java:266)
	at jersey.repackaged.com.google.common.util.concurrent.MoreExecutors$DirectExecutorService.execute(MoreExecutors.java:299)
	at java.util.concurrent.AbstractExecutorService.submit(AbstractExecutorService.java:112)
	at jersey.repackaged.com.google.common.util.concurrent.AbstractListeningExecutorService.submit(AbstractListeningExecutorService.java:50)
	at jersey.repackaged.com.google.common.util.concurrent.AbstractListeningExecutorService.submit(AbstractListeningExecutorService.java:37)
	at org.glassfish.jersey.apache.connector.ApacheConnector.apply(ApacheConnector.java:487)
	at org.glassfish.jersey.client.ClientRuntime$2.run(ClientRuntime.java:178)
	at org.glassfish.jersey.internal.Errors$1.call(Errors.java:271)
	at org.glassfish.jersey.internal.Errors$1.call(Errors.java:267)
	at org.glassfish.jersey.internal.Errors.process(Errors.java:315)
	at org.glassfish.jersey.internal.Errors.process(Errors.java:297)
	at org.glassfish.jersey.internal.Errors.process(Errors.java:267)
	at org.glassfish.jersey.process.internal.RequestScope.runInScope(RequestScope.java:340)
	at org.glassfish.jersey.client.ClientRuntime$3.run(ClientRuntime.java:210)
	at java.util.concurrent.Executors$RunnableAdapter.call(Executors.java:511)
	at java.util.concurrent.FutureTask.run(FutureTask.java:266)
	at java.util.concurrent.ThreadPoolExecutor.runWorker(ThreadPoolExecutor.java:1142)
	at java.util.concurrent.ThreadPoolExecutor$Worker.run(ThreadPoolExecutor.java:617)
	at java.lang.Thread.run(Thread.java:745)
Caused by: java.io.IOException: No such file or directory
	at jnr.unixsocket.UnixSocketChannel.doConnect(UnixSocketChannel.java:127)
	at jnr.unixsocket.UnixSocketChannel.connect(UnixSocketChannel.java:136)
	at jnr.unixsocket.UnixSocketChannel.connect(UnixSocketChannel.java:223)
	at com.spotify.docker.client.UnixConnectionSocketFactory.connectSocket(UnixConnectionSocketFactory.java:85)
	at org.apache.http.impl.conn.DefaultHttpClientConnectionOperator.connect(DefaultHttpClientConnectionOperator.java:134)
	at org.apache.http.impl.conn.PoolingHttpClientConnectionManager.connect(PoolingHttpClientConnectionManager.java:353)
	at org.apache.http.impl.execchain.MainClientExec.establishRoute(MainClientExec.java:380)
	at org.apache.http.impl.execchain.MainClientExec.execute(MainClientExec.java:236)
	at org.apache.http.impl.execchain.ProtocolExec.execute(ProtocolExec.java:184)
	at org.apache.http.impl.execchain.RetryExec.execute(RetryExec.java:88)
	at org.apache.http.impl.execchain.RedirectExec.execute(RedirectExec.java:110)
	at org.apache.http.impl.client.InternalHttpClient.doExecute(InternalHttpClient.java:184)
	at org.apache.http.impl.client.CloseableHttpClient.execute(CloseableHttpClient.java:71)
	at org.glassfish.jersey.apache.connector.ApacheConnector.apply(ApacheConnector.java:435)
	... 21 more
</error>
    <system-err>Jun 02, 2018 7:44:39 AM org.apache.http.impl.execchain.RetryExec execute
INFO: I/O exception (java.io.IOException) caught when processing request to {}-&gt;unix://localhost:80: No such file or directory
Jun 02, 2018 7:44:39 AM org.apache.http.impl.execchain.RetryExec execute
INFO: Retrying request to {}-&gt;unix://localhost:80
Jun 02, 2018 7:44:39 AM org.apache.http.impl.execchain.RetryExec execute
INFO: I/O exception (java.io.IOException) caught when processing request to {}-&gt;unix://localhost:80: No such file or directory
Jun 02, 2018 7:44:39 AM org.apache.http.impl.execchain.RetryExec execute
INFO: Retrying request to {}-&gt;unix://localhost:80
Jun 02, 2018 7:44:39 AM org.apache.http.impl.execchain.RetryExec execute
INFO: I/O exception (java.io.IOException) caught when processing request to {}-&gt;unix://localhost:80: No such file or directory
Jun 02, 2018 7:44:39 AM org.apache.http.impl.execchain.RetryExec execute
INFO: Retrying request to {}-&gt;unix://localhost:80
</system-err>
  </testcase>
  <testcase classname="com.spotify.docker.client.DefaultDockerClientTest" name="testFailedBuildDoesNotLeakConn" time="0.026">
    <error type="java.lang.NullPointerException">java.lang.NullPointerException
	at com.spotify.docker.client.VersionCompare.compareVersion(VersionCompare.java:45)
	at com.spotify.docker.client.DefaultDockerClientTest.dockerApiVersionAtLeast(DefaultDockerClientTest.java:404)
	at com.spotify.docker.client.DefaultDockerClientTest.tearDown(DefaultDockerClientTest.java:356)
	at sun.reflect.GeneratedMethodAccessor11.invoke(Unknown Source)
	at sun.reflect.DelegatingMethodAccessorImpl.invoke(DelegatingMethodAccessorImpl.java:43)
	at java.lang.reflect.Method.invoke(Method.java:498)
	at org.junit.runners.model.FrameworkMethod$1.runReflectiveCall(FrameworkMethod.java:50)
	at org.junit.internal.runners.model.ReflectiveCallable.run(ReflectiveCallable.java:12)
	at org.junit.runners.model.FrameworkMethod.invokeExplosively(FrameworkMethod.java:47)
	at org.junit.internal.runners.statements.RunAfters.evaluate(RunAfters.java:33)
	at org.junit.rules.ExpectedException$ExpectedExceptionStatement.evaluate(ExpectedException.java:239)
	at org.junit.rules.TestWatcher$1.evaluate(TestWatcher.java:55)
	at org.junit.rules.RunRules.evaluate(RunRules.java:20)
	at org.junit.runners.ParentRunner.runLeaf(ParentRunner.java:325)
	at org.junit.runners.BlockJUnit4ClassRunner.runChild(BlockJUnit4ClassRunner.java:78)
	at org.junit.runners.BlockJUnit4ClassRunner.runChild(BlockJUnit4ClassRunner.java:57)
	at org.junit.runners.ParentRunner$3.run(ParentRunner.java:290)
	at org.junit.runners.ParentRunner$1.schedule(ParentRunner.java:71)
	at org.junit.runners.ParentRunner.runChildren(ParentRunner.java:288)
	at org.junit.runners.ParentRunner.access$000(ParentRunner.java:58)
	at org.junit.runners.ParentRunner$2.evaluate(ParentRunner.java:268)
	at org.junit.runners.ParentRunner.run(ParentRunner.java:363)
	at org.apache.maven.surefire.junit4.JUnit4Provider.execute(JUnit4Provider.java:252)
	at org.apache.maven.surefire.junit4.JUnit4Provider.executeTestSet(JUnit4Provider.java:141)
	at org.apache.maven.surefire.junit4.JUnit4Provider.invoke(JUnit4Provider.java:112)
	at sun.reflect.NativeMethodAccessorImpl.invoke0(Native Method)
	at sun.reflect.NativeMethodAccessorImpl.invoke(NativeMethodAccessorImpl.java:62)
	at sun.reflect.DelegatingMethodAccessorImpl.invoke(DelegatingMethodAccessorImpl.java:43)
	at java.lang.reflect.Method.invoke(Method.java:498)
	at org.apache.maven.surefire.util.ReflectionUtils.invokeMethodWithArray(ReflectionUtils.java:189)
	at org.apache.maven.surefire.booter.ProviderFactory$ProviderProxy.invoke(ProviderFactory.java:165)
	at org.apache.maven.surefire.booter.ProviderFactory.invokeProvider(ProviderFactory.java:85)
	at org.apache.maven.surefire.booter.ForkedBooter.runSuitesInProcess(ForkedBooter.java:115)
	at org.apache.maven.surefire.booter.ForkedBooter.main(ForkedBooter.java:75)
</error>
  </testcase>
  <testcase classname="com.spotify.docker.client.DefaultDockerClientTest" name="testDockerDateFormat" time="0.024">
    <error message="java.util.concurrent.ExecutionException: javax.ws.rs.ProcessingException: java.io.IOException: No such file or directory" type="com.spotify.docker.client.exceptions.DockerException">com.spotify.docker.client.exceptions.DockerException: java.util.concurrent.ExecutionException: javax.ws.rs.ProcessingException: java.io.IOException: No such file or directory
	at com.spotify.docker.client.DefaultDockerClient.propagate(DefaultDockerClient.java:2812)
	at com.spotify.docker.client.DefaultDockerClient.request(DefaultDockerClient.java:2676)
	at com.spotify.docker.client.DefaultDockerClient.version(DefaultDockerClient.java:572)
	at com.spotify.docker.client.DefaultDockerClientTest.setup(DefaultDockerClientTest.java:349)
	at sun.reflect.GeneratedMethodAccessor10.invoke(Unknown Source)
	at sun.reflect.DelegatingMethodAccessorImpl.invoke(DelegatingMethodAccessorImpl.java:43)
	at java.lang.reflect.Method.invoke(Method.java:498)
	at org.junit.runners.model.FrameworkMethod$1.runReflectiveCall(FrameworkMethod.java:50)
	at org.junit.internal.runners.model.ReflectiveCallable.run(ReflectiveCallable.java:12)
	at org.junit.runners.model.FrameworkMethod.invokeExplosively(FrameworkMethod.java:47)
	at org.junit.internal.runners.statements.RunBefores.evaluate(RunBefores.java:24)
	at org.junit.internal.runners.statements.RunAfters.evaluate(RunAfters.java:27)
	at org.junit.rules.ExpectedException$ExpectedExceptionStatement.evaluate(ExpectedException.java:239)
	at org.junit.rules.TestWatcher$1.evaluate(TestWatcher.java:55)
	at org.junit.rules.RunRules.evaluate(RunRules.java:20)
	at org.junit.runners.ParentRunner.runLeaf(ParentRunner.java:325)
	at org.junit.runners.BlockJUnit4ClassRunner.runChild(BlockJUnit4ClassRunner.java:78)
	at org.junit.runners.BlockJUnit4ClassRunner.runChild(BlockJUnit4ClassRunner.java:57)
	at org.junit.runners.ParentRunner$3.run(ParentRunner.java:290)
	at org.junit.runners.ParentRunner$1.schedule(ParentRunner.java:71)
	at org.junit.runners.ParentRunner.runChildren(ParentRunner.java:288)
	at org.junit.runners.ParentRunner.access$000(ParentRunner.java:58)
	at org.junit.runners.ParentRunner$2.evaluate(ParentRunner.java:268)
	at org.junit.runners.ParentRunner.run(ParentRunner.java:363)
	at org.apache.maven.surefire.junit4.JUnit4Provider.execute(JUnit4Provider.java:252)
	at org.apache.maven.surefire.junit4.JUnit4Provider.executeTestSet(JUnit4Provider.java:141)
	at org.apache.maven.surefire.junit4.JUnit4Provider.invoke(JUnit4Provider.java:112)
	at sun.reflect.NativeMethodAccessorImpl.invoke0(Native Method)
	at sun.reflect.NativeMethodAccessorImpl.invoke(NativeMethodAccessorImpl.java:62)
	at sun.reflect.DelegatingMethodAccessorImpl.invoke(DelegatingMethodAccessorImpl.java:43)
	at java.lang.reflect.Method.invoke(Method.java:498)
	at org.apache.maven.surefire.util.ReflectionUtils.invokeMethodWithArray(ReflectionUtils.java:189)
	at org.apache.maven.surefire.booter.ProviderFactory$ProviderProxy.invoke(ProviderFactory.java:165)
	at org.apache.maven.surefire.booter.ProviderFactory.invokeProvider(ProviderFactory.java:85)
	at org.apache.maven.surefire.booter.ForkedBooter.runSuitesInProcess(ForkedBooter.java:115)
	at org.apache.maven.surefire.booter.ForkedBooter.main(ForkedBooter.java:75)
Caused by: java.util.concurrent.ExecutionException: javax.ws.rs.ProcessingException: java.io.IOException: No such file or directory
	at jersey.repackaged.com.google.common.util.concurrent.AbstractFuture$Sync.getValue(AbstractFuture.java:299)
	at jersey.repackaged.com.google.common.util.concurrent.AbstractFuture$Sync.get(AbstractFuture.java:286)
	at jersey.repackaged.com.google.common.util.concurrent.AbstractFuture.get(AbstractFuture.java:116)
	at com.spotify.docker.client.DefaultDockerClient.request(DefaultDockerClient.java:2674)
	... 34 more
Caused by: javax.ws.rs.ProcessingException: java.io.IOException: No such file or directory
	at org.glassfish.jersey.apache.connector.ApacheConnector.apply(ApacheConnector.java:481)
	at org.glassfish.jersey.apache.connector.ApacheConnector$1.run(ApacheConnector.java:491)
	at java.util.concurrent.Executors$RunnableAdapter.call(Executors.java:511)
	at java.util.concurrent.FutureTask.run(FutureTask.java:266)
	at jersey.repackaged.com.google.common.util.concurrent.MoreExecutors$DirectExecutorService.execute(MoreExecutors.java:299)
	at java.util.concurrent.AbstractExecutorService.submit(AbstractExecutorService.java:112)
	at jersey.repackaged.com.google.common.util.concurrent.AbstractListeningExecutorService.submit(AbstractListeningExecutorService.java:50)
	at jersey.repackaged.com.google.common.util.concurrent.AbstractListeningExecutorService.submit(AbstractListeningExecutorService.java:37)
	at org.glassfish.jersey.apache.connector.ApacheConnector.apply(ApacheConnector.java:487)
	at org.glassfish.jersey.client.ClientRuntime$2.run(ClientRuntime.java:178)
	at org.glassfish.jersey.internal.Errors$1.call(Errors.java:271)
	at org.glassfish.jersey.internal.Errors$1.call(Errors.java:267)
	at org.glassfish.jersey.internal.Errors.process(Errors.java:315)
	at org.glassfish.jersey.internal.Errors.process(Errors.java:297)
	at org.glassfish.jersey.internal.Errors.process(Errors.java:267)
	at org.glassfish.jersey.process.internal.RequestScope.runInScope(RequestScope.java:340)
	at org.glassfish.jersey.client.ClientRuntime$3.run(ClientRuntime.java:210)
	at java.util.concurrent.Executors$RunnableAdapter.call(Executors.java:511)
	at java.util.concurrent.FutureTask.run(FutureTask.java:266)
	at java.util.concurrent.ThreadPoolExecutor.runWorker(ThreadPoolExecutor.java:1142)
	at java.util.concurrent.ThreadPoolExecutor$Worker.run(ThreadPoolExecutor.java:617)
	at java.lang.Thread.run(Thread.java:745)
Caused by: java.io.IOException: No such file or directory
	at jnr.unixsocket.UnixSocketChannel.doConnect(UnixSocketChannel.java:127)
	at jnr.unixsocket.UnixSocketChannel.connect(UnixSocketChannel.java:136)
	at jnr.unixsocket.UnixSocketChannel.connect(UnixSocketChannel.java:223)
	at com.spotify.docker.client.UnixConnectionSocketFactory.connectSocket(UnixConnectionSocketFactory.java:85)
	at org.apache.http.impl.conn.DefaultHttpClientConnectionOperator.connect(DefaultHttpClientConnectionOperator.java:134)
	at org.apache.http.impl.conn.PoolingHttpClientConnectionManager.connect(PoolingHttpClientConnectionManager.java:353)
	at org.apache.http.impl.execchain.MainClientExec.establishRoute(MainClientExec.java:380)
	at org.apache.http.impl.execchain.MainClientExec.execute(MainClientExec.java:236)
	at org.apache.http.impl.execchain.ProtocolExec.execute(ProtocolExec.java:184)
	at org.apache.http.impl.execchain.RetryExec.execute(RetryExec.java:88)
	at org.apache.http.impl.execchain.RedirectExec.execute(RedirectExec.java:110)
	at org.apache.http.impl.client.InternalHttpClient.doExecute(InternalHttpClient.java:184)
	at org.apache.http.impl.client.CloseableHttpClient.execute(CloseableHttpClient.java:71)
	at org.glassfish.jersey.apache.connector.ApacheConnector.apply(ApacheConnector.java:435)
	... 21 more
</error>
    <system-err>Jun 02, 2018 7:44:39 AM org.apache.http.impl.execchain.RetryExec execute
INFO: I/O exception (java.io.IOException) caught when processing request to {}-&gt;unix://localhost:80: No such file or directory
Jun 02, 2018 7:44:39 AM org.apache.http.impl.execchain.RetryExec execute
INFO: Retrying request to {}-&gt;unix://localhost:80
Jun 02, 2018 7:44:39 AM org.apache.http.impl.execchain.RetryExec execute
INFO: I/O exception (java.io.IOException) caught when processing request to {}-&gt;unix://localhost:80: No such file or directory
Jun 02, 2018 7:44:39 AM org.apache.http.impl.execchain.RetryExec execute
INFO: Retrying request to {}-&gt;unix://localhost:80
Jun 02, 2018 7:44:39 AM org.apache.http.impl.execchain.RetryExec execute
INFO: I/O exception (java.io.IOException) caught when processing request to {}-&gt;unix://localhost:80: No such file or directory
Jun 02, 2018 7:44:39 AM org.apache.http.impl.execchain.RetryExec execute
INFO: Retrying request to {}-&gt;unix://localhost:80
</system-err>
  </testcase>
  <testcase classname="com.spotify.docker.client.DefaultDockerClientTest" name="testDockerDateFormat" time="0.024">
    <error type="java.lang.NullPointerException">java.lang.NullPointerException
	at com.spotify.docker.client.VersionCompare.compareVersion(VersionCompare.java:45)
	at com.spotify.docker.client.DefaultDockerClientTest.dockerApiVersionAtLeast(DefaultDockerClientTest.java:404)
	at com.spotify.docker.client.DefaultDockerClientTest.tearDown(DefaultDockerClientTest.java:356)
	at sun.reflect.GeneratedMethodAccessor11.invoke(Unknown Source)
	at sun.reflect.DelegatingMethodAccessorImpl.invoke(DelegatingMethodAccessorImpl.java:43)
	at java.lang.reflect.Method.invoke(Method.java:498)
	at org.junit.runners.model.FrameworkMethod$1.runReflectiveCall(FrameworkMethod.java:50)
	at org.junit.internal.runners.model.ReflectiveCallable.run(ReflectiveCallable.java:12)
	at org.junit.runners.model.FrameworkMethod.invokeExplosively(FrameworkMethod.java:47)
	at org.junit.internal.runners.statements.RunAfters.evaluate(RunAfters.java:33)
	at org.junit.rules.ExpectedException$ExpectedExceptionStatement.evaluate(ExpectedException.java:239)
	at org.junit.rules.TestWatcher$1.evaluate(TestWatcher.java:55)
	at org.junit.rules.RunRules.evaluate(RunRules.java:20)
	at org.junit.runners.ParentRunner.runLeaf(ParentRunner.java:325)
	at org.junit.runners.BlockJUnit4ClassRunner.runChild(BlockJUnit4ClassRunner.java:78)
	at org.junit.runners.BlockJUnit4ClassRunner.runChild(BlockJUnit4ClassRunner.java:57)
	at org.junit.runners.ParentRunner$3.run(ParentRunner.java:290)
	at org.junit.runners.ParentRunner$1.schedule(ParentRunner.java:71)
	at org.junit.runners.ParentRunner.runChildren(ParentRunner.java:288)
	at org.junit.runners.ParentRunner.access$000(ParentRunner.java:58)
	at org.junit.runners.ParentRunner$2.evaluate(ParentRunner.java:268)
	at org.junit.runners.ParentRunner.run(ParentRunner.java:363)
	at org.apache.maven.surefire.junit4.JUnit4Provider.execute(JUnit4Provider.java:252)
	at org.apache.maven.surefire.junit4.JUnit4Provider.executeTestSet(JUnit4Provider.java:141)
	at org.apache.maven.surefire.junit4.JUnit4Provider.invoke(JUnit4Provider.java:112)
	at sun.reflect.NativeMethodAccessorImpl.invoke0(Native Method)
	at sun.reflect.NativeMethodAccessorImpl.invoke(NativeMethodAccessorImpl.java:62)
	at sun.reflect.DelegatingMethodAccessorImpl.invoke(DelegatingMethodAccessorImpl.java:43)
	at java.lang.reflect.Method.invoke(Method.java:498)
	at org.apache.maven.surefire.util.ReflectionUtils.invokeMethodWithArray(ReflectionUtils.java:189)
	at org.apache.maven.surefire.booter.ProviderFactory$ProviderProxy.invoke(ProviderFactory.java:165)
	at org.apache.maven.surefire.booter.ProviderFactory.invokeProvider(ProviderFactory.java:85)
	at org.apache.maven.surefire.booter.ForkedBooter.runSuitesInProcess(ForkedBooter.java:115)
	at org.apache.maven.surefire.booter.ForkedBooter.main(ForkedBooter.java:75)
</error>
  </testcase>
  <testcase classname="com.spotify.docker.client.DefaultDockerClientTest" name="testUpdateSwarm" time="0.025">
    <error message="java.util.concurrent.ExecutionException: javax.ws.rs.ProcessingException: java.io.IOException: No such file or directory" type="com.spotify.docker.client.exceptions.DockerException">com.spotify.docker.client.exceptions.DockerException: java.util.concurrent.ExecutionException: javax.ws.rs.ProcessingException: java.io.IOException: No such file or directory
	at com.spotify.docker.client.DefaultDockerClient.propagate(DefaultDockerClient.java:2812)
	at com.spotify.docker.client.DefaultDockerClient.request(DefaultDockerClient.java:2676)
	at com.spotify.docker.client.DefaultDockerClient.version(DefaultDockerClient.java:572)
	at com.spotify.docker.client.DefaultDockerClientTest.setup(DefaultDockerClientTest.java:349)
	at sun.reflect.GeneratedMethodAccessor10.invoke(Unknown Source)
	at sun.reflect.DelegatingMethodAccessorImpl.invoke(DelegatingMethodAccessorImpl.java:43)
	at java.lang.reflect.Method.invoke(Method.java:498)
	at org.junit.runners.model.FrameworkMethod$1.runReflectiveCall(FrameworkMethod.java:50)
	at org.junit.internal.runners.model.ReflectiveCallable.run(ReflectiveCallable.java:12)
	at org.junit.runners.model.FrameworkMethod.invokeExplosively(FrameworkMethod.java:47)
	at org.junit.internal.runners.statements.RunBefores.evaluate(RunBefores.java:24)
	at org.junit.internal.runners.statements.RunAfters.evaluate(RunAfters.java:27)
	at org.junit.rules.ExpectedException$ExpectedExceptionStatement.evaluate(ExpectedException.java:239)
	at org.junit.rules.TestWatcher$1.evaluate(TestWatcher.java:55)
	at org.junit.rules.RunRules.evaluate(RunRules.java:20)
	at org.junit.runners.ParentRunner.runLeaf(ParentRunner.java:325)
	at org.junit.runners.BlockJUnit4ClassRunner.runChild(BlockJUnit4ClassRunner.java:78)
	at org.junit.runners.BlockJUnit4ClassRunner.runChild(BlockJUnit4ClassRunner.java:57)
	at org.junit.runners.ParentRunner$3.run(ParentRunner.java:290)
	at org.junit.runners.ParentRunner$1.schedule(ParentRunner.java:71)
	at org.junit.runners.ParentRunner.runChildren(ParentRunner.java:288)
	at org.junit.runners.ParentRunner.access$000(ParentRunner.java:58)
	at org.junit.runners.ParentRunner$2.evaluate(ParentRunner.java:268)
	at org.junit.runners.ParentRunner.run(ParentRunner.java:363)
	at org.apache.maven.surefire.junit4.JUnit4Provider.execute(JUnit4Provider.java:252)
	at org.apache.maven.surefire.junit4.JUnit4Provider.executeTestSet(JUnit4Provider.java:141)
	at org.apache.maven.surefire.junit4.JUnit4Provider.invoke(JUnit4Provider.java:112)
	at sun.reflect.NativeMethodAccessorImpl.invoke0(Native Method)
	at sun.reflect.NativeMethodAccessorImpl.invoke(NativeMethodAccessorImpl.java:62)
	at sun.reflect.DelegatingMethodAccessorImpl.invoke(DelegatingMethodAccessorImpl.java:43)
	at java.lang.reflect.Method.invoke(Method.java:498)
	at org.apache.maven.surefire.util.ReflectionUtils.invokeMethodWithArray(ReflectionUtils.java:189)
	at org.apache.maven.surefire.booter.ProviderFactory$ProviderProxy.invoke(ProviderFactory.java:165)
	at org.apache.maven.surefire.booter.ProviderFactory.invokeProvider(ProviderFactory.java:85)
	at org.apache.maven.surefire.booter.ForkedBooter.runSuitesInProcess(ForkedBooter.java:115)
	at org.apache.maven.surefire.booter.ForkedBooter.main(ForkedBooter.java:75)
Caused by: java.util.concurrent.ExecutionException: javax.ws.rs.ProcessingException: java.io.IOException: No such file or directory
	at jersey.repackaged.com.google.common.util.concurrent.AbstractFuture$Sync.getValue(AbstractFuture.java:299)
	at jersey.repackaged.com.google.common.util.concurrent.AbstractFuture$Sync.get(AbstractFuture.java:286)
	at jersey.repackaged.com.google.common.util.concurrent.AbstractFuture.get(AbstractFuture.java:116)
	at com.spotify.docker.client.DefaultDockerClient.request(DefaultDockerClient.java:2674)
	... 34 more
Caused by: javax.ws.rs.ProcessingException: java.io.IOException: No such file or directory
	at org.glassfish.jersey.apache.connector.ApacheConnector.apply(ApacheConnector.java:481)
	at org.glassfish.jersey.apache.connector.ApacheConnector$1.run(ApacheConnector.java:491)
	at java.util.concurrent.Executors$RunnableAdapter.call(Executors.java:511)
	at java.util.concurrent.FutureTask.run(FutureTask.java:266)
	at jersey.repackaged.com.google.common.util.concurrent.MoreExecutors$DirectExecutorService.execute(MoreExecutors.java:299)
	at java.util.concurrent.AbstractExecutorService.submit(AbstractExecutorService.java:112)
	at jersey.repackaged.com.google.common.util.concurrent.AbstractListeningExecutorService.submit(AbstractListeningExecutorService.java:50)
	at jersey.repackaged.com.google.common.util.concurrent.AbstractListeningExecutorService.submit(AbstractListeningExecutorService.java:37)
	at org.glassfish.jersey.apache.connector.ApacheConnector.apply(ApacheConnector.java:487)
	at org.glassfish.jersey.client.ClientRuntime$2.run(ClientRuntime.java:178)
	at org.glassfish.jersey.internal.Errors$1.call(Errors.java:271)
	at org.glassfish.jersey.internal.Errors$1.call(Errors.java:267)
	at org.glassfish.jersey.internal.Errors.process(Errors.java:315)
	at org.glassfish.jersey.internal.Errors.process(Errors.java:297)
	at org.glassfish.jersey.internal.Errors.process(Errors.java:267)
	at org.glassfish.jersey.process.internal.RequestScope.runInScope(RequestScope.java:340)
	at org.glassfish.jersey.client.ClientRuntime$3.run(ClientRuntime.java:210)
	at java.util.concurrent.Executors$RunnableAdapter.call(Executors.java:511)
	at java.util.concurrent.FutureTask.run(FutureTask.java:266)
	at java.util.concurrent.ThreadPoolExecutor.runWorker(ThreadPoolExecutor.java:1142)
	at java.util.concurrent.ThreadPoolExecutor$Worker.run(ThreadPoolExecutor.java:617)
	at java.lang.Thread.run(Thread.java:745)
Caused by: java.io.IOException: No such file or directory
	at jnr.unixsocket.UnixSocketChannel.doConnect(UnixSocketChannel.java:127)
	at jnr.unixsocket.UnixSocketChannel.connect(UnixSocketChannel.java:136)
	at jnr.unixsocket.UnixSocketChannel.connect(UnixSocketChannel.java:223)
	at com.spotify.docker.client.UnixConnectionSocketFactory.connectSocket(UnixConnectionSocketFactory.java:85)
	at org.apache.http.impl.conn.DefaultHttpClientConnectionOperator.connect(DefaultHttpClientConnectionOperator.java:134)
	at org.apache.http.impl.conn.PoolingHttpClientConnectionManager.connect(PoolingHttpClientConnectionManager.java:353)
	at org.apache.http.impl.execchain.MainClientExec.establishRoute(MainClientExec.java:380)
	at org.apache.http.impl.execchain.MainClientExec.execute(MainClientExec.java:236)
	at org.apache.http.impl.execchain.ProtocolExec.execute(ProtocolExec.java:184)
	at org.apache.http.impl.execchain.RetryExec.execute(RetryExec.java:88)
	at org.apache.http.impl.execchain.RedirectExec.execute(RedirectExec.java:110)
	at org.apache.http.impl.client.InternalHttpClient.doExecute(InternalHttpClient.java:184)
	at org.apache.http.impl.client.CloseableHttpClient.execute(CloseableHttpClient.java:71)
	at org.glassfish.jersey.apache.connector.ApacheConnector.apply(ApacheConnector.java:435)
	... 21 more
</error>
    <system-err>Jun 02, 2018 7:44:39 AM org.apache.http.impl.execchain.RetryExec execute
INFO: I/O exception (java.io.IOException) caught when processing request to {}-&gt;unix://localhost:80: No such file or directory
Jun 02, 2018 7:44:39 AM org.apache.http.impl.execchain.RetryExec execute
INFO: Retrying request to {}-&gt;unix://localhost:80
Jun 02, 2018 7:44:39 AM org.apache.http.impl.execchain.RetryExec execute
INFO: I/O exception (java.io.IOException) caught when processing request to {}-&gt;unix://localhost:80: No such file or directory
Jun 02, 2018 7:44:39 AM org.apache.http.impl.execchain.RetryExec execute
INFO: Retrying request to {}-&gt;unix://localhost:80
Jun 02, 2018 7:44:39 AM org.apache.http.impl.execchain.RetryExec execute
INFO: I/O exception (java.io.IOException) caught when processing request to {}-&gt;unix://localhost:80: No such file or directory
Jun 02, 2018 7:44:39 AM org.apache.http.impl.execchain.RetryExec execute
INFO: Retrying request to {}-&gt;unix://localhost:80
</system-err>
  </testcase>
  <testcase classname="com.spotify.docker.client.DefaultDockerClientTest" name="testUpdateSwarm" time="0.025">
    <error type="java.lang.NullPointerException">java.lang.NullPointerException
	at com.spotify.docker.client.VersionCompare.compareVersion(VersionCompare.java:45)
	at com.spotify.docker.client.DefaultDockerClientTest.dockerApiVersionAtLeast(DefaultDockerClientTest.java:404)
	at com.spotify.docker.client.DefaultDockerClientTest.tearDown(DefaultDockerClientTest.java:356)
	at sun.reflect.GeneratedMethodAccessor11.invoke(Unknown Source)
	at sun.reflect.DelegatingMethodAccessorImpl.invoke(DelegatingMethodAccessorImpl.java:43)
	at java.lang.reflect.Method.invoke(Method.java:498)
	at org.junit.runners.model.FrameworkMethod$1.runReflectiveCall(FrameworkMethod.java:50)
	at org.junit.internal.runners.model.ReflectiveCallable.run(ReflectiveCallable.java:12)
	at org.junit.runners.model.FrameworkMethod.invokeExplosively(FrameworkMethod.java:47)
	at org.junit.internal.runners.statements.RunAfters.evaluate(RunAfters.java:33)
	at org.junit.rules.ExpectedException$ExpectedExceptionStatement.evaluate(ExpectedException.java:239)
	at org.junit.rules.TestWatcher$1.evaluate(TestWatcher.java:55)
	at org.junit.rules.RunRules.evaluate(RunRules.java:20)
	at org.junit.runners.ParentRunner.runLeaf(ParentRunner.java:325)
	at org.junit.runners.BlockJUnit4ClassRunner.runChild(BlockJUnit4ClassRunner.java:78)
	at org.junit.runners.BlockJUnit4ClassRunner.runChild(BlockJUnit4ClassRunner.java:57)
	at org.junit.runners.ParentRunner$3.run(ParentRunner.java:290)
	at org.junit.runners.ParentRunner$1.schedule(ParentRunner.java:71)
	at org.junit.runners.ParentRunner.runChildren(ParentRunner.java:288)
	at org.junit.runners.ParentRunner.access$000(ParentRunner.java:58)
	at org.junit.runners.ParentRunner$2.evaluate(ParentRunner.java:268)
	at org.junit.runners.ParentRunner.run(ParentRunner.java:363)
	at org.apache.maven.surefire.junit4.JUnit4Provider.execute(JUnit4Provider.java:252)
	at org.apache.maven.surefire.junit4.JUnit4Provider.executeTestSet(JUnit4Provider.java:141)
	at org.apache.maven.surefire.junit4.JUnit4Provider.invoke(JUnit4Provider.java:112)
	at sun.reflect.NativeMethodAccessorImpl.invoke0(Native Method)
	at sun.reflect.NativeMethodAccessorImpl.invoke(NativeMethodAccessorImpl.java:62)
	at sun.reflect.DelegatingMethodAccessorImpl.invoke(DelegatingMethodAccessorImpl.java:43)
	at java.lang.reflect.Method.invoke(Method.java:498)
	at org.apache.maven.surefire.util.ReflectionUtils.invokeMethodWithArray(ReflectionUtils.java:189)
	at org.apache.maven.surefire.booter.ProviderFactory$ProviderProxy.invoke(ProviderFactory.java:165)
	at org.apache.maven.surefire.booter.ProviderFactory.invokeProvider(ProviderFactory.java:85)
	at org.apache.maven.surefire.booter.ForkedBooter.runSuitesInProcess(ForkedBooter.java:115)
	at org.apache.maven.surefire.booter.ForkedBooter.main(ForkedBooter.java:75)
</error>
  </testcase>
  <testcase classname="com.spotify.docker.client.DefaultDockerClientTest" name="testPullWithTag" time="0.025">
    <error message="java.util.concurrent.ExecutionException: javax.ws.rs.ProcessingException: java.io.IOException: No such file or directory" type="com.spotify.docker.client.exceptions.DockerException">com.spotify.docker.client.exceptions.DockerException: java.util.concurrent.ExecutionException: javax.ws.rs.ProcessingException: java.io.IOException: No such file or directory
	at com.spotify.docker.client.DefaultDockerClient.propagate(DefaultDockerClient.java:2812)
	at com.spotify.docker.client.DefaultDockerClient.request(DefaultDockerClient.java:2676)
	at com.spotify.docker.client.DefaultDockerClient.version(DefaultDockerClient.java:572)
	at com.spotify.docker.client.DefaultDockerClientTest.setup(DefaultDockerClientTest.java:349)
	at sun.reflect.GeneratedMethodAccessor10.invoke(Unknown Source)
	at sun.reflect.DelegatingMethodAccessorImpl.invoke(DelegatingMethodAccessorImpl.java:43)
	at java.lang.reflect.Method.invoke(Method.java:498)
	at org.junit.runners.model.FrameworkMethod$1.runReflectiveCall(FrameworkMethod.java:50)
	at org.junit.internal.runners.model.ReflectiveCallable.run(ReflectiveCallable.java:12)
	at org.junit.runners.model.FrameworkMethod.invokeExplosively(FrameworkMethod.java:47)
	at org.junit.internal.runners.statements.RunBefores.evaluate(RunBefores.java:24)
	at org.junit.internal.runners.statements.RunAfters.evaluate(RunAfters.java:27)
	at org.junit.rules.ExpectedException$ExpectedExceptionStatement.evaluate(ExpectedException.java:239)
	at org.junit.rules.TestWatcher$1.evaluate(TestWatcher.java:55)
	at org.junit.rules.RunRules.evaluate(RunRules.java:20)
	at org.junit.runners.ParentRunner.runLeaf(ParentRunner.java:325)
	at org.junit.runners.BlockJUnit4ClassRunner.runChild(BlockJUnit4ClassRunner.java:78)
	at org.junit.runners.BlockJUnit4ClassRunner.runChild(BlockJUnit4ClassRunner.java:57)
	at org.junit.runners.ParentRunner$3.run(ParentRunner.java:290)
	at org.junit.runners.ParentRunner$1.schedule(ParentRunner.java:71)
	at org.junit.runners.ParentRunner.runChildren(ParentRunner.java:288)
	at org.junit.runners.ParentRunner.access$000(ParentRunner.java:58)
	at org.junit.runners.ParentRunner$2.evaluate(ParentRunner.java:268)
	at org.junit.runners.ParentRunner.run(ParentRunner.java:363)
	at org.apache.maven.surefire.junit4.JUnit4Provider.execute(JUnit4Provider.java:252)
	at org.apache.maven.surefire.junit4.JUnit4Provider.executeTestSet(JUnit4Provider.java:141)
	at org.apache.maven.surefire.junit4.JUnit4Provider.invoke(JUnit4Provider.java:112)
	at sun.reflect.NativeMethodAccessorImpl.invoke0(Native Method)
	at sun.reflect.NativeMethodAccessorImpl.invoke(NativeMethodAccessorImpl.java:62)
	at sun.reflect.DelegatingMethodAccessorImpl.invoke(DelegatingMethodAccessorImpl.java:43)
	at java.lang.reflect.Method.invoke(Method.java:498)
	at org.apache.maven.surefire.util.ReflectionUtils.invokeMethodWithArray(ReflectionUtils.java:189)
	at org.apache.maven.surefire.booter.ProviderFactory$ProviderProxy.invoke(ProviderFactory.java:165)
	at org.apache.maven.surefire.booter.ProviderFactory.invokeProvider(ProviderFactory.java:85)
	at org.apache.maven.surefire.booter.ForkedBooter.runSuitesInProcess(ForkedBooter.java:115)
	at org.apache.maven.surefire.booter.ForkedBooter.main(ForkedBooter.java:75)
Caused by: java.util.concurrent.ExecutionException: javax.ws.rs.ProcessingException: java.io.IOException: No such file or directory
	at jersey.repackaged.com.google.common.util.concurrent.AbstractFuture$Sync.getValue(AbstractFuture.java:299)
	at jersey.repackaged.com.google.common.util.concurrent.AbstractFuture$Sync.get(AbstractFuture.java:286)
	at jersey.repackaged.com.google.common.util.concurrent.AbstractFuture.get(AbstractFuture.java:116)
	at com.spotify.docker.client.DefaultDockerClient.request(DefaultDockerClient.java:2674)
	... 34 more
Caused by: javax.ws.rs.ProcessingException: java.io.IOException: No such file or directory
	at org.glassfish.jersey.apache.connector.ApacheConnector.apply(ApacheConnector.java:481)
	at org.glassfish.jersey.apache.connector.ApacheConnector$1.run(ApacheConnector.java:491)
	at java.util.concurrent.Executors$RunnableAdapter.call(Executors.java:511)
	at java.util.concurrent.FutureTask.run(FutureTask.java:266)
	at jersey.repackaged.com.google.common.util.concurrent.MoreExecutors$DirectExecutorService.execute(MoreExecutors.java:299)
	at java.util.concurrent.AbstractExecutorService.submit(AbstractExecutorService.java:112)
	at jersey.repackaged.com.google.common.util.concurrent.AbstractListeningExecutorService.submit(AbstractListeningExecutorService.java:50)
	at jersey.repackaged.com.google.common.util.concurrent.AbstractListeningExecutorService.submit(AbstractListeningExecutorService.java:37)
	at org.glassfish.jersey.apache.connector.ApacheConnector.apply(ApacheConnector.java:487)
	at org.glassfish.jersey.client.ClientRuntime$2.run(ClientRuntime.java:178)
	at org.glassfish.jersey.internal.Errors$1.call(Errors.java:271)
	at org.glassfish.jersey.internal.Errors$1.call(Errors.java:267)
	at org.glassfish.jersey.internal.Errors.process(Errors.java:315)
	at org.glassfish.jersey.internal.Errors.process(Errors.java:297)
	at org.glassfish.jersey.internal.Errors.process(Errors.java:267)
	at org.glassfish.jersey.process.internal.RequestScope.runInScope(RequestScope.java:340)
	at org.glassfish.jersey.client.ClientRuntime$3.run(ClientRuntime.java:210)
	at java.util.concurrent.Executors$RunnableAdapter.call(Executors.java:511)
	at java.util.concurrent.FutureTask.run(FutureTask.java:266)
	at java.util.concurrent.ThreadPoolExecutor.runWorker(ThreadPoolExecutor.java:1142)
	at java.util.concurrent.ThreadPoolExecutor$Worker.run(ThreadPoolExecutor.java:617)
	at java.lang.Thread.run(Thread.java:745)
Caused by: java.io.IOException: No such file or directory
	at jnr.unixsocket.UnixSocketChannel.doConnect(UnixSocketChannel.java:127)
	at jnr.unixsocket.UnixSocketChannel.connect(UnixSocketChannel.java:136)
	at jnr.unixsocket.UnixSocketChannel.connect(UnixSocketChannel.java:223)
	at com.spotify.docker.client.UnixConnectionSocketFactory.connectSocket(UnixConnectionSocketFactory.java:85)
	at org.apache.http.impl.conn.DefaultHttpClientConnectionOperator.connect(DefaultHttpClientConnectionOperator.java:134)
	at org.apache.http.impl.conn.PoolingHttpClientConnectionManager.connect(PoolingHttpClientConnectionManager.java:353)
	at org.apache.http.impl.execchain.MainClientExec.establishRoute(MainClientExec.java:380)
	at org.apache.http.impl.execchain.MainClientExec.execute(MainClientExec.java:236)
	at org.apache.http.impl.execchain.ProtocolExec.execute(ProtocolExec.java:184)
	at org.apache.http.impl.execchain.RetryExec.execute(RetryExec.java:88)
	at org.apache.http.impl.execchain.RedirectExec.execute(RedirectExec.java:110)
	at org.apache.http.impl.client.InternalHttpClient.doExecute(InternalHttpClient.java:184)
	at org.apache.http.impl.client.CloseableHttpClient.execute(CloseableHttpClient.java:71)
	at org.glassfish.jersey.apache.connector.ApacheConnector.apply(ApacheConnector.java:435)
	... 21 more
</error>
    <system-err>Jun 02, 2018 7:44:39 AM org.apache.http.impl.execchain.RetryExec execute
INFO: I/O exception (java.io.IOException) caught when processing request to {}-&gt;unix://localhost:80: No such file or directory
Jun 02, 2018 7:44:39 AM org.apache.http.impl.execchain.RetryExec execute
INFO: Retrying request to {}-&gt;unix://localhost:80
Jun 02, 2018 7:44:39 AM org.apache.http.impl.execchain.RetryExec execute
INFO: I/O exception (java.io.IOException) caught when processing request to {}-&gt;unix://localhost:80: No such file or directory
Jun 02, 2018 7:44:39 AM org.apache.http.impl.execchain.RetryExec execute
INFO: Retrying request to {}-&gt;unix://localhost:80
Jun 02, 2018 7:44:39 AM org.apache.http.impl.execchain.RetryExec execute
INFO: I/O exception (java.io.IOException) caught when processing request to {}-&gt;unix://localhost:80: No such file or directory
Jun 02, 2018 7:44:39 AM org.apache.http.impl.execchain.RetryExec execute
INFO: Retrying request to {}-&gt;unix://localhost:80
</system-err>
  </testcase>
  <testcase classname="com.spotify.docker.client.DefaultDockerClientTest" name="testPullWithTag" time="0.025">
    <error type="java.lang.NullPointerException">java.lang.NullPointerException
	at com.spotify.docker.client.VersionCompare.compareVersion(VersionCompare.java:45)
	at com.spotify.docker.client.DefaultDockerClientTest.dockerApiVersionAtLeast(DefaultDockerClientTest.java:404)
	at com.spotify.docker.client.DefaultDockerClientTest.tearDown(DefaultDockerClientTest.java:356)
	at sun.reflect.GeneratedMethodAccessor11.invoke(Unknown Source)
	at sun.reflect.DelegatingMethodAccessorImpl.invoke(DelegatingMethodAccessorImpl.java:43)
	at java.lang.reflect.Method.invoke(Method.java:498)
	at org.junit.runners.model.FrameworkMethod$1.runReflectiveCall(FrameworkMethod.java:50)
	at org.junit.internal.runners.model.ReflectiveCallable.run(ReflectiveCallable.java:12)
	at org.junit.runners.model.FrameworkMethod.invokeExplosively(FrameworkMethod.java:47)
	at org.junit.internal.runners.statements.RunAfters.evaluate(RunAfters.java:33)
	at org.junit.rules.ExpectedException$ExpectedExceptionStatement.evaluate(ExpectedException.java:239)
	at org.junit.rules.TestWatcher$1.evaluate(TestWatcher.java:55)
	at org.junit.rules.RunRules.evaluate(RunRules.java:20)
	at org.junit.runners.ParentRunner.runLeaf(ParentRunner.java:325)
	at org.junit.runners.BlockJUnit4ClassRunner.runChild(BlockJUnit4ClassRunner.java:78)
	at org.junit.runners.BlockJUnit4ClassRunner.runChild(BlockJUnit4ClassRunner.java:57)
	at org.junit.runners.ParentRunner$3.run(ParentRunner.java:290)
	at org.junit.runners.ParentRunner$1.schedule(ParentRunner.java:71)
	at org.junit.runners.ParentRunner.runChildren(ParentRunner.java:288)
	at org.junit.runners.ParentRunner.access$000(ParentRunner.java:58)
	at org.junit.runners.ParentRunner$2.evaluate(ParentRunner.java:268)
	at org.junit.runners.ParentRunner.run(ParentRunner.java:363)
	at org.apache.maven.surefire.junit4.JUnit4Provider.execute(JUnit4Provider.java:252)
	at org.apache.maven.surefire.junit4.JUnit4Provider.executeTestSet(JUnit4Provider.java:141)
	at org.apache.maven.surefire.junit4.JUnit4Provider.invoke(JUnit4Provider.java:112)
	at sun.reflect.NativeMethodAccessorImpl.invoke0(Native Method)
	at sun.reflect.NativeMethodAccessorImpl.invoke(NativeMethodAccessorImpl.java:62)
	at sun.reflect.DelegatingMethodAccessorImpl.invoke(DelegatingMethodAccessorImpl.java:43)
	at java.lang.reflect.Method.invoke(Method.java:498)
	at org.apache.maven.surefire.util.ReflectionUtils.invokeMethodWithArray(ReflectionUtils.java:189)
	at org.apache.maven.surefire.booter.ProviderFactory$ProviderProxy.invoke(ProviderFactory.java:165)
	at org.apache.maven.surefire.booter.ProviderFactory.invokeProvider(ProviderFactory.java:85)
	at org.apache.maven.surefire.booter.ForkedBooter.runSuitesInProcess(ForkedBooter.java:115)
	at org.apache.maven.surefire.booter.ForkedBooter.main(ForkedBooter.java:75)
</error>
  </testcase>
  <testcase classname="com.spotify.docker.client.DefaultDockerClientTest" name="testSearchImage" time="0.026">
    <error message="java.util.concurrent.ExecutionException: javax.ws.rs.ProcessingException: java.io.IOException: No such file or directory" type="com.spotify.docker.client.exceptions.DockerException">com.spotify.docker.client.exceptions.DockerException: java.util.concurrent.ExecutionException: javax.ws.rs.ProcessingException: java.io.IOException: No such file or directory
	at com.spotify.docker.client.DefaultDockerClient.propagate(DefaultDockerClient.java:2812)
	at com.spotify.docker.client.DefaultDockerClient.request(DefaultDockerClient.java:2676)
	at com.spotify.docker.client.DefaultDockerClient.version(DefaultDockerClient.java:572)
	at com.spotify.docker.client.DefaultDockerClientTest.setup(DefaultDockerClientTest.java:349)
	at sun.reflect.GeneratedMethodAccessor10.invoke(Unknown Source)
	at sun.reflect.DelegatingMethodAccessorImpl.invoke(DelegatingMethodAccessorImpl.java:43)
	at java.lang.reflect.Method.invoke(Method.java:498)
	at org.junit.runners.model.FrameworkMethod$1.runReflectiveCall(FrameworkMethod.java:50)
	at org.junit.internal.runners.model.ReflectiveCallable.run(ReflectiveCallable.java:12)
	at org.junit.runners.model.FrameworkMethod.invokeExplosively(FrameworkMethod.java:47)
	at org.junit.internal.runners.statements.RunBefores.evaluate(RunBefores.java:24)
	at org.junit.internal.runners.statements.RunAfters.evaluate(RunAfters.java:27)
	at org.junit.rules.ExpectedException$ExpectedExceptionStatement.evaluate(ExpectedException.java:239)
	at org.junit.rules.TestWatcher$1.evaluate(TestWatcher.java:55)
	at org.junit.rules.RunRules.evaluate(RunRules.java:20)
	at org.junit.runners.ParentRunner.runLeaf(ParentRunner.java:325)
	at org.junit.runners.BlockJUnit4ClassRunner.runChild(BlockJUnit4ClassRunner.java:78)
	at org.junit.runners.BlockJUnit4ClassRunner.runChild(BlockJUnit4ClassRunner.java:57)
	at org.junit.runners.ParentRunner$3.run(ParentRunner.java:290)
	at org.junit.runners.ParentRunner$1.schedule(ParentRunner.java:71)
	at org.junit.runners.ParentRunner.runChildren(ParentRunner.java:288)
	at org.junit.runners.ParentRunner.access$000(ParentRunner.java:58)
	at org.junit.runners.ParentRunner$2.evaluate(ParentRunner.java:268)
	at org.junit.runners.ParentRunner.run(ParentRunner.java:363)
	at org.apache.maven.surefire.junit4.JUnit4Provider.execute(JUnit4Provider.java:252)
	at org.apache.maven.surefire.junit4.JUnit4Provider.executeTestSet(JUnit4Provider.java:141)
	at org.apache.maven.surefire.junit4.JUnit4Provider.invoke(JUnit4Provider.java:112)
	at sun.reflect.NativeMethodAccessorImpl.invoke0(Native Method)
	at sun.reflect.NativeMethodAccessorImpl.invoke(NativeMethodAccessorImpl.java:62)
	at sun.reflect.DelegatingMethodAccessorImpl.invoke(DelegatingMethodAccessorImpl.java:43)
	at java.lang.reflect.Method.invoke(Method.java:498)
	at org.apache.maven.surefire.util.ReflectionUtils.invokeMethodWithArray(ReflectionUtils.java:189)
	at org.apache.maven.surefire.booter.ProviderFactory$ProviderProxy.invoke(ProviderFactory.java:165)
	at org.apache.maven.surefire.booter.ProviderFactory.invokeProvider(ProviderFactory.java:85)
	at org.apache.maven.surefire.booter.ForkedBooter.runSuitesInProcess(ForkedBooter.java:115)
	at org.apache.maven.surefire.booter.ForkedBooter.main(ForkedBooter.java:75)
Caused by: java.util.concurrent.ExecutionException: javax.ws.rs.ProcessingException: java.io.IOException: No such file or directory
	at jersey.repackaged.com.google.common.util.concurrent.AbstractFuture$Sync.getValue(AbstractFuture.java:299)
	at jersey.repackaged.com.google.common.util.concurrent.AbstractFuture$Sync.get(AbstractFuture.java:286)
	at jersey.repackaged.com.google.common.util.concurrent.AbstractFuture.get(AbstractFuture.java:116)
	at com.spotify.docker.client.DefaultDockerClient.request(DefaultDockerClient.java:2674)
	... 34 more
Caused by: javax.ws.rs.ProcessingException: java.io.IOException: No such file or directory
	at org.glassfish.jersey.apache.connector.ApacheConnector.apply(ApacheConnector.java:481)
	at org.glassfish.jersey.apache.connector.ApacheConnector$1.run(ApacheConnector.java:491)
	at java.util.concurrent.Executors$RunnableAdapter.call(Executors.java:511)
	at java.util.concurrent.FutureTask.run(FutureTask.java:266)
	at jersey.repackaged.com.google.common.util.concurrent.MoreExecutors$DirectExecutorService.execute(MoreExecutors.java:299)
	at java.util.concurrent.AbstractExecutorService.submit(AbstractExecutorService.java:112)
	at jersey.repackaged.com.google.common.util.concurrent.AbstractListeningExecutorService.submit(AbstractListeningExecutorService.java:50)
	at jersey.repackaged.com.google.common.util.concurrent.AbstractListeningExecutorService.submit(AbstractListeningExecutorService.java:37)
	at org.glassfish.jersey.apache.connector.ApacheConnector.apply(ApacheConnector.java:487)
	at org.glassfish.jersey.client.ClientRuntime$2.run(ClientRuntime.java:178)
	at org.glassfish.jersey.internal.Errors$1.call(Errors.java:271)
	at org.glassfish.jersey.internal.Errors$1.call(Errors.java:267)
	at org.glassfish.jersey.internal.Errors.process(Errors.java:315)
	at org.glassfish.jersey.internal.Errors.process(Errors.java:297)
	at org.glassfish.jersey.internal.Errors.process(Errors.java:267)
	at org.glassfish.jersey.process.internal.RequestScope.runInScope(RequestScope.java:340)
	at org.glassfish.jersey.client.ClientRuntime$3.run(ClientRuntime.java:210)
	at java.util.concurrent.Executors$RunnableAdapter.call(Executors.java:511)
	at java.util.concurrent.FutureTask.run(FutureTask.java:266)
	at java.util.concurrent.ThreadPoolExecutor.runWorker(ThreadPoolExecutor.java:1142)
	at java.util.concurrent.ThreadPoolExecutor$Worker.run(ThreadPoolExecutor.java:617)
	at java.lang.Thread.run(Thread.java:745)
Caused by: java.io.IOException: No such file or directory
	at jnr.unixsocket.UnixSocketChannel.doConnect(UnixSocketChannel.java:127)
	at jnr.unixsocket.UnixSocketChannel.connect(UnixSocketChannel.java:136)
	at jnr.unixsocket.UnixSocketChannel.connect(UnixSocketChannel.java:223)
	at com.spotify.docker.client.UnixConnectionSocketFactory.connectSocket(UnixConnectionSocketFactory.java:85)
	at org.apache.http.impl.conn.DefaultHttpClientConnectionOperator.connect(DefaultHttpClientConnectionOperator.java:134)
	at org.apache.http.impl.conn.PoolingHttpClientConnectionManager.connect(PoolingHttpClientConnectionManager.java:353)
	at org.apache.http.impl.execchain.MainClientExec.establishRoute(MainClientExec.java:380)
	at org.apache.http.impl.execchain.MainClientExec.execute(MainClientExec.java:236)
	at org.apache.http.impl.execchain.ProtocolExec.execute(ProtocolExec.java:184)
	at org.apache.http.impl.execchain.RetryExec.execute(RetryExec.java:88)
	at org.apache.http.impl.execchain.RedirectExec.execute(RedirectExec.java:110)
	at org.apache.http.impl.client.InternalHttpClient.doExecute(InternalHttpClient.java:184)
	at org.apache.http.impl.client.CloseableHttpClient.execute(CloseableHttpClient.java:71)
	at org.glassfish.jersey.apache.connector.ApacheConnector.apply(ApacheConnector.java:435)
	... 21 more
</error>
    <system-err>Jun 02, 2018 7:44:39 AM org.apache.http.impl.execchain.RetryExec execute
INFO: I/O exception (java.io.IOException) caught when processing request to {}-&gt;unix://localhost:80: No such file or directory
Jun 02, 2018 7:44:39 AM org.apache.http.impl.execchain.RetryExec execute
INFO: Retrying request to {}-&gt;unix://localhost:80
Jun 02, 2018 7:44:39 AM org.apache.http.impl.execchain.RetryExec execute
INFO: I/O exception (java.io.IOException) caught when processing request to {}-&gt;unix://localhost:80: No such file or directory
Jun 02, 2018 7:44:39 AM org.apache.http.impl.execchain.RetryExec execute
INFO: Retrying request to {}-&gt;unix://localhost:80
Jun 02, 2018 7:44:39 AM org.apache.http.impl.execchain.RetryExec execute
INFO: I/O exception (java.io.IOException) caught when processing request to {}-&gt;unix://localhost:80: No such file or directory
Jun 02, 2018 7:44:39 AM org.apache.http.impl.execchain.RetryExec execute
INFO: Retrying request to {}-&gt;unix://localhost:80
</system-err>
  </testcase>
  <testcase classname="com.spotify.docker.client.DefaultDockerClientTest" name="testSearchImage" time="0.026">
    <error type="java.lang.NullPointerException">java.lang.NullPointerException
	at com.spotify.docker.client.VersionCompare.compareVersion(VersionCompare.java:45)
	at com.spotify.docker.client.DefaultDockerClientTest.dockerApiVersionAtLeast(DefaultDockerClientTest.java:404)
	at com.spotify.docker.client.DefaultDockerClientTest.tearDown(DefaultDockerClientTest.java:356)
	at sun.reflect.GeneratedMethodAccessor11.invoke(Unknown Source)
	at sun.reflect.DelegatingMethodAccessorImpl.invoke(DelegatingMethodAccessorImpl.java:43)
	at java.lang.reflect.Method.invoke(Method.java:498)
	at org.junit.runners.model.FrameworkMethod$1.runReflectiveCall(FrameworkMethod.java:50)
	at org.junit.internal.runners.model.ReflectiveCallable.run(ReflectiveCallable.java:12)
	at org.junit.runners.model.FrameworkMethod.invokeExplosively(FrameworkMethod.java:47)
	at org.junit.internal.runners.statements.RunAfters.evaluate(RunAfters.java:33)
	at org.junit.rules.ExpectedException$ExpectedExceptionStatement.evaluate(ExpectedException.java:239)
	at org.junit.rules.TestWatcher$1.evaluate(TestWatcher.java:55)
	at org.junit.rules.RunRules.evaluate(RunRules.java:20)
	at org.junit.runners.ParentRunner.runLeaf(ParentRunner.java:325)
	at org.junit.runners.BlockJUnit4ClassRunner.runChild(BlockJUnit4ClassRunner.java:78)
	at org.junit.runners.BlockJUnit4ClassRunner.runChild(BlockJUnit4ClassRunner.java:57)
	at org.junit.runners.ParentRunner$3.run(ParentRunner.java:290)
	at org.junit.runners.ParentRunner$1.schedule(ParentRunner.java:71)
	at org.junit.runners.ParentRunner.runChildren(ParentRunner.java:288)
	at org.junit.runners.ParentRunner.access$000(ParentRunner.java:58)
	at org.junit.runners.ParentRunner$2.evaluate(ParentRunner.java:268)
	at org.junit.runners.ParentRunner.run(ParentRunner.java:363)
	at org.apache.maven.surefire.junit4.JUnit4Provider.execute(JUnit4Provider.java:252)
	at org.apache.maven.surefire.junit4.JUnit4Provider.executeTestSet(JUnit4Provider.java:141)
	at org.apache.maven.surefire.junit4.JUnit4Provider.invoke(JUnit4Provider.java:112)
	at sun.reflect.NativeMethodAccessorImpl.invoke0(Native Method)
	at sun.reflect.NativeMethodAccessorImpl.invoke(NativeMethodAccessorImpl.java:62)
	at sun.reflect.DelegatingMethodAccessorImpl.invoke(DelegatingMethodAccessorImpl.java:43)
	at java.lang.reflect.Method.invoke(Method.java:498)
	at org.apache.maven.surefire.util.ReflectionUtils.invokeMethodWithArray(ReflectionUtils.java:189)
	at org.apache.maven.surefire.booter.ProviderFactory$ProviderProxy.invoke(ProviderFactory.java:165)
	at org.apache.maven.surefire.booter.ProviderFactory.invokeProvider(ProviderFactory.java:85)
	at org.apache.maven.surefire.booter.ForkedBooter.runSuitesInProcess(ForkedBooter.java:115)
	at org.apache.maven.surefire.booter.ForkedBooter.main(ForkedBooter.java:75)
</error>
  </testcase>
  <testcase classname="com.spotify.docker.client.DefaultDockerClientTest" name="testStats" time="0.025">
    <error message="java.util.concurrent.ExecutionException: javax.ws.rs.ProcessingException: java.io.IOException: No such file or directory" type="com.spotify.docker.client.exceptions.DockerException">com.spotify.docker.client.exceptions.DockerException: java.util.concurrent.ExecutionException: javax.ws.rs.ProcessingException: java.io.IOException: No such file or directory
	at com.spotify.docker.client.DefaultDockerClient.propagate(DefaultDockerClient.java:2812)
	at com.spotify.docker.client.DefaultDockerClient.request(DefaultDockerClient.java:2676)
	at com.spotify.docker.client.DefaultDockerClient.version(DefaultDockerClient.java:572)
	at com.spotify.docker.client.DefaultDockerClientTest.setup(DefaultDockerClientTest.java:349)
	at sun.reflect.GeneratedMethodAccessor10.invoke(Unknown Source)
	at sun.reflect.DelegatingMethodAccessorImpl.invoke(DelegatingMethodAccessorImpl.java:43)
	at java.lang.reflect.Method.invoke(Method.java:498)
	at org.junit.runners.model.FrameworkMethod$1.runReflectiveCall(FrameworkMethod.java:50)
	at org.junit.internal.runners.model.ReflectiveCallable.run(ReflectiveCallable.java:12)
	at org.junit.runners.model.FrameworkMethod.invokeExplosively(FrameworkMethod.java:47)
	at org.junit.internal.runners.statements.RunBefores.evaluate(RunBefores.java:24)
	at org.junit.internal.runners.statements.RunAfters.evaluate(RunAfters.java:27)
	at org.junit.rules.ExpectedException$ExpectedExceptionStatement.evaluate(ExpectedException.java:239)
	at org.junit.rules.TestWatcher$1.evaluate(TestWatcher.java:55)
	at org.junit.rules.RunRules.evaluate(RunRules.java:20)
	at org.junit.runners.ParentRunner.runLeaf(ParentRunner.java:325)
	at org.junit.runners.BlockJUnit4ClassRunner.runChild(BlockJUnit4ClassRunner.java:78)
	at org.junit.runners.BlockJUnit4ClassRunner.runChild(BlockJUnit4ClassRunner.java:57)
	at org.junit.runners.ParentRunner$3.run(ParentRunner.java:290)
	at org.junit.runners.ParentRunner$1.schedule(ParentRunner.java:71)
	at org.junit.runners.ParentRunner.runChildren(ParentRunner.java:288)
	at org.junit.runners.ParentRunner.access$000(ParentRunner.java:58)
	at org.junit.runners.ParentRunner$2.evaluate(ParentRunner.java:268)
	at org.junit.runners.ParentRunner.run(ParentRunner.java:363)
	at org.apache.maven.surefire.junit4.JUnit4Provider.execute(JUnit4Provider.java:252)
	at org.apache.maven.surefire.junit4.JUnit4Provider.executeTestSet(JUnit4Provider.java:141)
	at org.apache.maven.surefire.junit4.JUnit4Provider.invoke(JUnit4Provider.java:112)
	at sun.reflect.NativeMethodAccessorImpl.invoke0(Native Method)
	at sun.reflect.NativeMethodAccessorImpl.invoke(NativeMethodAccessorImpl.java:62)
	at sun.reflect.DelegatingMethodAccessorImpl.invoke(DelegatingMethodAccessorImpl.java:43)
	at java.lang.reflect.Method.invoke(Method.java:498)
	at org.apache.maven.surefire.util.ReflectionUtils.invokeMethodWithArray(ReflectionUtils.java:189)
	at org.apache.maven.surefire.booter.ProviderFactory$ProviderProxy.invoke(ProviderFactory.java:165)
	at org.apache.maven.surefire.booter.ProviderFactory.invokeProvider(ProviderFactory.java:85)
	at org.apache.maven.surefire.booter.ForkedBooter.runSuitesInProcess(ForkedBooter.java:115)
	at org.apache.maven.surefire.booter.ForkedBooter.main(ForkedBooter.java:75)
Caused by: java.util.concurrent.ExecutionException: javax.ws.rs.ProcessingException: java.io.IOException: No such file or directory
	at jersey.repackaged.com.google.common.util.concurrent.AbstractFuture$Sync.getValue(AbstractFuture.java:299)
	at jersey.repackaged.com.google.common.util.concurrent.AbstractFuture$Sync.get(AbstractFuture.java:286)
	at jersey.repackaged.com.google.common.util.concurrent.AbstractFuture.get(AbstractFuture.java:116)
	at com.spotify.docker.client.DefaultDockerClient.request(DefaultDockerClient.java:2674)
	... 34 more
Caused by: javax.ws.rs.ProcessingException: java.io.IOException: No such file or directory
	at org.glassfish.jersey.apache.connector.ApacheConnector.apply(ApacheConnector.java:481)
	at org.glassfish.jersey.apache.connector.ApacheConnector$1.run(ApacheConnector.java:491)
	at java.util.concurrent.Executors$RunnableAdapter.call(Executors.java:511)
	at java.util.concurrent.FutureTask.run(FutureTask.java:266)
	at jersey.repackaged.com.google.common.util.concurrent.MoreExecutors$DirectExecutorService.execute(MoreExecutors.java:299)
	at java.util.concurrent.AbstractExecutorService.submit(AbstractExecutorService.java:112)
	at jersey.repackaged.com.google.common.util.concurrent.AbstractListeningExecutorService.submit(AbstractListeningExecutorService.java:50)
	at jersey.repackaged.com.google.common.util.concurrent.AbstractListeningExecutorService.submit(AbstractListeningExecutorService.java:37)
	at org.glassfish.jersey.apache.connector.ApacheConnector.apply(ApacheConnector.java:487)
	at org.glassfish.jersey.client.ClientRuntime$2.run(ClientRuntime.java:178)
	at org.glassfish.jersey.internal.Errors$1.call(Errors.java:271)
	at org.glassfish.jersey.internal.Errors$1.call(Errors.java:267)
	at org.glassfish.jersey.internal.Errors.process(Errors.java:315)
	at org.glassfish.jersey.internal.Errors.process(Errors.java:297)
	at org.glassfish.jersey.internal.Errors.process(Errors.java:267)
	at org.glassfish.jersey.process.internal.RequestScope.runInScope(RequestScope.java:340)
	at org.glassfish.jersey.client.ClientRuntime$3.run(ClientRuntime.java:210)
	at java.util.concurrent.Executors$RunnableAdapter.call(Executors.java:511)
	at java.util.concurrent.FutureTask.run(FutureTask.java:266)
	at java.util.concurrent.ThreadPoolExecutor.runWorker(ThreadPoolExecutor.java:1142)
	at java.util.concurrent.ThreadPoolExecutor$Worker.run(ThreadPoolExecutor.java:617)
	at java.lang.Thread.run(Thread.java:745)
Caused by: java.io.IOException: No such file or directory
	at jnr.unixsocket.UnixSocketChannel.doConnect(UnixSocketChannel.java:127)
	at jnr.unixsocket.UnixSocketChannel.connect(UnixSocketChannel.java:136)
	at jnr.unixsocket.UnixSocketChannel.connect(UnixSocketChannel.java:223)
	at com.spotify.docker.client.UnixConnectionSocketFactory.connectSocket(UnixConnectionSocketFactory.java:85)
	at org.apache.http.impl.conn.DefaultHttpClientConnectionOperator.connect(DefaultHttpClientConnectionOperator.java:134)
	at org.apache.http.impl.conn.PoolingHttpClientConnectionManager.connect(PoolingHttpClientConnectionManager.java:353)
	at org.apache.http.impl.execchain.MainClientExec.establishRoute(MainClientExec.java:380)
	at org.apache.http.impl.execchain.MainClientExec.execute(MainClientExec.java:236)
	at org.apache.http.impl.execchain.ProtocolExec.execute(ProtocolExec.java:184)
	at org.apache.http.impl.execchain.RetryExec.execute(RetryExec.java:88)
	at org.apache.http.impl.execchain.RedirectExec.execute(RedirectExec.java:110)
	at org.apache.http.impl.client.InternalHttpClient.doExecute(InternalHttpClient.java:184)
	at org.apache.http.impl.client.CloseableHttpClient.execute(CloseableHttpClient.java:71)
	at org.glassfish.jersey.apache.connector.ApacheConnector.apply(ApacheConnector.java:435)
	... 21 more
</error>
    <system-err>Jun 02, 2018 7:44:39 AM org.apache.http.impl.execchain.RetryExec execute
INFO: I/O exception (java.io.IOException) caught when processing request to {}-&gt;unix://localhost:80: No such file or directory
Jun 02, 2018 7:44:39 AM org.apache.http.impl.execchain.RetryExec execute
INFO: Retrying request to {}-&gt;unix://localhost:80
Jun 02, 2018 7:44:39 AM org.apache.http.impl.execchain.RetryExec execute
INFO: I/O exception (java.io.IOException) caught when processing request to {}-&gt;unix://localhost:80: No such file or directory
Jun 02, 2018 7:44:39 AM org.apache.http.impl.execchain.RetryExec execute
INFO: Retrying request to {}-&gt;unix://localhost:80
Jun 02, 2018 7:44:39 AM org.apache.http.impl.execchain.RetryExec execute
INFO: I/O exception (java.io.IOException) caught when processing request to {}-&gt;unix://localhost:80: No such file or directory
Jun 02, 2018 7:44:39 AM org.apache.http.impl.execchain.RetryExec execute
INFO: Retrying request to {}-&gt;unix://localhost:80
</system-err>
  </testcase>
  <testcase classname="com.spotify.docker.client.DefaultDockerClientTest" name="testStats" time="0.025">
    <error type="java.lang.NullPointerException">java.lang.NullPointerException
	at com.spotify.docker.client.VersionCompare.compareVersion(VersionCompare.java:45)
	at com.spotify.docker.client.DefaultDockerClientTest.dockerApiVersionAtLeast(DefaultDockerClientTest.java:404)
	at com.spotify.docker.client.DefaultDockerClientTest.tearDown(DefaultDockerClientTest.java:356)
	at sun.reflect.GeneratedMethodAccessor11.invoke(Unknown Source)
	at sun.reflect.DelegatingMethodAccessorImpl.invoke(DelegatingMethodAccessorImpl.java:43)
	at java.lang.reflect.Method.invoke(Method.java:498)
	at org.junit.runners.model.FrameworkMethod$1.runReflectiveCall(FrameworkMethod.java:50)
	at org.junit.internal.runners.model.ReflectiveCallable.run(ReflectiveCallable.java:12)
	at org.junit.runners.model.FrameworkMethod.invokeExplosively(FrameworkMethod.java:47)
	at org.junit.internal.runners.statements.RunAfters.evaluate(RunAfters.java:33)
	at org.junit.rules.ExpectedException$ExpectedExceptionStatement.evaluate(ExpectedException.java:239)
	at org.junit.rules.TestWatcher$1.evaluate(TestWatcher.java:55)
	at org.junit.rules.RunRules.evaluate(RunRules.java:20)
	at org.junit.runners.ParentRunner.runLeaf(ParentRunner.java:325)
	at org.junit.runners.BlockJUnit4ClassRunner.runChild(BlockJUnit4ClassRunner.java:78)
	at org.junit.runners.BlockJUnit4ClassRunner.runChild(BlockJUnit4ClassRunner.java:57)
	at org.junit.runners.ParentRunner$3.run(ParentRunner.java:290)
	at org.junit.runners.ParentRunner$1.schedule(ParentRunner.java:71)
	at org.junit.runners.ParentRunner.runChildren(ParentRunner.java:288)
	at org.junit.runners.ParentRunner.access$000(ParentRunner.java:58)
	at org.junit.runners.ParentRunner$2.evaluate(ParentRunner.java:268)
	at org.junit.runners.ParentRunner.run(ParentRunner.java:363)
	at org.apache.maven.surefire.junit4.JUnit4Provider.execute(JUnit4Provider.java:252)
	at org.apache.maven.surefire.junit4.JUnit4Provider.executeTestSet(JUnit4Provider.java:141)
	at org.apache.maven.surefire.junit4.JUnit4Provider.invoke(JUnit4Provider.java:112)
	at sun.reflect.NativeMethodAccessorImpl.invoke0(Native Method)
	at sun.reflect.NativeMethodAccessorImpl.invoke(NativeMethodAccessorImpl.java:62)
	at sun.reflect.DelegatingMethodAccessorImpl.invoke(DelegatingMethodAccessorImpl.java:43)
	at java.lang.reflect.Method.invoke(Method.java:498)
	at org.apache.maven.surefire.util.ReflectionUtils.invokeMethodWithArray(ReflectionUtils.java:189)
	at org.apache.maven.surefire.booter.ProviderFactory$ProviderProxy.invoke(ProviderFactory.java:165)
	at org.apache.maven.surefire.booter.ProviderFactory.invokeProvider(ProviderFactory.java:85)
	at org.apache.maven.surefire.booter.ForkedBooter.runSuitesInProcess(ForkedBooter.java:115)
	at org.apache.maven.surefire.booter.ForkedBooter.main(ForkedBooter.java:75)
</error>
  </testcase>
  <testcase classname="com.spotify.docker.client.DefaultDockerClientTest" name="testTmpfs" time="0.025">
    <error message="java.util.concurrent.ExecutionException: javax.ws.rs.ProcessingException: java.io.IOException: No such file or directory" type="com.spotify.docker.client.exceptions.DockerException">com.spotify.docker.client.exceptions.DockerException: java.util.concurrent.ExecutionException: javax.ws.rs.ProcessingException: java.io.IOException: No such file or directory
	at com.spotify.docker.client.DefaultDockerClient.propagate(DefaultDockerClient.java:2812)
	at com.spotify.docker.client.DefaultDockerClient.request(DefaultDockerClient.java:2676)
	at com.spotify.docker.client.DefaultDockerClient.version(DefaultDockerClient.java:572)
	at com.spotify.docker.client.DefaultDockerClientTest.setup(DefaultDockerClientTest.java:349)
	at sun.reflect.GeneratedMethodAccessor10.invoke(Unknown Source)
	at sun.reflect.DelegatingMethodAccessorImpl.invoke(DelegatingMethodAccessorImpl.java:43)
	at java.lang.reflect.Method.invoke(Method.java:498)
	at org.junit.runners.model.FrameworkMethod$1.runReflectiveCall(FrameworkMethod.java:50)
	at org.junit.internal.runners.model.ReflectiveCallable.run(ReflectiveCallable.java:12)
	at org.junit.runners.model.FrameworkMethod.invokeExplosively(FrameworkMethod.java:47)
	at org.junit.internal.runners.statements.RunBefores.evaluate(RunBefores.java:24)
	at org.junit.internal.runners.statements.RunAfters.evaluate(RunAfters.java:27)
	at org.junit.rules.ExpectedException$ExpectedExceptionStatement.evaluate(ExpectedException.java:239)
	at org.junit.rules.TestWatcher$1.evaluate(TestWatcher.java:55)
	at org.junit.rules.RunRules.evaluate(RunRules.java:20)
	at org.junit.runners.ParentRunner.runLeaf(ParentRunner.java:325)
	at org.junit.runners.BlockJUnit4ClassRunner.runChild(BlockJUnit4ClassRunner.java:78)
	at org.junit.runners.BlockJUnit4ClassRunner.runChild(BlockJUnit4ClassRunner.java:57)
	at org.junit.runners.ParentRunner$3.run(ParentRunner.java:290)
	at org.junit.runners.ParentRunner$1.schedule(ParentRunner.java:71)
	at org.junit.runners.ParentRunner.runChildren(ParentRunner.java:288)
	at org.junit.runners.ParentRunner.access$000(ParentRunner.java:58)
	at org.junit.runners.ParentRunner$2.evaluate(ParentRunner.java:268)
	at org.junit.runners.ParentRunner.run(ParentRunner.java:363)
	at org.apache.maven.surefire.junit4.JUnit4Provider.execute(JUnit4Provider.java:252)
	at org.apache.maven.surefire.junit4.JUnit4Provider.executeTestSet(JUnit4Provider.java:141)
	at org.apache.maven.surefire.junit4.JUnit4Provider.invoke(JUnit4Provider.java:112)
	at sun.reflect.NativeMethodAccessorImpl.invoke0(Native Method)
	at sun.reflect.NativeMethodAccessorImpl.invoke(NativeMethodAccessorImpl.java:62)
	at sun.reflect.DelegatingMethodAccessorImpl.invoke(DelegatingMethodAccessorImpl.java:43)
	at java.lang.reflect.Method.invoke(Method.java:498)
	at org.apache.maven.surefire.util.ReflectionUtils.invokeMethodWithArray(ReflectionUtils.java:189)
	at org.apache.maven.surefire.booter.ProviderFactory$ProviderProxy.invoke(ProviderFactory.java:165)
	at org.apache.maven.surefire.booter.ProviderFactory.invokeProvider(ProviderFactory.java:85)
	at org.apache.maven.surefire.booter.ForkedBooter.runSuitesInProcess(ForkedBooter.java:115)
	at org.apache.maven.surefire.booter.ForkedBooter.main(ForkedBooter.java:75)
Caused by: java.util.concurrent.ExecutionException: javax.ws.rs.ProcessingException: java.io.IOException: No such file or directory
	at jersey.repackaged.com.google.common.util.concurrent.AbstractFuture$Sync.getValue(AbstractFuture.java:299)
	at jersey.repackaged.com.google.common.util.concurrent.AbstractFuture$Sync.get(AbstractFuture.java:286)
	at jersey.repackaged.com.google.common.util.concurrent.AbstractFuture.get(AbstractFuture.java:116)
	at com.spotify.docker.client.DefaultDockerClient.request(DefaultDockerClient.java:2674)
	... 34 more
Caused by: javax.ws.rs.ProcessingException: java.io.IOException: No such file or directory
	at org.glassfish.jersey.apache.connector.ApacheConnector.apply(ApacheConnector.java:481)
	at org.glassfish.jersey.apache.connector.ApacheConnector$1.run(ApacheConnector.java:491)
	at java.util.concurrent.Executors$RunnableAdapter.call(Executors.java:511)
	at java.util.concurrent.FutureTask.run(FutureTask.java:266)
	at jersey.repackaged.com.google.common.util.concurrent.MoreExecutors$DirectExecutorService.execute(MoreExecutors.java:299)
	at java.util.concurrent.AbstractExecutorService.submit(AbstractExecutorService.java:112)
	at jersey.repackaged.com.google.common.util.concurrent.AbstractListeningExecutorService.submit(AbstractListeningExecutorService.java:50)
	at jersey.repackaged.com.google.common.util.concurrent.AbstractListeningExecutorService.submit(AbstractListeningExecutorService.java:37)
	at org.glassfish.jersey.apache.connector.ApacheConnector.apply(ApacheConnector.java:487)
	at org.glassfish.jersey.client.ClientRuntime$2.run(ClientRuntime.java:178)
	at org.glassfish.jersey.internal.Errors$1.call(Errors.java:271)
	at org.glassfish.jersey.internal.Errors$1.call(Errors.java:267)
	at org.glassfish.jersey.internal.Errors.process(Errors.java:315)
	at org.glassfish.jersey.internal.Errors.process(Errors.java:297)
	at org.glassfish.jersey.internal.Errors.process(Errors.java:267)
	at org.glassfish.jersey.process.internal.RequestScope.runInScope(RequestScope.java:340)
	at org.glassfish.jersey.client.ClientRuntime$3.run(ClientRuntime.java:210)
	at java.util.concurrent.Executors$RunnableAdapter.call(Executors.java:511)
	at java.util.concurrent.FutureTask.run(FutureTask.java:266)
	at java.util.concurrent.ThreadPoolExecutor.runWorker(ThreadPoolExecutor.java:1142)
	at java.util.concurrent.ThreadPoolExecutor$Worker.run(ThreadPoolExecutor.java:617)
	at java.lang.Thread.run(Thread.java:745)
Caused by: java.io.IOException: No such file or directory
	at jnr.unixsocket.UnixSocketChannel.doConnect(UnixSocketChannel.java:127)
	at jnr.unixsocket.UnixSocketChannel.connect(UnixSocketChannel.java:136)
	at jnr.unixsocket.UnixSocketChannel.connect(UnixSocketChannel.java:223)
	at com.spotify.docker.client.UnixConnectionSocketFactory.connectSocket(UnixConnectionSocketFactory.java:85)
	at org.apache.http.impl.conn.DefaultHttpClientConnectionOperator.connect(DefaultHttpClientConnectionOperator.java:134)
	at org.apache.http.impl.conn.PoolingHttpClientConnectionManager.connect(PoolingHttpClientConnectionManager.java:353)
	at org.apache.http.impl.execchain.MainClientExec.establishRoute(MainClientExec.java:380)
	at org.apache.http.impl.execchain.MainClientExec.execute(MainClientExec.java:236)
	at org.apache.http.impl.execchain.ProtocolExec.execute(ProtocolExec.java:184)
	at org.apache.http.impl.execchain.RetryExec.execute(RetryExec.java:88)
	at org.apache.http.impl.execchain.RedirectExec.execute(RedirectExec.java:110)
	at org.apache.http.impl.client.InternalHttpClient.doExecute(InternalHttpClient.java:184)
	at org.apache.http.impl.client.CloseableHttpClient.execute(CloseableHttpClient.java:71)
	at org.glassfish.jersey.apache.connector.ApacheConnector.apply(ApacheConnector.java:435)
	... 21 more
</error>
    <system-err>Jun 02, 2018 7:44:39 AM org.apache.http.impl.execchain.RetryExec execute
INFO: I/O exception (java.io.IOException) caught when processing request to {}-&gt;unix://localhost:80: No such file or directory
Jun 02, 2018 7:44:39 AM org.apache.http.impl.execchain.RetryExec execute
INFO: Retrying request to {}-&gt;unix://localhost:80
Jun 02, 2018 7:44:39 AM org.apache.http.impl.execchain.RetryExec execute
INFO: I/O exception (java.io.IOException) caught when processing request to {}-&gt;unix://localhost:80: No such file or directory
Jun 02, 2018 7:44:39 AM org.apache.http.impl.execchain.RetryExec execute
INFO: Retrying request to {}-&gt;unix://localhost:80
Jun 02, 2018 7:44:39 AM org.apache.http.impl.execchain.RetryExec execute
INFO: I/O exception (java.io.IOException) caught when processing request to {}-&gt;unix://localhost:80: No such file or directory
Jun 02, 2018 7:44:39 AM org.apache.http.impl.execchain.RetryExec execute
INFO: Retrying request to {}-&gt;unix://localhost:80
</system-err>
  </testcase>
  <testcase classname="com.spotify.docker.client.DefaultDockerClientTest" name="testTmpfs" time="0.025">
    <error type="java.lang.NullPointerException">java.lang.NullPointerException
	at com.spotify.docker.client.VersionCompare.compareVersion(VersionCompare.java:45)
	at com.spotify.docker.client.DefaultDockerClientTest.dockerApiVersionAtLeast(DefaultDockerClientTest.java:404)
	at com.spotify.docker.client.DefaultDockerClientTest.tearDown(DefaultDockerClientTest.java:356)
	at sun.reflect.GeneratedMethodAccessor11.invoke(Unknown Source)
	at sun.reflect.DelegatingMethodAccessorImpl.invoke(DelegatingMethodAccessorImpl.java:43)
	at java.lang.reflect.Method.invoke(Method.java:498)
	at org.junit.runners.model.FrameworkMethod$1.runReflectiveCall(FrameworkMethod.java:50)
	at org.junit.internal.runners.model.ReflectiveCallable.run(ReflectiveCallable.java:12)
	at org.junit.runners.model.FrameworkMethod.invokeExplosively(FrameworkMethod.java:47)
	at org.junit.internal.runners.statements.RunAfters.evaluate(RunAfters.java:33)
	at org.junit.rules.ExpectedException$ExpectedExceptionStatement.evaluate(ExpectedException.java:239)
	at org.junit.rules.TestWatcher$1.evaluate(TestWatcher.java:55)
	at org.junit.rules.RunRules.evaluate(RunRules.java:20)
	at org.junit.runners.ParentRunner.runLeaf(ParentRunner.java:325)
	at org.junit.runners.BlockJUnit4ClassRunner.runChild(BlockJUnit4ClassRunner.java:78)
	at org.junit.runners.BlockJUnit4ClassRunner.runChild(BlockJUnit4ClassRunner.java:57)
	at org.junit.runners.ParentRunner$3.run(ParentRunner.java:290)
	at org.junit.runners.ParentRunner$1.schedule(ParentRunner.java:71)
	at org.junit.runners.ParentRunner.runChildren(ParentRunner.java:288)
	at org.junit.runners.ParentRunner.access$000(ParentRunner.java:58)
	at org.junit.runners.ParentRunner$2.evaluate(ParentRunner.java:268)
	at org.junit.runners.ParentRunner.run(ParentRunner.java:363)
	at org.apache.maven.surefire.junit4.JUnit4Provider.execute(JUnit4Provider.java:252)
	at org.apache.maven.surefire.junit4.JUnit4Provider.executeTestSet(JUnit4Provider.java:141)
	at org.apache.maven.surefire.junit4.JUnit4Provider.invoke(JUnit4Provider.java:112)
	at sun.reflect.NativeMethodAccessorImpl.invoke0(Native Method)
	at sun.reflect.NativeMethodAccessorImpl.invoke(NativeMethodAccessorImpl.java:62)
	at sun.reflect.DelegatingMethodAccessorImpl.invoke(DelegatingMethodAccessorImpl.java:43)
	at java.lang.reflect.Method.invoke(Method.java:498)
	at org.apache.maven.surefire.util.ReflectionUtils.invokeMethodWithArray(ReflectionUtils.java:189)
	at org.apache.maven.surefire.booter.ProviderFactory$ProviderProxy.invoke(ProviderFactory.java:165)
	at org.apache.maven.surefire.booter.ProviderFactory.invokeProvider(ProviderFactory.java:85)
	at org.apache.maven.surefire.booter.ForkedBooter.runSuitesInProcess(ForkedBooter.java:115)
	at org.apache.maven.surefire.booter.ForkedBooter.main(ForkedBooter.java:75)
</error>
  </testcase>
  <testcase classname="com.spotify.docker.client.DefaultDockerClientTest" name="testAuth" time="0.026">
    <error message="java.util.concurrent.ExecutionException: javax.ws.rs.ProcessingException: java.io.IOException: No such file or directory" type="com.spotify.docker.client.exceptions.DockerException">com.spotify.docker.client.exceptions.DockerException: java.util.concurrent.ExecutionException: javax.ws.rs.ProcessingException: java.io.IOException: No such file or directory
	at com.spotify.docker.client.DefaultDockerClient.propagate(DefaultDockerClient.java:2812)
	at com.spotify.docker.client.DefaultDockerClient.request(DefaultDockerClient.java:2676)
	at com.spotify.docker.client.DefaultDockerClient.version(DefaultDockerClient.java:572)
	at com.spotify.docker.client.DefaultDockerClientTest.setup(DefaultDockerClientTest.java:349)
	at sun.reflect.GeneratedMethodAccessor10.invoke(Unknown Source)
	at sun.reflect.DelegatingMethodAccessorImpl.invoke(DelegatingMethodAccessorImpl.java:43)
	at java.lang.reflect.Method.invoke(Method.java:498)
	at org.junit.runners.model.FrameworkMethod$1.runReflectiveCall(FrameworkMethod.java:50)
	at org.junit.internal.runners.model.ReflectiveCallable.run(ReflectiveCallable.java:12)
	at org.junit.runners.model.FrameworkMethod.invokeExplosively(FrameworkMethod.java:47)
	at org.junit.internal.runners.statements.RunBefores.evaluate(RunBefores.java:24)
	at org.junit.internal.runners.statements.RunAfters.evaluate(RunAfters.java:27)
	at org.junit.rules.ExpectedException$ExpectedExceptionStatement.evaluate(ExpectedException.java:239)
	at org.junit.rules.TestWatcher$1.evaluate(TestWatcher.java:55)
	at org.junit.rules.RunRules.evaluate(RunRules.java:20)
	at org.junit.runners.ParentRunner.runLeaf(ParentRunner.java:325)
	at org.junit.runners.BlockJUnit4ClassRunner.runChild(BlockJUnit4ClassRunner.java:78)
	at org.junit.runners.BlockJUnit4ClassRunner.runChild(BlockJUnit4ClassRunner.java:57)
	at org.junit.runners.ParentRunner$3.run(ParentRunner.java:290)
	at org.junit.runners.ParentRunner$1.schedule(ParentRunner.java:71)
	at org.junit.runners.ParentRunner.runChildren(ParentRunner.java:288)
	at org.junit.runners.ParentRunner.access$000(ParentRunner.java:58)
	at org.junit.runners.ParentRunner$2.evaluate(ParentRunner.java:268)
	at org.junit.runners.ParentRunner.run(ParentRunner.java:363)
	at org.apache.maven.surefire.junit4.JUnit4Provider.execute(JUnit4Provider.java:252)
	at org.apache.maven.surefire.junit4.JUnit4Provider.executeTestSet(JUnit4Provider.java:141)
	at org.apache.maven.surefire.junit4.JUnit4Provider.invoke(JUnit4Provider.java:112)
	at sun.reflect.NativeMethodAccessorImpl.invoke0(Native Method)
	at sun.reflect.NativeMethodAccessorImpl.invoke(NativeMethodAccessorImpl.java:62)
	at sun.reflect.DelegatingMethodAccessorImpl.invoke(DelegatingMethodAccessorImpl.java:43)
	at java.lang.reflect.Method.invoke(Method.java:498)
	at org.apache.maven.surefire.util.ReflectionUtils.invokeMethodWithArray(ReflectionUtils.java:189)
	at org.apache.maven.surefire.booter.ProviderFactory$ProviderProxy.invoke(ProviderFactory.java:165)
	at org.apache.maven.surefire.booter.ProviderFactory.invokeProvider(ProviderFactory.java:85)
	at org.apache.maven.surefire.booter.ForkedBooter.runSuitesInProcess(ForkedBooter.java:115)
	at org.apache.maven.surefire.booter.ForkedBooter.main(ForkedBooter.java:75)
Caused by: java.util.concurrent.ExecutionException: javax.ws.rs.ProcessingException: java.io.IOException: No such file or directory
	at jersey.repackaged.com.google.common.util.concurrent.AbstractFuture$Sync.getValue(AbstractFuture.java:299)
	at jersey.repackaged.com.google.common.util.concurrent.AbstractFuture$Sync.get(AbstractFuture.java:286)
	at jersey.repackaged.com.google.common.util.concurrent.AbstractFuture.get(AbstractFuture.java:116)
	at com.spotify.docker.client.DefaultDockerClient.request(DefaultDockerClient.java:2674)
	... 34 more
Caused by: javax.ws.rs.ProcessingException: java.io.IOException: No such file or directory
	at org.glassfish.jersey.apache.connector.ApacheConnector.apply(ApacheConnector.java:481)
	at org.glassfish.jersey.apache.connector.ApacheConnector$1.run(ApacheConnector.java:491)
	at java.util.concurrent.Executors$RunnableAdapter.call(Executors.java:511)
	at java.util.concurrent.FutureTask.run(FutureTask.java:266)
	at jersey.repackaged.com.google.common.util.concurrent.MoreExecutors$DirectExecutorService.execute(MoreExecutors.java:299)
	at java.util.concurrent.AbstractExecutorService.submit(AbstractExecutorService.java:112)
	at jersey.repackaged.com.google.common.util.concurrent.AbstractListeningExecutorService.submit(AbstractListeningExecutorService.java:50)
	at jersey.repackaged.com.google.common.util.concurrent.AbstractListeningExecutorService.submit(AbstractListeningExecutorService.java:37)
	at org.glassfish.jersey.apache.connector.ApacheConnector.apply(ApacheConnector.java:487)
	at org.glassfish.jersey.client.ClientRuntime$2.run(ClientRuntime.java:178)
	at org.glassfish.jersey.internal.Errors$1.call(Errors.java:271)
	at org.glassfish.jersey.internal.Errors$1.call(Errors.java:267)
	at org.glassfish.jersey.internal.Errors.process(Errors.java:315)
	at org.glassfish.jersey.internal.Errors.process(Errors.java:297)
	at org.glassfish.jersey.internal.Errors.process(Errors.java:267)
	at org.glassfish.jersey.process.internal.RequestScope.runInScope(RequestScope.java:340)
	at org.glassfish.jersey.client.ClientRuntime$3.run(ClientRuntime.java:210)
	at java.util.concurrent.Executors$RunnableAdapter.call(Executors.java:511)
	at java.util.concurrent.FutureTask.run(FutureTask.java:266)
	at java.util.concurrent.ThreadPoolExecutor.runWorker(ThreadPoolExecutor.java:1142)
	at java.util.concurrent.ThreadPoolExecutor$Worker.run(ThreadPoolExecutor.java:617)
	at java.lang.Thread.run(Thread.java:745)
Caused by: java.io.IOException: No such file or directory
	at jnr.unixsocket.UnixSocketChannel.doConnect(UnixSocketChannel.java:127)
	at jnr.unixsocket.UnixSocketChannel.connect(UnixSocketChannel.java:136)
	at jnr.unixsocket.UnixSocketChannel.connect(UnixSocketChannel.java:223)
	at com.spotify.docker.client.UnixConnectionSocketFactory.connectSocket(UnixConnectionSocketFactory.java:85)
	at org.apache.http.impl.conn.DefaultHttpClientConnectionOperator.connect(DefaultHttpClientConnectionOperator.java:134)
	at org.apache.http.impl.conn.PoolingHttpClientConnectionManager.connect(PoolingHttpClientConnectionManager.java:353)
	at org.apache.http.impl.execchain.MainClientExec.establishRoute(MainClientExec.java:380)
	at org.apache.http.impl.execchain.MainClientExec.execute(MainClientExec.java:236)
	at org.apache.http.impl.execchain.ProtocolExec.execute(ProtocolExec.java:184)
	at org.apache.http.impl.execchain.RetryExec.execute(RetryExec.java:88)
	at org.apache.http.impl.execchain.RedirectExec.execute(RedirectExec.java:110)
	at org.apache.http.impl.client.InternalHttpClient.doExecute(InternalHttpClient.java:184)
	at org.apache.http.impl.client.CloseableHttpClient.execute(CloseableHttpClient.java:71)
	at org.glassfish.jersey.apache.connector.ApacheConnector.apply(ApacheConnector.java:435)
	... 21 more
</error>
    <system-err>Jun 02, 2018 7:44:39 AM org.apache.http.impl.execchain.RetryExec execute
INFO: I/O exception (java.io.IOException) caught when processing request to {}-&gt;unix://localhost:80: No such file or directory
Jun 02, 2018 7:44:39 AM org.apache.http.impl.execchain.RetryExec execute
INFO: Retrying request to {}-&gt;unix://localhost:80
Jun 02, 2018 7:44:39 AM org.apache.http.impl.execchain.RetryExec execute
INFO: I/O exception (java.io.IOException) caught when processing request to {}-&gt;unix://localhost:80: No such file or directory
Jun 02, 2018 7:44:39 AM org.apache.http.impl.execchain.RetryExec execute
INFO: Retrying request to {}-&gt;unix://localhost:80
Jun 02, 2018 7:44:39 AM org.apache.http.impl.execchain.RetryExec execute
INFO: I/O exception (java.io.IOException) caught when processing request to {}-&gt;unix://localhost:80: No such file or directory
Jun 02, 2018 7:44:39 AM org.apache.http.impl.execchain.RetryExec execute
INFO: Retrying request to {}-&gt;unix://localhost:80
</system-err>
  </testcase>
  <testcase classname="com.spotify.docker.client.DefaultDockerClientTest" name="testAuth" time="0.027">
    <error type="java.lang.NullPointerException">java.lang.NullPointerException
	at com.spotify.docker.client.VersionCompare.compareVersion(VersionCompare.java:45)
	at com.spotify.docker.client.DefaultDockerClientTest.dockerApiVersionAtLeast(DefaultDockerClientTest.java:404)
	at com.spotify.docker.client.DefaultDockerClientTest.tearDown(DefaultDockerClientTest.java:356)
	at sun.reflect.GeneratedMethodAccessor11.invoke(Unknown Source)
	at sun.reflect.DelegatingMethodAccessorImpl.invoke(DelegatingMethodAccessorImpl.java:43)
	at java.lang.reflect.Method.invoke(Method.java:498)
	at org.junit.runners.model.FrameworkMethod$1.runReflectiveCall(FrameworkMethod.java:50)
	at org.junit.internal.runners.model.ReflectiveCallable.run(ReflectiveCallable.java:12)
	at org.junit.runners.model.FrameworkMethod.invokeExplosively(FrameworkMethod.java:47)
	at org.junit.internal.runners.statements.RunAfters.evaluate(RunAfters.java:33)
	at org.junit.rules.ExpectedException$ExpectedExceptionStatement.evaluate(ExpectedException.java:239)
	at org.junit.rules.TestWatcher$1.evaluate(TestWatcher.java:55)
	at org.junit.rules.RunRules.evaluate(RunRules.java:20)
	at org.junit.runners.ParentRunner.runLeaf(ParentRunner.java:325)
	at org.junit.runners.BlockJUnit4ClassRunner.runChild(BlockJUnit4ClassRunner.java:78)
	at org.junit.runners.BlockJUnit4ClassRunner.runChild(BlockJUnit4ClassRunner.java:57)
	at org.junit.runners.ParentRunner$3.run(ParentRunner.java:290)
	at org.junit.runners.ParentRunner$1.schedule(ParentRunner.java:71)
	at org.junit.runners.ParentRunner.runChildren(ParentRunner.java:288)
	at org.junit.runners.ParentRunner.access$000(ParentRunner.java:58)
	at org.junit.runners.ParentRunner$2.evaluate(ParentRunner.java:268)
	at org.junit.runners.ParentRunner.run(ParentRunner.java:363)
	at org.apache.maven.surefire.junit4.JUnit4Provider.execute(JUnit4Provider.java:252)
	at org.apache.maven.surefire.junit4.JUnit4Provider.executeTestSet(JUnit4Provider.java:141)
	at org.apache.maven.surefire.junit4.JUnit4Provider.invoke(JUnit4Provider.java:112)
	at sun.reflect.NativeMethodAccessorImpl.invoke0(Native Method)
	at sun.reflect.NativeMethodAccessorImpl.invoke(NativeMethodAccessorImpl.java:62)
	at sun.reflect.DelegatingMethodAccessorImpl.invoke(DelegatingMethodAccessorImpl.java:43)
	at java.lang.reflect.Method.invoke(Method.java:498)
	at org.apache.maven.surefire.util.ReflectionUtils.invokeMethodWithArray(ReflectionUtils.java:189)
	at org.apache.maven.surefire.booter.ProviderFactory$ProviderProxy.invoke(ProviderFactory.java:165)
	at org.apache.maven.surefire.booter.ProviderFactory.invokeProvider(ProviderFactory.java:85)
	at org.apache.maven.surefire.booter.ForkedBooter.runSuitesInProcess(ForkedBooter.java:115)
	at org.apache.maven.surefire.booter.ForkedBooter.main(ForkedBooter.java:75)
</error>
  </testcase>
  <testcase classname="com.spotify.docker.client.DefaultDockerClientTest" name="testExec" time="0.024">
    <error message="java.util.concurrent.ExecutionException: javax.ws.rs.ProcessingException: java.io.IOException: No such file or directory" type="com.spotify.docker.client.exceptions.DockerException">com.spotify.docker.client.exceptions.DockerException: java.util.concurrent.ExecutionException: javax.ws.rs.ProcessingException: java.io.IOException: No such file or directory
	at com.spotify.docker.client.DefaultDockerClient.propagate(DefaultDockerClient.java:2812)
	at com.spotify.docker.client.DefaultDockerClient.request(DefaultDockerClient.java:2676)
	at com.spotify.docker.client.DefaultDockerClient.version(DefaultDockerClient.java:572)
	at com.spotify.docker.client.DefaultDockerClientTest.setup(DefaultDockerClientTest.java:349)
	at sun.reflect.GeneratedMethodAccessor10.invoke(Unknown Source)
	at sun.reflect.DelegatingMethodAccessorImpl.invoke(DelegatingMethodAccessorImpl.java:43)
	at java.lang.reflect.Method.invoke(Method.java:498)
	at org.junit.runners.model.FrameworkMethod$1.runReflectiveCall(FrameworkMethod.java:50)
	at org.junit.internal.runners.model.ReflectiveCallable.run(ReflectiveCallable.java:12)
	at org.junit.runners.model.FrameworkMethod.invokeExplosively(FrameworkMethod.java:47)
	at org.junit.internal.runners.statements.RunBefores.evaluate(RunBefores.java:24)
	at org.junit.internal.runners.statements.RunAfters.evaluate(RunAfters.java:27)
	at org.junit.rules.ExpectedException$ExpectedExceptionStatement.evaluate(ExpectedException.java:239)
	at org.junit.rules.TestWatcher$1.evaluate(TestWatcher.java:55)
	at org.junit.rules.RunRules.evaluate(RunRules.java:20)
	at org.junit.runners.ParentRunner.runLeaf(ParentRunner.java:325)
	at org.junit.runners.BlockJUnit4ClassRunner.runChild(BlockJUnit4ClassRunner.java:78)
	at org.junit.runners.BlockJUnit4ClassRunner.runChild(BlockJUnit4ClassRunner.java:57)
	at org.junit.runners.ParentRunner$3.run(ParentRunner.java:290)
	at org.junit.runners.ParentRunner$1.schedule(ParentRunner.java:71)
	at org.junit.runners.ParentRunner.runChildren(ParentRunner.java:288)
	at org.junit.runners.ParentRunner.access$000(ParentRunner.java:58)
	at org.junit.runners.ParentRunner$2.evaluate(ParentRunner.java:268)
	at org.junit.runners.ParentRunner.run(ParentRunner.java:363)
	at org.apache.maven.surefire.junit4.JUnit4Provider.execute(JUnit4Provider.java:252)
	at org.apache.maven.surefire.junit4.JUnit4Provider.executeTestSet(JUnit4Provider.java:141)
	at org.apache.maven.surefire.junit4.JUnit4Provider.invoke(JUnit4Provider.java:112)
	at sun.reflect.NativeMethodAccessorImpl.invoke0(Native Method)
	at sun.reflect.NativeMethodAccessorImpl.invoke(NativeMethodAccessorImpl.java:62)
	at sun.reflect.DelegatingMethodAccessorImpl.invoke(DelegatingMethodAccessorImpl.java:43)
	at java.lang.reflect.Method.invoke(Method.java:498)
	at org.apache.maven.surefire.util.ReflectionUtils.invokeMethodWithArray(ReflectionUtils.java:189)
	at org.apache.maven.surefire.booter.ProviderFactory$ProviderProxy.invoke(ProviderFactory.java:165)
	at org.apache.maven.surefire.booter.ProviderFactory.invokeProvider(ProviderFactory.java:85)
	at org.apache.maven.surefire.booter.ForkedBooter.runSuitesInProcess(ForkedBooter.java:115)
	at org.apache.maven.surefire.booter.ForkedBooter.main(ForkedBooter.java:75)
Caused by: java.util.concurrent.ExecutionException: javax.ws.rs.ProcessingException: java.io.IOException: No such file or directory
	at jersey.repackaged.com.google.common.util.concurrent.AbstractFuture$Sync.getValue(AbstractFuture.java:299)
	at jersey.repackaged.com.google.common.util.concurrent.AbstractFuture$Sync.get(AbstractFuture.java:286)
	at jersey.repackaged.com.google.common.util.concurrent.AbstractFuture.get(AbstractFuture.java:116)
	at com.spotify.docker.client.DefaultDockerClient.request(DefaultDockerClient.java:2674)
	... 34 more
Caused by: javax.ws.rs.ProcessingException: java.io.IOException: No such file or directory
	at org.glassfish.jersey.apache.connector.ApacheConnector.apply(ApacheConnector.java:481)
	at org.glassfish.jersey.apache.connector.ApacheConnector$1.run(ApacheConnector.java:491)
	at java.util.concurrent.Executors$RunnableAdapter.call(Executors.java:511)
	at java.util.concurrent.FutureTask.run(FutureTask.java:266)
	at jersey.repackaged.com.google.common.util.concurrent.MoreExecutors$DirectExecutorService.execute(MoreExecutors.java:299)
	at java.util.concurrent.AbstractExecutorService.submit(AbstractExecutorService.java:112)
	at jersey.repackaged.com.google.common.util.concurrent.AbstractListeningExecutorService.submit(AbstractListeningExecutorService.java:50)
	at jersey.repackaged.com.google.common.util.concurrent.AbstractListeningExecutorService.submit(AbstractListeningExecutorService.java:37)
	at org.glassfish.jersey.apache.connector.ApacheConnector.apply(ApacheConnector.java:487)
	at org.glassfish.jersey.client.ClientRuntime$2.run(ClientRuntime.java:178)
	at org.glassfish.jersey.internal.Errors$1.call(Errors.java:271)
	at org.glassfish.jersey.internal.Errors$1.call(Errors.java:267)
	at org.glassfish.jersey.internal.Errors.process(Errors.java:315)
	at org.glassfish.jersey.internal.Errors.process(Errors.java:297)
	at org.glassfish.jersey.internal.Errors.process(Errors.java:267)
	at org.glassfish.jersey.process.internal.RequestScope.runInScope(RequestScope.java:340)
	at org.glassfish.jersey.client.ClientRuntime$3.run(ClientRuntime.java:210)
	at java.util.concurrent.Executors$RunnableAdapter.call(Executors.java:511)
	at java.util.concurrent.FutureTask.run(FutureTask.java:266)
	at java.util.concurrent.ThreadPoolExecutor.runWorker(ThreadPoolExecutor.java:1142)
	at java.util.concurrent.ThreadPoolExecutor$Worker.run(ThreadPoolExecutor.java:617)
	at java.lang.Thread.run(Thread.java:745)
Caused by: java.io.IOException: No such file or directory
	at jnr.unixsocket.UnixSocketChannel.doConnect(UnixSocketChannel.java:127)
	at jnr.unixsocket.UnixSocketChannel.connect(UnixSocketChannel.java:136)
	at jnr.unixsocket.UnixSocketChannel.connect(UnixSocketChannel.java:223)
	at com.spotify.docker.client.UnixConnectionSocketFactory.connectSocket(UnixConnectionSocketFactory.java:85)
	at org.apache.http.impl.conn.DefaultHttpClientConnectionOperator.connect(DefaultHttpClientConnectionOperator.java:134)
	at org.apache.http.impl.conn.PoolingHttpClientConnectionManager.connect(PoolingHttpClientConnectionManager.java:353)
	at org.apache.http.impl.execchain.MainClientExec.establishRoute(MainClientExec.java:380)
	at org.apache.http.impl.execchain.MainClientExec.execute(MainClientExec.java:236)
	at org.apache.http.impl.execchain.ProtocolExec.execute(ProtocolExec.java:184)
	at org.apache.http.impl.execchain.RetryExec.execute(RetryExec.java:88)
	at org.apache.http.impl.execchain.RedirectExec.execute(RedirectExec.java:110)
	at org.apache.http.impl.client.InternalHttpClient.doExecute(InternalHttpClient.java:184)
	at org.apache.http.impl.client.CloseableHttpClient.execute(CloseableHttpClient.java:71)
	at org.glassfish.jersey.apache.connector.ApacheConnector.apply(ApacheConnector.java:435)
	... 21 more
</error>
    <system-err>Jun 02, 2018 7:44:39 AM org.apache.http.impl.execchain.RetryExec execute
INFO: I/O exception (java.io.IOException) caught when processing request to {}-&gt;unix://localhost:80: No such file or directory
Jun 02, 2018 7:44:39 AM org.apache.http.impl.execchain.RetryExec execute
INFO: Retrying request to {}-&gt;unix://localhost:80
Jun 02, 2018 7:44:39 AM org.apache.http.impl.execchain.RetryExec execute
INFO: I/O exception (java.io.IOException) caught when processing request to {}-&gt;unix://localhost:80: No such file or directory
Jun 02, 2018 7:44:39 AM org.apache.http.impl.execchain.RetryExec execute
INFO: Retrying request to {}-&gt;unix://localhost:80
Jun 02, 2018 7:44:39 AM org.apache.http.impl.execchain.RetryExec execute
INFO: I/O exception (java.io.IOException) caught when processing request to {}-&gt;unix://localhost:80: No such file or directory
Jun 02, 2018 7:44:39 AM org.apache.http.impl.execchain.RetryExec execute
INFO: Retrying request to {}-&gt;unix://localhost:80
</system-err>
  </testcase>
  <testcase classname="com.spotify.docker.client.DefaultDockerClientTest" name="testExec" time="0.024">
    <error type="java.lang.NullPointerException">java.lang.NullPointerException
	at com.spotify.docker.client.VersionCompare.compareVersion(VersionCompare.java:45)
	at com.spotify.docker.client.DefaultDockerClientTest.dockerApiVersionAtLeast(DefaultDockerClientTest.java:404)
	at com.spotify.docker.client.DefaultDockerClientTest.tearDown(DefaultDockerClientTest.java:356)
	at sun.reflect.GeneratedMethodAccessor11.invoke(Unknown Source)
	at sun.reflect.DelegatingMethodAccessorImpl.invoke(DelegatingMethodAccessorImpl.java:43)
	at java.lang.reflect.Method.invoke(Method.java:498)
	at org.junit.runners.model.FrameworkMethod$1.runReflectiveCall(FrameworkMethod.java:50)
	at org.junit.internal.runners.model.ReflectiveCallable.run(ReflectiveCallable.java:12)
	at org.junit.runners.model.FrameworkMethod.invokeExplosively(FrameworkMethod.java:47)
	at org.junit.internal.runners.statements.RunAfters.evaluate(RunAfters.java:33)
	at org.junit.rules.ExpectedException$ExpectedExceptionStatement.evaluate(ExpectedException.java:239)
	at org.junit.rules.TestWatcher$1.evaluate(TestWatcher.java:55)
	at org.junit.rules.RunRules.evaluate(RunRules.java:20)
	at org.junit.runners.ParentRunner.runLeaf(ParentRunner.java:325)
	at org.junit.runners.BlockJUnit4ClassRunner.runChild(BlockJUnit4ClassRunner.java:78)
	at org.junit.runners.BlockJUnit4ClassRunner.runChild(BlockJUnit4ClassRunner.java:57)
	at org.junit.runners.ParentRunner$3.run(ParentRunner.java:290)
	at org.junit.runners.ParentRunner$1.schedule(ParentRunner.java:71)
	at org.junit.runners.ParentRunner.runChildren(ParentRunner.java:288)
	at org.junit.runners.ParentRunner.access$000(ParentRunner.java:58)
	at org.junit.runners.ParentRunner$2.evaluate(ParentRunner.java:268)
	at org.junit.runners.ParentRunner.run(ParentRunner.java:363)
	at org.apache.maven.surefire.junit4.JUnit4Provider.execute(JUnit4Provider.java:252)
	at org.apache.maven.surefire.junit4.JUnit4Provider.executeTestSet(JUnit4Provider.java:141)
	at org.apache.maven.surefire.junit4.JUnit4Provider.invoke(JUnit4Provider.java:112)
	at sun.reflect.NativeMethodAccessorImpl.invoke0(Native Method)
	at sun.reflect.NativeMethodAccessorImpl.invoke(NativeMethodAccessorImpl.java:62)
	at sun.reflect.DelegatingMethodAccessorImpl.invoke(DelegatingMethodAccessorImpl.java:43)
	at java.lang.reflect.Method.invoke(Method.java:498)
	at org.apache.maven.surefire.util.ReflectionUtils.invokeMethodWithArray(ReflectionUtils.java:189)
	at org.apache.maven.surefire.booter.ProviderFactory$ProviderProxy.invoke(ProviderFactory.java:165)
	at org.apache.maven.surefire.booter.ProviderFactory.invokeProvider(ProviderFactory.java:85)
	at org.apache.maven.surefire.booter.ForkedBooter.runSuitesInProcess(ForkedBooter.java:115)
	at org.apache.maven.surefire.booter.ForkedBooter.main(ForkedBooter.java:75)
</error>
  </testcase>
  <testcase classname="com.spotify.docker.client.DefaultDockerClientTest" name="testInfo" time="0.027">
    <error message="java.util.concurrent.ExecutionException: javax.ws.rs.ProcessingException: java.io.IOException: No such file or directory" type="com.spotify.docker.client.exceptions.DockerException">com.spotify.docker.client.exceptions.DockerException: java.util.concurrent.ExecutionException: javax.ws.rs.ProcessingException: java.io.IOException: No such file or directory
	at com.spotify.docker.client.DefaultDockerClient.propagate(DefaultDockerClient.java:2812)
	at com.spotify.docker.client.DefaultDockerClient.request(DefaultDockerClient.java:2676)
	at com.spotify.docker.client.DefaultDockerClient.version(DefaultDockerClient.java:572)
	at com.spotify.docker.client.DefaultDockerClientTest.setup(DefaultDockerClientTest.java:349)
	at sun.reflect.GeneratedMethodAccessor10.invoke(Unknown Source)
	at sun.reflect.DelegatingMethodAccessorImpl.invoke(DelegatingMethodAccessorImpl.java:43)
	at java.lang.reflect.Method.invoke(Method.java:498)
	at org.junit.runners.model.FrameworkMethod$1.runReflectiveCall(FrameworkMethod.java:50)
	at org.junit.internal.runners.model.ReflectiveCallable.run(ReflectiveCallable.java:12)
	at org.junit.runners.model.FrameworkMethod.invokeExplosively(FrameworkMethod.java:47)
	at org.junit.internal.runners.statements.RunBefores.evaluate(RunBefores.java:24)
	at org.junit.internal.runners.statements.RunAfters.evaluate(RunAfters.java:27)
	at org.junit.rules.ExpectedException$ExpectedExceptionStatement.evaluate(ExpectedException.java:239)
	at org.junit.rules.TestWatcher$1.evaluate(TestWatcher.java:55)
	at org.junit.rules.RunRules.evaluate(RunRules.java:20)
	at org.junit.runners.ParentRunner.runLeaf(ParentRunner.java:325)
	at org.junit.runners.BlockJUnit4ClassRunner.runChild(BlockJUnit4ClassRunner.java:78)
	at org.junit.runners.BlockJUnit4ClassRunner.runChild(BlockJUnit4ClassRunner.java:57)
	at org.junit.runners.ParentRunner$3.run(ParentRunner.java:290)
	at org.junit.runners.ParentRunner$1.schedule(ParentRunner.java:71)
	at org.junit.runners.ParentRunner.runChildren(ParentRunner.java:288)
	at org.junit.runners.ParentRunner.access$000(ParentRunner.java:58)
	at org.junit.runners.ParentRunner$2.evaluate(ParentRunner.java:268)
	at org.junit.runners.ParentRunner.run(ParentRunner.java:363)
	at org.apache.maven.surefire.junit4.JUnit4Provider.execute(JUnit4Provider.java:252)
	at org.apache.maven.surefire.junit4.JUnit4Provider.executeTestSet(JUnit4Provider.java:141)
	at org.apache.maven.surefire.junit4.JUnit4Provider.invoke(JUnit4Provider.java:112)
	at sun.reflect.NativeMethodAccessorImpl.invoke0(Native Method)
	at sun.reflect.NativeMethodAccessorImpl.invoke(NativeMethodAccessorImpl.java:62)
	at sun.reflect.DelegatingMethodAccessorImpl.invoke(DelegatingMethodAccessorImpl.java:43)
	at java.lang.reflect.Method.invoke(Method.java:498)
	at org.apache.maven.surefire.util.ReflectionUtils.invokeMethodWithArray(ReflectionUtils.java:189)
	at org.apache.maven.surefire.booter.ProviderFactory$ProviderProxy.invoke(ProviderFactory.java:165)
	at org.apache.maven.surefire.booter.ProviderFactory.invokeProvider(ProviderFactory.java:85)
	at org.apache.maven.surefire.booter.ForkedBooter.runSuitesInProcess(ForkedBooter.java:115)
	at org.apache.maven.surefire.booter.ForkedBooter.main(ForkedBooter.java:75)
Caused by: java.util.concurrent.ExecutionException: javax.ws.rs.ProcessingException: java.io.IOException: No such file or directory
	at jersey.repackaged.com.google.common.util.concurrent.AbstractFuture$Sync.getValue(AbstractFuture.java:299)
	at jersey.repackaged.com.google.common.util.concurrent.AbstractFuture$Sync.get(AbstractFuture.java:286)
	at jersey.repackaged.com.google.common.util.concurrent.AbstractFuture.get(AbstractFuture.java:116)
	at com.spotify.docker.client.DefaultDockerClient.request(DefaultDockerClient.java:2674)
	... 34 more
Caused by: javax.ws.rs.ProcessingException: java.io.IOException: No such file or directory
	at org.glassfish.jersey.apache.connector.ApacheConnector.apply(ApacheConnector.java:481)
	at org.glassfish.jersey.apache.connector.ApacheConnector$1.run(ApacheConnector.java:491)
	at java.util.concurrent.Executors$RunnableAdapter.call(Executors.java:511)
	at java.util.concurrent.FutureTask.run(FutureTask.java:266)
	at jersey.repackaged.com.google.common.util.concurrent.MoreExecutors$DirectExecutorService.execute(MoreExecutors.java:299)
	at java.util.concurrent.AbstractExecutorService.submit(AbstractExecutorService.java:112)
	at jersey.repackaged.com.google.common.util.concurrent.AbstractListeningExecutorService.submit(AbstractListeningExecutorService.java:50)
	at jersey.repackaged.com.google.common.util.concurrent.AbstractListeningExecutorService.submit(AbstractListeningExecutorService.java:37)
	at org.glassfish.jersey.apache.connector.ApacheConnector.apply(ApacheConnector.java:487)
	at org.glassfish.jersey.client.ClientRuntime$2.run(ClientRuntime.java:178)
	at org.glassfish.jersey.internal.Errors$1.call(Errors.java:271)
	at org.glassfish.jersey.internal.Errors$1.call(Errors.java:267)
	at org.glassfish.jersey.internal.Errors.process(Errors.java:315)
	at org.glassfish.jersey.internal.Errors.process(Errors.java:297)
	at org.glassfish.jersey.internal.Errors.process(Errors.java:267)
	at org.glassfish.jersey.process.internal.RequestScope.runInScope(RequestScope.java:340)
	at org.glassfish.jersey.client.ClientRuntime$3.run(ClientRuntime.java:210)
	at java.util.concurrent.Executors$RunnableAdapter.call(Executors.java:511)
	at java.util.concurrent.FutureTask.run(FutureTask.java:266)
	at java.util.concurrent.ThreadPoolExecutor.runWorker(ThreadPoolExecutor.java:1142)
	at java.util.concurrent.ThreadPoolExecutor$Worker.run(ThreadPoolExecutor.java:617)
	at java.lang.Thread.run(Thread.java:745)
Caused by: java.io.IOException: No such file or directory
	at jnr.unixsocket.UnixSocketChannel.doConnect(UnixSocketChannel.java:127)
	at jnr.unixsocket.UnixSocketChannel.connect(UnixSocketChannel.java:136)
	at jnr.unixsocket.UnixSocketChannel.connect(UnixSocketChannel.java:223)
	at com.spotify.docker.client.UnixConnectionSocketFactory.connectSocket(UnixConnectionSocketFactory.java:85)
	at org.apache.http.impl.conn.DefaultHttpClientConnectionOperator.connect(DefaultHttpClientConnectionOperator.java:134)
	at org.apache.http.impl.conn.PoolingHttpClientConnectionManager.connect(PoolingHttpClientConnectionManager.java:353)
	at org.apache.http.impl.execchain.MainClientExec.establishRoute(MainClientExec.java:380)
	at org.apache.http.impl.execchain.MainClientExec.execute(MainClientExec.java:236)
	at org.apache.http.impl.execchain.ProtocolExec.execute(ProtocolExec.java:184)
	at org.apache.http.impl.execchain.RetryExec.execute(RetryExec.java:88)
	at org.apache.http.impl.execchain.RedirectExec.execute(RedirectExec.java:110)
	at org.apache.http.impl.client.InternalHttpClient.doExecute(InternalHttpClient.java:184)
	at org.apache.http.impl.client.CloseableHttpClient.execute(CloseableHttpClient.java:71)
	at org.glassfish.jersey.apache.connector.ApacheConnector.apply(ApacheConnector.java:435)
	... 21 more
</error>
    <system-err>Jun 02, 2018 7:44:39 AM org.apache.http.impl.execchain.RetryExec execute
INFO: I/O exception (java.io.IOException) caught when processing request to {}-&gt;unix://localhost:80: No such file or directory
Jun 02, 2018 7:44:39 AM org.apache.http.impl.execchain.RetryExec execute
INFO: Retrying request to {}-&gt;unix://localhost:80
Jun 02, 2018 7:44:39 AM org.apache.http.impl.execchain.RetryExec execute
INFO: I/O exception (java.io.IOException) caught when processing request to {}-&gt;unix://localhost:80: No such file or directory
Jun 02, 2018 7:44:39 AM org.apache.http.impl.execchain.RetryExec execute
INFO: Retrying request to {}-&gt;unix://localhost:80
Jun 02, 2018 7:44:39 AM org.apache.http.impl.execchain.RetryExec execute
INFO: I/O exception (java.io.IOException) caught when processing request to {}-&gt;unix://localhost:80: No such file or directory
Jun 02, 2018 7:44:39 AM org.apache.http.impl.execchain.RetryExec execute
INFO: Retrying request to {}-&gt;unix://localhost:80
</system-err>
  </testcase>
  <testcase classname="com.spotify.docker.client.DefaultDockerClientTest" name="testInfo" time="0.028">
    <error type="java.lang.NullPointerException">java.lang.NullPointerException
	at com.spotify.docker.client.VersionCompare.compareVersion(VersionCompare.java:45)
	at com.spotify.docker.client.DefaultDockerClientTest.dockerApiVersionAtLeast(DefaultDockerClientTest.java:404)
	at com.spotify.docker.client.DefaultDockerClientTest.tearDown(DefaultDockerClientTest.java:356)
	at sun.reflect.GeneratedMethodAccessor11.invoke(Unknown Source)
	at sun.reflect.DelegatingMethodAccessorImpl.invoke(DelegatingMethodAccessorImpl.java:43)
	at java.lang.reflect.Method.invoke(Method.java:498)
	at org.junit.runners.model.FrameworkMethod$1.runReflectiveCall(FrameworkMethod.java:50)
	at org.junit.internal.runners.model.ReflectiveCallable.run(ReflectiveCallable.java:12)
	at org.junit.runners.model.FrameworkMethod.invokeExplosively(FrameworkMethod.java:47)
	at org.junit.internal.runners.statements.RunAfters.evaluate(RunAfters.java:33)
	at org.junit.rules.ExpectedException$ExpectedExceptionStatement.evaluate(ExpectedException.java:239)
	at org.junit.rules.TestWatcher$1.evaluate(TestWatcher.java:55)
	at org.junit.rules.RunRules.evaluate(RunRules.java:20)
	at org.junit.runners.ParentRunner.runLeaf(ParentRunner.java:325)
	at org.junit.runners.BlockJUnit4ClassRunner.runChild(BlockJUnit4ClassRunner.java:78)
	at org.junit.runners.BlockJUnit4ClassRunner.runChild(BlockJUnit4ClassRunner.java:57)
	at org.junit.runners.ParentRunner$3.run(ParentRunner.java:290)
	at org.junit.runners.ParentRunner$1.schedule(ParentRunner.java:71)
	at org.junit.runners.ParentRunner.runChildren(ParentRunner.java:288)
	at org.junit.runners.ParentRunner.access$000(ParentRunner.java:58)
	at org.junit.runners.ParentRunner$2.evaluate(ParentRunner.java:268)
	at org.junit.runners.ParentRunner.run(ParentRunner.java:363)
	at org.apache.maven.surefire.junit4.JUnit4Provider.execute(JUnit4Provider.java:252)
	at org.apache.maven.surefire.junit4.JUnit4Provider.executeTestSet(JUnit4Provider.java:141)
	at org.apache.maven.surefire.junit4.JUnit4Provider.invoke(JUnit4Provider.java:112)
	at sun.reflect.NativeMethodAccessorImpl.invoke0(Native Method)
	at sun.reflect.NativeMethodAccessorImpl.invoke(NativeMethodAccessorImpl.java:62)
	at sun.reflect.DelegatingMethodAccessorImpl.invoke(DelegatingMethodAccessorImpl.java:43)
	at java.lang.reflect.Method.invoke(Method.java:498)
	at org.apache.maven.surefire.util.ReflectionUtils.invokeMethodWithArray(ReflectionUtils.java:189)
	at org.apache.maven.surefire.booter.ProviderFactory$ProviderProxy.invoke(ProviderFactory.java:165)
	at org.apache.maven.surefire.booter.ProviderFactory.invokeProvider(ProviderFactory.java:85)
	at org.apache.maven.surefire.booter.ForkedBooter.runSuitesInProcess(ForkedBooter.java:115)
	at org.apache.maven.surefire.booter.ForkedBooter.main(ForkedBooter.java:75)
</error>
  </testcase>
  <testcase classname="com.spotify.docker.client.DefaultDockerClientTest" name="testLoad" time="0.022">
    <error message="java.util.concurrent.ExecutionException: javax.ws.rs.ProcessingException: java.io.IOException: No such file or directory" type="com.spotify.docker.client.exceptions.DockerException">com.spotify.docker.client.exceptions.DockerException: java.util.concurrent.ExecutionException: javax.ws.rs.ProcessingException: java.io.IOException: No such file or directory
	at com.spotify.docker.client.DefaultDockerClient.propagate(DefaultDockerClient.java:2812)
	at com.spotify.docker.client.DefaultDockerClient.request(DefaultDockerClient.java:2676)
	at com.spotify.docker.client.DefaultDockerClient.version(DefaultDockerClient.java:572)
	at com.spotify.docker.client.DefaultDockerClientTest.setup(DefaultDockerClientTest.java:349)
	at sun.reflect.GeneratedMethodAccessor10.invoke(Unknown Source)
	at sun.reflect.DelegatingMethodAccessorImpl.invoke(DelegatingMethodAccessorImpl.java:43)
	at java.lang.reflect.Method.invoke(Method.java:498)
	at org.junit.runners.model.FrameworkMethod$1.runReflectiveCall(FrameworkMethod.java:50)
	at org.junit.internal.runners.model.ReflectiveCallable.run(ReflectiveCallable.java:12)
	at org.junit.runners.model.FrameworkMethod.invokeExplosively(FrameworkMethod.java:47)
	at org.junit.internal.runners.statements.RunBefores.evaluate(RunBefores.java:24)
	at org.junit.internal.runners.statements.RunAfters.evaluate(RunAfters.java:27)
	at org.junit.rules.ExpectedException$ExpectedExceptionStatement.evaluate(ExpectedException.java:239)
	at org.junit.rules.TestWatcher$1.evaluate(TestWatcher.java:55)
	at org.junit.rules.RunRules.evaluate(RunRules.java:20)
	at org.junit.runners.ParentRunner.runLeaf(ParentRunner.java:325)
	at org.junit.runners.BlockJUnit4ClassRunner.runChild(BlockJUnit4ClassRunner.java:78)
	at org.junit.runners.BlockJUnit4ClassRunner.runChild(BlockJUnit4ClassRunner.java:57)
	at org.junit.runners.ParentRunner$3.run(ParentRunner.java:290)
	at org.junit.runners.ParentRunner$1.schedule(ParentRunner.java:71)
	at org.junit.runners.ParentRunner.runChildren(ParentRunner.java:288)
	at org.junit.runners.ParentRunner.access$000(ParentRunner.java:58)
	at org.junit.runners.ParentRunner$2.evaluate(ParentRunner.java:268)
	at org.junit.runners.ParentRunner.run(ParentRunner.java:363)
	at org.apache.maven.surefire.junit4.JUnit4Provider.execute(JUnit4Provider.java:252)
	at org.apache.maven.surefire.junit4.JUnit4Provider.executeTestSet(JUnit4Provider.java:141)
	at org.apache.maven.surefire.junit4.JUnit4Provider.invoke(JUnit4Provider.java:112)
	at sun.reflect.NativeMethodAccessorImpl.invoke0(Native Method)
	at sun.reflect.NativeMethodAccessorImpl.invoke(NativeMethodAccessorImpl.java:62)
	at sun.reflect.DelegatingMethodAccessorImpl.invoke(DelegatingMethodAccessorImpl.java:43)
	at java.lang.reflect.Method.invoke(Method.java:498)
	at org.apache.maven.surefire.util.ReflectionUtils.invokeMethodWithArray(ReflectionUtils.java:189)
	at org.apache.maven.surefire.booter.ProviderFactory$ProviderProxy.invoke(ProviderFactory.java:165)
	at org.apache.maven.surefire.booter.ProviderFactory.invokeProvider(ProviderFactory.java:85)
	at org.apache.maven.surefire.booter.ForkedBooter.runSuitesInProcess(ForkedBooter.java:115)
	at org.apache.maven.surefire.booter.ForkedBooter.main(ForkedBooter.java:75)
Caused by: java.util.concurrent.ExecutionException: javax.ws.rs.ProcessingException: java.io.IOException: No such file or directory
	at jersey.repackaged.com.google.common.util.concurrent.AbstractFuture$Sync.getValue(AbstractFuture.java:299)
	at jersey.repackaged.com.google.common.util.concurrent.AbstractFuture$Sync.get(AbstractFuture.java:286)
	at jersey.repackaged.com.google.common.util.concurrent.AbstractFuture.get(AbstractFuture.java:116)
	at com.spotify.docker.client.DefaultDockerClient.request(DefaultDockerClient.java:2674)
	... 34 more
Caused by: javax.ws.rs.ProcessingException: java.io.IOException: No such file or directory
	at org.glassfish.jersey.apache.connector.ApacheConnector.apply(ApacheConnector.java:481)
	at org.glassfish.jersey.apache.connector.ApacheConnector$1.run(ApacheConnector.java:491)
	at java.util.concurrent.Executors$RunnableAdapter.call(Executors.java:511)
	at java.util.concurrent.FutureTask.run(FutureTask.java:266)
	at jersey.repackaged.com.google.common.util.concurrent.MoreExecutors$DirectExecutorService.execute(MoreExecutors.java:299)
	at java.util.concurrent.AbstractExecutorService.submit(AbstractExecutorService.java:112)
	at jersey.repackaged.com.google.common.util.concurrent.AbstractListeningExecutorService.submit(AbstractListeningExecutorService.java:50)
	at jersey.repackaged.com.google.common.util.concurrent.AbstractListeningExecutorService.submit(AbstractListeningExecutorService.java:37)
	at org.glassfish.jersey.apache.connector.ApacheConnector.apply(ApacheConnector.java:487)
	at org.glassfish.jersey.client.ClientRuntime$2.run(ClientRuntime.java:178)
	at org.glassfish.jersey.internal.Errors$1.call(Errors.java:271)
	at org.glassfish.jersey.internal.Errors$1.call(Errors.java:267)
	at org.glassfish.jersey.internal.Errors.process(Errors.java:315)
	at org.glassfish.jersey.internal.Errors.process(Errors.java:297)
	at org.glassfish.jersey.internal.Errors.process(Errors.java:267)
	at org.glassfish.jersey.process.internal.RequestScope.runInScope(RequestScope.java:340)
	at org.glassfish.jersey.client.ClientRuntime$3.run(ClientRuntime.java:210)
	at java.util.concurrent.Executors$RunnableAdapter.call(Executors.java:511)
	at java.util.concurrent.FutureTask.run(FutureTask.java:266)
	at java.util.concurrent.ThreadPoolExecutor.runWorker(ThreadPoolExecutor.java:1142)
	at java.util.concurrent.ThreadPoolExecutor$Worker.run(ThreadPoolExecutor.java:617)
	at java.lang.Thread.run(Thread.java:745)
Caused by: java.io.IOException: No such file or directory
	at jnr.unixsocket.UnixSocketChannel.doConnect(UnixSocketChannel.java:127)
	at jnr.unixsocket.UnixSocketChannel.connect(UnixSocketChannel.java:136)
	at jnr.unixsocket.UnixSocketChannel.connect(UnixSocketChannel.java:223)
	at com.spotify.docker.client.UnixConnectionSocketFactory.connectSocket(UnixConnectionSocketFactory.java:85)
	at org.apache.http.impl.conn.DefaultHttpClientConnectionOperator.connect(DefaultHttpClientConnectionOperator.java:134)
	at org.apache.http.impl.conn.PoolingHttpClientConnectionManager.connect(PoolingHttpClientConnectionManager.java:353)
	at org.apache.http.impl.execchain.MainClientExec.establishRoute(MainClientExec.java:380)
	at org.apache.http.impl.execchain.MainClientExec.execute(MainClientExec.java:236)
	at org.apache.http.impl.execchain.ProtocolExec.execute(ProtocolExec.java:184)
	at org.apache.http.impl.execchain.RetryExec.execute(RetryExec.java:88)
	at org.apache.http.impl.execchain.RedirectExec.execute(RedirectExec.java:110)
	at org.apache.http.impl.client.InternalHttpClient.doExecute(InternalHttpClient.java:184)
	at org.apache.http.impl.client.CloseableHttpClient.execute(CloseableHttpClient.java:71)
	at org.glassfish.jersey.apache.connector.ApacheConnector.apply(ApacheConnector.java:435)
	... 21 more
</error>
    <system-err>Jun 02, 2018 7:44:39 AM org.apache.http.impl.execchain.RetryExec execute
INFO: I/O exception (java.io.IOException) caught when processing request to {}-&gt;unix://localhost:80: No such file or directory
Jun 02, 2018 7:44:39 AM org.apache.http.impl.execchain.RetryExec execute
INFO: Retrying request to {}-&gt;unix://localhost:80
Jun 02, 2018 7:44:39 AM org.apache.http.impl.execchain.RetryExec execute
INFO: I/O exception (java.io.IOException) caught when processing request to {}-&gt;unix://localhost:80: No such file or directory
Jun 02, 2018 7:44:39 AM org.apache.http.impl.execchain.RetryExec execute
INFO: Retrying request to {}-&gt;unix://localhost:80
Jun 02, 2018 7:44:39 AM org.apache.http.impl.execchain.RetryExec execute
INFO: I/O exception (java.io.IOException) caught when processing request to {}-&gt;unix://localhost:80: No such file or directory
Jun 02, 2018 7:44:39 AM org.apache.http.impl.execchain.RetryExec execute
INFO: Retrying request to {}-&gt;unix://localhost:80
</system-err>
  </testcase>
  <testcase classname="com.spotify.docker.client.DefaultDockerClientTest" name="testLoad" time="0.022">
    <error type="java.lang.NullPointerException">java.lang.NullPointerException
	at com.spotify.docker.client.VersionCompare.compareVersion(VersionCompare.java:45)
	at com.spotify.docker.client.DefaultDockerClientTest.dockerApiVersionAtLeast(DefaultDockerClientTest.java:404)
	at com.spotify.docker.client.DefaultDockerClientTest.tearDown(DefaultDockerClientTest.java:356)
	at sun.reflect.GeneratedMethodAccessor11.invoke(Unknown Source)
	at sun.reflect.DelegatingMethodAccessorImpl.invoke(DelegatingMethodAccessorImpl.java:43)
	at java.lang.reflect.Method.invoke(Method.java:498)
	at org.junit.runners.model.FrameworkMethod$1.runReflectiveCall(FrameworkMethod.java:50)
	at org.junit.internal.runners.model.ReflectiveCallable.run(ReflectiveCallable.java:12)
	at org.junit.runners.model.FrameworkMethod.invokeExplosively(FrameworkMethod.java:47)
	at org.junit.internal.runners.statements.RunAfters.evaluate(RunAfters.java:33)
	at org.junit.rules.ExpectedException$ExpectedExceptionStatement.evaluate(ExpectedException.java:239)
	at org.junit.rules.TestWatcher$1.evaluate(TestWatcher.java:55)
	at org.junit.rules.RunRules.evaluate(RunRules.java:20)
	at org.junit.runners.ParentRunner.runLeaf(ParentRunner.java:325)
	at org.junit.runners.BlockJUnit4ClassRunner.runChild(BlockJUnit4ClassRunner.java:78)
	at org.junit.runners.BlockJUnit4ClassRunner.runChild(BlockJUnit4ClassRunner.java:57)
	at org.junit.runners.ParentRunner$3.run(ParentRunner.java:290)
	at org.junit.runners.ParentRunner$1.schedule(ParentRunner.java:71)
	at org.junit.runners.ParentRunner.runChildren(ParentRunner.java:288)
	at org.junit.runners.ParentRunner.access$000(ParentRunner.java:58)
	at org.junit.runners.ParentRunner$2.evaluate(ParentRunner.java:268)
	at org.junit.runners.ParentRunner.run(ParentRunner.java:363)
	at org.apache.maven.surefire.junit4.JUnit4Provider.execute(JUnit4Provider.java:252)
	at org.apache.maven.surefire.junit4.JUnit4Provider.executeTestSet(JUnit4Provider.java:141)
	at org.apache.maven.surefire.junit4.JUnit4Provider.invoke(JUnit4Provider.java:112)
	at sun.reflect.NativeMethodAccessorImpl.invoke0(Native Method)
	at sun.reflect.NativeMethodAccessorImpl.invoke(NativeMethodAccessorImpl.java:62)
	at sun.reflect.DelegatingMethodAccessorImpl.invoke(DelegatingMethodAccessorImpl.java:43)
	at java.lang.reflect.Method.invoke(Method.java:498)
	at org.apache.maven.surefire.util.ReflectionUtils.invokeMethodWithArray(ReflectionUtils.java:189)
	at org.apache.maven.surefire.booter.ProviderFactory$ProviderProxy.invoke(ProviderFactory.java:165)
	at org.apache.maven.surefire.booter.ProviderFactory.invokeProvider(ProviderFactory.java:85)
	at org.apache.maven.surefire.booter.ForkedBooter.runSuitesInProcess(ForkedBooter.java:115)
	at org.apache.maven.surefire.booter.ForkedBooter.main(ForkedBooter.java:75)
</error>
  </testcase>
  <testcase classname="com.spotify.docker.client.DefaultDockerClientTest" name="testSave" time="0.024">
    <error message="java.util.concurrent.ExecutionException: javax.ws.rs.ProcessingException: java.io.IOException: No such file or directory" type="com.spotify.docker.client.exceptions.DockerException">com.spotify.docker.client.exceptions.DockerException: java.util.concurrent.ExecutionException: javax.ws.rs.ProcessingException: java.io.IOException: No such file or directory
	at com.spotify.docker.client.DefaultDockerClient.propagate(DefaultDockerClient.java:2812)
	at com.spotify.docker.client.DefaultDockerClient.request(DefaultDockerClient.java:2676)
	at com.spotify.docker.client.DefaultDockerClient.version(DefaultDockerClient.java:572)
	at com.spotify.docker.client.DefaultDockerClientTest.setup(DefaultDockerClientTest.java:349)
	at sun.reflect.GeneratedMethodAccessor10.invoke(Unknown Source)
	at sun.reflect.DelegatingMethodAccessorImpl.invoke(DelegatingMethodAccessorImpl.java:43)
	at java.lang.reflect.Method.invoke(Method.java:498)
	at org.junit.runners.model.FrameworkMethod$1.runReflectiveCall(FrameworkMethod.java:50)
	at org.junit.internal.runners.model.ReflectiveCallable.run(ReflectiveCallable.java:12)
	at org.junit.runners.model.FrameworkMethod.invokeExplosively(FrameworkMethod.java:47)
	at org.junit.internal.runners.statements.RunBefores.evaluate(RunBefores.java:24)
	at org.junit.internal.runners.statements.RunAfters.evaluate(RunAfters.java:27)
	at org.junit.rules.ExpectedException$ExpectedExceptionStatement.evaluate(ExpectedException.java:239)
	at org.junit.rules.TestWatcher$1.evaluate(TestWatcher.java:55)
	at org.junit.rules.RunRules.evaluate(RunRules.java:20)
	at org.junit.runners.ParentRunner.runLeaf(ParentRunner.java:325)
	at org.junit.runners.BlockJUnit4ClassRunner.runChild(BlockJUnit4ClassRunner.java:78)
	at org.junit.runners.BlockJUnit4ClassRunner.runChild(BlockJUnit4ClassRunner.java:57)
	at org.junit.runners.ParentRunner$3.run(ParentRunner.java:290)
	at org.junit.runners.ParentRunner$1.schedule(ParentRunner.java:71)
	at org.junit.runners.ParentRunner.runChildren(ParentRunner.java:288)
	at org.junit.runners.ParentRunner.access$000(ParentRunner.java:58)
	at org.junit.runners.ParentRunner$2.evaluate(ParentRunner.java:268)
	at org.junit.runners.ParentRunner.run(ParentRunner.java:363)
	at org.apache.maven.surefire.junit4.JUnit4Provider.execute(JUnit4Provider.java:252)
	at org.apache.maven.surefire.junit4.JUnit4Provider.executeTestSet(JUnit4Provider.java:141)
	at org.apache.maven.surefire.junit4.JUnit4Provider.invoke(JUnit4Provider.java:112)
	at sun.reflect.NativeMethodAccessorImpl.invoke0(Native Method)
	at sun.reflect.NativeMethodAccessorImpl.invoke(NativeMethodAccessorImpl.java:62)
	at sun.reflect.DelegatingMethodAccessorImpl.invoke(DelegatingMethodAccessorImpl.java:43)
	at java.lang.reflect.Method.invoke(Method.java:498)
	at org.apache.maven.surefire.util.ReflectionUtils.invokeMethodWithArray(ReflectionUtils.java:189)
	at org.apache.maven.surefire.booter.ProviderFactory$ProviderProxy.invoke(ProviderFactory.java:165)
	at org.apache.maven.surefire.booter.ProviderFactory.invokeProvider(ProviderFactory.java:85)
	at org.apache.maven.surefire.booter.ForkedBooter.runSuitesInProcess(ForkedBooter.java:115)
	at org.apache.maven.surefire.booter.ForkedBooter.main(ForkedBooter.java:75)
Caused by: java.util.concurrent.ExecutionException: javax.ws.rs.ProcessingException: java.io.IOException: No such file or directory
	at jersey.repackaged.com.google.common.util.concurrent.AbstractFuture$Sync.getValue(AbstractFuture.java:299)
	at jersey.repackaged.com.google.common.util.concurrent.AbstractFuture$Sync.get(AbstractFuture.java:286)
	at jersey.repackaged.com.google.common.util.concurrent.AbstractFuture.get(AbstractFuture.java:116)
	at com.spotify.docker.client.DefaultDockerClient.request(DefaultDockerClient.java:2674)
	... 34 more
Caused by: javax.ws.rs.ProcessingException: java.io.IOException: No such file or directory
	at org.glassfish.jersey.apache.connector.ApacheConnector.apply(ApacheConnector.java:481)
	at org.glassfish.jersey.apache.connector.ApacheConnector$1.run(ApacheConnector.java:491)
	at java.util.concurrent.Executors$RunnableAdapter.call(Executors.java:511)
	at java.util.concurrent.FutureTask.run(FutureTask.java:266)
	at jersey.repackaged.com.google.common.util.concurrent.MoreExecutors$DirectExecutorService.execute(MoreExecutors.java:299)
	at java.util.concurrent.AbstractExecutorService.submit(AbstractExecutorService.java:112)
	at jersey.repackaged.com.google.common.util.concurrent.AbstractListeningExecutorService.submit(AbstractListeningExecutorService.java:50)
	at jersey.repackaged.com.google.common.util.concurrent.AbstractListeningExecutorService.submit(AbstractListeningExecutorService.java:37)
	at org.glassfish.jersey.apache.connector.ApacheConnector.apply(ApacheConnector.java:487)
	at org.glassfish.jersey.client.ClientRuntime$2.run(ClientRuntime.java:178)
	at org.glassfish.jersey.internal.Errors$1.call(Errors.java:271)
	at org.glassfish.jersey.internal.Errors$1.call(Errors.java:267)
	at org.glassfish.jersey.internal.Errors.process(Errors.java:315)
	at org.glassfish.jersey.internal.Errors.process(Errors.java:297)
	at org.glassfish.jersey.internal.Errors.process(Errors.java:267)
	at org.glassfish.jersey.process.internal.RequestScope.runInScope(RequestScope.java:340)
	at org.glassfish.jersey.client.ClientRuntime$3.run(ClientRuntime.java:210)
	at java.util.concurrent.Executors$RunnableAdapter.call(Executors.java:511)
	at java.util.concurrent.FutureTask.run(FutureTask.java:266)
	at java.util.concurrent.ThreadPoolExecutor.runWorker(ThreadPoolExecutor.java:1142)
	at java.util.concurrent.ThreadPoolExecutor$Worker.run(ThreadPoolExecutor.java:617)
	at java.lang.Thread.run(Thread.java:745)
Caused by: java.io.IOException: No such file or directory
	at jnr.unixsocket.UnixSocketChannel.doConnect(UnixSocketChannel.java:127)
	at jnr.unixsocket.UnixSocketChannel.connect(UnixSocketChannel.java:136)
	at jnr.unixsocket.UnixSocketChannel.connect(UnixSocketChannel.java:223)
	at com.spotify.docker.client.UnixConnectionSocketFactory.connectSocket(UnixConnectionSocketFactory.java:85)
	at org.apache.http.impl.conn.DefaultHttpClientConnectionOperator.connect(DefaultHttpClientConnectionOperator.java:134)
	at org.apache.http.impl.conn.PoolingHttpClientConnectionManager.connect(PoolingHttpClientConnectionManager.java:353)
	at org.apache.http.impl.execchain.MainClientExec.establishRoute(MainClientExec.java:380)
	at org.apache.http.impl.execchain.MainClientExec.execute(MainClientExec.java:236)
	at org.apache.http.impl.execchain.ProtocolExec.execute(ProtocolExec.java:184)
	at org.apache.http.impl.execchain.RetryExec.execute(RetryExec.java:88)
	at org.apache.http.impl.execchain.RedirectExec.execute(RedirectExec.java:110)
	at org.apache.http.impl.client.InternalHttpClient.doExecute(InternalHttpClient.java:184)
	at org.apache.http.impl.client.CloseableHttpClient.execute(CloseableHttpClient.java:71)
	at org.glassfish.jersey.apache.connector.ApacheConnector.apply(ApacheConnector.java:435)
	... 21 more
</error>
    <system-err>Jun 02, 2018 7:44:39 AM org.apache.http.impl.execchain.RetryExec execute
INFO: I/O exception (java.io.IOException) caught when processing request to {}-&gt;unix://localhost:80: No such file or directory
Jun 02, 2018 7:44:39 AM org.apache.http.impl.execchain.RetryExec execute
INFO: Retrying request to {}-&gt;unix://localhost:80
Jun 02, 2018 7:44:39 AM org.apache.http.impl.execchain.RetryExec execute
INFO: I/O exception (java.io.IOException) caught when processing request to {}-&gt;unix://localhost:80: No such file or directory
Jun 02, 2018 7:44:39 AM org.apache.http.impl.execchain.RetryExec execute
INFO: Retrying request to {}-&gt;unix://localhost:80
Jun 02, 2018 7:44:39 AM org.apache.http.impl.execchain.RetryExec execute
INFO: I/O exception (java.io.IOException) caught when processing request to {}-&gt;unix://localhost:80: No such file or directory
Jun 02, 2018 7:44:39 AM org.apache.http.impl.execchain.RetryExec execute
INFO: Retrying request to {}-&gt;unix://localhost:80
</system-err>
  </testcase>
  <testcase classname="com.spotify.docker.client.DefaultDockerClientTest" name="testSave" time="0.024">
    <error type="java.lang.NullPointerException">java.lang.NullPointerException
	at com.spotify.docker.client.VersionCompare.compareVersion(VersionCompare.java:45)
	at com.spotify.docker.client.DefaultDockerClientTest.dockerApiVersionAtLeast(DefaultDockerClientTest.java:404)
	at com.spotify.docker.client.DefaultDockerClientTest.tearDown(DefaultDockerClientTest.java:356)
	at sun.reflect.GeneratedMethodAccessor11.invoke(Unknown Source)
	at sun.reflect.DelegatingMethodAccessorImpl.invoke(DelegatingMethodAccessorImpl.java:43)
	at java.lang.reflect.Method.invoke(Method.java:498)
	at org.junit.runners.model.FrameworkMethod$1.runReflectiveCall(FrameworkMethod.java:50)
	at org.junit.internal.runners.model.ReflectiveCallable.run(ReflectiveCallable.java:12)
	at org.junit.runners.model.FrameworkMethod.invokeExplosively(FrameworkMethod.java:47)
	at org.junit.internal.runners.statements.RunAfters.evaluate(RunAfters.java:33)
	at org.junit.rules.ExpectedException$ExpectedExceptionStatement.evaluate(ExpectedException.java:239)
	at org.junit.rules.TestWatcher$1.evaluate(TestWatcher.java:55)
	at org.junit.rules.RunRules.evaluate(RunRules.java:20)
	at org.junit.runners.ParentRunner.runLeaf(ParentRunner.java:325)
	at org.junit.runners.BlockJUnit4ClassRunner.runChild(BlockJUnit4ClassRunner.java:78)
	at org.junit.runners.BlockJUnit4ClassRunner.runChild(BlockJUnit4ClassRunner.java:57)
	at org.junit.runners.ParentRunner$3.run(ParentRunner.java:290)
	at org.junit.runners.ParentRunner$1.schedule(ParentRunner.java:71)
	at org.junit.runners.ParentRunner.runChildren(ParentRunner.java:288)
	at org.junit.runners.ParentRunner.access$000(ParentRunner.java:58)
	at org.junit.runners.ParentRunner$2.evaluate(ParentRunner.java:268)
	at org.junit.runners.ParentRunner.run(ParentRunner.java:363)
	at org.apache.maven.surefire.junit4.JUnit4Provider.execute(JUnit4Provider.java:252)
	at org.apache.maven.surefire.junit4.JUnit4Provider.executeTestSet(JUnit4Provider.java:141)
	at org.apache.maven.surefire.junit4.JUnit4Provider.invoke(JUnit4Provider.java:112)
	at sun.reflect.NativeMethodAccessorImpl.invoke0(Native Method)
	at sun.reflect.NativeMethodAccessorImpl.invoke(NativeMethodAccessorImpl.java:62)
	at sun.reflect.DelegatingMethodAccessorImpl.invoke(DelegatingMethodAccessorImpl.java:43)
	at java.lang.reflect.Method.invoke(Method.java:498)
	at org.apache.maven.surefire.util.ReflectionUtils.invokeMethodWithArray(ReflectionUtils.java:189)
	at org.apache.maven.surefire.booter.ProviderFactory$ProviderProxy.invoke(ProviderFactory.java:165)
	at org.apache.maven.surefire.booter.ProviderFactory.invokeProvider(ProviderFactory.java:85)
	at org.apache.maven.surefire.booter.ForkedBooter.runSuitesInProcess(ForkedBooter.java:115)
	at org.apache.maven.surefire.booter.ForkedBooter.main(ForkedBooter.java:75)
</error>
  </testcase>
  <testcase classname="com.spotify.docker.client.DefaultDockerClientTest" name="testBuildInterruption" time="0.022">
    <error message="java.util.concurrent.ExecutionException: javax.ws.rs.ProcessingException: java.io.IOException: No such file or directory" type="com.spotify.docker.client.exceptions.DockerException">com.spotify.docker.client.exceptions.DockerException: java.util.concurrent.ExecutionException: javax.ws.rs.ProcessingException: java.io.IOException: No such file or directory
	at com.spotify.docker.client.DefaultDockerClient.propagate(DefaultDockerClient.java:2812)
	at com.spotify.docker.client.DefaultDockerClient.request(DefaultDockerClient.java:2676)
	at com.spotify.docker.client.DefaultDockerClient.version(DefaultDockerClient.java:572)
	at com.spotify.docker.client.DefaultDockerClientTest.setup(DefaultDockerClientTest.java:349)
	at sun.reflect.GeneratedMethodAccessor10.invoke(Unknown Source)
	at sun.reflect.DelegatingMethodAccessorImpl.invoke(DelegatingMethodAccessorImpl.java:43)
	at java.lang.reflect.Method.invoke(Method.java:498)
	at org.junit.runners.model.FrameworkMethod$1.runReflectiveCall(FrameworkMethod.java:50)
	at org.junit.internal.runners.model.ReflectiveCallable.run(ReflectiveCallable.java:12)
	at org.junit.runners.model.FrameworkMethod.invokeExplosively(FrameworkMethod.java:47)
	at org.junit.internal.runners.statements.RunBefores.evaluate(RunBefores.java:24)
	at org.junit.internal.runners.statements.RunAfters.evaluate(RunAfters.java:27)
	at org.junit.rules.ExpectedException$ExpectedExceptionStatement.evaluate(ExpectedException.java:239)
	at org.junit.rules.TestWatcher$1.evaluate(TestWatcher.java:55)
	at org.junit.rules.RunRules.evaluate(RunRules.java:20)
	at org.junit.runners.ParentRunner.runLeaf(ParentRunner.java:325)
	at org.junit.runners.BlockJUnit4ClassRunner.runChild(BlockJUnit4ClassRunner.java:78)
	at org.junit.runners.BlockJUnit4ClassRunner.runChild(BlockJUnit4ClassRunner.java:57)
	at org.junit.runners.ParentRunner$3.run(ParentRunner.java:290)
	at org.junit.runners.ParentRunner$1.schedule(ParentRunner.java:71)
	at org.junit.runners.ParentRunner.runChildren(ParentRunner.java:288)
	at org.junit.runners.ParentRunner.access$000(ParentRunner.java:58)
	at org.junit.runners.ParentRunner$2.evaluate(ParentRunner.java:268)
	at org.junit.runners.ParentRunner.run(ParentRunner.java:363)
	at org.apache.maven.surefire.junit4.JUnit4Provider.execute(JUnit4Provider.java:252)
	at org.apache.maven.surefire.junit4.JUnit4Provider.executeTestSet(JUnit4Provider.java:141)
	at org.apache.maven.surefire.junit4.JUnit4Provider.invoke(JUnit4Provider.java:112)
	at sun.reflect.NativeMethodAccessorImpl.invoke0(Native Method)
	at sun.reflect.NativeMethodAccessorImpl.invoke(NativeMethodAccessorImpl.java:62)
	at sun.reflect.DelegatingMethodAccessorImpl.invoke(DelegatingMethodAccessorImpl.java:43)
	at java.lang.reflect.Method.invoke(Method.java:498)
	at org.apache.maven.surefire.util.ReflectionUtils.invokeMethodWithArray(ReflectionUtils.java:189)
	at org.apache.maven.surefire.booter.ProviderFactory$ProviderProxy.invoke(ProviderFactory.java:165)
	at org.apache.maven.surefire.booter.ProviderFactory.invokeProvider(ProviderFactory.java:85)
	at org.apache.maven.surefire.booter.ForkedBooter.runSuitesInProcess(ForkedBooter.java:115)
	at org.apache.maven.surefire.booter.ForkedBooter.main(ForkedBooter.java:75)
Caused by: java.util.concurrent.ExecutionException: javax.ws.rs.ProcessingException: java.io.IOException: No such file or directory
	at jersey.repackaged.com.google.common.util.concurrent.AbstractFuture$Sync.getValue(AbstractFuture.java:299)
	at jersey.repackaged.com.google.common.util.concurrent.AbstractFuture$Sync.get(AbstractFuture.java:286)
	at jersey.repackaged.com.google.common.util.concurrent.AbstractFuture.get(AbstractFuture.java:116)
	at com.spotify.docker.client.DefaultDockerClient.request(DefaultDockerClient.java:2674)
	... 34 more
Caused by: javax.ws.rs.ProcessingException: java.io.IOException: No such file or directory
	at org.glassfish.jersey.apache.connector.ApacheConnector.apply(ApacheConnector.java:481)
	at org.glassfish.jersey.apache.connector.ApacheConnector$1.run(ApacheConnector.java:491)
	at java.util.concurrent.Executors$RunnableAdapter.call(Executors.java:511)
	at java.util.concurrent.FutureTask.run(FutureTask.java:266)
	at jersey.repackaged.com.google.common.util.concurrent.MoreExecutors$DirectExecutorService.execute(MoreExecutors.java:299)
	at java.util.concurrent.AbstractExecutorService.submit(AbstractExecutorService.java:112)
	at jersey.repackaged.com.google.common.util.concurrent.AbstractListeningExecutorService.submit(AbstractListeningExecutorService.java:50)
	at jersey.repackaged.com.google.common.util.concurrent.AbstractListeningExecutorService.submit(AbstractListeningExecutorService.java:37)
	at org.glassfish.jersey.apache.connector.ApacheConnector.apply(ApacheConnector.java:487)
	at org.glassfish.jersey.client.ClientRuntime$2.run(ClientRuntime.java:178)
	at org.glassfish.jersey.internal.Errors$1.call(Errors.java:271)
	at org.glassfish.jersey.internal.Errors$1.call(Errors.java:267)
	at org.glassfish.jersey.internal.Errors.process(Errors.java:315)
	at org.glassfish.jersey.internal.Errors.process(Errors.java:297)
	at org.glassfish.jersey.internal.Errors.process(Errors.java:267)
	at org.glassfish.jersey.process.internal.RequestScope.runInScope(RequestScope.java:340)
	at org.glassfish.jersey.client.ClientRuntime$3.run(ClientRuntime.java:210)
	at java.util.concurrent.Executors$RunnableAdapter.call(Executors.java:511)
	at java.util.concurrent.FutureTask.run(FutureTask.java:266)
	at java.util.concurrent.ThreadPoolExecutor.runWorker(ThreadPoolExecutor.java:1142)
	at java.util.concurrent.ThreadPoolExecutor$Worker.run(ThreadPoolExecutor.java:617)
	at java.lang.Thread.run(Thread.java:745)
Caused by: java.io.IOException: No such file or directory
	at jnr.unixsocket.UnixSocketChannel.doConnect(UnixSocketChannel.java:127)
	at jnr.unixsocket.UnixSocketChannel.connect(UnixSocketChannel.java:136)
	at jnr.unixsocket.UnixSocketChannel.connect(UnixSocketChannel.java:223)
	at com.spotify.docker.client.UnixConnectionSocketFactory.connectSocket(UnixConnectionSocketFactory.java:85)
	at org.apache.http.impl.conn.DefaultHttpClientConnectionOperator.connect(DefaultHttpClientConnectionOperator.java:134)
	at org.apache.http.impl.conn.PoolingHttpClientConnectionManager.connect(PoolingHttpClientConnectionManager.java:353)
	at org.apache.http.impl.execchain.MainClientExec.establishRoute(MainClientExec.java:380)
	at org.apache.http.impl.execchain.MainClientExec.execute(MainClientExec.java:236)
	at org.apache.http.impl.execchain.ProtocolExec.execute(ProtocolExec.java:184)
	at org.apache.http.impl.execchain.RetryExec.execute(RetryExec.java:88)
	at org.apache.http.impl.execchain.RedirectExec.execute(RedirectExec.java:110)
	at org.apache.http.impl.client.InternalHttpClient.doExecute(InternalHttpClient.java:184)
	at org.apache.http.impl.client.CloseableHttpClient.execute(CloseableHttpClient.java:71)
	at org.glassfish.jersey.apache.connector.ApacheConnector.apply(ApacheConnector.java:435)
	... 21 more
</error>
    <system-err>Jun 02, 2018 7:44:39 AM org.apache.http.impl.execchain.RetryExec execute
INFO: I/O exception (java.io.IOException) caught when processing request to {}-&gt;unix://localhost:80: No such file or directory
Jun 02, 2018 7:44:39 AM org.apache.http.impl.execchain.RetryExec execute
INFO: Retrying request to {}-&gt;unix://localhost:80
Jun 02, 2018 7:44:39 AM org.apache.http.impl.execchain.RetryExec execute
INFO: I/O exception (java.io.IOException) caught when processing request to {}-&gt;unix://localhost:80: No such file or directory
Jun 02, 2018 7:44:39 AM org.apache.http.impl.execchain.RetryExec execute
INFO: Retrying request to {}-&gt;unix://localhost:80
Jun 02, 2018 7:44:39 AM org.apache.http.impl.execchain.RetryExec execute
INFO: I/O exception (java.io.IOException) caught when processing request to {}-&gt;unix://localhost:80: No such file or directory
Jun 02, 2018 7:44:39 AM org.apache.http.impl.execchain.RetryExec execute
INFO: Retrying request to {}-&gt;unix://localhost:80
</system-err>
  </testcase>
  <testcase classname="com.spotify.docker.client.DefaultDockerClientTest" name="testBuildInterruption" time="0.023">
    <error type="java.lang.NullPointerException">java.lang.NullPointerException
	at com.spotify.docker.client.VersionCompare.compareVersion(VersionCompare.java:45)
	at com.spotify.docker.client.DefaultDockerClientTest.dockerApiVersionAtLeast(DefaultDockerClientTest.java:404)
	at com.spotify.docker.client.DefaultDockerClientTest.tearDown(DefaultDockerClientTest.java:356)
	at sun.reflect.GeneratedMethodAccessor11.invoke(Unknown Source)
	at sun.reflect.DelegatingMethodAccessorImpl.invoke(DelegatingMethodAccessorImpl.java:43)
	at java.lang.reflect.Method.invoke(Method.java:498)
	at org.junit.runners.model.FrameworkMethod$1.runReflectiveCall(FrameworkMethod.java:50)
	at org.junit.internal.runners.model.ReflectiveCallable.run(ReflectiveCallable.java:12)
	at org.junit.runners.model.FrameworkMethod.invokeExplosively(FrameworkMethod.java:47)
	at org.junit.internal.runners.statements.RunAfters.evaluate(RunAfters.java:33)
	at org.junit.rules.ExpectedException$ExpectedExceptionStatement.evaluate(ExpectedException.java:239)
	at org.junit.rules.TestWatcher$1.evaluate(TestWatcher.java:55)
	at org.junit.rules.RunRules.evaluate(RunRules.java:20)
	at org.junit.runners.ParentRunner.runLeaf(ParentRunner.java:325)
	at org.junit.runners.BlockJUnit4ClassRunner.runChild(BlockJUnit4ClassRunner.java:78)
	at org.junit.runners.BlockJUnit4ClassRunner.runChild(BlockJUnit4ClassRunner.java:57)
	at org.junit.runners.ParentRunner$3.run(ParentRunner.java:290)
	at org.junit.runners.ParentRunner$1.schedule(ParentRunner.java:71)
	at org.junit.runners.ParentRunner.runChildren(ParentRunner.java:288)
	at org.junit.runners.ParentRunner.access$000(ParentRunner.java:58)
	at org.junit.runners.ParentRunner$2.evaluate(ParentRunner.java:268)
	at org.junit.runners.ParentRunner.run(ParentRunner.java:363)
	at org.apache.maven.surefire.junit4.JUnit4Provider.execute(JUnit4Provider.java:252)
	at org.apache.maven.surefire.junit4.JUnit4Provider.executeTestSet(JUnit4Provider.java:141)
	at org.apache.maven.surefire.junit4.JUnit4Provider.invoke(JUnit4Provider.java:112)
	at sun.reflect.NativeMethodAccessorImpl.invoke0(Native Method)
	at sun.reflect.NativeMethodAccessorImpl.invoke(NativeMethodAccessorImpl.java:62)
	at sun.reflect.DelegatingMethodAccessorImpl.invoke(DelegatingMethodAccessorImpl.java:43)
	at java.lang.reflect.Method.invoke(Method.java:498)
	at org.apache.maven.surefire.util.ReflectionUtils.invokeMethodWithArray(ReflectionUtils.java:189)
	at org.apache.maven.surefire.booter.ProviderFactory$ProviderProxy.invoke(ProviderFactory.java:165)
	at org.apache.maven.surefire.booter.ProviderFactory.invokeProvider(ProviderFactory.java:85)
	at org.apache.maven.surefire.booter.ForkedBooter.runSuitesInProcess(ForkedBooter.java:115)
	at org.apache.maven.surefire.booter.ForkedBooter.main(ForkedBooter.java:75)
</error>
  </testcase>
  <testcase classname="com.spotify.docker.client.DefaultDockerClientTest" name="testCreateServiceWithNetwork" time="0.024">
    <error message="java.util.concurrent.ExecutionException: javax.ws.rs.ProcessingException: java.io.IOException: No such file or directory" type="com.spotify.docker.client.exceptions.DockerException">com.spotify.docker.client.exceptions.DockerException: java.util.concurrent.ExecutionException: javax.ws.rs.ProcessingException: java.io.IOException: No such file or directory
	at com.spotify.docker.client.DefaultDockerClient.propagate(DefaultDockerClient.java:2812)
	at com.spotify.docker.client.DefaultDockerClient.request(DefaultDockerClient.java:2676)
	at com.spotify.docker.client.DefaultDockerClient.version(DefaultDockerClient.java:572)
	at com.spotify.docker.client.DefaultDockerClientTest.setup(DefaultDockerClientTest.java:349)
	at sun.reflect.GeneratedMethodAccessor10.invoke(Unknown Source)
	at sun.reflect.DelegatingMethodAccessorImpl.invoke(DelegatingMethodAccessorImpl.java:43)
	at java.lang.reflect.Method.invoke(Method.java:498)
	at org.junit.runners.model.FrameworkMethod$1.runReflectiveCall(FrameworkMethod.java:50)
	at org.junit.internal.runners.model.ReflectiveCallable.run(ReflectiveCallable.java:12)
	at org.junit.runners.model.FrameworkMethod.invokeExplosively(FrameworkMethod.java:47)
	at org.junit.internal.runners.statements.RunBefores.evaluate(RunBefores.java:24)
	at org.junit.internal.runners.statements.RunAfters.evaluate(RunAfters.java:27)
	at org.junit.rules.ExpectedException$ExpectedExceptionStatement.evaluate(ExpectedException.java:239)
	at org.junit.rules.TestWatcher$1.evaluate(TestWatcher.java:55)
	at org.junit.rules.RunRules.evaluate(RunRules.java:20)
	at org.junit.runners.ParentRunner.runLeaf(ParentRunner.java:325)
	at org.junit.runners.BlockJUnit4ClassRunner.runChild(BlockJUnit4ClassRunner.java:78)
	at org.junit.runners.BlockJUnit4ClassRunner.runChild(BlockJUnit4ClassRunner.java:57)
	at org.junit.runners.ParentRunner$3.run(ParentRunner.java:290)
	at org.junit.runners.ParentRunner$1.schedule(ParentRunner.java:71)
	at org.junit.runners.ParentRunner.runChildren(ParentRunner.java:288)
	at org.junit.runners.ParentRunner.access$000(ParentRunner.java:58)
	at org.junit.runners.ParentRunner$2.evaluate(ParentRunner.java:268)
	at org.junit.runners.ParentRunner.run(ParentRunner.java:363)
	at org.apache.maven.surefire.junit4.JUnit4Provider.execute(JUnit4Provider.java:252)
	at org.apache.maven.surefire.junit4.JUnit4Provider.executeTestSet(JUnit4Provider.java:141)
	at org.apache.maven.surefire.junit4.JUnit4Provider.invoke(JUnit4Provider.java:112)
	at sun.reflect.NativeMethodAccessorImpl.invoke0(Native Method)
	at sun.reflect.NativeMethodAccessorImpl.invoke(NativeMethodAccessorImpl.java:62)
	at sun.reflect.DelegatingMethodAccessorImpl.invoke(DelegatingMethodAccessorImpl.java:43)
	at java.lang.reflect.Method.invoke(Method.java:498)
	at org.apache.maven.surefire.util.ReflectionUtils.invokeMethodWithArray(ReflectionUtils.java:189)
	at org.apache.maven.surefire.booter.ProviderFactory$ProviderProxy.invoke(ProviderFactory.java:165)
	at org.apache.maven.surefire.booter.ProviderFactory.invokeProvider(ProviderFactory.java:85)
	at org.apache.maven.surefire.booter.ForkedBooter.runSuitesInProcess(ForkedBooter.java:115)
	at org.apache.maven.surefire.booter.ForkedBooter.main(ForkedBooter.java:75)
Caused by: java.util.concurrent.ExecutionException: javax.ws.rs.ProcessingException: java.io.IOException: No such file or directory
	at jersey.repackaged.com.google.common.util.concurrent.AbstractFuture$Sync.getValue(AbstractFuture.java:299)
	at jersey.repackaged.com.google.common.util.concurrent.AbstractFuture$Sync.get(AbstractFuture.java:286)
	at jersey.repackaged.com.google.common.util.concurrent.AbstractFuture.get(AbstractFuture.java:116)
	at com.spotify.docker.client.DefaultDockerClient.request(DefaultDockerClient.java:2674)
	... 34 more
Caused by: javax.ws.rs.ProcessingException: java.io.IOException: No such file or directory
	at org.glassfish.jersey.apache.connector.ApacheConnector.apply(ApacheConnector.java:481)
	at org.glassfish.jersey.apache.connector.ApacheConnector$1.run(ApacheConnector.java:491)
	at java.util.concurrent.Executors$RunnableAdapter.call(Executors.java:511)
	at java.util.concurrent.FutureTask.run(FutureTask.java:266)
	at jersey.repackaged.com.google.common.util.concurrent.MoreExecutors$DirectExecutorService.execute(MoreExecutors.java:299)
	at java.util.concurrent.AbstractExecutorService.submit(AbstractExecutorService.java:112)
	at jersey.repackaged.com.google.common.util.concurrent.AbstractListeningExecutorService.submit(AbstractListeningExecutorService.java:50)
	at jersey.repackaged.com.google.common.util.concurrent.AbstractListeningExecutorService.submit(AbstractListeningExecutorService.java:37)
	at org.glassfish.jersey.apache.connector.ApacheConnector.apply(ApacheConnector.java:487)
	at org.glassfish.jersey.client.ClientRuntime$2.run(ClientRuntime.java:178)
	at org.glassfish.jersey.internal.Errors$1.call(Errors.java:271)
	at org.glassfish.jersey.internal.Errors$1.call(Errors.java:267)
	at org.glassfish.jersey.internal.Errors.process(Errors.java:315)
	at org.glassfish.jersey.internal.Errors.process(Errors.java:297)
	at org.glassfish.jersey.internal.Errors.process(Errors.java:267)
	at org.glassfish.jersey.process.internal.RequestScope.runInScope(RequestScope.java:340)
	at org.glassfish.jersey.client.ClientRuntime$3.run(ClientRuntime.java:210)
	at java.util.concurrent.Executors$RunnableAdapter.call(Executors.java:511)
	at java.util.concurrent.FutureTask.run(FutureTask.java:266)
	at java.util.concurrent.ThreadPoolExecutor.runWorker(ThreadPoolExecutor.java:1142)
	at java.util.concurrent.ThreadPoolExecutor$Worker.run(ThreadPoolExecutor.java:617)
	at java.lang.Thread.run(Thread.java:745)
Caused by: java.io.IOException: No such file or directory
	at jnr.unixsocket.UnixSocketChannel.doConnect(UnixSocketChannel.java:127)
	at jnr.unixsocket.UnixSocketChannel.connect(UnixSocketChannel.java:136)
	at jnr.unixsocket.UnixSocketChannel.connect(UnixSocketChannel.java:223)
	at com.spotify.docker.client.UnixConnectionSocketFactory.connectSocket(UnixConnectionSocketFactory.java:85)
	at org.apache.http.impl.conn.DefaultHttpClientConnectionOperator.connect(DefaultHttpClientConnectionOperator.java:134)
	at org.apache.http.impl.conn.PoolingHttpClientConnectionManager.connect(PoolingHttpClientConnectionManager.java:353)
	at org.apache.http.impl.execchain.MainClientExec.establishRoute(MainClientExec.java:380)
	at org.apache.http.impl.execchain.MainClientExec.execute(MainClientExec.java:236)
	at org.apache.http.impl.execchain.ProtocolExec.execute(ProtocolExec.java:184)
	at org.apache.http.impl.execchain.RetryExec.execute(RetryExec.java:88)
	at org.apache.http.impl.execchain.RedirectExec.execute(RedirectExec.java:110)
	at org.apache.http.impl.client.InternalHttpClient.doExecute(InternalHttpClient.java:184)
	at org.apache.http.impl.client.CloseableHttpClient.execute(CloseableHttpClient.java:71)
	at org.glassfish.jersey.apache.connector.ApacheConnector.apply(ApacheConnector.java:435)
	... 21 more
</error>
    <system-err>Jun 02, 2018 7:44:39 AM org.apache.http.impl.execchain.RetryExec execute
INFO: I/O exception (java.io.IOException) caught when processing request to {}-&gt;unix://localhost:80: No such file or directory
Jun 02, 2018 7:44:39 AM org.apache.http.impl.execchain.RetryExec execute
INFO: Retrying request to {}-&gt;unix://localhost:80
Jun 02, 2018 7:44:39 AM org.apache.http.impl.execchain.RetryExec execute
INFO: I/O exception (java.io.IOException) caught when processing request to {}-&gt;unix://localhost:80: No such file or directory
Jun 02, 2018 7:44:39 AM org.apache.http.impl.execchain.RetryExec execute
INFO: Retrying request to {}-&gt;unix://localhost:80
Jun 02, 2018 7:44:39 AM org.apache.http.impl.execchain.RetryExec execute
INFO: I/O exception (java.io.IOException) caught when processing request to {}-&gt;unix://localhost:80: No such file or directory
Jun 02, 2018 7:44:39 AM org.apache.http.impl.execchain.RetryExec execute
INFO: Retrying request to {}-&gt;unix://localhost:80
</system-err>
  </testcase>
  <testcase classname="com.spotify.docker.client.DefaultDockerClientTest" name="testCreateServiceWithNetwork" time="0.024">
    <error type="java.lang.NullPointerException">java.lang.NullPointerException
	at com.spotify.docker.client.VersionCompare.compareVersion(VersionCompare.java:45)
	at com.spotify.docker.client.DefaultDockerClientTest.dockerApiVersionAtLeast(DefaultDockerClientTest.java:404)
	at com.spotify.docker.client.DefaultDockerClientTest.tearDown(DefaultDockerClientTest.java:356)
	at sun.reflect.GeneratedMethodAccessor11.invoke(Unknown Source)
	at sun.reflect.DelegatingMethodAccessorImpl.invoke(DelegatingMethodAccessorImpl.java:43)
	at java.lang.reflect.Method.invoke(Method.java:498)
	at org.junit.runners.model.FrameworkMethod$1.runReflectiveCall(FrameworkMethod.java:50)
	at org.junit.internal.runners.model.ReflectiveCallable.run(ReflectiveCallable.java:12)
	at org.junit.runners.model.FrameworkMethod.invokeExplosively(FrameworkMethod.java:47)
	at org.junit.internal.runners.statements.RunAfters.evaluate(RunAfters.java:33)
	at org.junit.rules.ExpectedException$ExpectedExceptionStatement.evaluate(ExpectedException.java:239)
	at org.junit.rules.TestWatcher$1.evaluate(TestWatcher.java:55)
	at org.junit.rules.RunRules.evaluate(RunRules.java:20)
	at org.junit.runners.ParentRunner.runLeaf(ParentRunner.java:325)
	at org.junit.runners.BlockJUnit4ClassRunner.runChild(BlockJUnit4ClassRunner.java:78)
	at org.junit.runners.BlockJUnit4ClassRunner.runChild(BlockJUnit4ClassRunner.java:57)
	at org.junit.runners.ParentRunner$3.run(ParentRunner.java:290)
	at org.junit.runners.ParentRunner$1.schedule(ParentRunner.java:71)
	at org.junit.runners.ParentRunner.runChildren(ParentRunner.java:288)
	at org.junit.runners.ParentRunner.access$000(ParentRunner.java:58)
	at org.junit.runners.ParentRunner$2.evaluate(ParentRunner.java:268)
	at org.junit.runners.ParentRunner.run(ParentRunner.java:363)
	at org.apache.maven.surefire.junit4.JUnit4Provider.execute(JUnit4Provider.java:252)
	at org.apache.maven.surefire.junit4.JUnit4Provider.executeTestSet(JUnit4Provider.java:141)
	at org.apache.maven.surefire.junit4.JUnit4Provider.invoke(JUnit4Provider.java:112)
	at sun.reflect.NativeMethodAccessorImpl.invoke0(Native Method)
	at sun.reflect.NativeMethodAccessorImpl.invoke(NativeMethodAccessorImpl.java:62)
	at sun.reflect.DelegatingMethodAccessorImpl.invoke(DelegatingMethodAccessorImpl.java:43)
	at java.lang.reflect.Method.invoke(Method.java:498)
	at org.apache.maven.surefire.util.ReflectionUtils.invokeMethodWithArray(ReflectionUtils.java:189)
	at org.apache.maven.surefire.booter.ProviderFactory$ProviderProxy.invoke(ProviderFactory.java:165)
	at org.apache.maven.surefire.booter.ProviderFactory.invokeProvider(ProviderFactory.java:85)
	at org.apache.maven.surefire.booter.ForkedBooter.runSuitesInProcess(ForkedBooter.java:115)
	at org.apache.maven.surefire.booter.ForkedBooter.main(ForkedBooter.java:75)
</error>
  </testcase>
  <testcase classname="com.spotify.docker.client.DefaultDockerClientTest" name="testListServicesFilterByName" time="0.026">
    <error message="java.util.concurrent.ExecutionException: javax.ws.rs.ProcessingException: java.io.IOException: No such file or directory" type="com.spotify.docker.client.exceptions.DockerException">com.spotify.docker.client.exceptions.DockerException: java.util.concurrent.ExecutionException: javax.ws.rs.ProcessingException: java.io.IOException: No such file or directory
	at com.spotify.docker.client.DefaultDockerClient.propagate(DefaultDockerClient.java:2812)
	at com.spotify.docker.client.DefaultDockerClient.request(DefaultDockerClient.java:2676)
	at com.spotify.docker.client.DefaultDockerClient.version(DefaultDockerClient.java:572)
	at com.spotify.docker.client.DefaultDockerClientTest.setup(DefaultDockerClientTest.java:349)
	at sun.reflect.GeneratedMethodAccessor10.invoke(Unknown Source)
	at sun.reflect.DelegatingMethodAccessorImpl.invoke(DelegatingMethodAccessorImpl.java:43)
	at java.lang.reflect.Method.invoke(Method.java:498)
	at org.junit.runners.model.FrameworkMethod$1.runReflectiveCall(FrameworkMethod.java:50)
	at org.junit.internal.runners.model.ReflectiveCallable.run(ReflectiveCallable.java:12)
	at org.junit.runners.model.FrameworkMethod.invokeExplosively(FrameworkMethod.java:47)
	at org.junit.internal.runners.statements.RunBefores.evaluate(RunBefores.java:24)
	at org.junit.internal.runners.statements.RunAfters.evaluate(RunAfters.java:27)
	at org.junit.rules.ExpectedException$ExpectedExceptionStatement.evaluate(ExpectedException.java:239)
	at org.junit.rules.TestWatcher$1.evaluate(TestWatcher.java:55)
	at org.junit.rules.RunRules.evaluate(RunRules.java:20)
	at org.junit.runners.ParentRunner.runLeaf(ParentRunner.java:325)
	at org.junit.runners.BlockJUnit4ClassRunner.runChild(BlockJUnit4ClassRunner.java:78)
	at org.junit.runners.BlockJUnit4ClassRunner.runChild(BlockJUnit4ClassRunner.java:57)
	at org.junit.runners.ParentRunner$3.run(ParentRunner.java:290)
	at org.junit.runners.ParentRunner$1.schedule(ParentRunner.java:71)
	at org.junit.runners.ParentRunner.runChildren(ParentRunner.java:288)
	at org.junit.runners.ParentRunner.access$000(ParentRunner.java:58)
	at org.junit.runners.ParentRunner$2.evaluate(ParentRunner.java:268)
	at org.junit.runners.ParentRunner.run(ParentRunner.java:363)
	at org.apache.maven.surefire.junit4.JUnit4Provider.execute(JUnit4Provider.java:252)
	at org.apache.maven.surefire.junit4.JUnit4Provider.executeTestSet(JUnit4Provider.java:141)
	at org.apache.maven.surefire.junit4.JUnit4Provider.invoke(JUnit4Provider.java:112)
	at sun.reflect.NativeMethodAccessorImpl.invoke0(Native Method)
	at sun.reflect.NativeMethodAccessorImpl.invoke(NativeMethodAccessorImpl.java:62)
	at sun.reflect.DelegatingMethodAccessorImpl.invoke(DelegatingMethodAccessorImpl.java:43)
	at java.lang.reflect.Method.invoke(Method.java:498)
	at org.apache.maven.surefire.util.ReflectionUtils.invokeMethodWithArray(ReflectionUtils.java:189)
	at org.apache.maven.surefire.booter.ProviderFactory$ProviderProxy.invoke(ProviderFactory.java:165)
	at org.apache.maven.surefire.booter.ProviderFactory.invokeProvider(ProviderFactory.java:85)
	at org.apache.maven.surefire.booter.ForkedBooter.runSuitesInProcess(ForkedBooter.java:115)
	at org.apache.maven.surefire.booter.ForkedBooter.main(ForkedBooter.java:75)
Caused by: java.util.concurrent.ExecutionException: javax.ws.rs.ProcessingException: java.io.IOException: No such file or directory
	at jersey.repackaged.com.google.common.util.concurrent.AbstractFuture$Sync.getValue(AbstractFuture.java:299)
	at jersey.repackaged.com.google.common.util.concurrent.AbstractFuture$Sync.get(AbstractFuture.java:286)
	at jersey.repackaged.com.google.common.util.concurrent.AbstractFuture.get(AbstractFuture.java:116)
	at com.spotify.docker.client.DefaultDockerClient.request(DefaultDockerClient.java:2674)
	... 34 more
Caused by: javax.ws.rs.ProcessingException: java.io.IOException: No such file or directory
	at org.glassfish.jersey.apache.connector.ApacheConnector.apply(ApacheConnector.java:481)
	at org.glassfish.jersey.apache.connector.ApacheConnector$1.run(ApacheConnector.java:491)
	at java.util.concurrent.Executors$RunnableAdapter.call(Executors.java:511)
	at java.util.concurrent.FutureTask.run(FutureTask.java:266)
	at jersey.repackaged.com.google.common.util.concurrent.MoreExecutors$DirectExecutorService.execute(MoreExecutors.java:299)
	at java.util.concurrent.AbstractExecutorService.submit(AbstractExecutorService.java:112)
	at jersey.repackaged.com.google.common.util.concurrent.AbstractListeningExecutorService.submit(AbstractListeningExecutorService.java:50)
	at jersey.repackaged.com.google.common.util.concurrent.AbstractListeningExecutorService.submit(AbstractListeningExecutorService.java:37)
	at org.glassfish.jersey.apache.connector.ApacheConnector.apply(ApacheConnector.java:487)
	at org.glassfish.jersey.client.ClientRuntime$2.run(ClientRuntime.java:178)
	at org.glassfish.jersey.internal.Errors$1.call(Errors.java:271)
	at org.glassfish.jersey.internal.Errors$1.call(Errors.java:267)
	at org.glassfish.jersey.internal.Errors.process(Errors.java:315)
	at org.glassfish.jersey.internal.Errors.process(Errors.java:297)
	at org.glassfish.jersey.internal.Errors.process(Errors.java:267)
	at org.glassfish.jersey.process.internal.RequestScope.runInScope(RequestScope.java:340)
	at org.glassfish.jersey.client.ClientRuntime$3.run(ClientRuntime.java:210)
	at java.util.concurrent.Executors$RunnableAdapter.call(Executors.java:511)
	at java.util.concurrent.FutureTask.run(FutureTask.java:266)
	at java.util.concurrent.ThreadPoolExecutor.runWorker(ThreadPoolExecutor.java:1142)
	at java.util.concurrent.ThreadPoolExecutor$Worker.run(ThreadPoolExecutor.java:617)
	at java.lang.Thread.run(Thread.java:745)
Caused by: java.io.IOException: No such file or directory
	at jnr.unixsocket.UnixSocketChannel.doConnect(UnixSocketChannel.java:127)
	at jnr.unixsocket.UnixSocketChannel.connect(UnixSocketChannel.java:136)
	at jnr.unixsocket.UnixSocketChannel.connect(UnixSocketChannel.java:223)
	at com.spotify.docker.client.UnixConnectionSocketFactory.connectSocket(UnixConnectionSocketFactory.java:85)
	at org.apache.http.impl.conn.DefaultHttpClientConnectionOperator.connect(DefaultHttpClientConnectionOperator.java:134)
	at org.apache.http.impl.conn.PoolingHttpClientConnectionManager.connect(PoolingHttpClientConnectionManager.java:353)
	at org.apache.http.impl.execchain.MainClientExec.establishRoute(MainClientExec.java:380)
	at org.apache.http.impl.execchain.MainClientExec.execute(MainClientExec.java:236)
	at org.apache.http.impl.execchain.ProtocolExec.execute(ProtocolExec.java:184)
	at org.apache.http.impl.execchain.RetryExec.execute(RetryExec.java:88)
	at org.apache.http.impl.execchain.RedirectExec.execute(RedirectExec.java:110)
	at org.apache.http.impl.client.InternalHttpClient.doExecute(InternalHttpClient.java:184)
	at org.apache.http.impl.client.CloseableHttpClient.execute(CloseableHttpClient.java:71)
	at org.glassfish.jersey.apache.connector.ApacheConnector.apply(ApacheConnector.java:435)
	... 21 more
</error>
    <system-err>Jun 02, 2018 7:44:39 AM org.apache.http.impl.execchain.RetryExec execute
INFO: I/O exception (java.io.IOException) caught when processing request to {}-&gt;unix://localhost:80: No such file or directory
Jun 02, 2018 7:44:39 AM org.apache.http.impl.execchain.RetryExec execute
INFO: Retrying request to {}-&gt;unix://localhost:80
Jun 02, 2018 7:44:39 AM org.apache.http.impl.execchain.RetryExec execute
INFO: I/O exception (java.io.IOException) caught when processing request to {}-&gt;unix://localhost:80: No such file or directory
Jun 02, 2018 7:44:39 AM org.apache.http.impl.execchain.RetryExec execute
INFO: Retrying request to {}-&gt;unix://localhost:80
Jun 02, 2018 7:44:39 AM org.apache.http.impl.execchain.RetryExec execute
INFO: I/O exception (java.io.IOException) caught when processing request to {}-&gt;unix://localhost:80: No such file or directory
Jun 02, 2018 7:44:39 AM org.apache.http.impl.execchain.RetryExec execute
INFO: Retrying request to {}-&gt;unix://localhost:80
</system-err>
  </testcase>
  <testcase classname="com.spotify.docker.client.DefaultDockerClientTest" name="testListServicesFilterByName" time="0.026">
    <error type="java.lang.NullPointerException">java.lang.NullPointerException
	at com.spotify.docker.client.VersionCompare.compareVersion(VersionCompare.java:45)
	at com.spotify.docker.client.DefaultDockerClientTest.dockerApiVersionAtLeast(DefaultDockerClientTest.java:404)
	at com.spotify.docker.client.DefaultDockerClientTest.tearDown(DefaultDockerClientTest.java:356)
	at sun.reflect.GeneratedMethodAccessor11.invoke(Unknown Source)
	at sun.reflect.DelegatingMethodAccessorImpl.invoke(DelegatingMethodAccessorImpl.java:43)
	at java.lang.reflect.Method.invoke(Method.java:498)
	at org.junit.runners.model.FrameworkMethod$1.runReflectiveCall(FrameworkMethod.java:50)
	at org.junit.internal.runners.model.ReflectiveCallable.run(ReflectiveCallable.java:12)
	at org.junit.runners.model.FrameworkMethod.invokeExplosively(FrameworkMethod.java:47)
	at org.junit.internal.runners.statements.RunAfters.evaluate(RunAfters.java:33)
	at org.junit.rules.ExpectedException$ExpectedExceptionStatement.evaluate(ExpectedException.java:239)
	at org.junit.rules.TestWatcher$1.evaluate(TestWatcher.java:55)
	at org.junit.rules.RunRules.evaluate(RunRules.java:20)
	at org.junit.runners.ParentRunner.runLeaf(ParentRunner.java:325)
	at org.junit.runners.BlockJUnit4ClassRunner.runChild(BlockJUnit4ClassRunner.java:78)
	at org.junit.runners.BlockJUnit4ClassRunner.runChild(BlockJUnit4ClassRunner.java:57)
	at org.junit.runners.ParentRunner$3.run(ParentRunner.java:290)
	at org.junit.runners.ParentRunner$1.schedule(ParentRunner.java:71)
	at org.junit.runners.ParentRunner.runChildren(ParentRunner.java:288)
	at org.junit.runners.ParentRunner.access$000(ParentRunner.java:58)
	at org.junit.runners.ParentRunner$2.evaluate(ParentRunner.java:268)
	at org.junit.runners.ParentRunner.run(ParentRunner.java:363)
	at org.apache.maven.surefire.junit4.JUnit4Provider.execute(JUnit4Provider.java:252)
	at org.apache.maven.surefire.junit4.JUnit4Provider.executeTestSet(JUnit4Provider.java:141)
	at org.apache.maven.surefire.junit4.JUnit4Provider.invoke(JUnit4Provider.java:112)
	at sun.reflect.NativeMethodAccessorImpl.invoke0(Native Method)
	at sun.reflect.NativeMethodAccessorImpl.invoke(NativeMethodAccessorImpl.java:62)
	at sun.reflect.DelegatingMethodAccessorImpl.invoke(DelegatingMethodAccessorImpl.java:43)
	at java.lang.reflect.Method.invoke(Method.java:498)
	at org.apache.maven.surefire.util.ReflectionUtils.invokeMethodWithArray(ReflectionUtils.java:189)
	at org.apache.maven.surefire.booter.ProviderFactory$ProviderProxy.invoke(ProviderFactory.java:165)
	at org.apache.maven.surefire.booter.ProviderFactory.invokeProvider(ProviderFactory.java:85)
	at org.apache.maven.surefire.booter.ForkedBooter.runSuitesInProcess(ForkedBooter.java:115)
	at org.apache.maven.surefire.booter.ForkedBooter.main(ForkedBooter.java:75)
</error>
  </testcase>
  <testcase classname="com.spotify.docker.client.DefaultDockerClientTest" name="testNetworkDrivers" time="0.028">
    <error message="java.util.concurrent.ExecutionException: javax.ws.rs.ProcessingException: java.io.IOException: No such file or directory" type="com.spotify.docker.client.exceptions.DockerException">com.spotify.docker.client.exceptions.DockerException: java.util.concurrent.ExecutionException: javax.ws.rs.ProcessingException: java.io.IOException: No such file or directory
	at com.spotify.docker.client.DefaultDockerClient.propagate(DefaultDockerClient.java:2812)
	at com.spotify.docker.client.DefaultDockerClient.request(DefaultDockerClient.java:2676)
	at com.spotify.docker.client.DefaultDockerClient.version(DefaultDockerClient.java:572)
	at com.spotify.docker.client.DefaultDockerClientTest.setup(DefaultDockerClientTest.java:349)
	at sun.reflect.GeneratedMethodAccessor10.invoke(Unknown Source)
	at sun.reflect.DelegatingMethodAccessorImpl.invoke(DelegatingMethodAccessorImpl.java:43)
	at java.lang.reflect.Method.invoke(Method.java:498)
	at org.junit.runners.model.FrameworkMethod$1.runReflectiveCall(FrameworkMethod.java:50)
	at org.junit.internal.runners.model.ReflectiveCallable.run(ReflectiveCallable.java:12)
	at org.junit.runners.model.FrameworkMethod.invokeExplosively(FrameworkMethod.java:47)
	at org.junit.internal.runners.statements.RunBefores.evaluate(RunBefores.java:24)
	at org.junit.internal.runners.statements.RunAfters.evaluate(RunAfters.java:27)
	at org.junit.rules.ExpectedException$ExpectedExceptionStatement.evaluate(ExpectedException.java:239)
	at org.junit.rules.TestWatcher$1.evaluate(TestWatcher.java:55)
	at org.junit.rules.RunRules.evaluate(RunRules.java:20)
	at org.junit.runners.ParentRunner.runLeaf(ParentRunner.java:325)
	at org.junit.runners.BlockJUnit4ClassRunner.runChild(BlockJUnit4ClassRunner.java:78)
	at org.junit.runners.BlockJUnit4ClassRunner.runChild(BlockJUnit4ClassRunner.java:57)
	at org.junit.runners.ParentRunner$3.run(ParentRunner.java:290)
	at org.junit.runners.ParentRunner$1.schedule(ParentRunner.java:71)
	at org.junit.runners.ParentRunner.runChildren(ParentRunner.java:288)
	at org.junit.runners.ParentRunner.access$000(ParentRunner.java:58)
	at org.junit.runners.ParentRunner$2.evaluate(ParentRunner.java:268)
	at org.junit.runners.ParentRunner.run(ParentRunner.java:363)
	at org.apache.maven.surefire.junit4.JUnit4Provider.execute(JUnit4Provider.java:252)
	at org.apache.maven.surefire.junit4.JUnit4Provider.executeTestSet(JUnit4Provider.java:141)
	at org.apache.maven.surefire.junit4.JUnit4Provider.invoke(JUnit4Provider.java:112)
	at sun.reflect.NativeMethodAccessorImpl.invoke0(Native Method)
	at sun.reflect.NativeMethodAccessorImpl.invoke(NativeMethodAccessorImpl.java:62)
	at sun.reflect.DelegatingMethodAccessorImpl.invoke(DelegatingMethodAccessorImpl.java:43)
	at java.lang.reflect.Method.invoke(Method.java:498)
	at org.apache.maven.surefire.util.ReflectionUtils.invokeMethodWithArray(ReflectionUtils.java:189)
	at org.apache.maven.surefire.booter.ProviderFactory$ProviderProxy.invoke(ProviderFactory.java:165)
	at org.apache.maven.surefire.booter.ProviderFactory.invokeProvider(ProviderFactory.java:85)
	at org.apache.maven.surefire.booter.ForkedBooter.runSuitesInProcess(ForkedBooter.java:115)
	at org.apache.maven.surefire.booter.ForkedBooter.main(ForkedBooter.java:75)
Caused by: java.util.concurrent.ExecutionException: javax.ws.rs.ProcessingException: java.io.IOException: No such file or directory
	at jersey.repackaged.com.google.common.util.concurrent.AbstractFuture$Sync.getValue(AbstractFuture.java:299)
	at jersey.repackaged.com.google.common.util.concurrent.AbstractFuture$Sync.get(AbstractFuture.java:286)
	at jersey.repackaged.com.google.common.util.concurrent.AbstractFuture.get(AbstractFuture.java:116)
	at com.spotify.docker.client.DefaultDockerClient.request(DefaultDockerClient.java:2674)
	... 34 more
Caused by: javax.ws.rs.ProcessingException: java.io.IOException: No such file or directory
	at org.glassfish.jersey.apache.connector.ApacheConnector.apply(ApacheConnector.java:481)
	at org.glassfish.jersey.apache.connector.ApacheConnector$1.run(ApacheConnector.java:491)
	at java.util.concurrent.Executors$RunnableAdapter.call(Executors.java:511)
	at java.util.concurrent.FutureTask.run(FutureTask.java:266)
	at jersey.repackaged.com.google.common.util.concurrent.MoreExecutors$DirectExecutorService.execute(MoreExecutors.java:299)
	at java.util.concurrent.AbstractExecutorService.submit(AbstractExecutorService.java:112)
	at jersey.repackaged.com.google.common.util.concurrent.AbstractListeningExecutorService.submit(AbstractListeningExecutorService.java:50)
	at jersey.repackaged.com.google.common.util.concurrent.AbstractListeningExecutorService.submit(AbstractListeningExecutorService.java:37)
	at org.glassfish.jersey.apache.connector.ApacheConnector.apply(ApacheConnector.java:487)
	at org.glassfish.jersey.client.ClientRuntime$2.run(ClientRuntime.java:178)
	at org.glassfish.jersey.internal.Errors$1.call(Errors.java:271)
	at org.glassfish.jersey.internal.Errors$1.call(Errors.java:267)
	at org.glassfish.jersey.internal.Errors.process(Errors.java:315)
	at org.glassfish.jersey.internal.Errors.process(Errors.java:297)
	at org.glassfish.jersey.internal.Errors.process(Errors.java:267)
	at org.glassfish.jersey.process.internal.RequestScope.runInScope(RequestScope.java:340)
	at org.glassfish.jersey.client.ClientRuntime$3.run(ClientRuntime.java:210)
	at java.util.concurrent.Executors$RunnableAdapter.call(Executors.java:511)
	at java.util.concurrent.FutureTask.run(FutureTask.java:266)
	at java.util.concurrent.ThreadPoolExecutor.runWorker(ThreadPoolExecutor.java:1142)
	at java.util.concurrent.ThreadPoolExecutor$Worker.run(ThreadPoolExecutor.java:617)
	at java.lang.Thread.run(Thread.java:745)
Caused by: java.io.IOException: No such file or directory
	at jnr.unixsocket.UnixSocketChannel.doConnect(UnixSocketChannel.java:127)
	at jnr.unixsocket.UnixSocketChannel.connect(UnixSocketChannel.java:136)
	at jnr.unixsocket.UnixSocketChannel.connect(UnixSocketChannel.java:223)
	at com.spotify.docker.client.UnixConnectionSocketFactory.connectSocket(UnixConnectionSocketFactory.java:85)
	at org.apache.http.impl.conn.DefaultHttpClientConnectionOperator.connect(DefaultHttpClientConnectionOperator.java:134)
	at org.apache.http.impl.conn.PoolingHttpClientConnectionManager.connect(PoolingHttpClientConnectionManager.java:353)
	at org.apache.http.impl.execchain.MainClientExec.establishRoute(MainClientExec.java:380)
	at org.apache.http.impl.execchain.MainClientExec.execute(MainClientExec.java:236)
	at org.apache.http.impl.execchain.ProtocolExec.execute(ProtocolExec.java:184)
	at org.apache.http.impl.execchain.RetryExec.execute(RetryExec.java:88)
	at org.apache.http.impl.execchain.RedirectExec.execute(RedirectExec.java:110)
	at org.apache.http.impl.client.InternalHttpClient.doExecute(InternalHttpClient.java:184)
	at org.apache.http.impl.client.CloseableHttpClient.execute(CloseableHttpClient.java:71)
	at org.glassfish.jersey.apache.connector.ApacheConnector.apply(ApacheConnector.java:435)
	... 21 more
</error>
    <system-err>Jun 02, 2018 7:44:39 AM org.apache.http.impl.execchain.RetryExec execute
INFO: I/O exception (java.io.IOException) caught when processing request to {}-&gt;unix://localhost:80: No such file or directory
Jun 02, 2018 7:44:39 AM org.apache.http.impl.execchain.RetryExec execute
INFO: Retrying request to {}-&gt;unix://localhost:80
Jun 02, 2018 7:44:39 AM org.apache.http.impl.execchain.RetryExec execute
INFO: I/O exception (java.io.IOException) caught when processing request to {}-&gt;unix://localhost:80: No such file or directory
Jun 02, 2018 7:44:39 AM org.apache.http.impl.execchain.RetryExec execute
INFO: Retrying request to {}-&gt;unix://localhost:80
Jun 02, 2018 7:44:39 AM org.apache.http.impl.execchain.RetryExec execute
INFO: I/O exception (java.io.IOException) caught when processing request to {}-&gt;unix://localhost:80: No such file or directory
Jun 02, 2018 7:44:39 AM org.apache.http.impl.execchain.RetryExec execute
INFO: Retrying request to {}-&gt;unix://localhost:80
</system-err>
  </testcase>
  <testcase classname="com.spotify.docker.client.DefaultDockerClientTest" name="testNetworkDrivers" time="0.028">
    <error type="java.lang.NullPointerException">java.lang.NullPointerException
	at com.spotify.docker.client.VersionCompare.compareVersion(VersionCompare.java:45)
	at com.spotify.docker.client.DefaultDockerClientTest.dockerApiVersionAtLeast(DefaultDockerClientTest.java:404)
	at com.spotify.docker.client.DefaultDockerClientTest.tearDown(DefaultDockerClientTest.java:356)
	at sun.reflect.GeneratedMethodAccessor11.invoke(Unknown Source)
	at sun.reflect.DelegatingMethodAccessorImpl.invoke(DelegatingMethodAccessorImpl.java:43)
	at java.lang.reflect.Method.invoke(Method.java:498)
	at org.junit.runners.model.FrameworkMethod$1.runReflectiveCall(FrameworkMethod.java:50)
	at org.junit.internal.runners.model.ReflectiveCallable.run(ReflectiveCallable.java:12)
	at org.junit.runners.model.FrameworkMethod.invokeExplosively(FrameworkMethod.java:47)
	at org.junit.internal.runners.statements.RunAfters.evaluate(RunAfters.java:33)
	at org.junit.rules.ExpectedException$ExpectedExceptionStatement.evaluate(ExpectedException.java:239)
	at org.junit.rules.TestWatcher$1.evaluate(TestWatcher.java:55)
	at org.junit.rules.RunRules.evaluate(RunRules.java:20)
	at org.junit.runners.ParentRunner.runLeaf(ParentRunner.java:325)
	at org.junit.runners.BlockJUnit4ClassRunner.runChild(BlockJUnit4ClassRunner.java:78)
	at org.junit.runners.BlockJUnit4ClassRunner.runChild(BlockJUnit4ClassRunner.java:57)
	at org.junit.runners.ParentRunner$3.run(ParentRunner.java:290)
	at org.junit.runners.ParentRunner$1.schedule(ParentRunner.java:71)
	at org.junit.runners.ParentRunner.runChildren(ParentRunner.java:288)
	at org.junit.runners.ParentRunner.access$000(ParentRunner.java:58)
	at org.junit.runners.ParentRunner$2.evaluate(ParentRunner.java:268)
	at org.junit.runners.ParentRunner.run(ParentRunner.java:363)
	at org.apache.maven.surefire.junit4.JUnit4Provider.execute(JUnit4Provider.java:252)
	at org.apache.maven.surefire.junit4.JUnit4Provider.executeTestSet(JUnit4Provider.java:141)
	at org.apache.maven.surefire.junit4.JUnit4Provider.invoke(JUnit4Provider.java:112)
	at sun.reflect.NativeMethodAccessorImpl.invoke0(Native Method)
	at sun.reflect.NativeMethodAccessorImpl.invoke(NativeMethodAccessorImpl.java:62)
	at sun.reflect.DelegatingMethodAccessorImpl.invoke(DelegatingMethodAccessorImpl.java:43)
	at java.lang.reflect.Method.invoke(Method.java:498)
	at org.apache.maven.surefire.util.ReflectionUtils.invokeMethodWithArray(ReflectionUtils.java:189)
	at org.apache.maven.surefire.booter.ProviderFactory$ProviderProxy.invoke(ProviderFactory.java:165)
	at org.apache.maven.surefire.booter.ProviderFactory.invokeProvider(ProviderFactory.java:85)
	at org.apache.maven.surefire.booter.ForkedBooter.runSuitesInProcess(ForkedBooter.java:115)
	at org.apache.maven.surefire.booter.ForkedBooter.main(ForkedBooter.java:75)
</error>
  </testcase>
  <testcase classname="com.spotify.docker.client.DefaultDockerClientTest" name="testPullBadImage" time="0.027">
    <error message="java.util.concurrent.ExecutionException: javax.ws.rs.ProcessingException: java.io.IOException: No such file or directory" type="com.spotify.docker.client.exceptions.DockerException">com.spotify.docker.client.exceptions.DockerException: java.util.concurrent.ExecutionException: javax.ws.rs.ProcessingException: java.io.IOException: No such file or directory
	at com.spotify.docker.client.DefaultDockerClient.propagate(DefaultDockerClient.java:2812)
	at com.spotify.docker.client.DefaultDockerClient.request(DefaultDockerClient.java:2676)
	at com.spotify.docker.client.DefaultDockerClient.version(DefaultDockerClient.java:572)
	at com.spotify.docker.client.DefaultDockerClientTest.setup(DefaultDockerClientTest.java:349)
	at sun.reflect.GeneratedMethodAccessor10.invoke(Unknown Source)
	at sun.reflect.DelegatingMethodAccessorImpl.invoke(DelegatingMethodAccessorImpl.java:43)
	at java.lang.reflect.Method.invoke(Method.java:498)
	at org.junit.runners.model.FrameworkMethod$1.runReflectiveCall(FrameworkMethod.java:50)
	at org.junit.internal.runners.model.ReflectiveCallable.run(ReflectiveCallable.java:12)
	at org.junit.runners.model.FrameworkMethod.invokeExplosively(FrameworkMethod.java:47)
	at org.junit.internal.runners.statements.RunBefores.evaluate(RunBefores.java:24)
	at org.junit.internal.runners.statements.RunAfters.evaluate(RunAfters.java:27)
	at org.junit.rules.ExpectedException$ExpectedExceptionStatement.evaluate(ExpectedException.java:239)
	at org.junit.rules.TestWatcher$1.evaluate(TestWatcher.java:55)
	at org.junit.rules.RunRules.evaluate(RunRules.java:20)
	at org.junit.runners.ParentRunner.runLeaf(ParentRunner.java:325)
	at org.junit.runners.BlockJUnit4ClassRunner.runChild(BlockJUnit4ClassRunner.java:78)
	at org.junit.runners.BlockJUnit4ClassRunner.runChild(BlockJUnit4ClassRunner.java:57)
	at org.junit.runners.ParentRunner$3.run(ParentRunner.java:290)
	at org.junit.runners.ParentRunner$1.schedule(ParentRunner.java:71)
	at org.junit.runners.ParentRunner.runChildren(ParentRunner.java:288)
	at org.junit.runners.ParentRunner.access$000(ParentRunner.java:58)
	at org.junit.runners.ParentRunner$2.evaluate(ParentRunner.java:268)
	at org.junit.runners.ParentRunner.run(ParentRunner.java:363)
	at org.apache.maven.surefire.junit4.JUnit4Provider.execute(JUnit4Provider.java:252)
	at org.apache.maven.surefire.junit4.JUnit4Provider.executeTestSet(JUnit4Provider.java:141)
	at org.apache.maven.surefire.junit4.JUnit4Provider.invoke(JUnit4Provider.java:112)
	at sun.reflect.NativeMethodAccessorImpl.invoke0(Native Method)
	at sun.reflect.NativeMethodAccessorImpl.invoke(NativeMethodAccessorImpl.java:62)
	at sun.reflect.DelegatingMethodAccessorImpl.invoke(DelegatingMethodAccessorImpl.java:43)
	at java.lang.reflect.Method.invoke(Method.java:498)
	at org.apache.maven.surefire.util.ReflectionUtils.invokeMethodWithArray(ReflectionUtils.java:189)
	at org.apache.maven.surefire.booter.ProviderFactory$ProviderProxy.invoke(ProviderFactory.java:165)
	at org.apache.maven.surefire.booter.ProviderFactory.invokeProvider(ProviderFactory.java:85)
	at org.apache.maven.surefire.booter.ForkedBooter.runSuitesInProcess(ForkedBooter.java:115)
	at org.apache.maven.surefire.booter.ForkedBooter.main(ForkedBooter.java:75)
Caused by: java.util.concurrent.ExecutionException: javax.ws.rs.ProcessingException: java.io.IOException: No such file or directory
	at jersey.repackaged.com.google.common.util.concurrent.AbstractFuture$Sync.getValue(AbstractFuture.java:299)
	at jersey.repackaged.com.google.common.util.concurrent.AbstractFuture$Sync.get(AbstractFuture.java:286)
	at jersey.repackaged.com.google.common.util.concurrent.AbstractFuture.get(AbstractFuture.java:116)
	at com.spotify.docker.client.DefaultDockerClient.request(DefaultDockerClient.java:2674)
	... 34 more
Caused by: javax.ws.rs.ProcessingException: java.io.IOException: No such file or directory
	at org.glassfish.jersey.apache.connector.ApacheConnector.apply(ApacheConnector.java:481)
	at org.glassfish.jersey.apache.connector.ApacheConnector$1.run(ApacheConnector.java:491)
	at java.util.concurrent.Executors$RunnableAdapter.call(Executors.java:511)
	at java.util.concurrent.FutureTask.run(FutureTask.java:266)
	at jersey.repackaged.com.google.common.util.concurrent.MoreExecutors$DirectExecutorService.execute(MoreExecutors.java:299)
	at java.util.concurrent.AbstractExecutorService.submit(AbstractExecutorService.java:112)
	at jersey.repackaged.com.google.common.util.concurrent.AbstractListeningExecutorService.submit(AbstractListeningExecutorService.java:50)
	at jersey.repackaged.com.google.common.util.concurrent.AbstractListeningExecutorService.submit(AbstractListeningExecutorService.java:37)
	at org.glassfish.jersey.apache.connector.ApacheConnector.apply(ApacheConnector.java:487)
	at org.glassfish.jersey.client.ClientRuntime$2.run(ClientRuntime.java:178)
	at org.glassfish.jersey.internal.Errors$1.call(Errors.java:271)
	at org.glassfish.jersey.internal.Errors$1.call(Errors.java:267)
	at org.glassfish.jersey.internal.Errors.process(Errors.java:315)
	at org.glassfish.jersey.internal.Errors.process(Errors.java:297)
	at org.glassfish.jersey.internal.Errors.process(Errors.java:267)
	at org.glassfish.jersey.process.internal.RequestScope.runInScope(RequestScope.java:340)
	at org.glassfish.jersey.client.ClientRuntime$3.run(ClientRuntime.java:210)
	at java.util.concurrent.Executors$RunnableAdapter.call(Executors.java:511)
	at java.util.concurrent.FutureTask.run(FutureTask.java:266)
	at java.util.concurrent.ThreadPoolExecutor.runWorker(ThreadPoolExecutor.java:1142)
	at java.util.concurrent.ThreadPoolExecutor$Worker.run(ThreadPoolExecutor.java:617)
	at java.lang.Thread.run(Thread.java:745)
Caused by: java.io.IOException: No such file or directory
	at jnr.unixsocket.UnixSocketChannel.doConnect(UnixSocketChannel.java:127)
	at jnr.unixsocket.UnixSocketChannel.connect(UnixSocketChannel.java:136)
	at jnr.unixsocket.UnixSocketChannel.connect(UnixSocketChannel.java:223)
	at com.spotify.docker.client.UnixConnectionSocketFactory.connectSocket(UnixConnectionSocketFactory.java:85)
	at org.apache.http.impl.conn.DefaultHttpClientConnectionOperator.connect(DefaultHttpClientConnectionOperator.java:134)
	at org.apache.http.impl.conn.PoolingHttpClientConnectionManager.connect(PoolingHttpClientConnectionManager.java:353)
	at org.apache.http.impl.execchain.MainClientExec.establishRoute(MainClientExec.java:380)
	at org.apache.http.impl.execchain.MainClientExec.execute(MainClientExec.java:236)
	at org.apache.http.impl.execchain.ProtocolExec.execute(ProtocolExec.java:184)
	at org.apache.http.impl.execchain.RetryExec.execute(RetryExec.java:88)
	at org.apache.http.impl.execchain.RedirectExec.execute(RedirectExec.java:110)
	at org.apache.http.impl.client.InternalHttpClient.doExecute(InternalHttpClient.java:184)
	at org.apache.http.impl.client.CloseableHttpClient.execute(CloseableHttpClient.java:71)
	at org.glassfish.jersey.apache.connector.ApacheConnector.apply(ApacheConnector.java:435)
	... 21 more
</error>
    <system-err>Jun 02, 2018 7:44:39 AM org.apache.http.impl.execchain.RetryExec execute
INFO: I/O exception (java.io.IOException) caught when processing request to {}-&gt;unix://localhost:80: No such file or directory
Jun 02, 2018 7:44:39 AM org.apache.http.impl.execchain.RetryExec execute
INFO: Retrying request to {}-&gt;unix://localhost:80
Jun 02, 2018 7:44:39 AM org.apache.http.impl.execchain.RetryExec execute
INFO: I/O exception (java.io.IOException) caught when processing request to {}-&gt;unix://localhost:80: No such file or directory
Jun 02, 2018 7:44:39 AM org.apache.http.impl.execchain.RetryExec execute
INFO: Retrying request to {}-&gt;unix://localhost:80
Jun 02, 2018 7:44:39 AM org.apache.http.impl.execchain.RetryExec execute
INFO: I/O exception (java.io.IOException) caught when processing request to {}-&gt;unix://localhost:80: No such file or directory
Jun 02, 2018 7:44:39 AM org.apache.http.impl.execchain.RetryExec execute
INFO: Retrying request to {}-&gt;unix://localhost:80
</system-err>
  </testcase>
  <testcase classname="com.spotify.docker.client.DefaultDockerClientTest" name="testPullBadImage" time="0.027">
    <error type="java.lang.NullPointerException">java.lang.NullPointerException
	at com.spotify.docker.client.VersionCompare.compareVersion(VersionCompare.java:45)
	at com.spotify.docker.client.DefaultDockerClientTest.dockerApiVersionAtLeast(DefaultDockerClientTest.java:404)
	at com.spotify.docker.client.DefaultDockerClientTest.tearDown(DefaultDockerClientTest.java:356)
	at sun.reflect.GeneratedMethodAccessor11.invoke(Unknown Source)
	at sun.reflect.DelegatingMethodAccessorImpl.invoke(DelegatingMethodAccessorImpl.java:43)
	at java.lang.reflect.Method.invoke(Method.java:498)
	at org.junit.runners.model.FrameworkMethod$1.runReflectiveCall(FrameworkMethod.java:50)
	at org.junit.internal.runners.model.ReflectiveCallable.run(ReflectiveCallable.java:12)
	at org.junit.runners.model.FrameworkMethod.invokeExplosively(FrameworkMethod.java:47)
	at org.junit.internal.runners.statements.RunAfters.evaluate(RunAfters.java:33)
	at org.junit.rules.ExpectedException$ExpectedExceptionStatement.evaluate(ExpectedException.java:239)
	at org.junit.rules.TestWatcher$1.evaluate(TestWatcher.java:55)
	at org.junit.rules.RunRules.evaluate(RunRules.java:20)
	at org.junit.runners.ParentRunner.runLeaf(ParentRunner.java:325)
	at org.junit.runners.BlockJUnit4ClassRunner.runChild(BlockJUnit4ClassRunner.java:78)
	at org.junit.runners.BlockJUnit4ClassRunner.runChild(BlockJUnit4ClassRunner.java:57)
	at org.junit.runners.ParentRunner$3.run(ParentRunner.java:290)
	at org.junit.runners.ParentRunner$1.schedule(ParentRunner.java:71)
	at org.junit.runners.ParentRunner.runChildren(ParentRunner.java:288)
	at org.junit.runners.ParentRunner.access$000(ParentRunner.java:58)
	at org.junit.runners.ParentRunner$2.evaluate(ParentRunner.java:268)
	at org.junit.runners.ParentRunner.run(ParentRunner.java:363)
	at org.apache.maven.surefire.junit4.JUnit4Provider.execute(JUnit4Provider.java:252)
	at org.apache.maven.surefire.junit4.JUnit4Provider.executeTestSet(JUnit4Provider.java:141)
	at org.apache.maven.surefire.junit4.JUnit4Provider.invoke(JUnit4Provider.java:112)
	at sun.reflect.NativeMethodAccessorImpl.invoke0(Native Method)
	at sun.reflect.NativeMethodAccessorImpl.invoke(NativeMethodAccessorImpl.java:62)
	at sun.reflect.DelegatingMethodAccessorImpl.invoke(DelegatingMethodAccessorImpl.java:43)
	at java.lang.reflect.Method.invoke(Method.java:498)
	at org.apache.maven.surefire.util.ReflectionUtils.invokeMethodWithArray(ReflectionUtils.java:189)
	at org.apache.maven.surefire.booter.ProviderFactory$ProviderProxy.invoke(ProviderFactory.java:165)
	at org.apache.maven.surefire.booter.ProviderFactory.invokeProvider(ProviderFactory.java:85)
	at org.apache.maven.surefire.booter.ForkedBooter.runSuitesInProcess(ForkedBooter.java:115)
	at org.apache.maven.surefire.booter.ForkedBooter.main(ForkedBooter.java:75)
</error>
  </testcase>
  <testcase classname="com.spotify.docker.client.DefaultDockerClientTest" name="testFailedPushDoesNotLeakConn" time="0.025">
    <error message="java.util.concurrent.ExecutionException: javax.ws.rs.ProcessingException: java.io.IOException: No such file or directory" type="com.spotify.docker.client.exceptions.DockerException">com.spotify.docker.client.exceptions.DockerException: java.util.concurrent.ExecutionException: javax.ws.rs.ProcessingException: java.io.IOException: No such file or directory
	at com.spotify.docker.client.DefaultDockerClient.propagate(DefaultDockerClient.java:2812)
	at com.spotify.docker.client.DefaultDockerClient.request(DefaultDockerClient.java:2676)
	at com.spotify.docker.client.DefaultDockerClient.version(DefaultDockerClient.java:572)
	at com.spotify.docker.client.DefaultDockerClientTest.setup(DefaultDockerClientTest.java:349)
	at sun.reflect.GeneratedMethodAccessor10.invoke(Unknown Source)
	at sun.reflect.DelegatingMethodAccessorImpl.invoke(DelegatingMethodAccessorImpl.java:43)
	at java.lang.reflect.Method.invoke(Method.java:498)
	at org.junit.runners.model.FrameworkMethod$1.runReflectiveCall(FrameworkMethod.java:50)
	at org.junit.internal.runners.model.ReflectiveCallable.run(ReflectiveCallable.java:12)
	at org.junit.runners.model.FrameworkMethod.invokeExplosively(FrameworkMethod.java:47)
	at org.junit.internal.runners.statements.RunBefores.evaluate(RunBefores.java:24)
	at org.junit.internal.runners.statements.RunAfters.evaluate(RunAfters.java:27)
	at org.junit.rules.ExpectedException$ExpectedExceptionStatement.evaluate(ExpectedException.java:239)
	at org.junit.rules.TestWatcher$1.evaluate(TestWatcher.java:55)
	at org.junit.rules.RunRules.evaluate(RunRules.java:20)
	at org.junit.runners.ParentRunner.runLeaf(ParentRunner.java:325)
	at org.junit.runners.BlockJUnit4ClassRunner.runChild(BlockJUnit4ClassRunner.java:78)
	at org.junit.runners.BlockJUnit4ClassRunner.runChild(BlockJUnit4ClassRunner.java:57)
	at org.junit.runners.ParentRunner$3.run(ParentRunner.java:290)
	at org.junit.runners.ParentRunner$1.schedule(ParentRunner.java:71)
	at org.junit.runners.ParentRunner.runChildren(ParentRunner.java:288)
	at org.junit.runners.ParentRunner.access$000(ParentRunner.java:58)
	at org.junit.runners.ParentRunner$2.evaluate(ParentRunner.java:268)
	at org.junit.runners.ParentRunner.run(ParentRunner.java:363)
	at org.apache.maven.surefire.junit4.JUnit4Provider.execute(JUnit4Provider.java:252)
	at org.apache.maven.surefire.junit4.JUnit4Provider.executeTestSet(JUnit4Provider.java:141)
	at org.apache.maven.surefire.junit4.JUnit4Provider.invoke(JUnit4Provider.java:112)
	at sun.reflect.NativeMethodAccessorImpl.invoke0(Native Method)
	at sun.reflect.NativeMethodAccessorImpl.invoke(NativeMethodAccessorImpl.java:62)
	at sun.reflect.DelegatingMethodAccessorImpl.invoke(DelegatingMethodAccessorImpl.java:43)
	at java.lang.reflect.Method.invoke(Method.java:498)
	at org.apache.maven.surefire.util.ReflectionUtils.invokeMethodWithArray(ReflectionUtils.java:189)
	at org.apache.maven.surefire.booter.ProviderFactory$ProviderProxy.invoke(ProviderFactory.java:165)
	at org.apache.maven.surefire.booter.ProviderFactory.invokeProvider(ProviderFactory.java:85)
	at org.apache.maven.surefire.booter.ForkedBooter.runSuitesInProcess(ForkedBooter.java:115)
	at org.apache.maven.surefire.booter.ForkedBooter.main(ForkedBooter.java:75)
Caused by: java.util.concurrent.ExecutionException: javax.ws.rs.ProcessingException: java.io.IOException: No such file or directory
	at jersey.repackaged.com.google.common.util.concurrent.AbstractFuture$Sync.getValue(AbstractFuture.java:299)
	at jersey.repackaged.com.google.common.util.concurrent.AbstractFuture$Sync.get(AbstractFuture.java:286)
	at jersey.repackaged.com.google.common.util.concurrent.AbstractFuture.get(AbstractFuture.java:116)
	at com.spotify.docker.client.DefaultDockerClient.request(DefaultDockerClient.java:2674)
	... 34 more
Caused by: javax.ws.rs.ProcessingException: java.io.IOException: No such file or directory
	at org.glassfish.jersey.apache.connector.ApacheConnector.apply(ApacheConnector.java:481)
	at org.glassfish.jersey.apache.connector.ApacheConnector$1.run(ApacheConnector.java:491)
	at java.util.concurrent.Executors$RunnableAdapter.call(Executors.java:511)
	at java.util.concurrent.FutureTask.run(FutureTask.java:266)
	at jersey.repackaged.com.google.common.util.concurrent.MoreExecutors$DirectExecutorService.execute(MoreExecutors.java:299)
	at java.util.concurrent.AbstractExecutorService.submit(AbstractExecutorService.java:112)
	at jersey.repackaged.com.google.common.util.concurrent.AbstractListeningExecutorService.submit(AbstractListeningExecutorService.java:50)
	at jersey.repackaged.com.google.common.util.concurrent.AbstractListeningExecutorService.submit(AbstractListeningExecutorService.java:37)
	at org.glassfish.jersey.apache.connector.ApacheConnector.apply(ApacheConnector.java:487)
	at org.glassfish.jersey.client.ClientRuntime$2.run(ClientRuntime.java:178)
	at org.glassfish.jersey.internal.Errors$1.call(Errors.java:271)
	at org.glassfish.jersey.internal.Errors$1.call(Errors.java:267)
	at org.glassfish.jersey.internal.Errors.process(Errors.java:315)
	at org.glassfish.jersey.internal.Errors.process(Errors.java:297)
	at org.glassfish.jersey.internal.Errors.process(Errors.java:267)
	at org.glassfish.jersey.process.internal.RequestScope.runInScope(RequestScope.java:340)
	at org.glassfish.jersey.client.ClientRuntime$3.run(ClientRuntime.java:210)
	at java.util.concurrent.Executors$RunnableAdapter.call(Executors.java:511)
	at java.util.concurrent.FutureTask.run(FutureTask.java:266)
	at java.util.concurrent.ThreadPoolExecutor.runWorker(ThreadPoolExecutor.java:1142)
	at java.util.concurrent.ThreadPoolExecutor$Worker.run(ThreadPoolExecutor.java:617)
	at java.lang.Thread.run(Thread.java:745)
Caused by: java.io.IOException: No such file or directory
	at jnr.unixsocket.UnixSocketChannel.doConnect(UnixSocketChannel.java:127)
	at jnr.unixsocket.UnixSocketChannel.connect(UnixSocketChannel.java:136)
	at jnr.unixsocket.UnixSocketChannel.connect(UnixSocketChannel.java:223)
	at com.spotify.docker.client.UnixConnectionSocketFactory.connectSocket(UnixConnectionSocketFactory.java:85)
	at org.apache.http.impl.conn.DefaultHttpClientConnectionOperator.connect(DefaultHttpClientConnectionOperator.java:134)
	at org.apache.http.impl.conn.PoolingHttpClientConnectionManager.connect(PoolingHttpClientConnectionManager.java:353)
	at org.apache.http.impl.execchain.MainClientExec.establishRoute(MainClientExec.java:380)
	at org.apache.http.impl.execchain.MainClientExec.execute(MainClientExec.java:236)
	at org.apache.http.impl.execchain.ProtocolExec.execute(ProtocolExec.java:184)
	at org.apache.http.impl.execchain.RetryExec.execute(RetryExec.java:88)
	at org.apache.http.impl.execchain.RedirectExec.execute(RedirectExec.java:110)
	at org.apache.http.impl.client.InternalHttpClient.doExecute(InternalHttpClient.java:184)
	at org.apache.http.impl.client.CloseableHttpClient.execute(CloseableHttpClient.java:71)
	at org.glassfish.jersey.apache.connector.ApacheConnector.apply(ApacheConnector.java:435)
	... 21 more
</error>
    <system-err>Jun 02, 2018 7:44:39 AM org.apache.http.impl.execchain.RetryExec execute
INFO: I/O exception (java.io.IOException) caught when processing request to {}-&gt;unix://localhost:80: No such file or directory
Jun 02, 2018 7:44:39 AM org.apache.http.impl.execchain.RetryExec execute
INFO: Retrying request to {}-&gt;unix://localhost:80
Jun 02, 2018 7:44:39 AM org.apache.http.impl.execchain.RetryExec execute
INFO: I/O exception (java.io.IOException) caught when processing request to {}-&gt;unix://localhost:80: No such file or directory
Jun 02, 2018 7:44:39 AM org.apache.http.impl.execchain.RetryExec execute
INFO: Retrying request to {}-&gt;unix://localhost:80
Jun 02, 2018 7:44:39 AM org.apache.http.impl.execchain.RetryExec execute
INFO: I/O exception (java.io.IOException) caught when processing request to {}-&gt;unix://localhost:80: No such file or directory
Jun 02, 2018 7:44:39 AM org.apache.http.impl.execchain.RetryExec execute
INFO: Retrying request to {}-&gt;unix://localhost:80
</system-err>
  </testcase>
  <testcase classname="com.spotify.docker.client.DefaultDockerClientTest" name="testFailedPushDoesNotLeakConn" time="0.025">
    <error type="java.lang.NullPointerException">java.lang.NullPointerException
	at com.spotify.docker.client.VersionCompare.compareVersion(VersionCompare.java:45)
	at com.spotify.docker.client.DefaultDockerClientTest.dockerApiVersionAtLeast(DefaultDockerClientTest.java:404)
	at com.spotify.docker.client.DefaultDockerClientTest.tearDown(DefaultDockerClientTest.java:356)
	at sun.reflect.GeneratedMethodAccessor11.invoke(Unknown Source)
	at sun.reflect.DelegatingMethodAccessorImpl.invoke(DelegatingMethodAccessorImpl.java:43)
	at java.lang.reflect.Method.invoke(Method.java:498)
	at org.junit.runners.model.FrameworkMethod$1.runReflectiveCall(FrameworkMethod.java:50)
	at org.junit.internal.runners.model.ReflectiveCallable.run(ReflectiveCallable.java:12)
	at org.junit.runners.model.FrameworkMethod.invokeExplosively(FrameworkMethod.java:47)
	at org.junit.internal.runners.statements.RunAfters.evaluate(RunAfters.java:33)
	at org.junit.rules.ExpectedException$ExpectedExceptionStatement.evaluate(ExpectedException.java:239)
	at org.junit.rules.TestWatcher$1.evaluate(TestWatcher.java:55)
	at org.junit.rules.RunRules.evaluate(RunRules.java:20)
	at org.junit.runners.ParentRunner.runLeaf(ParentRunner.java:325)
	at org.junit.runners.BlockJUnit4ClassRunner.runChild(BlockJUnit4ClassRunner.java:78)
	at org.junit.runners.BlockJUnit4ClassRunner.runChild(BlockJUnit4ClassRunner.java:57)
	at org.junit.runners.ParentRunner$3.run(ParentRunner.java:290)
	at org.junit.runners.ParentRunner$1.schedule(ParentRunner.java:71)
	at org.junit.runners.ParentRunner.runChildren(ParentRunner.java:288)
	at org.junit.runners.ParentRunner.access$000(ParentRunner.java:58)
	at org.junit.runners.ParentRunner$2.evaluate(ParentRunner.java:268)
	at org.junit.runners.ParentRunner.run(ParentRunner.java:363)
	at org.apache.maven.surefire.junit4.JUnit4Provider.execute(JUnit4Provider.java:252)
	at org.apache.maven.surefire.junit4.JUnit4Provider.executeTestSet(JUnit4Provider.java:141)
	at org.apache.maven.surefire.junit4.JUnit4Provider.invoke(JUnit4Provider.java:112)
	at sun.reflect.NativeMethodAccessorImpl.invoke0(Native Method)
	at sun.reflect.NativeMethodAccessorImpl.invoke(NativeMethodAccessorImpl.java:62)
	at sun.reflect.DelegatingMethodAccessorImpl.invoke(DelegatingMethodAccessorImpl.java:43)
	at java.lang.reflect.Method.invoke(Method.java:498)
	at org.apache.maven.surefire.util.ReflectionUtils.invokeMethodWithArray(ReflectionUtils.java:189)
	at org.apache.maven.surefire.booter.ProviderFactory$ProviderProxy.invoke(ProviderFactory.java:165)
	at org.apache.maven.surefire.booter.ProviderFactory.invokeProvider(ProviderFactory.java:85)
	at org.apache.maven.surefire.booter.ForkedBooter.runSuitesInProcess(ForkedBooter.java:115)
	at org.apache.maven.surefire.booter.ForkedBooter.main(ForkedBooter.java:75)
</error>
  </testcase>
  <testcase classname="com.spotify.docker.client.DefaultDockerClientTest" name="testRemoveImage" time="0.026">
    <error message="java.util.concurrent.ExecutionException: javax.ws.rs.ProcessingException: java.io.IOException: No such file or directory" type="com.spotify.docker.client.exceptions.DockerException">com.spotify.docker.client.exceptions.DockerException: java.util.concurrent.ExecutionException: javax.ws.rs.ProcessingException: java.io.IOException: No such file or directory
	at com.spotify.docker.client.DefaultDockerClient.propagate(DefaultDockerClient.java:2812)
	at com.spotify.docker.client.DefaultDockerClient.request(DefaultDockerClient.java:2676)
	at com.spotify.docker.client.DefaultDockerClient.version(DefaultDockerClient.java:572)
	at com.spotify.docker.client.DefaultDockerClientTest.setup(DefaultDockerClientTest.java:349)
	at sun.reflect.GeneratedMethodAccessor10.invoke(Unknown Source)
	at sun.reflect.DelegatingMethodAccessorImpl.invoke(DelegatingMethodAccessorImpl.java:43)
	at java.lang.reflect.Method.invoke(Method.java:498)
	at org.junit.runners.model.FrameworkMethod$1.runReflectiveCall(FrameworkMethod.java:50)
	at org.junit.internal.runners.model.ReflectiveCallable.run(ReflectiveCallable.java:12)
	at org.junit.runners.model.FrameworkMethod.invokeExplosively(FrameworkMethod.java:47)
	at org.junit.internal.runners.statements.RunBefores.evaluate(RunBefores.java:24)
	at org.junit.internal.runners.statements.RunAfters.evaluate(RunAfters.java:27)
	at org.junit.rules.ExpectedException$ExpectedExceptionStatement.evaluate(ExpectedException.java:239)
	at org.junit.rules.TestWatcher$1.evaluate(TestWatcher.java:55)
	at org.junit.rules.RunRules.evaluate(RunRules.java:20)
	at org.junit.runners.ParentRunner.runLeaf(ParentRunner.java:325)
	at org.junit.runners.BlockJUnit4ClassRunner.runChild(BlockJUnit4ClassRunner.java:78)
	at org.junit.runners.BlockJUnit4ClassRunner.runChild(BlockJUnit4ClassRunner.java:57)
	at org.junit.runners.ParentRunner$3.run(ParentRunner.java:290)
	at org.junit.runners.ParentRunner$1.schedule(ParentRunner.java:71)
	at org.junit.runners.ParentRunner.runChildren(ParentRunner.java:288)
	at org.junit.runners.ParentRunner.access$000(ParentRunner.java:58)
	at org.junit.runners.ParentRunner$2.evaluate(ParentRunner.java:268)
	at org.junit.runners.ParentRunner.run(ParentRunner.java:363)
	at org.apache.maven.surefire.junit4.JUnit4Provider.execute(JUnit4Provider.java:252)
	at org.apache.maven.surefire.junit4.JUnit4Provider.executeTestSet(JUnit4Provider.java:141)
	at org.apache.maven.surefire.junit4.JUnit4Provider.invoke(JUnit4Provider.java:112)
	at sun.reflect.NativeMethodAccessorImpl.invoke0(Native Method)
	at sun.reflect.NativeMethodAccessorImpl.invoke(NativeMethodAccessorImpl.java:62)
	at sun.reflect.DelegatingMethodAccessorImpl.invoke(DelegatingMethodAccessorImpl.java:43)
	at java.lang.reflect.Method.invoke(Method.java:498)
	at org.apache.maven.surefire.util.ReflectionUtils.invokeMethodWithArray(ReflectionUtils.java:189)
	at org.apache.maven.surefire.booter.ProviderFactory$ProviderProxy.invoke(ProviderFactory.java:165)
	at org.apache.maven.surefire.booter.ProviderFactory.invokeProvider(ProviderFactory.java:85)
	at org.apache.maven.surefire.booter.ForkedBooter.runSuitesInProcess(ForkedBooter.java:115)
	at org.apache.maven.surefire.booter.ForkedBooter.main(ForkedBooter.java:75)
Caused by: java.util.concurrent.ExecutionException: javax.ws.rs.ProcessingException: java.io.IOException: No such file or directory
	at jersey.repackaged.com.google.common.util.concurrent.AbstractFuture$Sync.getValue(AbstractFuture.java:299)
	at jersey.repackaged.com.google.common.util.concurrent.AbstractFuture$Sync.get(AbstractFuture.java:286)
	at jersey.repackaged.com.google.common.util.concurrent.AbstractFuture.get(AbstractFuture.java:116)
	at com.spotify.docker.client.DefaultDockerClient.request(DefaultDockerClient.java:2674)
	... 34 more
Caused by: javax.ws.rs.ProcessingException: java.io.IOException: No such file or directory
	at org.glassfish.jersey.apache.connector.ApacheConnector.apply(ApacheConnector.java:481)
	at org.glassfish.jersey.apache.connector.ApacheConnector$1.run(ApacheConnector.java:491)
	at java.util.concurrent.Executors$RunnableAdapter.call(Executors.java:511)
	at java.util.concurrent.FutureTask.run(FutureTask.java:266)
	at jersey.repackaged.com.google.common.util.concurrent.MoreExecutors$DirectExecutorService.execute(MoreExecutors.java:299)
	at java.util.concurrent.AbstractExecutorService.submit(AbstractExecutorService.java:112)
	at jersey.repackaged.com.google.common.util.concurrent.AbstractListeningExecutorService.submit(AbstractListeningExecutorService.java:50)
	at jersey.repackaged.com.google.common.util.concurrent.AbstractListeningExecutorService.submit(AbstractListeningExecutorService.java:37)
	at org.glassfish.jersey.apache.connector.ApacheConnector.apply(ApacheConnector.java:487)
	at org.glassfish.jersey.client.ClientRuntime$2.run(ClientRuntime.java:178)
	at org.glassfish.jersey.internal.Errors$1.call(Errors.java:271)
	at org.glassfish.jersey.internal.Errors$1.call(Errors.java:267)
	at org.glassfish.jersey.internal.Errors.process(Errors.java:315)
	at org.glassfish.jersey.internal.Errors.process(Errors.java:297)
	at org.glassfish.jersey.internal.Errors.process(Errors.java:267)
	at org.glassfish.jersey.process.internal.RequestScope.runInScope(RequestScope.java:340)
	at org.glassfish.jersey.client.ClientRuntime$3.run(ClientRuntime.java:210)
	at java.util.concurrent.Executors$RunnableAdapter.call(Executors.java:511)
	at java.util.concurrent.FutureTask.run(FutureTask.java:266)
	at java.util.concurrent.ThreadPoolExecutor.runWorker(ThreadPoolExecutor.java:1142)
	at java.util.concurrent.ThreadPoolExecutor$Worker.run(ThreadPoolExecutor.java:617)
	at java.lang.Thread.run(Thread.java:745)
Caused by: java.io.IOException: No such file or directory
	at jnr.unixsocket.UnixSocketChannel.doConnect(UnixSocketChannel.java:127)
	at jnr.unixsocket.UnixSocketChannel.connect(UnixSocketChannel.java:136)
	at jnr.unixsocket.UnixSocketChannel.connect(UnixSocketChannel.java:223)
	at com.spotify.docker.client.UnixConnectionSocketFactory.connectSocket(UnixConnectionSocketFactory.java:85)
	at org.apache.http.impl.conn.DefaultHttpClientConnectionOperator.connect(DefaultHttpClientConnectionOperator.java:134)
	at org.apache.http.impl.conn.PoolingHttpClientConnectionManager.connect(PoolingHttpClientConnectionManager.java:353)
	at org.apache.http.impl.execchain.MainClientExec.establishRoute(MainClientExec.java:380)
	at org.apache.http.impl.execchain.MainClientExec.execute(MainClientExec.java:236)
	at org.apache.http.impl.execchain.ProtocolExec.execute(ProtocolExec.java:184)
	at org.apache.http.impl.execchain.RetryExec.execute(RetryExec.java:88)
	at org.apache.http.impl.execchain.RedirectExec.execute(RedirectExec.java:110)
	at org.apache.http.impl.client.InternalHttpClient.doExecute(InternalHttpClient.java:184)
	at org.apache.http.impl.client.CloseableHttpClient.execute(CloseableHttpClient.java:71)
	at org.glassfish.jersey.apache.connector.ApacheConnector.apply(ApacheConnector.java:435)
	... 21 more
</error>
    <system-err>Jun 02, 2018 7:44:39 AM org.apache.http.impl.execchain.RetryExec execute
INFO: I/O exception (java.io.IOException) caught when processing request to {}-&gt;unix://localhost:80: No such file or directory
Jun 02, 2018 7:44:39 AM org.apache.http.impl.execchain.RetryExec execute
INFO: Retrying request to {}-&gt;unix://localhost:80
Jun 02, 2018 7:44:39 AM org.apache.http.impl.execchain.RetryExec execute
INFO: I/O exception (java.io.IOException) caught when processing request to {}-&gt;unix://localhost:80: No such file or directory
Jun 02, 2018 7:44:39 AM org.apache.http.impl.execchain.RetryExec execute
INFO: Retrying request to {}-&gt;unix://localhost:80
Jun 02, 2018 7:44:39 AM org.apache.http.impl.execchain.RetryExec execute
INFO: I/O exception (java.io.IOException) caught when processing request to {}-&gt;unix://localhost:80: No such file or directory
Jun 02, 2018 7:44:39 AM org.apache.http.impl.execchain.RetryExec execute
INFO: Retrying request to {}-&gt;unix://localhost:80
</system-err>
  </testcase>
  <testcase classname="com.spotify.docker.client.DefaultDockerClientTest" name="testRemoveImage" time="0.026">
    <error type="java.lang.NullPointerException">java.lang.NullPointerException
	at com.spotify.docker.client.VersionCompare.compareVersion(VersionCompare.java:45)
	at com.spotify.docker.client.DefaultDockerClientTest.dockerApiVersionAtLeast(DefaultDockerClientTest.java:404)
	at com.spotify.docker.client.DefaultDockerClientTest.tearDown(DefaultDockerClientTest.java:356)
	at sun.reflect.GeneratedMethodAccessor11.invoke(Unknown Source)
	at sun.reflect.DelegatingMethodAccessorImpl.invoke(DelegatingMethodAccessorImpl.java:43)
	at java.lang.reflect.Method.invoke(Method.java:498)
	at org.junit.runners.model.FrameworkMethod$1.runReflectiveCall(FrameworkMethod.java:50)
	at org.junit.internal.runners.model.ReflectiveCallable.run(ReflectiveCallable.java:12)
	at org.junit.runners.model.FrameworkMethod.invokeExplosively(FrameworkMethod.java:47)
	at org.junit.internal.runners.statements.RunAfters.evaluate(RunAfters.java:33)
	at org.junit.rules.ExpectedException$ExpectedExceptionStatement.evaluate(ExpectedException.java:239)
	at org.junit.rules.TestWatcher$1.evaluate(TestWatcher.java:55)
	at org.junit.rules.RunRules.evaluate(RunRules.java:20)
	at org.junit.runners.ParentRunner.runLeaf(ParentRunner.java:325)
	at org.junit.runners.BlockJUnit4ClassRunner.runChild(BlockJUnit4ClassRunner.java:78)
	at org.junit.runners.BlockJUnit4ClassRunner.runChild(BlockJUnit4ClassRunner.java:57)
	at org.junit.runners.ParentRunner$3.run(ParentRunner.java:290)
	at org.junit.runners.ParentRunner$1.schedule(ParentRunner.java:71)
	at org.junit.runners.ParentRunner.runChildren(ParentRunner.java:288)
	at org.junit.runners.ParentRunner.access$000(ParentRunner.java:58)
	at org.junit.runners.ParentRunner$2.evaluate(ParentRunner.java:268)
	at org.junit.runners.ParentRunner.run(ParentRunner.java:363)
	at org.apache.maven.surefire.junit4.JUnit4Provider.execute(JUnit4Provider.java:252)
	at org.apache.maven.surefire.junit4.JUnit4Provider.executeTestSet(JUnit4Provider.java:141)
	at org.apache.maven.surefire.junit4.JUnit4Provider.invoke(JUnit4Provider.java:112)
	at sun.reflect.NativeMethodAccessorImpl.invoke0(Native Method)
	at sun.reflect.NativeMethodAccessorImpl.invoke(NativeMethodAccessorImpl.java:62)
	at sun.reflect.DelegatingMethodAccessorImpl.invoke(DelegatingMethodAccessorImpl.java:43)
	at java.lang.reflect.Method.invoke(Method.java:498)
	at org.apache.maven.surefire.util.ReflectionUtils.invokeMethodWithArray(ReflectionUtils.java:189)
	at org.apache.maven.surefire.booter.ProviderFactory$ProviderProxy.invoke(ProviderFactory.java:165)
	at org.apache.maven.surefire.booter.ProviderFactory.invokeProvider(ProviderFactory.java:85)
	at org.apache.maven.surefire.booter.ForkedBooter.runSuitesInProcess(ForkedBooter.java:115)
	at org.apache.maven.surefire.booter.ForkedBooter.main(ForkedBooter.java:75)
</error>
  </testcase>
  <testcase classname="com.spotify.docker.client.DefaultDockerClientTest" name="testCopyToContainer" time="0.025">
    <error message="java.util.concurrent.ExecutionException: javax.ws.rs.ProcessingException: java.io.IOException: No such file or directory" type="com.spotify.docker.client.exceptions.DockerException">com.spotify.docker.client.exceptions.DockerException: java.util.concurrent.ExecutionException: javax.ws.rs.ProcessingException: java.io.IOException: No such file or directory
	at com.spotify.docker.client.DefaultDockerClient.propagate(DefaultDockerClient.java:2812)
	at com.spotify.docker.client.DefaultDockerClient.request(DefaultDockerClient.java:2676)
	at com.spotify.docker.client.DefaultDockerClient.version(DefaultDockerClient.java:572)
	at com.spotify.docker.client.DefaultDockerClientTest.setup(DefaultDockerClientTest.java:349)
	at sun.reflect.GeneratedMethodAccessor10.invoke(Unknown Source)
	at sun.reflect.DelegatingMethodAccessorImpl.invoke(DelegatingMethodAccessorImpl.java:43)
	at java.lang.reflect.Method.invoke(Method.java:498)
	at org.junit.runners.model.FrameworkMethod$1.runReflectiveCall(FrameworkMethod.java:50)
	at org.junit.internal.runners.model.ReflectiveCallable.run(ReflectiveCallable.java:12)
	at org.junit.runners.model.FrameworkMethod.invokeExplosively(FrameworkMethod.java:47)
	at org.junit.internal.runners.statements.RunBefores.evaluate(RunBefores.java:24)
	at org.junit.internal.runners.statements.RunAfters.evaluate(RunAfters.java:27)
	at org.junit.rules.ExpectedException$ExpectedExceptionStatement.evaluate(ExpectedException.java:239)
	at org.junit.rules.TestWatcher$1.evaluate(TestWatcher.java:55)
	at org.junit.rules.RunRules.evaluate(RunRules.java:20)
	at org.junit.runners.ParentRunner.runLeaf(ParentRunner.java:325)
	at org.junit.runners.BlockJUnit4ClassRunner.runChild(BlockJUnit4ClassRunner.java:78)
	at org.junit.runners.BlockJUnit4ClassRunner.runChild(BlockJUnit4ClassRunner.java:57)
	at org.junit.runners.ParentRunner$3.run(ParentRunner.java:290)
	at org.junit.runners.ParentRunner$1.schedule(ParentRunner.java:71)
	at org.junit.runners.ParentRunner.runChildren(ParentRunner.java:288)
	at org.junit.runners.ParentRunner.access$000(ParentRunner.java:58)
	at org.junit.runners.ParentRunner$2.evaluate(ParentRunner.java:268)
	at org.junit.runners.ParentRunner.run(ParentRunner.java:363)
	at org.apache.maven.surefire.junit4.JUnit4Provider.execute(JUnit4Provider.java:252)
	at org.apache.maven.surefire.junit4.JUnit4Provider.executeTestSet(JUnit4Provider.java:141)
	at org.apache.maven.surefire.junit4.JUnit4Provider.invoke(JUnit4Provider.java:112)
	at sun.reflect.NativeMethodAccessorImpl.invoke0(Native Method)
	at sun.reflect.NativeMethodAccessorImpl.invoke(NativeMethodAccessorImpl.java:62)
	at sun.reflect.DelegatingMethodAccessorImpl.invoke(DelegatingMethodAccessorImpl.java:43)
	at java.lang.reflect.Method.invoke(Method.java:498)
	at org.apache.maven.surefire.util.ReflectionUtils.invokeMethodWithArray(ReflectionUtils.java:189)
	at org.apache.maven.surefire.booter.ProviderFactory$ProviderProxy.invoke(ProviderFactory.java:165)
	at org.apache.maven.surefire.booter.ProviderFactory.invokeProvider(ProviderFactory.java:85)
	at org.apache.maven.surefire.booter.ForkedBooter.runSuitesInProcess(ForkedBooter.java:115)
	at org.apache.maven.surefire.booter.ForkedBooter.main(ForkedBooter.java:75)
Caused by: java.util.concurrent.ExecutionException: javax.ws.rs.ProcessingException: java.io.IOException: No such file or directory
	at jersey.repackaged.com.google.common.util.concurrent.AbstractFuture$Sync.getValue(AbstractFuture.java:299)
	at jersey.repackaged.com.google.common.util.concurrent.AbstractFuture$Sync.get(AbstractFuture.java:286)
	at jersey.repackaged.com.google.common.util.concurrent.AbstractFuture.get(AbstractFuture.java:116)
	at com.spotify.docker.client.DefaultDockerClient.request(DefaultDockerClient.java:2674)
	... 34 more
Caused by: javax.ws.rs.ProcessingException: java.io.IOException: No such file or directory
	at org.glassfish.jersey.apache.connector.ApacheConnector.apply(ApacheConnector.java:481)
	at org.glassfish.jersey.apache.connector.ApacheConnector$1.run(ApacheConnector.java:491)
	at java.util.concurrent.Executors$RunnableAdapter.call(Executors.java:511)
	at java.util.concurrent.FutureTask.run(FutureTask.java:266)
	at jersey.repackaged.com.google.common.util.concurrent.MoreExecutors$DirectExecutorService.execute(MoreExecutors.java:299)
	at java.util.concurrent.AbstractExecutorService.submit(AbstractExecutorService.java:112)
	at jersey.repackaged.com.google.common.util.concurrent.AbstractListeningExecutorService.submit(AbstractListeningExecutorService.java:50)
	at jersey.repackaged.com.google.common.util.concurrent.AbstractListeningExecutorService.submit(AbstractListeningExecutorService.java:37)
	at org.glassfish.jersey.apache.connector.ApacheConnector.apply(ApacheConnector.java:487)
	at org.glassfish.jersey.client.ClientRuntime$2.run(ClientRuntime.java:178)
	at org.glassfish.jersey.internal.Errors$1.call(Errors.java:271)
	at org.glassfish.jersey.internal.Errors$1.call(Errors.java:267)
	at org.glassfish.jersey.internal.Errors.process(Errors.java:315)
	at org.glassfish.jersey.internal.Errors.process(Errors.java:297)
	at org.glassfish.jersey.internal.Errors.process(Errors.java:267)
	at org.glassfish.jersey.process.internal.RequestScope.runInScope(RequestScope.java:340)
	at org.glassfish.jersey.client.ClientRuntime$3.run(ClientRuntime.java:210)
	at java.util.concurrent.Executors$RunnableAdapter.call(Executors.java:511)
	at java.util.concurrent.FutureTask.run(FutureTask.java:266)
	at java.util.concurrent.ThreadPoolExecutor.runWorker(ThreadPoolExecutor.java:1142)
	at java.util.concurrent.ThreadPoolExecutor$Worker.run(ThreadPoolExecutor.java:617)
	at java.lang.Thread.run(Thread.java:745)
Caused by: java.io.IOException: No such file or directory
	at jnr.unixsocket.UnixSocketChannel.doConnect(UnixSocketChannel.java:127)
	at jnr.unixsocket.UnixSocketChannel.connect(UnixSocketChannel.java:136)
	at jnr.unixsocket.UnixSocketChannel.connect(UnixSocketChannel.java:223)
	at com.spotify.docker.client.UnixConnectionSocketFactory.connectSocket(UnixConnectionSocketFactory.java:85)
	at org.apache.http.impl.conn.DefaultHttpClientConnectionOperator.connect(DefaultHttpClientConnectionOperator.java:134)
	at org.apache.http.impl.conn.PoolingHttpClientConnectionManager.connect(PoolingHttpClientConnectionManager.java:353)
	at org.apache.http.impl.execchain.MainClientExec.establishRoute(MainClientExec.java:380)
	at org.apache.http.impl.execchain.MainClientExec.execute(MainClientExec.java:236)
	at org.apache.http.impl.execchain.ProtocolExec.execute(ProtocolExec.java:184)
	at org.apache.http.impl.execchain.RetryExec.execute(RetryExec.java:88)
	at org.apache.http.impl.execchain.RedirectExec.execute(RedirectExec.java:110)
	at org.apache.http.impl.client.InternalHttpClient.doExecute(InternalHttpClient.java:184)
	at org.apache.http.impl.client.CloseableHttpClient.execute(CloseableHttpClient.java:71)
	at org.glassfish.jersey.apache.connector.ApacheConnector.apply(ApacheConnector.java:435)
	... 21 more
</error>
    <system-err>Jun 02, 2018 7:44:39 AM org.apache.http.impl.execchain.RetryExec execute
INFO: I/O exception (java.io.IOException) caught when processing request to {}-&gt;unix://localhost:80: No such file or directory
Jun 02, 2018 7:44:39 AM org.apache.http.impl.execchain.RetryExec execute
INFO: Retrying request to {}-&gt;unix://localhost:80
Jun 02, 2018 7:44:39 AM org.apache.http.impl.execchain.RetryExec execute
INFO: I/O exception (java.io.IOException) caught when processing request to {}-&gt;unix://localhost:80: No such file or directory
Jun 02, 2018 7:44:39 AM org.apache.http.impl.execchain.RetryExec execute
INFO: Retrying request to {}-&gt;unix://localhost:80
Jun 02, 2018 7:44:39 AM org.apache.http.impl.execchain.RetryExec execute
INFO: I/O exception (java.io.IOException) caught when processing request to {}-&gt;unix://localhost:80: No such file or directory
Jun 02, 2018 7:44:39 AM org.apache.http.impl.execchain.RetryExec execute
INFO: Retrying request to {}-&gt;unix://localhost:80
</system-err>
  </testcase>
  <testcase classname="com.spotify.docker.client.DefaultDockerClientTest" name="testCopyToContainer" time="0.025">
    <error type="java.lang.NullPointerException">java.lang.NullPointerException
	at com.spotify.docker.client.VersionCompare.compareVersion(VersionCompare.java:45)
	at com.spotify.docker.client.DefaultDockerClientTest.dockerApiVersionAtLeast(DefaultDockerClientTest.java:404)
	at com.spotify.docker.client.DefaultDockerClientTest.tearDown(DefaultDockerClientTest.java:356)
	at sun.reflect.GeneratedMethodAccessor11.invoke(Unknown Source)
	at sun.reflect.DelegatingMethodAccessorImpl.invoke(DelegatingMethodAccessorImpl.java:43)
	at java.lang.reflect.Method.invoke(Method.java:498)
	at org.junit.runners.model.FrameworkMethod$1.runReflectiveCall(FrameworkMethod.java:50)
	at org.junit.internal.runners.model.ReflectiveCallable.run(ReflectiveCallable.java:12)
	at org.junit.runners.model.FrameworkMethod.invokeExplosively(FrameworkMethod.java:47)
	at org.junit.internal.runners.statements.RunAfters.evaluate(RunAfters.java:33)
	at org.junit.rules.ExpectedException$ExpectedExceptionStatement.evaluate(ExpectedException.java:239)
	at org.junit.rules.TestWatcher$1.evaluate(TestWatcher.java:55)
	at org.junit.rules.RunRules.evaluate(RunRules.java:20)
	at org.junit.runners.ParentRunner.runLeaf(ParentRunner.java:325)
	at org.junit.runners.BlockJUnit4ClassRunner.runChild(BlockJUnit4ClassRunner.java:78)
	at org.junit.runners.BlockJUnit4ClassRunner.runChild(BlockJUnit4ClassRunner.java:57)
	at org.junit.runners.ParentRunner$3.run(ParentRunner.java:290)
	at org.junit.runners.ParentRunner$1.schedule(ParentRunner.java:71)
	at org.junit.runners.ParentRunner.runChildren(ParentRunner.java:288)
	at org.junit.runners.ParentRunner.access$000(ParentRunner.java:58)
	at org.junit.runners.ParentRunner$2.evaluate(ParentRunner.java:268)
	at org.junit.runners.ParentRunner.run(ParentRunner.java:363)
	at org.apache.maven.surefire.junit4.JUnit4Provider.execute(JUnit4Provider.java:252)
	at org.apache.maven.surefire.junit4.JUnit4Provider.executeTestSet(JUnit4Provider.java:141)
	at org.apache.maven.surefire.junit4.JUnit4Provider.invoke(JUnit4Provider.java:112)
	at sun.reflect.NativeMethodAccessorImpl.invoke0(Native Method)
	at sun.reflect.NativeMethodAccessorImpl.invoke(NativeMethodAccessorImpl.java:62)
	at sun.reflect.DelegatingMethodAccessorImpl.invoke(DelegatingMethodAccessorImpl.java:43)
	at java.lang.reflect.Method.invoke(Method.java:498)
	at org.apache.maven.surefire.util.ReflectionUtils.invokeMethodWithArray(ReflectionUtils.java:189)
	at org.apache.maven.surefire.booter.ProviderFactory$ProviderProxy.invoke(ProviderFactory.java:165)
	at org.apache.maven.surefire.booter.ProviderFactory.invokeProvider(ProviderFactory.java:85)
	at org.apache.maven.surefire.booter.ForkedBooter.runSuitesInProcess(ForkedBooter.java:115)
	at org.apache.maven.surefire.booter.ForkedBooter.main(ForkedBooter.java:75)
</error>
  </testcase>
  <testcase classname="com.spotify.docker.client.DefaultDockerClientTest" name="testCustomProgressMessageHandler" time="0.025">
    <error message="java.util.concurrent.ExecutionException: javax.ws.rs.ProcessingException: java.io.IOException: No such file or directory" type="com.spotify.docker.client.exceptions.DockerException">com.spotify.docker.client.exceptions.DockerException: java.util.concurrent.ExecutionException: javax.ws.rs.ProcessingException: java.io.IOException: No such file or directory
	at com.spotify.docker.client.DefaultDockerClient.propagate(DefaultDockerClient.java:2812)
	at com.spotify.docker.client.DefaultDockerClient.request(DefaultDockerClient.java:2676)
	at com.spotify.docker.client.DefaultDockerClient.version(DefaultDockerClient.java:572)
	at com.spotify.docker.client.DefaultDockerClientTest.setup(DefaultDockerClientTest.java:349)
	at sun.reflect.GeneratedMethodAccessor10.invoke(Unknown Source)
	at sun.reflect.DelegatingMethodAccessorImpl.invoke(DelegatingMethodAccessorImpl.java:43)
	at java.lang.reflect.Method.invoke(Method.java:498)
	at org.junit.runners.model.FrameworkMethod$1.runReflectiveCall(FrameworkMethod.java:50)
	at org.junit.internal.runners.model.ReflectiveCallable.run(ReflectiveCallable.java:12)
	at org.junit.runners.model.FrameworkMethod.invokeExplosively(FrameworkMethod.java:47)
	at org.junit.internal.runners.statements.RunBefores.evaluate(RunBefores.java:24)
	at org.junit.internal.runners.statements.RunAfters.evaluate(RunAfters.java:27)
	at org.junit.rules.ExpectedException$ExpectedExceptionStatement.evaluate(ExpectedException.java:239)
	at org.junit.rules.TestWatcher$1.evaluate(TestWatcher.java:55)
	at org.junit.rules.RunRules.evaluate(RunRules.java:20)
	at org.junit.runners.ParentRunner.runLeaf(ParentRunner.java:325)
	at org.junit.runners.BlockJUnit4ClassRunner.runChild(BlockJUnit4ClassRunner.java:78)
	at org.junit.runners.BlockJUnit4ClassRunner.runChild(BlockJUnit4ClassRunner.java:57)
	at org.junit.runners.ParentRunner$3.run(ParentRunner.java:290)
	at org.junit.runners.ParentRunner$1.schedule(ParentRunner.java:71)
	at org.junit.runners.ParentRunner.runChildren(ParentRunner.java:288)
	at org.junit.runners.ParentRunner.access$000(ParentRunner.java:58)
	at org.junit.runners.ParentRunner$2.evaluate(ParentRunner.java:268)
	at org.junit.runners.ParentRunner.run(ParentRunner.java:363)
	at org.apache.maven.surefire.junit4.JUnit4Provider.execute(JUnit4Provider.java:252)
	at org.apache.maven.surefire.junit4.JUnit4Provider.executeTestSet(JUnit4Provider.java:141)
	at org.apache.maven.surefire.junit4.JUnit4Provider.invoke(JUnit4Provider.java:112)
	at sun.reflect.NativeMethodAccessorImpl.invoke0(Native Method)
	at sun.reflect.NativeMethodAccessorImpl.invoke(NativeMethodAccessorImpl.java:62)
	at sun.reflect.DelegatingMethodAccessorImpl.invoke(DelegatingMethodAccessorImpl.java:43)
	at java.lang.reflect.Method.invoke(Method.java:498)
	at org.apache.maven.surefire.util.ReflectionUtils.invokeMethodWithArray(ReflectionUtils.java:189)
	at org.apache.maven.surefire.booter.ProviderFactory$ProviderProxy.invoke(ProviderFactory.java:165)
	at org.apache.maven.surefire.booter.ProviderFactory.invokeProvider(ProviderFactory.java:85)
	at org.apache.maven.surefire.booter.ForkedBooter.runSuitesInProcess(ForkedBooter.java:115)
	at org.apache.maven.surefire.booter.ForkedBooter.main(ForkedBooter.java:75)
Caused by: java.util.concurrent.ExecutionException: javax.ws.rs.ProcessingException: java.io.IOException: No such file or directory
	at jersey.repackaged.com.google.common.util.concurrent.AbstractFuture$Sync.getValue(AbstractFuture.java:299)
	at jersey.repackaged.com.google.common.util.concurrent.AbstractFuture$Sync.get(AbstractFuture.java:286)
	at jersey.repackaged.com.google.common.util.concurrent.AbstractFuture.get(AbstractFuture.java:116)
	at com.spotify.docker.client.DefaultDockerClient.request(DefaultDockerClient.java:2674)
	... 34 more
Caused by: javax.ws.rs.ProcessingException: java.io.IOException: No such file or directory
	at org.glassfish.jersey.apache.connector.ApacheConnector.apply(ApacheConnector.java:481)
	at org.glassfish.jersey.apache.connector.ApacheConnector$1.run(ApacheConnector.java:491)
	at java.util.concurrent.Executors$RunnableAdapter.call(Executors.java:511)
	at java.util.concurrent.FutureTask.run(FutureTask.java:266)
	at jersey.repackaged.com.google.common.util.concurrent.MoreExecutors$DirectExecutorService.execute(MoreExecutors.java:299)
	at java.util.concurrent.AbstractExecutorService.submit(AbstractExecutorService.java:112)
	at jersey.repackaged.com.google.common.util.concurrent.AbstractListeningExecutorService.submit(AbstractListeningExecutorService.java:50)
	at jersey.repackaged.com.google.common.util.concurrent.AbstractListeningExecutorService.submit(AbstractListeningExecutorService.java:37)
	at org.glassfish.jersey.apache.connector.ApacheConnector.apply(ApacheConnector.java:487)
	at org.glassfish.jersey.client.ClientRuntime$2.run(ClientRuntime.java:178)
	at org.glassfish.jersey.internal.Errors$1.call(Errors.java:271)
	at org.glassfish.jersey.internal.Errors$1.call(Errors.java:267)
	at org.glassfish.jersey.internal.Errors.process(Errors.java:315)
	at org.glassfish.jersey.internal.Errors.process(Errors.java:297)
	at org.glassfish.jersey.internal.Errors.process(Errors.java:267)
	at org.glassfish.jersey.process.internal.RequestScope.runInScope(RequestScope.java:340)
	at org.glassfish.jersey.client.ClientRuntime$3.run(ClientRuntime.java:210)
	at java.util.concurrent.Executors$RunnableAdapter.call(Executors.java:511)
	at java.util.concurrent.FutureTask.run(FutureTask.java:266)
	at java.util.concurrent.ThreadPoolExecutor.runWorker(ThreadPoolExecutor.java:1142)
	at java.util.concurrent.ThreadPoolExecutor$Worker.run(ThreadPoolExecutor.java:617)
	at java.lang.Thread.run(Thread.java:745)
Caused by: java.io.IOException: No such file or directory
	at jnr.unixsocket.UnixSocketChannel.doConnect(UnixSocketChannel.java:127)
	at jnr.unixsocket.UnixSocketChannel.connect(UnixSocketChannel.java:136)
	at jnr.unixsocket.UnixSocketChannel.connect(UnixSocketChannel.java:223)
	at com.spotify.docker.client.UnixConnectionSocketFactory.connectSocket(UnixConnectionSocketFactory.java:85)
	at org.apache.http.impl.conn.DefaultHttpClientConnectionOperator.connect(DefaultHttpClientConnectionOperator.java:134)
	at org.apache.http.impl.conn.PoolingHttpClientConnectionManager.connect(PoolingHttpClientConnectionManager.java:353)
	at org.apache.http.impl.execchain.MainClientExec.establishRoute(MainClientExec.java:380)
	at org.apache.http.impl.execchain.MainClientExec.execute(MainClientExec.java:236)
	at org.apache.http.impl.execchain.ProtocolExec.execute(ProtocolExec.java:184)
	at org.apache.http.impl.execchain.RetryExec.execute(RetryExec.java:88)
	at org.apache.http.impl.execchain.RedirectExec.execute(RedirectExec.java:110)
	at org.apache.http.impl.client.InternalHttpClient.doExecute(InternalHttpClient.java:184)
	at org.apache.http.impl.client.CloseableHttpClient.execute(CloseableHttpClient.java:71)
	at org.glassfish.jersey.apache.connector.ApacheConnector.apply(ApacheConnector.java:435)
	... 21 more
</error>
    <system-err>Jun 02, 2018 7:44:39 AM org.apache.http.impl.execchain.RetryExec execute
INFO: I/O exception (java.io.IOException) caught when processing request to {}-&gt;unix://localhost:80: No such file or directory
Jun 02, 2018 7:44:39 AM org.apache.http.impl.execchain.RetryExec execute
INFO: Retrying request to {}-&gt;unix://localhost:80
Jun 02, 2018 7:44:39 AM org.apache.http.impl.execchain.RetryExec execute
INFO: I/O exception (java.io.IOException) caught when processing request to {}-&gt;unix://localhost:80: No such file or directory
Jun 02, 2018 7:44:39 AM org.apache.http.impl.execchain.RetryExec execute
INFO: Retrying request to {}-&gt;unix://localhost:80
Jun 02, 2018 7:44:39 AM org.apache.http.impl.execchain.RetryExec execute
INFO: I/O exception (java.io.IOException) caught when processing request to {}-&gt;unix://localhost:80: No such file or directory
Jun 02, 2018 7:44:39 AM org.apache.http.impl.execchain.RetryExec execute
INFO: Retrying request to {}-&gt;unix://localhost:80
</system-err>
  </testcase>
  <testcase classname="com.spotify.docker.client.DefaultDockerClientTest" name="testCustomProgressMessageHandler" time="0.026">
    <error type="java.lang.NullPointerException">java.lang.NullPointerException
	at com.spotify.docker.client.VersionCompare.compareVersion(VersionCompare.java:45)
	at com.spotify.docker.client.DefaultDockerClientTest.dockerApiVersionAtLeast(DefaultDockerClientTest.java:404)
	at com.spotify.docker.client.DefaultDockerClientTest.tearDown(DefaultDockerClientTest.java:356)
	at sun.reflect.GeneratedMethodAccessor11.invoke(Unknown Source)
	at sun.reflect.DelegatingMethodAccessorImpl.invoke(DelegatingMethodAccessorImpl.java:43)
	at java.lang.reflect.Method.invoke(Method.java:498)
	at org.junit.runners.model.FrameworkMethod$1.runReflectiveCall(FrameworkMethod.java:50)
	at org.junit.internal.runners.model.ReflectiveCallable.run(ReflectiveCallable.java:12)
	at org.junit.runners.model.FrameworkMethod.invokeExplosively(FrameworkMethod.java:47)
	at org.junit.internal.runners.statements.RunAfters.evaluate(RunAfters.java:33)
	at org.junit.rules.ExpectedException$ExpectedExceptionStatement.evaluate(ExpectedException.java:239)
	at org.junit.rules.TestWatcher$1.evaluate(TestWatcher.java:55)
	at org.junit.rules.RunRules.evaluate(RunRules.java:20)
	at org.junit.runners.ParentRunner.runLeaf(ParentRunner.java:325)
	at org.junit.runners.BlockJUnit4ClassRunner.runChild(BlockJUnit4ClassRunner.java:78)
	at org.junit.runners.BlockJUnit4ClassRunner.runChild(BlockJUnit4ClassRunner.java:57)
	at org.junit.runners.ParentRunner$3.run(ParentRunner.java:290)
	at org.junit.runners.ParentRunner$1.schedule(ParentRunner.java:71)
	at org.junit.runners.ParentRunner.runChildren(ParentRunner.java:288)
	at org.junit.runners.ParentRunner.access$000(ParentRunner.java:58)
	at org.junit.runners.ParentRunner$2.evaluate(ParentRunner.java:268)
	at org.junit.runners.ParentRunner.run(ParentRunner.java:363)
	at org.apache.maven.surefire.junit4.JUnit4Provider.execute(JUnit4Provider.java:252)
	at org.apache.maven.surefire.junit4.JUnit4Provider.executeTestSet(JUnit4Provider.java:141)
	at org.apache.maven.surefire.junit4.JUnit4Provider.invoke(JUnit4Provider.java:112)
	at sun.reflect.NativeMethodAccessorImpl.invoke0(Native Method)
	at sun.reflect.NativeMethodAccessorImpl.invoke(NativeMethodAccessorImpl.java:62)
	at sun.reflect.DelegatingMethodAccessorImpl.invoke(DelegatingMethodAccessorImpl.java:43)
	at java.lang.reflect.Method.invoke(Method.java:498)
	at org.apache.maven.surefire.util.ReflectionUtils.invokeMethodWithArray(ReflectionUtils.java:189)
	at org.apache.maven.surefire.booter.ProviderFactory$ProviderProxy.invoke(ProviderFactory.java:165)
	at org.apache.maven.surefire.booter.ProviderFactory.invokeProvider(ProviderFactory.java:85)
	at org.apache.maven.surefire.booter.ForkedBooter.runSuitesInProcess(ForkedBooter.java:115)
	at org.apache.maven.surefire.booter.ForkedBooter.main(ForkedBooter.java:75)
</error>
  </testcase>
  <testcase classname="com.spotify.docker.client.DefaultDockerClientTest" name="testListServices" time="0.025">
    <error message="java.util.concurrent.ExecutionException: javax.ws.rs.ProcessingException: java.io.IOException: No such file or directory" type="com.spotify.docker.client.exceptions.DockerException">com.spotify.docker.client.exceptions.DockerException: java.util.concurrent.ExecutionException: javax.ws.rs.ProcessingException: java.io.IOException: No such file or directory
	at com.spotify.docker.client.DefaultDockerClient.propagate(DefaultDockerClient.java:2812)
	at com.spotify.docker.client.DefaultDockerClient.request(DefaultDockerClient.java:2676)
	at com.spotify.docker.client.DefaultDockerClient.version(DefaultDockerClient.java:572)
	at com.spotify.docker.client.DefaultDockerClientTest.setup(DefaultDockerClientTest.java:349)
	at sun.reflect.GeneratedMethodAccessor10.invoke(Unknown Source)
	at sun.reflect.DelegatingMethodAccessorImpl.invoke(DelegatingMethodAccessorImpl.java:43)
	at java.lang.reflect.Method.invoke(Method.java:498)
	at org.junit.runners.model.FrameworkMethod$1.runReflectiveCall(FrameworkMethod.java:50)
	at org.junit.internal.runners.model.ReflectiveCallable.run(ReflectiveCallable.java:12)
	at org.junit.runners.model.FrameworkMethod.invokeExplosively(FrameworkMethod.java:47)
	at org.junit.internal.runners.statements.RunBefores.evaluate(RunBefores.java:24)
	at org.junit.internal.runners.statements.RunAfters.evaluate(RunAfters.java:27)
	at org.junit.rules.ExpectedException$ExpectedExceptionStatement.evaluate(ExpectedException.java:239)
	at org.junit.rules.TestWatcher$1.evaluate(TestWatcher.java:55)
	at org.junit.rules.RunRules.evaluate(RunRules.java:20)
	at org.junit.runners.ParentRunner.runLeaf(ParentRunner.java:325)
	at org.junit.runners.BlockJUnit4ClassRunner.runChild(BlockJUnit4ClassRunner.java:78)
	at org.junit.runners.BlockJUnit4ClassRunner.runChild(BlockJUnit4ClassRunner.java:57)
	at org.junit.runners.ParentRunner$3.run(ParentRunner.java:290)
	at org.junit.runners.ParentRunner$1.schedule(ParentRunner.java:71)
	at org.junit.runners.ParentRunner.runChildren(ParentRunner.java:288)
	at org.junit.runners.ParentRunner.access$000(ParentRunner.java:58)
	at org.junit.runners.ParentRunner$2.evaluate(ParentRunner.java:268)
	at org.junit.runners.ParentRunner.run(ParentRunner.java:363)
	at org.apache.maven.surefire.junit4.JUnit4Provider.execute(JUnit4Provider.java:252)
	at org.apache.maven.surefire.junit4.JUnit4Provider.executeTestSet(JUnit4Provider.java:141)
	at org.apache.maven.surefire.junit4.JUnit4Provider.invoke(JUnit4Provider.java:112)
	at sun.reflect.NativeMethodAccessorImpl.invoke0(Native Method)
	at sun.reflect.NativeMethodAccessorImpl.invoke(NativeMethodAccessorImpl.java:62)
	at sun.reflect.DelegatingMethodAccessorImpl.invoke(DelegatingMethodAccessorImpl.java:43)
	at java.lang.reflect.Method.invoke(Method.java:498)
	at org.apache.maven.surefire.util.ReflectionUtils.invokeMethodWithArray(ReflectionUtils.java:189)
	at org.apache.maven.surefire.booter.ProviderFactory$ProviderProxy.invoke(ProviderFactory.java:165)
	at org.apache.maven.surefire.booter.ProviderFactory.invokeProvider(ProviderFactory.java:85)
	at org.apache.maven.surefire.booter.ForkedBooter.runSuitesInProcess(ForkedBooter.java:115)
	at org.apache.maven.surefire.booter.ForkedBooter.main(ForkedBooter.java:75)
Caused by: java.util.concurrent.ExecutionException: javax.ws.rs.ProcessingException: java.io.IOException: No such file or directory
	at jersey.repackaged.com.google.common.util.concurrent.AbstractFuture$Sync.getValue(AbstractFuture.java:299)
	at jersey.repackaged.com.google.common.util.concurrent.AbstractFuture$Sync.get(AbstractFuture.java:286)
	at jersey.repackaged.com.google.common.util.concurrent.AbstractFuture.get(AbstractFuture.java:116)
	at com.spotify.docker.client.DefaultDockerClient.request(DefaultDockerClient.java:2674)
	... 34 more
Caused by: javax.ws.rs.ProcessingException: java.io.IOException: No such file or directory
	at org.glassfish.jersey.apache.connector.ApacheConnector.apply(ApacheConnector.java:481)
	at org.glassfish.jersey.apache.connector.ApacheConnector$1.run(ApacheConnector.java:491)
	at java.util.concurrent.Executors$RunnableAdapter.call(Executors.java:511)
	at java.util.concurrent.FutureTask.run(FutureTask.java:266)
	at jersey.repackaged.com.google.common.util.concurrent.MoreExecutors$DirectExecutorService.execute(MoreExecutors.java:299)
	at java.util.concurrent.AbstractExecutorService.submit(AbstractExecutorService.java:112)
	at jersey.repackaged.com.google.common.util.concurrent.AbstractListeningExecutorService.submit(AbstractListeningExecutorService.java:50)
	at jersey.repackaged.com.google.common.util.concurrent.AbstractListeningExecutorService.submit(AbstractListeningExecutorService.java:37)
	at org.glassfish.jersey.apache.connector.ApacheConnector.apply(ApacheConnector.java:487)
	at org.glassfish.jersey.client.ClientRuntime$2.run(ClientRuntime.java:178)
	at org.glassfish.jersey.internal.Errors$1.call(Errors.java:271)
	at org.glassfish.jersey.internal.Errors$1.call(Errors.java:267)
	at org.glassfish.jersey.internal.Errors.process(Errors.java:315)
	at org.glassfish.jersey.internal.Errors.process(Errors.java:297)
	at org.glassfish.jersey.internal.Errors.process(Errors.java:267)
	at org.glassfish.jersey.process.internal.RequestScope.runInScope(RequestScope.java:340)
	at org.glassfish.jersey.client.ClientRuntime$3.run(ClientRuntime.java:210)
	at java.util.concurrent.Executors$RunnableAdapter.call(Executors.java:511)
	at java.util.concurrent.FutureTask.run(FutureTask.java:266)
	at java.util.concurrent.ThreadPoolExecutor.runWorker(ThreadPoolExecutor.java:1142)
	at java.util.concurrent.ThreadPoolExecutor$Worker.run(ThreadPoolExecutor.java:617)
	at java.lang.Thread.run(Thread.java:745)
Caused by: java.io.IOException: No such file or directory
	at jnr.unixsocket.UnixSocketChannel.doConnect(UnixSocketChannel.java:127)
	at jnr.unixsocket.UnixSocketChannel.connect(UnixSocketChannel.java:136)
	at jnr.unixsocket.UnixSocketChannel.connect(UnixSocketChannel.java:223)
	at com.spotify.docker.client.UnixConnectionSocketFactory.connectSocket(UnixConnectionSocketFactory.java:85)
	at org.apache.http.impl.conn.DefaultHttpClientConnectionOperator.connect(DefaultHttpClientConnectionOperator.java:134)
	at org.apache.http.impl.conn.PoolingHttpClientConnectionManager.connect(PoolingHttpClientConnectionManager.java:353)
	at org.apache.http.impl.execchain.MainClientExec.establishRoute(MainClientExec.java:380)
	at org.apache.http.impl.execchain.MainClientExec.execute(MainClientExec.java:236)
	at org.apache.http.impl.execchain.ProtocolExec.execute(ProtocolExec.java:184)
	at org.apache.http.impl.execchain.RetryExec.execute(RetryExec.java:88)
	at org.apache.http.impl.execchain.RedirectExec.execute(RedirectExec.java:110)
	at org.apache.http.impl.client.InternalHttpClient.doExecute(InternalHttpClient.java:184)
	at org.apache.http.impl.client.CloseableHttpClient.execute(CloseableHttpClient.java:71)
	at org.glassfish.jersey.apache.connector.ApacheConnector.apply(ApacheConnector.java:435)
	... 21 more
</error>
    <system-err>Jun 02, 2018 7:44:39 AM org.apache.http.impl.execchain.RetryExec execute
INFO: I/O exception (java.io.IOException) caught when processing request to {}-&gt;unix://localhost:80: No such file or directory
Jun 02, 2018 7:44:39 AM org.apache.http.impl.execchain.RetryExec execute
INFO: Retrying request to {}-&gt;unix://localhost:80
Jun 02, 2018 7:44:39 AM org.apache.http.impl.execchain.RetryExec execute
INFO: I/O exception (java.io.IOException) caught when processing request to {}-&gt;unix://localhost:80: No such file or directory
Jun 02, 2018 7:44:39 AM org.apache.http.impl.execchain.RetryExec execute
INFO: Retrying request to {}-&gt;unix://localhost:80
Jun 02, 2018 7:44:39 AM org.apache.http.impl.execchain.RetryExec execute
INFO: I/O exception (java.io.IOException) caught when processing request to {}-&gt;unix://localhost:80: No such file or directory
Jun 02, 2018 7:44:39 AM org.apache.http.impl.execchain.RetryExec execute
INFO: Retrying request to {}-&gt;unix://localhost:80
</system-err>
  </testcase>
  <testcase classname="com.spotify.docker.client.DefaultDockerClientTest" name="testListServices" time="0.025">
    <error type="java.lang.NullPointerException">java.lang.NullPointerException
	at com.spotify.docker.client.VersionCompare.compareVersion(VersionCompare.java:45)
	at com.spotify.docker.client.DefaultDockerClientTest.dockerApiVersionAtLeast(DefaultDockerClientTest.java:404)
	at com.spotify.docker.client.DefaultDockerClientTest.tearDown(DefaultDockerClientTest.java:356)
	at sun.reflect.GeneratedMethodAccessor11.invoke(Unknown Source)
	at sun.reflect.DelegatingMethodAccessorImpl.invoke(DelegatingMethodAccessorImpl.java:43)
	at java.lang.reflect.Method.invoke(Method.java:498)
	at org.junit.runners.model.FrameworkMethod$1.runReflectiveCall(FrameworkMethod.java:50)
	at org.junit.internal.runners.model.ReflectiveCallable.run(ReflectiveCallable.java:12)
	at org.junit.runners.model.FrameworkMethod.invokeExplosively(FrameworkMethod.java:47)
	at org.junit.internal.runners.statements.RunAfters.evaluate(RunAfters.java:33)
	at org.junit.rules.ExpectedException$ExpectedExceptionStatement.evaluate(ExpectedException.java:239)
	at org.junit.rules.TestWatcher$1.evaluate(TestWatcher.java:55)
	at org.junit.rules.RunRules.evaluate(RunRules.java:20)
	at org.junit.runners.ParentRunner.runLeaf(ParentRunner.java:325)
	at org.junit.runners.BlockJUnit4ClassRunner.runChild(BlockJUnit4ClassRunner.java:78)
	at org.junit.runners.BlockJUnit4ClassRunner.runChild(BlockJUnit4ClassRunner.java:57)
	at org.junit.runners.ParentRunner$3.run(ParentRunner.java:290)
	at org.junit.runners.ParentRunner$1.schedule(ParentRunner.java:71)
	at org.junit.runners.ParentRunner.runChildren(ParentRunner.java:288)
	at org.junit.runners.ParentRunner.access$000(ParentRunner.java:58)
	at org.junit.runners.ParentRunner$2.evaluate(ParentRunner.java:268)
	at org.junit.runners.ParentRunner.run(ParentRunner.java:363)
	at org.apache.maven.surefire.junit4.JUnit4Provider.execute(JUnit4Provider.java:252)
	at org.apache.maven.surefire.junit4.JUnit4Provider.executeTestSet(JUnit4Provider.java:141)
	at org.apache.maven.surefire.junit4.JUnit4Provider.invoke(JUnit4Provider.java:112)
	at sun.reflect.NativeMethodAccessorImpl.invoke0(Native Method)
	at sun.reflect.NativeMethodAccessorImpl.invoke(NativeMethodAccessorImpl.java:62)
	at sun.reflect.DelegatingMethodAccessorImpl.invoke(DelegatingMethodAccessorImpl.java:43)
	at java.lang.reflect.Method.invoke(Method.java:498)
	at org.apache.maven.surefire.util.ReflectionUtils.invokeMethodWithArray(ReflectionUtils.java:189)
	at org.apache.maven.surefire.booter.ProviderFactory$ProviderProxy.invoke(ProviderFactory.java:165)
	at org.apache.maven.surefire.booter.ProviderFactory.invokeProvider(ProviderFactory.java:85)
	at org.apache.maven.surefire.booter.ForkedBooter.runSuitesInProcess(ForkedBooter.java:115)
	at org.apache.maven.surefire.booter.ForkedBooter.main(ForkedBooter.java:75)
</error>
  </testcase>
  <testcase classname="com.spotify.docker.client.DefaultDockerClientTest" name="testLogsSince" time="0.024">
    <error message="java.util.concurrent.ExecutionException: javax.ws.rs.ProcessingException: java.io.IOException: No such file or directory" type="com.spotify.docker.client.exceptions.DockerException">com.spotify.docker.client.exceptions.DockerException: java.util.concurrent.ExecutionException: javax.ws.rs.ProcessingException: java.io.IOException: No such file or directory
	at com.spotify.docker.client.DefaultDockerClient.propagate(DefaultDockerClient.java:2812)
	at com.spotify.docker.client.DefaultDockerClient.request(DefaultDockerClient.java:2676)
	at com.spotify.docker.client.DefaultDockerClient.version(DefaultDockerClient.java:572)
	at com.spotify.docker.client.DefaultDockerClientTest.setup(DefaultDockerClientTest.java:349)
	at sun.reflect.GeneratedMethodAccessor10.invoke(Unknown Source)
	at sun.reflect.DelegatingMethodAccessorImpl.invoke(DelegatingMethodAccessorImpl.java:43)
	at java.lang.reflect.Method.invoke(Method.java:498)
	at org.junit.runners.model.FrameworkMethod$1.runReflectiveCall(FrameworkMethod.java:50)
	at org.junit.internal.runners.model.ReflectiveCallable.run(ReflectiveCallable.java:12)
	at org.junit.runners.model.FrameworkMethod.invokeExplosively(FrameworkMethod.java:47)
	at org.junit.internal.runners.statements.RunBefores.evaluate(RunBefores.java:24)
	at org.junit.internal.runners.statements.RunAfters.evaluate(RunAfters.java:27)
	at org.junit.rules.ExpectedException$ExpectedExceptionStatement.evaluate(ExpectedException.java:239)
	at org.junit.rules.TestWatcher$1.evaluate(TestWatcher.java:55)
	at org.junit.rules.RunRules.evaluate(RunRules.java:20)
	at org.junit.runners.ParentRunner.runLeaf(ParentRunner.java:325)
	at org.junit.runners.BlockJUnit4ClassRunner.runChild(BlockJUnit4ClassRunner.java:78)
	at org.junit.runners.BlockJUnit4ClassRunner.runChild(BlockJUnit4ClassRunner.java:57)
	at org.junit.runners.ParentRunner$3.run(ParentRunner.java:290)
	at org.junit.runners.ParentRunner$1.schedule(ParentRunner.java:71)
	at org.junit.runners.ParentRunner.runChildren(ParentRunner.java:288)
	at org.junit.runners.ParentRunner.access$000(ParentRunner.java:58)
	at org.junit.runners.ParentRunner$2.evaluate(ParentRunner.java:268)
	at org.junit.runners.ParentRunner.run(ParentRunner.java:363)
	at org.apache.maven.surefire.junit4.JUnit4Provider.execute(JUnit4Provider.java:252)
	at org.apache.maven.surefire.junit4.JUnit4Provider.executeTestSet(JUnit4Provider.java:141)
	at org.apache.maven.surefire.junit4.JUnit4Provider.invoke(JUnit4Provider.java:112)
	at sun.reflect.NativeMethodAccessorImpl.invoke0(Native Method)
	at sun.reflect.NativeMethodAccessorImpl.invoke(NativeMethodAccessorImpl.java:62)
	at sun.reflect.DelegatingMethodAccessorImpl.invoke(DelegatingMethodAccessorImpl.java:43)
	at java.lang.reflect.Method.invoke(Method.java:498)
	at org.apache.maven.surefire.util.ReflectionUtils.invokeMethodWithArray(ReflectionUtils.java:189)
	at org.apache.maven.surefire.booter.ProviderFactory$ProviderProxy.invoke(ProviderFactory.java:165)
	at org.apache.maven.surefire.booter.ProviderFactory.invokeProvider(ProviderFactory.java:85)
	at org.apache.maven.surefire.booter.ForkedBooter.runSuitesInProcess(ForkedBooter.java:115)
	at org.apache.maven.surefire.booter.ForkedBooter.main(ForkedBooter.java:75)
Caused by: java.util.concurrent.ExecutionException: javax.ws.rs.ProcessingException: java.io.IOException: No such file or directory
	at jersey.repackaged.com.google.common.util.concurrent.AbstractFuture$Sync.getValue(AbstractFuture.java:299)
	at jersey.repackaged.com.google.common.util.concurrent.AbstractFuture$Sync.get(AbstractFuture.java:286)
	at jersey.repackaged.com.google.common.util.concurrent.AbstractFuture.get(AbstractFuture.java:116)
	at com.spotify.docker.client.DefaultDockerClient.request(DefaultDockerClient.java:2674)
	... 34 more
Caused by: javax.ws.rs.ProcessingException: java.io.IOException: No such file or directory
	at org.glassfish.jersey.apache.connector.ApacheConnector.apply(ApacheConnector.java:481)
	at org.glassfish.jersey.apache.connector.ApacheConnector$1.run(ApacheConnector.java:491)
	at java.util.concurrent.Executors$RunnableAdapter.call(Executors.java:511)
	at java.util.concurrent.FutureTask.run(FutureTask.java:266)
	at jersey.repackaged.com.google.common.util.concurrent.MoreExecutors$DirectExecutorService.execute(MoreExecutors.java:299)
	at java.util.concurrent.AbstractExecutorService.submit(AbstractExecutorService.java:112)
	at jersey.repackaged.com.google.common.util.concurrent.AbstractListeningExecutorService.submit(AbstractListeningExecutorService.java:50)
	at jersey.repackaged.com.google.common.util.concurrent.AbstractListeningExecutorService.submit(AbstractListeningExecutorService.java:37)
	at org.glassfish.jersey.apache.connector.ApacheConnector.apply(ApacheConnector.java:487)
	at org.glassfish.jersey.client.ClientRuntime$2.run(ClientRuntime.java:178)
	at org.glassfish.jersey.internal.Errors$1.call(Errors.java:271)
	at org.glassfish.jersey.internal.Errors$1.call(Errors.java:267)
	at org.glassfish.jersey.internal.Errors.process(Errors.java:315)
	at org.glassfish.jersey.internal.Errors.process(Errors.java:297)
	at org.glassfish.jersey.internal.Errors.process(Errors.java:267)
	at org.glassfish.jersey.process.internal.RequestScope.runInScope(RequestScope.java:340)
	at org.glassfish.jersey.client.ClientRuntime$3.run(ClientRuntime.java:210)
	at java.util.concurrent.Executors$RunnableAdapter.call(Executors.java:511)
	at java.util.concurrent.FutureTask.run(FutureTask.java:266)
	at java.util.concurrent.ThreadPoolExecutor.runWorker(ThreadPoolExecutor.java:1142)
	at java.util.concurrent.ThreadPoolExecutor$Worker.run(ThreadPoolExecutor.java:617)
	at java.lang.Thread.run(Thread.java:745)
Caused by: java.io.IOException: No such file or directory
	at jnr.unixsocket.UnixSocketChannel.doConnect(UnixSocketChannel.java:127)
	at jnr.unixsocket.UnixSocketChannel.connect(UnixSocketChannel.java:136)
	at jnr.unixsocket.UnixSocketChannel.connect(UnixSocketChannel.java:223)
	at com.spotify.docker.client.UnixConnectionSocketFactory.connectSocket(UnixConnectionSocketFactory.java:85)
	at org.apache.http.impl.conn.DefaultHttpClientConnectionOperator.connect(DefaultHttpClientConnectionOperator.java:134)
	at org.apache.http.impl.conn.PoolingHttpClientConnectionManager.connect(PoolingHttpClientConnectionManager.java:353)
	at org.apache.http.impl.execchain.MainClientExec.establishRoute(MainClientExec.java:380)
	at org.apache.http.impl.execchain.MainClientExec.execute(MainClientExec.java:236)
	at org.apache.http.impl.execchain.ProtocolExec.execute(ProtocolExec.java:184)
	at org.apache.http.impl.execchain.RetryExec.execute(RetryExec.java:88)
	at org.apache.http.impl.execchain.RedirectExec.execute(RedirectExec.java:110)
	at org.apache.http.impl.client.InternalHttpClient.doExecute(InternalHttpClient.java:184)
	at org.apache.http.impl.client.CloseableHttpClient.execute(CloseableHttpClient.java:71)
	at org.glassfish.jersey.apache.connector.ApacheConnector.apply(ApacheConnector.java:435)
	... 21 more
</error>
    <system-err>Jun 02, 2018 7:44:39 AM org.apache.http.impl.execchain.RetryExec execute
INFO: I/O exception (java.io.IOException) caught when processing request to {}-&gt;unix://localhost:80: No such file or directory
Jun 02, 2018 7:44:39 AM org.apache.http.impl.execchain.RetryExec execute
INFO: Retrying request to {}-&gt;unix://localhost:80
Jun 02, 2018 7:44:39 AM org.apache.http.impl.execchain.RetryExec execute
INFO: I/O exception (java.io.IOException) caught when processing request to {}-&gt;unix://localhost:80: No such file or directory
Jun 02, 2018 7:44:39 AM org.apache.http.impl.execchain.RetryExec execute
INFO: Retrying request to {}-&gt;unix://localhost:80
Jun 02, 2018 7:44:39 AM org.apache.http.impl.execchain.RetryExec execute
INFO: I/O exception (java.io.IOException) caught when processing request to {}-&gt;unix://localhost:80: No such file or directory
Jun 02, 2018 7:44:39 AM org.apache.http.impl.execchain.RetryExec execute
INFO: Retrying request to {}-&gt;unix://localhost:80
</system-err>
  </testcase>
  <testcase classname="com.spotify.docker.client.DefaultDockerClientTest" name="testLogsSince" time="0.024">
    <error type="java.lang.NullPointerException">java.lang.NullPointerException
	at com.spotify.docker.client.VersionCompare.compareVersion(VersionCompare.java:45)
	at com.spotify.docker.client.DefaultDockerClientTest.dockerApiVersionAtLeast(DefaultDockerClientTest.java:404)
	at com.spotify.docker.client.DefaultDockerClientTest.tearDown(DefaultDockerClientTest.java:356)
	at sun.reflect.GeneratedMethodAccessor11.invoke(Unknown Source)
	at sun.reflect.DelegatingMethodAccessorImpl.invoke(DelegatingMethodAccessorImpl.java:43)
	at java.lang.reflect.Method.invoke(Method.java:498)
	at org.junit.runners.model.FrameworkMethod$1.runReflectiveCall(FrameworkMethod.java:50)
	at org.junit.internal.runners.model.ReflectiveCallable.run(ReflectiveCallable.java:12)
	at org.junit.runners.model.FrameworkMethod.invokeExplosively(FrameworkMethod.java:47)
	at org.junit.internal.runners.statements.RunAfters.evaluate(RunAfters.java:33)
	at org.junit.rules.ExpectedException$ExpectedExceptionStatement.evaluate(ExpectedException.java:239)
	at org.junit.rules.TestWatcher$1.evaluate(TestWatcher.java:55)
	at org.junit.rules.RunRules.evaluate(RunRules.java:20)
	at org.junit.runners.ParentRunner.runLeaf(ParentRunner.java:325)
	at org.junit.runners.BlockJUnit4ClassRunner.runChild(BlockJUnit4ClassRunner.java:78)
	at org.junit.runners.BlockJUnit4ClassRunner.runChild(BlockJUnit4ClassRunner.java:57)
	at org.junit.runners.ParentRunner$3.run(ParentRunner.java:290)
	at org.junit.runners.ParentRunner$1.schedule(ParentRunner.java:71)
	at org.junit.runners.ParentRunner.runChildren(ParentRunner.java:288)
	at org.junit.runners.ParentRunner.access$000(ParentRunner.java:58)
	at org.junit.runners.ParentRunner$2.evaluate(ParentRunner.java:268)
	at org.junit.runners.ParentRunner.run(ParentRunner.java:363)
	at org.apache.maven.surefire.junit4.JUnit4Provider.execute(JUnit4Provider.java:252)
	at org.apache.maven.surefire.junit4.JUnit4Provider.executeTestSet(JUnit4Provider.java:141)
	at org.apache.maven.surefire.junit4.JUnit4Provider.invoke(JUnit4Provider.java:112)
	at sun.reflect.NativeMethodAccessorImpl.invoke0(Native Method)
	at sun.reflect.NativeMethodAccessorImpl.invoke(NativeMethodAccessorImpl.java:62)
	at sun.reflect.DelegatingMethodAccessorImpl.invoke(DelegatingMethodAccessorImpl.java:43)
	at java.lang.reflect.Method.invoke(Method.java:498)
	at org.apache.maven.surefire.util.ReflectionUtils.invokeMethodWithArray(ReflectionUtils.java:189)
	at org.apache.maven.surefire.booter.ProviderFactory$ProviderProxy.invoke(ProviderFactory.java:165)
	at org.apache.maven.surefire.booter.ProviderFactory.invokeProvider(ProviderFactory.java:85)
	at org.apache.maven.surefire.booter.ForkedBooter.runSuitesInProcess(ForkedBooter.java:115)
	at org.apache.maven.surefire.booter.ForkedBooter.main(ForkedBooter.java:75)
</error>
  </testcase>
  <testcase classname="com.spotify.docker.client.DefaultDockerClientTest" name="testStartBadContainer" time="0.026">
    <error message="java.util.concurrent.ExecutionException: javax.ws.rs.ProcessingException: java.io.IOException: No such file or directory" type="com.spotify.docker.client.exceptions.DockerException">com.spotify.docker.client.exceptions.DockerException: java.util.concurrent.ExecutionException: javax.ws.rs.ProcessingException: java.io.IOException: No such file or directory
	at com.spotify.docker.client.DefaultDockerClient.propagate(DefaultDockerClient.java:2812)
	at com.spotify.docker.client.DefaultDockerClient.request(DefaultDockerClient.java:2676)
	at com.spotify.docker.client.DefaultDockerClient.version(DefaultDockerClient.java:572)
	at com.spotify.docker.client.DefaultDockerClientTest.setup(DefaultDockerClientTest.java:349)
	at sun.reflect.GeneratedMethodAccessor10.invoke(Unknown Source)
	at sun.reflect.DelegatingMethodAccessorImpl.invoke(DelegatingMethodAccessorImpl.java:43)
	at java.lang.reflect.Method.invoke(Method.java:498)
	at org.junit.runners.model.FrameworkMethod$1.runReflectiveCall(FrameworkMethod.java:50)
	at org.junit.internal.runners.model.ReflectiveCallable.run(ReflectiveCallable.java:12)
	at org.junit.runners.model.FrameworkMethod.invokeExplosively(FrameworkMethod.java:47)
	at org.junit.internal.runners.statements.RunBefores.evaluate(RunBefores.java:24)
	at org.junit.internal.runners.statements.RunAfters.evaluate(RunAfters.java:27)
	at org.junit.rules.ExpectedException$ExpectedExceptionStatement.evaluate(ExpectedException.java:239)
	at org.junit.rules.TestWatcher$1.evaluate(TestWatcher.java:55)
	at org.junit.rules.RunRules.evaluate(RunRules.java:20)
	at org.junit.runners.ParentRunner.runLeaf(ParentRunner.java:325)
	at org.junit.runners.BlockJUnit4ClassRunner.runChild(BlockJUnit4ClassRunner.java:78)
	at org.junit.runners.BlockJUnit4ClassRunner.runChild(BlockJUnit4ClassRunner.java:57)
	at org.junit.runners.ParentRunner$3.run(ParentRunner.java:290)
	at org.junit.runners.ParentRunner$1.schedule(ParentRunner.java:71)
	at org.junit.runners.ParentRunner.runChildren(ParentRunner.java:288)
	at org.junit.runners.ParentRunner.access$000(ParentRunner.java:58)
	at org.junit.runners.ParentRunner$2.evaluate(ParentRunner.java:268)
	at org.junit.runners.ParentRunner.run(ParentRunner.java:363)
	at org.apache.maven.surefire.junit4.JUnit4Provider.execute(JUnit4Provider.java:252)
	at org.apache.maven.surefire.junit4.JUnit4Provider.executeTestSet(JUnit4Provider.java:141)
	at org.apache.maven.surefire.junit4.JUnit4Provider.invoke(JUnit4Provider.java:112)
	at sun.reflect.NativeMethodAccessorImpl.invoke0(Native Method)
	at sun.reflect.NativeMethodAccessorImpl.invoke(NativeMethodAccessorImpl.java:62)
	at sun.reflect.DelegatingMethodAccessorImpl.invoke(DelegatingMethodAccessorImpl.java:43)
	at java.lang.reflect.Method.invoke(Method.java:498)
	at org.apache.maven.surefire.util.ReflectionUtils.invokeMethodWithArray(ReflectionUtils.java:189)
	at org.apache.maven.surefire.booter.ProviderFactory$ProviderProxy.invoke(ProviderFactory.java:165)
	at org.apache.maven.surefire.booter.ProviderFactory.invokeProvider(ProviderFactory.java:85)
	at org.apache.maven.surefire.booter.ForkedBooter.runSuitesInProcess(ForkedBooter.java:115)
	at org.apache.maven.surefire.booter.ForkedBooter.main(ForkedBooter.java:75)
Caused by: java.util.concurrent.ExecutionException: javax.ws.rs.ProcessingException: java.io.IOException: No such file or directory
	at jersey.repackaged.com.google.common.util.concurrent.AbstractFuture$Sync.getValue(AbstractFuture.java:299)
	at jersey.repackaged.com.google.common.util.concurrent.AbstractFuture$Sync.get(AbstractFuture.java:286)
	at jersey.repackaged.com.google.common.util.concurrent.AbstractFuture.get(AbstractFuture.java:116)
	at com.spotify.docker.client.DefaultDockerClient.request(DefaultDockerClient.java:2674)
	... 34 more
Caused by: javax.ws.rs.ProcessingException: java.io.IOException: No such file or directory
	at org.glassfish.jersey.apache.connector.ApacheConnector.apply(ApacheConnector.java:481)
	at org.glassfish.jersey.apache.connector.ApacheConnector$1.run(ApacheConnector.java:491)
	at java.util.concurrent.Executors$RunnableAdapter.call(Executors.java:511)
	at java.util.concurrent.FutureTask.run(FutureTask.java:266)
	at jersey.repackaged.com.google.common.util.concurrent.MoreExecutors$DirectExecutorService.execute(MoreExecutors.java:299)
	at java.util.concurrent.AbstractExecutorService.submit(AbstractExecutorService.java:112)
	at jersey.repackaged.com.google.common.util.concurrent.AbstractListeningExecutorService.submit(AbstractListeningExecutorService.java:50)
	at jersey.repackaged.com.google.common.util.concurrent.AbstractListeningExecutorService.submit(AbstractListeningExecutorService.java:37)
	at org.glassfish.jersey.apache.connector.ApacheConnector.apply(ApacheConnector.java:487)
	at org.glassfish.jersey.client.ClientRuntime$2.run(ClientRuntime.java:178)
	at org.glassfish.jersey.internal.Errors$1.call(Errors.java:271)
	at org.glassfish.jersey.internal.Errors$1.call(Errors.java:267)
	at org.glassfish.jersey.internal.Errors.process(Errors.java:315)
	at org.glassfish.jersey.internal.Errors.process(Errors.java:297)
	at org.glassfish.jersey.internal.Errors.process(Errors.java:267)
	at org.glassfish.jersey.process.internal.RequestScope.runInScope(RequestScope.java:340)
	at org.glassfish.jersey.client.ClientRuntime$3.run(ClientRuntime.java:210)
	at java.util.concurrent.Executors$RunnableAdapter.call(Executors.java:511)
	at java.util.concurrent.FutureTask.run(FutureTask.java:266)
	at java.util.concurrent.ThreadPoolExecutor.runWorker(ThreadPoolExecutor.java:1142)
	at java.util.concurrent.ThreadPoolExecutor$Worker.run(ThreadPoolExecutor.java:617)
	at java.lang.Thread.run(Thread.java:745)
Caused by: java.io.IOException: No such file or directory
	at jnr.unixsocket.UnixSocketChannel.doConnect(UnixSocketChannel.java:127)
	at jnr.unixsocket.UnixSocketChannel.connect(UnixSocketChannel.java:136)
	at jnr.unixsocket.UnixSocketChannel.connect(UnixSocketChannel.java:223)
	at com.spotify.docker.client.UnixConnectionSocketFactory.connectSocket(UnixConnectionSocketFactory.java:85)
	at org.apache.http.impl.conn.DefaultHttpClientConnectionOperator.connect(DefaultHttpClientConnectionOperator.java:134)
	at org.apache.http.impl.conn.PoolingHttpClientConnectionManager.connect(PoolingHttpClientConnectionManager.java:353)
	at org.apache.http.impl.execchain.MainClientExec.establishRoute(MainClientExec.java:380)
	at org.apache.http.impl.execchain.MainClientExec.execute(MainClientExec.java:236)
	at org.apache.http.impl.execchain.ProtocolExec.execute(ProtocolExec.java:184)
	at org.apache.http.impl.execchain.RetryExec.execute(RetryExec.java:88)
	at org.apache.http.impl.execchain.RedirectExec.execute(RedirectExec.java:110)
	at org.apache.http.impl.client.InternalHttpClient.doExecute(InternalHttpClient.java:184)
	at org.apache.http.impl.client.CloseableHttpClient.execute(CloseableHttpClient.java:71)
	at org.glassfish.jersey.apache.connector.ApacheConnector.apply(ApacheConnector.java:435)
	... 21 more
</error>
    <system-err>Jun 02, 2018 7:44:40 AM org.apache.http.impl.execchain.RetryExec execute
INFO: I/O exception (java.io.IOException) caught when processing request to {}-&gt;unix://localhost:80: No such file or directory
Jun 02, 2018 7:44:40 AM org.apache.http.impl.execchain.RetryExec execute
INFO: Retrying request to {}-&gt;unix://localhost:80
Jun 02, 2018 7:44:40 AM org.apache.http.impl.execchain.RetryExec execute
INFO: I/O exception (java.io.IOException) caught when processing request to {}-&gt;unix://localhost:80: No such file or directory
Jun 02, 2018 7:44:40 AM org.apache.http.impl.execchain.RetryExec execute
INFO: Retrying request to {}-&gt;unix://localhost:80
Jun 02, 2018 7:44:40 AM org.apache.http.impl.execchain.RetryExec execute
INFO: I/O exception (java.io.IOException) caught when processing request to {}-&gt;unix://localhost:80: No such file or directory
Jun 02, 2018 7:44:40 AM org.apache.http.impl.execchain.RetryExec execute
INFO: Retrying request to {}-&gt;unix://localhost:80
</system-err>
  </testcase>
  <testcase classname="com.spotify.docker.client.DefaultDockerClientTest" name="testStartBadContainer" time="0.026">
    <error type="java.lang.NullPointerException">java.lang.NullPointerException
	at com.spotify.docker.client.VersionCompare.compareVersion(VersionCompare.java:45)
	at com.spotify.docker.client.DefaultDockerClientTest.dockerApiVersionAtLeast(DefaultDockerClientTest.java:404)
	at com.spotify.docker.client.DefaultDockerClientTest.tearDown(DefaultDockerClientTest.java:356)
	at sun.reflect.GeneratedMethodAccessor11.invoke(Unknown Source)
	at sun.reflect.DelegatingMethodAccessorImpl.invoke(DelegatingMethodAccessorImpl.java:43)
	at java.lang.reflect.Method.invoke(Method.java:498)
	at org.junit.runners.model.FrameworkMethod$1.runReflectiveCall(FrameworkMethod.java:50)
	at org.junit.internal.runners.model.ReflectiveCallable.run(ReflectiveCallable.java:12)
	at org.junit.runners.model.FrameworkMethod.invokeExplosively(FrameworkMethod.java:47)
	at org.junit.internal.runners.statements.RunAfters.evaluate(RunAfters.java:33)
	at org.junit.rules.ExpectedException$ExpectedExceptionStatement.evaluate(ExpectedException.java:239)
	at org.junit.rules.TestWatcher$1.evaluate(TestWatcher.java:55)
	at org.junit.rules.RunRules.evaluate(RunRules.java:20)
	at org.junit.runners.ParentRunner.runLeaf(ParentRunner.java:325)
	at org.junit.runners.BlockJUnit4ClassRunner.runChild(BlockJUnit4ClassRunner.java:78)
	at org.junit.runners.BlockJUnit4ClassRunner.runChild(BlockJUnit4ClassRunner.java:57)
	at org.junit.runners.ParentRunner$3.run(ParentRunner.java:290)
	at org.junit.runners.ParentRunner$1.schedule(ParentRunner.java:71)
	at org.junit.runners.ParentRunner.runChildren(ParentRunner.java:288)
	at org.junit.runners.ParentRunner.access$000(ParentRunner.java:58)
	at org.junit.runners.ParentRunner$2.evaluate(ParentRunner.java:268)
	at org.junit.runners.ParentRunner.run(ParentRunner.java:363)
	at org.apache.maven.surefire.junit4.JUnit4Provider.execute(JUnit4Provider.java:252)
	at org.apache.maven.surefire.junit4.JUnit4Provider.executeTestSet(JUnit4Provider.java:141)
	at org.apache.maven.surefire.junit4.JUnit4Provider.invoke(JUnit4Provider.java:112)
	at sun.reflect.NativeMethodAccessorImpl.invoke0(Native Method)
	at sun.reflect.NativeMethodAccessorImpl.invoke(NativeMethodAccessorImpl.java:62)
	at sun.reflect.DelegatingMethodAccessorImpl.invoke(DelegatingMethodAccessorImpl.java:43)
	at java.lang.reflect.Method.invoke(Method.java:498)
	at org.apache.maven.surefire.util.ReflectionUtils.invokeMethodWithArray(ReflectionUtils.java:189)
	at org.apache.maven.surefire.booter.ProviderFactory$ProviderProxy.invoke(ProviderFactory.java:165)
	at org.apache.maven.surefire.booter.ProviderFactory.invokeProvider(ProviderFactory.java:85)
	at org.apache.maven.surefire.booter.ForkedBooter.runSuitesInProcess(ForkedBooter.java:115)
	at org.apache.maven.surefire.booter.ForkedBooter.main(ForkedBooter.java:75)
</error>
  </testcase>
  <testcase classname="com.spotify.docker.client.DefaultDockerClientTest" name="testBadAuth" time="0.025">
    <error message="java.util.concurrent.ExecutionException: javax.ws.rs.ProcessingException: java.io.IOException: No such file or directory" type="com.spotify.docker.client.exceptions.DockerException">com.spotify.docker.client.exceptions.DockerException: java.util.concurrent.ExecutionException: javax.ws.rs.ProcessingException: java.io.IOException: No such file or directory
	at com.spotify.docker.client.DefaultDockerClient.propagate(DefaultDockerClient.java:2812)
	at com.spotify.docker.client.DefaultDockerClient.request(DefaultDockerClient.java:2676)
	at com.spotify.docker.client.DefaultDockerClient.version(DefaultDockerClient.java:572)
	at com.spotify.docker.client.DefaultDockerClientTest.setup(DefaultDockerClientTest.java:349)
	at sun.reflect.GeneratedMethodAccessor10.invoke(Unknown Source)
	at sun.reflect.DelegatingMethodAccessorImpl.invoke(DelegatingMethodAccessorImpl.java:43)
	at java.lang.reflect.Method.invoke(Method.java:498)
	at org.junit.runners.model.FrameworkMethod$1.runReflectiveCall(FrameworkMethod.java:50)
	at org.junit.internal.runners.model.ReflectiveCallable.run(ReflectiveCallable.java:12)
	at org.junit.runners.model.FrameworkMethod.invokeExplosively(FrameworkMethod.java:47)
	at org.junit.internal.runners.statements.RunBefores.evaluate(RunBefores.java:24)
	at org.junit.internal.runners.statements.RunAfters.evaluate(RunAfters.java:27)
	at org.junit.rules.ExpectedException$ExpectedExceptionStatement.evaluate(ExpectedException.java:239)
	at org.junit.rules.TestWatcher$1.evaluate(TestWatcher.java:55)
	at org.junit.rules.RunRules.evaluate(RunRules.java:20)
	at org.junit.runners.ParentRunner.runLeaf(ParentRunner.java:325)
	at org.junit.runners.BlockJUnit4ClassRunner.runChild(BlockJUnit4ClassRunner.java:78)
	at org.junit.runners.BlockJUnit4ClassRunner.runChild(BlockJUnit4ClassRunner.java:57)
	at org.junit.runners.ParentRunner$3.run(ParentRunner.java:290)
	at org.junit.runners.ParentRunner$1.schedule(ParentRunner.java:71)
	at org.junit.runners.ParentRunner.runChildren(ParentRunner.java:288)
	at org.junit.runners.ParentRunner.access$000(ParentRunner.java:58)
	at org.junit.runners.ParentRunner$2.evaluate(ParentRunner.java:268)
	at org.junit.runners.ParentRunner.run(ParentRunner.java:363)
	at org.apache.maven.surefire.junit4.JUnit4Provider.execute(JUnit4Provider.java:252)
	at org.apache.maven.surefire.junit4.JUnit4Provider.executeTestSet(JUnit4Provider.java:141)
	at org.apache.maven.surefire.junit4.JUnit4Provider.invoke(JUnit4Provider.java:112)
	at sun.reflect.NativeMethodAccessorImpl.invoke0(Native Method)
	at sun.reflect.NativeMethodAccessorImpl.invoke(NativeMethodAccessorImpl.java:62)
	at sun.reflect.DelegatingMethodAccessorImpl.invoke(DelegatingMethodAccessorImpl.java:43)
	at java.lang.reflect.Method.invoke(Method.java:498)
	at org.apache.maven.surefire.util.ReflectionUtils.invokeMethodWithArray(ReflectionUtils.java:189)
	at org.apache.maven.surefire.booter.ProviderFactory$ProviderProxy.invoke(ProviderFactory.java:165)
	at org.apache.maven.surefire.booter.ProviderFactory.invokeProvider(ProviderFactory.java:85)
	at org.apache.maven.surefire.booter.ForkedBooter.runSuitesInProcess(ForkedBooter.java:115)
	at org.apache.maven.surefire.booter.ForkedBooter.main(ForkedBooter.java:75)
Caused by: java.util.concurrent.ExecutionException: javax.ws.rs.ProcessingException: java.io.IOException: No such file or directory
	at jersey.repackaged.com.google.common.util.concurrent.AbstractFuture$Sync.getValue(AbstractFuture.java:299)
	at jersey.repackaged.com.google.common.util.concurrent.AbstractFuture$Sync.get(AbstractFuture.java:286)
	at jersey.repackaged.com.google.common.util.concurrent.AbstractFuture.get(AbstractFuture.java:116)
	at com.spotify.docker.client.DefaultDockerClient.request(DefaultDockerClient.java:2674)
	... 34 more
Caused by: javax.ws.rs.ProcessingException: java.io.IOException: No such file or directory
	at org.glassfish.jersey.apache.connector.ApacheConnector.apply(ApacheConnector.java:481)
	at org.glassfish.jersey.apache.connector.ApacheConnector$1.run(ApacheConnector.java:491)
	at java.util.concurrent.Executors$RunnableAdapter.call(Executors.java:511)
	at java.util.concurrent.FutureTask.run(FutureTask.java:266)
	at jersey.repackaged.com.google.common.util.concurrent.MoreExecutors$DirectExecutorService.execute(MoreExecutors.java:299)
	at java.util.concurrent.AbstractExecutorService.submit(AbstractExecutorService.java:112)
	at jersey.repackaged.com.google.common.util.concurrent.AbstractListeningExecutorService.submit(AbstractListeningExecutorService.java:50)
	at jersey.repackaged.com.google.common.util.concurrent.AbstractListeningExecutorService.submit(AbstractListeningExecutorService.java:37)
	at org.glassfish.jersey.apache.connector.ApacheConnector.apply(ApacheConnector.java:487)
	at org.glassfish.jersey.client.ClientRuntime$2.run(ClientRuntime.java:178)
	at org.glassfish.jersey.internal.Errors$1.call(Errors.java:271)
	at org.glassfish.jersey.internal.Errors$1.call(Errors.java:267)
	at org.glassfish.jersey.internal.Errors.process(Errors.java:315)
	at org.glassfish.jersey.internal.Errors.process(Errors.java:297)
	at org.glassfish.jersey.internal.Errors.process(Errors.java:267)
	at org.glassfish.jersey.process.internal.RequestScope.runInScope(RequestScope.java:340)
	at org.glassfish.jersey.client.ClientRuntime$3.run(ClientRuntime.java:210)
	at java.util.concurrent.Executors$RunnableAdapter.call(Executors.java:511)
	at java.util.concurrent.FutureTask.run(FutureTask.java:266)
	at java.util.concurrent.ThreadPoolExecutor.runWorker(ThreadPoolExecutor.java:1142)
	at java.util.concurrent.ThreadPoolExecutor$Worker.run(ThreadPoolExecutor.java:617)
	at java.lang.Thread.run(Thread.java:745)
Caused by: java.io.IOException: No such file or directory
	at jnr.unixsocket.UnixSocketChannel.doConnect(UnixSocketChannel.java:127)
	at jnr.unixsocket.UnixSocketChannel.connect(UnixSocketChannel.java:136)
	at jnr.unixsocket.UnixSocketChannel.connect(UnixSocketChannel.java:223)
	at com.spotify.docker.client.UnixConnectionSocketFactory.connectSocket(UnixConnectionSocketFactory.java:85)
	at org.apache.http.impl.conn.DefaultHttpClientConnectionOperator.connect(DefaultHttpClientConnectionOperator.java:134)
	at org.apache.http.impl.conn.PoolingHttpClientConnectionManager.connect(PoolingHttpClientConnectionManager.java:353)
	at org.apache.http.impl.execchain.MainClientExec.establishRoute(MainClientExec.java:380)
	at org.apache.http.impl.execchain.MainClientExec.execute(MainClientExec.java:236)
	at org.apache.http.impl.execchain.ProtocolExec.execute(ProtocolExec.java:184)
	at org.apache.http.impl.execchain.RetryExec.execute(RetryExec.java:88)
	at org.apache.http.impl.execchain.RedirectExec.execute(RedirectExec.java:110)
	at org.apache.http.impl.client.InternalHttpClient.doExecute(InternalHttpClient.java:184)
	at org.apache.http.impl.client.CloseableHttpClient.execute(CloseableHttpClient.java:71)
	at org.glassfish.jersey.apache.connector.ApacheConnector.apply(ApacheConnector.java:435)
	... 21 more
</error>
    <system-err>Jun 02, 2018 7:44:40 AM org.apache.http.impl.execchain.RetryExec execute
INFO: I/O exception (java.io.IOException) caught when processing request to {}-&gt;unix://localhost:80: No such file or directory
Jun 02, 2018 7:44:40 AM org.apache.http.impl.execchain.RetryExec execute
INFO: Retrying request to {}-&gt;unix://localhost:80
Jun 02, 2018 7:44:40 AM org.apache.http.impl.execchain.RetryExec execute
INFO: I/O exception (java.io.IOException) caught when processing request to {}-&gt;unix://localhost:80: No such file or directory
Jun 02, 2018 7:44:40 AM org.apache.http.impl.execchain.RetryExec execute
INFO: Retrying request to {}-&gt;unix://localhost:80
Jun 02, 2018 7:44:40 AM org.apache.http.impl.execchain.RetryExec execute
INFO: I/O exception (java.io.IOException) caught when processing request to {}-&gt;unix://localhost:80: No such file or directory
Jun 02, 2018 7:44:40 AM org.apache.http.impl.execchain.RetryExec execute
INFO: Retrying request to {}-&gt;unix://localhost:80
</system-err>
  </testcase>
  <testcase classname="com.spotify.docker.client.DefaultDockerClientTest" name="testBadAuth" time="0.026">
    <error type="java.lang.NullPointerException">java.lang.NullPointerException
	at com.spotify.docker.client.VersionCompare.compareVersion(VersionCompare.java:45)
	at com.spotify.docker.client.DefaultDockerClientTest.dockerApiVersionAtLeast(DefaultDockerClientTest.java:404)
	at com.spotify.docker.client.DefaultDockerClientTest.tearDown(DefaultDockerClientTest.java:356)
	at sun.reflect.GeneratedMethodAccessor11.invoke(Unknown Source)
	at sun.reflect.DelegatingMethodAccessorImpl.invoke(DelegatingMethodAccessorImpl.java:43)
	at java.lang.reflect.Method.invoke(Method.java:498)
	at org.junit.runners.model.FrameworkMethod$1.runReflectiveCall(FrameworkMethod.java:50)
	at org.junit.internal.runners.model.ReflectiveCallable.run(ReflectiveCallable.java:12)
	at org.junit.runners.model.FrameworkMethod.invokeExplosively(FrameworkMethod.java:47)
	at org.junit.internal.runners.statements.RunAfters.evaluate(RunAfters.java:33)
	at org.junit.rules.ExpectedException$ExpectedExceptionStatement.evaluate(ExpectedException.java:239)
	at org.junit.rules.TestWatcher$1.evaluate(TestWatcher.java:55)
	at org.junit.rules.RunRules.evaluate(RunRules.java:20)
	at org.junit.runners.ParentRunner.runLeaf(ParentRunner.java:325)
	at org.junit.runners.BlockJUnit4ClassRunner.runChild(BlockJUnit4ClassRunner.java:78)
	at org.junit.runners.BlockJUnit4ClassRunner.runChild(BlockJUnit4ClassRunner.java:57)
	at org.junit.runners.ParentRunner$3.run(ParentRunner.java:290)
	at org.junit.runners.ParentRunner$1.schedule(ParentRunner.java:71)
	at org.junit.runners.ParentRunner.runChildren(ParentRunner.java:288)
	at org.junit.runners.ParentRunner.access$000(ParentRunner.java:58)
	at org.junit.runners.ParentRunner$2.evaluate(ParentRunner.java:268)
	at org.junit.runners.ParentRunner.run(ParentRunner.java:363)
	at org.apache.maven.surefire.junit4.JUnit4Provider.execute(JUnit4Provider.java:252)
	at org.apache.maven.surefire.junit4.JUnit4Provider.executeTestSet(JUnit4Provider.java:141)
	at org.apache.maven.surefire.junit4.JUnit4Provider.invoke(JUnit4Provider.java:112)
	at sun.reflect.NativeMethodAccessorImpl.invoke0(Native Method)
	at sun.reflect.NativeMethodAccessorImpl.invoke(NativeMethodAccessorImpl.java:62)
	at sun.reflect.DelegatingMethodAccessorImpl.invoke(DelegatingMethodAccessorImpl.java:43)
	at java.lang.reflect.Method.invoke(Method.java:498)
	at org.apache.maven.surefire.util.ReflectionUtils.invokeMethodWithArray(ReflectionUtils.java:189)
	at org.apache.maven.surefire.booter.ProviderFactory$ProviderProxy.invoke(ProviderFactory.java:165)
	at org.apache.maven.surefire.booter.ProviderFactory.invokeProvider(ProviderFactory.java:85)
	at org.apache.maven.surefire.booter.ForkedBooter.runSuitesInProcess(ForkedBooter.java:115)
	at org.apache.maven.surefire.booter.ForkedBooter.main(ForkedBooter.java:75)
</error>
  </testcase>
  <testcase classname="com.spotify.docker.client.DefaultDockerClientTest" name="testBuildName" time="0.026">
    <error message="java.util.concurrent.ExecutionException: javax.ws.rs.ProcessingException: java.io.IOException: No such file or directory" type="com.spotify.docker.client.exceptions.DockerException">com.spotify.docker.client.exceptions.DockerException: java.util.concurrent.ExecutionException: javax.ws.rs.ProcessingException: java.io.IOException: No such file or directory
	at com.spotify.docker.client.DefaultDockerClient.propagate(DefaultDockerClient.java:2812)
	at com.spotify.docker.client.DefaultDockerClient.request(DefaultDockerClient.java:2676)
	at com.spotify.docker.client.DefaultDockerClient.version(DefaultDockerClient.java:572)
	at com.spotify.docker.client.DefaultDockerClientTest.setup(DefaultDockerClientTest.java:349)
	at sun.reflect.GeneratedMethodAccessor10.invoke(Unknown Source)
	at sun.reflect.DelegatingMethodAccessorImpl.invoke(DelegatingMethodAccessorImpl.java:43)
	at java.lang.reflect.Method.invoke(Method.java:498)
	at org.junit.runners.model.FrameworkMethod$1.runReflectiveCall(FrameworkMethod.java:50)
	at org.junit.internal.runners.model.ReflectiveCallable.run(ReflectiveCallable.java:12)
	at org.junit.runners.model.FrameworkMethod.invokeExplosively(FrameworkMethod.java:47)
	at org.junit.internal.runners.statements.RunBefores.evaluate(RunBefores.java:24)
	at org.junit.internal.runners.statements.RunAfters.evaluate(RunAfters.java:27)
	at org.junit.rules.ExpectedException$ExpectedExceptionStatement.evaluate(ExpectedException.java:239)
	at org.junit.rules.TestWatcher$1.evaluate(TestWatcher.java:55)
	at org.junit.rules.RunRules.evaluate(RunRules.java:20)
	at org.junit.runners.ParentRunner.runLeaf(ParentRunner.java:325)
	at org.junit.runners.BlockJUnit4ClassRunner.runChild(BlockJUnit4ClassRunner.java:78)
	at org.junit.runners.BlockJUnit4ClassRunner.runChild(BlockJUnit4ClassRunner.java:57)
	at org.junit.runners.ParentRunner$3.run(ParentRunner.java:290)
	at org.junit.runners.ParentRunner$1.schedule(ParentRunner.java:71)
	at org.junit.runners.ParentRunner.runChildren(ParentRunner.java:288)
	at org.junit.runners.ParentRunner.access$000(ParentRunner.java:58)
	at org.junit.runners.ParentRunner$2.evaluate(ParentRunner.java:268)
	at org.junit.runners.ParentRunner.run(ParentRunner.java:363)
	at org.apache.maven.surefire.junit4.JUnit4Provider.execute(JUnit4Provider.java:252)
	at org.apache.maven.surefire.junit4.JUnit4Provider.executeTestSet(JUnit4Provider.java:141)
	at org.apache.maven.surefire.junit4.JUnit4Provider.invoke(JUnit4Provider.java:112)
	at sun.reflect.NativeMethodAccessorImpl.invoke0(Native Method)
	at sun.reflect.NativeMethodAccessorImpl.invoke(NativeMethodAccessorImpl.java:62)
	at sun.reflect.DelegatingMethodAccessorImpl.invoke(DelegatingMethodAccessorImpl.java:43)
	at java.lang.reflect.Method.invoke(Method.java:498)
	at org.apache.maven.surefire.util.ReflectionUtils.invokeMethodWithArray(ReflectionUtils.java:189)
	at org.apache.maven.surefire.booter.ProviderFactory$ProviderProxy.invoke(ProviderFactory.java:165)
	at org.apache.maven.surefire.booter.ProviderFactory.invokeProvider(ProviderFactory.java:85)
	at org.apache.maven.surefire.booter.ForkedBooter.runSuitesInProcess(ForkedBooter.java:115)
	at org.apache.maven.surefire.booter.ForkedBooter.main(ForkedBooter.java:75)
Caused by: java.util.concurrent.ExecutionException: javax.ws.rs.ProcessingException: java.io.IOException: No such file or directory
	at jersey.repackaged.com.google.common.util.concurrent.AbstractFuture$Sync.getValue(AbstractFuture.java:299)
	at jersey.repackaged.com.google.common.util.concurrent.AbstractFuture$Sync.get(AbstractFuture.java:286)
	at jersey.repackaged.com.google.common.util.concurrent.AbstractFuture.get(AbstractFuture.java:116)
	at com.spotify.docker.client.DefaultDockerClient.request(DefaultDockerClient.java:2674)
	... 34 more
Caused by: javax.ws.rs.ProcessingException: java.io.IOException: No such file or directory
	at org.glassfish.jersey.apache.connector.ApacheConnector.apply(ApacheConnector.java:481)
	at org.glassfish.jersey.apache.connector.ApacheConnector$1.run(ApacheConnector.java:491)
	at java.util.concurrent.Executors$RunnableAdapter.call(Executors.java:511)
	at java.util.concurrent.FutureTask.run(FutureTask.java:266)
	at jersey.repackaged.com.google.common.util.concurrent.MoreExecutors$DirectExecutorService.execute(MoreExecutors.java:299)
	at java.util.concurrent.AbstractExecutorService.submit(AbstractExecutorService.java:112)
	at jersey.repackaged.com.google.common.util.concurrent.AbstractListeningExecutorService.submit(AbstractListeningExecutorService.java:50)
	at jersey.repackaged.com.google.common.util.concurrent.AbstractListeningExecutorService.submit(AbstractListeningExecutorService.java:37)
	at org.glassfish.jersey.apache.connector.ApacheConnector.apply(ApacheConnector.java:487)
	at org.glassfish.jersey.client.ClientRuntime$2.run(ClientRuntime.java:178)
	at org.glassfish.jersey.internal.Errors$1.call(Errors.java:271)
	at org.glassfish.jersey.internal.Errors$1.call(Errors.java:267)
	at org.glassfish.jersey.internal.Errors.process(Errors.java:315)
	at org.glassfish.jersey.internal.Errors.process(Errors.java:297)
	at org.glassfish.jersey.internal.Errors.process(Errors.java:267)
	at org.glassfish.jersey.process.internal.RequestScope.runInScope(RequestScope.java:340)
	at org.glassfish.jersey.client.ClientRuntime$3.run(ClientRuntime.java:210)
	at java.util.concurrent.Executors$RunnableAdapter.call(Executors.java:511)
	at java.util.concurrent.FutureTask.run(FutureTask.java:266)
	at java.util.concurrent.ThreadPoolExecutor.runWorker(ThreadPoolExecutor.java:1142)
	at java.util.concurrent.ThreadPoolExecutor$Worker.run(ThreadPoolExecutor.java:617)
	at java.lang.Thread.run(Thread.java:745)
Caused by: java.io.IOException: No such file or directory
	at jnr.unixsocket.UnixSocketChannel.doConnect(UnixSocketChannel.java:127)
	at jnr.unixsocket.UnixSocketChannel.connect(UnixSocketChannel.java:136)
	at jnr.unixsocket.UnixSocketChannel.connect(UnixSocketChannel.java:223)
	at com.spotify.docker.client.UnixConnectionSocketFactory.connectSocket(UnixConnectionSocketFactory.java:85)
	at org.apache.http.impl.conn.DefaultHttpClientConnectionOperator.connect(DefaultHttpClientConnectionOperator.java:134)
	at org.apache.http.impl.conn.PoolingHttpClientConnectionManager.connect(PoolingHttpClientConnectionManager.java:353)
	at org.apache.http.impl.execchain.MainClientExec.establishRoute(MainClientExec.java:380)
	at org.apache.http.impl.execchain.MainClientExec.execute(MainClientExec.java:236)
	at org.apache.http.impl.execchain.ProtocolExec.execute(ProtocolExec.java:184)
	at org.apache.http.impl.execchain.RetryExec.execute(RetryExec.java:88)
	at org.apache.http.impl.execchain.RedirectExec.execute(RedirectExec.java:110)
	at org.apache.http.impl.client.InternalHttpClient.doExecute(InternalHttpClient.java:184)
	at org.apache.http.impl.client.CloseableHttpClient.execute(CloseableHttpClient.java:71)
	at org.glassfish.jersey.apache.connector.ApacheConnector.apply(ApacheConnector.java:435)
	... 21 more
</error>
    <system-err>Jun 02, 2018 7:44:40 AM org.apache.http.impl.execchain.RetryExec execute
INFO: I/O exception (java.io.IOException) caught when processing request to {}-&gt;unix://localhost:80: No such file or directory
Jun 02, 2018 7:44:40 AM org.apache.http.impl.execchain.RetryExec execute
INFO: Retrying request to {}-&gt;unix://localhost:80
Jun 02, 2018 7:44:40 AM org.apache.http.impl.execchain.RetryExec execute
INFO: I/O exception (java.io.IOException) caught when processing request to {}-&gt;unix://localhost:80: No such file or directory
Jun 02, 2018 7:44:40 AM org.apache.http.impl.execchain.RetryExec execute
INFO: Retrying request to {}-&gt;unix://localhost:80
Jun 02, 2018 7:44:40 AM org.apache.http.impl.execchain.RetryExec execute
INFO: I/O exception (java.io.IOException) caught when processing request to {}-&gt;unix://localhost:80: No such file or directory
Jun 02, 2018 7:44:40 AM org.apache.http.impl.execchain.RetryExec execute
INFO: Retrying request to {}-&gt;unix://localhost:80
</system-err>
  </testcase>
  <testcase classname="com.spotify.docker.client.DefaultDockerClientTest" name="testBuildName" time="0.026">
    <error type="java.lang.NullPointerException">java.lang.NullPointerException
	at com.spotify.docker.client.VersionCompare.compareVersion(VersionCompare.java:45)
	at com.spotify.docker.client.DefaultDockerClientTest.dockerApiVersionAtLeast(DefaultDockerClientTest.java:404)
	at com.spotify.docker.client.DefaultDockerClientTest.tearDown(DefaultDockerClientTest.java:356)
	at sun.reflect.GeneratedMethodAccessor11.invoke(Unknown Source)
	at sun.reflect.DelegatingMethodAccessorImpl.invoke(DelegatingMethodAccessorImpl.java:43)
	at java.lang.reflect.Method.invoke(Method.java:498)
	at org.junit.runners.model.FrameworkMethod$1.runReflectiveCall(FrameworkMethod.java:50)
	at org.junit.internal.runners.model.ReflectiveCallable.run(ReflectiveCallable.java:12)
	at org.junit.runners.model.FrameworkMethod.invokeExplosively(FrameworkMethod.java:47)
	at org.junit.internal.runners.statements.RunAfters.evaluate(RunAfters.java:33)
	at org.junit.rules.ExpectedException$ExpectedExceptionStatement.evaluate(ExpectedException.java:239)
	at org.junit.rules.TestWatcher$1.evaluate(TestWatcher.java:55)
	at org.junit.rules.RunRules.evaluate(RunRules.java:20)
	at org.junit.runners.ParentRunner.runLeaf(ParentRunner.java:325)
	at org.junit.runners.BlockJUnit4ClassRunner.runChild(BlockJUnit4ClassRunner.java:78)
	at org.junit.runners.BlockJUnit4ClassRunner.runChild(BlockJUnit4ClassRunner.java:57)
	at org.junit.runners.ParentRunner$3.run(ParentRunner.java:290)
	at org.junit.runners.ParentRunner$1.schedule(ParentRunner.java:71)
	at org.junit.runners.ParentRunner.runChildren(ParentRunner.java:288)
	at org.junit.runners.ParentRunner.access$000(ParentRunner.java:58)
	at org.junit.runners.ParentRunner$2.evaluate(ParentRunner.java:268)
	at org.junit.runners.ParentRunner.run(ParentRunner.java:363)
	at org.apache.maven.surefire.junit4.JUnit4Provider.execute(JUnit4Provider.java:252)
	at org.apache.maven.surefire.junit4.JUnit4Provider.executeTestSet(JUnit4Provider.java:141)
	at org.apache.maven.surefire.junit4.JUnit4Provider.invoke(JUnit4Provider.java:112)
	at sun.reflect.NativeMethodAccessorImpl.invoke0(Native Method)
	at sun.reflect.NativeMethodAccessorImpl.invoke(NativeMethodAccessorImpl.java:62)
	at sun.reflect.DelegatingMethodAccessorImpl.invoke(DelegatingMethodAccessorImpl.java:43)
	at java.lang.reflect.Method.invoke(Method.java:498)
	at org.apache.maven.surefire.util.ReflectionUtils.invokeMethodWithArray(ReflectionUtils.java:189)
	at org.apache.maven.surefire.booter.ProviderFactory$ProviderProxy.invoke(ProviderFactory.java:165)
	at org.apache.maven.surefire.booter.ProviderFactory.invokeProvider(ProviderFactory.java:85)
	at org.apache.maven.surefire.booter.ForkedBooter.runSuitesInProcess(ForkedBooter.java:115)
	at org.apache.maven.surefire.booter.ForkedBooter.main(ForkedBooter.java:75)
</error>
  </testcase>
  <testcase classname="com.spotify.docker.client.DefaultDockerClientTest" name="testBuildNoRm" time="0.023">
    <error message="java.util.concurrent.ExecutionException: javax.ws.rs.ProcessingException: java.io.IOException: No such file or directory" type="com.spotify.docker.client.exceptions.DockerException">com.spotify.docker.client.exceptions.DockerException: java.util.concurrent.ExecutionException: javax.ws.rs.ProcessingException: java.io.IOException: No such file or directory
	at com.spotify.docker.client.DefaultDockerClient.propagate(DefaultDockerClient.java:2812)
	at com.spotify.docker.client.DefaultDockerClient.request(DefaultDockerClient.java:2676)
	at com.spotify.docker.client.DefaultDockerClient.version(DefaultDockerClient.java:572)
	at com.spotify.docker.client.DefaultDockerClientTest.setup(DefaultDockerClientTest.java:349)
	at sun.reflect.GeneratedMethodAccessor10.invoke(Unknown Source)
	at sun.reflect.DelegatingMethodAccessorImpl.invoke(DelegatingMethodAccessorImpl.java:43)
	at java.lang.reflect.Method.invoke(Method.java:498)
	at org.junit.runners.model.FrameworkMethod$1.runReflectiveCall(FrameworkMethod.java:50)
	at org.junit.internal.runners.model.ReflectiveCallable.run(ReflectiveCallable.java:12)
	at org.junit.runners.model.FrameworkMethod.invokeExplosively(FrameworkMethod.java:47)
	at org.junit.internal.runners.statements.RunBefores.evaluate(RunBefores.java:24)
	at org.junit.internal.runners.statements.RunAfters.evaluate(RunAfters.java:27)
	at org.junit.rules.ExpectedException$ExpectedExceptionStatement.evaluate(ExpectedException.java:239)
	at org.junit.rules.TestWatcher$1.evaluate(TestWatcher.java:55)
	at org.junit.rules.RunRules.evaluate(RunRules.java:20)
	at org.junit.runners.ParentRunner.runLeaf(ParentRunner.java:325)
	at org.junit.runners.BlockJUnit4ClassRunner.runChild(BlockJUnit4ClassRunner.java:78)
	at org.junit.runners.BlockJUnit4ClassRunner.runChild(BlockJUnit4ClassRunner.java:57)
	at org.junit.runners.ParentRunner$3.run(ParentRunner.java:290)
	at org.junit.runners.ParentRunner$1.schedule(ParentRunner.java:71)
	at org.junit.runners.ParentRunner.runChildren(ParentRunner.java:288)
	at org.junit.runners.ParentRunner.access$000(ParentRunner.java:58)
	at org.junit.runners.ParentRunner$2.evaluate(ParentRunner.java:268)
	at org.junit.runners.ParentRunner.run(ParentRunner.java:363)
	at org.apache.maven.surefire.junit4.JUnit4Provider.execute(JUnit4Provider.java:252)
	at org.apache.maven.surefire.junit4.JUnit4Provider.executeTestSet(JUnit4Provider.java:141)
	at org.apache.maven.surefire.junit4.JUnit4Provider.invoke(JUnit4Provider.java:112)
	at sun.reflect.NativeMethodAccessorImpl.invoke0(Native Method)
	at sun.reflect.NativeMethodAccessorImpl.invoke(NativeMethodAccessorImpl.java:62)
	at sun.reflect.DelegatingMethodAccessorImpl.invoke(DelegatingMethodAccessorImpl.java:43)
	at java.lang.reflect.Method.invoke(Method.java:498)
	at org.apache.maven.surefire.util.ReflectionUtils.invokeMethodWithArray(ReflectionUtils.java:189)
	at org.apache.maven.surefire.booter.ProviderFactory$ProviderProxy.invoke(ProviderFactory.java:165)
	at org.apache.maven.surefire.booter.ProviderFactory.invokeProvider(ProviderFactory.java:85)
	at org.apache.maven.surefire.booter.ForkedBooter.runSuitesInProcess(ForkedBooter.java:115)
	at org.apache.maven.surefire.booter.ForkedBooter.main(ForkedBooter.java:75)
Caused by: java.util.concurrent.ExecutionException: javax.ws.rs.ProcessingException: java.io.IOException: No such file or directory
	at jersey.repackaged.com.google.common.util.concurrent.AbstractFuture$Sync.getValue(AbstractFuture.java:299)
	at jersey.repackaged.com.google.common.util.concurrent.AbstractFuture$Sync.get(AbstractFuture.java:286)
	at jersey.repackaged.com.google.common.util.concurrent.AbstractFuture.get(AbstractFuture.java:116)
	at com.spotify.docker.client.DefaultDockerClient.request(DefaultDockerClient.java:2674)
	... 34 more
Caused by: javax.ws.rs.ProcessingException: java.io.IOException: No such file or directory
	at org.glassfish.jersey.apache.connector.ApacheConnector.apply(ApacheConnector.java:481)
	at org.glassfish.jersey.apache.connector.ApacheConnector$1.run(ApacheConnector.java:491)
	at java.util.concurrent.Executors$RunnableAdapter.call(Executors.java:511)
	at java.util.concurrent.FutureTask.run(FutureTask.java:266)
	at jersey.repackaged.com.google.common.util.concurrent.MoreExecutors$DirectExecutorService.execute(MoreExecutors.java:299)
	at java.util.concurrent.AbstractExecutorService.submit(AbstractExecutorService.java:112)
	at jersey.repackaged.com.google.common.util.concurrent.AbstractListeningExecutorService.submit(AbstractListeningExecutorService.java:50)
	at jersey.repackaged.com.google.common.util.concurrent.AbstractListeningExecutorService.submit(AbstractListeningExecutorService.java:37)
	at org.glassfish.jersey.apache.connector.ApacheConnector.apply(ApacheConnector.java:487)
	at org.glassfish.jersey.client.ClientRuntime$2.run(ClientRuntime.java:178)
	at org.glassfish.jersey.internal.Errors$1.call(Errors.java:271)
	at org.glassfish.jersey.internal.Errors$1.call(Errors.java:267)
	at org.glassfish.jersey.internal.Errors.process(Errors.java:315)
	at org.glassfish.jersey.internal.Errors.process(Errors.java:297)
	at org.glassfish.jersey.internal.Errors.process(Errors.java:267)
	at org.glassfish.jersey.process.internal.RequestScope.runInScope(RequestScope.java:340)
	at org.glassfish.jersey.client.ClientRuntime$3.run(ClientRuntime.java:210)
	at java.util.concurrent.Executors$RunnableAdapter.call(Executors.java:511)
	at java.util.concurrent.FutureTask.run(FutureTask.java:266)
	at java.util.concurrent.ThreadPoolExecutor.runWorker(ThreadPoolExecutor.java:1142)
	at java.util.concurrent.ThreadPoolExecutor$Worker.run(ThreadPoolExecutor.java:617)
	at java.lang.Thread.run(Thread.java:745)
Caused by: java.io.IOException: No such file or directory
	at jnr.unixsocket.UnixSocketChannel.doConnect(UnixSocketChannel.java:127)
	at jnr.unixsocket.UnixSocketChannel.connect(UnixSocketChannel.java:136)
	at jnr.unixsocket.UnixSocketChannel.connect(UnixSocketChannel.java:223)
	at com.spotify.docker.client.UnixConnectionSocketFactory.connectSocket(UnixConnectionSocketFactory.java:85)
	at org.apache.http.impl.conn.DefaultHttpClientConnectionOperator.connect(DefaultHttpClientConnectionOperator.java:134)
	at org.apache.http.impl.conn.PoolingHttpClientConnectionManager.connect(PoolingHttpClientConnectionManager.java:353)
	at org.apache.http.impl.execchain.MainClientExec.establishRoute(MainClientExec.java:380)
	at org.apache.http.impl.execchain.MainClientExec.execute(MainClientExec.java:236)
	at org.apache.http.impl.execchain.ProtocolExec.execute(ProtocolExec.java:184)
	at org.apache.http.impl.execchain.RetryExec.execute(RetryExec.java:88)
	at org.apache.http.impl.execchain.RedirectExec.execute(RedirectExec.java:110)
	at org.apache.http.impl.client.InternalHttpClient.doExecute(InternalHttpClient.java:184)
	at org.apache.http.impl.client.CloseableHttpClient.execute(CloseableHttpClient.java:71)
	at org.glassfish.jersey.apache.connector.ApacheConnector.apply(ApacheConnector.java:435)
	... 21 more
</error>
    <system-err>Jun 02, 2018 7:44:40 AM org.apache.http.impl.execchain.RetryExec execute
INFO: I/O exception (java.io.IOException) caught when processing request to {}-&gt;unix://localhost:80: No such file or directory
Jun 02, 2018 7:44:40 AM org.apache.http.impl.execchain.RetryExec execute
INFO: Retrying request to {}-&gt;unix://localhost:80
Jun 02, 2018 7:44:40 AM org.apache.http.impl.execchain.RetryExec execute
INFO: I/O exception (java.io.IOException) caught when processing request to {}-&gt;unix://localhost:80: No such file or directory
Jun 02, 2018 7:44:40 AM org.apache.http.impl.execchain.RetryExec execute
INFO: Retrying request to {}-&gt;unix://localhost:80
Jun 02, 2018 7:44:40 AM org.apache.http.impl.execchain.RetryExec execute
INFO: I/O exception (java.io.IOException) caught when processing request to {}-&gt;unix://localhost:80: No such file or directory
Jun 02, 2018 7:44:40 AM org.apache.http.impl.execchain.RetryExec execute
INFO: Retrying request to {}-&gt;unix://localhost:80
</system-err>
  </testcase>
  <testcase classname="com.spotify.docker.client.DefaultDockerClientTest" name="testBuildNoRm" time="0.023">
    <error type="java.lang.NullPointerException">java.lang.NullPointerException
	at com.spotify.docker.client.VersionCompare.compareVersion(VersionCompare.java:45)
	at com.spotify.docker.client.DefaultDockerClientTest.dockerApiVersionAtLeast(DefaultDockerClientTest.java:404)
	at com.spotify.docker.client.DefaultDockerClientTest.tearDown(DefaultDockerClientTest.java:356)
	at sun.reflect.GeneratedMethodAccessor11.invoke(Unknown Source)
	at sun.reflect.DelegatingMethodAccessorImpl.invoke(DelegatingMethodAccessorImpl.java:43)
	at java.lang.reflect.Method.invoke(Method.java:498)
	at org.junit.runners.model.FrameworkMethod$1.runReflectiveCall(FrameworkMethod.java:50)
	at org.junit.internal.runners.model.ReflectiveCallable.run(ReflectiveCallable.java:12)
	at org.junit.runners.model.FrameworkMethod.invokeExplosively(FrameworkMethod.java:47)
	at org.junit.internal.runners.statements.RunAfters.evaluate(RunAfters.java:33)
	at org.junit.rules.ExpectedException$ExpectedExceptionStatement.evaluate(ExpectedException.java:239)
	at org.junit.rules.TestWatcher$1.evaluate(TestWatcher.java:55)
	at org.junit.rules.RunRules.evaluate(RunRules.java:20)
	at org.junit.runners.ParentRunner.runLeaf(ParentRunner.java:325)
	at org.junit.runners.BlockJUnit4ClassRunner.runChild(BlockJUnit4ClassRunner.java:78)
	at org.junit.runners.BlockJUnit4ClassRunner.runChild(BlockJUnit4ClassRunner.java:57)
	at org.junit.runners.ParentRunner$3.run(ParentRunner.java:290)
	at org.junit.runners.ParentRunner$1.schedule(ParentRunner.java:71)
	at org.junit.runners.ParentRunner.runChildren(ParentRunner.java:288)
	at org.junit.runners.ParentRunner.access$000(ParentRunner.java:58)
	at org.junit.runners.ParentRunner$2.evaluate(ParentRunner.java:268)
	at org.junit.runners.ParentRunner.run(ParentRunner.java:363)
	at org.apache.maven.surefire.junit4.JUnit4Provider.execute(JUnit4Provider.java:252)
	at org.apache.maven.surefire.junit4.JUnit4Provider.executeTestSet(JUnit4Provider.java:141)
	at org.apache.maven.surefire.junit4.JUnit4Provider.invoke(JUnit4Provider.java:112)
	at sun.reflect.NativeMethodAccessorImpl.invoke0(Native Method)
	at sun.reflect.NativeMethodAccessorImpl.invoke(NativeMethodAccessorImpl.java:62)
	at sun.reflect.DelegatingMethodAccessorImpl.invoke(DelegatingMethodAccessorImpl.java:43)
	at java.lang.reflect.Method.invoke(Method.java:498)
	at org.apache.maven.surefire.util.ReflectionUtils.invokeMethodWithArray(ReflectionUtils.java:189)
	at org.apache.maven.surefire.booter.ProviderFactory$ProviderProxy.invoke(ProviderFactory.java:165)
	at org.apache.maven.surefire.booter.ProviderFactory.invokeProvider(ProviderFactory.java:85)
	at org.apache.maven.surefire.booter.ForkedBooter.runSuitesInProcess(ForkedBooter.java:115)
	at org.apache.maven.surefire.booter.ForkedBooter.main(ForkedBooter.java:75)
</error>
  </testcase>
  <testcase classname="com.spotify.docker.client.DefaultDockerClientTest" name="testRemoveBadImage" time="0.024">
    <error message="java.util.concurrent.ExecutionException: javax.ws.rs.ProcessingException: java.io.IOException: No such file or directory" type="com.spotify.docker.client.exceptions.DockerException">com.spotify.docker.client.exceptions.DockerException: java.util.concurrent.ExecutionException: javax.ws.rs.ProcessingException: java.io.IOException: No such file or directory
	at com.spotify.docker.client.DefaultDockerClient.propagate(DefaultDockerClient.java:2812)
	at com.spotify.docker.client.DefaultDockerClient.request(DefaultDockerClient.java:2676)
	at com.spotify.docker.client.DefaultDockerClient.version(DefaultDockerClient.java:572)
	at com.spotify.docker.client.DefaultDockerClientTest.setup(DefaultDockerClientTest.java:349)
	at sun.reflect.GeneratedMethodAccessor10.invoke(Unknown Source)
	at sun.reflect.DelegatingMethodAccessorImpl.invoke(DelegatingMethodAccessorImpl.java:43)
	at java.lang.reflect.Method.invoke(Method.java:498)
	at org.junit.runners.model.FrameworkMethod$1.runReflectiveCall(FrameworkMethod.java:50)
	at org.junit.internal.runners.model.ReflectiveCallable.run(ReflectiveCallable.java:12)
	at org.junit.runners.model.FrameworkMethod.invokeExplosively(FrameworkMethod.java:47)
	at org.junit.internal.runners.statements.RunBefores.evaluate(RunBefores.java:24)
	at org.junit.internal.runners.statements.RunAfters.evaluate(RunAfters.java:27)
	at org.junit.rules.ExpectedException$ExpectedExceptionStatement.evaluate(ExpectedException.java:239)
	at org.junit.rules.TestWatcher$1.evaluate(TestWatcher.java:55)
	at org.junit.rules.RunRules.evaluate(RunRules.java:20)
	at org.junit.runners.ParentRunner.runLeaf(ParentRunner.java:325)
	at org.junit.runners.BlockJUnit4ClassRunner.runChild(BlockJUnit4ClassRunner.java:78)
	at org.junit.runners.BlockJUnit4ClassRunner.runChild(BlockJUnit4ClassRunner.java:57)
	at org.junit.runners.ParentRunner$3.run(ParentRunner.java:290)
	at org.junit.runners.ParentRunner$1.schedule(ParentRunner.java:71)
	at org.junit.runners.ParentRunner.runChildren(ParentRunner.java:288)
	at org.junit.runners.ParentRunner.access$000(ParentRunner.java:58)
	at org.junit.runners.ParentRunner$2.evaluate(ParentRunner.java:268)
	at org.junit.runners.ParentRunner.run(ParentRunner.java:363)
	at org.apache.maven.surefire.junit4.JUnit4Provider.execute(JUnit4Provider.java:252)
	at org.apache.maven.surefire.junit4.JUnit4Provider.executeTestSet(JUnit4Provider.java:141)
	at org.apache.maven.surefire.junit4.JUnit4Provider.invoke(JUnit4Provider.java:112)
	at sun.reflect.NativeMethodAccessorImpl.invoke0(Native Method)
	at sun.reflect.NativeMethodAccessorImpl.invoke(NativeMethodAccessorImpl.java:62)
	at sun.reflect.DelegatingMethodAccessorImpl.invoke(DelegatingMethodAccessorImpl.java:43)
	at java.lang.reflect.Method.invoke(Method.java:498)
	at org.apache.maven.surefire.util.ReflectionUtils.invokeMethodWithArray(ReflectionUtils.java:189)
	at org.apache.maven.surefire.booter.ProviderFactory$ProviderProxy.invoke(ProviderFactory.java:165)
	at org.apache.maven.surefire.booter.ProviderFactory.invokeProvider(ProviderFactory.java:85)
	at org.apache.maven.surefire.booter.ForkedBooter.runSuitesInProcess(ForkedBooter.java:115)
	at org.apache.maven.surefire.booter.ForkedBooter.main(ForkedBooter.java:75)
Caused by: java.util.concurrent.ExecutionException: javax.ws.rs.ProcessingException: java.io.IOException: No such file or directory
	at jersey.repackaged.com.google.common.util.concurrent.AbstractFuture$Sync.getValue(AbstractFuture.java:299)
	at jersey.repackaged.com.google.common.util.concurrent.AbstractFuture$Sync.get(AbstractFuture.java:286)
	at jersey.repackaged.com.google.common.util.concurrent.AbstractFuture.get(AbstractFuture.java:116)
	at com.spotify.docker.client.DefaultDockerClient.request(DefaultDockerClient.java:2674)
	... 34 more
Caused by: javax.ws.rs.ProcessingException: java.io.IOException: No such file or directory
	at org.glassfish.jersey.apache.connector.ApacheConnector.apply(ApacheConnector.java:481)
	at org.glassfish.jersey.apache.connector.ApacheConnector$1.run(ApacheConnector.java:491)
	at java.util.concurrent.Executors$RunnableAdapter.call(Executors.java:511)
	at java.util.concurrent.FutureTask.run(FutureTask.java:266)
	at jersey.repackaged.com.google.common.util.concurrent.MoreExecutors$DirectExecutorService.execute(MoreExecutors.java:299)
	at java.util.concurrent.AbstractExecutorService.submit(AbstractExecutorService.java:112)
	at jersey.repackaged.com.google.common.util.concurrent.AbstractListeningExecutorService.submit(AbstractListeningExecutorService.java:50)
	at jersey.repackaged.com.google.common.util.concurrent.AbstractListeningExecutorService.submit(AbstractListeningExecutorService.java:37)
	at org.glassfish.jersey.apache.connector.ApacheConnector.apply(ApacheConnector.java:487)
	at org.glassfish.jersey.client.ClientRuntime$2.run(ClientRuntime.java:178)
	at org.glassfish.jersey.internal.Errors$1.call(Errors.java:271)
	at org.glassfish.jersey.internal.Errors$1.call(Errors.java:267)
	at org.glassfish.jersey.internal.Errors.process(Errors.java:315)
	at org.glassfish.jersey.internal.Errors.process(Errors.java:297)
	at org.glassfish.jersey.internal.Errors.process(Errors.java:267)
	at org.glassfish.jersey.process.internal.RequestScope.runInScope(RequestScope.java:340)
	at org.glassfish.jersey.client.ClientRuntime$3.run(ClientRuntime.java:210)
	at java.util.concurrent.Executors$RunnableAdapter.call(Executors.java:511)
	at java.util.concurrent.FutureTask.run(FutureTask.java:266)
	at java.util.concurrent.ThreadPoolExecutor.runWorker(ThreadPoolExecutor.java:1142)
	at java.util.concurrent.ThreadPoolExecutor$Worker.run(ThreadPoolExecutor.java:617)
	at java.lang.Thread.run(Thread.java:745)
Caused by: java.io.IOException: No such file or directory
	at jnr.unixsocket.UnixSocketChannel.doConnect(UnixSocketChannel.java:127)
	at jnr.unixsocket.UnixSocketChannel.connect(UnixSocketChannel.java:136)
	at jnr.unixsocket.UnixSocketChannel.connect(UnixSocketChannel.java:223)
	at com.spotify.docker.client.UnixConnectionSocketFactory.connectSocket(UnixConnectionSocketFactory.java:85)
	at org.apache.http.impl.conn.DefaultHttpClientConnectionOperator.connect(DefaultHttpClientConnectionOperator.java:134)
	at org.apache.http.impl.conn.PoolingHttpClientConnectionManager.connect(PoolingHttpClientConnectionManager.java:353)
	at org.apache.http.impl.execchain.MainClientExec.establishRoute(MainClientExec.java:380)
	at org.apache.http.impl.execchain.MainClientExec.execute(MainClientExec.java:236)
	at org.apache.http.impl.execchain.ProtocolExec.execute(ProtocolExec.java:184)
	at org.apache.http.impl.execchain.RetryExec.execute(RetryExec.java:88)
	at org.apache.http.impl.execchain.RedirectExec.execute(RedirectExec.java:110)
	at org.apache.http.impl.client.InternalHttpClient.doExecute(InternalHttpClient.java:184)
	at org.apache.http.impl.client.CloseableHttpClient.execute(CloseableHttpClient.java:71)
	at org.glassfish.jersey.apache.connector.ApacheConnector.apply(ApacheConnector.java:435)
	... 21 more
</error>
    <system-err>Jun 02, 2018 7:44:40 AM org.apache.http.impl.execchain.RetryExec execute
INFO: I/O exception (java.io.IOException) caught when processing request to {}-&gt;unix://localhost:80: No such file or directory
Jun 02, 2018 7:44:40 AM org.apache.http.impl.execchain.RetryExec execute
INFO: Retrying request to {}-&gt;unix://localhost:80
Jun 02, 2018 7:44:40 AM org.apache.http.impl.execchain.RetryExec execute
INFO: I/O exception (java.io.IOException) caught when processing request to {}-&gt;unix://localhost:80: No such file or directory
Jun 02, 2018 7:44:40 AM org.apache.http.impl.execchain.RetryExec execute
INFO: Retrying request to {}-&gt;unix://localhost:80
Jun 02, 2018 7:44:40 AM org.apache.http.impl.execchain.RetryExec execute
INFO: I/O exception (java.io.IOException) caught when processing request to {}-&gt;unix://localhost:80: No such file or directory
Jun 02, 2018 7:44:40 AM org.apache.http.impl.execchain.RetryExec execute
INFO: Retrying request to {}-&gt;unix://localhost:80
</system-err>
  </testcase>
  <testcase classname="com.spotify.docker.client.DefaultDockerClientTest" name="testRemoveBadImage" time="0.024">
    <error type="java.lang.NullPointerException">java.lang.NullPointerException
	at com.spotify.docker.client.VersionCompare.compareVersion(VersionCompare.java:45)
	at com.spotify.docker.client.DefaultDockerClientTest.dockerApiVersionAtLeast(DefaultDockerClientTest.java:404)
	at com.spotify.docker.client.DefaultDockerClientTest.tearDown(DefaultDockerClientTest.java:356)
	at sun.reflect.GeneratedMethodAccessor11.invoke(Unknown Source)
	at sun.reflect.DelegatingMethodAccessorImpl.invoke(DelegatingMethodAccessorImpl.java:43)
	at java.lang.reflect.Method.invoke(Method.java:498)
	at org.junit.runners.model.FrameworkMethod$1.runReflectiveCall(FrameworkMethod.java:50)
	at org.junit.internal.runners.model.ReflectiveCallable.run(ReflectiveCallable.java:12)
	at org.junit.runners.model.FrameworkMethod.invokeExplosively(FrameworkMethod.java:47)
	at org.junit.internal.runners.statements.RunAfters.evaluate(RunAfters.java:33)
	at org.junit.rules.ExpectedException$ExpectedExceptionStatement.evaluate(ExpectedException.java:239)
	at org.junit.rules.TestWatcher$1.evaluate(TestWatcher.java:55)
	at org.junit.rules.RunRules.evaluate(RunRules.java:20)
	at org.junit.runners.ParentRunner.runLeaf(ParentRunner.java:325)
	at org.junit.runners.BlockJUnit4ClassRunner.runChild(BlockJUnit4ClassRunner.java:78)
	at org.junit.runners.BlockJUnit4ClassRunner.runChild(BlockJUnit4ClassRunner.java:57)
	at org.junit.runners.ParentRunner$3.run(ParentRunner.java:290)
	at org.junit.runners.ParentRunner$1.schedule(ParentRunner.java:71)
	at org.junit.runners.ParentRunner.runChildren(ParentRunner.java:288)
	at org.junit.runners.ParentRunner.access$000(ParentRunner.java:58)
	at org.junit.runners.ParentRunner$2.evaluate(ParentRunner.java:268)
	at org.junit.runners.ParentRunner.run(ParentRunner.java:363)
	at org.apache.maven.surefire.junit4.JUnit4Provider.execute(JUnit4Provider.java:252)
	at org.apache.maven.surefire.junit4.JUnit4Provider.executeTestSet(JUnit4Provider.java:141)
	at org.apache.maven.surefire.junit4.JUnit4Provider.invoke(JUnit4Provider.java:112)
	at sun.reflect.NativeMethodAccessorImpl.invoke0(Native Method)
	at sun.reflect.NativeMethodAccessorImpl.invoke(NativeMethodAccessorImpl.java:62)
	at sun.reflect.DelegatingMethodAccessorImpl.invoke(DelegatingMethodAccessorImpl.java:43)
	at java.lang.reflect.Method.invoke(Method.java:498)
	at org.apache.maven.surefire.util.ReflectionUtils.invokeMethodWithArray(ReflectionUtils.java:189)
	at org.apache.maven.surefire.booter.ProviderFactory$ProviderProxy.invoke(ProviderFactory.java:165)
	at org.apache.maven.surefire.booter.ProviderFactory.invokeProvider(ProviderFactory.java:85)
	at org.apache.maven.surefire.booter.ForkedBooter.runSuitesInProcess(ForkedBooter.java:115)
	at org.apache.maven.surefire.booter.ForkedBooter.main(ForkedBooter.java:75)
</error>
  </testcase>
  <testcase classname="com.spotify.docker.client.DefaultDockerClientTest" name="testListImages" time="0.024">
    <error message="java.util.concurrent.ExecutionException: javax.ws.rs.ProcessingException: java.io.IOException: No such file or directory" type="com.spotify.docker.client.exceptions.DockerException">com.spotify.docker.client.exceptions.DockerException: java.util.concurrent.ExecutionException: javax.ws.rs.ProcessingException: java.io.IOException: No such file or directory
	at com.spotify.docker.client.DefaultDockerClient.propagate(DefaultDockerClient.java:2812)
	at com.spotify.docker.client.DefaultDockerClient.request(DefaultDockerClient.java:2676)
	at com.spotify.docker.client.DefaultDockerClient.version(DefaultDockerClient.java:572)
	at com.spotify.docker.client.DefaultDockerClientTest.setup(DefaultDockerClientTest.java:349)
	at sun.reflect.GeneratedMethodAccessor10.invoke(Unknown Source)
	at sun.reflect.DelegatingMethodAccessorImpl.invoke(DelegatingMethodAccessorImpl.java:43)
	at java.lang.reflect.Method.invoke(Method.java:498)
	at org.junit.runners.model.FrameworkMethod$1.runReflectiveCall(FrameworkMethod.java:50)
	at org.junit.internal.runners.model.ReflectiveCallable.run(ReflectiveCallable.java:12)
	at org.junit.runners.model.FrameworkMethod.invokeExplosively(FrameworkMethod.java:47)
	at org.junit.internal.runners.statements.RunBefores.evaluate(RunBefores.java:24)
	at org.junit.internal.runners.statements.RunAfters.evaluate(RunAfters.java:27)
	at org.junit.rules.ExpectedException$ExpectedExceptionStatement.evaluate(ExpectedException.java:239)
	at org.junit.rules.TestWatcher$1.evaluate(TestWatcher.java:55)
	at org.junit.rules.RunRules.evaluate(RunRules.java:20)
	at org.junit.runners.ParentRunner.runLeaf(ParentRunner.java:325)
	at org.junit.runners.BlockJUnit4ClassRunner.runChild(BlockJUnit4ClassRunner.java:78)
	at org.junit.runners.BlockJUnit4ClassRunner.runChild(BlockJUnit4ClassRunner.java:57)
	at org.junit.runners.ParentRunner$3.run(ParentRunner.java:290)
	at org.junit.runners.ParentRunner$1.schedule(ParentRunner.java:71)
	at org.junit.runners.ParentRunner.runChildren(ParentRunner.java:288)
	at org.junit.runners.ParentRunner.access$000(ParentRunner.java:58)
	at org.junit.runners.ParentRunner$2.evaluate(ParentRunner.java:268)
	at org.junit.runners.ParentRunner.run(ParentRunner.java:363)
	at org.apache.maven.surefire.junit4.JUnit4Provider.execute(JUnit4Provider.java:252)
	at org.apache.maven.surefire.junit4.JUnit4Provider.executeTestSet(JUnit4Provider.java:141)
	at org.apache.maven.surefire.junit4.JUnit4Provider.invoke(JUnit4Provider.java:112)
	at sun.reflect.NativeMethodAccessorImpl.invoke0(Native Method)
	at sun.reflect.NativeMethodAccessorImpl.invoke(NativeMethodAccessorImpl.java:62)
	at sun.reflect.DelegatingMethodAccessorImpl.invoke(DelegatingMethodAccessorImpl.java:43)
	at java.lang.reflect.Method.invoke(Method.java:498)
	at org.apache.maven.surefire.util.ReflectionUtils.invokeMethodWithArray(ReflectionUtils.java:189)
	at org.apache.maven.surefire.booter.ProviderFactory$ProviderProxy.invoke(ProviderFactory.java:165)
	at org.apache.maven.surefire.booter.ProviderFactory.invokeProvider(ProviderFactory.java:85)
	at org.apache.maven.surefire.booter.ForkedBooter.runSuitesInProcess(ForkedBooter.java:115)
	at org.apache.maven.surefire.booter.ForkedBooter.main(ForkedBooter.java:75)
Caused by: java.util.concurrent.ExecutionException: javax.ws.rs.ProcessingException: java.io.IOException: No such file or directory
	at jersey.repackaged.com.google.common.util.concurrent.AbstractFuture$Sync.getValue(AbstractFuture.java:299)
	at jersey.repackaged.com.google.common.util.concurrent.AbstractFuture$Sync.get(AbstractFuture.java:286)
	at jersey.repackaged.com.google.common.util.concurrent.AbstractFuture.get(AbstractFuture.java:116)
	at com.spotify.docker.client.DefaultDockerClient.request(DefaultDockerClient.java:2674)
	... 34 more
Caused by: javax.ws.rs.ProcessingException: java.io.IOException: No such file or directory
	at org.glassfish.jersey.apache.connector.ApacheConnector.apply(ApacheConnector.java:481)
	at org.glassfish.jersey.apache.connector.ApacheConnector$1.run(ApacheConnector.java:491)
	at java.util.concurrent.Executors$RunnableAdapter.call(Executors.java:511)
	at java.util.concurrent.FutureTask.run(FutureTask.java:266)
	at jersey.repackaged.com.google.common.util.concurrent.MoreExecutors$DirectExecutorService.execute(MoreExecutors.java:299)
	at java.util.concurrent.AbstractExecutorService.submit(AbstractExecutorService.java:112)
	at jersey.repackaged.com.google.common.util.concurrent.AbstractListeningExecutorService.submit(AbstractListeningExecutorService.java:50)
	at jersey.repackaged.com.google.common.util.concurrent.AbstractListeningExecutorService.submit(AbstractListeningExecutorService.java:37)
	at org.glassfish.jersey.apache.connector.ApacheConnector.apply(ApacheConnector.java:487)
	at org.glassfish.jersey.client.ClientRuntime$2.run(ClientRuntime.java:178)
	at org.glassfish.jersey.internal.Errors$1.call(Errors.java:271)
	at org.glassfish.jersey.internal.Errors$1.call(Errors.java:267)
	at org.glassfish.jersey.internal.Errors.process(Errors.java:315)
	at org.glassfish.jersey.internal.Errors.process(Errors.java:297)
	at org.glassfish.jersey.internal.Errors.process(Errors.java:267)
	at org.glassfish.jersey.process.internal.RequestScope.runInScope(RequestScope.java:340)
	at org.glassfish.jersey.client.ClientRuntime$3.run(ClientRuntime.java:210)
	at java.util.concurrent.Executors$RunnableAdapter.call(Executors.java:511)
	at java.util.concurrent.FutureTask.run(FutureTask.java:266)
	at java.util.concurrent.ThreadPoolExecutor.runWorker(ThreadPoolExecutor.java:1142)
	at java.util.concurrent.ThreadPoolExecutor$Worker.run(ThreadPoolExecutor.java:617)
	at java.lang.Thread.run(Thread.java:745)
Caused by: java.io.IOException: No such file or directory
	at jnr.unixsocket.UnixSocketChannel.doConnect(UnixSocketChannel.java:127)
	at jnr.unixsocket.UnixSocketChannel.connect(UnixSocketChannel.java:136)
	at jnr.unixsocket.UnixSocketChannel.connect(UnixSocketChannel.java:223)
	at com.spotify.docker.client.UnixConnectionSocketFactory.connectSocket(UnixConnectionSocketFactory.java:85)
	at org.apache.http.impl.conn.DefaultHttpClientConnectionOperator.connect(DefaultHttpClientConnectionOperator.java:134)
	at org.apache.http.impl.conn.PoolingHttpClientConnectionManager.connect(PoolingHttpClientConnectionManager.java:353)
	at org.apache.http.impl.execchain.MainClientExec.establishRoute(MainClientExec.java:380)
	at org.apache.http.impl.execchain.MainClientExec.execute(MainClientExec.java:236)
	at org.apache.http.impl.execchain.ProtocolExec.execute(ProtocolExec.java:184)
	at org.apache.http.impl.execchain.RetryExec.execute(RetryExec.java:88)
	at org.apache.http.impl.execchain.RedirectExec.execute(RedirectExec.java:110)
	at org.apache.http.impl.client.InternalHttpClient.doExecute(InternalHttpClient.java:184)
	at org.apache.http.impl.client.CloseableHttpClient.execute(CloseableHttpClient.java:71)
	at org.glassfish.jersey.apache.connector.ApacheConnector.apply(ApacheConnector.java:435)
	... 21 more
</error>
    <system-err>Jun 02, 2018 7:44:40 AM org.apache.http.impl.execchain.RetryExec execute
INFO: I/O exception (java.io.IOException) caught when processing request to {}-&gt;unix://localhost:80: No such file or directory
Jun 02, 2018 7:44:40 AM org.apache.http.impl.execchain.RetryExec execute
INFO: Retrying request to {}-&gt;unix://localhost:80
Jun 02, 2018 7:44:40 AM org.apache.http.impl.execchain.RetryExec execute
INFO: I/O exception (java.io.IOException) caught when processing request to {}-&gt;unix://localhost:80: No such file or directory
Jun 02, 2018 7:44:40 AM org.apache.http.impl.execchain.RetryExec execute
INFO: Retrying request to {}-&gt;unix://localhost:80
Jun 02, 2018 7:44:40 AM org.apache.http.impl.execchain.RetryExec execute
INFO: I/O exception (java.io.IOException) caught when processing request to {}-&gt;unix://localhost:80: No such file or directory
Jun 02, 2018 7:44:40 AM org.apache.http.impl.execchain.RetryExec execute
INFO: Retrying request to {}-&gt;unix://localhost:80
</system-err>
  </testcase>
  <testcase classname="com.spotify.docker.client.DefaultDockerClientTest" name="testListImages" time="0.025">
    <error type="java.lang.NullPointerException">java.lang.NullPointerException
	at com.spotify.docker.client.VersionCompare.compareVersion(VersionCompare.java:45)
	at com.spotify.docker.client.DefaultDockerClientTest.dockerApiVersionAtLeast(DefaultDockerClientTest.java:404)
	at com.spotify.docker.client.DefaultDockerClientTest.tearDown(DefaultDockerClientTest.java:356)
	at sun.reflect.GeneratedMethodAccessor11.invoke(Unknown Source)
	at sun.reflect.DelegatingMethodAccessorImpl.invoke(DelegatingMethodAccessorImpl.java:43)
	at java.lang.reflect.Method.invoke(Method.java:498)
	at org.junit.runners.model.FrameworkMethod$1.runReflectiveCall(FrameworkMethod.java:50)
	at org.junit.internal.runners.model.ReflectiveCallable.run(ReflectiveCallable.java:12)
	at org.junit.runners.model.FrameworkMethod.invokeExplosively(FrameworkMethod.java:47)
	at org.junit.internal.runners.statements.RunAfters.evaluate(RunAfters.java:33)
	at org.junit.rules.ExpectedException$ExpectedExceptionStatement.evaluate(ExpectedException.java:239)
	at org.junit.rules.TestWatcher$1.evaluate(TestWatcher.java:55)
	at org.junit.rules.RunRules.evaluate(RunRules.java:20)
	at org.junit.runners.ParentRunner.runLeaf(ParentRunner.java:325)
	at org.junit.runners.BlockJUnit4ClassRunner.runChild(BlockJUnit4ClassRunner.java:78)
	at org.junit.runners.BlockJUnit4ClassRunner.runChild(BlockJUnit4ClassRunner.java:57)
	at org.junit.runners.ParentRunner$3.run(ParentRunner.java:290)
	at org.junit.runners.ParentRunner$1.schedule(ParentRunner.java:71)
	at org.junit.runners.ParentRunner.runChildren(ParentRunner.java:288)
	at org.junit.runners.ParentRunner.access$000(ParentRunner.java:58)
	at org.junit.runners.ParentRunner$2.evaluate(ParentRunner.java:268)
	at org.junit.runners.ParentRunner.run(ParentRunner.java:363)
	at org.apache.maven.surefire.junit4.JUnit4Provider.execute(JUnit4Provider.java:252)
	at org.apache.maven.surefire.junit4.JUnit4Provider.executeTestSet(JUnit4Provider.java:141)
	at org.apache.maven.surefire.junit4.JUnit4Provider.invoke(JUnit4Provider.java:112)
	at sun.reflect.NativeMethodAccessorImpl.invoke0(Native Method)
	at sun.reflect.NativeMethodAccessorImpl.invoke(NativeMethodAccessorImpl.java:62)
	at sun.reflect.DelegatingMethodAccessorImpl.invoke(DelegatingMethodAccessorImpl.java:43)
	at java.lang.reflect.Method.invoke(Method.java:498)
	at org.apache.maven.surefire.util.ReflectionUtils.invokeMethodWithArray(ReflectionUtils.java:189)
	at org.apache.maven.surefire.booter.ProviderFactory$ProviderProxy.invoke(ProviderFactory.java:165)
	at org.apache.maven.surefire.booter.ProviderFactory.invokeProvider(ProviderFactory.java:85)
	at org.apache.maven.surefire.booter.ForkedBooter.runSuitesInProcess(ForkedBooter.java:115)
	at org.apache.maven.surefire.booter.ForkedBooter.main(ForkedBooter.java:75)
</error>
  </testcase>
  <testcase classname="com.spotify.docker.client.DefaultDockerClientTest" name="testListNodes" time="0.025">
    <error message="java.util.concurrent.ExecutionException: javax.ws.rs.ProcessingException: java.io.IOException: No such file or directory" type="com.spotify.docker.client.exceptions.DockerException">com.spotify.docker.client.exceptions.DockerException: java.util.concurrent.ExecutionException: javax.ws.rs.ProcessingException: java.io.IOException: No such file or directory
	at com.spotify.docker.client.DefaultDockerClient.propagate(DefaultDockerClient.java:2812)
	at com.spotify.docker.client.DefaultDockerClient.request(DefaultDockerClient.java:2676)
	at com.spotify.docker.client.DefaultDockerClient.version(DefaultDockerClient.java:572)
	at com.spotify.docker.client.DefaultDockerClientTest.setup(DefaultDockerClientTest.java:349)
	at sun.reflect.GeneratedMethodAccessor10.invoke(Unknown Source)
	at sun.reflect.DelegatingMethodAccessorImpl.invoke(DelegatingMethodAccessorImpl.java:43)
	at java.lang.reflect.Method.invoke(Method.java:498)
	at org.junit.runners.model.FrameworkMethod$1.runReflectiveCall(FrameworkMethod.java:50)
	at org.junit.internal.runners.model.ReflectiveCallable.run(ReflectiveCallable.java:12)
	at org.junit.runners.model.FrameworkMethod.invokeExplosively(FrameworkMethod.java:47)
	at org.junit.internal.runners.statements.RunBefores.evaluate(RunBefores.java:24)
	at org.junit.internal.runners.statements.RunAfters.evaluate(RunAfters.java:27)
	at org.junit.rules.ExpectedException$ExpectedExceptionStatement.evaluate(ExpectedException.java:239)
	at org.junit.rules.TestWatcher$1.evaluate(TestWatcher.java:55)
	at org.junit.rules.RunRules.evaluate(RunRules.java:20)
	at org.junit.runners.ParentRunner.runLeaf(ParentRunner.java:325)
	at org.junit.runners.BlockJUnit4ClassRunner.runChild(BlockJUnit4ClassRunner.java:78)
	at org.junit.runners.BlockJUnit4ClassRunner.runChild(BlockJUnit4ClassRunner.java:57)
	at org.junit.runners.ParentRunner$3.run(ParentRunner.java:290)
	at org.junit.runners.ParentRunner$1.schedule(ParentRunner.java:71)
	at org.junit.runners.ParentRunner.runChildren(ParentRunner.java:288)
	at org.junit.runners.ParentRunner.access$000(ParentRunner.java:58)
	at org.junit.runners.ParentRunner$2.evaluate(ParentRunner.java:268)
	at org.junit.runners.ParentRunner.run(ParentRunner.java:363)
	at org.apache.maven.surefire.junit4.JUnit4Provider.execute(JUnit4Provider.java:252)
	at org.apache.maven.surefire.junit4.JUnit4Provider.executeTestSet(JUnit4Provider.java:141)
	at org.apache.maven.surefire.junit4.JUnit4Provider.invoke(JUnit4Provider.java:112)
	at sun.reflect.NativeMethodAccessorImpl.invoke0(Native Method)
	at sun.reflect.NativeMethodAccessorImpl.invoke(NativeMethodAccessorImpl.java:62)
	at sun.reflect.DelegatingMethodAccessorImpl.invoke(DelegatingMethodAccessorImpl.java:43)
	at java.lang.reflect.Method.invoke(Method.java:498)
	at org.apache.maven.surefire.util.ReflectionUtils.invokeMethodWithArray(ReflectionUtils.java:189)
	at org.apache.maven.surefire.booter.ProviderFactory$ProviderProxy.invoke(ProviderFactory.java:165)
	at org.apache.maven.surefire.booter.ProviderFactory.invokeProvider(ProviderFactory.java:85)
	at org.apache.maven.surefire.booter.ForkedBooter.runSuitesInProcess(ForkedBooter.java:115)
	at org.apache.maven.surefire.booter.ForkedBooter.main(ForkedBooter.java:75)
Caused by: java.util.concurrent.ExecutionException: javax.ws.rs.ProcessingException: java.io.IOException: No such file or directory
	at jersey.repackaged.com.google.common.util.concurrent.AbstractFuture$Sync.getValue(AbstractFuture.java:299)
	at jersey.repackaged.com.google.common.util.concurrent.AbstractFuture$Sync.get(AbstractFuture.java:286)
	at jersey.repackaged.com.google.common.util.concurrent.AbstractFuture.get(AbstractFuture.java:116)
	at com.spotify.docker.client.DefaultDockerClient.request(DefaultDockerClient.java:2674)
	... 34 more
Caused by: javax.ws.rs.ProcessingException: java.io.IOException: No such file or directory
	at org.glassfish.jersey.apache.connector.ApacheConnector.apply(ApacheConnector.java:481)
	at org.glassfish.jersey.apache.connector.ApacheConnector$1.run(ApacheConnector.java:491)
	at java.util.concurrent.Executors$RunnableAdapter.call(Executors.java:511)
	at java.util.concurrent.FutureTask.run(FutureTask.java:266)
	at jersey.repackaged.com.google.common.util.concurrent.MoreExecutors$DirectExecutorService.execute(MoreExecutors.java:299)
	at java.util.concurrent.AbstractExecutorService.submit(AbstractExecutorService.java:112)
	at jersey.repackaged.com.google.common.util.concurrent.AbstractListeningExecutorService.submit(AbstractListeningExecutorService.java:50)
	at jersey.repackaged.com.google.common.util.concurrent.AbstractListeningExecutorService.submit(AbstractListeningExecutorService.java:37)
	at org.glassfish.jersey.apache.connector.ApacheConnector.apply(ApacheConnector.java:487)
	at org.glassfish.jersey.client.ClientRuntime$2.run(ClientRuntime.java:178)
	at org.glassfish.jersey.internal.Errors$1.call(Errors.java:271)
	at org.glassfish.jersey.internal.Errors$1.call(Errors.java:267)
	at org.glassfish.jersey.internal.Errors.process(Errors.java:315)
	at org.glassfish.jersey.internal.Errors.process(Errors.java:297)
	at org.glassfish.jersey.internal.Errors.process(Errors.java:267)
	at org.glassfish.jersey.process.internal.RequestScope.runInScope(RequestScope.java:340)
	at org.glassfish.jersey.client.ClientRuntime$3.run(ClientRuntime.java:210)
	at java.util.concurrent.Executors$RunnableAdapter.call(Executors.java:511)
	at java.util.concurrent.FutureTask.run(FutureTask.java:266)
	at java.util.concurrent.ThreadPoolExecutor.runWorker(ThreadPoolExecutor.java:1142)
	at java.util.concurrent.ThreadPoolExecutor$Worker.run(ThreadPoolExecutor.java:617)
	at java.lang.Thread.run(Thread.java:745)
Caused by: java.io.IOException: No such file or directory
	at jnr.unixsocket.UnixSocketChannel.doConnect(UnixSocketChannel.java:127)
	at jnr.unixsocket.UnixSocketChannel.connect(UnixSocketChannel.java:136)
	at jnr.unixsocket.UnixSocketChannel.connect(UnixSocketChannel.java:223)
	at com.spotify.docker.client.UnixConnectionSocketFactory.connectSocket(UnixConnectionSocketFactory.java:85)
	at org.apache.http.impl.conn.DefaultHttpClientConnectionOperator.connect(DefaultHttpClientConnectionOperator.java:134)
	at org.apache.http.impl.conn.PoolingHttpClientConnectionManager.connect(PoolingHttpClientConnectionManager.java:353)
	at org.apache.http.impl.execchain.MainClientExec.establishRoute(MainClientExec.java:380)
	at org.apache.http.impl.execchain.MainClientExec.execute(MainClientExec.java:236)
	at org.apache.http.impl.execchain.ProtocolExec.execute(ProtocolExec.java:184)
	at org.apache.http.impl.execchain.RetryExec.execute(RetryExec.java:88)
	at org.apache.http.impl.execchain.RedirectExec.execute(RedirectExec.java:110)
	at org.apache.http.impl.client.InternalHttpClient.doExecute(InternalHttpClient.java:184)
	at org.apache.http.impl.client.CloseableHttpClient.execute(CloseableHttpClient.java:71)
	at org.glassfish.jersey.apache.connector.ApacheConnector.apply(ApacheConnector.java:435)
	... 21 more
</error>
    <system-err>Jun 02, 2018 7:44:40 AM org.apache.http.impl.execchain.RetryExec execute
INFO: I/O exception (java.io.IOException) caught when processing request to {}-&gt;unix://localhost:80: No such file or directory
Jun 02, 2018 7:44:40 AM org.apache.http.impl.execchain.RetryExec execute
INFO: Retrying request to {}-&gt;unix://localhost:80
Jun 02, 2018 7:44:40 AM org.apache.http.impl.execchain.RetryExec execute
INFO: I/O exception (java.io.IOException) caught when processing request to {}-&gt;unix://localhost:80: No such file or directory
Jun 02, 2018 7:44:40 AM org.apache.http.impl.execchain.RetryExec execute
INFO: Retrying request to {}-&gt;unix://localhost:80
Jun 02, 2018 7:44:40 AM org.apache.http.impl.execchain.RetryExec execute
INFO: I/O exception (java.io.IOException) caught when processing request to {}-&gt;unix://localhost:80: No such file or directory
Jun 02, 2018 7:44:40 AM org.apache.http.impl.execchain.RetryExec execute
INFO: Retrying request to {}-&gt;unix://localhost:80
</system-err>
  </testcase>
  <testcase classname="com.spotify.docker.client.DefaultDockerClientTest" name="testListNodes" time="0.025">
    <error type="java.lang.NullPointerException">java.lang.NullPointerException
	at com.spotify.docker.client.VersionCompare.compareVersion(VersionCompare.java:45)
	at com.spotify.docker.client.DefaultDockerClientTest.dockerApiVersionAtLeast(DefaultDockerClientTest.java:404)
	at com.spotify.docker.client.DefaultDockerClientTest.tearDown(DefaultDockerClientTest.java:356)
	at sun.reflect.GeneratedMethodAccessor11.invoke(Unknown Source)
	at sun.reflect.DelegatingMethodAccessorImpl.invoke(DelegatingMethodAccessorImpl.java:43)
	at java.lang.reflect.Method.invoke(Method.java:498)
	at org.junit.runners.model.FrameworkMethod$1.runReflectiveCall(FrameworkMethod.java:50)
	at org.junit.internal.runners.model.ReflectiveCallable.run(ReflectiveCallable.java:12)
	at org.junit.runners.model.FrameworkMethod.invokeExplosively(FrameworkMethod.java:47)
	at org.junit.internal.runners.statements.RunAfters.evaluate(RunAfters.java:33)
	at org.junit.rules.ExpectedException$ExpectedExceptionStatement.evaluate(ExpectedException.java:239)
	at org.junit.rules.TestWatcher$1.evaluate(TestWatcher.java:55)
	at org.junit.rules.RunRules.evaluate(RunRules.java:20)
	at org.junit.runners.ParentRunner.runLeaf(ParentRunner.java:325)
	at org.junit.runners.BlockJUnit4ClassRunner.runChild(BlockJUnit4ClassRunner.java:78)
	at org.junit.runners.BlockJUnit4ClassRunner.runChild(BlockJUnit4ClassRunner.java:57)
	at org.junit.runners.ParentRunner$3.run(ParentRunner.java:290)
	at org.junit.runners.ParentRunner$1.schedule(ParentRunner.java:71)
	at org.junit.runners.ParentRunner.runChildren(ParentRunner.java:288)
	at org.junit.runners.ParentRunner.access$000(ParentRunner.java:58)
	at org.junit.runners.ParentRunner$2.evaluate(ParentRunner.java:268)
	at org.junit.runners.ParentRunner.run(ParentRunner.java:363)
	at org.apache.maven.surefire.junit4.JUnit4Provider.execute(JUnit4Provider.java:252)
	at org.apache.maven.surefire.junit4.JUnit4Provider.executeTestSet(JUnit4Provider.java:141)
	at org.apache.maven.surefire.junit4.JUnit4Provider.invoke(JUnit4Provider.java:112)
	at sun.reflect.NativeMethodAccessorImpl.invoke0(Native Method)
	at sun.reflect.NativeMethodAccessorImpl.invoke(NativeMethodAccessorImpl.java:62)
	at sun.reflect.DelegatingMethodAccessorImpl.invoke(DelegatingMethodAccessorImpl.java:43)
	at java.lang.reflect.Method.invoke(Method.java:498)
	at org.apache.maven.surefire.util.ReflectionUtils.invokeMethodWithArray(ReflectionUtils.java:189)
	at org.apache.maven.surefire.booter.ProviderFactory$ProviderProxy.invoke(ProviderFactory.java:165)
	at org.apache.maven.surefire.booter.ProviderFactory.invokeProvider(ProviderFactory.java:85)
	at org.apache.maven.surefire.booter.ForkedBooter.runSuitesInProcess(ForkedBooter.java:115)
	at org.apache.maven.surefire.booter.ForkedBooter.main(ForkedBooter.java:75)
</error>
  </testcase>
  <testcase classname="com.spotify.docker.client.DefaultDockerClientTest" name="testListTasks" time="0.026">
    <error message="java.util.concurrent.ExecutionException: javax.ws.rs.ProcessingException: java.io.IOException: No such file or directory" type="com.spotify.docker.client.exceptions.DockerException">com.spotify.docker.client.exceptions.DockerException: java.util.concurrent.ExecutionException: javax.ws.rs.ProcessingException: java.io.IOException: No such file or directory
	at com.spotify.docker.client.DefaultDockerClient.propagate(DefaultDockerClient.java:2812)
	at com.spotify.docker.client.DefaultDockerClient.request(DefaultDockerClient.java:2676)
	at com.spotify.docker.client.DefaultDockerClient.version(DefaultDockerClient.java:572)
	at com.spotify.docker.client.DefaultDockerClientTest.setup(DefaultDockerClientTest.java:349)
	at sun.reflect.GeneratedMethodAccessor10.invoke(Unknown Source)
	at sun.reflect.DelegatingMethodAccessorImpl.invoke(DelegatingMethodAccessorImpl.java:43)
	at java.lang.reflect.Method.invoke(Method.java:498)
	at org.junit.runners.model.FrameworkMethod$1.runReflectiveCall(FrameworkMethod.java:50)
	at org.junit.internal.runners.model.ReflectiveCallable.run(ReflectiveCallable.java:12)
	at org.junit.runners.model.FrameworkMethod.invokeExplosively(FrameworkMethod.java:47)
	at org.junit.internal.runners.statements.RunBefores.evaluate(RunBefores.java:24)
	at org.junit.internal.runners.statements.RunAfters.evaluate(RunAfters.java:27)
	at org.junit.rules.ExpectedException$ExpectedExceptionStatement.evaluate(ExpectedException.java:239)
	at org.junit.rules.TestWatcher$1.evaluate(TestWatcher.java:55)
	at org.junit.rules.RunRules.evaluate(RunRules.java:20)
	at org.junit.runners.ParentRunner.runLeaf(ParentRunner.java:325)
	at org.junit.runners.BlockJUnit4ClassRunner.runChild(BlockJUnit4ClassRunner.java:78)
	at org.junit.runners.BlockJUnit4ClassRunner.runChild(BlockJUnit4ClassRunner.java:57)
	at org.junit.runners.ParentRunner$3.run(ParentRunner.java:290)
	at org.junit.runners.ParentRunner$1.schedule(ParentRunner.java:71)
	at org.junit.runners.ParentRunner.runChildren(ParentRunner.java:288)
	at org.junit.runners.ParentRunner.access$000(ParentRunner.java:58)
	at org.junit.runners.ParentRunner$2.evaluate(ParentRunner.java:268)
	at org.junit.runners.ParentRunner.run(ParentRunner.java:363)
	at org.apache.maven.surefire.junit4.JUnit4Provider.execute(JUnit4Provider.java:252)
	at org.apache.maven.surefire.junit4.JUnit4Provider.executeTestSet(JUnit4Provider.java:141)
	at org.apache.maven.surefire.junit4.JUnit4Provider.invoke(JUnit4Provider.java:112)
	at sun.reflect.NativeMethodAccessorImpl.invoke0(Native Method)
	at sun.reflect.NativeMethodAccessorImpl.invoke(NativeMethodAccessorImpl.java:62)
	at sun.reflect.DelegatingMethodAccessorImpl.invoke(DelegatingMethodAccessorImpl.java:43)
	at java.lang.reflect.Method.invoke(Method.java:498)
	at org.apache.maven.surefire.util.ReflectionUtils.invokeMethodWithArray(ReflectionUtils.java:189)
	at org.apache.maven.surefire.booter.ProviderFactory$ProviderProxy.invoke(ProviderFactory.java:165)
	at org.apache.maven.surefire.booter.ProviderFactory.invokeProvider(ProviderFactory.java:85)
	at org.apache.maven.surefire.booter.ForkedBooter.runSuitesInProcess(ForkedBooter.java:115)
	at org.apache.maven.surefire.booter.ForkedBooter.main(ForkedBooter.java:75)
Caused by: java.util.concurrent.ExecutionException: javax.ws.rs.ProcessingException: java.io.IOException: No such file or directory
	at jersey.repackaged.com.google.common.util.concurrent.AbstractFuture$Sync.getValue(AbstractFuture.java:299)
	at jersey.repackaged.com.google.common.util.concurrent.AbstractFuture$Sync.get(AbstractFuture.java:286)
	at jersey.repackaged.com.google.common.util.concurrent.AbstractFuture.get(AbstractFuture.java:116)
	at com.spotify.docker.client.DefaultDockerClient.request(DefaultDockerClient.java:2674)
	... 34 more
Caused by: javax.ws.rs.ProcessingException: java.io.IOException: No such file or directory
	at org.glassfish.jersey.apache.connector.ApacheConnector.apply(ApacheConnector.java:481)
	at org.glassfish.jersey.apache.connector.ApacheConnector$1.run(ApacheConnector.java:491)
	at java.util.concurrent.Executors$RunnableAdapter.call(Executors.java:511)
	at java.util.concurrent.FutureTask.run(FutureTask.java:266)
	at jersey.repackaged.com.google.common.util.concurrent.MoreExecutors$DirectExecutorService.execute(MoreExecutors.java:299)
	at java.util.concurrent.AbstractExecutorService.submit(AbstractExecutorService.java:112)
	at jersey.repackaged.com.google.common.util.concurrent.AbstractListeningExecutorService.submit(AbstractListeningExecutorService.java:50)
	at jersey.repackaged.com.google.common.util.concurrent.AbstractListeningExecutorService.submit(AbstractListeningExecutorService.java:37)
	at org.glassfish.jersey.apache.connector.ApacheConnector.apply(ApacheConnector.java:487)
	at org.glassfish.jersey.client.ClientRuntime$2.run(ClientRuntime.java:178)
	at org.glassfish.jersey.internal.Errors$1.call(Errors.java:271)
	at org.glassfish.jersey.internal.Errors$1.call(Errors.java:267)
	at org.glassfish.jersey.internal.Errors.process(Errors.java:315)
	at org.glassfish.jersey.internal.Errors.process(Errors.java:297)
	at org.glassfish.jersey.internal.Errors.process(Errors.java:267)
	at org.glassfish.jersey.process.internal.RequestScope.runInScope(RequestScope.java:340)
	at org.glassfish.jersey.client.ClientRuntime$3.run(ClientRuntime.java:210)
	at java.util.concurrent.Executors$RunnableAdapter.call(Executors.java:511)
	at java.util.concurrent.FutureTask.run(FutureTask.java:266)
	at java.util.concurrent.ThreadPoolExecutor.runWorker(ThreadPoolExecutor.java:1142)
	at java.util.concurrent.ThreadPoolExecutor$Worker.run(ThreadPoolExecutor.java:617)
	at java.lang.Thread.run(Thread.java:745)
Caused by: java.io.IOException: No such file or directory
	at jnr.unixsocket.UnixSocketChannel.doConnect(UnixSocketChannel.java:127)
	at jnr.unixsocket.UnixSocketChannel.connect(UnixSocketChannel.java:136)
	at jnr.unixsocket.UnixSocketChannel.connect(UnixSocketChannel.java:223)
	at com.spotify.docker.client.UnixConnectionSocketFactory.connectSocket(UnixConnectionSocketFactory.java:85)
	at org.apache.http.impl.conn.DefaultHttpClientConnectionOperator.connect(DefaultHttpClientConnectionOperator.java:134)
	at org.apache.http.impl.conn.PoolingHttpClientConnectionManager.connect(PoolingHttpClientConnectionManager.java:353)
	at org.apache.http.impl.execchain.MainClientExec.establishRoute(MainClientExec.java:380)
	at org.apache.http.impl.execchain.MainClientExec.execute(MainClientExec.java:236)
	at org.apache.http.impl.execchain.ProtocolExec.execute(ProtocolExec.java:184)
	at org.apache.http.impl.execchain.RetryExec.execute(RetryExec.java:88)
	at org.apache.http.impl.execchain.RedirectExec.execute(RedirectExec.java:110)
	at org.apache.http.impl.client.InternalHttpClient.doExecute(InternalHttpClient.java:184)
	at org.apache.http.impl.client.CloseableHttpClient.execute(CloseableHttpClient.java:71)
	at org.glassfish.jersey.apache.connector.ApacheConnector.apply(ApacheConnector.java:435)
	... 21 more
</error>
    <system-err>Jun 02, 2018 7:44:40 AM org.apache.http.impl.execchain.RetryExec execute
INFO: I/O exception (java.io.IOException) caught when processing request to {}-&gt;unix://localhost:80: No such file or directory
Jun 02, 2018 7:44:40 AM org.apache.http.impl.execchain.RetryExec execute
INFO: Retrying request to {}-&gt;unix://localhost:80
Jun 02, 2018 7:44:40 AM org.apache.http.impl.execchain.RetryExec execute
INFO: I/O exception (java.io.IOException) caught when processing request to {}-&gt;unix://localhost:80: No such file or directory
Jun 02, 2018 7:44:40 AM org.apache.http.impl.execchain.RetryExec execute
INFO: Retrying request to {}-&gt;unix://localhost:80
Jun 02, 2018 7:44:40 AM org.apache.http.impl.execchain.RetryExec execute
INFO: I/O exception (java.io.IOException) caught when processing request to {}-&gt;unix://localhost:80: No such file or directory
Jun 02, 2018 7:44:40 AM org.apache.http.impl.execchain.RetryExec execute
INFO: Retrying request to {}-&gt;unix://localhost:80
</system-err>
  </testcase>
  <testcase classname="com.spotify.docker.client.DefaultDockerClientTest" name="testListTasks" time="0.027">
    <error type="java.lang.NullPointerException">java.lang.NullPointerException
	at com.spotify.docker.client.VersionCompare.compareVersion(VersionCompare.java:45)
	at com.spotify.docker.client.DefaultDockerClientTest.dockerApiVersionAtLeast(DefaultDockerClientTest.java:404)
	at com.spotify.docker.client.DefaultDockerClientTest.tearDown(DefaultDockerClientTest.java:356)
	at sun.reflect.GeneratedMethodAccessor11.invoke(Unknown Source)
	at sun.reflect.DelegatingMethodAccessorImpl.invoke(DelegatingMethodAccessorImpl.java:43)
	at java.lang.reflect.Method.invoke(Method.java:498)
	at org.junit.runners.model.FrameworkMethod$1.runReflectiveCall(FrameworkMethod.java:50)
	at org.junit.internal.runners.model.ReflectiveCallable.run(ReflectiveCallable.java:12)
	at org.junit.runners.model.FrameworkMethod.invokeExplosively(FrameworkMethod.java:47)
	at org.junit.internal.runners.statements.RunAfters.evaluate(RunAfters.java:33)
	at org.junit.rules.ExpectedException$ExpectedExceptionStatement.evaluate(ExpectedException.java:239)
	at org.junit.rules.TestWatcher$1.evaluate(TestWatcher.java:55)
	at org.junit.rules.RunRules.evaluate(RunRules.java:20)
	at org.junit.runners.ParentRunner.runLeaf(ParentRunner.java:325)
	at org.junit.runners.BlockJUnit4ClassRunner.runChild(BlockJUnit4ClassRunner.java:78)
	at org.junit.runners.BlockJUnit4ClassRunner.runChild(BlockJUnit4ClassRunner.java:57)
	at org.junit.runners.ParentRunner$3.run(ParentRunner.java:290)
	at org.junit.runners.ParentRunner$1.schedule(ParentRunner.java:71)
	at org.junit.runners.ParentRunner.runChildren(ParentRunner.java:288)
	at org.junit.runners.ParentRunner.access$000(ParentRunner.java:58)
	at org.junit.runners.ParentRunner$2.evaluate(ParentRunner.java:268)
	at org.junit.runners.ParentRunner.run(ParentRunner.java:363)
	at org.apache.maven.surefire.junit4.JUnit4Provider.execute(JUnit4Provider.java:252)
	at org.apache.maven.surefire.junit4.JUnit4Provider.executeTestSet(JUnit4Provider.java:141)
	at org.apache.maven.surefire.junit4.JUnit4Provider.invoke(JUnit4Provider.java:112)
	at sun.reflect.NativeMethodAccessorImpl.invoke0(Native Method)
	at sun.reflect.NativeMethodAccessorImpl.invoke(NativeMethodAccessorImpl.java:62)
	at sun.reflect.DelegatingMethodAccessorImpl.invoke(DelegatingMethodAccessorImpl.java:43)
	at java.lang.reflect.Method.invoke(Method.java:498)
	at org.apache.maven.surefire.util.ReflectionUtils.invokeMethodWithArray(ReflectionUtils.java:189)
	at org.apache.maven.surefire.booter.ProviderFactory$ProviderProxy.invoke(ProviderFactory.java:165)
	at org.apache.maven.surefire.booter.ProviderFactory.invokeProvider(ProviderFactory.java:85)
	at org.apache.maven.surefire.booter.ForkedBooter.runSuitesInProcess(ForkedBooter.java:115)
	at org.apache.maven.surefire.booter.ForkedBooter.main(ForkedBooter.java:75)
</error>
  </testcase>
  <testcase classname="com.spotify.docker.client.DefaultDockerClientTest" name="testListTaskWithCriteria" time="0.098">
    <error message="java.util.concurrent.ExecutionException: javax.ws.rs.ProcessingException: java.io.IOException: No such file or directory" type="com.spotify.docker.client.exceptions.DockerException">com.spotify.docker.client.exceptions.DockerException: java.util.concurrent.ExecutionException: javax.ws.rs.ProcessingException: java.io.IOException: No such file or directory
	at com.spotify.docker.client.DefaultDockerClient.propagate(DefaultDockerClient.java:2812)
	at com.spotify.docker.client.DefaultDockerClient.request(DefaultDockerClient.java:2676)
	at com.spotify.docker.client.DefaultDockerClient.version(DefaultDockerClient.java:572)
	at com.spotify.docker.client.DefaultDockerClientTest.setup(DefaultDockerClientTest.java:349)
	at sun.reflect.GeneratedMethodAccessor10.invoke(Unknown Source)
	at sun.reflect.DelegatingMethodAccessorImpl.invoke(DelegatingMethodAccessorImpl.java:43)
	at java.lang.reflect.Method.invoke(Method.java:498)
	at org.junit.runners.model.FrameworkMethod$1.runReflectiveCall(FrameworkMethod.java:50)
	at org.junit.internal.runners.model.ReflectiveCallable.run(ReflectiveCallable.java:12)
	at org.junit.runners.model.FrameworkMethod.invokeExplosively(FrameworkMethod.java:47)
	at org.junit.internal.runners.statements.RunBefores.evaluate(RunBefores.java:24)
	at org.junit.internal.runners.statements.RunAfters.evaluate(RunAfters.java:27)
	at org.junit.rules.ExpectedException$ExpectedExceptionStatement.evaluate(ExpectedException.java:239)
	at org.junit.rules.TestWatcher$1.evaluate(TestWatcher.java:55)
	at org.junit.rules.RunRules.evaluate(RunRules.java:20)
	at org.junit.runners.ParentRunner.runLeaf(ParentRunner.java:325)
	at org.junit.runners.BlockJUnit4ClassRunner.runChild(BlockJUnit4ClassRunner.java:78)
	at org.junit.runners.BlockJUnit4ClassRunner.runChild(BlockJUnit4ClassRunner.java:57)
	at org.junit.runners.ParentRunner$3.run(ParentRunner.java:290)
	at org.junit.runners.ParentRunner$1.schedule(ParentRunner.java:71)
	at org.junit.runners.ParentRunner.runChildren(ParentRunner.java:288)
	at org.junit.runners.ParentRunner.access$000(ParentRunner.java:58)
	at org.junit.runners.ParentRunner$2.evaluate(ParentRunner.java:268)
	at org.junit.runners.ParentRunner.run(ParentRunner.java:363)
	at org.apache.maven.surefire.junit4.JUnit4Provider.execute(JUnit4Provider.java:252)
	at org.apache.maven.surefire.junit4.JUnit4Provider.executeTestSet(JUnit4Provider.java:141)
	at org.apache.maven.surefire.junit4.JUnit4Provider.invoke(JUnit4Provider.java:112)
	at sun.reflect.NativeMethodAccessorImpl.invoke0(Native Method)
	at sun.reflect.NativeMethodAccessorImpl.invoke(NativeMethodAccessorImpl.java:62)
	at sun.reflect.DelegatingMethodAccessorImpl.invoke(DelegatingMethodAccessorImpl.java:43)
	at java.lang.reflect.Method.invoke(Method.java:498)
	at org.apache.maven.surefire.util.ReflectionUtils.invokeMethodWithArray(ReflectionUtils.java:189)
	at org.apache.maven.surefire.booter.ProviderFactory$ProviderProxy.invoke(ProviderFactory.java:165)
	at org.apache.maven.surefire.booter.ProviderFactory.invokeProvider(ProviderFactory.java:85)
	at org.apache.maven.surefire.booter.ForkedBooter.runSuitesInProcess(ForkedBooter.java:115)
	at org.apache.maven.surefire.booter.ForkedBooter.main(ForkedBooter.java:75)
Caused by: java.util.concurrent.ExecutionException: javax.ws.rs.ProcessingException: java.io.IOException: No such file or directory
	at jersey.repackaged.com.google.common.util.concurrent.AbstractFuture$Sync.getValue(AbstractFuture.java:299)
	at jersey.repackaged.com.google.common.util.concurrent.AbstractFuture$Sync.get(AbstractFuture.java:286)
	at jersey.repackaged.com.google.common.util.concurrent.AbstractFuture.get(AbstractFuture.java:116)
	at com.spotify.docker.client.DefaultDockerClient.request(DefaultDockerClient.java:2674)
	... 34 more
Caused by: javax.ws.rs.ProcessingException: java.io.IOException: No such file or directory
	at org.glassfish.jersey.apache.connector.ApacheConnector.apply(ApacheConnector.java:481)
	at org.glassfish.jersey.apache.connector.ApacheConnector$1.run(ApacheConnector.java:491)
	at java.util.concurrent.Executors$RunnableAdapter.call(Executors.java:511)
	at java.util.concurrent.FutureTask.run(FutureTask.java:266)
	at jersey.repackaged.com.google.common.util.concurrent.MoreExecutors$DirectExecutorService.execute(MoreExecutors.java:299)
	at java.util.concurrent.AbstractExecutorService.submit(AbstractExecutorService.java:112)
	at jersey.repackaged.com.google.common.util.concurrent.AbstractListeningExecutorService.submit(AbstractListeningExecutorService.java:50)
	at jersey.repackaged.com.google.common.util.concurrent.AbstractListeningExecutorService.submit(AbstractListeningExecutorService.java:37)
	at org.glassfish.jersey.apache.connector.ApacheConnector.apply(ApacheConnector.java:487)
	at org.glassfish.jersey.client.ClientRuntime$2.run(ClientRuntime.java:178)
	at org.glassfish.jersey.internal.Errors$1.call(Errors.java:271)
	at org.glassfish.jersey.internal.Errors$1.call(Errors.java:267)
	at org.glassfish.jersey.internal.Errors.process(Errors.java:315)
	at org.glassfish.jersey.internal.Errors.process(Errors.java:297)
	at org.glassfish.jersey.internal.Errors.process(Errors.java:267)
	at org.glassfish.jersey.process.internal.RequestScope.runInScope(RequestScope.java:340)
	at org.glassfish.jersey.client.ClientRuntime$3.run(ClientRuntime.java:210)
	at java.util.concurrent.Executors$RunnableAdapter.call(Executors.java:511)
	at java.util.concurrent.FutureTask.run(FutureTask.java:266)
	at java.util.concurrent.ThreadPoolExecutor.runWorker(ThreadPoolExecutor.java:1142)
	at java.util.concurrent.ThreadPoolExecutor$Worker.run(ThreadPoolExecutor.java:617)
	at java.lang.Thread.run(Thread.java:745)
Caused by: java.io.IOException: No such file or directory
	at jnr.unixsocket.UnixSocketChannel.doConnect(UnixSocketChannel.java:127)
	at jnr.unixsocket.UnixSocketChannel.connect(UnixSocketChannel.java:136)
	at jnr.unixsocket.UnixSocketChannel.connect(UnixSocketChannel.java:223)
	at com.spotify.docker.client.UnixConnectionSocketFactory.connectSocket(UnixConnectionSocketFactory.java:85)
	at org.apache.http.impl.conn.DefaultHttpClientConnectionOperator.connect(DefaultHttpClientConnectionOperator.java:134)
	at org.apache.http.impl.conn.PoolingHttpClientConnectionManager.connect(PoolingHttpClientConnectionManager.java:353)
	at org.apache.http.impl.execchain.MainClientExec.establishRoute(MainClientExec.java:380)
	at org.apache.http.impl.execchain.MainClientExec.execute(MainClientExec.java:236)
	at org.apache.http.impl.execchain.ProtocolExec.execute(ProtocolExec.java:184)
	at org.apache.http.impl.execchain.RetryExec.execute(RetryExec.java:88)
	at org.apache.http.impl.execchain.RedirectExec.execute(RedirectExec.java:110)
	at org.apache.http.impl.client.InternalHttpClient.doExecute(InternalHttpClient.java:184)
	at org.apache.http.impl.client.CloseableHttpClient.execute(CloseableHttpClient.java:71)
	at org.glassfish.jersey.apache.connector.ApacheConnector.apply(ApacheConnector.java:435)
	... 21 more
</error>
    <system-err>Jun 02, 2018 7:44:40 AM org.apache.http.impl.execchain.RetryExec execute
INFO: I/O exception (java.io.IOException) caught when processing request to {}-&gt;unix://localhost:80: No such file or directory
Jun 02, 2018 7:44:40 AM org.apache.http.impl.execchain.RetryExec execute
INFO: Retrying request to {}-&gt;unix://localhost:80
Jun 02, 2018 7:44:40 AM org.apache.http.impl.execchain.RetryExec execute
INFO: I/O exception (java.io.IOException) caught when processing request to {}-&gt;unix://localhost:80: No such file or directory
Jun 02, 2018 7:44:40 AM org.apache.http.impl.execchain.RetryExec execute
INFO: Retrying request to {}-&gt;unix://localhost:80
Jun 02, 2018 7:44:40 AM org.apache.http.impl.execchain.RetryExec execute
INFO: I/O exception (java.io.IOException) caught when processing request to {}-&gt;unix://localhost:80: No such file or directory
Jun 02, 2018 7:44:40 AM org.apache.http.impl.execchain.RetryExec execute
INFO: Retrying request to {}-&gt;unix://localhost:80
</system-err>
  </testcase>
  <testcase classname="com.spotify.docker.client.DefaultDockerClientTest" name="testListTaskWithCriteria" time="0.098">
    <error type="java.lang.NullPointerException">java.lang.NullPointerException
	at com.spotify.docker.client.VersionCompare.compareVersion(VersionCompare.java:45)
	at com.spotify.docker.client.DefaultDockerClientTest.dockerApiVersionAtLeast(DefaultDockerClientTest.java:404)
	at com.spotify.docker.client.DefaultDockerClientTest.tearDown(DefaultDockerClientTest.java:356)
	at sun.reflect.GeneratedMethodAccessor11.invoke(Unknown Source)
	at sun.reflect.DelegatingMethodAccessorImpl.invoke(DelegatingMethodAccessorImpl.java:43)
	at java.lang.reflect.Method.invoke(Method.java:498)
	at org.junit.runners.model.FrameworkMethod$1.runReflectiveCall(FrameworkMethod.java:50)
	at org.junit.internal.runners.model.ReflectiveCallable.run(ReflectiveCallable.java:12)
	at org.junit.runners.model.FrameworkMethod.invokeExplosively(FrameworkMethod.java:47)
	at org.junit.internal.runners.statements.RunAfters.evaluate(RunAfters.java:33)
	at org.junit.rules.ExpectedException$ExpectedExceptionStatement.evaluate(ExpectedException.java:239)
	at org.junit.rules.TestWatcher$1.evaluate(TestWatcher.java:55)
	at org.junit.rules.RunRules.evaluate(RunRules.java:20)
	at org.junit.runners.ParentRunner.runLeaf(ParentRunner.java:325)
	at org.junit.runners.BlockJUnit4ClassRunner.runChild(BlockJUnit4ClassRunner.java:78)
	at org.junit.runners.BlockJUnit4ClassRunner.runChild(BlockJUnit4ClassRunner.java:57)
	at org.junit.runners.ParentRunner$3.run(ParentRunner.java:290)
	at org.junit.runners.ParentRunner$1.schedule(ParentRunner.java:71)
	at org.junit.runners.ParentRunner.runChildren(ParentRunner.java:288)
	at org.junit.runners.ParentRunner.access$000(ParentRunner.java:58)
	at org.junit.runners.ParentRunner$2.evaluate(ParentRunner.java:268)
	at org.junit.runners.ParentRunner.run(ParentRunner.java:363)
	at org.apache.maven.surefire.junit4.JUnit4Provider.execute(JUnit4Provider.java:252)
	at org.apache.maven.surefire.junit4.JUnit4Provider.executeTestSet(JUnit4Provider.java:141)
	at org.apache.maven.surefire.junit4.JUnit4Provider.invoke(JUnit4Provider.java:112)
	at sun.reflect.NativeMethodAccessorImpl.invoke0(Native Method)
	at sun.reflect.NativeMethodAccessorImpl.invoke(NativeMethodAccessorImpl.java:62)
	at sun.reflect.DelegatingMethodAccessorImpl.invoke(DelegatingMethodAccessorImpl.java:43)
	at java.lang.reflect.Method.invoke(Method.java:498)
	at org.apache.maven.surefire.util.ReflectionUtils.invokeMethodWithArray(ReflectionUtils.java:189)
	at org.apache.maven.surefire.booter.ProviderFactory$ProviderProxy.invoke(ProviderFactory.java:165)
	at org.apache.maven.surefire.booter.ProviderFactory.invokeProvider(ProviderFactory.java:85)
	at org.apache.maven.surefire.booter.ForkedBooter.runSuitesInProcess(ForkedBooter.java:115)
	at org.apache.maven.surefire.booter.ForkedBooter.main(ForkedBooter.java:75)
</error>
  </testcase>
  <testcase classname="com.spotify.docker.client.DefaultDockerClientTest" name="testEventStream" time="0.02">
    <error message="java.util.concurrent.ExecutionException: javax.ws.rs.ProcessingException: java.io.IOException: No such file or directory" type="com.spotify.docker.client.exceptions.DockerException">com.spotify.docker.client.exceptions.DockerException: java.util.concurrent.ExecutionException: javax.ws.rs.ProcessingException: java.io.IOException: No such file or directory
	at com.spotify.docker.client.DefaultDockerClient.propagate(DefaultDockerClient.java:2812)
	at com.spotify.docker.client.DefaultDockerClient.request(DefaultDockerClient.java:2676)
	at com.spotify.docker.client.DefaultDockerClient.version(DefaultDockerClient.java:572)
	at com.spotify.docker.client.DefaultDockerClientTest.setup(DefaultDockerClientTest.java:349)
	at sun.reflect.GeneratedMethodAccessor10.invoke(Unknown Source)
	at sun.reflect.DelegatingMethodAccessorImpl.invoke(DelegatingMethodAccessorImpl.java:43)
	at java.lang.reflect.Method.invoke(Method.java:498)
	at org.junit.runners.model.FrameworkMethod$1.runReflectiveCall(FrameworkMethod.java:50)
	at org.junit.internal.runners.model.ReflectiveCallable.run(ReflectiveCallable.java:12)
	at org.junit.runners.model.FrameworkMethod.invokeExplosively(FrameworkMethod.java:47)
	at org.junit.internal.runners.statements.RunBefores.evaluate(RunBefores.java:24)
	at org.junit.internal.runners.statements.RunAfters.evaluate(RunAfters.java:27)
	at org.junit.rules.ExpectedException$ExpectedExceptionStatement.evaluate(ExpectedException.java:239)
	at org.junit.rules.TestWatcher$1.evaluate(TestWatcher.java:55)
	at org.junit.rules.RunRules.evaluate(RunRules.java:20)
	at org.junit.runners.ParentRunner.runLeaf(ParentRunner.java:325)
	at org.junit.runners.BlockJUnit4ClassRunner.runChild(BlockJUnit4ClassRunner.java:78)
	at org.junit.runners.BlockJUnit4ClassRunner.runChild(BlockJUnit4ClassRunner.java:57)
	at org.junit.runners.ParentRunner$3.run(ParentRunner.java:290)
	at org.junit.runners.ParentRunner$1.schedule(ParentRunner.java:71)
	at org.junit.runners.ParentRunner.runChildren(ParentRunner.java:288)
	at org.junit.runners.ParentRunner.access$000(ParentRunner.java:58)
	at org.junit.runners.ParentRunner$2.evaluate(ParentRunner.java:268)
	at org.junit.runners.ParentRunner.run(ParentRunner.java:363)
	at org.apache.maven.surefire.junit4.JUnit4Provider.execute(JUnit4Provider.java:252)
	at org.apache.maven.surefire.junit4.JUnit4Provider.executeTestSet(JUnit4Provider.java:141)
	at org.apache.maven.surefire.junit4.JUnit4Provider.invoke(JUnit4Provider.java:112)
	at sun.reflect.NativeMethodAccessorImpl.invoke0(Native Method)
	at sun.reflect.NativeMethodAccessorImpl.invoke(NativeMethodAccessorImpl.java:62)
	at sun.reflect.DelegatingMethodAccessorImpl.invoke(DelegatingMethodAccessorImpl.java:43)
	at java.lang.reflect.Method.invoke(Method.java:498)
	at org.apache.maven.surefire.util.ReflectionUtils.invokeMethodWithArray(ReflectionUtils.java:189)
	at org.apache.maven.surefire.booter.ProviderFactory$ProviderProxy.invoke(ProviderFactory.java:165)
	at org.apache.maven.surefire.booter.ProviderFactory.invokeProvider(ProviderFactory.java:85)
	at org.apache.maven.surefire.booter.ForkedBooter.runSuitesInProcess(ForkedBooter.java:115)
	at org.apache.maven.surefire.booter.ForkedBooter.main(ForkedBooter.java:75)
Caused by: java.util.concurrent.ExecutionException: javax.ws.rs.ProcessingException: java.io.IOException: No such file or directory
	at jersey.repackaged.com.google.common.util.concurrent.AbstractFuture$Sync.getValue(AbstractFuture.java:299)
	at jersey.repackaged.com.google.common.util.concurrent.AbstractFuture$Sync.get(AbstractFuture.java:286)
	at jersey.repackaged.com.google.common.util.concurrent.AbstractFuture.get(AbstractFuture.java:116)
	at com.spotify.docker.client.DefaultDockerClient.request(DefaultDockerClient.java:2674)
	... 34 more
Caused by: javax.ws.rs.ProcessingException: java.io.IOException: No such file or directory
	at org.glassfish.jersey.apache.connector.ApacheConnector.apply(ApacheConnector.java:481)
	at org.glassfish.jersey.apache.connector.ApacheConnector$1.run(ApacheConnector.java:491)
	at java.util.concurrent.Executors$RunnableAdapter.call(Executors.java:511)
	at java.util.concurrent.FutureTask.run(FutureTask.java:266)
	at jersey.repackaged.com.google.common.util.concurrent.MoreExecutors$DirectExecutorService.execute(MoreExecutors.java:299)
	at java.util.concurrent.AbstractExecutorService.submit(AbstractExecutorService.java:112)
	at jersey.repackaged.com.google.common.util.concurrent.AbstractListeningExecutorService.submit(AbstractListeningExecutorService.java:50)
	at jersey.repackaged.com.google.common.util.concurrent.AbstractListeningExecutorService.submit(AbstractListeningExecutorService.java:37)
	at org.glassfish.jersey.apache.connector.ApacheConnector.apply(ApacheConnector.java:487)
	at org.glassfish.jersey.client.ClientRuntime$2.run(ClientRuntime.java:178)
	at org.glassfish.jersey.internal.Errors$1.call(Errors.java:271)
	at org.glassfish.jersey.internal.Errors$1.call(Errors.java:267)
	at org.glassfish.jersey.internal.Errors.process(Errors.java:315)
	at org.glassfish.jersey.internal.Errors.process(Errors.java:297)
	at org.glassfish.jersey.internal.Errors.process(Errors.java:267)
	at org.glassfish.jersey.process.internal.RequestScope.runInScope(RequestScope.java:340)
	at org.glassfish.jersey.client.ClientRuntime$3.run(ClientRuntime.java:210)
	at java.util.concurrent.Executors$RunnableAdapter.call(Executors.java:511)
	at java.util.concurrent.FutureTask.run(FutureTask.java:266)
	at java.util.concurrent.ThreadPoolExecutor.runWorker(ThreadPoolExecutor.java:1142)
	at java.util.concurrent.ThreadPoolExecutor$Worker.run(ThreadPoolExecutor.java:617)
	at java.lang.Thread.run(Thread.java:745)
Caused by: java.io.IOException: No such file or directory
	at jnr.unixsocket.UnixSocketChannel.doConnect(UnixSocketChannel.java:127)
	at jnr.unixsocket.UnixSocketChannel.connect(UnixSocketChannel.java:136)
	at jnr.unixsocket.UnixSocketChannel.connect(UnixSocketChannel.java:223)
	at com.spotify.docker.client.UnixConnectionSocketFactory.connectSocket(UnixConnectionSocketFactory.java:85)
	at org.apache.http.impl.conn.DefaultHttpClientConnectionOperator.connect(DefaultHttpClientConnectionOperator.java:134)
	at org.apache.http.impl.conn.PoolingHttpClientConnectionManager.connect(PoolingHttpClientConnectionManager.java:353)
	at org.apache.http.impl.execchain.MainClientExec.establishRoute(MainClientExec.java:380)
	at org.apache.http.impl.execchain.MainClientExec.execute(MainClientExec.java:236)
	at org.apache.http.impl.execchain.ProtocolExec.execute(ProtocolExec.java:184)
	at org.apache.http.impl.execchain.RetryExec.execute(RetryExec.java:88)
	at org.apache.http.impl.execchain.RedirectExec.execute(RedirectExec.java:110)
	at org.apache.http.impl.client.InternalHttpClient.doExecute(InternalHttpClient.java:184)
	at org.apache.http.impl.client.CloseableHttpClient.execute(CloseableHttpClient.java:71)
	at org.glassfish.jersey.apache.connector.ApacheConnector.apply(ApacheConnector.java:435)
	... 21 more
</error>
    <system-err>Jun 02, 2018 7:44:40 AM org.apache.http.impl.execchain.RetryExec execute
INFO: I/O exception (java.io.IOException) caught when processing request to {}-&gt;unix://localhost:80: No such file or directory
Jun 02, 2018 7:44:40 AM org.apache.http.impl.execchain.RetryExec execute
INFO: Retrying request to {}-&gt;unix://localhost:80
Jun 02, 2018 7:44:40 AM org.apache.http.impl.execchain.RetryExec execute
INFO: I/O exception (java.io.IOException) caught when processing request to {}-&gt;unix://localhost:80: No such file or directory
Jun 02, 2018 7:44:40 AM org.apache.http.impl.execchain.RetryExec execute
INFO: Retrying request to {}-&gt;unix://localhost:80
Jun 02, 2018 7:44:40 AM org.apache.http.impl.execchain.RetryExec execute
INFO: I/O exception (java.io.IOException) caught when processing request to {}-&gt;unix://localhost:80: No such file or directory
Jun 02, 2018 7:44:40 AM org.apache.http.impl.execchain.RetryExec execute
INFO: Retrying request to {}-&gt;unix://localhost:80
</system-err>
  </testcase>
  <testcase classname="com.spotify.docker.client.DefaultDockerClientTest" name="testEventStream" time="0.02">
    <error type="java.lang.NullPointerException">java.lang.NullPointerException
	at com.spotify.docker.client.VersionCompare.compareVersion(VersionCompare.java:45)
	at com.spotify.docker.client.DefaultDockerClientTest.dockerApiVersionAtLeast(DefaultDockerClientTest.java:404)
	at com.spotify.docker.client.DefaultDockerClientTest.tearDown(DefaultDockerClientTest.java:356)
	at sun.reflect.GeneratedMethodAccessor11.invoke(Unknown Source)
	at sun.reflect.DelegatingMethodAccessorImpl.invoke(DelegatingMethodAccessorImpl.java:43)
	at java.lang.reflect.Method.invoke(Method.java:498)
	at org.junit.runners.model.FrameworkMethod$1.runReflectiveCall(FrameworkMethod.java:50)
	at org.junit.internal.runners.model.ReflectiveCallable.run(ReflectiveCallable.java:12)
	at org.junit.runners.model.FrameworkMethod.invokeExplosively(FrameworkMethod.java:47)
	at org.junit.internal.runners.statements.RunAfters.evaluate(RunAfters.java:33)
	at org.junit.rules.ExpectedException$ExpectedExceptionStatement.evaluate(ExpectedException.java:239)
	at org.junit.rules.TestWatcher$1.evaluate(TestWatcher.java:55)
	at org.junit.rules.RunRules.evaluate(RunRules.java:20)
	at org.junit.runners.ParentRunner.runLeaf(ParentRunner.java:325)
	at org.junit.runners.BlockJUnit4ClassRunner.runChild(BlockJUnit4ClassRunner.java:78)
	at org.junit.runners.BlockJUnit4ClassRunner.runChild(BlockJUnit4ClassRunner.java:57)
	at org.junit.runners.ParentRunner$3.run(ParentRunner.java:290)
	at org.junit.runners.ParentRunner$1.schedule(ParentRunner.java:71)
	at org.junit.runners.ParentRunner.runChildren(ParentRunner.java:288)
	at org.junit.runners.ParentRunner.access$000(ParentRunner.java:58)
	at org.junit.runners.ParentRunner$2.evaluate(ParentRunner.java:268)
	at org.junit.runners.ParentRunner.run(ParentRunner.java:363)
	at org.apache.maven.surefire.junit4.JUnit4Provider.execute(JUnit4Provider.java:252)
	at org.apache.maven.surefire.junit4.JUnit4Provider.executeTestSet(JUnit4Provider.java:141)
	at org.apache.maven.surefire.junit4.JUnit4Provider.invoke(JUnit4Provider.java:112)
	at sun.reflect.NativeMethodAccessorImpl.invoke0(Native Method)
	at sun.reflect.NativeMethodAccessorImpl.invoke(NativeMethodAccessorImpl.java:62)
	at sun.reflect.DelegatingMethodAccessorImpl.invoke(DelegatingMethodAccessorImpl.java:43)
	at java.lang.reflect.Method.invoke(Method.java:498)
	at org.apache.maven.surefire.util.ReflectionUtils.invokeMethodWithArray(ReflectionUtils.java:189)
	at org.apache.maven.surefire.booter.ProviderFactory$ProviderProxy.invoke(ProviderFactory.java:165)
	at org.apache.maven.surefire.booter.ProviderFactory.invokeProvider(ProviderFactory.java:85)
	at org.apache.maven.surefire.booter.ForkedBooter.runSuitesInProcess(ForkedBooter.java:115)
	at org.apache.maven.surefire.booter.ForkedBooter.main(ForkedBooter.java:75)
</error>
  </testcase>
  <testcase classname="com.spotify.docker.client.DefaultDockerClientTest" name="testBuildNoTimeout" time="0.02">
    <error message="java.util.concurrent.ExecutionException: javax.ws.rs.ProcessingException: java.io.IOException: No such file or directory" type="com.spotify.docker.client.exceptions.DockerException">com.spotify.docker.client.exceptions.DockerException: java.util.concurrent.ExecutionException: javax.ws.rs.ProcessingException: java.io.IOException: No such file or directory
	at com.spotify.docker.client.DefaultDockerClient.propagate(DefaultDockerClient.java:2812)
	at com.spotify.docker.client.DefaultDockerClient.request(DefaultDockerClient.java:2676)
	at com.spotify.docker.client.DefaultDockerClient.version(DefaultDockerClient.java:572)
	at com.spotify.docker.client.DefaultDockerClientTest.setup(DefaultDockerClientTest.java:349)
	at sun.reflect.GeneratedMethodAccessor10.invoke(Unknown Source)
	at sun.reflect.DelegatingMethodAccessorImpl.invoke(DelegatingMethodAccessorImpl.java:43)
	at java.lang.reflect.Method.invoke(Method.java:498)
	at org.junit.runners.model.FrameworkMethod$1.runReflectiveCall(FrameworkMethod.java:50)
	at org.junit.internal.runners.model.ReflectiveCallable.run(ReflectiveCallable.java:12)
	at org.junit.runners.model.FrameworkMethod.invokeExplosively(FrameworkMethod.java:47)
	at org.junit.internal.runners.statements.RunBefores.evaluate(RunBefores.java:24)
	at org.junit.internal.runners.statements.RunAfters.evaluate(RunAfters.java:27)
	at org.junit.rules.ExpectedException$ExpectedExceptionStatement.evaluate(ExpectedException.java:239)
	at org.junit.rules.TestWatcher$1.evaluate(TestWatcher.java:55)
	at org.junit.rules.RunRules.evaluate(RunRules.java:20)
	at org.junit.runners.ParentRunner.runLeaf(ParentRunner.java:325)
	at org.junit.runners.BlockJUnit4ClassRunner.runChild(BlockJUnit4ClassRunner.java:78)
	at org.junit.runners.BlockJUnit4ClassRunner.runChild(BlockJUnit4ClassRunner.java:57)
	at org.junit.runners.ParentRunner$3.run(ParentRunner.java:290)
	at org.junit.runners.ParentRunner$1.schedule(ParentRunner.java:71)
	at org.junit.runners.ParentRunner.runChildren(ParentRunner.java:288)
	at org.junit.runners.ParentRunner.access$000(ParentRunner.java:58)
	at org.junit.runners.ParentRunner$2.evaluate(ParentRunner.java:268)
	at org.junit.runners.ParentRunner.run(ParentRunner.java:363)
	at org.apache.maven.surefire.junit4.JUnit4Provider.execute(JUnit4Provider.java:252)
	at org.apache.maven.surefire.junit4.JUnit4Provider.executeTestSet(JUnit4Provider.java:141)
	at org.apache.maven.surefire.junit4.JUnit4Provider.invoke(JUnit4Provider.java:112)
	at sun.reflect.NativeMethodAccessorImpl.invoke0(Native Method)
	at sun.reflect.NativeMethodAccessorImpl.invoke(NativeMethodAccessorImpl.java:62)
	at sun.reflect.DelegatingMethodAccessorImpl.invoke(DelegatingMethodAccessorImpl.java:43)
	at java.lang.reflect.Method.invoke(Method.java:498)
	at org.apache.maven.surefire.util.ReflectionUtils.invokeMethodWithArray(ReflectionUtils.java:189)
	at org.apache.maven.surefire.booter.ProviderFactory$ProviderProxy.invoke(ProviderFactory.java:165)
	at org.apache.maven.surefire.booter.ProviderFactory.invokeProvider(ProviderFactory.java:85)
	at org.apache.maven.surefire.booter.ForkedBooter.runSuitesInProcess(ForkedBooter.java:115)
	at org.apache.maven.surefire.booter.ForkedBooter.main(ForkedBooter.java:75)
Caused by: java.util.concurrent.ExecutionException: javax.ws.rs.ProcessingException: java.io.IOException: No such file or directory
	at jersey.repackaged.com.google.common.util.concurrent.AbstractFuture$Sync.getValue(AbstractFuture.java:299)
	at jersey.repackaged.com.google.common.util.concurrent.AbstractFuture$Sync.get(AbstractFuture.java:286)
	at jersey.repackaged.com.google.common.util.concurrent.AbstractFuture.get(AbstractFuture.java:116)
	at com.spotify.docker.client.DefaultDockerClient.request(DefaultDockerClient.java:2674)
	... 34 more
Caused by: javax.ws.rs.ProcessingException: java.io.IOException: No such file or directory
	at org.glassfish.jersey.apache.connector.ApacheConnector.apply(ApacheConnector.java:481)
	at org.glassfish.jersey.apache.connector.ApacheConnector$1.run(ApacheConnector.java:491)
	at java.util.concurrent.Executors$RunnableAdapter.call(Executors.java:511)
	at java.util.concurrent.FutureTask.run(FutureTask.java:266)
	at jersey.repackaged.com.google.common.util.concurrent.MoreExecutors$DirectExecutorService.execute(MoreExecutors.java:299)
	at java.util.concurrent.AbstractExecutorService.submit(AbstractExecutorService.java:112)
	at jersey.repackaged.com.google.common.util.concurrent.AbstractListeningExecutorService.submit(AbstractListeningExecutorService.java:50)
	at jersey.repackaged.com.google.common.util.concurrent.AbstractListeningExecutorService.submit(AbstractListeningExecutorService.java:37)
	at org.glassfish.jersey.apache.connector.ApacheConnector.apply(ApacheConnector.java:487)
	at org.glassfish.jersey.client.ClientRuntime$2.run(ClientRuntime.java:178)
	at org.glassfish.jersey.internal.Errors$1.call(Errors.java:271)
	at org.glassfish.jersey.internal.Errors$1.call(Errors.java:267)
	at org.glassfish.jersey.internal.Errors.process(Errors.java:315)
	at org.glassfish.jersey.internal.Errors.process(Errors.java:297)
	at org.glassfish.jersey.internal.Errors.process(Errors.java:267)
	at org.glassfish.jersey.process.internal.RequestScope.runInScope(RequestScope.java:340)
	at org.glassfish.jersey.client.ClientRuntime$3.run(ClientRuntime.java:210)
	at java.util.concurrent.Executors$RunnableAdapter.call(Executors.java:511)
	at java.util.concurrent.FutureTask.run(FutureTask.java:266)
	at java.util.concurrent.ThreadPoolExecutor.runWorker(ThreadPoolExecutor.java:1142)
	at java.util.concurrent.ThreadPoolExecutor$Worker.run(ThreadPoolExecutor.java:617)
	at java.lang.Thread.run(Thread.java:745)
Caused by: java.io.IOException: No such file or directory
	at jnr.unixsocket.UnixSocketChannel.doConnect(UnixSocketChannel.java:127)
	at jnr.unixsocket.UnixSocketChannel.connect(UnixSocketChannel.java:136)
	at jnr.unixsocket.UnixSocketChannel.connect(UnixSocketChannel.java:223)
	at com.spotify.docker.client.UnixConnectionSocketFactory.connectSocket(UnixConnectionSocketFactory.java:85)
	at org.apache.http.impl.conn.DefaultHttpClientConnectionOperator.connect(DefaultHttpClientConnectionOperator.java:134)
	at org.apache.http.impl.conn.PoolingHttpClientConnectionManager.connect(PoolingHttpClientConnectionManager.java:353)
	at org.apache.http.impl.execchain.MainClientExec.establishRoute(MainClientExec.java:380)
	at org.apache.http.impl.execchain.MainClientExec.execute(MainClientExec.java:236)
	at org.apache.http.impl.execchain.ProtocolExec.execute(ProtocolExec.java:184)
	at org.apache.http.impl.execchain.RetryExec.execute(RetryExec.java:88)
	at org.apache.http.impl.execchain.RedirectExec.execute(RedirectExec.java:110)
	at org.apache.http.impl.client.InternalHttpClient.doExecute(InternalHttpClient.java:184)
	at org.apache.http.impl.client.CloseableHttpClient.execute(CloseableHttpClient.java:71)
	at org.glassfish.jersey.apache.connector.ApacheConnector.apply(ApacheConnector.java:435)
	... 21 more
</error>
    <system-err>Jun 02, 2018 7:44:40 AM org.apache.http.impl.execchain.RetryExec execute
INFO: I/O exception (java.io.IOException) caught when processing request to {}-&gt;unix://localhost:80: No such file or directory
Jun 02, 2018 7:44:40 AM org.apache.http.impl.execchain.RetryExec execute
INFO: Retrying request to {}-&gt;unix://localhost:80
Jun 02, 2018 7:44:40 AM org.apache.http.impl.execchain.RetryExec execute
INFO: I/O exception (java.io.IOException) caught when processing request to {}-&gt;unix://localhost:80: No such file or directory
Jun 02, 2018 7:44:40 AM org.apache.http.impl.execchain.RetryExec execute
INFO: Retrying request to {}-&gt;unix://localhost:80
Jun 02, 2018 7:44:40 AM org.apache.http.impl.execchain.RetryExec execute
INFO: I/O exception (java.io.IOException) caught when processing request to {}-&gt;unix://localhost:80: No such file or directory
Jun 02, 2018 7:44:40 AM org.apache.http.impl.execchain.RetryExec execute
INFO: Retrying request to {}-&gt;unix://localhost:80
</system-err>
  </testcase>
  <testcase classname="com.spotify.docker.client.DefaultDockerClientTest" name="testBuildNoTimeout" time="0.02">
    <error type="java.lang.NullPointerException">java.lang.NullPointerException
	at com.spotify.docker.client.VersionCompare.compareVersion(VersionCompare.java:45)
	at com.spotify.docker.client.DefaultDockerClientTest.dockerApiVersionAtLeast(DefaultDockerClientTest.java:404)
	at com.spotify.docker.client.DefaultDockerClientTest.tearDown(DefaultDockerClientTest.java:356)
	at sun.reflect.GeneratedMethodAccessor11.invoke(Unknown Source)
	at sun.reflect.DelegatingMethodAccessorImpl.invoke(DelegatingMethodAccessorImpl.java:43)
	at java.lang.reflect.Method.invoke(Method.java:498)
	at org.junit.runners.model.FrameworkMethod$1.runReflectiveCall(FrameworkMethod.java:50)
	at org.junit.internal.runners.model.ReflectiveCallable.run(ReflectiveCallable.java:12)
	at org.junit.runners.model.FrameworkMethod.invokeExplosively(FrameworkMethod.java:47)
	at org.junit.internal.runners.statements.RunAfters.evaluate(RunAfters.java:33)
	at org.junit.rules.ExpectedException$ExpectedExceptionStatement.evaluate(ExpectedException.java:239)
	at org.junit.rules.TestWatcher$1.evaluate(TestWatcher.java:55)
	at org.junit.rules.RunRules.evaluate(RunRules.java:20)
	at org.junit.runners.ParentRunner.runLeaf(ParentRunner.java:325)
	at org.junit.runners.BlockJUnit4ClassRunner.runChild(BlockJUnit4ClassRunner.java:78)
	at org.junit.runners.BlockJUnit4ClassRunner.runChild(BlockJUnit4ClassRunner.java:57)
	at org.junit.runners.ParentRunner$3.run(ParentRunner.java:290)
	at org.junit.runners.ParentRunner$1.schedule(ParentRunner.java:71)
	at org.junit.runners.ParentRunner.runChildren(ParentRunner.java:288)
	at org.junit.runners.ParentRunner.access$000(ParentRunner.java:58)
	at org.junit.runners.ParentRunner$2.evaluate(ParentRunner.java:268)
	at org.junit.runners.ParentRunner.run(ParentRunner.java:363)
	at org.apache.maven.surefire.junit4.JUnit4Provider.execute(JUnit4Provider.java:252)
	at org.apache.maven.surefire.junit4.JUnit4Provider.executeTestSet(JUnit4Provider.java:141)
	at org.apache.maven.surefire.junit4.JUnit4Provider.invoke(JUnit4Provider.java:112)
	at sun.reflect.NativeMethodAccessorImpl.invoke0(Native Method)
	at sun.reflect.NativeMethodAccessorImpl.invoke(NativeMethodAccessorImpl.java:62)
	at sun.reflect.DelegatingMethodAccessorImpl.invoke(DelegatingMethodAccessorImpl.java:43)
	at java.lang.reflect.Method.invoke(Method.java:498)
	at org.apache.maven.surefire.util.ReflectionUtils.invokeMethodWithArray(ReflectionUtils.java:189)
	at org.apache.maven.surefire.booter.ProviderFactory$ProviderProxy.invoke(ProviderFactory.java:165)
	at org.apache.maven.surefire.booter.ProviderFactory.invokeProvider(ProviderFactory.java:85)
	at org.apache.maven.surefire.booter.ForkedBooter.runSuitesInProcess(ForkedBooter.java:115)
	at org.apache.maven.surefire.booter.ForkedBooter.main(ForkedBooter.java:75)
</error>
  </testcase>
  <testcase classname="com.spotify.docker.client.DefaultDockerClientTest" name="testStopContainer" time="0.019">
    <error message="java.util.concurrent.ExecutionException: javax.ws.rs.ProcessingException: java.io.IOException: No such file or directory" type="com.spotify.docker.client.exceptions.DockerException">com.spotify.docker.client.exceptions.DockerException: java.util.concurrent.ExecutionException: javax.ws.rs.ProcessingException: java.io.IOException: No such file or directory
	at com.spotify.docker.client.DefaultDockerClient.propagate(DefaultDockerClient.java:2812)
	at com.spotify.docker.client.DefaultDockerClient.request(DefaultDockerClient.java:2676)
	at com.spotify.docker.client.DefaultDockerClient.version(DefaultDockerClient.java:572)
	at com.spotify.docker.client.DefaultDockerClientTest.setup(DefaultDockerClientTest.java:349)
	at sun.reflect.GeneratedMethodAccessor10.invoke(Unknown Source)
	at sun.reflect.DelegatingMethodAccessorImpl.invoke(DelegatingMethodAccessorImpl.java:43)
	at java.lang.reflect.Method.invoke(Method.java:498)
	at org.junit.runners.model.FrameworkMethod$1.runReflectiveCall(FrameworkMethod.java:50)
	at org.junit.internal.runners.model.ReflectiveCallable.run(ReflectiveCallable.java:12)
	at org.junit.runners.model.FrameworkMethod.invokeExplosively(FrameworkMethod.java:47)
	at org.junit.internal.runners.statements.RunBefores.evaluate(RunBefores.java:24)
	at org.junit.internal.runners.statements.RunAfters.evaluate(RunAfters.java:27)
	at org.junit.rules.ExpectedException$ExpectedExceptionStatement.evaluate(ExpectedException.java:239)
	at org.junit.rules.TestWatcher$1.evaluate(TestWatcher.java:55)
	at org.junit.rules.RunRules.evaluate(RunRules.java:20)
	at org.junit.runners.ParentRunner.runLeaf(ParentRunner.java:325)
	at org.junit.runners.BlockJUnit4ClassRunner.runChild(BlockJUnit4ClassRunner.java:78)
	at org.junit.runners.BlockJUnit4ClassRunner.runChild(BlockJUnit4ClassRunner.java:57)
	at org.junit.runners.ParentRunner$3.run(ParentRunner.java:290)
	at org.junit.runners.ParentRunner$1.schedule(ParentRunner.java:71)
	at org.junit.runners.ParentRunner.runChildren(ParentRunner.java:288)
	at org.junit.runners.ParentRunner.access$000(ParentRunner.java:58)
	at org.junit.runners.ParentRunner$2.evaluate(ParentRunner.java:268)
	at org.junit.runners.ParentRunner.run(ParentRunner.java:363)
	at org.apache.maven.surefire.junit4.JUnit4Provider.execute(JUnit4Provider.java:252)
	at org.apache.maven.surefire.junit4.JUnit4Provider.executeTestSet(JUnit4Provider.java:141)
	at org.apache.maven.surefire.junit4.JUnit4Provider.invoke(JUnit4Provider.java:112)
	at sun.reflect.NativeMethodAccessorImpl.invoke0(Native Method)
	at sun.reflect.NativeMethodAccessorImpl.invoke(NativeMethodAccessorImpl.java:62)
	at sun.reflect.DelegatingMethodAccessorImpl.invoke(DelegatingMethodAccessorImpl.java:43)
	at java.lang.reflect.Method.invoke(Method.java:498)
	at org.apache.maven.surefire.util.ReflectionUtils.invokeMethodWithArray(ReflectionUtils.java:189)
	at org.apache.maven.surefire.booter.ProviderFactory$ProviderProxy.invoke(ProviderFactory.java:165)
	at org.apache.maven.surefire.booter.ProviderFactory.invokeProvider(ProviderFactory.java:85)
	at org.apache.maven.surefire.booter.ForkedBooter.runSuitesInProcess(ForkedBooter.java:115)
	at org.apache.maven.surefire.booter.ForkedBooter.main(ForkedBooter.java:75)
Caused by: java.util.concurrent.ExecutionException: javax.ws.rs.ProcessingException: java.io.IOException: No such file or directory
	at jersey.repackaged.com.google.common.util.concurrent.AbstractFuture$Sync.getValue(AbstractFuture.java:299)
	at jersey.repackaged.com.google.common.util.concurrent.AbstractFuture$Sync.get(AbstractFuture.java:286)
	at jersey.repackaged.com.google.common.util.concurrent.AbstractFuture.get(AbstractFuture.java:116)
	at com.spotify.docker.client.DefaultDockerClient.request(DefaultDockerClient.java:2674)
	... 34 more
Caused by: javax.ws.rs.ProcessingException: java.io.IOException: No such file or directory
	at org.glassfish.jersey.apache.connector.ApacheConnector.apply(ApacheConnector.java:481)
	at org.glassfish.jersey.apache.connector.ApacheConnector$1.run(ApacheConnector.java:491)
	at java.util.concurrent.Executors$RunnableAdapter.call(Executors.java:511)
	at java.util.concurrent.FutureTask.run(FutureTask.java:266)
	at jersey.repackaged.com.google.common.util.concurrent.MoreExecutors$DirectExecutorService.execute(MoreExecutors.java:299)
	at java.util.concurrent.AbstractExecutorService.submit(AbstractExecutorService.java:112)
	at jersey.repackaged.com.google.common.util.concurrent.AbstractListeningExecutorService.submit(AbstractListeningExecutorService.java:50)
	at jersey.repackaged.com.google.common.util.concurrent.AbstractListeningExecutorService.submit(AbstractListeningExecutorService.java:37)
	at org.glassfish.jersey.apache.connector.ApacheConnector.apply(ApacheConnector.java:487)
	at org.glassfish.jersey.client.ClientRuntime$2.run(ClientRuntime.java:178)
	at org.glassfish.jersey.internal.Errors$1.call(Errors.java:271)
	at org.glassfish.jersey.internal.Errors$1.call(Errors.java:267)
	at org.glassfish.jersey.internal.Errors.process(Errors.java:315)
	at org.glassfish.jersey.internal.Errors.process(Errors.java:297)
	at org.glassfish.jersey.internal.Errors.process(Errors.java:267)
	at org.glassfish.jersey.process.internal.RequestScope.runInScope(RequestScope.java:340)
	at org.glassfish.jersey.client.ClientRuntime$3.run(ClientRuntime.java:210)
	at java.util.concurrent.Executors$RunnableAdapter.call(Executors.java:511)
	at java.util.concurrent.FutureTask.run(FutureTask.java:266)
	at java.util.concurrent.ThreadPoolExecutor.runWorker(ThreadPoolExecutor.java:1142)
	at java.util.concurrent.ThreadPoolExecutor$Worker.run(ThreadPoolExecutor.java:617)
	at java.lang.Thread.run(Thread.java:745)
Caused by: java.io.IOException: No such file or directory
	at jnr.unixsocket.UnixSocketChannel.doConnect(UnixSocketChannel.java:127)
	at jnr.unixsocket.UnixSocketChannel.connect(UnixSocketChannel.java:136)
	at jnr.unixsocket.UnixSocketChannel.connect(UnixSocketChannel.java:223)
	at com.spotify.docker.client.UnixConnectionSocketFactory.connectSocket(UnixConnectionSocketFactory.java:85)
	at org.apache.http.impl.conn.DefaultHttpClientConnectionOperator.connect(DefaultHttpClientConnectionOperator.java:134)
	at org.apache.http.impl.conn.PoolingHttpClientConnectionManager.connect(PoolingHttpClientConnectionManager.java:353)
	at org.apache.http.impl.execchain.MainClientExec.establishRoute(MainClientExec.java:380)
	at org.apache.http.impl.execchain.MainClientExec.execute(MainClientExec.java:236)
	at org.apache.http.impl.execchain.ProtocolExec.execute(ProtocolExec.java:184)
	at org.apache.http.impl.execchain.RetryExec.execute(RetryExec.java:88)
	at org.apache.http.impl.execchain.RedirectExec.execute(RedirectExec.java:110)
	at org.apache.http.impl.client.InternalHttpClient.doExecute(InternalHttpClient.java:184)
	at org.apache.http.impl.client.CloseableHttpClient.execute(CloseableHttpClient.java:71)
	at org.glassfish.jersey.apache.connector.ApacheConnector.apply(ApacheConnector.java:435)
	... 21 more
</error>
    <system-err>Jun 02, 2018 7:44:40 AM org.apache.http.impl.execchain.RetryExec execute
INFO: I/O exception (java.io.IOException) caught when processing request to {}-&gt;unix://localhost:80: No such file or directory
Jun 02, 2018 7:44:40 AM org.apache.http.impl.execchain.RetryExec execute
INFO: Retrying request to {}-&gt;unix://localhost:80
Jun 02, 2018 7:44:40 AM org.apache.http.impl.execchain.RetryExec execute
INFO: I/O exception (java.io.IOException) caught when processing request to {}-&gt;unix://localhost:80: No such file or directory
Jun 02, 2018 7:44:40 AM org.apache.http.impl.execchain.RetryExec execute
INFO: Retrying request to {}-&gt;unix://localhost:80
Jun 02, 2018 7:44:40 AM org.apache.http.impl.execchain.RetryExec execute
INFO: I/O exception (java.io.IOException) caught when processing request to {}-&gt;unix://localhost:80: No such file or directory
Jun 02, 2018 7:44:40 AM org.apache.http.impl.execchain.RetryExec execute
INFO: Retrying request to {}-&gt;unix://localhost:80
</system-err>
  </testcase>
  <testcase classname="com.spotify.docker.client.DefaultDockerClientTest" name="testStopContainer" time="0.019">
    <error type="java.lang.NullPointerException">java.lang.NullPointerException
	at com.spotify.docker.client.VersionCompare.compareVersion(VersionCompare.java:45)
	at com.spotify.docker.client.DefaultDockerClientTest.dockerApiVersionAtLeast(DefaultDockerClientTest.java:404)
	at com.spotify.docker.client.DefaultDockerClientTest.tearDown(DefaultDockerClientTest.java:356)
	at sun.reflect.GeneratedMethodAccessor11.invoke(Unknown Source)
	at sun.reflect.DelegatingMethodAccessorImpl.invoke(DelegatingMethodAccessorImpl.java:43)
	at java.lang.reflect.Method.invoke(Method.java:498)
	at org.junit.runners.model.FrameworkMethod$1.runReflectiveCall(FrameworkMethod.java:50)
	at org.junit.internal.runners.model.ReflectiveCallable.run(ReflectiveCallable.java:12)
	at org.junit.runners.model.FrameworkMethod.invokeExplosively(FrameworkMethod.java:47)
	at org.junit.internal.runners.statements.RunAfters.evaluate(RunAfters.java:33)
	at org.junit.rules.ExpectedException$ExpectedExceptionStatement.evaluate(ExpectedException.java:239)
	at org.junit.rules.TestWatcher$1.evaluate(TestWatcher.java:55)
	at org.junit.rules.RunRules.evaluate(RunRules.java:20)
	at org.junit.runners.ParentRunner.runLeaf(ParentRunner.java:325)
	at org.junit.runners.BlockJUnit4ClassRunner.runChild(BlockJUnit4ClassRunner.java:78)
	at org.junit.runners.BlockJUnit4ClassRunner.runChild(BlockJUnit4ClassRunner.java:57)
	at org.junit.runners.ParentRunner$3.run(ParentRunner.java:290)
	at org.junit.runners.ParentRunner$1.schedule(ParentRunner.java:71)
	at org.junit.runners.ParentRunner.runChildren(ParentRunner.java:288)
	at org.junit.runners.ParentRunner.access$000(ParentRunner.java:58)
	at org.junit.runners.ParentRunner$2.evaluate(ParentRunner.java:268)
	at org.junit.runners.ParentRunner.run(ParentRunner.java:363)
	at org.apache.maven.surefire.junit4.JUnit4Provider.execute(JUnit4Provider.java:252)
	at org.apache.maven.surefire.junit4.JUnit4Provider.executeTestSet(JUnit4Provider.java:141)
	at org.apache.maven.surefire.junit4.JUnit4Provider.invoke(JUnit4Provider.java:112)
	at sun.reflect.NativeMethodAccessorImpl.invoke0(Native Method)
	at sun.reflect.NativeMethodAccessorImpl.invoke(NativeMethodAccessorImpl.java:62)
	at sun.reflect.DelegatingMethodAccessorImpl.invoke(DelegatingMethodAccessorImpl.java:43)
	at java.lang.reflect.Method.invoke(Method.java:498)
	at org.apache.maven.surefire.util.ReflectionUtils.invokeMethodWithArray(ReflectionUtils.java:189)
	at org.apache.maven.surefire.booter.ProviderFactory$ProviderProxy.invoke(ProviderFactory.java:165)
	at org.apache.maven.surefire.booter.ProviderFactory.invokeProvider(ProviderFactory.java:85)
	at org.apache.maven.surefire.booter.ForkedBooter.runSuitesInProcess(ForkedBooter.java:115)
	at org.apache.maven.surefire.booter.ForkedBooter.main(ForkedBooter.java:75)
</error>
  </testcase>
  <testcase classname="com.spotify.docker.client.DefaultDockerClientTest" name="testCreateContainerWithBadImage" time="0.019">
    <error message="java.util.concurrent.ExecutionException: javax.ws.rs.ProcessingException: java.io.IOException: No such file or directory" type="com.spotify.docker.client.exceptions.DockerException">com.spotify.docker.client.exceptions.DockerException: java.util.concurrent.ExecutionException: javax.ws.rs.ProcessingException: java.io.IOException: No such file or directory
	at com.spotify.docker.client.DefaultDockerClient.propagate(DefaultDockerClient.java:2812)
	at com.spotify.docker.client.DefaultDockerClient.request(DefaultDockerClient.java:2676)
	at com.spotify.docker.client.DefaultDockerClient.version(DefaultDockerClient.java:572)
	at com.spotify.docker.client.DefaultDockerClientTest.setup(DefaultDockerClientTest.java:349)
	at sun.reflect.GeneratedMethodAccessor10.invoke(Unknown Source)
	at sun.reflect.DelegatingMethodAccessorImpl.invoke(DelegatingMethodAccessorImpl.java:43)
	at java.lang.reflect.Method.invoke(Method.java:498)
	at org.junit.runners.model.FrameworkMethod$1.runReflectiveCall(FrameworkMethod.java:50)
	at org.junit.internal.runners.model.ReflectiveCallable.run(ReflectiveCallable.java:12)
	at org.junit.runners.model.FrameworkMethod.invokeExplosively(FrameworkMethod.java:47)
	at org.junit.internal.runners.statements.RunBefores.evaluate(RunBefores.java:24)
	at org.junit.internal.runners.statements.RunAfters.evaluate(RunAfters.java:27)
	at org.junit.rules.ExpectedException$ExpectedExceptionStatement.evaluate(ExpectedException.java:239)
	at org.junit.rules.TestWatcher$1.evaluate(TestWatcher.java:55)
	at org.junit.rules.RunRules.evaluate(RunRules.java:20)
	at org.junit.runners.ParentRunner.runLeaf(ParentRunner.java:325)
	at org.junit.runners.BlockJUnit4ClassRunner.runChild(BlockJUnit4ClassRunner.java:78)
	at org.junit.runners.BlockJUnit4ClassRunner.runChild(BlockJUnit4ClassRunner.java:57)
	at org.junit.runners.ParentRunner$3.run(ParentRunner.java:290)
	at org.junit.runners.ParentRunner$1.schedule(ParentRunner.java:71)
	at org.junit.runners.ParentRunner.runChildren(ParentRunner.java:288)
	at org.junit.runners.ParentRunner.access$000(ParentRunner.java:58)
	at org.junit.runners.ParentRunner$2.evaluate(ParentRunner.java:268)
	at org.junit.runners.ParentRunner.run(ParentRunner.java:363)
	at org.apache.maven.surefire.junit4.JUnit4Provider.execute(JUnit4Provider.java:252)
	at org.apache.maven.surefire.junit4.JUnit4Provider.executeTestSet(JUnit4Provider.java:141)
	at org.apache.maven.surefire.junit4.JUnit4Provider.invoke(JUnit4Provider.java:112)
	at sun.reflect.NativeMethodAccessorImpl.invoke0(Native Method)
	at sun.reflect.NativeMethodAccessorImpl.invoke(NativeMethodAccessorImpl.java:62)
	at sun.reflect.DelegatingMethodAccessorImpl.invoke(DelegatingMethodAccessorImpl.java:43)
	at java.lang.reflect.Method.invoke(Method.java:498)
	at org.apache.maven.surefire.util.ReflectionUtils.invokeMethodWithArray(ReflectionUtils.java:189)
	at org.apache.maven.surefire.booter.ProviderFactory$ProviderProxy.invoke(ProviderFactory.java:165)
	at org.apache.maven.surefire.booter.ProviderFactory.invokeProvider(ProviderFactory.java:85)
	at org.apache.maven.surefire.booter.ForkedBooter.runSuitesInProcess(ForkedBooter.java:115)
	at org.apache.maven.surefire.booter.ForkedBooter.main(ForkedBooter.java:75)
Caused by: java.util.concurrent.ExecutionException: javax.ws.rs.ProcessingException: java.io.IOException: No such file or directory
	at jersey.repackaged.com.google.common.util.concurrent.AbstractFuture$Sync.getValue(AbstractFuture.java:299)
	at jersey.repackaged.com.google.common.util.concurrent.AbstractFuture$Sync.get(AbstractFuture.java:286)
	at jersey.repackaged.com.google.common.util.concurrent.AbstractFuture.get(AbstractFuture.java:116)
	at com.spotify.docker.client.DefaultDockerClient.request(DefaultDockerClient.java:2674)
	... 34 more
Caused by: javax.ws.rs.ProcessingException: java.io.IOException: No such file or directory
	at org.glassfish.jersey.apache.connector.ApacheConnector.apply(ApacheConnector.java:481)
	at org.glassfish.jersey.apache.connector.ApacheConnector$1.run(ApacheConnector.java:491)
	at java.util.concurrent.Executors$RunnableAdapter.call(Executors.java:511)
	at java.util.concurrent.FutureTask.run(FutureTask.java:266)
	at jersey.repackaged.com.google.common.util.concurrent.MoreExecutors$DirectExecutorService.execute(MoreExecutors.java:299)
	at java.util.concurrent.AbstractExecutorService.submit(AbstractExecutorService.java:112)
	at jersey.repackaged.com.google.common.util.concurrent.AbstractListeningExecutorService.submit(AbstractListeningExecutorService.java:50)
	at jersey.repackaged.com.google.common.util.concurrent.AbstractListeningExecutorService.submit(AbstractListeningExecutorService.java:37)
	at org.glassfish.jersey.apache.connector.ApacheConnector.apply(ApacheConnector.java:487)
	at org.glassfish.jersey.client.ClientRuntime$2.run(ClientRuntime.java:178)
	at org.glassfish.jersey.internal.Errors$1.call(Errors.java:271)
	at org.glassfish.jersey.internal.Errors$1.call(Errors.java:267)
	at org.glassfish.jersey.internal.Errors.process(Errors.java:315)
	at org.glassfish.jersey.internal.Errors.process(Errors.java:297)
	at org.glassfish.jersey.internal.Errors.process(Errors.java:267)
	at org.glassfish.jersey.process.internal.RequestScope.runInScope(RequestScope.java:340)
	at org.glassfish.jersey.client.ClientRuntime$3.run(ClientRuntime.java:210)
	at java.util.concurrent.Executors$RunnableAdapter.call(Executors.java:511)
	at java.util.concurrent.FutureTask.run(FutureTask.java:266)
	at java.util.concurrent.ThreadPoolExecutor.runWorker(ThreadPoolExecutor.java:1142)
	at java.util.concurrent.ThreadPoolExecutor$Worker.run(ThreadPoolExecutor.java:617)
	at java.lang.Thread.run(Thread.java:745)
Caused by: java.io.IOException: No such file or directory
	at jnr.unixsocket.UnixSocketChannel.doConnect(UnixSocketChannel.java:127)
	at jnr.unixsocket.UnixSocketChannel.connect(UnixSocketChannel.java:136)
	at jnr.unixsocket.UnixSocketChannel.connect(UnixSocketChannel.java:223)
	at com.spotify.docker.client.UnixConnectionSocketFactory.connectSocket(UnixConnectionSocketFactory.java:85)
	at org.apache.http.impl.conn.DefaultHttpClientConnectionOperator.connect(DefaultHttpClientConnectionOperator.java:134)
	at org.apache.http.impl.conn.PoolingHttpClientConnectionManager.connect(PoolingHttpClientConnectionManager.java:353)
	at org.apache.http.impl.execchain.MainClientExec.establishRoute(MainClientExec.java:380)
	at org.apache.http.impl.execchain.MainClientExec.execute(MainClientExec.java:236)
	at org.apache.http.impl.execchain.ProtocolExec.execute(ProtocolExec.java:184)
	at org.apache.http.impl.execchain.RetryExec.execute(RetryExec.java:88)
	at org.apache.http.impl.execchain.RedirectExec.execute(RedirectExec.java:110)
	at org.apache.http.impl.client.InternalHttpClient.doExecute(InternalHttpClient.java:184)
	at org.apache.http.impl.client.CloseableHttpClient.execute(CloseableHttpClient.java:71)
	at org.glassfish.jersey.apache.connector.ApacheConnector.apply(ApacheConnector.java:435)
	... 21 more
</error>
    <system-err>Jun 02, 2018 7:44:40 AM org.apache.http.impl.execchain.RetryExec execute
INFO: I/O exception (java.io.IOException) caught when processing request to {}-&gt;unix://localhost:80: No such file or directory
Jun 02, 2018 7:44:40 AM org.apache.http.impl.execchain.RetryExec execute
INFO: Retrying request to {}-&gt;unix://localhost:80
Jun 02, 2018 7:44:40 AM org.apache.http.impl.execchain.RetryExec execute
INFO: I/O exception (java.io.IOException) caught when processing request to {}-&gt;unix://localhost:80: No such file or directory
Jun 02, 2018 7:44:40 AM org.apache.http.impl.execchain.RetryExec execute
INFO: Retrying request to {}-&gt;unix://localhost:80
Jun 02, 2018 7:44:40 AM org.apache.http.impl.execchain.RetryExec execute
INFO: I/O exception (java.io.IOException) caught when processing request to {}-&gt;unix://localhost:80: No such file or directory
Jun 02, 2018 7:44:40 AM org.apache.http.impl.execchain.RetryExec execute
INFO: Retrying request to {}-&gt;unix://localhost:80
</system-err>
  </testcase>
  <testcase classname="com.spotify.docker.client.DefaultDockerClientTest" name="testCreateContainerWithBadImage" time="0.019">
    <error type="java.lang.NullPointerException">java.lang.NullPointerException
	at com.spotify.docker.client.VersionCompare.compareVersion(VersionCompare.java:45)
	at com.spotify.docker.client.DefaultDockerClientTest.dockerApiVersionAtLeast(DefaultDockerClientTest.java:404)
	at com.spotify.docker.client.DefaultDockerClientTest.tearDown(DefaultDockerClientTest.java:356)
	at sun.reflect.GeneratedMethodAccessor11.invoke(Unknown Source)
	at sun.reflect.DelegatingMethodAccessorImpl.invoke(DelegatingMethodAccessorImpl.java:43)
	at java.lang.reflect.Method.invoke(Method.java:498)
	at org.junit.runners.model.FrameworkMethod$1.runReflectiveCall(FrameworkMethod.java:50)
	at org.junit.internal.runners.model.ReflectiveCallable.run(ReflectiveCallable.java:12)
	at org.junit.runners.model.FrameworkMethod.invokeExplosively(FrameworkMethod.java:47)
	at org.junit.internal.runners.statements.RunAfters.evaluate(RunAfters.java:33)
	at org.junit.rules.ExpectedException$ExpectedExceptionStatement.evaluate(ExpectedException.java:239)
	at org.junit.rules.TestWatcher$1.evaluate(TestWatcher.java:55)
	at org.junit.rules.RunRules.evaluate(RunRules.java:20)
	at org.junit.runners.ParentRunner.runLeaf(ParentRunner.java:325)
	at org.junit.runners.BlockJUnit4ClassRunner.runChild(BlockJUnit4ClassRunner.java:78)
	at org.junit.runners.BlockJUnit4ClassRunner.runChild(BlockJUnit4ClassRunner.java:57)
	at org.junit.runners.ParentRunner$3.run(ParentRunner.java:290)
	at org.junit.runners.ParentRunner$1.schedule(ParentRunner.java:71)
	at org.junit.runners.ParentRunner.runChildren(ParentRunner.java:288)
	at org.junit.runners.ParentRunner.access$000(ParentRunner.java:58)
	at org.junit.runners.ParentRunner$2.evaluate(ParentRunner.java:268)
	at org.junit.runners.ParentRunner.run(ParentRunner.java:363)
	at org.apache.maven.surefire.junit4.JUnit4Provider.execute(JUnit4Provider.java:252)
	at org.apache.maven.surefire.junit4.JUnit4Provider.executeTestSet(JUnit4Provider.java:141)
	at org.apache.maven.surefire.junit4.JUnit4Provider.invoke(JUnit4Provider.java:112)
	at sun.reflect.NativeMethodAccessorImpl.invoke0(Native Method)
	at sun.reflect.NativeMethodAccessorImpl.invoke(NativeMethodAccessorImpl.java:62)
	at sun.reflect.DelegatingMethodAccessorImpl.invoke(DelegatingMethodAccessorImpl.java:43)
	at java.lang.reflect.Method.invoke(Method.java:498)
	at org.apache.maven.surefire.util.ReflectionUtils.invokeMethodWithArray(ReflectionUtils.java:189)
	at org.apache.maven.surefire.booter.ProviderFactory$ProviderProxy.invoke(ProviderFactory.java:165)
	at org.apache.maven.surefire.booter.ProviderFactory.invokeProvider(ProviderFactory.java:85)
	at org.apache.maven.surefire.booter.ForkedBooter.runSuitesInProcess(ForkedBooter.java:115)
	at org.apache.maven.surefire.booter.ForkedBooter.main(ForkedBooter.java:75)
</error>
  </testcase>
  <testcase classname="com.spotify.docker.client.DefaultDockerClientTest" name="testTopProcessesOfContainer" time="0.02">
    <error message="java.util.concurrent.ExecutionException: javax.ws.rs.ProcessingException: java.io.IOException: No such file or directory" type="com.spotify.docker.client.exceptions.DockerException">com.spotify.docker.client.exceptions.DockerException: java.util.concurrent.ExecutionException: javax.ws.rs.ProcessingException: java.io.IOException: No such file or directory
	at com.spotify.docker.client.DefaultDockerClient.propagate(DefaultDockerClient.java:2812)
	at com.spotify.docker.client.DefaultDockerClient.request(DefaultDockerClient.java:2676)
	at com.spotify.docker.client.DefaultDockerClient.version(DefaultDockerClient.java:572)
	at com.spotify.docker.client.DefaultDockerClientTest.setup(DefaultDockerClientTest.java:349)
	at sun.reflect.GeneratedMethodAccessor10.invoke(Unknown Source)
	at sun.reflect.DelegatingMethodAccessorImpl.invoke(DelegatingMethodAccessorImpl.java:43)
	at java.lang.reflect.Method.invoke(Method.java:498)
	at org.junit.runners.model.FrameworkMethod$1.runReflectiveCall(FrameworkMethod.java:50)
	at org.junit.internal.runners.model.ReflectiveCallable.run(ReflectiveCallable.java:12)
	at org.junit.runners.model.FrameworkMethod.invokeExplosively(FrameworkMethod.java:47)
	at org.junit.internal.runners.statements.RunBefores.evaluate(RunBefores.java:24)
	at org.junit.internal.runners.statements.RunAfters.evaluate(RunAfters.java:27)
	at org.junit.rules.ExpectedException$ExpectedExceptionStatement.evaluate(ExpectedException.java:239)
	at org.junit.rules.TestWatcher$1.evaluate(TestWatcher.java:55)
	at org.junit.rules.RunRules.evaluate(RunRules.java:20)
	at org.junit.runners.ParentRunner.runLeaf(ParentRunner.java:325)
	at org.junit.runners.BlockJUnit4ClassRunner.runChild(BlockJUnit4ClassRunner.java:78)
	at org.junit.runners.BlockJUnit4ClassRunner.runChild(BlockJUnit4ClassRunner.java:57)
	at org.junit.runners.ParentRunner$3.run(ParentRunner.java:290)
	at org.junit.runners.ParentRunner$1.schedule(ParentRunner.java:71)
	at org.junit.runners.ParentRunner.runChildren(ParentRunner.java:288)
	at org.junit.runners.ParentRunner.access$000(ParentRunner.java:58)
	at org.junit.runners.ParentRunner$2.evaluate(ParentRunner.java:268)
	at org.junit.runners.ParentRunner.run(ParentRunner.java:363)
	at org.apache.maven.surefire.junit4.JUnit4Provider.execute(JUnit4Provider.java:252)
	at org.apache.maven.surefire.junit4.JUnit4Provider.executeTestSet(JUnit4Provider.java:141)
	at org.apache.maven.surefire.junit4.JUnit4Provider.invoke(JUnit4Provider.java:112)
	at sun.reflect.NativeMethodAccessorImpl.invoke0(Native Method)
	at sun.reflect.NativeMethodAccessorImpl.invoke(NativeMethodAccessorImpl.java:62)
	at sun.reflect.DelegatingMethodAccessorImpl.invoke(DelegatingMethodAccessorImpl.java:43)
	at java.lang.reflect.Method.invoke(Method.java:498)
	at org.apache.maven.surefire.util.ReflectionUtils.invokeMethodWithArray(ReflectionUtils.java:189)
	at org.apache.maven.surefire.booter.ProviderFactory$ProviderProxy.invoke(ProviderFactory.java:165)
	at org.apache.maven.surefire.booter.ProviderFactory.invokeProvider(ProviderFactory.java:85)
	at org.apache.maven.surefire.booter.ForkedBooter.runSuitesInProcess(ForkedBooter.java:115)
	at org.apache.maven.surefire.booter.ForkedBooter.main(ForkedBooter.java:75)
Caused by: java.util.concurrent.ExecutionException: javax.ws.rs.ProcessingException: java.io.IOException: No such file or directory
	at jersey.repackaged.com.google.common.util.concurrent.AbstractFuture$Sync.getValue(AbstractFuture.java:299)
	at jersey.repackaged.com.google.common.util.concurrent.AbstractFuture$Sync.get(AbstractFuture.java:286)
	at jersey.repackaged.com.google.common.util.concurrent.AbstractFuture.get(AbstractFuture.java:116)
	at com.spotify.docker.client.DefaultDockerClient.request(DefaultDockerClient.java:2674)
	... 34 more
Caused by: javax.ws.rs.ProcessingException: java.io.IOException: No such file or directory
	at org.glassfish.jersey.apache.connector.ApacheConnector.apply(ApacheConnector.java:481)
	at org.glassfish.jersey.apache.connector.ApacheConnector$1.run(ApacheConnector.java:491)
	at java.util.concurrent.Executors$RunnableAdapter.call(Executors.java:511)
	at java.util.concurrent.FutureTask.run(FutureTask.java:266)
	at jersey.repackaged.com.google.common.util.concurrent.MoreExecutors$DirectExecutorService.execute(MoreExecutors.java:299)
	at java.util.concurrent.AbstractExecutorService.submit(AbstractExecutorService.java:112)
	at jersey.repackaged.com.google.common.util.concurrent.AbstractListeningExecutorService.submit(AbstractListeningExecutorService.java:50)
	at jersey.repackaged.com.google.common.util.concurrent.AbstractListeningExecutorService.submit(AbstractListeningExecutorService.java:37)
	at org.glassfish.jersey.apache.connector.ApacheConnector.apply(ApacheConnector.java:487)
	at org.glassfish.jersey.client.ClientRuntime$2.run(ClientRuntime.java:178)
	at org.glassfish.jersey.internal.Errors$1.call(Errors.java:271)
	at org.glassfish.jersey.internal.Errors$1.call(Errors.java:267)
	at org.glassfish.jersey.internal.Errors.process(Errors.java:315)
	at org.glassfish.jersey.internal.Errors.process(Errors.java:297)
	at org.glassfish.jersey.internal.Errors.process(Errors.java:267)
	at org.glassfish.jersey.process.internal.RequestScope.runInScope(RequestScope.java:340)
	at org.glassfish.jersey.client.ClientRuntime$3.run(ClientRuntime.java:210)
	at java.util.concurrent.Executors$RunnableAdapter.call(Executors.java:511)
	at java.util.concurrent.FutureTask.run(FutureTask.java:266)
	at java.util.concurrent.ThreadPoolExecutor.runWorker(ThreadPoolExecutor.java:1142)
	at java.util.concurrent.ThreadPoolExecutor$Worker.run(ThreadPoolExecutor.java:617)
	at java.lang.Thread.run(Thread.java:745)
Caused by: java.io.IOException: No such file or directory
	at jnr.unixsocket.UnixSocketChannel.doConnect(UnixSocketChannel.java:127)
	at jnr.unixsocket.UnixSocketChannel.connect(UnixSocketChannel.java:136)
	at jnr.unixsocket.UnixSocketChannel.connect(UnixSocketChannel.java:223)
	at com.spotify.docker.client.UnixConnectionSocketFactory.connectSocket(UnixConnectionSocketFactory.java:85)
	at org.apache.http.impl.conn.DefaultHttpClientConnectionOperator.connect(DefaultHttpClientConnectionOperator.java:134)
	at org.apache.http.impl.conn.PoolingHttpClientConnectionManager.connect(PoolingHttpClientConnectionManager.java:353)
	at org.apache.http.impl.execchain.MainClientExec.establishRoute(MainClientExec.java:380)
	at org.apache.http.impl.execchain.MainClientExec.execute(MainClientExec.java:236)
	at org.apache.http.impl.execchain.ProtocolExec.execute(ProtocolExec.java:184)
	at org.apache.http.impl.execchain.RetryExec.execute(RetryExec.java:88)
	at org.apache.http.impl.execchain.RedirectExec.execute(RedirectExec.java:110)
	at org.apache.http.impl.client.InternalHttpClient.doExecute(InternalHttpClient.java:184)
	at org.apache.http.impl.client.CloseableHttpClient.execute(CloseableHttpClient.java:71)
	at org.glassfish.jersey.apache.connector.ApacheConnector.apply(ApacheConnector.java:435)
	... 21 more
</error>
    <system-err>Jun 02, 2018 7:44:40 AM org.apache.http.impl.execchain.RetryExec execute
INFO: I/O exception (java.io.IOException) caught when processing request to {}-&gt;unix://localhost:80: No such file or directory
Jun 02, 2018 7:44:40 AM org.apache.http.impl.execchain.RetryExec execute
INFO: Retrying request to {}-&gt;unix://localhost:80
Jun 02, 2018 7:44:40 AM org.apache.http.impl.execchain.RetryExec execute
INFO: I/O exception (java.io.IOException) caught when processing request to {}-&gt;unix://localhost:80: No such file or directory
Jun 02, 2018 7:44:40 AM org.apache.http.impl.execchain.RetryExec execute
INFO: Retrying request to {}-&gt;unix://localhost:80
Jun 02, 2018 7:44:40 AM org.apache.http.impl.execchain.RetryExec execute
INFO: I/O exception (java.io.IOException) caught when processing request to {}-&gt;unix://localhost:80: No such file or directory
Jun 02, 2018 7:44:40 AM org.apache.http.impl.execchain.RetryExec execute
INFO: Retrying request to {}-&gt;unix://localhost:80
</system-err>
  </testcase>
  <testcase classname="com.spotify.docker.client.DefaultDockerClientTest" name="testTopProcessesOfContainer" time="0.02">
    <error type="java.lang.NullPointerException">java.lang.NullPointerException
	at com.spotify.docker.client.VersionCompare.compareVersion(VersionCompare.java:45)
	at com.spotify.docker.client.DefaultDockerClientTest.dockerApiVersionAtLeast(DefaultDockerClientTest.java:404)
	at com.spotify.docker.client.DefaultDockerClientTest.tearDown(DefaultDockerClientTest.java:356)
	at sun.reflect.GeneratedMethodAccessor11.invoke(Unknown Source)
	at sun.reflect.DelegatingMethodAccessorImpl.invoke(DelegatingMethodAccessorImpl.java:43)
	at java.lang.reflect.Method.invoke(Method.java:498)
	at org.junit.runners.model.FrameworkMethod$1.runReflectiveCall(FrameworkMethod.java:50)
	at org.junit.internal.runners.model.ReflectiveCallable.run(ReflectiveCallable.java:12)
	at org.junit.runners.model.FrameworkMethod.invokeExplosively(FrameworkMethod.java:47)
	at org.junit.internal.runners.statements.RunAfters.evaluate(RunAfters.java:33)
	at org.junit.rules.ExpectedException$ExpectedExceptionStatement.evaluate(ExpectedException.java:239)
	at org.junit.rules.TestWatcher$1.evaluate(TestWatcher.java:55)
	at org.junit.rules.RunRules.evaluate(RunRules.java:20)
	at org.junit.runners.ParentRunner.runLeaf(ParentRunner.java:325)
	at org.junit.runners.BlockJUnit4ClassRunner.runChild(BlockJUnit4ClassRunner.java:78)
	at org.junit.runners.BlockJUnit4ClassRunner.runChild(BlockJUnit4ClassRunner.java:57)
	at org.junit.runners.ParentRunner$3.run(ParentRunner.java:290)
	at org.junit.runners.ParentRunner$1.schedule(ParentRunner.java:71)
	at org.junit.runners.ParentRunner.runChildren(ParentRunner.java:288)
	at org.junit.runners.ParentRunner.access$000(ParentRunner.java:58)
	at org.junit.runners.ParentRunner$2.evaluate(ParentRunner.java:268)
	at org.junit.runners.ParentRunner.run(ParentRunner.java:363)
	at org.apache.maven.surefire.junit4.JUnit4Provider.execute(JUnit4Provider.java:252)
	at org.apache.maven.surefire.junit4.JUnit4Provider.executeTestSet(JUnit4Provider.java:141)
	at org.apache.maven.surefire.junit4.JUnit4Provider.invoke(JUnit4Provider.java:112)
	at sun.reflect.NativeMethodAccessorImpl.invoke0(Native Method)
	at sun.reflect.NativeMethodAccessorImpl.invoke(NativeMethodAccessorImpl.java:62)
	at sun.reflect.DelegatingMethodAccessorImpl.invoke(DelegatingMethodAccessorImpl.java:43)
	at java.lang.reflect.Method.invoke(Method.java:498)
	at org.apache.maven.surefire.util.ReflectionUtils.invokeMethodWithArray(ReflectionUtils.java:189)
	at org.apache.maven.surefire.booter.ProviderFactory$ProviderProxy.invoke(ProviderFactory.java:165)
	at org.apache.maven.surefire.booter.ProviderFactory.invokeProvider(ProviderFactory.java:85)
	at org.apache.maven.surefire.booter.ForkedBooter.runSuitesInProcess(ForkedBooter.java:115)
	at org.apache.maven.surefire.booter.ForkedBooter.main(ForkedBooter.java:75)
</error>
  </testcase>
  <testcase classname="com.spotify.docker.client.DefaultDockerClientTest" name="testCreateContainerNameMatcher" time="0.021">
    <error message="java.util.concurrent.ExecutionException: javax.ws.rs.ProcessingException: java.io.IOException: No such file or directory" type="com.spotify.docker.client.exceptions.DockerException">com.spotify.docker.client.exceptions.DockerException: java.util.concurrent.ExecutionException: javax.ws.rs.ProcessingException: java.io.IOException: No such file or directory
	at com.spotify.docker.client.DefaultDockerClient.propagate(DefaultDockerClient.java:2812)
	at com.spotify.docker.client.DefaultDockerClient.request(DefaultDockerClient.java:2676)
	at com.spotify.docker.client.DefaultDockerClient.version(DefaultDockerClient.java:572)
	at com.spotify.docker.client.DefaultDockerClientTest.setup(DefaultDockerClientTest.java:349)
	at sun.reflect.GeneratedMethodAccessor10.invoke(Unknown Source)
	at sun.reflect.DelegatingMethodAccessorImpl.invoke(DelegatingMethodAccessorImpl.java:43)
	at java.lang.reflect.Method.invoke(Method.java:498)
	at org.junit.runners.model.FrameworkMethod$1.runReflectiveCall(FrameworkMethod.java:50)
	at org.junit.internal.runners.model.ReflectiveCallable.run(ReflectiveCallable.java:12)
	at org.junit.runners.model.FrameworkMethod.invokeExplosively(FrameworkMethod.java:47)
	at org.junit.internal.runners.statements.RunBefores.evaluate(RunBefores.java:24)
	at org.junit.internal.runners.statements.RunAfters.evaluate(RunAfters.java:27)
	at org.junit.rules.ExpectedException$ExpectedExceptionStatement.evaluate(ExpectedException.java:239)
	at org.junit.rules.TestWatcher$1.evaluate(TestWatcher.java:55)
	at org.junit.rules.RunRules.evaluate(RunRules.java:20)
	at org.junit.runners.ParentRunner.runLeaf(ParentRunner.java:325)
	at org.junit.runners.BlockJUnit4ClassRunner.runChild(BlockJUnit4ClassRunner.java:78)
	at org.junit.runners.BlockJUnit4ClassRunner.runChild(BlockJUnit4ClassRunner.java:57)
	at org.junit.runners.ParentRunner$3.run(ParentRunner.java:290)
	at org.junit.runners.ParentRunner$1.schedule(ParentRunner.java:71)
	at org.junit.runners.ParentRunner.runChildren(ParentRunner.java:288)
	at org.junit.runners.ParentRunner.access$000(ParentRunner.java:58)
	at org.junit.runners.ParentRunner$2.evaluate(ParentRunner.java:268)
	at org.junit.runners.ParentRunner.run(ParentRunner.java:363)
	at org.apache.maven.surefire.junit4.JUnit4Provider.execute(JUnit4Provider.java:252)
	at org.apache.maven.surefire.junit4.JUnit4Provider.executeTestSet(JUnit4Provider.java:141)
	at org.apache.maven.surefire.junit4.JUnit4Provider.invoke(JUnit4Provider.java:112)
	at sun.reflect.NativeMethodAccessorImpl.invoke0(Native Method)
	at sun.reflect.NativeMethodAccessorImpl.invoke(NativeMethodAccessorImpl.java:62)
	at sun.reflect.DelegatingMethodAccessorImpl.invoke(DelegatingMethodAccessorImpl.java:43)
	at java.lang.reflect.Method.invoke(Method.java:498)
	at org.apache.maven.surefire.util.ReflectionUtils.invokeMethodWithArray(ReflectionUtils.java:189)
	at org.apache.maven.surefire.booter.ProviderFactory$ProviderProxy.invoke(ProviderFactory.java:165)
	at org.apache.maven.surefire.booter.ProviderFactory.invokeProvider(ProviderFactory.java:85)
	at org.apache.maven.surefire.booter.ForkedBooter.runSuitesInProcess(ForkedBooter.java:115)
	at org.apache.maven.surefire.booter.ForkedBooter.main(ForkedBooter.java:75)
Caused by: java.util.concurrent.ExecutionException: javax.ws.rs.ProcessingException: java.io.IOException: No such file or directory
	at jersey.repackaged.com.google.common.util.concurrent.AbstractFuture$Sync.getValue(AbstractFuture.java:299)
	at jersey.repackaged.com.google.common.util.concurrent.AbstractFuture$Sync.get(AbstractFuture.java:286)
	at jersey.repackaged.com.google.common.util.concurrent.AbstractFuture.get(AbstractFuture.java:116)
	at com.spotify.docker.client.DefaultDockerClient.request(DefaultDockerClient.java:2674)
	... 34 more
Caused by: javax.ws.rs.ProcessingException: java.io.IOException: No such file or directory
	at org.glassfish.jersey.apache.connector.ApacheConnector.apply(ApacheConnector.java:481)
	at org.glassfish.jersey.apache.connector.ApacheConnector$1.run(ApacheConnector.java:491)
	at java.util.concurrent.Executors$RunnableAdapter.call(Executors.java:511)
	at java.util.concurrent.FutureTask.run(FutureTask.java:266)
	at jersey.repackaged.com.google.common.util.concurrent.MoreExecutors$DirectExecutorService.execute(MoreExecutors.java:299)
	at java.util.concurrent.AbstractExecutorService.submit(AbstractExecutorService.java:112)
	at jersey.repackaged.com.google.common.util.concurrent.AbstractListeningExecutorService.submit(AbstractListeningExecutorService.java:50)
	at jersey.repackaged.com.google.common.util.concurrent.AbstractListeningExecutorService.submit(AbstractListeningExecutorService.java:37)
	at org.glassfish.jersey.apache.connector.ApacheConnector.apply(ApacheConnector.java:487)
	at org.glassfish.jersey.client.ClientRuntime$2.run(ClientRuntime.java:178)
	at org.glassfish.jersey.internal.Errors$1.call(Errors.java:271)
	at org.glassfish.jersey.internal.Errors$1.call(Errors.java:267)
	at org.glassfish.jersey.internal.Errors.process(Errors.java:315)
	at org.glassfish.jersey.internal.Errors.process(Errors.java:297)
	at org.glassfish.jersey.internal.Errors.process(Errors.java:267)
	at org.glassfish.jersey.process.internal.RequestScope.runInScope(RequestScope.java:340)
	at org.glassfish.jersey.client.ClientRuntime$3.run(ClientRuntime.java:210)
	at java.util.concurrent.Executors$RunnableAdapter.call(Executors.java:511)
	at java.util.concurrent.FutureTask.run(FutureTask.java:266)
	at java.util.concurrent.ThreadPoolExecutor.runWorker(ThreadPoolExecutor.java:1142)
	at java.util.concurrent.ThreadPoolExecutor$Worker.run(ThreadPoolExecutor.java:617)
	at java.lang.Thread.run(Thread.java:745)
Caused by: java.io.IOException: No such file or directory
	at jnr.unixsocket.UnixSocketChannel.doConnect(UnixSocketChannel.java:127)
	at jnr.unixsocket.UnixSocketChannel.connect(UnixSocketChannel.java:136)
	at jnr.unixsocket.UnixSocketChannel.connect(UnixSocketChannel.java:223)
	at com.spotify.docker.client.UnixConnectionSocketFactory.connectSocket(UnixConnectionSocketFactory.java:85)
	at org.apache.http.impl.conn.DefaultHttpClientConnectionOperator.connect(DefaultHttpClientConnectionOperator.java:134)
	at org.apache.http.impl.conn.PoolingHttpClientConnectionManager.connect(PoolingHttpClientConnectionManager.java:353)
	at org.apache.http.impl.execchain.MainClientExec.establishRoute(MainClientExec.java:380)
	at org.apache.http.impl.execchain.MainClientExec.execute(MainClientExec.java:236)
	at org.apache.http.impl.execchain.ProtocolExec.execute(ProtocolExec.java:184)
	at org.apache.http.impl.execchain.RetryExec.execute(RetryExec.java:88)
	at org.apache.http.impl.execchain.RedirectExec.execute(RedirectExec.java:110)
	at org.apache.http.impl.client.InternalHttpClient.doExecute(InternalHttpClient.java:184)
	at org.apache.http.impl.client.CloseableHttpClient.execute(CloseableHttpClient.java:71)
	at org.glassfish.jersey.apache.connector.ApacheConnector.apply(ApacheConnector.java:435)
	... 21 more
</error>
    <system-err>Jun 02, 2018 7:44:40 AM org.apache.http.impl.execchain.RetryExec execute
INFO: I/O exception (java.io.IOException) caught when processing request to {}-&gt;unix://localhost:80: No such file or directory
Jun 02, 2018 7:44:40 AM org.apache.http.impl.execchain.RetryExec execute
INFO: Retrying request to {}-&gt;unix://localhost:80
Jun 02, 2018 7:44:40 AM org.apache.http.impl.execchain.RetryExec execute
INFO: I/O exception (java.io.IOException) caught when processing request to {}-&gt;unix://localhost:80: No such file or directory
Jun 02, 2018 7:44:40 AM org.apache.http.impl.execchain.RetryExec execute
INFO: Retrying request to {}-&gt;unix://localhost:80
Jun 02, 2018 7:44:40 AM org.apache.http.impl.execchain.RetryExec execute
INFO: I/O exception (java.io.IOException) caught when processing request to {}-&gt;unix://localhost:80: No such file or directory
Jun 02, 2018 7:44:40 AM org.apache.http.impl.execchain.RetryExec execute
INFO: Retrying request to {}-&gt;unix://localhost:80
</system-err>
  </testcase>
  <testcase classname="com.spotify.docker.client.DefaultDockerClientTest" name="testCreateContainerNameMatcher" time="0.021">
    <error type="java.lang.NullPointerException">java.lang.NullPointerException
	at com.spotify.docker.client.VersionCompare.compareVersion(VersionCompare.java:45)
	at com.spotify.docker.client.DefaultDockerClientTest.dockerApiVersionAtLeast(DefaultDockerClientTest.java:404)
	at com.spotify.docker.client.DefaultDockerClientTest.tearDown(DefaultDockerClientTest.java:356)
	at sun.reflect.GeneratedMethodAccessor11.invoke(Unknown Source)
	at sun.reflect.DelegatingMethodAccessorImpl.invoke(DelegatingMethodAccessorImpl.java:43)
	at java.lang.reflect.Method.invoke(Method.java:498)
	at org.junit.runners.model.FrameworkMethod$1.runReflectiveCall(FrameworkMethod.java:50)
	at org.junit.internal.runners.model.ReflectiveCallable.run(ReflectiveCallable.java:12)
	at org.junit.runners.model.FrameworkMethod.invokeExplosively(FrameworkMethod.java:47)
	at org.junit.internal.runners.statements.RunAfters.evaluate(RunAfters.java:33)
	at org.junit.rules.ExpectedException$ExpectedExceptionStatement.evaluate(ExpectedException.java:239)
	at org.junit.rules.TestWatcher$1.evaluate(TestWatcher.java:55)
	at org.junit.rules.RunRules.evaluate(RunRules.java:20)
	at org.junit.runners.ParentRunner.runLeaf(ParentRunner.java:325)
	at org.junit.runners.BlockJUnit4ClassRunner.runChild(BlockJUnit4ClassRunner.java:78)
	at org.junit.runners.BlockJUnit4ClassRunner.runChild(BlockJUnit4ClassRunner.java:57)
	at org.junit.runners.ParentRunner$3.run(ParentRunner.java:290)
	at org.junit.runners.ParentRunner$1.schedule(ParentRunner.java:71)
	at org.junit.runners.ParentRunner.runChildren(ParentRunner.java:288)
	at org.junit.runners.ParentRunner.access$000(ParentRunner.java:58)
	at org.junit.runners.ParentRunner$2.evaluate(ParentRunner.java:268)
	at org.junit.runners.ParentRunner.run(ParentRunner.java:363)
	at org.apache.maven.surefire.junit4.JUnit4Provider.execute(JUnit4Provider.java:252)
	at org.apache.maven.surefire.junit4.JUnit4Provider.executeTestSet(JUnit4Provider.java:141)
	at org.apache.maven.surefire.junit4.JUnit4Provider.invoke(JUnit4Provider.java:112)
	at sun.reflect.NativeMethodAccessorImpl.invoke0(Native Method)
	at sun.reflect.NativeMethodAccessorImpl.invoke(NativeMethodAccessorImpl.java:62)
	at sun.reflect.DelegatingMethodAccessorImpl.invoke(DelegatingMethodAccessorImpl.java:43)
	at java.lang.reflect.Method.invoke(Method.java:498)
	at org.apache.maven.surefire.util.ReflectionUtils.invokeMethodWithArray(ReflectionUtils.java:189)
	at org.apache.maven.surefire.booter.ProviderFactory$ProviderProxy.invoke(ProviderFactory.java:165)
	at org.apache.maven.surefire.booter.ProviderFactory.invokeProvider(ProviderFactory.java:85)
	at org.apache.maven.surefire.booter.ForkedBooter.runSuitesInProcess(ForkedBooter.java:115)
	at org.apache.maven.surefire.booter.ForkedBooter.main(ForkedBooter.java:75)
</error>
  </testcase>
  <testcase classname="com.spotify.docker.client.DefaultDockerClientTest" name="testEventFiltersWithSpaces" time="0.02">
    <error message="java.util.concurrent.ExecutionException: javax.ws.rs.ProcessingException: java.io.IOException: No such file or directory" type="com.spotify.docker.client.exceptions.DockerException">com.spotify.docker.client.exceptions.DockerException: java.util.concurrent.ExecutionException: javax.ws.rs.ProcessingException: java.io.IOException: No such file or directory
	at com.spotify.docker.client.DefaultDockerClient.propagate(DefaultDockerClient.java:2812)
	at com.spotify.docker.client.DefaultDockerClient.request(DefaultDockerClient.java:2676)
	at com.spotify.docker.client.DefaultDockerClient.version(DefaultDockerClient.java:572)
	at com.spotify.docker.client.DefaultDockerClientTest.setup(DefaultDockerClientTest.java:349)
	at sun.reflect.GeneratedMethodAccessor10.invoke(Unknown Source)
	at sun.reflect.DelegatingMethodAccessorImpl.invoke(DelegatingMethodAccessorImpl.java:43)
	at java.lang.reflect.Method.invoke(Method.java:498)
	at org.junit.runners.model.FrameworkMethod$1.runReflectiveCall(FrameworkMethod.java:50)
	at org.junit.internal.runners.model.ReflectiveCallable.run(ReflectiveCallable.java:12)
	at org.junit.runners.model.FrameworkMethod.invokeExplosively(FrameworkMethod.java:47)
	at org.junit.internal.runners.statements.RunBefores.evaluate(RunBefores.java:24)
	at org.junit.internal.runners.statements.RunAfters.evaluate(RunAfters.java:27)
	at org.junit.rules.ExpectedException$ExpectedExceptionStatement.evaluate(ExpectedException.java:239)
	at org.junit.rules.TestWatcher$1.evaluate(TestWatcher.java:55)
	at org.junit.rules.RunRules.evaluate(RunRules.java:20)
	at org.junit.runners.ParentRunner.runLeaf(ParentRunner.java:325)
	at org.junit.runners.BlockJUnit4ClassRunner.runChild(BlockJUnit4ClassRunner.java:78)
	at org.junit.runners.BlockJUnit4ClassRunner.runChild(BlockJUnit4ClassRunner.java:57)
	at org.junit.runners.ParentRunner$3.run(ParentRunner.java:290)
	at org.junit.runners.ParentRunner$1.schedule(ParentRunner.java:71)
	at org.junit.runners.ParentRunner.runChildren(ParentRunner.java:288)
	at org.junit.runners.ParentRunner.access$000(ParentRunner.java:58)
	at org.junit.runners.ParentRunner$2.evaluate(ParentRunner.java:268)
	at org.junit.runners.ParentRunner.run(ParentRunner.java:363)
	at org.apache.maven.surefire.junit4.JUnit4Provider.execute(JUnit4Provider.java:252)
	at org.apache.maven.surefire.junit4.JUnit4Provider.executeTestSet(JUnit4Provider.java:141)
	at org.apache.maven.surefire.junit4.JUnit4Provider.invoke(JUnit4Provider.java:112)
	at sun.reflect.NativeMethodAccessorImpl.invoke0(Native Method)
	at sun.reflect.NativeMethodAccessorImpl.invoke(NativeMethodAccessorImpl.java:62)
	at sun.reflect.DelegatingMethodAccessorImpl.invoke(DelegatingMethodAccessorImpl.java:43)
	at java.lang.reflect.Method.invoke(Method.java:498)
	at org.apache.maven.surefire.util.ReflectionUtils.invokeMethodWithArray(ReflectionUtils.java:189)
	at org.apache.maven.surefire.booter.ProviderFactory$ProviderProxy.invoke(ProviderFactory.java:165)
	at org.apache.maven.surefire.booter.ProviderFactory.invokeProvider(ProviderFactory.java:85)
	at org.apache.maven.surefire.booter.ForkedBooter.runSuitesInProcess(ForkedBooter.java:115)
	at org.apache.maven.surefire.booter.ForkedBooter.main(ForkedBooter.java:75)
Caused by: java.util.concurrent.ExecutionException: javax.ws.rs.ProcessingException: java.io.IOException: No such file or directory
	at jersey.repackaged.com.google.common.util.concurrent.AbstractFuture$Sync.getValue(AbstractFuture.java:299)
	at jersey.repackaged.com.google.common.util.concurrent.AbstractFuture$Sync.get(AbstractFuture.java:286)
	at jersey.repackaged.com.google.common.util.concurrent.AbstractFuture.get(AbstractFuture.java:116)
	at com.spotify.docker.client.DefaultDockerClient.request(DefaultDockerClient.java:2674)
	... 34 more
Caused by: javax.ws.rs.ProcessingException: java.io.IOException: No such file or directory
	at org.glassfish.jersey.apache.connector.ApacheConnector.apply(ApacheConnector.java:481)
	at org.glassfish.jersey.apache.connector.ApacheConnector$1.run(ApacheConnector.java:491)
	at java.util.concurrent.Executors$RunnableAdapter.call(Executors.java:511)
	at java.util.concurrent.FutureTask.run(FutureTask.java:266)
	at jersey.repackaged.com.google.common.util.concurrent.MoreExecutors$DirectExecutorService.execute(MoreExecutors.java:299)
	at java.util.concurrent.AbstractExecutorService.submit(AbstractExecutorService.java:112)
	at jersey.repackaged.com.google.common.util.concurrent.AbstractListeningExecutorService.submit(AbstractListeningExecutorService.java:50)
	at jersey.repackaged.com.google.common.util.concurrent.AbstractListeningExecutorService.submit(AbstractListeningExecutorService.java:37)
	at org.glassfish.jersey.apache.connector.ApacheConnector.apply(ApacheConnector.java:487)
	at org.glassfish.jersey.client.ClientRuntime$2.run(ClientRuntime.java:178)
	at org.glassfish.jersey.internal.Errors$1.call(Errors.java:271)
	at org.glassfish.jersey.internal.Errors$1.call(Errors.java:267)
	at org.glassfish.jersey.internal.Errors.process(Errors.java:315)
	at org.glassfish.jersey.internal.Errors.process(Errors.java:297)
	at org.glassfish.jersey.internal.Errors.process(Errors.java:267)
	at org.glassfish.jersey.process.internal.RequestScope.runInScope(RequestScope.java:340)
	at org.glassfish.jersey.client.ClientRuntime$3.run(ClientRuntime.java:210)
	at java.util.concurrent.Executors$RunnableAdapter.call(Executors.java:511)
	at java.util.concurrent.FutureTask.run(FutureTask.java:266)
	at java.util.concurrent.ThreadPoolExecutor.runWorker(ThreadPoolExecutor.java:1142)
	at java.util.concurrent.ThreadPoolExecutor$Worker.run(ThreadPoolExecutor.java:617)
	at java.lang.Thread.run(Thread.java:745)
Caused by: java.io.IOException: No such file or directory
	at jnr.unixsocket.UnixSocketChannel.doConnect(UnixSocketChannel.java:127)
	at jnr.unixsocket.UnixSocketChannel.connect(UnixSocketChannel.java:136)
	at jnr.unixsocket.UnixSocketChannel.connect(UnixSocketChannel.java:223)
	at com.spotify.docker.client.UnixConnectionSocketFactory.connectSocket(UnixConnectionSocketFactory.java:85)
	at org.apache.http.impl.conn.DefaultHttpClientConnectionOperator.connect(DefaultHttpClientConnectionOperator.java:134)
	at org.apache.http.impl.conn.PoolingHttpClientConnectionManager.connect(PoolingHttpClientConnectionManager.java:353)
	at org.apache.http.impl.execchain.MainClientExec.establishRoute(MainClientExec.java:380)
	at org.apache.http.impl.execchain.MainClientExec.execute(MainClientExec.java:236)
	at org.apache.http.impl.execchain.ProtocolExec.execute(ProtocolExec.java:184)
	at org.apache.http.impl.execchain.RetryExec.execute(RetryExec.java:88)
	at org.apache.http.impl.execchain.RedirectExec.execute(RedirectExec.java:110)
	at org.apache.http.impl.client.InternalHttpClient.doExecute(InternalHttpClient.java:184)
	at org.apache.http.impl.client.CloseableHttpClient.execute(CloseableHttpClient.java:71)
	at org.glassfish.jersey.apache.connector.ApacheConnector.apply(ApacheConnector.java:435)
	... 21 more
</error>
    <system-err>Jun 02, 2018 7:44:40 AM org.apache.http.impl.execchain.RetryExec execute
INFO: I/O exception (java.io.IOException) caught when processing request to {}-&gt;unix://localhost:80: No such file or directory
Jun 02, 2018 7:44:40 AM org.apache.http.impl.execchain.RetryExec execute
INFO: Retrying request to {}-&gt;unix://localhost:80
Jun 02, 2018 7:44:40 AM org.apache.http.impl.execchain.RetryExec execute
INFO: I/O exception (java.io.IOException) caught when processing request to {}-&gt;unix://localhost:80: No such file or directory
Jun 02, 2018 7:44:40 AM org.apache.http.impl.execchain.RetryExec execute
INFO: Retrying request to {}-&gt;unix://localhost:80
Jun 02, 2018 7:44:40 AM org.apache.http.impl.execchain.RetryExec execute
INFO: I/O exception (java.io.IOException) caught when processing request to {}-&gt;unix://localhost:80: No such file or directory
Jun 02, 2018 7:44:40 AM org.apache.http.impl.execchain.RetryExec execute
INFO: Retrying request to {}-&gt;unix://localhost:80
</system-err>
  </testcase>
  <testcase classname="com.spotify.docker.client.DefaultDockerClientTest" name="testEventFiltersWithSpaces" time="0.02">
    <error type="java.lang.NullPointerException">java.lang.NullPointerException
	at com.spotify.docker.client.VersionCompare.compareVersion(VersionCompare.java:45)
	at com.spotify.docker.client.DefaultDockerClientTest.dockerApiVersionAtLeast(DefaultDockerClientTest.java:404)
	at com.spotify.docker.client.DefaultDockerClientTest.tearDown(DefaultDockerClientTest.java:356)
	at sun.reflect.GeneratedMethodAccessor11.invoke(Unknown Source)
	at sun.reflect.DelegatingMethodAccessorImpl.invoke(DelegatingMethodAccessorImpl.java:43)
	at java.lang.reflect.Method.invoke(Method.java:498)
	at org.junit.runners.model.FrameworkMethod$1.runReflectiveCall(FrameworkMethod.java:50)
	at org.junit.internal.runners.model.ReflectiveCallable.run(ReflectiveCallable.java:12)
	at org.junit.runners.model.FrameworkMethod.invokeExplosively(FrameworkMethod.java:47)
	at org.junit.internal.runners.statements.RunAfters.evaluate(RunAfters.java:33)
	at org.junit.rules.ExpectedException$ExpectedExceptionStatement.evaluate(ExpectedException.java:239)
	at org.junit.rules.TestWatcher$1.evaluate(TestWatcher.java:55)
	at org.junit.rules.RunRules.evaluate(RunRules.java:20)
	at org.junit.runners.ParentRunner.runLeaf(ParentRunner.java:325)
	at org.junit.runners.BlockJUnit4ClassRunner.runChild(BlockJUnit4ClassRunner.java:78)
	at org.junit.runners.BlockJUnit4ClassRunner.runChild(BlockJUnit4ClassRunner.java:57)
	at org.junit.runners.ParentRunner$3.run(ParentRunner.java:290)
	at org.junit.runners.ParentRunner$1.schedule(ParentRunner.java:71)
	at org.junit.runners.ParentRunner.runChildren(ParentRunner.java:288)
	at org.junit.runners.ParentRunner.access$000(ParentRunner.java:58)
	at org.junit.runners.ParentRunner$2.evaluate(ParentRunner.java:268)
	at org.junit.runners.ParentRunner.run(ParentRunner.java:363)
	at org.apache.maven.surefire.junit4.JUnit4Provider.execute(JUnit4Provider.java:252)
	at org.apache.maven.surefire.junit4.JUnit4Provider.executeTestSet(JUnit4Provider.java:141)
	at org.apache.maven.surefire.junit4.JUnit4Provider.invoke(JUnit4Provider.java:112)
	at sun.reflect.NativeMethodAccessorImpl.invoke0(Native Method)
	at sun.reflect.NativeMethodAccessorImpl.invoke(NativeMethodAccessorImpl.java:62)
	at sun.reflect.DelegatingMethodAccessorImpl.invoke(DelegatingMethodAccessorImpl.java:43)
	at java.lang.reflect.Method.invoke(Method.java:498)
	at org.apache.maven.surefire.util.ReflectionUtils.invokeMethodWithArray(ReflectionUtils.java:189)
	at org.apache.maven.surefire.booter.ProviderFactory$ProviderProxy.invoke(ProviderFactory.java:165)
	at org.apache.maven.surefire.booter.ProviderFactory.invokeProvider(ProviderFactory.java:85)
	at org.apache.maven.surefire.booter.ForkedBooter.runSuitesInProcess(ForkedBooter.java:115)
	at org.apache.maven.surefire.booter.ForkedBooter.main(ForkedBooter.java:75)
</error>
  </testcase>
  <testcase classname="com.spotify.docker.client.DefaultDockerClientTest" name="testNetworksConnectContainer" time="0.021">
    <error message="java.util.concurrent.ExecutionException: javax.ws.rs.ProcessingException: java.io.IOException: No such file or directory" type="com.spotify.docker.client.exceptions.DockerException">com.spotify.docker.client.exceptions.DockerException: java.util.concurrent.ExecutionException: javax.ws.rs.ProcessingException: java.io.IOException: No such file or directory
	at com.spotify.docker.client.DefaultDockerClient.propagate(DefaultDockerClient.java:2812)
	at com.spotify.docker.client.DefaultDockerClient.request(DefaultDockerClient.java:2676)
	at com.spotify.docker.client.DefaultDockerClient.version(DefaultDockerClient.java:572)
	at com.spotify.docker.client.DefaultDockerClientTest.setup(DefaultDockerClientTest.java:349)
	at sun.reflect.GeneratedMethodAccessor10.invoke(Unknown Source)
	at sun.reflect.DelegatingMethodAccessorImpl.invoke(DelegatingMethodAccessorImpl.java:43)
	at java.lang.reflect.Method.invoke(Method.java:498)
	at org.junit.runners.model.FrameworkMethod$1.runReflectiveCall(FrameworkMethod.java:50)
	at org.junit.internal.runners.model.ReflectiveCallable.run(ReflectiveCallable.java:12)
	at org.junit.runners.model.FrameworkMethod.invokeExplosively(FrameworkMethod.java:47)
	at org.junit.internal.runners.statements.RunBefores.evaluate(RunBefores.java:24)
	at org.junit.internal.runners.statements.RunAfters.evaluate(RunAfters.java:27)
	at org.junit.rules.ExpectedException$ExpectedExceptionStatement.evaluate(ExpectedException.java:239)
	at org.junit.rules.TestWatcher$1.evaluate(TestWatcher.java:55)
	at org.junit.rules.RunRules.evaluate(RunRules.java:20)
	at org.junit.runners.ParentRunner.runLeaf(ParentRunner.java:325)
	at org.junit.runners.BlockJUnit4ClassRunner.runChild(BlockJUnit4ClassRunner.java:78)
	at org.junit.runners.BlockJUnit4ClassRunner.runChild(BlockJUnit4ClassRunner.java:57)
	at org.junit.runners.ParentRunner$3.run(ParentRunner.java:290)
	at org.junit.runners.ParentRunner$1.schedule(ParentRunner.java:71)
	at org.junit.runners.ParentRunner.runChildren(ParentRunner.java:288)
	at org.junit.runners.ParentRunner.access$000(ParentRunner.java:58)
	at org.junit.runners.ParentRunner$2.evaluate(ParentRunner.java:268)
	at org.junit.runners.ParentRunner.run(ParentRunner.java:363)
	at org.apache.maven.surefire.junit4.JUnit4Provider.execute(JUnit4Provider.java:252)
	at org.apache.maven.surefire.junit4.JUnit4Provider.executeTestSet(JUnit4Provider.java:141)
	at org.apache.maven.surefire.junit4.JUnit4Provider.invoke(JUnit4Provider.java:112)
	at sun.reflect.NativeMethodAccessorImpl.invoke0(Native Method)
	at sun.reflect.NativeMethodAccessorImpl.invoke(NativeMethodAccessorImpl.java:62)
	at sun.reflect.DelegatingMethodAccessorImpl.invoke(DelegatingMethodAccessorImpl.java:43)
	at java.lang.reflect.Method.invoke(Method.java:498)
	at org.apache.maven.surefire.util.ReflectionUtils.invokeMethodWithArray(ReflectionUtils.java:189)
	at org.apache.maven.surefire.booter.ProviderFactory$ProviderProxy.invoke(ProviderFactory.java:165)
	at org.apache.maven.surefire.booter.ProviderFactory.invokeProvider(ProviderFactory.java:85)
	at org.apache.maven.surefire.booter.ForkedBooter.runSuitesInProcess(ForkedBooter.java:115)
	at org.apache.maven.surefire.booter.ForkedBooter.main(ForkedBooter.java:75)
Caused by: java.util.concurrent.ExecutionException: javax.ws.rs.ProcessingException: java.io.IOException: No such file or directory
	at jersey.repackaged.com.google.common.util.concurrent.AbstractFuture$Sync.getValue(AbstractFuture.java:299)
	at jersey.repackaged.com.google.common.util.concurrent.AbstractFuture$Sync.get(AbstractFuture.java:286)
	at jersey.repackaged.com.google.common.util.concurrent.AbstractFuture.get(AbstractFuture.java:116)
	at com.spotify.docker.client.DefaultDockerClient.request(DefaultDockerClient.java:2674)
	... 34 more
Caused by: javax.ws.rs.ProcessingException: java.io.IOException: No such file or directory
	at org.glassfish.jersey.apache.connector.ApacheConnector.apply(ApacheConnector.java:481)
	at org.glassfish.jersey.apache.connector.ApacheConnector$1.run(ApacheConnector.java:491)
	at java.util.concurrent.Executors$RunnableAdapter.call(Executors.java:511)
	at java.util.concurrent.FutureTask.run(FutureTask.java:266)
	at jersey.repackaged.com.google.common.util.concurrent.MoreExecutors$DirectExecutorService.execute(MoreExecutors.java:299)
	at java.util.concurrent.AbstractExecutorService.submit(AbstractExecutorService.java:112)
	at jersey.repackaged.com.google.common.util.concurrent.AbstractListeningExecutorService.submit(AbstractListeningExecutorService.java:50)
	at jersey.repackaged.com.google.common.util.concurrent.AbstractListeningExecutorService.submit(AbstractListeningExecutorService.java:37)
	at org.glassfish.jersey.apache.connector.ApacheConnector.apply(ApacheConnector.java:487)
	at org.glassfish.jersey.client.ClientRuntime$2.run(ClientRuntime.java:178)
	at org.glassfish.jersey.internal.Errors$1.call(Errors.java:271)
	at org.glassfish.jersey.internal.Errors$1.call(Errors.java:267)
	at org.glassfish.jersey.internal.Errors.process(Errors.java:315)
	at org.glassfish.jersey.internal.Errors.process(Errors.java:297)
	at org.glassfish.jersey.internal.Errors.process(Errors.java:267)
	at org.glassfish.jersey.process.internal.RequestScope.runInScope(RequestScope.java:340)
	at org.glassfish.jersey.client.ClientRuntime$3.run(ClientRuntime.java:210)
	at java.util.concurrent.Executors$RunnableAdapter.call(Executors.java:511)
	at java.util.concurrent.FutureTask.run(FutureTask.java:266)
	at java.util.concurrent.ThreadPoolExecutor.runWorker(ThreadPoolExecutor.java:1142)
	at java.util.concurrent.ThreadPoolExecutor$Worker.run(ThreadPoolExecutor.java:617)
	at java.lang.Thread.run(Thread.java:745)
Caused by: java.io.IOException: No such file or directory
	at jnr.unixsocket.UnixSocketChannel.doConnect(UnixSocketChannel.java:127)
	at jnr.unixsocket.UnixSocketChannel.connect(UnixSocketChannel.java:136)
	at jnr.unixsocket.UnixSocketChannel.connect(UnixSocketChannel.java:223)
	at com.spotify.docker.client.UnixConnectionSocketFactory.connectSocket(UnixConnectionSocketFactory.java:85)
	at org.apache.http.impl.conn.DefaultHttpClientConnectionOperator.connect(DefaultHttpClientConnectionOperator.java:134)
	at org.apache.http.impl.conn.PoolingHttpClientConnectionManager.connect(PoolingHttpClientConnectionManager.java:353)
	at org.apache.http.impl.execchain.MainClientExec.establishRoute(MainClientExec.java:380)
	at org.apache.http.impl.execchain.MainClientExec.execute(MainClientExec.java:236)
	at org.apache.http.impl.execchain.ProtocolExec.execute(ProtocolExec.java:184)
	at org.apache.http.impl.execchain.RetryExec.execute(RetryExec.java:88)
	at org.apache.http.impl.execchain.RedirectExec.execute(RedirectExec.java:110)
	at org.apache.http.impl.client.InternalHttpClient.doExecute(InternalHttpClient.java:184)
	at org.apache.http.impl.client.CloseableHttpClient.execute(CloseableHttpClient.java:71)
	at org.glassfish.jersey.apache.connector.ApacheConnector.apply(ApacheConnector.java:435)
	... 21 more
</error>
    <system-err>Jun 02, 2018 7:44:40 AM org.apache.http.impl.execchain.RetryExec execute
INFO: I/O exception (java.io.IOException) caught when processing request to {}-&gt;unix://localhost:80: No such file or directory
Jun 02, 2018 7:44:40 AM org.apache.http.impl.execchain.RetryExec execute
INFO: Retrying request to {}-&gt;unix://localhost:80
Jun 02, 2018 7:44:40 AM org.apache.http.impl.execchain.RetryExec execute
INFO: I/O exception (java.io.IOException) caught when processing request to {}-&gt;unix://localhost:80: No such file or directory
Jun 02, 2018 7:44:40 AM org.apache.http.impl.execchain.RetryExec execute
INFO: Retrying request to {}-&gt;unix://localhost:80
Jun 02, 2018 7:44:40 AM org.apache.http.impl.execchain.RetryExec execute
INFO: I/O exception (java.io.IOException) caught when processing request to {}-&gt;unix://localhost:80: No such file or directory
Jun 02, 2018 7:44:40 AM org.apache.http.impl.execchain.RetryExec execute
INFO: Retrying request to {}-&gt;unix://localhost:80
</system-err>
  </testcase>
  <testcase classname="com.spotify.docker.client.DefaultDockerClientTest" name="testNetworksConnectContainer" time="0.021">
    <error type="java.lang.NullPointerException">java.lang.NullPointerException
	at com.spotify.docker.client.VersionCompare.compareVersion(VersionCompare.java:45)
	at com.spotify.docker.client.DefaultDockerClientTest.dockerApiVersionAtLeast(DefaultDockerClientTest.java:404)
	at com.spotify.docker.client.DefaultDockerClientTest.tearDown(DefaultDockerClientTest.java:356)
	at sun.reflect.GeneratedMethodAccessor11.invoke(Unknown Source)
	at sun.reflect.DelegatingMethodAccessorImpl.invoke(DelegatingMethodAccessorImpl.java:43)
	at java.lang.reflect.Method.invoke(Method.java:498)
	at org.junit.runners.model.FrameworkMethod$1.runReflectiveCall(FrameworkMethod.java:50)
	at org.junit.internal.runners.model.ReflectiveCallable.run(ReflectiveCallable.java:12)
	at org.junit.runners.model.FrameworkMethod.invokeExplosively(FrameworkMethod.java:47)
	at org.junit.internal.runners.statements.RunAfters.evaluate(RunAfters.java:33)
	at org.junit.rules.ExpectedException$ExpectedExceptionStatement.evaluate(ExpectedException.java:239)
	at org.junit.rules.TestWatcher$1.evaluate(TestWatcher.java:55)
	at org.junit.rules.RunRules.evaluate(RunRules.java:20)
	at org.junit.runners.ParentRunner.runLeaf(ParentRunner.java:325)
	at org.junit.runners.BlockJUnit4ClassRunner.runChild(BlockJUnit4ClassRunner.java:78)
	at org.junit.runners.BlockJUnit4ClassRunner.runChild(BlockJUnit4ClassRunner.java:57)
	at org.junit.runners.ParentRunner$3.run(ParentRunner.java:290)
	at org.junit.runners.ParentRunner$1.schedule(ParentRunner.java:71)
	at org.junit.runners.ParentRunner.runChildren(ParentRunner.java:288)
	at org.junit.runners.ParentRunner.access$000(ParentRunner.java:58)
	at org.junit.runners.ParentRunner$2.evaluate(ParentRunner.java:268)
	at org.junit.runners.ParentRunner.run(ParentRunner.java:363)
	at org.apache.maven.surefire.junit4.JUnit4Provider.execute(JUnit4Provider.java:252)
	at org.apache.maven.surefire.junit4.JUnit4Provider.executeTestSet(JUnit4Provider.java:141)
	at org.apache.maven.surefire.junit4.JUnit4Provider.invoke(JUnit4Provider.java:112)
	at sun.reflect.NativeMethodAccessorImpl.invoke0(Native Method)
	at sun.reflect.NativeMethodAccessorImpl.invoke(NativeMethodAccessorImpl.java:62)
	at sun.reflect.DelegatingMethodAccessorImpl.invoke(DelegatingMethodAccessorImpl.java:43)
	at java.lang.reflect.Method.invoke(Method.java:498)
	at org.apache.maven.surefire.util.ReflectionUtils.invokeMethodWithArray(ReflectionUtils.java:189)
	at org.apache.maven.surefire.booter.ProviderFactory$ProviderProxy.invoke(ProviderFactory.java:165)
	at org.apache.maven.surefire.booter.ProviderFactory.invokeProvider(ProviderFactory.java:85)
	at org.apache.maven.surefire.booter.ForkedBooter.runSuitesInProcess(ForkedBooter.java:115)
	at org.apache.maven.surefire.booter.ForkedBooter.main(ForkedBooter.java:75)
</error>
  </testcase>
  <testcase classname="com.spotify.docker.client.DefaultDockerClientTest" name="testFailCopyContainer" time="0.021">
    <error message="java.util.concurrent.ExecutionException: javax.ws.rs.ProcessingException: java.io.IOException: No such file or directory" type="com.spotify.docker.client.exceptions.DockerException">com.spotify.docker.client.exceptions.DockerException: java.util.concurrent.ExecutionException: javax.ws.rs.ProcessingException: java.io.IOException: No such file or directory
	at com.spotify.docker.client.DefaultDockerClient.propagate(DefaultDockerClient.java:2812)
	at com.spotify.docker.client.DefaultDockerClient.request(DefaultDockerClient.java:2676)
	at com.spotify.docker.client.DefaultDockerClient.version(DefaultDockerClient.java:572)
	at com.spotify.docker.client.DefaultDockerClientTest.setup(DefaultDockerClientTest.java:349)
	at sun.reflect.GeneratedMethodAccessor10.invoke(Unknown Source)
	at sun.reflect.DelegatingMethodAccessorImpl.invoke(DelegatingMethodAccessorImpl.java:43)
	at java.lang.reflect.Method.invoke(Method.java:498)
	at org.junit.runners.model.FrameworkMethod$1.runReflectiveCall(FrameworkMethod.java:50)
	at org.junit.internal.runners.model.ReflectiveCallable.run(ReflectiveCallable.java:12)
	at org.junit.runners.model.FrameworkMethod.invokeExplosively(FrameworkMethod.java:47)
	at org.junit.internal.runners.statements.RunBefores.evaluate(RunBefores.java:24)
	at org.junit.internal.runners.statements.RunAfters.evaluate(RunAfters.java:27)
	at org.junit.rules.ExpectedException$ExpectedExceptionStatement.evaluate(ExpectedException.java:239)
	at org.junit.rules.TestWatcher$1.evaluate(TestWatcher.java:55)
	at org.junit.rules.RunRules.evaluate(RunRules.java:20)
	at org.junit.runners.ParentRunner.runLeaf(ParentRunner.java:325)
	at org.junit.runners.BlockJUnit4ClassRunner.runChild(BlockJUnit4ClassRunner.java:78)
	at org.junit.runners.BlockJUnit4ClassRunner.runChild(BlockJUnit4ClassRunner.java:57)
	at org.junit.runners.ParentRunner$3.run(ParentRunner.java:290)
	at org.junit.runners.ParentRunner$1.schedule(ParentRunner.java:71)
	at org.junit.runners.ParentRunner.runChildren(ParentRunner.java:288)
	at org.junit.runners.ParentRunner.access$000(ParentRunner.java:58)
	at org.junit.runners.ParentRunner$2.evaluate(ParentRunner.java:268)
	at org.junit.runners.ParentRunner.run(ParentRunner.java:363)
	at org.apache.maven.surefire.junit4.JUnit4Provider.execute(JUnit4Provider.java:252)
	at org.apache.maven.surefire.junit4.JUnit4Provider.executeTestSet(JUnit4Provider.java:141)
	at org.apache.maven.surefire.junit4.JUnit4Provider.invoke(JUnit4Provider.java:112)
	at sun.reflect.NativeMethodAccessorImpl.invoke0(Native Method)
	at sun.reflect.NativeMethodAccessorImpl.invoke(NativeMethodAccessorImpl.java:62)
	at sun.reflect.DelegatingMethodAccessorImpl.invoke(DelegatingMethodAccessorImpl.java:43)
	at java.lang.reflect.Method.invoke(Method.java:498)
	at org.apache.maven.surefire.util.ReflectionUtils.invokeMethodWithArray(ReflectionUtils.java:189)
	at org.apache.maven.surefire.booter.ProviderFactory$ProviderProxy.invoke(ProviderFactory.java:165)
	at org.apache.maven.surefire.booter.ProviderFactory.invokeProvider(ProviderFactory.java:85)
	at org.apache.maven.surefire.booter.ForkedBooter.runSuitesInProcess(ForkedBooter.java:115)
	at org.apache.maven.surefire.booter.ForkedBooter.main(ForkedBooter.java:75)
Caused by: java.util.concurrent.ExecutionException: javax.ws.rs.ProcessingException: java.io.IOException: No such file or directory
	at jersey.repackaged.com.google.common.util.concurrent.AbstractFuture$Sync.getValue(AbstractFuture.java:299)
	at jersey.repackaged.com.google.common.util.concurrent.AbstractFuture$Sync.get(AbstractFuture.java:286)
	at jersey.repackaged.com.google.common.util.concurrent.AbstractFuture.get(AbstractFuture.java:116)
	at com.spotify.docker.client.DefaultDockerClient.request(DefaultDockerClient.java:2674)
	... 34 more
Caused by: javax.ws.rs.ProcessingException: java.io.IOException: No such file or directory
	at org.glassfish.jersey.apache.connector.ApacheConnector.apply(ApacheConnector.java:481)
	at org.glassfish.jersey.apache.connector.ApacheConnector$1.run(ApacheConnector.java:491)
	at java.util.concurrent.Executors$RunnableAdapter.call(Executors.java:511)
	at java.util.concurrent.FutureTask.run(FutureTask.java:266)
	at jersey.repackaged.com.google.common.util.concurrent.MoreExecutors$DirectExecutorService.execute(MoreExecutors.java:299)
	at java.util.concurrent.AbstractExecutorService.submit(AbstractExecutorService.java:112)
	at jersey.repackaged.com.google.common.util.concurrent.AbstractListeningExecutorService.submit(AbstractListeningExecutorService.java:50)
	at jersey.repackaged.com.google.common.util.concurrent.AbstractListeningExecutorService.submit(AbstractListeningExecutorService.java:37)
	at org.glassfish.jersey.apache.connector.ApacheConnector.apply(ApacheConnector.java:487)
	at org.glassfish.jersey.client.ClientRuntime$2.run(ClientRuntime.java:178)
	at org.glassfish.jersey.internal.Errors$1.call(Errors.java:271)
	at org.glassfish.jersey.internal.Errors$1.call(Errors.java:267)
	at org.glassfish.jersey.internal.Errors.process(Errors.java:315)
	at org.glassfish.jersey.internal.Errors.process(Errors.java:297)
	at org.glassfish.jersey.internal.Errors.process(Errors.java:267)
	at org.glassfish.jersey.process.internal.RequestScope.runInScope(RequestScope.java:340)
	at org.glassfish.jersey.client.ClientRuntime$3.run(ClientRuntime.java:210)
	at java.util.concurrent.Executors$RunnableAdapter.call(Executors.java:511)
	at java.util.concurrent.FutureTask.run(FutureTask.java:266)
	at java.util.concurrent.ThreadPoolExecutor.runWorker(ThreadPoolExecutor.java:1142)
	at java.util.concurrent.ThreadPoolExecutor$Worker.run(ThreadPoolExecutor.java:617)
	at java.lang.Thread.run(Thread.java:745)
Caused by: java.io.IOException: No such file or directory
	at jnr.unixsocket.UnixSocketChannel.doConnect(UnixSocketChannel.java:127)
	at jnr.unixsocket.UnixSocketChannel.connect(UnixSocketChannel.java:136)
	at jnr.unixsocket.UnixSocketChannel.connect(UnixSocketChannel.java:223)
	at com.spotify.docker.client.UnixConnectionSocketFactory.connectSocket(UnixConnectionSocketFactory.java:85)
	at org.apache.http.impl.conn.DefaultHttpClientConnectionOperator.connect(DefaultHttpClientConnectionOperator.java:134)
	at org.apache.http.impl.conn.PoolingHttpClientConnectionManager.connect(PoolingHttpClientConnectionManager.java:353)
	at org.apache.http.impl.execchain.MainClientExec.establishRoute(MainClientExec.java:380)
	at org.apache.http.impl.execchain.MainClientExec.execute(MainClientExec.java:236)
	at org.apache.http.impl.execchain.ProtocolExec.execute(ProtocolExec.java:184)
	at org.apache.http.impl.execchain.RetryExec.execute(RetryExec.java:88)
	at org.apache.http.impl.execchain.RedirectExec.execute(RedirectExec.java:110)
	at org.apache.http.impl.client.InternalHttpClient.doExecute(InternalHttpClient.java:184)
	at org.apache.http.impl.client.CloseableHttpClient.execute(CloseableHttpClient.java:71)
	at org.glassfish.jersey.apache.connector.ApacheConnector.apply(ApacheConnector.java:435)
	... 21 more
</error>
    <system-err>Jun 02, 2018 7:44:40 AM org.apache.http.impl.execchain.RetryExec execute
INFO: I/O exception (java.io.IOException) caught when processing request to {}-&gt;unix://localhost:80: No such file or directory
Jun 02, 2018 7:44:40 AM org.apache.http.impl.execchain.RetryExec execute
INFO: Retrying request to {}-&gt;unix://localhost:80
Jun 02, 2018 7:44:40 AM org.apache.http.impl.execchain.RetryExec execute
INFO: I/O exception (java.io.IOException) caught when processing request to {}-&gt;unix://localhost:80: No such file or directory
Jun 02, 2018 7:44:40 AM org.apache.http.impl.execchain.RetryExec execute
INFO: Retrying request to {}-&gt;unix://localhost:80
Jun 02, 2018 7:44:40 AM org.apache.http.impl.execchain.RetryExec execute
INFO: I/O exception (java.io.IOException) caught when processing request to {}-&gt;unix://localhost:80: No such file or directory
Jun 02, 2018 7:44:40 AM org.apache.http.impl.execchain.RetryExec execute
INFO: Retrying request to {}-&gt;unix://localhost:80
</system-err>
  </testcase>
  <testcase classname="com.spotify.docker.client.DefaultDockerClientTest" name="testFailCopyContainer" time="0.021">
    <error type="java.lang.NullPointerException">java.lang.NullPointerException
	at com.spotify.docker.client.VersionCompare.compareVersion(VersionCompare.java:45)
	at com.spotify.docker.client.DefaultDockerClientTest.dockerApiVersionAtLeast(DefaultDockerClientTest.java:404)
	at com.spotify.docker.client.DefaultDockerClientTest.tearDown(DefaultDockerClientTest.java:356)
	at sun.reflect.GeneratedMethodAccessor11.invoke(Unknown Source)
	at sun.reflect.DelegatingMethodAccessorImpl.invoke(DelegatingMethodAccessorImpl.java:43)
	at java.lang.reflect.Method.invoke(Method.java:498)
	at org.junit.runners.model.FrameworkMethod$1.runReflectiveCall(FrameworkMethod.java:50)
	at org.junit.internal.runners.model.ReflectiveCallable.run(ReflectiveCallable.java:12)
	at org.junit.runners.model.FrameworkMethod.invokeExplosively(FrameworkMethod.java:47)
	at org.junit.internal.runners.statements.RunAfters.evaluate(RunAfters.java:33)
	at org.junit.rules.ExpectedException$ExpectedExceptionStatement.evaluate(ExpectedException.java:239)
	at org.junit.rules.TestWatcher$1.evaluate(TestWatcher.java:55)
	at org.junit.rules.RunRules.evaluate(RunRules.java:20)
	at org.junit.runners.ParentRunner.runLeaf(ParentRunner.java:325)
	at org.junit.runners.BlockJUnit4ClassRunner.runChild(BlockJUnit4ClassRunner.java:78)
	at org.junit.runners.BlockJUnit4ClassRunner.runChild(BlockJUnit4ClassRunner.java:57)
	at org.junit.runners.ParentRunner$3.run(ParentRunner.java:290)
	at org.junit.runners.ParentRunner$1.schedule(ParentRunner.java:71)
	at org.junit.runners.ParentRunner.runChildren(ParentRunner.java:288)
	at org.junit.runners.ParentRunner.access$000(ParentRunner.java:58)
	at org.junit.runners.ParentRunner$2.evaluate(ParentRunner.java:268)
	at org.junit.runners.ParentRunner.run(ParentRunner.java:363)
	at org.apache.maven.surefire.junit4.JUnit4Provider.execute(JUnit4Provider.java:252)
	at org.apache.maven.surefire.junit4.JUnit4Provider.executeTestSet(JUnit4Provider.java:141)
	at org.apache.maven.surefire.junit4.JUnit4Provider.invoke(JUnit4Provider.java:112)
	at sun.reflect.NativeMethodAccessorImpl.invoke0(Native Method)
	at sun.reflect.NativeMethodAccessorImpl.invoke(NativeMethodAccessorImpl.java:62)
	at sun.reflect.DelegatingMethodAccessorImpl.invoke(DelegatingMethodAccessorImpl.java:43)
	at java.lang.reflect.Method.invoke(Method.java:498)
	at org.apache.maven.surefire.util.ReflectionUtils.invokeMethodWithArray(ReflectionUtils.java:189)
	at org.apache.maven.surefire.booter.ProviderFactory$ProviderProxy.invoke(ProviderFactory.java:165)
	at org.apache.maven.surefire.booter.ProviderFactory.invokeProvider(ProviderFactory.java:85)
	at org.apache.maven.surefire.booter.ForkedBooter.runSuitesInProcess(ForkedBooter.java:115)
	at org.apache.maven.surefire.booter.ForkedBooter.main(ForkedBooter.java:75)
</error>
  </testcase>
  <testcase classname="com.spotify.docker.client.DefaultDockerClientTest" name="testFilterNetworks" time="0.021">
    <error message="java.util.concurrent.ExecutionException: javax.ws.rs.ProcessingException: java.io.IOException: No such file or directory" type="com.spotify.docker.client.exceptions.DockerException">com.spotify.docker.client.exceptions.DockerException: java.util.concurrent.ExecutionException: javax.ws.rs.ProcessingException: java.io.IOException: No such file or directory
	at com.spotify.docker.client.DefaultDockerClient.propagate(DefaultDockerClient.java:2812)
	at com.spotify.docker.client.DefaultDockerClient.request(DefaultDockerClient.java:2676)
	at com.spotify.docker.client.DefaultDockerClient.version(DefaultDockerClient.java:572)
	at com.spotify.docker.client.DefaultDockerClientTest.setup(DefaultDockerClientTest.java:349)
	at sun.reflect.GeneratedMethodAccessor10.invoke(Unknown Source)
	at sun.reflect.DelegatingMethodAccessorImpl.invoke(DelegatingMethodAccessorImpl.java:43)
	at java.lang.reflect.Method.invoke(Method.java:498)
	at org.junit.runners.model.FrameworkMethod$1.runReflectiveCall(FrameworkMethod.java:50)
	at org.junit.internal.runners.model.ReflectiveCallable.run(ReflectiveCallable.java:12)
	at org.junit.runners.model.FrameworkMethod.invokeExplosively(FrameworkMethod.java:47)
	at org.junit.internal.runners.statements.RunBefores.evaluate(RunBefores.java:24)
	at org.junit.internal.runners.statements.RunAfters.evaluate(RunAfters.java:27)
	at org.junit.rules.ExpectedException$ExpectedExceptionStatement.evaluate(ExpectedException.java:239)
	at org.junit.rules.TestWatcher$1.evaluate(TestWatcher.java:55)
	at org.junit.rules.RunRules.evaluate(RunRules.java:20)
	at org.junit.runners.ParentRunner.runLeaf(ParentRunner.java:325)
	at org.junit.runners.BlockJUnit4ClassRunner.runChild(BlockJUnit4ClassRunner.java:78)
	at org.junit.runners.BlockJUnit4ClassRunner.runChild(BlockJUnit4ClassRunner.java:57)
	at org.junit.runners.ParentRunner$3.run(ParentRunner.java:290)
	at org.junit.runners.ParentRunner$1.schedule(ParentRunner.java:71)
	at org.junit.runners.ParentRunner.runChildren(ParentRunner.java:288)
	at org.junit.runners.ParentRunner.access$000(ParentRunner.java:58)
	at org.junit.runners.ParentRunner$2.evaluate(ParentRunner.java:268)
	at org.junit.runners.ParentRunner.run(ParentRunner.java:363)
	at org.apache.maven.surefire.junit4.JUnit4Provider.execute(JUnit4Provider.java:252)
	at org.apache.maven.surefire.junit4.JUnit4Provider.executeTestSet(JUnit4Provider.java:141)
	at org.apache.maven.surefire.junit4.JUnit4Provider.invoke(JUnit4Provider.java:112)
	at sun.reflect.NativeMethodAccessorImpl.invoke0(Native Method)
	at sun.reflect.NativeMethodAccessorImpl.invoke(NativeMethodAccessorImpl.java:62)
	at sun.reflect.DelegatingMethodAccessorImpl.invoke(DelegatingMethodAccessorImpl.java:43)
	at java.lang.reflect.Method.invoke(Method.java:498)
	at org.apache.maven.surefire.util.ReflectionUtils.invokeMethodWithArray(ReflectionUtils.java:189)
	at org.apache.maven.surefire.booter.ProviderFactory$ProviderProxy.invoke(ProviderFactory.java:165)
	at org.apache.maven.surefire.booter.ProviderFactory.invokeProvider(ProviderFactory.java:85)
	at org.apache.maven.surefire.booter.ForkedBooter.runSuitesInProcess(ForkedBooter.java:115)
	at org.apache.maven.surefire.booter.ForkedBooter.main(ForkedBooter.java:75)
Caused by: java.util.concurrent.ExecutionException: javax.ws.rs.ProcessingException: java.io.IOException: No such file or directory
	at jersey.repackaged.com.google.common.util.concurrent.AbstractFuture$Sync.getValue(AbstractFuture.java:299)
	at jersey.repackaged.com.google.common.util.concurrent.AbstractFuture$Sync.get(AbstractFuture.java:286)
	at jersey.repackaged.com.google.common.util.concurrent.AbstractFuture.get(AbstractFuture.java:116)
	at com.spotify.docker.client.DefaultDockerClient.request(DefaultDockerClient.java:2674)
	... 34 more
Caused by: javax.ws.rs.ProcessingException: java.io.IOException: No such file or directory
	at org.glassfish.jersey.apache.connector.ApacheConnector.apply(ApacheConnector.java:481)
	at org.glassfish.jersey.apache.connector.ApacheConnector$1.run(ApacheConnector.java:491)
	at java.util.concurrent.Executors$RunnableAdapter.call(Executors.java:511)
	at java.util.concurrent.FutureTask.run(FutureTask.java:266)
	at jersey.repackaged.com.google.common.util.concurrent.MoreExecutors$DirectExecutorService.execute(MoreExecutors.java:299)
	at java.util.concurrent.AbstractExecutorService.submit(AbstractExecutorService.java:112)
	at jersey.repackaged.com.google.common.util.concurrent.AbstractListeningExecutorService.submit(AbstractListeningExecutorService.java:50)
	at jersey.repackaged.com.google.common.util.concurrent.AbstractListeningExecutorService.submit(AbstractListeningExecutorService.java:37)
	at org.glassfish.jersey.apache.connector.ApacheConnector.apply(ApacheConnector.java:487)
	at org.glassfish.jersey.client.ClientRuntime$2.run(ClientRuntime.java:178)
	at org.glassfish.jersey.internal.Errors$1.call(Errors.java:271)
	at org.glassfish.jersey.internal.Errors$1.call(Errors.java:267)
	at org.glassfish.jersey.internal.Errors.process(Errors.java:315)
	at org.glassfish.jersey.internal.Errors.process(Errors.java:297)
	at org.glassfish.jersey.internal.Errors.process(Errors.java:267)
	at org.glassfish.jersey.process.internal.RequestScope.runInScope(RequestScope.java:340)
	at org.glassfish.jersey.client.ClientRuntime$3.run(ClientRuntime.java:210)
	at java.util.concurrent.Executors$RunnableAdapter.call(Executors.java:511)
	at java.util.concurrent.FutureTask.run(FutureTask.java:266)
	at java.util.concurrent.ThreadPoolExecutor.runWorker(ThreadPoolExecutor.java:1142)
	at java.util.concurrent.ThreadPoolExecutor$Worker.run(ThreadPoolExecutor.java:617)
	at java.lang.Thread.run(Thread.java:745)
Caused by: java.io.IOException: No such file or directory
	at jnr.unixsocket.UnixSocketChannel.doConnect(UnixSocketChannel.java:127)
	at jnr.unixsocket.UnixSocketChannel.connect(UnixSocketChannel.java:136)
	at jnr.unixsocket.UnixSocketChannel.connect(UnixSocketChannel.java:223)
	at com.spotify.docker.client.UnixConnectionSocketFactory.connectSocket(UnixConnectionSocketFactory.java:85)
	at org.apache.http.impl.conn.DefaultHttpClientConnectionOperator.connect(DefaultHttpClientConnectionOperator.java:134)
	at org.apache.http.impl.conn.PoolingHttpClientConnectionManager.connect(PoolingHttpClientConnectionManager.java:353)
	at org.apache.http.impl.execchain.MainClientExec.establishRoute(MainClientExec.java:380)
	at org.apache.http.impl.execchain.MainClientExec.execute(MainClientExec.java:236)
	at org.apache.http.impl.execchain.ProtocolExec.execute(ProtocolExec.java:184)
	at org.apache.http.impl.execchain.RetryExec.execute(RetryExec.java:88)
	at org.apache.http.impl.execchain.RedirectExec.execute(RedirectExec.java:110)
	at org.apache.http.impl.client.InternalHttpClient.doExecute(InternalHttpClient.java:184)
	at org.apache.http.impl.client.CloseableHttpClient.execute(CloseableHttpClient.java:71)
	at org.glassfish.jersey.apache.connector.ApacheConnector.apply(ApacheConnector.java:435)
	... 21 more
</error>
    <system-err>Jun 02, 2018 7:44:40 AM org.apache.http.impl.execchain.RetryExec execute
INFO: I/O exception (java.io.IOException) caught when processing request to {}-&gt;unix://localhost:80: No such file or directory
Jun 02, 2018 7:44:40 AM org.apache.http.impl.execchain.RetryExec execute
INFO: Retrying request to {}-&gt;unix://localhost:80
Jun 02, 2018 7:44:40 AM org.apache.http.impl.execchain.RetryExec execute
INFO: I/O exception (java.io.IOException) caught when processing request to {}-&gt;unix://localhost:80: No such file or directory
Jun 02, 2018 7:44:40 AM org.apache.http.impl.execchain.RetryExec execute
INFO: Retrying request to {}-&gt;unix://localhost:80
Jun 02, 2018 7:44:40 AM org.apache.http.impl.execchain.RetryExec execute
INFO: I/O exception (java.io.IOException) caught when processing request to {}-&gt;unix://localhost:80: No such file or directory
Jun 02, 2018 7:44:40 AM org.apache.http.impl.execchain.RetryExec execute
INFO: Retrying request to {}-&gt;unix://localhost:80
</system-err>
  </testcase>
  <testcase classname="com.spotify.docker.client.DefaultDockerClientTest" name="testFilterNetworks" time="0.021">
    <error type="java.lang.NullPointerException">java.lang.NullPointerException
	at com.spotify.docker.client.VersionCompare.compareVersion(VersionCompare.java:45)
	at com.spotify.docker.client.DefaultDockerClientTest.dockerApiVersionAtLeast(DefaultDockerClientTest.java:404)
	at com.spotify.docker.client.DefaultDockerClientTest.tearDown(DefaultDockerClientTest.java:356)
	at sun.reflect.GeneratedMethodAccessor11.invoke(Unknown Source)
	at sun.reflect.DelegatingMethodAccessorImpl.invoke(DelegatingMethodAccessorImpl.java:43)
	at java.lang.reflect.Method.invoke(Method.java:498)
	at org.junit.runners.model.FrameworkMethod$1.runReflectiveCall(FrameworkMethod.java:50)
	at org.junit.internal.runners.model.ReflectiveCallable.run(ReflectiveCallable.java:12)
	at org.junit.runners.model.FrameworkMethod.invokeExplosively(FrameworkMethod.java:47)
	at org.junit.internal.runners.statements.RunAfters.evaluate(RunAfters.java:33)
	at org.junit.rules.ExpectedException$ExpectedExceptionStatement.evaluate(ExpectedException.java:239)
	at org.junit.rules.TestWatcher$1.evaluate(TestWatcher.java:55)
	at org.junit.rules.RunRules.evaluate(RunRules.java:20)
	at org.junit.runners.ParentRunner.runLeaf(ParentRunner.java:325)
	at org.junit.runners.BlockJUnit4ClassRunner.runChild(BlockJUnit4ClassRunner.java:78)
	at org.junit.runners.BlockJUnit4ClassRunner.runChild(BlockJUnit4ClassRunner.java:57)
	at org.junit.runners.ParentRunner$3.run(ParentRunner.java:290)
	at org.junit.runners.ParentRunner$1.schedule(ParentRunner.java:71)
	at org.junit.runners.ParentRunner.runChildren(ParentRunner.java:288)
	at org.junit.runners.ParentRunner.access$000(ParentRunner.java:58)
	at org.junit.runners.ParentRunner$2.evaluate(ParentRunner.java:268)
	at org.junit.runners.ParentRunner.run(ParentRunner.java:363)
	at org.apache.maven.surefire.junit4.JUnit4Provider.execute(JUnit4Provider.java:252)
	at org.apache.maven.surefire.junit4.JUnit4Provider.executeTestSet(JUnit4Provider.java:141)
	at org.apache.maven.surefire.junit4.JUnit4Provider.invoke(JUnit4Provider.java:112)
	at sun.reflect.NativeMethodAccessorImpl.invoke0(Native Method)
	at sun.reflect.NativeMethodAccessorImpl.invoke(NativeMethodAccessorImpl.java:62)
	at sun.reflect.DelegatingMethodAccessorImpl.invoke(DelegatingMethodAccessorImpl.java:43)
	at java.lang.reflect.Method.invoke(Method.java:498)
	at org.apache.maven.surefire.util.ReflectionUtils.invokeMethodWithArray(ReflectionUtils.java:189)
	at org.apache.maven.surefire.booter.ProviderFactory$ProviderProxy.invoke(ProviderFactory.java:165)
	at org.apache.maven.surefire.booter.ProviderFactory.invokeProvider(ProviderFactory.java:85)
	at org.apache.maven.surefire.booter.ForkedBooter.runSuitesInProcess(ForkedBooter.java:115)
	at org.apache.maven.surefire.booter.ForkedBooter.main(ForkedBooter.java:75)
</error>
  </testcase>
  <testcase classname="com.spotify.docker.client.DefaultDockerClientTest" name="testGetImageIdFromBuild" time="0.02">
    <error message="java.util.concurrent.ExecutionException: javax.ws.rs.ProcessingException: java.io.IOException: No such file or directory" type="com.spotify.docker.client.exceptions.DockerException">com.spotify.docker.client.exceptions.DockerException: java.util.concurrent.ExecutionException: javax.ws.rs.ProcessingException: java.io.IOException: No such file or directory
	at com.spotify.docker.client.DefaultDockerClient.propagate(DefaultDockerClient.java:2812)
	at com.spotify.docker.client.DefaultDockerClient.request(DefaultDockerClient.java:2676)
	at com.spotify.docker.client.DefaultDockerClient.version(DefaultDockerClient.java:572)
	at com.spotify.docker.client.DefaultDockerClientTest.setup(DefaultDockerClientTest.java:349)
	at sun.reflect.GeneratedMethodAccessor10.invoke(Unknown Source)
	at sun.reflect.DelegatingMethodAccessorImpl.invoke(DelegatingMethodAccessorImpl.java:43)
	at java.lang.reflect.Method.invoke(Method.java:498)
	at org.junit.runners.model.FrameworkMethod$1.runReflectiveCall(FrameworkMethod.java:50)
	at org.junit.internal.runners.model.ReflectiveCallable.run(ReflectiveCallable.java:12)
	at org.junit.runners.model.FrameworkMethod.invokeExplosively(FrameworkMethod.java:47)
	at org.junit.internal.runners.statements.RunBefores.evaluate(RunBefores.java:24)
	at org.junit.internal.runners.statements.RunAfters.evaluate(RunAfters.java:27)
	at org.junit.rules.ExpectedException$ExpectedExceptionStatement.evaluate(ExpectedException.java:239)
	at org.junit.rules.TestWatcher$1.evaluate(TestWatcher.java:55)
	at org.junit.rules.RunRules.evaluate(RunRules.java:20)
	at org.junit.runners.ParentRunner.runLeaf(ParentRunner.java:325)
	at org.junit.runners.BlockJUnit4ClassRunner.runChild(BlockJUnit4ClassRunner.java:78)
	at org.junit.runners.BlockJUnit4ClassRunner.runChild(BlockJUnit4ClassRunner.java:57)
	at org.junit.runners.ParentRunner$3.run(ParentRunner.java:290)
	at org.junit.runners.ParentRunner$1.schedule(ParentRunner.java:71)
	at org.junit.runners.ParentRunner.runChildren(ParentRunner.java:288)
	at org.junit.runners.ParentRunner.access$000(ParentRunner.java:58)
	at org.junit.runners.ParentRunner$2.evaluate(ParentRunner.java:268)
	at org.junit.runners.ParentRunner.run(ParentRunner.java:363)
	at org.apache.maven.surefire.junit4.JUnit4Provider.execute(JUnit4Provider.java:252)
	at org.apache.maven.surefire.junit4.JUnit4Provider.executeTestSet(JUnit4Provider.java:141)
	at org.apache.maven.surefire.junit4.JUnit4Provider.invoke(JUnit4Provider.java:112)
	at sun.reflect.NativeMethodAccessorImpl.invoke0(Native Method)
	at sun.reflect.NativeMethodAccessorImpl.invoke(NativeMethodAccessorImpl.java:62)
	at sun.reflect.DelegatingMethodAccessorImpl.invoke(DelegatingMethodAccessorImpl.java:43)
	at java.lang.reflect.Method.invoke(Method.java:498)
	at org.apache.maven.surefire.util.ReflectionUtils.invokeMethodWithArray(ReflectionUtils.java:189)
	at org.apache.maven.surefire.booter.ProviderFactory$ProviderProxy.invoke(ProviderFactory.java:165)
	at org.apache.maven.surefire.booter.ProviderFactory.invokeProvider(ProviderFactory.java:85)
	at org.apache.maven.surefire.booter.ForkedBooter.runSuitesInProcess(ForkedBooter.java:115)
	at org.apache.maven.surefire.booter.ForkedBooter.main(ForkedBooter.java:75)
Caused by: java.util.concurrent.ExecutionException: javax.ws.rs.ProcessingException: java.io.IOException: No such file or directory
	at jersey.repackaged.com.google.common.util.concurrent.AbstractFuture$Sync.getValue(AbstractFuture.java:299)
	at jersey.repackaged.com.google.common.util.concurrent.AbstractFuture$Sync.get(AbstractFuture.java:286)
	at jersey.repackaged.com.google.common.util.concurrent.AbstractFuture.get(AbstractFuture.java:116)
	at com.spotify.docker.client.DefaultDockerClient.request(DefaultDockerClient.java:2674)
	... 34 more
Caused by: javax.ws.rs.ProcessingException: java.io.IOException: No such file or directory
	at org.glassfish.jersey.apache.connector.ApacheConnector.apply(ApacheConnector.java:481)
	at org.glassfish.jersey.apache.connector.ApacheConnector$1.run(ApacheConnector.java:491)
	at java.util.concurrent.Executors$RunnableAdapter.call(Executors.java:511)
	at java.util.concurrent.FutureTask.run(FutureTask.java:266)
	at jersey.repackaged.com.google.common.util.concurrent.MoreExecutors$DirectExecutorService.execute(MoreExecutors.java:299)
	at java.util.concurrent.AbstractExecutorService.submit(AbstractExecutorService.java:112)
	at jersey.repackaged.com.google.common.util.concurrent.AbstractListeningExecutorService.submit(AbstractListeningExecutorService.java:50)
	at jersey.repackaged.com.google.common.util.concurrent.AbstractListeningExecutorService.submit(AbstractListeningExecutorService.java:37)
	at org.glassfish.jersey.apache.connector.ApacheConnector.apply(ApacheConnector.java:487)
	at org.glassfish.jersey.client.ClientRuntime$2.run(ClientRuntime.java:178)
	at org.glassfish.jersey.internal.Errors$1.call(Errors.java:271)
	at org.glassfish.jersey.internal.Errors$1.call(Errors.java:267)
	at org.glassfish.jersey.internal.Errors.process(Errors.java:315)
	at org.glassfish.jersey.internal.Errors.process(Errors.java:297)
	at org.glassfish.jersey.internal.Errors.process(Errors.java:267)
	at org.glassfish.jersey.process.internal.RequestScope.runInScope(RequestScope.java:340)
	at org.glassfish.jersey.client.ClientRuntime$3.run(ClientRuntime.java:210)
	at java.util.concurrent.Executors$RunnableAdapter.call(Executors.java:511)
	at java.util.concurrent.FutureTask.run(FutureTask.java:266)
	at java.util.concurrent.ThreadPoolExecutor.runWorker(ThreadPoolExecutor.java:1142)
	at java.util.concurrent.ThreadPoolExecutor$Worker.run(ThreadPoolExecutor.java:617)
	at java.lang.Thread.run(Thread.java:745)
Caused by: java.io.IOException: No such file or directory
	at jnr.unixsocket.UnixSocketChannel.doConnect(UnixSocketChannel.java:127)
	at jnr.unixsocket.UnixSocketChannel.connect(UnixSocketChannel.java:136)
	at jnr.unixsocket.UnixSocketChannel.connect(UnixSocketChannel.java:223)
	at com.spotify.docker.client.UnixConnectionSocketFactory.connectSocket(UnixConnectionSocketFactory.java:85)
	at org.apache.http.impl.conn.DefaultHttpClientConnectionOperator.connect(DefaultHttpClientConnectionOperator.java:134)
	at org.apache.http.impl.conn.PoolingHttpClientConnectionManager.connect(PoolingHttpClientConnectionManager.java:353)
	at org.apache.http.impl.execchain.MainClientExec.establishRoute(MainClientExec.java:380)
	at org.apache.http.impl.execchain.MainClientExec.execute(MainClientExec.java:236)
	at org.apache.http.impl.execchain.ProtocolExec.execute(ProtocolExec.java:184)
	at org.apache.http.impl.execchain.RetryExec.execute(RetryExec.java:88)
	at org.apache.http.impl.execchain.RedirectExec.execute(RedirectExec.java:110)
	at org.apache.http.impl.client.InternalHttpClient.doExecute(InternalHttpClient.java:184)
	at org.apache.http.impl.client.CloseableHttpClient.execute(CloseableHttpClient.java:71)
	at org.glassfish.jersey.apache.connector.ApacheConnector.apply(ApacheConnector.java:435)
	... 21 more
</error>
    <system-err>Jun 02, 2018 7:44:40 AM org.apache.http.impl.execchain.RetryExec execute
INFO: I/O exception (java.io.IOException) caught when processing request to {}-&gt;unix://localhost:80: No such file or directory
Jun 02, 2018 7:44:40 AM org.apache.http.impl.execchain.RetryExec execute
INFO: Retrying request to {}-&gt;unix://localhost:80
Jun 02, 2018 7:44:40 AM org.apache.http.impl.execchain.RetryExec execute
INFO: I/O exception (java.io.IOException) caught when processing request to {}-&gt;unix://localhost:80: No such file or directory
Jun 02, 2018 7:44:40 AM org.apache.http.impl.execchain.RetryExec execute
INFO: Retrying request to {}-&gt;unix://localhost:80
Jun 02, 2018 7:44:40 AM org.apache.http.impl.execchain.RetryExec execute
INFO: I/O exception (java.io.IOException) caught when processing request to {}-&gt;unix://localhost:80: No such file or directory
Jun 02, 2018 7:44:40 AM org.apache.http.impl.execchain.RetryExec execute
INFO: Retrying request to {}-&gt;unix://localhost:80
</system-err>
  </testcase>
  <testcase classname="com.spotify.docker.client.DefaultDockerClientTest" name="testGetImageIdFromBuild" time="0.02">
    <error type="java.lang.NullPointerException">java.lang.NullPointerException
	at com.spotify.docker.client.VersionCompare.compareVersion(VersionCompare.java:45)
	at com.spotify.docker.client.DefaultDockerClientTest.dockerApiVersionAtLeast(DefaultDockerClientTest.java:404)
	at com.spotify.docker.client.DefaultDockerClientTest.tearDown(DefaultDockerClientTest.java:356)
	at sun.reflect.GeneratedMethodAccessor11.invoke(Unknown Source)
	at sun.reflect.DelegatingMethodAccessorImpl.invoke(DelegatingMethodAccessorImpl.java:43)
	at java.lang.reflect.Method.invoke(Method.java:498)
	at org.junit.runners.model.FrameworkMethod$1.runReflectiveCall(FrameworkMethod.java:50)
	at org.junit.internal.runners.model.ReflectiveCallable.run(ReflectiveCallable.java:12)
	at org.junit.runners.model.FrameworkMethod.invokeExplosively(FrameworkMethod.java:47)
	at org.junit.internal.runners.statements.RunAfters.evaluate(RunAfters.java:33)
	at org.junit.rules.ExpectedException$ExpectedExceptionStatement.evaluate(ExpectedException.java:239)
	at org.junit.rules.TestWatcher$1.evaluate(TestWatcher.java:55)
	at org.junit.rules.RunRules.evaluate(RunRules.java:20)
	at org.junit.runners.ParentRunner.runLeaf(ParentRunner.java:325)
	at org.junit.runners.BlockJUnit4ClassRunner.runChild(BlockJUnit4ClassRunner.java:78)
	at org.junit.runners.BlockJUnit4ClassRunner.runChild(BlockJUnit4ClassRunner.java:57)
	at org.junit.runners.ParentRunner$3.run(ParentRunner.java:290)
	at org.junit.runners.ParentRunner$1.schedule(ParentRunner.java:71)
	at org.junit.runners.ParentRunner.runChildren(ParentRunner.java:288)
	at org.junit.runners.ParentRunner.access$000(ParentRunner.java:58)
	at org.junit.runners.ParentRunner$2.evaluate(ParentRunner.java:268)
	at org.junit.runners.ParentRunner.run(ParentRunner.java:363)
	at org.apache.maven.surefire.junit4.JUnit4Provider.execute(JUnit4Provider.java:252)
	at org.apache.maven.surefire.junit4.JUnit4Provider.executeTestSet(JUnit4Provider.java:141)
	at org.apache.maven.surefire.junit4.JUnit4Provider.invoke(JUnit4Provider.java:112)
	at sun.reflect.NativeMethodAccessorImpl.invoke0(Native Method)
	at sun.reflect.NativeMethodAccessorImpl.invoke(NativeMethodAccessorImpl.java:62)
	at sun.reflect.DelegatingMethodAccessorImpl.invoke(DelegatingMethodAccessorImpl.java:43)
	at java.lang.reflect.Method.invoke(Method.java:498)
	at org.apache.maven.surefire.util.ReflectionUtils.invokeMethodWithArray(ReflectionUtils.java:189)
	at org.apache.maven.surefire.booter.ProviderFactory$ProviderProxy.invoke(ProviderFactory.java:165)
	at org.apache.maven.surefire.booter.ProviderFactory.invokeProvider(ProviderFactory.java:85)
	at org.apache.maven.surefire.booter.ForkedBooter.runSuitesInProcess(ForkedBooter.java:115)
	at org.apache.maven.surefire.booter.ForkedBooter.main(ForkedBooter.java:75)
</error>
  </testcase>
  <testcase classname="com.spotify.docker.client.DefaultDockerClientTest" name="testTagForce" time="0.02">
    <error message="java.util.concurrent.ExecutionException: javax.ws.rs.ProcessingException: java.io.IOException: No such file or directory" type="com.spotify.docker.client.exceptions.DockerException">com.spotify.docker.client.exceptions.DockerException: java.util.concurrent.ExecutionException: javax.ws.rs.ProcessingException: java.io.IOException: No such file or directory
	at com.spotify.docker.client.DefaultDockerClient.propagate(DefaultDockerClient.java:2812)
	at com.spotify.docker.client.DefaultDockerClient.request(DefaultDockerClient.java:2676)
	at com.spotify.docker.client.DefaultDockerClient.version(DefaultDockerClient.java:572)
	at com.spotify.docker.client.DefaultDockerClientTest.setup(DefaultDockerClientTest.java:349)
	at sun.reflect.GeneratedMethodAccessor10.invoke(Unknown Source)
	at sun.reflect.DelegatingMethodAccessorImpl.invoke(DelegatingMethodAccessorImpl.java:43)
	at java.lang.reflect.Method.invoke(Method.java:498)
	at org.junit.runners.model.FrameworkMethod$1.runReflectiveCall(FrameworkMethod.java:50)
	at org.junit.internal.runners.model.ReflectiveCallable.run(ReflectiveCallable.java:12)
	at org.junit.runners.model.FrameworkMethod.invokeExplosively(FrameworkMethod.java:47)
	at org.junit.internal.runners.statements.RunBefores.evaluate(RunBefores.java:24)
	at org.junit.internal.runners.statements.RunAfters.evaluate(RunAfters.java:27)
	at org.junit.rules.ExpectedException$ExpectedExceptionStatement.evaluate(ExpectedException.java:239)
	at org.junit.rules.TestWatcher$1.evaluate(TestWatcher.java:55)
	at org.junit.rules.RunRules.evaluate(RunRules.java:20)
	at org.junit.runners.ParentRunner.runLeaf(ParentRunner.java:325)
	at org.junit.runners.BlockJUnit4ClassRunner.runChild(BlockJUnit4ClassRunner.java:78)
	at org.junit.runners.BlockJUnit4ClassRunner.runChild(BlockJUnit4ClassRunner.java:57)
	at org.junit.runners.ParentRunner$3.run(ParentRunner.java:290)
	at org.junit.runners.ParentRunner$1.schedule(ParentRunner.java:71)
	at org.junit.runners.ParentRunner.runChildren(ParentRunner.java:288)
	at org.junit.runners.ParentRunner.access$000(ParentRunner.java:58)
	at org.junit.runners.ParentRunner$2.evaluate(ParentRunner.java:268)
	at org.junit.runners.ParentRunner.run(ParentRunner.java:363)
	at org.apache.maven.surefire.junit4.JUnit4Provider.execute(JUnit4Provider.java:252)
	at org.apache.maven.surefire.junit4.JUnit4Provider.executeTestSet(JUnit4Provider.java:141)
	at org.apache.maven.surefire.junit4.JUnit4Provider.invoke(JUnit4Provider.java:112)
	at sun.reflect.NativeMethodAccessorImpl.invoke0(Native Method)
	at sun.reflect.NativeMethodAccessorImpl.invoke(NativeMethodAccessorImpl.java:62)
	at sun.reflect.DelegatingMethodAccessorImpl.invoke(DelegatingMethodAccessorImpl.java:43)
	at java.lang.reflect.Method.invoke(Method.java:498)
	at org.apache.maven.surefire.util.ReflectionUtils.invokeMethodWithArray(ReflectionUtils.java:189)
	at org.apache.maven.surefire.booter.ProviderFactory$ProviderProxy.invoke(ProviderFactory.java:165)
	at org.apache.maven.surefire.booter.ProviderFactory.invokeProvider(ProviderFactory.java:85)
	at org.apache.maven.surefire.booter.ForkedBooter.runSuitesInProcess(ForkedBooter.java:115)
	at org.apache.maven.surefire.booter.ForkedBooter.main(ForkedBooter.java:75)
Caused by: java.util.concurrent.ExecutionException: javax.ws.rs.ProcessingException: java.io.IOException: No such file or directory
	at jersey.repackaged.com.google.common.util.concurrent.AbstractFuture$Sync.getValue(AbstractFuture.java:299)
	at jersey.repackaged.com.google.common.util.concurrent.AbstractFuture$Sync.get(AbstractFuture.java:286)
	at jersey.repackaged.com.google.common.util.concurrent.AbstractFuture.get(AbstractFuture.java:116)
	at com.spotify.docker.client.DefaultDockerClient.request(DefaultDockerClient.java:2674)
	... 34 more
Caused by: javax.ws.rs.ProcessingException: java.io.IOException: No such file or directory
	at org.glassfish.jersey.apache.connector.ApacheConnector.apply(ApacheConnector.java:481)
	at org.glassfish.jersey.apache.connector.ApacheConnector$1.run(ApacheConnector.java:491)
	at java.util.concurrent.Executors$RunnableAdapter.call(Executors.java:511)
	at java.util.concurrent.FutureTask.run(FutureTask.java:266)
	at jersey.repackaged.com.google.common.util.concurrent.MoreExecutors$DirectExecutorService.execute(MoreExecutors.java:299)
	at java.util.concurrent.AbstractExecutorService.submit(AbstractExecutorService.java:112)
	at jersey.repackaged.com.google.common.util.concurrent.AbstractListeningExecutorService.submit(AbstractListeningExecutorService.java:50)
	at jersey.repackaged.com.google.common.util.concurrent.AbstractListeningExecutorService.submit(AbstractListeningExecutorService.java:37)
	at org.glassfish.jersey.apache.connector.ApacheConnector.apply(ApacheConnector.java:487)
	at org.glassfish.jersey.client.ClientRuntime$2.run(ClientRuntime.java:178)
	at org.glassfish.jersey.internal.Errors$1.call(Errors.java:271)
	at org.glassfish.jersey.internal.Errors$1.call(Errors.java:267)
	at org.glassfish.jersey.internal.Errors.process(Errors.java:315)
	at org.glassfish.jersey.internal.Errors.process(Errors.java:297)
	at org.glassfish.jersey.internal.Errors.process(Errors.java:267)
	at org.glassfish.jersey.process.internal.RequestScope.runInScope(RequestScope.java:340)
	at org.glassfish.jersey.client.ClientRuntime$3.run(ClientRuntime.java:210)
	at java.util.concurrent.Executors$RunnableAdapter.call(Executors.java:511)
	at java.util.concurrent.FutureTask.run(FutureTask.java:266)
	at java.util.concurrent.ThreadPoolExecutor.runWorker(ThreadPoolExecutor.java:1142)
	at java.util.concurrent.ThreadPoolExecutor$Worker.run(ThreadPoolExecutor.java:617)
	at java.lang.Thread.run(Thread.java:745)
Caused by: java.io.IOException: No such file or directory
	at jnr.unixsocket.UnixSocketChannel.doConnect(UnixSocketChannel.java:127)
	at jnr.unixsocket.UnixSocketChannel.connect(UnixSocketChannel.java:136)
	at jnr.unixsocket.UnixSocketChannel.connect(UnixSocketChannel.java:223)
	at com.spotify.docker.client.UnixConnectionSocketFactory.connectSocket(UnixConnectionSocketFactory.java:85)
	at org.apache.http.impl.conn.DefaultHttpClientConnectionOperator.connect(DefaultHttpClientConnectionOperator.java:134)
	at org.apache.http.impl.conn.PoolingHttpClientConnectionManager.connect(PoolingHttpClientConnectionManager.java:353)
	at org.apache.http.impl.execchain.MainClientExec.establishRoute(MainClientExec.java:380)
	at org.apache.http.impl.execchain.MainClientExec.execute(MainClientExec.java:236)
	at org.apache.http.impl.execchain.ProtocolExec.execute(ProtocolExec.java:184)
	at org.apache.http.impl.execchain.RetryExec.execute(RetryExec.java:88)
	at org.apache.http.impl.execchain.RedirectExec.execute(RedirectExec.java:110)
	at org.apache.http.impl.client.InternalHttpClient.doExecute(InternalHttpClient.java:184)
	at org.apache.http.impl.client.CloseableHttpClient.execute(CloseableHttpClient.java:71)
	at org.glassfish.jersey.apache.connector.ApacheConnector.apply(ApacheConnector.java:435)
	... 21 more
</error>
    <system-err>Jun 02, 2018 7:44:40 AM org.apache.http.impl.execchain.RetryExec execute
INFO: I/O exception (java.io.IOException) caught when processing request to {}-&gt;unix://localhost:80: No such file or directory
Jun 02, 2018 7:44:40 AM org.apache.http.impl.execchain.RetryExec execute
INFO: Retrying request to {}-&gt;unix://localhost:80
Jun 02, 2018 7:44:40 AM org.apache.http.impl.execchain.RetryExec execute
INFO: I/O exception (java.io.IOException) caught when processing request to {}-&gt;unix://localhost:80: No such file or directory
Jun 02, 2018 7:44:40 AM org.apache.http.impl.execchain.RetryExec execute
INFO: Retrying request to {}-&gt;unix://localhost:80
Jun 02, 2018 7:44:40 AM org.apache.http.impl.execchain.RetryExec execute
INFO: I/O exception (java.io.IOException) caught when processing request to {}-&gt;unix://localhost:80: No such file or directory
Jun 02, 2018 7:44:40 AM org.apache.http.impl.execchain.RetryExec execute
INFO: Retrying request to {}-&gt;unix://localhost:80
</system-err>
  </testcase>
  <testcase classname="com.spotify.docker.client.DefaultDockerClientTest" name="testTagForce" time="0.02">
    <error type="java.lang.NullPointerException">java.lang.NullPointerException
	at com.spotify.docker.client.VersionCompare.compareVersion(VersionCompare.java:45)
	at com.spotify.docker.client.DefaultDockerClientTest.dockerApiVersionAtLeast(DefaultDockerClientTest.java:404)
	at com.spotify.docker.client.DefaultDockerClientTest.tearDown(DefaultDockerClientTest.java:356)
	at sun.reflect.GeneratedMethodAccessor11.invoke(Unknown Source)
	at sun.reflect.DelegatingMethodAccessorImpl.invoke(DelegatingMethodAccessorImpl.java:43)
	at java.lang.reflect.Method.invoke(Method.java:498)
	at org.junit.runners.model.FrameworkMethod$1.runReflectiveCall(FrameworkMethod.java:50)
	at org.junit.internal.runners.model.ReflectiveCallable.run(ReflectiveCallable.java:12)
	at org.junit.runners.model.FrameworkMethod.invokeExplosively(FrameworkMethod.java:47)
	at org.junit.internal.runners.statements.RunAfters.evaluate(RunAfters.java:33)
	at org.junit.rules.ExpectedException$ExpectedExceptionStatement.evaluate(ExpectedException.java:239)
	at org.junit.rules.TestWatcher$1.evaluate(TestWatcher.java:55)
	at org.junit.rules.RunRules.evaluate(RunRules.java:20)
	at org.junit.runners.ParentRunner.runLeaf(ParentRunner.java:325)
	at org.junit.runners.BlockJUnit4ClassRunner.runChild(BlockJUnit4ClassRunner.java:78)
	at org.junit.runners.BlockJUnit4ClassRunner.runChild(BlockJUnit4ClassRunner.java:57)
	at org.junit.runners.ParentRunner$3.run(ParentRunner.java:290)
	at org.junit.runners.ParentRunner$1.schedule(ParentRunner.java:71)
	at org.junit.runners.ParentRunner.runChildren(ParentRunner.java:288)
	at org.junit.runners.ParentRunner.access$000(ParentRunner.java:58)
	at org.junit.runners.ParentRunner$2.evaluate(ParentRunner.java:268)
	at org.junit.runners.ParentRunner.run(ParentRunner.java:363)
	at org.apache.maven.surefire.junit4.JUnit4Provider.execute(JUnit4Provider.java:252)
	at org.apache.maven.surefire.junit4.JUnit4Provider.executeTestSet(JUnit4Provider.java:141)
	at org.apache.maven.surefire.junit4.JUnit4Provider.invoke(JUnit4Provider.java:112)
	at sun.reflect.NativeMethodAccessorImpl.invoke0(Native Method)
	at sun.reflect.NativeMethodAccessorImpl.invoke(NativeMethodAccessorImpl.java:62)
	at sun.reflect.DelegatingMethodAccessorImpl.invoke(DelegatingMethodAccessorImpl.java:43)
	at java.lang.reflect.Method.invoke(Method.java:498)
	at org.apache.maven.surefire.util.ReflectionUtils.invokeMethodWithArray(ReflectionUtils.java:189)
	at org.apache.maven.surefire.booter.ProviderFactory$ProviderProxy.invoke(ProviderFactory.java:165)
	at org.apache.maven.surefire.booter.ProviderFactory.invokeProvider(ProviderFactory.java:85)
	at org.apache.maven.surefire.booter.ForkedBooter.runSuitesInProcess(ForkedBooter.java:115)
	at org.apache.maven.surefire.booter.ForkedBooter.main(ForkedBooter.java:75)
</error>
  </testcase>
  <testcase classname="com.spotify.docker.client.DefaultDockerClientTest" name="testLogsTty" time="0.019">
    <error message="java.util.concurrent.ExecutionException: javax.ws.rs.ProcessingException: java.io.IOException: No such file or directory" type="com.spotify.docker.client.exceptions.DockerException">com.spotify.docker.client.exceptions.DockerException: java.util.concurrent.ExecutionException: javax.ws.rs.ProcessingException: java.io.IOException: No such file or directory
	at com.spotify.docker.client.DefaultDockerClient.propagate(DefaultDockerClient.java:2812)
	at com.spotify.docker.client.DefaultDockerClient.request(DefaultDockerClient.java:2676)
	at com.spotify.docker.client.DefaultDockerClient.version(DefaultDockerClient.java:572)
	at com.spotify.docker.client.DefaultDockerClientTest.setup(DefaultDockerClientTest.java:349)
	at sun.reflect.GeneratedMethodAccessor10.invoke(Unknown Source)
	at sun.reflect.DelegatingMethodAccessorImpl.invoke(DelegatingMethodAccessorImpl.java:43)
	at java.lang.reflect.Method.invoke(Method.java:498)
	at org.junit.runners.model.FrameworkMethod$1.runReflectiveCall(FrameworkMethod.java:50)
	at org.junit.internal.runners.model.ReflectiveCallable.run(ReflectiveCallable.java:12)
	at org.junit.runners.model.FrameworkMethod.invokeExplosively(FrameworkMethod.java:47)
	at org.junit.internal.runners.statements.RunBefores.evaluate(RunBefores.java:24)
	at org.junit.internal.runners.statements.RunAfters.evaluate(RunAfters.java:27)
	at org.junit.rules.ExpectedException$ExpectedExceptionStatement.evaluate(ExpectedException.java:239)
	at org.junit.rules.TestWatcher$1.evaluate(TestWatcher.java:55)
	at org.junit.rules.RunRules.evaluate(RunRules.java:20)
	at org.junit.runners.ParentRunner.runLeaf(ParentRunner.java:325)
	at org.junit.runners.BlockJUnit4ClassRunner.runChild(BlockJUnit4ClassRunner.java:78)
	at org.junit.runners.BlockJUnit4ClassRunner.runChild(BlockJUnit4ClassRunner.java:57)
	at org.junit.runners.ParentRunner$3.run(ParentRunner.java:290)
	at org.junit.runners.ParentRunner$1.schedule(ParentRunner.java:71)
	at org.junit.runners.ParentRunner.runChildren(ParentRunner.java:288)
	at org.junit.runners.ParentRunner.access$000(ParentRunner.java:58)
	at org.junit.runners.ParentRunner$2.evaluate(ParentRunner.java:268)
	at org.junit.runners.ParentRunner.run(ParentRunner.java:363)
	at org.apache.maven.surefire.junit4.JUnit4Provider.execute(JUnit4Provider.java:252)
	at org.apache.maven.surefire.junit4.JUnit4Provider.executeTestSet(JUnit4Provider.java:141)
	at org.apache.maven.surefire.junit4.JUnit4Provider.invoke(JUnit4Provider.java:112)
	at sun.reflect.NativeMethodAccessorImpl.invoke0(Native Method)
	at sun.reflect.NativeMethodAccessorImpl.invoke(NativeMethodAccessorImpl.java:62)
	at sun.reflect.DelegatingMethodAccessorImpl.invoke(DelegatingMethodAccessorImpl.java:43)
	at java.lang.reflect.Method.invoke(Method.java:498)
	at org.apache.maven.surefire.util.ReflectionUtils.invokeMethodWithArray(ReflectionUtils.java:189)
	at org.apache.maven.surefire.booter.ProviderFactory$ProviderProxy.invoke(ProviderFactory.java:165)
	at org.apache.maven.surefire.booter.ProviderFactory.invokeProvider(ProviderFactory.java:85)
	at org.apache.maven.surefire.booter.ForkedBooter.runSuitesInProcess(ForkedBooter.java:115)
	at org.apache.maven.surefire.booter.ForkedBooter.main(ForkedBooter.java:75)
Caused by: java.util.concurrent.ExecutionException: javax.ws.rs.ProcessingException: java.io.IOException: No such file or directory
	at jersey.repackaged.com.google.common.util.concurrent.AbstractFuture$Sync.getValue(AbstractFuture.java:299)
	at jersey.repackaged.com.google.common.util.concurrent.AbstractFuture$Sync.get(AbstractFuture.java:286)
	at jersey.repackaged.com.google.common.util.concurrent.AbstractFuture.get(AbstractFuture.java:116)
	at com.spotify.docker.client.DefaultDockerClient.request(DefaultDockerClient.java:2674)
	... 34 more
Caused by: javax.ws.rs.ProcessingException: java.io.IOException: No such file or directory
	at org.glassfish.jersey.apache.connector.ApacheConnector.apply(ApacheConnector.java:481)
	at org.glassfish.jersey.apache.connector.ApacheConnector$1.run(ApacheConnector.java:491)
	at java.util.concurrent.Executors$RunnableAdapter.call(Executors.java:511)
	at java.util.concurrent.FutureTask.run(FutureTask.java:266)
	at jersey.repackaged.com.google.common.util.concurrent.MoreExecutors$DirectExecutorService.execute(MoreExecutors.java:299)
	at java.util.concurrent.AbstractExecutorService.submit(AbstractExecutorService.java:112)
	at jersey.repackaged.com.google.common.util.concurrent.AbstractListeningExecutorService.submit(AbstractListeningExecutorService.java:50)
	at jersey.repackaged.com.google.common.util.concurrent.AbstractListeningExecutorService.submit(AbstractListeningExecutorService.java:37)
	at org.glassfish.jersey.apache.connector.ApacheConnector.apply(ApacheConnector.java:487)
	at org.glassfish.jersey.client.ClientRuntime$2.run(ClientRuntime.java:178)
	at org.glassfish.jersey.internal.Errors$1.call(Errors.java:271)
	at org.glassfish.jersey.internal.Errors$1.call(Errors.java:267)
	at org.glassfish.jersey.internal.Errors.process(Errors.java:315)
	at org.glassfish.jersey.internal.Errors.process(Errors.java:297)
	at org.glassfish.jersey.internal.Errors.process(Errors.java:267)
	at org.glassfish.jersey.process.internal.RequestScope.runInScope(RequestScope.java:340)
	at org.glassfish.jersey.client.ClientRuntime$3.run(ClientRuntime.java:210)
	at java.util.concurrent.Executors$RunnableAdapter.call(Executors.java:511)
	at java.util.concurrent.FutureTask.run(FutureTask.java:266)
	at java.util.concurrent.ThreadPoolExecutor.runWorker(ThreadPoolExecutor.java:1142)
	at java.util.concurrent.ThreadPoolExecutor$Worker.run(ThreadPoolExecutor.java:617)
	at java.lang.Thread.run(Thread.java:745)
Caused by: java.io.IOException: No such file or directory
	at jnr.unixsocket.UnixSocketChannel.doConnect(UnixSocketChannel.java:127)
	at jnr.unixsocket.UnixSocketChannel.connect(UnixSocketChannel.java:136)
	at jnr.unixsocket.UnixSocketChannel.connect(UnixSocketChannel.java:223)
	at com.spotify.docker.client.UnixConnectionSocketFactory.connectSocket(UnixConnectionSocketFactory.java:85)
	at org.apache.http.impl.conn.DefaultHttpClientConnectionOperator.connect(DefaultHttpClientConnectionOperator.java:134)
	at org.apache.http.impl.conn.PoolingHttpClientConnectionManager.connect(PoolingHttpClientConnectionManager.java:353)
	at org.apache.http.impl.execchain.MainClientExec.establishRoute(MainClientExec.java:380)
	at org.apache.http.impl.execchain.MainClientExec.execute(MainClientExec.java:236)
	at org.apache.http.impl.execchain.ProtocolExec.execute(ProtocolExec.java:184)
	at org.apache.http.impl.execchain.RetryExec.execute(RetryExec.java:88)
	at org.apache.http.impl.execchain.RedirectExec.execute(RedirectExec.java:110)
	at org.apache.http.impl.client.InternalHttpClient.doExecute(InternalHttpClient.java:184)
	at org.apache.http.impl.client.CloseableHttpClient.execute(CloseableHttpClient.java:71)
	at org.glassfish.jersey.apache.connector.ApacheConnector.apply(ApacheConnector.java:435)
	... 21 more
</error>
    <system-err>Jun 02, 2018 7:44:40 AM org.apache.http.impl.execchain.RetryExec execute
INFO: I/O exception (java.io.IOException) caught when processing request to {}-&gt;unix://localhost:80: No such file or directory
Jun 02, 2018 7:44:40 AM org.apache.http.impl.execchain.RetryExec execute
INFO: Retrying request to {}-&gt;unix://localhost:80
Jun 02, 2018 7:44:40 AM org.apache.http.impl.execchain.RetryExec execute
INFO: I/O exception (java.io.IOException) caught when processing request to {}-&gt;unix://localhost:80: No such file or directory
Jun 02, 2018 7:44:40 AM org.apache.http.impl.execchain.RetryExec execute
INFO: Retrying request to {}-&gt;unix://localhost:80
Jun 02, 2018 7:44:40 AM org.apache.http.impl.execchain.RetryExec execute
INFO: I/O exception (java.io.IOException) caught when processing request to {}-&gt;unix://localhost:80: No such file or directory
Jun 02, 2018 7:44:40 AM org.apache.http.impl.execchain.RetryExec execute
INFO: Retrying request to {}-&gt;unix://localhost:80
</system-err>
  </testcase>
  <testcase classname="com.spotify.docker.client.DefaultDockerClientTest" name="testLogsTty" time="0.019">
    <error type="java.lang.NullPointerException">java.lang.NullPointerException
	at com.spotify.docker.client.VersionCompare.compareVersion(VersionCompare.java:45)
	at com.spotify.docker.client.DefaultDockerClientTest.dockerApiVersionAtLeast(DefaultDockerClientTest.java:404)
	at com.spotify.docker.client.DefaultDockerClientTest.tearDown(DefaultDockerClientTest.java:356)
	at sun.reflect.GeneratedMethodAccessor11.invoke(Unknown Source)
	at sun.reflect.DelegatingMethodAccessorImpl.invoke(DelegatingMethodAccessorImpl.java:43)
	at java.lang.reflect.Method.invoke(Method.java:498)
	at org.junit.runners.model.FrameworkMethod$1.runReflectiveCall(FrameworkMethod.java:50)
	at org.junit.internal.runners.model.ReflectiveCallable.run(ReflectiveCallable.java:12)
	at org.junit.runners.model.FrameworkMethod.invokeExplosively(FrameworkMethod.java:47)
	at org.junit.internal.runners.statements.RunAfters.evaluate(RunAfters.java:33)
	at org.junit.rules.ExpectedException$ExpectedExceptionStatement.evaluate(ExpectedException.java:239)
	at org.junit.rules.TestWatcher$1.evaluate(TestWatcher.java:55)
	at org.junit.rules.RunRules.evaluate(RunRules.java:20)
	at org.junit.runners.ParentRunner.runLeaf(ParentRunner.java:325)
	at org.junit.runners.BlockJUnit4ClassRunner.runChild(BlockJUnit4ClassRunner.java:78)
	at org.junit.runners.BlockJUnit4ClassRunner.runChild(BlockJUnit4ClassRunner.java:57)
	at org.junit.runners.ParentRunner$3.run(ParentRunner.java:290)
	at org.junit.runners.ParentRunner$1.schedule(ParentRunner.java:71)
	at org.junit.runners.ParentRunner.runChildren(ParentRunner.java:288)
	at org.junit.runners.ParentRunner.access$000(ParentRunner.java:58)
	at org.junit.runners.ParentRunner$2.evaluate(ParentRunner.java:268)
	at org.junit.runners.ParentRunner.run(ParentRunner.java:363)
	at org.apache.maven.surefire.junit4.JUnit4Provider.execute(JUnit4Provider.java:252)
	at org.apache.maven.surefire.junit4.JUnit4Provider.executeTestSet(JUnit4Provider.java:141)
	at org.apache.maven.surefire.junit4.JUnit4Provider.invoke(JUnit4Provider.java:112)
	at sun.reflect.NativeMethodAccessorImpl.invoke0(Native Method)
	at sun.reflect.NativeMethodAccessorImpl.invoke(NativeMethodAccessorImpl.java:62)
	at sun.reflect.DelegatingMethodAccessorImpl.invoke(DelegatingMethodAccessorImpl.java:43)
	at java.lang.reflect.Method.invoke(Method.java:498)
	at org.apache.maven.surefire.util.ReflectionUtils.invokeMethodWithArray(ReflectionUtils.java:189)
	at org.apache.maven.surefire.booter.ProviderFactory$ProviderProxy.invoke(ProviderFactory.java:165)
	at org.apache.maven.surefire.booter.ProviderFactory.invokeProvider(ProviderFactory.java:85)
	at org.apache.maven.surefire.booter.ForkedBooter.runSuitesInProcess(ForkedBooter.java:115)
	at org.apache.maven.surefire.booter.ForkedBooter.main(ForkedBooter.java:75)
</error>
  </testcase>
  <testcase classname="com.spotify.docker.client.DefaultDockerClientTest" name="testVersion" time="0.02">
    <error message="java.util.concurrent.ExecutionException: javax.ws.rs.ProcessingException: java.io.IOException: No such file or directory" type="com.spotify.docker.client.exceptions.DockerException">com.spotify.docker.client.exceptions.DockerException: java.util.concurrent.ExecutionException: javax.ws.rs.ProcessingException: java.io.IOException: No such file or directory
	at com.spotify.docker.client.DefaultDockerClient.propagate(DefaultDockerClient.java:2812)
	at com.spotify.docker.client.DefaultDockerClient.request(DefaultDockerClient.java:2676)
	at com.spotify.docker.client.DefaultDockerClient.version(DefaultDockerClient.java:572)
	at com.spotify.docker.client.DefaultDockerClientTest.setup(DefaultDockerClientTest.java:349)
	at sun.reflect.GeneratedMethodAccessor10.invoke(Unknown Source)
	at sun.reflect.DelegatingMethodAccessorImpl.invoke(DelegatingMethodAccessorImpl.java:43)
	at java.lang.reflect.Method.invoke(Method.java:498)
	at org.junit.runners.model.FrameworkMethod$1.runReflectiveCall(FrameworkMethod.java:50)
	at org.junit.internal.runners.model.ReflectiveCallable.run(ReflectiveCallable.java:12)
	at org.junit.runners.model.FrameworkMethod.invokeExplosively(FrameworkMethod.java:47)
	at org.junit.internal.runners.statements.RunBefores.evaluate(RunBefores.java:24)
	at org.junit.internal.runners.statements.RunAfters.evaluate(RunAfters.java:27)
	at org.junit.rules.ExpectedException$ExpectedExceptionStatement.evaluate(ExpectedException.java:239)
	at org.junit.rules.TestWatcher$1.evaluate(TestWatcher.java:55)
	at org.junit.rules.RunRules.evaluate(RunRules.java:20)
	at org.junit.runners.ParentRunner.runLeaf(ParentRunner.java:325)
	at org.junit.runners.BlockJUnit4ClassRunner.runChild(BlockJUnit4ClassRunner.java:78)
	at org.junit.runners.BlockJUnit4ClassRunner.runChild(BlockJUnit4ClassRunner.java:57)
	at org.junit.runners.ParentRunner$3.run(ParentRunner.java:290)
	at org.junit.runners.ParentRunner$1.schedule(ParentRunner.java:71)
	at org.junit.runners.ParentRunner.runChildren(ParentRunner.java:288)
	at org.junit.runners.ParentRunner.access$000(ParentRunner.java:58)
	at org.junit.runners.ParentRunner$2.evaluate(ParentRunner.java:268)
	at org.junit.runners.ParentRunner.run(ParentRunner.java:363)
	at org.apache.maven.surefire.junit4.JUnit4Provider.execute(JUnit4Provider.java:252)
	at org.apache.maven.surefire.junit4.JUnit4Provider.executeTestSet(JUnit4Provider.java:141)
	at org.apache.maven.surefire.junit4.JUnit4Provider.invoke(JUnit4Provider.java:112)
	at sun.reflect.NativeMethodAccessorImpl.invoke0(Native Method)
	at sun.reflect.NativeMethodAccessorImpl.invoke(NativeMethodAccessorImpl.java:62)
	at sun.reflect.DelegatingMethodAccessorImpl.invoke(DelegatingMethodAccessorImpl.java:43)
	at java.lang.reflect.Method.invoke(Method.java:498)
	at org.apache.maven.surefire.util.ReflectionUtils.invokeMethodWithArray(ReflectionUtils.java:189)
	at org.apache.maven.surefire.booter.ProviderFactory$ProviderProxy.invoke(ProviderFactory.java:165)
	at org.apache.maven.surefire.booter.ProviderFactory.invokeProvider(ProviderFactory.java:85)
	at org.apache.maven.surefire.booter.ForkedBooter.runSuitesInProcess(ForkedBooter.java:115)
	at org.apache.maven.surefire.booter.ForkedBooter.main(ForkedBooter.java:75)
Caused by: java.util.concurrent.ExecutionException: javax.ws.rs.ProcessingException: java.io.IOException: No such file or directory
	at jersey.repackaged.com.google.common.util.concurrent.AbstractFuture$Sync.getValue(AbstractFuture.java:299)
	at jersey.repackaged.com.google.common.util.concurrent.AbstractFuture$Sync.get(AbstractFuture.java:286)
	at jersey.repackaged.com.google.common.util.concurrent.AbstractFuture.get(AbstractFuture.java:116)
	at com.spotify.docker.client.DefaultDockerClient.request(DefaultDockerClient.java:2674)
	... 34 more
Caused by: javax.ws.rs.ProcessingException: java.io.IOException: No such file or directory
	at org.glassfish.jersey.apache.connector.ApacheConnector.apply(ApacheConnector.java:481)
	at org.glassfish.jersey.apache.connector.ApacheConnector$1.run(ApacheConnector.java:491)
	at java.util.concurrent.Executors$RunnableAdapter.call(Executors.java:511)
	at java.util.concurrent.FutureTask.run(FutureTask.java:266)
	at jersey.repackaged.com.google.common.util.concurrent.MoreExecutors$DirectExecutorService.execute(MoreExecutors.java:299)
	at java.util.concurrent.AbstractExecutorService.submit(AbstractExecutorService.java:112)
	at jersey.repackaged.com.google.common.util.concurrent.AbstractListeningExecutorService.submit(AbstractListeningExecutorService.java:50)
	at jersey.repackaged.com.google.common.util.concurrent.AbstractListeningExecutorService.submit(AbstractListeningExecutorService.java:37)
	at org.glassfish.jersey.apache.connector.ApacheConnector.apply(ApacheConnector.java:487)
	at org.glassfish.jersey.client.ClientRuntime$2.run(ClientRuntime.java:178)
	at org.glassfish.jersey.internal.Errors$1.call(Errors.java:271)
	at org.glassfish.jersey.internal.Errors$1.call(Errors.java:267)
	at org.glassfish.jersey.internal.Errors.process(Errors.java:315)
	at org.glassfish.jersey.internal.Errors.process(Errors.java:297)
	at org.glassfish.jersey.internal.Errors.process(Errors.java:267)
	at org.glassfish.jersey.process.internal.RequestScope.runInScope(RequestScope.java:340)
	at org.glassfish.jersey.client.ClientRuntime$3.run(ClientRuntime.java:210)
	at java.util.concurrent.Executors$RunnableAdapter.call(Executors.java:511)
	at java.util.concurrent.FutureTask.run(FutureTask.java:266)
	at java.util.concurrent.ThreadPoolExecutor.runWorker(ThreadPoolExecutor.java:1142)
	at java.util.concurrent.ThreadPoolExecutor$Worker.run(ThreadPoolExecutor.java:617)
	at java.lang.Thread.run(Thread.java:745)
Caused by: java.io.IOException: No such file or directory
	at jnr.unixsocket.UnixSocketChannel.doConnect(UnixSocketChannel.java:127)
	at jnr.unixsocket.UnixSocketChannel.connect(UnixSocketChannel.java:136)
	at jnr.unixsocket.UnixSocketChannel.connect(UnixSocketChannel.java:223)
	at com.spotify.docker.client.UnixConnectionSocketFactory.connectSocket(UnixConnectionSocketFactory.java:85)
	at org.apache.http.impl.conn.DefaultHttpClientConnectionOperator.connect(DefaultHttpClientConnectionOperator.java:134)
	at org.apache.http.impl.conn.PoolingHttpClientConnectionManager.connect(PoolingHttpClientConnectionManager.java:353)
	at org.apache.http.impl.execchain.MainClientExec.establishRoute(MainClientExec.java:380)
	at org.apache.http.impl.execchain.MainClientExec.execute(MainClientExec.java:236)
	at org.apache.http.impl.execchain.ProtocolExec.execute(ProtocolExec.java:184)
	at org.apache.http.impl.execchain.RetryExec.execute(RetryExec.java:88)
	at org.apache.http.impl.execchain.RedirectExec.execute(RedirectExec.java:110)
	at org.apache.http.impl.client.InternalHttpClient.doExecute(InternalHttpClient.java:184)
	at org.apache.http.impl.client.CloseableHttpClient.execute(CloseableHttpClient.java:71)
	at org.glassfish.jersey.apache.connector.ApacheConnector.apply(ApacheConnector.java:435)
	... 21 more
</error>
    <system-err>Jun 02, 2018 7:44:40 AM org.apache.http.impl.execchain.RetryExec execute
INFO: I/O exception (java.io.IOException) caught when processing request to {}-&gt;unix://localhost:80: No such file or directory
Jun 02, 2018 7:44:40 AM org.apache.http.impl.execchain.RetryExec execute
INFO: Retrying request to {}-&gt;unix://localhost:80
Jun 02, 2018 7:44:40 AM org.apache.http.impl.execchain.RetryExec execute
INFO: I/O exception (java.io.IOException) caught when processing request to {}-&gt;unix://localhost:80: No such file or directory
Jun 02, 2018 7:44:40 AM org.apache.http.impl.execchain.RetryExec execute
INFO: Retrying request to {}-&gt;unix://localhost:80
Jun 02, 2018 7:44:40 AM org.apache.http.impl.execchain.RetryExec execute
INFO: I/O exception (java.io.IOException) caught when processing request to {}-&gt;unix://localhost:80: No such file or directory
Jun 02, 2018 7:44:40 AM org.apache.http.impl.execchain.RetryExec execute
INFO: Retrying request to {}-&gt;unix://localhost:80
</system-err>
  </testcase>
  <testcase classname="com.spotify.docker.client.DefaultDockerClientTest" name="testVersion" time="0.02">
    <error type="java.lang.NullPointerException">java.lang.NullPointerException
	at com.spotify.docker.client.VersionCompare.compareVersion(VersionCompare.java:45)
	at com.spotify.docker.client.DefaultDockerClientTest.dockerApiVersionAtLeast(DefaultDockerClientTest.java:404)
	at com.spotify.docker.client.DefaultDockerClientTest.tearDown(DefaultDockerClientTest.java:356)
	at sun.reflect.GeneratedMethodAccessor11.invoke(Unknown Source)
	at sun.reflect.DelegatingMethodAccessorImpl.invoke(DelegatingMethodAccessorImpl.java:43)
	at java.lang.reflect.Method.invoke(Method.java:498)
	at org.junit.runners.model.FrameworkMethod$1.runReflectiveCall(FrameworkMethod.java:50)
	at org.junit.internal.runners.model.ReflectiveCallable.run(ReflectiveCallable.java:12)
	at org.junit.runners.model.FrameworkMethod.invokeExplosively(FrameworkMethod.java:47)
	at org.junit.internal.runners.statements.RunAfters.evaluate(RunAfters.java:33)
	at org.junit.rules.ExpectedException$ExpectedExceptionStatement.evaluate(ExpectedException.java:239)
	at org.junit.rules.TestWatcher$1.evaluate(TestWatcher.java:55)
	at org.junit.rules.RunRules.evaluate(RunRules.java:20)
	at org.junit.runners.ParentRunner.runLeaf(ParentRunner.java:325)
	at org.junit.runners.BlockJUnit4ClassRunner.runChild(BlockJUnit4ClassRunner.java:78)
	at org.junit.runners.BlockJUnit4ClassRunner.runChild(BlockJUnit4ClassRunner.java:57)
	at org.junit.runners.ParentRunner$3.run(ParentRunner.java:290)
	at org.junit.runners.ParentRunner$1.schedule(ParentRunner.java:71)
	at org.junit.runners.ParentRunner.runChildren(ParentRunner.java:288)
	at org.junit.runners.ParentRunner.access$000(ParentRunner.java:58)
	at org.junit.runners.ParentRunner$2.evaluate(ParentRunner.java:268)
	at org.junit.runners.ParentRunner.run(ParentRunner.java:363)
	at org.apache.maven.surefire.junit4.JUnit4Provider.execute(JUnit4Provider.java:252)
	at org.apache.maven.surefire.junit4.JUnit4Provider.executeTestSet(JUnit4Provider.java:141)
	at org.apache.maven.surefire.junit4.JUnit4Provider.invoke(JUnit4Provider.java:112)
	at sun.reflect.NativeMethodAccessorImpl.invoke0(Native Method)
	at sun.reflect.NativeMethodAccessorImpl.invoke(NativeMethodAccessorImpl.java:62)
	at sun.reflect.DelegatingMethodAccessorImpl.invoke(DelegatingMethodAccessorImpl.java:43)
	at java.lang.reflect.Method.invoke(Method.java:498)
	at org.apache.maven.surefire.util.ReflectionUtils.invokeMethodWithArray(ReflectionUtils.java:189)
	at org.apache.maven.surefire.booter.ProviderFactory$ProviderProxy.invoke(ProviderFactory.java:165)
	at org.apache.maven.surefire.booter.ProviderFactory.invokeProvider(ProviderFactory.java:85)
	at org.apache.maven.surefire.booter.ForkedBooter.runSuitesInProcess(ForkedBooter.java:115)
	at org.apache.maven.surefire.booter.ForkedBooter.main(ForkedBooter.java:75)
</error>
  </testcase>
  <testcase classname="com.spotify.docker.client.DefaultDockerClientTest" name="testCopyContainer" time="0.019">
    <error message="java.util.concurrent.ExecutionException: javax.ws.rs.ProcessingException: java.io.IOException: No such file or directory" type="com.spotify.docker.client.exceptions.DockerException">com.spotify.docker.client.exceptions.DockerException: java.util.concurrent.ExecutionException: javax.ws.rs.ProcessingException: java.io.IOException: No such file or directory
	at com.spotify.docker.client.DefaultDockerClient.propagate(DefaultDockerClient.java:2812)
	at com.spotify.docker.client.DefaultDockerClient.request(DefaultDockerClient.java:2676)
	at com.spotify.docker.client.DefaultDockerClient.version(DefaultDockerClient.java:572)
	at com.spotify.docker.client.DefaultDockerClientTest.setup(DefaultDockerClientTest.java:349)
	at sun.reflect.GeneratedMethodAccessor10.invoke(Unknown Source)
	at sun.reflect.DelegatingMethodAccessorImpl.invoke(DelegatingMethodAccessorImpl.java:43)
	at java.lang.reflect.Method.invoke(Method.java:498)
	at org.junit.runners.model.FrameworkMethod$1.runReflectiveCall(FrameworkMethod.java:50)
	at org.junit.internal.runners.model.ReflectiveCallable.run(ReflectiveCallable.java:12)
	at org.junit.runners.model.FrameworkMethod.invokeExplosively(FrameworkMethod.java:47)
	at org.junit.internal.runners.statements.RunBefores.evaluate(RunBefores.java:24)
	at org.junit.internal.runners.statements.RunAfters.evaluate(RunAfters.java:27)
	at org.junit.rules.ExpectedException$ExpectedExceptionStatement.evaluate(ExpectedException.java:239)
	at org.junit.rules.TestWatcher$1.evaluate(TestWatcher.java:55)
	at org.junit.rules.RunRules.evaluate(RunRules.java:20)
	at org.junit.runners.ParentRunner.runLeaf(ParentRunner.java:325)
	at org.junit.runners.BlockJUnit4ClassRunner.runChild(BlockJUnit4ClassRunner.java:78)
	at org.junit.runners.BlockJUnit4ClassRunner.runChild(BlockJUnit4ClassRunner.java:57)
	at org.junit.runners.ParentRunner$3.run(ParentRunner.java:290)
	at org.junit.runners.ParentRunner$1.schedule(ParentRunner.java:71)
	at org.junit.runners.ParentRunner.runChildren(ParentRunner.java:288)
	at org.junit.runners.ParentRunner.access$000(ParentRunner.java:58)
	at org.junit.runners.ParentRunner$2.evaluate(ParentRunner.java:268)
	at org.junit.runners.ParentRunner.run(ParentRunner.java:363)
	at org.apache.maven.surefire.junit4.JUnit4Provider.execute(JUnit4Provider.java:252)
	at org.apache.maven.surefire.junit4.JUnit4Provider.executeTestSet(JUnit4Provider.java:141)
	at org.apache.maven.surefire.junit4.JUnit4Provider.invoke(JUnit4Provider.java:112)
	at sun.reflect.NativeMethodAccessorImpl.invoke0(Native Method)
	at sun.reflect.NativeMethodAccessorImpl.invoke(NativeMethodAccessorImpl.java:62)
	at sun.reflect.DelegatingMethodAccessorImpl.invoke(DelegatingMethodAccessorImpl.java:43)
	at java.lang.reflect.Method.invoke(Method.java:498)
	at org.apache.maven.surefire.util.ReflectionUtils.invokeMethodWithArray(ReflectionUtils.java:189)
	at org.apache.maven.surefire.booter.ProviderFactory$ProviderProxy.invoke(ProviderFactory.java:165)
	at org.apache.maven.surefire.booter.ProviderFactory.invokeProvider(ProviderFactory.java:85)
	at org.apache.maven.surefire.booter.ForkedBooter.runSuitesInProcess(ForkedBooter.java:115)
	at org.apache.maven.surefire.booter.ForkedBooter.main(ForkedBooter.java:75)
Caused by: java.util.concurrent.ExecutionException: javax.ws.rs.ProcessingException: java.io.IOException: No such file or directory
	at jersey.repackaged.com.google.common.util.concurrent.AbstractFuture$Sync.getValue(AbstractFuture.java:299)
	at jersey.repackaged.com.google.common.util.concurrent.AbstractFuture$Sync.get(AbstractFuture.java:286)
	at jersey.repackaged.com.google.common.util.concurrent.AbstractFuture.get(AbstractFuture.java:116)
	at com.spotify.docker.client.DefaultDockerClient.request(DefaultDockerClient.java:2674)
	... 34 more
Caused by: javax.ws.rs.ProcessingException: java.io.IOException: No such file or directory
	at org.glassfish.jersey.apache.connector.ApacheConnector.apply(ApacheConnector.java:481)
	at org.glassfish.jersey.apache.connector.ApacheConnector$1.run(ApacheConnector.java:491)
	at java.util.concurrent.Executors$RunnableAdapter.call(Executors.java:511)
	at java.util.concurrent.FutureTask.run(FutureTask.java:266)
	at jersey.repackaged.com.google.common.util.concurrent.MoreExecutors$DirectExecutorService.execute(MoreExecutors.java:299)
	at java.util.concurrent.AbstractExecutorService.submit(AbstractExecutorService.java:112)
	at jersey.repackaged.com.google.common.util.concurrent.AbstractListeningExecutorService.submit(AbstractListeningExecutorService.java:50)
	at jersey.repackaged.com.google.common.util.concurrent.AbstractListeningExecutorService.submit(AbstractListeningExecutorService.java:37)
	at org.glassfish.jersey.apache.connector.ApacheConnector.apply(ApacheConnector.java:487)
	at org.glassfish.jersey.client.ClientRuntime$2.run(ClientRuntime.java:178)
	at org.glassfish.jersey.internal.Errors$1.call(Errors.java:271)
	at org.glassfish.jersey.internal.Errors$1.call(Errors.java:267)
	at org.glassfish.jersey.internal.Errors.process(Errors.java:315)
	at org.glassfish.jersey.internal.Errors.process(Errors.java:297)
	at org.glassfish.jersey.internal.Errors.process(Errors.java:267)
	at org.glassfish.jersey.process.internal.RequestScope.runInScope(RequestScope.java:340)
	at org.glassfish.jersey.client.ClientRuntime$3.run(ClientRuntime.java:210)
	at java.util.concurrent.Executors$RunnableAdapter.call(Executors.java:511)
	at java.util.concurrent.FutureTask.run(FutureTask.java:266)
	at java.util.concurrent.ThreadPoolExecutor.runWorker(ThreadPoolExecutor.java:1142)
	at java.util.concurrent.ThreadPoolExecutor$Worker.run(ThreadPoolExecutor.java:617)
	at java.lang.Thread.run(Thread.java:745)
Caused by: java.io.IOException: No such file or directory
	at jnr.unixsocket.UnixSocketChannel.doConnect(UnixSocketChannel.java:127)
	at jnr.unixsocket.UnixSocketChannel.connect(UnixSocketChannel.java:136)
	at jnr.unixsocket.UnixSocketChannel.connect(UnixSocketChannel.java:223)
	at com.spotify.docker.client.UnixConnectionSocketFactory.connectSocket(UnixConnectionSocketFactory.java:85)
	at org.apache.http.impl.conn.DefaultHttpClientConnectionOperator.connect(DefaultHttpClientConnectionOperator.java:134)
	at org.apache.http.impl.conn.PoolingHttpClientConnectionManager.connect(PoolingHttpClientConnectionManager.java:353)
	at org.apache.http.impl.execchain.MainClientExec.establishRoute(MainClientExec.java:380)
	at org.apache.http.impl.execchain.MainClientExec.execute(MainClientExec.java:236)
	at org.apache.http.impl.execchain.ProtocolExec.execute(ProtocolExec.java:184)
	at org.apache.http.impl.execchain.RetryExec.execute(RetryExec.java:88)
	at org.apache.http.impl.execchain.RedirectExec.execute(RedirectExec.java:110)
	at org.apache.http.impl.client.InternalHttpClient.doExecute(InternalHttpClient.java:184)
	at org.apache.http.impl.client.CloseableHttpClient.execute(CloseableHttpClient.java:71)
	at org.glassfish.jersey.apache.connector.ApacheConnector.apply(ApacheConnector.java:435)
	... 21 more
</error>
    <system-err>Jun 02, 2018 7:44:40 AM org.apache.http.impl.execchain.RetryExec execute
INFO: I/O exception (java.io.IOException) caught when processing request to {}-&gt;unix://localhost:80: No such file or directory
Jun 02, 2018 7:44:40 AM org.apache.http.impl.execchain.RetryExec execute
INFO: Retrying request to {}-&gt;unix://localhost:80
Jun 02, 2018 7:44:40 AM org.apache.http.impl.execchain.RetryExec execute
INFO: I/O exception (java.io.IOException) caught when processing request to {}-&gt;unix://localhost:80: No such file or directory
Jun 02, 2018 7:44:40 AM org.apache.http.impl.execchain.RetryExec execute
INFO: Retrying request to {}-&gt;unix://localhost:80
Jun 02, 2018 7:44:40 AM org.apache.http.impl.execchain.RetryExec execute
INFO: I/O exception (java.io.IOException) caught when processing request to {}-&gt;unix://localhost:80: No such file or directory
Jun 02, 2018 7:44:40 AM org.apache.http.impl.execchain.RetryExec execute
INFO: Retrying request to {}-&gt;unix://localhost:80
</system-err>
  </testcase>
  <testcase classname="com.spotify.docker.client.DefaultDockerClientTest" name="testCopyContainer" time="0.02">
    <error type="java.lang.NullPointerException">java.lang.NullPointerException
	at com.spotify.docker.client.VersionCompare.compareVersion(VersionCompare.java:45)
	at com.spotify.docker.client.DefaultDockerClientTest.dockerApiVersionAtLeast(DefaultDockerClientTest.java:404)
	at com.spotify.docker.client.DefaultDockerClientTest.tearDown(DefaultDockerClientTest.java:356)
	at sun.reflect.GeneratedMethodAccessor11.invoke(Unknown Source)
	at sun.reflect.DelegatingMethodAccessorImpl.invoke(DelegatingMethodAccessorImpl.java:43)
	at java.lang.reflect.Method.invoke(Method.java:498)
	at org.junit.runners.model.FrameworkMethod$1.runReflectiveCall(FrameworkMethod.java:50)
	at org.junit.internal.runners.model.ReflectiveCallable.run(ReflectiveCallable.java:12)
	at org.junit.runners.model.FrameworkMethod.invokeExplosively(FrameworkMethod.java:47)
	at org.junit.internal.runners.statements.RunAfters.evaluate(RunAfters.java:33)
	at org.junit.rules.ExpectedException$ExpectedExceptionStatement.evaluate(ExpectedException.java:239)
	at org.junit.rules.TestWatcher$1.evaluate(TestWatcher.java:55)
	at org.junit.rules.RunRules.evaluate(RunRules.java:20)
	at org.junit.runners.ParentRunner.runLeaf(ParentRunner.java:325)
	at org.junit.runners.BlockJUnit4ClassRunner.runChild(BlockJUnit4ClassRunner.java:78)
	at org.junit.runners.BlockJUnit4ClassRunner.runChild(BlockJUnit4ClassRunner.java:57)
	at org.junit.runners.ParentRunner$3.run(ParentRunner.java:290)
	at org.junit.runners.ParentRunner$1.schedule(ParentRunner.java:71)
	at org.junit.runners.ParentRunner.runChildren(ParentRunner.java:288)
	at org.junit.runners.ParentRunner.access$000(ParentRunner.java:58)
	at org.junit.runners.ParentRunner$2.evaluate(ParentRunner.java:268)
	at org.junit.runners.ParentRunner.run(ParentRunner.java:363)
	at org.apache.maven.surefire.junit4.JUnit4Provider.execute(JUnit4Provider.java:252)
	at org.apache.maven.surefire.junit4.JUnit4Provider.executeTestSet(JUnit4Provider.java:141)
	at org.apache.maven.surefire.junit4.JUnit4Provider.invoke(JUnit4Provider.java:112)
	at sun.reflect.NativeMethodAccessorImpl.invoke0(Native Method)
	at sun.reflect.NativeMethodAccessorImpl.invoke(NativeMethodAccessorImpl.java:62)
	at sun.reflect.DelegatingMethodAccessorImpl.invoke(DelegatingMethodAccessorImpl.java:43)
	at java.lang.reflect.Method.invoke(Method.java:498)
	at org.apache.maven.surefire.util.ReflectionUtils.invokeMethodWithArray(ReflectionUtils.java:189)
	at org.apache.maven.surefire.booter.ProviderFactory$ProviderProxy.invoke(ProviderFactory.java:165)
	at org.apache.maven.surefire.booter.ProviderFactory.invokeProvider(ProviderFactory.java:85)
	at org.apache.maven.surefire.booter.ForkedBooter.runSuitesInProcess(ForkedBooter.java:115)
	at org.apache.maven.surefire.booter.ForkedBooter.main(ForkedBooter.java:75)
</error>
  </testcase>
  <testcase classname="com.spotify.docker.client.DefaultDockerClientTest" name="testKillBadContainer" time="0.019">
    <error message="java.util.concurrent.ExecutionException: javax.ws.rs.ProcessingException: java.io.IOException: No such file or directory" type="com.spotify.docker.client.exceptions.DockerException">com.spotify.docker.client.exceptions.DockerException: java.util.concurrent.ExecutionException: javax.ws.rs.ProcessingException: java.io.IOException: No such file or directory
	at com.spotify.docker.client.DefaultDockerClient.propagate(DefaultDockerClient.java:2812)
	at com.spotify.docker.client.DefaultDockerClient.request(DefaultDockerClient.java:2676)
	at com.spotify.docker.client.DefaultDockerClient.version(DefaultDockerClient.java:572)
	at com.spotify.docker.client.DefaultDockerClientTest.setup(DefaultDockerClientTest.java:349)
	at sun.reflect.GeneratedMethodAccessor10.invoke(Unknown Source)
	at sun.reflect.DelegatingMethodAccessorImpl.invoke(DelegatingMethodAccessorImpl.java:43)
	at java.lang.reflect.Method.invoke(Method.java:498)
	at org.junit.runners.model.FrameworkMethod$1.runReflectiveCall(FrameworkMethod.java:50)
	at org.junit.internal.runners.model.ReflectiveCallable.run(ReflectiveCallable.java:12)
	at org.junit.runners.model.FrameworkMethod.invokeExplosively(FrameworkMethod.java:47)
	at org.junit.internal.runners.statements.RunBefores.evaluate(RunBefores.java:24)
	at org.junit.internal.runners.statements.RunAfters.evaluate(RunAfters.java:27)
	at org.junit.rules.ExpectedException$ExpectedExceptionStatement.evaluate(ExpectedException.java:239)
	at org.junit.rules.TestWatcher$1.evaluate(TestWatcher.java:55)
	at org.junit.rules.RunRules.evaluate(RunRules.java:20)
	at org.junit.runners.ParentRunner.runLeaf(ParentRunner.java:325)
	at org.junit.runners.BlockJUnit4ClassRunner.runChild(BlockJUnit4ClassRunner.java:78)
	at org.junit.runners.BlockJUnit4ClassRunner.runChild(BlockJUnit4ClassRunner.java:57)
	at org.junit.runners.ParentRunner$3.run(ParentRunner.java:290)
	at org.junit.runners.ParentRunner$1.schedule(ParentRunner.java:71)
	at org.junit.runners.ParentRunner.runChildren(ParentRunner.java:288)
	at org.junit.runners.ParentRunner.access$000(ParentRunner.java:58)
	at org.junit.runners.ParentRunner$2.evaluate(ParentRunner.java:268)
	at org.junit.runners.ParentRunner.run(ParentRunner.java:363)
	at org.apache.maven.surefire.junit4.JUnit4Provider.execute(JUnit4Provider.java:252)
	at org.apache.maven.surefire.junit4.JUnit4Provider.executeTestSet(JUnit4Provider.java:141)
	at org.apache.maven.surefire.junit4.JUnit4Provider.invoke(JUnit4Provider.java:112)
	at sun.reflect.NativeMethodAccessorImpl.invoke0(Native Method)
	at sun.reflect.NativeMethodAccessorImpl.invoke(NativeMethodAccessorImpl.java:62)
	at sun.reflect.DelegatingMethodAccessorImpl.invoke(DelegatingMethodAccessorImpl.java:43)
	at java.lang.reflect.Method.invoke(Method.java:498)
	at org.apache.maven.surefire.util.ReflectionUtils.invokeMethodWithArray(ReflectionUtils.java:189)
	at org.apache.maven.surefire.booter.ProviderFactory$ProviderProxy.invoke(ProviderFactory.java:165)
	at org.apache.maven.surefire.booter.ProviderFactory.invokeProvider(ProviderFactory.java:85)
	at org.apache.maven.surefire.booter.ForkedBooter.runSuitesInProcess(ForkedBooter.java:115)
	at org.apache.maven.surefire.booter.ForkedBooter.main(ForkedBooter.java:75)
Caused by: java.util.concurrent.ExecutionException: javax.ws.rs.ProcessingException: java.io.IOException: No such file or directory
	at jersey.repackaged.com.google.common.util.concurrent.AbstractFuture$Sync.getValue(AbstractFuture.java:299)
	at jersey.repackaged.com.google.common.util.concurrent.AbstractFuture$Sync.get(AbstractFuture.java:286)
	at jersey.repackaged.com.google.common.util.concurrent.AbstractFuture.get(AbstractFuture.java:116)
	at com.spotify.docker.client.DefaultDockerClient.request(DefaultDockerClient.java:2674)
	... 34 more
Caused by: javax.ws.rs.ProcessingException: java.io.IOException: No such file or directory
	at org.glassfish.jersey.apache.connector.ApacheConnector.apply(ApacheConnector.java:481)
	at org.glassfish.jersey.apache.connector.ApacheConnector$1.run(ApacheConnector.java:491)
	at java.util.concurrent.Executors$RunnableAdapter.call(Executors.java:511)
	at java.util.concurrent.FutureTask.run(FutureTask.java:266)
	at jersey.repackaged.com.google.common.util.concurrent.MoreExecutors$DirectExecutorService.execute(MoreExecutors.java:299)
	at java.util.concurrent.AbstractExecutorService.submit(AbstractExecutorService.java:112)
	at jersey.repackaged.com.google.common.util.concurrent.AbstractListeningExecutorService.submit(AbstractListeningExecutorService.java:50)
	at jersey.repackaged.com.google.common.util.concurrent.AbstractListeningExecutorService.submit(AbstractListeningExecutorService.java:37)
	at org.glassfish.jersey.apache.connector.ApacheConnector.apply(ApacheConnector.java:487)
	at org.glassfish.jersey.client.ClientRuntime$2.run(ClientRuntime.java:178)
	at org.glassfish.jersey.internal.Errors$1.call(Errors.java:271)
	at org.glassfish.jersey.internal.Errors$1.call(Errors.java:267)
	at org.glassfish.jersey.internal.Errors.process(Errors.java:315)
	at org.glassfish.jersey.internal.Errors.process(Errors.java:297)
	at org.glassfish.jersey.internal.Errors.process(Errors.java:267)
	at org.glassfish.jersey.process.internal.RequestScope.runInScope(RequestScope.java:340)
	at org.glassfish.jersey.client.ClientRuntime$3.run(ClientRuntime.java:210)
	at java.util.concurrent.Executors$RunnableAdapter.call(Executors.java:511)
	at java.util.concurrent.FutureTask.run(FutureTask.java:266)
	at java.util.concurrent.ThreadPoolExecutor.runWorker(ThreadPoolExecutor.java:1142)
	at java.util.concurrent.ThreadPoolExecutor$Worker.run(ThreadPoolExecutor.java:617)
	at java.lang.Thread.run(Thread.java:745)
Caused by: java.io.IOException: No such file or directory
	at jnr.unixsocket.UnixSocketChannel.doConnect(UnixSocketChannel.java:127)
	at jnr.unixsocket.UnixSocketChannel.connect(UnixSocketChannel.java:136)
	at jnr.unixsocket.UnixSocketChannel.connect(UnixSocketChannel.java:223)
	at com.spotify.docker.client.UnixConnectionSocketFactory.connectSocket(UnixConnectionSocketFactory.java:85)
	at org.apache.http.impl.conn.DefaultHttpClientConnectionOperator.connect(DefaultHttpClientConnectionOperator.java:134)
	at org.apache.http.impl.conn.PoolingHttpClientConnectionManager.connect(PoolingHttpClientConnectionManager.java:353)
	at org.apache.http.impl.execchain.MainClientExec.establishRoute(MainClientExec.java:380)
	at org.apache.http.impl.execchain.MainClientExec.execute(MainClientExec.java:236)
	at org.apache.http.impl.execchain.ProtocolExec.execute(ProtocolExec.java:184)
	at org.apache.http.impl.execchain.RetryExec.execute(RetryExec.java:88)
	at org.apache.http.impl.execchain.RedirectExec.execute(RedirectExec.java:110)
	at org.apache.http.impl.client.InternalHttpClient.doExecute(InternalHttpClient.java:184)
	at org.apache.http.impl.client.CloseableHttpClient.execute(CloseableHttpClient.java:71)
	at org.glassfish.jersey.apache.connector.ApacheConnector.apply(ApacheConnector.java:435)
	... 21 more
</error>
    <system-err>Jun 02, 2018 7:44:40 AM org.apache.http.impl.execchain.RetryExec execute
INFO: I/O exception (java.io.IOException) caught when processing request to {}-&gt;unix://localhost:80: No such file or directory
Jun 02, 2018 7:44:40 AM org.apache.http.impl.execchain.RetryExec execute
INFO: Retrying request to {}-&gt;unix://localhost:80
Jun 02, 2018 7:44:40 AM org.apache.http.impl.execchain.RetryExec execute
INFO: I/O exception (java.io.IOException) caught when processing request to {}-&gt;unix://localhost:80: No such file or directory
Jun 02, 2018 7:44:40 AM org.apache.http.impl.execchain.RetryExec execute
INFO: Retrying request to {}-&gt;unix://localhost:80
Jun 02, 2018 7:44:40 AM org.apache.http.impl.execchain.RetryExec execute
INFO: I/O exception (java.io.IOException) caught when processing request to {}-&gt;unix://localhost:80: No such file or directory
Jun 02, 2018 7:44:40 AM org.apache.http.impl.execchain.RetryExec execute
INFO: Retrying request to {}-&gt;unix://localhost:80
</system-err>
  </testcase>
  <testcase classname="com.spotify.docker.client.DefaultDockerClientTest" name="testKillBadContainer" time="0.019">
    <error type="java.lang.NullPointerException">java.lang.NullPointerException
	at com.spotify.docker.client.VersionCompare.compareVersion(VersionCompare.java:45)
	at com.spotify.docker.client.DefaultDockerClientTest.dockerApiVersionAtLeast(DefaultDockerClientTest.java:404)
	at com.spotify.docker.client.DefaultDockerClientTest.tearDown(DefaultDockerClientTest.java:356)
	at sun.reflect.GeneratedMethodAccessor11.invoke(Unknown Source)
	at sun.reflect.DelegatingMethodAccessorImpl.invoke(DelegatingMethodAccessorImpl.java:43)
	at java.lang.reflect.Method.invoke(Method.java:498)
	at org.junit.runners.model.FrameworkMethod$1.runReflectiveCall(FrameworkMethod.java:50)
	at org.junit.internal.runners.model.ReflectiveCallable.run(ReflectiveCallable.java:12)
	at org.junit.runners.model.FrameworkMethod.invokeExplosively(FrameworkMethod.java:47)
	at org.junit.internal.runners.statements.RunAfters.evaluate(RunAfters.java:33)
	at org.junit.rules.ExpectedException$ExpectedExceptionStatement.evaluate(ExpectedException.java:239)
	at org.junit.rules.TestWatcher$1.evaluate(TestWatcher.java:55)
	at org.junit.rules.RunRules.evaluate(RunRules.java:20)
	at org.junit.runners.ParentRunner.runLeaf(ParentRunner.java:325)
	at org.junit.runners.BlockJUnit4ClassRunner.runChild(BlockJUnit4ClassRunner.java:78)
	at org.junit.runners.BlockJUnit4ClassRunner.runChild(BlockJUnit4ClassRunner.java:57)
	at org.junit.runners.ParentRunner$3.run(ParentRunner.java:290)
	at org.junit.runners.ParentRunner$1.schedule(ParentRunner.java:71)
	at org.junit.runners.ParentRunner.runChildren(ParentRunner.java:288)
	at org.junit.runners.ParentRunner.access$000(ParentRunner.java:58)
	at org.junit.runners.ParentRunner$2.evaluate(ParentRunner.java:268)
	at org.junit.runners.ParentRunner.run(ParentRunner.java:363)
	at org.apache.maven.surefire.junit4.JUnit4Provider.execute(JUnit4Provider.java:252)
	at org.apache.maven.surefire.junit4.JUnit4Provider.executeTestSet(JUnit4Provider.java:141)
	at org.apache.maven.surefire.junit4.JUnit4Provider.invoke(JUnit4Provider.java:112)
	at sun.reflect.NativeMethodAccessorImpl.invoke0(Native Method)
	at sun.reflect.NativeMethodAccessorImpl.invoke(NativeMethodAccessorImpl.java:62)
	at sun.reflect.DelegatingMethodAccessorImpl.invoke(DelegatingMethodAccessorImpl.java:43)
	at java.lang.reflect.Method.invoke(Method.java:498)
	at org.apache.maven.surefire.util.ReflectionUtils.invokeMethodWithArray(ReflectionUtils.java:189)
	at org.apache.maven.surefire.booter.ProviderFactory$ProviderProxy.invoke(ProviderFactory.java:165)
	at org.apache.maven.surefire.booter.ProviderFactory.invokeProvider(ProviderFactory.java:85)
	at org.apache.maven.surefire.booter.ForkedBooter.runSuitesInProcess(ForkedBooter.java:115)
	at org.apache.maven.surefire.booter.ForkedBooter.main(ForkedBooter.java:75)
</error>
  </testcase>
  <testcase classname="com.spotify.docker.client.DefaultDockerClientTest" name="testExtraHosts" time="0.019">
    <error message="java.util.concurrent.ExecutionException: javax.ws.rs.ProcessingException: java.io.IOException: No such file or directory" type="com.spotify.docker.client.exceptions.DockerException">com.spotify.docker.client.exceptions.DockerException: java.util.concurrent.ExecutionException: javax.ws.rs.ProcessingException: java.io.IOException: No such file or directory
	at com.spotify.docker.client.DefaultDockerClient.propagate(DefaultDockerClient.java:2812)
	at com.spotify.docker.client.DefaultDockerClient.request(DefaultDockerClient.java:2676)
	at com.spotify.docker.client.DefaultDockerClient.version(DefaultDockerClient.java:572)
	at com.spotify.docker.client.DefaultDockerClientTest.setup(DefaultDockerClientTest.java:349)
	at sun.reflect.GeneratedMethodAccessor10.invoke(Unknown Source)
	at sun.reflect.DelegatingMethodAccessorImpl.invoke(DelegatingMethodAccessorImpl.java:43)
	at java.lang.reflect.Method.invoke(Method.java:498)
	at org.junit.runners.model.FrameworkMethod$1.runReflectiveCall(FrameworkMethod.java:50)
	at org.junit.internal.runners.model.ReflectiveCallable.run(ReflectiveCallable.java:12)
	at org.junit.runners.model.FrameworkMethod.invokeExplosively(FrameworkMethod.java:47)
	at org.junit.internal.runners.statements.RunBefores.evaluate(RunBefores.java:24)
	at org.junit.internal.runners.statements.RunAfters.evaluate(RunAfters.java:27)
	at org.junit.rules.ExpectedException$ExpectedExceptionStatement.evaluate(ExpectedException.java:239)
	at org.junit.rules.TestWatcher$1.evaluate(TestWatcher.java:55)
	at org.junit.rules.RunRules.evaluate(RunRules.java:20)
	at org.junit.runners.ParentRunner.runLeaf(ParentRunner.java:325)
	at org.junit.runners.BlockJUnit4ClassRunner.runChild(BlockJUnit4ClassRunner.java:78)
	at org.junit.runners.BlockJUnit4ClassRunner.runChild(BlockJUnit4ClassRunner.java:57)
	at org.junit.runners.ParentRunner$3.run(ParentRunner.java:290)
	at org.junit.runners.ParentRunner$1.schedule(ParentRunner.java:71)
	at org.junit.runners.ParentRunner.runChildren(ParentRunner.java:288)
	at org.junit.runners.ParentRunner.access$000(ParentRunner.java:58)
	at org.junit.runners.ParentRunner$2.evaluate(ParentRunner.java:268)
	at org.junit.runners.ParentRunner.run(ParentRunner.java:363)
	at org.apache.maven.surefire.junit4.JUnit4Provider.execute(JUnit4Provider.java:252)
	at org.apache.maven.surefire.junit4.JUnit4Provider.executeTestSet(JUnit4Provider.java:141)
	at org.apache.maven.surefire.junit4.JUnit4Provider.invoke(JUnit4Provider.java:112)
	at sun.reflect.NativeMethodAccessorImpl.invoke0(Native Method)
	at sun.reflect.NativeMethodAccessorImpl.invoke(NativeMethodAccessorImpl.java:62)
	at sun.reflect.DelegatingMethodAccessorImpl.invoke(DelegatingMethodAccessorImpl.java:43)
	at java.lang.reflect.Method.invoke(Method.java:498)
	at org.apache.maven.surefire.util.ReflectionUtils.invokeMethodWithArray(ReflectionUtils.java:189)
	at org.apache.maven.surefire.booter.ProviderFactory$ProviderProxy.invoke(ProviderFactory.java:165)
	at org.apache.maven.surefire.booter.ProviderFactory.invokeProvider(ProviderFactory.java:85)
	at org.apache.maven.surefire.booter.ForkedBooter.runSuitesInProcess(ForkedBooter.java:115)
	at org.apache.maven.surefire.booter.ForkedBooter.main(ForkedBooter.java:75)
Caused by: java.util.concurrent.ExecutionException: javax.ws.rs.ProcessingException: java.io.IOException: No such file or directory
	at jersey.repackaged.com.google.common.util.concurrent.AbstractFuture$Sync.getValue(AbstractFuture.java:299)
	at jersey.repackaged.com.google.common.util.concurrent.AbstractFuture$Sync.get(AbstractFuture.java:286)
	at jersey.repackaged.com.google.common.util.concurrent.AbstractFuture.get(AbstractFuture.java:116)
	at com.spotify.docker.client.DefaultDockerClient.request(DefaultDockerClient.java:2674)
	... 34 more
Caused by: javax.ws.rs.ProcessingException: java.io.IOException: No such file or directory
	at org.glassfish.jersey.apache.connector.ApacheConnector.apply(ApacheConnector.java:481)
	at org.glassfish.jersey.apache.connector.ApacheConnector$1.run(ApacheConnector.java:491)
	at java.util.concurrent.Executors$RunnableAdapter.call(Executors.java:511)
	at java.util.concurrent.FutureTask.run(FutureTask.java:266)
	at jersey.repackaged.com.google.common.util.concurrent.MoreExecutors$DirectExecutorService.execute(MoreExecutors.java:299)
	at java.util.concurrent.AbstractExecutorService.submit(AbstractExecutorService.java:112)
	at jersey.repackaged.com.google.common.util.concurrent.AbstractListeningExecutorService.submit(AbstractListeningExecutorService.java:50)
	at jersey.repackaged.com.google.common.util.concurrent.AbstractListeningExecutorService.submit(AbstractListeningExecutorService.java:37)
	at org.glassfish.jersey.apache.connector.ApacheConnector.apply(ApacheConnector.java:487)
	at org.glassfish.jersey.client.ClientRuntime$2.run(ClientRuntime.java:178)
	at org.glassfish.jersey.internal.Errors$1.call(Errors.java:271)
	at org.glassfish.jersey.internal.Errors$1.call(Errors.java:267)
	at org.glassfish.jersey.internal.Errors.process(Errors.java:315)
	at org.glassfish.jersey.internal.Errors.process(Errors.java:297)
	at org.glassfish.jersey.internal.Errors.process(Errors.java:267)
	at org.glassfish.jersey.process.internal.RequestScope.runInScope(RequestScope.java:340)
	at org.glassfish.jersey.client.ClientRuntime$3.run(ClientRuntime.java:210)
	at java.util.concurrent.Executors$RunnableAdapter.call(Executors.java:511)
	at java.util.concurrent.FutureTask.run(FutureTask.java:266)
	at java.util.concurrent.ThreadPoolExecutor.runWorker(ThreadPoolExecutor.java:1142)
	at java.util.concurrent.ThreadPoolExecutor$Worker.run(ThreadPoolExecutor.java:617)
	at java.lang.Thread.run(Thread.java:745)
Caused by: java.io.IOException: No such file or directory
	at jnr.unixsocket.UnixSocketChannel.doConnect(UnixSocketChannel.java:127)
	at jnr.unixsocket.UnixSocketChannel.connect(UnixSocketChannel.java:136)
	at jnr.unixsocket.UnixSocketChannel.connect(UnixSocketChannel.java:223)
	at com.spotify.docker.client.UnixConnectionSocketFactory.connectSocket(UnixConnectionSocketFactory.java:85)
	at org.apache.http.impl.conn.DefaultHttpClientConnectionOperator.connect(DefaultHttpClientConnectionOperator.java:134)
	at org.apache.http.impl.conn.PoolingHttpClientConnectionManager.connect(PoolingHttpClientConnectionManager.java:353)
	at org.apache.http.impl.execchain.MainClientExec.establishRoute(MainClientExec.java:380)
	at org.apache.http.impl.execchain.MainClientExec.execute(MainClientExec.java:236)
	at org.apache.http.impl.execchain.ProtocolExec.execute(ProtocolExec.java:184)
	at org.apache.http.impl.execchain.RetryExec.execute(RetryExec.java:88)
	at org.apache.http.impl.execchain.RedirectExec.execute(RedirectExec.java:110)
	at org.apache.http.impl.client.InternalHttpClient.doExecute(InternalHttpClient.java:184)
	at org.apache.http.impl.client.CloseableHttpClient.execute(CloseableHttpClient.java:71)
	at org.glassfish.jersey.apache.connector.ApacheConnector.apply(ApacheConnector.java:435)
	... 21 more
</error>
    <system-err>Jun 02, 2018 7:44:40 AM org.apache.http.impl.execchain.RetryExec execute
INFO: I/O exception (java.io.IOException) caught when processing request to {}-&gt;unix://localhost:80: No such file or directory
Jun 02, 2018 7:44:40 AM org.apache.http.impl.execchain.RetryExec execute
INFO: Retrying request to {}-&gt;unix://localhost:80
Jun 02, 2018 7:44:40 AM org.apache.http.impl.execchain.RetryExec execute
INFO: I/O exception (java.io.IOException) caught when processing request to {}-&gt;unix://localhost:80: No such file or directory
Jun 02, 2018 7:44:40 AM org.apache.http.impl.execchain.RetryExec execute
INFO: Retrying request to {}-&gt;unix://localhost:80
Jun 02, 2018 7:44:40 AM org.apache.http.impl.execchain.RetryExec execute
INFO: I/O exception (java.io.IOException) caught when processing request to {}-&gt;unix://localhost:80: No such file or directory
Jun 02, 2018 7:44:40 AM org.apache.http.impl.execchain.RetryExec execute
INFO: Retrying request to {}-&gt;unix://localhost:80
</system-err>
  </testcase>
  <testcase classname="com.spotify.docker.client.DefaultDockerClientTest" name="testExtraHosts" time="0.019">
    <error type="java.lang.NullPointerException">java.lang.NullPointerException
	at com.spotify.docker.client.VersionCompare.compareVersion(VersionCompare.java:45)
	at com.spotify.docker.client.DefaultDockerClientTest.dockerApiVersionAtLeast(DefaultDockerClientTest.java:404)
	at com.spotify.docker.client.DefaultDockerClientTest.tearDown(DefaultDockerClientTest.java:356)
	at sun.reflect.GeneratedMethodAccessor11.invoke(Unknown Source)
	at sun.reflect.DelegatingMethodAccessorImpl.invoke(DelegatingMethodAccessorImpl.java:43)
	at java.lang.reflect.Method.invoke(Method.java:498)
	at org.junit.runners.model.FrameworkMethod$1.runReflectiveCall(FrameworkMethod.java:50)
	at org.junit.internal.runners.model.ReflectiveCallable.run(ReflectiveCallable.java:12)
	at org.junit.runners.model.FrameworkMethod.invokeExplosively(FrameworkMethod.java:47)
	at org.junit.internal.runners.statements.RunAfters.evaluate(RunAfters.java:33)
	at org.junit.rules.ExpectedException$ExpectedExceptionStatement.evaluate(ExpectedException.java:239)
	at org.junit.rules.TestWatcher$1.evaluate(TestWatcher.java:55)
	at org.junit.rules.RunRules.evaluate(RunRules.java:20)
	at org.junit.runners.ParentRunner.runLeaf(ParentRunner.java:325)
	at org.junit.runners.BlockJUnit4ClassRunner.runChild(BlockJUnit4ClassRunner.java:78)
	at org.junit.runners.BlockJUnit4ClassRunner.runChild(BlockJUnit4ClassRunner.java:57)
	at org.junit.runners.ParentRunner$3.run(ParentRunner.java:290)
	at org.junit.runners.ParentRunner$1.schedule(ParentRunner.java:71)
	at org.junit.runners.ParentRunner.runChildren(ParentRunner.java:288)
	at org.junit.runners.ParentRunner.access$000(ParentRunner.java:58)
	at org.junit.runners.ParentRunner$2.evaluate(ParentRunner.java:268)
	at org.junit.runners.ParentRunner.run(ParentRunner.java:363)
	at org.apache.maven.surefire.junit4.JUnit4Provider.execute(JUnit4Provider.java:252)
	at org.apache.maven.surefire.junit4.JUnit4Provider.executeTestSet(JUnit4Provider.java:141)
	at org.apache.maven.surefire.junit4.JUnit4Provider.invoke(JUnit4Provider.java:112)
	at sun.reflect.NativeMethodAccessorImpl.invoke0(Native Method)
	at sun.reflect.NativeMethodAccessorImpl.invoke(NativeMethodAccessorImpl.java:62)
	at sun.reflect.DelegatingMethodAccessorImpl.invoke(DelegatingMethodAccessorImpl.java:43)
	at java.lang.reflect.Method.invoke(Method.java:498)
	at org.apache.maven.surefire.util.ReflectionUtils.invokeMethodWithArray(ReflectionUtils.java:189)
	at org.apache.maven.surefire.booter.ProviderFactory$ProviderProxy.invoke(ProviderFactory.java:165)
	at org.apache.maven.surefire.booter.ProviderFactory.invokeProvider(ProviderFactory.java:85)
	at org.apache.maven.surefire.booter.ForkedBooter.runSuitesInProcess(ForkedBooter.java:115)
	at org.apache.maven.surefire.booter.ForkedBooter.main(ForkedBooter.java:75)
</error>
  </testcase>
  <testcase classname="com.spotify.docker.client.DefaultDockerClientTest" name="testContainerLabels" time="0.02">
    <error message="java.util.concurrent.ExecutionException: javax.ws.rs.ProcessingException: java.io.IOException: No such file or directory" type="com.spotify.docker.client.exceptions.DockerException">com.spotify.docker.client.exceptions.DockerException: java.util.concurrent.ExecutionException: javax.ws.rs.ProcessingException: java.io.IOException: No such file or directory
	at com.spotify.docker.client.DefaultDockerClient.propagate(DefaultDockerClient.java:2812)
	at com.spotify.docker.client.DefaultDockerClient.request(DefaultDockerClient.java:2676)
	at com.spotify.docker.client.DefaultDockerClient.version(DefaultDockerClient.java:572)
	at com.spotify.docker.client.DefaultDockerClientTest.setup(DefaultDockerClientTest.java:349)
	at sun.reflect.GeneratedMethodAccessor10.invoke(Unknown Source)
	at sun.reflect.DelegatingMethodAccessorImpl.invoke(DelegatingMethodAccessorImpl.java:43)
	at java.lang.reflect.Method.invoke(Method.java:498)
	at org.junit.runners.model.FrameworkMethod$1.runReflectiveCall(FrameworkMethod.java:50)
	at org.junit.internal.runners.model.ReflectiveCallable.run(ReflectiveCallable.java:12)
	at org.junit.runners.model.FrameworkMethod.invokeExplosively(FrameworkMethod.java:47)
	at org.junit.internal.runners.statements.RunBefores.evaluate(RunBefores.java:24)
	at org.junit.internal.runners.statements.RunAfters.evaluate(RunAfters.java:27)
	at org.junit.rules.ExpectedException$ExpectedExceptionStatement.evaluate(ExpectedException.java:239)
	at org.junit.rules.TestWatcher$1.evaluate(TestWatcher.java:55)
	at org.junit.rules.RunRules.evaluate(RunRules.java:20)
	at org.junit.runners.ParentRunner.runLeaf(ParentRunner.java:325)
	at org.junit.runners.BlockJUnit4ClassRunner.runChild(BlockJUnit4ClassRunner.java:78)
	at org.junit.runners.BlockJUnit4ClassRunner.runChild(BlockJUnit4ClassRunner.java:57)
	at org.junit.runners.ParentRunner$3.run(ParentRunner.java:290)
	at org.junit.runners.ParentRunner$1.schedule(ParentRunner.java:71)
	at org.junit.runners.ParentRunner.runChildren(ParentRunner.java:288)
	at org.junit.runners.ParentRunner.access$000(ParentRunner.java:58)
	at org.junit.runners.ParentRunner$2.evaluate(ParentRunner.java:268)
	at org.junit.runners.ParentRunner.run(ParentRunner.java:363)
	at org.apache.maven.surefire.junit4.JUnit4Provider.execute(JUnit4Provider.java:252)
	at org.apache.maven.surefire.junit4.JUnit4Provider.executeTestSet(JUnit4Provider.java:141)
	at org.apache.maven.surefire.junit4.JUnit4Provider.invoke(JUnit4Provider.java:112)
	at sun.reflect.NativeMethodAccessorImpl.invoke0(Native Method)
	at sun.reflect.NativeMethodAccessorImpl.invoke(NativeMethodAccessorImpl.java:62)
	at sun.reflect.DelegatingMethodAccessorImpl.invoke(DelegatingMethodAccessorImpl.java:43)
	at java.lang.reflect.Method.invoke(Method.java:498)
	at org.apache.maven.surefire.util.ReflectionUtils.invokeMethodWithArray(ReflectionUtils.java:189)
	at org.apache.maven.surefire.booter.ProviderFactory$ProviderProxy.invoke(ProviderFactory.java:165)
	at org.apache.maven.surefire.booter.ProviderFactory.invokeProvider(ProviderFactory.java:85)
	at org.apache.maven.surefire.booter.ForkedBooter.runSuitesInProcess(ForkedBooter.java:115)
	at org.apache.maven.surefire.booter.ForkedBooter.main(ForkedBooter.java:75)
Caused by: java.util.concurrent.ExecutionException: javax.ws.rs.ProcessingException: java.io.IOException: No such file or directory
	at jersey.repackaged.com.google.common.util.concurrent.AbstractFuture$Sync.getValue(AbstractFuture.java:299)
	at jersey.repackaged.com.google.common.util.concurrent.AbstractFuture$Sync.get(AbstractFuture.java:286)
	at jersey.repackaged.com.google.common.util.concurrent.AbstractFuture.get(AbstractFuture.java:116)
	at com.spotify.docker.client.DefaultDockerClient.request(DefaultDockerClient.java:2674)
	... 34 more
Caused by: javax.ws.rs.ProcessingException: java.io.IOException: No such file or directory
	at org.glassfish.jersey.apache.connector.ApacheConnector.apply(ApacheConnector.java:481)
	at org.glassfish.jersey.apache.connector.ApacheConnector$1.run(ApacheConnector.java:491)
	at java.util.concurrent.Executors$RunnableAdapter.call(Executors.java:511)
	at java.util.concurrent.FutureTask.run(FutureTask.java:266)
	at jersey.repackaged.com.google.common.util.concurrent.MoreExecutors$DirectExecutorService.execute(MoreExecutors.java:299)
	at java.util.concurrent.AbstractExecutorService.submit(AbstractExecutorService.java:112)
	at jersey.repackaged.com.google.common.util.concurrent.AbstractListeningExecutorService.submit(AbstractListeningExecutorService.java:50)
	at jersey.repackaged.com.google.common.util.concurrent.AbstractListeningExecutorService.submit(AbstractListeningExecutorService.java:37)
	at org.glassfish.jersey.apache.connector.ApacheConnector.apply(ApacheConnector.java:487)
	at org.glassfish.jersey.client.ClientRuntime$2.run(ClientRuntime.java:178)
	at org.glassfish.jersey.internal.Errors$1.call(Errors.java:271)
	at org.glassfish.jersey.internal.Errors$1.call(Errors.java:267)
	at org.glassfish.jersey.internal.Errors.process(Errors.java:315)
	at org.glassfish.jersey.internal.Errors.process(Errors.java:297)
	at org.glassfish.jersey.internal.Errors.process(Errors.java:267)
	at org.glassfish.jersey.process.internal.RequestScope.runInScope(RequestScope.java:340)
	at org.glassfish.jersey.client.ClientRuntime$3.run(ClientRuntime.java:210)
	at java.util.concurrent.Executors$RunnableAdapter.call(Executors.java:511)
	at java.util.concurrent.FutureTask.run(FutureTask.java:266)
	at java.util.concurrent.ThreadPoolExecutor.runWorker(ThreadPoolExecutor.java:1142)
	at java.util.concurrent.ThreadPoolExecutor$Worker.run(ThreadPoolExecutor.java:617)
	at java.lang.Thread.run(Thread.java:745)
Caused by: java.io.IOException: No such file or directory
	at jnr.unixsocket.UnixSocketChannel.doConnect(UnixSocketChannel.java:127)
	at jnr.unixsocket.UnixSocketChannel.connect(UnixSocketChannel.java:136)
	at jnr.unixsocket.UnixSocketChannel.connect(UnixSocketChannel.java:223)
	at com.spotify.docker.client.UnixConnectionSocketFactory.connectSocket(UnixConnectionSocketFactory.java:85)
	at org.apache.http.impl.conn.DefaultHttpClientConnectionOperator.connect(DefaultHttpClientConnectionOperator.java:134)
	at org.apache.http.impl.conn.PoolingHttpClientConnectionManager.connect(PoolingHttpClientConnectionManager.java:353)
	at org.apache.http.impl.execchain.MainClientExec.establishRoute(MainClientExec.java:380)
	at org.apache.http.impl.execchain.MainClientExec.execute(MainClientExec.java:236)
	at org.apache.http.impl.execchain.ProtocolExec.execute(ProtocolExec.java:184)
	at org.apache.http.impl.execchain.RetryExec.execute(RetryExec.java:88)
	at org.apache.http.impl.execchain.RedirectExec.execute(RedirectExec.java:110)
	at org.apache.http.impl.client.InternalHttpClient.doExecute(InternalHttpClient.java:184)
	at org.apache.http.impl.client.CloseableHttpClient.execute(CloseableHttpClient.java:71)
	at org.glassfish.jersey.apache.connector.ApacheConnector.apply(ApacheConnector.java:435)
	... 21 more
</error>
    <system-err>Jun 02, 2018 7:44:40 AM org.apache.http.impl.execchain.RetryExec execute
INFO: I/O exception (java.io.IOException) caught when processing request to {}-&gt;unix://localhost:80: No such file or directory
Jun 02, 2018 7:44:40 AM org.apache.http.impl.execchain.RetryExec execute
INFO: Retrying request to {}-&gt;unix://localhost:80
Jun 02, 2018 7:44:40 AM org.apache.http.impl.execchain.RetryExec execute
INFO: I/O exception (java.io.IOException) caught when processing request to {}-&gt;unix://localhost:80: No such file or directory
Jun 02, 2018 7:44:40 AM org.apache.http.impl.execchain.RetryExec execute
INFO: Retrying request to {}-&gt;unix://localhost:80
Jun 02, 2018 7:44:40 AM org.apache.http.impl.execchain.RetryExec execute
INFO: I/O exception (java.io.IOException) caught when processing request to {}-&gt;unix://localhost:80: No such file or directory
Jun 02, 2018 7:44:40 AM org.apache.http.impl.execchain.RetryExec execute
INFO: Retrying request to {}-&gt;unix://localhost:80
</system-err>
  </testcase>
  <testcase classname="com.spotify.docker.client.DefaultDockerClientTest" name="testContainerLabels" time="0.02">
    <error type="java.lang.NullPointerException">java.lang.NullPointerException
	at com.spotify.docker.client.VersionCompare.compareVersion(VersionCompare.java:45)
	at com.spotify.docker.client.DefaultDockerClientTest.dockerApiVersionAtLeast(DefaultDockerClientTest.java:404)
	at com.spotify.docker.client.DefaultDockerClientTest.tearDown(DefaultDockerClientTest.java:356)
	at sun.reflect.GeneratedMethodAccessor11.invoke(Unknown Source)
	at sun.reflect.DelegatingMethodAccessorImpl.invoke(DelegatingMethodAccessorImpl.java:43)
	at java.lang.reflect.Method.invoke(Method.java:498)
	at org.junit.runners.model.FrameworkMethod$1.runReflectiveCall(FrameworkMethod.java:50)
	at org.junit.internal.runners.model.ReflectiveCallable.run(ReflectiveCallable.java:12)
	at org.junit.runners.model.FrameworkMethod.invokeExplosively(FrameworkMethod.java:47)
	at org.junit.internal.runners.statements.RunAfters.evaluate(RunAfters.java:33)
	at org.junit.rules.ExpectedException$ExpectedExceptionStatement.evaluate(ExpectedException.java:239)
	at org.junit.rules.TestWatcher$1.evaluate(TestWatcher.java:55)
	at org.junit.rules.RunRules.evaluate(RunRules.java:20)
	at org.junit.runners.ParentRunner.runLeaf(ParentRunner.java:325)
	at org.junit.runners.BlockJUnit4ClassRunner.runChild(BlockJUnit4ClassRunner.java:78)
	at org.junit.runners.BlockJUnit4ClassRunner.runChild(BlockJUnit4ClassRunner.java:57)
	at org.junit.runners.ParentRunner$3.run(ParentRunner.java:290)
	at org.junit.runners.ParentRunner$1.schedule(ParentRunner.java:71)
	at org.junit.runners.ParentRunner.runChildren(ParentRunner.java:288)
	at org.junit.runners.ParentRunner.access$000(ParentRunner.java:58)
	at org.junit.runners.ParentRunner$2.evaluate(ParentRunner.java:268)
	at org.junit.runners.ParentRunner.run(ParentRunner.java:363)
	at org.apache.maven.surefire.junit4.JUnit4Provider.execute(JUnit4Provider.java:252)
	at org.apache.maven.surefire.junit4.JUnit4Provider.executeTestSet(JUnit4Provider.java:141)
	at org.apache.maven.surefire.junit4.JUnit4Provider.invoke(JUnit4Provider.java:112)
	at sun.reflect.NativeMethodAccessorImpl.invoke0(Native Method)
	at sun.reflect.NativeMethodAccessorImpl.invoke(NativeMethodAccessorImpl.java:62)
	at sun.reflect.DelegatingMethodAccessorImpl.invoke(DelegatingMethodAccessorImpl.java:43)
	at java.lang.reflect.Method.invoke(Method.java:498)
	at org.apache.maven.surefire.util.ReflectionUtils.invokeMethodWithArray(ReflectionUtils.java:189)
	at org.apache.maven.surefire.booter.ProviderFactory$ProviderProxy.invoke(ProviderFactory.java:165)
	at org.apache.maven.surefire.booter.ProviderFactory.invokeProvider(ProviderFactory.java:85)
	at org.apache.maven.surefire.booter.ForkedBooter.runSuitesInProcess(ForkedBooter.java:115)
	at org.apache.maven.surefire.booter.ForkedBooter.main(ForkedBooter.java:75)
</error>
  </testcase>
  <testcase classname="com.spotify.docker.client.DefaultDockerClientTest" name="testArchiveContainer" time="0.02">
    <error message="java.util.concurrent.ExecutionException: javax.ws.rs.ProcessingException: java.io.IOException: No such file or directory" type="com.spotify.docker.client.exceptions.DockerException">com.spotify.docker.client.exceptions.DockerException: java.util.concurrent.ExecutionException: javax.ws.rs.ProcessingException: java.io.IOException: No such file or directory
	at com.spotify.docker.client.DefaultDockerClient.propagate(DefaultDockerClient.java:2812)
	at com.spotify.docker.client.DefaultDockerClient.request(DefaultDockerClient.java:2676)
	at com.spotify.docker.client.DefaultDockerClient.version(DefaultDockerClient.java:572)
	at com.spotify.docker.client.DefaultDockerClientTest.setup(DefaultDockerClientTest.java:349)
	at sun.reflect.GeneratedMethodAccessor10.invoke(Unknown Source)
	at sun.reflect.DelegatingMethodAccessorImpl.invoke(DelegatingMethodAccessorImpl.java:43)
	at java.lang.reflect.Method.invoke(Method.java:498)
	at org.junit.runners.model.FrameworkMethod$1.runReflectiveCall(FrameworkMethod.java:50)
	at org.junit.internal.runners.model.ReflectiveCallable.run(ReflectiveCallable.java:12)
	at org.junit.runners.model.FrameworkMethod.invokeExplosively(FrameworkMethod.java:47)
	at org.junit.internal.runners.statements.RunBefores.evaluate(RunBefores.java:24)
	at org.junit.internal.runners.statements.RunAfters.evaluate(RunAfters.java:27)
	at org.junit.rules.ExpectedException$ExpectedExceptionStatement.evaluate(ExpectedException.java:239)
	at org.junit.rules.TestWatcher$1.evaluate(TestWatcher.java:55)
	at org.junit.rules.RunRules.evaluate(RunRules.java:20)
	at org.junit.runners.ParentRunner.runLeaf(ParentRunner.java:325)
	at org.junit.runners.BlockJUnit4ClassRunner.runChild(BlockJUnit4ClassRunner.java:78)
	at org.junit.runners.BlockJUnit4ClassRunner.runChild(BlockJUnit4ClassRunner.java:57)
	at org.junit.runners.ParentRunner$3.run(ParentRunner.java:290)
	at org.junit.runners.ParentRunner$1.schedule(ParentRunner.java:71)
	at org.junit.runners.ParentRunner.runChildren(ParentRunner.java:288)
	at org.junit.runners.ParentRunner.access$000(ParentRunner.java:58)
	at org.junit.runners.ParentRunner$2.evaluate(ParentRunner.java:268)
	at org.junit.runners.ParentRunner.run(ParentRunner.java:363)
	at org.apache.maven.surefire.junit4.JUnit4Provider.execute(JUnit4Provider.java:252)
	at org.apache.maven.surefire.junit4.JUnit4Provider.executeTestSet(JUnit4Provider.java:141)
	at org.apache.maven.surefire.junit4.JUnit4Provider.invoke(JUnit4Provider.java:112)
	at sun.reflect.NativeMethodAccessorImpl.invoke0(Native Method)
	at sun.reflect.NativeMethodAccessorImpl.invoke(NativeMethodAccessorImpl.java:62)
	at sun.reflect.DelegatingMethodAccessorImpl.invoke(DelegatingMethodAccessorImpl.java:43)
	at java.lang.reflect.Method.invoke(Method.java:498)
	at org.apache.maven.surefire.util.ReflectionUtils.invokeMethodWithArray(ReflectionUtils.java:189)
	at org.apache.maven.surefire.booter.ProviderFactory$ProviderProxy.invoke(ProviderFactory.java:165)
	at org.apache.maven.surefire.booter.ProviderFactory.invokeProvider(ProviderFactory.java:85)
	at org.apache.maven.surefire.booter.ForkedBooter.runSuitesInProcess(ForkedBooter.java:115)
	at org.apache.maven.surefire.booter.ForkedBooter.main(ForkedBooter.java:75)
Caused by: java.util.concurrent.ExecutionException: javax.ws.rs.ProcessingException: java.io.IOException: No such file or directory
	at jersey.repackaged.com.google.common.util.concurrent.AbstractFuture$Sync.getValue(AbstractFuture.java:299)
	at jersey.repackaged.com.google.common.util.concurrent.AbstractFuture$Sync.get(AbstractFuture.java:286)
	at jersey.repackaged.com.google.common.util.concurrent.AbstractFuture.get(AbstractFuture.java:116)
	at com.spotify.docker.client.DefaultDockerClient.request(DefaultDockerClient.java:2674)
	... 34 more
Caused by: javax.ws.rs.ProcessingException: java.io.IOException: No such file or directory
	at org.glassfish.jersey.apache.connector.ApacheConnector.apply(ApacheConnector.java:481)
	at org.glassfish.jersey.apache.connector.ApacheConnector$1.run(ApacheConnector.java:491)
	at java.util.concurrent.Executors$RunnableAdapter.call(Executors.java:511)
	at java.util.concurrent.FutureTask.run(FutureTask.java:266)
	at jersey.repackaged.com.google.common.util.concurrent.MoreExecutors$DirectExecutorService.execute(MoreExecutors.java:299)
	at java.util.concurrent.AbstractExecutorService.submit(AbstractExecutorService.java:112)
	at jersey.repackaged.com.google.common.util.concurrent.AbstractListeningExecutorService.submit(AbstractListeningExecutorService.java:50)
	at jersey.repackaged.com.google.common.util.concurrent.AbstractListeningExecutorService.submit(AbstractListeningExecutorService.java:37)
	at org.glassfish.jersey.apache.connector.ApacheConnector.apply(ApacheConnector.java:487)
	at org.glassfish.jersey.client.ClientRuntime$2.run(ClientRuntime.java:178)
	at org.glassfish.jersey.internal.Errors$1.call(Errors.java:271)
	at org.glassfish.jersey.internal.Errors$1.call(Errors.java:267)
	at org.glassfish.jersey.internal.Errors.process(Errors.java:315)
	at org.glassfish.jersey.internal.Errors.process(Errors.java:297)
	at org.glassfish.jersey.internal.Errors.process(Errors.java:267)
	at org.glassfish.jersey.process.internal.RequestScope.runInScope(RequestScope.java:340)
	at org.glassfish.jersey.client.ClientRuntime$3.run(ClientRuntime.java:210)
	at java.util.concurrent.Executors$RunnableAdapter.call(Executors.java:511)
	at java.util.concurrent.FutureTask.run(FutureTask.java:266)
	at java.util.concurrent.ThreadPoolExecutor.runWorker(ThreadPoolExecutor.java:1142)
	at java.util.concurrent.ThreadPoolExecutor$Worker.run(ThreadPoolExecutor.java:617)
	at java.lang.Thread.run(Thread.java:745)
Caused by: java.io.IOException: No such file or directory
	at jnr.unixsocket.UnixSocketChannel.doConnect(UnixSocketChannel.java:127)
	at jnr.unixsocket.UnixSocketChannel.connect(UnixSocketChannel.java:136)
	at jnr.unixsocket.UnixSocketChannel.connect(UnixSocketChannel.java:223)
	at com.spotify.docker.client.UnixConnectionSocketFactory.connectSocket(UnixConnectionSocketFactory.java:85)
	at org.apache.http.impl.conn.DefaultHttpClientConnectionOperator.connect(DefaultHttpClientConnectionOperator.java:134)
	at org.apache.http.impl.conn.PoolingHttpClientConnectionManager.connect(PoolingHttpClientConnectionManager.java:353)
	at org.apache.http.impl.execchain.MainClientExec.establishRoute(MainClientExec.java:380)
	at org.apache.http.impl.execchain.MainClientExec.execute(MainClientExec.java:236)
	at org.apache.http.impl.execchain.ProtocolExec.execute(ProtocolExec.java:184)
	at org.apache.http.impl.execchain.RetryExec.execute(RetryExec.java:88)
	at org.apache.http.impl.execchain.RedirectExec.execute(RedirectExec.java:110)
	at org.apache.http.impl.client.InternalHttpClient.doExecute(InternalHttpClient.java:184)
	at org.apache.http.impl.client.CloseableHttpClient.execute(CloseableHttpClient.java:71)
	at org.glassfish.jersey.apache.connector.ApacheConnector.apply(ApacheConnector.java:435)
	... 21 more
</error>
    <system-err>Jun 02, 2018 7:44:40 AM org.apache.http.impl.execchain.RetryExec execute
INFO: I/O exception (java.io.IOException) caught when processing request to {}-&gt;unix://localhost:80: No such file or directory
Jun 02, 2018 7:44:40 AM org.apache.http.impl.execchain.RetryExec execute
INFO: Retrying request to {}-&gt;unix://localhost:80
Jun 02, 2018 7:44:40 AM org.apache.http.impl.execchain.RetryExec execute
INFO: I/O exception (java.io.IOException) caught when processing request to {}-&gt;unix://localhost:80: No such file or directory
Jun 02, 2018 7:44:40 AM org.apache.http.impl.execchain.RetryExec execute
INFO: Retrying request to {}-&gt;unix://localhost:80
Jun 02, 2018 7:44:40 AM org.apache.http.impl.execchain.RetryExec execute
INFO: I/O exception (java.io.IOException) caught when processing request to {}-&gt;unix://localhost:80: No such file or directory
Jun 02, 2018 7:44:40 AM org.apache.http.impl.execchain.RetryExec execute
INFO: Retrying request to {}-&gt;unix://localhost:80
</system-err>
  </testcase>
  <testcase classname="com.spotify.docker.client.DefaultDockerClientTest" name="testArchiveContainer" time="0.02">
    <error type="java.lang.NullPointerException">java.lang.NullPointerException
	at com.spotify.docker.client.VersionCompare.compareVersion(VersionCompare.java:45)
	at com.spotify.docker.client.DefaultDockerClientTest.dockerApiVersionAtLeast(DefaultDockerClientTest.java:404)
	at com.spotify.docker.client.DefaultDockerClientTest.tearDown(DefaultDockerClientTest.java:356)
	at sun.reflect.GeneratedMethodAccessor11.invoke(Unknown Source)
	at sun.reflect.DelegatingMethodAccessorImpl.invoke(DelegatingMethodAccessorImpl.java:43)
	at java.lang.reflect.Method.invoke(Method.java:498)
	at org.junit.runners.model.FrameworkMethod$1.runReflectiveCall(FrameworkMethod.java:50)
	at org.junit.internal.runners.model.ReflectiveCallable.run(ReflectiveCallable.java:12)
	at org.junit.runners.model.FrameworkMethod.invokeExplosively(FrameworkMethod.java:47)
	at org.junit.internal.runners.statements.RunAfters.evaluate(RunAfters.java:33)
	at org.junit.rules.ExpectedException$ExpectedExceptionStatement.evaluate(ExpectedException.java:239)
	at org.junit.rules.TestWatcher$1.evaluate(TestWatcher.java:55)
	at org.junit.rules.RunRules.evaluate(RunRules.java:20)
	at org.junit.runners.ParentRunner.runLeaf(ParentRunner.java:325)
	at org.junit.runners.BlockJUnit4ClassRunner.runChild(BlockJUnit4ClassRunner.java:78)
	at org.junit.runners.BlockJUnit4ClassRunner.runChild(BlockJUnit4ClassRunner.java:57)
	at org.junit.runners.ParentRunner$3.run(ParentRunner.java:290)
	at org.junit.runners.ParentRunner$1.schedule(ParentRunner.java:71)
	at org.junit.runners.ParentRunner.runChildren(ParentRunner.java:288)
	at org.junit.runners.ParentRunner.access$000(ParentRunner.java:58)
	at org.junit.runners.ParentRunner$2.evaluate(ParentRunner.java:268)
	at org.junit.runners.ParentRunner.run(ParentRunner.java:363)
	at org.apache.maven.surefire.junit4.JUnit4Provider.execute(JUnit4Provider.java:252)
	at org.apache.maven.surefire.junit4.JUnit4Provider.executeTestSet(JUnit4Provider.java:141)
	at org.apache.maven.surefire.junit4.JUnit4Provider.invoke(JUnit4Provider.java:112)
	at sun.reflect.NativeMethodAccessorImpl.invoke0(Native Method)
	at sun.reflect.NativeMethodAccessorImpl.invoke(NativeMethodAccessorImpl.java:62)
	at sun.reflect.DelegatingMethodAccessorImpl.invoke(DelegatingMethodAccessorImpl.java:43)
	at java.lang.reflect.Method.invoke(Method.java:498)
	at org.apache.maven.surefire.util.ReflectionUtils.invokeMethodWithArray(ReflectionUtils.java:189)
	at org.apache.maven.surefire.booter.ProviderFactory$ProviderProxy.invoke(ProviderFactory.java:165)
	at org.apache.maven.surefire.booter.ProviderFactory.invokeProvider(ProviderFactory.java:85)
	at org.apache.maven.surefire.booter.ForkedBooter.runSuitesInProcess(ForkedBooter.java:115)
	at org.apache.maven.surefire.booter.ForkedBooter.main(ForkedBooter.java:75)
</error>
  </testcase>
  <testcase classname="com.spotify.docker.client.DefaultDockerClientTest" name="testStorageOpt" time="0.02">
    <error message="java.util.concurrent.ExecutionException: javax.ws.rs.ProcessingException: java.io.IOException: No such file or directory" type="com.spotify.docker.client.exceptions.DockerException">com.spotify.docker.client.exceptions.DockerException: java.util.concurrent.ExecutionException: javax.ws.rs.ProcessingException: java.io.IOException: No such file or directory
	at com.spotify.docker.client.DefaultDockerClient.propagate(DefaultDockerClient.java:2812)
	at com.spotify.docker.client.DefaultDockerClient.request(DefaultDockerClient.java:2676)
	at com.spotify.docker.client.DefaultDockerClient.version(DefaultDockerClient.java:572)
	at com.spotify.docker.client.DefaultDockerClientTest.setup(DefaultDockerClientTest.java:349)
	at sun.reflect.GeneratedMethodAccessor10.invoke(Unknown Source)
	at sun.reflect.DelegatingMethodAccessorImpl.invoke(DelegatingMethodAccessorImpl.java:43)
	at java.lang.reflect.Method.invoke(Method.java:498)
	at org.junit.runners.model.FrameworkMethod$1.runReflectiveCall(FrameworkMethod.java:50)
	at org.junit.internal.runners.model.ReflectiveCallable.run(ReflectiveCallable.java:12)
	at org.junit.runners.model.FrameworkMethod.invokeExplosively(FrameworkMethod.java:47)
	at org.junit.internal.runners.statements.RunBefores.evaluate(RunBefores.java:24)
	at org.junit.internal.runners.statements.RunAfters.evaluate(RunAfters.java:27)
	at org.junit.rules.ExpectedException$ExpectedExceptionStatement.evaluate(ExpectedException.java:239)
	at org.junit.rules.TestWatcher$1.evaluate(TestWatcher.java:55)
	at org.junit.rules.RunRules.evaluate(RunRules.java:20)
	at org.junit.runners.ParentRunner.runLeaf(ParentRunner.java:325)
	at org.junit.runners.BlockJUnit4ClassRunner.runChild(BlockJUnit4ClassRunner.java:78)
	at org.junit.runners.BlockJUnit4ClassRunner.runChild(BlockJUnit4ClassRunner.java:57)
	at org.junit.runners.ParentRunner$3.run(ParentRunner.java:290)
	at org.junit.runners.ParentRunner$1.schedule(ParentRunner.java:71)
	at org.junit.runners.ParentRunner.runChildren(ParentRunner.java:288)
	at org.junit.runners.ParentRunner.access$000(ParentRunner.java:58)
	at org.junit.runners.ParentRunner$2.evaluate(ParentRunner.java:268)
	at org.junit.runners.ParentRunner.run(ParentRunner.java:363)
	at org.apache.maven.surefire.junit4.JUnit4Provider.execute(JUnit4Provider.java:252)
	at org.apache.maven.surefire.junit4.JUnit4Provider.executeTestSet(JUnit4Provider.java:141)
	at org.apache.maven.surefire.junit4.JUnit4Provider.invoke(JUnit4Provider.java:112)
	at sun.reflect.NativeMethodAccessorImpl.invoke0(Native Method)
	at sun.reflect.NativeMethodAccessorImpl.invoke(NativeMethodAccessorImpl.java:62)
	at sun.reflect.DelegatingMethodAccessorImpl.invoke(DelegatingMethodAccessorImpl.java:43)
	at java.lang.reflect.Method.invoke(Method.java:498)
	at org.apache.maven.surefire.util.ReflectionUtils.invokeMethodWithArray(ReflectionUtils.java:189)
	at org.apache.maven.surefire.booter.ProviderFactory$ProviderProxy.invoke(ProviderFactory.java:165)
	at org.apache.maven.surefire.booter.ProviderFactory.invokeProvider(ProviderFactory.java:85)
	at org.apache.maven.surefire.booter.ForkedBooter.runSuitesInProcess(ForkedBooter.java:115)
	at org.apache.maven.surefire.booter.ForkedBooter.main(ForkedBooter.java:75)
Caused by: java.util.concurrent.ExecutionException: javax.ws.rs.ProcessingException: java.io.IOException: No such file or directory
	at jersey.repackaged.com.google.common.util.concurrent.AbstractFuture$Sync.getValue(AbstractFuture.java:299)
	at jersey.repackaged.com.google.common.util.concurrent.AbstractFuture$Sync.get(AbstractFuture.java:286)
	at jersey.repackaged.com.google.common.util.concurrent.AbstractFuture.get(AbstractFuture.java:116)
	at com.spotify.docker.client.DefaultDockerClient.request(DefaultDockerClient.java:2674)
	... 34 more
Caused by: javax.ws.rs.ProcessingException: java.io.IOException: No such file or directory
	at org.glassfish.jersey.apache.connector.ApacheConnector.apply(ApacheConnector.java:481)
	at org.glassfish.jersey.apache.connector.ApacheConnector$1.run(ApacheConnector.java:491)
	at java.util.concurrent.Executors$RunnableAdapter.call(Executors.java:511)
	at java.util.concurrent.FutureTask.run(FutureTask.java:266)
	at jersey.repackaged.com.google.common.util.concurrent.MoreExecutors$DirectExecutorService.execute(MoreExecutors.java:299)
	at java.util.concurrent.AbstractExecutorService.submit(AbstractExecutorService.java:112)
	at jersey.repackaged.com.google.common.util.concurrent.AbstractListeningExecutorService.submit(AbstractListeningExecutorService.java:50)
	at jersey.repackaged.com.google.common.util.concurrent.AbstractListeningExecutorService.submit(AbstractListeningExecutorService.java:37)
	at org.glassfish.jersey.apache.connector.ApacheConnector.apply(ApacheConnector.java:487)
	at org.glassfish.jersey.client.ClientRuntime$2.run(ClientRuntime.java:178)
	at org.glassfish.jersey.internal.Errors$1.call(Errors.java:271)
	at org.glassfish.jersey.internal.Errors$1.call(Errors.java:267)
	at org.glassfish.jersey.internal.Errors.process(Errors.java:315)
	at org.glassfish.jersey.internal.Errors.process(Errors.java:297)
	at org.glassfish.jersey.internal.Errors.process(Errors.java:267)
	at org.glassfish.jersey.process.internal.RequestScope.runInScope(RequestScope.java:340)
	at org.glassfish.jersey.client.ClientRuntime$3.run(ClientRuntime.java:210)
	at java.util.concurrent.Executors$RunnableAdapter.call(Executors.java:511)
	at java.util.concurrent.FutureTask.run(FutureTask.java:266)
	at java.util.concurrent.ThreadPoolExecutor.runWorker(ThreadPoolExecutor.java:1142)
	at java.util.concurrent.ThreadPoolExecutor$Worker.run(ThreadPoolExecutor.java:617)
	at java.lang.Thread.run(Thread.java:745)
Caused by: java.io.IOException: No such file or directory
	at jnr.unixsocket.UnixSocketChannel.doConnect(UnixSocketChannel.java:127)
	at jnr.unixsocket.UnixSocketChannel.connect(UnixSocketChannel.java:136)
	at jnr.unixsocket.UnixSocketChannel.connect(UnixSocketChannel.java:223)
	at com.spotify.docker.client.UnixConnectionSocketFactory.connectSocket(UnixConnectionSocketFactory.java:85)
	at org.apache.http.impl.conn.DefaultHttpClientConnectionOperator.connect(DefaultHttpClientConnectionOperator.java:134)
	at org.apache.http.impl.conn.PoolingHttpClientConnectionManager.connect(PoolingHttpClientConnectionManager.java:353)
	at org.apache.http.impl.execchain.MainClientExec.establishRoute(MainClientExec.java:380)
	at org.apache.http.impl.execchain.MainClientExec.execute(MainClientExec.java:236)
	at org.apache.http.impl.execchain.ProtocolExec.execute(ProtocolExec.java:184)
	at org.apache.http.impl.execchain.RetryExec.execute(RetryExec.java:88)
	at org.apache.http.impl.execchain.RedirectExec.execute(RedirectExec.java:110)
	at org.apache.http.impl.client.InternalHttpClient.doExecute(InternalHttpClient.java:184)
	at org.apache.http.impl.client.CloseableHttpClient.execute(CloseableHttpClient.java:71)
	at org.glassfish.jersey.apache.connector.ApacheConnector.apply(ApacheConnector.java:435)
	... 21 more
</error>
    <system-err>Jun 02, 2018 7:44:40 AM org.apache.http.impl.execchain.RetryExec execute
INFO: I/O exception (java.io.IOException) caught when processing request to {}-&gt;unix://localhost:80: No such file or directory
Jun 02, 2018 7:44:40 AM org.apache.http.impl.execchain.RetryExec execute
INFO: Retrying request to {}-&gt;unix://localhost:80
Jun 02, 2018 7:44:40 AM org.apache.http.impl.execchain.RetryExec execute
INFO: I/O exception (java.io.IOException) caught when processing request to {}-&gt;unix://localhost:80: No such file or directory
Jun 02, 2018 7:44:40 AM org.apache.http.impl.execchain.RetryExec execute
INFO: Retrying request to {}-&gt;unix://localhost:80
Jun 02, 2018 7:44:40 AM org.apache.http.impl.execchain.RetryExec execute
INFO: I/O exception (java.io.IOException) caught when processing request to {}-&gt;unix://localhost:80: No such file or directory
Jun 02, 2018 7:44:40 AM org.apache.http.impl.execchain.RetryExec execute
INFO: Retrying request to {}-&gt;unix://localhost:80
</system-err>
  </testcase>
  <testcase classname="com.spotify.docker.client.DefaultDockerClientTest" name="testStorageOpt" time="0.02">
    <error type="java.lang.NullPointerException">java.lang.NullPointerException
	at com.spotify.docker.client.VersionCompare.compareVersion(VersionCompare.java:45)
	at com.spotify.docker.client.DefaultDockerClientTest.dockerApiVersionAtLeast(DefaultDockerClientTest.java:404)
	at com.spotify.docker.client.DefaultDockerClientTest.tearDown(DefaultDockerClientTest.java:356)
	at sun.reflect.GeneratedMethodAccessor11.invoke(Unknown Source)
	at sun.reflect.DelegatingMethodAccessorImpl.invoke(DelegatingMethodAccessorImpl.java:43)
	at java.lang.reflect.Method.invoke(Method.java:498)
	at org.junit.runners.model.FrameworkMethod$1.runReflectiveCall(FrameworkMethod.java:50)
	at org.junit.internal.runners.model.ReflectiveCallable.run(ReflectiveCallable.java:12)
	at org.junit.runners.model.FrameworkMethod.invokeExplosively(FrameworkMethod.java:47)
	at org.junit.internal.runners.statements.RunAfters.evaluate(RunAfters.java:33)
	at org.junit.rules.ExpectedException$ExpectedExceptionStatement.evaluate(ExpectedException.java:239)
	at org.junit.rules.TestWatcher$1.evaluate(TestWatcher.java:55)
	at org.junit.rules.RunRules.evaluate(RunRules.java:20)
	at org.junit.runners.ParentRunner.runLeaf(ParentRunner.java:325)
	at org.junit.runners.BlockJUnit4ClassRunner.runChild(BlockJUnit4ClassRunner.java:78)
	at org.junit.runners.BlockJUnit4ClassRunner.runChild(BlockJUnit4ClassRunner.java:57)
	at org.junit.runners.ParentRunner$3.run(ParentRunner.java:290)
	at org.junit.runners.ParentRunner$1.schedule(ParentRunner.java:71)
	at org.junit.runners.ParentRunner.runChildren(ParentRunner.java:288)
	at org.junit.runners.ParentRunner.access$000(ParentRunner.java:58)
	at org.junit.runners.ParentRunner$2.evaluate(ParentRunner.java:268)
	at org.junit.runners.ParentRunner.run(ParentRunner.java:363)
	at org.apache.maven.surefire.junit4.JUnit4Provider.execute(JUnit4Provider.java:252)
	at org.apache.maven.surefire.junit4.JUnit4Provider.executeTestSet(JUnit4Provider.java:141)
	at org.apache.maven.surefire.junit4.JUnit4Provider.invoke(JUnit4Provider.java:112)
	at sun.reflect.NativeMethodAccessorImpl.invoke0(Native Method)
	at sun.reflect.NativeMethodAccessorImpl.invoke(NativeMethodAccessorImpl.java:62)
	at sun.reflect.DelegatingMethodAccessorImpl.invoke(DelegatingMethodAccessorImpl.java:43)
	at java.lang.reflect.Method.invoke(Method.java:498)
	at org.apache.maven.surefire.util.ReflectionUtils.invokeMethodWithArray(ReflectionUtils.java:189)
	at org.apache.maven.surefire.booter.ProviderFactory$ProviderProxy.invoke(ProviderFactory.java:165)
	at org.apache.maven.surefire.booter.ProviderFactory.invokeProvider(ProviderFactory.java:85)
	at org.apache.maven.surefire.booter.ForkedBooter.runSuitesInProcess(ForkedBooter.java:115)
	at org.apache.maven.surefire.booter.ForkedBooter.main(ForkedBooter.java:75)
</error>
  </testcase>
  <testcase classname="com.spotify.docker.client.DefaultDockerClientTest" name="testTagBadImage" time="0.02">
    <error message="java.util.concurrent.ExecutionException: javax.ws.rs.ProcessingException: java.io.IOException: No such file or directory" type="com.spotify.docker.client.exceptions.DockerException">com.spotify.docker.client.exceptions.DockerException: java.util.concurrent.ExecutionException: javax.ws.rs.ProcessingException: java.io.IOException: No such file or directory
	at com.spotify.docker.client.DefaultDockerClient.propagate(DefaultDockerClient.java:2812)
	at com.spotify.docker.client.DefaultDockerClient.request(DefaultDockerClient.java:2676)
	at com.spotify.docker.client.DefaultDockerClient.version(DefaultDockerClient.java:572)
	at com.spotify.docker.client.DefaultDockerClientTest.setup(DefaultDockerClientTest.java:349)
	at sun.reflect.GeneratedMethodAccessor10.invoke(Unknown Source)
	at sun.reflect.DelegatingMethodAccessorImpl.invoke(DelegatingMethodAccessorImpl.java:43)
	at java.lang.reflect.Method.invoke(Method.java:498)
	at org.junit.runners.model.FrameworkMethod$1.runReflectiveCall(FrameworkMethod.java:50)
	at org.junit.internal.runners.model.ReflectiveCallable.run(ReflectiveCallable.java:12)
	at org.junit.runners.model.FrameworkMethod.invokeExplosively(FrameworkMethod.java:47)
	at org.junit.internal.runners.statements.RunBefores.evaluate(RunBefores.java:24)
	at org.junit.internal.runners.statements.RunAfters.evaluate(RunAfters.java:27)
	at org.junit.rules.ExpectedException$ExpectedExceptionStatement.evaluate(ExpectedException.java:239)
	at org.junit.rules.TestWatcher$1.evaluate(TestWatcher.java:55)
	at org.junit.rules.RunRules.evaluate(RunRules.java:20)
	at org.junit.runners.ParentRunner.runLeaf(ParentRunner.java:325)
	at org.junit.runners.BlockJUnit4ClassRunner.runChild(BlockJUnit4ClassRunner.java:78)
	at org.junit.runners.BlockJUnit4ClassRunner.runChild(BlockJUnit4ClassRunner.java:57)
	at org.junit.runners.ParentRunner$3.run(ParentRunner.java:290)
	at org.junit.runners.ParentRunner$1.schedule(ParentRunner.java:71)
	at org.junit.runners.ParentRunner.runChildren(ParentRunner.java:288)
	at org.junit.runners.ParentRunner.access$000(ParentRunner.java:58)
	at org.junit.runners.ParentRunner$2.evaluate(ParentRunner.java:268)
	at org.junit.runners.ParentRunner.run(ParentRunner.java:363)
	at org.apache.maven.surefire.junit4.JUnit4Provider.execute(JUnit4Provider.java:252)
	at org.apache.maven.surefire.junit4.JUnit4Provider.executeTestSet(JUnit4Provider.java:141)
	at org.apache.maven.surefire.junit4.JUnit4Provider.invoke(JUnit4Provider.java:112)
	at sun.reflect.NativeMethodAccessorImpl.invoke0(Native Method)
	at sun.reflect.NativeMethodAccessorImpl.invoke(NativeMethodAccessorImpl.java:62)
	at sun.reflect.DelegatingMethodAccessorImpl.invoke(DelegatingMethodAccessorImpl.java:43)
	at java.lang.reflect.Method.invoke(Method.java:498)
	at org.apache.maven.surefire.util.ReflectionUtils.invokeMethodWithArray(ReflectionUtils.java:189)
	at org.apache.maven.surefire.booter.ProviderFactory$ProviderProxy.invoke(ProviderFactory.java:165)
	at org.apache.maven.surefire.booter.ProviderFactory.invokeProvider(ProviderFactory.java:85)
	at org.apache.maven.surefire.booter.ForkedBooter.runSuitesInProcess(ForkedBooter.java:115)
	at org.apache.maven.surefire.booter.ForkedBooter.main(ForkedBooter.java:75)
Caused by: java.util.concurrent.ExecutionException: javax.ws.rs.ProcessingException: java.io.IOException: No such file or directory
	at jersey.repackaged.com.google.common.util.concurrent.AbstractFuture$Sync.getValue(AbstractFuture.java:299)
	at jersey.repackaged.com.google.common.util.concurrent.AbstractFuture$Sync.get(AbstractFuture.java:286)
	at jersey.repackaged.com.google.common.util.concurrent.AbstractFuture.get(AbstractFuture.java:116)
	at com.spotify.docker.client.DefaultDockerClient.request(DefaultDockerClient.java:2674)
	... 34 more
Caused by: javax.ws.rs.ProcessingException: java.io.IOException: No such file or directory
	at org.glassfish.jersey.apache.connector.ApacheConnector.apply(ApacheConnector.java:481)
	at org.glassfish.jersey.apache.connector.ApacheConnector$1.run(ApacheConnector.java:491)
	at java.util.concurrent.Executors$RunnableAdapter.call(Executors.java:511)
	at java.util.concurrent.FutureTask.run(FutureTask.java:266)
	at jersey.repackaged.com.google.common.util.concurrent.MoreExecutors$DirectExecutorService.execute(MoreExecutors.java:299)
	at java.util.concurrent.AbstractExecutorService.submit(AbstractExecutorService.java:112)
	at jersey.repackaged.com.google.common.util.concurrent.AbstractListeningExecutorService.submit(AbstractListeningExecutorService.java:50)
	at jersey.repackaged.com.google.common.util.concurrent.AbstractListeningExecutorService.submit(AbstractListeningExecutorService.java:37)
	at org.glassfish.jersey.apache.connector.ApacheConnector.apply(ApacheConnector.java:487)
	at org.glassfish.jersey.client.ClientRuntime$2.run(ClientRuntime.java:178)
	at org.glassfish.jersey.internal.Errors$1.call(Errors.java:271)
	at org.glassfish.jersey.internal.Errors$1.call(Errors.java:267)
	at org.glassfish.jersey.internal.Errors.process(Errors.java:315)
	at org.glassfish.jersey.internal.Errors.process(Errors.java:297)
	at org.glassfish.jersey.internal.Errors.process(Errors.java:267)
	at org.glassfish.jersey.process.internal.RequestScope.runInScope(RequestScope.java:340)
	at org.glassfish.jersey.client.ClientRuntime$3.run(ClientRuntime.java:210)
	at java.util.concurrent.Executors$RunnableAdapter.call(Executors.java:511)
	at java.util.concurrent.FutureTask.run(FutureTask.java:266)
	at java.util.concurrent.ThreadPoolExecutor.runWorker(ThreadPoolExecutor.java:1142)
	at java.util.concurrent.ThreadPoolExecutor$Worker.run(ThreadPoolExecutor.java:617)
	at java.lang.Thread.run(Thread.java:745)
Caused by: java.io.IOException: No such file or directory
	at jnr.unixsocket.UnixSocketChannel.doConnect(UnixSocketChannel.java:127)
	at jnr.unixsocket.UnixSocketChannel.connect(UnixSocketChannel.java:136)
	at jnr.unixsocket.UnixSocketChannel.connect(UnixSocketChannel.java:223)
	at com.spotify.docker.client.UnixConnectionSocketFactory.connectSocket(UnixConnectionSocketFactory.java:85)
	at org.apache.http.impl.conn.DefaultHttpClientConnectionOperator.connect(DefaultHttpClientConnectionOperator.java:134)
	at org.apache.http.impl.conn.PoolingHttpClientConnectionManager.connect(PoolingHttpClientConnectionManager.java:353)
	at org.apache.http.impl.execchain.MainClientExec.establishRoute(MainClientExec.java:380)
	at org.apache.http.impl.execchain.MainClientExec.execute(MainClientExec.java:236)
	at org.apache.http.impl.execchain.ProtocolExec.execute(ProtocolExec.java:184)
	at org.apache.http.impl.execchain.RetryExec.execute(RetryExec.java:88)
	at org.apache.http.impl.execchain.RedirectExec.execute(RedirectExec.java:110)
	at org.apache.http.impl.client.InternalHttpClient.doExecute(InternalHttpClient.java:184)
	at org.apache.http.impl.client.CloseableHttpClient.execute(CloseableHttpClient.java:71)
	at org.glassfish.jersey.apache.connector.ApacheConnector.apply(ApacheConnector.java:435)
	... 21 more
</error>
    <system-err>Jun 02, 2018 7:44:40 AM org.apache.http.impl.execchain.RetryExec execute
INFO: I/O exception (java.io.IOException) caught when processing request to {}-&gt;unix://localhost:80: No such file or directory
Jun 02, 2018 7:44:40 AM org.apache.http.impl.execchain.RetryExec execute
INFO: Retrying request to {}-&gt;unix://localhost:80
Jun 02, 2018 7:44:40 AM org.apache.http.impl.execchain.RetryExec execute
INFO: I/O exception (java.io.IOException) caught when processing request to {}-&gt;unix://localhost:80: No such file or directory
Jun 02, 2018 7:44:40 AM org.apache.http.impl.execchain.RetryExec execute
INFO: Retrying request to {}-&gt;unix://localhost:80
Jun 02, 2018 7:44:40 AM org.apache.http.impl.execchain.RetryExec execute
INFO: I/O exception (java.io.IOException) caught when processing request to {}-&gt;unix://localhost:80: No such file or directory
Jun 02, 2018 7:44:40 AM org.apache.http.impl.execchain.RetryExec execute
INFO: Retrying request to {}-&gt;unix://localhost:80
</system-err>
  </testcase>
  <testcase classname="com.spotify.docker.client.DefaultDockerClientTest" name="testTagBadImage" time="0.02">
    <error type="java.lang.NullPointerException">java.lang.NullPointerException
	at com.spotify.docker.client.VersionCompare.compareVersion(VersionCompare.java:45)
	at com.spotify.docker.client.DefaultDockerClientTest.dockerApiVersionAtLeast(DefaultDockerClientTest.java:404)
	at com.spotify.docker.client.DefaultDockerClientTest.tearDown(DefaultDockerClientTest.java:356)
	at sun.reflect.GeneratedMethodAccessor11.invoke(Unknown Source)
	at sun.reflect.DelegatingMethodAccessorImpl.invoke(DelegatingMethodAccessorImpl.java:43)
	at java.lang.reflect.Method.invoke(Method.java:498)
	at org.junit.runners.model.FrameworkMethod$1.runReflectiveCall(FrameworkMethod.java:50)
	at org.junit.internal.runners.model.ReflectiveCallable.run(ReflectiveCallable.java:12)
	at org.junit.runners.model.FrameworkMethod.invokeExplosively(FrameworkMethod.java:47)
	at org.junit.internal.runners.statements.RunAfters.evaluate(RunAfters.java:33)
	at org.junit.rules.ExpectedException$ExpectedExceptionStatement.evaluate(ExpectedException.java:239)
	at org.junit.rules.TestWatcher$1.evaluate(TestWatcher.java:55)
	at org.junit.rules.RunRules.evaluate(RunRules.java:20)
	at org.junit.runners.ParentRunner.runLeaf(ParentRunner.java:325)
	at org.junit.runners.BlockJUnit4ClassRunner.runChild(BlockJUnit4ClassRunner.java:78)
	at org.junit.runners.BlockJUnit4ClassRunner.runChild(BlockJUnit4ClassRunner.java:57)
	at org.junit.runners.ParentRunner$3.run(ParentRunner.java:290)
	at org.junit.runners.ParentRunner$1.schedule(ParentRunner.java:71)
	at org.junit.runners.ParentRunner.runChildren(ParentRunner.java:288)
	at org.junit.runners.ParentRunner.access$000(ParentRunner.java:58)
	at org.junit.runners.ParentRunner$2.evaluate(ParentRunner.java:268)
	at org.junit.runners.ParentRunner.run(ParentRunner.java:363)
	at org.apache.maven.surefire.junit4.JUnit4Provider.execute(JUnit4Provider.java:252)
	at org.apache.maven.surefire.junit4.JUnit4Provider.executeTestSet(JUnit4Provider.java:141)
	at org.apache.maven.surefire.junit4.JUnit4Provider.invoke(JUnit4Provider.java:112)
	at sun.reflect.NativeMethodAccessorImpl.invoke0(Native Method)
	at sun.reflect.NativeMethodAccessorImpl.invoke(NativeMethodAccessorImpl.java:62)
	at sun.reflect.DelegatingMethodAccessorImpl.invoke(DelegatingMethodAccessorImpl.java:43)
	at java.lang.reflect.Method.invoke(Method.java:498)
	at org.apache.maven.surefire.util.ReflectionUtils.invokeMethodWithArray(ReflectionUtils.java:189)
	at org.apache.maven.surefire.booter.ProviderFactory$ProviderProxy.invoke(ProviderFactory.java:165)
	at org.apache.maven.surefire.booter.ProviderFactory.invokeProvider(ProviderFactory.java:85)
	at org.apache.maven.surefire.booter.ForkedBooter.runSuitesInProcess(ForkedBooter.java:115)
	at org.apache.maven.surefire.booter.ForkedBooter.main(ForkedBooter.java:75)
</error>
  </testcase>
  <testcase classname="com.spotify.docker.client.DefaultDockerClientTest" name="testInspectServiceEndpoint" time="0.02">
    <error message="java.util.concurrent.ExecutionException: javax.ws.rs.ProcessingException: java.io.IOException: No such file or directory" type="com.spotify.docker.client.exceptions.DockerException">com.spotify.docker.client.exceptions.DockerException: java.util.concurrent.ExecutionException: javax.ws.rs.ProcessingException: java.io.IOException: No such file or directory
	at com.spotify.docker.client.DefaultDockerClient.propagate(DefaultDockerClient.java:2812)
	at com.spotify.docker.client.DefaultDockerClient.request(DefaultDockerClient.java:2676)
	at com.spotify.docker.client.DefaultDockerClient.version(DefaultDockerClient.java:572)
	at com.spotify.docker.client.DefaultDockerClientTest.setup(DefaultDockerClientTest.java:349)
	at sun.reflect.GeneratedMethodAccessor10.invoke(Unknown Source)
	at sun.reflect.DelegatingMethodAccessorImpl.invoke(DelegatingMethodAccessorImpl.java:43)
	at java.lang.reflect.Method.invoke(Method.java:498)
	at org.junit.runners.model.FrameworkMethod$1.runReflectiveCall(FrameworkMethod.java:50)
	at org.junit.internal.runners.model.ReflectiveCallable.run(ReflectiveCallable.java:12)
	at org.junit.runners.model.FrameworkMethod.invokeExplosively(FrameworkMethod.java:47)
	at org.junit.internal.runners.statements.RunBefores.evaluate(RunBefores.java:24)
	at org.junit.internal.runners.statements.RunAfters.evaluate(RunAfters.java:27)
	at org.junit.rules.ExpectedException$ExpectedExceptionStatement.evaluate(ExpectedException.java:239)
	at org.junit.rules.TestWatcher$1.evaluate(TestWatcher.java:55)
	at org.junit.rules.RunRules.evaluate(RunRules.java:20)
	at org.junit.runners.ParentRunner.runLeaf(ParentRunner.java:325)
	at org.junit.runners.BlockJUnit4ClassRunner.runChild(BlockJUnit4ClassRunner.java:78)
	at org.junit.runners.BlockJUnit4ClassRunner.runChild(BlockJUnit4ClassRunner.java:57)
	at org.junit.runners.ParentRunner$3.run(ParentRunner.java:290)
	at org.junit.runners.ParentRunner$1.schedule(ParentRunner.java:71)
	at org.junit.runners.ParentRunner.runChildren(ParentRunner.java:288)
	at org.junit.runners.ParentRunner.access$000(ParentRunner.java:58)
	at org.junit.runners.ParentRunner$2.evaluate(ParentRunner.java:268)
	at org.junit.runners.ParentRunner.run(ParentRunner.java:363)
	at org.apache.maven.surefire.junit4.JUnit4Provider.execute(JUnit4Provider.java:252)
	at org.apache.maven.surefire.junit4.JUnit4Provider.executeTestSet(JUnit4Provider.java:141)
	at org.apache.maven.surefire.junit4.JUnit4Provider.invoke(JUnit4Provider.java:112)
	at sun.reflect.NativeMethodAccessorImpl.invoke0(Native Method)
	at sun.reflect.NativeMethodAccessorImpl.invoke(NativeMethodAccessorImpl.java:62)
	at sun.reflect.DelegatingMethodAccessorImpl.invoke(DelegatingMethodAccessorImpl.java:43)
	at java.lang.reflect.Method.invoke(Method.java:498)
	at org.apache.maven.surefire.util.ReflectionUtils.invokeMethodWithArray(ReflectionUtils.java:189)
	at org.apache.maven.surefire.booter.ProviderFactory$ProviderProxy.invoke(ProviderFactory.java:165)
	at org.apache.maven.surefire.booter.ProviderFactory.invokeProvider(ProviderFactory.java:85)
	at org.apache.maven.surefire.booter.ForkedBooter.runSuitesInProcess(ForkedBooter.java:115)
	at org.apache.maven.surefire.booter.ForkedBooter.main(ForkedBooter.java:75)
Caused by: java.util.concurrent.ExecutionException: javax.ws.rs.ProcessingException: java.io.IOException: No such file or directory
	at jersey.repackaged.com.google.common.util.concurrent.AbstractFuture$Sync.getValue(AbstractFuture.java:299)
	at jersey.repackaged.com.google.common.util.concurrent.AbstractFuture$Sync.get(AbstractFuture.java:286)
	at jersey.repackaged.com.google.common.util.concurrent.AbstractFuture.get(AbstractFuture.java:116)
	at com.spotify.docker.client.DefaultDockerClient.request(DefaultDockerClient.java:2674)
	... 34 more
Caused by: javax.ws.rs.ProcessingException: java.io.IOException: No such file or directory
	at org.glassfish.jersey.apache.connector.ApacheConnector.apply(ApacheConnector.java:481)
	at org.glassfish.jersey.apache.connector.ApacheConnector$1.run(ApacheConnector.java:491)
	at java.util.concurrent.Executors$RunnableAdapter.call(Executors.java:511)
	at java.util.concurrent.FutureTask.run(FutureTask.java:266)
	at jersey.repackaged.com.google.common.util.concurrent.MoreExecutors$DirectExecutorService.execute(MoreExecutors.java:299)
	at java.util.concurrent.AbstractExecutorService.submit(AbstractExecutorService.java:112)
	at jersey.repackaged.com.google.common.util.concurrent.AbstractListeningExecutorService.submit(AbstractListeningExecutorService.java:50)
	at jersey.repackaged.com.google.common.util.concurrent.AbstractListeningExecutorService.submit(AbstractListeningExecutorService.java:37)
	at org.glassfish.jersey.apache.connector.ApacheConnector.apply(ApacheConnector.java:487)
	at org.glassfish.jersey.client.ClientRuntime$2.run(ClientRuntime.java:178)
	at org.glassfish.jersey.internal.Errors$1.call(Errors.java:271)
	at org.glassfish.jersey.internal.Errors$1.call(Errors.java:267)
	at org.glassfish.jersey.internal.Errors.process(Errors.java:315)
	at org.glassfish.jersey.internal.Errors.process(Errors.java:297)
	at org.glassfish.jersey.internal.Errors.process(Errors.java:267)
	at org.glassfish.jersey.process.internal.RequestScope.runInScope(RequestScope.java:340)
	at org.glassfish.jersey.client.ClientRuntime$3.run(ClientRuntime.java:210)
	at java.util.concurrent.Executors$RunnableAdapter.call(Executors.java:511)
	at java.util.concurrent.FutureTask.run(FutureTask.java:266)
	at java.util.concurrent.ThreadPoolExecutor.runWorker(ThreadPoolExecutor.java:1142)
	at java.util.concurrent.ThreadPoolExecutor$Worker.run(ThreadPoolExecutor.java:617)
	at java.lang.Thread.run(Thread.java:745)
Caused by: java.io.IOException: No such file or directory
	at jnr.unixsocket.UnixSocketChannel.doConnect(UnixSocketChannel.java:127)
	at jnr.unixsocket.UnixSocketChannel.connect(UnixSocketChannel.java:136)
	at jnr.unixsocket.UnixSocketChannel.connect(UnixSocketChannel.java:223)
	at com.spotify.docker.client.UnixConnectionSocketFactory.connectSocket(UnixConnectionSocketFactory.java:85)
	at org.apache.http.impl.conn.DefaultHttpClientConnectionOperator.connect(DefaultHttpClientConnectionOperator.java:134)
	at org.apache.http.impl.conn.PoolingHttpClientConnectionManager.connect(PoolingHttpClientConnectionManager.java:353)
	at org.apache.http.impl.execchain.MainClientExec.establishRoute(MainClientExec.java:380)
	at org.apache.http.impl.execchain.MainClientExec.execute(MainClientExec.java:236)
	at org.apache.http.impl.execchain.ProtocolExec.execute(ProtocolExec.java:184)
	at org.apache.http.impl.execchain.RetryExec.execute(RetryExec.java:88)
	at org.apache.http.impl.execchain.RedirectExec.execute(RedirectExec.java:110)
	at org.apache.http.impl.client.InternalHttpClient.doExecute(InternalHttpClient.java:184)
	at org.apache.http.impl.client.CloseableHttpClient.execute(CloseableHttpClient.java:71)
	at org.glassfish.jersey.apache.connector.ApacheConnector.apply(ApacheConnector.java:435)
	... 21 more
</error>
    <system-err>Jun 02, 2018 7:44:40 AM org.apache.http.impl.execchain.RetryExec execute
INFO: I/O exception (java.io.IOException) caught when processing request to {}-&gt;unix://localhost:80: No such file or directory
Jun 02, 2018 7:44:40 AM org.apache.http.impl.execchain.RetryExec execute
INFO: Retrying request to {}-&gt;unix://localhost:80
Jun 02, 2018 7:44:40 AM org.apache.http.impl.execchain.RetryExec execute
INFO: I/O exception (java.io.IOException) caught when processing request to {}-&gt;unix://localhost:80: No such file or directory
Jun 02, 2018 7:44:40 AM org.apache.http.impl.execchain.RetryExec execute
INFO: Retrying request to {}-&gt;unix://localhost:80
Jun 02, 2018 7:44:40 AM org.apache.http.impl.execchain.RetryExec execute
INFO: I/O exception (java.io.IOException) caught when processing request to {}-&gt;unix://localhost:80: No such file or directory
Jun 02, 2018 7:44:40 AM org.apache.http.impl.execchain.RetryExec execute
INFO: Retrying request to {}-&gt;unix://localhost:80
</system-err>
  </testcase>
  <testcase classname="com.spotify.docker.client.DefaultDockerClientTest" name="testInspectServiceEndpoint" time="0.02">
    <error type="java.lang.NullPointerException">java.lang.NullPointerException
	at com.spotify.docker.client.VersionCompare.compareVersion(VersionCompare.java:45)
	at com.spotify.docker.client.DefaultDockerClientTest.dockerApiVersionAtLeast(DefaultDockerClientTest.java:404)
	at com.spotify.docker.client.DefaultDockerClientTest.tearDown(DefaultDockerClientTest.java:356)
	at sun.reflect.GeneratedMethodAccessor11.invoke(Unknown Source)
	at sun.reflect.DelegatingMethodAccessorImpl.invoke(DelegatingMethodAccessorImpl.java:43)
	at java.lang.reflect.Method.invoke(Method.java:498)
	at org.junit.runners.model.FrameworkMethod$1.runReflectiveCall(FrameworkMethod.java:50)
	at org.junit.internal.runners.model.ReflectiveCallable.run(ReflectiveCallable.java:12)
	at org.junit.runners.model.FrameworkMethod.invokeExplosively(FrameworkMethod.java:47)
	at org.junit.internal.runners.statements.RunAfters.evaluate(RunAfters.java:33)
	at org.junit.rules.ExpectedException$ExpectedExceptionStatement.evaluate(ExpectedException.java:239)
	at org.junit.rules.TestWatcher$1.evaluate(TestWatcher.java:55)
	at org.junit.rules.RunRules.evaluate(RunRules.java:20)
	at org.junit.runners.ParentRunner.runLeaf(ParentRunner.java:325)
	at org.junit.runners.BlockJUnit4ClassRunner.runChild(BlockJUnit4ClassRunner.java:78)
	at org.junit.runners.BlockJUnit4ClassRunner.runChild(BlockJUnit4ClassRunner.java:57)
	at org.junit.runners.ParentRunner$3.run(ParentRunner.java:290)
	at org.junit.runners.ParentRunner$1.schedule(ParentRunner.java:71)
	at org.junit.runners.ParentRunner.runChildren(ParentRunner.java:288)
	at org.junit.runners.ParentRunner.access$000(ParentRunner.java:58)
	at org.junit.runners.ParentRunner$2.evaluate(ParentRunner.java:268)
	at org.junit.runners.ParentRunner.run(ParentRunner.java:363)
	at org.apache.maven.surefire.junit4.JUnit4Provider.execute(JUnit4Provider.java:252)
	at org.apache.maven.surefire.junit4.JUnit4Provider.executeTestSet(JUnit4Provider.java:141)
	at org.apache.maven.surefire.junit4.JUnit4Provider.invoke(JUnit4Provider.java:112)
	at sun.reflect.NativeMethodAccessorImpl.invoke0(Native Method)
	at sun.reflect.NativeMethodAccessorImpl.invoke(NativeMethodAccessorImpl.java:62)
	at sun.reflect.DelegatingMethodAccessorImpl.invoke(DelegatingMethodAccessorImpl.java:43)
	at java.lang.reflect.Method.invoke(Method.java:498)
	at org.apache.maven.surefire.util.ReflectionUtils.invokeMethodWithArray(ReflectionUtils.java:189)
	at org.apache.maven.surefire.booter.ProviderFactory$ProviderProxy.invoke(ProviderFactory.java:165)
	at org.apache.maven.surefire.booter.ProviderFactory.invokeProvider(ProviderFactory.java:85)
	at org.apache.maven.surefire.booter.ForkedBooter.runSuitesInProcess(ForkedBooter.java:115)
	at org.apache.maven.surefire.booter.ForkedBooter.main(ForkedBooter.java:75)
</error>
  </testcase>
  <testcase classname="com.spotify.docker.client.DefaultDockerClientTest" name="testPauseContainer" time="0.019">
    <error message="java.util.concurrent.ExecutionException: javax.ws.rs.ProcessingException: java.io.IOException: No such file or directory" type="com.spotify.docker.client.exceptions.DockerException">com.spotify.docker.client.exceptions.DockerException: java.util.concurrent.ExecutionException: javax.ws.rs.ProcessingException: java.io.IOException: No such file or directory
	at com.spotify.docker.client.DefaultDockerClient.propagate(DefaultDockerClient.java:2812)
	at com.spotify.docker.client.DefaultDockerClient.request(DefaultDockerClient.java:2676)
	at com.spotify.docker.client.DefaultDockerClient.version(DefaultDockerClient.java:572)
	at com.spotify.docker.client.DefaultDockerClientTest.setup(DefaultDockerClientTest.java:349)
	at sun.reflect.GeneratedMethodAccessor10.invoke(Unknown Source)
	at sun.reflect.DelegatingMethodAccessorImpl.invoke(DelegatingMethodAccessorImpl.java:43)
	at java.lang.reflect.Method.invoke(Method.java:498)
	at org.junit.runners.model.FrameworkMethod$1.runReflectiveCall(FrameworkMethod.java:50)
	at org.junit.internal.runners.model.ReflectiveCallable.run(ReflectiveCallable.java:12)
	at org.junit.runners.model.FrameworkMethod.invokeExplosively(FrameworkMethod.java:47)
	at org.junit.internal.runners.statements.RunBefores.evaluate(RunBefores.java:24)
	at org.junit.internal.runners.statements.RunAfters.evaluate(RunAfters.java:27)
	at org.junit.rules.ExpectedException$ExpectedExceptionStatement.evaluate(ExpectedException.java:239)
	at org.junit.rules.TestWatcher$1.evaluate(TestWatcher.java:55)
	at org.junit.rules.RunRules.evaluate(RunRules.java:20)
	at org.junit.runners.ParentRunner.runLeaf(ParentRunner.java:325)
	at org.junit.runners.BlockJUnit4ClassRunner.runChild(BlockJUnit4ClassRunner.java:78)
	at org.junit.runners.BlockJUnit4ClassRunner.runChild(BlockJUnit4ClassRunner.java:57)
	at org.junit.runners.ParentRunner$3.run(ParentRunner.java:290)
	at org.junit.runners.ParentRunner$1.schedule(ParentRunner.java:71)
	at org.junit.runners.ParentRunner.runChildren(ParentRunner.java:288)
	at org.junit.runners.ParentRunner.access$000(ParentRunner.java:58)
	at org.junit.runners.ParentRunner$2.evaluate(ParentRunner.java:268)
	at org.junit.runners.ParentRunner.run(ParentRunner.java:363)
	at org.apache.maven.surefire.junit4.JUnit4Provider.execute(JUnit4Provider.java:252)
	at org.apache.maven.surefire.junit4.JUnit4Provider.executeTestSet(JUnit4Provider.java:141)
	at org.apache.maven.surefire.junit4.JUnit4Provider.invoke(JUnit4Provider.java:112)
	at sun.reflect.NativeMethodAccessorImpl.invoke0(Native Method)
	at sun.reflect.NativeMethodAccessorImpl.invoke(NativeMethodAccessorImpl.java:62)
	at sun.reflect.DelegatingMethodAccessorImpl.invoke(DelegatingMethodAccessorImpl.java:43)
	at java.lang.reflect.Method.invoke(Method.java:498)
	at org.apache.maven.surefire.util.ReflectionUtils.invokeMethodWithArray(ReflectionUtils.java:189)
	at org.apache.maven.surefire.booter.ProviderFactory$ProviderProxy.invoke(ProviderFactory.java:165)
	at org.apache.maven.surefire.booter.ProviderFactory.invokeProvider(ProviderFactory.java:85)
	at org.apache.maven.surefire.booter.ForkedBooter.runSuitesInProcess(ForkedBooter.java:115)
	at org.apache.maven.surefire.booter.ForkedBooter.main(ForkedBooter.java:75)
Caused by: java.util.concurrent.ExecutionException: javax.ws.rs.ProcessingException: java.io.IOException: No such file or directory
	at jersey.repackaged.com.google.common.util.concurrent.AbstractFuture$Sync.getValue(AbstractFuture.java:299)
	at jersey.repackaged.com.google.common.util.concurrent.AbstractFuture$Sync.get(AbstractFuture.java:286)
	at jersey.repackaged.com.google.common.util.concurrent.AbstractFuture.get(AbstractFuture.java:116)
	at com.spotify.docker.client.DefaultDockerClient.request(DefaultDockerClient.java:2674)
	... 34 more
Caused by: javax.ws.rs.ProcessingException: java.io.IOException: No such file or directory
	at org.glassfish.jersey.apache.connector.ApacheConnector.apply(ApacheConnector.java:481)
	at org.glassfish.jersey.apache.connector.ApacheConnector$1.run(ApacheConnector.java:491)
	at java.util.concurrent.Executors$RunnableAdapter.call(Executors.java:511)
	at java.util.concurrent.FutureTask.run(FutureTask.java:266)
	at jersey.repackaged.com.google.common.util.concurrent.MoreExecutors$DirectExecutorService.execute(MoreExecutors.java:299)
	at java.util.concurrent.AbstractExecutorService.submit(AbstractExecutorService.java:112)
	at jersey.repackaged.com.google.common.util.concurrent.AbstractListeningExecutorService.submit(AbstractListeningExecutorService.java:50)
	at jersey.repackaged.com.google.common.util.concurrent.AbstractListeningExecutorService.submit(AbstractListeningExecutorService.java:37)
	at org.glassfish.jersey.apache.connector.ApacheConnector.apply(ApacheConnector.java:487)
	at org.glassfish.jersey.client.ClientRuntime$2.run(ClientRuntime.java:178)
	at org.glassfish.jersey.internal.Errors$1.call(Errors.java:271)
	at org.glassfish.jersey.internal.Errors$1.call(Errors.java:267)
	at org.glassfish.jersey.internal.Errors.process(Errors.java:315)
	at org.glassfish.jersey.internal.Errors.process(Errors.java:297)
	at org.glassfish.jersey.internal.Errors.process(Errors.java:267)
	at org.glassfish.jersey.process.internal.RequestScope.runInScope(RequestScope.java:340)
	at org.glassfish.jersey.client.ClientRuntime$3.run(ClientRuntime.java:210)
	at java.util.concurrent.Executors$RunnableAdapter.call(Executors.java:511)
	at java.util.concurrent.FutureTask.run(FutureTask.java:266)
	at java.util.concurrent.ThreadPoolExecutor.runWorker(ThreadPoolExecutor.java:1142)
	at java.util.concurrent.ThreadPoolExecutor$Worker.run(ThreadPoolExecutor.java:617)
	at java.lang.Thread.run(Thread.java:745)
Caused by: java.io.IOException: No such file or directory
	at jnr.unixsocket.UnixSocketChannel.doConnect(UnixSocketChannel.java:127)
	at jnr.unixsocket.UnixSocketChannel.connect(UnixSocketChannel.java:136)
	at jnr.unixsocket.UnixSocketChannel.connect(UnixSocketChannel.java:223)
	at com.spotify.docker.client.UnixConnectionSocketFactory.connectSocket(UnixConnectionSocketFactory.java:85)
	at org.apache.http.impl.conn.DefaultHttpClientConnectionOperator.connect(DefaultHttpClientConnectionOperator.java:134)
	at org.apache.http.impl.conn.PoolingHttpClientConnectionManager.connect(PoolingHttpClientConnectionManager.java:353)
	at org.apache.http.impl.execchain.MainClientExec.establishRoute(MainClientExec.java:380)
	at org.apache.http.impl.execchain.MainClientExec.execute(MainClientExec.java:236)
	at org.apache.http.impl.execchain.ProtocolExec.execute(ProtocolExec.java:184)
	at org.apache.http.impl.execchain.RetryExec.execute(RetryExec.java:88)
	at org.apache.http.impl.execchain.RedirectExec.execute(RedirectExec.java:110)
	at org.apache.http.impl.client.InternalHttpClient.doExecute(InternalHttpClient.java:184)
	at org.apache.http.impl.client.CloseableHttpClient.execute(CloseableHttpClient.java:71)
	at org.glassfish.jersey.apache.connector.ApacheConnector.apply(ApacheConnector.java:435)
	... 21 more
</error>
    <system-err>Jun 02, 2018 7:44:40 AM org.apache.http.impl.execchain.RetryExec execute
INFO: I/O exception (java.io.IOException) caught when processing request to {}-&gt;unix://localhost:80: No such file or directory
Jun 02, 2018 7:44:40 AM org.apache.http.impl.execchain.RetryExec execute
INFO: Retrying request to {}-&gt;unix://localhost:80
Jun 02, 2018 7:44:40 AM org.apache.http.impl.execchain.RetryExec execute
INFO: I/O exception (java.io.IOException) caught when processing request to {}-&gt;unix://localhost:80: No such file or directory
Jun 02, 2018 7:44:40 AM org.apache.http.impl.execchain.RetryExec execute
INFO: Retrying request to {}-&gt;unix://localhost:80
Jun 02, 2018 7:44:40 AM org.apache.http.impl.execchain.RetryExec execute
INFO: I/O exception (java.io.IOException) caught when processing request to {}-&gt;unix://localhost:80: No such file or directory
Jun 02, 2018 7:44:40 AM org.apache.http.impl.execchain.RetryExec execute
INFO: Retrying request to {}-&gt;unix://localhost:80
</system-err>
  </testcase>
  <testcase classname="com.spotify.docker.client.DefaultDockerClientTest" name="testPauseContainer" time="0.019">
    <error type="java.lang.NullPointerException">java.lang.NullPointerException
	at com.spotify.docker.client.VersionCompare.compareVersion(VersionCompare.java:45)
	at com.spotify.docker.client.DefaultDockerClientTest.dockerApiVersionAtLeast(DefaultDockerClientTest.java:404)
	at com.spotify.docker.client.DefaultDockerClientTest.tearDown(DefaultDockerClientTest.java:356)
	at sun.reflect.GeneratedMethodAccessor11.invoke(Unknown Source)
	at sun.reflect.DelegatingMethodAccessorImpl.invoke(DelegatingMethodAccessorImpl.java:43)
	at java.lang.reflect.Method.invoke(Method.java:498)
	at org.junit.runners.model.FrameworkMethod$1.runReflectiveCall(FrameworkMethod.java:50)
	at org.junit.internal.runners.model.ReflectiveCallable.run(ReflectiveCallable.java:12)
	at org.junit.runners.model.FrameworkMethod.invokeExplosively(FrameworkMethod.java:47)
	at org.junit.internal.runners.statements.RunAfters.evaluate(RunAfters.java:33)
	at org.junit.rules.ExpectedException$ExpectedExceptionStatement.evaluate(ExpectedException.java:239)
	at org.junit.rules.TestWatcher$1.evaluate(TestWatcher.java:55)
	at org.junit.rules.RunRules.evaluate(RunRules.java:20)
	at org.junit.runners.ParentRunner.runLeaf(ParentRunner.java:325)
	at org.junit.runners.BlockJUnit4ClassRunner.runChild(BlockJUnit4ClassRunner.java:78)
	at org.junit.runners.BlockJUnit4ClassRunner.runChild(BlockJUnit4ClassRunner.java:57)
	at org.junit.runners.ParentRunner$3.run(ParentRunner.java:290)
	at org.junit.runners.ParentRunner$1.schedule(ParentRunner.java:71)
	at org.junit.runners.ParentRunner.runChildren(ParentRunner.java:288)
	at org.junit.runners.ParentRunner.access$000(ParentRunner.java:58)
	at org.junit.runners.ParentRunner$2.evaluate(ParentRunner.java:268)
	at org.junit.runners.ParentRunner.run(ParentRunner.java:363)
	at org.apache.maven.surefire.junit4.JUnit4Provider.execute(JUnit4Provider.java:252)
	at org.apache.maven.surefire.junit4.JUnit4Provider.executeTestSet(JUnit4Provider.java:141)
	at org.apache.maven.surefire.junit4.JUnit4Provider.invoke(JUnit4Provider.java:112)
	at sun.reflect.NativeMethodAccessorImpl.invoke0(Native Method)
	at sun.reflect.NativeMethodAccessorImpl.invoke(NativeMethodAccessorImpl.java:62)
	at sun.reflect.DelegatingMethodAccessorImpl.invoke(DelegatingMethodAccessorImpl.java:43)
	at java.lang.reflect.Method.invoke(Method.java:498)
	at org.apache.maven.surefire.util.ReflectionUtils.invokeMethodWithArray(ReflectionUtils.java:189)
	at org.apache.maven.surefire.booter.ProviderFactory$ProviderProxy.invoke(ProviderFactory.java:165)
	at org.apache.maven.surefire.booter.ProviderFactory.invokeProvider(ProviderFactory.java:85)
	at org.apache.maven.surefire.booter.ForkedBooter.runSuitesInProcess(ForkedBooter.java:115)
	at org.apache.maven.surefire.booter.ForkedBooter.main(ForkedBooter.java:75)
</error>
  </testcase>
  <testcase classname="com.spotify.docker.client.DefaultDockerClientTest" name="testInvalidExtraHosts" time="0.018">
    <error message="java.util.concurrent.ExecutionException: javax.ws.rs.ProcessingException: java.io.IOException: No such file or directory" type="com.spotify.docker.client.exceptions.DockerException">com.spotify.docker.client.exceptions.DockerException: java.util.concurrent.ExecutionException: javax.ws.rs.ProcessingException: java.io.IOException: No such file or directory
	at com.spotify.docker.client.DefaultDockerClient.propagate(DefaultDockerClient.java:2812)
	at com.spotify.docker.client.DefaultDockerClient.request(DefaultDockerClient.java:2676)
	at com.spotify.docker.client.DefaultDockerClient.version(DefaultDockerClient.java:572)
	at com.spotify.docker.client.DefaultDockerClientTest.setup(DefaultDockerClientTest.java:349)
	at sun.reflect.GeneratedMethodAccessor10.invoke(Unknown Source)
	at sun.reflect.DelegatingMethodAccessorImpl.invoke(DelegatingMethodAccessorImpl.java:43)
	at java.lang.reflect.Method.invoke(Method.java:498)
	at org.junit.runners.model.FrameworkMethod$1.runReflectiveCall(FrameworkMethod.java:50)
	at org.junit.internal.runners.model.ReflectiveCallable.run(ReflectiveCallable.java:12)
	at org.junit.runners.model.FrameworkMethod.invokeExplosively(FrameworkMethod.java:47)
	at org.junit.internal.runners.statements.RunBefores.evaluate(RunBefores.java:24)
	at org.junit.internal.runners.statements.RunAfters.evaluate(RunAfters.java:27)
	at org.junit.rules.ExpectedException$ExpectedExceptionStatement.evaluate(ExpectedException.java:239)
	at org.junit.rules.TestWatcher$1.evaluate(TestWatcher.java:55)
	at org.junit.rules.RunRules.evaluate(RunRules.java:20)
	at org.junit.runners.ParentRunner.runLeaf(ParentRunner.java:325)
	at org.junit.runners.BlockJUnit4ClassRunner.runChild(BlockJUnit4ClassRunner.java:78)
	at org.junit.runners.BlockJUnit4ClassRunner.runChild(BlockJUnit4ClassRunner.java:57)
	at org.junit.runners.ParentRunner$3.run(ParentRunner.java:290)
	at org.junit.runners.ParentRunner$1.schedule(ParentRunner.java:71)
	at org.junit.runners.ParentRunner.runChildren(ParentRunner.java:288)
	at org.junit.runners.ParentRunner.access$000(ParentRunner.java:58)
	at org.junit.runners.ParentRunner$2.evaluate(ParentRunner.java:268)
	at org.junit.runners.ParentRunner.run(ParentRunner.java:363)
	at org.apache.maven.surefire.junit4.JUnit4Provider.execute(JUnit4Provider.java:252)
	at org.apache.maven.surefire.junit4.JUnit4Provider.executeTestSet(JUnit4Provider.java:141)
	at org.apache.maven.surefire.junit4.JUnit4Provider.invoke(JUnit4Provider.java:112)
	at sun.reflect.NativeMethodAccessorImpl.invoke0(Native Method)
	at sun.reflect.NativeMethodAccessorImpl.invoke(NativeMethodAccessorImpl.java:62)
	at sun.reflect.DelegatingMethodAccessorImpl.invoke(DelegatingMethodAccessorImpl.java:43)
	at java.lang.reflect.Method.invoke(Method.java:498)
	at org.apache.maven.surefire.util.ReflectionUtils.invokeMethodWithArray(ReflectionUtils.java:189)
	at org.apache.maven.surefire.booter.ProviderFactory$ProviderProxy.invoke(ProviderFactory.java:165)
	at org.apache.maven.surefire.booter.ProviderFactory.invokeProvider(ProviderFactory.java:85)
	at org.apache.maven.surefire.booter.ForkedBooter.runSuitesInProcess(ForkedBooter.java:115)
	at org.apache.maven.surefire.booter.ForkedBooter.main(ForkedBooter.java:75)
Caused by: java.util.concurrent.ExecutionException: javax.ws.rs.ProcessingException: java.io.IOException: No such file or directory
	at jersey.repackaged.com.google.common.util.concurrent.AbstractFuture$Sync.getValue(AbstractFuture.java:299)
	at jersey.repackaged.com.google.common.util.concurrent.AbstractFuture$Sync.get(AbstractFuture.java:286)
	at jersey.repackaged.com.google.common.util.concurrent.AbstractFuture.get(AbstractFuture.java:116)
	at com.spotify.docker.client.DefaultDockerClient.request(DefaultDockerClient.java:2674)
	... 34 more
Caused by: javax.ws.rs.ProcessingException: java.io.IOException: No such file or directory
	at org.glassfish.jersey.apache.connector.ApacheConnector.apply(ApacheConnector.java:481)
	at org.glassfish.jersey.apache.connector.ApacheConnector$1.run(ApacheConnector.java:491)
	at java.util.concurrent.Executors$RunnableAdapter.call(Executors.java:511)
	at java.util.concurrent.FutureTask.run(FutureTask.java:266)
	at jersey.repackaged.com.google.common.util.concurrent.MoreExecutors$DirectExecutorService.execute(MoreExecutors.java:299)
	at java.util.concurrent.AbstractExecutorService.submit(AbstractExecutorService.java:112)
	at jersey.repackaged.com.google.common.util.concurrent.AbstractListeningExecutorService.submit(AbstractListeningExecutorService.java:50)
	at jersey.repackaged.com.google.common.util.concurrent.AbstractListeningExecutorService.submit(AbstractListeningExecutorService.java:37)
	at org.glassfish.jersey.apache.connector.ApacheConnector.apply(ApacheConnector.java:487)
	at org.glassfish.jersey.client.ClientRuntime$2.run(ClientRuntime.java:178)
	at org.glassfish.jersey.internal.Errors$1.call(Errors.java:271)
	at org.glassfish.jersey.internal.Errors$1.call(Errors.java:267)
	at org.glassfish.jersey.internal.Errors.process(Errors.java:315)
	at org.glassfish.jersey.internal.Errors.process(Errors.java:297)
	at org.glassfish.jersey.internal.Errors.process(Errors.java:267)
	at org.glassfish.jersey.process.internal.RequestScope.runInScope(RequestScope.java:340)
	at org.glassfish.jersey.client.ClientRuntime$3.run(ClientRuntime.java:210)
	at java.util.concurrent.Executors$RunnableAdapter.call(Executors.java:511)
	at java.util.concurrent.FutureTask.run(FutureTask.java:266)
	at java.util.concurrent.ThreadPoolExecutor.runWorker(ThreadPoolExecutor.java:1142)
	at java.util.concurrent.ThreadPoolExecutor$Worker.run(ThreadPoolExecutor.java:617)
	at java.lang.Thread.run(Thread.java:745)
Caused by: java.io.IOException: No such file or directory
	at jnr.unixsocket.UnixSocketChannel.doConnect(UnixSocketChannel.java:127)
	at jnr.unixsocket.UnixSocketChannel.connect(UnixSocketChannel.java:136)
	at jnr.unixsocket.UnixSocketChannel.connect(UnixSocketChannel.java:223)
	at com.spotify.docker.client.UnixConnectionSocketFactory.connectSocket(UnixConnectionSocketFactory.java:85)
	at org.apache.http.impl.conn.DefaultHttpClientConnectionOperator.connect(DefaultHttpClientConnectionOperator.java:134)
	at org.apache.http.impl.conn.PoolingHttpClientConnectionManager.connect(PoolingHttpClientConnectionManager.java:353)
	at org.apache.http.impl.execchain.MainClientExec.establishRoute(MainClientExec.java:380)
	at org.apache.http.impl.execchain.MainClientExec.execute(MainClientExec.java:236)
	at org.apache.http.impl.execchain.ProtocolExec.execute(ProtocolExec.java:184)
	at org.apache.http.impl.execchain.RetryExec.execute(RetryExec.java:88)
	at org.apache.http.impl.execchain.RedirectExec.execute(RedirectExec.java:110)
	at org.apache.http.impl.client.InternalHttpClient.doExecute(InternalHttpClient.java:184)
	at org.apache.http.impl.client.CloseableHttpClient.execute(CloseableHttpClient.java:71)
	at org.glassfish.jersey.apache.connector.ApacheConnector.apply(ApacheConnector.java:435)
	... 21 more
</error>
    <system-err>Jun 02, 2018 7:44:40 AM org.apache.http.impl.execchain.RetryExec execute
INFO: I/O exception (java.io.IOException) caught when processing request to {}-&gt;unix://localhost:80: No such file or directory
Jun 02, 2018 7:44:40 AM org.apache.http.impl.execchain.RetryExec execute
INFO: Retrying request to {}-&gt;unix://localhost:80
Jun 02, 2018 7:44:40 AM org.apache.http.impl.execchain.RetryExec execute
INFO: I/O exception (java.io.IOException) caught when processing request to {}-&gt;unix://localhost:80: No such file or directory
Jun 02, 2018 7:44:40 AM org.apache.http.impl.execchain.RetryExec execute
INFO: Retrying request to {}-&gt;unix://localhost:80
Jun 02, 2018 7:44:40 AM org.apache.http.impl.execchain.RetryExec execute
INFO: I/O exception (java.io.IOException) caught when processing request to {}-&gt;unix://localhost:80: No such file or directory
Jun 02, 2018 7:44:40 AM org.apache.http.impl.execchain.RetryExec execute
INFO: Retrying request to {}-&gt;unix://localhost:80
</system-err>
  </testcase>
  <testcase classname="com.spotify.docker.client.DefaultDockerClientTest" name="testInvalidExtraHosts" time="0.018">
    <error type="java.lang.NullPointerException">java.lang.NullPointerException
	at com.spotify.docker.client.VersionCompare.compareVersion(VersionCompare.java:45)
	at com.spotify.docker.client.DefaultDockerClientTest.dockerApiVersionAtLeast(DefaultDockerClientTest.java:404)
	at com.spotify.docker.client.DefaultDockerClientTest.tearDown(DefaultDockerClientTest.java:356)
	at sun.reflect.GeneratedMethodAccessor11.invoke(Unknown Source)
	at sun.reflect.DelegatingMethodAccessorImpl.invoke(DelegatingMethodAccessorImpl.java:43)
	at java.lang.reflect.Method.invoke(Method.java:498)
	at org.junit.runners.model.FrameworkMethod$1.runReflectiveCall(FrameworkMethod.java:50)
	at org.junit.internal.runners.model.ReflectiveCallable.run(ReflectiveCallable.java:12)
	at org.junit.runners.model.FrameworkMethod.invokeExplosively(FrameworkMethod.java:47)
	at org.junit.internal.runners.statements.RunAfters.evaluate(RunAfters.java:33)
	at org.junit.rules.ExpectedException$ExpectedExceptionStatement.evaluate(ExpectedException.java:239)
	at org.junit.rules.TestWatcher$1.evaluate(TestWatcher.java:55)
	at org.junit.rules.RunRules.evaluate(RunRules.java:20)
	at org.junit.runners.ParentRunner.runLeaf(ParentRunner.java:325)
	at org.junit.runners.BlockJUnit4ClassRunner.runChild(BlockJUnit4ClassRunner.java:78)
	at org.junit.runners.BlockJUnit4ClassRunner.runChild(BlockJUnit4ClassRunner.java:57)
	at org.junit.runners.ParentRunner$3.run(ParentRunner.java:290)
	at org.junit.runners.ParentRunner$1.schedule(ParentRunner.java:71)
	at org.junit.runners.ParentRunner.runChildren(ParentRunner.java:288)
	at org.junit.runners.ParentRunner.access$000(ParentRunner.java:58)
	at org.junit.runners.ParentRunner$2.evaluate(ParentRunner.java:268)
	at org.junit.runners.ParentRunner.run(ParentRunner.java:363)
	at org.apache.maven.surefire.junit4.JUnit4Provider.execute(JUnit4Provider.java:252)
	at org.apache.maven.surefire.junit4.JUnit4Provider.executeTestSet(JUnit4Provider.java:141)
	at org.apache.maven.surefire.junit4.JUnit4Provider.invoke(JUnit4Provider.java:112)
	at sun.reflect.NativeMethodAccessorImpl.invoke0(Native Method)
	at sun.reflect.NativeMethodAccessorImpl.invoke(NativeMethodAccessorImpl.java:62)
	at sun.reflect.DelegatingMethodAccessorImpl.invoke(DelegatingMethodAccessorImpl.java:43)
	at java.lang.reflect.Method.invoke(Method.java:498)
	at org.apache.maven.surefire.util.ReflectionUtils.invokeMethodWithArray(ReflectionUtils.java:189)
	at org.apache.maven.surefire.booter.ProviderFactory$ProviderProxy.invoke(ProviderFactory.java:165)
	at org.apache.maven.surefire.booter.ProviderFactory.invokeProvider(ProviderFactory.java:85)
	at org.apache.maven.surefire.booter.ForkedBooter.runSuitesInProcess(ForkedBooter.java:115)
	at org.apache.maven.surefire.booter.ForkedBooter.main(ForkedBooter.java:75)
</error>
  </testcase>
  <testcase classname="com.spotify.docker.client.DefaultDockerClientTest" name="testPauseBadContainer" time="0.019">
    <error message="java.util.concurrent.ExecutionException: javax.ws.rs.ProcessingException: java.io.IOException: No such file or directory" type="com.spotify.docker.client.exceptions.DockerException">com.spotify.docker.client.exceptions.DockerException: java.util.concurrent.ExecutionException: javax.ws.rs.ProcessingException: java.io.IOException: No such file or directory
	at com.spotify.docker.client.DefaultDockerClient.propagate(DefaultDockerClient.java:2812)
	at com.spotify.docker.client.DefaultDockerClient.request(DefaultDockerClient.java:2676)
	at com.spotify.docker.client.DefaultDockerClient.version(DefaultDockerClient.java:572)
	at com.spotify.docker.client.DefaultDockerClientTest.setup(DefaultDockerClientTest.java:349)
	at sun.reflect.GeneratedMethodAccessor10.invoke(Unknown Source)
	at sun.reflect.DelegatingMethodAccessorImpl.invoke(DelegatingMethodAccessorImpl.java:43)
	at java.lang.reflect.Method.invoke(Method.java:498)
	at org.junit.runners.model.FrameworkMethod$1.runReflectiveCall(FrameworkMethod.java:50)
	at org.junit.internal.runners.model.ReflectiveCallable.run(ReflectiveCallable.java:12)
	at org.junit.runners.model.FrameworkMethod.invokeExplosively(FrameworkMethod.java:47)
	at org.junit.internal.runners.statements.RunBefores.evaluate(RunBefores.java:24)
	at org.junit.internal.runners.statements.RunAfters.evaluate(RunAfters.java:27)
	at org.junit.rules.ExpectedException$ExpectedExceptionStatement.evaluate(ExpectedException.java:239)
	at org.junit.rules.TestWatcher$1.evaluate(TestWatcher.java:55)
	at org.junit.rules.RunRules.evaluate(RunRules.java:20)
	at org.junit.runners.ParentRunner.runLeaf(ParentRunner.java:325)
	at org.junit.runners.BlockJUnit4ClassRunner.runChild(BlockJUnit4ClassRunner.java:78)
	at org.junit.runners.BlockJUnit4ClassRunner.runChild(BlockJUnit4ClassRunner.java:57)
	at org.junit.runners.ParentRunner$3.run(ParentRunner.java:290)
	at org.junit.runners.ParentRunner$1.schedule(ParentRunner.java:71)
	at org.junit.runners.ParentRunner.runChildren(ParentRunner.java:288)
	at org.junit.runners.ParentRunner.access$000(ParentRunner.java:58)
	at org.junit.runners.ParentRunner$2.evaluate(ParentRunner.java:268)
	at org.junit.runners.ParentRunner.run(ParentRunner.java:363)
	at org.apache.maven.surefire.junit4.JUnit4Provider.execute(JUnit4Provider.java:252)
	at org.apache.maven.surefire.junit4.JUnit4Provider.executeTestSet(JUnit4Provider.java:141)
	at org.apache.maven.surefire.junit4.JUnit4Provider.invoke(JUnit4Provider.java:112)
	at sun.reflect.NativeMethodAccessorImpl.invoke0(Native Method)
	at sun.reflect.NativeMethodAccessorImpl.invoke(NativeMethodAccessorImpl.java:62)
	at sun.reflect.DelegatingMethodAccessorImpl.invoke(DelegatingMethodAccessorImpl.java:43)
	at java.lang.reflect.Method.invoke(Method.java:498)
	at org.apache.maven.surefire.util.ReflectionUtils.invokeMethodWithArray(ReflectionUtils.java:189)
	at org.apache.maven.surefire.booter.ProviderFactory$ProviderProxy.invoke(ProviderFactory.java:165)
	at org.apache.maven.surefire.booter.ProviderFactory.invokeProvider(ProviderFactory.java:85)
	at org.apache.maven.surefire.booter.ForkedBooter.runSuitesInProcess(ForkedBooter.java:115)
	at org.apache.maven.surefire.booter.ForkedBooter.main(ForkedBooter.java:75)
Caused by: java.util.concurrent.ExecutionException: javax.ws.rs.ProcessingException: java.io.IOException: No such file or directory
	at jersey.repackaged.com.google.common.util.concurrent.AbstractFuture$Sync.getValue(AbstractFuture.java:299)
	at jersey.repackaged.com.google.common.util.concurrent.AbstractFuture$Sync.get(AbstractFuture.java:286)
	at jersey.repackaged.com.google.common.util.concurrent.AbstractFuture.get(AbstractFuture.java:116)
	at com.spotify.docker.client.DefaultDockerClient.request(DefaultDockerClient.java:2674)
	... 34 more
Caused by: javax.ws.rs.ProcessingException: java.io.IOException: No such file or directory
	at org.glassfish.jersey.apache.connector.ApacheConnector.apply(ApacheConnector.java:481)
	at org.glassfish.jersey.apache.connector.ApacheConnector$1.run(ApacheConnector.java:491)
	at java.util.concurrent.Executors$RunnableAdapter.call(Executors.java:511)
	at java.util.concurrent.FutureTask.run(FutureTask.java:266)
	at jersey.repackaged.com.google.common.util.concurrent.MoreExecutors$DirectExecutorService.execute(MoreExecutors.java:299)
	at java.util.concurrent.AbstractExecutorService.submit(AbstractExecutorService.java:112)
	at jersey.repackaged.com.google.common.util.concurrent.AbstractListeningExecutorService.submit(AbstractListeningExecutorService.java:50)
	at jersey.repackaged.com.google.common.util.concurrent.AbstractListeningExecutorService.submit(AbstractListeningExecutorService.java:37)
	at org.glassfish.jersey.apache.connector.ApacheConnector.apply(ApacheConnector.java:487)
	at org.glassfish.jersey.client.ClientRuntime$2.run(ClientRuntime.java:178)
	at org.glassfish.jersey.internal.Errors$1.call(Errors.java:271)
	at org.glassfish.jersey.internal.Errors$1.call(Errors.java:267)
	at org.glassfish.jersey.internal.Errors.process(Errors.java:315)
	at org.glassfish.jersey.internal.Errors.process(Errors.java:297)
	at org.glassfish.jersey.internal.Errors.process(Errors.java:267)
	at org.glassfish.jersey.process.internal.RequestScope.runInScope(RequestScope.java:340)
	at org.glassfish.jersey.client.ClientRuntime$3.run(ClientRuntime.java:210)
	at java.util.concurrent.Executors$RunnableAdapter.call(Executors.java:511)
	at java.util.concurrent.FutureTask.run(FutureTask.java:266)
	at java.util.concurrent.ThreadPoolExecutor.runWorker(ThreadPoolExecutor.java:1142)
	at java.util.concurrent.ThreadPoolExecutor$Worker.run(ThreadPoolExecutor.java:617)
	at java.lang.Thread.run(Thread.java:745)
Caused by: java.io.IOException: No such file or directory
	at jnr.unixsocket.UnixSocketChannel.doConnect(UnixSocketChannel.java:127)
	at jnr.unixsocket.UnixSocketChannel.connect(UnixSocketChannel.java:136)
	at jnr.unixsocket.UnixSocketChannel.connect(UnixSocketChannel.java:223)
	at com.spotify.docker.client.UnixConnectionSocketFactory.connectSocket(UnixConnectionSocketFactory.java:85)
	at org.apache.http.impl.conn.DefaultHttpClientConnectionOperator.connect(DefaultHttpClientConnectionOperator.java:134)
	at org.apache.http.impl.conn.PoolingHttpClientConnectionManager.connect(PoolingHttpClientConnectionManager.java:353)
	at org.apache.http.impl.execchain.MainClientExec.establishRoute(MainClientExec.java:380)
	at org.apache.http.impl.execchain.MainClientExec.execute(MainClientExec.java:236)
	at org.apache.http.impl.execchain.ProtocolExec.execute(ProtocolExec.java:184)
	at org.apache.http.impl.execchain.RetryExec.execute(RetryExec.java:88)
	at org.apache.http.impl.execchain.RedirectExec.execute(RedirectExec.java:110)
	at org.apache.http.impl.client.InternalHttpClient.doExecute(InternalHttpClient.java:184)
	at org.apache.http.impl.client.CloseableHttpClient.execute(CloseableHttpClient.java:71)
	at org.glassfish.jersey.apache.connector.ApacheConnector.apply(ApacheConnector.java:435)
	... 21 more
</error>
    <system-err>Jun 02, 2018 7:44:40 AM org.apache.http.impl.execchain.RetryExec execute
INFO: I/O exception (java.io.IOException) caught when processing request to {}-&gt;unix://localhost:80: No such file or directory
Jun 02, 2018 7:44:40 AM org.apache.http.impl.execchain.RetryExec execute
INFO: Retrying request to {}-&gt;unix://localhost:80
Jun 02, 2018 7:44:40 AM org.apache.http.impl.execchain.RetryExec execute
INFO: I/O exception (java.io.IOException) caught when processing request to {}-&gt;unix://localhost:80: No such file or directory
Jun 02, 2018 7:44:40 AM org.apache.http.impl.execchain.RetryExec execute
INFO: Retrying request to {}-&gt;unix://localhost:80
Jun 02, 2018 7:44:40 AM org.apache.http.impl.execchain.RetryExec execute
INFO: I/O exception (java.io.IOException) caught when processing request to {}-&gt;unix://localhost:80: No such file or directory
Jun 02, 2018 7:44:40 AM org.apache.http.impl.execchain.RetryExec execute
INFO: Retrying request to {}-&gt;unix://localhost:80
</system-err>
  </testcase>
  <testcase classname="com.spotify.docker.client.DefaultDockerClientTest" name="testPauseBadContainer" time="0.019">
    <error type="java.lang.NullPointerException">java.lang.NullPointerException
	at com.spotify.docker.client.VersionCompare.compareVersion(VersionCompare.java:45)
	at com.spotify.docker.client.DefaultDockerClientTest.dockerApiVersionAtLeast(DefaultDockerClientTest.java:404)
	at com.spotify.docker.client.DefaultDockerClientTest.tearDown(DefaultDockerClientTest.java:356)
	at sun.reflect.GeneratedMethodAccessor11.invoke(Unknown Source)
	at sun.reflect.DelegatingMethodAccessorImpl.invoke(DelegatingMethodAccessorImpl.java:43)
	at java.lang.reflect.Method.invoke(Method.java:498)
	at org.junit.runners.model.FrameworkMethod$1.runReflectiveCall(FrameworkMethod.java:50)
	at org.junit.internal.runners.model.ReflectiveCallable.run(ReflectiveCallable.java:12)
	at org.junit.runners.model.FrameworkMethod.invokeExplosively(FrameworkMethod.java:47)
	at org.junit.internal.runners.statements.RunAfters.evaluate(RunAfters.java:33)
	at org.junit.rules.ExpectedException$ExpectedExceptionStatement.evaluate(ExpectedException.java:239)
	at org.junit.rules.TestWatcher$1.evaluate(TestWatcher.java:55)
	at org.junit.rules.RunRules.evaluate(RunRules.java:20)
	at org.junit.runners.ParentRunner.runLeaf(ParentRunner.java:325)
	at org.junit.runners.BlockJUnit4ClassRunner.runChild(BlockJUnit4ClassRunner.java:78)
	at org.junit.runners.BlockJUnit4ClassRunner.runChild(BlockJUnit4ClassRunner.java:57)
	at org.junit.runners.ParentRunner$3.run(ParentRunner.java:290)
	at org.junit.runners.ParentRunner$1.schedule(ParentRunner.java:71)
	at org.junit.runners.ParentRunner.runChildren(ParentRunner.java:288)
	at org.junit.runners.ParentRunner.access$000(ParentRunner.java:58)
	at org.junit.runners.ParentRunner$2.evaluate(ParentRunner.java:268)
	at org.junit.runners.ParentRunner.run(ParentRunner.java:363)
	at org.apache.maven.surefire.junit4.JUnit4Provider.execute(JUnit4Provider.java:252)
	at org.apache.maven.surefire.junit4.JUnit4Provider.executeTestSet(JUnit4Provider.java:141)
	at org.apache.maven.surefire.junit4.JUnit4Provider.invoke(JUnit4Provider.java:112)
	at sun.reflect.NativeMethodAccessorImpl.invoke0(Native Method)
	at sun.reflect.NativeMethodAccessorImpl.invoke(NativeMethodAccessorImpl.java:62)
	at sun.reflect.DelegatingMethodAccessorImpl.invoke(DelegatingMethodAccessorImpl.java:43)
	at java.lang.reflect.Method.invoke(Method.java:498)
	at org.apache.maven.surefire.util.ReflectionUtils.invokeMethodWithArray(ReflectionUtils.java:189)
	at org.apache.maven.surefire.booter.ProviderFactory$ProviderProxy.invoke(ProviderFactory.java:165)
	at org.apache.maven.surefire.booter.ProviderFactory.invokeProvider(ProviderFactory.java:85)
	at org.apache.maven.surefire.booter.ForkedBooter.runSuitesInProcess(ForkedBooter.java:115)
	at org.apache.maven.surefire.booter.ForkedBooter.main(ForkedBooter.java:75)
</error>
  </testcase>
  <testcase classname="com.spotify.docker.client.DefaultDockerClientTest" name="testRemoveVolume" time="0.019">
    <error message="java.util.concurrent.ExecutionException: javax.ws.rs.ProcessingException: java.io.IOException: No such file or directory" type="com.spotify.docker.client.exceptions.DockerException">com.spotify.docker.client.exceptions.DockerException: java.util.concurrent.ExecutionException: javax.ws.rs.ProcessingException: java.io.IOException: No such file or directory
	at com.spotify.docker.client.DefaultDockerClient.propagate(DefaultDockerClient.java:2812)
	at com.spotify.docker.client.DefaultDockerClient.request(DefaultDockerClient.java:2676)
	at com.spotify.docker.client.DefaultDockerClient.version(DefaultDockerClient.java:572)
	at com.spotify.docker.client.DefaultDockerClientTest.setup(DefaultDockerClientTest.java:349)
	at sun.reflect.GeneratedMethodAccessor10.invoke(Unknown Source)
	at sun.reflect.DelegatingMethodAccessorImpl.invoke(DelegatingMethodAccessorImpl.java:43)
	at java.lang.reflect.Method.invoke(Method.java:498)
	at org.junit.runners.model.FrameworkMethod$1.runReflectiveCall(FrameworkMethod.java:50)
	at org.junit.internal.runners.model.ReflectiveCallable.run(ReflectiveCallable.java:12)
	at org.junit.runners.model.FrameworkMethod.invokeExplosively(FrameworkMethod.java:47)
	at org.junit.internal.runners.statements.RunBefores.evaluate(RunBefores.java:24)
	at org.junit.internal.runners.statements.RunAfters.evaluate(RunAfters.java:27)
	at org.junit.rules.ExpectedException$ExpectedExceptionStatement.evaluate(ExpectedException.java:239)
	at org.junit.rules.TestWatcher$1.evaluate(TestWatcher.java:55)
	at org.junit.rules.RunRules.evaluate(RunRules.java:20)
	at org.junit.runners.ParentRunner.runLeaf(ParentRunner.java:325)
	at org.junit.runners.BlockJUnit4ClassRunner.runChild(BlockJUnit4ClassRunner.java:78)
	at org.junit.runners.BlockJUnit4ClassRunner.runChild(BlockJUnit4ClassRunner.java:57)
	at org.junit.runners.ParentRunner$3.run(ParentRunner.java:290)
	at org.junit.runners.ParentRunner$1.schedule(ParentRunner.java:71)
	at org.junit.runners.ParentRunner.runChildren(ParentRunner.java:288)
	at org.junit.runners.ParentRunner.access$000(ParentRunner.java:58)
	at org.junit.runners.ParentRunner$2.evaluate(ParentRunner.java:268)
	at org.junit.runners.ParentRunner.run(ParentRunner.java:363)
	at org.apache.maven.surefire.junit4.JUnit4Provider.execute(JUnit4Provider.java:252)
	at org.apache.maven.surefire.junit4.JUnit4Provider.executeTestSet(JUnit4Provider.java:141)
	at org.apache.maven.surefire.junit4.JUnit4Provider.invoke(JUnit4Provider.java:112)
	at sun.reflect.NativeMethodAccessorImpl.invoke0(Native Method)
	at sun.reflect.NativeMethodAccessorImpl.invoke(NativeMethodAccessorImpl.java:62)
	at sun.reflect.DelegatingMethodAccessorImpl.invoke(DelegatingMethodAccessorImpl.java:43)
	at java.lang.reflect.Method.invoke(Method.java:498)
	at org.apache.maven.surefire.util.ReflectionUtils.invokeMethodWithArray(ReflectionUtils.java:189)
	at org.apache.maven.surefire.booter.ProviderFactory$ProviderProxy.invoke(ProviderFactory.java:165)
	at org.apache.maven.surefire.booter.ProviderFactory.invokeProvider(ProviderFactory.java:85)
	at org.apache.maven.surefire.booter.ForkedBooter.runSuitesInProcess(ForkedBooter.java:115)
	at org.apache.maven.surefire.booter.ForkedBooter.main(ForkedBooter.java:75)
Caused by: java.util.concurrent.ExecutionException: javax.ws.rs.ProcessingException: java.io.IOException: No such file or directory
	at jersey.repackaged.com.google.common.util.concurrent.AbstractFuture$Sync.getValue(AbstractFuture.java:299)
	at jersey.repackaged.com.google.common.util.concurrent.AbstractFuture$Sync.get(AbstractFuture.java:286)
	at jersey.repackaged.com.google.common.util.concurrent.AbstractFuture.get(AbstractFuture.java:116)
	at com.spotify.docker.client.DefaultDockerClient.request(DefaultDockerClient.java:2674)
	... 34 more
Caused by: javax.ws.rs.ProcessingException: java.io.IOException: No such file or directory
	at org.glassfish.jersey.apache.connector.ApacheConnector.apply(ApacheConnector.java:481)
	at org.glassfish.jersey.apache.connector.ApacheConnector$1.run(ApacheConnector.java:491)
	at java.util.concurrent.Executors$RunnableAdapter.call(Executors.java:511)
	at java.util.concurrent.FutureTask.run(FutureTask.java:266)
	at jersey.repackaged.com.google.common.util.concurrent.MoreExecutors$DirectExecutorService.execute(MoreExecutors.java:299)
	at java.util.concurrent.AbstractExecutorService.submit(AbstractExecutorService.java:112)
	at jersey.repackaged.com.google.common.util.concurrent.AbstractListeningExecutorService.submit(AbstractListeningExecutorService.java:50)
	at jersey.repackaged.com.google.common.util.concurrent.AbstractListeningExecutorService.submit(AbstractListeningExecutorService.java:37)
	at org.glassfish.jersey.apache.connector.ApacheConnector.apply(ApacheConnector.java:487)
	at org.glassfish.jersey.client.ClientRuntime$2.run(ClientRuntime.java:178)
	at org.glassfish.jersey.internal.Errors$1.call(Errors.java:271)
	at org.glassfish.jersey.internal.Errors$1.call(Errors.java:267)
	at org.glassfish.jersey.internal.Errors.process(Errors.java:315)
	at org.glassfish.jersey.internal.Errors.process(Errors.java:297)
	at org.glassfish.jersey.internal.Errors.process(Errors.java:267)
	at org.glassfish.jersey.process.internal.RequestScope.runInScope(RequestScope.java:340)
	at org.glassfish.jersey.client.ClientRuntime$3.run(ClientRuntime.java:210)
	at java.util.concurrent.Executors$RunnableAdapter.call(Executors.java:511)
	at java.util.concurrent.FutureTask.run(FutureTask.java:266)
	at java.util.concurrent.ThreadPoolExecutor.runWorker(ThreadPoolExecutor.java:1142)
	at java.util.concurrent.ThreadPoolExecutor$Worker.run(ThreadPoolExecutor.java:617)
	at java.lang.Thread.run(Thread.java:745)
Caused by: java.io.IOException: No such file or directory
	at jnr.unixsocket.UnixSocketChannel.doConnect(UnixSocketChannel.java:127)
	at jnr.unixsocket.UnixSocketChannel.connect(UnixSocketChannel.java:136)
	at jnr.unixsocket.UnixSocketChannel.connect(UnixSocketChannel.java:223)
	at com.spotify.docker.client.UnixConnectionSocketFactory.connectSocket(UnixConnectionSocketFactory.java:85)
	at org.apache.http.impl.conn.DefaultHttpClientConnectionOperator.connect(DefaultHttpClientConnectionOperator.java:134)
	at org.apache.http.impl.conn.PoolingHttpClientConnectionManager.connect(PoolingHttpClientConnectionManager.java:353)
	at org.apache.http.impl.execchain.MainClientExec.establishRoute(MainClientExec.java:380)
	at org.apache.http.impl.execchain.MainClientExec.execute(MainClientExec.java:236)
	at org.apache.http.impl.execchain.ProtocolExec.execute(ProtocolExec.java:184)
	at org.apache.http.impl.execchain.RetryExec.execute(RetryExec.java:88)
	at org.apache.http.impl.execchain.RedirectExec.execute(RedirectExec.java:110)
	at org.apache.http.impl.client.InternalHttpClient.doExecute(InternalHttpClient.java:184)
	at org.apache.http.impl.client.CloseableHttpClient.execute(CloseableHttpClient.java:71)
	at org.glassfish.jersey.apache.connector.ApacheConnector.apply(ApacheConnector.java:435)
	... 21 more
</error>
    <system-err>Jun 02, 2018 7:44:40 AM org.apache.http.impl.execchain.RetryExec execute
INFO: I/O exception (java.io.IOException) caught when processing request to {}-&gt;unix://localhost:80: No such file or directory
Jun 02, 2018 7:44:40 AM org.apache.http.impl.execchain.RetryExec execute
INFO: Retrying request to {}-&gt;unix://localhost:80
Jun 02, 2018 7:44:40 AM org.apache.http.impl.execchain.RetryExec execute
INFO: I/O exception (java.io.IOException) caught when processing request to {}-&gt;unix://localhost:80: No such file or directory
Jun 02, 2018 7:44:40 AM org.apache.http.impl.execchain.RetryExec execute
INFO: Retrying request to {}-&gt;unix://localhost:80
Jun 02, 2018 7:44:40 AM org.apache.http.impl.execchain.RetryExec execute
INFO: I/O exception (java.io.IOException) caught when processing request to {}-&gt;unix://localhost:80: No such file or directory
Jun 02, 2018 7:44:40 AM org.apache.http.impl.execchain.RetryExec execute
INFO: Retrying request to {}-&gt;unix://localhost:80
</system-err>
  </testcase>
  <testcase classname="com.spotify.docker.client.DefaultDockerClientTest" name="testRemoveVolume" time="0.019">
    <error type="java.lang.NullPointerException">java.lang.NullPointerException
	at com.spotify.docker.client.VersionCompare.compareVersion(VersionCompare.java:45)
	at com.spotify.docker.client.DefaultDockerClientTest.dockerApiVersionAtLeast(DefaultDockerClientTest.java:404)
	at com.spotify.docker.client.DefaultDockerClientTest.tearDown(DefaultDockerClientTest.java:356)
	at sun.reflect.GeneratedMethodAccessor11.invoke(Unknown Source)
	at sun.reflect.DelegatingMethodAccessorImpl.invoke(DelegatingMethodAccessorImpl.java:43)
	at java.lang.reflect.Method.invoke(Method.java:498)
	at org.junit.runners.model.FrameworkMethod$1.runReflectiveCall(FrameworkMethod.java:50)
	at org.junit.internal.runners.model.ReflectiveCallable.run(ReflectiveCallable.java:12)
	at org.junit.runners.model.FrameworkMethod.invokeExplosively(FrameworkMethod.java:47)
	at org.junit.internal.runners.statements.RunAfters.evaluate(RunAfters.java:33)
	at org.junit.rules.ExpectedException$ExpectedExceptionStatement.evaluate(ExpectedException.java:239)
	at org.junit.rules.TestWatcher$1.evaluate(TestWatcher.java:55)
	at org.junit.rules.RunRules.evaluate(RunRules.java:20)
	at org.junit.runners.ParentRunner.runLeaf(ParentRunner.java:325)
	at org.junit.runners.BlockJUnit4ClassRunner.runChild(BlockJUnit4ClassRunner.java:78)
	at org.junit.runners.BlockJUnit4ClassRunner.runChild(BlockJUnit4ClassRunner.java:57)
	at org.junit.runners.ParentRunner$3.run(ParentRunner.java:290)
	at org.junit.runners.ParentRunner$1.schedule(ParentRunner.java:71)
	at org.junit.runners.ParentRunner.runChildren(ParentRunner.java:288)
	at org.junit.runners.ParentRunner.access$000(ParentRunner.java:58)
	at org.junit.runners.ParentRunner$2.evaluate(ParentRunner.java:268)
	at org.junit.runners.ParentRunner.run(ParentRunner.java:363)
	at org.apache.maven.surefire.junit4.JUnit4Provider.execute(JUnit4Provider.java:252)
	at org.apache.maven.surefire.junit4.JUnit4Provider.executeTestSet(JUnit4Provider.java:141)
	at org.apache.maven.surefire.junit4.JUnit4Provider.invoke(JUnit4Provider.java:112)
	at sun.reflect.NativeMethodAccessorImpl.invoke0(Native Method)
	at sun.reflect.NativeMethodAccessorImpl.invoke(NativeMethodAccessorImpl.java:62)
	at sun.reflect.DelegatingMethodAccessorImpl.invoke(DelegatingMethodAccessorImpl.java:43)
	at java.lang.reflect.Method.invoke(Method.java:498)
	at org.apache.maven.surefire.util.ReflectionUtils.invokeMethodWithArray(ReflectionUtils.java:189)
	at org.apache.maven.surefire.booter.ProviderFactory$ProviderProxy.invoke(ProviderFactory.java:165)
	at org.apache.maven.surefire.booter.ProviderFactory.invokeProvider(ProviderFactory.java:85)
	at org.apache.maven.surefire.booter.ForkedBooter.runSuitesInProcess(ForkedBooter.java:115)
	at org.apache.maven.surefire.booter.ForkedBooter.main(ForkedBooter.java:75)
</error>
  </testcase>
  <testcase classname="com.spotify.docker.client.DefaultDockerClientTest" name="testEventTypes" time="0.023">
    <error message="java.util.concurrent.ExecutionException: javax.ws.rs.ProcessingException: java.io.IOException: No such file or directory" type="com.spotify.docker.client.exceptions.DockerException">com.spotify.docker.client.exceptions.DockerException: java.util.concurrent.ExecutionException: javax.ws.rs.ProcessingException: java.io.IOException: No such file or directory
	at com.spotify.docker.client.DefaultDockerClient.propagate(DefaultDockerClient.java:2812)
	at com.spotify.docker.client.DefaultDockerClient.request(DefaultDockerClient.java:2676)
	at com.spotify.docker.client.DefaultDockerClient.version(DefaultDockerClient.java:572)
	at com.spotify.docker.client.DefaultDockerClientTest.setup(DefaultDockerClientTest.java:349)
	at sun.reflect.GeneratedMethodAccessor10.invoke(Unknown Source)
	at sun.reflect.DelegatingMethodAccessorImpl.invoke(DelegatingMethodAccessorImpl.java:43)
	at java.lang.reflect.Method.invoke(Method.java:498)
	at org.junit.runners.model.FrameworkMethod$1.runReflectiveCall(FrameworkMethod.java:50)
	at org.junit.internal.runners.model.ReflectiveCallable.run(ReflectiveCallable.java:12)
	at org.junit.runners.model.FrameworkMethod.invokeExplosively(FrameworkMethod.java:47)
	at org.junit.internal.runners.statements.RunBefores.evaluate(RunBefores.java:24)
	at org.junit.internal.runners.statements.RunAfters.evaluate(RunAfters.java:27)
	at org.junit.rules.ExpectedException$ExpectedExceptionStatement.evaluate(ExpectedException.java:239)
	at org.junit.rules.TestWatcher$1.evaluate(TestWatcher.java:55)
	at org.junit.rules.RunRules.evaluate(RunRules.java:20)
	at org.junit.runners.ParentRunner.runLeaf(ParentRunner.java:325)
	at org.junit.runners.BlockJUnit4ClassRunner.runChild(BlockJUnit4ClassRunner.java:78)
	at org.junit.runners.BlockJUnit4ClassRunner.runChild(BlockJUnit4ClassRunner.java:57)
	at org.junit.runners.ParentRunner$3.run(ParentRunner.java:290)
	at org.junit.runners.ParentRunner$1.schedule(ParentRunner.java:71)
	at org.junit.runners.ParentRunner.runChildren(ParentRunner.java:288)
	at org.junit.runners.ParentRunner.access$000(ParentRunner.java:58)
	at org.junit.runners.ParentRunner$2.evaluate(ParentRunner.java:268)
	at org.junit.runners.ParentRunner.run(ParentRunner.java:363)
	at org.apache.maven.surefire.junit4.JUnit4Provider.execute(JUnit4Provider.java:252)
	at org.apache.maven.surefire.junit4.JUnit4Provider.executeTestSet(JUnit4Provider.java:141)
	at org.apache.maven.surefire.junit4.JUnit4Provider.invoke(JUnit4Provider.java:112)
	at sun.reflect.NativeMethodAccessorImpl.invoke0(Native Method)
	at sun.reflect.NativeMethodAccessorImpl.invoke(NativeMethodAccessorImpl.java:62)
	at sun.reflect.DelegatingMethodAccessorImpl.invoke(DelegatingMethodAccessorImpl.java:43)
	at java.lang.reflect.Method.invoke(Method.java:498)
	at org.apache.maven.surefire.util.ReflectionUtils.invokeMethodWithArray(ReflectionUtils.java:189)
	at org.apache.maven.surefire.booter.ProviderFactory$ProviderProxy.invoke(ProviderFactory.java:165)
	at org.apache.maven.surefire.booter.ProviderFactory.invokeProvider(ProviderFactory.java:85)
	at org.apache.maven.surefire.booter.ForkedBooter.runSuitesInProcess(ForkedBooter.java:115)
	at org.apache.maven.surefire.booter.ForkedBooter.main(ForkedBooter.java:75)
Caused by: java.util.concurrent.ExecutionException: javax.ws.rs.ProcessingException: java.io.IOException: No such file or directory
	at jersey.repackaged.com.google.common.util.concurrent.AbstractFuture$Sync.getValue(AbstractFuture.java:299)
	at jersey.repackaged.com.google.common.util.concurrent.AbstractFuture$Sync.get(AbstractFuture.java:286)
	at jersey.repackaged.com.google.common.util.concurrent.AbstractFuture.get(AbstractFuture.java:116)
	at com.spotify.docker.client.DefaultDockerClient.request(DefaultDockerClient.java:2674)
	... 34 more
Caused by: javax.ws.rs.ProcessingException: java.io.IOException: No such file or directory
	at org.glassfish.jersey.apache.connector.ApacheConnector.apply(ApacheConnector.java:481)
	at org.glassfish.jersey.apache.connector.ApacheConnector$1.run(ApacheConnector.java:491)
	at java.util.concurrent.Executors$RunnableAdapter.call(Executors.java:511)
	at java.util.concurrent.FutureTask.run(FutureTask.java:266)
	at jersey.repackaged.com.google.common.util.concurrent.MoreExecutors$DirectExecutorService.execute(MoreExecutors.java:299)
	at java.util.concurrent.AbstractExecutorService.submit(AbstractExecutorService.java:112)
	at jersey.repackaged.com.google.common.util.concurrent.AbstractListeningExecutorService.submit(AbstractListeningExecutorService.java:50)
	at jersey.repackaged.com.google.common.util.concurrent.AbstractListeningExecutorService.submit(AbstractListeningExecutorService.java:37)
	at org.glassfish.jersey.apache.connector.ApacheConnector.apply(ApacheConnector.java:487)
	at org.glassfish.jersey.client.ClientRuntime$2.run(ClientRuntime.java:178)
	at org.glassfish.jersey.internal.Errors$1.call(Errors.java:271)
	at org.glassfish.jersey.internal.Errors$1.call(Errors.java:267)
	at org.glassfish.jersey.internal.Errors.process(Errors.java:315)
	at org.glassfish.jersey.internal.Errors.process(Errors.java:297)
	at org.glassfish.jersey.internal.Errors.process(Errors.java:267)
	at org.glassfish.jersey.process.internal.RequestScope.runInScope(RequestScope.java:340)
	at org.glassfish.jersey.client.ClientRuntime$3.run(ClientRuntime.java:210)
	at java.util.concurrent.Executors$RunnableAdapter.call(Executors.java:511)
	at java.util.concurrent.FutureTask.run(FutureTask.java:266)
	at java.util.concurrent.ThreadPoolExecutor.runWorker(ThreadPoolExecutor.java:1142)
	at java.util.concurrent.ThreadPoolExecutor$Worker.run(ThreadPoolExecutor.java:617)
	at java.lang.Thread.run(Thread.java:745)
Caused by: java.io.IOException: No such file or directory
	at jnr.unixsocket.UnixSocketChannel.doConnect(UnixSocketChannel.java:127)
	at jnr.unixsocket.UnixSocketChannel.connect(UnixSocketChannel.java:136)
	at jnr.unixsocket.UnixSocketChannel.connect(UnixSocketChannel.java:223)
	at com.spotify.docker.client.UnixConnectionSocketFactory.connectSocket(UnixConnectionSocketFactory.java:85)
	at org.apache.http.impl.conn.DefaultHttpClientConnectionOperator.connect(DefaultHttpClientConnectionOperator.java:134)
	at org.apache.http.impl.conn.PoolingHttpClientConnectionManager.connect(PoolingHttpClientConnectionManager.java:353)
	at org.apache.http.impl.execchain.MainClientExec.establishRoute(MainClientExec.java:380)
	at org.apache.http.impl.execchain.MainClientExec.execute(MainClientExec.java:236)
	at org.apache.http.impl.execchain.ProtocolExec.execute(ProtocolExec.java:184)
	at org.apache.http.impl.execchain.RetryExec.execute(RetryExec.java:88)
	at org.apache.http.impl.execchain.RedirectExec.execute(RedirectExec.java:110)
	at org.apache.http.impl.client.InternalHttpClient.doExecute(InternalHttpClient.java:184)
	at org.apache.http.impl.client.CloseableHttpClient.execute(CloseableHttpClient.java:71)
	at org.glassfish.jersey.apache.connector.ApacheConnector.apply(ApacheConnector.java:435)
	... 21 more
</error>
    <system-err>Jun 02, 2018 7:44:40 AM org.apache.http.impl.execchain.RetryExec execute
INFO: I/O exception (java.io.IOException) caught when processing request to {}-&gt;unix://localhost:80: No such file or directory
Jun 02, 2018 7:44:40 AM org.apache.http.impl.execchain.RetryExec execute
INFO: Retrying request to {}-&gt;unix://localhost:80
Jun 02, 2018 7:44:40 AM org.apache.http.impl.execchain.RetryExec execute
INFO: I/O exception (java.io.IOException) caught when processing request to {}-&gt;unix://localhost:80: No such file or directory
Jun 02, 2018 7:44:40 AM org.apache.http.impl.execchain.RetryExec execute
INFO: Retrying request to {}-&gt;unix://localhost:80
Jun 02, 2018 7:44:40 AM org.apache.http.impl.execchain.RetryExec execute
INFO: I/O exception (java.io.IOException) caught when processing request to {}-&gt;unix://localhost:80: No such file or directory
Jun 02, 2018 7:44:40 AM org.apache.http.impl.execchain.RetryExec execute
INFO: Retrying request to {}-&gt;unix://localhost:80
</system-err>
  </testcase>
  <testcase classname="com.spotify.docker.client.DefaultDockerClientTest" name="testEventTypes" time="0.023">
    <error type="java.lang.NullPointerException">java.lang.NullPointerException
	at com.spotify.docker.client.VersionCompare.compareVersion(VersionCompare.java:45)
	at com.spotify.docker.client.DefaultDockerClientTest.dockerApiVersionAtLeast(DefaultDockerClientTest.java:404)
	at com.spotify.docker.client.DefaultDockerClientTest.tearDown(DefaultDockerClientTest.java:356)
	at sun.reflect.GeneratedMethodAccessor11.invoke(Unknown Source)
	at sun.reflect.DelegatingMethodAccessorImpl.invoke(DelegatingMethodAccessorImpl.java:43)
	at java.lang.reflect.Method.invoke(Method.java:498)
	at org.junit.runners.model.FrameworkMethod$1.runReflectiveCall(FrameworkMethod.java:50)
	at org.junit.internal.runners.model.ReflectiveCallable.run(ReflectiveCallable.java:12)
	at org.junit.runners.model.FrameworkMethod.invokeExplosively(FrameworkMethod.java:47)
	at org.junit.internal.runners.statements.RunAfters.evaluate(RunAfters.java:33)
	at org.junit.rules.ExpectedException$ExpectedExceptionStatement.evaluate(ExpectedException.java:239)
	at org.junit.rules.TestWatcher$1.evaluate(TestWatcher.java:55)
	at org.junit.rules.RunRules.evaluate(RunRules.java:20)
	at org.junit.runners.ParentRunner.runLeaf(ParentRunner.java:325)
	at org.junit.runners.BlockJUnit4ClassRunner.runChild(BlockJUnit4ClassRunner.java:78)
	at org.junit.runners.BlockJUnit4ClassRunner.runChild(BlockJUnit4ClassRunner.java:57)
	at org.junit.runners.ParentRunner$3.run(ParentRunner.java:290)
	at org.junit.runners.ParentRunner$1.schedule(ParentRunner.java:71)
	at org.junit.runners.ParentRunner.runChildren(ParentRunner.java:288)
	at org.junit.runners.ParentRunner.access$000(ParentRunner.java:58)
	at org.junit.runners.ParentRunner$2.evaluate(ParentRunner.java:268)
	at org.junit.runners.ParentRunner.run(ParentRunner.java:363)
	at org.apache.maven.surefire.junit4.JUnit4Provider.execute(JUnit4Provider.java:252)
	at org.apache.maven.surefire.junit4.JUnit4Provider.executeTestSet(JUnit4Provider.java:141)
	at org.apache.maven.surefire.junit4.JUnit4Provider.invoke(JUnit4Provider.java:112)
	at sun.reflect.NativeMethodAccessorImpl.invoke0(Native Method)
	at sun.reflect.NativeMethodAccessorImpl.invoke(NativeMethodAccessorImpl.java:62)
	at sun.reflect.DelegatingMethodAccessorImpl.invoke(DelegatingMethodAccessorImpl.java:43)
	at java.lang.reflect.Method.invoke(Method.java:498)
	at org.apache.maven.surefire.util.ReflectionUtils.invokeMethodWithArray(ReflectionUtils.java:189)
	at org.apache.maven.surefire.booter.ProviderFactory$ProviderProxy.invoke(ProviderFactory.java:165)
	at org.apache.maven.surefire.booter.ProviderFactory.invokeProvider(ProviderFactory.java:85)
	at org.apache.maven.surefire.booter.ForkedBooter.runSuitesInProcess(ForkedBooter.java:115)
	at org.apache.maven.surefire.booter.ForkedBooter.main(ForkedBooter.java:75)
</error>
  </testcase>
  <testcase classname="com.spotify.docker.client.DefaultDockerClientTest" name="testSecretOperations" time="0.023">
    <error message="java.util.concurrent.ExecutionException: javax.ws.rs.ProcessingException: java.io.IOException: No such file or directory" type="com.spotify.docker.client.exceptions.DockerException">com.spotify.docker.client.exceptions.DockerException: java.util.concurrent.ExecutionException: javax.ws.rs.ProcessingException: java.io.IOException: No such file or directory
	at com.spotify.docker.client.DefaultDockerClient.propagate(DefaultDockerClient.java:2812)
	at com.spotify.docker.client.DefaultDockerClient.request(DefaultDockerClient.java:2676)
	at com.spotify.docker.client.DefaultDockerClient.version(DefaultDockerClient.java:572)
	at com.spotify.docker.client.DefaultDockerClientTest.setup(DefaultDockerClientTest.java:349)
	at sun.reflect.GeneratedMethodAccessor10.invoke(Unknown Source)
	at sun.reflect.DelegatingMethodAccessorImpl.invoke(DelegatingMethodAccessorImpl.java:43)
	at java.lang.reflect.Method.invoke(Method.java:498)
	at org.junit.runners.model.FrameworkMethod$1.runReflectiveCall(FrameworkMethod.java:50)
	at org.junit.internal.runners.model.ReflectiveCallable.run(ReflectiveCallable.java:12)
	at org.junit.runners.model.FrameworkMethod.invokeExplosively(FrameworkMethod.java:47)
	at org.junit.internal.runners.statements.RunBefores.evaluate(RunBefores.java:24)
	at org.junit.internal.runners.statements.RunAfters.evaluate(RunAfters.java:27)
	at org.junit.rules.ExpectedException$ExpectedExceptionStatement.evaluate(ExpectedException.java:239)
	at org.junit.rules.TestWatcher$1.evaluate(TestWatcher.java:55)
	at org.junit.rules.RunRules.evaluate(RunRules.java:20)
	at org.junit.runners.ParentRunner.runLeaf(ParentRunner.java:325)
	at org.junit.runners.BlockJUnit4ClassRunner.runChild(BlockJUnit4ClassRunner.java:78)
	at org.junit.runners.BlockJUnit4ClassRunner.runChild(BlockJUnit4ClassRunner.java:57)
	at org.junit.runners.ParentRunner$3.run(ParentRunner.java:290)
	at org.junit.runners.ParentRunner$1.schedule(ParentRunner.java:71)
	at org.junit.runners.ParentRunner.runChildren(ParentRunner.java:288)
	at org.junit.runners.ParentRunner.access$000(ParentRunner.java:58)
	at org.junit.runners.ParentRunner$2.evaluate(ParentRunner.java:268)
	at org.junit.runners.ParentRunner.run(ParentRunner.java:363)
	at org.apache.maven.surefire.junit4.JUnit4Provider.execute(JUnit4Provider.java:252)
	at org.apache.maven.surefire.junit4.JUnit4Provider.executeTestSet(JUnit4Provider.java:141)
	at org.apache.maven.surefire.junit4.JUnit4Provider.invoke(JUnit4Provider.java:112)
	at sun.reflect.NativeMethodAccessorImpl.invoke0(Native Method)
	at sun.reflect.NativeMethodAccessorImpl.invoke(NativeMethodAccessorImpl.java:62)
	at sun.reflect.DelegatingMethodAccessorImpl.invoke(DelegatingMethodAccessorImpl.java:43)
	at java.lang.reflect.Method.invoke(Method.java:498)
	at org.apache.maven.surefire.util.ReflectionUtils.invokeMethodWithArray(ReflectionUtils.java:189)
	at org.apache.maven.surefire.booter.ProviderFactory$ProviderProxy.invoke(ProviderFactory.java:165)
	at org.apache.maven.surefire.booter.ProviderFactory.invokeProvider(ProviderFactory.java:85)
	at org.apache.maven.surefire.booter.ForkedBooter.runSuitesInProcess(ForkedBooter.java:115)
	at org.apache.maven.surefire.booter.ForkedBooter.main(ForkedBooter.java:75)
Caused by: java.util.concurrent.ExecutionException: javax.ws.rs.ProcessingException: java.io.IOException: No such file or directory
	at jersey.repackaged.com.google.common.util.concurrent.AbstractFuture$Sync.getValue(AbstractFuture.java:299)
	at jersey.repackaged.com.google.common.util.concurrent.AbstractFuture$Sync.get(AbstractFuture.java:286)
	at jersey.repackaged.com.google.common.util.concurrent.AbstractFuture.get(AbstractFuture.java:116)
	at com.spotify.docker.client.DefaultDockerClient.request(DefaultDockerClient.java:2674)
	... 34 more
Caused by: javax.ws.rs.ProcessingException: java.io.IOException: No such file or directory
	at org.glassfish.jersey.apache.connector.ApacheConnector.apply(ApacheConnector.java:481)
	at org.glassfish.jersey.apache.connector.ApacheConnector$1.run(ApacheConnector.java:491)
	at java.util.concurrent.Executors$RunnableAdapter.call(Executors.java:511)
	at java.util.concurrent.FutureTask.run(FutureTask.java:266)
	at jersey.repackaged.com.google.common.util.concurrent.MoreExecutors$DirectExecutorService.execute(MoreExecutors.java:299)
	at java.util.concurrent.AbstractExecutorService.submit(AbstractExecutorService.java:112)
	at jersey.repackaged.com.google.common.util.concurrent.AbstractListeningExecutorService.submit(AbstractListeningExecutorService.java:50)
	at jersey.repackaged.com.google.common.util.concurrent.AbstractListeningExecutorService.submit(AbstractListeningExecutorService.java:37)
	at org.glassfish.jersey.apache.connector.ApacheConnector.apply(ApacheConnector.java:487)
	at org.glassfish.jersey.client.ClientRuntime$2.run(ClientRuntime.java:178)
	at org.glassfish.jersey.internal.Errors$1.call(Errors.java:271)
	at org.glassfish.jersey.internal.Errors$1.call(Errors.java:267)
	at org.glassfish.jersey.internal.Errors.process(Errors.java:315)
	at org.glassfish.jersey.internal.Errors.process(Errors.java:297)
	at org.glassfish.jersey.internal.Errors.process(Errors.java:267)
	at org.glassfish.jersey.process.internal.RequestScope.runInScope(RequestScope.java:340)
	at org.glassfish.jersey.client.ClientRuntime$3.run(ClientRuntime.java:210)
	at java.util.concurrent.Executors$RunnableAdapter.call(Executors.java:511)
	at java.util.concurrent.FutureTask.run(FutureTask.java:266)
	at java.util.concurrent.ThreadPoolExecutor.runWorker(ThreadPoolExecutor.java:1142)
	at java.util.concurrent.ThreadPoolExecutor$Worker.run(ThreadPoolExecutor.java:617)
	at java.lang.Thread.run(Thread.java:745)
Caused by: java.io.IOException: No such file or directory
	at jnr.unixsocket.UnixSocketChannel.doConnect(UnixSocketChannel.java:127)
	at jnr.unixsocket.UnixSocketChannel.connect(UnixSocketChannel.java:136)
	at jnr.unixsocket.UnixSocketChannel.connect(UnixSocketChannel.java:223)
	at com.spotify.docker.client.UnixConnectionSocketFactory.connectSocket(UnixConnectionSocketFactory.java:85)
	at org.apache.http.impl.conn.DefaultHttpClientConnectionOperator.connect(DefaultHttpClientConnectionOperator.java:134)
	at org.apache.http.impl.conn.PoolingHttpClientConnectionManager.connect(PoolingHttpClientConnectionManager.java:353)
	at org.apache.http.impl.execchain.MainClientExec.establishRoute(MainClientExec.java:380)
	at org.apache.http.impl.execchain.MainClientExec.execute(MainClientExec.java:236)
	at org.apache.http.impl.execchain.ProtocolExec.execute(ProtocolExec.java:184)
	at org.apache.http.impl.execchain.RetryExec.execute(RetryExec.java:88)
	at org.apache.http.impl.execchain.RedirectExec.execute(RedirectExec.java:110)
	at org.apache.http.impl.client.InternalHttpClient.doExecute(InternalHttpClient.java:184)
	at org.apache.http.impl.client.CloseableHttpClient.execute(CloseableHttpClient.java:71)
	at org.glassfish.jersey.apache.connector.ApacheConnector.apply(ApacheConnector.java:435)
	... 21 more
</error>
    <system-err>Jun 02, 2018 7:44:40 AM org.apache.http.impl.execchain.RetryExec execute
INFO: I/O exception (java.io.IOException) caught when processing request to {}-&gt;unix://localhost:80: No such file or directory
Jun 02, 2018 7:44:40 AM org.apache.http.impl.execchain.RetryExec execute
INFO: Retrying request to {}-&gt;unix://localhost:80
Jun 02, 2018 7:44:40 AM org.apache.http.impl.execchain.RetryExec execute
INFO: I/O exception (java.io.IOException) caught when processing request to {}-&gt;unix://localhost:80: No such file or directory
Jun 02, 2018 7:44:40 AM org.apache.http.impl.execchain.RetryExec execute
INFO: Retrying request to {}-&gt;unix://localhost:80
Jun 02, 2018 7:44:40 AM org.apache.http.impl.execchain.RetryExec execute
INFO: I/O exception (java.io.IOException) caught when processing request to {}-&gt;unix://localhost:80: No such file or directory
Jun 02, 2018 7:44:40 AM org.apache.http.impl.execchain.RetryExec execute
INFO: Retrying request to {}-&gt;unix://localhost:80
</system-err>
  </testcase>
  <testcase classname="com.spotify.docker.client.DefaultDockerClientTest" name="testSecretOperations" time="0.023">
    <error type="java.lang.NullPointerException">java.lang.NullPointerException
	at com.spotify.docker.client.VersionCompare.compareVersion(VersionCompare.java:45)
	at com.spotify.docker.client.DefaultDockerClientTest.dockerApiVersionAtLeast(DefaultDockerClientTest.java:404)
	at com.spotify.docker.client.DefaultDockerClientTest.tearDown(DefaultDockerClientTest.java:356)
	at sun.reflect.GeneratedMethodAccessor11.invoke(Unknown Source)
	at sun.reflect.DelegatingMethodAccessorImpl.invoke(DelegatingMethodAccessorImpl.java:43)
	at java.lang.reflect.Method.invoke(Method.java:498)
	at org.junit.runners.model.FrameworkMethod$1.runReflectiveCall(FrameworkMethod.java:50)
	at org.junit.internal.runners.model.ReflectiveCallable.run(ReflectiveCallable.java:12)
	at org.junit.runners.model.FrameworkMethod.invokeExplosively(FrameworkMethod.java:47)
	at org.junit.internal.runners.statements.RunAfters.evaluate(RunAfters.java:33)
	at org.junit.rules.ExpectedException$ExpectedExceptionStatement.evaluate(ExpectedException.java:239)
	at org.junit.rules.TestWatcher$1.evaluate(TestWatcher.java:55)
	at org.junit.rules.RunRules.evaluate(RunRules.java:20)
	at org.junit.runners.ParentRunner.runLeaf(ParentRunner.java:325)
	at org.junit.runners.BlockJUnit4ClassRunner.runChild(BlockJUnit4ClassRunner.java:78)
	at org.junit.runners.BlockJUnit4ClassRunner.runChild(BlockJUnit4ClassRunner.java:57)
	at org.junit.runners.ParentRunner$3.run(ParentRunner.java:290)
	at org.junit.runners.ParentRunner$1.schedule(ParentRunner.java:71)
	at org.junit.runners.ParentRunner.runChildren(ParentRunner.java:288)
	at org.junit.runners.ParentRunner.access$000(ParentRunner.java:58)
	at org.junit.runners.ParentRunner$2.evaluate(ParentRunner.java:268)
	at org.junit.runners.ParentRunner.run(ParentRunner.java:363)
	at org.apache.maven.surefire.junit4.JUnit4Provider.execute(JUnit4Provider.java:252)
	at org.apache.maven.surefire.junit4.JUnit4Provider.executeTestSet(JUnit4Provider.java:141)
	at org.apache.maven.surefire.junit4.JUnit4Provider.invoke(JUnit4Provider.java:112)
	at sun.reflect.NativeMethodAccessorImpl.invoke0(Native Method)
	at sun.reflect.NativeMethodAccessorImpl.invoke(NativeMethodAccessorImpl.java:62)
	at sun.reflect.DelegatingMethodAccessorImpl.invoke(DelegatingMethodAccessorImpl.java:43)
	at java.lang.reflect.Method.invoke(Method.java:498)
	at org.apache.maven.surefire.util.ReflectionUtils.invokeMethodWithArray(ReflectionUtils.java:189)
	at org.apache.maven.surefire.booter.ProviderFactory$ProviderProxy.invoke(ProviderFactory.java:165)
	at org.apache.maven.surefire.booter.ProviderFactory.invokeProvider(ProviderFactory.java:85)
	at org.apache.maven.surefire.booter.ForkedBooter.runSuitesInProcess(ForkedBooter.java:115)
	at org.apache.maven.surefire.booter.ForkedBooter.main(ForkedBooter.java:75)
</error>
  </testcase>
  <testcase classname="com.spotify.docker.client.DefaultDockerClientTest" name="testListVolumes" time="0.025">
    <error message="java.util.concurrent.ExecutionException: javax.ws.rs.ProcessingException: java.io.IOException: No such file or directory" type="com.spotify.docker.client.exceptions.DockerException">com.spotify.docker.client.exceptions.DockerException: java.util.concurrent.ExecutionException: javax.ws.rs.ProcessingException: java.io.IOException: No such file or directory
	at com.spotify.docker.client.DefaultDockerClient.propagate(DefaultDockerClient.java:2812)
	at com.spotify.docker.client.DefaultDockerClient.request(DefaultDockerClient.java:2676)
	at com.spotify.docker.client.DefaultDockerClient.version(DefaultDockerClient.java:572)
	at com.spotify.docker.client.DefaultDockerClientTest.setup(DefaultDockerClientTest.java:349)
	at sun.reflect.GeneratedMethodAccessor10.invoke(Unknown Source)
	at sun.reflect.DelegatingMethodAccessorImpl.invoke(DelegatingMethodAccessorImpl.java:43)
	at java.lang.reflect.Method.invoke(Method.java:498)
	at org.junit.runners.model.FrameworkMethod$1.runReflectiveCall(FrameworkMethod.java:50)
	at org.junit.internal.runners.model.ReflectiveCallable.run(ReflectiveCallable.java:12)
	at org.junit.runners.model.FrameworkMethod.invokeExplosively(FrameworkMethod.java:47)
	at org.junit.internal.runners.statements.RunBefores.evaluate(RunBefores.java:24)
	at org.junit.internal.runners.statements.RunAfters.evaluate(RunAfters.java:27)
	at org.junit.rules.ExpectedException$ExpectedExceptionStatement.evaluate(ExpectedException.java:239)
	at org.junit.rules.TestWatcher$1.evaluate(TestWatcher.java:55)
	at org.junit.rules.RunRules.evaluate(RunRules.java:20)
	at org.junit.runners.ParentRunner.runLeaf(ParentRunner.java:325)
	at org.junit.runners.BlockJUnit4ClassRunner.runChild(BlockJUnit4ClassRunner.java:78)
	at org.junit.runners.BlockJUnit4ClassRunner.runChild(BlockJUnit4ClassRunner.java:57)
	at org.junit.runners.ParentRunner$3.run(ParentRunner.java:290)
	at org.junit.runners.ParentRunner$1.schedule(ParentRunner.java:71)
	at org.junit.runners.ParentRunner.runChildren(ParentRunner.java:288)
	at org.junit.runners.ParentRunner.access$000(ParentRunner.java:58)
	at org.junit.runners.ParentRunner$2.evaluate(ParentRunner.java:268)
	at org.junit.runners.ParentRunner.run(ParentRunner.java:363)
	at org.apache.maven.surefire.junit4.JUnit4Provider.execute(JUnit4Provider.java:252)
	at org.apache.maven.surefire.junit4.JUnit4Provider.executeTestSet(JUnit4Provider.java:141)
	at org.apache.maven.surefire.junit4.JUnit4Provider.invoke(JUnit4Provider.java:112)
	at sun.reflect.NativeMethodAccessorImpl.invoke0(Native Method)
	at sun.reflect.NativeMethodAccessorImpl.invoke(NativeMethodAccessorImpl.java:62)
	at sun.reflect.DelegatingMethodAccessorImpl.invoke(DelegatingMethodAccessorImpl.java:43)
	at java.lang.reflect.Method.invoke(Method.java:498)
	at org.apache.maven.surefire.util.ReflectionUtils.invokeMethodWithArray(ReflectionUtils.java:189)
	at org.apache.maven.surefire.booter.ProviderFactory$ProviderProxy.invoke(ProviderFactory.java:165)
	at org.apache.maven.surefire.booter.ProviderFactory.invokeProvider(ProviderFactory.java:85)
	at org.apache.maven.surefire.booter.ForkedBooter.runSuitesInProcess(ForkedBooter.java:115)
	at org.apache.maven.surefire.booter.ForkedBooter.main(ForkedBooter.java:75)
Caused by: java.util.concurrent.ExecutionException: javax.ws.rs.ProcessingException: java.io.IOException: No such file or directory
	at jersey.repackaged.com.google.common.util.concurrent.AbstractFuture$Sync.getValue(AbstractFuture.java:299)
	at jersey.repackaged.com.google.common.util.concurrent.AbstractFuture$Sync.get(AbstractFuture.java:286)
	at jersey.repackaged.com.google.common.util.concurrent.AbstractFuture.get(AbstractFuture.java:116)
	at com.spotify.docker.client.DefaultDockerClient.request(DefaultDockerClient.java:2674)
	... 34 more
Caused by: javax.ws.rs.ProcessingException: java.io.IOException: No such file or directory
	at org.glassfish.jersey.apache.connector.ApacheConnector.apply(ApacheConnector.java:481)
	at org.glassfish.jersey.apache.connector.ApacheConnector$1.run(ApacheConnector.java:491)
	at java.util.concurrent.Executors$RunnableAdapter.call(Executors.java:511)
	at java.util.concurrent.FutureTask.run(FutureTask.java:266)
	at jersey.repackaged.com.google.common.util.concurrent.MoreExecutors$DirectExecutorService.execute(MoreExecutors.java:299)
	at java.util.concurrent.AbstractExecutorService.submit(AbstractExecutorService.java:112)
	at jersey.repackaged.com.google.common.util.concurrent.AbstractListeningExecutorService.submit(AbstractListeningExecutorService.java:50)
	at jersey.repackaged.com.google.common.util.concurrent.AbstractListeningExecutorService.submit(AbstractListeningExecutorService.java:37)
	at org.glassfish.jersey.apache.connector.ApacheConnector.apply(ApacheConnector.java:487)
	at org.glassfish.jersey.client.ClientRuntime$2.run(ClientRuntime.java:178)
	at org.glassfish.jersey.internal.Errors$1.call(Errors.java:271)
	at org.glassfish.jersey.internal.Errors$1.call(Errors.java:267)
	at org.glassfish.jersey.internal.Errors.process(Errors.java:315)
	at org.glassfish.jersey.internal.Errors.process(Errors.java:297)
	at org.glassfish.jersey.internal.Errors.process(Errors.java:267)
	at org.glassfish.jersey.process.internal.RequestScope.runInScope(RequestScope.java:340)
	at org.glassfish.jersey.client.ClientRuntime$3.run(ClientRuntime.java:210)
	at java.util.concurrent.Executors$RunnableAdapter.call(Executors.java:511)
	at java.util.concurrent.FutureTask.run(FutureTask.java:266)
	at java.util.concurrent.ThreadPoolExecutor.runWorker(ThreadPoolExecutor.java:1142)
	at java.util.concurrent.ThreadPoolExecutor$Worker.run(ThreadPoolExecutor.java:617)
	at java.lang.Thread.run(Thread.java:745)
Caused by: java.io.IOException: No such file or directory
	at jnr.unixsocket.UnixSocketChannel.doConnect(UnixSocketChannel.java:127)
	at jnr.unixsocket.UnixSocketChannel.connect(UnixSocketChannel.java:136)
	at jnr.unixsocket.UnixSocketChannel.connect(UnixSocketChannel.java:223)
	at com.spotify.docker.client.UnixConnectionSocketFactory.connectSocket(UnixConnectionSocketFactory.java:85)
	at org.apache.http.impl.conn.DefaultHttpClientConnectionOperator.connect(DefaultHttpClientConnectionOperator.java:134)
	at org.apache.http.impl.conn.PoolingHttpClientConnectionManager.connect(PoolingHttpClientConnectionManager.java:353)
	at org.apache.http.impl.execchain.MainClientExec.establishRoute(MainClientExec.java:380)
	at org.apache.http.impl.execchain.MainClientExec.execute(MainClientExec.java:236)
	at org.apache.http.impl.execchain.ProtocolExec.execute(ProtocolExec.java:184)
	at org.apache.http.impl.execchain.RetryExec.execute(RetryExec.java:88)
	at org.apache.http.impl.execchain.RedirectExec.execute(RedirectExec.java:110)
	at org.apache.http.impl.client.InternalHttpClient.doExecute(InternalHttpClient.java:184)
	at org.apache.http.impl.client.CloseableHttpClient.execute(CloseableHttpClient.java:71)
	at org.glassfish.jersey.apache.connector.ApacheConnector.apply(ApacheConnector.java:435)
	... 21 more
</error>
    <system-err>Jun 02, 2018 7:44:40 AM org.apache.http.impl.execchain.RetryExec execute
INFO: I/O exception (java.io.IOException) caught when processing request to {}-&gt;unix://localhost:80: No such file or directory
Jun 02, 2018 7:44:40 AM org.apache.http.impl.execchain.RetryExec execute
INFO: Retrying request to {}-&gt;unix://localhost:80
Jun 02, 2018 7:44:40 AM org.apache.http.impl.execchain.RetryExec execute
INFO: I/O exception (java.io.IOException) caught when processing request to {}-&gt;unix://localhost:80: No such file or directory
Jun 02, 2018 7:44:40 AM org.apache.http.impl.execchain.RetryExec execute
INFO: Retrying request to {}-&gt;unix://localhost:80
Jun 02, 2018 7:44:40 AM org.apache.http.impl.execchain.RetryExec execute
INFO: I/O exception (java.io.IOException) caught when processing request to {}-&gt;unix://localhost:80: No such file or directory
Jun 02, 2018 7:44:40 AM org.apache.http.impl.execchain.RetryExec execute
INFO: Retrying request to {}-&gt;unix://localhost:80
</system-err>
  </testcase>
  <testcase classname="com.spotify.docker.client.DefaultDockerClientTest" name="testListVolumes" time="0.025">
    <error type="java.lang.NullPointerException">java.lang.NullPointerException
	at com.spotify.docker.client.VersionCompare.compareVersion(VersionCompare.java:45)
	at com.spotify.docker.client.DefaultDockerClientTest.dockerApiVersionAtLeast(DefaultDockerClientTest.java:404)
	at com.spotify.docker.client.DefaultDockerClientTest.tearDown(DefaultDockerClientTest.java:356)
	at sun.reflect.GeneratedMethodAccessor11.invoke(Unknown Source)
	at sun.reflect.DelegatingMethodAccessorImpl.invoke(DelegatingMethodAccessorImpl.java:43)
	at java.lang.reflect.Method.invoke(Method.java:498)
	at org.junit.runners.model.FrameworkMethod$1.runReflectiveCall(FrameworkMethod.java:50)
	at org.junit.internal.runners.model.ReflectiveCallable.run(ReflectiveCallable.java:12)
	at org.junit.runners.model.FrameworkMethod.invokeExplosively(FrameworkMethod.java:47)
	at org.junit.internal.runners.statements.RunAfters.evaluate(RunAfters.java:33)
	at org.junit.rules.ExpectedException$ExpectedExceptionStatement.evaluate(ExpectedException.java:239)
	at org.junit.rules.TestWatcher$1.evaluate(TestWatcher.java:55)
	at org.junit.rules.RunRules.evaluate(RunRules.java:20)
	at org.junit.runners.ParentRunner.runLeaf(ParentRunner.java:325)
	at org.junit.runners.BlockJUnit4ClassRunner.runChild(BlockJUnit4ClassRunner.java:78)
	at org.junit.runners.BlockJUnit4ClassRunner.runChild(BlockJUnit4ClassRunner.java:57)
	at org.junit.runners.ParentRunner$3.run(ParentRunner.java:290)
	at org.junit.runners.ParentRunner$1.schedule(ParentRunner.java:71)
	at org.junit.runners.ParentRunner.runChildren(ParentRunner.java:288)
	at org.junit.runners.ParentRunner.access$000(ParentRunner.java:58)
	at org.junit.runners.ParentRunner$2.evaluate(ParentRunner.java:268)
	at org.junit.runners.ParentRunner.run(ParentRunner.java:363)
	at org.apache.maven.surefire.junit4.JUnit4Provider.execute(JUnit4Provider.java:252)
	at org.apache.maven.surefire.junit4.JUnit4Provider.executeTestSet(JUnit4Provider.java:141)
	at org.apache.maven.surefire.junit4.JUnit4Provider.invoke(JUnit4Provider.java:112)
	at sun.reflect.NativeMethodAccessorImpl.invoke0(Native Method)
	at sun.reflect.NativeMethodAccessorImpl.invoke(NativeMethodAccessorImpl.java:62)
	at sun.reflect.DelegatingMethodAccessorImpl.invoke(DelegatingMethodAccessorImpl.java:43)
	at java.lang.reflect.Method.invoke(Method.java:498)
	at org.apache.maven.surefire.util.ReflectionUtils.invokeMethodWithArray(ReflectionUtils.java:189)
	at org.apache.maven.surefire.booter.ProviderFactory$ProviderProxy.invoke(ProviderFactory.java:165)
	at org.apache.maven.surefire.booter.ProviderFactory.invokeProvider(ProviderFactory.java:85)
	at org.apache.maven.surefire.booter.ForkedBooter.runSuitesInProcess(ForkedBooter.java:115)
	at org.apache.maven.surefire.booter.ForkedBooter.main(ForkedBooter.java:75)
</error>
  </testcase>
  <testcase classname="com.spotify.docker.client.DefaultDockerClientTest" name="testInspectService" time="0.024">
    <error message="java.util.concurrent.ExecutionException: javax.ws.rs.ProcessingException: java.io.IOException: No such file or directory" type="com.spotify.docker.client.exceptions.DockerException">com.spotify.docker.client.exceptions.DockerException: java.util.concurrent.ExecutionException: javax.ws.rs.ProcessingException: java.io.IOException: No such file or directory
	at com.spotify.docker.client.DefaultDockerClient.propagate(DefaultDockerClient.java:2812)
	at com.spotify.docker.client.DefaultDockerClient.request(DefaultDockerClient.java:2676)
	at com.spotify.docker.client.DefaultDockerClient.version(DefaultDockerClient.java:572)
	at com.spotify.docker.client.DefaultDockerClientTest.setup(DefaultDockerClientTest.java:349)
	at sun.reflect.GeneratedMethodAccessor10.invoke(Unknown Source)
	at sun.reflect.DelegatingMethodAccessorImpl.invoke(DelegatingMethodAccessorImpl.java:43)
	at java.lang.reflect.Method.invoke(Method.java:498)
	at org.junit.runners.model.FrameworkMethod$1.runReflectiveCall(FrameworkMethod.java:50)
	at org.junit.internal.runners.model.ReflectiveCallable.run(ReflectiveCallable.java:12)
	at org.junit.runners.model.FrameworkMethod.invokeExplosively(FrameworkMethod.java:47)
	at org.junit.internal.runners.statements.RunBefores.evaluate(RunBefores.java:24)
	at org.junit.internal.runners.statements.RunAfters.evaluate(RunAfters.java:27)
	at org.junit.rules.ExpectedException$ExpectedExceptionStatement.evaluate(ExpectedException.java:239)
	at org.junit.rules.TestWatcher$1.evaluate(TestWatcher.java:55)
	at org.junit.rules.RunRules.evaluate(RunRules.java:20)
	at org.junit.runners.ParentRunner.runLeaf(ParentRunner.java:325)
	at org.junit.runners.BlockJUnit4ClassRunner.runChild(BlockJUnit4ClassRunner.java:78)
	at org.junit.runners.BlockJUnit4ClassRunner.runChild(BlockJUnit4ClassRunner.java:57)
	at org.junit.runners.ParentRunner$3.run(ParentRunner.java:290)
	at org.junit.runners.ParentRunner$1.schedule(ParentRunner.java:71)
	at org.junit.runners.ParentRunner.runChildren(ParentRunner.java:288)
	at org.junit.runners.ParentRunner.access$000(ParentRunner.java:58)
	at org.junit.runners.ParentRunner$2.evaluate(ParentRunner.java:268)
	at org.junit.runners.ParentRunner.run(ParentRunner.java:363)
	at org.apache.maven.surefire.junit4.JUnit4Provider.execute(JUnit4Provider.java:252)
	at org.apache.maven.surefire.junit4.JUnit4Provider.executeTestSet(JUnit4Provider.java:141)
	at org.apache.maven.surefire.junit4.JUnit4Provider.invoke(JUnit4Provider.java:112)
	at sun.reflect.NativeMethodAccessorImpl.invoke0(Native Method)
	at sun.reflect.NativeMethodAccessorImpl.invoke(NativeMethodAccessorImpl.java:62)
	at sun.reflect.DelegatingMethodAccessorImpl.invoke(DelegatingMethodAccessorImpl.java:43)
	at java.lang.reflect.Method.invoke(Method.java:498)
	at org.apache.maven.surefire.util.ReflectionUtils.invokeMethodWithArray(ReflectionUtils.java:189)
	at org.apache.maven.surefire.booter.ProviderFactory$ProviderProxy.invoke(ProviderFactory.java:165)
	at org.apache.maven.surefire.booter.ProviderFactory.invokeProvider(ProviderFactory.java:85)
	at org.apache.maven.surefire.booter.ForkedBooter.runSuitesInProcess(ForkedBooter.java:115)
	at org.apache.maven.surefire.booter.ForkedBooter.main(ForkedBooter.java:75)
Caused by: java.util.concurrent.ExecutionException: javax.ws.rs.ProcessingException: java.io.IOException: No such file or directory
	at jersey.repackaged.com.google.common.util.concurrent.AbstractFuture$Sync.getValue(AbstractFuture.java:299)
	at jersey.repackaged.com.google.common.util.concurrent.AbstractFuture$Sync.get(AbstractFuture.java:286)
	at jersey.repackaged.com.google.common.util.concurrent.AbstractFuture.get(AbstractFuture.java:116)
	at com.spotify.docker.client.DefaultDockerClient.request(DefaultDockerClient.java:2674)
	... 34 more
Caused by: javax.ws.rs.ProcessingException: java.io.IOException: No such file or directory
	at org.glassfish.jersey.apache.connector.ApacheConnector.apply(ApacheConnector.java:481)
	at org.glassfish.jersey.apache.connector.ApacheConnector$1.run(ApacheConnector.java:491)
	at java.util.concurrent.Executors$RunnableAdapter.call(Executors.java:511)
	at java.util.concurrent.FutureTask.run(FutureTask.java:266)
	at jersey.repackaged.com.google.common.util.concurrent.MoreExecutors$DirectExecutorService.execute(MoreExecutors.java:299)
	at java.util.concurrent.AbstractExecutorService.submit(AbstractExecutorService.java:112)
	at jersey.repackaged.com.google.common.util.concurrent.AbstractListeningExecutorService.submit(AbstractListeningExecutorService.java:50)
	at jersey.repackaged.com.google.common.util.concurrent.AbstractListeningExecutorService.submit(AbstractListeningExecutorService.java:37)
	at org.glassfish.jersey.apache.connector.ApacheConnector.apply(ApacheConnector.java:487)
	at org.glassfish.jersey.client.ClientRuntime$2.run(ClientRuntime.java:178)
	at org.glassfish.jersey.internal.Errors$1.call(Errors.java:271)
	at org.glassfish.jersey.internal.Errors$1.call(Errors.java:267)
	at org.glassfish.jersey.internal.Errors.process(Errors.java:315)
	at org.glassfish.jersey.internal.Errors.process(Errors.java:297)
	at org.glassfish.jersey.internal.Errors.process(Errors.java:267)
	at org.glassfish.jersey.process.internal.RequestScope.runInScope(RequestScope.java:340)
	at org.glassfish.jersey.client.ClientRuntime$3.run(ClientRuntime.java:210)
	at java.util.concurrent.Executors$RunnableAdapter.call(Executors.java:511)
	at java.util.concurrent.FutureTask.run(FutureTask.java:266)
	at java.util.concurrent.ThreadPoolExecutor.runWorker(ThreadPoolExecutor.java:1142)
	at java.util.concurrent.ThreadPoolExecutor$Worker.run(ThreadPoolExecutor.java:617)
	at java.lang.Thread.run(Thread.java:745)
Caused by: java.io.IOException: No such file or directory
	at jnr.unixsocket.UnixSocketChannel.doConnect(UnixSocketChannel.java:127)
	at jnr.unixsocket.UnixSocketChannel.connect(UnixSocketChannel.java:136)
	at jnr.unixsocket.UnixSocketChannel.connect(UnixSocketChannel.java:223)
	at com.spotify.docker.client.UnixConnectionSocketFactory.connectSocket(UnixConnectionSocketFactory.java:85)
	at org.apache.http.impl.conn.DefaultHttpClientConnectionOperator.connect(DefaultHttpClientConnectionOperator.java:134)
	at org.apache.http.impl.conn.PoolingHttpClientConnectionManager.connect(PoolingHttpClientConnectionManager.java:353)
	at org.apache.http.impl.execchain.MainClientExec.establishRoute(MainClientExec.java:380)
	at org.apache.http.impl.execchain.MainClientExec.execute(MainClientExec.java:236)
	at org.apache.http.impl.execchain.ProtocolExec.execute(ProtocolExec.java:184)
	at org.apache.http.impl.execchain.RetryExec.execute(RetryExec.java:88)
	at org.apache.http.impl.execchain.RedirectExec.execute(RedirectExec.java:110)
	at org.apache.http.impl.client.InternalHttpClient.doExecute(InternalHttpClient.java:184)
	at org.apache.http.impl.client.CloseableHttpClient.execute(CloseableHttpClient.java:71)
	at org.glassfish.jersey.apache.connector.ApacheConnector.apply(ApacheConnector.java:435)
	... 21 more
</error>
    <system-err>Jun 02, 2018 7:44:40 AM org.apache.http.impl.execchain.RetryExec execute
INFO: I/O exception (java.io.IOException) caught when processing request to {}-&gt;unix://localhost:80: No such file or directory
Jun 02, 2018 7:44:40 AM org.apache.http.impl.execchain.RetryExec execute
INFO: Retrying request to {}-&gt;unix://localhost:80
Jun 02, 2018 7:44:40 AM org.apache.http.impl.execchain.RetryExec execute
INFO: I/O exception (java.io.IOException) caught when processing request to {}-&gt;unix://localhost:80: No such file or directory
Jun 02, 2018 7:44:40 AM org.apache.http.impl.execchain.RetryExec execute
INFO: Retrying request to {}-&gt;unix://localhost:80
Jun 02, 2018 7:44:40 AM org.apache.http.impl.execchain.RetryExec execute
INFO: I/O exception (java.io.IOException) caught when processing request to {}-&gt;unix://localhost:80: No such file or directory
Jun 02, 2018 7:44:40 AM org.apache.http.impl.execchain.RetryExec execute
INFO: Retrying request to {}-&gt;unix://localhost:80
</system-err>
  </testcase>
  <testcase classname="com.spotify.docker.client.DefaultDockerClientTest" name="testInspectService" time="0.024">
    <error type="java.lang.NullPointerException">java.lang.NullPointerException
	at com.spotify.docker.client.VersionCompare.compareVersion(VersionCompare.java:45)
	at com.spotify.docker.client.DefaultDockerClientTest.dockerApiVersionAtLeast(DefaultDockerClientTest.java:404)
	at com.spotify.docker.client.DefaultDockerClientTest.tearDown(DefaultDockerClientTest.java:356)
	at sun.reflect.GeneratedMethodAccessor11.invoke(Unknown Source)
	at sun.reflect.DelegatingMethodAccessorImpl.invoke(DelegatingMethodAccessorImpl.java:43)
	at java.lang.reflect.Method.invoke(Method.java:498)
	at org.junit.runners.model.FrameworkMethod$1.runReflectiveCall(FrameworkMethod.java:50)
	at org.junit.internal.runners.model.ReflectiveCallable.run(ReflectiveCallable.java:12)
	at org.junit.runners.model.FrameworkMethod.invokeExplosively(FrameworkMethod.java:47)
	at org.junit.internal.runners.statements.RunAfters.evaluate(RunAfters.java:33)
	at org.junit.rules.ExpectedException$ExpectedExceptionStatement.evaluate(ExpectedException.java:239)
	at org.junit.rules.TestWatcher$1.evaluate(TestWatcher.java:55)
	at org.junit.rules.RunRules.evaluate(RunRules.java:20)
	at org.junit.runners.ParentRunner.runLeaf(ParentRunner.java:325)
	at org.junit.runners.BlockJUnit4ClassRunner.runChild(BlockJUnit4ClassRunner.java:78)
	at org.junit.runners.BlockJUnit4ClassRunner.runChild(BlockJUnit4ClassRunner.java:57)
	at org.junit.runners.ParentRunner$3.run(ParentRunner.java:290)
	at org.junit.runners.ParentRunner$1.schedule(ParentRunner.java:71)
	at org.junit.runners.ParentRunner.runChildren(ParentRunner.java:288)
	at org.junit.runners.ParentRunner.access$000(ParentRunner.java:58)
	at org.junit.runners.ParentRunner$2.evaluate(ParentRunner.java:268)
	at org.junit.runners.ParentRunner.run(ParentRunner.java:363)
	at org.apache.maven.surefire.junit4.JUnit4Provider.execute(JUnit4Provider.java:252)
	at org.apache.maven.surefire.junit4.JUnit4Provider.executeTestSet(JUnit4Provider.java:141)
	at org.apache.maven.surefire.junit4.JUnit4Provider.invoke(JUnit4Provider.java:112)
	at sun.reflect.NativeMethodAccessorImpl.invoke0(Native Method)
	at sun.reflect.NativeMethodAccessorImpl.invoke(NativeMethodAccessorImpl.java:62)
	at sun.reflect.DelegatingMethodAccessorImpl.invoke(DelegatingMethodAccessorImpl.java:43)
	at java.lang.reflect.Method.invoke(Method.java:498)
	at org.apache.maven.surefire.util.ReflectionUtils.invokeMethodWithArray(ReflectionUtils.java:189)
	at org.apache.maven.surefire.booter.ProviderFactory$ProviderProxy.invoke(ProviderFactory.java:165)
	at org.apache.maven.surefire.booter.ProviderFactory.invokeProvider(ProviderFactory.java:85)
	at org.apache.maven.surefire.booter.ForkedBooter.runSuitesInProcess(ForkedBooter.java:115)
	at org.apache.maven.surefire.booter.ForkedBooter.main(ForkedBooter.java:75)
</error>
  </testcase>
  <testcase classname="com.spotify.docker.client.DefaultDockerClientTest" name="testPidsLimit" time="0.019">
    <error message="java.util.concurrent.ExecutionException: javax.ws.rs.ProcessingException: java.io.IOException: No such file or directory" type="com.spotify.docker.client.exceptions.DockerException">com.spotify.docker.client.exceptions.DockerException: java.util.concurrent.ExecutionException: javax.ws.rs.ProcessingException: java.io.IOException: No such file or directory
	at com.spotify.docker.client.DefaultDockerClient.propagate(DefaultDockerClient.java:2812)
	at com.spotify.docker.client.DefaultDockerClient.request(DefaultDockerClient.java:2676)
	at com.spotify.docker.client.DefaultDockerClient.version(DefaultDockerClient.java:572)
	at com.spotify.docker.client.DefaultDockerClientTest.setup(DefaultDockerClientTest.java:349)
	at sun.reflect.GeneratedMethodAccessor10.invoke(Unknown Source)
	at sun.reflect.DelegatingMethodAccessorImpl.invoke(DelegatingMethodAccessorImpl.java:43)
	at java.lang.reflect.Method.invoke(Method.java:498)
	at org.junit.runners.model.FrameworkMethod$1.runReflectiveCall(FrameworkMethod.java:50)
	at org.junit.internal.runners.model.ReflectiveCallable.run(ReflectiveCallable.java:12)
	at org.junit.runners.model.FrameworkMethod.invokeExplosively(FrameworkMethod.java:47)
	at org.junit.internal.runners.statements.RunBefores.evaluate(RunBefores.java:24)
	at org.junit.internal.runners.statements.RunAfters.evaluate(RunAfters.java:27)
	at org.junit.rules.ExpectedException$ExpectedExceptionStatement.evaluate(ExpectedException.java:239)
	at org.junit.rules.TestWatcher$1.evaluate(TestWatcher.java:55)
	at org.junit.rules.RunRules.evaluate(RunRules.java:20)
	at org.junit.runners.ParentRunner.runLeaf(ParentRunner.java:325)
	at org.junit.runners.BlockJUnit4ClassRunner.runChild(BlockJUnit4ClassRunner.java:78)
	at org.junit.runners.BlockJUnit4ClassRunner.runChild(BlockJUnit4ClassRunner.java:57)
	at org.junit.runners.ParentRunner$3.run(ParentRunner.java:290)
	at org.junit.runners.ParentRunner$1.schedule(ParentRunner.java:71)
	at org.junit.runners.ParentRunner.runChildren(ParentRunner.java:288)
	at org.junit.runners.ParentRunner.access$000(ParentRunner.java:58)
	at org.junit.runners.ParentRunner$2.evaluate(ParentRunner.java:268)
	at org.junit.runners.ParentRunner.run(ParentRunner.java:363)
	at org.apache.maven.surefire.junit4.JUnit4Provider.execute(JUnit4Provider.java:252)
	at org.apache.maven.surefire.junit4.JUnit4Provider.executeTestSet(JUnit4Provider.java:141)
	at org.apache.maven.surefire.junit4.JUnit4Provider.invoke(JUnit4Provider.java:112)
	at sun.reflect.NativeMethodAccessorImpl.invoke0(Native Method)
	at sun.reflect.NativeMethodAccessorImpl.invoke(NativeMethodAccessorImpl.java:62)
	at sun.reflect.DelegatingMethodAccessorImpl.invoke(DelegatingMethodAccessorImpl.java:43)
	at java.lang.reflect.Method.invoke(Method.java:498)
	at org.apache.maven.surefire.util.ReflectionUtils.invokeMethodWithArray(ReflectionUtils.java:189)
	at org.apache.maven.surefire.booter.ProviderFactory$ProviderProxy.invoke(ProviderFactory.java:165)
	at org.apache.maven.surefire.booter.ProviderFactory.invokeProvider(ProviderFactory.java:85)
	at org.apache.maven.surefire.booter.ForkedBooter.runSuitesInProcess(ForkedBooter.java:115)
	at org.apache.maven.surefire.booter.ForkedBooter.main(ForkedBooter.java:75)
Caused by: java.util.concurrent.ExecutionException: javax.ws.rs.ProcessingException: java.io.IOException: No such file or directory
	at jersey.repackaged.com.google.common.util.concurrent.AbstractFuture$Sync.getValue(AbstractFuture.java:299)
	at jersey.repackaged.com.google.common.util.concurrent.AbstractFuture$Sync.get(AbstractFuture.java:286)
	at jersey.repackaged.com.google.common.util.concurrent.AbstractFuture.get(AbstractFuture.java:116)
	at com.spotify.docker.client.DefaultDockerClient.request(DefaultDockerClient.java:2674)
	... 34 more
Caused by: javax.ws.rs.ProcessingException: java.io.IOException: No such file or directory
	at org.glassfish.jersey.apache.connector.ApacheConnector.apply(ApacheConnector.java:481)
	at org.glassfish.jersey.apache.connector.ApacheConnector$1.run(ApacheConnector.java:491)
	at java.util.concurrent.Executors$RunnableAdapter.call(Executors.java:511)
	at java.util.concurrent.FutureTask.run(FutureTask.java:266)
	at jersey.repackaged.com.google.common.util.concurrent.MoreExecutors$DirectExecutorService.execute(MoreExecutors.java:299)
	at java.util.concurrent.AbstractExecutorService.submit(AbstractExecutorService.java:112)
	at jersey.repackaged.com.google.common.util.concurrent.AbstractListeningExecutorService.submit(AbstractListeningExecutorService.java:50)
	at jersey.repackaged.com.google.common.util.concurrent.AbstractListeningExecutorService.submit(AbstractListeningExecutorService.java:37)
	at org.glassfish.jersey.apache.connector.ApacheConnector.apply(ApacheConnector.java:487)
	at org.glassfish.jersey.client.ClientRuntime$2.run(ClientRuntime.java:178)
	at org.glassfish.jersey.internal.Errors$1.call(Errors.java:271)
	at org.glassfish.jersey.internal.Errors$1.call(Errors.java:267)
	at org.glassfish.jersey.internal.Errors.process(Errors.java:315)
	at org.glassfish.jersey.internal.Errors.process(Errors.java:297)
	at org.glassfish.jersey.internal.Errors.process(Errors.java:267)
	at org.glassfish.jersey.process.internal.RequestScope.runInScope(RequestScope.java:340)
	at org.glassfish.jersey.client.ClientRuntime$3.run(ClientRuntime.java:210)
	at java.util.concurrent.Executors$RunnableAdapter.call(Executors.java:511)
	at java.util.concurrent.FutureTask.run(FutureTask.java:266)
	at java.util.concurrent.ThreadPoolExecutor.runWorker(ThreadPoolExecutor.java:1142)
	at java.util.concurrent.ThreadPoolExecutor$Worker.run(ThreadPoolExecutor.java:617)
	at java.lang.Thread.run(Thread.java:745)
Caused by: java.io.IOException: No such file or directory
	at jnr.unixsocket.UnixSocketChannel.doConnect(UnixSocketChannel.java:127)
	at jnr.unixsocket.UnixSocketChannel.connect(UnixSocketChannel.java:136)
	at jnr.unixsocket.UnixSocketChannel.connect(UnixSocketChannel.java:223)
	at com.spotify.docker.client.UnixConnectionSocketFactory.connectSocket(UnixConnectionSocketFactory.java:85)
	at org.apache.http.impl.conn.DefaultHttpClientConnectionOperator.connect(DefaultHttpClientConnectionOperator.java:134)
	at org.apache.http.impl.conn.PoolingHttpClientConnectionManager.connect(PoolingHttpClientConnectionManager.java:353)
	at org.apache.http.impl.execchain.MainClientExec.establishRoute(MainClientExec.java:380)
	at org.apache.http.impl.execchain.MainClientExec.execute(MainClientExec.java:236)
	at org.apache.http.impl.execchain.ProtocolExec.execute(ProtocolExec.java:184)
	at org.apache.http.impl.execchain.RetryExec.execute(RetryExec.java:88)
	at org.apache.http.impl.execchain.RedirectExec.execute(RedirectExec.java:110)
	at org.apache.http.impl.client.InternalHttpClient.doExecute(InternalHttpClient.java:184)
	at org.apache.http.impl.client.CloseableHttpClient.execute(CloseableHttpClient.java:71)
	at org.glassfish.jersey.apache.connector.ApacheConnector.apply(ApacheConnector.java:435)
	... 21 more
</error>
    <system-err>Jun 02, 2018 7:44:40 AM org.apache.http.impl.execchain.RetryExec execute
INFO: I/O exception (java.io.IOException) caught when processing request to {}-&gt;unix://localhost:80: No such file or directory
Jun 02, 2018 7:44:40 AM org.apache.http.impl.execchain.RetryExec execute
INFO: Retrying request to {}-&gt;unix://localhost:80
Jun 02, 2018 7:44:40 AM org.apache.http.impl.execchain.RetryExec execute
INFO: I/O exception (java.io.IOException) caught when processing request to {}-&gt;unix://localhost:80: No such file or directory
Jun 02, 2018 7:44:40 AM org.apache.http.impl.execchain.RetryExec execute
INFO: Retrying request to {}-&gt;unix://localhost:80
Jun 02, 2018 7:44:40 AM org.apache.http.impl.execchain.RetryExec execute
INFO: I/O exception (java.io.IOException) caught when processing request to {}-&gt;unix://localhost:80: No such file or directory
Jun 02, 2018 7:44:40 AM org.apache.http.impl.execchain.RetryExec execute
INFO: Retrying request to {}-&gt;unix://localhost:80
</system-err>
  </testcase>
  <testcase classname="com.spotify.docker.client.DefaultDockerClientTest" name="testPidsLimit" time="0.019">
    <error type="java.lang.NullPointerException">java.lang.NullPointerException
	at com.spotify.docker.client.VersionCompare.compareVersion(VersionCompare.java:45)
	at com.spotify.docker.client.DefaultDockerClientTest.dockerApiVersionAtLeast(DefaultDockerClientTest.java:404)
	at com.spotify.docker.client.DefaultDockerClientTest.tearDown(DefaultDockerClientTest.java:356)
	at sun.reflect.GeneratedMethodAccessor11.invoke(Unknown Source)
	at sun.reflect.DelegatingMethodAccessorImpl.invoke(DelegatingMethodAccessorImpl.java:43)
	at java.lang.reflect.Method.invoke(Method.java:498)
	at org.junit.runners.model.FrameworkMethod$1.runReflectiveCall(FrameworkMethod.java:50)
	at org.junit.internal.runners.model.ReflectiveCallable.run(ReflectiveCallable.java:12)
	at org.junit.runners.model.FrameworkMethod.invokeExplosively(FrameworkMethod.java:47)
	at org.junit.internal.runners.statements.RunAfters.evaluate(RunAfters.java:33)
	at org.junit.rules.ExpectedException$ExpectedExceptionStatement.evaluate(ExpectedException.java:239)
	at org.junit.rules.TestWatcher$1.evaluate(TestWatcher.java:55)
	at org.junit.rules.RunRules.evaluate(RunRules.java:20)
	at org.junit.runners.ParentRunner.runLeaf(ParentRunner.java:325)
	at org.junit.runners.BlockJUnit4ClassRunner.runChild(BlockJUnit4ClassRunner.java:78)
	at org.junit.runners.BlockJUnit4ClassRunner.runChild(BlockJUnit4ClassRunner.java:57)
	at org.junit.runners.ParentRunner$3.run(ParentRunner.java:290)
	at org.junit.runners.ParentRunner$1.schedule(ParentRunner.java:71)
	at org.junit.runners.ParentRunner.runChildren(ParentRunner.java:288)
	at org.junit.runners.ParentRunner.access$000(ParentRunner.java:58)
	at org.junit.runners.ParentRunner$2.evaluate(ParentRunner.java:268)
	at org.junit.runners.ParentRunner.run(ParentRunner.java:363)
	at org.apache.maven.surefire.junit4.JUnit4Provider.execute(JUnit4Provider.java:252)
	at org.apache.maven.surefire.junit4.JUnit4Provider.executeTestSet(JUnit4Provider.java:141)
	at org.apache.maven.surefire.junit4.JUnit4Provider.invoke(JUnit4Provider.java:112)
	at sun.reflect.NativeMethodAccessorImpl.invoke0(Native Method)
	at sun.reflect.NativeMethodAccessorImpl.invoke(NativeMethodAccessorImpl.java:62)
	at sun.reflect.DelegatingMethodAccessorImpl.invoke(DelegatingMethodAccessorImpl.java:43)
	at java.lang.reflect.Method.invoke(Method.java:498)
	at org.apache.maven.surefire.util.ReflectionUtils.invokeMethodWithArray(ReflectionUtils.java:189)
	at org.apache.maven.surefire.booter.ProviderFactory$ProviderProxy.invoke(ProviderFactory.java:165)
	at org.apache.maven.surefire.booter.ProviderFactory.invokeProvider(ProviderFactory.java:85)
	at org.apache.maven.surefire.booter.ForkedBooter.runSuitesInProcess(ForkedBooter.java:115)
	at org.apache.maven.surefire.booter.ForkedBooter.main(ForkedBooter.java:75)
</error>
  </testcase>
  <testcase classname="com.spotify.docker.client.DefaultDockerClientTest" name="testRestartBadContainer" time="0.019">
    <error message="java.util.concurrent.ExecutionException: javax.ws.rs.ProcessingException: java.io.IOException: No such file or directory" type="com.spotify.docker.client.exceptions.DockerException">com.spotify.docker.client.exceptions.DockerException: java.util.concurrent.ExecutionException: javax.ws.rs.ProcessingException: java.io.IOException: No such file or directory
	at com.spotify.docker.client.DefaultDockerClient.propagate(DefaultDockerClient.java:2812)
	at com.spotify.docker.client.DefaultDockerClient.request(DefaultDockerClient.java:2676)
	at com.spotify.docker.client.DefaultDockerClient.version(DefaultDockerClient.java:572)
	at com.spotify.docker.client.DefaultDockerClientTest.setup(DefaultDockerClientTest.java:349)
	at sun.reflect.GeneratedMethodAccessor10.invoke(Unknown Source)
	at sun.reflect.DelegatingMethodAccessorImpl.invoke(DelegatingMethodAccessorImpl.java:43)
	at java.lang.reflect.Method.invoke(Method.java:498)
	at org.junit.runners.model.FrameworkMethod$1.runReflectiveCall(FrameworkMethod.java:50)
	at org.junit.internal.runners.model.ReflectiveCallable.run(ReflectiveCallable.java:12)
	at org.junit.runners.model.FrameworkMethod.invokeExplosively(FrameworkMethod.java:47)
	at org.junit.internal.runners.statements.RunBefores.evaluate(RunBefores.java:24)
	at org.junit.internal.runners.statements.RunAfters.evaluate(RunAfters.java:27)
	at org.junit.rules.ExpectedException$ExpectedExceptionStatement.evaluate(ExpectedException.java:239)
	at org.junit.rules.TestWatcher$1.evaluate(TestWatcher.java:55)
	at org.junit.rules.RunRules.evaluate(RunRules.java:20)
	at org.junit.runners.ParentRunner.runLeaf(ParentRunner.java:325)
	at org.junit.runners.BlockJUnit4ClassRunner.runChild(BlockJUnit4ClassRunner.java:78)
	at org.junit.runners.BlockJUnit4ClassRunner.runChild(BlockJUnit4ClassRunner.java:57)
	at org.junit.runners.ParentRunner$3.run(ParentRunner.java:290)
	at org.junit.runners.ParentRunner$1.schedule(ParentRunner.java:71)
	at org.junit.runners.ParentRunner.runChildren(ParentRunner.java:288)
	at org.junit.runners.ParentRunner.access$000(ParentRunner.java:58)
	at org.junit.runners.ParentRunner$2.evaluate(ParentRunner.java:268)
	at org.junit.runners.ParentRunner.run(ParentRunner.java:363)
	at org.apache.maven.surefire.junit4.JUnit4Provider.execute(JUnit4Provider.java:252)
	at org.apache.maven.surefire.junit4.JUnit4Provider.executeTestSet(JUnit4Provider.java:141)
	at org.apache.maven.surefire.junit4.JUnit4Provider.invoke(JUnit4Provider.java:112)
	at sun.reflect.NativeMethodAccessorImpl.invoke0(Native Method)
	at sun.reflect.NativeMethodAccessorImpl.invoke(NativeMethodAccessorImpl.java:62)
	at sun.reflect.DelegatingMethodAccessorImpl.invoke(DelegatingMethodAccessorImpl.java:43)
	at java.lang.reflect.Method.invoke(Method.java:498)
	at org.apache.maven.surefire.util.ReflectionUtils.invokeMethodWithArray(ReflectionUtils.java:189)
	at org.apache.maven.surefire.booter.ProviderFactory$ProviderProxy.invoke(ProviderFactory.java:165)
	at org.apache.maven.surefire.booter.ProviderFactory.invokeProvider(ProviderFactory.java:85)
	at org.apache.maven.surefire.booter.ForkedBooter.runSuitesInProcess(ForkedBooter.java:115)
	at org.apache.maven.surefire.booter.ForkedBooter.main(ForkedBooter.java:75)
Caused by: java.util.concurrent.ExecutionException: javax.ws.rs.ProcessingException: java.io.IOException: No such file or directory
	at jersey.repackaged.com.google.common.util.concurrent.AbstractFuture$Sync.getValue(AbstractFuture.java:299)
	at jersey.repackaged.com.google.common.util.concurrent.AbstractFuture$Sync.get(AbstractFuture.java:286)
	at jersey.repackaged.com.google.common.util.concurrent.AbstractFuture.get(AbstractFuture.java:116)
	at com.spotify.docker.client.DefaultDockerClient.request(DefaultDockerClient.java:2674)
	... 34 more
Caused by: javax.ws.rs.ProcessingException: java.io.IOException: No such file or directory
	at org.glassfish.jersey.apache.connector.ApacheConnector.apply(ApacheConnector.java:481)
	at org.glassfish.jersey.apache.connector.ApacheConnector$1.run(ApacheConnector.java:491)
	at java.util.concurrent.Executors$RunnableAdapter.call(Executors.java:511)
	at java.util.concurrent.FutureTask.run(FutureTask.java:266)
	at jersey.repackaged.com.google.common.util.concurrent.MoreExecutors$DirectExecutorService.execute(MoreExecutors.java:299)
	at java.util.concurrent.AbstractExecutorService.submit(AbstractExecutorService.java:112)
	at jersey.repackaged.com.google.common.util.concurrent.AbstractListeningExecutorService.submit(AbstractListeningExecutorService.java:50)
	at jersey.repackaged.com.google.common.util.concurrent.AbstractListeningExecutorService.submit(AbstractListeningExecutorService.java:37)
	at org.glassfish.jersey.apache.connector.ApacheConnector.apply(ApacheConnector.java:487)
	at org.glassfish.jersey.client.ClientRuntime$2.run(ClientRuntime.java:178)
	at org.glassfish.jersey.internal.Errors$1.call(Errors.java:271)
	at org.glassfish.jersey.internal.Errors$1.call(Errors.java:267)
	at org.glassfish.jersey.internal.Errors.process(Errors.java:315)
	at org.glassfish.jersey.internal.Errors.process(Errors.java:297)
	at org.glassfish.jersey.internal.Errors.process(Errors.java:267)
	at org.glassfish.jersey.process.internal.RequestScope.runInScope(RequestScope.java:340)
	at org.glassfish.jersey.client.ClientRuntime$3.run(ClientRuntime.java:210)
	at java.util.concurrent.Executors$RunnableAdapter.call(Executors.java:511)
	at java.util.concurrent.FutureTask.run(FutureTask.java:266)
	at java.util.concurrent.ThreadPoolExecutor.runWorker(ThreadPoolExecutor.java:1142)
	at java.util.concurrent.ThreadPoolExecutor$Worker.run(ThreadPoolExecutor.java:617)
	at java.lang.Thread.run(Thread.java:745)
Caused by: java.io.IOException: No such file or directory
	at jnr.unixsocket.UnixSocketChannel.doConnect(UnixSocketChannel.java:127)
	at jnr.unixsocket.UnixSocketChannel.connect(UnixSocketChannel.java:136)
	at jnr.unixsocket.UnixSocketChannel.connect(UnixSocketChannel.java:223)
	at com.spotify.docker.client.UnixConnectionSocketFactory.connectSocket(UnixConnectionSocketFactory.java:85)
	at org.apache.http.impl.conn.DefaultHttpClientConnectionOperator.connect(DefaultHttpClientConnectionOperator.java:134)
	at org.apache.http.impl.conn.PoolingHttpClientConnectionManager.connect(PoolingHttpClientConnectionManager.java:353)
	at org.apache.http.impl.execchain.MainClientExec.establishRoute(MainClientExec.java:380)
	at org.apache.http.impl.execchain.MainClientExec.execute(MainClientExec.java:236)
	at org.apache.http.impl.execchain.ProtocolExec.execute(ProtocolExec.java:184)
	at org.apache.http.impl.execchain.RetryExec.execute(RetryExec.java:88)
	at org.apache.http.impl.execchain.RedirectExec.execute(RedirectExec.java:110)
	at org.apache.http.impl.client.InternalHttpClient.doExecute(InternalHttpClient.java:184)
	at org.apache.http.impl.client.CloseableHttpClient.execute(CloseableHttpClient.java:71)
	at org.glassfish.jersey.apache.connector.ApacheConnector.apply(ApacheConnector.java:435)
	... 21 more
</error>
    <system-err>Jun 02, 2018 7:44:40 AM org.apache.http.impl.execchain.RetryExec execute
INFO: I/O exception (java.io.IOException) caught when processing request to {}-&gt;unix://localhost:80: No such file or directory
Jun 02, 2018 7:44:40 AM org.apache.http.impl.execchain.RetryExec execute
INFO: Retrying request to {}-&gt;unix://localhost:80
Jun 02, 2018 7:44:40 AM org.apache.http.impl.execchain.RetryExec execute
INFO: I/O exception (java.io.IOException) caught when processing request to {}-&gt;unix://localhost:80: No such file or directory
Jun 02, 2018 7:44:40 AM org.apache.http.impl.execchain.RetryExec execute
INFO: Retrying request to {}-&gt;unix://localhost:80
Jun 02, 2018 7:44:40 AM org.apache.http.impl.execchain.RetryExec execute
INFO: I/O exception (java.io.IOException) caught when processing request to {}-&gt;unix://localhost:80: No such file or directory
Jun 02, 2018 7:44:40 AM org.apache.http.impl.execchain.RetryExec execute
INFO: Retrying request to {}-&gt;unix://localhost:80
</system-err>
  </testcase>
  <testcase classname="com.spotify.docker.client.DefaultDockerClientTest" name="testRestartBadContainer" time="0.019">
    <error type="java.lang.NullPointerException">java.lang.NullPointerException
	at com.spotify.docker.client.VersionCompare.compareVersion(VersionCompare.java:45)
	at com.spotify.docker.client.DefaultDockerClientTest.dockerApiVersionAtLeast(DefaultDockerClientTest.java:404)
	at com.spotify.docker.client.DefaultDockerClientTest.tearDown(DefaultDockerClientTest.java:356)
	at sun.reflect.GeneratedMethodAccessor11.invoke(Unknown Source)
	at sun.reflect.DelegatingMethodAccessorImpl.invoke(DelegatingMethodAccessorImpl.java:43)
	at java.lang.reflect.Method.invoke(Method.java:498)
	at org.junit.runners.model.FrameworkMethod$1.runReflectiveCall(FrameworkMethod.java:50)
	at org.junit.internal.runners.model.ReflectiveCallable.run(ReflectiveCallable.java:12)
	at org.junit.runners.model.FrameworkMethod.invokeExplosively(FrameworkMethod.java:47)
	at org.junit.internal.runners.statements.RunAfters.evaluate(RunAfters.java:33)
	at org.junit.rules.ExpectedException$ExpectedExceptionStatement.evaluate(ExpectedException.java:239)
	at org.junit.rules.TestWatcher$1.evaluate(TestWatcher.java:55)
	at org.junit.rules.RunRules.evaluate(RunRules.java:20)
	at org.junit.runners.ParentRunner.runLeaf(ParentRunner.java:325)
	at org.junit.runners.BlockJUnit4ClassRunner.runChild(BlockJUnit4ClassRunner.java:78)
	at org.junit.runners.BlockJUnit4ClassRunner.runChild(BlockJUnit4ClassRunner.java:57)
	at org.junit.runners.ParentRunner$3.run(ParentRunner.java:290)
	at org.junit.runners.ParentRunner$1.schedule(ParentRunner.java:71)
	at org.junit.runners.ParentRunner.runChildren(ParentRunner.java:288)
	at org.junit.runners.ParentRunner.access$000(ParentRunner.java:58)
	at org.junit.runners.ParentRunner$2.evaluate(ParentRunner.java:268)
	at org.junit.runners.ParentRunner.run(ParentRunner.java:363)
	at org.apache.maven.surefire.junit4.JUnit4Provider.execute(JUnit4Provider.java:252)
	at org.apache.maven.surefire.junit4.JUnit4Provider.executeTestSet(JUnit4Provider.java:141)
	at org.apache.maven.surefire.junit4.JUnit4Provider.invoke(JUnit4Provider.java:112)
	at sun.reflect.NativeMethodAccessorImpl.invoke0(Native Method)
	at sun.reflect.NativeMethodAccessorImpl.invoke(NativeMethodAccessorImpl.java:62)
	at sun.reflect.DelegatingMethodAccessorImpl.invoke(DelegatingMethodAccessorImpl.java:43)
	at java.lang.reflect.Method.invoke(Method.java:498)
	at org.apache.maven.surefire.util.ReflectionUtils.invokeMethodWithArray(ReflectionUtils.java:189)
	at org.apache.maven.surefire.booter.ProviderFactory$ProviderProxy.invoke(ProviderFactory.java:165)
	at org.apache.maven.surefire.booter.ProviderFactory.invokeProvider(ProviderFactory.java:85)
	at org.apache.maven.surefire.booter.ForkedBooter.runSuitesInProcess(ForkedBooter.java:115)
	at org.apache.maven.surefire.booter.ForkedBooter.main(ForkedBooter.java:75)
</error>
  </testcase>
  <testcase classname="com.spotify.docker.client.DefaultDockerClientTest" name="testFailedPullDoesNotLeakConn" time="0.019">
    <error message="java.util.concurrent.ExecutionException: javax.ws.rs.ProcessingException: java.io.IOException: No such file or directory" type="com.spotify.docker.client.exceptions.DockerException">com.spotify.docker.client.exceptions.DockerException: java.util.concurrent.ExecutionException: javax.ws.rs.ProcessingException: java.io.IOException: No such file or directory
	at com.spotify.docker.client.DefaultDockerClient.propagate(DefaultDockerClient.java:2812)
	at com.spotify.docker.client.DefaultDockerClient.request(DefaultDockerClient.java:2676)
	at com.spotify.docker.client.DefaultDockerClient.version(DefaultDockerClient.java:572)
	at com.spotify.docker.client.DefaultDockerClientTest.setup(DefaultDockerClientTest.java:349)
	at sun.reflect.GeneratedMethodAccessor10.invoke(Unknown Source)
	at sun.reflect.DelegatingMethodAccessorImpl.invoke(DelegatingMethodAccessorImpl.java:43)
	at java.lang.reflect.Method.invoke(Method.java:498)
	at org.junit.runners.model.FrameworkMethod$1.runReflectiveCall(FrameworkMethod.java:50)
	at org.junit.internal.runners.model.ReflectiveCallable.run(ReflectiveCallable.java:12)
	at org.junit.runners.model.FrameworkMethod.invokeExplosively(FrameworkMethod.java:47)
	at org.junit.internal.runners.statements.RunBefores.evaluate(RunBefores.java:24)
	at org.junit.internal.runners.statements.RunAfters.evaluate(RunAfters.java:27)
	at org.junit.rules.ExpectedException$ExpectedExceptionStatement.evaluate(ExpectedException.java:239)
	at org.junit.rules.TestWatcher$1.evaluate(TestWatcher.java:55)
	at org.junit.rules.RunRules.evaluate(RunRules.java:20)
	at org.junit.runners.ParentRunner.runLeaf(ParentRunner.java:325)
	at org.junit.runners.BlockJUnit4ClassRunner.runChild(BlockJUnit4ClassRunner.java:78)
	at org.junit.runners.BlockJUnit4ClassRunner.runChild(BlockJUnit4ClassRunner.java:57)
	at org.junit.runners.ParentRunner$3.run(ParentRunner.java:290)
	at org.junit.runners.ParentRunner$1.schedule(ParentRunner.java:71)
	at org.junit.runners.ParentRunner.runChildren(ParentRunner.java:288)
	at org.junit.runners.ParentRunner.access$000(ParentRunner.java:58)
	at org.junit.runners.ParentRunner$2.evaluate(ParentRunner.java:268)
	at org.junit.runners.ParentRunner.run(ParentRunner.java:363)
	at org.apache.maven.surefire.junit4.JUnit4Provider.execute(JUnit4Provider.java:252)
	at org.apache.maven.surefire.junit4.JUnit4Provider.executeTestSet(JUnit4Provider.java:141)
	at org.apache.maven.surefire.junit4.JUnit4Provider.invoke(JUnit4Provider.java:112)
	at sun.reflect.NativeMethodAccessorImpl.invoke0(Native Method)
	at sun.reflect.NativeMethodAccessorImpl.invoke(NativeMethodAccessorImpl.java:62)
	at sun.reflect.DelegatingMethodAccessorImpl.invoke(DelegatingMethodAccessorImpl.java:43)
	at java.lang.reflect.Method.invoke(Method.java:498)
	at org.apache.maven.surefire.util.ReflectionUtils.invokeMethodWithArray(ReflectionUtils.java:189)
	at org.apache.maven.surefire.booter.ProviderFactory$ProviderProxy.invoke(ProviderFactory.java:165)
	at org.apache.maven.surefire.booter.ProviderFactory.invokeProvider(ProviderFactory.java:85)
	at org.apache.maven.surefire.booter.ForkedBooter.runSuitesInProcess(ForkedBooter.java:115)
	at org.apache.maven.surefire.booter.ForkedBooter.main(ForkedBooter.java:75)
Caused by: java.util.concurrent.ExecutionException: javax.ws.rs.ProcessingException: java.io.IOException: No such file or directory
	at jersey.repackaged.com.google.common.util.concurrent.AbstractFuture$Sync.getValue(AbstractFuture.java:299)
	at jersey.repackaged.com.google.common.util.concurrent.AbstractFuture$Sync.get(AbstractFuture.java:286)
	at jersey.repackaged.com.google.common.util.concurrent.AbstractFuture.get(AbstractFuture.java:116)
	at com.spotify.docker.client.DefaultDockerClient.request(DefaultDockerClient.java:2674)
	... 34 more
Caused by: javax.ws.rs.ProcessingException: java.io.IOException: No such file or directory
	at org.glassfish.jersey.apache.connector.ApacheConnector.apply(ApacheConnector.java:481)
	at org.glassfish.jersey.apache.connector.ApacheConnector$1.run(ApacheConnector.java:491)
	at java.util.concurrent.Executors$RunnableAdapter.call(Executors.java:511)
	at java.util.concurrent.FutureTask.run(FutureTask.java:266)
	at jersey.repackaged.com.google.common.util.concurrent.MoreExecutors$DirectExecutorService.execute(MoreExecutors.java:299)
	at java.util.concurrent.AbstractExecutorService.submit(AbstractExecutorService.java:112)
	at jersey.repackaged.com.google.common.util.concurrent.AbstractListeningExecutorService.submit(AbstractListeningExecutorService.java:50)
	at jersey.repackaged.com.google.common.util.concurrent.AbstractListeningExecutorService.submit(AbstractListeningExecutorService.java:37)
	at org.glassfish.jersey.apache.connector.ApacheConnector.apply(ApacheConnector.java:487)
	at org.glassfish.jersey.client.ClientRuntime$2.run(ClientRuntime.java:178)
	at org.glassfish.jersey.internal.Errors$1.call(Errors.java:271)
	at org.glassfish.jersey.internal.Errors$1.call(Errors.java:267)
	at org.glassfish.jersey.internal.Errors.process(Errors.java:315)
	at org.glassfish.jersey.internal.Errors.process(Errors.java:297)
	at org.glassfish.jersey.internal.Errors.process(Errors.java:267)
	at org.glassfish.jersey.process.internal.RequestScope.runInScope(RequestScope.java:340)
	at org.glassfish.jersey.client.ClientRuntime$3.run(ClientRuntime.java:210)
	at java.util.concurrent.Executors$RunnableAdapter.call(Executors.java:511)
	at java.util.concurrent.FutureTask.run(FutureTask.java:266)
	at java.util.concurrent.ThreadPoolExecutor.runWorker(ThreadPoolExecutor.java:1142)
	at java.util.concurrent.ThreadPoolExecutor$Worker.run(ThreadPoolExecutor.java:617)
	at java.lang.Thread.run(Thread.java:745)
Caused by: java.io.IOException: No such file or directory
	at jnr.unixsocket.UnixSocketChannel.doConnect(UnixSocketChannel.java:127)
	at jnr.unixsocket.UnixSocketChannel.connect(UnixSocketChannel.java:136)
	at jnr.unixsocket.UnixSocketChannel.connect(UnixSocketChannel.java:223)
	at com.spotify.docker.client.UnixConnectionSocketFactory.connectSocket(UnixConnectionSocketFactory.java:85)
	at org.apache.http.impl.conn.DefaultHttpClientConnectionOperator.connect(DefaultHttpClientConnectionOperator.java:134)
	at org.apache.http.impl.conn.PoolingHttpClientConnectionManager.connect(PoolingHttpClientConnectionManager.java:353)
	at org.apache.http.impl.execchain.MainClientExec.establishRoute(MainClientExec.java:380)
	at org.apache.http.impl.execchain.MainClientExec.execute(MainClientExec.java:236)
	at org.apache.http.impl.execchain.ProtocolExec.execute(ProtocolExec.java:184)
	at org.apache.http.impl.execchain.RetryExec.execute(RetryExec.java:88)
	at org.apache.http.impl.execchain.RedirectExec.execute(RedirectExec.java:110)
	at org.apache.http.impl.client.InternalHttpClient.doExecute(InternalHttpClient.java:184)
	at org.apache.http.impl.client.CloseableHttpClient.execute(CloseableHttpClient.java:71)
	at org.glassfish.jersey.apache.connector.ApacheConnector.apply(ApacheConnector.java:435)
	... 21 more
</error>
    <system-err>Jun 02, 2018 7:44:40 AM org.apache.http.impl.execchain.RetryExec execute
INFO: I/O exception (java.io.IOException) caught when processing request to {}-&gt;unix://localhost:80: No such file or directory
Jun 02, 2018 7:44:40 AM org.apache.http.impl.execchain.RetryExec execute
INFO: Retrying request to {}-&gt;unix://localhost:80
Jun 02, 2018 7:44:40 AM org.apache.http.impl.execchain.RetryExec execute
INFO: I/O exception (java.io.IOException) caught when processing request to {}-&gt;unix://localhost:80: No such file or directory
Jun 02, 2018 7:44:40 AM org.apache.http.impl.execchain.RetryExec execute
INFO: Retrying request to {}-&gt;unix://localhost:80
Jun 02, 2018 7:44:40 AM org.apache.http.impl.execchain.RetryExec execute
INFO: I/O exception (java.io.IOException) caught when processing request to {}-&gt;unix://localhost:80: No such file or directory
Jun 02, 2018 7:44:40 AM org.apache.http.impl.execchain.RetryExec execute
INFO: Retrying request to {}-&gt;unix://localhost:80
</system-err>
  </testcase>
  <testcase classname="com.spotify.docker.client.DefaultDockerClientTest" name="testFailedPullDoesNotLeakConn" time="0.019">
    <error type="java.lang.NullPointerException">java.lang.NullPointerException
	at com.spotify.docker.client.VersionCompare.compareVersion(VersionCompare.java:45)
	at com.spotify.docker.client.DefaultDockerClientTest.dockerApiVersionAtLeast(DefaultDockerClientTest.java:404)
	at com.spotify.docker.client.DefaultDockerClientTest.tearDown(DefaultDockerClientTest.java:356)
	at sun.reflect.GeneratedMethodAccessor11.invoke(Unknown Source)
	at sun.reflect.DelegatingMethodAccessorImpl.invoke(DelegatingMethodAccessorImpl.java:43)
	at java.lang.reflect.Method.invoke(Method.java:498)
	at org.junit.runners.model.FrameworkMethod$1.runReflectiveCall(FrameworkMethod.java:50)
	at org.junit.internal.runners.model.ReflectiveCallable.run(ReflectiveCallable.java:12)
	at org.junit.runners.model.FrameworkMethod.invokeExplosively(FrameworkMethod.java:47)
	at org.junit.internal.runners.statements.RunAfters.evaluate(RunAfters.java:33)
	at org.junit.rules.ExpectedException$ExpectedExceptionStatement.evaluate(ExpectedException.java:239)
	at org.junit.rules.TestWatcher$1.evaluate(TestWatcher.java:55)
	at org.junit.rules.RunRules.evaluate(RunRules.java:20)
	at org.junit.runners.ParentRunner.runLeaf(ParentRunner.java:325)
	at org.junit.runners.BlockJUnit4ClassRunner.runChild(BlockJUnit4ClassRunner.java:78)
	at org.junit.runners.BlockJUnit4ClassRunner.runChild(BlockJUnit4ClassRunner.java:57)
	at org.junit.runners.ParentRunner$3.run(ParentRunner.java:290)
	at org.junit.runners.ParentRunner$1.schedule(ParentRunner.java:71)
	at org.junit.runners.ParentRunner.runChildren(ParentRunner.java:288)
	at org.junit.runners.ParentRunner.access$000(ParentRunner.java:58)
	at org.junit.runners.ParentRunner$2.evaluate(ParentRunner.java:268)
	at org.junit.runners.ParentRunner.run(ParentRunner.java:363)
	at org.apache.maven.surefire.junit4.JUnit4Provider.execute(JUnit4Provider.java:252)
	at org.apache.maven.surefire.junit4.JUnit4Provider.executeTestSet(JUnit4Provider.java:141)
	at org.apache.maven.surefire.junit4.JUnit4Provider.invoke(JUnit4Provider.java:112)
	at sun.reflect.NativeMethodAccessorImpl.invoke0(Native Method)
	at sun.reflect.NativeMethodAccessorImpl.invoke(NativeMethodAccessorImpl.java:62)
	at sun.reflect.DelegatingMethodAccessorImpl.invoke(DelegatingMethodAccessorImpl.java:43)
	at java.lang.reflect.Method.invoke(Method.java:498)
	at org.apache.maven.surefire.util.ReflectionUtils.invokeMethodWithArray(ReflectionUtils.java:189)
	at org.apache.maven.surefire.booter.ProviderFactory$ProviderProxy.invoke(ProviderFactory.java:165)
	at org.apache.maven.surefire.booter.ProviderFactory.invokeProvider(ProviderFactory.java:85)
	at org.apache.maven.surefire.booter.ForkedBooter.runSuitesInProcess(ForkedBooter.java:115)
	at org.apache.maven.surefire.booter.ForkedBooter.main(ForkedBooter.java:75)
</error>
  </testcase>
  <testcase classname="com.spotify.docker.client.DefaultDockerClientTest" name="testExecInspectNoUser" time="0.019">
    <error message="java.util.concurrent.ExecutionException: javax.ws.rs.ProcessingException: java.io.IOException: No such file or directory" type="com.spotify.docker.client.exceptions.DockerException">com.spotify.docker.client.exceptions.DockerException: java.util.concurrent.ExecutionException: javax.ws.rs.ProcessingException: java.io.IOException: No such file or directory
	at com.spotify.docker.client.DefaultDockerClient.propagate(DefaultDockerClient.java:2812)
	at com.spotify.docker.client.DefaultDockerClient.request(DefaultDockerClient.java:2676)
	at com.spotify.docker.client.DefaultDockerClient.version(DefaultDockerClient.java:572)
	at com.spotify.docker.client.DefaultDockerClientTest.setup(DefaultDockerClientTest.java:349)
	at sun.reflect.GeneratedMethodAccessor10.invoke(Unknown Source)
	at sun.reflect.DelegatingMethodAccessorImpl.invoke(DelegatingMethodAccessorImpl.java:43)
	at java.lang.reflect.Method.invoke(Method.java:498)
	at org.junit.runners.model.FrameworkMethod$1.runReflectiveCall(FrameworkMethod.java:50)
	at org.junit.internal.runners.model.ReflectiveCallable.run(ReflectiveCallable.java:12)
	at org.junit.runners.model.FrameworkMethod.invokeExplosively(FrameworkMethod.java:47)
	at org.junit.internal.runners.statements.RunBefores.evaluate(RunBefores.java:24)
	at org.junit.internal.runners.statements.RunAfters.evaluate(RunAfters.java:27)
	at org.junit.rules.ExpectedException$ExpectedExceptionStatement.evaluate(ExpectedException.java:239)
	at org.junit.rules.TestWatcher$1.evaluate(TestWatcher.java:55)
	at org.junit.rules.RunRules.evaluate(RunRules.java:20)
	at org.junit.runners.ParentRunner.runLeaf(ParentRunner.java:325)
	at org.junit.runners.BlockJUnit4ClassRunner.runChild(BlockJUnit4ClassRunner.java:78)
	at org.junit.runners.BlockJUnit4ClassRunner.runChild(BlockJUnit4ClassRunner.java:57)
	at org.junit.runners.ParentRunner$3.run(ParentRunner.java:290)
	at org.junit.runners.ParentRunner$1.schedule(ParentRunner.java:71)
	at org.junit.runners.ParentRunner.runChildren(ParentRunner.java:288)
	at org.junit.runners.ParentRunner.access$000(ParentRunner.java:58)
	at org.junit.runners.ParentRunner$2.evaluate(ParentRunner.java:268)
	at org.junit.runners.ParentRunner.run(ParentRunner.java:363)
	at org.apache.maven.surefire.junit4.JUnit4Provider.execute(JUnit4Provider.java:252)
	at org.apache.maven.surefire.junit4.JUnit4Provider.executeTestSet(JUnit4Provider.java:141)
	at org.apache.maven.surefire.junit4.JUnit4Provider.invoke(JUnit4Provider.java:112)
	at sun.reflect.NativeMethodAccessorImpl.invoke0(Native Method)
	at sun.reflect.NativeMethodAccessorImpl.invoke(NativeMethodAccessorImpl.java:62)
	at sun.reflect.DelegatingMethodAccessorImpl.invoke(DelegatingMethodAccessorImpl.java:43)
	at java.lang.reflect.Method.invoke(Method.java:498)
	at org.apache.maven.surefire.util.ReflectionUtils.invokeMethodWithArray(ReflectionUtils.java:189)
	at org.apache.maven.surefire.booter.ProviderFactory$ProviderProxy.invoke(ProviderFactory.java:165)
	at org.apache.maven.surefire.booter.ProviderFactory.invokeProvider(ProviderFactory.java:85)
	at org.apache.maven.surefire.booter.ForkedBooter.runSuitesInProcess(ForkedBooter.java:115)
	at org.apache.maven.surefire.booter.ForkedBooter.main(ForkedBooter.java:75)
Caused by: java.util.concurrent.ExecutionException: javax.ws.rs.ProcessingException: java.io.IOException: No such file or directory
	at jersey.repackaged.com.google.common.util.concurrent.AbstractFuture$Sync.getValue(AbstractFuture.java:299)
	at jersey.repackaged.com.google.common.util.concurrent.AbstractFuture$Sync.get(AbstractFuture.java:286)
	at jersey.repackaged.com.google.common.util.concurrent.AbstractFuture.get(AbstractFuture.java:116)
	at com.spotify.docker.client.DefaultDockerClient.request(DefaultDockerClient.java:2674)
	... 34 more
Caused by: javax.ws.rs.ProcessingException: java.io.IOException: No such file or directory
	at org.glassfish.jersey.apache.connector.ApacheConnector.apply(ApacheConnector.java:481)
	at org.glassfish.jersey.apache.connector.ApacheConnector$1.run(ApacheConnector.java:491)
	at java.util.concurrent.Executors$RunnableAdapter.call(Executors.java:511)
	at java.util.concurrent.FutureTask.run(FutureTask.java:266)
	at jersey.repackaged.com.google.common.util.concurrent.MoreExecutors$DirectExecutorService.execute(MoreExecutors.java:299)
	at java.util.concurrent.AbstractExecutorService.submit(AbstractExecutorService.java:112)
	at jersey.repackaged.com.google.common.util.concurrent.AbstractListeningExecutorService.submit(AbstractListeningExecutorService.java:50)
	at jersey.repackaged.com.google.common.util.concurrent.AbstractListeningExecutorService.submit(AbstractListeningExecutorService.java:37)
	at org.glassfish.jersey.apache.connector.ApacheConnector.apply(ApacheConnector.java:487)
	at org.glassfish.jersey.client.ClientRuntime$2.run(ClientRuntime.java:178)
	at org.glassfish.jersey.internal.Errors$1.call(Errors.java:271)
	at org.glassfish.jersey.internal.Errors$1.call(Errors.java:267)
	at org.glassfish.jersey.internal.Errors.process(Errors.java:315)
	at org.glassfish.jersey.internal.Errors.process(Errors.java:297)
	at org.glassfish.jersey.internal.Errors.process(Errors.java:267)
	at org.glassfish.jersey.process.internal.RequestScope.runInScope(RequestScope.java:340)
	at org.glassfish.jersey.client.ClientRuntime$3.run(ClientRuntime.java:210)
	at java.util.concurrent.Executors$RunnableAdapter.call(Executors.java:511)
	at java.util.concurrent.FutureTask.run(FutureTask.java:266)
	at java.util.concurrent.ThreadPoolExecutor.runWorker(ThreadPoolExecutor.java:1142)
	at java.util.concurrent.ThreadPoolExecutor$Worker.run(ThreadPoolExecutor.java:617)
	at java.lang.Thread.run(Thread.java:745)
Caused by: java.io.IOException: No such file or directory
	at jnr.unixsocket.UnixSocketChannel.doConnect(UnixSocketChannel.java:127)
	at jnr.unixsocket.UnixSocketChannel.connect(UnixSocketChannel.java:136)
	at jnr.unixsocket.UnixSocketChannel.connect(UnixSocketChannel.java:223)
	at com.spotify.docker.client.UnixConnectionSocketFactory.connectSocket(UnixConnectionSocketFactory.java:85)
	at org.apache.http.impl.conn.DefaultHttpClientConnectionOperator.connect(DefaultHttpClientConnectionOperator.java:134)
	at org.apache.http.impl.conn.PoolingHttpClientConnectionManager.connect(PoolingHttpClientConnectionManager.java:353)
	at org.apache.http.impl.execchain.MainClientExec.establishRoute(MainClientExec.java:380)
	at org.apache.http.impl.execchain.MainClientExec.execute(MainClientExec.java:236)
	at org.apache.http.impl.execchain.ProtocolExec.execute(ProtocolExec.java:184)
	at org.apache.http.impl.execchain.RetryExec.execute(RetryExec.java:88)
	at org.apache.http.impl.execchain.RedirectExec.execute(RedirectExec.java:110)
	at org.apache.http.impl.client.InternalHttpClient.doExecute(InternalHttpClient.java:184)
	at org.apache.http.impl.client.CloseableHttpClient.execute(CloseableHttpClient.java:71)
	at org.glassfish.jersey.apache.connector.ApacheConnector.apply(ApacheConnector.java:435)
	... 21 more
</error>
    <system-err>Jun 02, 2018 7:44:40 AM org.apache.http.impl.execchain.RetryExec execute
INFO: I/O exception (java.io.IOException) caught when processing request to {}-&gt;unix://localhost:80: No such file or directory
Jun 02, 2018 7:44:40 AM org.apache.http.impl.execchain.RetryExec execute
INFO: Retrying request to {}-&gt;unix://localhost:80
Jun 02, 2018 7:44:40 AM org.apache.http.impl.execchain.RetryExec execute
INFO: I/O exception (java.io.IOException) caught when processing request to {}-&gt;unix://localhost:80: No such file or directory
Jun 02, 2018 7:44:40 AM org.apache.http.impl.execchain.RetryExec execute
INFO: Retrying request to {}-&gt;unix://localhost:80
Jun 02, 2018 7:44:40 AM org.apache.http.impl.execchain.RetryExec execute
INFO: I/O exception (java.io.IOException) caught when processing request to {}-&gt;unix://localhost:80: No such file or directory
Jun 02, 2018 7:44:40 AM org.apache.http.impl.execchain.RetryExec execute
INFO: Retrying request to {}-&gt;unix://localhost:80
</system-err>
  </testcase>
  <testcase classname="com.spotify.docker.client.DefaultDockerClientTest" name="testExecInspectNoUser" time="0.019">
    <error type="java.lang.NullPointerException">java.lang.NullPointerException
	at com.spotify.docker.client.VersionCompare.compareVersion(VersionCompare.java:45)
	at com.spotify.docker.client.DefaultDockerClientTest.dockerApiVersionAtLeast(DefaultDockerClientTest.java:404)
	at com.spotify.docker.client.DefaultDockerClientTest.tearDown(DefaultDockerClientTest.java:356)
	at sun.reflect.GeneratedMethodAccessor11.invoke(Unknown Source)
	at sun.reflect.DelegatingMethodAccessorImpl.invoke(DelegatingMethodAccessorImpl.java:43)
	at java.lang.reflect.Method.invoke(Method.java:498)
	at org.junit.runners.model.FrameworkMethod$1.runReflectiveCall(FrameworkMethod.java:50)
	at org.junit.internal.runners.model.ReflectiveCallable.run(ReflectiveCallable.java:12)
	at org.junit.runners.model.FrameworkMethod.invokeExplosively(FrameworkMethod.java:47)
	at org.junit.internal.runners.statements.RunAfters.evaluate(RunAfters.java:33)
	at org.junit.rules.ExpectedException$ExpectedExceptionStatement.evaluate(ExpectedException.java:239)
	at org.junit.rules.TestWatcher$1.evaluate(TestWatcher.java:55)
	at org.junit.rules.RunRules.evaluate(RunRules.java:20)
	at org.junit.runners.ParentRunner.runLeaf(ParentRunner.java:325)
	at org.junit.runners.BlockJUnit4ClassRunner.runChild(BlockJUnit4ClassRunner.java:78)
	at org.junit.runners.BlockJUnit4ClassRunner.runChild(BlockJUnit4ClassRunner.java:57)
	at org.junit.runners.ParentRunner$3.run(ParentRunner.java:290)
	at org.junit.runners.ParentRunner$1.schedule(ParentRunner.java:71)
	at org.junit.runners.ParentRunner.runChildren(ParentRunner.java:288)
	at org.junit.runners.ParentRunner.access$000(ParentRunner.java:58)
	at org.junit.runners.ParentRunner$2.evaluate(ParentRunner.java:268)
	at org.junit.runners.ParentRunner.run(ParentRunner.java:363)
	at org.apache.maven.surefire.junit4.JUnit4Provider.execute(JUnit4Provider.java:252)
	at org.apache.maven.surefire.junit4.JUnit4Provider.executeTestSet(JUnit4Provider.java:141)
	at org.apache.maven.surefire.junit4.JUnit4Provider.invoke(JUnit4Provider.java:112)
	at sun.reflect.NativeMethodAccessorImpl.invoke0(Native Method)
	at sun.reflect.NativeMethodAccessorImpl.invoke(NativeMethodAccessorImpl.java:62)
	at sun.reflect.DelegatingMethodAccessorImpl.invoke(DelegatingMethodAccessorImpl.java:43)
	at java.lang.reflect.Method.invoke(Method.java:498)
	at org.apache.maven.surefire.util.ReflectionUtils.invokeMethodWithArray(ReflectionUtils.java:189)
	at org.apache.maven.surefire.booter.ProviderFactory$ProviderProxy.invoke(ProviderFactory.java:165)
	at org.apache.maven.surefire.booter.ProviderFactory.invokeProvider(ProviderFactory.java:85)
	at org.apache.maven.surefire.booter.ForkedBooter.runSuitesInProcess(ForkedBooter.java:115)
	at org.apache.maven.surefire.booter.ForkedBooter.main(ForkedBooter.java:75)
</error>
  </testcase>
  <testcase classname="com.spotify.docker.client.DefaultDockerClientTest" name="testLogsNoStdErr" time="0.017">
    <error message="java.util.concurrent.ExecutionException: javax.ws.rs.ProcessingException: java.io.IOException: No such file or directory" type="com.spotify.docker.client.exceptions.DockerException">com.spotify.docker.client.exceptions.DockerException: java.util.concurrent.ExecutionException: javax.ws.rs.ProcessingException: java.io.IOException: No such file or directory
	at com.spotify.docker.client.DefaultDockerClient.propagate(DefaultDockerClient.java:2812)
	at com.spotify.docker.client.DefaultDockerClient.request(DefaultDockerClient.java:2676)
	at com.spotify.docker.client.DefaultDockerClient.version(DefaultDockerClient.java:572)
	at com.spotify.docker.client.DefaultDockerClientTest.setup(DefaultDockerClientTest.java:349)
	at sun.reflect.GeneratedMethodAccessor10.invoke(Unknown Source)
	at sun.reflect.DelegatingMethodAccessorImpl.invoke(DelegatingMethodAccessorImpl.java:43)
	at java.lang.reflect.Method.invoke(Method.java:498)
	at org.junit.runners.model.FrameworkMethod$1.runReflectiveCall(FrameworkMethod.java:50)
	at org.junit.internal.runners.model.ReflectiveCallable.run(ReflectiveCallable.java:12)
	at org.junit.runners.model.FrameworkMethod.invokeExplosively(FrameworkMethod.java:47)
	at org.junit.internal.runners.statements.RunBefores.evaluate(RunBefores.java:24)
	at org.junit.internal.runners.statements.RunAfters.evaluate(RunAfters.java:27)
	at org.junit.rules.ExpectedException$ExpectedExceptionStatement.evaluate(ExpectedException.java:239)
	at org.junit.rules.TestWatcher$1.evaluate(TestWatcher.java:55)
	at org.junit.rules.RunRules.evaluate(RunRules.java:20)
	at org.junit.runners.ParentRunner.runLeaf(ParentRunner.java:325)
	at org.junit.runners.BlockJUnit4ClassRunner.runChild(BlockJUnit4ClassRunner.java:78)
	at org.junit.runners.BlockJUnit4ClassRunner.runChild(BlockJUnit4ClassRunner.java:57)
	at org.junit.runners.ParentRunner$3.run(ParentRunner.java:290)
	at org.junit.runners.ParentRunner$1.schedule(ParentRunner.java:71)
	at org.junit.runners.ParentRunner.runChildren(ParentRunner.java:288)
	at org.junit.runners.ParentRunner.access$000(ParentRunner.java:58)
	at org.junit.runners.ParentRunner$2.evaluate(ParentRunner.java:268)
	at org.junit.runners.ParentRunner.run(ParentRunner.java:363)
	at org.apache.maven.surefire.junit4.JUnit4Provider.execute(JUnit4Provider.java:252)
	at org.apache.maven.surefire.junit4.JUnit4Provider.executeTestSet(JUnit4Provider.java:141)
	at org.apache.maven.surefire.junit4.JUnit4Provider.invoke(JUnit4Provider.java:112)
	at sun.reflect.NativeMethodAccessorImpl.invoke0(Native Method)
	at sun.reflect.NativeMethodAccessorImpl.invoke(NativeMethodAccessorImpl.java:62)
	at sun.reflect.DelegatingMethodAccessorImpl.invoke(DelegatingMethodAccessorImpl.java:43)
	at java.lang.reflect.Method.invoke(Method.java:498)
	at org.apache.maven.surefire.util.ReflectionUtils.invokeMethodWithArray(ReflectionUtils.java:189)
	at org.apache.maven.surefire.booter.ProviderFactory$ProviderProxy.invoke(ProviderFactory.java:165)
	at org.apache.maven.surefire.booter.ProviderFactory.invokeProvider(ProviderFactory.java:85)
	at org.apache.maven.surefire.booter.ForkedBooter.runSuitesInProcess(ForkedBooter.java:115)
	at org.apache.maven.surefire.booter.ForkedBooter.main(ForkedBooter.java:75)
Caused by: java.util.concurrent.ExecutionException: javax.ws.rs.ProcessingException: java.io.IOException: No such file or directory
	at jersey.repackaged.com.google.common.util.concurrent.AbstractFuture$Sync.getValue(AbstractFuture.java:299)
	at jersey.repackaged.com.google.common.util.concurrent.AbstractFuture$Sync.get(AbstractFuture.java:286)
	at jersey.repackaged.com.google.common.util.concurrent.AbstractFuture.get(AbstractFuture.java:116)
	at com.spotify.docker.client.DefaultDockerClient.request(DefaultDockerClient.java:2674)
	... 34 more
Caused by: javax.ws.rs.ProcessingException: java.io.IOException: No such file or directory
	at org.glassfish.jersey.apache.connector.ApacheConnector.apply(ApacheConnector.java:481)
	at org.glassfish.jersey.apache.connector.ApacheConnector$1.run(ApacheConnector.java:491)
	at java.util.concurrent.Executors$RunnableAdapter.call(Executors.java:511)
	at java.util.concurrent.FutureTask.run(FutureTask.java:266)
	at jersey.repackaged.com.google.common.util.concurrent.MoreExecutors$DirectExecutorService.execute(MoreExecutors.java:299)
	at java.util.concurrent.AbstractExecutorService.submit(AbstractExecutorService.java:112)
	at jersey.repackaged.com.google.common.util.concurrent.AbstractListeningExecutorService.submit(AbstractListeningExecutorService.java:50)
	at jersey.repackaged.com.google.common.util.concurrent.AbstractListeningExecutorService.submit(AbstractListeningExecutorService.java:37)
	at org.glassfish.jersey.apache.connector.ApacheConnector.apply(ApacheConnector.java:487)
	at org.glassfish.jersey.client.ClientRuntime$2.run(ClientRuntime.java:178)
	at org.glassfish.jersey.internal.Errors$1.call(Errors.java:271)
	at org.glassfish.jersey.internal.Errors$1.call(Errors.java:267)
	at org.glassfish.jersey.internal.Errors.process(Errors.java:315)
	at org.glassfish.jersey.internal.Errors.process(Errors.java:297)
	at org.glassfish.jersey.internal.Errors.process(Errors.java:267)
	at org.glassfish.jersey.process.internal.RequestScope.runInScope(RequestScope.java:340)
	at org.glassfish.jersey.client.ClientRuntime$3.run(ClientRuntime.java:210)
	at java.util.concurrent.Executors$RunnableAdapter.call(Executors.java:511)
	at java.util.concurrent.FutureTask.run(FutureTask.java:266)
	at java.util.concurrent.ThreadPoolExecutor.runWorker(ThreadPoolExecutor.java:1142)
	at java.util.concurrent.ThreadPoolExecutor$Worker.run(ThreadPoolExecutor.java:617)
	at java.lang.Thread.run(Thread.java:745)
Caused by: java.io.IOException: No such file or directory
	at jnr.unixsocket.UnixSocketChannel.doConnect(UnixSocketChannel.java:127)
	at jnr.unixsocket.UnixSocketChannel.connect(UnixSocketChannel.java:136)
	at jnr.unixsocket.UnixSocketChannel.connect(UnixSocketChannel.java:223)
	at com.spotify.docker.client.UnixConnectionSocketFactory.connectSocket(UnixConnectionSocketFactory.java:85)
	at org.apache.http.impl.conn.DefaultHttpClientConnectionOperator.connect(DefaultHttpClientConnectionOperator.java:134)
	at org.apache.http.impl.conn.PoolingHttpClientConnectionManager.connect(PoolingHttpClientConnectionManager.java:353)
	at org.apache.http.impl.execchain.MainClientExec.establishRoute(MainClientExec.java:380)
	at org.apache.http.impl.execchain.MainClientExec.execute(MainClientExec.java:236)
	at org.apache.http.impl.execchain.ProtocolExec.execute(ProtocolExec.java:184)
	at org.apache.http.impl.execchain.RetryExec.execute(RetryExec.java:88)
	at org.apache.http.impl.execchain.RedirectExec.execute(RedirectExec.java:110)
	at org.apache.http.impl.client.InternalHttpClient.doExecute(InternalHttpClient.java:184)
	at org.apache.http.impl.client.CloseableHttpClient.execute(CloseableHttpClient.java:71)
	at org.glassfish.jersey.apache.connector.ApacheConnector.apply(ApacheConnector.java:435)
	... 21 more
</error>
    <system-err>Jun 02, 2018 7:44:40 AM org.apache.http.impl.execchain.RetryExec execute
INFO: I/O exception (java.io.IOException) caught when processing request to {}-&gt;unix://localhost:80: No such file or directory
Jun 02, 2018 7:44:40 AM org.apache.http.impl.execchain.RetryExec execute
INFO: Retrying request to {}-&gt;unix://localhost:80
Jun 02, 2018 7:44:40 AM org.apache.http.impl.execchain.RetryExec execute
INFO: I/O exception (java.io.IOException) caught when processing request to {}-&gt;unix://localhost:80: No such file or directory
Jun 02, 2018 7:44:40 AM org.apache.http.impl.execchain.RetryExec execute
INFO: Retrying request to {}-&gt;unix://localhost:80
Jun 02, 2018 7:44:40 AM org.apache.http.impl.execchain.RetryExec execute
INFO: I/O exception (java.io.IOException) caught when processing request to {}-&gt;unix://localhost:80: No such file or directory
Jun 02, 2018 7:44:40 AM org.apache.http.impl.execchain.RetryExec execute
INFO: Retrying request to {}-&gt;unix://localhost:80
</system-err>
  </testcase>
  <testcase classname="com.spotify.docker.client.DefaultDockerClientTest" name="testLogsNoStdErr" time="0.018">
    <error type="java.lang.NullPointerException">java.lang.NullPointerException
	at com.spotify.docker.client.VersionCompare.compareVersion(VersionCompare.java:45)
	at com.spotify.docker.client.DefaultDockerClientTest.dockerApiVersionAtLeast(DefaultDockerClientTest.java:404)
	at com.spotify.docker.client.DefaultDockerClientTest.tearDown(DefaultDockerClientTest.java:356)
	at sun.reflect.GeneratedMethodAccessor11.invoke(Unknown Source)
	at sun.reflect.DelegatingMethodAccessorImpl.invoke(DelegatingMethodAccessorImpl.java:43)
	at java.lang.reflect.Method.invoke(Method.java:498)
	at org.junit.runners.model.FrameworkMethod$1.runReflectiveCall(FrameworkMethod.java:50)
	at org.junit.internal.runners.model.ReflectiveCallable.run(ReflectiveCallable.java:12)
	at org.junit.runners.model.FrameworkMethod.invokeExplosively(FrameworkMethod.java:47)
	at org.junit.internal.runners.statements.RunAfters.evaluate(RunAfters.java:33)
	at org.junit.rules.ExpectedException$ExpectedExceptionStatement.evaluate(ExpectedException.java:239)
	at org.junit.rules.TestWatcher$1.evaluate(TestWatcher.java:55)
	at org.junit.rules.RunRules.evaluate(RunRules.java:20)
	at org.junit.runners.ParentRunner.runLeaf(ParentRunner.java:325)
	at org.junit.runners.BlockJUnit4ClassRunner.runChild(BlockJUnit4ClassRunner.java:78)
	at org.junit.runners.BlockJUnit4ClassRunner.runChild(BlockJUnit4ClassRunner.java:57)
	at org.junit.runners.ParentRunner$3.run(ParentRunner.java:290)
	at org.junit.runners.ParentRunner$1.schedule(ParentRunner.java:71)
	at org.junit.runners.ParentRunner.runChildren(ParentRunner.java:288)
	at org.junit.runners.ParentRunner.access$000(ParentRunner.java:58)
	at org.junit.runners.ParentRunner$2.evaluate(ParentRunner.java:268)
	at org.junit.runners.ParentRunner.run(ParentRunner.java:363)
	at org.apache.maven.surefire.junit4.JUnit4Provider.execute(JUnit4Provider.java:252)
	at org.apache.maven.surefire.junit4.JUnit4Provider.executeTestSet(JUnit4Provider.java:141)
	at org.apache.maven.surefire.junit4.JUnit4Provider.invoke(JUnit4Provider.java:112)
	at sun.reflect.NativeMethodAccessorImpl.invoke0(Native Method)
	at sun.reflect.NativeMethodAccessorImpl.invoke(NativeMethodAccessorImpl.java:62)
	at sun.reflect.DelegatingMethodAccessorImpl.invoke(DelegatingMethodAccessorImpl.java:43)
	at java.lang.reflect.Method.invoke(Method.java:498)
	at org.apache.maven.surefire.util.ReflectionUtils.invokeMethodWithArray(ReflectionUtils.java:189)
	at org.apache.maven.surefire.booter.ProviderFactory$ProviderProxy.invoke(ProviderFactory.java:165)
	at org.apache.maven.surefire.booter.ProviderFactory.invokeProvider(ProviderFactory.java:85)
	at org.apache.maven.surefire.booter.ForkedBooter.runSuitesInProcess(ForkedBooter.java:115)
	at org.apache.maven.surefire.booter.ForkedBooter.main(ForkedBooter.java:75)
</error>
  </testcase>
  <testcase classname="com.spotify.docker.client.DefaultDockerClientTest" name="testLogsNoStdOut" time="0.019">
    <error message="java.util.concurrent.ExecutionException: javax.ws.rs.ProcessingException: java.io.IOException: No such file or directory" type="com.spotify.docker.client.exceptions.DockerException">com.spotify.docker.client.exceptions.DockerException: java.util.concurrent.ExecutionException: javax.ws.rs.ProcessingException: java.io.IOException: No such file or directory
	at com.spotify.docker.client.DefaultDockerClient.propagate(DefaultDockerClient.java:2812)
	at com.spotify.docker.client.DefaultDockerClient.request(DefaultDockerClient.java:2676)
	at com.spotify.docker.client.DefaultDockerClient.version(DefaultDockerClient.java:572)
	at com.spotify.docker.client.DefaultDockerClientTest.setup(DefaultDockerClientTest.java:349)
	at sun.reflect.GeneratedMethodAccessor10.invoke(Unknown Source)
	at sun.reflect.DelegatingMethodAccessorImpl.invoke(DelegatingMethodAccessorImpl.java:43)
	at java.lang.reflect.Method.invoke(Method.java:498)
	at org.junit.runners.model.FrameworkMethod$1.runReflectiveCall(FrameworkMethod.java:50)
	at org.junit.internal.runners.model.ReflectiveCallable.run(ReflectiveCallable.java:12)
	at org.junit.runners.model.FrameworkMethod.invokeExplosively(FrameworkMethod.java:47)
	at org.junit.internal.runners.statements.RunBefores.evaluate(RunBefores.java:24)
	at org.junit.internal.runners.statements.RunAfters.evaluate(RunAfters.java:27)
	at org.junit.rules.ExpectedException$ExpectedExceptionStatement.evaluate(ExpectedException.java:239)
	at org.junit.rules.TestWatcher$1.evaluate(TestWatcher.java:55)
	at org.junit.rules.RunRules.evaluate(RunRules.java:20)
	at org.junit.runners.ParentRunner.runLeaf(ParentRunner.java:325)
	at org.junit.runners.BlockJUnit4ClassRunner.runChild(BlockJUnit4ClassRunner.java:78)
	at org.junit.runners.BlockJUnit4ClassRunner.runChild(BlockJUnit4ClassRunner.java:57)
	at org.junit.runners.ParentRunner$3.run(ParentRunner.java:290)
	at org.junit.runners.ParentRunner$1.schedule(ParentRunner.java:71)
	at org.junit.runners.ParentRunner.runChildren(ParentRunner.java:288)
	at org.junit.runners.ParentRunner.access$000(ParentRunner.java:58)
	at org.junit.runners.ParentRunner$2.evaluate(ParentRunner.java:268)
	at org.junit.runners.ParentRunner.run(ParentRunner.java:363)
	at org.apache.maven.surefire.junit4.JUnit4Provider.execute(JUnit4Provider.java:252)
	at org.apache.maven.surefire.junit4.JUnit4Provider.executeTestSet(JUnit4Provider.java:141)
	at org.apache.maven.surefire.junit4.JUnit4Provider.invoke(JUnit4Provider.java:112)
	at sun.reflect.NativeMethodAccessorImpl.invoke0(Native Method)
	at sun.reflect.NativeMethodAccessorImpl.invoke(NativeMethodAccessorImpl.java:62)
	at sun.reflect.DelegatingMethodAccessorImpl.invoke(DelegatingMethodAccessorImpl.java:43)
	at java.lang.reflect.Method.invoke(Method.java:498)
	at org.apache.maven.surefire.util.ReflectionUtils.invokeMethodWithArray(ReflectionUtils.java:189)
	at org.apache.maven.surefire.booter.ProviderFactory$ProviderProxy.invoke(ProviderFactory.java:165)
	at org.apache.maven.surefire.booter.ProviderFactory.invokeProvider(ProviderFactory.java:85)
	at org.apache.maven.surefire.booter.ForkedBooter.runSuitesInProcess(ForkedBooter.java:115)
	at org.apache.maven.surefire.booter.ForkedBooter.main(ForkedBooter.java:75)
Caused by: java.util.concurrent.ExecutionException: javax.ws.rs.ProcessingException: java.io.IOException: No such file or directory
	at jersey.repackaged.com.google.common.util.concurrent.AbstractFuture$Sync.getValue(AbstractFuture.java:299)
	at jersey.repackaged.com.google.common.util.concurrent.AbstractFuture$Sync.get(AbstractFuture.java:286)
	at jersey.repackaged.com.google.common.util.concurrent.AbstractFuture.get(AbstractFuture.java:116)
	at com.spotify.docker.client.DefaultDockerClient.request(DefaultDockerClient.java:2674)
	... 34 more
Caused by: javax.ws.rs.ProcessingException: java.io.IOException: No such file or directory
	at org.glassfish.jersey.apache.connector.ApacheConnector.apply(ApacheConnector.java:481)
	at org.glassfish.jersey.apache.connector.ApacheConnector$1.run(ApacheConnector.java:491)
	at java.util.concurrent.Executors$RunnableAdapter.call(Executors.java:511)
	at java.util.concurrent.FutureTask.run(FutureTask.java:266)
	at jersey.repackaged.com.google.common.util.concurrent.MoreExecutors$DirectExecutorService.execute(MoreExecutors.java:299)
	at java.util.concurrent.AbstractExecutorService.submit(AbstractExecutorService.java:112)
	at jersey.repackaged.com.google.common.util.concurrent.AbstractListeningExecutorService.submit(AbstractListeningExecutorService.java:50)
	at jersey.repackaged.com.google.common.util.concurrent.AbstractListeningExecutorService.submit(AbstractListeningExecutorService.java:37)
	at org.glassfish.jersey.apache.connector.ApacheConnector.apply(ApacheConnector.java:487)
	at org.glassfish.jersey.client.ClientRuntime$2.run(ClientRuntime.java:178)
	at org.glassfish.jersey.internal.Errors$1.call(Errors.java:271)
	at org.glassfish.jersey.internal.Errors$1.call(Errors.java:267)
	at org.glassfish.jersey.internal.Errors.process(Errors.java:315)
	at org.glassfish.jersey.internal.Errors.process(Errors.java:297)
	at org.glassfish.jersey.internal.Errors.process(Errors.java:267)
	at org.glassfish.jersey.process.internal.RequestScope.runInScope(RequestScope.java:340)
	at org.glassfish.jersey.client.ClientRuntime$3.run(ClientRuntime.java:210)
	at java.util.concurrent.Executors$RunnableAdapter.call(Executors.java:511)
	at java.util.concurrent.FutureTask.run(FutureTask.java:266)
	at java.util.concurrent.ThreadPoolExecutor.runWorker(ThreadPoolExecutor.java:1142)
	at java.util.concurrent.ThreadPoolExecutor$Worker.run(ThreadPoolExecutor.java:617)
	at java.lang.Thread.run(Thread.java:745)
Caused by: java.io.IOException: No such file or directory
	at jnr.unixsocket.UnixSocketChannel.doConnect(UnixSocketChannel.java:127)
	at jnr.unixsocket.UnixSocketChannel.connect(UnixSocketChannel.java:136)
	at jnr.unixsocket.UnixSocketChannel.connect(UnixSocketChannel.java:223)
	at com.spotify.docker.client.UnixConnectionSocketFactory.connectSocket(UnixConnectionSocketFactory.java:85)
	at org.apache.http.impl.conn.DefaultHttpClientConnectionOperator.connect(DefaultHttpClientConnectionOperator.java:134)
	at org.apache.http.impl.conn.PoolingHttpClientConnectionManager.connect(PoolingHttpClientConnectionManager.java:353)
	at org.apache.http.impl.execchain.MainClientExec.establishRoute(MainClientExec.java:380)
	at org.apache.http.impl.execchain.MainClientExec.execute(MainClientExec.java:236)
	at org.apache.http.impl.execchain.ProtocolExec.execute(ProtocolExec.java:184)
	at org.apache.http.impl.execchain.RetryExec.execute(RetryExec.java:88)
	at org.apache.http.impl.execchain.RedirectExec.execute(RedirectExec.java:110)
	at org.apache.http.impl.client.InternalHttpClient.doExecute(InternalHttpClient.java:184)
	at org.apache.http.impl.client.CloseableHttpClient.execute(CloseableHttpClient.java:71)
	at org.glassfish.jersey.apache.connector.ApacheConnector.apply(ApacheConnector.java:435)
	... 21 more
</error>
    <system-err>Jun 02, 2018 7:44:41 AM org.apache.http.impl.execchain.RetryExec execute
INFO: I/O exception (java.io.IOException) caught when processing request to {}-&gt;unix://localhost:80: No such file or directory
Jun 02, 2018 7:44:41 AM org.apache.http.impl.execchain.RetryExec execute
INFO: Retrying request to {}-&gt;unix://localhost:80
Jun 02, 2018 7:44:41 AM org.apache.http.impl.execchain.RetryExec execute
INFO: I/O exception (java.io.IOException) caught when processing request to {}-&gt;unix://localhost:80: No such file or directory
Jun 02, 2018 7:44:41 AM org.apache.http.impl.execchain.RetryExec execute
INFO: Retrying request to {}-&gt;unix://localhost:80
Jun 02, 2018 7:44:41 AM org.apache.http.impl.execchain.RetryExec execute
INFO: I/O exception (java.io.IOException) caught when processing request to {}-&gt;unix://localhost:80: No such file or directory
Jun 02, 2018 7:44:41 AM org.apache.http.impl.execchain.RetryExec execute
INFO: Retrying request to {}-&gt;unix://localhost:80
</system-err>
  </testcase>
  <testcase classname="com.spotify.docker.client.DefaultDockerClientTest" name="testLogsNoStdOut" time="0.019">
    <error type="java.lang.NullPointerException">java.lang.NullPointerException
	at com.spotify.docker.client.VersionCompare.compareVersion(VersionCompare.java:45)
	at com.spotify.docker.client.DefaultDockerClientTest.dockerApiVersionAtLeast(DefaultDockerClientTest.java:404)
	at com.spotify.docker.client.DefaultDockerClientTest.tearDown(DefaultDockerClientTest.java:356)
	at sun.reflect.GeneratedMethodAccessor11.invoke(Unknown Source)
	at sun.reflect.DelegatingMethodAccessorImpl.invoke(DelegatingMethodAccessorImpl.java:43)
	at java.lang.reflect.Method.invoke(Method.java:498)
	at org.junit.runners.model.FrameworkMethod$1.runReflectiveCall(FrameworkMethod.java:50)
	at org.junit.internal.runners.model.ReflectiveCallable.run(ReflectiveCallable.java:12)
	at org.junit.runners.model.FrameworkMethod.invokeExplosively(FrameworkMethod.java:47)
	at org.junit.internal.runners.statements.RunAfters.evaluate(RunAfters.java:33)
	at org.junit.rules.ExpectedException$ExpectedExceptionStatement.evaluate(ExpectedException.java:239)
	at org.junit.rules.TestWatcher$1.evaluate(TestWatcher.java:55)
	at org.junit.rules.RunRules.evaluate(RunRules.java:20)
	at org.junit.runners.ParentRunner.runLeaf(ParentRunner.java:325)
	at org.junit.runners.BlockJUnit4ClassRunner.runChild(BlockJUnit4ClassRunner.java:78)
	at org.junit.runners.BlockJUnit4ClassRunner.runChild(BlockJUnit4ClassRunner.java:57)
	at org.junit.runners.ParentRunner$3.run(ParentRunner.java:290)
	at org.junit.runners.ParentRunner$1.schedule(ParentRunner.java:71)
	at org.junit.runners.ParentRunner.runChildren(ParentRunner.java:288)
	at org.junit.runners.ParentRunner.access$000(ParentRunner.java:58)
	at org.junit.runners.ParentRunner$2.evaluate(ParentRunner.java:268)
	at org.junit.runners.ParentRunner.run(ParentRunner.java:363)
	at org.apache.maven.surefire.junit4.JUnit4Provider.execute(JUnit4Provider.java:252)
	at org.apache.maven.surefire.junit4.JUnit4Provider.executeTestSet(JUnit4Provider.java:141)
	at org.apache.maven.surefire.junit4.JUnit4Provider.invoke(JUnit4Provider.java:112)
	at sun.reflect.NativeMethodAccessorImpl.invoke0(Native Method)
	at sun.reflect.NativeMethodAccessorImpl.invoke(NativeMethodAccessorImpl.java:62)
	at sun.reflect.DelegatingMethodAccessorImpl.invoke(DelegatingMethodAccessorImpl.java:43)
	at java.lang.reflect.Method.invoke(Method.java:498)
	at org.apache.maven.surefire.util.ReflectionUtils.invokeMethodWithArray(ReflectionUtils.java:189)
	at org.apache.maven.surefire.booter.ProviderFactory$ProviderProxy.invoke(ProviderFactory.java:165)
	at org.apache.maven.surefire.booter.ProviderFactory.invokeProvider(ProviderFactory.java:85)
	at org.apache.maven.surefire.booter.ForkedBooter.runSuitesInProcess(ForkedBooter.java:115)
	at org.apache.maven.surefire.booter.ForkedBooter.main(ForkedBooter.java:75)
</error>
  </testcase>
  <testcase classname="com.spotify.docker.client.DefaultDockerClientTest" name="testBuildWithPull" time="0.023">
    <error message="java.util.concurrent.ExecutionException: javax.ws.rs.ProcessingException: java.io.IOException: No such file or directory" type="com.spotify.docker.client.exceptions.DockerException">com.spotify.docker.client.exceptions.DockerException: java.util.concurrent.ExecutionException: javax.ws.rs.ProcessingException: java.io.IOException: No such file or directory
	at com.spotify.docker.client.DefaultDockerClient.propagate(DefaultDockerClient.java:2812)
	at com.spotify.docker.client.DefaultDockerClient.request(DefaultDockerClient.java:2676)
	at com.spotify.docker.client.DefaultDockerClient.version(DefaultDockerClient.java:572)
	at com.spotify.docker.client.DefaultDockerClientTest.setup(DefaultDockerClientTest.java:349)
	at sun.reflect.GeneratedMethodAccessor10.invoke(Unknown Source)
	at sun.reflect.DelegatingMethodAccessorImpl.invoke(DelegatingMethodAccessorImpl.java:43)
	at java.lang.reflect.Method.invoke(Method.java:498)
	at org.junit.runners.model.FrameworkMethod$1.runReflectiveCall(FrameworkMethod.java:50)
	at org.junit.internal.runners.model.ReflectiveCallable.run(ReflectiveCallable.java:12)
	at org.junit.runners.model.FrameworkMethod.invokeExplosively(FrameworkMethod.java:47)
	at org.junit.internal.runners.statements.RunBefores.evaluate(RunBefores.java:24)
	at org.junit.internal.runners.statements.RunAfters.evaluate(RunAfters.java:27)
	at org.junit.rules.ExpectedException$ExpectedExceptionStatement.evaluate(ExpectedException.java:239)
	at org.junit.rules.TestWatcher$1.evaluate(TestWatcher.java:55)
	at org.junit.rules.RunRules.evaluate(RunRules.java:20)
	at org.junit.runners.ParentRunner.runLeaf(ParentRunner.java:325)
	at org.junit.runners.BlockJUnit4ClassRunner.runChild(BlockJUnit4ClassRunner.java:78)
	at org.junit.runners.BlockJUnit4ClassRunner.runChild(BlockJUnit4ClassRunner.java:57)
	at org.junit.runners.ParentRunner$3.run(ParentRunner.java:290)
	at org.junit.runners.ParentRunner$1.schedule(ParentRunner.java:71)
	at org.junit.runners.ParentRunner.runChildren(ParentRunner.java:288)
	at org.junit.runners.ParentRunner.access$000(ParentRunner.java:58)
	at org.junit.runners.ParentRunner$2.evaluate(ParentRunner.java:268)
	at org.junit.runners.ParentRunner.run(ParentRunner.java:363)
	at org.apache.maven.surefire.junit4.JUnit4Provider.execute(JUnit4Provider.java:252)
	at org.apache.maven.surefire.junit4.JUnit4Provider.executeTestSet(JUnit4Provider.java:141)
	at org.apache.maven.surefire.junit4.JUnit4Provider.invoke(JUnit4Provider.java:112)
	at sun.reflect.NativeMethodAccessorImpl.invoke0(Native Method)
	at sun.reflect.NativeMethodAccessorImpl.invoke(NativeMethodAccessorImpl.java:62)
	at sun.reflect.DelegatingMethodAccessorImpl.invoke(DelegatingMethodAccessorImpl.java:43)
	at java.lang.reflect.Method.invoke(Method.java:498)
	at org.apache.maven.surefire.util.ReflectionUtils.invokeMethodWithArray(ReflectionUtils.java:189)
	at org.apache.maven.surefire.booter.ProviderFactory$ProviderProxy.invoke(ProviderFactory.java:165)
	at org.apache.maven.surefire.booter.ProviderFactory.invokeProvider(ProviderFactory.java:85)
	at org.apache.maven.surefire.booter.ForkedBooter.runSuitesInProcess(ForkedBooter.java:115)
	at org.apache.maven.surefire.booter.ForkedBooter.main(ForkedBooter.java:75)
Caused by: java.util.concurrent.ExecutionException: javax.ws.rs.ProcessingException: java.io.IOException: No such file or directory
	at jersey.repackaged.com.google.common.util.concurrent.AbstractFuture$Sync.getValue(AbstractFuture.java:299)
	at jersey.repackaged.com.google.common.util.concurrent.AbstractFuture$Sync.get(AbstractFuture.java:286)
	at jersey.repackaged.com.google.common.util.concurrent.AbstractFuture.get(AbstractFuture.java:116)
	at com.spotify.docker.client.DefaultDockerClient.request(DefaultDockerClient.java:2674)
	... 34 more
Caused by: javax.ws.rs.ProcessingException: java.io.IOException: No such file or directory
	at org.glassfish.jersey.apache.connector.ApacheConnector.apply(ApacheConnector.java:481)
	at org.glassfish.jersey.apache.connector.ApacheConnector$1.run(ApacheConnector.java:491)
	at java.util.concurrent.Executors$RunnableAdapter.call(Executors.java:511)
	at java.util.concurrent.FutureTask.run(FutureTask.java:266)
	at jersey.repackaged.com.google.common.util.concurrent.MoreExecutors$DirectExecutorService.execute(MoreExecutors.java:299)
	at java.util.concurrent.AbstractExecutorService.submit(AbstractExecutorService.java:112)
	at jersey.repackaged.com.google.common.util.concurrent.AbstractListeningExecutorService.submit(AbstractListeningExecutorService.java:50)
	at jersey.repackaged.com.google.common.util.concurrent.AbstractListeningExecutorService.submit(AbstractListeningExecutorService.java:37)
	at org.glassfish.jersey.apache.connector.ApacheConnector.apply(ApacheConnector.java:487)
	at org.glassfish.jersey.client.ClientRuntime$2.run(ClientRuntime.java:178)
	at org.glassfish.jersey.internal.Errors$1.call(Errors.java:271)
	at org.glassfish.jersey.internal.Errors$1.call(Errors.java:267)
	at org.glassfish.jersey.internal.Errors.process(Errors.java:315)
	at org.glassfish.jersey.internal.Errors.process(Errors.java:297)
	at org.glassfish.jersey.internal.Errors.process(Errors.java:267)
	at org.glassfish.jersey.process.internal.RequestScope.runInScope(RequestScope.java:340)
	at org.glassfish.jersey.client.ClientRuntime$3.run(ClientRuntime.java:210)
	at java.util.concurrent.Executors$RunnableAdapter.call(Executors.java:511)
	at java.util.concurrent.FutureTask.run(FutureTask.java:266)
	at java.util.concurrent.ThreadPoolExecutor.runWorker(ThreadPoolExecutor.java:1142)
	at java.util.concurrent.ThreadPoolExecutor$Worker.run(ThreadPoolExecutor.java:617)
	at java.lang.Thread.run(Thread.java:745)
Caused by: java.io.IOException: No such file or directory
	at jnr.unixsocket.UnixSocketChannel.doConnect(UnixSocketChannel.java:127)
	at jnr.unixsocket.UnixSocketChannel.connect(UnixSocketChannel.java:136)
	at jnr.unixsocket.UnixSocketChannel.connect(UnixSocketChannel.java:223)
	at com.spotify.docker.client.UnixConnectionSocketFactory.connectSocket(UnixConnectionSocketFactory.java:85)
	at org.apache.http.impl.conn.DefaultHttpClientConnectionOperator.connect(DefaultHttpClientConnectionOperator.java:134)
	at org.apache.http.impl.conn.PoolingHttpClientConnectionManager.connect(PoolingHttpClientConnectionManager.java:353)
	at org.apache.http.impl.execchain.MainClientExec.establishRoute(MainClientExec.java:380)
	at org.apache.http.impl.execchain.MainClientExec.execute(MainClientExec.java:236)
	at org.apache.http.impl.execchain.ProtocolExec.execute(ProtocolExec.java:184)
	at org.apache.http.impl.execchain.RetryExec.execute(RetryExec.java:88)
	at org.apache.http.impl.execchain.RedirectExec.execute(RedirectExec.java:110)
	at org.apache.http.impl.client.InternalHttpClient.doExecute(InternalHttpClient.java:184)
	at org.apache.http.impl.client.CloseableHttpClient.execute(CloseableHttpClient.java:71)
	at org.glassfish.jersey.apache.connector.ApacheConnector.apply(ApacheConnector.java:435)
	... 21 more
</error>
    <system-err>Jun 02, 2018 7:44:41 AM org.apache.http.impl.execchain.RetryExec execute
INFO: I/O exception (java.io.IOException) caught when processing request to {}-&gt;unix://localhost:80: No such file or directory
Jun 02, 2018 7:44:41 AM org.apache.http.impl.execchain.RetryExec execute
INFO: Retrying request to {}-&gt;unix://localhost:80
Jun 02, 2018 7:44:41 AM org.apache.http.impl.execchain.RetryExec execute
INFO: I/O exception (java.io.IOException) caught when processing request to {}-&gt;unix://localhost:80: No such file or directory
Jun 02, 2018 7:44:41 AM org.apache.http.impl.execchain.RetryExec execute
INFO: Retrying request to {}-&gt;unix://localhost:80
Jun 02, 2018 7:44:41 AM org.apache.http.impl.execchain.RetryExec execute
INFO: I/O exception (java.io.IOException) caught when processing request to {}-&gt;unix://localhost:80: No such file or directory
Jun 02, 2018 7:44:41 AM org.apache.http.impl.execchain.RetryExec execute
INFO: Retrying request to {}-&gt;unix://localhost:80
</system-err>
  </testcase>
  <testcase classname="com.spotify.docker.client.DefaultDockerClientTest" name="testBuildWithPull" time="0.024">
    <error type="java.lang.NullPointerException">java.lang.NullPointerException
	at com.spotify.docker.client.VersionCompare.compareVersion(VersionCompare.java:45)
	at com.spotify.docker.client.DefaultDockerClientTest.dockerApiVersionAtLeast(DefaultDockerClientTest.java:404)
	at com.spotify.docker.client.DefaultDockerClientTest.tearDown(DefaultDockerClientTest.java:356)
	at sun.reflect.GeneratedMethodAccessor11.invoke(Unknown Source)
	at sun.reflect.DelegatingMethodAccessorImpl.invoke(DelegatingMethodAccessorImpl.java:43)
	at java.lang.reflect.Method.invoke(Method.java:498)
	at org.junit.runners.model.FrameworkMethod$1.runReflectiveCall(FrameworkMethod.java:50)
	at org.junit.internal.runners.model.ReflectiveCallable.run(ReflectiveCallable.java:12)
	at org.junit.runners.model.FrameworkMethod.invokeExplosively(FrameworkMethod.java:47)
	at org.junit.internal.runners.statements.RunAfters.evaluate(RunAfters.java:33)
	at org.junit.rules.ExpectedException$ExpectedExceptionStatement.evaluate(ExpectedException.java:239)
	at org.junit.rules.TestWatcher$1.evaluate(TestWatcher.java:55)
	at org.junit.rules.RunRules.evaluate(RunRules.java:20)
	at org.junit.runners.ParentRunner.runLeaf(ParentRunner.java:325)
	at org.junit.runners.BlockJUnit4ClassRunner.runChild(BlockJUnit4ClassRunner.java:78)
	at org.junit.runners.BlockJUnit4ClassRunner.runChild(BlockJUnit4ClassRunner.java:57)
	at org.junit.runners.ParentRunner$3.run(ParentRunner.java:290)
	at org.junit.runners.ParentRunner$1.schedule(ParentRunner.java:71)
	at org.junit.runners.ParentRunner.runChildren(ParentRunner.java:288)
	at org.junit.runners.ParentRunner.access$000(ParentRunner.java:58)
	at org.junit.runners.ParentRunner$2.evaluate(ParentRunner.java:268)
	at org.junit.runners.ParentRunner.run(ParentRunner.java:363)
	at org.apache.maven.surefire.junit4.JUnit4Provider.execute(JUnit4Provider.java:252)
	at org.apache.maven.surefire.junit4.JUnit4Provider.executeTestSet(JUnit4Provider.java:141)
	at org.apache.maven.surefire.junit4.JUnit4Provider.invoke(JUnit4Provider.java:112)
	at sun.reflect.NativeMethodAccessorImpl.invoke0(Native Method)
	at sun.reflect.NativeMethodAccessorImpl.invoke(NativeMethodAccessorImpl.java:62)
	at sun.reflect.DelegatingMethodAccessorImpl.invoke(DelegatingMethodAccessorImpl.java:43)
	at java.lang.reflect.Method.invoke(Method.java:498)
	at org.apache.maven.surefire.util.ReflectionUtils.invokeMethodWithArray(ReflectionUtils.java:189)
	at org.apache.maven.surefire.booter.ProviderFactory$ProviderProxy.invoke(ProviderFactory.java:165)
	at org.apache.maven.surefire.booter.ProviderFactory.invokeProvider(ProviderFactory.java:85)
	at org.apache.maven.surefire.booter.ForkedBooter.runSuitesInProcess(ForkedBooter.java:115)
	at org.apache.maven.surefire.booter.ForkedBooter.main(ForkedBooter.java:75)
</error>
  </testcase>
  <testcase classname="com.spotify.docker.client.DefaultDockerClientTest" name="testExecCreateOnNonRunningContainer" time="0.021">
    <error message="java.util.concurrent.ExecutionException: javax.ws.rs.ProcessingException: java.io.IOException: No such file or directory" type="com.spotify.docker.client.exceptions.DockerException">com.spotify.docker.client.exceptions.DockerException: java.util.concurrent.ExecutionException: javax.ws.rs.ProcessingException: java.io.IOException: No such file or directory
	at com.spotify.docker.client.DefaultDockerClient.propagate(DefaultDockerClient.java:2812)
	at com.spotify.docker.client.DefaultDockerClient.request(DefaultDockerClient.java:2676)
	at com.spotify.docker.client.DefaultDockerClient.version(DefaultDockerClient.java:572)
	at com.spotify.docker.client.DefaultDockerClientTest.setup(DefaultDockerClientTest.java:349)
	at sun.reflect.GeneratedMethodAccessor10.invoke(Unknown Source)
	at sun.reflect.DelegatingMethodAccessorImpl.invoke(DelegatingMethodAccessorImpl.java:43)
	at java.lang.reflect.Method.invoke(Method.java:498)
	at org.junit.runners.model.FrameworkMethod$1.runReflectiveCall(FrameworkMethod.java:50)
	at org.junit.internal.runners.model.ReflectiveCallable.run(ReflectiveCallable.java:12)
	at org.junit.runners.model.FrameworkMethod.invokeExplosively(FrameworkMethod.java:47)
	at org.junit.internal.runners.statements.RunBefores.evaluate(RunBefores.java:24)
	at org.junit.internal.runners.statements.RunAfters.evaluate(RunAfters.java:27)
	at org.junit.rules.ExpectedException$ExpectedExceptionStatement.evaluate(ExpectedException.java:239)
	at org.junit.rules.TestWatcher$1.evaluate(TestWatcher.java:55)
	at org.junit.rules.RunRules.evaluate(RunRules.java:20)
	at org.junit.runners.ParentRunner.runLeaf(ParentRunner.java:325)
	at org.junit.runners.BlockJUnit4ClassRunner.runChild(BlockJUnit4ClassRunner.java:78)
	at org.junit.runners.BlockJUnit4ClassRunner.runChild(BlockJUnit4ClassRunner.java:57)
	at org.junit.runners.ParentRunner$3.run(ParentRunner.java:290)
	at org.junit.runners.ParentRunner$1.schedule(ParentRunner.java:71)
	at org.junit.runners.ParentRunner.runChildren(ParentRunner.java:288)
	at org.junit.runners.ParentRunner.access$000(ParentRunner.java:58)
	at org.junit.runners.ParentRunner$2.evaluate(ParentRunner.java:268)
	at org.junit.runners.ParentRunner.run(ParentRunner.java:363)
	at org.apache.maven.surefire.junit4.JUnit4Provider.execute(JUnit4Provider.java:252)
	at org.apache.maven.surefire.junit4.JUnit4Provider.executeTestSet(JUnit4Provider.java:141)
	at org.apache.maven.surefire.junit4.JUnit4Provider.invoke(JUnit4Provider.java:112)
	at sun.reflect.NativeMethodAccessorImpl.invoke0(Native Method)
	at sun.reflect.NativeMethodAccessorImpl.invoke(NativeMethodAccessorImpl.java:62)
	at sun.reflect.DelegatingMethodAccessorImpl.invoke(DelegatingMethodAccessorImpl.java:43)
	at java.lang.reflect.Method.invoke(Method.java:498)
	at org.apache.maven.surefire.util.ReflectionUtils.invokeMethodWithArray(ReflectionUtils.java:189)
	at org.apache.maven.surefire.booter.ProviderFactory$ProviderProxy.invoke(ProviderFactory.java:165)
	at org.apache.maven.surefire.booter.ProviderFactory.invokeProvider(ProviderFactory.java:85)
	at org.apache.maven.surefire.booter.ForkedBooter.runSuitesInProcess(ForkedBooter.java:115)
	at org.apache.maven.surefire.booter.ForkedBooter.main(ForkedBooter.java:75)
Caused by: java.util.concurrent.ExecutionException: javax.ws.rs.ProcessingException: java.io.IOException: No such file or directory
	at jersey.repackaged.com.google.common.util.concurrent.AbstractFuture$Sync.getValue(AbstractFuture.java:299)
	at jersey.repackaged.com.google.common.util.concurrent.AbstractFuture$Sync.get(AbstractFuture.java:286)
	at jersey.repackaged.com.google.common.util.concurrent.AbstractFuture.get(AbstractFuture.java:116)
	at com.spotify.docker.client.DefaultDockerClient.request(DefaultDockerClient.java:2674)
	... 34 more
Caused by: javax.ws.rs.ProcessingException: java.io.IOException: No such file or directory
	at org.glassfish.jersey.apache.connector.ApacheConnector.apply(ApacheConnector.java:481)
	at org.glassfish.jersey.apache.connector.ApacheConnector$1.run(ApacheConnector.java:491)
	at java.util.concurrent.Executors$RunnableAdapter.call(Executors.java:511)
	at java.util.concurrent.FutureTask.run(FutureTask.java:266)
	at jersey.repackaged.com.google.common.util.concurrent.MoreExecutors$DirectExecutorService.execute(MoreExecutors.java:299)
	at java.util.concurrent.AbstractExecutorService.submit(AbstractExecutorService.java:112)
	at jersey.repackaged.com.google.common.util.concurrent.AbstractListeningExecutorService.submit(AbstractListeningExecutorService.java:50)
	at jersey.repackaged.com.google.common.util.concurrent.AbstractListeningExecutorService.submit(AbstractListeningExecutorService.java:37)
	at org.glassfish.jersey.apache.connector.ApacheConnector.apply(ApacheConnector.java:487)
	at org.glassfish.jersey.client.ClientRuntime$2.run(ClientRuntime.java:178)
	at org.glassfish.jersey.internal.Errors$1.call(Errors.java:271)
	at org.glassfish.jersey.internal.Errors$1.call(Errors.java:267)
	at org.glassfish.jersey.internal.Errors.process(Errors.java:315)
	at org.glassfish.jersey.internal.Errors.process(Errors.java:297)
	at org.glassfish.jersey.internal.Errors.process(Errors.java:267)
	at org.glassfish.jersey.process.internal.RequestScope.runInScope(RequestScope.java:340)
	at org.glassfish.jersey.client.ClientRuntime$3.run(ClientRuntime.java:210)
	at java.util.concurrent.Executors$RunnableAdapter.call(Executors.java:511)
	at java.util.concurrent.FutureTask.run(FutureTask.java:266)
	at java.util.concurrent.ThreadPoolExecutor.runWorker(ThreadPoolExecutor.java:1142)
	at java.util.concurrent.ThreadPoolExecutor$Worker.run(ThreadPoolExecutor.java:617)
	at java.lang.Thread.run(Thread.java:745)
Caused by: java.io.IOException: No such file or directory
	at jnr.unixsocket.UnixSocketChannel.doConnect(UnixSocketChannel.java:127)
	at jnr.unixsocket.UnixSocketChannel.connect(UnixSocketChannel.java:136)
	at jnr.unixsocket.UnixSocketChannel.connect(UnixSocketChannel.java:223)
	at com.spotify.docker.client.UnixConnectionSocketFactory.connectSocket(UnixConnectionSocketFactory.java:85)
	at org.apache.http.impl.conn.DefaultHttpClientConnectionOperator.connect(DefaultHttpClientConnectionOperator.java:134)
	at org.apache.http.impl.conn.PoolingHttpClientConnectionManager.connect(PoolingHttpClientConnectionManager.java:353)
	at org.apache.http.impl.execchain.MainClientExec.establishRoute(MainClientExec.java:380)
	at org.apache.http.impl.execchain.MainClientExec.execute(MainClientExec.java:236)
	at org.apache.http.impl.execchain.ProtocolExec.execute(ProtocolExec.java:184)
	at org.apache.http.impl.execchain.RetryExec.execute(RetryExec.java:88)
	at org.apache.http.impl.execchain.RedirectExec.execute(RedirectExec.java:110)
	at org.apache.http.impl.client.InternalHttpClient.doExecute(InternalHttpClient.java:184)
	at org.apache.http.impl.client.CloseableHttpClient.execute(CloseableHttpClient.java:71)
	at org.glassfish.jersey.apache.connector.ApacheConnector.apply(ApacheConnector.java:435)
	... 21 more
</error>
    <system-err>Jun 02, 2018 7:44:41 AM org.apache.http.impl.execchain.RetryExec execute
INFO: I/O exception (java.io.IOException) caught when processing request to {}-&gt;unix://localhost:80: No such file or directory
Jun 02, 2018 7:44:41 AM org.apache.http.impl.execchain.RetryExec execute
INFO: Retrying request to {}-&gt;unix://localhost:80
Jun 02, 2018 7:44:41 AM org.apache.http.impl.execchain.RetryExec execute
INFO: I/O exception (java.io.IOException) caught when processing request to {}-&gt;unix://localhost:80: No such file or directory
Jun 02, 2018 7:44:41 AM org.apache.http.impl.execchain.RetryExec execute
INFO: Retrying request to {}-&gt;unix://localhost:80
Jun 02, 2018 7:44:41 AM org.apache.http.impl.execchain.RetryExec execute
INFO: I/O exception (java.io.IOException) caught when processing request to {}-&gt;unix://localhost:80: No such file or directory
Jun 02, 2018 7:44:41 AM org.apache.http.impl.execchain.RetryExec execute
INFO: Retrying request to {}-&gt;unix://localhost:80
</system-err>
  </testcase>
  <testcase classname="com.spotify.docker.client.DefaultDockerClientTest" name="testExecCreateOnNonRunningContainer" time="0.021">
    <error type="java.lang.NullPointerException">java.lang.NullPointerException
	at com.spotify.docker.client.VersionCompare.compareVersion(VersionCompare.java:45)
	at com.spotify.docker.client.DefaultDockerClientTest.dockerApiVersionAtLeast(DefaultDockerClientTest.java:404)
	at com.spotify.docker.client.DefaultDockerClientTest.tearDown(DefaultDockerClientTest.java:356)
	at sun.reflect.GeneratedMethodAccessor11.invoke(Unknown Source)
	at sun.reflect.DelegatingMethodAccessorImpl.invoke(DelegatingMethodAccessorImpl.java:43)
	at java.lang.reflect.Method.invoke(Method.java:498)
	at org.junit.runners.model.FrameworkMethod$1.runReflectiveCall(FrameworkMethod.java:50)
	at org.junit.internal.runners.model.ReflectiveCallable.run(ReflectiveCallable.java:12)
	at org.junit.runners.model.FrameworkMethod.invokeExplosively(FrameworkMethod.java:47)
	at org.junit.internal.runners.statements.RunAfters.evaluate(RunAfters.java:33)
	at org.junit.rules.ExpectedException$ExpectedExceptionStatement.evaluate(ExpectedException.java:239)
	at org.junit.rules.TestWatcher$1.evaluate(TestWatcher.java:55)
	at org.junit.rules.RunRules.evaluate(RunRules.java:20)
	at org.junit.runners.ParentRunner.runLeaf(ParentRunner.java:325)
	at org.junit.runners.BlockJUnit4ClassRunner.runChild(BlockJUnit4ClassRunner.java:78)
	at org.junit.runners.BlockJUnit4ClassRunner.runChild(BlockJUnit4ClassRunner.java:57)
	at org.junit.runners.ParentRunner$3.run(ParentRunner.java:290)
	at org.junit.runners.ParentRunner$1.schedule(ParentRunner.java:71)
	at org.junit.runners.ParentRunner.runChildren(ParentRunner.java:288)
	at org.junit.runners.ParentRunner.access$000(ParentRunner.java:58)
	at org.junit.runners.ParentRunner$2.evaluate(ParentRunner.java:268)
	at org.junit.runners.ParentRunner.run(ParentRunner.java:363)
	at org.apache.maven.surefire.junit4.JUnit4Provider.execute(JUnit4Provider.java:252)
	at org.apache.maven.surefire.junit4.JUnit4Provider.executeTestSet(JUnit4Provider.java:141)
	at org.apache.maven.surefire.junit4.JUnit4Provider.invoke(JUnit4Provider.java:112)
	at sun.reflect.NativeMethodAccessorImpl.invoke0(Native Method)
	at sun.reflect.NativeMethodAccessorImpl.invoke(NativeMethodAccessorImpl.java:62)
	at sun.reflect.DelegatingMethodAccessorImpl.invoke(DelegatingMethodAccessorImpl.java:43)
	at java.lang.reflect.Method.invoke(Method.java:498)
	at org.apache.maven.surefire.util.ReflectionUtils.invokeMethodWithArray(ReflectionUtils.java:189)
	at org.apache.maven.surefire.booter.ProviderFactory$ProviderProxy.invoke(ProviderFactory.java:165)
	at org.apache.maven.surefire.booter.ProviderFactory.invokeProvider(ProviderFactory.java:85)
	at org.apache.maven.surefire.booter.ForkedBooter.runSuitesInProcess(ForkedBooter.java:115)
	at org.apache.maven.surefire.booter.ForkedBooter.main(ForkedBooter.java:75)
</error>
  </testcase>
  <testcase classname="com.spotify.docker.client.DefaultDockerClientTest" name="testHistory" time="0.031">
    <error message="java.util.concurrent.ExecutionException: javax.ws.rs.ProcessingException: java.io.IOException: No such file or directory" type="com.spotify.docker.client.exceptions.DockerException">com.spotify.docker.client.exceptions.DockerException: java.util.concurrent.ExecutionException: javax.ws.rs.ProcessingException: java.io.IOException: No such file or directory
	at com.spotify.docker.client.DefaultDockerClient.propagate(DefaultDockerClient.java:2812)
	at com.spotify.docker.client.DefaultDockerClient.request(DefaultDockerClient.java:2676)
	at com.spotify.docker.client.DefaultDockerClient.version(DefaultDockerClient.java:572)
	at com.spotify.docker.client.DefaultDockerClientTest.setup(DefaultDockerClientTest.java:349)
	at sun.reflect.GeneratedMethodAccessor10.invoke(Unknown Source)
	at sun.reflect.DelegatingMethodAccessorImpl.invoke(DelegatingMethodAccessorImpl.java:43)
	at java.lang.reflect.Method.invoke(Method.java:498)
	at org.junit.runners.model.FrameworkMethod$1.runReflectiveCall(FrameworkMethod.java:50)
	at org.junit.internal.runners.model.ReflectiveCallable.run(ReflectiveCallable.java:12)
	at org.junit.runners.model.FrameworkMethod.invokeExplosively(FrameworkMethod.java:47)
	at org.junit.internal.runners.statements.RunBefores.evaluate(RunBefores.java:24)
	at org.junit.internal.runners.statements.RunAfters.evaluate(RunAfters.java:27)
	at org.junit.rules.ExpectedException$ExpectedExceptionStatement.evaluate(ExpectedException.java:239)
	at org.junit.rules.TestWatcher$1.evaluate(TestWatcher.java:55)
	at org.junit.rules.RunRules.evaluate(RunRules.java:20)
	at org.junit.runners.ParentRunner.runLeaf(ParentRunner.java:325)
	at org.junit.runners.BlockJUnit4ClassRunner.runChild(BlockJUnit4ClassRunner.java:78)
	at org.junit.runners.BlockJUnit4ClassRunner.runChild(BlockJUnit4ClassRunner.java:57)
	at org.junit.runners.ParentRunner$3.run(ParentRunner.java:290)
	at org.junit.runners.ParentRunner$1.schedule(ParentRunner.java:71)
	at org.junit.runners.ParentRunner.runChildren(ParentRunner.java:288)
	at org.junit.runners.ParentRunner.access$000(ParentRunner.java:58)
	at org.junit.runners.ParentRunner$2.evaluate(ParentRunner.java:268)
	at org.junit.runners.ParentRunner.run(ParentRunner.java:363)
	at org.apache.maven.surefire.junit4.JUnit4Provider.execute(JUnit4Provider.java:252)
	at org.apache.maven.surefire.junit4.JUnit4Provider.executeTestSet(JUnit4Provider.java:141)
	at org.apache.maven.surefire.junit4.JUnit4Provider.invoke(JUnit4Provider.java:112)
	at sun.reflect.NativeMethodAccessorImpl.invoke0(Native Method)
	at sun.reflect.NativeMethodAccessorImpl.invoke(NativeMethodAccessorImpl.java:62)
	at sun.reflect.DelegatingMethodAccessorImpl.invoke(DelegatingMethodAccessorImpl.java:43)
	at java.lang.reflect.Method.invoke(Method.java:498)
	at org.apache.maven.surefire.util.ReflectionUtils.invokeMethodWithArray(ReflectionUtils.java:189)
	at org.apache.maven.surefire.booter.ProviderFactory$ProviderProxy.invoke(ProviderFactory.java:165)
	at org.apache.maven.surefire.booter.ProviderFactory.invokeProvider(ProviderFactory.java:85)
	at org.apache.maven.surefire.booter.ForkedBooter.runSuitesInProcess(ForkedBooter.java:115)
	at org.apache.maven.surefire.booter.ForkedBooter.main(ForkedBooter.java:75)
Caused by: java.util.concurrent.ExecutionException: javax.ws.rs.ProcessingException: java.io.IOException: No such file or directory
	at jersey.repackaged.com.google.common.util.concurrent.AbstractFuture$Sync.getValue(AbstractFuture.java:299)
	at jersey.repackaged.com.google.common.util.concurrent.AbstractFuture$Sync.get(AbstractFuture.java:286)
	at jersey.repackaged.com.google.common.util.concurrent.AbstractFuture.get(AbstractFuture.java:116)
	at com.spotify.docker.client.DefaultDockerClient.request(DefaultDockerClient.java:2674)
	... 34 more
Caused by: javax.ws.rs.ProcessingException: java.io.IOException: No such file or directory
	at org.glassfish.jersey.apache.connector.ApacheConnector.apply(ApacheConnector.java:481)
	at org.glassfish.jersey.apache.connector.ApacheConnector$1.run(ApacheConnector.java:491)
	at java.util.concurrent.Executors$RunnableAdapter.call(Executors.java:511)
	at java.util.concurrent.FutureTask.run(FutureTask.java:266)
	at jersey.repackaged.com.google.common.util.concurrent.MoreExecutors$DirectExecutorService.execute(MoreExecutors.java:299)
	at java.util.concurrent.AbstractExecutorService.submit(AbstractExecutorService.java:112)
	at jersey.repackaged.com.google.common.util.concurrent.AbstractListeningExecutorService.submit(AbstractListeningExecutorService.java:50)
	at jersey.repackaged.com.google.common.util.concurrent.AbstractListeningExecutorService.submit(AbstractListeningExecutorService.java:37)
	at org.glassfish.jersey.apache.connector.ApacheConnector.apply(ApacheConnector.java:487)
	at org.glassfish.jersey.client.ClientRuntime$2.run(ClientRuntime.java:178)
	at org.glassfish.jersey.internal.Errors$1.call(Errors.java:271)
	at org.glassfish.jersey.internal.Errors$1.call(Errors.java:267)
	at org.glassfish.jersey.internal.Errors.process(Errors.java:315)
	at org.glassfish.jersey.internal.Errors.process(Errors.java:297)
	at org.glassfish.jersey.internal.Errors.process(Errors.java:267)
	at org.glassfish.jersey.process.internal.RequestScope.runInScope(RequestScope.java:340)
	at org.glassfish.jersey.client.ClientRuntime$3.run(ClientRuntime.java:210)
	at java.util.concurrent.Executors$RunnableAdapter.call(Executors.java:511)
	at java.util.concurrent.FutureTask.run(FutureTask.java:266)
	at java.util.concurrent.ThreadPoolExecutor.runWorker(ThreadPoolExecutor.java:1142)
	at java.util.concurrent.ThreadPoolExecutor$Worker.run(ThreadPoolExecutor.java:617)
	at java.lang.Thread.run(Thread.java:745)
Caused by: java.io.IOException: No such file or directory
	at jnr.unixsocket.UnixSocketChannel.doConnect(UnixSocketChannel.java:127)
	at jnr.unixsocket.UnixSocketChannel.connect(UnixSocketChannel.java:136)
	at jnr.unixsocket.UnixSocketChannel.connect(UnixSocketChannel.java:223)
	at com.spotify.docker.client.UnixConnectionSocketFactory.connectSocket(UnixConnectionSocketFactory.java:85)
	at org.apache.http.impl.conn.DefaultHttpClientConnectionOperator.connect(DefaultHttpClientConnectionOperator.java:134)
	at org.apache.http.impl.conn.PoolingHttpClientConnectionManager.connect(PoolingHttpClientConnectionManager.java:353)
	at org.apache.http.impl.execchain.MainClientExec.establishRoute(MainClientExec.java:380)
	at org.apache.http.impl.execchain.MainClientExec.execute(MainClientExec.java:236)
	at org.apache.http.impl.execchain.ProtocolExec.execute(ProtocolExec.java:184)
	at org.apache.http.impl.execchain.RetryExec.execute(RetryExec.java:88)
	at org.apache.http.impl.execchain.RedirectExec.execute(RedirectExec.java:110)
	at org.apache.http.impl.client.InternalHttpClient.doExecute(InternalHttpClient.java:184)
	at org.apache.http.impl.client.CloseableHttpClient.execute(CloseableHttpClient.java:71)
	at org.glassfish.jersey.apache.connector.ApacheConnector.apply(ApacheConnector.java:435)
	... 21 more
</error>
    <system-err>Jun 02, 2018 7:44:41 AM org.apache.http.impl.execchain.RetryExec execute
INFO: I/O exception (java.io.IOException) caught when processing request to {}-&gt;unix://localhost:80: No such file or directory
Jun 02, 2018 7:44:41 AM org.apache.http.impl.execchain.RetryExec execute
INFO: Retrying request to {}-&gt;unix://localhost:80
Jun 02, 2018 7:44:41 AM org.apache.http.impl.execchain.RetryExec execute
INFO: I/O exception (java.io.IOException) caught when processing request to {}-&gt;unix://localhost:80: No such file or directory
Jun 02, 2018 7:44:41 AM org.apache.http.impl.execchain.RetryExec execute
INFO: Retrying request to {}-&gt;unix://localhost:80
Jun 02, 2018 7:44:41 AM org.apache.http.impl.execchain.RetryExec execute
INFO: I/O exception (java.io.IOException) caught when processing request to {}-&gt;unix://localhost:80: No such file or directory
Jun 02, 2018 7:44:41 AM org.apache.http.impl.execchain.RetryExec execute
INFO: Retrying request to {}-&gt;unix://localhost:80
</system-err>
  </testcase>
  <testcase classname="com.spotify.docker.client.DefaultDockerClientTest" name="testHistory" time="0.031">
    <error type="java.lang.NullPointerException">java.lang.NullPointerException
	at com.spotify.docker.client.VersionCompare.compareVersion(VersionCompare.java:45)
	at com.spotify.docker.client.DefaultDockerClientTest.dockerApiVersionAtLeast(DefaultDockerClientTest.java:404)
	at com.spotify.docker.client.DefaultDockerClientTest.tearDown(DefaultDockerClientTest.java:356)
	at sun.reflect.GeneratedMethodAccessor11.invoke(Unknown Source)
	at sun.reflect.DelegatingMethodAccessorImpl.invoke(DelegatingMethodAccessorImpl.java:43)
	at java.lang.reflect.Method.invoke(Method.java:498)
	at org.junit.runners.model.FrameworkMethod$1.runReflectiveCall(FrameworkMethod.java:50)
	at org.junit.internal.runners.model.ReflectiveCallable.run(ReflectiveCallable.java:12)
	at org.junit.runners.model.FrameworkMethod.invokeExplosively(FrameworkMethod.java:47)
	at org.junit.internal.runners.statements.RunAfters.evaluate(RunAfters.java:33)
	at org.junit.rules.ExpectedException$ExpectedExceptionStatement.evaluate(ExpectedException.java:239)
	at org.junit.rules.TestWatcher$1.evaluate(TestWatcher.java:55)
	at org.junit.rules.RunRules.evaluate(RunRules.java:20)
	at org.junit.runners.ParentRunner.runLeaf(ParentRunner.java:325)
	at org.junit.runners.BlockJUnit4ClassRunner.runChild(BlockJUnit4ClassRunner.java:78)
	at org.junit.runners.BlockJUnit4ClassRunner.runChild(BlockJUnit4ClassRunner.java:57)
	at org.junit.runners.ParentRunner$3.run(ParentRunner.java:290)
	at org.junit.runners.ParentRunner$1.schedule(ParentRunner.java:71)
	at org.junit.runners.ParentRunner.runChildren(ParentRunner.java:288)
	at org.junit.runners.ParentRunner.access$000(ParentRunner.java:58)
	at org.junit.runners.ParentRunner$2.evaluate(ParentRunner.java:268)
	at org.junit.runners.ParentRunner.run(ParentRunner.java:363)
	at org.apache.maven.surefire.junit4.JUnit4Provider.execute(JUnit4Provider.java:252)
	at org.apache.maven.surefire.junit4.JUnit4Provider.executeTestSet(JUnit4Provider.java:141)
	at org.apache.maven.surefire.junit4.JUnit4Provider.invoke(JUnit4Provider.java:112)
	at sun.reflect.NativeMethodAccessorImpl.invoke0(Native Method)
	at sun.reflect.NativeMethodAccessorImpl.invoke(NativeMethodAccessorImpl.java:62)
	at sun.reflect.DelegatingMethodAccessorImpl.invoke(DelegatingMethodAccessorImpl.java:43)
	at java.lang.reflect.Method.invoke(Method.java:498)
	at org.apache.maven.surefire.util.ReflectionUtils.invokeMethodWithArray(ReflectionUtils.java:189)
	at org.apache.maven.surefire.booter.ProviderFactory$ProviderProxy.invoke(ProviderFactory.java:165)
	at org.apache.maven.surefire.booter.ProviderFactory.invokeProvider(ProviderFactory.java:85)
	at org.apache.maven.surefire.booter.ForkedBooter.runSuitesInProcess(ForkedBooter.java:115)
	at org.apache.maven.surefire.booter.ForkedBooter.main(ForkedBooter.java:75)
</error>
  </testcase>
  <testcase classname="com.spotify.docker.client.DefaultDockerClientTest" name="testBuildImageIdWithBuildargs" time="0.022">
    <error message="java.util.concurrent.ExecutionException: javax.ws.rs.ProcessingException: java.io.IOException: No such file or directory" type="com.spotify.docker.client.exceptions.DockerException">com.spotify.docker.client.exceptions.DockerException: java.util.concurrent.ExecutionException: javax.ws.rs.ProcessingException: java.io.IOException: No such file or directory
	at com.spotify.docker.client.DefaultDockerClient.propagate(DefaultDockerClient.java:2812)
	at com.spotify.docker.client.DefaultDockerClient.request(DefaultDockerClient.java:2676)
	at com.spotify.docker.client.DefaultDockerClient.version(DefaultDockerClient.java:572)
	at com.spotify.docker.client.DefaultDockerClientTest.setup(DefaultDockerClientTest.java:349)
	at sun.reflect.GeneratedMethodAccessor10.invoke(Unknown Source)
	at sun.reflect.DelegatingMethodAccessorImpl.invoke(DelegatingMethodAccessorImpl.java:43)
	at java.lang.reflect.Method.invoke(Method.java:498)
	at org.junit.runners.model.FrameworkMethod$1.runReflectiveCall(FrameworkMethod.java:50)
	at org.junit.internal.runners.model.ReflectiveCallable.run(ReflectiveCallable.java:12)
	at org.junit.runners.model.FrameworkMethod.invokeExplosively(FrameworkMethod.java:47)
	at org.junit.internal.runners.statements.RunBefores.evaluate(RunBefores.java:24)
	at org.junit.internal.runners.statements.RunAfters.evaluate(RunAfters.java:27)
	at org.junit.rules.ExpectedException$ExpectedExceptionStatement.evaluate(ExpectedException.java:239)
	at org.junit.rules.TestWatcher$1.evaluate(TestWatcher.java:55)
	at org.junit.rules.RunRules.evaluate(RunRules.java:20)
	at org.junit.runners.ParentRunner.runLeaf(ParentRunner.java:325)
	at org.junit.runners.BlockJUnit4ClassRunner.runChild(BlockJUnit4ClassRunner.java:78)
	at org.junit.runners.BlockJUnit4ClassRunner.runChild(BlockJUnit4ClassRunner.java:57)
	at org.junit.runners.ParentRunner$3.run(ParentRunner.java:290)
	at org.junit.runners.ParentRunner$1.schedule(ParentRunner.java:71)
	at org.junit.runners.ParentRunner.runChildren(ParentRunner.java:288)
	at org.junit.runners.ParentRunner.access$000(ParentRunner.java:58)
	at org.junit.runners.ParentRunner$2.evaluate(ParentRunner.java:268)
	at org.junit.runners.ParentRunner.run(ParentRunner.java:363)
	at org.apache.maven.surefire.junit4.JUnit4Provider.execute(JUnit4Provider.java:252)
	at org.apache.maven.surefire.junit4.JUnit4Provider.executeTestSet(JUnit4Provider.java:141)
	at org.apache.maven.surefire.junit4.JUnit4Provider.invoke(JUnit4Provider.java:112)
	at sun.reflect.NativeMethodAccessorImpl.invoke0(Native Method)
	at sun.reflect.NativeMethodAccessorImpl.invoke(NativeMethodAccessorImpl.java:62)
	at sun.reflect.DelegatingMethodAccessorImpl.invoke(DelegatingMethodAccessorImpl.java:43)
	at java.lang.reflect.Method.invoke(Method.java:498)
	at org.apache.maven.surefire.util.ReflectionUtils.invokeMethodWithArray(ReflectionUtils.java:189)
	at org.apache.maven.surefire.booter.ProviderFactory$ProviderProxy.invoke(ProviderFactory.java:165)
	at org.apache.maven.surefire.booter.ProviderFactory.invokeProvider(ProviderFactory.java:85)
	at org.apache.maven.surefire.booter.ForkedBooter.runSuitesInProcess(ForkedBooter.java:115)
	at org.apache.maven.surefire.booter.ForkedBooter.main(ForkedBooter.java:75)
Caused by: java.util.concurrent.ExecutionException: javax.ws.rs.ProcessingException: java.io.IOException: No such file or directory
	at jersey.repackaged.com.google.common.util.concurrent.AbstractFuture$Sync.getValue(AbstractFuture.java:299)
	at jersey.repackaged.com.google.common.util.concurrent.AbstractFuture$Sync.get(AbstractFuture.java:286)
	at jersey.repackaged.com.google.common.util.concurrent.AbstractFuture.get(AbstractFuture.java:116)
	at com.spotify.docker.client.DefaultDockerClient.request(DefaultDockerClient.java:2674)
	... 34 more
Caused by: javax.ws.rs.ProcessingException: java.io.IOException: No such file or directory
	at org.glassfish.jersey.apache.connector.ApacheConnector.apply(ApacheConnector.java:481)
	at org.glassfish.jersey.apache.connector.ApacheConnector$1.run(ApacheConnector.java:491)
	at java.util.concurrent.Executors$RunnableAdapter.call(Executors.java:511)
	at java.util.concurrent.FutureTask.run(FutureTask.java:266)
	at jersey.repackaged.com.google.common.util.concurrent.MoreExecutors$DirectExecutorService.execute(MoreExecutors.java:299)
	at java.util.concurrent.AbstractExecutorService.submit(AbstractExecutorService.java:112)
	at jersey.repackaged.com.google.common.util.concurrent.AbstractListeningExecutorService.submit(AbstractListeningExecutorService.java:50)
	at jersey.repackaged.com.google.common.util.concurrent.AbstractListeningExecutorService.submit(AbstractListeningExecutorService.java:37)
	at org.glassfish.jersey.apache.connector.ApacheConnector.apply(ApacheConnector.java:487)
	at org.glassfish.jersey.client.ClientRuntime$2.run(ClientRuntime.java:178)
	at org.glassfish.jersey.internal.Errors$1.call(Errors.java:271)
	at org.glassfish.jersey.internal.Errors$1.call(Errors.java:267)
	at org.glassfish.jersey.internal.Errors.process(Errors.java:315)
	at org.glassfish.jersey.internal.Errors.process(Errors.java:297)
	at org.glassfish.jersey.internal.Errors.process(Errors.java:267)
	at org.glassfish.jersey.process.internal.RequestScope.runInScope(RequestScope.java:340)
	at org.glassfish.jersey.client.ClientRuntime$3.run(ClientRuntime.java:210)
	at java.util.concurrent.Executors$RunnableAdapter.call(Executors.java:511)
	at java.util.concurrent.FutureTask.run(FutureTask.java:266)
	at java.util.concurrent.ThreadPoolExecutor.runWorker(ThreadPoolExecutor.java:1142)
	at java.util.concurrent.ThreadPoolExecutor$Worker.run(ThreadPoolExecutor.java:617)
	at java.lang.Thread.run(Thread.java:745)
Caused by: java.io.IOException: No such file or directory
	at jnr.unixsocket.UnixSocketChannel.doConnect(UnixSocketChannel.java:127)
	at jnr.unixsocket.UnixSocketChannel.connect(UnixSocketChannel.java:136)
	at jnr.unixsocket.UnixSocketChannel.connect(UnixSocketChannel.java:223)
	at com.spotify.docker.client.UnixConnectionSocketFactory.connectSocket(UnixConnectionSocketFactory.java:85)
	at org.apache.http.impl.conn.DefaultHttpClientConnectionOperator.connect(DefaultHttpClientConnectionOperator.java:134)
	at org.apache.http.impl.conn.PoolingHttpClientConnectionManager.connect(PoolingHttpClientConnectionManager.java:353)
	at org.apache.http.impl.execchain.MainClientExec.establishRoute(MainClientExec.java:380)
	at org.apache.http.impl.execchain.MainClientExec.execute(MainClientExec.java:236)
	at org.apache.http.impl.execchain.ProtocolExec.execute(ProtocolExec.java:184)
	at org.apache.http.impl.execchain.RetryExec.execute(RetryExec.java:88)
	at org.apache.http.impl.execchain.RedirectExec.execute(RedirectExec.java:110)
	at org.apache.http.impl.client.InternalHttpClient.doExecute(InternalHttpClient.java:184)
	at org.apache.http.impl.client.CloseableHttpClient.execute(CloseableHttpClient.java:71)
	at org.glassfish.jersey.apache.connector.ApacheConnector.apply(ApacheConnector.java:435)
	... 21 more
</error>
    <system-err>Jun 02, 2018 7:44:41 AM org.apache.http.impl.execchain.RetryExec execute
INFO: I/O exception (java.io.IOException) caught when processing request to {}-&gt;unix://localhost:80: No such file or directory
Jun 02, 2018 7:44:41 AM org.apache.http.impl.execchain.RetryExec execute
INFO: Retrying request to {}-&gt;unix://localhost:80
Jun 02, 2018 7:44:41 AM org.apache.http.impl.execchain.RetryExec execute
INFO: I/O exception (java.io.IOException) caught when processing request to {}-&gt;unix://localhost:80: No such file or directory
Jun 02, 2018 7:44:41 AM org.apache.http.impl.execchain.RetryExec execute
INFO: Retrying request to {}-&gt;unix://localhost:80
Jun 02, 2018 7:44:41 AM org.apache.http.impl.execchain.RetryExec execute
INFO: I/O exception (java.io.IOException) caught when processing request to {}-&gt;unix://localhost:80: No such file or directory
Jun 02, 2018 7:44:41 AM org.apache.http.impl.execchain.RetryExec execute
INFO: Retrying request to {}-&gt;unix://localhost:80
</system-err>
  </testcase>
  <testcase classname="com.spotify.docker.client.DefaultDockerClientTest" name="testBuildImageIdWithBuildargs" time="0.023">
    <error type="java.lang.NullPointerException">java.lang.NullPointerException
	at com.spotify.docker.client.VersionCompare.compareVersion(VersionCompare.java:45)
	at com.spotify.docker.client.DefaultDockerClientTest.dockerApiVersionAtLeast(DefaultDockerClientTest.java:404)
	at com.spotify.docker.client.DefaultDockerClientTest.tearDown(DefaultDockerClientTest.java:356)
	at sun.reflect.GeneratedMethodAccessor11.invoke(Unknown Source)
	at sun.reflect.DelegatingMethodAccessorImpl.invoke(DelegatingMethodAccessorImpl.java:43)
	at java.lang.reflect.Method.invoke(Method.java:498)
	at org.junit.runners.model.FrameworkMethod$1.runReflectiveCall(FrameworkMethod.java:50)
	at org.junit.internal.runners.model.ReflectiveCallable.run(ReflectiveCallable.java:12)
	at org.junit.runners.model.FrameworkMethod.invokeExplosively(FrameworkMethod.java:47)
	at org.junit.internal.runners.statements.RunAfters.evaluate(RunAfters.java:33)
	at org.junit.rules.ExpectedException$ExpectedExceptionStatement.evaluate(ExpectedException.java:239)
	at org.junit.rules.TestWatcher$1.evaluate(TestWatcher.java:55)
	at org.junit.rules.RunRules.evaluate(RunRules.java:20)
	at org.junit.runners.ParentRunner.runLeaf(ParentRunner.java:325)
	at org.junit.runners.BlockJUnit4ClassRunner.runChild(BlockJUnit4ClassRunner.java:78)
	at org.junit.runners.BlockJUnit4ClassRunner.runChild(BlockJUnit4ClassRunner.java:57)
	at org.junit.runners.ParentRunner$3.run(ParentRunner.java:290)
	at org.junit.runners.ParentRunner$1.schedule(ParentRunner.java:71)
	at org.junit.runners.ParentRunner.runChildren(ParentRunner.java:288)
	at org.junit.runners.ParentRunner.access$000(ParentRunner.java:58)
	at org.junit.runners.ParentRunner$2.evaluate(ParentRunner.java:268)
	at org.junit.runners.ParentRunner.run(ParentRunner.java:363)
	at org.apache.maven.surefire.junit4.JUnit4Provider.execute(JUnit4Provider.java:252)
	at org.apache.maven.surefire.junit4.JUnit4Provider.executeTestSet(JUnit4Provider.java:141)
	at org.apache.maven.surefire.junit4.JUnit4Provider.invoke(JUnit4Provider.java:112)
	at sun.reflect.NativeMethodAccessorImpl.invoke0(Native Method)
	at sun.reflect.NativeMethodAccessorImpl.invoke(NativeMethodAccessorImpl.java:62)
	at sun.reflect.DelegatingMethodAccessorImpl.invoke(DelegatingMethodAccessorImpl.java:43)
	at java.lang.reflect.Method.invoke(Method.java:498)
	at org.apache.maven.surefire.util.ReflectionUtils.invokeMethodWithArray(ReflectionUtils.java:189)
	at org.apache.maven.surefire.booter.ProviderFactory$ProviderProxy.invoke(ProviderFactory.java:165)
	at org.apache.maven.surefire.booter.ProviderFactory.invokeProvider(ProviderFactory.java:85)
	at org.apache.maven.surefire.booter.ForkedBooter.runSuitesInProcess(ForkedBooter.java:115)
	at org.apache.maven.surefire.booter.ForkedBooter.main(ForkedBooter.java:75)
</error>
  </testcase>
  <testcase classname="com.spotify.docker.client.DefaultDockerClientTest" name="testUpdateContainer" time="0.027">
    <error message="java.util.concurrent.ExecutionException: javax.ws.rs.ProcessingException: java.io.IOException: No such file or directory" type="com.spotify.docker.client.exceptions.DockerException">com.spotify.docker.client.exceptions.DockerException: java.util.concurrent.ExecutionException: javax.ws.rs.ProcessingException: java.io.IOException: No such file or directory
	at com.spotify.docker.client.DefaultDockerClient.propagate(DefaultDockerClient.java:2812)
	at com.spotify.docker.client.DefaultDockerClient.request(DefaultDockerClient.java:2676)
	at com.spotify.docker.client.DefaultDockerClient.version(DefaultDockerClient.java:572)
	at com.spotify.docker.client.DefaultDockerClientTest.setup(DefaultDockerClientTest.java:349)
	at sun.reflect.GeneratedMethodAccessor10.invoke(Unknown Source)
	at sun.reflect.DelegatingMethodAccessorImpl.invoke(DelegatingMethodAccessorImpl.java:43)
	at java.lang.reflect.Method.invoke(Method.java:498)
	at org.junit.runners.model.FrameworkMethod$1.runReflectiveCall(FrameworkMethod.java:50)
	at org.junit.internal.runners.model.ReflectiveCallable.run(ReflectiveCallable.java:12)
	at org.junit.runners.model.FrameworkMethod.invokeExplosively(FrameworkMethod.java:47)
	at org.junit.internal.runners.statements.RunBefores.evaluate(RunBefores.java:24)
	at org.junit.internal.runners.statements.RunAfters.evaluate(RunAfters.java:27)
	at org.junit.rules.ExpectedException$ExpectedExceptionStatement.evaluate(ExpectedException.java:239)
	at org.junit.rules.TestWatcher$1.evaluate(TestWatcher.java:55)
	at org.junit.rules.RunRules.evaluate(RunRules.java:20)
	at org.junit.runners.ParentRunner.runLeaf(ParentRunner.java:325)
	at org.junit.runners.BlockJUnit4ClassRunner.runChild(BlockJUnit4ClassRunner.java:78)
	at org.junit.runners.BlockJUnit4ClassRunner.runChild(BlockJUnit4ClassRunner.java:57)
	at org.junit.runners.ParentRunner$3.run(ParentRunner.java:290)
	at org.junit.runners.ParentRunner$1.schedule(ParentRunner.java:71)
	at org.junit.runners.ParentRunner.runChildren(ParentRunner.java:288)
	at org.junit.runners.ParentRunner.access$000(ParentRunner.java:58)
	at org.junit.runners.ParentRunner$2.evaluate(ParentRunner.java:268)
	at org.junit.runners.ParentRunner.run(ParentRunner.java:363)
	at org.apache.maven.surefire.junit4.JUnit4Provider.execute(JUnit4Provider.java:252)
	at org.apache.maven.surefire.junit4.JUnit4Provider.executeTestSet(JUnit4Provider.java:141)
	at org.apache.maven.surefire.junit4.JUnit4Provider.invoke(JUnit4Provider.java:112)
	at sun.reflect.NativeMethodAccessorImpl.invoke0(Native Method)
	at sun.reflect.NativeMethodAccessorImpl.invoke(NativeMethodAccessorImpl.java:62)
	at sun.reflect.DelegatingMethodAccessorImpl.invoke(DelegatingMethodAccessorImpl.java:43)
	at java.lang.reflect.Method.invoke(Method.java:498)
	at org.apache.maven.surefire.util.ReflectionUtils.invokeMethodWithArray(ReflectionUtils.java:189)
	at org.apache.maven.surefire.booter.ProviderFactory$ProviderProxy.invoke(ProviderFactory.java:165)
	at org.apache.maven.surefire.booter.ProviderFactory.invokeProvider(ProviderFactory.java:85)
	at org.apache.maven.surefire.booter.ForkedBooter.runSuitesInProcess(ForkedBooter.java:115)
	at org.apache.maven.surefire.booter.ForkedBooter.main(ForkedBooter.java:75)
Caused by: java.util.concurrent.ExecutionException: javax.ws.rs.ProcessingException: java.io.IOException: No such file or directory
	at jersey.repackaged.com.google.common.util.concurrent.AbstractFuture$Sync.getValue(AbstractFuture.java:299)
	at jersey.repackaged.com.google.common.util.concurrent.AbstractFuture$Sync.get(AbstractFuture.java:286)
	at jersey.repackaged.com.google.common.util.concurrent.AbstractFuture.get(AbstractFuture.java:116)
	at com.spotify.docker.client.DefaultDockerClient.request(DefaultDockerClient.java:2674)
	... 34 more
Caused by: javax.ws.rs.ProcessingException: java.io.IOException: No such file or directory
	at org.glassfish.jersey.apache.connector.ApacheConnector.apply(ApacheConnector.java:481)
	at org.glassfish.jersey.apache.connector.ApacheConnector$1.run(ApacheConnector.java:491)
	at java.util.concurrent.Executors$RunnableAdapter.call(Executors.java:511)
	at java.util.concurrent.FutureTask.run(FutureTask.java:266)
	at jersey.repackaged.com.google.common.util.concurrent.MoreExecutors$DirectExecutorService.execute(MoreExecutors.java:299)
	at java.util.concurrent.AbstractExecutorService.submit(AbstractExecutorService.java:112)
	at jersey.repackaged.com.google.common.util.concurrent.AbstractListeningExecutorService.submit(AbstractListeningExecutorService.java:50)
	at jersey.repackaged.com.google.common.util.concurrent.AbstractListeningExecutorService.submit(AbstractListeningExecutorService.java:37)
	at org.glassfish.jersey.apache.connector.ApacheConnector.apply(ApacheConnector.java:487)
	at org.glassfish.jersey.client.ClientRuntime$2.run(ClientRuntime.java:178)
	at org.glassfish.jersey.internal.Errors$1.call(Errors.java:271)
	at org.glassfish.jersey.internal.Errors$1.call(Errors.java:267)
	at org.glassfish.jersey.internal.Errors.process(Errors.java:315)
	at org.glassfish.jersey.internal.Errors.process(Errors.java:297)
	at org.glassfish.jersey.internal.Errors.process(Errors.java:267)
	at org.glassfish.jersey.process.internal.RequestScope.runInScope(RequestScope.java:340)
	at org.glassfish.jersey.client.ClientRuntime$3.run(ClientRuntime.java:210)
	at java.util.concurrent.Executors$RunnableAdapter.call(Executors.java:511)
	at java.util.concurrent.FutureTask.run(FutureTask.java:266)
	at java.util.concurrent.ThreadPoolExecutor.runWorker(ThreadPoolExecutor.java:1142)
	at java.util.concurrent.ThreadPoolExecutor$Worker.run(ThreadPoolExecutor.java:617)
	at java.lang.Thread.run(Thread.java:745)
Caused by: java.io.IOException: No such file or directory
	at jnr.unixsocket.UnixSocketChannel.doConnect(UnixSocketChannel.java:127)
	at jnr.unixsocket.UnixSocketChannel.connect(UnixSocketChannel.java:136)
	at jnr.unixsocket.UnixSocketChannel.connect(UnixSocketChannel.java:223)
	at com.spotify.docker.client.UnixConnectionSocketFactory.connectSocket(UnixConnectionSocketFactory.java:85)
	at org.apache.http.impl.conn.DefaultHttpClientConnectionOperator.connect(DefaultHttpClientConnectionOperator.java:134)
	at org.apache.http.impl.conn.PoolingHttpClientConnectionManager.connect(PoolingHttpClientConnectionManager.java:353)
	at org.apache.http.impl.execchain.MainClientExec.establishRoute(MainClientExec.java:380)
	at org.apache.http.impl.execchain.MainClientExec.execute(MainClientExec.java:236)
	at org.apache.http.impl.execchain.ProtocolExec.execute(ProtocolExec.java:184)
	at org.apache.http.impl.execchain.RetryExec.execute(RetryExec.java:88)
	at org.apache.http.impl.execchain.RedirectExec.execute(RedirectExec.java:110)
	at org.apache.http.impl.client.InternalHttpClient.doExecute(InternalHttpClient.java:184)
	at org.apache.http.impl.client.CloseableHttpClient.execute(CloseableHttpClient.java:71)
	at org.glassfish.jersey.apache.connector.ApacheConnector.apply(ApacheConnector.java:435)
	... 21 more
</error>
    <system-err>Jun 02, 2018 7:44:41 AM org.apache.http.impl.execchain.RetryExec execute
INFO: I/O exception (java.io.IOException) caught when processing request to {}-&gt;unix://localhost:80: No such file or directory
Jun 02, 2018 7:44:41 AM org.apache.http.impl.execchain.RetryExec execute
INFO: Retrying request to {}-&gt;unix://localhost:80
Jun 02, 2018 7:44:41 AM org.apache.http.impl.execchain.RetryExec execute
INFO: I/O exception (java.io.IOException) caught when processing request to {}-&gt;unix://localhost:80: No such file or directory
Jun 02, 2018 7:44:41 AM org.apache.http.impl.execchain.RetryExec execute
INFO: Retrying request to {}-&gt;unix://localhost:80
Jun 02, 2018 7:44:41 AM org.apache.http.impl.execchain.RetryExec execute
INFO: I/O exception (java.io.IOException) caught when processing request to {}-&gt;unix://localhost:80: No such file or directory
Jun 02, 2018 7:44:41 AM org.apache.http.impl.execchain.RetryExec execute
INFO: Retrying request to {}-&gt;unix://localhost:80
</system-err>
  </testcase>
  <testcase classname="com.spotify.docker.client.DefaultDockerClientTest" name="testUpdateContainer" time="0.027">
    <error type="java.lang.NullPointerException">java.lang.NullPointerException
	at com.spotify.docker.client.VersionCompare.compareVersion(VersionCompare.java:45)
	at com.spotify.docker.client.DefaultDockerClientTest.dockerApiVersionAtLeast(DefaultDockerClientTest.java:404)
	at com.spotify.docker.client.DefaultDockerClientTest.tearDown(DefaultDockerClientTest.java:356)
	at sun.reflect.GeneratedMethodAccessor11.invoke(Unknown Source)
	at sun.reflect.DelegatingMethodAccessorImpl.invoke(DelegatingMethodAccessorImpl.java:43)
	at java.lang.reflect.Method.invoke(Method.java:498)
	at org.junit.runners.model.FrameworkMethod$1.runReflectiveCall(FrameworkMethod.java:50)
	at org.junit.internal.runners.model.ReflectiveCallable.run(ReflectiveCallable.java:12)
	at org.junit.runners.model.FrameworkMethod.invokeExplosively(FrameworkMethod.java:47)
	at org.junit.internal.runners.statements.RunAfters.evaluate(RunAfters.java:33)
	at org.junit.rules.ExpectedException$ExpectedExceptionStatement.evaluate(ExpectedException.java:239)
	at org.junit.rules.TestWatcher$1.evaluate(TestWatcher.java:55)
	at org.junit.rules.RunRules.evaluate(RunRules.java:20)
	at org.junit.runners.ParentRunner.runLeaf(ParentRunner.java:325)
	at org.junit.runners.BlockJUnit4ClassRunner.runChild(BlockJUnit4ClassRunner.java:78)
	at org.junit.runners.BlockJUnit4ClassRunner.runChild(BlockJUnit4ClassRunner.java:57)
	at org.junit.runners.ParentRunner$3.run(ParentRunner.java:290)
	at org.junit.runners.ParentRunner$1.schedule(ParentRunner.java:71)
	at org.junit.runners.ParentRunner.runChildren(ParentRunner.java:288)
	at org.junit.runners.ParentRunner.access$000(ParentRunner.java:58)
	at org.junit.runners.ParentRunner$2.evaluate(ParentRunner.java:268)
	at org.junit.runners.ParentRunner.run(ParentRunner.java:363)
	at org.apache.maven.surefire.junit4.JUnit4Provider.execute(JUnit4Provider.java:252)
	at org.apache.maven.surefire.junit4.JUnit4Provider.executeTestSet(JUnit4Provider.java:141)
	at org.apache.maven.surefire.junit4.JUnit4Provider.invoke(JUnit4Provider.java:112)
	at sun.reflect.NativeMethodAccessorImpl.invoke0(Native Method)
	at sun.reflect.NativeMethodAccessorImpl.invoke(NativeMethodAccessorImpl.java:62)
	at sun.reflect.DelegatingMethodAccessorImpl.invoke(DelegatingMethodAccessorImpl.java:43)
	at java.lang.reflect.Method.invoke(Method.java:498)
	at org.apache.maven.surefire.util.ReflectionUtils.invokeMethodWithArray(ReflectionUtils.java:189)
	at org.apache.maven.surefire.booter.ProviderFactory$ProviderProxy.invoke(ProviderFactory.java:165)
	at org.apache.maven.surefire.booter.ProviderFactory.invokeProvider(ProviderFactory.java:85)
	at org.apache.maven.surefire.booter.ForkedBooter.runSuitesInProcess(ForkedBooter.java:115)
	at org.apache.maven.surefire.booter.ForkedBooter.main(ForkedBooter.java:75)
</error>
  </testcase>
  <testcase classname="com.spotify.docker.client.DefaultDockerClientTest" name="testInitAndLeaveSwarm" time="0.029">
    <error message="java.util.concurrent.ExecutionException: javax.ws.rs.ProcessingException: java.io.IOException: No such file or directory" type="com.spotify.docker.client.exceptions.DockerException">com.spotify.docker.client.exceptions.DockerException: java.util.concurrent.ExecutionException: javax.ws.rs.ProcessingException: java.io.IOException: No such file or directory
	at com.spotify.docker.client.DefaultDockerClient.propagate(DefaultDockerClient.java:2812)
	at com.spotify.docker.client.DefaultDockerClient.request(DefaultDockerClient.java:2676)
	at com.spotify.docker.client.DefaultDockerClient.version(DefaultDockerClient.java:572)
	at com.spotify.docker.client.DefaultDockerClientTest.setup(DefaultDockerClientTest.java:349)
	at sun.reflect.GeneratedMethodAccessor10.invoke(Unknown Source)
	at sun.reflect.DelegatingMethodAccessorImpl.invoke(DelegatingMethodAccessorImpl.java:43)
	at java.lang.reflect.Method.invoke(Method.java:498)
	at org.junit.runners.model.FrameworkMethod$1.runReflectiveCall(FrameworkMethod.java:50)
	at org.junit.internal.runners.model.ReflectiveCallable.run(ReflectiveCallable.java:12)
	at org.junit.runners.model.FrameworkMethod.invokeExplosively(FrameworkMethod.java:47)
	at org.junit.internal.runners.statements.RunBefores.evaluate(RunBefores.java:24)
	at org.junit.internal.runners.statements.RunAfters.evaluate(RunAfters.java:27)
	at org.junit.rules.ExpectedException$ExpectedExceptionStatement.evaluate(ExpectedException.java:239)
	at org.junit.rules.TestWatcher$1.evaluate(TestWatcher.java:55)
	at org.junit.rules.RunRules.evaluate(RunRules.java:20)
	at org.junit.runners.ParentRunner.runLeaf(ParentRunner.java:325)
	at org.junit.runners.BlockJUnit4ClassRunner.runChild(BlockJUnit4ClassRunner.java:78)
	at org.junit.runners.BlockJUnit4ClassRunner.runChild(BlockJUnit4ClassRunner.java:57)
	at org.junit.runners.ParentRunner$3.run(ParentRunner.java:290)
	at org.junit.runners.ParentRunner$1.schedule(ParentRunner.java:71)
	at org.junit.runners.ParentRunner.runChildren(ParentRunner.java:288)
	at org.junit.runners.ParentRunner.access$000(ParentRunner.java:58)
	at org.junit.runners.ParentRunner$2.evaluate(ParentRunner.java:268)
	at org.junit.runners.ParentRunner.run(ParentRunner.java:363)
	at org.apache.maven.surefire.junit4.JUnit4Provider.execute(JUnit4Provider.java:252)
	at org.apache.maven.surefire.junit4.JUnit4Provider.executeTestSet(JUnit4Provider.java:141)
	at org.apache.maven.surefire.junit4.JUnit4Provider.invoke(JUnit4Provider.java:112)
	at sun.reflect.NativeMethodAccessorImpl.invoke0(Native Method)
	at sun.reflect.NativeMethodAccessorImpl.invoke(NativeMethodAccessorImpl.java:62)
	at sun.reflect.DelegatingMethodAccessorImpl.invoke(DelegatingMethodAccessorImpl.java:43)
	at java.lang.reflect.Method.invoke(Method.java:498)
	at org.apache.maven.surefire.util.ReflectionUtils.invokeMethodWithArray(ReflectionUtils.java:189)
	at org.apache.maven.surefire.booter.ProviderFactory$ProviderProxy.invoke(ProviderFactory.java:165)
	at org.apache.maven.surefire.booter.ProviderFactory.invokeProvider(ProviderFactory.java:85)
	at org.apache.maven.surefire.booter.ForkedBooter.runSuitesInProcess(ForkedBooter.java:115)
	at org.apache.maven.surefire.booter.ForkedBooter.main(ForkedBooter.java:75)
Caused by: java.util.concurrent.ExecutionException: javax.ws.rs.ProcessingException: java.io.IOException: No such file or directory
	at jersey.repackaged.com.google.common.util.concurrent.AbstractFuture$Sync.getValue(AbstractFuture.java:299)
	at jersey.repackaged.com.google.common.util.concurrent.AbstractFuture$Sync.get(AbstractFuture.java:286)
	at jersey.repackaged.com.google.common.util.concurrent.AbstractFuture.get(AbstractFuture.java:116)
	at com.spotify.docker.client.DefaultDockerClient.request(DefaultDockerClient.java:2674)
	... 34 more
Caused by: javax.ws.rs.ProcessingException: java.io.IOException: No such file or directory
	at org.glassfish.jersey.apache.connector.ApacheConnector.apply(ApacheConnector.java:481)
	at org.glassfish.jersey.apache.connector.ApacheConnector$1.run(ApacheConnector.java:491)
	at java.util.concurrent.Executors$RunnableAdapter.call(Executors.java:511)
	at java.util.concurrent.FutureTask.run(FutureTask.java:266)
	at jersey.repackaged.com.google.common.util.concurrent.MoreExecutors$DirectExecutorService.execute(MoreExecutors.java:299)
	at java.util.concurrent.AbstractExecutorService.submit(AbstractExecutorService.java:112)
	at jersey.repackaged.com.google.common.util.concurrent.AbstractListeningExecutorService.submit(AbstractListeningExecutorService.java:50)
	at jersey.repackaged.com.google.common.util.concurrent.AbstractListeningExecutorService.submit(AbstractListeningExecutorService.java:37)
	at org.glassfish.jersey.apache.connector.ApacheConnector.apply(ApacheConnector.java:487)
	at org.glassfish.jersey.client.ClientRuntime$2.run(ClientRuntime.java:178)
	at org.glassfish.jersey.internal.Errors$1.call(Errors.java:271)
	at org.glassfish.jersey.internal.Errors$1.call(Errors.java:267)
	at org.glassfish.jersey.internal.Errors.process(Errors.java:315)
	at org.glassfish.jersey.internal.Errors.process(Errors.java:297)
	at org.glassfish.jersey.internal.Errors.process(Errors.java:267)
	at org.glassfish.jersey.process.internal.RequestScope.runInScope(RequestScope.java:340)
	at org.glassfish.jersey.client.ClientRuntime$3.run(ClientRuntime.java:210)
	at java.util.concurrent.Executors$RunnableAdapter.call(Executors.java:511)
	at java.util.concurrent.FutureTask.run(FutureTask.java:266)
	at java.util.concurrent.ThreadPoolExecutor.runWorker(ThreadPoolExecutor.java:1142)
	at java.util.concurrent.ThreadPoolExecutor$Worker.run(ThreadPoolExecutor.java:617)
	at java.lang.Thread.run(Thread.java:745)
Caused by: java.io.IOException: No such file or directory
	at jnr.unixsocket.UnixSocketChannel.doConnect(UnixSocketChannel.java:127)
	at jnr.unixsocket.UnixSocketChannel.connect(UnixSocketChannel.java:136)
	at jnr.unixsocket.UnixSocketChannel.connect(UnixSocketChannel.java:223)
	at com.spotify.docker.client.UnixConnectionSocketFactory.connectSocket(UnixConnectionSocketFactory.java:85)
	at org.apache.http.impl.conn.DefaultHttpClientConnectionOperator.connect(DefaultHttpClientConnectionOperator.java:134)
	at org.apache.http.impl.conn.PoolingHttpClientConnectionManager.connect(PoolingHttpClientConnectionManager.java:353)
	at org.apache.http.impl.execchain.MainClientExec.establishRoute(MainClientExec.java:380)
	at org.apache.http.impl.execchain.MainClientExec.execute(MainClientExec.java:236)
	at org.apache.http.impl.execchain.ProtocolExec.execute(ProtocolExec.java:184)
	at org.apache.http.impl.execchain.RetryExec.execute(RetryExec.java:88)
	at org.apache.http.impl.execchain.RedirectExec.execute(RedirectExec.java:110)
	at org.apache.http.impl.client.InternalHttpClient.doExecute(InternalHttpClient.java:184)
	at org.apache.http.impl.client.CloseableHttpClient.execute(CloseableHttpClient.java:71)
	at org.glassfish.jersey.apache.connector.ApacheConnector.apply(ApacheConnector.java:435)
	... 21 more
</error>
    <system-err>Jun 02, 2018 7:44:41 AM org.apache.http.impl.execchain.RetryExec execute
INFO: I/O exception (java.io.IOException) caught when processing request to {}-&gt;unix://localhost:80: No such file or directory
Jun 02, 2018 7:44:41 AM org.apache.http.impl.execchain.RetryExec execute
INFO: Retrying request to {}-&gt;unix://localhost:80
Jun 02, 2018 7:44:41 AM org.apache.http.impl.execchain.RetryExec execute
INFO: I/O exception (java.io.IOException) caught when processing request to {}-&gt;unix://localhost:80: No such file or directory
Jun 02, 2018 7:44:41 AM org.apache.http.impl.execchain.RetryExec execute
INFO: Retrying request to {}-&gt;unix://localhost:80
Jun 02, 2018 7:44:41 AM org.apache.http.impl.execchain.RetryExec execute
INFO: I/O exception (java.io.IOException) caught when processing request to {}-&gt;unix://localhost:80: No such file or directory
Jun 02, 2018 7:44:41 AM org.apache.http.impl.execchain.RetryExec execute
INFO: Retrying request to {}-&gt;unix://localhost:80
</system-err>
  </testcase>
  <testcase classname="com.spotify.docker.client.DefaultDockerClientTest" name="testInitAndLeaveSwarm" time="0.029">
    <error type="java.lang.NullPointerException">java.lang.NullPointerException
	at com.spotify.docker.client.VersionCompare.compareVersion(VersionCompare.java:45)
	at com.spotify.docker.client.DefaultDockerClientTest.dockerApiVersionAtLeast(DefaultDockerClientTest.java:404)
	at com.spotify.docker.client.DefaultDockerClientTest.tearDown(DefaultDockerClientTest.java:356)
	at sun.reflect.GeneratedMethodAccessor11.invoke(Unknown Source)
	at sun.reflect.DelegatingMethodAccessorImpl.invoke(DelegatingMethodAccessorImpl.java:43)
	at java.lang.reflect.Method.invoke(Method.java:498)
	at org.junit.runners.model.FrameworkMethod$1.runReflectiveCall(FrameworkMethod.java:50)
	at org.junit.internal.runners.model.ReflectiveCallable.run(ReflectiveCallable.java:12)
	at org.junit.runners.model.FrameworkMethod.invokeExplosively(FrameworkMethod.java:47)
	at org.junit.internal.runners.statements.RunAfters.evaluate(RunAfters.java:33)
	at org.junit.rules.ExpectedException$ExpectedExceptionStatement.evaluate(ExpectedException.java:239)
	at org.junit.rules.TestWatcher$1.evaluate(TestWatcher.java:55)
	at org.junit.rules.RunRules.evaluate(RunRules.java:20)
	at org.junit.runners.ParentRunner.runLeaf(ParentRunner.java:325)
	at org.junit.runners.BlockJUnit4ClassRunner.runChild(BlockJUnit4ClassRunner.java:78)
	at org.junit.runners.BlockJUnit4ClassRunner.runChild(BlockJUnit4ClassRunner.java:57)
	at org.junit.runners.ParentRunner$3.run(ParentRunner.java:290)
	at org.junit.runners.ParentRunner$1.schedule(ParentRunner.java:71)
	at org.junit.runners.ParentRunner.runChildren(ParentRunner.java:288)
	at org.junit.runners.ParentRunner.access$000(ParentRunner.java:58)
	at org.junit.runners.ParentRunner$2.evaluate(ParentRunner.java:268)
	at org.junit.runners.ParentRunner.run(ParentRunner.java:363)
	at org.apache.maven.surefire.junit4.JUnit4Provider.execute(JUnit4Provider.java:252)
	at org.apache.maven.surefire.junit4.JUnit4Provider.executeTestSet(JUnit4Provider.java:141)
	at org.apache.maven.surefire.junit4.JUnit4Provider.invoke(JUnit4Provider.java:112)
	at sun.reflect.NativeMethodAccessorImpl.invoke0(Native Method)
	at sun.reflect.NativeMethodAccessorImpl.invoke(NativeMethodAccessorImpl.java:62)
	at sun.reflect.DelegatingMethodAccessorImpl.invoke(DelegatingMethodAccessorImpl.java:43)
	at java.lang.reflect.Method.invoke(Method.java:498)
	at org.apache.maven.surefire.util.ReflectionUtils.invokeMethodWithArray(ReflectionUtils.java:189)
	at org.apache.maven.surefire.booter.ProviderFactory$ProviderProxy.invoke(ProviderFactory.java:165)
	at org.apache.maven.surefire.booter.ProviderFactory.invokeProvider(ProviderFactory.java:85)
	at org.apache.maven.surefire.booter.ForkedBooter.runSuitesInProcess(ForkedBooter.java:115)
	at org.apache.maven.surefire.booter.ForkedBooter.main(ForkedBooter.java:75)
</error>
  </testcase>
  <testcase classname="com.spotify.docker.client.DefaultDockerClientTest" name="testRemoveService" time="0.03">
    <error message="java.util.concurrent.ExecutionException: javax.ws.rs.ProcessingException: java.io.IOException: No such file or directory" type="com.spotify.docker.client.exceptions.DockerException">com.spotify.docker.client.exceptions.DockerException: java.util.concurrent.ExecutionException: javax.ws.rs.ProcessingException: java.io.IOException: No such file or directory
	at com.spotify.docker.client.DefaultDockerClient.propagate(DefaultDockerClient.java:2812)
	at com.spotify.docker.client.DefaultDockerClient.request(DefaultDockerClient.java:2676)
	at com.spotify.docker.client.DefaultDockerClient.version(DefaultDockerClient.java:572)
	at com.spotify.docker.client.DefaultDockerClientTest.setup(DefaultDockerClientTest.java:349)
	at sun.reflect.GeneratedMethodAccessor10.invoke(Unknown Source)
	at sun.reflect.DelegatingMethodAccessorImpl.invoke(DelegatingMethodAccessorImpl.java:43)
	at java.lang.reflect.Method.invoke(Method.java:498)
	at org.junit.runners.model.FrameworkMethod$1.runReflectiveCall(FrameworkMethod.java:50)
	at org.junit.internal.runners.model.ReflectiveCallable.run(ReflectiveCallable.java:12)
	at org.junit.runners.model.FrameworkMethod.invokeExplosively(FrameworkMethod.java:47)
	at org.junit.internal.runners.statements.RunBefores.evaluate(RunBefores.java:24)
	at org.junit.internal.runners.statements.RunAfters.evaluate(RunAfters.java:27)
	at org.junit.rules.ExpectedException$ExpectedExceptionStatement.evaluate(ExpectedException.java:239)
	at org.junit.rules.TestWatcher$1.evaluate(TestWatcher.java:55)
	at org.junit.rules.RunRules.evaluate(RunRules.java:20)
	at org.junit.runners.ParentRunner.runLeaf(ParentRunner.java:325)
	at org.junit.runners.BlockJUnit4ClassRunner.runChild(BlockJUnit4ClassRunner.java:78)
	at org.junit.runners.BlockJUnit4ClassRunner.runChild(BlockJUnit4ClassRunner.java:57)
	at org.junit.runners.ParentRunner$3.run(ParentRunner.java:290)
	at org.junit.runners.ParentRunner$1.schedule(ParentRunner.java:71)
	at org.junit.runners.ParentRunner.runChildren(ParentRunner.java:288)
	at org.junit.runners.ParentRunner.access$000(ParentRunner.java:58)
	at org.junit.runners.ParentRunner$2.evaluate(ParentRunner.java:268)
	at org.junit.runners.ParentRunner.run(ParentRunner.java:363)
	at org.apache.maven.surefire.junit4.JUnit4Provider.execute(JUnit4Provider.java:252)
	at org.apache.maven.surefire.junit4.JUnit4Provider.executeTestSet(JUnit4Provider.java:141)
	at org.apache.maven.surefire.junit4.JUnit4Provider.invoke(JUnit4Provider.java:112)
	at sun.reflect.NativeMethodAccessorImpl.invoke0(Native Method)
	at sun.reflect.NativeMethodAccessorImpl.invoke(NativeMethodAccessorImpl.java:62)
	at sun.reflect.DelegatingMethodAccessorImpl.invoke(DelegatingMethodAccessorImpl.java:43)
	at java.lang.reflect.Method.invoke(Method.java:498)
	at org.apache.maven.surefire.util.ReflectionUtils.invokeMethodWithArray(ReflectionUtils.java:189)
	at org.apache.maven.surefire.booter.ProviderFactory$ProviderProxy.invoke(ProviderFactory.java:165)
	at org.apache.maven.surefire.booter.ProviderFactory.invokeProvider(ProviderFactory.java:85)
	at org.apache.maven.surefire.booter.ForkedBooter.runSuitesInProcess(ForkedBooter.java:115)
	at org.apache.maven.surefire.booter.ForkedBooter.main(ForkedBooter.java:75)
Caused by: java.util.concurrent.ExecutionException: javax.ws.rs.ProcessingException: java.io.IOException: No such file or directory
	at jersey.repackaged.com.google.common.util.concurrent.AbstractFuture$Sync.getValue(AbstractFuture.java:299)
	at jersey.repackaged.com.google.common.util.concurrent.AbstractFuture$Sync.get(AbstractFuture.java:286)
	at jersey.repackaged.com.google.common.util.concurrent.AbstractFuture.get(AbstractFuture.java:116)
	at com.spotify.docker.client.DefaultDockerClient.request(DefaultDockerClient.java:2674)
	... 34 more
Caused by: javax.ws.rs.ProcessingException: java.io.IOException: No such file or directory
	at org.glassfish.jersey.apache.connector.ApacheConnector.apply(ApacheConnector.java:481)
	at org.glassfish.jersey.apache.connector.ApacheConnector$1.run(ApacheConnector.java:491)
	at java.util.concurrent.Executors$RunnableAdapter.call(Executors.java:511)
	at java.util.concurrent.FutureTask.run(FutureTask.java:266)
	at jersey.repackaged.com.google.common.util.concurrent.MoreExecutors$DirectExecutorService.execute(MoreExecutors.java:299)
	at java.util.concurrent.AbstractExecutorService.submit(AbstractExecutorService.java:112)
	at jersey.repackaged.com.google.common.util.concurrent.AbstractListeningExecutorService.submit(AbstractListeningExecutorService.java:50)
	at jersey.repackaged.com.google.common.util.concurrent.AbstractListeningExecutorService.submit(AbstractListeningExecutorService.java:37)
	at org.glassfish.jersey.apache.connector.ApacheConnector.apply(ApacheConnector.java:487)
	at org.glassfish.jersey.client.ClientRuntime$2.run(ClientRuntime.java:178)
	at org.glassfish.jersey.internal.Errors$1.call(Errors.java:271)
	at org.glassfish.jersey.internal.Errors$1.call(Errors.java:267)
	at org.glassfish.jersey.internal.Errors.process(Errors.java:315)
	at org.glassfish.jersey.internal.Errors.process(Errors.java:297)
	at org.glassfish.jersey.internal.Errors.process(Errors.java:267)
	at org.glassfish.jersey.process.internal.RequestScope.runInScope(RequestScope.java:340)
	at org.glassfish.jersey.client.ClientRuntime$3.run(ClientRuntime.java:210)
	at java.util.concurrent.Executors$RunnableAdapter.call(Executors.java:511)
	at java.util.concurrent.FutureTask.run(FutureTask.java:266)
	at java.util.concurrent.ThreadPoolExecutor.runWorker(ThreadPoolExecutor.java:1142)
	at java.util.concurrent.ThreadPoolExecutor$Worker.run(ThreadPoolExecutor.java:617)
	at java.lang.Thread.run(Thread.java:745)
Caused by: java.io.IOException: No such file or directory
	at jnr.unixsocket.UnixSocketChannel.doConnect(UnixSocketChannel.java:127)
	at jnr.unixsocket.UnixSocketChannel.connect(UnixSocketChannel.java:136)
	at jnr.unixsocket.UnixSocketChannel.connect(UnixSocketChannel.java:223)
	at com.spotify.docker.client.UnixConnectionSocketFactory.connectSocket(UnixConnectionSocketFactory.java:85)
	at org.apache.http.impl.conn.DefaultHttpClientConnectionOperator.connect(DefaultHttpClientConnectionOperator.java:134)
	at org.apache.http.impl.conn.PoolingHttpClientConnectionManager.connect(PoolingHttpClientConnectionManager.java:353)
	at org.apache.http.impl.execchain.MainClientExec.establishRoute(MainClientExec.java:380)
	at org.apache.http.impl.execchain.MainClientExec.execute(MainClientExec.java:236)
	at org.apache.http.impl.execchain.ProtocolExec.execute(ProtocolExec.java:184)
	at org.apache.http.impl.execchain.RetryExec.execute(RetryExec.java:88)
	at org.apache.http.impl.execchain.RedirectExec.execute(RedirectExec.java:110)
	at org.apache.http.impl.client.InternalHttpClient.doExecute(InternalHttpClient.java:184)
	at org.apache.http.impl.client.CloseableHttpClient.execute(CloseableHttpClient.java:71)
	at org.glassfish.jersey.apache.connector.ApacheConnector.apply(ApacheConnector.java:435)
	... 21 more
</error>
    <system-err>Jun 02, 2018 7:44:41 AM org.apache.http.impl.execchain.RetryExec execute
INFO: I/O exception (java.io.IOException) caught when processing request to {}-&gt;unix://localhost:80: No such file or directory
Jun 02, 2018 7:44:41 AM org.apache.http.impl.execchain.RetryExec execute
INFO: Retrying request to {}-&gt;unix://localhost:80
Jun 02, 2018 7:44:41 AM org.apache.http.impl.execchain.RetryExec execute
INFO: I/O exception (java.io.IOException) caught when processing request to {}-&gt;unix://localhost:80: No such file or directory
Jun 02, 2018 7:44:41 AM org.apache.http.impl.execchain.RetryExec execute
INFO: Retrying request to {}-&gt;unix://localhost:80
Jun 02, 2018 7:44:41 AM org.apache.http.impl.execchain.RetryExec execute
INFO: I/O exception (java.io.IOException) caught when processing request to {}-&gt;unix://localhost:80: No such file or directory
Jun 02, 2018 7:44:41 AM org.apache.http.impl.execchain.RetryExec execute
INFO: Retrying request to {}-&gt;unix://localhost:80
</system-err>
  </testcase>
  <testcase classname="com.spotify.docker.client.DefaultDockerClientTest" name="testRemoveService" time="0.03">
    <error type="java.lang.NullPointerException">java.lang.NullPointerException
	at com.spotify.docker.client.VersionCompare.compareVersion(VersionCompare.java:45)
	at com.spotify.docker.client.DefaultDockerClientTest.dockerApiVersionAtLeast(DefaultDockerClientTest.java:404)
	at com.spotify.docker.client.DefaultDockerClientTest.tearDown(DefaultDockerClientTest.java:356)
	at sun.reflect.GeneratedMethodAccessor11.invoke(Unknown Source)
	at sun.reflect.DelegatingMethodAccessorImpl.invoke(DelegatingMethodAccessorImpl.java:43)
	at java.lang.reflect.Method.invoke(Method.java:498)
	at org.junit.runners.model.FrameworkMethod$1.runReflectiveCall(FrameworkMethod.java:50)
	at org.junit.internal.runners.model.ReflectiveCallable.run(ReflectiveCallable.java:12)
	at org.junit.runners.model.FrameworkMethod.invokeExplosively(FrameworkMethod.java:47)
	at org.junit.internal.runners.statements.RunAfters.evaluate(RunAfters.java:33)
	at org.junit.rules.ExpectedException$ExpectedExceptionStatement.evaluate(ExpectedException.java:239)
	at org.junit.rules.TestWatcher$1.evaluate(TestWatcher.java:55)
	at org.junit.rules.RunRules.evaluate(RunRules.java:20)
	at org.junit.runners.ParentRunner.runLeaf(ParentRunner.java:325)
	at org.junit.runners.BlockJUnit4ClassRunner.runChild(BlockJUnit4ClassRunner.java:78)
	at org.junit.runners.BlockJUnit4ClassRunner.runChild(BlockJUnit4ClassRunner.java:57)
	at org.junit.runners.ParentRunner$3.run(ParentRunner.java:290)
	at org.junit.runners.ParentRunner$1.schedule(ParentRunner.java:71)
	at org.junit.runners.ParentRunner.runChildren(ParentRunner.java:288)
	at org.junit.runners.ParentRunner.access$000(ParentRunner.java:58)
	at org.junit.runners.ParentRunner$2.evaluate(ParentRunner.java:268)
	at org.junit.runners.ParentRunner.run(ParentRunner.java:363)
	at org.apache.maven.surefire.junit4.JUnit4Provider.execute(JUnit4Provider.java:252)
	at org.apache.maven.surefire.junit4.JUnit4Provider.executeTestSet(JUnit4Provider.java:141)
	at org.apache.maven.surefire.junit4.JUnit4Provider.invoke(JUnit4Provider.java:112)
	at sun.reflect.NativeMethodAccessorImpl.invoke0(Native Method)
	at sun.reflect.NativeMethodAccessorImpl.invoke(NativeMethodAccessorImpl.java:62)
	at sun.reflect.DelegatingMethodAccessorImpl.invoke(DelegatingMethodAccessorImpl.java:43)
	at java.lang.reflect.Method.invoke(Method.java:498)
	at org.apache.maven.surefire.util.ReflectionUtils.invokeMethodWithArray(ReflectionUtils.java:189)
	at org.apache.maven.surefire.booter.ProviderFactory$ProviderProxy.invoke(ProviderFactory.java:165)
	at org.apache.maven.surefire.booter.ProviderFactory.invokeProvider(ProviderFactory.java:85)
	at org.apache.maven.surefire.booter.ForkedBooter.runSuitesInProcess(ForkedBooter.java:115)
	at org.apache.maven.surefire.booter.ForkedBooter.main(ForkedBooter.java:75)
</error>
  </testcase>
  <testcase classname="com.spotify.docker.client.DefaultDockerClientTest" name="testListServicesFilterByLabel" time="0.027">
    <error message="java.util.concurrent.ExecutionException: javax.ws.rs.ProcessingException: java.io.IOException: No such file or directory" type="com.spotify.docker.client.exceptions.DockerException">com.spotify.docker.client.exceptions.DockerException: java.util.concurrent.ExecutionException: javax.ws.rs.ProcessingException: java.io.IOException: No such file or directory
	at com.spotify.docker.client.DefaultDockerClient.propagate(DefaultDockerClient.java:2812)
	at com.spotify.docker.client.DefaultDockerClient.request(DefaultDockerClient.java:2676)
	at com.spotify.docker.client.DefaultDockerClient.version(DefaultDockerClient.java:572)
	at com.spotify.docker.client.DefaultDockerClientTest.setup(DefaultDockerClientTest.java:349)
	at sun.reflect.GeneratedMethodAccessor10.invoke(Unknown Source)
	at sun.reflect.DelegatingMethodAccessorImpl.invoke(DelegatingMethodAccessorImpl.java:43)
	at java.lang.reflect.Method.invoke(Method.java:498)
	at org.junit.runners.model.FrameworkMethod$1.runReflectiveCall(FrameworkMethod.java:50)
	at org.junit.internal.runners.model.ReflectiveCallable.run(ReflectiveCallable.java:12)
	at org.junit.runners.model.FrameworkMethod.invokeExplosively(FrameworkMethod.java:47)
	at org.junit.internal.runners.statements.RunBefores.evaluate(RunBefores.java:24)
	at org.junit.internal.runners.statements.RunAfters.evaluate(RunAfters.java:27)
	at org.junit.rules.ExpectedException$ExpectedExceptionStatement.evaluate(ExpectedException.java:239)
	at org.junit.rules.TestWatcher$1.evaluate(TestWatcher.java:55)
	at org.junit.rules.RunRules.evaluate(RunRules.java:20)
	at org.junit.runners.ParentRunner.runLeaf(ParentRunner.java:325)
	at org.junit.runners.BlockJUnit4ClassRunner.runChild(BlockJUnit4ClassRunner.java:78)
	at org.junit.runners.BlockJUnit4ClassRunner.runChild(BlockJUnit4ClassRunner.java:57)
	at org.junit.runners.ParentRunner$3.run(ParentRunner.java:290)
	at org.junit.runners.ParentRunner$1.schedule(ParentRunner.java:71)
	at org.junit.runners.ParentRunner.runChildren(ParentRunner.java:288)
	at org.junit.runners.ParentRunner.access$000(ParentRunner.java:58)
	at org.junit.runners.ParentRunner$2.evaluate(ParentRunner.java:268)
	at org.junit.runners.ParentRunner.run(ParentRunner.java:363)
	at org.apache.maven.surefire.junit4.JUnit4Provider.execute(JUnit4Provider.java:252)
	at org.apache.maven.surefire.junit4.JUnit4Provider.executeTestSet(JUnit4Provider.java:141)
	at org.apache.maven.surefire.junit4.JUnit4Provider.invoke(JUnit4Provider.java:112)
	at sun.reflect.NativeMethodAccessorImpl.invoke0(Native Method)
	at sun.reflect.NativeMethodAccessorImpl.invoke(NativeMethodAccessorImpl.java:62)
	at sun.reflect.DelegatingMethodAccessorImpl.invoke(DelegatingMethodAccessorImpl.java:43)
	at java.lang.reflect.Method.invoke(Method.java:498)
	at org.apache.maven.surefire.util.ReflectionUtils.invokeMethodWithArray(ReflectionUtils.java:189)
	at org.apache.maven.surefire.booter.ProviderFactory$ProviderProxy.invoke(ProviderFactory.java:165)
	at org.apache.maven.surefire.booter.ProviderFactory.invokeProvider(ProviderFactory.java:85)
	at org.apache.maven.surefire.booter.ForkedBooter.runSuitesInProcess(ForkedBooter.java:115)
	at org.apache.maven.surefire.booter.ForkedBooter.main(ForkedBooter.java:75)
Caused by: java.util.concurrent.ExecutionException: javax.ws.rs.ProcessingException: java.io.IOException: No such file or directory
	at jersey.repackaged.com.google.common.util.concurrent.AbstractFuture$Sync.getValue(AbstractFuture.java:299)
	at jersey.repackaged.com.google.common.util.concurrent.AbstractFuture$Sync.get(AbstractFuture.java:286)
	at jersey.repackaged.com.google.common.util.concurrent.AbstractFuture.get(AbstractFuture.java:116)
	at com.spotify.docker.client.DefaultDockerClient.request(DefaultDockerClient.java:2674)
	... 34 more
Caused by: javax.ws.rs.ProcessingException: java.io.IOException: No such file or directory
	at org.glassfish.jersey.apache.connector.ApacheConnector.apply(ApacheConnector.java:481)
	at org.glassfish.jersey.apache.connector.ApacheConnector$1.run(ApacheConnector.java:491)
	at java.util.concurrent.Executors$RunnableAdapter.call(Executors.java:511)
	at java.util.concurrent.FutureTask.run(FutureTask.java:266)
	at jersey.repackaged.com.google.common.util.concurrent.MoreExecutors$DirectExecutorService.execute(MoreExecutors.java:299)
	at java.util.concurrent.AbstractExecutorService.submit(AbstractExecutorService.java:112)
	at jersey.repackaged.com.google.common.util.concurrent.AbstractListeningExecutorService.submit(AbstractListeningExecutorService.java:50)
	at jersey.repackaged.com.google.common.util.concurrent.AbstractListeningExecutorService.submit(AbstractListeningExecutorService.java:37)
	at org.glassfish.jersey.apache.connector.ApacheConnector.apply(ApacheConnector.java:487)
	at org.glassfish.jersey.client.ClientRuntime$2.run(ClientRuntime.java:178)
	at org.glassfish.jersey.internal.Errors$1.call(Errors.java:271)
	at org.glassfish.jersey.internal.Errors$1.call(Errors.java:267)
	at org.glassfish.jersey.internal.Errors.process(Errors.java:315)
	at org.glassfish.jersey.internal.Errors.process(Errors.java:297)
	at org.glassfish.jersey.internal.Errors.process(Errors.java:267)
	at org.glassfish.jersey.process.internal.RequestScope.runInScope(RequestScope.java:340)
	at org.glassfish.jersey.client.ClientRuntime$3.run(ClientRuntime.java:210)
	at java.util.concurrent.Executors$RunnableAdapter.call(Executors.java:511)
	at java.util.concurrent.FutureTask.run(FutureTask.java:266)
	at java.util.concurrent.ThreadPoolExecutor.runWorker(ThreadPoolExecutor.java:1142)
	at java.util.concurrent.ThreadPoolExecutor$Worker.run(ThreadPoolExecutor.java:617)
	at java.lang.Thread.run(Thread.java:745)
Caused by: java.io.IOException: No such file or directory
	at jnr.unixsocket.UnixSocketChannel.doConnect(UnixSocketChannel.java:127)
	at jnr.unixsocket.UnixSocketChannel.connect(UnixSocketChannel.java:136)
	at jnr.unixsocket.UnixSocketChannel.connect(UnixSocketChannel.java:223)
	at com.spotify.docker.client.UnixConnectionSocketFactory.connectSocket(UnixConnectionSocketFactory.java:85)
	at org.apache.http.impl.conn.DefaultHttpClientConnectionOperator.connect(DefaultHttpClientConnectionOperator.java:134)
	at org.apache.http.impl.conn.PoolingHttpClientConnectionManager.connect(PoolingHttpClientConnectionManager.java:353)
	at org.apache.http.impl.execchain.MainClientExec.establishRoute(MainClientExec.java:380)
	at org.apache.http.impl.execchain.MainClientExec.execute(MainClientExec.java:236)
	at org.apache.http.impl.execchain.ProtocolExec.execute(ProtocolExec.java:184)
	at org.apache.http.impl.execchain.RetryExec.execute(RetryExec.java:88)
	at org.apache.http.impl.execchain.RedirectExec.execute(RedirectExec.java:110)
	at org.apache.http.impl.client.InternalHttpClient.doExecute(InternalHttpClient.java:184)
	at org.apache.http.impl.client.CloseableHttpClient.execute(CloseableHttpClient.java:71)
	at org.glassfish.jersey.apache.connector.ApacheConnector.apply(ApacheConnector.java:435)
	... 21 more
</error>
    <system-err>Jun 02, 2018 7:44:41 AM org.apache.http.impl.execchain.RetryExec execute
INFO: I/O exception (java.io.IOException) caught when processing request to {}-&gt;unix://localhost:80: No such file or directory
Jun 02, 2018 7:44:41 AM org.apache.http.impl.execchain.RetryExec execute
INFO: Retrying request to {}-&gt;unix://localhost:80
Jun 02, 2018 7:44:41 AM org.apache.http.impl.execchain.RetryExec execute
INFO: I/O exception (java.io.IOException) caught when processing request to {}-&gt;unix://localhost:80: No such file or directory
Jun 02, 2018 7:44:41 AM org.apache.http.impl.execchain.RetryExec execute
INFO: Retrying request to {}-&gt;unix://localhost:80
Jun 02, 2018 7:44:41 AM org.apache.http.impl.execchain.RetryExec execute
INFO: I/O exception (java.io.IOException) caught when processing request to {}-&gt;unix://localhost:80: No such file or directory
Jun 02, 2018 7:44:41 AM org.apache.http.impl.execchain.RetryExec execute
INFO: Retrying request to {}-&gt;unix://localhost:80
</system-err>
  </testcase>
  <testcase classname="com.spotify.docker.client.DefaultDockerClientTest" name="testListServicesFilterByLabel" time="0.027">
    <error type="java.lang.NullPointerException">java.lang.NullPointerException
	at com.spotify.docker.client.VersionCompare.compareVersion(VersionCompare.java:45)
	at com.spotify.docker.client.DefaultDockerClientTest.dockerApiVersionAtLeast(DefaultDockerClientTest.java:404)
	at com.spotify.docker.client.DefaultDockerClientTest.tearDown(DefaultDockerClientTest.java:356)
	at sun.reflect.GeneratedMethodAccessor11.invoke(Unknown Source)
	at sun.reflect.DelegatingMethodAccessorImpl.invoke(DelegatingMethodAccessorImpl.java:43)
	at java.lang.reflect.Method.invoke(Method.java:498)
	at org.junit.runners.model.FrameworkMethod$1.runReflectiveCall(FrameworkMethod.java:50)
	at org.junit.internal.runners.model.ReflectiveCallable.run(ReflectiveCallable.java:12)
	at org.junit.runners.model.FrameworkMethod.invokeExplosively(FrameworkMethod.java:47)
	at org.junit.internal.runners.statements.RunAfters.evaluate(RunAfters.java:33)
	at org.junit.rules.ExpectedException$ExpectedExceptionStatement.evaluate(ExpectedException.java:239)
	at org.junit.rules.TestWatcher$1.evaluate(TestWatcher.java:55)
	at org.junit.rules.RunRules.evaluate(RunRules.java:20)
	at org.junit.runners.ParentRunner.runLeaf(ParentRunner.java:325)
	at org.junit.runners.BlockJUnit4ClassRunner.runChild(BlockJUnit4ClassRunner.java:78)
	at org.junit.runners.BlockJUnit4ClassRunner.runChild(BlockJUnit4ClassRunner.java:57)
	at org.junit.runners.ParentRunner$3.run(ParentRunner.java:290)
	at org.junit.runners.ParentRunner$1.schedule(ParentRunner.java:71)
	at org.junit.runners.ParentRunner.runChildren(ParentRunner.java:288)
	at org.junit.runners.ParentRunner.access$000(ParentRunner.java:58)
	at org.junit.runners.ParentRunner$2.evaluate(ParentRunner.java:268)
	at org.junit.runners.ParentRunner.run(ParentRunner.java:363)
	at org.apache.maven.surefire.junit4.JUnit4Provider.execute(JUnit4Provider.java:252)
	at org.apache.maven.surefire.junit4.JUnit4Provider.executeTestSet(JUnit4Provider.java:141)
	at org.apache.maven.surefire.junit4.JUnit4Provider.invoke(JUnit4Provider.java:112)
	at sun.reflect.NativeMethodAccessorImpl.invoke0(Native Method)
	at sun.reflect.NativeMethodAccessorImpl.invoke(NativeMethodAccessorImpl.java:62)
	at sun.reflect.DelegatingMethodAccessorImpl.invoke(DelegatingMethodAccessorImpl.java:43)
	at java.lang.reflect.Method.invoke(Method.java:498)
	at org.apache.maven.surefire.util.ReflectionUtils.invokeMethodWithArray(ReflectionUtils.java:189)
	at org.apache.maven.surefire.booter.ProviderFactory$ProviderProxy.invoke(ProviderFactory.java:165)
	at org.apache.maven.surefire.booter.ProviderFactory.invokeProvider(ProviderFactory.java:85)
	at org.apache.maven.surefire.booter.ForkedBooter.runSuitesInProcess(ForkedBooter.java:115)
	at org.apache.maven.surefire.booter.ForkedBooter.main(ForkedBooter.java:75)
</error>
  </testcase>
  <testcase classname="com.spotify.docker.client.DefaultDockerClientTest" name="testInspectImage" time="0.028">
    <error message="java.util.concurrent.ExecutionException: javax.ws.rs.ProcessingException: java.io.IOException: No such file or directory" type="com.spotify.docker.client.exceptions.DockerException">com.spotify.docker.client.exceptions.DockerException: java.util.concurrent.ExecutionException: javax.ws.rs.ProcessingException: java.io.IOException: No such file or directory
	at com.spotify.docker.client.DefaultDockerClient.propagate(DefaultDockerClient.java:2812)
	at com.spotify.docker.client.DefaultDockerClient.request(DefaultDockerClient.java:2676)
	at com.spotify.docker.client.DefaultDockerClient.version(DefaultDockerClient.java:572)
	at com.spotify.docker.client.DefaultDockerClientTest.setup(DefaultDockerClientTest.java:349)
	at sun.reflect.GeneratedMethodAccessor10.invoke(Unknown Source)
	at sun.reflect.DelegatingMethodAccessorImpl.invoke(DelegatingMethodAccessorImpl.java:43)
	at java.lang.reflect.Method.invoke(Method.java:498)
	at org.junit.runners.model.FrameworkMethod$1.runReflectiveCall(FrameworkMethod.java:50)
	at org.junit.internal.runners.model.ReflectiveCallable.run(ReflectiveCallable.java:12)
	at org.junit.runners.model.FrameworkMethod.invokeExplosively(FrameworkMethod.java:47)
	at org.junit.internal.runners.statements.RunBefores.evaluate(RunBefores.java:24)
	at org.junit.internal.runners.statements.RunAfters.evaluate(RunAfters.java:27)
	at org.junit.rules.ExpectedException$ExpectedExceptionStatement.evaluate(ExpectedException.java:239)
	at org.junit.rules.TestWatcher$1.evaluate(TestWatcher.java:55)
	at org.junit.rules.RunRules.evaluate(RunRules.java:20)
	at org.junit.runners.ParentRunner.runLeaf(ParentRunner.java:325)
	at org.junit.runners.BlockJUnit4ClassRunner.runChild(BlockJUnit4ClassRunner.java:78)
	at org.junit.runners.BlockJUnit4ClassRunner.runChild(BlockJUnit4ClassRunner.java:57)
	at org.junit.runners.ParentRunner$3.run(ParentRunner.java:290)
	at org.junit.runners.ParentRunner$1.schedule(ParentRunner.java:71)
	at org.junit.runners.ParentRunner.runChildren(ParentRunner.java:288)
	at org.junit.runners.ParentRunner.access$000(ParentRunner.java:58)
	at org.junit.runners.ParentRunner$2.evaluate(ParentRunner.java:268)
	at org.junit.runners.ParentRunner.run(ParentRunner.java:363)
	at org.apache.maven.surefire.junit4.JUnit4Provider.execute(JUnit4Provider.java:252)
	at org.apache.maven.surefire.junit4.JUnit4Provider.executeTestSet(JUnit4Provider.java:141)
	at org.apache.maven.surefire.junit4.JUnit4Provider.invoke(JUnit4Provider.java:112)
	at sun.reflect.NativeMethodAccessorImpl.invoke0(Native Method)
	at sun.reflect.NativeMethodAccessorImpl.invoke(NativeMethodAccessorImpl.java:62)
	at sun.reflect.DelegatingMethodAccessorImpl.invoke(DelegatingMethodAccessorImpl.java:43)
	at java.lang.reflect.Method.invoke(Method.java:498)
	at org.apache.maven.surefire.util.ReflectionUtils.invokeMethodWithArray(ReflectionUtils.java:189)
	at org.apache.maven.surefire.booter.ProviderFactory$ProviderProxy.invoke(ProviderFactory.java:165)
	at org.apache.maven.surefire.booter.ProviderFactory.invokeProvider(ProviderFactory.java:85)
	at org.apache.maven.surefire.booter.ForkedBooter.runSuitesInProcess(ForkedBooter.java:115)
	at org.apache.maven.surefire.booter.ForkedBooter.main(ForkedBooter.java:75)
Caused by: java.util.concurrent.ExecutionException: javax.ws.rs.ProcessingException: java.io.IOException: No such file or directory
	at jersey.repackaged.com.google.common.util.concurrent.AbstractFuture$Sync.getValue(AbstractFuture.java:299)
	at jersey.repackaged.com.google.common.util.concurrent.AbstractFuture$Sync.get(AbstractFuture.java:286)
	at jersey.repackaged.com.google.common.util.concurrent.AbstractFuture.get(AbstractFuture.java:116)
	at com.spotify.docker.client.DefaultDockerClient.request(DefaultDockerClient.java:2674)
	... 34 more
Caused by: javax.ws.rs.ProcessingException: java.io.IOException: No such file or directory
	at org.glassfish.jersey.apache.connector.ApacheConnector.apply(ApacheConnector.java:481)
	at org.glassfish.jersey.apache.connector.ApacheConnector$1.run(ApacheConnector.java:491)
	at java.util.concurrent.Executors$RunnableAdapter.call(Executors.java:511)
	at java.util.concurrent.FutureTask.run(FutureTask.java:266)
	at jersey.repackaged.com.google.common.util.concurrent.MoreExecutors$DirectExecutorService.execute(MoreExecutors.java:299)
	at java.util.concurrent.AbstractExecutorService.submit(AbstractExecutorService.java:112)
	at jersey.repackaged.com.google.common.util.concurrent.AbstractListeningExecutorService.submit(AbstractListeningExecutorService.java:50)
	at jersey.repackaged.com.google.common.util.concurrent.AbstractListeningExecutorService.submit(AbstractListeningExecutorService.java:37)
	at org.glassfish.jersey.apache.connector.ApacheConnector.apply(ApacheConnector.java:487)
	at org.glassfish.jersey.client.ClientRuntime$2.run(ClientRuntime.java:178)
	at org.glassfish.jersey.internal.Errors$1.call(Errors.java:271)
	at org.glassfish.jersey.internal.Errors$1.call(Errors.java:267)
	at org.glassfish.jersey.internal.Errors.process(Errors.java:315)
	at org.glassfish.jersey.internal.Errors.process(Errors.java:297)
	at org.glassfish.jersey.internal.Errors.process(Errors.java:267)
	at org.glassfish.jersey.process.internal.RequestScope.runInScope(RequestScope.java:340)
	at org.glassfish.jersey.client.ClientRuntime$3.run(ClientRuntime.java:210)
	at java.util.concurrent.Executors$RunnableAdapter.call(Executors.java:511)
	at java.util.concurrent.FutureTask.run(FutureTask.java:266)
	at java.util.concurrent.ThreadPoolExecutor.runWorker(ThreadPoolExecutor.java:1142)
	at java.util.concurrent.ThreadPoolExecutor$Worker.run(ThreadPoolExecutor.java:617)
	at java.lang.Thread.run(Thread.java:745)
Caused by: java.io.IOException: No such file or directory
	at jnr.unixsocket.UnixSocketChannel.doConnect(UnixSocketChannel.java:127)
	at jnr.unixsocket.UnixSocketChannel.connect(UnixSocketChannel.java:136)
	at jnr.unixsocket.UnixSocketChannel.connect(UnixSocketChannel.java:223)
	at com.spotify.docker.client.UnixConnectionSocketFactory.connectSocket(UnixConnectionSocketFactory.java:85)
	at org.apache.http.impl.conn.DefaultHttpClientConnectionOperator.connect(DefaultHttpClientConnectionOperator.java:134)
	at org.apache.http.impl.conn.PoolingHttpClientConnectionManager.connect(PoolingHttpClientConnectionManager.java:353)
	at org.apache.http.impl.execchain.MainClientExec.establishRoute(MainClientExec.java:380)
	at org.apache.http.impl.execchain.MainClientExec.execute(MainClientExec.java:236)
	at org.apache.http.impl.execchain.ProtocolExec.execute(ProtocolExec.java:184)
	at org.apache.http.impl.execchain.RetryExec.execute(RetryExec.java:88)
	at org.apache.http.impl.execchain.RedirectExec.execute(RedirectExec.java:110)
	at org.apache.http.impl.client.InternalHttpClient.doExecute(InternalHttpClient.java:184)
	at org.apache.http.impl.client.CloseableHttpClient.execute(CloseableHttpClient.java:71)
	at org.glassfish.jersey.apache.connector.ApacheConnector.apply(ApacheConnector.java:435)
	... 21 more
</error>
    <system-err>Jun 02, 2018 7:44:41 AM org.apache.http.impl.execchain.RetryExec execute
INFO: I/O exception (java.io.IOException) caught when processing request to {}-&gt;unix://localhost:80: No such file or directory
Jun 02, 2018 7:44:41 AM org.apache.http.impl.execchain.RetryExec execute
INFO: Retrying request to {}-&gt;unix://localhost:80
Jun 02, 2018 7:44:41 AM org.apache.http.impl.execchain.RetryExec execute
INFO: I/O exception (java.io.IOException) caught when processing request to {}-&gt;unix://localhost:80: No such file or directory
Jun 02, 2018 7:44:41 AM org.apache.http.impl.execchain.RetryExec execute
INFO: Retrying request to {}-&gt;unix://localhost:80
Jun 02, 2018 7:44:41 AM org.apache.http.impl.execchain.RetryExec execute
INFO: I/O exception (java.io.IOException) caught when processing request to {}-&gt;unix://localhost:80: No such file or directory
Jun 02, 2018 7:44:41 AM org.apache.http.impl.execchain.RetryExec execute
INFO: Retrying request to {}-&gt;unix://localhost:80
</system-err>
  </testcase>
  <testcase classname="com.spotify.docker.client.DefaultDockerClientTest" name="testInspectImage" time="0.028">
    <error type="java.lang.NullPointerException">java.lang.NullPointerException
	at com.spotify.docker.client.VersionCompare.compareVersion(VersionCompare.java:45)
	at com.spotify.docker.client.DefaultDockerClientTest.dockerApiVersionAtLeast(DefaultDockerClientTest.java:404)
	at com.spotify.docker.client.DefaultDockerClientTest.tearDown(DefaultDockerClientTest.java:356)
	at sun.reflect.GeneratedMethodAccessor11.invoke(Unknown Source)
	at sun.reflect.DelegatingMethodAccessorImpl.invoke(DelegatingMethodAccessorImpl.java:43)
	at java.lang.reflect.Method.invoke(Method.java:498)
	at org.junit.runners.model.FrameworkMethod$1.runReflectiveCall(FrameworkMethod.java:50)
	at org.junit.internal.runners.model.ReflectiveCallable.run(ReflectiveCallable.java:12)
	at org.junit.runners.model.FrameworkMethod.invokeExplosively(FrameworkMethod.java:47)
	at org.junit.internal.runners.statements.RunAfters.evaluate(RunAfters.java:33)
	at org.junit.rules.ExpectedException$ExpectedExceptionStatement.evaluate(ExpectedException.java:239)
	at org.junit.rules.TestWatcher$1.evaluate(TestWatcher.java:55)
	at org.junit.rules.RunRules.evaluate(RunRules.java:20)
	at org.junit.runners.ParentRunner.runLeaf(ParentRunner.java:325)
	at org.junit.runners.BlockJUnit4ClassRunner.runChild(BlockJUnit4ClassRunner.java:78)
	at org.junit.runners.BlockJUnit4ClassRunner.runChild(BlockJUnit4ClassRunner.java:57)
	at org.junit.runners.ParentRunner$3.run(ParentRunner.java:290)
	at org.junit.runners.ParentRunner$1.schedule(ParentRunner.java:71)
	at org.junit.runners.ParentRunner.runChildren(ParentRunner.java:288)
	at org.junit.runners.ParentRunner.access$000(ParentRunner.java:58)
	at org.junit.runners.ParentRunner$2.evaluate(ParentRunner.java:268)
	at org.junit.runners.ParentRunner.run(ParentRunner.java:363)
	at org.apache.maven.surefire.junit4.JUnit4Provider.execute(JUnit4Provider.java:252)
	at org.apache.maven.surefire.junit4.JUnit4Provider.executeTestSet(JUnit4Provider.java:141)
	at org.apache.maven.surefire.junit4.JUnit4Provider.invoke(JUnit4Provider.java:112)
	at sun.reflect.NativeMethodAccessorImpl.invoke0(Native Method)
	at sun.reflect.NativeMethodAccessorImpl.invoke(NativeMethodAccessorImpl.java:62)
	at sun.reflect.DelegatingMethodAccessorImpl.invoke(DelegatingMethodAccessorImpl.java:43)
	at java.lang.reflect.Method.invoke(Method.java:498)
	at org.apache.maven.surefire.util.ReflectionUtils.invokeMethodWithArray(ReflectionUtils.java:189)
	at org.apache.maven.surefire.booter.ProviderFactory$ProviderProxy.invoke(ProviderFactory.java:165)
	at org.apache.maven.surefire.booter.ProviderFactory.invokeProvider(ProviderFactory.java:85)
	at org.apache.maven.surefire.booter.ForkedBooter.runSuitesInProcess(ForkedBooter.java:115)
	at org.apache.maven.surefire.booter.ForkedBooter.main(ForkedBooter.java:75)
</error>
  </testcase>
  <testcase classname="com.spotify.docker.client.DefaultDockerClientTest" name="testInspectSwarm" time="0.026">
    <error message="java.util.concurrent.ExecutionException: javax.ws.rs.ProcessingException: java.io.IOException: No such file or directory" type="com.spotify.docker.client.exceptions.DockerException">com.spotify.docker.client.exceptions.DockerException: java.util.concurrent.ExecutionException: javax.ws.rs.ProcessingException: java.io.IOException: No such file or directory
	at com.spotify.docker.client.DefaultDockerClient.propagate(DefaultDockerClient.java:2812)
	at com.spotify.docker.client.DefaultDockerClient.request(DefaultDockerClient.java:2676)
	at com.spotify.docker.client.DefaultDockerClient.version(DefaultDockerClient.java:572)
	at com.spotify.docker.client.DefaultDockerClientTest.setup(DefaultDockerClientTest.java:349)
	at sun.reflect.GeneratedMethodAccessor10.invoke(Unknown Source)
	at sun.reflect.DelegatingMethodAccessorImpl.invoke(DelegatingMethodAccessorImpl.java:43)
	at java.lang.reflect.Method.invoke(Method.java:498)
	at org.junit.runners.model.FrameworkMethod$1.runReflectiveCall(FrameworkMethod.java:50)
	at org.junit.internal.runners.model.ReflectiveCallable.run(ReflectiveCallable.java:12)
	at org.junit.runners.model.FrameworkMethod.invokeExplosively(FrameworkMethod.java:47)
	at org.junit.internal.runners.statements.RunBefores.evaluate(RunBefores.java:24)
	at org.junit.internal.runners.statements.RunAfters.evaluate(RunAfters.java:27)
	at org.junit.rules.ExpectedException$ExpectedExceptionStatement.evaluate(ExpectedException.java:239)
	at org.junit.rules.TestWatcher$1.evaluate(TestWatcher.java:55)
	at org.junit.rules.RunRules.evaluate(RunRules.java:20)
	at org.junit.runners.ParentRunner.runLeaf(ParentRunner.java:325)
	at org.junit.runners.BlockJUnit4ClassRunner.runChild(BlockJUnit4ClassRunner.java:78)
	at org.junit.runners.BlockJUnit4ClassRunner.runChild(BlockJUnit4ClassRunner.java:57)
	at org.junit.runners.ParentRunner$3.run(ParentRunner.java:290)
	at org.junit.runners.ParentRunner$1.schedule(ParentRunner.java:71)
	at org.junit.runners.ParentRunner.runChildren(ParentRunner.java:288)
	at org.junit.runners.ParentRunner.access$000(ParentRunner.java:58)
	at org.junit.runners.ParentRunner$2.evaluate(ParentRunner.java:268)
	at org.junit.runners.ParentRunner.run(ParentRunner.java:363)
	at org.apache.maven.surefire.junit4.JUnit4Provider.execute(JUnit4Provider.java:252)
	at org.apache.maven.surefire.junit4.JUnit4Provider.executeTestSet(JUnit4Provider.java:141)
	at org.apache.maven.surefire.junit4.JUnit4Provider.invoke(JUnit4Provider.java:112)
	at sun.reflect.NativeMethodAccessorImpl.invoke0(Native Method)
	at sun.reflect.NativeMethodAccessorImpl.invoke(NativeMethodAccessorImpl.java:62)
	at sun.reflect.DelegatingMethodAccessorImpl.invoke(DelegatingMethodAccessorImpl.java:43)
	at java.lang.reflect.Method.invoke(Method.java:498)
	at org.apache.maven.surefire.util.ReflectionUtils.invokeMethodWithArray(ReflectionUtils.java:189)
	at org.apache.maven.surefire.booter.ProviderFactory$ProviderProxy.invoke(ProviderFactory.java:165)
	at org.apache.maven.surefire.booter.ProviderFactory.invokeProvider(ProviderFactory.java:85)
	at org.apache.maven.surefire.booter.ForkedBooter.runSuitesInProcess(ForkedBooter.java:115)
	at org.apache.maven.surefire.booter.ForkedBooter.main(ForkedBooter.java:75)
Caused by: java.util.concurrent.ExecutionException: javax.ws.rs.ProcessingException: java.io.IOException: No such file or directory
	at jersey.repackaged.com.google.common.util.concurrent.AbstractFuture$Sync.getValue(AbstractFuture.java:299)
	at jersey.repackaged.com.google.common.util.concurrent.AbstractFuture$Sync.get(AbstractFuture.java:286)
	at jersey.repackaged.com.google.common.util.concurrent.AbstractFuture.get(AbstractFuture.java:116)
	at com.spotify.docker.client.DefaultDockerClient.request(DefaultDockerClient.java:2674)
	... 34 more
Caused by: javax.ws.rs.ProcessingException: java.io.IOException: No such file or directory
	at org.glassfish.jersey.apache.connector.ApacheConnector.apply(ApacheConnector.java:481)
	at org.glassfish.jersey.apache.connector.ApacheConnector$1.run(ApacheConnector.java:491)
	at java.util.concurrent.Executors$RunnableAdapter.call(Executors.java:511)
	at java.util.concurrent.FutureTask.run(FutureTask.java:266)
	at jersey.repackaged.com.google.common.util.concurrent.MoreExecutors$DirectExecutorService.execute(MoreExecutors.java:299)
	at java.util.concurrent.AbstractExecutorService.submit(AbstractExecutorService.java:112)
	at jersey.repackaged.com.google.common.util.concurrent.AbstractListeningExecutorService.submit(AbstractListeningExecutorService.java:50)
	at jersey.repackaged.com.google.common.util.concurrent.AbstractListeningExecutorService.submit(AbstractListeningExecutorService.java:37)
	at org.glassfish.jersey.apache.connector.ApacheConnector.apply(ApacheConnector.java:487)
	at org.glassfish.jersey.client.ClientRuntime$2.run(ClientRuntime.java:178)
	at org.glassfish.jersey.internal.Errors$1.call(Errors.java:271)
	at org.glassfish.jersey.internal.Errors$1.call(Errors.java:267)
	at org.glassfish.jersey.internal.Errors.process(Errors.java:315)
	at org.glassfish.jersey.internal.Errors.process(Errors.java:297)
	at org.glassfish.jersey.internal.Errors.process(Errors.java:267)
	at org.glassfish.jersey.process.internal.RequestScope.runInScope(RequestScope.java:340)
	at org.glassfish.jersey.client.ClientRuntime$3.run(ClientRuntime.java:210)
	at java.util.concurrent.Executors$RunnableAdapter.call(Executors.java:511)
	at java.util.concurrent.FutureTask.run(FutureTask.java:266)
	at java.util.concurrent.ThreadPoolExecutor.runWorker(ThreadPoolExecutor.java:1142)
	at java.util.concurrent.ThreadPoolExecutor$Worker.run(ThreadPoolExecutor.java:617)
	at java.lang.Thread.run(Thread.java:745)
Caused by: java.io.IOException: No such file or directory
	at jnr.unixsocket.UnixSocketChannel.doConnect(UnixSocketChannel.java:127)
	at jnr.unixsocket.UnixSocketChannel.connect(UnixSocketChannel.java:136)
	at jnr.unixsocket.UnixSocketChannel.connect(UnixSocketChannel.java:223)
	at com.spotify.docker.client.UnixConnectionSocketFactory.connectSocket(UnixConnectionSocketFactory.java:85)
	at org.apache.http.impl.conn.DefaultHttpClientConnectionOperator.connect(DefaultHttpClientConnectionOperator.java:134)
	at org.apache.http.impl.conn.PoolingHttpClientConnectionManager.connect(PoolingHttpClientConnectionManager.java:353)
	at org.apache.http.impl.execchain.MainClientExec.establishRoute(MainClientExec.java:380)
	at org.apache.http.impl.execchain.MainClientExec.execute(MainClientExec.java:236)
	at org.apache.http.impl.execchain.ProtocolExec.execute(ProtocolExec.java:184)
	at org.apache.http.impl.execchain.RetryExec.execute(RetryExec.java:88)
	at org.apache.http.impl.execchain.RedirectExec.execute(RedirectExec.java:110)
	at org.apache.http.impl.client.InternalHttpClient.doExecute(InternalHttpClient.java:184)
	at org.apache.http.impl.client.CloseableHttpClient.execute(CloseableHttpClient.java:71)
	at org.glassfish.jersey.apache.connector.ApacheConnector.apply(ApacheConnector.java:435)
	... 21 more
</error>
    <system-err>Jun 02, 2018 7:44:41 AM org.apache.http.impl.execchain.RetryExec execute
INFO: I/O exception (java.io.IOException) caught when processing request to {}-&gt;unix://localhost:80: No such file or directory
Jun 02, 2018 7:44:41 AM org.apache.http.impl.execchain.RetryExec execute
INFO: Retrying request to {}-&gt;unix://localhost:80
Jun 02, 2018 7:44:41 AM org.apache.http.impl.execchain.RetryExec execute
INFO: I/O exception (java.io.IOException) caught when processing request to {}-&gt;unix://localhost:80: No such file or directory
Jun 02, 2018 7:44:41 AM org.apache.http.impl.execchain.RetryExec execute
INFO: Retrying request to {}-&gt;unix://localhost:80
Jun 02, 2018 7:44:41 AM org.apache.http.impl.execchain.RetryExec execute
INFO: I/O exception (java.io.IOException) caught when processing request to {}-&gt;unix://localhost:80: No such file or directory
Jun 02, 2018 7:44:41 AM org.apache.http.impl.execchain.RetryExec execute
INFO: Retrying request to {}-&gt;unix://localhost:80
</system-err>
  </testcase>
  <testcase classname="com.spotify.docker.client.DefaultDockerClientTest" name="testInspectSwarm" time="0.027">
    <error type="java.lang.NullPointerException">java.lang.NullPointerException
	at com.spotify.docker.client.VersionCompare.compareVersion(VersionCompare.java:45)
	at com.spotify.docker.client.DefaultDockerClientTest.dockerApiVersionAtLeast(DefaultDockerClientTest.java:404)
	at com.spotify.docker.client.DefaultDockerClientTest.tearDown(DefaultDockerClientTest.java:356)
	at sun.reflect.GeneratedMethodAccessor11.invoke(Unknown Source)
	at sun.reflect.DelegatingMethodAccessorImpl.invoke(DelegatingMethodAccessorImpl.java:43)
	at java.lang.reflect.Method.invoke(Method.java:498)
	at org.junit.runners.model.FrameworkMethod$1.runReflectiveCall(FrameworkMethod.java:50)
	at org.junit.internal.runners.model.ReflectiveCallable.run(ReflectiveCallable.java:12)
	at org.junit.runners.model.FrameworkMethod.invokeExplosively(FrameworkMethod.java:47)
	at org.junit.internal.runners.statements.RunAfters.evaluate(RunAfters.java:33)
	at org.junit.rules.ExpectedException$ExpectedExceptionStatement.evaluate(ExpectedException.java:239)
	at org.junit.rules.TestWatcher$1.evaluate(TestWatcher.java:55)
	at org.junit.rules.RunRules.evaluate(RunRules.java:20)
	at org.junit.runners.ParentRunner.runLeaf(ParentRunner.java:325)
	at org.junit.runners.BlockJUnit4ClassRunner.runChild(BlockJUnit4ClassRunner.java:78)
	at org.junit.runners.BlockJUnit4ClassRunner.runChild(BlockJUnit4ClassRunner.java:57)
	at org.junit.runners.ParentRunner$3.run(ParentRunner.java:290)
	at org.junit.runners.ParentRunner$1.schedule(ParentRunner.java:71)
	at org.junit.runners.ParentRunner.runChildren(ParentRunner.java:288)
	at org.junit.runners.ParentRunner.access$000(ParentRunner.java:58)
	at org.junit.runners.ParentRunner$2.evaluate(ParentRunner.java:268)
	at org.junit.runners.ParentRunner.run(ParentRunner.java:363)
	at org.apache.maven.surefire.junit4.JUnit4Provider.execute(JUnit4Provider.java:252)
	at org.apache.maven.surefire.junit4.JUnit4Provider.executeTestSet(JUnit4Provider.java:141)
	at org.apache.maven.surefire.junit4.JUnit4Provider.invoke(JUnit4Provider.java:112)
	at sun.reflect.NativeMethodAccessorImpl.invoke0(Native Method)
	at sun.reflect.NativeMethodAccessorImpl.invoke(NativeMethodAccessorImpl.java:62)
	at sun.reflect.DelegatingMethodAccessorImpl.invoke(DelegatingMethodAccessorImpl.java:43)
	at java.lang.reflect.Method.invoke(Method.java:498)
	at org.apache.maven.surefire.util.ReflectionUtils.invokeMethodWithArray(ReflectionUtils.java:189)
	at org.apache.maven.surefire.booter.ProviderFactory$ProviderProxy.invoke(ProviderFactory.java:165)
	at org.apache.maven.surefire.booter.ProviderFactory.invokeProvider(ProviderFactory.java:85)
	at org.apache.maven.surefire.booter.ForkedBooter.runSuitesInProcess(ForkedBooter.java:115)
	at org.apache.maven.surefire.booter.ForkedBooter.main(ForkedBooter.java:75)
</error>
  </testcase>
  <testcase classname="com.spotify.docker.client.DefaultDockerClientTest" name="interruptTest" time="0.028">
    <error message="java.util.concurrent.ExecutionException: javax.ws.rs.ProcessingException: java.io.IOException: No such file or directory" type="com.spotify.docker.client.exceptions.DockerException">com.spotify.docker.client.exceptions.DockerException: java.util.concurrent.ExecutionException: javax.ws.rs.ProcessingException: java.io.IOException: No such file or directory
	at com.spotify.docker.client.DefaultDockerClient.propagate(DefaultDockerClient.java:2812)
	at com.spotify.docker.client.DefaultDockerClient.request(DefaultDockerClient.java:2676)
	at com.spotify.docker.client.DefaultDockerClient.version(DefaultDockerClient.java:572)
	at com.spotify.docker.client.DefaultDockerClientTest.setup(DefaultDockerClientTest.java:349)
	at sun.reflect.GeneratedMethodAccessor10.invoke(Unknown Source)
	at sun.reflect.DelegatingMethodAccessorImpl.invoke(DelegatingMethodAccessorImpl.java:43)
	at java.lang.reflect.Method.invoke(Method.java:498)
	at org.junit.runners.model.FrameworkMethod$1.runReflectiveCall(FrameworkMethod.java:50)
	at org.junit.internal.runners.model.ReflectiveCallable.run(ReflectiveCallable.java:12)
	at org.junit.runners.model.FrameworkMethod.invokeExplosively(FrameworkMethod.java:47)
	at org.junit.internal.runners.statements.RunBefores.evaluate(RunBefores.java:24)
	at org.junit.internal.runners.statements.RunAfters.evaluate(RunAfters.java:27)
	at org.junit.rules.ExpectedException$ExpectedExceptionStatement.evaluate(ExpectedException.java:239)
	at org.junit.rules.TestWatcher$1.evaluate(TestWatcher.java:55)
	at org.junit.rules.RunRules.evaluate(RunRules.java:20)
	at org.junit.runners.ParentRunner.runLeaf(ParentRunner.java:325)
	at org.junit.runners.BlockJUnit4ClassRunner.runChild(BlockJUnit4ClassRunner.java:78)
	at org.junit.runners.BlockJUnit4ClassRunner.runChild(BlockJUnit4ClassRunner.java:57)
	at org.junit.runners.ParentRunner$3.run(ParentRunner.java:290)
	at org.junit.runners.ParentRunner$1.schedule(ParentRunner.java:71)
	at org.junit.runners.ParentRunner.runChildren(ParentRunner.java:288)
	at org.junit.runners.ParentRunner.access$000(ParentRunner.java:58)
	at org.junit.runners.ParentRunner$2.evaluate(ParentRunner.java:268)
	at org.junit.runners.ParentRunner.run(ParentRunner.java:363)
	at org.apache.maven.surefire.junit4.JUnit4Provider.execute(JUnit4Provider.java:252)
	at org.apache.maven.surefire.junit4.JUnit4Provider.executeTestSet(JUnit4Provider.java:141)
	at org.apache.maven.surefire.junit4.JUnit4Provider.invoke(JUnit4Provider.java:112)
	at sun.reflect.NativeMethodAccessorImpl.invoke0(Native Method)
	at sun.reflect.NativeMethodAccessorImpl.invoke(NativeMethodAccessorImpl.java:62)
	at sun.reflect.DelegatingMethodAccessorImpl.invoke(DelegatingMethodAccessorImpl.java:43)
	at java.lang.reflect.Method.invoke(Method.java:498)
	at org.apache.maven.surefire.util.ReflectionUtils.invokeMethodWithArray(ReflectionUtils.java:189)
	at org.apache.maven.surefire.booter.ProviderFactory$ProviderProxy.invoke(ProviderFactory.java:165)
	at org.apache.maven.surefire.booter.ProviderFactory.invokeProvider(ProviderFactory.java:85)
	at org.apache.maven.surefire.booter.ForkedBooter.runSuitesInProcess(ForkedBooter.java:115)
	at org.apache.maven.surefire.booter.ForkedBooter.main(ForkedBooter.java:75)
Caused by: java.util.concurrent.ExecutionException: javax.ws.rs.ProcessingException: java.io.IOException: No such file or directory
	at jersey.repackaged.com.google.common.util.concurrent.AbstractFuture$Sync.getValue(AbstractFuture.java:299)
	at jersey.repackaged.com.google.common.util.concurrent.AbstractFuture$Sync.get(AbstractFuture.java:286)
	at jersey.repackaged.com.google.common.util.concurrent.AbstractFuture.get(AbstractFuture.java:116)
	at com.spotify.docker.client.DefaultDockerClient.request(DefaultDockerClient.java:2674)
	... 34 more
Caused by: javax.ws.rs.ProcessingException: java.io.IOException: No such file or directory
	at org.glassfish.jersey.apache.connector.ApacheConnector.apply(ApacheConnector.java:481)
	at org.glassfish.jersey.apache.connector.ApacheConnector$1.run(ApacheConnector.java:491)
	at java.util.concurrent.Executors$RunnableAdapter.call(Executors.java:511)
	at java.util.concurrent.FutureTask.run(FutureTask.java:266)
	at jersey.repackaged.com.google.common.util.concurrent.MoreExecutors$DirectExecutorService.execute(MoreExecutors.java:299)
	at java.util.concurrent.AbstractExecutorService.submit(AbstractExecutorService.java:112)
	at jersey.repackaged.com.google.common.util.concurrent.AbstractListeningExecutorService.submit(AbstractListeningExecutorService.java:50)
	at jersey.repackaged.com.google.common.util.concurrent.AbstractListeningExecutorService.submit(AbstractListeningExecutorService.java:37)
	at org.glassfish.jersey.apache.connector.ApacheConnector.apply(ApacheConnector.java:487)
	at org.glassfish.jersey.client.ClientRuntime$2.run(ClientRuntime.java:178)
	at org.glassfish.jersey.internal.Errors$1.call(Errors.java:271)
	at org.glassfish.jersey.internal.Errors$1.call(Errors.java:267)
	at org.glassfish.jersey.internal.Errors.process(Errors.java:315)
	at org.glassfish.jersey.internal.Errors.process(Errors.java:297)
	at org.glassfish.jersey.internal.Errors.process(Errors.java:267)
	at org.glassfish.jersey.process.internal.RequestScope.runInScope(RequestScope.java:340)
	at org.glassfish.jersey.client.ClientRuntime$3.run(ClientRuntime.java:210)
	at java.util.concurrent.Executors$RunnableAdapter.call(Executors.java:511)
	at java.util.concurrent.FutureTask.run(FutureTask.java:266)
	at java.util.concurrent.ThreadPoolExecutor.runWorker(ThreadPoolExecutor.java:1142)
	at java.util.concurrent.ThreadPoolExecutor$Worker.run(ThreadPoolExecutor.java:617)
	at java.lang.Thread.run(Thread.java:745)
Caused by: java.io.IOException: No such file or directory
	at jnr.unixsocket.UnixSocketChannel.doConnect(UnixSocketChannel.java:127)
	at jnr.unixsocket.UnixSocketChannel.connect(UnixSocketChannel.java:136)
	at jnr.unixsocket.UnixSocketChannel.connect(UnixSocketChannel.java:223)
	at com.spotify.docker.client.UnixConnectionSocketFactory.connectSocket(UnixConnectionSocketFactory.java:85)
	at org.apache.http.impl.conn.DefaultHttpClientConnectionOperator.connect(DefaultHttpClientConnectionOperator.java:134)
	at org.apache.http.impl.conn.PoolingHttpClientConnectionManager.connect(PoolingHttpClientConnectionManager.java:353)
	at org.apache.http.impl.execchain.MainClientExec.establishRoute(MainClientExec.java:380)
	at org.apache.http.impl.execchain.MainClientExec.execute(MainClientExec.java:236)
	at org.apache.http.impl.execchain.ProtocolExec.execute(ProtocolExec.java:184)
	at org.apache.http.impl.execchain.RetryExec.execute(RetryExec.java:88)
	at org.apache.http.impl.execchain.RedirectExec.execute(RedirectExec.java:110)
	at org.apache.http.impl.client.InternalHttpClient.doExecute(InternalHttpClient.java:184)
	at org.apache.http.impl.client.CloseableHttpClient.execute(CloseableHttpClient.java:71)
	at org.glassfish.jersey.apache.connector.ApacheConnector.apply(ApacheConnector.java:435)
	... 21 more
</error>
    <system-err>Jun 02, 2018 7:44:41 AM org.apache.http.impl.execchain.RetryExec execute
INFO: I/O exception (java.io.IOException) caught when processing request to {}-&gt;unix://localhost:80: No such file or directory
Jun 02, 2018 7:44:41 AM org.apache.http.impl.execchain.RetryExec execute
INFO: Retrying request to {}-&gt;unix://localhost:80
Jun 02, 2018 7:44:41 AM org.apache.http.impl.execchain.RetryExec execute
INFO: I/O exception (java.io.IOException) caught when processing request to {}-&gt;unix://localhost:80: No such file or directory
Jun 02, 2018 7:44:41 AM org.apache.http.impl.execchain.RetryExec execute
INFO: Retrying request to {}-&gt;unix://localhost:80
Jun 02, 2018 7:44:41 AM org.apache.http.impl.execchain.RetryExec execute
INFO: I/O exception (java.io.IOException) caught when processing request to {}-&gt;unix://localhost:80: No such file or directory
Jun 02, 2018 7:44:41 AM org.apache.http.impl.execchain.RetryExec execute
INFO: Retrying request to {}-&gt;unix://localhost:80
</system-err>
  </testcase>
  <testcase classname="com.spotify.docker.client.DefaultDockerClientTest" name="interruptTest" time="0.028">
    <error type="java.lang.NullPointerException">java.lang.NullPointerException
	at com.spotify.docker.client.VersionCompare.compareVersion(VersionCompare.java:45)
	at com.spotify.docker.client.DefaultDockerClientTest.dockerApiVersionAtLeast(DefaultDockerClientTest.java:404)
	at com.spotify.docker.client.DefaultDockerClientTest.tearDown(DefaultDockerClientTest.java:356)
	at sun.reflect.GeneratedMethodAccessor11.invoke(Unknown Source)
	at sun.reflect.DelegatingMethodAccessorImpl.invoke(DelegatingMethodAccessorImpl.java:43)
	at java.lang.reflect.Method.invoke(Method.java:498)
	at org.junit.runners.model.FrameworkMethod$1.runReflectiveCall(FrameworkMethod.java:50)
	at org.junit.internal.runners.model.ReflectiveCallable.run(ReflectiveCallable.java:12)
	at org.junit.runners.model.FrameworkMethod.invokeExplosively(FrameworkMethod.java:47)
	at org.junit.internal.runners.statements.RunAfters.evaluate(RunAfters.java:33)
	at org.junit.rules.ExpectedException$ExpectedExceptionStatement.evaluate(ExpectedException.java:239)
	at org.junit.rules.TestWatcher$1.evaluate(TestWatcher.java:55)
	at org.junit.rules.RunRules.evaluate(RunRules.java:20)
	at org.junit.runners.ParentRunner.runLeaf(ParentRunner.java:325)
	at org.junit.runners.BlockJUnit4ClassRunner.runChild(BlockJUnit4ClassRunner.java:78)
	at org.junit.runners.BlockJUnit4ClassRunner.runChild(BlockJUnit4ClassRunner.java:57)
	at org.junit.runners.ParentRunner$3.run(ParentRunner.java:290)
	at org.junit.runners.ParentRunner$1.schedule(ParentRunner.java:71)
	at org.junit.runners.ParentRunner.runChildren(ParentRunner.java:288)
	at org.junit.runners.ParentRunner.access$000(ParentRunner.java:58)
	at org.junit.runners.ParentRunner$2.evaluate(ParentRunner.java:268)
	at org.junit.runners.ParentRunner.run(ParentRunner.java:363)
	at org.apache.maven.surefire.junit4.JUnit4Provider.execute(JUnit4Provider.java:252)
	at org.apache.maven.surefire.junit4.JUnit4Provider.executeTestSet(JUnit4Provider.java:141)
	at org.apache.maven.surefire.junit4.JUnit4Provider.invoke(JUnit4Provider.java:112)
	at sun.reflect.NativeMethodAccessorImpl.invoke0(Native Method)
	at sun.reflect.NativeMethodAccessorImpl.invoke(NativeMethodAccessorImpl.java:62)
	at sun.reflect.DelegatingMethodAccessorImpl.invoke(DelegatingMethodAccessorImpl.java:43)
	at java.lang.reflect.Method.invoke(Method.java:498)
	at org.apache.maven.surefire.util.ReflectionUtils.invokeMethodWithArray(ReflectionUtils.java:189)
	at org.apache.maven.surefire.booter.ProviderFactory$ProviderProxy.invoke(ProviderFactory.java:165)
	at org.apache.maven.surefire.booter.ProviderFactory.invokeProvider(ProviderFactory.java:85)
	at org.apache.maven.surefire.booter.ForkedBooter.runSuitesInProcess(ForkedBooter.java:115)
	at org.apache.maven.surefire.booter.ForkedBooter.main(ForkedBooter.java:75)
</error>
  </testcase>
  <testcase classname="com.spotify.docker.client.DefaultDockerClientTest" name="testListContainers" time="0.104">
    <error message="java.util.concurrent.ExecutionException: javax.ws.rs.ProcessingException: java.io.IOException: No such file or directory" type="com.spotify.docker.client.exceptions.DockerException">com.spotify.docker.client.exceptions.DockerException: java.util.concurrent.ExecutionException: javax.ws.rs.ProcessingException: java.io.IOException: No such file or directory
	at com.spotify.docker.client.DefaultDockerClient.propagate(DefaultDockerClient.java:2812)
	at com.spotify.docker.client.DefaultDockerClient.request(DefaultDockerClient.java:2676)
	at com.spotify.docker.client.DefaultDockerClient.version(DefaultDockerClient.java:572)
	at com.spotify.docker.client.DefaultDockerClientTest.setup(DefaultDockerClientTest.java:349)
	at sun.reflect.GeneratedMethodAccessor10.invoke(Unknown Source)
	at sun.reflect.DelegatingMethodAccessorImpl.invoke(DelegatingMethodAccessorImpl.java:43)
	at java.lang.reflect.Method.invoke(Method.java:498)
	at org.junit.runners.model.FrameworkMethod$1.runReflectiveCall(FrameworkMethod.java:50)
	at org.junit.internal.runners.model.ReflectiveCallable.run(ReflectiveCallable.java:12)
	at org.junit.runners.model.FrameworkMethod.invokeExplosively(FrameworkMethod.java:47)
	at org.junit.internal.runners.statements.RunBefores.evaluate(RunBefores.java:24)
	at org.junit.internal.runners.statements.RunAfters.evaluate(RunAfters.java:27)
	at org.junit.rules.ExpectedException$ExpectedExceptionStatement.evaluate(ExpectedException.java:239)
	at org.junit.rules.TestWatcher$1.evaluate(TestWatcher.java:55)
	at org.junit.rules.RunRules.evaluate(RunRules.java:20)
	at org.junit.runners.ParentRunner.runLeaf(ParentRunner.java:325)
	at org.junit.runners.BlockJUnit4ClassRunner.runChild(BlockJUnit4ClassRunner.java:78)
	at org.junit.runners.BlockJUnit4ClassRunner.runChild(BlockJUnit4ClassRunner.java:57)
	at org.junit.runners.ParentRunner$3.run(ParentRunner.java:290)
	at org.junit.runners.ParentRunner$1.schedule(ParentRunner.java:71)
	at org.junit.runners.ParentRunner.runChildren(ParentRunner.java:288)
	at org.junit.runners.ParentRunner.access$000(ParentRunner.java:58)
	at org.junit.runners.ParentRunner$2.evaluate(ParentRunner.java:268)
	at org.junit.runners.ParentRunner.run(ParentRunner.java:363)
	at org.apache.maven.surefire.junit4.JUnit4Provider.execute(JUnit4Provider.java:252)
	at org.apache.maven.surefire.junit4.JUnit4Provider.executeTestSet(JUnit4Provider.java:141)
	at org.apache.maven.surefire.junit4.JUnit4Provider.invoke(JUnit4Provider.java:112)
	at sun.reflect.NativeMethodAccessorImpl.invoke0(Native Method)
	at sun.reflect.NativeMethodAccessorImpl.invoke(NativeMethodAccessorImpl.java:62)
	at sun.reflect.DelegatingMethodAccessorImpl.invoke(DelegatingMethodAccessorImpl.java:43)
	at java.lang.reflect.Method.invoke(Method.java:498)
	at org.apache.maven.surefire.util.ReflectionUtils.invokeMethodWithArray(ReflectionUtils.java:189)
	at org.apache.maven.surefire.booter.ProviderFactory$ProviderProxy.invoke(ProviderFactory.java:165)
	at org.apache.maven.surefire.booter.ProviderFactory.invokeProvider(ProviderFactory.java:85)
	at org.apache.maven.surefire.booter.ForkedBooter.runSuitesInProcess(ForkedBooter.java:115)
	at org.apache.maven.surefire.booter.ForkedBooter.main(ForkedBooter.java:75)
Caused by: java.util.concurrent.ExecutionException: javax.ws.rs.ProcessingException: java.io.IOException: No such file or directory
	at jersey.repackaged.com.google.common.util.concurrent.AbstractFuture$Sync.getValue(AbstractFuture.java:299)
	at jersey.repackaged.com.google.common.util.concurrent.AbstractFuture$Sync.get(AbstractFuture.java:286)
	at jersey.repackaged.com.google.common.util.concurrent.AbstractFuture.get(AbstractFuture.java:116)
	at com.spotify.docker.client.DefaultDockerClient.request(DefaultDockerClient.java:2674)
	... 34 more
Caused by: javax.ws.rs.ProcessingException: java.io.IOException: No such file or directory
	at org.glassfish.jersey.apache.connector.ApacheConnector.apply(ApacheConnector.java:481)
	at org.glassfish.jersey.apache.connector.ApacheConnector$1.run(ApacheConnector.java:491)
	at java.util.concurrent.Executors$RunnableAdapter.call(Executors.java:511)
	at java.util.concurrent.FutureTask.run(FutureTask.java:266)
	at jersey.repackaged.com.google.common.util.concurrent.MoreExecutors$DirectExecutorService.execute(MoreExecutors.java:299)
	at java.util.concurrent.AbstractExecutorService.submit(AbstractExecutorService.java:112)
	at jersey.repackaged.com.google.common.util.concurrent.AbstractListeningExecutorService.submit(AbstractListeningExecutorService.java:50)
	at jersey.repackaged.com.google.common.util.concurrent.AbstractListeningExecutorService.submit(AbstractListeningExecutorService.java:37)
	at org.glassfish.jersey.apache.connector.ApacheConnector.apply(ApacheConnector.java:487)
	at org.glassfish.jersey.client.ClientRuntime$2.run(ClientRuntime.java:178)
	at org.glassfish.jersey.internal.Errors$1.call(Errors.java:271)
	at org.glassfish.jersey.internal.Errors$1.call(Errors.java:267)
	at org.glassfish.jersey.internal.Errors.process(Errors.java:315)
	at org.glassfish.jersey.internal.Errors.process(Errors.java:297)
	at org.glassfish.jersey.internal.Errors.process(Errors.java:267)
	at org.glassfish.jersey.process.internal.RequestScope.runInScope(RequestScope.java:340)
	at org.glassfish.jersey.client.ClientRuntime$3.run(ClientRuntime.java:210)
	at java.util.concurrent.Executors$RunnableAdapter.call(Executors.java:511)
	at java.util.concurrent.FutureTask.run(FutureTask.java:266)
	at java.util.concurrent.ThreadPoolExecutor.runWorker(ThreadPoolExecutor.java:1142)
	at java.util.concurrent.ThreadPoolExecutor$Worker.run(ThreadPoolExecutor.java:617)
	at java.lang.Thread.run(Thread.java:745)
Caused by: java.io.IOException: No such file or directory
	at jnr.unixsocket.UnixSocketChannel.doConnect(UnixSocketChannel.java:127)
	at jnr.unixsocket.UnixSocketChannel.connect(UnixSocketChannel.java:136)
	at jnr.unixsocket.UnixSocketChannel.connect(UnixSocketChannel.java:223)
	at com.spotify.docker.client.UnixConnectionSocketFactory.connectSocket(UnixConnectionSocketFactory.java:85)
	at org.apache.http.impl.conn.DefaultHttpClientConnectionOperator.connect(DefaultHttpClientConnectionOperator.java:134)
	at org.apache.http.impl.conn.PoolingHttpClientConnectionManager.connect(PoolingHttpClientConnectionManager.java:353)
	at org.apache.http.impl.execchain.MainClientExec.establishRoute(MainClientExec.java:380)
	at org.apache.http.impl.execchain.MainClientExec.execute(MainClientExec.java:236)
	at org.apache.http.impl.execchain.ProtocolExec.execute(ProtocolExec.java:184)
	at org.apache.http.impl.execchain.RetryExec.execute(RetryExec.java:88)
	at org.apache.http.impl.execchain.RedirectExec.execute(RedirectExec.java:110)
	at org.apache.http.impl.client.InternalHttpClient.doExecute(InternalHttpClient.java:184)
	at org.apache.http.impl.client.CloseableHttpClient.execute(CloseableHttpClient.java:71)
	at org.glassfish.jersey.apache.connector.ApacheConnector.apply(ApacheConnector.java:435)
	... 21 more
</error>
    <system-err>Jun 02, 2018 7:44:41 AM org.apache.http.impl.execchain.RetryExec execute
INFO: I/O exception (java.io.IOException) caught when processing request to {}-&gt;unix://localhost:80: No such file or directory
Jun 02, 2018 7:44:41 AM org.apache.http.impl.execchain.RetryExec execute
INFO: Retrying request to {}-&gt;unix://localhost:80
Jun 02, 2018 7:44:41 AM org.apache.http.impl.execchain.RetryExec execute
INFO: I/O exception (java.io.IOException) caught when processing request to {}-&gt;unix://localhost:80: No such file or directory
Jun 02, 2018 7:44:41 AM org.apache.http.impl.execchain.RetryExec execute
INFO: Retrying request to {}-&gt;unix://localhost:80
Jun 02, 2018 7:44:41 AM org.apache.http.impl.execchain.RetryExec execute
INFO: I/O exception (java.io.IOException) caught when processing request to {}-&gt;unix://localhost:80: No such file or directory
Jun 02, 2018 7:44:41 AM org.apache.http.impl.execchain.RetryExec execute
INFO: Retrying request to {}-&gt;unix://localhost:80
</system-err>
  </testcase>
  <testcase classname="com.spotify.docker.client.DefaultDockerClientTest" name="testListContainers" time="0.104">
    <error type="java.lang.NullPointerException">java.lang.NullPointerException
	at com.spotify.docker.client.VersionCompare.compareVersion(VersionCompare.java:45)
	at com.spotify.docker.client.DefaultDockerClientTest.dockerApiVersionAtLeast(DefaultDockerClientTest.java:404)
	at com.spotify.docker.client.DefaultDockerClientTest.tearDown(DefaultDockerClientTest.java:356)
	at sun.reflect.GeneratedMethodAccessor11.invoke(Unknown Source)
	at sun.reflect.DelegatingMethodAccessorImpl.invoke(DelegatingMethodAccessorImpl.java:43)
	at java.lang.reflect.Method.invoke(Method.java:498)
	at org.junit.runners.model.FrameworkMethod$1.runReflectiveCall(FrameworkMethod.java:50)
	at org.junit.internal.runners.model.ReflectiveCallable.run(ReflectiveCallable.java:12)
	at org.junit.runners.model.FrameworkMethod.invokeExplosively(FrameworkMethod.java:47)
	at org.junit.internal.runners.statements.RunAfters.evaluate(RunAfters.java:33)
	at org.junit.rules.ExpectedException$ExpectedExceptionStatement.evaluate(ExpectedException.java:239)
	at org.junit.rules.TestWatcher$1.evaluate(TestWatcher.java:55)
	at org.junit.rules.RunRules.evaluate(RunRules.java:20)
	at org.junit.runners.ParentRunner.runLeaf(ParentRunner.java:325)
	at org.junit.runners.BlockJUnit4ClassRunner.runChild(BlockJUnit4ClassRunner.java:78)
	at org.junit.runners.BlockJUnit4ClassRunner.runChild(BlockJUnit4ClassRunner.java:57)
	at org.junit.runners.ParentRunner$3.run(ParentRunner.java:290)
	at org.junit.runners.ParentRunner$1.schedule(ParentRunner.java:71)
	at org.junit.runners.ParentRunner.runChildren(ParentRunner.java:288)
	at org.junit.runners.ParentRunner.access$000(ParentRunner.java:58)
	at org.junit.runners.ParentRunner$2.evaluate(ParentRunner.java:268)
	at org.junit.runners.ParentRunner.run(ParentRunner.java:363)
	at org.apache.maven.surefire.junit4.JUnit4Provider.execute(JUnit4Provider.java:252)
	at org.apache.maven.surefire.junit4.JUnit4Provider.executeTestSet(JUnit4Provider.java:141)
	at org.apache.maven.surefire.junit4.JUnit4Provider.invoke(JUnit4Provider.java:112)
	at sun.reflect.NativeMethodAccessorImpl.invoke0(Native Method)
	at sun.reflect.NativeMethodAccessorImpl.invoke(NativeMethodAccessorImpl.java:62)
	at sun.reflect.DelegatingMethodAccessorImpl.invoke(DelegatingMethodAccessorImpl.java:43)
	at java.lang.reflect.Method.invoke(Method.java:498)
	at org.apache.maven.surefire.util.ReflectionUtils.invokeMethodWithArray(ReflectionUtils.java:189)
	at org.apache.maven.surefire.booter.ProviderFactory$ProviderProxy.invoke(ProviderFactory.java:165)
	at org.apache.maven.surefire.booter.ProviderFactory.invokeProvider(ProviderFactory.java:85)
	at org.apache.maven.surefire.booter.ForkedBooter.runSuitesInProcess(ForkedBooter.java:115)
	at org.apache.maven.surefire.booter.ForkedBooter.main(ForkedBooter.java:75)
</error>
  </testcase>
  <testcase classname="com.spotify.docker.client.DefaultDockerClientTest" name="testInspectContainerWithSecurityOpts" time="0.019">
    <error message="java.util.concurrent.ExecutionException: javax.ws.rs.ProcessingException: java.io.IOException: No such file or directory" type="com.spotify.docker.client.exceptions.DockerException">com.spotify.docker.client.exceptions.DockerException: java.util.concurrent.ExecutionException: javax.ws.rs.ProcessingException: java.io.IOException: No such file or directory
	at com.spotify.docker.client.DefaultDockerClient.propagate(DefaultDockerClient.java:2812)
	at com.spotify.docker.client.DefaultDockerClient.request(DefaultDockerClient.java:2676)
	at com.spotify.docker.client.DefaultDockerClient.version(DefaultDockerClient.java:572)
	at com.spotify.docker.client.DefaultDockerClientTest.setup(DefaultDockerClientTest.java:349)
	at sun.reflect.GeneratedMethodAccessor10.invoke(Unknown Source)
	at sun.reflect.DelegatingMethodAccessorImpl.invoke(DelegatingMethodAccessorImpl.java:43)
	at java.lang.reflect.Method.invoke(Method.java:498)
	at org.junit.runners.model.FrameworkMethod$1.runReflectiveCall(FrameworkMethod.java:50)
	at org.junit.internal.runners.model.ReflectiveCallable.run(ReflectiveCallable.java:12)
	at org.junit.runners.model.FrameworkMethod.invokeExplosively(FrameworkMethod.java:47)
	at org.junit.internal.runners.statements.RunBefores.evaluate(RunBefores.java:24)
	at org.junit.internal.runners.statements.RunAfters.evaluate(RunAfters.java:27)
	at org.junit.rules.ExpectedException$ExpectedExceptionStatement.evaluate(ExpectedException.java:239)
	at org.junit.rules.TestWatcher$1.evaluate(TestWatcher.java:55)
	at org.junit.rules.RunRules.evaluate(RunRules.java:20)
	at org.junit.runners.ParentRunner.runLeaf(ParentRunner.java:325)
	at org.junit.runners.BlockJUnit4ClassRunner.runChild(BlockJUnit4ClassRunner.java:78)
	at org.junit.runners.BlockJUnit4ClassRunner.runChild(BlockJUnit4ClassRunner.java:57)
	at org.junit.runners.ParentRunner$3.run(ParentRunner.java:290)
	at org.junit.runners.ParentRunner$1.schedule(ParentRunner.java:71)
	at org.junit.runners.ParentRunner.runChildren(ParentRunner.java:288)
	at org.junit.runners.ParentRunner.access$000(ParentRunner.java:58)
	at org.junit.runners.ParentRunner$2.evaluate(ParentRunner.java:268)
	at org.junit.runners.ParentRunner.run(ParentRunner.java:363)
	at org.apache.maven.surefire.junit4.JUnit4Provider.execute(JUnit4Provider.java:252)
	at org.apache.maven.surefire.junit4.JUnit4Provider.executeTestSet(JUnit4Provider.java:141)
	at org.apache.maven.surefire.junit4.JUnit4Provider.invoke(JUnit4Provider.java:112)
	at sun.reflect.NativeMethodAccessorImpl.invoke0(Native Method)
	at sun.reflect.NativeMethodAccessorImpl.invoke(NativeMethodAccessorImpl.java:62)
	at sun.reflect.DelegatingMethodAccessorImpl.invoke(DelegatingMethodAccessorImpl.java:43)
	at java.lang.reflect.Method.invoke(Method.java:498)
	at org.apache.maven.surefire.util.ReflectionUtils.invokeMethodWithArray(ReflectionUtils.java:189)
	at org.apache.maven.surefire.booter.ProviderFactory$ProviderProxy.invoke(ProviderFactory.java:165)
	at org.apache.maven.surefire.booter.ProviderFactory.invokeProvider(ProviderFactory.java:85)
	at org.apache.maven.surefire.booter.ForkedBooter.runSuitesInProcess(ForkedBooter.java:115)
	at org.apache.maven.surefire.booter.ForkedBooter.main(ForkedBooter.java:75)
Caused by: java.util.concurrent.ExecutionException: javax.ws.rs.ProcessingException: java.io.IOException: No such file or directory
	at jersey.repackaged.com.google.common.util.concurrent.AbstractFuture$Sync.getValue(AbstractFuture.java:299)
	at jersey.repackaged.com.google.common.util.concurrent.AbstractFuture$Sync.get(AbstractFuture.java:286)
	at jersey.repackaged.com.google.common.util.concurrent.AbstractFuture.get(AbstractFuture.java:116)
	at com.spotify.docker.client.DefaultDockerClient.request(DefaultDockerClient.java:2674)
	... 34 more
Caused by: javax.ws.rs.ProcessingException: java.io.IOException: No such file or directory
	at org.glassfish.jersey.apache.connector.ApacheConnector.apply(ApacheConnector.java:481)
	at org.glassfish.jersey.apache.connector.ApacheConnector$1.run(ApacheConnector.java:491)
	at java.util.concurrent.Executors$RunnableAdapter.call(Executors.java:511)
	at java.util.concurrent.FutureTask.run(FutureTask.java:266)
	at jersey.repackaged.com.google.common.util.concurrent.MoreExecutors$DirectExecutorService.execute(MoreExecutors.java:299)
	at java.util.concurrent.AbstractExecutorService.submit(AbstractExecutorService.java:112)
	at jersey.repackaged.com.google.common.util.concurrent.AbstractListeningExecutorService.submit(AbstractListeningExecutorService.java:50)
	at jersey.repackaged.com.google.common.util.concurrent.AbstractListeningExecutorService.submit(AbstractListeningExecutorService.java:37)
	at org.glassfish.jersey.apache.connector.ApacheConnector.apply(ApacheConnector.java:487)
	at org.glassfish.jersey.client.ClientRuntime$2.run(ClientRuntime.java:178)
	at org.glassfish.jersey.internal.Errors$1.call(Errors.java:271)
	at org.glassfish.jersey.internal.Errors$1.call(Errors.java:267)
	at org.glassfish.jersey.internal.Errors.process(Errors.java:315)
	at org.glassfish.jersey.internal.Errors.process(Errors.java:297)
	at org.glassfish.jersey.internal.Errors.process(Errors.java:267)
	at org.glassfish.jersey.process.internal.RequestScope.runInScope(RequestScope.java:340)
	at org.glassfish.jersey.client.ClientRuntime$3.run(ClientRuntime.java:210)
	at java.util.concurrent.Executors$RunnableAdapter.call(Executors.java:511)
	at java.util.concurrent.FutureTask.run(FutureTask.java:266)
	at java.util.concurrent.ThreadPoolExecutor.runWorker(ThreadPoolExecutor.java:1142)
	at java.util.concurrent.ThreadPoolExecutor$Worker.run(ThreadPoolExecutor.java:617)
	at java.lang.Thread.run(Thread.java:745)
Caused by: java.io.IOException: No such file or directory
	at jnr.unixsocket.UnixSocketChannel.doConnect(UnixSocketChannel.java:127)
	at jnr.unixsocket.UnixSocketChannel.connect(UnixSocketChannel.java:136)
	at jnr.unixsocket.UnixSocketChannel.connect(UnixSocketChannel.java:223)
	at com.spotify.docker.client.UnixConnectionSocketFactory.connectSocket(UnixConnectionSocketFactory.java:85)
	at org.apache.http.impl.conn.DefaultHttpClientConnectionOperator.connect(DefaultHttpClientConnectionOperator.java:134)
	at org.apache.http.impl.conn.PoolingHttpClientConnectionManager.connect(PoolingHttpClientConnectionManager.java:353)
	at org.apache.http.impl.execchain.MainClientExec.establishRoute(MainClientExec.java:380)
	at org.apache.http.impl.execchain.MainClientExec.execute(MainClientExec.java:236)
	at org.apache.http.impl.execchain.ProtocolExec.execute(ProtocolExec.java:184)
	at org.apache.http.impl.execchain.RetryExec.execute(RetryExec.java:88)
	at org.apache.http.impl.execchain.RedirectExec.execute(RedirectExec.java:110)
	at org.apache.http.impl.client.InternalHttpClient.doExecute(InternalHttpClient.java:184)
	at org.apache.http.impl.client.CloseableHttpClient.execute(CloseableHttpClient.java:71)
	at org.glassfish.jersey.apache.connector.ApacheConnector.apply(ApacheConnector.java:435)
	... 21 more
</error>
    <system-err>Jun 02, 2018 7:44:41 AM org.apache.http.impl.execchain.RetryExec execute
INFO: I/O exception (java.io.IOException) caught when processing request to {}-&gt;unix://localhost:80: No such file or directory
Jun 02, 2018 7:44:41 AM org.apache.http.impl.execchain.RetryExec execute
INFO: Retrying request to {}-&gt;unix://localhost:80
Jun 02, 2018 7:44:41 AM org.apache.http.impl.execchain.RetryExec execute
INFO: I/O exception (java.io.IOException) caught when processing request to {}-&gt;unix://localhost:80: No such file or directory
Jun 02, 2018 7:44:41 AM org.apache.http.impl.execchain.RetryExec execute
INFO: Retrying request to {}-&gt;unix://localhost:80
Jun 02, 2018 7:44:41 AM org.apache.http.impl.execchain.RetryExec execute
INFO: I/O exception (java.io.IOException) caught when processing request to {}-&gt;unix://localhost:80: No such file or directory
Jun 02, 2018 7:44:41 AM org.apache.http.impl.execchain.RetryExec execute
INFO: Retrying request to {}-&gt;unix://localhost:80
</system-err>
  </testcase>
  <testcase classname="com.spotify.docker.client.DefaultDockerClientTest" name="testInspectContainerWithSecurityOpts" time="0.019">
    <error type="java.lang.NullPointerException">java.lang.NullPointerException
	at com.spotify.docker.client.VersionCompare.compareVersion(VersionCompare.java:45)
	at com.spotify.docker.client.DefaultDockerClientTest.dockerApiVersionAtLeast(DefaultDockerClientTest.java:404)
	at com.spotify.docker.client.DefaultDockerClientTest.tearDown(DefaultDockerClientTest.java:356)
	at sun.reflect.GeneratedMethodAccessor11.invoke(Unknown Source)
	at sun.reflect.DelegatingMethodAccessorImpl.invoke(DelegatingMethodAccessorImpl.java:43)
	at java.lang.reflect.Method.invoke(Method.java:498)
	at org.junit.runners.model.FrameworkMethod$1.runReflectiveCall(FrameworkMethod.java:50)
	at org.junit.internal.runners.model.ReflectiveCallable.run(ReflectiveCallable.java:12)
	at org.junit.runners.model.FrameworkMethod.invokeExplosively(FrameworkMethod.java:47)
	at org.junit.internal.runners.statements.RunAfters.evaluate(RunAfters.java:33)
	at org.junit.rules.ExpectedException$ExpectedExceptionStatement.evaluate(ExpectedException.java:239)
	at org.junit.rules.TestWatcher$1.evaluate(TestWatcher.java:55)
	at org.junit.rules.RunRules.evaluate(RunRules.java:20)
	at org.junit.runners.ParentRunner.runLeaf(ParentRunner.java:325)
	at org.junit.runners.BlockJUnit4ClassRunner.runChild(BlockJUnit4ClassRunner.java:78)
	at org.junit.runners.BlockJUnit4ClassRunner.runChild(BlockJUnit4ClassRunner.java:57)
	at org.junit.runners.ParentRunner$3.run(ParentRunner.java:290)
	at org.junit.runners.ParentRunner$1.schedule(ParentRunner.java:71)
	at org.junit.runners.ParentRunner.runChildren(ParentRunner.java:288)
	at org.junit.runners.ParentRunner.access$000(ParentRunner.java:58)
	at org.junit.runners.ParentRunner$2.evaluate(ParentRunner.java:268)
	at org.junit.runners.ParentRunner.run(ParentRunner.java:363)
	at org.apache.maven.surefire.junit4.JUnit4Provider.execute(JUnit4Provider.java:252)
	at org.apache.maven.surefire.junit4.JUnit4Provider.executeTestSet(JUnit4Provider.java:141)
	at org.apache.maven.surefire.junit4.JUnit4Provider.invoke(JUnit4Provider.java:112)
	at sun.reflect.NativeMethodAccessorImpl.invoke0(Native Method)
	at sun.reflect.NativeMethodAccessorImpl.invoke(NativeMethodAccessorImpl.java:62)
	at sun.reflect.DelegatingMethodAccessorImpl.invoke(DelegatingMethodAccessorImpl.java:43)
	at java.lang.reflect.Method.invoke(Method.java:498)
	at org.apache.maven.surefire.util.ReflectionUtils.invokeMethodWithArray(ReflectionUtils.java:189)
	at org.apache.maven.surefire.booter.ProviderFactory$ProviderProxy.invoke(ProviderFactory.java:165)
	at org.apache.maven.surefire.booter.ProviderFactory.invokeProvider(ProviderFactory.java:85)
	at org.apache.maven.surefire.booter.ForkedBooter.runSuitesInProcess(ForkedBooter.java:115)
	at org.apache.maven.surefire.booter.ForkedBooter.main(ForkedBooter.java:75)
</error>
  </testcase>
  <testcase classname="com.spotify.docker.client.DefaultDockerClientTest" name="testContainerWithBlkioOptions" time="0.018">
    <error message="java.util.concurrent.ExecutionException: javax.ws.rs.ProcessingException: java.io.IOException: No such file or directory" type="com.spotify.docker.client.exceptions.DockerException">com.spotify.docker.client.exceptions.DockerException: java.util.concurrent.ExecutionException: javax.ws.rs.ProcessingException: java.io.IOException: No such file or directory
	at com.spotify.docker.client.DefaultDockerClient.propagate(DefaultDockerClient.java:2812)
	at com.spotify.docker.client.DefaultDockerClient.request(DefaultDockerClient.java:2676)
	at com.spotify.docker.client.DefaultDockerClient.version(DefaultDockerClient.java:572)
	at com.spotify.docker.client.DefaultDockerClientTest.setup(DefaultDockerClientTest.java:349)
	at sun.reflect.GeneratedMethodAccessor10.invoke(Unknown Source)
	at sun.reflect.DelegatingMethodAccessorImpl.invoke(DelegatingMethodAccessorImpl.java:43)
	at java.lang.reflect.Method.invoke(Method.java:498)
	at org.junit.runners.model.FrameworkMethod$1.runReflectiveCall(FrameworkMethod.java:50)
	at org.junit.internal.runners.model.ReflectiveCallable.run(ReflectiveCallable.java:12)
	at org.junit.runners.model.FrameworkMethod.invokeExplosively(FrameworkMethod.java:47)
	at org.junit.internal.runners.statements.RunBefores.evaluate(RunBefores.java:24)
	at org.junit.internal.runners.statements.RunAfters.evaluate(RunAfters.java:27)
	at org.junit.rules.ExpectedException$ExpectedExceptionStatement.evaluate(ExpectedException.java:239)
	at org.junit.rules.TestWatcher$1.evaluate(TestWatcher.java:55)
	at org.junit.rules.RunRules.evaluate(RunRules.java:20)
	at org.junit.runners.ParentRunner.runLeaf(ParentRunner.java:325)
	at org.junit.runners.BlockJUnit4ClassRunner.runChild(BlockJUnit4ClassRunner.java:78)
	at org.junit.runners.BlockJUnit4ClassRunner.runChild(BlockJUnit4ClassRunner.java:57)
	at org.junit.runners.ParentRunner$3.run(ParentRunner.java:290)
	at org.junit.runners.ParentRunner$1.schedule(ParentRunner.java:71)
	at org.junit.runners.ParentRunner.runChildren(ParentRunner.java:288)
	at org.junit.runners.ParentRunner.access$000(ParentRunner.java:58)
	at org.junit.runners.ParentRunner$2.evaluate(ParentRunner.java:268)
	at org.junit.runners.ParentRunner.run(ParentRunner.java:363)
	at org.apache.maven.surefire.junit4.JUnit4Provider.execute(JUnit4Provider.java:252)
	at org.apache.maven.surefire.junit4.JUnit4Provider.executeTestSet(JUnit4Provider.java:141)
	at org.apache.maven.surefire.junit4.JUnit4Provider.invoke(JUnit4Provider.java:112)
	at sun.reflect.NativeMethodAccessorImpl.invoke0(Native Method)
	at sun.reflect.NativeMethodAccessorImpl.invoke(NativeMethodAccessorImpl.java:62)
	at sun.reflect.DelegatingMethodAccessorImpl.invoke(DelegatingMethodAccessorImpl.java:43)
	at java.lang.reflect.Method.invoke(Method.java:498)
	at org.apache.maven.surefire.util.ReflectionUtils.invokeMethodWithArray(ReflectionUtils.java:189)
	at org.apache.maven.surefire.booter.ProviderFactory$ProviderProxy.invoke(ProviderFactory.java:165)
	at org.apache.maven.surefire.booter.ProviderFactory.invokeProvider(ProviderFactory.java:85)
	at org.apache.maven.surefire.booter.ForkedBooter.runSuitesInProcess(ForkedBooter.java:115)
	at org.apache.maven.surefire.booter.ForkedBooter.main(ForkedBooter.java:75)
Caused by: java.util.concurrent.ExecutionException: javax.ws.rs.ProcessingException: java.io.IOException: No such file or directory
	at jersey.repackaged.com.google.common.util.concurrent.AbstractFuture$Sync.getValue(AbstractFuture.java:299)
	at jersey.repackaged.com.google.common.util.concurrent.AbstractFuture$Sync.get(AbstractFuture.java:286)
	at jersey.repackaged.com.google.common.util.concurrent.AbstractFuture.get(AbstractFuture.java:116)
	at com.spotify.docker.client.DefaultDockerClient.request(DefaultDockerClient.java:2674)
	... 34 more
Caused by: javax.ws.rs.ProcessingException: java.io.IOException: No such file or directory
	at org.glassfish.jersey.apache.connector.ApacheConnector.apply(ApacheConnector.java:481)
	at org.glassfish.jersey.apache.connector.ApacheConnector$1.run(ApacheConnector.java:491)
	at java.util.concurrent.Executors$RunnableAdapter.call(Executors.java:511)
	at java.util.concurrent.FutureTask.run(FutureTask.java:266)
	at jersey.repackaged.com.google.common.util.concurrent.MoreExecutors$DirectExecutorService.execute(MoreExecutors.java:299)
	at java.util.concurrent.AbstractExecutorService.submit(AbstractExecutorService.java:112)
	at jersey.repackaged.com.google.common.util.concurrent.AbstractListeningExecutorService.submit(AbstractListeningExecutorService.java:50)
	at jersey.repackaged.com.google.common.util.concurrent.AbstractListeningExecutorService.submit(AbstractListeningExecutorService.java:37)
	at org.glassfish.jersey.apache.connector.ApacheConnector.apply(ApacheConnector.java:487)
	at org.glassfish.jersey.client.ClientRuntime$2.run(ClientRuntime.java:178)
	at org.glassfish.jersey.internal.Errors$1.call(Errors.java:271)
	at org.glassfish.jersey.internal.Errors$1.call(Errors.java:267)
	at org.glassfish.jersey.internal.Errors.process(Errors.java:315)
	at org.glassfish.jersey.internal.Errors.process(Errors.java:297)
	at org.glassfish.jersey.internal.Errors.process(Errors.java:267)
	at org.glassfish.jersey.process.internal.RequestScope.runInScope(RequestScope.java:340)
	at org.glassfish.jersey.client.ClientRuntime$3.run(ClientRuntime.java:210)
	at java.util.concurrent.Executors$RunnableAdapter.call(Executors.java:511)
	at java.util.concurrent.FutureTask.run(FutureTask.java:266)
	at java.util.concurrent.ThreadPoolExecutor.runWorker(ThreadPoolExecutor.java:1142)
	at java.util.concurrent.ThreadPoolExecutor$Worker.run(ThreadPoolExecutor.java:617)
	at java.lang.Thread.run(Thread.java:745)
Caused by: java.io.IOException: No such file or directory
	at jnr.unixsocket.UnixSocketChannel.doConnect(UnixSocketChannel.java:127)
	at jnr.unixsocket.UnixSocketChannel.connect(UnixSocketChannel.java:136)
	at jnr.unixsocket.UnixSocketChannel.connect(UnixSocketChannel.java:223)
	at com.spotify.docker.client.UnixConnectionSocketFactory.connectSocket(UnixConnectionSocketFactory.java:85)
	at org.apache.http.impl.conn.DefaultHttpClientConnectionOperator.connect(DefaultHttpClientConnectionOperator.java:134)
	at org.apache.http.impl.conn.PoolingHttpClientConnectionManager.connect(PoolingHttpClientConnectionManager.java:353)
	at org.apache.http.impl.execchain.MainClientExec.establishRoute(MainClientExec.java:380)
	at org.apache.http.impl.execchain.MainClientExec.execute(MainClientExec.java:236)
	at org.apache.http.impl.execchain.ProtocolExec.execute(ProtocolExec.java:184)
	at org.apache.http.impl.execchain.RetryExec.execute(RetryExec.java:88)
	at org.apache.http.impl.execchain.RedirectExec.execute(RedirectExec.java:110)
	at org.apache.http.impl.client.InternalHttpClient.doExecute(InternalHttpClient.java:184)
	at org.apache.http.impl.client.CloseableHttpClient.execute(CloseableHttpClient.java:71)
	at org.glassfish.jersey.apache.connector.ApacheConnector.apply(ApacheConnector.java:435)
	... 21 more
</error>
    <system-err>Jun 02, 2018 7:44:41 AM org.apache.http.impl.execchain.RetryExec execute
INFO: I/O exception (java.io.IOException) caught when processing request to {}-&gt;unix://localhost:80: No such file or directory
Jun 02, 2018 7:44:41 AM org.apache.http.impl.execchain.RetryExec execute
INFO: Retrying request to {}-&gt;unix://localhost:80
Jun 02, 2018 7:44:41 AM org.apache.http.impl.execchain.RetryExec execute
INFO: I/O exception (java.io.IOException) caught when processing request to {}-&gt;unix://localhost:80: No such file or directory
Jun 02, 2018 7:44:41 AM org.apache.http.impl.execchain.RetryExec execute
INFO: Retrying request to {}-&gt;unix://localhost:80
Jun 02, 2018 7:44:41 AM org.apache.http.impl.execchain.RetryExec execute
INFO: I/O exception (java.io.IOException) caught when processing request to {}-&gt;unix://localhost:80: No such file or directory
Jun 02, 2018 7:44:41 AM org.apache.http.impl.execchain.RetryExec execute
INFO: Retrying request to {}-&gt;unix://localhost:80
</system-err>
  </testcase>
  <testcase classname="com.spotify.docker.client.DefaultDockerClientTest" name="testContainerWithBlkioOptions" time="0.018">
    <error type="java.lang.NullPointerException">java.lang.NullPointerException
	at com.spotify.docker.client.VersionCompare.compareVersion(VersionCompare.java:45)
	at com.spotify.docker.client.DefaultDockerClientTest.dockerApiVersionAtLeast(DefaultDockerClientTest.java:404)
	at com.spotify.docker.client.DefaultDockerClientTest.tearDown(DefaultDockerClientTest.java:356)
	at sun.reflect.GeneratedMethodAccessor11.invoke(Unknown Source)
	at sun.reflect.DelegatingMethodAccessorImpl.invoke(DelegatingMethodAccessorImpl.java:43)
	at java.lang.reflect.Method.invoke(Method.java:498)
	at org.junit.runners.model.FrameworkMethod$1.runReflectiveCall(FrameworkMethod.java:50)
	at org.junit.internal.runners.model.ReflectiveCallable.run(ReflectiveCallable.java:12)
	at org.junit.runners.model.FrameworkMethod.invokeExplosively(FrameworkMethod.java:47)
	at org.junit.internal.runners.statements.RunAfters.evaluate(RunAfters.java:33)
	at org.junit.rules.ExpectedException$ExpectedExceptionStatement.evaluate(ExpectedException.java:239)
	at org.junit.rules.TestWatcher$1.evaluate(TestWatcher.java:55)
	at org.junit.rules.RunRules.evaluate(RunRules.java:20)
	at org.junit.runners.ParentRunner.runLeaf(ParentRunner.java:325)
	at org.junit.runners.BlockJUnit4ClassRunner.runChild(BlockJUnit4ClassRunner.java:78)
	at org.junit.runners.BlockJUnit4ClassRunner.runChild(BlockJUnit4ClassRunner.java:57)
	at org.junit.runners.ParentRunner$3.run(ParentRunner.java:290)
	at org.junit.runners.ParentRunner$1.schedule(ParentRunner.java:71)
	at org.junit.runners.ParentRunner.runChildren(ParentRunner.java:288)
	at org.junit.runners.ParentRunner.access$000(ParentRunner.java:58)
	at org.junit.runners.ParentRunner$2.evaluate(ParentRunner.java:268)
	at org.junit.runners.ParentRunner.run(ParentRunner.java:363)
	at org.apache.maven.surefire.junit4.JUnit4Provider.execute(JUnit4Provider.java:252)
	at org.apache.maven.surefire.junit4.JUnit4Provider.executeTestSet(JUnit4Provider.java:141)
	at org.apache.maven.surefire.junit4.JUnit4Provider.invoke(JUnit4Provider.java:112)
	at sun.reflect.NativeMethodAccessorImpl.invoke0(Native Method)
	at sun.reflect.NativeMethodAccessorImpl.invoke(NativeMethodAccessorImpl.java:62)
	at sun.reflect.DelegatingMethodAccessorImpl.invoke(DelegatingMethodAccessorImpl.java:43)
	at java.lang.reflect.Method.invoke(Method.java:498)
	at org.apache.maven.surefire.util.ReflectionUtils.invokeMethodWithArray(ReflectionUtils.java:189)
	at org.apache.maven.surefire.booter.ProviderFactory$ProviderProxy.invoke(ProviderFactory.java:165)
	at org.apache.maven.surefire.booter.ProviderFactory.invokeProvider(ProviderFactory.java:85)
	at org.apache.maven.surefire.booter.ForkedBooter.runSuitesInProcess(ForkedBooter.java:115)
	at org.apache.maven.surefire.booter.ForkedBooter.main(ForkedBooter.java:75)
</error>
  </testcase>
  <testcase classname="com.spotify.docker.client.DefaultDockerClientTest" name="testLogsTimestamps" time="0.02">
    <error message="java.util.concurrent.ExecutionException: javax.ws.rs.ProcessingException: java.io.IOException: No such file or directory" type="com.spotify.docker.client.exceptions.DockerException">com.spotify.docker.client.exceptions.DockerException: java.util.concurrent.ExecutionException: javax.ws.rs.ProcessingException: java.io.IOException: No such file or directory
	at com.spotify.docker.client.DefaultDockerClient.propagate(DefaultDockerClient.java:2812)
	at com.spotify.docker.client.DefaultDockerClient.request(DefaultDockerClient.java:2676)
	at com.spotify.docker.client.DefaultDockerClient.version(DefaultDockerClient.java:572)
	at com.spotify.docker.client.DefaultDockerClientTest.setup(DefaultDockerClientTest.java:349)
	at sun.reflect.GeneratedMethodAccessor10.invoke(Unknown Source)
	at sun.reflect.DelegatingMethodAccessorImpl.invoke(DelegatingMethodAccessorImpl.java:43)
	at java.lang.reflect.Method.invoke(Method.java:498)
	at org.junit.runners.model.FrameworkMethod$1.runReflectiveCall(FrameworkMethod.java:50)
	at org.junit.internal.runners.model.ReflectiveCallable.run(ReflectiveCallable.java:12)
	at org.junit.runners.model.FrameworkMethod.invokeExplosively(FrameworkMethod.java:47)
	at org.junit.internal.runners.statements.RunBefores.evaluate(RunBefores.java:24)
	at org.junit.internal.runners.statements.RunAfters.evaluate(RunAfters.java:27)
	at org.junit.rules.ExpectedException$ExpectedExceptionStatement.evaluate(ExpectedException.java:239)
	at org.junit.rules.TestWatcher$1.evaluate(TestWatcher.java:55)
	at org.junit.rules.RunRules.evaluate(RunRules.java:20)
	at org.junit.runners.ParentRunner.runLeaf(ParentRunner.java:325)
	at org.junit.runners.BlockJUnit4ClassRunner.runChild(BlockJUnit4ClassRunner.java:78)
	at org.junit.runners.BlockJUnit4ClassRunner.runChild(BlockJUnit4ClassRunner.java:57)
	at org.junit.runners.ParentRunner$3.run(ParentRunner.java:290)
	at org.junit.runners.ParentRunner$1.schedule(ParentRunner.java:71)
	at org.junit.runners.ParentRunner.runChildren(ParentRunner.java:288)
	at org.junit.runners.ParentRunner.access$000(ParentRunner.java:58)
	at org.junit.runners.ParentRunner$2.evaluate(ParentRunner.java:268)
	at org.junit.runners.ParentRunner.run(ParentRunner.java:363)
	at org.apache.maven.surefire.junit4.JUnit4Provider.execute(JUnit4Provider.java:252)
	at org.apache.maven.surefire.junit4.JUnit4Provider.executeTestSet(JUnit4Provider.java:141)
	at org.apache.maven.surefire.junit4.JUnit4Provider.invoke(JUnit4Provider.java:112)
	at sun.reflect.NativeMethodAccessorImpl.invoke0(Native Method)
	at sun.reflect.NativeMethodAccessorImpl.invoke(NativeMethodAccessorImpl.java:62)
	at sun.reflect.DelegatingMethodAccessorImpl.invoke(DelegatingMethodAccessorImpl.java:43)
	at java.lang.reflect.Method.invoke(Method.java:498)
	at org.apache.maven.surefire.util.ReflectionUtils.invokeMethodWithArray(ReflectionUtils.java:189)
	at org.apache.maven.surefire.booter.ProviderFactory$ProviderProxy.invoke(ProviderFactory.java:165)
	at org.apache.maven.surefire.booter.ProviderFactory.invokeProvider(ProviderFactory.java:85)
	at org.apache.maven.surefire.booter.ForkedBooter.runSuitesInProcess(ForkedBooter.java:115)
	at org.apache.maven.surefire.booter.ForkedBooter.main(ForkedBooter.java:75)
Caused by: java.util.concurrent.ExecutionException: javax.ws.rs.ProcessingException: java.io.IOException: No such file or directory
	at jersey.repackaged.com.google.common.util.concurrent.AbstractFuture$Sync.getValue(AbstractFuture.java:299)
	at jersey.repackaged.com.google.common.util.concurrent.AbstractFuture$Sync.get(AbstractFuture.java:286)
	at jersey.repackaged.com.google.common.util.concurrent.AbstractFuture.get(AbstractFuture.java:116)
	at com.spotify.docker.client.DefaultDockerClient.request(DefaultDockerClient.java:2674)
	... 34 more
Caused by: javax.ws.rs.ProcessingException: java.io.IOException: No such file or directory
	at org.glassfish.jersey.apache.connector.ApacheConnector.apply(ApacheConnector.java:481)
	at org.glassfish.jersey.apache.connector.ApacheConnector$1.run(ApacheConnector.java:491)
	at java.util.concurrent.Executors$RunnableAdapter.call(Executors.java:511)
	at java.util.concurrent.FutureTask.run(FutureTask.java:266)
	at jersey.repackaged.com.google.common.util.concurrent.MoreExecutors$DirectExecutorService.execute(MoreExecutors.java:299)
	at java.util.concurrent.AbstractExecutorService.submit(AbstractExecutorService.java:112)
	at jersey.repackaged.com.google.common.util.concurrent.AbstractListeningExecutorService.submit(AbstractListeningExecutorService.java:50)
	at jersey.repackaged.com.google.common.util.concurrent.AbstractListeningExecutorService.submit(AbstractListeningExecutorService.java:37)
	at org.glassfish.jersey.apache.connector.ApacheConnector.apply(ApacheConnector.java:487)
	at org.glassfish.jersey.client.ClientRuntime$2.run(ClientRuntime.java:178)
	at org.glassfish.jersey.internal.Errors$1.call(Errors.java:271)
	at org.glassfish.jersey.internal.Errors$1.call(Errors.java:267)
	at org.glassfish.jersey.internal.Errors.process(Errors.java:315)
	at org.glassfish.jersey.internal.Errors.process(Errors.java:297)
	at org.glassfish.jersey.internal.Errors.process(Errors.java:267)
	at org.glassfish.jersey.process.internal.RequestScope.runInScope(RequestScope.java:340)
	at org.glassfish.jersey.client.ClientRuntime$3.run(ClientRuntime.java:210)
	at java.util.concurrent.Executors$RunnableAdapter.call(Executors.java:511)
	at java.util.concurrent.FutureTask.run(FutureTask.java:266)
	at java.util.concurrent.ThreadPoolExecutor.runWorker(ThreadPoolExecutor.java:1142)
	at java.util.concurrent.ThreadPoolExecutor$Worker.run(ThreadPoolExecutor.java:617)
	at java.lang.Thread.run(Thread.java:745)
Caused by: java.io.IOException: No such file or directory
	at jnr.unixsocket.UnixSocketChannel.doConnect(UnixSocketChannel.java:127)
	at jnr.unixsocket.UnixSocketChannel.connect(UnixSocketChannel.java:136)
	at jnr.unixsocket.UnixSocketChannel.connect(UnixSocketChannel.java:223)
	at com.spotify.docker.client.UnixConnectionSocketFactory.connectSocket(UnixConnectionSocketFactory.java:85)
	at org.apache.http.impl.conn.DefaultHttpClientConnectionOperator.connect(DefaultHttpClientConnectionOperator.java:134)
	at org.apache.http.impl.conn.PoolingHttpClientConnectionManager.connect(PoolingHttpClientConnectionManager.java:353)
	at org.apache.http.impl.execchain.MainClientExec.establishRoute(MainClientExec.java:380)
	at org.apache.http.impl.execchain.MainClientExec.execute(MainClientExec.java:236)
	at org.apache.http.impl.execchain.ProtocolExec.execute(ProtocolExec.java:184)
	at org.apache.http.impl.execchain.RetryExec.execute(RetryExec.java:88)
	at org.apache.http.impl.execchain.RedirectExec.execute(RedirectExec.java:110)
	at org.apache.http.impl.client.InternalHttpClient.doExecute(InternalHttpClient.java:184)
	at org.apache.http.impl.client.CloseableHttpClient.execute(CloseableHttpClient.java:71)
	at org.glassfish.jersey.apache.connector.ApacheConnector.apply(ApacheConnector.java:435)
	... 21 more
</error>
    <system-err>Jun 02, 2018 7:44:41 AM org.apache.http.impl.execchain.RetryExec execute
INFO: I/O exception (java.io.IOException) caught when processing request to {}-&gt;unix://localhost:80: No such file or directory
Jun 02, 2018 7:44:41 AM org.apache.http.impl.execchain.RetryExec execute
INFO: Retrying request to {}-&gt;unix://localhost:80
Jun 02, 2018 7:44:41 AM org.apache.http.impl.execchain.RetryExec execute
INFO: I/O exception (java.io.IOException) caught when processing request to {}-&gt;unix://localhost:80: No such file or directory
Jun 02, 2018 7:44:41 AM org.apache.http.impl.execchain.RetryExec execute
INFO: Retrying request to {}-&gt;unix://localhost:80
Jun 02, 2018 7:44:41 AM org.apache.http.impl.execchain.RetryExec execute
INFO: I/O exception (java.io.IOException) caught when processing request to {}-&gt;unix://localhost:80: No such file or directory
Jun 02, 2018 7:44:41 AM org.apache.http.impl.execchain.RetryExec execute
INFO: Retrying request to {}-&gt;unix://localhost:80
</system-err>
  </testcase>
  <testcase classname="com.spotify.docker.client.DefaultDockerClientTest" name="testLogsTimestamps" time="0.02">
    <error type="java.lang.NullPointerException">java.lang.NullPointerException
	at com.spotify.docker.client.VersionCompare.compareVersion(VersionCompare.java:45)
	at com.spotify.docker.client.DefaultDockerClientTest.dockerApiVersionAtLeast(DefaultDockerClientTest.java:404)
	at com.spotify.docker.client.DefaultDockerClientTest.tearDown(DefaultDockerClientTest.java:356)
	at sun.reflect.GeneratedMethodAccessor11.invoke(Unknown Source)
	at sun.reflect.DelegatingMethodAccessorImpl.invoke(DelegatingMethodAccessorImpl.java:43)
	at java.lang.reflect.Method.invoke(Method.java:498)
	at org.junit.runners.model.FrameworkMethod$1.runReflectiveCall(FrameworkMethod.java:50)
	at org.junit.internal.runners.model.ReflectiveCallable.run(ReflectiveCallable.java:12)
	at org.junit.runners.model.FrameworkMethod.invokeExplosively(FrameworkMethod.java:47)
	at org.junit.internal.runners.statements.RunAfters.evaluate(RunAfters.java:33)
	at org.junit.rules.ExpectedException$ExpectedExceptionStatement.evaluate(ExpectedException.java:239)
	at org.junit.rules.TestWatcher$1.evaluate(TestWatcher.java:55)
	at org.junit.rules.RunRules.evaluate(RunRules.java:20)
	at org.junit.runners.ParentRunner.runLeaf(ParentRunner.java:325)
	at org.junit.runners.BlockJUnit4ClassRunner.runChild(BlockJUnit4ClassRunner.java:78)
	at org.junit.runners.BlockJUnit4ClassRunner.runChild(BlockJUnit4ClassRunner.java:57)
	at org.junit.runners.ParentRunner$3.run(ParentRunner.java:290)
	at org.junit.runners.ParentRunner$1.schedule(ParentRunner.java:71)
	at org.junit.runners.ParentRunner.runChildren(ParentRunner.java:288)
	at org.junit.runners.ParentRunner.access$000(ParentRunner.java:58)
	at org.junit.runners.ParentRunner$2.evaluate(ParentRunner.java:268)
	at org.junit.runners.ParentRunner.run(ParentRunner.java:363)
	at org.apache.maven.surefire.junit4.JUnit4Provider.execute(JUnit4Provider.java:252)
	at org.apache.maven.surefire.junit4.JUnit4Provider.executeTestSet(JUnit4Provider.java:141)
	at org.apache.maven.surefire.junit4.JUnit4Provider.invoke(JUnit4Provider.java:112)
	at sun.reflect.NativeMethodAccessorImpl.invoke0(Native Method)
	at sun.reflect.NativeMethodAccessorImpl.invoke(NativeMethodAccessorImpl.java:62)
	at sun.reflect.DelegatingMethodAccessorImpl.invoke(DelegatingMethodAccessorImpl.java:43)
	at java.lang.reflect.Method.invoke(Method.java:498)
	at org.apache.maven.surefire.util.ReflectionUtils.invokeMethodWithArray(ReflectionUtils.java:189)
	at org.apache.maven.surefire.booter.ProviderFactory$ProviderProxy.invoke(ProviderFactory.java:165)
	at org.apache.maven.surefire.booter.ProviderFactory.invokeProvider(ProviderFactory.java:85)
	at org.apache.maven.surefire.booter.ForkedBooter.runSuitesInProcess(ForkedBooter.java:115)
	at org.apache.maven.surefire.booter.ForkedBooter.main(ForkedBooter.java:75)
</error>
  </testcase>
  <testcase classname="com.spotify.docker.client.DefaultDockerClientTest" name="testInspectContainerWithExposedPorts" time="0.02">
    <error message="java.util.concurrent.ExecutionException: javax.ws.rs.ProcessingException: java.io.IOException: No such file or directory" type="com.spotify.docker.client.exceptions.DockerException">com.spotify.docker.client.exceptions.DockerException: java.util.concurrent.ExecutionException: javax.ws.rs.ProcessingException: java.io.IOException: No such file or directory
	at com.spotify.docker.client.DefaultDockerClient.propagate(DefaultDockerClient.java:2812)
	at com.spotify.docker.client.DefaultDockerClient.request(DefaultDockerClient.java:2676)
	at com.spotify.docker.client.DefaultDockerClient.version(DefaultDockerClient.java:572)
	at com.spotify.docker.client.DefaultDockerClientTest.setup(DefaultDockerClientTest.java:349)
	at sun.reflect.GeneratedMethodAccessor10.invoke(Unknown Source)
	at sun.reflect.DelegatingMethodAccessorImpl.invoke(DelegatingMethodAccessorImpl.java:43)
	at java.lang.reflect.Method.invoke(Method.java:498)
	at org.junit.runners.model.FrameworkMethod$1.runReflectiveCall(FrameworkMethod.java:50)
	at org.junit.internal.runners.model.ReflectiveCallable.run(ReflectiveCallable.java:12)
	at org.junit.runners.model.FrameworkMethod.invokeExplosively(FrameworkMethod.java:47)
	at org.junit.internal.runners.statements.RunBefores.evaluate(RunBefores.java:24)
	at org.junit.internal.runners.statements.RunAfters.evaluate(RunAfters.java:27)
	at org.junit.rules.ExpectedException$ExpectedExceptionStatement.evaluate(ExpectedException.java:239)
	at org.junit.rules.TestWatcher$1.evaluate(TestWatcher.java:55)
	at org.junit.rules.RunRules.evaluate(RunRules.java:20)
	at org.junit.runners.ParentRunner.runLeaf(ParentRunner.java:325)
	at org.junit.runners.BlockJUnit4ClassRunner.runChild(BlockJUnit4ClassRunner.java:78)
	at org.junit.runners.BlockJUnit4ClassRunner.runChild(BlockJUnit4ClassRunner.java:57)
	at org.junit.runners.ParentRunner$3.run(ParentRunner.java:290)
	at org.junit.runners.ParentRunner$1.schedule(ParentRunner.java:71)
	at org.junit.runners.ParentRunner.runChildren(ParentRunner.java:288)
	at org.junit.runners.ParentRunner.access$000(ParentRunner.java:58)
	at org.junit.runners.ParentRunner$2.evaluate(ParentRunner.java:268)
	at org.junit.runners.ParentRunner.run(ParentRunner.java:363)
	at org.apache.maven.surefire.junit4.JUnit4Provider.execute(JUnit4Provider.java:252)
	at org.apache.maven.surefire.junit4.JUnit4Provider.executeTestSet(JUnit4Provider.java:141)
	at org.apache.maven.surefire.junit4.JUnit4Provider.invoke(JUnit4Provider.java:112)
	at sun.reflect.NativeMethodAccessorImpl.invoke0(Native Method)
	at sun.reflect.NativeMethodAccessorImpl.invoke(NativeMethodAccessorImpl.java:62)
	at sun.reflect.DelegatingMethodAccessorImpl.invoke(DelegatingMethodAccessorImpl.java:43)
	at java.lang.reflect.Method.invoke(Method.java:498)
	at org.apache.maven.surefire.util.ReflectionUtils.invokeMethodWithArray(ReflectionUtils.java:189)
	at org.apache.maven.surefire.booter.ProviderFactory$ProviderProxy.invoke(ProviderFactory.java:165)
	at org.apache.maven.surefire.booter.ProviderFactory.invokeProvider(ProviderFactory.java:85)
	at org.apache.maven.surefire.booter.ForkedBooter.runSuitesInProcess(ForkedBooter.java:115)
	at org.apache.maven.surefire.booter.ForkedBooter.main(ForkedBooter.java:75)
Caused by: java.util.concurrent.ExecutionException: javax.ws.rs.ProcessingException: java.io.IOException: No such file or directory
	at jersey.repackaged.com.google.common.util.concurrent.AbstractFuture$Sync.getValue(AbstractFuture.java:299)
	at jersey.repackaged.com.google.common.util.concurrent.AbstractFuture$Sync.get(AbstractFuture.java:286)
	at jersey.repackaged.com.google.common.util.concurrent.AbstractFuture.get(AbstractFuture.java:116)
	at com.spotify.docker.client.DefaultDockerClient.request(DefaultDockerClient.java:2674)
	... 34 more
Caused by: javax.ws.rs.ProcessingException: java.io.IOException: No such file or directory
	at org.glassfish.jersey.apache.connector.ApacheConnector.apply(ApacheConnector.java:481)
	at org.glassfish.jersey.apache.connector.ApacheConnector$1.run(ApacheConnector.java:491)
	at java.util.concurrent.Executors$RunnableAdapter.call(Executors.java:511)
	at java.util.concurrent.FutureTask.run(FutureTask.java:266)
	at jersey.repackaged.com.google.common.util.concurrent.MoreExecutors$DirectExecutorService.execute(MoreExecutors.java:299)
	at java.util.concurrent.AbstractExecutorService.submit(AbstractExecutorService.java:112)
	at jersey.repackaged.com.google.common.util.concurrent.AbstractListeningExecutorService.submit(AbstractListeningExecutorService.java:50)
	at jersey.repackaged.com.google.common.util.concurrent.AbstractListeningExecutorService.submit(AbstractListeningExecutorService.java:37)
	at org.glassfish.jersey.apache.connector.ApacheConnector.apply(ApacheConnector.java:487)
	at org.glassfish.jersey.client.ClientRuntime$2.run(ClientRuntime.java:178)
	at org.glassfish.jersey.internal.Errors$1.call(Errors.java:271)
	at org.glassfish.jersey.internal.Errors$1.call(Errors.java:267)
	at org.glassfish.jersey.internal.Errors.process(Errors.java:315)
	at org.glassfish.jersey.internal.Errors.process(Errors.java:297)
	at org.glassfish.jersey.internal.Errors.process(Errors.java:267)
	at org.glassfish.jersey.process.internal.RequestScope.runInScope(RequestScope.java:340)
	at org.glassfish.jersey.client.ClientRuntime$3.run(ClientRuntime.java:210)
	at java.util.concurrent.Executors$RunnableAdapter.call(Executors.java:511)
	at java.util.concurrent.FutureTask.run(FutureTask.java:266)
	at java.util.concurrent.ThreadPoolExecutor.runWorker(ThreadPoolExecutor.java:1142)
	at java.util.concurrent.ThreadPoolExecutor$Worker.run(ThreadPoolExecutor.java:617)
	at java.lang.Thread.run(Thread.java:745)
Caused by: java.io.IOException: No such file or directory
	at jnr.unixsocket.UnixSocketChannel.doConnect(UnixSocketChannel.java:127)
	at jnr.unixsocket.UnixSocketChannel.connect(UnixSocketChannel.java:136)
	at jnr.unixsocket.UnixSocketChannel.connect(UnixSocketChannel.java:223)
	at com.spotify.docker.client.UnixConnectionSocketFactory.connectSocket(UnixConnectionSocketFactory.java:85)
	at org.apache.http.impl.conn.DefaultHttpClientConnectionOperator.connect(DefaultHttpClientConnectionOperator.java:134)
	at org.apache.http.impl.conn.PoolingHttpClientConnectionManager.connect(PoolingHttpClientConnectionManager.java:353)
	at org.apache.http.impl.execchain.MainClientExec.establishRoute(MainClientExec.java:380)
	at org.apache.http.impl.execchain.MainClientExec.execute(MainClientExec.java:236)
	at org.apache.http.impl.execchain.ProtocolExec.execute(ProtocolExec.java:184)
	at org.apache.http.impl.execchain.RetryExec.execute(RetryExec.java:88)
	at org.apache.http.impl.execchain.RedirectExec.execute(RedirectExec.java:110)
	at org.apache.http.impl.client.InternalHttpClient.doExecute(InternalHttpClient.java:184)
	at org.apache.http.impl.client.CloseableHttpClient.execute(CloseableHttpClient.java:71)
	at org.glassfish.jersey.apache.connector.ApacheConnector.apply(ApacheConnector.java:435)
	... 21 more
</error>
    <system-err>Jun 02, 2018 7:44:41 AM org.apache.http.impl.execchain.RetryExec execute
INFO: I/O exception (java.io.IOException) caught when processing request to {}-&gt;unix://localhost:80: No such file or directory
Jun 02, 2018 7:44:41 AM org.apache.http.impl.execchain.RetryExec execute
INFO: Retrying request to {}-&gt;unix://localhost:80
Jun 02, 2018 7:44:41 AM org.apache.http.impl.execchain.RetryExec execute
INFO: I/O exception (java.io.IOException) caught when processing request to {}-&gt;unix://localhost:80: No such file or directory
Jun 02, 2018 7:44:41 AM org.apache.http.impl.execchain.RetryExec execute
INFO: Retrying request to {}-&gt;unix://localhost:80
Jun 02, 2018 7:44:41 AM org.apache.http.impl.execchain.RetryExec execute
INFO: I/O exception (java.io.IOException) caught when processing request to {}-&gt;unix://localhost:80: No such file or directory
Jun 02, 2018 7:44:41 AM org.apache.http.impl.execchain.RetryExec execute
INFO: Retrying request to {}-&gt;unix://localhost:80
</system-err>
  </testcase>
  <testcase classname="com.spotify.docker.client.DefaultDockerClientTest" name="testInspectContainerWithExposedPorts" time="0.02">
    <error type="java.lang.NullPointerException">java.lang.NullPointerException
	at com.spotify.docker.client.VersionCompare.compareVersion(VersionCompare.java:45)
	at com.spotify.docker.client.DefaultDockerClientTest.dockerApiVersionAtLeast(DefaultDockerClientTest.java:404)
	at com.spotify.docker.client.DefaultDockerClientTest.tearDown(DefaultDockerClientTest.java:356)
	at sun.reflect.GeneratedMethodAccessor11.invoke(Unknown Source)
	at sun.reflect.DelegatingMethodAccessorImpl.invoke(DelegatingMethodAccessorImpl.java:43)
	at java.lang.reflect.Method.invoke(Method.java:498)
	at org.junit.runners.model.FrameworkMethod$1.runReflectiveCall(FrameworkMethod.java:50)
	at org.junit.internal.runners.model.ReflectiveCallable.run(ReflectiveCallable.java:12)
	at org.junit.runners.model.FrameworkMethod.invokeExplosively(FrameworkMethod.java:47)
	at org.junit.internal.runners.statements.RunAfters.evaluate(RunAfters.java:33)
	at org.junit.rules.ExpectedException$ExpectedExceptionStatement.evaluate(ExpectedException.java:239)
	at org.junit.rules.TestWatcher$1.evaluate(TestWatcher.java:55)
	at org.junit.rules.RunRules.evaluate(RunRules.java:20)
	at org.junit.runners.ParentRunner.runLeaf(ParentRunner.java:325)
	at org.junit.runners.BlockJUnit4ClassRunner.runChild(BlockJUnit4ClassRunner.java:78)
	at org.junit.runners.BlockJUnit4ClassRunner.runChild(BlockJUnit4ClassRunner.java:57)
	at org.junit.runners.ParentRunner$3.run(ParentRunner.java:290)
	at org.junit.runners.ParentRunner$1.schedule(ParentRunner.java:71)
	at org.junit.runners.ParentRunner.runChildren(ParentRunner.java:288)
	at org.junit.runners.ParentRunner.access$000(ParentRunner.java:58)
	at org.junit.runners.ParentRunner$2.evaluate(ParentRunner.java:268)
	at org.junit.runners.ParentRunner.run(ParentRunner.java:363)
	at org.apache.maven.surefire.junit4.JUnit4Provider.execute(JUnit4Provider.java:252)
	at org.apache.maven.surefire.junit4.JUnit4Provider.executeTestSet(JUnit4Provider.java:141)
	at org.apache.maven.surefire.junit4.JUnit4Provider.invoke(JUnit4Provider.java:112)
	at sun.reflect.NativeMethodAccessorImpl.invoke0(Native Method)
	at sun.reflect.NativeMethodAccessorImpl.invoke(NativeMethodAccessorImpl.java:62)
	at sun.reflect.DelegatingMethodAccessorImpl.invoke(DelegatingMethodAccessorImpl.java:43)
	at java.lang.reflect.Method.invoke(Method.java:498)
	at org.apache.maven.surefire.util.ReflectionUtils.invokeMethodWithArray(ReflectionUtils.java:189)
	at org.apache.maven.surefire.booter.ProviderFactory$ProviderProxy.invoke(ProviderFactory.java:165)
	at org.apache.maven.surefire.booter.ProviderFactory.invokeProvider(ProviderFactory.java:85)
	at org.apache.maven.surefire.booter.ForkedBooter.runSuitesInProcess(ForkedBooter.java:115)
	at org.apache.maven.surefire.booter.ForkedBooter.main(ForkedBooter.java:75)
</error>
  </testcase>
  <testcase classname="com.spotify.docker.client.DefaultDockerClientTest" name="testContainerWithHostConfig" time="0.019">
    <error message="java.util.concurrent.ExecutionException: javax.ws.rs.ProcessingException: java.io.IOException: No such file or directory" type="com.spotify.docker.client.exceptions.DockerException">com.spotify.docker.client.exceptions.DockerException: java.util.concurrent.ExecutionException: javax.ws.rs.ProcessingException: java.io.IOException: No such file or directory
	at com.spotify.docker.client.DefaultDockerClient.propagate(DefaultDockerClient.java:2812)
	at com.spotify.docker.client.DefaultDockerClient.request(DefaultDockerClient.java:2676)
	at com.spotify.docker.client.DefaultDockerClient.version(DefaultDockerClient.java:572)
	at com.spotify.docker.client.DefaultDockerClientTest.setup(DefaultDockerClientTest.java:349)
	at sun.reflect.GeneratedMethodAccessor10.invoke(Unknown Source)
	at sun.reflect.DelegatingMethodAccessorImpl.invoke(DelegatingMethodAccessorImpl.java:43)
	at java.lang.reflect.Method.invoke(Method.java:498)
	at org.junit.runners.model.FrameworkMethod$1.runReflectiveCall(FrameworkMethod.java:50)
	at org.junit.internal.runners.model.ReflectiveCallable.run(ReflectiveCallable.java:12)
	at org.junit.runners.model.FrameworkMethod.invokeExplosively(FrameworkMethod.java:47)
	at org.junit.internal.runners.statements.RunBefores.evaluate(RunBefores.java:24)
	at org.junit.internal.runners.statements.RunAfters.evaluate(RunAfters.java:27)
	at org.junit.rules.ExpectedException$ExpectedExceptionStatement.evaluate(ExpectedException.java:239)
	at org.junit.rules.TestWatcher$1.evaluate(TestWatcher.java:55)
	at org.junit.rules.RunRules.evaluate(RunRules.java:20)
	at org.junit.runners.ParentRunner.runLeaf(ParentRunner.java:325)
	at org.junit.runners.BlockJUnit4ClassRunner.runChild(BlockJUnit4ClassRunner.java:78)
	at org.junit.runners.BlockJUnit4ClassRunner.runChild(BlockJUnit4ClassRunner.java:57)
	at org.junit.runners.ParentRunner$3.run(ParentRunner.java:290)
	at org.junit.runners.ParentRunner$1.schedule(ParentRunner.java:71)
	at org.junit.runners.ParentRunner.runChildren(ParentRunner.java:288)
	at org.junit.runners.ParentRunner.access$000(ParentRunner.java:58)
	at org.junit.runners.ParentRunner$2.evaluate(ParentRunner.java:268)
	at org.junit.runners.ParentRunner.run(ParentRunner.java:363)
	at org.apache.maven.surefire.junit4.JUnit4Provider.execute(JUnit4Provider.java:252)
	at org.apache.maven.surefire.junit4.JUnit4Provider.executeTestSet(JUnit4Provider.java:141)
	at org.apache.maven.surefire.junit4.JUnit4Provider.invoke(JUnit4Provider.java:112)
	at sun.reflect.NativeMethodAccessorImpl.invoke0(Native Method)
	at sun.reflect.NativeMethodAccessorImpl.invoke(NativeMethodAccessorImpl.java:62)
	at sun.reflect.DelegatingMethodAccessorImpl.invoke(DelegatingMethodAccessorImpl.java:43)
	at java.lang.reflect.Method.invoke(Method.java:498)
	at org.apache.maven.surefire.util.ReflectionUtils.invokeMethodWithArray(ReflectionUtils.java:189)
	at org.apache.maven.surefire.booter.ProviderFactory$ProviderProxy.invoke(ProviderFactory.java:165)
	at org.apache.maven.surefire.booter.ProviderFactory.invokeProvider(ProviderFactory.java:85)
	at org.apache.maven.surefire.booter.ForkedBooter.runSuitesInProcess(ForkedBooter.java:115)
	at org.apache.maven.surefire.booter.ForkedBooter.main(ForkedBooter.java:75)
Caused by: java.util.concurrent.ExecutionException: javax.ws.rs.ProcessingException: java.io.IOException: No such file or directory
	at jersey.repackaged.com.google.common.util.concurrent.AbstractFuture$Sync.getValue(AbstractFuture.java:299)
	at jersey.repackaged.com.google.common.util.concurrent.AbstractFuture$Sync.get(AbstractFuture.java:286)
	at jersey.repackaged.com.google.common.util.concurrent.AbstractFuture.get(AbstractFuture.java:116)
	at com.spotify.docker.client.DefaultDockerClient.request(DefaultDockerClient.java:2674)
	... 34 more
Caused by: javax.ws.rs.ProcessingException: java.io.IOException: No such file or directory
	at org.glassfish.jersey.apache.connector.ApacheConnector.apply(ApacheConnector.java:481)
	at org.glassfish.jersey.apache.connector.ApacheConnector$1.run(ApacheConnector.java:491)
	at java.util.concurrent.Executors$RunnableAdapter.call(Executors.java:511)
	at java.util.concurrent.FutureTask.run(FutureTask.java:266)
	at jersey.repackaged.com.google.common.util.concurrent.MoreExecutors$DirectExecutorService.execute(MoreExecutors.java:299)
	at java.util.concurrent.AbstractExecutorService.submit(AbstractExecutorService.java:112)
	at jersey.repackaged.com.google.common.util.concurrent.AbstractListeningExecutorService.submit(AbstractListeningExecutorService.java:50)
	at jersey.repackaged.com.google.common.util.concurrent.AbstractListeningExecutorService.submit(AbstractListeningExecutorService.java:37)
	at org.glassfish.jersey.apache.connector.ApacheConnector.apply(ApacheConnector.java:487)
	at org.glassfish.jersey.client.ClientRuntime$2.run(ClientRuntime.java:178)
	at org.glassfish.jersey.internal.Errors$1.call(Errors.java:271)
	at org.glassfish.jersey.internal.Errors$1.call(Errors.java:267)
	at org.glassfish.jersey.internal.Errors.process(Errors.java:315)
	at org.glassfish.jersey.internal.Errors.process(Errors.java:297)
	at org.glassfish.jersey.internal.Errors.process(Errors.java:267)
	at org.glassfish.jersey.process.internal.RequestScope.runInScope(RequestScope.java:340)
	at org.glassfish.jersey.client.ClientRuntime$3.run(ClientRuntime.java:210)
	at java.util.concurrent.Executors$RunnableAdapter.call(Executors.java:511)
	at java.util.concurrent.FutureTask.run(FutureTask.java:266)
	at java.util.concurrent.ThreadPoolExecutor.runWorker(ThreadPoolExecutor.java:1142)
	at java.util.concurrent.ThreadPoolExecutor$Worker.run(ThreadPoolExecutor.java:617)
	at java.lang.Thread.run(Thread.java:745)
Caused by: java.io.IOException: No such file or directory
	at jnr.unixsocket.UnixSocketChannel.doConnect(UnixSocketChannel.java:127)
	at jnr.unixsocket.UnixSocketChannel.connect(UnixSocketChannel.java:136)
	at jnr.unixsocket.UnixSocketChannel.connect(UnixSocketChannel.java:223)
	at com.spotify.docker.client.UnixConnectionSocketFactory.connectSocket(UnixConnectionSocketFactory.java:85)
	at org.apache.http.impl.conn.DefaultHttpClientConnectionOperator.connect(DefaultHttpClientConnectionOperator.java:134)
	at org.apache.http.impl.conn.PoolingHttpClientConnectionManager.connect(PoolingHttpClientConnectionManager.java:353)
	at org.apache.http.impl.execchain.MainClientExec.establishRoute(MainClientExec.java:380)
	at org.apache.http.impl.execchain.MainClientExec.execute(MainClientExec.java:236)
	at org.apache.http.impl.execchain.ProtocolExec.execute(ProtocolExec.java:184)
	at org.apache.http.impl.execchain.RetryExec.execute(RetryExec.java:88)
	at org.apache.http.impl.execchain.RedirectExec.execute(RedirectExec.java:110)
	at org.apache.http.impl.client.InternalHttpClient.doExecute(InternalHttpClient.java:184)
	at org.apache.http.impl.client.CloseableHttpClient.execute(CloseableHttpClient.java:71)
	at org.glassfish.jersey.apache.connector.ApacheConnector.apply(ApacheConnector.java:435)
	... 21 more
</error>
    <system-err>Jun 02, 2018 7:44:41 AM org.apache.http.impl.execchain.RetryExec execute
INFO: I/O exception (java.io.IOException) caught when processing request to {}-&gt;unix://localhost:80: No such file or directory
Jun 02, 2018 7:44:41 AM org.apache.http.impl.execchain.RetryExec execute
INFO: Retrying request to {}-&gt;unix://localhost:80
Jun 02, 2018 7:44:41 AM org.apache.http.impl.execchain.RetryExec execute
INFO: I/O exception (java.io.IOException) caught when processing request to {}-&gt;unix://localhost:80: No such file or directory
Jun 02, 2018 7:44:41 AM org.apache.http.impl.execchain.RetryExec execute
INFO: Retrying request to {}-&gt;unix://localhost:80
Jun 02, 2018 7:44:41 AM org.apache.http.impl.execchain.RetryExec execute
INFO: I/O exception (java.io.IOException) caught when processing request to {}-&gt;unix://localhost:80: No such file or directory
Jun 02, 2018 7:44:41 AM org.apache.http.impl.execchain.RetryExec execute
INFO: Retrying request to {}-&gt;unix://localhost:80
</system-err>
  </testcase>
  <testcase classname="com.spotify.docker.client.DefaultDockerClientTest" name="testContainerWithHostConfig" time="0.02">
    <error type="java.lang.NullPointerException">java.lang.NullPointerException
	at com.spotify.docker.client.VersionCompare.compareVersion(VersionCompare.java:45)
	at com.spotify.docker.client.DefaultDockerClientTest.dockerApiVersionAtLeast(DefaultDockerClientTest.java:404)
	at com.spotify.docker.client.DefaultDockerClientTest.tearDown(DefaultDockerClientTest.java:356)
	at sun.reflect.GeneratedMethodAccessor11.invoke(Unknown Source)
	at sun.reflect.DelegatingMethodAccessorImpl.invoke(DelegatingMethodAccessorImpl.java:43)
	at java.lang.reflect.Method.invoke(Method.java:498)
	at org.junit.runners.model.FrameworkMethod$1.runReflectiveCall(FrameworkMethod.java:50)
	at org.junit.internal.runners.model.ReflectiveCallable.run(ReflectiveCallable.java:12)
	at org.junit.runners.model.FrameworkMethod.invokeExplosively(FrameworkMethod.java:47)
	at org.junit.internal.runners.statements.RunAfters.evaluate(RunAfters.java:33)
	at org.junit.rules.ExpectedException$ExpectedExceptionStatement.evaluate(ExpectedException.java:239)
	at org.junit.rules.TestWatcher$1.evaluate(TestWatcher.java:55)
	at org.junit.rules.RunRules.evaluate(RunRules.java:20)
	at org.junit.runners.ParentRunner.runLeaf(ParentRunner.java:325)
	at org.junit.runners.BlockJUnit4ClassRunner.runChild(BlockJUnit4ClassRunner.java:78)
	at org.junit.runners.BlockJUnit4ClassRunner.runChild(BlockJUnit4ClassRunner.java:57)
	at org.junit.runners.ParentRunner$3.run(ParentRunner.java:290)
	at org.junit.runners.ParentRunner$1.schedule(ParentRunner.java:71)
	at org.junit.runners.ParentRunner.runChildren(ParentRunner.java:288)
	at org.junit.runners.ParentRunner.access$000(ParentRunner.java:58)
	at org.junit.runners.ParentRunner$2.evaluate(ParentRunner.java:268)
	at org.junit.runners.ParentRunner.run(ParentRunner.java:363)
	at org.apache.maven.surefire.junit4.JUnit4Provider.execute(JUnit4Provider.java:252)
	at org.apache.maven.surefire.junit4.JUnit4Provider.executeTestSet(JUnit4Provider.java:141)
	at org.apache.maven.surefire.junit4.JUnit4Provider.invoke(JUnit4Provider.java:112)
	at sun.reflect.NativeMethodAccessorImpl.invoke0(Native Method)
	at sun.reflect.NativeMethodAccessorImpl.invoke(NativeMethodAccessorImpl.java:62)
	at sun.reflect.DelegatingMethodAccessorImpl.invoke(DelegatingMethodAccessorImpl.java:43)
	at java.lang.reflect.Method.invoke(Method.java:498)
	at org.apache.maven.surefire.util.ReflectionUtils.invokeMethodWithArray(ReflectionUtils.java:189)
	at org.apache.maven.surefire.booter.ProviderFactory$ProviderProxy.invoke(ProviderFactory.java:165)
	at org.apache.maven.surefire.booter.ProviderFactory.invokeProvider(ProviderFactory.java:85)
	at org.apache.maven.surefire.booter.ForkedBooter.runSuitesInProcess(ForkedBooter.java:115)
	at org.apache.maven.surefire.booter.ForkedBooter.main(ForkedBooter.java:75)
</error>
  </testcase>
  <testcase classname="com.spotify.docker.client.DefaultDockerClientTest" name="testStopBadContainer" time="0.02">
    <error message="java.util.concurrent.ExecutionException: javax.ws.rs.ProcessingException: java.io.IOException: No such file or directory" type="com.spotify.docker.client.exceptions.DockerException">com.spotify.docker.client.exceptions.DockerException: java.util.concurrent.ExecutionException: javax.ws.rs.ProcessingException: java.io.IOException: No such file or directory
	at com.spotify.docker.client.DefaultDockerClient.propagate(DefaultDockerClient.java:2812)
	at com.spotify.docker.client.DefaultDockerClient.request(DefaultDockerClient.java:2676)
	at com.spotify.docker.client.DefaultDockerClient.version(DefaultDockerClient.java:572)
	at com.spotify.docker.client.DefaultDockerClientTest.setup(DefaultDockerClientTest.java:349)
	at sun.reflect.GeneratedMethodAccessor10.invoke(Unknown Source)
	at sun.reflect.DelegatingMethodAccessorImpl.invoke(DelegatingMethodAccessorImpl.java:43)
	at java.lang.reflect.Method.invoke(Method.java:498)
	at org.junit.runners.model.FrameworkMethod$1.runReflectiveCall(FrameworkMethod.java:50)
	at org.junit.internal.runners.model.ReflectiveCallable.run(ReflectiveCallable.java:12)
	at org.junit.runners.model.FrameworkMethod.invokeExplosively(FrameworkMethod.java:47)
	at org.junit.internal.runners.statements.RunBefores.evaluate(RunBefores.java:24)
	at org.junit.internal.runners.statements.RunAfters.evaluate(RunAfters.java:27)
	at org.junit.rules.ExpectedException$ExpectedExceptionStatement.evaluate(ExpectedException.java:239)
	at org.junit.rules.TestWatcher$1.evaluate(TestWatcher.java:55)
	at org.junit.rules.RunRules.evaluate(RunRules.java:20)
	at org.junit.runners.ParentRunner.runLeaf(ParentRunner.java:325)
	at org.junit.runners.BlockJUnit4ClassRunner.runChild(BlockJUnit4ClassRunner.java:78)
	at org.junit.runners.BlockJUnit4ClassRunner.runChild(BlockJUnit4ClassRunner.java:57)
	at org.junit.runners.ParentRunner$3.run(ParentRunner.java:290)
	at org.junit.runners.ParentRunner$1.schedule(ParentRunner.java:71)
	at org.junit.runners.ParentRunner.runChildren(ParentRunner.java:288)
	at org.junit.runners.ParentRunner.access$000(ParentRunner.java:58)
	at org.junit.runners.ParentRunner$2.evaluate(ParentRunner.java:268)
	at org.junit.runners.ParentRunner.run(ParentRunner.java:363)
	at org.apache.maven.surefire.junit4.JUnit4Provider.execute(JUnit4Provider.java:252)
	at org.apache.maven.surefire.junit4.JUnit4Provider.executeTestSet(JUnit4Provider.java:141)
	at org.apache.maven.surefire.junit4.JUnit4Provider.invoke(JUnit4Provider.java:112)
	at sun.reflect.NativeMethodAccessorImpl.invoke0(Native Method)
	at sun.reflect.NativeMethodAccessorImpl.invoke(NativeMethodAccessorImpl.java:62)
	at sun.reflect.DelegatingMethodAccessorImpl.invoke(DelegatingMethodAccessorImpl.java:43)
	at java.lang.reflect.Method.invoke(Method.java:498)
	at org.apache.maven.surefire.util.ReflectionUtils.invokeMethodWithArray(ReflectionUtils.java:189)
	at org.apache.maven.surefire.booter.ProviderFactory$ProviderProxy.invoke(ProviderFactory.java:165)
	at org.apache.maven.surefire.booter.ProviderFactory.invokeProvider(ProviderFactory.java:85)
	at org.apache.maven.surefire.booter.ForkedBooter.runSuitesInProcess(ForkedBooter.java:115)
	at org.apache.maven.surefire.booter.ForkedBooter.main(ForkedBooter.java:75)
Caused by: java.util.concurrent.ExecutionException: javax.ws.rs.ProcessingException: java.io.IOException: No such file or directory
	at jersey.repackaged.com.google.common.util.concurrent.AbstractFuture$Sync.getValue(AbstractFuture.java:299)
	at jersey.repackaged.com.google.common.util.concurrent.AbstractFuture$Sync.get(AbstractFuture.java:286)
	at jersey.repackaged.com.google.common.util.concurrent.AbstractFuture.get(AbstractFuture.java:116)
	at com.spotify.docker.client.DefaultDockerClient.request(DefaultDockerClient.java:2674)
	... 34 more
Caused by: javax.ws.rs.ProcessingException: java.io.IOException: No such file or directory
	at org.glassfish.jersey.apache.connector.ApacheConnector.apply(ApacheConnector.java:481)
	at org.glassfish.jersey.apache.connector.ApacheConnector$1.run(ApacheConnector.java:491)
	at java.util.concurrent.Executors$RunnableAdapter.call(Executors.java:511)
	at java.util.concurrent.FutureTask.run(FutureTask.java:266)
	at jersey.repackaged.com.google.common.util.concurrent.MoreExecutors$DirectExecutorService.execute(MoreExecutors.java:299)
	at java.util.concurrent.AbstractExecutorService.submit(AbstractExecutorService.java:112)
	at jersey.repackaged.com.google.common.util.concurrent.AbstractListeningExecutorService.submit(AbstractListeningExecutorService.java:50)
	at jersey.repackaged.com.google.common.util.concurrent.AbstractListeningExecutorService.submit(AbstractListeningExecutorService.java:37)
	at org.glassfish.jersey.apache.connector.ApacheConnector.apply(ApacheConnector.java:487)
	at org.glassfish.jersey.client.ClientRuntime$2.run(ClientRuntime.java:178)
	at org.glassfish.jersey.internal.Errors$1.call(Errors.java:271)
	at org.glassfish.jersey.internal.Errors$1.call(Errors.java:267)
	at org.glassfish.jersey.internal.Errors.process(Errors.java:315)
	at org.glassfish.jersey.internal.Errors.process(Errors.java:297)
	at org.glassfish.jersey.internal.Errors.process(Errors.java:267)
	at org.glassfish.jersey.process.internal.RequestScope.runInScope(RequestScope.java:340)
	at org.glassfish.jersey.client.ClientRuntime$3.run(ClientRuntime.java:210)
	at java.util.concurrent.Executors$RunnableAdapter.call(Executors.java:511)
	at java.util.concurrent.FutureTask.run(FutureTask.java:266)
	at java.util.concurrent.ThreadPoolExecutor.runWorker(ThreadPoolExecutor.java:1142)
	at java.util.concurrent.ThreadPoolExecutor$Worker.run(ThreadPoolExecutor.java:617)
	at java.lang.Thread.run(Thread.java:745)
Caused by: java.io.IOException: No such file or directory
	at jnr.unixsocket.UnixSocketChannel.doConnect(UnixSocketChannel.java:127)
	at jnr.unixsocket.UnixSocketChannel.connect(UnixSocketChannel.java:136)
	at jnr.unixsocket.UnixSocketChannel.connect(UnixSocketChannel.java:223)
	at com.spotify.docker.client.UnixConnectionSocketFactory.connectSocket(UnixConnectionSocketFactory.java:85)
	at org.apache.http.impl.conn.DefaultHttpClientConnectionOperator.connect(DefaultHttpClientConnectionOperator.java:134)
	at org.apache.http.impl.conn.PoolingHttpClientConnectionManager.connect(PoolingHttpClientConnectionManager.java:353)
	at org.apache.http.impl.execchain.MainClientExec.establishRoute(MainClientExec.java:380)
	at org.apache.http.impl.execchain.MainClientExec.execute(MainClientExec.java:236)
	at org.apache.http.impl.execchain.ProtocolExec.execute(ProtocolExec.java:184)
	at org.apache.http.impl.execchain.RetryExec.execute(RetryExec.java:88)
	at org.apache.http.impl.execchain.RedirectExec.execute(RedirectExec.java:110)
	at org.apache.http.impl.client.InternalHttpClient.doExecute(InternalHttpClient.java:184)
	at org.apache.http.impl.client.CloseableHttpClient.execute(CloseableHttpClient.java:71)
	at org.glassfish.jersey.apache.connector.ApacheConnector.apply(ApacheConnector.java:435)
	... 21 more
</error>
    <system-err>Jun 02, 2018 7:44:41 AM org.apache.http.impl.execchain.RetryExec execute
INFO: I/O exception (java.io.IOException) caught when processing request to {}-&gt;unix://localhost:80: No such file or directory
Jun 02, 2018 7:44:41 AM org.apache.http.impl.execchain.RetryExec execute
INFO: Retrying request to {}-&gt;unix://localhost:80
Jun 02, 2018 7:44:41 AM org.apache.http.impl.execchain.RetryExec execute
INFO: I/O exception (java.io.IOException) caught when processing request to {}-&gt;unix://localhost:80: No such file or directory
Jun 02, 2018 7:44:41 AM org.apache.http.impl.execchain.RetryExec execute
INFO: Retrying request to {}-&gt;unix://localhost:80
Jun 02, 2018 7:44:41 AM org.apache.http.impl.execchain.RetryExec execute
INFO: I/O exception (java.io.IOException) caught when processing request to {}-&gt;unix://localhost:80: No such file or directory
Jun 02, 2018 7:44:41 AM org.apache.http.impl.execchain.RetryExec execute
INFO: Retrying request to {}-&gt;unix://localhost:80
</system-err>
  </testcase>
  <testcase classname="com.spotify.docker.client.DefaultDockerClientTest" name="testStopBadContainer" time="0.02">
    <error type="java.lang.NullPointerException">java.lang.NullPointerException
	at com.spotify.docker.client.VersionCompare.compareVersion(VersionCompare.java:45)
	at com.spotify.docker.client.DefaultDockerClientTest.dockerApiVersionAtLeast(DefaultDockerClientTest.java:404)
	at com.spotify.docker.client.DefaultDockerClientTest.tearDown(DefaultDockerClientTest.java:356)
	at sun.reflect.GeneratedMethodAccessor11.invoke(Unknown Source)
	at sun.reflect.DelegatingMethodAccessorImpl.invoke(DelegatingMethodAccessorImpl.java:43)
	at java.lang.reflect.Method.invoke(Method.java:498)
	at org.junit.runners.model.FrameworkMethod$1.runReflectiveCall(FrameworkMethod.java:50)
	at org.junit.internal.runners.model.ReflectiveCallable.run(ReflectiveCallable.java:12)
	at org.junit.runners.model.FrameworkMethod.invokeExplosively(FrameworkMethod.java:47)
	at org.junit.internal.runners.statements.RunAfters.evaluate(RunAfters.java:33)
	at org.junit.rules.ExpectedException$ExpectedExceptionStatement.evaluate(ExpectedException.java:239)
	at org.junit.rules.TestWatcher$1.evaluate(TestWatcher.java:55)
	at org.junit.rules.RunRules.evaluate(RunRules.java:20)
	at org.junit.runners.ParentRunner.runLeaf(ParentRunner.java:325)
	at org.junit.runners.BlockJUnit4ClassRunner.runChild(BlockJUnit4ClassRunner.java:78)
	at org.junit.runners.BlockJUnit4ClassRunner.runChild(BlockJUnit4ClassRunner.java:57)
	at org.junit.runners.ParentRunner$3.run(ParentRunner.java:290)
	at org.junit.runners.ParentRunner$1.schedule(ParentRunner.java:71)
	at org.junit.runners.ParentRunner.runChildren(ParentRunner.java:288)
	at org.junit.runners.ParentRunner.access$000(ParentRunner.java:58)
	at org.junit.runners.ParentRunner$2.evaluate(ParentRunner.java:268)
	at org.junit.runners.ParentRunner.run(ParentRunner.java:363)
	at org.apache.maven.surefire.junit4.JUnit4Provider.execute(JUnit4Provider.java:252)
	at org.apache.maven.surefire.junit4.JUnit4Provider.executeTestSet(JUnit4Provider.java:141)
	at org.apache.maven.surefire.junit4.JUnit4Provider.invoke(JUnit4Provider.java:112)
	at sun.reflect.NativeMethodAccessorImpl.invoke0(Native Method)
	at sun.reflect.NativeMethodAccessorImpl.invoke(NativeMethodAccessorImpl.java:62)
	at sun.reflect.DelegatingMethodAccessorImpl.invoke(DelegatingMethodAccessorImpl.java:43)
	at java.lang.reflect.Method.invoke(Method.java:498)
	at org.apache.maven.surefire.util.ReflectionUtils.invokeMethodWithArray(ReflectionUtils.java:189)
	at org.apache.maven.surefire.booter.ProviderFactory$ProviderProxy.invoke(ProviderFactory.java:165)
	at org.apache.maven.surefire.booter.ProviderFactory.invokeProvider(ProviderFactory.java:85)
	at org.apache.maven.surefire.booter.ForkedBooter.runSuitesInProcess(ForkedBooter.java:115)
	at org.apache.maven.surefire.booter.ForkedBooter.main(ForkedBooter.java:75)
</error>
  </testcase>
  <testcase classname="com.spotify.docker.client.DefaultDockerClientTest" name="testCreate" time="0.019">
    <error message="java.util.concurrent.ExecutionException: javax.ws.rs.ProcessingException: java.io.IOException: No such file or directory" type="com.spotify.docker.client.exceptions.DockerException">com.spotify.docker.client.exceptions.DockerException: java.util.concurrent.ExecutionException: javax.ws.rs.ProcessingException: java.io.IOException: No such file or directory
	at com.spotify.docker.client.DefaultDockerClient.propagate(DefaultDockerClient.java:2812)
	at com.spotify.docker.client.DefaultDockerClient.request(DefaultDockerClient.java:2676)
	at com.spotify.docker.client.DefaultDockerClient.version(DefaultDockerClient.java:572)
	at com.spotify.docker.client.DefaultDockerClientTest.setup(DefaultDockerClientTest.java:349)
	at sun.reflect.GeneratedMethodAccessor10.invoke(Unknown Source)
	at sun.reflect.DelegatingMethodAccessorImpl.invoke(DelegatingMethodAccessorImpl.java:43)
	at java.lang.reflect.Method.invoke(Method.java:498)
	at org.junit.runners.model.FrameworkMethod$1.runReflectiveCall(FrameworkMethod.java:50)
	at org.junit.internal.runners.model.ReflectiveCallable.run(ReflectiveCallable.java:12)
	at org.junit.runners.model.FrameworkMethod.invokeExplosively(FrameworkMethod.java:47)
	at org.junit.internal.runners.statements.RunBefores.evaluate(RunBefores.java:24)
	at org.junit.internal.runners.statements.RunAfters.evaluate(RunAfters.java:27)
	at org.junit.rules.ExpectedException$ExpectedExceptionStatement.evaluate(ExpectedException.java:239)
	at org.junit.rules.TestWatcher$1.evaluate(TestWatcher.java:55)
	at org.junit.rules.RunRules.evaluate(RunRules.java:20)
	at org.junit.runners.ParentRunner.runLeaf(ParentRunner.java:325)
	at org.junit.runners.BlockJUnit4ClassRunner.runChild(BlockJUnit4ClassRunner.java:78)
	at org.junit.runners.BlockJUnit4ClassRunner.runChild(BlockJUnit4ClassRunner.java:57)
	at org.junit.runners.ParentRunner$3.run(ParentRunner.java:290)
	at org.junit.runners.ParentRunner$1.schedule(ParentRunner.java:71)
	at org.junit.runners.ParentRunner.runChildren(ParentRunner.java:288)
	at org.junit.runners.ParentRunner.access$000(ParentRunner.java:58)
	at org.junit.runners.ParentRunner$2.evaluate(ParentRunner.java:268)
	at org.junit.runners.ParentRunner.run(ParentRunner.java:363)
	at org.apache.maven.surefire.junit4.JUnit4Provider.execute(JUnit4Provider.java:252)
	at org.apache.maven.surefire.junit4.JUnit4Provider.executeTestSet(JUnit4Provider.java:141)
	at org.apache.maven.surefire.junit4.JUnit4Provider.invoke(JUnit4Provider.java:112)
	at sun.reflect.NativeMethodAccessorImpl.invoke0(Native Method)
	at sun.reflect.NativeMethodAccessorImpl.invoke(NativeMethodAccessorImpl.java:62)
	at sun.reflect.DelegatingMethodAccessorImpl.invoke(DelegatingMethodAccessorImpl.java:43)
	at java.lang.reflect.Method.invoke(Method.java:498)
	at org.apache.maven.surefire.util.ReflectionUtils.invokeMethodWithArray(ReflectionUtils.java:189)
	at org.apache.maven.surefire.booter.ProviderFactory$ProviderProxy.invoke(ProviderFactory.java:165)
	at org.apache.maven.surefire.booter.ProviderFactory.invokeProvider(ProviderFactory.java:85)
	at org.apache.maven.surefire.booter.ForkedBooter.runSuitesInProcess(ForkedBooter.java:115)
	at org.apache.maven.surefire.booter.ForkedBooter.main(ForkedBooter.java:75)
Caused by: java.util.concurrent.ExecutionException: javax.ws.rs.ProcessingException: java.io.IOException: No such file or directory
	at jersey.repackaged.com.google.common.util.concurrent.AbstractFuture$Sync.getValue(AbstractFuture.java:299)
	at jersey.repackaged.com.google.common.util.concurrent.AbstractFuture$Sync.get(AbstractFuture.java:286)
	at jersey.repackaged.com.google.common.util.concurrent.AbstractFuture.get(AbstractFuture.java:116)
	at com.spotify.docker.client.DefaultDockerClient.request(DefaultDockerClient.java:2674)
	... 34 more
Caused by: javax.ws.rs.ProcessingException: java.io.IOException: No such file or directory
	at org.glassfish.jersey.apache.connector.ApacheConnector.apply(ApacheConnector.java:481)
	at org.glassfish.jersey.apache.connector.ApacheConnector$1.run(ApacheConnector.java:491)
	at java.util.concurrent.Executors$RunnableAdapter.call(Executors.java:511)
	at java.util.concurrent.FutureTask.run(FutureTask.java:266)
	at jersey.repackaged.com.google.common.util.concurrent.MoreExecutors$DirectExecutorService.execute(MoreExecutors.java:299)
	at java.util.concurrent.AbstractExecutorService.submit(AbstractExecutorService.java:112)
	at jersey.repackaged.com.google.common.util.concurrent.AbstractListeningExecutorService.submit(AbstractListeningExecutorService.java:50)
	at jersey.repackaged.com.google.common.util.concurrent.AbstractListeningExecutorService.submit(AbstractListeningExecutorService.java:37)
	at org.glassfish.jersey.apache.connector.ApacheConnector.apply(ApacheConnector.java:487)
	at org.glassfish.jersey.client.ClientRuntime$2.run(ClientRuntime.java:178)
	at org.glassfish.jersey.internal.Errors$1.call(Errors.java:271)
	at org.glassfish.jersey.internal.Errors$1.call(Errors.java:267)
	at org.glassfish.jersey.internal.Errors.process(Errors.java:315)
	at org.glassfish.jersey.internal.Errors.process(Errors.java:297)
	at org.glassfish.jersey.internal.Errors.process(Errors.java:267)
	at org.glassfish.jersey.process.internal.RequestScope.runInScope(RequestScope.java:340)
	at org.glassfish.jersey.client.ClientRuntime$3.run(ClientRuntime.java:210)
	at java.util.concurrent.Executors$RunnableAdapter.call(Executors.java:511)
	at java.util.concurrent.FutureTask.run(FutureTask.java:266)
	at java.util.concurrent.ThreadPoolExecutor.runWorker(ThreadPoolExecutor.java:1142)
	at java.util.concurrent.ThreadPoolExecutor$Worker.run(ThreadPoolExecutor.java:617)
	at java.lang.Thread.run(Thread.java:745)
Caused by: java.io.IOException: No such file or directory
	at jnr.unixsocket.UnixSocketChannel.doConnect(UnixSocketChannel.java:127)
	at jnr.unixsocket.UnixSocketChannel.connect(UnixSocketChannel.java:136)
	at jnr.unixsocket.UnixSocketChannel.connect(UnixSocketChannel.java:223)
	at com.spotify.docker.client.UnixConnectionSocketFactory.connectSocket(UnixConnectionSocketFactory.java:85)
	at org.apache.http.impl.conn.DefaultHttpClientConnectionOperator.connect(DefaultHttpClientConnectionOperator.java:134)
	at org.apache.http.impl.conn.PoolingHttpClientConnectionManager.connect(PoolingHttpClientConnectionManager.java:353)
	at org.apache.http.impl.execchain.MainClientExec.establishRoute(MainClientExec.java:380)
	at org.apache.http.impl.execchain.MainClientExec.execute(MainClientExec.java:236)
	at org.apache.http.impl.execchain.ProtocolExec.execute(ProtocolExec.java:184)
	at org.apache.http.impl.execchain.RetryExec.execute(RetryExec.java:88)
	at org.apache.http.impl.execchain.RedirectExec.execute(RedirectExec.java:110)
	at org.apache.http.impl.client.InternalHttpClient.doExecute(InternalHttpClient.java:184)
	at org.apache.http.impl.client.CloseableHttpClient.execute(CloseableHttpClient.java:71)
	at org.glassfish.jersey.apache.connector.ApacheConnector.apply(ApacheConnector.java:435)
	... 21 more
</error>
    <system-err>Jun 02, 2018 7:44:41 AM org.apache.http.impl.execchain.RetryExec execute
INFO: I/O exception (java.io.IOException) caught when processing request to {}-&gt;unix://localhost:80: No such file or directory
Jun 02, 2018 7:44:41 AM org.apache.http.impl.execchain.RetryExec execute
INFO: Retrying request to {}-&gt;unix://localhost:80
Jun 02, 2018 7:44:41 AM org.apache.http.impl.execchain.RetryExec execute
INFO: I/O exception (java.io.IOException) caught when processing request to {}-&gt;unix://localhost:80: No such file or directory
Jun 02, 2018 7:44:41 AM org.apache.http.impl.execchain.RetryExec execute
INFO: Retrying request to {}-&gt;unix://localhost:80
Jun 02, 2018 7:44:41 AM org.apache.http.impl.execchain.RetryExec execute
INFO: I/O exception (java.io.IOException) caught when processing request to {}-&gt;unix://localhost:80: No such file or directory
Jun 02, 2018 7:44:41 AM org.apache.http.impl.execchain.RetryExec execute
INFO: Retrying request to {}-&gt;unix://localhost:80
</system-err>
  </testcase>
  <testcase classname="com.spotify.docker.client.DefaultDockerClientTest" name="testCreate" time="0.019">
    <error type="java.lang.NullPointerException">java.lang.NullPointerException
	at com.spotify.docker.client.VersionCompare.compareVersion(VersionCompare.java:45)
	at com.spotify.docker.client.DefaultDockerClientTest.dockerApiVersionAtLeast(DefaultDockerClientTest.java:404)
	at com.spotify.docker.client.DefaultDockerClientTest.tearDown(DefaultDockerClientTest.java:356)
	at sun.reflect.GeneratedMethodAccessor11.invoke(Unknown Source)
	at sun.reflect.DelegatingMethodAccessorImpl.invoke(DelegatingMethodAccessorImpl.java:43)
	at java.lang.reflect.Method.invoke(Method.java:498)
	at org.junit.runners.model.FrameworkMethod$1.runReflectiveCall(FrameworkMethod.java:50)
	at org.junit.internal.runners.model.ReflectiveCallable.run(ReflectiveCallable.java:12)
	at org.junit.runners.model.FrameworkMethod.invokeExplosively(FrameworkMethod.java:47)
	at org.junit.internal.runners.statements.RunAfters.evaluate(RunAfters.java:33)
	at org.junit.rules.ExpectedException$ExpectedExceptionStatement.evaluate(ExpectedException.java:239)
	at org.junit.rules.TestWatcher$1.evaluate(TestWatcher.java:55)
	at org.junit.rules.RunRules.evaluate(RunRules.java:20)
	at org.junit.runners.ParentRunner.runLeaf(ParentRunner.java:325)
	at org.junit.runners.BlockJUnit4ClassRunner.runChild(BlockJUnit4ClassRunner.java:78)
	at org.junit.runners.BlockJUnit4ClassRunner.runChild(BlockJUnit4ClassRunner.java:57)
	at org.junit.runners.ParentRunner$3.run(ParentRunner.java:290)
	at org.junit.runners.ParentRunner$1.schedule(ParentRunner.java:71)
	at org.junit.runners.ParentRunner.runChildren(ParentRunner.java:288)
	at org.junit.runners.ParentRunner.access$000(ParentRunner.java:58)
	at org.junit.runners.ParentRunner$2.evaluate(ParentRunner.java:268)
	at org.junit.runners.ParentRunner.run(ParentRunner.java:363)
	at org.apache.maven.surefire.junit4.JUnit4Provider.execute(JUnit4Provider.java:252)
	at org.apache.maven.surefire.junit4.JUnit4Provider.executeTestSet(JUnit4Provider.java:141)
	at org.apache.maven.surefire.junit4.JUnit4Provider.invoke(JUnit4Provider.java:112)
	at sun.reflect.NativeMethodAccessorImpl.invoke0(Native Method)
	at sun.reflect.NativeMethodAccessorImpl.invoke(NativeMethodAccessorImpl.java:62)
	at sun.reflect.DelegatingMethodAccessorImpl.invoke(DelegatingMethodAccessorImpl.java:43)
	at java.lang.reflect.Method.invoke(Method.java:498)
	at org.apache.maven.surefire.util.ReflectionUtils.invokeMethodWithArray(ReflectionUtils.java:189)
	at org.apache.maven.surefire.booter.ProviderFactory$ProviderProxy.invoke(ProviderFactory.java:165)
	at org.apache.maven.surefire.booter.ProviderFactory.invokeProvider(ProviderFactory.java:85)
	at org.apache.maven.surefire.booter.ForkedBooter.runSuitesInProcess(ForkedBooter.java:115)
	at org.apache.maven.surefire.booter.ForkedBooter.main(ForkedBooter.java:75)
</error>
  </testcase>
  <testcase classname="com.spotify.docker.client.DefaultDockerClientTest" name="testImageLabels" time="0.019">
    <error message="java.util.concurrent.ExecutionException: javax.ws.rs.ProcessingException: java.io.IOException: No such file or directory" type="com.spotify.docker.client.exceptions.DockerException">com.spotify.docker.client.exceptions.DockerException: java.util.concurrent.ExecutionException: javax.ws.rs.ProcessingException: java.io.IOException: No such file or directory
	at com.spotify.docker.client.DefaultDockerClient.propagate(DefaultDockerClient.java:2812)
	at com.spotify.docker.client.DefaultDockerClient.request(DefaultDockerClient.java:2676)
	at com.spotify.docker.client.DefaultDockerClient.version(DefaultDockerClient.java:572)
	at com.spotify.docker.client.DefaultDockerClientTest.setup(DefaultDockerClientTest.java:349)
	at sun.reflect.GeneratedMethodAccessor10.invoke(Unknown Source)
	at sun.reflect.DelegatingMethodAccessorImpl.invoke(DelegatingMethodAccessorImpl.java:43)
	at java.lang.reflect.Method.invoke(Method.java:498)
	at org.junit.runners.model.FrameworkMethod$1.runReflectiveCall(FrameworkMethod.java:50)
	at org.junit.internal.runners.model.ReflectiveCallable.run(ReflectiveCallable.java:12)
	at org.junit.runners.model.FrameworkMethod.invokeExplosively(FrameworkMethod.java:47)
	at org.junit.internal.runners.statements.RunBefores.evaluate(RunBefores.java:24)
	at org.junit.internal.runners.statements.RunAfters.evaluate(RunAfters.java:27)
	at org.junit.rules.ExpectedException$ExpectedExceptionStatement.evaluate(ExpectedException.java:239)
	at org.junit.rules.TestWatcher$1.evaluate(TestWatcher.java:55)
	at org.junit.rules.RunRules.evaluate(RunRules.java:20)
	at org.junit.runners.ParentRunner.runLeaf(ParentRunner.java:325)
	at org.junit.runners.BlockJUnit4ClassRunner.runChild(BlockJUnit4ClassRunner.java:78)
	at org.junit.runners.BlockJUnit4ClassRunner.runChild(BlockJUnit4ClassRunner.java:57)
	at org.junit.runners.ParentRunner$3.run(ParentRunner.java:290)
	at org.junit.runners.ParentRunner$1.schedule(ParentRunner.java:71)
	at org.junit.runners.ParentRunner.runChildren(ParentRunner.java:288)
	at org.junit.runners.ParentRunner.access$000(ParentRunner.java:58)
	at org.junit.runners.ParentRunner$2.evaluate(ParentRunner.java:268)
	at org.junit.runners.ParentRunner.run(ParentRunner.java:363)
	at org.apache.maven.surefire.junit4.JUnit4Provider.execute(JUnit4Provider.java:252)
	at org.apache.maven.surefire.junit4.JUnit4Provider.executeTestSet(JUnit4Provider.java:141)
	at org.apache.maven.surefire.junit4.JUnit4Provider.invoke(JUnit4Provider.java:112)
	at sun.reflect.NativeMethodAccessorImpl.invoke0(Native Method)
	at sun.reflect.NativeMethodAccessorImpl.invoke(NativeMethodAccessorImpl.java:62)
	at sun.reflect.DelegatingMethodAccessorImpl.invoke(DelegatingMethodAccessorImpl.java:43)
	at java.lang.reflect.Method.invoke(Method.java:498)
	at org.apache.maven.surefire.util.ReflectionUtils.invokeMethodWithArray(ReflectionUtils.java:189)
	at org.apache.maven.surefire.booter.ProviderFactory$ProviderProxy.invoke(ProviderFactory.java:165)
	at org.apache.maven.surefire.booter.ProviderFactory.invokeProvider(ProviderFactory.java:85)
	at org.apache.maven.surefire.booter.ForkedBooter.runSuitesInProcess(ForkedBooter.java:115)
	at org.apache.maven.surefire.booter.ForkedBooter.main(ForkedBooter.java:75)
Caused by: java.util.concurrent.ExecutionException: javax.ws.rs.ProcessingException: java.io.IOException: No such file or directory
	at jersey.repackaged.com.google.common.util.concurrent.AbstractFuture$Sync.getValue(AbstractFuture.java:299)
	at jersey.repackaged.com.google.common.util.concurrent.AbstractFuture$Sync.get(AbstractFuture.java:286)
	at jersey.repackaged.com.google.common.util.concurrent.AbstractFuture.get(AbstractFuture.java:116)
	at com.spotify.docker.client.DefaultDockerClient.request(DefaultDockerClient.java:2674)
	... 34 more
Caused by: javax.ws.rs.ProcessingException: java.io.IOException: No such file or directory
	at org.glassfish.jersey.apache.connector.ApacheConnector.apply(ApacheConnector.java:481)
	at org.glassfish.jersey.apache.connector.ApacheConnector$1.run(ApacheConnector.java:491)
	at java.util.concurrent.Executors$RunnableAdapter.call(Executors.java:511)
	at java.util.concurrent.FutureTask.run(FutureTask.java:266)
	at jersey.repackaged.com.google.common.util.concurrent.MoreExecutors$DirectExecutorService.execute(MoreExecutors.java:299)
	at java.util.concurrent.AbstractExecutorService.submit(AbstractExecutorService.java:112)
	at jersey.repackaged.com.google.common.util.concurrent.AbstractListeningExecutorService.submit(AbstractListeningExecutorService.java:50)
	at jersey.repackaged.com.google.common.util.concurrent.AbstractListeningExecutorService.submit(AbstractListeningExecutorService.java:37)
	at org.glassfish.jersey.apache.connector.ApacheConnector.apply(ApacheConnector.java:487)
	at org.glassfish.jersey.client.ClientRuntime$2.run(ClientRuntime.java:178)
	at org.glassfish.jersey.internal.Errors$1.call(Errors.java:271)
	at org.glassfish.jersey.internal.Errors$1.call(Errors.java:267)
	at org.glassfish.jersey.internal.Errors.process(Errors.java:315)
	at org.glassfish.jersey.internal.Errors.process(Errors.java:297)
	at org.glassfish.jersey.internal.Errors.process(Errors.java:267)
	at org.glassfish.jersey.process.internal.RequestScope.runInScope(RequestScope.java:340)
	at org.glassfish.jersey.client.ClientRuntime$3.run(ClientRuntime.java:210)
	at java.util.concurrent.Executors$RunnableAdapter.call(Executors.java:511)
	at java.util.concurrent.FutureTask.run(FutureTask.java:266)
	at java.util.concurrent.ThreadPoolExecutor.runWorker(ThreadPoolExecutor.java:1142)
	at java.util.concurrent.ThreadPoolExecutor$Worker.run(ThreadPoolExecutor.java:617)
	at java.lang.Thread.run(Thread.java:745)
Caused by: java.io.IOException: No such file or directory
	at jnr.unixsocket.UnixSocketChannel.doConnect(UnixSocketChannel.java:127)
	at jnr.unixsocket.UnixSocketChannel.connect(UnixSocketChannel.java:136)
	at jnr.unixsocket.UnixSocketChannel.connect(UnixSocketChannel.java:223)
	at com.spotify.docker.client.UnixConnectionSocketFactory.connectSocket(UnixConnectionSocketFactory.java:85)
	at org.apache.http.impl.conn.DefaultHttpClientConnectionOperator.connect(DefaultHttpClientConnectionOperator.java:134)
	at org.apache.http.impl.conn.PoolingHttpClientConnectionManager.connect(PoolingHttpClientConnectionManager.java:353)
	at org.apache.http.impl.execchain.MainClientExec.establishRoute(MainClientExec.java:380)
	at org.apache.http.impl.execchain.MainClientExec.execute(MainClientExec.java:236)
	at org.apache.http.impl.execchain.ProtocolExec.execute(ProtocolExec.java:184)
	at org.apache.http.impl.execchain.RetryExec.execute(RetryExec.java:88)
	at org.apache.http.impl.execchain.RedirectExec.execute(RedirectExec.java:110)
	at org.apache.http.impl.client.InternalHttpClient.doExecute(InternalHttpClient.java:184)
	at org.apache.http.impl.client.CloseableHttpClient.execute(CloseableHttpClient.java:71)
	at org.glassfish.jersey.apache.connector.ApacheConnector.apply(ApacheConnector.java:435)
	... 21 more
</error>
    <system-err>Jun 02, 2018 7:44:41 AM org.apache.http.impl.execchain.RetryExec execute
INFO: I/O exception (java.io.IOException) caught when processing request to {}-&gt;unix://localhost:80: No such file or directory
Jun 02, 2018 7:44:41 AM org.apache.http.impl.execchain.RetryExec execute
INFO: Retrying request to {}-&gt;unix://localhost:80
Jun 02, 2018 7:44:41 AM org.apache.http.impl.execchain.RetryExec execute
INFO: I/O exception (java.io.IOException) caught when processing request to {}-&gt;unix://localhost:80: No such file or directory
Jun 02, 2018 7:44:41 AM org.apache.http.impl.execchain.RetryExec execute
INFO: Retrying request to {}-&gt;unix://localhost:80
Jun 02, 2018 7:44:41 AM org.apache.http.impl.execchain.RetryExec execute
INFO: I/O exception (java.io.IOException) caught when processing request to {}-&gt;unix://localhost:80: No such file or directory
Jun 02, 2018 7:44:41 AM org.apache.http.impl.execchain.RetryExec execute
INFO: Retrying request to {}-&gt;unix://localhost:80
</system-err>
  </testcase>
  <testcase classname="com.spotify.docker.client.DefaultDockerClientTest" name="testImageLabels" time="0.019">
    <error type="java.lang.NullPointerException">java.lang.NullPointerException
	at com.spotify.docker.client.VersionCompare.compareVersion(VersionCompare.java:45)
	at com.spotify.docker.client.DefaultDockerClientTest.dockerApiVersionAtLeast(DefaultDockerClientTest.java:404)
	at com.spotify.docker.client.DefaultDockerClientTest.tearDown(DefaultDockerClientTest.java:356)
	at sun.reflect.GeneratedMethodAccessor11.invoke(Unknown Source)
	at sun.reflect.DelegatingMethodAccessorImpl.invoke(DelegatingMethodAccessorImpl.java:43)
	at java.lang.reflect.Method.invoke(Method.java:498)
	at org.junit.runners.model.FrameworkMethod$1.runReflectiveCall(FrameworkMethod.java:50)
	at org.junit.internal.runners.model.ReflectiveCallable.run(ReflectiveCallable.java:12)
	at org.junit.runners.model.FrameworkMethod.invokeExplosively(FrameworkMethod.java:47)
	at org.junit.internal.runners.statements.RunAfters.evaluate(RunAfters.java:33)
	at org.junit.rules.ExpectedException$ExpectedExceptionStatement.evaluate(ExpectedException.java:239)
	at org.junit.rules.TestWatcher$1.evaluate(TestWatcher.java:55)
	at org.junit.rules.RunRules.evaluate(RunRules.java:20)
	at org.junit.runners.ParentRunner.runLeaf(ParentRunner.java:325)
	at org.junit.runners.BlockJUnit4ClassRunner.runChild(BlockJUnit4ClassRunner.java:78)
	at org.junit.runners.BlockJUnit4ClassRunner.runChild(BlockJUnit4ClassRunner.java:57)
	at org.junit.runners.ParentRunner$3.run(ParentRunner.java:290)
	at org.junit.runners.ParentRunner$1.schedule(ParentRunner.java:71)
	at org.junit.runners.ParentRunner.runChildren(ParentRunner.java:288)
	at org.junit.runners.ParentRunner.access$000(ParentRunner.java:58)
	at org.junit.runners.ParentRunner$2.evaluate(ParentRunner.java:268)
	at org.junit.runners.ParentRunner.run(ParentRunner.java:363)
	at org.apache.maven.surefire.junit4.JUnit4Provider.execute(JUnit4Provider.java:252)
	at org.apache.maven.surefire.junit4.JUnit4Provider.executeTestSet(JUnit4Provider.java:141)
	at org.apache.maven.surefire.junit4.JUnit4Provider.invoke(JUnit4Provider.java:112)
	at sun.reflect.NativeMethodAccessorImpl.invoke0(Native Method)
	at sun.reflect.NativeMethodAccessorImpl.invoke(NativeMethodAccessorImpl.java:62)
	at sun.reflect.DelegatingMethodAccessorImpl.invoke(DelegatingMethodAccessorImpl.java:43)
	at java.lang.reflect.Method.invoke(Method.java:498)
	at org.apache.maven.surefire.util.ReflectionUtils.invokeMethodWithArray(ReflectionUtils.java:189)
	at org.apache.maven.surefire.booter.ProviderFactory$ProviderProxy.invoke(ProviderFactory.java:165)
	at org.apache.maven.surefire.booter.ProviderFactory.invokeProvider(ProviderFactory.java:85)
	at org.apache.maven.surefire.booter.ForkedBooter.runSuitesInProcess(ForkedBooter.java:115)
	at org.apache.maven.surefire.booter.ForkedBooter.main(ForkedBooter.java:75)
</error>
  </testcase>
  <testcase classname="com.spotify.docker.client.DefaultDockerClientTest" name="testOomKillDisable" time="0.022">
    <error message="java.util.concurrent.ExecutionException: javax.ws.rs.ProcessingException: java.io.IOException: No such file or directory" type="com.spotify.docker.client.exceptions.DockerException">com.spotify.docker.client.exceptions.DockerException: java.util.concurrent.ExecutionException: javax.ws.rs.ProcessingException: java.io.IOException: No such file or directory
	at com.spotify.docker.client.DefaultDockerClient.propagate(DefaultDockerClient.java:2812)
	at com.spotify.docker.client.DefaultDockerClient.request(DefaultDockerClient.java:2676)
	at com.spotify.docker.client.DefaultDockerClient.version(DefaultDockerClient.java:572)
	at com.spotify.docker.client.DefaultDockerClientTest.setup(DefaultDockerClientTest.java:349)
	at sun.reflect.GeneratedMethodAccessor10.invoke(Unknown Source)
	at sun.reflect.DelegatingMethodAccessorImpl.invoke(DelegatingMethodAccessorImpl.java:43)
	at java.lang.reflect.Method.invoke(Method.java:498)
	at org.junit.runners.model.FrameworkMethod$1.runReflectiveCall(FrameworkMethod.java:50)
	at org.junit.internal.runners.model.ReflectiveCallable.run(ReflectiveCallable.java:12)
	at org.junit.runners.model.FrameworkMethod.invokeExplosively(FrameworkMethod.java:47)
	at org.junit.internal.runners.statements.RunBefores.evaluate(RunBefores.java:24)
	at org.junit.internal.runners.statements.RunAfters.evaluate(RunAfters.java:27)
	at org.junit.rules.ExpectedException$ExpectedExceptionStatement.evaluate(ExpectedException.java:239)
	at org.junit.rules.TestWatcher$1.evaluate(TestWatcher.java:55)
	at org.junit.rules.RunRules.evaluate(RunRules.java:20)
	at org.junit.runners.ParentRunner.runLeaf(ParentRunner.java:325)
	at org.junit.runners.BlockJUnit4ClassRunner.runChild(BlockJUnit4ClassRunner.java:78)
	at org.junit.runners.BlockJUnit4ClassRunner.runChild(BlockJUnit4ClassRunner.java:57)
	at org.junit.runners.ParentRunner$3.run(ParentRunner.java:290)
	at org.junit.runners.ParentRunner$1.schedule(ParentRunner.java:71)
	at org.junit.runners.ParentRunner.runChildren(ParentRunner.java:288)
	at org.junit.runners.ParentRunner.access$000(ParentRunner.java:58)
	at org.junit.runners.ParentRunner$2.evaluate(ParentRunner.java:268)
	at org.junit.runners.ParentRunner.run(ParentRunner.java:363)
	at org.apache.maven.surefire.junit4.JUnit4Provider.execute(JUnit4Provider.java:252)
	at org.apache.maven.surefire.junit4.JUnit4Provider.executeTestSet(JUnit4Provider.java:141)
	at org.apache.maven.surefire.junit4.JUnit4Provider.invoke(JUnit4Provider.java:112)
	at sun.reflect.NativeMethodAccessorImpl.invoke0(Native Method)
	at sun.reflect.NativeMethodAccessorImpl.invoke(NativeMethodAccessorImpl.java:62)
	at sun.reflect.DelegatingMethodAccessorImpl.invoke(DelegatingMethodAccessorImpl.java:43)
	at java.lang.reflect.Method.invoke(Method.java:498)
	at org.apache.maven.surefire.util.ReflectionUtils.invokeMethodWithArray(ReflectionUtils.java:189)
	at org.apache.maven.surefire.booter.ProviderFactory$ProviderProxy.invoke(ProviderFactory.java:165)
	at org.apache.maven.surefire.booter.ProviderFactory.invokeProvider(ProviderFactory.java:85)
	at org.apache.maven.surefire.booter.ForkedBooter.runSuitesInProcess(ForkedBooter.java:115)
	at org.apache.maven.surefire.booter.ForkedBooter.main(ForkedBooter.java:75)
Caused by: java.util.concurrent.ExecutionException: javax.ws.rs.ProcessingException: java.io.IOException: No such file or directory
	at jersey.repackaged.com.google.common.util.concurrent.AbstractFuture$Sync.getValue(AbstractFuture.java:299)
	at jersey.repackaged.com.google.common.util.concurrent.AbstractFuture$Sync.get(AbstractFuture.java:286)
	at jersey.repackaged.com.google.common.util.concurrent.AbstractFuture.get(AbstractFuture.java:116)
	at com.spotify.docker.client.DefaultDockerClient.request(DefaultDockerClient.java:2674)
	... 34 more
Caused by: javax.ws.rs.ProcessingException: java.io.IOException: No such file or directory
	at org.glassfish.jersey.apache.connector.ApacheConnector.apply(ApacheConnector.java:481)
	at org.glassfish.jersey.apache.connector.ApacheConnector$1.run(ApacheConnector.java:491)
	at java.util.concurrent.Executors$RunnableAdapter.call(Executors.java:511)
	at java.util.concurrent.FutureTask.run(FutureTask.java:266)
	at jersey.repackaged.com.google.common.util.concurrent.MoreExecutors$DirectExecutorService.execute(MoreExecutors.java:299)
	at java.util.concurrent.AbstractExecutorService.submit(AbstractExecutorService.java:112)
	at jersey.repackaged.com.google.common.util.concurrent.AbstractListeningExecutorService.submit(AbstractListeningExecutorService.java:50)
	at jersey.repackaged.com.google.common.util.concurrent.AbstractListeningExecutorService.submit(AbstractListeningExecutorService.java:37)
	at org.glassfish.jersey.apache.connector.ApacheConnector.apply(ApacheConnector.java:487)
	at org.glassfish.jersey.client.ClientRuntime$2.run(ClientRuntime.java:178)
	at org.glassfish.jersey.internal.Errors$1.call(Errors.java:271)
	at org.glassfish.jersey.internal.Errors$1.call(Errors.java:267)
	at org.glassfish.jersey.internal.Errors.process(Errors.java:315)
	at org.glassfish.jersey.internal.Errors.process(Errors.java:297)
	at org.glassfish.jersey.internal.Errors.process(Errors.java:267)
	at org.glassfish.jersey.process.internal.RequestScope.runInScope(RequestScope.java:340)
	at org.glassfish.jersey.client.ClientRuntime$3.run(ClientRuntime.java:210)
	at java.util.concurrent.Executors$RunnableAdapter.call(Executors.java:511)
	at java.util.concurrent.FutureTask.run(FutureTask.java:266)
	at java.util.concurrent.ThreadPoolExecutor.runWorker(ThreadPoolExecutor.java:1142)
	at java.util.concurrent.ThreadPoolExecutor$Worker.run(ThreadPoolExecutor.java:617)
	at java.lang.Thread.run(Thread.java:745)
Caused by: java.io.IOException: No such file or directory
	at jnr.unixsocket.UnixSocketChannel.doConnect(UnixSocketChannel.java:127)
	at jnr.unixsocket.UnixSocketChannel.connect(UnixSocketChannel.java:136)
	at jnr.unixsocket.UnixSocketChannel.connect(UnixSocketChannel.java:223)
	at com.spotify.docker.client.UnixConnectionSocketFactory.connectSocket(UnixConnectionSocketFactory.java:85)
	at org.apache.http.impl.conn.DefaultHttpClientConnectionOperator.connect(DefaultHttpClientConnectionOperator.java:134)
	at org.apache.http.impl.conn.PoolingHttpClientConnectionManager.connect(PoolingHttpClientConnectionManager.java:353)
	at org.apache.http.impl.execchain.MainClientExec.establishRoute(MainClientExec.java:380)
	at org.apache.http.impl.execchain.MainClientExec.execute(MainClientExec.java:236)
	at org.apache.http.impl.execchain.ProtocolExec.execute(ProtocolExec.java:184)
	at org.apache.http.impl.execchain.RetryExec.execute(RetryExec.java:88)
	at org.apache.http.impl.execchain.RedirectExec.execute(RedirectExec.java:110)
	at org.apache.http.impl.client.InternalHttpClient.doExecute(InternalHttpClient.java:184)
	at org.apache.http.impl.client.CloseableHttpClient.execute(CloseableHttpClient.java:71)
	at org.glassfish.jersey.apache.connector.ApacheConnector.apply(ApacheConnector.java:435)
	... 21 more
</error>
    <system-err>Jun 02, 2018 7:44:41 AM org.apache.http.impl.execchain.RetryExec execute
INFO: I/O exception (java.io.IOException) caught when processing request to {}-&gt;unix://localhost:80: No such file or directory
Jun 02, 2018 7:44:41 AM org.apache.http.impl.execchain.RetryExec execute
INFO: Retrying request to {}-&gt;unix://localhost:80
Jun 02, 2018 7:44:41 AM org.apache.http.impl.execchain.RetryExec execute
INFO: I/O exception (java.io.IOException) caught when processing request to {}-&gt;unix://localhost:80: No such file or directory
Jun 02, 2018 7:44:41 AM org.apache.http.impl.execchain.RetryExec execute
INFO: Retrying request to {}-&gt;unix://localhost:80
Jun 02, 2018 7:44:41 AM org.apache.http.impl.execchain.RetryExec execute
INFO: I/O exception (java.io.IOException) caught when processing request to {}-&gt;unix://localhost:80: No such file or directory
Jun 02, 2018 7:44:41 AM org.apache.http.impl.execchain.RetryExec execute
INFO: Retrying request to {}-&gt;unix://localhost:80
</system-err>
  </testcase>
  <testcase classname="com.spotify.docker.client.DefaultDockerClientTest" name="testOomKillDisable" time="0.022">
    <error type="java.lang.NullPointerException">java.lang.NullPointerException
	at com.spotify.docker.client.VersionCompare.compareVersion(VersionCompare.java:45)
	at com.spotify.docker.client.DefaultDockerClientTest.dockerApiVersionAtLeast(DefaultDockerClientTest.java:404)
	at com.spotify.docker.client.DefaultDockerClientTest.tearDown(DefaultDockerClientTest.java:356)
	at sun.reflect.GeneratedMethodAccessor11.invoke(Unknown Source)
	at sun.reflect.DelegatingMethodAccessorImpl.invoke(DelegatingMethodAccessorImpl.java:43)
	at java.lang.reflect.Method.invoke(Method.java:498)
	at org.junit.runners.model.FrameworkMethod$1.runReflectiveCall(FrameworkMethod.java:50)
	at org.junit.internal.runners.model.ReflectiveCallable.run(ReflectiveCallable.java:12)
	at org.junit.runners.model.FrameworkMethod.invokeExplosively(FrameworkMethod.java:47)
	at org.junit.internal.runners.statements.RunAfters.evaluate(RunAfters.java:33)
	at org.junit.rules.ExpectedException$ExpectedExceptionStatement.evaluate(ExpectedException.java:239)
	at org.junit.rules.TestWatcher$1.evaluate(TestWatcher.java:55)
	at org.junit.rules.RunRules.evaluate(RunRules.java:20)
	at org.junit.runners.ParentRunner.runLeaf(ParentRunner.java:325)
	at org.junit.runners.BlockJUnit4ClassRunner.runChild(BlockJUnit4ClassRunner.java:78)
	at org.junit.runners.BlockJUnit4ClassRunner.runChild(BlockJUnit4ClassRunner.java:57)
	at org.junit.runners.ParentRunner$3.run(ParentRunner.java:290)
	at org.junit.runners.ParentRunner$1.schedule(ParentRunner.java:71)
	at org.junit.runners.ParentRunner.runChildren(ParentRunner.java:288)
	at org.junit.runners.ParentRunner.access$000(ParentRunner.java:58)
	at org.junit.runners.ParentRunner$2.evaluate(ParentRunner.java:268)
	at org.junit.runners.ParentRunner.run(ParentRunner.java:363)
	at org.apache.maven.surefire.junit4.JUnit4Provider.execute(JUnit4Provider.java:252)
	at org.apache.maven.surefire.junit4.JUnit4Provider.executeTestSet(JUnit4Provider.java:141)
	at org.apache.maven.surefire.junit4.JUnit4Provider.invoke(JUnit4Provider.java:112)
	at sun.reflect.NativeMethodAccessorImpl.invoke0(Native Method)
	at sun.reflect.NativeMethodAccessorImpl.invoke(NativeMethodAccessorImpl.java:62)
	at sun.reflect.DelegatingMethodAccessorImpl.invoke(DelegatingMethodAccessorImpl.java:43)
	at java.lang.reflect.Method.invoke(Method.java:498)
	at org.apache.maven.surefire.util.ReflectionUtils.invokeMethodWithArray(ReflectionUtils.java:189)
	at org.apache.maven.surefire.booter.ProviderFactory$ProviderProxy.invoke(ProviderFactory.java:165)
	at org.apache.maven.surefire.booter.ProviderFactory.invokeProvider(ProviderFactory.java:85)
	at org.apache.maven.surefire.booter.ForkedBooter.runSuitesInProcess(ForkedBooter.java:115)
	at org.apache.maven.surefire.booter.ForkedBooter.main(ForkedBooter.java:75)
</error>
  </testcase>
  <testcase classname="com.spotify.docker.client.DefaultDockerClientTest" name="testListTasksWithGlobalService" time="0.023">
    <error message="java.util.concurrent.ExecutionException: javax.ws.rs.ProcessingException: java.io.IOException: No such file or directory" type="com.spotify.docker.client.exceptions.DockerException">com.spotify.docker.client.exceptions.DockerException: java.util.concurrent.ExecutionException: javax.ws.rs.ProcessingException: java.io.IOException: No such file or directory
	at com.spotify.docker.client.DefaultDockerClient.propagate(DefaultDockerClient.java:2812)
	at com.spotify.docker.client.DefaultDockerClient.request(DefaultDockerClient.java:2676)
	at com.spotify.docker.client.DefaultDockerClient.version(DefaultDockerClient.java:572)
	at com.spotify.docker.client.DefaultDockerClientTest.setup(DefaultDockerClientTest.java:349)
	at sun.reflect.GeneratedMethodAccessor10.invoke(Unknown Source)
	at sun.reflect.DelegatingMethodAccessorImpl.invoke(DelegatingMethodAccessorImpl.java:43)
	at java.lang.reflect.Method.invoke(Method.java:498)
	at org.junit.runners.model.FrameworkMethod$1.runReflectiveCall(FrameworkMethod.java:50)
	at org.junit.internal.runners.model.ReflectiveCallable.run(ReflectiveCallable.java:12)
	at org.junit.runners.model.FrameworkMethod.invokeExplosively(FrameworkMethod.java:47)
	at org.junit.internal.runners.statements.RunBefores.evaluate(RunBefores.java:24)
	at org.junit.internal.runners.statements.RunAfters.evaluate(RunAfters.java:27)
	at org.junit.rules.ExpectedException$ExpectedExceptionStatement.evaluate(ExpectedException.java:239)
	at org.junit.rules.TestWatcher$1.evaluate(TestWatcher.java:55)
	at org.junit.rules.RunRules.evaluate(RunRules.java:20)
	at org.junit.runners.ParentRunner.runLeaf(ParentRunner.java:325)
	at org.junit.runners.BlockJUnit4ClassRunner.runChild(BlockJUnit4ClassRunner.java:78)
	at org.junit.runners.BlockJUnit4ClassRunner.runChild(BlockJUnit4ClassRunner.java:57)
	at org.junit.runners.ParentRunner$3.run(ParentRunner.java:290)
	at org.junit.runners.ParentRunner$1.schedule(ParentRunner.java:71)
	at org.junit.runners.ParentRunner.runChildren(ParentRunner.java:288)
	at org.junit.runners.ParentRunner.access$000(ParentRunner.java:58)
	at org.junit.runners.ParentRunner$2.evaluate(ParentRunner.java:268)
	at org.junit.runners.ParentRunner.run(ParentRunner.java:363)
	at org.apache.maven.surefire.junit4.JUnit4Provider.execute(JUnit4Provider.java:252)
	at org.apache.maven.surefire.junit4.JUnit4Provider.executeTestSet(JUnit4Provider.java:141)
	at org.apache.maven.surefire.junit4.JUnit4Provider.invoke(JUnit4Provider.java:112)
	at sun.reflect.NativeMethodAccessorImpl.invoke0(Native Method)
	at sun.reflect.NativeMethodAccessorImpl.invoke(NativeMethodAccessorImpl.java:62)
	at sun.reflect.DelegatingMethodAccessorImpl.invoke(DelegatingMethodAccessorImpl.java:43)
	at java.lang.reflect.Method.invoke(Method.java:498)
	at org.apache.maven.surefire.util.ReflectionUtils.invokeMethodWithArray(ReflectionUtils.java:189)
	at org.apache.maven.surefire.booter.ProviderFactory$ProviderProxy.invoke(ProviderFactory.java:165)
	at org.apache.maven.surefire.booter.ProviderFactory.invokeProvider(ProviderFactory.java:85)
	at org.apache.maven.surefire.booter.ForkedBooter.runSuitesInProcess(ForkedBooter.java:115)
	at org.apache.maven.surefire.booter.ForkedBooter.main(ForkedBooter.java:75)
Caused by: java.util.concurrent.ExecutionException: javax.ws.rs.ProcessingException: java.io.IOException: No such file or directory
	at jersey.repackaged.com.google.common.util.concurrent.AbstractFuture$Sync.getValue(AbstractFuture.java:299)
	at jersey.repackaged.com.google.common.util.concurrent.AbstractFuture$Sync.get(AbstractFuture.java:286)
	at jersey.repackaged.com.google.common.util.concurrent.AbstractFuture.get(AbstractFuture.java:116)
	at com.spotify.docker.client.DefaultDockerClient.request(DefaultDockerClient.java:2674)
	... 34 more
Caused by: javax.ws.rs.ProcessingException: java.io.IOException: No such file or directory
	at org.glassfish.jersey.apache.connector.ApacheConnector.apply(ApacheConnector.java:481)
	at org.glassfish.jersey.apache.connector.ApacheConnector$1.run(ApacheConnector.java:491)
	at java.util.concurrent.Executors$RunnableAdapter.call(Executors.java:511)
	at java.util.concurrent.FutureTask.run(FutureTask.java:266)
	at jersey.repackaged.com.google.common.util.concurrent.MoreExecutors$DirectExecutorService.execute(MoreExecutors.java:299)
	at java.util.concurrent.AbstractExecutorService.submit(AbstractExecutorService.java:112)
	at jersey.repackaged.com.google.common.util.concurrent.AbstractListeningExecutorService.submit(AbstractListeningExecutorService.java:50)
	at jersey.repackaged.com.google.common.util.concurrent.AbstractListeningExecutorService.submit(AbstractListeningExecutorService.java:37)
	at org.glassfish.jersey.apache.connector.ApacheConnector.apply(ApacheConnector.java:487)
	at org.glassfish.jersey.client.ClientRuntime$2.run(ClientRuntime.java:178)
	at org.glassfish.jersey.internal.Errors$1.call(Errors.java:271)
	at org.glassfish.jersey.internal.Errors$1.call(Errors.java:267)
	at org.glassfish.jersey.internal.Errors.process(Errors.java:315)
	at org.glassfish.jersey.internal.Errors.process(Errors.java:297)
	at org.glassfish.jersey.internal.Errors.process(Errors.java:267)
	at org.glassfish.jersey.process.internal.RequestScope.runInScope(RequestScope.java:340)
	at org.glassfish.jersey.client.ClientRuntime$3.run(ClientRuntime.java:210)
	at java.util.concurrent.Executors$RunnableAdapter.call(Executors.java:511)
	at java.util.concurrent.FutureTask.run(FutureTask.java:266)
	at java.util.concurrent.ThreadPoolExecutor.runWorker(ThreadPoolExecutor.java:1142)
	at java.util.concurrent.ThreadPoolExecutor$Worker.run(ThreadPoolExecutor.java:617)
	at java.lang.Thread.run(Thread.java:745)
Caused by: java.io.IOException: No such file or directory
	at jnr.unixsocket.UnixSocketChannel.doConnect(UnixSocketChannel.java:127)
	at jnr.unixsocket.UnixSocketChannel.connect(UnixSocketChannel.java:136)
	at jnr.unixsocket.UnixSocketChannel.connect(UnixSocketChannel.java:223)
	at com.spotify.docker.client.UnixConnectionSocketFactory.connectSocket(UnixConnectionSocketFactory.java:85)
	at org.apache.http.impl.conn.DefaultHttpClientConnectionOperator.connect(DefaultHttpClientConnectionOperator.java:134)
	at org.apache.http.impl.conn.PoolingHttpClientConnectionManager.connect(PoolingHttpClientConnectionManager.java:353)
	at org.apache.http.impl.execchain.MainClientExec.establishRoute(MainClientExec.java:380)
	at org.apache.http.impl.execchain.MainClientExec.execute(MainClientExec.java:236)
	at org.apache.http.impl.execchain.ProtocolExec.execute(ProtocolExec.java:184)
	at org.apache.http.impl.execchain.RetryExec.execute(RetryExec.java:88)
	at org.apache.http.impl.execchain.RedirectExec.execute(RedirectExec.java:110)
	at org.apache.http.impl.client.InternalHttpClient.doExecute(InternalHttpClient.java:184)
	at org.apache.http.impl.client.CloseableHttpClient.execute(CloseableHttpClient.java:71)
	at org.glassfish.jersey.apache.connector.ApacheConnector.apply(ApacheConnector.java:435)
	... 21 more
</error>
    <system-err>Jun 02, 2018 7:44:41 AM org.apache.http.impl.execchain.RetryExec execute
INFO: I/O exception (java.io.IOException) caught when processing request to {}-&gt;unix://localhost:80: No such file or directory
Jun 02, 2018 7:44:41 AM org.apache.http.impl.execchain.RetryExec execute
INFO: Retrying request to {}-&gt;unix://localhost:80
Jun 02, 2018 7:44:41 AM org.apache.http.impl.execchain.RetryExec execute
INFO: I/O exception (java.io.IOException) caught when processing request to {}-&gt;unix://localhost:80: No such file or directory
Jun 02, 2018 7:44:41 AM org.apache.http.impl.execchain.RetryExec execute
INFO: Retrying request to {}-&gt;unix://localhost:80
Jun 02, 2018 7:44:41 AM org.apache.http.impl.execchain.RetryExec execute
INFO: I/O exception (java.io.IOException) caught when processing request to {}-&gt;unix://localhost:80: No such file or directory
Jun 02, 2018 7:44:41 AM org.apache.http.impl.execchain.RetryExec execute
INFO: Retrying request to {}-&gt;unix://localhost:80
</system-err>
  </testcase>
  <testcase classname="com.spotify.docker.client.DefaultDockerClientTest" name="testListTasksWithGlobalService" time="0.023">
    <error type="java.lang.NullPointerException">java.lang.NullPointerException
	at com.spotify.docker.client.VersionCompare.compareVersion(VersionCompare.java:45)
	at com.spotify.docker.client.DefaultDockerClientTest.dockerApiVersionAtLeast(DefaultDockerClientTest.java:404)
	at com.spotify.docker.client.DefaultDockerClientTest.tearDown(DefaultDockerClientTest.java:356)
	at sun.reflect.GeneratedMethodAccessor11.invoke(Unknown Source)
	at sun.reflect.DelegatingMethodAccessorImpl.invoke(DelegatingMethodAccessorImpl.java:43)
	at java.lang.reflect.Method.invoke(Method.java:498)
	at org.junit.runners.model.FrameworkMethod$1.runReflectiveCall(FrameworkMethod.java:50)
	at org.junit.internal.runners.model.ReflectiveCallable.run(ReflectiveCallable.java:12)
	at org.junit.runners.model.FrameworkMethod.invokeExplosively(FrameworkMethod.java:47)
	at org.junit.internal.runners.statements.RunAfters.evaluate(RunAfters.java:33)
	at org.junit.rules.ExpectedException$ExpectedExceptionStatement.evaluate(ExpectedException.java:239)
	at org.junit.rules.TestWatcher$1.evaluate(TestWatcher.java:55)
	at org.junit.rules.RunRules.evaluate(RunRules.java:20)
	at org.junit.runners.ParentRunner.runLeaf(ParentRunner.java:325)
	at org.junit.runners.BlockJUnit4ClassRunner.runChild(BlockJUnit4ClassRunner.java:78)
	at org.junit.runners.BlockJUnit4ClassRunner.runChild(BlockJUnit4ClassRunner.java:57)
	at org.junit.runners.ParentRunner$3.run(ParentRunner.java:290)
	at org.junit.runners.ParentRunner$1.schedule(ParentRunner.java:71)
	at org.junit.runners.ParentRunner.runChildren(ParentRunner.java:288)
	at org.junit.runners.ParentRunner.access$000(ParentRunner.java:58)
	at org.junit.runners.ParentRunner$2.evaluate(ParentRunner.java:268)
	at org.junit.runners.ParentRunner.run(ParentRunner.java:363)
	at org.apache.maven.surefire.junit4.JUnit4Provider.execute(JUnit4Provider.java:252)
	at org.apache.maven.surefire.junit4.JUnit4Provider.executeTestSet(JUnit4Provider.java:141)
	at org.apache.maven.surefire.junit4.JUnit4Provider.invoke(JUnit4Provider.java:112)
	at sun.reflect.NativeMethodAccessorImpl.invoke0(Native Method)
	at sun.reflect.NativeMethodAccessorImpl.invoke(NativeMethodAccessorImpl.java:62)
	at sun.reflect.DelegatingMethodAccessorImpl.invoke(DelegatingMethodAccessorImpl.java:43)
	at java.lang.reflect.Method.invoke(Method.java:498)
	at org.apache.maven.surefire.util.ReflectionUtils.invokeMethodWithArray(ReflectionUtils.java:189)
	at org.apache.maven.surefire.booter.ProviderFactory$ProviderProxy.invoke(ProviderFactory.java:165)
	at org.apache.maven.surefire.booter.ProviderFactory.invokeProvider(ProviderFactory.java:85)
	at org.apache.maven.surefire.booter.ForkedBooter.runSuitesInProcess(ForkedBooter.java:115)
	at org.apache.maven.surefire.booter.ForkedBooter.main(ForkedBooter.java:75)
</error>
  </testcase>
  <testcase classname="com.spotify.docker.client.DefaultDockerClientTest" name="testMacAddress" time="0.021">
    <error message="java.util.concurrent.ExecutionException: javax.ws.rs.ProcessingException: java.io.IOException: No such file or directory" type="com.spotify.docker.client.exceptions.DockerException">com.spotify.docker.client.exceptions.DockerException: java.util.concurrent.ExecutionException: javax.ws.rs.ProcessingException: java.io.IOException: No such file or directory
	at com.spotify.docker.client.DefaultDockerClient.propagate(DefaultDockerClient.java:2812)
	at com.spotify.docker.client.DefaultDockerClient.request(DefaultDockerClient.java:2676)
	at com.spotify.docker.client.DefaultDockerClient.version(DefaultDockerClient.java:572)
	at com.spotify.docker.client.DefaultDockerClientTest.setup(DefaultDockerClientTest.java:349)
	at sun.reflect.GeneratedMethodAccessor10.invoke(Unknown Source)
	at sun.reflect.DelegatingMethodAccessorImpl.invoke(DelegatingMethodAccessorImpl.java:43)
	at java.lang.reflect.Method.invoke(Method.java:498)
	at org.junit.runners.model.FrameworkMethod$1.runReflectiveCall(FrameworkMethod.java:50)
	at org.junit.internal.runners.model.ReflectiveCallable.run(ReflectiveCallable.java:12)
	at org.junit.runners.model.FrameworkMethod.invokeExplosively(FrameworkMethod.java:47)
	at org.junit.internal.runners.statements.RunBefores.evaluate(RunBefores.java:24)
	at org.junit.internal.runners.statements.RunAfters.evaluate(RunAfters.java:27)
	at org.junit.rules.ExpectedException$ExpectedExceptionStatement.evaluate(ExpectedException.java:239)
	at org.junit.rules.TestWatcher$1.evaluate(TestWatcher.java:55)
	at org.junit.rules.RunRules.evaluate(RunRules.java:20)
	at org.junit.runners.ParentRunner.runLeaf(ParentRunner.java:325)
	at org.junit.runners.BlockJUnit4ClassRunner.runChild(BlockJUnit4ClassRunner.java:78)
	at org.junit.runners.BlockJUnit4ClassRunner.runChild(BlockJUnit4ClassRunner.java:57)
	at org.junit.runners.ParentRunner$3.run(ParentRunner.java:290)
	at org.junit.runners.ParentRunner$1.schedule(ParentRunner.java:71)
	at org.junit.runners.ParentRunner.runChildren(ParentRunner.java:288)
	at org.junit.runners.ParentRunner.access$000(ParentRunner.java:58)
	at org.junit.runners.ParentRunner$2.evaluate(ParentRunner.java:268)
	at org.junit.runners.ParentRunner.run(ParentRunner.java:363)
	at org.apache.maven.surefire.junit4.JUnit4Provider.execute(JUnit4Provider.java:252)
	at org.apache.maven.surefire.junit4.JUnit4Provider.executeTestSet(JUnit4Provider.java:141)
	at org.apache.maven.surefire.junit4.JUnit4Provider.invoke(JUnit4Provider.java:112)
	at sun.reflect.NativeMethodAccessorImpl.invoke0(Native Method)
	at sun.reflect.NativeMethodAccessorImpl.invoke(NativeMethodAccessorImpl.java:62)
	at sun.reflect.DelegatingMethodAccessorImpl.invoke(DelegatingMethodAccessorImpl.java:43)
	at java.lang.reflect.Method.invoke(Method.java:498)
	at org.apache.maven.surefire.util.ReflectionUtils.invokeMethodWithArray(ReflectionUtils.java:189)
	at org.apache.maven.surefire.booter.ProviderFactory$ProviderProxy.invoke(ProviderFactory.java:165)
	at org.apache.maven.surefire.booter.ProviderFactory.invokeProvider(ProviderFactory.java:85)
	at org.apache.maven.surefire.booter.ForkedBooter.runSuitesInProcess(ForkedBooter.java:115)
	at org.apache.maven.surefire.booter.ForkedBooter.main(ForkedBooter.java:75)
Caused by: java.util.concurrent.ExecutionException: javax.ws.rs.ProcessingException: java.io.IOException: No such file or directory
	at jersey.repackaged.com.google.common.util.concurrent.AbstractFuture$Sync.getValue(AbstractFuture.java:299)
	at jersey.repackaged.com.google.common.util.concurrent.AbstractFuture$Sync.get(AbstractFuture.java:286)
	at jersey.repackaged.com.google.common.util.concurrent.AbstractFuture.get(AbstractFuture.java:116)
	at com.spotify.docker.client.DefaultDockerClient.request(DefaultDockerClient.java:2674)
	... 34 more
Caused by: javax.ws.rs.ProcessingException: java.io.IOException: No such file or directory
	at org.glassfish.jersey.apache.connector.ApacheConnector.apply(ApacheConnector.java:481)
	at org.glassfish.jersey.apache.connector.ApacheConnector$1.run(ApacheConnector.java:491)
	at java.util.concurrent.Executors$RunnableAdapter.call(Executors.java:511)
	at java.util.concurrent.FutureTask.run(FutureTask.java:266)
	at jersey.repackaged.com.google.common.util.concurrent.MoreExecutors$DirectExecutorService.execute(MoreExecutors.java:299)
	at java.util.concurrent.AbstractExecutorService.submit(AbstractExecutorService.java:112)
	at jersey.repackaged.com.google.common.util.concurrent.AbstractListeningExecutorService.submit(AbstractListeningExecutorService.java:50)
	at jersey.repackaged.com.google.common.util.concurrent.AbstractListeningExecutorService.submit(AbstractListeningExecutorService.java:37)
	at org.glassfish.jersey.apache.connector.ApacheConnector.apply(ApacheConnector.java:487)
	at org.glassfish.jersey.client.ClientRuntime$2.run(ClientRuntime.java:178)
	at org.glassfish.jersey.internal.Errors$1.call(Errors.java:271)
	at org.glassfish.jersey.internal.Errors$1.call(Errors.java:267)
	at org.glassfish.jersey.internal.Errors.process(Errors.java:315)
	at org.glassfish.jersey.internal.Errors.process(Errors.java:297)
	at org.glassfish.jersey.internal.Errors.process(Errors.java:267)
	at org.glassfish.jersey.process.internal.RequestScope.runInScope(RequestScope.java:340)
	at org.glassfish.jersey.client.ClientRuntime$3.run(ClientRuntime.java:210)
	at java.util.concurrent.Executors$RunnableAdapter.call(Executors.java:511)
	at java.util.concurrent.FutureTask.run(FutureTask.java:266)
	at java.util.concurrent.ThreadPoolExecutor.runWorker(ThreadPoolExecutor.java:1142)
	at java.util.concurrent.ThreadPoolExecutor$Worker.run(ThreadPoolExecutor.java:617)
	at java.lang.Thread.run(Thread.java:745)
Caused by: java.io.IOException: No such file or directory
	at jnr.unixsocket.UnixSocketChannel.doConnect(UnixSocketChannel.java:127)
	at jnr.unixsocket.UnixSocketChannel.connect(UnixSocketChannel.java:136)
	at jnr.unixsocket.UnixSocketChannel.connect(UnixSocketChannel.java:223)
	at com.spotify.docker.client.UnixConnectionSocketFactory.connectSocket(UnixConnectionSocketFactory.java:85)
	at org.apache.http.impl.conn.DefaultHttpClientConnectionOperator.connect(DefaultHttpClientConnectionOperator.java:134)
	at org.apache.http.impl.conn.PoolingHttpClientConnectionManager.connect(PoolingHttpClientConnectionManager.java:353)
	at org.apache.http.impl.execchain.MainClientExec.establishRoute(MainClientExec.java:380)
	at org.apache.http.impl.execchain.MainClientExec.execute(MainClientExec.java:236)
	at org.apache.http.impl.execchain.ProtocolExec.execute(ProtocolExec.java:184)
	at org.apache.http.impl.execchain.RetryExec.execute(RetryExec.java:88)
	at org.apache.http.impl.execchain.RedirectExec.execute(RedirectExec.java:110)
	at org.apache.http.impl.client.InternalHttpClient.doExecute(InternalHttpClient.java:184)
	at org.apache.http.impl.client.CloseableHttpClient.execute(CloseableHttpClient.java:71)
	at org.glassfish.jersey.apache.connector.ApacheConnector.apply(ApacheConnector.java:435)
	... 21 more
</error>
    <system-err>Jun 02, 2018 7:44:41 AM org.apache.http.impl.execchain.RetryExec execute
INFO: I/O exception (java.io.IOException) caught when processing request to {}-&gt;unix://localhost:80: No such file or directory
Jun 02, 2018 7:44:41 AM org.apache.http.impl.execchain.RetryExec execute
INFO: Retrying request to {}-&gt;unix://localhost:80
Jun 02, 2018 7:44:41 AM org.apache.http.impl.execchain.RetryExec execute
INFO: I/O exception (java.io.IOException) caught when processing request to {}-&gt;unix://localhost:80: No such file or directory
Jun 02, 2018 7:44:41 AM org.apache.http.impl.execchain.RetryExec execute
INFO: Retrying request to {}-&gt;unix://localhost:80
Jun 02, 2018 7:44:41 AM org.apache.http.impl.execchain.RetryExec execute
INFO: I/O exception (java.io.IOException) caught when processing request to {}-&gt;unix://localhost:80: No such file or directory
Jun 02, 2018 7:44:41 AM org.apache.http.impl.execchain.RetryExec execute
INFO: Retrying request to {}-&gt;unix://localhost:80
</system-err>
  </testcase>
  <testcase classname="com.spotify.docker.client.DefaultDockerClientTest" name="testMacAddress" time="0.021">
    <error type="java.lang.NullPointerException">java.lang.NullPointerException
	at com.spotify.docker.client.VersionCompare.compareVersion(VersionCompare.java:45)
	at com.spotify.docker.client.DefaultDockerClientTest.dockerApiVersionAtLeast(DefaultDockerClientTest.java:404)
	at com.spotify.docker.client.DefaultDockerClientTest.tearDown(DefaultDockerClientTest.java:356)
	at sun.reflect.GeneratedMethodAccessor11.invoke(Unknown Source)
	at sun.reflect.DelegatingMethodAccessorImpl.invoke(DelegatingMethodAccessorImpl.java:43)
	at java.lang.reflect.Method.invoke(Method.java:498)
	at org.junit.runners.model.FrameworkMethod$1.runReflectiveCall(FrameworkMethod.java:50)
	at org.junit.internal.runners.model.ReflectiveCallable.run(ReflectiveCallable.java:12)
	at org.junit.runners.model.FrameworkMethod.invokeExplosively(FrameworkMethod.java:47)
	at org.junit.internal.runners.statements.RunAfters.evaluate(RunAfters.java:33)
	at org.junit.rules.ExpectedException$ExpectedExceptionStatement.evaluate(ExpectedException.java:239)
	at org.junit.rules.TestWatcher$1.evaluate(TestWatcher.java:55)
	at org.junit.rules.RunRules.evaluate(RunRules.java:20)
	at org.junit.runners.ParentRunner.runLeaf(ParentRunner.java:325)
	at org.junit.runners.BlockJUnit4ClassRunner.runChild(BlockJUnit4ClassRunner.java:78)
	at org.junit.runners.BlockJUnit4ClassRunner.runChild(BlockJUnit4ClassRunner.java:57)
	at org.junit.runners.ParentRunner$3.run(ParentRunner.java:290)
	at org.junit.runners.ParentRunner$1.schedule(ParentRunner.java:71)
	at org.junit.runners.ParentRunner.runChildren(ParentRunner.java:288)
	at org.junit.runners.ParentRunner.access$000(ParentRunner.java:58)
	at org.junit.runners.ParentRunner$2.evaluate(ParentRunner.java:268)
	at org.junit.runners.ParentRunner.run(ParentRunner.java:363)
	at org.apache.maven.surefire.junit4.JUnit4Provider.execute(JUnit4Provider.java:252)
	at org.apache.maven.surefire.junit4.JUnit4Provider.executeTestSet(JUnit4Provider.java:141)
	at org.apache.maven.surefire.junit4.JUnit4Provider.invoke(JUnit4Provider.java:112)
	at sun.reflect.NativeMethodAccessorImpl.invoke0(Native Method)
	at sun.reflect.NativeMethodAccessorImpl.invoke(NativeMethodAccessorImpl.java:62)
	at sun.reflect.DelegatingMethodAccessorImpl.invoke(DelegatingMethodAccessorImpl.java:43)
	at java.lang.reflect.Method.invoke(Method.java:498)
	at org.apache.maven.surefire.util.ReflectionUtils.invokeMethodWithArray(ReflectionUtils.java:189)
	at org.apache.maven.surefire.booter.ProviderFactory$ProviderProxy.invoke(ProviderFactory.java:165)
	at org.apache.maven.surefire.booter.ProviderFactory.invokeProvider(ProviderFactory.java:85)
	at org.apache.maven.surefire.booter.ForkedBooter.runSuitesInProcess(ForkedBooter.java:115)
	at org.apache.maven.surefire.booter.ForkedBooter.main(ForkedBooter.java:75)
</error>
  </testcase>
  <testcase classname="com.spotify.docker.client.DefaultDockerClientTest" name="testContainerVolumes" time="0.02">
    <error message="java.util.concurrent.ExecutionException: javax.ws.rs.ProcessingException: java.io.IOException: No such file or directory" type="com.spotify.docker.client.exceptions.DockerException">com.spotify.docker.client.exceptions.DockerException: java.util.concurrent.ExecutionException: javax.ws.rs.ProcessingException: java.io.IOException: No such file or directory
	at com.spotify.docker.client.DefaultDockerClient.propagate(DefaultDockerClient.java:2812)
	at com.spotify.docker.client.DefaultDockerClient.request(DefaultDockerClient.java:2676)
	at com.spotify.docker.client.DefaultDockerClient.version(DefaultDockerClient.java:572)
	at com.spotify.docker.client.DefaultDockerClientTest.setup(DefaultDockerClientTest.java:349)
	at sun.reflect.GeneratedMethodAccessor10.invoke(Unknown Source)
	at sun.reflect.DelegatingMethodAccessorImpl.invoke(DelegatingMethodAccessorImpl.java:43)
	at java.lang.reflect.Method.invoke(Method.java:498)
	at org.junit.runners.model.FrameworkMethod$1.runReflectiveCall(FrameworkMethod.java:50)
	at org.junit.internal.runners.model.ReflectiveCallable.run(ReflectiveCallable.java:12)
	at org.junit.runners.model.FrameworkMethod.invokeExplosively(FrameworkMethod.java:47)
	at org.junit.internal.runners.statements.RunBefores.evaluate(RunBefores.java:24)
	at org.junit.internal.runners.statements.RunAfters.evaluate(RunAfters.java:27)
	at org.junit.rules.ExpectedException$ExpectedExceptionStatement.evaluate(ExpectedException.java:239)
	at org.junit.rules.TestWatcher$1.evaluate(TestWatcher.java:55)
	at org.junit.rules.RunRules.evaluate(RunRules.java:20)
	at org.junit.runners.ParentRunner.runLeaf(ParentRunner.java:325)
	at org.junit.runners.BlockJUnit4ClassRunner.runChild(BlockJUnit4ClassRunner.java:78)
	at org.junit.runners.BlockJUnit4ClassRunner.runChild(BlockJUnit4ClassRunner.java:57)
	at org.junit.runners.ParentRunner$3.run(ParentRunner.java:290)
	at org.junit.runners.ParentRunner$1.schedule(ParentRunner.java:71)
	at org.junit.runners.ParentRunner.runChildren(ParentRunner.java:288)
	at org.junit.runners.ParentRunner.access$000(ParentRunner.java:58)
	at org.junit.runners.ParentRunner$2.evaluate(ParentRunner.java:268)
	at org.junit.runners.ParentRunner.run(ParentRunner.java:363)
	at org.apache.maven.surefire.junit4.JUnit4Provider.execute(JUnit4Provider.java:252)
	at org.apache.maven.surefire.junit4.JUnit4Provider.executeTestSet(JUnit4Provider.java:141)
	at org.apache.maven.surefire.junit4.JUnit4Provider.invoke(JUnit4Provider.java:112)
	at sun.reflect.NativeMethodAccessorImpl.invoke0(Native Method)
	at sun.reflect.NativeMethodAccessorImpl.invoke(NativeMethodAccessorImpl.java:62)
	at sun.reflect.DelegatingMethodAccessorImpl.invoke(DelegatingMethodAccessorImpl.java:43)
	at java.lang.reflect.Method.invoke(Method.java:498)
	at org.apache.maven.surefire.util.ReflectionUtils.invokeMethodWithArray(ReflectionUtils.java:189)
	at org.apache.maven.surefire.booter.ProviderFactory$ProviderProxy.invoke(ProviderFactory.java:165)
	at org.apache.maven.surefire.booter.ProviderFactory.invokeProvider(ProviderFactory.java:85)
	at org.apache.maven.surefire.booter.ForkedBooter.runSuitesInProcess(ForkedBooter.java:115)
	at org.apache.maven.surefire.booter.ForkedBooter.main(ForkedBooter.java:75)
Caused by: java.util.concurrent.ExecutionException: javax.ws.rs.ProcessingException: java.io.IOException: No such file or directory
	at jersey.repackaged.com.google.common.util.concurrent.AbstractFuture$Sync.getValue(AbstractFuture.java:299)
	at jersey.repackaged.com.google.common.util.concurrent.AbstractFuture$Sync.get(AbstractFuture.java:286)
	at jersey.repackaged.com.google.common.util.concurrent.AbstractFuture.get(AbstractFuture.java:116)
	at com.spotify.docker.client.DefaultDockerClient.request(DefaultDockerClient.java:2674)
	... 34 more
Caused by: javax.ws.rs.ProcessingException: java.io.IOException: No such file or directory
	at org.glassfish.jersey.apache.connector.ApacheConnector.apply(ApacheConnector.java:481)
	at org.glassfish.jersey.apache.connector.ApacheConnector$1.run(ApacheConnector.java:491)
	at java.util.concurrent.Executors$RunnableAdapter.call(Executors.java:511)
	at java.util.concurrent.FutureTask.run(FutureTask.java:266)
	at jersey.repackaged.com.google.common.util.concurrent.MoreExecutors$DirectExecutorService.execute(MoreExecutors.java:299)
	at java.util.concurrent.AbstractExecutorService.submit(AbstractExecutorService.java:112)
	at jersey.repackaged.com.google.common.util.concurrent.AbstractListeningExecutorService.submit(AbstractListeningExecutorService.java:50)
	at jersey.repackaged.com.google.common.util.concurrent.AbstractListeningExecutorService.submit(AbstractListeningExecutorService.java:37)
	at org.glassfish.jersey.apache.connector.ApacheConnector.apply(ApacheConnector.java:487)
	at org.glassfish.jersey.client.ClientRuntime$2.run(ClientRuntime.java:178)
	at org.glassfish.jersey.internal.Errors$1.call(Errors.java:271)
	at org.glassfish.jersey.internal.Errors$1.call(Errors.java:267)
	at org.glassfish.jersey.internal.Errors.process(Errors.java:315)
	at org.glassfish.jersey.internal.Errors.process(Errors.java:297)
	at org.glassfish.jersey.internal.Errors.process(Errors.java:267)
	at org.glassfish.jersey.process.internal.RequestScope.runInScope(RequestScope.java:340)
	at org.glassfish.jersey.client.ClientRuntime$3.run(ClientRuntime.java:210)
	at java.util.concurrent.Executors$RunnableAdapter.call(Executors.java:511)
	at java.util.concurrent.FutureTask.run(FutureTask.java:266)
	at java.util.concurrent.ThreadPoolExecutor.runWorker(ThreadPoolExecutor.java:1142)
	at java.util.concurrent.ThreadPoolExecutor$Worker.run(ThreadPoolExecutor.java:617)
	at java.lang.Thread.run(Thread.java:745)
Caused by: java.io.IOException: No such file or directory
	at jnr.unixsocket.UnixSocketChannel.doConnect(UnixSocketChannel.java:127)
	at jnr.unixsocket.UnixSocketChannel.connect(UnixSocketChannel.java:136)
	at jnr.unixsocket.UnixSocketChannel.connect(UnixSocketChannel.java:223)
	at com.spotify.docker.client.UnixConnectionSocketFactory.connectSocket(UnixConnectionSocketFactory.java:85)
	at org.apache.http.impl.conn.DefaultHttpClientConnectionOperator.connect(DefaultHttpClientConnectionOperator.java:134)
	at org.apache.http.impl.conn.PoolingHttpClientConnectionManager.connect(PoolingHttpClientConnectionManager.java:353)
	at org.apache.http.impl.execchain.MainClientExec.establishRoute(MainClientExec.java:380)
	at org.apache.http.impl.execchain.MainClientExec.execute(MainClientExec.java:236)
	at org.apache.http.impl.execchain.ProtocolExec.execute(ProtocolExec.java:184)
	at org.apache.http.impl.execchain.RetryExec.execute(RetryExec.java:88)
	at org.apache.http.impl.execchain.RedirectExec.execute(RedirectExec.java:110)
	at org.apache.http.impl.client.InternalHttpClient.doExecute(InternalHttpClient.java:184)
	at org.apache.http.impl.client.CloseableHttpClient.execute(CloseableHttpClient.java:71)
	at org.glassfish.jersey.apache.connector.ApacheConnector.apply(ApacheConnector.java:435)
	... 21 more
</error>
    <system-err>Jun 02, 2018 7:44:41 AM org.apache.http.impl.execchain.RetryExec execute
INFO: I/O exception (java.io.IOException) caught when processing request to {}-&gt;unix://localhost:80: No such file or directory
Jun 02, 2018 7:44:41 AM org.apache.http.impl.execchain.RetryExec execute
INFO: Retrying request to {}-&gt;unix://localhost:80
Jun 02, 2018 7:44:41 AM org.apache.http.impl.execchain.RetryExec execute
INFO: I/O exception (java.io.IOException) caught when processing request to {}-&gt;unix://localhost:80: No such file or directory
Jun 02, 2018 7:44:41 AM org.apache.http.impl.execchain.RetryExec execute
INFO: Retrying request to {}-&gt;unix://localhost:80
Jun 02, 2018 7:44:41 AM org.apache.http.impl.execchain.RetryExec execute
INFO: I/O exception (java.io.IOException) caught when processing request to {}-&gt;unix://localhost:80: No such file or directory
Jun 02, 2018 7:44:41 AM org.apache.http.impl.execchain.RetryExec execute
INFO: Retrying request to {}-&gt;unix://localhost:80
</system-err>
  </testcase>
  <testcase classname="com.spotify.docker.client.DefaultDockerClientTest" name="testContainerVolumes" time="0.02">
    <error type="java.lang.NullPointerException">java.lang.NullPointerException
	at com.spotify.docker.client.VersionCompare.compareVersion(VersionCompare.java:45)
	at com.spotify.docker.client.DefaultDockerClientTest.dockerApiVersionAtLeast(DefaultDockerClientTest.java:404)
	at com.spotify.docker.client.DefaultDockerClientTest.tearDown(DefaultDockerClientTest.java:356)
	at sun.reflect.GeneratedMethodAccessor11.invoke(Unknown Source)
	at sun.reflect.DelegatingMethodAccessorImpl.invoke(DelegatingMethodAccessorImpl.java:43)
	at java.lang.reflect.Method.invoke(Method.java:498)
	at org.junit.runners.model.FrameworkMethod$1.runReflectiveCall(FrameworkMethod.java:50)
	at org.junit.internal.runners.model.ReflectiveCallable.run(ReflectiveCallable.java:12)
	at org.junit.runners.model.FrameworkMethod.invokeExplosively(FrameworkMethod.java:47)
	at org.junit.internal.runners.statements.RunAfters.evaluate(RunAfters.java:33)
	at org.junit.rules.ExpectedException$ExpectedExceptionStatement.evaluate(ExpectedException.java:239)
	at org.junit.rules.TestWatcher$1.evaluate(TestWatcher.java:55)
	at org.junit.rules.RunRules.evaluate(RunRules.java:20)
	at org.junit.runners.ParentRunner.runLeaf(ParentRunner.java:325)
	at org.junit.runners.BlockJUnit4ClassRunner.runChild(BlockJUnit4ClassRunner.java:78)
	at org.junit.runners.BlockJUnit4ClassRunner.runChild(BlockJUnit4ClassRunner.java:57)
	at org.junit.runners.ParentRunner$3.run(ParentRunner.java:290)
	at org.junit.runners.ParentRunner$1.schedule(ParentRunner.java:71)
	at org.junit.runners.ParentRunner.runChildren(ParentRunner.java:288)
	at org.junit.runners.ParentRunner.access$000(ParentRunner.java:58)
	at org.junit.runners.ParentRunner$2.evaluate(ParentRunner.java:268)
	at org.junit.runners.ParentRunner.run(ParentRunner.java:363)
	at org.apache.maven.surefire.junit4.JUnit4Provider.execute(JUnit4Provider.java:252)
	at org.apache.maven.surefire.junit4.JUnit4Provider.executeTestSet(JUnit4Provider.java:141)
	at org.apache.maven.surefire.junit4.JUnit4Provider.invoke(JUnit4Provider.java:112)
	at sun.reflect.NativeMethodAccessorImpl.invoke0(Native Method)
	at sun.reflect.NativeMethodAccessorImpl.invoke(NativeMethodAccessorImpl.java:62)
	at sun.reflect.DelegatingMethodAccessorImpl.invoke(DelegatingMethodAccessorImpl.java:43)
	at java.lang.reflect.Method.invoke(Method.java:498)
	at org.apache.maven.surefire.util.ReflectionUtils.invokeMethodWithArray(ReflectionUtils.java:189)
	at org.apache.maven.surefire.booter.ProviderFactory$ProviderProxy.invoke(ProviderFactory.java:165)
	at org.apache.maven.surefire.booter.ProviderFactory.invokeProvider(ProviderFactory.java:85)
	at org.apache.maven.surefire.booter.ForkedBooter.runSuitesInProcess(ForkedBooter.java:115)
	at org.apache.maven.surefire.booter.ForkedBooter.main(ForkedBooter.java:75)
</error>
  </testcase>
  <testcase classname="com.spotify.docker.client.DefaultDockerClientTest" name="testConnectionRequestTimeout" time="0.019">
    <error message="java.util.concurrent.ExecutionException: javax.ws.rs.ProcessingException: java.io.IOException: No such file or directory" type="com.spotify.docker.client.exceptions.DockerException">com.spotify.docker.client.exceptions.DockerException: java.util.concurrent.ExecutionException: javax.ws.rs.ProcessingException: java.io.IOException: No such file or directory
	at com.spotify.docker.client.DefaultDockerClient.propagate(DefaultDockerClient.java:2812)
	at com.spotify.docker.client.DefaultDockerClient.request(DefaultDockerClient.java:2676)
	at com.spotify.docker.client.DefaultDockerClient.version(DefaultDockerClient.java:572)
	at com.spotify.docker.client.DefaultDockerClientTest.setup(DefaultDockerClientTest.java:349)
	at sun.reflect.GeneratedMethodAccessor10.invoke(Unknown Source)
	at sun.reflect.DelegatingMethodAccessorImpl.invoke(DelegatingMethodAccessorImpl.java:43)
	at java.lang.reflect.Method.invoke(Method.java:498)
	at org.junit.runners.model.FrameworkMethod$1.runReflectiveCall(FrameworkMethod.java:50)
	at org.junit.internal.runners.model.ReflectiveCallable.run(ReflectiveCallable.java:12)
	at org.junit.runners.model.FrameworkMethod.invokeExplosively(FrameworkMethod.java:47)
	at org.junit.internal.runners.statements.RunBefores.evaluate(RunBefores.java:24)
	at org.junit.internal.runners.statements.RunAfters.evaluate(RunAfters.java:27)
	at org.junit.rules.ExpectedException$ExpectedExceptionStatement.evaluate(ExpectedException.java:239)
	at org.junit.rules.TestWatcher$1.evaluate(TestWatcher.java:55)
	at org.junit.rules.RunRules.evaluate(RunRules.java:20)
	at org.junit.runners.ParentRunner.runLeaf(ParentRunner.java:325)
	at org.junit.runners.BlockJUnit4ClassRunner.runChild(BlockJUnit4ClassRunner.java:78)
	at org.junit.runners.BlockJUnit4ClassRunner.runChild(BlockJUnit4ClassRunner.java:57)
	at org.junit.runners.ParentRunner$3.run(ParentRunner.java:290)
	at org.junit.runners.ParentRunner$1.schedule(ParentRunner.java:71)
	at org.junit.runners.ParentRunner.runChildren(ParentRunner.java:288)
	at org.junit.runners.ParentRunner.access$000(ParentRunner.java:58)
	at org.junit.runners.ParentRunner$2.evaluate(ParentRunner.java:268)
	at org.junit.runners.ParentRunner.run(ParentRunner.java:363)
	at org.apache.maven.surefire.junit4.JUnit4Provider.execute(JUnit4Provider.java:252)
	at org.apache.maven.surefire.junit4.JUnit4Provider.executeTestSet(JUnit4Provider.java:141)
	at org.apache.maven.surefire.junit4.JUnit4Provider.invoke(JUnit4Provider.java:112)
	at sun.reflect.NativeMethodAccessorImpl.invoke0(Native Method)
	at sun.reflect.NativeMethodAccessorImpl.invoke(NativeMethodAccessorImpl.java:62)
	at sun.reflect.DelegatingMethodAccessorImpl.invoke(DelegatingMethodAccessorImpl.java:43)
	at java.lang.reflect.Method.invoke(Method.java:498)
	at org.apache.maven.surefire.util.ReflectionUtils.invokeMethodWithArray(ReflectionUtils.java:189)
	at org.apache.maven.surefire.booter.ProviderFactory$ProviderProxy.invoke(ProviderFactory.java:165)
	at org.apache.maven.surefire.booter.ProviderFactory.invokeProvider(ProviderFactory.java:85)
	at org.apache.maven.surefire.booter.ForkedBooter.runSuitesInProcess(ForkedBooter.java:115)
	at org.apache.maven.surefire.booter.ForkedBooter.main(ForkedBooter.java:75)
Caused by: java.util.concurrent.ExecutionException: javax.ws.rs.ProcessingException: java.io.IOException: No such file or directory
	at jersey.repackaged.com.google.common.util.concurrent.AbstractFuture$Sync.getValue(AbstractFuture.java:299)
	at jersey.repackaged.com.google.common.util.concurrent.AbstractFuture$Sync.get(AbstractFuture.java:286)
	at jersey.repackaged.com.google.common.util.concurrent.AbstractFuture.get(AbstractFuture.java:116)
	at com.spotify.docker.client.DefaultDockerClient.request(DefaultDockerClient.java:2674)
	... 34 more
Caused by: javax.ws.rs.ProcessingException: java.io.IOException: No such file or directory
	at org.glassfish.jersey.apache.connector.ApacheConnector.apply(ApacheConnector.java:481)
	at org.glassfish.jersey.apache.connector.ApacheConnector$1.run(ApacheConnector.java:491)
	at java.util.concurrent.Executors$RunnableAdapter.call(Executors.java:511)
	at java.util.concurrent.FutureTask.run(FutureTask.java:266)
	at jersey.repackaged.com.google.common.util.concurrent.MoreExecutors$DirectExecutorService.execute(MoreExecutors.java:299)
	at java.util.concurrent.AbstractExecutorService.submit(AbstractExecutorService.java:112)
	at jersey.repackaged.com.google.common.util.concurrent.AbstractListeningExecutorService.submit(AbstractListeningExecutorService.java:50)
	at jersey.repackaged.com.google.common.util.concurrent.AbstractListeningExecutorService.submit(AbstractListeningExecutorService.java:37)
	at org.glassfish.jersey.apache.connector.ApacheConnector.apply(ApacheConnector.java:487)
	at org.glassfish.jersey.client.ClientRuntime$2.run(ClientRuntime.java:178)
	at org.glassfish.jersey.internal.Errors$1.call(Errors.java:271)
	at org.glassfish.jersey.internal.Errors$1.call(Errors.java:267)
	at org.glassfish.jersey.internal.Errors.process(Errors.java:315)
	at org.glassfish.jersey.internal.Errors.process(Errors.java:297)
	at org.glassfish.jersey.internal.Errors.process(Errors.java:267)
	at org.glassfish.jersey.process.internal.RequestScope.runInScope(RequestScope.java:340)
	at org.glassfish.jersey.client.ClientRuntime$3.run(ClientRuntime.java:210)
	at java.util.concurrent.Executors$RunnableAdapter.call(Executors.java:511)
	at java.util.concurrent.FutureTask.run(FutureTask.java:266)
	at java.util.concurrent.ThreadPoolExecutor.runWorker(ThreadPoolExecutor.java:1142)
	at java.util.concurrent.ThreadPoolExecutor$Worker.run(ThreadPoolExecutor.java:617)
	at java.lang.Thread.run(Thread.java:745)
Caused by: java.io.IOException: No such file or directory
	at jnr.unixsocket.UnixSocketChannel.doConnect(UnixSocketChannel.java:127)
	at jnr.unixsocket.UnixSocketChannel.connect(UnixSocketChannel.java:136)
	at jnr.unixsocket.UnixSocketChannel.connect(UnixSocketChannel.java:223)
	at com.spotify.docker.client.UnixConnectionSocketFactory.connectSocket(UnixConnectionSocketFactory.java:85)
	at org.apache.http.impl.conn.DefaultHttpClientConnectionOperator.connect(DefaultHttpClientConnectionOperator.java:134)
	at org.apache.http.impl.conn.PoolingHttpClientConnectionManager.connect(PoolingHttpClientConnectionManager.java:353)
	at org.apache.http.impl.execchain.MainClientExec.establishRoute(MainClientExec.java:380)
	at org.apache.http.impl.execchain.MainClientExec.execute(MainClientExec.java:236)
	at org.apache.http.impl.execchain.ProtocolExec.execute(ProtocolExec.java:184)
	at org.apache.http.impl.execchain.RetryExec.execute(RetryExec.java:88)
	at org.apache.http.impl.execchain.RedirectExec.execute(RedirectExec.java:110)
	at org.apache.http.impl.client.InternalHttpClient.doExecute(InternalHttpClient.java:184)
	at org.apache.http.impl.client.CloseableHttpClient.execute(CloseableHttpClient.java:71)
	at org.glassfish.jersey.apache.connector.ApacheConnector.apply(ApacheConnector.java:435)
	... 21 more
</error>
    <system-err>Jun 02, 2018 7:44:41 AM org.apache.http.impl.execchain.RetryExec execute
INFO: I/O exception (java.io.IOException) caught when processing request to {}-&gt;unix://localhost:80: No such file or directory
Jun 02, 2018 7:44:41 AM org.apache.http.impl.execchain.RetryExec execute
INFO: Retrying request to {}-&gt;unix://localhost:80
Jun 02, 2018 7:44:41 AM org.apache.http.impl.execchain.RetryExec execute
INFO: I/O exception (java.io.IOException) caught when processing request to {}-&gt;unix://localhost:80: No such file or directory
Jun 02, 2018 7:44:41 AM org.apache.http.impl.execchain.RetryExec execute
INFO: Retrying request to {}-&gt;unix://localhost:80
Jun 02, 2018 7:44:41 AM org.apache.http.impl.execchain.RetryExec execute
INFO: I/O exception (java.io.IOException) caught when processing request to {}-&gt;unix://localhost:80: No such file or directory
Jun 02, 2018 7:44:41 AM org.apache.http.impl.execchain.RetryExec execute
INFO: Retrying request to {}-&gt;unix://localhost:80
</system-err>
  </testcase>
  <testcase classname="com.spotify.docker.client.DefaultDockerClientTest" name="testConnectionRequestTimeout" time="0.019">
    <error type="java.lang.NullPointerException">java.lang.NullPointerException
	at com.spotify.docker.client.VersionCompare.compareVersion(VersionCompare.java:45)
	at com.spotify.docker.client.DefaultDockerClientTest.dockerApiVersionAtLeast(DefaultDockerClientTest.java:404)
	at com.spotify.docker.client.DefaultDockerClientTest.tearDown(DefaultDockerClientTest.java:356)
	at sun.reflect.GeneratedMethodAccessor11.invoke(Unknown Source)
	at sun.reflect.DelegatingMethodAccessorImpl.invoke(DelegatingMethodAccessorImpl.java:43)
	at java.lang.reflect.Method.invoke(Method.java:498)
	at org.junit.runners.model.FrameworkMethod$1.runReflectiveCall(FrameworkMethod.java:50)
	at org.junit.internal.runners.model.ReflectiveCallable.run(ReflectiveCallable.java:12)
	at org.junit.runners.model.FrameworkMethod.invokeExplosively(FrameworkMethod.java:47)
	at org.junit.internal.runners.statements.RunAfters.evaluate(RunAfters.java:33)
	at org.junit.rules.ExpectedException$ExpectedExceptionStatement.evaluate(ExpectedException.java:239)
	at org.junit.rules.TestWatcher$1.evaluate(TestWatcher.java:55)
	at org.junit.rules.RunRules.evaluate(RunRules.java:20)
	at org.junit.runners.ParentRunner.runLeaf(ParentRunner.java:325)
	at org.junit.runners.BlockJUnit4ClassRunner.runChild(BlockJUnit4ClassRunner.java:78)
	at org.junit.runners.BlockJUnit4ClassRunner.runChild(BlockJUnit4ClassRunner.java:57)
	at org.junit.runners.ParentRunner$3.run(ParentRunner.java:290)
	at org.junit.runners.ParentRunner$1.schedule(ParentRunner.java:71)
	at org.junit.runners.ParentRunner.runChildren(ParentRunner.java:288)
	at org.junit.runners.ParentRunner.access$000(ParentRunner.java:58)
	at org.junit.runners.ParentRunner$2.evaluate(ParentRunner.java:268)
	at org.junit.runners.ParentRunner.run(ParentRunner.java:363)
	at org.apache.maven.surefire.junit4.JUnit4Provider.execute(JUnit4Provider.java:252)
	at org.apache.maven.surefire.junit4.JUnit4Provider.executeTestSet(JUnit4Provider.java:141)
	at org.apache.maven.surefire.junit4.JUnit4Provider.invoke(JUnit4Provider.java:112)
	at sun.reflect.NativeMethodAccessorImpl.invoke0(Native Method)
	at sun.reflect.NativeMethodAccessorImpl.invoke(NativeMethodAccessorImpl.java:62)
	at sun.reflect.DelegatingMethodAccessorImpl.invoke(DelegatingMethodAccessorImpl.java:43)
	at java.lang.reflect.Method.invoke(Method.java:498)
	at org.apache.maven.surefire.util.ReflectionUtils.invokeMethodWithArray(ReflectionUtils.java:189)
	at org.apache.maven.surefire.booter.ProviderFactory$ProviderProxy.invoke(ProviderFactory.java:165)
	at org.apache.maven.surefire.booter.ProviderFactory.invokeProvider(ProviderFactory.java:85)
	at org.apache.maven.surefire.booter.ForkedBooter.runSuitesInProcess(ForkedBooter.java:115)
	at org.apache.maven.surefire.booter.ForkedBooter.main(ForkedBooter.java:75)
</error>
  </testcase>
  <testcase classname="com.spotify.docker.client.DefaultDockerClientTest" name="testInspectContainerChanges" time="0.02">
    <error message="java.util.concurrent.ExecutionException: javax.ws.rs.ProcessingException: java.io.IOException: No such file or directory" type="com.spotify.docker.client.exceptions.DockerException">com.spotify.docker.client.exceptions.DockerException: java.util.concurrent.ExecutionException: javax.ws.rs.ProcessingException: java.io.IOException: No such file or directory
	at com.spotify.docker.client.DefaultDockerClient.propagate(DefaultDockerClient.java:2812)
	at com.spotify.docker.client.DefaultDockerClient.request(DefaultDockerClient.java:2676)
	at com.spotify.docker.client.DefaultDockerClient.version(DefaultDockerClient.java:572)
	at com.spotify.docker.client.DefaultDockerClientTest.setup(DefaultDockerClientTest.java:349)
	at sun.reflect.GeneratedMethodAccessor10.invoke(Unknown Source)
	at sun.reflect.DelegatingMethodAccessorImpl.invoke(DelegatingMethodAccessorImpl.java:43)
	at java.lang.reflect.Method.invoke(Method.java:498)
	at org.junit.runners.model.FrameworkMethod$1.runReflectiveCall(FrameworkMethod.java:50)
	at org.junit.internal.runners.model.ReflectiveCallable.run(ReflectiveCallable.java:12)
	at org.junit.runners.model.FrameworkMethod.invokeExplosively(FrameworkMethod.java:47)
	at org.junit.internal.runners.statements.RunBefores.evaluate(RunBefores.java:24)
	at org.junit.internal.runners.statements.RunAfters.evaluate(RunAfters.java:27)
	at org.junit.rules.ExpectedException$ExpectedExceptionStatement.evaluate(ExpectedException.java:239)
	at org.junit.rules.TestWatcher$1.evaluate(TestWatcher.java:55)
	at org.junit.rules.RunRules.evaluate(RunRules.java:20)
	at org.junit.runners.ParentRunner.runLeaf(ParentRunner.java:325)
	at org.junit.runners.BlockJUnit4ClassRunner.runChild(BlockJUnit4ClassRunner.java:78)
	at org.junit.runners.BlockJUnit4ClassRunner.runChild(BlockJUnit4ClassRunner.java:57)
	at org.junit.runners.ParentRunner$3.run(ParentRunner.java:290)
	at org.junit.runners.ParentRunner$1.schedule(ParentRunner.java:71)
	at org.junit.runners.ParentRunner.runChildren(ParentRunner.java:288)
	at org.junit.runners.ParentRunner.access$000(ParentRunner.java:58)
	at org.junit.runners.ParentRunner$2.evaluate(ParentRunner.java:268)
	at org.junit.runners.ParentRunner.run(ParentRunner.java:363)
	at org.apache.maven.surefire.junit4.JUnit4Provider.execute(JUnit4Provider.java:252)
	at org.apache.maven.surefire.junit4.JUnit4Provider.executeTestSet(JUnit4Provider.java:141)
	at org.apache.maven.surefire.junit4.JUnit4Provider.invoke(JUnit4Provider.java:112)
	at sun.reflect.NativeMethodAccessorImpl.invoke0(Native Method)
	at sun.reflect.NativeMethodAccessorImpl.invoke(NativeMethodAccessorImpl.java:62)
	at sun.reflect.DelegatingMethodAccessorImpl.invoke(DelegatingMethodAccessorImpl.java:43)
	at java.lang.reflect.Method.invoke(Method.java:498)
	at org.apache.maven.surefire.util.ReflectionUtils.invokeMethodWithArray(ReflectionUtils.java:189)
	at org.apache.maven.surefire.booter.ProviderFactory$ProviderProxy.invoke(ProviderFactory.java:165)
	at org.apache.maven.surefire.booter.ProviderFactory.invokeProvider(ProviderFactory.java:85)
	at org.apache.maven.surefire.booter.ForkedBooter.runSuitesInProcess(ForkedBooter.java:115)
	at org.apache.maven.surefire.booter.ForkedBooter.main(ForkedBooter.java:75)
Caused by: java.util.concurrent.ExecutionException: javax.ws.rs.ProcessingException: java.io.IOException: No such file or directory
	at jersey.repackaged.com.google.common.util.concurrent.AbstractFuture$Sync.getValue(AbstractFuture.java:299)
	at jersey.repackaged.com.google.common.util.concurrent.AbstractFuture$Sync.get(AbstractFuture.java:286)
	at jersey.repackaged.com.google.common.util.concurrent.AbstractFuture.get(AbstractFuture.java:116)
	at com.spotify.docker.client.DefaultDockerClient.request(DefaultDockerClient.java:2674)
	... 34 more
Caused by: javax.ws.rs.ProcessingException: java.io.IOException: No such file or directory
	at org.glassfish.jersey.apache.connector.ApacheConnector.apply(ApacheConnector.java:481)
	at org.glassfish.jersey.apache.connector.ApacheConnector$1.run(ApacheConnector.java:491)
	at java.util.concurrent.Executors$RunnableAdapter.call(Executors.java:511)
	at java.util.concurrent.FutureTask.run(FutureTask.java:266)
	at jersey.repackaged.com.google.common.util.concurrent.MoreExecutors$DirectExecutorService.execute(MoreExecutors.java:299)
	at java.util.concurrent.AbstractExecutorService.submit(AbstractExecutorService.java:112)
	at jersey.repackaged.com.google.common.util.concurrent.AbstractListeningExecutorService.submit(AbstractListeningExecutorService.java:50)
	at jersey.repackaged.com.google.common.util.concurrent.AbstractListeningExecutorService.submit(AbstractListeningExecutorService.java:37)
	at org.glassfish.jersey.apache.connector.ApacheConnector.apply(ApacheConnector.java:487)
	at org.glassfish.jersey.client.ClientRuntime$2.run(ClientRuntime.java:178)
	at org.glassfish.jersey.internal.Errors$1.call(Errors.java:271)
	at org.glassfish.jersey.internal.Errors$1.call(Errors.java:267)
	at org.glassfish.jersey.internal.Errors.process(Errors.java:315)
	at org.glassfish.jersey.internal.Errors.process(Errors.java:297)
	at org.glassfish.jersey.internal.Errors.process(Errors.java:267)
	at org.glassfish.jersey.process.internal.RequestScope.runInScope(RequestScope.java:340)
	at org.glassfish.jersey.client.ClientRuntime$3.run(ClientRuntime.java:210)
	at java.util.concurrent.Executors$RunnableAdapter.call(Executors.java:511)
	at java.util.concurrent.FutureTask.run(FutureTask.java:266)
	at java.util.concurrent.ThreadPoolExecutor.runWorker(ThreadPoolExecutor.java:1142)
	at java.util.concurrent.ThreadPoolExecutor$Worker.run(ThreadPoolExecutor.java:617)
	at java.lang.Thread.run(Thread.java:745)
Caused by: java.io.IOException: No such file or directory
	at jnr.unixsocket.UnixSocketChannel.doConnect(UnixSocketChannel.java:127)
	at jnr.unixsocket.UnixSocketChannel.connect(UnixSocketChannel.java:136)
	at jnr.unixsocket.UnixSocketChannel.connect(UnixSocketChannel.java:223)
	at com.spotify.docker.client.UnixConnectionSocketFactory.connectSocket(UnixConnectionSocketFactory.java:85)
	at org.apache.http.impl.conn.DefaultHttpClientConnectionOperator.connect(DefaultHttpClientConnectionOperator.java:134)
	at org.apache.http.impl.conn.PoolingHttpClientConnectionManager.connect(PoolingHttpClientConnectionManager.java:353)
	at org.apache.http.impl.execchain.MainClientExec.establishRoute(MainClientExec.java:380)
	at org.apache.http.impl.execchain.MainClientExec.execute(MainClientExec.java:236)
	at org.apache.http.impl.execchain.ProtocolExec.execute(ProtocolExec.java:184)
	at org.apache.http.impl.execchain.RetryExec.execute(RetryExec.java:88)
	at org.apache.http.impl.execchain.RedirectExec.execute(RedirectExec.java:110)
	at org.apache.http.impl.client.InternalHttpClient.doExecute(InternalHttpClient.java:184)
	at org.apache.http.impl.client.CloseableHttpClient.execute(CloseableHttpClient.java:71)
	at org.glassfish.jersey.apache.connector.ApacheConnector.apply(ApacheConnector.java:435)
	... 21 more
</error>
    <system-err>Jun 02, 2018 7:44:41 AM org.apache.http.impl.execchain.RetryExec execute
INFO: I/O exception (java.io.IOException) caught when processing request to {}-&gt;unix://localhost:80: No such file or directory
Jun 02, 2018 7:44:41 AM org.apache.http.impl.execchain.RetryExec execute
INFO: Retrying request to {}-&gt;unix://localhost:80
Jun 02, 2018 7:44:41 AM org.apache.http.impl.execchain.RetryExec execute
INFO: I/O exception (java.io.IOException) caught when processing request to {}-&gt;unix://localhost:80: No such file or directory
Jun 02, 2018 7:44:41 AM org.apache.http.impl.execchain.RetryExec execute
INFO: Retrying request to {}-&gt;unix://localhost:80
Jun 02, 2018 7:44:41 AM org.apache.http.impl.execchain.RetryExec execute
INFO: I/O exception (java.io.IOException) caught when processing request to {}-&gt;unix://localhost:80: No such file or directory
Jun 02, 2018 7:44:41 AM org.apache.http.impl.execchain.RetryExec execute
INFO: Retrying request to {}-&gt;unix://localhost:80
</system-err>
  </testcase>
  <testcase classname="com.spotify.docker.client.DefaultDockerClientTest" name="testInspectContainerChanges" time="0.021">
    <error type="java.lang.NullPointerException">java.lang.NullPointerException
	at com.spotify.docker.client.VersionCompare.compareVersion(VersionCompare.java:45)
	at com.spotify.docker.client.DefaultDockerClientTest.dockerApiVersionAtLeast(DefaultDockerClientTest.java:404)
	at com.spotify.docker.client.DefaultDockerClientTest.tearDown(DefaultDockerClientTest.java:356)
	at sun.reflect.GeneratedMethodAccessor11.invoke(Unknown Source)
	at sun.reflect.DelegatingMethodAccessorImpl.invoke(DelegatingMethodAccessorImpl.java:43)
	at java.lang.reflect.Method.invoke(Method.java:498)
	at org.junit.runners.model.FrameworkMethod$1.runReflectiveCall(FrameworkMethod.java:50)
	at org.junit.internal.runners.model.ReflectiveCallable.run(ReflectiveCallable.java:12)
	at org.junit.runners.model.FrameworkMethod.invokeExplosively(FrameworkMethod.java:47)
	at org.junit.internal.runners.statements.RunAfters.evaluate(RunAfters.java:33)
	at org.junit.rules.ExpectedException$ExpectedExceptionStatement.evaluate(ExpectedException.java:239)
	at org.junit.rules.TestWatcher$1.evaluate(TestWatcher.java:55)
	at org.junit.rules.RunRules.evaluate(RunRules.java:20)
	at org.junit.runners.ParentRunner.runLeaf(ParentRunner.java:325)
	at org.junit.runners.BlockJUnit4ClassRunner.runChild(BlockJUnit4ClassRunner.java:78)
	at org.junit.runners.BlockJUnit4ClassRunner.runChild(BlockJUnit4ClassRunner.java:57)
	at org.junit.runners.ParentRunner$3.run(ParentRunner.java:290)
	at org.junit.runners.ParentRunner$1.schedule(ParentRunner.java:71)
	at org.junit.runners.ParentRunner.runChildren(ParentRunner.java:288)
	at org.junit.runners.ParentRunner.access$000(ParentRunner.java:58)
	at org.junit.runners.ParentRunner$2.evaluate(ParentRunner.java:268)
	at org.junit.runners.ParentRunner.run(ParentRunner.java:363)
	at org.apache.maven.surefire.junit4.JUnit4Provider.execute(JUnit4Provider.java:252)
	at org.apache.maven.surefire.junit4.JUnit4Provider.executeTestSet(JUnit4Provider.java:141)
	at org.apache.maven.surefire.junit4.JUnit4Provider.invoke(JUnit4Provider.java:112)
	at sun.reflect.NativeMethodAccessorImpl.invoke0(Native Method)
	at sun.reflect.NativeMethodAccessorImpl.invoke(NativeMethodAccessorImpl.java:62)
	at sun.reflect.DelegatingMethodAccessorImpl.invoke(DelegatingMethodAccessorImpl.java:43)
	at java.lang.reflect.Method.invoke(Method.java:498)
	at org.apache.maven.surefire.util.ReflectionUtils.invokeMethodWithArray(ReflectionUtils.java:189)
	at org.apache.maven.surefire.booter.ProviderFactory$ProviderProxy.invoke(ProviderFactory.java:165)
	at org.apache.maven.surefire.booter.ProviderFactory.invokeProvider(ProviderFactory.java:85)
	at org.apache.maven.surefire.booter.ForkedBooter.runSuitesInProcess(ForkedBooter.java:115)
	at org.apache.maven.surefire.booter.ForkedBooter.main(ForkedBooter.java:75)
</error>
  </testcase>
  <testcase classname="com.spotify.docker.client.DefaultDockerClientTest" name="testExportContainer" time="0.021">
    <error message="java.util.concurrent.ExecutionException: javax.ws.rs.ProcessingException: java.io.IOException: No such file or directory" type="com.spotify.docker.client.exceptions.DockerException">com.spotify.docker.client.exceptions.DockerException: java.util.concurrent.ExecutionException: javax.ws.rs.ProcessingException: java.io.IOException: No such file or directory
	at com.spotify.docker.client.DefaultDockerClient.propagate(DefaultDockerClient.java:2812)
	at com.spotify.docker.client.DefaultDockerClient.request(DefaultDockerClient.java:2676)
	at com.spotify.docker.client.DefaultDockerClient.version(DefaultDockerClient.java:572)
	at com.spotify.docker.client.DefaultDockerClientTest.setup(DefaultDockerClientTest.java:349)
	at sun.reflect.GeneratedMethodAccessor10.invoke(Unknown Source)
	at sun.reflect.DelegatingMethodAccessorImpl.invoke(DelegatingMethodAccessorImpl.java:43)
	at java.lang.reflect.Method.invoke(Method.java:498)
	at org.junit.runners.model.FrameworkMethod$1.runReflectiveCall(FrameworkMethod.java:50)
	at org.junit.internal.runners.model.ReflectiveCallable.run(ReflectiveCallable.java:12)
	at org.junit.runners.model.FrameworkMethod.invokeExplosively(FrameworkMethod.java:47)
	at org.junit.internal.runners.statements.RunBefores.evaluate(RunBefores.java:24)
	at org.junit.internal.runners.statements.RunAfters.evaluate(RunAfters.java:27)
	at org.junit.rules.ExpectedException$ExpectedExceptionStatement.evaluate(ExpectedException.java:239)
	at org.junit.rules.TestWatcher$1.evaluate(TestWatcher.java:55)
	at org.junit.rules.RunRules.evaluate(RunRules.java:20)
	at org.junit.runners.ParentRunner.runLeaf(ParentRunner.java:325)
	at org.junit.runners.BlockJUnit4ClassRunner.runChild(BlockJUnit4ClassRunner.java:78)
	at org.junit.runners.BlockJUnit4ClassRunner.runChild(BlockJUnit4ClassRunner.java:57)
	at org.junit.runners.ParentRunner$3.run(ParentRunner.java:290)
	at org.junit.runners.ParentRunner$1.schedule(ParentRunner.java:71)
	at org.junit.runners.ParentRunner.runChildren(ParentRunner.java:288)
	at org.junit.runners.ParentRunner.access$000(ParentRunner.java:58)
	at org.junit.runners.ParentRunner$2.evaluate(ParentRunner.java:268)
	at org.junit.runners.ParentRunner.run(ParentRunner.java:363)
	at org.apache.maven.surefire.junit4.JUnit4Provider.execute(JUnit4Provider.java:252)
	at org.apache.maven.surefire.junit4.JUnit4Provider.executeTestSet(JUnit4Provider.java:141)
	at org.apache.maven.surefire.junit4.JUnit4Provider.invoke(JUnit4Provider.java:112)
	at sun.reflect.NativeMethodAccessorImpl.invoke0(Native Method)
	at sun.reflect.NativeMethodAccessorImpl.invoke(NativeMethodAccessorImpl.java:62)
	at sun.reflect.DelegatingMethodAccessorImpl.invoke(DelegatingMethodAccessorImpl.java:43)
	at java.lang.reflect.Method.invoke(Method.java:498)
	at org.apache.maven.surefire.util.ReflectionUtils.invokeMethodWithArray(ReflectionUtils.java:189)
	at org.apache.maven.surefire.booter.ProviderFactory$ProviderProxy.invoke(ProviderFactory.java:165)
	at org.apache.maven.surefire.booter.ProviderFactory.invokeProvider(ProviderFactory.java:85)
	at org.apache.maven.surefire.booter.ForkedBooter.runSuitesInProcess(ForkedBooter.java:115)
	at org.apache.maven.surefire.booter.ForkedBooter.main(ForkedBooter.java:75)
Caused by: java.util.concurrent.ExecutionException: javax.ws.rs.ProcessingException: java.io.IOException: No such file or directory
	at jersey.repackaged.com.google.common.util.concurrent.AbstractFuture$Sync.getValue(AbstractFuture.java:299)
	at jersey.repackaged.com.google.common.util.concurrent.AbstractFuture$Sync.get(AbstractFuture.java:286)
	at jersey.repackaged.com.google.common.util.concurrent.AbstractFuture.get(AbstractFuture.java:116)
	at com.spotify.docker.client.DefaultDockerClient.request(DefaultDockerClient.java:2674)
	... 34 more
Caused by: javax.ws.rs.ProcessingException: java.io.IOException: No such file or directory
	at org.glassfish.jersey.apache.connector.ApacheConnector.apply(ApacheConnector.java:481)
	at org.glassfish.jersey.apache.connector.ApacheConnector$1.run(ApacheConnector.java:491)
	at java.util.concurrent.Executors$RunnableAdapter.call(Executors.java:511)
	at java.util.concurrent.FutureTask.run(FutureTask.java:266)
	at jersey.repackaged.com.google.common.util.concurrent.MoreExecutors$DirectExecutorService.execute(MoreExecutors.java:299)
	at java.util.concurrent.AbstractExecutorService.submit(AbstractExecutorService.java:112)
	at jersey.repackaged.com.google.common.util.concurrent.AbstractListeningExecutorService.submit(AbstractListeningExecutorService.java:50)
	at jersey.repackaged.com.google.common.util.concurrent.AbstractListeningExecutorService.submit(AbstractListeningExecutorService.java:37)
	at org.glassfish.jersey.apache.connector.ApacheConnector.apply(ApacheConnector.java:487)
	at org.glassfish.jersey.client.ClientRuntime$2.run(ClientRuntime.java:178)
	at org.glassfish.jersey.internal.Errors$1.call(Errors.java:271)
	at org.glassfish.jersey.internal.Errors$1.call(Errors.java:267)
	at org.glassfish.jersey.internal.Errors.process(Errors.java:315)
	at org.glassfish.jersey.internal.Errors.process(Errors.java:297)
	at org.glassfish.jersey.internal.Errors.process(Errors.java:267)
	at org.glassfish.jersey.process.internal.RequestScope.runInScope(RequestScope.java:340)
	at org.glassfish.jersey.client.ClientRuntime$3.run(ClientRuntime.java:210)
	at java.util.concurrent.Executors$RunnableAdapter.call(Executors.java:511)
	at java.util.concurrent.FutureTask.run(FutureTask.java:266)
	at java.util.concurrent.ThreadPoolExecutor.runWorker(ThreadPoolExecutor.java:1142)
	at java.util.concurrent.ThreadPoolExecutor$Worker.run(ThreadPoolExecutor.java:617)
	at java.lang.Thread.run(Thread.java:745)
Caused by: java.io.IOException: No such file or directory
	at jnr.unixsocket.UnixSocketChannel.doConnect(UnixSocketChannel.java:127)
	at jnr.unixsocket.UnixSocketChannel.connect(UnixSocketChannel.java:136)
	at jnr.unixsocket.UnixSocketChannel.connect(UnixSocketChannel.java:223)
	at com.spotify.docker.client.UnixConnectionSocketFactory.connectSocket(UnixConnectionSocketFactory.java:85)
	at org.apache.http.impl.conn.DefaultHttpClientConnectionOperator.connect(DefaultHttpClientConnectionOperator.java:134)
	at org.apache.http.impl.conn.PoolingHttpClientConnectionManager.connect(PoolingHttpClientConnectionManager.java:353)
	at org.apache.http.impl.execchain.MainClientExec.establishRoute(MainClientExec.java:380)
	at org.apache.http.impl.execchain.MainClientExec.execute(MainClientExec.java:236)
	at org.apache.http.impl.execchain.ProtocolExec.execute(ProtocolExec.java:184)
	at org.apache.http.impl.execchain.RetryExec.execute(RetryExec.java:88)
	at org.apache.http.impl.execchain.RedirectExec.execute(RedirectExec.java:110)
	at org.apache.http.impl.client.InternalHttpClient.doExecute(InternalHttpClient.java:184)
	at org.apache.http.impl.client.CloseableHttpClient.execute(CloseableHttpClient.java:71)
	at org.glassfish.jersey.apache.connector.ApacheConnector.apply(ApacheConnector.java:435)
	... 21 more
</error>
    <system-err>Jun 02, 2018 7:44:41 AM org.apache.http.impl.execchain.RetryExec execute
INFO: I/O exception (java.io.IOException) caught when processing request to {}-&gt;unix://localhost:80: No such file or directory
Jun 02, 2018 7:44:41 AM org.apache.http.impl.execchain.RetryExec execute
INFO: Retrying request to {}-&gt;unix://localhost:80
Jun 02, 2018 7:44:41 AM org.apache.http.impl.execchain.RetryExec execute
INFO: I/O exception (java.io.IOException) caught when processing request to {}-&gt;unix://localhost:80: No such file or directory
Jun 02, 2018 7:44:41 AM org.apache.http.impl.execchain.RetryExec execute
INFO: Retrying request to {}-&gt;unix://localhost:80
Jun 02, 2018 7:44:41 AM org.apache.http.impl.execchain.RetryExec execute
INFO: I/O exception (java.io.IOException) caught when processing request to {}-&gt;unix://localhost:80: No such file or directory
Jun 02, 2018 7:44:41 AM org.apache.http.impl.execchain.RetryExec execute
INFO: Retrying request to {}-&gt;unix://localhost:80
</system-err>
  </testcase>
  <testcase classname="com.spotify.docker.client.DefaultDockerClientTest" name="testExportContainer" time="0.022">
    <error type="java.lang.NullPointerException">java.lang.NullPointerException
	at com.spotify.docker.client.VersionCompare.compareVersion(VersionCompare.java:45)
	at com.spotify.docker.client.DefaultDockerClientTest.dockerApiVersionAtLeast(DefaultDockerClientTest.java:404)
	at com.spotify.docker.client.DefaultDockerClientTest.tearDown(DefaultDockerClientTest.java:356)
	at sun.reflect.GeneratedMethodAccessor11.invoke(Unknown Source)
	at sun.reflect.DelegatingMethodAccessorImpl.invoke(DelegatingMethodAccessorImpl.java:43)
	at java.lang.reflect.Method.invoke(Method.java:498)
	at org.junit.runners.model.FrameworkMethod$1.runReflectiveCall(FrameworkMethod.java:50)
	at org.junit.internal.runners.model.ReflectiveCallable.run(ReflectiveCallable.java:12)
	at org.junit.runners.model.FrameworkMethod.invokeExplosively(FrameworkMethod.java:47)
	at org.junit.internal.runners.statements.RunAfters.evaluate(RunAfters.java:33)
	at org.junit.rules.ExpectedException$ExpectedExceptionStatement.evaluate(ExpectedException.java:239)
	at org.junit.rules.TestWatcher$1.evaluate(TestWatcher.java:55)
	at org.junit.rules.RunRules.evaluate(RunRules.java:20)
	at org.junit.runners.ParentRunner.runLeaf(ParentRunner.java:325)
	at org.junit.runners.BlockJUnit4ClassRunner.runChild(BlockJUnit4ClassRunner.java:78)
	at org.junit.runners.BlockJUnit4ClassRunner.runChild(BlockJUnit4ClassRunner.java:57)
	at org.junit.runners.ParentRunner$3.run(ParentRunner.java:290)
	at org.junit.runners.ParentRunner$1.schedule(ParentRunner.java:71)
	at org.junit.runners.ParentRunner.runChildren(ParentRunner.java:288)
	at org.junit.runners.ParentRunner.access$000(ParentRunner.java:58)
	at org.junit.runners.ParentRunner$2.evaluate(ParentRunner.java:268)
	at org.junit.runners.ParentRunner.run(ParentRunner.java:363)
	at org.apache.maven.surefire.junit4.JUnit4Provider.execute(JUnit4Provider.java:252)
	at org.apache.maven.surefire.junit4.JUnit4Provider.executeTestSet(JUnit4Provider.java:141)
	at org.apache.maven.surefire.junit4.JUnit4Provider.invoke(JUnit4Provider.java:112)
	at sun.reflect.NativeMethodAccessorImpl.invoke0(Native Method)
	at sun.reflect.NativeMethodAccessorImpl.invoke(NativeMethodAccessorImpl.java:62)
	at sun.reflect.DelegatingMethodAccessorImpl.invoke(DelegatingMethodAccessorImpl.java:43)
	at java.lang.reflect.Method.invoke(Method.java:498)
	at org.apache.maven.surefire.util.ReflectionUtils.invokeMethodWithArray(ReflectionUtils.java:189)
	at org.apache.maven.surefire.booter.ProviderFactory$ProviderProxy.invoke(ProviderFactory.java:165)
	at org.apache.maven.surefire.booter.ProviderFactory.invokeProvider(ProviderFactory.java:85)
	at org.apache.maven.surefire.booter.ForkedBooter.runSuitesInProcess(ForkedBooter.java:115)
	at org.apache.maven.surefire.booter.ForkedBooter.main(ForkedBooter.java:75)
</error>
  </testcase>
  <testcase classname="com.spotify.docker.client.DefaultDockerClientTest" name="testPullPrivateRepoWithoutAuth" time="0.019">
    <error message="java.util.concurrent.ExecutionException: javax.ws.rs.ProcessingException: java.io.IOException: No such file or directory" type="com.spotify.docker.client.exceptions.DockerException">com.spotify.docker.client.exceptions.DockerException: java.util.concurrent.ExecutionException: javax.ws.rs.ProcessingException: java.io.IOException: No such file or directory
	at com.spotify.docker.client.DefaultDockerClient.propagate(DefaultDockerClient.java:2812)
	at com.spotify.docker.client.DefaultDockerClient.request(DefaultDockerClient.java:2676)
	at com.spotify.docker.client.DefaultDockerClient.version(DefaultDockerClient.java:572)
	at com.spotify.docker.client.DefaultDockerClientTest.setup(DefaultDockerClientTest.java:349)
	at sun.reflect.GeneratedMethodAccessor10.invoke(Unknown Source)
	at sun.reflect.DelegatingMethodAccessorImpl.invoke(DelegatingMethodAccessorImpl.java:43)
	at java.lang.reflect.Method.invoke(Method.java:498)
	at org.junit.runners.model.FrameworkMethod$1.runReflectiveCall(FrameworkMethod.java:50)
	at org.junit.internal.runners.model.ReflectiveCallable.run(ReflectiveCallable.java:12)
	at org.junit.runners.model.FrameworkMethod.invokeExplosively(FrameworkMethod.java:47)
	at org.junit.internal.runners.statements.RunBefores.evaluate(RunBefores.java:24)
	at org.junit.internal.runners.statements.RunAfters.evaluate(RunAfters.java:27)
	at org.junit.rules.ExpectedException$ExpectedExceptionStatement.evaluate(ExpectedException.java:239)
	at org.junit.rules.TestWatcher$1.evaluate(TestWatcher.java:55)
	at org.junit.rules.RunRules.evaluate(RunRules.java:20)
	at org.junit.runners.ParentRunner.runLeaf(ParentRunner.java:325)
	at org.junit.runners.BlockJUnit4ClassRunner.runChild(BlockJUnit4ClassRunner.java:78)
	at org.junit.runners.BlockJUnit4ClassRunner.runChild(BlockJUnit4ClassRunner.java:57)
	at org.junit.runners.ParentRunner$3.run(ParentRunner.java:290)
	at org.junit.runners.ParentRunner$1.schedule(ParentRunner.java:71)
	at org.junit.runners.ParentRunner.runChildren(ParentRunner.java:288)
	at org.junit.runners.ParentRunner.access$000(ParentRunner.java:58)
	at org.junit.runners.ParentRunner$2.evaluate(ParentRunner.java:268)
	at org.junit.runners.ParentRunner.run(ParentRunner.java:363)
	at org.apache.maven.surefire.junit4.JUnit4Provider.execute(JUnit4Provider.java:252)
	at org.apache.maven.surefire.junit4.JUnit4Provider.executeTestSet(JUnit4Provider.java:141)
	at org.apache.maven.surefire.junit4.JUnit4Provider.invoke(JUnit4Provider.java:112)
	at sun.reflect.NativeMethodAccessorImpl.invoke0(Native Method)
	at sun.reflect.NativeMethodAccessorImpl.invoke(NativeMethodAccessorImpl.java:62)
	at sun.reflect.DelegatingMethodAccessorImpl.invoke(DelegatingMethodAccessorImpl.java:43)
	at java.lang.reflect.Method.invoke(Method.java:498)
	at org.apache.maven.surefire.util.ReflectionUtils.invokeMethodWithArray(ReflectionUtils.java:189)
	at org.apache.maven.surefire.booter.ProviderFactory$ProviderProxy.invoke(ProviderFactory.java:165)
	at org.apache.maven.surefire.booter.ProviderFactory.invokeProvider(ProviderFactory.java:85)
	at org.apache.maven.surefire.booter.ForkedBooter.runSuitesInProcess(ForkedBooter.java:115)
	at org.apache.maven.surefire.booter.ForkedBooter.main(ForkedBooter.java:75)
Caused by: java.util.concurrent.ExecutionException: javax.ws.rs.ProcessingException: java.io.IOException: No such file or directory
	at jersey.repackaged.com.google.common.util.concurrent.AbstractFuture$Sync.getValue(AbstractFuture.java:299)
	at jersey.repackaged.com.google.common.util.concurrent.AbstractFuture$Sync.get(AbstractFuture.java:286)
	at jersey.repackaged.com.google.common.util.concurrent.AbstractFuture.get(AbstractFuture.java:116)
	at com.spotify.docker.client.DefaultDockerClient.request(DefaultDockerClient.java:2674)
	... 34 more
Caused by: javax.ws.rs.ProcessingException: java.io.IOException: No such file or directory
	at org.glassfish.jersey.apache.connector.ApacheConnector.apply(ApacheConnector.java:481)
	at org.glassfish.jersey.apache.connector.ApacheConnector$1.run(ApacheConnector.java:491)
	at java.util.concurrent.Executors$RunnableAdapter.call(Executors.java:511)
	at java.util.concurrent.FutureTask.run(FutureTask.java:266)
	at jersey.repackaged.com.google.common.util.concurrent.MoreExecutors$DirectExecutorService.execute(MoreExecutors.java:299)
	at java.util.concurrent.AbstractExecutorService.submit(AbstractExecutorService.java:112)
	at jersey.repackaged.com.google.common.util.concurrent.AbstractListeningExecutorService.submit(AbstractListeningExecutorService.java:50)
	at jersey.repackaged.com.google.common.util.concurrent.AbstractListeningExecutorService.submit(AbstractListeningExecutorService.java:37)
	at org.glassfish.jersey.apache.connector.ApacheConnector.apply(ApacheConnector.java:487)
	at org.glassfish.jersey.client.ClientRuntime$2.run(ClientRuntime.java:178)
	at org.glassfish.jersey.internal.Errors$1.call(Errors.java:271)
	at org.glassfish.jersey.internal.Errors$1.call(Errors.java:267)
	at org.glassfish.jersey.internal.Errors.process(Errors.java:315)
	at org.glassfish.jersey.internal.Errors.process(Errors.java:297)
	at org.glassfish.jersey.internal.Errors.process(Errors.java:267)
	at org.glassfish.jersey.process.internal.RequestScope.runInScope(RequestScope.java:340)
	at org.glassfish.jersey.client.ClientRuntime$3.run(ClientRuntime.java:210)
	at java.util.concurrent.Executors$RunnableAdapter.call(Executors.java:511)
	at java.util.concurrent.FutureTask.run(FutureTask.java:266)
	at java.util.concurrent.ThreadPoolExecutor.runWorker(ThreadPoolExecutor.java:1142)
	at java.util.concurrent.ThreadPoolExecutor$Worker.run(ThreadPoolExecutor.java:617)
	at java.lang.Thread.run(Thread.java:745)
Caused by: java.io.IOException: No such file or directory
	at jnr.unixsocket.UnixSocketChannel.doConnect(UnixSocketChannel.java:127)
	at jnr.unixsocket.UnixSocketChannel.connect(UnixSocketChannel.java:136)
	at jnr.unixsocket.UnixSocketChannel.connect(UnixSocketChannel.java:223)
	at com.spotify.docker.client.UnixConnectionSocketFactory.connectSocket(UnixConnectionSocketFactory.java:85)
	at org.apache.http.impl.conn.DefaultHttpClientConnectionOperator.connect(DefaultHttpClientConnectionOperator.java:134)
	at org.apache.http.impl.conn.PoolingHttpClientConnectionManager.connect(PoolingHttpClientConnectionManager.java:353)
	at org.apache.http.impl.execchain.MainClientExec.establishRoute(MainClientExec.java:380)
	at org.apache.http.impl.execchain.MainClientExec.execute(MainClientExec.java:236)
	at org.apache.http.impl.execchain.ProtocolExec.execute(ProtocolExec.java:184)
	at org.apache.http.impl.execchain.RetryExec.execute(RetryExec.java:88)
	at org.apache.http.impl.execchain.RedirectExec.execute(RedirectExec.java:110)
	at org.apache.http.impl.client.InternalHttpClient.doExecute(InternalHttpClient.java:184)
	at org.apache.http.impl.client.CloseableHttpClient.execute(CloseableHttpClient.java:71)
	at org.glassfish.jersey.apache.connector.ApacheConnector.apply(ApacheConnector.java:435)
	... 21 more
</error>
    <system-err>Jun 02, 2018 7:44:41 AM org.apache.http.impl.execchain.RetryExec execute
INFO: I/O exception (java.io.IOException) caught when processing request to {}-&gt;unix://localhost:80: No such file or directory
Jun 02, 2018 7:44:41 AM org.apache.http.impl.execchain.RetryExec execute
INFO: Retrying request to {}-&gt;unix://localhost:80
Jun 02, 2018 7:44:41 AM org.apache.http.impl.execchain.RetryExec execute
INFO: I/O exception (java.io.IOException) caught when processing request to {}-&gt;unix://localhost:80: No such file or directory
Jun 02, 2018 7:44:41 AM org.apache.http.impl.execchain.RetryExec execute
INFO: Retrying request to {}-&gt;unix://localhost:80
Jun 02, 2018 7:44:41 AM org.apache.http.impl.execchain.RetryExec execute
INFO: I/O exception (java.io.IOException) caught when processing request to {}-&gt;unix://localhost:80: No such file or directory
Jun 02, 2018 7:44:41 AM org.apache.http.impl.execchain.RetryExec execute
INFO: Retrying request to {}-&gt;unix://localhost:80
</system-err>
  </testcase>
  <testcase classname="com.spotify.docker.client.DefaultDockerClientTest" name="testPullPrivateRepoWithoutAuth" time="0.02">
    <error type="java.lang.NullPointerException">java.lang.NullPointerException
	at com.spotify.docker.client.VersionCompare.compareVersion(VersionCompare.java:45)
	at com.spotify.docker.client.DefaultDockerClientTest.dockerApiVersionAtLeast(DefaultDockerClientTest.java:404)
	at com.spotify.docker.client.DefaultDockerClientTest.tearDown(DefaultDockerClientTest.java:356)
	at sun.reflect.GeneratedMethodAccessor11.invoke(Unknown Source)
	at sun.reflect.DelegatingMethodAccessorImpl.invoke(DelegatingMethodAccessorImpl.java:43)
	at java.lang.reflect.Method.invoke(Method.java:498)
	at org.junit.runners.model.FrameworkMethod$1.runReflectiveCall(FrameworkMethod.java:50)
	at org.junit.internal.runners.model.ReflectiveCallable.run(ReflectiveCallable.java:12)
	at org.junit.runners.model.FrameworkMethod.invokeExplosively(FrameworkMethod.java:47)
	at org.junit.internal.runners.statements.RunAfters.evaluate(RunAfters.java:33)
	at org.junit.rules.ExpectedException$ExpectedExceptionStatement.evaluate(ExpectedException.java:239)
	at org.junit.rules.TestWatcher$1.evaluate(TestWatcher.java:55)
	at org.junit.rules.RunRules.evaluate(RunRules.java:20)
	at org.junit.runners.ParentRunner.runLeaf(ParentRunner.java:325)
	at org.junit.runners.BlockJUnit4ClassRunner.runChild(BlockJUnit4ClassRunner.java:78)
	at org.junit.runners.BlockJUnit4ClassRunner.runChild(BlockJUnit4ClassRunner.java:57)
	at org.junit.runners.ParentRunner$3.run(ParentRunner.java:290)
	at org.junit.runners.ParentRunner$1.schedule(ParentRunner.java:71)
	at org.junit.runners.ParentRunner.runChildren(ParentRunner.java:288)
	at org.junit.runners.ParentRunner.access$000(ParentRunner.java:58)
	at org.junit.runners.ParentRunner$2.evaluate(ParentRunner.java:268)
	at org.junit.runners.ParentRunner.run(ParentRunner.java:363)
	at org.apache.maven.surefire.junit4.JUnit4Provider.execute(JUnit4Provider.java:252)
	at org.apache.maven.surefire.junit4.JUnit4Provider.executeTestSet(JUnit4Provider.java:141)
	at org.apache.maven.surefire.junit4.JUnit4Provider.invoke(JUnit4Provider.java:112)
	at sun.reflect.NativeMethodAccessorImpl.invoke0(Native Method)
	at sun.reflect.NativeMethodAccessorImpl.invoke(NativeMethodAccessorImpl.java:62)
	at sun.reflect.DelegatingMethodAccessorImpl.invoke(DelegatingMethodAccessorImpl.java:43)
	at java.lang.reflect.Method.invoke(Method.java:498)
	at org.apache.maven.surefire.util.ReflectionUtils.invokeMethodWithArray(ReflectionUtils.java:189)
	at org.apache.maven.surefire.booter.ProviderFactory$ProviderProxy.invoke(ProviderFactory.java:165)
	at org.apache.maven.surefire.booter.ProviderFactory.invokeProvider(ProviderFactory.java:85)
	at org.apache.maven.surefire.booter.ForkedBooter.runSuitesInProcess(ForkedBooter.java:115)
	at org.apache.maven.surefire.booter.ForkedBooter.main(ForkedBooter.java:75)
</error>
  </testcase>
  <testcase classname="com.spotify.docker.client.DefaultDockerClientTest" name="testAutoRemoveWhenSetToTrue" time="0.017">
    <error message="java.util.concurrent.ExecutionException: javax.ws.rs.ProcessingException: java.io.IOException: No such file or directory" type="com.spotify.docker.client.exceptions.DockerException">com.spotify.docker.client.exceptions.DockerException: java.util.concurrent.ExecutionException: javax.ws.rs.ProcessingException: java.io.IOException: No such file or directory
	at com.spotify.docker.client.DefaultDockerClient.propagate(DefaultDockerClient.java:2812)
	at com.spotify.docker.client.DefaultDockerClient.request(DefaultDockerClient.java:2676)
	at com.spotify.docker.client.DefaultDockerClient.version(DefaultDockerClient.java:572)
	at com.spotify.docker.client.DefaultDockerClientTest.setup(DefaultDockerClientTest.java:349)
	at sun.reflect.GeneratedMethodAccessor10.invoke(Unknown Source)
	at sun.reflect.DelegatingMethodAccessorImpl.invoke(DelegatingMethodAccessorImpl.java:43)
	at java.lang.reflect.Method.invoke(Method.java:498)
	at org.junit.runners.model.FrameworkMethod$1.runReflectiveCall(FrameworkMethod.java:50)
	at org.junit.internal.runners.model.ReflectiveCallable.run(ReflectiveCallable.java:12)
	at org.junit.runners.model.FrameworkMethod.invokeExplosively(FrameworkMethod.java:47)
	at org.junit.internal.runners.statements.RunBefores.evaluate(RunBefores.java:24)
	at org.junit.internal.runners.statements.RunAfters.evaluate(RunAfters.java:27)
	at org.junit.rules.ExpectedException$ExpectedExceptionStatement.evaluate(ExpectedException.java:239)
	at org.junit.rules.TestWatcher$1.evaluate(TestWatcher.java:55)
	at org.junit.rules.RunRules.evaluate(RunRules.java:20)
	at org.junit.runners.ParentRunner.runLeaf(ParentRunner.java:325)
	at org.junit.runners.BlockJUnit4ClassRunner.runChild(BlockJUnit4ClassRunner.java:78)
	at org.junit.runners.BlockJUnit4ClassRunner.runChild(BlockJUnit4ClassRunner.java:57)
	at org.junit.runners.ParentRunner$3.run(ParentRunner.java:290)
	at org.junit.runners.ParentRunner$1.schedule(ParentRunner.java:71)
	at org.junit.runners.ParentRunner.runChildren(ParentRunner.java:288)
	at org.junit.runners.ParentRunner.access$000(ParentRunner.java:58)
	at org.junit.runners.ParentRunner$2.evaluate(ParentRunner.java:268)
	at org.junit.runners.ParentRunner.run(ParentRunner.java:363)
	at org.apache.maven.surefire.junit4.JUnit4Provider.execute(JUnit4Provider.java:252)
	at org.apache.maven.surefire.junit4.JUnit4Provider.executeTestSet(JUnit4Provider.java:141)
	at org.apache.maven.surefire.junit4.JUnit4Provider.invoke(JUnit4Provider.java:112)
	at sun.reflect.NativeMethodAccessorImpl.invoke0(Native Method)
	at sun.reflect.NativeMethodAccessorImpl.invoke(NativeMethodAccessorImpl.java:62)
	at sun.reflect.DelegatingMethodAccessorImpl.invoke(DelegatingMethodAccessorImpl.java:43)
	at java.lang.reflect.Method.invoke(Method.java:498)
	at org.apache.maven.surefire.util.ReflectionUtils.invokeMethodWithArray(ReflectionUtils.java:189)
	at org.apache.maven.surefire.booter.ProviderFactory$ProviderProxy.invoke(ProviderFactory.java:165)
	at org.apache.maven.surefire.booter.ProviderFactory.invokeProvider(ProviderFactory.java:85)
	at org.apache.maven.surefire.booter.ForkedBooter.runSuitesInProcess(ForkedBooter.java:115)
	at org.apache.maven.surefire.booter.ForkedBooter.main(ForkedBooter.java:75)
Caused by: java.util.concurrent.ExecutionException: javax.ws.rs.ProcessingException: java.io.IOException: No such file or directory
	at jersey.repackaged.com.google.common.util.concurrent.AbstractFuture$Sync.getValue(AbstractFuture.java:299)
	at jersey.repackaged.com.google.common.util.concurrent.AbstractFuture$Sync.get(AbstractFuture.java:286)
	at jersey.repackaged.com.google.common.util.concurrent.AbstractFuture.get(AbstractFuture.java:116)
	at com.spotify.docker.client.DefaultDockerClient.request(DefaultDockerClient.java:2674)
	... 34 more
Caused by: javax.ws.rs.ProcessingException: java.io.IOException: No such file or directory
	at org.glassfish.jersey.apache.connector.ApacheConnector.apply(ApacheConnector.java:481)
	at org.glassfish.jersey.apache.connector.ApacheConnector$1.run(ApacheConnector.java:491)
	at java.util.concurrent.Executors$RunnableAdapter.call(Executors.java:511)
	at java.util.concurrent.FutureTask.run(FutureTask.java:266)
	at jersey.repackaged.com.google.common.util.concurrent.MoreExecutors$DirectExecutorService.execute(MoreExecutors.java:299)
	at java.util.concurrent.AbstractExecutorService.submit(AbstractExecutorService.java:112)
	at jersey.repackaged.com.google.common.util.concurrent.AbstractListeningExecutorService.submit(AbstractListeningExecutorService.java:50)
	at jersey.repackaged.com.google.common.util.concurrent.AbstractListeningExecutorService.submit(AbstractListeningExecutorService.java:37)
	at org.glassfish.jersey.apache.connector.ApacheConnector.apply(ApacheConnector.java:487)
	at org.glassfish.jersey.client.ClientRuntime$2.run(ClientRuntime.java:178)
	at org.glassfish.jersey.internal.Errors$1.call(Errors.java:271)
	at org.glassfish.jersey.internal.Errors$1.call(Errors.java:267)
	at org.glassfish.jersey.internal.Errors.process(Errors.java:315)
	at org.glassfish.jersey.internal.Errors.process(Errors.java:297)
	at org.glassfish.jersey.internal.Errors.process(Errors.java:267)
	at org.glassfish.jersey.process.internal.RequestScope.runInScope(RequestScope.java:340)
	at org.glassfish.jersey.client.ClientRuntime$3.run(ClientRuntime.java:210)
	at java.util.concurrent.Executors$RunnableAdapter.call(Executors.java:511)
	at java.util.concurrent.FutureTask.run(FutureTask.java:266)
	at java.util.concurrent.ThreadPoolExecutor.runWorker(ThreadPoolExecutor.java:1142)
	at java.util.concurrent.ThreadPoolExecutor$Worker.run(ThreadPoolExecutor.java:617)
	at java.lang.Thread.run(Thread.java:745)
Caused by: java.io.IOException: No such file or directory
	at jnr.unixsocket.UnixSocketChannel.doConnect(UnixSocketChannel.java:127)
	at jnr.unixsocket.UnixSocketChannel.connect(UnixSocketChannel.java:136)
	at jnr.unixsocket.UnixSocketChannel.connect(UnixSocketChannel.java:223)
	at com.spotify.docker.client.UnixConnectionSocketFactory.connectSocket(UnixConnectionSocketFactory.java:85)
	at org.apache.http.impl.conn.DefaultHttpClientConnectionOperator.connect(DefaultHttpClientConnectionOperator.java:134)
	at org.apache.http.impl.conn.PoolingHttpClientConnectionManager.connect(PoolingHttpClientConnectionManager.java:353)
	at org.apache.http.impl.execchain.MainClientExec.establishRoute(MainClientExec.java:380)
	at org.apache.http.impl.execchain.MainClientExec.execute(MainClientExec.java:236)
	at org.apache.http.impl.execchain.ProtocolExec.execute(ProtocolExec.java:184)
	at org.apache.http.impl.execchain.RetryExec.execute(RetryExec.java:88)
	at org.apache.http.impl.execchain.RedirectExec.execute(RedirectExec.java:110)
	at org.apache.http.impl.client.InternalHttpClient.doExecute(InternalHttpClient.java:184)
	at org.apache.http.impl.client.CloseableHttpClient.execute(CloseableHttpClient.java:71)
	at org.glassfish.jersey.apache.connector.ApacheConnector.apply(ApacheConnector.java:435)
	... 21 more
</error>
    <system-err>Jun 02, 2018 7:44:41 AM org.apache.http.impl.execchain.RetryExec execute
INFO: I/O exception (java.io.IOException) caught when processing request to {}-&gt;unix://localhost:80: No such file or directory
Jun 02, 2018 7:44:41 AM org.apache.http.impl.execchain.RetryExec execute
INFO: Retrying request to {}-&gt;unix://localhost:80
Jun 02, 2018 7:44:41 AM org.apache.http.impl.execchain.RetryExec execute
INFO: I/O exception (java.io.IOException) caught when processing request to {}-&gt;unix://localhost:80: No such file or directory
Jun 02, 2018 7:44:41 AM org.apache.http.impl.execchain.RetryExec execute
INFO: Retrying request to {}-&gt;unix://localhost:80
Jun 02, 2018 7:44:41 AM org.apache.http.impl.execchain.RetryExec execute
INFO: I/O exception (java.io.IOException) caught when processing request to {}-&gt;unix://localhost:80: No such file or directory
Jun 02, 2018 7:44:41 AM org.apache.http.impl.execchain.RetryExec execute
INFO: Retrying request to {}-&gt;unix://localhost:80
</system-err>
  </testcase>
  <testcase classname="com.spotify.docker.client.DefaultDockerClientTest" name="testAutoRemoveWhenSetToTrue" time="0.017">
    <error type="java.lang.NullPointerException">java.lang.NullPointerException
	at com.spotify.docker.client.VersionCompare.compareVersion(VersionCompare.java:45)
	at com.spotify.docker.client.DefaultDockerClientTest.dockerApiVersionAtLeast(DefaultDockerClientTest.java:404)
	at com.spotify.docker.client.DefaultDockerClientTest.tearDown(DefaultDockerClientTest.java:356)
	at sun.reflect.GeneratedMethodAccessor11.invoke(Unknown Source)
	at sun.reflect.DelegatingMethodAccessorImpl.invoke(DelegatingMethodAccessorImpl.java:43)
	at java.lang.reflect.Method.invoke(Method.java:498)
	at org.junit.runners.model.FrameworkMethod$1.runReflectiveCall(FrameworkMethod.java:50)
	at org.junit.internal.runners.model.ReflectiveCallable.run(ReflectiveCallable.java:12)
	at org.junit.runners.model.FrameworkMethod.invokeExplosively(FrameworkMethod.java:47)
	at org.junit.internal.runners.statements.RunAfters.evaluate(RunAfters.java:33)
	at org.junit.rules.ExpectedException$ExpectedExceptionStatement.evaluate(ExpectedException.java:239)
	at org.junit.rules.TestWatcher$1.evaluate(TestWatcher.java:55)
	at org.junit.rules.RunRules.evaluate(RunRules.java:20)
	at org.junit.runners.ParentRunner.runLeaf(ParentRunner.java:325)
	at org.junit.runners.BlockJUnit4ClassRunner.runChild(BlockJUnit4ClassRunner.java:78)
	at org.junit.runners.BlockJUnit4ClassRunner.runChild(BlockJUnit4ClassRunner.java:57)
	at org.junit.runners.ParentRunner$3.run(ParentRunner.java:290)
	at org.junit.runners.ParentRunner$1.schedule(ParentRunner.java:71)
	at org.junit.runners.ParentRunner.runChildren(ParentRunner.java:288)
	at org.junit.runners.ParentRunner.access$000(ParentRunner.java:58)
	at org.junit.runners.ParentRunner$2.evaluate(ParentRunner.java:268)
	at org.junit.runners.ParentRunner.run(ParentRunner.java:363)
	at org.apache.maven.surefire.junit4.JUnit4Provider.execute(JUnit4Provider.java:252)
	at org.apache.maven.surefire.junit4.JUnit4Provider.executeTestSet(JUnit4Provider.java:141)
	at org.apache.maven.surefire.junit4.JUnit4Provider.invoke(JUnit4Provider.java:112)
	at sun.reflect.NativeMethodAccessorImpl.invoke0(Native Method)
	at sun.reflect.NativeMethodAccessorImpl.invoke(NativeMethodAccessorImpl.java:62)
	at sun.reflect.DelegatingMethodAccessorImpl.invoke(DelegatingMethodAccessorImpl.java:43)
	at java.lang.reflect.Method.invoke(Method.java:498)
	at org.apache.maven.surefire.util.ReflectionUtils.invokeMethodWithArray(ReflectionUtils.java:189)
	at org.apache.maven.surefire.booter.ProviderFactory$ProviderProxy.invoke(ProviderFactory.java:165)
	at org.apache.maven.surefire.booter.ProviderFactory.invokeProvider(ProviderFactory.java:85)
	at org.apache.maven.surefire.booter.ForkedBooter.runSuitesInProcess(ForkedBooter.java:115)
	at org.apache.maven.surefire.booter.ForkedBooter.main(ForkedBooter.java:75)
</error>
  </testcase>
  <testcase classname="com.spotify.docker.client.DefaultDockerClientTest" name="testBuildImageIdPathToDockerFile" time="0.017">
    <error message="java.util.concurrent.ExecutionException: javax.ws.rs.ProcessingException: java.io.IOException: No such file or directory" type="com.spotify.docker.client.exceptions.DockerException">com.spotify.docker.client.exceptions.DockerException: java.util.concurrent.ExecutionException: javax.ws.rs.ProcessingException: java.io.IOException: No such file or directory
	at com.spotify.docker.client.DefaultDockerClient.propagate(DefaultDockerClient.java:2812)
	at com.spotify.docker.client.DefaultDockerClient.request(DefaultDockerClient.java:2676)
	at com.spotify.docker.client.DefaultDockerClient.version(DefaultDockerClient.java:572)
	at com.spotify.docker.client.DefaultDockerClientTest.setup(DefaultDockerClientTest.java:349)
	at sun.reflect.GeneratedMethodAccessor10.invoke(Unknown Source)
	at sun.reflect.DelegatingMethodAccessorImpl.invoke(DelegatingMethodAccessorImpl.java:43)
	at java.lang.reflect.Method.invoke(Method.java:498)
	at org.junit.runners.model.FrameworkMethod$1.runReflectiveCall(FrameworkMethod.java:50)
	at org.junit.internal.runners.model.ReflectiveCallable.run(ReflectiveCallable.java:12)
	at org.junit.runners.model.FrameworkMethod.invokeExplosively(FrameworkMethod.java:47)
	at org.junit.internal.runners.statements.RunBefores.evaluate(RunBefores.java:24)
	at org.junit.internal.runners.statements.RunAfters.evaluate(RunAfters.java:27)
	at org.junit.rules.ExpectedException$ExpectedExceptionStatement.evaluate(ExpectedException.java:239)
	at org.junit.rules.TestWatcher$1.evaluate(TestWatcher.java:55)
	at org.junit.rules.RunRules.evaluate(RunRules.java:20)
	at org.junit.runners.ParentRunner.runLeaf(ParentRunner.java:325)
	at org.junit.runners.BlockJUnit4ClassRunner.runChild(BlockJUnit4ClassRunner.java:78)
	at org.junit.runners.BlockJUnit4ClassRunner.runChild(BlockJUnit4ClassRunner.java:57)
	at org.junit.runners.ParentRunner$3.run(ParentRunner.java:290)
	at org.junit.runners.ParentRunner$1.schedule(ParentRunner.java:71)
	at org.junit.runners.ParentRunner.runChildren(ParentRunner.java:288)
	at org.junit.runners.ParentRunner.access$000(ParentRunner.java:58)
	at org.junit.runners.ParentRunner$2.evaluate(ParentRunner.java:268)
	at org.junit.runners.ParentRunner.run(ParentRunner.java:363)
	at org.apache.maven.surefire.junit4.JUnit4Provider.execute(JUnit4Provider.java:252)
	at org.apache.maven.surefire.junit4.JUnit4Provider.executeTestSet(JUnit4Provider.java:141)
	at org.apache.maven.surefire.junit4.JUnit4Provider.invoke(JUnit4Provider.java:112)
	at sun.reflect.NativeMethodAccessorImpl.invoke0(Native Method)
	at sun.reflect.NativeMethodAccessorImpl.invoke(NativeMethodAccessorImpl.java:62)
	at sun.reflect.DelegatingMethodAccessorImpl.invoke(DelegatingMethodAccessorImpl.java:43)
	at java.lang.reflect.Method.invoke(Method.java:498)
	at org.apache.maven.surefire.util.ReflectionUtils.invokeMethodWithArray(ReflectionUtils.java:189)
	at org.apache.maven.surefire.booter.ProviderFactory$ProviderProxy.invoke(ProviderFactory.java:165)
	at org.apache.maven.surefire.booter.ProviderFactory.invokeProvider(ProviderFactory.java:85)
	at org.apache.maven.surefire.booter.ForkedBooter.runSuitesInProcess(ForkedBooter.java:115)
	at org.apache.maven.surefire.booter.ForkedBooter.main(ForkedBooter.java:75)
Caused by: java.util.concurrent.ExecutionException: javax.ws.rs.ProcessingException: java.io.IOException: No such file or directory
	at jersey.repackaged.com.google.common.util.concurrent.AbstractFuture$Sync.getValue(AbstractFuture.java:299)
	at jersey.repackaged.com.google.common.util.concurrent.AbstractFuture$Sync.get(AbstractFuture.java:286)
	at jersey.repackaged.com.google.common.util.concurrent.AbstractFuture.get(AbstractFuture.java:116)
	at com.spotify.docker.client.DefaultDockerClient.request(DefaultDockerClient.java:2674)
	... 34 more
Caused by: javax.ws.rs.ProcessingException: java.io.IOException: No such file or directory
	at org.glassfish.jersey.apache.connector.ApacheConnector.apply(ApacheConnector.java:481)
	at org.glassfish.jersey.apache.connector.ApacheConnector$1.run(ApacheConnector.java:491)
	at java.util.concurrent.Executors$RunnableAdapter.call(Executors.java:511)
	at java.util.concurrent.FutureTask.run(FutureTask.java:266)
	at jersey.repackaged.com.google.common.util.concurrent.MoreExecutors$DirectExecutorService.execute(MoreExecutors.java:299)
	at java.util.concurrent.AbstractExecutorService.submit(AbstractExecutorService.java:112)
	at jersey.repackaged.com.google.common.util.concurrent.AbstractListeningExecutorService.submit(AbstractListeningExecutorService.java:50)
	at jersey.repackaged.com.google.common.util.concurrent.AbstractListeningExecutorService.submit(AbstractListeningExecutorService.java:37)
	at org.glassfish.jersey.apache.connector.ApacheConnector.apply(ApacheConnector.java:487)
	at org.glassfish.jersey.client.ClientRuntime$2.run(ClientRuntime.java:178)
	at org.glassfish.jersey.internal.Errors$1.call(Errors.java:271)
	at org.glassfish.jersey.internal.Errors$1.call(Errors.java:267)
	at org.glassfish.jersey.internal.Errors.process(Errors.java:315)
	at org.glassfish.jersey.internal.Errors.process(Errors.java:297)
	at org.glassfish.jersey.internal.Errors.process(Errors.java:267)
	at org.glassfish.jersey.process.internal.RequestScope.runInScope(RequestScope.java:340)
	at org.glassfish.jersey.client.ClientRuntime$3.run(ClientRuntime.java:210)
	at java.util.concurrent.Executors$RunnableAdapter.call(Executors.java:511)
	at java.util.concurrent.FutureTask.run(FutureTask.java:266)
	at java.util.concurrent.ThreadPoolExecutor.runWorker(ThreadPoolExecutor.java:1142)
	at java.util.concurrent.ThreadPoolExecutor$Worker.run(ThreadPoolExecutor.java:617)
	at java.lang.Thread.run(Thread.java:745)
Caused by: java.io.IOException: No such file or directory
	at jnr.unixsocket.UnixSocketChannel.doConnect(UnixSocketChannel.java:127)
	at jnr.unixsocket.UnixSocketChannel.connect(UnixSocketChannel.java:136)
	at jnr.unixsocket.UnixSocketChannel.connect(UnixSocketChannel.java:223)
	at com.spotify.docker.client.UnixConnectionSocketFactory.connectSocket(UnixConnectionSocketFactory.java:85)
	at org.apache.http.impl.conn.DefaultHttpClientConnectionOperator.connect(DefaultHttpClientConnectionOperator.java:134)
	at org.apache.http.impl.conn.PoolingHttpClientConnectionManager.connect(PoolingHttpClientConnectionManager.java:353)
	at org.apache.http.impl.execchain.MainClientExec.establishRoute(MainClientExec.java:380)
	at org.apache.http.impl.execchain.MainClientExec.execute(MainClientExec.java:236)
	at org.apache.http.impl.execchain.ProtocolExec.execute(ProtocolExec.java:184)
	at org.apache.http.impl.execchain.RetryExec.execute(RetryExec.java:88)
	at org.apache.http.impl.execchain.RedirectExec.execute(RedirectExec.java:110)
	at org.apache.http.impl.client.InternalHttpClient.doExecute(InternalHttpClient.java:184)
	at org.apache.http.impl.client.CloseableHttpClient.execute(CloseableHttpClient.java:71)
	at org.glassfish.jersey.apache.connector.ApacheConnector.apply(ApacheConnector.java:435)
	... 21 more
</error>
    <system-err>Jun 02, 2018 7:44:41 AM org.apache.http.impl.execchain.RetryExec execute
INFO: I/O exception (java.io.IOException) caught when processing request to {}-&gt;unix://localhost:80: No such file or directory
Jun 02, 2018 7:44:41 AM org.apache.http.impl.execchain.RetryExec execute
INFO: Retrying request to {}-&gt;unix://localhost:80
Jun 02, 2018 7:44:41 AM org.apache.http.impl.execchain.RetryExec execute
INFO: I/O exception (java.io.IOException) caught when processing request to {}-&gt;unix://localhost:80: No such file or directory
Jun 02, 2018 7:44:41 AM org.apache.http.impl.execchain.RetryExec execute
INFO: Retrying request to {}-&gt;unix://localhost:80
Jun 02, 2018 7:44:41 AM org.apache.http.impl.execchain.RetryExec execute
INFO: I/O exception (java.io.IOException) caught when processing request to {}-&gt;unix://localhost:80: No such file or directory
Jun 02, 2018 7:44:41 AM org.apache.http.impl.execchain.RetryExec execute
INFO: Retrying request to {}-&gt;unix://localhost:80
</system-err>
  </testcase>
  <testcase classname="com.spotify.docker.client.DefaultDockerClientTest" name="testBuildImageIdPathToDockerFile" time="0.017">
    <error type="java.lang.NullPointerException">java.lang.NullPointerException
	at com.spotify.docker.client.VersionCompare.compareVersion(VersionCompare.java:45)
	at com.spotify.docker.client.DefaultDockerClientTest.dockerApiVersionAtLeast(DefaultDockerClientTest.java:404)
	at com.spotify.docker.client.DefaultDockerClientTest.tearDown(DefaultDockerClientTest.java:356)
	at sun.reflect.GeneratedMethodAccessor11.invoke(Unknown Source)
	at sun.reflect.DelegatingMethodAccessorImpl.invoke(DelegatingMethodAccessorImpl.java:43)
	at java.lang.reflect.Method.invoke(Method.java:498)
	at org.junit.runners.model.FrameworkMethod$1.runReflectiveCall(FrameworkMethod.java:50)
	at org.junit.internal.runners.model.ReflectiveCallable.run(ReflectiveCallable.java:12)
	at org.junit.runners.model.FrameworkMethod.invokeExplosively(FrameworkMethod.java:47)
	at org.junit.internal.runners.statements.RunAfters.evaluate(RunAfters.java:33)
	at org.junit.rules.ExpectedException$ExpectedExceptionStatement.evaluate(ExpectedException.java:239)
	at org.junit.rules.TestWatcher$1.evaluate(TestWatcher.java:55)
	at org.junit.rules.RunRules.evaluate(RunRules.java:20)
	at org.junit.runners.ParentRunner.runLeaf(ParentRunner.java:325)
	at org.junit.runners.BlockJUnit4ClassRunner.runChild(BlockJUnit4ClassRunner.java:78)
	at org.junit.runners.BlockJUnit4ClassRunner.runChild(BlockJUnit4ClassRunner.java:57)
	at org.junit.runners.ParentRunner$3.run(ParentRunner.java:290)
	at org.junit.runners.ParentRunner$1.schedule(ParentRunner.java:71)
	at org.junit.runners.ParentRunner.runChildren(ParentRunner.java:288)
	at org.junit.runners.ParentRunner.access$000(ParentRunner.java:58)
	at org.junit.runners.ParentRunner$2.evaluate(ParentRunner.java:268)
	at org.junit.runners.ParentRunner.run(ParentRunner.java:363)
	at org.apache.maven.surefire.junit4.JUnit4Provider.execute(JUnit4Provider.java:252)
	at org.apache.maven.surefire.junit4.JUnit4Provider.executeTestSet(JUnit4Provider.java:141)
	at org.apache.maven.surefire.junit4.JUnit4Provider.invoke(JUnit4Provider.java:112)
	at sun.reflect.NativeMethodAccessorImpl.invoke0(Native Method)
	at sun.reflect.NativeMethodAccessorImpl.invoke(NativeMethodAccessorImpl.java:62)
	at sun.reflect.DelegatingMethodAccessorImpl.invoke(DelegatingMethodAccessorImpl.java:43)
	at java.lang.reflect.Method.invoke(Method.java:498)
	at org.apache.maven.surefire.util.ReflectionUtils.invokeMethodWithArray(ReflectionUtils.java:189)
	at org.apache.maven.surefire.booter.ProviderFactory$ProviderProxy.invoke(ProviderFactory.java:165)
	at org.apache.maven.surefire.booter.ProviderFactory.invokeProvider(ProviderFactory.java:85)
	at org.apache.maven.surefire.booter.ForkedBooter.runSuitesInProcess(ForkedBooter.java:115)
	at org.apache.maven.surefire.booter.ForkedBooter.main(ForkedBooter.java:75)
</error>
  </testcase>
  <testcase classname="com.spotify.docker.client.DefaultDockerClientTest" name="testOomScoreAdj" time="0.018">
    <error message="java.util.concurrent.ExecutionException: javax.ws.rs.ProcessingException: java.io.IOException: No such file or directory" type="com.spotify.docker.client.exceptions.DockerException">com.spotify.docker.client.exceptions.DockerException: java.util.concurrent.ExecutionException: javax.ws.rs.ProcessingException: java.io.IOException: No such file or directory
	at com.spotify.docker.client.DefaultDockerClient.propagate(DefaultDockerClient.java:2812)
	at com.spotify.docker.client.DefaultDockerClient.request(DefaultDockerClient.java:2676)
	at com.spotify.docker.client.DefaultDockerClient.version(DefaultDockerClient.java:572)
	at com.spotify.docker.client.DefaultDockerClientTest.setup(DefaultDockerClientTest.java:349)
	at sun.reflect.GeneratedMethodAccessor10.invoke(Unknown Source)
	at sun.reflect.DelegatingMethodAccessorImpl.invoke(DelegatingMethodAccessorImpl.java:43)
	at java.lang.reflect.Method.invoke(Method.java:498)
	at org.junit.runners.model.FrameworkMethod$1.runReflectiveCall(FrameworkMethod.java:50)
	at org.junit.internal.runners.model.ReflectiveCallable.run(ReflectiveCallable.java:12)
	at org.junit.runners.model.FrameworkMethod.invokeExplosively(FrameworkMethod.java:47)
	at org.junit.internal.runners.statements.RunBefores.evaluate(RunBefores.java:24)
	at org.junit.internal.runners.statements.RunAfters.evaluate(RunAfters.java:27)
	at org.junit.rules.ExpectedException$ExpectedExceptionStatement.evaluate(ExpectedException.java:239)
	at org.junit.rules.TestWatcher$1.evaluate(TestWatcher.java:55)
	at org.junit.rules.RunRules.evaluate(RunRules.java:20)
	at org.junit.runners.ParentRunner.runLeaf(ParentRunner.java:325)
	at org.junit.runners.BlockJUnit4ClassRunner.runChild(BlockJUnit4ClassRunner.java:78)
	at org.junit.runners.BlockJUnit4ClassRunner.runChild(BlockJUnit4ClassRunner.java:57)
	at org.junit.runners.ParentRunner$3.run(ParentRunner.java:290)
	at org.junit.runners.ParentRunner$1.schedule(ParentRunner.java:71)
	at org.junit.runners.ParentRunner.runChildren(ParentRunner.java:288)
	at org.junit.runners.ParentRunner.access$000(ParentRunner.java:58)
	at org.junit.runners.ParentRunner$2.evaluate(ParentRunner.java:268)
	at org.junit.runners.ParentRunner.run(ParentRunner.java:363)
	at org.apache.maven.surefire.junit4.JUnit4Provider.execute(JUnit4Provider.java:252)
	at org.apache.maven.surefire.junit4.JUnit4Provider.executeTestSet(JUnit4Provider.java:141)
	at org.apache.maven.surefire.junit4.JUnit4Provider.invoke(JUnit4Provider.java:112)
	at sun.reflect.NativeMethodAccessorImpl.invoke0(Native Method)
	at sun.reflect.NativeMethodAccessorImpl.invoke(NativeMethodAccessorImpl.java:62)
	at sun.reflect.DelegatingMethodAccessorImpl.invoke(DelegatingMethodAccessorImpl.java:43)
	at java.lang.reflect.Method.invoke(Method.java:498)
	at org.apache.maven.surefire.util.ReflectionUtils.invokeMethodWithArray(ReflectionUtils.java:189)
	at org.apache.maven.surefire.booter.ProviderFactory$ProviderProxy.invoke(ProviderFactory.java:165)
	at org.apache.maven.surefire.booter.ProviderFactory.invokeProvider(ProviderFactory.java:85)
	at org.apache.maven.surefire.booter.ForkedBooter.runSuitesInProcess(ForkedBooter.java:115)
	at org.apache.maven.surefire.booter.ForkedBooter.main(ForkedBooter.java:75)
Caused by: java.util.concurrent.ExecutionException: javax.ws.rs.ProcessingException: java.io.IOException: No such file or directory
	at jersey.repackaged.com.google.common.util.concurrent.AbstractFuture$Sync.getValue(AbstractFuture.java:299)
	at jersey.repackaged.com.google.common.util.concurrent.AbstractFuture$Sync.get(AbstractFuture.java:286)
	at jersey.repackaged.com.google.common.util.concurrent.AbstractFuture.get(AbstractFuture.java:116)
	at com.spotify.docker.client.DefaultDockerClient.request(DefaultDockerClient.java:2674)
	... 34 more
Caused by: javax.ws.rs.ProcessingException: java.io.IOException: No such file or directory
	at org.glassfish.jersey.apache.connector.ApacheConnector.apply(ApacheConnector.java:481)
	at org.glassfish.jersey.apache.connector.ApacheConnector$1.run(ApacheConnector.java:491)
	at java.util.concurrent.Executors$RunnableAdapter.call(Executors.java:511)
	at java.util.concurrent.FutureTask.run(FutureTask.java:266)
	at jersey.repackaged.com.google.common.util.concurrent.MoreExecutors$DirectExecutorService.execute(MoreExecutors.java:299)
	at java.util.concurrent.AbstractExecutorService.submit(AbstractExecutorService.java:112)
	at jersey.repackaged.com.google.common.util.concurrent.AbstractListeningExecutorService.submit(AbstractListeningExecutorService.java:50)
	at jersey.repackaged.com.google.common.util.concurrent.AbstractListeningExecutorService.submit(AbstractListeningExecutorService.java:37)
	at org.glassfish.jersey.apache.connector.ApacheConnector.apply(ApacheConnector.java:487)
	at org.glassfish.jersey.client.ClientRuntime$2.run(ClientRuntime.java:178)
	at org.glassfish.jersey.internal.Errors$1.call(Errors.java:271)
	at org.glassfish.jersey.internal.Errors$1.call(Errors.java:267)
	at org.glassfish.jersey.internal.Errors.process(Errors.java:315)
	at org.glassfish.jersey.internal.Errors.process(Errors.java:297)
	at org.glassfish.jersey.internal.Errors.process(Errors.java:267)
	at org.glassfish.jersey.process.internal.RequestScope.runInScope(RequestScope.java:340)
	at org.glassfish.jersey.client.ClientRuntime$3.run(ClientRuntime.java:210)
	at java.util.concurrent.Executors$RunnableAdapter.call(Executors.java:511)
	at java.util.concurrent.FutureTask.run(FutureTask.java:266)
	at java.util.concurrent.ThreadPoolExecutor.runWorker(ThreadPoolExecutor.java:1142)
	at java.util.concurrent.ThreadPoolExecutor$Worker.run(ThreadPoolExecutor.java:617)
	at java.lang.Thread.run(Thread.java:745)
Caused by: java.io.IOException: No such file or directory
	at jnr.unixsocket.UnixSocketChannel.doConnect(UnixSocketChannel.java:127)
	at jnr.unixsocket.UnixSocketChannel.connect(UnixSocketChannel.java:136)
	at jnr.unixsocket.UnixSocketChannel.connect(UnixSocketChannel.java:223)
	at com.spotify.docker.client.UnixConnectionSocketFactory.connectSocket(UnixConnectionSocketFactory.java:85)
	at org.apache.http.impl.conn.DefaultHttpClientConnectionOperator.connect(DefaultHttpClientConnectionOperator.java:134)
	at org.apache.http.impl.conn.PoolingHttpClientConnectionManager.connect(PoolingHttpClientConnectionManager.java:353)
	at org.apache.http.impl.execchain.MainClientExec.establishRoute(MainClientExec.java:380)
	at org.apache.http.impl.execchain.MainClientExec.execute(MainClientExec.java:236)
	at org.apache.http.impl.execchain.ProtocolExec.execute(ProtocolExec.java:184)
	at org.apache.http.impl.execchain.RetryExec.execute(RetryExec.java:88)
	at org.apache.http.impl.execchain.RedirectExec.execute(RedirectExec.java:110)
	at org.apache.http.impl.client.InternalHttpClient.doExecute(InternalHttpClient.java:184)
	at org.apache.http.impl.client.CloseableHttpClient.execute(CloseableHttpClient.java:71)
	at org.glassfish.jersey.apache.connector.ApacheConnector.apply(ApacheConnector.java:435)
	... 21 more
</error>
    <system-err>Jun 02, 2018 7:44:41 AM org.apache.http.impl.execchain.RetryExec execute
INFO: I/O exception (java.io.IOException) caught when processing request to {}-&gt;unix://localhost:80: No such file or directory
Jun 02, 2018 7:44:41 AM org.apache.http.impl.execchain.RetryExec execute
INFO: Retrying request to {}-&gt;unix://localhost:80
Jun 02, 2018 7:44:41 AM org.apache.http.impl.execchain.RetryExec execute
INFO: I/O exception (java.io.IOException) caught when processing request to {}-&gt;unix://localhost:80: No such file or directory
Jun 02, 2018 7:44:41 AM org.apache.http.impl.execchain.RetryExec execute
INFO: Retrying request to {}-&gt;unix://localhost:80
Jun 02, 2018 7:44:41 AM org.apache.http.impl.execchain.RetryExec execute
INFO: I/O exception (java.io.IOException) caught when processing request to {}-&gt;unix://localhost:80: No such file or directory
Jun 02, 2018 7:44:41 AM org.apache.http.impl.execchain.RetryExec execute
INFO: Retrying request to {}-&gt;unix://localhost:80
</system-err>
  </testcase>
  <testcase classname="com.spotify.docker.client.DefaultDockerClientTest" name="testOomScoreAdj" time="0.018">
    <error type="java.lang.NullPointerException">java.lang.NullPointerException
	at com.spotify.docker.client.VersionCompare.compareVersion(VersionCompare.java:45)
	at com.spotify.docker.client.DefaultDockerClientTest.dockerApiVersionAtLeast(DefaultDockerClientTest.java:404)
	at com.spotify.docker.client.DefaultDockerClientTest.tearDown(DefaultDockerClientTest.java:356)
	at sun.reflect.GeneratedMethodAccessor11.invoke(Unknown Source)
	at sun.reflect.DelegatingMethodAccessorImpl.invoke(DelegatingMethodAccessorImpl.java:43)
	at java.lang.reflect.Method.invoke(Method.java:498)
	at org.junit.runners.model.FrameworkMethod$1.runReflectiveCall(FrameworkMethod.java:50)
	at org.junit.internal.runners.model.ReflectiveCallable.run(ReflectiveCallable.java:12)
	at org.junit.runners.model.FrameworkMethod.invokeExplosively(FrameworkMethod.java:47)
	at org.junit.internal.runners.statements.RunAfters.evaluate(RunAfters.java:33)
	at org.junit.rules.ExpectedException$ExpectedExceptionStatement.evaluate(ExpectedException.java:239)
	at org.junit.rules.TestWatcher$1.evaluate(TestWatcher.java:55)
	at org.junit.rules.RunRules.evaluate(RunRules.java:20)
	at org.junit.runners.ParentRunner.runLeaf(ParentRunner.java:325)
	at org.junit.runners.BlockJUnit4ClassRunner.runChild(BlockJUnit4ClassRunner.java:78)
	at org.junit.runners.BlockJUnit4ClassRunner.runChild(BlockJUnit4ClassRunner.java:57)
	at org.junit.runners.ParentRunner$3.run(ParentRunner.java:290)
	at org.junit.runners.ParentRunner$1.schedule(ParentRunner.java:71)
	at org.junit.runners.ParentRunner.runChildren(ParentRunner.java:288)
	at org.junit.runners.ParentRunner.access$000(ParentRunner.java:58)
	at org.junit.runners.ParentRunner$2.evaluate(ParentRunner.java:268)
	at org.junit.runners.ParentRunner.run(ParentRunner.java:363)
	at org.apache.maven.surefire.junit4.JUnit4Provider.execute(JUnit4Provider.java:252)
	at org.apache.maven.surefire.junit4.JUnit4Provider.executeTestSet(JUnit4Provider.java:141)
	at org.apache.maven.surefire.junit4.JUnit4Provider.invoke(JUnit4Provider.java:112)
	at sun.reflect.NativeMethodAccessorImpl.invoke0(Native Method)
	at sun.reflect.NativeMethodAccessorImpl.invoke(NativeMethodAccessorImpl.java:62)
	at sun.reflect.DelegatingMethodAccessorImpl.invoke(DelegatingMethodAccessorImpl.java:43)
	at java.lang.reflect.Method.invoke(Method.java:498)
	at org.apache.maven.surefire.util.ReflectionUtils.invokeMethodWithArray(ReflectionUtils.java:189)
	at org.apache.maven.surefire.booter.ProviderFactory$ProviderProxy.invoke(ProviderFactory.java:165)
	at org.apache.maven.surefire.booter.ProviderFactory.invokeProvider(ProviderFactory.java:85)
	at org.apache.maven.surefire.booter.ForkedBooter.runSuitesInProcess(ForkedBooter.java:115)
	at org.apache.maven.surefire.booter.ForkedBooter.main(ForkedBooter.java:75)
</error>
  </testcase>
  <testcase classname="com.spotify.docker.client.DefaultDockerClientTest" name="testRestartPolicyAlways" time="0.017">
    <error message="java.util.concurrent.ExecutionException: javax.ws.rs.ProcessingException: java.io.IOException: No such file or directory" type="com.spotify.docker.client.exceptions.DockerException">com.spotify.docker.client.exceptions.DockerException: java.util.concurrent.ExecutionException: javax.ws.rs.ProcessingException: java.io.IOException: No such file or directory
	at com.spotify.docker.client.DefaultDockerClient.propagate(DefaultDockerClient.java:2812)
	at com.spotify.docker.client.DefaultDockerClient.request(DefaultDockerClient.java:2676)
	at com.spotify.docker.client.DefaultDockerClient.version(DefaultDockerClient.java:572)
	at com.spotify.docker.client.DefaultDockerClientTest.setup(DefaultDockerClientTest.java:349)
	at sun.reflect.GeneratedMethodAccessor10.invoke(Unknown Source)
	at sun.reflect.DelegatingMethodAccessorImpl.invoke(DelegatingMethodAccessorImpl.java:43)
	at java.lang.reflect.Method.invoke(Method.java:498)
	at org.junit.runners.model.FrameworkMethod$1.runReflectiveCall(FrameworkMethod.java:50)
	at org.junit.internal.runners.model.ReflectiveCallable.run(ReflectiveCallable.java:12)
	at org.junit.runners.model.FrameworkMethod.invokeExplosively(FrameworkMethod.java:47)
	at org.junit.internal.runners.statements.RunBefores.evaluate(RunBefores.java:24)
	at org.junit.internal.runners.statements.RunAfters.evaluate(RunAfters.java:27)
	at org.junit.rules.ExpectedException$ExpectedExceptionStatement.evaluate(ExpectedException.java:239)
	at org.junit.rules.TestWatcher$1.evaluate(TestWatcher.java:55)
	at org.junit.rules.RunRules.evaluate(RunRules.java:20)
	at org.junit.runners.ParentRunner.runLeaf(ParentRunner.java:325)
	at org.junit.runners.BlockJUnit4ClassRunner.runChild(BlockJUnit4ClassRunner.java:78)
	at org.junit.runners.BlockJUnit4ClassRunner.runChild(BlockJUnit4ClassRunner.java:57)
	at org.junit.runners.ParentRunner$3.run(ParentRunner.java:290)
	at org.junit.runners.ParentRunner$1.schedule(ParentRunner.java:71)
	at org.junit.runners.ParentRunner.runChildren(ParentRunner.java:288)
	at org.junit.runners.ParentRunner.access$000(ParentRunner.java:58)
	at org.junit.runners.ParentRunner$2.evaluate(ParentRunner.java:268)
	at org.junit.runners.ParentRunner.run(ParentRunner.java:363)
	at org.apache.maven.surefire.junit4.JUnit4Provider.execute(JUnit4Provider.java:252)
	at org.apache.maven.surefire.junit4.JUnit4Provider.executeTestSet(JUnit4Provider.java:141)
	at org.apache.maven.surefire.junit4.JUnit4Provider.invoke(JUnit4Provider.java:112)
	at sun.reflect.NativeMethodAccessorImpl.invoke0(Native Method)
	at sun.reflect.NativeMethodAccessorImpl.invoke(NativeMethodAccessorImpl.java:62)
	at sun.reflect.DelegatingMethodAccessorImpl.invoke(DelegatingMethodAccessorImpl.java:43)
	at java.lang.reflect.Method.invoke(Method.java:498)
	at org.apache.maven.surefire.util.ReflectionUtils.invokeMethodWithArray(ReflectionUtils.java:189)
	at org.apache.maven.surefire.booter.ProviderFactory$ProviderProxy.invoke(ProviderFactory.java:165)
	at org.apache.maven.surefire.booter.ProviderFactory.invokeProvider(ProviderFactory.java:85)
	at org.apache.maven.surefire.booter.ForkedBooter.runSuitesInProcess(ForkedBooter.java:115)
	at org.apache.maven.surefire.booter.ForkedBooter.main(ForkedBooter.java:75)
Caused by: java.util.concurrent.ExecutionException: javax.ws.rs.ProcessingException: java.io.IOException: No such file or directory
	at jersey.repackaged.com.google.common.util.concurrent.AbstractFuture$Sync.getValue(AbstractFuture.java:299)
	at jersey.repackaged.com.google.common.util.concurrent.AbstractFuture$Sync.get(AbstractFuture.java:286)
	at jersey.repackaged.com.google.common.util.concurrent.AbstractFuture.get(AbstractFuture.java:116)
	at com.spotify.docker.client.DefaultDockerClient.request(DefaultDockerClient.java:2674)
	... 34 more
Caused by: javax.ws.rs.ProcessingException: java.io.IOException: No such file or directory
	at org.glassfish.jersey.apache.connector.ApacheConnector.apply(ApacheConnector.java:481)
	at org.glassfish.jersey.apache.connector.ApacheConnector$1.run(ApacheConnector.java:491)
	at java.util.concurrent.Executors$RunnableAdapter.call(Executors.java:511)
	at java.util.concurrent.FutureTask.run(FutureTask.java:266)
	at jersey.repackaged.com.google.common.util.concurrent.MoreExecutors$DirectExecutorService.execute(MoreExecutors.java:299)
	at java.util.concurrent.AbstractExecutorService.submit(AbstractExecutorService.java:112)
	at jersey.repackaged.com.google.common.util.concurrent.AbstractListeningExecutorService.submit(AbstractListeningExecutorService.java:50)
	at jersey.repackaged.com.google.common.util.concurrent.AbstractListeningExecutorService.submit(AbstractListeningExecutorService.java:37)
	at org.glassfish.jersey.apache.connector.ApacheConnector.apply(ApacheConnector.java:487)
	at org.glassfish.jersey.client.ClientRuntime$2.run(ClientRuntime.java:178)
	at org.glassfish.jersey.internal.Errors$1.call(Errors.java:271)
	at org.glassfish.jersey.internal.Errors$1.call(Errors.java:267)
	at org.glassfish.jersey.internal.Errors.process(Errors.java:315)
	at org.glassfish.jersey.internal.Errors.process(Errors.java:297)
	at org.glassfish.jersey.internal.Errors.process(Errors.java:267)
	at org.glassfish.jersey.process.internal.RequestScope.runInScope(RequestScope.java:340)
	at org.glassfish.jersey.client.ClientRuntime$3.run(ClientRuntime.java:210)
	at java.util.concurrent.Executors$RunnableAdapter.call(Executors.java:511)
	at java.util.concurrent.FutureTask.run(FutureTask.java:266)
	at java.util.concurrent.ThreadPoolExecutor.runWorker(ThreadPoolExecutor.java:1142)
	at java.util.concurrent.ThreadPoolExecutor$Worker.run(ThreadPoolExecutor.java:617)
	at java.lang.Thread.run(Thread.java:745)
Caused by: java.io.IOException: No such file or directory
	at jnr.unixsocket.UnixSocketChannel.doConnect(UnixSocketChannel.java:127)
	at jnr.unixsocket.UnixSocketChannel.connect(UnixSocketChannel.java:136)
	at jnr.unixsocket.UnixSocketChannel.connect(UnixSocketChannel.java:223)
	at com.spotify.docker.client.UnixConnectionSocketFactory.connectSocket(UnixConnectionSocketFactory.java:85)
	at org.apache.http.impl.conn.DefaultHttpClientConnectionOperator.connect(DefaultHttpClientConnectionOperator.java:134)
	at org.apache.http.impl.conn.PoolingHttpClientConnectionManager.connect(PoolingHttpClientConnectionManager.java:353)
	at org.apache.http.impl.execchain.MainClientExec.establishRoute(MainClientExec.java:380)
	at org.apache.http.impl.execchain.MainClientExec.execute(MainClientExec.java:236)
	at org.apache.http.impl.execchain.ProtocolExec.execute(ProtocolExec.java:184)
	at org.apache.http.impl.execchain.RetryExec.execute(RetryExec.java:88)
	at org.apache.http.impl.execchain.RedirectExec.execute(RedirectExec.java:110)
	at org.apache.http.impl.client.InternalHttpClient.doExecute(InternalHttpClient.java:184)
	at org.apache.http.impl.client.CloseableHttpClient.execute(CloseableHttpClient.java:71)
	at org.glassfish.jersey.apache.connector.ApacheConnector.apply(ApacheConnector.java:435)
	... 21 more
</error>
    <system-err>Jun 02, 2018 7:44:41 AM org.apache.http.impl.execchain.RetryExec execute
INFO: I/O exception (java.io.IOException) caught when processing request to {}-&gt;unix://localhost:80: No such file or directory
Jun 02, 2018 7:44:41 AM org.apache.http.impl.execchain.RetryExec execute
INFO: Retrying request to {}-&gt;unix://localhost:80
Jun 02, 2018 7:44:41 AM org.apache.http.impl.execchain.RetryExec execute
INFO: I/O exception (java.io.IOException) caught when processing request to {}-&gt;unix://localhost:80: No such file or directory
Jun 02, 2018 7:44:41 AM org.apache.http.impl.execchain.RetryExec execute
INFO: Retrying request to {}-&gt;unix://localhost:80
Jun 02, 2018 7:44:41 AM org.apache.http.impl.execchain.RetryExec execute
INFO: I/O exception (java.io.IOException) caught when processing request to {}-&gt;unix://localhost:80: No such file or directory
Jun 02, 2018 7:44:41 AM org.apache.http.impl.execchain.RetryExec execute
INFO: Retrying request to {}-&gt;unix://localhost:80
</system-err>
  </testcase>
  <testcase classname="com.spotify.docker.client.DefaultDockerClientTest" name="testRestartPolicyAlways" time="0.017">
    <error type="java.lang.NullPointerException">java.lang.NullPointerException
	at com.spotify.docker.client.VersionCompare.compareVersion(VersionCompare.java:45)
	at com.spotify.docker.client.DefaultDockerClientTest.dockerApiVersionAtLeast(DefaultDockerClientTest.java:404)
	at com.spotify.docker.client.DefaultDockerClientTest.tearDown(DefaultDockerClientTest.java:356)
	at sun.reflect.GeneratedMethodAccessor11.invoke(Unknown Source)
	at sun.reflect.DelegatingMethodAccessorImpl.invoke(DelegatingMethodAccessorImpl.java:43)
	at java.lang.reflect.Method.invoke(Method.java:498)
	at org.junit.runners.model.FrameworkMethod$1.runReflectiveCall(FrameworkMethod.java:50)
	at org.junit.internal.runners.model.ReflectiveCallable.run(ReflectiveCallable.java:12)
	at org.junit.runners.model.FrameworkMethod.invokeExplosively(FrameworkMethod.java:47)
	at org.junit.internal.runners.statements.RunAfters.evaluate(RunAfters.java:33)
	at org.junit.rules.ExpectedException$ExpectedExceptionStatement.evaluate(ExpectedException.java:239)
	at org.junit.rules.TestWatcher$1.evaluate(TestWatcher.java:55)
	at org.junit.rules.RunRules.evaluate(RunRules.java:20)
	at org.junit.runners.ParentRunner.runLeaf(ParentRunner.java:325)
	at org.junit.runners.BlockJUnit4ClassRunner.runChild(BlockJUnit4ClassRunner.java:78)
	at org.junit.runners.BlockJUnit4ClassRunner.runChild(BlockJUnit4ClassRunner.java:57)
	at org.junit.runners.ParentRunner$3.run(ParentRunner.java:290)
	at org.junit.runners.ParentRunner$1.schedule(ParentRunner.java:71)
	at org.junit.runners.ParentRunner.runChildren(ParentRunner.java:288)
	at org.junit.runners.ParentRunner.access$000(ParentRunner.java:58)
	at org.junit.runners.ParentRunner$2.evaluate(ParentRunner.java:268)
	at org.junit.runners.ParentRunner.run(ParentRunner.java:363)
	at org.apache.maven.surefire.junit4.JUnit4Provider.execute(JUnit4Provider.java:252)
	at org.apache.maven.surefire.junit4.JUnit4Provider.executeTestSet(JUnit4Provider.java:141)
	at org.apache.maven.surefire.junit4.JUnit4Provider.invoke(JUnit4Provider.java:112)
	at sun.reflect.NativeMethodAccessorImpl.invoke0(Native Method)
	at sun.reflect.NativeMethodAccessorImpl.invoke(NativeMethodAccessorImpl.java:62)
	at sun.reflect.DelegatingMethodAccessorImpl.invoke(DelegatingMethodAccessorImpl.java:43)
	at java.lang.reflect.Method.invoke(Method.java:498)
	at org.apache.maven.surefire.util.ReflectionUtils.invokeMethodWithArray(ReflectionUtils.java:189)
	at org.apache.maven.surefire.booter.ProviderFactory$ProviderProxy.invoke(ProviderFactory.java:165)
	at org.apache.maven.surefire.booter.ProviderFactory.invokeProvider(ProviderFactory.java:85)
	at org.apache.maven.surefire.booter.ForkedBooter.runSuitesInProcess(ForkedBooter.java:115)
	at org.apache.maven.surefire.booter.ForkedBooter.main(ForkedBooter.java:75)
</error>
  </testcase>
  <testcase classname="com.spotify.docker.client.DefaultDockerClientTest" name="testWaitContainer" time="0.017">
    <error message="java.util.concurrent.ExecutionException: javax.ws.rs.ProcessingException: java.io.IOException: No such file or directory" type="com.spotify.docker.client.exceptions.DockerException">com.spotify.docker.client.exceptions.DockerException: java.util.concurrent.ExecutionException: javax.ws.rs.ProcessingException: java.io.IOException: No such file or directory
	at com.spotify.docker.client.DefaultDockerClient.propagate(DefaultDockerClient.java:2812)
	at com.spotify.docker.client.DefaultDockerClient.request(DefaultDockerClient.java:2676)
	at com.spotify.docker.client.DefaultDockerClient.version(DefaultDockerClient.java:572)
	at com.spotify.docker.client.DefaultDockerClientTest.setup(DefaultDockerClientTest.java:349)
	at sun.reflect.GeneratedMethodAccessor10.invoke(Unknown Source)
	at sun.reflect.DelegatingMethodAccessorImpl.invoke(DelegatingMethodAccessorImpl.java:43)
	at java.lang.reflect.Method.invoke(Method.java:498)
	at org.junit.runners.model.FrameworkMethod$1.runReflectiveCall(FrameworkMethod.java:50)
	at org.junit.internal.runners.model.ReflectiveCallable.run(ReflectiveCallable.java:12)
	at org.junit.runners.model.FrameworkMethod.invokeExplosively(FrameworkMethod.java:47)
	at org.junit.internal.runners.statements.RunBefores.evaluate(RunBefores.java:24)
	at org.junit.internal.runners.statements.RunAfters.evaluate(RunAfters.java:27)
	at org.junit.rules.ExpectedException$ExpectedExceptionStatement.evaluate(ExpectedException.java:239)
	at org.junit.rules.TestWatcher$1.evaluate(TestWatcher.java:55)
	at org.junit.rules.RunRules.evaluate(RunRules.java:20)
	at org.junit.runners.ParentRunner.runLeaf(ParentRunner.java:325)
	at org.junit.runners.BlockJUnit4ClassRunner.runChild(BlockJUnit4ClassRunner.java:78)
	at org.junit.runners.BlockJUnit4ClassRunner.runChild(BlockJUnit4ClassRunner.java:57)
	at org.junit.runners.ParentRunner$3.run(ParentRunner.java:290)
	at org.junit.runners.ParentRunner$1.schedule(ParentRunner.java:71)
	at org.junit.runners.ParentRunner.runChildren(ParentRunner.java:288)
	at org.junit.runners.ParentRunner.access$000(ParentRunner.java:58)
	at org.junit.runners.ParentRunner$2.evaluate(ParentRunner.java:268)
	at org.junit.runners.ParentRunner.run(ParentRunner.java:363)
	at org.apache.maven.surefire.junit4.JUnit4Provider.execute(JUnit4Provider.java:252)
	at org.apache.maven.surefire.junit4.JUnit4Provider.executeTestSet(JUnit4Provider.java:141)
	at org.apache.maven.surefire.junit4.JUnit4Provider.invoke(JUnit4Provider.java:112)
	at sun.reflect.NativeMethodAccessorImpl.invoke0(Native Method)
	at sun.reflect.NativeMethodAccessorImpl.invoke(NativeMethodAccessorImpl.java:62)
	at sun.reflect.DelegatingMethodAccessorImpl.invoke(DelegatingMethodAccessorImpl.java:43)
	at java.lang.reflect.Method.invoke(Method.java:498)
	at org.apache.maven.surefire.util.ReflectionUtils.invokeMethodWithArray(ReflectionUtils.java:189)
	at org.apache.maven.surefire.booter.ProviderFactory$ProviderProxy.invoke(ProviderFactory.java:165)
	at org.apache.maven.surefire.booter.ProviderFactory.invokeProvider(ProviderFactory.java:85)
	at org.apache.maven.surefire.booter.ForkedBooter.runSuitesInProcess(ForkedBooter.java:115)
	at org.apache.maven.surefire.booter.ForkedBooter.main(ForkedBooter.java:75)
Caused by: java.util.concurrent.ExecutionException: javax.ws.rs.ProcessingException: java.io.IOException: No such file or directory
	at jersey.repackaged.com.google.common.util.concurrent.AbstractFuture$Sync.getValue(AbstractFuture.java:299)
	at jersey.repackaged.com.google.common.util.concurrent.AbstractFuture$Sync.get(AbstractFuture.java:286)
	at jersey.repackaged.com.google.common.util.concurrent.AbstractFuture.get(AbstractFuture.java:116)
	at com.spotify.docker.client.DefaultDockerClient.request(DefaultDockerClient.java:2674)
	... 34 more
Caused by: javax.ws.rs.ProcessingException: java.io.IOException: No such file or directory
	at org.glassfish.jersey.apache.connector.ApacheConnector.apply(ApacheConnector.java:481)
	at org.glassfish.jersey.apache.connector.ApacheConnector$1.run(ApacheConnector.java:491)
	at java.util.concurrent.Executors$RunnableAdapter.call(Executors.java:511)
	at java.util.concurrent.FutureTask.run(FutureTask.java:266)
	at jersey.repackaged.com.google.common.util.concurrent.MoreExecutors$DirectExecutorService.execute(MoreExecutors.java:299)
	at java.util.concurrent.AbstractExecutorService.submit(AbstractExecutorService.java:112)
	at jersey.repackaged.com.google.common.util.concurrent.AbstractListeningExecutorService.submit(AbstractListeningExecutorService.java:50)
	at jersey.repackaged.com.google.common.util.concurrent.AbstractListeningExecutorService.submit(AbstractListeningExecutorService.java:37)
	at org.glassfish.jersey.apache.connector.ApacheConnector.apply(ApacheConnector.java:487)
	at org.glassfish.jersey.client.ClientRuntime$2.run(ClientRuntime.java:178)
	at org.glassfish.jersey.internal.Errors$1.call(Errors.java:271)
	at org.glassfish.jersey.internal.Errors$1.call(Errors.java:267)
	at org.glassfish.jersey.internal.Errors.process(Errors.java:315)
	at org.glassfish.jersey.internal.Errors.process(Errors.java:297)
	at org.glassfish.jersey.internal.Errors.process(Errors.java:267)
	at org.glassfish.jersey.process.internal.RequestScope.runInScope(RequestScope.java:340)
	at org.glassfish.jersey.client.ClientRuntime$3.run(ClientRuntime.java:210)
	at java.util.concurrent.Executors$RunnableAdapter.call(Executors.java:511)
	at java.util.concurrent.FutureTask.run(FutureTask.java:266)
	at java.util.concurrent.ThreadPoolExecutor.runWorker(ThreadPoolExecutor.java:1142)
	at java.util.concurrent.ThreadPoolExecutor$Worker.run(ThreadPoolExecutor.java:617)
	at java.lang.Thread.run(Thread.java:745)
Caused by: java.io.IOException: No such file or directory
	at jnr.unixsocket.UnixSocketChannel.doConnect(UnixSocketChannel.java:127)
	at jnr.unixsocket.UnixSocketChannel.connect(UnixSocketChannel.java:136)
	at jnr.unixsocket.UnixSocketChannel.connect(UnixSocketChannel.java:223)
	at com.spotify.docker.client.UnixConnectionSocketFactory.connectSocket(UnixConnectionSocketFactory.java:85)
	at org.apache.http.impl.conn.DefaultHttpClientConnectionOperator.connect(DefaultHttpClientConnectionOperator.java:134)
	at org.apache.http.impl.conn.PoolingHttpClientConnectionManager.connect(PoolingHttpClientConnectionManager.java:353)
	at org.apache.http.impl.execchain.MainClientExec.establishRoute(MainClientExec.java:380)
	at org.apache.http.impl.execchain.MainClientExec.execute(MainClientExec.java:236)
	at org.apache.http.impl.execchain.ProtocolExec.execute(ProtocolExec.java:184)
	at org.apache.http.impl.execchain.RetryExec.execute(RetryExec.java:88)
	at org.apache.http.impl.execchain.RedirectExec.execute(RedirectExec.java:110)
	at org.apache.http.impl.client.InternalHttpClient.doExecute(InternalHttpClient.java:184)
	at org.apache.http.impl.client.CloseableHttpClient.execute(CloseableHttpClient.java:71)
	at org.glassfish.jersey.apache.connector.ApacheConnector.apply(ApacheConnector.java:435)
	... 21 more
</error>
    <system-err>Jun 02, 2018 7:44:41 AM org.apache.http.impl.execchain.RetryExec execute
INFO: I/O exception (java.io.IOException) caught when processing request to {}-&gt;unix://localhost:80: No such file or directory
Jun 02, 2018 7:44:41 AM org.apache.http.impl.execchain.RetryExec execute
INFO: Retrying request to {}-&gt;unix://localhost:80
Jun 02, 2018 7:44:41 AM org.apache.http.impl.execchain.RetryExec execute
INFO: I/O exception (java.io.IOException) caught when processing request to {}-&gt;unix://localhost:80: No such file or directory
Jun 02, 2018 7:44:41 AM org.apache.http.impl.execchain.RetryExec execute
INFO: Retrying request to {}-&gt;unix://localhost:80
Jun 02, 2018 7:44:41 AM org.apache.http.impl.execchain.RetryExec execute
INFO: I/O exception (java.io.IOException) caught when processing request to {}-&gt;unix://localhost:80: No such file or directory
Jun 02, 2018 7:44:41 AM org.apache.http.impl.execchain.RetryExec execute
INFO: Retrying request to {}-&gt;unix://localhost:80
</system-err>
  </testcase>
  <testcase classname="com.spotify.docker.client.DefaultDockerClientTest" name="testWaitContainer" time="0.017">
    <error type="java.lang.NullPointerException">java.lang.NullPointerException
	at com.spotify.docker.client.VersionCompare.compareVersion(VersionCompare.java:45)
	at com.spotify.docker.client.DefaultDockerClientTest.dockerApiVersionAtLeast(DefaultDockerClientTest.java:404)
	at com.spotify.docker.client.DefaultDockerClientTest.tearDown(DefaultDockerClientTest.java:356)
	at sun.reflect.GeneratedMethodAccessor11.invoke(Unknown Source)
	at sun.reflect.DelegatingMethodAccessorImpl.invoke(DelegatingMethodAccessorImpl.java:43)
	at java.lang.reflect.Method.invoke(Method.java:498)
	at org.junit.runners.model.FrameworkMethod$1.runReflectiveCall(FrameworkMethod.java:50)
	at org.junit.internal.runners.model.ReflectiveCallable.run(ReflectiveCallable.java:12)
	at org.junit.runners.model.FrameworkMethod.invokeExplosively(FrameworkMethod.java:47)
	at org.junit.internal.runners.statements.RunAfters.evaluate(RunAfters.java:33)
	at org.junit.rules.ExpectedException$ExpectedExceptionStatement.evaluate(ExpectedException.java:239)
	at org.junit.rules.TestWatcher$1.evaluate(TestWatcher.java:55)
	at org.junit.rules.RunRules.evaluate(RunRules.java:20)
	at org.junit.runners.ParentRunner.runLeaf(ParentRunner.java:325)
	at org.junit.runners.BlockJUnit4ClassRunner.runChild(BlockJUnit4ClassRunner.java:78)
	at org.junit.runners.BlockJUnit4ClassRunner.runChild(BlockJUnit4ClassRunner.java:57)
	at org.junit.runners.ParentRunner$3.run(ParentRunner.java:290)
	at org.junit.runners.ParentRunner$1.schedule(ParentRunner.java:71)
	at org.junit.runners.ParentRunner.runChildren(ParentRunner.java:288)
	at org.junit.runners.ParentRunner.access$000(ParentRunner.java:58)
	at org.junit.runners.ParentRunner$2.evaluate(ParentRunner.java:268)
	at org.junit.runners.ParentRunner.run(ParentRunner.java:363)
	at org.apache.maven.surefire.junit4.JUnit4Provider.execute(JUnit4Provider.java:252)
	at org.apache.maven.surefire.junit4.JUnit4Provider.executeTestSet(JUnit4Provider.java:141)
	at org.apache.maven.surefire.junit4.JUnit4Provider.invoke(JUnit4Provider.java:112)
	at sun.reflect.NativeMethodAccessorImpl.invoke0(Native Method)
	at sun.reflect.NativeMethodAccessorImpl.invoke(NativeMethodAccessorImpl.java:62)
	at sun.reflect.DelegatingMethodAccessorImpl.invoke(DelegatingMethodAccessorImpl.java:43)
	at java.lang.reflect.Method.invoke(Method.java:498)
	at org.apache.maven.surefire.util.ReflectionUtils.invokeMethodWithArray(ReflectionUtils.java:189)
	at org.apache.maven.surefire.booter.ProviderFactory$ProviderProxy.invoke(ProviderFactory.java:165)
	at org.apache.maven.surefire.booter.ProviderFactory.invokeProvider(ProviderFactory.java:85)
	at org.apache.maven.surefire.booter.ForkedBooter.runSuitesInProcess(ForkedBooter.java:115)
	at org.apache.maven.surefire.booter.ForkedBooter.main(ForkedBooter.java:75)
</error>
  </testcase>
  <testcase classname="com.spotify.docker.client.DefaultDockerClientTest" name="testReadTimeout" time="0.017">
    <error message="java.util.concurrent.ExecutionException: javax.ws.rs.ProcessingException: java.io.IOException: No such file or directory" type="com.spotify.docker.client.exceptions.DockerException">com.spotify.docker.client.exceptions.DockerException: java.util.concurrent.ExecutionException: javax.ws.rs.ProcessingException: java.io.IOException: No such file or directory
	at com.spotify.docker.client.DefaultDockerClient.propagate(DefaultDockerClient.java:2812)
	at com.spotify.docker.client.DefaultDockerClient.request(DefaultDockerClient.java:2676)
	at com.spotify.docker.client.DefaultDockerClient.version(DefaultDockerClient.java:572)
	at com.spotify.docker.client.DefaultDockerClientTest.setup(DefaultDockerClientTest.java:349)
	at sun.reflect.GeneratedMethodAccessor10.invoke(Unknown Source)
	at sun.reflect.DelegatingMethodAccessorImpl.invoke(DelegatingMethodAccessorImpl.java:43)
	at java.lang.reflect.Method.invoke(Method.java:498)
	at org.junit.runners.model.FrameworkMethod$1.runReflectiveCall(FrameworkMethod.java:50)
	at org.junit.internal.runners.model.ReflectiveCallable.run(ReflectiveCallable.java:12)
	at org.junit.runners.model.FrameworkMethod.invokeExplosively(FrameworkMethod.java:47)
	at org.junit.internal.runners.statements.RunBefores.evaluate(RunBefores.java:24)
	at org.junit.internal.runners.statements.RunAfters.evaluate(RunAfters.java:27)
	at org.junit.rules.ExpectedException$ExpectedExceptionStatement.evaluate(ExpectedException.java:239)
	at org.junit.rules.TestWatcher$1.evaluate(TestWatcher.java:55)
	at org.junit.rules.RunRules.evaluate(RunRules.java:20)
	at org.junit.runners.ParentRunner.runLeaf(ParentRunner.java:325)
	at org.junit.runners.BlockJUnit4ClassRunner.runChild(BlockJUnit4ClassRunner.java:78)
	at org.junit.runners.BlockJUnit4ClassRunner.runChild(BlockJUnit4ClassRunner.java:57)
	at org.junit.runners.ParentRunner$3.run(ParentRunner.java:290)
	at org.junit.runners.ParentRunner$1.schedule(ParentRunner.java:71)
	at org.junit.runners.ParentRunner.runChildren(ParentRunner.java:288)
	at org.junit.runners.ParentRunner.access$000(ParentRunner.java:58)
	at org.junit.runners.ParentRunner$2.evaluate(ParentRunner.java:268)
	at org.junit.runners.ParentRunner.run(ParentRunner.java:363)
	at org.apache.maven.surefire.junit4.JUnit4Provider.execute(JUnit4Provider.java:252)
	at org.apache.maven.surefire.junit4.JUnit4Provider.executeTestSet(JUnit4Provider.java:141)
	at org.apache.maven.surefire.junit4.JUnit4Provider.invoke(JUnit4Provider.java:112)
	at sun.reflect.NativeMethodAccessorImpl.invoke0(Native Method)
	at sun.reflect.NativeMethodAccessorImpl.invoke(NativeMethodAccessorImpl.java:62)
	at sun.reflect.DelegatingMethodAccessorImpl.invoke(DelegatingMethodAccessorImpl.java:43)
	at java.lang.reflect.Method.invoke(Method.java:498)
	at org.apache.maven.surefire.util.ReflectionUtils.invokeMethodWithArray(ReflectionUtils.java:189)
	at org.apache.maven.surefire.booter.ProviderFactory$ProviderProxy.invoke(ProviderFactory.java:165)
	at org.apache.maven.surefire.booter.ProviderFactory.invokeProvider(ProviderFactory.java:85)
	at org.apache.maven.surefire.booter.ForkedBooter.runSuitesInProcess(ForkedBooter.java:115)
	at org.apache.maven.surefire.booter.ForkedBooter.main(ForkedBooter.java:75)
Caused by: java.util.concurrent.ExecutionException: javax.ws.rs.ProcessingException: java.io.IOException: No such file or directory
	at jersey.repackaged.com.google.common.util.concurrent.AbstractFuture$Sync.getValue(AbstractFuture.java:299)
	at jersey.repackaged.com.google.common.util.concurrent.AbstractFuture$Sync.get(AbstractFuture.java:286)
	at jersey.repackaged.com.google.common.util.concurrent.AbstractFuture.get(AbstractFuture.java:116)
	at com.spotify.docker.client.DefaultDockerClient.request(DefaultDockerClient.java:2674)
	... 34 more
Caused by: javax.ws.rs.ProcessingException: java.io.IOException: No such file or directory
	at org.glassfish.jersey.apache.connector.ApacheConnector.apply(ApacheConnector.java:481)
	at org.glassfish.jersey.apache.connector.ApacheConnector$1.run(ApacheConnector.java:491)
	at java.util.concurrent.Executors$RunnableAdapter.call(Executors.java:511)
	at java.util.concurrent.FutureTask.run(FutureTask.java:266)
	at jersey.repackaged.com.google.common.util.concurrent.MoreExecutors$DirectExecutorService.execute(MoreExecutors.java:299)
	at java.util.concurrent.AbstractExecutorService.submit(AbstractExecutorService.java:112)
	at jersey.repackaged.com.google.common.util.concurrent.AbstractListeningExecutorService.submit(AbstractListeningExecutorService.java:50)
	at jersey.repackaged.com.google.common.util.concurrent.AbstractListeningExecutorService.submit(AbstractListeningExecutorService.java:37)
	at org.glassfish.jersey.apache.connector.ApacheConnector.apply(ApacheConnector.java:487)
	at org.glassfish.jersey.client.ClientRuntime$2.run(ClientRuntime.java:178)
	at org.glassfish.jersey.internal.Errors$1.call(Errors.java:271)
	at org.glassfish.jersey.internal.Errors$1.call(Errors.java:267)
	at org.glassfish.jersey.internal.Errors.process(Errors.java:315)
	at org.glassfish.jersey.internal.Errors.process(Errors.java:297)
	at org.glassfish.jersey.internal.Errors.process(Errors.java:267)
	at org.glassfish.jersey.process.internal.RequestScope.runInScope(RequestScope.java:340)
	at org.glassfish.jersey.client.ClientRuntime$3.run(ClientRuntime.java:210)
	at java.util.concurrent.Executors$RunnableAdapter.call(Executors.java:511)
	at java.util.concurrent.FutureTask.run(FutureTask.java:266)
	at java.util.concurrent.ThreadPoolExecutor.runWorker(ThreadPoolExecutor.java:1142)
	at java.util.concurrent.ThreadPoolExecutor$Worker.run(ThreadPoolExecutor.java:617)
	at java.lang.Thread.run(Thread.java:745)
Caused by: java.io.IOException: No such file or directory
	at jnr.unixsocket.UnixSocketChannel.doConnect(UnixSocketChannel.java:127)
	at jnr.unixsocket.UnixSocketChannel.connect(UnixSocketChannel.java:136)
	at jnr.unixsocket.UnixSocketChannel.connect(UnixSocketChannel.java:223)
	at com.spotify.docker.client.UnixConnectionSocketFactory.connectSocket(UnixConnectionSocketFactory.java:85)
	at org.apache.http.impl.conn.DefaultHttpClientConnectionOperator.connect(DefaultHttpClientConnectionOperator.java:134)
	at org.apache.http.impl.conn.PoolingHttpClientConnectionManager.connect(PoolingHttpClientConnectionManager.java:353)
	at org.apache.http.impl.execchain.MainClientExec.establishRoute(MainClientExec.java:380)
	at org.apache.http.impl.execchain.MainClientExec.execute(MainClientExec.java:236)
	at org.apache.http.impl.execchain.ProtocolExec.execute(ProtocolExec.java:184)
	at org.apache.http.impl.execchain.RetryExec.execute(RetryExec.java:88)
	at org.apache.http.impl.execchain.RedirectExec.execute(RedirectExec.java:110)
	at org.apache.http.impl.client.InternalHttpClient.doExecute(InternalHttpClient.java:184)
	at org.apache.http.impl.client.CloseableHttpClient.execute(CloseableHttpClient.java:71)
	at org.glassfish.jersey.apache.connector.ApacheConnector.apply(ApacheConnector.java:435)
	... 21 more
</error>
    <system-err>Jun 02, 2018 7:44:41 AM org.apache.http.impl.execchain.RetryExec execute
INFO: I/O exception (java.io.IOException) caught when processing request to {}-&gt;unix://localhost:80: No such file or directory
Jun 02, 2018 7:44:41 AM org.apache.http.impl.execchain.RetryExec execute
INFO: Retrying request to {}-&gt;unix://localhost:80
Jun 02, 2018 7:44:41 AM org.apache.http.impl.execchain.RetryExec execute
INFO: I/O exception (java.io.IOException) caught when processing request to {}-&gt;unix://localhost:80: No such file or directory
Jun 02, 2018 7:44:41 AM org.apache.http.impl.execchain.RetryExec execute
INFO: Retrying request to {}-&gt;unix://localhost:80
Jun 02, 2018 7:44:41 AM org.apache.http.impl.execchain.RetryExec execute
INFO: I/O exception (java.io.IOException) caught when processing request to {}-&gt;unix://localhost:80: No such file or directory
Jun 02, 2018 7:44:41 AM org.apache.http.impl.execchain.RetryExec execute
INFO: Retrying request to {}-&gt;unix://localhost:80
</system-err>
  </testcase>
  <testcase classname="com.spotify.docker.client.DefaultDockerClientTest" name="testReadTimeout" time="0.017">
    <error type="java.lang.NullPointerException">java.lang.NullPointerException
	at com.spotify.docker.client.VersionCompare.compareVersion(VersionCompare.java:45)
	at com.spotify.docker.client.DefaultDockerClientTest.dockerApiVersionAtLeast(DefaultDockerClientTest.java:404)
	at com.spotify.docker.client.DefaultDockerClientTest.tearDown(DefaultDockerClientTest.java:356)
	at sun.reflect.GeneratedMethodAccessor11.invoke(Unknown Source)
	at sun.reflect.DelegatingMethodAccessorImpl.invoke(DelegatingMethodAccessorImpl.java:43)
	at java.lang.reflect.Method.invoke(Method.java:498)
	at org.junit.runners.model.FrameworkMethod$1.runReflectiveCall(FrameworkMethod.java:50)
	at org.junit.internal.runners.model.ReflectiveCallable.run(ReflectiveCallable.java:12)
	at org.junit.runners.model.FrameworkMethod.invokeExplosively(FrameworkMethod.java:47)
	at org.junit.internal.runners.statements.RunAfters.evaluate(RunAfters.java:33)
	at org.junit.rules.ExpectedException$ExpectedExceptionStatement.evaluate(ExpectedException.java:239)
	at org.junit.rules.TestWatcher$1.evaluate(TestWatcher.java:55)
	at org.junit.rules.RunRules.evaluate(RunRules.java:20)
	at org.junit.runners.ParentRunner.runLeaf(ParentRunner.java:325)
	at org.junit.runners.BlockJUnit4ClassRunner.runChild(BlockJUnit4ClassRunner.java:78)
	at org.junit.runners.BlockJUnit4ClassRunner.runChild(BlockJUnit4ClassRunner.java:57)
	at org.junit.runners.ParentRunner$3.run(ParentRunner.java:290)
	at org.junit.runners.ParentRunner$1.schedule(ParentRunner.java:71)
	at org.junit.runners.ParentRunner.runChildren(ParentRunner.java:288)
	at org.junit.runners.ParentRunner.access$000(ParentRunner.java:58)
	at org.junit.runners.ParentRunner$2.evaluate(ParentRunner.java:268)
	at org.junit.runners.ParentRunner.run(ParentRunner.java:363)
	at org.apache.maven.surefire.junit4.JUnit4Provider.execute(JUnit4Provider.java:252)
	at org.apache.maven.surefire.junit4.JUnit4Provider.executeTestSet(JUnit4Provider.java:141)
	at org.apache.maven.surefire.junit4.JUnit4Provider.invoke(JUnit4Provider.java:112)
	at sun.reflect.NativeMethodAccessorImpl.invoke0(Native Method)
	at sun.reflect.NativeMethodAccessorImpl.invoke(NativeMethodAccessorImpl.java:62)
	at sun.reflect.DelegatingMethodAccessorImpl.invoke(DelegatingMethodAccessorImpl.java:43)
	at java.lang.reflect.Method.invoke(Method.java:498)
	at org.apache.maven.surefire.util.ReflectionUtils.invokeMethodWithArray(ReflectionUtils.java:189)
	at org.apache.maven.surefire.booter.ProviderFactory$ProviderProxy.invoke(ProviderFactory.java:165)
	at org.apache.maven.surefire.booter.ProviderFactory.invokeProvider(ProviderFactory.java:85)
	at org.apache.maven.surefire.booter.ForkedBooter.runSuitesInProcess(ForkedBooter.java:115)
	at org.apache.maven.surefire.booter.ForkedBooter.main(ForkedBooter.java:75)
</error>
  </testcase>
  <testcase classname="com.spotify.docker.client.DefaultDockerClientTest" name="testRemoveBadContainer" time="0.02">
    <error message="java.util.concurrent.ExecutionException: javax.ws.rs.ProcessingException: java.io.IOException: No such file or directory" type="com.spotify.docker.client.exceptions.DockerException">com.spotify.docker.client.exceptions.DockerException: java.util.concurrent.ExecutionException: javax.ws.rs.ProcessingException: java.io.IOException: No such file or directory
	at com.spotify.docker.client.DefaultDockerClient.propagate(DefaultDockerClient.java:2812)
	at com.spotify.docker.client.DefaultDockerClient.request(DefaultDockerClient.java:2676)
	at com.spotify.docker.client.DefaultDockerClient.version(DefaultDockerClient.java:572)
	at com.spotify.docker.client.DefaultDockerClientTest.setup(DefaultDockerClientTest.java:349)
	at sun.reflect.GeneratedMethodAccessor10.invoke(Unknown Source)
	at sun.reflect.DelegatingMethodAccessorImpl.invoke(DelegatingMethodAccessorImpl.java:43)
	at java.lang.reflect.Method.invoke(Method.java:498)
	at org.junit.runners.model.FrameworkMethod$1.runReflectiveCall(FrameworkMethod.java:50)
	at org.junit.internal.runners.model.ReflectiveCallable.run(ReflectiveCallable.java:12)
	at org.junit.runners.model.FrameworkMethod.invokeExplosively(FrameworkMethod.java:47)
	at org.junit.internal.runners.statements.RunBefores.evaluate(RunBefores.java:24)
	at org.junit.internal.runners.statements.RunAfters.evaluate(RunAfters.java:27)
	at org.junit.rules.ExpectedException$ExpectedExceptionStatement.evaluate(ExpectedException.java:239)
	at org.junit.rules.TestWatcher$1.evaluate(TestWatcher.java:55)
	at org.junit.rules.RunRules.evaluate(RunRules.java:20)
	at org.junit.runners.ParentRunner.runLeaf(ParentRunner.java:325)
	at org.junit.runners.BlockJUnit4ClassRunner.runChild(BlockJUnit4ClassRunner.java:78)
	at org.junit.runners.BlockJUnit4ClassRunner.runChild(BlockJUnit4ClassRunner.java:57)
	at org.junit.runners.ParentRunner$3.run(ParentRunner.java:290)
	at org.junit.runners.ParentRunner$1.schedule(ParentRunner.java:71)
	at org.junit.runners.ParentRunner.runChildren(ParentRunner.java:288)
	at org.junit.runners.ParentRunner.access$000(ParentRunner.java:58)
	at org.junit.runners.ParentRunner$2.evaluate(ParentRunner.java:268)
	at org.junit.runners.ParentRunner.run(ParentRunner.java:363)
	at org.apache.maven.surefire.junit4.JUnit4Provider.execute(JUnit4Provider.java:252)
	at org.apache.maven.surefire.junit4.JUnit4Provider.executeTestSet(JUnit4Provider.java:141)
	at org.apache.maven.surefire.junit4.JUnit4Provider.invoke(JUnit4Provider.java:112)
	at sun.reflect.NativeMethodAccessorImpl.invoke0(Native Method)
	at sun.reflect.NativeMethodAccessorImpl.invoke(NativeMethodAccessorImpl.java:62)
	at sun.reflect.DelegatingMethodAccessorImpl.invoke(DelegatingMethodAccessorImpl.java:43)
	at java.lang.reflect.Method.invoke(Method.java:498)
	at org.apache.maven.surefire.util.ReflectionUtils.invokeMethodWithArray(ReflectionUtils.java:189)
	at org.apache.maven.surefire.booter.ProviderFactory$ProviderProxy.invoke(ProviderFactory.java:165)
	at org.apache.maven.surefire.booter.ProviderFactory.invokeProvider(ProviderFactory.java:85)
	at org.apache.maven.surefire.booter.ForkedBooter.runSuitesInProcess(ForkedBooter.java:115)
	at org.apache.maven.surefire.booter.ForkedBooter.main(ForkedBooter.java:75)
Caused by: java.util.concurrent.ExecutionException: javax.ws.rs.ProcessingException: java.io.IOException: No such file or directory
	at jersey.repackaged.com.google.common.util.concurrent.AbstractFuture$Sync.getValue(AbstractFuture.java:299)
	at jersey.repackaged.com.google.common.util.concurrent.AbstractFuture$Sync.get(AbstractFuture.java:286)
	at jersey.repackaged.com.google.common.util.concurrent.AbstractFuture.get(AbstractFuture.java:116)
	at com.spotify.docker.client.DefaultDockerClient.request(DefaultDockerClient.java:2674)
	... 34 more
Caused by: javax.ws.rs.ProcessingException: java.io.IOException: No such file or directory
	at org.glassfish.jersey.apache.connector.ApacheConnector.apply(ApacheConnector.java:481)
	at org.glassfish.jersey.apache.connector.ApacheConnector$1.run(ApacheConnector.java:491)
	at java.util.concurrent.Executors$RunnableAdapter.call(Executors.java:511)
	at java.util.concurrent.FutureTask.run(FutureTask.java:266)
	at jersey.repackaged.com.google.common.util.concurrent.MoreExecutors$DirectExecutorService.execute(MoreExecutors.java:299)
	at java.util.concurrent.AbstractExecutorService.submit(AbstractExecutorService.java:112)
	at jersey.repackaged.com.google.common.util.concurrent.AbstractListeningExecutorService.submit(AbstractListeningExecutorService.java:50)
	at jersey.repackaged.com.google.common.util.concurrent.AbstractListeningExecutorService.submit(AbstractListeningExecutorService.java:37)
	at org.glassfish.jersey.apache.connector.ApacheConnector.apply(ApacheConnector.java:487)
	at org.glassfish.jersey.client.ClientRuntime$2.run(ClientRuntime.java:178)
	at org.glassfish.jersey.internal.Errors$1.call(Errors.java:271)
	at org.glassfish.jersey.internal.Errors$1.call(Errors.java:267)
	at org.glassfish.jersey.internal.Errors.process(Errors.java:315)
	at org.glassfish.jersey.internal.Errors.process(Errors.java:297)
	at org.glassfish.jersey.internal.Errors.process(Errors.java:267)
	at org.glassfish.jersey.process.internal.RequestScope.runInScope(RequestScope.java:340)
	at org.glassfish.jersey.client.ClientRuntime$3.run(ClientRuntime.java:210)
	at java.util.concurrent.Executors$RunnableAdapter.call(Executors.java:511)
	at java.util.concurrent.FutureTask.run(FutureTask.java:266)
	at java.util.concurrent.ThreadPoolExecutor.runWorker(ThreadPoolExecutor.java:1142)
	at java.util.concurrent.ThreadPoolExecutor$Worker.run(ThreadPoolExecutor.java:617)
	at java.lang.Thread.run(Thread.java:745)
Caused by: java.io.IOException: No such file or directory
	at jnr.unixsocket.UnixSocketChannel.doConnect(UnixSocketChannel.java:127)
	at jnr.unixsocket.UnixSocketChannel.connect(UnixSocketChannel.java:136)
	at jnr.unixsocket.UnixSocketChannel.connect(UnixSocketChannel.java:223)
	at com.spotify.docker.client.UnixConnectionSocketFactory.connectSocket(UnixConnectionSocketFactory.java:85)
	at org.apache.http.impl.conn.DefaultHttpClientConnectionOperator.connect(DefaultHttpClientConnectionOperator.java:134)
	at org.apache.http.impl.conn.PoolingHttpClientConnectionManager.connect(PoolingHttpClientConnectionManager.java:353)
	at org.apache.http.impl.execchain.MainClientExec.establishRoute(MainClientExec.java:380)
	at org.apache.http.impl.execchain.MainClientExec.execute(MainClientExec.java:236)
	at org.apache.http.impl.execchain.ProtocolExec.execute(ProtocolExec.java:184)
	at org.apache.http.impl.execchain.RetryExec.execute(RetryExec.java:88)
	at org.apache.http.impl.execchain.RedirectExec.execute(RedirectExec.java:110)
	at org.apache.http.impl.client.InternalHttpClient.doExecute(InternalHttpClient.java:184)
	at org.apache.http.impl.client.CloseableHttpClient.execute(CloseableHttpClient.java:71)
	at org.glassfish.jersey.apache.connector.ApacheConnector.apply(ApacheConnector.java:435)
	... 21 more
</error>
    <system-err>Jun 02, 2018 7:44:41 AM org.apache.http.impl.execchain.RetryExec execute
INFO: I/O exception (java.io.IOException) caught when processing request to {}-&gt;unix://localhost:80: No such file or directory
Jun 02, 2018 7:44:41 AM org.apache.http.impl.execchain.RetryExec execute
INFO: Retrying request to {}-&gt;unix://localhost:80
Jun 02, 2018 7:44:41 AM org.apache.http.impl.execchain.RetryExec execute
INFO: I/O exception (java.io.IOException) caught when processing request to {}-&gt;unix://localhost:80: No such file or directory
Jun 02, 2018 7:44:41 AM org.apache.http.impl.execchain.RetryExec execute
INFO: Retrying request to {}-&gt;unix://localhost:80
Jun 02, 2018 7:44:41 AM org.apache.http.impl.execchain.RetryExec execute
INFO: I/O exception (java.io.IOException) caught when processing request to {}-&gt;unix://localhost:80: No such file or directory
Jun 02, 2018 7:44:41 AM org.apache.http.impl.execchain.RetryExec execute
INFO: Retrying request to {}-&gt;unix://localhost:80
</system-err>
  </testcase>
  <testcase classname="com.spotify.docker.client.DefaultDockerClientTest" name="testRemoveBadContainer" time="0.02">
    <error type="java.lang.NullPointerException">java.lang.NullPointerException
	at com.spotify.docker.client.VersionCompare.compareVersion(VersionCompare.java:45)
	at com.spotify.docker.client.DefaultDockerClientTest.dockerApiVersionAtLeast(DefaultDockerClientTest.java:404)
	at com.spotify.docker.client.DefaultDockerClientTest.tearDown(DefaultDockerClientTest.java:356)
	at sun.reflect.GeneratedMethodAccessor11.invoke(Unknown Source)
	at sun.reflect.DelegatingMethodAccessorImpl.invoke(DelegatingMethodAccessorImpl.java:43)
	at java.lang.reflect.Method.invoke(Method.java:498)
	at org.junit.runners.model.FrameworkMethod$1.runReflectiveCall(FrameworkMethod.java:50)
	at org.junit.internal.runners.model.ReflectiveCallable.run(ReflectiveCallable.java:12)
	at org.junit.runners.model.FrameworkMethod.invokeExplosively(FrameworkMethod.java:47)
	at org.junit.internal.runners.statements.RunAfters.evaluate(RunAfters.java:33)
	at org.junit.rules.ExpectedException$ExpectedExceptionStatement.evaluate(ExpectedException.java:239)
	at org.junit.rules.TestWatcher$1.evaluate(TestWatcher.java:55)
	at org.junit.rules.RunRules.evaluate(RunRules.java:20)
	at org.junit.runners.ParentRunner.runLeaf(ParentRunner.java:325)
	at org.junit.runners.BlockJUnit4ClassRunner.runChild(BlockJUnit4ClassRunner.java:78)
	at org.junit.runners.BlockJUnit4ClassRunner.runChild(BlockJUnit4ClassRunner.java:57)
	at org.junit.runners.ParentRunner$3.run(ParentRunner.java:290)
	at org.junit.runners.ParentRunner$1.schedule(ParentRunner.java:71)
	at org.junit.runners.ParentRunner.runChildren(ParentRunner.java:288)
	at org.junit.runners.ParentRunner.access$000(ParentRunner.java:58)
	at org.junit.runners.ParentRunner$2.evaluate(ParentRunner.java:268)
	at org.junit.runners.ParentRunner.run(ParentRunner.java:363)
	at org.apache.maven.surefire.junit4.JUnit4Provider.execute(JUnit4Provider.java:252)
	at org.apache.maven.surefire.junit4.JUnit4Provider.executeTestSet(JUnit4Provider.java:141)
	at org.apache.maven.surefire.junit4.JUnit4Provider.invoke(JUnit4Provider.java:112)
	at sun.reflect.NativeMethodAccessorImpl.invoke0(Native Method)
	at sun.reflect.NativeMethodAccessorImpl.invoke(NativeMethodAccessorImpl.java:62)
	at sun.reflect.DelegatingMethodAccessorImpl.invoke(DelegatingMethodAccessorImpl.java:43)
	at java.lang.reflect.Method.invoke(Method.java:498)
	at org.apache.maven.surefire.util.ReflectionUtils.invokeMethodWithArray(ReflectionUtils.java:189)
	at org.apache.maven.surefire.booter.ProviderFactory$ProviderProxy.invoke(ProviderFactory.java:165)
	at org.apache.maven.surefire.booter.ProviderFactory.invokeProvider(ProviderFactory.java:85)
	at org.apache.maven.surefire.booter.ForkedBooter.runSuitesInProcess(ForkedBooter.java:115)
	at org.apache.maven.surefire.booter.ForkedBooter.main(ForkedBooter.java:75)
</error>
  </testcase>
  <testcase classname="com.spotify.docker.client.DefaultDockerClientTest" name="testIpcMode" time="0.018">
    <error message="java.util.concurrent.ExecutionException: javax.ws.rs.ProcessingException: java.io.IOException: No such file or directory" type="com.spotify.docker.client.exceptions.DockerException">com.spotify.docker.client.exceptions.DockerException: java.util.concurrent.ExecutionException: javax.ws.rs.ProcessingException: java.io.IOException: No such file or directory
	at com.spotify.docker.client.DefaultDockerClient.propagate(DefaultDockerClient.java:2812)
	at com.spotify.docker.client.DefaultDockerClient.request(DefaultDockerClient.java:2676)
	at com.spotify.docker.client.DefaultDockerClient.version(DefaultDockerClient.java:572)
	at com.spotify.docker.client.DefaultDockerClientTest.setup(DefaultDockerClientTest.java:349)
	at sun.reflect.GeneratedMethodAccessor10.invoke(Unknown Source)
	at sun.reflect.DelegatingMethodAccessorImpl.invoke(DelegatingMethodAccessorImpl.java:43)
	at java.lang.reflect.Method.invoke(Method.java:498)
	at org.junit.runners.model.FrameworkMethod$1.runReflectiveCall(FrameworkMethod.java:50)
	at org.junit.internal.runners.model.ReflectiveCallable.run(ReflectiveCallable.java:12)
	at org.junit.runners.model.FrameworkMethod.invokeExplosively(FrameworkMethod.java:47)
	at org.junit.internal.runners.statements.RunBefores.evaluate(RunBefores.java:24)
	at org.junit.internal.runners.statements.RunAfters.evaluate(RunAfters.java:27)
	at org.junit.rules.ExpectedException$ExpectedExceptionStatement.evaluate(ExpectedException.java:239)
	at org.junit.rules.TestWatcher$1.evaluate(TestWatcher.java:55)
	at org.junit.rules.RunRules.evaluate(RunRules.java:20)
	at org.junit.runners.ParentRunner.runLeaf(ParentRunner.java:325)
	at org.junit.runners.BlockJUnit4ClassRunner.runChild(BlockJUnit4ClassRunner.java:78)
	at org.junit.runners.BlockJUnit4ClassRunner.runChild(BlockJUnit4ClassRunner.java:57)
	at org.junit.runners.ParentRunner$3.run(ParentRunner.java:290)
	at org.junit.runners.ParentRunner$1.schedule(ParentRunner.java:71)
	at org.junit.runners.ParentRunner.runChildren(ParentRunner.java:288)
	at org.junit.runners.ParentRunner.access$000(ParentRunner.java:58)
	at org.junit.runners.ParentRunner$2.evaluate(ParentRunner.java:268)
	at org.junit.runners.ParentRunner.run(ParentRunner.java:363)
	at org.apache.maven.surefire.junit4.JUnit4Provider.execute(JUnit4Provider.java:252)
	at org.apache.maven.surefire.junit4.JUnit4Provider.executeTestSet(JUnit4Provider.java:141)
	at org.apache.maven.surefire.junit4.JUnit4Provider.invoke(JUnit4Provider.java:112)
	at sun.reflect.NativeMethodAccessorImpl.invoke0(Native Method)
	at sun.reflect.NativeMethodAccessorImpl.invoke(NativeMethodAccessorImpl.java:62)
	at sun.reflect.DelegatingMethodAccessorImpl.invoke(DelegatingMethodAccessorImpl.java:43)
	at java.lang.reflect.Method.invoke(Method.java:498)
	at org.apache.maven.surefire.util.ReflectionUtils.invokeMethodWithArray(ReflectionUtils.java:189)
	at org.apache.maven.surefire.booter.ProviderFactory$ProviderProxy.invoke(ProviderFactory.java:165)
	at org.apache.maven.surefire.booter.ProviderFactory.invokeProvider(ProviderFactory.java:85)
	at org.apache.maven.surefire.booter.ForkedBooter.runSuitesInProcess(ForkedBooter.java:115)
	at org.apache.maven.surefire.booter.ForkedBooter.main(ForkedBooter.java:75)
Caused by: java.util.concurrent.ExecutionException: javax.ws.rs.ProcessingException: java.io.IOException: No such file or directory
	at jersey.repackaged.com.google.common.util.concurrent.AbstractFuture$Sync.getValue(AbstractFuture.java:299)
	at jersey.repackaged.com.google.common.util.concurrent.AbstractFuture$Sync.get(AbstractFuture.java:286)
	at jersey.repackaged.com.google.common.util.concurrent.AbstractFuture.get(AbstractFuture.java:116)
	at com.spotify.docker.client.DefaultDockerClient.request(DefaultDockerClient.java:2674)
	... 34 more
Caused by: javax.ws.rs.ProcessingException: java.io.IOException: No such file or directory
	at org.glassfish.jersey.apache.connector.ApacheConnector.apply(ApacheConnector.java:481)
	at org.glassfish.jersey.apache.connector.ApacheConnector$1.run(ApacheConnector.java:491)
	at java.util.concurrent.Executors$RunnableAdapter.call(Executors.java:511)
	at java.util.concurrent.FutureTask.run(FutureTask.java:266)
	at jersey.repackaged.com.google.common.util.concurrent.MoreExecutors$DirectExecutorService.execute(MoreExecutors.java:299)
	at java.util.concurrent.AbstractExecutorService.submit(AbstractExecutorService.java:112)
	at jersey.repackaged.com.google.common.util.concurrent.AbstractListeningExecutorService.submit(AbstractListeningExecutorService.java:50)
	at jersey.repackaged.com.google.common.util.concurrent.AbstractListeningExecutorService.submit(AbstractListeningExecutorService.java:37)
	at org.glassfish.jersey.apache.connector.ApacheConnector.apply(ApacheConnector.java:487)
	at org.glassfish.jersey.client.ClientRuntime$2.run(ClientRuntime.java:178)
	at org.glassfish.jersey.internal.Errors$1.call(Errors.java:271)
	at org.glassfish.jersey.internal.Errors$1.call(Errors.java:267)
	at org.glassfish.jersey.internal.Errors.process(Errors.java:315)
	at org.glassfish.jersey.internal.Errors.process(Errors.java:297)
	at org.glassfish.jersey.internal.Errors.process(Errors.java:267)
	at org.glassfish.jersey.process.internal.RequestScope.runInScope(RequestScope.java:340)
	at org.glassfish.jersey.client.ClientRuntime$3.run(ClientRuntime.java:210)
	at java.util.concurrent.Executors$RunnableAdapter.call(Executors.java:511)
	at java.util.concurrent.FutureTask.run(FutureTask.java:266)
	at java.util.concurrent.ThreadPoolExecutor.runWorker(ThreadPoolExecutor.java:1142)
	at java.util.concurrent.ThreadPoolExecutor$Worker.run(ThreadPoolExecutor.java:617)
	at java.lang.Thread.run(Thread.java:745)
Caused by: java.io.IOException: No such file or directory
	at jnr.unixsocket.UnixSocketChannel.doConnect(UnixSocketChannel.java:127)
	at jnr.unixsocket.UnixSocketChannel.connect(UnixSocketChannel.java:136)
	at jnr.unixsocket.UnixSocketChannel.connect(UnixSocketChannel.java:223)
	at com.spotify.docker.client.UnixConnectionSocketFactory.connectSocket(UnixConnectionSocketFactory.java:85)
	at org.apache.http.impl.conn.DefaultHttpClientConnectionOperator.connect(DefaultHttpClientConnectionOperator.java:134)
	at org.apache.http.impl.conn.PoolingHttpClientConnectionManager.connect(PoolingHttpClientConnectionManager.java:353)
	at org.apache.http.impl.execchain.MainClientExec.establishRoute(MainClientExec.java:380)
	at org.apache.http.impl.execchain.MainClientExec.execute(MainClientExec.java:236)
	at org.apache.http.impl.execchain.ProtocolExec.execute(ProtocolExec.java:184)
	at org.apache.http.impl.execchain.RetryExec.execute(RetryExec.java:88)
	at org.apache.http.impl.execchain.RedirectExec.execute(RedirectExec.java:110)
	at org.apache.http.impl.client.InternalHttpClient.doExecute(InternalHttpClient.java:184)
	at org.apache.http.impl.client.CloseableHttpClient.execute(CloseableHttpClient.java:71)
	at org.glassfish.jersey.apache.connector.ApacheConnector.apply(ApacheConnector.java:435)
	... 21 more
</error>
    <system-err>Jun 02, 2018 7:44:41 AM org.apache.http.impl.execchain.RetryExec execute
INFO: I/O exception (java.io.IOException) caught when processing request to {}-&gt;unix://localhost:80: No such file or directory
Jun 02, 2018 7:44:41 AM org.apache.http.impl.execchain.RetryExec execute
INFO: Retrying request to {}-&gt;unix://localhost:80
Jun 02, 2018 7:44:41 AM org.apache.http.impl.execchain.RetryExec execute
INFO: I/O exception (java.io.IOException) caught when processing request to {}-&gt;unix://localhost:80: No such file or directory
Jun 02, 2018 7:44:41 AM org.apache.http.impl.execchain.RetryExec execute
INFO: Retrying request to {}-&gt;unix://localhost:80
Jun 02, 2018 7:44:41 AM org.apache.http.impl.execchain.RetryExec execute
INFO: I/O exception (java.io.IOException) caught when processing request to {}-&gt;unix://localhost:80: No such file or directory
Jun 02, 2018 7:44:41 AM org.apache.http.impl.execchain.RetryExec execute
INFO: Retrying request to {}-&gt;unix://localhost:80
</system-err>
  </testcase>
  <testcase classname="com.spotify.docker.client.DefaultDockerClientTest" name="testIpcMode" time="0.018">
    <error type="java.lang.NullPointerException">java.lang.NullPointerException
	at com.spotify.docker.client.VersionCompare.compareVersion(VersionCompare.java:45)
	at com.spotify.docker.client.DefaultDockerClientTest.dockerApiVersionAtLeast(DefaultDockerClientTest.java:404)
	at com.spotify.docker.client.DefaultDockerClientTest.tearDown(DefaultDockerClientTest.java:356)
	at sun.reflect.GeneratedMethodAccessor11.invoke(Unknown Source)
	at sun.reflect.DelegatingMethodAccessorImpl.invoke(DelegatingMethodAccessorImpl.java:43)
	at java.lang.reflect.Method.invoke(Method.java:498)
	at org.junit.runners.model.FrameworkMethod$1.runReflectiveCall(FrameworkMethod.java:50)
	at org.junit.internal.runners.model.ReflectiveCallable.run(ReflectiveCallable.java:12)
	at org.junit.runners.model.FrameworkMethod.invokeExplosively(FrameworkMethod.java:47)
	at org.junit.internal.runners.statements.RunAfters.evaluate(RunAfters.java:33)
	at org.junit.rules.ExpectedException$ExpectedExceptionStatement.evaluate(ExpectedException.java:239)
	at org.junit.rules.TestWatcher$1.evaluate(TestWatcher.java:55)
	at org.junit.rules.RunRules.evaluate(RunRules.java:20)
	at org.junit.runners.ParentRunner.runLeaf(ParentRunner.java:325)
	at org.junit.runners.BlockJUnit4ClassRunner.runChild(BlockJUnit4ClassRunner.java:78)
	at org.junit.runners.BlockJUnit4ClassRunner.runChild(BlockJUnit4ClassRunner.java:57)
	at org.junit.runners.ParentRunner$3.run(ParentRunner.java:290)
	at org.junit.runners.ParentRunner$1.schedule(ParentRunner.java:71)
	at org.junit.runners.ParentRunner.runChildren(ParentRunner.java:288)
	at org.junit.runners.ParentRunner.access$000(ParentRunner.java:58)
	at org.junit.runners.ParentRunner$2.evaluate(ParentRunner.java:268)
	at org.junit.runners.ParentRunner.run(ParentRunner.java:363)
	at org.apache.maven.surefire.junit4.JUnit4Provider.execute(JUnit4Provider.java:252)
	at org.apache.maven.surefire.junit4.JUnit4Provider.executeTestSet(JUnit4Provider.java:141)
	at org.apache.maven.surefire.junit4.JUnit4Provider.invoke(JUnit4Provider.java:112)
	at sun.reflect.NativeMethodAccessorImpl.invoke0(Native Method)
	at sun.reflect.NativeMethodAccessorImpl.invoke(NativeMethodAccessorImpl.java:62)
	at sun.reflect.DelegatingMethodAccessorImpl.invoke(DelegatingMethodAccessorImpl.java:43)
	at java.lang.reflect.Method.invoke(Method.java:498)
	at org.apache.maven.surefire.util.ReflectionUtils.invokeMethodWithArray(ReflectionUtils.java:189)
	at org.apache.maven.surefire.booter.ProviderFactory$ProviderProxy.invoke(ProviderFactory.java:165)
	at org.apache.maven.surefire.booter.ProviderFactory.invokeProvider(ProviderFactory.java:85)
	at org.apache.maven.surefire.booter.ForkedBooter.runSuitesInProcess(ForkedBooter.java:115)
	at org.apache.maven.surefire.booter.ForkedBooter.main(ForkedBooter.java:75)
</error>
  </testcase>
  <testcase classname="com.spotify.docker.client.DefaultDockerClientTest" name="testContainerWithMoreCpuOptions" time="0.018">
    <error message="java.util.concurrent.ExecutionException: javax.ws.rs.ProcessingException: java.io.IOException: No such file or directory" type="com.spotify.docker.client.exceptions.DockerException">com.spotify.docker.client.exceptions.DockerException: java.util.concurrent.ExecutionException: javax.ws.rs.ProcessingException: java.io.IOException: No such file or directory
	at com.spotify.docker.client.DefaultDockerClient.propagate(DefaultDockerClient.java:2812)
	at com.spotify.docker.client.DefaultDockerClient.request(DefaultDockerClient.java:2676)
	at com.spotify.docker.client.DefaultDockerClient.version(DefaultDockerClient.java:572)
	at com.spotify.docker.client.DefaultDockerClientTest.setup(DefaultDockerClientTest.java:349)
	at sun.reflect.GeneratedMethodAccessor10.invoke(Unknown Source)
	at sun.reflect.DelegatingMethodAccessorImpl.invoke(DelegatingMethodAccessorImpl.java:43)
	at java.lang.reflect.Method.invoke(Method.java:498)
	at org.junit.runners.model.FrameworkMethod$1.runReflectiveCall(FrameworkMethod.java:50)
	at org.junit.internal.runners.model.ReflectiveCallable.run(ReflectiveCallable.java:12)
	at org.junit.runners.model.FrameworkMethod.invokeExplosively(FrameworkMethod.java:47)
	at org.junit.internal.runners.statements.RunBefores.evaluate(RunBefores.java:24)
	at org.junit.internal.runners.statements.RunAfters.evaluate(RunAfters.java:27)
	at org.junit.rules.ExpectedException$ExpectedExceptionStatement.evaluate(ExpectedException.java:239)
	at org.junit.rules.TestWatcher$1.evaluate(TestWatcher.java:55)
	at org.junit.rules.RunRules.evaluate(RunRules.java:20)
	at org.junit.runners.ParentRunner.runLeaf(ParentRunner.java:325)
	at org.junit.runners.BlockJUnit4ClassRunner.runChild(BlockJUnit4ClassRunner.java:78)
	at org.junit.runners.BlockJUnit4ClassRunner.runChild(BlockJUnit4ClassRunner.java:57)
	at org.junit.runners.ParentRunner$3.run(ParentRunner.java:290)
	at org.junit.runners.ParentRunner$1.schedule(ParentRunner.java:71)
	at org.junit.runners.ParentRunner.runChildren(ParentRunner.java:288)
	at org.junit.runners.ParentRunner.access$000(ParentRunner.java:58)
	at org.junit.runners.ParentRunner$2.evaluate(ParentRunner.java:268)
	at org.junit.runners.ParentRunner.run(ParentRunner.java:363)
	at org.apache.maven.surefire.junit4.JUnit4Provider.execute(JUnit4Provider.java:252)
	at org.apache.maven.surefire.junit4.JUnit4Provider.executeTestSet(JUnit4Provider.java:141)
	at org.apache.maven.surefire.junit4.JUnit4Provider.invoke(JUnit4Provider.java:112)
	at sun.reflect.NativeMethodAccessorImpl.invoke0(Native Method)
	at sun.reflect.NativeMethodAccessorImpl.invoke(NativeMethodAccessorImpl.java:62)
	at sun.reflect.DelegatingMethodAccessorImpl.invoke(DelegatingMethodAccessorImpl.java:43)
	at java.lang.reflect.Method.invoke(Method.java:498)
	at org.apache.maven.surefire.util.ReflectionUtils.invokeMethodWithArray(ReflectionUtils.java:189)
	at org.apache.maven.surefire.booter.ProviderFactory$ProviderProxy.invoke(ProviderFactory.java:165)
	at org.apache.maven.surefire.booter.ProviderFactory.invokeProvider(ProviderFactory.java:85)
	at org.apache.maven.surefire.booter.ForkedBooter.runSuitesInProcess(ForkedBooter.java:115)
	at org.apache.maven.surefire.booter.ForkedBooter.main(ForkedBooter.java:75)
Caused by: java.util.concurrent.ExecutionException: javax.ws.rs.ProcessingException: java.io.IOException: No such file or directory
	at jersey.repackaged.com.google.common.util.concurrent.AbstractFuture$Sync.getValue(AbstractFuture.java:299)
	at jersey.repackaged.com.google.common.util.concurrent.AbstractFuture$Sync.get(AbstractFuture.java:286)
	at jersey.repackaged.com.google.common.util.concurrent.AbstractFuture.get(AbstractFuture.java:116)
	at com.spotify.docker.client.DefaultDockerClient.request(DefaultDockerClient.java:2674)
	... 34 more
Caused by: javax.ws.rs.ProcessingException: java.io.IOException: No such file or directory
	at org.glassfish.jersey.apache.connector.ApacheConnector.apply(ApacheConnector.java:481)
	at org.glassfish.jersey.apache.connector.ApacheConnector$1.run(ApacheConnector.java:491)
	at java.util.concurrent.Executors$RunnableAdapter.call(Executors.java:511)
	at java.util.concurrent.FutureTask.run(FutureTask.java:266)
	at jersey.repackaged.com.google.common.util.concurrent.MoreExecutors$DirectExecutorService.execute(MoreExecutors.java:299)
	at java.util.concurrent.AbstractExecutorService.submit(AbstractExecutorService.java:112)
	at jersey.repackaged.com.google.common.util.concurrent.AbstractListeningExecutorService.submit(AbstractListeningExecutorService.java:50)
	at jersey.repackaged.com.google.common.util.concurrent.AbstractListeningExecutorService.submit(AbstractListeningExecutorService.java:37)
	at org.glassfish.jersey.apache.connector.ApacheConnector.apply(ApacheConnector.java:487)
	at org.glassfish.jersey.client.ClientRuntime$2.run(ClientRuntime.java:178)
	at org.glassfish.jersey.internal.Errors$1.call(Errors.java:271)
	at org.glassfish.jersey.internal.Errors$1.call(Errors.java:267)
	at org.glassfish.jersey.internal.Errors.process(Errors.java:315)
	at org.glassfish.jersey.internal.Errors.process(Errors.java:297)
	at org.glassfish.jersey.internal.Errors.process(Errors.java:267)
	at org.glassfish.jersey.process.internal.RequestScope.runInScope(RequestScope.java:340)
	at org.glassfish.jersey.client.ClientRuntime$3.run(ClientRuntime.java:210)
	at java.util.concurrent.Executors$RunnableAdapter.call(Executors.java:511)
	at java.util.concurrent.FutureTask.run(FutureTask.java:266)
	at java.util.concurrent.ThreadPoolExecutor.runWorker(ThreadPoolExecutor.java:1142)
	at java.util.concurrent.ThreadPoolExecutor$Worker.run(ThreadPoolExecutor.java:617)
	at java.lang.Thread.run(Thread.java:745)
Caused by: java.io.IOException: No such file or directory
	at jnr.unixsocket.UnixSocketChannel.doConnect(UnixSocketChannel.java:127)
	at jnr.unixsocket.UnixSocketChannel.connect(UnixSocketChannel.java:136)
	at jnr.unixsocket.UnixSocketChannel.connect(UnixSocketChannel.java:223)
	at com.spotify.docker.client.UnixConnectionSocketFactory.connectSocket(UnixConnectionSocketFactory.java:85)
	at org.apache.http.impl.conn.DefaultHttpClientConnectionOperator.connect(DefaultHttpClientConnectionOperator.java:134)
	at org.apache.http.impl.conn.PoolingHttpClientConnectionManager.connect(PoolingHttpClientConnectionManager.java:353)
	at org.apache.http.impl.execchain.MainClientExec.establishRoute(MainClientExec.java:380)
	at org.apache.http.impl.execchain.MainClientExec.execute(MainClientExec.java:236)
	at org.apache.http.impl.execchain.ProtocolExec.execute(ProtocolExec.java:184)
	at org.apache.http.impl.execchain.RetryExec.execute(RetryExec.java:88)
	at org.apache.http.impl.execchain.RedirectExec.execute(RedirectExec.java:110)
	at org.apache.http.impl.client.InternalHttpClient.doExecute(InternalHttpClient.java:184)
	at org.apache.http.impl.client.CloseableHttpClient.execute(CloseableHttpClient.java:71)
	at org.glassfish.jersey.apache.connector.ApacheConnector.apply(ApacheConnector.java:435)
	... 21 more
</error>
    <system-err>Jun 02, 2018 7:44:41 AM org.apache.http.impl.execchain.RetryExec execute
INFO: I/O exception (java.io.IOException) caught when processing request to {}-&gt;unix://localhost:80: No such file or directory
Jun 02, 2018 7:44:41 AM org.apache.http.impl.execchain.RetryExec execute
INFO: Retrying request to {}-&gt;unix://localhost:80
Jun 02, 2018 7:44:41 AM org.apache.http.impl.execchain.RetryExec execute
INFO: I/O exception (java.io.IOException) caught when processing request to {}-&gt;unix://localhost:80: No such file or directory
Jun 02, 2018 7:44:41 AM org.apache.http.impl.execchain.RetryExec execute
INFO: Retrying request to {}-&gt;unix://localhost:80
Jun 02, 2018 7:44:41 AM org.apache.http.impl.execchain.RetryExec execute
INFO: I/O exception (java.io.IOException) caught when processing request to {}-&gt;unix://localhost:80: No such file or directory
Jun 02, 2018 7:44:41 AM org.apache.http.impl.execchain.RetryExec execute
INFO: Retrying request to {}-&gt;unix://localhost:80
</system-err>
  </testcase>
  <testcase classname="com.spotify.docker.client.DefaultDockerClientTest" name="testContainerWithMoreCpuOptions" time="0.018">
    <error type="java.lang.NullPointerException">java.lang.NullPointerException
	at com.spotify.docker.client.VersionCompare.compareVersion(VersionCompare.java:45)
	at com.spotify.docker.client.DefaultDockerClientTest.dockerApiVersionAtLeast(DefaultDockerClientTest.java:404)
	at com.spotify.docker.client.DefaultDockerClientTest.tearDown(DefaultDockerClientTest.java:356)
	at sun.reflect.GeneratedMethodAccessor11.invoke(Unknown Source)
	at sun.reflect.DelegatingMethodAccessorImpl.invoke(DelegatingMethodAccessorImpl.java:43)
	at java.lang.reflect.Method.invoke(Method.java:498)
	at org.junit.runners.model.FrameworkMethod$1.runReflectiveCall(FrameworkMethod.java:50)
	at org.junit.internal.runners.model.ReflectiveCallable.run(ReflectiveCallable.java:12)
	at org.junit.runners.model.FrameworkMethod.invokeExplosively(FrameworkMethod.java:47)
	at org.junit.internal.runners.statements.RunAfters.evaluate(RunAfters.java:33)
	at org.junit.rules.ExpectedException$ExpectedExceptionStatement.evaluate(ExpectedException.java:239)
	at org.junit.rules.TestWatcher$1.evaluate(TestWatcher.java:55)
	at org.junit.rules.RunRules.evaluate(RunRules.java:20)
	at org.junit.runners.ParentRunner.runLeaf(ParentRunner.java:325)
	at org.junit.runners.BlockJUnit4ClassRunner.runChild(BlockJUnit4ClassRunner.java:78)
	at org.junit.runners.BlockJUnit4ClassRunner.runChild(BlockJUnit4ClassRunner.java:57)
	at org.junit.runners.ParentRunner$3.run(ParentRunner.java:290)
	at org.junit.runners.ParentRunner$1.schedule(ParentRunner.java:71)
	at org.junit.runners.ParentRunner.runChildren(ParentRunner.java:288)
	at org.junit.runners.ParentRunner.access$000(ParentRunner.java:58)
	at org.junit.runners.ParentRunner$2.evaluate(ParentRunner.java:268)
	at org.junit.runners.ParentRunner.run(ParentRunner.java:363)
	at org.apache.maven.surefire.junit4.JUnit4Provider.execute(JUnit4Provider.java:252)
	at org.apache.maven.surefire.junit4.JUnit4Provider.executeTestSet(JUnit4Provider.java:141)
	at org.apache.maven.surefire.junit4.JUnit4Provider.invoke(JUnit4Provider.java:112)
	at sun.reflect.NativeMethodAccessorImpl.invoke0(Native Method)
	at sun.reflect.NativeMethodAccessorImpl.invoke(NativeMethodAccessorImpl.java:62)
	at sun.reflect.DelegatingMethodAccessorImpl.invoke(DelegatingMethodAccessorImpl.java:43)
	at java.lang.reflect.Method.invoke(Method.java:498)
	at org.apache.maven.surefire.util.ReflectionUtils.invokeMethodWithArray(ReflectionUtils.java:189)
	at org.apache.maven.surefire.booter.ProviderFactory$ProviderProxy.invoke(ProviderFactory.java:165)
	at org.apache.maven.surefire.booter.ProviderFactory.invokeProvider(ProviderFactory.java:85)
	at org.apache.maven.surefire.booter.ForkedBooter.runSuitesInProcess(ForkedBooter.java:115)
	at org.apache.maven.surefire.booter.ForkedBooter.main(ForkedBooter.java:75)
</error>
  </testcase>
  <testcase classname="com.spotify.docker.client.DefaultDockerClientTest" name="testCopyToContainerWithTarInputStream" time="0.021">
    <error message="java.util.concurrent.ExecutionException: javax.ws.rs.ProcessingException: java.io.IOException: No such file or directory" type="com.spotify.docker.client.exceptions.DockerException">com.spotify.docker.client.exceptions.DockerException: java.util.concurrent.ExecutionException: javax.ws.rs.ProcessingException: java.io.IOException: No such file or directory
	at com.spotify.docker.client.DefaultDockerClient.propagate(DefaultDockerClient.java:2812)
	at com.spotify.docker.client.DefaultDockerClient.request(DefaultDockerClient.java:2676)
	at com.spotify.docker.client.DefaultDockerClient.version(DefaultDockerClient.java:572)
	at com.spotify.docker.client.DefaultDockerClientTest.setup(DefaultDockerClientTest.java:349)
	at sun.reflect.GeneratedMethodAccessor10.invoke(Unknown Source)
	at sun.reflect.DelegatingMethodAccessorImpl.invoke(DelegatingMethodAccessorImpl.java:43)
	at java.lang.reflect.Method.invoke(Method.java:498)
	at org.junit.runners.model.FrameworkMethod$1.runReflectiveCall(FrameworkMethod.java:50)
	at org.junit.internal.runners.model.ReflectiveCallable.run(ReflectiveCallable.java:12)
	at org.junit.runners.model.FrameworkMethod.invokeExplosively(FrameworkMethod.java:47)
	at org.junit.internal.runners.statements.RunBefores.evaluate(RunBefores.java:24)
	at org.junit.internal.runners.statements.RunAfters.evaluate(RunAfters.java:27)
	at org.junit.rules.ExpectedException$ExpectedExceptionStatement.evaluate(ExpectedException.java:239)
	at org.junit.rules.TestWatcher$1.evaluate(TestWatcher.java:55)
	at org.junit.rules.RunRules.evaluate(RunRules.java:20)
	at org.junit.runners.ParentRunner.runLeaf(ParentRunner.java:325)
	at org.junit.runners.BlockJUnit4ClassRunner.runChild(BlockJUnit4ClassRunner.java:78)
	at org.junit.runners.BlockJUnit4ClassRunner.runChild(BlockJUnit4ClassRunner.java:57)
	at org.junit.runners.ParentRunner$3.run(ParentRunner.java:290)
	at org.junit.runners.ParentRunner$1.schedule(ParentRunner.java:71)
	at org.junit.runners.ParentRunner.runChildren(ParentRunner.java:288)
	at org.junit.runners.ParentRunner.access$000(ParentRunner.java:58)
	at org.junit.runners.ParentRunner$2.evaluate(ParentRunner.java:268)
	at org.junit.runners.ParentRunner.run(ParentRunner.java:363)
	at org.apache.maven.surefire.junit4.JUnit4Provider.execute(JUnit4Provider.java:252)
	at org.apache.maven.surefire.junit4.JUnit4Provider.executeTestSet(JUnit4Provider.java:141)
	at org.apache.maven.surefire.junit4.JUnit4Provider.invoke(JUnit4Provider.java:112)
	at sun.reflect.NativeMethodAccessorImpl.invoke0(Native Method)
	at sun.reflect.NativeMethodAccessorImpl.invoke(NativeMethodAccessorImpl.java:62)
	at sun.reflect.DelegatingMethodAccessorImpl.invoke(DelegatingMethodAccessorImpl.java:43)
	at java.lang.reflect.Method.invoke(Method.java:498)
	at org.apache.maven.surefire.util.ReflectionUtils.invokeMethodWithArray(ReflectionUtils.java:189)
	at org.apache.maven.surefire.booter.ProviderFactory$ProviderProxy.invoke(ProviderFactory.java:165)
	at org.apache.maven.surefire.booter.ProviderFactory.invokeProvider(ProviderFactory.java:85)
	at org.apache.maven.surefire.booter.ForkedBooter.runSuitesInProcess(ForkedBooter.java:115)
	at org.apache.maven.surefire.booter.ForkedBooter.main(ForkedBooter.java:75)
Caused by: java.util.concurrent.ExecutionException: javax.ws.rs.ProcessingException: java.io.IOException: No such file or directory
	at jersey.repackaged.com.google.common.util.concurrent.AbstractFuture$Sync.getValue(AbstractFuture.java:299)
	at jersey.repackaged.com.google.common.util.concurrent.AbstractFuture$Sync.get(AbstractFuture.java:286)
	at jersey.repackaged.com.google.common.util.concurrent.AbstractFuture.get(AbstractFuture.java:116)
	at com.spotify.docker.client.DefaultDockerClient.request(DefaultDockerClient.java:2674)
	... 34 more
Caused by: javax.ws.rs.ProcessingException: java.io.IOException: No such file or directory
	at org.glassfish.jersey.apache.connector.ApacheConnector.apply(ApacheConnector.java:481)
	at org.glassfish.jersey.apache.connector.ApacheConnector$1.run(ApacheConnector.java:491)
	at java.util.concurrent.Executors$RunnableAdapter.call(Executors.java:511)
	at java.util.concurrent.FutureTask.run(FutureTask.java:266)
	at jersey.repackaged.com.google.common.util.concurrent.MoreExecutors$DirectExecutorService.execute(MoreExecutors.java:299)
	at java.util.concurrent.AbstractExecutorService.submit(AbstractExecutorService.java:112)
	at jersey.repackaged.com.google.common.util.concurrent.AbstractListeningExecutorService.submit(AbstractListeningExecutorService.java:50)
	at jersey.repackaged.com.google.common.util.concurrent.AbstractListeningExecutorService.submit(AbstractListeningExecutorService.java:37)
	at org.glassfish.jersey.apache.connector.ApacheConnector.apply(ApacheConnector.java:487)
	at org.glassfish.jersey.client.ClientRuntime$2.run(ClientRuntime.java:178)
	at org.glassfish.jersey.internal.Errors$1.call(Errors.java:271)
	at org.glassfish.jersey.internal.Errors$1.call(Errors.java:267)
	at org.glassfish.jersey.internal.Errors.process(Errors.java:315)
	at org.glassfish.jersey.internal.Errors.process(Errors.java:297)
	at org.glassfish.jersey.internal.Errors.process(Errors.java:267)
	at org.glassfish.jersey.process.internal.RequestScope.runInScope(RequestScope.java:340)
	at org.glassfish.jersey.client.ClientRuntime$3.run(ClientRuntime.java:210)
	at java.util.concurrent.Executors$RunnableAdapter.call(Executors.java:511)
	at java.util.concurrent.FutureTask.run(FutureTask.java:266)
	at java.util.concurrent.ThreadPoolExecutor.runWorker(ThreadPoolExecutor.java:1142)
	at java.util.concurrent.ThreadPoolExecutor$Worker.run(ThreadPoolExecutor.java:617)
	at java.lang.Thread.run(Thread.java:745)
Caused by: java.io.IOException: No such file or directory
	at jnr.unixsocket.UnixSocketChannel.doConnect(UnixSocketChannel.java:127)
	at jnr.unixsocket.UnixSocketChannel.connect(UnixSocketChannel.java:136)
	at jnr.unixsocket.UnixSocketChannel.connect(UnixSocketChannel.java:223)
	at com.spotify.docker.client.UnixConnectionSocketFactory.connectSocket(UnixConnectionSocketFactory.java:85)
	at org.apache.http.impl.conn.DefaultHttpClientConnectionOperator.connect(DefaultHttpClientConnectionOperator.java:134)
	at org.apache.http.impl.conn.PoolingHttpClientConnectionManager.connect(PoolingHttpClientConnectionManager.java:353)
	at org.apache.http.impl.execchain.MainClientExec.establishRoute(MainClientExec.java:380)
	at org.apache.http.impl.execchain.MainClientExec.execute(MainClientExec.java:236)
	at org.apache.http.impl.execchain.ProtocolExec.execute(ProtocolExec.java:184)
	at org.apache.http.impl.execchain.RetryExec.execute(RetryExec.java:88)
	at org.apache.http.impl.execchain.RedirectExec.execute(RedirectExec.java:110)
	at org.apache.http.impl.client.InternalHttpClient.doExecute(InternalHttpClient.java:184)
	at org.apache.http.impl.client.CloseableHttpClient.execute(CloseableHttpClient.java:71)
	at org.glassfish.jersey.apache.connector.ApacheConnector.apply(ApacheConnector.java:435)
	... 21 more
</error>
    <system-err>Jun 02, 2018 7:44:41 AM org.apache.http.impl.execchain.RetryExec execute
INFO: I/O exception (java.io.IOException) caught when processing request to {}-&gt;unix://localhost:80: No such file or directory
Jun 02, 2018 7:44:41 AM org.apache.http.impl.execchain.RetryExec execute
INFO: Retrying request to {}-&gt;unix://localhost:80
Jun 02, 2018 7:44:41 AM org.apache.http.impl.execchain.RetryExec execute
INFO: I/O exception (java.io.IOException) caught when processing request to {}-&gt;unix://localhost:80: No such file or directory
Jun 02, 2018 7:44:41 AM org.apache.http.impl.execchain.RetryExec execute
INFO: Retrying request to {}-&gt;unix://localhost:80
Jun 02, 2018 7:44:41 AM org.apache.http.impl.execchain.RetryExec execute
INFO: I/O exception (java.io.IOException) caught when processing request to {}-&gt;unix://localhost:80: No such file or directory
Jun 02, 2018 7:44:41 AM org.apache.http.impl.execchain.RetryExec execute
INFO: Retrying request to {}-&gt;unix://localhost:80
</system-err>
  </testcase>
  <testcase classname="com.spotify.docker.client.DefaultDockerClientTest" name="testCopyToContainerWithTarInputStream" time="0.021">
    <error type="java.lang.NullPointerException">java.lang.NullPointerException
	at com.spotify.docker.client.VersionCompare.compareVersion(VersionCompare.java:45)
	at com.spotify.docker.client.DefaultDockerClientTest.dockerApiVersionAtLeast(DefaultDockerClientTest.java:404)
	at com.spotify.docker.client.DefaultDockerClientTest.tearDown(DefaultDockerClientTest.java:356)
	at sun.reflect.GeneratedMethodAccessor11.invoke(Unknown Source)
	at sun.reflect.DelegatingMethodAccessorImpl.invoke(DelegatingMethodAccessorImpl.java:43)
	at java.lang.reflect.Method.invoke(Method.java:498)
	at org.junit.runners.model.FrameworkMethod$1.runReflectiveCall(FrameworkMethod.java:50)
	at org.junit.internal.runners.model.ReflectiveCallable.run(ReflectiveCallable.java:12)
	at org.junit.runners.model.FrameworkMethod.invokeExplosively(FrameworkMethod.java:47)
	at org.junit.internal.runners.statements.RunAfters.evaluate(RunAfters.java:33)
	at org.junit.rules.ExpectedException$ExpectedExceptionStatement.evaluate(ExpectedException.java:239)
	at org.junit.rules.TestWatcher$1.evaluate(TestWatcher.java:55)
	at org.junit.rules.RunRules.evaluate(RunRules.java:20)
	at org.junit.runners.ParentRunner.runLeaf(ParentRunner.java:325)
	at org.junit.runners.BlockJUnit4ClassRunner.runChild(BlockJUnit4ClassRunner.java:78)
	at org.junit.runners.BlockJUnit4ClassRunner.runChild(BlockJUnit4ClassRunner.java:57)
	at org.junit.runners.ParentRunner$3.run(ParentRunner.java:290)
	at org.junit.runners.ParentRunner$1.schedule(ParentRunner.java:71)
	at org.junit.runners.ParentRunner.runChildren(ParentRunner.java:288)
	at org.junit.runners.ParentRunner.access$000(ParentRunner.java:58)
	at org.junit.runners.ParentRunner$2.evaluate(ParentRunner.java:268)
	at org.junit.runners.ParentRunner.run(ParentRunner.java:363)
	at org.apache.maven.surefire.junit4.JUnit4Provider.execute(JUnit4Provider.java:252)
	at org.apache.maven.surefire.junit4.JUnit4Provider.executeTestSet(JUnit4Provider.java:141)
	at org.apache.maven.surefire.junit4.JUnit4Provider.invoke(JUnit4Provider.java:112)
	at sun.reflect.NativeMethodAccessorImpl.invoke0(Native Method)
	at sun.reflect.NativeMethodAccessorImpl.invoke(NativeMethodAccessorImpl.java:62)
	at sun.reflect.DelegatingMethodAccessorImpl.invoke(DelegatingMethodAccessorImpl.java:43)
	at java.lang.reflect.Method.invoke(Method.java:498)
	at org.apache.maven.surefire.util.ReflectionUtils.invokeMethodWithArray(ReflectionUtils.java:189)
	at org.apache.maven.surefire.booter.ProviderFactory$ProviderProxy.invoke(ProviderFactory.java:165)
	at org.apache.maven.surefire.booter.ProviderFactory.invokeProvider(ProviderFactory.java:85)
	at org.apache.maven.surefire.booter.ForkedBooter.runSuitesInProcess(ForkedBooter.java:115)
	at org.apache.maven.surefire.booter.ForkedBooter.main(ForkedBooter.java:75)
</error>
  </testcase>
  <testcase classname="com.spotify.docker.client.DefaultDockerClientTest" name="testShmSize" time="0.023">
    <error message="java.util.concurrent.ExecutionException: javax.ws.rs.ProcessingException: java.io.IOException: No such file or directory" type="com.spotify.docker.client.exceptions.DockerException">com.spotify.docker.client.exceptions.DockerException: java.util.concurrent.ExecutionException: javax.ws.rs.ProcessingException: java.io.IOException: No such file or directory
	at com.spotify.docker.client.DefaultDockerClient.propagate(DefaultDockerClient.java:2812)
	at com.spotify.docker.client.DefaultDockerClient.request(DefaultDockerClient.java:2676)
	at com.spotify.docker.client.DefaultDockerClient.version(DefaultDockerClient.java:572)
	at com.spotify.docker.client.DefaultDockerClientTest.setup(DefaultDockerClientTest.java:349)
	at sun.reflect.GeneratedMethodAccessor10.invoke(Unknown Source)
	at sun.reflect.DelegatingMethodAccessorImpl.invoke(DelegatingMethodAccessorImpl.java:43)
	at java.lang.reflect.Method.invoke(Method.java:498)
	at org.junit.runners.model.FrameworkMethod$1.runReflectiveCall(FrameworkMethod.java:50)
	at org.junit.internal.runners.model.ReflectiveCallable.run(ReflectiveCallable.java:12)
	at org.junit.runners.model.FrameworkMethod.invokeExplosively(FrameworkMethod.java:47)
	at org.junit.internal.runners.statements.RunBefores.evaluate(RunBefores.java:24)
	at org.junit.internal.runners.statements.RunAfters.evaluate(RunAfters.java:27)
	at org.junit.rules.ExpectedException$ExpectedExceptionStatement.evaluate(ExpectedException.java:239)
	at org.junit.rules.TestWatcher$1.evaluate(TestWatcher.java:55)
	at org.junit.rules.RunRules.evaluate(RunRules.java:20)
	at org.junit.runners.ParentRunner.runLeaf(ParentRunner.java:325)
	at org.junit.runners.BlockJUnit4ClassRunner.runChild(BlockJUnit4ClassRunner.java:78)
	at org.junit.runners.BlockJUnit4ClassRunner.runChild(BlockJUnit4ClassRunner.java:57)
	at org.junit.runners.ParentRunner$3.run(ParentRunner.java:290)
	at org.junit.runners.ParentRunner$1.schedule(ParentRunner.java:71)
	at org.junit.runners.ParentRunner.runChildren(ParentRunner.java:288)
	at org.junit.runners.ParentRunner.access$000(ParentRunner.java:58)
	at org.junit.runners.ParentRunner$2.evaluate(ParentRunner.java:268)
	at org.junit.runners.ParentRunner.run(ParentRunner.java:363)
	at org.apache.maven.surefire.junit4.JUnit4Provider.execute(JUnit4Provider.java:252)
	at org.apache.maven.surefire.junit4.JUnit4Provider.executeTestSet(JUnit4Provider.java:141)
	at org.apache.maven.surefire.junit4.JUnit4Provider.invoke(JUnit4Provider.java:112)
	at sun.reflect.NativeMethodAccessorImpl.invoke0(Native Method)
	at sun.reflect.NativeMethodAccessorImpl.invoke(NativeMethodAccessorImpl.java:62)
	at sun.reflect.DelegatingMethodAccessorImpl.invoke(DelegatingMethodAccessorImpl.java:43)
	at java.lang.reflect.Method.invoke(Method.java:498)
	at org.apache.maven.surefire.util.ReflectionUtils.invokeMethodWithArray(ReflectionUtils.java:189)
	at org.apache.maven.surefire.booter.ProviderFactory$ProviderProxy.invoke(ProviderFactory.java:165)
	at org.apache.maven.surefire.booter.ProviderFactory.invokeProvider(ProviderFactory.java:85)
	at org.apache.maven.surefire.booter.ForkedBooter.runSuitesInProcess(ForkedBooter.java:115)
	at org.apache.maven.surefire.booter.ForkedBooter.main(ForkedBooter.java:75)
Caused by: java.util.concurrent.ExecutionException: javax.ws.rs.ProcessingException: java.io.IOException: No such file or directory
	at jersey.repackaged.com.google.common.util.concurrent.AbstractFuture$Sync.getValue(AbstractFuture.java:299)
	at jersey.repackaged.com.google.common.util.concurrent.AbstractFuture$Sync.get(AbstractFuture.java:286)
	at jersey.repackaged.com.google.common.util.concurrent.AbstractFuture.get(AbstractFuture.java:116)
	at com.spotify.docker.client.DefaultDockerClient.request(DefaultDockerClient.java:2674)
	... 34 more
Caused by: javax.ws.rs.ProcessingException: java.io.IOException: No such file or directory
	at org.glassfish.jersey.apache.connector.ApacheConnector.apply(ApacheConnector.java:481)
	at org.glassfish.jersey.apache.connector.ApacheConnector$1.run(ApacheConnector.java:491)
	at java.util.concurrent.Executors$RunnableAdapter.call(Executors.java:511)
	at java.util.concurrent.FutureTask.run(FutureTask.java:266)
	at jersey.repackaged.com.google.common.util.concurrent.MoreExecutors$DirectExecutorService.execute(MoreExecutors.java:299)
	at java.util.concurrent.AbstractExecutorService.submit(AbstractExecutorService.java:112)
	at jersey.repackaged.com.google.common.util.concurrent.AbstractListeningExecutorService.submit(AbstractListeningExecutorService.java:50)
	at jersey.repackaged.com.google.common.util.concurrent.AbstractListeningExecutorService.submit(AbstractListeningExecutorService.java:37)
	at org.glassfish.jersey.apache.connector.ApacheConnector.apply(ApacheConnector.java:487)
	at org.glassfish.jersey.client.ClientRuntime$2.run(ClientRuntime.java:178)
	at org.glassfish.jersey.internal.Errors$1.call(Errors.java:271)
	at org.glassfish.jersey.internal.Errors$1.call(Errors.java:267)
	at org.glassfish.jersey.internal.Errors.process(Errors.java:315)
	at org.glassfish.jersey.internal.Errors.process(Errors.java:297)
	at org.glassfish.jersey.internal.Errors.process(Errors.java:267)
	at org.glassfish.jersey.process.internal.RequestScope.runInScope(RequestScope.java:340)
	at org.glassfish.jersey.client.ClientRuntime$3.run(ClientRuntime.java:210)
	at java.util.concurrent.Executors$RunnableAdapter.call(Executors.java:511)
	at java.util.concurrent.FutureTask.run(FutureTask.java:266)
	at java.util.concurrent.ThreadPoolExecutor.runWorker(ThreadPoolExecutor.java:1142)
	at java.util.concurrent.ThreadPoolExecutor$Worker.run(ThreadPoolExecutor.java:617)
	at java.lang.Thread.run(Thread.java:745)
Caused by: java.io.IOException: No such file or directory
	at jnr.unixsocket.UnixSocketChannel.doConnect(UnixSocketChannel.java:127)
	at jnr.unixsocket.UnixSocketChannel.connect(UnixSocketChannel.java:136)
	at jnr.unixsocket.UnixSocketChannel.connect(UnixSocketChannel.java:223)
	at com.spotify.docker.client.UnixConnectionSocketFactory.connectSocket(UnixConnectionSocketFactory.java:85)
	at org.apache.http.impl.conn.DefaultHttpClientConnectionOperator.connect(DefaultHttpClientConnectionOperator.java:134)
	at org.apache.http.impl.conn.PoolingHttpClientConnectionManager.connect(PoolingHttpClientConnectionManager.java:353)
	at org.apache.http.impl.execchain.MainClientExec.establishRoute(MainClientExec.java:380)
	at org.apache.http.impl.execchain.MainClientExec.execute(MainClientExec.java:236)
	at org.apache.http.impl.execchain.ProtocolExec.execute(ProtocolExec.java:184)
	at org.apache.http.impl.execchain.RetryExec.execute(RetryExec.java:88)
	at org.apache.http.impl.execchain.RedirectExec.execute(RedirectExec.java:110)
	at org.apache.http.impl.client.InternalHttpClient.doExecute(InternalHttpClient.java:184)
	at org.apache.http.impl.client.CloseableHttpClient.execute(CloseableHttpClient.java:71)
	at org.glassfish.jersey.apache.connector.ApacheConnector.apply(ApacheConnector.java:435)
	... 21 more
</error>
    <system-err>Jun 02, 2018 7:44:41 AM org.apache.http.impl.execchain.RetryExec execute
INFO: I/O exception (java.io.IOException) caught when processing request to {}-&gt;unix://localhost:80: No such file or directory
Jun 02, 2018 7:44:41 AM org.apache.http.impl.execchain.RetryExec execute
INFO: Retrying request to {}-&gt;unix://localhost:80
Jun 02, 2018 7:44:41 AM org.apache.http.impl.execchain.RetryExec execute
INFO: I/O exception (java.io.IOException) caught when processing request to {}-&gt;unix://localhost:80: No such file or directory
Jun 02, 2018 7:44:41 AM org.apache.http.impl.execchain.RetryExec execute
INFO: Retrying request to {}-&gt;unix://localhost:80
Jun 02, 2018 7:44:41 AM org.apache.http.impl.execchain.RetryExec execute
INFO: I/O exception (java.io.IOException) caught when processing request to {}-&gt;unix://localhost:80: No such file or directory
Jun 02, 2018 7:44:41 AM org.apache.http.impl.execchain.RetryExec execute
INFO: Retrying request to {}-&gt;unix://localhost:80
</system-err>
  </testcase>
  <testcase classname="com.spotify.docker.client.DefaultDockerClientTest" name="testShmSize" time="0.023">
    <error type="java.lang.NullPointerException">java.lang.NullPointerException
	at com.spotify.docker.client.VersionCompare.compareVersion(VersionCompare.java:45)
	at com.spotify.docker.client.DefaultDockerClientTest.dockerApiVersionAtLeast(DefaultDockerClientTest.java:404)
	at com.spotify.docker.client.DefaultDockerClientTest.tearDown(DefaultDockerClientTest.java:356)
	at sun.reflect.GeneratedMethodAccessor11.invoke(Unknown Source)
	at sun.reflect.DelegatingMethodAccessorImpl.invoke(DelegatingMethodAccessorImpl.java:43)
	at java.lang.reflect.Method.invoke(Method.java:498)
	at org.junit.runners.model.FrameworkMethod$1.runReflectiveCall(FrameworkMethod.java:50)
	at org.junit.internal.runners.model.ReflectiveCallable.run(ReflectiveCallable.java:12)
	at org.junit.runners.model.FrameworkMethod.invokeExplosively(FrameworkMethod.java:47)
	at org.junit.internal.runners.statements.RunAfters.evaluate(RunAfters.java:33)
	at org.junit.rules.ExpectedException$ExpectedExceptionStatement.evaluate(ExpectedException.java:239)
	at org.junit.rules.TestWatcher$1.evaluate(TestWatcher.java:55)
	at org.junit.rules.RunRules.evaluate(RunRules.java:20)
	at org.junit.runners.ParentRunner.runLeaf(ParentRunner.java:325)
	at org.junit.runners.BlockJUnit4ClassRunner.runChild(BlockJUnit4ClassRunner.java:78)
	at org.junit.runners.BlockJUnit4ClassRunner.runChild(BlockJUnit4ClassRunner.java:57)
	at org.junit.runners.ParentRunner$3.run(ParentRunner.java:290)
	at org.junit.runners.ParentRunner$1.schedule(ParentRunner.java:71)
	at org.junit.runners.ParentRunner.runChildren(ParentRunner.java:288)
	at org.junit.runners.ParentRunner.access$000(ParentRunner.java:58)
	at org.junit.runners.ParentRunner$2.evaluate(ParentRunner.java:268)
	at org.junit.runners.ParentRunner.run(ParentRunner.java:363)
	at org.apache.maven.surefire.junit4.JUnit4Provider.execute(JUnit4Provider.java:252)
	at org.apache.maven.surefire.junit4.JUnit4Provider.executeTestSet(JUnit4Provider.java:141)
	at org.apache.maven.surefire.junit4.JUnit4Provider.invoke(JUnit4Provider.java:112)
	at sun.reflect.NativeMethodAccessorImpl.invoke0(Native Method)
	at sun.reflect.NativeMethodAccessorImpl.invoke(NativeMethodAccessorImpl.java:62)
	at sun.reflect.DelegatingMethodAccessorImpl.invoke(DelegatingMethodAccessorImpl.java:43)
	at java.lang.reflect.Method.invoke(Method.java:498)
	at org.apache.maven.surefire.util.ReflectionUtils.invokeMethodWithArray(ReflectionUtils.java:189)
	at org.apache.maven.surefire.booter.ProviderFactory$ProviderProxy.invoke(ProviderFactory.java:165)
	at org.apache.maven.surefire.booter.ProviderFactory.invokeProvider(ProviderFactory.java:85)
	at org.apache.maven.surefire.booter.ForkedBooter.runSuitesInProcess(ForkedBooter.java:115)
	at org.apache.maven.surefire.booter.ForkedBooter.main(ForkedBooter.java:75)
</error>
  </testcase>
  <testcase classname="com.spotify.docker.client.DefaultDockerClientTest" name="testBuildImageId" time="0.026">
    <error message="java.util.concurrent.ExecutionException: javax.ws.rs.ProcessingException: java.io.IOException: No such file or directory" type="com.spotify.docker.client.exceptions.DockerException">com.spotify.docker.client.exceptions.DockerException: java.util.concurrent.ExecutionException: javax.ws.rs.ProcessingException: java.io.IOException: No such file or directory
	at com.spotify.docker.client.DefaultDockerClient.propagate(DefaultDockerClient.java:2812)
	at com.spotify.docker.client.DefaultDockerClient.request(DefaultDockerClient.java:2676)
	at com.spotify.docker.client.DefaultDockerClient.version(DefaultDockerClient.java:572)
	at com.spotify.docker.client.DefaultDockerClientTest.setup(DefaultDockerClientTest.java:349)
	at sun.reflect.GeneratedMethodAccessor10.invoke(Unknown Source)
	at sun.reflect.DelegatingMethodAccessorImpl.invoke(DelegatingMethodAccessorImpl.java:43)
	at java.lang.reflect.Method.invoke(Method.java:498)
	at org.junit.runners.model.FrameworkMethod$1.runReflectiveCall(FrameworkMethod.java:50)
	at org.junit.internal.runners.model.ReflectiveCallable.run(ReflectiveCallable.java:12)
	at org.junit.runners.model.FrameworkMethod.invokeExplosively(FrameworkMethod.java:47)
	at org.junit.internal.runners.statements.RunBefores.evaluate(RunBefores.java:24)
	at org.junit.internal.runners.statements.RunAfters.evaluate(RunAfters.java:27)
	at org.junit.rules.ExpectedException$ExpectedExceptionStatement.evaluate(ExpectedException.java:239)
	at org.junit.rules.TestWatcher$1.evaluate(TestWatcher.java:55)
	at org.junit.rules.RunRules.evaluate(RunRules.java:20)
	at org.junit.runners.ParentRunner.runLeaf(ParentRunner.java:325)
	at org.junit.runners.BlockJUnit4ClassRunner.runChild(BlockJUnit4ClassRunner.java:78)
	at org.junit.runners.BlockJUnit4ClassRunner.runChild(BlockJUnit4ClassRunner.java:57)
	at org.junit.runners.ParentRunner$3.run(ParentRunner.java:290)
	at org.junit.runners.ParentRunner$1.schedule(ParentRunner.java:71)
	at org.junit.runners.ParentRunner.runChildren(ParentRunner.java:288)
	at org.junit.runners.ParentRunner.access$000(ParentRunner.java:58)
	at org.junit.runners.ParentRunner$2.evaluate(ParentRunner.java:268)
	at org.junit.runners.ParentRunner.run(ParentRunner.java:363)
	at org.apache.maven.surefire.junit4.JUnit4Provider.execute(JUnit4Provider.java:252)
	at org.apache.maven.surefire.junit4.JUnit4Provider.executeTestSet(JUnit4Provider.java:141)
	at org.apache.maven.surefire.junit4.JUnit4Provider.invoke(JUnit4Provider.java:112)
	at sun.reflect.NativeMethodAccessorImpl.invoke0(Native Method)
	at sun.reflect.NativeMethodAccessorImpl.invoke(NativeMethodAccessorImpl.java:62)
	at sun.reflect.DelegatingMethodAccessorImpl.invoke(DelegatingMethodAccessorImpl.java:43)
	at java.lang.reflect.Method.invoke(Method.java:498)
	at org.apache.maven.surefire.util.ReflectionUtils.invokeMethodWithArray(ReflectionUtils.java:189)
	at org.apache.maven.surefire.booter.ProviderFactory$ProviderProxy.invoke(ProviderFactory.java:165)
	at org.apache.maven.surefire.booter.ProviderFactory.invokeProvider(ProviderFactory.java:85)
	at org.apache.maven.surefire.booter.ForkedBooter.runSuitesInProcess(ForkedBooter.java:115)
	at org.apache.maven.surefire.booter.ForkedBooter.main(ForkedBooter.java:75)
Caused by: java.util.concurrent.ExecutionException: javax.ws.rs.ProcessingException: java.io.IOException: No such file or directory
	at jersey.repackaged.com.google.common.util.concurrent.AbstractFuture$Sync.getValue(AbstractFuture.java:299)
	at jersey.repackaged.com.google.common.util.concurrent.AbstractFuture$Sync.get(AbstractFuture.java:286)
	at jersey.repackaged.com.google.common.util.concurrent.AbstractFuture.get(AbstractFuture.java:116)
	at com.spotify.docker.client.DefaultDockerClient.request(DefaultDockerClient.java:2674)
	... 34 more
Caused by: javax.ws.rs.ProcessingException: java.io.IOException: No such file or directory
	at org.glassfish.jersey.apache.connector.ApacheConnector.apply(ApacheConnector.java:481)
	at org.glassfish.jersey.apache.connector.ApacheConnector$1.run(ApacheConnector.java:491)
	at java.util.concurrent.Executors$RunnableAdapter.call(Executors.java:511)
	at java.util.concurrent.FutureTask.run(FutureTask.java:266)
	at jersey.repackaged.com.google.common.util.concurrent.MoreExecutors$DirectExecutorService.execute(MoreExecutors.java:299)
	at java.util.concurrent.AbstractExecutorService.submit(AbstractExecutorService.java:112)
	at jersey.repackaged.com.google.common.util.concurrent.AbstractListeningExecutorService.submit(AbstractListeningExecutorService.java:50)
	at jersey.repackaged.com.google.common.util.concurrent.AbstractListeningExecutorService.submit(AbstractListeningExecutorService.java:37)
	at org.glassfish.jersey.apache.connector.ApacheConnector.apply(ApacheConnector.java:487)
	at org.glassfish.jersey.client.ClientRuntime$2.run(ClientRuntime.java:178)
	at org.glassfish.jersey.internal.Errors$1.call(Errors.java:271)
	at org.glassfish.jersey.internal.Errors$1.call(Errors.java:267)
	at org.glassfish.jersey.internal.Errors.process(Errors.java:315)
	at org.glassfish.jersey.internal.Errors.process(Errors.java:297)
	at org.glassfish.jersey.internal.Errors.process(Errors.java:267)
	at org.glassfish.jersey.process.internal.RequestScope.runInScope(RequestScope.java:340)
	at org.glassfish.jersey.client.ClientRuntime$3.run(ClientRuntime.java:210)
	at java.util.concurrent.Executors$RunnableAdapter.call(Executors.java:511)
	at java.util.concurrent.FutureTask.run(FutureTask.java:266)
	at java.util.concurrent.ThreadPoolExecutor.runWorker(ThreadPoolExecutor.java:1142)
	at java.util.concurrent.ThreadPoolExecutor$Worker.run(ThreadPoolExecutor.java:617)
	at java.lang.Thread.run(Thread.java:745)
Caused by: java.io.IOException: No such file or directory
	at jnr.unixsocket.UnixSocketChannel.doConnect(UnixSocketChannel.java:127)
	at jnr.unixsocket.UnixSocketChannel.connect(UnixSocketChannel.java:136)
	at jnr.unixsocket.UnixSocketChannel.connect(UnixSocketChannel.java:223)
	at com.spotify.docker.client.UnixConnectionSocketFactory.connectSocket(UnixConnectionSocketFactory.java:85)
	at org.apache.http.impl.conn.DefaultHttpClientConnectionOperator.connect(DefaultHttpClientConnectionOperator.java:134)
	at org.apache.http.impl.conn.PoolingHttpClientConnectionManager.connect(PoolingHttpClientConnectionManager.java:353)
	at org.apache.http.impl.execchain.MainClientExec.establishRoute(MainClientExec.java:380)
	at org.apache.http.impl.execchain.MainClientExec.execute(MainClientExec.java:236)
	at org.apache.http.impl.execchain.ProtocolExec.execute(ProtocolExec.java:184)
	at org.apache.http.impl.execchain.RetryExec.execute(RetryExec.java:88)
	at org.apache.http.impl.execchain.RedirectExec.execute(RedirectExec.java:110)
	at org.apache.http.impl.client.InternalHttpClient.doExecute(InternalHttpClient.java:184)
	at org.apache.http.impl.client.CloseableHttpClient.execute(CloseableHttpClient.java:71)
	at org.glassfish.jersey.apache.connector.ApacheConnector.apply(ApacheConnector.java:435)
	... 21 more
</error>
    <system-err>Jun 02, 2018 7:44:41 AM org.apache.http.impl.execchain.RetryExec execute
INFO: I/O exception (java.io.IOException) caught when processing request to {}-&gt;unix://localhost:80: No such file or directory
Jun 02, 2018 7:44:41 AM org.apache.http.impl.execchain.RetryExec execute
INFO: Retrying request to {}-&gt;unix://localhost:80
Jun 02, 2018 7:44:41 AM org.apache.http.impl.execchain.RetryExec execute
INFO: I/O exception (java.io.IOException) caught when processing request to {}-&gt;unix://localhost:80: No such file or directory
Jun 02, 2018 7:44:41 AM org.apache.http.impl.execchain.RetryExec execute
INFO: Retrying request to {}-&gt;unix://localhost:80
Jun 02, 2018 7:44:41 AM org.apache.http.impl.execchain.RetryExec execute
INFO: I/O exception (java.io.IOException) caught when processing request to {}-&gt;unix://localhost:80: No such file or directory
Jun 02, 2018 7:44:41 AM org.apache.http.impl.execchain.RetryExec execute
INFO: Retrying request to {}-&gt;unix://localhost:80
</system-err>
  </testcase>
  <testcase classname="com.spotify.docker.client.DefaultDockerClientTest" name="testBuildImageId" time="0.026">
    <error type="java.lang.NullPointerException">java.lang.NullPointerException
	at com.spotify.docker.client.VersionCompare.compareVersion(VersionCompare.java:45)
	at com.spotify.docker.client.DefaultDockerClientTest.dockerApiVersionAtLeast(DefaultDockerClientTest.java:404)
	at com.spotify.docker.client.DefaultDockerClientTest.tearDown(DefaultDockerClientTest.java:356)
	at sun.reflect.GeneratedMethodAccessor11.invoke(Unknown Source)
	at sun.reflect.DelegatingMethodAccessorImpl.invoke(DelegatingMethodAccessorImpl.java:43)
	at java.lang.reflect.Method.invoke(Method.java:498)
	at org.junit.runners.model.FrameworkMethod$1.runReflectiveCall(FrameworkMethod.java:50)
	at org.junit.internal.runners.model.ReflectiveCallable.run(ReflectiveCallable.java:12)
	at org.junit.runners.model.FrameworkMethod.invokeExplosively(FrameworkMethod.java:47)
	at org.junit.internal.runners.statements.RunAfters.evaluate(RunAfters.java:33)
	at org.junit.rules.ExpectedException$ExpectedExceptionStatement.evaluate(ExpectedException.java:239)
	at org.junit.rules.TestWatcher$1.evaluate(TestWatcher.java:55)
	at org.junit.rules.RunRules.evaluate(RunRules.java:20)
	at org.junit.runners.ParentRunner.runLeaf(ParentRunner.java:325)
	at org.junit.runners.BlockJUnit4ClassRunner.runChild(BlockJUnit4ClassRunner.java:78)
	at org.junit.runners.BlockJUnit4ClassRunner.runChild(BlockJUnit4ClassRunner.java:57)
	at org.junit.runners.ParentRunner$3.run(ParentRunner.java:290)
	at org.junit.runners.ParentRunner$1.schedule(ParentRunner.java:71)
	at org.junit.runners.ParentRunner.runChildren(ParentRunner.java:288)
	at org.junit.runners.ParentRunner.access$000(ParentRunner.java:58)
	at org.junit.runners.ParentRunner$2.evaluate(ParentRunner.java:268)
	at org.junit.runners.ParentRunner.run(ParentRunner.java:363)
	at org.apache.maven.surefire.junit4.JUnit4Provider.execute(JUnit4Provider.java:252)
	at org.apache.maven.surefire.junit4.JUnit4Provider.executeTestSet(JUnit4Provider.java:141)
	at org.apache.maven.surefire.junit4.JUnit4Provider.invoke(JUnit4Provider.java:112)
	at sun.reflect.NativeMethodAccessorImpl.invoke0(Native Method)
	at sun.reflect.NativeMethodAccessorImpl.invoke(NativeMethodAccessorImpl.java:62)
	at sun.reflect.DelegatingMethodAccessorImpl.invoke(DelegatingMethodAccessorImpl.java:43)
	at java.lang.reflect.Method.invoke(Method.java:498)
	at org.apache.maven.surefire.util.ReflectionUtils.invokeMethodWithArray(ReflectionUtils.java:189)
	at org.apache.maven.surefire.booter.ProviderFactory$ProviderProxy.invoke(ProviderFactory.java:165)
	at org.apache.maven.surefire.booter.ProviderFactory.invokeProvider(ProviderFactory.java:85)
	at org.apache.maven.surefire.booter.ForkedBooter.runSuitesInProcess(ForkedBooter.java:115)
	at org.apache.maven.surefire.booter.ForkedBooter.main(ForkedBooter.java:75)
</error>
  </testcase>
  <testcase classname="com.spotify.docker.client.DefaultDockerClientTest" name="testHealthCheck" time="0.022">
    <error message="java.util.concurrent.ExecutionException: javax.ws.rs.ProcessingException: java.io.IOException: No such file or directory" type="com.spotify.docker.client.exceptions.DockerException">com.spotify.docker.client.exceptions.DockerException: java.util.concurrent.ExecutionException: javax.ws.rs.ProcessingException: java.io.IOException: No such file or directory
	at com.spotify.docker.client.DefaultDockerClient.propagate(DefaultDockerClient.java:2812)
	at com.spotify.docker.client.DefaultDockerClient.request(DefaultDockerClient.java:2676)
	at com.spotify.docker.client.DefaultDockerClient.version(DefaultDockerClient.java:572)
	at com.spotify.docker.client.DefaultDockerClientTest.setup(DefaultDockerClientTest.java:349)
	at sun.reflect.GeneratedMethodAccessor10.invoke(Unknown Source)
	at sun.reflect.DelegatingMethodAccessorImpl.invoke(DelegatingMethodAccessorImpl.java:43)
	at java.lang.reflect.Method.invoke(Method.java:498)
	at org.junit.runners.model.FrameworkMethod$1.runReflectiveCall(FrameworkMethod.java:50)
	at org.junit.internal.runners.model.ReflectiveCallable.run(ReflectiveCallable.java:12)
	at org.junit.runners.model.FrameworkMethod.invokeExplosively(FrameworkMethod.java:47)
	at org.junit.internal.runners.statements.RunBefores.evaluate(RunBefores.java:24)
	at org.junit.internal.runners.statements.RunAfters.evaluate(RunAfters.java:27)
	at org.junit.rules.ExpectedException$ExpectedExceptionStatement.evaluate(ExpectedException.java:239)
	at org.junit.rules.TestWatcher$1.evaluate(TestWatcher.java:55)
	at org.junit.rules.RunRules.evaluate(RunRules.java:20)
	at org.junit.runners.ParentRunner.runLeaf(ParentRunner.java:325)
	at org.junit.runners.BlockJUnit4ClassRunner.runChild(BlockJUnit4ClassRunner.java:78)
	at org.junit.runners.BlockJUnit4ClassRunner.runChild(BlockJUnit4ClassRunner.java:57)
	at org.junit.runners.ParentRunner$3.run(ParentRunner.java:290)
	at org.junit.runners.ParentRunner$1.schedule(ParentRunner.java:71)
	at org.junit.runners.ParentRunner.runChildren(ParentRunner.java:288)
	at org.junit.runners.ParentRunner.access$000(ParentRunner.java:58)
	at org.junit.runners.ParentRunner$2.evaluate(ParentRunner.java:268)
	at org.junit.runners.ParentRunner.run(ParentRunner.java:363)
	at org.apache.maven.surefire.junit4.JUnit4Provider.execute(JUnit4Provider.java:252)
	at org.apache.maven.surefire.junit4.JUnit4Provider.executeTestSet(JUnit4Provider.java:141)
	at org.apache.maven.surefire.junit4.JUnit4Provider.invoke(JUnit4Provider.java:112)
	at sun.reflect.NativeMethodAccessorImpl.invoke0(Native Method)
	at sun.reflect.NativeMethodAccessorImpl.invoke(NativeMethodAccessorImpl.java:62)
	at sun.reflect.DelegatingMethodAccessorImpl.invoke(DelegatingMethodAccessorImpl.java:43)
	at java.lang.reflect.Method.invoke(Method.java:498)
	at org.apache.maven.surefire.util.ReflectionUtils.invokeMethodWithArray(ReflectionUtils.java:189)
	at org.apache.maven.surefire.booter.ProviderFactory$ProviderProxy.invoke(ProviderFactory.java:165)
	at org.apache.maven.surefire.booter.ProviderFactory.invokeProvider(ProviderFactory.java:85)
	at org.apache.maven.surefire.booter.ForkedBooter.runSuitesInProcess(ForkedBooter.java:115)
	at org.apache.maven.surefire.booter.ForkedBooter.main(ForkedBooter.java:75)
Caused by: java.util.concurrent.ExecutionException: javax.ws.rs.ProcessingException: java.io.IOException: No such file or directory
	at jersey.repackaged.com.google.common.util.concurrent.AbstractFuture$Sync.getValue(AbstractFuture.java:299)
	at jersey.repackaged.com.google.common.util.concurrent.AbstractFuture$Sync.get(AbstractFuture.java:286)
	at jersey.repackaged.com.google.common.util.concurrent.AbstractFuture.get(AbstractFuture.java:116)
	at com.spotify.docker.client.DefaultDockerClient.request(DefaultDockerClient.java:2674)
	... 34 more
Caused by: javax.ws.rs.ProcessingException: java.io.IOException: No such file or directory
	at org.glassfish.jersey.apache.connector.ApacheConnector.apply(ApacheConnector.java:481)
	at org.glassfish.jersey.apache.connector.ApacheConnector$1.run(ApacheConnector.java:491)
	at java.util.concurrent.Executors$RunnableAdapter.call(Executors.java:511)
	at java.util.concurrent.FutureTask.run(FutureTask.java:266)
	at jersey.repackaged.com.google.common.util.concurrent.MoreExecutors$DirectExecutorService.execute(MoreExecutors.java:299)
	at java.util.concurrent.AbstractExecutorService.submit(AbstractExecutorService.java:112)
	at jersey.repackaged.com.google.common.util.concurrent.AbstractListeningExecutorService.submit(AbstractListeningExecutorService.java:50)
	at jersey.repackaged.com.google.common.util.concurrent.AbstractListeningExecutorService.submit(AbstractListeningExecutorService.java:37)
	at org.glassfish.jersey.apache.connector.ApacheConnector.apply(ApacheConnector.java:487)
	at org.glassfish.jersey.client.ClientRuntime$2.run(ClientRuntime.java:178)
	at org.glassfish.jersey.internal.Errors$1.call(Errors.java:271)
	at org.glassfish.jersey.internal.Errors$1.call(Errors.java:267)
	at org.glassfish.jersey.internal.Errors.process(Errors.java:315)
	at org.glassfish.jersey.internal.Errors.process(Errors.java:297)
	at org.glassfish.jersey.internal.Errors.process(Errors.java:267)
	at org.glassfish.jersey.process.internal.RequestScope.runInScope(RequestScope.java:340)
	at org.glassfish.jersey.client.ClientRuntime$3.run(ClientRuntime.java:210)
	at java.util.concurrent.Executors$RunnableAdapter.call(Executors.java:511)
	at java.util.concurrent.FutureTask.run(FutureTask.java:266)
	at java.util.concurrent.ThreadPoolExecutor.runWorker(ThreadPoolExecutor.java:1142)
	at java.util.concurrent.ThreadPoolExecutor$Worker.run(ThreadPoolExecutor.java:617)
	at java.lang.Thread.run(Thread.java:745)
Caused by: java.io.IOException: No such file or directory
	at jnr.unixsocket.UnixSocketChannel.doConnect(UnixSocketChannel.java:127)
	at jnr.unixsocket.UnixSocketChannel.connect(UnixSocketChannel.java:136)
	at jnr.unixsocket.UnixSocketChannel.connect(UnixSocketChannel.java:223)
	at com.spotify.docker.client.UnixConnectionSocketFactory.connectSocket(UnixConnectionSocketFactory.java:85)
	at org.apache.http.impl.conn.DefaultHttpClientConnectionOperator.connect(DefaultHttpClientConnectionOperator.java:134)
	at org.apache.http.impl.conn.PoolingHttpClientConnectionManager.connect(PoolingHttpClientConnectionManager.java:353)
	at org.apache.http.impl.execchain.MainClientExec.establishRoute(MainClientExec.java:380)
	at org.apache.http.impl.execchain.MainClientExec.execute(MainClientExec.java:236)
	at org.apache.http.impl.execchain.ProtocolExec.execute(ProtocolExec.java:184)
	at org.apache.http.impl.execchain.RetryExec.execute(RetryExec.java:88)
	at org.apache.http.impl.execchain.RedirectExec.execute(RedirectExec.java:110)
	at org.apache.http.impl.client.InternalHttpClient.doExecute(InternalHttpClient.java:184)
	at org.apache.http.impl.client.CloseableHttpClient.execute(CloseableHttpClient.java:71)
	at org.glassfish.jersey.apache.connector.ApacheConnector.apply(ApacheConnector.java:435)
	... 21 more
</error>
    <system-err>Jun 02, 2018 7:44:41 AM org.apache.http.impl.execchain.RetryExec execute
INFO: I/O exception (java.io.IOException) caught when processing request to {}-&gt;unix://localhost:80: No such file or directory
Jun 02, 2018 7:44:41 AM org.apache.http.impl.execchain.RetryExec execute
INFO: Retrying request to {}-&gt;unix://localhost:80
Jun 02, 2018 7:44:41 AM org.apache.http.impl.execchain.RetryExec execute
INFO: I/O exception (java.io.IOException) caught when processing request to {}-&gt;unix://localhost:80: No such file or directory
Jun 02, 2018 7:44:41 AM org.apache.http.impl.execchain.RetryExec execute
INFO: Retrying request to {}-&gt;unix://localhost:80
Jun 02, 2018 7:44:41 AM org.apache.http.impl.execchain.RetryExec execute
INFO: I/O exception (java.io.IOException) caught when processing request to {}-&gt;unix://localhost:80: No such file or directory
Jun 02, 2018 7:44:41 AM org.apache.http.impl.execchain.RetryExec execute
INFO: Retrying request to {}-&gt;unix://localhost:80
</system-err>
  </testcase>
  <testcase classname="com.spotify.docker.client.DefaultDockerClientTest" name="testHealthCheck" time="0.022">
    <error type="java.lang.NullPointerException">java.lang.NullPointerException
	at com.spotify.docker.client.VersionCompare.compareVersion(VersionCompare.java:45)
	at com.spotify.docker.client.DefaultDockerClientTest.dockerApiVersionAtLeast(DefaultDockerClientTest.java:404)
	at com.spotify.docker.client.DefaultDockerClientTest.tearDown(DefaultDockerClientTest.java:356)
	at sun.reflect.GeneratedMethodAccessor11.invoke(Unknown Source)
	at sun.reflect.DelegatingMethodAccessorImpl.invoke(DelegatingMethodAccessorImpl.java:43)
	at java.lang.reflect.Method.invoke(Method.java:498)
	at org.junit.runners.model.FrameworkMethod$1.runReflectiveCall(FrameworkMethod.java:50)
	at org.junit.internal.runners.model.ReflectiveCallable.run(ReflectiveCallable.java:12)
	at org.junit.runners.model.FrameworkMethod.invokeExplosively(FrameworkMethod.java:47)
	at org.junit.internal.runners.statements.RunAfters.evaluate(RunAfters.java:33)
	at org.junit.rules.ExpectedException$ExpectedExceptionStatement.evaluate(ExpectedException.java:239)
	at org.junit.rules.TestWatcher$1.evaluate(TestWatcher.java:55)
	at org.junit.rules.RunRules.evaluate(RunRules.java:20)
	at org.junit.runners.ParentRunner.runLeaf(ParentRunner.java:325)
	at org.junit.runners.BlockJUnit4ClassRunner.runChild(BlockJUnit4ClassRunner.java:78)
	at org.junit.runners.BlockJUnit4ClassRunner.runChild(BlockJUnit4ClassRunner.java:57)
	at org.junit.runners.ParentRunner$3.run(ParentRunner.java:290)
	at org.junit.runners.ParentRunner$1.schedule(ParentRunner.java:71)
	at org.junit.runners.ParentRunner.runChildren(ParentRunner.java:288)
	at org.junit.runners.ParentRunner.access$000(ParentRunner.java:58)
	at org.junit.runners.ParentRunner$2.evaluate(ParentRunner.java:268)
	at org.junit.runners.ParentRunner.run(ParentRunner.java:363)
	at org.apache.maven.surefire.junit4.JUnit4Provider.execute(JUnit4Provider.java:252)
	at org.apache.maven.surefire.junit4.JUnit4Provider.executeTestSet(JUnit4Provider.java:141)
	at org.apache.maven.surefire.junit4.JUnit4Provider.invoke(JUnit4Provider.java:112)
	at sun.reflect.NativeMethodAccessorImpl.invoke0(Native Method)
	at sun.reflect.NativeMethodAccessorImpl.invoke(NativeMethodAccessorImpl.java:62)
	at sun.reflect.DelegatingMethodAccessorImpl.invoke(DelegatingMethodAccessorImpl.java:43)
	at java.lang.reflect.Method.invoke(Method.java:498)
	at org.apache.maven.surefire.util.ReflectionUtils.invokeMethodWithArray(ReflectionUtils.java:189)
	at org.apache.maven.surefire.booter.ProviderFactory$ProviderProxy.invoke(ProviderFactory.java:165)
	at org.apache.maven.surefire.booter.ProviderFactory.invokeProvider(ProviderFactory.java:85)
	at org.apache.maven.surefire.booter.ForkedBooter.runSuitesInProcess(ForkedBooter.java:115)
	at org.apache.maven.surefire.booter.ForkedBooter.main(ForkedBooter.java:75)
</error>
  </testcase>
  <testcase classname="com.spotify.docker.client.DefaultDockerClientTest" name="testPullInterruption" time="0.023">
    <error message="java.util.concurrent.ExecutionException: javax.ws.rs.ProcessingException: java.io.IOException: No such file or directory" type="com.spotify.docker.client.exceptions.DockerException">com.spotify.docker.client.exceptions.DockerException: java.util.concurrent.ExecutionException: javax.ws.rs.ProcessingException: java.io.IOException: No such file or directory
	at com.spotify.docker.client.DefaultDockerClient.propagate(DefaultDockerClient.java:2812)
	at com.spotify.docker.client.DefaultDockerClient.request(DefaultDockerClient.java:2676)
	at com.spotify.docker.client.DefaultDockerClient.version(DefaultDockerClient.java:572)
	at com.spotify.docker.client.DefaultDockerClientTest.setup(DefaultDockerClientTest.java:349)
	at sun.reflect.GeneratedMethodAccessor10.invoke(Unknown Source)
	at sun.reflect.DelegatingMethodAccessorImpl.invoke(DelegatingMethodAccessorImpl.java:43)
	at java.lang.reflect.Method.invoke(Method.java:498)
	at org.junit.runners.model.FrameworkMethod$1.runReflectiveCall(FrameworkMethod.java:50)
	at org.junit.internal.runners.model.ReflectiveCallable.run(ReflectiveCallable.java:12)
	at org.junit.runners.model.FrameworkMethod.invokeExplosively(FrameworkMethod.java:47)
	at org.junit.internal.runners.statements.RunBefores.evaluate(RunBefores.java:24)
	at org.junit.internal.runners.statements.RunAfters.evaluate(RunAfters.java:27)
	at org.junit.rules.ExpectedException$ExpectedExceptionStatement.evaluate(ExpectedException.java:239)
	at org.junit.rules.TestWatcher$1.evaluate(TestWatcher.java:55)
	at org.junit.rules.RunRules.evaluate(RunRules.java:20)
	at org.junit.runners.ParentRunner.runLeaf(ParentRunner.java:325)
	at org.junit.runners.BlockJUnit4ClassRunner.runChild(BlockJUnit4ClassRunner.java:78)
	at org.junit.runners.BlockJUnit4ClassRunner.runChild(BlockJUnit4ClassRunner.java:57)
	at org.junit.runners.ParentRunner$3.run(ParentRunner.java:290)
	at org.junit.runners.ParentRunner$1.schedule(ParentRunner.java:71)
	at org.junit.runners.ParentRunner.runChildren(ParentRunner.java:288)
	at org.junit.runners.ParentRunner.access$000(ParentRunner.java:58)
	at org.junit.runners.ParentRunner$2.evaluate(ParentRunner.java:268)
	at org.junit.runners.ParentRunner.run(ParentRunner.java:363)
	at org.apache.maven.surefire.junit4.JUnit4Provider.execute(JUnit4Provider.java:252)
	at org.apache.maven.surefire.junit4.JUnit4Provider.executeTestSet(JUnit4Provider.java:141)
	at org.apache.maven.surefire.junit4.JUnit4Provider.invoke(JUnit4Provider.java:112)
	at sun.reflect.NativeMethodAccessorImpl.invoke0(Native Method)
	at sun.reflect.NativeMethodAccessorImpl.invoke(NativeMethodAccessorImpl.java:62)
	at sun.reflect.DelegatingMethodAccessorImpl.invoke(DelegatingMethodAccessorImpl.java:43)
	at java.lang.reflect.Method.invoke(Method.java:498)
	at org.apache.maven.surefire.util.ReflectionUtils.invokeMethodWithArray(ReflectionUtils.java:189)
	at org.apache.maven.surefire.booter.ProviderFactory$ProviderProxy.invoke(ProviderFactory.java:165)
	at org.apache.maven.surefire.booter.ProviderFactory.invokeProvider(ProviderFactory.java:85)
	at org.apache.maven.surefire.booter.ForkedBooter.runSuitesInProcess(ForkedBooter.java:115)
	at org.apache.maven.surefire.booter.ForkedBooter.main(ForkedBooter.java:75)
Caused by: java.util.concurrent.ExecutionException: javax.ws.rs.ProcessingException: java.io.IOException: No such file or directory
	at jersey.repackaged.com.google.common.util.concurrent.AbstractFuture$Sync.getValue(AbstractFuture.java:299)
	at jersey.repackaged.com.google.common.util.concurrent.AbstractFuture$Sync.get(AbstractFuture.java:286)
	at jersey.repackaged.com.google.common.util.concurrent.AbstractFuture.get(AbstractFuture.java:116)
	at com.spotify.docker.client.DefaultDockerClient.request(DefaultDockerClient.java:2674)
	... 34 more
Caused by: javax.ws.rs.ProcessingException: java.io.IOException: No such file or directory
	at org.glassfish.jersey.apache.connector.ApacheConnector.apply(ApacheConnector.java:481)
	at org.glassfish.jersey.apache.connector.ApacheConnector$1.run(ApacheConnector.java:491)
	at java.util.concurrent.Executors$RunnableAdapter.call(Executors.java:511)
	at java.util.concurrent.FutureTask.run(FutureTask.java:266)
	at jersey.repackaged.com.google.common.util.concurrent.MoreExecutors$DirectExecutorService.execute(MoreExecutors.java:299)
	at java.util.concurrent.AbstractExecutorService.submit(AbstractExecutorService.java:112)
	at jersey.repackaged.com.google.common.util.concurrent.AbstractListeningExecutorService.submit(AbstractListeningExecutorService.java:50)
	at jersey.repackaged.com.google.common.util.concurrent.AbstractListeningExecutorService.submit(AbstractListeningExecutorService.java:37)
	at org.glassfish.jersey.apache.connector.ApacheConnector.apply(ApacheConnector.java:487)
	at org.glassfish.jersey.client.ClientRuntime$2.run(ClientRuntime.java:178)
	at org.glassfish.jersey.internal.Errors$1.call(Errors.java:271)
	at org.glassfish.jersey.internal.Errors$1.call(Errors.java:267)
	at org.glassfish.jersey.internal.Errors.process(Errors.java:315)
	at org.glassfish.jersey.internal.Errors.process(Errors.java:297)
	at org.glassfish.jersey.internal.Errors.process(Errors.java:267)
	at org.glassfish.jersey.process.internal.RequestScope.runInScope(RequestScope.java:340)
	at org.glassfish.jersey.client.ClientRuntime$3.run(ClientRuntime.java:210)
	at java.util.concurrent.Executors$RunnableAdapter.call(Executors.java:511)
	at java.util.concurrent.FutureTask.run(FutureTask.java:266)
	at java.util.concurrent.ThreadPoolExecutor.runWorker(ThreadPoolExecutor.java:1142)
	at java.util.concurrent.ThreadPoolExecutor$Worker.run(ThreadPoolExecutor.java:617)
	at java.lang.Thread.run(Thread.java:745)
Caused by: java.io.IOException: No such file or directory
	at jnr.unixsocket.UnixSocketChannel.doConnect(UnixSocketChannel.java:127)
	at jnr.unixsocket.UnixSocketChannel.connect(UnixSocketChannel.java:136)
	at jnr.unixsocket.UnixSocketChannel.connect(UnixSocketChannel.java:223)
	at com.spotify.docker.client.UnixConnectionSocketFactory.connectSocket(UnixConnectionSocketFactory.java:85)
	at org.apache.http.impl.conn.DefaultHttpClientConnectionOperator.connect(DefaultHttpClientConnectionOperator.java:134)
	at org.apache.http.impl.conn.PoolingHttpClientConnectionManager.connect(PoolingHttpClientConnectionManager.java:353)
	at org.apache.http.impl.execchain.MainClientExec.establishRoute(MainClientExec.java:380)
	at org.apache.http.impl.execchain.MainClientExec.execute(MainClientExec.java:236)
	at org.apache.http.impl.execchain.ProtocolExec.execute(ProtocolExec.java:184)
	at org.apache.http.impl.execchain.RetryExec.execute(RetryExec.java:88)
	at org.apache.http.impl.execchain.RedirectExec.execute(RedirectExec.java:110)
	at org.apache.http.impl.client.InternalHttpClient.doExecute(InternalHttpClient.java:184)
	at org.apache.http.impl.client.CloseableHttpClient.execute(CloseableHttpClient.java:71)
	at org.glassfish.jersey.apache.connector.ApacheConnector.apply(ApacheConnector.java:435)
	... 21 more
</error>
    <system-err>Jun 02, 2018 7:44:42 AM org.apache.http.impl.execchain.RetryExec execute
INFO: I/O exception (java.io.IOException) caught when processing request to {}-&gt;unix://localhost:80: No such file or directory
Jun 02, 2018 7:44:42 AM org.apache.http.impl.execchain.RetryExec execute
INFO: Retrying request to {}-&gt;unix://localhost:80
Jun 02, 2018 7:44:42 AM org.apache.http.impl.execchain.RetryExec execute
INFO: I/O exception (java.io.IOException) caught when processing request to {}-&gt;unix://localhost:80: No such file or directory
Jun 02, 2018 7:44:42 AM org.apache.http.impl.execchain.RetryExec execute
INFO: Retrying request to {}-&gt;unix://localhost:80
Jun 02, 2018 7:44:42 AM org.apache.http.impl.execchain.RetryExec execute
INFO: I/O exception (java.io.IOException) caught when processing request to {}-&gt;unix://localhost:80: No such file or directory
Jun 02, 2018 7:44:42 AM org.apache.http.impl.execchain.RetryExec execute
INFO: Retrying request to {}-&gt;unix://localhost:80
</system-err>
  </testcase>
  <testcase classname="com.spotify.docker.client.DefaultDockerClientTest" name="testPullInterruption" time="0.023">
    <error type="java.lang.NullPointerException">java.lang.NullPointerException
	at com.spotify.docker.client.VersionCompare.compareVersion(VersionCompare.java:45)
	at com.spotify.docker.client.DefaultDockerClientTest.dockerApiVersionAtLeast(DefaultDockerClientTest.java:404)
	at com.spotify.docker.client.DefaultDockerClientTest.tearDown(DefaultDockerClientTest.java:356)
	at sun.reflect.GeneratedMethodAccessor11.invoke(Unknown Source)
	at sun.reflect.DelegatingMethodAccessorImpl.invoke(DelegatingMethodAccessorImpl.java:43)
	at java.lang.reflect.Method.invoke(Method.java:498)
	at org.junit.runners.model.FrameworkMethod$1.runReflectiveCall(FrameworkMethod.java:50)
	at org.junit.internal.runners.model.ReflectiveCallable.run(ReflectiveCallable.java:12)
	at org.junit.runners.model.FrameworkMethod.invokeExplosively(FrameworkMethod.java:47)
	at org.junit.internal.runners.statements.RunAfters.evaluate(RunAfters.java:33)
	at org.junit.rules.ExpectedException$ExpectedExceptionStatement.evaluate(ExpectedException.java:239)
	at org.junit.rules.TestWatcher$1.evaluate(TestWatcher.java:55)
	at org.junit.rules.RunRules.evaluate(RunRules.java:20)
	at org.junit.runners.ParentRunner.runLeaf(ParentRunner.java:325)
	at org.junit.runners.BlockJUnit4ClassRunner.runChild(BlockJUnit4ClassRunner.java:78)
	at org.junit.runners.BlockJUnit4ClassRunner.runChild(BlockJUnit4ClassRunner.java:57)
	at org.junit.runners.ParentRunner$3.run(ParentRunner.java:290)
	at org.junit.runners.ParentRunner$1.schedule(ParentRunner.java:71)
	at org.junit.runners.ParentRunner.runChildren(ParentRunner.java:288)
	at org.junit.runners.ParentRunner.access$000(ParentRunner.java:58)
	at org.junit.runners.ParentRunner$2.evaluate(ParentRunner.java:268)
	at org.junit.runners.ParentRunner.run(ParentRunner.java:363)
	at org.apache.maven.surefire.junit4.JUnit4Provider.execute(JUnit4Provider.java:252)
	at org.apache.maven.surefire.junit4.JUnit4Provider.executeTestSet(JUnit4Provider.java:141)
	at org.apache.maven.surefire.junit4.JUnit4Provider.invoke(JUnit4Provider.java:112)
	at sun.reflect.NativeMethodAccessorImpl.invoke0(Native Method)
	at sun.reflect.NativeMethodAccessorImpl.invoke(NativeMethodAccessorImpl.java:62)
	at sun.reflect.DelegatingMethodAccessorImpl.invoke(DelegatingMethodAccessorImpl.java:43)
	at java.lang.reflect.Method.invoke(Method.java:498)
	at org.apache.maven.surefire.util.ReflectionUtils.invokeMethodWithArray(ReflectionUtils.java:189)
	at org.apache.maven.surefire.booter.ProviderFactory$ProviderProxy.invoke(ProviderFactory.java:165)
	at org.apache.maven.surefire.booter.ProviderFactory.invokeProvider(ProviderFactory.java:85)
	at org.apache.maven.surefire.booter.ForkedBooter.runSuitesInProcess(ForkedBooter.java:115)
	at org.apache.maven.surefire.booter.ForkedBooter.main(ForkedBooter.java:75)
</error>
  </testcase>
  <testcase classname="com.spotify.docker.client.DefaultDockerClientTest" name="testContainerVolumeNoCopy" time="0.022">
    <error message="java.util.concurrent.ExecutionException: javax.ws.rs.ProcessingException: java.io.IOException: No such file or directory" type="com.spotify.docker.client.exceptions.DockerException">com.spotify.docker.client.exceptions.DockerException: java.util.concurrent.ExecutionException: javax.ws.rs.ProcessingException: java.io.IOException: No such file or directory
	at com.spotify.docker.client.DefaultDockerClient.propagate(DefaultDockerClient.java:2812)
	at com.spotify.docker.client.DefaultDockerClient.request(DefaultDockerClient.java:2676)
	at com.spotify.docker.client.DefaultDockerClient.version(DefaultDockerClient.java:572)
	at com.spotify.docker.client.DefaultDockerClientTest.setup(DefaultDockerClientTest.java:349)
	at sun.reflect.GeneratedMethodAccessor10.invoke(Unknown Source)
	at sun.reflect.DelegatingMethodAccessorImpl.invoke(DelegatingMethodAccessorImpl.java:43)
	at java.lang.reflect.Method.invoke(Method.java:498)
	at org.junit.runners.model.FrameworkMethod$1.runReflectiveCall(FrameworkMethod.java:50)
	at org.junit.internal.runners.model.ReflectiveCallable.run(ReflectiveCallable.java:12)
	at org.junit.runners.model.FrameworkMethod.invokeExplosively(FrameworkMethod.java:47)
	at org.junit.internal.runners.statements.RunBefores.evaluate(RunBefores.java:24)
	at org.junit.internal.runners.statements.RunAfters.evaluate(RunAfters.java:27)
	at org.junit.rules.ExpectedException$ExpectedExceptionStatement.evaluate(ExpectedException.java:239)
	at org.junit.rules.TestWatcher$1.evaluate(TestWatcher.java:55)
	at org.junit.rules.RunRules.evaluate(RunRules.java:20)
	at org.junit.runners.ParentRunner.runLeaf(ParentRunner.java:325)
	at org.junit.runners.BlockJUnit4ClassRunner.runChild(BlockJUnit4ClassRunner.java:78)
	at org.junit.runners.BlockJUnit4ClassRunner.runChild(BlockJUnit4ClassRunner.java:57)
	at org.junit.runners.ParentRunner$3.run(ParentRunner.java:290)
	at org.junit.runners.ParentRunner$1.schedule(ParentRunner.java:71)
	at org.junit.runners.ParentRunner.runChildren(ParentRunner.java:288)
	at org.junit.runners.ParentRunner.access$000(ParentRunner.java:58)
	at org.junit.runners.ParentRunner$2.evaluate(ParentRunner.java:268)
	at org.junit.runners.ParentRunner.run(ParentRunner.java:363)
	at org.apache.maven.surefire.junit4.JUnit4Provider.execute(JUnit4Provider.java:252)
	at org.apache.maven.surefire.junit4.JUnit4Provider.executeTestSet(JUnit4Provider.java:141)
	at org.apache.maven.surefire.junit4.JUnit4Provider.invoke(JUnit4Provider.java:112)
	at sun.reflect.NativeMethodAccessorImpl.invoke0(Native Method)
	at sun.reflect.NativeMethodAccessorImpl.invoke(NativeMethodAccessorImpl.java:62)
	at sun.reflect.DelegatingMethodAccessorImpl.invoke(DelegatingMethodAccessorImpl.java:43)
	at java.lang.reflect.Method.invoke(Method.java:498)
	at org.apache.maven.surefire.util.ReflectionUtils.invokeMethodWithArray(ReflectionUtils.java:189)
	at org.apache.maven.surefire.booter.ProviderFactory$ProviderProxy.invoke(ProviderFactory.java:165)
	at org.apache.maven.surefire.booter.ProviderFactory.invokeProvider(ProviderFactory.java:85)
	at org.apache.maven.surefire.booter.ForkedBooter.runSuitesInProcess(ForkedBooter.java:115)
	at org.apache.maven.surefire.booter.ForkedBooter.main(ForkedBooter.java:75)
Caused by: java.util.concurrent.ExecutionException: javax.ws.rs.ProcessingException: java.io.IOException: No such file or directory
	at jersey.repackaged.com.google.common.util.concurrent.AbstractFuture$Sync.getValue(AbstractFuture.java:299)
	at jersey.repackaged.com.google.common.util.concurrent.AbstractFuture$Sync.get(AbstractFuture.java:286)
	at jersey.repackaged.com.google.common.util.concurrent.AbstractFuture.get(AbstractFuture.java:116)
	at com.spotify.docker.client.DefaultDockerClient.request(DefaultDockerClient.java:2674)
	... 34 more
Caused by: javax.ws.rs.ProcessingException: java.io.IOException: No such file or directory
	at org.glassfish.jersey.apache.connector.ApacheConnector.apply(ApacheConnector.java:481)
	at org.glassfish.jersey.apache.connector.ApacheConnector$1.run(ApacheConnector.java:491)
	at java.util.concurrent.Executors$RunnableAdapter.call(Executors.java:511)
	at java.util.concurrent.FutureTask.run(FutureTask.java:266)
	at jersey.repackaged.com.google.common.util.concurrent.MoreExecutors$DirectExecutorService.execute(MoreExecutors.java:299)
	at java.util.concurrent.AbstractExecutorService.submit(AbstractExecutorService.java:112)
	at jersey.repackaged.com.google.common.util.concurrent.AbstractListeningExecutorService.submit(AbstractListeningExecutorService.java:50)
	at jersey.repackaged.com.google.common.util.concurrent.AbstractListeningExecutorService.submit(AbstractListeningExecutorService.java:37)
	at org.glassfish.jersey.apache.connector.ApacheConnector.apply(ApacheConnector.java:487)
	at org.glassfish.jersey.client.ClientRuntime$2.run(ClientRuntime.java:178)
	at org.glassfish.jersey.internal.Errors$1.call(Errors.java:271)
	at org.glassfish.jersey.internal.Errors$1.call(Errors.java:267)
	at org.glassfish.jersey.internal.Errors.process(Errors.java:315)
	at org.glassfish.jersey.internal.Errors.process(Errors.java:297)
	at org.glassfish.jersey.internal.Errors.process(Errors.java:267)
	at org.glassfish.jersey.process.internal.RequestScope.runInScope(RequestScope.java:340)
	at org.glassfish.jersey.client.ClientRuntime$3.run(ClientRuntime.java:210)
	at java.util.concurrent.Executors$RunnableAdapter.call(Executors.java:511)
	at java.util.concurrent.FutureTask.run(FutureTask.java:266)
	at java.util.concurrent.ThreadPoolExecutor.runWorker(ThreadPoolExecutor.java:1142)
	at java.util.concurrent.ThreadPoolExecutor$Worker.run(ThreadPoolExecutor.java:617)
	at java.lang.Thread.run(Thread.java:745)
Caused by: java.io.IOException: No such file or directory
	at jnr.unixsocket.UnixSocketChannel.doConnect(UnixSocketChannel.java:127)
	at jnr.unixsocket.UnixSocketChannel.connect(UnixSocketChannel.java:136)
	at jnr.unixsocket.UnixSocketChannel.connect(UnixSocketChannel.java:223)
	at com.spotify.docker.client.UnixConnectionSocketFactory.connectSocket(UnixConnectionSocketFactory.java:85)
	at org.apache.http.impl.conn.DefaultHttpClientConnectionOperator.connect(DefaultHttpClientConnectionOperator.java:134)
	at org.apache.http.impl.conn.PoolingHttpClientConnectionManager.connect(PoolingHttpClientConnectionManager.java:353)
	at org.apache.http.impl.execchain.MainClientExec.establishRoute(MainClientExec.java:380)
	at org.apache.http.impl.execchain.MainClientExec.execute(MainClientExec.java:236)
	at org.apache.http.impl.execchain.ProtocolExec.execute(ProtocolExec.java:184)
	at org.apache.http.impl.execchain.RetryExec.execute(RetryExec.java:88)
	at org.apache.http.impl.execchain.RedirectExec.execute(RedirectExec.java:110)
	at org.apache.http.impl.client.InternalHttpClient.doExecute(InternalHttpClient.java:184)
	at org.apache.http.impl.client.CloseableHttpClient.execute(CloseableHttpClient.java:71)
	at org.glassfish.jersey.apache.connector.ApacheConnector.apply(ApacheConnector.java:435)
	... 21 more
</error>
    <system-err>Jun 02, 2018 7:44:42 AM org.apache.http.impl.execchain.RetryExec execute
INFO: I/O exception (java.io.IOException) caught when processing request to {}-&gt;unix://localhost:80: No such file or directory
Jun 02, 2018 7:44:42 AM org.apache.http.impl.execchain.RetryExec execute
INFO: Retrying request to {}-&gt;unix://localhost:80
Jun 02, 2018 7:44:42 AM org.apache.http.impl.execchain.RetryExec execute
INFO: I/O exception (java.io.IOException) caught when processing request to {}-&gt;unix://localhost:80: No such file or directory
Jun 02, 2018 7:44:42 AM org.apache.http.impl.execchain.RetryExec execute
INFO: Retrying request to {}-&gt;unix://localhost:80
Jun 02, 2018 7:44:42 AM org.apache.http.impl.execchain.RetryExec execute
INFO: I/O exception (java.io.IOException) caught when processing request to {}-&gt;unix://localhost:80: No such file or directory
Jun 02, 2018 7:44:42 AM org.apache.http.impl.execchain.RetryExec execute
INFO: Retrying request to {}-&gt;unix://localhost:80
</system-err>
  </testcase>
  <testcase classname="com.spotify.docker.client.DefaultDockerClientTest" name="testContainerVolumeNoCopy" time="0.022">
    <error type="java.lang.NullPointerException">java.lang.NullPointerException
	at com.spotify.docker.client.VersionCompare.compareVersion(VersionCompare.java:45)
	at com.spotify.docker.client.DefaultDockerClientTest.dockerApiVersionAtLeast(DefaultDockerClientTest.java:404)
	at com.spotify.docker.client.DefaultDockerClientTest.tearDown(DefaultDockerClientTest.java:356)
	at sun.reflect.GeneratedMethodAccessor11.invoke(Unknown Source)
	at sun.reflect.DelegatingMethodAccessorImpl.invoke(DelegatingMethodAccessorImpl.java:43)
	at java.lang.reflect.Method.invoke(Method.java:498)
	at org.junit.runners.model.FrameworkMethod$1.runReflectiveCall(FrameworkMethod.java:50)
	at org.junit.internal.runners.model.ReflectiveCallable.run(ReflectiveCallable.java:12)
	at org.junit.runners.model.FrameworkMethod.invokeExplosively(FrameworkMethod.java:47)
	at org.junit.internal.runners.statements.RunAfters.evaluate(RunAfters.java:33)
	at org.junit.rules.ExpectedException$ExpectedExceptionStatement.evaluate(ExpectedException.java:239)
	at org.junit.rules.TestWatcher$1.evaluate(TestWatcher.java:55)
	at org.junit.rules.RunRules.evaluate(RunRules.java:20)
	at org.junit.runners.ParentRunner.runLeaf(ParentRunner.java:325)
	at org.junit.runners.BlockJUnit4ClassRunner.runChild(BlockJUnit4ClassRunner.java:78)
	at org.junit.runners.BlockJUnit4ClassRunner.runChild(BlockJUnit4ClassRunner.java:57)
	at org.junit.runners.ParentRunner$3.run(ParentRunner.java:290)
	at org.junit.runners.ParentRunner$1.schedule(ParentRunner.java:71)
	at org.junit.runners.ParentRunner.runChildren(ParentRunner.java:288)
	at org.junit.runners.ParentRunner.access$000(ParentRunner.java:58)
	at org.junit.runners.ParentRunner$2.evaluate(ParentRunner.java:268)
	at org.junit.runners.ParentRunner.run(ParentRunner.java:363)
	at org.apache.maven.surefire.junit4.JUnit4Provider.execute(JUnit4Provider.java:252)
	at org.apache.maven.surefire.junit4.JUnit4Provider.executeTestSet(JUnit4Provider.java:141)
	at org.apache.maven.surefire.junit4.JUnit4Provider.invoke(JUnit4Provider.java:112)
	at sun.reflect.NativeMethodAccessorImpl.invoke0(Native Method)
	at sun.reflect.NativeMethodAccessorImpl.invoke(NativeMethodAccessorImpl.java:62)
	at sun.reflect.DelegatingMethodAccessorImpl.invoke(DelegatingMethodAccessorImpl.java:43)
	at java.lang.reflect.Method.invoke(Method.java:498)
	at org.apache.maven.surefire.util.ReflectionUtils.invokeMethodWithArray(ReflectionUtils.java:189)
	at org.apache.maven.surefire.booter.ProviderFactory$ProviderProxy.invoke(ProviderFactory.java:165)
	at org.apache.maven.surefire.booter.ProviderFactory.invokeProvider(ProviderFactory.java:85)
	at org.apache.maven.surefire.booter.ForkedBooter.runSuitesInProcess(ForkedBooter.java:115)
	at org.apache.maven.surefire.booter.ForkedBooter.main(ForkedBooter.java:75)
</error>
  </testcase>
  <testcase classname="com.spotify.docker.client.DefaultDockerClientTest" name="integrationTest" time="0.023">
    <error message="java.util.concurrent.ExecutionException: javax.ws.rs.ProcessingException: java.io.IOException: No such file or directory" type="com.spotify.docker.client.exceptions.DockerException">com.spotify.docker.client.exceptions.DockerException: java.util.concurrent.ExecutionException: javax.ws.rs.ProcessingException: java.io.IOException: No such file or directory
	at com.spotify.docker.client.DefaultDockerClient.propagate(DefaultDockerClient.java:2812)
	at com.spotify.docker.client.DefaultDockerClient.request(DefaultDockerClient.java:2676)
	at com.spotify.docker.client.DefaultDockerClient.version(DefaultDockerClient.java:572)
	at com.spotify.docker.client.DefaultDockerClientTest.setup(DefaultDockerClientTest.java:349)
	at sun.reflect.GeneratedMethodAccessor10.invoke(Unknown Source)
	at sun.reflect.DelegatingMethodAccessorImpl.invoke(DelegatingMethodAccessorImpl.java:43)
	at java.lang.reflect.Method.invoke(Method.java:498)
	at org.junit.runners.model.FrameworkMethod$1.runReflectiveCall(FrameworkMethod.java:50)
	at org.junit.internal.runners.model.ReflectiveCallable.run(ReflectiveCallable.java:12)
	at org.junit.runners.model.FrameworkMethod.invokeExplosively(FrameworkMethod.java:47)
	at org.junit.internal.runners.statements.RunBefores.evaluate(RunBefores.java:24)
	at org.junit.internal.runners.statements.RunAfters.evaluate(RunAfters.java:27)
	at org.junit.rules.ExpectedException$ExpectedExceptionStatement.evaluate(ExpectedException.java:239)
	at org.junit.rules.TestWatcher$1.evaluate(TestWatcher.java:55)
	at org.junit.rules.RunRules.evaluate(RunRules.java:20)
	at org.junit.runners.ParentRunner.runLeaf(ParentRunner.java:325)
	at org.junit.runners.BlockJUnit4ClassRunner.runChild(BlockJUnit4ClassRunner.java:78)
	at org.junit.runners.BlockJUnit4ClassRunner.runChild(BlockJUnit4ClassRunner.java:57)
	at org.junit.runners.ParentRunner$3.run(ParentRunner.java:290)
	at org.junit.runners.ParentRunner$1.schedule(ParentRunner.java:71)
	at org.junit.runners.ParentRunner.runChildren(ParentRunner.java:288)
	at org.junit.runners.ParentRunner.access$000(ParentRunner.java:58)
	at org.junit.runners.ParentRunner$2.evaluate(ParentRunner.java:268)
	at org.junit.runners.ParentRunner.run(ParentRunner.java:363)
	at org.apache.maven.surefire.junit4.JUnit4Provider.execute(JUnit4Provider.java:252)
	at org.apache.maven.surefire.junit4.JUnit4Provider.executeTestSet(JUnit4Provider.java:141)
	at org.apache.maven.surefire.junit4.JUnit4Provider.invoke(JUnit4Provider.java:112)
	at sun.reflect.NativeMethodAccessorImpl.invoke0(Native Method)
	at sun.reflect.NativeMethodAccessorImpl.invoke(NativeMethodAccessorImpl.java:62)
	at sun.reflect.DelegatingMethodAccessorImpl.invoke(DelegatingMethodAccessorImpl.java:43)
	at java.lang.reflect.Method.invoke(Method.java:498)
	at org.apache.maven.surefire.util.ReflectionUtils.invokeMethodWithArray(ReflectionUtils.java:189)
	at org.apache.maven.surefire.booter.ProviderFactory$ProviderProxy.invoke(ProviderFactory.java:165)
	at org.apache.maven.surefire.booter.ProviderFactory.invokeProvider(ProviderFactory.java:85)
	at org.apache.maven.surefire.booter.ForkedBooter.runSuitesInProcess(ForkedBooter.java:115)
	at org.apache.maven.surefire.booter.ForkedBooter.main(ForkedBooter.java:75)
Caused by: java.util.concurrent.ExecutionException: javax.ws.rs.ProcessingException: java.io.IOException: No such file or directory
	at jersey.repackaged.com.google.common.util.concurrent.AbstractFuture$Sync.getValue(AbstractFuture.java:299)
	at jersey.repackaged.com.google.common.util.concurrent.AbstractFuture$Sync.get(AbstractFuture.java:286)
	at jersey.repackaged.com.google.common.util.concurrent.AbstractFuture.get(AbstractFuture.java:116)
	at com.spotify.docker.client.DefaultDockerClient.request(DefaultDockerClient.java:2674)
	... 34 more
Caused by: javax.ws.rs.ProcessingException: java.io.IOException: No such file or directory
	at org.glassfish.jersey.apache.connector.ApacheConnector.apply(ApacheConnector.java:481)
	at org.glassfish.jersey.apache.connector.ApacheConnector$1.run(ApacheConnector.java:491)
	at java.util.concurrent.Executors$RunnableAdapter.call(Executors.java:511)
	at java.util.concurrent.FutureTask.run(FutureTask.java:266)
	at jersey.repackaged.com.google.common.util.concurrent.MoreExecutors$DirectExecutorService.execute(MoreExecutors.java:299)
	at java.util.concurrent.AbstractExecutorService.submit(AbstractExecutorService.java:112)
	at jersey.repackaged.com.google.common.util.concurrent.AbstractListeningExecutorService.submit(AbstractListeningExecutorService.java:50)
	at jersey.repackaged.com.google.common.util.concurrent.AbstractListeningExecutorService.submit(AbstractListeningExecutorService.java:37)
	at org.glassfish.jersey.apache.connector.ApacheConnector.apply(ApacheConnector.java:487)
	at org.glassfish.jersey.client.ClientRuntime$2.run(ClientRuntime.java:178)
	at org.glassfish.jersey.internal.Errors$1.call(Errors.java:271)
	at org.glassfish.jersey.internal.Errors$1.call(Errors.java:267)
	at org.glassfish.jersey.internal.Errors.process(Errors.java:315)
	at org.glassfish.jersey.internal.Errors.process(Errors.java:297)
	at org.glassfish.jersey.internal.Errors.process(Errors.java:267)
	at org.glassfish.jersey.process.internal.RequestScope.runInScope(RequestScope.java:340)
	at org.glassfish.jersey.client.ClientRuntime$3.run(ClientRuntime.java:210)
	at java.util.concurrent.Executors$RunnableAdapter.call(Executors.java:511)
	at java.util.concurrent.FutureTask.run(FutureTask.java:266)
	at java.util.concurrent.ThreadPoolExecutor.runWorker(ThreadPoolExecutor.java:1142)
	at java.util.concurrent.ThreadPoolExecutor$Worker.run(ThreadPoolExecutor.java:617)
	at java.lang.Thread.run(Thread.java:745)
Caused by: java.io.IOException: No such file or directory
	at jnr.unixsocket.UnixSocketChannel.doConnect(UnixSocketChannel.java:127)
	at jnr.unixsocket.UnixSocketChannel.connect(UnixSocketChannel.java:136)
	at jnr.unixsocket.UnixSocketChannel.connect(UnixSocketChannel.java:223)
	at com.spotify.docker.client.UnixConnectionSocketFactory.connectSocket(UnixConnectionSocketFactory.java:85)
	at org.apache.http.impl.conn.DefaultHttpClientConnectionOperator.connect(DefaultHttpClientConnectionOperator.java:134)
	at org.apache.http.impl.conn.PoolingHttpClientConnectionManager.connect(PoolingHttpClientConnectionManager.java:353)
	at org.apache.http.impl.execchain.MainClientExec.establishRoute(MainClientExec.java:380)
	at org.apache.http.impl.execchain.MainClientExec.execute(MainClientExec.java:236)
	at org.apache.http.impl.execchain.ProtocolExec.execute(ProtocolExec.java:184)
	at org.apache.http.impl.execchain.RetryExec.execute(RetryExec.java:88)
	at org.apache.http.impl.execchain.RedirectExec.execute(RedirectExec.java:110)
	at org.apache.http.impl.client.InternalHttpClient.doExecute(InternalHttpClient.java:184)
	at org.apache.http.impl.client.CloseableHttpClient.execute(CloseableHttpClient.java:71)
	at org.glassfish.jersey.apache.connector.ApacheConnector.apply(ApacheConnector.java:435)
	... 21 more
</error>
    <system-err>Jun 02, 2018 7:44:42 AM org.apache.http.impl.execchain.RetryExec execute
INFO: I/O exception (java.io.IOException) caught when processing request to {}-&gt;unix://localhost:80: No such file or directory
Jun 02, 2018 7:44:42 AM org.apache.http.impl.execchain.RetryExec execute
INFO: Retrying request to {}-&gt;unix://localhost:80
Jun 02, 2018 7:44:42 AM org.apache.http.impl.execchain.RetryExec execute
INFO: I/O exception (java.io.IOException) caught when processing request to {}-&gt;unix://localhost:80: No such file or directory
Jun 02, 2018 7:44:42 AM org.apache.http.impl.execchain.RetryExec execute
INFO: Retrying request to {}-&gt;unix://localhost:80
Jun 02, 2018 7:44:42 AM org.apache.http.impl.execchain.RetryExec execute
INFO: I/O exception (java.io.IOException) caught when processing request to {}-&gt;unix://localhost:80: No such file or directory
Jun 02, 2018 7:44:42 AM org.apache.http.impl.execchain.RetryExec execute
INFO: Retrying request to {}-&gt;unix://localhost:80
</system-err>
  </testcase>
  <testcase classname="com.spotify.docker.client.DefaultDockerClientTest" name="integrationTest" time="0.023">
    <error type="java.lang.NullPointerException">java.lang.NullPointerException
	at com.spotify.docker.client.VersionCompare.compareVersion(VersionCompare.java:45)
	at com.spotify.docker.client.DefaultDockerClientTest.dockerApiVersionAtLeast(DefaultDockerClientTest.java:404)
	at com.spotify.docker.client.DefaultDockerClientTest.tearDown(DefaultDockerClientTest.java:356)
	at sun.reflect.GeneratedMethodAccessor11.invoke(Unknown Source)
	at sun.reflect.DelegatingMethodAccessorImpl.invoke(DelegatingMethodAccessorImpl.java:43)
	at java.lang.reflect.Method.invoke(Method.java:498)
	at org.junit.runners.model.FrameworkMethod$1.runReflectiveCall(FrameworkMethod.java:50)
	at org.junit.internal.runners.model.ReflectiveCallable.run(ReflectiveCallable.java:12)
	at org.junit.runners.model.FrameworkMethod.invokeExplosively(FrameworkMethod.java:47)
	at org.junit.internal.runners.statements.RunAfters.evaluate(RunAfters.java:33)
	at org.junit.rules.ExpectedException$ExpectedExceptionStatement.evaluate(ExpectedException.java:239)
	at org.junit.rules.TestWatcher$1.evaluate(TestWatcher.java:55)
	at org.junit.rules.RunRules.evaluate(RunRules.java:20)
	at org.junit.runners.ParentRunner.runLeaf(ParentRunner.java:325)
	at org.junit.runners.BlockJUnit4ClassRunner.runChild(BlockJUnit4ClassRunner.java:78)
	at org.junit.runners.BlockJUnit4ClassRunner.runChild(BlockJUnit4ClassRunner.java:57)
	at org.junit.runners.ParentRunner$3.run(ParentRunner.java:290)
	at org.junit.runners.ParentRunner$1.schedule(ParentRunner.java:71)
	at org.junit.runners.ParentRunner.runChildren(ParentRunner.java:288)
	at org.junit.runners.ParentRunner.access$000(ParentRunner.java:58)
	at org.junit.runners.ParentRunner$2.evaluate(ParentRunner.java:268)
	at org.junit.runners.ParentRunner.run(ParentRunner.java:363)
	at org.apache.maven.surefire.junit4.JUnit4Provider.execute(JUnit4Provider.java:252)
	at org.apache.maven.surefire.junit4.JUnit4Provider.executeTestSet(JUnit4Provider.java:141)
	at org.apache.maven.surefire.junit4.JUnit4Provider.invoke(JUnit4Provider.java:112)
	at sun.reflect.NativeMethodAccessorImpl.invoke0(Native Method)
	at sun.reflect.NativeMethodAccessorImpl.invoke(NativeMethodAccessorImpl.java:62)
	at sun.reflect.DelegatingMethodAccessorImpl.invoke(DelegatingMethodAccessorImpl.java:43)
	at java.lang.reflect.Method.invoke(Method.java:498)
	at org.apache.maven.surefire.util.ReflectionUtils.invokeMethodWithArray(ReflectionUtils.java:189)
	at org.apache.maven.surefire.booter.ProviderFactory$ProviderProxy.invoke(ProviderFactory.java:165)
	at org.apache.maven.surefire.booter.ProviderFactory.invokeProvider(ProviderFactory.java:85)
	at org.apache.maven.surefire.booter.ForkedBooter.runSuitesInProcess(ForkedBooter.java:115)
	at org.apache.maven.surefire.booter.ForkedBooter.main(ForkedBooter.java:75)
</error>
  </testcase>
  <testcase classname="com.spotify.docker.client.DefaultDockerClientTest" name="testAnsiProgressHandler" time="0.022">
    <error message="java.util.concurrent.ExecutionException: javax.ws.rs.ProcessingException: java.io.IOException: No such file or directory" type="com.spotify.docker.client.exceptions.DockerException">com.spotify.docker.client.exceptions.DockerException: java.util.concurrent.ExecutionException: javax.ws.rs.ProcessingException: java.io.IOException: No such file or directory
	at com.spotify.docker.client.DefaultDockerClient.propagate(DefaultDockerClient.java:2812)
	at com.spotify.docker.client.DefaultDockerClient.request(DefaultDockerClient.java:2676)
	at com.spotify.docker.client.DefaultDockerClient.version(DefaultDockerClient.java:572)
	at com.spotify.docker.client.DefaultDockerClientTest.setup(DefaultDockerClientTest.java:349)
	at sun.reflect.GeneratedMethodAccessor10.invoke(Unknown Source)
	at sun.reflect.DelegatingMethodAccessorImpl.invoke(DelegatingMethodAccessorImpl.java:43)
	at java.lang.reflect.Method.invoke(Method.java:498)
	at org.junit.runners.model.FrameworkMethod$1.runReflectiveCall(FrameworkMethod.java:50)
	at org.junit.internal.runners.model.ReflectiveCallable.run(ReflectiveCallable.java:12)
	at org.junit.runners.model.FrameworkMethod.invokeExplosively(FrameworkMethod.java:47)
	at org.junit.internal.runners.statements.RunBefores.evaluate(RunBefores.java:24)
	at org.junit.internal.runners.statements.RunAfters.evaluate(RunAfters.java:27)
	at org.junit.rules.ExpectedException$ExpectedExceptionStatement.evaluate(ExpectedException.java:239)
	at org.junit.rules.TestWatcher$1.evaluate(TestWatcher.java:55)
	at org.junit.rules.RunRules.evaluate(RunRules.java:20)
	at org.junit.runners.ParentRunner.runLeaf(ParentRunner.java:325)
	at org.junit.runners.BlockJUnit4ClassRunner.runChild(BlockJUnit4ClassRunner.java:78)
	at org.junit.runners.BlockJUnit4ClassRunner.runChild(BlockJUnit4ClassRunner.java:57)
	at org.junit.runners.ParentRunner$3.run(ParentRunner.java:290)
	at org.junit.runners.ParentRunner$1.schedule(ParentRunner.java:71)
	at org.junit.runners.ParentRunner.runChildren(ParentRunner.java:288)
	at org.junit.runners.ParentRunner.access$000(ParentRunner.java:58)
	at org.junit.runners.ParentRunner$2.evaluate(ParentRunner.java:268)
	at org.junit.runners.ParentRunner.run(ParentRunner.java:363)
	at org.apache.maven.surefire.junit4.JUnit4Provider.execute(JUnit4Provider.java:252)
	at org.apache.maven.surefire.junit4.JUnit4Provider.executeTestSet(JUnit4Provider.java:141)
	at org.apache.maven.surefire.junit4.JUnit4Provider.invoke(JUnit4Provider.java:112)
	at sun.reflect.NativeMethodAccessorImpl.invoke0(Native Method)
	at sun.reflect.NativeMethodAccessorImpl.invoke(NativeMethodAccessorImpl.java:62)
	at sun.reflect.DelegatingMethodAccessorImpl.invoke(DelegatingMethodAccessorImpl.java:43)
	at java.lang.reflect.Method.invoke(Method.java:498)
	at org.apache.maven.surefire.util.ReflectionUtils.invokeMethodWithArray(ReflectionUtils.java:189)
	at org.apache.maven.surefire.booter.ProviderFactory$ProviderProxy.invoke(ProviderFactory.java:165)
	at org.apache.maven.surefire.booter.ProviderFactory.invokeProvider(ProviderFactory.java:85)
	at org.apache.maven.surefire.booter.ForkedBooter.runSuitesInProcess(ForkedBooter.java:115)
	at org.apache.maven.surefire.booter.ForkedBooter.main(ForkedBooter.java:75)
Caused by: java.util.concurrent.ExecutionException: javax.ws.rs.ProcessingException: java.io.IOException: No such file or directory
	at jersey.repackaged.com.google.common.util.concurrent.AbstractFuture$Sync.getValue(AbstractFuture.java:299)
	at jersey.repackaged.com.google.common.util.concurrent.AbstractFuture$Sync.get(AbstractFuture.java:286)
	at jersey.repackaged.com.google.common.util.concurrent.AbstractFuture.get(AbstractFuture.java:116)
	at com.spotify.docker.client.DefaultDockerClient.request(DefaultDockerClient.java:2674)
	... 34 more
Caused by: javax.ws.rs.ProcessingException: java.io.IOException: No such file or directory
	at org.glassfish.jersey.apache.connector.ApacheConnector.apply(ApacheConnector.java:481)
	at org.glassfish.jersey.apache.connector.ApacheConnector$1.run(ApacheConnector.java:491)
	at java.util.concurrent.Executors$RunnableAdapter.call(Executors.java:511)
	at java.util.concurrent.FutureTask.run(FutureTask.java:266)
	at jersey.repackaged.com.google.common.util.concurrent.MoreExecutors$DirectExecutorService.execute(MoreExecutors.java:299)
	at java.util.concurrent.AbstractExecutorService.submit(AbstractExecutorService.java:112)
	at jersey.repackaged.com.google.common.util.concurrent.AbstractListeningExecutorService.submit(AbstractListeningExecutorService.java:50)
	at jersey.repackaged.com.google.common.util.concurrent.AbstractListeningExecutorService.submit(AbstractListeningExecutorService.java:37)
	at org.glassfish.jersey.apache.connector.ApacheConnector.apply(ApacheConnector.java:487)
	at org.glassfish.jersey.client.ClientRuntime$2.run(ClientRuntime.java:178)
	at org.glassfish.jersey.internal.Errors$1.call(Errors.java:271)
	at org.glassfish.jersey.internal.Errors$1.call(Errors.java:267)
	at org.glassfish.jersey.internal.Errors.process(Errors.java:315)
	at org.glassfish.jersey.internal.Errors.process(Errors.java:297)
	at org.glassfish.jersey.internal.Errors.process(Errors.java:267)
	at org.glassfish.jersey.process.internal.RequestScope.runInScope(RequestScope.java:340)
	at org.glassfish.jersey.client.ClientRuntime$3.run(ClientRuntime.java:210)
	at java.util.concurrent.Executors$RunnableAdapter.call(Executors.java:511)
	at java.util.concurrent.FutureTask.run(FutureTask.java:266)
	at java.util.concurrent.ThreadPoolExecutor.runWorker(ThreadPoolExecutor.java:1142)
	at java.util.concurrent.ThreadPoolExecutor$Worker.run(ThreadPoolExecutor.java:617)
	at java.lang.Thread.run(Thread.java:745)
Caused by: java.io.IOException: No such file or directory
	at jnr.unixsocket.UnixSocketChannel.doConnect(UnixSocketChannel.java:127)
	at jnr.unixsocket.UnixSocketChannel.connect(UnixSocketChannel.java:136)
	at jnr.unixsocket.UnixSocketChannel.connect(UnixSocketChannel.java:223)
	at com.spotify.docker.client.UnixConnectionSocketFactory.connectSocket(UnixConnectionSocketFactory.java:85)
	at org.apache.http.impl.conn.DefaultHttpClientConnectionOperator.connect(DefaultHttpClientConnectionOperator.java:134)
	at org.apache.http.impl.conn.PoolingHttpClientConnectionManager.connect(PoolingHttpClientConnectionManager.java:353)
	at org.apache.http.impl.execchain.MainClientExec.establishRoute(MainClientExec.java:380)
	at org.apache.http.impl.execchain.MainClientExec.execute(MainClientExec.java:236)
	at org.apache.http.impl.execchain.ProtocolExec.execute(ProtocolExec.java:184)
	at org.apache.http.impl.execchain.RetryExec.execute(RetryExec.java:88)
	at org.apache.http.impl.execchain.RedirectExec.execute(RedirectExec.java:110)
	at org.apache.http.impl.client.InternalHttpClient.doExecute(InternalHttpClient.java:184)
	at org.apache.http.impl.client.CloseableHttpClient.execute(CloseableHttpClient.java:71)
	at org.glassfish.jersey.apache.connector.ApacheConnector.apply(ApacheConnector.java:435)
	... 21 more
</error>
    <system-err>Jun 02, 2018 7:44:42 AM org.apache.http.impl.execchain.RetryExec execute
INFO: I/O exception (java.io.IOException) caught when processing request to {}-&gt;unix://localhost:80: No such file or directory
Jun 02, 2018 7:44:42 AM org.apache.http.impl.execchain.RetryExec execute
INFO: Retrying request to {}-&gt;unix://localhost:80
Jun 02, 2018 7:44:42 AM org.apache.http.impl.execchain.RetryExec execute
INFO: I/O exception (java.io.IOException) caught when processing request to {}-&gt;unix://localhost:80: No such file or directory
Jun 02, 2018 7:44:42 AM org.apache.http.impl.execchain.RetryExec execute
INFO: Retrying request to {}-&gt;unix://localhost:80
Jun 02, 2018 7:44:42 AM org.apache.http.impl.execchain.RetryExec execute
INFO: I/O exception (java.io.IOException) caught when processing request to {}-&gt;unix://localhost:80: No such file or directory
Jun 02, 2018 7:44:42 AM org.apache.http.impl.execchain.RetryExec execute
INFO: Retrying request to {}-&gt;unix://localhost:80
</system-err>
  </testcase>
  <testcase classname="com.spotify.docker.client.DefaultDockerClientTest" name="testAnsiProgressHandler" time="0.022">
    <error type="java.lang.NullPointerException">java.lang.NullPointerException
	at com.spotify.docker.client.VersionCompare.compareVersion(VersionCompare.java:45)
	at com.spotify.docker.client.DefaultDockerClientTest.dockerApiVersionAtLeast(DefaultDockerClientTest.java:404)
	at com.spotify.docker.client.DefaultDockerClientTest.tearDown(DefaultDockerClientTest.java:356)
	at sun.reflect.GeneratedMethodAccessor11.invoke(Unknown Source)
	at sun.reflect.DelegatingMethodAccessorImpl.invoke(DelegatingMethodAccessorImpl.java:43)
	at java.lang.reflect.Method.invoke(Method.java:498)
	at org.junit.runners.model.FrameworkMethod$1.runReflectiveCall(FrameworkMethod.java:50)
	at org.junit.internal.runners.model.ReflectiveCallable.run(ReflectiveCallable.java:12)
	at org.junit.runners.model.FrameworkMethod.invokeExplosively(FrameworkMethod.java:47)
	at org.junit.internal.runners.statements.RunAfters.evaluate(RunAfters.java:33)
	at org.junit.rules.ExpectedException$ExpectedExceptionStatement.evaluate(ExpectedException.java:239)
	at org.junit.rules.TestWatcher$1.evaluate(TestWatcher.java:55)
	at org.junit.rules.RunRules.evaluate(RunRules.java:20)
	at org.junit.runners.ParentRunner.runLeaf(ParentRunner.java:325)
	at org.junit.runners.BlockJUnit4ClassRunner.runChild(BlockJUnit4ClassRunner.java:78)
	at org.junit.runners.BlockJUnit4ClassRunner.runChild(BlockJUnit4ClassRunner.java:57)
	at org.junit.runners.ParentRunner$3.run(ParentRunner.java:290)
	at org.junit.runners.ParentRunner$1.schedule(ParentRunner.java:71)
	at org.junit.runners.ParentRunner.runChildren(ParentRunner.java:288)
	at org.junit.runners.ParentRunner.access$000(ParentRunner.java:58)
	at org.junit.runners.ParentRunner$2.evaluate(ParentRunner.java:268)
	at org.junit.runners.ParentRunner.run(ParentRunner.java:363)
	at org.apache.maven.surefire.junit4.JUnit4Provider.execute(JUnit4Provider.java:252)
	at org.apache.maven.surefire.junit4.JUnit4Provider.executeTestSet(JUnit4Provider.java:141)
	at org.apache.maven.surefire.junit4.JUnit4Provider.invoke(JUnit4Provider.java:112)
	at sun.reflect.NativeMethodAccessorImpl.invoke0(Native Method)
	at sun.reflect.NativeMethodAccessorImpl.invoke(NativeMethodAccessorImpl.java:62)
	at sun.reflect.DelegatingMethodAccessorImpl.invoke(DelegatingMethodAccessorImpl.java:43)
	at java.lang.reflect.Method.invoke(Method.java:498)
	at org.apache.maven.surefire.util.ReflectionUtils.invokeMethodWithArray(ReflectionUtils.java:189)
	at org.apache.maven.surefire.booter.ProviderFactory$ProviderProxy.invoke(ProviderFactory.java:165)
	at org.apache.maven.surefire.booter.ProviderFactory.invokeProvider(ProviderFactory.java:85)
	at org.apache.maven.surefire.booter.ForkedBooter.runSuitesInProcess(ForkedBooter.java:115)
	at org.apache.maven.surefire.booter.ForkedBooter.main(ForkedBooter.java:75)
</error>
  </testcase>
  <testcase classname="com.spotify.docker.client.DefaultDockerClientTest" name="testCreateService" time="0.023">
    <error message="java.util.concurrent.ExecutionException: javax.ws.rs.ProcessingException: java.io.IOException: No such file or directory" type="com.spotify.docker.client.exceptions.DockerException">com.spotify.docker.client.exceptions.DockerException: java.util.concurrent.ExecutionException: javax.ws.rs.ProcessingException: java.io.IOException: No such file or directory
	at com.spotify.docker.client.DefaultDockerClient.propagate(DefaultDockerClient.java:2812)
	at com.spotify.docker.client.DefaultDockerClient.request(DefaultDockerClient.java:2676)
	at com.spotify.docker.client.DefaultDockerClient.version(DefaultDockerClient.java:572)
	at com.spotify.docker.client.DefaultDockerClientTest.setup(DefaultDockerClientTest.java:349)
	at sun.reflect.GeneratedMethodAccessor10.invoke(Unknown Source)
	at sun.reflect.DelegatingMethodAccessorImpl.invoke(DelegatingMethodAccessorImpl.java:43)
	at java.lang.reflect.Method.invoke(Method.java:498)
	at org.junit.runners.model.FrameworkMethod$1.runReflectiveCall(FrameworkMethod.java:50)
	at org.junit.internal.runners.model.ReflectiveCallable.run(ReflectiveCallable.java:12)
	at org.junit.runners.model.FrameworkMethod.invokeExplosively(FrameworkMethod.java:47)
	at org.junit.internal.runners.statements.RunBefores.evaluate(RunBefores.java:24)
	at org.junit.internal.runners.statements.RunAfters.evaluate(RunAfters.java:27)
	at org.junit.rules.ExpectedException$ExpectedExceptionStatement.evaluate(ExpectedException.java:239)
	at org.junit.rules.TestWatcher$1.evaluate(TestWatcher.java:55)
	at org.junit.rules.RunRules.evaluate(RunRules.java:20)
	at org.junit.runners.ParentRunner.runLeaf(ParentRunner.java:325)
	at org.junit.runners.BlockJUnit4ClassRunner.runChild(BlockJUnit4ClassRunner.java:78)
	at org.junit.runners.BlockJUnit4ClassRunner.runChild(BlockJUnit4ClassRunner.java:57)
	at org.junit.runners.ParentRunner$3.run(ParentRunner.java:290)
	at org.junit.runners.ParentRunner$1.schedule(ParentRunner.java:71)
	at org.junit.runners.ParentRunner.runChildren(ParentRunner.java:288)
	at org.junit.runners.ParentRunner.access$000(ParentRunner.java:58)
	at org.junit.runners.ParentRunner$2.evaluate(ParentRunner.java:268)
	at org.junit.runners.ParentRunner.run(ParentRunner.java:363)
	at org.apache.maven.surefire.junit4.JUnit4Provider.execute(JUnit4Provider.java:252)
	at org.apache.maven.surefire.junit4.JUnit4Provider.executeTestSet(JUnit4Provider.java:141)
	at org.apache.maven.surefire.junit4.JUnit4Provider.invoke(JUnit4Provider.java:112)
	at sun.reflect.NativeMethodAccessorImpl.invoke0(Native Method)
	at sun.reflect.NativeMethodAccessorImpl.invoke(NativeMethodAccessorImpl.java:62)
	at sun.reflect.DelegatingMethodAccessorImpl.invoke(DelegatingMethodAccessorImpl.java:43)
	at java.lang.reflect.Method.invoke(Method.java:498)
	at org.apache.maven.surefire.util.ReflectionUtils.invokeMethodWithArray(ReflectionUtils.java:189)
	at org.apache.maven.surefire.booter.ProviderFactory$ProviderProxy.invoke(ProviderFactory.java:165)
	at org.apache.maven.surefire.booter.ProviderFactory.invokeProvider(ProviderFactory.java:85)
	at org.apache.maven.surefire.booter.ForkedBooter.runSuitesInProcess(ForkedBooter.java:115)
	at org.apache.maven.surefire.booter.ForkedBooter.main(ForkedBooter.java:75)
Caused by: java.util.concurrent.ExecutionException: javax.ws.rs.ProcessingException: java.io.IOException: No such file or directory
	at jersey.repackaged.com.google.common.util.concurrent.AbstractFuture$Sync.getValue(AbstractFuture.java:299)
	at jersey.repackaged.com.google.common.util.concurrent.AbstractFuture$Sync.get(AbstractFuture.java:286)
	at jersey.repackaged.com.google.common.util.concurrent.AbstractFuture.get(AbstractFuture.java:116)
	at com.spotify.docker.client.DefaultDockerClient.request(DefaultDockerClient.java:2674)
	... 34 more
Caused by: javax.ws.rs.ProcessingException: java.io.IOException: No such file or directory
	at org.glassfish.jersey.apache.connector.ApacheConnector.apply(ApacheConnector.java:481)
	at org.glassfish.jersey.apache.connector.ApacheConnector$1.run(ApacheConnector.java:491)
	at java.util.concurrent.Executors$RunnableAdapter.call(Executors.java:511)
	at java.util.concurrent.FutureTask.run(FutureTask.java:266)
	at jersey.repackaged.com.google.common.util.concurrent.MoreExecutors$DirectExecutorService.execute(MoreExecutors.java:299)
	at java.util.concurrent.AbstractExecutorService.submit(AbstractExecutorService.java:112)
	at jersey.repackaged.com.google.common.util.concurrent.AbstractListeningExecutorService.submit(AbstractListeningExecutorService.java:50)
	at jersey.repackaged.com.google.common.util.concurrent.AbstractListeningExecutorService.submit(AbstractListeningExecutorService.java:37)
	at org.glassfish.jersey.apache.connector.ApacheConnector.apply(ApacheConnector.java:487)
	at org.glassfish.jersey.client.ClientRuntime$2.run(ClientRuntime.java:178)
	at org.glassfish.jersey.internal.Errors$1.call(Errors.java:271)
	at org.glassfish.jersey.internal.Errors$1.call(Errors.java:267)
	at org.glassfish.jersey.internal.Errors.process(Errors.java:315)
	at org.glassfish.jersey.internal.Errors.process(Errors.java:297)
	at org.glassfish.jersey.internal.Errors.process(Errors.java:267)
	at org.glassfish.jersey.process.internal.RequestScope.runInScope(RequestScope.java:340)
	at org.glassfish.jersey.client.ClientRuntime$3.run(ClientRuntime.java:210)
	at java.util.concurrent.Executors$RunnableAdapter.call(Executors.java:511)
	at java.util.concurrent.FutureTask.run(FutureTask.java:266)
	at java.util.concurrent.ThreadPoolExecutor.runWorker(ThreadPoolExecutor.java:1142)
	at java.util.concurrent.ThreadPoolExecutor$Worker.run(ThreadPoolExecutor.java:617)
	at java.lang.Thread.run(Thread.java:745)
Caused by: java.io.IOException: No such file or directory
	at jnr.unixsocket.UnixSocketChannel.doConnect(UnixSocketChannel.java:127)
	at jnr.unixsocket.UnixSocketChannel.connect(UnixSocketChannel.java:136)
	at jnr.unixsocket.UnixSocketChannel.connect(UnixSocketChannel.java:223)
	at com.spotify.docker.client.UnixConnectionSocketFactory.connectSocket(UnixConnectionSocketFactory.java:85)
	at org.apache.http.impl.conn.DefaultHttpClientConnectionOperator.connect(DefaultHttpClientConnectionOperator.java:134)
	at org.apache.http.impl.conn.PoolingHttpClientConnectionManager.connect(PoolingHttpClientConnectionManager.java:353)
	at org.apache.http.impl.execchain.MainClientExec.establishRoute(MainClientExec.java:380)
	at org.apache.http.impl.execchain.MainClientExec.execute(MainClientExec.java:236)
	at org.apache.http.impl.execchain.ProtocolExec.execute(ProtocolExec.java:184)
	at org.apache.http.impl.execchain.RetryExec.execute(RetryExec.java:88)
	at org.apache.http.impl.execchain.RedirectExec.execute(RedirectExec.java:110)
	at org.apache.http.impl.client.InternalHttpClient.doExecute(InternalHttpClient.java:184)
	at org.apache.http.impl.client.CloseableHttpClient.execute(CloseableHttpClient.java:71)
	at org.glassfish.jersey.apache.connector.ApacheConnector.apply(ApacheConnector.java:435)
	... 21 more
</error>
    <system-err>Jun 02, 2018 7:44:42 AM org.apache.http.impl.execchain.RetryExec execute
INFO: I/O exception (java.io.IOException) caught when processing request to {}-&gt;unix://localhost:80: No such file or directory
Jun 02, 2018 7:44:42 AM org.apache.http.impl.execchain.RetryExec execute
INFO: Retrying request to {}-&gt;unix://localhost:80
Jun 02, 2018 7:44:42 AM org.apache.http.impl.execchain.RetryExec execute
INFO: I/O exception (java.io.IOException) caught when processing request to {}-&gt;unix://localhost:80: No such file or directory
Jun 02, 2018 7:44:42 AM org.apache.http.impl.execchain.RetryExec execute
INFO: Retrying request to {}-&gt;unix://localhost:80
Jun 02, 2018 7:44:42 AM org.apache.http.impl.execchain.RetryExec execute
INFO: I/O exception (java.io.IOException) caught when processing request to {}-&gt;unix://localhost:80: No such file or directory
Jun 02, 2018 7:44:42 AM org.apache.http.impl.execchain.RetryExec execute
INFO: Retrying request to {}-&gt;unix://localhost:80
</system-err>
  </testcase>
  <testcase classname="com.spotify.docker.client.DefaultDockerClientTest" name="testCreateService" time="0.023">
    <error type="java.lang.NullPointerException">java.lang.NullPointerException
	at com.spotify.docker.client.VersionCompare.compareVersion(VersionCompare.java:45)
	at com.spotify.docker.client.DefaultDockerClientTest.dockerApiVersionAtLeast(DefaultDockerClientTest.java:404)
	at com.spotify.docker.client.DefaultDockerClientTest.tearDown(DefaultDockerClientTest.java:356)
	at sun.reflect.GeneratedMethodAccessor11.invoke(Unknown Source)
	at sun.reflect.DelegatingMethodAccessorImpl.invoke(DelegatingMethodAccessorImpl.java:43)
	at java.lang.reflect.Method.invoke(Method.java:498)
	at org.junit.runners.model.FrameworkMethod$1.runReflectiveCall(FrameworkMethod.java:50)
	at org.junit.internal.runners.model.ReflectiveCallable.run(ReflectiveCallable.java:12)
	at org.junit.runners.model.FrameworkMethod.invokeExplosively(FrameworkMethod.java:47)
	at org.junit.internal.runners.statements.RunAfters.evaluate(RunAfters.java:33)
	at org.junit.rules.ExpectedException$ExpectedExceptionStatement.evaluate(ExpectedException.java:239)
	at org.junit.rules.TestWatcher$1.evaluate(TestWatcher.java:55)
	at org.junit.rules.RunRules.evaluate(RunRules.java:20)
	at org.junit.runners.ParentRunner.runLeaf(ParentRunner.java:325)
	at org.junit.runners.BlockJUnit4ClassRunner.runChild(BlockJUnit4ClassRunner.java:78)
	at org.junit.runners.BlockJUnit4ClassRunner.runChild(BlockJUnit4ClassRunner.java:57)
	at org.junit.runners.ParentRunner$3.run(ParentRunner.java:290)
	at org.junit.runners.ParentRunner$1.schedule(ParentRunner.java:71)
	at org.junit.runners.ParentRunner.runChildren(ParentRunner.java:288)
	at org.junit.runners.ParentRunner.access$000(ParentRunner.java:58)
	at org.junit.runners.ParentRunner$2.evaluate(ParentRunner.java:268)
	at org.junit.runners.ParentRunner.run(ParentRunner.java:363)
	at org.apache.maven.surefire.junit4.JUnit4Provider.execute(JUnit4Provider.java:252)
	at org.apache.maven.surefire.junit4.JUnit4Provider.executeTestSet(JUnit4Provider.java:141)
	at org.apache.maven.surefire.junit4.JUnit4Provider.invoke(JUnit4Provider.java:112)
	at sun.reflect.NativeMethodAccessorImpl.invoke0(Native Method)
	at sun.reflect.NativeMethodAccessorImpl.invoke(NativeMethodAccessorImpl.java:62)
	at sun.reflect.DelegatingMethodAccessorImpl.invoke(DelegatingMethodAccessorImpl.java:43)
	at java.lang.reflect.Method.invoke(Method.java:498)
	at org.apache.maven.surefire.util.ReflectionUtils.invokeMethodWithArray(ReflectionUtils.java:189)
	at org.apache.maven.surefire.booter.ProviderFactory$ProviderProxy.invoke(ProviderFactory.java:165)
	at org.apache.maven.surefire.booter.ProviderFactory.invokeProvider(ProviderFactory.java:85)
	at org.apache.maven.surefire.booter.ForkedBooter.runSuitesInProcess(ForkedBooter.java:115)
	at org.apache.maven.surefire.booter.ForkedBooter.main(ForkedBooter.java:75)
</error>
  </testcase>
  <testcase classname="com.spotify.docker.client.DefaultDockerClientTest" name="testBuildNoCache" time="0.022">
    <error message="java.util.concurrent.ExecutionException: javax.ws.rs.ProcessingException: java.io.IOException: No such file or directory" type="com.spotify.docker.client.exceptions.DockerException">com.spotify.docker.client.exceptions.DockerException: java.util.concurrent.ExecutionException: javax.ws.rs.ProcessingException: java.io.IOException: No such file or directory
	at com.spotify.docker.client.DefaultDockerClient.propagate(DefaultDockerClient.java:2812)
	at com.spotify.docker.client.DefaultDockerClient.request(DefaultDockerClient.java:2676)
	at com.spotify.docker.client.DefaultDockerClient.version(DefaultDockerClient.java:572)
	at com.spotify.docker.client.DefaultDockerClientTest.setup(DefaultDockerClientTest.java:349)
	at sun.reflect.GeneratedMethodAccessor10.invoke(Unknown Source)
	at sun.reflect.DelegatingMethodAccessorImpl.invoke(DelegatingMethodAccessorImpl.java:43)
	at java.lang.reflect.Method.invoke(Method.java:498)
	at org.junit.runners.model.FrameworkMethod$1.runReflectiveCall(FrameworkMethod.java:50)
	at org.junit.internal.runners.model.ReflectiveCallable.run(ReflectiveCallable.java:12)
	at org.junit.runners.model.FrameworkMethod.invokeExplosively(FrameworkMethod.java:47)
	at org.junit.internal.runners.statements.RunBefores.evaluate(RunBefores.java:24)
	at org.junit.internal.runners.statements.RunAfters.evaluate(RunAfters.java:27)
	at org.junit.rules.ExpectedException$ExpectedExceptionStatement.evaluate(ExpectedException.java:239)
	at org.junit.rules.TestWatcher$1.evaluate(TestWatcher.java:55)
	at org.junit.rules.RunRules.evaluate(RunRules.java:20)
	at org.junit.runners.ParentRunner.runLeaf(ParentRunner.java:325)
	at org.junit.runners.BlockJUnit4ClassRunner.runChild(BlockJUnit4ClassRunner.java:78)
	at org.junit.runners.BlockJUnit4ClassRunner.runChild(BlockJUnit4ClassRunner.java:57)
	at org.junit.runners.ParentRunner$3.run(ParentRunner.java:290)
	at org.junit.runners.ParentRunner$1.schedule(ParentRunner.java:71)
	at org.junit.runners.ParentRunner.runChildren(ParentRunner.java:288)
	at org.junit.runners.ParentRunner.access$000(ParentRunner.java:58)
	at org.junit.runners.ParentRunner$2.evaluate(ParentRunner.java:268)
	at org.junit.runners.ParentRunner.run(ParentRunner.java:363)
	at org.apache.maven.surefire.junit4.JUnit4Provider.execute(JUnit4Provider.java:252)
	at org.apache.maven.surefire.junit4.JUnit4Provider.executeTestSet(JUnit4Provider.java:141)
	at org.apache.maven.surefire.junit4.JUnit4Provider.invoke(JUnit4Provider.java:112)
	at sun.reflect.NativeMethodAccessorImpl.invoke0(Native Method)
	at sun.reflect.NativeMethodAccessorImpl.invoke(NativeMethodAccessorImpl.java:62)
	at sun.reflect.DelegatingMethodAccessorImpl.invoke(DelegatingMethodAccessorImpl.java:43)
	at java.lang.reflect.Method.invoke(Method.java:498)
	at org.apache.maven.surefire.util.ReflectionUtils.invokeMethodWithArray(ReflectionUtils.java:189)
	at org.apache.maven.surefire.booter.ProviderFactory$ProviderProxy.invoke(ProviderFactory.java:165)
	at org.apache.maven.surefire.booter.ProviderFactory.invokeProvider(ProviderFactory.java:85)
	at org.apache.maven.surefire.booter.ForkedBooter.runSuitesInProcess(ForkedBooter.java:115)
	at org.apache.maven.surefire.booter.ForkedBooter.main(ForkedBooter.java:75)
Caused by: java.util.concurrent.ExecutionException: javax.ws.rs.ProcessingException: java.io.IOException: No such file or directory
	at jersey.repackaged.com.google.common.util.concurrent.AbstractFuture$Sync.getValue(AbstractFuture.java:299)
	at jersey.repackaged.com.google.common.util.concurrent.AbstractFuture$Sync.get(AbstractFuture.java:286)
	at jersey.repackaged.com.google.common.util.concurrent.AbstractFuture.get(AbstractFuture.java:116)
	at com.spotify.docker.client.DefaultDockerClient.request(DefaultDockerClient.java:2674)
	... 34 more
Caused by: javax.ws.rs.ProcessingException: java.io.IOException: No such file or directory
	at org.glassfish.jersey.apache.connector.ApacheConnector.apply(ApacheConnector.java:481)
	at org.glassfish.jersey.apache.connector.ApacheConnector$1.run(ApacheConnector.java:491)
	at java.util.concurrent.Executors$RunnableAdapter.call(Executors.java:511)
	at java.util.concurrent.FutureTask.run(FutureTask.java:266)
	at jersey.repackaged.com.google.common.util.concurrent.MoreExecutors$DirectExecutorService.execute(MoreExecutors.java:299)
	at java.util.concurrent.AbstractExecutorService.submit(AbstractExecutorService.java:112)
	at jersey.repackaged.com.google.common.util.concurrent.AbstractListeningExecutorService.submit(AbstractListeningExecutorService.java:50)
	at jersey.repackaged.com.google.common.util.concurrent.AbstractListeningExecutorService.submit(AbstractListeningExecutorService.java:37)
	at org.glassfish.jersey.apache.connector.ApacheConnector.apply(ApacheConnector.java:487)
	at org.glassfish.jersey.client.ClientRuntime$2.run(ClientRuntime.java:178)
	at org.glassfish.jersey.internal.Errors$1.call(Errors.java:271)
	at org.glassfish.jersey.internal.Errors$1.call(Errors.java:267)
	at org.glassfish.jersey.internal.Errors.process(Errors.java:315)
	at org.glassfish.jersey.internal.Errors.process(Errors.java:297)
	at org.glassfish.jersey.internal.Errors.process(Errors.java:267)
	at org.glassfish.jersey.process.internal.RequestScope.runInScope(RequestScope.java:340)
	at org.glassfish.jersey.client.ClientRuntime$3.run(ClientRuntime.java:210)
	at java.util.concurrent.Executors$RunnableAdapter.call(Executors.java:511)
	at java.util.concurrent.FutureTask.run(FutureTask.java:266)
	at java.util.concurrent.ThreadPoolExecutor.runWorker(ThreadPoolExecutor.java:1142)
	at java.util.concurrent.ThreadPoolExecutor$Worker.run(ThreadPoolExecutor.java:617)
	at java.lang.Thread.run(Thread.java:745)
Caused by: java.io.IOException: No such file or directory
	at jnr.unixsocket.UnixSocketChannel.doConnect(UnixSocketChannel.java:127)
	at jnr.unixsocket.UnixSocketChannel.connect(UnixSocketChannel.java:136)
	at jnr.unixsocket.UnixSocketChannel.connect(UnixSocketChannel.java:223)
	at com.spotify.docker.client.UnixConnectionSocketFactory.connectSocket(UnixConnectionSocketFactory.java:85)
	at org.apache.http.impl.conn.DefaultHttpClientConnectionOperator.connect(DefaultHttpClientConnectionOperator.java:134)
	at org.apache.http.impl.conn.PoolingHttpClientConnectionManager.connect(PoolingHttpClientConnectionManager.java:353)
	at org.apache.http.impl.execchain.MainClientExec.establishRoute(MainClientExec.java:380)
	at org.apache.http.impl.execchain.MainClientExec.execute(MainClientExec.java:236)
	at org.apache.http.impl.execchain.ProtocolExec.execute(ProtocolExec.java:184)
	at org.apache.http.impl.execchain.RetryExec.execute(RetryExec.java:88)
	at org.apache.http.impl.execchain.RedirectExec.execute(RedirectExec.java:110)
	at org.apache.http.impl.client.InternalHttpClient.doExecute(InternalHttpClient.java:184)
	at org.apache.http.impl.client.CloseableHttpClient.execute(CloseableHttpClient.java:71)
	at org.glassfish.jersey.apache.connector.ApacheConnector.apply(ApacheConnector.java:435)
	... 21 more
</error>
    <system-err>Jun 02, 2018 7:44:42 AM org.apache.http.impl.execchain.RetryExec execute
INFO: I/O exception (java.io.IOException) caught when processing request to {}-&gt;unix://localhost:80: No such file or directory
Jun 02, 2018 7:44:42 AM org.apache.http.impl.execchain.RetryExec execute
INFO: Retrying request to {}-&gt;unix://localhost:80
Jun 02, 2018 7:44:42 AM org.apache.http.impl.execchain.RetryExec execute
INFO: I/O exception (java.io.IOException) caught when processing request to {}-&gt;unix://localhost:80: No such file or directory
Jun 02, 2018 7:44:42 AM org.apache.http.impl.execchain.RetryExec execute
INFO: Retrying request to {}-&gt;unix://localhost:80
Jun 02, 2018 7:44:42 AM org.apache.http.impl.execchain.RetryExec execute
INFO: I/O exception (java.io.IOException) caught when processing request to {}-&gt;unix://localhost:80: No such file or directory
Jun 02, 2018 7:44:42 AM org.apache.http.impl.execchain.RetryExec execute
INFO: Retrying request to {}-&gt;unix://localhost:80
</system-err>
  </testcase>
  <testcase classname="com.spotify.docker.client.DefaultDockerClientTest" name="testBuildNoCache" time="0.022">
    <error type="java.lang.NullPointerException">java.lang.NullPointerException
	at com.spotify.docker.client.VersionCompare.compareVersion(VersionCompare.java:45)
	at com.spotify.docker.client.DefaultDockerClientTest.dockerApiVersionAtLeast(DefaultDockerClientTest.java:404)
	at com.spotify.docker.client.DefaultDockerClientTest.tearDown(DefaultDockerClientTest.java:356)
	at sun.reflect.GeneratedMethodAccessor11.invoke(Unknown Source)
	at sun.reflect.DelegatingMethodAccessorImpl.invoke(DelegatingMethodAccessorImpl.java:43)
	at java.lang.reflect.Method.invoke(Method.java:498)
	at org.junit.runners.model.FrameworkMethod$1.runReflectiveCall(FrameworkMethod.java:50)
	at org.junit.internal.runners.model.ReflectiveCallable.run(ReflectiveCallable.java:12)
	at org.junit.runners.model.FrameworkMethod.invokeExplosively(FrameworkMethod.java:47)
	at org.junit.internal.runners.statements.RunAfters.evaluate(RunAfters.java:33)
	at org.junit.rules.ExpectedException$ExpectedExceptionStatement.evaluate(ExpectedException.java:239)
	at org.junit.rules.TestWatcher$1.evaluate(TestWatcher.java:55)
	at org.junit.rules.RunRules.evaluate(RunRules.java:20)
	at org.junit.runners.ParentRunner.runLeaf(ParentRunner.java:325)
	at org.junit.runners.BlockJUnit4ClassRunner.runChild(BlockJUnit4ClassRunner.java:78)
	at org.junit.runners.BlockJUnit4ClassRunner.runChild(BlockJUnit4ClassRunner.java:57)
	at org.junit.runners.ParentRunner$3.run(ParentRunner.java:290)
	at org.junit.runners.ParentRunner$1.schedule(ParentRunner.java:71)
	at org.junit.runners.ParentRunner.runChildren(ParentRunner.java:288)
	at org.junit.runners.ParentRunner.access$000(ParentRunner.java:58)
	at org.junit.runners.ParentRunner$2.evaluate(ParentRunner.java:268)
	at org.junit.runners.ParentRunner.run(ParentRunner.java:363)
	at org.apache.maven.surefire.junit4.JUnit4Provider.execute(JUnit4Provider.java:252)
	at org.apache.maven.surefire.junit4.JUnit4Provider.executeTestSet(JUnit4Provider.java:141)
	at org.apache.maven.surefire.junit4.JUnit4Provider.invoke(JUnit4Provider.java:112)
	at sun.reflect.NativeMethodAccessorImpl.invoke0(Native Method)
	at sun.reflect.NativeMethodAccessorImpl.invoke(NativeMethodAccessorImpl.java:62)
	at sun.reflect.DelegatingMethodAccessorImpl.invoke(DelegatingMethodAccessorImpl.java:43)
	at java.lang.reflect.Method.invoke(Method.java:498)
	at org.apache.maven.surefire.util.ReflectionUtils.invokeMethodWithArray(ReflectionUtils.java:189)
	at org.apache.maven.surefire.booter.ProviderFactory$ProviderProxy.invoke(ProviderFactory.java:165)
	at org.apache.maven.surefire.booter.ProviderFactory.invokeProvider(ProviderFactory.java:85)
	at org.apache.maven.surefire.booter.ForkedBooter.runSuitesInProcess(ForkedBooter.java:115)
	at org.apache.maven.surefire.booter.ForkedBooter.main(ForkedBooter.java:75)
</error>
  </testcase>
  <testcase classname="com.spotify.docker.client.DefaultDockerClientTest" name="testMountTmpfsOptions" time="0.022">
    <error message="java.util.concurrent.ExecutionException: javax.ws.rs.ProcessingException: java.io.IOException: No such file or directory" type="com.spotify.docker.client.exceptions.DockerException">com.spotify.docker.client.exceptions.DockerException: java.util.concurrent.ExecutionException: javax.ws.rs.ProcessingException: java.io.IOException: No such file or directory
	at com.spotify.docker.client.DefaultDockerClient.propagate(DefaultDockerClient.java:2812)
	at com.spotify.docker.client.DefaultDockerClient.request(DefaultDockerClient.java:2676)
	at com.spotify.docker.client.DefaultDockerClient.version(DefaultDockerClient.java:572)
	at com.spotify.docker.client.DefaultDockerClientTest.setup(DefaultDockerClientTest.java:349)
	at sun.reflect.GeneratedMethodAccessor10.invoke(Unknown Source)
	at sun.reflect.DelegatingMethodAccessorImpl.invoke(DelegatingMethodAccessorImpl.java:43)
	at java.lang.reflect.Method.invoke(Method.java:498)
	at org.junit.runners.model.FrameworkMethod$1.runReflectiveCall(FrameworkMethod.java:50)
	at org.junit.internal.runners.model.ReflectiveCallable.run(ReflectiveCallable.java:12)
	at org.junit.runners.model.FrameworkMethod.invokeExplosively(FrameworkMethod.java:47)
	at org.junit.internal.runners.statements.RunBefores.evaluate(RunBefores.java:24)
	at org.junit.internal.runners.statements.RunAfters.evaluate(RunAfters.java:27)
	at org.junit.rules.ExpectedException$ExpectedExceptionStatement.evaluate(ExpectedException.java:239)
	at org.junit.rules.TestWatcher$1.evaluate(TestWatcher.java:55)
	at org.junit.rules.RunRules.evaluate(RunRules.java:20)
	at org.junit.runners.ParentRunner.runLeaf(ParentRunner.java:325)
	at org.junit.runners.BlockJUnit4ClassRunner.runChild(BlockJUnit4ClassRunner.java:78)
	at org.junit.runners.BlockJUnit4ClassRunner.runChild(BlockJUnit4ClassRunner.java:57)
	at org.junit.runners.ParentRunner$3.run(ParentRunner.java:290)
	at org.junit.runners.ParentRunner$1.schedule(ParentRunner.java:71)
	at org.junit.runners.ParentRunner.runChildren(ParentRunner.java:288)
	at org.junit.runners.ParentRunner.access$000(ParentRunner.java:58)
	at org.junit.runners.ParentRunner$2.evaluate(ParentRunner.java:268)
	at org.junit.runners.ParentRunner.run(ParentRunner.java:363)
	at org.apache.maven.surefire.junit4.JUnit4Provider.execute(JUnit4Provider.java:252)
	at org.apache.maven.surefire.junit4.JUnit4Provider.executeTestSet(JUnit4Provider.java:141)
	at org.apache.maven.surefire.junit4.JUnit4Provider.invoke(JUnit4Provider.java:112)
	at sun.reflect.NativeMethodAccessorImpl.invoke0(Native Method)
	at sun.reflect.NativeMethodAccessorImpl.invoke(NativeMethodAccessorImpl.java:62)
	at sun.reflect.DelegatingMethodAccessorImpl.invoke(DelegatingMethodAccessorImpl.java:43)
	at java.lang.reflect.Method.invoke(Method.java:498)
	at org.apache.maven.surefire.util.ReflectionUtils.invokeMethodWithArray(ReflectionUtils.java:189)
	at org.apache.maven.surefire.booter.ProviderFactory$ProviderProxy.invoke(ProviderFactory.java:165)
	at org.apache.maven.surefire.booter.ProviderFactory.invokeProvider(ProviderFactory.java:85)
	at org.apache.maven.surefire.booter.ForkedBooter.runSuitesInProcess(ForkedBooter.java:115)
	at org.apache.maven.surefire.booter.ForkedBooter.main(ForkedBooter.java:75)
Caused by: java.util.concurrent.ExecutionException: javax.ws.rs.ProcessingException: java.io.IOException: No such file or directory
	at jersey.repackaged.com.google.common.util.concurrent.AbstractFuture$Sync.getValue(AbstractFuture.java:299)
	at jersey.repackaged.com.google.common.util.concurrent.AbstractFuture$Sync.get(AbstractFuture.java:286)
	at jersey.repackaged.com.google.common.util.concurrent.AbstractFuture.get(AbstractFuture.java:116)
	at com.spotify.docker.client.DefaultDockerClient.request(DefaultDockerClient.java:2674)
	... 34 more
Caused by: javax.ws.rs.ProcessingException: java.io.IOException: No such file or directory
	at org.glassfish.jersey.apache.connector.ApacheConnector.apply(ApacheConnector.java:481)
	at org.glassfish.jersey.apache.connector.ApacheConnector$1.run(ApacheConnector.java:491)
	at java.util.concurrent.Executors$RunnableAdapter.call(Executors.java:511)
	at java.util.concurrent.FutureTask.run(FutureTask.java:266)
	at jersey.repackaged.com.google.common.util.concurrent.MoreExecutors$DirectExecutorService.execute(MoreExecutors.java:299)
	at java.util.concurrent.AbstractExecutorService.submit(AbstractExecutorService.java:112)
	at jersey.repackaged.com.google.common.util.concurrent.AbstractListeningExecutorService.submit(AbstractListeningExecutorService.java:50)
	at jersey.repackaged.com.google.common.util.concurrent.AbstractListeningExecutorService.submit(AbstractListeningExecutorService.java:37)
	at org.glassfish.jersey.apache.connector.ApacheConnector.apply(ApacheConnector.java:487)
	at org.glassfish.jersey.client.ClientRuntime$2.run(ClientRuntime.java:178)
	at org.glassfish.jersey.internal.Errors$1.call(Errors.java:271)
	at org.glassfish.jersey.internal.Errors$1.call(Errors.java:267)
	at org.glassfish.jersey.internal.Errors.process(Errors.java:315)
	at org.glassfish.jersey.internal.Errors.process(Errors.java:297)
	at org.glassfish.jersey.internal.Errors.process(Errors.java:267)
	at org.glassfish.jersey.process.internal.RequestScope.runInScope(RequestScope.java:340)
	at org.glassfish.jersey.client.ClientRuntime$3.run(ClientRuntime.java:210)
	at java.util.concurrent.Executors$RunnableAdapter.call(Executors.java:511)
	at java.util.concurrent.FutureTask.run(FutureTask.java:266)
	at java.util.concurrent.ThreadPoolExecutor.runWorker(ThreadPoolExecutor.java:1142)
	at java.util.concurrent.ThreadPoolExecutor$Worker.run(ThreadPoolExecutor.java:617)
	at java.lang.Thread.run(Thread.java:745)
Caused by: java.io.IOException: No such file or directory
	at jnr.unixsocket.UnixSocketChannel.doConnect(UnixSocketChannel.java:127)
	at jnr.unixsocket.UnixSocketChannel.connect(UnixSocketChannel.java:136)
	at jnr.unixsocket.UnixSocketChannel.connect(UnixSocketChannel.java:223)
	at com.spotify.docker.client.UnixConnectionSocketFactory.connectSocket(UnixConnectionSocketFactory.java:85)
	at org.apache.http.impl.conn.DefaultHttpClientConnectionOperator.connect(DefaultHttpClientConnectionOperator.java:134)
	at org.apache.http.impl.conn.PoolingHttpClientConnectionManager.connect(PoolingHttpClientConnectionManager.java:353)
	at org.apache.http.impl.execchain.MainClientExec.establishRoute(MainClientExec.java:380)
	at org.apache.http.impl.execchain.MainClientExec.execute(MainClientExec.java:236)
	at org.apache.http.impl.execchain.ProtocolExec.execute(ProtocolExec.java:184)
	at org.apache.http.impl.execchain.RetryExec.execute(RetryExec.java:88)
	at org.apache.http.impl.execchain.RedirectExec.execute(RedirectExec.java:110)
	at org.apache.http.impl.client.InternalHttpClient.doExecute(InternalHttpClient.java:184)
	at org.apache.http.impl.client.CloseableHttpClient.execute(CloseableHttpClient.java:71)
	at org.glassfish.jersey.apache.connector.ApacheConnector.apply(ApacheConnector.java:435)
	... 21 more
</error>
    <system-err>Jun 02, 2018 7:44:42 AM org.apache.http.impl.execchain.RetryExec execute
INFO: I/O exception (java.io.IOException) caught when processing request to {}-&gt;unix://localhost:80: No such file or directory
Jun 02, 2018 7:44:42 AM org.apache.http.impl.execchain.RetryExec execute
INFO: Retrying request to {}-&gt;unix://localhost:80
Jun 02, 2018 7:44:42 AM org.apache.http.impl.execchain.RetryExec execute
INFO: I/O exception (java.io.IOException) caught when processing request to {}-&gt;unix://localhost:80: No such file or directory
Jun 02, 2018 7:44:42 AM org.apache.http.impl.execchain.RetryExec execute
INFO: Retrying request to {}-&gt;unix://localhost:80
Jun 02, 2018 7:44:42 AM org.apache.http.impl.execchain.RetryExec execute
INFO: I/O exception (java.io.IOException) caught when processing request to {}-&gt;unix://localhost:80: No such file or directory
Jun 02, 2018 7:44:42 AM org.apache.http.impl.execchain.RetryExec execute
INFO: Retrying request to {}-&gt;unix://localhost:80
</system-err>
  </testcase>
  <testcase classname="com.spotify.docker.client.DefaultDockerClientTest" name="testMountTmpfsOptions" time="0.022">
    <error type="java.lang.NullPointerException">java.lang.NullPointerException
	at com.spotify.docker.client.VersionCompare.compareVersion(VersionCompare.java:45)
	at com.spotify.docker.client.DefaultDockerClientTest.dockerApiVersionAtLeast(DefaultDockerClientTest.java:404)
	at com.spotify.docker.client.DefaultDockerClientTest.tearDown(DefaultDockerClientTest.java:356)
	at sun.reflect.GeneratedMethodAccessor11.invoke(Unknown Source)
	at sun.reflect.DelegatingMethodAccessorImpl.invoke(DelegatingMethodAccessorImpl.java:43)
	at java.lang.reflect.Method.invoke(Method.java:498)
	at org.junit.runners.model.FrameworkMethod$1.runReflectiveCall(FrameworkMethod.java:50)
	at org.junit.internal.runners.model.ReflectiveCallable.run(ReflectiveCallable.java:12)
	at org.junit.runners.model.FrameworkMethod.invokeExplosively(FrameworkMethod.java:47)
	at org.junit.internal.runners.statements.RunAfters.evaluate(RunAfters.java:33)
	at org.junit.rules.ExpectedException$ExpectedExceptionStatement.evaluate(ExpectedException.java:239)
	at org.junit.rules.TestWatcher$1.evaluate(TestWatcher.java:55)
	at org.junit.rules.RunRules.evaluate(RunRules.java:20)
	at org.junit.runners.ParentRunner.runLeaf(ParentRunner.java:325)
	at org.junit.runners.BlockJUnit4ClassRunner.runChild(BlockJUnit4ClassRunner.java:78)
	at org.junit.runners.BlockJUnit4ClassRunner.runChild(BlockJUnit4ClassRunner.java:57)
	at org.junit.runners.ParentRunner$3.run(ParentRunner.java:290)
	at org.junit.runners.ParentRunner$1.schedule(ParentRunner.java:71)
	at org.junit.runners.ParentRunner.runChildren(ParentRunner.java:288)
	at org.junit.runners.ParentRunner.access$000(ParentRunner.java:58)
	at org.junit.runners.ParentRunner$2.evaluate(ParentRunner.java:268)
	at org.junit.runners.ParentRunner.run(ParentRunner.java:363)
	at org.apache.maven.surefire.junit4.JUnit4Provider.execute(JUnit4Provider.java:252)
	at org.apache.maven.surefire.junit4.JUnit4Provider.executeTestSet(JUnit4Provider.java:141)
	at org.apache.maven.surefire.junit4.JUnit4Provider.invoke(JUnit4Provider.java:112)
	at sun.reflect.NativeMethodAccessorImpl.invoke0(Native Method)
	at sun.reflect.NativeMethodAccessorImpl.invoke(NativeMethodAccessorImpl.java:62)
	at sun.reflect.DelegatingMethodAccessorImpl.invoke(DelegatingMethodAccessorImpl.java:43)
	at java.lang.reflect.Method.invoke(Method.java:498)
	at org.apache.maven.surefire.util.ReflectionUtils.invokeMethodWithArray(ReflectionUtils.java:189)
	at org.apache.maven.surefire.booter.ProviderFactory$ProviderProxy.invoke(ProviderFactory.java:165)
	at org.apache.maven.surefire.booter.ProviderFactory.invokeProvider(ProviderFactory.java:85)
	at org.apache.maven.surefire.booter.ForkedBooter.runSuitesInProcess(ForkedBooter.java:115)
	at org.apache.maven.surefire.booter.ForkedBooter.main(ForkedBooter.java:75)
</error>
  </testcase>
  <testcase classname="com.spotify.docker.client.DefaultDockerClientTest" name="testBuildImageIdWithAuth" time="0.027">
    <error message="java.util.concurrent.ExecutionException: javax.ws.rs.ProcessingException: java.io.IOException: No such file or directory" type="com.spotify.docker.client.exceptions.DockerException">com.spotify.docker.client.exceptions.DockerException: java.util.concurrent.ExecutionException: javax.ws.rs.ProcessingException: java.io.IOException: No such file or directory
	at com.spotify.docker.client.DefaultDockerClient.propagate(DefaultDockerClient.java:2812)
	at com.spotify.docker.client.DefaultDockerClient.request(DefaultDockerClient.java:2676)
	at com.spotify.docker.client.DefaultDockerClient.version(DefaultDockerClient.java:572)
	at com.spotify.docker.client.DefaultDockerClientTest.setup(DefaultDockerClientTest.java:349)
	at sun.reflect.GeneratedMethodAccessor10.invoke(Unknown Source)
	at sun.reflect.DelegatingMethodAccessorImpl.invoke(DelegatingMethodAccessorImpl.java:43)
	at java.lang.reflect.Method.invoke(Method.java:498)
	at org.junit.runners.model.FrameworkMethod$1.runReflectiveCall(FrameworkMethod.java:50)
	at org.junit.internal.runners.model.ReflectiveCallable.run(ReflectiveCallable.java:12)
	at org.junit.runners.model.FrameworkMethod.invokeExplosively(FrameworkMethod.java:47)
	at org.junit.internal.runners.statements.RunBefores.evaluate(RunBefores.java:24)
	at org.junit.internal.runners.statements.RunAfters.evaluate(RunAfters.java:27)
	at org.junit.rules.ExpectedException$ExpectedExceptionStatement.evaluate(ExpectedException.java:239)
	at org.junit.rules.TestWatcher$1.evaluate(TestWatcher.java:55)
	at org.junit.rules.RunRules.evaluate(RunRules.java:20)
	at org.junit.runners.ParentRunner.runLeaf(ParentRunner.java:325)
	at org.junit.runners.BlockJUnit4ClassRunner.runChild(BlockJUnit4ClassRunner.java:78)
	at org.junit.runners.BlockJUnit4ClassRunner.runChild(BlockJUnit4ClassRunner.java:57)
	at org.junit.runners.ParentRunner$3.run(ParentRunner.java:290)
	at org.junit.runners.ParentRunner$1.schedule(ParentRunner.java:71)
	at org.junit.runners.ParentRunner.runChildren(ParentRunner.java:288)
	at org.junit.runners.ParentRunner.access$000(ParentRunner.java:58)
	at org.junit.runners.ParentRunner$2.evaluate(ParentRunner.java:268)
	at org.junit.runners.ParentRunner.run(ParentRunner.java:363)
	at org.apache.maven.surefire.junit4.JUnit4Provider.execute(JUnit4Provider.java:252)
	at org.apache.maven.surefire.junit4.JUnit4Provider.executeTestSet(JUnit4Provider.java:141)
	at org.apache.maven.surefire.junit4.JUnit4Provider.invoke(JUnit4Provider.java:112)
	at sun.reflect.NativeMethodAccessorImpl.invoke0(Native Method)
	at sun.reflect.NativeMethodAccessorImpl.invoke(NativeMethodAccessorImpl.java:62)
	at sun.reflect.DelegatingMethodAccessorImpl.invoke(DelegatingMethodAccessorImpl.java:43)
	at java.lang.reflect.Method.invoke(Method.java:498)
	at org.apache.maven.surefire.util.ReflectionUtils.invokeMethodWithArray(ReflectionUtils.java:189)
	at org.apache.maven.surefire.booter.ProviderFactory$ProviderProxy.invoke(ProviderFactory.java:165)
	at org.apache.maven.surefire.booter.ProviderFactory.invokeProvider(ProviderFactory.java:85)
	at org.apache.maven.surefire.booter.ForkedBooter.runSuitesInProcess(ForkedBooter.java:115)
	at org.apache.maven.surefire.booter.ForkedBooter.main(ForkedBooter.java:75)
Caused by: java.util.concurrent.ExecutionException: javax.ws.rs.ProcessingException: java.io.IOException: No such file or directory
	at jersey.repackaged.com.google.common.util.concurrent.AbstractFuture$Sync.getValue(AbstractFuture.java:299)
	at jersey.repackaged.com.google.common.util.concurrent.AbstractFuture$Sync.get(AbstractFuture.java:286)
	at jersey.repackaged.com.google.common.util.concurrent.AbstractFuture.get(AbstractFuture.java:116)
	at com.spotify.docker.client.DefaultDockerClient.request(DefaultDockerClient.java:2674)
	... 34 more
Caused by: javax.ws.rs.ProcessingException: java.io.IOException: No such file or directory
	at org.glassfish.jersey.apache.connector.ApacheConnector.apply(ApacheConnector.java:481)
	at org.glassfish.jersey.apache.connector.ApacheConnector$1.run(ApacheConnector.java:491)
	at java.util.concurrent.Executors$RunnableAdapter.call(Executors.java:511)
	at java.util.concurrent.FutureTask.run(FutureTask.java:266)
	at jersey.repackaged.com.google.common.util.concurrent.MoreExecutors$DirectExecutorService.execute(MoreExecutors.java:299)
	at java.util.concurrent.AbstractExecutorService.submit(AbstractExecutorService.java:112)
	at jersey.repackaged.com.google.common.util.concurrent.AbstractListeningExecutorService.submit(AbstractListeningExecutorService.java:50)
	at jersey.repackaged.com.google.common.util.concurrent.AbstractListeningExecutorService.submit(AbstractListeningExecutorService.java:37)
	at org.glassfish.jersey.apache.connector.ApacheConnector.apply(ApacheConnector.java:487)
	at org.glassfish.jersey.client.ClientRuntime$2.run(ClientRuntime.java:178)
	at org.glassfish.jersey.internal.Errors$1.call(Errors.java:271)
	at org.glassfish.jersey.internal.Errors$1.call(Errors.java:267)
	at org.glassfish.jersey.internal.Errors.process(Errors.java:315)
	at org.glassfish.jersey.internal.Errors.process(Errors.java:297)
	at org.glassfish.jersey.internal.Errors.process(Errors.java:267)
	at org.glassfish.jersey.process.internal.RequestScope.runInScope(RequestScope.java:340)
	at org.glassfish.jersey.client.ClientRuntime$3.run(ClientRuntime.java:210)
	at java.util.concurrent.Executors$RunnableAdapter.call(Executors.java:511)
	at java.util.concurrent.FutureTask.run(FutureTask.java:266)
	at java.util.concurrent.ThreadPoolExecutor.runWorker(ThreadPoolExecutor.java:1142)
	at java.util.concurrent.ThreadPoolExecutor$Worker.run(ThreadPoolExecutor.java:617)
	at java.lang.Thread.run(Thread.java:745)
Caused by: java.io.IOException: No such file or directory
	at jnr.unixsocket.UnixSocketChannel.doConnect(UnixSocketChannel.java:127)
	at jnr.unixsocket.UnixSocketChannel.connect(UnixSocketChannel.java:136)
	at jnr.unixsocket.UnixSocketChannel.connect(UnixSocketChannel.java:223)
	at com.spotify.docker.client.UnixConnectionSocketFactory.connectSocket(UnixConnectionSocketFactory.java:85)
	at org.apache.http.impl.conn.DefaultHttpClientConnectionOperator.connect(DefaultHttpClientConnectionOperator.java:134)
	at org.apache.http.impl.conn.PoolingHttpClientConnectionManager.connect(PoolingHttpClientConnectionManager.java:353)
	at org.apache.http.impl.execchain.MainClientExec.establishRoute(MainClientExec.java:380)
	at org.apache.http.impl.execchain.MainClientExec.execute(MainClientExec.java:236)
	at org.apache.http.impl.execchain.ProtocolExec.execute(ProtocolExec.java:184)
	at org.apache.http.impl.execchain.RetryExec.execute(RetryExec.java:88)
	at org.apache.http.impl.execchain.RedirectExec.execute(RedirectExec.java:110)
	at org.apache.http.impl.client.InternalHttpClient.doExecute(InternalHttpClient.java:184)
	at org.apache.http.impl.client.CloseableHttpClient.execute(CloseableHttpClient.java:71)
	at org.glassfish.jersey.apache.connector.ApacheConnector.apply(ApacheConnector.java:435)
	... 21 more
</error>
    <system-err>Jun 02, 2018 7:44:42 AM org.apache.http.impl.execchain.RetryExec execute
INFO: I/O exception (java.io.IOException) caught when processing request to {}-&gt;unix://localhost:80: No such file or directory
Jun 02, 2018 7:44:42 AM org.apache.http.impl.execchain.RetryExec execute
INFO: Retrying request to {}-&gt;unix://localhost:80
Jun 02, 2018 7:44:42 AM org.apache.http.impl.execchain.RetryExec execute
INFO: I/O exception (java.io.IOException) caught when processing request to {}-&gt;unix://localhost:80: No such file or directory
Jun 02, 2018 7:44:42 AM org.apache.http.impl.execchain.RetryExec execute
INFO: Retrying request to {}-&gt;unix://localhost:80
Jun 02, 2018 7:44:42 AM org.apache.http.impl.execchain.RetryExec execute
INFO: I/O exception (java.io.IOException) caught when processing request to {}-&gt;unix://localhost:80: No such file or directory
Jun 02, 2018 7:44:42 AM org.apache.http.impl.execchain.RetryExec execute
INFO: Retrying request to {}-&gt;unix://localhost:80
</system-err>
  </testcase>
  <testcase classname="com.spotify.docker.client.DefaultDockerClientTest" name="testBuildImageIdWithAuth" time="0.027">
    <error type="java.lang.NullPointerException">java.lang.NullPointerException
	at com.spotify.docker.client.VersionCompare.compareVersion(VersionCompare.java:45)
	at com.spotify.docker.client.DefaultDockerClientTest.dockerApiVersionAtLeast(DefaultDockerClientTest.java:404)
	at com.spotify.docker.client.DefaultDockerClientTest.tearDown(DefaultDockerClientTest.java:356)
	at sun.reflect.GeneratedMethodAccessor11.invoke(Unknown Source)
	at sun.reflect.DelegatingMethodAccessorImpl.invoke(DelegatingMethodAccessorImpl.java:43)
	at java.lang.reflect.Method.invoke(Method.java:498)
	at org.junit.runners.model.FrameworkMethod$1.runReflectiveCall(FrameworkMethod.java:50)
	at org.junit.internal.runners.model.ReflectiveCallable.run(ReflectiveCallable.java:12)
	at org.junit.runners.model.FrameworkMethod.invokeExplosively(FrameworkMethod.java:47)
	at org.junit.internal.runners.statements.RunAfters.evaluate(RunAfters.java:33)
	at org.junit.rules.ExpectedException$ExpectedExceptionStatement.evaluate(ExpectedException.java:239)
	at org.junit.rules.TestWatcher$1.evaluate(TestWatcher.java:55)
	at org.junit.rules.RunRules.evaluate(RunRules.java:20)
	at org.junit.runners.ParentRunner.runLeaf(ParentRunner.java:325)
	at org.junit.runners.BlockJUnit4ClassRunner.runChild(BlockJUnit4ClassRunner.java:78)
	at org.junit.runners.BlockJUnit4ClassRunner.runChild(BlockJUnit4ClassRunner.java:57)
	at org.junit.runners.ParentRunner$3.run(ParentRunner.java:290)
	at org.junit.runners.ParentRunner$1.schedule(ParentRunner.java:71)
	at org.junit.runners.ParentRunner.runChildren(ParentRunner.java:288)
	at org.junit.runners.ParentRunner.access$000(ParentRunner.java:58)
	at org.junit.runners.ParentRunner$2.evaluate(ParentRunner.java:268)
	at org.junit.runners.ParentRunner.run(ParentRunner.java:363)
	at org.apache.maven.surefire.junit4.JUnit4Provider.execute(JUnit4Provider.java:252)
	at org.apache.maven.surefire.junit4.JUnit4Provider.executeTestSet(JUnit4Provider.java:141)
	at org.apache.maven.surefire.junit4.JUnit4Provider.invoke(JUnit4Provider.java:112)
	at sun.reflect.NativeMethodAccessorImpl.invoke0(Native Method)
	at sun.reflect.NativeMethodAccessorImpl.invoke(NativeMethodAccessorImpl.java:62)
	at sun.reflect.DelegatingMethodAccessorImpl.invoke(DelegatingMethodAccessorImpl.java:43)
	at java.lang.reflect.Method.invoke(Method.java:498)
	at org.apache.maven.surefire.util.ReflectionUtils.invokeMethodWithArray(ReflectionUtils.java:189)
	at org.apache.maven.surefire.booter.ProviderFactory$ProviderProxy.invoke(ProviderFactory.java:165)
	at org.apache.maven.surefire.booter.ProviderFactory.invokeProvider(ProviderFactory.java:85)
	at org.apache.maven.surefire.booter.ForkedBooter.runSuitesInProcess(ForkedBooter.java:115)
	at org.apache.maven.surefire.booter.ForkedBooter.main(ForkedBooter.java:75)
</error>
  </testcase>
  <testcase classname="com.spotify.docker.client.DefaultDockerClientTest" name="testPingReturnsOk" time="0.024">
    <error message="java.util.concurrent.ExecutionException: javax.ws.rs.ProcessingException: java.io.IOException: No such file or directory" type="com.spotify.docker.client.exceptions.DockerException">com.spotify.docker.client.exceptions.DockerException: java.util.concurrent.ExecutionException: javax.ws.rs.ProcessingException: java.io.IOException: No such file or directory
	at com.spotify.docker.client.DefaultDockerClient.propagate(DefaultDockerClient.java:2812)
	at com.spotify.docker.client.DefaultDockerClient.request(DefaultDockerClient.java:2676)
	at com.spotify.docker.client.DefaultDockerClient.version(DefaultDockerClient.java:572)
	at com.spotify.docker.client.DefaultDockerClientTest.setup(DefaultDockerClientTest.java:349)
	at sun.reflect.GeneratedMethodAccessor10.invoke(Unknown Source)
	at sun.reflect.DelegatingMethodAccessorImpl.invoke(DelegatingMethodAccessorImpl.java:43)
	at java.lang.reflect.Method.invoke(Method.java:498)
	at org.junit.runners.model.FrameworkMethod$1.runReflectiveCall(FrameworkMethod.java:50)
	at org.junit.internal.runners.model.ReflectiveCallable.run(ReflectiveCallable.java:12)
	at org.junit.runners.model.FrameworkMethod.invokeExplosively(FrameworkMethod.java:47)
	at org.junit.internal.runners.statements.RunBefores.evaluate(RunBefores.java:24)
	at org.junit.internal.runners.statements.RunAfters.evaluate(RunAfters.java:27)
	at org.junit.rules.ExpectedException$ExpectedExceptionStatement.evaluate(ExpectedException.java:239)
	at org.junit.rules.TestWatcher$1.evaluate(TestWatcher.java:55)
	at org.junit.rules.RunRules.evaluate(RunRules.java:20)
	at org.junit.runners.ParentRunner.runLeaf(ParentRunner.java:325)
	at org.junit.runners.BlockJUnit4ClassRunner.runChild(BlockJUnit4ClassRunner.java:78)
	at org.junit.runners.BlockJUnit4ClassRunner.runChild(BlockJUnit4ClassRunner.java:57)
	at org.junit.runners.ParentRunner$3.run(ParentRunner.java:290)
	at org.junit.runners.ParentRunner$1.schedule(ParentRunner.java:71)
	at org.junit.runners.ParentRunner.runChildren(ParentRunner.java:288)
	at org.junit.runners.ParentRunner.access$000(ParentRunner.java:58)
	at org.junit.runners.ParentRunner$2.evaluate(ParentRunner.java:268)
	at org.junit.runners.ParentRunner.run(ParentRunner.java:363)
	at org.apache.maven.surefire.junit4.JUnit4Provider.execute(JUnit4Provider.java:252)
	at org.apache.maven.surefire.junit4.JUnit4Provider.executeTestSet(JUnit4Provider.java:141)
	at org.apache.maven.surefire.junit4.JUnit4Provider.invoke(JUnit4Provider.java:112)
	at sun.reflect.NativeMethodAccessorImpl.invoke0(Native Method)
	at sun.reflect.NativeMethodAccessorImpl.invoke(NativeMethodAccessorImpl.java:62)
	at sun.reflect.DelegatingMethodAccessorImpl.invoke(DelegatingMethodAccessorImpl.java:43)
	at java.lang.reflect.Method.invoke(Method.java:498)
	at org.apache.maven.surefire.util.ReflectionUtils.invokeMethodWithArray(ReflectionUtils.java:189)
	at org.apache.maven.surefire.booter.ProviderFactory$ProviderProxy.invoke(ProviderFactory.java:165)
	at org.apache.maven.surefire.booter.ProviderFactory.invokeProvider(ProviderFactory.java:85)
	at org.apache.maven.surefire.booter.ForkedBooter.runSuitesInProcess(ForkedBooter.java:115)
	at org.apache.maven.surefire.booter.ForkedBooter.main(ForkedBooter.java:75)
Caused by: java.util.concurrent.ExecutionException: javax.ws.rs.ProcessingException: java.io.IOException: No such file or directory
	at jersey.repackaged.com.google.common.util.concurrent.AbstractFuture$Sync.getValue(AbstractFuture.java:299)
	at jersey.repackaged.com.google.common.util.concurrent.AbstractFuture$Sync.get(AbstractFuture.java:286)
	at jersey.repackaged.com.google.common.util.concurrent.AbstractFuture.get(AbstractFuture.java:116)
	at com.spotify.docker.client.DefaultDockerClient.request(DefaultDockerClient.java:2674)
	... 34 more
Caused by: javax.ws.rs.ProcessingException: java.io.IOException: No such file or directory
	at org.glassfish.jersey.apache.connector.ApacheConnector.apply(ApacheConnector.java:481)
	at org.glassfish.jersey.apache.connector.ApacheConnector$1.run(ApacheConnector.java:491)
	at java.util.concurrent.Executors$RunnableAdapter.call(Executors.java:511)
	at java.util.concurrent.FutureTask.run(FutureTask.java:266)
	at jersey.repackaged.com.google.common.util.concurrent.MoreExecutors$DirectExecutorService.execute(MoreExecutors.java:299)
	at java.util.concurrent.AbstractExecutorService.submit(AbstractExecutorService.java:112)
	at jersey.repackaged.com.google.common.util.concurrent.AbstractListeningExecutorService.submit(AbstractListeningExecutorService.java:50)
	at jersey.repackaged.com.google.common.util.concurrent.AbstractListeningExecutorService.submit(AbstractListeningExecutorService.java:37)
	at org.glassfish.jersey.apache.connector.ApacheConnector.apply(ApacheConnector.java:487)
	at org.glassfish.jersey.client.ClientRuntime$2.run(ClientRuntime.java:178)
	at org.glassfish.jersey.internal.Errors$1.call(Errors.java:271)
	at org.glassfish.jersey.internal.Errors$1.call(Errors.java:267)
	at org.glassfish.jersey.internal.Errors.process(Errors.java:315)
	at org.glassfish.jersey.internal.Errors.process(Errors.java:297)
	at org.glassfish.jersey.internal.Errors.process(Errors.java:267)
	at org.glassfish.jersey.process.internal.RequestScope.runInScope(RequestScope.java:340)
	at org.glassfish.jersey.client.ClientRuntime$3.run(ClientRuntime.java:210)
	at java.util.concurrent.Executors$RunnableAdapter.call(Executors.java:511)
	at java.util.concurrent.FutureTask.run(FutureTask.java:266)
	at java.util.concurrent.ThreadPoolExecutor.runWorker(ThreadPoolExecutor.java:1142)
	at java.util.concurrent.ThreadPoolExecutor$Worker.run(ThreadPoolExecutor.java:617)
	at java.lang.Thread.run(Thread.java:745)
Caused by: java.io.IOException: No such file or directory
	at jnr.unixsocket.UnixSocketChannel.doConnect(UnixSocketChannel.java:127)
	at jnr.unixsocket.UnixSocketChannel.connect(UnixSocketChannel.java:136)
	at jnr.unixsocket.UnixSocketChannel.connect(UnixSocketChannel.java:223)
	at com.spotify.docker.client.UnixConnectionSocketFactory.connectSocket(UnixConnectionSocketFactory.java:85)
	at org.apache.http.impl.conn.DefaultHttpClientConnectionOperator.connect(DefaultHttpClientConnectionOperator.java:134)
	at org.apache.http.impl.conn.PoolingHttpClientConnectionManager.connect(PoolingHttpClientConnectionManager.java:353)
	at org.apache.http.impl.execchain.MainClientExec.establishRoute(MainClientExec.java:380)
	at org.apache.http.impl.execchain.MainClientExec.execute(MainClientExec.java:236)
	at org.apache.http.impl.execchain.ProtocolExec.execute(ProtocolExec.java:184)
	at org.apache.http.impl.execchain.RetryExec.execute(RetryExec.java:88)
	at org.apache.http.impl.execchain.RedirectExec.execute(RedirectExec.java:110)
	at org.apache.http.impl.client.InternalHttpClient.doExecute(InternalHttpClient.java:184)
	at org.apache.http.impl.client.CloseableHttpClient.execute(CloseableHttpClient.java:71)
	at org.glassfish.jersey.apache.connector.ApacheConnector.apply(ApacheConnector.java:435)
	... 21 more
</error>
    <system-err>Jun 02, 2018 7:44:42 AM org.apache.http.impl.execchain.RetryExec execute
INFO: I/O exception (java.io.IOException) caught when processing request to {}-&gt;unix://localhost:80: No such file or directory
Jun 02, 2018 7:44:42 AM org.apache.http.impl.execchain.RetryExec execute
INFO: Retrying request to {}-&gt;unix://localhost:80
Jun 02, 2018 7:44:42 AM org.apache.http.impl.execchain.RetryExec execute
INFO: I/O exception (java.io.IOException) caught when processing request to {}-&gt;unix://localhost:80: No such file or directory
Jun 02, 2018 7:44:42 AM org.apache.http.impl.execchain.RetryExec execute
INFO: Retrying request to {}-&gt;unix://localhost:80
Jun 02, 2018 7:44:42 AM org.apache.http.impl.execchain.RetryExec execute
INFO: I/O exception (java.io.IOException) caught when processing request to {}-&gt;unix://localhost:80: No such file or directory
Jun 02, 2018 7:44:42 AM org.apache.http.impl.execchain.RetryExec execute
INFO: Retrying request to {}-&gt;unix://localhost:80
</system-err>
  </testcase>
  <testcase classname="com.spotify.docker.client.DefaultDockerClientTest" name="testPingReturnsOk" time="0.024">
    <error type="java.lang.NullPointerException">java.lang.NullPointerException
	at com.spotify.docker.client.VersionCompare.compareVersion(VersionCompare.java:45)
	at com.spotify.docker.client.DefaultDockerClientTest.dockerApiVersionAtLeast(DefaultDockerClientTest.java:404)
	at com.spotify.docker.client.DefaultDockerClientTest.tearDown(DefaultDockerClientTest.java:356)
	at sun.reflect.GeneratedMethodAccessor11.invoke(Unknown Source)
	at sun.reflect.DelegatingMethodAccessorImpl.invoke(DelegatingMethodAccessorImpl.java:43)
	at java.lang.reflect.Method.invoke(Method.java:498)
	at org.junit.runners.model.FrameworkMethod$1.runReflectiveCall(FrameworkMethod.java:50)
	at org.junit.internal.runners.model.ReflectiveCallable.run(ReflectiveCallable.java:12)
	at org.junit.runners.model.FrameworkMethod.invokeExplosively(FrameworkMethod.java:47)
	at org.junit.internal.runners.statements.RunAfters.evaluate(RunAfters.java:33)
	at org.junit.rules.ExpectedException$ExpectedExceptionStatement.evaluate(ExpectedException.java:239)
	at org.junit.rules.TestWatcher$1.evaluate(TestWatcher.java:55)
	at org.junit.rules.RunRules.evaluate(RunRules.java:20)
	at org.junit.runners.ParentRunner.runLeaf(ParentRunner.java:325)
	at org.junit.runners.BlockJUnit4ClassRunner.runChild(BlockJUnit4ClassRunner.java:78)
	at org.junit.runners.BlockJUnit4ClassRunner.runChild(BlockJUnit4ClassRunner.java:57)
	at org.junit.runners.ParentRunner$3.run(ParentRunner.java:290)
	at org.junit.runners.ParentRunner$1.schedule(ParentRunner.java:71)
	at org.junit.runners.ParentRunner.runChildren(ParentRunner.java:288)
	at org.junit.runners.ParentRunner.access$000(ParentRunner.java:58)
	at org.junit.runners.ParentRunner$2.evaluate(ParentRunner.java:268)
	at org.junit.runners.ParentRunner.run(ParentRunner.java:363)
	at org.apache.maven.surefire.junit4.JUnit4Provider.execute(JUnit4Provider.java:252)
	at org.apache.maven.surefire.junit4.JUnit4Provider.executeTestSet(JUnit4Provider.java:141)
	at org.apache.maven.surefire.junit4.JUnit4Provider.invoke(JUnit4Provider.java:112)
	at sun.reflect.NativeMethodAccessorImpl.invoke0(Native Method)
	at sun.reflect.NativeMethodAccessorImpl.invoke(NativeMethodAccessorImpl.java:62)
	at sun.reflect.DelegatingMethodAccessorImpl.invoke(DelegatingMethodAccessorImpl.java:43)
	at java.lang.reflect.Method.invoke(Method.java:498)
	at org.apache.maven.surefire.util.ReflectionUtils.invokeMethodWithArray(ReflectionUtils.java:189)
	at org.apache.maven.surefire.booter.ProviderFactory$ProviderProxy.invoke(ProviderFactory.java:165)
	at org.apache.maven.surefire.booter.ProviderFactory.invokeProvider(ProviderFactory.java:85)
	at org.apache.maven.surefire.booter.ForkedBooter.runSuitesInProcess(ForkedBooter.java:115)
	at org.apache.maven.surefire.booter.ForkedBooter.main(ForkedBooter.java:75)
</error>
  </testcase>
  <testcase classname="com.spotify.docker.client.DefaultDockerClientTest" name="testNetworks" time="0.022">
    <error message="java.util.concurrent.ExecutionException: javax.ws.rs.ProcessingException: java.io.IOException: No such file or directory" type="com.spotify.docker.client.exceptions.DockerException">com.spotify.docker.client.exceptions.DockerException: java.util.concurrent.ExecutionException: javax.ws.rs.ProcessingException: java.io.IOException: No such file or directory
	at com.spotify.docker.client.DefaultDockerClient.propagate(DefaultDockerClient.java:2812)
	at com.spotify.docker.client.DefaultDockerClient.request(DefaultDockerClient.java:2676)
	at com.spotify.docker.client.DefaultDockerClient.version(DefaultDockerClient.java:572)
	at com.spotify.docker.client.DefaultDockerClientTest.setup(DefaultDockerClientTest.java:349)
	at sun.reflect.GeneratedMethodAccessor10.invoke(Unknown Source)
	at sun.reflect.DelegatingMethodAccessorImpl.invoke(DelegatingMethodAccessorImpl.java:43)
	at java.lang.reflect.Method.invoke(Method.java:498)
	at org.junit.runners.model.FrameworkMethod$1.runReflectiveCall(FrameworkMethod.java:50)
	at org.junit.internal.runners.model.ReflectiveCallable.run(ReflectiveCallable.java:12)
	at org.junit.runners.model.FrameworkMethod.invokeExplosively(FrameworkMethod.java:47)
	at org.junit.internal.runners.statements.RunBefores.evaluate(RunBefores.java:24)
	at org.junit.internal.runners.statements.RunAfters.evaluate(RunAfters.java:27)
	at org.junit.rules.ExpectedException$ExpectedExceptionStatement.evaluate(ExpectedException.java:239)
	at org.junit.rules.TestWatcher$1.evaluate(TestWatcher.java:55)
	at org.junit.rules.RunRules.evaluate(RunRules.java:20)
	at org.junit.runners.ParentRunner.runLeaf(ParentRunner.java:325)
	at org.junit.runners.BlockJUnit4ClassRunner.runChild(BlockJUnit4ClassRunner.java:78)
	at org.junit.runners.BlockJUnit4ClassRunner.runChild(BlockJUnit4ClassRunner.java:57)
	at org.junit.runners.ParentRunner$3.run(ParentRunner.java:290)
	at org.junit.runners.ParentRunner$1.schedule(ParentRunner.java:71)
	at org.junit.runners.ParentRunner.runChildren(ParentRunner.java:288)
	at org.junit.runners.ParentRunner.access$000(ParentRunner.java:58)
	at org.junit.runners.ParentRunner$2.evaluate(ParentRunner.java:268)
	at org.junit.runners.ParentRunner.run(ParentRunner.java:363)
	at org.apache.maven.surefire.junit4.JUnit4Provider.execute(JUnit4Provider.java:252)
	at org.apache.maven.surefire.junit4.JUnit4Provider.executeTestSet(JUnit4Provider.java:141)
	at org.apache.maven.surefire.junit4.JUnit4Provider.invoke(JUnit4Provider.java:112)
	at sun.reflect.NativeMethodAccessorImpl.invoke0(Native Method)
	at sun.reflect.NativeMethodAccessorImpl.invoke(NativeMethodAccessorImpl.java:62)
	at sun.reflect.DelegatingMethodAccessorImpl.invoke(DelegatingMethodAccessorImpl.java:43)
	at java.lang.reflect.Method.invoke(Method.java:498)
	at org.apache.maven.surefire.util.ReflectionUtils.invokeMethodWithArray(ReflectionUtils.java:189)
	at org.apache.maven.surefire.booter.ProviderFactory$ProviderProxy.invoke(ProviderFactory.java:165)
	at org.apache.maven.surefire.booter.ProviderFactory.invokeProvider(ProviderFactory.java:85)
	at org.apache.maven.surefire.booter.ForkedBooter.runSuitesInProcess(ForkedBooter.java:115)
	at org.apache.maven.surefire.booter.ForkedBooter.main(ForkedBooter.java:75)
Caused by: java.util.concurrent.ExecutionException: javax.ws.rs.ProcessingException: java.io.IOException: No such file or directory
	at jersey.repackaged.com.google.common.util.concurrent.AbstractFuture$Sync.getValue(AbstractFuture.java:299)
	at jersey.repackaged.com.google.common.util.concurrent.AbstractFuture$Sync.get(AbstractFuture.java:286)
	at jersey.repackaged.com.google.common.util.concurrent.AbstractFuture.get(AbstractFuture.java:116)
	at com.spotify.docker.client.DefaultDockerClient.request(DefaultDockerClient.java:2674)
	... 34 more
Caused by: javax.ws.rs.ProcessingException: java.io.IOException: No such file or directory
	at org.glassfish.jersey.apache.connector.ApacheConnector.apply(ApacheConnector.java:481)
	at org.glassfish.jersey.apache.connector.ApacheConnector$1.run(ApacheConnector.java:491)
	at java.util.concurrent.Executors$RunnableAdapter.call(Executors.java:511)
	at java.util.concurrent.FutureTask.run(FutureTask.java:266)
	at jersey.repackaged.com.google.common.util.concurrent.MoreExecutors$DirectExecutorService.execute(MoreExecutors.java:299)
	at java.util.concurrent.AbstractExecutorService.submit(AbstractExecutorService.java:112)
	at jersey.repackaged.com.google.common.util.concurrent.AbstractListeningExecutorService.submit(AbstractListeningExecutorService.java:50)
	at jersey.repackaged.com.google.common.util.concurrent.AbstractListeningExecutorService.submit(AbstractListeningExecutorService.java:37)
	at org.glassfish.jersey.apache.connector.ApacheConnector.apply(ApacheConnector.java:487)
	at org.glassfish.jersey.client.ClientRuntime$2.run(ClientRuntime.java:178)
	at org.glassfish.jersey.internal.Errors$1.call(Errors.java:271)
	at org.glassfish.jersey.internal.Errors$1.call(Errors.java:267)
	at org.glassfish.jersey.internal.Errors.process(Errors.java:315)
	at org.glassfish.jersey.internal.Errors.process(Errors.java:297)
	at org.glassfish.jersey.internal.Errors.process(Errors.java:267)
	at org.glassfish.jersey.process.internal.RequestScope.runInScope(RequestScope.java:340)
	at org.glassfish.jersey.client.ClientRuntime$3.run(ClientRuntime.java:210)
	at java.util.concurrent.Executors$RunnableAdapter.call(Executors.java:511)
	at java.util.concurrent.FutureTask.run(FutureTask.java:266)
	at java.util.concurrent.ThreadPoolExecutor.runWorker(ThreadPoolExecutor.java:1142)
	at java.util.concurrent.ThreadPoolExecutor$Worker.run(ThreadPoolExecutor.java:617)
	at java.lang.Thread.run(Thread.java:745)
Caused by: java.io.IOException: No such file or directory
	at jnr.unixsocket.UnixSocketChannel.doConnect(UnixSocketChannel.java:127)
	at jnr.unixsocket.UnixSocketChannel.connect(UnixSocketChannel.java:136)
	at jnr.unixsocket.UnixSocketChannel.connect(UnixSocketChannel.java:223)
	at com.spotify.docker.client.UnixConnectionSocketFactory.connectSocket(UnixConnectionSocketFactory.java:85)
	at org.apache.http.impl.conn.DefaultHttpClientConnectionOperator.connect(DefaultHttpClientConnectionOperator.java:134)
	at org.apache.http.impl.conn.PoolingHttpClientConnectionManager.connect(PoolingHttpClientConnectionManager.java:353)
	at org.apache.http.impl.execchain.MainClientExec.establishRoute(MainClientExec.java:380)
	at org.apache.http.impl.execchain.MainClientExec.execute(MainClientExec.java:236)
	at org.apache.http.impl.execchain.ProtocolExec.execute(ProtocolExec.java:184)
	at org.apache.http.impl.execchain.RetryExec.execute(RetryExec.java:88)
	at org.apache.http.impl.execchain.RedirectExec.execute(RedirectExec.java:110)
	at org.apache.http.impl.client.InternalHttpClient.doExecute(InternalHttpClient.java:184)
	at org.apache.http.impl.client.CloseableHttpClient.execute(CloseableHttpClient.java:71)
	at org.glassfish.jersey.apache.connector.ApacheConnector.apply(ApacheConnector.java:435)
	... 21 more
</error>
    <system-err>Jun 02, 2018 7:44:42 AM org.apache.http.impl.execchain.RetryExec execute
INFO: I/O exception (java.io.IOException) caught when processing request to {}-&gt;unix://localhost:80: No such file or directory
Jun 02, 2018 7:44:42 AM org.apache.http.impl.execchain.RetryExec execute
INFO: Retrying request to {}-&gt;unix://localhost:80
Jun 02, 2018 7:44:42 AM org.apache.http.impl.execchain.RetryExec execute
INFO: I/O exception (java.io.IOException) caught when processing request to {}-&gt;unix://localhost:80: No such file or directory
Jun 02, 2018 7:44:42 AM org.apache.http.impl.execchain.RetryExec execute
INFO: Retrying request to {}-&gt;unix://localhost:80
Jun 02, 2018 7:44:42 AM org.apache.http.impl.execchain.RetryExec execute
INFO: I/O exception (java.io.IOException) caught when processing request to {}-&gt;unix://localhost:80: No such file or directory
Jun 02, 2018 7:44:42 AM org.apache.http.impl.execchain.RetryExec execute
INFO: Retrying request to {}-&gt;unix://localhost:80
</system-err>
  </testcase>
  <testcase classname="com.spotify.docker.client.DefaultDockerClientTest" name="testNetworks" time="0.022">
    <error type="java.lang.NullPointerException">java.lang.NullPointerException
	at com.spotify.docker.client.VersionCompare.compareVersion(VersionCompare.java:45)
	at com.spotify.docker.client.DefaultDockerClientTest.dockerApiVersionAtLeast(DefaultDockerClientTest.java:404)
	at com.spotify.docker.client.DefaultDockerClientTest.tearDown(DefaultDockerClientTest.java:356)
	at sun.reflect.GeneratedMethodAccessor11.invoke(Unknown Source)
	at sun.reflect.DelegatingMethodAccessorImpl.invoke(DelegatingMethodAccessorImpl.java:43)
	at java.lang.reflect.Method.invoke(Method.java:498)
	at org.junit.runners.model.FrameworkMethod$1.runReflectiveCall(FrameworkMethod.java:50)
	at org.junit.internal.runners.model.ReflectiveCallable.run(ReflectiveCallable.java:12)
	at org.junit.runners.model.FrameworkMethod.invokeExplosively(FrameworkMethod.java:47)
	at org.junit.internal.runners.statements.RunAfters.evaluate(RunAfters.java:33)
	at org.junit.rules.ExpectedException$ExpectedExceptionStatement.evaluate(ExpectedException.java:239)
	at org.junit.rules.TestWatcher$1.evaluate(TestWatcher.java:55)
	at org.junit.rules.RunRules.evaluate(RunRules.java:20)
	at org.junit.runners.ParentRunner.runLeaf(ParentRunner.java:325)
	at org.junit.runners.BlockJUnit4ClassRunner.runChild(BlockJUnit4ClassRunner.java:78)
	at org.junit.runners.BlockJUnit4ClassRunner.runChild(BlockJUnit4ClassRunner.java:57)
	at org.junit.runners.ParentRunner$3.run(ParentRunner.java:290)
	at org.junit.runners.ParentRunner$1.schedule(ParentRunner.java:71)
	at org.junit.runners.ParentRunner.runChildren(ParentRunner.java:288)
	at org.junit.runners.ParentRunner.access$000(ParentRunner.java:58)
	at org.junit.runners.ParentRunner$2.evaluate(ParentRunner.java:268)
	at org.junit.runners.ParentRunner.run(ParentRunner.java:363)
	at org.apache.maven.surefire.junit4.JUnit4Provider.execute(JUnit4Provider.java:252)
	at org.apache.maven.surefire.junit4.JUnit4Provider.executeTestSet(JUnit4Provider.java:141)
	at org.apache.maven.surefire.junit4.JUnit4Provider.invoke(JUnit4Provider.java:112)
	at sun.reflect.NativeMethodAccessorImpl.invoke0(Native Method)
	at sun.reflect.NativeMethodAccessorImpl.invoke(NativeMethodAccessorImpl.java:62)
	at sun.reflect.DelegatingMethodAccessorImpl.invoke(DelegatingMethodAccessorImpl.java:43)
	at java.lang.reflect.Method.invoke(Method.java:498)
	at org.apache.maven.surefire.util.ReflectionUtils.invokeMethodWithArray(ReflectionUtils.java:189)
	at org.apache.maven.surefire.booter.ProviderFactory$ProviderProxy.invoke(ProviderFactory.java:165)
	at org.apache.maven.surefire.booter.ProviderFactory.invokeProvider(ProviderFactory.java:85)
	at org.apache.maven.surefire.booter.ForkedBooter.runSuitesInProcess(ForkedBooter.java:115)
	at org.apache.maven.surefire.booter.ForkedBooter.main(ForkedBooter.java:75)
</error>
  </testcase>
  <testcase classname="com.spotify.docker.client.DefaultDockerClientTest" name="testKillBadContainerWithSignal" time="0.023">
    <error message="java.util.concurrent.ExecutionException: javax.ws.rs.ProcessingException: java.io.IOException: No such file or directory" type="com.spotify.docker.client.exceptions.DockerException">com.spotify.docker.client.exceptions.DockerException: java.util.concurrent.ExecutionException: javax.ws.rs.ProcessingException: java.io.IOException: No such file or directory
	at com.spotify.docker.client.DefaultDockerClient.propagate(DefaultDockerClient.java:2812)
	at com.spotify.docker.client.DefaultDockerClient.request(DefaultDockerClient.java:2676)
	at com.spotify.docker.client.DefaultDockerClient.version(DefaultDockerClient.java:572)
	at com.spotify.docker.client.DefaultDockerClientTest.setup(DefaultDockerClientTest.java:349)
	at sun.reflect.GeneratedMethodAccessor10.invoke(Unknown Source)
	at sun.reflect.DelegatingMethodAccessorImpl.invoke(DelegatingMethodAccessorImpl.java:43)
	at java.lang.reflect.Method.invoke(Method.java:498)
	at org.junit.runners.model.FrameworkMethod$1.runReflectiveCall(FrameworkMethod.java:50)
	at org.junit.internal.runners.model.ReflectiveCallable.run(ReflectiveCallable.java:12)
	at org.junit.runners.model.FrameworkMethod.invokeExplosively(FrameworkMethod.java:47)
	at org.junit.internal.runners.statements.RunBefores.evaluate(RunBefores.java:24)
	at org.junit.internal.runners.statements.RunAfters.evaluate(RunAfters.java:27)
	at org.junit.rules.ExpectedException$ExpectedExceptionStatement.evaluate(ExpectedException.java:239)
	at org.junit.rules.TestWatcher$1.evaluate(TestWatcher.java:55)
	at org.junit.rules.RunRules.evaluate(RunRules.java:20)
	at org.junit.runners.ParentRunner.runLeaf(ParentRunner.java:325)
	at org.junit.runners.BlockJUnit4ClassRunner.runChild(BlockJUnit4ClassRunner.java:78)
	at org.junit.runners.BlockJUnit4ClassRunner.runChild(BlockJUnit4ClassRunner.java:57)
	at org.junit.runners.ParentRunner$3.run(ParentRunner.java:290)
	at org.junit.runners.ParentRunner$1.schedule(ParentRunner.java:71)
	at org.junit.runners.ParentRunner.runChildren(ParentRunner.java:288)
	at org.junit.runners.ParentRunner.access$000(ParentRunner.java:58)
	at org.junit.runners.ParentRunner$2.evaluate(ParentRunner.java:268)
	at org.junit.runners.ParentRunner.run(ParentRunner.java:363)
	at org.apache.maven.surefire.junit4.JUnit4Provider.execute(JUnit4Provider.java:252)
	at org.apache.maven.surefire.junit4.JUnit4Provider.executeTestSet(JUnit4Provider.java:141)
	at org.apache.maven.surefire.junit4.JUnit4Provider.invoke(JUnit4Provider.java:112)
	at sun.reflect.NativeMethodAccessorImpl.invoke0(Native Method)
	at sun.reflect.NativeMethodAccessorImpl.invoke(NativeMethodAccessorImpl.java:62)
	at sun.reflect.DelegatingMethodAccessorImpl.invoke(DelegatingMethodAccessorImpl.java:43)
	at java.lang.reflect.Method.invoke(Method.java:498)
	at org.apache.maven.surefire.util.ReflectionUtils.invokeMethodWithArray(ReflectionUtils.java:189)
	at org.apache.maven.surefire.booter.ProviderFactory$ProviderProxy.invoke(ProviderFactory.java:165)
	at org.apache.maven.surefire.booter.ProviderFactory.invokeProvider(ProviderFactory.java:85)
	at org.apache.maven.surefire.booter.ForkedBooter.runSuitesInProcess(ForkedBooter.java:115)
	at org.apache.maven.surefire.booter.ForkedBooter.main(ForkedBooter.java:75)
Caused by: java.util.concurrent.ExecutionException: javax.ws.rs.ProcessingException: java.io.IOException: No such file or directory
	at jersey.repackaged.com.google.common.util.concurrent.AbstractFuture$Sync.getValue(AbstractFuture.java:299)
	at jersey.repackaged.com.google.common.util.concurrent.AbstractFuture$Sync.get(AbstractFuture.java:286)
	at jersey.repackaged.com.google.common.util.concurrent.AbstractFuture.get(AbstractFuture.java:116)
	at com.spotify.docker.client.DefaultDockerClient.request(DefaultDockerClient.java:2674)
	... 34 more
Caused by: javax.ws.rs.ProcessingException: java.io.IOException: No such file or directory
	at org.glassfish.jersey.apache.connector.ApacheConnector.apply(ApacheConnector.java:481)
	at org.glassfish.jersey.apache.connector.ApacheConnector$1.run(ApacheConnector.java:491)
	at java.util.concurrent.Executors$RunnableAdapter.call(Executors.java:511)
	at java.util.concurrent.FutureTask.run(FutureTask.java:266)
	at jersey.repackaged.com.google.common.util.concurrent.MoreExecutors$DirectExecutorService.execute(MoreExecutors.java:299)
	at java.util.concurrent.AbstractExecutorService.submit(AbstractExecutorService.java:112)
	at jersey.repackaged.com.google.common.util.concurrent.AbstractListeningExecutorService.submit(AbstractListeningExecutorService.java:50)
	at jersey.repackaged.com.google.common.util.concurrent.AbstractListeningExecutorService.submit(AbstractListeningExecutorService.java:37)
	at org.glassfish.jersey.apache.connector.ApacheConnector.apply(ApacheConnector.java:487)
	at org.glassfish.jersey.client.ClientRuntime$2.run(ClientRuntime.java:178)
	at org.glassfish.jersey.internal.Errors$1.call(Errors.java:271)
	at org.glassfish.jersey.internal.Errors$1.call(Errors.java:267)
	at org.glassfish.jersey.internal.Errors.process(Errors.java:315)
	at org.glassfish.jersey.internal.Errors.process(Errors.java:297)
	at org.glassfish.jersey.internal.Errors.process(Errors.java:267)
	at org.glassfish.jersey.process.internal.RequestScope.runInScope(RequestScope.java:340)
	at org.glassfish.jersey.client.ClientRuntime$3.run(ClientRuntime.java:210)
	at java.util.concurrent.Executors$RunnableAdapter.call(Executors.java:511)
	at java.util.concurrent.FutureTask.run(FutureTask.java:266)
	at java.util.concurrent.ThreadPoolExecutor.runWorker(ThreadPoolExecutor.java:1142)
	at java.util.concurrent.ThreadPoolExecutor$Worker.run(ThreadPoolExecutor.java:617)
	at java.lang.Thread.run(Thread.java:745)
Caused by: java.io.IOException: No such file or directory
	at jnr.unixsocket.UnixSocketChannel.doConnect(UnixSocketChannel.java:127)
	at jnr.unixsocket.UnixSocketChannel.connect(UnixSocketChannel.java:136)
	at jnr.unixsocket.UnixSocketChannel.connect(UnixSocketChannel.java:223)
	at com.spotify.docker.client.UnixConnectionSocketFactory.connectSocket(UnixConnectionSocketFactory.java:85)
	at org.apache.http.impl.conn.DefaultHttpClientConnectionOperator.connect(DefaultHttpClientConnectionOperator.java:134)
	at org.apache.http.impl.conn.PoolingHttpClientConnectionManager.connect(PoolingHttpClientConnectionManager.java:353)
	at org.apache.http.impl.execchain.MainClientExec.establishRoute(MainClientExec.java:380)
	at org.apache.http.impl.execchain.MainClientExec.execute(MainClientExec.java:236)
	at org.apache.http.impl.execchain.ProtocolExec.execute(ProtocolExec.java:184)
	at org.apache.http.impl.execchain.RetryExec.execute(RetryExec.java:88)
	at org.apache.http.impl.execchain.RedirectExec.execute(RedirectExec.java:110)
	at org.apache.http.impl.client.InternalHttpClient.doExecute(InternalHttpClient.java:184)
	at org.apache.http.impl.client.CloseableHttpClient.execute(CloseableHttpClient.java:71)
	at org.glassfish.jersey.apache.connector.ApacheConnector.apply(ApacheConnector.java:435)
	... 21 more
</error>
    <system-err>Jun 02, 2018 7:44:42 AM org.apache.http.impl.execchain.RetryExec execute
INFO: I/O exception (java.io.IOException) caught when processing request to {}-&gt;unix://localhost:80: No such file or directory
Jun 02, 2018 7:44:42 AM org.apache.http.impl.execchain.RetryExec execute
INFO: Retrying request to {}-&gt;unix://localhost:80
Jun 02, 2018 7:44:42 AM org.apache.http.impl.execchain.RetryExec execute
INFO: I/O exception (java.io.IOException) caught when processing request to {}-&gt;unix://localhost:80: No such file or directory
Jun 02, 2018 7:44:42 AM org.apache.http.impl.execchain.RetryExec execute
INFO: Retrying request to {}-&gt;unix://localhost:80
Jun 02, 2018 7:44:42 AM org.apache.http.impl.execchain.RetryExec execute
INFO: I/O exception (java.io.IOException) caught when processing request to {}-&gt;unix://localhost:80: No such file or directory
Jun 02, 2018 7:44:42 AM org.apache.http.impl.execchain.RetryExec execute
INFO: Retrying request to {}-&gt;unix://localhost:80
</system-err>
  </testcase>
  <testcase classname="com.spotify.docker.client.DefaultDockerClientTest" name="testKillBadContainerWithSignal" time="0.023">
    <error type="java.lang.NullPointerException">java.lang.NullPointerException
	at com.spotify.docker.client.VersionCompare.compareVersion(VersionCompare.java:45)
	at com.spotify.docker.client.DefaultDockerClientTest.dockerApiVersionAtLeast(DefaultDockerClientTest.java:404)
	at com.spotify.docker.client.DefaultDockerClientTest.tearDown(DefaultDockerClientTest.java:356)
	at sun.reflect.GeneratedMethodAccessor11.invoke(Unknown Source)
	at sun.reflect.DelegatingMethodAccessorImpl.invoke(DelegatingMethodAccessorImpl.java:43)
	at java.lang.reflect.Method.invoke(Method.java:498)
	at org.junit.runners.model.FrameworkMethod$1.runReflectiveCall(FrameworkMethod.java:50)
	at org.junit.internal.runners.model.ReflectiveCallable.run(ReflectiveCallable.java:12)
	at org.junit.runners.model.FrameworkMethod.invokeExplosively(FrameworkMethod.java:47)
	at org.junit.internal.runners.statements.RunAfters.evaluate(RunAfters.java:33)
	at org.junit.rules.ExpectedException$ExpectedExceptionStatement.evaluate(ExpectedException.java:239)
	at org.junit.rules.TestWatcher$1.evaluate(TestWatcher.java:55)
	at org.junit.rules.RunRules.evaluate(RunRules.java:20)
	at org.junit.runners.ParentRunner.runLeaf(ParentRunner.java:325)
	at org.junit.runners.BlockJUnit4ClassRunner.runChild(BlockJUnit4ClassRunner.java:78)
	at org.junit.runners.BlockJUnit4ClassRunner.runChild(BlockJUnit4ClassRunner.java:57)
	at org.junit.runners.ParentRunner$3.run(ParentRunner.java:290)
	at org.junit.runners.ParentRunner$1.schedule(ParentRunner.java:71)
	at org.junit.runners.ParentRunner.runChildren(ParentRunner.java:288)
	at org.junit.runners.ParentRunner.access$000(ParentRunner.java:58)
	at org.junit.runners.ParentRunner$2.evaluate(ParentRunner.java:268)
	at org.junit.runners.ParentRunner.run(ParentRunner.java:363)
	at org.apache.maven.surefire.junit4.JUnit4Provider.execute(JUnit4Provider.java:252)
	at org.apache.maven.surefire.junit4.JUnit4Provider.executeTestSet(JUnit4Provider.java:141)
	at org.apache.maven.surefire.junit4.JUnit4Provider.invoke(JUnit4Provider.java:112)
	at sun.reflect.NativeMethodAccessorImpl.invoke0(Native Method)
	at sun.reflect.NativeMethodAccessorImpl.invoke(NativeMethodAccessorImpl.java:62)
	at sun.reflect.DelegatingMethodAccessorImpl.invoke(DelegatingMethodAccessorImpl.java:43)
	at java.lang.reflect.Method.invoke(Method.java:498)
	at org.apache.maven.surefire.util.ReflectionUtils.invokeMethodWithArray(ReflectionUtils.java:189)
	at org.apache.maven.surefire.booter.ProviderFactory$ProviderProxy.invoke(ProviderFactory.java:165)
	at org.apache.maven.surefire.booter.ProviderFactory.invokeProvider(ProviderFactory.java:85)
	at org.apache.maven.surefire.booter.ForkedBooter.runSuitesInProcess(ForkedBooter.java:115)
	at org.apache.maven.surefire.booter.ForkedBooter.main(ForkedBooter.java:75)
</error>
  </testcase>
  <testcase classname="com.spotify.docker.client.DefaultDockerClientTest" name="testRestartContainer" time="0.023">
    <error message="java.util.concurrent.ExecutionException: javax.ws.rs.ProcessingException: java.io.IOException: No such file or directory" type="com.spotify.docker.client.exceptions.DockerException">com.spotify.docker.client.exceptions.DockerException: java.util.concurrent.ExecutionException: javax.ws.rs.ProcessingException: java.io.IOException: No such file or directory
	at com.spotify.docker.client.DefaultDockerClient.propagate(DefaultDockerClient.java:2812)
	at com.spotify.docker.client.DefaultDockerClient.request(DefaultDockerClient.java:2676)
	at com.spotify.docker.client.DefaultDockerClient.version(DefaultDockerClient.java:572)
	at com.spotify.docker.client.DefaultDockerClientTest.setup(DefaultDockerClientTest.java:349)
	at sun.reflect.GeneratedMethodAccessor10.invoke(Unknown Source)
	at sun.reflect.DelegatingMethodAccessorImpl.invoke(DelegatingMethodAccessorImpl.java:43)
	at java.lang.reflect.Method.invoke(Method.java:498)
	at org.junit.runners.model.FrameworkMethod$1.runReflectiveCall(FrameworkMethod.java:50)
	at org.junit.internal.runners.model.ReflectiveCallable.run(ReflectiveCallable.java:12)
	at org.junit.runners.model.FrameworkMethod.invokeExplosively(FrameworkMethod.java:47)
	at org.junit.internal.runners.statements.RunBefores.evaluate(RunBefores.java:24)
	at org.junit.internal.runners.statements.RunAfters.evaluate(RunAfters.java:27)
	at org.junit.rules.ExpectedException$ExpectedExceptionStatement.evaluate(ExpectedException.java:239)
	at org.junit.rules.TestWatcher$1.evaluate(TestWatcher.java:55)
	at org.junit.rules.RunRules.evaluate(RunRules.java:20)
	at org.junit.runners.ParentRunner.runLeaf(ParentRunner.java:325)
	at org.junit.runners.BlockJUnit4ClassRunner.runChild(BlockJUnit4ClassRunner.java:78)
	at org.junit.runners.BlockJUnit4ClassRunner.runChild(BlockJUnit4ClassRunner.java:57)
	at org.junit.runners.ParentRunner$3.run(ParentRunner.java:290)
	at org.junit.runners.ParentRunner$1.schedule(ParentRunner.java:71)
	at org.junit.runners.ParentRunner.runChildren(ParentRunner.java:288)
	at org.junit.runners.ParentRunner.access$000(ParentRunner.java:58)
	at org.junit.runners.ParentRunner$2.evaluate(ParentRunner.java:268)
	at org.junit.runners.ParentRunner.run(ParentRunner.java:363)
	at org.apache.maven.surefire.junit4.JUnit4Provider.execute(JUnit4Provider.java:252)
	at org.apache.maven.surefire.junit4.JUnit4Provider.executeTestSet(JUnit4Provider.java:141)
	at org.apache.maven.surefire.junit4.JUnit4Provider.invoke(JUnit4Provider.java:112)
	at sun.reflect.NativeMethodAccessorImpl.invoke0(Native Method)
	at sun.reflect.NativeMethodAccessorImpl.invoke(NativeMethodAccessorImpl.java:62)
	at sun.reflect.DelegatingMethodAccessorImpl.invoke(DelegatingMethodAccessorImpl.java:43)
	at java.lang.reflect.Method.invoke(Method.java:498)
	at org.apache.maven.surefire.util.ReflectionUtils.invokeMethodWithArray(ReflectionUtils.java:189)
	at org.apache.maven.surefire.booter.ProviderFactory$ProviderProxy.invoke(ProviderFactory.java:165)
	at org.apache.maven.surefire.booter.ProviderFactory.invokeProvider(ProviderFactory.java:85)
	at org.apache.maven.surefire.booter.ForkedBooter.runSuitesInProcess(ForkedBooter.java:115)
	at org.apache.maven.surefire.booter.ForkedBooter.main(ForkedBooter.java:75)
Caused by: java.util.concurrent.ExecutionException: javax.ws.rs.ProcessingException: java.io.IOException: No such file or directory
	at jersey.repackaged.com.google.common.util.concurrent.AbstractFuture$Sync.getValue(AbstractFuture.java:299)
	at jersey.repackaged.com.google.common.util.concurrent.AbstractFuture$Sync.get(AbstractFuture.java:286)
	at jersey.repackaged.com.google.common.util.concurrent.AbstractFuture.get(AbstractFuture.java:116)
	at com.spotify.docker.client.DefaultDockerClient.request(DefaultDockerClient.java:2674)
	... 34 more
Caused by: javax.ws.rs.ProcessingException: java.io.IOException: No such file or directory
	at org.glassfish.jersey.apache.connector.ApacheConnector.apply(ApacheConnector.java:481)
	at org.glassfish.jersey.apache.connector.ApacheConnector$1.run(ApacheConnector.java:491)
	at java.util.concurrent.Executors$RunnableAdapter.call(Executors.java:511)
	at java.util.concurrent.FutureTask.run(FutureTask.java:266)
	at jersey.repackaged.com.google.common.util.concurrent.MoreExecutors$DirectExecutorService.execute(MoreExecutors.java:299)
	at java.util.concurrent.AbstractExecutorService.submit(AbstractExecutorService.java:112)
	at jersey.repackaged.com.google.common.util.concurrent.AbstractListeningExecutorService.submit(AbstractListeningExecutorService.java:50)
	at jersey.repackaged.com.google.common.util.concurrent.AbstractListeningExecutorService.submit(AbstractListeningExecutorService.java:37)
	at org.glassfish.jersey.apache.connector.ApacheConnector.apply(ApacheConnector.java:487)
	at org.glassfish.jersey.client.ClientRuntime$2.run(ClientRuntime.java:178)
	at org.glassfish.jersey.internal.Errors$1.call(Errors.java:271)
	at org.glassfish.jersey.internal.Errors$1.call(Errors.java:267)
	at org.glassfish.jersey.internal.Errors.process(Errors.java:315)
	at org.glassfish.jersey.internal.Errors.process(Errors.java:297)
	at org.glassfish.jersey.internal.Errors.process(Errors.java:267)
	at org.glassfish.jersey.process.internal.RequestScope.runInScope(RequestScope.java:340)
	at org.glassfish.jersey.client.ClientRuntime$3.run(ClientRuntime.java:210)
	at java.util.concurrent.Executors$RunnableAdapter.call(Executors.java:511)
	at java.util.concurrent.FutureTask.run(FutureTask.java:266)
	at java.util.concurrent.ThreadPoolExecutor.runWorker(ThreadPoolExecutor.java:1142)
	at java.util.concurrent.ThreadPoolExecutor$Worker.run(ThreadPoolExecutor.java:617)
	at java.lang.Thread.run(Thread.java:745)
Caused by: java.io.IOException: No such file or directory
	at jnr.unixsocket.UnixSocketChannel.doConnect(UnixSocketChannel.java:127)
	at jnr.unixsocket.UnixSocketChannel.connect(UnixSocketChannel.java:136)
	at jnr.unixsocket.UnixSocketChannel.connect(UnixSocketChannel.java:223)
	at com.spotify.docker.client.UnixConnectionSocketFactory.connectSocket(UnixConnectionSocketFactory.java:85)
	at org.apache.http.impl.conn.DefaultHttpClientConnectionOperator.connect(DefaultHttpClientConnectionOperator.java:134)
	at org.apache.http.impl.conn.PoolingHttpClientConnectionManager.connect(PoolingHttpClientConnectionManager.java:353)
	at org.apache.http.impl.execchain.MainClientExec.establishRoute(MainClientExec.java:380)
	at org.apache.http.impl.execchain.MainClientExec.execute(MainClientExec.java:236)
	at org.apache.http.impl.execchain.ProtocolExec.execute(ProtocolExec.java:184)
	at org.apache.http.impl.execchain.RetryExec.execute(RetryExec.java:88)
	at org.apache.http.impl.execchain.RedirectExec.execute(RedirectExec.java:110)
	at org.apache.http.impl.client.InternalHttpClient.doExecute(InternalHttpClient.java:184)
	at org.apache.http.impl.client.CloseableHttpClient.execute(CloseableHttpClient.java:71)
	at org.glassfish.jersey.apache.connector.ApacheConnector.apply(ApacheConnector.java:435)
	... 21 more
</error>
    <system-err>Jun 02, 2018 7:44:42 AM org.apache.http.impl.execchain.RetryExec execute
INFO: I/O exception (java.io.IOException) caught when processing request to {}-&gt;unix://localhost:80: No such file or directory
Jun 02, 2018 7:44:42 AM org.apache.http.impl.execchain.RetryExec execute
INFO: Retrying request to {}-&gt;unix://localhost:80
Jun 02, 2018 7:44:42 AM org.apache.http.impl.execchain.RetryExec execute
INFO: I/O exception (java.io.IOException) caught when processing request to {}-&gt;unix://localhost:80: No such file or directory
Jun 02, 2018 7:44:42 AM org.apache.http.impl.execchain.RetryExec execute
INFO: Retrying request to {}-&gt;unix://localhost:80
Jun 02, 2018 7:44:42 AM org.apache.http.impl.execchain.RetryExec execute
INFO: I/O exception (java.io.IOException) caught when processing request to {}-&gt;unix://localhost:80: No such file or directory
Jun 02, 2018 7:44:42 AM org.apache.http.impl.execchain.RetryExec execute
INFO: Retrying request to {}-&gt;unix://localhost:80
</system-err>
  </testcase>
  <testcase classname="com.spotify.docker.client.DefaultDockerClientTest" name="testRestartContainer" time="0.023">
    <error type="java.lang.NullPointerException">java.lang.NullPointerException
	at com.spotify.docker.client.VersionCompare.compareVersion(VersionCompare.java:45)
	at com.spotify.docker.client.DefaultDockerClientTest.dockerApiVersionAtLeast(DefaultDockerClientTest.java:404)
	at com.spotify.docker.client.DefaultDockerClientTest.tearDown(DefaultDockerClientTest.java:356)
	at sun.reflect.GeneratedMethodAccessor11.invoke(Unknown Source)
	at sun.reflect.DelegatingMethodAccessorImpl.invoke(DelegatingMethodAccessorImpl.java:43)
	at java.lang.reflect.Method.invoke(Method.java:498)
	at org.junit.runners.model.FrameworkMethod$1.runReflectiveCall(FrameworkMethod.java:50)
	at org.junit.internal.runners.model.ReflectiveCallable.run(ReflectiveCallable.java:12)
	at org.junit.runners.model.FrameworkMethod.invokeExplosively(FrameworkMethod.java:47)
	at org.junit.internal.runners.statements.RunAfters.evaluate(RunAfters.java:33)
	at org.junit.rules.ExpectedException$ExpectedExceptionStatement.evaluate(ExpectedException.java:239)
	at org.junit.rules.TestWatcher$1.evaluate(TestWatcher.java:55)
	at org.junit.rules.RunRules.evaluate(RunRules.java:20)
	at org.junit.runners.ParentRunner.runLeaf(ParentRunner.java:325)
	at org.junit.runners.BlockJUnit4ClassRunner.runChild(BlockJUnit4ClassRunner.java:78)
	at org.junit.runners.BlockJUnit4ClassRunner.runChild(BlockJUnit4ClassRunner.java:57)
	at org.junit.runners.ParentRunner$3.run(ParentRunner.java:290)
	at org.junit.runners.ParentRunner$1.schedule(ParentRunner.java:71)
	at org.junit.runners.ParentRunner.runChildren(ParentRunner.java:288)
	at org.junit.runners.ParentRunner.access$000(ParentRunner.java:58)
	at org.junit.runners.ParentRunner$2.evaluate(ParentRunner.java:268)
	at org.junit.runners.ParentRunner.run(ParentRunner.java:363)
	at org.apache.maven.surefire.junit4.JUnit4Provider.execute(JUnit4Provider.java:252)
	at org.apache.maven.surefire.junit4.JUnit4Provider.executeTestSet(JUnit4Provider.java:141)
	at org.apache.maven.surefire.junit4.JUnit4Provider.invoke(JUnit4Provider.java:112)
	at sun.reflect.NativeMethodAccessorImpl.invoke0(Native Method)
	at sun.reflect.NativeMethodAccessorImpl.invoke(NativeMethodAccessorImpl.java:62)
	at sun.reflect.DelegatingMethodAccessorImpl.invoke(DelegatingMethodAccessorImpl.java:43)
	at java.lang.reflect.Method.invoke(Method.java:498)
	at org.apache.maven.surefire.util.ReflectionUtils.invokeMethodWithArray(ReflectionUtils.java:189)
	at org.apache.maven.surefire.booter.ProviderFactory$ProviderProxy.invoke(ProviderFactory.java:165)
	at org.apache.maven.surefire.booter.ProviderFactory.invokeProvider(ProviderFactory.java:85)
	at org.apache.maven.surefire.booter.ForkedBooter.runSuitesInProcess(ForkedBooter.java:115)
	at org.apache.maven.surefire.booter.ForkedBooter.main(ForkedBooter.java:75)
</error>
  </testcase>
  <testcase classname="com.spotify.docker.client.DefaultDockerClientTest" name="testMissingAuthParam" time="0.022">
    <error message="java.util.concurrent.ExecutionException: javax.ws.rs.ProcessingException: java.io.IOException: No such file or directory" type="com.spotify.docker.client.exceptions.DockerException">com.spotify.docker.client.exceptions.DockerException: java.util.concurrent.ExecutionException: javax.ws.rs.ProcessingException: java.io.IOException: No such file or directory
	at com.spotify.docker.client.DefaultDockerClient.propagate(DefaultDockerClient.java:2812)
	at com.spotify.docker.client.DefaultDockerClient.request(DefaultDockerClient.java:2676)
	at com.spotify.docker.client.DefaultDockerClient.version(DefaultDockerClient.java:572)
	at com.spotify.docker.client.DefaultDockerClientTest.setup(DefaultDockerClientTest.java:349)
	at sun.reflect.GeneratedMethodAccessor10.invoke(Unknown Source)
	at sun.reflect.DelegatingMethodAccessorImpl.invoke(DelegatingMethodAccessorImpl.java:43)
	at java.lang.reflect.Method.invoke(Method.java:498)
	at org.junit.runners.model.FrameworkMethod$1.runReflectiveCall(FrameworkMethod.java:50)
	at org.junit.internal.runners.model.ReflectiveCallable.run(ReflectiveCallable.java:12)
	at org.junit.runners.model.FrameworkMethod.invokeExplosively(FrameworkMethod.java:47)
	at org.junit.internal.runners.statements.RunBefores.evaluate(RunBefores.java:24)
	at org.junit.internal.runners.statements.RunAfters.evaluate(RunAfters.java:27)
	at org.junit.rules.ExpectedException$ExpectedExceptionStatement.evaluate(ExpectedException.java:239)
	at org.junit.rules.TestWatcher$1.evaluate(TestWatcher.java:55)
	at org.junit.rules.RunRules.evaluate(RunRules.java:20)
	at org.junit.runners.ParentRunner.runLeaf(ParentRunner.java:325)
	at org.junit.runners.BlockJUnit4ClassRunner.runChild(BlockJUnit4ClassRunner.java:78)
	at org.junit.runners.BlockJUnit4ClassRunner.runChild(BlockJUnit4ClassRunner.java:57)
	at org.junit.runners.ParentRunner$3.run(ParentRunner.java:290)
	at org.junit.runners.ParentRunner$1.schedule(ParentRunner.java:71)
	at org.junit.runners.ParentRunner.runChildren(ParentRunner.java:288)
	at org.junit.runners.ParentRunner.access$000(ParentRunner.java:58)
	at org.junit.runners.ParentRunner$2.evaluate(ParentRunner.java:268)
	at org.junit.runners.ParentRunner.run(ParentRunner.java:363)
	at org.apache.maven.surefire.junit4.JUnit4Provider.execute(JUnit4Provider.java:252)
	at org.apache.maven.surefire.junit4.JUnit4Provider.executeTestSet(JUnit4Provider.java:141)
	at org.apache.maven.surefire.junit4.JUnit4Provider.invoke(JUnit4Provider.java:112)
	at sun.reflect.NativeMethodAccessorImpl.invoke0(Native Method)
	at sun.reflect.NativeMethodAccessorImpl.invoke(NativeMethodAccessorImpl.java:62)
	at sun.reflect.DelegatingMethodAccessorImpl.invoke(DelegatingMethodAccessorImpl.java:43)
	at java.lang.reflect.Method.invoke(Method.java:498)
	at org.apache.maven.surefire.util.ReflectionUtils.invokeMethodWithArray(ReflectionUtils.java:189)
	at org.apache.maven.surefire.booter.ProviderFactory$ProviderProxy.invoke(ProviderFactory.java:165)
	at org.apache.maven.surefire.booter.ProviderFactory.invokeProvider(ProviderFactory.java:85)
	at org.apache.maven.surefire.booter.ForkedBooter.runSuitesInProcess(ForkedBooter.java:115)
	at org.apache.maven.surefire.booter.ForkedBooter.main(ForkedBooter.java:75)
Caused by: java.util.concurrent.ExecutionException: javax.ws.rs.ProcessingException: java.io.IOException: No such file or directory
	at jersey.repackaged.com.google.common.util.concurrent.AbstractFuture$Sync.getValue(AbstractFuture.java:299)
	at jersey.repackaged.com.google.common.util.concurrent.AbstractFuture$Sync.get(AbstractFuture.java:286)
	at jersey.repackaged.com.google.common.util.concurrent.AbstractFuture.get(AbstractFuture.java:116)
	at com.spotify.docker.client.DefaultDockerClient.request(DefaultDockerClient.java:2674)
	... 34 more
Caused by: javax.ws.rs.ProcessingException: java.io.IOException: No such file or directory
	at org.glassfish.jersey.apache.connector.ApacheConnector.apply(ApacheConnector.java:481)
	at org.glassfish.jersey.apache.connector.ApacheConnector$1.run(ApacheConnector.java:491)
	at java.util.concurrent.Executors$RunnableAdapter.call(Executors.java:511)
	at java.util.concurrent.FutureTask.run(FutureTask.java:266)
	at jersey.repackaged.com.google.common.util.concurrent.MoreExecutors$DirectExecutorService.execute(MoreExecutors.java:299)
	at java.util.concurrent.AbstractExecutorService.submit(AbstractExecutorService.java:112)
	at jersey.repackaged.com.google.common.util.concurrent.AbstractListeningExecutorService.submit(AbstractListeningExecutorService.java:50)
	at jersey.repackaged.com.google.common.util.concurrent.AbstractListeningExecutorService.submit(AbstractListeningExecutorService.java:37)
	at org.glassfish.jersey.apache.connector.ApacheConnector.apply(ApacheConnector.java:487)
	at org.glassfish.jersey.client.ClientRuntime$2.run(ClientRuntime.java:178)
	at org.glassfish.jersey.internal.Errors$1.call(Errors.java:271)
	at org.glassfish.jersey.internal.Errors$1.call(Errors.java:267)
	at org.glassfish.jersey.internal.Errors.process(Errors.java:315)
	at org.glassfish.jersey.internal.Errors.process(Errors.java:297)
	at org.glassfish.jersey.internal.Errors.process(Errors.java:267)
	at org.glassfish.jersey.process.internal.RequestScope.runInScope(RequestScope.java:340)
	at org.glassfish.jersey.client.ClientRuntime$3.run(ClientRuntime.java:210)
	at java.util.concurrent.Executors$RunnableAdapter.call(Executors.java:511)
	at java.util.concurrent.FutureTask.run(FutureTask.java:266)
	at java.util.concurrent.ThreadPoolExecutor.runWorker(ThreadPoolExecutor.java:1142)
	at java.util.concurrent.ThreadPoolExecutor$Worker.run(ThreadPoolExecutor.java:617)
	at java.lang.Thread.run(Thread.java:745)
Caused by: java.io.IOException: No such file or directory
	at jnr.unixsocket.UnixSocketChannel.doConnect(UnixSocketChannel.java:127)
	at jnr.unixsocket.UnixSocketChannel.connect(UnixSocketChannel.java:136)
	at jnr.unixsocket.UnixSocketChannel.connect(UnixSocketChannel.java:223)
	at com.spotify.docker.client.UnixConnectionSocketFactory.connectSocket(UnixConnectionSocketFactory.java:85)
	at org.apache.http.impl.conn.DefaultHttpClientConnectionOperator.connect(DefaultHttpClientConnectionOperator.java:134)
	at org.apache.http.impl.conn.PoolingHttpClientConnectionManager.connect(PoolingHttpClientConnectionManager.java:353)
	at org.apache.http.impl.execchain.MainClientExec.establishRoute(MainClientExec.java:380)
	at org.apache.http.impl.execchain.MainClientExec.execute(MainClientExec.java:236)
	at org.apache.http.impl.execchain.ProtocolExec.execute(ProtocolExec.java:184)
	at org.apache.http.impl.execchain.RetryExec.execute(RetryExec.java:88)
	at org.apache.http.impl.execchain.RedirectExec.execute(RedirectExec.java:110)
	at org.apache.http.impl.client.InternalHttpClient.doExecute(InternalHttpClient.java:184)
	at org.apache.http.impl.client.CloseableHttpClient.execute(CloseableHttpClient.java:71)
	at org.glassfish.jersey.apache.connector.ApacheConnector.apply(ApacheConnector.java:435)
	... 21 more
</error>
    <system-err>Jun 02, 2018 7:44:42 AM org.apache.http.impl.execchain.RetryExec execute
INFO: I/O exception (java.io.IOException) caught when processing request to {}-&gt;unix://localhost:80: No such file or directory
Jun 02, 2018 7:44:42 AM org.apache.http.impl.execchain.RetryExec execute
INFO: Retrying request to {}-&gt;unix://localhost:80
Jun 02, 2018 7:44:42 AM org.apache.http.impl.execchain.RetryExec execute
INFO: I/O exception (java.io.IOException) caught when processing request to {}-&gt;unix://localhost:80: No such file or directory
Jun 02, 2018 7:44:42 AM org.apache.http.impl.execchain.RetryExec execute
INFO: Retrying request to {}-&gt;unix://localhost:80
Jun 02, 2018 7:44:42 AM org.apache.http.impl.execchain.RetryExec execute
INFO: I/O exception (java.io.IOException) caught when processing request to {}-&gt;unix://localhost:80: No such file or directory
Jun 02, 2018 7:44:42 AM org.apache.http.impl.execchain.RetryExec execute
INFO: Retrying request to {}-&gt;unix://localhost:80
</system-err>
  </testcase>
  <testcase classname="com.spotify.docker.client.DefaultDockerClientTest" name="testMissingAuthParam" time="0.023">
    <error type="java.lang.NullPointerException">java.lang.NullPointerException
	at com.spotify.docker.client.VersionCompare.compareVersion(VersionCompare.java:45)
	at com.spotify.docker.client.DefaultDockerClientTest.dockerApiVersionAtLeast(DefaultDockerClientTest.java:404)
	at com.spotify.docker.client.DefaultDockerClientTest.tearDown(DefaultDockerClientTest.java:356)
	at sun.reflect.GeneratedMethodAccessor11.invoke(Unknown Source)
	at sun.reflect.DelegatingMethodAccessorImpl.invoke(DelegatingMethodAccessorImpl.java:43)
	at java.lang.reflect.Method.invoke(Method.java:498)
	at org.junit.runners.model.FrameworkMethod$1.runReflectiveCall(FrameworkMethod.java:50)
	at org.junit.internal.runners.model.ReflectiveCallable.run(ReflectiveCallable.java:12)
	at org.junit.runners.model.FrameworkMethod.invokeExplosively(FrameworkMethod.java:47)
	at org.junit.internal.runners.statements.RunAfters.evaluate(RunAfters.java:33)
	at org.junit.rules.ExpectedException$ExpectedExceptionStatement.evaluate(ExpectedException.java:239)
	at org.junit.rules.TestWatcher$1.evaluate(TestWatcher.java:55)
	at org.junit.rules.RunRules.evaluate(RunRules.java:20)
	at org.junit.runners.ParentRunner.runLeaf(ParentRunner.java:325)
	at org.junit.runners.BlockJUnit4ClassRunner.runChild(BlockJUnit4ClassRunner.java:78)
	at org.junit.runners.BlockJUnit4ClassRunner.runChild(BlockJUnit4ClassRunner.java:57)
	at org.junit.runners.ParentRunner$3.run(ParentRunner.java:290)
	at org.junit.runners.ParentRunner$1.schedule(ParentRunner.java:71)
	at org.junit.runners.ParentRunner.runChildren(ParentRunner.java:288)
	at org.junit.runners.ParentRunner.access$000(ParentRunner.java:58)
	at org.junit.runners.ParentRunner$2.evaluate(ParentRunner.java:268)
	at org.junit.runners.ParentRunner.run(ParentRunner.java:363)
	at org.apache.maven.surefire.junit4.JUnit4Provider.execute(JUnit4Provider.java:252)
	at org.apache.maven.surefire.junit4.JUnit4Provider.executeTestSet(JUnit4Provider.java:141)
	at org.apache.maven.surefire.junit4.JUnit4Provider.invoke(JUnit4Provider.java:112)
	at sun.reflect.NativeMethodAccessorImpl.invoke0(Native Method)
	at sun.reflect.NativeMethodAccessorImpl.invoke(NativeMethodAccessorImpl.java:62)
	at sun.reflect.DelegatingMethodAccessorImpl.invoke(DelegatingMethodAccessorImpl.java:43)
	at java.lang.reflect.Method.invoke(Method.java:498)
	at org.apache.maven.surefire.util.ReflectionUtils.invokeMethodWithArray(ReflectionUtils.java:189)
	at org.apache.maven.surefire.booter.ProviderFactory$ProviderProxy.invoke(ProviderFactory.java:165)
	at org.apache.maven.surefire.booter.ProviderFactory.invokeProvider(ProviderFactory.java:85)
	at org.apache.maven.surefire.booter.ForkedBooter.runSuitesInProcess(ForkedBooter.java:115)
	at org.apache.maven.surefire.booter.ForkedBooter.main(ForkedBooter.java:75)
</error>
  </testcase>
  <testcase classname="com.spotify.docker.client.DefaultDockerClientTest" name="testEventStreamPolling" time="0.022">
    <error message="java.util.concurrent.ExecutionException: javax.ws.rs.ProcessingException: java.io.IOException: No such file or directory" type="com.spotify.docker.client.exceptions.DockerException">com.spotify.docker.client.exceptions.DockerException: java.util.concurrent.ExecutionException: javax.ws.rs.ProcessingException: java.io.IOException: No such file or directory
	at com.spotify.docker.client.DefaultDockerClient.propagate(DefaultDockerClient.java:2812)
	at com.spotify.docker.client.DefaultDockerClient.request(DefaultDockerClient.java:2676)
	at com.spotify.docker.client.DefaultDockerClient.version(DefaultDockerClient.java:572)
	at com.spotify.docker.client.DefaultDockerClientTest.setup(DefaultDockerClientTest.java:349)
	at sun.reflect.GeneratedMethodAccessor10.invoke(Unknown Source)
	at sun.reflect.DelegatingMethodAccessorImpl.invoke(DelegatingMethodAccessorImpl.java:43)
	at java.lang.reflect.Method.invoke(Method.java:498)
	at org.junit.runners.model.FrameworkMethod$1.runReflectiveCall(FrameworkMethod.java:50)
	at org.junit.internal.runners.model.ReflectiveCallable.run(ReflectiveCallable.java:12)
	at org.junit.runners.model.FrameworkMethod.invokeExplosively(FrameworkMethod.java:47)
	at org.junit.internal.runners.statements.RunBefores.evaluate(RunBefores.java:24)
	at org.junit.internal.runners.statements.RunAfters.evaluate(RunAfters.java:27)
	at org.junit.rules.ExpectedException$ExpectedExceptionStatement.evaluate(ExpectedException.java:239)
	at org.junit.rules.TestWatcher$1.evaluate(TestWatcher.java:55)
	at org.junit.rules.RunRules.evaluate(RunRules.java:20)
	at org.junit.runners.ParentRunner.runLeaf(ParentRunner.java:325)
	at org.junit.runners.BlockJUnit4ClassRunner.runChild(BlockJUnit4ClassRunner.java:78)
	at org.junit.runners.BlockJUnit4ClassRunner.runChild(BlockJUnit4ClassRunner.java:57)
	at org.junit.runners.ParentRunner$3.run(ParentRunner.java:290)
	at org.junit.runners.ParentRunner$1.schedule(ParentRunner.java:71)
	at org.junit.runners.ParentRunner.runChildren(ParentRunner.java:288)
	at org.junit.runners.ParentRunner.access$000(ParentRunner.java:58)
	at org.junit.runners.ParentRunner$2.evaluate(ParentRunner.java:268)
	at org.junit.runners.ParentRunner.run(ParentRunner.java:363)
	at org.apache.maven.surefire.junit4.JUnit4Provider.execute(JUnit4Provider.java:252)
	at org.apache.maven.surefire.junit4.JUnit4Provider.executeTestSet(JUnit4Provider.java:141)
	at org.apache.maven.surefire.junit4.JUnit4Provider.invoke(JUnit4Provider.java:112)
	at sun.reflect.NativeMethodAccessorImpl.invoke0(Native Method)
	at sun.reflect.NativeMethodAccessorImpl.invoke(NativeMethodAccessorImpl.java:62)
	at sun.reflect.DelegatingMethodAccessorImpl.invoke(DelegatingMethodAccessorImpl.java:43)
	at java.lang.reflect.Method.invoke(Method.java:498)
	at org.apache.maven.surefire.util.ReflectionUtils.invokeMethodWithArray(ReflectionUtils.java:189)
	at org.apache.maven.surefire.booter.ProviderFactory$ProviderProxy.invoke(ProviderFactory.java:165)
	at org.apache.maven.surefire.booter.ProviderFactory.invokeProvider(ProviderFactory.java:85)
	at org.apache.maven.surefire.booter.ForkedBooter.runSuitesInProcess(ForkedBooter.java:115)
	at org.apache.maven.surefire.booter.ForkedBooter.main(ForkedBooter.java:75)
Caused by: java.util.concurrent.ExecutionException: javax.ws.rs.ProcessingException: java.io.IOException: No such file or directory
	at jersey.repackaged.com.google.common.util.concurrent.AbstractFuture$Sync.getValue(AbstractFuture.java:299)
	at jersey.repackaged.com.google.common.util.concurrent.AbstractFuture$Sync.get(AbstractFuture.java:286)
	at jersey.repackaged.com.google.common.util.concurrent.AbstractFuture.get(AbstractFuture.java:116)
	at com.spotify.docker.client.DefaultDockerClient.request(DefaultDockerClient.java:2674)
	... 34 more
Caused by: javax.ws.rs.ProcessingException: java.io.IOException: No such file or directory
	at org.glassfish.jersey.apache.connector.ApacheConnector.apply(ApacheConnector.java:481)
	at org.glassfish.jersey.apache.connector.ApacheConnector$1.run(ApacheConnector.java:491)
	at java.util.concurrent.Executors$RunnableAdapter.call(Executors.java:511)
	at java.util.concurrent.FutureTask.run(FutureTask.java:266)
	at jersey.repackaged.com.google.common.util.concurrent.MoreExecutors$DirectExecutorService.execute(MoreExecutors.java:299)
	at java.util.concurrent.AbstractExecutorService.submit(AbstractExecutorService.java:112)
	at jersey.repackaged.com.google.common.util.concurrent.AbstractListeningExecutorService.submit(AbstractListeningExecutorService.java:50)
	at jersey.repackaged.com.google.common.util.concurrent.AbstractListeningExecutorService.submit(AbstractListeningExecutorService.java:37)
	at org.glassfish.jersey.apache.connector.ApacheConnector.apply(ApacheConnector.java:487)
	at org.glassfish.jersey.client.ClientRuntime$2.run(ClientRuntime.java:178)
	at org.glassfish.jersey.internal.Errors$1.call(Errors.java:271)
	at org.glassfish.jersey.internal.Errors$1.call(Errors.java:267)
	at org.glassfish.jersey.internal.Errors.process(Errors.java:315)
	at org.glassfish.jersey.internal.Errors.process(Errors.java:297)
	at org.glassfish.jersey.internal.Errors.process(Errors.java:267)
	at org.glassfish.jersey.process.internal.RequestScope.runInScope(RequestScope.java:340)
	at org.glassfish.jersey.client.ClientRuntime$3.run(ClientRuntime.java:210)
	at java.util.concurrent.Executors$RunnableAdapter.call(Executors.java:511)
	at java.util.concurrent.FutureTask.run(FutureTask.java:266)
	at java.util.concurrent.ThreadPoolExecutor.runWorker(ThreadPoolExecutor.java:1142)
	at java.util.concurrent.ThreadPoolExecutor$Worker.run(ThreadPoolExecutor.java:617)
	at java.lang.Thread.run(Thread.java:745)
Caused by: java.io.IOException: No such file or directory
	at jnr.unixsocket.UnixSocketChannel.doConnect(UnixSocketChannel.java:127)
	at jnr.unixsocket.UnixSocketChannel.connect(UnixSocketChannel.java:136)
	at jnr.unixsocket.UnixSocketChannel.connect(UnixSocketChannel.java:223)
	at com.spotify.docker.client.UnixConnectionSocketFactory.connectSocket(UnixConnectionSocketFactory.java:85)
	at org.apache.http.impl.conn.DefaultHttpClientConnectionOperator.connect(DefaultHttpClientConnectionOperator.java:134)
	at org.apache.http.impl.conn.PoolingHttpClientConnectionManager.connect(PoolingHttpClientConnectionManager.java:353)
	at org.apache.http.impl.execchain.MainClientExec.establishRoute(MainClientExec.java:380)
	at org.apache.http.impl.execchain.MainClientExec.execute(MainClientExec.java:236)
	at org.apache.http.impl.execchain.ProtocolExec.execute(ProtocolExec.java:184)
	at org.apache.http.impl.execchain.RetryExec.execute(RetryExec.java:88)
	at org.apache.http.impl.execchain.RedirectExec.execute(RedirectExec.java:110)
	at org.apache.http.impl.client.InternalHttpClient.doExecute(InternalHttpClient.java:184)
	at org.apache.http.impl.client.CloseableHttpClient.execute(CloseableHttpClient.java:71)
	at org.glassfish.jersey.apache.connector.ApacheConnector.apply(ApacheConnector.java:435)
	... 21 more
</error>
    <system-err>Jun 02, 2018 7:44:42 AM org.apache.http.impl.execchain.RetryExec execute
INFO: I/O exception (java.io.IOException) caught when processing request to {}-&gt;unix://localhost:80: No such file or directory
Jun 02, 2018 7:44:42 AM org.apache.http.impl.execchain.RetryExec execute
INFO: Retrying request to {}-&gt;unix://localhost:80
Jun 02, 2018 7:44:42 AM org.apache.http.impl.execchain.RetryExec execute
INFO: I/O exception (java.io.IOException) caught when processing request to {}-&gt;unix://localhost:80: No such file or directory
Jun 02, 2018 7:44:42 AM org.apache.http.impl.execchain.RetryExec execute
INFO: Retrying request to {}-&gt;unix://localhost:80
Jun 02, 2018 7:44:42 AM org.apache.http.impl.execchain.RetryExec execute
INFO: I/O exception (java.io.IOException) caught when processing request to {}-&gt;unix://localhost:80: No such file or directory
Jun 02, 2018 7:44:42 AM org.apache.http.impl.execchain.RetryExec execute
INFO: Retrying request to {}-&gt;unix://localhost:80
</system-err>
  </testcase>
  <testcase classname="com.spotify.docker.client.DefaultDockerClientTest" name="testEventStreamPolling" time="0.022">
    <error type="java.lang.NullPointerException">java.lang.NullPointerException
	at com.spotify.docker.client.VersionCompare.compareVersion(VersionCompare.java:45)
	at com.spotify.docker.client.DefaultDockerClientTest.dockerApiVersionAtLeast(DefaultDockerClientTest.java:404)
	at com.spotify.docker.client.DefaultDockerClientTest.tearDown(DefaultDockerClientTest.java:356)
	at sun.reflect.GeneratedMethodAccessor11.invoke(Unknown Source)
	at sun.reflect.DelegatingMethodAccessorImpl.invoke(DelegatingMethodAccessorImpl.java:43)
	at java.lang.reflect.Method.invoke(Method.java:498)
	at org.junit.runners.model.FrameworkMethod$1.runReflectiveCall(FrameworkMethod.java:50)
	at org.junit.internal.runners.model.ReflectiveCallable.run(ReflectiveCallable.java:12)
	at org.junit.runners.model.FrameworkMethod.invokeExplosively(FrameworkMethod.java:47)
	at org.junit.internal.runners.statements.RunAfters.evaluate(RunAfters.java:33)
	at org.junit.rules.ExpectedException$ExpectedExceptionStatement.evaluate(ExpectedException.java:239)
	at org.junit.rules.TestWatcher$1.evaluate(TestWatcher.java:55)
	at org.junit.rules.RunRules.evaluate(RunRules.java:20)
	at org.junit.runners.ParentRunner.runLeaf(ParentRunner.java:325)
	at org.junit.runners.BlockJUnit4ClassRunner.runChild(BlockJUnit4ClassRunner.java:78)
	at org.junit.runners.BlockJUnit4ClassRunner.runChild(BlockJUnit4ClassRunner.java:57)
	at org.junit.runners.ParentRunner$3.run(ParentRunner.java:290)
	at org.junit.runners.ParentRunner$1.schedule(ParentRunner.java:71)
	at org.junit.runners.ParentRunner.runChildren(ParentRunner.java:288)
	at org.junit.runners.ParentRunner.access$000(ParentRunner.java:58)
	at org.junit.runners.ParentRunner$2.evaluate(ParentRunner.java:268)
	at org.junit.runners.ParentRunner.run(ParentRunner.java:363)
	at org.apache.maven.surefire.junit4.JUnit4Provider.execute(JUnit4Provider.java:252)
	at org.apache.maven.surefire.junit4.JUnit4Provider.executeTestSet(JUnit4Provider.java:141)
	at org.apache.maven.surefire.junit4.JUnit4Provider.invoke(JUnit4Provider.java:112)
	at sun.reflect.NativeMethodAccessorImpl.invoke0(Native Method)
	at sun.reflect.NativeMethodAccessorImpl.invoke(NativeMethodAccessorImpl.java:62)
	at sun.reflect.DelegatingMethodAccessorImpl.invoke(DelegatingMethodAccessorImpl.java:43)
	at java.lang.reflect.Method.invoke(Method.java:498)
	at org.apache.maven.surefire.util.ReflectionUtils.invokeMethodWithArray(ReflectionUtils.java:189)
	at org.apache.maven.surefire.booter.ProviderFactory$ProviderProxy.invoke(ProviderFactory.java:165)
	at org.apache.maven.surefire.booter.ProviderFactory.invokeProvider(ProviderFactory.java:85)
	at org.apache.maven.surefire.booter.ForkedBooter.runSuitesInProcess(ForkedBooter.java:115)
	at org.apache.maven.surefire.booter.ForkedBooter.main(ForkedBooter.java:75)
</error>
  </testcase>
  <testcase classname="com.spotify.docker.client.DefaultDockerClientTest" name="testListServicesFilterById" time="0.022">
    <error message="java.util.concurrent.ExecutionException: javax.ws.rs.ProcessingException: java.io.IOException: No such file or directory" type="com.spotify.docker.client.exceptions.DockerException">com.spotify.docker.client.exceptions.DockerException: java.util.concurrent.ExecutionException: javax.ws.rs.ProcessingException: java.io.IOException: No such file or directory
	at com.spotify.docker.client.DefaultDockerClient.propagate(DefaultDockerClient.java:2812)
	at com.spotify.docker.client.DefaultDockerClient.request(DefaultDockerClient.java:2676)
	at com.spotify.docker.client.DefaultDockerClient.version(DefaultDockerClient.java:572)
	at com.spotify.docker.client.DefaultDockerClientTest.setup(DefaultDockerClientTest.java:349)
	at sun.reflect.GeneratedMethodAccessor10.invoke(Unknown Source)
	at sun.reflect.DelegatingMethodAccessorImpl.invoke(DelegatingMethodAccessorImpl.java:43)
	at java.lang.reflect.Method.invoke(Method.java:498)
	at org.junit.runners.model.FrameworkMethod$1.runReflectiveCall(FrameworkMethod.java:50)
	at org.junit.internal.runners.model.ReflectiveCallable.run(ReflectiveCallable.java:12)
	at org.junit.runners.model.FrameworkMethod.invokeExplosively(FrameworkMethod.java:47)
	at org.junit.internal.runners.statements.RunBefores.evaluate(RunBefores.java:24)
	at org.junit.internal.runners.statements.RunAfters.evaluate(RunAfters.java:27)
	at org.junit.rules.ExpectedException$ExpectedExceptionStatement.evaluate(ExpectedException.java:239)
	at org.junit.rules.TestWatcher$1.evaluate(TestWatcher.java:55)
	at org.junit.rules.RunRules.evaluate(RunRules.java:20)
	at org.junit.runners.ParentRunner.runLeaf(ParentRunner.java:325)
	at org.junit.runners.BlockJUnit4ClassRunner.runChild(BlockJUnit4ClassRunner.java:78)
	at org.junit.runners.BlockJUnit4ClassRunner.runChild(BlockJUnit4ClassRunner.java:57)
	at org.junit.runners.ParentRunner$3.run(ParentRunner.java:290)
	at org.junit.runners.ParentRunner$1.schedule(ParentRunner.java:71)
	at org.junit.runners.ParentRunner.runChildren(ParentRunner.java:288)
	at org.junit.runners.ParentRunner.access$000(ParentRunner.java:58)
	at org.junit.runners.ParentRunner$2.evaluate(ParentRunner.java:268)
	at org.junit.runners.ParentRunner.run(ParentRunner.java:363)
	at org.apache.maven.surefire.junit4.JUnit4Provider.execute(JUnit4Provider.java:252)
	at org.apache.maven.surefire.junit4.JUnit4Provider.executeTestSet(JUnit4Provider.java:141)
	at org.apache.maven.surefire.junit4.JUnit4Provider.invoke(JUnit4Provider.java:112)
	at sun.reflect.NativeMethodAccessorImpl.invoke0(Native Method)
	at sun.reflect.NativeMethodAccessorImpl.invoke(NativeMethodAccessorImpl.java:62)
	at sun.reflect.DelegatingMethodAccessorImpl.invoke(DelegatingMethodAccessorImpl.java:43)
	at java.lang.reflect.Method.invoke(Method.java:498)
	at org.apache.maven.surefire.util.ReflectionUtils.invokeMethodWithArray(ReflectionUtils.java:189)
	at org.apache.maven.surefire.booter.ProviderFactory$ProviderProxy.invoke(ProviderFactory.java:165)
	at org.apache.maven.surefire.booter.ProviderFactory.invokeProvider(ProviderFactory.java:85)
	at org.apache.maven.surefire.booter.ForkedBooter.runSuitesInProcess(ForkedBooter.java:115)
	at org.apache.maven.surefire.booter.ForkedBooter.main(ForkedBooter.java:75)
Caused by: java.util.concurrent.ExecutionException: javax.ws.rs.ProcessingException: java.io.IOException: No such file or directory
	at jersey.repackaged.com.google.common.util.concurrent.AbstractFuture$Sync.getValue(AbstractFuture.java:299)
	at jersey.repackaged.com.google.common.util.concurrent.AbstractFuture$Sync.get(AbstractFuture.java:286)
	at jersey.repackaged.com.google.common.util.concurrent.AbstractFuture.get(AbstractFuture.java:116)
	at com.spotify.docker.client.DefaultDockerClient.request(DefaultDockerClient.java:2674)
	... 34 more
Caused by: javax.ws.rs.ProcessingException: java.io.IOException: No such file or directory
	at org.glassfish.jersey.apache.connector.ApacheConnector.apply(ApacheConnector.java:481)
	at org.glassfish.jersey.apache.connector.ApacheConnector$1.run(ApacheConnector.java:491)
	at java.util.concurrent.Executors$RunnableAdapter.call(Executors.java:511)
	at java.util.concurrent.FutureTask.run(FutureTask.java:266)
	at jersey.repackaged.com.google.common.util.concurrent.MoreExecutors$DirectExecutorService.execute(MoreExecutors.java:299)
	at java.util.concurrent.AbstractExecutorService.submit(AbstractExecutorService.java:112)
	at jersey.repackaged.com.google.common.util.concurrent.AbstractListeningExecutorService.submit(AbstractListeningExecutorService.java:50)
	at jersey.repackaged.com.google.common.util.concurrent.AbstractListeningExecutorService.submit(AbstractListeningExecutorService.java:37)
	at org.glassfish.jersey.apache.connector.ApacheConnector.apply(ApacheConnector.java:487)
	at org.glassfish.jersey.client.ClientRuntime$2.run(ClientRuntime.java:178)
	at org.glassfish.jersey.internal.Errors$1.call(Errors.java:271)
	at org.glassfish.jersey.internal.Errors$1.call(Errors.java:267)
	at org.glassfish.jersey.internal.Errors.process(Errors.java:315)
	at org.glassfish.jersey.internal.Errors.process(Errors.java:297)
	at org.glassfish.jersey.internal.Errors.process(Errors.java:267)
	at org.glassfish.jersey.process.internal.RequestScope.runInScope(RequestScope.java:340)
	at org.glassfish.jersey.client.ClientRuntime$3.run(ClientRuntime.java:210)
	at java.util.concurrent.Executors$RunnableAdapter.call(Executors.java:511)
	at java.util.concurrent.FutureTask.run(FutureTask.java:266)
	at java.util.concurrent.ThreadPoolExecutor.runWorker(ThreadPoolExecutor.java:1142)
	at java.util.concurrent.ThreadPoolExecutor$Worker.run(ThreadPoolExecutor.java:617)
	at java.lang.Thread.run(Thread.java:745)
Caused by: java.io.IOException: No such file or directory
	at jnr.unixsocket.UnixSocketChannel.doConnect(UnixSocketChannel.java:127)
	at jnr.unixsocket.UnixSocketChannel.connect(UnixSocketChannel.java:136)
	at jnr.unixsocket.UnixSocketChannel.connect(UnixSocketChannel.java:223)
	at com.spotify.docker.client.UnixConnectionSocketFactory.connectSocket(UnixConnectionSocketFactory.java:85)
	at org.apache.http.impl.conn.DefaultHttpClientConnectionOperator.connect(DefaultHttpClientConnectionOperator.java:134)
	at org.apache.http.impl.conn.PoolingHttpClientConnectionManager.connect(PoolingHttpClientConnectionManager.java:353)
	at org.apache.http.impl.execchain.MainClientExec.establishRoute(MainClientExec.java:380)
	at org.apache.http.impl.execchain.MainClientExec.execute(MainClientExec.java:236)
	at org.apache.http.impl.execchain.ProtocolExec.execute(ProtocolExec.java:184)
	at org.apache.http.impl.execchain.RetryExec.execute(RetryExec.java:88)
	at org.apache.http.impl.execchain.RedirectExec.execute(RedirectExec.java:110)
	at org.apache.http.impl.client.InternalHttpClient.doExecute(InternalHttpClient.java:184)
	at org.apache.http.impl.client.CloseableHttpClient.execute(CloseableHttpClient.java:71)
	at org.glassfish.jersey.apache.connector.ApacheConnector.apply(ApacheConnector.java:435)
	... 21 more
</error>
    <system-err>Jun 02, 2018 7:44:42 AM org.apache.http.impl.execchain.RetryExec execute
INFO: I/O exception (java.io.IOException) caught when processing request to {}-&gt;unix://localhost:80: No such file or directory
Jun 02, 2018 7:44:42 AM org.apache.http.impl.execchain.RetryExec execute
INFO: Retrying request to {}-&gt;unix://localhost:80
Jun 02, 2018 7:44:42 AM org.apache.http.impl.execchain.RetryExec execute
INFO: I/O exception (java.io.IOException) caught when processing request to {}-&gt;unix://localhost:80: No such file or directory
Jun 02, 2018 7:44:42 AM org.apache.http.impl.execchain.RetryExec execute
INFO: Retrying request to {}-&gt;unix://localhost:80
Jun 02, 2018 7:44:42 AM org.apache.http.impl.execchain.RetryExec execute
INFO: I/O exception (java.io.IOException) caught when processing request to {}-&gt;unix://localhost:80: No such file or directory
Jun 02, 2018 7:44:42 AM org.apache.http.impl.execchain.RetryExec execute
INFO: Retrying request to {}-&gt;unix://localhost:80
</system-err>
  </testcase>
  <testcase classname="com.spotify.docker.client.DefaultDockerClientTest" name="testListServicesFilterById" time="0.022">
    <error type="java.lang.NullPointerException">java.lang.NullPointerException
	at com.spotify.docker.client.VersionCompare.compareVersion(VersionCompare.java:45)
	at com.spotify.docker.client.DefaultDockerClientTest.dockerApiVersionAtLeast(DefaultDockerClientTest.java:404)
	at com.spotify.docker.client.DefaultDockerClientTest.tearDown(DefaultDockerClientTest.java:356)
	at sun.reflect.GeneratedMethodAccessor11.invoke(Unknown Source)
	at sun.reflect.DelegatingMethodAccessorImpl.invoke(DelegatingMethodAccessorImpl.java:43)
	at java.lang.reflect.Method.invoke(Method.java:498)
	at org.junit.runners.model.FrameworkMethod$1.runReflectiveCall(FrameworkMethod.java:50)
	at org.junit.internal.runners.model.ReflectiveCallable.run(ReflectiveCallable.java:12)
	at org.junit.runners.model.FrameworkMethod.invokeExplosively(FrameworkMethod.java:47)
	at org.junit.internal.runners.statements.RunAfters.evaluate(RunAfters.java:33)
	at org.junit.rules.ExpectedException$ExpectedExceptionStatement.evaluate(ExpectedException.java:239)
	at org.junit.rules.TestWatcher$1.evaluate(TestWatcher.java:55)
	at org.junit.rules.RunRules.evaluate(RunRules.java:20)
	at org.junit.runners.ParentRunner.runLeaf(ParentRunner.java:325)
	at org.junit.runners.BlockJUnit4ClassRunner.runChild(BlockJUnit4ClassRunner.java:78)
	at org.junit.runners.BlockJUnit4ClassRunner.runChild(BlockJUnit4ClassRunner.java:57)
	at org.junit.runners.ParentRunner$3.run(ParentRunner.java:290)
	at org.junit.runners.ParentRunner$1.schedule(ParentRunner.java:71)
	at org.junit.runners.ParentRunner.runChildren(ParentRunner.java:288)
	at org.junit.runners.ParentRunner.access$000(ParentRunner.java:58)
	at org.junit.runners.ParentRunner$2.evaluate(ParentRunner.java:268)
	at org.junit.runners.ParentRunner.run(ParentRunner.java:363)
	at org.apache.maven.surefire.junit4.JUnit4Provider.execute(JUnit4Provider.java:252)
	at org.apache.maven.surefire.junit4.JUnit4Provider.executeTestSet(JUnit4Provider.java:141)
	at org.apache.maven.surefire.junit4.JUnit4Provider.invoke(JUnit4Provider.java:112)
	at sun.reflect.NativeMethodAccessorImpl.invoke0(Native Method)
	at sun.reflect.NativeMethodAccessorImpl.invoke(NativeMethodAccessorImpl.java:62)
	at sun.reflect.DelegatingMethodAccessorImpl.invoke(DelegatingMethodAccessorImpl.java:43)
	at java.lang.reflect.Method.invoke(Method.java:498)
	at org.apache.maven.surefire.util.ReflectionUtils.invokeMethodWithArray(ReflectionUtils.java:189)
	at org.apache.maven.surefire.booter.ProviderFactory$ProviderProxy.invoke(ProviderFactory.java:165)
	at org.apache.maven.surefire.booter.ProviderFactory.invokeProvider(ProviderFactory.java:85)
	at org.apache.maven.surefire.booter.ForkedBooter.runSuitesInProcess(ForkedBooter.java:115)
	at org.apache.maven.surefire.booter.ForkedBooter.main(ForkedBooter.java:75)
</error>
  </testcase>
  <testcase classname="com.spotify.docker.client.DefaultDockerClientTest" name="testInspectTask" time="0.021">
    <error message="java.util.concurrent.ExecutionException: javax.ws.rs.ProcessingException: java.io.IOException: No such file or directory" type="com.spotify.docker.client.exceptions.DockerException">com.spotify.docker.client.exceptions.DockerException: java.util.concurrent.ExecutionException: javax.ws.rs.ProcessingException: java.io.IOException: No such file or directory
	at com.spotify.docker.client.DefaultDockerClient.propagate(DefaultDockerClient.java:2812)
	at com.spotify.docker.client.DefaultDockerClient.request(DefaultDockerClient.java:2676)
	at com.spotify.docker.client.DefaultDockerClient.version(DefaultDockerClient.java:572)
	at com.spotify.docker.client.DefaultDockerClientTest.setup(DefaultDockerClientTest.java:349)
	at sun.reflect.GeneratedMethodAccessor10.invoke(Unknown Source)
	at sun.reflect.DelegatingMethodAccessorImpl.invoke(DelegatingMethodAccessorImpl.java:43)
	at java.lang.reflect.Method.invoke(Method.java:498)
	at org.junit.runners.model.FrameworkMethod$1.runReflectiveCall(FrameworkMethod.java:50)
	at org.junit.internal.runners.model.ReflectiveCallable.run(ReflectiveCallable.java:12)
	at org.junit.runners.model.FrameworkMethod.invokeExplosively(FrameworkMethod.java:47)
	at org.junit.internal.runners.statements.RunBefores.evaluate(RunBefores.java:24)
	at org.junit.internal.runners.statements.RunAfters.evaluate(RunAfters.java:27)
	at org.junit.rules.ExpectedException$ExpectedExceptionStatement.evaluate(ExpectedException.java:239)
	at org.junit.rules.TestWatcher$1.evaluate(TestWatcher.java:55)
	at org.junit.rules.RunRules.evaluate(RunRules.java:20)
	at org.junit.runners.ParentRunner.runLeaf(ParentRunner.java:325)
	at org.junit.runners.BlockJUnit4ClassRunner.runChild(BlockJUnit4ClassRunner.java:78)
	at org.junit.runners.BlockJUnit4ClassRunner.runChild(BlockJUnit4ClassRunner.java:57)
	at org.junit.runners.ParentRunner$3.run(ParentRunner.java:290)
	at org.junit.runners.ParentRunner$1.schedule(ParentRunner.java:71)
	at org.junit.runners.ParentRunner.runChildren(ParentRunner.java:288)
	at org.junit.runners.ParentRunner.access$000(ParentRunner.java:58)
	at org.junit.runners.ParentRunner$2.evaluate(ParentRunner.java:268)
	at org.junit.runners.ParentRunner.run(ParentRunner.java:363)
	at org.apache.maven.surefire.junit4.JUnit4Provider.execute(JUnit4Provider.java:252)
	at org.apache.maven.surefire.junit4.JUnit4Provider.executeTestSet(JUnit4Provider.java:141)
	at org.apache.maven.surefire.junit4.JUnit4Provider.invoke(JUnit4Provider.java:112)
	at sun.reflect.NativeMethodAccessorImpl.invoke0(Native Method)
	at sun.reflect.NativeMethodAccessorImpl.invoke(NativeMethodAccessorImpl.java:62)
	at sun.reflect.DelegatingMethodAccessorImpl.invoke(DelegatingMethodAccessorImpl.java:43)
	at java.lang.reflect.Method.invoke(Method.java:498)
	at org.apache.maven.surefire.util.ReflectionUtils.invokeMethodWithArray(ReflectionUtils.java:189)
	at org.apache.maven.surefire.booter.ProviderFactory$ProviderProxy.invoke(ProviderFactory.java:165)
	at org.apache.maven.surefire.booter.ProviderFactory.invokeProvider(ProviderFactory.java:85)
	at org.apache.maven.surefire.booter.ForkedBooter.runSuitesInProcess(ForkedBooter.java:115)
	at org.apache.maven.surefire.booter.ForkedBooter.main(ForkedBooter.java:75)
Caused by: java.util.concurrent.ExecutionException: javax.ws.rs.ProcessingException: java.io.IOException: No such file or directory
	at jersey.repackaged.com.google.common.util.concurrent.AbstractFuture$Sync.getValue(AbstractFuture.java:299)
	at jersey.repackaged.com.google.common.util.concurrent.AbstractFuture$Sync.get(AbstractFuture.java:286)
	at jersey.repackaged.com.google.common.util.concurrent.AbstractFuture.get(AbstractFuture.java:116)
	at com.spotify.docker.client.DefaultDockerClient.request(DefaultDockerClient.java:2674)
	... 34 more
Caused by: javax.ws.rs.ProcessingException: java.io.IOException: No such file or directory
	at org.glassfish.jersey.apache.connector.ApacheConnector.apply(ApacheConnector.java:481)
	at org.glassfish.jersey.apache.connector.ApacheConnector$1.run(ApacheConnector.java:491)
	at java.util.concurrent.Executors$RunnableAdapter.call(Executors.java:511)
	at java.util.concurrent.FutureTask.run(FutureTask.java:266)
	at jersey.repackaged.com.google.common.util.concurrent.MoreExecutors$DirectExecutorService.execute(MoreExecutors.java:299)
	at java.util.concurrent.AbstractExecutorService.submit(AbstractExecutorService.java:112)
	at jersey.repackaged.com.google.common.util.concurrent.AbstractListeningExecutorService.submit(AbstractListeningExecutorService.java:50)
	at jersey.repackaged.com.google.common.util.concurrent.AbstractListeningExecutorService.submit(AbstractListeningExecutorService.java:37)
	at org.glassfish.jersey.apache.connector.ApacheConnector.apply(ApacheConnector.java:487)
	at org.glassfish.jersey.client.ClientRuntime$2.run(ClientRuntime.java:178)
	at org.glassfish.jersey.internal.Errors$1.call(Errors.java:271)
	at org.glassfish.jersey.internal.Errors$1.call(Errors.java:267)
	at org.glassfish.jersey.internal.Errors.process(Errors.java:315)
	at org.glassfish.jersey.internal.Errors.process(Errors.java:297)
	at org.glassfish.jersey.internal.Errors.process(Errors.java:267)
	at org.glassfish.jersey.process.internal.RequestScope.runInScope(RequestScope.java:340)
	at org.glassfish.jersey.client.ClientRuntime$3.run(ClientRuntime.java:210)
	at java.util.concurrent.Executors$RunnableAdapter.call(Executors.java:511)
	at java.util.concurrent.FutureTask.run(FutureTask.java:266)
	at java.util.concurrent.ThreadPoolExecutor.runWorker(ThreadPoolExecutor.java:1142)
	at java.util.concurrent.ThreadPoolExecutor$Worker.run(ThreadPoolExecutor.java:617)
	at java.lang.Thread.run(Thread.java:745)
Caused by: java.io.IOException: No such file or directory
	at jnr.unixsocket.UnixSocketChannel.doConnect(UnixSocketChannel.java:127)
	at jnr.unixsocket.UnixSocketChannel.connect(UnixSocketChannel.java:136)
	at jnr.unixsocket.UnixSocketChannel.connect(UnixSocketChannel.java:223)
	at com.spotify.docker.client.UnixConnectionSocketFactory.connectSocket(UnixConnectionSocketFactory.java:85)
	at org.apache.http.impl.conn.DefaultHttpClientConnectionOperator.connect(DefaultHttpClientConnectionOperator.java:134)
	at org.apache.http.impl.conn.PoolingHttpClientConnectionManager.connect(PoolingHttpClientConnectionManager.java:353)
	at org.apache.http.impl.execchain.MainClientExec.establishRoute(MainClientExec.java:380)
	at org.apache.http.impl.execchain.MainClientExec.execute(MainClientExec.java:236)
	at org.apache.http.impl.execchain.ProtocolExec.execute(ProtocolExec.java:184)
	at org.apache.http.impl.execchain.RetryExec.execute(RetryExec.java:88)
	at org.apache.http.impl.execchain.RedirectExec.execute(RedirectExec.java:110)
	at org.apache.http.impl.client.InternalHttpClient.doExecute(InternalHttpClient.java:184)
	at org.apache.http.impl.client.CloseableHttpClient.execute(CloseableHttpClient.java:71)
	at org.glassfish.jersey.apache.connector.ApacheConnector.apply(ApacheConnector.java:435)
	... 21 more
</error>
    <system-err>Jun 02, 2018 7:44:42 AM org.apache.http.impl.execchain.RetryExec execute
INFO: I/O exception (java.io.IOException) caught when processing request to {}-&gt;unix://localhost:80: No such file or directory
Jun 02, 2018 7:44:42 AM org.apache.http.impl.execchain.RetryExec execute
INFO: Retrying request to {}-&gt;unix://localhost:80
Jun 02, 2018 7:44:42 AM org.apache.http.impl.execchain.RetryExec execute
INFO: I/O exception (java.io.IOException) caught when processing request to {}-&gt;unix://localhost:80: No such file or directory
Jun 02, 2018 7:44:42 AM org.apache.http.impl.execchain.RetryExec execute
INFO: Retrying request to {}-&gt;unix://localhost:80
Jun 02, 2018 7:44:42 AM org.apache.http.impl.execchain.RetryExec execute
INFO: I/O exception (java.io.IOException) caught when processing request to {}-&gt;unix://localhost:80: No such file or directory
Jun 02, 2018 7:44:42 AM org.apache.http.impl.execchain.RetryExec execute
INFO: Retrying request to {}-&gt;unix://localhost:80
</system-err>
  </testcase>
  <testcase classname="com.spotify.docker.client.DefaultDockerClientTest" name="testInspectTask" time="0.021">
    <error type="java.lang.NullPointerException">java.lang.NullPointerException
	at com.spotify.docker.client.VersionCompare.compareVersion(VersionCompare.java:45)
	at com.spotify.docker.client.DefaultDockerClientTest.dockerApiVersionAtLeast(DefaultDockerClientTest.java:404)
	at com.spotify.docker.client.DefaultDockerClientTest.tearDown(DefaultDockerClientTest.java:356)
	at sun.reflect.GeneratedMethodAccessor11.invoke(Unknown Source)
	at sun.reflect.DelegatingMethodAccessorImpl.invoke(DelegatingMethodAccessorImpl.java:43)
	at java.lang.reflect.Method.invoke(Method.java:498)
	at org.junit.runners.model.FrameworkMethod$1.runReflectiveCall(FrameworkMethod.java:50)
	at org.junit.internal.runners.model.ReflectiveCallable.run(ReflectiveCallable.java:12)
	at org.junit.runners.model.FrameworkMethod.invokeExplosively(FrameworkMethod.java:47)
	at org.junit.internal.runners.statements.RunAfters.evaluate(RunAfters.java:33)
	at org.junit.rules.ExpectedException$ExpectedExceptionStatement.evaluate(ExpectedException.java:239)
	at org.junit.rules.TestWatcher$1.evaluate(TestWatcher.java:55)
	at org.junit.rules.RunRules.evaluate(RunRules.java:20)
	at org.junit.runners.ParentRunner.runLeaf(ParentRunner.java:325)
	at org.junit.runners.BlockJUnit4ClassRunner.runChild(BlockJUnit4ClassRunner.java:78)
	at org.junit.runners.BlockJUnit4ClassRunner.runChild(BlockJUnit4ClassRunner.java:57)
	at org.junit.runners.ParentRunner$3.run(ParentRunner.java:290)
	at org.junit.runners.ParentRunner$1.schedule(ParentRunner.java:71)
	at org.junit.runners.ParentRunner.runChildren(ParentRunner.java:288)
	at org.junit.runners.ParentRunner.access$000(ParentRunner.java:58)
	at org.junit.runners.ParentRunner$2.evaluate(ParentRunner.java:268)
	at org.junit.runners.ParentRunner.run(ParentRunner.java:363)
	at org.apache.maven.surefire.junit4.JUnit4Provider.execute(JUnit4Provider.java:252)
	at org.apache.maven.surefire.junit4.JUnit4Provider.executeTestSet(JUnit4Provider.java:141)
	at org.apache.maven.surefire.junit4.JUnit4Provider.invoke(JUnit4Provider.java:112)
	at sun.reflect.NativeMethodAccessorImpl.invoke0(Native Method)
	at sun.reflect.NativeMethodAccessorImpl.invoke(NativeMethodAccessorImpl.java:62)
	at sun.reflect.DelegatingMethodAccessorImpl.invoke(DelegatingMethodAccessorImpl.java:43)
	at java.lang.reflect.Method.invoke(Method.java:498)
	at org.apache.maven.surefire.util.ReflectionUtils.invokeMethodWithArray(ReflectionUtils.java:189)
	at org.apache.maven.surefire.booter.ProviderFactory$ProviderProxy.invoke(ProviderFactory.java:165)
	at org.apache.maven.surefire.booter.ProviderFactory.invokeProvider(ProviderFactory.java:85)
	at org.apache.maven.surefire.booter.ForkedBooter.runSuitesInProcess(ForkedBooter.java:115)
	at org.apache.maven.surefire.booter.ForkedBooter.main(ForkedBooter.java:75)
</error>
  </testcase>
  <testcase classname="com.spotify.docker.client.DefaultDockerClientTest" name="testReadonlyRootfs" time="0.021">
    <error message="java.util.concurrent.ExecutionException: javax.ws.rs.ProcessingException: java.io.IOException: No such file or directory" type="com.spotify.docker.client.exceptions.DockerException">com.spotify.docker.client.exceptions.DockerException: java.util.concurrent.ExecutionException: javax.ws.rs.ProcessingException: java.io.IOException: No such file or directory
	at com.spotify.docker.client.DefaultDockerClient.propagate(DefaultDockerClient.java:2812)
	at com.spotify.docker.client.DefaultDockerClient.request(DefaultDockerClient.java:2676)
	at com.spotify.docker.client.DefaultDockerClient.version(DefaultDockerClient.java:572)
	at com.spotify.docker.client.DefaultDockerClientTest.setup(DefaultDockerClientTest.java:349)
	at sun.reflect.GeneratedMethodAccessor10.invoke(Unknown Source)
	at sun.reflect.DelegatingMethodAccessorImpl.invoke(DelegatingMethodAccessorImpl.java:43)
	at java.lang.reflect.Method.invoke(Method.java:498)
	at org.junit.runners.model.FrameworkMethod$1.runReflectiveCall(FrameworkMethod.java:50)
	at org.junit.internal.runners.model.ReflectiveCallable.run(ReflectiveCallable.java:12)
	at org.junit.runners.model.FrameworkMethod.invokeExplosively(FrameworkMethod.java:47)
	at org.junit.internal.runners.statements.RunBefores.evaluate(RunBefores.java:24)
	at org.junit.internal.runners.statements.RunAfters.evaluate(RunAfters.java:27)
	at org.junit.rules.ExpectedException$ExpectedExceptionStatement.evaluate(ExpectedException.java:239)
	at org.junit.rules.TestWatcher$1.evaluate(TestWatcher.java:55)
	at org.junit.rules.RunRules.evaluate(RunRules.java:20)
	at org.junit.runners.ParentRunner.runLeaf(ParentRunner.java:325)
	at org.junit.runners.BlockJUnit4ClassRunner.runChild(BlockJUnit4ClassRunner.java:78)
	at org.junit.runners.BlockJUnit4ClassRunner.runChild(BlockJUnit4ClassRunner.java:57)
	at org.junit.runners.ParentRunner$3.run(ParentRunner.java:290)
	at org.junit.runners.ParentRunner$1.schedule(ParentRunner.java:71)
	at org.junit.runners.ParentRunner.runChildren(ParentRunner.java:288)
	at org.junit.runners.ParentRunner.access$000(ParentRunner.java:58)
	at org.junit.runners.ParentRunner$2.evaluate(ParentRunner.java:268)
	at org.junit.runners.ParentRunner.run(ParentRunner.java:363)
	at org.apache.maven.surefire.junit4.JUnit4Provider.execute(JUnit4Provider.java:252)
	at org.apache.maven.surefire.junit4.JUnit4Provider.executeTestSet(JUnit4Provider.java:141)
	at org.apache.maven.surefire.junit4.JUnit4Provider.invoke(JUnit4Provider.java:112)
	at sun.reflect.NativeMethodAccessorImpl.invoke0(Native Method)
	at sun.reflect.NativeMethodAccessorImpl.invoke(NativeMethodAccessorImpl.java:62)
	at sun.reflect.DelegatingMethodAccessorImpl.invoke(DelegatingMethodAccessorImpl.java:43)
	at java.lang.reflect.Method.invoke(Method.java:498)
	at org.apache.maven.surefire.util.ReflectionUtils.invokeMethodWithArray(ReflectionUtils.java:189)
	at org.apache.maven.surefire.booter.ProviderFactory$ProviderProxy.invoke(ProviderFactory.java:165)
	at org.apache.maven.surefire.booter.ProviderFactory.invokeProvider(ProviderFactory.java:85)
	at org.apache.maven.surefire.booter.ForkedBooter.runSuitesInProcess(ForkedBooter.java:115)
	at org.apache.maven.surefire.booter.ForkedBooter.main(ForkedBooter.java:75)
Caused by: java.util.concurrent.ExecutionException: javax.ws.rs.ProcessingException: java.io.IOException: No such file or directory
	at jersey.repackaged.com.google.common.util.concurrent.AbstractFuture$Sync.getValue(AbstractFuture.java:299)
	at jersey.repackaged.com.google.common.util.concurrent.AbstractFuture$Sync.get(AbstractFuture.java:286)
	at jersey.repackaged.com.google.common.util.concurrent.AbstractFuture.get(AbstractFuture.java:116)
	at com.spotify.docker.client.DefaultDockerClient.request(DefaultDockerClient.java:2674)
	... 34 more
Caused by: javax.ws.rs.ProcessingException: java.io.IOException: No such file or directory
	at org.glassfish.jersey.apache.connector.ApacheConnector.apply(ApacheConnector.java:481)
	at org.glassfish.jersey.apache.connector.ApacheConnector$1.run(ApacheConnector.java:491)
	at java.util.concurrent.Executors$RunnableAdapter.call(Executors.java:511)
	at java.util.concurrent.FutureTask.run(FutureTask.java:266)
	at jersey.repackaged.com.google.common.util.concurrent.MoreExecutors$DirectExecutorService.execute(MoreExecutors.java:299)
	at java.util.concurrent.AbstractExecutorService.submit(AbstractExecutorService.java:112)
	at jersey.repackaged.com.google.common.util.concurrent.AbstractListeningExecutorService.submit(AbstractListeningExecutorService.java:50)
	at jersey.repackaged.com.google.common.util.concurrent.AbstractListeningExecutorService.submit(AbstractListeningExecutorService.java:37)
	at org.glassfish.jersey.apache.connector.ApacheConnector.apply(ApacheConnector.java:487)
	at org.glassfish.jersey.client.ClientRuntime$2.run(ClientRuntime.java:178)
	at org.glassfish.jersey.internal.Errors$1.call(Errors.java:271)
	at org.glassfish.jersey.internal.Errors$1.call(Errors.java:267)
	at org.glassfish.jersey.internal.Errors.process(Errors.java:315)
	at org.glassfish.jersey.internal.Errors.process(Errors.java:297)
	at org.glassfish.jersey.internal.Errors.process(Errors.java:267)
	at org.glassfish.jersey.process.internal.RequestScope.runInScope(RequestScope.java:340)
	at org.glassfish.jersey.client.ClientRuntime$3.run(ClientRuntime.java:210)
	at java.util.concurrent.Executors$RunnableAdapter.call(Executors.java:511)
	at java.util.concurrent.FutureTask.run(FutureTask.java:266)
	at java.util.concurrent.ThreadPoolExecutor.runWorker(ThreadPoolExecutor.java:1142)
	at java.util.concurrent.ThreadPoolExecutor$Worker.run(ThreadPoolExecutor.java:617)
	at java.lang.Thread.run(Thread.java:745)
Caused by: java.io.IOException: No such file or directory
	at jnr.unixsocket.UnixSocketChannel.doConnect(UnixSocketChannel.java:127)
	at jnr.unixsocket.UnixSocketChannel.connect(UnixSocketChannel.java:136)
	at jnr.unixsocket.UnixSocketChannel.connect(UnixSocketChannel.java:223)
	at com.spotify.docker.client.UnixConnectionSocketFactory.connectSocket(UnixConnectionSocketFactory.java:85)
	at org.apache.http.impl.conn.DefaultHttpClientConnectionOperator.connect(DefaultHttpClientConnectionOperator.java:134)
	at org.apache.http.impl.conn.PoolingHttpClientConnectionManager.connect(PoolingHttpClientConnectionManager.java:353)
	at org.apache.http.impl.execchain.MainClientExec.establishRoute(MainClientExec.java:380)
	at org.apache.http.impl.execchain.MainClientExec.execute(MainClientExec.java:236)
	at org.apache.http.impl.execchain.ProtocolExec.execute(ProtocolExec.java:184)
	at org.apache.http.impl.execchain.RetryExec.execute(RetryExec.java:88)
	at org.apache.http.impl.execchain.RedirectExec.execute(RedirectExec.java:110)
	at org.apache.http.impl.client.InternalHttpClient.doExecute(InternalHttpClient.java:184)
	at org.apache.http.impl.client.CloseableHttpClient.execute(CloseableHttpClient.java:71)
	at org.glassfish.jersey.apache.connector.ApacheConnector.apply(ApacheConnector.java:435)
	... 21 more
</error>
    <system-err>Jun 02, 2018 7:44:42 AM org.apache.http.impl.execchain.RetryExec execute
INFO: I/O exception (java.io.IOException) caught when processing request to {}-&gt;unix://localhost:80: No such file or directory
Jun 02, 2018 7:44:42 AM org.apache.http.impl.execchain.RetryExec execute
INFO: Retrying request to {}-&gt;unix://localhost:80
Jun 02, 2018 7:44:42 AM org.apache.http.impl.execchain.RetryExec execute
INFO: I/O exception (java.io.IOException) caught when processing request to {}-&gt;unix://localhost:80: No such file or directory
Jun 02, 2018 7:44:42 AM org.apache.http.impl.execchain.RetryExec execute
INFO: Retrying request to {}-&gt;unix://localhost:80
Jun 02, 2018 7:44:42 AM org.apache.http.impl.execchain.RetryExec execute
INFO: I/O exception (java.io.IOException) caught when processing request to {}-&gt;unix://localhost:80: No such file or directory
Jun 02, 2018 7:44:42 AM org.apache.http.impl.execchain.RetryExec execute
INFO: Retrying request to {}-&gt;unix://localhost:80
</system-err>
  </testcase>
  <testcase classname="com.spotify.docker.client.DefaultDockerClientTest" name="testReadonlyRootfs" time="0.021">
    <error type="java.lang.NullPointerException">java.lang.NullPointerException
	at com.spotify.docker.client.VersionCompare.compareVersion(VersionCompare.java:45)
	at com.spotify.docker.client.DefaultDockerClientTest.dockerApiVersionAtLeast(DefaultDockerClientTest.java:404)
	at com.spotify.docker.client.DefaultDockerClientTest.tearDown(DefaultDockerClientTest.java:356)
	at sun.reflect.GeneratedMethodAccessor11.invoke(Unknown Source)
	at sun.reflect.DelegatingMethodAccessorImpl.invoke(DelegatingMethodAccessorImpl.java:43)
	at java.lang.reflect.Method.invoke(Method.java:498)
	at org.junit.runners.model.FrameworkMethod$1.runReflectiveCall(FrameworkMethod.java:50)
	at org.junit.internal.runners.model.ReflectiveCallable.run(ReflectiveCallable.java:12)
	at org.junit.runners.model.FrameworkMethod.invokeExplosively(FrameworkMethod.java:47)
	at org.junit.internal.runners.statements.RunAfters.evaluate(RunAfters.java:33)
	at org.junit.rules.ExpectedException$ExpectedExceptionStatement.evaluate(ExpectedException.java:239)
	at org.junit.rules.TestWatcher$1.evaluate(TestWatcher.java:55)
	at org.junit.rules.RunRules.evaluate(RunRules.java:20)
	at org.junit.runners.ParentRunner.runLeaf(ParentRunner.java:325)
	at org.junit.runners.BlockJUnit4ClassRunner.runChild(BlockJUnit4ClassRunner.java:78)
	at org.junit.runners.BlockJUnit4ClassRunner.runChild(BlockJUnit4ClassRunner.java:57)
	at org.junit.runners.ParentRunner$3.run(ParentRunner.java:290)
	at org.junit.runners.ParentRunner$1.schedule(ParentRunner.java:71)
	at org.junit.runners.ParentRunner.runChildren(ParentRunner.java:288)
	at org.junit.runners.ParentRunner.access$000(ParentRunner.java:58)
	at org.junit.runners.ParentRunner$2.evaluate(ParentRunner.java:268)
	at org.junit.runners.ParentRunner.run(ParentRunner.java:363)
	at org.apache.maven.surefire.junit4.JUnit4Provider.execute(JUnit4Provider.java:252)
	at org.apache.maven.surefire.junit4.JUnit4Provider.executeTestSet(JUnit4Provider.java:141)
	at org.apache.maven.surefire.junit4.JUnit4Provider.invoke(JUnit4Provider.java:112)
	at sun.reflect.NativeMethodAccessorImpl.invoke0(Native Method)
	at sun.reflect.NativeMethodAccessorImpl.invoke(NativeMethodAccessorImpl.java:62)
	at sun.reflect.DelegatingMethodAccessorImpl.invoke(DelegatingMethodAccessorImpl.java:43)
	at java.lang.reflect.Method.invoke(Method.java:498)
	at org.apache.maven.surefire.util.ReflectionUtils.invokeMethodWithArray(ReflectionUtils.java:189)
	at org.apache.maven.surefire.booter.ProviderFactory$ProviderProxy.invoke(ProviderFactory.java:165)
	at org.apache.maven.surefire.booter.ProviderFactory.invokeProvider(ProviderFactory.java:85)
	at org.apache.maven.surefire.booter.ForkedBooter.runSuitesInProcess(ForkedBooter.java:115)
	at org.apache.maven.surefire.booter.ForkedBooter.main(ForkedBooter.java:75)
</error>
  </testcase>
</testsuite>