<?xml version="1.0" encoding="UTF-8"?>
<testsuite xmlns:xsi="http://www.w3.org/2001/XMLSchema-instance" xsi:schemaLocation="https://maven.apache.org/surefire/maven-surefire-plugin/xsd/surefire-test-report.xsd" name="org.springframework.data.redis.core.DefaultZSetOperationsTests" time="0.132" tests="171" errors="171" skipped="0" failures="0">
  <properties>
    <property name="java.runtime.name" value="OpenJDK Runtime Environment"/>
    <property name="sun.boot.library.path" value="/usr/lib/jvm/java-8-openjdk-amd64/jre/lib/amd64"/>
    <property name="java.vm.version" value="25.121-b13"/>
    <property name="java.vm.vendor" value="Oracle Corporation"/>
    <property name="maven.multiModuleProjectDirectory" value="/root/workspace/spring-projects/spring-data-redis/388703425"/>
    <property name="java.vendor.url" value="http://java.oracle.com/"/>
    <property name="path.separator" value=":"/>
    <property name="guice.disable.misplaced.annotation.check" value="true"/>
    <property name="skip.gulp" value="true"/>
    <property name="java.vm.name" value="OpenJDK 64-Bit Server VM"/>
    <property name="file.encoding.pkg" value="sun.io"/>
    <property name="sun.java.launcher" value="SUN_STANDARD"/>
    <property name="sun.os.patch.level" value="unknown"/>
    <property name="findbugs.skip" value="true"/>
    <property name="java.vm.specification.name" value="Java Virtual Machine Specification"/>
    <property name="user.dir" value="/root/workspace/spring-projects/spring-data-redis/388703425"/>
    <property name="checkstyle.skip" value="true"/>
    <property name="java.runtime.version" value="1.8.0_121-8u121-b13-1~bpo8+1-b13"/>
    <property name="java.awt.graphicsenv" value="sun.awt.X11GraphicsEnvironment"/>
    <property name="skip.npm" value="true"/>
    <property name="java.endorsed.dirs" value="/usr/lib/jvm/java-8-openjdk-amd64/jre/lib/endorsed"/>
    <property name="os.arch" value="amd64"/>
    <property name="java.io.tmpdir" value="/tmp"/>
    <property name="gpg.skip" value="true"/>
    <property name="line.separator" value="&#10;"/>
    <property name="java.vm.specification.vendor" value="Oracle Corporation"/>
    <property name="cobertura.skip" value="true"/>
    <property name="os.name" value="Linux"/>
    <property name="classworlds.conf" value="/usr/share/maven/bin/m2.conf"/>
    <property name="sun.jnu.encoding" value="UTF-8"/>
    <property name="java.library.path" value="/usr/java/packages/lib/amd64:/usr/lib/x86_64-linux-gnu/jni:/lib/x86_64-linux-gnu:/usr/lib/x86_64-linux-gnu:/usr/lib/jni:/lib:/usr/lib"/>
    <property name="license.skip" value="true"/>
    <property name="java.specification.name" value="Java Platform API Specification"/>
    <property name="java.class.version" value="52.0"/>
    <property name="sun.management.compiler" value="HotSpot 64-Bit Tiered Compilers"/>
    <property name="skip.bower" value="true"/>
    <property name="maven.repo.local" value="/root/./workspace/spring-projects/spring-data-redis/388703425/.m2"/>
    <property name="os.version" value="3.10.0-862.3.2.el7.x86_64"/>
    <property name="user.home" value="/root"/>
    <property name="user.timezone" value="Europe/Paris"/>
    <property name="java.awt.printerjob" value="sun.print.PSPrinterJob"/>
    <property name="java.specification.version" value="1.8"/>
    <property name="file.encoding" value="UTF-8"/>
    <property name="user.name" value="root"/>
    <property name="java.class.path" value="/usr/share/maven/boot/plexus-classworlds-2.5.2.jar"/>
    <property name="skipITs" value="true"/>
    <property name="java.vm.specification.version" value="1.8"/>
    <property name="sun.arch.data.model" value="64"/>
    <property name="java.home" value="/usr/lib/jvm/java-8-openjdk-amd64/jre"/>
    <property name="sun.java.command" value="org.codehaus.plexus.classworlds.launcher.Launcher -B -D enforcer.skip=true -D dependency-check.skip=true -D skipITs=true -D cobertura.skip=true -D maven.repo.local=/root/./workspace/spring-projects/spring-data-redis/388703425/.m2 -D rat.skip=true -D findbugs.skip=true -D skip.bower=true -D gpg.skip=true -D checkstyle.skip=true -D skip.gulp=true -D license.skip=true -D skip.npm=true test"/>
    <property name="java.specification.vendor" value="Oracle Corporation"/>
    <property name="user.language" value="en"/>
    <property name="awt.toolkit" value="sun.awt.X11.XToolkit"/>
    <property name="dependency-check.skip" value="true"/>
    <property name="java.vm.info" value="mixed mode"/>
    <property name="java.version" value="1.8.0_121"/>
    <property name="java.ext.dirs" value="/usr/lib/jvm/java-8-openjdk-amd64/jre/lib/ext:/usr/java/packages/lib/ext"/>
    <property name="securerandom.source" value="file:/dev/./urandom"/>
    <property name="sun.boot.class.path" value="/usr/lib/jvm/java-8-openjdk-amd64/jre/lib/resources.jar:/usr/lib/jvm/java-8-openjdk-amd64/jre/lib/rt.jar:/usr/lib/jvm/java-8-openjdk-amd64/jre/lib/sunrsasign.jar:/usr/lib/jvm/java-8-openjdk-amd64/jre/lib/jsse.jar:/usr/lib/jvm/java-8-openjdk-amd64/jre/lib/jce.jar:/usr/lib/jvm/java-8-openjdk-amd64/jre/lib/charsets.jar:/usr/lib/jvm/java-8-openjdk-amd64/jre/lib/jfr.jar:/usr/lib/jvm/java-8-openjdk-amd64/jre/classes"/>
    <property name="java.vendor" value="Oracle Corporation"/>
    <property name="enforcer.skip" value="true"/>
    <property name="rat.skip" value="true"/>
    <property name="maven.home" value="/usr/share/maven"/>
    <property name="file.separator" value="/"/>
    <property name="java.vendor.url.bug" value="http://bugreport.sun.com/bugreport/"/>
    <property name="sun.cpu.endian" value="little"/>
    <property name="sun.io.unicode.encoding" value="UnicodeLittle"/>
    <property name="sun.cpu.isalist" value=""/>
  </properties>
  <testcase name="zCardRetrievesDataCorrectly[0]" classname="org.springframework.data.redis.core.DefaultZSetOperationsTests" time="0">
    <error message="Could not initialize class org.springframework.data.redis.test.util.MinimumRedisVersionRule" type="java.lang.NoClassDefFoundError"><![CDATA[java.lang.NoClassDefFoundError: Could not initialize class org.springframework.data.redis.test.util.MinimumRedisVersionRule
	at org.springframework.data.redis.core.DefaultZSetOperationsTests.<init>(DefaultZSetOperationsTests.java:63)
]]></error>
  </testcase>
  <testcase name="testZScanShouldReadEntireValueRange[0]" classname="org.springframework.data.redis.core.DefaultZSetOperationsTests" time="0">
    <error message="Could not initialize class org.springframework.data.redis.test.util.MinimumRedisVersionRule" type="java.lang.NoClassDefFoundError"><![CDATA[java.lang.NoClassDefFoundError: Could not initialize class org.springframework.data.redis.test.util.MinimumRedisVersionRule
	at org.springframework.data.redis.core.DefaultZSetOperationsTests.<init>(DefaultZSetOperationsTests.java:63)
]]></error>
  </testcase>
  <testcase name="testCount[0]" classname="org.springframework.data.redis.core.DefaultZSetOperationsTests" time="0">
    <error message="Could not initialize class org.springframework.data.redis.test.util.MinimumRedisVersionRule" type="java.lang.NoClassDefFoundError"><![CDATA[java.lang.NoClassDefFoundError: Could not initialize class org.springframework.data.redis.test.util.MinimumRedisVersionRule
	at org.springframework.data.redis.core.DefaultZSetOperationsTests.<init>(DefaultZSetOperationsTests.java:63)
]]></error>
  </testcase>
  <testcase name="testZsetUnionWithAggregateWeights[0]" classname="org.springframework.data.redis.core.DefaultZSetOperationsTests" time="0">
    <error message="Could not initialize class org.springframework.data.redis.test.util.MinimumRedisVersionRule" type="java.lang.NoClassDefFoundError"><![CDATA[java.lang.NoClassDefFoundError: Could not initialize class org.springframework.data.redis.test.util.MinimumRedisVersionRule
	at org.springframework.data.redis.core.DefaultZSetOperationsTests.<init>(DefaultZSetOperationsTests.java:63)
]]></error>
  </testcase>
  <testcase name="testAddMultiple[0]" classname="org.springframework.data.redis.core.DefaultZSetOperationsTests" time="0">
    <error message="Could not initialize class org.springframework.data.redis.test.util.MinimumRedisVersionRule" type="java.lang.NoClassDefFoundError"><![CDATA[java.lang.NoClassDefFoundError: Could not initialize class org.springframework.data.redis.test.util.MinimumRedisVersionRule
	at org.springframework.data.redis.core.DefaultZSetOperationsTests.<init>(DefaultZSetOperationsTests.java:63)
]]></error>
  </testcase>
  <testcase name="testReverseRangeByScoreOffsetCount[0]" classname="org.springframework.data.redis.core.DefaultZSetOperationsTests" time="0">
    <error message="Could not initialize class org.springframework.data.redis.test.util.MinimumRedisVersionRule" type="java.lang.NoClassDefFoundError"><![CDATA[java.lang.NoClassDefFoundError: Could not initialize class org.springframework.data.redis.test.util.MinimumRedisVersionRule
	at org.springframework.data.redis.core.DefaultZSetOperationsTests.<init>(DefaultZSetOperationsTests.java:63)
]]></error>
  </testcase>
  <testcase name="sizeRetrievesDataCorrectly[0]" classname="org.springframework.data.redis.core.DefaultZSetOperationsTests" time="0">
    <error message="Could not initialize class org.springframework.data.redis.test.util.MinimumRedisVersionRule" type="java.lang.NoClassDefFoundError"><![CDATA[java.lang.NoClassDefFoundError: Could not initialize class org.springframework.data.redis.test.util.MinimumRedisVersionRule
	at org.springframework.data.redis.core.DefaultZSetOperationsTests.<init>(DefaultZSetOperationsTests.java:63)
]]></error>
  </testcase>
  <testcase name="testRangeByScoreWithScoresOffsetCount[0]" classname="org.springframework.data.redis.core.DefaultZSetOperationsTests" time="0">
    <error message="Could not initialize class org.springframework.data.redis.test.util.MinimumRedisVersionRule" type="java.lang.NoClassDefFoundError"><![CDATA[java.lang.NoClassDefFoundError: Could not initialize class org.springframework.data.redis.test.util.MinimumRedisVersionRule
	at org.springframework.data.redis.core.DefaultZSetOperationsTests.<init>(DefaultZSetOperationsTests.java:63)
]]></error>
  </testcase>
  <testcase name="testRangeByLexUnbounded[0]" classname="org.springframework.data.redis.core.DefaultZSetOperationsTests" time="0.001">
    <error message="Could not initialize class org.springframework.data.redis.test.util.MinimumRedisVersionRule" type="java.lang.NoClassDefFoundError"><![CDATA[java.lang.NoClassDefFoundError: Could not initialize class org.springframework.data.redis.test.util.MinimumRedisVersionRule
	at org.springframework.data.redis.core.DefaultZSetOperationsTests.<init>(DefaultZSetOperationsTests.java:63)
]]></error>
  </testcase>
  <testcase name="testRangeByLexBounded[0]" classname="org.springframework.data.redis.core.DefaultZSetOperationsTests" time="0">
    <error message="Could not initialize class org.springframework.data.redis.test.util.MinimumRedisVersionRule" type="java.lang.NoClassDefFoundError"><![CDATA[java.lang.NoClassDefFoundError: Could not initialize class org.springframework.data.redis.test.util.MinimumRedisVersionRule
	at org.springframework.data.redis.core.DefaultZSetOperationsTests.<init>(DefaultZSetOperationsTests.java:63)
]]></error>
  </testcase>
  <testcase name="testReverseRangeByScoreWithScoresOffsetCount[0]" classname="org.springframework.data.redis.core.DefaultZSetOperationsTests" time="0.001">
    <error message="Could not initialize class org.springframework.data.redis.test.util.MinimumRedisVersionRule" type="java.lang.NoClassDefFoundError"><![CDATA[java.lang.NoClassDefFoundError: Could not initialize class org.springframework.data.redis.test.util.MinimumRedisVersionRule
	at org.springframework.data.redis.core.DefaultZSetOperationsTests.<init>(DefaultZSetOperationsTests.java:63)
]]></error>
  </testcase>
  <testcase name="testZsetIntersectWithAggregate[0]" classname="org.springframework.data.redis.core.DefaultZSetOperationsTests" time="0">
    <error message="Could not initialize class org.springframework.data.redis.test.util.MinimumRedisVersionRule" type="java.lang.NoClassDefFoundError"><![CDATA[java.lang.NoClassDefFoundError: Could not initialize class org.springframework.data.redis.test.util.MinimumRedisVersionRule
	at org.springframework.data.redis.core.DefaultZSetOperationsTests.<init>(DefaultZSetOperationsTests.java:63)
]]></error>
  </testcase>
  <testcase name="testIncrementScore[0]" classname="org.springframework.data.redis.core.DefaultZSetOperationsTests" time="0.001">
    <error message="Could not initialize class org.springframework.data.redis.test.util.MinimumRedisVersionRule" type="java.lang.NoClassDefFoundError"><![CDATA[java.lang.NoClassDefFoundError: Could not initialize class org.springframework.data.redis.test.util.MinimumRedisVersionRule
	at org.springframework.data.redis.core.DefaultZSetOperationsTests.<init>(DefaultZSetOperationsTests.java:63)
]]></error>
  </testcase>
  <testcase name="testZsetUnionWithAggregate[0]" classname="org.springframework.data.redis.core.DefaultZSetOperationsTests" time="0">
    <error message="Could not initialize class org.springframework.data.redis.test.util.MinimumRedisVersionRule" type="java.lang.NoClassDefFoundError"><![CDATA[java.lang.NoClassDefFoundError: Could not initialize class org.springframework.data.redis.test.util.MinimumRedisVersionRule
	at org.springframework.data.redis.core.DefaultZSetOperationsTests.<init>(DefaultZSetOperationsTests.java:63)
]]></error>
  </testcase>
  <testcase name="testRangeByLexUnboundedWithLimit[0]" classname="org.springframework.data.redis.core.DefaultZSetOperationsTests" time="0.001">
    <error message="Could not initialize class org.springframework.data.redis.test.util.MinimumRedisVersionRule" type="java.lang.NoClassDefFoundError"><![CDATA[java.lang.NoClassDefFoundError: Could not initialize class org.springframework.data.redis.test.util.MinimumRedisVersionRule
	at org.springframework.data.redis.core.DefaultZSetOperationsTests.<init>(DefaultZSetOperationsTests.java:63)
]]></error>
  </testcase>
  <testcase name="testRangeByScoreOffsetCount[0]" classname="org.springframework.data.redis.core.DefaultZSetOperationsTests" time="0">
    <error message="Could not initialize class org.springframework.data.redis.test.util.MinimumRedisVersionRule" type="java.lang.NoClassDefFoundError"><![CDATA[java.lang.NoClassDefFoundError: Could not initialize class org.springframework.data.redis.test.util.MinimumRedisVersionRule
	at org.springframework.data.redis.core.DefaultZSetOperationsTests.<init>(DefaultZSetOperationsTests.java:63)
]]></error>
  </testcase>
  <testcase name="testRemove[0]" classname="org.springframework.data.redis.core.DefaultZSetOperationsTests" time="0.001">
    <error message="Could not initialize class org.springframework.data.redis.test.util.MinimumRedisVersionRule" type="java.lang.NoClassDefFoundError"><![CDATA[java.lang.NoClassDefFoundError: Could not initialize class org.springframework.data.redis.test.util.MinimumRedisVersionRule
	at org.springframework.data.redis.core.DefaultZSetOperationsTests.<init>(DefaultZSetOperationsTests.java:63)
]]></error>
  </testcase>
  <testcase name="testZsetIntersectWithAggregateWeights[0]" classname="org.springframework.data.redis.core.DefaultZSetOperationsTests" time="0">
    <error message="Could not initialize class org.springframework.data.redis.test.util.MinimumRedisVersionRule" type="java.lang.NoClassDefFoundError"><![CDATA[java.lang.NoClassDefFoundError: Could not initialize class org.springframework.data.redis.test.util.MinimumRedisVersionRule
	at org.springframework.data.redis.core.DefaultZSetOperationsTests.<init>(DefaultZSetOperationsTests.java:63)
]]></error>
  </testcase>
  <testcase name="testRangeByLexBoundedWithLimit[0]" classname="org.springframework.data.redis.core.DefaultZSetOperationsTests" time="0.001">
    <error message="Could not initialize class org.springframework.data.redis.test.util.MinimumRedisVersionRule" type="java.lang.NoClassDefFoundError"><![CDATA[java.lang.NoClassDefFoundError: Could not initialize class org.springframework.data.redis.test.util.MinimumRedisVersionRule
	at org.springframework.data.redis.core.DefaultZSetOperationsTests.<init>(DefaultZSetOperationsTests.java:63)
]]></error>
  </testcase>
  <testcase name="zCardRetrievesDataCorrectly[1]" classname="org.springframework.data.redis.core.DefaultZSetOperationsTests" time="0">
    <error message="Could not initialize class org.springframework.data.redis.test.util.MinimumRedisVersionRule" type="java.lang.NoClassDefFoundError"><![CDATA[java.lang.NoClassDefFoundError: Could not initialize class org.springframework.data.redis.test.util.MinimumRedisVersionRule
	at org.springframework.data.redis.core.DefaultZSetOperationsTests.<init>(DefaultZSetOperationsTests.java:63)
]]></error>
  </testcase>
  <testcase name="testZScanShouldReadEntireValueRange[1]" classname="org.springframework.data.redis.core.DefaultZSetOperationsTests" time="0.001">
    <error message="Could not initialize class org.springframework.data.redis.test.util.MinimumRedisVersionRule" type="java.lang.NoClassDefFoundError"><![CDATA[java.lang.NoClassDefFoundError: Could not initialize class org.springframework.data.redis.test.util.MinimumRedisVersionRule
	at org.springframework.data.redis.core.DefaultZSetOperationsTests.<init>(DefaultZSetOperationsTests.java:63)
]]></error>
  </testcase>
  <testcase name="testCount[1]" classname="org.springframework.data.redis.core.DefaultZSetOperationsTests" time="0">
    <error message="Could not initialize class org.springframework.data.redis.test.util.MinimumRedisVersionRule" type="java.lang.NoClassDefFoundError"><![CDATA[java.lang.NoClassDefFoundError: Could not initialize class org.springframework.data.redis.test.util.MinimumRedisVersionRule
	at org.springframework.data.redis.core.DefaultZSetOperationsTests.<init>(DefaultZSetOperationsTests.java:63)
]]></error>
  </testcase>
  <testcase name="testZsetUnionWithAggregateWeights[1]" classname="org.springframework.data.redis.core.DefaultZSetOperationsTests" time="0">
    <error message="Could not initialize class org.springframework.data.redis.test.util.MinimumRedisVersionRule" type="java.lang.NoClassDefFoundError"><![CDATA[java.lang.NoClassDefFoundError: Could not initialize class org.springframework.data.redis.test.util.MinimumRedisVersionRule
	at org.springframework.data.redis.core.DefaultZSetOperationsTests.<init>(DefaultZSetOperationsTests.java:63)
]]></error>
  </testcase>
  <testcase name="testAddMultiple[1]" classname="org.springframework.data.redis.core.DefaultZSetOperationsTests" time="0">
    <error message="Could not initialize class org.springframework.data.redis.test.util.MinimumRedisVersionRule" type="java.lang.NoClassDefFoundError"><![CDATA[java.lang.NoClassDefFoundError: Could not initialize class org.springframework.data.redis.test.util.MinimumRedisVersionRule
	at org.springframework.data.redis.core.DefaultZSetOperationsTests.<init>(DefaultZSetOperationsTests.java:63)
]]></error>
  </testcase>
  <testcase name="testReverseRangeByScoreOffsetCount[1]" classname="org.springframework.data.redis.core.DefaultZSetOperationsTests" time="0">
    <error message="Could not initialize class org.springframework.data.redis.test.util.MinimumRedisVersionRule" type="java.lang.NoClassDefFoundError"><![CDATA[java.lang.NoClassDefFoundError: Could not initialize class org.springframework.data.redis.test.util.MinimumRedisVersionRule
	at org.springframework.data.redis.core.DefaultZSetOperationsTests.<init>(DefaultZSetOperationsTests.java:63)
]]></error>
  </testcase>
  <testcase name="sizeRetrievesDataCorrectly[1]" classname="org.springframework.data.redis.core.DefaultZSetOperationsTests" time="0.001">
    <error message="Could not initialize class org.springframework.data.redis.test.util.MinimumRedisVersionRule" type="java.lang.NoClassDefFoundError"><![CDATA[java.lang.NoClassDefFoundError: Could not initialize class org.springframework.data.redis.test.util.MinimumRedisVersionRule
	at org.springframework.data.redis.core.DefaultZSetOperationsTests.<init>(DefaultZSetOperationsTests.java:63)
]]></error>
  </testcase>
  <testcase name="testRangeByScoreWithScoresOffsetCount[1]" classname="org.springframework.data.redis.core.DefaultZSetOperationsTests" time="0">
    <error message="Could not initialize class org.springframework.data.redis.test.util.MinimumRedisVersionRule" type="java.lang.NoClassDefFoundError"><![CDATA[java.lang.NoClassDefFoundError: Could not initialize class org.springframework.data.redis.test.util.MinimumRedisVersionRule
	at org.springframework.data.redis.core.DefaultZSetOperationsTests.<init>(DefaultZSetOperationsTests.java:63)
]]></error>
  </testcase>
  <testcase name="testRangeByLexUnbounded[1]" classname="org.springframework.data.redis.core.DefaultZSetOperationsTests" time="0.001">
    <error message="Could not initialize class org.springframework.data.redis.test.util.MinimumRedisVersionRule" type="java.lang.NoClassDefFoundError"><![CDATA[java.lang.NoClassDefFoundError: Could not initialize class org.springframework.data.redis.test.util.MinimumRedisVersionRule
	at org.springframework.data.redis.core.DefaultZSetOperationsTests.<init>(DefaultZSetOperationsTests.java:63)
]]></error>
  </testcase>
  <testcase name="testRangeByLexBounded[1]" classname="org.springframework.data.redis.core.DefaultZSetOperationsTests" time="0">
    <error message="Could not initialize class org.springframework.data.redis.test.util.MinimumRedisVersionRule" type="java.lang.NoClassDefFoundError"><![CDATA[java.lang.NoClassDefFoundError: Could not initialize class org.springframework.data.redis.test.util.MinimumRedisVersionRule
	at org.springframework.data.redis.core.DefaultZSetOperationsTests.<init>(DefaultZSetOperationsTests.java:63)
]]></error>
  </testcase>
  <testcase name="testReverseRangeByScoreWithScoresOffsetCount[1]" classname="org.springframework.data.redis.core.DefaultZSetOperationsTests" time="0">
    <error message="Could not initialize class org.springframework.data.redis.test.util.MinimumRedisVersionRule" type="java.lang.NoClassDefFoundError"><![CDATA[java.lang.NoClassDefFoundError: Could not initialize class org.springframework.data.redis.test.util.MinimumRedisVersionRule
	at org.springframework.data.redis.core.DefaultZSetOperationsTests.<init>(DefaultZSetOperationsTests.java:63)
]]></error>
  </testcase>
  <testcase name="testZsetIntersectWithAggregate[1]" classname="org.springframework.data.redis.core.DefaultZSetOperationsTests" time="0.001">
    <error message="Could not initialize class org.springframework.data.redis.test.util.MinimumRedisVersionRule" type="java.lang.NoClassDefFoundError"><![CDATA[java.lang.NoClassDefFoundError: Could not initialize class org.springframework.data.redis.test.util.MinimumRedisVersionRule
	at org.springframework.data.redis.core.DefaultZSetOperationsTests.<init>(DefaultZSetOperationsTests.java:63)
]]></error>
  </testcase>
  <testcase name="testIncrementScore[1]" classname="org.springframework.data.redis.core.DefaultZSetOperationsTests" time="0">
    <error message="Could not initialize class org.springframework.data.redis.test.util.MinimumRedisVersionRule" type="java.lang.NoClassDefFoundError"><![CDATA[java.lang.NoClassDefFoundError: Could not initialize class org.springframework.data.redis.test.util.MinimumRedisVersionRule
	at org.springframework.data.redis.core.DefaultZSetOperationsTests.<init>(DefaultZSetOperationsTests.java:63)
]]></error>
  </testcase>
  <testcase name="testZsetUnionWithAggregate[1]" classname="org.springframework.data.redis.core.DefaultZSetOperationsTests" time="0.001">
    <error message="Could not initialize class org.springframework.data.redis.test.util.MinimumRedisVersionRule" type="java.lang.NoClassDefFoundError"><![CDATA[java.lang.NoClassDefFoundError: Could not initialize class org.springframework.data.redis.test.util.MinimumRedisVersionRule
	at org.springframework.data.redis.core.DefaultZSetOperationsTests.<init>(DefaultZSetOperationsTests.java:63)
]]></error>
  </testcase>
  <testcase name="testRangeByLexUnboundedWithLimit[1]" classname="org.springframework.data.redis.core.DefaultZSetOperationsTests" time="0">
    <error message="Could not initialize class org.springframework.data.redis.test.util.MinimumRedisVersionRule" type="java.lang.NoClassDefFoundError"><![CDATA[java.lang.NoClassDefFoundError: Could not initialize class org.springframework.data.redis.test.util.MinimumRedisVersionRule
	at org.springframework.data.redis.core.DefaultZSetOperationsTests.<init>(DefaultZSetOperationsTests.java:63)
]]></error>
  </testcase>
  <testcase name="testRangeByScoreOffsetCount[1]" classname="org.springframework.data.redis.core.DefaultZSetOperationsTests" time="0">
    <error message="Could not initialize class org.springframework.data.redis.test.util.MinimumRedisVersionRule" type="java.lang.NoClassDefFoundError"><![CDATA[java.lang.NoClassDefFoundError: Could not initialize class org.springframework.data.redis.test.util.MinimumRedisVersionRule
	at org.springframework.data.redis.core.DefaultZSetOperationsTests.<init>(DefaultZSetOperationsTests.java:63)
]]></error>
  </testcase>
  <testcase name="testRemove[1]" classname="org.springframework.data.redis.core.DefaultZSetOperationsTests" time="0.001">
    <error message="Could not initialize class org.springframework.data.redis.test.util.MinimumRedisVersionRule" type="java.lang.NoClassDefFoundError"><![CDATA[java.lang.NoClassDefFoundError: Could not initialize class org.springframework.data.redis.test.util.MinimumRedisVersionRule
	at org.springframework.data.redis.core.DefaultZSetOperationsTests.<init>(DefaultZSetOperationsTests.java:63)
]]></error>
  </testcase>
  <testcase name="testZsetIntersectWithAggregateWeights[1]" classname="org.springframework.data.redis.core.DefaultZSetOperationsTests" time="0">
    <error message="Could not initialize class org.springframework.data.redis.test.util.MinimumRedisVersionRule" type="java.lang.NoClassDefFoundError"><![CDATA[java.lang.NoClassDefFoundError: Could not initialize class org.springframework.data.redis.test.util.MinimumRedisVersionRule
	at org.springframework.data.redis.core.DefaultZSetOperationsTests.<init>(DefaultZSetOperationsTests.java:63)
]]></error>
  </testcase>
  <testcase name="testRangeByLexBoundedWithLimit[1]" classname="org.springframework.data.redis.core.DefaultZSetOperationsTests" time="0">
    <error message="Could not initialize class org.springframework.data.redis.test.util.MinimumRedisVersionRule" type="java.lang.NoClassDefFoundError"><![CDATA[java.lang.NoClassDefFoundError: Could not initialize class org.springframework.data.redis.test.util.MinimumRedisVersionRule
	at org.springframework.data.redis.core.DefaultZSetOperationsTests.<init>(DefaultZSetOperationsTests.java:63)
]]></error>
  </testcase>
  <testcase name="zCardRetrievesDataCorrectly[2]" classname="org.springframework.data.redis.core.DefaultZSetOperationsTests" time="0.001">
    <error message="Could not initialize class org.springframework.data.redis.test.util.MinimumRedisVersionRule" type="java.lang.NoClassDefFoundError"><![CDATA[java.lang.NoClassDefFoundError: Could not initialize class org.springframework.data.redis.test.util.MinimumRedisVersionRule
	at org.springframework.data.redis.core.DefaultZSetOperationsTests.<init>(DefaultZSetOperationsTests.java:63)
]]></error>
  </testcase>
  <testcase name="testZScanShouldReadEntireValueRange[2]" classname="org.springframework.data.redis.core.DefaultZSetOperationsTests" time="0">
    <error message="Could not initialize class org.springframework.data.redis.test.util.MinimumRedisVersionRule" type="java.lang.NoClassDefFoundError"><![CDATA[java.lang.NoClassDefFoundError: Could not initialize class org.springframework.data.redis.test.util.MinimumRedisVersionRule
	at org.springframework.data.redis.core.DefaultZSetOperationsTests.<init>(DefaultZSetOperationsTests.java:63)
]]></error>
  </testcase>
  <testcase name="testCount[2]" classname="org.springframework.data.redis.core.DefaultZSetOperationsTests" time="0">
    <error message="Could not initialize class org.springframework.data.redis.test.util.MinimumRedisVersionRule" type="java.lang.NoClassDefFoundError"><![CDATA[java.lang.NoClassDefFoundError: Could not initialize class org.springframework.data.redis.test.util.MinimumRedisVersionRule
	at org.springframework.data.redis.core.DefaultZSetOperationsTests.<init>(DefaultZSetOperationsTests.java:63)
]]></error>
  </testcase>
  <testcase name="testZsetUnionWithAggregateWeights[2]" classname="org.springframework.data.redis.core.DefaultZSetOperationsTests" time="0">
    <error message="Could not initialize class org.springframework.data.redis.test.util.MinimumRedisVersionRule" type="java.lang.NoClassDefFoundError"><![CDATA[java.lang.NoClassDefFoundError: Could not initialize class org.springframework.data.redis.test.util.MinimumRedisVersionRule
	at org.springframework.data.redis.core.DefaultZSetOperationsTests.<init>(DefaultZSetOperationsTests.java:63)
]]></error>
  </testcase>
  <testcase name="testAddMultiple[2]" classname="org.springframework.data.redis.core.DefaultZSetOperationsTests" time="0">
    <error message="Could not initialize class org.springframework.data.redis.test.util.MinimumRedisVersionRule" type="java.lang.NoClassDefFoundError"><![CDATA[java.lang.NoClassDefFoundError: Could not initialize class org.springframework.data.redis.test.util.MinimumRedisVersionRule
	at org.springframework.data.redis.core.DefaultZSetOperationsTests.<init>(DefaultZSetOperationsTests.java:63)
]]></error>
  </testcase>
  <testcase name="testReverseRangeByScoreOffsetCount[2]" classname="org.springframework.data.redis.core.DefaultZSetOperationsTests" time="0.001">
    <error message="Could not initialize class org.springframework.data.redis.test.util.MinimumRedisVersionRule" type="java.lang.NoClassDefFoundError"><![CDATA[java.lang.NoClassDefFoundError: Could not initialize class org.springframework.data.redis.test.util.MinimumRedisVersionRule
	at org.springframework.data.redis.core.DefaultZSetOperationsTests.<init>(DefaultZSetOperationsTests.java:63)
]]></error>
  </testcase>
  <testcase name="sizeRetrievesDataCorrectly[2]" classname="org.springframework.data.redis.core.DefaultZSetOperationsTests" time="0">
    <error message="Could not initialize class org.springframework.data.redis.test.util.MinimumRedisVersionRule" type="java.lang.NoClassDefFoundError"><![CDATA[java.lang.NoClassDefFoundError: Could not initialize class org.springframework.data.redis.test.util.MinimumRedisVersionRule
	at org.springframework.data.redis.core.DefaultZSetOperationsTests.<init>(DefaultZSetOperationsTests.java:63)
]]></error>
  </testcase>
  <testcase name="testRangeByScoreWithScoresOffsetCount[2]" classname="org.springframework.data.redis.core.DefaultZSetOperationsTests" time="0.001">
    <error message="Could not initialize class org.springframework.data.redis.test.util.MinimumRedisVersionRule" type="java.lang.NoClassDefFoundError"><![CDATA[java.lang.NoClassDefFoundError: Could not initialize class org.springframework.data.redis.test.util.MinimumRedisVersionRule
	at org.springframework.data.redis.core.DefaultZSetOperationsTests.<init>(DefaultZSetOperationsTests.java:63)
]]></error>
  </testcase>
  <testcase name="testRangeByLexUnbounded[2]" classname="org.springframework.data.redis.core.DefaultZSetOperationsTests" time="0">
    <error message="Could not initialize class org.springframework.data.redis.test.util.MinimumRedisVersionRule" type="java.lang.NoClassDefFoundError"><![CDATA[java.lang.NoClassDefFoundError: Could not initialize class org.springframework.data.redis.test.util.MinimumRedisVersionRule
	at org.springframework.data.redis.core.DefaultZSetOperationsTests.<init>(DefaultZSetOperationsTests.java:63)
]]></error>
  </testcase>
  <testcase name="testRangeByLexBounded[2]" classname="org.springframework.data.redis.core.DefaultZSetOperationsTests" time="0">
    <error message="Could not initialize class org.springframework.data.redis.test.util.MinimumRedisVersionRule" type="java.lang.NoClassDefFoundError"><![CDATA[java.lang.NoClassDefFoundError: Could not initialize class org.springframework.data.redis.test.util.MinimumRedisVersionRule
	at org.springframework.data.redis.core.DefaultZSetOperationsTests.<init>(DefaultZSetOperationsTests.java:63)
]]></error>
  </testcase>
  <testcase name="testReverseRangeByScoreWithScoresOffsetCount[2]" classname="org.springframework.data.redis.core.DefaultZSetOperationsTests" time="0">
    <error message="Could not initialize class org.springframework.data.redis.test.util.MinimumRedisVersionRule" type="java.lang.NoClassDefFoundError"><![CDATA[java.lang.NoClassDefFoundError: Could not initialize class org.springframework.data.redis.test.util.MinimumRedisVersionRule
	at org.springframework.data.redis.core.DefaultZSetOperationsTests.<init>(DefaultZSetOperationsTests.java:63)
]]></error>
  </testcase>
  <testcase name="testZsetIntersectWithAggregate[2]" classname="org.springframework.data.redis.core.DefaultZSetOperationsTests" time="0">
    <error message="Could not initialize class org.springframework.data.redis.test.util.MinimumRedisVersionRule" type="java.lang.NoClassDefFoundError"><![CDATA[java.lang.NoClassDefFoundError: Could not initialize class org.springframework.data.redis.test.util.MinimumRedisVersionRule
	at org.springframework.data.redis.core.DefaultZSetOperationsTests.<init>(DefaultZSetOperationsTests.java:63)
]]></error>
  </testcase>
  <testcase name="testIncrementScore[2]" classname="org.springframework.data.redis.core.DefaultZSetOperationsTests" time="0">
    <error message="Could not initialize class org.springframework.data.redis.test.util.MinimumRedisVersionRule" type="java.lang.NoClassDefFoundError"><![CDATA[java.lang.NoClassDefFoundError: Could not initialize class org.springframework.data.redis.test.util.MinimumRedisVersionRule
	at org.springframework.data.redis.core.DefaultZSetOperationsTests.<init>(DefaultZSetOperationsTests.java:63)
]]></error>
  </testcase>
  <testcase name="testZsetUnionWithAggregate[2]" classname="org.springframework.data.redis.core.DefaultZSetOperationsTests" time="0">
    <error message="Could not initialize class org.springframework.data.redis.test.util.MinimumRedisVersionRule" type="java.lang.NoClassDefFoundError"><![CDATA[java.lang.NoClassDefFoundError: Could not initialize class org.springframework.data.redis.test.util.MinimumRedisVersionRule
	at org.springframework.data.redis.core.DefaultZSetOperationsTests.<init>(DefaultZSetOperationsTests.java:63)
]]></error>
  </testcase>
  <testcase name="testRangeByLexUnboundedWithLimit[2]" classname="org.springframework.data.redis.core.DefaultZSetOperationsTests" time="0">
    <error message="Could not initialize class org.springframework.data.redis.test.util.MinimumRedisVersionRule" type="java.lang.NoClassDefFoundError"><![CDATA[java.lang.NoClassDefFoundError: Could not initialize class org.springframework.data.redis.test.util.MinimumRedisVersionRule
	at org.springframework.data.redis.core.DefaultZSetOperationsTests.<init>(DefaultZSetOperationsTests.java:63)
]]></error>
  </testcase>
  <testcase name="testRangeByScoreOffsetCount[2]" classname="org.springframework.data.redis.core.DefaultZSetOperationsTests" time="0">
    <error message="Could not initialize class org.springframework.data.redis.test.util.MinimumRedisVersionRule" type="java.lang.NoClassDefFoundError"><![CDATA[java.lang.NoClassDefFoundError: Could not initialize class org.springframework.data.redis.test.util.MinimumRedisVersionRule
	at org.springframework.data.redis.core.DefaultZSetOperationsTests.<init>(DefaultZSetOperationsTests.java:63)
]]></error>
  </testcase>
  <testcase name="testRemove[2]" classname="org.springframework.data.redis.core.DefaultZSetOperationsTests" time="0">
    <error message="Could not initialize class org.springframework.data.redis.test.util.MinimumRedisVersionRule" type="java.lang.NoClassDefFoundError"><![CDATA[java.lang.NoClassDefFoundError: Could not initialize class org.springframework.data.redis.test.util.MinimumRedisVersionRule
	at org.springframework.data.redis.core.DefaultZSetOperationsTests.<init>(DefaultZSetOperationsTests.java:63)
]]></error>
  </testcase>
  <testcase name="testZsetIntersectWithAggregateWeights[2]" classname="org.springframework.data.redis.core.DefaultZSetOperationsTests" time="0">
    <error message="Could not initialize class org.springframework.data.redis.test.util.MinimumRedisVersionRule" type="java.lang.NoClassDefFoundError"><![CDATA[java.lang.NoClassDefFoundError: Could not initialize class org.springframework.data.redis.test.util.MinimumRedisVersionRule
	at org.springframework.data.redis.core.DefaultZSetOperationsTests.<init>(DefaultZSetOperationsTests.java:63)
]]></error>
  </testcase>
  <testcase name="testRangeByLexBoundedWithLimit[2]" classname="org.springframework.data.redis.core.DefaultZSetOperationsTests" time="0">
    <error message="Could not initialize class org.springframework.data.redis.test.util.MinimumRedisVersionRule" type="java.lang.NoClassDefFoundError"><![CDATA[java.lang.NoClassDefFoundError: Could not initialize class org.springframework.data.redis.test.util.MinimumRedisVersionRule
	at org.springframework.data.redis.core.DefaultZSetOperationsTests.<init>(DefaultZSetOperationsTests.java:63)
]]></error>
  </testcase>
  <testcase name="zCardRetrievesDataCorrectly[3]" classname="org.springframework.data.redis.core.DefaultZSetOperationsTests" time="0">
    <error message="Could not initialize class org.springframework.data.redis.test.util.MinimumRedisVersionRule" type="java.lang.NoClassDefFoundError"><![CDATA[java.lang.NoClassDefFoundError: Could not initialize class org.springframework.data.redis.test.util.MinimumRedisVersionRule
	at org.springframework.data.redis.core.DefaultZSetOperationsTests.<init>(DefaultZSetOperationsTests.java:63)
]]></error>
  </testcase>
  <testcase name="testZScanShouldReadEntireValueRange[3]" classname="org.springframework.data.redis.core.DefaultZSetOperationsTests" time="0">
    <error message="Could not initialize class org.springframework.data.redis.test.util.MinimumRedisVersionRule" type="java.lang.NoClassDefFoundError"><![CDATA[java.lang.NoClassDefFoundError: Could not initialize class org.springframework.data.redis.test.util.MinimumRedisVersionRule
	at org.springframework.data.redis.core.DefaultZSetOperationsTests.<init>(DefaultZSetOperationsTests.java:63)
]]></error>
  </testcase>
  <testcase name="testCount[3]" classname="org.springframework.data.redis.core.DefaultZSetOperationsTests" time="0">
    <error message="Could not initialize class org.springframework.data.redis.test.util.MinimumRedisVersionRule" type="java.lang.NoClassDefFoundError"><![CDATA[java.lang.NoClassDefFoundError: Could not initialize class org.springframework.data.redis.test.util.MinimumRedisVersionRule
	at org.springframework.data.redis.core.DefaultZSetOperationsTests.<init>(DefaultZSetOperationsTests.java:63)
]]></error>
  </testcase>
  <testcase name="testZsetUnionWithAggregateWeights[3]" classname="org.springframework.data.redis.core.DefaultZSetOperationsTests" time="0.001">
    <error message="Could not initialize class org.springframework.data.redis.test.util.MinimumRedisVersionRule" type="java.lang.NoClassDefFoundError"><![CDATA[java.lang.NoClassDefFoundError: Could not initialize class org.springframework.data.redis.test.util.MinimumRedisVersionRule
	at org.springframework.data.redis.core.DefaultZSetOperationsTests.<init>(DefaultZSetOperationsTests.java:63)
]]></error>
  </testcase>
  <testcase name="testAddMultiple[3]" classname="org.springframework.data.redis.core.DefaultZSetOperationsTests" time="0">
    <error message="Could not initialize class org.springframework.data.redis.test.util.MinimumRedisVersionRule" type="java.lang.NoClassDefFoundError"><![CDATA[java.lang.NoClassDefFoundError: Could not initialize class org.springframework.data.redis.test.util.MinimumRedisVersionRule
	at org.springframework.data.redis.core.DefaultZSetOperationsTests.<init>(DefaultZSetOperationsTests.java:63)
]]></error>
  </testcase>
  <testcase name="testReverseRangeByScoreOffsetCount[3]" classname="org.springframework.data.redis.core.DefaultZSetOperationsTests" time="0">
    <error message="Could not initialize class org.springframework.data.redis.test.util.MinimumRedisVersionRule" type="java.lang.NoClassDefFoundError"><![CDATA[java.lang.NoClassDefFoundError: Could not initialize class org.springframework.data.redis.test.util.MinimumRedisVersionRule
	at org.springframework.data.redis.core.DefaultZSetOperationsTests.<init>(DefaultZSetOperationsTests.java:63)
]]></error>
  </testcase>
  <testcase name="sizeRetrievesDataCorrectly[3]" classname="org.springframework.data.redis.core.DefaultZSetOperationsTests" time="0.001">
    <error message="Could not initialize class org.springframework.data.redis.test.util.MinimumRedisVersionRule" type="java.lang.NoClassDefFoundError"><![CDATA[java.lang.NoClassDefFoundError: Could not initialize class org.springframework.data.redis.test.util.MinimumRedisVersionRule
	at org.springframework.data.redis.core.DefaultZSetOperationsTests.<init>(DefaultZSetOperationsTests.java:63)
]]></error>
  </testcase>
  <testcase name="testRangeByScoreWithScoresOffsetCount[3]" classname="org.springframework.data.redis.core.DefaultZSetOperationsTests" time="0">
    <error message="Could not initialize class org.springframework.data.redis.test.util.MinimumRedisVersionRule" type="java.lang.NoClassDefFoundError"><![CDATA[java.lang.NoClassDefFoundError: Could not initialize class org.springframework.data.redis.test.util.MinimumRedisVersionRule
	at org.springframework.data.redis.core.DefaultZSetOperationsTests.<init>(DefaultZSetOperationsTests.java:63)
]]></error>
  </testcase>
  <testcase name="testRangeByLexUnbounded[3]" classname="org.springframework.data.redis.core.DefaultZSetOperationsTests" time="0">
    <error message="Could not initialize class org.springframework.data.redis.test.util.MinimumRedisVersionRule" type="java.lang.NoClassDefFoundError"><![CDATA[java.lang.NoClassDefFoundError: Could not initialize class org.springframework.data.redis.test.util.MinimumRedisVersionRule
	at org.springframework.data.redis.core.DefaultZSetOperationsTests.<init>(DefaultZSetOperationsTests.java:63)
]]></error>
  </testcase>
  <testcase name="testRangeByLexBounded[3]" classname="org.springframework.data.redis.core.DefaultZSetOperationsTests" time="0.001">
    <error message="Could not initialize class org.springframework.data.redis.test.util.MinimumRedisVersionRule" type="java.lang.NoClassDefFoundError"><![CDATA[java.lang.NoClassDefFoundError: Could not initialize class org.springframework.data.redis.test.util.MinimumRedisVersionRule
	at org.springframework.data.redis.core.DefaultZSetOperationsTests.<init>(DefaultZSetOperationsTests.java:63)
]]></error>
  </testcase>
  <testcase name="testReverseRangeByScoreWithScoresOffsetCount[3]" classname="org.springframework.data.redis.core.DefaultZSetOperationsTests" time="0">
    <error message="Could not initialize class org.springframework.data.redis.test.util.MinimumRedisVersionRule" type="java.lang.NoClassDefFoundError"><![CDATA[java.lang.NoClassDefFoundError: Could not initialize class org.springframework.data.redis.test.util.MinimumRedisVersionRule
	at org.springframework.data.redis.core.DefaultZSetOperationsTests.<init>(DefaultZSetOperationsTests.java:63)
]]></error>
  </testcase>
  <testcase name="testZsetIntersectWithAggregate[3]" classname="org.springframework.data.redis.core.DefaultZSetOperationsTests" time="0">
    <error message="Could not initialize class org.springframework.data.redis.test.util.MinimumRedisVersionRule" type="java.lang.NoClassDefFoundError"><![CDATA[java.lang.NoClassDefFoundError: Could not initialize class org.springframework.data.redis.test.util.MinimumRedisVersionRule
	at org.springframework.data.redis.core.DefaultZSetOperationsTests.<init>(DefaultZSetOperationsTests.java:63)
]]></error>
  </testcase>
  <testcase name="testIncrementScore[3]" classname="org.springframework.data.redis.core.DefaultZSetOperationsTests" time="0.001">
    <error message="Could not initialize class org.springframework.data.redis.test.util.MinimumRedisVersionRule" type="java.lang.NoClassDefFoundError"><![CDATA[java.lang.NoClassDefFoundError: Could not initialize class org.springframework.data.redis.test.util.MinimumRedisVersionRule
	at org.springframework.data.redis.core.DefaultZSetOperationsTests.<init>(DefaultZSetOperationsTests.java:63)
]]></error>
  </testcase>
  <testcase name="testZsetUnionWithAggregate[3]" classname="org.springframework.data.redis.core.DefaultZSetOperationsTests" time="0">
    <error message="Could not initialize class org.springframework.data.redis.test.util.MinimumRedisVersionRule" type="java.lang.NoClassDefFoundError"><![CDATA[java.lang.NoClassDefFoundError: Could not initialize class org.springframework.data.redis.test.util.MinimumRedisVersionRule
	at org.springframework.data.redis.core.DefaultZSetOperationsTests.<init>(DefaultZSetOperationsTests.java:63)
]]></error>
  </testcase>
  <testcase name="testRangeByLexUnboundedWithLimit[3]" classname="org.springframework.data.redis.core.DefaultZSetOperationsTests" time="0">
    <error message="Could not initialize class org.springframework.data.redis.test.util.MinimumRedisVersionRule" type="java.lang.NoClassDefFoundError"><![CDATA[java.lang.NoClassDefFoundError: Could not initialize class org.springframework.data.redis.test.util.MinimumRedisVersionRule
	at org.springframework.data.redis.core.DefaultZSetOperationsTests.<init>(DefaultZSetOperationsTests.java:63)
]]></error>
  </testcase>
  <testcase name="testRangeByScoreOffsetCount[3]" classname="org.springframework.data.redis.core.DefaultZSetOperationsTests" time="0">
    <error message="Could not initialize class org.springframework.data.redis.test.util.MinimumRedisVersionRule" type="java.lang.NoClassDefFoundError"><![CDATA[java.lang.NoClassDefFoundError: Could not initialize class org.springframework.data.redis.test.util.MinimumRedisVersionRule
	at org.springframework.data.redis.core.DefaultZSetOperationsTests.<init>(DefaultZSetOperationsTests.java:63)
]]></error>
  </testcase>
  <testcase name="testRemove[3]" classname="org.springframework.data.redis.core.DefaultZSetOperationsTests" time="0">
    <error message="Could not initialize class org.springframework.data.redis.test.util.MinimumRedisVersionRule" type="java.lang.NoClassDefFoundError"><![CDATA[java.lang.NoClassDefFoundError: Could not initialize class org.springframework.data.redis.test.util.MinimumRedisVersionRule
	at org.springframework.data.redis.core.DefaultZSetOperationsTests.<init>(DefaultZSetOperationsTests.java:63)
]]></error>
  </testcase>
  <testcase name="testZsetIntersectWithAggregateWeights[3]" classname="org.springframework.data.redis.core.DefaultZSetOperationsTests" time="0">
    <error message="Could not initialize class org.springframework.data.redis.test.util.MinimumRedisVersionRule" type="java.lang.NoClassDefFoundError"><![CDATA[java.lang.NoClassDefFoundError: Could not initialize class org.springframework.data.redis.test.util.MinimumRedisVersionRule
	at org.springframework.data.redis.core.DefaultZSetOperationsTests.<init>(DefaultZSetOperationsTests.java:63)
]]></error>
  </testcase>
  <testcase name="testRangeByLexBoundedWithLimit[3]" classname="org.springframework.data.redis.core.DefaultZSetOperationsTests" time="0">
    <error message="Could not initialize class org.springframework.data.redis.test.util.MinimumRedisVersionRule" type="java.lang.NoClassDefFoundError"><![CDATA[java.lang.NoClassDefFoundError: Could not initialize class org.springframework.data.redis.test.util.MinimumRedisVersionRule
	at org.springframework.data.redis.core.DefaultZSetOperationsTests.<init>(DefaultZSetOperationsTests.java:63)
]]></error>
  </testcase>
  <testcase name="zCardRetrievesDataCorrectly[4]" classname="org.springframework.data.redis.core.DefaultZSetOperationsTests" time="0">
    <error message="Could not initialize class org.springframework.data.redis.test.util.MinimumRedisVersionRule" type="java.lang.NoClassDefFoundError"><![CDATA[java.lang.NoClassDefFoundError: Could not initialize class org.springframework.data.redis.test.util.MinimumRedisVersionRule
	at org.springframework.data.redis.core.DefaultZSetOperationsTests.<init>(DefaultZSetOperationsTests.java:63)
]]></error>
  </testcase>
  <testcase name="testZScanShouldReadEntireValueRange[4]" classname="org.springframework.data.redis.core.DefaultZSetOperationsTests" time="0">
    <error message="Could not initialize class org.springframework.data.redis.test.util.MinimumRedisVersionRule" type="java.lang.NoClassDefFoundError"><![CDATA[java.lang.NoClassDefFoundError: Could not initialize class org.springframework.data.redis.test.util.MinimumRedisVersionRule
	at org.springframework.data.redis.core.DefaultZSetOperationsTests.<init>(DefaultZSetOperationsTests.java:63)
]]></error>
  </testcase>
  <testcase name="testCount[4]" classname="org.springframework.data.redis.core.DefaultZSetOperationsTests" time="0">
    <error message="Could not initialize class org.springframework.data.redis.test.util.MinimumRedisVersionRule" type="java.lang.NoClassDefFoundError"><![CDATA[java.lang.NoClassDefFoundError: Could not initialize class org.springframework.data.redis.test.util.MinimumRedisVersionRule
	at org.springframework.data.redis.core.DefaultZSetOperationsTests.<init>(DefaultZSetOperationsTests.java:63)
]]></error>
  </testcase>
  <testcase name="testZsetUnionWithAggregateWeights[4]" classname="org.springframework.data.redis.core.DefaultZSetOperationsTests" time="0">
    <error message="Could not initialize class org.springframework.data.redis.test.util.MinimumRedisVersionRule" type="java.lang.NoClassDefFoundError"><![CDATA[java.lang.NoClassDefFoundError: Could not initialize class org.springframework.data.redis.test.util.MinimumRedisVersionRule
	at org.springframework.data.redis.core.DefaultZSetOperationsTests.<init>(DefaultZSetOperationsTests.java:63)
]]></error>
  </testcase>
  <testcase name="testAddMultiple[4]" classname="org.springframework.data.redis.core.DefaultZSetOperationsTests" time="0">
    <error message="Could not initialize class org.springframework.data.redis.test.util.MinimumRedisVersionRule" type="java.lang.NoClassDefFoundError"><![CDATA[java.lang.NoClassDefFoundError: Could not initialize class org.springframework.data.redis.test.util.MinimumRedisVersionRule
	at org.springframework.data.redis.core.DefaultZSetOperationsTests.<init>(DefaultZSetOperationsTests.java:63)
]]></error>
  </testcase>
  <testcase name="testReverseRangeByScoreOffsetCount[4]" classname="org.springframework.data.redis.core.DefaultZSetOperationsTests" time="0">
    <error message="Could not initialize class org.springframework.data.redis.test.util.MinimumRedisVersionRule" type="java.lang.NoClassDefFoundError"><![CDATA[java.lang.NoClassDefFoundError: Could not initialize class org.springframework.data.redis.test.util.MinimumRedisVersionRule
	at org.springframework.data.redis.core.DefaultZSetOperationsTests.<init>(DefaultZSetOperationsTests.java:63)
]]></error>
  </testcase>
  <testcase name="sizeRetrievesDataCorrectly[4]" classname="org.springframework.data.redis.core.DefaultZSetOperationsTests" time="0">
    <error message="Could not initialize class org.springframework.data.redis.test.util.MinimumRedisVersionRule" type="java.lang.NoClassDefFoundError"><![CDATA[java.lang.NoClassDefFoundError: Could not initialize class org.springframework.data.redis.test.util.MinimumRedisVersionRule
	at org.springframework.data.redis.core.DefaultZSetOperationsTests.<init>(DefaultZSetOperationsTests.java:63)
]]></error>
  </testcase>
  <testcase name="testRangeByScoreWithScoresOffsetCount[4]" classname="org.springframework.data.redis.core.DefaultZSetOperationsTests" time="0">
    <error message="Could not initialize class org.springframework.data.redis.test.util.MinimumRedisVersionRule" type="java.lang.NoClassDefFoundError"><![CDATA[java.lang.NoClassDefFoundError: Could not initialize class org.springframework.data.redis.test.util.MinimumRedisVersionRule
	at org.springframework.data.redis.core.DefaultZSetOperationsTests.<init>(DefaultZSetOperationsTests.java:63)
]]></error>
  </testcase>
  <testcase name="testRangeByLexUnbounded[4]" classname="org.springframework.data.redis.core.DefaultZSetOperationsTests" time="0">
    <error message="Could not initialize class org.springframework.data.redis.test.util.MinimumRedisVersionRule" type="java.lang.NoClassDefFoundError"><![CDATA[java.lang.NoClassDefFoundError: Could not initialize class org.springframework.data.redis.test.util.MinimumRedisVersionRule
	at org.springframework.data.redis.core.DefaultZSetOperationsTests.<init>(DefaultZSetOperationsTests.java:63)
]]></error>
  </testcase>
  <testcase name="testRangeByLexBounded[4]" classname="org.springframework.data.redis.core.DefaultZSetOperationsTests" time="0">
    <error message="Could not initialize class org.springframework.data.redis.test.util.MinimumRedisVersionRule" type="java.lang.NoClassDefFoundError"><![CDATA[java.lang.NoClassDefFoundError: Could not initialize class org.springframework.data.redis.test.util.MinimumRedisVersionRule
	at org.springframework.data.redis.core.DefaultZSetOperationsTests.<init>(DefaultZSetOperationsTests.java:63)
]]></error>
  </testcase>
  <testcase name="testReverseRangeByScoreWithScoresOffsetCount[4]" classname="org.springframework.data.redis.core.DefaultZSetOperationsTests" time="0">
    <error message="Could not initialize class org.springframework.data.redis.test.util.MinimumRedisVersionRule" type="java.lang.NoClassDefFoundError"><![CDATA[java.lang.NoClassDefFoundError: Could not initialize class org.springframework.data.redis.test.util.MinimumRedisVersionRule
	at org.springframework.data.redis.core.DefaultZSetOperationsTests.<init>(DefaultZSetOperationsTests.java:63)
]]></error>
  </testcase>
  <testcase name="testZsetIntersectWithAggregate[4]" classname="org.springframework.data.redis.core.DefaultZSetOperationsTests" time="0">
    <error message="Could not initialize class org.springframework.data.redis.test.util.MinimumRedisVersionRule" type="java.lang.NoClassDefFoundError"><![CDATA[java.lang.NoClassDefFoundError: Could not initialize class org.springframework.data.redis.test.util.MinimumRedisVersionRule
	at org.springframework.data.redis.core.DefaultZSetOperationsTests.<init>(DefaultZSetOperationsTests.java:63)
]]></error>
  </testcase>
  <testcase name="testIncrementScore[4]" classname="org.springframework.data.redis.core.DefaultZSetOperationsTests" time="0">
    <error message="Could not initialize class org.springframework.data.redis.test.util.MinimumRedisVersionRule" type="java.lang.NoClassDefFoundError"><![CDATA[java.lang.NoClassDefFoundError: Could not initialize class org.springframework.data.redis.test.util.MinimumRedisVersionRule
	at org.springframework.data.redis.core.DefaultZSetOperationsTests.<init>(DefaultZSetOperationsTests.java:63)
]]></error>
  </testcase>
  <testcase name="testZsetUnionWithAggregate[4]" classname="org.springframework.data.redis.core.DefaultZSetOperationsTests" time="0">
    <error message="Could not initialize class org.springframework.data.redis.test.util.MinimumRedisVersionRule" type="java.lang.NoClassDefFoundError"><![CDATA[java.lang.NoClassDefFoundError: Could not initialize class org.springframework.data.redis.test.util.MinimumRedisVersionRule
	at org.springframework.data.redis.core.DefaultZSetOperationsTests.<init>(DefaultZSetOperationsTests.java:63)
]]></error>
  </testcase>
  <testcase name="testRangeByLexUnboundedWithLimit[4]" classname="org.springframework.data.redis.core.DefaultZSetOperationsTests" time="0">
    <error message="Could not initialize class org.springframework.data.redis.test.util.MinimumRedisVersionRule" type="java.lang.NoClassDefFoundError"><![CDATA[java.lang.NoClassDefFoundError: Could not initialize class org.springframework.data.redis.test.util.MinimumRedisVersionRule
	at org.springframework.data.redis.core.DefaultZSetOperationsTests.<init>(DefaultZSetOperationsTests.java:63)
]]></error>
  </testcase>
  <testcase name="testRangeByScoreOffsetCount[4]" classname="org.springframework.data.redis.core.DefaultZSetOperationsTests" time="0">
    <error message="Could not initialize class org.springframework.data.redis.test.util.MinimumRedisVersionRule" type="java.lang.NoClassDefFoundError"><![CDATA[java.lang.NoClassDefFoundError: Could not initialize class org.springframework.data.redis.test.util.MinimumRedisVersionRule
	at org.springframework.data.redis.core.DefaultZSetOperationsTests.<init>(DefaultZSetOperationsTests.java:63)
]]></error>
  </testcase>
  <testcase name="testRemove[4]" classname="org.springframework.data.redis.core.DefaultZSetOperationsTests" time="0">
    <error message="Could not initialize class org.springframework.data.redis.test.util.MinimumRedisVersionRule" type="java.lang.NoClassDefFoundError"><![CDATA[java.lang.NoClassDefFoundError: Could not initialize class org.springframework.data.redis.test.util.MinimumRedisVersionRule
	at org.springframework.data.redis.core.DefaultZSetOperationsTests.<init>(DefaultZSetOperationsTests.java:63)
]]></error>
  </testcase>
  <testcase name="testZsetIntersectWithAggregateWeights[4]" classname="org.springframework.data.redis.core.DefaultZSetOperationsTests" time="0.001">
    <error message="Could not initialize class org.springframework.data.redis.test.util.MinimumRedisVersionRule" type="java.lang.NoClassDefFoundError"><![CDATA[java.lang.NoClassDefFoundError: Could not initialize class org.springframework.data.redis.test.util.MinimumRedisVersionRule
	at org.springframework.data.redis.core.DefaultZSetOperationsTests.<init>(DefaultZSetOperationsTests.java:63)
]]></error>
  </testcase>
  <testcase name="testRangeByLexBoundedWithLimit[4]" classname="org.springframework.data.redis.core.DefaultZSetOperationsTests" time="0">
    <error message="Could not initialize class org.springframework.data.redis.test.util.MinimumRedisVersionRule" type="java.lang.NoClassDefFoundError"><![CDATA[java.lang.NoClassDefFoundError: Could not initialize class org.springframework.data.redis.test.util.MinimumRedisVersionRule
	at org.springframework.data.redis.core.DefaultZSetOperationsTests.<init>(DefaultZSetOperationsTests.java:63)
]]></error>
  </testcase>
  <testcase name="zCardRetrievesDataCorrectly[5]" classname="org.springframework.data.redis.core.DefaultZSetOperationsTests" time="0">
    <error message="Could not initialize class org.springframework.data.redis.test.util.MinimumRedisVersionRule" type="java.lang.NoClassDefFoundError"><![CDATA[java.lang.NoClassDefFoundError: Could not initialize class org.springframework.data.redis.test.util.MinimumRedisVersionRule
	at org.springframework.data.redis.core.DefaultZSetOperationsTests.<init>(DefaultZSetOperationsTests.java:63)
]]></error>
  </testcase>
  <testcase name="testZScanShouldReadEntireValueRange[5]" classname="org.springframework.data.redis.core.DefaultZSetOperationsTests" time="0.001">
    <error message="Could not initialize class org.springframework.data.redis.test.util.MinimumRedisVersionRule" type="java.lang.NoClassDefFoundError"><![CDATA[java.lang.NoClassDefFoundError: Could not initialize class org.springframework.data.redis.test.util.MinimumRedisVersionRule
	at org.springframework.data.redis.core.DefaultZSetOperationsTests.<init>(DefaultZSetOperationsTests.java:63)
]]></error>
  </testcase>
  <testcase name="testCount[5]" classname="org.springframework.data.redis.core.DefaultZSetOperationsTests" time="0">
    <error message="Could not initialize class org.springframework.data.redis.test.util.MinimumRedisVersionRule" type="java.lang.NoClassDefFoundError"><![CDATA[java.lang.NoClassDefFoundError: Could not initialize class org.springframework.data.redis.test.util.MinimumRedisVersionRule
	at org.springframework.data.redis.core.DefaultZSetOperationsTests.<init>(DefaultZSetOperationsTests.java:63)
]]></error>
  </testcase>
  <testcase name="testZsetUnionWithAggregateWeights[5]" classname="org.springframework.data.redis.core.DefaultZSetOperationsTests" time="0">
    <error message="Could not initialize class org.springframework.data.redis.test.util.MinimumRedisVersionRule" type="java.lang.NoClassDefFoundError"><![CDATA[java.lang.NoClassDefFoundError: Could not initialize class org.springframework.data.redis.test.util.MinimumRedisVersionRule
	at org.springframework.data.redis.core.DefaultZSetOperationsTests.<init>(DefaultZSetOperationsTests.java:63)
]]></error>
  </testcase>
  <testcase name="testAddMultiple[5]" classname="org.springframework.data.redis.core.DefaultZSetOperationsTests" time="0">
    <error message="Could not initialize class org.springframework.data.redis.test.util.MinimumRedisVersionRule" type="java.lang.NoClassDefFoundError"><![CDATA[java.lang.NoClassDefFoundError: Could not initialize class org.springframework.data.redis.test.util.MinimumRedisVersionRule
	at org.springframework.data.redis.core.DefaultZSetOperationsTests.<init>(DefaultZSetOperationsTests.java:63)
]]></error>
  </testcase>
  <testcase name="testReverseRangeByScoreOffsetCount[5]" classname="org.springframework.data.redis.core.DefaultZSetOperationsTests" time="0">
    <error message="Could not initialize class org.springframework.data.redis.test.util.MinimumRedisVersionRule" type="java.lang.NoClassDefFoundError"><![CDATA[java.lang.NoClassDefFoundError: Could not initialize class org.springframework.data.redis.test.util.MinimumRedisVersionRule
	at org.springframework.data.redis.core.DefaultZSetOperationsTests.<init>(DefaultZSetOperationsTests.java:63)
]]></error>
  </testcase>
  <testcase name="sizeRetrievesDataCorrectly[5]" classname="org.springframework.data.redis.core.DefaultZSetOperationsTests" time="0">
    <error message="Could not initialize class org.springframework.data.redis.test.util.MinimumRedisVersionRule" type="java.lang.NoClassDefFoundError"><![CDATA[java.lang.NoClassDefFoundError: Could not initialize class org.springframework.data.redis.test.util.MinimumRedisVersionRule
	at org.springframework.data.redis.core.DefaultZSetOperationsTests.<init>(DefaultZSetOperationsTests.java:63)
]]></error>
  </testcase>
  <testcase name="testRangeByScoreWithScoresOffsetCount[5]" classname="org.springframework.data.redis.core.DefaultZSetOperationsTests" time="0">
    <error message="Could not initialize class org.springframework.data.redis.test.util.MinimumRedisVersionRule" type="java.lang.NoClassDefFoundError"><![CDATA[java.lang.NoClassDefFoundError: Could not initialize class org.springframework.data.redis.test.util.MinimumRedisVersionRule
	at org.springframework.data.redis.core.DefaultZSetOperationsTests.<init>(DefaultZSetOperationsTests.java:63)
]]></error>
  </testcase>
  <testcase name="testRangeByLexUnbounded[5]" classname="org.springframework.data.redis.core.DefaultZSetOperationsTests" time="0">
    <error message="Could not initialize class org.springframework.data.redis.test.util.MinimumRedisVersionRule" type="java.lang.NoClassDefFoundError"><![CDATA[java.lang.NoClassDefFoundError: Could not initialize class org.springframework.data.redis.test.util.MinimumRedisVersionRule
	at org.springframework.data.redis.core.DefaultZSetOperationsTests.<init>(DefaultZSetOperationsTests.java:63)
]]></error>
  </testcase>
  <testcase name="testRangeByLexBounded[5]" classname="org.springframework.data.redis.core.DefaultZSetOperationsTests" time="0.001">
    <error message="Could not initialize class org.springframework.data.redis.test.util.MinimumRedisVersionRule" type="java.lang.NoClassDefFoundError"><![CDATA[java.lang.NoClassDefFoundError: Could not initialize class org.springframework.data.redis.test.util.MinimumRedisVersionRule
	at org.springframework.data.redis.core.DefaultZSetOperationsTests.<init>(DefaultZSetOperationsTests.java:63)
]]></error>
  </testcase>
  <testcase name="testReverseRangeByScoreWithScoresOffsetCount[5]" classname="org.springframework.data.redis.core.DefaultZSetOperationsTests" time="0">
    <error message="Could not initialize class org.springframework.data.redis.test.util.MinimumRedisVersionRule" type="java.lang.NoClassDefFoundError"><![CDATA[java.lang.NoClassDefFoundError: Could not initialize class org.springframework.data.redis.test.util.MinimumRedisVersionRule
	at org.springframework.data.redis.core.DefaultZSetOperationsTests.<init>(DefaultZSetOperationsTests.java:63)
]]></error>
  </testcase>
  <testcase name="testZsetIntersectWithAggregate[5]" classname="org.springframework.data.redis.core.DefaultZSetOperationsTests" time="0">
    <error message="Could not initialize class org.springframework.data.redis.test.util.MinimumRedisVersionRule" type="java.lang.NoClassDefFoundError"><![CDATA[java.lang.NoClassDefFoundError: Could not initialize class org.springframework.data.redis.test.util.MinimumRedisVersionRule
	at org.springframework.data.redis.core.DefaultZSetOperationsTests.<init>(DefaultZSetOperationsTests.java:63)
]]></error>
  </testcase>
  <testcase name="testIncrementScore[5]" classname="org.springframework.data.redis.core.DefaultZSetOperationsTests" time="0.001">
    <error message="Could not initialize class org.springframework.data.redis.test.util.MinimumRedisVersionRule" type="java.lang.NoClassDefFoundError"><![CDATA[java.lang.NoClassDefFoundError: Could not initialize class org.springframework.data.redis.test.util.MinimumRedisVersionRule
	at org.springframework.data.redis.core.DefaultZSetOperationsTests.<init>(DefaultZSetOperationsTests.java:63)
]]></error>
  </testcase>
  <testcase name="testZsetUnionWithAggregate[5]" classname="org.springframework.data.redis.core.DefaultZSetOperationsTests" time="0">
    <error message="Could not initialize class org.springframework.data.redis.test.util.MinimumRedisVersionRule" type="java.lang.NoClassDefFoundError"><![CDATA[java.lang.NoClassDefFoundError: Could not initialize class org.springframework.data.redis.test.util.MinimumRedisVersionRule
	at org.springframework.data.redis.core.DefaultZSetOperationsTests.<init>(DefaultZSetOperationsTests.java:63)
]]></error>
  </testcase>
  <testcase name="testRangeByLexUnboundedWithLimit[5]" classname="org.springframework.data.redis.core.DefaultZSetOperationsTests" time="0">
    <error message="Could not initialize class org.springframework.data.redis.test.util.MinimumRedisVersionRule" type="java.lang.NoClassDefFoundError"><![CDATA[java.lang.NoClassDefFoundError: Could not initialize class org.springframework.data.redis.test.util.MinimumRedisVersionRule
	at org.springframework.data.redis.core.DefaultZSetOperationsTests.<init>(DefaultZSetOperationsTests.java:63)
]]></error>
  </testcase>
  <testcase name="testRangeByScoreOffsetCount[5]" classname="org.springframework.data.redis.core.DefaultZSetOperationsTests" time="0">
    <error message="Could not initialize class org.springframework.data.redis.test.util.MinimumRedisVersionRule" type="java.lang.NoClassDefFoundError"><![CDATA[java.lang.NoClassDefFoundError: Could not initialize class org.springframework.data.redis.test.util.MinimumRedisVersionRule
	at org.springframework.data.redis.core.DefaultZSetOperationsTests.<init>(DefaultZSetOperationsTests.java:63)
]]></error>
  </testcase>
  <testcase name="testRemove[5]" classname="org.springframework.data.redis.core.DefaultZSetOperationsTests" time="0">
    <error message="Could not initialize class org.springframework.data.redis.test.util.MinimumRedisVersionRule" type="java.lang.NoClassDefFoundError"><![CDATA[java.lang.NoClassDefFoundError: Could not initialize class org.springframework.data.redis.test.util.MinimumRedisVersionRule
	at org.springframework.data.redis.core.DefaultZSetOperationsTests.<init>(DefaultZSetOperationsTests.java:63)
]]></error>
  </testcase>
  <testcase name="testZsetIntersectWithAggregateWeights[5]" classname="org.springframework.data.redis.core.DefaultZSetOperationsTests" time="0">
    <error message="Could not initialize class org.springframework.data.redis.test.util.MinimumRedisVersionRule" type="java.lang.NoClassDefFoundError"><![CDATA[java.lang.NoClassDefFoundError: Could not initialize class org.springframework.data.redis.test.util.MinimumRedisVersionRule
	at org.springframework.data.redis.core.DefaultZSetOperationsTests.<init>(DefaultZSetOperationsTests.java:63)
]]></error>
  </testcase>
  <testcase name="testRangeByLexBoundedWithLimit[5]" classname="org.springframework.data.redis.core.DefaultZSetOperationsTests" time="0">
    <error message="Could not initialize class org.springframework.data.redis.test.util.MinimumRedisVersionRule" type="java.lang.NoClassDefFoundError"><![CDATA[java.lang.NoClassDefFoundError: Could not initialize class org.springframework.data.redis.test.util.MinimumRedisVersionRule
	at org.springframework.data.redis.core.DefaultZSetOperationsTests.<init>(DefaultZSetOperationsTests.java:63)
]]></error>
  </testcase>
  <testcase name="zCardRetrievesDataCorrectly[6]" classname="org.springframework.data.redis.core.DefaultZSetOperationsTests" time="0">
    <error message="Could not initialize class org.springframework.data.redis.test.util.MinimumRedisVersionRule" type="java.lang.NoClassDefFoundError"><![CDATA[java.lang.NoClassDefFoundError: Could not initialize class org.springframework.data.redis.test.util.MinimumRedisVersionRule
	at org.springframework.data.redis.core.DefaultZSetOperationsTests.<init>(DefaultZSetOperationsTests.java:63)
]]></error>
  </testcase>
  <testcase name="testZScanShouldReadEntireValueRange[6]" classname="org.springframework.data.redis.core.DefaultZSetOperationsTests" time="0.001">
    <error message="Could not initialize class org.springframework.data.redis.test.util.MinimumRedisVersionRule" type="java.lang.NoClassDefFoundError"><![CDATA[java.lang.NoClassDefFoundError: Could not initialize class org.springframework.data.redis.test.util.MinimumRedisVersionRule
	at org.springframework.data.redis.core.DefaultZSetOperationsTests.<init>(DefaultZSetOperationsTests.java:63)
]]></error>
  </testcase>
  <testcase name="testCount[6]" classname="org.springframework.data.redis.core.DefaultZSetOperationsTests" time="0">
    <error message="Could not initialize class org.springframework.data.redis.test.util.MinimumRedisVersionRule" type="java.lang.NoClassDefFoundError"><![CDATA[java.lang.NoClassDefFoundError: Could not initialize class org.springframework.data.redis.test.util.MinimumRedisVersionRule
	at org.springframework.data.redis.core.DefaultZSetOperationsTests.<init>(DefaultZSetOperationsTests.java:63)
]]></error>
  </testcase>
  <testcase name="testZsetUnionWithAggregateWeights[6]" classname="org.springframework.data.redis.core.DefaultZSetOperationsTests" time="0">
    <error message="Could not initialize class org.springframework.data.redis.test.util.MinimumRedisVersionRule" type="java.lang.NoClassDefFoundError"><![CDATA[java.lang.NoClassDefFoundError: Could not initialize class org.springframework.data.redis.test.util.MinimumRedisVersionRule
	at org.springframework.data.redis.core.DefaultZSetOperationsTests.<init>(DefaultZSetOperationsTests.java:63)
]]></error>
  </testcase>
  <testcase name="testAddMultiple[6]" classname="org.springframework.data.redis.core.DefaultZSetOperationsTests" time="0.001">
    <error message="Could not initialize class org.springframework.data.redis.test.util.MinimumRedisVersionRule" type="java.lang.NoClassDefFoundError"><![CDATA[java.lang.NoClassDefFoundError: Could not initialize class org.springframework.data.redis.test.util.MinimumRedisVersionRule
	at org.springframework.data.redis.core.DefaultZSetOperationsTests.<init>(DefaultZSetOperationsTests.java:63)
]]></error>
  </testcase>
  <testcase name="testReverseRangeByScoreOffsetCount[6]" classname="org.springframework.data.redis.core.DefaultZSetOperationsTests" time="0">
    <error message="Could not initialize class org.springframework.data.redis.test.util.MinimumRedisVersionRule" type="java.lang.NoClassDefFoundError"><![CDATA[java.lang.NoClassDefFoundError: Could not initialize class org.springframework.data.redis.test.util.MinimumRedisVersionRule
	at org.springframework.data.redis.core.DefaultZSetOperationsTests.<init>(DefaultZSetOperationsTests.java:63)
]]></error>
  </testcase>
  <testcase name="sizeRetrievesDataCorrectly[6]" classname="org.springframework.data.redis.core.DefaultZSetOperationsTests" time="0">
    <error message="Could not initialize class org.springframework.data.redis.test.util.MinimumRedisVersionRule" type="java.lang.NoClassDefFoundError"><![CDATA[java.lang.NoClassDefFoundError: Could not initialize class org.springframework.data.redis.test.util.MinimumRedisVersionRule
	at org.springframework.data.redis.core.DefaultZSetOperationsTests.<init>(DefaultZSetOperationsTests.java:63)
]]></error>
  </testcase>
  <testcase name="testRangeByScoreWithScoresOffsetCount[6]" classname="org.springframework.data.redis.core.DefaultZSetOperationsTests" time="0">
    <error message="Could not initialize class org.springframework.data.redis.test.util.MinimumRedisVersionRule" type="java.lang.NoClassDefFoundError"><![CDATA[java.lang.NoClassDefFoundError: Could not initialize class org.springframework.data.redis.test.util.MinimumRedisVersionRule
	at org.springframework.data.redis.core.DefaultZSetOperationsTests.<init>(DefaultZSetOperationsTests.java:63)
]]></error>
  </testcase>
  <testcase name="testRangeByLexUnbounded[6]" classname="org.springframework.data.redis.core.DefaultZSetOperationsTests" time="0">
    <error message="Could not initialize class org.springframework.data.redis.test.util.MinimumRedisVersionRule" type="java.lang.NoClassDefFoundError"><![CDATA[java.lang.NoClassDefFoundError: Could not initialize class org.springframework.data.redis.test.util.MinimumRedisVersionRule
	at org.springframework.data.redis.core.DefaultZSetOperationsTests.<init>(DefaultZSetOperationsTests.java:63)
]]></error>
  </testcase>
  <testcase name="testRangeByLexBounded[6]" classname="org.springframework.data.redis.core.DefaultZSetOperationsTests" time="0.001">
    <error message="Could not initialize class org.springframework.data.redis.test.util.MinimumRedisVersionRule" type="java.lang.NoClassDefFoundError"><![CDATA[java.lang.NoClassDefFoundError: Could not initialize class org.springframework.data.redis.test.util.MinimumRedisVersionRule
	at org.springframework.data.redis.core.DefaultZSetOperationsTests.<init>(DefaultZSetOperationsTests.java:63)
]]></error>
  </testcase>
  <testcase name="testReverseRangeByScoreWithScoresOffsetCount[6]" classname="org.springframework.data.redis.core.DefaultZSetOperationsTests" time="0">
    <error message="Could not initialize class org.springframework.data.redis.test.util.MinimumRedisVersionRule" type="java.lang.NoClassDefFoundError"><![CDATA[java.lang.NoClassDefFoundError: Could not initialize class org.springframework.data.redis.test.util.MinimumRedisVersionRule
	at org.springframework.data.redis.core.DefaultZSetOperationsTests.<init>(DefaultZSetOperationsTests.java:63)
]]></error>
  </testcase>
  <testcase name="testZsetIntersectWithAggregate[6]" classname="org.springframework.data.redis.core.DefaultZSetOperationsTests" time="0">
    <error message="Could not initialize class org.springframework.data.redis.test.util.MinimumRedisVersionRule" type="java.lang.NoClassDefFoundError"><![CDATA[java.lang.NoClassDefFoundError: Could not initialize class org.springframework.data.redis.test.util.MinimumRedisVersionRule
	at org.springframework.data.redis.core.DefaultZSetOperationsTests.<init>(DefaultZSetOperationsTests.java:63)
]]></error>
  </testcase>
  <testcase name="testIncrementScore[6]" classname="org.springframework.data.redis.core.DefaultZSetOperationsTests" time="0">
    <error message="Could not initialize class org.springframework.data.redis.test.util.MinimumRedisVersionRule" type="java.lang.NoClassDefFoundError"><![CDATA[java.lang.NoClassDefFoundError: Could not initialize class org.springframework.data.redis.test.util.MinimumRedisVersionRule
	at org.springframework.data.redis.core.DefaultZSetOperationsTests.<init>(DefaultZSetOperationsTests.java:63)
]]></error>
  </testcase>
  <testcase name="testZsetUnionWithAggregate[6]" classname="org.springframework.data.redis.core.DefaultZSetOperationsTests" time="0">
    <error message="Could not initialize class org.springframework.data.redis.test.util.MinimumRedisVersionRule" type="java.lang.NoClassDefFoundError"><![CDATA[java.lang.NoClassDefFoundError: Could not initialize class org.springframework.data.redis.test.util.MinimumRedisVersionRule
	at org.springframework.data.redis.core.DefaultZSetOperationsTests.<init>(DefaultZSetOperationsTests.java:63)
]]></error>
  </testcase>
  <testcase name="testRangeByLexUnboundedWithLimit[6]" classname="org.springframework.data.redis.core.DefaultZSetOperationsTests" time="0">
    <error message="Could not initialize class org.springframework.data.redis.test.util.MinimumRedisVersionRule" type="java.lang.NoClassDefFoundError"><![CDATA[java.lang.NoClassDefFoundError: Could not initialize class org.springframework.data.redis.test.util.MinimumRedisVersionRule
	at org.springframework.data.redis.core.DefaultZSetOperationsTests.<init>(DefaultZSetOperationsTests.java:63)
]]></error>
  </testcase>
  <testcase name="testRangeByScoreOffsetCount[6]" classname="org.springframework.data.redis.core.DefaultZSetOperationsTests" time="0">
    <error message="Could not initialize class org.springframework.data.redis.test.util.MinimumRedisVersionRule" type="java.lang.NoClassDefFoundError"><![CDATA[java.lang.NoClassDefFoundError: Could not initialize class org.springframework.data.redis.test.util.MinimumRedisVersionRule
	at org.springframework.data.redis.core.DefaultZSetOperationsTests.<init>(DefaultZSetOperationsTests.java:63)
]]></error>
  </testcase>
  <testcase name="testRemove[6]" classname="org.springframework.data.redis.core.DefaultZSetOperationsTests" time="0">
    <error message="Could not initialize class org.springframework.data.redis.test.util.MinimumRedisVersionRule" type="java.lang.NoClassDefFoundError"><![CDATA[java.lang.NoClassDefFoundError: Could not initialize class org.springframework.data.redis.test.util.MinimumRedisVersionRule
	at org.springframework.data.redis.core.DefaultZSetOperationsTests.<init>(DefaultZSetOperationsTests.java:63)
]]></error>
  </testcase>
  <testcase name="testZsetIntersectWithAggregateWeights[6]" classname="org.springframework.data.redis.core.DefaultZSetOperationsTests" time="0">
    <error message="Could not initialize class org.springframework.data.redis.test.util.MinimumRedisVersionRule" type="java.lang.NoClassDefFoundError"><![CDATA[java.lang.NoClassDefFoundError: Could not initialize class org.springframework.data.redis.test.util.MinimumRedisVersionRule
	at org.springframework.data.redis.core.DefaultZSetOperationsTests.<init>(DefaultZSetOperationsTests.java:63)
]]></error>
  </testcase>
  <testcase name="testRangeByLexBoundedWithLimit[6]" classname="org.springframework.data.redis.core.DefaultZSetOperationsTests" time="0">
    <error message="Could not initialize class org.springframework.data.redis.test.util.MinimumRedisVersionRule" type="java.lang.NoClassDefFoundError"><![CDATA[java.lang.NoClassDefFoundError: Could not initialize class org.springframework.data.redis.test.util.MinimumRedisVersionRule
	at org.springframework.data.redis.core.DefaultZSetOperationsTests.<init>(DefaultZSetOperationsTests.java:63)
]]></error>
  </testcase>
  <testcase name="zCardRetrievesDataCorrectly[7]" classname="org.springframework.data.redis.core.DefaultZSetOperationsTests" time="0">
    <error message="Could not initialize class org.springframework.data.redis.test.util.MinimumRedisVersionRule" type="java.lang.NoClassDefFoundError"><![CDATA[java.lang.NoClassDefFoundError: Could not initialize class org.springframework.data.redis.test.util.MinimumRedisVersionRule
	at org.springframework.data.redis.core.DefaultZSetOperationsTests.<init>(DefaultZSetOperationsTests.java:63)
]]></error>
  </testcase>
  <testcase name="testZScanShouldReadEntireValueRange[7]" classname="org.springframework.data.redis.core.DefaultZSetOperationsTests" time="0">
    <error message="Could not initialize class org.springframework.data.redis.test.util.MinimumRedisVersionRule" type="java.lang.NoClassDefFoundError"><![CDATA[java.lang.NoClassDefFoundError: Could not initialize class org.springframework.data.redis.test.util.MinimumRedisVersionRule
	at org.springframework.data.redis.core.DefaultZSetOperationsTests.<init>(DefaultZSetOperationsTests.java:63)
]]></error>
  </testcase>
  <testcase name="testCount[7]" classname="org.springframework.data.redis.core.DefaultZSetOperationsTests" time="0.001">
    <error message="Could not initialize class org.springframework.data.redis.test.util.MinimumRedisVersionRule" type="java.lang.NoClassDefFoundError"><![CDATA[java.lang.NoClassDefFoundError: Could not initialize class org.springframework.data.redis.test.util.MinimumRedisVersionRule
	at org.springframework.data.redis.core.DefaultZSetOperationsTests.<init>(DefaultZSetOperationsTests.java:63)
]]></error>
  </testcase>
  <testcase name="testZsetUnionWithAggregateWeights[7]" classname="org.springframework.data.redis.core.DefaultZSetOperationsTests" time="0">
    <error message="Could not initialize class org.springframework.data.redis.test.util.MinimumRedisVersionRule" type="java.lang.NoClassDefFoundError"><![CDATA[java.lang.NoClassDefFoundError: Could not initialize class org.springframework.data.redis.test.util.MinimumRedisVersionRule
	at org.springframework.data.redis.core.DefaultZSetOperationsTests.<init>(DefaultZSetOperationsTests.java:63)
]]></error>
  </testcase>
  <testcase name="testAddMultiple[7]" classname="org.springframework.data.redis.core.DefaultZSetOperationsTests" time="0">
    <error message="Could not initialize class org.springframework.data.redis.test.util.MinimumRedisVersionRule" type="java.lang.NoClassDefFoundError"><![CDATA[java.lang.NoClassDefFoundError: Could not initialize class org.springframework.data.redis.test.util.MinimumRedisVersionRule
	at org.springframework.data.redis.core.DefaultZSetOperationsTests.<init>(DefaultZSetOperationsTests.java:63)
]]></error>
  </testcase>
  <testcase name="testReverseRangeByScoreOffsetCount[7]" classname="org.springframework.data.redis.core.DefaultZSetOperationsTests" time="0">
    <error message="Could not initialize class org.springframework.data.redis.test.util.MinimumRedisVersionRule" type="java.lang.NoClassDefFoundError"><![CDATA[java.lang.NoClassDefFoundError: Could not initialize class org.springframework.data.redis.test.util.MinimumRedisVersionRule
	at org.springframework.data.redis.core.DefaultZSetOperationsTests.<init>(DefaultZSetOperationsTests.java:63)
]]></error>
  </testcase>
  <testcase name="sizeRetrievesDataCorrectly[7]" classname="org.springframework.data.redis.core.DefaultZSetOperationsTests" time="0">
    <error message="Could not initialize class org.springframework.data.redis.test.util.MinimumRedisVersionRule" type="java.lang.NoClassDefFoundError"><![CDATA[java.lang.NoClassDefFoundError: Could not initialize class org.springframework.data.redis.test.util.MinimumRedisVersionRule
	at org.springframework.data.redis.core.DefaultZSetOperationsTests.<init>(DefaultZSetOperationsTests.java:63)
]]></error>
  </testcase>
  <testcase name="testRangeByScoreWithScoresOffsetCount[7]" classname="org.springframework.data.redis.core.DefaultZSetOperationsTests" time="0">
    <error message="Could not initialize class org.springframework.data.redis.test.util.MinimumRedisVersionRule" type="java.lang.NoClassDefFoundError"><![CDATA[java.lang.NoClassDefFoundError: Could not initialize class org.springframework.data.redis.test.util.MinimumRedisVersionRule
	at org.springframework.data.redis.core.DefaultZSetOperationsTests.<init>(DefaultZSetOperationsTests.java:63)
]]></error>
  </testcase>
  <testcase name="testRangeByLexUnbounded[7]" classname="org.springframework.data.redis.core.DefaultZSetOperationsTests" time="0">
    <error message="Could not initialize class org.springframework.data.redis.test.util.MinimumRedisVersionRule" type="java.lang.NoClassDefFoundError"><![CDATA[java.lang.NoClassDefFoundError: Could not initialize class org.springframework.data.redis.test.util.MinimumRedisVersionRule
	at org.springframework.data.redis.core.DefaultZSetOperationsTests.<init>(DefaultZSetOperationsTests.java:63)
]]></error>
  </testcase>
  <testcase name="testRangeByLexBounded[7]" classname="org.springframework.data.redis.core.DefaultZSetOperationsTests" time="0">
    <error message="Could not initialize class org.springframework.data.redis.test.util.MinimumRedisVersionRule" type="java.lang.NoClassDefFoundError"><![CDATA[java.lang.NoClassDefFoundError: Could not initialize class org.springframework.data.redis.test.util.MinimumRedisVersionRule
	at org.springframework.data.redis.core.DefaultZSetOperationsTests.<init>(DefaultZSetOperationsTests.java:63)
]]></error>
  </testcase>
  <testcase name="testReverseRangeByScoreWithScoresOffsetCount[7]" classname="org.springframework.data.redis.core.DefaultZSetOperationsTests" time="0">
    <error message="Could not initialize class org.springframework.data.redis.test.util.MinimumRedisVersionRule" type="java.lang.NoClassDefFoundError"><![CDATA[java.lang.NoClassDefFoundError: Could not initialize class org.springframework.data.redis.test.util.MinimumRedisVersionRule
	at org.springframework.data.redis.core.DefaultZSetOperationsTests.<init>(DefaultZSetOperationsTests.java:63)
]]></error>
  </testcase>
  <testcase name="testZsetIntersectWithAggregate[7]" classname="org.springframework.data.redis.core.DefaultZSetOperationsTests" time="0">
    <error message="Could not initialize class org.springframework.data.redis.test.util.MinimumRedisVersionRule" type="java.lang.NoClassDefFoundError"><![CDATA[java.lang.NoClassDefFoundError: Could not initialize class org.springframework.data.redis.test.util.MinimumRedisVersionRule
	at org.springframework.data.redis.core.DefaultZSetOperationsTests.<init>(DefaultZSetOperationsTests.java:63)
]]></error>
  </testcase>
  <testcase name="testIncrementScore[7]" classname="org.springframework.data.redis.core.DefaultZSetOperationsTests" time="0">
    <error message="Could not initialize class org.springframework.data.redis.test.util.MinimumRedisVersionRule" type="java.lang.NoClassDefFoundError"><![CDATA[java.lang.NoClassDefFoundError: Could not initialize class org.springframework.data.redis.test.util.MinimumRedisVersionRule
	at org.springframework.data.redis.core.DefaultZSetOperationsTests.<init>(DefaultZSetOperationsTests.java:63)
]]></error>
  </testcase>
  <testcase name="testZsetUnionWithAggregate[7]" classname="org.springframework.data.redis.core.DefaultZSetOperationsTests" time="0">
    <error message="Could not initialize class org.springframework.data.redis.test.util.MinimumRedisVersionRule" type="java.lang.NoClassDefFoundError"><![CDATA[java.lang.NoClassDefFoundError: Could not initialize class org.springframework.data.redis.test.util.MinimumRedisVersionRule
	at org.springframework.data.redis.core.DefaultZSetOperationsTests.<init>(DefaultZSetOperationsTests.java:63)
]]></error>
  </testcase>
  <testcase name="testRangeByLexUnboundedWithLimit[7]" classname="org.springframework.data.redis.core.DefaultZSetOperationsTests" time="0">
    <error message="Could not initialize class org.springframework.data.redis.test.util.MinimumRedisVersionRule" type="java.lang.NoClassDefFoundError"><![CDATA[java.lang.NoClassDefFoundError: Could not initialize class org.springframework.data.redis.test.util.MinimumRedisVersionRule
	at org.springframework.data.redis.core.DefaultZSetOperationsTests.<init>(DefaultZSetOperationsTests.java:63)
]]></error>
  </testcase>
  <testcase name="testRangeByScoreOffsetCount[7]" classname="org.springframework.data.redis.core.DefaultZSetOperationsTests" time="0">
    <error message="Could not initialize class org.springframework.data.redis.test.util.MinimumRedisVersionRule" type="java.lang.NoClassDefFoundError"><![CDATA[java.lang.NoClassDefFoundError: Could not initialize class org.springframework.data.redis.test.util.MinimumRedisVersionRule
	at org.springframework.data.redis.core.DefaultZSetOperationsTests.<init>(DefaultZSetOperationsTests.java:63)
]]></error>
  </testcase>
  <testcase name="testRemove[7]" classname="org.springframework.data.redis.core.DefaultZSetOperationsTests" time="0">
    <error message="Could not initialize class org.springframework.data.redis.test.util.MinimumRedisVersionRule" type="java.lang.NoClassDefFoundError"><![CDATA[java.lang.NoClassDefFoundError: Could not initialize class org.springframework.data.redis.test.util.MinimumRedisVersionRule
	at org.springframework.data.redis.core.DefaultZSetOperationsTests.<init>(DefaultZSetOperationsTests.java:63)
]]></error>
  </testcase>
  <testcase name="testZsetIntersectWithAggregateWeights[7]" classname="org.springframework.data.redis.core.DefaultZSetOperationsTests" time="0">
    <error message="Could not initialize class org.springframework.data.redis.test.util.MinimumRedisVersionRule" type="java.lang.NoClassDefFoundError"><![CDATA[java.lang.NoClassDefFoundError: Could not initialize class org.springframework.data.redis.test.util.MinimumRedisVersionRule
	at org.springframework.data.redis.core.DefaultZSetOperationsTests.<init>(DefaultZSetOperationsTests.java:63)
]]></error>
  </testcase>
  <testcase name="testRangeByLexBoundedWithLimit[7]" classname="org.springframework.data.redis.core.DefaultZSetOperationsTests" time="0.001">
    <error message="Could not initialize class org.springframework.data.redis.test.util.MinimumRedisVersionRule" type="java.lang.NoClassDefFoundError"><![CDATA[java.lang.NoClassDefFoundError: Could not initialize class org.springframework.data.redis.test.util.MinimumRedisVersionRule
	at org.springframework.data.redis.core.DefaultZSetOperationsTests.<init>(DefaultZSetOperationsTests.java:63)
]]></error>
  </testcase>
  <testcase name="zCardRetrievesDataCorrectly[8]" classname="org.springframework.data.redis.core.DefaultZSetOperationsTests" time="0">
    <error message="Could not initialize class org.springframework.data.redis.test.util.MinimumRedisVersionRule" type="java.lang.NoClassDefFoundError"><![CDATA[java.lang.NoClassDefFoundError: Could not initialize class org.springframework.data.redis.test.util.MinimumRedisVersionRule
	at org.springframework.data.redis.core.DefaultZSetOperationsTests.<init>(DefaultZSetOperationsTests.java:63)
]]></error>
  </testcase>
  <testcase name="testZScanShouldReadEntireValueRange[8]" classname="org.springframework.data.redis.core.DefaultZSetOperationsTests" time="0">
    <error message="Could not initialize class org.springframework.data.redis.test.util.MinimumRedisVersionRule" type="java.lang.NoClassDefFoundError"><![CDATA[java.lang.NoClassDefFoundError: Could not initialize class org.springframework.data.redis.test.util.MinimumRedisVersionRule
	at org.springframework.data.redis.core.DefaultZSetOperationsTests.<init>(DefaultZSetOperationsTests.java:63)
]]></error>
  </testcase>
  <testcase name="testCount[8]" classname="org.springframework.data.redis.core.DefaultZSetOperationsTests" time="0">
    <error message="Could not initialize class org.springframework.data.redis.test.util.MinimumRedisVersionRule" type="java.lang.NoClassDefFoundError"><![CDATA[java.lang.NoClassDefFoundError: Could not initialize class org.springframework.data.redis.test.util.MinimumRedisVersionRule
	at org.springframework.data.redis.core.DefaultZSetOperationsTests.<init>(DefaultZSetOperationsTests.java:63)
]]></error>
  </testcase>
  <testcase name="testZsetUnionWithAggregateWeights[8]" classname="org.springframework.data.redis.core.DefaultZSetOperationsTests" time="0">
    <error message="Could not initialize class org.springframework.data.redis.test.util.MinimumRedisVersionRule" type="java.lang.NoClassDefFoundError"><![CDATA[java.lang.NoClassDefFoundError: Could not initialize class org.springframework.data.redis.test.util.MinimumRedisVersionRule
	at org.springframework.data.redis.core.DefaultZSetOperationsTests.<init>(DefaultZSetOperationsTests.java:63)
]]></error>
  </testcase>
  <testcase name="testAddMultiple[8]" classname="org.springframework.data.redis.core.DefaultZSetOperationsTests" time="0">
    <error message="Could not initialize class org.springframework.data.redis.test.util.MinimumRedisVersionRule" type="java.lang.NoClassDefFoundError"><![CDATA[java.lang.NoClassDefFoundError: Could not initialize class org.springframework.data.redis.test.util.MinimumRedisVersionRule
	at org.springframework.data.redis.core.DefaultZSetOperationsTests.<init>(DefaultZSetOperationsTests.java:63)
]]></error>
  </testcase>
  <testcase name="testReverseRangeByScoreOffsetCount[8]" classname="org.springframework.data.redis.core.DefaultZSetOperationsTests" time="0">
    <error message="Could not initialize class org.springframework.data.redis.test.util.MinimumRedisVersionRule" type="java.lang.NoClassDefFoundError"><![CDATA[java.lang.NoClassDefFoundError: Could not initialize class org.springframework.data.redis.test.util.MinimumRedisVersionRule
	at org.springframework.data.redis.core.DefaultZSetOperationsTests.<init>(DefaultZSetOperationsTests.java:63)
]]></error>
  </testcase>
  <testcase name="sizeRetrievesDataCorrectly[8]" classname="org.springframework.data.redis.core.DefaultZSetOperationsTests" time="0.001">
    <error message="Could not initialize class org.springframework.data.redis.test.util.MinimumRedisVersionRule" type="java.lang.NoClassDefFoundError"><![CDATA[java.lang.NoClassDefFoundError: Could not initialize class org.springframework.data.redis.test.util.MinimumRedisVersionRule
	at org.springframework.data.redis.core.DefaultZSetOperationsTests.<init>(DefaultZSetOperationsTests.java:63)
]]></error>
  </testcase>
  <testcase name="testRangeByScoreWithScoresOffsetCount[8]" classname="org.springframework.data.redis.core.DefaultZSetOperationsTests" time="0">
    <error message="Could not initialize class org.springframework.data.redis.test.util.MinimumRedisVersionRule" type="java.lang.NoClassDefFoundError"><![CDATA[java.lang.NoClassDefFoundError: Could not initialize class org.springframework.data.redis.test.util.MinimumRedisVersionRule
	at org.springframework.data.redis.core.DefaultZSetOperationsTests.<init>(DefaultZSetOperationsTests.java:63)
]]></error>
  </testcase>
  <testcase name="testRangeByLexUnbounded[8]" classname="org.springframework.data.redis.core.DefaultZSetOperationsTests" time="0">
    <error message="Could not initialize class org.springframework.data.redis.test.util.MinimumRedisVersionRule" type="java.lang.NoClassDefFoundError"><![CDATA[java.lang.NoClassDefFoundError: Could not initialize class org.springframework.data.redis.test.util.MinimumRedisVersionRule
	at org.springframework.data.redis.core.DefaultZSetOperationsTests.<init>(DefaultZSetOperationsTests.java:63)
]]></error>
  </testcase>
  <testcase name="testRangeByLexBounded[8]" classname="org.springframework.data.redis.core.DefaultZSetOperationsTests" time="0">
    <error message="Could not initialize class org.springframework.data.redis.test.util.MinimumRedisVersionRule" type="java.lang.NoClassDefFoundError"><![CDATA[java.lang.NoClassDefFoundError: Could not initialize class org.springframework.data.redis.test.util.MinimumRedisVersionRule
	at org.springframework.data.redis.core.DefaultZSetOperationsTests.<init>(DefaultZSetOperationsTests.java:63)
]]></error>
  </testcase>
  <testcase name="testReverseRangeByScoreWithScoresOffsetCount[8]" classname="org.springframework.data.redis.core.DefaultZSetOperationsTests" time="0">
    <error message="Could not initialize class org.springframework.data.redis.test.util.MinimumRedisVersionRule" type="java.lang.NoClassDefFoundError"><![CDATA[java.lang.NoClassDefFoundError: Could not initialize class org.springframework.data.redis.test.util.MinimumRedisVersionRule
	at org.springframework.data.redis.core.DefaultZSetOperationsTests.<init>(DefaultZSetOperationsTests.java:63)
]]></error>
  </testcase>
  <testcase name="testZsetIntersectWithAggregate[8]" classname="org.springframework.data.redis.core.DefaultZSetOperationsTests" time="0">
    <error message="Could not initialize class org.springframework.data.redis.test.util.MinimumRedisVersionRule" type="java.lang.NoClassDefFoundError"><![CDATA[java.lang.NoClassDefFoundError: Could not initialize class org.springframework.data.redis.test.util.MinimumRedisVersionRule
	at org.springframework.data.redis.core.DefaultZSetOperationsTests.<init>(DefaultZSetOperationsTests.java:63)
]]></error>
  </testcase>
  <testcase name="testIncrementScore[8]" classname="org.springframework.data.redis.core.DefaultZSetOperationsTests" time="0">
    <error message="Could not initialize class org.springframework.data.redis.test.util.MinimumRedisVersionRule" type="java.lang.NoClassDefFoundError"><![CDATA[java.lang.NoClassDefFoundError: Could not initialize class org.springframework.data.redis.test.util.MinimumRedisVersionRule
	at org.springframework.data.redis.core.DefaultZSetOperationsTests.<init>(DefaultZSetOperationsTests.java:63)
]]></error>
  </testcase>
  <testcase name="testZsetUnionWithAggregate[8]" classname="org.springframework.data.redis.core.DefaultZSetOperationsTests" time="0.001">
    <error message="Could not initialize class org.springframework.data.redis.test.util.MinimumRedisVersionRule" type="java.lang.NoClassDefFoundError"><![CDATA[java.lang.NoClassDefFoundError: Could not initialize class org.springframework.data.redis.test.util.MinimumRedisVersionRule
	at org.springframework.data.redis.core.DefaultZSetOperationsTests.<init>(DefaultZSetOperationsTests.java:63)
]]></error>
  </testcase>
  <testcase name="testRangeByLexUnboundedWithLimit[8]" classname="org.springframework.data.redis.core.DefaultZSetOperationsTests" time="0">
    <error message="Could not initialize class org.springframework.data.redis.test.util.MinimumRedisVersionRule" type="java.lang.NoClassDefFoundError"><![CDATA[java.lang.NoClassDefFoundError: Could not initialize class org.springframework.data.redis.test.util.MinimumRedisVersionRule
	at org.springframework.data.redis.core.DefaultZSetOperationsTests.<init>(DefaultZSetOperationsTests.java:63)
]]></error>
  </testcase>
  <testcase name="testRangeByScoreOffsetCount[8]" classname="org.springframework.data.redis.core.DefaultZSetOperationsTests" time="0">
    <error message="Could not initialize class org.springframework.data.redis.test.util.MinimumRedisVersionRule" type="java.lang.NoClassDefFoundError"><![CDATA[java.lang.NoClassDefFoundError: Could not initialize class org.springframework.data.redis.test.util.MinimumRedisVersionRule
	at org.springframework.data.redis.core.DefaultZSetOperationsTests.<init>(DefaultZSetOperationsTests.java:63)
]]></error>
  </testcase>
  <testcase name="testRemove[8]" classname="org.springframework.data.redis.core.DefaultZSetOperationsTests" time="0">
    <error message="Could not initialize class org.springframework.data.redis.test.util.MinimumRedisVersionRule" type="java.lang.NoClassDefFoundError"><![CDATA[java.lang.NoClassDefFoundError: Could not initialize class org.springframework.data.redis.test.util.MinimumRedisVersionRule
	at org.springframework.data.redis.core.DefaultZSetOperationsTests.<init>(DefaultZSetOperationsTests.java:63)
]]></error>
  </testcase>
  <testcase name="testZsetIntersectWithAggregateWeights[8]" classname="org.springframework.data.redis.core.DefaultZSetOperationsTests" time="0">
    <error message="Could not initialize class org.springframework.data.redis.test.util.MinimumRedisVersionRule" type="java.lang.NoClassDefFoundError"><![CDATA[java.lang.NoClassDefFoundError: Could not initialize class org.springframework.data.redis.test.util.MinimumRedisVersionRule
	at org.springframework.data.redis.core.DefaultZSetOperationsTests.<init>(DefaultZSetOperationsTests.java:63)
]]></error>
  </testcase>
  <testcase name="testRangeByLexBoundedWithLimit[8]" classname="org.springframework.data.redis.core.DefaultZSetOperationsTests" time="0">
    <error message="Could not initialize class org.springframework.data.redis.test.util.MinimumRedisVersionRule" type="java.lang.NoClassDefFoundError"><![CDATA[java.lang.NoClassDefFoundError: Could not initialize class org.springframework.data.redis.test.util.MinimumRedisVersionRule
	at org.springframework.data.redis.core.DefaultZSetOperationsTests.<init>(DefaultZSetOperationsTests.java:63)
]]></error>
  </testcase>
</testsuite>