<?xml version="1.0" encoding="UTF-8"?>
<testsuite xmlns:xsi="http://www.w3.org/2001/XMLSchema-instance" xsi:noNamespaceSchemaLocation="https://maven.apache.org/surefire/maven-surefire-plugin/xsd/surefire-test-report.xsd" name="services.RecipeSearchServiceTest" time="5.299" tests="3" errors="0" skipped="0" failures="1">
  <properties>
    <property name="awt.toolkit" value="sun.awt.X11.XToolkit"/>
    <property name="file.encoding.pkg" value="sun.io"/>
    <property name="java.specification.version" value="1.8"/>
    <property name="sun.cpu.isalist" value=""/>
    <property name="sun.jnu.encoding" value="UTF-8"/>
    <property name="java.class.path" value="/root/workspace/jasongreely/alexa-sous-chef/386593331/target/test-classes:/root/workspace/jasongreely/alexa-sous-chef/386593331/target/classes:/root/./workspace/jasongreely/alexa-sous-chef/386593331/.m2/com/amazon/alexa/alexa-skills-kit/1.8.1/alexa-skills-kit-1.8.1.jar:/root/./workspace/jasongreely/alexa-sous-chef/386593331/.m2/javax/servlet/javax.servlet-api/3.0.1/javax.servlet-api-3.0.1.jar:/root/./workspace/jasongreely/alexa-sous-chef/386593331/.m2/com/fasterxml/jackson/core/jackson-annotations/2.6.2/jackson-annotations-2.6.2.jar:/root/./workspace/jasongreely/alexa-sous-chef/386593331/.m2/com/fasterxml/jackson/core/jackson-core/2.6.7/jackson-core-2.6.7.jar:/root/./workspace/jasongreely/alexa-sous-chef/386593331/.m2/com/fasterxml/jackson/core/jackson-databind/2.6.7/jackson-databind-2.6.7.jar:/root/./workspace/jasongreely/alexa-sous-chef/386593331/.m2/commons-codec/commons-codec/1.6/commons-codec-1.6.jar:/root/./workspace/jasongreely/alexa-sous-chef/386593331/.m2/commons-io/commons-io/2.4/commons-io-2.4.jar:/root/./workspace/jasongreely/alexa-sous-chef/386593331/.m2/org/eclipse/jetty/jetty-server/9.0.6.v20130930/jetty-server-9.0.6.v20130930.jar:/root/./workspace/jasongreely/alexa-sous-chef/386593331/.m2/org/eclipse/jetty/orbit/javax.servlet/3.0.0.v201112011016/javax.servlet-3.0.0.v201112011016.jar:/root/./workspace/jasongreely/alexa-sous-chef/386593331/.m2/org/eclipse/jetty/jetty-http/9.0.6.v20130930/jetty-http-9.0.6.v20130930.jar:/root/./workspace/jasongreely/alexa-sous-chef/386593331/.m2/org/eclipse/jetty/jetty-util/9.0.6.v20130930/jetty-util-9.0.6.v20130930.jar:/root/./workspace/jasongreely/alexa-sous-chef/386593331/.m2/org/eclipse/jetty/jetty-io/9.0.6.v20130930/jetty-io-9.0.6.v20130930.jar:/root/./workspace/jasongreely/alexa-sous-chef/386593331/.m2/org/eclipse/jetty/jetty-servlet/9.4.9.v20180320/jetty-servlet-9.4.9.v20180320.jar:/root/./workspace/jasongreely/alexa-sous-chef/386593331/.m2/org/eclipse/jetty/jetty-security/9.4.9.v20180320/jetty-security-9.4.9.v20180320.jar:/root/./workspace/jasongreely/alexa-sous-chef/386593331/.m2/log4j/log4j/1.2.17/log4j-1.2.17.jar:/root/./workspace/jasongreely/alexa-sous-chef/386593331/.m2/org/slf4j/slf4j-api/1.7.25/slf4j-api-1.7.25.jar:/root/./workspace/jasongreely/alexa-sous-chef/386593331/.m2/org/slf4j/slf4j-log4j12/1.7.25/slf4j-log4j12-1.7.25.jar:/root/./workspace/jasongreely/alexa-sous-chef/386593331/.m2/org/apache/commons/commons-lang3/3.4/commons-lang3-3.4.jar:/root/./workspace/jasongreely/alexa-sous-chef/386593331/.m2/org/apache/directory/studio/org.apache.commons.io/2.4/org.apache.commons.io-2.4.jar:/root/./workspace/jasongreely/alexa-sous-chef/386593331/.m2/com/amazonaws/aws-lambda-java-log4j/1.0.0/aws-lambda-java-log4j-1.0.0.jar:/root/./workspace/jasongreely/alexa-sous-chef/386593331/.m2/com/amazonaws/aws-java-sdk-dynamodb/1.9.40/aws-java-sdk-dynamodb-1.9.40.jar:/root/./workspace/jasongreely/alexa-sous-chef/386593331/.m2/com/amazonaws/aws-java-sdk-s3/1.9.40/aws-java-sdk-s3-1.9.40.jar:/root/./workspace/jasongreely/alexa-sous-chef/386593331/.m2/com/amazonaws/aws-java-sdk-kms/1.9.40/aws-java-sdk-kms-1.9.40.jar:/root/./workspace/jasongreely/alexa-sous-chef/386593331/.m2/com/amazonaws/aws-java-sdk-core/1.9.40/aws-java-sdk-core-1.9.40.jar:/root/./workspace/jasongreely/alexa-sous-chef/386593331/.m2/commons-logging/commons-logging/1.1.3/commons-logging-1.1.3.jar:/root/./workspace/jasongreely/alexa-sous-chef/386593331/.m2/org/apache/httpcomponents/httpclient/4.3.4/httpclient-4.3.4.jar:/root/./workspace/jasongreely/alexa-sous-chef/386593331/.m2/org/apache/httpcomponents/httpcore/4.3.2/httpcore-4.3.2.jar:/root/./workspace/jasongreely/alexa-sous-chef/386593331/.m2/joda-time/joda-time/2.10/joda-time-2.10.jar:/root/./workspace/jasongreely/alexa-sous-chef/386593331/.m2/junit/junit/4.12/junit-4.12.jar:/root/./workspace/jasongreely/alexa-sous-chef/386593331/.m2/org/hamcrest/hamcrest-core/1.3/hamcrest-core-1.3.jar:/root/./workspace/jasongreely/alexa-sous-chef/386593331/.m2/org/springframework/integration/spring-integration-core/5.0.3.RELEASE/spring-integration-core-5.0.3.RELEASE.jar:/root/./workspace/jasongreely/alexa-sous-chef/386593331/.m2/org/springframework/spring-core/5.0.4.RELEASE/spring-core-5.0.4.RELEASE.jar:/root/./workspace/jasongreely/alexa-sous-chef/386593331/.m2/org/springframework/spring-jcl/5.0.4.RELEASE/spring-jcl-5.0.4.RELEASE.jar:/root/./workspace/jasongreely/alexa-sous-chef/386593331/.m2/org/springframework/spring-aop/5.0.4.RELEASE/spring-aop-5.0.4.RELEASE.jar:/root/./workspace/jasongreely/alexa-sous-chef/386593331/.m2/org/springframework/spring-beans/5.0.4.RELEASE/spring-beans-5.0.4.RELEASE.jar:/root/./workspace/jasongreely/alexa-sous-chef/386593331/.m2/org/springframework/spring-context/5.0.4.RELEASE/spring-context-5.0.4.RELEASE.jar:/root/./workspace/jasongreely/alexa-sous-chef/386593331/.m2/org/springframework/spring-expression/5.0.4.RELEASE/spring-expression-5.0.4.RELEASE.jar:/root/./workspace/jasongreely/alexa-sous-chef/386593331/.m2/org/springframework/spring-messaging/5.0.4.RELEASE/spring-messaging-5.0.4.RELEASE.jar:/root/./workspace/jasongreely/alexa-sous-chef/386593331/.m2/org/springframework/spring-tx/5.0.4.RELEASE/spring-tx-5.0.4.RELEASE.jar:/root/./workspace/jasongreely/alexa-sous-chef/386593331/.m2/org/springframework/retry/spring-retry/1.2.2.RELEASE/spring-retry-1.2.2.RELEASE.jar:/root/./workspace/jasongreely/alexa-sous-chef/386593331/.m2/io/projectreactor/reactor-core/3.1.5.RELEASE/reactor-core-3.1.5.RELEASE.jar:/root/./workspace/jasongreely/alexa-sous-chef/386593331/.m2/org/reactivestreams/reactive-streams/1.0.2/reactive-streams-1.0.2.jar:/root/./workspace/jasongreely/alexa-sous-chef/386593331/.m2/io/micrometer/micrometer-core/1.0.1/micrometer-core-1.0.1.jar:/root/./workspace/jasongreely/alexa-sous-chef/386593331/.m2/org/hdrhistogram/HdrHistogram/2.1.10/HdrHistogram-2.1.10.jar:/root/./workspace/jasongreely/alexa-sous-chef/386593331/.m2/org/latencyutils/LatencyUtils/2.0.3/LatencyUtils-2.0.3.jar:/root/./workspace/jasongreely/alexa-sous-chef/386593331/.m2/cglib/cglib/2.2.2/cglib-2.2.2.jar:/root/./workspace/jasongreely/alexa-sous-chef/386593331/.m2/asm/asm/3.3.1/asm-3.3.1.jar:/root/./workspace/jasongreely/alexa-sous-chef/386593331/.m2/org/jsoup/jsoup/1.11.2/jsoup-1.11.2.jar:/root/./workspace/jasongreely/alexa-sous-chef/386593331/.m2/com/amazonaws/aws-lambda-java-core/1.1.0/aws-lambda-java-core-1.1.0.jar:"/>
    <property name="java.vm.vendor" value="Oracle Corporation"/>
    <property name="skip.bower" value="true"/>
    <property name="sun.arch.data.model" value="64"/>
    <property name="java.vendor.url" value="http://java.oracle.com/"/>
    <property name="user.timezone" value=""/>
    <property name="java.vm.specification.version" value="1.8"/>
    <property name="os.name" value="Linux"/>
    <property name="rat.skip" value="true"/>
    <property name="gpg.skip" value="true"/>
    <property name="sun.java.launcher" value="SUN_STANDARD"/>
    <property name="sun.boot.library.path" value="/usr/lib/jvm/java-8-openjdk-amd64/jre/lib/amd64"/>
    <property name="skip.gulp" value="true"/>
    <property name="sun.java.command" value="/root/workspace/jasongreely/alexa-sous-chef/386593331/target/surefire/surefirebooter8192128334931697518.jar /root/workspace/jasongreely/alexa-sous-chef/386593331/target/surefire 2018-06-01T12-24-07_862-jvmRun1 surefire8305400227191892042tmp surefire_06926625126214835076tmp"/>
    <property name="dependency-check.skip" value="true"/>
    <property name="surefire.test.class.path" value="/root/workspace/jasongreely/alexa-sous-chef/386593331/target/test-classes:/root/workspace/jasongreely/alexa-sous-chef/386593331/target/classes:/root/./workspace/jasongreely/alexa-sous-chef/386593331/.m2/com/amazon/alexa/alexa-skills-kit/1.8.1/alexa-skills-kit-1.8.1.jar:/root/./workspace/jasongreely/alexa-sous-chef/386593331/.m2/javax/servlet/javax.servlet-api/3.0.1/javax.servlet-api-3.0.1.jar:/root/./workspace/jasongreely/alexa-sous-chef/386593331/.m2/com/fasterxml/jackson/core/jackson-annotations/2.6.2/jackson-annotations-2.6.2.jar:/root/./workspace/jasongreely/alexa-sous-chef/386593331/.m2/com/fasterxml/jackson/core/jackson-core/2.6.7/jackson-core-2.6.7.jar:/root/./workspace/jasongreely/alexa-sous-chef/386593331/.m2/com/fasterxml/jackson/core/jackson-databind/2.6.7/jackson-databind-2.6.7.jar:/root/./workspace/jasongreely/alexa-sous-chef/386593331/.m2/commons-codec/commons-codec/1.6/commons-codec-1.6.jar:/root/./workspace/jasongreely/alexa-sous-chef/386593331/.m2/commons-io/commons-io/2.4/commons-io-2.4.jar:/root/./workspace/jasongreely/alexa-sous-chef/386593331/.m2/org/eclipse/jetty/jetty-server/9.0.6.v20130930/jetty-server-9.0.6.v20130930.jar:/root/./workspace/jasongreely/alexa-sous-chef/386593331/.m2/org/eclipse/jetty/orbit/javax.servlet/3.0.0.v201112011016/javax.servlet-3.0.0.v201112011016.jar:/root/./workspace/jasongreely/alexa-sous-chef/386593331/.m2/org/eclipse/jetty/jetty-http/9.0.6.v20130930/jetty-http-9.0.6.v20130930.jar:/root/./workspace/jasongreely/alexa-sous-chef/386593331/.m2/org/eclipse/jetty/jetty-util/9.0.6.v20130930/jetty-util-9.0.6.v20130930.jar:/root/./workspace/jasongreely/alexa-sous-chef/386593331/.m2/org/eclipse/jetty/jetty-io/9.0.6.v20130930/jetty-io-9.0.6.v20130930.jar:/root/./workspace/jasongreely/alexa-sous-chef/386593331/.m2/org/eclipse/jetty/jetty-servlet/9.4.9.v20180320/jetty-servlet-9.4.9.v20180320.jar:/root/./workspace/jasongreely/alexa-sous-chef/386593331/.m2/org/eclipse/jetty/jetty-security/9.4.9.v20180320/jetty-security-9.4.9.v20180320.jar:/root/./workspace/jasongreely/alexa-sous-chef/386593331/.m2/log4j/log4j/1.2.17/log4j-1.2.17.jar:/root/./workspace/jasongreely/alexa-sous-chef/386593331/.m2/org/slf4j/slf4j-api/1.7.25/slf4j-api-1.7.25.jar:/root/./workspace/jasongreely/alexa-sous-chef/386593331/.m2/org/slf4j/slf4j-log4j12/1.7.25/slf4j-log4j12-1.7.25.jar:/root/./workspace/jasongreely/alexa-sous-chef/386593331/.m2/org/apache/commons/commons-lang3/3.4/commons-lang3-3.4.jar:/root/./workspace/jasongreely/alexa-sous-chef/386593331/.m2/org/apache/directory/studio/org.apache.commons.io/2.4/org.apache.commons.io-2.4.jar:/root/./workspace/jasongreely/alexa-sous-chef/386593331/.m2/com/amazonaws/aws-lambda-java-log4j/1.0.0/aws-lambda-java-log4j-1.0.0.jar:/root/./workspace/jasongreely/alexa-sous-chef/386593331/.m2/com/amazonaws/aws-java-sdk-dynamodb/1.9.40/aws-java-sdk-dynamodb-1.9.40.jar:/root/./workspace/jasongreely/alexa-sous-chef/386593331/.m2/com/amazonaws/aws-java-sdk-s3/1.9.40/aws-java-sdk-s3-1.9.40.jar:/root/./workspace/jasongreely/alexa-sous-chef/386593331/.m2/com/amazonaws/aws-java-sdk-kms/1.9.40/aws-java-sdk-kms-1.9.40.jar:/root/./workspace/jasongreely/alexa-sous-chef/386593331/.m2/com/amazonaws/aws-java-sdk-core/1.9.40/aws-java-sdk-core-1.9.40.jar:/root/./workspace/jasongreely/alexa-sous-chef/386593331/.m2/commons-logging/commons-logging/1.1.3/commons-logging-1.1.3.jar:/root/./workspace/jasongreely/alexa-sous-chef/386593331/.m2/org/apache/httpcomponents/httpclient/4.3.4/httpclient-4.3.4.jar:/root/./workspace/jasongreely/alexa-sous-chef/386593331/.m2/org/apache/httpcomponents/httpcore/4.3.2/httpcore-4.3.2.jar:/root/./workspace/jasongreely/alexa-sous-chef/386593331/.m2/joda-time/joda-time/2.10/joda-time-2.10.jar:/root/./workspace/jasongreely/alexa-sous-chef/386593331/.m2/junit/junit/4.12/junit-4.12.jar:/root/./workspace/jasongreely/alexa-sous-chef/386593331/.m2/org/hamcrest/hamcrest-core/1.3/hamcrest-core-1.3.jar:/root/./workspace/jasongreely/alexa-sous-chef/386593331/.m2/org/springframework/integration/spring-integration-core/5.0.3.RELEASE/spring-integration-core-5.0.3.RELEASE.jar:/root/./workspace/jasongreely/alexa-sous-chef/386593331/.m2/org/springframework/spring-core/5.0.4.RELEASE/spring-core-5.0.4.RELEASE.jar:/root/./workspace/jasongreely/alexa-sous-chef/386593331/.m2/org/springframework/spring-jcl/5.0.4.RELEASE/spring-jcl-5.0.4.RELEASE.jar:/root/./workspace/jasongreely/alexa-sous-chef/386593331/.m2/org/springframework/spring-aop/5.0.4.RELEASE/spring-aop-5.0.4.RELEASE.jar:/root/./workspace/jasongreely/alexa-sous-chef/386593331/.m2/org/springframework/spring-beans/5.0.4.RELEASE/spring-beans-5.0.4.RELEASE.jar:/root/./workspace/jasongreely/alexa-sous-chef/386593331/.m2/org/springframework/spring-context/5.0.4.RELEASE/spring-context-5.0.4.RELEASE.jar:/root/./workspace/jasongreely/alexa-sous-chef/386593331/.m2/org/springframework/spring-expression/5.0.4.RELEASE/spring-expression-5.0.4.RELEASE.jar:/root/./workspace/jasongreely/alexa-sous-chef/386593331/.m2/org/springframework/spring-messaging/5.0.4.RELEASE/spring-messaging-5.0.4.RELEASE.jar:/root/./workspace/jasongreely/alexa-sous-chef/386593331/.m2/org/springframework/spring-tx/5.0.4.RELEASE/spring-tx-5.0.4.RELEASE.jar:/root/./workspace/jasongreely/alexa-sous-chef/386593331/.m2/org/springframework/retry/spring-retry/1.2.2.RELEASE/spring-retry-1.2.2.RELEASE.jar:/root/./workspace/jasongreely/alexa-sous-chef/386593331/.m2/io/projectreactor/reactor-core/3.1.5.RELEASE/reactor-core-3.1.5.RELEASE.jar:/root/./workspace/jasongreely/alexa-sous-chef/386593331/.m2/org/reactivestreams/reactive-streams/1.0.2/reactive-streams-1.0.2.jar:/root/./workspace/jasongreely/alexa-sous-chef/386593331/.m2/io/micrometer/micrometer-core/1.0.1/micrometer-core-1.0.1.jar:/root/./workspace/jasongreely/alexa-sous-chef/386593331/.m2/org/hdrhistogram/HdrHistogram/2.1.10/HdrHistogram-2.1.10.jar:/root/./workspace/jasongreely/alexa-sous-chef/386593331/.m2/org/latencyutils/LatencyUtils/2.0.3/LatencyUtils-2.0.3.jar:/root/./workspace/jasongreely/alexa-sous-chef/386593331/.m2/cglib/cglib/2.2.2/cglib-2.2.2.jar:/root/./workspace/jasongreely/alexa-sous-chef/386593331/.m2/asm/asm/3.3.1/asm-3.3.1.jar:/root/./workspace/jasongreely/alexa-sous-chef/386593331/.m2/org/jsoup/jsoup/1.11.2/jsoup-1.11.2.jar:/root/./workspace/jasongreely/alexa-sous-chef/386593331/.m2/com/amazonaws/aws-lambda-java-core/1.1.0/aws-lambda-java-core-1.1.0.jar:"/>
    <property name="sun.cpu.endian" value="little"/>
    <property name="user.home" value="/root"/>
    <property name="user.language" value="en"/>
    <property name="java.specification.vendor" value="Oracle Corporation"/>
    <property name="java.home" value="/usr/lib/jvm/java-8-openjdk-amd64/jre"/>
    <property name="basedir" value="/root/workspace/jasongreely/alexa-sous-chef/386593331"/>
    <property name="file.separator" value="/"/>
    <property name="checkstyle.skip" value="true"/>
    <property name="line.separator" value="&#10;"/>
    <property name="skip.npm" value="true"/>
    <property name="java.vm.specification.vendor" value="Oracle Corporation"/>
    <property name="java.specification.name" value="Java Platform API Specification"/>
    <property name="java.awt.graphicsenv" value="sun.awt.X11GraphicsEnvironment"/>
    <property name="skipITs" value="true"/>
    <property name="surefire.real.class.path" value="/root/workspace/jasongreely/alexa-sous-chef/386593331/target/surefire/surefirebooter8192128334931697518.jar"/>
    <property name="cobertura.skip" value="true"/>
    <property name="sun.boot.class.path" value="/usr/lib/jvm/java-8-openjdk-amd64/jre/lib/resources.jar:/usr/lib/jvm/java-8-openjdk-amd64/jre/lib/rt.jar:/usr/lib/jvm/java-8-openjdk-amd64/jre/lib/sunrsasign.jar:/usr/lib/jvm/java-8-openjdk-amd64/jre/lib/jsse.jar:/usr/lib/jvm/java-8-openjdk-amd64/jre/lib/jce.jar:/usr/lib/jvm/java-8-openjdk-amd64/jre/lib/charsets.jar:/usr/lib/jvm/java-8-openjdk-amd64/jre/lib/jfr.jar:/usr/lib/jvm/java-8-openjdk-amd64/jre/classes"/>
    <property name="sun.management.compiler" value="HotSpot 64-Bit Tiered Compilers"/>
    <property name="java.runtime.version" value="1.8.0_121-8u121-b13-1~bpo8+1-b13"/>
    <property name="user.name" value="root"/>
    <property name="findbugs.skip" value="true"/>
    <property name="path.separator" value=":"/>
    <property name="os.version" value="3.10.0-862.3.2.el7.x86_64"/>
    <property name="java.endorsed.dirs" value="/usr/lib/jvm/java-8-openjdk-amd64/jre/lib/endorsed"/>
    <property name="java.runtime.name" value="OpenJDK Runtime Environment"/>
    <property name="file.encoding" value="UTF-8"/>
    <property name="java.vm.name" value="OpenJDK 64-Bit Server VM"/>
    <property name="localRepository" value="/root/./workspace/jasongreely/alexa-sous-chef/386593331/.m2"/>
    <property name="java.vendor.url.bug" value="http://bugreport.sun.com/bugreport/"/>
    <property name="java.io.tmpdir" value="/tmp"/>
    <property name="java.version" value="1.8.0_121"/>
    <property name="user.dir" value="/root/workspace/jasongreely/alexa-sous-chef/386593331"/>
    <property name="os.arch" value="amd64"/>
    <property name="license.skip" value="true"/>
    <property name="java.vm.specification.name" value="Java Virtual Machine Specification"/>
    <property name="java.awt.printerjob" value="sun.print.PSPrinterJob"/>
    <property name="sun.os.patch.level" value="unknown"/>
    <property name="java.library.path" value="/usr/java/packages/lib/amd64:/usr/lib/x86_64-linux-gnu/jni:/lib/x86_64-linux-gnu:/usr/lib/x86_64-linux-gnu:/usr/lib/jni:/lib:/usr/lib"/>
    <property name="java.vm.info" value="mixed mode"/>
    <property name="java.vendor" value="Oracle Corporation"/>
    <property name="java.vm.version" value="25.121-b13"/>
    <property name="java.ext.dirs" value="/usr/lib/jvm/java-8-openjdk-amd64/jre/lib/ext:/usr/java/packages/lib/ext"/>
    <property name="sun.io.unicode.encoding" value="UnicodeLittle"/>
    <property name="maven.repo.local" value="/root/./workspace/jasongreely/alexa-sous-chef/386593331/.m2"/>
    <property name="enforcer.skip" value="true"/>
    <property name="java.class.version" value="52.0"/>
  </properties>
  <testcase name="allRecipeGetDirections" classname="services.RecipeSearchServiceTest" time="2.271"/>
  <testcase name="allRecipeGetRecipes" classname="services.RecipeSearchServiceTest" time="1.527">
    <failure type="java.lang.AssertionError">java.lang.AssertionError
	at services.RecipeSearchServiceTest.allRecipeGetRecipes(RecipeSearchServiceTest.java:58)
</failure>
    <system-out><![CDATA[2018-06-01 12:24:14 <> DEBUG RecipeSearchServiceTest:32 - Testing AllRecipe.com retrieve recipes..
2018-06-01 12:24:14 <> DEBUG RecipeSearchServiceTest:34 - Connecting to https://www.allrecipes.com/search/results/?wt=vegan&ingIncl=tofu,spinach&sort=re
2018-06-01 12:24:16 <> DEBUG RecipeSearchServiceTest:39 - 0 results found using selector h3.grid-col__h3 a
2018-06-01 12:24:16 <> DEBUG RecipeSearchServiceTest:56 - 0 usable results..
]]></system-out>
  </testcase>
  <testcase name="allRecipeGetIngredients" classname="services.RecipeSearchServiceTest" time="0.983"/>
</testsuite>