<?xml version="1.0" encoding="UTF-8"?>
<testsuite xmlns:xsi="http://www.w3.org/2001/XMLSchema-instance" xsi:schemaLocation="https://maven.apache.org/surefire/maven-surefire-plugin/xsd/surefire-test-report.xsd" name="org.springframework.data.redis.core.DefaultValueOperationsTests" time="0.59" tests="539" errors="539" skipped="0" failures="0">
  <properties>
    <property name="java.runtime.name" value="OpenJDK Runtime Environment"/>
    <property name="sun.boot.library.path" value="/usr/lib/jvm/java-8-openjdk-amd64/jre/lib/amd64"/>
    <property name="java.vm.version" value="25.121-b13"/>
    <property name="java.vm.vendor" value="Oracle Corporation"/>
    <property name="maven.multiModuleProjectDirectory" value="/root/workspace/spring-projects/spring-data-redis/388703425"/>
    <property name="java.vendor.url" value="http://java.oracle.com/"/>
    <property name="path.separator" value=":"/>
    <property name="guice.disable.misplaced.annotation.check" value="true"/>
    <property name="skip.gulp" value="true"/>
    <property name="java.vm.name" value="OpenJDK 64-Bit Server VM"/>
    <property name="file.encoding.pkg" value="sun.io"/>
    <property name="sun.java.launcher" value="SUN_STANDARD"/>
    <property name="sun.os.patch.level" value="unknown"/>
    <property name="findbugs.skip" value="true"/>
    <property name="java.vm.specification.name" value="Java Virtual Machine Specification"/>
    <property name="user.dir" value="/root/workspace/spring-projects/spring-data-redis/388703425"/>
    <property name="checkstyle.skip" value="true"/>
    <property name="java.runtime.version" value="1.8.0_121-8u121-b13-1~bpo8+1-b13"/>
    <property name="java.awt.graphicsenv" value="sun.awt.X11GraphicsEnvironment"/>
    <property name="skip.npm" value="true"/>
    <property name="java.endorsed.dirs" value="/usr/lib/jvm/java-8-openjdk-amd64/jre/lib/endorsed"/>
    <property name="os.arch" value="amd64"/>
    <property name="java.io.tmpdir" value="/tmp"/>
    <property name="gpg.skip" value="true"/>
    <property name="line.separator" value="&#10;"/>
    <property name="java.vm.specification.vendor" value="Oracle Corporation"/>
    <property name="cobertura.skip" value="true"/>
    <property name="os.name" value="Linux"/>
    <property name="classworlds.conf" value="/usr/share/maven/bin/m2.conf"/>
    <property name="sun.jnu.encoding" value="UTF-8"/>
    <property name="java.library.path" value="/usr/java/packages/lib/amd64:/usr/lib/x86_64-linux-gnu/jni:/lib/x86_64-linux-gnu:/usr/lib/x86_64-linux-gnu:/usr/lib/jni:/lib:/usr/lib"/>
    <property name="license.skip" value="true"/>
    <property name="java.specification.name" value="Java Platform API Specification"/>
    <property name="java.class.version" value="52.0"/>
    <property name="sun.management.compiler" value="HotSpot 64-Bit Tiered Compilers"/>
    <property name="skip.bower" value="true"/>
    <property name="maven.repo.local" value="/root/./workspace/spring-projects/spring-data-redis/388703425/.m2"/>
    <property name="os.version" value="3.10.0-862.3.2.el7.x86_64"/>
    <property name="user.home" value="/root"/>
    <property name="user.timezone" value="Europe/Paris"/>
    <property name="java.awt.printerjob" value="sun.print.PSPrinterJob"/>
    <property name="java.specification.version" value="1.8"/>
    <property name="file.encoding" value="UTF-8"/>
    <property name="user.name" value="root"/>
    <property name="java.class.path" value="/usr/share/maven/boot/plexus-classworlds-2.5.2.jar"/>
    <property name="skipITs" value="true"/>
    <property name="java.vm.specification.version" value="1.8"/>
    <property name="sun.arch.data.model" value="64"/>
    <property name="java.home" value="/usr/lib/jvm/java-8-openjdk-amd64/jre"/>
    <property name="sun.java.command" value="org.codehaus.plexus.classworlds.launcher.Launcher -B -D enforcer.skip=true -D dependency-check.skip=true -D skipITs=true -D cobertura.skip=true -D maven.repo.local=/root/./workspace/spring-projects/spring-data-redis/388703425/.m2 -D rat.skip=true -D findbugs.skip=true -D skip.bower=true -D gpg.skip=true -D checkstyle.skip=true -D skip.gulp=true -D license.skip=true -D skip.npm=true test"/>
    <property name="java.specification.vendor" value="Oracle Corporation"/>
    <property name="user.language" value="en"/>
    <property name="awt.toolkit" value="sun.awt.X11.XToolkit"/>
    <property name="dependency-check.skip" value="true"/>
    <property name="java.vm.info" value="mixed mode"/>
    <property name="java.version" value="1.8.0_121"/>
    <property name="java.ext.dirs" value="/usr/lib/jvm/java-8-openjdk-amd64/jre/lib/ext:/usr/java/packages/lib/ext"/>
    <property name="securerandom.source" value="file:/dev/./urandom"/>
    <property name="sun.boot.class.path" value="/usr/lib/jvm/java-8-openjdk-amd64/jre/lib/resources.jar:/usr/lib/jvm/java-8-openjdk-amd64/jre/lib/rt.jar:/usr/lib/jvm/java-8-openjdk-amd64/jre/lib/sunrsasign.jar:/usr/lib/jvm/java-8-openjdk-amd64/jre/lib/jsse.jar:/usr/lib/jvm/java-8-openjdk-amd64/jre/lib/jce.jar:/usr/lib/jvm/java-8-openjdk-amd64/jre/lib/charsets.jar:/usr/lib/jvm/java-8-openjdk-amd64/jre/lib/jfr.jar:/usr/lib/jvm/java-8-openjdk-amd64/jre/classes"/>
    <property name="java.vendor" value="Oracle Corporation"/>
    <property name="enforcer.skip" value="true"/>
    <property name="rat.skip" value="true"/>
    <property name="maven.home" value="/usr/share/maven"/>
    <property name="file.separator" value="/"/>
    <property name="java.vendor.url.bug" value="http://bugreport.sun.com/bugreport/"/>
    <property name="sun.cpu.endian" value="little"/>
    <property name="sun.io.unicode.encoding" value="UnicodeLittle"/>
    <property name="sun.cpu.isalist" value=""/>
  </properties>
  <testcase name="testSetWithExpirationEX[0]" classname="org.springframework.data.redis.core.DefaultValueOperationsTests" time="0.001">
    <error message="Cannot get Jedis connection; nested exception is redis.clients.jedis.exceptions.JedisConnectionException: Could not get a resource from the pool" type="org.springframework.data.redis.RedisConnectionFailureException">org.springframework.data.redis.RedisConnectionFailureException: Cannot get Jedis connection; nested exception is redis.clients.jedis.exceptions.JedisConnectionException: Could not get a resource from the pool
	at org.springframework.data.redis.core.DefaultValueOperationsTests.testSetWithExpirationEX(DefaultValueOperationsTests.java:273)
Caused by: redis.clients.jedis.exceptions.JedisConnectionException: Could not get a resource from the pool
	at org.springframework.data.redis.core.DefaultValueOperationsTests.testSetWithExpirationEX(DefaultValueOperationsTests.java:273)
Caused by: redis.clients.jedis.exceptions.JedisConnectionException: java.net.ConnectException: Connection refused (Connection refused)
	at org.springframework.data.redis.core.DefaultValueOperationsTests.testSetWithExpirationEX(DefaultValueOperationsTests.java:273)
Caused by: java.net.ConnectException: Connection refused (Connection refused)
	at org.springframework.data.redis.core.DefaultValueOperationsTests.testSetWithExpirationEX(DefaultValueOperationsTests.java:273)
</error>
  </testcase>
  <testcase name="testSetWithExpirationEX[0]" classname="org.springframework.data.redis.core.DefaultValueOperationsTests" time="0.002">
    <error message="Cannot get Jedis connection; nested exception is redis.clients.jedis.exceptions.JedisConnectionException: Could not get a resource from the pool" type="org.springframework.data.redis.RedisConnectionFailureException">org.springframework.data.redis.RedisConnectionFailureException: Cannot get Jedis connection; nested exception is redis.clients.jedis.exceptions.JedisConnectionException: Could not get a resource from the pool
	at org.springframework.data.redis.core.DefaultValueOperationsTests.tearDown(DefaultValueOperationsTests.java:93)
Caused by: redis.clients.jedis.exceptions.JedisConnectionException: Could not get a resource from the pool
	at org.springframework.data.redis.core.DefaultValueOperationsTests.tearDown(DefaultValueOperationsTests.java:93)
Caused by: redis.clients.jedis.exceptions.JedisConnectionException: java.net.ConnectException: Connection refused (Connection refused)
	at org.springframework.data.redis.core.DefaultValueOperationsTests.tearDown(DefaultValueOperationsTests.java:93)
Caused by: java.net.ConnectException: Connection refused (Connection refused)
	at org.springframework.data.redis.core.DefaultValueOperationsTests.tearDown(DefaultValueOperationsTests.java:93)
</error>
  </testcase>
  <testcase name="testSetWithExpirationPX[0]" classname="org.springframework.data.redis.core.DefaultValueOperationsTests" time="0.002">
    <error message="Cannot get Jedis connection; nested exception is redis.clients.jedis.exceptions.JedisConnectionException: Could not get a resource from the pool" type="org.springframework.data.redis.RedisConnectionFailureException">org.springframework.data.redis.RedisConnectionFailureException: Cannot get Jedis connection; nested exception is redis.clients.jedis.exceptions.JedisConnectionException: Could not get a resource from the pool
	at org.springframework.data.redis.core.DefaultValueOperationsTests.testSetWithExpirationPX(DefaultValueOperationsTests.java:287)
Caused by: redis.clients.jedis.exceptions.JedisConnectionException: Could not get a resource from the pool
	at org.springframework.data.redis.core.DefaultValueOperationsTests.testSetWithExpirationPX(DefaultValueOperationsTests.java:287)
Caused by: redis.clients.jedis.exceptions.JedisConnectionException: java.net.ConnectException: Connection refused (Connection refused)
	at org.springframework.data.redis.core.DefaultValueOperationsTests.testSetWithExpirationPX(DefaultValueOperationsTests.java:287)
Caused by: java.net.ConnectException: Connection refused (Connection refused)
	at org.springframework.data.redis.core.DefaultValueOperationsTests.testSetWithExpirationPX(DefaultValueOperationsTests.java:287)
</error>
  </testcase>
  <testcase name="testSetWithExpirationPX[0]" classname="org.springframework.data.redis.core.DefaultValueOperationsTests" time="0.002">
    <error message="Cannot get Jedis connection; nested exception is redis.clients.jedis.exceptions.JedisConnectionException: Could not get a resource from the pool" type="org.springframework.data.redis.RedisConnectionFailureException">org.springframework.data.redis.RedisConnectionFailureException: Cannot get Jedis connection; nested exception is redis.clients.jedis.exceptions.JedisConnectionException: Could not get a resource from the pool
	at org.springframework.data.redis.core.DefaultValueOperationsTests.tearDown(DefaultValueOperationsTests.java:93)
Caused by: redis.clients.jedis.exceptions.JedisConnectionException: Could not get a resource from the pool
	at org.springframework.data.redis.core.DefaultValueOperationsTests.tearDown(DefaultValueOperationsTests.java:93)
Caused by: redis.clients.jedis.exceptions.JedisConnectionException: java.net.ConnectException: Connection refused (Connection refused)
	at org.springframework.data.redis.core.DefaultValueOperationsTests.tearDown(DefaultValueOperationsTests.java:93)
Caused by: java.net.ConnectException: Connection refused (Connection refused)
	at org.springframework.data.redis.core.DefaultValueOperationsTests.tearDown(DefaultValueOperationsTests.java:93)
</error>
  </testcase>
  <testcase name="testSetAndGetBit[0]" classname="org.springframework.data.redis.core.DefaultValueOperationsTests" time="0.004">
    <error message="Cannot get Jedis connection; nested exception is redis.clients.jedis.exceptions.JedisConnectionException: Could not get a resource from the pool" type="org.springframework.data.redis.RedisConnectionFailureException">org.springframework.data.redis.RedisConnectionFailureException: Cannot get Jedis connection; nested exception is redis.clients.jedis.exceptions.JedisConnectionException: Could not get a resource from the pool
	at org.springframework.data.redis.core.DefaultValueOperationsTests.testSetAndGetBit(DefaultValueOperationsTests.java:534)
Caused by: redis.clients.jedis.exceptions.JedisConnectionException: Could not get a resource from the pool
	at org.springframework.data.redis.core.DefaultValueOperationsTests.testSetAndGetBit(DefaultValueOperationsTests.java:534)
Caused by: redis.clients.jedis.exceptions.JedisConnectionException: java.net.ConnectException: Connection refused (Connection refused)
	at org.springframework.data.redis.core.DefaultValueOperationsTests.testSetAndGetBit(DefaultValueOperationsTests.java:534)
Caused by: java.net.ConnectException: Connection refused (Connection refused)
	at org.springframework.data.redis.core.DefaultValueOperationsTests.testSetAndGetBit(DefaultValueOperationsTests.java:534)
</error>
  </testcase>
  <testcase name="testSetAndGetBit[0]" classname="org.springframework.data.redis.core.DefaultValueOperationsTests" time="0.004">
    <error message="Cannot get Jedis connection; nested exception is redis.clients.jedis.exceptions.JedisConnectionException: Could not get a resource from the pool" type="org.springframework.data.redis.RedisConnectionFailureException">org.springframework.data.redis.RedisConnectionFailureException: Cannot get Jedis connection; nested exception is redis.clients.jedis.exceptions.JedisConnectionException: Could not get a resource from the pool
	at org.springframework.data.redis.core.DefaultValueOperationsTests.tearDown(DefaultValueOperationsTests.java:93)
Caused by: redis.clients.jedis.exceptions.JedisConnectionException: Could not get a resource from the pool
	at org.springframework.data.redis.core.DefaultValueOperationsTests.tearDown(DefaultValueOperationsTests.java:93)
Caused by: redis.clients.jedis.exceptions.JedisConnectionException: java.net.ConnectException: Connection refused (Connection refused)
	at org.springframework.data.redis.core.DefaultValueOperationsTests.tearDown(DefaultValueOperationsTests.java:93)
Caused by: java.net.ConnectException: Connection refused (Connection refused)
	at org.springframework.data.redis.core.DefaultValueOperationsTests.tearDown(DefaultValueOperationsTests.java:93)
</error>
  </testcase>
  <testcase name="setIfPresentReturnsFalseWhenKeyDoesNotExist[0]" classname="org.springframework.data.redis.core.DefaultValueOperationsTests" time="0.002">
    <error message="Cannot get Jedis connection; nested exception is redis.clients.jedis.exceptions.JedisConnectionException: Could not get a resource from the pool" type="org.springframework.data.redis.RedisConnectionFailureException">org.springframework.data.redis.RedisConnectionFailureException: Cannot get Jedis connection; nested exception is redis.clients.jedis.exceptions.JedisConnectionException: Could not get a resource from the pool
	at org.springframework.data.redis.core.DefaultValueOperationsTests.setIfPresentReturnsFalseWhenKeyDoesNotExist(DefaultValueOperationsTests.java:424)
Caused by: redis.clients.jedis.exceptions.JedisConnectionException: Could not get a resource from the pool
	at org.springframework.data.redis.core.DefaultValueOperationsTests.setIfPresentReturnsFalseWhenKeyDoesNotExist(DefaultValueOperationsTests.java:424)
Caused by: redis.clients.jedis.exceptions.JedisConnectionException: java.net.ConnectException: Connection refused (Connection refused)
	at org.springframework.data.redis.core.DefaultValueOperationsTests.setIfPresentReturnsFalseWhenKeyDoesNotExist(DefaultValueOperationsTests.java:424)
Caused by: java.net.ConnectException: Connection refused (Connection refused)
	at org.springframework.data.redis.core.DefaultValueOperationsTests.setIfPresentReturnsFalseWhenKeyDoesNotExist(DefaultValueOperationsTests.java:424)
</error>
  </testcase>
  <testcase name="setIfPresentReturnsFalseWhenKeyDoesNotExist[0]" classname="org.springframework.data.redis.core.DefaultValueOperationsTests" time="0.003">
    <error message="Cannot get Jedis connection; nested exception is redis.clients.jedis.exceptions.JedisConnectionException: Could not get a resource from the pool" type="org.springframework.data.redis.RedisConnectionFailureException">org.springframework.data.redis.RedisConnectionFailureException: Cannot get Jedis connection; nested exception is redis.clients.jedis.exceptions.JedisConnectionException: Could not get a resource from the pool
	at org.springframework.data.redis.core.DefaultValueOperationsTests.tearDown(DefaultValueOperationsTests.java:93)
Caused by: redis.clients.jedis.exceptions.JedisConnectionException: Could not get a resource from the pool
	at org.springframework.data.redis.core.DefaultValueOperationsTests.tearDown(DefaultValueOperationsTests.java:93)
Caused by: redis.clients.jedis.exceptions.JedisConnectionException: java.net.ConnectException: Connection refused (Connection refused)
	at org.springframework.data.redis.core.DefaultValueOperationsTests.tearDown(DefaultValueOperationsTests.java:93)
Caused by: java.net.ConnectException: Connection refused (Connection refused)
	at org.springframework.data.redis.core.DefaultValueOperationsTests.tearDown(DefaultValueOperationsTests.java:93)
</error>
  </testcase>
  <testcase name="testGetRange[0]" classname="org.springframework.data.redis.core.DefaultValueOperationsTests" time="0.002">
    <error message="Cannot get Jedis connection; nested exception is redis.clients.jedis.exceptions.JedisConnectionException: Could not get a resource from the pool" type="org.springframework.data.redis.RedisConnectionFailureException">org.springframework.data.redis.RedisConnectionFailureException: Cannot get Jedis connection; nested exception is redis.clients.jedis.exceptions.JedisConnectionException: Could not get a resource from the pool
	at org.springframework.data.redis.core.DefaultValueOperationsTests.testGetRange(DefaultValueOperationsTests.java:330)
Caused by: redis.clients.jedis.exceptions.JedisConnectionException: Could not get a resource from the pool
	at org.springframework.data.redis.core.DefaultValueOperationsTests.testGetRange(DefaultValueOperationsTests.java:330)
Caused by: redis.clients.jedis.exceptions.JedisConnectionException: java.net.ConnectException: Connection refused (Connection refused)
	at org.springframework.data.redis.core.DefaultValueOperationsTests.testGetRange(DefaultValueOperationsTests.java:330)
Caused by: java.net.ConnectException: Connection refused (Connection refused)
	at org.springframework.data.redis.core.DefaultValueOperationsTests.testGetRange(DefaultValueOperationsTests.java:330)
</error>
  </testcase>
  <testcase name="testGetRange[0]" classname="org.springframework.data.redis.core.DefaultValueOperationsTests" time="0.003">
    <error message="Cannot get Jedis connection; nested exception is redis.clients.jedis.exceptions.JedisConnectionException: Could not get a resource from the pool" type="org.springframework.data.redis.RedisConnectionFailureException">org.springframework.data.redis.RedisConnectionFailureException: Cannot get Jedis connection; nested exception is redis.clients.jedis.exceptions.JedisConnectionException: Could not get a resource from the pool
	at org.springframework.data.redis.core.DefaultValueOperationsTests.tearDown(DefaultValueOperationsTests.java:93)
Caused by: redis.clients.jedis.exceptions.JedisConnectionException: Could not get a resource from the pool
	at org.springframework.data.redis.core.DefaultValueOperationsTests.tearDown(DefaultValueOperationsTests.java:93)
Caused by: redis.clients.jedis.exceptions.JedisConnectionException: java.net.ConnectException: Connection refused (Connection refused)
	at org.springframework.data.redis.core.DefaultValueOperationsTests.tearDown(DefaultValueOperationsTests.java:93)
Caused by: java.net.ConnectException: Connection refused (Connection refused)
	at org.springframework.data.redis.core.DefaultValueOperationsTests.tearDown(DefaultValueOperationsTests.java:93)
</error>
  </testcase>
  <testcase name="testSetIfAbsentWithExpirationEX[0]" classname="org.springframework.data.redis.core.DefaultValueOperationsTests" time="0.003">
    <error message="Cannot get Jedis connection; nested exception is redis.clients.jedis.exceptions.JedisConnectionException: Could not get a resource from the pool" type="org.springframework.data.redis.RedisConnectionFailureException">org.springframework.data.redis.RedisConnectionFailureException: Cannot get Jedis connection; nested exception is redis.clients.jedis.exceptions.JedisConnectionException: Could not get a resource from the pool
	at org.springframework.data.redis.core.DefaultValueOperationsTests.testSetIfAbsentWithExpirationEX(DefaultValueOperationsTests.java:384)
Caused by: redis.clients.jedis.exceptions.JedisConnectionException: Could not get a resource from the pool
	at org.springframework.data.redis.core.DefaultValueOperationsTests.testSetIfAbsentWithExpirationEX(DefaultValueOperationsTests.java:384)
Caused by: redis.clients.jedis.exceptions.JedisConnectionException: java.net.ConnectException: Connection refused (Connection refused)
	at org.springframework.data.redis.core.DefaultValueOperationsTests.testSetIfAbsentWithExpirationEX(DefaultValueOperationsTests.java:384)
Caused by: java.net.ConnectException: Connection refused (Connection refused)
	at org.springframework.data.redis.core.DefaultValueOperationsTests.testSetIfAbsentWithExpirationEX(DefaultValueOperationsTests.java:384)
</error>
  </testcase>
  <testcase name="testSetIfAbsentWithExpirationEX[0]" classname="org.springframework.data.redis.core.DefaultValueOperationsTests" time="0.003">
    <error message="Cannot get Jedis connection; nested exception is redis.clients.jedis.exceptions.JedisConnectionException: Could not get a resource from the pool" type="org.springframework.data.redis.RedisConnectionFailureException">org.springframework.data.redis.RedisConnectionFailureException: Cannot get Jedis connection; nested exception is redis.clients.jedis.exceptions.JedisConnectionException: Could not get a resource from the pool
	at org.springframework.data.redis.core.DefaultValueOperationsTests.tearDown(DefaultValueOperationsTests.java:93)
Caused by: redis.clients.jedis.exceptions.JedisConnectionException: Could not get a resource from the pool
	at org.springframework.data.redis.core.DefaultValueOperationsTests.tearDown(DefaultValueOperationsTests.java:93)
Caused by: redis.clients.jedis.exceptions.JedisConnectionException: java.net.ConnectException: Connection refused (Connection refused)
	at org.springframework.data.redis.core.DefaultValueOperationsTests.tearDown(DefaultValueOperationsTests.java:93)
Caused by: java.net.ConnectException: Connection refused (Connection refused)
	at org.springframework.data.redis.core.DefaultValueOperationsTests.tearDown(DefaultValueOperationsTests.java:93)
</error>
  </testcase>
  <testcase name="testSetIfAbsentWithExpirationPX[0]" classname="org.springframework.data.redis.core.DefaultValueOperationsTests" time="0.002">
    <error message="Cannot get Jedis connection; nested exception is redis.clients.jedis.exceptions.JedisConnectionException: Could not get a resource from the pool" type="org.springframework.data.redis.RedisConnectionFailureException">org.springframework.data.redis.RedisConnectionFailureException: Cannot get Jedis connection; nested exception is redis.clients.jedis.exceptions.JedisConnectionException: Could not get a resource from the pool
	at org.springframework.data.redis.core.DefaultValueOperationsTests.testSetIfAbsentWithExpirationPX(DefaultValueOperationsTests.java:400)
Caused by: redis.clients.jedis.exceptions.JedisConnectionException: Could not get a resource from the pool
	at org.springframework.data.redis.core.DefaultValueOperationsTests.testSetIfAbsentWithExpirationPX(DefaultValueOperationsTests.java:400)
Caused by: redis.clients.jedis.exceptions.JedisConnectionException: java.net.ConnectException: Connection refused (Connection refused)
	at org.springframework.data.redis.core.DefaultValueOperationsTests.testSetIfAbsentWithExpirationPX(DefaultValueOperationsTests.java:400)
Caused by: java.net.ConnectException: Connection refused (Connection refused)
	at org.springframework.data.redis.core.DefaultValueOperationsTests.testSetIfAbsentWithExpirationPX(DefaultValueOperationsTests.java:400)
</error>
  </testcase>
  <testcase name="testSetIfAbsentWithExpirationPX[0]" classname="org.springframework.data.redis.core.DefaultValueOperationsTests" time="0.002">
    <error message="Cannot get Jedis connection; nested exception is redis.clients.jedis.exceptions.JedisConnectionException: Could not get a resource from the pool" type="org.springframework.data.redis.RedisConnectionFailureException">org.springframework.data.redis.RedisConnectionFailureException: Cannot get Jedis connection; nested exception is redis.clients.jedis.exceptions.JedisConnectionException: Could not get a resource from the pool
	at org.springframework.data.redis.core.DefaultValueOperationsTests.tearDown(DefaultValueOperationsTests.java:93)
Caused by: redis.clients.jedis.exceptions.JedisConnectionException: Could not get a resource from the pool
	at org.springframework.data.redis.core.DefaultValueOperationsTests.tearDown(DefaultValueOperationsTests.java:93)
Caused by: redis.clients.jedis.exceptions.JedisConnectionException: java.net.ConnectException: Connection refused (Connection refused)
	at org.springframework.data.redis.core.DefaultValueOperationsTests.tearDown(DefaultValueOperationsTests.java:93)
Caused by: java.net.ConnectException: Connection refused (Connection refused)
	at org.springframework.data.redis.core.DefaultValueOperationsTests.tearDown(DefaultValueOperationsTests.java:93)
</error>
  </testcase>
  <testcase name="setIfPresentReturnsTrueWhenKeyExists[0]" classname="org.springframework.data.redis.core.DefaultValueOperationsTests" time="0.002">
    <error message="Cannot get Jedis connection; nested exception is redis.clients.jedis.exceptions.JedisConnectionException: Could not get a resource from the pool" type="org.springframework.data.redis.RedisConnectionFailureException">org.springframework.data.redis.RedisConnectionFailureException: Cannot get Jedis connection; nested exception is redis.clients.jedis.exceptions.JedisConnectionException: Could not get a resource from the pool
	at org.springframework.data.redis.core.DefaultValueOperationsTests.setIfPresentReturnsTrueWhenKeyExists(DefaultValueOperationsTests.java:416)
Caused by: redis.clients.jedis.exceptions.JedisConnectionException: Could not get a resource from the pool
	at org.springframework.data.redis.core.DefaultValueOperationsTests.setIfPresentReturnsTrueWhenKeyExists(DefaultValueOperationsTests.java:416)
Caused by: redis.clients.jedis.exceptions.JedisConnectionException: java.net.ConnectException: Connection refused (Connection refused)
	at org.springframework.data.redis.core.DefaultValueOperationsTests.setIfPresentReturnsTrueWhenKeyExists(DefaultValueOperationsTests.java:416)
Caused by: java.net.ConnectException: Connection refused (Connection refused)
	at org.springframework.data.redis.core.DefaultValueOperationsTests.setIfPresentReturnsTrueWhenKeyExists(DefaultValueOperationsTests.java:416)
</error>
  </testcase>
  <testcase name="setIfPresentReturnsTrueWhenKeyExists[0]" classname="org.springframework.data.redis.core.DefaultValueOperationsTests" time="0.003">
    <error message="Cannot get Jedis connection; nested exception is redis.clients.jedis.exceptions.JedisConnectionException: Could not get a resource from the pool" type="org.springframework.data.redis.RedisConnectionFailureException">org.springframework.data.redis.RedisConnectionFailureException: Cannot get Jedis connection; nested exception is redis.clients.jedis.exceptions.JedisConnectionException: Could not get a resource from the pool
	at org.springframework.data.redis.core.DefaultValueOperationsTests.tearDown(DefaultValueOperationsTests.java:93)
Caused by: redis.clients.jedis.exceptions.JedisConnectionException: Could not get a resource from the pool
	at org.springframework.data.redis.core.DefaultValueOperationsTests.tearDown(DefaultValueOperationsTests.java:93)
Caused by: redis.clients.jedis.exceptions.JedisConnectionException: java.net.ConnectException: Connection refused (Connection refused)
	at org.springframework.data.redis.core.DefaultValueOperationsTests.tearDown(DefaultValueOperationsTests.java:93)
Caused by: java.net.ConnectException: Connection refused (Connection refused)
	at org.springframework.data.redis.core.DefaultValueOperationsTests.tearDown(DefaultValueOperationsTests.java:93)
</error>
  </testcase>
  <testcase name="testSize[0]" classname="org.springframework.data.redis.core.DefaultValueOperationsTests" time="0.002">
    <error message="Cannot get Jedis connection; nested exception is redis.clients.jedis.exceptions.JedisConnectionException: Could not get a resource from the pool" type="org.springframework.data.redis.RedisConnectionFailureException">org.springframework.data.redis.RedisConnectionFailureException: Cannot get Jedis connection; nested exception is redis.clients.jedis.exceptions.JedisConnectionException: Could not get a resource from the pool
	at org.springframework.data.redis.core.DefaultValueOperationsTests.testSize(DefaultValueOperationsTests.java:487)
Caused by: redis.clients.jedis.exceptions.JedisConnectionException: Could not get a resource from the pool
	at org.springframework.data.redis.core.DefaultValueOperationsTests.testSize(DefaultValueOperationsTests.java:487)
Caused by: redis.clients.jedis.exceptions.JedisConnectionException: java.net.ConnectException: Connection refused (Connection refused)
	at org.springframework.data.redis.core.DefaultValueOperationsTests.testSize(DefaultValueOperationsTests.java:487)
Caused by: java.net.ConnectException: Connection refused (Connection refused)
	at org.springframework.data.redis.core.DefaultValueOperationsTests.testSize(DefaultValueOperationsTests.java:487)
</error>
  </testcase>
  <testcase name="testSize[0]" classname="org.springframework.data.redis.core.DefaultValueOperationsTests" time="0.003">
    <error message="Cannot get Jedis connection; nested exception is redis.clients.jedis.exceptions.JedisConnectionException: Could not get a resource from the pool" type="org.springframework.data.redis.RedisConnectionFailureException">org.springframework.data.redis.RedisConnectionFailureException: Cannot get Jedis connection; nested exception is redis.clients.jedis.exceptions.JedisConnectionException: Could not get a resource from the pool
	at org.springframework.data.redis.core.DefaultValueOperationsTests.tearDown(DefaultValueOperationsTests.java:93)
Caused by: redis.clients.jedis.exceptions.JedisConnectionException: Could not get a resource from the pool
	at org.springframework.data.redis.core.DefaultValueOperationsTests.tearDown(DefaultValueOperationsTests.java:93)
Caused by: redis.clients.jedis.exceptions.JedisConnectionException: java.net.ConnectException: Connection refused (Connection refused)
	at org.springframework.data.redis.core.DefaultValueOperationsTests.tearDown(DefaultValueOperationsTests.java:93)
Caused by: java.net.ConnectException: Connection refused (Connection refused)
	at org.springframework.data.redis.core.DefaultValueOperationsTests.tearDown(DefaultValueOperationsTests.java:93)
</error>
  </testcase>
  <testcase name="testSetIfAbsentWithExpiration[0]" classname="org.springframework.data.redis.core.DefaultValueOperationsTests" time="0.002">
    <error message="Cannot get Jedis connection; nested exception is redis.clients.jedis.exceptions.JedisConnectionException: Could not get a resource from the pool" type="org.springframework.data.redis.RedisConnectionFailureException">org.springframework.data.redis.RedisConnectionFailureException: Cannot get Jedis connection; nested exception is redis.clients.jedis.exceptions.JedisConnectionException: Could not get a resource from the pool
	at org.springframework.data.redis.core.DefaultValueOperationsTests.testSetIfAbsentWithExpiration(DefaultValueOperationsTests.java:368)
Caused by: redis.clients.jedis.exceptions.JedisConnectionException: Could not get a resource from the pool
	at org.springframework.data.redis.core.DefaultValueOperationsTests.testSetIfAbsentWithExpiration(DefaultValueOperationsTests.java:368)
Caused by: redis.clients.jedis.exceptions.JedisConnectionException: java.net.ConnectException: Connection refused (Connection refused)
	at org.springframework.data.redis.core.DefaultValueOperationsTests.testSetIfAbsentWithExpiration(DefaultValueOperationsTests.java:368)
Caused by: java.net.ConnectException: Connection refused (Connection refused)
	at org.springframework.data.redis.core.DefaultValueOperationsTests.testSetIfAbsentWithExpiration(DefaultValueOperationsTests.java:368)
</error>
  </testcase>
  <testcase name="testSetIfAbsentWithExpiration[0]" classname="org.springframework.data.redis.core.DefaultValueOperationsTests" time="0.002">
    <error message="Cannot get Jedis connection; nested exception is redis.clients.jedis.exceptions.JedisConnectionException: Could not get a resource from the pool" type="org.springframework.data.redis.RedisConnectionFailureException">org.springframework.data.redis.RedisConnectionFailureException: Cannot get Jedis connection; nested exception is redis.clients.jedis.exceptions.JedisConnectionException: Could not get a resource from the pool
	at org.springframework.data.redis.core.DefaultValueOperationsTests.tearDown(DefaultValueOperationsTests.java:93)
Caused by: redis.clients.jedis.exceptions.JedisConnectionException: Could not get a resource from the pool
	at org.springframework.data.redis.core.DefaultValueOperationsTests.tearDown(DefaultValueOperationsTests.java:93)
Caused by: redis.clients.jedis.exceptions.JedisConnectionException: java.net.ConnectException: Connection refused (Connection refused)
	at org.springframework.data.redis.core.DefaultValueOperationsTests.tearDown(DefaultValueOperationsTests.java:93)
Caused by: java.net.ConnectException: Connection refused (Connection refused)
	at org.springframework.data.redis.core.DefaultValueOperationsTests.tearDown(DefaultValueOperationsTests.java:93)
</error>
  </testcase>
  <testcase name="testMultiSetIfAbsentFailure[0]" classname="org.springframework.data.redis.core.DefaultValueOperationsTests" time="0.002">
    <error message="Cannot get Jedis connection; nested exception is redis.clients.jedis.exceptions.JedisConnectionException: Could not get a resource from the pool" type="org.springframework.data.redis.RedisConnectionFailureException">org.springframework.data.redis.RedisConnectionFailureException: Cannot get Jedis connection; nested exception is redis.clients.jedis.exceptions.JedisConnectionException: Could not get a resource from the pool
	at org.springframework.data.redis.core.DefaultValueOperationsTests.testMultiSetIfAbsentFailure(DefaultValueOperationsTests.java:204)
Caused by: redis.clients.jedis.exceptions.JedisConnectionException: Could not get a resource from the pool
	at org.springframework.data.redis.core.DefaultValueOperationsTests.testMultiSetIfAbsentFailure(DefaultValueOperationsTests.java:204)
Caused by: redis.clients.jedis.exceptions.JedisConnectionException: java.net.ConnectException: Connection refused (Connection refused)
	at org.springframework.data.redis.core.DefaultValueOperationsTests.testMultiSetIfAbsentFailure(DefaultValueOperationsTests.java:204)
Caused by: java.net.ConnectException: Connection refused (Connection refused)
	at org.springframework.data.redis.core.DefaultValueOperationsTests.testMultiSetIfAbsentFailure(DefaultValueOperationsTests.java:204)
</error>
  </testcase>
  <testcase name="testMultiSetIfAbsentFailure[0]" classname="org.springframework.data.redis.core.DefaultValueOperationsTests" time="0.002">
    <error message="Cannot get Jedis connection; nested exception is redis.clients.jedis.exceptions.JedisConnectionException: Could not get a resource from the pool" type="org.springframework.data.redis.RedisConnectionFailureException">org.springframework.data.redis.RedisConnectionFailureException: Cannot get Jedis connection; nested exception is redis.clients.jedis.exceptions.JedisConnectionException: Could not get a resource from the pool
	at org.springframework.data.redis.core.DefaultValueOperationsTests.tearDown(DefaultValueOperationsTests.java:93)
Caused by: redis.clients.jedis.exceptions.JedisConnectionException: Could not get a resource from the pool
	at org.springframework.data.redis.core.DefaultValueOperationsTests.tearDown(DefaultValueOperationsTests.java:93)
Caused by: redis.clients.jedis.exceptions.JedisConnectionException: java.net.ConnectException: Connection refused (Connection refused)
	at org.springframework.data.redis.core.DefaultValueOperationsTests.tearDown(DefaultValueOperationsTests.java:93)
Caused by: java.net.ConnectException: Connection refused (Connection refused)
	at org.springframework.data.redis.core.DefaultValueOperationsTests.tearDown(DefaultValueOperationsTests.java:93)
</error>
  </testcase>
  <testcase name="testIncrement[0]" classname="org.springframework.data.redis.core.DefaultValueOperationsTests" time="0.004">
    <error message="got: &lt;false&gt;, expected: is &lt;true&gt;" type="org.junit.AssumptionViolatedException"><![CDATA[org.junit.AssumptionViolatedException: got: <false>, expected: is <true>
	at org.springframework.data.redis.core.DefaultValueOperationsTests.testIncrement(DefaultValueOperationsTests.java:105)
]]></error>
  </testcase>
  <testcase name="testIncrement[0]" classname="org.springframework.data.redis.core.DefaultValueOperationsTests" time="0.004">
    <error message="Cannot get Jedis connection; nested exception is redis.clients.jedis.exceptions.JedisConnectionException: Could not get a resource from the pool" type="org.springframework.data.redis.RedisConnectionFailureException">org.springframework.data.redis.RedisConnectionFailureException: Cannot get Jedis connection; nested exception is redis.clients.jedis.exceptions.JedisConnectionException: Could not get a resource from the pool
	at org.springframework.data.redis.core.DefaultValueOperationsTests.tearDown(DefaultValueOperationsTests.java:93)
Caused by: redis.clients.jedis.exceptions.JedisConnectionException: Could not get a resource from the pool
	at org.springframework.data.redis.core.DefaultValueOperationsTests.tearDown(DefaultValueOperationsTests.java:93)
Caused by: redis.clients.jedis.exceptions.JedisConnectionException: java.net.ConnectException: Connection refused (Connection refused)
	at org.springframework.data.redis.core.DefaultValueOperationsTests.tearDown(DefaultValueOperationsTests.java:93)
Caused by: java.net.ConnectException: Connection refused (Connection refused)
	at org.springframework.data.redis.core.DefaultValueOperationsTests.tearDown(DefaultValueOperationsTests.java:93)
</error>
  </testcase>
  <testcase name="testIncrementDouble[0]" classname="org.springframework.data.redis.core.DefaultValueOperationsTests" time="0.002">
    <error type="java.lang.ExceptionInInitializerError">java.lang.ExceptionInInitializerError
	at org.springframework.data.redis.core.DefaultValueOperationsTests.testIncrementDouble(DefaultValueOperationsTests.java:133)
Caused by: redis.clients.jedis.exceptions.JedisConnectionException: java.net.ConnectException: Connection refused (Connection refused)
	at org.springframework.data.redis.core.DefaultValueOperationsTests.testIncrementDouble(DefaultValueOperationsTests.java:133)
Caused by: java.net.ConnectException: Connection refused (Connection refused)
	at org.springframework.data.redis.core.DefaultValueOperationsTests.testIncrementDouble(DefaultValueOperationsTests.java:133)
</error>
  </testcase>
  <testcase name="testIncrementDouble[0]" classname="org.springframework.data.redis.core.DefaultValueOperationsTests" time="0.003">
    <error message="Cannot get Jedis connection; nested exception is redis.clients.jedis.exceptions.JedisConnectionException: Could not get a resource from the pool" type="org.springframework.data.redis.RedisConnectionFailureException">org.springframework.data.redis.RedisConnectionFailureException: Cannot get Jedis connection; nested exception is redis.clients.jedis.exceptions.JedisConnectionException: Could not get a resource from the pool
	at org.springframework.data.redis.core.DefaultValueOperationsTests.tearDown(DefaultValueOperationsTests.java:93)
Caused by: redis.clients.jedis.exceptions.JedisConnectionException: Could not get a resource from the pool
	at org.springframework.data.redis.core.DefaultValueOperationsTests.tearDown(DefaultValueOperationsTests.java:93)
Caused by: redis.clients.jedis.exceptions.JedisConnectionException: java.net.ConnectException: Connection refused (Connection refused)
	at org.springframework.data.redis.core.DefaultValueOperationsTests.tearDown(DefaultValueOperationsTests.java:93)
Caused by: java.net.ConnectException: Connection refused (Connection refused)
	at org.springframework.data.redis.core.DefaultValueOperationsTests.tearDown(DefaultValueOperationsTests.java:93)
</error>
  </testcase>
  <testcase name="testSetWithExpirationWithTimeUnitMilliseconds[0]" classname="org.springframework.data.redis.core.DefaultValueOperationsTests" time="0.001">
    <error message="Could not initialize class org.springframework.data.redis.RedisTestProfileValueSource" type="java.lang.NoClassDefFoundError">java.lang.NoClassDefFoundError: Could not initialize class org.springframework.data.redis.RedisTestProfileValueSource
	at org.springframework.data.redis.core.DefaultValueOperationsTests.testSetWithExpirationWithTimeUnitMilliseconds(DefaultValueOperationsTests.java:298)
</error>
  </testcase>
  <testcase name="testSetWithExpirationWithTimeUnitMilliseconds[0]" classname="org.springframework.data.redis.core.DefaultValueOperationsTests" time="0.002">
    <error message="Cannot get Jedis connection; nested exception is redis.clients.jedis.exceptions.JedisConnectionException: Could not get a resource from the pool" type="org.springframework.data.redis.RedisConnectionFailureException">org.springframework.data.redis.RedisConnectionFailureException: Cannot get Jedis connection; nested exception is redis.clients.jedis.exceptions.JedisConnectionException: Could not get a resource from the pool
	at org.springframework.data.redis.core.DefaultValueOperationsTests.tearDown(DefaultValueOperationsTests.java:93)
Caused by: redis.clients.jedis.exceptions.JedisConnectionException: Could not get a resource from the pool
	at org.springframework.data.redis.core.DefaultValueOperationsTests.tearDown(DefaultValueOperationsTests.java:93)
Caused by: redis.clients.jedis.exceptions.JedisConnectionException: java.net.ConnectException: Connection refused (Connection refused)
	at org.springframework.data.redis.core.DefaultValueOperationsTests.tearDown(DefaultValueOperationsTests.java:93)
Caused by: java.net.ConnectException: Connection refused (Connection refused)
	at org.springframework.data.redis.core.DefaultValueOperationsTests.tearDown(DefaultValueOperationsTests.java:93)
</error>
  </testcase>
  <testcase name="testRawKeys[0]" classname="org.springframework.data.redis.core.DefaultValueOperationsTests" time="0.002">
    <error message="Cannot get Jedis connection; nested exception is redis.clients.jedis.exceptions.JedisConnectionException: Could not get a resource from the pool" type="org.springframework.data.redis.RedisConnectionFailureException">org.springframework.data.redis.RedisConnectionFailureException: Cannot get Jedis connection; nested exception is redis.clients.jedis.exceptions.JedisConnectionException: Could not get a resource from the pool
	at org.springframework.data.redis.core.DefaultValueOperationsTests.tearDown(DefaultValueOperationsTests.java:93)
Caused by: redis.clients.jedis.exceptions.JedisConnectionException: Could not get a resource from the pool
	at org.springframework.data.redis.core.DefaultValueOperationsTests.tearDown(DefaultValueOperationsTests.java:93)
Caused by: redis.clients.jedis.exceptions.JedisConnectionException: java.net.ConnectException: Connection refused (Connection refused)
	at org.springframework.data.redis.core.DefaultValueOperationsTests.tearDown(DefaultValueOperationsTests.java:93)
Caused by: java.net.ConnectException: Connection refused (Connection refused)
	at org.springframework.data.redis.core.DefaultValueOperationsTests.tearDown(DefaultValueOperationsTests.java:93)
</error>
  </testcase>
  <testcase name="testDecrementByLong[0]" classname="org.springframework.data.redis.core.DefaultValueOperationsTests" time="0.002">
    <error message="got: &lt;false&gt;, expected: is &lt;true&gt;" type="org.junit.AssumptionViolatedException"><![CDATA[org.junit.AssumptionViolatedException: got: <false>, expected: is <true>
	at org.springframework.data.redis.core.DefaultValueOperationsTests.testDecrementByLong(DefaultValueOperationsTests.java:171)
]]></error>
  </testcase>
  <testcase name="testDecrementByLong[0]" classname="org.springframework.data.redis.core.DefaultValueOperationsTests" time="0.002">
    <error message="Cannot get Jedis connection; nested exception is redis.clients.jedis.exceptions.JedisConnectionException: Could not get a resource from the pool" type="org.springframework.data.redis.RedisConnectionFailureException">org.springframework.data.redis.RedisConnectionFailureException: Cannot get Jedis connection; nested exception is redis.clients.jedis.exceptions.JedisConnectionException: Could not get a resource from the pool
	at org.springframework.data.redis.core.DefaultValueOperationsTests.tearDown(DefaultValueOperationsTests.java:93)
Caused by: redis.clients.jedis.exceptions.JedisConnectionException: Could not get a resource from the pool
	at org.springframework.data.redis.core.DefaultValueOperationsTests.tearDown(DefaultValueOperationsTests.java:93)
Caused by: redis.clients.jedis.exceptions.JedisConnectionException: java.net.ConnectException: Connection refused (Connection refused)
	at org.springframework.data.redis.core.DefaultValueOperationsTests.tearDown(DefaultValueOperationsTests.java:93)
Caused by: java.net.ConnectException: Connection refused (Connection refused)
	at org.springframework.data.redis.core.DefaultValueOperationsTests.tearDown(DefaultValueOperationsTests.java:93)
</error>
  </testcase>
  <testcase name="testGetAndSet[0]" classname="org.springframework.data.redis.core.DefaultValueOperationsTests" time="0.002">
    <error message="Cannot get Jedis connection; nested exception is redis.clients.jedis.exceptions.JedisConnectionException: Could not get a resource from the pool" type="org.springframework.data.redis.RedisConnectionFailureException">org.springframework.data.redis.RedisConnectionFailureException: Cannot get Jedis connection; nested exception is redis.clients.jedis.exceptions.JedisConnectionException: Could not get a resource from the pool
	at org.springframework.data.redis.core.DefaultValueOperationsTests.testGetAndSet(DefaultValueOperationsTests.java:248)
Caused by: redis.clients.jedis.exceptions.JedisConnectionException: Could not get a resource from the pool
	at org.springframework.data.redis.core.DefaultValueOperationsTests.testGetAndSet(DefaultValueOperationsTests.java:248)
Caused by: redis.clients.jedis.exceptions.JedisConnectionException: java.net.ConnectException: Connection refused (Connection refused)
	at org.springframework.data.redis.core.DefaultValueOperationsTests.testGetAndSet(DefaultValueOperationsTests.java:248)
Caused by: java.net.ConnectException: Connection refused (Connection refused)
	at org.springframework.data.redis.core.DefaultValueOperationsTests.testGetAndSet(DefaultValueOperationsTests.java:248)
</error>
  </testcase>
  <testcase name="testGetAndSet[0]" classname="org.springframework.data.redis.core.DefaultValueOperationsTests" time="0.002">
    <error message="Cannot get Jedis connection; nested exception is redis.clients.jedis.exceptions.JedisConnectionException: Could not get a resource from the pool" type="org.springframework.data.redis.RedisConnectionFailureException">org.springframework.data.redis.RedisConnectionFailureException: Cannot get Jedis connection; nested exception is redis.clients.jedis.exceptions.JedisConnectionException: Could not get a resource from the pool
	at org.springframework.data.redis.core.DefaultValueOperationsTests.tearDown(DefaultValueOperationsTests.java:93)
Caused by: redis.clients.jedis.exceptions.JedisConnectionException: Could not get a resource from the pool
	at org.springframework.data.redis.core.DefaultValueOperationsTests.tearDown(DefaultValueOperationsTests.java:93)
Caused by: redis.clients.jedis.exceptions.JedisConnectionException: java.net.ConnectException: Connection refused (Connection refused)
	at org.springframework.data.redis.core.DefaultValueOperationsTests.tearDown(DefaultValueOperationsTests.java:93)
Caused by: java.net.ConnectException: Connection refused (Connection refused)
	at org.springframework.data.redis.core.DefaultValueOperationsTests.tearDown(DefaultValueOperationsTests.java:93)
</error>
  </testcase>
  <testcase name="testDeserializeKey[0]" classname="org.springframework.data.redis.core.DefaultValueOperationsTests" time="0.001">
    <error message="got: &lt;false&gt;, expected: is &lt;true&gt;" type="org.junit.AssumptionViolatedException"><![CDATA[org.junit.AssumptionViolatedException: got: <false>, expected: is <true>
	at org.springframework.data.redis.core.DefaultValueOperationsTests.testDeserializeKey(DefaultValueOperationsTests.java:522)
]]></error>
  </testcase>
  <testcase name="testDeserializeKey[0]" classname="org.springframework.data.redis.core.DefaultValueOperationsTests" time="0.002">
    <error message="Cannot get Jedis connection; nested exception is redis.clients.jedis.exceptions.JedisConnectionException: Could not get a resource from the pool" type="org.springframework.data.redis.RedisConnectionFailureException">org.springframework.data.redis.RedisConnectionFailureException: Cannot get Jedis connection; nested exception is redis.clients.jedis.exceptions.JedisConnectionException: Could not get a resource from the pool
	at org.springframework.data.redis.core.DefaultValueOperationsTests.tearDown(DefaultValueOperationsTests.java:93)
Caused by: redis.clients.jedis.exceptions.JedisConnectionException: Could not get a resource from the pool
	at org.springframework.data.redis.core.DefaultValueOperationsTests.tearDown(DefaultValueOperationsTests.java:93)
Caused by: redis.clients.jedis.exceptions.JedisConnectionException: java.net.ConnectException: Connection refused (Connection refused)
	at org.springframework.data.redis.core.DefaultValueOperationsTests.tearDown(DefaultValueOperationsTests.java:93)
Caused by: java.net.ConnectException: Connection refused (Connection refused)
	at org.springframework.data.redis.core.DefaultValueOperationsTests.tearDown(DefaultValueOperationsTests.java:93)
</error>
  </testcase>
  <testcase name="setIfPresentShouldSetExpirationCorrectly[0]" classname="org.springframework.data.redis.core.DefaultValueOperationsTests" time="0.002">
    <error message="Cannot get Jedis connection; nested exception is redis.clients.jedis.exceptions.JedisConnectionException: Could not get a resource from the pool" type="org.springframework.data.redis.RedisConnectionFailureException">org.springframework.data.redis.RedisConnectionFailureException: Cannot get Jedis connection; nested exception is redis.clients.jedis.exceptions.JedisConnectionException: Could not get a resource from the pool
	at org.springframework.data.redis.core.DefaultValueOperationsTests.setIfPresentShouldSetExpirationCorrectly(DefaultValueOperationsTests.java:434)
Caused by: redis.clients.jedis.exceptions.JedisConnectionException: Could not get a resource from the pool
	at org.springframework.data.redis.core.DefaultValueOperationsTests.setIfPresentShouldSetExpirationCorrectly(DefaultValueOperationsTests.java:434)
Caused by: redis.clients.jedis.exceptions.JedisConnectionException: java.net.ConnectException: Connection refused (Connection refused)
	at org.springframework.data.redis.core.DefaultValueOperationsTests.setIfPresentShouldSetExpirationCorrectly(DefaultValueOperationsTests.java:434)
Caused by: java.net.ConnectException: Connection refused (Connection refused)
	at org.springframework.data.redis.core.DefaultValueOperationsTests.setIfPresentShouldSetExpirationCorrectly(DefaultValueOperationsTests.java:434)
</error>
  </testcase>
  <testcase name="setIfPresentShouldSetExpirationCorrectly[0]" classname="org.springframework.data.redis.core.DefaultValueOperationsTests" time="0.003">
    <error message="Cannot get Jedis connection; nested exception is redis.clients.jedis.exceptions.JedisConnectionException: Could not get a resource from the pool" type="org.springframework.data.redis.RedisConnectionFailureException">org.springframework.data.redis.RedisConnectionFailureException: Cannot get Jedis connection; nested exception is redis.clients.jedis.exceptions.JedisConnectionException: Could not get a resource from the pool
	at org.springframework.data.redis.core.DefaultValueOperationsTests.tearDown(DefaultValueOperationsTests.java:93)
Caused by: redis.clients.jedis.exceptions.JedisConnectionException: Could not get a resource from the pool
	at org.springframework.data.redis.core.DefaultValueOperationsTests.tearDown(DefaultValueOperationsTests.java:93)
Caused by: redis.clients.jedis.exceptions.JedisConnectionException: java.net.ConnectException: Connection refused (Connection refused)
	at org.springframework.data.redis.core.DefaultValueOperationsTests.tearDown(DefaultValueOperationsTests.java:93)
Caused by: java.net.ConnectException: Connection refused (Connection refused)
	at org.springframework.data.redis.core.DefaultValueOperationsTests.tearDown(DefaultValueOperationsTests.java:93)
</error>
  </testcase>
  <testcase name="testSetWithExpiration[0]" classname="org.springframework.data.redis.core.DefaultValueOperationsTests" time="0.002">
    <error message="Cannot get Jedis connection; nested exception is redis.clients.jedis.exceptions.JedisConnectionException: Could not get a resource from the pool" type="org.springframework.data.redis.RedisConnectionFailureException">org.springframework.data.redis.RedisConnectionFailureException: Cannot get Jedis connection; nested exception is redis.clients.jedis.exceptions.JedisConnectionException: Could not get a resource from the pool
	at org.springframework.data.redis.core.DefaultValueOperationsTests.testSetWithExpiration(DefaultValueOperationsTests.java:259)
Caused by: redis.clients.jedis.exceptions.JedisConnectionException: Could not get a resource from the pool
	at org.springframework.data.redis.core.DefaultValueOperationsTests.testSetWithExpiration(DefaultValueOperationsTests.java:259)
Caused by: redis.clients.jedis.exceptions.JedisConnectionException: java.net.ConnectException: Connection refused (Connection refused)
	at org.springframework.data.redis.core.DefaultValueOperationsTests.testSetWithExpiration(DefaultValueOperationsTests.java:259)
Caused by: java.net.ConnectException: Connection refused (Connection refused)
	at org.springframework.data.redis.core.DefaultValueOperationsTests.testSetWithExpiration(DefaultValueOperationsTests.java:259)
</error>
  </testcase>
  <testcase name="testSetWithExpiration[0]" classname="org.springframework.data.redis.core.DefaultValueOperationsTests" time="0.002">
    <error message="Cannot get Jedis connection; nested exception is redis.clients.jedis.exceptions.JedisConnectionException: Could not get a resource from the pool" type="org.springframework.data.redis.RedisConnectionFailureException">org.springframework.data.redis.RedisConnectionFailureException: Cannot get Jedis connection; nested exception is redis.clients.jedis.exceptions.JedisConnectionException: Could not get a resource from the pool
	at org.springframework.data.redis.core.DefaultValueOperationsTests.tearDown(DefaultValueOperationsTests.java:93)
Caused by: redis.clients.jedis.exceptions.JedisConnectionException: Could not get a resource from the pool
	at org.springframework.data.redis.core.DefaultValueOperationsTests.tearDown(DefaultValueOperationsTests.java:93)
Caused by: redis.clients.jedis.exceptions.JedisConnectionException: java.net.ConnectException: Connection refused (Connection refused)
	at org.springframework.data.redis.core.DefaultValueOperationsTests.tearDown(DefaultValueOperationsTests.java:93)
Caused by: java.net.ConnectException: Connection refused (Connection refused)
	at org.springframework.data.redis.core.DefaultValueOperationsTests.tearDown(DefaultValueOperationsTests.java:93)
</error>
  </testcase>
  <testcase name="testAppend[0]" classname="org.springframework.data.redis.core.DefaultValueOperationsTests" time="0.002">
    <error message="Cannot get Jedis connection; nested exception is redis.clients.jedis.exceptions.JedisConnectionException: Could not get a resource from the pool" type="org.springframework.data.redis.RedisConnectionFailureException">org.springframework.data.redis.RedisConnectionFailureException: Cannot get Jedis connection; nested exception is redis.clients.jedis.exceptions.JedisConnectionException: Could not get a resource from the pool
	at org.springframework.data.redis.core.DefaultValueOperationsTests.testAppend(DefaultValueOperationsTests.java:316)
Caused by: redis.clients.jedis.exceptions.JedisConnectionException: Could not get a resource from the pool
	at org.springframework.data.redis.core.DefaultValueOperationsTests.testAppend(DefaultValueOperationsTests.java:316)
Caused by: redis.clients.jedis.exceptions.JedisConnectionException: java.net.ConnectException: Connection refused (Connection refused)
	at org.springframework.data.redis.core.DefaultValueOperationsTests.testAppend(DefaultValueOperationsTests.java:316)
Caused by: java.net.ConnectException: Connection refused (Connection refused)
	at org.springframework.data.redis.core.DefaultValueOperationsTests.testAppend(DefaultValueOperationsTests.java:316)
</error>
  </testcase>
  <testcase name="testAppend[0]" classname="org.springframework.data.redis.core.DefaultValueOperationsTests" time="0.002">
    <error message="Cannot get Jedis connection; nested exception is redis.clients.jedis.exceptions.JedisConnectionException: Could not get a resource from the pool" type="org.springframework.data.redis.RedisConnectionFailureException">org.springframework.data.redis.RedisConnectionFailureException: Cannot get Jedis connection; nested exception is redis.clients.jedis.exceptions.JedisConnectionException: Could not get a resource from the pool
	at org.springframework.data.redis.core.DefaultValueOperationsTests.tearDown(DefaultValueOperationsTests.java:93)
Caused by: redis.clients.jedis.exceptions.JedisConnectionException: Could not get a resource from the pool
	at org.springframework.data.redis.core.DefaultValueOperationsTests.tearDown(DefaultValueOperationsTests.java:93)
Caused by: redis.clients.jedis.exceptions.JedisConnectionException: java.net.ConnectException: Connection refused (Connection refused)
	at org.springframework.data.redis.core.DefaultValueOperationsTests.tearDown(DefaultValueOperationsTests.java:93)
Caused by: java.net.ConnectException: Connection refused (Connection refused)
	at org.springframework.data.redis.core.DefaultValueOperationsTests.tearDown(DefaultValueOperationsTests.java:93)
</error>
  </testcase>
  <testcase name="testSetIfPresentWithExpirationEX[0]" classname="org.springframework.data.redis.core.DefaultValueOperationsTests" time="0.001">
    <error message="Cannot get Jedis connection; nested exception is redis.clients.jedis.exceptions.JedisConnectionException: Could not get a resource from the pool" type="org.springframework.data.redis.RedisConnectionFailureException">org.springframework.data.redis.RedisConnectionFailureException: Cannot get Jedis connection; nested exception is redis.clients.jedis.exceptions.JedisConnectionException: Could not get a resource from the pool
	at org.springframework.data.redis.core.DefaultValueOperationsTests.testSetIfPresentWithExpirationEX(DefaultValueOperationsTests.java:452)
Caused by: redis.clients.jedis.exceptions.JedisConnectionException: Could not get a resource from the pool
	at org.springframework.data.redis.core.DefaultValueOperationsTests.testSetIfPresentWithExpirationEX(DefaultValueOperationsTests.java:452)
Caused by: redis.clients.jedis.exceptions.JedisConnectionException: java.net.ConnectException: Connection refused (Connection refused)
	at org.springframework.data.redis.core.DefaultValueOperationsTests.testSetIfPresentWithExpirationEX(DefaultValueOperationsTests.java:452)
Caused by: java.net.ConnectException: Connection refused (Connection refused)
	at org.springframework.data.redis.core.DefaultValueOperationsTests.testSetIfPresentWithExpirationEX(DefaultValueOperationsTests.java:452)
</error>
  </testcase>
  <testcase name="testSetIfPresentWithExpirationEX[0]" classname="org.springframework.data.redis.core.DefaultValueOperationsTests" time="0.002">
    <error message="Cannot get Jedis connection; nested exception is redis.clients.jedis.exceptions.JedisConnectionException: Could not get a resource from the pool" type="org.springframework.data.redis.RedisConnectionFailureException">org.springframework.data.redis.RedisConnectionFailureException: Cannot get Jedis connection; nested exception is redis.clients.jedis.exceptions.JedisConnectionException: Could not get a resource from the pool
	at org.springframework.data.redis.core.DefaultValueOperationsTests.tearDown(DefaultValueOperationsTests.java:93)
Caused by: redis.clients.jedis.exceptions.JedisConnectionException: Could not get a resource from the pool
	at org.springframework.data.redis.core.DefaultValueOperationsTests.tearDown(DefaultValueOperationsTests.java:93)
Caused by: redis.clients.jedis.exceptions.JedisConnectionException: java.net.ConnectException: Connection refused (Connection refused)
	at org.springframework.data.redis.core.DefaultValueOperationsTests.tearDown(DefaultValueOperationsTests.java:93)
Caused by: java.net.ConnectException: Connection refused (Connection refused)
	at org.springframework.data.redis.core.DefaultValueOperationsTests.tearDown(DefaultValueOperationsTests.java:93)
</error>
  </testcase>
  <testcase name="testSetIfPresentWithExpirationPX[0]" classname="org.springframework.data.redis.core.DefaultValueOperationsTests" time="0.002">
    <error message="Cannot get Jedis connection; nested exception is redis.clients.jedis.exceptions.JedisConnectionException: Could not get a resource from the pool" type="org.springframework.data.redis.RedisConnectionFailureException">org.springframework.data.redis.RedisConnectionFailureException: Cannot get Jedis connection; nested exception is redis.clients.jedis.exceptions.JedisConnectionException: Could not get a resource from the pool
	at org.springframework.data.redis.core.DefaultValueOperationsTests.testSetIfPresentWithExpirationPX(DefaultValueOperationsTests.java:470)
Caused by: redis.clients.jedis.exceptions.JedisConnectionException: Could not get a resource from the pool
	at org.springframework.data.redis.core.DefaultValueOperationsTests.testSetIfPresentWithExpirationPX(DefaultValueOperationsTests.java:470)
Caused by: redis.clients.jedis.exceptions.JedisConnectionException: java.net.ConnectException: Connection refused (Connection refused)
	at org.springframework.data.redis.core.DefaultValueOperationsTests.testSetIfPresentWithExpirationPX(DefaultValueOperationsTests.java:470)
Caused by: java.net.ConnectException: Connection refused (Connection refused)
	at org.springframework.data.redis.core.DefaultValueOperationsTests.testSetIfPresentWithExpirationPX(DefaultValueOperationsTests.java:470)
</error>
  </testcase>
  <testcase name="testSetIfPresentWithExpirationPX[0]" classname="org.springframework.data.redis.core.DefaultValueOperationsTests" time="0.002">
    <error message="Cannot get Jedis connection; nested exception is redis.clients.jedis.exceptions.JedisConnectionException: Could not get a resource from the pool" type="org.springframework.data.redis.RedisConnectionFailureException">org.springframework.data.redis.RedisConnectionFailureException: Cannot get Jedis connection; nested exception is redis.clients.jedis.exceptions.JedisConnectionException: Could not get a resource from the pool
	at org.springframework.data.redis.core.DefaultValueOperationsTests.tearDown(DefaultValueOperationsTests.java:93)
Caused by: redis.clients.jedis.exceptions.JedisConnectionException: Could not get a resource from the pool
	at org.springframework.data.redis.core.DefaultValueOperationsTests.tearDown(DefaultValueOperationsTests.java:93)
Caused by: redis.clients.jedis.exceptions.JedisConnectionException: java.net.ConnectException: Connection refused (Connection refused)
	at org.springframework.data.redis.core.DefaultValueOperationsTests.tearDown(DefaultValueOperationsTests.java:93)
Caused by: java.net.ConnectException: Connection refused (Connection refused)
	at org.springframework.data.redis.core.DefaultValueOperationsTests.tearDown(DefaultValueOperationsTests.java:93)
</error>
  </testcase>
  <testcase name="testIncrementLong[0]" classname="org.springframework.data.redis.core.DefaultValueOperationsTests" time="0.001">
    <error message="got: &lt;false&gt;, expected: is &lt;true&gt;" type="org.junit.AssumptionViolatedException"><![CDATA[org.junit.AssumptionViolatedException: got: <false>, expected: is <true>
	at org.springframework.data.redis.core.DefaultValueOperationsTests.testIncrementLong(DefaultValueOperationsTests.java:119)
]]></error>
  </testcase>
  <testcase name="testIncrementLong[0]" classname="org.springframework.data.redis.core.DefaultValueOperationsTests" time="0.001">
    <error message="Cannot get Jedis connection; nested exception is redis.clients.jedis.exceptions.JedisConnectionException: Could not get a resource from the pool" type="org.springframework.data.redis.RedisConnectionFailureException">org.springframework.data.redis.RedisConnectionFailureException: Cannot get Jedis connection; nested exception is redis.clients.jedis.exceptions.JedisConnectionException: Could not get a resource from the pool
	at org.springframework.data.redis.core.DefaultValueOperationsTests.tearDown(DefaultValueOperationsTests.java:93)
Caused by: redis.clients.jedis.exceptions.JedisConnectionException: Could not get a resource from the pool
	at org.springframework.data.redis.core.DefaultValueOperationsTests.tearDown(DefaultValueOperationsTests.java:93)
Caused by: redis.clients.jedis.exceptions.JedisConnectionException: java.net.ConnectException: Connection refused (Connection refused)
	at org.springframework.data.redis.core.DefaultValueOperationsTests.tearDown(DefaultValueOperationsTests.java:93)
Caused by: java.net.ConnectException: Connection refused (Connection refused)
	at org.springframework.data.redis.core.DefaultValueOperationsTests.tearDown(DefaultValueOperationsTests.java:93)
</error>
  </testcase>
  <testcase name="testDecrement[0]" classname="org.springframework.data.redis.core.DefaultValueOperationsTests" time="0.001">
    <error message="got: &lt;false&gt;, expected: is &lt;true&gt;" type="org.junit.AssumptionViolatedException"><![CDATA[org.junit.AssumptionViolatedException: got: <false>, expected: is <true>
	at org.springframework.data.redis.core.DefaultValueOperationsTests.testDecrement(DefaultValueOperationsTests.java:157)
]]></error>
  </testcase>
  <testcase name="testDecrement[0]" classname="org.springframework.data.redis.core.DefaultValueOperationsTests" time="0.002">
    <error message="Cannot get Jedis connection; nested exception is redis.clients.jedis.exceptions.JedisConnectionException: Could not get a resource from the pool" type="org.springframework.data.redis.RedisConnectionFailureException">org.springframework.data.redis.RedisConnectionFailureException: Cannot get Jedis connection; nested exception is redis.clients.jedis.exceptions.JedisConnectionException: Could not get a resource from the pool
	at org.springframework.data.redis.core.DefaultValueOperationsTests.tearDown(DefaultValueOperationsTests.java:93)
Caused by: redis.clients.jedis.exceptions.JedisConnectionException: Could not get a resource from the pool
	at org.springframework.data.redis.core.DefaultValueOperationsTests.tearDown(DefaultValueOperationsTests.java:93)
Caused by: redis.clients.jedis.exceptions.JedisConnectionException: java.net.ConnectException: Connection refused (Connection refused)
	at org.springframework.data.redis.core.DefaultValueOperationsTests.tearDown(DefaultValueOperationsTests.java:93)
Caused by: java.net.ConnectException: Connection refused (Connection refused)
	at org.springframework.data.redis.core.DefaultValueOperationsTests.tearDown(DefaultValueOperationsTests.java:93)
</error>
  </testcase>
  <testcase name="testMultiSet[0]" classname="org.springframework.data.redis.core.DefaultValueOperationsTests" time="0.002">
    <error message="Cannot get Jedis connection; nested exception is redis.clients.jedis.exceptions.JedisConnectionException: Could not get a resource from the pool" type="org.springframework.data.redis.RedisConnectionFailureException">org.springframework.data.redis.RedisConnectionFailureException: Cannot get Jedis connection; nested exception is redis.clients.jedis.exceptions.JedisConnectionException: Could not get a resource from the pool
	at org.springframework.data.redis.core.DefaultValueOperationsTests.testMultiSet(DefaultValueOperationsTests.java:225)
Caused by: redis.clients.jedis.exceptions.JedisConnectionException: Could not get a resource from the pool
	at org.springframework.data.redis.core.DefaultValueOperationsTests.testMultiSet(DefaultValueOperationsTests.java:225)
Caused by: redis.clients.jedis.exceptions.JedisConnectionException: java.net.ConnectException: Connection refused (Connection refused)
	at org.springframework.data.redis.core.DefaultValueOperationsTests.testMultiSet(DefaultValueOperationsTests.java:225)
Caused by: java.net.ConnectException: Connection refused (Connection refused)
	at org.springframework.data.redis.core.DefaultValueOperationsTests.testMultiSet(DefaultValueOperationsTests.java:225)
</error>
  </testcase>
  <testcase name="testMultiSet[0]" classname="org.springframework.data.redis.core.DefaultValueOperationsTests" time="0.002">
    <error message="Cannot get Jedis connection; nested exception is redis.clients.jedis.exceptions.JedisConnectionException: Could not get a resource from the pool" type="org.springframework.data.redis.RedisConnectionFailureException">org.springframework.data.redis.RedisConnectionFailureException: Cannot get Jedis connection; nested exception is redis.clients.jedis.exceptions.JedisConnectionException: Could not get a resource from the pool
	at org.springframework.data.redis.core.DefaultValueOperationsTests.tearDown(DefaultValueOperationsTests.java:93)
Caused by: redis.clients.jedis.exceptions.JedisConnectionException: Could not get a resource from the pool
	at org.springframework.data.redis.core.DefaultValueOperationsTests.tearDown(DefaultValueOperationsTests.java:93)
Caused by: redis.clients.jedis.exceptions.JedisConnectionException: java.net.ConnectException: Connection refused (Connection refused)
	at org.springframework.data.redis.core.DefaultValueOperationsTests.tearDown(DefaultValueOperationsTests.java:93)
Caused by: java.net.ConnectException: Connection refused (Connection refused)
	at org.springframework.data.redis.core.DefaultValueOperationsTests.tearDown(DefaultValueOperationsTests.java:93)
</error>
  </testcase>
  <testcase name="testGetSet[0]" classname="org.springframework.data.redis.core.DefaultValueOperationsTests" time="0.001">
    <error message="Cannot get Jedis connection; nested exception is redis.clients.jedis.exceptions.JedisConnectionException: Could not get a resource from the pool" type="org.springframework.data.redis.RedisConnectionFailureException">org.springframework.data.redis.RedisConnectionFailureException: Cannot get Jedis connection; nested exception is redis.clients.jedis.exceptions.JedisConnectionException: Could not get a resource from the pool
	at org.springframework.data.redis.core.DefaultValueOperationsTests.testGetSet(DefaultValueOperationsTests.java:236)
Caused by: redis.clients.jedis.exceptions.JedisConnectionException: Could not get a resource from the pool
	at org.springframework.data.redis.core.DefaultValueOperationsTests.testGetSet(DefaultValueOperationsTests.java:236)
Caused by: redis.clients.jedis.exceptions.JedisConnectionException: java.net.ConnectException: Connection refused (Connection refused)
	at org.springframework.data.redis.core.DefaultValueOperationsTests.testGetSet(DefaultValueOperationsTests.java:236)
Caused by: java.net.ConnectException: Connection refused (Connection refused)
	at org.springframework.data.redis.core.DefaultValueOperationsTests.testGetSet(DefaultValueOperationsTests.java:236)
</error>
  </testcase>
  <testcase name="testGetSet[0]" classname="org.springframework.data.redis.core.DefaultValueOperationsTests" time="0.002">
    <error message="Cannot get Jedis connection; nested exception is redis.clients.jedis.exceptions.JedisConnectionException: Could not get a resource from the pool" type="org.springframework.data.redis.RedisConnectionFailureException">org.springframework.data.redis.RedisConnectionFailureException: Cannot get Jedis connection; nested exception is redis.clients.jedis.exceptions.JedisConnectionException: Could not get a resource from the pool
	at org.springframework.data.redis.core.DefaultValueOperationsTests.tearDown(DefaultValueOperationsTests.java:93)
Caused by: redis.clients.jedis.exceptions.JedisConnectionException: Could not get a resource from the pool
	at org.springframework.data.redis.core.DefaultValueOperationsTests.tearDown(DefaultValueOperationsTests.java:93)
Caused by: redis.clients.jedis.exceptions.JedisConnectionException: java.net.ConnectException: Connection refused (Connection refused)
	at org.springframework.data.redis.core.DefaultValueOperationsTests.tearDown(DefaultValueOperationsTests.java:93)
Caused by: java.net.ConnectException: Connection refused (Connection refused)
	at org.springframework.data.redis.core.DefaultValueOperationsTests.tearDown(DefaultValueOperationsTests.java:93)
</error>
  </testcase>
  <testcase name="testMultiSetIfAbsent[0]" classname="org.springframework.data.redis.core.DefaultValueOperationsTests" time="0.002">
    <error message="Cannot get Jedis connection; nested exception is redis.clients.jedis.exceptions.JedisConnectionException: Could not get a resource from the pool" type="org.springframework.data.redis.RedisConnectionFailureException">org.springframework.data.redis.RedisConnectionFailureException: Cannot get Jedis connection; nested exception is redis.clients.jedis.exceptions.JedisConnectionException: Could not get a resource from the pool
	at org.springframework.data.redis.core.DefaultValueOperationsTests.testMultiSetIfAbsent(DefaultValueOperationsTests.java:191)
Caused by: redis.clients.jedis.exceptions.JedisConnectionException: Could not get a resource from the pool
	at org.springframework.data.redis.core.DefaultValueOperationsTests.testMultiSetIfAbsent(DefaultValueOperationsTests.java:191)
Caused by: redis.clients.jedis.exceptions.JedisConnectionException: java.net.ConnectException: Connection refused (Connection refused)
	at org.springframework.data.redis.core.DefaultValueOperationsTests.testMultiSetIfAbsent(DefaultValueOperationsTests.java:191)
Caused by: java.net.ConnectException: Connection refused (Connection refused)
	at org.springframework.data.redis.core.DefaultValueOperationsTests.testMultiSetIfAbsent(DefaultValueOperationsTests.java:191)
</error>
  </testcase>
  <testcase name="testMultiSetIfAbsent[0]" classname="org.springframework.data.redis.core.DefaultValueOperationsTests" time="0.003">
    <error message="Cannot get Jedis connection; nested exception is redis.clients.jedis.exceptions.JedisConnectionException: Could not get a resource from the pool" type="org.springframework.data.redis.RedisConnectionFailureException">org.springframework.data.redis.RedisConnectionFailureException: Cannot get Jedis connection; nested exception is redis.clients.jedis.exceptions.JedisConnectionException: Could not get a resource from the pool
	at org.springframework.data.redis.core.DefaultValueOperationsTests.tearDown(DefaultValueOperationsTests.java:93)
Caused by: redis.clients.jedis.exceptions.JedisConnectionException: Could not get a resource from the pool
	at org.springframework.data.redis.core.DefaultValueOperationsTests.tearDown(DefaultValueOperationsTests.java:93)
Caused by: redis.clients.jedis.exceptions.JedisConnectionException: java.net.ConnectException: Connection refused (Connection refused)
	at org.springframework.data.redis.core.DefaultValueOperationsTests.tearDown(DefaultValueOperationsTests.java:93)
Caused by: java.net.ConnectException: Connection refused (Connection refused)
	at org.springframework.data.redis.core.DefaultValueOperationsTests.tearDown(DefaultValueOperationsTests.java:93)
</error>
  </testcase>
  <testcase name="testSetIfAbsent[0]" classname="org.springframework.data.redis.core.DefaultValueOperationsTests" time="0.003">
    <error message="Cannot get Jedis connection; nested exception is redis.clients.jedis.exceptions.JedisConnectionException: Could not get a resource from the pool" type="org.springframework.data.redis.RedisConnectionFailureException">org.springframework.data.redis.RedisConnectionFailureException: Cannot get Jedis connection; nested exception is redis.clients.jedis.exceptions.JedisConnectionException: Could not get a resource from the pool
	at org.springframework.data.redis.core.DefaultValueOperationsTests.testSetIfAbsent(DefaultValueOperationsTests.java:357)
Caused by: redis.clients.jedis.exceptions.JedisConnectionException: Could not get a resource from the pool
	at org.springframework.data.redis.core.DefaultValueOperationsTests.testSetIfAbsent(DefaultValueOperationsTests.java:357)
Caused by: redis.clients.jedis.exceptions.JedisConnectionException: java.net.ConnectException: Connection refused (Connection refused)
	at org.springframework.data.redis.core.DefaultValueOperationsTests.testSetIfAbsent(DefaultValueOperationsTests.java:357)
Caused by: java.net.ConnectException: Connection refused (Connection refused)
	at org.springframework.data.redis.core.DefaultValueOperationsTests.testSetIfAbsent(DefaultValueOperationsTests.java:357)
</error>
  </testcase>
  <testcase name="testSetIfAbsent[0]" classname="org.springframework.data.redis.core.DefaultValueOperationsTests" time="0.003">
    <error message="Cannot get Jedis connection; nested exception is redis.clients.jedis.exceptions.JedisConnectionException: Could not get a resource from the pool" type="org.springframework.data.redis.RedisConnectionFailureException">org.springframework.data.redis.RedisConnectionFailureException: Cannot get Jedis connection; nested exception is redis.clients.jedis.exceptions.JedisConnectionException: Could not get a resource from the pool
	at org.springframework.data.redis.core.DefaultValueOperationsTests.tearDown(DefaultValueOperationsTests.java:93)
Caused by: redis.clients.jedis.exceptions.JedisConnectionException: Could not get a resource from the pool
	at org.springframework.data.redis.core.DefaultValueOperationsTests.tearDown(DefaultValueOperationsTests.java:93)
Caused by: redis.clients.jedis.exceptions.JedisConnectionException: java.net.ConnectException: Connection refused (Connection refused)
	at org.springframework.data.redis.core.DefaultValueOperationsTests.tearDown(DefaultValueOperationsTests.java:93)
Caused by: java.net.ConnectException: Connection refused (Connection refused)
	at org.springframework.data.redis.core.DefaultValueOperationsTests.tearDown(DefaultValueOperationsTests.java:93)
</error>
  </testcase>
  <testcase name="testRawKeysCollection[0]" classname="org.springframework.data.redis.core.DefaultValueOperationsTests" time="0.001">
    <error message="Cannot get Jedis connection; nested exception is redis.clients.jedis.exceptions.JedisConnectionException: Could not get a resource from the pool" type="org.springframework.data.redis.RedisConnectionFailureException">org.springframework.data.redis.RedisConnectionFailureException: Cannot get Jedis connection; nested exception is redis.clients.jedis.exceptions.JedisConnectionException: Could not get a resource from the pool
	at org.springframework.data.redis.core.DefaultValueOperationsTests.tearDown(DefaultValueOperationsTests.java:93)
Caused by: redis.clients.jedis.exceptions.JedisConnectionException: Could not get a resource from the pool
	at org.springframework.data.redis.core.DefaultValueOperationsTests.tearDown(DefaultValueOperationsTests.java:93)
Caused by: redis.clients.jedis.exceptions.JedisConnectionException: java.net.ConnectException: Connection refused (Connection refused)
	at org.springframework.data.redis.core.DefaultValueOperationsTests.tearDown(DefaultValueOperationsTests.java:93)
Caused by: java.net.ConnectException: Connection refused (Connection refused)
	at org.springframework.data.redis.core.DefaultValueOperationsTests.tearDown(DefaultValueOperationsTests.java:93)
</error>
  </testcase>
  <testcase name="testSetRange[0]" classname="org.springframework.data.redis.core.DefaultValueOperationsTests" time="0.002">
    <error message="Cannot get Jedis connection; nested exception is redis.clients.jedis.exceptions.JedisConnectionException: Could not get a resource from the pool" type="org.springframework.data.redis.RedisConnectionFailureException">org.springframework.data.redis.RedisConnectionFailureException: Cannot get Jedis connection; nested exception is redis.clients.jedis.exceptions.JedisConnectionException: Could not get a resource from the pool
	at org.springframework.data.redis.core.DefaultValueOperationsTests.testSetRange(DefaultValueOperationsTests.java:344)
Caused by: redis.clients.jedis.exceptions.JedisConnectionException: Could not get a resource from the pool
	at org.springframework.data.redis.core.DefaultValueOperationsTests.testSetRange(DefaultValueOperationsTests.java:344)
Caused by: redis.clients.jedis.exceptions.JedisConnectionException: java.net.ConnectException: Connection refused (Connection refused)
	at org.springframework.data.redis.core.DefaultValueOperationsTests.testSetRange(DefaultValueOperationsTests.java:344)
Caused by: java.net.ConnectException: Connection refused (Connection refused)
	at org.springframework.data.redis.core.DefaultValueOperationsTests.testSetRange(DefaultValueOperationsTests.java:344)
</error>
  </testcase>
  <testcase name="testSetRange[0]" classname="org.springframework.data.redis.core.DefaultValueOperationsTests" time="0.003">
    <error message="Cannot get Jedis connection; nested exception is redis.clients.jedis.exceptions.JedisConnectionException: Could not get a resource from the pool" type="org.springframework.data.redis.RedisConnectionFailureException">org.springframework.data.redis.RedisConnectionFailureException: Cannot get Jedis connection; nested exception is redis.clients.jedis.exceptions.JedisConnectionException: Could not get a resource from the pool
	at org.springframework.data.redis.core.DefaultValueOperationsTests.tearDown(DefaultValueOperationsTests.java:93)
Caused by: redis.clients.jedis.exceptions.JedisConnectionException: Could not get a resource from the pool
	at org.springframework.data.redis.core.DefaultValueOperationsTests.tearDown(DefaultValueOperationsTests.java:93)
Caused by: redis.clients.jedis.exceptions.JedisConnectionException: java.net.ConnectException: Connection refused (Connection refused)
	at org.springframework.data.redis.core.DefaultValueOperationsTests.tearDown(DefaultValueOperationsTests.java:93)
Caused by: java.net.ConnectException: Connection refused (Connection refused)
	at org.springframework.data.redis.core.DefaultValueOperationsTests.tearDown(DefaultValueOperationsTests.java:93)
</error>
  </testcase>
  <testcase name="testSetWithExpirationEX[1]" classname="org.springframework.data.redis.core.DefaultValueOperationsTests" time="0.002">
    <error message="Cannot get Jedis connection; nested exception is redis.clients.jedis.exceptions.JedisConnectionException: Could not get a resource from the pool" type="org.springframework.data.redis.RedisConnectionFailureException">org.springframework.data.redis.RedisConnectionFailureException: Cannot get Jedis connection; nested exception is redis.clients.jedis.exceptions.JedisConnectionException: Could not get a resource from the pool
	at org.springframework.data.redis.core.DefaultValueOperationsTests.testSetWithExpirationEX(DefaultValueOperationsTests.java:273)
Caused by: redis.clients.jedis.exceptions.JedisConnectionException: Could not get a resource from the pool
	at org.springframework.data.redis.core.DefaultValueOperationsTests.testSetWithExpirationEX(DefaultValueOperationsTests.java:273)
Caused by: redis.clients.jedis.exceptions.JedisConnectionException: java.net.ConnectException: Connection refused (Connection refused)
	at org.springframework.data.redis.core.DefaultValueOperationsTests.testSetWithExpirationEX(DefaultValueOperationsTests.java:273)
Caused by: java.net.ConnectException: Connection refused (Connection refused)
	at org.springframework.data.redis.core.DefaultValueOperationsTests.testSetWithExpirationEX(DefaultValueOperationsTests.java:273)
</error>
  </testcase>
  <testcase name="testSetWithExpirationEX[1]" classname="org.springframework.data.redis.core.DefaultValueOperationsTests" time="0.003">
    <error message="Cannot get Jedis connection; nested exception is redis.clients.jedis.exceptions.JedisConnectionException: Could not get a resource from the pool" type="org.springframework.data.redis.RedisConnectionFailureException">org.springframework.data.redis.RedisConnectionFailureException: Cannot get Jedis connection; nested exception is redis.clients.jedis.exceptions.JedisConnectionException: Could not get a resource from the pool
	at org.springframework.data.redis.core.DefaultValueOperationsTests.tearDown(DefaultValueOperationsTests.java:93)
Caused by: redis.clients.jedis.exceptions.JedisConnectionException: Could not get a resource from the pool
	at org.springframework.data.redis.core.DefaultValueOperationsTests.tearDown(DefaultValueOperationsTests.java:93)
Caused by: redis.clients.jedis.exceptions.JedisConnectionException: java.net.ConnectException: Connection refused (Connection refused)
	at org.springframework.data.redis.core.DefaultValueOperationsTests.tearDown(DefaultValueOperationsTests.java:93)
Caused by: java.net.ConnectException: Connection refused (Connection refused)
	at org.springframework.data.redis.core.DefaultValueOperationsTests.tearDown(DefaultValueOperationsTests.java:93)
</error>
  </testcase>
  <testcase name="testSetWithExpirationPX[1]" classname="org.springframework.data.redis.core.DefaultValueOperationsTests" time="0.002">
    <error message="Cannot get Jedis connection; nested exception is redis.clients.jedis.exceptions.JedisConnectionException: Could not get a resource from the pool" type="org.springframework.data.redis.RedisConnectionFailureException">org.springframework.data.redis.RedisConnectionFailureException: Cannot get Jedis connection; nested exception is redis.clients.jedis.exceptions.JedisConnectionException: Could not get a resource from the pool
	at org.springframework.data.redis.core.DefaultValueOperationsTests.testSetWithExpirationPX(DefaultValueOperationsTests.java:287)
Caused by: redis.clients.jedis.exceptions.JedisConnectionException: Could not get a resource from the pool
	at org.springframework.data.redis.core.DefaultValueOperationsTests.testSetWithExpirationPX(DefaultValueOperationsTests.java:287)
Caused by: redis.clients.jedis.exceptions.JedisConnectionException: java.net.ConnectException: Connection refused (Connection refused)
	at org.springframework.data.redis.core.DefaultValueOperationsTests.testSetWithExpirationPX(DefaultValueOperationsTests.java:287)
Caused by: java.net.ConnectException: Connection refused (Connection refused)
	at org.springframework.data.redis.core.DefaultValueOperationsTests.testSetWithExpirationPX(DefaultValueOperationsTests.java:287)
</error>
  </testcase>
  <testcase name="testSetWithExpirationPX[1]" classname="org.springframework.data.redis.core.DefaultValueOperationsTests" time="0.003">
    <error message="Cannot get Jedis connection; nested exception is redis.clients.jedis.exceptions.JedisConnectionException: Could not get a resource from the pool" type="org.springframework.data.redis.RedisConnectionFailureException">org.springframework.data.redis.RedisConnectionFailureException: Cannot get Jedis connection; nested exception is redis.clients.jedis.exceptions.JedisConnectionException: Could not get a resource from the pool
	at org.springframework.data.redis.core.DefaultValueOperationsTests.tearDown(DefaultValueOperationsTests.java:93)
Caused by: redis.clients.jedis.exceptions.JedisConnectionException: Could not get a resource from the pool
	at org.springframework.data.redis.core.DefaultValueOperationsTests.tearDown(DefaultValueOperationsTests.java:93)
Caused by: redis.clients.jedis.exceptions.JedisConnectionException: java.net.ConnectException: Connection refused (Connection refused)
	at org.springframework.data.redis.core.DefaultValueOperationsTests.tearDown(DefaultValueOperationsTests.java:93)
Caused by: java.net.ConnectException: Connection refused (Connection refused)
	at org.springframework.data.redis.core.DefaultValueOperationsTests.tearDown(DefaultValueOperationsTests.java:93)
</error>
  </testcase>
  <testcase name="testSetAndGetBit[1]" classname="org.springframework.data.redis.core.DefaultValueOperationsTests" time="0.002">
    <error message="got: &lt;false&gt;, expected: is &lt;true&gt;" type="org.junit.AssumptionViolatedException"><![CDATA[org.junit.AssumptionViolatedException: got: <false>, expected: is <true>
	at org.springframework.data.redis.core.DefaultValueOperationsTests.testSetAndGetBit(DefaultValueOperationsTests.java:530)
]]></error>
  </testcase>
  <testcase name="testSetAndGetBit[1]" classname="org.springframework.data.redis.core.DefaultValueOperationsTests" time="0.002">
    <error message="Cannot get Jedis connection; nested exception is redis.clients.jedis.exceptions.JedisConnectionException: Could not get a resource from the pool" type="org.springframework.data.redis.RedisConnectionFailureException">org.springframework.data.redis.RedisConnectionFailureException: Cannot get Jedis connection; nested exception is redis.clients.jedis.exceptions.JedisConnectionException: Could not get a resource from the pool
	at org.springframework.data.redis.core.DefaultValueOperationsTests.tearDown(DefaultValueOperationsTests.java:93)
Caused by: redis.clients.jedis.exceptions.JedisConnectionException: Could not get a resource from the pool
	at org.springframework.data.redis.core.DefaultValueOperationsTests.tearDown(DefaultValueOperationsTests.java:93)
Caused by: redis.clients.jedis.exceptions.JedisConnectionException: java.net.ConnectException: Connection refused (Connection refused)
	at org.springframework.data.redis.core.DefaultValueOperationsTests.tearDown(DefaultValueOperationsTests.java:93)
Caused by: java.net.ConnectException: Connection refused (Connection refused)
	at org.springframework.data.redis.core.DefaultValueOperationsTests.tearDown(DefaultValueOperationsTests.java:93)
</error>
  </testcase>
  <testcase name="setIfPresentReturnsFalseWhenKeyDoesNotExist[1]" classname="org.springframework.data.redis.core.DefaultValueOperationsTests" time="0.005">
    <error message="Cannot get Jedis connection; nested exception is redis.clients.jedis.exceptions.JedisConnectionException: Could not get a resource from the pool" type="org.springframework.data.redis.RedisConnectionFailureException">org.springframework.data.redis.RedisConnectionFailureException: Cannot get Jedis connection; nested exception is redis.clients.jedis.exceptions.JedisConnectionException: Could not get a resource from the pool
	at org.springframework.data.redis.core.DefaultValueOperationsTests.setIfPresentReturnsFalseWhenKeyDoesNotExist(DefaultValueOperationsTests.java:424)
Caused by: redis.clients.jedis.exceptions.JedisConnectionException: Could not get a resource from the pool
	at org.springframework.data.redis.core.DefaultValueOperationsTests.setIfPresentReturnsFalseWhenKeyDoesNotExist(DefaultValueOperationsTests.java:424)
Caused by: redis.clients.jedis.exceptions.JedisConnectionException: java.net.ConnectException: Connection refused (Connection refused)
	at org.springframework.data.redis.core.DefaultValueOperationsTests.setIfPresentReturnsFalseWhenKeyDoesNotExist(DefaultValueOperationsTests.java:424)
Caused by: java.net.ConnectException: Connection refused (Connection refused)
	at org.springframework.data.redis.core.DefaultValueOperationsTests.setIfPresentReturnsFalseWhenKeyDoesNotExist(DefaultValueOperationsTests.java:424)
</error>
  </testcase>
  <testcase name="setIfPresentReturnsFalseWhenKeyDoesNotExist[1]" classname="org.springframework.data.redis.core.DefaultValueOperationsTests" time="0.005">
    <error message="Cannot get Jedis connection; nested exception is redis.clients.jedis.exceptions.JedisConnectionException: Could not get a resource from the pool" type="org.springframework.data.redis.RedisConnectionFailureException">org.springframework.data.redis.RedisConnectionFailureException: Cannot get Jedis connection; nested exception is redis.clients.jedis.exceptions.JedisConnectionException: Could not get a resource from the pool
	at org.springframework.data.redis.core.DefaultValueOperationsTests.tearDown(DefaultValueOperationsTests.java:93)
Caused by: redis.clients.jedis.exceptions.JedisConnectionException: Could not get a resource from the pool
	at org.springframework.data.redis.core.DefaultValueOperationsTests.tearDown(DefaultValueOperationsTests.java:93)
Caused by: redis.clients.jedis.exceptions.JedisConnectionException: java.net.ConnectException: Connection refused (Connection refused)
	at org.springframework.data.redis.core.DefaultValueOperationsTests.tearDown(DefaultValueOperationsTests.java:93)
Caused by: java.net.ConnectException: Connection refused (Connection refused)
	at org.springframework.data.redis.core.DefaultValueOperationsTests.tearDown(DefaultValueOperationsTests.java:93)
</error>
  </testcase>
  <testcase name="testGetRange[1]" classname="org.springframework.data.redis.core.DefaultValueOperationsTests" time="0">
    <error message="got: &lt;false&gt;, expected: is &lt;true&gt;" type="org.junit.AssumptionViolatedException"><![CDATA[org.junit.AssumptionViolatedException: got: <false>, expected: is <true>
	at org.springframework.data.redis.core.DefaultValueOperationsTests.testGetRange(DefaultValueOperationsTests.java:328)
]]></error>
  </testcase>
  <testcase name="testGetRange[1]" classname="org.springframework.data.redis.core.DefaultValueOperationsTests" time="0">
    <error message="Cannot get Jedis connection; nested exception is redis.clients.jedis.exceptions.JedisConnectionException: Could not get a resource from the pool" type="org.springframework.data.redis.RedisConnectionFailureException">org.springframework.data.redis.RedisConnectionFailureException: Cannot get Jedis connection; nested exception is redis.clients.jedis.exceptions.JedisConnectionException: Could not get a resource from the pool
	at org.springframework.data.redis.core.DefaultValueOperationsTests.tearDown(DefaultValueOperationsTests.java:93)
Caused by: redis.clients.jedis.exceptions.JedisConnectionException: Could not get a resource from the pool
	at org.springframework.data.redis.core.DefaultValueOperationsTests.tearDown(DefaultValueOperationsTests.java:93)
Caused by: redis.clients.jedis.exceptions.JedisConnectionException: java.net.ConnectException: Connection refused (Connection refused)
	at org.springframework.data.redis.core.DefaultValueOperationsTests.tearDown(DefaultValueOperationsTests.java:93)
Caused by: java.net.ConnectException: Connection refused (Connection refused)
	at org.springframework.data.redis.core.DefaultValueOperationsTests.tearDown(DefaultValueOperationsTests.java:93)
</error>
  </testcase>
  <testcase name="testSetIfAbsentWithExpirationEX[1]" classname="org.springframework.data.redis.core.DefaultValueOperationsTests" time="0.002">
    <error message="Cannot get Jedis connection; nested exception is redis.clients.jedis.exceptions.JedisConnectionException: Could not get a resource from the pool" type="org.springframework.data.redis.RedisConnectionFailureException">org.springframework.data.redis.RedisConnectionFailureException: Cannot get Jedis connection; nested exception is redis.clients.jedis.exceptions.JedisConnectionException: Could not get a resource from the pool
	at org.springframework.data.redis.core.DefaultValueOperationsTests.testSetIfAbsentWithExpirationEX(DefaultValueOperationsTests.java:384)
Caused by: redis.clients.jedis.exceptions.JedisConnectionException: Could not get a resource from the pool
	at org.springframework.data.redis.core.DefaultValueOperationsTests.testSetIfAbsentWithExpirationEX(DefaultValueOperationsTests.java:384)
Caused by: redis.clients.jedis.exceptions.JedisConnectionException: java.net.ConnectException: Connection refused (Connection refused)
	at org.springframework.data.redis.core.DefaultValueOperationsTests.testSetIfAbsentWithExpirationEX(DefaultValueOperationsTests.java:384)
Caused by: java.net.ConnectException: Connection refused (Connection refused)
	at org.springframework.data.redis.core.DefaultValueOperationsTests.testSetIfAbsentWithExpirationEX(DefaultValueOperationsTests.java:384)
</error>
  </testcase>
  <testcase name="testSetIfAbsentWithExpirationEX[1]" classname="org.springframework.data.redis.core.DefaultValueOperationsTests" time="0.002">
    <error message="Cannot get Jedis connection; nested exception is redis.clients.jedis.exceptions.JedisConnectionException: Could not get a resource from the pool" type="org.springframework.data.redis.RedisConnectionFailureException">org.springframework.data.redis.RedisConnectionFailureException: Cannot get Jedis connection; nested exception is redis.clients.jedis.exceptions.JedisConnectionException: Could not get a resource from the pool
	at org.springframework.data.redis.core.DefaultValueOperationsTests.tearDown(DefaultValueOperationsTests.java:93)
Caused by: redis.clients.jedis.exceptions.JedisConnectionException: Could not get a resource from the pool
	at org.springframework.data.redis.core.DefaultValueOperationsTests.tearDown(DefaultValueOperationsTests.java:93)
Caused by: redis.clients.jedis.exceptions.JedisConnectionException: java.net.ConnectException: Connection refused (Connection refused)
	at org.springframework.data.redis.core.DefaultValueOperationsTests.tearDown(DefaultValueOperationsTests.java:93)
Caused by: java.net.ConnectException: Connection refused (Connection refused)
	at org.springframework.data.redis.core.DefaultValueOperationsTests.tearDown(DefaultValueOperationsTests.java:93)
</error>
  </testcase>
  <testcase name="testSetIfAbsentWithExpirationPX[1]" classname="org.springframework.data.redis.core.DefaultValueOperationsTests" time="0.002">
    <error message="Cannot get Jedis connection; nested exception is redis.clients.jedis.exceptions.JedisConnectionException: Could not get a resource from the pool" type="org.springframework.data.redis.RedisConnectionFailureException">org.springframework.data.redis.RedisConnectionFailureException: Cannot get Jedis connection; nested exception is redis.clients.jedis.exceptions.JedisConnectionException: Could not get a resource from the pool
	at org.springframework.data.redis.core.DefaultValueOperationsTests.testSetIfAbsentWithExpirationPX(DefaultValueOperationsTests.java:400)
Caused by: redis.clients.jedis.exceptions.JedisConnectionException: Could not get a resource from the pool
	at org.springframework.data.redis.core.DefaultValueOperationsTests.testSetIfAbsentWithExpirationPX(DefaultValueOperationsTests.java:400)
Caused by: redis.clients.jedis.exceptions.JedisConnectionException: java.net.ConnectException: Connection refused (Connection refused)
	at org.springframework.data.redis.core.DefaultValueOperationsTests.testSetIfAbsentWithExpirationPX(DefaultValueOperationsTests.java:400)
Caused by: java.net.ConnectException: Connection refused (Connection refused)
	at org.springframework.data.redis.core.DefaultValueOperationsTests.testSetIfAbsentWithExpirationPX(DefaultValueOperationsTests.java:400)
</error>
  </testcase>
  <testcase name="testSetIfAbsentWithExpirationPX[1]" classname="org.springframework.data.redis.core.DefaultValueOperationsTests" time="0.002">
    <error message="Cannot get Jedis connection; nested exception is redis.clients.jedis.exceptions.JedisConnectionException: Could not get a resource from the pool" type="org.springframework.data.redis.RedisConnectionFailureException">org.springframework.data.redis.RedisConnectionFailureException: Cannot get Jedis connection; nested exception is redis.clients.jedis.exceptions.JedisConnectionException: Could not get a resource from the pool
	at org.springframework.data.redis.core.DefaultValueOperationsTests.tearDown(DefaultValueOperationsTests.java:93)
Caused by: redis.clients.jedis.exceptions.JedisConnectionException: Could not get a resource from the pool
	at org.springframework.data.redis.core.DefaultValueOperationsTests.tearDown(DefaultValueOperationsTests.java:93)
Caused by: redis.clients.jedis.exceptions.JedisConnectionException: java.net.ConnectException: Connection refused (Connection refused)
	at org.springframework.data.redis.core.DefaultValueOperationsTests.tearDown(DefaultValueOperationsTests.java:93)
Caused by: java.net.ConnectException: Connection refused (Connection refused)
	at org.springframework.data.redis.core.DefaultValueOperationsTests.tearDown(DefaultValueOperationsTests.java:93)
</error>
  </testcase>
  <testcase name="setIfPresentReturnsTrueWhenKeyExists[1]" classname="org.springframework.data.redis.core.DefaultValueOperationsTests" time="0.001">
    <error message="Cannot get Jedis connection; nested exception is redis.clients.jedis.exceptions.JedisConnectionException: Could not get a resource from the pool" type="org.springframework.data.redis.RedisConnectionFailureException">org.springframework.data.redis.RedisConnectionFailureException: Cannot get Jedis connection; nested exception is redis.clients.jedis.exceptions.JedisConnectionException: Could not get a resource from the pool
	at org.springframework.data.redis.core.DefaultValueOperationsTests.setIfPresentReturnsTrueWhenKeyExists(DefaultValueOperationsTests.java:416)
Caused by: redis.clients.jedis.exceptions.JedisConnectionException: Could not get a resource from the pool
	at org.springframework.data.redis.core.DefaultValueOperationsTests.setIfPresentReturnsTrueWhenKeyExists(DefaultValueOperationsTests.java:416)
Caused by: redis.clients.jedis.exceptions.JedisConnectionException: java.net.ConnectException: Connection refused (Connection refused)
	at org.springframework.data.redis.core.DefaultValueOperationsTests.setIfPresentReturnsTrueWhenKeyExists(DefaultValueOperationsTests.java:416)
Caused by: java.net.ConnectException: Connection refused (Connection refused)
	at org.springframework.data.redis.core.DefaultValueOperationsTests.setIfPresentReturnsTrueWhenKeyExists(DefaultValueOperationsTests.java:416)
</error>
  </testcase>
  <testcase name="setIfPresentReturnsTrueWhenKeyExists[1]" classname="org.springframework.data.redis.core.DefaultValueOperationsTests" time="0.002">
    <error message="Cannot get Jedis connection; nested exception is redis.clients.jedis.exceptions.JedisConnectionException: Could not get a resource from the pool" type="org.springframework.data.redis.RedisConnectionFailureException">org.springframework.data.redis.RedisConnectionFailureException: Cannot get Jedis connection; nested exception is redis.clients.jedis.exceptions.JedisConnectionException: Could not get a resource from the pool
	at org.springframework.data.redis.core.DefaultValueOperationsTests.tearDown(DefaultValueOperationsTests.java:93)
Caused by: redis.clients.jedis.exceptions.JedisConnectionException: Could not get a resource from the pool
	at org.springframework.data.redis.core.DefaultValueOperationsTests.tearDown(DefaultValueOperationsTests.java:93)
Caused by: redis.clients.jedis.exceptions.JedisConnectionException: java.net.ConnectException: Connection refused (Connection refused)
	at org.springframework.data.redis.core.DefaultValueOperationsTests.tearDown(DefaultValueOperationsTests.java:93)
Caused by: java.net.ConnectException: Connection refused (Connection refused)
	at org.springframework.data.redis.core.DefaultValueOperationsTests.tearDown(DefaultValueOperationsTests.java:93)
</error>
  </testcase>
  <testcase name="testSize[1]" classname="org.springframework.data.redis.core.DefaultValueOperationsTests" time="0.002">
    <error message="Cannot get Jedis connection; nested exception is redis.clients.jedis.exceptions.JedisConnectionException: Could not get a resource from the pool" type="org.springframework.data.redis.RedisConnectionFailureException">org.springframework.data.redis.RedisConnectionFailureException: Cannot get Jedis connection; nested exception is redis.clients.jedis.exceptions.JedisConnectionException: Could not get a resource from the pool
	at org.springframework.data.redis.core.DefaultValueOperationsTests.testSize(DefaultValueOperationsTests.java:487)
Caused by: redis.clients.jedis.exceptions.JedisConnectionException: Could not get a resource from the pool
	at org.springframework.data.redis.core.DefaultValueOperationsTests.testSize(DefaultValueOperationsTests.java:487)
Caused by: redis.clients.jedis.exceptions.JedisConnectionException: java.net.ConnectException: Connection refused (Connection refused)
	at org.springframework.data.redis.core.DefaultValueOperationsTests.testSize(DefaultValueOperationsTests.java:487)
Caused by: java.net.ConnectException: Connection refused (Connection refused)
	at org.springframework.data.redis.core.DefaultValueOperationsTests.testSize(DefaultValueOperationsTests.java:487)
</error>
  </testcase>
  <testcase name="testSize[1]" classname="org.springframework.data.redis.core.DefaultValueOperationsTests" time="0.004">
    <error message="Cannot get Jedis connection; nested exception is redis.clients.jedis.exceptions.JedisConnectionException: Could not get a resource from the pool" type="org.springframework.data.redis.RedisConnectionFailureException">org.springframework.data.redis.RedisConnectionFailureException: Cannot get Jedis connection; nested exception is redis.clients.jedis.exceptions.JedisConnectionException: Could not get a resource from the pool
	at org.springframework.data.redis.core.DefaultValueOperationsTests.tearDown(DefaultValueOperationsTests.java:93)
Caused by: redis.clients.jedis.exceptions.JedisConnectionException: Could not get a resource from the pool
	at org.springframework.data.redis.core.DefaultValueOperationsTests.tearDown(DefaultValueOperationsTests.java:93)
Caused by: redis.clients.jedis.exceptions.JedisConnectionException: java.net.ConnectException: Connection refused (Connection refused)
	at org.springframework.data.redis.core.DefaultValueOperationsTests.tearDown(DefaultValueOperationsTests.java:93)
Caused by: java.net.ConnectException: Connection refused (Connection refused)
	at org.springframework.data.redis.core.DefaultValueOperationsTests.tearDown(DefaultValueOperationsTests.java:93)
</error>
  </testcase>
  <testcase name="testSetIfAbsentWithExpiration[1]" classname="org.springframework.data.redis.core.DefaultValueOperationsTests" time="0.002">
    <error message="Cannot get Jedis connection; nested exception is redis.clients.jedis.exceptions.JedisConnectionException: Could not get a resource from the pool" type="org.springframework.data.redis.RedisConnectionFailureException">org.springframework.data.redis.RedisConnectionFailureException: Cannot get Jedis connection; nested exception is redis.clients.jedis.exceptions.JedisConnectionException: Could not get a resource from the pool
	at org.springframework.data.redis.core.DefaultValueOperationsTests.testSetIfAbsentWithExpiration(DefaultValueOperationsTests.java:368)
Caused by: redis.clients.jedis.exceptions.JedisConnectionException: Could not get a resource from the pool
	at org.springframework.data.redis.core.DefaultValueOperationsTests.testSetIfAbsentWithExpiration(DefaultValueOperationsTests.java:368)
Caused by: redis.clients.jedis.exceptions.JedisConnectionException: java.net.ConnectException: Connection refused (Connection refused)
	at org.springframework.data.redis.core.DefaultValueOperationsTests.testSetIfAbsentWithExpiration(DefaultValueOperationsTests.java:368)
Caused by: java.net.ConnectException: Connection refused (Connection refused)
	at org.springframework.data.redis.core.DefaultValueOperationsTests.testSetIfAbsentWithExpiration(DefaultValueOperationsTests.java:368)
</error>
  </testcase>
  <testcase name="testSetIfAbsentWithExpiration[1]" classname="org.springframework.data.redis.core.DefaultValueOperationsTests" time="0.002">
    <error message="Cannot get Jedis connection; nested exception is redis.clients.jedis.exceptions.JedisConnectionException: Could not get a resource from the pool" type="org.springframework.data.redis.RedisConnectionFailureException">org.springframework.data.redis.RedisConnectionFailureException: Cannot get Jedis connection; nested exception is redis.clients.jedis.exceptions.JedisConnectionException: Could not get a resource from the pool
	at org.springframework.data.redis.core.DefaultValueOperationsTests.tearDown(DefaultValueOperationsTests.java:93)
Caused by: redis.clients.jedis.exceptions.JedisConnectionException: Could not get a resource from the pool
	at org.springframework.data.redis.core.DefaultValueOperationsTests.tearDown(DefaultValueOperationsTests.java:93)
Caused by: redis.clients.jedis.exceptions.JedisConnectionException: java.net.ConnectException: Connection refused (Connection refused)
	at org.springframework.data.redis.core.DefaultValueOperationsTests.tearDown(DefaultValueOperationsTests.java:93)
Caused by: java.net.ConnectException: Connection refused (Connection refused)
	at org.springframework.data.redis.core.DefaultValueOperationsTests.tearDown(DefaultValueOperationsTests.java:93)
</error>
  </testcase>
  <testcase name="testMultiSetIfAbsentFailure[1]" classname="org.springframework.data.redis.core.DefaultValueOperationsTests" time="0.002">
    <error message="Cannot get Jedis connection; nested exception is redis.clients.jedis.exceptions.JedisConnectionException: Could not get a resource from the pool" type="org.springframework.data.redis.RedisConnectionFailureException">org.springframework.data.redis.RedisConnectionFailureException: Cannot get Jedis connection; nested exception is redis.clients.jedis.exceptions.JedisConnectionException: Could not get a resource from the pool
	at org.springframework.data.redis.core.DefaultValueOperationsTests.testMultiSetIfAbsentFailure(DefaultValueOperationsTests.java:204)
Caused by: redis.clients.jedis.exceptions.JedisConnectionException: Could not get a resource from the pool
	at org.springframework.data.redis.core.DefaultValueOperationsTests.testMultiSetIfAbsentFailure(DefaultValueOperationsTests.java:204)
Caused by: redis.clients.jedis.exceptions.JedisConnectionException: java.net.ConnectException: Connection refused (Connection refused)
	at org.springframework.data.redis.core.DefaultValueOperationsTests.testMultiSetIfAbsentFailure(DefaultValueOperationsTests.java:204)
Caused by: java.net.ConnectException: Connection refused (Connection refused)
	at org.springframework.data.redis.core.DefaultValueOperationsTests.testMultiSetIfAbsentFailure(DefaultValueOperationsTests.java:204)
</error>
  </testcase>
  <testcase name="testMultiSetIfAbsentFailure[1]" classname="org.springframework.data.redis.core.DefaultValueOperationsTests" time="0.002">
    <error message="Cannot get Jedis connection; nested exception is redis.clients.jedis.exceptions.JedisConnectionException: Could not get a resource from the pool" type="org.springframework.data.redis.RedisConnectionFailureException">org.springframework.data.redis.RedisConnectionFailureException: Cannot get Jedis connection; nested exception is redis.clients.jedis.exceptions.JedisConnectionException: Could not get a resource from the pool
	at org.springframework.data.redis.core.DefaultValueOperationsTests.tearDown(DefaultValueOperationsTests.java:93)
Caused by: redis.clients.jedis.exceptions.JedisConnectionException: Could not get a resource from the pool
	at org.springframework.data.redis.core.DefaultValueOperationsTests.tearDown(DefaultValueOperationsTests.java:93)
Caused by: redis.clients.jedis.exceptions.JedisConnectionException: java.net.ConnectException: Connection refused (Connection refused)
	at org.springframework.data.redis.core.DefaultValueOperationsTests.tearDown(DefaultValueOperationsTests.java:93)
Caused by: java.net.ConnectException: Connection refused (Connection refused)
	at org.springframework.data.redis.core.DefaultValueOperationsTests.tearDown(DefaultValueOperationsTests.java:93)
</error>
  </testcase>
  <testcase name="testIncrement[1]" classname="org.springframework.data.redis.core.DefaultValueOperationsTests" time="0.002">
    <error message="Cannot get Jedis connection; nested exception is redis.clients.jedis.exceptions.JedisConnectionException: Could not get a resource from the pool" type="org.springframework.data.redis.RedisConnectionFailureException">org.springframework.data.redis.RedisConnectionFailureException: Cannot get Jedis connection; nested exception is redis.clients.jedis.exceptions.JedisConnectionException: Could not get a resource from the pool
	at org.springframework.data.redis.core.DefaultValueOperationsTests.testIncrement(DefaultValueOperationsTests.java:107)
Caused by: redis.clients.jedis.exceptions.JedisConnectionException: Could not get a resource from the pool
	at org.springframework.data.redis.core.DefaultValueOperationsTests.testIncrement(DefaultValueOperationsTests.java:107)
Caused by: redis.clients.jedis.exceptions.JedisConnectionException: java.net.ConnectException: Connection refused (Connection refused)
	at org.springframework.data.redis.core.DefaultValueOperationsTests.testIncrement(DefaultValueOperationsTests.java:107)
Caused by: java.net.ConnectException: Connection refused (Connection refused)
	at org.springframework.data.redis.core.DefaultValueOperationsTests.testIncrement(DefaultValueOperationsTests.java:107)
</error>
  </testcase>
  <testcase name="testIncrement[1]" classname="org.springframework.data.redis.core.DefaultValueOperationsTests" time="0.003">
    <error message="Cannot get Jedis connection; nested exception is redis.clients.jedis.exceptions.JedisConnectionException: Could not get a resource from the pool" type="org.springframework.data.redis.RedisConnectionFailureException">org.springframework.data.redis.RedisConnectionFailureException: Cannot get Jedis connection; nested exception is redis.clients.jedis.exceptions.JedisConnectionException: Could not get a resource from the pool
	at org.springframework.data.redis.core.DefaultValueOperationsTests.tearDown(DefaultValueOperationsTests.java:93)
Caused by: redis.clients.jedis.exceptions.JedisConnectionException: Could not get a resource from the pool
	at org.springframework.data.redis.core.DefaultValueOperationsTests.tearDown(DefaultValueOperationsTests.java:93)
Caused by: redis.clients.jedis.exceptions.JedisConnectionException: java.net.ConnectException: Connection refused (Connection refused)
	at org.springframework.data.redis.core.DefaultValueOperationsTests.tearDown(DefaultValueOperationsTests.java:93)
Caused by: java.net.ConnectException: Connection refused (Connection refused)
	at org.springframework.data.redis.core.DefaultValueOperationsTests.tearDown(DefaultValueOperationsTests.java:93)
</error>
  </testcase>
  <testcase name="testIncrementDouble[1]" classname="org.springframework.data.redis.core.DefaultValueOperationsTests" time="0.001">
    <error message="Could not initialize class org.springframework.data.redis.RedisTestProfileValueSource" type="java.lang.NoClassDefFoundError">java.lang.NoClassDefFoundError: Could not initialize class org.springframework.data.redis.RedisTestProfileValueSource
	at org.springframework.data.redis.core.DefaultValueOperationsTests.testIncrementDouble(DefaultValueOperationsTests.java:133)
</error>
  </testcase>
  <testcase name="testIncrementDouble[1]" classname="org.springframework.data.redis.core.DefaultValueOperationsTests" time="0.001">
    <error message="Cannot get Jedis connection; nested exception is redis.clients.jedis.exceptions.JedisConnectionException: Could not get a resource from the pool" type="org.springframework.data.redis.RedisConnectionFailureException">org.springframework.data.redis.RedisConnectionFailureException: Cannot get Jedis connection; nested exception is redis.clients.jedis.exceptions.JedisConnectionException: Could not get a resource from the pool
	at org.springframework.data.redis.core.DefaultValueOperationsTests.tearDown(DefaultValueOperationsTests.java:93)
Caused by: redis.clients.jedis.exceptions.JedisConnectionException: Could not get a resource from the pool
	at org.springframework.data.redis.core.DefaultValueOperationsTests.tearDown(DefaultValueOperationsTests.java:93)
Caused by: redis.clients.jedis.exceptions.JedisConnectionException: java.net.ConnectException: Connection refused (Connection refused)
	at org.springframework.data.redis.core.DefaultValueOperationsTests.tearDown(DefaultValueOperationsTests.java:93)
Caused by: java.net.ConnectException: Connection refused (Connection refused)
	at org.springframework.data.redis.core.DefaultValueOperationsTests.tearDown(DefaultValueOperationsTests.java:93)
</error>
  </testcase>
  <testcase name="testSetWithExpirationWithTimeUnitMilliseconds[1]" classname="org.springframework.data.redis.core.DefaultValueOperationsTests" time="0.001">
    <error message="Could not initialize class org.springframework.data.redis.RedisTestProfileValueSource" type="java.lang.NoClassDefFoundError">java.lang.NoClassDefFoundError: Could not initialize class org.springframework.data.redis.RedisTestProfileValueSource
	at org.springframework.data.redis.core.DefaultValueOperationsTests.testSetWithExpirationWithTimeUnitMilliseconds(DefaultValueOperationsTests.java:298)
</error>
  </testcase>
  <testcase name="testSetWithExpirationWithTimeUnitMilliseconds[1]" classname="org.springframework.data.redis.core.DefaultValueOperationsTests" time="0.002">
    <error message="Cannot get Jedis connection; nested exception is redis.clients.jedis.exceptions.JedisConnectionException: Could not get a resource from the pool" type="org.springframework.data.redis.RedisConnectionFailureException">org.springframework.data.redis.RedisConnectionFailureException: Cannot get Jedis connection; nested exception is redis.clients.jedis.exceptions.JedisConnectionException: Could not get a resource from the pool
	at org.springframework.data.redis.core.DefaultValueOperationsTests.tearDown(DefaultValueOperationsTests.java:93)
Caused by: redis.clients.jedis.exceptions.JedisConnectionException: Could not get a resource from the pool
	at org.springframework.data.redis.core.DefaultValueOperationsTests.tearDown(DefaultValueOperationsTests.java:93)
Caused by: redis.clients.jedis.exceptions.JedisConnectionException: java.net.ConnectException: Connection refused (Connection refused)
	at org.springframework.data.redis.core.DefaultValueOperationsTests.tearDown(DefaultValueOperationsTests.java:93)
Caused by: java.net.ConnectException: Connection refused (Connection refused)
	at org.springframework.data.redis.core.DefaultValueOperationsTests.tearDown(DefaultValueOperationsTests.java:93)
</error>
  </testcase>
  <testcase name="testRawKeys[1]" classname="org.springframework.data.redis.core.DefaultValueOperationsTests" time="0.001">
    <error message="Cannot get Jedis connection; nested exception is redis.clients.jedis.exceptions.JedisConnectionException: Could not get a resource from the pool" type="org.springframework.data.redis.RedisConnectionFailureException">org.springframework.data.redis.RedisConnectionFailureException: Cannot get Jedis connection; nested exception is redis.clients.jedis.exceptions.JedisConnectionException: Could not get a resource from the pool
	at org.springframework.data.redis.core.DefaultValueOperationsTests.tearDown(DefaultValueOperationsTests.java:93)
Caused by: redis.clients.jedis.exceptions.JedisConnectionException: Could not get a resource from the pool
	at org.springframework.data.redis.core.DefaultValueOperationsTests.tearDown(DefaultValueOperationsTests.java:93)
Caused by: redis.clients.jedis.exceptions.JedisConnectionException: java.net.ConnectException: Connection refused (Connection refused)
	at org.springframework.data.redis.core.DefaultValueOperationsTests.tearDown(DefaultValueOperationsTests.java:93)
Caused by: java.net.ConnectException: Connection refused (Connection refused)
	at org.springframework.data.redis.core.DefaultValueOperationsTests.tearDown(DefaultValueOperationsTests.java:93)
</error>
  </testcase>
  <testcase name="testDecrementByLong[1]" classname="org.springframework.data.redis.core.DefaultValueOperationsTests" time="0.002">
    <error message="Cannot get Jedis connection; nested exception is redis.clients.jedis.exceptions.JedisConnectionException: Could not get a resource from the pool" type="org.springframework.data.redis.RedisConnectionFailureException">org.springframework.data.redis.RedisConnectionFailureException: Cannot get Jedis connection; nested exception is redis.clients.jedis.exceptions.JedisConnectionException: Could not get a resource from the pool
	at org.springframework.data.redis.core.DefaultValueOperationsTests.testDecrementByLong(DefaultValueOperationsTests.java:173)
Caused by: redis.clients.jedis.exceptions.JedisConnectionException: Could not get a resource from the pool
	at org.springframework.data.redis.core.DefaultValueOperationsTests.testDecrementByLong(DefaultValueOperationsTests.java:173)
Caused by: redis.clients.jedis.exceptions.JedisConnectionException: java.net.ConnectException: Connection refused (Connection refused)
	at org.springframework.data.redis.core.DefaultValueOperationsTests.testDecrementByLong(DefaultValueOperationsTests.java:173)
Caused by: java.net.ConnectException: Connection refused (Connection refused)
	at org.springframework.data.redis.core.DefaultValueOperationsTests.testDecrementByLong(DefaultValueOperationsTests.java:173)
</error>
  </testcase>
  <testcase name="testDecrementByLong[1]" classname="org.springframework.data.redis.core.DefaultValueOperationsTests" time="0.003">
    <error message="Cannot get Jedis connection; nested exception is redis.clients.jedis.exceptions.JedisConnectionException: Could not get a resource from the pool" type="org.springframework.data.redis.RedisConnectionFailureException">org.springframework.data.redis.RedisConnectionFailureException: Cannot get Jedis connection; nested exception is redis.clients.jedis.exceptions.JedisConnectionException: Could not get a resource from the pool
	at org.springframework.data.redis.core.DefaultValueOperationsTests.tearDown(DefaultValueOperationsTests.java:93)
Caused by: redis.clients.jedis.exceptions.JedisConnectionException: Could not get a resource from the pool
	at org.springframework.data.redis.core.DefaultValueOperationsTests.tearDown(DefaultValueOperationsTests.java:93)
Caused by: redis.clients.jedis.exceptions.JedisConnectionException: java.net.ConnectException: Connection refused (Connection refused)
	at org.springframework.data.redis.core.DefaultValueOperationsTests.tearDown(DefaultValueOperationsTests.java:93)
Caused by: java.net.ConnectException: Connection refused (Connection refused)
	at org.springframework.data.redis.core.DefaultValueOperationsTests.tearDown(DefaultValueOperationsTests.java:93)
</error>
  </testcase>
  <testcase name="testGetAndSet[1]" classname="org.springframework.data.redis.core.DefaultValueOperationsTests" time="0.002">
    <error message="Cannot get Jedis connection; nested exception is redis.clients.jedis.exceptions.JedisConnectionException: Could not get a resource from the pool" type="org.springframework.data.redis.RedisConnectionFailureException">org.springframework.data.redis.RedisConnectionFailureException: Cannot get Jedis connection; nested exception is redis.clients.jedis.exceptions.JedisConnectionException: Could not get a resource from the pool
	at org.springframework.data.redis.core.DefaultValueOperationsTests.testGetAndSet(DefaultValueOperationsTests.java:248)
Caused by: redis.clients.jedis.exceptions.JedisConnectionException: Could not get a resource from the pool
	at org.springframework.data.redis.core.DefaultValueOperationsTests.testGetAndSet(DefaultValueOperationsTests.java:248)
Caused by: redis.clients.jedis.exceptions.JedisConnectionException: java.net.ConnectException: Connection refused (Connection refused)
	at org.springframework.data.redis.core.DefaultValueOperationsTests.testGetAndSet(DefaultValueOperationsTests.java:248)
Caused by: java.net.ConnectException: Connection refused (Connection refused)
	at org.springframework.data.redis.core.DefaultValueOperationsTests.testGetAndSet(DefaultValueOperationsTests.java:248)
</error>
  </testcase>
  <testcase name="testGetAndSet[1]" classname="org.springframework.data.redis.core.DefaultValueOperationsTests" time="0.002">
    <error message="Cannot get Jedis connection; nested exception is redis.clients.jedis.exceptions.JedisConnectionException: Could not get a resource from the pool" type="org.springframework.data.redis.RedisConnectionFailureException">org.springframework.data.redis.RedisConnectionFailureException: Cannot get Jedis connection; nested exception is redis.clients.jedis.exceptions.JedisConnectionException: Could not get a resource from the pool
	at org.springframework.data.redis.core.DefaultValueOperationsTests.tearDown(DefaultValueOperationsTests.java:93)
Caused by: redis.clients.jedis.exceptions.JedisConnectionException: Could not get a resource from the pool
	at org.springframework.data.redis.core.DefaultValueOperationsTests.tearDown(DefaultValueOperationsTests.java:93)
Caused by: redis.clients.jedis.exceptions.JedisConnectionException: java.net.ConnectException: Connection refused (Connection refused)
	at org.springframework.data.redis.core.DefaultValueOperationsTests.tearDown(DefaultValueOperationsTests.java:93)
Caused by: java.net.ConnectException: Connection refused (Connection refused)
	at org.springframework.data.redis.core.DefaultValueOperationsTests.tearDown(DefaultValueOperationsTests.java:93)
</error>
  </testcase>
  <testcase name="testDeserializeKey[1]" classname="org.springframework.data.redis.core.DefaultValueOperationsTests" time="0.001">
    <error message="got: &lt;false&gt;, expected: is &lt;true&gt;" type="org.junit.AssumptionViolatedException"><![CDATA[org.junit.AssumptionViolatedException: got: <false>, expected: is <true>
	at org.springframework.data.redis.core.DefaultValueOperationsTests.testDeserializeKey(DefaultValueOperationsTests.java:522)
]]></error>
  </testcase>
  <testcase name="testDeserializeKey[1]" classname="org.springframework.data.redis.core.DefaultValueOperationsTests" time="0.001">
    <error message="Cannot get Jedis connection; nested exception is redis.clients.jedis.exceptions.JedisConnectionException: Could not get a resource from the pool" type="org.springframework.data.redis.RedisConnectionFailureException">org.springframework.data.redis.RedisConnectionFailureException: Cannot get Jedis connection; nested exception is redis.clients.jedis.exceptions.JedisConnectionException: Could not get a resource from the pool
	at org.springframework.data.redis.core.DefaultValueOperationsTests.tearDown(DefaultValueOperationsTests.java:93)
Caused by: redis.clients.jedis.exceptions.JedisConnectionException: Could not get a resource from the pool
	at org.springframework.data.redis.core.DefaultValueOperationsTests.tearDown(DefaultValueOperationsTests.java:93)
Caused by: redis.clients.jedis.exceptions.JedisConnectionException: java.net.ConnectException: Connection refused (Connection refused)
	at org.springframework.data.redis.core.DefaultValueOperationsTests.tearDown(DefaultValueOperationsTests.java:93)
Caused by: java.net.ConnectException: Connection refused (Connection refused)
	at org.springframework.data.redis.core.DefaultValueOperationsTests.tearDown(DefaultValueOperationsTests.java:93)
</error>
  </testcase>
  <testcase name="setIfPresentShouldSetExpirationCorrectly[1]" classname="org.springframework.data.redis.core.DefaultValueOperationsTests" time="0.002">
    <error message="Cannot get Jedis connection; nested exception is redis.clients.jedis.exceptions.JedisConnectionException: Could not get a resource from the pool" type="org.springframework.data.redis.RedisConnectionFailureException">org.springframework.data.redis.RedisConnectionFailureException: Cannot get Jedis connection; nested exception is redis.clients.jedis.exceptions.JedisConnectionException: Could not get a resource from the pool
	at org.springframework.data.redis.core.DefaultValueOperationsTests.setIfPresentShouldSetExpirationCorrectly(DefaultValueOperationsTests.java:434)
Caused by: redis.clients.jedis.exceptions.JedisConnectionException: Could not get a resource from the pool
	at org.springframework.data.redis.core.DefaultValueOperationsTests.setIfPresentShouldSetExpirationCorrectly(DefaultValueOperationsTests.java:434)
Caused by: redis.clients.jedis.exceptions.JedisConnectionException: java.net.ConnectException: Connection refused (Connection refused)
	at org.springframework.data.redis.core.DefaultValueOperationsTests.setIfPresentShouldSetExpirationCorrectly(DefaultValueOperationsTests.java:434)
Caused by: java.net.ConnectException: Connection refused (Connection refused)
	at org.springframework.data.redis.core.DefaultValueOperationsTests.setIfPresentShouldSetExpirationCorrectly(DefaultValueOperationsTests.java:434)
</error>
  </testcase>
  <testcase name="setIfPresentShouldSetExpirationCorrectly[1]" classname="org.springframework.data.redis.core.DefaultValueOperationsTests" time="0.002">
    <error message="Cannot get Jedis connection; nested exception is redis.clients.jedis.exceptions.JedisConnectionException: Could not get a resource from the pool" type="org.springframework.data.redis.RedisConnectionFailureException">org.springframework.data.redis.RedisConnectionFailureException: Cannot get Jedis connection; nested exception is redis.clients.jedis.exceptions.JedisConnectionException: Could not get a resource from the pool
	at org.springframework.data.redis.core.DefaultValueOperationsTests.tearDown(DefaultValueOperationsTests.java:93)
Caused by: redis.clients.jedis.exceptions.JedisConnectionException: Could not get a resource from the pool
	at org.springframework.data.redis.core.DefaultValueOperationsTests.tearDown(DefaultValueOperationsTests.java:93)
Caused by: redis.clients.jedis.exceptions.JedisConnectionException: java.net.ConnectException: Connection refused (Connection refused)
	at org.springframework.data.redis.core.DefaultValueOperationsTests.tearDown(DefaultValueOperationsTests.java:93)
Caused by: java.net.ConnectException: Connection refused (Connection refused)
	at org.springframework.data.redis.core.DefaultValueOperationsTests.tearDown(DefaultValueOperationsTests.java:93)
</error>
  </testcase>
  <testcase name="testSetWithExpiration[1]" classname="org.springframework.data.redis.core.DefaultValueOperationsTests" time="0.002">
    <error message="Cannot get Jedis connection; nested exception is redis.clients.jedis.exceptions.JedisConnectionException: Could not get a resource from the pool" type="org.springframework.data.redis.RedisConnectionFailureException">org.springframework.data.redis.RedisConnectionFailureException: Cannot get Jedis connection; nested exception is redis.clients.jedis.exceptions.JedisConnectionException: Could not get a resource from the pool
	at org.springframework.data.redis.core.DefaultValueOperationsTests.testSetWithExpiration(DefaultValueOperationsTests.java:259)
Caused by: redis.clients.jedis.exceptions.JedisConnectionException: Could not get a resource from the pool
	at org.springframework.data.redis.core.DefaultValueOperationsTests.testSetWithExpiration(DefaultValueOperationsTests.java:259)
Caused by: redis.clients.jedis.exceptions.JedisConnectionException: java.net.ConnectException: Connection refused (Connection refused)
	at org.springframework.data.redis.core.DefaultValueOperationsTests.testSetWithExpiration(DefaultValueOperationsTests.java:259)
Caused by: java.net.ConnectException: Connection refused (Connection refused)
	at org.springframework.data.redis.core.DefaultValueOperationsTests.testSetWithExpiration(DefaultValueOperationsTests.java:259)
</error>
  </testcase>
  <testcase name="testSetWithExpiration[1]" classname="org.springframework.data.redis.core.DefaultValueOperationsTests" time="0.003">
    <error message="Cannot get Jedis connection; nested exception is redis.clients.jedis.exceptions.JedisConnectionException: Could not get a resource from the pool" type="org.springframework.data.redis.RedisConnectionFailureException">org.springframework.data.redis.RedisConnectionFailureException: Cannot get Jedis connection; nested exception is redis.clients.jedis.exceptions.JedisConnectionException: Could not get a resource from the pool
	at org.springframework.data.redis.core.DefaultValueOperationsTests.tearDown(DefaultValueOperationsTests.java:93)
Caused by: redis.clients.jedis.exceptions.JedisConnectionException: Could not get a resource from the pool
	at org.springframework.data.redis.core.DefaultValueOperationsTests.tearDown(DefaultValueOperationsTests.java:93)
Caused by: redis.clients.jedis.exceptions.JedisConnectionException: java.net.ConnectException: Connection refused (Connection refused)
	at org.springframework.data.redis.core.DefaultValueOperationsTests.tearDown(DefaultValueOperationsTests.java:93)
Caused by: java.net.ConnectException: Connection refused (Connection refused)
	at org.springframework.data.redis.core.DefaultValueOperationsTests.tearDown(DefaultValueOperationsTests.java:93)
</error>
  </testcase>
  <testcase name="testAppend[1]" classname="org.springframework.data.redis.core.DefaultValueOperationsTests" time="0.001">
    <error message="got: &lt;false&gt;, expected: is &lt;true&gt;" type="org.junit.AssumptionViolatedException"><![CDATA[org.junit.AssumptionViolatedException: got: <false>, expected: is <true>
	at org.springframework.data.redis.core.DefaultValueOperationsTests.testAppend(DefaultValueOperationsTests.java:314)
]]></error>
  </testcase>
  <testcase name="testAppend[1]" classname="org.springframework.data.redis.core.DefaultValueOperationsTests" time="0.002">
    <error message="Cannot get Jedis connection; nested exception is redis.clients.jedis.exceptions.JedisConnectionException: Could not get a resource from the pool" type="org.springframework.data.redis.RedisConnectionFailureException">org.springframework.data.redis.RedisConnectionFailureException: Cannot get Jedis connection; nested exception is redis.clients.jedis.exceptions.JedisConnectionException: Could not get a resource from the pool
	at org.springframework.data.redis.core.DefaultValueOperationsTests.tearDown(DefaultValueOperationsTests.java:93)
Caused by: redis.clients.jedis.exceptions.JedisConnectionException: Could not get a resource from the pool
	at org.springframework.data.redis.core.DefaultValueOperationsTests.tearDown(DefaultValueOperationsTests.java:93)
Caused by: redis.clients.jedis.exceptions.JedisConnectionException: java.net.ConnectException: Connection refused (Connection refused)
	at org.springframework.data.redis.core.DefaultValueOperationsTests.tearDown(DefaultValueOperationsTests.java:93)
Caused by: java.net.ConnectException: Connection refused (Connection refused)
	at org.springframework.data.redis.core.DefaultValueOperationsTests.tearDown(DefaultValueOperationsTests.java:93)
</error>
  </testcase>
  <testcase name="testSetIfPresentWithExpirationEX[1]" classname="org.springframework.data.redis.core.DefaultValueOperationsTests" time="0.002">
    <error message="Cannot get Jedis connection; nested exception is redis.clients.jedis.exceptions.JedisConnectionException: Could not get a resource from the pool" type="org.springframework.data.redis.RedisConnectionFailureException">org.springframework.data.redis.RedisConnectionFailureException: Cannot get Jedis connection; nested exception is redis.clients.jedis.exceptions.JedisConnectionException: Could not get a resource from the pool
	at org.springframework.data.redis.core.DefaultValueOperationsTests.testSetIfPresentWithExpirationEX(DefaultValueOperationsTests.java:452)
Caused by: redis.clients.jedis.exceptions.JedisConnectionException: Could not get a resource from the pool
	at org.springframework.data.redis.core.DefaultValueOperationsTests.testSetIfPresentWithExpirationEX(DefaultValueOperationsTests.java:452)
Caused by: redis.clients.jedis.exceptions.JedisConnectionException: java.net.ConnectException: Connection refused (Connection refused)
	at org.springframework.data.redis.core.DefaultValueOperationsTests.testSetIfPresentWithExpirationEX(DefaultValueOperationsTests.java:452)
Caused by: java.net.ConnectException: Connection refused (Connection refused)
	at org.springframework.data.redis.core.DefaultValueOperationsTests.testSetIfPresentWithExpirationEX(DefaultValueOperationsTests.java:452)
</error>
  </testcase>
  <testcase name="testSetIfPresentWithExpirationEX[1]" classname="org.springframework.data.redis.core.DefaultValueOperationsTests" time="0.002">
    <error message="Cannot get Jedis connection; nested exception is redis.clients.jedis.exceptions.JedisConnectionException: Could not get a resource from the pool" type="org.springframework.data.redis.RedisConnectionFailureException">org.springframework.data.redis.RedisConnectionFailureException: Cannot get Jedis connection; nested exception is redis.clients.jedis.exceptions.JedisConnectionException: Could not get a resource from the pool
	at org.springframework.data.redis.core.DefaultValueOperationsTests.tearDown(DefaultValueOperationsTests.java:93)
Caused by: redis.clients.jedis.exceptions.JedisConnectionException: Could not get a resource from the pool
	at org.springframework.data.redis.core.DefaultValueOperationsTests.tearDown(DefaultValueOperationsTests.java:93)
Caused by: redis.clients.jedis.exceptions.JedisConnectionException: java.net.ConnectException: Connection refused (Connection refused)
	at org.springframework.data.redis.core.DefaultValueOperationsTests.tearDown(DefaultValueOperationsTests.java:93)
Caused by: java.net.ConnectException: Connection refused (Connection refused)
	at org.springframework.data.redis.core.DefaultValueOperationsTests.tearDown(DefaultValueOperationsTests.java:93)
</error>
  </testcase>
  <testcase name="testSetIfPresentWithExpirationPX[1]" classname="org.springframework.data.redis.core.DefaultValueOperationsTests" time="0.002">
    <error message="Cannot get Jedis connection; nested exception is redis.clients.jedis.exceptions.JedisConnectionException: Could not get a resource from the pool" type="org.springframework.data.redis.RedisConnectionFailureException">org.springframework.data.redis.RedisConnectionFailureException: Cannot get Jedis connection; nested exception is redis.clients.jedis.exceptions.JedisConnectionException: Could not get a resource from the pool
	at org.springframework.data.redis.core.DefaultValueOperationsTests.testSetIfPresentWithExpirationPX(DefaultValueOperationsTests.java:470)
Caused by: redis.clients.jedis.exceptions.JedisConnectionException: Could not get a resource from the pool
	at org.springframework.data.redis.core.DefaultValueOperationsTests.testSetIfPresentWithExpirationPX(DefaultValueOperationsTests.java:470)
Caused by: redis.clients.jedis.exceptions.JedisConnectionException: java.net.ConnectException: Connection refused (Connection refused)
	at org.springframework.data.redis.core.DefaultValueOperationsTests.testSetIfPresentWithExpirationPX(DefaultValueOperationsTests.java:470)
Caused by: java.net.ConnectException: Connection refused (Connection refused)
	at org.springframework.data.redis.core.DefaultValueOperationsTests.testSetIfPresentWithExpirationPX(DefaultValueOperationsTests.java:470)
</error>
  </testcase>
  <testcase name="testSetIfPresentWithExpirationPX[1]" classname="org.springframework.data.redis.core.DefaultValueOperationsTests" time="0.002">
    <error message="Cannot get Jedis connection; nested exception is redis.clients.jedis.exceptions.JedisConnectionException: Could not get a resource from the pool" type="org.springframework.data.redis.RedisConnectionFailureException">org.springframework.data.redis.RedisConnectionFailureException: Cannot get Jedis connection; nested exception is redis.clients.jedis.exceptions.JedisConnectionException: Could not get a resource from the pool
	at org.springframework.data.redis.core.DefaultValueOperationsTests.tearDown(DefaultValueOperationsTests.java:93)
Caused by: redis.clients.jedis.exceptions.JedisConnectionException: Could not get a resource from the pool
	at org.springframework.data.redis.core.DefaultValueOperationsTests.tearDown(DefaultValueOperationsTests.java:93)
Caused by: redis.clients.jedis.exceptions.JedisConnectionException: java.net.ConnectException: Connection refused (Connection refused)
	at org.springframework.data.redis.core.DefaultValueOperationsTests.tearDown(DefaultValueOperationsTests.java:93)
Caused by: java.net.ConnectException: Connection refused (Connection refused)
	at org.springframework.data.redis.core.DefaultValueOperationsTests.tearDown(DefaultValueOperationsTests.java:93)
</error>
  </testcase>
  <testcase name="testIncrementLong[1]" classname="org.springframework.data.redis.core.DefaultValueOperationsTests" time="0.002">
    <error message="Cannot get Jedis connection; nested exception is redis.clients.jedis.exceptions.JedisConnectionException: Could not get a resource from the pool" type="org.springframework.data.redis.RedisConnectionFailureException">org.springframework.data.redis.RedisConnectionFailureException: Cannot get Jedis connection; nested exception is redis.clients.jedis.exceptions.JedisConnectionException: Could not get a resource from the pool
	at org.springframework.data.redis.core.DefaultValueOperationsTests.testIncrementLong(DefaultValueOperationsTests.java:121)
Caused by: redis.clients.jedis.exceptions.JedisConnectionException: Could not get a resource from the pool
	at org.springframework.data.redis.core.DefaultValueOperationsTests.testIncrementLong(DefaultValueOperationsTests.java:121)
Caused by: redis.clients.jedis.exceptions.JedisConnectionException: java.net.ConnectException: Connection refused (Connection refused)
	at org.springframework.data.redis.core.DefaultValueOperationsTests.testIncrementLong(DefaultValueOperationsTests.java:121)
Caused by: java.net.ConnectException: Connection refused (Connection refused)
	at org.springframework.data.redis.core.DefaultValueOperationsTests.testIncrementLong(DefaultValueOperationsTests.java:121)
</error>
  </testcase>
  <testcase name="testIncrementLong[1]" classname="org.springframework.data.redis.core.DefaultValueOperationsTests" time="0.003">
    <error message="Cannot get Jedis connection; nested exception is redis.clients.jedis.exceptions.JedisConnectionException: Could not get a resource from the pool" type="org.springframework.data.redis.RedisConnectionFailureException">org.springframework.data.redis.RedisConnectionFailureException: Cannot get Jedis connection; nested exception is redis.clients.jedis.exceptions.JedisConnectionException: Could not get a resource from the pool
	at org.springframework.data.redis.core.DefaultValueOperationsTests.tearDown(DefaultValueOperationsTests.java:93)
Caused by: redis.clients.jedis.exceptions.JedisConnectionException: Could not get a resource from the pool
	at org.springframework.data.redis.core.DefaultValueOperationsTests.tearDown(DefaultValueOperationsTests.java:93)
Caused by: redis.clients.jedis.exceptions.JedisConnectionException: java.net.ConnectException: Connection refused (Connection refused)
	at org.springframework.data.redis.core.DefaultValueOperationsTests.tearDown(DefaultValueOperationsTests.java:93)
Caused by: java.net.ConnectException: Connection refused (Connection refused)
	at org.springframework.data.redis.core.DefaultValueOperationsTests.tearDown(DefaultValueOperationsTests.java:93)
</error>
  </testcase>
  <testcase name="testDecrement[1]" classname="org.springframework.data.redis.core.DefaultValueOperationsTests" time="0.002">
    <error message="Cannot get Jedis connection; nested exception is redis.clients.jedis.exceptions.JedisConnectionException: Could not get a resource from the pool" type="org.springframework.data.redis.RedisConnectionFailureException">org.springframework.data.redis.RedisConnectionFailureException: Cannot get Jedis connection; nested exception is redis.clients.jedis.exceptions.JedisConnectionException: Could not get a resource from the pool
	at org.springframework.data.redis.core.DefaultValueOperationsTests.testDecrement(DefaultValueOperationsTests.java:159)
Caused by: redis.clients.jedis.exceptions.JedisConnectionException: Could not get a resource from the pool
	at org.springframework.data.redis.core.DefaultValueOperationsTests.testDecrement(DefaultValueOperationsTests.java:159)
Caused by: redis.clients.jedis.exceptions.JedisConnectionException: java.net.ConnectException: Connection refused (Connection refused)
	at org.springframework.data.redis.core.DefaultValueOperationsTests.testDecrement(DefaultValueOperationsTests.java:159)
Caused by: java.net.ConnectException: Connection refused (Connection refused)
	at org.springframework.data.redis.core.DefaultValueOperationsTests.testDecrement(DefaultValueOperationsTests.java:159)
</error>
  </testcase>
  <testcase name="testDecrement[1]" classname="org.springframework.data.redis.core.DefaultValueOperationsTests" time="0.002">
    <error message="Cannot get Jedis connection; nested exception is redis.clients.jedis.exceptions.JedisConnectionException: Could not get a resource from the pool" type="org.springframework.data.redis.RedisConnectionFailureException">org.springframework.data.redis.RedisConnectionFailureException: Cannot get Jedis connection; nested exception is redis.clients.jedis.exceptions.JedisConnectionException: Could not get a resource from the pool
	at org.springframework.data.redis.core.DefaultValueOperationsTests.tearDown(DefaultValueOperationsTests.java:93)
Caused by: redis.clients.jedis.exceptions.JedisConnectionException: Could not get a resource from the pool
	at org.springframework.data.redis.core.DefaultValueOperationsTests.tearDown(DefaultValueOperationsTests.java:93)
Caused by: redis.clients.jedis.exceptions.JedisConnectionException: java.net.ConnectException: Connection refused (Connection refused)
	at org.springframework.data.redis.core.DefaultValueOperationsTests.tearDown(DefaultValueOperationsTests.java:93)
Caused by: java.net.ConnectException: Connection refused (Connection refused)
	at org.springframework.data.redis.core.DefaultValueOperationsTests.tearDown(DefaultValueOperationsTests.java:93)
</error>
  </testcase>
  <testcase name="testMultiSet[1]" classname="org.springframework.data.redis.core.DefaultValueOperationsTests" time="0.001">
    <error message="Cannot get Jedis connection; nested exception is redis.clients.jedis.exceptions.JedisConnectionException: Could not get a resource from the pool" type="org.springframework.data.redis.RedisConnectionFailureException">org.springframework.data.redis.RedisConnectionFailureException: Cannot get Jedis connection; nested exception is redis.clients.jedis.exceptions.JedisConnectionException: Could not get a resource from the pool
	at org.springframework.data.redis.core.DefaultValueOperationsTests.testMultiSet(DefaultValueOperationsTests.java:225)
Caused by: redis.clients.jedis.exceptions.JedisConnectionException: Could not get a resource from the pool
	at org.springframework.data.redis.core.DefaultValueOperationsTests.testMultiSet(DefaultValueOperationsTests.java:225)
Caused by: redis.clients.jedis.exceptions.JedisConnectionException: java.net.ConnectException: Connection refused (Connection refused)
	at org.springframework.data.redis.core.DefaultValueOperationsTests.testMultiSet(DefaultValueOperationsTests.java:225)
Caused by: java.net.ConnectException: Connection refused (Connection refused)
	at org.springframework.data.redis.core.DefaultValueOperationsTests.testMultiSet(DefaultValueOperationsTests.java:225)
</error>
  </testcase>
  <testcase name="testMultiSet[1]" classname="org.springframework.data.redis.core.DefaultValueOperationsTests" time="0.002">
    <error message="Cannot get Jedis connection; nested exception is redis.clients.jedis.exceptions.JedisConnectionException: Could not get a resource from the pool" type="org.springframework.data.redis.RedisConnectionFailureException">org.springframework.data.redis.RedisConnectionFailureException: Cannot get Jedis connection; nested exception is redis.clients.jedis.exceptions.JedisConnectionException: Could not get a resource from the pool
	at org.springframework.data.redis.core.DefaultValueOperationsTests.tearDown(DefaultValueOperationsTests.java:93)
Caused by: redis.clients.jedis.exceptions.JedisConnectionException: Could not get a resource from the pool
	at org.springframework.data.redis.core.DefaultValueOperationsTests.tearDown(DefaultValueOperationsTests.java:93)
Caused by: redis.clients.jedis.exceptions.JedisConnectionException: java.net.ConnectException: Connection refused (Connection refused)
	at org.springframework.data.redis.core.DefaultValueOperationsTests.tearDown(DefaultValueOperationsTests.java:93)
Caused by: java.net.ConnectException: Connection refused (Connection refused)
	at org.springframework.data.redis.core.DefaultValueOperationsTests.tearDown(DefaultValueOperationsTests.java:93)
</error>
  </testcase>
  <testcase name="testGetSet[1]" classname="org.springframework.data.redis.core.DefaultValueOperationsTests" time="0.002">
    <error message="Cannot get Jedis connection; nested exception is redis.clients.jedis.exceptions.JedisConnectionException: Could not get a resource from the pool" type="org.springframework.data.redis.RedisConnectionFailureException">org.springframework.data.redis.RedisConnectionFailureException: Cannot get Jedis connection; nested exception is redis.clients.jedis.exceptions.JedisConnectionException: Could not get a resource from the pool
	at org.springframework.data.redis.core.DefaultValueOperationsTests.testGetSet(DefaultValueOperationsTests.java:236)
Caused by: redis.clients.jedis.exceptions.JedisConnectionException: Could not get a resource from the pool
	at org.springframework.data.redis.core.DefaultValueOperationsTests.testGetSet(DefaultValueOperationsTests.java:236)
Caused by: redis.clients.jedis.exceptions.JedisConnectionException: java.net.ConnectException: Connection refused (Connection refused)
	at org.springframework.data.redis.core.DefaultValueOperationsTests.testGetSet(DefaultValueOperationsTests.java:236)
Caused by: java.net.ConnectException: Connection refused (Connection refused)
	at org.springframework.data.redis.core.DefaultValueOperationsTests.testGetSet(DefaultValueOperationsTests.java:236)
</error>
  </testcase>
  <testcase name="testGetSet[1]" classname="org.springframework.data.redis.core.DefaultValueOperationsTests" time="0.002">
    <error message="Cannot get Jedis connection; nested exception is redis.clients.jedis.exceptions.JedisConnectionException: Could not get a resource from the pool" type="org.springframework.data.redis.RedisConnectionFailureException">org.springframework.data.redis.RedisConnectionFailureException: Cannot get Jedis connection; nested exception is redis.clients.jedis.exceptions.JedisConnectionException: Could not get a resource from the pool
	at org.springframework.data.redis.core.DefaultValueOperationsTests.tearDown(DefaultValueOperationsTests.java:93)
Caused by: redis.clients.jedis.exceptions.JedisConnectionException: Could not get a resource from the pool
	at org.springframework.data.redis.core.DefaultValueOperationsTests.tearDown(DefaultValueOperationsTests.java:93)
Caused by: redis.clients.jedis.exceptions.JedisConnectionException: java.net.ConnectException: Connection refused (Connection refused)
	at org.springframework.data.redis.core.DefaultValueOperationsTests.tearDown(DefaultValueOperationsTests.java:93)
Caused by: java.net.ConnectException: Connection refused (Connection refused)
	at org.springframework.data.redis.core.DefaultValueOperationsTests.tearDown(DefaultValueOperationsTests.java:93)
</error>
  </testcase>
  <testcase name="testMultiSetIfAbsent[1]" classname="org.springframework.data.redis.core.DefaultValueOperationsTests" time="0.001">
    <error message="Cannot get Jedis connection; nested exception is redis.clients.jedis.exceptions.JedisConnectionException: Could not get a resource from the pool" type="org.springframework.data.redis.RedisConnectionFailureException">org.springframework.data.redis.RedisConnectionFailureException: Cannot get Jedis connection; nested exception is redis.clients.jedis.exceptions.JedisConnectionException: Could not get a resource from the pool
	at org.springframework.data.redis.core.DefaultValueOperationsTests.testMultiSetIfAbsent(DefaultValueOperationsTests.java:191)
Caused by: redis.clients.jedis.exceptions.JedisConnectionException: Could not get a resource from the pool
	at org.springframework.data.redis.core.DefaultValueOperationsTests.testMultiSetIfAbsent(DefaultValueOperationsTests.java:191)
Caused by: redis.clients.jedis.exceptions.JedisConnectionException: java.net.ConnectException: Connection refused (Connection refused)
	at org.springframework.data.redis.core.DefaultValueOperationsTests.testMultiSetIfAbsent(DefaultValueOperationsTests.java:191)
Caused by: java.net.ConnectException: Connection refused (Connection refused)
	at org.springframework.data.redis.core.DefaultValueOperationsTests.testMultiSetIfAbsent(DefaultValueOperationsTests.java:191)
</error>
  </testcase>
  <testcase name="testMultiSetIfAbsent[1]" classname="org.springframework.data.redis.core.DefaultValueOperationsTests" time="0.002">
    <error message="Cannot get Jedis connection; nested exception is redis.clients.jedis.exceptions.JedisConnectionException: Could not get a resource from the pool" type="org.springframework.data.redis.RedisConnectionFailureException">org.springframework.data.redis.RedisConnectionFailureException: Cannot get Jedis connection; nested exception is redis.clients.jedis.exceptions.JedisConnectionException: Could not get a resource from the pool
	at org.springframework.data.redis.core.DefaultValueOperationsTests.tearDown(DefaultValueOperationsTests.java:93)
Caused by: redis.clients.jedis.exceptions.JedisConnectionException: Could not get a resource from the pool
	at org.springframework.data.redis.core.DefaultValueOperationsTests.tearDown(DefaultValueOperationsTests.java:93)
Caused by: redis.clients.jedis.exceptions.JedisConnectionException: java.net.ConnectException: Connection refused (Connection refused)
	at org.springframework.data.redis.core.DefaultValueOperationsTests.tearDown(DefaultValueOperationsTests.java:93)
Caused by: java.net.ConnectException: Connection refused (Connection refused)
	at org.springframework.data.redis.core.DefaultValueOperationsTests.tearDown(DefaultValueOperationsTests.java:93)
</error>
  </testcase>
  <testcase name="testSetIfAbsent[1]" classname="org.springframework.data.redis.core.DefaultValueOperationsTests" time="0.002">
    <error message="Cannot get Jedis connection; nested exception is redis.clients.jedis.exceptions.JedisConnectionException: Could not get a resource from the pool" type="org.springframework.data.redis.RedisConnectionFailureException">org.springframework.data.redis.RedisConnectionFailureException: Cannot get Jedis connection; nested exception is redis.clients.jedis.exceptions.JedisConnectionException: Could not get a resource from the pool
	at org.springframework.data.redis.core.DefaultValueOperationsTests.testSetIfAbsent(DefaultValueOperationsTests.java:357)
Caused by: redis.clients.jedis.exceptions.JedisConnectionException: Could not get a resource from the pool
	at org.springframework.data.redis.core.DefaultValueOperationsTests.testSetIfAbsent(DefaultValueOperationsTests.java:357)
Caused by: redis.clients.jedis.exceptions.JedisConnectionException: java.net.ConnectException: Connection refused (Connection refused)
	at org.springframework.data.redis.core.DefaultValueOperationsTests.testSetIfAbsent(DefaultValueOperationsTests.java:357)
Caused by: java.net.ConnectException: Connection refused (Connection refused)
	at org.springframework.data.redis.core.DefaultValueOperationsTests.testSetIfAbsent(DefaultValueOperationsTests.java:357)
</error>
  </testcase>
  <testcase name="testSetIfAbsent[1]" classname="org.springframework.data.redis.core.DefaultValueOperationsTests" time="0.002">
    <error message="Cannot get Jedis connection; nested exception is redis.clients.jedis.exceptions.JedisConnectionException: Could not get a resource from the pool" type="org.springframework.data.redis.RedisConnectionFailureException">org.springframework.data.redis.RedisConnectionFailureException: Cannot get Jedis connection; nested exception is redis.clients.jedis.exceptions.JedisConnectionException: Could not get a resource from the pool
	at org.springframework.data.redis.core.DefaultValueOperationsTests.tearDown(DefaultValueOperationsTests.java:93)
Caused by: redis.clients.jedis.exceptions.JedisConnectionException: Could not get a resource from the pool
	at org.springframework.data.redis.core.DefaultValueOperationsTests.tearDown(DefaultValueOperationsTests.java:93)
Caused by: redis.clients.jedis.exceptions.JedisConnectionException: java.net.ConnectException: Connection refused (Connection refused)
	at org.springframework.data.redis.core.DefaultValueOperationsTests.tearDown(DefaultValueOperationsTests.java:93)
Caused by: java.net.ConnectException: Connection refused (Connection refused)
	at org.springframework.data.redis.core.DefaultValueOperationsTests.tearDown(DefaultValueOperationsTests.java:93)
</error>
  </testcase>
  <testcase name="testRawKeysCollection[1]" classname="org.springframework.data.redis.core.DefaultValueOperationsTests" time="0.002">
    <error message="Cannot get Jedis connection; nested exception is redis.clients.jedis.exceptions.JedisConnectionException: Could not get a resource from the pool" type="org.springframework.data.redis.RedisConnectionFailureException">org.springframework.data.redis.RedisConnectionFailureException: Cannot get Jedis connection; nested exception is redis.clients.jedis.exceptions.JedisConnectionException: Could not get a resource from the pool
	at org.springframework.data.redis.core.DefaultValueOperationsTests.tearDown(DefaultValueOperationsTests.java:93)
Caused by: redis.clients.jedis.exceptions.JedisConnectionException: Could not get a resource from the pool
	at org.springframework.data.redis.core.DefaultValueOperationsTests.tearDown(DefaultValueOperationsTests.java:93)
Caused by: redis.clients.jedis.exceptions.JedisConnectionException: java.net.ConnectException: Connection refused (Connection refused)
	at org.springframework.data.redis.core.DefaultValueOperationsTests.tearDown(DefaultValueOperationsTests.java:93)
Caused by: java.net.ConnectException: Connection refused (Connection refused)
	at org.springframework.data.redis.core.DefaultValueOperationsTests.tearDown(DefaultValueOperationsTests.java:93)
</error>
  </testcase>
  <testcase name="testSetRange[1]" classname="org.springframework.data.redis.core.DefaultValueOperationsTests" time="0.001">
    <error message="got: &lt;false&gt;, expected: is &lt;true&gt;" type="org.junit.AssumptionViolatedException"><![CDATA[org.junit.AssumptionViolatedException: got: <false>, expected: is <true>
	at org.springframework.data.redis.core.DefaultValueOperationsTests.testSetRange(DefaultValueOperationsTests.java:342)
]]></error>
  </testcase>
  <testcase name="testSetRange[1]" classname="org.springframework.data.redis.core.DefaultValueOperationsTests" time="0.002">
    <error message="Cannot get Jedis connection; nested exception is redis.clients.jedis.exceptions.JedisConnectionException: Could not get a resource from the pool" type="org.springframework.data.redis.RedisConnectionFailureException">org.springframework.data.redis.RedisConnectionFailureException: Cannot get Jedis connection; nested exception is redis.clients.jedis.exceptions.JedisConnectionException: Could not get a resource from the pool
	at org.springframework.data.redis.core.DefaultValueOperationsTests.tearDown(DefaultValueOperationsTests.java:93)
Caused by: redis.clients.jedis.exceptions.JedisConnectionException: Could not get a resource from the pool
	at org.springframework.data.redis.core.DefaultValueOperationsTests.tearDown(DefaultValueOperationsTests.java:93)
Caused by: redis.clients.jedis.exceptions.JedisConnectionException: java.net.ConnectException: Connection refused (Connection refused)
	at org.springframework.data.redis.core.DefaultValueOperationsTests.tearDown(DefaultValueOperationsTests.java:93)
Caused by: java.net.ConnectException: Connection refused (Connection refused)
	at org.springframework.data.redis.core.DefaultValueOperationsTests.tearDown(DefaultValueOperationsTests.java:93)
</error>
  </testcase>
  <testcase name="testSetWithExpirationEX[2]" classname="org.springframework.data.redis.core.DefaultValueOperationsTests" time="0.001">
    <error message="Cannot get Jedis connection; nested exception is redis.clients.jedis.exceptions.JedisConnectionException: Could not get a resource from the pool" type="org.springframework.data.redis.RedisConnectionFailureException">org.springframework.data.redis.RedisConnectionFailureException: Cannot get Jedis connection; nested exception is redis.clients.jedis.exceptions.JedisConnectionException: Could not get a resource from the pool
	at org.springframework.data.redis.core.DefaultValueOperationsTests.testSetWithExpirationEX(DefaultValueOperationsTests.java:273)
Caused by: redis.clients.jedis.exceptions.JedisConnectionException: Could not get a resource from the pool
	at org.springframework.data.redis.core.DefaultValueOperationsTests.testSetWithExpirationEX(DefaultValueOperationsTests.java:273)
Caused by: redis.clients.jedis.exceptions.JedisConnectionException: java.net.ConnectException: Connection refused (Connection refused)
	at org.springframework.data.redis.core.DefaultValueOperationsTests.testSetWithExpirationEX(DefaultValueOperationsTests.java:273)
Caused by: java.net.ConnectException: Connection refused (Connection refused)
	at org.springframework.data.redis.core.DefaultValueOperationsTests.testSetWithExpirationEX(DefaultValueOperationsTests.java:273)
</error>
  </testcase>
  <testcase name="testSetWithExpirationEX[2]" classname="org.springframework.data.redis.core.DefaultValueOperationsTests" time="0.002">
    <error message="Cannot get Jedis connection; nested exception is redis.clients.jedis.exceptions.JedisConnectionException: Could not get a resource from the pool" type="org.springframework.data.redis.RedisConnectionFailureException">org.springframework.data.redis.RedisConnectionFailureException: Cannot get Jedis connection; nested exception is redis.clients.jedis.exceptions.JedisConnectionException: Could not get a resource from the pool
	at org.springframework.data.redis.core.DefaultValueOperationsTests.tearDown(DefaultValueOperationsTests.java:93)
Caused by: redis.clients.jedis.exceptions.JedisConnectionException: Could not get a resource from the pool
	at org.springframework.data.redis.core.DefaultValueOperationsTests.tearDown(DefaultValueOperationsTests.java:93)
Caused by: redis.clients.jedis.exceptions.JedisConnectionException: java.net.ConnectException: Connection refused (Connection refused)
	at org.springframework.data.redis.core.DefaultValueOperationsTests.tearDown(DefaultValueOperationsTests.java:93)
Caused by: java.net.ConnectException: Connection refused (Connection refused)
	at org.springframework.data.redis.core.DefaultValueOperationsTests.tearDown(DefaultValueOperationsTests.java:93)
</error>
  </testcase>
  <testcase name="testSetWithExpirationPX[2]" classname="org.springframework.data.redis.core.DefaultValueOperationsTests" time="0.002">
    <error message="Cannot get Jedis connection; nested exception is redis.clients.jedis.exceptions.JedisConnectionException: Could not get a resource from the pool" type="org.springframework.data.redis.RedisConnectionFailureException">org.springframework.data.redis.RedisConnectionFailureException: Cannot get Jedis connection; nested exception is redis.clients.jedis.exceptions.JedisConnectionException: Could not get a resource from the pool
	at org.springframework.data.redis.core.DefaultValueOperationsTests.testSetWithExpirationPX(DefaultValueOperationsTests.java:287)
Caused by: redis.clients.jedis.exceptions.JedisConnectionException: Could not get a resource from the pool
	at org.springframework.data.redis.core.DefaultValueOperationsTests.testSetWithExpirationPX(DefaultValueOperationsTests.java:287)
Caused by: redis.clients.jedis.exceptions.JedisConnectionException: java.net.ConnectException: Connection refused (Connection refused)
	at org.springframework.data.redis.core.DefaultValueOperationsTests.testSetWithExpirationPX(DefaultValueOperationsTests.java:287)
Caused by: java.net.ConnectException: Connection refused (Connection refused)
	at org.springframework.data.redis.core.DefaultValueOperationsTests.testSetWithExpirationPX(DefaultValueOperationsTests.java:287)
</error>
  </testcase>
  <testcase name="testSetWithExpirationPX[2]" classname="org.springframework.data.redis.core.DefaultValueOperationsTests" time="0.002">
    <error message="Cannot get Jedis connection; nested exception is redis.clients.jedis.exceptions.JedisConnectionException: Could not get a resource from the pool" type="org.springframework.data.redis.RedisConnectionFailureException">org.springframework.data.redis.RedisConnectionFailureException: Cannot get Jedis connection; nested exception is redis.clients.jedis.exceptions.JedisConnectionException: Could not get a resource from the pool
	at org.springframework.data.redis.core.DefaultValueOperationsTests.tearDown(DefaultValueOperationsTests.java:93)
Caused by: redis.clients.jedis.exceptions.JedisConnectionException: Could not get a resource from the pool
	at org.springframework.data.redis.core.DefaultValueOperationsTests.tearDown(DefaultValueOperationsTests.java:93)
Caused by: redis.clients.jedis.exceptions.JedisConnectionException: java.net.ConnectException: Connection refused (Connection refused)
	at org.springframework.data.redis.core.DefaultValueOperationsTests.tearDown(DefaultValueOperationsTests.java:93)
Caused by: java.net.ConnectException: Connection refused (Connection refused)
	at org.springframework.data.redis.core.DefaultValueOperationsTests.tearDown(DefaultValueOperationsTests.java:93)
</error>
  </testcase>
  <testcase name="testSetAndGetBit[2]" classname="org.springframework.data.redis.core.DefaultValueOperationsTests" time="0.001">
    <error message="got: &lt;false&gt;, expected: is &lt;true&gt;" type="org.junit.AssumptionViolatedException"><![CDATA[org.junit.AssumptionViolatedException: got: <false>, expected: is <true>
	at org.springframework.data.redis.core.DefaultValueOperationsTests.testSetAndGetBit(DefaultValueOperationsTests.java:530)
]]></error>
  </testcase>
  <testcase name="testSetAndGetBit[2]" classname="org.springframework.data.redis.core.DefaultValueOperationsTests" time="0.001">
    <error message="Cannot get Jedis connection; nested exception is redis.clients.jedis.exceptions.JedisConnectionException: Could not get a resource from the pool" type="org.springframework.data.redis.RedisConnectionFailureException">org.springframework.data.redis.RedisConnectionFailureException: Cannot get Jedis connection; nested exception is redis.clients.jedis.exceptions.JedisConnectionException: Could not get a resource from the pool
	at org.springframework.data.redis.core.DefaultValueOperationsTests.tearDown(DefaultValueOperationsTests.java:93)
Caused by: redis.clients.jedis.exceptions.JedisConnectionException: Could not get a resource from the pool
	at org.springframework.data.redis.core.DefaultValueOperationsTests.tearDown(DefaultValueOperationsTests.java:93)
Caused by: redis.clients.jedis.exceptions.JedisConnectionException: java.net.ConnectException: Connection refused (Connection refused)
	at org.springframework.data.redis.core.DefaultValueOperationsTests.tearDown(DefaultValueOperationsTests.java:93)
Caused by: java.net.ConnectException: Connection refused (Connection refused)
	at org.springframework.data.redis.core.DefaultValueOperationsTests.tearDown(DefaultValueOperationsTests.java:93)
</error>
  </testcase>
  <testcase name="setIfPresentReturnsFalseWhenKeyDoesNotExist[2]" classname="org.springframework.data.redis.core.DefaultValueOperationsTests" time="0.002">
    <error message="Cannot get Jedis connection; nested exception is redis.clients.jedis.exceptions.JedisConnectionException: Could not get a resource from the pool" type="org.springframework.data.redis.RedisConnectionFailureException">org.springframework.data.redis.RedisConnectionFailureException: Cannot get Jedis connection; nested exception is redis.clients.jedis.exceptions.JedisConnectionException: Could not get a resource from the pool
	at org.springframework.data.redis.core.DefaultValueOperationsTests.setIfPresentReturnsFalseWhenKeyDoesNotExist(DefaultValueOperationsTests.java:424)
Caused by: redis.clients.jedis.exceptions.JedisConnectionException: Could not get a resource from the pool
	at org.springframework.data.redis.core.DefaultValueOperationsTests.setIfPresentReturnsFalseWhenKeyDoesNotExist(DefaultValueOperationsTests.java:424)
Caused by: redis.clients.jedis.exceptions.JedisConnectionException: java.net.ConnectException: Connection refused (Connection refused)
	at org.springframework.data.redis.core.DefaultValueOperationsTests.setIfPresentReturnsFalseWhenKeyDoesNotExist(DefaultValueOperationsTests.java:424)
Caused by: java.net.ConnectException: Connection refused (Connection refused)
	at org.springframework.data.redis.core.DefaultValueOperationsTests.setIfPresentReturnsFalseWhenKeyDoesNotExist(DefaultValueOperationsTests.java:424)
</error>
  </testcase>
  <testcase name="setIfPresentReturnsFalseWhenKeyDoesNotExist[2]" classname="org.springframework.data.redis.core.DefaultValueOperationsTests" time="0.002">
    <error message="Cannot get Jedis connection; nested exception is redis.clients.jedis.exceptions.JedisConnectionException: Could not get a resource from the pool" type="org.springframework.data.redis.RedisConnectionFailureException">org.springframework.data.redis.RedisConnectionFailureException: Cannot get Jedis connection; nested exception is redis.clients.jedis.exceptions.JedisConnectionException: Could not get a resource from the pool
	at org.springframework.data.redis.core.DefaultValueOperationsTests.tearDown(DefaultValueOperationsTests.java:93)
Caused by: redis.clients.jedis.exceptions.JedisConnectionException: Could not get a resource from the pool
	at org.springframework.data.redis.core.DefaultValueOperationsTests.tearDown(DefaultValueOperationsTests.java:93)
Caused by: redis.clients.jedis.exceptions.JedisConnectionException: java.net.ConnectException: Connection refused (Connection refused)
	at org.springframework.data.redis.core.DefaultValueOperationsTests.tearDown(DefaultValueOperationsTests.java:93)
Caused by: java.net.ConnectException: Connection refused (Connection refused)
	at org.springframework.data.redis.core.DefaultValueOperationsTests.tearDown(DefaultValueOperationsTests.java:93)
</error>
  </testcase>
  <testcase name="testGetRange[2]" classname="org.springframework.data.redis.core.DefaultValueOperationsTests" time="0.001">
    <error message="got: &lt;false&gt;, expected: is &lt;true&gt;" type="org.junit.AssumptionViolatedException"><![CDATA[org.junit.AssumptionViolatedException: got: <false>, expected: is <true>
	at org.springframework.data.redis.core.DefaultValueOperationsTests.testGetRange(DefaultValueOperationsTests.java:328)
]]></error>
  </testcase>
  <testcase name="testGetRange[2]" classname="org.springframework.data.redis.core.DefaultValueOperationsTests" time="0.002">
    <error message="Cannot get Jedis connection; nested exception is redis.clients.jedis.exceptions.JedisConnectionException: Could not get a resource from the pool" type="org.springframework.data.redis.RedisConnectionFailureException">org.springframework.data.redis.RedisConnectionFailureException: Cannot get Jedis connection; nested exception is redis.clients.jedis.exceptions.JedisConnectionException: Could not get a resource from the pool
	at org.springframework.data.redis.core.DefaultValueOperationsTests.tearDown(DefaultValueOperationsTests.java:93)
Caused by: redis.clients.jedis.exceptions.JedisConnectionException: Could not get a resource from the pool
	at org.springframework.data.redis.core.DefaultValueOperationsTests.tearDown(DefaultValueOperationsTests.java:93)
Caused by: redis.clients.jedis.exceptions.JedisConnectionException: java.net.ConnectException: Connection refused (Connection refused)
	at org.springframework.data.redis.core.DefaultValueOperationsTests.tearDown(DefaultValueOperationsTests.java:93)
Caused by: java.net.ConnectException: Connection refused (Connection refused)
	at org.springframework.data.redis.core.DefaultValueOperationsTests.tearDown(DefaultValueOperationsTests.java:93)
</error>
  </testcase>
  <testcase name="testSetIfAbsentWithExpirationEX[2]" classname="org.springframework.data.redis.core.DefaultValueOperationsTests" time="0.001">
    <error message="Cannot get Jedis connection; nested exception is redis.clients.jedis.exceptions.JedisConnectionException: Could not get a resource from the pool" type="org.springframework.data.redis.RedisConnectionFailureException">org.springframework.data.redis.RedisConnectionFailureException: Cannot get Jedis connection; nested exception is redis.clients.jedis.exceptions.JedisConnectionException: Could not get a resource from the pool
	at org.springframework.data.redis.core.DefaultValueOperationsTests.testSetIfAbsentWithExpirationEX(DefaultValueOperationsTests.java:384)
Caused by: redis.clients.jedis.exceptions.JedisConnectionException: Could not get a resource from the pool
	at org.springframework.data.redis.core.DefaultValueOperationsTests.testSetIfAbsentWithExpirationEX(DefaultValueOperationsTests.java:384)
Caused by: redis.clients.jedis.exceptions.JedisConnectionException: java.net.ConnectException: Connection refused (Connection refused)
	at org.springframework.data.redis.core.DefaultValueOperationsTests.testSetIfAbsentWithExpirationEX(DefaultValueOperationsTests.java:384)
Caused by: java.net.ConnectException: Connection refused (Connection refused)
	at org.springframework.data.redis.core.DefaultValueOperationsTests.testSetIfAbsentWithExpirationEX(DefaultValueOperationsTests.java:384)
</error>
  </testcase>
  <testcase name="testSetIfAbsentWithExpirationEX[2]" classname="org.springframework.data.redis.core.DefaultValueOperationsTests" time="0.002">
    <error message="Cannot get Jedis connection; nested exception is redis.clients.jedis.exceptions.JedisConnectionException: Could not get a resource from the pool" type="org.springframework.data.redis.RedisConnectionFailureException">org.springframework.data.redis.RedisConnectionFailureException: Cannot get Jedis connection; nested exception is redis.clients.jedis.exceptions.JedisConnectionException: Could not get a resource from the pool
	at org.springframework.data.redis.core.DefaultValueOperationsTests.tearDown(DefaultValueOperationsTests.java:93)
Caused by: redis.clients.jedis.exceptions.JedisConnectionException: Could not get a resource from the pool
	at org.springframework.data.redis.core.DefaultValueOperationsTests.tearDown(DefaultValueOperationsTests.java:93)
Caused by: redis.clients.jedis.exceptions.JedisConnectionException: java.net.ConnectException: Connection refused (Connection refused)
	at org.springframework.data.redis.core.DefaultValueOperationsTests.tearDown(DefaultValueOperationsTests.java:93)
Caused by: java.net.ConnectException: Connection refused (Connection refused)
	at org.springframework.data.redis.core.DefaultValueOperationsTests.tearDown(DefaultValueOperationsTests.java:93)
</error>
  </testcase>
  <testcase name="testSetIfAbsentWithExpirationPX[2]" classname="org.springframework.data.redis.core.DefaultValueOperationsTests" time="0.001">
    <error message="Cannot get Jedis connection; nested exception is redis.clients.jedis.exceptions.JedisConnectionException: Could not get a resource from the pool" type="org.springframework.data.redis.RedisConnectionFailureException">org.springframework.data.redis.RedisConnectionFailureException: Cannot get Jedis connection; nested exception is redis.clients.jedis.exceptions.JedisConnectionException: Could not get a resource from the pool
	at org.springframework.data.redis.core.DefaultValueOperationsTests.testSetIfAbsentWithExpirationPX(DefaultValueOperationsTests.java:400)
Caused by: redis.clients.jedis.exceptions.JedisConnectionException: Could not get a resource from the pool
	at org.springframework.data.redis.core.DefaultValueOperationsTests.testSetIfAbsentWithExpirationPX(DefaultValueOperationsTests.java:400)
Caused by: redis.clients.jedis.exceptions.JedisConnectionException: java.net.ConnectException: Connection refused (Connection refused)
	at org.springframework.data.redis.core.DefaultValueOperationsTests.testSetIfAbsentWithExpirationPX(DefaultValueOperationsTests.java:400)
Caused by: java.net.ConnectException: Connection refused (Connection refused)
	at org.springframework.data.redis.core.DefaultValueOperationsTests.testSetIfAbsentWithExpirationPX(DefaultValueOperationsTests.java:400)
</error>
  </testcase>
  <testcase name="testSetIfAbsentWithExpirationPX[2]" classname="org.springframework.data.redis.core.DefaultValueOperationsTests" time="0.002">
    <error message="Cannot get Jedis connection; nested exception is redis.clients.jedis.exceptions.JedisConnectionException: Could not get a resource from the pool" type="org.springframework.data.redis.RedisConnectionFailureException">org.springframework.data.redis.RedisConnectionFailureException: Cannot get Jedis connection; nested exception is redis.clients.jedis.exceptions.JedisConnectionException: Could not get a resource from the pool
	at org.springframework.data.redis.core.DefaultValueOperationsTests.tearDown(DefaultValueOperationsTests.java:93)
Caused by: redis.clients.jedis.exceptions.JedisConnectionException: Could not get a resource from the pool
	at org.springframework.data.redis.core.DefaultValueOperationsTests.tearDown(DefaultValueOperationsTests.java:93)
Caused by: redis.clients.jedis.exceptions.JedisConnectionException: java.net.ConnectException: Connection refused (Connection refused)
	at org.springframework.data.redis.core.DefaultValueOperationsTests.tearDown(DefaultValueOperationsTests.java:93)
Caused by: java.net.ConnectException: Connection refused (Connection refused)
	at org.springframework.data.redis.core.DefaultValueOperationsTests.tearDown(DefaultValueOperationsTests.java:93)
</error>
  </testcase>
  <testcase name="setIfPresentReturnsTrueWhenKeyExists[2]" classname="org.springframework.data.redis.core.DefaultValueOperationsTests" time="0.001">
    <error message="Cannot get Jedis connection; nested exception is redis.clients.jedis.exceptions.JedisConnectionException: Could not get a resource from the pool" type="org.springframework.data.redis.RedisConnectionFailureException">org.springframework.data.redis.RedisConnectionFailureException: Cannot get Jedis connection; nested exception is redis.clients.jedis.exceptions.JedisConnectionException: Could not get a resource from the pool
	at org.springframework.data.redis.core.DefaultValueOperationsTests.setIfPresentReturnsTrueWhenKeyExists(DefaultValueOperationsTests.java:416)
Caused by: redis.clients.jedis.exceptions.JedisConnectionException: Could not get a resource from the pool
	at org.springframework.data.redis.core.DefaultValueOperationsTests.setIfPresentReturnsTrueWhenKeyExists(DefaultValueOperationsTests.java:416)
Caused by: redis.clients.jedis.exceptions.JedisConnectionException: java.net.ConnectException: Connection refused (Connection refused)
	at org.springframework.data.redis.core.DefaultValueOperationsTests.setIfPresentReturnsTrueWhenKeyExists(DefaultValueOperationsTests.java:416)
Caused by: java.net.ConnectException: Connection refused (Connection refused)
	at org.springframework.data.redis.core.DefaultValueOperationsTests.setIfPresentReturnsTrueWhenKeyExists(DefaultValueOperationsTests.java:416)
</error>
  </testcase>
  <testcase name="setIfPresentReturnsTrueWhenKeyExists[2]" classname="org.springframework.data.redis.core.DefaultValueOperationsTests" time="0.002">
    <error message="Cannot get Jedis connection; nested exception is redis.clients.jedis.exceptions.JedisConnectionException: Could not get a resource from the pool" type="org.springframework.data.redis.RedisConnectionFailureException">org.springframework.data.redis.RedisConnectionFailureException: Cannot get Jedis connection; nested exception is redis.clients.jedis.exceptions.JedisConnectionException: Could not get a resource from the pool
	at org.springframework.data.redis.core.DefaultValueOperationsTests.tearDown(DefaultValueOperationsTests.java:93)
Caused by: redis.clients.jedis.exceptions.JedisConnectionException: Could not get a resource from the pool
	at org.springframework.data.redis.core.DefaultValueOperationsTests.tearDown(DefaultValueOperationsTests.java:93)
Caused by: redis.clients.jedis.exceptions.JedisConnectionException: java.net.ConnectException: Connection refused (Connection refused)
	at org.springframework.data.redis.core.DefaultValueOperationsTests.tearDown(DefaultValueOperationsTests.java:93)
Caused by: java.net.ConnectException: Connection refused (Connection refused)
	at org.springframework.data.redis.core.DefaultValueOperationsTests.tearDown(DefaultValueOperationsTests.java:93)
</error>
  </testcase>
  <testcase name="testSize[2]" classname="org.springframework.data.redis.core.DefaultValueOperationsTests" time="0.002">
    <error message="Cannot get Jedis connection; nested exception is redis.clients.jedis.exceptions.JedisConnectionException: Could not get a resource from the pool" type="org.springframework.data.redis.RedisConnectionFailureException">org.springframework.data.redis.RedisConnectionFailureException: Cannot get Jedis connection; nested exception is redis.clients.jedis.exceptions.JedisConnectionException: Could not get a resource from the pool
	at org.springframework.data.redis.core.DefaultValueOperationsTests.testSize(DefaultValueOperationsTests.java:487)
Caused by: redis.clients.jedis.exceptions.JedisConnectionException: Could not get a resource from the pool
	at org.springframework.data.redis.core.DefaultValueOperationsTests.testSize(DefaultValueOperationsTests.java:487)
Caused by: redis.clients.jedis.exceptions.JedisConnectionException: java.net.ConnectException: Connection refused (Connection refused)
	at org.springframework.data.redis.core.DefaultValueOperationsTests.testSize(DefaultValueOperationsTests.java:487)
Caused by: java.net.ConnectException: Connection refused (Connection refused)
	at org.springframework.data.redis.core.DefaultValueOperationsTests.testSize(DefaultValueOperationsTests.java:487)
</error>
  </testcase>
  <testcase name="testSize[2]" classname="org.springframework.data.redis.core.DefaultValueOperationsTests" time="0.003">
    <error message="Cannot get Jedis connection; nested exception is redis.clients.jedis.exceptions.JedisConnectionException: Could not get a resource from the pool" type="org.springframework.data.redis.RedisConnectionFailureException">org.springframework.data.redis.RedisConnectionFailureException: Cannot get Jedis connection; nested exception is redis.clients.jedis.exceptions.JedisConnectionException: Could not get a resource from the pool
	at org.springframework.data.redis.core.DefaultValueOperationsTests.tearDown(DefaultValueOperationsTests.java:93)
Caused by: redis.clients.jedis.exceptions.JedisConnectionException: Could not get a resource from the pool
	at org.springframework.data.redis.core.DefaultValueOperationsTests.tearDown(DefaultValueOperationsTests.java:93)
Caused by: redis.clients.jedis.exceptions.JedisConnectionException: java.net.ConnectException: Connection refused (Connection refused)
	at org.springframework.data.redis.core.DefaultValueOperationsTests.tearDown(DefaultValueOperationsTests.java:93)
Caused by: java.net.ConnectException: Connection refused (Connection refused)
	at org.springframework.data.redis.core.DefaultValueOperationsTests.tearDown(DefaultValueOperationsTests.java:93)
</error>
  </testcase>
  <testcase name="testSetIfAbsentWithExpiration[2]" classname="org.springframework.data.redis.core.DefaultValueOperationsTests" time="0.002">
    <error message="Cannot get Jedis connection; nested exception is redis.clients.jedis.exceptions.JedisConnectionException: Could not get a resource from the pool" type="org.springframework.data.redis.RedisConnectionFailureException">org.springframework.data.redis.RedisConnectionFailureException: Cannot get Jedis connection; nested exception is redis.clients.jedis.exceptions.JedisConnectionException: Could not get a resource from the pool
	at org.springframework.data.redis.core.DefaultValueOperationsTests.testSetIfAbsentWithExpiration(DefaultValueOperationsTests.java:368)
Caused by: redis.clients.jedis.exceptions.JedisConnectionException: Could not get a resource from the pool
	at org.springframework.data.redis.core.DefaultValueOperationsTests.testSetIfAbsentWithExpiration(DefaultValueOperationsTests.java:368)
Caused by: redis.clients.jedis.exceptions.JedisConnectionException: java.net.ConnectException: Connection refused (Connection refused)
	at org.springframework.data.redis.core.DefaultValueOperationsTests.testSetIfAbsentWithExpiration(DefaultValueOperationsTests.java:368)
Caused by: java.net.ConnectException: Connection refused (Connection refused)
	at org.springframework.data.redis.core.DefaultValueOperationsTests.testSetIfAbsentWithExpiration(DefaultValueOperationsTests.java:368)
</error>
  </testcase>
  <testcase name="testSetIfAbsentWithExpiration[2]" classname="org.springframework.data.redis.core.DefaultValueOperationsTests" time="0.002">
    <error message="Cannot get Jedis connection; nested exception is redis.clients.jedis.exceptions.JedisConnectionException: Could not get a resource from the pool" type="org.springframework.data.redis.RedisConnectionFailureException">org.springframework.data.redis.RedisConnectionFailureException: Cannot get Jedis connection; nested exception is redis.clients.jedis.exceptions.JedisConnectionException: Could not get a resource from the pool
	at org.springframework.data.redis.core.DefaultValueOperationsTests.tearDown(DefaultValueOperationsTests.java:93)
Caused by: redis.clients.jedis.exceptions.JedisConnectionException: Could not get a resource from the pool
	at org.springframework.data.redis.core.DefaultValueOperationsTests.tearDown(DefaultValueOperationsTests.java:93)
Caused by: redis.clients.jedis.exceptions.JedisConnectionException: java.net.ConnectException: Connection refused (Connection refused)
	at org.springframework.data.redis.core.DefaultValueOperationsTests.tearDown(DefaultValueOperationsTests.java:93)
Caused by: java.net.ConnectException: Connection refused (Connection refused)
	at org.springframework.data.redis.core.DefaultValueOperationsTests.tearDown(DefaultValueOperationsTests.java:93)
</error>
  </testcase>
  <testcase name="testMultiSetIfAbsentFailure[2]" classname="org.springframework.data.redis.core.DefaultValueOperationsTests" time="0.002">
    <error message="Cannot get Jedis connection; nested exception is redis.clients.jedis.exceptions.JedisConnectionException: Could not get a resource from the pool" type="org.springframework.data.redis.RedisConnectionFailureException">org.springframework.data.redis.RedisConnectionFailureException: Cannot get Jedis connection; nested exception is redis.clients.jedis.exceptions.JedisConnectionException: Could not get a resource from the pool
	at org.springframework.data.redis.core.DefaultValueOperationsTests.testMultiSetIfAbsentFailure(DefaultValueOperationsTests.java:204)
Caused by: redis.clients.jedis.exceptions.JedisConnectionException: Could not get a resource from the pool
	at org.springframework.data.redis.core.DefaultValueOperationsTests.testMultiSetIfAbsentFailure(DefaultValueOperationsTests.java:204)
Caused by: redis.clients.jedis.exceptions.JedisConnectionException: java.net.ConnectException: Connection refused (Connection refused)
	at org.springframework.data.redis.core.DefaultValueOperationsTests.testMultiSetIfAbsentFailure(DefaultValueOperationsTests.java:204)
Caused by: java.net.ConnectException: Connection refused (Connection refused)
	at org.springframework.data.redis.core.DefaultValueOperationsTests.testMultiSetIfAbsentFailure(DefaultValueOperationsTests.java:204)
</error>
  </testcase>
  <testcase name="testMultiSetIfAbsentFailure[2]" classname="org.springframework.data.redis.core.DefaultValueOperationsTests" time="0.003">
    <error message="Cannot get Jedis connection; nested exception is redis.clients.jedis.exceptions.JedisConnectionException: Could not get a resource from the pool" type="org.springframework.data.redis.RedisConnectionFailureException">org.springframework.data.redis.RedisConnectionFailureException: Cannot get Jedis connection; nested exception is redis.clients.jedis.exceptions.JedisConnectionException: Could not get a resource from the pool
	at org.springframework.data.redis.core.DefaultValueOperationsTests.tearDown(DefaultValueOperationsTests.java:93)
Caused by: redis.clients.jedis.exceptions.JedisConnectionException: Could not get a resource from the pool
	at org.springframework.data.redis.core.DefaultValueOperationsTests.tearDown(DefaultValueOperationsTests.java:93)
Caused by: redis.clients.jedis.exceptions.JedisConnectionException: java.net.ConnectException: Connection refused (Connection refused)
	at org.springframework.data.redis.core.DefaultValueOperationsTests.tearDown(DefaultValueOperationsTests.java:93)
Caused by: java.net.ConnectException: Connection refused (Connection refused)
	at org.springframework.data.redis.core.DefaultValueOperationsTests.tearDown(DefaultValueOperationsTests.java:93)
</error>
  </testcase>
  <testcase name="testIncrement[2]" classname="org.springframework.data.redis.core.DefaultValueOperationsTests" time="0.001">
    <error message="got: &lt;false&gt;, expected: is &lt;true&gt;" type="org.junit.AssumptionViolatedException"><![CDATA[org.junit.AssumptionViolatedException: got: <false>, expected: is <true>
	at org.springframework.data.redis.core.DefaultValueOperationsTests.testIncrement(DefaultValueOperationsTests.java:105)
]]></error>
  </testcase>
  <testcase name="testIncrement[2]" classname="org.springframework.data.redis.core.DefaultValueOperationsTests" time="0.001">
    <error message="Cannot get Jedis connection; nested exception is redis.clients.jedis.exceptions.JedisConnectionException: Could not get a resource from the pool" type="org.springframework.data.redis.RedisConnectionFailureException">org.springframework.data.redis.RedisConnectionFailureException: Cannot get Jedis connection; nested exception is redis.clients.jedis.exceptions.JedisConnectionException: Could not get a resource from the pool
	at org.springframework.data.redis.core.DefaultValueOperationsTests.tearDown(DefaultValueOperationsTests.java:93)
Caused by: redis.clients.jedis.exceptions.JedisConnectionException: Could not get a resource from the pool
	at org.springframework.data.redis.core.DefaultValueOperationsTests.tearDown(DefaultValueOperationsTests.java:93)
Caused by: redis.clients.jedis.exceptions.JedisConnectionException: java.net.ConnectException: Connection refused (Connection refused)
	at org.springframework.data.redis.core.DefaultValueOperationsTests.tearDown(DefaultValueOperationsTests.java:93)
Caused by: java.net.ConnectException: Connection refused (Connection refused)
	at org.springframework.data.redis.core.DefaultValueOperationsTests.tearDown(DefaultValueOperationsTests.java:93)
</error>
  </testcase>
  <testcase name="testIncrementDouble[2]" classname="org.springframework.data.redis.core.DefaultValueOperationsTests" time="0.001">
    <error message="Could not initialize class org.springframework.data.redis.RedisTestProfileValueSource" type="java.lang.NoClassDefFoundError">java.lang.NoClassDefFoundError: Could not initialize class org.springframework.data.redis.RedisTestProfileValueSource
	at org.springframework.data.redis.core.DefaultValueOperationsTests.testIncrementDouble(DefaultValueOperationsTests.java:133)
</error>
  </testcase>
  <testcase name="testIncrementDouble[2]" classname="org.springframework.data.redis.core.DefaultValueOperationsTests" time="0.002">
    <error message="Cannot get Jedis connection; nested exception is redis.clients.jedis.exceptions.JedisConnectionException: Could not get a resource from the pool" type="org.springframework.data.redis.RedisConnectionFailureException">org.springframework.data.redis.RedisConnectionFailureException: Cannot get Jedis connection; nested exception is redis.clients.jedis.exceptions.JedisConnectionException: Could not get a resource from the pool
	at org.springframework.data.redis.core.DefaultValueOperationsTests.tearDown(DefaultValueOperationsTests.java:93)
Caused by: redis.clients.jedis.exceptions.JedisConnectionException: Could not get a resource from the pool
	at org.springframework.data.redis.core.DefaultValueOperationsTests.tearDown(DefaultValueOperationsTests.java:93)
Caused by: redis.clients.jedis.exceptions.JedisConnectionException: java.net.ConnectException: Connection refused (Connection refused)
	at org.springframework.data.redis.core.DefaultValueOperationsTests.tearDown(DefaultValueOperationsTests.java:93)
Caused by: java.net.ConnectException: Connection refused (Connection refused)
	at org.springframework.data.redis.core.DefaultValueOperationsTests.tearDown(DefaultValueOperationsTests.java:93)
</error>
  </testcase>
  <testcase name="testSetWithExpirationWithTimeUnitMilliseconds[2]" classname="org.springframework.data.redis.core.DefaultValueOperationsTests" time="0">
    <error message="Could not initialize class org.springframework.data.redis.RedisTestProfileValueSource" type="java.lang.NoClassDefFoundError">java.lang.NoClassDefFoundError: Could not initialize class org.springframework.data.redis.RedisTestProfileValueSource
	at org.springframework.data.redis.core.DefaultValueOperationsTests.testSetWithExpirationWithTimeUnitMilliseconds(DefaultValueOperationsTests.java:298)
</error>
  </testcase>
  <testcase name="testSetWithExpirationWithTimeUnitMilliseconds[2]" classname="org.springframework.data.redis.core.DefaultValueOperationsTests" time="0.001">
    <error message="Cannot get Jedis connection; nested exception is redis.clients.jedis.exceptions.JedisConnectionException: Could not get a resource from the pool" type="org.springframework.data.redis.RedisConnectionFailureException">org.springframework.data.redis.RedisConnectionFailureException: Cannot get Jedis connection; nested exception is redis.clients.jedis.exceptions.JedisConnectionException: Could not get a resource from the pool
	at org.springframework.data.redis.core.DefaultValueOperationsTests.tearDown(DefaultValueOperationsTests.java:93)
Caused by: redis.clients.jedis.exceptions.JedisConnectionException: Could not get a resource from the pool
	at org.springframework.data.redis.core.DefaultValueOperationsTests.tearDown(DefaultValueOperationsTests.java:93)
Caused by: redis.clients.jedis.exceptions.JedisConnectionException: java.net.ConnectException: Connection refused (Connection refused)
	at org.springframework.data.redis.core.DefaultValueOperationsTests.tearDown(DefaultValueOperationsTests.java:93)
Caused by: java.net.ConnectException: Connection refused (Connection refused)
	at org.springframework.data.redis.core.DefaultValueOperationsTests.tearDown(DefaultValueOperationsTests.java:93)
</error>
  </testcase>
  <testcase name="testRawKeys[2]" classname="org.springframework.data.redis.core.DefaultValueOperationsTests" time="0.001">
    <error message="Cannot get Jedis connection; nested exception is redis.clients.jedis.exceptions.JedisConnectionException: Could not get a resource from the pool" type="org.springframework.data.redis.RedisConnectionFailureException">org.springframework.data.redis.RedisConnectionFailureException: Cannot get Jedis connection; nested exception is redis.clients.jedis.exceptions.JedisConnectionException: Could not get a resource from the pool
	at org.springframework.data.redis.core.DefaultValueOperationsTests.tearDown(DefaultValueOperationsTests.java:93)
Caused by: redis.clients.jedis.exceptions.JedisConnectionException: Could not get a resource from the pool
	at org.springframework.data.redis.core.DefaultValueOperationsTests.tearDown(DefaultValueOperationsTests.java:93)
Caused by: redis.clients.jedis.exceptions.JedisConnectionException: java.net.ConnectException: Connection refused (Connection refused)
	at org.springframework.data.redis.core.DefaultValueOperationsTests.tearDown(DefaultValueOperationsTests.java:93)
Caused by: java.net.ConnectException: Connection refused (Connection refused)
	at org.springframework.data.redis.core.DefaultValueOperationsTests.tearDown(DefaultValueOperationsTests.java:93)
</error>
  </testcase>
  <testcase name="testDecrementByLong[2]" classname="org.springframework.data.redis.core.DefaultValueOperationsTests" time="0.001">
    <error message="got: &lt;false&gt;, expected: is &lt;true&gt;" type="org.junit.AssumptionViolatedException"><![CDATA[org.junit.AssumptionViolatedException: got: <false>, expected: is <true>
	at org.springframework.data.redis.core.DefaultValueOperationsTests.testDecrementByLong(DefaultValueOperationsTests.java:171)
]]></error>
  </testcase>
  <testcase name="testDecrementByLong[2]" classname="org.springframework.data.redis.core.DefaultValueOperationsTests" time="0.002">
    <error message="Cannot get Jedis connection; nested exception is redis.clients.jedis.exceptions.JedisConnectionException: Could not get a resource from the pool" type="org.springframework.data.redis.RedisConnectionFailureException">org.springframework.data.redis.RedisConnectionFailureException: Cannot get Jedis connection; nested exception is redis.clients.jedis.exceptions.JedisConnectionException: Could not get a resource from the pool
	at org.springframework.data.redis.core.DefaultValueOperationsTests.tearDown(DefaultValueOperationsTests.java:93)
Caused by: redis.clients.jedis.exceptions.JedisConnectionException: Could not get a resource from the pool
	at org.springframework.data.redis.core.DefaultValueOperationsTests.tearDown(DefaultValueOperationsTests.java:93)
Caused by: redis.clients.jedis.exceptions.JedisConnectionException: java.net.ConnectException: Connection refused (Connection refused)
	at org.springframework.data.redis.core.DefaultValueOperationsTests.tearDown(DefaultValueOperationsTests.java:93)
Caused by: java.net.ConnectException: Connection refused (Connection refused)
	at org.springframework.data.redis.core.DefaultValueOperationsTests.tearDown(DefaultValueOperationsTests.java:93)
</error>
  </testcase>
  <testcase name="testGetAndSet[2]" classname="org.springframework.data.redis.core.DefaultValueOperationsTests" time="0.001">
    <error message="Cannot get Jedis connection; nested exception is redis.clients.jedis.exceptions.JedisConnectionException: Could not get a resource from the pool" type="org.springframework.data.redis.RedisConnectionFailureException">org.springframework.data.redis.RedisConnectionFailureException: Cannot get Jedis connection; nested exception is redis.clients.jedis.exceptions.JedisConnectionException: Could not get a resource from the pool
	at org.springframework.data.redis.core.DefaultValueOperationsTests.testGetAndSet(DefaultValueOperationsTests.java:248)
Caused by: redis.clients.jedis.exceptions.JedisConnectionException: Could not get a resource from the pool
	at org.springframework.data.redis.core.DefaultValueOperationsTests.testGetAndSet(DefaultValueOperationsTests.java:248)
Caused by: redis.clients.jedis.exceptions.JedisConnectionException: java.net.ConnectException: Connection refused (Connection refused)
	at org.springframework.data.redis.core.DefaultValueOperationsTests.testGetAndSet(DefaultValueOperationsTests.java:248)
Caused by: java.net.ConnectException: Connection refused (Connection refused)
	at org.springframework.data.redis.core.DefaultValueOperationsTests.testGetAndSet(DefaultValueOperationsTests.java:248)
</error>
  </testcase>
  <testcase name="testGetAndSet[2]" classname="org.springframework.data.redis.core.DefaultValueOperationsTests" time="0.002">
    <error message="Cannot get Jedis connection; nested exception is redis.clients.jedis.exceptions.JedisConnectionException: Could not get a resource from the pool" type="org.springframework.data.redis.RedisConnectionFailureException">org.springframework.data.redis.RedisConnectionFailureException: Cannot get Jedis connection; nested exception is redis.clients.jedis.exceptions.JedisConnectionException: Could not get a resource from the pool
	at org.springframework.data.redis.core.DefaultValueOperationsTests.tearDown(DefaultValueOperationsTests.java:93)
Caused by: redis.clients.jedis.exceptions.JedisConnectionException: Could not get a resource from the pool
	at org.springframework.data.redis.core.DefaultValueOperationsTests.tearDown(DefaultValueOperationsTests.java:93)
Caused by: redis.clients.jedis.exceptions.JedisConnectionException: java.net.ConnectException: Connection refused (Connection refused)
	at org.springframework.data.redis.core.DefaultValueOperationsTests.tearDown(DefaultValueOperationsTests.java:93)
Caused by: java.net.ConnectException: Connection refused (Connection refused)
	at org.springframework.data.redis.core.DefaultValueOperationsTests.tearDown(DefaultValueOperationsTests.java:93)
</error>
  </testcase>
  <testcase name="testDeserializeKey[2]" classname="org.springframework.data.redis.core.DefaultValueOperationsTests" time="0.001">
    <error message="got: &lt;false&gt;, expected: is &lt;true&gt;" type="org.junit.AssumptionViolatedException"><![CDATA[org.junit.AssumptionViolatedException: got: <false>, expected: is <true>
	at org.springframework.data.redis.core.DefaultValueOperationsTests.testDeserializeKey(DefaultValueOperationsTests.java:522)
]]></error>
  </testcase>
  <testcase name="testDeserializeKey[2]" classname="org.springframework.data.redis.core.DefaultValueOperationsTests" time="0.001">
    <error message="Cannot get Jedis connection; nested exception is redis.clients.jedis.exceptions.JedisConnectionException: Could not get a resource from the pool" type="org.springframework.data.redis.RedisConnectionFailureException">org.springframework.data.redis.RedisConnectionFailureException: Cannot get Jedis connection; nested exception is redis.clients.jedis.exceptions.JedisConnectionException: Could not get a resource from the pool
	at org.springframework.data.redis.core.DefaultValueOperationsTests.tearDown(DefaultValueOperationsTests.java:93)
Caused by: redis.clients.jedis.exceptions.JedisConnectionException: Could not get a resource from the pool
	at org.springframework.data.redis.core.DefaultValueOperationsTests.tearDown(DefaultValueOperationsTests.java:93)
Caused by: redis.clients.jedis.exceptions.JedisConnectionException: java.net.ConnectException: Connection refused (Connection refused)
	at org.springframework.data.redis.core.DefaultValueOperationsTests.tearDown(DefaultValueOperationsTests.java:93)
Caused by: java.net.ConnectException: Connection refused (Connection refused)
	at org.springframework.data.redis.core.DefaultValueOperationsTests.tearDown(DefaultValueOperationsTests.java:93)
</error>
  </testcase>
  <testcase name="setIfPresentShouldSetExpirationCorrectly[2]" classname="org.springframework.data.redis.core.DefaultValueOperationsTests" time="0.002">
    <error message="Cannot get Jedis connection; nested exception is redis.clients.jedis.exceptions.JedisConnectionException: Could not get a resource from the pool" type="org.springframework.data.redis.RedisConnectionFailureException">org.springframework.data.redis.RedisConnectionFailureException: Cannot get Jedis connection; nested exception is redis.clients.jedis.exceptions.JedisConnectionException: Could not get a resource from the pool
	at org.springframework.data.redis.core.DefaultValueOperationsTests.setIfPresentShouldSetExpirationCorrectly(DefaultValueOperationsTests.java:434)
Caused by: redis.clients.jedis.exceptions.JedisConnectionException: Could not get a resource from the pool
	at org.springframework.data.redis.core.DefaultValueOperationsTests.setIfPresentShouldSetExpirationCorrectly(DefaultValueOperationsTests.java:434)
Caused by: redis.clients.jedis.exceptions.JedisConnectionException: java.net.ConnectException: Connection refused (Connection refused)
	at org.springframework.data.redis.core.DefaultValueOperationsTests.setIfPresentShouldSetExpirationCorrectly(DefaultValueOperationsTests.java:434)
Caused by: java.net.ConnectException: Connection refused (Connection refused)
	at org.springframework.data.redis.core.DefaultValueOperationsTests.setIfPresentShouldSetExpirationCorrectly(DefaultValueOperationsTests.java:434)
</error>
  </testcase>
  <testcase name="setIfPresentShouldSetExpirationCorrectly[2]" classname="org.springframework.data.redis.core.DefaultValueOperationsTests" time="0.002">
    <error message="Cannot get Jedis connection; nested exception is redis.clients.jedis.exceptions.JedisConnectionException: Could not get a resource from the pool" type="org.springframework.data.redis.RedisConnectionFailureException">org.springframework.data.redis.RedisConnectionFailureException: Cannot get Jedis connection; nested exception is redis.clients.jedis.exceptions.JedisConnectionException: Could not get a resource from the pool
	at org.springframework.data.redis.core.DefaultValueOperationsTests.tearDown(DefaultValueOperationsTests.java:93)
Caused by: redis.clients.jedis.exceptions.JedisConnectionException: Could not get a resource from the pool
	at org.springframework.data.redis.core.DefaultValueOperationsTests.tearDown(DefaultValueOperationsTests.java:93)
Caused by: redis.clients.jedis.exceptions.JedisConnectionException: java.net.ConnectException: Connection refused (Connection refused)
	at org.springframework.data.redis.core.DefaultValueOperationsTests.tearDown(DefaultValueOperationsTests.java:93)
Caused by: java.net.ConnectException: Connection refused (Connection refused)
	at org.springframework.data.redis.core.DefaultValueOperationsTests.tearDown(DefaultValueOperationsTests.java:93)
</error>
  </testcase>
  <testcase name="testSetWithExpiration[2]" classname="org.springframework.data.redis.core.DefaultValueOperationsTests" time="0.001">
    <error message="Cannot get Jedis connection; nested exception is redis.clients.jedis.exceptions.JedisConnectionException: Could not get a resource from the pool" type="org.springframework.data.redis.RedisConnectionFailureException">org.springframework.data.redis.RedisConnectionFailureException: Cannot get Jedis connection; nested exception is redis.clients.jedis.exceptions.JedisConnectionException: Could not get a resource from the pool
	at org.springframework.data.redis.core.DefaultValueOperationsTests.testSetWithExpiration(DefaultValueOperationsTests.java:259)
Caused by: redis.clients.jedis.exceptions.JedisConnectionException: Could not get a resource from the pool
	at org.springframework.data.redis.core.DefaultValueOperationsTests.testSetWithExpiration(DefaultValueOperationsTests.java:259)
Caused by: redis.clients.jedis.exceptions.JedisConnectionException: java.net.ConnectException: Connection refused (Connection refused)
	at org.springframework.data.redis.core.DefaultValueOperationsTests.testSetWithExpiration(DefaultValueOperationsTests.java:259)
Caused by: java.net.ConnectException: Connection refused (Connection refused)
	at org.springframework.data.redis.core.DefaultValueOperationsTests.testSetWithExpiration(DefaultValueOperationsTests.java:259)
</error>
  </testcase>
  <testcase name="testSetWithExpiration[2]" classname="org.springframework.data.redis.core.DefaultValueOperationsTests" time="0.002">
    <error message="Cannot get Jedis connection; nested exception is redis.clients.jedis.exceptions.JedisConnectionException: Could not get a resource from the pool" type="org.springframework.data.redis.RedisConnectionFailureException">org.springframework.data.redis.RedisConnectionFailureException: Cannot get Jedis connection; nested exception is redis.clients.jedis.exceptions.JedisConnectionException: Could not get a resource from the pool
	at org.springframework.data.redis.core.DefaultValueOperationsTests.tearDown(DefaultValueOperationsTests.java:93)
Caused by: redis.clients.jedis.exceptions.JedisConnectionException: Could not get a resource from the pool
	at org.springframework.data.redis.core.DefaultValueOperationsTests.tearDown(DefaultValueOperationsTests.java:93)
Caused by: redis.clients.jedis.exceptions.JedisConnectionException: java.net.ConnectException: Connection refused (Connection refused)
	at org.springframework.data.redis.core.DefaultValueOperationsTests.tearDown(DefaultValueOperationsTests.java:93)
Caused by: java.net.ConnectException: Connection refused (Connection refused)
	at org.springframework.data.redis.core.DefaultValueOperationsTests.tearDown(DefaultValueOperationsTests.java:93)
</error>
  </testcase>
  <testcase name="testAppend[2]" classname="org.springframework.data.redis.core.DefaultValueOperationsTests" time="0.001">
    <error message="got: &lt;false&gt;, expected: is &lt;true&gt;" type="org.junit.AssumptionViolatedException"><![CDATA[org.junit.AssumptionViolatedException: got: <false>, expected: is <true>
	at org.springframework.data.redis.core.DefaultValueOperationsTests.testAppend(DefaultValueOperationsTests.java:314)
]]></error>
  </testcase>
  <testcase name="testAppend[2]" classname="org.springframework.data.redis.core.DefaultValueOperationsTests" time="0.001">
    <error message="Cannot get Jedis connection; nested exception is redis.clients.jedis.exceptions.JedisConnectionException: Could not get a resource from the pool" type="org.springframework.data.redis.RedisConnectionFailureException">org.springframework.data.redis.RedisConnectionFailureException: Cannot get Jedis connection; nested exception is redis.clients.jedis.exceptions.JedisConnectionException: Could not get a resource from the pool
	at org.springframework.data.redis.core.DefaultValueOperationsTests.tearDown(DefaultValueOperationsTests.java:93)
Caused by: redis.clients.jedis.exceptions.JedisConnectionException: Could not get a resource from the pool
	at org.springframework.data.redis.core.DefaultValueOperationsTests.tearDown(DefaultValueOperationsTests.java:93)
Caused by: redis.clients.jedis.exceptions.JedisConnectionException: java.net.ConnectException: Connection refused (Connection refused)
	at org.springframework.data.redis.core.DefaultValueOperationsTests.tearDown(DefaultValueOperationsTests.java:93)
Caused by: java.net.ConnectException: Connection refused (Connection refused)
	at org.springframework.data.redis.core.DefaultValueOperationsTests.tearDown(DefaultValueOperationsTests.java:93)
</error>
  </testcase>
  <testcase name="testSetIfPresentWithExpirationEX[2]" classname="org.springframework.data.redis.core.DefaultValueOperationsTests" time="0.001">
    <error message="Cannot get Jedis connection; nested exception is redis.clients.jedis.exceptions.JedisConnectionException: Could not get a resource from the pool" type="org.springframework.data.redis.RedisConnectionFailureException">org.springframework.data.redis.RedisConnectionFailureException: Cannot get Jedis connection; nested exception is redis.clients.jedis.exceptions.JedisConnectionException: Could not get a resource from the pool
	at org.springframework.data.redis.core.DefaultValueOperationsTests.testSetIfPresentWithExpirationEX(DefaultValueOperationsTests.java:452)
Caused by: redis.clients.jedis.exceptions.JedisConnectionException: Could not get a resource from the pool
	at org.springframework.data.redis.core.DefaultValueOperationsTests.testSetIfPresentWithExpirationEX(DefaultValueOperationsTests.java:452)
Caused by: redis.clients.jedis.exceptions.JedisConnectionException: java.net.ConnectException: Connection refused (Connection refused)
	at org.springframework.data.redis.core.DefaultValueOperationsTests.testSetIfPresentWithExpirationEX(DefaultValueOperationsTests.java:452)
Caused by: java.net.ConnectException: Connection refused (Connection refused)
	at org.springframework.data.redis.core.DefaultValueOperationsTests.testSetIfPresentWithExpirationEX(DefaultValueOperationsTests.java:452)
</error>
  </testcase>
  <testcase name="testSetIfPresentWithExpirationEX[2]" classname="org.springframework.data.redis.core.DefaultValueOperationsTests" time="0.002">
    <error message="Cannot get Jedis connection; nested exception is redis.clients.jedis.exceptions.JedisConnectionException: Could not get a resource from the pool" type="org.springframework.data.redis.RedisConnectionFailureException">org.springframework.data.redis.RedisConnectionFailureException: Cannot get Jedis connection; nested exception is redis.clients.jedis.exceptions.JedisConnectionException: Could not get a resource from the pool
	at org.springframework.data.redis.core.DefaultValueOperationsTests.tearDown(DefaultValueOperationsTests.java:93)
Caused by: redis.clients.jedis.exceptions.JedisConnectionException: Could not get a resource from the pool
	at org.springframework.data.redis.core.DefaultValueOperationsTests.tearDown(DefaultValueOperationsTests.java:93)
Caused by: redis.clients.jedis.exceptions.JedisConnectionException: java.net.ConnectException: Connection refused (Connection refused)
	at org.springframework.data.redis.core.DefaultValueOperationsTests.tearDown(DefaultValueOperationsTests.java:93)
Caused by: java.net.ConnectException: Connection refused (Connection refused)
	at org.springframework.data.redis.core.DefaultValueOperationsTests.tearDown(DefaultValueOperationsTests.java:93)
</error>
  </testcase>
  <testcase name="testSetIfPresentWithExpirationPX[2]" classname="org.springframework.data.redis.core.DefaultValueOperationsTests" time="0.001">
    <error message="Cannot get Jedis connection; nested exception is redis.clients.jedis.exceptions.JedisConnectionException: Could not get a resource from the pool" type="org.springframework.data.redis.RedisConnectionFailureException">org.springframework.data.redis.RedisConnectionFailureException: Cannot get Jedis connection; nested exception is redis.clients.jedis.exceptions.JedisConnectionException: Could not get a resource from the pool
	at org.springframework.data.redis.core.DefaultValueOperationsTests.testSetIfPresentWithExpirationPX(DefaultValueOperationsTests.java:470)
Caused by: redis.clients.jedis.exceptions.JedisConnectionException: Could not get a resource from the pool
	at org.springframework.data.redis.core.DefaultValueOperationsTests.testSetIfPresentWithExpirationPX(DefaultValueOperationsTests.java:470)
Caused by: redis.clients.jedis.exceptions.JedisConnectionException: java.net.ConnectException: Connection refused (Connection refused)
	at org.springframework.data.redis.core.DefaultValueOperationsTests.testSetIfPresentWithExpirationPX(DefaultValueOperationsTests.java:470)
Caused by: java.net.ConnectException: Connection refused (Connection refused)
	at org.springframework.data.redis.core.DefaultValueOperationsTests.testSetIfPresentWithExpirationPX(DefaultValueOperationsTests.java:470)
</error>
  </testcase>
  <testcase name="testSetIfPresentWithExpirationPX[2]" classname="org.springframework.data.redis.core.DefaultValueOperationsTests" time="0.002">
    <error message="Cannot get Jedis connection; nested exception is redis.clients.jedis.exceptions.JedisConnectionException: Could not get a resource from the pool" type="org.springframework.data.redis.RedisConnectionFailureException">org.springframework.data.redis.RedisConnectionFailureException: Cannot get Jedis connection; nested exception is redis.clients.jedis.exceptions.JedisConnectionException: Could not get a resource from the pool
	at org.springframework.data.redis.core.DefaultValueOperationsTests.tearDown(DefaultValueOperationsTests.java:93)
Caused by: redis.clients.jedis.exceptions.JedisConnectionException: Could not get a resource from the pool
	at org.springframework.data.redis.core.DefaultValueOperationsTests.tearDown(DefaultValueOperationsTests.java:93)
Caused by: redis.clients.jedis.exceptions.JedisConnectionException: java.net.ConnectException: Connection refused (Connection refused)
	at org.springframework.data.redis.core.DefaultValueOperationsTests.tearDown(DefaultValueOperationsTests.java:93)
Caused by: java.net.ConnectException: Connection refused (Connection refused)
	at org.springframework.data.redis.core.DefaultValueOperationsTests.tearDown(DefaultValueOperationsTests.java:93)
</error>
  </testcase>
  <testcase name="testIncrementLong[2]" classname="org.springframework.data.redis.core.DefaultValueOperationsTests" time="0.001">
    <error message="got: &lt;false&gt;, expected: is &lt;true&gt;" type="org.junit.AssumptionViolatedException"><![CDATA[org.junit.AssumptionViolatedException: got: <false>, expected: is <true>
	at org.springframework.data.redis.core.DefaultValueOperationsTests.testIncrementLong(DefaultValueOperationsTests.java:119)
]]></error>
  </testcase>
  <testcase name="testIncrementLong[2]" classname="org.springframework.data.redis.core.DefaultValueOperationsTests" time="0.001">
    <error message="Cannot get Jedis connection; nested exception is redis.clients.jedis.exceptions.JedisConnectionException: Could not get a resource from the pool" type="org.springframework.data.redis.RedisConnectionFailureException">org.springframework.data.redis.RedisConnectionFailureException: Cannot get Jedis connection; nested exception is redis.clients.jedis.exceptions.JedisConnectionException: Could not get a resource from the pool
	at org.springframework.data.redis.core.DefaultValueOperationsTests.tearDown(DefaultValueOperationsTests.java:93)
Caused by: redis.clients.jedis.exceptions.JedisConnectionException: Could not get a resource from the pool
	at org.springframework.data.redis.core.DefaultValueOperationsTests.tearDown(DefaultValueOperationsTests.java:93)
Caused by: redis.clients.jedis.exceptions.JedisConnectionException: java.net.ConnectException: Connection refused (Connection refused)
	at org.springframework.data.redis.core.DefaultValueOperationsTests.tearDown(DefaultValueOperationsTests.java:93)
Caused by: java.net.ConnectException: Connection refused (Connection refused)
	at org.springframework.data.redis.core.DefaultValueOperationsTests.tearDown(DefaultValueOperationsTests.java:93)
</error>
  </testcase>
  <testcase name="testDecrement[2]" classname="org.springframework.data.redis.core.DefaultValueOperationsTests" time="0.001">
    <error message="got: &lt;false&gt;, expected: is &lt;true&gt;" type="org.junit.AssumptionViolatedException"><![CDATA[org.junit.AssumptionViolatedException: got: <false>, expected: is <true>
	at org.springframework.data.redis.core.DefaultValueOperationsTests.testDecrement(DefaultValueOperationsTests.java:157)
]]></error>
  </testcase>
  <testcase name="testDecrement[2]" classname="org.springframework.data.redis.core.DefaultValueOperationsTests" time="0.002">
    <error message="Cannot get Jedis connection; nested exception is redis.clients.jedis.exceptions.JedisConnectionException: Could not get a resource from the pool" type="org.springframework.data.redis.RedisConnectionFailureException">org.springframework.data.redis.RedisConnectionFailureException: Cannot get Jedis connection; nested exception is redis.clients.jedis.exceptions.JedisConnectionException: Could not get a resource from the pool
	at org.springframework.data.redis.core.DefaultValueOperationsTests.tearDown(DefaultValueOperationsTests.java:93)
Caused by: redis.clients.jedis.exceptions.JedisConnectionException: Could not get a resource from the pool
	at org.springframework.data.redis.core.DefaultValueOperationsTests.tearDown(DefaultValueOperationsTests.java:93)
Caused by: redis.clients.jedis.exceptions.JedisConnectionException: java.net.ConnectException: Connection refused (Connection refused)
	at org.springframework.data.redis.core.DefaultValueOperationsTests.tearDown(DefaultValueOperationsTests.java:93)
Caused by: java.net.ConnectException: Connection refused (Connection refused)
	at org.springframework.data.redis.core.DefaultValueOperationsTests.tearDown(DefaultValueOperationsTests.java:93)
</error>
  </testcase>
  <testcase name="testMultiSet[2]" classname="org.springframework.data.redis.core.DefaultValueOperationsTests" time="0.002">
    <error message="Cannot get Jedis connection; nested exception is redis.clients.jedis.exceptions.JedisConnectionException: Could not get a resource from the pool" type="org.springframework.data.redis.RedisConnectionFailureException">org.springframework.data.redis.RedisConnectionFailureException: Cannot get Jedis connection; nested exception is redis.clients.jedis.exceptions.JedisConnectionException: Could not get a resource from the pool
	at org.springframework.data.redis.core.DefaultValueOperationsTests.testMultiSet(DefaultValueOperationsTests.java:225)
Caused by: redis.clients.jedis.exceptions.JedisConnectionException: Could not get a resource from the pool
	at org.springframework.data.redis.core.DefaultValueOperationsTests.testMultiSet(DefaultValueOperationsTests.java:225)
Caused by: redis.clients.jedis.exceptions.JedisConnectionException: java.net.ConnectException: Connection refused (Connection refused)
	at org.springframework.data.redis.core.DefaultValueOperationsTests.testMultiSet(DefaultValueOperationsTests.java:225)
Caused by: java.net.ConnectException: Connection refused (Connection refused)
	at org.springframework.data.redis.core.DefaultValueOperationsTests.testMultiSet(DefaultValueOperationsTests.java:225)
</error>
  </testcase>
  <testcase name="testMultiSet[2]" classname="org.springframework.data.redis.core.DefaultValueOperationsTests" time="0.002">
    <error message="Cannot get Jedis connection; nested exception is redis.clients.jedis.exceptions.JedisConnectionException: Could not get a resource from the pool" type="org.springframework.data.redis.RedisConnectionFailureException">org.springframework.data.redis.RedisConnectionFailureException: Cannot get Jedis connection; nested exception is redis.clients.jedis.exceptions.JedisConnectionException: Could not get a resource from the pool
	at org.springframework.data.redis.core.DefaultValueOperationsTests.tearDown(DefaultValueOperationsTests.java:93)
Caused by: redis.clients.jedis.exceptions.JedisConnectionException: Could not get a resource from the pool
	at org.springframework.data.redis.core.DefaultValueOperationsTests.tearDown(DefaultValueOperationsTests.java:93)
Caused by: redis.clients.jedis.exceptions.JedisConnectionException: java.net.ConnectException: Connection refused (Connection refused)
	at org.springframework.data.redis.core.DefaultValueOperationsTests.tearDown(DefaultValueOperationsTests.java:93)
Caused by: java.net.ConnectException: Connection refused (Connection refused)
	at org.springframework.data.redis.core.DefaultValueOperationsTests.tearDown(DefaultValueOperationsTests.java:93)
</error>
  </testcase>
  <testcase name="testGetSet[2]" classname="org.springframework.data.redis.core.DefaultValueOperationsTests" time="0.002">
    <error message="Cannot get Jedis connection; nested exception is redis.clients.jedis.exceptions.JedisConnectionException: Could not get a resource from the pool" type="org.springframework.data.redis.RedisConnectionFailureException">org.springframework.data.redis.RedisConnectionFailureException: Cannot get Jedis connection; nested exception is redis.clients.jedis.exceptions.JedisConnectionException: Could not get a resource from the pool
	at org.springframework.data.redis.core.DefaultValueOperationsTests.testGetSet(DefaultValueOperationsTests.java:236)
Caused by: redis.clients.jedis.exceptions.JedisConnectionException: Could not get a resource from the pool
	at org.springframework.data.redis.core.DefaultValueOperationsTests.testGetSet(DefaultValueOperationsTests.java:236)
Caused by: redis.clients.jedis.exceptions.JedisConnectionException: java.net.ConnectException: Connection refused (Connection refused)
	at org.springframework.data.redis.core.DefaultValueOperationsTests.testGetSet(DefaultValueOperationsTests.java:236)
Caused by: java.net.ConnectException: Connection refused (Connection refused)
	at org.springframework.data.redis.core.DefaultValueOperationsTests.testGetSet(DefaultValueOperationsTests.java:236)
</error>
  </testcase>
  <testcase name="testGetSet[2]" classname="org.springframework.data.redis.core.DefaultValueOperationsTests" time="0.002">
    <error message="Cannot get Jedis connection; nested exception is redis.clients.jedis.exceptions.JedisConnectionException: Could not get a resource from the pool" type="org.springframework.data.redis.RedisConnectionFailureException">org.springframework.data.redis.RedisConnectionFailureException: Cannot get Jedis connection; nested exception is redis.clients.jedis.exceptions.JedisConnectionException: Could not get a resource from the pool
	at org.springframework.data.redis.core.DefaultValueOperationsTests.tearDown(DefaultValueOperationsTests.java:93)
Caused by: redis.clients.jedis.exceptions.JedisConnectionException: Could not get a resource from the pool
	at org.springframework.data.redis.core.DefaultValueOperationsTests.tearDown(DefaultValueOperationsTests.java:93)
Caused by: redis.clients.jedis.exceptions.JedisConnectionException: java.net.ConnectException: Connection refused (Connection refused)
	at org.springframework.data.redis.core.DefaultValueOperationsTests.tearDown(DefaultValueOperationsTests.java:93)
Caused by: java.net.ConnectException: Connection refused (Connection refused)
	at org.springframework.data.redis.core.DefaultValueOperationsTests.tearDown(DefaultValueOperationsTests.java:93)
</error>
  </testcase>
  <testcase name="testMultiSetIfAbsent[2]" classname="org.springframework.data.redis.core.DefaultValueOperationsTests" time="0.001">
    <error message="Cannot get Jedis connection; nested exception is redis.clients.jedis.exceptions.JedisConnectionException: Could not get a resource from the pool" type="org.springframework.data.redis.RedisConnectionFailureException">org.springframework.data.redis.RedisConnectionFailureException: Cannot get Jedis connection; nested exception is redis.clients.jedis.exceptions.JedisConnectionException: Could not get a resource from the pool
	at org.springframework.data.redis.core.DefaultValueOperationsTests.testMultiSetIfAbsent(DefaultValueOperationsTests.java:191)
Caused by: redis.clients.jedis.exceptions.JedisConnectionException: Could not get a resource from the pool
	at org.springframework.data.redis.core.DefaultValueOperationsTests.testMultiSetIfAbsent(DefaultValueOperationsTests.java:191)
Caused by: redis.clients.jedis.exceptions.JedisConnectionException: java.net.ConnectException: Connection refused (Connection refused)
	at org.springframework.data.redis.core.DefaultValueOperationsTests.testMultiSetIfAbsent(DefaultValueOperationsTests.java:191)
Caused by: java.net.ConnectException: Connection refused (Connection refused)
	at org.springframework.data.redis.core.DefaultValueOperationsTests.testMultiSetIfAbsent(DefaultValueOperationsTests.java:191)
</error>
  </testcase>
  <testcase name="testMultiSetIfAbsent[2]" classname="org.springframework.data.redis.core.DefaultValueOperationsTests" time="0.002">
    <error message="Cannot get Jedis connection; nested exception is redis.clients.jedis.exceptions.JedisConnectionException: Could not get a resource from the pool" type="org.springframework.data.redis.RedisConnectionFailureException">org.springframework.data.redis.RedisConnectionFailureException: Cannot get Jedis connection; nested exception is redis.clients.jedis.exceptions.JedisConnectionException: Could not get a resource from the pool
	at org.springframework.data.redis.core.DefaultValueOperationsTests.tearDown(DefaultValueOperationsTests.java:93)
Caused by: redis.clients.jedis.exceptions.JedisConnectionException: Could not get a resource from the pool
	at org.springframework.data.redis.core.DefaultValueOperationsTests.tearDown(DefaultValueOperationsTests.java:93)
Caused by: redis.clients.jedis.exceptions.JedisConnectionException: java.net.ConnectException: Connection refused (Connection refused)
	at org.springframework.data.redis.core.DefaultValueOperationsTests.tearDown(DefaultValueOperationsTests.java:93)
Caused by: java.net.ConnectException: Connection refused (Connection refused)
	at org.springframework.data.redis.core.DefaultValueOperationsTests.tearDown(DefaultValueOperationsTests.java:93)
</error>
  </testcase>
  <testcase name="testSetIfAbsent[2]" classname="org.springframework.data.redis.core.DefaultValueOperationsTests" time="0.001">
    <error message="Cannot get Jedis connection; nested exception is redis.clients.jedis.exceptions.JedisConnectionException: Could not get a resource from the pool" type="org.springframework.data.redis.RedisConnectionFailureException">org.springframework.data.redis.RedisConnectionFailureException: Cannot get Jedis connection; nested exception is redis.clients.jedis.exceptions.JedisConnectionException: Could not get a resource from the pool
	at org.springframework.data.redis.core.DefaultValueOperationsTests.testSetIfAbsent(DefaultValueOperationsTests.java:357)
Caused by: redis.clients.jedis.exceptions.JedisConnectionException: Could not get a resource from the pool
	at org.springframework.data.redis.core.DefaultValueOperationsTests.testSetIfAbsent(DefaultValueOperationsTests.java:357)
Caused by: redis.clients.jedis.exceptions.JedisConnectionException: java.net.ConnectException: Connection refused (Connection refused)
	at org.springframework.data.redis.core.DefaultValueOperationsTests.testSetIfAbsent(DefaultValueOperationsTests.java:357)
Caused by: java.net.ConnectException: Connection refused (Connection refused)
	at org.springframework.data.redis.core.DefaultValueOperationsTests.testSetIfAbsent(DefaultValueOperationsTests.java:357)
</error>
  </testcase>
  <testcase name="testSetIfAbsent[2]" classname="org.springframework.data.redis.core.DefaultValueOperationsTests" time="0.002">
    <error message="Cannot get Jedis connection; nested exception is redis.clients.jedis.exceptions.JedisConnectionException: Could not get a resource from the pool" type="org.springframework.data.redis.RedisConnectionFailureException">org.springframework.data.redis.RedisConnectionFailureException: Cannot get Jedis connection; nested exception is redis.clients.jedis.exceptions.JedisConnectionException: Could not get a resource from the pool
	at org.springframework.data.redis.core.DefaultValueOperationsTests.tearDown(DefaultValueOperationsTests.java:93)
Caused by: redis.clients.jedis.exceptions.JedisConnectionException: Could not get a resource from the pool
	at org.springframework.data.redis.core.DefaultValueOperationsTests.tearDown(DefaultValueOperationsTests.java:93)
Caused by: redis.clients.jedis.exceptions.JedisConnectionException: java.net.ConnectException: Connection refused (Connection refused)
	at org.springframework.data.redis.core.DefaultValueOperationsTests.tearDown(DefaultValueOperationsTests.java:93)
Caused by: java.net.ConnectException: Connection refused (Connection refused)
	at org.springframework.data.redis.core.DefaultValueOperationsTests.tearDown(DefaultValueOperationsTests.java:93)
</error>
  </testcase>
  <testcase name="testRawKeysCollection[2]" classname="org.springframework.data.redis.core.DefaultValueOperationsTests" time="0.001">
    <error message="Cannot get Jedis connection; nested exception is redis.clients.jedis.exceptions.JedisConnectionException: Could not get a resource from the pool" type="org.springframework.data.redis.RedisConnectionFailureException">org.springframework.data.redis.RedisConnectionFailureException: Cannot get Jedis connection; nested exception is redis.clients.jedis.exceptions.JedisConnectionException: Could not get a resource from the pool
	at org.springframework.data.redis.core.DefaultValueOperationsTests.tearDown(DefaultValueOperationsTests.java:93)
Caused by: redis.clients.jedis.exceptions.JedisConnectionException: Could not get a resource from the pool
	at org.springframework.data.redis.core.DefaultValueOperationsTests.tearDown(DefaultValueOperationsTests.java:93)
Caused by: redis.clients.jedis.exceptions.JedisConnectionException: java.net.ConnectException: Connection refused (Connection refused)
	at org.springframework.data.redis.core.DefaultValueOperationsTests.tearDown(DefaultValueOperationsTests.java:93)
Caused by: java.net.ConnectException: Connection refused (Connection refused)
	at org.springframework.data.redis.core.DefaultValueOperationsTests.tearDown(DefaultValueOperationsTests.java:93)
</error>
  </testcase>
  <testcase name="testSetRange[2]" classname="org.springframework.data.redis.core.DefaultValueOperationsTests" time="0.001">
    <error message="got: &lt;false&gt;, expected: is &lt;true&gt;" type="org.junit.AssumptionViolatedException"><![CDATA[org.junit.AssumptionViolatedException: got: <false>, expected: is <true>
	at org.springframework.data.redis.core.DefaultValueOperationsTests.testSetRange(DefaultValueOperationsTests.java:342)
]]></error>
  </testcase>
  <testcase name="testSetRange[2]" classname="org.springframework.data.redis.core.DefaultValueOperationsTests" time="0.001">
    <error message="Cannot get Jedis connection; nested exception is redis.clients.jedis.exceptions.JedisConnectionException: Could not get a resource from the pool" type="org.springframework.data.redis.RedisConnectionFailureException">org.springframework.data.redis.RedisConnectionFailureException: Cannot get Jedis connection; nested exception is redis.clients.jedis.exceptions.JedisConnectionException: Could not get a resource from the pool
	at org.springframework.data.redis.core.DefaultValueOperationsTests.tearDown(DefaultValueOperationsTests.java:93)
Caused by: redis.clients.jedis.exceptions.JedisConnectionException: Could not get a resource from the pool
	at org.springframework.data.redis.core.DefaultValueOperationsTests.tearDown(DefaultValueOperationsTests.java:93)
Caused by: redis.clients.jedis.exceptions.JedisConnectionException: java.net.ConnectException: Connection refused (Connection refused)
	at org.springframework.data.redis.core.DefaultValueOperationsTests.tearDown(DefaultValueOperationsTests.java:93)
Caused by: java.net.ConnectException: Connection refused (Connection refused)
	at org.springframework.data.redis.core.DefaultValueOperationsTests.tearDown(DefaultValueOperationsTests.java:93)
</error>
  </testcase>
  <testcase name="testSetWithExpirationEX[3]" classname="org.springframework.data.redis.core.DefaultValueOperationsTests" time="0.002">
    <error message="Cannot get Jedis connection; nested exception is redis.clients.jedis.exceptions.JedisConnectionException: Could not get a resource from the pool" type="org.springframework.data.redis.RedisConnectionFailureException">org.springframework.data.redis.RedisConnectionFailureException: Cannot get Jedis connection; nested exception is redis.clients.jedis.exceptions.JedisConnectionException: Could not get a resource from the pool
	at org.springframework.data.redis.core.DefaultValueOperationsTests.testSetWithExpirationEX(DefaultValueOperationsTests.java:273)
Caused by: redis.clients.jedis.exceptions.JedisConnectionException: Could not get a resource from the pool
	at org.springframework.data.redis.core.DefaultValueOperationsTests.testSetWithExpirationEX(DefaultValueOperationsTests.java:273)
Caused by: redis.clients.jedis.exceptions.JedisConnectionException: java.net.ConnectException: Connection refused (Connection refused)
	at org.springframework.data.redis.core.DefaultValueOperationsTests.testSetWithExpirationEX(DefaultValueOperationsTests.java:273)
Caused by: java.net.ConnectException: Connection refused (Connection refused)
	at org.springframework.data.redis.core.DefaultValueOperationsTests.testSetWithExpirationEX(DefaultValueOperationsTests.java:273)
</error>
  </testcase>
  <testcase name="testSetWithExpirationEX[3]" classname="org.springframework.data.redis.core.DefaultValueOperationsTests" time="0.002">
    <error message="Cannot get Jedis connection; nested exception is redis.clients.jedis.exceptions.JedisConnectionException: Could not get a resource from the pool" type="org.springframework.data.redis.RedisConnectionFailureException">org.springframework.data.redis.RedisConnectionFailureException: Cannot get Jedis connection; nested exception is redis.clients.jedis.exceptions.JedisConnectionException: Could not get a resource from the pool
	at org.springframework.data.redis.core.DefaultValueOperationsTests.tearDown(DefaultValueOperationsTests.java:93)
Caused by: redis.clients.jedis.exceptions.JedisConnectionException: Could not get a resource from the pool
	at org.springframework.data.redis.core.DefaultValueOperationsTests.tearDown(DefaultValueOperationsTests.java:93)
Caused by: redis.clients.jedis.exceptions.JedisConnectionException: java.net.ConnectException: Connection refused (Connection refused)
	at org.springframework.data.redis.core.DefaultValueOperationsTests.tearDown(DefaultValueOperationsTests.java:93)
Caused by: java.net.ConnectException: Connection refused (Connection refused)
	at org.springframework.data.redis.core.DefaultValueOperationsTests.tearDown(DefaultValueOperationsTests.java:93)
</error>
  </testcase>
  <testcase name="testSetWithExpirationPX[3]" classname="org.springframework.data.redis.core.DefaultValueOperationsTests" time="0.002">
    <error message="Cannot get Jedis connection; nested exception is redis.clients.jedis.exceptions.JedisConnectionException: Could not get a resource from the pool" type="org.springframework.data.redis.RedisConnectionFailureException">org.springframework.data.redis.RedisConnectionFailureException: Cannot get Jedis connection; nested exception is redis.clients.jedis.exceptions.JedisConnectionException: Could not get a resource from the pool
	at org.springframework.data.redis.core.DefaultValueOperationsTests.testSetWithExpirationPX(DefaultValueOperationsTests.java:287)
Caused by: redis.clients.jedis.exceptions.JedisConnectionException: Could not get a resource from the pool
	at org.springframework.data.redis.core.DefaultValueOperationsTests.testSetWithExpirationPX(DefaultValueOperationsTests.java:287)
Caused by: redis.clients.jedis.exceptions.JedisConnectionException: java.net.ConnectException: Connection refused (Connection refused)
	at org.springframework.data.redis.core.DefaultValueOperationsTests.testSetWithExpirationPX(DefaultValueOperationsTests.java:287)
Caused by: java.net.ConnectException: Connection refused (Connection refused)
	at org.springframework.data.redis.core.DefaultValueOperationsTests.testSetWithExpirationPX(DefaultValueOperationsTests.java:287)
</error>
  </testcase>
  <testcase name="testSetWithExpirationPX[3]" classname="org.springframework.data.redis.core.DefaultValueOperationsTests" time="0.002">
    <error message="Cannot get Jedis connection; nested exception is redis.clients.jedis.exceptions.JedisConnectionException: Could not get a resource from the pool" type="org.springframework.data.redis.RedisConnectionFailureException">org.springframework.data.redis.RedisConnectionFailureException: Cannot get Jedis connection; nested exception is redis.clients.jedis.exceptions.JedisConnectionException: Could not get a resource from the pool
	at org.springframework.data.redis.core.DefaultValueOperationsTests.tearDown(DefaultValueOperationsTests.java:93)
Caused by: redis.clients.jedis.exceptions.JedisConnectionException: Could not get a resource from the pool
	at org.springframework.data.redis.core.DefaultValueOperationsTests.tearDown(DefaultValueOperationsTests.java:93)
Caused by: redis.clients.jedis.exceptions.JedisConnectionException: java.net.ConnectException: Connection refused (Connection refused)
	at org.springframework.data.redis.core.DefaultValueOperationsTests.tearDown(DefaultValueOperationsTests.java:93)
Caused by: java.net.ConnectException: Connection refused (Connection refused)
	at org.springframework.data.redis.core.DefaultValueOperationsTests.tearDown(DefaultValueOperationsTests.java:93)
</error>
  </testcase>
  <testcase name="testSetAndGetBit[3]" classname="org.springframework.data.redis.core.DefaultValueOperationsTests" time="0">
    <error message="got: &lt;false&gt;, expected: is &lt;true&gt;" type="org.junit.AssumptionViolatedException"><![CDATA[org.junit.AssumptionViolatedException: got: <false>, expected: is <true>
	at org.springframework.data.redis.core.DefaultValueOperationsTests.testSetAndGetBit(DefaultValueOperationsTests.java:530)
]]></error>
  </testcase>
  <testcase name="testSetAndGetBit[3]" classname="org.springframework.data.redis.core.DefaultValueOperationsTests" time="0.001">
    <error message="Cannot get Jedis connection; nested exception is redis.clients.jedis.exceptions.JedisConnectionException: Could not get a resource from the pool" type="org.springframework.data.redis.RedisConnectionFailureException">org.springframework.data.redis.RedisConnectionFailureException: Cannot get Jedis connection; nested exception is redis.clients.jedis.exceptions.JedisConnectionException: Could not get a resource from the pool
	at org.springframework.data.redis.core.DefaultValueOperationsTests.tearDown(DefaultValueOperationsTests.java:93)
Caused by: redis.clients.jedis.exceptions.JedisConnectionException: Could not get a resource from the pool
	at org.springframework.data.redis.core.DefaultValueOperationsTests.tearDown(DefaultValueOperationsTests.java:93)
Caused by: redis.clients.jedis.exceptions.JedisConnectionException: java.net.ConnectException: Connection refused (Connection refused)
	at org.springframework.data.redis.core.DefaultValueOperationsTests.tearDown(DefaultValueOperationsTests.java:93)
Caused by: java.net.ConnectException: Connection refused (Connection refused)
	at org.springframework.data.redis.core.DefaultValueOperationsTests.tearDown(DefaultValueOperationsTests.java:93)
</error>
  </testcase>
  <testcase name="setIfPresentReturnsFalseWhenKeyDoesNotExist[3]" classname="org.springframework.data.redis.core.DefaultValueOperationsTests" time="0.002">
    <error message="Cannot get Jedis connection; nested exception is redis.clients.jedis.exceptions.JedisConnectionException: Could not get a resource from the pool" type="org.springframework.data.redis.RedisConnectionFailureException">org.springframework.data.redis.RedisConnectionFailureException: Cannot get Jedis connection; nested exception is redis.clients.jedis.exceptions.JedisConnectionException: Could not get a resource from the pool
	at org.springframework.data.redis.core.DefaultValueOperationsTests.setIfPresentReturnsFalseWhenKeyDoesNotExist(DefaultValueOperationsTests.java:424)
Caused by: redis.clients.jedis.exceptions.JedisConnectionException: Could not get a resource from the pool
	at org.springframework.data.redis.core.DefaultValueOperationsTests.setIfPresentReturnsFalseWhenKeyDoesNotExist(DefaultValueOperationsTests.java:424)
Caused by: redis.clients.jedis.exceptions.JedisConnectionException: java.net.ConnectException: Connection refused (Connection refused)
	at org.springframework.data.redis.core.DefaultValueOperationsTests.setIfPresentReturnsFalseWhenKeyDoesNotExist(DefaultValueOperationsTests.java:424)
Caused by: java.net.ConnectException: Connection refused (Connection refused)
	at org.springframework.data.redis.core.DefaultValueOperationsTests.setIfPresentReturnsFalseWhenKeyDoesNotExist(DefaultValueOperationsTests.java:424)
</error>
  </testcase>
  <testcase name="setIfPresentReturnsFalseWhenKeyDoesNotExist[3]" classname="org.springframework.data.redis.core.DefaultValueOperationsTests" time="0.002">
    <error message="Cannot get Jedis connection; nested exception is redis.clients.jedis.exceptions.JedisConnectionException: Could not get a resource from the pool" type="org.springframework.data.redis.RedisConnectionFailureException">org.springframework.data.redis.RedisConnectionFailureException: Cannot get Jedis connection; nested exception is redis.clients.jedis.exceptions.JedisConnectionException: Could not get a resource from the pool
	at org.springframework.data.redis.core.DefaultValueOperationsTests.tearDown(DefaultValueOperationsTests.java:93)
Caused by: redis.clients.jedis.exceptions.JedisConnectionException: Could not get a resource from the pool
	at org.springframework.data.redis.core.DefaultValueOperationsTests.tearDown(DefaultValueOperationsTests.java:93)
Caused by: redis.clients.jedis.exceptions.JedisConnectionException: java.net.ConnectException: Connection refused (Connection refused)
	at org.springframework.data.redis.core.DefaultValueOperationsTests.tearDown(DefaultValueOperationsTests.java:93)
Caused by: java.net.ConnectException: Connection refused (Connection refused)
	at org.springframework.data.redis.core.DefaultValueOperationsTests.tearDown(DefaultValueOperationsTests.java:93)
</error>
  </testcase>
  <testcase name="testGetRange[3]" classname="org.springframework.data.redis.core.DefaultValueOperationsTests" time="0.001">
    <error message="got: &lt;false&gt;, expected: is &lt;true&gt;" type="org.junit.AssumptionViolatedException"><![CDATA[org.junit.AssumptionViolatedException: got: <false>, expected: is <true>
	at org.springframework.data.redis.core.DefaultValueOperationsTests.testGetRange(DefaultValueOperationsTests.java:328)
]]></error>
  </testcase>
  <testcase name="testGetRange[3]" classname="org.springframework.data.redis.core.DefaultValueOperationsTests" time="0.002">
    <error message="Cannot get Jedis connection; nested exception is redis.clients.jedis.exceptions.JedisConnectionException: Could not get a resource from the pool" type="org.springframework.data.redis.RedisConnectionFailureException">org.springframework.data.redis.RedisConnectionFailureException: Cannot get Jedis connection; nested exception is redis.clients.jedis.exceptions.JedisConnectionException: Could not get a resource from the pool
	at org.springframework.data.redis.core.DefaultValueOperationsTests.tearDown(DefaultValueOperationsTests.java:93)
Caused by: redis.clients.jedis.exceptions.JedisConnectionException: Could not get a resource from the pool
	at org.springframework.data.redis.core.DefaultValueOperationsTests.tearDown(DefaultValueOperationsTests.java:93)
Caused by: redis.clients.jedis.exceptions.JedisConnectionException: java.net.ConnectException: Connection refused (Connection refused)
	at org.springframework.data.redis.core.DefaultValueOperationsTests.tearDown(DefaultValueOperationsTests.java:93)
Caused by: java.net.ConnectException: Connection refused (Connection refused)
	at org.springframework.data.redis.core.DefaultValueOperationsTests.tearDown(DefaultValueOperationsTests.java:93)
</error>
  </testcase>
  <testcase name="testSetIfAbsentWithExpirationEX[3]" classname="org.springframework.data.redis.core.DefaultValueOperationsTests" time="0.001">
    <error message="Cannot get Jedis connection; nested exception is redis.clients.jedis.exceptions.JedisConnectionException: Could not get a resource from the pool" type="org.springframework.data.redis.RedisConnectionFailureException">org.springframework.data.redis.RedisConnectionFailureException: Cannot get Jedis connection; nested exception is redis.clients.jedis.exceptions.JedisConnectionException: Could not get a resource from the pool
	at org.springframework.data.redis.core.DefaultValueOperationsTests.testSetIfAbsentWithExpirationEX(DefaultValueOperationsTests.java:384)
Caused by: redis.clients.jedis.exceptions.JedisConnectionException: Could not get a resource from the pool
	at org.springframework.data.redis.core.DefaultValueOperationsTests.testSetIfAbsentWithExpirationEX(DefaultValueOperationsTests.java:384)
Caused by: redis.clients.jedis.exceptions.JedisConnectionException: java.net.ConnectException: Connection refused (Connection refused)
	at org.springframework.data.redis.core.DefaultValueOperationsTests.testSetIfAbsentWithExpirationEX(DefaultValueOperationsTests.java:384)
Caused by: java.net.ConnectException: Connection refused (Connection refused)
	at org.springframework.data.redis.core.DefaultValueOperationsTests.testSetIfAbsentWithExpirationEX(DefaultValueOperationsTests.java:384)
</error>
  </testcase>
  <testcase name="testSetIfAbsentWithExpirationEX[3]" classname="org.springframework.data.redis.core.DefaultValueOperationsTests" time="0.002">
    <error message="Cannot get Jedis connection; nested exception is redis.clients.jedis.exceptions.JedisConnectionException: Could not get a resource from the pool" type="org.springframework.data.redis.RedisConnectionFailureException">org.springframework.data.redis.RedisConnectionFailureException: Cannot get Jedis connection; nested exception is redis.clients.jedis.exceptions.JedisConnectionException: Could not get a resource from the pool
	at org.springframework.data.redis.core.DefaultValueOperationsTests.tearDown(DefaultValueOperationsTests.java:93)
Caused by: redis.clients.jedis.exceptions.JedisConnectionException: Could not get a resource from the pool
	at org.springframework.data.redis.core.DefaultValueOperationsTests.tearDown(DefaultValueOperationsTests.java:93)
Caused by: redis.clients.jedis.exceptions.JedisConnectionException: java.net.ConnectException: Connection refused (Connection refused)
	at org.springframework.data.redis.core.DefaultValueOperationsTests.tearDown(DefaultValueOperationsTests.java:93)
Caused by: java.net.ConnectException: Connection refused (Connection refused)
	at org.springframework.data.redis.core.DefaultValueOperationsTests.tearDown(DefaultValueOperationsTests.java:93)
</error>
  </testcase>
  <testcase name="testSetIfAbsentWithExpirationPX[3]" classname="org.springframework.data.redis.core.DefaultValueOperationsTests" time="0.001">
    <error message="Cannot get Jedis connection; nested exception is redis.clients.jedis.exceptions.JedisConnectionException: Could not get a resource from the pool" type="org.springframework.data.redis.RedisConnectionFailureException">org.springframework.data.redis.RedisConnectionFailureException: Cannot get Jedis connection; nested exception is redis.clients.jedis.exceptions.JedisConnectionException: Could not get a resource from the pool
	at org.springframework.data.redis.core.DefaultValueOperationsTests.testSetIfAbsentWithExpirationPX(DefaultValueOperationsTests.java:400)
Caused by: redis.clients.jedis.exceptions.JedisConnectionException: Could not get a resource from the pool
	at org.springframework.data.redis.core.DefaultValueOperationsTests.testSetIfAbsentWithExpirationPX(DefaultValueOperationsTests.java:400)
Caused by: redis.clients.jedis.exceptions.JedisConnectionException: java.net.ConnectException: Connection refused (Connection refused)
	at org.springframework.data.redis.core.DefaultValueOperationsTests.testSetIfAbsentWithExpirationPX(DefaultValueOperationsTests.java:400)
Caused by: java.net.ConnectException: Connection refused (Connection refused)
	at org.springframework.data.redis.core.DefaultValueOperationsTests.testSetIfAbsentWithExpirationPX(DefaultValueOperationsTests.java:400)
</error>
  </testcase>
  <testcase name="testSetIfAbsentWithExpirationPX[3]" classname="org.springframework.data.redis.core.DefaultValueOperationsTests" time="0.002">
    <error message="Cannot get Jedis connection; nested exception is redis.clients.jedis.exceptions.JedisConnectionException: Could not get a resource from the pool" type="org.springframework.data.redis.RedisConnectionFailureException">org.springframework.data.redis.RedisConnectionFailureException: Cannot get Jedis connection; nested exception is redis.clients.jedis.exceptions.JedisConnectionException: Could not get a resource from the pool
	at org.springframework.data.redis.core.DefaultValueOperationsTests.tearDown(DefaultValueOperationsTests.java:93)
Caused by: redis.clients.jedis.exceptions.JedisConnectionException: Could not get a resource from the pool
	at org.springframework.data.redis.core.DefaultValueOperationsTests.tearDown(DefaultValueOperationsTests.java:93)
Caused by: redis.clients.jedis.exceptions.JedisConnectionException: java.net.ConnectException: Connection refused (Connection refused)
	at org.springframework.data.redis.core.DefaultValueOperationsTests.tearDown(DefaultValueOperationsTests.java:93)
Caused by: java.net.ConnectException: Connection refused (Connection refused)
	at org.springframework.data.redis.core.DefaultValueOperationsTests.tearDown(DefaultValueOperationsTests.java:93)
</error>
  </testcase>
  <testcase name="setIfPresentReturnsTrueWhenKeyExists[3]" classname="org.springframework.data.redis.core.DefaultValueOperationsTests" time="0.002">
    <error message="Cannot get Jedis connection; nested exception is redis.clients.jedis.exceptions.JedisConnectionException: Could not get a resource from the pool" type="org.springframework.data.redis.RedisConnectionFailureException">org.springframework.data.redis.RedisConnectionFailureException: Cannot get Jedis connection; nested exception is redis.clients.jedis.exceptions.JedisConnectionException: Could not get a resource from the pool
	at org.springframework.data.redis.core.DefaultValueOperationsTests.setIfPresentReturnsTrueWhenKeyExists(DefaultValueOperationsTests.java:416)
Caused by: redis.clients.jedis.exceptions.JedisConnectionException: Could not get a resource from the pool
	at org.springframework.data.redis.core.DefaultValueOperationsTests.setIfPresentReturnsTrueWhenKeyExists(DefaultValueOperationsTests.java:416)
Caused by: redis.clients.jedis.exceptions.JedisConnectionException: java.net.ConnectException: Connection refused (Connection refused)
	at org.springframework.data.redis.core.DefaultValueOperationsTests.setIfPresentReturnsTrueWhenKeyExists(DefaultValueOperationsTests.java:416)
Caused by: java.net.ConnectException: Connection refused (Connection refused)
	at org.springframework.data.redis.core.DefaultValueOperationsTests.setIfPresentReturnsTrueWhenKeyExists(DefaultValueOperationsTests.java:416)
</error>
  </testcase>
  <testcase name="setIfPresentReturnsTrueWhenKeyExists[3]" classname="org.springframework.data.redis.core.DefaultValueOperationsTests" time="0.002">
    <error message="Cannot get Jedis connection; nested exception is redis.clients.jedis.exceptions.JedisConnectionException: Could not get a resource from the pool" type="org.springframework.data.redis.RedisConnectionFailureException">org.springframework.data.redis.RedisConnectionFailureException: Cannot get Jedis connection; nested exception is redis.clients.jedis.exceptions.JedisConnectionException: Could not get a resource from the pool
	at org.springframework.data.redis.core.DefaultValueOperationsTests.tearDown(DefaultValueOperationsTests.java:93)
Caused by: redis.clients.jedis.exceptions.JedisConnectionException: Could not get a resource from the pool
	at org.springframework.data.redis.core.DefaultValueOperationsTests.tearDown(DefaultValueOperationsTests.java:93)
Caused by: redis.clients.jedis.exceptions.JedisConnectionException: java.net.ConnectException: Connection refused (Connection refused)
	at org.springframework.data.redis.core.DefaultValueOperationsTests.tearDown(DefaultValueOperationsTests.java:93)
Caused by: java.net.ConnectException: Connection refused (Connection refused)
	at org.springframework.data.redis.core.DefaultValueOperationsTests.tearDown(DefaultValueOperationsTests.java:93)
</error>
  </testcase>
  <testcase name="testSize[3]" classname="org.springframework.data.redis.core.DefaultValueOperationsTests" time="0.002">
    <error message="Cannot get Jedis connection; nested exception is redis.clients.jedis.exceptions.JedisConnectionException: Could not get a resource from the pool" type="org.springframework.data.redis.RedisConnectionFailureException">org.springframework.data.redis.RedisConnectionFailureException: Cannot get Jedis connection; nested exception is redis.clients.jedis.exceptions.JedisConnectionException: Could not get a resource from the pool
	at org.springframework.data.redis.core.DefaultValueOperationsTests.testSize(DefaultValueOperationsTests.java:487)
Caused by: redis.clients.jedis.exceptions.JedisConnectionException: Could not get a resource from the pool
	at org.springframework.data.redis.core.DefaultValueOperationsTests.testSize(DefaultValueOperationsTests.java:487)
Caused by: redis.clients.jedis.exceptions.JedisConnectionException: java.net.ConnectException: Connection refused (Connection refused)
	at org.springframework.data.redis.core.DefaultValueOperationsTests.testSize(DefaultValueOperationsTests.java:487)
Caused by: java.net.ConnectException: Connection refused (Connection refused)
	at org.springframework.data.redis.core.DefaultValueOperationsTests.testSize(DefaultValueOperationsTests.java:487)
</error>
  </testcase>
  <testcase name="testSize[3]" classname="org.springframework.data.redis.core.DefaultValueOperationsTests" time="0.002">
    <error message="Cannot get Jedis connection; nested exception is redis.clients.jedis.exceptions.JedisConnectionException: Could not get a resource from the pool" type="org.springframework.data.redis.RedisConnectionFailureException">org.springframework.data.redis.RedisConnectionFailureException: Cannot get Jedis connection; nested exception is redis.clients.jedis.exceptions.JedisConnectionException: Could not get a resource from the pool
	at org.springframework.data.redis.core.DefaultValueOperationsTests.tearDown(DefaultValueOperationsTests.java:93)
Caused by: redis.clients.jedis.exceptions.JedisConnectionException: Could not get a resource from the pool
	at org.springframework.data.redis.core.DefaultValueOperationsTests.tearDown(DefaultValueOperationsTests.java:93)
Caused by: redis.clients.jedis.exceptions.JedisConnectionException: java.net.ConnectException: Connection refused (Connection refused)
	at org.springframework.data.redis.core.DefaultValueOperationsTests.tearDown(DefaultValueOperationsTests.java:93)
Caused by: java.net.ConnectException: Connection refused (Connection refused)
	at org.springframework.data.redis.core.DefaultValueOperationsTests.tearDown(DefaultValueOperationsTests.java:93)
</error>
  </testcase>
  <testcase name="testSetIfAbsentWithExpiration[3]" classname="org.springframework.data.redis.core.DefaultValueOperationsTests" time="0.002">
    <error message="Cannot get Jedis connection; nested exception is redis.clients.jedis.exceptions.JedisConnectionException: Could not get a resource from the pool" type="org.springframework.data.redis.RedisConnectionFailureException">org.springframework.data.redis.RedisConnectionFailureException: Cannot get Jedis connection; nested exception is redis.clients.jedis.exceptions.JedisConnectionException: Could not get a resource from the pool
	at org.springframework.data.redis.core.DefaultValueOperationsTests.testSetIfAbsentWithExpiration(DefaultValueOperationsTests.java:368)
Caused by: redis.clients.jedis.exceptions.JedisConnectionException: Could not get a resource from the pool
	at org.springframework.data.redis.core.DefaultValueOperationsTests.testSetIfAbsentWithExpiration(DefaultValueOperationsTests.java:368)
Caused by: redis.clients.jedis.exceptions.JedisConnectionException: java.net.ConnectException: Connection refused (Connection refused)
	at org.springframework.data.redis.core.DefaultValueOperationsTests.testSetIfAbsentWithExpiration(DefaultValueOperationsTests.java:368)
Caused by: java.net.ConnectException: Connection refused (Connection refused)
	at org.springframework.data.redis.core.DefaultValueOperationsTests.testSetIfAbsentWithExpiration(DefaultValueOperationsTests.java:368)
</error>
  </testcase>
  <testcase name="testSetIfAbsentWithExpiration[3]" classname="org.springframework.data.redis.core.DefaultValueOperationsTests" time="0.002">
    <error message="Cannot get Jedis connection; nested exception is redis.clients.jedis.exceptions.JedisConnectionException: Could not get a resource from the pool" type="org.springframework.data.redis.RedisConnectionFailureException">org.springframework.data.redis.RedisConnectionFailureException: Cannot get Jedis connection; nested exception is redis.clients.jedis.exceptions.JedisConnectionException: Could not get a resource from the pool
	at org.springframework.data.redis.core.DefaultValueOperationsTests.tearDown(DefaultValueOperationsTests.java:93)
Caused by: redis.clients.jedis.exceptions.JedisConnectionException: Could not get a resource from the pool
	at org.springframework.data.redis.core.DefaultValueOperationsTests.tearDown(DefaultValueOperationsTests.java:93)
Caused by: redis.clients.jedis.exceptions.JedisConnectionException: java.net.ConnectException: Connection refused (Connection refused)
	at org.springframework.data.redis.core.DefaultValueOperationsTests.tearDown(DefaultValueOperationsTests.java:93)
Caused by: java.net.ConnectException: Connection refused (Connection refused)
	at org.springframework.data.redis.core.DefaultValueOperationsTests.tearDown(DefaultValueOperationsTests.java:93)
</error>
  </testcase>
  <testcase name="testMultiSetIfAbsentFailure[3]" classname="org.springframework.data.redis.core.DefaultValueOperationsTests" time="0.002">
    <error message="Cannot get Jedis connection; nested exception is redis.clients.jedis.exceptions.JedisConnectionException: Could not get a resource from the pool" type="org.springframework.data.redis.RedisConnectionFailureException">org.springframework.data.redis.RedisConnectionFailureException: Cannot get Jedis connection; nested exception is redis.clients.jedis.exceptions.JedisConnectionException: Could not get a resource from the pool
	at org.springframework.data.redis.core.DefaultValueOperationsTests.testMultiSetIfAbsentFailure(DefaultValueOperationsTests.java:204)
Caused by: redis.clients.jedis.exceptions.JedisConnectionException: Could not get a resource from the pool
	at org.springframework.data.redis.core.DefaultValueOperationsTests.testMultiSetIfAbsentFailure(DefaultValueOperationsTests.java:204)
Caused by: redis.clients.jedis.exceptions.JedisConnectionException: java.net.ConnectException: Connection refused (Connection refused)
	at org.springframework.data.redis.core.DefaultValueOperationsTests.testMultiSetIfAbsentFailure(DefaultValueOperationsTests.java:204)
Caused by: java.net.ConnectException: Connection refused (Connection refused)
	at org.springframework.data.redis.core.DefaultValueOperationsTests.testMultiSetIfAbsentFailure(DefaultValueOperationsTests.java:204)
</error>
  </testcase>
  <testcase name="testMultiSetIfAbsentFailure[3]" classname="org.springframework.data.redis.core.DefaultValueOperationsTests" time="0.002">
    <error message="Cannot get Jedis connection; nested exception is redis.clients.jedis.exceptions.JedisConnectionException: Could not get a resource from the pool" type="org.springframework.data.redis.RedisConnectionFailureException">org.springframework.data.redis.RedisConnectionFailureException: Cannot get Jedis connection; nested exception is redis.clients.jedis.exceptions.JedisConnectionException: Could not get a resource from the pool
	at org.springframework.data.redis.core.DefaultValueOperationsTests.tearDown(DefaultValueOperationsTests.java:93)
Caused by: redis.clients.jedis.exceptions.JedisConnectionException: Could not get a resource from the pool
	at org.springframework.data.redis.core.DefaultValueOperationsTests.tearDown(DefaultValueOperationsTests.java:93)
Caused by: redis.clients.jedis.exceptions.JedisConnectionException: java.net.ConnectException: Connection refused (Connection refused)
	at org.springframework.data.redis.core.DefaultValueOperationsTests.tearDown(DefaultValueOperationsTests.java:93)
Caused by: java.net.ConnectException: Connection refused (Connection refused)
	at org.springframework.data.redis.core.DefaultValueOperationsTests.tearDown(DefaultValueOperationsTests.java:93)
</error>
  </testcase>
  <testcase name="testIncrement[3]" classname="org.springframework.data.redis.core.DefaultValueOperationsTests" time="0">
    <error message="got: &lt;false&gt;, expected: is &lt;true&gt;" type="org.junit.AssumptionViolatedException"><![CDATA[org.junit.AssumptionViolatedException: got: <false>, expected: is <true>
	at org.springframework.data.redis.core.DefaultValueOperationsTests.testIncrement(DefaultValueOperationsTests.java:105)
]]></error>
  </testcase>
  <testcase name="testIncrement[3]" classname="org.springframework.data.redis.core.DefaultValueOperationsTests" time="0.001">
    <error message="Cannot get Jedis connection; nested exception is redis.clients.jedis.exceptions.JedisConnectionException: Could not get a resource from the pool" type="org.springframework.data.redis.RedisConnectionFailureException">org.springframework.data.redis.RedisConnectionFailureException: Cannot get Jedis connection; nested exception is redis.clients.jedis.exceptions.JedisConnectionException: Could not get a resource from the pool
	at org.springframework.data.redis.core.DefaultValueOperationsTests.tearDown(DefaultValueOperationsTests.java:93)
Caused by: redis.clients.jedis.exceptions.JedisConnectionException: Could not get a resource from the pool
	at org.springframework.data.redis.core.DefaultValueOperationsTests.tearDown(DefaultValueOperationsTests.java:93)
Caused by: redis.clients.jedis.exceptions.JedisConnectionException: java.net.ConnectException: Connection refused (Connection refused)
	at org.springframework.data.redis.core.DefaultValueOperationsTests.tearDown(DefaultValueOperationsTests.java:93)
Caused by: java.net.ConnectException: Connection refused (Connection refused)
	at org.springframework.data.redis.core.DefaultValueOperationsTests.tearDown(DefaultValueOperationsTests.java:93)
</error>
  </testcase>
  <testcase name="testIncrementDouble[3]" classname="org.springframework.data.redis.core.DefaultValueOperationsTests" time="0.001">
    <error message="Could not initialize class org.springframework.data.redis.RedisTestProfileValueSource" type="java.lang.NoClassDefFoundError">java.lang.NoClassDefFoundError: Could not initialize class org.springframework.data.redis.RedisTestProfileValueSource
	at org.springframework.data.redis.core.DefaultValueOperationsTests.testIncrementDouble(DefaultValueOperationsTests.java:133)
</error>
  </testcase>
  <testcase name="testIncrementDouble[3]" classname="org.springframework.data.redis.core.DefaultValueOperationsTests" time="0.001">
    <error message="Cannot get Jedis connection; nested exception is redis.clients.jedis.exceptions.JedisConnectionException: Could not get a resource from the pool" type="org.springframework.data.redis.RedisConnectionFailureException">org.springframework.data.redis.RedisConnectionFailureException: Cannot get Jedis connection; nested exception is redis.clients.jedis.exceptions.JedisConnectionException: Could not get a resource from the pool
	at org.springframework.data.redis.core.DefaultValueOperationsTests.tearDown(DefaultValueOperationsTests.java:93)
Caused by: redis.clients.jedis.exceptions.JedisConnectionException: Could not get a resource from the pool
	at org.springframework.data.redis.core.DefaultValueOperationsTests.tearDown(DefaultValueOperationsTests.java:93)
Caused by: redis.clients.jedis.exceptions.JedisConnectionException: java.net.ConnectException: Connection refused (Connection refused)
	at org.springframework.data.redis.core.DefaultValueOperationsTests.tearDown(DefaultValueOperationsTests.java:93)
Caused by: java.net.ConnectException: Connection refused (Connection refused)
	at org.springframework.data.redis.core.DefaultValueOperationsTests.tearDown(DefaultValueOperationsTests.java:93)
</error>
  </testcase>
  <testcase name="testSetWithExpirationWithTimeUnitMilliseconds[3]" classname="org.springframework.data.redis.core.DefaultValueOperationsTests" time="0.001">
    <error message="Could not initialize class org.springframework.data.redis.RedisTestProfileValueSource" type="java.lang.NoClassDefFoundError">java.lang.NoClassDefFoundError: Could not initialize class org.springframework.data.redis.RedisTestProfileValueSource
	at org.springframework.data.redis.core.DefaultValueOperationsTests.testSetWithExpirationWithTimeUnitMilliseconds(DefaultValueOperationsTests.java:298)
</error>
  </testcase>
  <testcase name="testSetWithExpirationWithTimeUnitMilliseconds[3]" classname="org.springframework.data.redis.core.DefaultValueOperationsTests" time="0.002">
    <error message="Cannot get Jedis connection; nested exception is redis.clients.jedis.exceptions.JedisConnectionException: Could not get a resource from the pool" type="org.springframework.data.redis.RedisConnectionFailureException">org.springframework.data.redis.RedisConnectionFailureException: Cannot get Jedis connection; nested exception is redis.clients.jedis.exceptions.JedisConnectionException: Could not get a resource from the pool
	at org.springframework.data.redis.core.DefaultValueOperationsTests.tearDown(DefaultValueOperationsTests.java:93)
Caused by: redis.clients.jedis.exceptions.JedisConnectionException: Could not get a resource from the pool
	at org.springframework.data.redis.core.DefaultValueOperationsTests.tearDown(DefaultValueOperationsTests.java:93)
Caused by: redis.clients.jedis.exceptions.JedisConnectionException: java.net.ConnectException: Connection refused (Connection refused)
	at org.springframework.data.redis.core.DefaultValueOperationsTests.tearDown(DefaultValueOperationsTests.java:93)
Caused by: java.net.ConnectException: Connection refused (Connection refused)
	at org.springframework.data.redis.core.DefaultValueOperationsTests.tearDown(DefaultValueOperationsTests.java:93)
</error>
  </testcase>
  <testcase name="testRawKeys[3]" classname="org.springframework.data.redis.core.DefaultValueOperationsTests" time="0.001">
    <error message="Cannot get Jedis connection; nested exception is redis.clients.jedis.exceptions.JedisConnectionException: Could not get a resource from the pool" type="org.springframework.data.redis.RedisConnectionFailureException">org.springframework.data.redis.RedisConnectionFailureException: Cannot get Jedis connection; nested exception is redis.clients.jedis.exceptions.JedisConnectionException: Could not get a resource from the pool
	at org.springframework.data.redis.core.DefaultValueOperationsTests.tearDown(DefaultValueOperationsTests.java:93)
Caused by: redis.clients.jedis.exceptions.JedisConnectionException: Could not get a resource from the pool
	at org.springframework.data.redis.core.DefaultValueOperationsTests.tearDown(DefaultValueOperationsTests.java:93)
Caused by: redis.clients.jedis.exceptions.JedisConnectionException: java.net.ConnectException: Connection refused (Connection refused)
	at org.springframework.data.redis.core.DefaultValueOperationsTests.tearDown(DefaultValueOperationsTests.java:93)
Caused by: java.net.ConnectException: Connection refused (Connection refused)
	at org.springframework.data.redis.core.DefaultValueOperationsTests.tearDown(DefaultValueOperationsTests.java:93)
</error>
  </testcase>
  <testcase name="testDecrementByLong[3]" classname="org.springframework.data.redis.core.DefaultValueOperationsTests" time="0.001">
    <error message="got: &lt;false&gt;, expected: is &lt;true&gt;" type="org.junit.AssumptionViolatedException"><![CDATA[org.junit.AssumptionViolatedException: got: <false>, expected: is <true>
	at org.springframework.data.redis.core.DefaultValueOperationsTests.testDecrementByLong(DefaultValueOperationsTests.java:171)
]]></error>
  </testcase>
  <testcase name="testDecrementByLong[3]" classname="org.springframework.data.redis.core.DefaultValueOperationsTests" time="0.002">
    <error message="Cannot get Jedis connection; nested exception is redis.clients.jedis.exceptions.JedisConnectionException: Could not get a resource from the pool" type="org.springframework.data.redis.RedisConnectionFailureException">org.springframework.data.redis.RedisConnectionFailureException: Cannot get Jedis connection; nested exception is redis.clients.jedis.exceptions.JedisConnectionException: Could not get a resource from the pool
	at org.springframework.data.redis.core.DefaultValueOperationsTests.tearDown(DefaultValueOperationsTests.java:93)
Caused by: redis.clients.jedis.exceptions.JedisConnectionException: Could not get a resource from the pool
	at org.springframework.data.redis.core.DefaultValueOperationsTests.tearDown(DefaultValueOperationsTests.java:93)
Caused by: redis.clients.jedis.exceptions.JedisConnectionException: java.net.ConnectException: Connection refused (Connection refused)
	at org.springframework.data.redis.core.DefaultValueOperationsTests.tearDown(DefaultValueOperationsTests.java:93)
Caused by: java.net.ConnectException: Connection refused (Connection refused)
	at org.springframework.data.redis.core.DefaultValueOperationsTests.tearDown(DefaultValueOperationsTests.java:93)
</error>
  </testcase>
  <testcase name="testGetAndSet[3]" classname="org.springframework.data.redis.core.DefaultValueOperationsTests" time="0.002">
    <error message="Cannot get Jedis connection; nested exception is redis.clients.jedis.exceptions.JedisConnectionException: Could not get a resource from the pool" type="org.springframework.data.redis.RedisConnectionFailureException">org.springframework.data.redis.RedisConnectionFailureException: Cannot get Jedis connection; nested exception is redis.clients.jedis.exceptions.JedisConnectionException: Could not get a resource from the pool
	at org.springframework.data.redis.core.DefaultValueOperationsTests.testGetAndSet(DefaultValueOperationsTests.java:248)
Caused by: redis.clients.jedis.exceptions.JedisConnectionException: Could not get a resource from the pool
	at org.springframework.data.redis.core.DefaultValueOperationsTests.testGetAndSet(DefaultValueOperationsTests.java:248)
Caused by: redis.clients.jedis.exceptions.JedisConnectionException: java.net.ConnectException: Connection refused (Connection refused)
	at org.springframework.data.redis.core.DefaultValueOperationsTests.testGetAndSet(DefaultValueOperationsTests.java:248)
Caused by: java.net.ConnectException: Connection refused (Connection refused)
	at org.springframework.data.redis.core.DefaultValueOperationsTests.testGetAndSet(DefaultValueOperationsTests.java:248)
</error>
  </testcase>
  <testcase name="testGetAndSet[3]" classname="org.springframework.data.redis.core.DefaultValueOperationsTests" time="0.002">
    <error message="Cannot get Jedis connection; nested exception is redis.clients.jedis.exceptions.JedisConnectionException: Could not get a resource from the pool" type="org.springframework.data.redis.RedisConnectionFailureException">org.springframework.data.redis.RedisConnectionFailureException: Cannot get Jedis connection; nested exception is redis.clients.jedis.exceptions.JedisConnectionException: Could not get a resource from the pool
	at org.springframework.data.redis.core.DefaultValueOperationsTests.tearDown(DefaultValueOperationsTests.java:93)
Caused by: redis.clients.jedis.exceptions.JedisConnectionException: Could not get a resource from the pool
	at org.springframework.data.redis.core.DefaultValueOperationsTests.tearDown(DefaultValueOperationsTests.java:93)
Caused by: redis.clients.jedis.exceptions.JedisConnectionException: java.net.ConnectException: Connection refused (Connection refused)
	at org.springframework.data.redis.core.DefaultValueOperationsTests.tearDown(DefaultValueOperationsTests.java:93)
Caused by: java.net.ConnectException: Connection refused (Connection refused)
	at org.springframework.data.redis.core.DefaultValueOperationsTests.tearDown(DefaultValueOperationsTests.java:93)
</error>
  </testcase>
  <testcase name="testDeserializeKey[3]" classname="org.springframework.data.redis.core.DefaultValueOperationsTests" time="0.001">
    <error message="Cannot get Jedis connection; nested exception is redis.clients.jedis.exceptions.JedisConnectionException: Could not get a resource from the pool" type="org.springframework.data.redis.RedisConnectionFailureException">org.springframework.data.redis.RedisConnectionFailureException: Cannot get Jedis connection; nested exception is redis.clients.jedis.exceptions.JedisConnectionException: Could not get a resource from the pool
	at org.springframework.data.redis.core.DefaultValueOperationsTests.tearDown(DefaultValueOperationsTests.java:93)
Caused by: redis.clients.jedis.exceptions.JedisConnectionException: Could not get a resource from the pool
	at org.springframework.data.redis.core.DefaultValueOperationsTests.tearDown(DefaultValueOperationsTests.java:93)
Caused by: redis.clients.jedis.exceptions.JedisConnectionException: java.net.ConnectException: Connection refused (Connection refused)
	at org.springframework.data.redis.core.DefaultValueOperationsTests.tearDown(DefaultValueOperationsTests.java:93)
Caused by: java.net.ConnectException: Connection refused (Connection refused)
	at org.springframework.data.redis.core.DefaultValueOperationsTests.tearDown(DefaultValueOperationsTests.java:93)
</error>
  </testcase>
  <testcase name="setIfPresentShouldSetExpirationCorrectly[3]" classname="org.springframework.data.redis.core.DefaultValueOperationsTests" time="0.002">
    <error message="Cannot get Jedis connection; nested exception is redis.clients.jedis.exceptions.JedisConnectionException: Could not get a resource from the pool" type="org.springframework.data.redis.RedisConnectionFailureException">org.springframework.data.redis.RedisConnectionFailureException: Cannot get Jedis connection; nested exception is redis.clients.jedis.exceptions.JedisConnectionException: Could not get a resource from the pool
	at org.springframework.data.redis.core.DefaultValueOperationsTests.setIfPresentShouldSetExpirationCorrectly(DefaultValueOperationsTests.java:434)
Caused by: redis.clients.jedis.exceptions.JedisConnectionException: Could not get a resource from the pool
	at org.springframework.data.redis.core.DefaultValueOperationsTests.setIfPresentShouldSetExpirationCorrectly(DefaultValueOperationsTests.java:434)
Caused by: redis.clients.jedis.exceptions.JedisConnectionException: java.net.ConnectException: Connection refused (Connection refused)
	at org.springframework.data.redis.core.DefaultValueOperationsTests.setIfPresentShouldSetExpirationCorrectly(DefaultValueOperationsTests.java:434)
Caused by: java.net.ConnectException: Connection refused (Connection refused)
	at org.springframework.data.redis.core.DefaultValueOperationsTests.setIfPresentShouldSetExpirationCorrectly(DefaultValueOperationsTests.java:434)
</error>
  </testcase>
  <testcase name="setIfPresentShouldSetExpirationCorrectly[3]" classname="org.springframework.data.redis.core.DefaultValueOperationsTests" time="0.002">
    <error message="Cannot get Jedis connection; nested exception is redis.clients.jedis.exceptions.JedisConnectionException: Could not get a resource from the pool" type="org.springframework.data.redis.RedisConnectionFailureException">org.springframework.data.redis.RedisConnectionFailureException: Cannot get Jedis connection; nested exception is redis.clients.jedis.exceptions.JedisConnectionException: Could not get a resource from the pool
	at org.springframework.data.redis.core.DefaultValueOperationsTests.tearDown(DefaultValueOperationsTests.java:93)
Caused by: redis.clients.jedis.exceptions.JedisConnectionException: Could not get a resource from the pool
	at org.springframework.data.redis.core.DefaultValueOperationsTests.tearDown(DefaultValueOperationsTests.java:93)
Caused by: redis.clients.jedis.exceptions.JedisConnectionException: java.net.ConnectException: Connection refused (Connection refused)
	at org.springframework.data.redis.core.DefaultValueOperationsTests.tearDown(DefaultValueOperationsTests.java:93)
Caused by: java.net.ConnectException: Connection refused (Connection refused)
	at org.springframework.data.redis.core.DefaultValueOperationsTests.tearDown(DefaultValueOperationsTests.java:93)
</error>
  </testcase>
  <testcase name="testSetWithExpiration[3]" classname="org.springframework.data.redis.core.DefaultValueOperationsTests" time="0.001">
    <error message="Cannot get Jedis connection; nested exception is redis.clients.jedis.exceptions.JedisConnectionException: Could not get a resource from the pool" type="org.springframework.data.redis.RedisConnectionFailureException">org.springframework.data.redis.RedisConnectionFailureException: Cannot get Jedis connection; nested exception is redis.clients.jedis.exceptions.JedisConnectionException: Could not get a resource from the pool
	at org.springframework.data.redis.core.DefaultValueOperationsTests.testSetWithExpiration(DefaultValueOperationsTests.java:259)
Caused by: redis.clients.jedis.exceptions.JedisConnectionException: Could not get a resource from the pool
	at org.springframework.data.redis.core.DefaultValueOperationsTests.testSetWithExpiration(DefaultValueOperationsTests.java:259)
Caused by: redis.clients.jedis.exceptions.JedisConnectionException: java.net.ConnectException: Connection refused (Connection refused)
	at org.springframework.data.redis.core.DefaultValueOperationsTests.testSetWithExpiration(DefaultValueOperationsTests.java:259)
Caused by: java.net.ConnectException: Connection refused (Connection refused)
	at org.springframework.data.redis.core.DefaultValueOperationsTests.testSetWithExpiration(DefaultValueOperationsTests.java:259)
</error>
  </testcase>
  <testcase name="testSetWithExpiration[3]" classname="org.springframework.data.redis.core.DefaultValueOperationsTests" time="0.002">
    <error message="Cannot get Jedis connection; nested exception is redis.clients.jedis.exceptions.JedisConnectionException: Could not get a resource from the pool" type="org.springframework.data.redis.RedisConnectionFailureException">org.springframework.data.redis.RedisConnectionFailureException: Cannot get Jedis connection; nested exception is redis.clients.jedis.exceptions.JedisConnectionException: Could not get a resource from the pool
	at org.springframework.data.redis.core.DefaultValueOperationsTests.tearDown(DefaultValueOperationsTests.java:93)
Caused by: redis.clients.jedis.exceptions.JedisConnectionException: Could not get a resource from the pool
	at org.springframework.data.redis.core.DefaultValueOperationsTests.tearDown(DefaultValueOperationsTests.java:93)
Caused by: redis.clients.jedis.exceptions.JedisConnectionException: java.net.ConnectException: Connection refused (Connection refused)
	at org.springframework.data.redis.core.DefaultValueOperationsTests.tearDown(DefaultValueOperationsTests.java:93)
Caused by: java.net.ConnectException: Connection refused (Connection refused)
	at org.springframework.data.redis.core.DefaultValueOperationsTests.tearDown(DefaultValueOperationsTests.java:93)
</error>
  </testcase>
  <testcase name="testAppend[3]" classname="org.springframework.data.redis.core.DefaultValueOperationsTests" time="0.001">
    <error message="got: &lt;false&gt;, expected: is &lt;true&gt;" type="org.junit.AssumptionViolatedException"><![CDATA[org.junit.AssumptionViolatedException: got: <false>, expected: is <true>
	at org.springframework.data.redis.core.DefaultValueOperationsTests.testAppend(DefaultValueOperationsTests.java:314)
]]></error>
  </testcase>
  <testcase name="testAppend[3]" classname="org.springframework.data.redis.core.DefaultValueOperationsTests" time="0.002">
    <error message="Cannot get Jedis connection; nested exception is redis.clients.jedis.exceptions.JedisConnectionException: Could not get a resource from the pool" type="org.springframework.data.redis.RedisConnectionFailureException">org.springframework.data.redis.RedisConnectionFailureException: Cannot get Jedis connection; nested exception is redis.clients.jedis.exceptions.JedisConnectionException: Could not get a resource from the pool
	at org.springframework.data.redis.core.DefaultValueOperationsTests.tearDown(DefaultValueOperationsTests.java:93)
Caused by: redis.clients.jedis.exceptions.JedisConnectionException: Could not get a resource from the pool
	at org.springframework.data.redis.core.DefaultValueOperationsTests.tearDown(DefaultValueOperationsTests.java:93)
Caused by: redis.clients.jedis.exceptions.JedisConnectionException: java.net.ConnectException: Connection refused (Connection refused)
	at org.springframework.data.redis.core.DefaultValueOperationsTests.tearDown(DefaultValueOperationsTests.java:93)
Caused by: java.net.ConnectException: Connection refused (Connection refused)
	at org.springframework.data.redis.core.DefaultValueOperationsTests.tearDown(DefaultValueOperationsTests.java:93)
</error>
  </testcase>
  <testcase name="testSetIfPresentWithExpirationEX[3]" classname="org.springframework.data.redis.core.DefaultValueOperationsTests" time="0.002">
    <error message="Cannot get Jedis connection; nested exception is redis.clients.jedis.exceptions.JedisConnectionException: Could not get a resource from the pool" type="org.springframework.data.redis.RedisConnectionFailureException">org.springframework.data.redis.RedisConnectionFailureException: Cannot get Jedis connection; nested exception is redis.clients.jedis.exceptions.JedisConnectionException: Could not get a resource from the pool
	at org.springframework.data.redis.core.DefaultValueOperationsTests.testSetIfPresentWithExpirationEX(DefaultValueOperationsTests.java:452)
Caused by: redis.clients.jedis.exceptions.JedisConnectionException: Could not get a resource from the pool
	at org.springframework.data.redis.core.DefaultValueOperationsTests.testSetIfPresentWithExpirationEX(DefaultValueOperationsTests.java:452)
Caused by: redis.clients.jedis.exceptions.JedisConnectionException: java.net.ConnectException: Connection refused (Connection refused)
	at org.springframework.data.redis.core.DefaultValueOperationsTests.testSetIfPresentWithExpirationEX(DefaultValueOperationsTests.java:452)
Caused by: java.net.ConnectException: Connection refused (Connection refused)
	at org.springframework.data.redis.core.DefaultValueOperationsTests.testSetIfPresentWithExpirationEX(DefaultValueOperationsTests.java:452)
</error>
  </testcase>
  <testcase name="testSetIfPresentWithExpirationEX[3]" classname="org.springframework.data.redis.core.DefaultValueOperationsTests" time="0.002">
    <error message="Cannot get Jedis connection; nested exception is redis.clients.jedis.exceptions.JedisConnectionException: Could not get a resource from the pool" type="org.springframework.data.redis.RedisConnectionFailureException">org.springframework.data.redis.RedisConnectionFailureException: Cannot get Jedis connection; nested exception is redis.clients.jedis.exceptions.JedisConnectionException: Could not get a resource from the pool
	at org.springframework.data.redis.core.DefaultValueOperationsTests.tearDown(DefaultValueOperationsTests.java:93)
Caused by: redis.clients.jedis.exceptions.JedisConnectionException: Could not get a resource from the pool
	at org.springframework.data.redis.core.DefaultValueOperationsTests.tearDown(DefaultValueOperationsTests.java:93)
Caused by: redis.clients.jedis.exceptions.JedisConnectionException: java.net.ConnectException: Connection refused (Connection refused)
	at org.springframework.data.redis.core.DefaultValueOperationsTests.tearDown(DefaultValueOperationsTests.java:93)
Caused by: java.net.ConnectException: Connection refused (Connection refused)
	at org.springframework.data.redis.core.DefaultValueOperationsTests.tearDown(DefaultValueOperationsTests.java:93)
</error>
  </testcase>
  <testcase name="testSetIfPresentWithExpirationPX[3]" classname="org.springframework.data.redis.core.DefaultValueOperationsTests" time="0.001">
    <error message="Cannot get Jedis connection; nested exception is redis.clients.jedis.exceptions.JedisConnectionException: Could not get a resource from the pool" type="org.springframework.data.redis.RedisConnectionFailureException">org.springframework.data.redis.RedisConnectionFailureException: Cannot get Jedis connection; nested exception is redis.clients.jedis.exceptions.JedisConnectionException: Could not get a resource from the pool
	at org.springframework.data.redis.core.DefaultValueOperationsTests.testSetIfPresentWithExpirationPX(DefaultValueOperationsTests.java:470)
Caused by: redis.clients.jedis.exceptions.JedisConnectionException: Could not get a resource from the pool
	at org.springframework.data.redis.core.DefaultValueOperationsTests.testSetIfPresentWithExpirationPX(DefaultValueOperationsTests.java:470)
Caused by: redis.clients.jedis.exceptions.JedisConnectionException: java.net.ConnectException: Connection refused (Connection refused)
	at org.springframework.data.redis.core.DefaultValueOperationsTests.testSetIfPresentWithExpirationPX(DefaultValueOperationsTests.java:470)
Caused by: java.net.ConnectException: Connection refused (Connection refused)
	at org.springframework.data.redis.core.DefaultValueOperationsTests.testSetIfPresentWithExpirationPX(DefaultValueOperationsTests.java:470)
</error>
  </testcase>
  <testcase name="testSetIfPresentWithExpirationPX[3]" classname="org.springframework.data.redis.core.DefaultValueOperationsTests" time="0.002">
    <error message="Cannot get Jedis connection; nested exception is redis.clients.jedis.exceptions.JedisConnectionException: Could not get a resource from the pool" type="org.springframework.data.redis.RedisConnectionFailureException">org.springframework.data.redis.RedisConnectionFailureException: Cannot get Jedis connection; nested exception is redis.clients.jedis.exceptions.JedisConnectionException: Could not get a resource from the pool
	at org.springframework.data.redis.core.DefaultValueOperationsTests.tearDown(DefaultValueOperationsTests.java:93)
Caused by: redis.clients.jedis.exceptions.JedisConnectionException: Could not get a resource from the pool
	at org.springframework.data.redis.core.DefaultValueOperationsTests.tearDown(DefaultValueOperationsTests.java:93)
Caused by: redis.clients.jedis.exceptions.JedisConnectionException: java.net.ConnectException: Connection refused (Connection refused)
	at org.springframework.data.redis.core.DefaultValueOperationsTests.tearDown(DefaultValueOperationsTests.java:93)
Caused by: java.net.ConnectException: Connection refused (Connection refused)
	at org.springframework.data.redis.core.DefaultValueOperationsTests.tearDown(DefaultValueOperationsTests.java:93)
</error>
  </testcase>
  <testcase name="testIncrementLong[3]" classname="org.springframework.data.redis.core.DefaultValueOperationsTests" time="0.001">
    <error message="got: &lt;false&gt;, expected: is &lt;true&gt;" type="org.junit.AssumptionViolatedException"><![CDATA[org.junit.AssumptionViolatedException: got: <false>, expected: is <true>
	at org.springframework.data.redis.core.DefaultValueOperationsTests.testIncrementLong(DefaultValueOperationsTests.java:119)
]]></error>
  </testcase>
  <testcase name="testIncrementLong[3]" classname="org.springframework.data.redis.core.DefaultValueOperationsTests" time="0.002">
    <error message="Cannot get Jedis connection; nested exception is redis.clients.jedis.exceptions.JedisConnectionException: Could not get a resource from the pool" type="org.springframework.data.redis.RedisConnectionFailureException">org.springframework.data.redis.RedisConnectionFailureException: Cannot get Jedis connection; nested exception is redis.clients.jedis.exceptions.JedisConnectionException: Could not get a resource from the pool
	at org.springframework.data.redis.core.DefaultValueOperationsTests.tearDown(DefaultValueOperationsTests.java:93)
Caused by: redis.clients.jedis.exceptions.JedisConnectionException: Could not get a resource from the pool
	at org.springframework.data.redis.core.DefaultValueOperationsTests.tearDown(DefaultValueOperationsTests.java:93)
Caused by: redis.clients.jedis.exceptions.JedisConnectionException: java.net.ConnectException: Connection refused (Connection refused)
	at org.springframework.data.redis.core.DefaultValueOperationsTests.tearDown(DefaultValueOperationsTests.java:93)
Caused by: java.net.ConnectException: Connection refused (Connection refused)
	at org.springframework.data.redis.core.DefaultValueOperationsTests.tearDown(DefaultValueOperationsTests.java:93)
</error>
  </testcase>
  <testcase name="testDecrement[3]" classname="org.springframework.data.redis.core.DefaultValueOperationsTests" time="0.001">
    <error message="got: &lt;false&gt;, expected: is &lt;true&gt;" type="org.junit.AssumptionViolatedException"><![CDATA[org.junit.AssumptionViolatedException: got: <false>, expected: is <true>
	at org.springframework.data.redis.core.DefaultValueOperationsTests.testDecrement(DefaultValueOperationsTests.java:157)
]]></error>
  </testcase>
  <testcase name="testDecrement[3]" classname="org.springframework.data.redis.core.DefaultValueOperationsTests" time="0.001">
    <error message="Cannot get Jedis connection; nested exception is redis.clients.jedis.exceptions.JedisConnectionException: Could not get a resource from the pool" type="org.springframework.data.redis.RedisConnectionFailureException">org.springframework.data.redis.RedisConnectionFailureException: Cannot get Jedis connection; nested exception is redis.clients.jedis.exceptions.JedisConnectionException: Could not get a resource from the pool
	at org.springframework.data.redis.core.DefaultValueOperationsTests.tearDown(DefaultValueOperationsTests.java:93)
Caused by: redis.clients.jedis.exceptions.JedisConnectionException: Could not get a resource from the pool
	at org.springframework.data.redis.core.DefaultValueOperationsTests.tearDown(DefaultValueOperationsTests.java:93)
Caused by: redis.clients.jedis.exceptions.JedisConnectionException: java.net.ConnectException: Connection refused (Connection refused)
	at org.springframework.data.redis.core.DefaultValueOperationsTests.tearDown(DefaultValueOperationsTests.java:93)
Caused by: java.net.ConnectException: Connection refused (Connection refused)
	at org.springframework.data.redis.core.DefaultValueOperationsTests.tearDown(DefaultValueOperationsTests.java:93)
</error>
  </testcase>
  <testcase name="testMultiSet[3]" classname="org.springframework.data.redis.core.DefaultValueOperationsTests" time="0.002">
    <error message="Cannot get Jedis connection; nested exception is redis.clients.jedis.exceptions.JedisConnectionException: Could not get a resource from the pool" type="org.springframework.data.redis.RedisConnectionFailureException">org.springframework.data.redis.RedisConnectionFailureException: Cannot get Jedis connection; nested exception is redis.clients.jedis.exceptions.JedisConnectionException: Could not get a resource from the pool
	at org.springframework.data.redis.core.DefaultValueOperationsTests.testMultiSet(DefaultValueOperationsTests.java:225)
Caused by: redis.clients.jedis.exceptions.JedisConnectionException: Could not get a resource from the pool
	at org.springframework.data.redis.core.DefaultValueOperationsTests.testMultiSet(DefaultValueOperationsTests.java:225)
Caused by: redis.clients.jedis.exceptions.JedisConnectionException: java.net.ConnectException: Connection refused (Connection refused)
	at org.springframework.data.redis.core.DefaultValueOperationsTests.testMultiSet(DefaultValueOperationsTests.java:225)
Caused by: java.net.ConnectException: Connection refused (Connection refused)
	at org.springframework.data.redis.core.DefaultValueOperationsTests.testMultiSet(DefaultValueOperationsTests.java:225)
</error>
  </testcase>
  <testcase name="testMultiSet[3]" classname="org.springframework.data.redis.core.DefaultValueOperationsTests" time="0.002">
    <error message="Cannot get Jedis connection; nested exception is redis.clients.jedis.exceptions.JedisConnectionException: Could not get a resource from the pool" type="org.springframework.data.redis.RedisConnectionFailureException">org.springframework.data.redis.RedisConnectionFailureException: Cannot get Jedis connection; nested exception is redis.clients.jedis.exceptions.JedisConnectionException: Could not get a resource from the pool
	at org.springframework.data.redis.core.DefaultValueOperationsTests.tearDown(DefaultValueOperationsTests.java:93)
Caused by: redis.clients.jedis.exceptions.JedisConnectionException: Could not get a resource from the pool
	at org.springframework.data.redis.core.DefaultValueOperationsTests.tearDown(DefaultValueOperationsTests.java:93)
Caused by: redis.clients.jedis.exceptions.JedisConnectionException: java.net.ConnectException: Connection refused (Connection refused)
	at org.springframework.data.redis.core.DefaultValueOperationsTests.tearDown(DefaultValueOperationsTests.java:93)
Caused by: java.net.ConnectException: Connection refused (Connection refused)
	at org.springframework.data.redis.core.DefaultValueOperationsTests.tearDown(DefaultValueOperationsTests.java:93)
</error>
  </testcase>
  <testcase name="testGetSet[3]" classname="org.springframework.data.redis.core.DefaultValueOperationsTests" time="0.001">
    <error message="Cannot get Jedis connection; nested exception is redis.clients.jedis.exceptions.JedisConnectionException: Could not get a resource from the pool" type="org.springframework.data.redis.RedisConnectionFailureException">org.springframework.data.redis.RedisConnectionFailureException: Cannot get Jedis connection; nested exception is redis.clients.jedis.exceptions.JedisConnectionException: Could not get a resource from the pool
	at org.springframework.data.redis.core.DefaultValueOperationsTests.testGetSet(DefaultValueOperationsTests.java:236)
Caused by: redis.clients.jedis.exceptions.JedisConnectionException: Could not get a resource from the pool
	at org.springframework.data.redis.core.DefaultValueOperationsTests.testGetSet(DefaultValueOperationsTests.java:236)
Caused by: redis.clients.jedis.exceptions.JedisConnectionException: java.net.ConnectException: Connection refused (Connection refused)
	at org.springframework.data.redis.core.DefaultValueOperationsTests.testGetSet(DefaultValueOperationsTests.java:236)
Caused by: java.net.ConnectException: Connection refused (Connection refused)
	at org.springframework.data.redis.core.DefaultValueOperationsTests.testGetSet(DefaultValueOperationsTests.java:236)
</error>
  </testcase>
  <testcase name="testGetSet[3]" classname="org.springframework.data.redis.core.DefaultValueOperationsTests" time="0.002">
    <error message="Cannot get Jedis connection; nested exception is redis.clients.jedis.exceptions.JedisConnectionException: Could not get a resource from the pool" type="org.springframework.data.redis.RedisConnectionFailureException">org.springframework.data.redis.RedisConnectionFailureException: Cannot get Jedis connection; nested exception is redis.clients.jedis.exceptions.JedisConnectionException: Could not get a resource from the pool
	at org.springframework.data.redis.core.DefaultValueOperationsTests.tearDown(DefaultValueOperationsTests.java:93)
Caused by: redis.clients.jedis.exceptions.JedisConnectionException: Could not get a resource from the pool
	at org.springframework.data.redis.core.DefaultValueOperationsTests.tearDown(DefaultValueOperationsTests.java:93)
Caused by: redis.clients.jedis.exceptions.JedisConnectionException: java.net.ConnectException: Connection refused (Connection refused)
	at org.springframework.data.redis.core.DefaultValueOperationsTests.tearDown(DefaultValueOperationsTests.java:93)
Caused by: java.net.ConnectException: Connection refused (Connection refused)
	at org.springframework.data.redis.core.DefaultValueOperationsTests.tearDown(DefaultValueOperationsTests.java:93)
</error>
  </testcase>
  <testcase name="testMultiSetIfAbsent[3]" classname="org.springframework.data.redis.core.DefaultValueOperationsTests" time="0.001">
    <error message="Cannot get Jedis connection; nested exception is redis.clients.jedis.exceptions.JedisConnectionException: Could not get a resource from the pool" type="org.springframework.data.redis.RedisConnectionFailureException">org.springframework.data.redis.RedisConnectionFailureException: Cannot get Jedis connection; nested exception is redis.clients.jedis.exceptions.JedisConnectionException: Could not get a resource from the pool
	at org.springframework.data.redis.core.DefaultValueOperationsTests.testMultiSetIfAbsent(DefaultValueOperationsTests.java:191)
Caused by: redis.clients.jedis.exceptions.JedisConnectionException: Could not get a resource from the pool
	at org.springframework.data.redis.core.DefaultValueOperationsTests.testMultiSetIfAbsent(DefaultValueOperationsTests.java:191)
Caused by: redis.clients.jedis.exceptions.JedisConnectionException: java.net.ConnectException: Connection refused (Connection refused)
	at org.springframework.data.redis.core.DefaultValueOperationsTests.testMultiSetIfAbsent(DefaultValueOperationsTests.java:191)
Caused by: java.net.ConnectException: Connection refused (Connection refused)
	at org.springframework.data.redis.core.DefaultValueOperationsTests.testMultiSetIfAbsent(DefaultValueOperationsTests.java:191)
</error>
  </testcase>
  <testcase name="testMultiSetIfAbsent[3]" classname="org.springframework.data.redis.core.DefaultValueOperationsTests" time="0.002">
    <error message="Cannot get Jedis connection; nested exception is redis.clients.jedis.exceptions.JedisConnectionException: Could not get a resource from the pool" type="org.springframework.data.redis.RedisConnectionFailureException">org.springframework.data.redis.RedisConnectionFailureException: Cannot get Jedis connection; nested exception is redis.clients.jedis.exceptions.JedisConnectionException: Could not get a resource from the pool
	at org.springframework.data.redis.core.DefaultValueOperationsTests.tearDown(DefaultValueOperationsTests.java:93)
Caused by: redis.clients.jedis.exceptions.JedisConnectionException: Could not get a resource from the pool
	at org.springframework.data.redis.core.DefaultValueOperationsTests.tearDown(DefaultValueOperationsTests.java:93)
Caused by: redis.clients.jedis.exceptions.JedisConnectionException: java.net.ConnectException: Connection refused (Connection refused)
	at org.springframework.data.redis.core.DefaultValueOperationsTests.tearDown(DefaultValueOperationsTests.java:93)
Caused by: java.net.ConnectException: Connection refused (Connection refused)
	at org.springframework.data.redis.core.DefaultValueOperationsTests.tearDown(DefaultValueOperationsTests.java:93)
</error>
  </testcase>
  <testcase name="testSetIfAbsent[3]" classname="org.springframework.data.redis.core.DefaultValueOperationsTests" time="0.002">
    <error message="Cannot get Jedis connection; nested exception is redis.clients.jedis.exceptions.JedisConnectionException: Could not get a resource from the pool" type="org.springframework.data.redis.RedisConnectionFailureException">org.springframework.data.redis.RedisConnectionFailureException: Cannot get Jedis connection; nested exception is redis.clients.jedis.exceptions.JedisConnectionException: Could not get a resource from the pool
	at org.springframework.data.redis.core.DefaultValueOperationsTests.testSetIfAbsent(DefaultValueOperationsTests.java:357)
Caused by: redis.clients.jedis.exceptions.JedisConnectionException: Could not get a resource from the pool
	at org.springframework.data.redis.core.DefaultValueOperationsTests.testSetIfAbsent(DefaultValueOperationsTests.java:357)
Caused by: redis.clients.jedis.exceptions.JedisConnectionException: java.net.ConnectException: Connection refused (Connection refused)
	at org.springframework.data.redis.core.DefaultValueOperationsTests.testSetIfAbsent(DefaultValueOperationsTests.java:357)
Caused by: java.net.ConnectException: Connection refused (Connection refused)
	at org.springframework.data.redis.core.DefaultValueOperationsTests.testSetIfAbsent(DefaultValueOperationsTests.java:357)
</error>
  </testcase>
  <testcase name="testSetIfAbsent[3]" classname="org.springframework.data.redis.core.DefaultValueOperationsTests" time="0.002">
    <error message="Cannot get Jedis connection; nested exception is redis.clients.jedis.exceptions.JedisConnectionException: Could not get a resource from the pool" type="org.springframework.data.redis.RedisConnectionFailureException">org.springframework.data.redis.RedisConnectionFailureException: Cannot get Jedis connection; nested exception is redis.clients.jedis.exceptions.JedisConnectionException: Could not get a resource from the pool
	at org.springframework.data.redis.core.DefaultValueOperationsTests.tearDown(DefaultValueOperationsTests.java:93)
Caused by: redis.clients.jedis.exceptions.JedisConnectionException: Could not get a resource from the pool
	at org.springframework.data.redis.core.DefaultValueOperationsTests.tearDown(DefaultValueOperationsTests.java:93)
Caused by: redis.clients.jedis.exceptions.JedisConnectionException: java.net.ConnectException: Connection refused (Connection refused)
	at org.springframework.data.redis.core.DefaultValueOperationsTests.tearDown(DefaultValueOperationsTests.java:93)
Caused by: java.net.ConnectException: Connection refused (Connection refused)
	at org.springframework.data.redis.core.DefaultValueOperationsTests.tearDown(DefaultValueOperationsTests.java:93)
</error>
  </testcase>
  <testcase name="testRawKeysCollection[3]" classname="org.springframework.data.redis.core.DefaultValueOperationsTests" time="0.002">
    <error message="Cannot get Jedis connection; nested exception is redis.clients.jedis.exceptions.JedisConnectionException: Could not get a resource from the pool" type="org.springframework.data.redis.RedisConnectionFailureException">org.springframework.data.redis.RedisConnectionFailureException: Cannot get Jedis connection; nested exception is redis.clients.jedis.exceptions.JedisConnectionException: Could not get a resource from the pool
	at org.springframework.data.redis.core.DefaultValueOperationsTests.tearDown(DefaultValueOperationsTests.java:93)
Caused by: redis.clients.jedis.exceptions.JedisConnectionException: Could not get a resource from the pool
	at org.springframework.data.redis.core.DefaultValueOperationsTests.tearDown(DefaultValueOperationsTests.java:93)
Caused by: redis.clients.jedis.exceptions.JedisConnectionException: java.net.ConnectException: Connection refused (Connection refused)
	at org.springframework.data.redis.core.DefaultValueOperationsTests.tearDown(DefaultValueOperationsTests.java:93)
Caused by: java.net.ConnectException: Connection refused (Connection refused)
	at org.springframework.data.redis.core.DefaultValueOperationsTests.tearDown(DefaultValueOperationsTests.java:93)
</error>
  </testcase>
  <testcase name="testSetRange[3]" classname="org.springframework.data.redis.core.DefaultValueOperationsTests" time="0">
    <error message="got: &lt;false&gt;, expected: is &lt;true&gt;" type="org.junit.AssumptionViolatedException"><![CDATA[org.junit.AssumptionViolatedException: got: <false>, expected: is <true>
	at org.springframework.data.redis.core.DefaultValueOperationsTests.testSetRange(DefaultValueOperationsTests.java:342)
]]></error>
  </testcase>
  <testcase name="testSetRange[3]" classname="org.springframework.data.redis.core.DefaultValueOperationsTests" time="0.001">
    <error message="Cannot get Jedis connection; nested exception is redis.clients.jedis.exceptions.JedisConnectionException: Could not get a resource from the pool" type="org.springframework.data.redis.RedisConnectionFailureException">org.springframework.data.redis.RedisConnectionFailureException: Cannot get Jedis connection; nested exception is redis.clients.jedis.exceptions.JedisConnectionException: Could not get a resource from the pool
	at org.springframework.data.redis.core.DefaultValueOperationsTests.tearDown(DefaultValueOperationsTests.java:93)
Caused by: redis.clients.jedis.exceptions.JedisConnectionException: Could not get a resource from the pool
	at org.springframework.data.redis.core.DefaultValueOperationsTests.tearDown(DefaultValueOperationsTests.java:93)
Caused by: redis.clients.jedis.exceptions.JedisConnectionException: java.net.ConnectException: Connection refused (Connection refused)
	at org.springframework.data.redis.core.DefaultValueOperationsTests.tearDown(DefaultValueOperationsTests.java:93)
Caused by: java.net.ConnectException: Connection refused (Connection refused)
	at org.springframework.data.redis.core.DefaultValueOperationsTests.tearDown(DefaultValueOperationsTests.java:93)
</error>
  </testcase>
  <testcase name="testSetWithExpirationEX[4]" classname="org.springframework.data.redis.core.DefaultValueOperationsTests" time="0.007">
    <error message="Cannot get Jedis connection; nested exception is redis.clients.jedis.exceptions.JedisConnectionException: Could not get a resource from the pool" type="org.springframework.data.redis.RedisConnectionFailureException">org.springframework.data.redis.RedisConnectionFailureException: Cannot get Jedis connection; nested exception is redis.clients.jedis.exceptions.JedisConnectionException: Could not get a resource from the pool
	at org.springframework.data.redis.core.DefaultValueOperationsTests.testSetWithExpirationEX(DefaultValueOperationsTests.java:273)
Caused by: redis.clients.jedis.exceptions.JedisConnectionException: Could not get a resource from the pool
	at org.springframework.data.redis.core.DefaultValueOperationsTests.testSetWithExpirationEX(DefaultValueOperationsTests.java:273)
Caused by: redis.clients.jedis.exceptions.JedisConnectionException: java.net.ConnectException: Connection refused (Connection refused)
	at org.springframework.data.redis.core.DefaultValueOperationsTests.testSetWithExpirationEX(DefaultValueOperationsTests.java:273)
Caused by: java.net.ConnectException: Connection refused (Connection refused)
	at org.springframework.data.redis.core.DefaultValueOperationsTests.testSetWithExpirationEX(DefaultValueOperationsTests.java:273)
</error>
  </testcase>
  <testcase name="testSetWithExpirationEX[4]" classname="org.springframework.data.redis.core.DefaultValueOperationsTests" time="0.008">
    <error message="Cannot get Jedis connection; nested exception is redis.clients.jedis.exceptions.JedisConnectionException: Could not get a resource from the pool" type="org.springframework.data.redis.RedisConnectionFailureException">org.springframework.data.redis.RedisConnectionFailureException: Cannot get Jedis connection; nested exception is redis.clients.jedis.exceptions.JedisConnectionException: Could not get a resource from the pool
	at org.springframework.data.redis.core.DefaultValueOperationsTests.tearDown(DefaultValueOperationsTests.java:93)
Caused by: redis.clients.jedis.exceptions.JedisConnectionException: Could not get a resource from the pool
	at org.springframework.data.redis.core.DefaultValueOperationsTests.tearDown(DefaultValueOperationsTests.java:93)
Caused by: redis.clients.jedis.exceptions.JedisConnectionException: java.net.ConnectException: Connection refused (Connection refused)
	at org.springframework.data.redis.core.DefaultValueOperationsTests.tearDown(DefaultValueOperationsTests.java:93)
Caused by: java.net.ConnectException: Connection refused (Connection refused)
	at org.springframework.data.redis.core.DefaultValueOperationsTests.tearDown(DefaultValueOperationsTests.java:93)
</error>
  </testcase>
  <testcase name="testSetWithExpirationPX[4]" classname="org.springframework.data.redis.core.DefaultValueOperationsTests" time="0.001">
    <error message="Cannot get Jedis connection; nested exception is redis.clients.jedis.exceptions.JedisConnectionException: Could not get a resource from the pool" type="org.springframework.data.redis.RedisConnectionFailureException">org.springframework.data.redis.RedisConnectionFailureException: Cannot get Jedis connection; nested exception is redis.clients.jedis.exceptions.JedisConnectionException: Could not get a resource from the pool
	at org.springframework.data.redis.core.DefaultValueOperationsTests.testSetWithExpirationPX(DefaultValueOperationsTests.java:287)
Caused by: redis.clients.jedis.exceptions.JedisConnectionException: Could not get a resource from the pool
	at org.springframework.data.redis.core.DefaultValueOperationsTests.testSetWithExpirationPX(DefaultValueOperationsTests.java:287)
Caused by: redis.clients.jedis.exceptions.JedisConnectionException: java.net.ConnectException: Connection refused (Connection refused)
	at org.springframework.data.redis.core.DefaultValueOperationsTests.testSetWithExpirationPX(DefaultValueOperationsTests.java:287)
Caused by: java.net.ConnectException: Connection refused (Connection refused)
	at org.springframework.data.redis.core.DefaultValueOperationsTests.testSetWithExpirationPX(DefaultValueOperationsTests.java:287)
</error>
  </testcase>
  <testcase name="testSetWithExpirationPX[4]" classname="org.springframework.data.redis.core.DefaultValueOperationsTests" time="0.002">
    <error message="Cannot get Jedis connection; nested exception is redis.clients.jedis.exceptions.JedisConnectionException: Could not get a resource from the pool" type="org.springframework.data.redis.RedisConnectionFailureException">org.springframework.data.redis.RedisConnectionFailureException: Cannot get Jedis connection; nested exception is redis.clients.jedis.exceptions.JedisConnectionException: Could not get a resource from the pool
	at org.springframework.data.redis.core.DefaultValueOperationsTests.tearDown(DefaultValueOperationsTests.java:93)
Caused by: redis.clients.jedis.exceptions.JedisConnectionException: Could not get a resource from the pool
	at org.springframework.data.redis.core.DefaultValueOperationsTests.tearDown(DefaultValueOperationsTests.java:93)
Caused by: redis.clients.jedis.exceptions.JedisConnectionException: java.net.ConnectException: Connection refused (Connection refused)
	at org.springframework.data.redis.core.DefaultValueOperationsTests.tearDown(DefaultValueOperationsTests.java:93)
Caused by: java.net.ConnectException: Connection refused (Connection refused)
	at org.springframework.data.redis.core.DefaultValueOperationsTests.tearDown(DefaultValueOperationsTests.java:93)
</error>
  </testcase>
  <testcase name="testSetAndGetBit[4]" classname="org.springframework.data.redis.core.DefaultValueOperationsTests" time="0">
    <error message="got: &lt;false&gt;, expected: is &lt;true&gt;" type="org.junit.AssumptionViolatedException"><![CDATA[org.junit.AssumptionViolatedException: got: <false>, expected: is <true>
	at org.springframework.data.redis.core.DefaultValueOperationsTests.testSetAndGetBit(DefaultValueOperationsTests.java:530)
]]></error>
  </testcase>
  <testcase name="testSetAndGetBit[4]" classname="org.springframework.data.redis.core.DefaultValueOperationsTests" time="0.001">
    <error message="Cannot get Jedis connection; nested exception is redis.clients.jedis.exceptions.JedisConnectionException: Could not get a resource from the pool" type="org.springframework.data.redis.RedisConnectionFailureException">org.springframework.data.redis.RedisConnectionFailureException: Cannot get Jedis connection; nested exception is redis.clients.jedis.exceptions.JedisConnectionException: Could not get a resource from the pool
	at org.springframework.data.redis.core.DefaultValueOperationsTests.tearDown(DefaultValueOperationsTests.java:93)
Caused by: redis.clients.jedis.exceptions.JedisConnectionException: Could not get a resource from the pool
	at org.springframework.data.redis.core.DefaultValueOperationsTests.tearDown(DefaultValueOperationsTests.java:93)
Caused by: redis.clients.jedis.exceptions.JedisConnectionException: java.net.ConnectException: Connection refused (Connection refused)
	at org.springframework.data.redis.core.DefaultValueOperationsTests.tearDown(DefaultValueOperationsTests.java:93)
Caused by: java.net.ConnectException: Connection refused (Connection refused)
	at org.springframework.data.redis.core.DefaultValueOperationsTests.tearDown(DefaultValueOperationsTests.java:93)
</error>
  </testcase>
  <testcase name="setIfPresentReturnsFalseWhenKeyDoesNotExist[4]" classname="org.springframework.data.redis.core.DefaultValueOperationsTests" time="0.002">
    <error message="Cannot get Jedis connection; nested exception is redis.clients.jedis.exceptions.JedisConnectionException: Could not get a resource from the pool" type="org.springframework.data.redis.RedisConnectionFailureException">org.springframework.data.redis.RedisConnectionFailureException: Cannot get Jedis connection; nested exception is redis.clients.jedis.exceptions.JedisConnectionException: Could not get a resource from the pool
	at org.springframework.data.redis.core.DefaultValueOperationsTests.setIfPresentReturnsFalseWhenKeyDoesNotExist(DefaultValueOperationsTests.java:424)
Caused by: redis.clients.jedis.exceptions.JedisConnectionException: Could not get a resource from the pool
	at org.springframework.data.redis.core.DefaultValueOperationsTests.setIfPresentReturnsFalseWhenKeyDoesNotExist(DefaultValueOperationsTests.java:424)
Caused by: redis.clients.jedis.exceptions.JedisConnectionException: java.net.ConnectException: Connection refused (Connection refused)
	at org.springframework.data.redis.core.DefaultValueOperationsTests.setIfPresentReturnsFalseWhenKeyDoesNotExist(DefaultValueOperationsTests.java:424)
Caused by: java.net.ConnectException: Connection refused (Connection refused)
	at org.springframework.data.redis.core.DefaultValueOperationsTests.setIfPresentReturnsFalseWhenKeyDoesNotExist(DefaultValueOperationsTests.java:424)
</error>
  </testcase>
  <testcase name="setIfPresentReturnsFalseWhenKeyDoesNotExist[4]" classname="org.springframework.data.redis.core.DefaultValueOperationsTests" time="0.002">
    <error message="Cannot get Jedis connection; nested exception is redis.clients.jedis.exceptions.JedisConnectionException: Could not get a resource from the pool" type="org.springframework.data.redis.RedisConnectionFailureException">org.springframework.data.redis.RedisConnectionFailureException: Cannot get Jedis connection; nested exception is redis.clients.jedis.exceptions.JedisConnectionException: Could not get a resource from the pool
	at org.springframework.data.redis.core.DefaultValueOperationsTests.tearDown(DefaultValueOperationsTests.java:93)
Caused by: redis.clients.jedis.exceptions.JedisConnectionException: Could not get a resource from the pool
	at org.springframework.data.redis.core.DefaultValueOperationsTests.tearDown(DefaultValueOperationsTests.java:93)
Caused by: redis.clients.jedis.exceptions.JedisConnectionException: java.net.ConnectException: Connection refused (Connection refused)
	at org.springframework.data.redis.core.DefaultValueOperationsTests.tearDown(DefaultValueOperationsTests.java:93)
Caused by: java.net.ConnectException: Connection refused (Connection refused)
	at org.springframework.data.redis.core.DefaultValueOperationsTests.tearDown(DefaultValueOperationsTests.java:93)
</error>
  </testcase>
  <testcase name="testGetRange[4]" classname="org.springframework.data.redis.core.DefaultValueOperationsTests" time="0.001">
    <error message="got: &lt;false&gt;, expected: is &lt;true&gt;" type="org.junit.AssumptionViolatedException"><![CDATA[org.junit.AssumptionViolatedException: got: <false>, expected: is <true>
	at org.springframework.data.redis.core.DefaultValueOperationsTests.testGetRange(DefaultValueOperationsTests.java:328)
]]></error>
  </testcase>
  <testcase name="testGetRange[4]" classname="org.springframework.data.redis.core.DefaultValueOperationsTests" time="0.002">
    <error message="Cannot get Jedis connection; nested exception is redis.clients.jedis.exceptions.JedisConnectionException: Could not get a resource from the pool" type="org.springframework.data.redis.RedisConnectionFailureException">org.springframework.data.redis.RedisConnectionFailureException: Cannot get Jedis connection; nested exception is redis.clients.jedis.exceptions.JedisConnectionException: Could not get a resource from the pool
	at org.springframework.data.redis.core.DefaultValueOperationsTests.tearDown(DefaultValueOperationsTests.java:93)
Caused by: redis.clients.jedis.exceptions.JedisConnectionException: Could not get a resource from the pool
	at org.springframework.data.redis.core.DefaultValueOperationsTests.tearDown(DefaultValueOperationsTests.java:93)
Caused by: redis.clients.jedis.exceptions.JedisConnectionException: java.net.ConnectException: Connection refused (Connection refused)
	at org.springframework.data.redis.core.DefaultValueOperationsTests.tearDown(DefaultValueOperationsTests.java:93)
Caused by: java.net.ConnectException: Connection refused (Connection refused)
	at org.springframework.data.redis.core.DefaultValueOperationsTests.tearDown(DefaultValueOperationsTests.java:93)
</error>
  </testcase>
  <testcase name="testSetIfAbsentWithExpirationEX[4]" classname="org.springframework.data.redis.core.DefaultValueOperationsTests" time="0.001">
    <error message="Cannot get Jedis connection; nested exception is redis.clients.jedis.exceptions.JedisConnectionException: Could not get a resource from the pool" type="org.springframework.data.redis.RedisConnectionFailureException">org.springframework.data.redis.RedisConnectionFailureException: Cannot get Jedis connection; nested exception is redis.clients.jedis.exceptions.JedisConnectionException: Could not get a resource from the pool
	at org.springframework.data.redis.core.DefaultValueOperationsTests.testSetIfAbsentWithExpirationEX(DefaultValueOperationsTests.java:384)
Caused by: redis.clients.jedis.exceptions.JedisConnectionException: Could not get a resource from the pool
	at org.springframework.data.redis.core.DefaultValueOperationsTests.testSetIfAbsentWithExpirationEX(DefaultValueOperationsTests.java:384)
Caused by: redis.clients.jedis.exceptions.JedisConnectionException: java.net.ConnectException: Connection refused (Connection refused)
	at org.springframework.data.redis.core.DefaultValueOperationsTests.testSetIfAbsentWithExpirationEX(DefaultValueOperationsTests.java:384)
Caused by: java.net.ConnectException: Connection refused (Connection refused)
	at org.springframework.data.redis.core.DefaultValueOperationsTests.testSetIfAbsentWithExpirationEX(DefaultValueOperationsTests.java:384)
</error>
  </testcase>
  <testcase name="testSetIfAbsentWithExpirationEX[4]" classname="org.springframework.data.redis.core.DefaultValueOperationsTests" time="0.002">
    <error message="Cannot get Jedis connection; nested exception is redis.clients.jedis.exceptions.JedisConnectionException: Could not get a resource from the pool" type="org.springframework.data.redis.RedisConnectionFailureException">org.springframework.data.redis.RedisConnectionFailureException: Cannot get Jedis connection; nested exception is redis.clients.jedis.exceptions.JedisConnectionException: Could not get a resource from the pool
	at org.springframework.data.redis.core.DefaultValueOperationsTests.tearDown(DefaultValueOperationsTests.java:93)
Caused by: redis.clients.jedis.exceptions.JedisConnectionException: Could not get a resource from the pool
	at org.springframework.data.redis.core.DefaultValueOperationsTests.tearDown(DefaultValueOperationsTests.java:93)
Caused by: redis.clients.jedis.exceptions.JedisConnectionException: java.net.ConnectException: Connection refused (Connection refused)
	at org.springframework.data.redis.core.DefaultValueOperationsTests.tearDown(DefaultValueOperationsTests.java:93)
Caused by: java.net.ConnectException: Connection refused (Connection refused)
	at org.springframework.data.redis.core.DefaultValueOperationsTests.tearDown(DefaultValueOperationsTests.java:93)
</error>
  </testcase>
  <testcase name="testSetIfAbsentWithExpirationPX[4]" classname="org.springframework.data.redis.core.DefaultValueOperationsTests" time="0.002">
    <error message="Cannot get Jedis connection; nested exception is redis.clients.jedis.exceptions.JedisConnectionException: Could not get a resource from the pool" type="org.springframework.data.redis.RedisConnectionFailureException">org.springframework.data.redis.RedisConnectionFailureException: Cannot get Jedis connection; nested exception is redis.clients.jedis.exceptions.JedisConnectionException: Could not get a resource from the pool
	at org.springframework.data.redis.core.DefaultValueOperationsTests.testSetIfAbsentWithExpirationPX(DefaultValueOperationsTests.java:400)
Caused by: redis.clients.jedis.exceptions.JedisConnectionException: Could not get a resource from the pool
	at org.springframework.data.redis.core.DefaultValueOperationsTests.testSetIfAbsentWithExpirationPX(DefaultValueOperationsTests.java:400)
Caused by: redis.clients.jedis.exceptions.JedisConnectionException: java.net.ConnectException: Connection refused (Connection refused)
	at org.springframework.data.redis.core.DefaultValueOperationsTests.testSetIfAbsentWithExpirationPX(DefaultValueOperationsTests.java:400)
Caused by: java.net.ConnectException: Connection refused (Connection refused)
	at org.springframework.data.redis.core.DefaultValueOperationsTests.testSetIfAbsentWithExpirationPX(DefaultValueOperationsTests.java:400)
</error>
  </testcase>
  <testcase name="testSetIfAbsentWithExpirationPX[4]" classname="org.springframework.data.redis.core.DefaultValueOperationsTests" time="0.002">
    <error message="Cannot get Jedis connection; nested exception is redis.clients.jedis.exceptions.JedisConnectionException: Could not get a resource from the pool" type="org.springframework.data.redis.RedisConnectionFailureException">org.springframework.data.redis.RedisConnectionFailureException: Cannot get Jedis connection; nested exception is redis.clients.jedis.exceptions.JedisConnectionException: Could not get a resource from the pool
	at org.springframework.data.redis.core.DefaultValueOperationsTests.tearDown(DefaultValueOperationsTests.java:93)
Caused by: redis.clients.jedis.exceptions.JedisConnectionException: Could not get a resource from the pool
	at org.springframework.data.redis.core.DefaultValueOperationsTests.tearDown(DefaultValueOperationsTests.java:93)
Caused by: redis.clients.jedis.exceptions.JedisConnectionException: java.net.ConnectException: Connection refused (Connection refused)
	at org.springframework.data.redis.core.DefaultValueOperationsTests.tearDown(DefaultValueOperationsTests.java:93)
Caused by: java.net.ConnectException: Connection refused (Connection refused)
	at org.springframework.data.redis.core.DefaultValueOperationsTests.tearDown(DefaultValueOperationsTests.java:93)
</error>
  </testcase>
  <testcase name="setIfPresentReturnsTrueWhenKeyExists[4]" classname="org.springframework.data.redis.core.DefaultValueOperationsTests" time="0.002">
    <error message="Cannot get Jedis connection; nested exception is redis.clients.jedis.exceptions.JedisConnectionException: Could not get a resource from the pool" type="org.springframework.data.redis.RedisConnectionFailureException">org.springframework.data.redis.RedisConnectionFailureException: Cannot get Jedis connection; nested exception is redis.clients.jedis.exceptions.JedisConnectionException: Could not get a resource from the pool
	at org.springframework.data.redis.core.DefaultValueOperationsTests.setIfPresentReturnsTrueWhenKeyExists(DefaultValueOperationsTests.java:416)
Caused by: redis.clients.jedis.exceptions.JedisConnectionException: Could not get a resource from the pool
	at org.springframework.data.redis.core.DefaultValueOperationsTests.setIfPresentReturnsTrueWhenKeyExists(DefaultValueOperationsTests.java:416)
Caused by: redis.clients.jedis.exceptions.JedisConnectionException: java.net.ConnectException: Connection refused (Connection refused)
	at org.springframework.data.redis.core.DefaultValueOperationsTests.setIfPresentReturnsTrueWhenKeyExists(DefaultValueOperationsTests.java:416)
Caused by: java.net.ConnectException: Connection refused (Connection refused)
	at org.springframework.data.redis.core.DefaultValueOperationsTests.setIfPresentReturnsTrueWhenKeyExists(DefaultValueOperationsTests.java:416)
</error>
  </testcase>
  <testcase name="setIfPresentReturnsTrueWhenKeyExists[4]" classname="org.springframework.data.redis.core.DefaultValueOperationsTests" time="0.002">
    <error message="Cannot get Jedis connection; nested exception is redis.clients.jedis.exceptions.JedisConnectionException: Could not get a resource from the pool" type="org.springframework.data.redis.RedisConnectionFailureException">org.springframework.data.redis.RedisConnectionFailureException: Cannot get Jedis connection; nested exception is redis.clients.jedis.exceptions.JedisConnectionException: Could not get a resource from the pool
	at org.springframework.data.redis.core.DefaultValueOperationsTests.tearDown(DefaultValueOperationsTests.java:93)
Caused by: redis.clients.jedis.exceptions.JedisConnectionException: Could not get a resource from the pool
	at org.springframework.data.redis.core.DefaultValueOperationsTests.tearDown(DefaultValueOperationsTests.java:93)
Caused by: redis.clients.jedis.exceptions.JedisConnectionException: java.net.ConnectException: Connection refused (Connection refused)
	at org.springframework.data.redis.core.DefaultValueOperationsTests.tearDown(DefaultValueOperationsTests.java:93)
Caused by: java.net.ConnectException: Connection refused (Connection refused)
	at org.springframework.data.redis.core.DefaultValueOperationsTests.tearDown(DefaultValueOperationsTests.java:93)
</error>
  </testcase>
  <testcase name="testSize[4]" classname="org.springframework.data.redis.core.DefaultValueOperationsTests" time="0.002">
    <error message="Cannot get Jedis connection; nested exception is redis.clients.jedis.exceptions.JedisConnectionException: Could not get a resource from the pool" type="org.springframework.data.redis.RedisConnectionFailureException">org.springframework.data.redis.RedisConnectionFailureException: Cannot get Jedis connection; nested exception is redis.clients.jedis.exceptions.JedisConnectionException: Could not get a resource from the pool
	at org.springframework.data.redis.core.DefaultValueOperationsTests.testSize(DefaultValueOperationsTests.java:487)
Caused by: redis.clients.jedis.exceptions.JedisConnectionException: Could not get a resource from the pool
	at org.springframework.data.redis.core.DefaultValueOperationsTests.testSize(DefaultValueOperationsTests.java:487)
Caused by: redis.clients.jedis.exceptions.JedisConnectionException: java.net.ConnectException: Connection refused (Connection refused)
	at org.springframework.data.redis.core.DefaultValueOperationsTests.testSize(DefaultValueOperationsTests.java:487)
Caused by: java.net.ConnectException: Connection refused (Connection refused)
	at org.springframework.data.redis.core.DefaultValueOperationsTests.testSize(DefaultValueOperationsTests.java:487)
</error>
  </testcase>
  <testcase name="testSize[4]" classname="org.springframework.data.redis.core.DefaultValueOperationsTests" time="0.002">
    <error message="Cannot get Jedis connection; nested exception is redis.clients.jedis.exceptions.JedisConnectionException: Could not get a resource from the pool" type="org.springframework.data.redis.RedisConnectionFailureException">org.springframework.data.redis.RedisConnectionFailureException: Cannot get Jedis connection; nested exception is redis.clients.jedis.exceptions.JedisConnectionException: Could not get a resource from the pool
	at org.springframework.data.redis.core.DefaultValueOperationsTests.tearDown(DefaultValueOperationsTests.java:93)
Caused by: redis.clients.jedis.exceptions.JedisConnectionException: Could not get a resource from the pool
	at org.springframework.data.redis.core.DefaultValueOperationsTests.tearDown(DefaultValueOperationsTests.java:93)
Caused by: redis.clients.jedis.exceptions.JedisConnectionException: java.net.ConnectException: Connection refused (Connection refused)
	at org.springframework.data.redis.core.DefaultValueOperationsTests.tearDown(DefaultValueOperationsTests.java:93)
Caused by: java.net.ConnectException: Connection refused (Connection refused)
	at org.springframework.data.redis.core.DefaultValueOperationsTests.tearDown(DefaultValueOperationsTests.java:93)
</error>
  </testcase>
  <testcase name="testSetIfAbsentWithExpiration[4]" classname="org.springframework.data.redis.core.DefaultValueOperationsTests" time="0.002">
    <error message="Cannot get Jedis connection; nested exception is redis.clients.jedis.exceptions.JedisConnectionException: Could not get a resource from the pool" type="org.springframework.data.redis.RedisConnectionFailureException">org.springframework.data.redis.RedisConnectionFailureException: Cannot get Jedis connection; nested exception is redis.clients.jedis.exceptions.JedisConnectionException: Could not get a resource from the pool
	at org.springframework.data.redis.core.DefaultValueOperationsTests.testSetIfAbsentWithExpiration(DefaultValueOperationsTests.java:368)
Caused by: redis.clients.jedis.exceptions.JedisConnectionException: Could not get a resource from the pool
	at org.springframework.data.redis.core.DefaultValueOperationsTests.testSetIfAbsentWithExpiration(DefaultValueOperationsTests.java:368)
Caused by: redis.clients.jedis.exceptions.JedisConnectionException: java.net.ConnectException: Connection refused (Connection refused)
	at org.springframework.data.redis.core.DefaultValueOperationsTests.testSetIfAbsentWithExpiration(DefaultValueOperationsTests.java:368)
Caused by: java.net.ConnectException: Connection refused (Connection refused)
	at org.springframework.data.redis.core.DefaultValueOperationsTests.testSetIfAbsentWithExpiration(DefaultValueOperationsTests.java:368)
</error>
  </testcase>
  <testcase name="testSetIfAbsentWithExpiration[4]" classname="org.springframework.data.redis.core.DefaultValueOperationsTests" time="0.002">
    <error message="Cannot get Jedis connection; nested exception is redis.clients.jedis.exceptions.JedisConnectionException: Could not get a resource from the pool" type="org.springframework.data.redis.RedisConnectionFailureException">org.springframework.data.redis.RedisConnectionFailureException: Cannot get Jedis connection; nested exception is redis.clients.jedis.exceptions.JedisConnectionException: Could not get a resource from the pool
	at org.springframework.data.redis.core.DefaultValueOperationsTests.tearDown(DefaultValueOperationsTests.java:93)
Caused by: redis.clients.jedis.exceptions.JedisConnectionException: Could not get a resource from the pool
	at org.springframework.data.redis.core.DefaultValueOperationsTests.tearDown(DefaultValueOperationsTests.java:93)
Caused by: redis.clients.jedis.exceptions.JedisConnectionException: java.net.ConnectException: Connection refused (Connection refused)
	at org.springframework.data.redis.core.DefaultValueOperationsTests.tearDown(DefaultValueOperationsTests.java:93)
Caused by: java.net.ConnectException: Connection refused (Connection refused)
	at org.springframework.data.redis.core.DefaultValueOperationsTests.tearDown(DefaultValueOperationsTests.java:93)
</error>
  </testcase>
  <testcase name="testMultiSetIfAbsentFailure[4]" classname="org.springframework.data.redis.core.DefaultValueOperationsTests" time="0.002">
    <error message="Cannot get Jedis connection; nested exception is redis.clients.jedis.exceptions.JedisConnectionException: Could not get a resource from the pool" type="org.springframework.data.redis.RedisConnectionFailureException">org.springframework.data.redis.RedisConnectionFailureException: Cannot get Jedis connection; nested exception is redis.clients.jedis.exceptions.JedisConnectionException: Could not get a resource from the pool
	at org.springframework.data.redis.core.DefaultValueOperationsTests.testMultiSetIfAbsentFailure(DefaultValueOperationsTests.java:204)
Caused by: redis.clients.jedis.exceptions.JedisConnectionException: Could not get a resource from the pool
	at org.springframework.data.redis.core.DefaultValueOperationsTests.testMultiSetIfAbsentFailure(DefaultValueOperationsTests.java:204)
Caused by: redis.clients.jedis.exceptions.JedisConnectionException: java.net.ConnectException: Connection refused (Connection refused)
	at org.springframework.data.redis.core.DefaultValueOperationsTests.testMultiSetIfAbsentFailure(DefaultValueOperationsTests.java:204)
Caused by: java.net.ConnectException: Connection refused (Connection refused)
	at org.springframework.data.redis.core.DefaultValueOperationsTests.testMultiSetIfAbsentFailure(DefaultValueOperationsTests.java:204)
</error>
  </testcase>
  <testcase name="testMultiSetIfAbsentFailure[4]" classname="org.springframework.data.redis.core.DefaultValueOperationsTests" time="0.002">
    <error message="Cannot get Jedis connection; nested exception is redis.clients.jedis.exceptions.JedisConnectionException: Could not get a resource from the pool" type="org.springframework.data.redis.RedisConnectionFailureException">org.springframework.data.redis.RedisConnectionFailureException: Cannot get Jedis connection; nested exception is redis.clients.jedis.exceptions.JedisConnectionException: Could not get a resource from the pool
	at org.springframework.data.redis.core.DefaultValueOperationsTests.tearDown(DefaultValueOperationsTests.java:93)
Caused by: redis.clients.jedis.exceptions.JedisConnectionException: Could not get a resource from the pool
	at org.springframework.data.redis.core.DefaultValueOperationsTests.tearDown(DefaultValueOperationsTests.java:93)
Caused by: redis.clients.jedis.exceptions.JedisConnectionException: java.net.ConnectException: Connection refused (Connection refused)
	at org.springframework.data.redis.core.DefaultValueOperationsTests.tearDown(DefaultValueOperationsTests.java:93)
Caused by: java.net.ConnectException: Connection refused (Connection refused)
	at org.springframework.data.redis.core.DefaultValueOperationsTests.tearDown(DefaultValueOperationsTests.java:93)
</error>
  </testcase>
  <testcase name="testIncrement[4]" classname="org.springframework.data.redis.core.DefaultValueOperationsTests" time="0">
    <error message="got: &lt;false&gt;, expected: is &lt;true&gt;" type="org.junit.AssumptionViolatedException"><![CDATA[org.junit.AssumptionViolatedException: got: <false>, expected: is <true>
	at org.springframework.data.redis.core.DefaultValueOperationsTests.testIncrement(DefaultValueOperationsTests.java:105)
]]></error>
  </testcase>
  <testcase name="testIncrement[4]" classname="org.springframework.data.redis.core.DefaultValueOperationsTests" time="0.001">
    <error message="Cannot get Jedis connection; nested exception is redis.clients.jedis.exceptions.JedisConnectionException: Could not get a resource from the pool" type="org.springframework.data.redis.RedisConnectionFailureException">org.springframework.data.redis.RedisConnectionFailureException: Cannot get Jedis connection; nested exception is redis.clients.jedis.exceptions.JedisConnectionException: Could not get a resource from the pool
	at org.springframework.data.redis.core.DefaultValueOperationsTests.tearDown(DefaultValueOperationsTests.java:93)
Caused by: redis.clients.jedis.exceptions.JedisConnectionException: Could not get a resource from the pool
	at org.springframework.data.redis.core.DefaultValueOperationsTests.tearDown(DefaultValueOperationsTests.java:93)
Caused by: redis.clients.jedis.exceptions.JedisConnectionException: java.net.ConnectException: Connection refused (Connection refused)
	at org.springframework.data.redis.core.DefaultValueOperationsTests.tearDown(DefaultValueOperationsTests.java:93)
Caused by: java.net.ConnectException: Connection refused (Connection refused)
	at org.springframework.data.redis.core.DefaultValueOperationsTests.tearDown(DefaultValueOperationsTests.java:93)
</error>
  </testcase>
  <testcase name="testIncrementDouble[4]" classname="org.springframework.data.redis.core.DefaultValueOperationsTests" time="0">
    <error message="Could not initialize class org.springframework.data.redis.RedisTestProfileValueSource" type="java.lang.NoClassDefFoundError">java.lang.NoClassDefFoundError: Could not initialize class org.springframework.data.redis.RedisTestProfileValueSource
	at org.springframework.data.redis.core.DefaultValueOperationsTests.testIncrementDouble(DefaultValueOperationsTests.java:133)
</error>
  </testcase>
  <testcase name="testIncrementDouble[4]" classname="org.springframework.data.redis.core.DefaultValueOperationsTests" time="0.001">
    <error message="Cannot get Jedis connection; nested exception is redis.clients.jedis.exceptions.JedisConnectionException: Could not get a resource from the pool" type="org.springframework.data.redis.RedisConnectionFailureException">org.springframework.data.redis.RedisConnectionFailureException: Cannot get Jedis connection; nested exception is redis.clients.jedis.exceptions.JedisConnectionException: Could not get a resource from the pool
	at org.springframework.data.redis.core.DefaultValueOperationsTests.tearDown(DefaultValueOperationsTests.java:93)
Caused by: redis.clients.jedis.exceptions.JedisConnectionException: Could not get a resource from the pool
	at org.springframework.data.redis.core.DefaultValueOperationsTests.tearDown(DefaultValueOperationsTests.java:93)
Caused by: redis.clients.jedis.exceptions.JedisConnectionException: java.net.ConnectException: Connection refused (Connection refused)
	at org.springframework.data.redis.core.DefaultValueOperationsTests.tearDown(DefaultValueOperationsTests.java:93)
Caused by: java.net.ConnectException: Connection refused (Connection refused)
	at org.springframework.data.redis.core.DefaultValueOperationsTests.tearDown(DefaultValueOperationsTests.java:93)
</error>
  </testcase>
  <testcase name="testSetWithExpirationWithTimeUnitMilliseconds[4]" classname="org.springframework.data.redis.core.DefaultValueOperationsTests" time="0">
    <error message="Could not initialize class org.springframework.data.redis.RedisTestProfileValueSource" type="java.lang.NoClassDefFoundError">java.lang.NoClassDefFoundError: Could not initialize class org.springframework.data.redis.RedisTestProfileValueSource
	at org.springframework.data.redis.core.DefaultValueOperationsTests.testSetWithExpirationWithTimeUnitMilliseconds(DefaultValueOperationsTests.java:298)
</error>
  </testcase>
  <testcase name="testSetWithExpirationWithTimeUnitMilliseconds[4]" classname="org.springframework.data.redis.core.DefaultValueOperationsTests" time="0.001">
    <error message="Cannot get Jedis connection; nested exception is redis.clients.jedis.exceptions.JedisConnectionException: Could not get a resource from the pool" type="org.springframework.data.redis.RedisConnectionFailureException">org.springframework.data.redis.RedisConnectionFailureException: Cannot get Jedis connection; nested exception is redis.clients.jedis.exceptions.JedisConnectionException: Could not get a resource from the pool
	at org.springframework.data.redis.core.DefaultValueOperationsTests.tearDown(DefaultValueOperationsTests.java:93)
Caused by: redis.clients.jedis.exceptions.JedisConnectionException: Could not get a resource from the pool
	at org.springframework.data.redis.core.DefaultValueOperationsTests.tearDown(DefaultValueOperationsTests.java:93)
Caused by: redis.clients.jedis.exceptions.JedisConnectionException: java.net.ConnectException: Connection refused (Connection refused)
	at org.springframework.data.redis.core.DefaultValueOperationsTests.tearDown(DefaultValueOperationsTests.java:93)
Caused by: java.net.ConnectException: Connection refused (Connection refused)
	at org.springframework.data.redis.core.DefaultValueOperationsTests.tearDown(DefaultValueOperationsTests.java:93)
</error>
  </testcase>
  <testcase name="testRawKeys[4]" classname="org.springframework.data.redis.core.DefaultValueOperationsTests" time="0.001">
    <error message="Cannot get Jedis connection; nested exception is redis.clients.jedis.exceptions.JedisConnectionException: Could not get a resource from the pool" type="org.springframework.data.redis.RedisConnectionFailureException">org.springframework.data.redis.RedisConnectionFailureException: Cannot get Jedis connection; nested exception is redis.clients.jedis.exceptions.JedisConnectionException: Could not get a resource from the pool
	at org.springframework.data.redis.core.DefaultValueOperationsTests.tearDown(DefaultValueOperationsTests.java:93)
Caused by: redis.clients.jedis.exceptions.JedisConnectionException: Could not get a resource from the pool
	at org.springframework.data.redis.core.DefaultValueOperationsTests.tearDown(DefaultValueOperationsTests.java:93)
Caused by: redis.clients.jedis.exceptions.JedisConnectionException: java.net.ConnectException: Connection refused (Connection refused)
	at org.springframework.data.redis.core.DefaultValueOperationsTests.tearDown(DefaultValueOperationsTests.java:93)
Caused by: java.net.ConnectException: Connection refused (Connection refused)
	at org.springframework.data.redis.core.DefaultValueOperationsTests.tearDown(DefaultValueOperationsTests.java:93)
</error>
  </testcase>
  <testcase name="testDecrementByLong[4]" classname="org.springframework.data.redis.core.DefaultValueOperationsTests" time="0.001">
    <error message="got: &lt;false&gt;, expected: is &lt;true&gt;" type="org.junit.AssumptionViolatedException"><![CDATA[org.junit.AssumptionViolatedException: got: <false>, expected: is <true>
	at org.springframework.data.redis.core.DefaultValueOperationsTests.testDecrementByLong(DefaultValueOperationsTests.java:171)
]]></error>
  </testcase>
  <testcase name="testDecrementByLong[4]" classname="org.springframework.data.redis.core.DefaultValueOperationsTests" time="0.001">
    <error message="Cannot get Jedis connection; nested exception is redis.clients.jedis.exceptions.JedisConnectionException: Could not get a resource from the pool" type="org.springframework.data.redis.RedisConnectionFailureException">org.springframework.data.redis.RedisConnectionFailureException: Cannot get Jedis connection; nested exception is redis.clients.jedis.exceptions.JedisConnectionException: Could not get a resource from the pool
	at org.springframework.data.redis.core.DefaultValueOperationsTests.tearDown(DefaultValueOperationsTests.java:93)
Caused by: redis.clients.jedis.exceptions.JedisConnectionException: Could not get a resource from the pool
	at org.springframework.data.redis.core.DefaultValueOperationsTests.tearDown(DefaultValueOperationsTests.java:93)
Caused by: redis.clients.jedis.exceptions.JedisConnectionException: java.net.ConnectException: Connection refused (Connection refused)
	at org.springframework.data.redis.core.DefaultValueOperationsTests.tearDown(DefaultValueOperationsTests.java:93)
Caused by: java.net.ConnectException: Connection refused (Connection refused)
	at org.springframework.data.redis.core.DefaultValueOperationsTests.tearDown(DefaultValueOperationsTests.java:93)
</error>
  </testcase>
  <testcase name="testGetAndSet[4]" classname="org.springframework.data.redis.core.DefaultValueOperationsTests" time="0.002">
    <error message="Cannot get Jedis connection; nested exception is redis.clients.jedis.exceptions.JedisConnectionException: Could not get a resource from the pool" type="org.springframework.data.redis.RedisConnectionFailureException">org.springframework.data.redis.RedisConnectionFailureException: Cannot get Jedis connection; nested exception is redis.clients.jedis.exceptions.JedisConnectionException: Could not get a resource from the pool
	at org.springframework.data.redis.core.DefaultValueOperationsTests.testGetAndSet(DefaultValueOperationsTests.java:248)
Caused by: redis.clients.jedis.exceptions.JedisConnectionException: Could not get a resource from the pool
	at org.springframework.data.redis.core.DefaultValueOperationsTests.testGetAndSet(DefaultValueOperationsTests.java:248)
Caused by: redis.clients.jedis.exceptions.JedisConnectionException: java.net.ConnectException: Connection refused (Connection refused)
	at org.springframework.data.redis.core.DefaultValueOperationsTests.testGetAndSet(DefaultValueOperationsTests.java:248)
Caused by: java.net.ConnectException: Connection refused (Connection refused)
	at org.springframework.data.redis.core.DefaultValueOperationsTests.testGetAndSet(DefaultValueOperationsTests.java:248)
</error>
  </testcase>
  <testcase name="testGetAndSet[4]" classname="org.springframework.data.redis.core.DefaultValueOperationsTests" time="0.002">
    <error message="Cannot get Jedis connection; nested exception is redis.clients.jedis.exceptions.JedisConnectionException: Could not get a resource from the pool" type="org.springframework.data.redis.RedisConnectionFailureException">org.springframework.data.redis.RedisConnectionFailureException: Cannot get Jedis connection; nested exception is redis.clients.jedis.exceptions.JedisConnectionException: Could not get a resource from the pool
	at org.springframework.data.redis.core.DefaultValueOperationsTests.tearDown(DefaultValueOperationsTests.java:93)
Caused by: redis.clients.jedis.exceptions.JedisConnectionException: Could not get a resource from the pool
	at org.springframework.data.redis.core.DefaultValueOperationsTests.tearDown(DefaultValueOperationsTests.java:93)
Caused by: redis.clients.jedis.exceptions.JedisConnectionException: java.net.ConnectException: Connection refused (Connection refused)
	at org.springframework.data.redis.core.DefaultValueOperationsTests.tearDown(DefaultValueOperationsTests.java:93)
Caused by: java.net.ConnectException: Connection refused (Connection refused)
	at org.springframework.data.redis.core.DefaultValueOperationsTests.tearDown(DefaultValueOperationsTests.java:93)
</error>
  </testcase>
  <testcase name="testDeserializeKey[4]" classname="org.springframework.data.redis.core.DefaultValueOperationsTests" time="0.001">
    <error message="got: &lt;false&gt;, expected: is &lt;true&gt;" type="org.junit.AssumptionViolatedException"><![CDATA[org.junit.AssumptionViolatedException: got: <false>, expected: is <true>
	at org.springframework.data.redis.core.DefaultValueOperationsTests.testDeserializeKey(DefaultValueOperationsTests.java:522)
]]></error>
  </testcase>
  <testcase name="testDeserializeKey[4]" classname="org.springframework.data.redis.core.DefaultValueOperationsTests" time="0.002">
    <error message="Cannot get Jedis connection; nested exception is redis.clients.jedis.exceptions.JedisConnectionException: Could not get a resource from the pool" type="org.springframework.data.redis.RedisConnectionFailureException">org.springframework.data.redis.RedisConnectionFailureException: Cannot get Jedis connection; nested exception is redis.clients.jedis.exceptions.JedisConnectionException: Could not get a resource from the pool
	at org.springframework.data.redis.core.DefaultValueOperationsTests.tearDown(DefaultValueOperationsTests.java:93)
Caused by: redis.clients.jedis.exceptions.JedisConnectionException: Could not get a resource from the pool
	at org.springframework.data.redis.core.DefaultValueOperationsTests.tearDown(DefaultValueOperationsTests.java:93)
Caused by: redis.clients.jedis.exceptions.JedisConnectionException: java.net.ConnectException: Connection refused (Connection refused)
	at org.springframework.data.redis.core.DefaultValueOperationsTests.tearDown(DefaultValueOperationsTests.java:93)
Caused by: java.net.ConnectException: Connection refused (Connection refused)
	at org.springframework.data.redis.core.DefaultValueOperationsTests.tearDown(DefaultValueOperationsTests.java:93)
</error>
  </testcase>
  <testcase name="setIfPresentShouldSetExpirationCorrectly[4]" classname="org.springframework.data.redis.core.DefaultValueOperationsTests" time="0.001">
    <error message="Cannot get Jedis connection; nested exception is redis.clients.jedis.exceptions.JedisConnectionException: Could not get a resource from the pool" type="org.springframework.data.redis.RedisConnectionFailureException">org.springframework.data.redis.RedisConnectionFailureException: Cannot get Jedis connection; nested exception is redis.clients.jedis.exceptions.JedisConnectionException: Could not get a resource from the pool
	at org.springframework.data.redis.core.DefaultValueOperationsTests.setIfPresentShouldSetExpirationCorrectly(DefaultValueOperationsTests.java:434)
Caused by: redis.clients.jedis.exceptions.JedisConnectionException: Could not get a resource from the pool
	at org.springframework.data.redis.core.DefaultValueOperationsTests.setIfPresentShouldSetExpirationCorrectly(DefaultValueOperationsTests.java:434)
Caused by: redis.clients.jedis.exceptions.JedisConnectionException: java.net.ConnectException: Connection refused (Connection refused)
	at org.springframework.data.redis.core.DefaultValueOperationsTests.setIfPresentShouldSetExpirationCorrectly(DefaultValueOperationsTests.java:434)
Caused by: java.net.ConnectException: Connection refused (Connection refused)
	at org.springframework.data.redis.core.DefaultValueOperationsTests.setIfPresentShouldSetExpirationCorrectly(DefaultValueOperationsTests.java:434)
</error>
  </testcase>
  <testcase name="setIfPresentShouldSetExpirationCorrectly[4]" classname="org.springframework.data.redis.core.DefaultValueOperationsTests" time="0.002">
    <error message="Cannot get Jedis connection; nested exception is redis.clients.jedis.exceptions.JedisConnectionException: Could not get a resource from the pool" type="org.springframework.data.redis.RedisConnectionFailureException">org.springframework.data.redis.RedisConnectionFailureException: Cannot get Jedis connection; nested exception is redis.clients.jedis.exceptions.JedisConnectionException: Could not get a resource from the pool
	at org.springframework.data.redis.core.DefaultValueOperationsTests.tearDown(DefaultValueOperationsTests.java:93)
Caused by: redis.clients.jedis.exceptions.JedisConnectionException: Could not get a resource from the pool
	at org.springframework.data.redis.core.DefaultValueOperationsTests.tearDown(DefaultValueOperationsTests.java:93)
Caused by: redis.clients.jedis.exceptions.JedisConnectionException: java.net.ConnectException: Connection refused (Connection refused)
	at org.springframework.data.redis.core.DefaultValueOperationsTests.tearDown(DefaultValueOperationsTests.java:93)
Caused by: java.net.ConnectException: Connection refused (Connection refused)
	at org.springframework.data.redis.core.DefaultValueOperationsTests.tearDown(DefaultValueOperationsTests.java:93)
</error>
  </testcase>
  <testcase name="testSetWithExpiration[4]" classname="org.springframework.data.redis.core.DefaultValueOperationsTests" time="0.001">
    <error message="Cannot get Jedis connection; nested exception is redis.clients.jedis.exceptions.JedisConnectionException: Could not get a resource from the pool" type="org.springframework.data.redis.RedisConnectionFailureException">org.springframework.data.redis.RedisConnectionFailureException: Cannot get Jedis connection; nested exception is redis.clients.jedis.exceptions.JedisConnectionException: Could not get a resource from the pool
	at org.springframework.data.redis.core.DefaultValueOperationsTests.testSetWithExpiration(DefaultValueOperationsTests.java:259)
Caused by: redis.clients.jedis.exceptions.JedisConnectionException: Could not get a resource from the pool
	at org.springframework.data.redis.core.DefaultValueOperationsTests.testSetWithExpiration(DefaultValueOperationsTests.java:259)
Caused by: redis.clients.jedis.exceptions.JedisConnectionException: java.net.ConnectException: Connection refused (Connection refused)
	at org.springframework.data.redis.core.DefaultValueOperationsTests.testSetWithExpiration(DefaultValueOperationsTests.java:259)
Caused by: java.net.ConnectException: Connection refused (Connection refused)
	at org.springframework.data.redis.core.DefaultValueOperationsTests.testSetWithExpiration(DefaultValueOperationsTests.java:259)
</error>
  </testcase>
  <testcase name="testSetWithExpiration[4]" classname="org.springframework.data.redis.core.DefaultValueOperationsTests" time="0.002">
    <error message="Cannot get Jedis connection; nested exception is redis.clients.jedis.exceptions.JedisConnectionException: Could not get a resource from the pool" type="org.springframework.data.redis.RedisConnectionFailureException">org.springframework.data.redis.RedisConnectionFailureException: Cannot get Jedis connection; nested exception is redis.clients.jedis.exceptions.JedisConnectionException: Could not get a resource from the pool
	at org.springframework.data.redis.core.DefaultValueOperationsTests.tearDown(DefaultValueOperationsTests.java:93)
Caused by: redis.clients.jedis.exceptions.JedisConnectionException: Could not get a resource from the pool
	at org.springframework.data.redis.core.DefaultValueOperationsTests.tearDown(DefaultValueOperationsTests.java:93)
Caused by: redis.clients.jedis.exceptions.JedisConnectionException: java.net.ConnectException: Connection refused (Connection refused)
	at org.springframework.data.redis.core.DefaultValueOperationsTests.tearDown(DefaultValueOperationsTests.java:93)
Caused by: java.net.ConnectException: Connection refused (Connection refused)
	at org.springframework.data.redis.core.DefaultValueOperationsTests.tearDown(DefaultValueOperationsTests.java:93)
</error>
  </testcase>
  <testcase name="testAppend[4]" classname="org.springframework.data.redis.core.DefaultValueOperationsTests" time="0.001">
    <error message="got: &lt;false&gt;, expected: is &lt;true&gt;" type="org.junit.AssumptionViolatedException"><![CDATA[org.junit.AssumptionViolatedException: got: <false>, expected: is <true>
	at org.springframework.data.redis.core.DefaultValueOperationsTests.testAppend(DefaultValueOperationsTests.java:314)
]]></error>
  </testcase>
  <testcase name="testAppend[4]" classname="org.springframework.data.redis.core.DefaultValueOperationsTests" time="0.001">
    <error message="Cannot get Jedis connection; nested exception is redis.clients.jedis.exceptions.JedisConnectionException: Could not get a resource from the pool" type="org.springframework.data.redis.RedisConnectionFailureException">org.springframework.data.redis.RedisConnectionFailureException: Cannot get Jedis connection; nested exception is redis.clients.jedis.exceptions.JedisConnectionException: Could not get a resource from the pool
	at org.springframework.data.redis.core.DefaultValueOperationsTests.tearDown(DefaultValueOperationsTests.java:93)
Caused by: redis.clients.jedis.exceptions.JedisConnectionException: Could not get a resource from the pool
	at org.springframework.data.redis.core.DefaultValueOperationsTests.tearDown(DefaultValueOperationsTests.java:93)
Caused by: redis.clients.jedis.exceptions.JedisConnectionException: java.net.ConnectException: Connection refused (Connection refused)
	at org.springframework.data.redis.core.DefaultValueOperationsTests.tearDown(DefaultValueOperationsTests.java:93)
Caused by: java.net.ConnectException: Connection refused (Connection refused)
	at org.springframework.data.redis.core.DefaultValueOperationsTests.tearDown(DefaultValueOperationsTests.java:93)
</error>
  </testcase>
  <testcase name="testSetIfPresentWithExpirationEX[4]" classname="org.springframework.data.redis.core.DefaultValueOperationsTests" time="0.002">
    <error message="Cannot get Jedis connection; nested exception is redis.clients.jedis.exceptions.JedisConnectionException: Could not get a resource from the pool" type="org.springframework.data.redis.RedisConnectionFailureException">org.springframework.data.redis.RedisConnectionFailureException: Cannot get Jedis connection; nested exception is redis.clients.jedis.exceptions.JedisConnectionException: Could not get a resource from the pool
	at org.springframework.data.redis.core.DefaultValueOperationsTests.testSetIfPresentWithExpirationEX(DefaultValueOperationsTests.java:452)
Caused by: redis.clients.jedis.exceptions.JedisConnectionException: Could not get a resource from the pool
	at org.springframework.data.redis.core.DefaultValueOperationsTests.testSetIfPresentWithExpirationEX(DefaultValueOperationsTests.java:452)
Caused by: redis.clients.jedis.exceptions.JedisConnectionException: java.net.ConnectException: Connection refused (Connection refused)
	at org.springframework.data.redis.core.DefaultValueOperationsTests.testSetIfPresentWithExpirationEX(DefaultValueOperationsTests.java:452)
Caused by: java.net.ConnectException: Connection refused (Connection refused)
	at org.springframework.data.redis.core.DefaultValueOperationsTests.testSetIfPresentWithExpirationEX(DefaultValueOperationsTests.java:452)
</error>
  </testcase>
  <testcase name="testSetIfPresentWithExpirationEX[4]" classname="org.springframework.data.redis.core.DefaultValueOperationsTests" time="0.002">
    <error message="Cannot get Jedis connection; nested exception is redis.clients.jedis.exceptions.JedisConnectionException: Could not get a resource from the pool" type="org.springframework.data.redis.RedisConnectionFailureException">org.springframework.data.redis.RedisConnectionFailureException: Cannot get Jedis connection; nested exception is redis.clients.jedis.exceptions.JedisConnectionException: Could not get a resource from the pool
	at org.springframework.data.redis.core.DefaultValueOperationsTests.tearDown(DefaultValueOperationsTests.java:93)
Caused by: redis.clients.jedis.exceptions.JedisConnectionException: Could not get a resource from the pool
	at org.springframework.data.redis.core.DefaultValueOperationsTests.tearDown(DefaultValueOperationsTests.java:93)
Caused by: redis.clients.jedis.exceptions.JedisConnectionException: java.net.ConnectException: Connection refused (Connection refused)
	at org.springframework.data.redis.core.DefaultValueOperationsTests.tearDown(DefaultValueOperationsTests.java:93)
Caused by: java.net.ConnectException: Connection refused (Connection refused)
	at org.springframework.data.redis.core.DefaultValueOperationsTests.tearDown(DefaultValueOperationsTests.java:93)
</error>
  </testcase>
  <testcase name="testSetIfPresentWithExpirationPX[4]" classname="org.springframework.data.redis.core.DefaultValueOperationsTests" time="0.002">
    <error message="Cannot get Jedis connection; nested exception is redis.clients.jedis.exceptions.JedisConnectionException: Could not get a resource from the pool" type="org.springframework.data.redis.RedisConnectionFailureException">org.springframework.data.redis.RedisConnectionFailureException: Cannot get Jedis connection; nested exception is redis.clients.jedis.exceptions.JedisConnectionException: Could not get a resource from the pool
	at org.springframework.data.redis.core.DefaultValueOperationsTests.testSetIfPresentWithExpirationPX(DefaultValueOperationsTests.java:470)
Caused by: redis.clients.jedis.exceptions.JedisConnectionException: Could not get a resource from the pool
	at org.springframework.data.redis.core.DefaultValueOperationsTests.testSetIfPresentWithExpirationPX(DefaultValueOperationsTests.java:470)
Caused by: redis.clients.jedis.exceptions.JedisConnectionException: java.net.ConnectException: Connection refused (Connection refused)
	at org.springframework.data.redis.core.DefaultValueOperationsTests.testSetIfPresentWithExpirationPX(DefaultValueOperationsTests.java:470)
Caused by: java.net.ConnectException: Connection refused (Connection refused)
	at org.springframework.data.redis.core.DefaultValueOperationsTests.testSetIfPresentWithExpirationPX(DefaultValueOperationsTests.java:470)
</error>
  </testcase>
  <testcase name="testSetIfPresentWithExpirationPX[4]" classname="org.springframework.data.redis.core.DefaultValueOperationsTests" time="0.003">
    <error message="Cannot get Jedis connection; nested exception is redis.clients.jedis.exceptions.JedisConnectionException: Could not get a resource from the pool" type="org.springframework.data.redis.RedisConnectionFailureException">org.springframework.data.redis.RedisConnectionFailureException: Cannot get Jedis connection; nested exception is redis.clients.jedis.exceptions.JedisConnectionException: Could not get a resource from the pool
	at org.springframework.data.redis.core.DefaultValueOperationsTests.tearDown(DefaultValueOperationsTests.java:93)
Caused by: redis.clients.jedis.exceptions.JedisConnectionException: Could not get a resource from the pool
	at org.springframework.data.redis.core.DefaultValueOperationsTests.tearDown(DefaultValueOperationsTests.java:93)
Caused by: redis.clients.jedis.exceptions.JedisConnectionException: java.net.ConnectException: Connection refused (Connection refused)
	at org.springframework.data.redis.core.DefaultValueOperationsTests.tearDown(DefaultValueOperationsTests.java:93)
Caused by: java.net.ConnectException: Connection refused (Connection refused)
	at org.springframework.data.redis.core.DefaultValueOperationsTests.tearDown(DefaultValueOperationsTests.java:93)
</error>
  </testcase>
  <testcase name="testIncrementLong[4]" classname="org.springframework.data.redis.core.DefaultValueOperationsTests" time="0">
    <error message="got: &lt;false&gt;, expected: is &lt;true&gt;" type="org.junit.AssumptionViolatedException"><![CDATA[org.junit.AssumptionViolatedException: got: <false>, expected: is <true>
	at org.springframework.data.redis.core.DefaultValueOperationsTests.testIncrementLong(DefaultValueOperationsTests.java:119)
]]></error>
  </testcase>
  <testcase name="testIncrementLong[4]" classname="org.springframework.data.redis.core.DefaultValueOperationsTests" time="0.001">
    <error message="Cannot get Jedis connection; nested exception is redis.clients.jedis.exceptions.JedisConnectionException: Could not get a resource from the pool" type="org.springframework.data.redis.RedisConnectionFailureException">org.springframework.data.redis.RedisConnectionFailureException: Cannot get Jedis connection; nested exception is redis.clients.jedis.exceptions.JedisConnectionException: Could not get a resource from the pool
	at org.springframework.data.redis.core.DefaultValueOperationsTests.tearDown(DefaultValueOperationsTests.java:93)
Caused by: redis.clients.jedis.exceptions.JedisConnectionException: Could not get a resource from the pool
	at org.springframework.data.redis.core.DefaultValueOperationsTests.tearDown(DefaultValueOperationsTests.java:93)
Caused by: redis.clients.jedis.exceptions.JedisConnectionException: java.net.ConnectException: Connection refused (Connection refused)
	at org.springframework.data.redis.core.DefaultValueOperationsTests.tearDown(DefaultValueOperationsTests.java:93)
Caused by: java.net.ConnectException: Connection refused (Connection refused)
	at org.springframework.data.redis.core.DefaultValueOperationsTests.tearDown(DefaultValueOperationsTests.java:93)
</error>
  </testcase>
  <testcase name="testDecrement[4]" classname="org.springframework.data.redis.core.DefaultValueOperationsTests" time="0.001">
    <error message="got: &lt;false&gt;, expected: is &lt;true&gt;" type="org.junit.AssumptionViolatedException"><![CDATA[org.junit.AssumptionViolatedException: got: <false>, expected: is <true>
	at org.springframework.data.redis.core.DefaultValueOperationsTests.testDecrement(DefaultValueOperationsTests.java:157)
]]></error>
  </testcase>
  <testcase name="testDecrement[4]" classname="org.springframework.data.redis.core.DefaultValueOperationsTests" time="0.001">
    <error message="Cannot get Jedis connection; nested exception is redis.clients.jedis.exceptions.JedisConnectionException: Could not get a resource from the pool" type="org.springframework.data.redis.RedisConnectionFailureException">org.springframework.data.redis.RedisConnectionFailureException: Cannot get Jedis connection; nested exception is redis.clients.jedis.exceptions.JedisConnectionException: Could not get a resource from the pool
	at org.springframework.data.redis.core.DefaultValueOperationsTests.tearDown(DefaultValueOperationsTests.java:93)
Caused by: redis.clients.jedis.exceptions.JedisConnectionException: Could not get a resource from the pool
	at org.springframework.data.redis.core.DefaultValueOperationsTests.tearDown(DefaultValueOperationsTests.java:93)
Caused by: redis.clients.jedis.exceptions.JedisConnectionException: java.net.ConnectException: Connection refused (Connection refused)
	at org.springframework.data.redis.core.DefaultValueOperationsTests.tearDown(DefaultValueOperationsTests.java:93)
Caused by: java.net.ConnectException: Connection refused (Connection refused)
	at org.springframework.data.redis.core.DefaultValueOperationsTests.tearDown(DefaultValueOperationsTests.java:93)
</error>
  </testcase>
  <testcase name="testMultiSet[4]" classname="org.springframework.data.redis.core.DefaultValueOperationsTests" time="0.002">
    <error message="Cannot get Jedis connection; nested exception is redis.clients.jedis.exceptions.JedisConnectionException: Could not get a resource from the pool" type="org.springframework.data.redis.RedisConnectionFailureException">org.springframework.data.redis.RedisConnectionFailureException: Cannot get Jedis connection; nested exception is redis.clients.jedis.exceptions.JedisConnectionException: Could not get a resource from the pool
	at org.springframework.data.redis.core.DefaultValueOperationsTests.testMultiSet(DefaultValueOperationsTests.java:225)
Caused by: redis.clients.jedis.exceptions.JedisConnectionException: Could not get a resource from the pool
	at org.springframework.data.redis.core.DefaultValueOperationsTests.testMultiSet(DefaultValueOperationsTests.java:225)
Caused by: redis.clients.jedis.exceptions.JedisConnectionException: java.net.ConnectException: Connection refused (Connection refused)
	at org.springframework.data.redis.core.DefaultValueOperationsTests.testMultiSet(DefaultValueOperationsTests.java:225)
Caused by: java.net.ConnectException: Connection refused (Connection refused)
	at org.springframework.data.redis.core.DefaultValueOperationsTests.testMultiSet(DefaultValueOperationsTests.java:225)
</error>
  </testcase>
  <testcase name="testMultiSet[4]" classname="org.springframework.data.redis.core.DefaultValueOperationsTests" time="0.003">
    <error message="Cannot get Jedis connection; nested exception is redis.clients.jedis.exceptions.JedisConnectionException: Could not get a resource from the pool" type="org.springframework.data.redis.RedisConnectionFailureException">org.springframework.data.redis.RedisConnectionFailureException: Cannot get Jedis connection; nested exception is redis.clients.jedis.exceptions.JedisConnectionException: Could not get a resource from the pool
	at org.springframework.data.redis.core.DefaultValueOperationsTests.tearDown(DefaultValueOperationsTests.java:93)
Caused by: redis.clients.jedis.exceptions.JedisConnectionException: Could not get a resource from the pool
	at org.springframework.data.redis.core.DefaultValueOperationsTests.tearDown(DefaultValueOperationsTests.java:93)
Caused by: redis.clients.jedis.exceptions.JedisConnectionException: java.net.ConnectException: Connection refused (Connection refused)
	at org.springframework.data.redis.core.DefaultValueOperationsTests.tearDown(DefaultValueOperationsTests.java:93)
Caused by: java.net.ConnectException: Connection refused (Connection refused)
	at org.springframework.data.redis.core.DefaultValueOperationsTests.tearDown(DefaultValueOperationsTests.java:93)
</error>
  </testcase>
  <testcase name="testGetSet[4]" classname="org.springframework.data.redis.core.DefaultValueOperationsTests" time="0.002">
    <error message="Cannot get Jedis connection; nested exception is redis.clients.jedis.exceptions.JedisConnectionException: Could not get a resource from the pool" type="org.springframework.data.redis.RedisConnectionFailureException">org.springframework.data.redis.RedisConnectionFailureException: Cannot get Jedis connection; nested exception is redis.clients.jedis.exceptions.JedisConnectionException: Could not get a resource from the pool
	at org.springframework.data.redis.core.DefaultValueOperationsTests.testGetSet(DefaultValueOperationsTests.java:236)
Caused by: redis.clients.jedis.exceptions.JedisConnectionException: Could not get a resource from the pool
	at org.springframework.data.redis.core.DefaultValueOperationsTests.testGetSet(DefaultValueOperationsTests.java:236)
Caused by: redis.clients.jedis.exceptions.JedisConnectionException: java.net.ConnectException: Connection refused (Connection refused)
	at org.springframework.data.redis.core.DefaultValueOperationsTests.testGetSet(DefaultValueOperationsTests.java:236)
Caused by: java.net.ConnectException: Connection refused (Connection refused)
	at org.springframework.data.redis.core.DefaultValueOperationsTests.testGetSet(DefaultValueOperationsTests.java:236)
</error>
  </testcase>
  <testcase name="testGetSet[4]" classname="org.springframework.data.redis.core.DefaultValueOperationsTests" time="0.002">
    <error message="Cannot get Jedis connection; nested exception is redis.clients.jedis.exceptions.JedisConnectionException: Could not get a resource from the pool" type="org.springframework.data.redis.RedisConnectionFailureException">org.springframework.data.redis.RedisConnectionFailureException: Cannot get Jedis connection; nested exception is redis.clients.jedis.exceptions.JedisConnectionException: Could not get a resource from the pool
	at org.springframework.data.redis.core.DefaultValueOperationsTests.tearDown(DefaultValueOperationsTests.java:93)
Caused by: redis.clients.jedis.exceptions.JedisConnectionException: Could not get a resource from the pool
	at org.springframework.data.redis.core.DefaultValueOperationsTests.tearDown(DefaultValueOperationsTests.java:93)
Caused by: redis.clients.jedis.exceptions.JedisConnectionException: java.net.ConnectException: Connection refused (Connection refused)
	at org.springframework.data.redis.core.DefaultValueOperationsTests.tearDown(DefaultValueOperationsTests.java:93)
Caused by: java.net.ConnectException: Connection refused (Connection refused)
	at org.springframework.data.redis.core.DefaultValueOperationsTests.tearDown(DefaultValueOperationsTests.java:93)
</error>
  </testcase>
  <testcase name="testMultiSetIfAbsent[4]" classname="org.springframework.data.redis.core.DefaultValueOperationsTests" time="0.002">
    <error message="Cannot get Jedis connection; nested exception is redis.clients.jedis.exceptions.JedisConnectionException: Could not get a resource from the pool" type="org.springframework.data.redis.RedisConnectionFailureException">org.springframework.data.redis.RedisConnectionFailureException: Cannot get Jedis connection; nested exception is redis.clients.jedis.exceptions.JedisConnectionException: Could not get a resource from the pool
	at org.springframework.data.redis.core.DefaultValueOperationsTests.testMultiSetIfAbsent(DefaultValueOperationsTests.java:191)
Caused by: redis.clients.jedis.exceptions.JedisConnectionException: Could not get a resource from the pool
	at org.springframework.data.redis.core.DefaultValueOperationsTests.testMultiSetIfAbsent(DefaultValueOperationsTests.java:191)
Caused by: redis.clients.jedis.exceptions.JedisConnectionException: java.net.ConnectException: Connection refused (Connection refused)
	at org.springframework.data.redis.core.DefaultValueOperationsTests.testMultiSetIfAbsent(DefaultValueOperationsTests.java:191)
Caused by: java.net.ConnectException: Connection refused (Connection refused)
	at org.springframework.data.redis.core.DefaultValueOperationsTests.testMultiSetIfAbsent(DefaultValueOperationsTests.java:191)
</error>
  </testcase>
  <testcase name="testMultiSetIfAbsent[4]" classname="org.springframework.data.redis.core.DefaultValueOperationsTests" time="0.003">
    <error message="Cannot get Jedis connection; nested exception is redis.clients.jedis.exceptions.JedisConnectionException: Could not get a resource from the pool" type="org.springframework.data.redis.RedisConnectionFailureException">org.springframework.data.redis.RedisConnectionFailureException: Cannot get Jedis connection; nested exception is redis.clients.jedis.exceptions.JedisConnectionException: Could not get a resource from the pool
	at org.springframework.data.redis.core.DefaultValueOperationsTests.tearDown(DefaultValueOperationsTests.java:93)
Caused by: redis.clients.jedis.exceptions.JedisConnectionException: Could not get a resource from the pool
	at org.springframework.data.redis.core.DefaultValueOperationsTests.tearDown(DefaultValueOperationsTests.java:93)
Caused by: redis.clients.jedis.exceptions.JedisConnectionException: java.net.ConnectException: Connection refused (Connection refused)
	at org.springframework.data.redis.core.DefaultValueOperationsTests.tearDown(DefaultValueOperationsTests.java:93)
Caused by: java.net.ConnectException: Connection refused (Connection refused)
	at org.springframework.data.redis.core.DefaultValueOperationsTests.tearDown(DefaultValueOperationsTests.java:93)
</error>
  </testcase>
  <testcase name="testSetIfAbsent[4]" classname="org.springframework.data.redis.core.DefaultValueOperationsTests" time="0.01">
    <error message="Cannot get Jedis connection; nested exception is redis.clients.jedis.exceptions.JedisConnectionException: Could not get a resource from the pool" type="org.springframework.data.redis.RedisConnectionFailureException">org.springframework.data.redis.RedisConnectionFailureException: Cannot get Jedis connection; nested exception is redis.clients.jedis.exceptions.JedisConnectionException: Could not get a resource from the pool
	at org.springframework.data.redis.core.DefaultValueOperationsTests.testSetIfAbsent(DefaultValueOperationsTests.java:357)
Caused by: redis.clients.jedis.exceptions.JedisConnectionException: Could not get a resource from the pool
	at org.springframework.data.redis.core.DefaultValueOperationsTests.testSetIfAbsent(DefaultValueOperationsTests.java:357)
Caused by: redis.clients.jedis.exceptions.JedisConnectionException: java.net.ConnectException: Connection refused (Connection refused)
	at org.springframework.data.redis.core.DefaultValueOperationsTests.testSetIfAbsent(DefaultValueOperationsTests.java:357)
Caused by: java.net.ConnectException: Connection refused (Connection refused)
	at org.springframework.data.redis.core.DefaultValueOperationsTests.testSetIfAbsent(DefaultValueOperationsTests.java:357)
</error>
  </testcase>
  <testcase name="testSetIfAbsent[4]" classname="org.springframework.data.redis.core.DefaultValueOperationsTests" time="0.01">
    <error message="Cannot get Jedis connection; nested exception is redis.clients.jedis.exceptions.JedisConnectionException: Could not get a resource from the pool" type="org.springframework.data.redis.RedisConnectionFailureException">org.springframework.data.redis.RedisConnectionFailureException: Cannot get Jedis connection; nested exception is redis.clients.jedis.exceptions.JedisConnectionException: Could not get a resource from the pool
	at org.springframework.data.redis.core.DefaultValueOperationsTests.tearDown(DefaultValueOperationsTests.java:93)
Caused by: redis.clients.jedis.exceptions.JedisConnectionException: Could not get a resource from the pool
	at org.springframework.data.redis.core.DefaultValueOperationsTests.tearDown(DefaultValueOperationsTests.java:93)
Caused by: redis.clients.jedis.exceptions.JedisConnectionException: java.net.ConnectException: Connection refused (Connection refused)
	at org.springframework.data.redis.core.DefaultValueOperationsTests.tearDown(DefaultValueOperationsTests.java:93)
Caused by: java.net.ConnectException: Connection refused (Connection refused)
	at org.springframework.data.redis.core.DefaultValueOperationsTests.tearDown(DefaultValueOperationsTests.java:93)
</error>
  </testcase>
  <testcase name="testRawKeysCollection[4]" classname="org.springframework.data.redis.core.DefaultValueOperationsTests" time="0">
    <error message="Cannot get Jedis connection; nested exception is redis.clients.jedis.exceptions.JedisConnectionException: Could not get a resource from the pool" type="org.springframework.data.redis.RedisConnectionFailureException">org.springframework.data.redis.RedisConnectionFailureException: Cannot get Jedis connection; nested exception is redis.clients.jedis.exceptions.JedisConnectionException: Could not get a resource from the pool
	at org.springframework.data.redis.core.DefaultValueOperationsTests.tearDown(DefaultValueOperationsTests.java:93)
Caused by: redis.clients.jedis.exceptions.JedisConnectionException: Could not get a resource from the pool
	at org.springframework.data.redis.core.DefaultValueOperationsTests.tearDown(DefaultValueOperationsTests.java:93)
Caused by: redis.clients.jedis.exceptions.JedisConnectionException: java.net.ConnectException: Connection refused (Connection refused)
	at org.springframework.data.redis.core.DefaultValueOperationsTests.tearDown(DefaultValueOperationsTests.java:93)
Caused by: java.net.ConnectException: Connection refused (Connection refused)
	at org.springframework.data.redis.core.DefaultValueOperationsTests.tearDown(DefaultValueOperationsTests.java:93)
</error>
  </testcase>
  <testcase name="testSetRange[4]" classname="org.springframework.data.redis.core.DefaultValueOperationsTests" time="0">
    <error message="got: &lt;false&gt;, expected: is &lt;true&gt;" type="org.junit.AssumptionViolatedException"><![CDATA[org.junit.AssumptionViolatedException: got: <false>, expected: is <true>
	at org.springframework.data.redis.core.DefaultValueOperationsTests.testSetRange(DefaultValueOperationsTests.java:342)
]]></error>
  </testcase>
  <testcase name="testSetRange[4]" classname="org.springframework.data.redis.core.DefaultValueOperationsTests" time="0">
    <error message="Cannot get Jedis connection; nested exception is redis.clients.jedis.exceptions.JedisConnectionException: Could not get a resource from the pool" type="org.springframework.data.redis.RedisConnectionFailureException">org.springframework.data.redis.RedisConnectionFailureException: Cannot get Jedis connection; nested exception is redis.clients.jedis.exceptions.JedisConnectionException: Could not get a resource from the pool
	at org.springframework.data.redis.core.DefaultValueOperationsTests.tearDown(DefaultValueOperationsTests.java:93)
Caused by: redis.clients.jedis.exceptions.JedisConnectionException: Could not get a resource from the pool
	at org.springframework.data.redis.core.DefaultValueOperationsTests.tearDown(DefaultValueOperationsTests.java:93)
Caused by: redis.clients.jedis.exceptions.JedisConnectionException: java.net.ConnectException: Connection refused (Connection refused)
	at org.springframework.data.redis.core.DefaultValueOperationsTests.tearDown(DefaultValueOperationsTests.java:93)
Caused by: java.net.ConnectException: Connection refused (Connection refused)
	at org.springframework.data.redis.core.DefaultValueOperationsTests.tearDown(DefaultValueOperationsTests.java:93)
</error>
  </testcase>
  <testcase name="testSetWithExpirationEX[5]" classname="org.springframework.data.redis.core.DefaultValueOperationsTests" time="0.014">
    <error message="Cannot get Jedis connection; nested exception is redis.clients.jedis.exceptions.JedisConnectionException: Could not get a resource from the pool" type="org.springframework.data.redis.RedisConnectionFailureException">org.springframework.data.redis.RedisConnectionFailureException: Cannot get Jedis connection; nested exception is redis.clients.jedis.exceptions.JedisConnectionException: Could not get a resource from the pool
	at org.springframework.data.redis.core.DefaultValueOperationsTests.testSetWithExpirationEX(DefaultValueOperationsTests.java:273)
Caused by: redis.clients.jedis.exceptions.JedisConnectionException: Could not get a resource from the pool
	at org.springframework.data.redis.core.DefaultValueOperationsTests.testSetWithExpirationEX(DefaultValueOperationsTests.java:273)
Caused by: redis.clients.jedis.exceptions.JedisConnectionException: java.net.ConnectException: Connection refused (Connection refused)
	at org.springframework.data.redis.core.DefaultValueOperationsTests.testSetWithExpirationEX(DefaultValueOperationsTests.java:273)
Caused by: java.net.ConnectException: Connection refused (Connection refused)
	at org.springframework.data.redis.core.DefaultValueOperationsTests.testSetWithExpirationEX(DefaultValueOperationsTests.java:273)
</error>
  </testcase>
  <testcase name="testSetWithExpirationEX[5]" classname="org.springframework.data.redis.core.DefaultValueOperationsTests" time="0.014">
    <error message="Cannot get Jedis connection; nested exception is redis.clients.jedis.exceptions.JedisConnectionException: Could not get a resource from the pool" type="org.springframework.data.redis.RedisConnectionFailureException">org.springframework.data.redis.RedisConnectionFailureException: Cannot get Jedis connection; nested exception is redis.clients.jedis.exceptions.JedisConnectionException: Could not get a resource from the pool
	at org.springframework.data.redis.core.DefaultValueOperationsTests.tearDown(DefaultValueOperationsTests.java:93)
Caused by: redis.clients.jedis.exceptions.JedisConnectionException: Could not get a resource from the pool
	at org.springframework.data.redis.core.DefaultValueOperationsTests.tearDown(DefaultValueOperationsTests.java:93)
Caused by: redis.clients.jedis.exceptions.JedisConnectionException: java.net.ConnectException: Connection refused (Connection refused)
	at org.springframework.data.redis.core.DefaultValueOperationsTests.tearDown(DefaultValueOperationsTests.java:93)
Caused by: java.net.ConnectException: Connection refused (Connection refused)
	at org.springframework.data.redis.core.DefaultValueOperationsTests.tearDown(DefaultValueOperationsTests.java:93)
</error>
  </testcase>
  <testcase name="testSetWithExpirationPX[5]" classname="org.springframework.data.redis.core.DefaultValueOperationsTests" time="0.002">
    <error message="Cannot get Jedis connection; nested exception is redis.clients.jedis.exceptions.JedisConnectionException: Could not get a resource from the pool" type="org.springframework.data.redis.RedisConnectionFailureException">org.springframework.data.redis.RedisConnectionFailureException: Cannot get Jedis connection; nested exception is redis.clients.jedis.exceptions.JedisConnectionException: Could not get a resource from the pool
	at org.springframework.data.redis.core.DefaultValueOperationsTests.testSetWithExpirationPX(DefaultValueOperationsTests.java:287)
Caused by: redis.clients.jedis.exceptions.JedisConnectionException: Could not get a resource from the pool
	at org.springframework.data.redis.core.DefaultValueOperationsTests.testSetWithExpirationPX(DefaultValueOperationsTests.java:287)
Caused by: redis.clients.jedis.exceptions.JedisConnectionException: java.net.ConnectException: Connection refused (Connection refused)
	at org.springframework.data.redis.core.DefaultValueOperationsTests.testSetWithExpirationPX(DefaultValueOperationsTests.java:287)
Caused by: java.net.ConnectException: Connection refused (Connection refused)
	at org.springframework.data.redis.core.DefaultValueOperationsTests.testSetWithExpirationPX(DefaultValueOperationsTests.java:287)
</error>
  </testcase>
  <testcase name="testSetWithExpirationPX[5]" classname="org.springframework.data.redis.core.DefaultValueOperationsTests" time="0.002">
    <error message="Cannot get Jedis connection; nested exception is redis.clients.jedis.exceptions.JedisConnectionException: Could not get a resource from the pool" type="org.springframework.data.redis.RedisConnectionFailureException">org.springframework.data.redis.RedisConnectionFailureException: Cannot get Jedis connection; nested exception is redis.clients.jedis.exceptions.JedisConnectionException: Could not get a resource from the pool
	at org.springframework.data.redis.core.DefaultValueOperationsTests.tearDown(DefaultValueOperationsTests.java:93)
Caused by: redis.clients.jedis.exceptions.JedisConnectionException: Could not get a resource from the pool
	at org.springframework.data.redis.core.DefaultValueOperationsTests.tearDown(DefaultValueOperationsTests.java:93)
Caused by: redis.clients.jedis.exceptions.JedisConnectionException: java.net.ConnectException: Connection refused (Connection refused)
	at org.springframework.data.redis.core.DefaultValueOperationsTests.tearDown(DefaultValueOperationsTests.java:93)
Caused by: java.net.ConnectException: Connection refused (Connection refused)
	at org.springframework.data.redis.core.DefaultValueOperationsTests.tearDown(DefaultValueOperationsTests.java:93)
</error>
  </testcase>
  <testcase name="testSetAndGetBit[5]" classname="org.springframework.data.redis.core.DefaultValueOperationsTests" time="0.001">
    <error message="got: &lt;false&gt;, expected: is &lt;true&gt;" type="org.junit.AssumptionViolatedException"><![CDATA[org.junit.AssumptionViolatedException: got: <false>, expected: is <true>
	at org.springframework.data.redis.core.DefaultValueOperationsTests.testSetAndGetBit(DefaultValueOperationsTests.java:530)
]]></error>
  </testcase>
  <testcase name="testSetAndGetBit[5]" classname="org.springframework.data.redis.core.DefaultValueOperationsTests" time="0.002">
    <error message="Cannot get Jedis connection; nested exception is redis.clients.jedis.exceptions.JedisConnectionException: Could not get a resource from the pool" type="org.springframework.data.redis.RedisConnectionFailureException">org.springframework.data.redis.RedisConnectionFailureException: Cannot get Jedis connection; nested exception is redis.clients.jedis.exceptions.JedisConnectionException: Could not get a resource from the pool
	at org.springframework.data.redis.core.DefaultValueOperationsTests.tearDown(DefaultValueOperationsTests.java:93)
Caused by: redis.clients.jedis.exceptions.JedisConnectionException: Could not get a resource from the pool
	at org.springframework.data.redis.core.DefaultValueOperationsTests.tearDown(DefaultValueOperationsTests.java:93)
Caused by: redis.clients.jedis.exceptions.JedisConnectionException: java.net.ConnectException: Connection refused (Connection refused)
	at org.springframework.data.redis.core.DefaultValueOperationsTests.tearDown(DefaultValueOperationsTests.java:93)
Caused by: java.net.ConnectException: Connection refused (Connection refused)
	at org.springframework.data.redis.core.DefaultValueOperationsTests.tearDown(DefaultValueOperationsTests.java:93)
</error>
  </testcase>
  <testcase name="setIfPresentReturnsFalseWhenKeyDoesNotExist[5]" classname="org.springframework.data.redis.core.DefaultValueOperationsTests" time="0.002">
    <error message="Cannot get Jedis connection; nested exception is redis.clients.jedis.exceptions.JedisConnectionException: Could not get a resource from the pool" type="org.springframework.data.redis.RedisConnectionFailureException">org.springframework.data.redis.RedisConnectionFailureException: Cannot get Jedis connection; nested exception is redis.clients.jedis.exceptions.JedisConnectionException: Could not get a resource from the pool
	at org.springframework.data.redis.core.DefaultValueOperationsTests.setIfPresentReturnsFalseWhenKeyDoesNotExist(DefaultValueOperationsTests.java:424)
Caused by: redis.clients.jedis.exceptions.JedisConnectionException: Could not get a resource from the pool
	at org.springframework.data.redis.core.DefaultValueOperationsTests.setIfPresentReturnsFalseWhenKeyDoesNotExist(DefaultValueOperationsTests.java:424)
Caused by: redis.clients.jedis.exceptions.JedisConnectionException: java.net.ConnectException: Connection refused (Connection refused)
	at org.springframework.data.redis.core.DefaultValueOperationsTests.setIfPresentReturnsFalseWhenKeyDoesNotExist(DefaultValueOperationsTests.java:424)
Caused by: java.net.ConnectException: Connection refused (Connection refused)
	at org.springframework.data.redis.core.DefaultValueOperationsTests.setIfPresentReturnsFalseWhenKeyDoesNotExist(DefaultValueOperationsTests.java:424)
</error>
  </testcase>
  <testcase name="setIfPresentReturnsFalseWhenKeyDoesNotExist[5]" classname="org.springframework.data.redis.core.DefaultValueOperationsTests" time="0.002">
    <error message="Cannot get Jedis connection; nested exception is redis.clients.jedis.exceptions.JedisConnectionException: Could not get a resource from the pool" type="org.springframework.data.redis.RedisConnectionFailureException">org.springframework.data.redis.RedisConnectionFailureException: Cannot get Jedis connection; nested exception is redis.clients.jedis.exceptions.JedisConnectionException: Could not get a resource from the pool
	at org.springframework.data.redis.core.DefaultValueOperationsTests.tearDown(DefaultValueOperationsTests.java:93)
Caused by: redis.clients.jedis.exceptions.JedisConnectionException: Could not get a resource from the pool
	at org.springframework.data.redis.core.DefaultValueOperationsTests.tearDown(DefaultValueOperationsTests.java:93)
Caused by: redis.clients.jedis.exceptions.JedisConnectionException: java.net.ConnectException: Connection refused (Connection refused)
	at org.springframework.data.redis.core.DefaultValueOperationsTests.tearDown(DefaultValueOperationsTests.java:93)
Caused by: java.net.ConnectException: Connection refused (Connection refused)
	at org.springframework.data.redis.core.DefaultValueOperationsTests.tearDown(DefaultValueOperationsTests.java:93)
</error>
  </testcase>
  <testcase name="testGetRange[5]" classname="org.springframework.data.redis.core.DefaultValueOperationsTests" time="0.002">
    <error message="Cannot get Jedis connection; nested exception is redis.clients.jedis.exceptions.JedisConnectionException: Could not get a resource from the pool" type="org.springframework.data.redis.RedisConnectionFailureException">org.springframework.data.redis.RedisConnectionFailureException: Cannot get Jedis connection; nested exception is redis.clients.jedis.exceptions.JedisConnectionException: Could not get a resource from the pool
	at org.springframework.data.redis.core.DefaultValueOperationsTests.testGetRange(DefaultValueOperationsTests.java:330)
Caused by: redis.clients.jedis.exceptions.JedisConnectionException: Could not get a resource from the pool
	at org.springframework.data.redis.core.DefaultValueOperationsTests.testGetRange(DefaultValueOperationsTests.java:330)
Caused by: redis.clients.jedis.exceptions.JedisConnectionException: java.net.ConnectException: Connection refused (Connection refused)
	at org.springframework.data.redis.core.DefaultValueOperationsTests.testGetRange(DefaultValueOperationsTests.java:330)
Caused by: java.net.ConnectException: Connection refused (Connection refused)
	at org.springframework.data.redis.core.DefaultValueOperationsTests.testGetRange(DefaultValueOperationsTests.java:330)
</error>
  </testcase>
  <testcase name="testGetRange[5]" classname="org.springframework.data.redis.core.DefaultValueOperationsTests" time="0.002">
    <error message="Cannot get Jedis connection; nested exception is redis.clients.jedis.exceptions.JedisConnectionException: Could not get a resource from the pool" type="org.springframework.data.redis.RedisConnectionFailureException">org.springframework.data.redis.RedisConnectionFailureException: Cannot get Jedis connection; nested exception is redis.clients.jedis.exceptions.JedisConnectionException: Could not get a resource from the pool
	at org.springframework.data.redis.core.DefaultValueOperationsTests.tearDown(DefaultValueOperationsTests.java:93)
Caused by: redis.clients.jedis.exceptions.JedisConnectionException: Could not get a resource from the pool
	at org.springframework.data.redis.core.DefaultValueOperationsTests.tearDown(DefaultValueOperationsTests.java:93)
Caused by: redis.clients.jedis.exceptions.JedisConnectionException: java.net.ConnectException: Connection refused (Connection refused)
	at org.springframework.data.redis.core.DefaultValueOperationsTests.tearDown(DefaultValueOperationsTests.java:93)
Caused by: java.net.ConnectException: Connection refused (Connection refused)
	at org.springframework.data.redis.core.DefaultValueOperationsTests.tearDown(DefaultValueOperationsTests.java:93)
</error>
  </testcase>
  <testcase name="testSetIfAbsentWithExpirationEX[5]" classname="org.springframework.data.redis.core.DefaultValueOperationsTests" time="0.002">
    <error message="Cannot get Jedis connection; nested exception is redis.clients.jedis.exceptions.JedisConnectionException: Could not get a resource from the pool" type="org.springframework.data.redis.RedisConnectionFailureException">org.springframework.data.redis.RedisConnectionFailureException: Cannot get Jedis connection; nested exception is redis.clients.jedis.exceptions.JedisConnectionException: Could not get a resource from the pool
	at org.springframework.data.redis.core.DefaultValueOperationsTests.testSetIfAbsentWithExpirationEX(DefaultValueOperationsTests.java:384)
Caused by: redis.clients.jedis.exceptions.JedisConnectionException: Could not get a resource from the pool
	at org.springframework.data.redis.core.DefaultValueOperationsTests.testSetIfAbsentWithExpirationEX(DefaultValueOperationsTests.java:384)
Caused by: redis.clients.jedis.exceptions.JedisConnectionException: java.net.ConnectException: Connection refused (Connection refused)
	at org.springframework.data.redis.core.DefaultValueOperationsTests.testSetIfAbsentWithExpirationEX(DefaultValueOperationsTests.java:384)
Caused by: java.net.ConnectException: Connection refused (Connection refused)
	at org.springframework.data.redis.core.DefaultValueOperationsTests.testSetIfAbsentWithExpirationEX(DefaultValueOperationsTests.java:384)
</error>
  </testcase>
  <testcase name="testSetIfAbsentWithExpirationEX[5]" classname="org.springframework.data.redis.core.DefaultValueOperationsTests" time="0.003">
    <error message="Cannot get Jedis connection; nested exception is redis.clients.jedis.exceptions.JedisConnectionException: Could not get a resource from the pool" type="org.springframework.data.redis.RedisConnectionFailureException">org.springframework.data.redis.RedisConnectionFailureException: Cannot get Jedis connection; nested exception is redis.clients.jedis.exceptions.JedisConnectionException: Could not get a resource from the pool
	at org.springframework.data.redis.core.DefaultValueOperationsTests.tearDown(DefaultValueOperationsTests.java:93)
Caused by: redis.clients.jedis.exceptions.JedisConnectionException: Could not get a resource from the pool
	at org.springframework.data.redis.core.DefaultValueOperationsTests.tearDown(DefaultValueOperationsTests.java:93)
Caused by: redis.clients.jedis.exceptions.JedisConnectionException: java.net.ConnectException: Connection refused (Connection refused)
	at org.springframework.data.redis.core.DefaultValueOperationsTests.tearDown(DefaultValueOperationsTests.java:93)
Caused by: java.net.ConnectException: Connection refused (Connection refused)
	at org.springframework.data.redis.core.DefaultValueOperationsTests.tearDown(DefaultValueOperationsTests.java:93)
</error>
  </testcase>
  <testcase name="testSetIfAbsentWithExpirationPX[5]" classname="org.springframework.data.redis.core.DefaultValueOperationsTests" time="0.002">
    <error message="Cannot get Jedis connection; nested exception is redis.clients.jedis.exceptions.JedisConnectionException: Could not get a resource from the pool" type="org.springframework.data.redis.RedisConnectionFailureException">org.springframework.data.redis.RedisConnectionFailureException: Cannot get Jedis connection; nested exception is redis.clients.jedis.exceptions.JedisConnectionException: Could not get a resource from the pool
	at org.springframework.data.redis.core.DefaultValueOperationsTests.testSetIfAbsentWithExpirationPX(DefaultValueOperationsTests.java:400)
Caused by: redis.clients.jedis.exceptions.JedisConnectionException: Could not get a resource from the pool
	at org.springframework.data.redis.core.DefaultValueOperationsTests.testSetIfAbsentWithExpirationPX(DefaultValueOperationsTests.java:400)
Caused by: redis.clients.jedis.exceptions.JedisConnectionException: java.net.ConnectException: Connection refused (Connection refused)
	at org.springframework.data.redis.core.DefaultValueOperationsTests.testSetIfAbsentWithExpirationPX(DefaultValueOperationsTests.java:400)
Caused by: java.net.ConnectException: Connection refused (Connection refused)
	at org.springframework.data.redis.core.DefaultValueOperationsTests.testSetIfAbsentWithExpirationPX(DefaultValueOperationsTests.java:400)
</error>
  </testcase>
  <testcase name="testSetIfAbsentWithExpirationPX[5]" classname="org.springframework.data.redis.core.DefaultValueOperationsTests" time="0.003">
    <error message="Cannot get Jedis connection; nested exception is redis.clients.jedis.exceptions.JedisConnectionException: Could not get a resource from the pool" type="org.springframework.data.redis.RedisConnectionFailureException">org.springframework.data.redis.RedisConnectionFailureException: Cannot get Jedis connection; nested exception is redis.clients.jedis.exceptions.JedisConnectionException: Could not get a resource from the pool
	at org.springframework.data.redis.core.DefaultValueOperationsTests.tearDown(DefaultValueOperationsTests.java:93)
Caused by: redis.clients.jedis.exceptions.JedisConnectionException: Could not get a resource from the pool
	at org.springframework.data.redis.core.DefaultValueOperationsTests.tearDown(DefaultValueOperationsTests.java:93)
Caused by: redis.clients.jedis.exceptions.JedisConnectionException: java.net.ConnectException: Connection refused (Connection refused)
	at org.springframework.data.redis.core.DefaultValueOperationsTests.tearDown(DefaultValueOperationsTests.java:93)
Caused by: java.net.ConnectException: Connection refused (Connection refused)
	at org.springframework.data.redis.core.DefaultValueOperationsTests.tearDown(DefaultValueOperationsTests.java:93)
</error>
  </testcase>
  <testcase name="setIfPresentReturnsTrueWhenKeyExists[5]" classname="org.springframework.data.redis.core.DefaultValueOperationsTests" time="0.002">
    <error message="Cannot get Jedis connection; nested exception is redis.clients.jedis.exceptions.JedisConnectionException: Could not get a resource from the pool" type="org.springframework.data.redis.RedisConnectionFailureException">org.springframework.data.redis.RedisConnectionFailureException: Cannot get Jedis connection; nested exception is redis.clients.jedis.exceptions.JedisConnectionException: Could not get a resource from the pool
	at org.springframework.data.redis.core.DefaultValueOperationsTests.setIfPresentReturnsTrueWhenKeyExists(DefaultValueOperationsTests.java:416)
Caused by: redis.clients.jedis.exceptions.JedisConnectionException: Could not get a resource from the pool
	at org.springframework.data.redis.core.DefaultValueOperationsTests.setIfPresentReturnsTrueWhenKeyExists(DefaultValueOperationsTests.java:416)
Caused by: redis.clients.jedis.exceptions.JedisConnectionException: java.net.ConnectException: Connection refused (Connection refused)
	at org.springframework.data.redis.core.DefaultValueOperationsTests.setIfPresentReturnsTrueWhenKeyExists(DefaultValueOperationsTests.java:416)
Caused by: java.net.ConnectException: Connection refused (Connection refused)
	at org.springframework.data.redis.core.DefaultValueOperationsTests.setIfPresentReturnsTrueWhenKeyExists(DefaultValueOperationsTests.java:416)
</error>
  </testcase>
  <testcase name="setIfPresentReturnsTrueWhenKeyExists[5]" classname="org.springframework.data.redis.core.DefaultValueOperationsTests" time="0.002">
    <error message="Cannot get Jedis connection; nested exception is redis.clients.jedis.exceptions.JedisConnectionException: Could not get a resource from the pool" type="org.springframework.data.redis.RedisConnectionFailureException">org.springframework.data.redis.RedisConnectionFailureException: Cannot get Jedis connection; nested exception is redis.clients.jedis.exceptions.JedisConnectionException: Could not get a resource from the pool
	at org.springframework.data.redis.core.DefaultValueOperationsTests.tearDown(DefaultValueOperationsTests.java:93)
Caused by: redis.clients.jedis.exceptions.JedisConnectionException: Could not get a resource from the pool
	at org.springframework.data.redis.core.DefaultValueOperationsTests.tearDown(DefaultValueOperationsTests.java:93)
Caused by: redis.clients.jedis.exceptions.JedisConnectionException: java.net.ConnectException: Connection refused (Connection refused)
	at org.springframework.data.redis.core.DefaultValueOperationsTests.tearDown(DefaultValueOperationsTests.java:93)
Caused by: java.net.ConnectException: Connection refused (Connection refused)
	at org.springframework.data.redis.core.DefaultValueOperationsTests.tearDown(DefaultValueOperationsTests.java:93)
</error>
  </testcase>
  <testcase name="testSize[5]" classname="org.springframework.data.redis.core.DefaultValueOperationsTests" time="0.002">
    <error message="Cannot get Jedis connection; nested exception is redis.clients.jedis.exceptions.JedisConnectionException: Could not get a resource from the pool" type="org.springframework.data.redis.RedisConnectionFailureException">org.springframework.data.redis.RedisConnectionFailureException: Cannot get Jedis connection; nested exception is redis.clients.jedis.exceptions.JedisConnectionException: Could not get a resource from the pool
	at org.springframework.data.redis.core.DefaultValueOperationsTests.testSize(DefaultValueOperationsTests.java:487)
Caused by: redis.clients.jedis.exceptions.JedisConnectionException: Could not get a resource from the pool
	at org.springframework.data.redis.core.DefaultValueOperationsTests.testSize(DefaultValueOperationsTests.java:487)
Caused by: redis.clients.jedis.exceptions.JedisConnectionException: java.net.ConnectException: Connection refused (Connection refused)
	at org.springframework.data.redis.core.DefaultValueOperationsTests.testSize(DefaultValueOperationsTests.java:487)
Caused by: java.net.ConnectException: Connection refused (Connection refused)
	at org.springframework.data.redis.core.DefaultValueOperationsTests.testSize(DefaultValueOperationsTests.java:487)
</error>
  </testcase>
  <testcase name="testSize[5]" classname="org.springframework.data.redis.core.DefaultValueOperationsTests" time="0.003">
    <error message="Cannot get Jedis connection; nested exception is redis.clients.jedis.exceptions.JedisConnectionException: Could not get a resource from the pool" type="org.springframework.data.redis.RedisConnectionFailureException">org.springframework.data.redis.RedisConnectionFailureException: Cannot get Jedis connection; nested exception is redis.clients.jedis.exceptions.JedisConnectionException: Could not get a resource from the pool
	at org.springframework.data.redis.core.DefaultValueOperationsTests.tearDown(DefaultValueOperationsTests.java:93)
Caused by: redis.clients.jedis.exceptions.JedisConnectionException: Could not get a resource from the pool
	at org.springframework.data.redis.core.DefaultValueOperationsTests.tearDown(DefaultValueOperationsTests.java:93)
Caused by: redis.clients.jedis.exceptions.JedisConnectionException: java.net.ConnectException: Connection refused (Connection refused)
	at org.springframework.data.redis.core.DefaultValueOperationsTests.tearDown(DefaultValueOperationsTests.java:93)
Caused by: java.net.ConnectException: Connection refused (Connection refused)
	at org.springframework.data.redis.core.DefaultValueOperationsTests.tearDown(DefaultValueOperationsTests.java:93)
</error>
  </testcase>
  <testcase name="testSetIfAbsentWithExpiration[5]" classname="org.springframework.data.redis.core.DefaultValueOperationsTests" time="0.002">
    <error message="Cannot get Jedis connection; nested exception is redis.clients.jedis.exceptions.JedisConnectionException: Could not get a resource from the pool" type="org.springframework.data.redis.RedisConnectionFailureException">org.springframework.data.redis.RedisConnectionFailureException: Cannot get Jedis connection; nested exception is redis.clients.jedis.exceptions.JedisConnectionException: Could not get a resource from the pool
	at org.springframework.data.redis.core.DefaultValueOperationsTests.testSetIfAbsentWithExpiration(DefaultValueOperationsTests.java:368)
Caused by: redis.clients.jedis.exceptions.JedisConnectionException: Could not get a resource from the pool
	at org.springframework.data.redis.core.DefaultValueOperationsTests.testSetIfAbsentWithExpiration(DefaultValueOperationsTests.java:368)
Caused by: redis.clients.jedis.exceptions.JedisConnectionException: java.net.ConnectException: Connection refused (Connection refused)
	at org.springframework.data.redis.core.DefaultValueOperationsTests.testSetIfAbsentWithExpiration(DefaultValueOperationsTests.java:368)
Caused by: java.net.ConnectException: Connection refused (Connection refused)
	at org.springframework.data.redis.core.DefaultValueOperationsTests.testSetIfAbsentWithExpiration(DefaultValueOperationsTests.java:368)
</error>
  </testcase>
  <testcase name="testSetIfAbsentWithExpiration[5]" classname="org.springframework.data.redis.core.DefaultValueOperationsTests" time="0.002">
    <error message="Cannot get Jedis connection; nested exception is redis.clients.jedis.exceptions.JedisConnectionException: Could not get a resource from the pool" type="org.springframework.data.redis.RedisConnectionFailureException">org.springframework.data.redis.RedisConnectionFailureException: Cannot get Jedis connection; nested exception is redis.clients.jedis.exceptions.JedisConnectionException: Could not get a resource from the pool
	at org.springframework.data.redis.core.DefaultValueOperationsTests.tearDown(DefaultValueOperationsTests.java:93)
Caused by: redis.clients.jedis.exceptions.JedisConnectionException: Could not get a resource from the pool
	at org.springframework.data.redis.core.DefaultValueOperationsTests.tearDown(DefaultValueOperationsTests.java:93)
Caused by: redis.clients.jedis.exceptions.JedisConnectionException: java.net.ConnectException: Connection refused (Connection refused)
	at org.springframework.data.redis.core.DefaultValueOperationsTests.tearDown(DefaultValueOperationsTests.java:93)
Caused by: java.net.ConnectException: Connection refused (Connection refused)
	at org.springframework.data.redis.core.DefaultValueOperationsTests.tearDown(DefaultValueOperationsTests.java:93)
</error>
  </testcase>
  <testcase name="testMultiSetIfAbsentFailure[5]" classname="org.springframework.data.redis.core.DefaultValueOperationsTests" time="0.003">
    <error message="Cannot get Jedis connection; nested exception is redis.clients.jedis.exceptions.JedisConnectionException: Could not get a resource from the pool" type="org.springframework.data.redis.RedisConnectionFailureException">org.springframework.data.redis.RedisConnectionFailureException: Cannot get Jedis connection; nested exception is redis.clients.jedis.exceptions.JedisConnectionException: Could not get a resource from the pool
	at org.springframework.data.redis.core.DefaultValueOperationsTests.testMultiSetIfAbsentFailure(DefaultValueOperationsTests.java:204)
Caused by: redis.clients.jedis.exceptions.JedisConnectionException: Could not get a resource from the pool
	at org.springframework.data.redis.core.DefaultValueOperationsTests.testMultiSetIfAbsentFailure(DefaultValueOperationsTests.java:204)
Caused by: redis.clients.jedis.exceptions.JedisConnectionException: java.net.ConnectException: Connection refused (Connection refused)
	at org.springframework.data.redis.core.DefaultValueOperationsTests.testMultiSetIfAbsentFailure(DefaultValueOperationsTests.java:204)
Caused by: java.net.ConnectException: Connection refused (Connection refused)
	at org.springframework.data.redis.core.DefaultValueOperationsTests.testMultiSetIfAbsentFailure(DefaultValueOperationsTests.java:204)
</error>
  </testcase>
  <testcase name="testMultiSetIfAbsentFailure[5]" classname="org.springframework.data.redis.core.DefaultValueOperationsTests" time="0.003">
    <error message="Cannot get Jedis connection; nested exception is redis.clients.jedis.exceptions.JedisConnectionException: Could not get a resource from the pool" type="org.springframework.data.redis.RedisConnectionFailureException">org.springframework.data.redis.RedisConnectionFailureException: Cannot get Jedis connection; nested exception is redis.clients.jedis.exceptions.JedisConnectionException: Could not get a resource from the pool
	at org.springframework.data.redis.core.DefaultValueOperationsTests.tearDown(DefaultValueOperationsTests.java:93)
Caused by: redis.clients.jedis.exceptions.JedisConnectionException: Could not get a resource from the pool
	at org.springframework.data.redis.core.DefaultValueOperationsTests.tearDown(DefaultValueOperationsTests.java:93)
Caused by: redis.clients.jedis.exceptions.JedisConnectionException: java.net.ConnectException: Connection refused (Connection refused)
	at org.springframework.data.redis.core.DefaultValueOperationsTests.tearDown(DefaultValueOperationsTests.java:93)
Caused by: java.net.ConnectException: Connection refused (Connection refused)
	at org.springframework.data.redis.core.DefaultValueOperationsTests.tearDown(DefaultValueOperationsTests.java:93)
</error>
  </testcase>
  <testcase name="testIncrement[5]" classname="org.springframework.data.redis.core.DefaultValueOperationsTests" time="0.001">
    <error message="got: &lt;false&gt;, expected: is &lt;true&gt;" type="org.junit.AssumptionViolatedException"><![CDATA[org.junit.AssumptionViolatedException: got: <false>, expected: is <true>
	at org.springframework.data.redis.core.DefaultValueOperationsTests.testIncrement(DefaultValueOperationsTests.java:105)
]]></error>
  </testcase>
  <testcase name="testIncrement[5]" classname="org.springframework.data.redis.core.DefaultValueOperationsTests" time="0.002">
    <error message="Cannot get Jedis connection; nested exception is redis.clients.jedis.exceptions.JedisConnectionException: Could not get a resource from the pool" type="org.springframework.data.redis.RedisConnectionFailureException">org.springframework.data.redis.RedisConnectionFailureException: Cannot get Jedis connection; nested exception is redis.clients.jedis.exceptions.JedisConnectionException: Could not get a resource from the pool
	at org.springframework.data.redis.core.DefaultValueOperationsTests.tearDown(DefaultValueOperationsTests.java:93)
Caused by: redis.clients.jedis.exceptions.JedisConnectionException: Could not get a resource from the pool
	at org.springframework.data.redis.core.DefaultValueOperationsTests.tearDown(DefaultValueOperationsTests.java:93)
Caused by: redis.clients.jedis.exceptions.JedisConnectionException: java.net.ConnectException: Connection refused (Connection refused)
	at org.springframework.data.redis.core.DefaultValueOperationsTests.tearDown(DefaultValueOperationsTests.java:93)
Caused by: java.net.ConnectException: Connection refused (Connection refused)
	at org.springframework.data.redis.core.DefaultValueOperationsTests.tearDown(DefaultValueOperationsTests.java:93)
</error>
  </testcase>
  <testcase name="testIncrementDouble[5]" classname="org.springframework.data.redis.core.DefaultValueOperationsTests" time="0.001">
    <error message="Could not initialize class org.springframework.data.redis.RedisTestProfileValueSource" type="java.lang.NoClassDefFoundError">java.lang.NoClassDefFoundError: Could not initialize class org.springframework.data.redis.RedisTestProfileValueSource
	at org.springframework.data.redis.core.DefaultValueOperationsTests.testIncrementDouble(DefaultValueOperationsTests.java:133)
</error>
  </testcase>
  <testcase name="testIncrementDouble[5]" classname="org.springframework.data.redis.core.DefaultValueOperationsTests" time="0.002">
    <error message="Cannot get Jedis connection; nested exception is redis.clients.jedis.exceptions.JedisConnectionException: Could not get a resource from the pool" type="org.springframework.data.redis.RedisConnectionFailureException">org.springframework.data.redis.RedisConnectionFailureException: Cannot get Jedis connection; nested exception is redis.clients.jedis.exceptions.JedisConnectionException: Could not get a resource from the pool
	at org.springframework.data.redis.core.DefaultValueOperationsTests.tearDown(DefaultValueOperationsTests.java:93)
Caused by: redis.clients.jedis.exceptions.JedisConnectionException: Could not get a resource from the pool
	at org.springframework.data.redis.core.DefaultValueOperationsTests.tearDown(DefaultValueOperationsTests.java:93)
Caused by: redis.clients.jedis.exceptions.JedisConnectionException: java.net.ConnectException: Connection refused (Connection refused)
	at org.springframework.data.redis.core.DefaultValueOperationsTests.tearDown(DefaultValueOperationsTests.java:93)
Caused by: java.net.ConnectException: Connection refused (Connection refused)
	at org.springframework.data.redis.core.DefaultValueOperationsTests.tearDown(DefaultValueOperationsTests.java:93)
</error>
  </testcase>
  <testcase name="testSetWithExpirationWithTimeUnitMilliseconds[5]" classname="org.springframework.data.redis.core.DefaultValueOperationsTests" time="0.001">
    <error message="Could not initialize class org.springframework.data.redis.RedisTestProfileValueSource" type="java.lang.NoClassDefFoundError">java.lang.NoClassDefFoundError: Could not initialize class org.springframework.data.redis.RedisTestProfileValueSource
	at org.springframework.data.redis.core.DefaultValueOperationsTests.testSetWithExpirationWithTimeUnitMilliseconds(DefaultValueOperationsTests.java:298)
</error>
  </testcase>
  <testcase name="testSetWithExpirationWithTimeUnitMilliseconds[5]" classname="org.springframework.data.redis.core.DefaultValueOperationsTests" time="0.001">
    <error message="Cannot get Jedis connection; nested exception is redis.clients.jedis.exceptions.JedisConnectionException: Could not get a resource from the pool" type="org.springframework.data.redis.RedisConnectionFailureException">org.springframework.data.redis.RedisConnectionFailureException: Cannot get Jedis connection; nested exception is redis.clients.jedis.exceptions.JedisConnectionException: Could not get a resource from the pool
	at org.springframework.data.redis.core.DefaultValueOperationsTests.tearDown(DefaultValueOperationsTests.java:93)
Caused by: redis.clients.jedis.exceptions.JedisConnectionException: Could not get a resource from the pool
	at org.springframework.data.redis.core.DefaultValueOperationsTests.tearDown(DefaultValueOperationsTests.java:93)
Caused by: redis.clients.jedis.exceptions.JedisConnectionException: java.net.ConnectException: Connection refused (Connection refused)
	at org.springframework.data.redis.core.DefaultValueOperationsTests.tearDown(DefaultValueOperationsTests.java:93)
Caused by: java.net.ConnectException: Connection refused (Connection refused)
	at org.springframework.data.redis.core.DefaultValueOperationsTests.tearDown(DefaultValueOperationsTests.java:93)
</error>
  </testcase>
  <testcase name="testRawKeys[5]" classname="org.springframework.data.redis.core.DefaultValueOperationsTests" time="0.002">
    <error message="Cannot get Jedis connection; nested exception is redis.clients.jedis.exceptions.JedisConnectionException: Could not get a resource from the pool" type="org.springframework.data.redis.RedisConnectionFailureException">org.springframework.data.redis.RedisConnectionFailureException: Cannot get Jedis connection; nested exception is redis.clients.jedis.exceptions.JedisConnectionException: Could not get a resource from the pool
	at org.springframework.data.redis.core.DefaultValueOperationsTests.tearDown(DefaultValueOperationsTests.java:93)
Caused by: redis.clients.jedis.exceptions.JedisConnectionException: Could not get a resource from the pool
	at org.springframework.data.redis.core.DefaultValueOperationsTests.tearDown(DefaultValueOperationsTests.java:93)
Caused by: redis.clients.jedis.exceptions.JedisConnectionException: java.net.ConnectException: Connection refused (Connection refused)
	at org.springframework.data.redis.core.DefaultValueOperationsTests.tearDown(DefaultValueOperationsTests.java:93)
Caused by: java.net.ConnectException: Connection refused (Connection refused)
	at org.springframework.data.redis.core.DefaultValueOperationsTests.tearDown(DefaultValueOperationsTests.java:93)
</error>
  </testcase>
  <testcase name="testDecrementByLong[5]" classname="org.springframework.data.redis.core.DefaultValueOperationsTests" time="0.001">
    <error message="got: &lt;false&gt;, expected: is &lt;true&gt;" type="org.junit.AssumptionViolatedException"><![CDATA[org.junit.AssumptionViolatedException: got: <false>, expected: is <true>
	at org.springframework.data.redis.core.DefaultValueOperationsTests.testDecrementByLong(DefaultValueOperationsTests.java:171)
]]></error>
  </testcase>
  <testcase name="testDecrementByLong[5]" classname="org.springframework.data.redis.core.DefaultValueOperationsTests" time="0.002">
    <error message="Cannot get Jedis connection; nested exception is redis.clients.jedis.exceptions.JedisConnectionException: Could not get a resource from the pool" type="org.springframework.data.redis.RedisConnectionFailureException">org.springframework.data.redis.RedisConnectionFailureException: Cannot get Jedis connection; nested exception is redis.clients.jedis.exceptions.JedisConnectionException: Could not get a resource from the pool
	at org.springframework.data.redis.core.DefaultValueOperationsTests.tearDown(DefaultValueOperationsTests.java:93)
Caused by: redis.clients.jedis.exceptions.JedisConnectionException: Could not get a resource from the pool
	at org.springframework.data.redis.core.DefaultValueOperationsTests.tearDown(DefaultValueOperationsTests.java:93)
Caused by: redis.clients.jedis.exceptions.JedisConnectionException: java.net.ConnectException: Connection refused (Connection refused)
	at org.springframework.data.redis.core.DefaultValueOperationsTests.tearDown(DefaultValueOperationsTests.java:93)
Caused by: java.net.ConnectException: Connection refused (Connection refused)
	at org.springframework.data.redis.core.DefaultValueOperationsTests.tearDown(DefaultValueOperationsTests.java:93)
</error>
  </testcase>
  <testcase name="testGetAndSet[5]" classname="org.springframework.data.redis.core.DefaultValueOperationsTests" time="0.001">
    <error message="Cannot get Jedis connection; nested exception is redis.clients.jedis.exceptions.JedisConnectionException: Could not get a resource from the pool" type="org.springframework.data.redis.RedisConnectionFailureException">org.springframework.data.redis.RedisConnectionFailureException: Cannot get Jedis connection; nested exception is redis.clients.jedis.exceptions.JedisConnectionException: Could not get a resource from the pool
	at org.springframework.data.redis.core.DefaultValueOperationsTests.testGetAndSet(DefaultValueOperationsTests.java:248)
Caused by: redis.clients.jedis.exceptions.JedisConnectionException: Could not get a resource from the pool
	at org.springframework.data.redis.core.DefaultValueOperationsTests.testGetAndSet(DefaultValueOperationsTests.java:248)
Caused by: redis.clients.jedis.exceptions.JedisConnectionException: java.net.ConnectException: Connection refused (Connection refused)
	at org.springframework.data.redis.core.DefaultValueOperationsTests.testGetAndSet(DefaultValueOperationsTests.java:248)
Caused by: java.net.ConnectException: Connection refused (Connection refused)
	at org.springframework.data.redis.core.DefaultValueOperationsTests.testGetAndSet(DefaultValueOperationsTests.java:248)
</error>
  </testcase>
  <testcase name="testGetAndSet[5]" classname="org.springframework.data.redis.core.DefaultValueOperationsTests" time="0.002">
    <error message="Cannot get Jedis connection; nested exception is redis.clients.jedis.exceptions.JedisConnectionException: Could not get a resource from the pool" type="org.springframework.data.redis.RedisConnectionFailureException">org.springframework.data.redis.RedisConnectionFailureException: Cannot get Jedis connection; nested exception is redis.clients.jedis.exceptions.JedisConnectionException: Could not get a resource from the pool
	at org.springframework.data.redis.core.DefaultValueOperationsTests.tearDown(DefaultValueOperationsTests.java:93)
Caused by: redis.clients.jedis.exceptions.JedisConnectionException: Could not get a resource from the pool
	at org.springframework.data.redis.core.DefaultValueOperationsTests.tearDown(DefaultValueOperationsTests.java:93)
Caused by: redis.clients.jedis.exceptions.JedisConnectionException: java.net.ConnectException: Connection refused (Connection refused)
	at org.springframework.data.redis.core.DefaultValueOperationsTests.tearDown(DefaultValueOperationsTests.java:93)
Caused by: java.net.ConnectException: Connection refused (Connection refused)
	at org.springframework.data.redis.core.DefaultValueOperationsTests.tearDown(DefaultValueOperationsTests.java:93)
</error>
  </testcase>
  <testcase name="testDeserializeKey[5]" classname="org.springframework.data.redis.core.DefaultValueOperationsTests" time="0.001">
    <error message="got: &lt;false&gt;, expected: is &lt;true&gt;" type="org.junit.AssumptionViolatedException"><![CDATA[org.junit.AssumptionViolatedException: got: <false>, expected: is <true>
	at org.springframework.data.redis.core.DefaultValueOperationsTests.testDeserializeKey(DefaultValueOperationsTests.java:522)
]]></error>
  </testcase>
  <testcase name="testDeserializeKey[5]" classname="org.springframework.data.redis.core.DefaultValueOperationsTests" time="0.001">
    <error message="Cannot get Jedis connection; nested exception is redis.clients.jedis.exceptions.JedisConnectionException: Could not get a resource from the pool" type="org.springframework.data.redis.RedisConnectionFailureException">org.springframework.data.redis.RedisConnectionFailureException: Cannot get Jedis connection; nested exception is redis.clients.jedis.exceptions.JedisConnectionException: Could not get a resource from the pool
	at org.springframework.data.redis.core.DefaultValueOperationsTests.tearDown(DefaultValueOperationsTests.java:93)
Caused by: redis.clients.jedis.exceptions.JedisConnectionException: Could not get a resource from the pool
	at org.springframework.data.redis.core.DefaultValueOperationsTests.tearDown(DefaultValueOperationsTests.java:93)
Caused by: redis.clients.jedis.exceptions.JedisConnectionException: java.net.ConnectException: Connection refused (Connection refused)
	at org.springframework.data.redis.core.DefaultValueOperationsTests.tearDown(DefaultValueOperationsTests.java:93)
Caused by: java.net.ConnectException: Connection refused (Connection refused)
	at org.springframework.data.redis.core.DefaultValueOperationsTests.tearDown(DefaultValueOperationsTests.java:93)
</error>
  </testcase>
  <testcase name="setIfPresentShouldSetExpirationCorrectly[5]" classname="org.springframework.data.redis.core.DefaultValueOperationsTests" time="0.002">
    <error message="Cannot get Jedis connection; nested exception is redis.clients.jedis.exceptions.JedisConnectionException: Could not get a resource from the pool" type="org.springframework.data.redis.RedisConnectionFailureException">org.springframework.data.redis.RedisConnectionFailureException: Cannot get Jedis connection; nested exception is redis.clients.jedis.exceptions.JedisConnectionException: Could not get a resource from the pool
	at org.springframework.data.redis.core.DefaultValueOperationsTests.setIfPresentShouldSetExpirationCorrectly(DefaultValueOperationsTests.java:434)
Caused by: redis.clients.jedis.exceptions.JedisConnectionException: Could not get a resource from the pool
	at org.springframework.data.redis.core.DefaultValueOperationsTests.setIfPresentShouldSetExpirationCorrectly(DefaultValueOperationsTests.java:434)
Caused by: redis.clients.jedis.exceptions.JedisConnectionException: java.net.ConnectException: Connection refused (Connection refused)
	at org.springframework.data.redis.core.DefaultValueOperationsTests.setIfPresentShouldSetExpirationCorrectly(DefaultValueOperationsTests.java:434)
Caused by: java.net.ConnectException: Connection refused (Connection refused)
	at org.springframework.data.redis.core.DefaultValueOperationsTests.setIfPresentShouldSetExpirationCorrectly(DefaultValueOperationsTests.java:434)
</error>
  </testcase>
  <testcase name="setIfPresentShouldSetExpirationCorrectly[5]" classname="org.springframework.data.redis.core.DefaultValueOperationsTests" time="0.002">
    <error message="Cannot get Jedis connection; nested exception is redis.clients.jedis.exceptions.JedisConnectionException: Could not get a resource from the pool" type="org.springframework.data.redis.RedisConnectionFailureException">org.springframework.data.redis.RedisConnectionFailureException: Cannot get Jedis connection; nested exception is redis.clients.jedis.exceptions.JedisConnectionException: Could not get a resource from the pool
	at org.springframework.data.redis.core.DefaultValueOperationsTests.tearDown(DefaultValueOperationsTests.java:93)
Caused by: redis.clients.jedis.exceptions.JedisConnectionException: Could not get a resource from the pool
	at org.springframework.data.redis.core.DefaultValueOperationsTests.tearDown(DefaultValueOperationsTests.java:93)
Caused by: redis.clients.jedis.exceptions.JedisConnectionException: java.net.ConnectException: Connection refused (Connection refused)
	at org.springframework.data.redis.core.DefaultValueOperationsTests.tearDown(DefaultValueOperationsTests.java:93)
Caused by: java.net.ConnectException: Connection refused (Connection refused)
	at org.springframework.data.redis.core.DefaultValueOperationsTests.tearDown(DefaultValueOperationsTests.java:93)
</error>
  </testcase>
  <testcase name="testSetWithExpiration[5]" classname="org.springframework.data.redis.core.DefaultValueOperationsTests" time="0.002">
    <error message="Cannot get Jedis connection; nested exception is redis.clients.jedis.exceptions.JedisConnectionException: Could not get a resource from the pool" type="org.springframework.data.redis.RedisConnectionFailureException">org.springframework.data.redis.RedisConnectionFailureException: Cannot get Jedis connection; nested exception is redis.clients.jedis.exceptions.JedisConnectionException: Could not get a resource from the pool
	at org.springframework.data.redis.core.DefaultValueOperationsTests.testSetWithExpiration(DefaultValueOperationsTests.java:259)
Caused by: redis.clients.jedis.exceptions.JedisConnectionException: Could not get a resource from the pool
	at org.springframework.data.redis.core.DefaultValueOperationsTests.testSetWithExpiration(DefaultValueOperationsTests.java:259)
Caused by: redis.clients.jedis.exceptions.JedisConnectionException: java.net.ConnectException: Connection refused (Connection refused)
	at org.springframework.data.redis.core.DefaultValueOperationsTests.testSetWithExpiration(DefaultValueOperationsTests.java:259)
Caused by: java.net.ConnectException: Connection refused (Connection refused)
	at org.springframework.data.redis.core.DefaultValueOperationsTests.testSetWithExpiration(DefaultValueOperationsTests.java:259)
</error>
  </testcase>
  <testcase name="testSetWithExpiration[5]" classname="org.springframework.data.redis.core.DefaultValueOperationsTests" time="0.002">
    <error message="Cannot get Jedis connection; nested exception is redis.clients.jedis.exceptions.JedisConnectionException: Could not get a resource from the pool" type="org.springframework.data.redis.RedisConnectionFailureException">org.springframework.data.redis.RedisConnectionFailureException: Cannot get Jedis connection; nested exception is redis.clients.jedis.exceptions.JedisConnectionException: Could not get a resource from the pool
	at org.springframework.data.redis.core.DefaultValueOperationsTests.tearDown(DefaultValueOperationsTests.java:93)
Caused by: redis.clients.jedis.exceptions.JedisConnectionException: Could not get a resource from the pool
	at org.springframework.data.redis.core.DefaultValueOperationsTests.tearDown(DefaultValueOperationsTests.java:93)
Caused by: redis.clients.jedis.exceptions.JedisConnectionException: java.net.ConnectException: Connection refused (Connection refused)
	at org.springframework.data.redis.core.DefaultValueOperationsTests.tearDown(DefaultValueOperationsTests.java:93)
Caused by: java.net.ConnectException: Connection refused (Connection refused)
	at org.springframework.data.redis.core.DefaultValueOperationsTests.tearDown(DefaultValueOperationsTests.java:93)
</error>
  </testcase>
  <testcase name="testAppend[5]" classname="org.springframework.data.redis.core.DefaultValueOperationsTests" time="0.001">
    <error message="got: &lt;false&gt;, expected: is &lt;true&gt;" type="org.junit.AssumptionViolatedException"><![CDATA[org.junit.AssumptionViolatedException: got: <false>, expected: is <true>
	at org.springframework.data.redis.core.DefaultValueOperationsTests.testAppend(DefaultValueOperationsTests.java:314)
]]></error>
  </testcase>
  <testcase name="testAppend[5]" classname="org.springframework.data.redis.core.DefaultValueOperationsTests" time="0.001">
    <error message="Cannot get Jedis connection; nested exception is redis.clients.jedis.exceptions.JedisConnectionException: Could not get a resource from the pool" type="org.springframework.data.redis.RedisConnectionFailureException">org.springframework.data.redis.RedisConnectionFailureException: Cannot get Jedis connection; nested exception is redis.clients.jedis.exceptions.JedisConnectionException: Could not get a resource from the pool
	at org.springframework.data.redis.core.DefaultValueOperationsTests.tearDown(DefaultValueOperationsTests.java:93)
Caused by: redis.clients.jedis.exceptions.JedisConnectionException: Could not get a resource from the pool
	at org.springframework.data.redis.core.DefaultValueOperationsTests.tearDown(DefaultValueOperationsTests.java:93)
Caused by: redis.clients.jedis.exceptions.JedisConnectionException: java.net.ConnectException: Connection refused (Connection refused)
	at org.springframework.data.redis.core.DefaultValueOperationsTests.tearDown(DefaultValueOperationsTests.java:93)
Caused by: java.net.ConnectException: Connection refused (Connection refused)
	at org.springframework.data.redis.core.DefaultValueOperationsTests.tearDown(DefaultValueOperationsTests.java:93)
</error>
  </testcase>
  <testcase name="testSetIfPresentWithExpirationEX[5]" classname="org.springframework.data.redis.core.DefaultValueOperationsTests" time="0.001">
    <error message="Cannot get Jedis connection; nested exception is redis.clients.jedis.exceptions.JedisConnectionException: Could not get a resource from the pool" type="org.springframework.data.redis.RedisConnectionFailureException">org.springframework.data.redis.RedisConnectionFailureException: Cannot get Jedis connection; nested exception is redis.clients.jedis.exceptions.JedisConnectionException: Could not get a resource from the pool
	at org.springframework.data.redis.core.DefaultValueOperationsTests.testSetIfPresentWithExpirationEX(DefaultValueOperationsTests.java:452)
Caused by: redis.clients.jedis.exceptions.JedisConnectionException: Could not get a resource from the pool
	at org.springframework.data.redis.core.DefaultValueOperationsTests.testSetIfPresentWithExpirationEX(DefaultValueOperationsTests.java:452)
Caused by: redis.clients.jedis.exceptions.JedisConnectionException: java.net.ConnectException: Connection refused (Connection refused)
	at org.springframework.data.redis.core.DefaultValueOperationsTests.testSetIfPresentWithExpirationEX(DefaultValueOperationsTests.java:452)
Caused by: java.net.ConnectException: Connection refused (Connection refused)
	at org.springframework.data.redis.core.DefaultValueOperationsTests.testSetIfPresentWithExpirationEX(DefaultValueOperationsTests.java:452)
</error>
  </testcase>
  <testcase name="testSetIfPresentWithExpirationEX[5]" classname="org.springframework.data.redis.core.DefaultValueOperationsTests" time="0.002">
    <error message="Cannot get Jedis connection; nested exception is redis.clients.jedis.exceptions.JedisConnectionException: Could not get a resource from the pool" type="org.springframework.data.redis.RedisConnectionFailureException">org.springframework.data.redis.RedisConnectionFailureException: Cannot get Jedis connection; nested exception is redis.clients.jedis.exceptions.JedisConnectionException: Could not get a resource from the pool
	at org.springframework.data.redis.core.DefaultValueOperationsTests.tearDown(DefaultValueOperationsTests.java:93)
Caused by: redis.clients.jedis.exceptions.JedisConnectionException: Could not get a resource from the pool
	at org.springframework.data.redis.core.DefaultValueOperationsTests.tearDown(DefaultValueOperationsTests.java:93)
Caused by: redis.clients.jedis.exceptions.JedisConnectionException: java.net.ConnectException: Connection refused (Connection refused)
	at org.springframework.data.redis.core.DefaultValueOperationsTests.tearDown(DefaultValueOperationsTests.java:93)
Caused by: java.net.ConnectException: Connection refused (Connection refused)
	at org.springframework.data.redis.core.DefaultValueOperationsTests.tearDown(DefaultValueOperationsTests.java:93)
</error>
  </testcase>
  <testcase name="testSetIfPresentWithExpirationPX[5]" classname="org.springframework.data.redis.core.DefaultValueOperationsTests" time="0.001">
    <error message="Cannot get Jedis connection; nested exception is redis.clients.jedis.exceptions.JedisConnectionException: Could not get a resource from the pool" type="org.springframework.data.redis.RedisConnectionFailureException">org.springframework.data.redis.RedisConnectionFailureException: Cannot get Jedis connection; nested exception is redis.clients.jedis.exceptions.JedisConnectionException: Could not get a resource from the pool
	at org.springframework.data.redis.core.DefaultValueOperationsTests.testSetIfPresentWithExpirationPX(DefaultValueOperationsTests.java:470)
Caused by: redis.clients.jedis.exceptions.JedisConnectionException: Could not get a resource from the pool
	at org.springframework.data.redis.core.DefaultValueOperationsTests.testSetIfPresentWithExpirationPX(DefaultValueOperationsTests.java:470)
Caused by: redis.clients.jedis.exceptions.JedisConnectionException: java.net.ConnectException: Connection refused (Connection refused)
	at org.springframework.data.redis.core.DefaultValueOperationsTests.testSetIfPresentWithExpirationPX(DefaultValueOperationsTests.java:470)
Caused by: java.net.ConnectException: Connection refused (Connection refused)
	at org.springframework.data.redis.core.DefaultValueOperationsTests.testSetIfPresentWithExpirationPX(DefaultValueOperationsTests.java:470)
</error>
  </testcase>
  <testcase name="testSetIfPresentWithExpirationPX[5]" classname="org.springframework.data.redis.core.DefaultValueOperationsTests" time="0.001">
    <error message="Cannot get Jedis connection; nested exception is redis.clients.jedis.exceptions.JedisConnectionException: Could not get a resource from the pool" type="org.springframework.data.redis.RedisConnectionFailureException">org.springframework.data.redis.RedisConnectionFailureException: Cannot get Jedis connection; nested exception is redis.clients.jedis.exceptions.JedisConnectionException: Could not get a resource from the pool
	at org.springframework.data.redis.core.DefaultValueOperationsTests.tearDown(DefaultValueOperationsTests.java:93)
Caused by: redis.clients.jedis.exceptions.JedisConnectionException: Could not get a resource from the pool
	at org.springframework.data.redis.core.DefaultValueOperationsTests.tearDown(DefaultValueOperationsTests.java:93)
Caused by: redis.clients.jedis.exceptions.JedisConnectionException: java.net.ConnectException: Connection refused (Connection refused)
	at org.springframework.data.redis.core.DefaultValueOperationsTests.tearDown(DefaultValueOperationsTests.java:93)
Caused by: java.net.ConnectException: Connection refused (Connection refused)
	at org.springframework.data.redis.core.DefaultValueOperationsTests.tearDown(DefaultValueOperationsTests.java:93)
</error>
  </testcase>
  <testcase name="testIncrementLong[5]" classname="org.springframework.data.redis.core.DefaultValueOperationsTests" time="0">
    <error message="got: &lt;false&gt;, expected: is &lt;true&gt;" type="org.junit.AssumptionViolatedException"><![CDATA[org.junit.AssumptionViolatedException: got: <false>, expected: is <true>
	at org.springframework.data.redis.core.DefaultValueOperationsTests.testIncrementLong(DefaultValueOperationsTests.java:119)
]]></error>
  </testcase>
  <testcase name="testIncrementLong[5]" classname="org.springframework.data.redis.core.DefaultValueOperationsTests" time="0">
    <error message="Cannot get Jedis connection; nested exception is redis.clients.jedis.exceptions.JedisConnectionException: Could not get a resource from the pool" type="org.springframework.data.redis.RedisConnectionFailureException">org.springframework.data.redis.RedisConnectionFailureException: Cannot get Jedis connection; nested exception is redis.clients.jedis.exceptions.JedisConnectionException: Could not get a resource from the pool
	at org.springframework.data.redis.core.DefaultValueOperationsTests.tearDown(DefaultValueOperationsTests.java:93)
Caused by: redis.clients.jedis.exceptions.JedisConnectionException: Could not get a resource from the pool
	at org.springframework.data.redis.core.DefaultValueOperationsTests.tearDown(DefaultValueOperationsTests.java:93)
Caused by: redis.clients.jedis.exceptions.JedisConnectionException: java.net.ConnectException: Connection refused (Connection refused)
	at org.springframework.data.redis.core.DefaultValueOperationsTests.tearDown(DefaultValueOperationsTests.java:93)
Caused by: java.net.ConnectException: Connection refused (Connection refused)
	at org.springframework.data.redis.core.DefaultValueOperationsTests.tearDown(DefaultValueOperationsTests.java:93)
</error>
  </testcase>
  <testcase name="testDecrement[5]" classname="org.springframework.data.redis.core.DefaultValueOperationsTests" time="0">
    <error message="got: &lt;false&gt;, expected: is &lt;true&gt;" type="org.junit.AssumptionViolatedException"><![CDATA[org.junit.AssumptionViolatedException: got: <false>, expected: is <true>
	at org.springframework.data.redis.core.DefaultValueOperationsTests.testDecrement(DefaultValueOperationsTests.java:157)
]]></error>
  </testcase>
  <testcase name="testDecrement[5]" classname="org.springframework.data.redis.core.DefaultValueOperationsTests" time="0">
    <error message="Cannot get Jedis connection; nested exception is redis.clients.jedis.exceptions.JedisConnectionException: Could not get a resource from the pool" type="org.springframework.data.redis.RedisConnectionFailureException">org.springframework.data.redis.RedisConnectionFailureException: Cannot get Jedis connection; nested exception is redis.clients.jedis.exceptions.JedisConnectionException: Could not get a resource from the pool
	at org.springframework.data.redis.core.DefaultValueOperationsTests.tearDown(DefaultValueOperationsTests.java:93)
Caused by: redis.clients.jedis.exceptions.JedisConnectionException: Could not get a resource from the pool
	at org.springframework.data.redis.core.DefaultValueOperationsTests.tearDown(DefaultValueOperationsTests.java:93)
Caused by: redis.clients.jedis.exceptions.JedisConnectionException: java.net.ConnectException: Connection refused (Connection refused)
	at org.springframework.data.redis.core.DefaultValueOperationsTests.tearDown(DefaultValueOperationsTests.java:93)
Caused by: java.net.ConnectException: Connection refused (Connection refused)
	at org.springframework.data.redis.core.DefaultValueOperationsTests.tearDown(DefaultValueOperationsTests.java:93)
</error>
  </testcase>
  <testcase name="testMultiSet[5]" classname="org.springframework.data.redis.core.DefaultValueOperationsTests" time="0.001">
    <error message="Cannot get Jedis connection; nested exception is redis.clients.jedis.exceptions.JedisConnectionException: Could not get a resource from the pool" type="org.springframework.data.redis.RedisConnectionFailureException">org.springframework.data.redis.RedisConnectionFailureException: Cannot get Jedis connection; nested exception is redis.clients.jedis.exceptions.JedisConnectionException: Could not get a resource from the pool
	at org.springframework.data.redis.core.DefaultValueOperationsTests.testMultiSet(DefaultValueOperationsTests.java:225)
Caused by: redis.clients.jedis.exceptions.JedisConnectionException: Could not get a resource from the pool
	at org.springframework.data.redis.core.DefaultValueOperationsTests.testMultiSet(DefaultValueOperationsTests.java:225)
Caused by: redis.clients.jedis.exceptions.JedisConnectionException: java.net.ConnectException: Connection refused (Connection refused)
	at org.springframework.data.redis.core.DefaultValueOperationsTests.testMultiSet(DefaultValueOperationsTests.java:225)
Caused by: java.net.ConnectException: Connection refused (Connection refused)
	at org.springframework.data.redis.core.DefaultValueOperationsTests.testMultiSet(DefaultValueOperationsTests.java:225)
</error>
  </testcase>
  <testcase name="testMultiSet[5]" classname="org.springframework.data.redis.core.DefaultValueOperationsTests" time="0.001">
    <error message="Cannot get Jedis connection; nested exception is redis.clients.jedis.exceptions.JedisConnectionException: Could not get a resource from the pool" type="org.springframework.data.redis.RedisConnectionFailureException">org.springframework.data.redis.RedisConnectionFailureException: Cannot get Jedis connection; nested exception is redis.clients.jedis.exceptions.JedisConnectionException: Could not get a resource from the pool
	at org.springframework.data.redis.core.DefaultValueOperationsTests.tearDown(DefaultValueOperationsTests.java:93)
Caused by: redis.clients.jedis.exceptions.JedisConnectionException: Could not get a resource from the pool
	at org.springframework.data.redis.core.DefaultValueOperationsTests.tearDown(DefaultValueOperationsTests.java:93)
Caused by: redis.clients.jedis.exceptions.JedisConnectionException: java.net.ConnectException: Connection refused (Connection refused)
	at org.springframework.data.redis.core.DefaultValueOperationsTests.tearDown(DefaultValueOperationsTests.java:93)
Caused by: java.net.ConnectException: Connection refused (Connection refused)
	at org.springframework.data.redis.core.DefaultValueOperationsTests.tearDown(DefaultValueOperationsTests.java:93)
</error>
  </testcase>
  <testcase name="testGetSet[5]" classname="org.springframework.data.redis.core.DefaultValueOperationsTests" time="0.002">
    <error message="Cannot get Jedis connection; nested exception is redis.clients.jedis.exceptions.JedisConnectionException: Could not get a resource from the pool" type="org.springframework.data.redis.RedisConnectionFailureException">org.springframework.data.redis.RedisConnectionFailureException: Cannot get Jedis connection; nested exception is redis.clients.jedis.exceptions.JedisConnectionException: Could not get a resource from the pool
	at org.springframework.data.redis.core.DefaultValueOperationsTests.testGetSet(DefaultValueOperationsTests.java:236)
Caused by: redis.clients.jedis.exceptions.JedisConnectionException: Could not get a resource from the pool
	at org.springframework.data.redis.core.DefaultValueOperationsTests.testGetSet(DefaultValueOperationsTests.java:236)
Caused by: redis.clients.jedis.exceptions.JedisConnectionException: java.net.ConnectException: Connection refused (Connection refused)
	at org.springframework.data.redis.core.DefaultValueOperationsTests.testGetSet(DefaultValueOperationsTests.java:236)
Caused by: java.net.ConnectException: Connection refused (Connection refused)
	at org.springframework.data.redis.core.DefaultValueOperationsTests.testGetSet(DefaultValueOperationsTests.java:236)
</error>
  </testcase>
  <testcase name="testGetSet[5]" classname="org.springframework.data.redis.core.DefaultValueOperationsTests" time="0.002">
    <error message="Cannot get Jedis connection; nested exception is redis.clients.jedis.exceptions.JedisConnectionException: Could not get a resource from the pool" type="org.springframework.data.redis.RedisConnectionFailureException">org.springframework.data.redis.RedisConnectionFailureException: Cannot get Jedis connection; nested exception is redis.clients.jedis.exceptions.JedisConnectionException: Could not get a resource from the pool
	at org.springframework.data.redis.core.DefaultValueOperationsTests.tearDown(DefaultValueOperationsTests.java:93)
Caused by: redis.clients.jedis.exceptions.JedisConnectionException: Could not get a resource from the pool
	at org.springframework.data.redis.core.DefaultValueOperationsTests.tearDown(DefaultValueOperationsTests.java:93)
Caused by: redis.clients.jedis.exceptions.JedisConnectionException: java.net.ConnectException: Connection refused (Connection refused)
	at org.springframework.data.redis.core.DefaultValueOperationsTests.tearDown(DefaultValueOperationsTests.java:93)
Caused by: java.net.ConnectException: Connection refused (Connection refused)
	at org.springframework.data.redis.core.DefaultValueOperationsTests.tearDown(DefaultValueOperationsTests.java:93)
</error>
  </testcase>
  <testcase name="testMultiSetIfAbsent[5]" classname="org.springframework.data.redis.core.DefaultValueOperationsTests" time="0.001">
    <error message="Cannot get Jedis connection; nested exception is redis.clients.jedis.exceptions.JedisConnectionException: Could not get a resource from the pool" type="org.springframework.data.redis.RedisConnectionFailureException">org.springframework.data.redis.RedisConnectionFailureException: Cannot get Jedis connection; nested exception is redis.clients.jedis.exceptions.JedisConnectionException: Could not get a resource from the pool
	at org.springframework.data.redis.core.DefaultValueOperationsTests.testMultiSetIfAbsent(DefaultValueOperationsTests.java:191)
Caused by: redis.clients.jedis.exceptions.JedisConnectionException: Could not get a resource from the pool
	at org.springframework.data.redis.core.DefaultValueOperationsTests.testMultiSetIfAbsent(DefaultValueOperationsTests.java:191)
Caused by: redis.clients.jedis.exceptions.JedisConnectionException: java.net.ConnectException: Connection refused (Connection refused)
	at org.springframework.data.redis.core.DefaultValueOperationsTests.testMultiSetIfAbsent(DefaultValueOperationsTests.java:191)
Caused by: java.net.ConnectException: Connection refused (Connection refused)
	at org.springframework.data.redis.core.DefaultValueOperationsTests.testMultiSetIfAbsent(DefaultValueOperationsTests.java:191)
</error>
  </testcase>
  <testcase name="testMultiSetIfAbsent[5]" classname="org.springframework.data.redis.core.DefaultValueOperationsTests" time="0.002">
    <error message="Cannot get Jedis connection; nested exception is redis.clients.jedis.exceptions.JedisConnectionException: Could not get a resource from the pool" type="org.springframework.data.redis.RedisConnectionFailureException">org.springframework.data.redis.RedisConnectionFailureException: Cannot get Jedis connection; nested exception is redis.clients.jedis.exceptions.JedisConnectionException: Could not get a resource from the pool
	at org.springframework.data.redis.core.DefaultValueOperationsTests.tearDown(DefaultValueOperationsTests.java:93)
Caused by: redis.clients.jedis.exceptions.JedisConnectionException: Could not get a resource from the pool
	at org.springframework.data.redis.core.DefaultValueOperationsTests.tearDown(DefaultValueOperationsTests.java:93)
Caused by: redis.clients.jedis.exceptions.JedisConnectionException: java.net.ConnectException: Connection refused (Connection refused)
	at org.springframework.data.redis.core.DefaultValueOperationsTests.tearDown(DefaultValueOperationsTests.java:93)
Caused by: java.net.ConnectException: Connection refused (Connection refused)
	at org.springframework.data.redis.core.DefaultValueOperationsTests.tearDown(DefaultValueOperationsTests.java:93)
</error>
  </testcase>
  <testcase name="testSetIfAbsent[5]" classname="org.springframework.data.redis.core.DefaultValueOperationsTests" time="0.001">
    <error message="Cannot get Jedis connection; nested exception is redis.clients.jedis.exceptions.JedisConnectionException: Could not get a resource from the pool" type="org.springframework.data.redis.RedisConnectionFailureException">org.springframework.data.redis.RedisConnectionFailureException: Cannot get Jedis connection; nested exception is redis.clients.jedis.exceptions.JedisConnectionException: Could not get a resource from the pool
	at org.springframework.data.redis.core.DefaultValueOperationsTests.testSetIfAbsent(DefaultValueOperationsTests.java:357)
Caused by: redis.clients.jedis.exceptions.JedisConnectionException: Could not get a resource from the pool
	at org.springframework.data.redis.core.DefaultValueOperationsTests.testSetIfAbsent(DefaultValueOperationsTests.java:357)
Caused by: redis.clients.jedis.exceptions.JedisConnectionException: java.net.ConnectException: Connection refused (Connection refused)
	at org.springframework.data.redis.core.DefaultValueOperationsTests.testSetIfAbsent(DefaultValueOperationsTests.java:357)
Caused by: java.net.ConnectException: Connection refused (Connection refused)
	at org.springframework.data.redis.core.DefaultValueOperationsTests.testSetIfAbsent(DefaultValueOperationsTests.java:357)
</error>
  </testcase>
  <testcase name="testSetIfAbsent[5]" classname="org.springframework.data.redis.core.DefaultValueOperationsTests" time="0.001">
    <error message="Cannot get Jedis connection; nested exception is redis.clients.jedis.exceptions.JedisConnectionException: Could not get a resource from the pool" type="org.springframework.data.redis.RedisConnectionFailureException">org.springframework.data.redis.RedisConnectionFailureException: Cannot get Jedis connection; nested exception is redis.clients.jedis.exceptions.JedisConnectionException: Could not get a resource from the pool
	at org.springframework.data.redis.core.DefaultValueOperationsTests.tearDown(DefaultValueOperationsTests.java:93)
Caused by: redis.clients.jedis.exceptions.JedisConnectionException: Could not get a resource from the pool
	at org.springframework.data.redis.core.DefaultValueOperationsTests.tearDown(DefaultValueOperationsTests.java:93)
Caused by: redis.clients.jedis.exceptions.JedisConnectionException: java.net.ConnectException: Connection refused (Connection refused)
	at org.springframework.data.redis.core.DefaultValueOperationsTests.tearDown(DefaultValueOperationsTests.java:93)
Caused by: java.net.ConnectException: Connection refused (Connection refused)
	at org.springframework.data.redis.core.DefaultValueOperationsTests.tearDown(DefaultValueOperationsTests.java:93)
</error>
  </testcase>
  <testcase name="testRawKeysCollection[5]" classname="org.springframework.data.redis.core.DefaultValueOperationsTests" time="0.001">
    <error message="Cannot get Jedis connection; nested exception is redis.clients.jedis.exceptions.JedisConnectionException: Could not get a resource from the pool" type="org.springframework.data.redis.RedisConnectionFailureException">org.springframework.data.redis.RedisConnectionFailureException: Cannot get Jedis connection; nested exception is redis.clients.jedis.exceptions.JedisConnectionException: Could not get a resource from the pool
	at org.springframework.data.redis.core.DefaultValueOperationsTests.tearDown(DefaultValueOperationsTests.java:93)
Caused by: redis.clients.jedis.exceptions.JedisConnectionException: Could not get a resource from the pool
	at org.springframework.data.redis.core.DefaultValueOperationsTests.tearDown(DefaultValueOperationsTests.java:93)
Caused by: redis.clients.jedis.exceptions.JedisConnectionException: java.net.ConnectException: Connection refused (Connection refused)
	at org.springframework.data.redis.core.DefaultValueOperationsTests.tearDown(DefaultValueOperationsTests.java:93)
Caused by: java.net.ConnectException: Connection refused (Connection refused)
	at org.springframework.data.redis.core.DefaultValueOperationsTests.tearDown(DefaultValueOperationsTests.java:93)
</error>
  </testcase>
  <testcase name="testSetRange[5]" classname="org.springframework.data.redis.core.DefaultValueOperationsTests" time="0.002">
    <error message="Cannot get Jedis connection; nested exception is redis.clients.jedis.exceptions.JedisConnectionException: Could not get a resource from the pool" type="org.springframework.data.redis.RedisConnectionFailureException">org.springframework.data.redis.RedisConnectionFailureException: Cannot get Jedis connection; nested exception is redis.clients.jedis.exceptions.JedisConnectionException: Could not get a resource from the pool
	at org.springframework.data.redis.core.DefaultValueOperationsTests.testSetRange(DefaultValueOperationsTests.java:344)
Caused by: redis.clients.jedis.exceptions.JedisConnectionException: Could not get a resource from the pool
	at org.springframework.data.redis.core.DefaultValueOperationsTests.testSetRange(DefaultValueOperationsTests.java:344)
Caused by: redis.clients.jedis.exceptions.JedisConnectionException: java.net.ConnectException: Connection refused (Connection refused)
	at org.springframework.data.redis.core.DefaultValueOperationsTests.testSetRange(DefaultValueOperationsTests.java:344)
Caused by: java.net.ConnectException: Connection refused (Connection refused)
	at org.springframework.data.redis.core.DefaultValueOperationsTests.testSetRange(DefaultValueOperationsTests.java:344)
</error>
  </testcase>
  <testcase name="testSetRange[5]" classname="org.springframework.data.redis.core.DefaultValueOperationsTests" time="0.002">
    <error message="Cannot get Jedis connection; nested exception is redis.clients.jedis.exceptions.JedisConnectionException: Could not get a resource from the pool" type="org.springframework.data.redis.RedisConnectionFailureException">org.springframework.data.redis.RedisConnectionFailureException: Cannot get Jedis connection; nested exception is redis.clients.jedis.exceptions.JedisConnectionException: Could not get a resource from the pool
	at org.springframework.data.redis.core.DefaultValueOperationsTests.tearDown(DefaultValueOperationsTests.java:93)
Caused by: redis.clients.jedis.exceptions.JedisConnectionException: Could not get a resource from the pool
	at org.springframework.data.redis.core.DefaultValueOperationsTests.tearDown(DefaultValueOperationsTests.java:93)
Caused by: redis.clients.jedis.exceptions.JedisConnectionException: java.net.ConnectException: Connection refused (Connection refused)
	at org.springframework.data.redis.core.DefaultValueOperationsTests.tearDown(DefaultValueOperationsTests.java:93)
Caused by: java.net.ConnectException: Connection refused (Connection refused)
	at org.springframework.data.redis.core.DefaultValueOperationsTests.tearDown(DefaultValueOperationsTests.java:93)
</error>
  </testcase>
  <testcase name="testSetWithExpirationEX[6]" classname="org.springframework.data.redis.core.DefaultValueOperationsTests" time="0.008">
    <error message="Cannot get Jedis connection; nested exception is redis.clients.jedis.exceptions.JedisConnectionException: Could not get a resource from the pool" type="org.springframework.data.redis.RedisConnectionFailureException">org.springframework.data.redis.RedisConnectionFailureException: Cannot get Jedis connection; nested exception is redis.clients.jedis.exceptions.JedisConnectionException: Could not get a resource from the pool
	at org.springframework.data.redis.core.DefaultValueOperationsTests.testSetWithExpirationEX(DefaultValueOperationsTests.java:273)
Caused by: redis.clients.jedis.exceptions.JedisConnectionException: Could not get a resource from the pool
	at org.springframework.data.redis.core.DefaultValueOperationsTests.testSetWithExpirationEX(DefaultValueOperationsTests.java:273)
Caused by: redis.clients.jedis.exceptions.JedisConnectionException: java.net.ConnectException: Connection refused (Connection refused)
	at org.springframework.data.redis.core.DefaultValueOperationsTests.testSetWithExpirationEX(DefaultValueOperationsTests.java:273)
Caused by: java.net.ConnectException: Connection refused (Connection refused)
	at org.springframework.data.redis.core.DefaultValueOperationsTests.testSetWithExpirationEX(DefaultValueOperationsTests.java:273)
</error>
  </testcase>
  <testcase name="testSetWithExpirationEX[6]" classname="org.springframework.data.redis.core.DefaultValueOperationsTests" time="0.008">
    <error message="Cannot get Jedis connection; nested exception is redis.clients.jedis.exceptions.JedisConnectionException: Could not get a resource from the pool" type="org.springframework.data.redis.RedisConnectionFailureException">org.springframework.data.redis.RedisConnectionFailureException: Cannot get Jedis connection; nested exception is redis.clients.jedis.exceptions.JedisConnectionException: Could not get a resource from the pool
	at org.springframework.data.redis.core.DefaultValueOperationsTests.tearDown(DefaultValueOperationsTests.java:93)
Caused by: redis.clients.jedis.exceptions.JedisConnectionException: Could not get a resource from the pool
	at org.springframework.data.redis.core.DefaultValueOperationsTests.tearDown(DefaultValueOperationsTests.java:93)
Caused by: redis.clients.jedis.exceptions.JedisConnectionException: java.net.ConnectException: Connection refused (Connection refused)
	at org.springframework.data.redis.core.DefaultValueOperationsTests.tearDown(DefaultValueOperationsTests.java:93)
Caused by: java.net.ConnectException: Connection refused (Connection refused)
	at org.springframework.data.redis.core.DefaultValueOperationsTests.tearDown(DefaultValueOperationsTests.java:93)
</error>
  </testcase>
  <testcase name="testSetWithExpirationPX[6]" classname="org.springframework.data.redis.core.DefaultValueOperationsTests" time="0.002">
    <error message="Cannot get Jedis connection; nested exception is redis.clients.jedis.exceptions.JedisConnectionException: Could not get a resource from the pool" type="org.springframework.data.redis.RedisConnectionFailureException">org.springframework.data.redis.RedisConnectionFailureException: Cannot get Jedis connection; nested exception is redis.clients.jedis.exceptions.JedisConnectionException: Could not get a resource from the pool
	at org.springframework.data.redis.core.DefaultValueOperationsTests.testSetWithExpirationPX(DefaultValueOperationsTests.java:287)
Caused by: redis.clients.jedis.exceptions.JedisConnectionException: Could not get a resource from the pool
	at org.springframework.data.redis.core.DefaultValueOperationsTests.testSetWithExpirationPX(DefaultValueOperationsTests.java:287)
Caused by: redis.clients.jedis.exceptions.JedisConnectionException: java.net.ConnectException: Connection refused (Connection refused)
	at org.springframework.data.redis.core.DefaultValueOperationsTests.testSetWithExpirationPX(DefaultValueOperationsTests.java:287)
Caused by: java.net.ConnectException: Connection refused (Connection refused)
	at org.springframework.data.redis.core.DefaultValueOperationsTests.testSetWithExpirationPX(DefaultValueOperationsTests.java:287)
</error>
  </testcase>
  <testcase name="testSetWithExpirationPX[6]" classname="org.springframework.data.redis.core.DefaultValueOperationsTests" time="0.002">
    <error message="Cannot get Jedis connection; nested exception is redis.clients.jedis.exceptions.JedisConnectionException: Could not get a resource from the pool" type="org.springframework.data.redis.RedisConnectionFailureException">org.springframework.data.redis.RedisConnectionFailureException: Cannot get Jedis connection; nested exception is redis.clients.jedis.exceptions.JedisConnectionException: Could not get a resource from the pool
	at org.springframework.data.redis.core.DefaultValueOperationsTests.tearDown(DefaultValueOperationsTests.java:93)
Caused by: redis.clients.jedis.exceptions.JedisConnectionException: Could not get a resource from the pool
	at org.springframework.data.redis.core.DefaultValueOperationsTests.tearDown(DefaultValueOperationsTests.java:93)
Caused by: redis.clients.jedis.exceptions.JedisConnectionException: java.net.ConnectException: Connection refused (Connection refused)
	at org.springframework.data.redis.core.DefaultValueOperationsTests.tearDown(DefaultValueOperationsTests.java:93)
Caused by: java.net.ConnectException: Connection refused (Connection refused)
	at org.springframework.data.redis.core.DefaultValueOperationsTests.tearDown(DefaultValueOperationsTests.java:93)
</error>
  </testcase>
  <testcase name="testSetAndGetBit[6]" classname="org.springframework.data.redis.core.DefaultValueOperationsTests" time="0.001">
    <error message="got: &lt;false&gt;, expected: is &lt;true&gt;" type="org.junit.AssumptionViolatedException"><![CDATA[org.junit.AssumptionViolatedException: got: <false>, expected: is <true>
	at org.springframework.data.redis.core.DefaultValueOperationsTests.testSetAndGetBit(DefaultValueOperationsTests.java:530)
]]></error>
  </testcase>
  <testcase name="testSetAndGetBit[6]" classname="org.springframework.data.redis.core.DefaultValueOperationsTests" time="0.001">
    <error message="Cannot get Jedis connection; nested exception is redis.clients.jedis.exceptions.JedisConnectionException: Could not get a resource from the pool" type="org.springframework.data.redis.RedisConnectionFailureException">org.springframework.data.redis.RedisConnectionFailureException: Cannot get Jedis connection; nested exception is redis.clients.jedis.exceptions.JedisConnectionException: Could not get a resource from the pool
	at org.springframework.data.redis.core.DefaultValueOperationsTests.tearDown(DefaultValueOperationsTests.java:93)
Caused by: redis.clients.jedis.exceptions.JedisConnectionException: Could not get a resource from the pool
	at org.springframework.data.redis.core.DefaultValueOperationsTests.tearDown(DefaultValueOperationsTests.java:93)
Caused by: redis.clients.jedis.exceptions.JedisConnectionException: java.net.ConnectException: Connection refused (Connection refused)
	at org.springframework.data.redis.core.DefaultValueOperationsTests.tearDown(DefaultValueOperationsTests.java:93)
Caused by: java.net.ConnectException: Connection refused (Connection refused)
	at org.springframework.data.redis.core.DefaultValueOperationsTests.tearDown(DefaultValueOperationsTests.java:93)
</error>
  </testcase>
  <testcase name="setIfPresentReturnsFalseWhenKeyDoesNotExist[6]" classname="org.springframework.data.redis.core.DefaultValueOperationsTests" time="0.002">
    <error message="Cannot get Jedis connection; nested exception is redis.clients.jedis.exceptions.JedisConnectionException: Could not get a resource from the pool" type="org.springframework.data.redis.RedisConnectionFailureException">org.springframework.data.redis.RedisConnectionFailureException: Cannot get Jedis connection; nested exception is redis.clients.jedis.exceptions.JedisConnectionException: Could not get a resource from the pool
	at org.springframework.data.redis.core.DefaultValueOperationsTests.setIfPresentReturnsFalseWhenKeyDoesNotExist(DefaultValueOperationsTests.java:424)
Caused by: redis.clients.jedis.exceptions.JedisConnectionException: Could not get a resource from the pool
	at org.springframework.data.redis.core.DefaultValueOperationsTests.setIfPresentReturnsFalseWhenKeyDoesNotExist(DefaultValueOperationsTests.java:424)
Caused by: redis.clients.jedis.exceptions.JedisConnectionException: java.net.ConnectException: Connection refused (Connection refused)
	at org.springframework.data.redis.core.DefaultValueOperationsTests.setIfPresentReturnsFalseWhenKeyDoesNotExist(DefaultValueOperationsTests.java:424)
Caused by: java.net.ConnectException: Connection refused (Connection refused)
	at org.springframework.data.redis.core.DefaultValueOperationsTests.setIfPresentReturnsFalseWhenKeyDoesNotExist(DefaultValueOperationsTests.java:424)
</error>
  </testcase>
  <testcase name="setIfPresentReturnsFalseWhenKeyDoesNotExist[6]" classname="org.springframework.data.redis.core.DefaultValueOperationsTests" time="0.002">
    <error message="Cannot get Jedis connection; nested exception is redis.clients.jedis.exceptions.JedisConnectionException: Could not get a resource from the pool" type="org.springframework.data.redis.RedisConnectionFailureException">org.springframework.data.redis.RedisConnectionFailureException: Cannot get Jedis connection; nested exception is redis.clients.jedis.exceptions.JedisConnectionException: Could not get a resource from the pool
	at org.springframework.data.redis.core.DefaultValueOperationsTests.tearDown(DefaultValueOperationsTests.java:93)
Caused by: redis.clients.jedis.exceptions.JedisConnectionException: Could not get a resource from the pool
	at org.springframework.data.redis.core.DefaultValueOperationsTests.tearDown(DefaultValueOperationsTests.java:93)
Caused by: redis.clients.jedis.exceptions.JedisConnectionException: java.net.ConnectException: Connection refused (Connection refused)
	at org.springframework.data.redis.core.DefaultValueOperationsTests.tearDown(DefaultValueOperationsTests.java:93)
Caused by: java.net.ConnectException: Connection refused (Connection refused)
	at org.springframework.data.redis.core.DefaultValueOperationsTests.tearDown(DefaultValueOperationsTests.java:93)
</error>
  </testcase>
  <testcase name="testGetRange[6]" classname="org.springframework.data.redis.core.DefaultValueOperationsTests" time="0.001">
    <error message="got: &lt;false&gt;, expected: is &lt;true&gt;" type="org.junit.AssumptionViolatedException"><![CDATA[org.junit.AssumptionViolatedException: got: <false>, expected: is <true>
	at org.springframework.data.redis.core.DefaultValueOperationsTests.testGetRange(DefaultValueOperationsTests.java:328)
]]></error>
  </testcase>
  <testcase name="testGetRange[6]" classname="org.springframework.data.redis.core.DefaultValueOperationsTests" time="0.001">
    <error message="Cannot get Jedis connection; nested exception is redis.clients.jedis.exceptions.JedisConnectionException: Could not get a resource from the pool" type="org.springframework.data.redis.RedisConnectionFailureException">org.springframework.data.redis.RedisConnectionFailureException: Cannot get Jedis connection; nested exception is redis.clients.jedis.exceptions.JedisConnectionException: Could not get a resource from the pool
	at org.springframework.data.redis.core.DefaultValueOperationsTests.tearDown(DefaultValueOperationsTests.java:93)
Caused by: redis.clients.jedis.exceptions.JedisConnectionException: Could not get a resource from the pool
	at org.springframework.data.redis.core.DefaultValueOperationsTests.tearDown(DefaultValueOperationsTests.java:93)
Caused by: redis.clients.jedis.exceptions.JedisConnectionException: java.net.ConnectException: Connection refused (Connection refused)
	at org.springframework.data.redis.core.DefaultValueOperationsTests.tearDown(DefaultValueOperationsTests.java:93)
Caused by: java.net.ConnectException: Connection refused (Connection refused)
	at org.springframework.data.redis.core.DefaultValueOperationsTests.tearDown(DefaultValueOperationsTests.java:93)
</error>
  </testcase>
  <testcase name="testSetIfAbsentWithExpirationEX[6]" classname="org.springframework.data.redis.core.DefaultValueOperationsTests" time="0.002">
    <error message="Cannot get Jedis connection; nested exception is redis.clients.jedis.exceptions.JedisConnectionException: Could not get a resource from the pool" type="org.springframework.data.redis.RedisConnectionFailureException">org.springframework.data.redis.RedisConnectionFailureException: Cannot get Jedis connection; nested exception is redis.clients.jedis.exceptions.JedisConnectionException: Could not get a resource from the pool
	at org.springframework.data.redis.core.DefaultValueOperationsTests.testSetIfAbsentWithExpirationEX(DefaultValueOperationsTests.java:384)
Caused by: redis.clients.jedis.exceptions.JedisConnectionException: Could not get a resource from the pool
	at org.springframework.data.redis.core.DefaultValueOperationsTests.testSetIfAbsentWithExpirationEX(DefaultValueOperationsTests.java:384)
Caused by: redis.clients.jedis.exceptions.JedisConnectionException: java.net.ConnectException: Connection refused (Connection refused)
	at org.springframework.data.redis.core.DefaultValueOperationsTests.testSetIfAbsentWithExpirationEX(DefaultValueOperationsTests.java:384)
Caused by: java.net.ConnectException: Connection refused (Connection refused)
	at org.springframework.data.redis.core.DefaultValueOperationsTests.testSetIfAbsentWithExpirationEX(DefaultValueOperationsTests.java:384)
</error>
  </testcase>
  <testcase name="testSetIfAbsentWithExpirationEX[6]" classname="org.springframework.data.redis.core.DefaultValueOperationsTests" time="0.002">
    <error message="Cannot get Jedis connection; nested exception is redis.clients.jedis.exceptions.JedisConnectionException: Could not get a resource from the pool" type="org.springframework.data.redis.RedisConnectionFailureException">org.springframework.data.redis.RedisConnectionFailureException: Cannot get Jedis connection; nested exception is redis.clients.jedis.exceptions.JedisConnectionException: Could not get a resource from the pool
	at org.springframework.data.redis.core.DefaultValueOperationsTests.tearDown(DefaultValueOperationsTests.java:93)
Caused by: redis.clients.jedis.exceptions.JedisConnectionException: Could not get a resource from the pool
	at org.springframework.data.redis.core.DefaultValueOperationsTests.tearDown(DefaultValueOperationsTests.java:93)
Caused by: redis.clients.jedis.exceptions.JedisConnectionException: java.net.ConnectException: Connection refused (Connection refused)
	at org.springframework.data.redis.core.DefaultValueOperationsTests.tearDown(DefaultValueOperationsTests.java:93)
Caused by: java.net.ConnectException: Connection refused (Connection refused)
	at org.springframework.data.redis.core.DefaultValueOperationsTests.tearDown(DefaultValueOperationsTests.java:93)
</error>
  </testcase>
  <testcase name="testSetIfAbsentWithExpirationPX[6]" classname="org.springframework.data.redis.core.DefaultValueOperationsTests" time="0.002">
    <error message="Cannot get Jedis connection; nested exception is redis.clients.jedis.exceptions.JedisConnectionException: Could not get a resource from the pool" type="org.springframework.data.redis.RedisConnectionFailureException">org.springframework.data.redis.RedisConnectionFailureException: Cannot get Jedis connection; nested exception is redis.clients.jedis.exceptions.JedisConnectionException: Could not get a resource from the pool
	at org.springframework.data.redis.core.DefaultValueOperationsTests.testSetIfAbsentWithExpirationPX(DefaultValueOperationsTests.java:400)
Caused by: redis.clients.jedis.exceptions.JedisConnectionException: Could not get a resource from the pool
	at org.springframework.data.redis.core.DefaultValueOperationsTests.testSetIfAbsentWithExpirationPX(DefaultValueOperationsTests.java:400)
Caused by: redis.clients.jedis.exceptions.JedisConnectionException: java.net.ConnectException: Connection refused (Connection refused)
	at org.springframework.data.redis.core.DefaultValueOperationsTests.testSetIfAbsentWithExpirationPX(DefaultValueOperationsTests.java:400)
Caused by: java.net.ConnectException: Connection refused (Connection refused)
	at org.springframework.data.redis.core.DefaultValueOperationsTests.testSetIfAbsentWithExpirationPX(DefaultValueOperationsTests.java:400)
</error>
  </testcase>
  <testcase name="testSetIfAbsentWithExpirationPX[6]" classname="org.springframework.data.redis.core.DefaultValueOperationsTests" time="0.002">
    <error message="Cannot get Jedis connection; nested exception is redis.clients.jedis.exceptions.JedisConnectionException: Could not get a resource from the pool" type="org.springframework.data.redis.RedisConnectionFailureException">org.springframework.data.redis.RedisConnectionFailureException: Cannot get Jedis connection; nested exception is redis.clients.jedis.exceptions.JedisConnectionException: Could not get a resource from the pool
	at org.springframework.data.redis.core.DefaultValueOperationsTests.tearDown(DefaultValueOperationsTests.java:93)
Caused by: redis.clients.jedis.exceptions.JedisConnectionException: Could not get a resource from the pool
	at org.springframework.data.redis.core.DefaultValueOperationsTests.tearDown(DefaultValueOperationsTests.java:93)
Caused by: redis.clients.jedis.exceptions.JedisConnectionException: java.net.ConnectException: Connection refused (Connection refused)
	at org.springframework.data.redis.core.DefaultValueOperationsTests.tearDown(DefaultValueOperationsTests.java:93)
Caused by: java.net.ConnectException: Connection refused (Connection refused)
	at org.springframework.data.redis.core.DefaultValueOperationsTests.tearDown(DefaultValueOperationsTests.java:93)
</error>
  </testcase>
  <testcase name="setIfPresentReturnsTrueWhenKeyExists[6]" classname="org.springframework.data.redis.core.DefaultValueOperationsTests" time="0.002">
    <error message="Cannot get Jedis connection; nested exception is redis.clients.jedis.exceptions.JedisConnectionException: Could not get a resource from the pool" type="org.springframework.data.redis.RedisConnectionFailureException">org.springframework.data.redis.RedisConnectionFailureException: Cannot get Jedis connection; nested exception is redis.clients.jedis.exceptions.JedisConnectionException: Could not get a resource from the pool
	at org.springframework.data.redis.core.DefaultValueOperationsTests.setIfPresentReturnsTrueWhenKeyExists(DefaultValueOperationsTests.java:416)
Caused by: redis.clients.jedis.exceptions.JedisConnectionException: Could not get a resource from the pool
	at org.springframework.data.redis.core.DefaultValueOperationsTests.setIfPresentReturnsTrueWhenKeyExists(DefaultValueOperationsTests.java:416)
Caused by: redis.clients.jedis.exceptions.JedisConnectionException: java.net.ConnectException: Connection refused (Connection refused)
	at org.springframework.data.redis.core.DefaultValueOperationsTests.setIfPresentReturnsTrueWhenKeyExists(DefaultValueOperationsTests.java:416)
Caused by: java.net.ConnectException: Connection refused (Connection refused)
	at org.springframework.data.redis.core.DefaultValueOperationsTests.setIfPresentReturnsTrueWhenKeyExists(DefaultValueOperationsTests.java:416)
</error>
  </testcase>
  <testcase name="setIfPresentReturnsTrueWhenKeyExists[6]" classname="org.springframework.data.redis.core.DefaultValueOperationsTests" time="0.002">
    <error message="Cannot get Jedis connection; nested exception is redis.clients.jedis.exceptions.JedisConnectionException: Could not get a resource from the pool" type="org.springframework.data.redis.RedisConnectionFailureException">org.springframework.data.redis.RedisConnectionFailureException: Cannot get Jedis connection; nested exception is redis.clients.jedis.exceptions.JedisConnectionException: Could not get a resource from the pool
	at org.springframework.data.redis.core.DefaultValueOperationsTests.tearDown(DefaultValueOperationsTests.java:93)
Caused by: redis.clients.jedis.exceptions.JedisConnectionException: Could not get a resource from the pool
	at org.springframework.data.redis.core.DefaultValueOperationsTests.tearDown(DefaultValueOperationsTests.java:93)
Caused by: redis.clients.jedis.exceptions.JedisConnectionException: java.net.ConnectException: Connection refused (Connection refused)
	at org.springframework.data.redis.core.DefaultValueOperationsTests.tearDown(DefaultValueOperationsTests.java:93)
Caused by: java.net.ConnectException: Connection refused (Connection refused)
	at org.springframework.data.redis.core.DefaultValueOperationsTests.tearDown(DefaultValueOperationsTests.java:93)
</error>
  </testcase>
  <testcase name="testSize[6]" classname="org.springframework.data.redis.core.DefaultValueOperationsTests" time="0.002">
    <error message="Cannot get Jedis connection; nested exception is redis.clients.jedis.exceptions.JedisConnectionException: Could not get a resource from the pool" type="org.springframework.data.redis.RedisConnectionFailureException">org.springframework.data.redis.RedisConnectionFailureException: Cannot get Jedis connection; nested exception is redis.clients.jedis.exceptions.JedisConnectionException: Could not get a resource from the pool
	at org.springframework.data.redis.core.DefaultValueOperationsTests.testSize(DefaultValueOperationsTests.java:487)
Caused by: redis.clients.jedis.exceptions.JedisConnectionException: Could not get a resource from the pool
	at org.springframework.data.redis.core.DefaultValueOperationsTests.testSize(DefaultValueOperationsTests.java:487)
Caused by: redis.clients.jedis.exceptions.JedisConnectionException: java.net.ConnectException: Connection refused (Connection refused)
	at org.springframework.data.redis.core.DefaultValueOperationsTests.testSize(DefaultValueOperationsTests.java:487)
Caused by: java.net.ConnectException: Connection refused (Connection refused)
	at org.springframework.data.redis.core.DefaultValueOperationsTests.testSize(DefaultValueOperationsTests.java:487)
</error>
  </testcase>
  <testcase name="testSize[6]" classname="org.springframework.data.redis.core.DefaultValueOperationsTests" time="0.002">
    <error message="Cannot get Jedis connection; nested exception is redis.clients.jedis.exceptions.JedisConnectionException: Could not get a resource from the pool" type="org.springframework.data.redis.RedisConnectionFailureException">org.springframework.data.redis.RedisConnectionFailureException: Cannot get Jedis connection; nested exception is redis.clients.jedis.exceptions.JedisConnectionException: Could not get a resource from the pool
	at org.springframework.data.redis.core.DefaultValueOperationsTests.tearDown(DefaultValueOperationsTests.java:93)
Caused by: redis.clients.jedis.exceptions.JedisConnectionException: Could not get a resource from the pool
	at org.springframework.data.redis.core.DefaultValueOperationsTests.tearDown(DefaultValueOperationsTests.java:93)
Caused by: redis.clients.jedis.exceptions.JedisConnectionException: java.net.ConnectException: Connection refused (Connection refused)
	at org.springframework.data.redis.core.DefaultValueOperationsTests.tearDown(DefaultValueOperationsTests.java:93)
Caused by: java.net.ConnectException: Connection refused (Connection refused)
	at org.springframework.data.redis.core.DefaultValueOperationsTests.tearDown(DefaultValueOperationsTests.java:93)
</error>
  </testcase>
  <testcase name="testSetIfAbsentWithExpiration[6]" classname="org.springframework.data.redis.core.DefaultValueOperationsTests" time="0.002">
    <error message="Cannot get Jedis connection; nested exception is redis.clients.jedis.exceptions.JedisConnectionException: Could not get a resource from the pool" type="org.springframework.data.redis.RedisConnectionFailureException">org.springframework.data.redis.RedisConnectionFailureException: Cannot get Jedis connection; nested exception is redis.clients.jedis.exceptions.JedisConnectionException: Could not get a resource from the pool
	at org.springframework.data.redis.core.DefaultValueOperationsTests.testSetIfAbsentWithExpiration(DefaultValueOperationsTests.java:368)
Caused by: redis.clients.jedis.exceptions.JedisConnectionException: Could not get a resource from the pool
	at org.springframework.data.redis.core.DefaultValueOperationsTests.testSetIfAbsentWithExpiration(DefaultValueOperationsTests.java:368)
Caused by: redis.clients.jedis.exceptions.JedisConnectionException: java.net.ConnectException: Connection refused (Connection refused)
	at org.springframework.data.redis.core.DefaultValueOperationsTests.testSetIfAbsentWithExpiration(DefaultValueOperationsTests.java:368)
Caused by: java.net.ConnectException: Connection refused (Connection refused)
	at org.springframework.data.redis.core.DefaultValueOperationsTests.testSetIfAbsentWithExpiration(DefaultValueOperationsTests.java:368)
</error>
  </testcase>
  <testcase name="testSetIfAbsentWithExpiration[6]" classname="org.springframework.data.redis.core.DefaultValueOperationsTests" time="0.002">
    <error message="Cannot get Jedis connection; nested exception is redis.clients.jedis.exceptions.JedisConnectionException: Could not get a resource from the pool" type="org.springframework.data.redis.RedisConnectionFailureException">org.springframework.data.redis.RedisConnectionFailureException: Cannot get Jedis connection; nested exception is redis.clients.jedis.exceptions.JedisConnectionException: Could not get a resource from the pool
	at org.springframework.data.redis.core.DefaultValueOperationsTests.tearDown(DefaultValueOperationsTests.java:93)
Caused by: redis.clients.jedis.exceptions.JedisConnectionException: Could not get a resource from the pool
	at org.springframework.data.redis.core.DefaultValueOperationsTests.tearDown(DefaultValueOperationsTests.java:93)
Caused by: redis.clients.jedis.exceptions.JedisConnectionException: java.net.ConnectException: Connection refused (Connection refused)
	at org.springframework.data.redis.core.DefaultValueOperationsTests.tearDown(DefaultValueOperationsTests.java:93)
Caused by: java.net.ConnectException: Connection refused (Connection refused)
	at org.springframework.data.redis.core.DefaultValueOperationsTests.tearDown(DefaultValueOperationsTests.java:93)
</error>
  </testcase>
  <testcase name="testMultiSetIfAbsentFailure[6]" classname="org.springframework.data.redis.core.DefaultValueOperationsTests" time="0.002">
    <error message="Cannot get Jedis connection; nested exception is redis.clients.jedis.exceptions.JedisConnectionException: Could not get a resource from the pool" type="org.springframework.data.redis.RedisConnectionFailureException">org.springframework.data.redis.RedisConnectionFailureException: Cannot get Jedis connection; nested exception is redis.clients.jedis.exceptions.JedisConnectionException: Could not get a resource from the pool
	at org.springframework.data.redis.core.DefaultValueOperationsTests.testMultiSetIfAbsentFailure(DefaultValueOperationsTests.java:204)
Caused by: redis.clients.jedis.exceptions.JedisConnectionException: Could not get a resource from the pool
	at org.springframework.data.redis.core.DefaultValueOperationsTests.testMultiSetIfAbsentFailure(DefaultValueOperationsTests.java:204)
Caused by: redis.clients.jedis.exceptions.JedisConnectionException: java.net.ConnectException: Connection refused (Connection refused)
	at org.springframework.data.redis.core.DefaultValueOperationsTests.testMultiSetIfAbsentFailure(DefaultValueOperationsTests.java:204)
Caused by: java.net.ConnectException: Connection refused (Connection refused)
	at org.springframework.data.redis.core.DefaultValueOperationsTests.testMultiSetIfAbsentFailure(DefaultValueOperationsTests.java:204)
</error>
  </testcase>
  <testcase name="testMultiSetIfAbsentFailure[6]" classname="org.springframework.data.redis.core.DefaultValueOperationsTests" time="0.002">
    <error message="Cannot get Jedis connection; nested exception is redis.clients.jedis.exceptions.JedisConnectionException: Could not get a resource from the pool" type="org.springframework.data.redis.RedisConnectionFailureException">org.springframework.data.redis.RedisConnectionFailureException: Cannot get Jedis connection; nested exception is redis.clients.jedis.exceptions.JedisConnectionException: Could not get a resource from the pool
	at org.springframework.data.redis.core.DefaultValueOperationsTests.tearDown(DefaultValueOperationsTests.java:93)
Caused by: redis.clients.jedis.exceptions.JedisConnectionException: Could not get a resource from the pool
	at org.springframework.data.redis.core.DefaultValueOperationsTests.tearDown(DefaultValueOperationsTests.java:93)
Caused by: redis.clients.jedis.exceptions.JedisConnectionException: java.net.ConnectException: Connection refused (Connection refused)
	at org.springframework.data.redis.core.DefaultValueOperationsTests.tearDown(DefaultValueOperationsTests.java:93)
Caused by: java.net.ConnectException: Connection refused (Connection refused)
	at org.springframework.data.redis.core.DefaultValueOperationsTests.tearDown(DefaultValueOperationsTests.java:93)
</error>
  </testcase>
  <testcase name="testIncrement[6]" classname="org.springframework.data.redis.core.DefaultValueOperationsTests" time="0.001">
    <error message="got: &lt;false&gt;, expected: is &lt;true&gt;" type="org.junit.AssumptionViolatedException"><![CDATA[org.junit.AssumptionViolatedException: got: <false>, expected: is <true>
	at org.springframework.data.redis.core.DefaultValueOperationsTests.testIncrement(DefaultValueOperationsTests.java:105)
]]></error>
  </testcase>
  <testcase name="testIncrement[6]" classname="org.springframework.data.redis.core.DefaultValueOperationsTests" time="0.001">
    <error message="Cannot get Jedis connection; nested exception is redis.clients.jedis.exceptions.JedisConnectionException: Could not get a resource from the pool" type="org.springframework.data.redis.RedisConnectionFailureException">org.springframework.data.redis.RedisConnectionFailureException: Cannot get Jedis connection; nested exception is redis.clients.jedis.exceptions.JedisConnectionException: Could not get a resource from the pool
	at org.springframework.data.redis.core.DefaultValueOperationsTests.tearDown(DefaultValueOperationsTests.java:93)
Caused by: redis.clients.jedis.exceptions.JedisConnectionException: Could not get a resource from the pool
	at org.springframework.data.redis.core.DefaultValueOperationsTests.tearDown(DefaultValueOperationsTests.java:93)
Caused by: redis.clients.jedis.exceptions.JedisConnectionException: java.net.ConnectException: Connection refused (Connection refused)
	at org.springframework.data.redis.core.DefaultValueOperationsTests.tearDown(DefaultValueOperationsTests.java:93)
Caused by: java.net.ConnectException: Connection refused (Connection refused)
	at org.springframework.data.redis.core.DefaultValueOperationsTests.tearDown(DefaultValueOperationsTests.java:93)
</error>
  </testcase>
  <testcase name="testIncrementDouble[6]" classname="org.springframework.data.redis.core.DefaultValueOperationsTests" time="0.001">
    <error message="Could not initialize class org.springframework.data.redis.RedisTestProfileValueSource" type="java.lang.NoClassDefFoundError">java.lang.NoClassDefFoundError: Could not initialize class org.springframework.data.redis.RedisTestProfileValueSource
	at org.springframework.data.redis.core.DefaultValueOperationsTests.testIncrementDouble(DefaultValueOperationsTests.java:133)
</error>
  </testcase>
  <testcase name="testIncrementDouble[6]" classname="org.springframework.data.redis.core.DefaultValueOperationsTests" time="0.001">
    <error message="Cannot get Jedis connection; nested exception is redis.clients.jedis.exceptions.JedisConnectionException: Could not get a resource from the pool" type="org.springframework.data.redis.RedisConnectionFailureException">org.springframework.data.redis.RedisConnectionFailureException: Cannot get Jedis connection; nested exception is redis.clients.jedis.exceptions.JedisConnectionException: Could not get a resource from the pool
	at org.springframework.data.redis.core.DefaultValueOperationsTests.tearDown(DefaultValueOperationsTests.java:93)
Caused by: redis.clients.jedis.exceptions.JedisConnectionException: Could not get a resource from the pool
	at org.springframework.data.redis.core.DefaultValueOperationsTests.tearDown(DefaultValueOperationsTests.java:93)
Caused by: redis.clients.jedis.exceptions.JedisConnectionException: java.net.ConnectException: Connection refused (Connection refused)
	at org.springframework.data.redis.core.DefaultValueOperationsTests.tearDown(DefaultValueOperationsTests.java:93)
Caused by: java.net.ConnectException: Connection refused (Connection refused)
	at org.springframework.data.redis.core.DefaultValueOperationsTests.tearDown(DefaultValueOperationsTests.java:93)
</error>
  </testcase>
  <testcase name="testSetWithExpirationWithTimeUnitMilliseconds[6]" classname="org.springframework.data.redis.core.DefaultValueOperationsTests" time="0">
    <error message="Could not initialize class org.springframework.data.redis.RedisTestProfileValueSource" type="java.lang.NoClassDefFoundError">java.lang.NoClassDefFoundError: Could not initialize class org.springframework.data.redis.RedisTestProfileValueSource
	at org.springframework.data.redis.core.DefaultValueOperationsTests.testSetWithExpirationWithTimeUnitMilliseconds(DefaultValueOperationsTests.java:298)
</error>
  </testcase>
  <testcase name="testSetWithExpirationWithTimeUnitMilliseconds[6]" classname="org.springframework.data.redis.core.DefaultValueOperationsTests" time="0">
    <error message="Cannot get Jedis connection; nested exception is redis.clients.jedis.exceptions.JedisConnectionException: Could not get a resource from the pool" type="org.springframework.data.redis.RedisConnectionFailureException">org.springframework.data.redis.RedisConnectionFailureException: Cannot get Jedis connection; nested exception is redis.clients.jedis.exceptions.JedisConnectionException: Could not get a resource from the pool
	at org.springframework.data.redis.core.DefaultValueOperationsTests.tearDown(DefaultValueOperationsTests.java:93)
Caused by: redis.clients.jedis.exceptions.JedisConnectionException: Could not get a resource from the pool
	at org.springframework.data.redis.core.DefaultValueOperationsTests.tearDown(DefaultValueOperationsTests.java:93)
Caused by: redis.clients.jedis.exceptions.JedisConnectionException: java.net.ConnectException: Connection refused (Connection refused)
	at org.springframework.data.redis.core.DefaultValueOperationsTests.tearDown(DefaultValueOperationsTests.java:93)
Caused by: java.net.ConnectException: Connection refused (Connection refused)
	at org.springframework.data.redis.core.DefaultValueOperationsTests.tearDown(DefaultValueOperationsTests.java:93)
</error>
  </testcase>
  <testcase name="testRawKeys[6]" classname="org.springframework.data.redis.core.DefaultValueOperationsTests" time="0.001">
    <error message="Cannot get Jedis connection; nested exception is redis.clients.jedis.exceptions.JedisConnectionException: Could not get a resource from the pool" type="org.springframework.data.redis.RedisConnectionFailureException">org.springframework.data.redis.RedisConnectionFailureException: Cannot get Jedis connection; nested exception is redis.clients.jedis.exceptions.JedisConnectionException: Could not get a resource from the pool
	at org.springframework.data.redis.core.DefaultValueOperationsTests.tearDown(DefaultValueOperationsTests.java:93)
Caused by: redis.clients.jedis.exceptions.JedisConnectionException: Could not get a resource from the pool
	at org.springframework.data.redis.core.DefaultValueOperationsTests.tearDown(DefaultValueOperationsTests.java:93)
Caused by: redis.clients.jedis.exceptions.JedisConnectionException: java.net.ConnectException: Connection refused (Connection refused)
	at org.springframework.data.redis.core.DefaultValueOperationsTests.tearDown(DefaultValueOperationsTests.java:93)
Caused by: java.net.ConnectException: Connection refused (Connection refused)
	at org.springframework.data.redis.core.DefaultValueOperationsTests.tearDown(DefaultValueOperationsTests.java:93)
</error>
  </testcase>
  <testcase name="testDecrementByLong[6]" classname="org.springframework.data.redis.core.DefaultValueOperationsTests" time="0.001">
    <error message="got: &lt;false&gt;, expected: is &lt;true&gt;" type="org.junit.AssumptionViolatedException"><![CDATA[org.junit.AssumptionViolatedException: got: <false>, expected: is <true>
	at org.springframework.data.redis.core.DefaultValueOperationsTests.testDecrementByLong(DefaultValueOperationsTests.java:171)
]]></error>
  </testcase>
  <testcase name="testDecrementByLong[6]" classname="org.springframework.data.redis.core.DefaultValueOperationsTests" time="0.001">
    <error message="Cannot get Jedis connection; nested exception is redis.clients.jedis.exceptions.JedisConnectionException: Could not get a resource from the pool" type="org.springframework.data.redis.RedisConnectionFailureException">org.springframework.data.redis.RedisConnectionFailureException: Cannot get Jedis connection; nested exception is redis.clients.jedis.exceptions.JedisConnectionException: Could not get a resource from the pool
	at org.springframework.data.redis.core.DefaultValueOperationsTests.tearDown(DefaultValueOperationsTests.java:93)
Caused by: redis.clients.jedis.exceptions.JedisConnectionException: Could not get a resource from the pool
	at org.springframework.data.redis.core.DefaultValueOperationsTests.tearDown(DefaultValueOperationsTests.java:93)
Caused by: redis.clients.jedis.exceptions.JedisConnectionException: java.net.ConnectException: Connection refused (Connection refused)
	at org.springframework.data.redis.core.DefaultValueOperationsTests.tearDown(DefaultValueOperationsTests.java:93)
Caused by: java.net.ConnectException: Connection refused (Connection refused)
	at org.springframework.data.redis.core.DefaultValueOperationsTests.tearDown(DefaultValueOperationsTests.java:93)
</error>
  </testcase>
  <testcase name="testGetAndSet[6]" classname="org.springframework.data.redis.core.DefaultValueOperationsTests" time="0.002">
    <error message="Cannot get Jedis connection; nested exception is redis.clients.jedis.exceptions.JedisConnectionException: Could not get a resource from the pool" type="org.springframework.data.redis.RedisConnectionFailureException">org.springframework.data.redis.RedisConnectionFailureException: Cannot get Jedis connection; nested exception is redis.clients.jedis.exceptions.JedisConnectionException: Could not get a resource from the pool
	at org.springframework.data.redis.core.DefaultValueOperationsTests.testGetAndSet(DefaultValueOperationsTests.java:248)
Caused by: redis.clients.jedis.exceptions.JedisConnectionException: Could not get a resource from the pool
	at org.springframework.data.redis.core.DefaultValueOperationsTests.testGetAndSet(DefaultValueOperationsTests.java:248)
Caused by: redis.clients.jedis.exceptions.JedisConnectionException: java.net.ConnectException: Connection refused (Connection refused)
	at org.springframework.data.redis.core.DefaultValueOperationsTests.testGetAndSet(DefaultValueOperationsTests.java:248)
Caused by: java.net.ConnectException: Connection refused (Connection refused)
	at org.springframework.data.redis.core.DefaultValueOperationsTests.testGetAndSet(DefaultValueOperationsTests.java:248)
</error>
  </testcase>
  <testcase name="testGetAndSet[6]" classname="org.springframework.data.redis.core.DefaultValueOperationsTests" time="0.002">
    <error message="Cannot get Jedis connection; nested exception is redis.clients.jedis.exceptions.JedisConnectionException: Could not get a resource from the pool" type="org.springframework.data.redis.RedisConnectionFailureException">org.springframework.data.redis.RedisConnectionFailureException: Cannot get Jedis connection; nested exception is redis.clients.jedis.exceptions.JedisConnectionException: Could not get a resource from the pool
	at org.springframework.data.redis.core.DefaultValueOperationsTests.tearDown(DefaultValueOperationsTests.java:93)
Caused by: redis.clients.jedis.exceptions.JedisConnectionException: Could not get a resource from the pool
	at org.springframework.data.redis.core.DefaultValueOperationsTests.tearDown(DefaultValueOperationsTests.java:93)
Caused by: redis.clients.jedis.exceptions.JedisConnectionException: java.net.ConnectException: Connection refused (Connection refused)
	at org.springframework.data.redis.core.DefaultValueOperationsTests.tearDown(DefaultValueOperationsTests.java:93)
Caused by: java.net.ConnectException: Connection refused (Connection refused)
	at org.springframework.data.redis.core.DefaultValueOperationsTests.tearDown(DefaultValueOperationsTests.java:93)
</error>
  </testcase>
  <testcase name="testDeserializeKey[6]" classname="org.springframework.data.redis.core.DefaultValueOperationsTests" time="0.001">
    <error message="got: &lt;false&gt;, expected: is &lt;true&gt;" type="org.junit.AssumptionViolatedException"><![CDATA[org.junit.AssumptionViolatedException: got: <false>, expected: is <true>
	at org.springframework.data.redis.core.DefaultValueOperationsTests.testDeserializeKey(DefaultValueOperationsTests.java:522)
]]></error>
  </testcase>
  <testcase name="testDeserializeKey[6]" classname="org.springframework.data.redis.core.DefaultValueOperationsTests" time="0.001">
    <error message="Cannot get Jedis connection; nested exception is redis.clients.jedis.exceptions.JedisConnectionException: Could not get a resource from the pool" type="org.springframework.data.redis.RedisConnectionFailureException">org.springframework.data.redis.RedisConnectionFailureException: Cannot get Jedis connection; nested exception is redis.clients.jedis.exceptions.JedisConnectionException: Could not get a resource from the pool
	at org.springframework.data.redis.core.DefaultValueOperationsTests.tearDown(DefaultValueOperationsTests.java:93)
Caused by: redis.clients.jedis.exceptions.JedisConnectionException: Could not get a resource from the pool
	at org.springframework.data.redis.core.DefaultValueOperationsTests.tearDown(DefaultValueOperationsTests.java:93)
Caused by: redis.clients.jedis.exceptions.JedisConnectionException: java.net.ConnectException: Connection refused (Connection refused)
	at org.springframework.data.redis.core.DefaultValueOperationsTests.tearDown(DefaultValueOperationsTests.java:93)
Caused by: java.net.ConnectException: Connection refused (Connection refused)
	at org.springframework.data.redis.core.DefaultValueOperationsTests.tearDown(DefaultValueOperationsTests.java:93)
</error>
  </testcase>
  <testcase name="setIfPresentShouldSetExpirationCorrectly[6]" classname="org.springframework.data.redis.core.DefaultValueOperationsTests" time="0.002">
    <error message="Cannot get Jedis connection; nested exception is redis.clients.jedis.exceptions.JedisConnectionException: Could not get a resource from the pool" type="org.springframework.data.redis.RedisConnectionFailureException">org.springframework.data.redis.RedisConnectionFailureException: Cannot get Jedis connection; nested exception is redis.clients.jedis.exceptions.JedisConnectionException: Could not get a resource from the pool
	at org.springframework.data.redis.core.DefaultValueOperationsTests.setIfPresentShouldSetExpirationCorrectly(DefaultValueOperationsTests.java:434)
Caused by: redis.clients.jedis.exceptions.JedisConnectionException: Could not get a resource from the pool
	at org.springframework.data.redis.core.DefaultValueOperationsTests.setIfPresentShouldSetExpirationCorrectly(DefaultValueOperationsTests.java:434)
Caused by: redis.clients.jedis.exceptions.JedisConnectionException: java.net.ConnectException: Connection refused (Connection refused)
	at org.springframework.data.redis.core.DefaultValueOperationsTests.setIfPresentShouldSetExpirationCorrectly(DefaultValueOperationsTests.java:434)
Caused by: java.net.ConnectException: Connection refused (Connection refused)
	at org.springframework.data.redis.core.DefaultValueOperationsTests.setIfPresentShouldSetExpirationCorrectly(DefaultValueOperationsTests.java:434)
</error>
  </testcase>
  <testcase name="setIfPresentShouldSetExpirationCorrectly[6]" classname="org.springframework.data.redis.core.DefaultValueOperationsTests" time="0.002">
    <error message="Cannot get Jedis connection; nested exception is redis.clients.jedis.exceptions.JedisConnectionException: Could not get a resource from the pool" type="org.springframework.data.redis.RedisConnectionFailureException">org.springframework.data.redis.RedisConnectionFailureException: Cannot get Jedis connection; nested exception is redis.clients.jedis.exceptions.JedisConnectionException: Could not get a resource from the pool
	at org.springframework.data.redis.core.DefaultValueOperationsTests.tearDown(DefaultValueOperationsTests.java:93)
Caused by: redis.clients.jedis.exceptions.JedisConnectionException: Could not get a resource from the pool
	at org.springframework.data.redis.core.DefaultValueOperationsTests.tearDown(DefaultValueOperationsTests.java:93)
Caused by: redis.clients.jedis.exceptions.JedisConnectionException: java.net.ConnectException: Connection refused (Connection refused)
	at org.springframework.data.redis.core.DefaultValueOperationsTests.tearDown(DefaultValueOperationsTests.java:93)
Caused by: java.net.ConnectException: Connection refused (Connection refused)
	at org.springframework.data.redis.core.DefaultValueOperationsTests.tearDown(DefaultValueOperationsTests.java:93)
</error>
  </testcase>
  <testcase name="testSetWithExpiration[6]" classname="org.springframework.data.redis.core.DefaultValueOperationsTests" time="0.002">
    <error message="Cannot get Jedis connection; nested exception is redis.clients.jedis.exceptions.JedisConnectionException: Could not get a resource from the pool" type="org.springframework.data.redis.RedisConnectionFailureException">org.springframework.data.redis.RedisConnectionFailureException: Cannot get Jedis connection; nested exception is redis.clients.jedis.exceptions.JedisConnectionException: Could not get a resource from the pool
	at org.springframework.data.redis.core.DefaultValueOperationsTests.testSetWithExpiration(DefaultValueOperationsTests.java:259)
Caused by: redis.clients.jedis.exceptions.JedisConnectionException: Could not get a resource from the pool
	at org.springframework.data.redis.core.DefaultValueOperationsTests.testSetWithExpiration(DefaultValueOperationsTests.java:259)
Caused by: redis.clients.jedis.exceptions.JedisConnectionException: java.net.ConnectException: Connection refused (Connection refused)
	at org.springframework.data.redis.core.DefaultValueOperationsTests.testSetWithExpiration(DefaultValueOperationsTests.java:259)
Caused by: java.net.ConnectException: Connection refused (Connection refused)
	at org.springframework.data.redis.core.DefaultValueOperationsTests.testSetWithExpiration(DefaultValueOperationsTests.java:259)
</error>
  </testcase>
  <testcase name="testSetWithExpiration[6]" classname="org.springframework.data.redis.core.DefaultValueOperationsTests" time="0.003">
    <error message="Cannot get Jedis connection; nested exception is redis.clients.jedis.exceptions.JedisConnectionException: Could not get a resource from the pool" type="org.springframework.data.redis.RedisConnectionFailureException">org.springframework.data.redis.RedisConnectionFailureException: Cannot get Jedis connection; nested exception is redis.clients.jedis.exceptions.JedisConnectionException: Could not get a resource from the pool
	at org.springframework.data.redis.core.DefaultValueOperationsTests.tearDown(DefaultValueOperationsTests.java:93)
Caused by: redis.clients.jedis.exceptions.JedisConnectionException: Could not get a resource from the pool
	at org.springframework.data.redis.core.DefaultValueOperationsTests.tearDown(DefaultValueOperationsTests.java:93)
Caused by: redis.clients.jedis.exceptions.JedisConnectionException: java.net.ConnectException: Connection refused (Connection refused)
	at org.springframework.data.redis.core.DefaultValueOperationsTests.tearDown(DefaultValueOperationsTests.java:93)
Caused by: java.net.ConnectException: Connection refused (Connection refused)
	at org.springframework.data.redis.core.DefaultValueOperationsTests.tearDown(DefaultValueOperationsTests.java:93)
</error>
  </testcase>
  <testcase name="testAppend[6]" classname="org.springframework.data.redis.core.DefaultValueOperationsTests" time="0.001">
    <error message="got: &lt;false&gt;, expected: is &lt;true&gt;" type="org.junit.AssumptionViolatedException"><![CDATA[org.junit.AssumptionViolatedException: got: <false>, expected: is <true>
	at org.springframework.data.redis.core.DefaultValueOperationsTests.testAppend(DefaultValueOperationsTests.java:314)
]]></error>
  </testcase>
  <testcase name="testAppend[6]" classname="org.springframework.data.redis.core.DefaultValueOperationsTests" time="0.002">
    <error message="Cannot get Jedis connection; nested exception is redis.clients.jedis.exceptions.JedisConnectionException: Could not get a resource from the pool" type="org.springframework.data.redis.RedisConnectionFailureException">org.springframework.data.redis.RedisConnectionFailureException: Cannot get Jedis connection; nested exception is redis.clients.jedis.exceptions.JedisConnectionException: Could not get a resource from the pool
	at org.springframework.data.redis.core.DefaultValueOperationsTests.tearDown(DefaultValueOperationsTests.java:93)
Caused by: redis.clients.jedis.exceptions.JedisConnectionException: Could not get a resource from the pool
	at org.springframework.data.redis.core.DefaultValueOperationsTests.tearDown(DefaultValueOperationsTests.java:93)
Caused by: redis.clients.jedis.exceptions.JedisConnectionException: java.net.ConnectException: Connection refused (Connection refused)
	at org.springframework.data.redis.core.DefaultValueOperationsTests.tearDown(DefaultValueOperationsTests.java:93)
Caused by: java.net.ConnectException: Connection refused (Connection refused)
	at org.springframework.data.redis.core.DefaultValueOperationsTests.tearDown(DefaultValueOperationsTests.java:93)
</error>
  </testcase>
  <testcase name="testSetIfPresentWithExpirationEX[6]" classname="org.springframework.data.redis.core.DefaultValueOperationsTests" time="0.002">
    <error message="Cannot get Jedis connection; nested exception is redis.clients.jedis.exceptions.JedisConnectionException: Could not get a resource from the pool" type="org.springframework.data.redis.RedisConnectionFailureException">org.springframework.data.redis.RedisConnectionFailureException: Cannot get Jedis connection; nested exception is redis.clients.jedis.exceptions.JedisConnectionException: Could not get a resource from the pool
	at org.springframework.data.redis.core.DefaultValueOperationsTests.testSetIfPresentWithExpirationEX(DefaultValueOperationsTests.java:452)
Caused by: redis.clients.jedis.exceptions.JedisConnectionException: Could not get a resource from the pool
	at org.springframework.data.redis.core.DefaultValueOperationsTests.testSetIfPresentWithExpirationEX(DefaultValueOperationsTests.java:452)
Caused by: redis.clients.jedis.exceptions.JedisConnectionException: java.net.ConnectException: Connection refused (Connection refused)
	at org.springframework.data.redis.core.DefaultValueOperationsTests.testSetIfPresentWithExpirationEX(DefaultValueOperationsTests.java:452)
Caused by: java.net.ConnectException: Connection refused (Connection refused)
	at org.springframework.data.redis.core.DefaultValueOperationsTests.testSetIfPresentWithExpirationEX(DefaultValueOperationsTests.java:452)
</error>
  </testcase>
  <testcase name="testSetIfPresentWithExpirationEX[6]" classname="org.springframework.data.redis.core.DefaultValueOperationsTests" time="0.003">
    <error message="Cannot get Jedis connection; nested exception is redis.clients.jedis.exceptions.JedisConnectionException: Could not get a resource from the pool" type="org.springframework.data.redis.RedisConnectionFailureException">org.springframework.data.redis.RedisConnectionFailureException: Cannot get Jedis connection; nested exception is redis.clients.jedis.exceptions.JedisConnectionException: Could not get a resource from the pool
	at org.springframework.data.redis.core.DefaultValueOperationsTests.tearDown(DefaultValueOperationsTests.java:93)
Caused by: redis.clients.jedis.exceptions.JedisConnectionException: Could not get a resource from the pool
	at org.springframework.data.redis.core.DefaultValueOperationsTests.tearDown(DefaultValueOperationsTests.java:93)
Caused by: redis.clients.jedis.exceptions.JedisConnectionException: java.net.ConnectException: Connection refused (Connection refused)
	at org.springframework.data.redis.core.DefaultValueOperationsTests.tearDown(DefaultValueOperationsTests.java:93)
Caused by: java.net.ConnectException: Connection refused (Connection refused)
	at org.springframework.data.redis.core.DefaultValueOperationsTests.tearDown(DefaultValueOperationsTests.java:93)
</error>
  </testcase>
  <testcase name="testSetIfPresentWithExpirationPX[6]" classname="org.springframework.data.redis.core.DefaultValueOperationsTests" time="0.002">
    <error message="Cannot get Jedis connection; nested exception is redis.clients.jedis.exceptions.JedisConnectionException: Could not get a resource from the pool" type="org.springframework.data.redis.RedisConnectionFailureException">org.springframework.data.redis.RedisConnectionFailureException: Cannot get Jedis connection; nested exception is redis.clients.jedis.exceptions.JedisConnectionException: Could not get a resource from the pool
	at org.springframework.data.redis.core.DefaultValueOperationsTests.testSetIfPresentWithExpirationPX(DefaultValueOperationsTests.java:470)
Caused by: redis.clients.jedis.exceptions.JedisConnectionException: Could not get a resource from the pool
	at org.springframework.data.redis.core.DefaultValueOperationsTests.testSetIfPresentWithExpirationPX(DefaultValueOperationsTests.java:470)
Caused by: redis.clients.jedis.exceptions.JedisConnectionException: java.net.ConnectException: Connection refused (Connection refused)
	at org.springframework.data.redis.core.DefaultValueOperationsTests.testSetIfPresentWithExpirationPX(DefaultValueOperationsTests.java:470)
Caused by: java.net.ConnectException: Connection refused (Connection refused)
	at org.springframework.data.redis.core.DefaultValueOperationsTests.testSetIfPresentWithExpirationPX(DefaultValueOperationsTests.java:470)
</error>
  </testcase>
  <testcase name="testSetIfPresentWithExpirationPX[6]" classname="org.springframework.data.redis.core.DefaultValueOperationsTests" time="0.003">
    <error message="Cannot get Jedis connection; nested exception is redis.clients.jedis.exceptions.JedisConnectionException: Could not get a resource from the pool" type="org.springframework.data.redis.RedisConnectionFailureException">org.springframework.data.redis.RedisConnectionFailureException: Cannot get Jedis connection; nested exception is redis.clients.jedis.exceptions.JedisConnectionException: Could not get a resource from the pool
	at org.springframework.data.redis.core.DefaultValueOperationsTests.tearDown(DefaultValueOperationsTests.java:93)
Caused by: redis.clients.jedis.exceptions.JedisConnectionException: Could not get a resource from the pool
	at org.springframework.data.redis.core.DefaultValueOperationsTests.tearDown(DefaultValueOperationsTests.java:93)
Caused by: redis.clients.jedis.exceptions.JedisConnectionException: java.net.ConnectException: Connection refused (Connection refused)
	at org.springframework.data.redis.core.DefaultValueOperationsTests.tearDown(DefaultValueOperationsTests.java:93)
Caused by: java.net.ConnectException: Connection refused (Connection refused)
	at org.springframework.data.redis.core.DefaultValueOperationsTests.tearDown(DefaultValueOperationsTests.java:93)
</error>
  </testcase>
  <testcase name="testIncrementLong[6]" classname="org.springframework.data.redis.core.DefaultValueOperationsTests" time="0.001">
    <error message="got: &lt;false&gt;, expected: is &lt;true&gt;" type="org.junit.AssumptionViolatedException"><![CDATA[org.junit.AssumptionViolatedException: got: <false>, expected: is <true>
	at org.springframework.data.redis.core.DefaultValueOperationsTests.testIncrementLong(DefaultValueOperationsTests.java:119)
]]></error>
  </testcase>
  <testcase name="testIncrementLong[6]" classname="org.springframework.data.redis.core.DefaultValueOperationsTests" time="0.002">
    <error message="Cannot get Jedis connection; nested exception is redis.clients.jedis.exceptions.JedisConnectionException: Could not get a resource from the pool" type="org.springframework.data.redis.RedisConnectionFailureException">org.springframework.data.redis.RedisConnectionFailureException: Cannot get Jedis connection; nested exception is redis.clients.jedis.exceptions.JedisConnectionException: Could not get a resource from the pool
	at org.springframework.data.redis.core.DefaultValueOperationsTests.tearDown(DefaultValueOperationsTests.java:93)
Caused by: redis.clients.jedis.exceptions.JedisConnectionException: Could not get a resource from the pool
	at org.springframework.data.redis.core.DefaultValueOperationsTests.tearDown(DefaultValueOperationsTests.java:93)
Caused by: redis.clients.jedis.exceptions.JedisConnectionException: java.net.ConnectException: Connection refused (Connection refused)
	at org.springframework.data.redis.core.DefaultValueOperationsTests.tearDown(DefaultValueOperationsTests.java:93)
Caused by: java.net.ConnectException: Connection refused (Connection refused)
	at org.springframework.data.redis.core.DefaultValueOperationsTests.tearDown(DefaultValueOperationsTests.java:93)
</error>
  </testcase>
  <testcase name="testDecrement[6]" classname="org.springframework.data.redis.core.DefaultValueOperationsTests" time="0">
    <error message="got: &lt;false&gt;, expected: is &lt;true&gt;" type="org.junit.AssumptionViolatedException"><![CDATA[org.junit.AssumptionViolatedException: got: <false>, expected: is <true>
	at org.springframework.data.redis.core.DefaultValueOperationsTests.testDecrement(DefaultValueOperationsTests.java:157)
]]></error>
  </testcase>
  <testcase name="testDecrement[6]" classname="org.springframework.data.redis.core.DefaultValueOperationsTests" time="0.001">
    <error message="Cannot get Jedis connection; nested exception is redis.clients.jedis.exceptions.JedisConnectionException: Could not get a resource from the pool" type="org.springframework.data.redis.RedisConnectionFailureException">org.springframework.data.redis.RedisConnectionFailureException: Cannot get Jedis connection; nested exception is redis.clients.jedis.exceptions.JedisConnectionException: Could not get a resource from the pool
	at org.springframework.data.redis.core.DefaultValueOperationsTests.tearDown(DefaultValueOperationsTests.java:93)
Caused by: redis.clients.jedis.exceptions.JedisConnectionException: Could not get a resource from the pool
	at org.springframework.data.redis.core.DefaultValueOperationsTests.tearDown(DefaultValueOperationsTests.java:93)
Caused by: redis.clients.jedis.exceptions.JedisConnectionException: java.net.ConnectException: Connection refused (Connection refused)
	at org.springframework.data.redis.core.DefaultValueOperationsTests.tearDown(DefaultValueOperationsTests.java:93)
Caused by: java.net.ConnectException: Connection refused (Connection refused)
	at org.springframework.data.redis.core.DefaultValueOperationsTests.tearDown(DefaultValueOperationsTests.java:93)
</error>
  </testcase>
  <testcase name="testMultiSet[6]" classname="org.springframework.data.redis.core.DefaultValueOperationsTests" time="0.002">
    <error message="Cannot get Jedis connection; nested exception is redis.clients.jedis.exceptions.JedisConnectionException: Could not get a resource from the pool" type="org.springframework.data.redis.RedisConnectionFailureException">org.springframework.data.redis.RedisConnectionFailureException: Cannot get Jedis connection; nested exception is redis.clients.jedis.exceptions.JedisConnectionException: Could not get a resource from the pool
	at org.springframework.data.redis.core.DefaultValueOperationsTests.testMultiSet(DefaultValueOperationsTests.java:225)
Caused by: redis.clients.jedis.exceptions.JedisConnectionException: Could not get a resource from the pool
	at org.springframework.data.redis.core.DefaultValueOperationsTests.testMultiSet(DefaultValueOperationsTests.java:225)
Caused by: redis.clients.jedis.exceptions.JedisConnectionException: java.net.ConnectException: Connection refused (Connection refused)
	at org.springframework.data.redis.core.DefaultValueOperationsTests.testMultiSet(DefaultValueOperationsTests.java:225)
Caused by: java.net.ConnectException: Connection refused (Connection refused)
	at org.springframework.data.redis.core.DefaultValueOperationsTests.testMultiSet(DefaultValueOperationsTests.java:225)
</error>
  </testcase>
  <testcase name="testMultiSet[6]" classname="org.springframework.data.redis.core.DefaultValueOperationsTests" time="0.002">
    <error message="Cannot get Jedis connection; nested exception is redis.clients.jedis.exceptions.JedisConnectionException: Could not get a resource from the pool" type="org.springframework.data.redis.RedisConnectionFailureException">org.springframework.data.redis.RedisConnectionFailureException: Cannot get Jedis connection; nested exception is redis.clients.jedis.exceptions.JedisConnectionException: Could not get a resource from the pool
	at org.springframework.data.redis.core.DefaultValueOperationsTests.tearDown(DefaultValueOperationsTests.java:93)
Caused by: redis.clients.jedis.exceptions.JedisConnectionException: Could not get a resource from the pool
	at org.springframework.data.redis.core.DefaultValueOperationsTests.tearDown(DefaultValueOperationsTests.java:93)
Caused by: redis.clients.jedis.exceptions.JedisConnectionException: java.net.ConnectException: Connection refused (Connection refused)
	at org.springframework.data.redis.core.DefaultValueOperationsTests.tearDown(DefaultValueOperationsTests.java:93)
Caused by: java.net.ConnectException: Connection refused (Connection refused)
	at org.springframework.data.redis.core.DefaultValueOperationsTests.tearDown(DefaultValueOperationsTests.java:93)
</error>
  </testcase>
  <testcase name="testGetSet[6]" classname="org.springframework.data.redis.core.DefaultValueOperationsTests" time="0.001">
    <error message="Cannot get Jedis connection; nested exception is redis.clients.jedis.exceptions.JedisConnectionException: Could not get a resource from the pool" type="org.springframework.data.redis.RedisConnectionFailureException">org.springframework.data.redis.RedisConnectionFailureException: Cannot get Jedis connection; nested exception is redis.clients.jedis.exceptions.JedisConnectionException: Could not get a resource from the pool
	at org.springframework.data.redis.core.DefaultValueOperationsTests.testGetSet(DefaultValueOperationsTests.java:236)
Caused by: redis.clients.jedis.exceptions.JedisConnectionException: Could not get a resource from the pool
	at org.springframework.data.redis.core.DefaultValueOperationsTests.testGetSet(DefaultValueOperationsTests.java:236)
Caused by: redis.clients.jedis.exceptions.JedisConnectionException: java.net.ConnectException: Connection refused (Connection refused)
	at org.springframework.data.redis.core.DefaultValueOperationsTests.testGetSet(DefaultValueOperationsTests.java:236)
Caused by: java.net.ConnectException: Connection refused (Connection refused)
	at org.springframework.data.redis.core.DefaultValueOperationsTests.testGetSet(DefaultValueOperationsTests.java:236)
</error>
  </testcase>
  <testcase name="testGetSet[6]" classname="org.springframework.data.redis.core.DefaultValueOperationsTests" time="0.002">
    <error message="Cannot get Jedis connection; nested exception is redis.clients.jedis.exceptions.JedisConnectionException: Could not get a resource from the pool" type="org.springframework.data.redis.RedisConnectionFailureException">org.springframework.data.redis.RedisConnectionFailureException: Cannot get Jedis connection; nested exception is redis.clients.jedis.exceptions.JedisConnectionException: Could not get a resource from the pool
	at org.springframework.data.redis.core.DefaultValueOperationsTests.tearDown(DefaultValueOperationsTests.java:93)
Caused by: redis.clients.jedis.exceptions.JedisConnectionException: Could not get a resource from the pool
	at org.springframework.data.redis.core.DefaultValueOperationsTests.tearDown(DefaultValueOperationsTests.java:93)
Caused by: redis.clients.jedis.exceptions.JedisConnectionException: java.net.ConnectException: Connection refused (Connection refused)
	at org.springframework.data.redis.core.DefaultValueOperationsTests.tearDown(DefaultValueOperationsTests.java:93)
Caused by: java.net.ConnectException: Connection refused (Connection refused)
	at org.springframework.data.redis.core.DefaultValueOperationsTests.tearDown(DefaultValueOperationsTests.java:93)
</error>
  </testcase>
  <testcase name="testMultiSetIfAbsent[6]" classname="org.springframework.data.redis.core.DefaultValueOperationsTests" time="0.002">
    <error message="Cannot get Jedis connection; nested exception is redis.clients.jedis.exceptions.JedisConnectionException: Could not get a resource from the pool" type="org.springframework.data.redis.RedisConnectionFailureException">org.springframework.data.redis.RedisConnectionFailureException: Cannot get Jedis connection; nested exception is redis.clients.jedis.exceptions.JedisConnectionException: Could not get a resource from the pool
	at org.springframework.data.redis.core.DefaultValueOperationsTests.testMultiSetIfAbsent(DefaultValueOperationsTests.java:191)
Caused by: redis.clients.jedis.exceptions.JedisConnectionException: Could not get a resource from the pool
	at org.springframework.data.redis.core.DefaultValueOperationsTests.testMultiSetIfAbsent(DefaultValueOperationsTests.java:191)
Caused by: redis.clients.jedis.exceptions.JedisConnectionException: java.net.ConnectException: Connection refused (Connection refused)
	at org.springframework.data.redis.core.DefaultValueOperationsTests.testMultiSetIfAbsent(DefaultValueOperationsTests.java:191)
Caused by: java.net.ConnectException: Connection refused (Connection refused)
	at org.springframework.data.redis.core.DefaultValueOperationsTests.testMultiSetIfAbsent(DefaultValueOperationsTests.java:191)
</error>
  </testcase>
  <testcase name="testMultiSetIfAbsent[6]" classname="org.springframework.data.redis.core.DefaultValueOperationsTests" time="0.002">
    <error message="Cannot get Jedis connection; nested exception is redis.clients.jedis.exceptions.JedisConnectionException: Could not get a resource from the pool" type="org.springframework.data.redis.RedisConnectionFailureException">org.springframework.data.redis.RedisConnectionFailureException: Cannot get Jedis connection; nested exception is redis.clients.jedis.exceptions.JedisConnectionException: Could not get a resource from the pool
	at org.springframework.data.redis.core.DefaultValueOperationsTests.tearDown(DefaultValueOperationsTests.java:93)
Caused by: redis.clients.jedis.exceptions.JedisConnectionException: Could not get a resource from the pool
	at org.springframework.data.redis.core.DefaultValueOperationsTests.tearDown(DefaultValueOperationsTests.java:93)
Caused by: redis.clients.jedis.exceptions.JedisConnectionException: java.net.ConnectException: Connection refused (Connection refused)
	at org.springframework.data.redis.core.DefaultValueOperationsTests.tearDown(DefaultValueOperationsTests.java:93)
Caused by: java.net.ConnectException: Connection refused (Connection refused)
	at org.springframework.data.redis.core.DefaultValueOperationsTests.tearDown(DefaultValueOperationsTests.java:93)
</error>
  </testcase>
  <testcase name="testSetIfAbsent[6]" classname="org.springframework.data.redis.core.DefaultValueOperationsTests" time="0.002">
    <error message="Cannot get Jedis connection; nested exception is redis.clients.jedis.exceptions.JedisConnectionException: Could not get a resource from the pool" type="org.springframework.data.redis.RedisConnectionFailureException">org.springframework.data.redis.RedisConnectionFailureException: Cannot get Jedis connection; nested exception is redis.clients.jedis.exceptions.JedisConnectionException: Could not get a resource from the pool
	at org.springframework.data.redis.core.DefaultValueOperationsTests.testSetIfAbsent(DefaultValueOperationsTests.java:357)
Caused by: redis.clients.jedis.exceptions.JedisConnectionException: Could not get a resource from the pool
	at org.springframework.data.redis.core.DefaultValueOperationsTests.testSetIfAbsent(DefaultValueOperationsTests.java:357)
Caused by: redis.clients.jedis.exceptions.JedisConnectionException: java.net.ConnectException: Connection refused (Connection refused)
	at org.springframework.data.redis.core.DefaultValueOperationsTests.testSetIfAbsent(DefaultValueOperationsTests.java:357)
Caused by: java.net.ConnectException: Connection refused (Connection refused)
	at org.springframework.data.redis.core.DefaultValueOperationsTests.testSetIfAbsent(DefaultValueOperationsTests.java:357)
</error>
  </testcase>
  <testcase name="testSetIfAbsent[6]" classname="org.springframework.data.redis.core.DefaultValueOperationsTests" time="0.003">
    <error message="Cannot get Jedis connection; nested exception is redis.clients.jedis.exceptions.JedisConnectionException: Could not get a resource from the pool" type="org.springframework.data.redis.RedisConnectionFailureException">org.springframework.data.redis.RedisConnectionFailureException: Cannot get Jedis connection; nested exception is redis.clients.jedis.exceptions.JedisConnectionException: Could not get a resource from the pool
	at org.springframework.data.redis.core.DefaultValueOperationsTests.tearDown(DefaultValueOperationsTests.java:93)
Caused by: redis.clients.jedis.exceptions.JedisConnectionException: Could not get a resource from the pool
	at org.springframework.data.redis.core.DefaultValueOperationsTests.tearDown(DefaultValueOperationsTests.java:93)
Caused by: redis.clients.jedis.exceptions.JedisConnectionException: java.net.ConnectException: Connection refused (Connection refused)
	at org.springframework.data.redis.core.DefaultValueOperationsTests.tearDown(DefaultValueOperationsTests.java:93)
Caused by: java.net.ConnectException: Connection refused (Connection refused)
	at org.springframework.data.redis.core.DefaultValueOperationsTests.tearDown(DefaultValueOperationsTests.java:93)
</error>
  </testcase>
  <testcase name="testRawKeysCollection[6]" classname="org.springframework.data.redis.core.DefaultValueOperationsTests" time="0.001">
    <error message="Cannot get Jedis connection; nested exception is redis.clients.jedis.exceptions.JedisConnectionException: Could not get a resource from the pool" type="org.springframework.data.redis.RedisConnectionFailureException">org.springframework.data.redis.RedisConnectionFailureException: Cannot get Jedis connection; nested exception is redis.clients.jedis.exceptions.JedisConnectionException: Could not get a resource from the pool
	at org.springframework.data.redis.core.DefaultValueOperationsTests.tearDown(DefaultValueOperationsTests.java:93)
Caused by: redis.clients.jedis.exceptions.JedisConnectionException: Could not get a resource from the pool
	at org.springframework.data.redis.core.DefaultValueOperationsTests.tearDown(DefaultValueOperationsTests.java:93)
Caused by: redis.clients.jedis.exceptions.JedisConnectionException: java.net.ConnectException: Connection refused (Connection refused)
	at org.springframework.data.redis.core.DefaultValueOperationsTests.tearDown(DefaultValueOperationsTests.java:93)
Caused by: java.net.ConnectException: Connection refused (Connection refused)
	at org.springframework.data.redis.core.DefaultValueOperationsTests.tearDown(DefaultValueOperationsTests.java:93)
</error>
  </testcase>
  <testcase name="testSetRange[6]" classname="org.springframework.data.redis.core.DefaultValueOperationsTests" time="0.001">
    <error message="got: &lt;false&gt;, expected: is &lt;true&gt;" type="org.junit.AssumptionViolatedException"><![CDATA[org.junit.AssumptionViolatedException: got: <false>, expected: is <true>
	at org.springframework.data.redis.core.DefaultValueOperationsTests.testSetRange(DefaultValueOperationsTests.java:342)
]]></error>
  </testcase>
  <testcase name="testSetRange[6]" classname="org.springframework.data.redis.core.DefaultValueOperationsTests" time="0.002">
    <error message="Cannot get Jedis connection; nested exception is redis.clients.jedis.exceptions.JedisConnectionException: Could not get a resource from the pool" type="org.springframework.data.redis.RedisConnectionFailureException">org.springframework.data.redis.RedisConnectionFailureException: Cannot get Jedis connection; nested exception is redis.clients.jedis.exceptions.JedisConnectionException: Could not get a resource from the pool
	at org.springframework.data.redis.core.DefaultValueOperationsTests.tearDown(DefaultValueOperationsTests.java:93)
Caused by: redis.clients.jedis.exceptions.JedisConnectionException: Could not get a resource from the pool
	at org.springframework.data.redis.core.DefaultValueOperationsTests.tearDown(DefaultValueOperationsTests.java:93)
Caused by: redis.clients.jedis.exceptions.JedisConnectionException: java.net.ConnectException: Connection refused (Connection refused)
	at org.springframework.data.redis.core.DefaultValueOperationsTests.tearDown(DefaultValueOperationsTests.java:93)
Caused by: java.net.ConnectException: Connection refused (Connection refused)
	at org.springframework.data.redis.core.DefaultValueOperationsTests.tearDown(DefaultValueOperationsTests.java:93)
</error>
  </testcase>
  <testcase name="testSetWithExpirationEX[7]" classname="org.springframework.data.redis.core.DefaultValueOperationsTests" time="0.01">
    <error message="Cannot get Jedis connection; nested exception is redis.clients.jedis.exceptions.JedisConnectionException: Could not get a resource from the pool" type="org.springframework.data.redis.RedisConnectionFailureException">org.springframework.data.redis.RedisConnectionFailureException: Cannot get Jedis connection; nested exception is redis.clients.jedis.exceptions.JedisConnectionException: Could not get a resource from the pool
	at org.springframework.data.redis.core.DefaultValueOperationsTests.testSetWithExpirationEX(DefaultValueOperationsTests.java:273)
Caused by: redis.clients.jedis.exceptions.JedisConnectionException: Could not get a resource from the pool
	at org.springframework.data.redis.core.DefaultValueOperationsTests.testSetWithExpirationEX(DefaultValueOperationsTests.java:273)
Caused by: redis.clients.jedis.exceptions.JedisConnectionException: java.net.ConnectException: Connection refused (Connection refused)
	at org.springframework.data.redis.core.DefaultValueOperationsTests.testSetWithExpirationEX(DefaultValueOperationsTests.java:273)
Caused by: java.net.ConnectException: Connection refused (Connection refused)
	at org.springframework.data.redis.core.DefaultValueOperationsTests.testSetWithExpirationEX(DefaultValueOperationsTests.java:273)
</error>
  </testcase>
  <testcase name="testSetWithExpirationEX[7]" classname="org.springframework.data.redis.core.DefaultValueOperationsTests" time="0.01">
    <error message="Cannot get Jedis connection; nested exception is redis.clients.jedis.exceptions.JedisConnectionException: Could not get a resource from the pool" type="org.springframework.data.redis.RedisConnectionFailureException">org.springframework.data.redis.RedisConnectionFailureException: Cannot get Jedis connection; nested exception is redis.clients.jedis.exceptions.JedisConnectionException: Could not get a resource from the pool
	at org.springframework.data.redis.core.DefaultValueOperationsTests.tearDown(DefaultValueOperationsTests.java:93)
Caused by: redis.clients.jedis.exceptions.JedisConnectionException: Could not get a resource from the pool
	at org.springframework.data.redis.core.DefaultValueOperationsTests.tearDown(DefaultValueOperationsTests.java:93)
Caused by: redis.clients.jedis.exceptions.JedisConnectionException: java.net.ConnectException: Connection refused (Connection refused)
	at org.springframework.data.redis.core.DefaultValueOperationsTests.tearDown(DefaultValueOperationsTests.java:93)
Caused by: java.net.ConnectException: Connection refused (Connection refused)
	at org.springframework.data.redis.core.DefaultValueOperationsTests.tearDown(DefaultValueOperationsTests.java:93)
</error>
  </testcase>
  <testcase name="testSetWithExpirationPX[7]" classname="org.springframework.data.redis.core.DefaultValueOperationsTests" time="0.001">
    <error message="Cannot get Jedis connection; nested exception is redis.clients.jedis.exceptions.JedisConnectionException: Could not get a resource from the pool" type="org.springframework.data.redis.RedisConnectionFailureException">org.springframework.data.redis.RedisConnectionFailureException: Cannot get Jedis connection; nested exception is redis.clients.jedis.exceptions.JedisConnectionException: Could not get a resource from the pool
	at org.springframework.data.redis.core.DefaultValueOperationsTests.testSetWithExpirationPX(DefaultValueOperationsTests.java:287)
Caused by: redis.clients.jedis.exceptions.JedisConnectionException: Could not get a resource from the pool
	at org.springframework.data.redis.core.DefaultValueOperationsTests.testSetWithExpirationPX(DefaultValueOperationsTests.java:287)
Caused by: redis.clients.jedis.exceptions.JedisConnectionException: java.net.ConnectException: Connection refused (Connection refused)
	at org.springframework.data.redis.core.DefaultValueOperationsTests.testSetWithExpirationPX(DefaultValueOperationsTests.java:287)
Caused by: java.net.ConnectException: Connection refused (Connection refused)
	at org.springframework.data.redis.core.DefaultValueOperationsTests.testSetWithExpirationPX(DefaultValueOperationsTests.java:287)
</error>
  </testcase>
  <testcase name="testSetWithExpirationPX[7]" classname="org.springframework.data.redis.core.DefaultValueOperationsTests" time="0.001">
    <error message="Cannot get Jedis connection; nested exception is redis.clients.jedis.exceptions.JedisConnectionException: Could not get a resource from the pool" type="org.springframework.data.redis.RedisConnectionFailureException">org.springframework.data.redis.RedisConnectionFailureException: Cannot get Jedis connection; nested exception is redis.clients.jedis.exceptions.JedisConnectionException: Could not get a resource from the pool
	at org.springframework.data.redis.core.DefaultValueOperationsTests.tearDown(DefaultValueOperationsTests.java:93)
Caused by: redis.clients.jedis.exceptions.JedisConnectionException: Could not get a resource from the pool
	at org.springframework.data.redis.core.DefaultValueOperationsTests.tearDown(DefaultValueOperationsTests.java:93)
Caused by: redis.clients.jedis.exceptions.JedisConnectionException: java.net.ConnectException: Connection refused (Connection refused)
	at org.springframework.data.redis.core.DefaultValueOperationsTests.tearDown(DefaultValueOperationsTests.java:93)
Caused by: java.net.ConnectException: Connection refused (Connection refused)
	at org.springframework.data.redis.core.DefaultValueOperationsTests.tearDown(DefaultValueOperationsTests.java:93)
</error>
  </testcase>
  <testcase name="testSetAndGetBit[7]" classname="org.springframework.data.redis.core.DefaultValueOperationsTests" time="0.001">
    <error message="got: &lt;false&gt;, expected: is &lt;true&gt;" type="org.junit.AssumptionViolatedException"><![CDATA[org.junit.AssumptionViolatedException: got: <false>, expected: is <true>
	at org.springframework.data.redis.core.DefaultValueOperationsTests.testSetAndGetBit(DefaultValueOperationsTests.java:530)
]]></error>
  </testcase>
  <testcase name="testSetAndGetBit[7]" classname="org.springframework.data.redis.core.DefaultValueOperationsTests" time="0.001">
    <error message="Cannot get Jedis connection; nested exception is redis.clients.jedis.exceptions.JedisConnectionException: Could not get a resource from the pool" type="org.springframework.data.redis.RedisConnectionFailureException">org.springframework.data.redis.RedisConnectionFailureException: Cannot get Jedis connection; nested exception is redis.clients.jedis.exceptions.JedisConnectionException: Could not get a resource from the pool
	at org.springframework.data.redis.core.DefaultValueOperationsTests.tearDown(DefaultValueOperationsTests.java:93)
Caused by: redis.clients.jedis.exceptions.JedisConnectionException: Could not get a resource from the pool
	at org.springframework.data.redis.core.DefaultValueOperationsTests.tearDown(DefaultValueOperationsTests.java:93)
Caused by: redis.clients.jedis.exceptions.JedisConnectionException: java.net.ConnectException: Connection refused (Connection refused)
	at org.springframework.data.redis.core.DefaultValueOperationsTests.tearDown(DefaultValueOperationsTests.java:93)
Caused by: java.net.ConnectException: Connection refused (Connection refused)
	at org.springframework.data.redis.core.DefaultValueOperationsTests.tearDown(DefaultValueOperationsTests.java:93)
</error>
  </testcase>
  <testcase name="setIfPresentReturnsFalseWhenKeyDoesNotExist[7]" classname="org.springframework.data.redis.core.DefaultValueOperationsTests" time="0.001">
    <error message="Cannot get Jedis connection; nested exception is redis.clients.jedis.exceptions.JedisConnectionException: Could not get a resource from the pool" type="org.springframework.data.redis.RedisConnectionFailureException">org.springframework.data.redis.RedisConnectionFailureException: Cannot get Jedis connection; nested exception is redis.clients.jedis.exceptions.JedisConnectionException: Could not get a resource from the pool
	at org.springframework.data.redis.core.DefaultValueOperationsTests.setIfPresentReturnsFalseWhenKeyDoesNotExist(DefaultValueOperationsTests.java:424)
Caused by: redis.clients.jedis.exceptions.JedisConnectionException: Could not get a resource from the pool
	at org.springframework.data.redis.core.DefaultValueOperationsTests.setIfPresentReturnsFalseWhenKeyDoesNotExist(DefaultValueOperationsTests.java:424)
Caused by: redis.clients.jedis.exceptions.JedisConnectionException: java.net.ConnectException: Connection refused (Connection refused)
	at org.springframework.data.redis.core.DefaultValueOperationsTests.setIfPresentReturnsFalseWhenKeyDoesNotExist(DefaultValueOperationsTests.java:424)
Caused by: java.net.ConnectException: Connection refused (Connection refused)
	at org.springframework.data.redis.core.DefaultValueOperationsTests.setIfPresentReturnsFalseWhenKeyDoesNotExist(DefaultValueOperationsTests.java:424)
</error>
  </testcase>
  <testcase name="setIfPresentReturnsFalseWhenKeyDoesNotExist[7]" classname="org.springframework.data.redis.core.DefaultValueOperationsTests" time="0.002">
    <error message="Cannot get Jedis connection; nested exception is redis.clients.jedis.exceptions.JedisConnectionException: Could not get a resource from the pool" type="org.springframework.data.redis.RedisConnectionFailureException">org.springframework.data.redis.RedisConnectionFailureException: Cannot get Jedis connection; nested exception is redis.clients.jedis.exceptions.JedisConnectionException: Could not get a resource from the pool
	at org.springframework.data.redis.core.DefaultValueOperationsTests.tearDown(DefaultValueOperationsTests.java:93)
Caused by: redis.clients.jedis.exceptions.JedisConnectionException: Could not get a resource from the pool
	at org.springframework.data.redis.core.DefaultValueOperationsTests.tearDown(DefaultValueOperationsTests.java:93)
Caused by: redis.clients.jedis.exceptions.JedisConnectionException: java.net.ConnectException: Connection refused (Connection refused)
	at org.springframework.data.redis.core.DefaultValueOperationsTests.tearDown(DefaultValueOperationsTests.java:93)
Caused by: java.net.ConnectException: Connection refused (Connection refused)
	at org.springframework.data.redis.core.DefaultValueOperationsTests.tearDown(DefaultValueOperationsTests.java:93)
</error>
  </testcase>
  <testcase name="testGetRange[7]" classname="org.springframework.data.redis.core.DefaultValueOperationsTests" time="0">
    <error message="got: &lt;false&gt;, expected: is &lt;true&gt;" type="org.junit.AssumptionViolatedException"><![CDATA[org.junit.AssumptionViolatedException: got: <false>, expected: is <true>
	at org.springframework.data.redis.core.DefaultValueOperationsTests.testGetRange(DefaultValueOperationsTests.java:328)
]]></error>
  </testcase>
  <testcase name="testGetRange[7]" classname="org.springframework.data.redis.core.DefaultValueOperationsTests" time="0">
    <error message="Cannot get Jedis connection; nested exception is redis.clients.jedis.exceptions.JedisConnectionException: Could not get a resource from the pool" type="org.springframework.data.redis.RedisConnectionFailureException">org.springframework.data.redis.RedisConnectionFailureException: Cannot get Jedis connection; nested exception is redis.clients.jedis.exceptions.JedisConnectionException: Could not get a resource from the pool
	at org.springframework.data.redis.core.DefaultValueOperationsTests.tearDown(DefaultValueOperationsTests.java:93)
Caused by: redis.clients.jedis.exceptions.JedisConnectionException: Could not get a resource from the pool
	at org.springframework.data.redis.core.DefaultValueOperationsTests.tearDown(DefaultValueOperationsTests.java:93)
Caused by: redis.clients.jedis.exceptions.JedisConnectionException: java.net.ConnectException: Connection refused (Connection refused)
	at org.springframework.data.redis.core.DefaultValueOperationsTests.tearDown(DefaultValueOperationsTests.java:93)
Caused by: java.net.ConnectException: Connection refused (Connection refused)
	at org.springframework.data.redis.core.DefaultValueOperationsTests.tearDown(DefaultValueOperationsTests.java:93)
</error>
  </testcase>
  <testcase name="testSetIfAbsentWithExpirationEX[7]" classname="org.springframework.data.redis.core.DefaultValueOperationsTests" time="0.001">
    <error message="Cannot get Jedis connection; nested exception is redis.clients.jedis.exceptions.JedisConnectionException: Could not get a resource from the pool" type="org.springframework.data.redis.RedisConnectionFailureException">org.springframework.data.redis.RedisConnectionFailureException: Cannot get Jedis connection; nested exception is redis.clients.jedis.exceptions.JedisConnectionException: Could not get a resource from the pool
	at org.springframework.data.redis.core.DefaultValueOperationsTests.testSetIfAbsentWithExpirationEX(DefaultValueOperationsTests.java:384)
Caused by: redis.clients.jedis.exceptions.JedisConnectionException: Could not get a resource from the pool
	at org.springframework.data.redis.core.DefaultValueOperationsTests.testSetIfAbsentWithExpirationEX(DefaultValueOperationsTests.java:384)
Caused by: redis.clients.jedis.exceptions.JedisConnectionException: java.net.ConnectException: Connection refused (Connection refused)
	at org.springframework.data.redis.core.DefaultValueOperationsTests.testSetIfAbsentWithExpirationEX(DefaultValueOperationsTests.java:384)
Caused by: java.net.ConnectException: Connection refused (Connection refused)
	at org.springframework.data.redis.core.DefaultValueOperationsTests.testSetIfAbsentWithExpirationEX(DefaultValueOperationsTests.java:384)
</error>
  </testcase>
  <testcase name="testSetIfAbsentWithExpirationEX[7]" classname="org.springframework.data.redis.core.DefaultValueOperationsTests" time="0.002">
    <error message="Cannot get Jedis connection; nested exception is redis.clients.jedis.exceptions.JedisConnectionException: Could not get a resource from the pool" type="org.springframework.data.redis.RedisConnectionFailureException">org.springframework.data.redis.RedisConnectionFailureException: Cannot get Jedis connection; nested exception is redis.clients.jedis.exceptions.JedisConnectionException: Could not get a resource from the pool
	at org.springframework.data.redis.core.DefaultValueOperationsTests.tearDown(DefaultValueOperationsTests.java:93)
Caused by: redis.clients.jedis.exceptions.JedisConnectionException: Could not get a resource from the pool
	at org.springframework.data.redis.core.DefaultValueOperationsTests.tearDown(DefaultValueOperationsTests.java:93)
Caused by: redis.clients.jedis.exceptions.JedisConnectionException: java.net.ConnectException: Connection refused (Connection refused)
	at org.springframework.data.redis.core.DefaultValueOperationsTests.tearDown(DefaultValueOperationsTests.java:93)
Caused by: java.net.ConnectException: Connection refused (Connection refused)
	at org.springframework.data.redis.core.DefaultValueOperationsTests.tearDown(DefaultValueOperationsTests.java:93)
</error>
  </testcase>
  <testcase name="testSetIfAbsentWithExpirationPX[7]" classname="org.springframework.data.redis.core.DefaultValueOperationsTests" time="0.001">
    <error message="Cannot get Jedis connection; nested exception is redis.clients.jedis.exceptions.JedisConnectionException: Could not get a resource from the pool" type="org.springframework.data.redis.RedisConnectionFailureException">org.springframework.data.redis.RedisConnectionFailureException: Cannot get Jedis connection; nested exception is redis.clients.jedis.exceptions.JedisConnectionException: Could not get a resource from the pool
	at org.springframework.data.redis.core.DefaultValueOperationsTests.testSetIfAbsentWithExpirationPX(DefaultValueOperationsTests.java:400)
Caused by: redis.clients.jedis.exceptions.JedisConnectionException: Could not get a resource from the pool
	at org.springframework.data.redis.core.DefaultValueOperationsTests.testSetIfAbsentWithExpirationPX(DefaultValueOperationsTests.java:400)
Caused by: redis.clients.jedis.exceptions.JedisConnectionException: java.net.ConnectException: Connection refused (Connection refused)
	at org.springframework.data.redis.core.DefaultValueOperationsTests.testSetIfAbsentWithExpirationPX(DefaultValueOperationsTests.java:400)
Caused by: java.net.ConnectException: Connection refused (Connection refused)
	at org.springframework.data.redis.core.DefaultValueOperationsTests.testSetIfAbsentWithExpirationPX(DefaultValueOperationsTests.java:400)
</error>
  </testcase>
  <testcase name="testSetIfAbsentWithExpirationPX[7]" classname="org.springframework.data.redis.core.DefaultValueOperationsTests" time="0.001">
    <error message="Cannot get Jedis connection; nested exception is redis.clients.jedis.exceptions.JedisConnectionException: Could not get a resource from the pool" type="org.springframework.data.redis.RedisConnectionFailureException">org.springframework.data.redis.RedisConnectionFailureException: Cannot get Jedis connection; nested exception is redis.clients.jedis.exceptions.JedisConnectionException: Could not get a resource from the pool
	at org.springframework.data.redis.core.DefaultValueOperationsTests.tearDown(DefaultValueOperationsTests.java:93)
Caused by: redis.clients.jedis.exceptions.JedisConnectionException: Could not get a resource from the pool
	at org.springframework.data.redis.core.DefaultValueOperationsTests.tearDown(DefaultValueOperationsTests.java:93)
Caused by: redis.clients.jedis.exceptions.JedisConnectionException: java.net.ConnectException: Connection refused (Connection refused)
	at org.springframework.data.redis.core.DefaultValueOperationsTests.tearDown(DefaultValueOperationsTests.java:93)
Caused by: java.net.ConnectException: Connection refused (Connection refused)
	at org.springframework.data.redis.core.DefaultValueOperationsTests.tearDown(DefaultValueOperationsTests.java:93)
</error>
  </testcase>
  <testcase name="setIfPresentReturnsTrueWhenKeyExists[7]" classname="org.springframework.data.redis.core.DefaultValueOperationsTests" time="0.001">
    <error message="Cannot get Jedis connection; nested exception is redis.clients.jedis.exceptions.JedisConnectionException: Could not get a resource from the pool" type="org.springframework.data.redis.RedisConnectionFailureException">org.springframework.data.redis.RedisConnectionFailureException: Cannot get Jedis connection; nested exception is redis.clients.jedis.exceptions.JedisConnectionException: Could not get a resource from the pool
	at org.springframework.data.redis.core.DefaultValueOperationsTests.setIfPresentReturnsTrueWhenKeyExists(DefaultValueOperationsTests.java:416)
Caused by: redis.clients.jedis.exceptions.JedisConnectionException: Could not get a resource from the pool
	at org.springframework.data.redis.core.DefaultValueOperationsTests.setIfPresentReturnsTrueWhenKeyExists(DefaultValueOperationsTests.java:416)
Caused by: redis.clients.jedis.exceptions.JedisConnectionException: java.net.ConnectException: Connection refused (Connection refused)
	at org.springframework.data.redis.core.DefaultValueOperationsTests.setIfPresentReturnsTrueWhenKeyExists(DefaultValueOperationsTests.java:416)
Caused by: java.net.ConnectException: Connection refused (Connection refused)
	at org.springframework.data.redis.core.DefaultValueOperationsTests.setIfPresentReturnsTrueWhenKeyExists(DefaultValueOperationsTests.java:416)
</error>
  </testcase>
  <testcase name="setIfPresentReturnsTrueWhenKeyExists[7]" classname="org.springframework.data.redis.core.DefaultValueOperationsTests" time="0.001">
    <error message="Cannot get Jedis connection; nested exception is redis.clients.jedis.exceptions.JedisConnectionException: Could not get a resource from the pool" type="org.springframework.data.redis.RedisConnectionFailureException">org.springframework.data.redis.RedisConnectionFailureException: Cannot get Jedis connection; nested exception is redis.clients.jedis.exceptions.JedisConnectionException: Could not get a resource from the pool
	at org.springframework.data.redis.core.DefaultValueOperationsTests.tearDown(DefaultValueOperationsTests.java:93)
Caused by: redis.clients.jedis.exceptions.JedisConnectionException: Could not get a resource from the pool
	at org.springframework.data.redis.core.DefaultValueOperationsTests.tearDown(DefaultValueOperationsTests.java:93)
Caused by: redis.clients.jedis.exceptions.JedisConnectionException: java.net.ConnectException: Connection refused (Connection refused)
	at org.springframework.data.redis.core.DefaultValueOperationsTests.tearDown(DefaultValueOperationsTests.java:93)
Caused by: java.net.ConnectException: Connection refused (Connection refused)
	at org.springframework.data.redis.core.DefaultValueOperationsTests.tearDown(DefaultValueOperationsTests.java:93)
</error>
  </testcase>
  <testcase name="testSize[7]" classname="org.springframework.data.redis.core.DefaultValueOperationsTests" time="0.001">
    <error message="Cannot get Jedis connection; nested exception is redis.clients.jedis.exceptions.JedisConnectionException: Could not get a resource from the pool" type="org.springframework.data.redis.RedisConnectionFailureException">org.springframework.data.redis.RedisConnectionFailureException: Cannot get Jedis connection; nested exception is redis.clients.jedis.exceptions.JedisConnectionException: Could not get a resource from the pool
	at org.springframework.data.redis.core.DefaultValueOperationsTests.testSize(DefaultValueOperationsTests.java:487)
Caused by: redis.clients.jedis.exceptions.JedisConnectionException: Could not get a resource from the pool
	at org.springframework.data.redis.core.DefaultValueOperationsTests.testSize(DefaultValueOperationsTests.java:487)
Caused by: redis.clients.jedis.exceptions.JedisConnectionException: java.net.ConnectException: Connection refused (Connection refused)
	at org.springframework.data.redis.core.DefaultValueOperationsTests.testSize(DefaultValueOperationsTests.java:487)
Caused by: java.net.ConnectException: Connection refused (Connection refused)
	at org.springframework.data.redis.core.DefaultValueOperationsTests.testSize(DefaultValueOperationsTests.java:487)
</error>
  </testcase>
  <testcase name="testSize[7]" classname="org.springframework.data.redis.core.DefaultValueOperationsTests" time="0.001">
    <error message="Cannot get Jedis connection; nested exception is redis.clients.jedis.exceptions.JedisConnectionException: Could not get a resource from the pool" type="org.springframework.data.redis.RedisConnectionFailureException">org.springframework.data.redis.RedisConnectionFailureException: Cannot get Jedis connection; nested exception is redis.clients.jedis.exceptions.JedisConnectionException: Could not get a resource from the pool
	at org.springframework.data.redis.core.DefaultValueOperationsTests.tearDown(DefaultValueOperationsTests.java:93)
Caused by: redis.clients.jedis.exceptions.JedisConnectionException: Could not get a resource from the pool
	at org.springframework.data.redis.core.DefaultValueOperationsTests.tearDown(DefaultValueOperationsTests.java:93)
Caused by: redis.clients.jedis.exceptions.JedisConnectionException: java.net.ConnectException: Connection refused (Connection refused)
	at org.springframework.data.redis.core.DefaultValueOperationsTests.tearDown(DefaultValueOperationsTests.java:93)
Caused by: java.net.ConnectException: Connection refused (Connection refused)
	at org.springframework.data.redis.core.DefaultValueOperationsTests.tearDown(DefaultValueOperationsTests.java:93)
</error>
  </testcase>
  <testcase name="testSetIfAbsentWithExpiration[7]" classname="org.springframework.data.redis.core.DefaultValueOperationsTests" time="0.001">
    <error message="Cannot get Jedis connection; nested exception is redis.clients.jedis.exceptions.JedisConnectionException: Could not get a resource from the pool" type="org.springframework.data.redis.RedisConnectionFailureException">org.springframework.data.redis.RedisConnectionFailureException: Cannot get Jedis connection; nested exception is redis.clients.jedis.exceptions.JedisConnectionException: Could not get a resource from the pool
	at org.springframework.data.redis.core.DefaultValueOperationsTests.testSetIfAbsentWithExpiration(DefaultValueOperationsTests.java:368)
Caused by: redis.clients.jedis.exceptions.JedisConnectionException: Could not get a resource from the pool
	at org.springframework.data.redis.core.DefaultValueOperationsTests.testSetIfAbsentWithExpiration(DefaultValueOperationsTests.java:368)
Caused by: redis.clients.jedis.exceptions.JedisConnectionException: java.net.ConnectException: Connection refused (Connection refused)
	at org.springframework.data.redis.core.DefaultValueOperationsTests.testSetIfAbsentWithExpiration(DefaultValueOperationsTests.java:368)
Caused by: java.net.ConnectException: Connection refused (Connection refused)
	at org.springframework.data.redis.core.DefaultValueOperationsTests.testSetIfAbsentWithExpiration(DefaultValueOperationsTests.java:368)
</error>
  </testcase>
  <testcase name="testSetIfAbsentWithExpiration[7]" classname="org.springframework.data.redis.core.DefaultValueOperationsTests" time="0.002">
    <error message="Cannot get Jedis connection; nested exception is redis.clients.jedis.exceptions.JedisConnectionException: Could not get a resource from the pool" type="org.springframework.data.redis.RedisConnectionFailureException">org.springframework.data.redis.RedisConnectionFailureException: Cannot get Jedis connection; nested exception is redis.clients.jedis.exceptions.JedisConnectionException: Could not get a resource from the pool
	at org.springframework.data.redis.core.DefaultValueOperationsTests.tearDown(DefaultValueOperationsTests.java:93)
Caused by: redis.clients.jedis.exceptions.JedisConnectionException: Could not get a resource from the pool
	at org.springframework.data.redis.core.DefaultValueOperationsTests.tearDown(DefaultValueOperationsTests.java:93)
Caused by: redis.clients.jedis.exceptions.JedisConnectionException: java.net.ConnectException: Connection refused (Connection refused)
	at org.springframework.data.redis.core.DefaultValueOperationsTests.tearDown(DefaultValueOperationsTests.java:93)
Caused by: java.net.ConnectException: Connection refused (Connection refused)
	at org.springframework.data.redis.core.DefaultValueOperationsTests.tearDown(DefaultValueOperationsTests.java:93)
</error>
  </testcase>
  <testcase name="testMultiSetIfAbsentFailure[7]" classname="org.springframework.data.redis.core.DefaultValueOperationsTests" time="0.001">
    <error message="Cannot get Jedis connection; nested exception is redis.clients.jedis.exceptions.JedisConnectionException: Could not get a resource from the pool" type="org.springframework.data.redis.RedisConnectionFailureException">org.springframework.data.redis.RedisConnectionFailureException: Cannot get Jedis connection; nested exception is redis.clients.jedis.exceptions.JedisConnectionException: Could not get a resource from the pool
	at org.springframework.data.redis.core.DefaultValueOperationsTests.testMultiSetIfAbsentFailure(DefaultValueOperationsTests.java:204)
Caused by: redis.clients.jedis.exceptions.JedisConnectionException: Could not get a resource from the pool
	at org.springframework.data.redis.core.DefaultValueOperationsTests.testMultiSetIfAbsentFailure(DefaultValueOperationsTests.java:204)
Caused by: redis.clients.jedis.exceptions.JedisConnectionException: java.net.ConnectException: Connection refused (Connection refused)
	at org.springframework.data.redis.core.DefaultValueOperationsTests.testMultiSetIfAbsentFailure(DefaultValueOperationsTests.java:204)
Caused by: java.net.ConnectException: Connection refused (Connection refused)
	at org.springframework.data.redis.core.DefaultValueOperationsTests.testMultiSetIfAbsentFailure(DefaultValueOperationsTests.java:204)
</error>
  </testcase>
  <testcase name="testMultiSetIfAbsentFailure[7]" classname="org.springframework.data.redis.core.DefaultValueOperationsTests" time="0.001">
    <error message="Cannot get Jedis connection; nested exception is redis.clients.jedis.exceptions.JedisConnectionException: Could not get a resource from the pool" type="org.springframework.data.redis.RedisConnectionFailureException">org.springframework.data.redis.RedisConnectionFailureException: Cannot get Jedis connection; nested exception is redis.clients.jedis.exceptions.JedisConnectionException: Could not get a resource from the pool
	at org.springframework.data.redis.core.DefaultValueOperationsTests.tearDown(DefaultValueOperationsTests.java:93)
Caused by: redis.clients.jedis.exceptions.JedisConnectionException: Could not get a resource from the pool
	at org.springframework.data.redis.core.DefaultValueOperationsTests.tearDown(DefaultValueOperationsTests.java:93)
Caused by: redis.clients.jedis.exceptions.JedisConnectionException: java.net.ConnectException: Connection refused (Connection refused)
	at org.springframework.data.redis.core.DefaultValueOperationsTests.tearDown(DefaultValueOperationsTests.java:93)
Caused by: java.net.ConnectException: Connection refused (Connection refused)
	at org.springframework.data.redis.core.DefaultValueOperationsTests.tearDown(DefaultValueOperationsTests.java:93)
</error>
  </testcase>
  <testcase name="testIncrement[7]" classname="org.springframework.data.redis.core.DefaultValueOperationsTests" time="0.001">
    <error message="got: &lt;false&gt;, expected: is &lt;true&gt;" type="org.junit.AssumptionViolatedException"><![CDATA[org.junit.AssumptionViolatedException: got: <false>, expected: is <true>
	at org.springframework.data.redis.core.DefaultValueOperationsTests.testIncrement(DefaultValueOperationsTests.java:105)
]]></error>
  </testcase>
  <testcase name="testIncrement[7]" classname="org.springframework.data.redis.core.DefaultValueOperationsTests" time="0.001">
    <error message="Cannot get Jedis connection; nested exception is redis.clients.jedis.exceptions.JedisConnectionException: Could not get a resource from the pool" type="org.springframework.data.redis.RedisConnectionFailureException">org.springframework.data.redis.RedisConnectionFailureException: Cannot get Jedis connection; nested exception is redis.clients.jedis.exceptions.JedisConnectionException: Could not get a resource from the pool
	at org.springframework.data.redis.core.DefaultValueOperationsTests.tearDown(DefaultValueOperationsTests.java:93)
Caused by: redis.clients.jedis.exceptions.JedisConnectionException: Could not get a resource from the pool
	at org.springframework.data.redis.core.DefaultValueOperationsTests.tearDown(DefaultValueOperationsTests.java:93)
Caused by: redis.clients.jedis.exceptions.JedisConnectionException: java.net.ConnectException: Connection refused (Connection refused)
	at org.springframework.data.redis.core.DefaultValueOperationsTests.tearDown(DefaultValueOperationsTests.java:93)
Caused by: java.net.ConnectException: Connection refused (Connection refused)
	at org.springframework.data.redis.core.DefaultValueOperationsTests.tearDown(DefaultValueOperationsTests.java:93)
</error>
  </testcase>
  <testcase name="testIncrementDouble[7]" classname="org.springframework.data.redis.core.DefaultValueOperationsTests" time="0">
    <error message="Could not initialize class org.springframework.data.redis.RedisTestProfileValueSource" type="java.lang.NoClassDefFoundError">java.lang.NoClassDefFoundError: Could not initialize class org.springframework.data.redis.RedisTestProfileValueSource
	at org.springframework.data.redis.core.DefaultValueOperationsTests.testIncrementDouble(DefaultValueOperationsTests.java:133)
</error>
  </testcase>
  <testcase name="testIncrementDouble[7]" classname="org.springframework.data.redis.core.DefaultValueOperationsTests" time="0.001">
    <error message="Cannot get Jedis connection; nested exception is redis.clients.jedis.exceptions.JedisConnectionException: Could not get a resource from the pool" type="org.springframework.data.redis.RedisConnectionFailureException">org.springframework.data.redis.RedisConnectionFailureException: Cannot get Jedis connection; nested exception is redis.clients.jedis.exceptions.JedisConnectionException: Could not get a resource from the pool
	at org.springframework.data.redis.core.DefaultValueOperationsTests.tearDown(DefaultValueOperationsTests.java:93)
Caused by: redis.clients.jedis.exceptions.JedisConnectionException: Could not get a resource from the pool
	at org.springframework.data.redis.core.DefaultValueOperationsTests.tearDown(DefaultValueOperationsTests.java:93)
Caused by: redis.clients.jedis.exceptions.JedisConnectionException: java.net.ConnectException: Connection refused (Connection refused)
	at org.springframework.data.redis.core.DefaultValueOperationsTests.tearDown(DefaultValueOperationsTests.java:93)
Caused by: java.net.ConnectException: Connection refused (Connection refused)
	at org.springframework.data.redis.core.DefaultValueOperationsTests.tearDown(DefaultValueOperationsTests.java:93)
</error>
  </testcase>
  <testcase name="testSetWithExpirationWithTimeUnitMilliseconds[7]" classname="org.springframework.data.redis.core.DefaultValueOperationsTests" time="0">
    <error message="Could not initialize class org.springframework.data.redis.RedisTestProfileValueSource" type="java.lang.NoClassDefFoundError">java.lang.NoClassDefFoundError: Could not initialize class org.springframework.data.redis.RedisTestProfileValueSource
	at org.springframework.data.redis.core.DefaultValueOperationsTests.testSetWithExpirationWithTimeUnitMilliseconds(DefaultValueOperationsTests.java:298)
</error>
  </testcase>
  <testcase name="testSetWithExpirationWithTimeUnitMilliseconds[7]" classname="org.springframework.data.redis.core.DefaultValueOperationsTests" time="0">
    <error message="Cannot get Jedis connection; nested exception is redis.clients.jedis.exceptions.JedisConnectionException: Could not get a resource from the pool" type="org.springframework.data.redis.RedisConnectionFailureException">org.springframework.data.redis.RedisConnectionFailureException: Cannot get Jedis connection; nested exception is redis.clients.jedis.exceptions.JedisConnectionException: Could not get a resource from the pool
	at org.springframework.data.redis.core.DefaultValueOperationsTests.tearDown(DefaultValueOperationsTests.java:93)
Caused by: redis.clients.jedis.exceptions.JedisConnectionException: Could not get a resource from the pool
	at org.springframework.data.redis.core.DefaultValueOperationsTests.tearDown(DefaultValueOperationsTests.java:93)
Caused by: redis.clients.jedis.exceptions.JedisConnectionException: java.net.ConnectException: Connection refused (Connection refused)
	at org.springframework.data.redis.core.DefaultValueOperationsTests.tearDown(DefaultValueOperationsTests.java:93)
Caused by: java.net.ConnectException: Connection refused (Connection refused)
	at org.springframework.data.redis.core.DefaultValueOperationsTests.tearDown(DefaultValueOperationsTests.java:93)
</error>
  </testcase>
  <testcase name="testRawKeys[7]" classname="org.springframework.data.redis.core.DefaultValueOperationsTests" time="0.001">
    <error message="Cannot get Jedis connection; nested exception is redis.clients.jedis.exceptions.JedisConnectionException: Could not get a resource from the pool" type="org.springframework.data.redis.RedisConnectionFailureException">org.springframework.data.redis.RedisConnectionFailureException: Cannot get Jedis connection; nested exception is redis.clients.jedis.exceptions.JedisConnectionException: Could not get a resource from the pool
	at org.springframework.data.redis.core.DefaultValueOperationsTests.tearDown(DefaultValueOperationsTests.java:93)
Caused by: redis.clients.jedis.exceptions.JedisConnectionException: Could not get a resource from the pool
	at org.springframework.data.redis.core.DefaultValueOperationsTests.tearDown(DefaultValueOperationsTests.java:93)
Caused by: redis.clients.jedis.exceptions.JedisConnectionException: java.net.ConnectException: Connection refused (Connection refused)
	at org.springframework.data.redis.core.DefaultValueOperationsTests.tearDown(DefaultValueOperationsTests.java:93)
Caused by: java.net.ConnectException: Connection refused (Connection refused)
	at org.springframework.data.redis.core.DefaultValueOperationsTests.tearDown(DefaultValueOperationsTests.java:93)
</error>
  </testcase>
  <testcase name="testDecrementByLong[7]" classname="org.springframework.data.redis.core.DefaultValueOperationsTests" time="0.001">
    <error message="got: &lt;false&gt;, expected: is &lt;true&gt;" type="org.junit.AssumptionViolatedException"><![CDATA[org.junit.AssumptionViolatedException: got: <false>, expected: is <true>
	at org.springframework.data.redis.core.DefaultValueOperationsTests.testDecrementByLong(DefaultValueOperationsTests.java:171)
]]></error>
  </testcase>
  <testcase name="testDecrementByLong[7]" classname="org.springframework.data.redis.core.DefaultValueOperationsTests" time="0.001">
    <error message="Cannot get Jedis connection; nested exception is redis.clients.jedis.exceptions.JedisConnectionException: Could not get a resource from the pool" type="org.springframework.data.redis.RedisConnectionFailureException">org.springframework.data.redis.RedisConnectionFailureException: Cannot get Jedis connection; nested exception is redis.clients.jedis.exceptions.JedisConnectionException: Could not get a resource from the pool
	at org.springframework.data.redis.core.DefaultValueOperationsTests.tearDown(DefaultValueOperationsTests.java:93)
Caused by: redis.clients.jedis.exceptions.JedisConnectionException: Could not get a resource from the pool
	at org.springframework.data.redis.core.DefaultValueOperationsTests.tearDown(DefaultValueOperationsTests.java:93)
Caused by: redis.clients.jedis.exceptions.JedisConnectionException: java.net.ConnectException: Connection refused (Connection refused)
	at org.springframework.data.redis.core.DefaultValueOperationsTests.tearDown(DefaultValueOperationsTests.java:93)
Caused by: java.net.ConnectException: Connection refused (Connection refused)
	at org.springframework.data.redis.core.DefaultValueOperationsTests.tearDown(DefaultValueOperationsTests.java:93)
</error>
  </testcase>
  <testcase name="testGetAndSet[7]" classname="org.springframework.data.redis.core.DefaultValueOperationsTests" time="0.002">
    <error message="Cannot get Jedis connection; nested exception is redis.clients.jedis.exceptions.JedisConnectionException: Could not get a resource from the pool" type="org.springframework.data.redis.RedisConnectionFailureException">org.springframework.data.redis.RedisConnectionFailureException: Cannot get Jedis connection; nested exception is redis.clients.jedis.exceptions.JedisConnectionException: Could not get a resource from the pool
	at org.springframework.data.redis.core.DefaultValueOperationsTests.testGetAndSet(DefaultValueOperationsTests.java:248)
Caused by: redis.clients.jedis.exceptions.JedisConnectionException: Could not get a resource from the pool
	at org.springframework.data.redis.core.DefaultValueOperationsTests.testGetAndSet(DefaultValueOperationsTests.java:248)
Caused by: redis.clients.jedis.exceptions.JedisConnectionException: java.net.ConnectException: Connection refused (Connection refused)
	at org.springframework.data.redis.core.DefaultValueOperationsTests.testGetAndSet(DefaultValueOperationsTests.java:248)
Caused by: java.net.ConnectException: Connection refused (Connection refused)
	at org.springframework.data.redis.core.DefaultValueOperationsTests.testGetAndSet(DefaultValueOperationsTests.java:248)
</error>
  </testcase>
  <testcase name="testGetAndSet[7]" classname="org.springframework.data.redis.core.DefaultValueOperationsTests" time="0.002">
    <error message="Cannot get Jedis connection; nested exception is redis.clients.jedis.exceptions.JedisConnectionException: Could not get a resource from the pool" type="org.springframework.data.redis.RedisConnectionFailureException">org.springframework.data.redis.RedisConnectionFailureException: Cannot get Jedis connection; nested exception is redis.clients.jedis.exceptions.JedisConnectionException: Could not get a resource from the pool
	at org.springframework.data.redis.core.DefaultValueOperationsTests.tearDown(DefaultValueOperationsTests.java:93)
Caused by: redis.clients.jedis.exceptions.JedisConnectionException: Could not get a resource from the pool
	at org.springframework.data.redis.core.DefaultValueOperationsTests.tearDown(DefaultValueOperationsTests.java:93)
Caused by: redis.clients.jedis.exceptions.JedisConnectionException: java.net.ConnectException: Connection refused (Connection refused)
	at org.springframework.data.redis.core.DefaultValueOperationsTests.tearDown(DefaultValueOperationsTests.java:93)
Caused by: java.net.ConnectException: Connection refused (Connection refused)
	at org.springframework.data.redis.core.DefaultValueOperationsTests.tearDown(DefaultValueOperationsTests.java:93)
</error>
  </testcase>
  <testcase name="testDeserializeKey[7]" classname="org.springframework.data.redis.core.DefaultValueOperationsTests" time="0.001">
    <error message="got: &lt;false&gt;, expected: is &lt;true&gt;" type="org.junit.AssumptionViolatedException"><![CDATA[org.junit.AssumptionViolatedException: got: <false>, expected: is <true>
	at org.springframework.data.redis.core.DefaultValueOperationsTests.testDeserializeKey(DefaultValueOperationsTests.java:522)
]]></error>
  </testcase>
  <testcase name="testDeserializeKey[7]" classname="org.springframework.data.redis.core.DefaultValueOperationsTests" time="0.001">
    <error message="Cannot get Jedis connection; nested exception is redis.clients.jedis.exceptions.JedisConnectionException: Could not get a resource from the pool" type="org.springframework.data.redis.RedisConnectionFailureException">org.springframework.data.redis.RedisConnectionFailureException: Cannot get Jedis connection; nested exception is redis.clients.jedis.exceptions.JedisConnectionException: Could not get a resource from the pool
	at org.springframework.data.redis.core.DefaultValueOperationsTests.tearDown(DefaultValueOperationsTests.java:93)
Caused by: redis.clients.jedis.exceptions.JedisConnectionException: Could not get a resource from the pool
	at org.springframework.data.redis.core.DefaultValueOperationsTests.tearDown(DefaultValueOperationsTests.java:93)
Caused by: redis.clients.jedis.exceptions.JedisConnectionException: java.net.ConnectException: Connection refused (Connection refused)
	at org.springframework.data.redis.core.DefaultValueOperationsTests.tearDown(DefaultValueOperationsTests.java:93)
Caused by: java.net.ConnectException: Connection refused (Connection refused)
	at org.springframework.data.redis.core.DefaultValueOperationsTests.tearDown(DefaultValueOperationsTests.java:93)
</error>
  </testcase>
  <testcase name="setIfPresentShouldSetExpirationCorrectly[7]" classname="org.springframework.data.redis.core.DefaultValueOperationsTests" time="0.002">
    <error message="Cannot get Jedis connection; nested exception is redis.clients.jedis.exceptions.JedisConnectionException: Could not get a resource from the pool" type="org.springframework.data.redis.RedisConnectionFailureException">org.springframework.data.redis.RedisConnectionFailureException: Cannot get Jedis connection; nested exception is redis.clients.jedis.exceptions.JedisConnectionException: Could not get a resource from the pool
	at org.springframework.data.redis.core.DefaultValueOperationsTests.setIfPresentShouldSetExpirationCorrectly(DefaultValueOperationsTests.java:434)
Caused by: redis.clients.jedis.exceptions.JedisConnectionException: Could not get a resource from the pool
	at org.springframework.data.redis.core.DefaultValueOperationsTests.setIfPresentShouldSetExpirationCorrectly(DefaultValueOperationsTests.java:434)
Caused by: redis.clients.jedis.exceptions.JedisConnectionException: java.net.ConnectException: Connection refused (Connection refused)
	at org.springframework.data.redis.core.DefaultValueOperationsTests.setIfPresentShouldSetExpirationCorrectly(DefaultValueOperationsTests.java:434)
Caused by: java.net.ConnectException: Connection refused (Connection refused)
	at org.springframework.data.redis.core.DefaultValueOperationsTests.setIfPresentShouldSetExpirationCorrectly(DefaultValueOperationsTests.java:434)
</error>
  </testcase>
  <testcase name="setIfPresentShouldSetExpirationCorrectly[7]" classname="org.springframework.data.redis.core.DefaultValueOperationsTests" time="0.003">
    <error message="Cannot get Jedis connection; nested exception is redis.clients.jedis.exceptions.JedisConnectionException: Could not get a resource from the pool" type="org.springframework.data.redis.RedisConnectionFailureException">org.springframework.data.redis.RedisConnectionFailureException: Cannot get Jedis connection; nested exception is redis.clients.jedis.exceptions.JedisConnectionException: Could not get a resource from the pool
	at org.springframework.data.redis.core.DefaultValueOperationsTests.tearDown(DefaultValueOperationsTests.java:93)
Caused by: redis.clients.jedis.exceptions.JedisConnectionException: Could not get a resource from the pool
	at org.springframework.data.redis.core.DefaultValueOperationsTests.tearDown(DefaultValueOperationsTests.java:93)
Caused by: redis.clients.jedis.exceptions.JedisConnectionException: java.net.ConnectException: Connection refused (Connection refused)
	at org.springframework.data.redis.core.DefaultValueOperationsTests.tearDown(DefaultValueOperationsTests.java:93)
Caused by: java.net.ConnectException: Connection refused (Connection refused)
	at org.springframework.data.redis.core.DefaultValueOperationsTests.tearDown(DefaultValueOperationsTests.java:93)
</error>
  </testcase>
  <testcase name="testSetWithExpiration[7]" classname="org.springframework.data.redis.core.DefaultValueOperationsTests" time="0.002">
    <error message="Cannot get Jedis connection; nested exception is redis.clients.jedis.exceptions.JedisConnectionException: Could not get a resource from the pool" type="org.springframework.data.redis.RedisConnectionFailureException">org.springframework.data.redis.RedisConnectionFailureException: Cannot get Jedis connection; nested exception is redis.clients.jedis.exceptions.JedisConnectionException: Could not get a resource from the pool
	at org.springframework.data.redis.core.DefaultValueOperationsTests.testSetWithExpiration(DefaultValueOperationsTests.java:259)
Caused by: redis.clients.jedis.exceptions.JedisConnectionException: Could not get a resource from the pool
	at org.springframework.data.redis.core.DefaultValueOperationsTests.testSetWithExpiration(DefaultValueOperationsTests.java:259)
Caused by: redis.clients.jedis.exceptions.JedisConnectionException: java.net.ConnectException: Connection refused (Connection refused)
	at org.springframework.data.redis.core.DefaultValueOperationsTests.testSetWithExpiration(DefaultValueOperationsTests.java:259)
Caused by: java.net.ConnectException: Connection refused (Connection refused)
	at org.springframework.data.redis.core.DefaultValueOperationsTests.testSetWithExpiration(DefaultValueOperationsTests.java:259)
</error>
  </testcase>
  <testcase name="testSetWithExpiration[7]" classname="org.springframework.data.redis.core.DefaultValueOperationsTests" time="0.002">
    <error message="Cannot get Jedis connection; nested exception is redis.clients.jedis.exceptions.JedisConnectionException: Could not get a resource from the pool" type="org.springframework.data.redis.RedisConnectionFailureException">org.springframework.data.redis.RedisConnectionFailureException: Cannot get Jedis connection; nested exception is redis.clients.jedis.exceptions.JedisConnectionException: Could not get a resource from the pool
	at org.springframework.data.redis.core.DefaultValueOperationsTests.tearDown(DefaultValueOperationsTests.java:93)
Caused by: redis.clients.jedis.exceptions.JedisConnectionException: Could not get a resource from the pool
	at org.springframework.data.redis.core.DefaultValueOperationsTests.tearDown(DefaultValueOperationsTests.java:93)
Caused by: redis.clients.jedis.exceptions.JedisConnectionException: java.net.ConnectException: Connection refused (Connection refused)
	at org.springframework.data.redis.core.DefaultValueOperationsTests.tearDown(DefaultValueOperationsTests.java:93)
Caused by: java.net.ConnectException: Connection refused (Connection refused)
	at org.springframework.data.redis.core.DefaultValueOperationsTests.tearDown(DefaultValueOperationsTests.java:93)
</error>
  </testcase>
  <testcase name="testAppend[7]" classname="org.springframework.data.redis.core.DefaultValueOperationsTests" time="0.001">
    <error message="got: &lt;false&gt;, expected: is &lt;true&gt;" type="org.junit.AssumptionViolatedException"><![CDATA[org.junit.AssumptionViolatedException: got: <false>, expected: is <true>
	at org.springframework.data.redis.core.DefaultValueOperationsTests.testAppend(DefaultValueOperationsTests.java:314)
]]></error>
  </testcase>
  <testcase name="testAppend[7]" classname="org.springframework.data.redis.core.DefaultValueOperationsTests" time="0.002">
    <error message="Cannot get Jedis connection; nested exception is redis.clients.jedis.exceptions.JedisConnectionException: Could not get a resource from the pool" type="org.springframework.data.redis.RedisConnectionFailureException">org.springframework.data.redis.RedisConnectionFailureException: Cannot get Jedis connection; nested exception is redis.clients.jedis.exceptions.JedisConnectionException: Could not get a resource from the pool
	at org.springframework.data.redis.core.DefaultValueOperationsTests.tearDown(DefaultValueOperationsTests.java:93)
Caused by: redis.clients.jedis.exceptions.JedisConnectionException: Could not get a resource from the pool
	at org.springframework.data.redis.core.DefaultValueOperationsTests.tearDown(DefaultValueOperationsTests.java:93)
Caused by: redis.clients.jedis.exceptions.JedisConnectionException: java.net.ConnectException: Connection refused (Connection refused)
	at org.springframework.data.redis.core.DefaultValueOperationsTests.tearDown(DefaultValueOperationsTests.java:93)
Caused by: java.net.ConnectException: Connection refused (Connection refused)
	at org.springframework.data.redis.core.DefaultValueOperationsTests.tearDown(DefaultValueOperationsTests.java:93)
</error>
  </testcase>
  <testcase name="testSetIfPresentWithExpirationEX[7]" classname="org.springframework.data.redis.core.DefaultValueOperationsTests" time="0.001">
    <error message="Cannot get Jedis connection; nested exception is redis.clients.jedis.exceptions.JedisConnectionException: Could not get a resource from the pool" type="org.springframework.data.redis.RedisConnectionFailureException">org.springframework.data.redis.RedisConnectionFailureException: Cannot get Jedis connection; nested exception is redis.clients.jedis.exceptions.JedisConnectionException: Could not get a resource from the pool
	at org.springframework.data.redis.core.DefaultValueOperationsTests.testSetIfPresentWithExpirationEX(DefaultValueOperationsTests.java:452)
Caused by: redis.clients.jedis.exceptions.JedisConnectionException: Could not get a resource from the pool
	at org.springframework.data.redis.core.DefaultValueOperationsTests.testSetIfPresentWithExpirationEX(DefaultValueOperationsTests.java:452)
Caused by: redis.clients.jedis.exceptions.JedisConnectionException: java.net.ConnectException: Connection refused (Connection refused)
	at org.springframework.data.redis.core.DefaultValueOperationsTests.testSetIfPresentWithExpirationEX(DefaultValueOperationsTests.java:452)
Caused by: java.net.ConnectException: Connection refused (Connection refused)
	at org.springframework.data.redis.core.DefaultValueOperationsTests.testSetIfPresentWithExpirationEX(DefaultValueOperationsTests.java:452)
</error>
  </testcase>
  <testcase name="testSetIfPresentWithExpirationEX[7]" classname="org.springframework.data.redis.core.DefaultValueOperationsTests" time="0.002">
    <error message="Cannot get Jedis connection; nested exception is redis.clients.jedis.exceptions.JedisConnectionException: Could not get a resource from the pool" type="org.springframework.data.redis.RedisConnectionFailureException">org.springframework.data.redis.RedisConnectionFailureException: Cannot get Jedis connection; nested exception is redis.clients.jedis.exceptions.JedisConnectionException: Could not get a resource from the pool
	at org.springframework.data.redis.core.DefaultValueOperationsTests.tearDown(DefaultValueOperationsTests.java:93)
Caused by: redis.clients.jedis.exceptions.JedisConnectionException: Could not get a resource from the pool
	at org.springframework.data.redis.core.DefaultValueOperationsTests.tearDown(DefaultValueOperationsTests.java:93)
Caused by: redis.clients.jedis.exceptions.JedisConnectionException: java.net.ConnectException: Connection refused (Connection refused)
	at org.springframework.data.redis.core.DefaultValueOperationsTests.tearDown(DefaultValueOperationsTests.java:93)
Caused by: java.net.ConnectException: Connection refused (Connection refused)
	at org.springframework.data.redis.core.DefaultValueOperationsTests.tearDown(DefaultValueOperationsTests.java:93)
</error>
  </testcase>
  <testcase name="testSetIfPresentWithExpirationPX[7]" classname="org.springframework.data.redis.core.DefaultValueOperationsTests" time="0.001">
    <error message="Cannot get Jedis connection; nested exception is redis.clients.jedis.exceptions.JedisConnectionException: Could not get a resource from the pool" type="org.springframework.data.redis.RedisConnectionFailureException">org.springframework.data.redis.RedisConnectionFailureException: Cannot get Jedis connection; nested exception is redis.clients.jedis.exceptions.JedisConnectionException: Could not get a resource from the pool
	at org.springframework.data.redis.core.DefaultValueOperationsTests.testSetIfPresentWithExpirationPX(DefaultValueOperationsTests.java:470)
Caused by: redis.clients.jedis.exceptions.JedisConnectionException: Could not get a resource from the pool
	at org.springframework.data.redis.core.DefaultValueOperationsTests.testSetIfPresentWithExpirationPX(DefaultValueOperationsTests.java:470)
Caused by: redis.clients.jedis.exceptions.JedisConnectionException: java.net.ConnectException: Connection refused (Connection refused)
	at org.springframework.data.redis.core.DefaultValueOperationsTests.testSetIfPresentWithExpirationPX(DefaultValueOperationsTests.java:470)
Caused by: java.net.ConnectException: Connection refused (Connection refused)
	at org.springframework.data.redis.core.DefaultValueOperationsTests.testSetIfPresentWithExpirationPX(DefaultValueOperationsTests.java:470)
</error>
  </testcase>
  <testcase name="testSetIfPresentWithExpirationPX[7]" classname="org.springframework.data.redis.core.DefaultValueOperationsTests" time="0.001">
    <error message="Cannot get Jedis connection; nested exception is redis.clients.jedis.exceptions.JedisConnectionException: Could not get a resource from the pool" type="org.springframework.data.redis.RedisConnectionFailureException">org.springframework.data.redis.RedisConnectionFailureException: Cannot get Jedis connection; nested exception is redis.clients.jedis.exceptions.JedisConnectionException: Could not get a resource from the pool
	at org.springframework.data.redis.core.DefaultValueOperationsTests.tearDown(DefaultValueOperationsTests.java:93)
Caused by: redis.clients.jedis.exceptions.JedisConnectionException: Could not get a resource from the pool
	at org.springframework.data.redis.core.DefaultValueOperationsTests.tearDown(DefaultValueOperationsTests.java:93)
Caused by: redis.clients.jedis.exceptions.JedisConnectionException: java.net.ConnectException: Connection refused (Connection refused)
	at org.springframework.data.redis.core.DefaultValueOperationsTests.tearDown(DefaultValueOperationsTests.java:93)
Caused by: java.net.ConnectException: Connection refused (Connection refused)
	at org.springframework.data.redis.core.DefaultValueOperationsTests.tearDown(DefaultValueOperationsTests.java:93)
</error>
  </testcase>
  <testcase name="testIncrementLong[7]" classname="org.springframework.data.redis.core.DefaultValueOperationsTests" time="0.001">
    <error message="got: &lt;false&gt;, expected: is &lt;true&gt;" type="org.junit.AssumptionViolatedException"><![CDATA[org.junit.AssumptionViolatedException: got: <false>, expected: is <true>
	at org.springframework.data.redis.core.DefaultValueOperationsTests.testIncrementLong(DefaultValueOperationsTests.java:119)
]]></error>
  </testcase>
  <testcase name="testIncrementLong[7]" classname="org.springframework.data.redis.core.DefaultValueOperationsTests" time="0.001">
    <error message="Cannot get Jedis connection; nested exception is redis.clients.jedis.exceptions.JedisConnectionException: Could not get a resource from the pool" type="org.springframework.data.redis.RedisConnectionFailureException">org.springframework.data.redis.RedisConnectionFailureException: Cannot get Jedis connection; nested exception is redis.clients.jedis.exceptions.JedisConnectionException: Could not get a resource from the pool
	at org.springframework.data.redis.core.DefaultValueOperationsTests.tearDown(DefaultValueOperationsTests.java:93)
Caused by: redis.clients.jedis.exceptions.JedisConnectionException: Could not get a resource from the pool
	at org.springframework.data.redis.core.DefaultValueOperationsTests.tearDown(DefaultValueOperationsTests.java:93)
Caused by: redis.clients.jedis.exceptions.JedisConnectionException: java.net.ConnectException: Connection refused (Connection refused)
	at org.springframework.data.redis.core.DefaultValueOperationsTests.tearDown(DefaultValueOperationsTests.java:93)
Caused by: java.net.ConnectException: Connection refused (Connection refused)
	at org.springframework.data.redis.core.DefaultValueOperationsTests.tearDown(DefaultValueOperationsTests.java:93)
</error>
  </testcase>
  <testcase name="testDecrement[7]" classname="org.springframework.data.redis.core.DefaultValueOperationsTests" time="0">
    <error message="got: &lt;false&gt;, expected: is &lt;true&gt;" type="org.junit.AssumptionViolatedException"><![CDATA[org.junit.AssumptionViolatedException: got: <false>, expected: is <true>
	at org.springframework.data.redis.core.DefaultValueOperationsTests.testDecrement(DefaultValueOperationsTests.java:157)
]]></error>
  </testcase>
  <testcase name="testDecrement[7]" classname="org.springframework.data.redis.core.DefaultValueOperationsTests" time="0.001">
    <error message="Cannot get Jedis connection; nested exception is redis.clients.jedis.exceptions.JedisConnectionException: Could not get a resource from the pool" type="org.springframework.data.redis.RedisConnectionFailureException">org.springframework.data.redis.RedisConnectionFailureException: Cannot get Jedis connection; nested exception is redis.clients.jedis.exceptions.JedisConnectionException: Could not get a resource from the pool
	at org.springframework.data.redis.core.DefaultValueOperationsTests.tearDown(DefaultValueOperationsTests.java:93)
Caused by: redis.clients.jedis.exceptions.JedisConnectionException: Could not get a resource from the pool
	at org.springframework.data.redis.core.DefaultValueOperationsTests.tearDown(DefaultValueOperationsTests.java:93)
Caused by: redis.clients.jedis.exceptions.JedisConnectionException: java.net.ConnectException: Connection refused (Connection refused)
	at org.springframework.data.redis.core.DefaultValueOperationsTests.tearDown(DefaultValueOperationsTests.java:93)
Caused by: java.net.ConnectException: Connection refused (Connection refused)
	at org.springframework.data.redis.core.DefaultValueOperationsTests.tearDown(DefaultValueOperationsTests.java:93)
</error>
  </testcase>
  <testcase name="testMultiSet[7]" classname="org.springframework.data.redis.core.DefaultValueOperationsTests" time="0.003">
    <error message="Cannot get Jedis connection; nested exception is redis.clients.jedis.exceptions.JedisConnectionException: Could not get a resource from the pool" type="org.springframework.data.redis.RedisConnectionFailureException">org.springframework.data.redis.RedisConnectionFailureException: Cannot get Jedis connection; nested exception is redis.clients.jedis.exceptions.JedisConnectionException: Could not get a resource from the pool
	at org.springframework.data.redis.core.DefaultValueOperationsTests.testMultiSet(DefaultValueOperationsTests.java:225)
Caused by: redis.clients.jedis.exceptions.JedisConnectionException: Could not get a resource from the pool
	at org.springframework.data.redis.core.DefaultValueOperationsTests.testMultiSet(DefaultValueOperationsTests.java:225)
Caused by: redis.clients.jedis.exceptions.JedisConnectionException: java.net.ConnectException: Connection refused (Connection refused)
	at org.springframework.data.redis.core.DefaultValueOperationsTests.testMultiSet(DefaultValueOperationsTests.java:225)
Caused by: java.net.ConnectException: Connection refused (Connection refused)
	at org.springframework.data.redis.core.DefaultValueOperationsTests.testMultiSet(DefaultValueOperationsTests.java:225)
</error>
  </testcase>
  <testcase name="testMultiSet[7]" classname="org.springframework.data.redis.core.DefaultValueOperationsTests" time="0.004">
    <error message="Cannot get Jedis connection; nested exception is redis.clients.jedis.exceptions.JedisConnectionException: Could not get a resource from the pool" type="org.springframework.data.redis.RedisConnectionFailureException">org.springframework.data.redis.RedisConnectionFailureException: Cannot get Jedis connection; nested exception is redis.clients.jedis.exceptions.JedisConnectionException: Could not get a resource from the pool
	at org.springframework.data.redis.core.DefaultValueOperationsTests.tearDown(DefaultValueOperationsTests.java:93)
Caused by: redis.clients.jedis.exceptions.JedisConnectionException: Could not get a resource from the pool
	at org.springframework.data.redis.core.DefaultValueOperationsTests.tearDown(DefaultValueOperationsTests.java:93)
Caused by: redis.clients.jedis.exceptions.JedisConnectionException: java.net.ConnectException: Connection refused (Connection refused)
	at org.springframework.data.redis.core.DefaultValueOperationsTests.tearDown(DefaultValueOperationsTests.java:93)
Caused by: java.net.ConnectException: Connection refused (Connection refused)
	at org.springframework.data.redis.core.DefaultValueOperationsTests.tearDown(DefaultValueOperationsTests.java:93)
</error>
  </testcase>
  <testcase name="testGetSet[7]" classname="org.springframework.data.redis.core.DefaultValueOperationsTests" time="0.002">
    <error message="Cannot get Jedis connection; nested exception is redis.clients.jedis.exceptions.JedisConnectionException: Could not get a resource from the pool" type="org.springframework.data.redis.RedisConnectionFailureException">org.springframework.data.redis.RedisConnectionFailureException: Cannot get Jedis connection; nested exception is redis.clients.jedis.exceptions.JedisConnectionException: Could not get a resource from the pool
	at org.springframework.data.redis.core.DefaultValueOperationsTests.testGetSet(DefaultValueOperationsTests.java:236)
Caused by: redis.clients.jedis.exceptions.JedisConnectionException: Could not get a resource from the pool
	at org.springframework.data.redis.core.DefaultValueOperationsTests.testGetSet(DefaultValueOperationsTests.java:236)
Caused by: redis.clients.jedis.exceptions.JedisConnectionException: java.net.ConnectException: Connection refused (Connection refused)
	at org.springframework.data.redis.core.DefaultValueOperationsTests.testGetSet(DefaultValueOperationsTests.java:236)
Caused by: java.net.ConnectException: Connection refused (Connection refused)
	at org.springframework.data.redis.core.DefaultValueOperationsTests.testGetSet(DefaultValueOperationsTests.java:236)
</error>
  </testcase>
  <testcase name="testGetSet[7]" classname="org.springframework.data.redis.core.DefaultValueOperationsTests" time="0.002">
    <error message="Cannot get Jedis connection; nested exception is redis.clients.jedis.exceptions.JedisConnectionException: Could not get a resource from the pool" type="org.springframework.data.redis.RedisConnectionFailureException">org.springframework.data.redis.RedisConnectionFailureException: Cannot get Jedis connection; nested exception is redis.clients.jedis.exceptions.JedisConnectionException: Could not get a resource from the pool
	at org.springframework.data.redis.core.DefaultValueOperationsTests.tearDown(DefaultValueOperationsTests.java:93)
Caused by: redis.clients.jedis.exceptions.JedisConnectionException: Could not get a resource from the pool
	at org.springframework.data.redis.core.DefaultValueOperationsTests.tearDown(DefaultValueOperationsTests.java:93)
Caused by: redis.clients.jedis.exceptions.JedisConnectionException: java.net.ConnectException: Connection refused (Connection refused)
	at org.springframework.data.redis.core.DefaultValueOperationsTests.tearDown(DefaultValueOperationsTests.java:93)
Caused by: java.net.ConnectException: Connection refused (Connection refused)
	at org.springframework.data.redis.core.DefaultValueOperationsTests.tearDown(DefaultValueOperationsTests.java:93)
</error>
  </testcase>
  <testcase name="testMultiSetIfAbsent[7]" classname="org.springframework.data.redis.core.DefaultValueOperationsTests" time="0.001">
    <error message="Cannot get Jedis connection; nested exception is redis.clients.jedis.exceptions.JedisConnectionException: Could not get a resource from the pool" type="org.springframework.data.redis.RedisConnectionFailureException">org.springframework.data.redis.RedisConnectionFailureException: Cannot get Jedis connection; nested exception is redis.clients.jedis.exceptions.JedisConnectionException: Could not get a resource from the pool
	at org.springframework.data.redis.core.DefaultValueOperationsTests.testMultiSetIfAbsent(DefaultValueOperationsTests.java:191)
Caused by: redis.clients.jedis.exceptions.JedisConnectionException: Could not get a resource from the pool
	at org.springframework.data.redis.core.DefaultValueOperationsTests.testMultiSetIfAbsent(DefaultValueOperationsTests.java:191)
Caused by: redis.clients.jedis.exceptions.JedisConnectionException: java.net.ConnectException: Connection refused (Connection refused)
	at org.springframework.data.redis.core.DefaultValueOperationsTests.testMultiSetIfAbsent(DefaultValueOperationsTests.java:191)
Caused by: java.net.ConnectException: Connection refused (Connection refused)
	at org.springframework.data.redis.core.DefaultValueOperationsTests.testMultiSetIfAbsent(DefaultValueOperationsTests.java:191)
</error>
  </testcase>
  <testcase name="testMultiSetIfAbsent[7]" classname="org.springframework.data.redis.core.DefaultValueOperationsTests" time="0.002">
    <error message="Cannot get Jedis connection; nested exception is redis.clients.jedis.exceptions.JedisConnectionException: Could not get a resource from the pool" type="org.springframework.data.redis.RedisConnectionFailureException">org.springframework.data.redis.RedisConnectionFailureException: Cannot get Jedis connection; nested exception is redis.clients.jedis.exceptions.JedisConnectionException: Could not get a resource from the pool
	at org.springframework.data.redis.core.DefaultValueOperationsTests.tearDown(DefaultValueOperationsTests.java:93)
Caused by: redis.clients.jedis.exceptions.JedisConnectionException: Could not get a resource from the pool
	at org.springframework.data.redis.core.DefaultValueOperationsTests.tearDown(DefaultValueOperationsTests.java:93)
Caused by: redis.clients.jedis.exceptions.JedisConnectionException: java.net.ConnectException: Connection refused (Connection refused)
	at org.springframework.data.redis.core.DefaultValueOperationsTests.tearDown(DefaultValueOperationsTests.java:93)
Caused by: java.net.ConnectException: Connection refused (Connection refused)
	at org.springframework.data.redis.core.DefaultValueOperationsTests.tearDown(DefaultValueOperationsTests.java:93)
</error>
  </testcase>
  <testcase name="testSetIfAbsent[7]" classname="org.springframework.data.redis.core.DefaultValueOperationsTests" time="0.001">
    <error message="Cannot get Jedis connection; nested exception is redis.clients.jedis.exceptions.JedisConnectionException: Could not get a resource from the pool" type="org.springframework.data.redis.RedisConnectionFailureException">org.springframework.data.redis.RedisConnectionFailureException: Cannot get Jedis connection; nested exception is redis.clients.jedis.exceptions.JedisConnectionException: Could not get a resource from the pool
	at org.springframework.data.redis.core.DefaultValueOperationsTests.testSetIfAbsent(DefaultValueOperationsTests.java:357)
Caused by: redis.clients.jedis.exceptions.JedisConnectionException: Could not get a resource from the pool
	at org.springframework.data.redis.core.DefaultValueOperationsTests.testSetIfAbsent(DefaultValueOperationsTests.java:357)
Caused by: redis.clients.jedis.exceptions.JedisConnectionException: java.net.ConnectException: Connection refused (Connection refused)
	at org.springframework.data.redis.core.DefaultValueOperationsTests.testSetIfAbsent(DefaultValueOperationsTests.java:357)
Caused by: java.net.ConnectException: Connection refused (Connection refused)
	at org.springframework.data.redis.core.DefaultValueOperationsTests.testSetIfAbsent(DefaultValueOperationsTests.java:357)
</error>
  </testcase>
  <testcase name="testSetIfAbsent[7]" classname="org.springframework.data.redis.core.DefaultValueOperationsTests" time="0.001">
    <error message="Cannot get Jedis connection; nested exception is redis.clients.jedis.exceptions.JedisConnectionException: Could not get a resource from the pool" type="org.springframework.data.redis.RedisConnectionFailureException">org.springframework.data.redis.RedisConnectionFailureException: Cannot get Jedis connection; nested exception is redis.clients.jedis.exceptions.JedisConnectionException: Could not get a resource from the pool
	at org.springframework.data.redis.core.DefaultValueOperationsTests.tearDown(DefaultValueOperationsTests.java:93)
Caused by: redis.clients.jedis.exceptions.JedisConnectionException: Could not get a resource from the pool
	at org.springframework.data.redis.core.DefaultValueOperationsTests.tearDown(DefaultValueOperationsTests.java:93)
Caused by: redis.clients.jedis.exceptions.JedisConnectionException: java.net.ConnectException: Connection refused (Connection refused)
	at org.springframework.data.redis.core.DefaultValueOperationsTests.tearDown(DefaultValueOperationsTests.java:93)
Caused by: java.net.ConnectException: Connection refused (Connection refused)
	at org.springframework.data.redis.core.DefaultValueOperationsTests.tearDown(DefaultValueOperationsTests.java:93)
</error>
  </testcase>
  <testcase name="testRawKeysCollection[7]" classname="org.springframework.data.redis.core.DefaultValueOperationsTests" time="0.001">
    <error message="Cannot get Jedis connection; nested exception is redis.clients.jedis.exceptions.JedisConnectionException: Could not get a resource from the pool" type="org.springframework.data.redis.RedisConnectionFailureException">org.springframework.data.redis.RedisConnectionFailureException: Cannot get Jedis connection; nested exception is redis.clients.jedis.exceptions.JedisConnectionException: Could not get a resource from the pool
	at org.springframework.data.redis.core.DefaultValueOperationsTests.tearDown(DefaultValueOperationsTests.java:93)
Caused by: redis.clients.jedis.exceptions.JedisConnectionException: Could not get a resource from the pool
	at org.springframework.data.redis.core.DefaultValueOperationsTests.tearDown(DefaultValueOperationsTests.java:93)
Caused by: redis.clients.jedis.exceptions.JedisConnectionException: java.net.ConnectException: Connection refused (Connection refused)
	at org.springframework.data.redis.core.DefaultValueOperationsTests.tearDown(DefaultValueOperationsTests.java:93)
Caused by: java.net.ConnectException: Connection refused (Connection refused)
	at org.springframework.data.redis.core.DefaultValueOperationsTests.tearDown(DefaultValueOperationsTests.java:93)
</error>
  </testcase>
  <testcase name="testSetRange[7]" classname="org.springframework.data.redis.core.DefaultValueOperationsTests" time="0.001">
    <error message="got: &lt;false&gt;, expected: is &lt;true&gt;" type="org.junit.AssumptionViolatedException"><![CDATA[org.junit.AssumptionViolatedException: got: <false>, expected: is <true>
	at org.springframework.data.redis.core.DefaultValueOperationsTests.testSetRange(DefaultValueOperationsTests.java:342)
]]></error>
  </testcase>
  <testcase name="testSetRange[7]" classname="org.springframework.data.redis.core.DefaultValueOperationsTests" time="0.002">
    <error message="Cannot get Jedis connection; nested exception is redis.clients.jedis.exceptions.JedisConnectionException: Could not get a resource from the pool" type="org.springframework.data.redis.RedisConnectionFailureException">org.springframework.data.redis.RedisConnectionFailureException: Cannot get Jedis connection; nested exception is redis.clients.jedis.exceptions.JedisConnectionException: Could not get a resource from the pool
	at org.springframework.data.redis.core.DefaultValueOperationsTests.tearDown(DefaultValueOperationsTests.java:93)
Caused by: redis.clients.jedis.exceptions.JedisConnectionException: Could not get a resource from the pool
	at org.springframework.data.redis.core.DefaultValueOperationsTests.tearDown(DefaultValueOperationsTests.java:93)
Caused by: redis.clients.jedis.exceptions.JedisConnectionException: java.net.ConnectException: Connection refused (Connection refused)
	at org.springframework.data.redis.core.DefaultValueOperationsTests.tearDown(DefaultValueOperationsTests.java:93)
Caused by: java.net.ConnectException: Connection refused (Connection refused)
	at org.springframework.data.redis.core.DefaultValueOperationsTests.tearDown(DefaultValueOperationsTests.java:93)
</error>
  </testcase>
  <testcase name="testSetWithExpirationEX[8]" classname="org.springframework.data.redis.core.DefaultValueOperationsTests" time="0.007">
    <error message="Cannot get Jedis connection; nested exception is redis.clients.jedis.exceptions.JedisConnectionException: Could not get a resource from the pool" type="org.springframework.data.redis.RedisConnectionFailureException">org.springframework.data.redis.RedisConnectionFailureException: Cannot get Jedis connection; nested exception is redis.clients.jedis.exceptions.JedisConnectionException: Could not get a resource from the pool
	at org.springframework.data.redis.core.DefaultValueOperationsTests.testSetWithExpirationEX(DefaultValueOperationsTests.java:273)
Caused by: redis.clients.jedis.exceptions.JedisConnectionException: Could not get a resource from the pool
	at org.springframework.data.redis.core.DefaultValueOperationsTests.testSetWithExpirationEX(DefaultValueOperationsTests.java:273)
Caused by: redis.clients.jedis.exceptions.JedisConnectionException: java.net.ConnectException: Connection refused (Connection refused)
	at org.springframework.data.redis.core.DefaultValueOperationsTests.testSetWithExpirationEX(DefaultValueOperationsTests.java:273)
Caused by: java.net.ConnectException: Connection refused (Connection refused)
	at org.springframework.data.redis.core.DefaultValueOperationsTests.testSetWithExpirationEX(DefaultValueOperationsTests.java:273)
</error>
  </testcase>
  <testcase name="testSetWithExpirationEX[8]" classname="org.springframework.data.redis.core.DefaultValueOperationsTests" time="0.007">
    <error message="Cannot get Jedis connection; nested exception is redis.clients.jedis.exceptions.JedisConnectionException: Could not get a resource from the pool" type="org.springframework.data.redis.RedisConnectionFailureException">org.springframework.data.redis.RedisConnectionFailureException: Cannot get Jedis connection; nested exception is redis.clients.jedis.exceptions.JedisConnectionException: Could not get a resource from the pool
	at org.springframework.data.redis.core.DefaultValueOperationsTests.tearDown(DefaultValueOperationsTests.java:93)
Caused by: redis.clients.jedis.exceptions.JedisConnectionException: Could not get a resource from the pool
	at org.springframework.data.redis.core.DefaultValueOperationsTests.tearDown(DefaultValueOperationsTests.java:93)
Caused by: redis.clients.jedis.exceptions.JedisConnectionException: java.net.ConnectException: Connection refused (Connection refused)
	at org.springframework.data.redis.core.DefaultValueOperationsTests.tearDown(DefaultValueOperationsTests.java:93)
Caused by: java.net.ConnectException: Connection refused (Connection refused)
	at org.springframework.data.redis.core.DefaultValueOperationsTests.tearDown(DefaultValueOperationsTests.java:93)
</error>
  </testcase>
  <testcase name="testSetWithExpirationPX[8]" classname="org.springframework.data.redis.core.DefaultValueOperationsTests" time="0.001">
    <error message="Cannot get Jedis connection; nested exception is redis.clients.jedis.exceptions.JedisConnectionException: Could not get a resource from the pool" type="org.springframework.data.redis.RedisConnectionFailureException">org.springframework.data.redis.RedisConnectionFailureException: Cannot get Jedis connection; nested exception is redis.clients.jedis.exceptions.JedisConnectionException: Could not get a resource from the pool
	at org.springframework.data.redis.core.DefaultValueOperationsTests.testSetWithExpirationPX(DefaultValueOperationsTests.java:287)
Caused by: redis.clients.jedis.exceptions.JedisConnectionException: Could not get a resource from the pool
	at org.springframework.data.redis.core.DefaultValueOperationsTests.testSetWithExpirationPX(DefaultValueOperationsTests.java:287)
Caused by: redis.clients.jedis.exceptions.JedisConnectionException: java.net.ConnectException: Connection refused (Connection refused)
	at org.springframework.data.redis.core.DefaultValueOperationsTests.testSetWithExpirationPX(DefaultValueOperationsTests.java:287)
Caused by: java.net.ConnectException: Connection refused (Connection refused)
	at org.springframework.data.redis.core.DefaultValueOperationsTests.testSetWithExpirationPX(DefaultValueOperationsTests.java:287)
</error>
  </testcase>
  <testcase name="testSetWithExpirationPX[8]" classname="org.springframework.data.redis.core.DefaultValueOperationsTests" time="0.001">
    <error message="Cannot get Jedis connection; nested exception is redis.clients.jedis.exceptions.JedisConnectionException: Could not get a resource from the pool" type="org.springframework.data.redis.RedisConnectionFailureException">org.springframework.data.redis.RedisConnectionFailureException: Cannot get Jedis connection; nested exception is redis.clients.jedis.exceptions.JedisConnectionException: Could not get a resource from the pool
	at org.springframework.data.redis.core.DefaultValueOperationsTests.tearDown(DefaultValueOperationsTests.java:93)
Caused by: redis.clients.jedis.exceptions.JedisConnectionException: Could not get a resource from the pool
	at org.springframework.data.redis.core.DefaultValueOperationsTests.tearDown(DefaultValueOperationsTests.java:93)
Caused by: redis.clients.jedis.exceptions.JedisConnectionException: java.net.ConnectException: Connection refused (Connection refused)
	at org.springframework.data.redis.core.DefaultValueOperationsTests.tearDown(DefaultValueOperationsTests.java:93)
Caused by: java.net.ConnectException: Connection refused (Connection refused)
	at org.springframework.data.redis.core.DefaultValueOperationsTests.tearDown(DefaultValueOperationsTests.java:93)
</error>
  </testcase>
  <testcase name="testSetAndGetBit[8]" classname="org.springframework.data.redis.core.DefaultValueOperationsTests" time="0.001">
    <error message="got: &lt;false&gt;, expected: is &lt;true&gt;" type="org.junit.AssumptionViolatedException"><![CDATA[org.junit.AssumptionViolatedException: got: <false>, expected: is <true>
	at org.springframework.data.redis.core.DefaultValueOperationsTests.testSetAndGetBit(DefaultValueOperationsTests.java:530)
]]></error>
  </testcase>
  <testcase name="testSetAndGetBit[8]" classname="org.springframework.data.redis.core.DefaultValueOperationsTests" time="0.001">
    <error message="Cannot get Jedis connection; nested exception is redis.clients.jedis.exceptions.JedisConnectionException: Could not get a resource from the pool" type="org.springframework.data.redis.RedisConnectionFailureException">org.springframework.data.redis.RedisConnectionFailureException: Cannot get Jedis connection; nested exception is redis.clients.jedis.exceptions.JedisConnectionException: Could not get a resource from the pool
	at org.springframework.data.redis.core.DefaultValueOperationsTests.tearDown(DefaultValueOperationsTests.java:93)
Caused by: redis.clients.jedis.exceptions.JedisConnectionException: Could not get a resource from the pool
	at org.springframework.data.redis.core.DefaultValueOperationsTests.tearDown(DefaultValueOperationsTests.java:93)
Caused by: redis.clients.jedis.exceptions.JedisConnectionException: java.net.ConnectException: Connection refused (Connection refused)
	at org.springframework.data.redis.core.DefaultValueOperationsTests.tearDown(DefaultValueOperationsTests.java:93)
Caused by: java.net.ConnectException: Connection refused (Connection refused)
	at org.springframework.data.redis.core.DefaultValueOperationsTests.tearDown(DefaultValueOperationsTests.java:93)
</error>
  </testcase>
  <testcase name="setIfPresentReturnsFalseWhenKeyDoesNotExist[8]" classname="org.springframework.data.redis.core.DefaultValueOperationsTests" time="0.001">
    <error message="Cannot get Jedis connection; nested exception is redis.clients.jedis.exceptions.JedisConnectionException: Could not get a resource from the pool" type="org.springframework.data.redis.RedisConnectionFailureException">org.springframework.data.redis.RedisConnectionFailureException: Cannot get Jedis connection; nested exception is redis.clients.jedis.exceptions.JedisConnectionException: Could not get a resource from the pool
	at org.springframework.data.redis.core.DefaultValueOperationsTests.setIfPresentReturnsFalseWhenKeyDoesNotExist(DefaultValueOperationsTests.java:424)
Caused by: redis.clients.jedis.exceptions.JedisConnectionException: Could not get a resource from the pool
	at org.springframework.data.redis.core.DefaultValueOperationsTests.setIfPresentReturnsFalseWhenKeyDoesNotExist(DefaultValueOperationsTests.java:424)
Caused by: redis.clients.jedis.exceptions.JedisConnectionException: java.net.ConnectException: Connection refused (Connection refused)
	at org.springframework.data.redis.core.DefaultValueOperationsTests.setIfPresentReturnsFalseWhenKeyDoesNotExist(DefaultValueOperationsTests.java:424)
Caused by: java.net.ConnectException: Connection refused (Connection refused)
	at org.springframework.data.redis.core.DefaultValueOperationsTests.setIfPresentReturnsFalseWhenKeyDoesNotExist(DefaultValueOperationsTests.java:424)
</error>
  </testcase>
  <testcase name="setIfPresentReturnsFalseWhenKeyDoesNotExist[8]" classname="org.springframework.data.redis.core.DefaultValueOperationsTests" time="0.001">
    <error message="Cannot get Jedis connection; nested exception is redis.clients.jedis.exceptions.JedisConnectionException: Could not get a resource from the pool" type="org.springframework.data.redis.RedisConnectionFailureException">org.springframework.data.redis.RedisConnectionFailureException: Cannot get Jedis connection; nested exception is redis.clients.jedis.exceptions.JedisConnectionException: Could not get a resource from the pool
	at org.springframework.data.redis.core.DefaultValueOperationsTests.tearDown(DefaultValueOperationsTests.java:93)
Caused by: redis.clients.jedis.exceptions.JedisConnectionException: Could not get a resource from the pool
	at org.springframework.data.redis.core.DefaultValueOperationsTests.tearDown(DefaultValueOperationsTests.java:93)
Caused by: redis.clients.jedis.exceptions.JedisConnectionException: java.net.ConnectException: Connection refused (Connection refused)
	at org.springframework.data.redis.core.DefaultValueOperationsTests.tearDown(DefaultValueOperationsTests.java:93)
Caused by: java.net.ConnectException: Connection refused (Connection refused)
	at org.springframework.data.redis.core.DefaultValueOperationsTests.tearDown(DefaultValueOperationsTests.java:93)
</error>
  </testcase>
  <testcase name="testGetRange[8]" classname="org.springframework.data.redis.core.DefaultValueOperationsTests" time="0">
    <error message="got: &lt;false&gt;, expected: is &lt;true&gt;" type="org.junit.AssumptionViolatedException"><![CDATA[org.junit.AssumptionViolatedException: got: <false>, expected: is <true>
	at org.springframework.data.redis.core.DefaultValueOperationsTests.testGetRange(DefaultValueOperationsTests.java:328)
]]></error>
  </testcase>
  <testcase name="testGetRange[8]" classname="org.springframework.data.redis.core.DefaultValueOperationsTests" time="0.001">
    <error message="Cannot get Jedis connection; nested exception is redis.clients.jedis.exceptions.JedisConnectionException: Could not get a resource from the pool" type="org.springframework.data.redis.RedisConnectionFailureException">org.springframework.data.redis.RedisConnectionFailureException: Cannot get Jedis connection; nested exception is redis.clients.jedis.exceptions.JedisConnectionException: Could not get a resource from the pool
	at org.springframework.data.redis.core.DefaultValueOperationsTests.tearDown(DefaultValueOperationsTests.java:93)
Caused by: redis.clients.jedis.exceptions.JedisConnectionException: Could not get a resource from the pool
	at org.springframework.data.redis.core.DefaultValueOperationsTests.tearDown(DefaultValueOperationsTests.java:93)
Caused by: redis.clients.jedis.exceptions.JedisConnectionException: java.net.ConnectException: Connection refused (Connection refused)
	at org.springframework.data.redis.core.DefaultValueOperationsTests.tearDown(DefaultValueOperationsTests.java:93)
Caused by: java.net.ConnectException: Connection refused (Connection refused)
	at org.springframework.data.redis.core.DefaultValueOperationsTests.tearDown(DefaultValueOperationsTests.java:93)
</error>
  </testcase>
  <testcase name="testSetIfAbsentWithExpirationEX[8]" classname="org.springframework.data.redis.core.DefaultValueOperationsTests" time="0.001">
    <error message="Cannot get Jedis connection; nested exception is redis.clients.jedis.exceptions.JedisConnectionException: Could not get a resource from the pool" type="org.springframework.data.redis.RedisConnectionFailureException">org.springframework.data.redis.RedisConnectionFailureException: Cannot get Jedis connection; nested exception is redis.clients.jedis.exceptions.JedisConnectionException: Could not get a resource from the pool
	at org.springframework.data.redis.core.DefaultValueOperationsTests.testSetIfAbsentWithExpirationEX(DefaultValueOperationsTests.java:384)
Caused by: redis.clients.jedis.exceptions.JedisConnectionException: Could not get a resource from the pool
	at org.springframework.data.redis.core.DefaultValueOperationsTests.testSetIfAbsentWithExpirationEX(DefaultValueOperationsTests.java:384)
Caused by: redis.clients.jedis.exceptions.JedisConnectionException: java.net.ConnectException: Connection refused (Connection refused)
	at org.springframework.data.redis.core.DefaultValueOperationsTests.testSetIfAbsentWithExpirationEX(DefaultValueOperationsTests.java:384)
Caused by: java.net.ConnectException: Connection refused (Connection refused)
	at org.springframework.data.redis.core.DefaultValueOperationsTests.testSetIfAbsentWithExpirationEX(DefaultValueOperationsTests.java:384)
</error>
  </testcase>
  <testcase name="testSetIfAbsentWithExpirationEX[8]" classname="org.springframework.data.redis.core.DefaultValueOperationsTests" time="0.002">
    <error message="Cannot get Jedis connection; nested exception is redis.clients.jedis.exceptions.JedisConnectionException: Could not get a resource from the pool" type="org.springframework.data.redis.RedisConnectionFailureException">org.springframework.data.redis.RedisConnectionFailureException: Cannot get Jedis connection; nested exception is redis.clients.jedis.exceptions.JedisConnectionException: Could not get a resource from the pool
	at org.springframework.data.redis.core.DefaultValueOperationsTests.tearDown(DefaultValueOperationsTests.java:93)
Caused by: redis.clients.jedis.exceptions.JedisConnectionException: Could not get a resource from the pool
	at org.springframework.data.redis.core.DefaultValueOperationsTests.tearDown(DefaultValueOperationsTests.java:93)
Caused by: redis.clients.jedis.exceptions.JedisConnectionException: java.net.ConnectException: Connection refused (Connection refused)
	at org.springframework.data.redis.core.DefaultValueOperationsTests.tearDown(DefaultValueOperationsTests.java:93)
Caused by: java.net.ConnectException: Connection refused (Connection refused)
	at org.springframework.data.redis.core.DefaultValueOperationsTests.tearDown(DefaultValueOperationsTests.java:93)
</error>
  </testcase>
  <testcase name="testSetIfAbsentWithExpirationPX[8]" classname="org.springframework.data.redis.core.DefaultValueOperationsTests" time="0.001">
    <error message="Cannot get Jedis connection; nested exception is redis.clients.jedis.exceptions.JedisConnectionException: Could not get a resource from the pool" type="org.springframework.data.redis.RedisConnectionFailureException">org.springframework.data.redis.RedisConnectionFailureException: Cannot get Jedis connection; nested exception is redis.clients.jedis.exceptions.JedisConnectionException: Could not get a resource from the pool
	at org.springframework.data.redis.core.DefaultValueOperationsTests.testSetIfAbsentWithExpirationPX(DefaultValueOperationsTests.java:400)
Caused by: redis.clients.jedis.exceptions.JedisConnectionException: Could not get a resource from the pool
	at org.springframework.data.redis.core.DefaultValueOperationsTests.testSetIfAbsentWithExpirationPX(DefaultValueOperationsTests.java:400)
Caused by: redis.clients.jedis.exceptions.JedisConnectionException: java.net.ConnectException: Connection refused (Connection refused)
	at org.springframework.data.redis.core.DefaultValueOperationsTests.testSetIfAbsentWithExpirationPX(DefaultValueOperationsTests.java:400)
Caused by: java.net.ConnectException: Connection refused (Connection refused)
	at org.springframework.data.redis.core.DefaultValueOperationsTests.testSetIfAbsentWithExpirationPX(DefaultValueOperationsTests.java:400)
</error>
  </testcase>
  <testcase name="testSetIfAbsentWithExpirationPX[8]" classname="org.springframework.data.redis.core.DefaultValueOperationsTests" time="0.001">
    <error message="Cannot get Jedis connection; nested exception is redis.clients.jedis.exceptions.JedisConnectionException: Could not get a resource from the pool" type="org.springframework.data.redis.RedisConnectionFailureException">org.springframework.data.redis.RedisConnectionFailureException: Cannot get Jedis connection; nested exception is redis.clients.jedis.exceptions.JedisConnectionException: Could not get a resource from the pool
	at org.springframework.data.redis.core.DefaultValueOperationsTests.tearDown(DefaultValueOperationsTests.java:93)
Caused by: redis.clients.jedis.exceptions.JedisConnectionException: Could not get a resource from the pool
	at org.springframework.data.redis.core.DefaultValueOperationsTests.tearDown(DefaultValueOperationsTests.java:93)
Caused by: redis.clients.jedis.exceptions.JedisConnectionException: java.net.ConnectException: Connection refused (Connection refused)
	at org.springframework.data.redis.core.DefaultValueOperationsTests.tearDown(DefaultValueOperationsTests.java:93)
Caused by: java.net.ConnectException: Connection refused (Connection refused)
	at org.springframework.data.redis.core.DefaultValueOperationsTests.tearDown(DefaultValueOperationsTests.java:93)
</error>
  </testcase>
  <testcase name="setIfPresentReturnsTrueWhenKeyExists[8]" classname="org.springframework.data.redis.core.DefaultValueOperationsTests" time="0.002">
    <error message="Cannot get Jedis connection; nested exception is redis.clients.jedis.exceptions.JedisConnectionException: Could not get a resource from the pool" type="org.springframework.data.redis.RedisConnectionFailureException">org.springframework.data.redis.RedisConnectionFailureException: Cannot get Jedis connection; nested exception is redis.clients.jedis.exceptions.JedisConnectionException: Could not get a resource from the pool
	at org.springframework.data.redis.core.DefaultValueOperationsTests.setIfPresentReturnsTrueWhenKeyExists(DefaultValueOperationsTests.java:416)
Caused by: redis.clients.jedis.exceptions.JedisConnectionException: Could not get a resource from the pool
	at org.springframework.data.redis.core.DefaultValueOperationsTests.setIfPresentReturnsTrueWhenKeyExists(DefaultValueOperationsTests.java:416)
Caused by: redis.clients.jedis.exceptions.JedisConnectionException: java.net.ConnectException: Connection refused (Connection refused)
	at org.springframework.data.redis.core.DefaultValueOperationsTests.setIfPresentReturnsTrueWhenKeyExists(DefaultValueOperationsTests.java:416)
Caused by: java.net.ConnectException: Connection refused (Connection refused)
	at org.springframework.data.redis.core.DefaultValueOperationsTests.setIfPresentReturnsTrueWhenKeyExists(DefaultValueOperationsTests.java:416)
</error>
  </testcase>
  <testcase name="setIfPresentReturnsTrueWhenKeyExists[8]" classname="org.springframework.data.redis.core.DefaultValueOperationsTests" time="0.002">
    <error message="Cannot get Jedis connection; nested exception is redis.clients.jedis.exceptions.JedisConnectionException: Could not get a resource from the pool" type="org.springframework.data.redis.RedisConnectionFailureException">org.springframework.data.redis.RedisConnectionFailureException: Cannot get Jedis connection; nested exception is redis.clients.jedis.exceptions.JedisConnectionException: Could not get a resource from the pool
	at org.springframework.data.redis.core.DefaultValueOperationsTests.tearDown(DefaultValueOperationsTests.java:93)
Caused by: redis.clients.jedis.exceptions.JedisConnectionException: Could not get a resource from the pool
	at org.springframework.data.redis.core.DefaultValueOperationsTests.tearDown(DefaultValueOperationsTests.java:93)
Caused by: redis.clients.jedis.exceptions.JedisConnectionException: java.net.ConnectException: Connection refused (Connection refused)
	at org.springframework.data.redis.core.DefaultValueOperationsTests.tearDown(DefaultValueOperationsTests.java:93)
Caused by: java.net.ConnectException: Connection refused (Connection refused)
	at org.springframework.data.redis.core.DefaultValueOperationsTests.tearDown(DefaultValueOperationsTests.java:93)
</error>
  </testcase>
  <testcase name="testSize[8]" classname="org.springframework.data.redis.core.DefaultValueOperationsTests" time="0.001">
    <error message="Cannot get Jedis connection; nested exception is redis.clients.jedis.exceptions.JedisConnectionException: Could not get a resource from the pool" type="org.springframework.data.redis.RedisConnectionFailureException">org.springframework.data.redis.RedisConnectionFailureException: Cannot get Jedis connection; nested exception is redis.clients.jedis.exceptions.JedisConnectionException: Could not get a resource from the pool
	at org.springframework.data.redis.core.DefaultValueOperationsTests.testSize(DefaultValueOperationsTests.java:487)
Caused by: redis.clients.jedis.exceptions.JedisConnectionException: Could not get a resource from the pool
	at org.springframework.data.redis.core.DefaultValueOperationsTests.testSize(DefaultValueOperationsTests.java:487)
Caused by: redis.clients.jedis.exceptions.JedisConnectionException: java.net.ConnectException: Connection refused (Connection refused)
	at org.springframework.data.redis.core.DefaultValueOperationsTests.testSize(DefaultValueOperationsTests.java:487)
Caused by: java.net.ConnectException: Connection refused (Connection refused)
	at org.springframework.data.redis.core.DefaultValueOperationsTests.testSize(DefaultValueOperationsTests.java:487)
</error>
  </testcase>
  <testcase name="testSize[8]" classname="org.springframework.data.redis.core.DefaultValueOperationsTests" time="0.002">
    <error message="Cannot get Jedis connection; nested exception is redis.clients.jedis.exceptions.JedisConnectionException: Could not get a resource from the pool" type="org.springframework.data.redis.RedisConnectionFailureException">org.springframework.data.redis.RedisConnectionFailureException: Cannot get Jedis connection; nested exception is redis.clients.jedis.exceptions.JedisConnectionException: Could not get a resource from the pool
	at org.springframework.data.redis.core.DefaultValueOperationsTests.tearDown(DefaultValueOperationsTests.java:93)
Caused by: redis.clients.jedis.exceptions.JedisConnectionException: Could not get a resource from the pool
	at org.springframework.data.redis.core.DefaultValueOperationsTests.tearDown(DefaultValueOperationsTests.java:93)
Caused by: redis.clients.jedis.exceptions.JedisConnectionException: java.net.ConnectException: Connection refused (Connection refused)
	at org.springframework.data.redis.core.DefaultValueOperationsTests.tearDown(DefaultValueOperationsTests.java:93)
Caused by: java.net.ConnectException: Connection refused (Connection refused)
	at org.springframework.data.redis.core.DefaultValueOperationsTests.tearDown(DefaultValueOperationsTests.java:93)
</error>
  </testcase>
  <testcase name="testSetIfAbsentWithExpiration[8]" classname="org.springframework.data.redis.core.DefaultValueOperationsTests" time="0.001">
    <error message="Cannot get Jedis connection; nested exception is redis.clients.jedis.exceptions.JedisConnectionException: Could not get a resource from the pool" type="org.springframework.data.redis.RedisConnectionFailureException">org.springframework.data.redis.RedisConnectionFailureException: Cannot get Jedis connection; nested exception is redis.clients.jedis.exceptions.JedisConnectionException: Could not get a resource from the pool
	at org.springframework.data.redis.core.DefaultValueOperationsTests.testSetIfAbsentWithExpiration(DefaultValueOperationsTests.java:368)
Caused by: redis.clients.jedis.exceptions.JedisConnectionException: Could not get a resource from the pool
	at org.springframework.data.redis.core.DefaultValueOperationsTests.testSetIfAbsentWithExpiration(DefaultValueOperationsTests.java:368)
Caused by: redis.clients.jedis.exceptions.JedisConnectionException: java.net.ConnectException: Connection refused (Connection refused)
	at org.springframework.data.redis.core.DefaultValueOperationsTests.testSetIfAbsentWithExpiration(DefaultValueOperationsTests.java:368)
Caused by: java.net.ConnectException: Connection refused (Connection refused)
	at org.springframework.data.redis.core.DefaultValueOperationsTests.testSetIfAbsentWithExpiration(DefaultValueOperationsTests.java:368)
</error>
  </testcase>
  <testcase name="testSetIfAbsentWithExpiration[8]" classname="org.springframework.data.redis.core.DefaultValueOperationsTests" time="0.001">
    <error message="Cannot get Jedis connection; nested exception is redis.clients.jedis.exceptions.JedisConnectionException: Could not get a resource from the pool" type="org.springframework.data.redis.RedisConnectionFailureException">org.springframework.data.redis.RedisConnectionFailureException: Cannot get Jedis connection; nested exception is redis.clients.jedis.exceptions.JedisConnectionException: Could not get a resource from the pool
	at org.springframework.data.redis.core.DefaultValueOperationsTests.tearDown(DefaultValueOperationsTests.java:93)
Caused by: redis.clients.jedis.exceptions.JedisConnectionException: Could not get a resource from the pool
	at org.springframework.data.redis.core.DefaultValueOperationsTests.tearDown(DefaultValueOperationsTests.java:93)
Caused by: redis.clients.jedis.exceptions.JedisConnectionException: java.net.ConnectException: Connection refused (Connection refused)
	at org.springframework.data.redis.core.DefaultValueOperationsTests.tearDown(DefaultValueOperationsTests.java:93)
Caused by: java.net.ConnectException: Connection refused (Connection refused)
	at org.springframework.data.redis.core.DefaultValueOperationsTests.tearDown(DefaultValueOperationsTests.java:93)
</error>
  </testcase>
  <testcase name="testMultiSetIfAbsentFailure[8]" classname="org.springframework.data.redis.core.DefaultValueOperationsTests" time="0.001">
    <error message="Cannot get Jedis connection; nested exception is redis.clients.jedis.exceptions.JedisConnectionException: Could not get a resource from the pool" type="org.springframework.data.redis.RedisConnectionFailureException">org.springframework.data.redis.RedisConnectionFailureException: Cannot get Jedis connection; nested exception is redis.clients.jedis.exceptions.JedisConnectionException: Could not get a resource from the pool
	at org.springframework.data.redis.core.DefaultValueOperationsTests.testMultiSetIfAbsentFailure(DefaultValueOperationsTests.java:204)
Caused by: redis.clients.jedis.exceptions.JedisConnectionException: Could not get a resource from the pool
	at org.springframework.data.redis.core.DefaultValueOperationsTests.testMultiSetIfAbsentFailure(DefaultValueOperationsTests.java:204)
Caused by: redis.clients.jedis.exceptions.JedisConnectionException: java.net.ConnectException: Connection refused (Connection refused)
	at org.springframework.data.redis.core.DefaultValueOperationsTests.testMultiSetIfAbsentFailure(DefaultValueOperationsTests.java:204)
Caused by: java.net.ConnectException: Connection refused (Connection refused)
	at org.springframework.data.redis.core.DefaultValueOperationsTests.testMultiSetIfAbsentFailure(DefaultValueOperationsTests.java:204)
</error>
  </testcase>
  <testcase name="testMultiSetIfAbsentFailure[8]" classname="org.springframework.data.redis.core.DefaultValueOperationsTests" time="0.001">
    <error message="Cannot get Jedis connection; nested exception is redis.clients.jedis.exceptions.JedisConnectionException: Could not get a resource from the pool" type="org.springframework.data.redis.RedisConnectionFailureException">org.springframework.data.redis.RedisConnectionFailureException: Cannot get Jedis connection; nested exception is redis.clients.jedis.exceptions.JedisConnectionException: Could not get a resource from the pool
	at org.springframework.data.redis.core.DefaultValueOperationsTests.tearDown(DefaultValueOperationsTests.java:93)
Caused by: redis.clients.jedis.exceptions.JedisConnectionException: Could not get a resource from the pool
	at org.springframework.data.redis.core.DefaultValueOperationsTests.tearDown(DefaultValueOperationsTests.java:93)
Caused by: redis.clients.jedis.exceptions.JedisConnectionException: java.net.ConnectException: Connection refused (Connection refused)
	at org.springframework.data.redis.core.DefaultValueOperationsTests.tearDown(DefaultValueOperationsTests.java:93)
Caused by: java.net.ConnectException: Connection refused (Connection refused)
	at org.springframework.data.redis.core.DefaultValueOperationsTests.tearDown(DefaultValueOperationsTests.java:93)
</error>
  </testcase>
  <testcase name="testIncrement[8]" classname="org.springframework.data.redis.core.DefaultValueOperationsTests" time="0.001">
    <error message="got: &lt;false&gt;, expected: is &lt;true&gt;" type="org.junit.AssumptionViolatedException"><![CDATA[org.junit.AssumptionViolatedException: got: <false>, expected: is <true>
	at org.springframework.data.redis.core.DefaultValueOperationsTests.testIncrement(DefaultValueOperationsTests.java:105)
]]></error>
  </testcase>
  <testcase name="testIncrement[8]" classname="org.springframework.data.redis.core.DefaultValueOperationsTests" time="0.001">
    <error message="Cannot get Jedis connection; nested exception is redis.clients.jedis.exceptions.JedisConnectionException: Could not get a resource from the pool" type="org.springframework.data.redis.RedisConnectionFailureException">org.springframework.data.redis.RedisConnectionFailureException: Cannot get Jedis connection; nested exception is redis.clients.jedis.exceptions.JedisConnectionException: Could not get a resource from the pool
	at org.springframework.data.redis.core.DefaultValueOperationsTests.tearDown(DefaultValueOperationsTests.java:93)
Caused by: redis.clients.jedis.exceptions.JedisConnectionException: Could not get a resource from the pool
	at org.springframework.data.redis.core.DefaultValueOperationsTests.tearDown(DefaultValueOperationsTests.java:93)
Caused by: redis.clients.jedis.exceptions.JedisConnectionException: java.net.ConnectException: Connection refused (Connection refused)
	at org.springframework.data.redis.core.DefaultValueOperationsTests.tearDown(DefaultValueOperationsTests.java:93)
Caused by: java.net.ConnectException: Connection refused (Connection refused)
	at org.springframework.data.redis.core.DefaultValueOperationsTests.tearDown(DefaultValueOperationsTests.java:93)
</error>
  </testcase>
  <testcase name="testIncrementDouble[8]" classname="org.springframework.data.redis.core.DefaultValueOperationsTests" time="0.001">
    <error message="Could not initialize class org.springframework.data.redis.RedisTestProfileValueSource" type="java.lang.NoClassDefFoundError">java.lang.NoClassDefFoundError: Could not initialize class org.springframework.data.redis.RedisTestProfileValueSource
	at org.springframework.data.redis.core.DefaultValueOperationsTests.testIncrementDouble(DefaultValueOperationsTests.java:133)
</error>
  </testcase>
  <testcase name="testIncrementDouble[8]" classname="org.springframework.data.redis.core.DefaultValueOperationsTests" time="0.002">
    <error message="Cannot get Jedis connection; nested exception is redis.clients.jedis.exceptions.JedisConnectionException: Could not get a resource from the pool" type="org.springframework.data.redis.RedisConnectionFailureException">org.springframework.data.redis.RedisConnectionFailureException: Cannot get Jedis connection; nested exception is redis.clients.jedis.exceptions.JedisConnectionException: Could not get a resource from the pool
	at org.springframework.data.redis.core.DefaultValueOperationsTests.tearDown(DefaultValueOperationsTests.java:93)
Caused by: redis.clients.jedis.exceptions.JedisConnectionException: Could not get a resource from the pool
	at org.springframework.data.redis.core.DefaultValueOperationsTests.tearDown(DefaultValueOperationsTests.java:93)
Caused by: redis.clients.jedis.exceptions.JedisConnectionException: java.net.ConnectException: Connection refused (Connection refused)
	at org.springframework.data.redis.core.DefaultValueOperationsTests.tearDown(DefaultValueOperationsTests.java:93)
Caused by: java.net.ConnectException: Connection refused (Connection refused)
	at org.springframework.data.redis.core.DefaultValueOperationsTests.tearDown(DefaultValueOperationsTests.java:93)
</error>
  </testcase>
  <testcase name="testSetWithExpirationWithTimeUnitMilliseconds[8]" classname="org.springframework.data.redis.core.DefaultValueOperationsTests" time="0">
    <error message="Could not initialize class org.springframework.data.redis.RedisTestProfileValueSource" type="java.lang.NoClassDefFoundError">java.lang.NoClassDefFoundError: Could not initialize class org.springframework.data.redis.RedisTestProfileValueSource
	at org.springframework.data.redis.core.DefaultValueOperationsTests.testSetWithExpirationWithTimeUnitMilliseconds(DefaultValueOperationsTests.java:298)
</error>
  </testcase>
  <testcase name="testSetWithExpirationWithTimeUnitMilliseconds[8]" classname="org.springframework.data.redis.core.DefaultValueOperationsTests" time="0">
    <error message="Cannot get Jedis connection; nested exception is redis.clients.jedis.exceptions.JedisConnectionException: Could not get a resource from the pool" type="org.springframework.data.redis.RedisConnectionFailureException">org.springframework.data.redis.RedisConnectionFailureException: Cannot get Jedis connection; nested exception is redis.clients.jedis.exceptions.JedisConnectionException: Could not get a resource from the pool
	at org.springframework.data.redis.core.DefaultValueOperationsTests.tearDown(DefaultValueOperationsTests.java:93)
Caused by: redis.clients.jedis.exceptions.JedisConnectionException: Could not get a resource from the pool
	at org.springframework.data.redis.core.DefaultValueOperationsTests.tearDown(DefaultValueOperationsTests.java:93)
Caused by: redis.clients.jedis.exceptions.JedisConnectionException: java.net.ConnectException: Connection refused (Connection refused)
	at org.springframework.data.redis.core.DefaultValueOperationsTests.tearDown(DefaultValueOperationsTests.java:93)
Caused by: java.net.ConnectException: Connection refused (Connection refused)
	at org.springframework.data.redis.core.DefaultValueOperationsTests.tearDown(DefaultValueOperationsTests.java:93)
</error>
  </testcase>
  <testcase name="testRawKeys[8]" classname="org.springframework.data.redis.core.DefaultValueOperationsTests" time="0.001">
    <error message="Cannot get Jedis connection; nested exception is redis.clients.jedis.exceptions.JedisConnectionException: Could not get a resource from the pool" type="org.springframework.data.redis.RedisConnectionFailureException">org.springframework.data.redis.RedisConnectionFailureException: Cannot get Jedis connection; nested exception is redis.clients.jedis.exceptions.JedisConnectionException: Could not get a resource from the pool
	at org.springframework.data.redis.core.DefaultValueOperationsTests.tearDown(DefaultValueOperationsTests.java:93)
Caused by: redis.clients.jedis.exceptions.JedisConnectionException: Could not get a resource from the pool
	at org.springframework.data.redis.core.DefaultValueOperationsTests.tearDown(DefaultValueOperationsTests.java:93)
Caused by: redis.clients.jedis.exceptions.JedisConnectionException: java.net.ConnectException: Connection refused (Connection refused)
	at org.springframework.data.redis.core.DefaultValueOperationsTests.tearDown(DefaultValueOperationsTests.java:93)
Caused by: java.net.ConnectException: Connection refused (Connection refused)
	at org.springframework.data.redis.core.DefaultValueOperationsTests.tearDown(DefaultValueOperationsTests.java:93)
</error>
  </testcase>
  <testcase name="testDecrementByLong[8]" classname="org.springframework.data.redis.core.DefaultValueOperationsTests" time="0.001">
    <error message="got: &lt;false&gt;, expected: is &lt;true&gt;" type="org.junit.AssumptionViolatedException"><![CDATA[org.junit.AssumptionViolatedException: got: <false>, expected: is <true>
	at org.springframework.data.redis.core.DefaultValueOperationsTests.testDecrementByLong(DefaultValueOperationsTests.java:171)
]]></error>
  </testcase>
  <testcase name="testDecrementByLong[8]" classname="org.springframework.data.redis.core.DefaultValueOperationsTests" time="0.001">
    <error message="Cannot get Jedis connection; nested exception is redis.clients.jedis.exceptions.JedisConnectionException: Could not get a resource from the pool" type="org.springframework.data.redis.RedisConnectionFailureException">org.springframework.data.redis.RedisConnectionFailureException: Cannot get Jedis connection; nested exception is redis.clients.jedis.exceptions.JedisConnectionException: Could not get a resource from the pool
	at org.springframework.data.redis.core.DefaultValueOperationsTests.tearDown(DefaultValueOperationsTests.java:93)
Caused by: redis.clients.jedis.exceptions.JedisConnectionException: Could not get a resource from the pool
	at org.springframework.data.redis.core.DefaultValueOperationsTests.tearDown(DefaultValueOperationsTests.java:93)
Caused by: redis.clients.jedis.exceptions.JedisConnectionException: java.net.ConnectException: Connection refused (Connection refused)
	at org.springframework.data.redis.core.DefaultValueOperationsTests.tearDown(DefaultValueOperationsTests.java:93)
Caused by: java.net.ConnectException: Connection refused (Connection refused)
	at org.springframework.data.redis.core.DefaultValueOperationsTests.tearDown(DefaultValueOperationsTests.java:93)
</error>
  </testcase>
  <testcase name="testGetAndSet[8]" classname="org.springframework.data.redis.core.DefaultValueOperationsTests" time="0.001">
    <error message="Cannot get Jedis connection; nested exception is redis.clients.jedis.exceptions.JedisConnectionException: Could not get a resource from the pool" type="org.springframework.data.redis.RedisConnectionFailureException">org.springframework.data.redis.RedisConnectionFailureException: Cannot get Jedis connection; nested exception is redis.clients.jedis.exceptions.JedisConnectionException: Could not get a resource from the pool
	at org.springframework.data.redis.core.DefaultValueOperationsTests.testGetAndSet(DefaultValueOperationsTests.java:248)
Caused by: redis.clients.jedis.exceptions.JedisConnectionException: Could not get a resource from the pool
	at org.springframework.data.redis.core.DefaultValueOperationsTests.testGetAndSet(DefaultValueOperationsTests.java:248)
Caused by: redis.clients.jedis.exceptions.JedisConnectionException: java.net.ConnectException: Connection refused (Connection refused)
	at org.springframework.data.redis.core.DefaultValueOperationsTests.testGetAndSet(DefaultValueOperationsTests.java:248)
Caused by: java.net.ConnectException: Connection refused (Connection refused)
	at org.springframework.data.redis.core.DefaultValueOperationsTests.testGetAndSet(DefaultValueOperationsTests.java:248)
</error>
  </testcase>
  <testcase name="testGetAndSet[8]" classname="org.springframework.data.redis.core.DefaultValueOperationsTests" time="0.001">
    <error message="Cannot get Jedis connection; nested exception is redis.clients.jedis.exceptions.JedisConnectionException: Could not get a resource from the pool" type="org.springframework.data.redis.RedisConnectionFailureException">org.springframework.data.redis.RedisConnectionFailureException: Cannot get Jedis connection; nested exception is redis.clients.jedis.exceptions.JedisConnectionException: Could not get a resource from the pool
	at org.springframework.data.redis.core.DefaultValueOperationsTests.tearDown(DefaultValueOperationsTests.java:93)
Caused by: redis.clients.jedis.exceptions.JedisConnectionException: Could not get a resource from the pool
	at org.springframework.data.redis.core.DefaultValueOperationsTests.tearDown(DefaultValueOperationsTests.java:93)
Caused by: redis.clients.jedis.exceptions.JedisConnectionException: java.net.ConnectException: Connection refused (Connection refused)
	at org.springframework.data.redis.core.DefaultValueOperationsTests.tearDown(DefaultValueOperationsTests.java:93)
Caused by: java.net.ConnectException: Connection refused (Connection refused)
	at org.springframework.data.redis.core.DefaultValueOperationsTests.tearDown(DefaultValueOperationsTests.java:93)
</error>
  </testcase>
  <testcase name="testDeserializeKey[8]" classname="org.springframework.data.redis.core.DefaultValueOperationsTests" time="0.001">
    <error message="got: &lt;false&gt;, expected: is &lt;true&gt;" type="org.junit.AssumptionViolatedException"><![CDATA[org.junit.AssumptionViolatedException: got: <false>, expected: is <true>
	at org.springframework.data.redis.core.DefaultValueOperationsTests.testDeserializeKey(DefaultValueOperationsTests.java:522)
]]></error>
  </testcase>
  <testcase name="testDeserializeKey[8]" classname="org.springframework.data.redis.core.DefaultValueOperationsTests" time="0.001">
    <error message="Cannot get Jedis connection; nested exception is redis.clients.jedis.exceptions.JedisConnectionException: Could not get a resource from the pool" type="org.springframework.data.redis.RedisConnectionFailureException">org.springframework.data.redis.RedisConnectionFailureException: Cannot get Jedis connection; nested exception is redis.clients.jedis.exceptions.JedisConnectionException: Could not get a resource from the pool
	at org.springframework.data.redis.core.DefaultValueOperationsTests.tearDown(DefaultValueOperationsTests.java:93)
Caused by: redis.clients.jedis.exceptions.JedisConnectionException: Could not get a resource from the pool
	at org.springframework.data.redis.core.DefaultValueOperationsTests.tearDown(DefaultValueOperationsTests.java:93)
Caused by: redis.clients.jedis.exceptions.JedisConnectionException: java.net.ConnectException: Connection refused (Connection refused)
	at org.springframework.data.redis.core.DefaultValueOperationsTests.tearDown(DefaultValueOperationsTests.java:93)
Caused by: java.net.ConnectException: Connection refused (Connection refused)
	at org.springframework.data.redis.core.DefaultValueOperationsTests.tearDown(DefaultValueOperationsTests.java:93)
</error>
  </testcase>
  <testcase name="setIfPresentShouldSetExpirationCorrectly[8]" classname="org.springframework.data.redis.core.DefaultValueOperationsTests" time="0.002">
    <error message="Cannot get Jedis connection; nested exception is redis.clients.jedis.exceptions.JedisConnectionException: Could not get a resource from the pool" type="org.springframework.data.redis.RedisConnectionFailureException">org.springframework.data.redis.RedisConnectionFailureException: Cannot get Jedis connection; nested exception is redis.clients.jedis.exceptions.JedisConnectionException: Could not get a resource from the pool
	at org.springframework.data.redis.core.DefaultValueOperationsTests.setIfPresentShouldSetExpirationCorrectly(DefaultValueOperationsTests.java:434)
Caused by: redis.clients.jedis.exceptions.JedisConnectionException: Could not get a resource from the pool
	at org.springframework.data.redis.core.DefaultValueOperationsTests.setIfPresentShouldSetExpirationCorrectly(DefaultValueOperationsTests.java:434)
Caused by: redis.clients.jedis.exceptions.JedisConnectionException: java.net.ConnectException: Connection refused (Connection refused)
	at org.springframework.data.redis.core.DefaultValueOperationsTests.setIfPresentShouldSetExpirationCorrectly(DefaultValueOperationsTests.java:434)
Caused by: java.net.ConnectException: Connection refused (Connection refused)
	at org.springframework.data.redis.core.DefaultValueOperationsTests.setIfPresentShouldSetExpirationCorrectly(DefaultValueOperationsTests.java:434)
</error>
  </testcase>
  <testcase name="setIfPresentShouldSetExpirationCorrectly[8]" classname="org.springframework.data.redis.core.DefaultValueOperationsTests" time="0.002">
    <error message="Cannot get Jedis connection; nested exception is redis.clients.jedis.exceptions.JedisConnectionException: Could not get a resource from the pool" type="org.springframework.data.redis.RedisConnectionFailureException">org.springframework.data.redis.RedisConnectionFailureException: Cannot get Jedis connection; nested exception is redis.clients.jedis.exceptions.JedisConnectionException: Could not get a resource from the pool
	at org.springframework.data.redis.core.DefaultValueOperationsTests.tearDown(DefaultValueOperationsTests.java:93)
Caused by: redis.clients.jedis.exceptions.JedisConnectionException: Could not get a resource from the pool
	at org.springframework.data.redis.core.DefaultValueOperationsTests.tearDown(DefaultValueOperationsTests.java:93)
Caused by: redis.clients.jedis.exceptions.JedisConnectionException: java.net.ConnectException: Connection refused (Connection refused)
	at org.springframework.data.redis.core.DefaultValueOperationsTests.tearDown(DefaultValueOperationsTests.java:93)
Caused by: java.net.ConnectException: Connection refused (Connection refused)
	at org.springframework.data.redis.core.DefaultValueOperationsTests.tearDown(DefaultValueOperationsTests.java:93)
</error>
  </testcase>
  <testcase name="testSetWithExpiration[8]" classname="org.springframework.data.redis.core.DefaultValueOperationsTests" time="0.001">
    <error message="Cannot get Jedis connection; nested exception is redis.clients.jedis.exceptions.JedisConnectionException: Could not get a resource from the pool" type="org.springframework.data.redis.RedisConnectionFailureException">org.springframework.data.redis.RedisConnectionFailureException: Cannot get Jedis connection; nested exception is redis.clients.jedis.exceptions.JedisConnectionException: Could not get a resource from the pool
	at org.springframework.data.redis.core.DefaultValueOperationsTests.testSetWithExpiration(DefaultValueOperationsTests.java:259)
Caused by: redis.clients.jedis.exceptions.JedisConnectionException: Could not get a resource from the pool
	at org.springframework.data.redis.core.DefaultValueOperationsTests.testSetWithExpiration(DefaultValueOperationsTests.java:259)
Caused by: redis.clients.jedis.exceptions.JedisConnectionException: java.net.ConnectException: Connection refused (Connection refused)
	at org.springframework.data.redis.core.DefaultValueOperationsTests.testSetWithExpiration(DefaultValueOperationsTests.java:259)
Caused by: java.net.ConnectException: Connection refused (Connection refused)
	at org.springframework.data.redis.core.DefaultValueOperationsTests.testSetWithExpiration(DefaultValueOperationsTests.java:259)
</error>
  </testcase>
  <testcase name="testSetWithExpiration[8]" classname="org.springframework.data.redis.core.DefaultValueOperationsTests" time="0.001">
    <error message="Cannot get Jedis connection; nested exception is redis.clients.jedis.exceptions.JedisConnectionException: Could not get a resource from the pool" type="org.springframework.data.redis.RedisConnectionFailureException">org.springframework.data.redis.RedisConnectionFailureException: Cannot get Jedis connection; nested exception is redis.clients.jedis.exceptions.JedisConnectionException: Could not get a resource from the pool
	at org.springframework.data.redis.core.DefaultValueOperationsTests.tearDown(DefaultValueOperationsTests.java:93)
Caused by: redis.clients.jedis.exceptions.JedisConnectionException: Could not get a resource from the pool
	at org.springframework.data.redis.core.DefaultValueOperationsTests.tearDown(DefaultValueOperationsTests.java:93)
Caused by: redis.clients.jedis.exceptions.JedisConnectionException: java.net.ConnectException: Connection refused (Connection refused)
	at org.springframework.data.redis.core.DefaultValueOperationsTests.tearDown(DefaultValueOperationsTests.java:93)
Caused by: java.net.ConnectException: Connection refused (Connection refused)
	at org.springframework.data.redis.core.DefaultValueOperationsTests.tearDown(DefaultValueOperationsTests.java:93)
</error>
  </testcase>
  <testcase name="testAppend[8]" classname="org.springframework.data.redis.core.DefaultValueOperationsTests" time="0.001">
    <error message="got: &lt;false&gt;, expected: is &lt;true&gt;" type="org.junit.AssumptionViolatedException"><![CDATA[org.junit.AssumptionViolatedException: got: <false>, expected: is <true>
	at org.springframework.data.redis.core.DefaultValueOperationsTests.testAppend(DefaultValueOperationsTests.java:314)
]]></error>
  </testcase>
  <testcase name="testAppend[8]" classname="org.springframework.data.redis.core.DefaultValueOperationsTests" time="0.001">
    <error message="Cannot get Jedis connection; nested exception is redis.clients.jedis.exceptions.JedisConnectionException: Could not get a resource from the pool" type="org.springframework.data.redis.RedisConnectionFailureException">org.springframework.data.redis.RedisConnectionFailureException: Cannot get Jedis connection; nested exception is redis.clients.jedis.exceptions.JedisConnectionException: Could not get a resource from the pool
	at org.springframework.data.redis.core.DefaultValueOperationsTests.tearDown(DefaultValueOperationsTests.java:93)
Caused by: redis.clients.jedis.exceptions.JedisConnectionException: Could not get a resource from the pool
	at org.springframework.data.redis.core.DefaultValueOperationsTests.tearDown(DefaultValueOperationsTests.java:93)
Caused by: redis.clients.jedis.exceptions.JedisConnectionException: java.net.ConnectException: Connection refused (Connection refused)
	at org.springframework.data.redis.core.DefaultValueOperationsTests.tearDown(DefaultValueOperationsTests.java:93)
Caused by: java.net.ConnectException: Connection refused (Connection refused)
	at org.springframework.data.redis.core.DefaultValueOperationsTests.tearDown(DefaultValueOperationsTests.java:93)
</error>
  </testcase>
  <testcase name="testSetIfPresentWithExpirationEX[8]" classname="org.springframework.data.redis.core.DefaultValueOperationsTests" time="0.001">
    <error message="Cannot get Jedis connection; nested exception is redis.clients.jedis.exceptions.JedisConnectionException: Could not get a resource from the pool" type="org.springframework.data.redis.RedisConnectionFailureException">org.springframework.data.redis.RedisConnectionFailureException: Cannot get Jedis connection; nested exception is redis.clients.jedis.exceptions.JedisConnectionException: Could not get a resource from the pool
	at org.springframework.data.redis.core.DefaultValueOperationsTests.testSetIfPresentWithExpirationEX(DefaultValueOperationsTests.java:452)
Caused by: redis.clients.jedis.exceptions.JedisConnectionException: Could not get a resource from the pool
	at org.springframework.data.redis.core.DefaultValueOperationsTests.testSetIfPresentWithExpirationEX(DefaultValueOperationsTests.java:452)
Caused by: redis.clients.jedis.exceptions.JedisConnectionException: java.net.ConnectException: Connection refused (Connection refused)
	at org.springframework.data.redis.core.DefaultValueOperationsTests.testSetIfPresentWithExpirationEX(DefaultValueOperationsTests.java:452)
Caused by: java.net.ConnectException: Connection refused (Connection refused)
	at org.springframework.data.redis.core.DefaultValueOperationsTests.testSetIfPresentWithExpirationEX(DefaultValueOperationsTests.java:452)
</error>
  </testcase>
  <testcase name="testSetIfPresentWithExpirationEX[8]" classname="org.springframework.data.redis.core.DefaultValueOperationsTests" time="0.001">
    <error message="Cannot get Jedis connection; nested exception is redis.clients.jedis.exceptions.JedisConnectionException: Could not get a resource from the pool" type="org.springframework.data.redis.RedisConnectionFailureException">org.springframework.data.redis.RedisConnectionFailureException: Cannot get Jedis connection; nested exception is redis.clients.jedis.exceptions.JedisConnectionException: Could not get a resource from the pool
	at org.springframework.data.redis.core.DefaultValueOperationsTests.tearDown(DefaultValueOperationsTests.java:93)
Caused by: redis.clients.jedis.exceptions.JedisConnectionException: Could not get a resource from the pool
	at org.springframework.data.redis.core.DefaultValueOperationsTests.tearDown(DefaultValueOperationsTests.java:93)
Caused by: redis.clients.jedis.exceptions.JedisConnectionException: java.net.ConnectException: Connection refused (Connection refused)
	at org.springframework.data.redis.core.DefaultValueOperationsTests.tearDown(DefaultValueOperationsTests.java:93)
Caused by: java.net.ConnectException: Connection refused (Connection refused)
	at org.springframework.data.redis.core.DefaultValueOperationsTests.tearDown(DefaultValueOperationsTests.java:93)
</error>
  </testcase>
  <testcase name="testSetIfPresentWithExpirationPX[8]" classname="org.springframework.data.redis.core.DefaultValueOperationsTests" time="0.001">
    <error message="Cannot get Jedis connection; nested exception is redis.clients.jedis.exceptions.JedisConnectionException: Could not get a resource from the pool" type="org.springframework.data.redis.RedisConnectionFailureException">org.springframework.data.redis.RedisConnectionFailureException: Cannot get Jedis connection; nested exception is redis.clients.jedis.exceptions.JedisConnectionException: Could not get a resource from the pool
	at org.springframework.data.redis.core.DefaultValueOperationsTests.testSetIfPresentWithExpirationPX(DefaultValueOperationsTests.java:470)
Caused by: redis.clients.jedis.exceptions.JedisConnectionException: Could not get a resource from the pool
	at org.springframework.data.redis.core.DefaultValueOperationsTests.testSetIfPresentWithExpirationPX(DefaultValueOperationsTests.java:470)
Caused by: redis.clients.jedis.exceptions.JedisConnectionException: java.net.ConnectException: Connection refused (Connection refused)
	at org.springframework.data.redis.core.DefaultValueOperationsTests.testSetIfPresentWithExpirationPX(DefaultValueOperationsTests.java:470)
Caused by: java.net.ConnectException: Connection refused (Connection refused)
	at org.springframework.data.redis.core.DefaultValueOperationsTests.testSetIfPresentWithExpirationPX(DefaultValueOperationsTests.java:470)
</error>
  </testcase>
  <testcase name="testSetIfPresentWithExpirationPX[8]" classname="org.springframework.data.redis.core.DefaultValueOperationsTests" time="0.001">
    <error message="Cannot get Jedis connection; nested exception is redis.clients.jedis.exceptions.JedisConnectionException: Could not get a resource from the pool" type="org.springframework.data.redis.RedisConnectionFailureException">org.springframework.data.redis.RedisConnectionFailureException: Cannot get Jedis connection; nested exception is redis.clients.jedis.exceptions.JedisConnectionException: Could not get a resource from the pool
	at org.springframework.data.redis.core.DefaultValueOperationsTests.tearDown(DefaultValueOperationsTests.java:93)
Caused by: redis.clients.jedis.exceptions.JedisConnectionException: Could not get a resource from the pool
	at org.springframework.data.redis.core.DefaultValueOperationsTests.tearDown(DefaultValueOperationsTests.java:93)
Caused by: redis.clients.jedis.exceptions.JedisConnectionException: java.net.ConnectException: Connection refused (Connection refused)
	at org.springframework.data.redis.core.DefaultValueOperationsTests.tearDown(DefaultValueOperationsTests.java:93)
Caused by: java.net.ConnectException: Connection refused (Connection refused)
	at org.springframework.data.redis.core.DefaultValueOperationsTests.tearDown(DefaultValueOperationsTests.java:93)
</error>
  </testcase>
  <testcase name="testIncrementLong[8]" classname="org.springframework.data.redis.core.DefaultValueOperationsTests" time="0.001">
    <error message="got: &lt;false&gt;, expected: is &lt;true&gt;" type="org.junit.AssumptionViolatedException"><![CDATA[org.junit.AssumptionViolatedException: got: <false>, expected: is <true>
	at org.springframework.data.redis.core.DefaultValueOperationsTests.testIncrementLong(DefaultValueOperationsTests.java:119)
]]></error>
  </testcase>
  <testcase name="testIncrementLong[8]" classname="org.springframework.data.redis.core.DefaultValueOperationsTests" time="0.001">
    <error message="Cannot get Jedis connection; nested exception is redis.clients.jedis.exceptions.JedisConnectionException: Could not get a resource from the pool" type="org.springframework.data.redis.RedisConnectionFailureException">org.springframework.data.redis.RedisConnectionFailureException: Cannot get Jedis connection; nested exception is redis.clients.jedis.exceptions.JedisConnectionException: Could not get a resource from the pool
	at org.springframework.data.redis.core.DefaultValueOperationsTests.tearDown(DefaultValueOperationsTests.java:93)
Caused by: redis.clients.jedis.exceptions.JedisConnectionException: Could not get a resource from the pool
	at org.springframework.data.redis.core.DefaultValueOperationsTests.tearDown(DefaultValueOperationsTests.java:93)
Caused by: redis.clients.jedis.exceptions.JedisConnectionException: java.net.ConnectException: Connection refused (Connection refused)
	at org.springframework.data.redis.core.DefaultValueOperationsTests.tearDown(DefaultValueOperationsTests.java:93)
Caused by: java.net.ConnectException: Connection refused (Connection refused)
	at org.springframework.data.redis.core.DefaultValueOperationsTests.tearDown(DefaultValueOperationsTests.java:93)
</error>
  </testcase>
  <testcase name="testDecrement[8]" classname="org.springframework.data.redis.core.DefaultValueOperationsTests" time="0.001">
    <error message="got: &lt;false&gt;, expected: is &lt;true&gt;" type="org.junit.AssumptionViolatedException"><![CDATA[org.junit.AssumptionViolatedException: got: <false>, expected: is <true>
	at org.springframework.data.redis.core.DefaultValueOperationsTests.testDecrement(DefaultValueOperationsTests.java:157)
]]></error>
  </testcase>
  <testcase name="testDecrement[8]" classname="org.springframework.data.redis.core.DefaultValueOperationsTests" time="0.001">
    <error message="Cannot get Jedis connection; nested exception is redis.clients.jedis.exceptions.JedisConnectionException: Could not get a resource from the pool" type="org.springframework.data.redis.RedisConnectionFailureException">org.springframework.data.redis.RedisConnectionFailureException: Cannot get Jedis connection; nested exception is redis.clients.jedis.exceptions.JedisConnectionException: Could not get a resource from the pool
	at org.springframework.data.redis.core.DefaultValueOperationsTests.tearDown(DefaultValueOperationsTests.java:93)
Caused by: redis.clients.jedis.exceptions.JedisConnectionException: Could not get a resource from the pool
	at org.springframework.data.redis.core.DefaultValueOperationsTests.tearDown(DefaultValueOperationsTests.java:93)
Caused by: redis.clients.jedis.exceptions.JedisConnectionException: java.net.ConnectException: Connection refused (Connection refused)
	at org.springframework.data.redis.core.DefaultValueOperationsTests.tearDown(DefaultValueOperationsTests.java:93)
Caused by: java.net.ConnectException: Connection refused (Connection refused)
	at org.springframework.data.redis.core.DefaultValueOperationsTests.tearDown(DefaultValueOperationsTests.java:93)
</error>
  </testcase>
  <testcase name="testMultiSet[8]" classname="org.springframework.data.redis.core.DefaultValueOperationsTests" time="0.002">
    <error message="Cannot get Jedis connection; nested exception is redis.clients.jedis.exceptions.JedisConnectionException: Could not get a resource from the pool" type="org.springframework.data.redis.RedisConnectionFailureException">org.springframework.data.redis.RedisConnectionFailureException: Cannot get Jedis connection; nested exception is redis.clients.jedis.exceptions.JedisConnectionException: Could not get a resource from the pool
	at org.springframework.data.redis.core.DefaultValueOperationsTests.testMultiSet(DefaultValueOperationsTests.java:225)
Caused by: redis.clients.jedis.exceptions.JedisConnectionException: Could not get a resource from the pool
	at org.springframework.data.redis.core.DefaultValueOperationsTests.testMultiSet(DefaultValueOperationsTests.java:225)
Caused by: redis.clients.jedis.exceptions.JedisConnectionException: java.net.ConnectException: Connection refused (Connection refused)
	at org.springframework.data.redis.core.DefaultValueOperationsTests.testMultiSet(DefaultValueOperationsTests.java:225)
Caused by: java.net.ConnectException: Connection refused (Connection refused)
	at org.springframework.data.redis.core.DefaultValueOperationsTests.testMultiSet(DefaultValueOperationsTests.java:225)
</error>
  </testcase>
  <testcase name="testMultiSet[8]" classname="org.springframework.data.redis.core.DefaultValueOperationsTests" time="0.003">
    <error message="Cannot get Jedis connection; nested exception is redis.clients.jedis.exceptions.JedisConnectionException: Could not get a resource from the pool" type="org.springframework.data.redis.RedisConnectionFailureException">org.springframework.data.redis.RedisConnectionFailureException: Cannot get Jedis connection; nested exception is redis.clients.jedis.exceptions.JedisConnectionException: Could not get a resource from the pool
	at org.springframework.data.redis.core.DefaultValueOperationsTests.tearDown(DefaultValueOperationsTests.java:93)
Caused by: redis.clients.jedis.exceptions.JedisConnectionException: Could not get a resource from the pool
	at org.springframework.data.redis.core.DefaultValueOperationsTests.tearDown(DefaultValueOperationsTests.java:93)
Caused by: redis.clients.jedis.exceptions.JedisConnectionException: java.net.ConnectException: Connection refused (Connection refused)
	at org.springframework.data.redis.core.DefaultValueOperationsTests.tearDown(DefaultValueOperationsTests.java:93)
Caused by: java.net.ConnectException: Connection refused (Connection refused)
	at org.springframework.data.redis.core.DefaultValueOperationsTests.tearDown(DefaultValueOperationsTests.java:93)
</error>
  </testcase>
  <testcase name="testGetSet[8]" classname="org.springframework.data.redis.core.DefaultValueOperationsTests" time="0.001">
    <error message="Cannot get Jedis connection; nested exception is redis.clients.jedis.exceptions.JedisConnectionException: Could not get a resource from the pool" type="org.springframework.data.redis.RedisConnectionFailureException">org.springframework.data.redis.RedisConnectionFailureException: Cannot get Jedis connection; nested exception is redis.clients.jedis.exceptions.JedisConnectionException: Could not get a resource from the pool
	at org.springframework.data.redis.core.DefaultValueOperationsTests.testGetSet(DefaultValueOperationsTests.java:236)
Caused by: redis.clients.jedis.exceptions.JedisConnectionException: Could not get a resource from the pool
	at org.springframework.data.redis.core.DefaultValueOperationsTests.testGetSet(DefaultValueOperationsTests.java:236)
Caused by: redis.clients.jedis.exceptions.JedisConnectionException: java.net.ConnectException: Connection refused (Connection refused)
	at org.springframework.data.redis.core.DefaultValueOperationsTests.testGetSet(DefaultValueOperationsTests.java:236)
Caused by: java.net.ConnectException: Connection refused (Connection refused)
	at org.springframework.data.redis.core.DefaultValueOperationsTests.testGetSet(DefaultValueOperationsTests.java:236)
</error>
  </testcase>
  <testcase name="testGetSet[8]" classname="org.springframework.data.redis.core.DefaultValueOperationsTests" time="0.001">
    <error message="Cannot get Jedis connection; nested exception is redis.clients.jedis.exceptions.JedisConnectionException: Could not get a resource from the pool" type="org.springframework.data.redis.RedisConnectionFailureException">org.springframework.data.redis.RedisConnectionFailureException: Cannot get Jedis connection; nested exception is redis.clients.jedis.exceptions.JedisConnectionException: Could not get a resource from the pool
	at org.springframework.data.redis.core.DefaultValueOperationsTests.tearDown(DefaultValueOperationsTests.java:93)
Caused by: redis.clients.jedis.exceptions.JedisConnectionException: Could not get a resource from the pool
	at org.springframework.data.redis.core.DefaultValueOperationsTests.tearDown(DefaultValueOperationsTests.java:93)
Caused by: redis.clients.jedis.exceptions.JedisConnectionException: java.net.ConnectException: Connection refused (Connection refused)
	at org.springframework.data.redis.core.DefaultValueOperationsTests.tearDown(DefaultValueOperationsTests.java:93)
Caused by: java.net.ConnectException: Connection refused (Connection refused)
	at org.springframework.data.redis.core.DefaultValueOperationsTests.tearDown(DefaultValueOperationsTests.java:93)
</error>
  </testcase>
  <testcase name="testMultiSetIfAbsent[8]" classname="org.springframework.data.redis.core.DefaultValueOperationsTests" time="0.002">
    <error message="Cannot get Jedis connection; nested exception is redis.clients.jedis.exceptions.JedisConnectionException: Could not get a resource from the pool" type="org.springframework.data.redis.RedisConnectionFailureException">org.springframework.data.redis.RedisConnectionFailureException: Cannot get Jedis connection; nested exception is redis.clients.jedis.exceptions.JedisConnectionException: Could not get a resource from the pool
	at org.springframework.data.redis.core.DefaultValueOperationsTests.testMultiSetIfAbsent(DefaultValueOperationsTests.java:191)
Caused by: redis.clients.jedis.exceptions.JedisConnectionException: Could not get a resource from the pool
	at org.springframework.data.redis.core.DefaultValueOperationsTests.testMultiSetIfAbsent(DefaultValueOperationsTests.java:191)
Caused by: redis.clients.jedis.exceptions.JedisConnectionException: java.net.ConnectException: Connection refused (Connection refused)
	at org.springframework.data.redis.core.DefaultValueOperationsTests.testMultiSetIfAbsent(DefaultValueOperationsTests.java:191)
Caused by: java.net.ConnectException: Connection refused (Connection refused)
	at org.springframework.data.redis.core.DefaultValueOperationsTests.testMultiSetIfAbsent(DefaultValueOperationsTests.java:191)
</error>
  </testcase>
  <testcase name="testMultiSetIfAbsent[8]" classname="org.springframework.data.redis.core.DefaultValueOperationsTests" time="0.002">
    <error message="Cannot get Jedis connection; nested exception is redis.clients.jedis.exceptions.JedisConnectionException: Could not get a resource from the pool" type="org.springframework.data.redis.RedisConnectionFailureException">org.springframework.data.redis.RedisConnectionFailureException: Cannot get Jedis connection; nested exception is redis.clients.jedis.exceptions.JedisConnectionException: Could not get a resource from the pool
	at org.springframework.data.redis.core.DefaultValueOperationsTests.tearDown(DefaultValueOperationsTests.java:93)
Caused by: redis.clients.jedis.exceptions.JedisConnectionException: Could not get a resource from the pool
	at org.springframework.data.redis.core.DefaultValueOperationsTests.tearDown(DefaultValueOperationsTests.java:93)
Caused by: redis.clients.jedis.exceptions.JedisConnectionException: java.net.ConnectException: Connection refused (Connection refused)
	at org.springframework.data.redis.core.DefaultValueOperationsTests.tearDown(DefaultValueOperationsTests.java:93)
Caused by: java.net.ConnectException: Connection refused (Connection refused)
	at org.springframework.data.redis.core.DefaultValueOperationsTests.tearDown(DefaultValueOperationsTests.java:93)
</error>
  </testcase>
  <testcase name="testSetIfAbsent[8]" classname="org.springframework.data.redis.core.DefaultValueOperationsTests" time="0.001">
    <error message="Cannot get Jedis connection; nested exception is redis.clients.jedis.exceptions.JedisConnectionException: Could not get a resource from the pool" type="org.springframework.data.redis.RedisConnectionFailureException">org.springframework.data.redis.RedisConnectionFailureException: Cannot get Jedis connection; nested exception is redis.clients.jedis.exceptions.JedisConnectionException: Could not get a resource from the pool
	at org.springframework.data.redis.core.DefaultValueOperationsTests.testSetIfAbsent(DefaultValueOperationsTests.java:357)
Caused by: redis.clients.jedis.exceptions.JedisConnectionException: Could not get a resource from the pool
	at org.springframework.data.redis.core.DefaultValueOperationsTests.testSetIfAbsent(DefaultValueOperationsTests.java:357)
Caused by: redis.clients.jedis.exceptions.JedisConnectionException: java.net.ConnectException: Connection refused (Connection refused)
	at org.springframework.data.redis.core.DefaultValueOperationsTests.testSetIfAbsent(DefaultValueOperationsTests.java:357)
Caused by: java.net.ConnectException: Connection refused (Connection refused)
	at org.springframework.data.redis.core.DefaultValueOperationsTests.testSetIfAbsent(DefaultValueOperationsTests.java:357)
</error>
  </testcase>
  <testcase name="testSetIfAbsent[8]" classname="org.springframework.data.redis.core.DefaultValueOperationsTests" time="0.002">
    <error message="Cannot get Jedis connection; nested exception is redis.clients.jedis.exceptions.JedisConnectionException: Could not get a resource from the pool" type="org.springframework.data.redis.RedisConnectionFailureException">org.springframework.data.redis.RedisConnectionFailureException: Cannot get Jedis connection; nested exception is redis.clients.jedis.exceptions.JedisConnectionException: Could not get a resource from the pool
	at org.springframework.data.redis.core.DefaultValueOperationsTests.tearDown(DefaultValueOperationsTests.java:93)
Caused by: redis.clients.jedis.exceptions.JedisConnectionException: Could not get a resource from the pool
	at org.springframework.data.redis.core.DefaultValueOperationsTests.tearDown(DefaultValueOperationsTests.java:93)
Caused by: redis.clients.jedis.exceptions.JedisConnectionException: java.net.ConnectException: Connection refused (Connection refused)
	at org.springframework.data.redis.core.DefaultValueOperationsTests.tearDown(DefaultValueOperationsTests.java:93)
Caused by: java.net.ConnectException: Connection refused (Connection refused)
	at org.springframework.data.redis.core.DefaultValueOperationsTests.tearDown(DefaultValueOperationsTests.java:93)
</error>
  </testcase>
  <testcase name="testRawKeysCollection[8]" classname="org.springframework.data.redis.core.DefaultValueOperationsTests" time="0.001">
    <error message="Cannot get Jedis connection; nested exception is redis.clients.jedis.exceptions.JedisConnectionException: Could not get a resource from the pool" type="org.springframework.data.redis.RedisConnectionFailureException">org.springframework.data.redis.RedisConnectionFailureException: Cannot get Jedis connection; nested exception is redis.clients.jedis.exceptions.JedisConnectionException: Could not get a resource from the pool
	at org.springframework.data.redis.core.DefaultValueOperationsTests.tearDown(DefaultValueOperationsTests.java:93)
Caused by: redis.clients.jedis.exceptions.JedisConnectionException: Could not get a resource from the pool
	at org.springframework.data.redis.core.DefaultValueOperationsTests.tearDown(DefaultValueOperationsTests.java:93)
Caused by: redis.clients.jedis.exceptions.JedisConnectionException: java.net.ConnectException: Connection refused (Connection refused)
	at org.springframework.data.redis.core.DefaultValueOperationsTests.tearDown(DefaultValueOperationsTests.java:93)
Caused by: java.net.ConnectException: Connection refused (Connection refused)
	at org.springframework.data.redis.core.DefaultValueOperationsTests.tearDown(DefaultValueOperationsTests.java:93)
</error>
  </testcase>
  <testcase name="testSetRange[8]" classname="org.springframework.data.redis.core.DefaultValueOperationsTests" time="0">
    <error message="got: &lt;false&gt;, expected: is &lt;true&gt;" type="org.junit.AssumptionViolatedException"><![CDATA[org.junit.AssumptionViolatedException: got: <false>, expected: is <true>
	at org.springframework.data.redis.core.DefaultValueOperationsTests.testSetRange(DefaultValueOperationsTests.java:342)
]]></error>
  </testcase>
  <testcase name="testSetRange[8]" classname="org.springframework.data.redis.core.DefaultValueOperationsTests" time="0">
    <error message="Cannot get Jedis connection; nested exception is redis.clients.jedis.exceptions.JedisConnectionException: Could not get a resource from the pool" type="org.springframework.data.redis.RedisConnectionFailureException">org.springframework.data.redis.RedisConnectionFailureException: Cannot get Jedis connection; nested exception is redis.clients.jedis.exceptions.JedisConnectionException: Could not get a resource from the pool
	at org.springframework.data.redis.core.DefaultValueOperationsTests.tearDown(DefaultValueOperationsTests.java:93)
Caused by: redis.clients.jedis.exceptions.JedisConnectionException: Could not get a resource from the pool
	at org.springframework.data.redis.core.DefaultValueOperationsTests.tearDown(DefaultValueOperationsTests.java:93)
Caused by: redis.clients.jedis.exceptions.JedisConnectionException: java.net.ConnectException: Connection refused (Connection refused)
	at org.springframework.data.redis.core.DefaultValueOperationsTests.tearDown(DefaultValueOperationsTests.java:93)
Caused by: java.net.ConnectException: Connection refused (Connection refused)
	at org.springframework.data.redis.core.DefaultValueOperationsTests.tearDown(DefaultValueOperationsTests.java:93)
</error>
  </testcase>
</testsuite>